<?xml version="1.0" encoding="UTF-8"?>
<testsuites name="MOH REQUEST AND GRN" time="2553" tests="12" failures="0" errors="0">
   <testsuite name="MOH REQUEST AND GRN" tests="12" failures="0" errors="0" time="2553" timestamp="2018-06-10 21:32:00" hostname="Quality Analyst - DESKTOP-BLFTK83" id="Test Suites/MOH REQUEST AND GRN">
      <properties>
         <property name="deviceName" value=""/>
         <property name="devicePlatform" value=""/>
         <property name="logFolder" value="C:\\Users\\Quality Analyst\\Katalon Studio\\ds\\Reports\\MOH REQUEST AND GRN\\20180610_144744"/>
         <property name="logFiles" value="C:\\Users\\Quality Analyst\\Katalon Studio\\ds\\Reports\\MOH REQUEST AND GRN\\20180610_144744\\execution0.log, C:\\Users\\Quality Analyst\\Katalon Studio\\ds\\Reports\\MOH REQUEST AND GRN\\20180610_144744\\execution1.log, C:\\Users\\Quality Analyst\\Katalon Studio\\ds\\Reports\\MOH REQUEST AND GRN\\20180610_144744\\execution2.log, C:\\Users\\Quality Analyst\\Katalon Studio\\ds\\Reports\\MOH REQUEST AND GRN\\20180610_144744\\execution3.log"/>
         <property name="attachments" value=""/>
         <property name="hostName" value="Quality Analyst - DESKTOP-BLFTK83"/>
         <property name="os" value="Windows 10 64bit"/>
         <property name="katalonVersion" value="5.4.2.1"/>
         <property name="browser" value="Chrome 66.0.3359.181"/>
         <property name="hostAddress" value="169.254.189.85"/>
         <property name="sessionId" value="123cd3228023a24e3246c38870fdf615"/>
         <property name="seleniumVersion" value="3.7.1"/>
         <property name="proxyInformation" value="ProxyInformation{proxyOption=NO_PROXY, proxyServerType=HTTP, password=, proxyServerAddress=, proxyServerPort=0}"/>
         <property name="platform" value="Windows 10"/>
      </properties>
      <testcase name="Test Cases/TEST/MOH REQUEST AND GRN/Moh Request GRN Schedule 1" classname="Test Cases/TEST/MOH REQUEST AND GRN/Moh Request GRN Schedule 1" status="PASSED">
         <system-out><![CDATA[2018-06-10 21:32:00 - [TEST_CASE][PASSED] - Test Cases/TEST/MOH REQUEST AND GRN/Moh Request GRN Schedule 1: Test Cases/TEST/MOH REQUEST AND GRN/Moh Request GRN Schedule 1

2018-06-10 21:32:01 - [TEST_STEP][PASSED] - openBrowser: Browser is opened with url: ''

2018-06-10 21:32:04 - [MESSAGE][PASSED] - Browser is opened with url: ''

2018-06-10 21:32:04 - [TEST_STEP][PASSED] - navigateToUrl: Navigate to 'http://192.168.137.1/multihospital_new/' successfully

2018-06-10 21:32:06 - [MESSAGE][PASSED] - Navigate to 'http://192.168.137.1/multihospital_new/' successfully

2018-06-10 21:32:06 - [TEST_STEP][PASSED] - maximizeWindow: Current window maximized

2018-06-10 21:32:07 - [MESSAGE][PASSED] - Current window maximized

2018-06-10 21:32:07 - [TEST_STEP][PASSED] - click: Object: 'Object Repository/MOH AND GRN/Page_KDMC/a_CMS' is clicked on

2018-06-10 21:32:08 - [MESSAGE][PASSED] - Object: 'Object Repository/MOH AND GRN/Page_KDMC/a_CMS' is clicked on

2018-06-10 21:32:08 - [TEST_STEP][PASSED] - setText: Text 'bala' is set on object 'Object Repository/MOH AND GRN/Page_CMS login/input_txtusername'

2018-06-10 21:32:08 - [MESSAGE][PASSED] - Text 'bala' is set on object 'Object Repository/MOH AND GRN/Page_CMS login/input_txtusername'

2018-06-10 21:32:08 - [TEST_STEP][PASSED] - setText: Text '123' is set on object 'Object Repository/MOH AND GRN/Page_CMS login/input_txtpassword'

2018-06-10 21:32:08 - [MESSAGE][PASSED] - Text '123' is set on object 'Object Repository/MOH AND GRN/Page_CMS login/input_txtpassword'

2018-06-10 21:32:08 - [TEST_STEP][PASSED] - delay: Delayed 3 second(s)

2018-06-10 21:32:11 - [MESSAGE][PASSED] - Delayed 3 second(s)

2018-06-10 21:32:11 - [TEST_STEP][PASSED] - click: Object: 'Object Repository/MOH AND GRN/Page_CMS login/button_Sign in' is clicked on

2018-06-10 21:32:12 - [MESSAGE][PASSED] - Object: 'Object Repository/MOH AND GRN/Page_CMS login/button_Sign in' is clicked on

2018-06-10 21:32:12 - [TEST_STEP][PASSED] - click: Object: 'Object Repository/MOH AND GRN/Page_KDMC - CMS/a_Request to MOH' is clicked on

2018-06-10 21:32:13 - [MESSAGE][PASSED] - Object: 'Object Repository/MOH AND GRN/Page_KDMC - CMS/a_Request to MOH' is clicked on

2018-06-10 21:32:13 - [TEST_STEP][PASSED] - selectOptionByIndex: All options with index in [2] are selected on object 'Object Repository/MOH AND GRN/Page_KDMC - CMS/select_--Select--'

2018-06-10 21:32:13 - [MESSAGE][PASSED] - All options with index in [2] are selected on object 'Object Repository/MOH AND GRN/Page_KDMC - CMS/select_--Select--'

2018-06-10 21:32:13 - [TEST_STEP][PASSED] - selectOptionByIndex: All options with index in [1] are selected on object 'Object Repository/MOH AND GRN/Page_KDMC - CMS/select_--Select--Schedule 1Inj'

2018-06-10 21:32:14 - [MESSAGE][PASSED] - All options with index in [1] are selected on object 'Object Repository/MOH AND GRN/Page_KDMC - CMS/select_--Select--Schedule 1Inj'

2018-06-10 21:32:14 - [TEST_STEP][PASSED] - Statement - selectedoptions = com.kms.katalon.core.webui.keyword.WebUiBuiltInKeywords.getNumberOfTotalOption(com.kms.katalon.core.testobject.ObjectRepository.findTestObject(MOH AND GRN/Page_KDMC - CMS/select_--Select--Adernaline 0.)): 63 options of object 'Object Repository/MOH AND GRN/Page_KDMC - CMS/select_--Select--Adernaline 0.' counted

2018-06-10 21:32:14 - [MESSAGE][PASSED] - 63 options of object 'Object Repository/MOH AND GRN/Page_KDMC - CMS/select_--Select--Adernaline 0.' counted

2018-06-10 21:32:14 - [TEST_STEP][PASSED] - Statement - For ([j = 1, j <= selectedoptions - 1, (j++)]): Object: 'Object Repository/MOH AND GRN/Page_KDMC - CMS/button_Add' is clicked on

2018-06-10 21:32:14 - [TEST_STEP][PASSED] - selectOptionByIndex: All options with index in [1] are selected on object 'Object Repository/MOH AND GRN/Page_KDMC - CMS/select_--Select--Schedule 1Inj'

2018-06-10 21:32:14 - [MESSAGE][PASSED] - All options with index in [1] are selected on object 'Object Repository/MOH AND GRN/Page_KDMC - CMS/select_--Select--Schedule 1Inj'

2018-06-10 21:32:14 - [TEST_STEP][PASSED] - selectOptionByIndex: All options with index in [1] are selected on object 'Object Repository/MOH AND GRN/Page_KDMC - CMS/select_--Select--Adernaline 0.'

2018-06-10 21:32:14 - [MESSAGE][PASSED] - All options with index in [1] are selected on object 'Object Repository/MOH AND GRN/Page_KDMC - CMS/select_--Select--Adernaline 0.'

2018-06-10 21:32:14 - [TEST_STEP][PASSED] - setText: Text '5000' is set on object 'Object Repository/MOH AND GRN/Page_KDMC - CMS/input_txttreat'

2018-06-10 21:32:14 - [MESSAGE][PASSED] - Text '5000' is set on object 'Object Repository/MOH AND GRN/Page_KDMC - CMS/input_txttreat'

2018-06-10 21:32:14 - [TEST_STEP][PASSED] - click: Object: 'Object Repository/MOH AND GRN/Page_KDMC - CMS/button_Add' is clicked on

2018-06-10 21:32:14 - [MESSAGE][PASSED] - Object: 'Object Repository/MOH AND GRN/Page_KDMC - CMS/button_Add' is clicked on

2018-06-10 21:32:14 - [TEST_STEP][PASSED] - selectOptionByIndex: All options with index in [1] are selected on object 'Object Repository/MOH AND GRN/Page_KDMC - CMS/select_--Select--Schedule 1Inj'

2018-06-10 21:32:14 - [MESSAGE][PASSED] - All options with index in [1] are selected on object 'Object Repository/MOH AND GRN/Page_KDMC - CMS/select_--Select--Schedule 1Inj'

2018-06-10 21:32:14 - [TEST_STEP][PASSED] - selectOptionByIndex: All options with index in [2] are selected on object 'Object Repository/MOH AND GRN/Page_KDMC - CMS/select_--Select--Adernaline 0.'

2018-06-10 21:32:15 - [MESSAGE][PASSED] - All options with index in [2] are selected on object 'Object Repository/MOH AND GRN/Page_KDMC - CMS/select_--Select--Adernaline 0.'

2018-06-10 21:32:15 - [TEST_STEP][PASSED] - setText: Text '5000' is set on object 'Object Repository/MOH AND GRN/Page_KDMC - CMS/input_txttreat'

2018-06-10 21:32:15 - [MESSAGE][PASSED] - Text '5000' is set on object 'Object Repository/MOH AND GRN/Page_KDMC - CMS/input_txttreat'

2018-06-10 21:32:15 - [TEST_STEP][PASSED] - click: Object: 'Object Repository/MOH AND GRN/Page_KDMC - CMS/button_Add' is clicked on

2018-06-10 21:32:15 - [MESSAGE][PASSED] - Object: 'Object Repository/MOH AND GRN/Page_KDMC - CMS/button_Add' is clicked on

2018-06-10 21:32:15 - [TEST_STEP][PASSED] - selectOptionByIndex: All options with index in [1] are selected on object 'Object Repository/MOH AND GRN/Page_KDMC - CMS/select_--Select--Schedule 1Inj'

2018-06-10 21:32:15 - [MESSAGE][PASSED] - All options with index in [1] are selected on object 'Object Repository/MOH AND GRN/Page_KDMC - CMS/select_--Select--Schedule 1Inj'

2018-06-10 21:32:15 - [TEST_STEP][PASSED] - selectOptionByIndex: All options with index in [3] are selected on object 'Object Repository/MOH AND GRN/Page_KDMC - CMS/select_--Select--Adernaline 0.'

2018-06-10 21:32:15 - [MESSAGE][PASSED] - All options with index in [3] are selected on object 'Object Repository/MOH AND GRN/Page_KDMC - CMS/select_--Select--Adernaline 0.'

2018-06-10 21:32:15 - [TEST_STEP][PASSED] - setText: Text '5000' is set on object 'Object Repository/MOH AND GRN/Page_KDMC - CMS/input_txttreat'

2018-06-10 21:32:15 - [MESSAGE][PASSED] - Text '5000' is set on object 'Object Repository/MOH AND GRN/Page_KDMC - CMS/input_txttreat'

2018-06-10 21:32:15 - [TEST_STEP][PASSED] - click: Object: 'Object Repository/MOH AND GRN/Page_KDMC - CMS/button_Add' is clicked on

2018-06-10 21:32:15 - [MESSAGE][PASSED] - Object: 'Object Repository/MOH AND GRN/Page_KDMC - CMS/button_Add' is clicked on

2018-06-10 21:32:15 - [TEST_STEP][PASSED] - selectOptionByIndex: All options with index in [1] are selected on object 'Object Repository/MOH AND GRN/Page_KDMC - CMS/select_--Select--Schedule 1Inj'

2018-06-10 21:32:15 - [MESSAGE][PASSED] - All options with index in [1] are selected on object 'Object Repository/MOH AND GRN/Page_KDMC - CMS/select_--Select--Schedule 1Inj'

2018-06-10 21:32:15 - [TEST_STEP][PASSED] - selectOptionByIndex: All options with index in [4] are selected on object 'Object Repository/MOH AND GRN/Page_KDMC - CMS/select_--Select--Adernaline 0.'

2018-06-10 21:32:16 - [MESSAGE][PASSED] - All options with index in [4] are selected on object 'Object Repository/MOH AND GRN/Page_KDMC - CMS/select_--Select--Adernaline 0.'

2018-06-10 21:32:16 - [TEST_STEP][PASSED] - setText: Text '5000' is set on object 'Object Repository/MOH AND GRN/Page_KDMC - CMS/input_txttreat'

2018-06-10 21:32:16 - [MESSAGE][PASSED] - Text '5000' is set on object 'Object Repository/MOH AND GRN/Page_KDMC - CMS/input_txttreat'

2018-06-10 21:32:16 - [TEST_STEP][PASSED] - click: Object: 'Object Repository/MOH AND GRN/Page_KDMC - CMS/button_Add' is clicked on

2018-06-10 21:32:16 - [MESSAGE][PASSED] - Object: 'Object Repository/MOH AND GRN/Page_KDMC - CMS/button_Add' is clicked on

2018-06-10 21:32:16 - [TEST_STEP][PASSED] - selectOptionByIndex: All options with index in [1] are selected on object 'Object Repository/MOH AND GRN/Page_KDMC - CMS/select_--Select--Schedule 1Inj'

2018-06-10 21:32:16 - [MESSAGE][PASSED] - All options with index in [1] are selected on object 'Object Repository/MOH AND GRN/Page_KDMC - CMS/select_--Select--Schedule 1Inj'

2018-06-10 21:32:16 - [TEST_STEP][PASSED] - selectOptionByIndex: All options with index in [5] are selected on object 'Object Repository/MOH AND GRN/Page_KDMC - CMS/select_--Select--Adernaline 0.'

2018-06-10 21:32:16 - [MESSAGE][PASSED] - All options with index in [5] are selected on object 'Object Repository/MOH AND GRN/Page_KDMC - CMS/select_--Select--Adernaline 0.'

2018-06-10 21:32:16 - [TEST_STEP][PASSED] - setText: Text '5000' is set on object 'Object Repository/MOH AND GRN/Page_KDMC - CMS/input_txttreat'

2018-06-10 21:32:16 - [MESSAGE][PASSED] - Text '5000' is set on object 'Object Repository/MOH AND GRN/Page_KDMC - CMS/input_txttreat'

2018-06-10 21:32:16 - [TEST_STEP][PASSED] - click: Object: 'Object Repository/MOH AND GRN/Page_KDMC - CMS/button_Add' is clicked on

2018-06-10 21:32:16 - [MESSAGE][PASSED] - Object: 'Object Repository/MOH AND GRN/Page_KDMC - CMS/button_Add' is clicked on

2018-06-10 21:32:16 - [TEST_STEP][PASSED] - selectOptionByIndex: All options with index in [1] are selected on object 'Object Repository/MOH AND GRN/Page_KDMC - CMS/select_--Select--Schedule 1Inj'

2018-06-10 21:32:16 - [MESSAGE][PASSED] - All options with index in [1] are selected on object 'Object Repository/MOH AND GRN/Page_KDMC - CMS/select_--Select--Schedule 1Inj'

2018-06-10 21:32:16 - [TEST_STEP][PASSED] - selectOptionByIndex: All options with index in [6] are selected on object 'Object Repository/MOH AND GRN/Page_KDMC - CMS/select_--Select--Adernaline 0.'

2018-06-10 21:32:17 - [MESSAGE][PASSED] - All options with index in [6] are selected on object 'Object Repository/MOH AND GRN/Page_KDMC - CMS/select_--Select--Adernaline 0.'

2018-06-10 21:32:17 - [TEST_STEP][PASSED] - setText: Text '5000' is set on object 'Object Repository/MOH AND GRN/Page_KDMC - CMS/input_txttreat'

2018-06-10 21:32:17 - [MESSAGE][PASSED] - Text '5000' is set on object 'Object Repository/MOH AND GRN/Page_KDMC - CMS/input_txttreat'

2018-06-10 21:32:17 - [TEST_STEP][PASSED] - click: Object: 'Object Repository/MOH AND GRN/Page_KDMC - CMS/button_Add' is clicked on

2018-06-10 21:32:17 - [MESSAGE][PASSED] - Object: 'Object Repository/MOH AND GRN/Page_KDMC - CMS/button_Add' is clicked on

2018-06-10 21:32:17 - [TEST_STEP][PASSED] - selectOptionByIndex: All options with index in [1] are selected on object 'Object Repository/MOH AND GRN/Page_KDMC - CMS/select_--Select--Schedule 1Inj'

2018-06-10 21:32:17 - [MESSAGE][PASSED] - All options with index in [1] are selected on object 'Object Repository/MOH AND GRN/Page_KDMC - CMS/select_--Select--Schedule 1Inj'

2018-06-10 21:32:17 - [TEST_STEP][PASSED] - selectOptionByIndex: All options with index in [7] are selected on object 'Object Repository/MOH AND GRN/Page_KDMC - CMS/select_--Select--Adernaline 0.'

2018-06-10 21:32:17 - [MESSAGE][PASSED] - All options with index in [7] are selected on object 'Object Repository/MOH AND GRN/Page_KDMC - CMS/select_--Select--Adernaline 0.'

2018-06-10 21:32:17 - [TEST_STEP][PASSED] - setText: Text '5000' is set on object 'Object Repository/MOH AND GRN/Page_KDMC - CMS/input_txttreat'

2018-06-10 21:32:17 - [MESSAGE][PASSED] - Text '5000' is set on object 'Object Repository/MOH AND GRN/Page_KDMC - CMS/input_txttreat'

2018-06-10 21:32:17 - [TEST_STEP][PASSED] - click: Object: 'Object Repository/MOH AND GRN/Page_KDMC - CMS/button_Add' is clicked on

2018-06-10 21:32:17 - [MESSAGE][PASSED] - Object: 'Object Repository/MOH AND GRN/Page_KDMC - CMS/button_Add' is clicked on

2018-06-10 21:32:17 - [TEST_STEP][PASSED] - selectOptionByIndex: All options with index in [1] are selected on object 'Object Repository/MOH AND GRN/Page_KDMC - CMS/select_--Select--Schedule 1Inj'

2018-06-10 21:32:17 - [MESSAGE][PASSED] - All options with index in [1] are selected on object 'Object Repository/MOH AND GRN/Page_KDMC - CMS/select_--Select--Schedule 1Inj'

2018-06-10 21:32:17 - [TEST_STEP][PASSED] - selectOptionByIndex: All options with index in [8] are selected on object 'Object Repository/MOH AND GRN/Page_KDMC - CMS/select_--Select--Adernaline 0.'

2018-06-10 21:32:18 - [MESSAGE][PASSED] - All options with index in [8] are selected on object 'Object Repository/MOH AND GRN/Page_KDMC - CMS/select_--Select--Adernaline 0.'

2018-06-10 21:32:18 - [TEST_STEP][PASSED] - setText: Text '5000' is set on object 'Object Repository/MOH AND GRN/Page_KDMC - CMS/input_txttreat'

2018-06-10 21:32:18 - [MESSAGE][PASSED] - Text '5000' is set on object 'Object Repository/MOH AND GRN/Page_KDMC - CMS/input_txttreat'

2018-06-10 21:32:18 - [TEST_STEP][PASSED] - click: Object: 'Object Repository/MOH AND GRN/Page_KDMC - CMS/button_Add' is clicked on

2018-06-10 21:32:18 - [MESSAGE][PASSED] - Object: 'Object Repository/MOH AND GRN/Page_KDMC - CMS/button_Add' is clicked on

2018-06-10 21:32:18 - [TEST_STEP][PASSED] - selectOptionByIndex: All options with index in [1] are selected on object 'Object Repository/MOH AND GRN/Page_KDMC - CMS/select_--Select--Schedule 1Inj'

2018-06-10 21:32:18 - [MESSAGE][PASSED] - All options with index in [1] are selected on object 'Object Repository/MOH AND GRN/Page_KDMC - CMS/select_--Select--Schedule 1Inj'

2018-06-10 21:32:18 - [TEST_STEP][PASSED] - selectOptionByIndex: All options with index in [9] are selected on object 'Object Repository/MOH AND GRN/Page_KDMC - CMS/select_--Select--Adernaline 0.'

2018-06-10 21:32:18 - [MESSAGE][PASSED] - All options with index in [9] are selected on object 'Object Repository/MOH AND GRN/Page_KDMC - CMS/select_--Select--Adernaline 0.'

2018-06-10 21:32:18 - [TEST_STEP][PASSED] - setText: Text '5000' is set on object 'Object Repository/MOH AND GRN/Page_KDMC - CMS/input_txttreat'

2018-06-10 21:32:18 - [MESSAGE][PASSED] - Text '5000' is set on object 'Object Repository/MOH AND GRN/Page_KDMC - CMS/input_txttreat'

2018-06-10 21:32:18 - [TEST_STEP][PASSED] - click: Object: 'Object Repository/MOH AND GRN/Page_KDMC - CMS/button_Add' is clicked on

2018-06-10 21:32:18 - [MESSAGE][PASSED] - Object: 'Object Repository/MOH AND GRN/Page_KDMC - CMS/button_Add' is clicked on

2018-06-10 21:32:18 - [TEST_STEP][PASSED] - selectOptionByIndex: All options with index in [1] are selected on object 'Object Repository/MOH AND GRN/Page_KDMC - CMS/select_--Select--Schedule 1Inj'

2018-06-10 21:32:18 - [MESSAGE][PASSED] - All options with index in [1] are selected on object 'Object Repository/MOH AND GRN/Page_KDMC - CMS/select_--Select--Schedule 1Inj'

2018-06-10 21:32:18 - [TEST_STEP][PASSED] - selectOptionByIndex: All options with index in [10] are selected on object 'Object Repository/MOH AND GRN/Page_KDMC - CMS/select_--Select--Adernaline 0.'

2018-06-10 21:32:19 - [MESSAGE][PASSED] - All options with index in [10] are selected on object 'Object Repository/MOH AND GRN/Page_KDMC - CMS/select_--Select--Adernaline 0.'

2018-06-10 21:32:19 - [TEST_STEP][PASSED] - setText: Text '5000' is set on object 'Object Repository/MOH AND GRN/Page_KDMC - CMS/input_txttreat'

2018-06-10 21:32:19 - [MESSAGE][PASSED] - Text '5000' is set on object 'Object Repository/MOH AND GRN/Page_KDMC - CMS/input_txttreat'

2018-06-10 21:32:19 - [TEST_STEP][PASSED] - click: Object: 'Object Repository/MOH AND GRN/Page_KDMC - CMS/button_Add' is clicked on

2018-06-10 21:32:19 - [MESSAGE][PASSED] - Object: 'Object Repository/MOH AND GRN/Page_KDMC - CMS/button_Add' is clicked on

2018-06-10 21:32:19 - [TEST_STEP][PASSED] - selectOptionByIndex: All options with index in [1] are selected on object 'Object Repository/MOH AND GRN/Page_KDMC - CMS/select_--Select--Schedule 1Inj'

2018-06-10 21:32:19 - [MESSAGE][PASSED] - All options with index in [1] are selected on object 'Object Repository/MOH AND GRN/Page_KDMC - CMS/select_--Select--Schedule 1Inj'

2018-06-10 21:32:19 - [TEST_STEP][PASSED] - selectOptionByIndex: All options with index in [11] are selected on object 'Object Repository/MOH AND GRN/Page_KDMC - CMS/select_--Select--Adernaline 0.'

2018-06-10 21:32:19 - [MESSAGE][PASSED] - All options with index in [11] are selected on object 'Object Repository/MOH AND GRN/Page_KDMC - CMS/select_--Select--Adernaline 0.'

2018-06-10 21:32:19 - [TEST_STEP][PASSED] - setText: Text '5000' is set on object 'Object Repository/MOH AND GRN/Page_KDMC - CMS/input_txttreat'

2018-06-10 21:32:19 - [MESSAGE][PASSED] - Text '5000' is set on object 'Object Repository/MOH AND GRN/Page_KDMC - CMS/input_txttreat'

2018-06-10 21:32:19 - [TEST_STEP][PASSED] - click: Object: 'Object Repository/MOH AND GRN/Page_KDMC - CMS/button_Add' is clicked on

2018-06-10 21:32:19 - [MESSAGE][PASSED] - Object: 'Object Repository/MOH AND GRN/Page_KDMC - CMS/button_Add' is clicked on

2018-06-10 21:32:19 - [TEST_STEP][PASSED] - selectOptionByIndex: All options with index in [1] are selected on object 'Object Repository/MOH AND GRN/Page_KDMC - CMS/select_--Select--Schedule 1Inj'

2018-06-10 21:32:20 - [MESSAGE][PASSED] - All options with index in [1] are selected on object 'Object Repository/MOH AND GRN/Page_KDMC - CMS/select_--Select--Schedule 1Inj'

2018-06-10 21:32:20 - [TEST_STEP][PASSED] - selectOptionByIndex: All options with index in [12] are selected on object 'Object Repository/MOH AND GRN/Page_KDMC - CMS/select_--Select--Adernaline 0.'

2018-06-10 21:32:20 - [MESSAGE][PASSED] - All options with index in [12] are selected on object 'Object Repository/MOH AND GRN/Page_KDMC - CMS/select_--Select--Adernaline 0.'

2018-06-10 21:32:20 - [TEST_STEP][PASSED] - setText: Text '5000' is set on object 'Object Repository/MOH AND GRN/Page_KDMC - CMS/input_txttreat'

2018-06-10 21:32:20 - [MESSAGE][PASSED] - Text '5000' is set on object 'Object Repository/MOH AND GRN/Page_KDMC - CMS/input_txttreat'

2018-06-10 21:32:20 - [TEST_STEP][PASSED] - click: Object: 'Object Repository/MOH AND GRN/Page_KDMC - CMS/button_Add' is clicked on

2018-06-10 21:32:20 - [MESSAGE][PASSED] - Object: 'Object Repository/MOH AND GRN/Page_KDMC - CMS/button_Add' is clicked on

2018-06-10 21:32:20 - [TEST_STEP][PASSED] - selectOptionByIndex: All options with index in [1] are selected on object 'Object Repository/MOH AND GRN/Page_KDMC - CMS/select_--Select--Schedule 1Inj'

2018-06-10 21:32:20 - [MESSAGE][PASSED] - All options with index in [1] are selected on object 'Object Repository/MOH AND GRN/Page_KDMC - CMS/select_--Select--Schedule 1Inj'

2018-06-10 21:32:20 - [TEST_STEP][PASSED] - selectOptionByIndex: All options with index in [13] are selected on object 'Object Repository/MOH AND GRN/Page_KDMC - CMS/select_--Select--Adernaline 0.'

2018-06-10 21:32:20 - [MESSAGE][PASSED] - All options with index in [13] are selected on object 'Object Repository/MOH AND GRN/Page_KDMC - CMS/select_--Select--Adernaline 0.'

2018-06-10 21:32:20 - [TEST_STEP][PASSED] - setText: Text '5000' is set on object 'Object Repository/MOH AND GRN/Page_KDMC - CMS/input_txttreat'

2018-06-10 21:32:20 - [MESSAGE][PASSED] - Text '5000' is set on object 'Object Repository/MOH AND GRN/Page_KDMC - CMS/input_txttreat'

2018-06-10 21:32:20 - [TEST_STEP][PASSED] - click: Object: 'Object Repository/MOH AND GRN/Page_KDMC - CMS/button_Add' is clicked on

2018-06-10 21:32:21 - [MESSAGE][PASSED] - Object: 'Object Repository/MOH AND GRN/Page_KDMC - CMS/button_Add' is clicked on

2018-06-10 21:32:21 - [TEST_STEP][PASSED] - selectOptionByIndex: All options with index in [1] are selected on object 'Object Repository/MOH AND GRN/Page_KDMC - CMS/select_--Select--Schedule 1Inj'

2018-06-10 21:32:21 - [MESSAGE][PASSED] - All options with index in [1] are selected on object 'Object Repository/MOH AND GRN/Page_KDMC - CMS/select_--Select--Schedule 1Inj'

2018-06-10 21:32:21 - [TEST_STEP][PASSED] - selectOptionByIndex: All options with index in [14] are selected on object 'Object Repository/MOH AND GRN/Page_KDMC - CMS/select_--Select--Adernaline 0.'

2018-06-10 21:32:21 - [MESSAGE][PASSED] - All options with index in [14] are selected on object 'Object Repository/MOH AND GRN/Page_KDMC - CMS/select_--Select--Adernaline 0.'

2018-06-10 21:32:21 - [TEST_STEP][PASSED] - setText: Text '5000' is set on object 'Object Repository/MOH AND GRN/Page_KDMC - CMS/input_txttreat'

2018-06-10 21:32:21 - [MESSAGE][PASSED] - Text '5000' is set on object 'Object Repository/MOH AND GRN/Page_KDMC - CMS/input_txttreat'

2018-06-10 21:32:21 - [TEST_STEP][PASSED] - click: Object: 'Object Repository/MOH AND GRN/Page_KDMC - CMS/button_Add' is clicked on

2018-06-10 21:32:21 - [MESSAGE][PASSED] - Object: 'Object Repository/MOH AND GRN/Page_KDMC - CMS/button_Add' is clicked on

2018-06-10 21:32:21 - [TEST_STEP][PASSED] - selectOptionByIndex: All options with index in [1] are selected on object 'Object Repository/MOH AND GRN/Page_KDMC - CMS/select_--Select--Schedule 1Inj'

2018-06-10 21:32:21 - [MESSAGE][PASSED] - All options with index in [1] are selected on object 'Object Repository/MOH AND GRN/Page_KDMC - CMS/select_--Select--Schedule 1Inj'

2018-06-10 21:32:21 - [TEST_STEP][PASSED] - selectOptionByIndex: All options with index in [15] are selected on object 'Object Repository/MOH AND GRN/Page_KDMC - CMS/select_--Select--Adernaline 0.'

2018-06-10 21:32:22 - [MESSAGE][PASSED] - All options with index in [15] are selected on object 'Object Repository/MOH AND GRN/Page_KDMC - CMS/select_--Select--Adernaline 0.'

2018-06-10 21:32:22 - [TEST_STEP][PASSED] - setText: Text '5000' is set on object 'Object Repository/MOH AND GRN/Page_KDMC - CMS/input_txttreat'

2018-06-10 21:32:22 - [MESSAGE][PASSED] - Text '5000' is set on object 'Object Repository/MOH AND GRN/Page_KDMC - CMS/input_txttreat'

2018-06-10 21:32:22 - [TEST_STEP][PASSED] - click: Object: 'Object Repository/MOH AND GRN/Page_KDMC - CMS/button_Add' is clicked on

2018-06-10 21:32:22 - [MESSAGE][PASSED] - Object: 'Object Repository/MOH AND GRN/Page_KDMC - CMS/button_Add' is clicked on

2018-06-10 21:32:22 - [TEST_STEP][PASSED] - selectOptionByIndex: All options with index in [1] are selected on object 'Object Repository/MOH AND GRN/Page_KDMC - CMS/select_--Select--Schedule 1Inj'

2018-06-10 21:32:22 - [MESSAGE][PASSED] - All options with index in [1] are selected on object 'Object Repository/MOH AND GRN/Page_KDMC - CMS/select_--Select--Schedule 1Inj'

2018-06-10 21:32:22 - [TEST_STEP][PASSED] - selectOptionByIndex: All options with index in [16] are selected on object 'Object Repository/MOH AND GRN/Page_KDMC - CMS/select_--Select--Adernaline 0.'

2018-06-10 21:32:22 - [MESSAGE][PASSED] - All options with index in [16] are selected on object 'Object Repository/MOH AND GRN/Page_KDMC - CMS/select_--Select--Adernaline 0.'

2018-06-10 21:32:22 - [TEST_STEP][PASSED] - setText: Text '5000' is set on object 'Object Repository/MOH AND GRN/Page_KDMC - CMS/input_txttreat'

2018-06-10 21:32:22 - [MESSAGE][PASSED] - Text '5000' is set on object 'Object Repository/MOH AND GRN/Page_KDMC - CMS/input_txttreat'

2018-06-10 21:32:22 - [TEST_STEP][PASSED] - click: Object: 'Object Repository/MOH AND GRN/Page_KDMC - CMS/button_Add' is clicked on

2018-06-10 21:32:22 - [MESSAGE][PASSED] - Object: 'Object Repository/MOH AND GRN/Page_KDMC - CMS/button_Add' is clicked on

2018-06-10 21:32:22 - [TEST_STEP][PASSED] - selectOptionByIndex: All options with index in [1] are selected on object 'Object Repository/MOH AND GRN/Page_KDMC - CMS/select_--Select--Schedule 1Inj'

2018-06-10 21:32:22 - [MESSAGE][PASSED] - All options with index in [1] are selected on object 'Object Repository/MOH AND GRN/Page_KDMC - CMS/select_--Select--Schedule 1Inj'

2018-06-10 21:32:22 - [TEST_STEP][PASSED] - selectOptionByIndex: All options with index in [17] are selected on object 'Object Repository/MOH AND GRN/Page_KDMC - CMS/select_--Select--Adernaline 0.'

2018-06-10 21:32:23 - [MESSAGE][PASSED] - All options with index in [17] are selected on object 'Object Repository/MOH AND GRN/Page_KDMC - CMS/select_--Select--Adernaline 0.'

2018-06-10 21:32:23 - [TEST_STEP][PASSED] - setText: Text '5000' is set on object 'Object Repository/MOH AND GRN/Page_KDMC - CMS/input_txttreat'

2018-06-10 21:32:23 - [MESSAGE][PASSED] - Text '5000' is set on object 'Object Repository/MOH AND GRN/Page_KDMC - CMS/input_txttreat'

2018-06-10 21:32:23 - [TEST_STEP][PASSED] - click: Object: 'Object Repository/MOH AND GRN/Page_KDMC - CMS/button_Add' is clicked on

2018-06-10 21:32:23 - [MESSAGE][PASSED] - Object: 'Object Repository/MOH AND GRN/Page_KDMC - CMS/button_Add' is clicked on

2018-06-10 21:32:23 - [TEST_STEP][PASSED] - selectOptionByIndex: All options with index in [1] are selected on object 'Object Repository/MOH AND GRN/Page_KDMC - CMS/select_--Select--Schedule 1Inj'

2018-06-10 21:32:23 - [MESSAGE][PASSED] - All options with index in [1] are selected on object 'Object Repository/MOH AND GRN/Page_KDMC - CMS/select_--Select--Schedule 1Inj'

2018-06-10 21:32:23 - [TEST_STEP][PASSED] - selectOptionByIndex: All options with index in [18] are selected on object 'Object Repository/MOH AND GRN/Page_KDMC - CMS/select_--Select--Adernaline 0.'

2018-06-10 21:32:23 - [MESSAGE][PASSED] - All options with index in [18] are selected on object 'Object Repository/MOH AND GRN/Page_KDMC - CMS/select_--Select--Adernaline 0.'

2018-06-10 21:32:23 - [TEST_STEP][PASSED] - setText: Text '5000' is set on object 'Object Repository/MOH AND GRN/Page_KDMC - CMS/input_txttreat'

2018-06-10 21:32:23 - [MESSAGE][PASSED] - Text '5000' is set on object 'Object Repository/MOH AND GRN/Page_KDMC - CMS/input_txttreat'

2018-06-10 21:32:23 - [TEST_STEP][PASSED] - click: Object: 'Object Repository/MOH AND GRN/Page_KDMC - CMS/button_Add' is clicked on

2018-06-10 21:32:24 - [MESSAGE][PASSED] - Object: 'Object Repository/MOH AND GRN/Page_KDMC - CMS/button_Add' is clicked on

2018-06-10 21:32:24 - [TEST_STEP][PASSED] - selectOptionByIndex: All options with index in [1] are selected on object 'Object Repository/MOH AND GRN/Page_KDMC - CMS/select_--Select--Schedule 1Inj'

2018-06-10 21:32:24 - [MESSAGE][PASSED] - All options with index in [1] are selected on object 'Object Repository/MOH AND GRN/Page_KDMC - CMS/select_--Select--Schedule 1Inj'

2018-06-10 21:32:24 - [TEST_STEP][PASSED] - selectOptionByIndex: All options with index in [19] are selected on object 'Object Repository/MOH AND GRN/Page_KDMC - CMS/select_--Select--Adernaline 0.'

2018-06-10 21:32:24 - [MESSAGE][PASSED] - All options with index in [19] are selected on object 'Object Repository/MOH AND GRN/Page_KDMC - CMS/select_--Select--Adernaline 0.'

2018-06-10 21:32:24 - [TEST_STEP][PASSED] - setText: Text '5000' is set on object 'Object Repository/MOH AND GRN/Page_KDMC - CMS/input_txttreat'

2018-06-10 21:32:24 - [MESSAGE][PASSED] - Text '5000' is set on object 'Object Repository/MOH AND GRN/Page_KDMC - CMS/input_txttreat'

2018-06-10 21:32:24 - [TEST_STEP][PASSED] - click: Object: 'Object Repository/MOH AND GRN/Page_KDMC - CMS/button_Add' is clicked on

2018-06-10 21:32:24 - [MESSAGE][PASSED] - Object: 'Object Repository/MOH AND GRN/Page_KDMC - CMS/button_Add' is clicked on

2018-06-10 21:32:24 - [TEST_STEP][PASSED] - selectOptionByIndex: All options with index in [1] are selected on object 'Object Repository/MOH AND GRN/Page_KDMC - CMS/select_--Select--Schedule 1Inj'

2018-06-10 21:32:24 - [MESSAGE][PASSED] - All options with index in [1] are selected on object 'Object Repository/MOH AND GRN/Page_KDMC - CMS/select_--Select--Schedule 1Inj'

2018-06-10 21:32:24 - [TEST_STEP][PASSED] - selectOptionByIndex: All options with index in [20] are selected on object 'Object Repository/MOH AND GRN/Page_KDMC - CMS/select_--Select--Adernaline 0.'

2018-06-10 21:32:25 - [MESSAGE][PASSED] - All options with index in [20] are selected on object 'Object Repository/MOH AND GRN/Page_KDMC - CMS/select_--Select--Adernaline 0.'

2018-06-10 21:32:25 - [TEST_STEP][PASSED] - setText: Text '5000' is set on object 'Object Repository/MOH AND GRN/Page_KDMC - CMS/input_txttreat'

2018-06-10 21:32:25 - [MESSAGE][PASSED] - Text '5000' is set on object 'Object Repository/MOH AND GRN/Page_KDMC - CMS/input_txttreat'

2018-06-10 21:32:25 - [TEST_STEP][PASSED] - click: Object: 'Object Repository/MOH AND GRN/Page_KDMC - CMS/button_Add' is clicked on

2018-06-10 21:32:25 - [MESSAGE][PASSED] - Object: 'Object Repository/MOH AND GRN/Page_KDMC - CMS/button_Add' is clicked on

2018-06-10 21:32:25 - [TEST_STEP][PASSED] - selectOptionByIndex: All options with index in [1] are selected on object 'Object Repository/MOH AND GRN/Page_KDMC - CMS/select_--Select--Schedule 1Inj'

2018-06-10 21:32:25 - [MESSAGE][PASSED] - All options with index in [1] are selected on object 'Object Repository/MOH AND GRN/Page_KDMC - CMS/select_--Select--Schedule 1Inj'

2018-06-10 21:32:25 - [TEST_STEP][PASSED] - selectOptionByIndex: All options with index in [21] are selected on object 'Object Repository/MOH AND GRN/Page_KDMC - CMS/select_--Select--Adernaline 0.'

2018-06-10 21:32:25 - [MESSAGE][PASSED] - All options with index in [21] are selected on object 'Object Repository/MOH AND GRN/Page_KDMC - CMS/select_--Select--Adernaline 0.'

2018-06-10 21:32:25 - [TEST_STEP][PASSED] - setText: Text '5000' is set on object 'Object Repository/MOH AND GRN/Page_KDMC - CMS/input_txttreat'

2018-06-10 21:32:25 - [MESSAGE][PASSED] - Text '5000' is set on object 'Object Repository/MOH AND GRN/Page_KDMC - CMS/input_txttreat'

2018-06-10 21:32:25 - [TEST_STEP][PASSED] - click: Object: 'Object Repository/MOH AND GRN/Page_KDMC - CMS/button_Add' is clicked on

2018-06-10 21:32:25 - [MESSAGE][PASSED] - Object: 'Object Repository/MOH AND GRN/Page_KDMC - CMS/button_Add' is clicked on

2018-06-10 21:32:25 - [TEST_STEP][PASSED] - selectOptionByIndex: All options with index in [1] are selected on object 'Object Repository/MOH AND GRN/Page_KDMC - CMS/select_--Select--Schedule 1Inj'

2018-06-10 21:32:26 - [MESSAGE][PASSED] - All options with index in [1] are selected on object 'Object Repository/MOH AND GRN/Page_KDMC - CMS/select_--Select--Schedule 1Inj'

2018-06-10 21:32:26 - [TEST_STEP][PASSED] - selectOptionByIndex: All options with index in [22] are selected on object 'Object Repository/MOH AND GRN/Page_KDMC - CMS/select_--Select--Adernaline 0.'

2018-06-10 21:32:26 - [MESSAGE][PASSED] - All options with index in [22] are selected on object 'Object Repository/MOH AND GRN/Page_KDMC - CMS/select_--Select--Adernaline 0.'

2018-06-10 21:32:26 - [TEST_STEP][PASSED] - setText: Text '5000' is set on object 'Object Repository/MOH AND GRN/Page_KDMC - CMS/input_txttreat'

2018-06-10 21:32:26 - [MESSAGE][PASSED] - Text '5000' is set on object 'Object Repository/MOH AND GRN/Page_KDMC - CMS/input_txttreat'

2018-06-10 21:32:26 - [TEST_STEP][PASSED] - click: Object: 'Object Repository/MOH AND GRN/Page_KDMC - CMS/button_Add' is clicked on

2018-06-10 21:32:26 - [MESSAGE][PASSED] - Object: 'Object Repository/MOH AND GRN/Page_KDMC - CMS/button_Add' is clicked on

2018-06-10 21:32:26 - [TEST_STEP][PASSED] - selectOptionByIndex: All options with index in [1] are selected on object 'Object Repository/MOH AND GRN/Page_KDMC - CMS/select_--Select--Schedule 1Inj'

2018-06-10 21:32:26 - [MESSAGE][PASSED] - All options with index in [1] are selected on object 'Object Repository/MOH AND GRN/Page_KDMC - CMS/select_--Select--Schedule 1Inj'

2018-06-10 21:32:26 - [TEST_STEP][PASSED] - selectOptionByIndex: All options with index in [23] are selected on object 'Object Repository/MOH AND GRN/Page_KDMC - CMS/select_--Select--Adernaline 0.'

2018-06-10 21:32:27 - [MESSAGE][PASSED] - All options with index in [23] are selected on object 'Object Repository/MOH AND GRN/Page_KDMC - CMS/select_--Select--Adernaline 0.'

2018-06-10 21:32:27 - [TEST_STEP][PASSED] - setText: Text '5000' is set on object 'Object Repository/MOH AND GRN/Page_KDMC - CMS/input_txttreat'

2018-06-10 21:32:27 - [MESSAGE][PASSED] - Text '5000' is set on object 'Object Repository/MOH AND GRN/Page_KDMC - CMS/input_txttreat'

2018-06-10 21:32:27 - [TEST_STEP][PASSED] - click: Object: 'Object Repository/MOH AND GRN/Page_KDMC - CMS/button_Add' is clicked on

2018-06-10 21:32:27 - [MESSAGE][PASSED] - Object: 'Object Repository/MOH AND GRN/Page_KDMC - CMS/button_Add' is clicked on

2018-06-10 21:32:27 - [TEST_STEP][PASSED] - selectOptionByIndex: All options with index in [1] are selected on object 'Object Repository/MOH AND GRN/Page_KDMC - CMS/select_--Select--Schedule 1Inj'

2018-06-10 21:32:27 - [MESSAGE][PASSED] - All options with index in [1] are selected on object 'Object Repository/MOH AND GRN/Page_KDMC - CMS/select_--Select--Schedule 1Inj'

2018-06-10 21:32:27 - [TEST_STEP][PASSED] - selectOptionByIndex: All options with index in [24] are selected on object 'Object Repository/MOH AND GRN/Page_KDMC - CMS/select_--Select--Adernaline 0.'

2018-06-10 21:32:27 - [MESSAGE][PASSED] - All options with index in [24] are selected on object 'Object Repository/MOH AND GRN/Page_KDMC - CMS/select_--Select--Adernaline 0.'

2018-06-10 21:32:27 - [TEST_STEP][PASSED] - setText: Text '5000' is set on object 'Object Repository/MOH AND GRN/Page_KDMC - CMS/input_txttreat'

2018-06-10 21:32:27 - [MESSAGE][PASSED] - Text '5000' is set on object 'Object Repository/MOH AND GRN/Page_KDMC - CMS/input_txttreat'

2018-06-10 21:32:27 - [TEST_STEP][PASSED] - click: Object: 'Object Repository/MOH AND GRN/Page_KDMC - CMS/button_Add' is clicked on

2018-06-10 21:32:27 - [MESSAGE][PASSED] - Object: 'Object Repository/MOH AND GRN/Page_KDMC - CMS/button_Add' is clicked on

2018-06-10 21:32:27 - [TEST_STEP][PASSED] - selectOptionByIndex: All options with index in [1] are selected on object 'Object Repository/MOH AND GRN/Page_KDMC - CMS/select_--Select--Schedule 1Inj'

2018-06-10 21:32:28 - [MESSAGE][PASSED] - All options with index in [1] are selected on object 'Object Repository/MOH AND GRN/Page_KDMC - CMS/select_--Select--Schedule 1Inj'

2018-06-10 21:32:28 - [TEST_STEP][PASSED] - selectOptionByIndex: All options with index in [25] are selected on object 'Object Repository/MOH AND GRN/Page_KDMC - CMS/select_--Select--Adernaline 0.'

2018-06-10 21:32:28 - [MESSAGE][PASSED] - All options with index in [25] are selected on object 'Object Repository/MOH AND GRN/Page_KDMC - CMS/select_--Select--Adernaline 0.'

2018-06-10 21:32:28 - [TEST_STEP][PASSED] - setText: Text '5000' is set on object 'Object Repository/MOH AND GRN/Page_KDMC - CMS/input_txttreat'

2018-06-10 21:32:28 - [MESSAGE][PASSED] - Text '5000' is set on object 'Object Repository/MOH AND GRN/Page_KDMC - CMS/input_txttreat'

2018-06-10 21:32:28 - [TEST_STEP][PASSED] - click: Object: 'Object Repository/MOH AND GRN/Page_KDMC - CMS/button_Add' is clicked on

2018-06-10 21:32:28 - [MESSAGE][PASSED] - Object: 'Object Repository/MOH AND GRN/Page_KDMC - CMS/button_Add' is clicked on

2018-06-10 21:32:28 - [TEST_STEP][PASSED] - selectOptionByIndex: All options with index in [1] are selected on object 'Object Repository/MOH AND GRN/Page_KDMC - CMS/select_--Select--Schedule 1Inj'

2018-06-10 21:32:28 - [MESSAGE][PASSED] - All options with index in [1] are selected on object 'Object Repository/MOH AND GRN/Page_KDMC - CMS/select_--Select--Schedule 1Inj'

2018-06-10 21:32:28 - [TEST_STEP][PASSED] - selectOptionByIndex: All options with index in [26] are selected on object 'Object Repository/MOH AND GRN/Page_KDMC - CMS/select_--Select--Adernaline 0.'

2018-06-10 21:32:29 - [MESSAGE][PASSED] - All options with index in [26] are selected on object 'Object Repository/MOH AND GRN/Page_KDMC - CMS/select_--Select--Adernaline 0.'

2018-06-10 21:32:29 - [TEST_STEP][PASSED] - setText: Text '5000' is set on object 'Object Repository/MOH AND GRN/Page_KDMC - CMS/input_txttreat'

2018-06-10 21:32:29 - [MESSAGE][PASSED] - Text '5000' is set on object 'Object Repository/MOH AND GRN/Page_KDMC - CMS/input_txttreat'

2018-06-10 21:32:29 - [TEST_STEP][PASSED] - click: Object: 'Object Repository/MOH AND GRN/Page_KDMC - CMS/button_Add' is clicked on

2018-06-10 21:32:29 - [MESSAGE][PASSED] - Object: 'Object Repository/MOH AND GRN/Page_KDMC - CMS/button_Add' is clicked on

2018-06-10 21:32:29 - [TEST_STEP][PASSED] - selectOptionByIndex: All options with index in [1] are selected on object 'Object Repository/MOH AND GRN/Page_KDMC - CMS/select_--Select--Schedule 1Inj'

2018-06-10 21:32:29 - [MESSAGE][PASSED] - All options with index in [1] are selected on object 'Object Repository/MOH AND GRN/Page_KDMC - CMS/select_--Select--Schedule 1Inj'

2018-06-10 21:32:29 - [TEST_STEP][PASSED] - selectOptionByIndex: All options with index in [27] are selected on object 'Object Repository/MOH AND GRN/Page_KDMC - CMS/select_--Select--Adernaline 0.'

2018-06-10 21:32:29 - [MESSAGE][PASSED] - All options with index in [27] are selected on object 'Object Repository/MOH AND GRN/Page_KDMC - CMS/select_--Select--Adernaline 0.'

2018-06-10 21:32:29 - [TEST_STEP][PASSED] - setText: Text '5000' is set on object 'Object Repository/MOH AND GRN/Page_KDMC - CMS/input_txttreat'

2018-06-10 21:32:29 - [MESSAGE][PASSED] - Text '5000' is set on object 'Object Repository/MOH AND GRN/Page_KDMC - CMS/input_txttreat'

2018-06-10 21:32:29 - [TEST_STEP][PASSED] - click: Object: 'Object Repository/MOH AND GRN/Page_KDMC - CMS/button_Add' is clicked on

2018-06-10 21:32:30 - [MESSAGE][PASSED] - Object: 'Object Repository/MOH AND GRN/Page_KDMC - CMS/button_Add' is clicked on

2018-06-10 21:32:30 - [TEST_STEP][PASSED] - selectOptionByIndex: All options with index in [1] are selected on object 'Object Repository/MOH AND GRN/Page_KDMC - CMS/select_--Select--Schedule 1Inj'

2018-06-10 21:32:30 - [MESSAGE][PASSED] - All options with index in [1] are selected on object 'Object Repository/MOH AND GRN/Page_KDMC - CMS/select_--Select--Schedule 1Inj'

2018-06-10 21:32:30 - [TEST_STEP][PASSED] - selectOptionByIndex: All options with index in [28] are selected on object 'Object Repository/MOH AND GRN/Page_KDMC - CMS/select_--Select--Adernaline 0.'

2018-06-10 21:32:30 - [MESSAGE][PASSED] - All options with index in [28] are selected on object 'Object Repository/MOH AND GRN/Page_KDMC - CMS/select_--Select--Adernaline 0.'

2018-06-10 21:32:30 - [TEST_STEP][PASSED] - setText: Text '5000' is set on object 'Object Repository/MOH AND GRN/Page_KDMC - CMS/input_txttreat'

2018-06-10 21:32:30 - [MESSAGE][PASSED] - Text '5000' is set on object 'Object Repository/MOH AND GRN/Page_KDMC - CMS/input_txttreat'

2018-06-10 21:32:30 - [TEST_STEP][PASSED] - click: Object: 'Object Repository/MOH AND GRN/Page_KDMC - CMS/button_Add' is clicked on

2018-06-10 21:32:30 - [MESSAGE][PASSED] - Object: 'Object Repository/MOH AND GRN/Page_KDMC - CMS/button_Add' is clicked on

2018-06-10 21:32:30 - [TEST_STEP][PASSED] - selectOptionByIndex: All options with index in [1] are selected on object 'Object Repository/MOH AND GRN/Page_KDMC - CMS/select_--Select--Schedule 1Inj'

2018-06-10 21:32:30 - [MESSAGE][PASSED] - All options with index in [1] are selected on object 'Object Repository/MOH AND GRN/Page_KDMC - CMS/select_--Select--Schedule 1Inj'

2018-06-10 21:32:30 - [TEST_STEP][PASSED] - selectOptionByIndex: All options with index in [29] are selected on object 'Object Repository/MOH AND GRN/Page_KDMC - CMS/select_--Select--Adernaline 0.'

2018-06-10 21:32:31 - [MESSAGE][PASSED] - All options with index in [29] are selected on object 'Object Repository/MOH AND GRN/Page_KDMC - CMS/select_--Select--Adernaline 0.'

2018-06-10 21:32:31 - [TEST_STEP][PASSED] - setText: Text '5000' is set on object 'Object Repository/MOH AND GRN/Page_KDMC - CMS/input_txttreat'

2018-06-10 21:32:31 - [MESSAGE][PASSED] - Text '5000' is set on object 'Object Repository/MOH AND GRN/Page_KDMC - CMS/input_txttreat'

2018-06-10 21:32:31 - [TEST_STEP][PASSED] - click: Object: 'Object Repository/MOH AND GRN/Page_KDMC - CMS/button_Add' is clicked on

2018-06-10 21:32:31 - [MESSAGE][PASSED] - Object: 'Object Repository/MOH AND GRN/Page_KDMC - CMS/button_Add' is clicked on

2018-06-10 21:32:31 - [TEST_STEP][PASSED] - selectOptionByIndex: All options with index in [1] are selected on object 'Object Repository/MOH AND GRN/Page_KDMC - CMS/select_--Select--Schedule 1Inj'

2018-06-10 21:32:31 - [MESSAGE][PASSED] - All options with index in [1] are selected on object 'Object Repository/MOH AND GRN/Page_KDMC - CMS/select_--Select--Schedule 1Inj'

2018-06-10 21:32:31 - [TEST_STEP][PASSED] - selectOptionByIndex: All options with index in [30] are selected on object 'Object Repository/MOH AND GRN/Page_KDMC - CMS/select_--Select--Adernaline 0.'

2018-06-10 21:32:32 - [MESSAGE][PASSED] - All options with index in [30] are selected on object 'Object Repository/MOH AND GRN/Page_KDMC - CMS/select_--Select--Adernaline 0.'

2018-06-10 21:32:32 - [TEST_STEP][PASSED] - setText: Text '5000' is set on object 'Object Repository/MOH AND GRN/Page_KDMC - CMS/input_txttreat'

2018-06-10 21:32:32 - [MESSAGE][PASSED] - Text '5000' is set on object 'Object Repository/MOH AND GRN/Page_KDMC - CMS/input_txttreat'

2018-06-10 21:32:32 - [TEST_STEP][PASSED] - click: Object: 'Object Repository/MOH AND GRN/Page_KDMC - CMS/button_Add' is clicked on

2018-06-10 21:32:32 - [MESSAGE][PASSED] - Object: 'Object Repository/MOH AND GRN/Page_KDMC - CMS/button_Add' is clicked on

2018-06-10 21:32:32 - [TEST_STEP][PASSED] - selectOptionByIndex: All options with index in [1] are selected on object 'Object Repository/MOH AND GRN/Page_KDMC - CMS/select_--Select--Schedule 1Inj'

2018-06-10 21:32:32 - [MESSAGE][PASSED] - All options with index in [1] are selected on object 'Object Repository/MOH AND GRN/Page_KDMC - CMS/select_--Select--Schedule 1Inj'

2018-06-10 21:32:32 - [TEST_STEP][PASSED] - selectOptionByIndex: All options with index in [31] are selected on object 'Object Repository/MOH AND GRN/Page_KDMC - CMS/select_--Select--Adernaline 0.'

2018-06-10 21:32:32 - [MESSAGE][PASSED] - All options with index in [31] are selected on object 'Object Repository/MOH AND GRN/Page_KDMC - CMS/select_--Select--Adernaline 0.'

2018-06-10 21:32:32 - [TEST_STEP][PASSED] - setText: Text '5000' is set on object 'Object Repository/MOH AND GRN/Page_KDMC - CMS/input_txttreat'

2018-06-10 21:32:32 - [MESSAGE][PASSED] - Text '5000' is set on object 'Object Repository/MOH AND GRN/Page_KDMC - CMS/input_txttreat'

2018-06-10 21:32:32 - [TEST_STEP][PASSED] - click: Object: 'Object Repository/MOH AND GRN/Page_KDMC - CMS/button_Add' is clicked on

2018-06-10 21:32:32 - [MESSAGE][PASSED] - Object: 'Object Repository/MOH AND GRN/Page_KDMC - CMS/button_Add' is clicked on

2018-06-10 21:32:32 - [TEST_STEP][PASSED] - selectOptionByIndex: All options with index in [1] are selected on object 'Object Repository/MOH AND GRN/Page_KDMC - CMS/select_--Select--Schedule 1Inj'

2018-06-10 21:32:33 - [MESSAGE][PASSED] - All options with index in [1] are selected on object 'Object Repository/MOH AND GRN/Page_KDMC - CMS/select_--Select--Schedule 1Inj'

2018-06-10 21:32:33 - [TEST_STEP][PASSED] - selectOptionByIndex: All options with index in [32] are selected on object 'Object Repository/MOH AND GRN/Page_KDMC - CMS/select_--Select--Adernaline 0.'

2018-06-10 21:32:33 - [MESSAGE][PASSED] - All options with index in [32] are selected on object 'Object Repository/MOH AND GRN/Page_KDMC - CMS/select_--Select--Adernaline 0.'

2018-06-10 21:32:33 - [TEST_STEP][PASSED] - setText: Text '5000' is set on object 'Object Repository/MOH AND GRN/Page_KDMC - CMS/input_txttreat'

2018-06-10 21:32:33 - [MESSAGE][PASSED] - Text '5000' is set on object 'Object Repository/MOH AND GRN/Page_KDMC - CMS/input_txttreat'

2018-06-10 21:32:33 - [TEST_STEP][PASSED] - click: Object: 'Object Repository/MOH AND GRN/Page_KDMC - CMS/button_Add' is clicked on

2018-06-10 21:32:33 - [MESSAGE][PASSED] - Object: 'Object Repository/MOH AND GRN/Page_KDMC - CMS/button_Add' is clicked on

2018-06-10 21:32:33 - [TEST_STEP][PASSED] - selectOptionByIndex: All options with index in [1] are selected on object 'Object Repository/MOH AND GRN/Page_KDMC - CMS/select_--Select--Schedule 1Inj'

2018-06-10 21:32:33 - [MESSAGE][PASSED] - All options with index in [1] are selected on object 'Object Repository/MOH AND GRN/Page_KDMC - CMS/select_--Select--Schedule 1Inj'

2018-06-10 21:32:33 - [TEST_STEP][PASSED] - selectOptionByIndex: All options with index in [33] are selected on object 'Object Repository/MOH AND GRN/Page_KDMC - CMS/select_--Select--Adernaline 0.'

2018-06-10 21:32:34 - [MESSAGE][PASSED] - All options with index in [33] are selected on object 'Object Repository/MOH AND GRN/Page_KDMC - CMS/select_--Select--Adernaline 0.'

2018-06-10 21:32:34 - [TEST_STEP][PASSED] - setText: Text '5000' is set on object 'Object Repository/MOH AND GRN/Page_KDMC - CMS/input_txttreat'

2018-06-10 21:32:34 - [MESSAGE][PASSED] - Text '5000' is set on object 'Object Repository/MOH AND GRN/Page_KDMC - CMS/input_txttreat'

2018-06-10 21:32:34 - [TEST_STEP][PASSED] - click: Object: 'Object Repository/MOH AND GRN/Page_KDMC - CMS/button_Add' is clicked on

2018-06-10 21:32:34 - [MESSAGE][PASSED] - Object: 'Object Repository/MOH AND GRN/Page_KDMC - CMS/button_Add' is clicked on

2018-06-10 21:32:34 - [TEST_STEP][PASSED] - selectOptionByIndex: All options with index in [1] are selected on object 'Object Repository/MOH AND GRN/Page_KDMC - CMS/select_--Select--Schedule 1Inj'

2018-06-10 21:32:34 - [MESSAGE][PASSED] - All options with index in [1] are selected on object 'Object Repository/MOH AND GRN/Page_KDMC - CMS/select_--Select--Schedule 1Inj'

2018-06-10 21:32:34 - [TEST_STEP][PASSED] - selectOptionByIndex: All options with index in [34] are selected on object 'Object Repository/MOH AND GRN/Page_KDMC - CMS/select_--Select--Adernaline 0.'

2018-06-10 21:32:35 - [MESSAGE][PASSED] - All options with index in [34] are selected on object 'Object Repository/MOH AND GRN/Page_KDMC - CMS/select_--Select--Adernaline 0.'

2018-06-10 21:32:35 - [TEST_STEP][PASSED] - setText: Text '5000' is set on object 'Object Repository/MOH AND GRN/Page_KDMC - CMS/input_txttreat'

2018-06-10 21:32:35 - [MESSAGE][PASSED] - Text '5000' is set on object 'Object Repository/MOH AND GRN/Page_KDMC - CMS/input_txttreat'

2018-06-10 21:32:35 - [TEST_STEP][PASSED] - click: Object: 'Object Repository/MOH AND GRN/Page_KDMC - CMS/button_Add' is clicked on

2018-06-10 21:32:35 - [MESSAGE][PASSED] - Object: 'Object Repository/MOH AND GRN/Page_KDMC - CMS/button_Add' is clicked on

2018-06-10 21:32:35 - [TEST_STEP][PASSED] - selectOptionByIndex: All options with index in [1] are selected on object 'Object Repository/MOH AND GRN/Page_KDMC - CMS/select_--Select--Schedule 1Inj'

2018-06-10 21:32:35 - [MESSAGE][PASSED] - All options with index in [1] are selected on object 'Object Repository/MOH AND GRN/Page_KDMC - CMS/select_--Select--Schedule 1Inj'

2018-06-10 21:32:35 - [TEST_STEP][PASSED] - selectOptionByIndex: All options with index in [35] are selected on object 'Object Repository/MOH AND GRN/Page_KDMC - CMS/select_--Select--Adernaline 0.'

2018-06-10 21:32:35 - [MESSAGE][PASSED] - All options with index in [35] are selected on object 'Object Repository/MOH AND GRN/Page_KDMC - CMS/select_--Select--Adernaline 0.'

2018-06-10 21:32:35 - [TEST_STEP][PASSED] - setText: Text '5000' is set on object 'Object Repository/MOH AND GRN/Page_KDMC - CMS/input_txttreat'

2018-06-10 21:32:36 - [MESSAGE][PASSED] - Text '5000' is set on object 'Object Repository/MOH AND GRN/Page_KDMC - CMS/input_txttreat'

2018-06-10 21:32:36 - [TEST_STEP][PASSED] - click: Object: 'Object Repository/MOH AND GRN/Page_KDMC - CMS/button_Add' is clicked on

2018-06-10 21:32:36 - [MESSAGE][PASSED] - Object: 'Object Repository/MOH AND GRN/Page_KDMC - CMS/button_Add' is clicked on

2018-06-10 21:32:36 - [TEST_STEP][PASSED] - selectOptionByIndex: All options with index in [1] are selected on object 'Object Repository/MOH AND GRN/Page_KDMC - CMS/select_--Select--Schedule 1Inj'

2018-06-10 21:32:36 - [MESSAGE][PASSED] - All options with index in [1] are selected on object 'Object Repository/MOH AND GRN/Page_KDMC - CMS/select_--Select--Schedule 1Inj'

2018-06-10 21:32:36 - [TEST_STEP][PASSED] - selectOptionByIndex: All options with index in [36] are selected on object 'Object Repository/MOH AND GRN/Page_KDMC - CMS/select_--Select--Adernaline 0.'

2018-06-10 21:32:36 - [MESSAGE][PASSED] - All options with index in [36] are selected on object 'Object Repository/MOH AND GRN/Page_KDMC - CMS/select_--Select--Adernaline 0.'

2018-06-10 21:32:36 - [TEST_STEP][PASSED] - setText: Text '5000' is set on object 'Object Repository/MOH AND GRN/Page_KDMC - CMS/input_txttreat'

2018-06-10 21:32:36 - [MESSAGE][PASSED] - Text '5000' is set on object 'Object Repository/MOH AND GRN/Page_KDMC - CMS/input_txttreat'

2018-06-10 21:32:36 - [TEST_STEP][PASSED] - click: Object: 'Object Repository/MOH AND GRN/Page_KDMC - CMS/button_Add' is clicked on

2018-06-10 21:32:36 - [MESSAGE][PASSED] - Object: 'Object Repository/MOH AND GRN/Page_KDMC - CMS/button_Add' is clicked on

2018-06-10 21:32:36 - [TEST_STEP][PASSED] - selectOptionByIndex: All options with index in [1] are selected on object 'Object Repository/MOH AND GRN/Page_KDMC - CMS/select_--Select--Schedule 1Inj'

2018-06-10 21:32:36 - [MESSAGE][PASSED] - All options with index in [1] are selected on object 'Object Repository/MOH AND GRN/Page_KDMC - CMS/select_--Select--Schedule 1Inj'

2018-06-10 21:32:36 - [TEST_STEP][PASSED] - selectOptionByIndex: All options with index in [37] are selected on object 'Object Repository/MOH AND GRN/Page_KDMC - CMS/select_--Select--Adernaline 0.'

2018-06-10 21:32:37 - [MESSAGE][PASSED] - All options with index in [37] are selected on object 'Object Repository/MOH AND GRN/Page_KDMC - CMS/select_--Select--Adernaline 0.'

2018-06-10 21:32:37 - [TEST_STEP][PASSED] - setText: Text '5000' is set on object 'Object Repository/MOH AND GRN/Page_KDMC - CMS/input_txttreat'

2018-06-10 21:32:37 - [MESSAGE][PASSED] - Text '5000' is set on object 'Object Repository/MOH AND GRN/Page_KDMC - CMS/input_txttreat'

2018-06-10 21:32:37 - [TEST_STEP][PASSED] - click: Object: 'Object Repository/MOH AND GRN/Page_KDMC - CMS/button_Add' is clicked on

2018-06-10 21:32:37 - [MESSAGE][PASSED] - Object: 'Object Repository/MOH AND GRN/Page_KDMC - CMS/button_Add' is clicked on

2018-06-10 21:32:37 - [TEST_STEP][PASSED] - selectOptionByIndex: All options with index in [1] are selected on object 'Object Repository/MOH AND GRN/Page_KDMC - CMS/select_--Select--Schedule 1Inj'

2018-06-10 21:32:37 - [MESSAGE][PASSED] - All options with index in [1] are selected on object 'Object Repository/MOH AND GRN/Page_KDMC - CMS/select_--Select--Schedule 1Inj'

2018-06-10 21:32:37 - [TEST_STEP][PASSED] - selectOptionByIndex: All options with index in [38] are selected on object 'Object Repository/MOH AND GRN/Page_KDMC - CMS/select_--Select--Adernaline 0.'

2018-06-10 21:32:38 - [MESSAGE][PASSED] - All options with index in [38] are selected on object 'Object Repository/MOH AND GRN/Page_KDMC - CMS/select_--Select--Adernaline 0.'

2018-06-10 21:32:38 - [TEST_STEP][PASSED] - setText: Text '5000' is set on object 'Object Repository/MOH AND GRN/Page_KDMC - CMS/input_txttreat'

2018-06-10 21:32:38 - [MESSAGE][PASSED] - Text '5000' is set on object 'Object Repository/MOH AND GRN/Page_KDMC - CMS/input_txttreat'

2018-06-10 21:32:38 - [TEST_STEP][PASSED] - click: Object: 'Object Repository/MOH AND GRN/Page_KDMC - CMS/button_Add' is clicked on

2018-06-10 21:32:38 - [MESSAGE][PASSED] - Object: 'Object Repository/MOH AND GRN/Page_KDMC - CMS/button_Add' is clicked on

2018-06-10 21:32:38 - [TEST_STEP][PASSED] - selectOptionByIndex: All options with index in [1] are selected on object 'Object Repository/MOH AND GRN/Page_KDMC - CMS/select_--Select--Schedule 1Inj'

2018-06-10 21:32:38 - [MESSAGE][PASSED] - All options with index in [1] are selected on object 'Object Repository/MOH AND GRN/Page_KDMC - CMS/select_--Select--Schedule 1Inj'

2018-06-10 21:32:38 - [TEST_STEP][PASSED] - selectOptionByIndex: All options with index in [39] are selected on object 'Object Repository/MOH AND GRN/Page_KDMC - CMS/select_--Select--Adernaline 0.'

2018-06-10 21:32:39 - [MESSAGE][PASSED] - All options with index in [39] are selected on object 'Object Repository/MOH AND GRN/Page_KDMC - CMS/select_--Select--Adernaline 0.'

2018-06-10 21:32:39 - [TEST_STEP][PASSED] - setText: Text '5000' is set on object 'Object Repository/MOH AND GRN/Page_KDMC - CMS/input_txttreat'

2018-06-10 21:32:39 - [MESSAGE][PASSED] - Text '5000' is set on object 'Object Repository/MOH AND GRN/Page_KDMC - CMS/input_txttreat'

2018-06-10 21:32:39 - [TEST_STEP][PASSED] - click: Object: 'Object Repository/MOH AND GRN/Page_KDMC - CMS/button_Add' is clicked on

2018-06-10 21:32:39 - [MESSAGE][PASSED] - Object: 'Object Repository/MOH AND GRN/Page_KDMC - CMS/button_Add' is clicked on

2018-06-10 21:32:39 - [TEST_STEP][PASSED] - selectOptionByIndex: All options with index in [1] are selected on object 'Object Repository/MOH AND GRN/Page_KDMC - CMS/select_--Select--Schedule 1Inj'

2018-06-10 21:32:39 - [MESSAGE][PASSED] - All options with index in [1] are selected on object 'Object Repository/MOH AND GRN/Page_KDMC - CMS/select_--Select--Schedule 1Inj'

2018-06-10 21:32:39 - [TEST_STEP][PASSED] - selectOptionByIndex: All options with index in [40] are selected on object 'Object Repository/MOH AND GRN/Page_KDMC - CMS/select_--Select--Adernaline 0.'

2018-06-10 21:32:40 - [MESSAGE][PASSED] - All options with index in [40] are selected on object 'Object Repository/MOH AND GRN/Page_KDMC - CMS/select_--Select--Adernaline 0.'

2018-06-10 21:32:40 - [TEST_STEP][PASSED] - setText: Text '5000' is set on object 'Object Repository/MOH AND GRN/Page_KDMC - CMS/input_txttreat'

2018-06-10 21:32:40 - [MESSAGE][PASSED] - Text '5000' is set on object 'Object Repository/MOH AND GRN/Page_KDMC - CMS/input_txttreat'

2018-06-10 21:32:40 - [TEST_STEP][PASSED] - click: Object: 'Object Repository/MOH AND GRN/Page_KDMC - CMS/button_Add' is clicked on

2018-06-10 21:32:40 - [MESSAGE][PASSED] - Object: 'Object Repository/MOH AND GRN/Page_KDMC - CMS/button_Add' is clicked on

2018-06-10 21:32:40 - [TEST_STEP][PASSED] - selectOptionByIndex: All options with index in [1] are selected on object 'Object Repository/MOH AND GRN/Page_KDMC - CMS/select_--Select--Schedule 1Inj'

2018-06-10 21:32:40 - [MESSAGE][PASSED] - All options with index in [1] are selected on object 'Object Repository/MOH AND GRN/Page_KDMC - CMS/select_--Select--Schedule 1Inj'

2018-06-10 21:32:40 - [TEST_STEP][PASSED] - selectOptionByIndex: All options with index in [41] are selected on object 'Object Repository/MOH AND GRN/Page_KDMC - CMS/select_--Select--Adernaline 0.'

2018-06-10 21:32:40 - [MESSAGE][PASSED] - All options with index in [41] are selected on object 'Object Repository/MOH AND GRN/Page_KDMC - CMS/select_--Select--Adernaline 0.'

2018-06-10 21:32:40 - [TEST_STEP][PASSED] - setText: Text '5000' is set on object 'Object Repository/MOH AND GRN/Page_KDMC - CMS/input_txttreat'

2018-06-10 21:32:41 - [MESSAGE][PASSED] - Text '5000' is set on object 'Object Repository/MOH AND GRN/Page_KDMC - CMS/input_txttreat'

2018-06-10 21:32:41 - [TEST_STEP][PASSED] - click: Object: 'Object Repository/MOH AND GRN/Page_KDMC - CMS/button_Add' is clicked on

2018-06-10 21:32:41 - [MESSAGE][PASSED] - Object: 'Object Repository/MOH AND GRN/Page_KDMC - CMS/button_Add' is clicked on

2018-06-10 21:32:41 - [TEST_STEP][PASSED] - selectOptionByIndex: All options with index in [1] are selected on object 'Object Repository/MOH AND GRN/Page_KDMC - CMS/select_--Select--Schedule 1Inj'

2018-06-10 21:32:41 - [MESSAGE][PASSED] - All options with index in [1] are selected on object 'Object Repository/MOH AND GRN/Page_KDMC - CMS/select_--Select--Schedule 1Inj'

2018-06-10 21:32:41 - [TEST_STEP][PASSED] - selectOptionByIndex: All options with index in [42] are selected on object 'Object Repository/MOH AND GRN/Page_KDMC - CMS/select_--Select--Adernaline 0.'

2018-06-10 21:32:41 - [MESSAGE][PASSED] - All options with index in [42] are selected on object 'Object Repository/MOH AND GRN/Page_KDMC - CMS/select_--Select--Adernaline 0.'

2018-06-10 21:32:41 - [TEST_STEP][PASSED] - setText: Text '5000' is set on object 'Object Repository/MOH AND GRN/Page_KDMC - CMS/input_txttreat'

2018-06-10 21:32:41 - [MESSAGE][PASSED] - Text '5000' is set on object 'Object Repository/MOH AND GRN/Page_KDMC - CMS/input_txttreat'

2018-06-10 21:32:41 - [TEST_STEP][PASSED] - click: Object: 'Object Repository/MOH AND GRN/Page_KDMC - CMS/button_Add' is clicked on

2018-06-10 21:32:41 - [MESSAGE][PASSED] - Object: 'Object Repository/MOH AND GRN/Page_KDMC - CMS/button_Add' is clicked on

2018-06-10 21:32:41 - [TEST_STEP][PASSED] - selectOptionByIndex: All options with index in [1] are selected on object 'Object Repository/MOH AND GRN/Page_KDMC - CMS/select_--Select--Schedule 1Inj'

2018-06-10 21:32:42 - [MESSAGE][PASSED] - All options with index in [1] are selected on object 'Object Repository/MOH AND GRN/Page_KDMC - CMS/select_--Select--Schedule 1Inj'

2018-06-10 21:32:42 - [TEST_STEP][PASSED] - selectOptionByIndex: All options with index in [43] are selected on object 'Object Repository/MOH AND GRN/Page_KDMC - CMS/select_--Select--Adernaline 0.'

2018-06-10 21:32:42 - [MESSAGE][PASSED] - All options with index in [43] are selected on object 'Object Repository/MOH AND GRN/Page_KDMC - CMS/select_--Select--Adernaline 0.'

2018-06-10 21:32:42 - [TEST_STEP][PASSED] - setText: Text '5000' is set on object 'Object Repository/MOH AND GRN/Page_KDMC - CMS/input_txttreat'

2018-06-10 21:32:42 - [MESSAGE][PASSED] - Text '5000' is set on object 'Object Repository/MOH AND GRN/Page_KDMC - CMS/input_txttreat'

2018-06-10 21:32:42 - [TEST_STEP][PASSED] - click: Object: 'Object Repository/MOH AND GRN/Page_KDMC - CMS/button_Add' is clicked on

2018-06-10 21:32:42 - [MESSAGE][PASSED] - Object: 'Object Repository/MOH AND GRN/Page_KDMC - CMS/button_Add' is clicked on

2018-06-10 21:32:42 - [TEST_STEP][PASSED] - selectOptionByIndex: All options with index in [1] are selected on object 'Object Repository/MOH AND GRN/Page_KDMC - CMS/select_--Select--Schedule 1Inj'

2018-06-10 21:32:42 - [MESSAGE][PASSED] - All options with index in [1] are selected on object 'Object Repository/MOH AND GRN/Page_KDMC - CMS/select_--Select--Schedule 1Inj'

2018-06-10 21:32:42 - [TEST_STEP][PASSED] - selectOptionByIndex: All options with index in [44] are selected on object 'Object Repository/MOH AND GRN/Page_KDMC - CMS/select_--Select--Adernaline 0.'

2018-06-10 21:32:43 - [MESSAGE][PASSED] - All options with index in [44] are selected on object 'Object Repository/MOH AND GRN/Page_KDMC - CMS/select_--Select--Adernaline 0.'

2018-06-10 21:32:43 - [TEST_STEP][PASSED] - setText: Text '5000' is set on object 'Object Repository/MOH AND GRN/Page_KDMC - CMS/input_txttreat'

2018-06-10 21:32:43 - [MESSAGE][PASSED] - Text '5000' is set on object 'Object Repository/MOH AND GRN/Page_KDMC - CMS/input_txttreat'

2018-06-10 21:32:43 - [TEST_STEP][PASSED] - click: Object: 'Object Repository/MOH AND GRN/Page_KDMC - CMS/button_Add' is clicked on

2018-06-10 21:32:43 - [MESSAGE][PASSED] - Object: 'Object Repository/MOH AND GRN/Page_KDMC - CMS/button_Add' is clicked on

2018-06-10 21:32:43 - [TEST_STEP][PASSED] - selectOptionByIndex: All options with index in [1] are selected on object 'Object Repository/MOH AND GRN/Page_KDMC - CMS/select_--Select--Schedule 1Inj'

2018-06-10 21:32:43 - [MESSAGE][PASSED] - All options with index in [1] are selected on object 'Object Repository/MOH AND GRN/Page_KDMC - CMS/select_--Select--Schedule 1Inj'

2018-06-10 21:32:43 - [TEST_STEP][PASSED] - selectOptionByIndex: All options with index in [45] are selected on object 'Object Repository/MOH AND GRN/Page_KDMC - CMS/select_--Select--Adernaline 0.'

2018-06-10 21:32:44 - [MESSAGE][PASSED] - All options with index in [45] are selected on object 'Object Repository/MOH AND GRN/Page_KDMC - CMS/select_--Select--Adernaline 0.'

2018-06-10 21:32:44 - [TEST_STEP][PASSED] - setText: Text '5000' is set on object 'Object Repository/MOH AND GRN/Page_KDMC - CMS/input_txttreat'

2018-06-10 21:32:44 - [MESSAGE][PASSED] - Text '5000' is set on object 'Object Repository/MOH AND GRN/Page_KDMC - CMS/input_txttreat'

2018-06-10 21:32:44 - [TEST_STEP][PASSED] - click: Object: 'Object Repository/MOH AND GRN/Page_KDMC - CMS/button_Add' is clicked on

2018-06-10 21:32:44 - [MESSAGE][PASSED] - Object: 'Object Repository/MOH AND GRN/Page_KDMC - CMS/button_Add' is clicked on

2018-06-10 21:32:44 - [TEST_STEP][PASSED] - selectOptionByIndex: All options with index in [1] are selected on object 'Object Repository/MOH AND GRN/Page_KDMC - CMS/select_--Select--Schedule 1Inj'

2018-06-10 21:32:44 - [MESSAGE][PASSED] - All options with index in [1] are selected on object 'Object Repository/MOH AND GRN/Page_KDMC - CMS/select_--Select--Schedule 1Inj'

2018-06-10 21:32:44 - [TEST_STEP][PASSED] - selectOptionByIndex: All options with index in [46] are selected on object 'Object Repository/MOH AND GRN/Page_KDMC - CMS/select_--Select--Adernaline 0.'

2018-06-10 21:32:45 - [MESSAGE][PASSED] - All options with index in [46] are selected on object 'Object Repository/MOH AND GRN/Page_KDMC - CMS/select_--Select--Adernaline 0.'

2018-06-10 21:32:45 - [TEST_STEP][PASSED] - setText: Text '5000' is set on object 'Object Repository/MOH AND GRN/Page_KDMC - CMS/input_txttreat'

2018-06-10 21:32:45 - [MESSAGE][PASSED] - Text '5000' is set on object 'Object Repository/MOH AND GRN/Page_KDMC - CMS/input_txttreat'

2018-06-10 21:32:45 - [TEST_STEP][PASSED] - click: Object: 'Object Repository/MOH AND GRN/Page_KDMC - CMS/button_Add' is clicked on

2018-06-10 21:32:45 - [MESSAGE][PASSED] - Object: 'Object Repository/MOH AND GRN/Page_KDMC - CMS/button_Add' is clicked on

2018-06-10 21:32:45 - [TEST_STEP][PASSED] - selectOptionByIndex: All options with index in [1] are selected on object 'Object Repository/MOH AND GRN/Page_KDMC - CMS/select_--Select--Schedule 1Inj'

2018-06-10 21:32:45 - [MESSAGE][PASSED] - All options with index in [1] are selected on object 'Object Repository/MOH AND GRN/Page_KDMC - CMS/select_--Select--Schedule 1Inj'

2018-06-10 21:32:45 - [TEST_STEP][PASSED] - selectOptionByIndex: All options with index in [47] are selected on object 'Object Repository/MOH AND GRN/Page_KDMC - CMS/select_--Select--Adernaline 0.'

2018-06-10 21:32:46 - [MESSAGE][PASSED] - All options with index in [47] are selected on object 'Object Repository/MOH AND GRN/Page_KDMC - CMS/select_--Select--Adernaline 0.'

2018-06-10 21:32:46 - [TEST_STEP][PASSED] - setText: Text '5000' is set on object 'Object Repository/MOH AND GRN/Page_KDMC - CMS/input_txttreat'

2018-06-10 21:32:46 - [MESSAGE][PASSED] - Text '5000' is set on object 'Object Repository/MOH AND GRN/Page_KDMC - CMS/input_txttreat'

2018-06-10 21:32:46 - [TEST_STEP][PASSED] - click: Object: 'Object Repository/MOH AND GRN/Page_KDMC - CMS/button_Add' is clicked on

2018-06-10 21:32:46 - [MESSAGE][PASSED] - Object: 'Object Repository/MOH AND GRN/Page_KDMC - CMS/button_Add' is clicked on

2018-06-10 21:32:46 - [TEST_STEP][PASSED] - selectOptionByIndex: All options with index in [1] are selected on object 'Object Repository/MOH AND GRN/Page_KDMC - CMS/select_--Select--Schedule 1Inj'

2018-06-10 21:32:46 - [MESSAGE][PASSED] - All options with index in [1] are selected on object 'Object Repository/MOH AND GRN/Page_KDMC - CMS/select_--Select--Schedule 1Inj'

2018-06-10 21:32:46 - [TEST_STEP][PASSED] - selectOptionByIndex: All options with index in [48] are selected on object 'Object Repository/MOH AND GRN/Page_KDMC - CMS/select_--Select--Adernaline 0.'

2018-06-10 21:32:47 - [MESSAGE][PASSED] - All options with index in [48] are selected on object 'Object Repository/MOH AND GRN/Page_KDMC - CMS/select_--Select--Adernaline 0.'

2018-06-10 21:32:47 - [TEST_STEP][PASSED] - setText: Text '5000' is set on object 'Object Repository/MOH AND GRN/Page_KDMC - CMS/input_txttreat'

2018-06-10 21:32:47 - [MESSAGE][PASSED] - Text '5000' is set on object 'Object Repository/MOH AND GRN/Page_KDMC - CMS/input_txttreat'

2018-06-10 21:32:47 - [TEST_STEP][PASSED] - click: Object: 'Object Repository/MOH AND GRN/Page_KDMC - CMS/button_Add' is clicked on

2018-06-10 21:32:47 - [MESSAGE][PASSED] - Object: 'Object Repository/MOH AND GRN/Page_KDMC - CMS/button_Add' is clicked on

2018-06-10 21:32:47 - [TEST_STEP][PASSED] - selectOptionByIndex: All options with index in [1] are selected on object 'Object Repository/MOH AND GRN/Page_KDMC - CMS/select_--Select--Schedule 1Inj'

2018-06-10 21:32:47 - [MESSAGE][PASSED] - All options with index in [1] are selected on object 'Object Repository/MOH AND GRN/Page_KDMC - CMS/select_--Select--Schedule 1Inj'

2018-06-10 21:32:47 - [TEST_STEP][PASSED] - selectOptionByIndex: All options with index in [49] are selected on object 'Object Repository/MOH AND GRN/Page_KDMC - CMS/select_--Select--Adernaline 0.'

2018-06-10 21:32:48 - [MESSAGE][PASSED] - All options with index in [49] are selected on object 'Object Repository/MOH AND GRN/Page_KDMC - CMS/select_--Select--Adernaline 0.'

2018-06-10 21:32:48 - [TEST_STEP][PASSED] - setText: Text '5000' is set on object 'Object Repository/MOH AND GRN/Page_KDMC - CMS/input_txttreat'

2018-06-10 21:32:48 - [MESSAGE][PASSED] - Text '5000' is set on object 'Object Repository/MOH AND GRN/Page_KDMC - CMS/input_txttreat'

2018-06-10 21:32:48 - [TEST_STEP][PASSED] - click: Object: 'Object Repository/MOH AND GRN/Page_KDMC - CMS/button_Add' is clicked on

2018-06-10 21:32:48 - [MESSAGE][PASSED] - Object: 'Object Repository/MOH AND GRN/Page_KDMC - CMS/button_Add' is clicked on

2018-06-10 21:32:48 - [TEST_STEP][PASSED] - selectOptionByIndex: All options with index in [1] are selected on object 'Object Repository/MOH AND GRN/Page_KDMC - CMS/select_--Select--Schedule 1Inj'

2018-06-10 21:32:48 - [MESSAGE][PASSED] - All options with index in [1] are selected on object 'Object Repository/MOH AND GRN/Page_KDMC - CMS/select_--Select--Schedule 1Inj'

2018-06-10 21:32:48 - [TEST_STEP][PASSED] - selectOptionByIndex: All options with index in [50] are selected on object 'Object Repository/MOH AND GRN/Page_KDMC - CMS/select_--Select--Adernaline 0.'

2018-06-10 21:32:48 - [MESSAGE][PASSED] - All options with index in [50] are selected on object 'Object Repository/MOH AND GRN/Page_KDMC - CMS/select_--Select--Adernaline 0.'

2018-06-10 21:32:48 - [TEST_STEP][PASSED] - setText: Text '5000' is set on object 'Object Repository/MOH AND GRN/Page_KDMC - CMS/input_txttreat'

2018-06-10 21:32:49 - [MESSAGE][PASSED] - Text '5000' is set on object 'Object Repository/MOH AND GRN/Page_KDMC - CMS/input_txttreat'

2018-06-10 21:32:49 - [TEST_STEP][PASSED] - click: Object: 'Object Repository/MOH AND GRN/Page_KDMC - CMS/button_Add' is clicked on

2018-06-10 21:32:49 - [MESSAGE][PASSED] - Object: 'Object Repository/MOH AND GRN/Page_KDMC - CMS/button_Add' is clicked on

2018-06-10 21:32:49 - [TEST_STEP][PASSED] - selectOptionByIndex: All options with index in [1] are selected on object 'Object Repository/MOH AND GRN/Page_KDMC - CMS/select_--Select--Schedule 1Inj'

2018-06-10 21:32:49 - [MESSAGE][PASSED] - All options with index in [1] are selected on object 'Object Repository/MOH AND GRN/Page_KDMC - CMS/select_--Select--Schedule 1Inj'

2018-06-10 21:32:49 - [TEST_STEP][PASSED] - selectOptionByIndex: All options with index in [51] are selected on object 'Object Repository/MOH AND GRN/Page_KDMC - CMS/select_--Select--Adernaline 0.'

2018-06-10 21:32:49 - [MESSAGE][PASSED] - All options with index in [51] are selected on object 'Object Repository/MOH AND GRN/Page_KDMC - CMS/select_--Select--Adernaline 0.'

2018-06-10 21:32:49 - [TEST_STEP][PASSED] - setText: Text '5000' is set on object 'Object Repository/MOH AND GRN/Page_KDMC - CMS/input_txttreat'

2018-06-10 21:32:50 - [MESSAGE][PASSED] - Text '5000' is set on object 'Object Repository/MOH AND GRN/Page_KDMC - CMS/input_txttreat'

2018-06-10 21:32:50 - [TEST_STEP][PASSED] - click: Object: 'Object Repository/MOH AND GRN/Page_KDMC - CMS/button_Add' is clicked on

2018-06-10 21:32:50 - [MESSAGE][PASSED] - Object: 'Object Repository/MOH AND GRN/Page_KDMC - CMS/button_Add' is clicked on

2018-06-10 21:32:50 - [TEST_STEP][PASSED] - selectOptionByIndex: All options with index in [1] are selected on object 'Object Repository/MOH AND GRN/Page_KDMC - CMS/select_--Select--Schedule 1Inj'

2018-06-10 21:32:50 - [MESSAGE][PASSED] - All options with index in [1] are selected on object 'Object Repository/MOH AND GRN/Page_KDMC - CMS/select_--Select--Schedule 1Inj'

2018-06-10 21:32:50 - [TEST_STEP][PASSED] - selectOptionByIndex: All options with index in [52] are selected on object 'Object Repository/MOH AND GRN/Page_KDMC - CMS/select_--Select--Adernaline 0.'

2018-06-10 21:32:50 - [MESSAGE][PASSED] - All options with index in [52] are selected on object 'Object Repository/MOH AND GRN/Page_KDMC - CMS/select_--Select--Adernaline 0.'

2018-06-10 21:32:50 - [TEST_STEP][PASSED] - setText: Text '5000' is set on object 'Object Repository/MOH AND GRN/Page_KDMC - CMS/input_txttreat'

2018-06-10 21:32:51 - [MESSAGE][PASSED] - Text '5000' is set on object 'Object Repository/MOH AND GRN/Page_KDMC - CMS/input_txttreat'

2018-06-10 21:32:51 - [TEST_STEP][PASSED] - click: Object: 'Object Repository/MOH AND GRN/Page_KDMC - CMS/button_Add' is clicked on

2018-06-10 21:32:51 - [MESSAGE][PASSED] - Object: 'Object Repository/MOH AND GRN/Page_KDMC - CMS/button_Add' is clicked on

2018-06-10 21:32:51 - [TEST_STEP][PASSED] - selectOptionByIndex: All options with index in [1] are selected on object 'Object Repository/MOH AND GRN/Page_KDMC - CMS/select_--Select--Schedule 1Inj'

2018-06-10 21:32:51 - [MESSAGE][PASSED] - All options with index in [1] are selected on object 'Object Repository/MOH AND GRN/Page_KDMC - CMS/select_--Select--Schedule 1Inj'

2018-06-10 21:32:51 - [TEST_STEP][PASSED] - selectOptionByIndex: All options with index in [53] are selected on object 'Object Repository/MOH AND GRN/Page_KDMC - CMS/select_--Select--Adernaline 0.'

2018-06-10 21:32:52 - [MESSAGE][PASSED] - All options with index in [53] are selected on object 'Object Repository/MOH AND GRN/Page_KDMC - CMS/select_--Select--Adernaline 0.'

2018-06-10 21:32:52 - [TEST_STEP][PASSED] - setText: Text '5000' is set on object 'Object Repository/MOH AND GRN/Page_KDMC - CMS/input_txttreat'

2018-06-10 21:32:52 - [MESSAGE][PASSED] - Text '5000' is set on object 'Object Repository/MOH AND GRN/Page_KDMC - CMS/input_txttreat'

2018-06-10 21:32:52 - [TEST_STEP][PASSED] - click: Object: 'Object Repository/MOH AND GRN/Page_KDMC - CMS/button_Add' is clicked on

2018-06-10 21:32:52 - [MESSAGE][PASSED] - Object: 'Object Repository/MOH AND GRN/Page_KDMC - CMS/button_Add' is clicked on

2018-06-10 21:32:52 - [TEST_STEP][PASSED] - selectOptionByIndex: All options with index in [1] are selected on object 'Object Repository/MOH AND GRN/Page_KDMC - CMS/select_--Select--Schedule 1Inj'

2018-06-10 21:32:52 - [MESSAGE][PASSED] - All options with index in [1] are selected on object 'Object Repository/MOH AND GRN/Page_KDMC - CMS/select_--Select--Schedule 1Inj'

2018-06-10 21:32:52 - [TEST_STEP][PASSED] - selectOptionByIndex: All options with index in [54] are selected on object 'Object Repository/MOH AND GRN/Page_KDMC - CMS/select_--Select--Adernaline 0.'

2018-06-10 21:32:53 - [MESSAGE][PASSED] - All options with index in [54] are selected on object 'Object Repository/MOH AND GRN/Page_KDMC - CMS/select_--Select--Adernaline 0.'

2018-06-10 21:32:53 - [TEST_STEP][PASSED] - setText: Text '5000' is set on object 'Object Repository/MOH AND GRN/Page_KDMC - CMS/input_txttreat'

2018-06-10 21:32:53 - [MESSAGE][PASSED] - Text '5000' is set on object 'Object Repository/MOH AND GRN/Page_KDMC - CMS/input_txttreat'

2018-06-10 21:32:53 - [TEST_STEP][PASSED] - click: Object: 'Object Repository/MOH AND GRN/Page_KDMC - CMS/button_Add' is clicked on

2018-06-10 21:32:53 - [MESSAGE][PASSED] - Object: 'Object Repository/MOH AND GRN/Page_KDMC - CMS/button_Add' is clicked on

2018-06-10 21:32:53 - [TEST_STEP][PASSED] - selectOptionByIndex: All options with index in [1] are selected on object 'Object Repository/MOH AND GRN/Page_KDMC - CMS/select_--Select--Schedule 1Inj'

2018-06-10 21:32:53 - [MESSAGE][PASSED] - All options with index in [1] are selected on object 'Object Repository/MOH AND GRN/Page_KDMC - CMS/select_--Select--Schedule 1Inj'

2018-06-10 21:32:53 - [TEST_STEP][PASSED] - selectOptionByIndex: All options with index in [55] are selected on object 'Object Repository/MOH AND GRN/Page_KDMC - CMS/select_--Select--Adernaline 0.'

2018-06-10 21:32:54 - [MESSAGE][PASSED] - All options with index in [55] are selected on object 'Object Repository/MOH AND GRN/Page_KDMC - CMS/select_--Select--Adernaline 0.'

2018-06-10 21:32:54 - [TEST_STEP][PASSED] - setText: Text '5000' is set on object 'Object Repository/MOH AND GRN/Page_KDMC - CMS/input_txttreat'

2018-06-10 21:32:54 - [MESSAGE][PASSED] - Text '5000' is set on object 'Object Repository/MOH AND GRN/Page_KDMC - CMS/input_txttreat'

2018-06-10 21:32:54 - [TEST_STEP][PASSED] - click: Object: 'Object Repository/MOH AND GRN/Page_KDMC - CMS/button_Add' is clicked on

2018-06-10 21:32:54 - [MESSAGE][PASSED] - Object: 'Object Repository/MOH AND GRN/Page_KDMC - CMS/button_Add' is clicked on

2018-06-10 21:32:54 - [TEST_STEP][PASSED] - selectOptionByIndex: All options with index in [1] are selected on object 'Object Repository/MOH AND GRN/Page_KDMC - CMS/select_--Select--Schedule 1Inj'

2018-06-10 21:32:54 - [MESSAGE][PASSED] - All options with index in [1] are selected on object 'Object Repository/MOH AND GRN/Page_KDMC - CMS/select_--Select--Schedule 1Inj'

2018-06-10 21:32:54 - [TEST_STEP][PASSED] - selectOptionByIndex: All options with index in [56] are selected on object 'Object Repository/MOH AND GRN/Page_KDMC - CMS/select_--Select--Adernaline 0.'

2018-06-10 21:32:55 - [MESSAGE][PASSED] - All options with index in [56] are selected on object 'Object Repository/MOH AND GRN/Page_KDMC - CMS/select_--Select--Adernaline 0.'

2018-06-10 21:32:55 - [TEST_STEP][PASSED] - setText: Text '5000' is set on object 'Object Repository/MOH AND GRN/Page_KDMC - CMS/input_txttreat'

2018-06-10 21:32:55 - [MESSAGE][PASSED] - Text '5000' is set on object 'Object Repository/MOH AND GRN/Page_KDMC - CMS/input_txttreat'

2018-06-10 21:32:55 - [TEST_STEP][PASSED] - click: Object: 'Object Repository/MOH AND GRN/Page_KDMC - CMS/button_Add' is clicked on

2018-06-10 21:32:55 - [MESSAGE][PASSED] - Object: 'Object Repository/MOH AND GRN/Page_KDMC - CMS/button_Add' is clicked on

2018-06-10 21:32:55 - [TEST_STEP][PASSED] - selectOptionByIndex: All options with index in [1] are selected on object 'Object Repository/MOH AND GRN/Page_KDMC - CMS/select_--Select--Schedule 1Inj'

2018-06-10 21:32:55 - [MESSAGE][PASSED] - All options with index in [1] are selected on object 'Object Repository/MOH AND GRN/Page_KDMC - CMS/select_--Select--Schedule 1Inj'

2018-06-10 21:32:55 - [TEST_STEP][PASSED] - selectOptionByIndex: All options with index in [57] are selected on object 'Object Repository/MOH AND GRN/Page_KDMC - CMS/select_--Select--Adernaline 0.'

2018-06-10 21:32:56 - [MESSAGE][PASSED] - All options with index in [57] are selected on object 'Object Repository/MOH AND GRN/Page_KDMC - CMS/select_--Select--Adernaline 0.'

2018-06-10 21:32:56 - [TEST_STEP][PASSED] - setText: Text '5000' is set on object 'Object Repository/MOH AND GRN/Page_KDMC - CMS/input_txttreat'

2018-06-10 21:32:56 - [MESSAGE][PASSED] - Text '5000' is set on object 'Object Repository/MOH AND GRN/Page_KDMC - CMS/input_txttreat'

2018-06-10 21:32:56 - [TEST_STEP][PASSED] - click: Object: 'Object Repository/MOH AND GRN/Page_KDMC - CMS/button_Add' is clicked on

2018-06-10 21:32:56 - [MESSAGE][PASSED] - Object: 'Object Repository/MOH AND GRN/Page_KDMC - CMS/button_Add' is clicked on

2018-06-10 21:32:56 - [TEST_STEP][PASSED] - selectOptionByIndex: All options with index in [1] are selected on object 'Object Repository/MOH AND GRN/Page_KDMC - CMS/select_--Select--Schedule 1Inj'

2018-06-10 21:32:56 - [MESSAGE][PASSED] - All options with index in [1] are selected on object 'Object Repository/MOH AND GRN/Page_KDMC - CMS/select_--Select--Schedule 1Inj'

2018-06-10 21:32:56 - [TEST_STEP][PASSED] - selectOptionByIndex: All options with index in [58] are selected on object 'Object Repository/MOH AND GRN/Page_KDMC - CMS/select_--Select--Adernaline 0.'

2018-06-10 21:32:57 - [MESSAGE][PASSED] - All options with index in [58] are selected on object 'Object Repository/MOH AND GRN/Page_KDMC - CMS/select_--Select--Adernaline 0.'

2018-06-10 21:32:57 - [TEST_STEP][PASSED] - setText: Text '5000' is set on object 'Object Repository/MOH AND GRN/Page_KDMC - CMS/input_txttreat'

2018-06-10 21:32:57 - [MESSAGE][PASSED] - Text '5000' is set on object 'Object Repository/MOH AND GRN/Page_KDMC - CMS/input_txttreat'

2018-06-10 21:32:57 - [TEST_STEP][PASSED] - click: Object: 'Object Repository/MOH AND GRN/Page_KDMC - CMS/button_Add' is clicked on

2018-06-10 21:32:57 - [MESSAGE][PASSED] - Object: 'Object Repository/MOH AND GRN/Page_KDMC - CMS/button_Add' is clicked on

2018-06-10 21:32:57 - [TEST_STEP][PASSED] - selectOptionByIndex: All options with index in [1] are selected on object 'Object Repository/MOH AND GRN/Page_KDMC - CMS/select_--Select--Schedule 1Inj'

2018-06-10 21:32:57 - [MESSAGE][PASSED] - All options with index in [1] are selected on object 'Object Repository/MOH AND GRN/Page_KDMC - CMS/select_--Select--Schedule 1Inj'

2018-06-10 21:32:57 - [TEST_STEP][PASSED] - selectOptionByIndex: All options with index in [59] are selected on object 'Object Repository/MOH AND GRN/Page_KDMC - CMS/select_--Select--Adernaline 0.'

2018-06-10 21:32:58 - [MESSAGE][PASSED] - All options with index in [59] are selected on object 'Object Repository/MOH AND GRN/Page_KDMC - CMS/select_--Select--Adernaline 0.'

2018-06-10 21:32:58 - [TEST_STEP][PASSED] - setText: Text '5000' is set on object 'Object Repository/MOH AND GRN/Page_KDMC - CMS/input_txttreat'

2018-06-10 21:32:58 - [MESSAGE][PASSED] - Text '5000' is set on object 'Object Repository/MOH AND GRN/Page_KDMC - CMS/input_txttreat'

2018-06-10 21:32:58 - [TEST_STEP][PASSED] - click: Object: 'Object Repository/MOH AND GRN/Page_KDMC - CMS/button_Add' is clicked on

2018-06-10 21:32:58 - [MESSAGE][PASSED] - Object: 'Object Repository/MOH AND GRN/Page_KDMC - CMS/button_Add' is clicked on

2018-06-10 21:32:58 - [TEST_STEP][PASSED] - selectOptionByIndex: All options with index in [1] are selected on object 'Object Repository/MOH AND GRN/Page_KDMC - CMS/select_--Select--Schedule 1Inj'

2018-06-10 21:32:58 - [MESSAGE][PASSED] - All options with index in [1] are selected on object 'Object Repository/MOH AND GRN/Page_KDMC - CMS/select_--Select--Schedule 1Inj'

2018-06-10 21:32:58 - [TEST_STEP][PASSED] - selectOptionByIndex: All options with index in [60] are selected on object 'Object Repository/MOH AND GRN/Page_KDMC - CMS/select_--Select--Adernaline 0.'

2018-06-10 21:32:59 - [MESSAGE][PASSED] - All options with index in [60] are selected on object 'Object Repository/MOH AND GRN/Page_KDMC - CMS/select_--Select--Adernaline 0.'

2018-06-10 21:32:59 - [TEST_STEP][PASSED] - setText: Text '5000' is set on object 'Object Repository/MOH AND GRN/Page_KDMC - CMS/input_txttreat'

2018-06-10 21:32:59 - [MESSAGE][PASSED] - Text '5000' is set on object 'Object Repository/MOH AND GRN/Page_KDMC - CMS/input_txttreat'

2018-06-10 21:32:59 - [TEST_STEP][PASSED] - click: Object: 'Object Repository/MOH AND GRN/Page_KDMC - CMS/button_Add' is clicked on

2018-06-10 21:32:59 - [MESSAGE][PASSED] - Object: 'Object Repository/MOH AND GRN/Page_KDMC - CMS/button_Add' is clicked on

2018-06-10 21:32:59 - [TEST_STEP][PASSED] - selectOptionByIndex: All options with index in [1] are selected on object 'Object Repository/MOH AND GRN/Page_KDMC - CMS/select_--Select--Schedule 1Inj'

2018-06-10 21:32:59 - [MESSAGE][PASSED] - All options with index in [1] are selected on object 'Object Repository/MOH AND GRN/Page_KDMC - CMS/select_--Select--Schedule 1Inj'

2018-06-10 21:32:59 - [TEST_STEP][PASSED] - selectOptionByIndex: All options with index in [61] are selected on object 'Object Repository/MOH AND GRN/Page_KDMC - CMS/select_--Select--Adernaline 0.'

2018-06-10 21:33:00 - [MESSAGE][PASSED] - All options with index in [61] are selected on object 'Object Repository/MOH AND GRN/Page_KDMC - CMS/select_--Select--Adernaline 0.'

2018-06-10 21:33:00 - [TEST_STEP][PASSED] - setText: Text '5000' is set on object 'Object Repository/MOH AND GRN/Page_KDMC - CMS/input_txttreat'

2018-06-10 21:33:00 - [MESSAGE][PASSED] - Text '5000' is set on object 'Object Repository/MOH AND GRN/Page_KDMC - CMS/input_txttreat'

2018-06-10 21:33:00 - [TEST_STEP][PASSED] - click: Object: 'Object Repository/MOH AND GRN/Page_KDMC - CMS/button_Add' is clicked on

2018-06-10 21:33:00 - [MESSAGE][PASSED] - Object: 'Object Repository/MOH AND GRN/Page_KDMC - CMS/button_Add' is clicked on

2018-06-10 21:33:00 - [TEST_STEP][PASSED] - selectOptionByIndex: All options with index in [1] are selected on object 'Object Repository/MOH AND GRN/Page_KDMC - CMS/select_--Select--Schedule 1Inj'

2018-06-10 21:33:00 - [MESSAGE][PASSED] - All options with index in [1] are selected on object 'Object Repository/MOH AND GRN/Page_KDMC - CMS/select_--Select--Schedule 1Inj'

2018-06-10 21:33:00 - [TEST_STEP][PASSED] - selectOptionByIndex: All options with index in [62] are selected on object 'Object Repository/MOH AND GRN/Page_KDMC - CMS/select_--Select--Adernaline 0.'

2018-06-10 21:33:01 - [MESSAGE][PASSED] - All options with index in [62] are selected on object 'Object Repository/MOH AND GRN/Page_KDMC - CMS/select_--Select--Adernaline 0.'

2018-06-10 21:33:01 - [TEST_STEP][PASSED] - setText: Text '5000' is set on object 'Object Repository/MOH AND GRN/Page_KDMC - CMS/input_txttreat'

2018-06-10 21:33:01 - [MESSAGE][PASSED] - Text '5000' is set on object 'Object Repository/MOH AND GRN/Page_KDMC - CMS/input_txttreat'

2018-06-10 21:33:01 - [TEST_STEP][PASSED] - click: Object: 'Object Repository/MOH AND GRN/Page_KDMC - CMS/button_Add' is clicked on

2018-06-10 21:33:01 - [MESSAGE][PASSED] - Object: 'Object Repository/MOH AND GRN/Page_KDMC - CMS/button_Add' is clicked on

2018-06-10 21:33:01 - [TEST_STEP][PASSED] - scrollToElement: Scroll to object 'Object Repository/MOH AND GRN/Page_KDMC - CMS/input_btnsave' successfully

2018-06-10 21:33:01 - [MESSAGE][PASSED] - Scroll to object 'Object Repository/MOH AND GRN/Page_KDMC - CMS/input_btnsave' successfully

2018-06-10 21:33:01 - [TEST_STEP][PASSED] - click: Object: 'Object Repository/MOH AND GRN/Page_KDMC - CMS/input_btnsave' is clicked on

2018-06-10 21:33:01 - [MESSAGE][PASSED] - Object: 'Object Repository/MOH AND GRN/Page_KDMC - CMS/input_btnsave' is clicked on

2018-06-10 21:33:01 - [TEST_STEP][PASSED] - delay: Delayed 3 second(s)

2018-06-10 21:33:04 - [MESSAGE][PASSED] - Delayed 3 second(s)

2018-06-10 21:33:04 - [TEST_STEP][PASSED] - Statement - Request1 = com.kms.katalon.core.webui.keyword.WebUiBuiltInKeywords.getText(com.kms.katalon.core.testobject.ObjectRepository.findTestObject(MOH AND GRN/Page_KDMC - CMS/font_PRNO0505201876)): Text of object 'Object Repository/MOH AND GRN/Page_KDMC - CMS/font_PRNO0505201876' is: 'PRNO/10062018/357'

2018-06-10 21:33:04 - [MESSAGE][PASSED] - Text of object 'Object Repository/MOH AND GRN/Page_KDMC - CMS/font_PRNO0505201876' is: 'PRNO/10062018/357'

2018-06-10 21:33:04 - [TEST_STEP][PASSED] - Statement - out.println("Length OF The Medicine " + Request1): null

2018-06-10 21:33:04 - [TEST_STEP][PASSED] - Statement - RequestNUmber = Request1.split("/")[2].trim(): null

2018-06-10 21:33:04 - [TEST_STEP][PASSED] - Statement - out.println("ID IS " + RequestNUmber): null

2018-06-10 21:33:04 - [TEST_STEP][PASSED] - delay: Delayed 3 second(s)

2018-06-10 21:33:07 - [MESSAGE][PASSED] - Delayed 3 second(s)

2018-06-10 21:33:07 - [TEST_STEP][PASSED] - click: Object: 'Object Repository/MOH AND GRN/Page_KDMC - CMS/button_OK' is clicked on

2018-06-10 21:33:08 - [MESSAGE][PASSED] - Object: 'Object Repository/MOH AND GRN/Page_KDMC - CMS/button_OK' is clicked on

2018-06-10 21:33:08 - [TEST_STEP][PASSED] - click: Object: 'Object Repository/MOH AND GRN/Page_KDMC - CMS/a_dropdown-toggle' is clicked on

2018-06-10 21:33:09 - [MESSAGE][PASSED] - Object: 'Object Repository/MOH AND GRN/Page_KDMC - CMS/a_dropdown-toggle' is clicked on

2018-06-10 21:33:09 - [TEST_STEP][PASSED] - click: Object: 'Object Repository/MOH AND GRN/Page_KDMC - CMS/a_Sign out' is clicked on

2018-06-10 21:33:10 - [MESSAGE][PASSED] - Object: 'Object Repository/MOH AND GRN/Page_KDMC - CMS/a_Sign out' is clicked on

2018-06-10 21:33:10 - [TEST_STEP][PASSED] - delay: Delayed 4 second(s)

2018-06-10 21:33:14 - [MESSAGE][PASSED] - Delayed 4 second(s)

2018-06-10 21:33:14 - [TEST_STEP][PASSED] - click: Object: 'Object Repository/MOH AND GRN/Page_KDMC/a_Admin Master' is clicked on

2018-06-10 21:33:15 - [MESSAGE][PASSED] - Object: 'Object Repository/MOH AND GRN/Page_KDMC/a_Admin Master' is clicked on

2018-06-10 21:33:15 - [TEST_STEP][PASSED] - setText: Text 'admin' is set on object 'Object Repository/MOH AND GRN/Page_Admin login/input_txtusername'

2018-06-10 21:33:15 - [MESSAGE][PASSED] - Text 'admin' is set on object 'Object Repository/MOH AND GRN/Page_Admin login/input_txtusername'

2018-06-10 21:33:15 - [TEST_STEP][PASSED] - setText: Text 'admin123' is set on object 'Object Repository/MOH AND GRN/Page_Admin login/input_txtpassword'

2018-06-10 21:33:15 - [MESSAGE][PASSED] - Text 'admin123' is set on object 'Object Repository/MOH AND GRN/Page_Admin login/input_txtpassword'

2018-06-10 21:33:15 - [TEST_STEP][PASSED] - delay: Delayed 3 second(s)

2018-06-10 21:33:18 - [MESSAGE][PASSED] - Delayed 3 second(s)

2018-06-10 21:33:18 - [TEST_STEP][PASSED] - click: Object: 'Object Repository/MOH AND GRN/Page_Admin login/button_Sign in' is clicked on

2018-06-10 21:33:20 - [MESSAGE][PASSED] - Object: 'Object Repository/MOH AND GRN/Page_Admin login/button_Sign in' is clicked on

2018-06-10 21:33:20 - [TEST_STEP][PASSED] - delay: Delayed 20 second(s)

2018-06-10 21:33:40 - [MESSAGE][PASSED] - Delayed 20 second(s)

2018-06-10 21:33:40 - [TEST_STEP][PASSED] - scrollToPosition: Browser is scrolled to position x = 200, y = 200

2018-06-10 21:33:40 - [MESSAGE][PASSED] - Browser is scrolled to position x = 200, y = 200

2018-06-10 21:33:40 - [TEST_STEP][PASSED] - click: Object: 'Object Repository/MOH AND GRN/Page_KDMC/a_CMS_1' is clicked on

2018-06-10 21:33:40 - [MESSAGE][PASSED] - Object: 'Object Repository/MOH AND GRN/Page_KDMC/a_CMS_1' is clicked on

2018-06-10 21:33:40 - [TEST_STEP][PASSED] - click: Object: 'Object Repository/MOH AND GRN/Page_KDMC/a_Request List' is clicked on

2018-06-10 21:33:42 - [MESSAGE][PASSED] - Object: 'Object Repository/MOH AND GRN/Page_KDMC/a_Request List' is clicked on

2018-06-10 21:33:42 - [TEST_STEP][PASSED] - Statement - RequestNumberId = com.kms.katalon.core.webui.keyword.WebUiBuiltInKeywords.modifyObjectProperty(com.kms.katalon.core.testobject.ObjectRepository.findTestObject(MOH AND GRN/Page_KDMC - CMS/input_PO0032), "xpath", "equals", "//*[@id =" + RequestNUmber + "]", true): Modify property of object successfully

2018-06-10 21:33:42 - [MESSAGE][PASSED] - Modify property of object successfully

2018-06-10 21:33:42 - [TEST_STEP][PASSED] - click: Object: 'Object Repository/MOH AND GRN/Page_KDMC - CMS/input_PO0032' is clicked on

2018-06-10 21:33:42 - [MESSAGE][PASSED] - Object: 'Object Repository/MOH AND GRN/Page_KDMC - CMS/input_PO0032' is clicked on

2018-06-10 21:33:42 - [TEST_STEP][PASSED] - delay: Delayed 3 second(s)

2018-06-10 21:33:45 - [MESSAGE][PASSED] - Delayed 3 second(s)

2018-06-10 21:33:45 - [TEST_STEP][PASSED] - selectOptionByIndex: All options with index in [1] are selected on object 'Object Repository/MOH AND GRN/Page_KDMC/select_--Select--'

2018-06-10 21:33:45 - [MESSAGE][PASSED] - All options with index in [1] are selected on object 'Object Repository/MOH AND GRN/Page_KDMC/select_--Select--'

2018-06-10 21:33:45 - [TEST_STEP][PASSED] - click: Object: 'Object Repository/MOH AND GRN/Page_KDMC/input_btnupdate' is clicked on

2018-06-10 21:33:45 - [MESSAGE][PASSED] - Object: 'Object Repository/MOH AND GRN/Page_KDMC/input_btnupdate' is clicked on

2018-06-10 21:33:45 - [TEST_STEP][PASSED] - delay: Delayed 3 second(s)

2018-06-10 21:33:48 - [MESSAGE][PASSED] - Delayed 3 second(s)

2018-06-10 21:33:48 - [TEST_STEP][PASSED] - click: Object: 'Object Repository/MOH AND GRN/Page_KDMC/button_OK' is clicked on

2018-06-10 21:33:49 - [MESSAGE][PASSED] - Object: 'Object Repository/MOH AND GRN/Page_KDMC/button_OK' is clicked on

2018-06-10 21:33:49 - [TEST_STEP][PASSED] - delay: Delayed 3 second(s)

2018-06-10 21:33:52 - [MESSAGE][PASSED] - Delayed 3 second(s)

2018-06-10 21:33:52 - [TEST_STEP][PASSED] - scrollToPosition: Browser is scrolled to position x = 200, y = 200

2018-06-10 21:33:53 - [MESSAGE][PASSED] - Browser is scrolled to position x = 200, y = 200

2018-06-10 21:33:53 - [TEST_STEP][PASSED] - click: Object: 'Object Repository/MOH AND GRN/Page_KDMC/a_CMS_2' is clicked on

2018-06-10 21:33:53 - [MESSAGE][PASSED] - Object: 'Object Repository/MOH AND GRN/Page_KDMC/a_CMS_2' is clicked on

2018-06-10 21:33:53 - [TEST_STEP][PASSED] - delay: Delayed 2 second(s)

2018-06-10 21:33:55 - [MESSAGE][PASSED] - Delayed 2 second(s)

2018-06-10 21:33:55 - [TEST_STEP][PASSED] - click: Object: 'Object Repository/MOH AND GRN/Page_KDMC/a_Generate P.O' is clicked on

2018-06-10 21:33:55 - [MESSAGE][PASSED] - Object: 'Object Repository/MOH AND GRN/Page_KDMC/a_Generate P.O' is clicked on

2018-06-10 21:33:55 - [TEST_STEP][PASSED] - delay: Delayed 2 second(s)

2018-06-10 21:33:57 - [MESSAGE][PASSED] - Delayed 2 second(s)

2018-06-10 21:33:57 - [TEST_STEP][PASSED] - selectOptionByIndex: All options with index in [1] are selected on object 'Object Repository/MOH AND GRN/Page_KDMC/select_--Select--PRNO040520183'

2018-06-10 21:33:57 - [MESSAGE][PASSED] - All options with index in [1] are selected on object 'Object Repository/MOH AND GRN/Page_KDMC/select_--Select--PRNO040520183'

2018-06-10 21:33:57 - [TEST_STEP][PASSED] - selectOptionByIndex: All options with index in [7] are selected on object 'Object Repository/MOH AND GRN/Page_KDMC/select_--Select--Hamen Chandra'

2018-06-10 21:33:58 - [MESSAGE][PASSED] - All options with index in [7] are selected on object 'Object Repository/MOH AND GRN/Page_KDMC/select_--Select--Hamen Chandra'

2018-06-10 21:33:58 - [TEST_STEP][PASSED] - Statement - PONumber = com.kms.katalon.core.webui.keyword.WebUiBuiltInKeywords.getText(com.kms.katalon.core.testobject.ObjectRepository.findTestObject(MOH AND GRN/Page_KDMC/input_lblpono)).trim(): Text of object 'Object Repository/MOH AND GRN/Page_KDMC/input_lblpono' is: ''

2018-06-10 21:33:58 - [MESSAGE][PASSED] - Text of object 'Object Repository/MOH AND GRN/Page_KDMC/input_lblpono' is: ''

2018-06-10 21:33:58 - [TEST_STEP][PASSED] - Statement - PONumber1 = com.kms.katalon.core.webui.keyword.WebUiBuiltInKeywords.getAttribute(com.kms.katalon.core.testobject.ObjectRepository.findTestObject(MOH AND GRN/Page_KDMC/input_lblpono), "value").trim(): Attribute 'value' of object 'Object Repository/MOH AND GRN/Page_KDMC/input_lblpono' is: 'PO00208'

2018-06-10 21:33:58 - [MESSAGE][PASSED] - Attribute 'value' of object 'Object Repository/MOH AND GRN/Page_KDMC/input_lblpono' is: 'PO00208'

2018-06-10 21:33:58 - [TEST_STEP][PASSED] - Statement - out.println("PO NUMBER :" + PONumber): null

2018-06-10 21:33:58 - [TEST_STEP][PASSED] - Statement - out.println("PO NUMBER :" + PONumber1): null

2018-06-10 21:33:58 - [TEST_STEP][PASSED] - click: Object: 'Object Repository/MOH AND GRN/Page_KDMC/input_chkrem' is clicked on

2018-06-10 21:33:58 - [MESSAGE][PASSED] - Object: 'Object Repository/MOH AND GRN/Page_KDMC/input_chkrem' is clicked on

2018-06-10 21:33:58 - [TEST_STEP][PASSED] - scrollToElement: Scroll to object 'Object Repository/MOH AND GRN/Page_KDMC/input_btnreturn' successfully

2018-06-10 21:33:58 - [MESSAGE][PASSED] - Scroll to object 'Object Repository/MOH AND GRN/Page_KDMC/input_btnreturn' successfully

2018-06-10 21:33:58 - [TEST_STEP][PASSED] - click: Object: 'Object Repository/MOH AND GRN/Page_KDMC/input_btnreturn' is clicked on

2018-06-10 21:33:58 - [MESSAGE][PASSED] - Object: 'Object Repository/MOH AND GRN/Page_KDMC/input_btnreturn' is clicked on

2018-06-10 21:33:58 - [TEST_STEP][PASSED] - delay: Delayed 3 second(s)

2018-06-10 21:34:01 - [MESSAGE][PASSED] - Delayed 3 second(s)

2018-06-10 21:34:01 - [TEST_STEP][PASSED] - click: Object: 'Object Repository/MOH AND GRN/Page_KDMC/button_Yes' is clicked on

2018-06-10 21:34:01 - [MESSAGE][PASSED] - Object: 'Object Repository/MOH AND GRN/Page_KDMC/button_Yes' is clicked on

2018-06-10 21:34:01 - [TEST_STEP][PASSED] - delay: Delayed 3 second(s)

2018-06-10 21:34:04 - [MESSAGE][PASSED] - Delayed 3 second(s)

2018-06-10 21:34:04 - [TEST_STEP][PASSED] - click: Object: 'Object Repository/MOH AND GRN/Page_KDMC/button_OK' is clicked on

2018-06-10 21:34:05 - [MESSAGE][PASSED] - Object: 'Object Repository/MOH AND GRN/Page_KDMC/button_OK' is clicked on

2018-06-10 21:34:05 - [TEST_STEP][PASSED] - delay: Delayed 3 second(s)

2018-06-10 21:34:08 - [MESSAGE][PASSED] - Delayed 3 second(s)

2018-06-10 21:34:08 - [TEST_STEP][PASSED] - click: Object: 'Object Repository/MOH AND GRN/Page_KDMC/a_dropdown-toggle' is clicked on

2018-06-10 21:34:08 - [MESSAGE][PASSED] - Object: 'Object Repository/MOH AND GRN/Page_KDMC/a_dropdown-toggle' is clicked on

2018-06-10 21:34:08 - [TEST_STEP][PASSED] - click: Object: 'Object Repository/MOH AND GRN/Page_KDMC/a_Sign out' is clicked on

2018-06-10 21:34:08 - [MESSAGE][PASSED] - Object: 'Object Repository/MOH AND GRN/Page_KDMC/a_Sign out' is clicked on

2018-06-10 21:34:08 - [TEST_STEP][PASSED] - delay: Delayed 4 second(s)

2018-06-10 21:34:12 - [MESSAGE][PASSED] - Delayed 4 second(s)

2018-06-10 21:34:12 - [TEST_STEP][PASSED] - click: Object: 'Object Repository/MOH AND GRN/Page_KDMC/a_CMS' is clicked on

2018-06-10 21:34:13 - [MESSAGE][PASSED] - Object: 'Object Repository/MOH AND GRN/Page_KDMC/a_CMS' is clicked on

2018-06-10 21:34:13 - [TEST_STEP][PASSED] - setText: Text 'bala' is set on object 'Object Repository/MOH AND GRN/Page_CMS login/input_txtusername'

2018-06-10 21:34:13 - [MESSAGE][PASSED] - Text 'bala' is set on object 'Object Repository/MOH AND GRN/Page_CMS login/input_txtusername'

2018-06-10 21:34:13 - [TEST_STEP][PASSED] - setText: Text '123' is set on object 'Object Repository/MOH AND GRN/Page_CMS login/input_txtpassword'

2018-06-10 21:34:13 - [MESSAGE][PASSED] - Text '123' is set on object 'Object Repository/MOH AND GRN/Page_CMS login/input_txtpassword'

2018-06-10 21:34:13 - [TEST_STEP][PASSED] - delay: Delayed 3 second(s)

2018-06-10 21:34:16 - [MESSAGE][PASSED] - Delayed 3 second(s)

2018-06-10 21:34:16 - [TEST_STEP][PASSED] - click: Object: 'Object Repository/MOH AND GRN/Page_CMS login/button_Sign in' is clicked on

2018-06-10 21:34:17 - [MESSAGE][PASSED] - Object: 'Object Repository/MOH AND GRN/Page_CMS login/button_Sign in' is clicked on

2018-06-10 21:34:17 - [TEST_STEP][PASSED] - click: Object: 'Object Repository/MOH AND GRN/Page_KDMC - CMS/a_CMS Details' is clicked on

2018-06-10 21:34:17 - [MESSAGE][PASSED] - Object: 'Object Repository/MOH AND GRN/Page_KDMC - CMS/a_CMS Details' is clicked on

2018-06-10 21:34:17 - [TEST_STEP][PASSED] - delay: Delayed 2 second(s)

2018-06-10 21:34:19 - [MESSAGE][PASSED] - Delayed 2 second(s)

2018-06-10 21:34:19 - [TEST_STEP][PASSED] - click: Object: 'Object Repository/MOH AND GRN/Page_KDMC - CMS/a_Goods Receive' is clicked on

2018-06-10 21:34:19 - [MESSAGE][PASSED] - Object: 'Object Repository/MOH AND GRN/Page_KDMC - CMS/a_Goods Receive' is clicked on

2018-06-10 21:34:19 - [TEST_STEP][PASSED] - delay: Delayed 2 second(s)

2018-06-10 21:34:21 - [MESSAGE][PASSED] - Delayed 2 second(s)

2018-06-10 21:34:21 - [TEST_STEP][PASSED] - selectOptionByLabel: All options with label 'PO00208' are selected in object 'Object Repository/MOH AND GRN/Page_KDMC - CMS/select_--Select--PO0032PO0031P' 

2018-06-10 21:34:22 - [MESSAGE][PASSED] - All options with label 'PO00208' are selected in object 'Object Repository/MOH AND GRN/Page_KDMC - CMS/select_--Select--PO0032PO0031P' 

2018-06-10 21:34:22 - [TEST_STEP][PASSED] - setText: Finding Test Object with id 'Object Repository/MOH AND GRN/Page_KDMC - CMS/input_txtgrnno'

2018-06-10 21:34:22 - [TEST_STEP][PASSED] - Statement - switch (id): Text 'INV423.0' is set on object 'Object Repository/MOH AND GRN/Page_KDMC - CMS/input_txtgrnno'

2018-06-10 21:34:22 - [TEST_STEP][PASSED] - Statement - case 2:: Text 'INV423.0' is set on object 'Object Repository/MOH AND GRN/Page_KDMC - CMS/input_txtgrnno'

2018-06-10 21:34:22 - [TEST_STEP][PASSED] - Statement - return (java.lang.Math.floor((java.lang.Math.random() * ((max - min) + 1))) + min): Text 'INV423.0' is set on object 'Object Repository/MOH AND GRN/Page_KDMC - CMS/input_txtgrnno'

2018-06-10 21:34:22 - [MESSAGE][PASSED] - Text 'INV423.0' is set on object 'Object Repository/MOH AND GRN/Page_KDMC - CMS/input_txtgrnno'

2018-06-10 21:34:22 - [TEST_STEP][PASSED] - selectOptionByIndex: All options with index in [1] are selected on object 'Object Repository/MOH AND GRN/Page_KDMC - CMS/select_--Select--PERUMAL PHARM'

2018-06-10 21:34:22 - [MESSAGE][PASSED] - All options with index in [1] are selected on object 'Object Repository/MOH AND GRN/Page_KDMC - CMS/select_--Select--PERUMAL PHARM'

2018-06-10 21:34:22 - [TEST_STEP][PASSED] - setText: Text '15000' is set on object 'Object Repository/MOH AND GRN/Page_KDMC - CMS/input_txtgrnno_1'

2018-06-10 21:34:22 - [MESSAGE][PASSED] - Text '15000' is set on object 'Object Repository/MOH AND GRN/Page_KDMC - CMS/input_txtgrnno_1'

2018-06-10 21:34:22 - [TEST_STEP][PASSED] - setText: Text '500' is set on object 'Object Repository/MOH AND GRN/Page_KDMC - CMS/input_txtgrnno_2'

2018-06-10 21:34:22 - [MESSAGE][PASSED] - Text '500' is set on object 'Object Repository/MOH AND GRN/Page_KDMC - CMS/input_txtgrnno_2'

2018-06-10 21:34:22 - [TEST_STEP][PASSED] - setText: Finding Test Object with id 'Object Repository/MOH AND GRN/Page_KDMC - CMS/input_txtgrnno_3'

2018-06-10 21:34:22 - [TEST_STEP][PASSED] - Statement - switch (id): Text 'CH739.0' is set on object 'Object Repository/MOH AND GRN/Page_KDMC - CMS/input_txtgrnno_3'

2018-06-10 21:34:22 - [TEST_STEP][PASSED] - Statement - case 3:: Text 'CH739.0' is set on object 'Object Repository/MOH AND GRN/Page_KDMC - CMS/input_txtgrnno_3'

2018-06-10 21:34:22 - [TEST_STEP][PASSED] - Statement - return (java.lang.Math.floor((java.lang.Math.random() * ((max - min) + 1))) + min): Text 'CH739.0' is set on object 'Object Repository/MOH AND GRN/Page_KDMC - CMS/input_txtgrnno_3'

2018-06-10 21:34:22 - [MESSAGE][PASSED] - Text 'CH739.0' is set on object 'Object Repository/MOH AND GRN/Page_KDMC - CMS/input_txtgrnno_3'

2018-06-10 21:34:22 - [TEST_STEP][PASSED] - scrollToPosition: Browser is scrolled to position x = 200, y = 200

2018-06-10 21:34:22 - [MESSAGE][PASSED] - Browser is scrolled to position x = 200, y = 200

2018-06-10 21:34:22 - [TEST_STEP][PASSED] - Statement - GrnLength = com.kms.katalon.core.webui.keyword.WebUiBuiltInKeywords.getNumberOfTotalOption(com.kms.katalon.core.testobject.ObjectRepository.findTestObject(MOH AND GRN/Page_KDMC - CMS/select_--Select--Amikacin -500)): 63 options of object 'Object Repository/MOH AND GRN/Page_KDMC - CMS/select_--Select--Amikacin -500' counted

2018-06-10 21:34:22 - [MESSAGE][PASSED] - 63 options of object 'Object Repository/MOH AND GRN/Page_KDMC - CMS/select_--Select--Amikacin -500' counted

2018-06-10 21:34:22 - [TEST_STEP][PASSED] - Statement - out.println("Length OF The Medicine " + GrnLength): null

2018-06-10 21:34:22 - [TEST_STEP][PASSED] - Statement - s = 1: null

2018-06-10 21:34:22 - [TEST_STEP][PASSED] - Statement - For ([t = 1, t < GrnLength, (t++)]): Finding Test Object with id 'Object Repository/MOH AND GRN/Page_KDMC - CMS/input_txtmrp'

2018-06-10 21:34:22 - [TEST_STEP][PASSED] - selectOptionByIndex: All options with index in [1] are selected on object 'Object Repository/MOH AND GRN/Page_KDMC - CMS/select_--Select--Amikacin -500'

2018-06-10 21:34:23 - [MESSAGE][PASSED] - All options with index in [1] are selected on object 'Object Repository/MOH AND GRN/Page_KDMC - CMS/select_--Select--Amikacin -500'

2018-06-10 21:34:23 - [TEST_STEP][PASSED] - setText: Text '5000' is set on object 'Object Repository/MOH AND GRN/Page_KDMC - CMS/input_txtqty'

2018-06-10 21:34:23 - [MESSAGE][PASSED] - Text '5000' is set on object 'Object Repository/MOH AND GRN/Page_KDMC - CMS/input_txtqty'

2018-06-10 21:34:23 - [TEST_STEP][PASSED] - selectOptionByIndex: All options with index in [1] are selected on object 'Object Repository/MOH AND GRN/Page_KDMC - CMS/select_--Select--No Tax0'

2018-06-10 21:34:23 - [MESSAGE][PASSED] - All options with index in [1] are selected on object 'Object Repository/MOH AND GRN/Page_KDMC - CMS/select_--Select--No Tax0'

2018-06-10 21:34:23 - [TEST_STEP][PASSED] - setText: Finding Test Object with id 'Object Repository/MOH AND GRN/Page_KDMC - CMS/input_txtmrp'

2018-06-10 21:34:23 - [TEST_STEP][PASSED] - Statement - switch (id): Finding Test Object with id 'Object Repository/MOH AND GRN/Page_KDMC - CMS/input_txtdeal'

2018-06-10 21:34:23 - [TEST_STEP][PASSED] - Statement - case 4:: Text '36.0' is set on object 'Object Repository/MOH AND GRN/Page_KDMC - CMS/input_txtmrp'

2018-06-10 21:34:23 - [TEST_STEP][PASSED] - Statement - return (java.lang.Math.floor((java.lang.Math.random() * ((max - min) + 1))) + min): Text '36.0' is set on object 'Object Repository/MOH AND GRN/Page_KDMC - CMS/input_txtmrp'

2018-06-10 21:34:23 - [MESSAGE][PASSED] - Text '36.0' is set on object 'Object Repository/MOH AND GRN/Page_KDMC - CMS/input_txtmrp'

2018-06-10 21:34:23 - [TEST_STEP][PASSED] - setText: Finding Test Object with id 'Object Repository/MOH AND GRN/Page_KDMC - CMS/input_txtdeal'

2018-06-10 21:34:23 - [TEST_STEP][PASSED] - Statement - switch (id): Finding Test Object with id 'Object Repository/MOH AND GRN/Page_KDMC - CMS/input_txtbatchno'

2018-06-10 21:34:23 - [TEST_STEP][PASSED] - Statement - case 5:: Text '8.0' is set on object 'Object Repository/MOH AND GRN/Page_KDMC - CMS/input_txtdeal'

2018-06-10 21:34:23 - [TEST_STEP][PASSED] - Statement - return (java.lang.Math.floor((java.lang.Math.random() * ((max - min) + 1))) + min): Text '8.0' is set on object 'Object Repository/MOH AND GRN/Page_KDMC - CMS/input_txtdeal'

2018-06-10 21:34:23 - [MESSAGE][PASSED] - Text '8.0' is set on object 'Object Repository/MOH AND GRN/Page_KDMC - CMS/input_txtdeal'

2018-06-10 21:34:23 - [TEST_STEP][PASSED] - setText: Finding Test Object with id 'Object Repository/MOH AND GRN/Page_KDMC - CMS/input_txtbatchno'

2018-06-10 21:34:23 - [TEST_STEP][PASSED] - Statement - switch (id): Finding Test Object with id 'Object Repository/MOH AND GRN/Page_KDMC - CMS/input_txtmrp'

2018-06-10 21:34:23 - [TEST_STEP][PASSED] - Statement - case 1:: Text 'BA747.0' is set on object 'Object Repository/MOH AND GRN/Page_KDMC - CMS/input_txtbatchno'

2018-06-10 21:34:23 - [TEST_STEP][PASSED] - Statement - return (java.lang.Math.floor((java.lang.Math.random() * ((max - min) + 1))) + min): Text 'BA747.0' is set on object 'Object Repository/MOH AND GRN/Page_KDMC - CMS/input_txtbatchno'

2018-06-10 21:34:23 - [MESSAGE][PASSED] - Text 'BA747.0' is set on object 'Object Repository/MOH AND GRN/Page_KDMC - CMS/input_txtbatchno'

2018-06-10 21:34:23 - [TEST_STEP][PASSED] - rightClick: Object: 'Object Repository/GRN/Page_KDMC - CMS/input_txtexpdate' is right clicked on

2018-06-10 21:34:23 - [MESSAGE][PASSED] - Object: 'Object Repository/GRN/Page_KDMC - CMS/input_txtexpdate' is right clicked on

2018-06-10 21:34:23 - [TEST_STEP][PASSED] - selectOptionByIndex: All options with index in [1] are selected on object 'Object Repository/GRN/Page_KDMC - CMS/select_20182019202020212022202'

2018-06-10 21:34:24 - [MESSAGE][PASSED] - All options with index in [1] are selected on object 'Object Repository/GRN/Page_KDMC - CMS/select_20182019202020212022202'

2018-06-10 21:34:24 - [TEST_STEP][PASSED] - selectOptionByIndex: All options with index in [1] are selected on object 'Object Repository/GRN/Page_KDMC - CMS/select_JanFebMarAprMayJunJulAu'

2018-06-10 21:34:24 - [MESSAGE][PASSED] - All options with index in [1] are selected on object 'Object Repository/GRN/Page_KDMC - CMS/select_JanFebMarAprMayJunJulAu'

2018-06-10 21:34:24 - [TEST_STEP][PASSED] - click: Object: 'Object Repository/MOH AND GRN/Page_KDMC - CMS/a_12' is clicked on

2018-06-10 21:34:24 - [MESSAGE][PASSED] - Object: 'Object Repository/MOH AND GRN/Page_KDMC - CMS/a_12' is clicked on

2018-06-10 21:34:24 - [TEST_STEP][PASSED] - click: Object: 'Object Repository/MOH AND GRN/Page_KDMC - CMS/input_btnadd' is clicked on

2018-06-10 21:34:24 - [MESSAGE][PASSED] - Object: 'Object Repository/MOH AND GRN/Page_KDMC - CMS/input_btnadd' is clicked on

2018-06-10 21:34:24 - [TEST_STEP][PASSED] - Statement - If (s == 10): null

2018-06-10 21:34:24 - [TEST_STEP][PASSED] - Statement - Else: null

2018-06-10 21:34:24 - [TEST_STEP][PASSED] - Statement - (s++): null

2018-06-10 21:34:24 - [TEST_STEP][PASSED] - delay: Delayed 1 second(s)

2018-06-10 21:34:25 - [MESSAGE][PASSED] - Delayed 1 second(s)

2018-06-10 21:34:25 - [TEST_STEP][PASSED] - selectOptionByIndex: All options with index in [2] are selected on object 'Object Repository/MOH AND GRN/Page_KDMC - CMS/select_--Select--Amikacin -500'

2018-06-10 21:34:25 - [MESSAGE][PASSED] - All options with index in [2] are selected on object 'Object Repository/MOH AND GRN/Page_KDMC - CMS/select_--Select--Amikacin -500'

2018-06-10 21:34:25 - [TEST_STEP][PASSED] - setText: Text '5000' is set on object 'Object Repository/MOH AND GRN/Page_KDMC - CMS/input_txtqty'

2018-06-10 21:34:25 - [MESSAGE][PASSED] - Text '5000' is set on object 'Object Repository/MOH AND GRN/Page_KDMC - CMS/input_txtqty'

2018-06-10 21:34:25 - [TEST_STEP][PASSED] - selectOptionByIndex: All options with index in [1] are selected on object 'Object Repository/MOH AND GRN/Page_KDMC - CMS/select_--Select--No Tax0'

2018-06-10 21:34:25 - [MESSAGE][PASSED] - All options with index in [1] are selected on object 'Object Repository/MOH AND GRN/Page_KDMC - CMS/select_--Select--No Tax0'

2018-06-10 21:34:25 - [TEST_STEP][PASSED] - setText: Finding Test Object with id 'Object Repository/MOH AND GRN/Page_KDMC - CMS/input_txtmrp'

2018-06-10 21:34:25 - [TEST_STEP][PASSED] - Statement - switch (id): Finding Test Object with id 'Object Repository/MOH AND GRN/Page_KDMC - CMS/input_txtdeal'

2018-06-10 21:34:25 - [TEST_STEP][PASSED] - Statement - case 4:: Text '22.0' is set on object 'Object Repository/MOH AND GRN/Page_KDMC - CMS/input_txtmrp'

2018-06-10 21:34:25 - [TEST_STEP][PASSED] - Statement - return (java.lang.Math.floor((java.lang.Math.random() * ((max - min) + 1))) + min): Text '22.0' is set on object 'Object Repository/MOH AND GRN/Page_KDMC - CMS/input_txtmrp'

2018-06-10 21:34:25 - [MESSAGE][PASSED] - Text '22.0' is set on object 'Object Repository/MOH AND GRN/Page_KDMC - CMS/input_txtmrp'

2018-06-10 21:34:25 - [TEST_STEP][PASSED] - setText: Finding Test Object with id 'Object Repository/MOH AND GRN/Page_KDMC - CMS/input_txtdeal'

2018-06-10 21:34:25 - [TEST_STEP][PASSED] - Statement - switch (id): Finding Test Object with id 'Object Repository/MOH AND GRN/Page_KDMC - CMS/input_txtbatchno'

2018-06-10 21:34:25 - [TEST_STEP][PASSED] - Statement - case 5:: Text '12.0' is set on object 'Object Repository/MOH AND GRN/Page_KDMC - CMS/input_txtdeal'

2018-06-10 21:34:25 - [TEST_STEP][PASSED] - Statement - return (java.lang.Math.floor((java.lang.Math.random() * ((max - min) + 1))) + min): Text '12.0' is set on object 'Object Repository/MOH AND GRN/Page_KDMC - CMS/input_txtdeal'

2018-06-10 21:34:26 - [MESSAGE][PASSED] - Text '12.0' is set on object 'Object Repository/MOH AND GRN/Page_KDMC - CMS/input_txtdeal'

2018-06-10 21:34:26 - [TEST_STEP][PASSED] - setText: Finding Test Object with id 'Object Repository/MOH AND GRN/Page_KDMC - CMS/input_txtbatchno'

2018-06-10 21:34:26 - [TEST_STEP][PASSED] - Statement - switch (id): Finding Test Object with id 'Object Repository/MOH AND GRN/Page_KDMC - CMS/input_txtmrp'

2018-06-10 21:34:26 - [TEST_STEP][PASSED] - Statement - case 1:: Text 'BA875.0' is set on object 'Object Repository/MOH AND GRN/Page_KDMC - CMS/input_txtbatchno'

2018-06-10 21:34:26 - [TEST_STEP][PASSED] - Statement - return (java.lang.Math.floor((java.lang.Math.random() * ((max - min) + 1))) + min): Text 'BA875.0' is set on object 'Object Repository/MOH AND GRN/Page_KDMC - CMS/input_txtbatchno'

2018-06-10 21:34:26 - [MESSAGE][PASSED] - Text 'BA875.0' is set on object 'Object Repository/MOH AND GRN/Page_KDMC - CMS/input_txtbatchno'

2018-06-10 21:34:26 - [TEST_STEP][PASSED] - rightClick: Object: 'Object Repository/GRN/Page_KDMC - CMS/input_txtexpdate' is right clicked on

2018-06-10 21:34:26 - [MESSAGE][PASSED] - Object: 'Object Repository/GRN/Page_KDMC - CMS/input_txtexpdate' is right clicked on

2018-06-10 21:34:26 - [TEST_STEP][PASSED] - selectOptionByIndex: All options with index in [2] are selected on object 'Object Repository/GRN/Page_KDMC - CMS/select_20182019202020212022202'

2018-06-10 21:34:26 - [MESSAGE][PASSED] - All options with index in [2] are selected on object 'Object Repository/GRN/Page_KDMC - CMS/select_20182019202020212022202'

2018-06-10 21:34:26 - [TEST_STEP][PASSED] - selectOptionByIndex: All options with index in [2] are selected on object 'Object Repository/GRN/Page_KDMC - CMS/select_JanFebMarAprMayJunJulAu'

2018-06-10 21:34:26 - [MESSAGE][PASSED] - All options with index in [2] are selected on object 'Object Repository/GRN/Page_KDMC - CMS/select_JanFebMarAprMayJunJulAu'

2018-06-10 21:34:26 - [TEST_STEP][PASSED] - click: Object: 'Object Repository/MOH AND GRN/Page_KDMC - CMS/a_12' is clicked on

2018-06-10 21:34:26 - [MESSAGE][PASSED] - Object: 'Object Repository/MOH AND GRN/Page_KDMC - CMS/a_12' is clicked on

2018-06-10 21:34:26 - [TEST_STEP][PASSED] - click: Object: 'Object Repository/MOH AND GRN/Page_KDMC - CMS/input_btnadd' is clicked on

2018-06-10 21:34:26 - [MESSAGE][PASSED] - Object: 'Object Repository/MOH AND GRN/Page_KDMC - CMS/input_btnadd' is clicked on

2018-06-10 21:34:26 - [TEST_STEP][PASSED] - Statement - If (s == 10): null

2018-06-10 21:34:26 - [TEST_STEP][PASSED] - Statement - Else: null

2018-06-10 21:34:26 - [TEST_STEP][PASSED] - Statement - (s++): null

2018-06-10 21:34:26 - [TEST_STEP][PASSED] - delay: Delayed 1 second(s)

2018-06-10 21:34:27 - [MESSAGE][PASSED] - Delayed 1 second(s)

2018-06-10 21:34:27 - [TEST_STEP][PASSED] - selectOptionByIndex: All options with index in [3] are selected on object 'Object Repository/MOH AND GRN/Page_KDMC - CMS/select_--Select--Amikacin -500'

2018-06-10 21:34:27 - [MESSAGE][PASSED] - All options with index in [3] are selected on object 'Object Repository/MOH AND GRN/Page_KDMC - CMS/select_--Select--Amikacin -500'

2018-06-10 21:34:27 - [TEST_STEP][PASSED] - setText: Text '5000' is set on object 'Object Repository/MOH AND GRN/Page_KDMC - CMS/input_txtqty'

2018-06-10 21:34:28 - [MESSAGE][PASSED] - Text '5000' is set on object 'Object Repository/MOH AND GRN/Page_KDMC - CMS/input_txtqty'

2018-06-10 21:34:28 - [TEST_STEP][PASSED] - selectOptionByIndex: All options with index in [1] are selected on object 'Object Repository/MOH AND GRN/Page_KDMC - CMS/select_--Select--No Tax0'

2018-06-10 21:34:28 - [MESSAGE][PASSED] - All options with index in [1] are selected on object 'Object Repository/MOH AND GRN/Page_KDMC - CMS/select_--Select--No Tax0'

2018-06-10 21:34:28 - [TEST_STEP][PASSED] - setText: Finding Test Object with id 'Object Repository/MOH AND GRN/Page_KDMC - CMS/input_txtmrp'

2018-06-10 21:34:28 - [TEST_STEP][PASSED] - Statement - switch (id): Finding Test Object with id 'Object Repository/MOH AND GRN/Page_KDMC - CMS/input_txtdeal'

2018-06-10 21:34:28 - [TEST_STEP][PASSED] - Statement - case 4:: Text '23.0' is set on object 'Object Repository/MOH AND GRN/Page_KDMC - CMS/input_txtmrp'

2018-06-10 21:34:28 - [TEST_STEP][PASSED] - Statement - return (java.lang.Math.floor((java.lang.Math.random() * ((max - min) + 1))) + min): Text '23.0' is set on object 'Object Repository/MOH AND GRN/Page_KDMC - CMS/input_txtmrp'

2018-06-10 21:34:28 - [MESSAGE][PASSED] - Text '23.0' is set on object 'Object Repository/MOH AND GRN/Page_KDMC - CMS/input_txtmrp'

2018-06-10 21:34:28 - [TEST_STEP][PASSED] - setText: Finding Test Object with id 'Object Repository/MOH AND GRN/Page_KDMC - CMS/input_txtdeal'

2018-06-10 21:34:28 - [TEST_STEP][PASSED] - Statement - switch (id): Finding Test Object with id 'Object Repository/MOH AND GRN/Page_KDMC - CMS/input_txtbatchno'

2018-06-10 21:34:28 - [TEST_STEP][PASSED] - Statement - case 5:: Text '5.0' is set on object 'Object Repository/MOH AND GRN/Page_KDMC - CMS/input_txtdeal'

2018-06-10 21:34:28 - [TEST_STEP][PASSED] - Statement - return (java.lang.Math.floor((java.lang.Math.random() * ((max - min) + 1))) + min): Text '5.0' is set on object 'Object Repository/MOH AND GRN/Page_KDMC - CMS/input_txtdeal'

2018-06-10 21:34:28 - [MESSAGE][PASSED] - Text '5.0' is set on object 'Object Repository/MOH AND GRN/Page_KDMC - CMS/input_txtdeal'

2018-06-10 21:34:28 - [TEST_STEP][PASSED] - setText: Finding Test Object with id 'Object Repository/MOH AND GRN/Page_KDMC - CMS/input_txtbatchno'

2018-06-10 21:34:28 - [TEST_STEP][PASSED] - Statement - switch (id): Finding Test Object with id 'Object Repository/MOH AND GRN/Page_KDMC - CMS/input_txtmrp'

2018-06-10 21:34:28 - [TEST_STEP][PASSED] - Statement - case 1:: Text 'BA975.0' is set on object 'Object Repository/MOH AND GRN/Page_KDMC - CMS/input_txtbatchno'

2018-06-10 21:34:28 - [TEST_STEP][PASSED] - Statement - return (java.lang.Math.floor((java.lang.Math.random() * ((max - min) + 1))) + min): Text 'BA975.0' is set on object 'Object Repository/MOH AND GRN/Page_KDMC - CMS/input_txtbatchno'

2018-06-10 21:34:28 - [MESSAGE][PASSED] - Text 'BA975.0' is set on object 'Object Repository/MOH AND GRN/Page_KDMC - CMS/input_txtbatchno'

2018-06-10 21:34:28 - [TEST_STEP][PASSED] - rightClick: Object: 'Object Repository/GRN/Page_KDMC - CMS/input_txtexpdate' is right clicked on

2018-06-10 21:34:28 - [MESSAGE][PASSED] - Object: 'Object Repository/GRN/Page_KDMC - CMS/input_txtexpdate' is right clicked on

2018-06-10 21:34:28 - [TEST_STEP][PASSED] - selectOptionByIndex: All options with index in [3] are selected on object 'Object Repository/GRN/Page_KDMC - CMS/select_20182019202020212022202'

2018-06-10 21:34:28 - [MESSAGE][PASSED] - All options with index in [3] are selected on object 'Object Repository/GRN/Page_KDMC - CMS/select_20182019202020212022202'

2018-06-10 21:34:28 - [TEST_STEP][PASSED] - selectOptionByIndex: All options with index in [3] are selected on object 'Object Repository/GRN/Page_KDMC - CMS/select_JanFebMarAprMayJunJulAu'

2018-06-10 21:34:28 - [MESSAGE][PASSED] - All options with index in [3] are selected on object 'Object Repository/GRN/Page_KDMC - CMS/select_JanFebMarAprMayJunJulAu'

2018-06-10 21:34:28 - [TEST_STEP][PASSED] - click: Object: 'Object Repository/MOH AND GRN/Page_KDMC - CMS/a_12' is clicked on

2018-06-10 21:34:29 - [MESSAGE][PASSED] - Object: 'Object Repository/MOH AND GRN/Page_KDMC - CMS/a_12' is clicked on

2018-06-10 21:34:29 - [TEST_STEP][PASSED] - click: Object: 'Object Repository/MOH AND GRN/Page_KDMC - CMS/input_btnadd' is clicked on

2018-06-10 21:34:29 - [MESSAGE][PASSED] - Object: 'Object Repository/MOH AND GRN/Page_KDMC - CMS/input_btnadd' is clicked on

2018-06-10 21:34:29 - [TEST_STEP][PASSED] - Statement - If (s == 10): null

2018-06-10 21:34:29 - [TEST_STEP][PASSED] - Statement - Else: null

2018-06-10 21:34:29 - [TEST_STEP][PASSED] - Statement - (s++): null

2018-06-10 21:34:29 - [TEST_STEP][PASSED] - delay: Delayed 1 second(s)

2018-06-10 21:34:30 - [MESSAGE][PASSED] - Delayed 1 second(s)

2018-06-10 21:34:30 - [TEST_STEP][PASSED] - selectOptionByIndex: All options with index in [4] are selected on object 'Object Repository/MOH AND GRN/Page_KDMC - CMS/select_--Select--Amikacin -500'

2018-06-10 21:34:30 - [MESSAGE][PASSED] - All options with index in [4] are selected on object 'Object Repository/MOH AND GRN/Page_KDMC - CMS/select_--Select--Amikacin -500'

2018-06-10 21:34:30 - [TEST_STEP][PASSED] - setText: Text '5000' is set on object 'Object Repository/MOH AND GRN/Page_KDMC - CMS/input_txtqty'

2018-06-10 21:34:30 - [MESSAGE][PASSED] - Text '5000' is set on object 'Object Repository/MOH AND GRN/Page_KDMC - CMS/input_txtqty'

2018-06-10 21:34:30 - [TEST_STEP][PASSED] - selectOptionByIndex: All options with index in [1] are selected on object 'Object Repository/MOH AND GRN/Page_KDMC - CMS/select_--Select--No Tax0'

2018-06-10 21:34:30 - [MESSAGE][PASSED] - All options with index in [1] are selected on object 'Object Repository/MOH AND GRN/Page_KDMC - CMS/select_--Select--No Tax0'

2018-06-10 21:34:30 - [TEST_STEP][PASSED] - setText: Finding Test Object with id 'Object Repository/MOH AND GRN/Page_KDMC - CMS/input_txtmrp'

2018-06-10 21:34:30 - [TEST_STEP][PASSED] - Statement - switch (id): Finding Test Object with id 'Object Repository/MOH AND GRN/Page_KDMC - CMS/input_txtdeal'

2018-06-10 21:34:30 - [TEST_STEP][PASSED] - Statement - case 4:: Text '33.0' is set on object 'Object Repository/MOH AND GRN/Page_KDMC - CMS/input_txtmrp'

2018-06-10 21:34:30 - [TEST_STEP][PASSED] - Statement - return (java.lang.Math.floor((java.lang.Math.random() * ((max - min) + 1))) + min): Text '33.0' is set on object 'Object Repository/MOH AND GRN/Page_KDMC - CMS/input_txtmrp'

2018-06-10 21:34:30 - [MESSAGE][PASSED] - Text '33.0' is set on object 'Object Repository/MOH AND GRN/Page_KDMC - CMS/input_txtmrp'

2018-06-10 21:34:30 - [TEST_STEP][PASSED] - setText: Finding Test Object with id 'Object Repository/MOH AND GRN/Page_KDMC - CMS/input_txtdeal'

2018-06-10 21:34:30 - [TEST_STEP][PASSED] - Statement - switch (id): Finding Test Object with id 'Object Repository/MOH AND GRN/Page_KDMC - CMS/input_txtbatchno'

2018-06-10 21:34:30 - [TEST_STEP][PASSED] - Statement - case 5:: Text '7.0' is set on object 'Object Repository/MOH AND GRN/Page_KDMC - CMS/input_txtdeal'

2018-06-10 21:34:30 - [TEST_STEP][PASSED] - Statement - return (java.lang.Math.floor((java.lang.Math.random() * ((max - min) + 1))) + min): Text '7.0' is set on object 'Object Repository/MOH AND GRN/Page_KDMC - CMS/input_txtdeal'

2018-06-10 21:34:30 - [MESSAGE][PASSED] - Text '7.0' is set on object 'Object Repository/MOH AND GRN/Page_KDMC - CMS/input_txtdeal'

2018-06-10 21:34:30 - [TEST_STEP][PASSED] - setText: Finding Test Object with id 'Object Repository/MOH AND GRN/Page_KDMC - CMS/input_txtbatchno'

2018-06-10 21:34:30 - [TEST_STEP][PASSED] - Statement - switch (id): Finding Test Object with id 'Object Repository/MOH AND GRN/Page_KDMC - CMS/input_txtmrp'

2018-06-10 21:34:30 - [TEST_STEP][PASSED] - Statement - case 1:: Text 'BA878.0' is set on object 'Object Repository/MOH AND GRN/Page_KDMC - CMS/input_txtbatchno'

2018-06-10 21:34:30 - [TEST_STEP][PASSED] - Statement - return (java.lang.Math.floor((java.lang.Math.random() * ((max - min) + 1))) + min): Text 'BA878.0' is set on object 'Object Repository/MOH AND GRN/Page_KDMC - CMS/input_txtbatchno'

2018-06-10 21:34:30 - [MESSAGE][PASSED] - Text 'BA878.0' is set on object 'Object Repository/MOH AND GRN/Page_KDMC - CMS/input_txtbatchno'

2018-06-10 21:34:30 - [TEST_STEP][PASSED] - rightClick: Object: 'Object Repository/GRN/Page_KDMC - CMS/input_txtexpdate' is right clicked on

2018-06-10 21:34:30 - [MESSAGE][PASSED] - Object: 'Object Repository/GRN/Page_KDMC - CMS/input_txtexpdate' is right clicked on

2018-06-10 21:34:30 - [TEST_STEP][PASSED] - selectOptionByIndex: All options with index in [4] are selected on object 'Object Repository/GRN/Page_KDMC - CMS/select_20182019202020212022202'

2018-06-10 21:34:31 - [MESSAGE][PASSED] - All options with index in [4] are selected on object 'Object Repository/GRN/Page_KDMC - CMS/select_20182019202020212022202'

2018-06-10 21:34:31 - [TEST_STEP][PASSED] - selectOptionByIndex: All options with index in [4] are selected on object 'Object Repository/GRN/Page_KDMC - CMS/select_JanFebMarAprMayJunJulAu'

2018-06-10 21:34:31 - [MESSAGE][PASSED] - All options with index in [4] are selected on object 'Object Repository/GRN/Page_KDMC - CMS/select_JanFebMarAprMayJunJulAu'

2018-06-10 21:34:31 - [TEST_STEP][PASSED] - click: Object: 'Object Repository/MOH AND GRN/Page_KDMC - CMS/a_12' is clicked on

2018-06-10 21:34:31 - [MESSAGE][PASSED] - Object: 'Object Repository/MOH AND GRN/Page_KDMC - CMS/a_12' is clicked on

2018-06-10 21:34:31 - [TEST_STEP][PASSED] - click: Object: 'Object Repository/MOH AND GRN/Page_KDMC - CMS/input_btnadd' is clicked on

2018-06-10 21:34:31 - [MESSAGE][PASSED] - Object: 'Object Repository/MOH AND GRN/Page_KDMC - CMS/input_btnadd' is clicked on

2018-06-10 21:34:31 - [TEST_STEP][PASSED] - Statement - If (s == 10): null

2018-06-10 21:34:31 - [TEST_STEP][PASSED] - Statement - Else: null

2018-06-10 21:34:31 - [TEST_STEP][PASSED] - Statement - (s++): null

2018-06-10 21:34:31 - [TEST_STEP][PASSED] - delay: Delayed 1 second(s)

2018-06-10 21:34:32 - [MESSAGE][PASSED] - Delayed 1 second(s)

2018-06-10 21:34:32 - [TEST_STEP][PASSED] - selectOptionByIndex: All options with index in [5] are selected on object 'Object Repository/MOH AND GRN/Page_KDMC - CMS/select_--Select--Amikacin -500'

2018-06-10 21:34:32 - [MESSAGE][PASSED] - All options with index in [5] are selected on object 'Object Repository/MOH AND GRN/Page_KDMC - CMS/select_--Select--Amikacin -500'

2018-06-10 21:34:32 - [TEST_STEP][PASSED] - setText: Text '5000' is set on object 'Object Repository/MOH AND GRN/Page_KDMC - CMS/input_txtqty'

2018-06-10 21:34:32 - [MESSAGE][PASSED] - Text '5000' is set on object 'Object Repository/MOH AND GRN/Page_KDMC - CMS/input_txtqty'

2018-06-10 21:34:32 - [TEST_STEP][PASSED] - selectOptionByIndex: All options with index in [1] are selected on object 'Object Repository/MOH AND GRN/Page_KDMC - CMS/select_--Select--No Tax0'

2018-06-10 21:34:32 - [MESSAGE][PASSED] - All options with index in [1] are selected on object 'Object Repository/MOH AND GRN/Page_KDMC - CMS/select_--Select--No Tax0'

2018-06-10 21:34:32 - [TEST_STEP][PASSED] - setText: Finding Test Object with id 'Object Repository/MOH AND GRN/Page_KDMC - CMS/input_txtmrp'

2018-06-10 21:34:32 - [TEST_STEP][PASSED] - Statement - switch (id): Finding Test Object with id 'Object Repository/MOH AND GRN/Page_KDMC - CMS/input_txtdeal'

2018-06-10 21:34:32 - [TEST_STEP][PASSED] - Statement - case 4:: Text '17.0' is set on object 'Object Repository/MOH AND GRN/Page_KDMC - CMS/input_txtmrp'

2018-06-10 21:34:32 - [TEST_STEP][PASSED] - Statement - return (java.lang.Math.floor((java.lang.Math.random() * ((max - min) + 1))) + min): Text '17.0' is set on object 'Object Repository/MOH AND GRN/Page_KDMC - CMS/input_txtmrp'

2018-06-10 21:34:33 - [MESSAGE][PASSED] - Text '17.0' is set on object 'Object Repository/MOH AND GRN/Page_KDMC - CMS/input_txtmrp'

2018-06-10 21:34:33 - [TEST_STEP][PASSED] - setText: Finding Test Object with id 'Object Repository/MOH AND GRN/Page_KDMC - CMS/input_txtdeal'

2018-06-10 21:34:33 - [TEST_STEP][PASSED] - Statement - switch (id): Finding Test Object with id 'Object Repository/MOH AND GRN/Page_KDMC - CMS/input_txtbatchno'

2018-06-10 21:34:33 - [TEST_STEP][PASSED] - Statement - case 5:: Text '3.0' is set on object 'Object Repository/MOH AND GRN/Page_KDMC - CMS/input_txtdeal'

2018-06-10 21:34:33 - [TEST_STEP][PASSED] - Statement - return (java.lang.Math.floor((java.lang.Math.random() * ((max - min) + 1))) + min): Text '3.0' is set on object 'Object Repository/MOH AND GRN/Page_KDMC - CMS/input_txtdeal'

2018-06-10 21:34:33 - [MESSAGE][PASSED] - Text '3.0' is set on object 'Object Repository/MOH AND GRN/Page_KDMC - CMS/input_txtdeal'

2018-06-10 21:34:33 - [TEST_STEP][PASSED] - setText: Finding Test Object with id 'Object Repository/MOH AND GRN/Page_KDMC - CMS/input_txtbatchno'

2018-06-10 21:34:33 - [TEST_STEP][PASSED] - Statement - switch (id): Finding Test Object with id 'Object Repository/MOH AND GRN/Page_KDMC - CMS/input_txtmrp'

2018-06-10 21:34:33 - [TEST_STEP][PASSED] - Statement - case 1:: Text 'BA304.0' is set on object 'Object Repository/MOH AND GRN/Page_KDMC - CMS/input_txtbatchno'

2018-06-10 21:34:33 - [TEST_STEP][PASSED] - Statement - return (java.lang.Math.floor((java.lang.Math.random() * ((max - min) + 1))) + min): Text 'BA304.0' is set on object 'Object Repository/MOH AND GRN/Page_KDMC - CMS/input_txtbatchno'

2018-06-10 21:34:33 - [MESSAGE][PASSED] - Text 'BA304.0' is set on object 'Object Repository/MOH AND GRN/Page_KDMC - CMS/input_txtbatchno'

2018-06-10 21:34:33 - [TEST_STEP][PASSED] - rightClick: Object: 'Object Repository/GRN/Page_KDMC - CMS/input_txtexpdate' is right clicked on

2018-06-10 21:34:33 - [MESSAGE][PASSED] - Object: 'Object Repository/GRN/Page_KDMC - CMS/input_txtexpdate' is right clicked on

2018-06-10 21:34:33 - [TEST_STEP][PASSED] - selectOptionByIndex: All options with index in [5] are selected on object 'Object Repository/GRN/Page_KDMC - CMS/select_20182019202020212022202'

2018-06-10 21:34:33 - [MESSAGE][PASSED] - All options with index in [5] are selected on object 'Object Repository/GRN/Page_KDMC - CMS/select_20182019202020212022202'

2018-06-10 21:34:33 - [TEST_STEP][PASSED] - selectOptionByIndex: All options with index in [5] are selected on object 'Object Repository/GRN/Page_KDMC - CMS/select_JanFebMarAprMayJunJulAu'

2018-06-10 21:34:33 - [MESSAGE][PASSED] - All options with index in [5] are selected on object 'Object Repository/GRN/Page_KDMC - CMS/select_JanFebMarAprMayJunJulAu'

2018-06-10 21:34:33 - [TEST_STEP][PASSED] - click: Object: 'Object Repository/MOH AND GRN/Page_KDMC - CMS/a_12' is clicked on

2018-06-10 21:34:33 - [MESSAGE][PASSED] - Object: 'Object Repository/MOH AND GRN/Page_KDMC - CMS/a_12' is clicked on

2018-06-10 21:34:33 - [TEST_STEP][PASSED] - click: Object: 'Object Repository/MOH AND GRN/Page_KDMC - CMS/input_btnadd' is clicked on

2018-06-10 21:34:33 - [MESSAGE][PASSED] - Object: 'Object Repository/MOH AND GRN/Page_KDMC - CMS/input_btnadd' is clicked on

2018-06-10 21:34:33 - [TEST_STEP][PASSED] - Statement - If (s == 10): null

2018-06-10 21:34:33 - [TEST_STEP][PASSED] - Statement - Else: null

2018-06-10 21:34:33 - [TEST_STEP][PASSED] - Statement - (s++): null

2018-06-10 21:34:33 - [TEST_STEP][PASSED] - delay: Delayed 1 second(s)

2018-06-10 21:34:34 - [MESSAGE][PASSED] - Delayed 1 second(s)

2018-06-10 21:34:34 - [TEST_STEP][PASSED] - selectOptionByIndex: All options with index in [6] are selected on object 'Object Repository/MOH AND GRN/Page_KDMC - CMS/select_--Select--Amikacin -500'

2018-06-10 21:34:35 - [MESSAGE][PASSED] - All options with index in [6] are selected on object 'Object Repository/MOH AND GRN/Page_KDMC - CMS/select_--Select--Amikacin -500'

2018-06-10 21:34:35 - [TEST_STEP][PASSED] - setText: Text '5000' is set on object 'Object Repository/MOH AND GRN/Page_KDMC - CMS/input_txtqty'

2018-06-10 21:34:35 - [MESSAGE][PASSED] - Text '5000' is set on object 'Object Repository/MOH AND GRN/Page_KDMC - CMS/input_txtqty'

2018-06-10 21:34:35 - [TEST_STEP][PASSED] - selectOptionByIndex: All options with index in [1] are selected on object 'Object Repository/MOH AND GRN/Page_KDMC - CMS/select_--Select--No Tax0'

2018-06-10 21:34:35 - [MESSAGE][PASSED] - All options with index in [1] are selected on object 'Object Repository/MOH AND GRN/Page_KDMC - CMS/select_--Select--No Tax0'

2018-06-10 21:34:35 - [TEST_STEP][PASSED] - setText: Finding Test Object with id 'Object Repository/MOH AND GRN/Page_KDMC - CMS/input_txtmrp'

2018-06-10 21:34:35 - [TEST_STEP][PASSED] - Statement - switch (id): Finding Test Object with id 'Object Repository/MOH AND GRN/Page_KDMC - CMS/input_txtdeal'

2018-06-10 21:34:35 - [TEST_STEP][PASSED] - Statement - case 4:: Text '42.0' is set on object 'Object Repository/MOH AND GRN/Page_KDMC - CMS/input_txtmrp'

2018-06-10 21:34:35 - [TEST_STEP][PASSED] - Statement - return (java.lang.Math.floor((java.lang.Math.random() * ((max - min) + 1))) + min): Text '42.0' is set on object 'Object Repository/MOH AND GRN/Page_KDMC - CMS/input_txtmrp'

2018-06-10 21:34:35 - [MESSAGE][PASSED] - Text '42.0' is set on object 'Object Repository/MOH AND GRN/Page_KDMC - CMS/input_txtmrp'

2018-06-10 21:34:35 - [TEST_STEP][PASSED] - setText: Finding Test Object with id 'Object Repository/MOH AND GRN/Page_KDMC - CMS/input_txtdeal'

2018-06-10 21:34:35 - [TEST_STEP][PASSED] - Statement - switch (id): Finding Test Object with id 'Object Repository/MOH AND GRN/Page_KDMC - CMS/input_txtbatchno'

2018-06-10 21:34:35 - [TEST_STEP][PASSED] - Statement - case 5:: Text '5.0' is set on object 'Object Repository/MOH AND GRN/Page_KDMC - CMS/input_txtdeal'

2018-06-10 21:34:35 - [TEST_STEP][PASSED] - Statement - return (java.lang.Math.floor((java.lang.Math.random() * ((max - min) + 1))) + min): Text '5.0' is set on object 'Object Repository/MOH AND GRN/Page_KDMC - CMS/input_txtdeal'

2018-06-10 21:34:35 - [MESSAGE][PASSED] - Text '5.0' is set on object 'Object Repository/MOH AND GRN/Page_KDMC - CMS/input_txtdeal'

2018-06-10 21:34:35 - [TEST_STEP][PASSED] - setText: Finding Test Object with id 'Object Repository/MOH AND GRN/Page_KDMC - CMS/input_txtbatchno'

2018-06-10 21:34:35 - [TEST_STEP][PASSED] - Statement - switch (id): Finding Test Object with id 'Object Repository/MOH AND GRN/Page_KDMC - CMS/input_txtmrp'

2018-06-10 21:34:35 - [TEST_STEP][PASSED] - Statement - case 1:: Text 'BA997.0' is set on object 'Object Repository/MOH AND GRN/Page_KDMC - CMS/input_txtbatchno'

2018-06-10 21:34:35 - [TEST_STEP][PASSED] - Statement - return (java.lang.Math.floor((java.lang.Math.random() * ((max - min) + 1))) + min): Text 'BA997.0' is set on object 'Object Repository/MOH AND GRN/Page_KDMC - CMS/input_txtbatchno'

2018-06-10 21:34:35 - [MESSAGE][PASSED] - Text 'BA997.0' is set on object 'Object Repository/MOH AND GRN/Page_KDMC - CMS/input_txtbatchno'

2018-06-10 21:34:35 - [TEST_STEP][PASSED] - rightClick: Object: 'Object Repository/GRN/Page_KDMC - CMS/input_txtexpdate' is right clicked on

2018-06-10 21:34:35 - [MESSAGE][PASSED] - Object: 'Object Repository/GRN/Page_KDMC - CMS/input_txtexpdate' is right clicked on

2018-06-10 21:34:35 - [TEST_STEP][PASSED] - selectOptionByIndex: All options with index in [6] are selected on object 'Object Repository/GRN/Page_KDMC - CMS/select_20182019202020212022202'

2018-06-10 21:34:35 - [MESSAGE][PASSED] - All options with index in [6] are selected on object 'Object Repository/GRN/Page_KDMC - CMS/select_20182019202020212022202'

2018-06-10 21:34:35 - [TEST_STEP][PASSED] - selectOptionByIndex: All options with index in [6] are selected on object 'Object Repository/GRN/Page_KDMC - CMS/select_JanFebMarAprMayJunJulAu'

2018-06-10 21:34:36 - [MESSAGE][PASSED] - All options with index in [6] are selected on object 'Object Repository/GRN/Page_KDMC - CMS/select_JanFebMarAprMayJunJulAu'

2018-06-10 21:34:36 - [TEST_STEP][PASSED] - click: Object: 'Object Repository/MOH AND GRN/Page_KDMC - CMS/a_12' is clicked on

2018-06-10 21:34:36 - [MESSAGE][PASSED] - Object: 'Object Repository/MOH AND GRN/Page_KDMC - CMS/a_12' is clicked on

2018-06-10 21:34:36 - [TEST_STEP][PASSED] - click: Object: 'Object Repository/MOH AND GRN/Page_KDMC - CMS/input_btnadd' is clicked on

2018-06-10 21:34:36 - [MESSAGE][PASSED] - Object: 'Object Repository/MOH AND GRN/Page_KDMC - CMS/input_btnadd' is clicked on

2018-06-10 21:34:36 - [TEST_STEP][PASSED] - Statement - If (s == 10): null

2018-06-10 21:34:36 - [TEST_STEP][PASSED] - Statement - Else: null

2018-06-10 21:34:36 - [TEST_STEP][PASSED] - Statement - (s++): null

2018-06-10 21:34:36 - [TEST_STEP][PASSED] - delay: Delayed 1 second(s)

2018-06-10 21:34:37 - [MESSAGE][PASSED] - Delayed 1 second(s)

2018-06-10 21:34:37 - [TEST_STEP][PASSED] - selectOptionByIndex: All options with index in [7] are selected on object 'Object Repository/MOH AND GRN/Page_KDMC - CMS/select_--Select--Amikacin -500'

2018-06-10 21:34:37 - [MESSAGE][PASSED] - All options with index in [7] are selected on object 'Object Repository/MOH AND GRN/Page_KDMC - CMS/select_--Select--Amikacin -500'

2018-06-10 21:34:37 - [TEST_STEP][PASSED] - setText: Text '5000' is set on object 'Object Repository/MOH AND GRN/Page_KDMC - CMS/input_txtqty'

2018-06-10 21:34:37 - [MESSAGE][PASSED] - Text '5000' is set on object 'Object Repository/MOH AND GRN/Page_KDMC - CMS/input_txtqty'

2018-06-10 21:34:37 - [TEST_STEP][PASSED] - selectOptionByIndex: All options with index in [1] are selected on object 'Object Repository/MOH AND GRN/Page_KDMC - CMS/select_--Select--No Tax0'

2018-06-10 21:34:37 - [MESSAGE][PASSED] - All options with index in [1] are selected on object 'Object Repository/MOH AND GRN/Page_KDMC - CMS/select_--Select--No Tax0'

2018-06-10 21:34:37 - [TEST_STEP][PASSED] - setText: Finding Test Object with id 'Object Repository/MOH AND GRN/Page_KDMC - CMS/input_txtmrp'

2018-06-10 21:34:37 - [TEST_STEP][PASSED] - Statement - switch (id): Finding Test Object with id 'Object Repository/MOH AND GRN/Page_KDMC - CMS/input_txtdeal'

2018-06-10 21:34:37 - [TEST_STEP][PASSED] - Statement - case 4:: Text '16.0' is set on object 'Object Repository/MOH AND GRN/Page_KDMC - CMS/input_txtmrp'

2018-06-10 21:34:37 - [TEST_STEP][PASSED] - Statement - return (java.lang.Math.floor((java.lang.Math.random() * ((max - min) + 1))) + min): Text '16.0' is set on object 'Object Repository/MOH AND GRN/Page_KDMC - CMS/input_txtmrp'

2018-06-10 21:34:37 - [MESSAGE][PASSED] - Text '16.0' is set on object 'Object Repository/MOH AND GRN/Page_KDMC - CMS/input_txtmrp'

2018-06-10 21:34:37 - [TEST_STEP][PASSED] - setText: Finding Test Object with id 'Object Repository/MOH AND GRN/Page_KDMC - CMS/input_txtdeal'

2018-06-10 21:34:37 - [TEST_STEP][PASSED] - Statement - switch (id): Finding Test Object with id 'Object Repository/MOH AND GRN/Page_KDMC - CMS/input_txtbatchno'

2018-06-10 21:34:37 - [TEST_STEP][PASSED] - Statement - case 5:: Text '5.0' is set on object 'Object Repository/MOH AND GRN/Page_KDMC - CMS/input_txtdeal'

2018-06-10 21:34:37 - [TEST_STEP][PASSED] - Statement - return (java.lang.Math.floor((java.lang.Math.random() * ((max - min) + 1))) + min): Text '5.0' is set on object 'Object Repository/MOH AND GRN/Page_KDMC - CMS/input_txtdeal'

2018-06-10 21:34:37 - [MESSAGE][PASSED] - Text '5.0' is set on object 'Object Repository/MOH AND GRN/Page_KDMC - CMS/input_txtdeal'

2018-06-10 21:34:37 - [TEST_STEP][PASSED] - setText: Finding Test Object with id 'Object Repository/MOH AND GRN/Page_KDMC - CMS/input_txtbatchno'

2018-06-10 21:34:37 - [TEST_STEP][PASSED] - Statement - switch (id): Finding Test Object with id 'Object Repository/MOH AND GRN/Page_KDMC - CMS/input_txtmrp'

2018-06-10 21:34:37 - [TEST_STEP][PASSED] - Statement - case 1:: Text 'BA775.0' is set on object 'Object Repository/MOH AND GRN/Page_KDMC - CMS/input_txtbatchno'

2018-06-10 21:34:37 - [TEST_STEP][PASSED] - Statement - return (java.lang.Math.floor((java.lang.Math.random() * ((max - min) + 1))) + min): Text 'BA775.0' is set on object 'Object Repository/MOH AND GRN/Page_KDMC - CMS/input_txtbatchno'

2018-06-10 21:34:38 - [MESSAGE][PASSED] - Text 'BA775.0' is set on object 'Object Repository/MOH AND GRN/Page_KDMC - CMS/input_txtbatchno'

2018-06-10 21:34:38 - [TEST_STEP][PASSED] - rightClick: Object: 'Object Repository/GRN/Page_KDMC - CMS/input_txtexpdate' is right clicked on

2018-06-10 21:34:38 - [MESSAGE][PASSED] - Object: 'Object Repository/GRN/Page_KDMC - CMS/input_txtexpdate' is right clicked on

2018-06-10 21:34:38 - [TEST_STEP][PASSED] - selectOptionByIndex: All options with index in [7] are selected on object 'Object Repository/GRN/Page_KDMC - CMS/select_20182019202020212022202'

2018-06-10 21:34:38 - [MESSAGE][PASSED] - All options with index in [7] are selected on object 'Object Repository/GRN/Page_KDMC - CMS/select_20182019202020212022202'

2018-06-10 21:34:38 - [TEST_STEP][PASSED] - selectOptionByIndex: All options with index in [7] are selected on object 'Object Repository/GRN/Page_KDMC - CMS/select_JanFebMarAprMayJunJulAu'

2018-06-10 21:34:38 - [MESSAGE][PASSED] - All options with index in [7] are selected on object 'Object Repository/GRN/Page_KDMC - CMS/select_JanFebMarAprMayJunJulAu'

2018-06-10 21:34:38 - [TEST_STEP][PASSED] - click: Object: 'Object Repository/MOH AND GRN/Page_KDMC - CMS/a_12' is clicked on

2018-06-10 21:34:38 - [MESSAGE][PASSED] - Object: 'Object Repository/MOH AND GRN/Page_KDMC - CMS/a_12' is clicked on

2018-06-10 21:34:38 - [TEST_STEP][PASSED] - click: Object: 'Object Repository/MOH AND GRN/Page_KDMC - CMS/input_btnadd' is clicked on

2018-06-10 21:34:38 - [MESSAGE][PASSED] - Object: 'Object Repository/MOH AND GRN/Page_KDMC - CMS/input_btnadd' is clicked on

2018-06-10 21:34:38 - [TEST_STEP][PASSED] - Statement - If (s == 10): null

2018-06-10 21:34:38 - [TEST_STEP][PASSED] - Statement - Else: null

2018-06-10 21:34:38 - [TEST_STEP][PASSED] - Statement - (s++): null

2018-06-10 21:34:38 - [TEST_STEP][PASSED] - delay: Delayed 1 second(s)

2018-06-10 21:34:39 - [MESSAGE][PASSED] - Delayed 1 second(s)

2018-06-10 21:34:39 - [TEST_STEP][PASSED] - selectOptionByIndex: All options with index in [8] are selected on object 'Object Repository/MOH AND GRN/Page_KDMC - CMS/select_--Select--Amikacin -500'

2018-06-10 21:34:39 - [MESSAGE][PASSED] - All options with index in [8] are selected on object 'Object Repository/MOH AND GRN/Page_KDMC - CMS/select_--Select--Amikacin -500'

2018-06-10 21:34:39 - [TEST_STEP][PASSED] - setText: Text '5000' is set on object 'Object Repository/MOH AND GRN/Page_KDMC - CMS/input_txtqty'

2018-06-10 21:34:40 - [MESSAGE][PASSED] - Text '5000' is set on object 'Object Repository/MOH AND GRN/Page_KDMC - CMS/input_txtqty'

2018-06-10 21:34:40 - [TEST_STEP][PASSED] - selectOptionByIndex: All options with index in [1] are selected on object 'Object Repository/MOH AND GRN/Page_KDMC - CMS/select_--Select--No Tax0'

2018-06-10 21:34:40 - [MESSAGE][PASSED] - All options with index in [1] are selected on object 'Object Repository/MOH AND GRN/Page_KDMC - CMS/select_--Select--No Tax0'

2018-06-10 21:34:40 - [TEST_STEP][PASSED] - setText: Finding Test Object with id 'Object Repository/MOH AND GRN/Page_KDMC - CMS/input_txtmrp'

2018-06-10 21:34:40 - [TEST_STEP][PASSED] - Statement - switch (id): Finding Test Object with id 'Object Repository/MOH AND GRN/Page_KDMC - CMS/input_txtdeal'

2018-06-10 21:34:40 - [TEST_STEP][PASSED] - Statement - case 4:: Text '19.0' is set on object 'Object Repository/MOH AND GRN/Page_KDMC - CMS/input_txtmrp'

2018-06-10 21:34:40 - [TEST_STEP][PASSED] - Statement - return (java.lang.Math.floor((java.lang.Math.random() * ((max - min) + 1))) + min): Text '19.0' is set on object 'Object Repository/MOH AND GRN/Page_KDMC - CMS/input_txtmrp'

2018-06-10 21:34:40 - [MESSAGE][PASSED] - Text '19.0' is set on object 'Object Repository/MOH AND GRN/Page_KDMC - CMS/input_txtmrp'

2018-06-10 21:34:40 - [TEST_STEP][PASSED] - setText: Finding Test Object with id 'Object Repository/MOH AND GRN/Page_KDMC - CMS/input_txtdeal'

2018-06-10 21:34:40 - [TEST_STEP][PASSED] - Statement - switch (id): Finding Test Object with id 'Object Repository/MOH AND GRN/Page_KDMC - CMS/input_txtbatchno'

2018-06-10 21:34:40 - [TEST_STEP][PASSED] - Statement - case 5:: Text '11.0' is set on object 'Object Repository/MOH AND GRN/Page_KDMC - CMS/input_txtdeal'

2018-06-10 21:34:40 - [TEST_STEP][PASSED] - Statement - return (java.lang.Math.floor((java.lang.Math.random() * ((max - min) + 1))) + min): Text '11.0' is set on object 'Object Repository/MOH AND GRN/Page_KDMC - CMS/input_txtdeal'

2018-06-10 21:34:40 - [MESSAGE][PASSED] - Text '11.0' is set on object 'Object Repository/MOH AND GRN/Page_KDMC - CMS/input_txtdeal'

2018-06-10 21:34:40 - [TEST_STEP][PASSED] - setText: Finding Test Object with id 'Object Repository/MOH AND GRN/Page_KDMC - CMS/input_txtbatchno'

2018-06-10 21:34:40 - [TEST_STEP][PASSED] - Statement - switch (id): Finding Test Object with id 'Object Repository/MOH AND GRN/Page_KDMC - CMS/input_txtmrp'

2018-06-10 21:34:40 - [TEST_STEP][PASSED] - Statement - case 1:: Text 'BA396.0' is set on object 'Object Repository/MOH AND GRN/Page_KDMC - CMS/input_txtbatchno'

2018-06-10 21:34:40 - [TEST_STEP][PASSED] - Statement - return (java.lang.Math.floor((java.lang.Math.random() * ((max - min) + 1))) + min): Text 'BA396.0' is set on object 'Object Repository/MOH AND GRN/Page_KDMC - CMS/input_txtbatchno'

2018-06-10 21:34:40 - [MESSAGE][PASSED] - Text 'BA396.0' is set on object 'Object Repository/MOH AND GRN/Page_KDMC - CMS/input_txtbatchno'

2018-06-10 21:34:40 - [TEST_STEP][PASSED] - rightClick: Object: 'Object Repository/GRN/Page_KDMC - CMS/input_txtexpdate' is right clicked on

2018-06-10 21:34:40 - [MESSAGE][PASSED] - Object: 'Object Repository/GRN/Page_KDMC - CMS/input_txtexpdate' is right clicked on

2018-06-10 21:34:40 - [TEST_STEP][PASSED] - selectOptionByIndex: All options with index in [8] are selected on object 'Object Repository/GRN/Page_KDMC - CMS/select_20182019202020212022202'

2018-06-10 21:34:40 - [MESSAGE][PASSED] - All options with index in [8] are selected on object 'Object Repository/GRN/Page_KDMC - CMS/select_20182019202020212022202'

2018-06-10 21:34:40 - [TEST_STEP][PASSED] - selectOptionByIndex: All options with index in [8] are selected on object 'Object Repository/GRN/Page_KDMC - CMS/select_JanFebMarAprMayJunJulAu'

2018-06-10 21:34:41 - [MESSAGE][PASSED] - All options with index in [8] are selected on object 'Object Repository/GRN/Page_KDMC - CMS/select_JanFebMarAprMayJunJulAu'

2018-06-10 21:34:41 - [TEST_STEP][PASSED] - click: Object: 'Object Repository/MOH AND GRN/Page_KDMC - CMS/a_12' is clicked on

2018-06-10 21:34:41 - [MESSAGE][PASSED] - Object: 'Object Repository/MOH AND GRN/Page_KDMC - CMS/a_12' is clicked on

2018-06-10 21:34:41 - [TEST_STEP][PASSED] - click: Object: 'Object Repository/MOH AND GRN/Page_KDMC - CMS/input_btnadd' is clicked on

2018-06-10 21:34:41 - [MESSAGE][PASSED] - Object: 'Object Repository/MOH AND GRN/Page_KDMC - CMS/input_btnadd' is clicked on

2018-06-10 21:34:41 - [TEST_STEP][PASSED] - Statement - If (s == 10): null

2018-06-10 21:34:41 - [TEST_STEP][PASSED] - Statement - Else: null

2018-06-10 21:34:41 - [TEST_STEP][PASSED] - Statement - (s++): null

2018-06-10 21:34:41 - [TEST_STEP][PASSED] - delay: Delayed 1 second(s)

2018-06-10 21:34:42 - [MESSAGE][PASSED] - Delayed 1 second(s)

2018-06-10 21:34:42 - [TEST_STEP][PASSED] - selectOptionByIndex: All options with index in [9] are selected on object 'Object Repository/MOH AND GRN/Page_KDMC - CMS/select_--Select--Amikacin -500'

2018-06-10 21:34:42 - [MESSAGE][PASSED] - All options with index in [9] are selected on object 'Object Repository/MOH AND GRN/Page_KDMC - CMS/select_--Select--Amikacin -500'

2018-06-10 21:34:42 - [TEST_STEP][PASSED] - setText: Text '5000' is set on object 'Object Repository/MOH AND GRN/Page_KDMC - CMS/input_txtqty'

2018-06-10 21:34:42 - [MESSAGE][PASSED] - Text '5000' is set on object 'Object Repository/MOH AND GRN/Page_KDMC - CMS/input_txtqty'

2018-06-10 21:34:42 - [TEST_STEP][PASSED] - selectOptionByIndex: All options with index in [1] are selected on object 'Object Repository/MOH AND GRN/Page_KDMC - CMS/select_--Select--No Tax0'

2018-06-10 21:34:42 - [MESSAGE][PASSED] - All options with index in [1] are selected on object 'Object Repository/MOH AND GRN/Page_KDMC - CMS/select_--Select--No Tax0'

2018-06-10 21:34:42 - [TEST_STEP][PASSED] - setText: Finding Test Object with id 'Object Repository/MOH AND GRN/Page_KDMC - CMS/input_txtmrp'

2018-06-10 21:34:42 - [TEST_STEP][PASSED] - Statement - switch (id): Finding Test Object with id 'Object Repository/MOH AND GRN/Page_KDMC - CMS/input_txtdeal'

2018-06-10 21:34:42 - [TEST_STEP][PASSED] - Statement - case 4:: Text '27.0' is set on object 'Object Repository/MOH AND GRN/Page_KDMC - CMS/input_txtmrp'

2018-06-10 21:34:42 - [TEST_STEP][PASSED] - Statement - return (java.lang.Math.floor((java.lang.Math.random() * ((max - min) + 1))) + min): Text '27.0' is set on object 'Object Repository/MOH AND GRN/Page_KDMC - CMS/input_txtmrp'

2018-06-10 21:34:42 - [MESSAGE][PASSED] - Text '27.0' is set on object 'Object Repository/MOH AND GRN/Page_KDMC - CMS/input_txtmrp'

2018-06-10 21:34:42 - [TEST_STEP][PASSED] - setText: Finding Test Object with id 'Object Repository/MOH AND GRN/Page_KDMC - CMS/input_txtdeal'

2018-06-10 21:34:42 - [TEST_STEP][PASSED] - Statement - switch (id): Finding Test Object with id 'Object Repository/MOH AND GRN/Page_KDMC - CMS/input_txtbatchno'

2018-06-10 21:34:42 - [TEST_STEP][PASSED] - Statement - case 5:: Text '8.0' is set on object 'Object Repository/MOH AND GRN/Page_KDMC - CMS/input_txtdeal'

2018-06-10 21:34:42 - [TEST_STEP][PASSED] - Statement - return (java.lang.Math.floor((java.lang.Math.random() * ((max - min) + 1))) + min): Text '8.0' is set on object 'Object Repository/MOH AND GRN/Page_KDMC - CMS/input_txtdeal'

2018-06-10 21:34:42 - [MESSAGE][PASSED] - Text '8.0' is set on object 'Object Repository/MOH AND GRN/Page_KDMC - CMS/input_txtdeal'

2018-06-10 21:34:42 - [TEST_STEP][PASSED] - setText: Finding Test Object with id 'Object Repository/MOH AND GRN/Page_KDMC - CMS/input_txtbatchno'

2018-06-10 21:34:42 - [TEST_STEP][PASSED] - Statement - switch (id): Finding Test Object with id 'Object Repository/MOH AND GRN/Page_KDMC - CMS/input_txtmrp'

2018-06-10 21:34:42 - [TEST_STEP][PASSED] - Statement - case 1:: Text 'BA300.0' is set on object 'Object Repository/MOH AND GRN/Page_KDMC - CMS/input_txtbatchno'

2018-06-10 21:34:42 - [TEST_STEP][PASSED] - Statement - return (java.lang.Math.floor((java.lang.Math.random() * ((max - min) + 1))) + min): Text 'BA300.0' is set on object 'Object Repository/MOH AND GRN/Page_KDMC - CMS/input_txtbatchno'

2018-06-10 21:34:42 - [MESSAGE][PASSED] - Text 'BA300.0' is set on object 'Object Repository/MOH AND GRN/Page_KDMC - CMS/input_txtbatchno'

2018-06-10 21:34:42 - [TEST_STEP][PASSED] - rightClick: Object: 'Object Repository/GRN/Page_KDMC - CMS/input_txtexpdate' is right clicked on

2018-06-10 21:34:43 - [MESSAGE][PASSED] - Object: 'Object Repository/GRN/Page_KDMC - CMS/input_txtexpdate' is right clicked on

2018-06-10 21:34:43 - [TEST_STEP][PASSED] - selectOptionByIndex: All options with index in [9] are selected on object 'Object Repository/GRN/Page_KDMC - CMS/select_20182019202020212022202'

2018-06-10 21:34:43 - [MESSAGE][PASSED] - All options with index in [9] are selected on object 'Object Repository/GRN/Page_KDMC - CMS/select_20182019202020212022202'

2018-06-10 21:34:43 - [TEST_STEP][PASSED] - selectOptionByIndex: All options with index in [9] are selected on object 'Object Repository/GRN/Page_KDMC - CMS/select_JanFebMarAprMayJunJulAu'

2018-06-10 21:34:43 - [MESSAGE][PASSED] - All options with index in [9] are selected on object 'Object Repository/GRN/Page_KDMC - CMS/select_JanFebMarAprMayJunJulAu'

2018-06-10 21:34:43 - [TEST_STEP][PASSED] - click: Object: 'Object Repository/MOH AND GRN/Page_KDMC - CMS/a_12' is clicked on

2018-06-10 21:34:43 - [MESSAGE][PASSED] - Object: 'Object Repository/MOH AND GRN/Page_KDMC - CMS/a_12' is clicked on

2018-06-10 21:34:43 - [TEST_STEP][PASSED] - click: Object: 'Object Repository/MOH AND GRN/Page_KDMC - CMS/input_btnadd' is clicked on

2018-06-10 21:34:43 - [MESSAGE][PASSED] - Object: 'Object Repository/MOH AND GRN/Page_KDMC - CMS/input_btnadd' is clicked on

2018-06-10 21:34:43 - [TEST_STEP][PASSED] - Statement - If (s == 10): null

2018-06-10 21:34:43 - [TEST_STEP][PASSED] - Statement - Else: null

2018-06-10 21:34:43 - [TEST_STEP][PASSED] - Statement - (s++): null

2018-06-10 21:34:43 - [TEST_STEP][PASSED] - delay: Delayed 1 second(s)

2018-06-10 21:34:44 - [MESSAGE][PASSED] - Delayed 1 second(s)

2018-06-10 21:34:44 - [TEST_STEP][PASSED] - selectOptionByIndex: All options with index in [10] are selected on object 'Object Repository/MOH AND GRN/Page_KDMC - CMS/select_--Select--Amikacin -500'

2018-06-10 21:34:44 - [MESSAGE][PASSED] - All options with index in [10] are selected on object 'Object Repository/MOH AND GRN/Page_KDMC - CMS/select_--Select--Amikacin -500'

2018-06-10 21:34:44 - [TEST_STEP][PASSED] - setText: Text '5000' is set on object 'Object Repository/MOH AND GRN/Page_KDMC - CMS/input_txtqty'

2018-06-10 21:34:45 - [MESSAGE][PASSED] - Text '5000' is set on object 'Object Repository/MOH AND GRN/Page_KDMC - CMS/input_txtqty'

2018-06-10 21:34:45 - [TEST_STEP][PASSED] - selectOptionByIndex: All options with index in [1] are selected on object 'Object Repository/MOH AND GRN/Page_KDMC - CMS/select_--Select--No Tax0'

2018-06-10 21:34:45 - [MESSAGE][PASSED] - All options with index in [1] are selected on object 'Object Repository/MOH AND GRN/Page_KDMC - CMS/select_--Select--No Tax0'

2018-06-10 21:34:45 - [TEST_STEP][PASSED] - setText: Finding Test Object with id 'Object Repository/MOH AND GRN/Page_KDMC - CMS/input_txtmrp'

2018-06-10 21:34:45 - [TEST_STEP][PASSED] - Statement - switch (id): Finding Test Object with id 'Object Repository/MOH AND GRN/Page_KDMC - CMS/input_txtdeal'

2018-06-10 21:34:45 - [TEST_STEP][PASSED] - Statement - case 4:: Text '17.0' is set on object 'Object Repository/MOH AND GRN/Page_KDMC - CMS/input_txtmrp'

2018-06-10 21:34:45 - [TEST_STEP][PASSED] - Statement - return (java.lang.Math.floor((java.lang.Math.random() * ((max - min) + 1))) + min): Text '17.0' is set on object 'Object Repository/MOH AND GRN/Page_KDMC - CMS/input_txtmrp'

2018-06-10 21:34:45 - [MESSAGE][PASSED] - Text '17.0' is set on object 'Object Repository/MOH AND GRN/Page_KDMC - CMS/input_txtmrp'

2018-06-10 21:34:45 - [TEST_STEP][PASSED] - setText: Finding Test Object with id 'Object Repository/MOH AND GRN/Page_KDMC - CMS/input_txtdeal'

2018-06-10 21:34:45 - [TEST_STEP][PASSED] - Statement - switch (id): Finding Test Object with id 'Object Repository/MOH AND GRN/Page_KDMC - CMS/input_txtbatchno'

2018-06-10 21:34:45 - [TEST_STEP][PASSED] - Statement - case 5:: Text '6.0' is set on object 'Object Repository/MOH AND GRN/Page_KDMC - CMS/input_txtdeal'

2018-06-10 21:34:45 - [TEST_STEP][PASSED] - Statement - return (java.lang.Math.floor((java.lang.Math.random() * ((max - min) + 1))) + min): Text '6.0' is set on object 'Object Repository/MOH AND GRN/Page_KDMC - CMS/input_txtdeal'

2018-06-10 21:34:45 - [MESSAGE][PASSED] - Text '6.0' is set on object 'Object Repository/MOH AND GRN/Page_KDMC - CMS/input_txtdeal'

2018-06-10 21:34:45 - [TEST_STEP][PASSED] - setText: Finding Test Object with id 'Object Repository/MOH AND GRN/Page_KDMC - CMS/input_txtbatchno'

2018-06-10 21:34:45 - [TEST_STEP][PASSED] - Statement - switch (id): Finding Test Object with id 'Object Repository/MOH AND GRN/Page_KDMC - CMS/input_txtmrp'

2018-06-10 21:34:45 - [TEST_STEP][PASSED] - Statement - case 1:: Text 'BA757.0' is set on object 'Object Repository/MOH AND GRN/Page_KDMC - CMS/input_txtbatchno'

2018-06-10 21:34:45 - [TEST_STEP][PASSED] - Statement - return (java.lang.Math.floor((java.lang.Math.random() * ((max - min) + 1))) + min): Text 'BA757.0' is set on object 'Object Repository/MOH AND GRN/Page_KDMC - CMS/input_txtbatchno'

2018-06-10 21:34:45 - [MESSAGE][PASSED] - Text 'BA757.0' is set on object 'Object Repository/MOH AND GRN/Page_KDMC - CMS/input_txtbatchno'

2018-06-10 21:34:45 - [TEST_STEP][PASSED] - rightClick: Object: 'Object Repository/GRN/Page_KDMC - CMS/input_txtexpdate' is right clicked on

2018-06-10 21:34:45 - [MESSAGE][PASSED] - Object: 'Object Repository/GRN/Page_KDMC - CMS/input_txtexpdate' is right clicked on

2018-06-10 21:34:45 - [TEST_STEP][PASSED] - selectOptionByIndex: All options with index in [10] are selected on object 'Object Repository/GRN/Page_KDMC - CMS/select_20182019202020212022202'

2018-06-10 21:34:45 - [MESSAGE][PASSED] - All options with index in [10] are selected on object 'Object Repository/GRN/Page_KDMC - CMS/select_20182019202020212022202'

2018-06-10 21:34:45 - [TEST_STEP][PASSED] - selectOptionByIndex: All options with index in [10] are selected on object 'Object Repository/GRN/Page_KDMC - CMS/select_JanFebMarAprMayJunJulAu'

2018-06-10 21:34:46 - [MESSAGE][PASSED] - All options with index in [10] are selected on object 'Object Repository/GRN/Page_KDMC - CMS/select_JanFebMarAprMayJunJulAu'

2018-06-10 21:34:46 - [TEST_STEP][PASSED] - click: Object: 'Object Repository/MOH AND GRN/Page_KDMC - CMS/a_12' is clicked on

2018-06-10 21:34:46 - [MESSAGE][PASSED] - Object: 'Object Repository/MOH AND GRN/Page_KDMC - CMS/a_12' is clicked on

2018-06-10 21:34:46 - [TEST_STEP][PASSED] - click: Object: 'Object Repository/MOH AND GRN/Page_KDMC - CMS/input_btnadd' is clicked on

2018-06-10 21:34:46 - [MESSAGE][PASSED] - Object: 'Object Repository/MOH AND GRN/Page_KDMC - CMS/input_btnadd' is clicked on

2018-06-10 21:34:46 - [TEST_STEP][PASSED] - Statement - If (s == 10): null

2018-06-10 21:34:46 - [TEST_STEP][PASSED] - Statement - s = 1: null

2018-06-10 21:34:46 - [TEST_STEP][PASSED] - delay: Delayed 1 second(s)

2018-06-10 21:34:47 - [MESSAGE][PASSED] - Delayed 1 second(s)

2018-06-10 21:34:47 - [TEST_STEP][PASSED] - selectOptionByIndex: All options with index in [11] are selected on object 'Object Repository/MOH AND GRN/Page_KDMC - CMS/select_--Select--Amikacin -500'

2018-06-10 21:34:47 - [MESSAGE][PASSED] - All options with index in [11] are selected on object 'Object Repository/MOH AND GRN/Page_KDMC - CMS/select_--Select--Amikacin -500'

2018-06-10 21:34:47 - [TEST_STEP][PASSED] - setText: Text '5000' is set on object 'Object Repository/MOH AND GRN/Page_KDMC - CMS/input_txtqty'

2018-06-10 21:34:47 - [MESSAGE][PASSED] - Text '5000' is set on object 'Object Repository/MOH AND GRN/Page_KDMC - CMS/input_txtqty'

2018-06-10 21:34:47 - [TEST_STEP][PASSED] - selectOptionByIndex: All options with index in [1] are selected on object 'Object Repository/MOH AND GRN/Page_KDMC - CMS/select_--Select--No Tax0'

2018-06-10 21:34:47 - [MESSAGE][PASSED] - All options with index in [1] are selected on object 'Object Repository/MOH AND GRN/Page_KDMC - CMS/select_--Select--No Tax0'

2018-06-10 21:34:47 - [TEST_STEP][PASSED] - setText: Finding Test Object with id 'Object Repository/MOH AND GRN/Page_KDMC - CMS/input_txtmrp'

2018-06-10 21:34:47 - [TEST_STEP][PASSED] - Statement - switch (id): Finding Test Object with id 'Object Repository/MOH AND GRN/Page_KDMC - CMS/input_txtdeal'

2018-06-10 21:34:47 - [TEST_STEP][PASSED] - Statement - case 4:: Text '35.0' is set on object 'Object Repository/MOH AND GRN/Page_KDMC - CMS/input_txtmrp'

2018-06-10 21:34:47 - [TEST_STEP][PASSED] - Statement - return (java.lang.Math.floor((java.lang.Math.random() * ((max - min) + 1))) + min): Text '35.0' is set on object 'Object Repository/MOH AND GRN/Page_KDMC - CMS/input_txtmrp'

2018-06-10 21:34:47 - [MESSAGE][PASSED] - Text '35.0' is set on object 'Object Repository/MOH AND GRN/Page_KDMC - CMS/input_txtmrp'

2018-06-10 21:34:47 - [TEST_STEP][PASSED] - setText: Finding Test Object with id 'Object Repository/MOH AND GRN/Page_KDMC - CMS/input_txtdeal'

2018-06-10 21:34:47 - [TEST_STEP][PASSED] - Statement - switch (id): Finding Test Object with id 'Object Repository/MOH AND GRN/Page_KDMC - CMS/input_txtbatchno'

2018-06-10 21:34:47 - [TEST_STEP][PASSED] - Statement - case 5:: Text '1.0' is set on object 'Object Repository/MOH AND GRN/Page_KDMC - CMS/input_txtdeal'

2018-06-10 21:34:47 - [TEST_STEP][PASSED] - Statement - return (java.lang.Math.floor((java.lang.Math.random() * ((max - min) + 1))) + min): Text '1.0' is set on object 'Object Repository/MOH AND GRN/Page_KDMC - CMS/input_txtdeal'

2018-06-10 21:34:47 - [MESSAGE][PASSED] - Text '1.0' is set on object 'Object Repository/MOH AND GRN/Page_KDMC - CMS/input_txtdeal'

2018-06-10 21:34:47 - [TEST_STEP][PASSED] - setText: Finding Test Object with id 'Object Repository/MOH AND GRN/Page_KDMC - CMS/input_txtbatchno'

2018-06-10 21:34:47 - [TEST_STEP][PASSED] - Statement - switch (id): Finding Test Object with id 'Object Repository/MOH AND GRN/Page_KDMC - CMS/input_txtmrp'

2018-06-10 21:34:47 - [TEST_STEP][PASSED] - Statement - case 1:: Text 'BA235.0' is set on object 'Object Repository/MOH AND GRN/Page_KDMC - CMS/input_txtbatchno'

2018-06-10 21:34:47 - [TEST_STEP][PASSED] - Statement - return (java.lang.Math.floor((java.lang.Math.random() * ((max - min) + 1))) + min): Text 'BA235.0' is set on object 'Object Repository/MOH AND GRN/Page_KDMC - CMS/input_txtbatchno'

2018-06-10 21:34:48 - [MESSAGE][PASSED] - Text 'BA235.0' is set on object 'Object Repository/MOH AND GRN/Page_KDMC - CMS/input_txtbatchno'

2018-06-10 21:34:48 - [TEST_STEP][PASSED] - rightClick: Object: 'Object Repository/GRN/Page_KDMC - CMS/input_txtexpdate' is right clicked on

2018-06-10 21:34:48 - [MESSAGE][PASSED] - Object: 'Object Repository/GRN/Page_KDMC - CMS/input_txtexpdate' is right clicked on

2018-06-10 21:34:48 - [TEST_STEP][PASSED] - selectOptionByIndex: All options with index in [1] are selected on object 'Object Repository/GRN/Page_KDMC - CMS/select_20182019202020212022202'

2018-06-10 21:34:48 - [MESSAGE][PASSED] - All options with index in [1] are selected on object 'Object Repository/GRN/Page_KDMC - CMS/select_20182019202020212022202'

2018-06-10 21:34:48 - [TEST_STEP][PASSED] - selectOptionByIndex: All options with index in [1] are selected on object 'Object Repository/GRN/Page_KDMC - CMS/select_JanFebMarAprMayJunJulAu'

2018-06-10 21:34:48 - [MESSAGE][PASSED] - All options with index in [1] are selected on object 'Object Repository/GRN/Page_KDMC - CMS/select_JanFebMarAprMayJunJulAu'

2018-06-10 21:34:48 - [TEST_STEP][PASSED] - click: Object: 'Object Repository/MOH AND GRN/Page_KDMC - CMS/a_12' is clicked on

2018-06-10 21:34:48 - [MESSAGE][PASSED] - Object: 'Object Repository/MOH AND GRN/Page_KDMC - CMS/a_12' is clicked on

2018-06-10 21:34:48 - [TEST_STEP][PASSED] - click: Object: 'Object Repository/MOH AND GRN/Page_KDMC - CMS/input_btnadd' is clicked on

2018-06-10 21:34:48 - [MESSAGE][PASSED] - Object: 'Object Repository/MOH AND GRN/Page_KDMC - CMS/input_btnadd' is clicked on

2018-06-10 21:34:48 - [TEST_STEP][PASSED] - Statement - If (s == 10): null

2018-06-10 21:34:48 - [TEST_STEP][PASSED] - Statement - Else: null

2018-06-10 21:34:48 - [TEST_STEP][PASSED] - Statement - (s++): null

2018-06-10 21:34:48 - [TEST_STEP][PASSED] - delay: Delayed 1 second(s)

2018-06-10 21:34:49 - [MESSAGE][PASSED] - Delayed 1 second(s)

2018-06-10 21:34:49 - [TEST_STEP][PASSED] - selectOptionByIndex: All options with index in [12] are selected on object 'Object Repository/MOH AND GRN/Page_KDMC - CMS/select_--Select--Amikacin -500'

2018-06-10 21:34:49 - [MESSAGE][PASSED] - All options with index in [12] are selected on object 'Object Repository/MOH AND GRN/Page_KDMC - CMS/select_--Select--Amikacin -500'

2018-06-10 21:34:49 - [TEST_STEP][PASSED] - setText: Text '5000' is set on object 'Object Repository/MOH AND GRN/Page_KDMC - CMS/input_txtqty'

2018-06-10 21:34:49 - [MESSAGE][PASSED] - Text '5000' is set on object 'Object Repository/MOH AND GRN/Page_KDMC - CMS/input_txtqty'

2018-06-10 21:34:49 - [TEST_STEP][PASSED] - selectOptionByIndex: All options with index in [1] are selected on object 'Object Repository/MOH AND GRN/Page_KDMC - CMS/select_--Select--No Tax0'

2018-06-10 21:34:50 - [MESSAGE][PASSED] - All options with index in [1] are selected on object 'Object Repository/MOH AND GRN/Page_KDMC - CMS/select_--Select--No Tax0'

2018-06-10 21:34:50 - [TEST_STEP][PASSED] - setText: Finding Test Object with id 'Object Repository/MOH AND GRN/Page_KDMC - CMS/input_txtmrp'

2018-06-10 21:34:50 - [TEST_STEP][PASSED] - Statement - switch (id): Finding Test Object with id 'Object Repository/MOH AND GRN/Page_KDMC - CMS/input_txtdeal'

2018-06-10 21:34:50 - [TEST_STEP][PASSED] - Statement - case 4:: Text '43.0' is set on object 'Object Repository/MOH AND GRN/Page_KDMC - CMS/input_txtmrp'

2018-06-10 21:34:50 - [TEST_STEP][PASSED] - Statement - return (java.lang.Math.floor((java.lang.Math.random() * ((max - min) + 1))) + min): Text '43.0' is set on object 'Object Repository/MOH AND GRN/Page_KDMC - CMS/input_txtmrp'

2018-06-10 21:34:50 - [MESSAGE][PASSED] - Text '43.0' is set on object 'Object Repository/MOH AND GRN/Page_KDMC - CMS/input_txtmrp'

2018-06-10 21:34:50 - [TEST_STEP][PASSED] - setText: Finding Test Object with id 'Object Repository/MOH AND GRN/Page_KDMC - CMS/input_txtdeal'

2018-06-10 21:34:50 - [TEST_STEP][PASSED] - Statement - switch (id): Finding Test Object with id 'Object Repository/MOH AND GRN/Page_KDMC - CMS/input_txtbatchno'

2018-06-10 21:34:50 - [TEST_STEP][PASSED] - Statement - case 5:: Text '4.0' is set on object 'Object Repository/MOH AND GRN/Page_KDMC - CMS/input_txtdeal'

2018-06-10 21:34:50 - [TEST_STEP][PASSED] - Statement - return (java.lang.Math.floor((java.lang.Math.random() * ((max - min) + 1))) + min): Text '4.0' is set on object 'Object Repository/MOH AND GRN/Page_KDMC - CMS/input_txtdeal'

2018-06-10 21:34:50 - [MESSAGE][PASSED] - Text '4.0' is set on object 'Object Repository/MOH AND GRN/Page_KDMC - CMS/input_txtdeal'

2018-06-10 21:34:50 - [TEST_STEP][PASSED] - setText: Finding Test Object with id 'Object Repository/MOH AND GRN/Page_KDMC - CMS/input_txtbatchno'

2018-06-10 21:34:50 - [TEST_STEP][PASSED] - Statement - switch (id): Finding Test Object with id 'Object Repository/MOH AND GRN/Page_KDMC - CMS/input_txtmrp'

2018-06-10 21:34:50 - [TEST_STEP][PASSED] - Statement - case 1:: Text 'BA980.0' is set on object 'Object Repository/MOH AND GRN/Page_KDMC - CMS/input_txtbatchno'

2018-06-10 21:34:50 - [TEST_STEP][PASSED] - Statement - return (java.lang.Math.floor((java.lang.Math.random() * ((max - min) + 1))) + min): Text 'BA980.0' is set on object 'Object Repository/MOH AND GRN/Page_KDMC - CMS/input_txtbatchno'

2018-06-10 21:34:50 - [MESSAGE][PASSED] - Text 'BA980.0' is set on object 'Object Repository/MOH AND GRN/Page_KDMC - CMS/input_txtbatchno'

2018-06-10 21:34:50 - [TEST_STEP][PASSED] - rightClick: Object: 'Object Repository/GRN/Page_KDMC - CMS/input_txtexpdate' is right clicked on

2018-06-10 21:34:50 - [MESSAGE][PASSED] - Object: 'Object Repository/GRN/Page_KDMC - CMS/input_txtexpdate' is right clicked on

2018-06-10 21:34:50 - [TEST_STEP][PASSED] - selectOptionByIndex: All options with index in [2] are selected on object 'Object Repository/GRN/Page_KDMC - CMS/select_20182019202020212022202'

2018-06-10 21:34:50 - [MESSAGE][PASSED] - All options with index in [2] are selected on object 'Object Repository/GRN/Page_KDMC - CMS/select_20182019202020212022202'

2018-06-10 21:34:50 - [TEST_STEP][PASSED] - selectOptionByIndex: All options with index in [2] are selected on object 'Object Repository/GRN/Page_KDMC - CMS/select_JanFebMarAprMayJunJulAu'

2018-06-10 21:34:50 - [MESSAGE][PASSED] - All options with index in [2] are selected on object 'Object Repository/GRN/Page_KDMC - CMS/select_JanFebMarAprMayJunJulAu'

2018-06-10 21:34:50 - [TEST_STEP][PASSED] - click: Object: 'Object Repository/MOH AND GRN/Page_KDMC - CMS/a_12' is clicked on

2018-06-10 21:34:50 - [MESSAGE][PASSED] - Object: 'Object Repository/MOH AND GRN/Page_KDMC - CMS/a_12' is clicked on

2018-06-10 21:34:50 - [TEST_STEP][PASSED] - click: Object: 'Object Repository/MOH AND GRN/Page_KDMC - CMS/input_btnadd' is clicked on

2018-06-10 21:34:51 - [MESSAGE][PASSED] - Object: 'Object Repository/MOH AND GRN/Page_KDMC - CMS/input_btnadd' is clicked on

2018-06-10 21:34:51 - [TEST_STEP][PASSED] - Statement - If (s == 10): null

2018-06-10 21:34:51 - [TEST_STEP][PASSED] - Statement - Else: null

2018-06-10 21:34:51 - [TEST_STEP][PASSED] - Statement - (s++): null

2018-06-10 21:34:51 - [TEST_STEP][PASSED] - delay: Delayed 1 second(s)

2018-06-10 21:34:52 - [MESSAGE][PASSED] - Delayed 1 second(s)

2018-06-10 21:34:52 - [TEST_STEP][PASSED] - selectOptionByIndex: All options with index in [13] are selected on object 'Object Repository/MOH AND GRN/Page_KDMC - CMS/select_--Select--Amikacin -500'

2018-06-10 21:34:52 - [MESSAGE][PASSED] - All options with index in [13] are selected on object 'Object Repository/MOH AND GRN/Page_KDMC - CMS/select_--Select--Amikacin -500'

2018-06-10 21:34:52 - [TEST_STEP][PASSED] - setText: Text '5000' is set on object 'Object Repository/MOH AND GRN/Page_KDMC - CMS/input_txtqty'

2018-06-10 21:34:52 - [MESSAGE][PASSED] - Text '5000' is set on object 'Object Repository/MOH AND GRN/Page_KDMC - CMS/input_txtqty'

2018-06-10 21:34:52 - [TEST_STEP][PASSED] - selectOptionByIndex: All options with index in [1] are selected on object 'Object Repository/MOH AND GRN/Page_KDMC - CMS/select_--Select--No Tax0'

2018-06-10 21:34:52 - [MESSAGE][PASSED] - All options with index in [1] are selected on object 'Object Repository/MOH AND GRN/Page_KDMC - CMS/select_--Select--No Tax0'

2018-06-10 21:34:52 - [TEST_STEP][PASSED] - setText: Finding Test Object with id 'Object Repository/MOH AND GRN/Page_KDMC - CMS/input_txtmrp'

2018-06-10 21:34:52 - [TEST_STEP][PASSED] - Statement - switch (id): Finding Test Object with id 'Object Repository/MOH AND GRN/Page_KDMC - CMS/input_txtdeal'

2018-06-10 21:34:52 - [TEST_STEP][PASSED] - Statement - case 4:: Text '40.0' is set on object 'Object Repository/MOH AND GRN/Page_KDMC - CMS/input_txtmrp'

2018-06-10 21:34:52 - [TEST_STEP][PASSED] - Statement - return (java.lang.Math.floor((java.lang.Math.random() * ((max - min) + 1))) + min): Text '40.0' is set on object 'Object Repository/MOH AND GRN/Page_KDMC - CMS/input_txtmrp'

2018-06-10 21:34:52 - [MESSAGE][PASSED] - Text '40.0' is set on object 'Object Repository/MOH AND GRN/Page_KDMC - CMS/input_txtmrp'

2018-06-10 21:34:52 - [TEST_STEP][PASSED] - setText: Finding Test Object with id 'Object Repository/MOH AND GRN/Page_KDMC - CMS/input_txtdeal'

2018-06-10 21:34:52 - [TEST_STEP][PASSED] - Statement - switch (id): Finding Test Object with id 'Object Repository/MOH AND GRN/Page_KDMC - CMS/input_txtbatchno'

2018-06-10 21:34:52 - [TEST_STEP][PASSED] - Statement - case 5:: Text '4.0' is set on object 'Object Repository/MOH AND GRN/Page_KDMC - CMS/input_txtdeal'

2018-06-10 21:34:52 - [TEST_STEP][PASSED] - Statement - return (java.lang.Math.floor((java.lang.Math.random() * ((max - min) + 1))) + min): Text '4.0' is set on object 'Object Repository/MOH AND GRN/Page_KDMC - CMS/input_txtdeal'

2018-06-10 21:34:52 - [MESSAGE][PASSED] - Text '4.0' is set on object 'Object Repository/MOH AND GRN/Page_KDMC - CMS/input_txtdeal'

2018-06-10 21:34:52 - [TEST_STEP][PASSED] - setText: Finding Test Object with id 'Object Repository/MOH AND GRN/Page_KDMC - CMS/input_txtbatchno'

2018-06-10 21:34:52 - [TEST_STEP][PASSED] - Statement - switch (id): Finding Test Object with id 'Object Repository/MOH AND GRN/Page_KDMC - CMS/input_txtmrp'

2018-06-10 21:34:52 - [TEST_STEP][PASSED] - Statement - case 1:: Text 'BA397.0' is set on object 'Object Repository/MOH AND GRN/Page_KDMC - CMS/input_txtbatchno'

2018-06-10 21:34:52 - [TEST_STEP][PASSED] - Statement - return (java.lang.Math.floor((java.lang.Math.random() * ((max - min) + 1))) + min): Text 'BA397.0' is set on object 'Object Repository/MOH AND GRN/Page_KDMC - CMS/input_txtbatchno'

2018-06-10 21:34:52 - [MESSAGE][PASSED] - Text 'BA397.0' is set on object 'Object Repository/MOH AND GRN/Page_KDMC - CMS/input_txtbatchno'

2018-06-10 21:34:52 - [TEST_STEP][PASSED] - rightClick: Object: 'Object Repository/GRN/Page_KDMC - CMS/input_txtexpdate' is right clicked on

2018-06-10 21:34:52 - [MESSAGE][PASSED] - Object: 'Object Repository/GRN/Page_KDMC - CMS/input_txtexpdate' is right clicked on

2018-06-10 21:34:52 - [TEST_STEP][PASSED] - selectOptionByIndex: All options with index in [3] are selected on object 'Object Repository/GRN/Page_KDMC - CMS/select_20182019202020212022202'

2018-06-10 21:34:53 - [MESSAGE][PASSED] - All options with index in [3] are selected on object 'Object Repository/GRN/Page_KDMC - CMS/select_20182019202020212022202'

2018-06-10 21:34:53 - [TEST_STEP][PASSED] - selectOptionByIndex: All options with index in [3] are selected on object 'Object Repository/GRN/Page_KDMC - CMS/select_JanFebMarAprMayJunJulAu'

2018-06-10 21:34:53 - [MESSAGE][PASSED] - All options with index in [3] are selected on object 'Object Repository/GRN/Page_KDMC - CMS/select_JanFebMarAprMayJunJulAu'

2018-06-10 21:34:53 - [TEST_STEP][PASSED] - click: Object: 'Object Repository/MOH AND GRN/Page_KDMC - CMS/a_12' is clicked on

2018-06-10 21:34:53 - [MESSAGE][PASSED] - Object: 'Object Repository/MOH AND GRN/Page_KDMC - CMS/a_12' is clicked on

2018-06-10 21:34:53 - [TEST_STEP][PASSED] - click: Object: 'Object Repository/MOH AND GRN/Page_KDMC - CMS/input_btnadd' is clicked on

2018-06-10 21:34:53 - [MESSAGE][PASSED] - Object: 'Object Repository/MOH AND GRN/Page_KDMC - CMS/input_btnadd' is clicked on

2018-06-10 21:34:53 - [TEST_STEP][PASSED] - Statement - If (s == 10): null

2018-06-10 21:34:53 - [TEST_STEP][PASSED] - Statement - Else: null

2018-06-10 21:34:53 - [TEST_STEP][PASSED] - Statement - (s++): null

2018-06-10 21:34:53 - [TEST_STEP][PASSED] - delay: Delayed 1 second(s)

2018-06-10 21:34:54 - [MESSAGE][PASSED] - Delayed 1 second(s)

2018-06-10 21:34:54 - [TEST_STEP][PASSED] - selectOptionByIndex: All options with index in [14] are selected on object 'Object Repository/MOH AND GRN/Page_KDMC - CMS/select_--Select--Amikacin -500'

2018-06-10 21:34:54 - [MESSAGE][PASSED] - All options with index in [14] are selected on object 'Object Repository/MOH AND GRN/Page_KDMC - CMS/select_--Select--Amikacin -500'

2018-06-10 21:34:54 - [TEST_STEP][PASSED] - setText: Text '5000' is set on object 'Object Repository/MOH AND GRN/Page_KDMC - CMS/input_txtqty'

2018-06-10 21:34:54 - [MESSAGE][PASSED] - Text '5000' is set on object 'Object Repository/MOH AND GRN/Page_KDMC - CMS/input_txtqty'

2018-06-10 21:34:54 - [TEST_STEP][PASSED] - selectOptionByIndex: All options with index in [1] are selected on object 'Object Repository/MOH AND GRN/Page_KDMC - CMS/select_--Select--No Tax0'

2018-06-10 21:34:54 - [MESSAGE][PASSED] - All options with index in [1] are selected on object 'Object Repository/MOH AND GRN/Page_KDMC - CMS/select_--Select--No Tax0'

2018-06-10 21:34:54 - [TEST_STEP][PASSED] - setText: Finding Test Object with id 'Object Repository/MOH AND GRN/Page_KDMC - CMS/input_txtmrp'

2018-06-10 21:34:54 - [TEST_STEP][PASSED] - Statement - switch (id): Finding Test Object with id 'Object Repository/MOH AND GRN/Page_KDMC - CMS/input_txtdeal'

2018-06-10 21:34:54 - [TEST_STEP][PASSED] - Statement - case 4:: Text '34.0' is set on object 'Object Repository/MOH AND GRN/Page_KDMC - CMS/input_txtmrp'

2018-06-10 21:34:54 - [TEST_STEP][PASSED] - Statement - return (java.lang.Math.floor((java.lang.Math.random() * ((max - min) + 1))) + min): Text '34.0' is set on object 'Object Repository/MOH AND GRN/Page_KDMC - CMS/input_txtmrp'

2018-06-10 21:34:55 - [MESSAGE][PASSED] - Text '34.0' is set on object 'Object Repository/MOH AND GRN/Page_KDMC - CMS/input_txtmrp'

2018-06-10 21:34:55 - [TEST_STEP][PASSED] - setText: Finding Test Object with id 'Object Repository/MOH AND GRN/Page_KDMC - CMS/input_txtdeal'

2018-06-10 21:34:55 - [TEST_STEP][PASSED] - Statement - switch (id): Finding Test Object with id 'Object Repository/MOH AND GRN/Page_KDMC - CMS/input_txtbatchno'

2018-06-10 21:34:55 - [TEST_STEP][PASSED] - Statement - case 5:: Text '1.0' is set on object 'Object Repository/MOH AND GRN/Page_KDMC - CMS/input_txtdeal'

2018-06-10 21:34:55 - [TEST_STEP][PASSED] - Statement - return (java.lang.Math.floor((java.lang.Math.random() * ((max - min) + 1))) + min): Text '1.0' is set on object 'Object Repository/MOH AND GRN/Page_KDMC - CMS/input_txtdeal'

2018-06-10 21:34:55 - [MESSAGE][PASSED] - Text '1.0' is set on object 'Object Repository/MOH AND GRN/Page_KDMC - CMS/input_txtdeal'

2018-06-10 21:34:55 - [TEST_STEP][PASSED] - setText: Finding Test Object with id 'Object Repository/MOH AND GRN/Page_KDMC - CMS/input_txtbatchno'

2018-06-10 21:34:55 - [TEST_STEP][PASSED] - Statement - switch (id): Finding Test Object with id 'Object Repository/MOH AND GRN/Page_KDMC - CMS/input_txtmrp'

2018-06-10 21:34:55 - [TEST_STEP][PASSED] - Statement - case 1:: Text 'BA433.0' is set on object 'Object Repository/MOH AND GRN/Page_KDMC - CMS/input_txtbatchno'

2018-06-10 21:34:55 - [TEST_STEP][PASSED] - Statement - return (java.lang.Math.floor((java.lang.Math.random() * ((max - min) + 1))) + min): Text 'BA433.0' is set on object 'Object Repository/MOH AND GRN/Page_KDMC - CMS/input_txtbatchno'

2018-06-10 21:34:55 - [MESSAGE][PASSED] - Text 'BA433.0' is set on object 'Object Repository/MOH AND GRN/Page_KDMC - CMS/input_txtbatchno'

2018-06-10 21:34:55 - [TEST_STEP][PASSED] - rightClick: Object: 'Object Repository/GRN/Page_KDMC - CMS/input_txtexpdate' is right clicked on

2018-06-10 21:34:55 - [MESSAGE][PASSED] - Object: 'Object Repository/GRN/Page_KDMC - CMS/input_txtexpdate' is right clicked on

2018-06-10 21:34:55 - [TEST_STEP][PASSED] - selectOptionByIndex: All options with index in [4] are selected on object 'Object Repository/GRN/Page_KDMC - CMS/select_20182019202020212022202'

2018-06-10 21:34:55 - [MESSAGE][PASSED] - All options with index in [4] are selected on object 'Object Repository/GRN/Page_KDMC - CMS/select_20182019202020212022202'

2018-06-10 21:34:55 - [TEST_STEP][PASSED] - selectOptionByIndex: All options with index in [4] are selected on object 'Object Repository/GRN/Page_KDMC - CMS/select_JanFebMarAprMayJunJulAu'

2018-06-10 21:34:55 - [MESSAGE][PASSED] - All options with index in [4] are selected on object 'Object Repository/GRN/Page_KDMC - CMS/select_JanFebMarAprMayJunJulAu'

2018-06-10 21:34:55 - [TEST_STEP][PASSED] - click: Object: 'Object Repository/MOH AND GRN/Page_KDMC - CMS/a_12' is clicked on

2018-06-10 21:34:55 - [MESSAGE][PASSED] - Object: 'Object Repository/MOH AND GRN/Page_KDMC - CMS/a_12' is clicked on

2018-06-10 21:34:55 - [TEST_STEP][PASSED] - click: Object: 'Object Repository/MOH AND GRN/Page_KDMC - CMS/input_btnadd' is clicked on

2018-06-10 21:34:55 - [MESSAGE][PASSED] - Object: 'Object Repository/MOH AND GRN/Page_KDMC - CMS/input_btnadd' is clicked on

2018-06-10 21:34:55 - [TEST_STEP][PASSED] - Statement - If (s == 10): null

2018-06-10 21:34:55 - [TEST_STEP][PASSED] - Statement - Else: null

2018-06-10 21:34:55 - [TEST_STEP][PASSED] - Statement - (s++): null

2018-06-10 21:34:55 - [TEST_STEP][PASSED] - delay: Delayed 1 second(s)

2018-06-10 21:34:56 - [MESSAGE][PASSED] - Delayed 1 second(s)

2018-06-10 21:34:56 - [TEST_STEP][PASSED] - selectOptionByIndex: All options with index in [15] are selected on object 'Object Repository/MOH AND GRN/Page_KDMC - CMS/select_--Select--Amikacin -500'

2018-06-10 21:34:57 - [MESSAGE][PASSED] - All options with index in [15] are selected on object 'Object Repository/MOH AND GRN/Page_KDMC - CMS/select_--Select--Amikacin -500'

2018-06-10 21:34:57 - [TEST_STEP][PASSED] - setText: Text '5000' is set on object 'Object Repository/MOH AND GRN/Page_KDMC - CMS/input_txtqty'

2018-06-10 21:34:57 - [MESSAGE][PASSED] - Text '5000' is set on object 'Object Repository/MOH AND GRN/Page_KDMC - CMS/input_txtqty'

2018-06-10 21:34:57 - [TEST_STEP][PASSED] - selectOptionByIndex: All options with index in [1] are selected on object 'Object Repository/MOH AND GRN/Page_KDMC - CMS/select_--Select--No Tax0'

2018-06-10 21:34:57 - [MESSAGE][PASSED] - All options with index in [1] are selected on object 'Object Repository/MOH AND GRN/Page_KDMC - CMS/select_--Select--No Tax0'

2018-06-10 21:34:57 - [TEST_STEP][PASSED] - setText: Finding Test Object with id 'Object Repository/MOH AND GRN/Page_KDMC - CMS/input_txtmrp'

2018-06-10 21:34:57 - [TEST_STEP][PASSED] - Statement - switch (id): Finding Test Object with id 'Object Repository/MOH AND GRN/Page_KDMC - CMS/input_txtdeal'

2018-06-10 21:34:57 - [TEST_STEP][PASSED] - Statement - case 4:: Text '21.0' is set on object 'Object Repository/MOH AND GRN/Page_KDMC - CMS/input_txtmrp'

2018-06-10 21:34:57 - [TEST_STEP][PASSED] - Statement - return (java.lang.Math.floor((java.lang.Math.random() * ((max - min) + 1))) + min): Text '21.0' is set on object 'Object Repository/MOH AND GRN/Page_KDMC - CMS/input_txtmrp'

2018-06-10 21:34:57 - [MESSAGE][PASSED] - Text '21.0' is set on object 'Object Repository/MOH AND GRN/Page_KDMC - CMS/input_txtmrp'

2018-06-10 21:34:57 - [TEST_STEP][PASSED] - setText: Finding Test Object with id 'Object Repository/MOH AND GRN/Page_KDMC - CMS/input_txtdeal'

2018-06-10 21:34:57 - [TEST_STEP][PASSED] - Statement - switch (id): Finding Test Object with id 'Object Repository/MOH AND GRN/Page_KDMC - CMS/input_txtbatchno'

2018-06-10 21:34:57 - [TEST_STEP][PASSED] - Statement - case 5:: Text '12.0' is set on object 'Object Repository/MOH AND GRN/Page_KDMC - CMS/input_txtdeal'

2018-06-10 21:34:57 - [TEST_STEP][PASSED] - Statement - return (java.lang.Math.floor((java.lang.Math.random() * ((max - min) + 1))) + min): Text '12.0' is set on object 'Object Repository/MOH AND GRN/Page_KDMC - CMS/input_txtdeal'

2018-06-10 21:34:57 - [MESSAGE][PASSED] - Text '12.0' is set on object 'Object Repository/MOH AND GRN/Page_KDMC - CMS/input_txtdeal'

2018-06-10 21:34:57 - [TEST_STEP][PASSED] - setText: Finding Test Object with id 'Object Repository/MOH AND GRN/Page_KDMC - CMS/input_txtbatchno'

2018-06-10 21:34:57 - [TEST_STEP][PASSED] - Statement - switch (id): Finding Test Object with id 'Object Repository/MOH AND GRN/Page_KDMC - CMS/input_txtmrp'

2018-06-10 21:34:57 - [TEST_STEP][PASSED] - Statement - case 1:: Text 'BA208.0' is set on object 'Object Repository/MOH AND GRN/Page_KDMC - CMS/input_txtbatchno'

2018-06-10 21:34:57 - [TEST_STEP][PASSED] - Statement - return (java.lang.Math.floor((java.lang.Math.random() * ((max - min) + 1))) + min): Text 'BA208.0' is set on object 'Object Repository/MOH AND GRN/Page_KDMC - CMS/input_txtbatchno'

2018-06-10 21:34:57 - [MESSAGE][PASSED] - Text 'BA208.0' is set on object 'Object Repository/MOH AND GRN/Page_KDMC - CMS/input_txtbatchno'

2018-06-10 21:34:57 - [TEST_STEP][PASSED] - rightClick: Object: 'Object Repository/GRN/Page_KDMC - CMS/input_txtexpdate' is right clicked on

2018-06-10 21:34:57 - [MESSAGE][PASSED] - Object: 'Object Repository/GRN/Page_KDMC - CMS/input_txtexpdate' is right clicked on

2018-06-10 21:34:57 - [TEST_STEP][PASSED] - selectOptionByIndex: All options with index in [5] are selected on object 'Object Repository/GRN/Page_KDMC - CMS/select_20182019202020212022202'

2018-06-10 21:34:58 - [MESSAGE][PASSED] - All options with index in [5] are selected on object 'Object Repository/GRN/Page_KDMC - CMS/select_20182019202020212022202'

2018-06-10 21:34:58 - [TEST_STEP][PASSED] - selectOptionByIndex: All options with index in [5] are selected on object 'Object Repository/GRN/Page_KDMC - CMS/select_JanFebMarAprMayJunJulAu'

2018-06-10 21:34:58 - [MESSAGE][PASSED] - All options with index in [5] are selected on object 'Object Repository/GRN/Page_KDMC - CMS/select_JanFebMarAprMayJunJulAu'

2018-06-10 21:34:58 - [TEST_STEP][PASSED] - click: Object: 'Object Repository/MOH AND GRN/Page_KDMC - CMS/a_12' is clicked on

2018-06-10 21:34:58 - [MESSAGE][PASSED] - Object: 'Object Repository/MOH AND GRN/Page_KDMC - CMS/a_12' is clicked on

2018-06-10 21:34:58 - [TEST_STEP][PASSED] - click: Object: 'Object Repository/MOH AND GRN/Page_KDMC - CMS/input_btnadd' is clicked on

2018-06-10 21:34:58 - [MESSAGE][PASSED] - Object: 'Object Repository/MOH AND GRN/Page_KDMC - CMS/input_btnadd' is clicked on

2018-06-10 21:34:58 - [TEST_STEP][PASSED] - Statement - If (s == 10): null

2018-06-10 21:34:58 - [TEST_STEP][PASSED] - Statement - Else: null

2018-06-10 21:34:58 - [TEST_STEP][PASSED] - Statement - (s++): null

2018-06-10 21:34:58 - [TEST_STEP][PASSED] - delay: Delayed 1 second(s)

2018-06-10 21:34:59 - [MESSAGE][PASSED] - Delayed 1 second(s)

2018-06-10 21:34:59 - [TEST_STEP][PASSED] - selectOptionByIndex: All options with index in [16] are selected on object 'Object Repository/MOH AND GRN/Page_KDMC - CMS/select_--Select--Amikacin -500'

2018-06-10 21:34:59 - [MESSAGE][PASSED] - All options with index in [16] are selected on object 'Object Repository/MOH AND GRN/Page_KDMC - CMS/select_--Select--Amikacin -500'

2018-06-10 21:34:59 - [TEST_STEP][PASSED] - setText: Text '5000' is set on object 'Object Repository/MOH AND GRN/Page_KDMC - CMS/input_txtqty'

2018-06-10 21:34:59 - [MESSAGE][PASSED] - Text '5000' is set on object 'Object Repository/MOH AND GRN/Page_KDMC - CMS/input_txtqty'

2018-06-10 21:34:59 - [TEST_STEP][PASSED] - selectOptionByIndex: All options with index in [1] are selected on object 'Object Repository/MOH AND GRN/Page_KDMC - CMS/select_--Select--No Tax0'

2018-06-10 21:34:59 - [MESSAGE][PASSED] - All options with index in [1] are selected on object 'Object Repository/MOH AND GRN/Page_KDMC - CMS/select_--Select--No Tax0'

2018-06-10 21:34:59 - [TEST_STEP][PASSED] - setText: Finding Test Object with id 'Object Repository/MOH AND GRN/Page_KDMC - CMS/input_txtmrp'

2018-06-10 21:34:59 - [TEST_STEP][PASSED] - Statement - switch (id): Finding Test Object with id 'Object Repository/MOH AND GRN/Page_KDMC - CMS/input_txtdeal'

2018-06-10 21:34:59 - [TEST_STEP][PASSED] - Statement - case 4:: Text '32.0' is set on object 'Object Repository/MOH AND GRN/Page_KDMC - CMS/input_txtmrp'

2018-06-10 21:34:59 - [TEST_STEP][PASSED] - Statement - return (java.lang.Math.floor((java.lang.Math.random() * ((max - min) + 1))) + min): Text '32.0' is set on object 'Object Repository/MOH AND GRN/Page_KDMC - CMS/input_txtmrp'

2018-06-10 21:34:59 - [MESSAGE][PASSED] - Text '32.0' is set on object 'Object Repository/MOH AND GRN/Page_KDMC - CMS/input_txtmrp'

2018-06-10 21:34:59 - [TEST_STEP][PASSED] - setText: Finding Test Object with id 'Object Repository/MOH AND GRN/Page_KDMC - CMS/input_txtdeal'

2018-06-10 21:34:59 - [TEST_STEP][PASSED] - Statement - switch (id): Finding Test Object with id 'Object Repository/MOH AND GRN/Page_KDMC - CMS/input_txtbatchno'

2018-06-10 21:34:59 - [TEST_STEP][PASSED] - Statement - case 5:: Text '2.0' is set on object 'Object Repository/MOH AND GRN/Page_KDMC - CMS/input_txtdeal'

2018-06-10 21:34:59 - [TEST_STEP][PASSED] - Statement - return (java.lang.Math.floor((java.lang.Math.random() * ((max - min) + 1))) + min): Text '2.0' is set on object 'Object Repository/MOH AND GRN/Page_KDMC - CMS/input_txtdeal'

2018-06-10 21:35:00 - [MESSAGE][PASSED] - Text '2.0' is set on object 'Object Repository/MOH AND GRN/Page_KDMC - CMS/input_txtdeal'

2018-06-10 21:35:00 - [TEST_STEP][PASSED] - setText: Finding Test Object with id 'Object Repository/MOH AND GRN/Page_KDMC - CMS/input_txtbatchno'

2018-06-10 21:35:00 - [TEST_STEP][PASSED] - Statement - switch (id): Finding Test Object with id 'Object Repository/MOH AND GRN/Page_KDMC - CMS/input_txtmrp'

2018-06-10 21:35:00 - [TEST_STEP][PASSED] - Statement - case 1:: Text 'BA868.0' is set on object 'Object Repository/MOH AND GRN/Page_KDMC - CMS/input_txtbatchno'

2018-06-10 21:35:00 - [TEST_STEP][PASSED] - Statement - return (java.lang.Math.floor((java.lang.Math.random() * ((max - min) + 1))) + min): Text 'BA868.0' is set on object 'Object Repository/MOH AND GRN/Page_KDMC - CMS/input_txtbatchno'

2018-06-10 21:35:00 - [MESSAGE][PASSED] - Text 'BA868.0' is set on object 'Object Repository/MOH AND GRN/Page_KDMC - CMS/input_txtbatchno'

2018-06-10 21:35:00 - [TEST_STEP][PASSED] - rightClick: Object: 'Object Repository/GRN/Page_KDMC - CMS/input_txtexpdate' is right clicked on

2018-06-10 21:35:00 - [MESSAGE][PASSED] - Object: 'Object Repository/GRN/Page_KDMC - CMS/input_txtexpdate' is right clicked on

2018-06-10 21:35:00 - [TEST_STEP][PASSED] - selectOptionByIndex: All options with index in [6] are selected on object 'Object Repository/GRN/Page_KDMC - CMS/select_20182019202020212022202'

2018-06-10 21:35:00 - [MESSAGE][PASSED] - All options with index in [6] are selected on object 'Object Repository/GRN/Page_KDMC - CMS/select_20182019202020212022202'

2018-06-10 21:35:00 - [TEST_STEP][PASSED] - selectOptionByIndex: All options with index in [6] are selected on object 'Object Repository/GRN/Page_KDMC - CMS/select_JanFebMarAprMayJunJulAu'

2018-06-10 21:35:00 - [MESSAGE][PASSED] - All options with index in [6] are selected on object 'Object Repository/GRN/Page_KDMC - CMS/select_JanFebMarAprMayJunJulAu'

2018-06-10 21:35:00 - [TEST_STEP][PASSED] - click: Object: 'Object Repository/MOH AND GRN/Page_KDMC - CMS/a_12' is clicked on

2018-06-10 21:35:00 - [MESSAGE][PASSED] - Object: 'Object Repository/MOH AND GRN/Page_KDMC - CMS/a_12' is clicked on

2018-06-10 21:35:00 - [TEST_STEP][PASSED] - click: Object: 'Object Repository/MOH AND GRN/Page_KDMC - CMS/input_btnadd' is clicked on

2018-06-10 21:35:00 - [MESSAGE][PASSED] - Object: 'Object Repository/MOH AND GRN/Page_KDMC - CMS/input_btnadd' is clicked on

2018-06-10 21:35:00 - [TEST_STEP][PASSED] - Statement - If (s == 10): null

2018-06-10 21:35:00 - [TEST_STEP][PASSED] - Statement - Else: null

2018-06-10 21:35:00 - [TEST_STEP][PASSED] - Statement - (s++): null

2018-06-10 21:35:00 - [TEST_STEP][PASSED] - delay: Delayed 1 second(s)

2018-06-10 21:35:01 - [MESSAGE][PASSED] - Delayed 1 second(s)

2018-06-10 21:35:01 - [TEST_STEP][PASSED] - selectOptionByIndex: All options with index in [17] are selected on object 'Object Repository/MOH AND GRN/Page_KDMC - CMS/select_--Select--Amikacin -500'

2018-06-10 21:35:02 - [MESSAGE][PASSED] - All options with index in [17] are selected on object 'Object Repository/MOH AND GRN/Page_KDMC - CMS/select_--Select--Amikacin -500'

2018-06-10 21:35:02 - [TEST_STEP][PASSED] - setText: Text '5000' is set on object 'Object Repository/MOH AND GRN/Page_KDMC - CMS/input_txtqty'

2018-06-10 21:35:02 - [MESSAGE][PASSED] - Text '5000' is set on object 'Object Repository/MOH AND GRN/Page_KDMC - CMS/input_txtqty'

2018-06-10 21:35:02 - [TEST_STEP][PASSED] - selectOptionByIndex: All options with index in [1] are selected on object 'Object Repository/MOH AND GRN/Page_KDMC - CMS/select_--Select--No Tax0'

2018-06-10 21:35:02 - [MESSAGE][PASSED] - All options with index in [1] are selected on object 'Object Repository/MOH AND GRN/Page_KDMC - CMS/select_--Select--No Tax0'

2018-06-10 21:35:02 - [TEST_STEP][PASSED] - setText: Finding Test Object with id 'Object Repository/MOH AND GRN/Page_KDMC - CMS/input_txtmrp'

2018-06-10 21:35:02 - [TEST_STEP][PASSED] - Statement - switch (id): Finding Test Object with id 'Object Repository/MOH AND GRN/Page_KDMC - CMS/input_txtdeal'

2018-06-10 21:35:02 - [TEST_STEP][PASSED] - Statement - case 4:: Text '21.0' is set on object 'Object Repository/MOH AND GRN/Page_KDMC - CMS/input_txtmrp'

2018-06-10 21:35:02 - [TEST_STEP][PASSED] - Statement - return (java.lang.Math.floor((java.lang.Math.random() * ((max - min) + 1))) + min): Text '21.0' is set on object 'Object Repository/MOH AND GRN/Page_KDMC - CMS/input_txtmrp'

2018-06-10 21:35:02 - [MESSAGE][PASSED] - Text '21.0' is set on object 'Object Repository/MOH AND GRN/Page_KDMC - CMS/input_txtmrp'

2018-06-10 21:35:02 - [TEST_STEP][PASSED] - setText: Finding Test Object with id 'Object Repository/MOH AND GRN/Page_KDMC - CMS/input_txtdeal'

2018-06-10 21:35:02 - [TEST_STEP][PASSED] - Statement - switch (id): Finding Test Object with id 'Object Repository/MOH AND GRN/Page_KDMC - CMS/input_txtbatchno'

2018-06-10 21:35:02 - [TEST_STEP][PASSED] - Statement - case 5:: Text '11.0' is set on object 'Object Repository/MOH AND GRN/Page_KDMC - CMS/input_txtdeal'

2018-06-10 21:35:02 - [TEST_STEP][PASSED] - Statement - return (java.lang.Math.floor((java.lang.Math.random() * ((max - min) + 1))) + min): Text '11.0' is set on object 'Object Repository/MOH AND GRN/Page_KDMC - CMS/input_txtdeal'

2018-06-10 21:35:02 - [MESSAGE][PASSED] - Text '11.0' is set on object 'Object Repository/MOH AND GRN/Page_KDMC - CMS/input_txtdeal'

2018-06-10 21:35:02 - [TEST_STEP][PASSED] - setText: Finding Test Object with id 'Object Repository/MOH AND GRN/Page_KDMC - CMS/input_txtbatchno'

2018-06-10 21:35:02 - [TEST_STEP][PASSED] - Statement - switch (id): Finding Test Object with id 'Object Repository/MOH AND GRN/Page_KDMC - CMS/input_txtmrp'

2018-06-10 21:35:02 - [TEST_STEP][PASSED] - Statement - case 1:: Text 'BA364.0' is set on object 'Object Repository/MOH AND GRN/Page_KDMC - CMS/input_txtbatchno'

2018-06-10 21:35:02 - [TEST_STEP][PASSED] - Statement - return (java.lang.Math.floor((java.lang.Math.random() * ((max - min) + 1))) + min): Text 'BA364.0' is set on object 'Object Repository/MOH AND GRN/Page_KDMC - CMS/input_txtbatchno'

2018-06-10 21:35:02 - [MESSAGE][PASSED] - Text 'BA364.0' is set on object 'Object Repository/MOH AND GRN/Page_KDMC - CMS/input_txtbatchno'

2018-06-10 21:35:02 - [TEST_STEP][PASSED] - rightClick: Object: 'Object Repository/GRN/Page_KDMC - CMS/input_txtexpdate' is right clicked on

2018-06-10 21:35:02 - [MESSAGE][PASSED] - Object: 'Object Repository/GRN/Page_KDMC - CMS/input_txtexpdate' is right clicked on

2018-06-10 21:35:02 - [TEST_STEP][PASSED] - selectOptionByIndex: All options with index in [7] are selected on object 'Object Repository/GRN/Page_KDMC - CMS/select_20182019202020212022202'

2018-06-10 21:35:03 - [MESSAGE][PASSED] - All options with index in [7] are selected on object 'Object Repository/GRN/Page_KDMC - CMS/select_20182019202020212022202'

2018-06-10 21:35:03 - [TEST_STEP][PASSED] - selectOptionByIndex: All options with index in [7] are selected on object 'Object Repository/GRN/Page_KDMC - CMS/select_JanFebMarAprMayJunJulAu'

2018-06-10 21:35:03 - [MESSAGE][PASSED] - All options with index in [7] are selected on object 'Object Repository/GRN/Page_KDMC - CMS/select_JanFebMarAprMayJunJulAu'

2018-06-10 21:35:03 - [TEST_STEP][PASSED] - click: Object: 'Object Repository/MOH AND GRN/Page_KDMC - CMS/a_12' is clicked on

2018-06-10 21:35:03 - [MESSAGE][PASSED] - Object: 'Object Repository/MOH AND GRN/Page_KDMC - CMS/a_12' is clicked on

2018-06-10 21:35:03 - [TEST_STEP][PASSED] - click: Object: 'Object Repository/MOH AND GRN/Page_KDMC - CMS/input_btnadd' is clicked on

2018-06-10 21:35:03 - [MESSAGE][PASSED] - Object: 'Object Repository/MOH AND GRN/Page_KDMC - CMS/input_btnadd' is clicked on

2018-06-10 21:35:03 - [TEST_STEP][PASSED] - Statement - If (s == 10): null

2018-06-10 21:35:03 - [TEST_STEP][PASSED] - Statement - Else: null

2018-06-10 21:35:03 - [TEST_STEP][PASSED] - Statement - (s++): null

2018-06-10 21:35:03 - [TEST_STEP][PASSED] - delay: Delayed 1 second(s)

2018-06-10 21:35:04 - [MESSAGE][PASSED] - Delayed 1 second(s)

2018-06-10 21:35:04 - [TEST_STEP][PASSED] - selectOptionByIndex: All options with index in [18] are selected on object 'Object Repository/MOH AND GRN/Page_KDMC - CMS/select_--Select--Amikacin -500'

2018-06-10 21:35:04 - [MESSAGE][PASSED] - All options with index in [18] are selected on object 'Object Repository/MOH AND GRN/Page_KDMC - CMS/select_--Select--Amikacin -500'

2018-06-10 21:35:04 - [TEST_STEP][PASSED] - setText: Text '5000' is set on object 'Object Repository/MOH AND GRN/Page_KDMC - CMS/input_txtqty'

2018-06-10 21:35:04 - [MESSAGE][PASSED] - Text '5000' is set on object 'Object Repository/MOH AND GRN/Page_KDMC - CMS/input_txtqty'

2018-06-10 21:35:04 - [TEST_STEP][PASSED] - selectOptionByIndex: All options with index in [1] are selected on object 'Object Repository/MOH AND GRN/Page_KDMC - CMS/select_--Select--No Tax0'

2018-06-10 21:35:04 - [MESSAGE][PASSED] - All options with index in [1] are selected on object 'Object Repository/MOH AND GRN/Page_KDMC - CMS/select_--Select--No Tax0'

2018-06-10 21:35:04 - [TEST_STEP][PASSED] - setText: Finding Test Object with id 'Object Repository/MOH AND GRN/Page_KDMC - CMS/input_txtmrp'

2018-06-10 21:35:04 - [TEST_STEP][PASSED] - Statement - switch (id): Finding Test Object with id 'Object Repository/MOH AND GRN/Page_KDMC - CMS/input_txtdeal'

2018-06-10 21:35:04 - [TEST_STEP][PASSED] - Statement - case 4:: Text '22.0' is set on object 'Object Repository/MOH AND GRN/Page_KDMC - CMS/input_txtmrp'

2018-06-10 21:35:04 - [TEST_STEP][PASSED] - Statement - return (java.lang.Math.floor((java.lang.Math.random() * ((max - min) + 1))) + min): Text '22.0' is set on object 'Object Repository/MOH AND GRN/Page_KDMC - CMS/input_txtmrp'

2018-06-10 21:35:05 - [MESSAGE][PASSED] - Text '22.0' is set on object 'Object Repository/MOH AND GRN/Page_KDMC - CMS/input_txtmrp'

2018-06-10 21:35:05 - [TEST_STEP][PASSED] - setText: Finding Test Object with id 'Object Repository/MOH AND GRN/Page_KDMC - CMS/input_txtdeal'

2018-06-10 21:35:05 - [TEST_STEP][PASSED] - Statement - switch (id): Finding Test Object with id 'Object Repository/MOH AND GRN/Page_KDMC - CMS/input_txtbatchno'

2018-06-10 21:35:05 - [TEST_STEP][PASSED] - Statement - case 5:: Text '6.0' is set on object 'Object Repository/MOH AND GRN/Page_KDMC - CMS/input_txtdeal'

2018-06-10 21:35:05 - [TEST_STEP][PASSED] - Statement - return (java.lang.Math.floor((java.lang.Math.random() * ((max - min) + 1))) + min): Text '6.0' is set on object 'Object Repository/MOH AND GRN/Page_KDMC - CMS/input_txtdeal'

2018-06-10 21:35:05 - [MESSAGE][PASSED] - Text '6.0' is set on object 'Object Repository/MOH AND GRN/Page_KDMC - CMS/input_txtdeal'

2018-06-10 21:35:05 - [TEST_STEP][PASSED] - setText: Finding Test Object with id 'Object Repository/MOH AND GRN/Page_KDMC - CMS/input_txtbatchno'

2018-06-10 21:35:05 - [TEST_STEP][PASSED] - Statement - switch (id): Finding Test Object with id 'Object Repository/MOH AND GRN/Page_KDMC - CMS/input_txtmrp'

2018-06-10 21:35:05 - [TEST_STEP][PASSED] - Statement - case 1:: Text 'BA936.0' is set on object 'Object Repository/MOH AND GRN/Page_KDMC - CMS/input_txtbatchno'

2018-06-10 21:35:05 - [TEST_STEP][PASSED] - Statement - return (java.lang.Math.floor((java.lang.Math.random() * ((max - min) + 1))) + min): Text 'BA936.0' is set on object 'Object Repository/MOH AND GRN/Page_KDMC - CMS/input_txtbatchno'

2018-06-10 21:35:05 - [MESSAGE][PASSED] - Text 'BA936.0' is set on object 'Object Repository/MOH AND GRN/Page_KDMC - CMS/input_txtbatchno'

2018-06-10 21:35:05 - [TEST_STEP][PASSED] - rightClick: Object: 'Object Repository/GRN/Page_KDMC - CMS/input_txtexpdate' is right clicked on

2018-06-10 21:35:05 - [MESSAGE][PASSED] - Object: 'Object Repository/GRN/Page_KDMC - CMS/input_txtexpdate' is right clicked on

2018-06-10 21:35:05 - [TEST_STEP][PASSED] - selectOptionByIndex: All options with index in [8] are selected on object 'Object Repository/GRN/Page_KDMC - CMS/select_20182019202020212022202'

2018-06-10 21:35:05 - [MESSAGE][PASSED] - All options with index in [8] are selected on object 'Object Repository/GRN/Page_KDMC - CMS/select_20182019202020212022202'

2018-06-10 21:35:05 - [TEST_STEP][PASSED] - selectOptionByIndex: All options with index in [8] are selected on object 'Object Repository/GRN/Page_KDMC - CMS/select_JanFebMarAprMayJunJulAu'

2018-06-10 21:35:05 - [MESSAGE][PASSED] - All options with index in [8] are selected on object 'Object Repository/GRN/Page_KDMC - CMS/select_JanFebMarAprMayJunJulAu'

2018-06-10 21:35:05 - [TEST_STEP][PASSED] - click: Object: 'Object Repository/MOH AND GRN/Page_KDMC - CMS/a_12' is clicked on

2018-06-10 21:35:05 - [MESSAGE][PASSED] - Object: 'Object Repository/MOH AND GRN/Page_KDMC - CMS/a_12' is clicked on

2018-06-10 21:35:05 - [TEST_STEP][PASSED] - click: Object: 'Object Repository/MOH AND GRN/Page_KDMC - CMS/input_btnadd' is clicked on

2018-06-10 21:35:05 - [MESSAGE][PASSED] - Object: 'Object Repository/MOH AND GRN/Page_KDMC - CMS/input_btnadd' is clicked on

2018-06-10 21:35:05 - [TEST_STEP][PASSED] - Statement - If (s == 10): null

2018-06-10 21:35:05 - [TEST_STEP][PASSED] - Statement - Else: null

2018-06-10 21:35:05 - [TEST_STEP][PASSED] - Statement - (s++): null

2018-06-10 21:35:05 - [TEST_STEP][PASSED] - delay: Delayed 1 second(s)

2018-06-10 21:35:06 - [MESSAGE][PASSED] - Delayed 1 second(s)

2018-06-10 21:35:06 - [TEST_STEP][PASSED] - selectOptionByIndex: All options with index in [19] are selected on object 'Object Repository/MOH AND GRN/Page_KDMC - CMS/select_--Select--Amikacin -500'

2018-06-10 21:35:07 - [MESSAGE][PASSED] - All options with index in [19] are selected on object 'Object Repository/MOH AND GRN/Page_KDMC - CMS/select_--Select--Amikacin -500'

2018-06-10 21:35:07 - [TEST_STEP][PASSED] - setText: Text '5000' is set on object 'Object Repository/MOH AND GRN/Page_KDMC - CMS/input_txtqty'

2018-06-10 21:35:07 - [MESSAGE][PASSED] - Text '5000' is set on object 'Object Repository/MOH AND GRN/Page_KDMC - CMS/input_txtqty'

2018-06-10 21:35:07 - [TEST_STEP][PASSED] - selectOptionByIndex: All options with index in [1] are selected on object 'Object Repository/MOH AND GRN/Page_KDMC - CMS/select_--Select--No Tax0'

2018-06-10 21:35:07 - [MESSAGE][PASSED] - All options with index in [1] are selected on object 'Object Repository/MOH AND GRN/Page_KDMC - CMS/select_--Select--No Tax0'

2018-06-10 21:35:07 - [TEST_STEP][PASSED] - setText: Finding Test Object with id 'Object Repository/MOH AND GRN/Page_KDMC - CMS/input_txtmrp'

2018-06-10 21:35:07 - [TEST_STEP][PASSED] - Statement - switch (id): Finding Test Object with id 'Object Repository/MOH AND GRN/Page_KDMC - CMS/input_txtdeal'

2018-06-10 21:35:07 - [TEST_STEP][PASSED] - Statement - case 4:: Text '43.0' is set on object 'Object Repository/MOH AND GRN/Page_KDMC - CMS/input_txtmrp'

2018-06-10 21:35:07 - [TEST_STEP][PASSED] - Statement - return (java.lang.Math.floor((java.lang.Math.random() * ((max - min) + 1))) + min): Text '43.0' is set on object 'Object Repository/MOH AND GRN/Page_KDMC - CMS/input_txtmrp'

2018-06-10 21:35:07 - [MESSAGE][PASSED] - Text '43.0' is set on object 'Object Repository/MOH AND GRN/Page_KDMC - CMS/input_txtmrp'

2018-06-10 21:35:07 - [TEST_STEP][PASSED] - setText: Finding Test Object with id 'Object Repository/MOH AND GRN/Page_KDMC - CMS/input_txtdeal'

2018-06-10 21:35:07 - [TEST_STEP][PASSED] - Statement - switch (id): Finding Test Object with id 'Object Repository/MOH AND GRN/Page_KDMC - CMS/input_txtbatchno'

2018-06-10 21:35:07 - [TEST_STEP][PASSED] - Statement - case 5:: Text '4.0' is set on object 'Object Repository/MOH AND GRN/Page_KDMC - CMS/input_txtdeal'

2018-06-10 21:35:07 - [TEST_STEP][PASSED] - Statement - return (java.lang.Math.floor((java.lang.Math.random() * ((max - min) + 1))) + min): Text '4.0' is set on object 'Object Repository/MOH AND GRN/Page_KDMC - CMS/input_txtdeal'

2018-06-10 21:35:07 - [MESSAGE][PASSED] - Text '4.0' is set on object 'Object Repository/MOH AND GRN/Page_KDMC - CMS/input_txtdeal'

2018-06-10 21:35:07 - [TEST_STEP][PASSED] - setText: Finding Test Object with id 'Object Repository/MOH AND GRN/Page_KDMC - CMS/input_txtbatchno'

2018-06-10 21:35:07 - [TEST_STEP][PASSED] - Statement - switch (id): Finding Test Object with id 'Object Repository/MOH AND GRN/Page_KDMC - CMS/input_txtmrp'

2018-06-10 21:35:07 - [TEST_STEP][PASSED] - Statement - case 1:: Text 'BA730.0' is set on object 'Object Repository/MOH AND GRN/Page_KDMC - CMS/input_txtbatchno'

2018-06-10 21:35:07 - [TEST_STEP][PASSED] - Statement - return (java.lang.Math.floor((java.lang.Math.random() * ((max - min) + 1))) + min): Text 'BA730.0' is set on object 'Object Repository/MOH AND GRN/Page_KDMC - CMS/input_txtbatchno'

2018-06-10 21:35:07 - [MESSAGE][PASSED] - Text 'BA730.0' is set on object 'Object Repository/MOH AND GRN/Page_KDMC - CMS/input_txtbatchno'

2018-06-10 21:35:07 - [TEST_STEP][PASSED] - rightClick: Object: 'Object Repository/GRN/Page_KDMC - CMS/input_txtexpdate' is right clicked on

2018-06-10 21:35:07 - [MESSAGE][PASSED] - Object: 'Object Repository/GRN/Page_KDMC - CMS/input_txtexpdate' is right clicked on

2018-06-10 21:35:07 - [TEST_STEP][PASSED] - selectOptionByIndex: All options with index in [9] are selected on object 'Object Repository/GRN/Page_KDMC - CMS/select_20182019202020212022202'

2018-06-10 21:35:08 - [MESSAGE][PASSED] - All options with index in [9] are selected on object 'Object Repository/GRN/Page_KDMC - CMS/select_20182019202020212022202'

2018-06-10 21:35:08 - [TEST_STEP][PASSED] - selectOptionByIndex: All options with index in [9] are selected on object 'Object Repository/GRN/Page_KDMC - CMS/select_JanFebMarAprMayJunJulAu'

2018-06-10 21:35:08 - [MESSAGE][PASSED] - All options with index in [9] are selected on object 'Object Repository/GRN/Page_KDMC - CMS/select_JanFebMarAprMayJunJulAu'

2018-06-10 21:35:08 - [TEST_STEP][PASSED] - click: Object: 'Object Repository/MOH AND GRN/Page_KDMC - CMS/a_12' is clicked on

2018-06-10 21:35:08 - [MESSAGE][PASSED] - Object: 'Object Repository/MOH AND GRN/Page_KDMC - CMS/a_12' is clicked on

2018-06-10 21:35:08 - [TEST_STEP][PASSED] - click: Object: 'Object Repository/MOH AND GRN/Page_KDMC - CMS/input_btnadd' is clicked on

2018-06-10 21:35:08 - [MESSAGE][PASSED] - Object: 'Object Repository/MOH AND GRN/Page_KDMC - CMS/input_btnadd' is clicked on

2018-06-10 21:35:08 - [TEST_STEP][PASSED] - Statement - If (s == 10): null

2018-06-10 21:35:08 - [TEST_STEP][PASSED] - Statement - Else: null

2018-06-10 21:35:08 - [TEST_STEP][PASSED] - Statement - (s++): null

2018-06-10 21:35:08 - [TEST_STEP][PASSED] - delay: Delayed 1 second(s)

2018-06-10 21:35:09 - [MESSAGE][PASSED] - Delayed 1 second(s)

2018-06-10 21:35:09 - [TEST_STEP][PASSED] - selectOptionByIndex: All options with index in [20] are selected on object 'Object Repository/MOH AND GRN/Page_KDMC - CMS/select_--Select--Amikacin -500'

2018-06-10 21:35:09 - [MESSAGE][PASSED] - All options with index in [20] are selected on object 'Object Repository/MOH AND GRN/Page_KDMC - CMS/select_--Select--Amikacin -500'

2018-06-10 21:35:09 - [TEST_STEP][PASSED] - setText: Text '5000' is set on object 'Object Repository/MOH AND GRN/Page_KDMC - CMS/input_txtqty'

2018-06-10 21:35:10 - [MESSAGE][PASSED] - Text '5000' is set on object 'Object Repository/MOH AND GRN/Page_KDMC - CMS/input_txtqty'

2018-06-10 21:35:10 - [TEST_STEP][PASSED] - selectOptionByIndex: All options with index in [1] are selected on object 'Object Repository/MOH AND GRN/Page_KDMC - CMS/select_--Select--No Tax0'

2018-06-10 21:35:10 - [MESSAGE][PASSED] - All options with index in [1] are selected on object 'Object Repository/MOH AND GRN/Page_KDMC - CMS/select_--Select--No Tax0'

2018-06-10 21:35:10 - [TEST_STEP][PASSED] - setText: Finding Test Object with id 'Object Repository/MOH AND GRN/Page_KDMC - CMS/input_txtmrp'

2018-06-10 21:35:10 - [TEST_STEP][PASSED] - Statement - switch (id): Finding Test Object with id 'Object Repository/MOH AND GRN/Page_KDMC - CMS/input_txtdeal'

2018-06-10 21:35:10 - [TEST_STEP][PASSED] - Statement - case 4:: Text '36.0' is set on object 'Object Repository/MOH AND GRN/Page_KDMC - CMS/input_txtmrp'

2018-06-10 21:35:10 - [TEST_STEP][PASSED] - Statement - return (java.lang.Math.floor((java.lang.Math.random() * ((max - min) + 1))) + min): Text '36.0' is set on object 'Object Repository/MOH AND GRN/Page_KDMC - CMS/input_txtmrp'

2018-06-10 21:35:10 - [MESSAGE][PASSED] - Text '36.0' is set on object 'Object Repository/MOH AND GRN/Page_KDMC - CMS/input_txtmrp'

2018-06-10 21:35:10 - [TEST_STEP][PASSED] - setText: Finding Test Object with id 'Object Repository/MOH AND GRN/Page_KDMC - CMS/input_txtdeal'

2018-06-10 21:35:10 - [TEST_STEP][PASSED] - Statement - switch (id): Finding Test Object with id 'Object Repository/MOH AND GRN/Page_KDMC - CMS/input_txtbatchno'

2018-06-10 21:35:10 - [TEST_STEP][PASSED] - Statement - case 5:: Text '10.0' is set on object 'Object Repository/MOH AND GRN/Page_KDMC - CMS/input_txtdeal'

2018-06-10 21:35:10 - [TEST_STEP][PASSED] - Statement - return (java.lang.Math.floor((java.lang.Math.random() * ((max - min) + 1))) + min): Text '10.0' is set on object 'Object Repository/MOH AND GRN/Page_KDMC - CMS/input_txtdeal'

2018-06-10 21:35:10 - [MESSAGE][PASSED] - Text '10.0' is set on object 'Object Repository/MOH AND GRN/Page_KDMC - CMS/input_txtdeal'

2018-06-10 21:35:10 - [TEST_STEP][PASSED] - setText: Finding Test Object with id 'Object Repository/MOH AND GRN/Page_KDMC - CMS/input_txtbatchno'

2018-06-10 21:35:10 - [TEST_STEP][PASSED] - Statement - switch (id): Finding Test Object with id 'Object Repository/MOH AND GRN/Page_KDMC - CMS/input_txtmrp'

2018-06-10 21:35:10 - [TEST_STEP][PASSED] - Statement - case 1:: Text 'BA998.0' is set on object 'Object Repository/MOH AND GRN/Page_KDMC - CMS/input_txtbatchno'

2018-06-10 21:35:10 - [TEST_STEP][PASSED] - Statement - return (java.lang.Math.floor((java.lang.Math.random() * ((max - min) + 1))) + min): Text 'BA998.0' is set on object 'Object Repository/MOH AND GRN/Page_KDMC - CMS/input_txtbatchno'

2018-06-10 21:35:10 - [MESSAGE][PASSED] - Text 'BA998.0' is set on object 'Object Repository/MOH AND GRN/Page_KDMC - CMS/input_txtbatchno'

2018-06-10 21:35:10 - [TEST_STEP][PASSED] - rightClick: Object: 'Object Repository/GRN/Page_KDMC - CMS/input_txtexpdate' is right clicked on

2018-06-10 21:35:10 - [MESSAGE][PASSED] - Object: 'Object Repository/GRN/Page_KDMC - CMS/input_txtexpdate' is right clicked on

2018-06-10 21:35:10 - [TEST_STEP][PASSED] - selectOptionByIndex: All options with index in [10] are selected on object 'Object Repository/GRN/Page_KDMC - CMS/select_20182019202020212022202'

2018-06-10 21:35:10 - [MESSAGE][PASSED] - All options with index in [10] are selected on object 'Object Repository/GRN/Page_KDMC - CMS/select_20182019202020212022202'

2018-06-10 21:35:10 - [TEST_STEP][PASSED] - selectOptionByIndex: All options with index in [10] are selected on object 'Object Repository/GRN/Page_KDMC - CMS/select_JanFebMarAprMayJunJulAu'

2018-06-10 21:35:11 - [MESSAGE][PASSED] - All options with index in [10] are selected on object 'Object Repository/GRN/Page_KDMC - CMS/select_JanFebMarAprMayJunJulAu'

2018-06-10 21:35:11 - [TEST_STEP][PASSED] - click: Object: 'Object Repository/MOH AND GRN/Page_KDMC - CMS/a_12' is clicked on

2018-06-10 21:35:11 - [MESSAGE][PASSED] - Object: 'Object Repository/MOH AND GRN/Page_KDMC - CMS/a_12' is clicked on

2018-06-10 21:35:11 - [TEST_STEP][PASSED] - click: Object: 'Object Repository/MOH AND GRN/Page_KDMC - CMS/input_btnadd' is clicked on

2018-06-10 21:35:11 - [MESSAGE][PASSED] - Object: 'Object Repository/MOH AND GRN/Page_KDMC - CMS/input_btnadd' is clicked on

2018-06-10 21:35:11 - [TEST_STEP][PASSED] - Statement - If (s == 10): null

2018-06-10 21:35:11 - [TEST_STEP][PASSED] - Statement - s = 1: null

2018-06-10 21:35:11 - [TEST_STEP][PASSED] - delay: Delayed 1 second(s)

2018-06-10 21:35:12 - [MESSAGE][PASSED] - Delayed 1 second(s)

2018-06-10 21:35:12 - [TEST_STEP][PASSED] - selectOptionByIndex: All options with index in [21] are selected on object 'Object Repository/MOH AND GRN/Page_KDMC - CMS/select_--Select--Amikacin -500'

2018-06-10 21:35:12 - [MESSAGE][PASSED] - All options with index in [21] are selected on object 'Object Repository/MOH AND GRN/Page_KDMC - CMS/select_--Select--Amikacin -500'

2018-06-10 21:35:12 - [TEST_STEP][PASSED] - setText: Text '5000' is set on object 'Object Repository/MOH AND GRN/Page_KDMC - CMS/input_txtqty'

2018-06-10 21:35:12 - [MESSAGE][PASSED] - Text '5000' is set on object 'Object Repository/MOH AND GRN/Page_KDMC - CMS/input_txtqty'

2018-06-10 21:35:12 - [TEST_STEP][PASSED] - selectOptionByIndex: All options with index in [1] are selected on object 'Object Repository/MOH AND GRN/Page_KDMC - CMS/select_--Select--No Tax0'

2018-06-10 21:35:12 - [MESSAGE][PASSED] - All options with index in [1] are selected on object 'Object Repository/MOH AND GRN/Page_KDMC - CMS/select_--Select--No Tax0'

2018-06-10 21:35:12 - [TEST_STEP][PASSED] - setText: Finding Test Object with id 'Object Repository/MOH AND GRN/Page_KDMC - CMS/input_txtmrp'

2018-06-10 21:35:12 - [TEST_STEP][PASSED] - Statement - switch (id): Finding Test Object with id 'Object Repository/MOH AND GRN/Page_KDMC - CMS/input_txtdeal'

2018-06-10 21:35:12 - [TEST_STEP][PASSED] - Statement - case 4:: Text '21.0' is set on object 'Object Repository/MOH AND GRN/Page_KDMC - CMS/input_txtmrp'

2018-06-10 21:35:12 - [TEST_STEP][PASSED] - Statement - return (java.lang.Math.floor((java.lang.Math.random() * ((max - min) + 1))) + min): Text '21.0' is set on object 'Object Repository/MOH AND GRN/Page_KDMC - CMS/input_txtmrp'

2018-06-10 21:35:12 - [MESSAGE][PASSED] - Text '21.0' is set on object 'Object Repository/MOH AND GRN/Page_KDMC - CMS/input_txtmrp'

2018-06-10 21:35:12 - [TEST_STEP][PASSED] - setText: Finding Test Object with id 'Object Repository/MOH AND GRN/Page_KDMC - CMS/input_txtdeal'

2018-06-10 21:35:12 - [TEST_STEP][PASSED] - Statement - switch (id): Finding Test Object with id 'Object Repository/MOH AND GRN/Page_KDMC - CMS/input_txtbatchno'

2018-06-10 21:35:12 - [TEST_STEP][PASSED] - Statement - case 5:: Text '5.0' is set on object 'Object Repository/MOH AND GRN/Page_KDMC - CMS/input_txtdeal'

2018-06-10 21:35:12 - [TEST_STEP][PASSED] - Statement - return (java.lang.Math.floor((java.lang.Math.random() * ((max - min) + 1))) + min): Text '5.0' is set on object 'Object Repository/MOH AND GRN/Page_KDMC - CMS/input_txtdeal'

2018-06-10 21:35:13 - [MESSAGE][PASSED] - Text '5.0' is set on object 'Object Repository/MOH AND GRN/Page_KDMC - CMS/input_txtdeal'

2018-06-10 21:35:13 - [TEST_STEP][PASSED] - setText: Finding Test Object with id 'Object Repository/MOH AND GRN/Page_KDMC - CMS/input_txtbatchno'

2018-06-10 21:35:13 - [TEST_STEP][PASSED] - Statement - switch (id): Finding Test Object with id 'Object Repository/MOH AND GRN/Page_KDMC - CMS/input_txtmrp'

2018-06-10 21:35:13 - [TEST_STEP][PASSED] - Statement - case 1:: Text 'BA869.0' is set on object 'Object Repository/MOH AND GRN/Page_KDMC - CMS/input_txtbatchno'

2018-06-10 21:35:13 - [TEST_STEP][PASSED] - Statement - return (java.lang.Math.floor((java.lang.Math.random() * ((max - min) + 1))) + min): Text 'BA869.0' is set on object 'Object Repository/MOH AND GRN/Page_KDMC - CMS/input_txtbatchno'

2018-06-10 21:35:13 - [MESSAGE][PASSED] - Text 'BA869.0' is set on object 'Object Repository/MOH AND GRN/Page_KDMC - CMS/input_txtbatchno'

2018-06-10 21:35:13 - [TEST_STEP][PASSED] - rightClick: Object: 'Object Repository/GRN/Page_KDMC - CMS/input_txtexpdate' is right clicked on

2018-06-10 21:35:13 - [MESSAGE][PASSED] - Object: 'Object Repository/GRN/Page_KDMC - CMS/input_txtexpdate' is right clicked on

2018-06-10 21:35:13 - [TEST_STEP][PASSED] - selectOptionByIndex: All options with index in [1] are selected on object 'Object Repository/GRN/Page_KDMC - CMS/select_20182019202020212022202'

2018-06-10 21:35:13 - [MESSAGE][PASSED] - All options with index in [1] are selected on object 'Object Repository/GRN/Page_KDMC - CMS/select_20182019202020212022202'

2018-06-10 21:35:13 - [TEST_STEP][PASSED] - selectOptionByIndex: All options with index in [1] are selected on object 'Object Repository/GRN/Page_KDMC - CMS/select_JanFebMarAprMayJunJulAu'

2018-06-10 21:35:13 - [MESSAGE][PASSED] - All options with index in [1] are selected on object 'Object Repository/GRN/Page_KDMC - CMS/select_JanFebMarAprMayJunJulAu'

2018-06-10 21:35:13 - [TEST_STEP][PASSED] - click: Object: 'Object Repository/MOH AND GRN/Page_KDMC - CMS/a_12' is clicked on

2018-06-10 21:35:13 - [MESSAGE][PASSED] - Object: 'Object Repository/MOH AND GRN/Page_KDMC - CMS/a_12' is clicked on

2018-06-10 21:35:13 - [TEST_STEP][PASSED] - click: Object: 'Object Repository/MOH AND GRN/Page_KDMC - CMS/input_btnadd' is clicked on

2018-06-10 21:35:13 - [MESSAGE][PASSED] - Object: 'Object Repository/MOH AND GRN/Page_KDMC - CMS/input_btnadd' is clicked on

2018-06-10 21:35:13 - [TEST_STEP][PASSED] - Statement - If (s == 10): null

2018-06-10 21:35:13 - [TEST_STEP][PASSED] - Statement - Else: null

2018-06-10 21:35:13 - [TEST_STEP][PASSED] - Statement - (s++): null

2018-06-10 21:35:13 - [TEST_STEP][PASSED] - delay: Delayed 1 second(s)

2018-06-10 21:35:14 - [MESSAGE][PASSED] - Delayed 1 second(s)

2018-06-10 21:35:14 - [TEST_STEP][PASSED] - selectOptionByIndex: All options with index in [22] are selected on object 'Object Repository/MOH AND GRN/Page_KDMC - CMS/select_--Select--Amikacin -500'

2018-06-10 21:35:15 - [MESSAGE][PASSED] - All options with index in [22] are selected on object 'Object Repository/MOH AND GRN/Page_KDMC - CMS/select_--Select--Amikacin -500'

2018-06-10 21:35:15 - [TEST_STEP][PASSED] - setText: Text '5000' is set on object 'Object Repository/MOH AND GRN/Page_KDMC - CMS/input_txtqty'

2018-06-10 21:35:15 - [MESSAGE][PASSED] - Text '5000' is set on object 'Object Repository/MOH AND GRN/Page_KDMC - CMS/input_txtqty'

2018-06-10 21:35:15 - [TEST_STEP][PASSED] - selectOptionByIndex: All options with index in [1] are selected on object 'Object Repository/MOH AND GRN/Page_KDMC - CMS/select_--Select--No Tax0'

2018-06-10 21:35:15 - [MESSAGE][PASSED] - All options with index in [1] are selected on object 'Object Repository/MOH AND GRN/Page_KDMC - CMS/select_--Select--No Tax0'

2018-06-10 21:35:15 - [TEST_STEP][PASSED] - setText: Finding Test Object with id 'Object Repository/MOH AND GRN/Page_KDMC - CMS/input_txtmrp'

2018-06-10 21:35:15 - [TEST_STEP][PASSED] - Statement - switch (id): Finding Test Object with id 'Object Repository/MOH AND GRN/Page_KDMC - CMS/input_txtdeal'

2018-06-10 21:35:15 - [TEST_STEP][PASSED] - Statement - case 4:: Text '26.0' is set on object 'Object Repository/MOH AND GRN/Page_KDMC - CMS/input_txtmrp'

2018-06-10 21:35:15 - [TEST_STEP][PASSED] - Statement - return (java.lang.Math.floor((java.lang.Math.random() * ((max - min) + 1))) + min): Text '26.0' is set on object 'Object Repository/MOH AND GRN/Page_KDMC - CMS/input_txtmrp'

2018-06-10 21:35:15 - [MESSAGE][PASSED] - Text '26.0' is set on object 'Object Repository/MOH AND GRN/Page_KDMC - CMS/input_txtmrp'

2018-06-10 21:35:15 - [TEST_STEP][PASSED] - setText: Finding Test Object with id 'Object Repository/MOH AND GRN/Page_KDMC - CMS/input_txtdeal'

2018-06-10 21:35:15 - [TEST_STEP][PASSED] - Statement - switch (id): Finding Test Object with id 'Object Repository/MOH AND GRN/Page_KDMC - CMS/input_txtbatchno'

2018-06-10 21:35:15 - [TEST_STEP][PASSED] - Statement - case 5:: Text '8.0' is set on object 'Object Repository/MOH AND GRN/Page_KDMC - CMS/input_txtdeal'

2018-06-10 21:35:15 - [TEST_STEP][PASSED] - Statement - return (java.lang.Math.floor((java.lang.Math.random() * ((max - min) + 1))) + min): Text '8.0' is set on object 'Object Repository/MOH AND GRN/Page_KDMC - CMS/input_txtdeal'

2018-06-10 21:35:15 - [MESSAGE][PASSED] - Text '8.0' is set on object 'Object Repository/MOH AND GRN/Page_KDMC - CMS/input_txtdeal'

2018-06-10 21:35:15 - [TEST_STEP][PASSED] - setText: Finding Test Object with id 'Object Repository/MOH AND GRN/Page_KDMC - CMS/input_txtbatchno'

2018-06-10 21:35:15 - [TEST_STEP][PASSED] - Statement - switch (id): Finding Test Object with id 'Object Repository/MOH AND GRN/Page_KDMC - CMS/input_txtmrp'

2018-06-10 21:35:15 - [TEST_STEP][PASSED] - Statement - case 1:: Text 'BA248.0' is set on object 'Object Repository/MOH AND GRN/Page_KDMC - CMS/input_txtbatchno'

2018-06-10 21:35:15 - [TEST_STEP][PASSED] - Statement - return (java.lang.Math.floor((java.lang.Math.random() * ((max - min) + 1))) + min): Text 'BA248.0' is set on object 'Object Repository/MOH AND GRN/Page_KDMC - CMS/input_txtbatchno'

2018-06-10 21:35:15 - [MESSAGE][PASSED] - Text 'BA248.0' is set on object 'Object Repository/MOH AND GRN/Page_KDMC - CMS/input_txtbatchno'

2018-06-10 21:35:15 - [TEST_STEP][PASSED] - rightClick: Object: 'Object Repository/GRN/Page_KDMC - CMS/input_txtexpdate' is right clicked on

2018-06-10 21:35:15 - [MESSAGE][PASSED] - Object: 'Object Repository/GRN/Page_KDMC - CMS/input_txtexpdate' is right clicked on

2018-06-10 21:35:15 - [TEST_STEP][PASSED] - selectOptionByIndex: All options with index in [2] are selected on object 'Object Repository/GRN/Page_KDMC - CMS/select_20182019202020212022202'

2018-06-10 21:35:15 - [MESSAGE][PASSED] - All options with index in [2] are selected on object 'Object Repository/GRN/Page_KDMC - CMS/select_20182019202020212022202'

2018-06-10 21:35:15 - [TEST_STEP][PASSED] - selectOptionByIndex: All options with index in [2] are selected on object 'Object Repository/GRN/Page_KDMC - CMS/select_JanFebMarAprMayJunJulAu'

2018-06-10 21:35:16 - [MESSAGE][PASSED] - All options with index in [2] are selected on object 'Object Repository/GRN/Page_KDMC - CMS/select_JanFebMarAprMayJunJulAu'

2018-06-10 21:35:16 - [TEST_STEP][PASSED] - click: Object: 'Object Repository/MOH AND GRN/Page_KDMC - CMS/a_12' is clicked on

2018-06-10 21:35:16 - [MESSAGE][PASSED] - Object: 'Object Repository/MOH AND GRN/Page_KDMC - CMS/a_12' is clicked on

2018-06-10 21:35:16 - [TEST_STEP][PASSED] - click: Object: 'Object Repository/MOH AND GRN/Page_KDMC - CMS/input_btnadd' is clicked on

2018-06-10 21:35:16 - [MESSAGE][PASSED] - Object: 'Object Repository/MOH AND GRN/Page_KDMC - CMS/input_btnadd' is clicked on

2018-06-10 21:35:16 - [TEST_STEP][PASSED] - Statement - If (s == 10): null

2018-06-10 21:35:16 - [TEST_STEP][PASSED] - Statement - Else: null

2018-06-10 21:35:16 - [TEST_STEP][PASSED] - Statement - (s++): null

2018-06-10 21:35:16 - [TEST_STEP][PASSED] - delay: Delayed 1 second(s)

2018-06-10 21:35:17 - [MESSAGE][PASSED] - Delayed 1 second(s)

2018-06-10 21:35:17 - [TEST_STEP][PASSED] - selectOptionByIndex: All options with index in [23] are selected on object 'Object Repository/MOH AND GRN/Page_KDMC - CMS/select_--Select--Amikacin -500'

2018-06-10 21:35:17 - [MESSAGE][PASSED] - All options with index in [23] are selected on object 'Object Repository/MOH AND GRN/Page_KDMC - CMS/select_--Select--Amikacin -500'

2018-06-10 21:35:17 - [TEST_STEP][PASSED] - setText: Text '5000' is set on object 'Object Repository/MOH AND GRN/Page_KDMC - CMS/input_txtqty'

2018-06-10 21:35:17 - [MESSAGE][PASSED] - Text '5000' is set on object 'Object Repository/MOH AND GRN/Page_KDMC - CMS/input_txtqty'

2018-06-10 21:35:17 - [TEST_STEP][PASSED] - selectOptionByIndex: All options with index in [1] are selected on object 'Object Repository/MOH AND GRN/Page_KDMC - CMS/select_--Select--No Tax0'

2018-06-10 21:35:17 - [MESSAGE][PASSED] - All options with index in [1] are selected on object 'Object Repository/MOH AND GRN/Page_KDMC - CMS/select_--Select--No Tax0'

2018-06-10 21:35:17 - [TEST_STEP][PASSED] - setText: Finding Test Object with id 'Object Repository/MOH AND GRN/Page_KDMC - CMS/input_txtmrp'

2018-06-10 21:35:17 - [TEST_STEP][PASSED] - Statement - switch (id): Finding Test Object with id 'Object Repository/MOH AND GRN/Page_KDMC - CMS/input_txtdeal'

2018-06-10 21:35:17 - [TEST_STEP][PASSED] - Statement - case 4:: Text '32.0' is set on object 'Object Repository/MOH AND GRN/Page_KDMC - CMS/input_txtmrp'

2018-06-10 21:35:17 - [TEST_STEP][PASSED] - Statement - return (java.lang.Math.floor((java.lang.Math.random() * ((max - min) + 1))) + min): Text '32.0' is set on object 'Object Repository/MOH AND GRN/Page_KDMC - CMS/input_txtmrp'

2018-06-10 21:35:18 - [MESSAGE][PASSED] - Text '32.0' is set on object 'Object Repository/MOH AND GRN/Page_KDMC - CMS/input_txtmrp'

2018-06-10 21:35:18 - [TEST_STEP][PASSED] - setText: Finding Test Object with id 'Object Repository/MOH AND GRN/Page_KDMC - CMS/input_txtdeal'

2018-06-10 21:35:18 - [TEST_STEP][PASSED] - Statement - switch (id): Finding Test Object with id 'Object Repository/MOH AND GRN/Page_KDMC - CMS/input_txtbatchno'

2018-06-10 21:35:18 - [TEST_STEP][PASSED] - Statement - case 5:: Text '3.0' is set on object 'Object Repository/MOH AND GRN/Page_KDMC - CMS/input_txtdeal'

2018-06-10 21:35:18 - [TEST_STEP][PASSED] - Statement - return (java.lang.Math.floor((java.lang.Math.random() * ((max - min) + 1))) + min): Text '3.0' is set on object 'Object Repository/MOH AND GRN/Page_KDMC - CMS/input_txtdeal'

2018-06-10 21:35:18 - [MESSAGE][PASSED] - Text '3.0' is set on object 'Object Repository/MOH AND GRN/Page_KDMC - CMS/input_txtdeal'

2018-06-10 21:35:18 - [TEST_STEP][PASSED] - setText: Finding Test Object with id 'Object Repository/MOH AND GRN/Page_KDMC - CMS/input_txtbatchno'

2018-06-10 21:35:18 - [TEST_STEP][PASSED] - Statement - switch (id): Finding Test Object with id 'Object Repository/MOH AND GRN/Page_KDMC - CMS/input_txtmrp'

2018-06-10 21:35:18 - [TEST_STEP][PASSED] - Statement - case 1:: Text 'BA955.0' is set on object 'Object Repository/MOH AND GRN/Page_KDMC - CMS/input_txtbatchno'

2018-06-10 21:35:18 - [TEST_STEP][PASSED] - Statement - return (java.lang.Math.floor((java.lang.Math.random() * ((max - min) + 1))) + min): Text 'BA955.0' is set on object 'Object Repository/MOH AND GRN/Page_KDMC - CMS/input_txtbatchno'

2018-06-10 21:35:18 - [MESSAGE][PASSED] - Text 'BA955.0' is set on object 'Object Repository/MOH AND GRN/Page_KDMC - CMS/input_txtbatchno'

2018-06-10 21:35:18 - [TEST_STEP][PASSED] - rightClick: Object: 'Object Repository/GRN/Page_KDMC - CMS/input_txtexpdate' is right clicked on

2018-06-10 21:35:18 - [MESSAGE][PASSED] - Object: 'Object Repository/GRN/Page_KDMC - CMS/input_txtexpdate' is right clicked on

2018-06-10 21:35:18 - [TEST_STEP][PASSED] - selectOptionByIndex: All options with index in [3] are selected on object 'Object Repository/GRN/Page_KDMC - CMS/select_20182019202020212022202'

2018-06-10 21:35:18 - [MESSAGE][PASSED] - All options with index in [3] are selected on object 'Object Repository/GRN/Page_KDMC - CMS/select_20182019202020212022202'

2018-06-10 21:35:18 - [TEST_STEP][PASSED] - selectOptionByIndex: All options with index in [3] are selected on object 'Object Repository/GRN/Page_KDMC - CMS/select_JanFebMarAprMayJunJulAu'

2018-06-10 21:35:18 - [MESSAGE][PASSED] - All options with index in [3] are selected on object 'Object Repository/GRN/Page_KDMC - CMS/select_JanFebMarAprMayJunJulAu'

2018-06-10 21:35:18 - [TEST_STEP][PASSED] - click: Object: 'Object Repository/MOH AND GRN/Page_KDMC - CMS/a_12' is clicked on

2018-06-10 21:35:18 - [MESSAGE][PASSED] - Object: 'Object Repository/MOH AND GRN/Page_KDMC - CMS/a_12' is clicked on

2018-06-10 21:35:18 - [TEST_STEP][PASSED] - click: Object: 'Object Repository/MOH AND GRN/Page_KDMC - CMS/input_btnadd' is clicked on

2018-06-10 21:35:18 - [MESSAGE][PASSED] - Object: 'Object Repository/MOH AND GRN/Page_KDMC - CMS/input_btnadd' is clicked on

2018-06-10 21:35:18 - [TEST_STEP][PASSED] - Statement - If (s == 10): null

2018-06-10 21:35:18 - [TEST_STEP][PASSED] - Statement - Else: null

2018-06-10 21:35:18 - [TEST_STEP][PASSED] - Statement - (s++): null

2018-06-10 21:35:18 - [TEST_STEP][PASSED] - delay: Delayed 1 second(s)

2018-06-10 21:35:19 - [MESSAGE][PASSED] - Delayed 1 second(s)

2018-06-10 21:35:19 - [TEST_STEP][PASSED] - selectOptionByIndex: All options with index in [24] are selected on object 'Object Repository/MOH AND GRN/Page_KDMC - CMS/select_--Select--Amikacin -500'

2018-06-10 21:35:20 - [MESSAGE][PASSED] - All options with index in [24] are selected on object 'Object Repository/MOH AND GRN/Page_KDMC - CMS/select_--Select--Amikacin -500'

2018-06-10 21:35:20 - [TEST_STEP][PASSED] - setText: Text '5000' is set on object 'Object Repository/MOH AND GRN/Page_KDMC - CMS/input_txtqty'

2018-06-10 21:35:20 - [MESSAGE][PASSED] - Text '5000' is set on object 'Object Repository/MOH AND GRN/Page_KDMC - CMS/input_txtqty'

2018-06-10 21:35:20 - [TEST_STEP][PASSED] - selectOptionByIndex: All options with index in [1] are selected on object 'Object Repository/MOH AND GRN/Page_KDMC - CMS/select_--Select--No Tax0'

2018-06-10 21:35:20 - [MESSAGE][PASSED] - All options with index in [1] are selected on object 'Object Repository/MOH AND GRN/Page_KDMC - CMS/select_--Select--No Tax0'

2018-06-10 21:35:20 - [TEST_STEP][PASSED] - setText: Finding Test Object with id 'Object Repository/MOH AND GRN/Page_KDMC - CMS/input_txtmrp'

2018-06-10 21:35:20 - [TEST_STEP][PASSED] - Statement - switch (id): Finding Test Object with id 'Object Repository/MOH AND GRN/Page_KDMC - CMS/input_txtdeal'

2018-06-10 21:35:20 - [TEST_STEP][PASSED] - Statement - case 4:: Text '19.0' is set on object 'Object Repository/MOH AND GRN/Page_KDMC - CMS/input_txtmrp'

2018-06-10 21:35:20 - [TEST_STEP][PASSED] - Statement - return (java.lang.Math.floor((java.lang.Math.random() * ((max - min) + 1))) + min): Text '19.0' is set on object 'Object Repository/MOH AND GRN/Page_KDMC - CMS/input_txtmrp'

2018-06-10 21:35:20 - [MESSAGE][PASSED] - Text '19.0' is set on object 'Object Repository/MOH AND GRN/Page_KDMC - CMS/input_txtmrp'

2018-06-10 21:35:20 - [TEST_STEP][PASSED] - setText: Finding Test Object with id 'Object Repository/MOH AND GRN/Page_KDMC - CMS/input_txtdeal'

2018-06-10 21:35:20 - [TEST_STEP][PASSED] - Statement - switch (id): Finding Test Object with id 'Object Repository/MOH AND GRN/Page_KDMC - CMS/input_txtbatchno'

2018-06-10 21:35:20 - [TEST_STEP][PASSED] - Statement - case 5:: Text '8.0' is set on object 'Object Repository/MOH AND GRN/Page_KDMC - CMS/input_txtdeal'

2018-06-10 21:35:20 - [TEST_STEP][PASSED] - Statement - return (java.lang.Math.floor((java.lang.Math.random() * ((max - min) + 1))) + min): Text '8.0' is set on object 'Object Repository/MOH AND GRN/Page_KDMC - CMS/input_txtdeal'

2018-06-10 21:35:20 - [MESSAGE][PASSED] - Text '8.0' is set on object 'Object Repository/MOH AND GRN/Page_KDMC - CMS/input_txtdeal'

2018-06-10 21:35:20 - [TEST_STEP][PASSED] - setText: Finding Test Object with id 'Object Repository/MOH AND GRN/Page_KDMC - CMS/input_txtbatchno'

2018-06-10 21:35:20 - [TEST_STEP][PASSED] - Statement - switch (id): Finding Test Object with id 'Object Repository/MOH AND GRN/Page_KDMC - CMS/input_txtmrp'

2018-06-10 21:35:20 - [TEST_STEP][PASSED] - Statement - case 1:: Text 'BA197.0' is set on object 'Object Repository/MOH AND GRN/Page_KDMC - CMS/input_txtbatchno'

2018-06-10 21:35:20 - [TEST_STEP][PASSED] - Statement - return (java.lang.Math.floor((java.lang.Math.random() * ((max - min) + 1))) + min): Text 'BA197.0' is set on object 'Object Repository/MOH AND GRN/Page_KDMC - CMS/input_txtbatchno'

2018-06-10 21:35:20 - [MESSAGE][PASSED] - Text 'BA197.0' is set on object 'Object Repository/MOH AND GRN/Page_KDMC - CMS/input_txtbatchno'

2018-06-10 21:35:20 - [TEST_STEP][PASSED] - rightClick: Object: 'Object Repository/GRN/Page_KDMC - CMS/input_txtexpdate' is right clicked on

2018-06-10 21:35:20 - [MESSAGE][PASSED] - Object: 'Object Repository/GRN/Page_KDMC - CMS/input_txtexpdate' is right clicked on

2018-06-10 21:35:20 - [TEST_STEP][PASSED] - selectOptionByIndex: All options with index in [4] are selected on object 'Object Repository/GRN/Page_KDMC - CMS/select_20182019202020212022202'

2018-06-10 21:35:21 - [MESSAGE][PASSED] - All options with index in [4] are selected on object 'Object Repository/GRN/Page_KDMC - CMS/select_20182019202020212022202'

2018-06-10 21:35:21 - [TEST_STEP][PASSED] - selectOptionByIndex: All options with index in [4] are selected on object 'Object Repository/GRN/Page_KDMC - CMS/select_JanFebMarAprMayJunJulAu'

2018-06-10 21:35:21 - [MESSAGE][PASSED] - All options with index in [4] are selected on object 'Object Repository/GRN/Page_KDMC - CMS/select_JanFebMarAprMayJunJulAu'

2018-06-10 21:35:21 - [TEST_STEP][PASSED] - click: Object: 'Object Repository/MOH AND GRN/Page_KDMC - CMS/a_12' is clicked on

2018-06-10 21:35:21 - [MESSAGE][PASSED] - Object: 'Object Repository/MOH AND GRN/Page_KDMC - CMS/a_12' is clicked on

2018-06-10 21:35:21 - [TEST_STEP][PASSED] - click: Object: 'Object Repository/MOH AND GRN/Page_KDMC - CMS/input_btnadd' is clicked on

2018-06-10 21:35:21 - [MESSAGE][PASSED] - Object: 'Object Repository/MOH AND GRN/Page_KDMC - CMS/input_btnadd' is clicked on

2018-06-10 21:35:21 - [TEST_STEP][PASSED] - Statement - If (s == 10): null

2018-06-10 21:35:21 - [TEST_STEP][PASSED] - Statement - Else: null

2018-06-10 21:35:21 - [TEST_STEP][PASSED] - Statement - (s++): null

2018-06-10 21:35:21 - [TEST_STEP][PASSED] - delay: Delayed 1 second(s)

2018-06-10 21:35:22 - [MESSAGE][PASSED] - Delayed 1 second(s)

2018-06-10 21:35:22 - [TEST_STEP][PASSED] - selectOptionByIndex: All options with index in [25] are selected on object 'Object Repository/MOH AND GRN/Page_KDMC - CMS/select_--Select--Amikacin -500'

2018-06-10 21:35:22 - [MESSAGE][PASSED] - All options with index in [25] are selected on object 'Object Repository/MOH AND GRN/Page_KDMC - CMS/select_--Select--Amikacin -500'

2018-06-10 21:35:22 - [TEST_STEP][PASSED] - setText: Text '5000' is set on object 'Object Repository/MOH AND GRN/Page_KDMC - CMS/input_txtqty'

2018-06-10 21:35:22 - [MESSAGE][PASSED] - Text '5000' is set on object 'Object Repository/MOH AND GRN/Page_KDMC - CMS/input_txtqty'

2018-06-10 21:35:22 - [TEST_STEP][PASSED] - selectOptionByIndex: All options with index in [1] are selected on object 'Object Repository/MOH AND GRN/Page_KDMC - CMS/select_--Select--No Tax0'

2018-06-10 21:35:23 - [MESSAGE][PASSED] - All options with index in [1] are selected on object 'Object Repository/MOH AND GRN/Page_KDMC - CMS/select_--Select--No Tax0'

2018-06-10 21:35:23 - [TEST_STEP][PASSED] - setText: Finding Test Object with id 'Object Repository/MOH AND GRN/Page_KDMC - CMS/input_txtmrp'

2018-06-10 21:35:23 - [TEST_STEP][PASSED] - Statement - switch (id): Finding Test Object with id 'Object Repository/MOH AND GRN/Page_KDMC - CMS/input_txtdeal'

2018-06-10 21:35:23 - [TEST_STEP][PASSED] - Statement - case 4:: Text '42.0' is set on object 'Object Repository/MOH AND GRN/Page_KDMC - CMS/input_txtmrp'

2018-06-10 21:35:23 - [TEST_STEP][PASSED] - Statement - return (java.lang.Math.floor((java.lang.Math.random() * ((max - min) + 1))) + min): Text '42.0' is set on object 'Object Repository/MOH AND GRN/Page_KDMC - CMS/input_txtmrp'

2018-06-10 21:35:23 - [MESSAGE][PASSED] - Text '42.0' is set on object 'Object Repository/MOH AND GRN/Page_KDMC - CMS/input_txtmrp'

2018-06-10 21:35:23 - [TEST_STEP][PASSED] - setText: Finding Test Object with id 'Object Repository/MOH AND GRN/Page_KDMC - CMS/input_txtdeal'

2018-06-10 21:35:23 - [TEST_STEP][PASSED] - Statement - switch (id): Finding Test Object with id 'Object Repository/MOH AND GRN/Page_KDMC - CMS/input_txtbatchno'

2018-06-10 21:35:23 - [TEST_STEP][PASSED] - Statement - case 5:: Text '8.0' is set on object 'Object Repository/MOH AND GRN/Page_KDMC - CMS/input_txtdeal'

2018-06-10 21:35:23 - [TEST_STEP][PASSED] - Statement - return (java.lang.Math.floor((java.lang.Math.random() * ((max - min) + 1))) + min): Text '8.0' is set on object 'Object Repository/MOH AND GRN/Page_KDMC - CMS/input_txtdeal'

2018-06-10 21:35:23 - [MESSAGE][PASSED] - Text '8.0' is set on object 'Object Repository/MOH AND GRN/Page_KDMC - CMS/input_txtdeal'

2018-06-10 21:35:23 - [TEST_STEP][PASSED] - setText: Finding Test Object with id 'Object Repository/MOH AND GRN/Page_KDMC - CMS/input_txtbatchno'

2018-06-10 21:35:23 - [TEST_STEP][PASSED] - Statement - switch (id): Finding Test Object with id 'Object Repository/MOH AND GRN/Page_KDMC - CMS/input_txtmrp'

2018-06-10 21:35:23 - [TEST_STEP][PASSED] - Statement - case 1:: Text 'BA77.0' is set on object 'Object Repository/MOH AND GRN/Page_KDMC - CMS/input_txtbatchno'

2018-06-10 21:35:23 - [TEST_STEP][PASSED] - Statement - return (java.lang.Math.floor((java.lang.Math.random() * ((max - min) + 1))) + min): Text 'BA77.0' is set on object 'Object Repository/MOH AND GRN/Page_KDMC - CMS/input_txtbatchno'

2018-06-10 21:35:23 - [MESSAGE][PASSED] - Text 'BA77.0' is set on object 'Object Repository/MOH AND GRN/Page_KDMC - CMS/input_txtbatchno'

2018-06-10 21:35:23 - [TEST_STEP][PASSED] - rightClick: Object: 'Object Repository/GRN/Page_KDMC - CMS/input_txtexpdate' is right clicked on

2018-06-10 21:35:23 - [MESSAGE][PASSED] - Object: 'Object Repository/GRN/Page_KDMC - CMS/input_txtexpdate' is right clicked on

2018-06-10 21:35:23 - [TEST_STEP][PASSED] - selectOptionByIndex: All options with index in [5] are selected on object 'Object Repository/GRN/Page_KDMC - CMS/select_20182019202020212022202'

2018-06-10 21:35:23 - [MESSAGE][PASSED] - All options with index in [5] are selected on object 'Object Repository/GRN/Page_KDMC - CMS/select_20182019202020212022202'

2018-06-10 21:35:23 - [TEST_STEP][PASSED] - selectOptionByIndex: All options with index in [5] are selected on object 'Object Repository/GRN/Page_KDMC - CMS/select_JanFebMarAprMayJunJulAu'

2018-06-10 21:35:23 - [MESSAGE][PASSED] - All options with index in [5] are selected on object 'Object Repository/GRN/Page_KDMC - CMS/select_JanFebMarAprMayJunJulAu'

2018-06-10 21:35:23 - [TEST_STEP][PASSED] - click: Object: 'Object Repository/MOH AND GRN/Page_KDMC - CMS/a_12' is clicked on

2018-06-10 21:35:24 - [MESSAGE][PASSED] - Object: 'Object Repository/MOH AND GRN/Page_KDMC - CMS/a_12' is clicked on

2018-06-10 21:35:24 - [TEST_STEP][PASSED] - click: Object: 'Object Repository/MOH AND GRN/Page_KDMC - CMS/input_btnadd' is clicked on

2018-06-10 21:35:24 - [MESSAGE][PASSED] - Object: 'Object Repository/MOH AND GRN/Page_KDMC - CMS/input_btnadd' is clicked on

2018-06-10 21:35:24 - [TEST_STEP][PASSED] - Statement - If (s == 10): null

2018-06-10 21:35:24 - [TEST_STEP][PASSED] - Statement - Else: null

2018-06-10 21:35:24 - [TEST_STEP][PASSED] - Statement - (s++): null

2018-06-10 21:35:24 - [TEST_STEP][PASSED] - delay: Delayed 1 second(s)

2018-06-10 21:35:25 - [MESSAGE][PASSED] - Delayed 1 second(s)

2018-06-10 21:35:25 - [TEST_STEP][PASSED] - selectOptionByIndex: All options with index in [26] are selected on object 'Object Repository/MOH AND GRN/Page_KDMC - CMS/select_--Select--Amikacin -500'

2018-06-10 21:35:25 - [MESSAGE][PASSED] - All options with index in [26] are selected on object 'Object Repository/MOH AND GRN/Page_KDMC - CMS/select_--Select--Amikacin -500'

2018-06-10 21:35:25 - [TEST_STEP][PASSED] - setText: Text '5000' is set on object 'Object Repository/MOH AND GRN/Page_KDMC - CMS/input_txtqty'

2018-06-10 21:35:25 - [MESSAGE][PASSED] - Text '5000' is set on object 'Object Repository/MOH AND GRN/Page_KDMC - CMS/input_txtqty'

2018-06-10 21:35:25 - [TEST_STEP][PASSED] - selectOptionByIndex: All options with index in [1] are selected on object 'Object Repository/MOH AND GRN/Page_KDMC - CMS/select_--Select--No Tax0'

2018-06-10 21:35:25 - [MESSAGE][PASSED] - All options with index in [1] are selected on object 'Object Repository/MOH AND GRN/Page_KDMC - CMS/select_--Select--No Tax0'

2018-06-10 21:35:25 - [TEST_STEP][PASSED] - setText: Finding Test Object with id 'Object Repository/MOH AND GRN/Page_KDMC - CMS/input_txtmrp'

2018-06-10 21:35:25 - [TEST_STEP][PASSED] - Statement - switch (id): Finding Test Object with id 'Object Repository/MOH AND GRN/Page_KDMC - CMS/input_txtdeal'

2018-06-10 21:35:25 - [TEST_STEP][PASSED] - Statement - case 4:: Text '17.0' is set on object 'Object Repository/MOH AND GRN/Page_KDMC - CMS/input_txtmrp'

2018-06-10 21:35:25 - [TEST_STEP][PASSED] - Statement - return (java.lang.Math.floor((java.lang.Math.random() * ((max - min) + 1))) + min): Text '17.0' is set on object 'Object Repository/MOH AND GRN/Page_KDMC - CMS/input_txtmrp'

2018-06-10 21:35:25 - [MESSAGE][PASSED] - Text '17.0' is set on object 'Object Repository/MOH AND GRN/Page_KDMC - CMS/input_txtmrp'

2018-06-10 21:35:25 - [TEST_STEP][PASSED] - setText: Finding Test Object with id 'Object Repository/MOH AND GRN/Page_KDMC - CMS/input_txtdeal'

2018-06-10 21:35:25 - [TEST_STEP][PASSED] - Statement - switch (id): Finding Test Object with id 'Object Repository/MOH AND GRN/Page_KDMC - CMS/input_txtbatchno'

2018-06-10 21:35:25 - [TEST_STEP][PASSED] - Statement - case 5:: Text '5.0' is set on object 'Object Repository/MOH AND GRN/Page_KDMC - CMS/input_txtdeal'

2018-06-10 21:35:25 - [TEST_STEP][PASSED] - Statement - return (java.lang.Math.floor((java.lang.Math.random() * ((max - min) + 1))) + min): Text '5.0' is set on object 'Object Repository/MOH AND GRN/Page_KDMC - CMS/input_txtdeal'

2018-06-10 21:35:25 - [MESSAGE][PASSED] - Text '5.0' is set on object 'Object Repository/MOH AND GRN/Page_KDMC - CMS/input_txtdeal'

2018-06-10 21:35:25 - [TEST_STEP][PASSED] - setText: Finding Test Object with id 'Object Repository/MOH AND GRN/Page_KDMC - CMS/input_txtbatchno'

2018-06-10 21:35:25 - [TEST_STEP][PASSED] - Statement - switch (id): Finding Test Object with id 'Object Repository/MOH AND GRN/Page_KDMC - CMS/input_txtmrp'

2018-06-10 21:35:25 - [TEST_STEP][PASSED] - Statement - case 1:: Text 'BA566.0' is set on object 'Object Repository/MOH AND GRN/Page_KDMC - CMS/input_txtbatchno'

2018-06-10 21:35:25 - [TEST_STEP][PASSED] - Statement - return (java.lang.Math.floor((java.lang.Math.random() * ((max - min) + 1))) + min): Text 'BA566.0' is set on object 'Object Repository/MOH AND GRN/Page_KDMC - CMS/input_txtbatchno'

2018-06-10 21:35:26 - [MESSAGE][PASSED] - Text 'BA566.0' is set on object 'Object Repository/MOH AND GRN/Page_KDMC - CMS/input_txtbatchno'

2018-06-10 21:35:26 - [TEST_STEP][PASSED] - rightClick: Object: 'Object Repository/GRN/Page_KDMC - CMS/input_txtexpdate' is right clicked on

2018-06-10 21:35:26 - [MESSAGE][PASSED] - Object: 'Object Repository/GRN/Page_KDMC - CMS/input_txtexpdate' is right clicked on

2018-06-10 21:35:26 - [TEST_STEP][PASSED] - selectOptionByIndex: All options with index in [6] are selected on object 'Object Repository/GRN/Page_KDMC - CMS/select_20182019202020212022202'

2018-06-10 21:35:26 - [MESSAGE][PASSED] - All options with index in [6] are selected on object 'Object Repository/GRN/Page_KDMC - CMS/select_20182019202020212022202'

2018-06-10 21:35:26 - [TEST_STEP][PASSED] - selectOptionByIndex: All options with index in [6] are selected on object 'Object Repository/GRN/Page_KDMC - CMS/select_JanFebMarAprMayJunJulAu'

2018-06-10 21:35:26 - [MESSAGE][PASSED] - All options with index in [6] are selected on object 'Object Repository/GRN/Page_KDMC - CMS/select_JanFebMarAprMayJunJulAu'

2018-06-10 21:35:26 - [TEST_STEP][PASSED] - click: Object: 'Object Repository/MOH AND GRN/Page_KDMC - CMS/a_12' is clicked on

2018-06-10 21:35:26 - [MESSAGE][PASSED] - Object: 'Object Repository/MOH AND GRN/Page_KDMC - CMS/a_12' is clicked on

2018-06-10 21:35:26 - [TEST_STEP][PASSED] - click: Object: 'Object Repository/MOH AND GRN/Page_KDMC - CMS/input_btnadd' is clicked on

2018-06-10 21:35:26 - [MESSAGE][PASSED] - Object: 'Object Repository/MOH AND GRN/Page_KDMC - CMS/input_btnadd' is clicked on

2018-06-10 21:35:26 - [TEST_STEP][PASSED] - Statement - If (s == 10): null

2018-06-10 21:35:26 - [TEST_STEP][PASSED] - Statement - Else: null

2018-06-10 21:35:26 - [TEST_STEP][PASSED] - Statement - (s++): null

2018-06-10 21:35:26 - [TEST_STEP][PASSED] - delay: Delayed 1 second(s)

2018-06-10 21:35:27 - [MESSAGE][PASSED] - Delayed 1 second(s)

2018-06-10 21:35:27 - [TEST_STEP][PASSED] - selectOptionByIndex: All options with index in [27] are selected on object 'Object Repository/MOH AND GRN/Page_KDMC - CMS/select_--Select--Amikacin -500'

2018-06-10 21:35:28 - [MESSAGE][PASSED] - All options with index in [27] are selected on object 'Object Repository/MOH AND GRN/Page_KDMC - CMS/select_--Select--Amikacin -500'

2018-06-10 21:35:28 - [TEST_STEP][PASSED] - setText: Text '5000' is set on object 'Object Repository/MOH AND GRN/Page_KDMC - CMS/input_txtqty'

2018-06-10 21:35:28 - [MESSAGE][PASSED] - Text '5000' is set on object 'Object Repository/MOH AND GRN/Page_KDMC - CMS/input_txtqty'

2018-06-10 21:35:28 - [TEST_STEP][PASSED] - selectOptionByIndex: All options with index in [1] are selected on object 'Object Repository/MOH AND GRN/Page_KDMC - CMS/select_--Select--No Tax0'

2018-06-10 21:35:28 - [MESSAGE][PASSED] - All options with index in [1] are selected on object 'Object Repository/MOH AND GRN/Page_KDMC - CMS/select_--Select--No Tax0'

2018-06-10 21:35:28 - [TEST_STEP][PASSED] - setText: Finding Test Object with id 'Object Repository/MOH AND GRN/Page_KDMC - CMS/input_txtmrp'

2018-06-10 21:35:28 - [TEST_STEP][PASSED] - Statement - switch (id): Finding Test Object with id 'Object Repository/MOH AND GRN/Page_KDMC - CMS/input_txtdeal'

2018-06-10 21:35:28 - [TEST_STEP][PASSED] - Statement - case 4:: Text '45.0' is set on object 'Object Repository/MOH AND GRN/Page_KDMC - CMS/input_txtmrp'

2018-06-10 21:35:28 - [TEST_STEP][PASSED] - Statement - return (java.lang.Math.floor((java.lang.Math.random() * ((max - min) + 1))) + min): Text '45.0' is set on object 'Object Repository/MOH AND GRN/Page_KDMC - CMS/input_txtmrp'

2018-06-10 21:35:28 - [MESSAGE][PASSED] - Text '45.0' is set on object 'Object Repository/MOH AND GRN/Page_KDMC - CMS/input_txtmrp'

2018-06-10 21:35:28 - [TEST_STEP][PASSED] - setText: Finding Test Object with id 'Object Repository/MOH AND GRN/Page_KDMC - CMS/input_txtdeal'

2018-06-10 21:35:28 - [TEST_STEP][PASSED] - Statement - switch (id): Finding Test Object with id 'Object Repository/MOH AND GRN/Page_KDMC - CMS/input_txtbatchno'

2018-06-10 21:35:28 - [TEST_STEP][PASSED] - Statement - case 5:: Text '11.0' is set on object 'Object Repository/MOH AND GRN/Page_KDMC - CMS/input_txtdeal'

2018-06-10 21:35:28 - [TEST_STEP][PASSED] - Statement - return (java.lang.Math.floor((java.lang.Math.random() * ((max - min) + 1))) + min): Text '11.0' is set on object 'Object Repository/MOH AND GRN/Page_KDMC - CMS/input_txtdeal'

2018-06-10 21:35:28 - [MESSAGE][PASSED] - Text '11.0' is set on object 'Object Repository/MOH AND GRN/Page_KDMC - CMS/input_txtdeal'

2018-06-10 21:35:28 - [TEST_STEP][PASSED] - setText: Finding Test Object with id 'Object Repository/MOH AND GRN/Page_KDMC - CMS/input_txtbatchno'

2018-06-10 21:35:28 - [TEST_STEP][PASSED] - Statement - switch (id): Finding Test Object with id 'Object Repository/MOH AND GRN/Page_KDMC - CMS/input_txtmrp'

2018-06-10 21:35:28 - [TEST_STEP][PASSED] - Statement - case 1:: Text 'BA464.0' is set on object 'Object Repository/MOH AND GRN/Page_KDMC - CMS/input_txtbatchno'

2018-06-10 21:35:28 - [TEST_STEP][PASSED] - Statement - return (java.lang.Math.floor((java.lang.Math.random() * ((max - min) + 1))) + min): Text 'BA464.0' is set on object 'Object Repository/MOH AND GRN/Page_KDMC - CMS/input_txtbatchno'

2018-06-10 21:35:28 - [MESSAGE][PASSED] - Text 'BA464.0' is set on object 'Object Repository/MOH AND GRN/Page_KDMC - CMS/input_txtbatchno'

2018-06-10 21:35:28 - [TEST_STEP][PASSED] - rightClick: Object: 'Object Repository/GRN/Page_KDMC - CMS/input_txtexpdate' is right clicked on

2018-06-10 21:35:28 - [MESSAGE][PASSED] - Object: 'Object Repository/GRN/Page_KDMC - CMS/input_txtexpdate' is right clicked on

2018-06-10 21:35:28 - [TEST_STEP][PASSED] - selectOptionByIndex: All options with index in [7] are selected on object 'Object Repository/GRN/Page_KDMC - CMS/select_20182019202020212022202'

2018-06-10 21:35:29 - [MESSAGE][PASSED] - All options with index in [7] are selected on object 'Object Repository/GRN/Page_KDMC - CMS/select_20182019202020212022202'

2018-06-10 21:35:29 - [TEST_STEP][PASSED] - selectOptionByIndex: All options with index in [7] are selected on object 'Object Repository/GRN/Page_KDMC - CMS/select_JanFebMarAprMayJunJulAu'

2018-06-10 21:35:29 - [MESSAGE][PASSED] - All options with index in [7] are selected on object 'Object Repository/GRN/Page_KDMC - CMS/select_JanFebMarAprMayJunJulAu'

2018-06-10 21:35:29 - [TEST_STEP][PASSED] - click: Object: 'Object Repository/MOH AND GRN/Page_KDMC - CMS/a_12' is clicked on

2018-06-10 21:35:29 - [MESSAGE][PASSED] - Object: 'Object Repository/MOH AND GRN/Page_KDMC - CMS/a_12' is clicked on

2018-06-10 21:35:29 - [TEST_STEP][PASSED] - click: Object: 'Object Repository/MOH AND GRN/Page_KDMC - CMS/input_btnadd' is clicked on

2018-06-10 21:35:29 - [MESSAGE][PASSED] - Object: 'Object Repository/MOH AND GRN/Page_KDMC - CMS/input_btnadd' is clicked on

2018-06-10 21:35:29 - [TEST_STEP][PASSED] - Statement - If (s == 10): null

2018-06-10 21:35:29 - [TEST_STEP][PASSED] - Statement - Else: null

2018-06-10 21:35:29 - [TEST_STEP][PASSED] - Statement - (s++): null

2018-06-10 21:35:29 - [TEST_STEP][PASSED] - delay: Delayed 1 second(s)

2018-06-10 21:35:30 - [MESSAGE][PASSED] - Delayed 1 second(s)

2018-06-10 21:35:30 - [TEST_STEP][PASSED] - selectOptionByIndex: All options with index in [28] are selected on object 'Object Repository/MOH AND GRN/Page_KDMC - CMS/select_--Select--Amikacin -500'

2018-06-10 21:35:30 - [MESSAGE][PASSED] - All options with index in [28] are selected on object 'Object Repository/MOH AND GRN/Page_KDMC - CMS/select_--Select--Amikacin -500'

2018-06-10 21:35:30 - [TEST_STEP][PASSED] - setText: Text '5000' is set on object 'Object Repository/MOH AND GRN/Page_KDMC - CMS/input_txtqty'

2018-06-10 21:35:30 - [MESSAGE][PASSED] - Text '5000' is set on object 'Object Repository/MOH AND GRN/Page_KDMC - CMS/input_txtqty'

2018-06-10 21:35:30 - [TEST_STEP][PASSED] - selectOptionByIndex: All options with index in [1] are selected on object 'Object Repository/MOH AND GRN/Page_KDMC - CMS/select_--Select--No Tax0'

2018-06-10 21:35:31 - [MESSAGE][PASSED] - All options with index in [1] are selected on object 'Object Repository/MOH AND GRN/Page_KDMC - CMS/select_--Select--No Tax0'

2018-06-10 21:35:31 - [TEST_STEP][PASSED] - setText: Finding Test Object with id 'Object Repository/MOH AND GRN/Page_KDMC - CMS/input_txtmrp'

2018-06-10 21:35:31 - [TEST_STEP][PASSED] - Statement - switch (id): Finding Test Object with id 'Object Repository/MOH AND GRN/Page_KDMC - CMS/input_txtdeal'

2018-06-10 21:35:31 - [TEST_STEP][PASSED] - Statement - case 4:: Text '16.0' is set on object 'Object Repository/MOH AND GRN/Page_KDMC - CMS/input_txtmrp'

2018-06-10 21:35:31 - [TEST_STEP][PASSED] - Statement - return (java.lang.Math.floor((java.lang.Math.random() * ((max - min) + 1))) + min): Text '16.0' is set on object 'Object Repository/MOH AND GRN/Page_KDMC - CMS/input_txtmrp'

2018-06-10 21:35:31 - [MESSAGE][PASSED] - Text '16.0' is set on object 'Object Repository/MOH AND GRN/Page_KDMC - CMS/input_txtmrp'

2018-06-10 21:35:31 - [TEST_STEP][PASSED] - setText: Finding Test Object with id 'Object Repository/MOH AND GRN/Page_KDMC - CMS/input_txtdeal'

2018-06-10 21:35:31 - [TEST_STEP][PASSED] - Statement - switch (id): Finding Test Object with id 'Object Repository/MOH AND GRN/Page_KDMC - CMS/input_txtbatchno'

2018-06-10 21:35:31 - [TEST_STEP][PASSED] - Statement - case 5:: Text '6.0' is set on object 'Object Repository/MOH AND GRN/Page_KDMC - CMS/input_txtdeal'

2018-06-10 21:35:31 - [TEST_STEP][PASSED] - Statement - return (java.lang.Math.floor((java.lang.Math.random() * ((max - min) + 1))) + min): Text '6.0' is set on object 'Object Repository/MOH AND GRN/Page_KDMC - CMS/input_txtdeal'

2018-06-10 21:35:31 - [MESSAGE][PASSED] - Text '6.0' is set on object 'Object Repository/MOH AND GRN/Page_KDMC - CMS/input_txtdeal'

2018-06-10 21:35:31 - [TEST_STEP][PASSED] - setText: Finding Test Object with id 'Object Repository/MOH AND GRN/Page_KDMC - CMS/input_txtbatchno'

2018-06-10 21:35:31 - [TEST_STEP][PASSED] - Statement - switch (id): Finding Test Object with id 'Object Repository/MOH AND GRN/Page_KDMC - CMS/input_txtmrp'

2018-06-10 21:35:31 - [TEST_STEP][PASSED] - Statement - case 1:: Text 'BA627.0' is set on object 'Object Repository/MOH AND GRN/Page_KDMC - CMS/input_txtbatchno'

2018-06-10 21:35:31 - [TEST_STEP][PASSED] - Statement - return (java.lang.Math.floor((java.lang.Math.random() * ((max - min) + 1))) + min): Text 'BA627.0' is set on object 'Object Repository/MOH AND GRN/Page_KDMC - CMS/input_txtbatchno'

2018-06-10 21:35:31 - [MESSAGE][PASSED] - Text 'BA627.0' is set on object 'Object Repository/MOH AND GRN/Page_KDMC - CMS/input_txtbatchno'

2018-06-10 21:35:31 - [TEST_STEP][PASSED] - rightClick: Object: 'Object Repository/GRN/Page_KDMC - CMS/input_txtexpdate' is right clicked on

2018-06-10 21:35:31 - [MESSAGE][PASSED] - Object: 'Object Repository/GRN/Page_KDMC - CMS/input_txtexpdate' is right clicked on

2018-06-10 21:35:31 - [TEST_STEP][PASSED] - selectOptionByIndex: All options with index in [8] are selected on object 'Object Repository/GRN/Page_KDMC - CMS/select_20182019202020212022202'

2018-06-10 21:35:31 - [MESSAGE][PASSED] - All options with index in [8] are selected on object 'Object Repository/GRN/Page_KDMC - CMS/select_20182019202020212022202'

2018-06-10 21:35:31 - [TEST_STEP][PASSED] - selectOptionByIndex: All options with index in [8] are selected on object 'Object Repository/GRN/Page_KDMC - CMS/select_JanFebMarAprMayJunJulAu'

2018-06-10 21:35:31 - [MESSAGE][PASSED] - All options with index in [8] are selected on object 'Object Repository/GRN/Page_KDMC - CMS/select_JanFebMarAprMayJunJulAu'

2018-06-10 21:35:31 - [TEST_STEP][PASSED] - click: Object: 'Object Repository/MOH AND GRN/Page_KDMC - CMS/a_12' is clicked on

2018-06-10 21:35:32 - [MESSAGE][PASSED] - Object: 'Object Repository/MOH AND GRN/Page_KDMC - CMS/a_12' is clicked on

2018-06-10 21:35:32 - [TEST_STEP][PASSED] - click: Object: 'Object Repository/MOH AND GRN/Page_KDMC - CMS/input_btnadd' is clicked on

2018-06-10 21:35:32 - [MESSAGE][PASSED] - Object: 'Object Repository/MOH AND GRN/Page_KDMC - CMS/input_btnadd' is clicked on

2018-06-10 21:35:32 - [TEST_STEP][PASSED] - Statement - If (s == 10): null

2018-06-10 21:35:32 - [TEST_STEP][PASSED] - Statement - Else: null

2018-06-10 21:35:32 - [TEST_STEP][PASSED] - Statement - (s++): null

2018-06-10 21:35:32 - [TEST_STEP][PASSED] - delay: Delayed 1 second(s)

2018-06-10 21:35:33 - [MESSAGE][PASSED] - Delayed 1 second(s)

2018-06-10 21:35:33 - [TEST_STEP][PASSED] - selectOptionByIndex: All options with index in [29] are selected on object 'Object Repository/MOH AND GRN/Page_KDMC - CMS/select_--Select--Amikacin -500'

2018-06-10 21:35:33 - [MESSAGE][PASSED] - All options with index in [29] are selected on object 'Object Repository/MOH AND GRN/Page_KDMC - CMS/select_--Select--Amikacin -500'

2018-06-10 21:35:33 - [TEST_STEP][PASSED] - setText: Text '5000' is set on object 'Object Repository/MOH AND GRN/Page_KDMC - CMS/input_txtqty'

2018-06-10 21:35:33 - [MESSAGE][PASSED] - Text '5000' is set on object 'Object Repository/MOH AND GRN/Page_KDMC - CMS/input_txtqty'

2018-06-10 21:35:33 - [TEST_STEP][PASSED] - selectOptionByIndex: All options with index in [1] are selected on object 'Object Repository/MOH AND GRN/Page_KDMC - CMS/select_--Select--No Tax0'

2018-06-10 21:35:33 - [MESSAGE][PASSED] - All options with index in [1] are selected on object 'Object Repository/MOH AND GRN/Page_KDMC - CMS/select_--Select--No Tax0'

2018-06-10 21:35:33 - [TEST_STEP][PASSED] - setText: Finding Test Object with id 'Object Repository/MOH AND GRN/Page_KDMC - CMS/input_txtmrp'

2018-06-10 21:35:33 - [TEST_STEP][PASSED] - Statement - switch (id): Finding Test Object with id 'Object Repository/MOH AND GRN/Page_KDMC - CMS/input_txtdeal'

2018-06-10 21:35:33 - [TEST_STEP][PASSED] - Statement - case 4:: Text '43.0' is set on object 'Object Repository/MOH AND GRN/Page_KDMC - CMS/input_txtmrp'

2018-06-10 21:35:33 - [TEST_STEP][PASSED] - Statement - return (java.lang.Math.floor((java.lang.Math.random() * ((max - min) + 1))) + min): Text '43.0' is set on object 'Object Repository/MOH AND GRN/Page_KDMC - CMS/input_txtmrp'

2018-06-10 21:35:33 - [MESSAGE][PASSED] - Text '43.0' is set on object 'Object Repository/MOH AND GRN/Page_KDMC - CMS/input_txtmrp'

2018-06-10 21:35:33 - [TEST_STEP][PASSED] - setText: Finding Test Object with id 'Object Repository/MOH AND GRN/Page_KDMC - CMS/input_txtdeal'

2018-06-10 21:35:33 - [TEST_STEP][PASSED] - Statement - switch (id): Finding Test Object with id 'Object Repository/MOH AND GRN/Page_KDMC - CMS/input_txtbatchno'

2018-06-10 21:35:33 - [TEST_STEP][PASSED] - Statement - case 5:: Text '7.0' is set on object 'Object Repository/MOH AND GRN/Page_KDMC - CMS/input_txtdeal'

2018-06-10 21:35:33 - [TEST_STEP][PASSED] - Statement - return (java.lang.Math.floor((java.lang.Math.random() * ((max - min) + 1))) + min): Text '7.0' is set on object 'Object Repository/MOH AND GRN/Page_KDMC - CMS/input_txtdeal'

2018-06-10 21:35:33 - [MESSAGE][PASSED] - Text '7.0' is set on object 'Object Repository/MOH AND GRN/Page_KDMC - CMS/input_txtdeal'

2018-06-10 21:35:33 - [TEST_STEP][PASSED] - setText: Finding Test Object with id 'Object Repository/MOH AND GRN/Page_KDMC - CMS/input_txtbatchno'

2018-06-10 21:35:33 - [TEST_STEP][PASSED] - Statement - switch (id): Finding Test Object with id 'Object Repository/MOH AND GRN/Page_KDMC - CMS/input_txtmrp'

2018-06-10 21:35:33 - [TEST_STEP][PASSED] - Statement - case 1:: Text 'BA30.0' is set on object 'Object Repository/MOH AND GRN/Page_KDMC - CMS/input_txtbatchno'

2018-06-10 21:35:33 - [TEST_STEP][PASSED] - Statement - return (java.lang.Math.floor((java.lang.Math.random() * ((max - min) + 1))) + min): Text 'BA30.0' is set on object 'Object Repository/MOH AND GRN/Page_KDMC - CMS/input_txtbatchno'

2018-06-10 21:35:34 - [MESSAGE][PASSED] - Text 'BA30.0' is set on object 'Object Repository/MOH AND GRN/Page_KDMC - CMS/input_txtbatchno'

2018-06-10 21:35:34 - [TEST_STEP][PASSED] - rightClick: Object: 'Object Repository/GRN/Page_KDMC - CMS/input_txtexpdate' is right clicked on

2018-06-10 21:35:34 - [MESSAGE][PASSED] - Object: 'Object Repository/GRN/Page_KDMC - CMS/input_txtexpdate' is right clicked on

2018-06-10 21:35:34 - [TEST_STEP][PASSED] - selectOptionByIndex: All options with index in [9] are selected on object 'Object Repository/GRN/Page_KDMC - CMS/select_20182019202020212022202'

2018-06-10 21:35:34 - [MESSAGE][PASSED] - All options with index in [9] are selected on object 'Object Repository/GRN/Page_KDMC - CMS/select_20182019202020212022202'

2018-06-10 21:35:34 - [TEST_STEP][PASSED] - selectOptionByIndex: All options with index in [9] are selected on object 'Object Repository/GRN/Page_KDMC - CMS/select_JanFebMarAprMayJunJulAu'

2018-06-10 21:35:34 - [MESSAGE][PASSED] - All options with index in [9] are selected on object 'Object Repository/GRN/Page_KDMC - CMS/select_JanFebMarAprMayJunJulAu'

2018-06-10 21:35:34 - [TEST_STEP][PASSED] - click: Object: 'Object Repository/MOH AND GRN/Page_KDMC - CMS/a_12' is clicked on

2018-06-10 21:35:34 - [MESSAGE][PASSED] - Object: 'Object Repository/MOH AND GRN/Page_KDMC - CMS/a_12' is clicked on

2018-06-10 21:35:34 - [TEST_STEP][PASSED] - click: Object: 'Object Repository/MOH AND GRN/Page_KDMC - CMS/input_btnadd' is clicked on

2018-06-10 21:35:34 - [MESSAGE][PASSED] - Object: 'Object Repository/MOH AND GRN/Page_KDMC - CMS/input_btnadd' is clicked on

2018-06-10 21:35:34 - [TEST_STEP][PASSED] - Statement - If (s == 10): null

2018-06-10 21:35:34 - [TEST_STEP][PASSED] - Statement - Else: null

2018-06-10 21:35:34 - [TEST_STEP][PASSED] - Statement - (s++): null

2018-06-10 21:35:34 - [TEST_STEP][PASSED] - delay: Delayed 1 second(s)

2018-06-10 21:35:35 - [MESSAGE][PASSED] - Delayed 1 second(s)

2018-06-10 21:35:35 - [TEST_STEP][PASSED] - selectOptionByIndex: All options with index in [30] are selected on object 'Object Repository/MOH AND GRN/Page_KDMC - CMS/select_--Select--Amikacin -500'

2018-06-10 21:35:36 - [MESSAGE][PASSED] - All options with index in [30] are selected on object 'Object Repository/MOH AND GRN/Page_KDMC - CMS/select_--Select--Amikacin -500'

2018-06-10 21:35:36 - [TEST_STEP][PASSED] - setText: Text '5000' is set on object 'Object Repository/MOH AND GRN/Page_KDMC - CMS/input_txtqty'

2018-06-10 21:35:36 - [MESSAGE][PASSED] - Text '5000' is set on object 'Object Repository/MOH AND GRN/Page_KDMC - CMS/input_txtqty'

2018-06-10 21:35:36 - [TEST_STEP][PASSED] - selectOptionByIndex: All options with index in [1] are selected on object 'Object Repository/MOH AND GRN/Page_KDMC - CMS/select_--Select--No Tax0'

2018-06-10 21:35:36 - [MESSAGE][PASSED] - All options with index in [1] are selected on object 'Object Repository/MOH AND GRN/Page_KDMC - CMS/select_--Select--No Tax0'

2018-06-10 21:35:36 - [TEST_STEP][PASSED] - setText: Finding Test Object with id 'Object Repository/MOH AND GRN/Page_KDMC - CMS/input_txtmrp'

2018-06-10 21:35:36 - [TEST_STEP][PASSED] - Statement - switch (id): Finding Test Object with id 'Object Repository/MOH AND GRN/Page_KDMC - CMS/input_txtdeal'

2018-06-10 21:35:36 - [TEST_STEP][PASSED] - Statement - case 4:: Text '18.0' is set on object 'Object Repository/MOH AND GRN/Page_KDMC - CMS/input_txtmrp'

2018-06-10 21:35:36 - [TEST_STEP][PASSED] - Statement - return (java.lang.Math.floor((java.lang.Math.random() * ((max - min) + 1))) + min): Text '18.0' is set on object 'Object Repository/MOH AND GRN/Page_KDMC - CMS/input_txtmrp'

2018-06-10 21:35:36 - [MESSAGE][PASSED] - Text '18.0' is set on object 'Object Repository/MOH AND GRN/Page_KDMC - CMS/input_txtmrp'

2018-06-10 21:35:36 - [TEST_STEP][PASSED] - setText: Finding Test Object with id 'Object Repository/MOH AND GRN/Page_KDMC - CMS/input_txtdeal'

2018-06-10 21:35:36 - [TEST_STEP][PASSED] - Statement - switch (id): Finding Test Object with id 'Object Repository/MOH AND GRN/Page_KDMC - CMS/input_txtbatchno'

2018-06-10 21:35:36 - [TEST_STEP][PASSED] - Statement - case 5:: Text '3.0' is set on object 'Object Repository/MOH AND GRN/Page_KDMC - CMS/input_txtdeal'

2018-06-10 21:35:36 - [TEST_STEP][PASSED] - Statement - return (java.lang.Math.floor((java.lang.Math.random() * ((max - min) + 1))) + min): Text '3.0' is set on object 'Object Repository/MOH AND GRN/Page_KDMC - CMS/input_txtdeal'

2018-06-10 21:35:36 - [MESSAGE][PASSED] - Text '3.0' is set on object 'Object Repository/MOH AND GRN/Page_KDMC - CMS/input_txtdeal'

2018-06-10 21:35:36 - [TEST_STEP][PASSED] - setText: Finding Test Object with id 'Object Repository/MOH AND GRN/Page_KDMC - CMS/input_txtbatchno'

2018-06-10 21:35:36 - [TEST_STEP][PASSED] - Statement - switch (id): Finding Test Object with id 'Object Repository/MOH AND GRN/Page_KDMC - CMS/input_txtmrp'

2018-06-10 21:35:36 - [TEST_STEP][PASSED] - Statement - case 1:: Text 'BA220.0' is set on object 'Object Repository/MOH AND GRN/Page_KDMC - CMS/input_txtbatchno'

2018-06-10 21:35:36 - [TEST_STEP][PASSED] - Statement - return (java.lang.Math.floor((java.lang.Math.random() * ((max - min) + 1))) + min): Text 'BA220.0' is set on object 'Object Repository/MOH AND GRN/Page_KDMC - CMS/input_txtbatchno'

2018-06-10 21:35:36 - [MESSAGE][PASSED] - Text 'BA220.0' is set on object 'Object Repository/MOH AND GRN/Page_KDMC - CMS/input_txtbatchno'

2018-06-10 21:35:36 - [TEST_STEP][PASSED] - rightClick: Object: 'Object Repository/GRN/Page_KDMC - CMS/input_txtexpdate' is right clicked on

2018-06-10 21:35:36 - [MESSAGE][PASSED] - Object: 'Object Repository/GRN/Page_KDMC - CMS/input_txtexpdate' is right clicked on

2018-06-10 21:35:36 - [TEST_STEP][PASSED] - selectOptionByIndex: All options with index in [10] are selected on object 'Object Repository/GRN/Page_KDMC - CMS/select_20182019202020212022202'

2018-06-10 21:35:37 - [MESSAGE][PASSED] - All options with index in [10] are selected on object 'Object Repository/GRN/Page_KDMC - CMS/select_20182019202020212022202'

2018-06-10 21:35:37 - [TEST_STEP][PASSED] - selectOptionByIndex: All options with index in [10] are selected on object 'Object Repository/GRN/Page_KDMC - CMS/select_JanFebMarAprMayJunJulAu'

2018-06-10 21:35:37 - [MESSAGE][PASSED] - All options with index in [10] are selected on object 'Object Repository/GRN/Page_KDMC - CMS/select_JanFebMarAprMayJunJulAu'

2018-06-10 21:35:37 - [TEST_STEP][PASSED] - click: Object: 'Object Repository/MOH AND GRN/Page_KDMC - CMS/a_12' is clicked on

2018-06-10 21:35:37 - [MESSAGE][PASSED] - Object: 'Object Repository/MOH AND GRN/Page_KDMC - CMS/a_12' is clicked on

2018-06-10 21:35:37 - [TEST_STEP][PASSED] - click: Object: 'Object Repository/MOH AND GRN/Page_KDMC - CMS/input_btnadd' is clicked on

2018-06-10 21:35:37 - [MESSAGE][PASSED] - Object: 'Object Repository/MOH AND GRN/Page_KDMC - CMS/input_btnadd' is clicked on

2018-06-10 21:35:37 - [TEST_STEP][PASSED] - Statement - If (s == 10): null

2018-06-10 21:35:37 - [TEST_STEP][PASSED] - Statement - s = 1: null

2018-06-10 21:35:37 - [TEST_STEP][PASSED] - delay: Delayed 1 second(s)

2018-06-10 21:35:38 - [MESSAGE][PASSED] - Delayed 1 second(s)

2018-06-10 21:35:38 - [TEST_STEP][PASSED] - selectOptionByIndex: All options with index in [31] are selected on object 'Object Repository/MOH AND GRN/Page_KDMC - CMS/select_--Select--Amikacin -500'

2018-06-10 21:35:39 - [MESSAGE][PASSED] - All options with index in [31] are selected on object 'Object Repository/MOH AND GRN/Page_KDMC - CMS/select_--Select--Amikacin -500'

2018-06-10 21:35:39 - [TEST_STEP][PASSED] - setText: Text '5000' is set on object 'Object Repository/MOH AND GRN/Page_KDMC - CMS/input_txtqty'

2018-06-10 21:35:39 - [MESSAGE][PASSED] - Text '5000' is set on object 'Object Repository/MOH AND GRN/Page_KDMC - CMS/input_txtqty'

2018-06-10 21:35:39 - [TEST_STEP][PASSED] - selectOptionByIndex: All options with index in [1] are selected on object 'Object Repository/MOH AND GRN/Page_KDMC - CMS/select_--Select--No Tax0'

2018-06-10 21:35:39 - [MESSAGE][PASSED] - All options with index in [1] are selected on object 'Object Repository/MOH AND GRN/Page_KDMC - CMS/select_--Select--No Tax0'

2018-06-10 21:35:39 - [TEST_STEP][PASSED] - setText: Finding Test Object with id 'Object Repository/MOH AND GRN/Page_KDMC - CMS/input_txtmrp'

2018-06-10 21:35:39 - [TEST_STEP][PASSED] - Statement - switch (id): Finding Test Object with id 'Object Repository/MOH AND GRN/Page_KDMC - CMS/input_txtdeal'

2018-06-10 21:35:39 - [TEST_STEP][PASSED] - Statement - case 4:: Text '39.0' is set on object 'Object Repository/MOH AND GRN/Page_KDMC - CMS/input_txtmrp'

2018-06-10 21:35:39 - [TEST_STEP][PASSED] - Statement - return (java.lang.Math.floor((java.lang.Math.random() * ((max - min) + 1))) + min): Text '39.0' is set on object 'Object Repository/MOH AND GRN/Page_KDMC - CMS/input_txtmrp'

2018-06-10 21:35:39 - [MESSAGE][PASSED] - Text '39.0' is set on object 'Object Repository/MOH AND GRN/Page_KDMC - CMS/input_txtmrp'

2018-06-10 21:35:39 - [TEST_STEP][PASSED] - setText: Finding Test Object with id 'Object Repository/MOH AND GRN/Page_KDMC - CMS/input_txtdeal'

2018-06-10 21:35:39 - [TEST_STEP][PASSED] - Statement - switch (id): Finding Test Object with id 'Object Repository/MOH AND GRN/Page_KDMC - CMS/input_txtbatchno'

2018-06-10 21:35:39 - [TEST_STEP][PASSED] - Statement - case 5:: Text '7.0' is set on object 'Object Repository/MOH AND GRN/Page_KDMC - CMS/input_txtdeal'

2018-06-10 21:35:39 - [TEST_STEP][PASSED] - Statement - return (java.lang.Math.floor((java.lang.Math.random() * ((max - min) + 1))) + min): Text '7.0' is set on object 'Object Repository/MOH AND GRN/Page_KDMC - CMS/input_txtdeal'

2018-06-10 21:35:39 - [MESSAGE][PASSED] - Text '7.0' is set on object 'Object Repository/MOH AND GRN/Page_KDMC - CMS/input_txtdeal'

2018-06-10 21:35:39 - [TEST_STEP][PASSED] - setText: Finding Test Object with id 'Object Repository/MOH AND GRN/Page_KDMC - CMS/input_txtbatchno'

2018-06-10 21:35:39 - [TEST_STEP][PASSED] - Statement - switch (id): Finding Test Object with id 'Object Repository/MOH AND GRN/Page_KDMC - CMS/input_txtmrp'

2018-06-10 21:35:39 - [TEST_STEP][PASSED] - Statement - case 1:: Text 'BA599.0' is set on object 'Object Repository/MOH AND GRN/Page_KDMC - CMS/input_txtbatchno'

2018-06-10 21:35:39 - [TEST_STEP][PASSED] - Statement - return (java.lang.Math.floor((java.lang.Math.random() * ((max - min) + 1))) + min): Text 'BA599.0' is set on object 'Object Repository/MOH AND GRN/Page_KDMC - CMS/input_txtbatchno'

2018-06-10 21:35:39 - [MESSAGE][PASSED] - Text 'BA599.0' is set on object 'Object Repository/MOH AND GRN/Page_KDMC - CMS/input_txtbatchno'

2018-06-10 21:35:39 - [TEST_STEP][PASSED] - rightClick: Object: 'Object Repository/GRN/Page_KDMC - CMS/input_txtexpdate' is right clicked on

2018-06-10 21:35:39 - [MESSAGE][PASSED] - Object: 'Object Repository/GRN/Page_KDMC - CMS/input_txtexpdate' is right clicked on

2018-06-10 21:35:39 - [TEST_STEP][PASSED] - selectOptionByIndex: All options with index in [1] are selected on object 'Object Repository/GRN/Page_KDMC - CMS/select_20182019202020212022202'

2018-06-10 21:35:39 - [MESSAGE][PASSED] - All options with index in [1] are selected on object 'Object Repository/GRN/Page_KDMC - CMS/select_20182019202020212022202'

2018-06-10 21:35:39 - [TEST_STEP][PASSED] - selectOptionByIndex: All options with index in [1] are selected on object 'Object Repository/GRN/Page_KDMC - CMS/select_JanFebMarAprMayJunJulAu'

2018-06-10 21:35:40 - [MESSAGE][PASSED] - All options with index in [1] are selected on object 'Object Repository/GRN/Page_KDMC - CMS/select_JanFebMarAprMayJunJulAu'

2018-06-10 21:35:40 - [TEST_STEP][PASSED] - click: Object: 'Object Repository/MOH AND GRN/Page_KDMC - CMS/a_12' is clicked on

2018-06-10 21:35:40 - [MESSAGE][PASSED] - Object: 'Object Repository/MOH AND GRN/Page_KDMC - CMS/a_12' is clicked on

2018-06-10 21:35:40 - [TEST_STEP][PASSED] - click: Object: 'Object Repository/MOH AND GRN/Page_KDMC - CMS/input_btnadd' is clicked on

2018-06-10 21:35:40 - [MESSAGE][PASSED] - Object: 'Object Repository/MOH AND GRN/Page_KDMC - CMS/input_btnadd' is clicked on

2018-06-10 21:35:40 - [TEST_STEP][PASSED] - Statement - If (s == 10): null

2018-06-10 21:35:40 - [TEST_STEP][PASSED] - Statement - Else: null

2018-06-10 21:35:40 - [TEST_STEP][PASSED] - Statement - (s++): null

2018-06-10 21:35:40 - [TEST_STEP][PASSED] - delay: Delayed 1 second(s)

2018-06-10 21:35:41 - [MESSAGE][PASSED] - Delayed 1 second(s)

2018-06-10 21:35:41 - [TEST_STEP][PASSED] - selectOptionByIndex: All options with index in [32] are selected on object 'Object Repository/MOH AND GRN/Page_KDMC - CMS/select_--Select--Amikacin -500'

2018-06-10 21:35:41 - [MESSAGE][PASSED] - All options with index in [32] are selected on object 'Object Repository/MOH AND GRN/Page_KDMC - CMS/select_--Select--Amikacin -500'

2018-06-10 21:35:41 - [TEST_STEP][PASSED] - setText: Text '5000' is set on object 'Object Repository/MOH AND GRN/Page_KDMC - CMS/input_txtqty'

2018-06-10 21:35:41 - [MESSAGE][PASSED] - Text '5000' is set on object 'Object Repository/MOH AND GRN/Page_KDMC - CMS/input_txtqty'

2018-06-10 21:35:41 - [TEST_STEP][PASSED] - selectOptionByIndex: All options with index in [1] are selected on object 'Object Repository/MOH AND GRN/Page_KDMC - CMS/select_--Select--No Tax0'

2018-06-10 21:35:41 - [MESSAGE][PASSED] - All options with index in [1] are selected on object 'Object Repository/MOH AND GRN/Page_KDMC - CMS/select_--Select--No Tax0'

2018-06-10 21:35:41 - [TEST_STEP][PASSED] - setText: Finding Test Object with id 'Object Repository/MOH AND GRN/Page_KDMC - CMS/input_txtmrp'

2018-06-10 21:35:41 - [TEST_STEP][PASSED] - Statement - switch (id): Finding Test Object with id 'Object Repository/MOH AND GRN/Page_KDMC - CMS/input_txtdeal'

2018-06-10 21:35:41 - [TEST_STEP][PASSED] - Statement - case 4:: Text '21.0' is set on object 'Object Repository/MOH AND GRN/Page_KDMC - CMS/input_txtmrp'

2018-06-10 21:35:41 - [TEST_STEP][PASSED] - Statement - return (java.lang.Math.floor((java.lang.Math.random() * ((max - min) + 1))) + min): Text '21.0' is set on object 'Object Repository/MOH AND GRN/Page_KDMC - CMS/input_txtmrp'

2018-06-10 21:35:42 - [MESSAGE][PASSED] - Text '21.0' is set on object 'Object Repository/MOH AND GRN/Page_KDMC - CMS/input_txtmrp'

2018-06-10 21:35:42 - [TEST_STEP][PASSED] - setText: Finding Test Object with id 'Object Repository/MOH AND GRN/Page_KDMC - CMS/input_txtdeal'

2018-06-10 21:35:42 - [TEST_STEP][PASSED] - Statement - switch (id): Finding Test Object with id 'Object Repository/MOH AND GRN/Page_KDMC - CMS/input_txtbatchno'

2018-06-10 21:35:42 - [TEST_STEP][PASSED] - Statement - case 5:: Text '7.0' is set on object 'Object Repository/MOH AND GRN/Page_KDMC - CMS/input_txtdeal'

2018-06-10 21:35:42 - [TEST_STEP][PASSED] - Statement - return (java.lang.Math.floor((java.lang.Math.random() * ((max - min) + 1))) + min): Text '7.0' is set on object 'Object Repository/MOH AND GRN/Page_KDMC - CMS/input_txtdeal'

2018-06-10 21:35:42 - [MESSAGE][PASSED] - Text '7.0' is set on object 'Object Repository/MOH AND GRN/Page_KDMC - CMS/input_txtdeal'

2018-06-10 21:35:42 - [TEST_STEP][PASSED] - setText: Finding Test Object with id 'Object Repository/MOH AND GRN/Page_KDMC - CMS/input_txtbatchno'

2018-06-10 21:35:42 - [TEST_STEP][PASSED] - Statement - switch (id): Finding Test Object with id 'Object Repository/MOH AND GRN/Page_KDMC - CMS/input_txtmrp'

2018-06-10 21:35:42 - [TEST_STEP][PASSED] - Statement - case 1:: Text 'BA268.0' is set on object 'Object Repository/MOH AND GRN/Page_KDMC - CMS/input_txtbatchno'

2018-06-10 21:35:42 - [TEST_STEP][PASSED] - Statement - return (java.lang.Math.floor((java.lang.Math.random() * ((max - min) + 1))) + min): Text 'BA268.0' is set on object 'Object Repository/MOH AND GRN/Page_KDMC - CMS/input_txtbatchno'

2018-06-10 21:35:42 - [MESSAGE][PASSED] - Text 'BA268.0' is set on object 'Object Repository/MOH AND GRN/Page_KDMC - CMS/input_txtbatchno'

2018-06-10 21:35:42 - [TEST_STEP][PASSED] - rightClick: Object: 'Object Repository/GRN/Page_KDMC - CMS/input_txtexpdate' is right clicked on

2018-06-10 21:35:42 - [MESSAGE][PASSED] - Object: 'Object Repository/GRN/Page_KDMC - CMS/input_txtexpdate' is right clicked on

2018-06-10 21:35:42 - [TEST_STEP][PASSED] - selectOptionByIndex: All options with index in [2] are selected on object 'Object Repository/GRN/Page_KDMC - CMS/select_20182019202020212022202'

2018-06-10 21:35:42 - [MESSAGE][PASSED] - All options with index in [2] are selected on object 'Object Repository/GRN/Page_KDMC - CMS/select_20182019202020212022202'

2018-06-10 21:35:42 - [TEST_STEP][PASSED] - selectOptionByIndex: All options with index in [2] are selected on object 'Object Repository/GRN/Page_KDMC - CMS/select_JanFebMarAprMayJunJulAu'

2018-06-10 21:35:42 - [MESSAGE][PASSED] - All options with index in [2] are selected on object 'Object Repository/GRN/Page_KDMC - CMS/select_JanFebMarAprMayJunJulAu'

2018-06-10 21:35:42 - [TEST_STEP][PASSED] - click: Object: 'Object Repository/MOH AND GRN/Page_KDMC - CMS/a_12' is clicked on

2018-06-10 21:35:42 - [MESSAGE][PASSED] - Object: 'Object Repository/MOH AND GRN/Page_KDMC - CMS/a_12' is clicked on

2018-06-10 21:35:42 - [TEST_STEP][PASSED] - click: Object: 'Object Repository/MOH AND GRN/Page_KDMC - CMS/input_btnadd' is clicked on

2018-06-10 21:35:42 - [MESSAGE][PASSED] - Object: 'Object Repository/MOH AND GRN/Page_KDMC - CMS/input_btnadd' is clicked on

2018-06-10 21:35:42 - [TEST_STEP][PASSED] - Statement - If (s == 10): null

2018-06-10 21:35:42 - [TEST_STEP][PASSED] - Statement - Else: null

2018-06-10 21:35:42 - [TEST_STEP][PASSED] - Statement - (s++): null

2018-06-10 21:35:42 - [TEST_STEP][PASSED] - delay: Delayed 1 second(s)

2018-06-10 21:35:43 - [MESSAGE][PASSED] - Delayed 1 second(s)

2018-06-10 21:35:43 - [TEST_STEP][PASSED] - selectOptionByIndex: All options with index in [33] are selected on object 'Object Repository/MOH AND GRN/Page_KDMC - CMS/select_--Select--Amikacin -500'

2018-06-10 21:35:44 - [MESSAGE][PASSED] - All options with index in [33] are selected on object 'Object Repository/MOH AND GRN/Page_KDMC - CMS/select_--Select--Amikacin -500'

2018-06-10 21:35:44 - [TEST_STEP][PASSED] - setText: Text '5000' is set on object 'Object Repository/MOH AND GRN/Page_KDMC - CMS/input_txtqty'

2018-06-10 21:35:44 - [MESSAGE][PASSED] - Text '5000' is set on object 'Object Repository/MOH AND GRN/Page_KDMC - CMS/input_txtqty'

2018-06-10 21:35:44 - [TEST_STEP][PASSED] - selectOptionByIndex: All options with index in [1] are selected on object 'Object Repository/MOH AND GRN/Page_KDMC - CMS/select_--Select--No Tax0'

2018-06-10 21:35:44 - [MESSAGE][PASSED] - All options with index in [1] are selected on object 'Object Repository/MOH AND GRN/Page_KDMC - CMS/select_--Select--No Tax0'

2018-06-10 21:35:44 - [TEST_STEP][PASSED] - setText: Finding Test Object with id 'Object Repository/MOH AND GRN/Page_KDMC - CMS/input_txtmrp'

2018-06-10 21:35:44 - [TEST_STEP][PASSED] - Statement - switch (id): Finding Test Object with id 'Object Repository/MOH AND GRN/Page_KDMC - CMS/input_txtdeal'

2018-06-10 21:35:44 - [TEST_STEP][PASSED] - Statement - case 4:: Text '16.0' is set on object 'Object Repository/MOH AND GRN/Page_KDMC - CMS/input_txtmrp'

2018-06-10 21:35:44 - [TEST_STEP][PASSED] - Statement - return (java.lang.Math.floor((java.lang.Math.random() * ((max - min) + 1))) + min): Text '16.0' is set on object 'Object Repository/MOH AND GRN/Page_KDMC - CMS/input_txtmrp'

2018-06-10 21:35:44 - [MESSAGE][PASSED] - Text '16.0' is set on object 'Object Repository/MOH AND GRN/Page_KDMC - CMS/input_txtmrp'

2018-06-10 21:35:44 - [TEST_STEP][PASSED] - setText: Finding Test Object with id 'Object Repository/MOH AND GRN/Page_KDMC - CMS/input_txtdeal'

2018-06-10 21:35:44 - [TEST_STEP][PASSED] - Statement - switch (id): Finding Test Object with id 'Object Repository/MOH AND GRN/Page_KDMC - CMS/input_txtbatchno'

2018-06-10 21:35:44 - [TEST_STEP][PASSED] - Statement - case 5:: Text '2.0' is set on object 'Object Repository/MOH AND GRN/Page_KDMC - CMS/input_txtdeal'

2018-06-10 21:35:44 - [TEST_STEP][PASSED] - Statement - return (java.lang.Math.floor((java.lang.Math.random() * ((max - min) + 1))) + min): Text '2.0' is set on object 'Object Repository/MOH AND GRN/Page_KDMC - CMS/input_txtdeal'

2018-06-10 21:35:44 - [MESSAGE][PASSED] - Text '2.0' is set on object 'Object Repository/MOH AND GRN/Page_KDMC - CMS/input_txtdeal'

2018-06-10 21:35:44 - [TEST_STEP][PASSED] - setText: Finding Test Object with id 'Object Repository/MOH AND GRN/Page_KDMC - CMS/input_txtbatchno'

2018-06-10 21:35:44 - [TEST_STEP][PASSED] - Statement - switch (id): Finding Test Object with id 'Object Repository/MOH AND GRN/Page_KDMC - CMS/input_txtmrp'

2018-06-10 21:35:44 - [TEST_STEP][PASSED] - Statement - case 1:: Text 'BA533.0' is set on object 'Object Repository/MOH AND GRN/Page_KDMC - CMS/input_txtbatchno'

2018-06-10 21:35:44 - [TEST_STEP][PASSED] - Statement - return (java.lang.Math.floor((java.lang.Math.random() * ((max - min) + 1))) + min): Text 'BA533.0' is set on object 'Object Repository/MOH AND GRN/Page_KDMC - CMS/input_txtbatchno'

2018-06-10 21:35:44 - [MESSAGE][PASSED] - Text 'BA533.0' is set on object 'Object Repository/MOH AND GRN/Page_KDMC - CMS/input_txtbatchno'

2018-06-10 21:35:44 - [TEST_STEP][PASSED] - rightClick: Object: 'Object Repository/GRN/Page_KDMC - CMS/input_txtexpdate' is right clicked on

2018-06-10 21:35:44 - [MESSAGE][PASSED] - Object: 'Object Repository/GRN/Page_KDMC - CMS/input_txtexpdate' is right clicked on

2018-06-10 21:35:44 - [TEST_STEP][PASSED] - selectOptionByIndex: All options with index in [3] are selected on object 'Object Repository/GRN/Page_KDMC - CMS/select_20182019202020212022202'

2018-06-10 21:35:45 - [MESSAGE][PASSED] - All options with index in [3] are selected on object 'Object Repository/GRN/Page_KDMC - CMS/select_20182019202020212022202'

2018-06-10 21:35:45 - [TEST_STEP][PASSED] - selectOptionByIndex: All options with index in [3] are selected on object 'Object Repository/GRN/Page_KDMC - CMS/select_JanFebMarAprMayJunJulAu'

2018-06-10 21:35:45 - [MESSAGE][PASSED] - All options with index in [3] are selected on object 'Object Repository/GRN/Page_KDMC - CMS/select_JanFebMarAprMayJunJulAu'

2018-06-10 21:35:45 - [TEST_STEP][PASSED] - click: Object: 'Object Repository/MOH AND GRN/Page_KDMC - CMS/a_12' is clicked on

2018-06-10 21:35:45 - [MESSAGE][PASSED] - Object: 'Object Repository/MOH AND GRN/Page_KDMC - CMS/a_12' is clicked on

2018-06-10 21:35:45 - [TEST_STEP][PASSED] - click: Object: 'Object Repository/MOH AND GRN/Page_KDMC - CMS/input_btnadd' is clicked on

2018-06-10 21:35:45 - [MESSAGE][PASSED] - Object: 'Object Repository/MOH AND GRN/Page_KDMC - CMS/input_btnadd' is clicked on

2018-06-10 21:35:45 - [TEST_STEP][PASSED] - Statement - If (s == 10): null

2018-06-10 21:35:45 - [TEST_STEP][PASSED] - Statement - Else: null

2018-06-10 21:35:45 - [TEST_STEP][PASSED] - Statement - (s++): null

2018-06-10 21:35:45 - [TEST_STEP][PASSED] - delay: Delayed 1 second(s)

2018-06-10 21:35:46 - [MESSAGE][PASSED] - Delayed 1 second(s)

2018-06-10 21:35:46 - [TEST_STEP][PASSED] - selectOptionByIndex: All options with index in [34] are selected on object 'Object Repository/MOH AND GRN/Page_KDMC - CMS/select_--Select--Amikacin -500'

2018-06-10 21:35:46 - [MESSAGE][PASSED] - All options with index in [34] are selected on object 'Object Repository/MOH AND GRN/Page_KDMC - CMS/select_--Select--Amikacin -500'

2018-06-10 21:35:46 - [TEST_STEP][PASSED] - setText: Text '5000' is set on object 'Object Repository/MOH AND GRN/Page_KDMC - CMS/input_txtqty'

2018-06-10 21:35:47 - [MESSAGE][PASSED] - Text '5000' is set on object 'Object Repository/MOH AND GRN/Page_KDMC - CMS/input_txtqty'

2018-06-10 21:35:47 - [TEST_STEP][PASSED] - selectOptionByIndex: All options with index in [1] are selected on object 'Object Repository/MOH AND GRN/Page_KDMC - CMS/select_--Select--No Tax0'

2018-06-10 21:35:47 - [MESSAGE][PASSED] - All options with index in [1] are selected on object 'Object Repository/MOH AND GRN/Page_KDMC - CMS/select_--Select--No Tax0'

2018-06-10 21:35:47 - [TEST_STEP][PASSED] - setText: Finding Test Object with id 'Object Repository/MOH AND GRN/Page_KDMC - CMS/input_txtmrp'

2018-06-10 21:35:47 - [TEST_STEP][PASSED] - Statement - switch (id): Finding Test Object with id 'Object Repository/MOH AND GRN/Page_KDMC - CMS/input_txtdeal'

2018-06-10 21:35:47 - [TEST_STEP][PASSED] - Statement - case 4:: Text '19.0' is set on object 'Object Repository/MOH AND GRN/Page_KDMC - CMS/input_txtmrp'

2018-06-10 21:35:47 - [TEST_STEP][PASSED] - Statement - return (java.lang.Math.floor((java.lang.Math.random() * ((max - min) + 1))) + min): Text '19.0' is set on object 'Object Repository/MOH AND GRN/Page_KDMC - CMS/input_txtmrp'

2018-06-10 21:35:47 - [MESSAGE][PASSED] - Text '19.0' is set on object 'Object Repository/MOH AND GRN/Page_KDMC - CMS/input_txtmrp'

2018-06-10 21:35:47 - [TEST_STEP][PASSED] - setText: Finding Test Object with id 'Object Repository/MOH AND GRN/Page_KDMC - CMS/input_txtdeal'

2018-06-10 21:35:47 - [TEST_STEP][PASSED] - Statement - switch (id): Finding Test Object with id 'Object Repository/MOH AND GRN/Page_KDMC - CMS/input_txtbatchno'

2018-06-10 21:35:47 - [TEST_STEP][PASSED] - Statement - case 5:: Text '2.0' is set on object 'Object Repository/MOH AND GRN/Page_KDMC - CMS/input_txtdeal'

2018-06-10 21:35:47 - [TEST_STEP][PASSED] - Statement - return (java.lang.Math.floor((java.lang.Math.random() * ((max - min) + 1))) + min): Text '2.0' is set on object 'Object Repository/MOH AND GRN/Page_KDMC - CMS/input_txtdeal'

2018-06-10 21:35:47 - [MESSAGE][PASSED] - Text '2.0' is set on object 'Object Repository/MOH AND GRN/Page_KDMC - CMS/input_txtdeal'

2018-06-10 21:35:47 - [TEST_STEP][PASSED] - setText: Finding Test Object with id 'Object Repository/MOH AND GRN/Page_KDMC - CMS/input_txtbatchno'

2018-06-10 21:35:47 - [TEST_STEP][PASSED] - Statement - switch (id): Finding Test Object with id 'Object Repository/MOH AND GRN/Page_KDMC - CMS/input_txtmrp'

2018-06-10 21:35:47 - [TEST_STEP][PASSED] - Statement - case 1:: Text 'BA297.0' is set on object 'Object Repository/MOH AND GRN/Page_KDMC - CMS/input_txtbatchno'

2018-06-10 21:35:47 - [TEST_STEP][PASSED] - Statement - return (java.lang.Math.floor((java.lang.Math.random() * ((max - min) + 1))) + min): Text 'BA297.0' is set on object 'Object Repository/MOH AND GRN/Page_KDMC - CMS/input_txtbatchno'

2018-06-10 21:35:47 - [MESSAGE][PASSED] - Text 'BA297.0' is set on object 'Object Repository/MOH AND GRN/Page_KDMC - CMS/input_txtbatchno'

2018-06-10 21:35:47 - [TEST_STEP][PASSED] - rightClick: Object: 'Object Repository/GRN/Page_KDMC - CMS/input_txtexpdate' is right clicked on

2018-06-10 21:35:47 - [MESSAGE][PASSED] - Object: 'Object Repository/GRN/Page_KDMC - CMS/input_txtexpdate' is right clicked on

2018-06-10 21:35:47 - [TEST_STEP][PASSED] - selectOptionByIndex: All options with index in [4] are selected on object 'Object Repository/GRN/Page_KDMC - CMS/select_20182019202020212022202'

2018-06-10 21:35:47 - [MESSAGE][PASSED] - All options with index in [4] are selected on object 'Object Repository/GRN/Page_KDMC - CMS/select_20182019202020212022202'

2018-06-10 21:35:47 - [TEST_STEP][PASSED] - selectOptionByIndex: All options with index in [4] are selected on object 'Object Repository/GRN/Page_KDMC - CMS/select_JanFebMarAprMayJunJulAu'

2018-06-10 21:35:47 - [MESSAGE][PASSED] - All options with index in [4] are selected on object 'Object Repository/GRN/Page_KDMC - CMS/select_JanFebMarAprMayJunJulAu'

2018-06-10 21:35:47 - [TEST_STEP][PASSED] - click: Object: 'Object Repository/MOH AND GRN/Page_KDMC - CMS/a_12' is clicked on

2018-06-10 21:35:48 - [MESSAGE][PASSED] - Object: 'Object Repository/MOH AND GRN/Page_KDMC - CMS/a_12' is clicked on

2018-06-10 21:35:48 - [TEST_STEP][PASSED] - click: Object: 'Object Repository/MOH AND GRN/Page_KDMC - CMS/input_btnadd' is clicked on

2018-06-10 21:35:48 - [MESSAGE][PASSED] - Object: 'Object Repository/MOH AND GRN/Page_KDMC - CMS/input_btnadd' is clicked on

2018-06-10 21:35:48 - [TEST_STEP][PASSED] - Statement - If (s == 10): null

2018-06-10 21:35:48 - [TEST_STEP][PASSED] - Statement - Else: null

2018-06-10 21:35:48 - [TEST_STEP][PASSED] - Statement - (s++): null

2018-06-10 21:35:48 - [TEST_STEP][PASSED] - delay: Delayed 1 second(s)

2018-06-10 21:35:49 - [MESSAGE][PASSED] - Delayed 1 second(s)

2018-06-10 21:35:49 - [TEST_STEP][PASSED] - selectOptionByIndex: All options with index in [35] are selected on object 'Object Repository/MOH AND GRN/Page_KDMC - CMS/select_--Select--Amikacin -500'

2018-06-10 21:35:49 - [MESSAGE][PASSED] - All options with index in [35] are selected on object 'Object Repository/MOH AND GRN/Page_KDMC - CMS/select_--Select--Amikacin -500'

2018-06-10 21:35:49 - [TEST_STEP][PASSED] - setText: Text '5000' is set on object 'Object Repository/MOH AND GRN/Page_KDMC - CMS/input_txtqty'

2018-06-10 21:35:49 - [MESSAGE][PASSED] - Text '5000' is set on object 'Object Repository/MOH AND GRN/Page_KDMC - CMS/input_txtqty'

2018-06-10 21:35:49 - [TEST_STEP][PASSED] - selectOptionByIndex: All options with index in [1] are selected on object 'Object Repository/MOH AND GRN/Page_KDMC - CMS/select_--Select--No Tax0'

2018-06-10 21:35:49 - [MESSAGE][PASSED] - All options with index in [1] are selected on object 'Object Repository/MOH AND GRN/Page_KDMC - CMS/select_--Select--No Tax0'

2018-06-10 21:35:49 - [TEST_STEP][PASSED] - setText: Finding Test Object with id 'Object Repository/MOH AND GRN/Page_KDMC - CMS/input_txtmrp'

2018-06-10 21:35:49 - [TEST_STEP][PASSED] - Statement - switch (id): Finding Test Object with id 'Object Repository/MOH AND GRN/Page_KDMC - CMS/input_txtdeal'

2018-06-10 21:35:49 - [TEST_STEP][PASSED] - Statement - case 4:: Text '18.0' is set on object 'Object Repository/MOH AND GRN/Page_KDMC - CMS/input_txtmrp'

2018-06-10 21:35:49 - [TEST_STEP][PASSED] - Statement - return (java.lang.Math.floor((java.lang.Math.random() * ((max - min) + 1))) + min): Text '18.0' is set on object 'Object Repository/MOH AND GRN/Page_KDMC - CMS/input_txtmrp'

2018-06-10 21:35:49 - [MESSAGE][PASSED] - Text '18.0' is set on object 'Object Repository/MOH AND GRN/Page_KDMC - CMS/input_txtmrp'

2018-06-10 21:35:49 - [TEST_STEP][PASSED] - setText: Finding Test Object with id 'Object Repository/MOH AND GRN/Page_KDMC - CMS/input_txtdeal'

2018-06-10 21:35:50 - [TEST_STEP][PASSED] - Statement - switch (id): Finding Test Object with id 'Object Repository/MOH AND GRN/Page_KDMC - CMS/input_txtbatchno'

2018-06-10 21:35:50 - [TEST_STEP][PASSED] - Statement - case 5:: Text '5.0' is set on object 'Object Repository/MOH AND GRN/Page_KDMC - CMS/input_txtdeal'

2018-06-10 21:35:50 - [TEST_STEP][PASSED] - Statement - return (java.lang.Math.floor((java.lang.Math.random() * ((max - min) + 1))) + min): Text '5.0' is set on object 'Object Repository/MOH AND GRN/Page_KDMC - CMS/input_txtdeal'

2018-06-10 21:35:50 - [MESSAGE][PASSED] - Text '5.0' is set on object 'Object Repository/MOH AND GRN/Page_KDMC - CMS/input_txtdeal'

2018-06-10 21:35:50 - [TEST_STEP][PASSED] - setText: Finding Test Object with id 'Object Repository/MOH AND GRN/Page_KDMC - CMS/input_txtbatchno'

2018-06-10 21:35:50 - [TEST_STEP][PASSED] - Statement - switch (id): Finding Test Object with id 'Object Repository/MOH AND GRN/Page_KDMC - CMS/input_txtmrp'

2018-06-10 21:35:50 - [TEST_STEP][PASSED] - Statement - case 1:: Text 'BA274.0' is set on object 'Object Repository/MOH AND GRN/Page_KDMC - CMS/input_txtbatchno'

2018-06-10 21:35:50 - [TEST_STEP][PASSED] - Statement - return (java.lang.Math.floor((java.lang.Math.random() * ((max - min) + 1))) + min): Text 'BA274.0' is set on object 'Object Repository/MOH AND GRN/Page_KDMC - CMS/input_txtbatchno'

2018-06-10 21:35:50 - [MESSAGE][PASSED] - Text 'BA274.0' is set on object 'Object Repository/MOH AND GRN/Page_KDMC - CMS/input_txtbatchno'

2018-06-10 21:35:50 - [TEST_STEP][PASSED] - rightClick: Object: 'Object Repository/GRN/Page_KDMC - CMS/input_txtexpdate' is right clicked on

2018-06-10 21:35:50 - [MESSAGE][PASSED] - Object: 'Object Repository/GRN/Page_KDMC - CMS/input_txtexpdate' is right clicked on

2018-06-10 21:35:50 - [TEST_STEP][PASSED] - selectOptionByIndex: All options with index in [5] are selected on object 'Object Repository/GRN/Page_KDMC - CMS/select_20182019202020212022202'

2018-06-10 21:35:50 - [MESSAGE][PASSED] - All options with index in [5] are selected on object 'Object Repository/GRN/Page_KDMC - CMS/select_20182019202020212022202'

2018-06-10 21:35:50 - [TEST_STEP][PASSED] - selectOptionByIndex: All options with index in [5] are selected on object 'Object Repository/GRN/Page_KDMC - CMS/select_JanFebMarAprMayJunJulAu'

2018-06-10 21:35:50 - [MESSAGE][PASSED] - All options with index in [5] are selected on object 'Object Repository/GRN/Page_KDMC - CMS/select_JanFebMarAprMayJunJulAu'

2018-06-10 21:35:50 - [TEST_STEP][PASSED] - click: Object: 'Object Repository/MOH AND GRN/Page_KDMC - CMS/a_12' is clicked on

2018-06-10 21:35:50 - [MESSAGE][PASSED] - Object: 'Object Repository/MOH AND GRN/Page_KDMC - CMS/a_12' is clicked on

2018-06-10 21:35:50 - [TEST_STEP][PASSED] - click: Object: 'Object Repository/MOH AND GRN/Page_KDMC - CMS/input_btnadd' is clicked on

2018-06-10 21:35:50 - [MESSAGE][PASSED] - Object: 'Object Repository/MOH AND GRN/Page_KDMC - CMS/input_btnadd' is clicked on

2018-06-10 21:35:50 - [TEST_STEP][PASSED] - Statement - If (s == 10): null

2018-06-10 21:35:50 - [TEST_STEP][PASSED] - Statement - Else: null

2018-06-10 21:35:50 - [TEST_STEP][PASSED] - Statement - (s++): null

2018-06-10 21:35:50 - [TEST_STEP][PASSED] - delay: Delayed 1 second(s)

2018-06-10 21:35:51 - [MESSAGE][PASSED] - Delayed 1 second(s)

2018-06-10 21:35:51 - [TEST_STEP][PASSED] - selectOptionByIndex: All options with index in [36] are selected on object 'Object Repository/MOH AND GRN/Page_KDMC - CMS/select_--Select--Amikacin -500'

2018-06-10 21:35:52 - [MESSAGE][PASSED] - All options with index in [36] are selected on object 'Object Repository/MOH AND GRN/Page_KDMC - CMS/select_--Select--Amikacin -500'

2018-06-10 21:35:52 - [TEST_STEP][PASSED] - setText: Text '5000' is set on object 'Object Repository/MOH AND GRN/Page_KDMC - CMS/input_txtqty'

2018-06-10 21:35:52 - [MESSAGE][PASSED] - Text '5000' is set on object 'Object Repository/MOH AND GRN/Page_KDMC - CMS/input_txtqty'

2018-06-10 21:35:52 - [TEST_STEP][PASSED] - selectOptionByIndex: All options with index in [1] are selected on object 'Object Repository/MOH AND GRN/Page_KDMC - CMS/select_--Select--No Tax0'

2018-06-10 21:35:52 - [MESSAGE][PASSED] - All options with index in [1] are selected on object 'Object Repository/MOH AND GRN/Page_KDMC - CMS/select_--Select--No Tax0'

2018-06-10 21:35:52 - [TEST_STEP][PASSED] - setText: Finding Test Object with id 'Object Repository/MOH AND GRN/Page_KDMC - CMS/input_txtmrp'

2018-06-10 21:35:52 - [TEST_STEP][PASSED] - Statement - switch (id): Finding Test Object with id 'Object Repository/MOH AND GRN/Page_KDMC - CMS/input_txtdeal'

2018-06-10 21:35:52 - [TEST_STEP][PASSED] - Statement - case 4:: Text '34.0' is set on object 'Object Repository/MOH AND GRN/Page_KDMC - CMS/input_txtmrp'

2018-06-10 21:35:52 - [TEST_STEP][PASSED] - Statement - return (java.lang.Math.floor((java.lang.Math.random() * ((max - min) + 1))) + min): Text '34.0' is set on object 'Object Repository/MOH AND GRN/Page_KDMC - CMS/input_txtmrp'

2018-06-10 21:35:52 - [MESSAGE][PASSED] - Text '34.0' is set on object 'Object Repository/MOH AND GRN/Page_KDMC - CMS/input_txtmrp'

2018-06-10 21:35:52 - [TEST_STEP][PASSED] - setText: Finding Test Object with id 'Object Repository/MOH AND GRN/Page_KDMC - CMS/input_txtdeal'

2018-06-10 21:35:52 - [TEST_STEP][PASSED] - Statement - switch (id): Finding Test Object with id 'Object Repository/MOH AND GRN/Page_KDMC - CMS/input_txtbatchno'

2018-06-10 21:35:52 - [TEST_STEP][PASSED] - Statement - case 5:: Text '5.0' is set on object 'Object Repository/MOH AND GRN/Page_KDMC - CMS/input_txtdeal'

2018-06-10 21:35:52 - [TEST_STEP][PASSED] - Statement - return (java.lang.Math.floor((java.lang.Math.random() * ((max - min) + 1))) + min): Text '5.0' is set on object 'Object Repository/MOH AND GRN/Page_KDMC - CMS/input_txtdeal'

2018-06-10 21:35:52 - [MESSAGE][PASSED] - Text '5.0' is set on object 'Object Repository/MOH AND GRN/Page_KDMC - CMS/input_txtdeal'

2018-06-10 21:35:52 - [TEST_STEP][PASSED] - setText: Finding Test Object with id 'Object Repository/MOH AND GRN/Page_KDMC - CMS/input_txtbatchno'

2018-06-10 21:35:52 - [TEST_STEP][PASSED] - Statement - switch (id): Finding Test Object with id 'Object Repository/MOH AND GRN/Page_KDMC - CMS/input_txtmrp'

2018-06-10 21:35:52 - [TEST_STEP][PASSED] - Statement - case 1:: Text 'BA717.0' is set on object 'Object Repository/MOH AND GRN/Page_KDMC - CMS/input_txtbatchno'

2018-06-10 21:35:52 - [TEST_STEP][PASSED] - Statement - return (java.lang.Math.floor((java.lang.Math.random() * ((max - min) + 1))) + min): Text 'BA717.0' is set on object 'Object Repository/MOH AND GRN/Page_KDMC - CMS/input_txtbatchno'

2018-06-10 21:35:52 - [MESSAGE][PASSED] - Text 'BA717.0' is set on object 'Object Repository/MOH AND GRN/Page_KDMC - CMS/input_txtbatchno'

2018-06-10 21:35:52 - [TEST_STEP][PASSED] - rightClick: Object: 'Object Repository/GRN/Page_KDMC - CMS/input_txtexpdate' is right clicked on

2018-06-10 21:35:53 - [MESSAGE][PASSED] - Object: 'Object Repository/GRN/Page_KDMC - CMS/input_txtexpdate' is right clicked on

2018-06-10 21:35:53 - [TEST_STEP][PASSED] - selectOptionByIndex: All options with index in [6] are selected on object 'Object Repository/GRN/Page_KDMC - CMS/select_20182019202020212022202'

2018-06-10 21:35:53 - [MESSAGE][PASSED] - All options with index in [6] are selected on object 'Object Repository/GRN/Page_KDMC - CMS/select_20182019202020212022202'

2018-06-10 21:35:53 - [TEST_STEP][PASSED] - selectOptionByIndex: All options with index in [6] are selected on object 'Object Repository/GRN/Page_KDMC - CMS/select_JanFebMarAprMayJunJulAu'

2018-06-10 21:35:53 - [MESSAGE][PASSED] - All options with index in [6] are selected on object 'Object Repository/GRN/Page_KDMC - CMS/select_JanFebMarAprMayJunJulAu'

2018-06-10 21:35:53 - [TEST_STEP][PASSED] - click: Object: 'Object Repository/MOH AND GRN/Page_KDMC - CMS/a_12' is clicked on

2018-06-10 21:35:53 - [MESSAGE][PASSED] - Object: 'Object Repository/MOH AND GRN/Page_KDMC - CMS/a_12' is clicked on

2018-06-10 21:35:53 - [TEST_STEP][PASSED] - click: Object: 'Object Repository/MOH AND GRN/Page_KDMC - CMS/input_btnadd' is clicked on

2018-06-10 21:35:53 - [MESSAGE][PASSED] - Object: 'Object Repository/MOH AND GRN/Page_KDMC - CMS/input_btnadd' is clicked on

2018-06-10 21:35:53 - [TEST_STEP][PASSED] - Statement - If (s == 10): null

2018-06-10 21:35:53 - [TEST_STEP][PASSED] - Statement - Else: null

2018-06-10 21:35:53 - [TEST_STEP][PASSED] - Statement - (s++): null

2018-06-10 21:35:53 - [TEST_STEP][PASSED] - delay: Delayed 1 second(s)

2018-06-10 21:35:54 - [MESSAGE][PASSED] - Delayed 1 second(s)

2018-06-10 21:35:54 - [TEST_STEP][PASSED] - selectOptionByIndex: All options with index in [37] are selected on object 'Object Repository/MOH AND GRN/Page_KDMC - CMS/select_--Select--Amikacin -500'

2018-06-10 21:35:55 - [MESSAGE][PASSED] - All options with index in [37] are selected on object 'Object Repository/MOH AND GRN/Page_KDMC - CMS/select_--Select--Amikacin -500'

2018-06-10 21:35:55 - [TEST_STEP][PASSED] - setText: Text '5000' is set on object 'Object Repository/MOH AND GRN/Page_KDMC - CMS/input_txtqty'

2018-06-10 21:35:55 - [MESSAGE][PASSED] - Text '5000' is set on object 'Object Repository/MOH AND GRN/Page_KDMC - CMS/input_txtqty'

2018-06-10 21:35:55 - [TEST_STEP][PASSED] - selectOptionByIndex: All options with index in [1] are selected on object 'Object Repository/MOH AND GRN/Page_KDMC - CMS/select_--Select--No Tax0'

2018-06-10 21:35:55 - [MESSAGE][PASSED] - All options with index in [1] are selected on object 'Object Repository/MOH AND GRN/Page_KDMC - CMS/select_--Select--No Tax0'

2018-06-10 21:35:55 - [TEST_STEP][PASSED] - setText: Finding Test Object with id 'Object Repository/MOH AND GRN/Page_KDMC - CMS/input_txtmrp'

2018-06-10 21:35:55 - [TEST_STEP][PASSED] - Statement - switch (id): Finding Test Object with id 'Object Repository/MOH AND GRN/Page_KDMC - CMS/input_txtdeal'

2018-06-10 21:35:55 - [TEST_STEP][PASSED] - Statement - case 4:: Text '37.0' is set on object 'Object Repository/MOH AND GRN/Page_KDMC - CMS/input_txtmrp'

2018-06-10 21:35:55 - [TEST_STEP][PASSED] - Statement - return (java.lang.Math.floor((java.lang.Math.random() * ((max - min) + 1))) + min): Text '37.0' is set on object 'Object Repository/MOH AND GRN/Page_KDMC - CMS/input_txtmrp'

2018-06-10 21:35:55 - [MESSAGE][PASSED] - Text '37.0' is set on object 'Object Repository/MOH AND GRN/Page_KDMC - CMS/input_txtmrp'

2018-06-10 21:35:55 - [TEST_STEP][PASSED] - setText: Finding Test Object with id 'Object Repository/MOH AND GRN/Page_KDMC - CMS/input_txtdeal'

2018-06-10 21:35:55 - [TEST_STEP][PASSED] - Statement - switch (id): Finding Test Object with id 'Object Repository/MOH AND GRN/Page_KDMC - CMS/input_txtbatchno'

2018-06-10 21:35:55 - [TEST_STEP][PASSED] - Statement - case 5:: Text '7.0' is set on object 'Object Repository/MOH AND GRN/Page_KDMC - CMS/input_txtdeal'

2018-06-10 21:35:55 - [TEST_STEP][PASSED] - Statement - return (java.lang.Math.floor((java.lang.Math.random() * ((max - min) + 1))) + min): Text '7.0' is set on object 'Object Repository/MOH AND GRN/Page_KDMC - CMS/input_txtdeal'

2018-06-10 21:35:55 - [MESSAGE][PASSED] - Text '7.0' is set on object 'Object Repository/MOH AND GRN/Page_KDMC - CMS/input_txtdeal'

2018-06-10 21:35:55 - [TEST_STEP][PASSED] - setText: Finding Test Object with id 'Object Repository/MOH AND GRN/Page_KDMC - CMS/input_txtbatchno'

2018-06-10 21:35:55 - [TEST_STEP][PASSED] - Statement - switch (id): Finding Test Object with id 'Object Repository/MOH AND GRN/Page_KDMC - CMS/input_txtmrp'

2018-06-10 21:35:55 - [TEST_STEP][PASSED] - Statement - case 1:: Text 'BA417.0' is set on object 'Object Repository/MOH AND GRN/Page_KDMC - CMS/input_txtbatchno'

2018-06-10 21:35:55 - [TEST_STEP][PASSED] - Statement - return (java.lang.Math.floor((java.lang.Math.random() * ((max - min) + 1))) + min): Text 'BA417.0' is set on object 'Object Repository/MOH AND GRN/Page_KDMC - CMS/input_txtbatchno'

2018-06-10 21:35:55 - [MESSAGE][PASSED] - Text 'BA417.0' is set on object 'Object Repository/MOH AND GRN/Page_KDMC - CMS/input_txtbatchno'

2018-06-10 21:35:55 - [TEST_STEP][PASSED] - rightClick: Object: 'Object Repository/GRN/Page_KDMC - CMS/input_txtexpdate' is right clicked on

2018-06-10 21:35:55 - [MESSAGE][PASSED] - Object: 'Object Repository/GRN/Page_KDMC - CMS/input_txtexpdate' is right clicked on

2018-06-10 21:35:55 - [TEST_STEP][PASSED] - selectOptionByIndex: All options with index in [7] are selected on object 'Object Repository/GRN/Page_KDMC - CMS/select_20182019202020212022202'

2018-06-10 21:35:56 - [MESSAGE][PASSED] - All options with index in [7] are selected on object 'Object Repository/GRN/Page_KDMC - CMS/select_20182019202020212022202'

2018-06-10 21:35:56 - [TEST_STEP][PASSED] - selectOptionByIndex: All options with index in [7] are selected on object 'Object Repository/GRN/Page_KDMC - CMS/select_JanFebMarAprMayJunJulAu'

2018-06-10 21:35:56 - [MESSAGE][PASSED] - All options with index in [7] are selected on object 'Object Repository/GRN/Page_KDMC - CMS/select_JanFebMarAprMayJunJulAu'

2018-06-10 21:35:56 - [TEST_STEP][PASSED] - click: Object: 'Object Repository/MOH AND GRN/Page_KDMC - CMS/a_12' is clicked on

2018-06-10 21:35:56 - [MESSAGE][PASSED] - Object: 'Object Repository/MOH AND GRN/Page_KDMC - CMS/a_12' is clicked on

2018-06-10 21:35:56 - [TEST_STEP][PASSED] - click: Object: 'Object Repository/MOH AND GRN/Page_KDMC - CMS/input_btnadd' is clicked on

2018-06-10 21:35:56 - [MESSAGE][PASSED] - Object: 'Object Repository/MOH AND GRN/Page_KDMC - CMS/input_btnadd' is clicked on

2018-06-10 21:35:56 - [TEST_STEP][PASSED] - Statement - If (s == 10): null

2018-06-10 21:35:56 - [TEST_STEP][PASSED] - Statement - Else: null

2018-06-10 21:35:56 - [TEST_STEP][PASSED] - Statement - (s++): null

2018-06-10 21:35:56 - [TEST_STEP][PASSED] - delay: Delayed 1 second(s)

2018-06-10 21:35:57 - [MESSAGE][PASSED] - Delayed 1 second(s)

2018-06-10 21:35:57 - [TEST_STEP][PASSED] - selectOptionByIndex: All options with index in [38] are selected on object 'Object Repository/MOH AND GRN/Page_KDMC - CMS/select_--Select--Amikacin -500'

2018-06-10 21:35:57 - [MESSAGE][PASSED] - All options with index in [38] are selected on object 'Object Repository/MOH AND GRN/Page_KDMC - CMS/select_--Select--Amikacin -500'

2018-06-10 21:35:57 - [TEST_STEP][PASSED] - setText: Text '5000' is set on object 'Object Repository/MOH AND GRN/Page_KDMC - CMS/input_txtqty'

2018-06-10 21:35:58 - [MESSAGE][PASSED] - Text '5000' is set on object 'Object Repository/MOH AND GRN/Page_KDMC - CMS/input_txtqty'

2018-06-10 21:35:58 - [TEST_STEP][PASSED] - selectOptionByIndex: All options with index in [1] are selected on object 'Object Repository/MOH AND GRN/Page_KDMC - CMS/select_--Select--No Tax0'

2018-06-10 21:35:58 - [MESSAGE][PASSED] - All options with index in [1] are selected on object 'Object Repository/MOH AND GRN/Page_KDMC - CMS/select_--Select--No Tax0'

2018-06-10 21:35:58 - [TEST_STEP][PASSED] - setText: Finding Test Object with id 'Object Repository/MOH AND GRN/Page_KDMC - CMS/input_txtmrp'

2018-06-10 21:35:58 - [TEST_STEP][PASSED] - Statement - switch (id): Finding Test Object with id 'Object Repository/MOH AND GRN/Page_KDMC - CMS/input_txtdeal'

2018-06-10 21:35:58 - [TEST_STEP][PASSED] - Statement - case 4:: Text '38.0' is set on object 'Object Repository/MOH AND GRN/Page_KDMC - CMS/input_txtmrp'

2018-06-10 21:35:58 - [TEST_STEP][PASSED] - Statement - return (java.lang.Math.floor((java.lang.Math.random() * ((max - min) + 1))) + min): Text '38.0' is set on object 'Object Repository/MOH AND GRN/Page_KDMC - CMS/input_txtmrp'

2018-06-10 21:35:58 - [MESSAGE][PASSED] - Text '38.0' is set on object 'Object Repository/MOH AND GRN/Page_KDMC - CMS/input_txtmrp'

2018-06-10 21:35:58 - [TEST_STEP][PASSED] - setText: Finding Test Object with id 'Object Repository/MOH AND GRN/Page_KDMC - CMS/input_txtdeal'

2018-06-10 21:35:58 - [TEST_STEP][PASSED] - Statement - switch (id): Finding Test Object with id 'Object Repository/MOH AND GRN/Page_KDMC - CMS/input_txtbatchno'

2018-06-10 21:35:58 - [TEST_STEP][PASSED] - Statement - case 5:: Text '5.0' is set on object 'Object Repository/MOH AND GRN/Page_KDMC - CMS/input_txtdeal'

2018-06-10 21:35:58 - [TEST_STEP][PASSED] - Statement - return (java.lang.Math.floor((java.lang.Math.random() * ((max - min) + 1))) + min): Text '5.0' is set on object 'Object Repository/MOH AND GRN/Page_KDMC - CMS/input_txtdeal'

2018-06-10 21:35:58 - [MESSAGE][PASSED] - Text '5.0' is set on object 'Object Repository/MOH AND GRN/Page_KDMC - CMS/input_txtdeal'

2018-06-10 21:35:58 - [TEST_STEP][PASSED] - setText: Finding Test Object with id 'Object Repository/MOH AND GRN/Page_KDMC - CMS/input_txtbatchno'

2018-06-10 21:35:58 - [TEST_STEP][PASSED] - Statement - switch (id): Finding Test Object with id 'Object Repository/MOH AND GRN/Page_KDMC - CMS/input_txtmrp'

2018-06-10 21:35:58 - [TEST_STEP][PASSED] - Statement - case 1:: Text 'BA413.0' is set on object 'Object Repository/MOH AND GRN/Page_KDMC - CMS/input_txtbatchno'

2018-06-10 21:35:58 - [TEST_STEP][PASSED] - Statement - return (java.lang.Math.floor((java.lang.Math.random() * ((max - min) + 1))) + min): Text 'BA413.0' is set on object 'Object Repository/MOH AND GRN/Page_KDMC - CMS/input_txtbatchno'

2018-06-10 21:35:58 - [MESSAGE][PASSED] - Text 'BA413.0' is set on object 'Object Repository/MOH AND GRN/Page_KDMC - CMS/input_txtbatchno'

2018-06-10 21:35:58 - [TEST_STEP][PASSED] - rightClick: Object: 'Object Repository/GRN/Page_KDMC - CMS/input_txtexpdate' is right clicked on

2018-06-10 21:35:58 - [MESSAGE][PASSED] - Object: 'Object Repository/GRN/Page_KDMC - CMS/input_txtexpdate' is right clicked on

2018-06-10 21:35:58 - [TEST_STEP][PASSED] - selectOptionByIndex: All options with index in [8] are selected on object 'Object Repository/GRN/Page_KDMC - CMS/select_20182019202020212022202'

2018-06-10 21:35:58 - [MESSAGE][PASSED] - All options with index in [8] are selected on object 'Object Repository/GRN/Page_KDMC - CMS/select_20182019202020212022202'

2018-06-10 21:35:58 - [TEST_STEP][PASSED] - selectOptionByIndex: All options with index in [8] are selected on object 'Object Repository/GRN/Page_KDMC - CMS/select_JanFebMarAprMayJunJulAu'

2018-06-10 21:35:59 - [MESSAGE][PASSED] - All options with index in [8] are selected on object 'Object Repository/GRN/Page_KDMC - CMS/select_JanFebMarAprMayJunJulAu'

2018-06-10 21:35:59 - [TEST_STEP][PASSED] - click: Object: 'Object Repository/MOH AND GRN/Page_KDMC - CMS/a_12' is clicked on

2018-06-10 21:35:59 - [MESSAGE][PASSED] - Object: 'Object Repository/MOH AND GRN/Page_KDMC - CMS/a_12' is clicked on

2018-06-10 21:35:59 - [TEST_STEP][PASSED] - click: Object: 'Object Repository/MOH AND GRN/Page_KDMC - CMS/input_btnadd' is clicked on

2018-06-10 21:35:59 - [MESSAGE][PASSED] - Object: 'Object Repository/MOH AND GRN/Page_KDMC - CMS/input_btnadd' is clicked on

2018-06-10 21:35:59 - [TEST_STEP][PASSED] - Statement - If (s == 10): null

2018-06-10 21:35:59 - [TEST_STEP][PASSED] - Statement - Else: null

2018-06-10 21:35:59 - [TEST_STEP][PASSED] - Statement - (s++): null

2018-06-10 21:35:59 - [TEST_STEP][PASSED] - delay: Delayed 1 second(s)

2018-06-10 21:36:00 - [MESSAGE][PASSED] - Delayed 1 second(s)

2018-06-10 21:36:00 - [TEST_STEP][PASSED] - selectOptionByIndex: All options with index in [39] are selected on object 'Object Repository/MOH AND GRN/Page_KDMC - CMS/select_--Select--Amikacin -500'

2018-06-10 21:36:00 - [MESSAGE][PASSED] - All options with index in [39] are selected on object 'Object Repository/MOH AND GRN/Page_KDMC - CMS/select_--Select--Amikacin -500'

2018-06-10 21:36:00 - [TEST_STEP][PASSED] - setText: Text '5000' is set on object 'Object Repository/MOH AND GRN/Page_KDMC - CMS/input_txtqty'

2018-06-10 21:36:00 - [MESSAGE][PASSED] - Text '5000' is set on object 'Object Repository/MOH AND GRN/Page_KDMC - CMS/input_txtqty'

2018-06-10 21:36:00 - [TEST_STEP][PASSED] - selectOptionByIndex: All options with index in [1] are selected on object 'Object Repository/MOH AND GRN/Page_KDMC - CMS/select_--Select--No Tax0'

2018-06-10 21:36:00 - [MESSAGE][PASSED] - All options with index in [1] are selected on object 'Object Repository/MOH AND GRN/Page_KDMC - CMS/select_--Select--No Tax0'

2018-06-10 21:36:00 - [TEST_STEP][PASSED] - setText: Finding Test Object with id 'Object Repository/MOH AND GRN/Page_KDMC - CMS/input_txtmrp'

2018-06-10 21:36:00 - [TEST_STEP][PASSED] - Statement - switch (id): Finding Test Object with id 'Object Repository/MOH AND GRN/Page_KDMC - CMS/input_txtdeal'

2018-06-10 21:36:01 - [TEST_STEP][PASSED] - Statement - case 4:: Text '34.0' is set on object 'Object Repository/MOH AND GRN/Page_KDMC - CMS/input_txtmrp'

2018-06-10 21:36:01 - [TEST_STEP][PASSED] - Statement - return (java.lang.Math.floor((java.lang.Math.random() * ((max - min) + 1))) + min): Text '34.0' is set on object 'Object Repository/MOH AND GRN/Page_KDMC - CMS/input_txtmrp'

2018-06-10 21:36:01 - [MESSAGE][PASSED] - Text '34.0' is set on object 'Object Repository/MOH AND GRN/Page_KDMC - CMS/input_txtmrp'

2018-06-10 21:36:01 - [TEST_STEP][PASSED] - setText: Finding Test Object with id 'Object Repository/MOH AND GRN/Page_KDMC - CMS/input_txtdeal'

2018-06-10 21:36:01 - [TEST_STEP][PASSED] - Statement - switch (id): Finding Test Object with id 'Object Repository/MOH AND GRN/Page_KDMC - CMS/input_txtbatchno'

2018-06-10 21:36:01 - [TEST_STEP][PASSED] - Statement - case 5:: Text '7.0' is set on object 'Object Repository/MOH AND GRN/Page_KDMC - CMS/input_txtdeal'

2018-06-10 21:36:01 - [TEST_STEP][PASSED] - Statement - return (java.lang.Math.floor((java.lang.Math.random() * ((max - min) + 1))) + min): Text '7.0' is set on object 'Object Repository/MOH AND GRN/Page_KDMC - CMS/input_txtdeal'

2018-06-10 21:36:01 - [MESSAGE][PASSED] - Text '7.0' is set on object 'Object Repository/MOH AND GRN/Page_KDMC - CMS/input_txtdeal'

2018-06-10 21:36:01 - [TEST_STEP][PASSED] - setText: Finding Test Object with id 'Object Repository/MOH AND GRN/Page_KDMC - CMS/input_txtbatchno'

2018-06-10 21:36:01 - [TEST_STEP][PASSED] - Statement - switch (id): Finding Test Object with id 'Object Repository/MOH AND GRN/Page_KDMC - CMS/input_txtmrp'

2018-06-10 21:36:01 - [TEST_STEP][PASSED] - Statement - case 1:: Text 'BA176.0' is set on object 'Object Repository/MOH AND GRN/Page_KDMC - CMS/input_txtbatchno'

2018-06-10 21:36:01 - [TEST_STEP][PASSED] - Statement - return (java.lang.Math.floor((java.lang.Math.random() * ((max - min) + 1))) + min): Text 'BA176.0' is set on object 'Object Repository/MOH AND GRN/Page_KDMC - CMS/input_txtbatchno'

2018-06-10 21:36:01 - [MESSAGE][PASSED] - Text 'BA176.0' is set on object 'Object Repository/MOH AND GRN/Page_KDMC - CMS/input_txtbatchno'

2018-06-10 21:36:01 - [TEST_STEP][PASSED] - rightClick: Object: 'Object Repository/GRN/Page_KDMC - CMS/input_txtexpdate' is right clicked on

2018-06-10 21:36:01 - [MESSAGE][PASSED] - Object: 'Object Repository/GRN/Page_KDMC - CMS/input_txtexpdate' is right clicked on

2018-06-10 21:36:01 - [TEST_STEP][PASSED] - selectOptionByIndex: All options with index in [9] are selected on object 'Object Repository/GRN/Page_KDMC - CMS/select_20182019202020212022202'

2018-06-10 21:36:01 - [MESSAGE][PASSED] - All options with index in [9] are selected on object 'Object Repository/GRN/Page_KDMC - CMS/select_20182019202020212022202'

2018-06-10 21:36:01 - [TEST_STEP][PASSED] - selectOptionByIndex: All options with index in [9] are selected on object 'Object Repository/GRN/Page_KDMC - CMS/select_JanFebMarAprMayJunJulAu'

2018-06-10 21:36:01 - [MESSAGE][PASSED] - All options with index in [9] are selected on object 'Object Repository/GRN/Page_KDMC - CMS/select_JanFebMarAprMayJunJulAu'

2018-06-10 21:36:01 - [TEST_STEP][PASSED] - click: Object: 'Object Repository/MOH AND GRN/Page_KDMC - CMS/a_12' is clicked on

2018-06-10 21:36:01 - [MESSAGE][PASSED] - Object: 'Object Repository/MOH AND GRN/Page_KDMC - CMS/a_12' is clicked on

2018-06-10 21:36:01 - [TEST_STEP][PASSED] - click: Object: 'Object Repository/MOH AND GRN/Page_KDMC - CMS/input_btnadd' is clicked on

2018-06-10 21:36:02 - [MESSAGE][PASSED] - Object: 'Object Repository/MOH AND GRN/Page_KDMC - CMS/input_btnadd' is clicked on

2018-06-10 21:36:02 - [TEST_STEP][PASSED] - Statement - If (s == 10): null

2018-06-10 21:36:02 - [TEST_STEP][PASSED] - Statement - Else: null

2018-06-10 21:36:02 - [TEST_STEP][PASSED] - Statement - (s++): null

2018-06-10 21:36:02 - [TEST_STEP][PASSED] - delay: Delayed 1 second(s)

2018-06-10 21:36:03 - [MESSAGE][PASSED] - Delayed 1 second(s)

2018-06-10 21:36:03 - [TEST_STEP][PASSED] - selectOptionByIndex: All options with index in [40] are selected on object 'Object Repository/MOH AND GRN/Page_KDMC - CMS/select_--Select--Amikacin -500'

2018-06-10 21:36:03 - [MESSAGE][PASSED] - All options with index in [40] are selected on object 'Object Repository/MOH AND GRN/Page_KDMC - CMS/select_--Select--Amikacin -500'

2018-06-10 21:36:03 - [TEST_STEP][PASSED] - setText: Text '5000' is set on object 'Object Repository/MOH AND GRN/Page_KDMC - CMS/input_txtqty'

2018-06-10 21:36:03 - [MESSAGE][PASSED] - Text '5000' is set on object 'Object Repository/MOH AND GRN/Page_KDMC - CMS/input_txtqty'

2018-06-10 21:36:03 - [TEST_STEP][PASSED] - selectOptionByIndex: All options with index in [1] are selected on object 'Object Repository/MOH AND GRN/Page_KDMC - CMS/select_--Select--No Tax0'

2018-06-10 21:36:03 - [MESSAGE][PASSED] - All options with index in [1] are selected on object 'Object Repository/MOH AND GRN/Page_KDMC - CMS/select_--Select--No Tax0'

2018-06-10 21:36:03 - [TEST_STEP][PASSED] - setText: Finding Test Object with id 'Object Repository/MOH AND GRN/Page_KDMC - CMS/input_txtmrp'

2018-06-10 21:36:03 - [TEST_STEP][PASSED] - Statement - switch (id): Finding Test Object with id 'Object Repository/MOH AND GRN/Page_KDMC - CMS/input_txtdeal'

2018-06-10 21:36:03 - [TEST_STEP][PASSED] - Statement - case 4:: Text '27.0' is set on object 'Object Repository/MOH AND GRN/Page_KDMC - CMS/input_txtmrp'

2018-06-10 21:36:03 - [TEST_STEP][PASSED] - Statement - return (java.lang.Math.floor((java.lang.Math.random() * ((max - min) + 1))) + min): Text '27.0' is set on object 'Object Repository/MOH AND GRN/Page_KDMC - CMS/input_txtmrp'

2018-06-10 21:36:03 - [MESSAGE][PASSED] - Text '27.0' is set on object 'Object Repository/MOH AND GRN/Page_KDMC - CMS/input_txtmrp'

2018-06-10 21:36:03 - [TEST_STEP][PASSED] - setText: Finding Test Object with id 'Object Repository/MOH AND GRN/Page_KDMC - CMS/input_txtdeal'

2018-06-10 21:36:03 - [TEST_STEP][PASSED] - Statement - switch (id): Finding Test Object with id 'Object Repository/MOH AND GRN/Page_KDMC - CMS/input_txtbatchno'

2018-06-10 21:36:03 - [TEST_STEP][PASSED] - Statement - case 5:: Text '7.0' is set on object 'Object Repository/MOH AND GRN/Page_KDMC - CMS/input_txtdeal'

2018-06-10 21:36:03 - [TEST_STEP][PASSED] - Statement - return (java.lang.Math.floor((java.lang.Math.random() * ((max - min) + 1))) + min): Text '7.0' is set on object 'Object Repository/MOH AND GRN/Page_KDMC - CMS/input_txtdeal'

2018-06-10 21:36:04 - [MESSAGE][PASSED] - Text '7.0' is set on object 'Object Repository/MOH AND GRN/Page_KDMC - CMS/input_txtdeal'

2018-06-10 21:36:04 - [TEST_STEP][PASSED] - setText: Finding Test Object with id 'Object Repository/MOH AND GRN/Page_KDMC - CMS/input_txtbatchno'

2018-06-10 21:36:04 - [TEST_STEP][PASSED] - Statement - switch (id): Finding Test Object with id 'Object Repository/MOH AND GRN/Page_KDMC - CMS/input_txtmrp'

2018-06-10 21:36:04 - [TEST_STEP][PASSED] - Statement - case 1:: Text 'BA246.0' is set on object 'Object Repository/MOH AND GRN/Page_KDMC - CMS/input_txtbatchno'

2018-06-10 21:36:04 - [TEST_STEP][PASSED] - Statement - return (java.lang.Math.floor((java.lang.Math.random() * ((max - min) + 1))) + min): Text 'BA246.0' is set on object 'Object Repository/MOH AND GRN/Page_KDMC - CMS/input_txtbatchno'

2018-06-10 21:36:04 - [MESSAGE][PASSED] - Text 'BA246.0' is set on object 'Object Repository/MOH AND GRN/Page_KDMC - CMS/input_txtbatchno'

2018-06-10 21:36:04 - [TEST_STEP][PASSED] - rightClick: Object: 'Object Repository/GRN/Page_KDMC - CMS/input_txtexpdate' is right clicked on

2018-06-10 21:36:04 - [MESSAGE][PASSED] - Object: 'Object Repository/GRN/Page_KDMC - CMS/input_txtexpdate' is right clicked on

2018-06-10 21:36:04 - [TEST_STEP][PASSED] - selectOptionByIndex: All options with index in [10] are selected on object 'Object Repository/GRN/Page_KDMC - CMS/select_20182019202020212022202'

2018-06-10 21:36:04 - [MESSAGE][PASSED] - All options with index in [10] are selected on object 'Object Repository/GRN/Page_KDMC - CMS/select_20182019202020212022202'

2018-06-10 21:36:04 - [TEST_STEP][PASSED] - selectOptionByIndex: All options with index in [10] are selected on object 'Object Repository/GRN/Page_KDMC - CMS/select_JanFebMarAprMayJunJulAu'

2018-06-10 21:36:04 - [MESSAGE][PASSED] - All options with index in [10] are selected on object 'Object Repository/GRN/Page_KDMC - CMS/select_JanFebMarAprMayJunJulAu'

2018-06-10 21:36:04 - [TEST_STEP][PASSED] - click: Object: 'Object Repository/MOH AND GRN/Page_KDMC - CMS/a_12' is clicked on

2018-06-10 21:36:04 - [MESSAGE][PASSED] - Object: 'Object Repository/MOH AND GRN/Page_KDMC - CMS/a_12' is clicked on

2018-06-10 21:36:04 - [TEST_STEP][PASSED] - click: Object: 'Object Repository/MOH AND GRN/Page_KDMC - CMS/input_btnadd' is clicked on

2018-06-10 21:36:04 - [MESSAGE][PASSED] - Object: 'Object Repository/MOH AND GRN/Page_KDMC - CMS/input_btnadd' is clicked on

2018-06-10 21:36:04 - [TEST_STEP][PASSED] - Statement - If (s == 10): null

2018-06-10 21:36:04 - [TEST_STEP][PASSED] - Statement - s = 1: null

2018-06-10 21:36:04 - [TEST_STEP][PASSED] - delay: Delayed 1 second(s)

2018-06-10 21:36:05 - [MESSAGE][PASSED] - Delayed 1 second(s)

2018-06-10 21:36:05 - [TEST_STEP][PASSED] - selectOptionByIndex: All options with index in [41] are selected on object 'Object Repository/MOH AND GRN/Page_KDMC - CMS/select_--Select--Amikacin -500'

2018-06-10 21:36:06 - [MESSAGE][PASSED] - All options with index in [41] are selected on object 'Object Repository/MOH AND GRN/Page_KDMC - CMS/select_--Select--Amikacin -500'

2018-06-10 21:36:06 - [TEST_STEP][PASSED] - setText: Text '5000' is set on object 'Object Repository/MOH AND GRN/Page_KDMC - CMS/input_txtqty'

2018-06-10 21:36:06 - [MESSAGE][PASSED] - Text '5000' is set on object 'Object Repository/MOH AND GRN/Page_KDMC - CMS/input_txtqty'

2018-06-10 21:36:06 - [TEST_STEP][PASSED] - selectOptionByIndex: All options with index in [1] are selected on object 'Object Repository/MOH AND GRN/Page_KDMC - CMS/select_--Select--No Tax0'

2018-06-10 21:36:06 - [MESSAGE][PASSED] - All options with index in [1] are selected on object 'Object Repository/MOH AND GRN/Page_KDMC - CMS/select_--Select--No Tax0'

2018-06-10 21:36:06 - [TEST_STEP][PASSED] - setText: Finding Test Object with id 'Object Repository/MOH AND GRN/Page_KDMC - CMS/input_txtmrp'

2018-06-10 21:36:06 - [TEST_STEP][PASSED] - Statement - switch (id): Finding Test Object with id 'Object Repository/MOH AND GRN/Page_KDMC - CMS/input_txtdeal'

2018-06-10 21:36:06 - [TEST_STEP][PASSED] - Statement - case 4:: Text '43.0' is set on object 'Object Repository/MOH AND GRN/Page_KDMC - CMS/input_txtmrp'

2018-06-10 21:36:06 - [TEST_STEP][PASSED] - Statement - return (java.lang.Math.floor((java.lang.Math.random() * ((max - min) + 1))) + min): Text '43.0' is set on object 'Object Repository/MOH AND GRN/Page_KDMC - CMS/input_txtmrp'

2018-06-10 21:36:06 - [MESSAGE][PASSED] - Text '43.0' is set on object 'Object Repository/MOH AND GRN/Page_KDMC - CMS/input_txtmrp'

2018-06-10 21:36:06 - [TEST_STEP][PASSED] - setText: Finding Test Object with id 'Object Repository/MOH AND GRN/Page_KDMC - CMS/input_txtdeal'

2018-06-10 21:36:06 - [TEST_STEP][PASSED] - Statement - switch (id): Finding Test Object with id 'Object Repository/MOH AND GRN/Page_KDMC - CMS/input_txtbatchno'

2018-06-10 21:36:06 - [TEST_STEP][PASSED] - Statement - case 5:: Text '2.0' is set on object 'Object Repository/MOH AND GRN/Page_KDMC - CMS/input_txtdeal'

2018-06-10 21:36:06 - [TEST_STEP][PASSED] - Statement - return (java.lang.Math.floor((java.lang.Math.random() * ((max - min) + 1))) + min): Text '2.0' is set on object 'Object Repository/MOH AND GRN/Page_KDMC - CMS/input_txtdeal'

2018-06-10 21:36:07 - [MESSAGE][PASSED] - Text '2.0' is set on object 'Object Repository/MOH AND GRN/Page_KDMC - CMS/input_txtdeal'

2018-06-10 21:36:07 - [TEST_STEP][PASSED] - setText: Finding Test Object with id 'Object Repository/MOH AND GRN/Page_KDMC - CMS/input_txtbatchno'

2018-06-10 21:36:07 - [TEST_STEP][PASSED] - Statement - switch (id): Finding Test Object with id 'Object Repository/MOH AND GRN/Page_KDMC - CMS/input_txtmrp'

2018-06-10 21:36:07 - [TEST_STEP][PASSED] - Statement - case 1:: Text 'BA114.0' is set on object 'Object Repository/MOH AND GRN/Page_KDMC - CMS/input_txtbatchno'

2018-06-10 21:36:07 - [TEST_STEP][PASSED] - Statement - return (java.lang.Math.floor((java.lang.Math.random() * ((max - min) + 1))) + min): Text 'BA114.0' is set on object 'Object Repository/MOH AND GRN/Page_KDMC - CMS/input_txtbatchno'

2018-06-10 21:36:07 - [MESSAGE][PASSED] - Text 'BA114.0' is set on object 'Object Repository/MOH AND GRN/Page_KDMC - CMS/input_txtbatchno'

2018-06-10 21:36:07 - [TEST_STEP][PASSED] - rightClick: Object: 'Object Repository/GRN/Page_KDMC - CMS/input_txtexpdate' is right clicked on

2018-06-10 21:36:07 - [MESSAGE][PASSED] - Object: 'Object Repository/GRN/Page_KDMC - CMS/input_txtexpdate' is right clicked on

2018-06-10 21:36:07 - [TEST_STEP][PASSED] - selectOptionByIndex: All options with index in [1] are selected on object 'Object Repository/GRN/Page_KDMC - CMS/select_20182019202020212022202'

2018-06-10 21:36:07 - [MESSAGE][PASSED] - All options with index in [1] are selected on object 'Object Repository/GRN/Page_KDMC - CMS/select_20182019202020212022202'

2018-06-10 21:36:07 - [TEST_STEP][PASSED] - selectOptionByIndex: All options with index in [1] are selected on object 'Object Repository/GRN/Page_KDMC - CMS/select_JanFebMarAprMayJunJulAu'

2018-06-10 21:36:07 - [MESSAGE][PASSED] - All options with index in [1] are selected on object 'Object Repository/GRN/Page_KDMC - CMS/select_JanFebMarAprMayJunJulAu'

2018-06-10 21:36:07 - [TEST_STEP][PASSED] - click: Object: 'Object Repository/MOH AND GRN/Page_KDMC - CMS/a_12' is clicked on

2018-06-10 21:36:07 - [MESSAGE][PASSED] - Object: 'Object Repository/MOH AND GRN/Page_KDMC - CMS/a_12' is clicked on

2018-06-10 21:36:07 - [TEST_STEP][PASSED] - click: Object: 'Object Repository/MOH AND GRN/Page_KDMC - CMS/input_btnadd' is clicked on

2018-06-10 21:36:07 - [MESSAGE][PASSED] - Object: 'Object Repository/MOH AND GRN/Page_KDMC - CMS/input_btnadd' is clicked on

2018-06-10 21:36:07 - [TEST_STEP][PASSED] - Statement - If (s == 10): null

2018-06-10 21:36:07 - [TEST_STEP][PASSED] - Statement - Else: null

2018-06-10 21:36:07 - [TEST_STEP][PASSED] - Statement - (s++): null

2018-06-10 21:36:07 - [TEST_STEP][PASSED] - delay: Delayed 1 second(s)

2018-06-10 21:36:08 - [MESSAGE][PASSED] - Delayed 1 second(s)

2018-06-10 21:36:08 - [TEST_STEP][PASSED] - selectOptionByIndex: All options with index in [42] are selected on object 'Object Repository/MOH AND GRN/Page_KDMC - CMS/select_--Select--Amikacin -500'

2018-06-10 21:36:09 - [MESSAGE][PASSED] - All options with index in [42] are selected on object 'Object Repository/MOH AND GRN/Page_KDMC - CMS/select_--Select--Amikacin -500'

2018-06-10 21:36:09 - [TEST_STEP][PASSED] - setText: Text '5000' is set on object 'Object Repository/MOH AND GRN/Page_KDMC - CMS/input_txtqty'

2018-06-10 21:36:09 - [MESSAGE][PASSED] - Text '5000' is set on object 'Object Repository/MOH AND GRN/Page_KDMC - CMS/input_txtqty'

2018-06-10 21:36:09 - [TEST_STEP][PASSED] - selectOptionByIndex: All options with index in [1] are selected on object 'Object Repository/MOH AND GRN/Page_KDMC - CMS/select_--Select--No Tax0'

2018-06-10 21:36:09 - [MESSAGE][PASSED] - All options with index in [1] are selected on object 'Object Repository/MOH AND GRN/Page_KDMC - CMS/select_--Select--No Tax0'

2018-06-10 21:36:09 - [TEST_STEP][PASSED] - setText: Finding Test Object with id 'Object Repository/MOH AND GRN/Page_KDMC - CMS/input_txtmrp'

2018-06-10 21:36:09 - [TEST_STEP][PASSED] - Statement - switch (id): Finding Test Object with id 'Object Repository/MOH AND GRN/Page_KDMC - CMS/input_txtdeal'

2018-06-10 21:36:09 - [TEST_STEP][PASSED] - Statement - case 4:: Text '41.0' is set on object 'Object Repository/MOH AND GRN/Page_KDMC - CMS/input_txtmrp'

2018-06-10 21:36:09 - [TEST_STEP][PASSED] - Statement - return (java.lang.Math.floor((java.lang.Math.random() * ((max - min) + 1))) + min): Text '41.0' is set on object 'Object Repository/MOH AND GRN/Page_KDMC - CMS/input_txtmrp'

2018-06-10 21:36:09 - [MESSAGE][PASSED] - Text '41.0' is set on object 'Object Repository/MOH AND GRN/Page_KDMC - CMS/input_txtmrp'

2018-06-10 21:36:09 - [TEST_STEP][PASSED] - setText: Finding Test Object with id 'Object Repository/MOH AND GRN/Page_KDMC - CMS/input_txtdeal'

2018-06-10 21:36:09 - [TEST_STEP][PASSED] - Statement - switch (id): Finding Test Object with id 'Object Repository/MOH AND GRN/Page_KDMC - CMS/input_txtbatchno'

2018-06-10 21:36:09 - [TEST_STEP][PASSED] - Statement - case 5:: Text '6.0' is set on object 'Object Repository/MOH AND GRN/Page_KDMC - CMS/input_txtdeal'

2018-06-10 21:36:09 - [TEST_STEP][PASSED] - Statement - return (java.lang.Math.floor((java.lang.Math.random() * ((max - min) + 1))) + min): Text '6.0' is set on object 'Object Repository/MOH AND GRN/Page_KDMC - CMS/input_txtdeal'

2018-06-10 21:36:09 - [MESSAGE][PASSED] - Text '6.0' is set on object 'Object Repository/MOH AND GRN/Page_KDMC - CMS/input_txtdeal'

2018-06-10 21:36:09 - [TEST_STEP][PASSED] - setText: Finding Test Object with id 'Object Repository/MOH AND GRN/Page_KDMC - CMS/input_txtbatchno'

2018-06-10 21:36:09 - [TEST_STEP][PASSED] - Statement - switch (id): Finding Test Object with id 'Object Repository/MOH AND GRN/Page_KDMC - CMS/input_txtmrp'

2018-06-10 21:36:09 - [TEST_STEP][PASSED] - Statement - case 1:: Text 'BA14.0' is set on object 'Object Repository/MOH AND GRN/Page_KDMC - CMS/input_txtbatchno'

2018-06-10 21:36:09 - [TEST_STEP][PASSED] - Statement - return (java.lang.Math.floor((java.lang.Math.random() * ((max - min) + 1))) + min): Text 'BA14.0' is set on object 'Object Repository/MOH AND GRN/Page_KDMC - CMS/input_txtbatchno'

2018-06-10 21:36:09 - [MESSAGE][PASSED] - Text 'BA14.0' is set on object 'Object Repository/MOH AND GRN/Page_KDMC - CMS/input_txtbatchno'

2018-06-10 21:36:09 - [TEST_STEP][PASSED] - rightClick: Object: 'Object Repository/GRN/Page_KDMC - CMS/input_txtexpdate' is right clicked on

2018-06-10 21:36:09 - [MESSAGE][PASSED] - Object: 'Object Repository/GRN/Page_KDMC - CMS/input_txtexpdate' is right clicked on

2018-06-10 21:36:09 - [TEST_STEP][PASSED] - selectOptionByIndex: All options with index in [2] are selected on object 'Object Repository/GRN/Page_KDMC - CMS/select_20182019202020212022202'

2018-06-10 21:36:10 - [MESSAGE][PASSED] - All options with index in [2] are selected on object 'Object Repository/GRN/Page_KDMC - CMS/select_20182019202020212022202'

2018-06-10 21:36:10 - [TEST_STEP][PASSED] - selectOptionByIndex: All options with index in [2] are selected on object 'Object Repository/GRN/Page_KDMC - CMS/select_JanFebMarAprMayJunJulAu'

2018-06-10 21:36:10 - [MESSAGE][PASSED] - All options with index in [2] are selected on object 'Object Repository/GRN/Page_KDMC - CMS/select_JanFebMarAprMayJunJulAu'

2018-06-10 21:36:10 - [TEST_STEP][PASSED] - click: Object: 'Object Repository/MOH AND GRN/Page_KDMC - CMS/a_12' is clicked on

2018-06-10 21:36:10 - [MESSAGE][PASSED] - Object: 'Object Repository/MOH AND GRN/Page_KDMC - CMS/a_12' is clicked on

2018-06-10 21:36:10 - [TEST_STEP][PASSED] - click: Object: 'Object Repository/MOH AND GRN/Page_KDMC - CMS/input_btnadd' is clicked on

2018-06-10 21:36:10 - [MESSAGE][PASSED] - Object: 'Object Repository/MOH AND GRN/Page_KDMC - CMS/input_btnadd' is clicked on

2018-06-10 21:36:10 - [TEST_STEP][PASSED] - Statement - If (s == 10): null

2018-06-10 21:36:10 - [TEST_STEP][PASSED] - Statement - Else: null

2018-06-10 21:36:10 - [TEST_STEP][PASSED] - Statement - (s++): null

2018-06-10 21:36:10 - [TEST_STEP][PASSED] - delay: Delayed 1 second(s)

2018-06-10 21:36:11 - [MESSAGE][PASSED] - Delayed 1 second(s)

2018-06-10 21:36:11 - [TEST_STEP][PASSED] - selectOptionByIndex: All options with index in [43] are selected on object 'Object Repository/MOH AND GRN/Page_KDMC - CMS/select_--Select--Amikacin -500'

2018-06-10 21:36:12 - [MESSAGE][PASSED] - All options with index in [43] are selected on object 'Object Repository/MOH AND GRN/Page_KDMC - CMS/select_--Select--Amikacin -500'

2018-06-10 21:36:12 - [TEST_STEP][PASSED] - setText: Text '5000' is set on object 'Object Repository/MOH AND GRN/Page_KDMC - CMS/input_txtqty'

2018-06-10 21:36:12 - [MESSAGE][PASSED] - Text '5000' is set on object 'Object Repository/MOH AND GRN/Page_KDMC - CMS/input_txtqty'

2018-06-10 21:36:12 - [TEST_STEP][PASSED] - selectOptionByIndex: All options with index in [1] are selected on object 'Object Repository/MOH AND GRN/Page_KDMC - CMS/select_--Select--No Tax0'

2018-06-10 21:36:12 - [MESSAGE][PASSED] - All options with index in [1] are selected on object 'Object Repository/MOH AND GRN/Page_KDMC - CMS/select_--Select--No Tax0'

2018-06-10 21:36:12 - [TEST_STEP][PASSED] - setText: Finding Test Object with id 'Object Repository/MOH AND GRN/Page_KDMC - CMS/input_txtmrp'

2018-06-10 21:36:12 - [TEST_STEP][PASSED] - Statement - switch (id): Finding Test Object with id 'Object Repository/MOH AND GRN/Page_KDMC - CMS/input_txtdeal'

2018-06-10 21:36:12 - [TEST_STEP][PASSED] - Statement - case 4:: Text '27.0' is set on object 'Object Repository/MOH AND GRN/Page_KDMC - CMS/input_txtmrp'

2018-06-10 21:36:12 - [TEST_STEP][PASSED] - Statement - return (java.lang.Math.floor((java.lang.Math.random() * ((max - min) + 1))) + min): Text '27.0' is set on object 'Object Repository/MOH AND GRN/Page_KDMC - CMS/input_txtmrp'

2018-06-10 21:36:12 - [MESSAGE][PASSED] - Text '27.0' is set on object 'Object Repository/MOH AND GRN/Page_KDMC - CMS/input_txtmrp'

2018-06-10 21:36:12 - [TEST_STEP][PASSED] - setText: Finding Test Object with id 'Object Repository/MOH AND GRN/Page_KDMC - CMS/input_txtdeal'

2018-06-10 21:36:12 - [TEST_STEP][PASSED] - Statement - switch (id): Finding Test Object with id 'Object Repository/MOH AND GRN/Page_KDMC - CMS/input_txtbatchno'

2018-06-10 21:36:12 - [TEST_STEP][PASSED] - Statement - case 5:: Text '9.0' is set on object 'Object Repository/MOH AND GRN/Page_KDMC - CMS/input_txtdeal'

2018-06-10 21:36:12 - [TEST_STEP][PASSED] - Statement - return (java.lang.Math.floor((java.lang.Math.random() * ((max - min) + 1))) + min): Text '9.0' is set on object 'Object Repository/MOH AND GRN/Page_KDMC - CMS/input_txtdeal'

2018-06-10 21:36:12 - [MESSAGE][PASSED] - Text '9.0' is set on object 'Object Repository/MOH AND GRN/Page_KDMC - CMS/input_txtdeal'

2018-06-10 21:36:12 - [TEST_STEP][PASSED] - setText: Finding Test Object with id 'Object Repository/MOH AND GRN/Page_KDMC - CMS/input_txtbatchno'

2018-06-10 21:36:12 - [TEST_STEP][PASSED] - Statement - switch (id): Finding Test Object with id 'Object Repository/MOH AND GRN/Page_KDMC - CMS/input_txtmrp'

2018-06-10 21:36:12 - [TEST_STEP][PASSED] - Statement - case 1:: Text 'BA770.0' is set on object 'Object Repository/MOH AND GRN/Page_KDMC - CMS/input_txtbatchno'

2018-06-10 21:36:12 - [TEST_STEP][PASSED] - Statement - return (java.lang.Math.floor((java.lang.Math.random() * ((max - min) + 1))) + min): Text 'BA770.0' is set on object 'Object Repository/MOH AND GRN/Page_KDMC - CMS/input_txtbatchno'

2018-06-10 21:36:12 - [MESSAGE][PASSED] - Text 'BA770.0' is set on object 'Object Repository/MOH AND GRN/Page_KDMC - CMS/input_txtbatchno'

2018-06-10 21:36:12 - [TEST_STEP][PASSED] - rightClick: Object: 'Object Repository/GRN/Page_KDMC - CMS/input_txtexpdate' is right clicked on

2018-06-10 21:36:12 - [MESSAGE][PASSED] - Object: 'Object Repository/GRN/Page_KDMC - CMS/input_txtexpdate' is right clicked on

2018-06-10 21:36:12 - [TEST_STEP][PASSED] - selectOptionByIndex: All options with index in [3] are selected on object 'Object Repository/GRN/Page_KDMC - CMS/select_20182019202020212022202'

2018-06-10 21:36:12 - [MESSAGE][PASSED] - All options with index in [3] are selected on object 'Object Repository/GRN/Page_KDMC - CMS/select_20182019202020212022202'

2018-06-10 21:36:12 - [TEST_STEP][PASSED] - selectOptionByIndex: All options with index in [3] are selected on object 'Object Repository/GRN/Page_KDMC - CMS/select_JanFebMarAprMayJunJulAu'

2018-06-10 21:36:13 - [MESSAGE][PASSED] - All options with index in [3] are selected on object 'Object Repository/GRN/Page_KDMC - CMS/select_JanFebMarAprMayJunJulAu'

2018-06-10 21:36:13 - [TEST_STEP][PASSED] - click: Object: 'Object Repository/MOH AND GRN/Page_KDMC - CMS/a_12' is clicked on

2018-06-10 21:36:13 - [MESSAGE][PASSED] - Object: 'Object Repository/MOH AND GRN/Page_KDMC - CMS/a_12' is clicked on

2018-06-10 21:36:13 - [TEST_STEP][PASSED] - click: Object: 'Object Repository/MOH AND GRN/Page_KDMC - CMS/input_btnadd' is clicked on

2018-06-10 21:36:13 - [MESSAGE][PASSED] - Object: 'Object Repository/MOH AND GRN/Page_KDMC - CMS/input_btnadd' is clicked on

2018-06-10 21:36:13 - [TEST_STEP][PASSED] - Statement - If (s == 10): null

2018-06-10 21:36:13 - [TEST_STEP][PASSED] - Statement - Else: null

2018-06-10 21:36:13 - [TEST_STEP][PASSED] - Statement - (s++): null

2018-06-10 21:36:13 - [TEST_STEP][PASSED] - delay: Delayed 1 second(s)

2018-06-10 21:36:14 - [MESSAGE][PASSED] - Delayed 1 second(s)

2018-06-10 21:36:14 - [TEST_STEP][PASSED] - selectOptionByIndex: All options with index in [44] are selected on object 'Object Repository/MOH AND GRN/Page_KDMC - CMS/select_--Select--Amikacin -500'

2018-06-10 21:36:14 - [MESSAGE][PASSED] - All options with index in [44] are selected on object 'Object Repository/MOH AND GRN/Page_KDMC - CMS/select_--Select--Amikacin -500'

2018-06-10 21:36:14 - [TEST_STEP][PASSED] - setText: Text '5000' is set on object 'Object Repository/MOH AND GRN/Page_KDMC - CMS/input_txtqty'

2018-06-10 21:36:14 - [MESSAGE][PASSED] - Text '5000' is set on object 'Object Repository/MOH AND GRN/Page_KDMC - CMS/input_txtqty'

2018-06-10 21:36:14 - [TEST_STEP][PASSED] - selectOptionByIndex: All options with index in [1] are selected on object 'Object Repository/MOH AND GRN/Page_KDMC - CMS/select_--Select--No Tax0'

2018-06-10 21:36:15 - [MESSAGE][PASSED] - All options with index in [1] are selected on object 'Object Repository/MOH AND GRN/Page_KDMC - CMS/select_--Select--No Tax0'

2018-06-10 21:36:15 - [TEST_STEP][PASSED] - setText: Finding Test Object with id 'Object Repository/MOH AND GRN/Page_KDMC - CMS/input_txtmrp'

2018-06-10 21:36:15 - [TEST_STEP][PASSED] - Statement - switch (id): Finding Test Object with id 'Object Repository/MOH AND GRN/Page_KDMC - CMS/input_txtdeal'

2018-06-10 21:36:15 - [TEST_STEP][PASSED] - Statement - case 4:: Text '38.0' is set on object 'Object Repository/MOH AND GRN/Page_KDMC - CMS/input_txtmrp'

2018-06-10 21:36:15 - [TEST_STEP][PASSED] - Statement - return (java.lang.Math.floor((java.lang.Math.random() * ((max - min) + 1))) + min): Text '38.0' is set on object 'Object Repository/MOH AND GRN/Page_KDMC - CMS/input_txtmrp'

2018-06-10 21:36:15 - [MESSAGE][PASSED] - Text '38.0' is set on object 'Object Repository/MOH AND GRN/Page_KDMC - CMS/input_txtmrp'

2018-06-10 21:36:15 - [TEST_STEP][PASSED] - setText: Finding Test Object with id 'Object Repository/MOH AND GRN/Page_KDMC - CMS/input_txtdeal'

2018-06-10 21:36:15 - [TEST_STEP][PASSED] - Statement - switch (id): Finding Test Object with id 'Object Repository/MOH AND GRN/Page_KDMC - CMS/input_txtbatchno'

2018-06-10 21:36:15 - [TEST_STEP][PASSED] - Statement - case 5:: Text '2.0' is set on object 'Object Repository/MOH AND GRN/Page_KDMC - CMS/input_txtdeal'

2018-06-10 21:36:15 - [TEST_STEP][PASSED] - Statement - return (java.lang.Math.floor((java.lang.Math.random() * ((max - min) + 1))) + min): Text '2.0' is set on object 'Object Repository/MOH AND GRN/Page_KDMC - CMS/input_txtdeal'

2018-06-10 21:36:15 - [MESSAGE][PASSED] - Text '2.0' is set on object 'Object Repository/MOH AND GRN/Page_KDMC - CMS/input_txtdeal'

2018-06-10 21:36:15 - [TEST_STEP][PASSED] - setText: Finding Test Object with id 'Object Repository/MOH AND GRN/Page_KDMC - CMS/input_txtbatchno'

2018-06-10 21:36:15 - [TEST_STEP][PASSED] - Statement - switch (id): Finding Test Object with id 'Object Repository/MOH AND GRN/Page_KDMC - CMS/input_txtmrp'

2018-06-10 21:36:15 - [TEST_STEP][PASSED] - Statement - case 1:: Text 'BA425.0' is set on object 'Object Repository/MOH AND GRN/Page_KDMC - CMS/input_txtbatchno'

2018-06-10 21:36:15 - [TEST_STEP][PASSED] - Statement - return (java.lang.Math.floor((java.lang.Math.random() * ((max - min) + 1))) + min): Text 'BA425.0' is set on object 'Object Repository/MOH AND GRN/Page_KDMC - CMS/input_txtbatchno'

2018-06-10 21:36:15 - [MESSAGE][PASSED] - Text 'BA425.0' is set on object 'Object Repository/MOH AND GRN/Page_KDMC - CMS/input_txtbatchno'

2018-06-10 21:36:15 - [TEST_STEP][PASSED] - rightClick: Object: 'Object Repository/GRN/Page_KDMC - CMS/input_txtexpdate' is right clicked on

2018-06-10 21:36:15 - [MESSAGE][PASSED] - Object: 'Object Repository/GRN/Page_KDMC - CMS/input_txtexpdate' is right clicked on

2018-06-10 21:36:15 - [TEST_STEP][PASSED] - selectOptionByIndex: All options with index in [4] are selected on object 'Object Repository/GRN/Page_KDMC - CMS/select_20182019202020212022202'

2018-06-10 21:36:15 - [MESSAGE][PASSED] - All options with index in [4] are selected on object 'Object Repository/GRN/Page_KDMC - CMS/select_20182019202020212022202'

2018-06-10 21:36:15 - [TEST_STEP][PASSED] - selectOptionByIndex: All options with index in [4] are selected on object 'Object Repository/GRN/Page_KDMC - CMS/select_JanFebMarAprMayJunJulAu'

2018-06-10 21:36:15 - [MESSAGE][PASSED] - All options with index in [4] are selected on object 'Object Repository/GRN/Page_KDMC - CMS/select_JanFebMarAprMayJunJulAu'

2018-06-10 21:36:15 - [TEST_STEP][PASSED] - click: Object: 'Object Repository/MOH AND GRN/Page_KDMC - CMS/a_12' is clicked on

2018-06-10 21:36:15 - [MESSAGE][PASSED] - Object: 'Object Repository/MOH AND GRN/Page_KDMC - CMS/a_12' is clicked on

2018-06-10 21:36:15 - [TEST_STEP][PASSED] - click: Object: 'Object Repository/MOH AND GRN/Page_KDMC - CMS/input_btnadd' is clicked on

2018-06-10 21:36:16 - [MESSAGE][PASSED] - Object: 'Object Repository/MOH AND GRN/Page_KDMC - CMS/input_btnadd' is clicked on

2018-06-10 21:36:16 - [TEST_STEP][PASSED] - Statement - If (s == 10): null

2018-06-10 21:36:16 - [TEST_STEP][PASSED] - Statement - Else: null

2018-06-10 21:36:16 - [TEST_STEP][PASSED] - Statement - (s++): null

2018-06-10 21:36:16 - [TEST_STEP][PASSED] - delay: Delayed 1 second(s)

2018-06-10 21:36:17 - [MESSAGE][PASSED] - Delayed 1 second(s)

2018-06-10 21:36:17 - [TEST_STEP][PASSED] - selectOptionByIndex: All options with index in [45] are selected on object 'Object Repository/MOH AND GRN/Page_KDMC - CMS/select_--Select--Amikacin -500'

2018-06-10 21:36:17 - [MESSAGE][PASSED] - All options with index in [45] are selected on object 'Object Repository/MOH AND GRN/Page_KDMC - CMS/select_--Select--Amikacin -500'

2018-06-10 21:36:17 - [TEST_STEP][PASSED] - setText: Text '5000' is set on object 'Object Repository/MOH AND GRN/Page_KDMC - CMS/input_txtqty'

2018-06-10 21:36:17 - [MESSAGE][PASSED] - Text '5000' is set on object 'Object Repository/MOH AND GRN/Page_KDMC - CMS/input_txtqty'

2018-06-10 21:36:17 - [TEST_STEP][PASSED] - selectOptionByIndex: All options with index in [1] are selected on object 'Object Repository/MOH AND GRN/Page_KDMC - CMS/select_--Select--No Tax0'

2018-06-10 21:36:17 - [MESSAGE][PASSED] - All options with index in [1] are selected on object 'Object Repository/MOH AND GRN/Page_KDMC - CMS/select_--Select--No Tax0'

2018-06-10 21:36:17 - [TEST_STEP][PASSED] - setText: Finding Test Object with id 'Object Repository/MOH AND GRN/Page_KDMC - CMS/input_txtmrp'

2018-06-10 21:36:17 - [TEST_STEP][PASSED] - Statement - switch (id): Finding Test Object with id 'Object Repository/MOH AND GRN/Page_KDMC - CMS/input_txtdeal'

2018-06-10 21:36:17 - [TEST_STEP][PASSED] - Statement - case 4:: Text '26.0' is set on object 'Object Repository/MOH AND GRN/Page_KDMC - CMS/input_txtmrp'

2018-06-10 21:36:17 - [TEST_STEP][PASSED] - Statement - return (java.lang.Math.floor((java.lang.Math.random() * ((max - min) + 1))) + min): Text '26.0' is set on object 'Object Repository/MOH AND GRN/Page_KDMC - CMS/input_txtmrp'

2018-06-10 21:36:17 - [MESSAGE][PASSED] - Text '26.0' is set on object 'Object Repository/MOH AND GRN/Page_KDMC - CMS/input_txtmrp'

2018-06-10 21:36:17 - [TEST_STEP][PASSED] - setText: Finding Test Object with id 'Object Repository/MOH AND GRN/Page_KDMC - CMS/input_txtdeal'

2018-06-10 21:36:17 - [TEST_STEP][PASSED] - Statement - switch (id): Finding Test Object with id 'Object Repository/MOH AND GRN/Page_KDMC - CMS/input_txtbatchno'

2018-06-10 21:36:17 - [TEST_STEP][PASSED] - Statement - case 5:: Text '2.0' is set on object 'Object Repository/MOH AND GRN/Page_KDMC - CMS/input_txtdeal'

2018-06-10 21:36:17 - [TEST_STEP][PASSED] - Statement - return (java.lang.Math.floor((java.lang.Math.random() * ((max - min) + 1))) + min): Text '2.0' is set on object 'Object Repository/MOH AND GRN/Page_KDMC - CMS/input_txtdeal'

2018-06-10 21:36:18 - [MESSAGE][PASSED] - Text '2.0' is set on object 'Object Repository/MOH AND GRN/Page_KDMC - CMS/input_txtdeal'

2018-06-10 21:36:18 - [TEST_STEP][PASSED] - setText: Finding Test Object with id 'Object Repository/MOH AND GRN/Page_KDMC - CMS/input_txtbatchno'

2018-06-10 21:36:18 - [TEST_STEP][PASSED] - Statement - switch (id): Finding Test Object with id 'Object Repository/MOH AND GRN/Page_KDMC - CMS/input_txtmrp'

2018-06-10 21:36:18 - [TEST_STEP][PASSED] - Statement - case 1:: Text 'BA495.0' is set on object 'Object Repository/MOH AND GRN/Page_KDMC - CMS/input_txtbatchno'

2018-06-10 21:36:18 - [TEST_STEP][PASSED] - Statement - return (java.lang.Math.floor((java.lang.Math.random() * ((max - min) + 1))) + min): Text 'BA495.0' is set on object 'Object Repository/MOH AND GRN/Page_KDMC - CMS/input_txtbatchno'

2018-06-10 21:36:18 - [MESSAGE][PASSED] - Text 'BA495.0' is set on object 'Object Repository/MOH AND GRN/Page_KDMC - CMS/input_txtbatchno'

2018-06-10 21:36:18 - [TEST_STEP][PASSED] - rightClick: Object: 'Object Repository/GRN/Page_KDMC - CMS/input_txtexpdate' is right clicked on

2018-06-10 21:36:18 - [MESSAGE][PASSED] - Object: 'Object Repository/GRN/Page_KDMC - CMS/input_txtexpdate' is right clicked on

2018-06-10 21:36:18 - [TEST_STEP][PASSED] - selectOptionByIndex: All options with index in [5] are selected on object 'Object Repository/GRN/Page_KDMC - CMS/select_20182019202020212022202'

2018-06-10 21:36:18 - [MESSAGE][PASSED] - All options with index in [5] are selected on object 'Object Repository/GRN/Page_KDMC - CMS/select_20182019202020212022202'

2018-06-10 21:36:18 - [TEST_STEP][PASSED] - selectOptionByIndex: All options with index in [5] are selected on object 'Object Repository/GRN/Page_KDMC - CMS/select_JanFebMarAprMayJunJulAu'

2018-06-10 21:36:18 - [MESSAGE][PASSED] - All options with index in [5] are selected on object 'Object Repository/GRN/Page_KDMC - CMS/select_JanFebMarAprMayJunJulAu'

2018-06-10 21:36:18 - [TEST_STEP][PASSED] - click: Object: 'Object Repository/MOH AND GRN/Page_KDMC - CMS/a_12' is clicked on

2018-06-10 21:36:18 - [MESSAGE][PASSED] - Object: 'Object Repository/MOH AND GRN/Page_KDMC - CMS/a_12' is clicked on

2018-06-10 21:36:18 - [TEST_STEP][PASSED] - click: Object: 'Object Repository/MOH AND GRN/Page_KDMC - CMS/input_btnadd' is clicked on

2018-06-10 21:36:18 - [MESSAGE][PASSED] - Object: 'Object Repository/MOH AND GRN/Page_KDMC - CMS/input_btnadd' is clicked on

2018-06-10 21:36:18 - [TEST_STEP][PASSED] - Statement - If (s == 10): null

2018-06-10 21:36:18 - [TEST_STEP][PASSED] - Statement - Else: null

2018-06-10 21:36:18 - [TEST_STEP][PASSED] - Statement - (s++): null

2018-06-10 21:36:18 - [TEST_STEP][PASSED] - delay: Delayed 1 second(s)

2018-06-10 21:36:19 - [MESSAGE][PASSED] - Delayed 1 second(s)

2018-06-10 21:36:19 - [TEST_STEP][PASSED] - selectOptionByIndex: All options with index in [46] are selected on object 'Object Repository/MOH AND GRN/Page_KDMC - CMS/select_--Select--Amikacin -500'

2018-06-10 21:36:20 - [MESSAGE][PASSED] - All options with index in [46] are selected on object 'Object Repository/MOH AND GRN/Page_KDMC - CMS/select_--Select--Amikacin -500'

2018-06-10 21:36:20 - [TEST_STEP][PASSED] - setText: Text '5000' is set on object 'Object Repository/MOH AND GRN/Page_KDMC - CMS/input_txtqty'

2018-06-10 21:36:20 - [MESSAGE][PASSED] - Text '5000' is set on object 'Object Repository/MOH AND GRN/Page_KDMC - CMS/input_txtqty'

2018-06-10 21:36:20 - [TEST_STEP][PASSED] - selectOptionByIndex: All options with index in [1] are selected on object 'Object Repository/MOH AND GRN/Page_KDMC - CMS/select_--Select--No Tax0'

2018-06-10 21:36:20 - [MESSAGE][PASSED] - All options with index in [1] are selected on object 'Object Repository/MOH AND GRN/Page_KDMC - CMS/select_--Select--No Tax0'

2018-06-10 21:36:20 - [TEST_STEP][PASSED] - setText: Finding Test Object with id 'Object Repository/MOH AND GRN/Page_KDMC - CMS/input_txtmrp'

2018-06-10 21:36:20 - [TEST_STEP][PASSED] - Statement - switch (id): Finding Test Object with id 'Object Repository/MOH AND GRN/Page_KDMC - CMS/input_txtdeal'

2018-06-10 21:36:20 - [TEST_STEP][PASSED] - Statement - case 4:: Text '20.0' is set on object 'Object Repository/MOH AND GRN/Page_KDMC - CMS/input_txtmrp'

2018-06-10 21:36:20 - [TEST_STEP][PASSED] - Statement - return (java.lang.Math.floor((java.lang.Math.random() * ((max - min) + 1))) + min): Text '20.0' is set on object 'Object Repository/MOH AND GRN/Page_KDMC - CMS/input_txtmrp'

2018-06-10 21:36:20 - [MESSAGE][PASSED] - Text '20.0' is set on object 'Object Repository/MOH AND GRN/Page_KDMC - CMS/input_txtmrp'

2018-06-10 21:36:20 - [TEST_STEP][PASSED] - setText: Finding Test Object with id 'Object Repository/MOH AND GRN/Page_KDMC - CMS/input_txtdeal'

2018-06-10 21:36:20 - [TEST_STEP][PASSED] - Statement - switch (id): Finding Test Object with id 'Object Repository/MOH AND GRN/Page_KDMC - CMS/input_txtbatchno'

2018-06-10 21:36:20 - [TEST_STEP][PASSED] - Statement - case 5:: Text '12.0' is set on object 'Object Repository/MOH AND GRN/Page_KDMC - CMS/input_txtdeal'

2018-06-10 21:36:20 - [TEST_STEP][PASSED] - Statement - return (java.lang.Math.floor((java.lang.Math.random() * ((max - min) + 1))) + min): Text '12.0' is set on object 'Object Repository/MOH AND GRN/Page_KDMC - CMS/input_txtdeal'

2018-06-10 21:36:20 - [MESSAGE][PASSED] - Text '12.0' is set on object 'Object Repository/MOH AND GRN/Page_KDMC - CMS/input_txtdeal'

2018-06-10 21:36:20 - [TEST_STEP][PASSED] - setText: Finding Test Object with id 'Object Repository/MOH AND GRN/Page_KDMC - CMS/input_txtbatchno'

2018-06-10 21:36:20 - [TEST_STEP][PASSED] - Statement - switch (id): Finding Test Object with id 'Object Repository/MOH AND GRN/Page_KDMC - CMS/input_txtmrp'

2018-06-10 21:36:20 - [TEST_STEP][PASSED] - Statement - case 1:: Text 'BA664.0' is set on object 'Object Repository/MOH AND GRN/Page_KDMC - CMS/input_txtbatchno'

2018-06-10 21:36:20 - [TEST_STEP][PASSED] - Statement - return (java.lang.Math.floor((java.lang.Math.random() * ((max - min) + 1))) + min): Text 'BA664.0' is set on object 'Object Repository/MOH AND GRN/Page_KDMC - CMS/input_txtbatchno'

2018-06-10 21:36:21 - [MESSAGE][PASSED] - Text 'BA664.0' is set on object 'Object Repository/MOH AND GRN/Page_KDMC - CMS/input_txtbatchno'

2018-06-10 21:36:21 - [TEST_STEP][PASSED] - rightClick: Object: 'Object Repository/GRN/Page_KDMC - CMS/input_txtexpdate' is right clicked on

2018-06-10 21:36:21 - [MESSAGE][PASSED] - Object: 'Object Repository/GRN/Page_KDMC - CMS/input_txtexpdate' is right clicked on

2018-06-10 21:36:21 - [TEST_STEP][PASSED] - selectOptionByIndex: All options with index in [6] are selected on object 'Object Repository/GRN/Page_KDMC - CMS/select_20182019202020212022202'

2018-06-10 21:36:21 - [MESSAGE][PASSED] - All options with index in [6] are selected on object 'Object Repository/GRN/Page_KDMC - CMS/select_20182019202020212022202'

2018-06-10 21:36:21 - [TEST_STEP][PASSED] - selectOptionByIndex: All options with index in [6] are selected on object 'Object Repository/GRN/Page_KDMC - CMS/select_JanFebMarAprMayJunJulAu'

2018-06-10 21:36:21 - [MESSAGE][PASSED] - All options with index in [6] are selected on object 'Object Repository/GRN/Page_KDMC - CMS/select_JanFebMarAprMayJunJulAu'

2018-06-10 21:36:21 - [TEST_STEP][PASSED] - click: Object: 'Object Repository/MOH AND GRN/Page_KDMC - CMS/a_12' is clicked on

2018-06-10 21:36:21 - [MESSAGE][PASSED] - Object: 'Object Repository/MOH AND GRN/Page_KDMC - CMS/a_12' is clicked on

2018-06-10 21:36:21 - [TEST_STEP][PASSED] - click: Object: 'Object Repository/MOH AND GRN/Page_KDMC - CMS/input_btnadd' is clicked on

2018-06-10 21:36:21 - [MESSAGE][PASSED] - Object: 'Object Repository/MOH AND GRN/Page_KDMC - CMS/input_btnadd' is clicked on

2018-06-10 21:36:21 - [TEST_STEP][PASSED] - Statement - If (s == 10): null

2018-06-10 21:36:21 - [TEST_STEP][PASSED] - Statement - Else: null

2018-06-10 21:36:21 - [TEST_STEP][PASSED] - Statement - (s++): null

2018-06-10 21:36:21 - [TEST_STEP][PASSED] - delay: Delayed 1 second(s)

2018-06-10 21:36:22 - [MESSAGE][PASSED] - Delayed 1 second(s)

2018-06-10 21:36:22 - [TEST_STEP][PASSED] - selectOptionByIndex: All options with index in [47] are selected on object 'Object Repository/MOH AND GRN/Page_KDMC - CMS/select_--Select--Amikacin -500'

2018-06-10 21:36:23 - [MESSAGE][PASSED] - All options with index in [47] are selected on object 'Object Repository/MOH AND GRN/Page_KDMC - CMS/select_--Select--Amikacin -500'

2018-06-10 21:36:23 - [TEST_STEP][PASSED] - setText: Text '5000' is set on object 'Object Repository/MOH AND GRN/Page_KDMC - CMS/input_txtqty'

2018-06-10 21:36:23 - [MESSAGE][PASSED] - Text '5000' is set on object 'Object Repository/MOH AND GRN/Page_KDMC - CMS/input_txtqty'

2018-06-10 21:36:23 - [TEST_STEP][PASSED] - selectOptionByIndex: All options with index in [1] are selected on object 'Object Repository/MOH AND GRN/Page_KDMC - CMS/select_--Select--No Tax0'

2018-06-10 21:36:23 - [MESSAGE][PASSED] - All options with index in [1] are selected on object 'Object Repository/MOH AND GRN/Page_KDMC - CMS/select_--Select--No Tax0'

2018-06-10 21:36:23 - [TEST_STEP][PASSED] - setText: Finding Test Object with id 'Object Repository/MOH AND GRN/Page_KDMC - CMS/input_txtmrp'

2018-06-10 21:36:23 - [TEST_STEP][PASSED] - Statement - switch (id): Finding Test Object with id 'Object Repository/MOH AND GRN/Page_KDMC - CMS/input_txtdeal'

2018-06-10 21:36:23 - [TEST_STEP][PASSED] - Statement - case 4:: Text '26.0' is set on object 'Object Repository/MOH AND GRN/Page_KDMC - CMS/input_txtmrp'

2018-06-10 21:36:23 - [TEST_STEP][PASSED] - Statement - return (java.lang.Math.floor((java.lang.Math.random() * ((max - min) + 1))) + min): Text '26.0' is set on object 'Object Repository/MOH AND GRN/Page_KDMC - CMS/input_txtmrp'

2018-06-10 21:36:23 - [MESSAGE][PASSED] - Text '26.0' is set on object 'Object Repository/MOH AND GRN/Page_KDMC - CMS/input_txtmrp'

2018-06-10 21:36:23 - [TEST_STEP][PASSED] - setText: Finding Test Object with id 'Object Repository/MOH AND GRN/Page_KDMC - CMS/input_txtdeal'

2018-06-10 21:36:23 - [TEST_STEP][PASSED] - Statement - switch (id): Finding Test Object with id 'Object Repository/MOH AND GRN/Page_KDMC - CMS/input_txtbatchno'

2018-06-10 21:36:23 - [TEST_STEP][PASSED] - Statement - case 5:: Text '11.0' is set on object 'Object Repository/MOH AND GRN/Page_KDMC - CMS/input_txtdeal'

2018-06-10 21:36:23 - [TEST_STEP][PASSED] - Statement - return (java.lang.Math.floor((java.lang.Math.random() * ((max - min) + 1))) + min): Text '11.0' is set on object 'Object Repository/MOH AND GRN/Page_KDMC - CMS/input_txtdeal'

2018-06-10 21:36:23 - [MESSAGE][PASSED] - Text '11.0' is set on object 'Object Repository/MOH AND GRN/Page_KDMC - CMS/input_txtdeal'

2018-06-10 21:36:23 - [TEST_STEP][PASSED] - setText: Finding Test Object with id 'Object Repository/MOH AND GRN/Page_KDMC - CMS/input_txtbatchno'

2018-06-10 21:36:23 - [TEST_STEP][PASSED] - Statement - switch (id): Finding Test Object with id 'Object Repository/MOH AND GRN/Page_KDMC - CMS/input_txtmrp'

2018-06-10 21:36:23 - [TEST_STEP][PASSED] - Statement - case 1:: Text 'BA353.0' is set on object 'Object Repository/MOH AND GRN/Page_KDMC - CMS/input_txtbatchno'

2018-06-10 21:36:23 - [TEST_STEP][PASSED] - Statement - return (java.lang.Math.floor((java.lang.Math.random() * ((max - min) + 1))) + min): Text 'BA353.0' is set on object 'Object Repository/MOH AND GRN/Page_KDMC - CMS/input_txtbatchno'

2018-06-10 21:36:23 - [MESSAGE][PASSED] - Text 'BA353.0' is set on object 'Object Repository/MOH AND GRN/Page_KDMC - CMS/input_txtbatchno'

2018-06-10 21:36:23 - [TEST_STEP][PASSED] - rightClick: Object: 'Object Repository/GRN/Page_KDMC - CMS/input_txtexpdate' is right clicked on

2018-06-10 21:36:24 - [MESSAGE][PASSED] - Object: 'Object Repository/GRN/Page_KDMC - CMS/input_txtexpdate' is right clicked on

2018-06-10 21:36:24 - [TEST_STEP][PASSED] - selectOptionByIndex: All options with index in [7] are selected on object 'Object Repository/GRN/Page_KDMC - CMS/select_20182019202020212022202'

2018-06-10 21:36:24 - [MESSAGE][PASSED] - All options with index in [7] are selected on object 'Object Repository/GRN/Page_KDMC - CMS/select_20182019202020212022202'

2018-06-10 21:36:24 - [TEST_STEP][PASSED] - selectOptionByIndex: All options with index in [7] are selected on object 'Object Repository/GRN/Page_KDMC - CMS/select_JanFebMarAprMayJunJulAu'

2018-06-10 21:36:24 - [MESSAGE][PASSED] - All options with index in [7] are selected on object 'Object Repository/GRN/Page_KDMC - CMS/select_JanFebMarAprMayJunJulAu'

2018-06-10 21:36:24 - [TEST_STEP][PASSED] - click: Object: 'Object Repository/MOH AND GRN/Page_KDMC - CMS/a_12' is clicked on

2018-06-10 21:36:24 - [MESSAGE][PASSED] - Object: 'Object Repository/MOH AND GRN/Page_KDMC - CMS/a_12' is clicked on

2018-06-10 21:36:24 - [TEST_STEP][PASSED] - click: Object: 'Object Repository/MOH AND GRN/Page_KDMC - CMS/input_btnadd' is clicked on

2018-06-10 21:36:24 - [MESSAGE][PASSED] - Object: 'Object Repository/MOH AND GRN/Page_KDMC - CMS/input_btnadd' is clicked on

2018-06-10 21:36:24 - [TEST_STEP][PASSED] - Statement - If (s == 10): null

2018-06-10 21:36:24 - [TEST_STEP][PASSED] - Statement - Else: null

2018-06-10 21:36:24 - [TEST_STEP][PASSED] - Statement - (s++): null

2018-06-10 21:36:24 - [TEST_STEP][PASSED] - delay: Delayed 1 second(s)

2018-06-10 21:36:25 - [MESSAGE][PASSED] - Delayed 1 second(s)

2018-06-10 21:36:25 - [TEST_STEP][PASSED] - selectOptionByIndex: All options with index in [48] are selected on object 'Object Repository/MOH AND GRN/Page_KDMC - CMS/select_--Select--Amikacin -500'

2018-06-10 21:36:26 - [MESSAGE][PASSED] - All options with index in [48] are selected on object 'Object Repository/MOH AND GRN/Page_KDMC - CMS/select_--Select--Amikacin -500'

2018-06-10 21:36:26 - [TEST_STEP][PASSED] - setText: Text '5000' is set on object 'Object Repository/MOH AND GRN/Page_KDMC - CMS/input_txtqty'

2018-06-10 21:36:26 - [MESSAGE][PASSED] - Text '5000' is set on object 'Object Repository/MOH AND GRN/Page_KDMC - CMS/input_txtqty'

2018-06-10 21:36:26 - [TEST_STEP][PASSED] - selectOptionByIndex: All options with index in [1] are selected on object 'Object Repository/MOH AND GRN/Page_KDMC - CMS/select_--Select--No Tax0'

2018-06-10 21:36:26 - [MESSAGE][PASSED] - All options with index in [1] are selected on object 'Object Repository/MOH AND GRN/Page_KDMC - CMS/select_--Select--No Tax0'

2018-06-10 21:36:26 - [TEST_STEP][PASSED] - setText: Finding Test Object with id 'Object Repository/MOH AND GRN/Page_KDMC - CMS/input_txtmrp'

2018-06-10 21:36:26 - [TEST_STEP][PASSED] - Statement - switch (id): Finding Test Object with id 'Object Repository/MOH AND GRN/Page_KDMC - CMS/input_txtdeal'

2018-06-10 21:36:26 - [TEST_STEP][PASSED] - Statement - case 4:: Text '17.0' is set on object 'Object Repository/MOH AND GRN/Page_KDMC - CMS/input_txtmrp'

2018-06-10 21:36:26 - [TEST_STEP][PASSED] - Statement - return (java.lang.Math.floor((java.lang.Math.random() * ((max - min) + 1))) + min): Text '17.0' is set on object 'Object Repository/MOH AND GRN/Page_KDMC - CMS/input_txtmrp'

2018-06-10 21:36:26 - [MESSAGE][PASSED] - Text '17.0' is set on object 'Object Repository/MOH AND GRN/Page_KDMC - CMS/input_txtmrp'

2018-06-10 21:36:26 - [TEST_STEP][PASSED] - setText: Finding Test Object with id 'Object Repository/MOH AND GRN/Page_KDMC - CMS/input_txtdeal'

2018-06-10 21:36:26 - [TEST_STEP][PASSED] - Statement - switch (id): Finding Test Object with id 'Object Repository/MOH AND GRN/Page_KDMC - CMS/input_txtbatchno'

2018-06-10 21:36:26 - [TEST_STEP][PASSED] - Statement - case 5:: Text '6.0' is set on object 'Object Repository/MOH AND GRN/Page_KDMC - CMS/input_txtdeal'

2018-06-10 21:36:26 - [TEST_STEP][PASSED] - Statement - return (java.lang.Math.floor((java.lang.Math.random() * ((max - min) + 1))) + min): Text '6.0' is set on object 'Object Repository/MOH AND GRN/Page_KDMC - CMS/input_txtdeal'

2018-06-10 21:36:26 - [MESSAGE][PASSED] - Text '6.0' is set on object 'Object Repository/MOH AND GRN/Page_KDMC - CMS/input_txtdeal'

2018-06-10 21:36:26 - [TEST_STEP][PASSED] - setText: Finding Test Object with id 'Object Repository/MOH AND GRN/Page_KDMC - CMS/input_txtbatchno'

2018-06-10 21:36:26 - [TEST_STEP][PASSED] - Statement - switch (id): Finding Test Object with id 'Object Repository/MOH AND GRN/Page_KDMC - CMS/input_txtmrp'

2018-06-10 21:36:26 - [TEST_STEP][PASSED] - Statement - case 1:: Text 'BA167.0' is set on object 'Object Repository/MOH AND GRN/Page_KDMC - CMS/input_txtbatchno'

2018-06-10 21:36:26 - [TEST_STEP][PASSED] - Statement - return (java.lang.Math.floor((java.lang.Math.random() * ((max - min) + 1))) + min): Text 'BA167.0' is set on object 'Object Repository/MOH AND GRN/Page_KDMC - CMS/input_txtbatchno'

2018-06-10 21:36:26 - [MESSAGE][PASSED] - Text 'BA167.0' is set on object 'Object Repository/MOH AND GRN/Page_KDMC - CMS/input_txtbatchno'

2018-06-10 21:36:26 - [TEST_STEP][PASSED] - rightClick: Object: 'Object Repository/GRN/Page_KDMC - CMS/input_txtexpdate' is right clicked on

2018-06-10 21:36:26 - [MESSAGE][PASSED] - Object: 'Object Repository/GRN/Page_KDMC - CMS/input_txtexpdate' is right clicked on

2018-06-10 21:36:26 - [TEST_STEP][PASSED] - selectOptionByIndex: All options with index in [8] are selected on object 'Object Repository/GRN/Page_KDMC - CMS/select_20182019202020212022202'

2018-06-10 21:36:27 - [MESSAGE][PASSED] - All options with index in [8] are selected on object 'Object Repository/GRN/Page_KDMC - CMS/select_20182019202020212022202'

2018-06-10 21:36:27 - [TEST_STEP][PASSED] - selectOptionByIndex: All options with index in [8] are selected on object 'Object Repository/GRN/Page_KDMC - CMS/select_JanFebMarAprMayJunJulAu'

2018-06-10 21:36:27 - [MESSAGE][PASSED] - All options with index in [8] are selected on object 'Object Repository/GRN/Page_KDMC - CMS/select_JanFebMarAprMayJunJulAu'

2018-06-10 21:36:27 - [TEST_STEP][PASSED] - click: Object: 'Object Repository/MOH AND GRN/Page_KDMC - CMS/a_12' is clicked on

2018-06-10 21:36:27 - [MESSAGE][PASSED] - Object: 'Object Repository/MOH AND GRN/Page_KDMC - CMS/a_12' is clicked on

2018-06-10 21:36:27 - [TEST_STEP][PASSED] - click: Object: 'Object Repository/MOH AND GRN/Page_KDMC - CMS/input_btnadd' is clicked on

2018-06-10 21:36:27 - [MESSAGE][PASSED] - Object: 'Object Repository/MOH AND GRN/Page_KDMC - CMS/input_btnadd' is clicked on

2018-06-10 21:36:27 - [TEST_STEP][PASSED] - Statement - If (s == 10): null

2018-06-10 21:36:27 - [TEST_STEP][PASSED] - Statement - Else: null

2018-06-10 21:36:27 - [TEST_STEP][PASSED] - Statement - (s++): null

2018-06-10 21:36:27 - [TEST_STEP][PASSED] - delay: Delayed 1 second(s)

2018-06-10 21:36:28 - [MESSAGE][PASSED] - Delayed 1 second(s)

2018-06-10 21:36:28 - [TEST_STEP][PASSED] - selectOptionByIndex: All options with index in [49] are selected on object 'Object Repository/MOH AND GRN/Page_KDMC - CMS/select_--Select--Amikacin -500'

2018-06-10 21:36:29 - [MESSAGE][PASSED] - All options with index in [49] are selected on object 'Object Repository/MOH AND GRN/Page_KDMC - CMS/select_--Select--Amikacin -500'

2018-06-10 21:36:29 - [TEST_STEP][PASSED] - setText: Text '5000' is set on object 'Object Repository/MOH AND GRN/Page_KDMC - CMS/input_txtqty'

2018-06-10 21:36:29 - [MESSAGE][PASSED] - Text '5000' is set on object 'Object Repository/MOH AND GRN/Page_KDMC - CMS/input_txtqty'

2018-06-10 21:36:29 - [TEST_STEP][PASSED] - selectOptionByIndex: All options with index in [1] are selected on object 'Object Repository/MOH AND GRN/Page_KDMC - CMS/select_--Select--No Tax0'

2018-06-10 21:36:29 - [MESSAGE][PASSED] - All options with index in [1] are selected on object 'Object Repository/MOH AND GRN/Page_KDMC - CMS/select_--Select--No Tax0'

2018-06-10 21:36:29 - [TEST_STEP][PASSED] - setText: Finding Test Object with id 'Object Repository/MOH AND GRN/Page_KDMC - CMS/input_txtmrp'

2018-06-10 21:36:29 - [TEST_STEP][PASSED] - Statement - switch (id): Finding Test Object with id 'Object Repository/MOH AND GRN/Page_KDMC - CMS/input_txtdeal'

2018-06-10 21:36:29 - [TEST_STEP][PASSED] - Statement - case 4:: Text '41.0' is set on object 'Object Repository/MOH AND GRN/Page_KDMC - CMS/input_txtmrp'

2018-06-10 21:36:29 - [TEST_STEP][PASSED] - Statement - return (java.lang.Math.floor((java.lang.Math.random() * ((max - min) + 1))) + min): Text '41.0' is set on object 'Object Repository/MOH AND GRN/Page_KDMC - CMS/input_txtmrp'

2018-06-10 21:36:29 - [MESSAGE][PASSED] - Text '41.0' is set on object 'Object Repository/MOH AND GRN/Page_KDMC - CMS/input_txtmrp'

2018-06-10 21:36:29 - [TEST_STEP][PASSED] - setText: Finding Test Object with id 'Object Repository/MOH AND GRN/Page_KDMC - CMS/input_txtdeal'

2018-06-10 21:36:29 - [TEST_STEP][PASSED] - Statement - switch (id): Finding Test Object with id 'Object Repository/MOH AND GRN/Page_KDMC - CMS/input_txtbatchno'

2018-06-10 21:36:29 - [TEST_STEP][PASSED] - Statement - case 5:: Text '10.0' is set on object 'Object Repository/MOH AND GRN/Page_KDMC - CMS/input_txtdeal'

2018-06-10 21:36:29 - [TEST_STEP][PASSED] - Statement - return (java.lang.Math.floor((java.lang.Math.random() * ((max - min) + 1))) + min): Text '10.0' is set on object 'Object Repository/MOH AND GRN/Page_KDMC - CMS/input_txtdeal'

2018-06-10 21:36:29 - [MESSAGE][PASSED] - Text '10.0' is set on object 'Object Repository/MOH AND GRN/Page_KDMC - CMS/input_txtdeal'

2018-06-10 21:36:29 - [TEST_STEP][PASSED] - setText: Finding Test Object with id 'Object Repository/MOH AND GRN/Page_KDMC - CMS/input_txtbatchno'

2018-06-10 21:36:29 - [TEST_STEP][PASSED] - Statement - switch (id): Finding Test Object with id 'Object Repository/MOH AND GRN/Page_KDMC - CMS/input_txtmrp'

2018-06-10 21:36:29 - [TEST_STEP][PASSED] - Statement - case 1:: Text 'BA83.0' is set on object 'Object Repository/MOH AND GRN/Page_KDMC - CMS/input_txtbatchno'

2018-06-10 21:36:29 - [TEST_STEP][PASSED] - Statement - return (java.lang.Math.floor((java.lang.Math.random() * ((max - min) + 1))) + min): Text 'BA83.0' is set on object 'Object Repository/MOH AND GRN/Page_KDMC - CMS/input_txtbatchno'

2018-06-10 21:36:29 - [MESSAGE][PASSED] - Text 'BA83.0' is set on object 'Object Repository/MOH AND GRN/Page_KDMC - CMS/input_txtbatchno'

2018-06-10 21:36:29 - [TEST_STEP][PASSED] - rightClick: Object: 'Object Repository/GRN/Page_KDMC - CMS/input_txtexpdate' is right clicked on

2018-06-10 21:36:29 - [MESSAGE][PASSED] - Object: 'Object Repository/GRN/Page_KDMC - CMS/input_txtexpdate' is right clicked on

2018-06-10 21:36:29 - [TEST_STEP][PASSED] - selectOptionByIndex: All options with index in [9] are selected on object 'Object Repository/GRN/Page_KDMC - CMS/select_20182019202020212022202'

2018-06-10 21:36:30 - [MESSAGE][PASSED] - All options with index in [9] are selected on object 'Object Repository/GRN/Page_KDMC - CMS/select_20182019202020212022202'

2018-06-10 21:36:30 - [TEST_STEP][PASSED] - selectOptionByIndex: All options with index in [9] are selected on object 'Object Repository/GRN/Page_KDMC - CMS/select_JanFebMarAprMayJunJulAu'

2018-06-10 21:36:30 - [MESSAGE][PASSED] - All options with index in [9] are selected on object 'Object Repository/GRN/Page_KDMC - CMS/select_JanFebMarAprMayJunJulAu'

2018-06-10 21:36:30 - [TEST_STEP][PASSED] - click: Object: 'Object Repository/MOH AND GRN/Page_KDMC - CMS/a_12' is clicked on

2018-06-10 21:36:30 - [MESSAGE][PASSED] - Object: 'Object Repository/MOH AND GRN/Page_KDMC - CMS/a_12' is clicked on

2018-06-10 21:36:30 - [TEST_STEP][PASSED] - click: Object: 'Object Repository/MOH AND GRN/Page_KDMC - CMS/input_btnadd' is clicked on

2018-06-10 21:36:30 - [MESSAGE][PASSED] - Object: 'Object Repository/MOH AND GRN/Page_KDMC - CMS/input_btnadd' is clicked on

2018-06-10 21:36:30 - [TEST_STEP][PASSED] - Statement - If (s == 10): null

2018-06-10 21:36:30 - [TEST_STEP][PASSED] - Statement - Else: null

2018-06-10 21:36:30 - [TEST_STEP][PASSED] - Statement - (s++): null

2018-06-10 21:36:30 - [TEST_STEP][PASSED] - delay: Delayed 1 second(s)

2018-06-10 21:36:31 - [MESSAGE][PASSED] - Delayed 1 second(s)

2018-06-10 21:36:31 - [TEST_STEP][PASSED] - selectOptionByIndex: All options with index in [50] are selected on object 'Object Repository/MOH AND GRN/Page_KDMC - CMS/select_--Select--Amikacin -500'

2018-06-10 21:36:32 - [MESSAGE][PASSED] - All options with index in [50] are selected on object 'Object Repository/MOH AND GRN/Page_KDMC - CMS/select_--Select--Amikacin -500'

2018-06-10 21:36:32 - [TEST_STEP][PASSED] - setText: Text '5000' is set on object 'Object Repository/MOH AND GRN/Page_KDMC - CMS/input_txtqty'

2018-06-10 21:36:32 - [MESSAGE][PASSED] - Text '5000' is set on object 'Object Repository/MOH AND GRN/Page_KDMC - CMS/input_txtqty'

2018-06-10 21:36:32 - [TEST_STEP][PASSED] - selectOptionByIndex: All options with index in [1] are selected on object 'Object Repository/MOH AND GRN/Page_KDMC - CMS/select_--Select--No Tax0'

2018-06-10 21:36:32 - [MESSAGE][PASSED] - All options with index in [1] are selected on object 'Object Repository/MOH AND GRN/Page_KDMC - CMS/select_--Select--No Tax0'

2018-06-10 21:36:32 - [TEST_STEP][PASSED] - setText: Finding Test Object with id 'Object Repository/MOH AND GRN/Page_KDMC - CMS/input_txtmrp'

2018-06-10 21:36:32 - [TEST_STEP][PASSED] - Statement - switch (id): Finding Test Object with id 'Object Repository/MOH AND GRN/Page_KDMC - CMS/input_txtdeal'

2018-06-10 21:36:32 - [TEST_STEP][PASSED] - Statement - case 4:: Text '17.0' is set on object 'Object Repository/MOH AND GRN/Page_KDMC - CMS/input_txtmrp'

2018-06-10 21:36:32 - [TEST_STEP][PASSED] - Statement - return (java.lang.Math.floor((java.lang.Math.random() * ((max - min) + 1))) + min): Text '17.0' is set on object 'Object Repository/MOH AND GRN/Page_KDMC - CMS/input_txtmrp'

2018-06-10 21:36:32 - [MESSAGE][PASSED] - Text '17.0' is set on object 'Object Repository/MOH AND GRN/Page_KDMC - CMS/input_txtmrp'

2018-06-10 21:36:32 - [TEST_STEP][PASSED] - setText: Finding Test Object with id 'Object Repository/MOH AND GRN/Page_KDMC - CMS/input_txtdeal'

2018-06-10 21:36:32 - [TEST_STEP][PASSED] - Statement - switch (id): Finding Test Object with id 'Object Repository/MOH AND GRN/Page_KDMC - CMS/input_txtbatchno'

2018-06-10 21:36:32 - [TEST_STEP][PASSED] - Statement - case 5:: Text '9.0' is set on object 'Object Repository/MOH AND GRN/Page_KDMC - CMS/input_txtdeal'

2018-06-10 21:36:32 - [TEST_STEP][PASSED] - Statement - return (java.lang.Math.floor((java.lang.Math.random() * ((max - min) + 1))) + min): Text '9.0' is set on object 'Object Repository/MOH AND GRN/Page_KDMC - CMS/input_txtdeal'

2018-06-10 21:36:32 - [MESSAGE][PASSED] - Text '9.0' is set on object 'Object Repository/MOH AND GRN/Page_KDMC - CMS/input_txtdeal'

2018-06-10 21:36:32 - [TEST_STEP][PASSED] - setText: Finding Test Object with id 'Object Repository/MOH AND GRN/Page_KDMC - CMS/input_txtbatchno'

2018-06-10 21:36:32 - [TEST_STEP][PASSED] - Statement - switch (id): Finding Test Object with id 'Object Repository/MOH AND GRN/Page_KDMC - CMS/input_txtmrp'

2018-06-10 21:36:32 - [TEST_STEP][PASSED] - Statement - case 1:: Text 'BA155.0' is set on object 'Object Repository/MOH AND GRN/Page_KDMC - CMS/input_txtbatchno'

2018-06-10 21:36:32 - [TEST_STEP][PASSED] - Statement - return (java.lang.Math.floor((java.lang.Math.random() * ((max - min) + 1))) + min): Text 'BA155.0' is set on object 'Object Repository/MOH AND GRN/Page_KDMC - CMS/input_txtbatchno'

2018-06-10 21:36:32 - [MESSAGE][PASSED] - Text 'BA155.0' is set on object 'Object Repository/MOH AND GRN/Page_KDMC - CMS/input_txtbatchno'

2018-06-10 21:36:32 - [TEST_STEP][PASSED] - rightClick: Object: 'Object Repository/GRN/Page_KDMC - CMS/input_txtexpdate' is right clicked on

2018-06-10 21:36:32 - [MESSAGE][PASSED] - Object: 'Object Repository/GRN/Page_KDMC - CMS/input_txtexpdate' is right clicked on

2018-06-10 21:36:32 - [TEST_STEP][PASSED] - selectOptionByIndex: All options with index in [10] are selected on object 'Object Repository/GRN/Page_KDMC - CMS/select_20182019202020212022202'

2018-06-10 21:36:33 - [MESSAGE][PASSED] - All options with index in [10] are selected on object 'Object Repository/GRN/Page_KDMC - CMS/select_20182019202020212022202'

2018-06-10 21:36:33 - [TEST_STEP][PASSED] - selectOptionByIndex: All options with index in [10] are selected on object 'Object Repository/GRN/Page_KDMC - CMS/select_JanFebMarAprMayJunJulAu'

2018-06-10 21:36:33 - [MESSAGE][PASSED] - All options with index in [10] are selected on object 'Object Repository/GRN/Page_KDMC - CMS/select_JanFebMarAprMayJunJulAu'

2018-06-10 21:36:33 - [TEST_STEP][PASSED] - click: Object: 'Object Repository/MOH AND GRN/Page_KDMC - CMS/a_12' is clicked on

2018-06-10 21:36:33 - [MESSAGE][PASSED] - Object: 'Object Repository/MOH AND GRN/Page_KDMC - CMS/a_12' is clicked on

2018-06-10 21:36:33 - [TEST_STEP][PASSED] - click: Object: 'Object Repository/MOH AND GRN/Page_KDMC - CMS/input_btnadd' is clicked on

2018-06-10 21:36:33 - [MESSAGE][PASSED] - Object: 'Object Repository/MOH AND GRN/Page_KDMC - CMS/input_btnadd' is clicked on

2018-06-10 21:36:33 - [TEST_STEP][PASSED] - Statement - If (s == 10): null

2018-06-10 21:36:33 - [TEST_STEP][PASSED] - Statement - s = 1: null

2018-06-10 21:36:33 - [TEST_STEP][PASSED] - delay: Delayed 1 second(s)

2018-06-10 21:36:34 - [MESSAGE][PASSED] - Delayed 1 second(s)

2018-06-10 21:36:34 - [TEST_STEP][PASSED] - selectOptionByIndex: All options with index in [51] are selected on object 'Object Repository/MOH AND GRN/Page_KDMC - CMS/select_--Select--Amikacin -500'

2018-06-10 21:36:35 - [MESSAGE][PASSED] - All options with index in [51] are selected on object 'Object Repository/MOH AND GRN/Page_KDMC - CMS/select_--Select--Amikacin -500'

2018-06-10 21:36:35 - [TEST_STEP][PASSED] - setText: Text '5000' is set on object 'Object Repository/MOH AND GRN/Page_KDMC - CMS/input_txtqty'

2018-06-10 21:36:35 - [MESSAGE][PASSED] - Text '5000' is set on object 'Object Repository/MOH AND GRN/Page_KDMC - CMS/input_txtqty'

2018-06-10 21:36:35 - [TEST_STEP][PASSED] - selectOptionByIndex: All options with index in [1] are selected on object 'Object Repository/MOH AND GRN/Page_KDMC - CMS/select_--Select--No Tax0'

2018-06-10 21:36:35 - [MESSAGE][PASSED] - All options with index in [1] are selected on object 'Object Repository/MOH AND GRN/Page_KDMC - CMS/select_--Select--No Tax0'

2018-06-10 21:36:35 - [TEST_STEP][PASSED] - setText: Finding Test Object with id 'Object Repository/MOH AND GRN/Page_KDMC - CMS/input_txtmrp'

2018-06-10 21:36:35 - [TEST_STEP][PASSED] - Statement - switch (id): Finding Test Object with id 'Object Repository/MOH AND GRN/Page_KDMC - CMS/input_txtdeal'

2018-06-10 21:36:35 - [TEST_STEP][PASSED] - Statement - case 4:: Text '35.0' is set on object 'Object Repository/MOH AND GRN/Page_KDMC - CMS/input_txtmrp'

2018-06-10 21:36:35 - [TEST_STEP][PASSED] - Statement - return (java.lang.Math.floor((java.lang.Math.random() * ((max - min) + 1))) + min): Text '35.0' is set on object 'Object Repository/MOH AND GRN/Page_KDMC - CMS/input_txtmrp'

2018-06-10 21:36:35 - [MESSAGE][PASSED] - Text '35.0' is set on object 'Object Repository/MOH AND GRN/Page_KDMC - CMS/input_txtmrp'

2018-06-10 21:36:35 - [TEST_STEP][PASSED] - setText: Finding Test Object with id 'Object Repository/MOH AND GRN/Page_KDMC - CMS/input_txtdeal'

2018-06-10 21:36:35 - [TEST_STEP][PASSED] - Statement - switch (id): Finding Test Object with id 'Object Repository/MOH AND GRN/Page_KDMC - CMS/input_txtbatchno'

2018-06-10 21:36:35 - [TEST_STEP][PASSED] - Statement - case 5:: Text '1.0' is set on object 'Object Repository/MOH AND GRN/Page_KDMC - CMS/input_txtdeal'

2018-06-10 21:36:35 - [TEST_STEP][PASSED] - Statement - return (java.lang.Math.floor((java.lang.Math.random() * ((max - min) + 1))) + min): Text '1.0' is set on object 'Object Repository/MOH AND GRN/Page_KDMC - CMS/input_txtdeal'

2018-06-10 21:36:35 - [MESSAGE][PASSED] - Text '1.0' is set on object 'Object Repository/MOH AND GRN/Page_KDMC - CMS/input_txtdeal'

2018-06-10 21:36:35 - [TEST_STEP][PASSED] - setText: Finding Test Object with id 'Object Repository/MOH AND GRN/Page_KDMC - CMS/input_txtbatchno'

2018-06-10 21:36:35 - [TEST_STEP][PASSED] - Statement - switch (id): Finding Test Object with id 'Object Repository/MOH AND GRN/Page_KDMC - CMS/input_txtmrp'

2018-06-10 21:36:35 - [TEST_STEP][PASSED] - Statement - case 1:: Text 'BA126.0' is set on object 'Object Repository/MOH AND GRN/Page_KDMC - CMS/input_txtbatchno'

2018-06-10 21:36:35 - [TEST_STEP][PASSED] - Statement - return (java.lang.Math.floor((java.lang.Math.random() * ((max - min) + 1))) + min): Text 'BA126.0' is set on object 'Object Repository/MOH AND GRN/Page_KDMC - CMS/input_txtbatchno'

2018-06-10 21:36:35 - [MESSAGE][PASSED] - Text 'BA126.0' is set on object 'Object Repository/MOH AND GRN/Page_KDMC - CMS/input_txtbatchno'

2018-06-10 21:36:35 - [TEST_STEP][PASSED] - rightClick: Object: 'Object Repository/GRN/Page_KDMC - CMS/input_txtexpdate' is right clicked on

2018-06-10 21:36:35 - [MESSAGE][PASSED] - Object: 'Object Repository/GRN/Page_KDMC - CMS/input_txtexpdate' is right clicked on

2018-06-10 21:36:35 - [TEST_STEP][PASSED] - selectOptionByIndex: All options with index in [1] are selected on object 'Object Repository/GRN/Page_KDMC - CMS/select_20182019202020212022202'

2018-06-10 21:36:36 - [MESSAGE][PASSED] - All options with index in [1] are selected on object 'Object Repository/GRN/Page_KDMC - CMS/select_20182019202020212022202'

2018-06-10 21:36:36 - [TEST_STEP][PASSED] - selectOptionByIndex: All options with index in [1] are selected on object 'Object Repository/GRN/Page_KDMC - CMS/select_JanFebMarAprMayJunJulAu'

2018-06-10 21:36:36 - [MESSAGE][PASSED] - All options with index in [1] are selected on object 'Object Repository/GRN/Page_KDMC - CMS/select_JanFebMarAprMayJunJulAu'

2018-06-10 21:36:36 - [TEST_STEP][PASSED] - click: Object: 'Object Repository/MOH AND GRN/Page_KDMC - CMS/a_12' is clicked on

2018-06-10 21:36:36 - [MESSAGE][PASSED] - Object: 'Object Repository/MOH AND GRN/Page_KDMC - CMS/a_12' is clicked on

2018-06-10 21:36:36 - [TEST_STEP][PASSED] - click: Object: 'Object Repository/MOH AND GRN/Page_KDMC - CMS/input_btnadd' is clicked on

2018-06-10 21:36:36 - [MESSAGE][PASSED] - Object: 'Object Repository/MOH AND GRN/Page_KDMC - CMS/input_btnadd' is clicked on

2018-06-10 21:36:36 - [TEST_STEP][PASSED] - Statement - If (s == 10): null

2018-06-10 21:36:36 - [TEST_STEP][PASSED] - Statement - Else: null

2018-06-10 21:36:36 - [TEST_STEP][PASSED] - Statement - (s++): null

2018-06-10 21:36:36 - [TEST_STEP][PASSED] - delay: Delayed 1 second(s)

2018-06-10 21:36:37 - [MESSAGE][PASSED] - Delayed 1 second(s)

2018-06-10 21:36:37 - [TEST_STEP][PASSED] - selectOptionByIndex: All options with index in [52] are selected on object 'Object Repository/MOH AND GRN/Page_KDMC - CMS/select_--Select--Amikacin -500'

2018-06-10 21:36:38 - [MESSAGE][PASSED] - All options with index in [52] are selected on object 'Object Repository/MOH AND GRN/Page_KDMC - CMS/select_--Select--Amikacin -500'

2018-06-10 21:36:38 - [TEST_STEP][PASSED] - setText: Text '5000' is set on object 'Object Repository/MOH AND GRN/Page_KDMC - CMS/input_txtqty'

2018-06-10 21:36:38 - [MESSAGE][PASSED] - Text '5000' is set on object 'Object Repository/MOH AND GRN/Page_KDMC - CMS/input_txtqty'

2018-06-10 21:36:38 - [TEST_STEP][PASSED] - selectOptionByIndex: All options with index in [1] are selected on object 'Object Repository/MOH AND GRN/Page_KDMC - CMS/select_--Select--No Tax0'

2018-06-10 21:36:38 - [MESSAGE][PASSED] - All options with index in [1] are selected on object 'Object Repository/MOH AND GRN/Page_KDMC - CMS/select_--Select--No Tax0'

2018-06-10 21:36:38 - [TEST_STEP][PASSED] - setText: Finding Test Object with id 'Object Repository/MOH AND GRN/Page_KDMC - CMS/input_txtmrp'

2018-06-10 21:36:38 - [TEST_STEP][PASSED] - Statement - switch (id): Finding Test Object with id 'Object Repository/MOH AND GRN/Page_KDMC - CMS/input_txtdeal'

2018-06-10 21:36:38 - [TEST_STEP][PASSED] - Statement - case 4:: Text '30.0' is set on object 'Object Repository/MOH AND GRN/Page_KDMC - CMS/input_txtmrp'

2018-06-10 21:36:38 - [TEST_STEP][PASSED] - Statement - return (java.lang.Math.floor((java.lang.Math.random() * ((max - min) + 1))) + min): Text '30.0' is set on object 'Object Repository/MOH AND GRN/Page_KDMC - CMS/input_txtmrp'

2018-06-10 21:36:38 - [MESSAGE][PASSED] - Text '30.0' is set on object 'Object Repository/MOH AND GRN/Page_KDMC - CMS/input_txtmrp'

2018-06-10 21:36:38 - [TEST_STEP][PASSED] - setText: Finding Test Object with id 'Object Repository/MOH AND GRN/Page_KDMC - CMS/input_txtdeal'

2018-06-10 21:36:38 - [TEST_STEP][PASSED] - Statement - switch (id): Finding Test Object with id 'Object Repository/MOH AND GRN/Page_KDMC - CMS/input_txtbatchno'

2018-06-10 21:36:38 - [TEST_STEP][PASSED] - Statement - case 5:: Text '9.0' is set on object 'Object Repository/MOH AND GRN/Page_KDMC - CMS/input_txtdeal'

2018-06-10 21:36:38 - [TEST_STEP][PASSED] - Statement - return (java.lang.Math.floor((java.lang.Math.random() * ((max - min) + 1))) + min): Text '9.0' is set on object 'Object Repository/MOH AND GRN/Page_KDMC - CMS/input_txtdeal'

2018-06-10 21:36:38 - [MESSAGE][PASSED] - Text '9.0' is set on object 'Object Repository/MOH AND GRN/Page_KDMC - CMS/input_txtdeal'

2018-06-10 21:36:38 - [TEST_STEP][PASSED] - setText: Finding Test Object with id 'Object Repository/MOH AND GRN/Page_KDMC - CMS/input_txtbatchno'

2018-06-10 21:36:38 - [TEST_STEP][PASSED] - Statement - switch (id): Finding Test Object with id 'Object Repository/MOH AND GRN/Page_KDMC - CMS/input_txtmrp'

2018-06-10 21:36:38 - [TEST_STEP][PASSED] - Statement - case 1:: Text 'BA472.0' is set on object 'Object Repository/MOH AND GRN/Page_KDMC - CMS/input_txtbatchno'

2018-06-10 21:36:38 - [TEST_STEP][PASSED] - Statement - return (java.lang.Math.floor((java.lang.Math.random() * ((max - min) + 1))) + min): Text 'BA472.0' is set on object 'Object Repository/MOH AND GRN/Page_KDMC - CMS/input_txtbatchno'

2018-06-10 21:36:38 - [MESSAGE][PASSED] - Text 'BA472.0' is set on object 'Object Repository/MOH AND GRN/Page_KDMC - CMS/input_txtbatchno'

2018-06-10 21:36:38 - [TEST_STEP][PASSED] - rightClick: Object: 'Object Repository/GRN/Page_KDMC - CMS/input_txtexpdate' is right clicked on

2018-06-10 21:36:38 - [MESSAGE][PASSED] - Object: 'Object Repository/GRN/Page_KDMC - CMS/input_txtexpdate' is right clicked on

2018-06-10 21:36:38 - [TEST_STEP][PASSED] - selectOptionByIndex: All options with index in [2] are selected on object 'Object Repository/GRN/Page_KDMC - CMS/select_20182019202020212022202'

2018-06-10 21:36:38 - [MESSAGE][PASSED] - All options with index in [2] are selected on object 'Object Repository/GRN/Page_KDMC - CMS/select_20182019202020212022202'

2018-06-10 21:36:38 - [TEST_STEP][PASSED] - selectOptionByIndex: All options with index in [2] are selected on object 'Object Repository/GRN/Page_KDMC - CMS/select_JanFebMarAprMayJunJulAu'

2018-06-10 21:36:39 - [MESSAGE][PASSED] - All options with index in [2] are selected on object 'Object Repository/GRN/Page_KDMC - CMS/select_JanFebMarAprMayJunJulAu'

2018-06-10 21:36:39 - [TEST_STEP][PASSED] - click: Object: 'Object Repository/MOH AND GRN/Page_KDMC - CMS/a_12' is clicked on

2018-06-10 21:36:39 - [MESSAGE][PASSED] - Object: 'Object Repository/MOH AND GRN/Page_KDMC - CMS/a_12' is clicked on

2018-06-10 21:36:39 - [TEST_STEP][PASSED] - click: Object: 'Object Repository/MOH AND GRN/Page_KDMC - CMS/input_btnadd' is clicked on

2018-06-10 21:36:39 - [MESSAGE][PASSED] - Object: 'Object Repository/MOH AND GRN/Page_KDMC - CMS/input_btnadd' is clicked on

2018-06-10 21:36:39 - [TEST_STEP][PASSED] - Statement - If (s == 10): null

2018-06-10 21:36:39 - [TEST_STEP][PASSED] - Statement - Else: null

2018-06-10 21:36:39 - [TEST_STEP][PASSED] - Statement - (s++): null

2018-06-10 21:36:39 - [TEST_STEP][PASSED] - delay: Delayed 1 second(s)

2018-06-10 21:36:40 - [MESSAGE][PASSED] - Delayed 1 second(s)

2018-06-10 21:36:40 - [TEST_STEP][PASSED] - selectOptionByIndex: All options with index in [53] are selected on object 'Object Repository/MOH AND GRN/Page_KDMC - CMS/select_--Select--Amikacin -500'

2018-06-10 21:36:40 - [MESSAGE][PASSED] - All options with index in [53] are selected on object 'Object Repository/MOH AND GRN/Page_KDMC - CMS/select_--Select--Amikacin -500'

2018-06-10 21:36:40 - [TEST_STEP][PASSED] - setText: Text '5000' is set on object 'Object Repository/MOH AND GRN/Page_KDMC - CMS/input_txtqty'

2018-06-10 21:36:41 - [MESSAGE][PASSED] - Text '5000' is set on object 'Object Repository/MOH AND GRN/Page_KDMC - CMS/input_txtqty'

2018-06-10 21:36:41 - [TEST_STEP][PASSED] - selectOptionByIndex: All options with index in [1] are selected on object 'Object Repository/MOH AND GRN/Page_KDMC - CMS/select_--Select--No Tax0'

2018-06-10 21:36:41 - [MESSAGE][PASSED] - All options with index in [1] are selected on object 'Object Repository/MOH AND GRN/Page_KDMC - CMS/select_--Select--No Tax0'

2018-06-10 21:36:41 - [TEST_STEP][PASSED] - setText: Finding Test Object with id 'Object Repository/MOH AND GRN/Page_KDMC - CMS/input_txtmrp'

2018-06-10 21:36:41 - [TEST_STEP][PASSED] - Statement - switch (id): Finding Test Object with id 'Object Repository/MOH AND GRN/Page_KDMC - CMS/input_txtdeal'

2018-06-10 21:36:41 - [TEST_STEP][PASSED] - Statement - case 4:: Text '41.0' is set on object 'Object Repository/MOH AND GRN/Page_KDMC - CMS/input_txtmrp'

2018-06-10 21:36:41 - [TEST_STEP][PASSED] - Statement - return (java.lang.Math.floor((java.lang.Math.random() * ((max - min) + 1))) + min): Text '41.0' is set on object 'Object Repository/MOH AND GRN/Page_KDMC - CMS/input_txtmrp'

2018-06-10 21:36:41 - [MESSAGE][PASSED] - Text '41.0' is set on object 'Object Repository/MOH AND GRN/Page_KDMC - CMS/input_txtmrp'

2018-06-10 21:36:41 - [TEST_STEP][PASSED] - setText: Finding Test Object with id 'Object Repository/MOH AND GRN/Page_KDMC - CMS/input_txtdeal'

2018-06-10 21:36:41 - [TEST_STEP][PASSED] - Statement - switch (id): Finding Test Object with id 'Object Repository/MOH AND GRN/Page_KDMC - CMS/input_txtbatchno'

2018-06-10 21:36:41 - [TEST_STEP][PASSED] - Statement - case 5:: Text '3.0' is set on object 'Object Repository/MOH AND GRN/Page_KDMC - CMS/input_txtdeal'

2018-06-10 21:36:41 - [TEST_STEP][PASSED] - Statement - return (java.lang.Math.floor((java.lang.Math.random() * ((max - min) + 1))) + min): Text '3.0' is set on object 'Object Repository/MOH AND GRN/Page_KDMC - CMS/input_txtdeal'

2018-06-10 21:36:41 - [MESSAGE][PASSED] - Text '3.0' is set on object 'Object Repository/MOH AND GRN/Page_KDMC - CMS/input_txtdeal'

2018-06-10 21:36:41 - [TEST_STEP][PASSED] - setText: Finding Test Object with id 'Object Repository/MOH AND GRN/Page_KDMC - CMS/input_txtbatchno'

2018-06-10 21:36:41 - [TEST_STEP][PASSED] - Statement - switch (id): Finding Test Object with id 'Object Repository/MOH AND GRN/Page_KDMC - CMS/input_txtmrp'

2018-06-10 21:36:41 - [TEST_STEP][PASSED] - Statement - case 1:: Text 'BA137.0' is set on object 'Object Repository/MOH AND GRN/Page_KDMC - CMS/input_txtbatchno'

2018-06-10 21:36:41 - [TEST_STEP][PASSED] - Statement - return (java.lang.Math.floor((java.lang.Math.random() * ((max - min) + 1))) + min): Text 'BA137.0' is set on object 'Object Repository/MOH AND GRN/Page_KDMC - CMS/input_txtbatchno'

2018-06-10 21:36:41 - [MESSAGE][PASSED] - Text 'BA137.0' is set on object 'Object Repository/MOH AND GRN/Page_KDMC - CMS/input_txtbatchno'

2018-06-10 21:36:41 - [TEST_STEP][PASSED] - rightClick: Object: 'Object Repository/GRN/Page_KDMC - CMS/input_txtexpdate' is right clicked on

2018-06-10 21:36:41 - [MESSAGE][PASSED] - Object: 'Object Repository/GRN/Page_KDMC - CMS/input_txtexpdate' is right clicked on

2018-06-10 21:36:41 - [TEST_STEP][PASSED] - selectOptionByIndex: All options with index in [3] are selected on object 'Object Repository/GRN/Page_KDMC - CMS/select_20182019202020212022202'

2018-06-10 21:36:41 - [MESSAGE][PASSED] - All options with index in [3] are selected on object 'Object Repository/GRN/Page_KDMC - CMS/select_20182019202020212022202'

2018-06-10 21:36:41 - [TEST_STEP][PASSED] - selectOptionByIndex: All options with index in [3] are selected on object 'Object Repository/GRN/Page_KDMC - CMS/select_JanFebMarAprMayJunJulAu'

2018-06-10 21:36:41 - [MESSAGE][PASSED] - All options with index in [3] are selected on object 'Object Repository/GRN/Page_KDMC - CMS/select_JanFebMarAprMayJunJulAu'

2018-06-10 21:36:41 - [TEST_STEP][PASSED] - click: Object: 'Object Repository/MOH AND GRN/Page_KDMC - CMS/a_12' is clicked on

2018-06-10 21:36:42 - [MESSAGE][PASSED] - Object: 'Object Repository/MOH AND GRN/Page_KDMC - CMS/a_12' is clicked on

2018-06-10 21:36:42 - [TEST_STEP][PASSED] - click: Object: 'Object Repository/MOH AND GRN/Page_KDMC - CMS/input_btnadd' is clicked on

2018-06-10 21:36:42 - [MESSAGE][PASSED] - Object: 'Object Repository/MOH AND GRN/Page_KDMC - CMS/input_btnadd' is clicked on

2018-06-10 21:36:42 - [TEST_STEP][PASSED] - Statement - If (s == 10): null

2018-06-10 21:36:42 - [TEST_STEP][PASSED] - Statement - Else: null

2018-06-10 21:36:42 - [TEST_STEP][PASSED] - Statement - (s++): null

2018-06-10 21:36:42 - [TEST_STEP][PASSED] - delay: Delayed 1 second(s)

2018-06-10 21:36:43 - [MESSAGE][PASSED] - Delayed 1 second(s)

2018-06-10 21:36:43 - [TEST_STEP][PASSED] - selectOptionByIndex: All options with index in [54] are selected on object 'Object Repository/MOH AND GRN/Page_KDMC - CMS/select_--Select--Amikacin -500'

2018-06-10 21:36:43 - [MESSAGE][PASSED] - All options with index in [54] are selected on object 'Object Repository/MOH AND GRN/Page_KDMC - CMS/select_--Select--Amikacin -500'

2018-06-10 21:36:43 - [TEST_STEP][PASSED] - setText: Text '5000' is set on object 'Object Repository/MOH AND GRN/Page_KDMC - CMS/input_txtqty'

2018-06-10 21:36:44 - [MESSAGE][PASSED] - Text '5000' is set on object 'Object Repository/MOH AND GRN/Page_KDMC - CMS/input_txtqty'

2018-06-10 21:36:44 - [TEST_STEP][PASSED] - selectOptionByIndex: All options with index in [1] are selected on object 'Object Repository/MOH AND GRN/Page_KDMC - CMS/select_--Select--No Tax0'

2018-06-10 21:36:44 - [MESSAGE][PASSED] - All options with index in [1] are selected on object 'Object Repository/MOH AND GRN/Page_KDMC - CMS/select_--Select--No Tax0'

2018-06-10 21:36:44 - [TEST_STEP][PASSED] - setText: Finding Test Object with id 'Object Repository/MOH AND GRN/Page_KDMC - CMS/input_txtmrp'

2018-06-10 21:36:44 - [TEST_STEP][PASSED] - Statement - switch (id): Finding Test Object with id 'Object Repository/MOH AND GRN/Page_KDMC - CMS/input_txtdeal'

2018-06-10 21:36:44 - [TEST_STEP][PASSED] - Statement - case 4:: Text '24.0' is set on object 'Object Repository/MOH AND GRN/Page_KDMC - CMS/input_txtmrp'

2018-06-10 21:36:44 - [TEST_STEP][PASSED] - Statement - return (java.lang.Math.floor((java.lang.Math.random() * ((max - min) + 1))) + min): Text '24.0' is set on object 'Object Repository/MOH AND GRN/Page_KDMC - CMS/input_txtmrp'

2018-06-10 21:36:44 - [MESSAGE][PASSED] - Text '24.0' is set on object 'Object Repository/MOH AND GRN/Page_KDMC - CMS/input_txtmrp'

2018-06-10 21:36:44 - [TEST_STEP][PASSED] - setText: Finding Test Object with id 'Object Repository/MOH AND GRN/Page_KDMC - CMS/input_txtdeal'

2018-06-10 21:36:44 - [TEST_STEP][PASSED] - Statement - switch (id): Finding Test Object with id 'Object Repository/MOH AND GRN/Page_KDMC - CMS/input_txtbatchno'

2018-06-10 21:36:44 - [TEST_STEP][PASSED] - Statement - case 5:: Text '4.0' is set on object 'Object Repository/MOH AND GRN/Page_KDMC - CMS/input_txtdeal'

2018-06-10 21:36:44 - [TEST_STEP][PASSED] - Statement - return (java.lang.Math.floor((java.lang.Math.random() * ((max - min) + 1))) + min): Text '4.0' is set on object 'Object Repository/MOH AND GRN/Page_KDMC - CMS/input_txtdeal'

2018-06-10 21:36:44 - [MESSAGE][PASSED] - Text '4.0' is set on object 'Object Repository/MOH AND GRN/Page_KDMC - CMS/input_txtdeal'

2018-06-10 21:36:44 - [TEST_STEP][PASSED] - setText: Finding Test Object with id 'Object Repository/MOH AND GRN/Page_KDMC - CMS/input_txtbatchno'

2018-06-10 21:36:44 - [TEST_STEP][PASSED] - Statement - switch (id): Finding Test Object with id 'Object Repository/MOH AND GRN/Page_KDMC - CMS/input_txtmrp'

2018-06-10 21:36:44 - [TEST_STEP][PASSED] - Statement - case 1:: Text 'BA744.0' is set on object 'Object Repository/MOH AND GRN/Page_KDMC - CMS/input_txtbatchno'

2018-06-10 21:36:44 - [TEST_STEP][PASSED] - Statement - return (java.lang.Math.floor((java.lang.Math.random() * ((max - min) + 1))) + min): Text 'BA744.0' is set on object 'Object Repository/MOH AND GRN/Page_KDMC - CMS/input_txtbatchno'

2018-06-10 21:36:44 - [MESSAGE][PASSED] - Text 'BA744.0' is set on object 'Object Repository/MOH AND GRN/Page_KDMC - CMS/input_txtbatchno'

2018-06-10 21:36:44 - [TEST_STEP][PASSED] - rightClick: Object: 'Object Repository/GRN/Page_KDMC - CMS/input_txtexpdate' is right clicked on

2018-06-10 21:36:44 - [MESSAGE][PASSED] - Object: 'Object Repository/GRN/Page_KDMC - CMS/input_txtexpdate' is right clicked on

2018-06-10 21:36:44 - [TEST_STEP][PASSED] - selectOptionByIndex: All options with index in [4] are selected on object 'Object Repository/GRN/Page_KDMC - CMS/select_20182019202020212022202'

2018-06-10 21:36:44 - [MESSAGE][PASSED] - All options with index in [4] are selected on object 'Object Repository/GRN/Page_KDMC - CMS/select_20182019202020212022202'

2018-06-10 21:36:44 - [TEST_STEP][PASSED] - selectOptionByIndex: All options with index in [4] are selected on object 'Object Repository/GRN/Page_KDMC - CMS/select_JanFebMarAprMayJunJulAu'

2018-06-10 21:36:44 - [MESSAGE][PASSED] - All options with index in [4] are selected on object 'Object Repository/GRN/Page_KDMC - CMS/select_JanFebMarAprMayJunJulAu'

2018-06-10 21:36:44 - [TEST_STEP][PASSED] - click: Object: 'Object Repository/MOH AND GRN/Page_KDMC - CMS/a_12' is clicked on

2018-06-10 21:36:45 - [MESSAGE][PASSED] - Object: 'Object Repository/MOH AND GRN/Page_KDMC - CMS/a_12' is clicked on

2018-06-10 21:36:45 - [TEST_STEP][PASSED] - click: Object: 'Object Repository/MOH AND GRN/Page_KDMC - CMS/input_btnadd' is clicked on

2018-06-10 21:36:45 - [MESSAGE][PASSED] - Object: 'Object Repository/MOH AND GRN/Page_KDMC - CMS/input_btnadd' is clicked on

2018-06-10 21:36:45 - [TEST_STEP][PASSED] - Statement - If (s == 10): null

2018-06-10 21:36:45 - [TEST_STEP][PASSED] - Statement - Else: null

2018-06-10 21:36:45 - [TEST_STEP][PASSED] - Statement - (s++): null

2018-06-10 21:36:45 - [TEST_STEP][PASSED] - delay: Delayed 1 second(s)

2018-06-10 21:36:46 - [MESSAGE][PASSED] - Delayed 1 second(s)

2018-06-10 21:36:46 - [TEST_STEP][PASSED] - selectOptionByIndex: All options with index in [55] are selected on object 'Object Repository/MOH AND GRN/Page_KDMC - CMS/select_--Select--Amikacin -500'

2018-06-10 21:36:46 - [MESSAGE][PASSED] - All options with index in [55] are selected on object 'Object Repository/MOH AND GRN/Page_KDMC - CMS/select_--Select--Amikacin -500'

2018-06-10 21:36:46 - [TEST_STEP][PASSED] - setText: Text '5000' is set on object 'Object Repository/MOH AND GRN/Page_KDMC - CMS/input_txtqty'

2018-06-10 21:36:46 - [MESSAGE][PASSED] - Text '5000' is set on object 'Object Repository/MOH AND GRN/Page_KDMC - CMS/input_txtqty'

2018-06-10 21:36:46 - [TEST_STEP][PASSED] - selectOptionByIndex: All options with index in [1] are selected on object 'Object Repository/MOH AND GRN/Page_KDMC - CMS/select_--Select--No Tax0'

2018-06-10 21:36:47 - [MESSAGE][PASSED] - All options with index in [1] are selected on object 'Object Repository/MOH AND GRN/Page_KDMC - CMS/select_--Select--No Tax0'

2018-06-10 21:36:47 - [TEST_STEP][PASSED] - setText: Finding Test Object with id 'Object Repository/MOH AND GRN/Page_KDMC - CMS/input_txtmrp'

2018-06-10 21:36:47 - [TEST_STEP][PASSED] - Statement - switch (id): Finding Test Object with id 'Object Repository/MOH AND GRN/Page_KDMC - CMS/input_txtdeal'

2018-06-10 21:36:47 - [TEST_STEP][PASSED] - Statement - case 4:: Text '37.0' is set on object 'Object Repository/MOH AND GRN/Page_KDMC - CMS/input_txtmrp'

2018-06-10 21:36:47 - [TEST_STEP][PASSED] - Statement - return (java.lang.Math.floor((java.lang.Math.random() * ((max - min) + 1))) + min): Text '37.0' is set on object 'Object Repository/MOH AND GRN/Page_KDMC - CMS/input_txtmrp'

2018-06-10 21:36:47 - [MESSAGE][PASSED] - Text '37.0' is set on object 'Object Repository/MOH AND GRN/Page_KDMC - CMS/input_txtmrp'

2018-06-10 21:36:47 - [TEST_STEP][PASSED] - setText: Finding Test Object with id 'Object Repository/MOH AND GRN/Page_KDMC - CMS/input_txtdeal'

2018-06-10 21:36:47 - [TEST_STEP][PASSED] - Statement - switch (id): Finding Test Object with id 'Object Repository/MOH AND GRN/Page_KDMC - CMS/input_txtbatchno'

2018-06-10 21:36:47 - [TEST_STEP][PASSED] - Statement - case 5:: Text '12.0' is set on object 'Object Repository/MOH AND GRN/Page_KDMC - CMS/input_txtdeal'

2018-06-10 21:36:47 - [TEST_STEP][PASSED] - Statement - return (java.lang.Math.floor((java.lang.Math.random() * ((max - min) + 1))) + min): Text '12.0' is set on object 'Object Repository/MOH AND GRN/Page_KDMC - CMS/input_txtdeal'

2018-06-10 21:36:47 - [MESSAGE][PASSED] - Text '12.0' is set on object 'Object Repository/MOH AND GRN/Page_KDMC - CMS/input_txtdeal'

2018-06-10 21:36:47 - [TEST_STEP][PASSED] - setText: Finding Test Object with id 'Object Repository/MOH AND GRN/Page_KDMC - CMS/input_txtbatchno'

2018-06-10 21:36:47 - [TEST_STEP][PASSED] - Statement - switch (id): Finding Test Object with id 'Object Repository/MOH AND GRN/Page_KDMC - CMS/input_txtmrp'

2018-06-10 21:36:47 - [TEST_STEP][PASSED] - Statement - case 1:: Text 'BA881.0' is set on object 'Object Repository/MOH AND GRN/Page_KDMC - CMS/input_txtbatchno'

2018-06-10 21:36:47 - [TEST_STEP][PASSED] - Statement - return (java.lang.Math.floor((java.lang.Math.random() * ((max - min) + 1))) + min): Text 'BA881.0' is set on object 'Object Repository/MOH AND GRN/Page_KDMC - CMS/input_txtbatchno'

2018-06-10 21:36:47 - [MESSAGE][PASSED] - Text 'BA881.0' is set on object 'Object Repository/MOH AND GRN/Page_KDMC - CMS/input_txtbatchno'

2018-06-10 21:36:47 - [TEST_STEP][PASSED] - rightClick: Object: 'Object Repository/GRN/Page_KDMC - CMS/input_txtexpdate' is right clicked on

2018-06-10 21:36:47 - [MESSAGE][PASSED] - Object: 'Object Repository/GRN/Page_KDMC - CMS/input_txtexpdate' is right clicked on

2018-06-10 21:36:47 - [TEST_STEP][PASSED] - selectOptionByIndex: All options with index in [5] are selected on object 'Object Repository/GRN/Page_KDMC - CMS/select_20182019202020212022202'

2018-06-10 21:36:47 - [MESSAGE][PASSED] - All options with index in [5] are selected on object 'Object Repository/GRN/Page_KDMC - CMS/select_20182019202020212022202'

2018-06-10 21:36:47 - [TEST_STEP][PASSED] - selectOptionByIndex: All options with index in [5] are selected on object 'Object Repository/GRN/Page_KDMC - CMS/select_JanFebMarAprMayJunJulAu'

2018-06-10 21:36:47 - [MESSAGE][PASSED] - All options with index in [5] are selected on object 'Object Repository/GRN/Page_KDMC - CMS/select_JanFebMarAprMayJunJulAu'

2018-06-10 21:36:47 - [TEST_STEP][PASSED] - click: Object: 'Object Repository/MOH AND GRN/Page_KDMC - CMS/a_12' is clicked on

2018-06-10 21:36:47 - [MESSAGE][PASSED] - Object: 'Object Repository/MOH AND GRN/Page_KDMC - CMS/a_12' is clicked on

2018-06-10 21:36:47 - [TEST_STEP][PASSED] - click: Object: 'Object Repository/MOH AND GRN/Page_KDMC - CMS/input_btnadd' is clicked on

2018-06-10 21:36:48 - [MESSAGE][PASSED] - Object: 'Object Repository/MOH AND GRN/Page_KDMC - CMS/input_btnadd' is clicked on

2018-06-10 21:36:48 - [TEST_STEP][PASSED] - Statement - If (s == 10): null

2018-06-10 21:36:48 - [TEST_STEP][PASSED] - Statement - Else: null

2018-06-10 21:36:48 - [TEST_STEP][PASSED] - Statement - (s++): null

2018-06-10 21:36:48 - [TEST_STEP][PASSED] - delay: Delayed 1 second(s)

2018-06-10 21:36:49 - [MESSAGE][PASSED] - Delayed 1 second(s)

2018-06-10 21:36:49 - [TEST_STEP][PASSED] - selectOptionByIndex: All options with index in [56] are selected on object 'Object Repository/MOH AND GRN/Page_KDMC - CMS/select_--Select--Amikacin -500'

2018-06-10 21:36:49 - [MESSAGE][PASSED] - All options with index in [56] are selected on object 'Object Repository/MOH AND GRN/Page_KDMC - CMS/select_--Select--Amikacin -500'

2018-06-10 21:36:49 - [TEST_STEP][PASSED] - setText: Text '5000' is set on object 'Object Repository/MOH AND GRN/Page_KDMC - CMS/input_txtqty'

2018-06-10 21:36:49 - [MESSAGE][PASSED] - Text '5000' is set on object 'Object Repository/MOH AND GRN/Page_KDMC - CMS/input_txtqty'

2018-06-10 21:36:49 - [TEST_STEP][PASSED] - selectOptionByIndex: All options with index in [1] are selected on object 'Object Repository/MOH AND GRN/Page_KDMC - CMS/select_--Select--No Tax0'

2018-06-10 21:36:50 - [MESSAGE][PASSED] - All options with index in [1] are selected on object 'Object Repository/MOH AND GRN/Page_KDMC - CMS/select_--Select--No Tax0'

2018-06-10 21:36:50 - [TEST_STEP][PASSED] - setText: Finding Test Object with id 'Object Repository/MOH AND GRN/Page_KDMC - CMS/input_txtmrp'

2018-06-10 21:36:50 - [TEST_STEP][PASSED] - Statement - switch (id): Finding Test Object with id 'Object Repository/MOH AND GRN/Page_KDMC - CMS/input_txtdeal'

2018-06-10 21:36:50 - [TEST_STEP][PASSED] - Statement - case 4:: Text '31.0' is set on object 'Object Repository/MOH AND GRN/Page_KDMC - CMS/input_txtmrp'

2018-06-10 21:36:50 - [TEST_STEP][PASSED] - Statement - return (java.lang.Math.floor((java.lang.Math.random() * ((max - min) + 1))) + min): Text '31.0' is set on object 'Object Repository/MOH AND GRN/Page_KDMC - CMS/input_txtmrp'

2018-06-10 21:36:50 - [MESSAGE][PASSED] - Text '31.0' is set on object 'Object Repository/MOH AND GRN/Page_KDMC - CMS/input_txtmrp'

2018-06-10 21:36:50 - [TEST_STEP][PASSED] - setText: Finding Test Object with id 'Object Repository/MOH AND GRN/Page_KDMC - CMS/input_txtdeal'

2018-06-10 21:36:50 - [TEST_STEP][PASSED] - Statement - switch (id): Finding Test Object with id 'Object Repository/MOH AND GRN/Page_KDMC - CMS/input_txtbatchno'

2018-06-10 21:36:50 - [TEST_STEP][PASSED] - Statement - case 5:: Text '12.0' is set on object 'Object Repository/MOH AND GRN/Page_KDMC - CMS/input_txtdeal'

2018-06-10 21:36:50 - [TEST_STEP][PASSED] - Statement - return (java.lang.Math.floor((java.lang.Math.random() * ((max - min) + 1))) + min): Text '12.0' is set on object 'Object Repository/MOH AND GRN/Page_KDMC - CMS/input_txtdeal'

2018-06-10 21:36:50 - [MESSAGE][PASSED] - Text '12.0' is set on object 'Object Repository/MOH AND GRN/Page_KDMC - CMS/input_txtdeal'

2018-06-10 21:36:50 - [TEST_STEP][PASSED] - setText: Finding Test Object with id 'Object Repository/MOH AND GRN/Page_KDMC - CMS/input_txtbatchno'

2018-06-10 21:36:50 - [TEST_STEP][PASSED] - Statement - switch (id): Finding Test Object with id 'Object Repository/MOH AND GRN/Page_KDMC - CMS/input_txtmrp'

2018-06-10 21:36:50 - [TEST_STEP][PASSED] - Statement - case 1:: Text 'BA470.0' is set on object 'Object Repository/MOH AND GRN/Page_KDMC - CMS/input_txtbatchno'

2018-06-10 21:36:50 - [TEST_STEP][PASSED] - Statement - return (java.lang.Math.floor((java.lang.Math.random() * ((max - min) + 1))) + min): Text 'BA470.0' is set on object 'Object Repository/MOH AND GRN/Page_KDMC - CMS/input_txtbatchno'

2018-06-10 21:36:50 - [MESSAGE][PASSED] - Text 'BA470.0' is set on object 'Object Repository/MOH AND GRN/Page_KDMC - CMS/input_txtbatchno'

2018-06-10 21:36:50 - [TEST_STEP][PASSED] - rightClick: Object: 'Object Repository/GRN/Page_KDMC - CMS/input_txtexpdate' is right clicked on

2018-06-10 21:36:50 - [MESSAGE][PASSED] - Object: 'Object Repository/GRN/Page_KDMC - CMS/input_txtexpdate' is right clicked on

2018-06-10 21:36:50 - [TEST_STEP][PASSED] - selectOptionByIndex: All options with index in [6] are selected on object 'Object Repository/GRN/Page_KDMC - CMS/select_20182019202020212022202'

2018-06-10 21:36:50 - [MESSAGE][PASSED] - All options with index in [6] are selected on object 'Object Repository/GRN/Page_KDMC - CMS/select_20182019202020212022202'

2018-06-10 21:36:50 - [TEST_STEP][PASSED] - selectOptionByIndex: All options with index in [6] are selected on object 'Object Repository/GRN/Page_KDMC - CMS/select_JanFebMarAprMayJunJulAu'

2018-06-10 21:36:50 - [MESSAGE][PASSED] - All options with index in [6] are selected on object 'Object Repository/GRN/Page_KDMC - CMS/select_JanFebMarAprMayJunJulAu'

2018-06-10 21:36:50 - [TEST_STEP][PASSED] - click: Object: 'Object Repository/MOH AND GRN/Page_KDMC - CMS/a_12' is clicked on

2018-06-10 21:36:50 - [MESSAGE][PASSED] - Object: 'Object Repository/MOH AND GRN/Page_KDMC - CMS/a_12' is clicked on

2018-06-10 21:36:50 - [TEST_STEP][PASSED] - click: Object: 'Object Repository/MOH AND GRN/Page_KDMC - CMS/input_btnadd' is clicked on

2018-06-10 21:36:51 - [MESSAGE][PASSED] - Object: 'Object Repository/MOH AND GRN/Page_KDMC - CMS/input_btnadd' is clicked on

2018-06-10 21:36:51 - [TEST_STEP][PASSED] - Statement - If (s == 10): null

2018-06-10 21:36:51 - [TEST_STEP][PASSED] - Statement - Else: null

2018-06-10 21:36:51 - [TEST_STEP][PASSED] - Statement - (s++): null

2018-06-10 21:36:51 - [TEST_STEP][PASSED] - delay: Delayed 1 second(s)

2018-06-10 21:36:52 - [MESSAGE][PASSED] - Delayed 1 second(s)

2018-06-10 21:36:52 - [TEST_STEP][PASSED] - selectOptionByIndex: All options with index in [57] are selected on object 'Object Repository/MOH AND GRN/Page_KDMC - CMS/select_--Select--Amikacin -500'

2018-06-10 21:36:52 - [MESSAGE][PASSED] - All options with index in [57] are selected on object 'Object Repository/MOH AND GRN/Page_KDMC - CMS/select_--Select--Amikacin -500'

2018-06-10 21:36:52 - [TEST_STEP][PASSED] - setText: Text '5000' is set on object 'Object Repository/MOH AND GRN/Page_KDMC - CMS/input_txtqty'

2018-06-10 21:36:52 - [MESSAGE][PASSED] - Text '5000' is set on object 'Object Repository/MOH AND GRN/Page_KDMC - CMS/input_txtqty'

2018-06-10 21:36:52 - [TEST_STEP][PASSED] - selectOptionByIndex: All options with index in [1] are selected on object 'Object Repository/MOH AND GRN/Page_KDMC - CMS/select_--Select--No Tax0'

2018-06-10 21:36:52 - [MESSAGE][PASSED] - All options with index in [1] are selected on object 'Object Repository/MOH AND GRN/Page_KDMC - CMS/select_--Select--No Tax0'

2018-06-10 21:36:52 - [TEST_STEP][PASSED] - setText: Finding Test Object with id 'Object Repository/MOH AND GRN/Page_KDMC - CMS/input_txtmrp'

2018-06-10 21:36:53 - [TEST_STEP][PASSED] - Statement - switch (id): Finding Test Object with id 'Object Repository/MOH AND GRN/Page_KDMC - CMS/input_txtdeal'

2018-06-10 21:36:53 - [TEST_STEP][PASSED] - Statement - case 4:: Text '17.0' is set on object 'Object Repository/MOH AND GRN/Page_KDMC - CMS/input_txtmrp'

2018-06-10 21:36:53 - [TEST_STEP][PASSED] - Statement - return (java.lang.Math.floor((java.lang.Math.random() * ((max - min) + 1))) + min): Text '17.0' is set on object 'Object Repository/MOH AND GRN/Page_KDMC - CMS/input_txtmrp'

2018-06-10 21:36:53 - [MESSAGE][PASSED] - Text '17.0' is set on object 'Object Repository/MOH AND GRN/Page_KDMC - CMS/input_txtmrp'

2018-06-10 21:36:53 - [TEST_STEP][PASSED] - setText: Finding Test Object with id 'Object Repository/MOH AND GRN/Page_KDMC - CMS/input_txtdeal'

2018-06-10 21:36:53 - [TEST_STEP][PASSED] - Statement - switch (id): Finding Test Object with id 'Object Repository/MOH AND GRN/Page_KDMC - CMS/input_txtbatchno'

2018-06-10 21:36:53 - [TEST_STEP][PASSED] - Statement - case 5:: Text '4.0' is set on object 'Object Repository/MOH AND GRN/Page_KDMC - CMS/input_txtdeal'

2018-06-10 21:36:53 - [TEST_STEP][PASSED] - Statement - return (java.lang.Math.floor((java.lang.Math.random() * ((max - min) + 1))) + min): Text '4.0' is set on object 'Object Repository/MOH AND GRN/Page_KDMC - CMS/input_txtdeal'

2018-06-10 21:36:53 - [MESSAGE][PASSED] - Text '4.0' is set on object 'Object Repository/MOH AND GRN/Page_KDMC - CMS/input_txtdeal'

2018-06-10 21:36:53 - [TEST_STEP][PASSED] - setText: Finding Test Object with id 'Object Repository/MOH AND GRN/Page_KDMC - CMS/input_txtbatchno'

2018-06-10 21:36:53 - [TEST_STEP][PASSED] - Statement - switch (id): Finding Test Object with id 'Object Repository/MOH AND GRN/Page_KDMC - CMS/input_txtmrp'

2018-06-10 21:36:53 - [TEST_STEP][PASSED] - Statement - case 1:: Text 'BA65.0' is set on object 'Object Repository/MOH AND GRN/Page_KDMC - CMS/input_txtbatchno'

2018-06-10 21:36:53 - [TEST_STEP][PASSED] - Statement - return (java.lang.Math.floor((java.lang.Math.random() * ((max - min) + 1))) + min): Text 'BA65.0' is set on object 'Object Repository/MOH AND GRN/Page_KDMC - CMS/input_txtbatchno'

2018-06-10 21:36:53 - [MESSAGE][PASSED] - Text 'BA65.0' is set on object 'Object Repository/MOH AND GRN/Page_KDMC - CMS/input_txtbatchno'

2018-06-10 21:36:53 - [TEST_STEP][PASSED] - rightClick: Object: 'Object Repository/GRN/Page_KDMC - CMS/input_txtexpdate' is right clicked on

2018-06-10 21:36:53 - [MESSAGE][PASSED] - Object: 'Object Repository/GRN/Page_KDMC - CMS/input_txtexpdate' is right clicked on

2018-06-10 21:36:53 - [TEST_STEP][PASSED] - selectOptionByIndex: All options with index in [7] are selected on object 'Object Repository/GRN/Page_KDMC - CMS/select_20182019202020212022202'

2018-06-10 21:36:53 - [MESSAGE][PASSED] - All options with index in [7] are selected on object 'Object Repository/GRN/Page_KDMC - CMS/select_20182019202020212022202'

2018-06-10 21:36:53 - [TEST_STEP][PASSED] - selectOptionByIndex: All options with index in [7] are selected on object 'Object Repository/GRN/Page_KDMC - CMS/select_JanFebMarAprMayJunJulAu'

2018-06-10 21:36:53 - [MESSAGE][PASSED] - All options with index in [7] are selected on object 'Object Repository/GRN/Page_KDMC - CMS/select_JanFebMarAprMayJunJulAu'

2018-06-10 21:36:53 - [TEST_STEP][PASSED] - click: Object: 'Object Repository/MOH AND GRN/Page_KDMC - CMS/a_12' is clicked on

2018-06-10 21:36:53 - [MESSAGE][PASSED] - Object: 'Object Repository/MOH AND GRN/Page_KDMC - CMS/a_12' is clicked on

2018-06-10 21:36:53 - [TEST_STEP][PASSED] - click: Object: 'Object Repository/MOH AND GRN/Page_KDMC - CMS/input_btnadd' is clicked on

2018-06-10 21:36:54 - [MESSAGE][PASSED] - Object: 'Object Repository/MOH AND GRN/Page_KDMC - CMS/input_btnadd' is clicked on

2018-06-10 21:36:54 - [TEST_STEP][PASSED] - Statement - If (s == 10): null

2018-06-10 21:36:54 - [TEST_STEP][PASSED] - Statement - Else: null

2018-06-10 21:36:54 - [TEST_STEP][PASSED] - Statement - (s++): null

2018-06-10 21:36:54 - [TEST_STEP][PASSED] - delay: Delayed 1 second(s)

2018-06-10 21:36:55 - [MESSAGE][PASSED] - Delayed 1 second(s)

2018-06-10 21:36:55 - [TEST_STEP][PASSED] - selectOptionByIndex: All options with index in [58] are selected on object 'Object Repository/MOH AND GRN/Page_KDMC - CMS/select_--Select--Amikacin -500'

2018-06-10 21:36:55 - [MESSAGE][PASSED] - All options with index in [58] are selected on object 'Object Repository/MOH AND GRN/Page_KDMC - CMS/select_--Select--Amikacin -500'

2018-06-10 21:36:55 - [TEST_STEP][PASSED] - setText: Text '5000' is set on object 'Object Repository/MOH AND GRN/Page_KDMC - CMS/input_txtqty'

2018-06-10 21:36:55 - [MESSAGE][PASSED] - Text '5000' is set on object 'Object Repository/MOH AND GRN/Page_KDMC - CMS/input_txtqty'

2018-06-10 21:36:55 - [TEST_STEP][PASSED] - selectOptionByIndex: All options with index in [1] are selected on object 'Object Repository/MOH AND GRN/Page_KDMC - CMS/select_--Select--No Tax0'

2018-06-10 21:36:55 - [MESSAGE][PASSED] - All options with index in [1] are selected on object 'Object Repository/MOH AND GRN/Page_KDMC - CMS/select_--Select--No Tax0'

2018-06-10 21:36:55 - [TEST_STEP][PASSED] - setText: Finding Test Object with id 'Object Repository/MOH AND GRN/Page_KDMC - CMS/input_txtmrp'

2018-06-10 21:36:55 - [TEST_STEP][PASSED] - Statement - switch (id): Finding Test Object with id 'Object Repository/MOH AND GRN/Page_KDMC - CMS/input_txtdeal'

2018-06-10 21:36:55 - [TEST_STEP][PASSED] - Statement - case 4:: Text '42.0' is set on object 'Object Repository/MOH AND GRN/Page_KDMC - CMS/input_txtmrp'

2018-06-10 21:36:55 - [TEST_STEP][PASSED] - Statement - return (java.lang.Math.floor((java.lang.Math.random() * ((max - min) + 1))) + min): Text '42.0' is set on object 'Object Repository/MOH AND GRN/Page_KDMC - CMS/input_txtmrp'

2018-06-10 21:36:56 - [MESSAGE][PASSED] - Text '42.0' is set on object 'Object Repository/MOH AND GRN/Page_KDMC - CMS/input_txtmrp'

2018-06-10 21:36:56 - [TEST_STEP][PASSED] - setText: Finding Test Object with id 'Object Repository/MOH AND GRN/Page_KDMC - CMS/input_txtdeal'

2018-06-10 21:36:56 - [TEST_STEP][PASSED] - Statement - switch (id): Finding Test Object with id 'Object Repository/MOH AND GRN/Page_KDMC - CMS/input_txtbatchno'

2018-06-10 21:36:56 - [TEST_STEP][PASSED] - Statement - case 5:: Text '3.0' is set on object 'Object Repository/MOH AND GRN/Page_KDMC - CMS/input_txtdeal'

2018-06-10 21:36:56 - [TEST_STEP][PASSED] - Statement - return (java.lang.Math.floor((java.lang.Math.random() * ((max - min) + 1))) + min): Text '3.0' is set on object 'Object Repository/MOH AND GRN/Page_KDMC - CMS/input_txtdeal'

2018-06-10 21:36:56 - [MESSAGE][PASSED] - Text '3.0' is set on object 'Object Repository/MOH AND GRN/Page_KDMC - CMS/input_txtdeal'

2018-06-10 21:36:56 - [TEST_STEP][PASSED] - setText: Finding Test Object with id 'Object Repository/MOH AND GRN/Page_KDMC - CMS/input_txtbatchno'

2018-06-10 21:36:56 - [TEST_STEP][PASSED] - Statement - switch (id): Finding Test Object with id 'Object Repository/MOH AND GRN/Page_KDMC - CMS/input_txtmrp'

2018-06-10 21:36:56 - [TEST_STEP][PASSED] - Statement - case 1:: Text 'BA619.0' is set on object 'Object Repository/MOH AND GRN/Page_KDMC - CMS/input_txtbatchno'

2018-06-10 21:36:56 - [TEST_STEP][PASSED] - Statement - return (java.lang.Math.floor((java.lang.Math.random() * ((max - min) + 1))) + min): Text 'BA619.0' is set on object 'Object Repository/MOH AND GRN/Page_KDMC - CMS/input_txtbatchno'

2018-06-10 21:36:56 - [MESSAGE][PASSED] - Text 'BA619.0' is set on object 'Object Repository/MOH AND GRN/Page_KDMC - CMS/input_txtbatchno'

2018-06-10 21:36:56 - [TEST_STEP][PASSED] - rightClick: Object: 'Object Repository/GRN/Page_KDMC - CMS/input_txtexpdate' is right clicked on

2018-06-10 21:36:56 - [MESSAGE][PASSED] - Object: 'Object Repository/GRN/Page_KDMC - CMS/input_txtexpdate' is right clicked on

2018-06-10 21:36:56 - [TEST_STEP][PASSED] - selectOptionByIndex: All options with index in [8] are selected on object 'Object Repository/GRN/Page_KDMC - CMS/select_20182019202020212022202'

2018-06-10 21:36:56 - [MESSAGE][PASSED] - All options with index in [8] are selected on object 'Object Repository/GRN/Page_KDMC - CMS/select_20182019202020212022202'

2018-06-10 21:36:56 - [TEST_STEP][PASSED] - selectOptionByIndex: All options with index in [8] are selected on object 'Object Repository/GRN/Page_KDMC - CMS/select_JanFebMarAprMayJunJulAu'

2018-06-10 21:36:56 - [MESSAGE][PASSED] - All options with index in [8] are selected on object 'Object Repository/GRN/Page_KDMC - CMS/select_JanFebMarAprMayJunJulAu'

2018-06-10 21:36:56 - [TEST_STEP][PASSED] - click: Object: 'Object Repository/MOH AND GRN/Page_KDMC - CMS/a_12' is clicked on

2018-06-10 21:36:56 - [MESSAGE][PASSED] - Object: 'Object Repository/MOH AND GRN/Page_KDMC - CMS/a_12' is clicked on

2018-06-10 21:36:56 - [TEST_STEP][PASSED] - click: Object: 'Object Repository/MOH AND GRN/Page_KDMC - CMS/input_btnadd' is clicked on

2018-06-10 21:36:57 - [MESSAGE][PASSED] - Object: 'Object Repository/MOH AND GRN/Page_KDMC - CMS/input_btnadd' is clicked on

2018-06-10 21:36:57 - [TEST_STEP][PASSED] - Statement - If (s == 10): null

2018-06-10 21:36:57 - [TEST_STEP][PASSED] - Statement - Else: null

2018-06-10 21:36:57 - [TEST_STEP][PASSED] - Statement - (s++): null

2018-06-10 21:36:57 - [TEST_STEP][PASSED] - delay: Delayed 1 second(s)

2018-06-10 21:36:58 - [MESSAGE][PASSED] - Delayed 1 second(s)

2018-06-10 21:36:58 - [TEST_STEP][PASSED] - selectOptionByIndex: All options with index in [59] are selected on object 'Object Repository/MOH AND GRN/Page_KDMC - CMS/select_--Select--Amikacin -500'

2018-06-10 21:36:58 - [MESSAGE][PASSED] - All options with index in [59] are selected on object 'Object Repository/MOH AND GRN/Page_KDMC - CMS/select_--Select--Amikacin -500'

2018-06-10 21:36:58 - [TEST_STEP][PASSED] - setText: Text '5000' is set on object 'Object Repository/MOH AND GRN/Page_KDMC - CMS/input_txtqty'

2018-06-10 21:36:58 - [MESSAGE][PASSED] - Text '5000' is set on object 'Object Repository/MOH AND GRN/Page_KDMC - CMS/input_txtqty'

2018-06-10 21:36:58 - [TEST_STEP][PASSED] - selectOptionByIndex: All options with index in [1] are selected on object 'Object Repository/MOH AND GRN/Page_KDMC - CMS/select_--Select--No Tax0'

2018-06-10 21:36:58 - [MESSAGE][PASSED] - All options with index in [1] are selected on object 'Object Repository/MOH AND GRN/Page_KDMC - CMS/select_--Select--No Tax0'

2018-06-10 21:36:58 - [TEST_STEP][PASSED] - setText: Finding Test Object with id 'Object Repository/MOH AND GRN/Page_KDMC - CMS/input_txtmrp'

2018-06-10 21:36:58 - [TEST_STEP][PASSED] - Statement - switch (id): Finding Test Object with id 'Object Repository/MOH AND GRN/Page_KDMC - CMS/input_txtdeal'

2018-06-10 21:36:58 - [TEST_STEP][PASSED] - Statement - case 4:: Text '44.0' is set on object 'Object Repository/MOH AND GRN/Page_KDMC - CMS/input_txtmrp'

2018-06-10 21:36:58 - [TEST_STEP][PASSED] - Statement - return (java.lang.Math.floor((java.lang.Math.random() * ((max - min) + 1))) + min): Text '44.0' is set on object 'Object Repository/MOH AND GRN/Page_KDMC - CMS/input_txtmrp'

2018-06-10 21:36:59 - [MESSAGE][PASSED] - Text '44.0' is set on object 'Object Repository/MOH AND GRN/Page_KDMC - CMS/input_txtmrp'

2018-06-10 21:36:59 - [TEST_STEP][PASSED] - setText: Finding Test Object with id 'Object Repository/MOH AND GRN/Page_KDMC - CMS/input_txtdeal'

2018-06-10 21:36:59 - [TEST_STEP][PASSED] - Statement - switch (id): Finding Test Object with id 'Object Repository/MOH AND GRN/Page_KDMC - CMS/input_txtbatchno'

2018-06-10 21:36:59 - [TEST_STEP][PASSED] - Statement - case 5:: Text '9.0' is set on object 'Object Repository/MOH AND GRN/Page_KDMC - CMS/input_txtdeal'

2018-06-10 21:36:59 - [TEST_STEP][PASSED] - Statement - return (java.lang.Math.floor((java.lang.Math.random() * ((max - min) + 1))) + min): Text '9.0' is set on object 'Object Repository/MOH AND GRN/Page_KDMC - CMS/input_txtdeal'

2018-06-10 21:36:59 - [MESSAGE][PASSED] - Text '9.0' is set on object 'Object Repository/MOH AND GRN/Page_KDMC - CMS/input_txtdeal'

2018-06-10 21:36:59 - [TEST_STEP][PASSED] - setText: Finding Test Object with id 'Object Repository/MOH AND GRN/Page_KDMC - CMS/input_txtbatchno'

2018-06-10 21:36:59 - [TEST_STEP][PASSED] - Statement - switch (id): Finding Test Object with id 'Object Repository/MOH AND GRN/Page_KDMC - CMS/input_txtmrp'

2018-06-10 21:36:59 - [TEST_STEP][PASSED] - Statement - case 1:: Text 'BA864.0' is set on object 'Object Repository/MOH AND GRN/Page_KDMC - CMS/input_txtbatchno'

2018-06-10 21:36:59 - [TEST_STEP][PASSED] - Statement - return (java.lang.Math.floor((java.lang.Math.random() * ((max - min) + 1))) + min): Text 'BA864.0' is set on object 'Object Repository/MOH AND GRN/Page_KDMC - CMS/input_txtbatchno'

2018-06-10 21:36:59 - [MESSAGE][PASSED] - Text 'BA864.0' is set on object 'Object Repository/MOH AND GRN/Page_KDMC - CMS/input_txtbatchno'

2018-06-10 21:36:59 - [TEST_STEP][PASSED] - rightClick: Object: 'Object Repository/GRN/Page_KDMC - CMS/input_txtexpdate' is right clicked on

2018-06-10 21:36:59 - [MESSAGE][PASSED] - Object: 'Object Repository/GRN/Page_KDMC - CMS/input_txtexpdate' is right clicked on

2018-06-10 21:36:59 - [TEST_STEP][PASSED] - selectOptionByIndex: All options with index in [9] are selected on object 'Object Repository/GRN/Page_KDMC - CMS/select_20182019202020212022202'

2018-06-10 21:36:59 - [MESSAGE][PASSED] - All options with index in [9] are selected on object 'Object Repository/GRN/Page_KDMC - CMS/select_20182019202020212022202'

2018-06-10 21:36:59 - [TEST_STEP][PASSED] - selectOptionByIndex: All options with index in [9] are selected on object 'Object Repository/GRN/Page_KDMC - CMS/select_JanFebMarAprMayJunJulAu'

2018-06-10 21:36:59 - [MESSAGE][PASSED] - All options with index in [9] are selected on object 'Object Repository/GRN/Page_KDMC - CMS/select_JanFebMarAprMayJunJulAu'

2018-06-10 21:36:59 - [TEST_STEP][PASSED] - click: Object: 'Object Repository/MOH AND GRN/Page_KDMC - CMS/a_12' is clicked on

2018-06-10 21:36:59 - [MESSAGE][PASSED] - Object: 'Object Repository/MOH AND GRN/Page_KDMC - CMS/a_12' is clicked on

2018-06-10 21:36:59 - [TEST_STEP][PASSED] - click: Object: 'Object Repository/MOH AND GRN/Page_KDMC - CMS/input_btnadd' is clicked on

2018-06-10 21:37:00 - [MESSAGE][PASSED] - Object: 'Object Repository/MOH AND GRN/Page_KDMC - CMS/input_btnadd' is clicked on

2018-06-10 21:37:00 - [TEST_STEP][PASSED] - Statement - If (s == 10): null

2018-06-10 21:37:00 - [TEST_STEP][PASSED] - Statement - Else: null

2018-06-10 21:37:00 - [TEST_STEP][PASSED] - Statement - (s++): null

2018-06-10 21:37:00 - [TEST_STEP][PASSED] - delay: Delayed 1 second(s)

2018-06-10 21:37:01 - [MESSAGE][PASSED] - Delayed 1 second(s)

2018-06-10 21:37:01 - [TEST_STEP][PASSED] - selectOptionByIndex: All options with index in [60] are selected on object 'Object Repository/MOH AND GRN/Page_KDMC - CMS/select_--Select--Amikacin -500'

2018-06-10 21:37:01 - [MESSAGE][PASSED] - All options with index in [60] are selected on object 'Object Repository/MOH AND GRN/Page_KDMC - CMS/select_--Select--Amikacin -500'

2018-06-10 21:37:01 - [TEST_STEP][PASSED] - setText: Text '5000' is set on object 'Object Repository/MOH AND GRN/Page_KDMC - CMS/input_txtqty'

2018-06-10 21:37:01 - [MESSAGE][PASSED] - Text '5000' is set on object 'Object Repository/MOH AND GRN/Page_KDMC - CMS/input_txtqty'

2018-06-10 21:37:01 - [TEST_STEP][PASSED] - selectOptionByIndex: All options with index in [1] are selected on object 'Object Repository/MOH AND GRN/Page_KDMC - CMS/select_--Select--No Tax0'

2018-06-10 21:37:02 - [MESSAGE][PASSED] - All options with index in [1] are selected on object 'Object Repository/MOH AND GRN/Page_KDMC - CMS/select_--Select--No Tax0'

2018-06-10 21:37:02 - [TEST_STEP][PASSED] - setText: Finding Test Object with id 'Object Repository/MOH AND GRN/Page_KDMC - CMS/input_txtmrp'

2018-06-10 21:37:02 - [TEST_STEP][PASSED] - Statement - switch (id): Finding Test Object with id 'Object Repository/MOH AND GRN/Page_KDMC - CMS/input_txtdeal'

2018-06-10 21:37:02 - [TEST_STEP][PASSED] - Statement - case 4:: Text '26.0' is set on object 'Object Repository/MOH AND GRN/Page_KDMC - CMS/input_txtmrp'

2018-06-10 21:37:02 - [TEST_STEP][PASSED] - Statement - return (java.lang.Math.floor((java.lang.Math.random() * ((max - min) + 1))) + min): Text '26.0' is set on object 'Object Repository/MOH AND GRN/Page_KDMC - CMS/input_txtmrp'

2018-06-10 21:37:02 - [MESSAGE][PASSED] - Text '26.0' is set on object 'Object Repository/MOH AND GRN/Page_KDMC - CMS/input_txtmrp'

2018-06-10 21:37:02 - [TEST_STEP][PASSED] - setText: Finding Test Object with id 'Object Repository/MOH AND GRN/Page_KDMC - CMS/input_txtdeal'

2018-06-10 21:37:02 - [TEST_STEP][PASSED] - Statement - switch (id): Finding Test Object with id 'Object Repository/MOH AND GRN/Page_KDMC - CMS/input_txtbatchno'

2018-06-10 21:37:02 - [TEST_STEP][PASSED] - Statement - case 5:: Text '4.0' is set on object 'Object Repository/MOH AND GRN/Page_KDMC - CMS/input_txtdeal'

2018-06-10 21:37:02 - [TEST_STEP][PASSED] - Statement - return (java.lang.Math.floor((java.lang.Math.random() * ((max - min) + 1))) + min): Text '4.0' is set on object 'Object Repository/MOH AND GRN/Page_KDMC - CMS/input_txtdeal'

2018-06-10 21:37:02 - [MESSAGE][PASSED] - Text '4.0' is set on object 'Object Repository/MOH AND GRN/Page_KDMC - CMS/input_txtdeal'

2018-06-10 21:37:02 - [TEST_STEP][PASSED] - setText: Finding Test Object with id 'Object Repository/MOH AND GRN/Page_KDMC - CMS/input_txtbatchno'

2018-06-10 21:37:02 - [TEST_STEP][PASSED] - Statement - switch (id): Finding Test Object with id 'Object Repository/MOH AND GRN/Page_KDMC - CMS/input_txtmrp'

2018-06-10 21:37:02 - [TEST_STEP][PASSED] - Statement - case 1:: Text 'BA910.0' is set on object 'Object Repository/MOH AND GRN/Page_KDMC - CMS/input_txtbatchno'

2018-06-10 21:37:02 - [TEST_STEP][PASSED] - Statement - return (java.lang.Math.floor((java.lang.Math.random() * ((max - min) + 1))) + min): Text 'BA910.0' is set on object 'Object Repository/MOH AND GRN/Page_KDMC - CMS/input_txtbatchno'

2018-06-10 21:37:02 - [MESSAGE][PASSED] - Text 'BA910.0' is set on object 'Object Repository/MOH AND GRN/Page_KDMC - CMS/input_txtbatchno'

2018-06-10 21:37:02 - [TEST_STEP][PASSED] - rightClick: Object: 'Object Repository/GRN/Page_KDMC - CMS/input_txtexpdate' is right clicked on

2018-06-10 21:37:02 - [MESSAGE][PASSED] - Object: 'Object Repository/GRN/Page_KDMC - CMS/input_txtexpdate' is right clicked on

2018-06-10 21:37:02 - [TEST_STEP][PASSED] - selectOptionByIndex: All options with index in [10] are selected on object 'Object Repository/GRN/Page_KDMC - CMS/select_20182019202020212022202'

2018-06-10 21:37:02 - [MESSAGE][PASSED] - All options with index in [10] are selected on object 'Object Repository/GRN/Page_KDMC - CMS/select_20182019202020212022202'

2018-06-10 21:37:02 - [TEST_STEP][PASSED] - selectOptionByIndex: All options with index in [10] are selected on object 'Object Repository/GRN/Page_KDMC - CMS/select_JanFebMarAprMayJunJulAu'

2018-06-10 21:37:02 - [MESSAGE][PASSED] - All options with index in [10] are selected on object 'Object Repository/GRN/Page_KDMC - CMS/select_JanFebMarAprMayJunJulAu'

2018-06-10 21:37:02 - [TEST_STEP][PASSED] - click: Object: 'Object Repository/MOH AND GRN/Page_KDMC - CMS/a_12' is clicked on

2018-06-10 21:37:03 - [MESSAGE][PASSED] - Object: 'Object Repository/MOH AND GRN/Page_KDMC - CMS/a_12' is clicked on

2018-06-10 21:37:03 - [TEST_STEP][PASSED] - click: Object: 'Object Repository/MOH AND GRN/Page_KDMC - CMS/input_btnadd' is clicked on

2018-06-10 21:37:03 - [MESSAGE][PASSED] - Object: 'Object Repository/MOH AND GRN/Page_KDMC - CMS/input_btnadd' is clicked on

2018-06-10 21:37:03 - [TEST_STEP][PASSED] - Statement - If (s == 10): null

2018-06-10 21:37:03 - [TEST_STEP][PASSED] - Statement - s = 1: null

2018-06-10 21:37:03 - [TEST_STEP][PASSED] - delay: Delayed 1 second(s)

2018-06-10 21:37:04 - [MESSAGE][PASSED] - Delayed 1 second(s)

2018-06-10 21:37:04 - [TEST_STEP][PASSED] - selectOptionByIndex: All options with index in [61] are selected on object 'Object Repository/MOH AND GRN/Page_KDMC - CMS/select_--Select--Amikacin -500'

2018-06-10 21:37:04 - [MESSAGE][PASSED] - All options with index in [61] are selected on object 'Object Repository/MOH AND GRN/Page_KDMC - CMS/select_--Select--Amikacin -500'

2018-06-10 21:37:04 - [TEST_STEP][PASSED] - setText: Text '5000' is set on object 'Object Repository/MOH AND GRN/Page_KDMC - CMS/input_txtqty'

2018-06-10 21:37:04 - [MESSAGE][PASSED] - Text '5000' is set on object 'Object Repository/MOH AND GRN/Page_KDMC - CMS/input_txtqty'

2018-06-10 21:37:04 - [TEST_STEP][PASSED] - selectOptionByIndex: All options with index in [1] are selected on object 'Object Repository/MOH AND GRN/Page_KDMC - CMS/select_--Select--No Tax0'

2018-06-10 21:37:05 - [MESSAGE][PASSED] - All options with index in [1] are selected on object 'Object Repository/MOH AND GRN/Page_KDMC - CMS/select_--Select--No Tax0'

2018-06-10 21:37:05 - [TEST_STEP][PASSED] - setText: Finding Test Object with id 'Object Repository/MOH AND GRN/Page_KDMC - CMS/input_txtmrp'

2018-06-10 21:37:05 - [TEST_STEP][PASSED] - Statement - switch (id): Finding Test Object with id 'Object Repository/MOH AND GRN/Page_KDMC - CMS/input_txtdeal'

2018-06-10 21:37:05 - [TEST_STEP][PASSED] - Statement - case 4:: Text '27.0' is set on object 'Object Repository/MOH AND GRN/Page_KDMC - CMS/input_txtmrp'

2018-06-10 21:37:05 - [TEST_STEP][PASSED] - Statement - return (java.lang.Math.floor((java.lang.Math.random() * ((max - min) + 1))) + min): Text '27.0' is set on object 'Object Repository/MOH AND GRN/Page_KDMC - CMS/input_txtmrp'

2018-06-10 21:37:05 - [MESSAGE][PASSED] - Text '27.0' is set on object 'Object Repository/MOH AND GRN/Page_KDMC - CMS/input_txtmrp'

2018-06-10 21:37:05 - [TEST_STEP][PASSED] - setText: Finding Test Object with id 'Object Repository/MOH AND GRN/Page_KDMC - CMS/input_txtdeal'

2018-06-10 21:37:05 - [TEST_STEP][PASSED] - Statement - switch (id): Finding Test Object with id 'Object Repository/MOH AND GRN/Page_KDMC - CMS/input_txtbatchno'

2018-06-10 21:37:05 - [TEST_STEP][PASSED] - Statement - case 5:: Text '2.0' is set on object 'Object Repository/MOH AND GRN/Page_KDMC - CMS/input_txtdeal'

2018-06-10 21:37:05 - [TEST_STEP][PASSED] - Statement - return (java.lang.Math.floor((java.lang.Math.random() * ((max - min) + 1))) + min): Text '2.0' is set on object 'Object Repository/MOH AND GRN/Page_KDMC - CMS/input_txtdeal'

2018-06-10 21:37:05 - [MESSAGE][PASSED] - Text '2.0' is set on object 'Object Repository/MOH AND GRN/Page_KDMC - CMS/input_txtdeal'

2018-06-10 21:37:05 - [TEST_STEP][PASSED] - setText: Finding Test Object with id 'Object Repository/MOH AND GRN/Page_KDMC - CMS/input_txtbatchno'

2018-06-10 21:37:05 - [TEST_STEP][PASSED] - Statement - switch (id): Finding Test Object with id 'Object Repository/MOH AND GRN/Page_KDMC - CMS/input_txtmrp'

2018-06-10 21:37:05 - [TEST_STEP][PASSED] - Statement - case 1:: Text 'BA140.0' is set on object 'Object Repository/MOH AND GRN/Page_KDMC - CMS/input_txtbatchno'

2018-06-10 21:37:05 - [TEST_STEP][PASSED] - Statement - return (java.lang.Math.floor((java.lang.Math.random() * ((max - min) + 1))) + min): Text 'BA140.0' is set on object 'Object Repository/MOH AND GRN/Page_KDMC - CMS/input_txtbatchno'

2018-06-10 21:37:05 - [MESSAGE][PASSED] - Text 'BA140.0' is set on object 'Object Repository/MOH AND GRN/Page_KDMC - CMS/input_txtbatchno'

2018-06-10 21:37:05 - [TEST_STEP][PASSED] - rightClick: Object: 'Object Repository/GRN/Page_KDMC - CMS/input_txtexpdate' is right clicked on

2018-06-10 21:37:05 - [MESSAGE][PASSED] - Object: 'Object Repository/GRN/Page_KDMC - CMS/input_txtexpdate' is right clicked on

2018-06-10 21:37:05 - [TEST_STEP][PASSED] - selectOptionByIndex: All options with index in [1] are selected on object 'Object Repository/GRN/Page_KDMC - CMS/select_20182019202020212022202'

2018-06-10 21:37:05 - [MESSAGE][PASSED] - All options with index in [1] are selected on object 'Object Repository/GRN/Page_KDMC - CMS/select_20182019202020212022202'

2018-06-10 21:37:05 - [TEST_STEP][PASSED] - selectOptionByIndex: All options with index in [1] are selected on object 'Object Repository/GRN/Page_KDMC - CMS/select_JanFebMarAprMayJunJulAu'

2018-06-10 21:37:05 - [MESSAGE][PASSED] - All options with index in [1] are selected on object 'Object Repository/GRN/Page_KDMC - CMS/select_JanFebMarAprMayJunJulAu'

2018-06-10 21:37:05 - [TEST_STEP][PASSED] - click: Object: 'Object Repository/MOH AND GRN/Page_KDMC - CMS/a_12' is clicked on

2018-06-10 21:37:05 - [MESSAGE][PASSED] - Object: 'Object Repository/MOH AND GRN/Page_KDMC - CMS/a_12' is clicked on

2018-06-10 21:37:05 - [TEST_STEP][PASSED] - click: Object: 'Object Repository/MOH AND GRN/Page_KDMC - CMS/input_btnadd' is clicked on

2018-06-10 21:37:06 - [MESSAGE][PASSED] - Object: 'Object Repository/MOH AND GRN/Page_KDMC - CMS/input_btnadd' is clicked on

2018-06-10 21:37:06 - [TEST_STEP][PASSED] - Statement - If (s == 10): null

2018-06-10 21:37:06 - [TEST_STEP][PASSED] - Statement - Else: null

2018-06-10 21:37:06 - [TEST_STEP][PASSED] - Statement - (s++): null

2018-06-10 21:37:06 - [TEST_STEP][PASSED] - delay: Delayed 1 second(s)

2018-06-10 21:37:07 - [MESSAGE][PASSED] - Delayed 1 second(s)

2018-06-10 21:37:07 - [TEST_STEP][PASSED] - selectOptionByIndex: All options with index in [62] are selected on object 'Object Repository/MOH AND GRN/Page_KDMC - CMS/select_--Select--Amikacin -500'

2018-06-10 21:37:07 - [MESSAGE][PASSED] - All options with index in [62] are selected on object 'Object Repository/MOH AND GRN/Page_KDMC - CMS/select_--Select--Amikacin -500'

2018-06-10 21:37:07 - [TEST_STEP][PASSED] - setText: Text '5000' is set on object 'Object Repository/MOH AND GRN/Page_KDMC - CMS/input_txtqty'

2018-06-10 21:37:07 - [MESSAGE][PASSED] - Text '5000' is set on object 'Object Repository/MOH AND GRN/Page_KDMC - CMS/input_txtqty'

2018-06-10 21:37:07 - [TEST_STEP][PASSED] - selectOptionByIndex: All options with index in [1] are selected on object 'Object Repository/MOH AND GRN/Page_KDMC - CMS/select_--Select--No Tax0'

2018-06-10 21:37:08 - [MESSAGE][PASSED] - All options with index in [1] are selected on object 'Object Repository/MOH AND GRN/Page_KDMC - CMS/select_--Select--No Tax0'

2018-06-10 21:37:08 - [TEST_STEP][PASSED] - setText: Finding Test Object with id 'Object Repository/MOH AND GRN/Page_KDMC - CMS/input_txtmrp'

2018-06-10 21:37:08 - [TEST_STEP][PASSED] - Statement - switch (id): Finding Test Object with id 'Object Repository/MOH AND GRN/Page_KDMC - CMS/input_txtdeal'

2018-06-10 21:37:08 - [TEST_STEP][PASSED] - Statement - case 4:: Text '32.0' is set on object 'Object Repository/MOH AND GRN/Page_KDMC - CMS/input_txtmrp'

2018-06-10 21:37:08 - [TEST_STEP][PASSED] - Statement - return (java.lang.Math.floor((java.lang.Math.random() * ((max - min) + 1))) + min): Text '32.0' is set on object 'Object Repository/MOH AND GRN/Page_KDMC - CMS/input_txtmrp'

2018-06-10 21:37:08 - [MESSAGE][PASSED] - Text '32.0' is set on object 'Object Repository/MOH AND GRN/Page_KDMC - CMS/input_txtmrp'

2018-06-10 21:37:08 - [TEST_STEP][PASSED] - setText: Finding Test Object with id 'Object Repository/MOH AND GRN/Page_KDMC - CMS/input_txtdeal'

2018-06-10 21:37:08 - [TEST_STEP][PASSED] - Statement - switch (id): Finding Test Object with id 'Object Repository/MOH AND GRN/Page_KDMC - CMS/input_txtbatchno'

2018-06-10 21:37:08 - [TEST_STEP][PASSED] - Statement - case 5:: Text '11.0' is set on object 'Object Repository/MOH AND GRN/Page_KDMC - CMS/input_txtdeal'

2018-06-10 21:37:08 - [TEST_STEP][PASSED] - Statement - return (java.lang.Math.floor((java.lang.Math.random() * ((max - min) + 1))) + min): Text '11.0' is set on object 'Object Repository/MOH AND GRN/Page_KDMC - CMS/input_txtdeal'

2018-06-10 21:37:08 - [MESSAGE][PASSED] - Text '11.0' is set on object 'Object Repository/MOH AND GRN/Page_KDMC - CMS/input_txtdeal'

2018-06-10 21:37:08 - [TEST_STEP][PASSED] - setText: Finding Test Object with id 'Object Repository/MOH AND GRN/Page_KDMC - CMS/input_txtbatchno'

2018-06-10 21:37:08 - [TEST_STEP][PASSED] - Statement - switch (id): Delayed 1 second(s)

2018-06-10 21:37:08 - [TEST_STEP][PASSED] - Statement - case 1:: Text 'BA800.0' is set on object 'Object Repository/MOH AND GRN/Page_KDMC - CMS/input_txtbatchno'

2018-06-10 21:37:08 - [TEST_STEP][PASSED] - Statement - return (java.lang.Math.floor((java.lang.Math.random() * ((max - min) + 1))) + min): Text 'BA800.0' is set on object 'Object Repository/MOH AND GRN/Page_KDMC - CMS/input_txtbatchno'

2018-06-10 21:37:08 - [MESSAGE][PASSED] - Text 'BA800.0' is set on object 'Object Repository/MOH AND GRN/Page_KDMC - CMS/input_txtbatchno'

2018-06-10 21:37:08 - [TEST_STEP][PASSED] - rightClick: Object: 'Object Repository/GRN/Page_KDMC - CMS/input_txtexpdate' is right clicked on

2018-06-10 21:37:08 - [MESSAGE][PASSED] - Object: 'Object Repository/GRN/Page_KDMC - CMS/input_txtexpdate' is right clicked on

2018-06-10 21:37:08 - [TEST_STEP][PASSED] - selectOptionByIndex: All options with index in [2] are selected on object 'Object Repository/GRN/Page_KDMC - CMS/select_20182019202020212022202'

2018-06-10 21:37:08 - [MESSAGE][PASSED] - All options with index in [2] are selected on object 'Object Repository/GRN/Page_KDMC - CMS/select_20182019202020212022202'

2018-06-10 21:37:08 - [TEST_STEP][PASSED] - selectOptionByIndex: All options with index in [2] are selected on object 'Object Repository/GRN/Page_KDMC - CMS/select_JanFebMarAprMayJunJulAu'

2018-06-10 21:37:08 - [MESSAGE][PASSED] - All options with index in [2] are selected on object 'Object Repository/GRN/Page_KDMC - CMS/select_JanFebMarAprMayJunJulAu'

2018-06-10 21:37:08 - [TEST_STEP][PASSED] - click: Object: 'Object Repository/MOH AND GRN/Page_KDMC - CMS/a_12' is clicked on

2018-06-10 21:37:08 - [MESSAGE][PASSED] - Object: 'Object Repository/MOH AND GRN/Page_KDMC - CMS/a_12' is clicked on

2018-06-10 21:37:08 - [TEST_STEP][PASSED] - click: Object: 'Object Repository/MOH AND GRN/Page_KDMC - CMS/input_btnadd' is clicked on

2018-06-10 21:37:09 - [MESSAGE][PASSED] - Object: 'Object Repository/MOH AND GRN/Page_KDMC - CMS/input_btnadd' is clicked on

2018-06-10 21:37:09 - [TEST_STEP][PASSED] - Statement - If (s == 10): null

2018-06-10 21:37:09 - [TEST_STEP][PASSED] - Statement - Else: null

2018-06-10 21:37:09 - [TEST_STEP][PASSED] - Statement - (s++): null

2018-06-10 21:37:09 - [TEST_STEP][PASSED] - delay: Delayed 1 second(s)

2018-06-10 21:37:10 - [MESSAGE][PASSED] - Delayed 1 second(s)

2018-06-10 21:37:10 - [TEST_STEP][PASSED] - scrollToElement: Scroll to object 'Object Repository/MOH AND GRN/Page_KDMC - CMS/input_btnSubmit' successfully

2018-06-10 21:37:10 - [MESSAGE][PASSED] - Scroll to object 'Object Repository/MOH AND GRN/Page_KDMC - CMS/input_btnSubmit' successfully

2018-06-10 21:37:10 - [TEST_STEP][PASSED] - click: Object: 'Object Repository/MOH AND GRN/Page_KDMC - CMS/input_btnSubmit' is clicked on

2018-06-10 21:37:10 - [MESSAGE][PASSED] - Object: 'Object Repository/MOH AND GRN/Page_KDMC - CMS/input_btnSubmit' is clicked on

2018-06-10 21:37:10 - [TEST_STEP][PASSED] - delay: Delayed 3 second(s)

2018-06-10 21:37:13 - [MESSAGE][PASSED] - Delayed 3 second(s)

2018-06-10 21:37:13 - [TEST_STEP][PASSED] - click: Object: 'Object Repository/MOH AND GRN/Page_KDMC - CMS/button_OK' is clicked on

2018-06-10 21:37:13 - [MESSAGE][PASSED] - Object: 'Object Repository/MOH AND GRN/Page_KDMC - CMS/button_OK' is clicked on

2018-06-10 21:37:13 - [TEST_STEP][PASSED] - delay: Delayed 2 second(s)

2018-06-10 21:37:15 - [MESSAGE][PASSED] - Delayed 2 second(s)

2018-06-10 21:37:15 - [TEST_STEP][PASSED] - delay: Delayed 3 second(s)

2018-06-10 21:37:18 - [MESSAGE][PASSED] - Delayed 3 second(s)

2018-06-10 21:37:18 - [TEST_STEP][PASSED] - click: Object: 'Object Repository/MOH AND GRN/Page_KDMC - CMS/a_dropdown-toggle' is clicked on

2018-06-10 21:37:18 - [MESSAGE][PASSED] - Object: 'Object Repository/MOH AND GRN/Page_KDMC - CMS/a_dropdown-toggle' is clicked on

2018-06-10 21:37:18 - [TEST_STEP][PASSED] - click: Object: 'Object Repository/MOH AND GRN/Page_KDMC - CMS/a_Sign out' is clicked on

2018-06-10 21:37:19 - [MESSAGE][PASSED] - Object: 'Object Repository/MOH AND GRN/Page_KDMC - CMS/a_Sign out' is clicked on

2018-06-10 21:37:19 - [TEST_STEP][PASSED] - closeBrowser: Browser is closed

2018-06-10 21:37:20 - [MESSAGE][PASSED] - Browser is closed]]></system-out>
         <system-err><![CDATA[]]></system-err>
      </testcase>
      <testcase name="Test Cases/TEST/MOH REQUEST AND GRN/Moh Request GRN  Schedule 2" classname="Test Cases/TEST/MOH REQUEST AND GRN/Moh Request GRN  Schedule 2" status="PASSED">
         <system-out><![CDATA[2018-06-10 21:37:20 - [TEST_CASE][PASSED] - Test Cases/TEST/MOH REQUEST AND GRN/Moh Request GRN  Schedule 2: Test Cases/TEST/MOH REQUEST AND GRN/Moh Request GRN  Schedule 2

2018-06-10 21:37:20 - [TEST_STEP][PASSED] - openBrowser: Browser is opened with url: ''

2018-06-10 21:37:22 - [MESSAGE][PASSED] - Browser is opened with url: ''

2018-06-10 21:37:22 - [TEST_STEP][PASSED] - navigateToUrl: Navigate to 'http://192.168.137.1/multihospital_new/' successfully

2018-06-10 21:37:24 - [MESSAGE][PASSED] - Navigate to 'http://192.168.137.1/multihospital_new/' successfully

2018-06-10 21:37:24 - [TEST_STEP][PASSED] - maximizeWindow: Current window maximized

2018-06-10 21:37:25 - [MESSAGE][PASSED] - Current window maximized

2018-06-10 21:37:25 - [TEST_STEP][PASSED] - click: Object: 'Object Repository/MOH AND GRN/Page_KDMC/a_CMS' is clicked on

2018-06-10 21:37:26 - [MESSAGE][PASSED] - Object: 'Object Repository/MOH AND GRN/Page_KDMC/a_CMS' is clicked on

2018-06-10 21:37:26 - [TEST_STEP][PASSED] - setText: Text 'bala' is set on object 'Object Repository/MOH AND GRN/Page_CMS login/input_txtusername'

2018-06-10 21:37:26 - [MESSAGE][PASSED] - Text 'bala' is set on object 'Object Repository/MOH AND GRN/Page_CMS login/input_txtusername'

2018-06-10 21:37:26 - [TEST_STEP][PASSED] - setText: Text '123' is set on object 'Object Repository/MOH AND GRN/Page_CMS login/input_txtpassword'

2018-06-10 21:37:26 - [MESSAGE][PASSED] - Text '123' is set on object 'Object Repository/MOH AND GRN/Page_CMS login/input_txtpassword'

2018-06-10 21:37:26 - [TEST_STEP][PASSED] - delay: Delayed 3 second(s)

2018-06-10 21:37:29 - [MESSAGE][PASSED] - Delayed 3 second(s)

2018-06-10 21:37:29 - [TEST_STEP][PASSED] - click: Object: 'Object Repository/MOH AND GRN/Page_CMS login/button_Sign in' is clicked on

2018-06-10 21:37:30 - [MESSAGE][PASSED] - Object: 'Object Repository/MOH AND GRN/Page_CMS login/button_Sign in' is clicked on

2018-06-10 21:37:30 - [TEST_STEP][PASSED] - click: Object: 'Object Repository/MOH AND GRN/Page_KDMC - CMS/a_Request to MOH' is clicked on

2018-06-10 21:37:31 - [MESSAGE][PASSED] - Object: 'Object Repository/MOH AND GRN/Page_KDMC - CMS/a_Request to MOH' is clicked on

2018-06-10 21:37:31 - [TEST_STEP][PASSED] - selectOptionByIndex: All options with index in [2] are selected on object 'Object Repository/MOH AND GRN/Page_KDMC - CMS/select_--Select--'

2018-06-10 21:37:31 - [MESSAGE][PASSED] - All options with index in [2] are selected on object 'Object Repository/MOH AND GRN/Page_KDMC - CMS/select_--Select--'

2018-06-10 21:37:31 - [TEST_STEP][PASSED] - selectOptionByIndex: All options with index in [2] are selected on object 'Object Repository/MOH AND GRN/Page_KDMC - CMS/select_--Select--Schedule 1Inj'

2018-06-10 21:37:31 - [MESSAGE][PASSED] - All options with index in [2] are selected on object 'Object Repository/MOH AND GRN/Page_KDMC - CMS/select_--Select--Schedule 1Inj'

2018-06-10 21:37:31 - [TEST_STEP][PASSED] - Statement - selectedoptions = com.kms.katalon.core.webui.keyword.WebUiBuiltInKeywords.getNumberOfTotalOption(com.kms.katalon.core.testobject.ObjectRepository.findTestObject(MOH AND GRN/Page_KDMC - CMS/select_--Select--Adernaline 0.)): 73 options of object 'Object Repository/MOH AND GRN/Page_KDMC - CMS/select_--Select--Adernaline 0.' counted

2018-06-10 21:37:31 - [MESSAGE][PASSED] - 73 options of object 'Object Repository/MOH AND GRN/Page_KDMC - CMS/select_--Select--Adernaline 0.' counted

2018-06-10 21:37:31 - [TEST_STEP][PASSED] - Statement - For ([j = 1, j <= selectedoptions - 1, (j++)]): Object: 'Object Repository/MOH AND GRN/Page_KDMC - CMS/button_Add' is clicked on

2018-06-10 21:37:31 - [TEST_STEP][PASSED] - selectOptionByIndex: All options with index in [2] are selected on object 'Object Repository/MOH AND GRN/Page_KDMC - CMS/select_--Select--Schedule 1Inj'

2018-06-10 21:37:31 - [MESSAGE][PASSED] - All options with index in [2] are selected on object 'Object Repository/MOH AND GRN/Page_KDMC - CMS/select_--Select--Schedule 1Inj'

2018-06-10 21:37:31 - [TEST_STEP][PASSED] - selectOptionByIndex: All options with index in [1] are selected on object 'Object Repository/MOH AND GRN/Page_KDMC - CMS/select_--Select--Adernaline 0.'

2018-06-10 21:37:32 - [MESSAGE][PASSED] - All options with index in [1] are selected on object 'Object Repository/MOH AND GRN/Page_KDMC - CMS/select_--Select--Adernaline 0.'

2018-06-10 21:37:32 - [TEST_STEP][PASSED] - setText: Text '5000' is set on object 'Object Repository/MOH AND GRN/Page_KDMC - CMS/input_txttreat'

2018-06-10 21:37:32 - [MESSAGE][PASSED] - Text '5000' is set on object 'Object Repository/MOH AND GRN/Page_KDMC - CMS/input_txttreat'

2018-06-10 21:37:32 - [TEST_STEP][PASSED] - click: Object: 'Object Repository/MOH AND GRN/Page_KDMC - CMS/button_Add' is clicked on

2018-06-10 21:37:32 - [MESSAGE][PASSED] - Object: 'Object Repository/MOH AND GRN/Page_KDMC - CMS/button_Add' is clicked on

2018-06-10 21:37:32 - [TEST_STEP][PASSED] - selectOptionByIndex: All options with index in [2] are selected on object 'Object Repository/MOH AND GRN/Page_KDMC - CMS/select_--Select--Schedule 1Inj'

2018-06-10 21:37:32 - [MESSAGE][PASSED] - All options with index in [2] are selected on object 'Object Repository/MOH AND GRN/Page_KDMC - CMS/select_--Select--Schedule 1Inj'

2018-06-10 21:37:32 - [TEST_STEP][PASSED] - selectOptionByIndex: All options with index in [2] are selected on object 'Object Repository/MOH AND GRN/Page_KDMC - CMS/select_--Select--Adernaline 0.'

2018-06-10 21:37:32 - [MESSAGE][PASSED] - All options with index in [2] are selected on object 'Object Repository/MOH AND GRN/Page_KDMC - CMS/select_--Select--Adernaline 0.'

2018-06-10 21:37:32 - [TEST_STEP][PASSED] - setText: Text '5000' is set on object 'Object Repository/MOH AND GRN/Page_KDMC - CMS/input_txttreat'

2018-06-10 21:37:32 - [MESSAGE][PASSED] - Text '5000' is set on object 'Object Repository/MOH AND GRN/Page_KDMC - CMS/input_txttreat'

2018-06-10 21:37:32 - [TEST_STEP][PASSED] - click: Object: 'Object Repository/MOH AND GRN/Page_KDMC - CMS/button_Add' is clicked on

2018-06-10 21:37:32 - [MESSAGE][PASSED] - Object: 'Object Repository/MOH AND GRN/Page_KDMC - CMS/button_Add' is clicked on

2018-06-10 21:37:32 - [TEST_STEP][PASSED] - selectOptionByIndex: All options with index in [2] are selected on object 'Object Repository/MOH AND GRN/Page_KDMC - CMS/select_--Select--Schedule 1Inj'

2018-06-10 21:37:32 - [MESSAGE][PASSED] - All options with index in [2] are selected on object 'Object Repository/MOH AND GRN/Page_KDMC - CMS/select_--Select--Schedule 1Inj'

2018-06-10 21:37:32 - [TEST_STEP][PASSED] - selectOptionByIndex: All options with index in [3] are selected on object 'Object Repository/MOH AND GRN/Page_KDMC - CMS/select_--Select--Adernaline 0.'

2018-06-10 21:37:32 - [MESSAGE][PASSED] - All options with index in [3] are selected on object 'Object Repository/MOH AND GRN/Page_KDMC - CMS/select_--Select--Adernaline 0.'

2018-06-10 21:37:32 - [TEST_STEP][PASSED] - setText: Text '5000' is set on object 'Object Repository/MOH AND GRN/Page_KDMC - CMS/input_txttreat'

2018-06-10 21:37:33 - [MESSAGE][PASSED] - Text '5000' is set on object 'Object Repository/MOH AND GRN/Page_KDMC - CMS/input_txttreat'

2018-06-10 21:37:33 - [TEST_STEP][PASSED] - click: Object: 'Object Repository/MOH AND GRN/Page_KDMC - CMS/button_Add' is clicked on

2018-06-10 21:37:33 - [MESSAGE][PASSED] - Object: 'Object Repository/MOH AND GRN/Page_KDMC - CMS/button_Add' is clicked on

2018-06-10 21:37:33 - [TEST_STEP][PASSED] - selectOptionByIndex: All options with index in [2] are selected on object 'Object Repository/MOH AND GRN/Page_KDMC - CMS/select_--Select--Schedule 1Inj'

2018-06-10 21:37:33 - [MESSAGE][PASSED] - All options with index in [2] are selected on object 'Object Repository/MOH AND GRN/Page_KDMC - CMS/select_--Select--Schedule 1Inj'

2018-06-10 21:37:33 - [TEST_STEP][PASSED] - selectOptionByIndex: All options with index in [4] are selected on object 'Object Repository/MOH AND GRN/Page_KDMC - CMS/select_--Select--Adernaline 0.'

2018-06-10 21:37:33 - [MESSAGE][PASSED] - All options with index in [4] are selected on object 'Object Repository/MOH AND GRN/Page_KDMC - CMS/select_--Select--Adernaline 0.'

2018-06-10 21:37:33 - [TEST_STEP][PASSED] - setText: Text '5000' is set on object 'Object Repository/MOH AND GRN/Page_KDMC - CMS/input_txttreat'

2018-06-10 21:37:33 - [MESSAGE][PASSED] - Text '5000' is set on object 'Object Repository/MOH AND GRN/Page_KDMC - CMS/input_txttreat'

2018-06-10 21:37:33 - [TEST_STEP][PASSED] - click: Object: 'Object Repository/MOH AND GRN/Page_KDMC - CMS/button_Add' is clicked on

2018-06-10 21:37:33 - [MESSAGE][PASSED] - Object: 'Object Repository/MOH AND GRN/Page_KDMC - CMS/button_Add' is clicked on

2018-06-10 21:37:33 - [TEST_STEP][PASSED] - selectOptionByIndex: All options with index in [2] are selected on object 'Object Repository/MOH AND GRN/Page_KDMC - CMS/select_--Select--Schedule 1Inj'

2018-06-10 21:37:33 - [MESSAGE][PASSED] - All options with index in [2] are selected on object 'Object Repository/MOH AND GRN/Page_KDMC - CMS/select_--Select--Schedule 1Inj'

2018-06-10 21:37:33 - [TEST_STEP][PASSED] - selectOptionByIndex: All options with index in [5] are selected on object 'Object Repository/MOH AND GRN/Page_KDMC - CMS/select_--Select--Adernaline 0.'

2018-06-10 21:37:33 - [MESSAGE][PASSED] - All options with index in [5] are selected on object 'Object Repository/MOH AND GRN/Page_KDMC - CMS/select_--Select--Adernaline 0.'

2018-06-10 21:37:33 - [TEST_STEP][PASSED] - setText: Text '5000' is set on object 'Object Repository/MOH AND GRN/Page_KDMC - CMS/input_txttreat'

2018-06-10 21:37:33 - [MESSAGE][PASSED] - Text '5000' is set on object 'Object Repository/MOH AND GRN/Page_KDMC - CMS/input_txttreat'

2018-06-10 21:37:33 - [TEST_STEP][PASSED] - click: Object: 'Object Repository/MOH AND GRN/Page_KDMC - CMS/button_Add' is clicked on

2018-06-10 21:37:34 - [MESSAGE][PASSED] - Object: 'Object Repository/MOH AND GRN/Page_KDMC - CMS/button_Add' is clicked on

2018-06-10 21:37:34 - [TEST_STEP][PASSED] - selectOptionByIndex: All options with index in [2] are selected on object 'Object Repository/MOH AND GRN/Page_KDMC - CMS/select_--Select--Schedule 1Inj'

2018-06-10 21:37:34 - [MESSAGE][PASSED] - All options with index in [2] are selected on object 'Object Repository/MOH AND GRN/Page_KDMC - CMS/select_--Select--Schedule 1Inj'

2018-06-10 21:37:34 - [TEST_STEP][PASSED] - selectOptionByIndex: All options with index in [6] are selected on object 'Object Repository/MOH AND GRN/Page_KDMC - CMS/select_--Select--Adernaline 0.'

2018-06-10 21:37:34 - [MESSAGE][PASSED] - All options with index in [6] are selected on object 'Object Repository/MOH AND GRN/Page_KDMC - CMS/select_--Select--Adernaline 0.'

2018-06-10 21:37:34 - [TEST_STEP][PASSED] - setText: Text '5000' is set on object 'Object Repository/MOH AND GRN/Page_KDMC - CMS/input_txttreat'

2018-06-10 21:37:34 - [MESSAGE][PASSED] - Text '5000' is set on object 'Object Repository/MOH AND GRN/Page_KDMC - CMS/input_txttreat'

2018-06-10 21:37:34 - [TEST_STEP][PASSED] - click: Object: 'Object Repository/MOH AND GRN/Page_KDMC - CMS/button_Add' is clicked on

2018-06-10 21:37:34 - [MESSAGE][PASSED] - Object: 'Object Repository/MOH AND GRN/Page_KDMC - CMS/button_Add' is clicked on

2018-06-10 21:37:34 - [TEST_STEP][PASSED] - selectOptionByIndex: All options with index in [2] are selected on object 'Object Repository/MOH AND GRN/Page_KDMC - CMS/select_--Select--Schedule 1Inj'

2018-06-10 21:37:34 - [MESSAGE][PASSED] - All options with index in [2] are selected on object 'Object Repository/MOH AND GRN/Page_KDMC - CMS/select_--Select--Schedule 1Inj'

2018-06-10 21:37:34 - [TEST_STEP][PASSED] - selectOptionByIndex: All options with index in [7] are selected on object 'Object Repository/MOH AND GRN/Page_KDMC - CMS/select_--Select--Adernaline 0.'

2018-06-10 21:37:34 - [MESSAGE][PASSED] - All options with index in [7] are selected on object 'Object Repository/MOH AND GRN/Page_KDMC - CMS/select_--Select--Adernaline 0.'

2018-06-10 21:37:34 - [TEST_STEP][PASSED] - setText: Text '5000' is set on object 'Object Repository/MOH AND GRN/Page_KDMC - CMS/input_txttreat'

2018-06-10 21:37:34 - [MESSAGE][PASSED] - Text '5000' is set on object 'Object Repository/MOH AND GRN/Page_KDMC - CMS/input_txttreat'

2018-06-10 21:37:34 - [TEST_STEP][PASSED] - click: Object: 'Object Repository/MOH AND GRN/Page_KDMC - CMS/button_Add' is clicked on

2018-06-10 21:37:34 - [MESSAGE][PASSED] - Object: 'Object Repository/MOH AND GRN/Page_KDMC - CMS/button_Add' is clicked on

2018-06-10 21:37:34 - [TEST_STEP][PASSED] - selectOptionByIndex: All options with index in [2] are selected on object 'Object Repository/MOH AND GRN/Page_KDMC - CMS/select_--Select--Schedule 1Inj'

2018-06-10 21:37:35 - [MESSAGE][PASSED] - All options with index in [2] are selected on object 'Object Repository/MOH AND GRN/Page_KDMC - CMS/select_--Select--Schedule 1Inj'

2018-06-10 21:37:35 - [TEST_STEP][PASSED] - selectOptionByIndex: All options with index in [8] are selected on object 'Object Repository/MOH AND GRN/Page_KDMC - CMS/select_--Select--Adernaline 0.'

2018-06-10 21:37:35 - [MESSAGE][PASSED] - All options with index in [8] are selected on object 'Object Repository/MOH AND GRN/Page_KDMC - CMS/select_--Select--Adernaline 0.'

2018-06-10 21:37:35 - [TEST_STEP][PASSED] - setText: Text '5000' is set on object 'Object Repository/MOH AND GRN/Page_KDMC - CMS/input_txttreat'

2018-06-10 21:37:35 - [MESSAGE][PASSED] - Text '5000' is set on object 'Object Repository/MOH AND GRN/Page_KDMC - CMS/input_txttreat'

2018-06-10 21:37:35 - [TEST_STEP][PASSED] - click: Object: 'Object Repository/MOH AND GRN/Page_KDMC - CMS/button_Add' is clicked on

2018-06-10 21:37:35 - [MESSAGE][PASSED] - Object: 'Object Repository/MOH AND GRN/Page_KDMC - CMS/button_Add' is clicked on

2018-06-10 21:37:35 - [TEST_STEP][PASSED] - selectOptionByIndex: All options with index in [2] are selected on object 'Object Repository/MOH AND GRN/Page_KDMC - CMS/select_--Select--Schedule 1Inj'

2018-06-10 21:37:35 - [MESSAGE][PASSED] - All options with index in [2] are selected on object 'Object Repository/MOH AND GRN/Page_KDMC - CMS/select_--Select--Schedule 1Inj'

2018-06-10 21:37:35 - [TEST_STEP][PASSED] - selectOptionByIndex: All options with index in [9] are selected on object 'Object Repository/MOH AND GRN/Page_KDMC - CMS/select_--Select--Adernaline 0.'

2018-06-10 21:37:35 - [MESSAGE][PASSED] - All options with index in [9] are selected on object 'Object Repository/MOH AND GRN/Page_KDMC - CMS/select_--Select--Adernaline 0.'

2018-06-10 21:37:35 - [TEST_STEP][PASSED] - setText: Text '5000' is set on object 'Object Repository/MOH AND GRN/Page_KDMC - CMS/input_txttreat'

2018-06-10 21:37:35 - [MESSAGE][PASSED] - Text '5000' is set on object 'Object Repository/MOH AND GRN/Page_KDMC - CMS/input_txttreat'

2018-06-10 21:37:35 - [TEST_STEP][PASSED] - click: Object: 'Object Repository/MOH AND GRN/Page_KDMC - CMS/button_Add' is clicked on

2018-06-10 21:37:35 - [MESSAGE][PASSED] - Object: 'Object Repository/MOH AND GRN/Page_KDMC - CMS/button_Add' is clicked on

2018-06-10 21:37:35 - [TEST_STEP][PASSED] - selectOptionByIndex: All options with index in [2] are selected on object 'Object Repository/MOH AND GRN/Page_KDMC - CMS/select_--Select--Schedule 1Inj'

2018-06-10 21:37:36 - [MESSAGE][PASSED] - All options with index in [2] are selected on object 'Object Repository/MOH AND GRN/Page_KDMC - CMS/select_--Select--Schedule 1Inj'

2018-06-10 21:37:36 - [TEST_STEP][PASSED] - selectOptionByIndex: All options with index in [10] are selected on object 'Object Repository/MOH AND GRN/Page_KDMC - CMS/select_--Select--Adernaline 0.'

2018-06-10 21:37:36 - [MESSAGE][PASSED] - All options with index in [10] are selected on object 'Object Repository/MOH AND GRN/Page_KDMC - CMS/select_--Select--Adernaline 0.'

2018-06-10 21:37:36 - [TEST_STEP][PASSED] - setText: Text '5000' is set on object 'Object Repository/MOH AND GRN/Page_KDMC - CMS/input_txttreat'

2018-06-10 21:37:36 - [MESSAGE][PASSED] - Text '5000' is set on object 'Object Repository/MOH AND GRN/Page_KDMC - CMS/input_txttreat'

2018-06-10 21:37:36 - [TEST_STEP][PASSED] - click: Object: 'Object Repository/MOH AND GRN/Page_KDMC - CMS/button_Add' is clicked on

2018-06-10 21:37:36 - [MESSAGE][PASSED] - Object: 'Object Repository/MOH AND GRN/Page_KDMC - CMS/button_Add' is clicked on

2018-06-10 21:37:36 - [TEST_STEP][PASSED] - selectOptionByIndex: All options with index in [2] are selected on object 'Object Repository/MOH AND GRN/Page_KDMC - CMS/select_--Select--Schedule 1Inj'

2018-06-10 21:37:36 - [MESSAGE][PASSED] - All options with index in [2] are selected on object 'Object Repository/MOH AND GRN/Page_KDMC - CMS/select_--Select--Schedule 1Inj'

2018-06-10 21:37:36 - [TEST_STEP][PASSED] - selectOptionByIndex: All options with index in [11] are selected on object 'Object Repository/MOH AND GRN/Page_KDMC - CMS/select_--Select--Adernaline 0.'

2018-06-10 21:37:36 - [MESSAGE][PASSED] - All options with index in [11] are selected on object 'Object Repository/MOH AND GRN/Page_KDMC - CMS/select_--Select--Adernaline 0.'

2018-06-10 21:37:36 - [TEST_STEP][PASSED] - setText: Text '5000' is set on object 'Object Repository/MOH AND GRN/Page_KDMC - CMS/input_txttreat'

2018-06-10 21:37:36 - [MESSAGE][PASSED] - Text '5000' is set on object 'Object Repository/MOH AND GRN/Page_KDMC - CMS/input_txttreat'

2018-06-10 21:37:36 - [TEST_STEP][PASSED] - click: Object: 'Object Repository/MOH AND GRN/Page_KDMC - CMS/button_Add' is clicked on

2018-06-10 21:37:37 - [MESSAGE][PASSED] - Object: 'Object Repository/MOH AND GRN/Page_KDMC - CMS/button_Add' is clicked on

2018-06-10 21:37:37 - [TEST_STEP][PASSED] - selectOptionByIndex: All options with index in [2] are selected on object 'Object Repository/MOH AND GRN/Page_KDMC - CMS/select_--Select--Schedule 1Inj'

2018-06-10 21:37:37 - [MESSAGE][PASSED] - All options with index in [2] are selected on object 'Object Repository/MOH AND GRN/Page_KDMC - CMS/select_--Select--Schedule 1Inj'

2018-06-10 21:37:37 - [TEST_STEP][PASSED] - selectOptionByIndex: All options with index in [12] are selected on object 'Object Repository/MOH AND GRN/Page_KDMC - CMS/select_--Select--Adernaline 0.'

2018-06-10 21:37:37 - [MESSAGE][PASSED] - All options with index in [12] are selected on object 'Object Repository/MOH AND GRN/Page_KDMC - CMS/select_--Select--Adernaline 0.'

2018-06-10 21:37:37 - [TEST_STEP][PASSED] - setText: Text '5000' is set on object 'Object Repository/MOH AND GRN/Page_KDMC - CMS/input_txttreat'

2018-06-10 21:37:37 - [MESSAGE][PASSED] - Text '5000' is set on object 'Object Repository/MOH AND GRN/Page_KDMC - CMS/input_txttreat'

2018-06-10 21:37:37 - [TEST_STEP][PASSED] - click: Object: 'Object Repository/MOH AND GRN/Page_KDMC - CMS/button_Add' is clicked on

2018-06-10 21:37:37 - [MESSAGE][PASSED] - Object: 'Object Repository/MOH AND GRN/Page_KDMC - CMS/button_Add' is clicked on

2018-06-10 21:37:37 - [TEST_STEP][PASSED] - selectOptionByIndex: All options with index in [2] are selected on object 'Object Repository/MOH AND GRN/Page_KDMC - CMS/select_--Select--Schedule 1Inj'

2018-06-10 21:37:37 - [MESSAGE][PASSED] - All options with index in [2] are selected on object 'Object Repository/MOH AND GRN/Page_KDMC - CMS/select_--Select--Schedule 1Inj'

2018-06-10 21:37:37 - [TEST_STEP][PASSED] - selectOptionByIndex: All options with index in [13] are selected on object 'Object Repository/MOH AND GRN/Page_KDMC - CMS/select_--Select--Adernaline 0.'

2018-06-10 21:37:37 - [MESSAGE][PASSED] - All options with index in [13] are selected on object 'Object Repository/MOH AND GRN/Page_KDMC - CMS/select_--Select--Adernaline 0.'

2018-06-10 21:37:37 - [TEST_STEP][PASSED] - setText: Text '5000' is set on object 'Object Repository/MOH AND GRN/Page_KDMC - CMS/input_txttreat'

2018-06-10 21:37:38 - [MESSAGE][PASSED] - Text '5000' is set on object 'Object Repository/MOH AND GRN/Page_KDMC - CMS/input_txttreat'

2018-06-10 21:37:38 - [TEST_STEP][PASSED] - click: Object: 'Object Repository/MOH AND GRN/Page_KDMC - CMS/button_Add' is clicked on

2018-06-10 21:37:38 - [MESSAGE][PASSED] - Object: 'Object Repository/MOH AND GRN/Page_KDMC - CMS/button_Add' is clicked on

2018-06-10 21:37:38 - [TEST_STEP][PASSED] - selectOptionByIndex: All options with index in [2] are selected on object 'Object Repository/MOH AND GRN/Page_KDMC - CMS/select_--Select--Schedule 1Inj'

2018-06-10 21:37:38 - [MESSAGE][PASSED] - All options with index in [2] are selected on object 'Object Repository/MOH AND GRN/Page_KDMC - CMS/select_--Select--Schedule 1Inj'

2018-06-10 21:37:38 - [TEST_STEP][PASSED] - selectOptionByIndex: All options with index in [14] are selected on object 'Object Repository/MOH AND GRN/Page_KDMC - CMS/select_--Select--Adernaline 0.'

2018-06-10 21:37:38 - [MESSAGE][PASSED] - All options with index in [14] are selected on object 'Object Repository/MOH AND GRN/Page_KDMC - CMS/select_--Select--Adernaline 0.'

2018-06-10 21:37:38 - [TEST_STEP][PASSED] - setText: Text '5000' is set on object 'Object Repository/MOH AND GRN/Page_KDMC - CMS/input_txttreat'

2018-06-10 21:37:38 - [MESSAGE][PASSED] - Text '5000' is set on object 'Object Repository/MOH AND GRN/Page_KDMC - CMS/input_txttreat'

2018-06-10 21:37:38 - [TEST_STEP][PASSED] - click: Object: 'Object Repository/MOH AND GRN/Page_KDMC - CMS/button_Add' is clicked on

2018-06-10 21:37:38 - [MESSAGE][PASSED] - Object: 'Object Repository/MOH AND GRN/Page_KDMC - CMS/button_Add' is clicked on

2018-06-10 21:37:38 - [TEST_STEP][PASSED] - selectOptionByIndex: All options with index in [2] are selected on object 'Object Repository/MOH AND GRN/Page_KDMC - CMS/select_--Select--Schedule 1Inj'

2018-06-10 21:37:38 - [MESSAGE][PASSED] - All options with index in [2] are selected on object 'Object Repository/MOH AND GRN/Page_KDMC - CMS/select_--Select--Schedule 1Inj'

2018-06-10 21:37:38 - [TEST_STEP][PASSED] - selectOptionByIndex: All options with index in [15] are selected on object 'Object Repository/MOH AND GRN/Page_KDMC - CMS/select_--Select--Adernaline 0.'

2018-06-10 21:37:39 - [MESSAGE][PASSED] - All options with index in [15] are selected on object 'Object Repository/MOH AND GRN/Page_KDMC - CMS/select_--Select--Adernaline 0.'

2018-06-10 21:37:39 - [TEST_STEP][PASSED] - setText: Text '5000' is set on object 'Object Repository/MOH AND GRN/Page_KDMC - CMS/input_txttreat'

2018-06-10 21:37:39 - [MESSAGE][PASSED] - Text '5000' is set on object 'Object Repository/MOH AND GRN/Page_KDMC - CMS/input_txttreat'

2018-06-10 21:37:39 - [TEST_STEP][PASSED] - click: Object: 'Object Repository/MOH AND GRN/Page_KDMC - CMS/button_Add' is clicked on

2018-06-10 21:37:39 - [MESSAGE][PASSED] - Object: 'Object Repository/MOH AND GRN/Page_KDMC - CMS/button_Add' is clicked on

2018-06-10 21:37:39 - [TEST_STEP][PASSED] - selectOptionByIndex: All options with index in [2] are selected on object 'Object Repository/MOH AND GRN/Page_KDMC - CMS/select_--Select--Schedule 1Inj'

2018-06-10 21:37:39 - [MESSAGE][PASSED] - All options with index in [2] are selected on object 'Object Repository/MOH AND GRN/Page_KDMC - CMS/select_--Select--Schedule 1Inj'

2018-06-10 21:37:39 - [TEST_STEP][PASSED] - selectOptionByIndex: All options with index in [16] are selected on object 'Object Repository/MOH AND GRN/Page_KDMC - CMS/select_--Select--Adernaline 0.'

2018-06-10 21:37:39 - [MESSAGE][PASSED] - All options with index in [16] are selected on object 'Object Repository/MOH AND GRN/Page_KDMC - CMS/select_--Select--Adernaline 0.'

2018-06-10 21:37:39 - [TEST_STEP][PASSED] - setText: Text '5000' is set on object 'Object Repository/MOH AND GRN/Page_KDMC - CMS/input_txttreat'

2018-06-10 21:37:39 - [MESSAGE][PASSED] - Text '5000' is set on object 'Object Repository/MOH AND GRN/Page_KDMC - CMS/input_txttreat'

2018-06-10 21:37:39 - [TEST_STEP][PASSED] - click: Object: 'Object Repository/MOH AND GRN/Page_KDMC - CMS/button_Add' is clicked on

2018-06-10 21:37:39 - [MESSAGE][PASSED] - Object: 'Object Repository/MOH AND GRN/Page_KDMC - CMS/button_Add' is clicked on

2018-06-10 21:37:39 - [TEST_STEP][PASSED] - selectOptionByIndex: All options with index in [2] are selected on object 'Object Repository/MOH AND GRN/Page_KDMC - CMS/select_--Select--Schedule 1Inj'

2018-06-10 21:37:39 - [MESSAGE][PASSED] - All options with index in [2] are selected on object 'Object Repository/MOH AND GRN/Page_KDMC - CMS/select_--Select--Schedule 1Inj'

2018-06-10 21:37:39 - [TEST_STEP][PASSED] - selectOptionByIndex: All options with index in [17] are selected on object 'Object Repository/MOH AND GRN/Page_KDMC - CMS/select_--Select--Adernaline 0.'

2018-06-10 21:37:40 - [MESSAGE][PASSED] - All options with index in [17] are selected on object 'Object Repository/MOH AND GRN/Page_KDMC - CMS/select_--Select--Adernaline 0.'

2018-06-10 21:37:40 - [TEST_STEP][PASSED] - setText: Text '5000' is set on object 'Object Repository/MOH AND GRN/Page_KDMC - CMS/input_txttreat'

2018-06-10 21:37:40 - [MESSAGE][PASSED] - Text '5000' is set on object 'Object Repository/MOH AND GRN/Page_KDMC - CMS/input_txttreat'

2018-06-10 21:37:40 - [TEST_STEP][PASSED] - click: Object: 'Object Repository/MOH AND GRN/Page_KDMC - CMS/button_Add' is clicked on

2018-06-10 21:37:40 - [MESSAGE][PASSED] - Object: 'Object Repository/MOH AND GRN/Page_KDMC - CMS/button_Add' is clicked on

2018-06-10 21:37:40 - [TEST_STEP][PASSED] - selectOptionByIndex: All options with index in [2] are selected on object 'Object Repository/MOH AND GRN/Page_KDMC - CMS/select_--Select--Schedule 1Inj'

2018-06-10 21:37:40 - [MESSAGE][PASSED] - All options with index in [2] are selected on object 'Object Repository/MOH AND GRN/Page_KDMC - CMS/select_--Select--Schedule 1Inj'

2018-06-10 21:37:40 - [TEST_STEP][PASSED] - selectOptionByIndex: All options with index in [18] are selected on object 'Object Repository/MOH AND GRN/Page_KDMC - CMS/select_--Select--Adernaline 0.'

2018-06-10 21:37:40 - [MESSAGE][PASSED] - All options with index in [18] are selected on object 'Object Repository/MOH AND GRN/Page_KDMC - CMS/select_--Select--Adernaline 0.'

2018-06-10 21:37:40 - [TEST_STEP][PASSED] - setText: Text '5000' is set on object 'Object Repository/MOH AND GRN/Page_KDMC - CMS/input_txttreat'

2018-06-10 21:37:40 - [MESSAGE][PASSED] - Text '5000' is set on object 'Object Repository/MOH AND GRN/Page_KDMC - CMS/input_txttreat'

2018-06-10 21:37:40 - [TEST_STEP][PASSED] - click: Object: 'Object Repository/MOH AND GRN/Page_KDMC - CMS/button_Add' is clicked on

2018-06-10 21:37:40 - [MESSAGE][PASSED] - Object: 'Object Repository/MOH AND GRN/Page_KDMC - CMS/button_Add' is clicked on

2018-06-10 21:37:40 - [TEST_STEP][PASSED] - selectOptionByIndex: All options with index in [2] are selected on object 'Object Repository/MOH AND GRN/Page_KDMC - CMS/select_--Select--Schedule 1Inj'

2018-06-10 21:37:41 - [MESSAGE][PASSED] - All options with index in [2] are selected on object 'Object Repository/MOH AND GRN/Page_KDMC - CMS/select_--Select--Schedule 1Inj'

2018-06-10 21:37:41 - [TEST_STEP][PASSED] - selectOptionByIndex: All options with index in [19] are selected on object 'Object Repository/MOH AND GRN/Page_KDMC - CMS/select_--Select--Adernaline 0.'

2018-06-10 21:37:41 - [MESSAGE][PASSED] - All options with index in [19] are selected on object 'Object Repository/MOH AND GRN/Page_KDMC - CMS/select_--Select--Adernaline 0.'

2018-06-10 21:37:41 - [TEST_STEP][PASSED] - setText: Text '5000' is set on object 'Object Repository/MOH AND GRN/Page_KDMC - CMS/input_txttreat'

2018-06-10 21:37:41 - [MESSAGE][PASSED] - Text '5000' is set on object 'Object Repository/MOH AND GRN/Page_KDMC - CMS/input_txttreat'

2018-06-10 21:37:41 - [TEST_STEP][PASSED] - click: Object: 'Object Repository/MOH AND GRN/Page_KDMC - CMS/button_Add' is clicked on

2018-06-10 21:37:41 - [MESSAGE][PASSED] - Object: 'Object Repository/MOH AND GRN/Page_KDMC - CMS/button_Add' is clicked on

2018-06-10 21:37:41 - [TEST_STEP][PASSED] - selectOptionByIndex: All options with index in [2] are selected on object 'Object Repository/MOH AND GRN/Page_KDMC - CMS/select_--Select--Schedule 1Inj'

2018-06-10 21:37:41 - [MESSAGE][PASSED] - All options with index in [2] are selected on object 'Object Repository/MOH AND GRN/Page_KDMC - CMS/select_--Select--Schedule 1Inj'

2018-06-10 21:37:41 - [TEST_STEP][PASSED] - selectOptionByIndex: All options with index in [20] are selected on object 'Object Repository/MOH AND GRN/Page_KDMC - CMS/select_--Select--Adernaline 0.'

2018-06-10 21:37:42 - [MESSAGE][PASSED] - All options with index in [20] are selected on object 'Object Repository/MOH AND GRN/Page_KDMC - CMS/select_--Select--Adernaline 0.'

2018-06-10 21:37:42 - [TEST_STEP][PASSED] - setText: Text '5000' is set on object 'Object Repository/MOH AND GRN/Page_KDMC - CMS/input_txttreat'

2018-06-10 21:37:42 - [MESSAGE][PASSED] - Text '5000' is set on object 'Object Repository/MOH AND GRN/Page_KDMC - CMS/input_txttreat'

2018-06-10 21:37:42 - [TEST_STEP][PASSED] - click: Object: 'Object Repository/MOH AND GRN/Page_KDMC - CMS/button_Add' is clicked on

2018-06-10 21:37:42 - [MESSAGE][PASSED] - Object: 'Object Repository/MOH AND GRN/Page_KDMC - CMS/button_Add' is clicked on

2018-06-10 21:37:42 - [TEST_STEP][PASSED] - selectOptionByIndex: All options with index in [2] are selected on object 'Object Repository/MOH AND GRN/Page_KDMC - CMS/select_--Select--Schedule 1Inj'

2018-06-10 21:37:42 - [MESSAGE][PASSED] - All options with index in [2] are selected on object 'Object Repository/MOH AND GRN/Page_KDMC - CMS/select_--Select--Schedule 1Inj'

2018-06-10 21:37:42 - [TEST_STEP][PASSED] - selectOptionByIndex: All options with index in [21] are selected on object 'Object Repository/MOH AND GRN/Page_KDMC - CMS/select_--Select--Adernaline 0.'

2018-06-10 21:37:42 - [MESSAGE][PASSED] - All options with index in [21] are selected on object 'Object Repository/MOH AND GRN/Page_KDMC - CMS/select_--Select--Adernaline 0.'

2018-06-10 21:37:42 - [TEST_STEP][PASSED] - setText: Text '5000' is set on object 'Object Repository/MOH AND GRN/Page_KDMC - CMS/input_txttreat'

2018-06-10 21:37:42 - [MESSAGE][PASSED] - Text '5000' is set on object 'Object Repository/MOH AND GRN/Page_KDMC - CMS/input_txttreat'

2018-06-10 21:37:42 - [TEST_STEP][PASSED] - click: Object: 'Object Repository/MOH AND GRN/Page_KDMC - CMS/button_Add' is clicked on

2018-06-10 21:37:42 - [MESSAGE][PASSED] - Object: 'Object Repository/MOH AND GRN/Page_KDMC - CMS/button_Add' is clicked on

2018-06-10 21:37:42 - [TEST_STEP][PASSED] - selectOptionByIndex: All options with index in [2] are selected on object 'Object Repository/MOH AND GRN/Page_KDMC - CMS/select_--Select--Schedule 1Inj'

2018-06-10 21:37:42 - [MESSAGE][PASSED] - All options with index in [2] are selected on object 'Object Repository/MOH AND GRN/Page_KDMC - CMS/select_--Select--Schedule 1Inj'

2018-06-10 21:37:42 - [TEST_STEP][PASSED] - selectOptionByIndex: All options with index in [22] are selected on object 'Object Repository/MOH AND GRN/Page_KDMC - CMS/select_--Select--Adernaline 0.'

2018-06-10 21:37:43 - [MESSAGE][PASSED] - All options with index in [22] are selected on object 'Object Repository/MOH AND GRN/Page_KDMC - CMS/select_--Select--Adernaline 0.'

2018-06-10 21:37:43 - [TEST_STEP][PASSED] - setText: Text '5000' is set on object 'Object Repository/MOH AND GRN/Page_KDMC - CMS/input_txttreat'

2018-06-10 21:37:43 - [MESSAGE][PASSED] - Text '5000' is set on object 'Object Repository/MOH AND GRN/Page_KDMC - CMS/input_txttreat'

2018-06-10 21:37:43 - [TEST_STEP][PASSED] - click: Object: 'Object Repository/MOH AND GRN/Page_KDMC - CMS/button_Add' is clicked on

2018-06-10 21:37:43 - [MESSAGE][PASSED] - Object: 'Object Repository/MOH AND GRN/Page_KDMC - CMS/button_Add' is clicked on

2018-06-10 21:37:43 - [TEST_STEP][PASSED] - selectOptionByIndex: All options with index in [2] are selected on object 'Object Repository/MOH AND GRN/Page_KDMC - CMS/select_--Select--Schedule 1Inj'

2018-06-10 21:37:43 - [MESSAGE][PASSED] - All options with index in [2] are selected on object 'Object Repository/MOH AND GRN/Page_KDMC - CMS/select_--Select--Schedule 1Inj'

2018-06-10 21:37:43 - [TEST_STEP][PASSED] - selectOptionByIndex: All options with index in [23] are selected on object 'Object Repository/MOH AND GRN/Page_KDMC - CMS/select_--Select--Adernaline 0.'

2018-06-10 21:37:43 - [MESSAGE][PASSED] - All options with index in [23] are selected on object 'Object Repository/MOH AND GRN/Page_KDMC - CMS/select_--Select--Adernaline 0.'

2018-06-10 21:37:43 - [TEST_STEP][PASSED] - setText: Text '5000' is set on object 'Object Repository/MOH AND GRN/Page_KDMC - CMS/input_txttreat'

2018-06-10 21:37:44 - [MESSAGE][PASSED] - Text '5000' is set on object 'Object Repository/MOH AND GRN/Page_KDMC - CMS/input_txttreat'

2018-06-10 21:37:44 - [TEST_STEP][PASSED] - click: Object: 'Object Repository/MOH AND GRN/Page_KDMC - CMS/button_Add' is clicked on

2018-06-10 21:37:44 - [MESSAGE][PASSED] - Object: 'Object Repository/MOH AND GRN/Page_KDMC - CMS/button_Add' is clicked on

2018-06-10 21:37:44 - [TEST_STEP][PASSED] - selectOptionByIndex: All options with index in [2] are selected on object 'Object Repository/MOH AND GRN/Page_KDMC - CMS/select_--Select--Schedule 1Inj'

2018-06-10 21:37:44 - [MESSAGE][PASSED] - All options with index in [2] are selected on object 'Object Repository/MOH AND GRN/Page_KDMC - CMS/select_--Select--Schedule 1Inj'

2018-06-10 21:37:44 - [TEST_STEP][PASSED] - selectOptionByIndex: All options with index in [24] are selected on object 'Object Repository/MOH AND GRN/Page_KDMC - CMS/select_--Select--Adernaline 0.'

2018-06-10 21:37:44 - [MESSAGE][PASSED] - All options with index in [24] are selected on object 'Object Repository/MOH AND GRN/Page_KDMC - CMS/select_--Select--Adernaline 0.'

2018-06-10 21:37:44 - [TEST_STEP][PASSED] - setText: Text '5000' is set on object 'Object Repository/MOH AND GRN/Page_KDMC - CMS/input_txttreat'

2018-06-10 21:37:44 - [MESSAGE][PASSED] - Text '5000' is set on object 'Object Repository/MOH AND GRN/Page_KDMC - CMS/input_txttreat'

2018-06-10 21:37:44 - [TEST_STEP][PASSED] - click: Object: 'Object Repository/MOH AND GRN/Page_KDMC - CMS/button_Add' is clicked on

2018-06-10 21:37:44 - [MESSAGE][PASSED] - Object: 'Object Repository/MOH AND GRN/Page_KDMC - CMS/button_Add' is clicked on

2018-06-10 21:37:44 - [TEST_STEP][PASSED] - selectOptionByIndex: All options with index in [2] are selected on object 'Object Repository/MOH AND GRN/Page_KDMC - CMS/select_--Select--Schedule 1Inj'

2018-06-10 21:37:44 - [MESSAGE][PASSED] - All options with index in [2] are selected on object 'Object Repository/MOH AND GRN/Page_KDMC - CMS/select_--Select--Schedule 1Inj'

2018-06-10 21:37:44 - [TEST_STEP][PASSED] - selectOptionByIndex: All options with index in [25] are selected on object 'Object Repository/MOH AND GRN/Page_KDMC - CMS/select_--Select--Adernaline 0.'

2018-06-10 21:37:45 - [MESSAGE][PASSED] - All options with index in [25] are selected on object 'Object Repository/MOH AND GRN/Page_KDMC - CMS/select_--Select--Adernaline 0.'

2018-06-10 21:37:45 - [TEST_STEP][PASSED] - setText: Text '5000' is set on object 'Object Repository/MOH AND GRN/Page_KDMC - CMS/input_txttreat'

2018-06-10 21:37:45 - [MESSAGE][PASSED] - Text '5000' is set on object 'Object Repository/MOH AND GRN/Page_KDMC - CMS/input_txttreat'

2018-06-10 21:37:45 - [TEST_STEP][PASSED] - click: Object: 'Object Repository/MOH AND GRN/Page_KDMC - CMS/button_Add' is clicked on

2018-06-10 21:37:45 - [MESSAGE][PASSED] - Object: 'Object Repository/MOH AND GRN/Page_KDMC - CMS/button_Add' is clicked on

2018-06-10 21:37:45 - [TEST_STEP][PASSED] - selectOptionByIndex: All options with index in [2] are selected on object 'Object Repository/MOH AND GRN/Page_KDMC - CMS/select_--Select--Schedule 1Inj'

2018-06-10 21:37:45 - [MESSAGE][PASSED] - All options with index in [2] are selected on object 'Object Repository/MOH AND GRN/Page_KDMC - CMS/select_--Select--Schedule 1Inj'

2018-06-10 21:37:45 - [TEST_STEP][PASSED] - selectOptionByIndex: All options with index in [26] are selected on object 'Object Repository/MOH AND GRN/Page_KDMC - CMS/select_--Select--Adernaline 0.'

2018-06-10 21:37:45 - [MESSAGE][PASSED] - All options with index in [26] are selected on object 'Object Repository/MOH AND GRN/Page_KDMC - CMS/select_--Select--Adernaline 0.'

2018-06-10 21:37:45 - [TEST_STEP][PASSED] - setText: Text '5000' is set on object 'Object Repository/MOH AND GRN/Page_KDMC - CMS/input_txttreat'

2018-06-10 21:37:46 - [MESSAGE][PASSED] - Text '5000' is set on object 'Object Repository/MOH AND GRN/Page_KDMC - CMS/input_txttreat'

2018-06-10 21:37:46 - [TEST_STEP][PASSED] - click: Object: 'Object Repository/MOH AND GRN/Page_KDMC - CMS/button_Add' is clicked on

2018-06-10 21:37:46 - [MESSAGE][PASSED] - Object: 'Object Repository/MOH AND GRN/Page_KDMC - CMS/button_Add' is clicked on

2018-06-10 21:37:46 - [TEST_STEP][PASSED] - selectOptionByIndex: All options with index in [2] are selected on object 'Object Repository/MOH AND GRN/Page_KDMC - CMS/select_--Select--Schedule 1Inj'

2018-06-10 21:37:46 - [MESSAGE][PASSED] - All options with index in [2] are selected on object 'Object Repository/MOH AND GRN/Page_KDMC - CMS/select_--Select--Schedule 1Inj'

2018-06-10 21:37:46 - [TEST_STEP][PASSED] - selectOptionByIndex: All options with index in [27] are selected on object 'Object Repository/MOH AND GRN/Page_KDMC - CMS/select_--Select--Adernaline 0.'

2018-06-10 21:37:46 - [MESSAGE][PASSED] - All options with index in [27] are selected on object 'Object Repository/MOH AND GRN/Page_KDMC - CMS/select_--Select--Adernaline 0.'

2018-06-10 21:37:46 - [TEST_STEP][PASSED] - setText: Text '5000' is set on object 'Object Repository/MOH AND GRN/Page_KDMC - CMS/input_txttreat'

2018-06-10 21:37:46 - [MESSAGE][PASSED] - Text '5000' is set on object 'Object Repository/MOH AND GRN/Page_KDMC - CMS/input_txttreat'

2018-06-10 21:37:46 - [TEST_STEP][PASSED] - click: Object: 'Object Repository/MOH AND GRN/Page_KDMC - CMS/button_Add' is clicked on

2018-06-10 21:37:46 - [MESSAGE][PASSED] - Object: 'Object Repository/MOH AND GRN/Page_KDMC - CMS/button_Add' is clicked on

2018-06-10 21:37:46 - [TEST_STEP][PASSED] - selectOptionByIndex: All options with index in [2] are selected on object 'Object Repository/MOH AND GRN/Page_KDMC - CMS/select_--Select--Schedule 1Inj'

2018-06-10 21:37:46 - [MESSAGE][PASSED] - All options with index in [2] are selected on object 'Object Repository/MOH AND GRN/Page_KDMC - CMS/select_--Select--Schedule 1Inj'

2018-06-10 21:37:46 - [TEST_STEP][PASSED] - selectOptionByIndex: All options with index in [28] are selected on object 'Object Repository/MOH AND GRN/Page_KDMC - CMS/select_--Select--Adernaline 0.'

2018-06-10 21:37:47 - [MESSAGE][PASSED] - All options with index in [28] are selected on object 'Object Repository/MOH AND GRN/Page_KDMC - CMS/select_--Select--Adernaline 0.'

2018-06-10 21:37:47 - [TEST_STEP][PASSED] - setText: Text '5000' is set on object 'Object Repository/MOH AND GRN/Page_KDMC - CMS/input_txttreat'

2018-06-10 21:37:47 - [MESSAGE][PASSED] - Text '5000' is set on object 'Object Repository/MOH AND GRN/Page_KDMC - CMS/input_txttreat'

2018-06-10 21:37:47 - [TEST_STEP][PASSED] - click: Object: 'Object Repository/MOH AND GRN/Page_KDMC - CMS/button_Add' is clicked on

2018-06-10 21:37:47 - [MESSAGE][PASSED] - Object: 'Object Repository/MOH AND GRN/Page_KDMC - CMS/button_Add' is clicked on

2018-06-10 21:37:47 - [TEST_STEP][PASSED] - selectOptionByIndex: All options with index in [2] are selected on object 'Object Repository/MOH AND GRN/Page_KDMC - CMS/select_--Select--Schedule 1Inj'

2018-06-10 21:37:47 - [MESSAGE][PASSED] - All options with index in [2] are selected on object 'Object Repository/MOH AND GRN/Page_KDMC - CMS/select_--Select--Schedule 1Inj'

2018-06-10 21:37:47 - [TEST_STEP][PASSED] - selectOptionByIndex: All options with index in [29] are selected on object 'Object Repository/MOH AND GRN/Page_KDMC - CMS/select_--Select--Adernaline 0.'

2018-06-10 21:37:48 - [MESSAGE][PASSED] - All options with index in [29] are selected on object 'Object Repository/MOH AND GRN/Page_KDMC - CMS/select_--Select--Adernaline 0.'

2018-06-10 21:37:48 - [TEST_STEP][PASSED] - setText: Text '5000' is set on object 'Object Repository/MOH AND GRN/Page_KDMC - CMS/input_txttreat'

2018-06-10 21:37:48 - [MESSAGE][PASSED] - Text '5000' is set on object 'Object Repository/MOH AND GRN/Page_KDMC - CMS/input_txttreat'

2018-06-10 21:37:48 - [TEST_STEP][PASSED] - click: Object: 'Object Repository/MOH AND GRN/Page_KDMC - CMS/button_Add' is clicked on

2018-06-10 21:37:48 - [MESSAGE][PASSED] - Object: 'Object Repository/MOH AND GRN/Page_KDMC - CMS/button_Add' is clicked on

2018-06-10 21:37:48 - [TEST_STEP][PASSED] - selectOptionByIndex: All options with index in [2] are selected on object 'Object Repository/MOH AND GRN/Page_KDMC - CMS/select_--Select--Schedule 1Inj'

2018-06-10 21:37:48 - [MESSAGE][PASSED] - All options with index in [2] are selected on object 'Object Repository/MOH AND GRN/Page_KDMC - CMS/select_--Select--Schedule 1Inj'

2018-06-10 21:37:48 - [TEST_STEP][PASSED] - selectOptionByIndex: All options with index in [30] are selected on object 'Object Repository/MOH AND GRN/Page_KDMC - CMS/select_--Select--Adernaline 0.'

2018-06-10 21:37:48 - [MESSAGE][PASSED] - All options with index in [30] are selected on object 'Object Repository/MOH AND GRN/Page_KDMC - CMS/select_--Select--Adernaline 0.'

2018-06-10 21:37:48 - [TEST_STEP][PASSED] - setText: Text '5000' is set on object 'Object Repository/MOH AND GRN/Page_KDMC - CMS/input_txttreat'

2018-06-10 21:37:48 - [MESSAGE][PASSED] - Text '5000' is set on object 'Object Repository/MOH AND GRN/Page_KDMC - CMS/input_txttreat'

2018-06-10 21:37:48 - [TEST_STEP][PASSED] - click: Object: 'Object Repository/MOH AND GRN/Page_KDMC - CMS/button_Add' is clicked on

2018-06-10 21:37:48 - [MESSAGE][PASSED] - Object: 'Object Repository/MOH AND GRN/Page_KDMC - CMS/button_Add' is clicked on

2018-06-10 21:37:48 - [TEST_STEP][PASSED] - selectOptionByIndex: All options with index in [2] are selected on object 'Object Repository/MOH AND GRN/Page_KDMC - CMS/select_--Select--Schedule 1Inj'

2018-06-10 21:37:49 - [MESSAGE][PASSED] - All options with index in [2] are selected on object 'Object Repository/MOH AND GRN/Page_KDMC - CMS/select_--Select--Schedule 1Inj'

2018-06-10 21:37:49 - [TEST_STEP][PASSED] - selectOptionByIndex: All options with index in [31] are selected on object 'Object Repository/MOH AND GRN/Page_KDMC - CMS/select_--Select--Adernaline 0.'

2018-06-10 21:37:49 - [MESSAGE][PASSED] - All options with index in [31] are selected on object 'Object Repository/MOH AND GRN/Page_KDMC - CMS/select_--Select--Adernaline 0.'

2018-06-10 21:37:49 - [TEST_STEP][PASSED] - setText: Text '5000' is set on object 'Object Repository/MOH AND GRN/Page_KDMC - CMS/input_txttreat'

2018-06-10 21:37:49 - [MESSAGE][PASSED] - Text '5000' is set on object 'Object Repository/MOH AND GRN/Page_KDMC - CMS/input_txttreat'

2018-06-10 21:37:49 - [TEST_STEP][PASSED] - click: Object: 'Object Repository/MOH AND GRN/Page_KDMC - CMS/button_Add' is clicked on

2018-06-10 21:37:49 - [MESSAGE][PASSED] - Object: 'Object Repository/MOH AND GRN/Page_KDMC - CMS/button_Add' is clicked on

2018-06-10 21:37:49 - [TEST_STEP][PASSED] - selectOptionByIndex: All options with index in [2] are selected on object 'Object Repository/MOH AND GRN/Page_KDMC - CMS/select_--Select--Schedule 1Inj'

2018-06-10 21:37:49 - [MESSAGE][PASSED] - All options with index in [2] are selected on object 'Object Repository/MOH AND GRN/Page_KDMC - CMS/select_--Select--Schedule 1Inj'

2018-06-10 21:37:49 - [TEST_STEP][PASSED] - selectOptionByIndex: All options with index in [32] are selected on object 'Object Repository/MOH AND GRN/Page_KDMC - CMS/select_--Select--Adernaline 0.'

2018-06-10 21:37:50 - [MESSAGE][PASSED] - All options with index in [32] are selected on object 'Object Repository/MOH AND GRN/Page_KDMC - CMS/select_--Select--Adernaline 0.'

2018-06-10 21:37:50 - [TEST_STEP][PASSED] - setText: Text '5000' is set on object 'Object Repository/MOH AND GRN/Page_KDMC - CMS/input_txttreat'

2018-06-10 21:37:50 - [MESSAGE][PASSED] - Text '5000' is set on object 'Object Repository/MOH AND GRN/Page_KDMC - CMS/input_txttreat'

2018-06-10 21:37:50 - [TEST_STEP][PASSED] - click: Object: 'Object Repository/MOH AND GRN/Page_KDMC - CMS/button_Add' is clicked on

2018-06-10 21:37:50 - [MESSAGE][PASSED] - Object: 'Object Repository/MOH AND GRN/Page_KDMC - CMS/button_Add' is clicked on

2018-06-10 21:37:50 - [TEST_STEP][PASSED] - selectOptionByIndex: All options with index in [2] are selected on object 'Object Repository/MOH AND GRN/Page_KDMC - CMS/select_--Select--Schedule 1Inj'

2018-06-10 21:37:50 - [MESSAGE][PASSED] - All options with index in [2] are selected on object 'Object Repository/MOH AND GRN/Page_KDMC - CMS/select_--Select--Schedule 1Inj'

2018-06-10 21:37:50 - [TEST_STEP][PASSED] - selectOptionByIndex: All options with index in [33] are selected on object 'Object Repository/MOH AND GRN/Page_KDMC - CMS/select_--Select--Adernaline 0.'

2018-06-10 21:37:50 - [MESSAGE][PASSED] - All options with index in [33] are selected on object 'Object Repository/MOH AND GRN/Page_KDMC - CMS/select_--Select--Adernaline 0.'

2018-06-10 21:37:50 - [TEST_STEP][PASSED] - setText: Text '5000' is set on object 'Object Repository/MOH AND GRN/Page_KDMC - CMS/input_txttreat'

2018-06-10 21:37:51 - [MESSAGE][PASSED] - Text '5000' is set on object 'Object Repository/MOH AND GRN/Page_KDMC - CMS/input_txttreat'

2018-06-10 21:37:51 - [TEST_STEP][PASSED] - click: Object: 'Object Repository/MOH AND GRN/Page_KDMC - CMS/button_Add' is clicked on

2018-06-10 21:37:51 - [MESSAGE][PASSED] - Object: 'Object Repository/MOH AND GRN/Page_KDMC - CMS/button_Add' is clicked on

2018-06-10 21:37:51 - [TEST_STEP][PASSED] - selectOptionByIndex: All options with index in [2] are selected on object 'Object Repository/MOH AND GRN/Page_KDMC - CMS/select_--Select--Schedule 1Inj'

2018-06-10 21:37:51 - [MESSAGE][PASSED] - All options with index in [2] are selected on object 'Object Repository/MOH AND GRN/Page_KDMC - CMS/select_--Select--Schedule 1Inj'

2018-06-10 21:37:51 - [TEST_STEP][PASSED] - selectOptionByIndex: All options with index in [34] are selected on object 'Object Repository/MOH AND GRN/Page_KDMC - CMS/select_--Select--Adernaline 0.'

2018-06-10 21:37:51 - [MESSAGE][PASSED] - All options with index in [34] are selected on object 'Object Repository/MOH AND GRN/Page_KDMC - CMS/select_--Select--Adernaline 0.'

2018-06-10 21:37:51 - [TEST_STEP][PASSED] - setText: Text '5000' is set on object 'Object Repository/MOH AND GRN/Page_KDMC - CMS/input_txttreat'

2018-06-10 21:37:51 - [MESSAGE][PASSED] - Text '5000' is set on object 'Object Repository/MOH AND GRN/Page_KDMC - CMS/input_txttreat'

2018-06-10 21:37:51 - [TEST_STEP][PASSED] - click: Object: 'Object Repository/MOH AND GRN/Page_KDMC - CMS/button_Add' is clicked on

2018-06-10 21:37:51 - [MESSAGE][PASSED] - Object: 'Object Repository/MOH AND GRN/Page_KDMC - CMS/button_Add' is clicked on

2018-06-10 21:37:51 - [TEST_STEP][PASSED] - selectOptionByIndex: All options with index in [2] are selected on object 'Object Repository/MOH AND GRN/Page_KDMC - CMS/select_--Select--Schedule 1Inj'

2018-06-10 21:37:52 - [MESSAGE][PASSED] - All options with index in [2] are selected on object 'Object Repository/MOH AND GRN/Page_KDMC - CMS/select_--Select--Schedule 1Inj'

2018-06-10 21:37:52 - [TEST_STEP][PASSED] - selectOptionByIndex: All options with index in [35] are selected on object 'Object Repository/MOH AND GRN/Page_KDMC - CMS/select_--Select--Adernaline 0.'

2018-06-10 21:37:52 - [MESSAGE][PASSED] - All options with index in [35] are selected on object 'Object Repository/MOH AND GRN/Page_KDMC - CMS/select_--Select--Adernaline 0.'

2018-06-10 21:37:52 - [TEST_STEP][PASSED] - setText: Text '5000' is set on object 'Object Repository/MOH AND GRN/Page_KDMC - CMS/input_txttreat'

2018-06-10 21:37:52 - [MESSAGE][PASSED] - Text '5000' is set on object 'Object Repository/MOH AND GRN/Page_KDMC - CMS/input_txttreat'

2018-06-10 21:37:52 - [TEST_STEP][PASSED] - click: Object: 'Object Repository/MOH AND GRN/Page_KDMC - CMS/button_Add' is clicked on

2018-06-10 21:37:52 - [MESSAGE][PASSED] - Object: 'Object Repository/MOH AND GRN/Page_KDMC - CMS/button_Add' is clicked on

2018-06-10 21:37:52 - [TEST_STEP][PASSED] - selectOptionByIndex: All options with index in [2] are selected on object 'Object Repository/MOH AND GRN/Page_KDMC - CMS/select_--Select--Schedule 1Inj'

2018-06-10 21:37:52 - [MESSAGE][PASSED] - All options with index in [2] are selected on object 'Object Repository/MOH AND GRN/Page_KDMC - CMS/select_--Select--Schedule 1Inj'

2018-06-10 21:37:52 - [TEST_STEP][PASSED] - selectOptionByIndex: All options with index in [36] are selected on object 'Object Repository/MOH AND GRN/Page_KDMC - CMS/select_--Select--Adernaline 0.'

2018-06-10 21:37:53 - [MESSAGE][PASSED] - All options with index in [36] are selected on object 'Object Repository/MOH AND GRN/Page_KDMC - CMS/select_--Select--Adernaline 0.'

2018-06-10 21:37:53 - [TEST_STEP][PASSED] - setText: Text '5000' is set on object 'Object Repository/MOH AND GRN/Page_KDMC - CMS/input_txttreat'

2018-06-10 21:37:53 - [MESSAGE][PASSED] - Text '5000' is set on object 'Object Repository/MOH AND GRN/Page_KDMC - CMS/input_txttreat'

2018-06-10 21:37:53 - [TEST_STEP][PASSED] - click: Object: 'Object Repository/MOH AND GRN/Page_KDMC - CMS/button_Add' is clicked on

2018-06-10 21:37:53 - [MESSAGE][PASSED] - Object: 'Object Repository/MOH AND GRN/Page_KDMC - CMS/button_Add' is clicked on

2018-06-10 21:37:53 - [TEST_STEP][PASSED] - selectOptionByIndex: All options with index in [2] are selected on object 'Object Repository/MOH AND GRN/Page_KDMC - CMS/select_--Select--Schedule 1Inj'

2018-06-10 21:37:53 - [MESSAGE][PASSED] - All options with index in [2] are selected on object 'Object Repository/MOH AND GRN/Page_KDMC - CMS/select_--Select--Schedule 1Inj'

2018-06-10 21:37:53 - [TEST_STEP][PASSED] - selectOptionByIndex: All options with index in [37] are selected on object 'Object Repository/MOH AND GRN/Page_KDMC - CMS/select_--Select--Adernaline 0.'

2018-06-10 21:37:54 - [MESSAGE][PASSED] - All options with index in [37] are selected on object 'Object Repository/MOH AND GRN/Page_KDMC - CMS/select_--Select--Adernaline 0.'

2018-06-10 21:37:54 - [TEST_STEP][PASSED] - setText: Text '5000' is set on object 'Object Repository/MOH AND GRN/Page_KDMC - CMS/input_txttreat'

2018-06-10 21:37:54 - [MESSAGE][PASSED] - Text '5000' is set on object 'Object Repository/MOH AND GRN/Page_KDMC - CMS/input_txttreat'

2018-06-10 21:37:54 - [TEST_STEP][PASSED] - click: Object: 'Object Repository/MOH AND GRN/Page_KDMC - CMS/button_Add' is clicked on

2018-06-10 21:37:54 - [MESSAGE][PASSED] - Object: 'Object Repository/MOH AND GRN/Page_KDMC - CMS/button_Add' is clicked on

2018-06-10 21:37:54 - [TEST_STEP][PASSED] - selectOptionByIndex: All options with index in [2] are selected on object 'Object Repository/MOH AND GRN/Page_KDMC - CMS/select_--Select--Schedule 1Inj'

2018-06-10 21:37:54 - [MESSAGE][PASSED] - All options with index in [2] are selected on object 'Object Repository/MOH AND GRN/Page_KDMC - CMS/select_--Select--Schedule 1Inj'

2018-06-10 21:37:54 - [TEST_STEP][PASSED] - selectOptionByIndex: All options with index in [38] are selected on object 'Object Repository/MOH AND GRN/Page_KDMC - CMS/select_--Select--Adernaline 0.'

2018-06-10 21:37:54 - [MESSAGE][PASSED] - All options with index in [38] are selected on object 'Object Repository/MOH AND GRN/Page_KDMC - CMS/select_--Select--Adernaline 0.'

2018-06-10 21:37:54 - [TEST_STEP][PASSED] - setText: Text '5000' is set on object 'Object Repository/MOH AND GRN/Page_KDMC - CMS/input_txttreat'

2018-06-10 21:37:54 - [MESSAGE][PASSED] - Text '5000' is set on object 'Object Repository/MOH AND GRN/Page_KDMC - CMS/input_txttreat'

2018-06-10 21:37:54 - [TEST_STEP][PASSED] - click: Object: 'Object Repository/MOH AND GRN/Page_KDMC - CMS/button_Add' is clicked on

2018-06-10 21:37:55 - [MESSAGE][PASSED] - Object: 'Object Repository/MOH AND GRN/Page_KDMC - CMS/button_Add' is clicked on

2018-06-10 21:37:55 - [TEST_STEP][PASSED] - selectOptionByIndex: All options with index in [2] are selected on object 'Object Repository/MOH AND GRN/Page_KDMC - CMS/select_--Select--Schedule 1Inj'

2018-06-10 21:37:55 - [MESSAGE][PASSED] - All options with index in [2] are selected on object 'Object Repository/MOH AND GRN/Page_KDMC - CMS/select_--Select--Schedule 1Inj'

2018-06-10 21:37:55 - [TEST_STEP][PASSED] - selectOptionByIndex: All options with index in [39] are selected on object 'Object Repository/MOH AND GRN/Page_KDMC - CMS/select_--Select--Adernaline 0.'

2018-06-10 21:37:55 - [MESSAGE][PASSED] - All options with index in [39] are selected on object 'Object Repository/MOH AND GRN/Page_KDMC - CMS/select_--Select--Adernaline 0.'

2018-06-10 21:37:55 - [TEST_STEP][PASSED] - setText: Text '5000' is set on object 'Object Repository/MOH AND GRN/Page_KDMC - CMS/input_txttreat'

2018-06-10 21:37:55 - [MESSAGE][PASSED] - Text '5000' is set on object 'Object Repository/MOH AND GRN/Page_KDMC - CMS/input_txttreat'

2018-06-10 21:37:55 - [TEST_STEP][PASSED] - click: Object: 'Object Repository/MOH AND GRN/Page_KDMC - CMS/button_Add' is clicked on

2018-06-10 21:37:55 - [MESSAGE][PASSED] - Object: 'Object Repository/MOH AND GRN/Page_KDMC - CMS/button_Add' is clicked on

2018-06-10 21:37:55 - [TEST_STEP][PASSED] - selectOptionByIndex: All options with index in [2] are selected on object 'Object Repository/MOH AND GRN/Page_KDMC - CMS/select_--Select--Schedule 1Inj'

2018-06-10 21:37:56 - [MESSAGE][PASSED] - All options with index in [2] are selected on object 'Object Repository/MOH AND GRN/Page_KDMC - CMS/select_--Select--Schedule 1Inj'

2018-06-10 21:37:56 - [TEST_STEP][PASSED] - selectOptionByIndex: All options with index in [40] are selected on object 'Object Repository/MOH AND GRN/Page_KDMC - CMS/select_--Select--Adernaline 0.'

2018-06-10 21:37:56 - [MESSAGE][PASSED] - All options with index in [40] are selected on object 'Object Repository/MOH AND GRN/Page_KDMC - CMS/select_--Select--Adernaline 0.'

2018-06-10 21:37:56 - [TEST_STEP][PASSED] - setText: Text '5000' is set on object 'Object Repository/MOH AND GRN/Page_KDMC - CMS/input_txttreat'

2018-06-10 21:37:56 - [MESSAGE][PASSED] - Text '5000' is set on object 'Object Repository/MOH AND GRN/Page_KDMC - CMS/input_txttreat'

2018-06-10 21:37:56 - [TEST_STEP][PASSED] - click: Object: 'Object Repository/MOH AND GRN/Page_KDMC - CMS/button_Add' is clicked on

2018-06-10 21:37:56 - [MESSAGE][PASSED] - Object: 'Object Repository/MOH AND GRN/Page_KDMC - CMS/button_Add' is clicked on

2018-06-10 21:37:56 - [TEST_STEP][PASSED] - selectOptionByIndex: All options with index in [2] are selected on object 'Object Repository/MOH AND GRN/Page_KDMC - CMS/select_--Select--Schedule 1Inj'

2018-06-10 21:37:57 - [MESSAGE][PASSED] - All options with index in [2] are selected on object 'Object Repository/MOH AND GRN/Page_KDMC - CMS/select_--Select--Schedule 1Inj'

2018-06-10 21:37:57 - [TEST_STEP][PASSED] - selectOptionByIndex: All options with index in [41] are selected on object 'Object Repository/MOH AND GRN/Page_KDMC - CMS/select_--Select--Adernaline 0.'

2018-06-10 21:37:57 - [MESSAGE][PASSED] - All options with index in [41] are selected on object 'Object Repository/MOH AND GRN/Page_KDMC - CMS/select_--Select--Adernaline 0.'

2018-06-10 21:37:57 - [TEST_STEP][PASSED] - setText: Text '5000' is set on object 'Object Repository/MOH AND GRN/Page_KDMC - CMS/input_txttreat'

2018-06-10 21:37:57 - [MESSAGE][PASSED] - Text '5000' is set on object 'Object Repository/MOH AND GRN/Page_KDMC - CMS/input_txttreat'

2018-06-10 21:37:57 - [TEST_STEP][PASSED] - click: Object: 'Object Repository/MOH AND GRN/Page_KDMC - CMS/button_Add' is clicked on

2018-06-10 21:37:57 - [MESSAGE][PASSED] - Object: 'Object Repository/MOH AND GRN/Page_KDMC - CMS/button_Add' is clicked on

2018-06-10 21:37:57 - [TEST_STEP][PASSED] - selectOptionByIndex: All options with index in [2] are selected on object 'Object Repository/MOH AND GRN/Page_KDMC - CMS/select_--Select--Schedule 1Inj'

2018-06-10 21:37:57 - [MESSAGE][PASSED] - All options with index in [2] are selected on object 'Object Repository/MOH AND GRN/Page_KDMC - CMS/select_--Select--Schedule 1Inj'

2018-06-10 21:37:57 - [TEST_STEP][PASSED] - selectOptionByIndex: All options with index in [42] are selected on object 'Object Repository/MOH AND GRN/Page_KDMC - CMS/select_--Select--Adernaline 0.'

2018-06-10 21:37:58 - [MESSAGE][PASSED] - All options with index in [42] are selected on object 'Object Repository/MOH AND GRN/Page_KDMC - CMS/select_--Select--Adernaline 0.'

2018-06-10 21:37:58 - [TEST_STEP][PASSED] - setText: Text '5000' is set on object 'Object Repository/MOH AND GRN/Page_KDMC - CMS/input_txttreat'

2018-06-10 21:37:58 - [MESSAGE][PASSED] - Text '5000' is set on object 'Object Repository/MOH AND GRN/Page_KDMC - CMS/input_txttreat'

2018-06-10 21:37:58 - [TEST_STEP][PASSED] - click: Object: 'Object Repository/MOH AND GRN/Page_KDMC - CMS/button_Add' is clicked on

2018-06-10 21:37:58 - [MESSAGE][PASSED] - Object: 'Object Repository/MOH AND GRN/Page_KDMC - CMS/button_Add' is clicked on

2018-06-10 21:37:58 - [TEST_STEP][PASSED] - selectOptionByIndex: All options with index in [2] are selected on object 'Object Repository/MOH AND GRN/Page_KDMC - CMS/select_--Select--Schedule 1Inj'

2018-06-10 21:37:58 - [MESSAGE][PASSED] - All options with index in [2] are selected on object 'Object Repository/MOH AND GRN/Page_KDMC - CMS/select_--Select--Schedule 1Inj'

2018-06-10 21:37:58 - [TEST_STEP][PASSED] - selectOptionByIndex: All options with index in [43] are selected on object 'Object Repository/MOH AND GRN/Page_KDMC - CMS/select_--Select--Adernaline 0.'

2018-06-10 21:37:59 - [MESSAGE][PASSED] - All options with index in [43] are selected on object 'Object Repository/MOH AND GRN/Page_KDMC - CMS/select_--Select--Adernaline 0.'

2018-06-10 21:37:59 - [TEST_STEP][PASSED] - setText: Text '5000' is set on object 'Object Repository/MOH AND GRN/Page_KDMC - CMS/input_txttreat'

2018-06-10 21:37:59 - [MESSAGE][PASSED] - Text '5000' is set on object 'Object Repository/MOH AND GRN/Page_KDMC - CMS/input_txttreat'

2018-06-10 21:37:59 - [TEST_STEP][PASSED] - click: Object: 'Object Repository/MOH AND GRN/Page_KDMC - CMS/button_Add' is clicked on

2018-06-10 21:37:59 - [MESSAGE][PASSED] - Object: 'Object Repository/MOH AND GRN/Page_KDMC - CMS/button_Add' is clicked on

2018-06-10 21:37:59 - [TEST_STEP][PASSED] - selectOptionByIndex: All options with index in [2] are selected on object 'Object Repository/MOH AND GRN/Page_KDMC - CMS/select_--Select--Schedule 1Inj'

2018-06-10 21:37:59 - [MESSAGE][PASSED] - All options with index in [2] are selected on object 'Object Repository/MOH AND GRN/Page_KDMC - CMS/select_--Select--Schedule 1Inj'

2018-06-10 21:37:59 - [TEST_STEP][PASSED] - selectOptionByIndex: All options with index in [44] are selected on object 'Object Repository/MOH AND GRN/Page_KDMC - CMS/select_--Select--Adernaline 0.'

2018-06-10 21:38:00 - [MESSAGE][PASSED] - All options with index in [44] are selected on object 'Object Repository/MOH AND GRN/Page_KDMC - CMS/select_--Select--Adernaline 0.'

2018-06-10 21:38:00 - [TEST_STEP][PASSED] - setText: Text '5000' is set on object 'Object Repository/MOH AND GRN/Page_KDMC - CMS/input_txttreat'

2018-06-10 21:38:00 - [MESSAGE][PASSED] - Text '5000' is set on object 'Object Repository/MOH AND GRN/Page_KDMC - CMS/input_txttreat'

2018-06-10 21:38:00 - [TEST_STEP][PASSED] - click: Object: 'Object Repository/MOH AND GRN/Page_KDMC - CMS/button_Add' is clicked on

2018-06-10 21:38:00 - [MESSAGE][PASSED] - Object: 'Object Repository/MOH AND GRN/Page_KDMC - CMS/button_Add' is clicked on

2018-06-10 21:38:00 - [TEST_STEP][PASSED] - selectOptionByIndex: All options with index in [2] are selected on object 'Object Repository/MOH AND GRN/Page_KDMC - CMS/select_--Select--Schedule 1Inj'

2018-06-10 21:38:00 - [MESSAGE][PASSED] - All options with index in [2] are selected on object 'Object Repository/MOH AND GRN/Page_KDMC - CMS/select_--Select--Schedule 1Inj'

2018-06-10 21:38:00 - [TEST_STEP][PASSED] - selectOptionByIndex: All options with index in [45] are selected on object 'Object Repository/MOH AND GRN/Page_KDMC - CMS/select_--Select--Adernaline 0.'

2018-06-10 21:38:01 - [MESSAGE][PASSED] - All options with index in [45] are selected on object 'Object Repository/MOH AND GRN/Page_KDMC - CMS/select_--Select--Adernaline 0.'

2018-06-10 21:38:01 - [TEST_STEP][PASSED] - setText: Text '5000' is set on object 'Object Repository/MOH AND GRN/Page_KDMC - CMS/input_txttreat'

2018-06-10 21:38:01 - [MESSAGE][PASSED] - Text '5000' is set on object 'Object Repository/MOH AND GRN/Page_KDMC - CMS/input_txttreat'

2018-06-10 21:38:01 - [TEST_STEP][PASSED] - click: Object: 'Object Repository/MOH AND GRN/Page_KDMC - CMS/button_Add' is clicked on

2018-06-10 21:38:01 - [MESSAGE][PASSED] - Object: 'Object Repository/MOH AND GRN/Page_KDMC - CMS/button_Add' is clicked on

2018-06-10 21:38:01 - [TEST_STEP][PASSED] - selectOptionByIndex: All options with index in [2] are selected on object 'Object Repository/MOH AND GRN/Page_KDMC - CMS/select_--Select--Schedule 1Inj'

2018-06-10 21:38:01 - [MESSAGE][PASSED] - All options with index in [2] are selected on object 'Object Repository/MOH AND GRN/Page_KDMC - CMS/select_--Select--Schedule 1Inj'

2018-06-10 21:38:01 - [TEST_STEP][PASSED] - selectOptionByIndex: All options with index in [46] are selected on object 'Object Repository/MOH AND GRN/Page_KDMC - CMS/select_--Select--Adernaline 0.'

2018-06-10 21:38:01 - [MESSAGE][PASSED] - All options with index in [46] are selected on object 'Object Repository/MOH AND GRN/Page_KDMC - CMS/select_--Select--Adernaline 0.'

2018-06-10 21:38:01 - [TEST_STEP][PASSED] - setText: Text '5000' is set on object 'Object Repository/MOH AND GRN/Page_KDMC - CMS/input_txttreat'

2018-06-10 21:38:01 - [MESSAGE][PASSED] - Text '5000' is set on object 'Object Repository/MOH AND GRN/Page_KDMC - CMS/input_txttreat'

2018-06-10 21:38:01 - [TEST_STEP][PASSED] - click: Object: 'Object Repository/MOH AND GRN/Page_KDMC - CMS/button_Add' is clicked on

2018-06-10 21:38:02 - [MESSAGE][PASSED] - Object: 'Object Repository/MOH AND GRN/Page_KDMC - CMS/button_Add' is clicked on

2018-06-10 21:38:02 - [TEST_STEP][PASSED] - selectOptionByIndex: All options with index in [2] are selected on object 'Object Repository/MOH AND GRN/Page_KDMC - CMS/select_--Select--Schedule 1Inj'

2018-06-10 21:38:02 - [MESSAGE][PASSED] - All options with index in [2] are selected on object 'Object Repository/MOH AND GRN/Page_KDMC - CMS/select_--Select--Schedule 1Inj'

2018-06-10 21:38:02 - [TEST_STEP][PASSED] - selectOptionByIndex: All options with index in [47] are selected on object 'Object Repository/MOH AND GRN/Page_KDMC - CMS/select_--Select--Adernaline 0.'

2018-06-10 21:38:02 - [MESSAGE][PASSED] - All options with index in [47] are selected on object 'Object Repository/MOH AND GRN/Page_KDMC - CMS/select_--Select--Adernaline 0.'

2018-06-10 21:38:02 - [TEST_STEP][PASSED] - setText: Text '5000' is set on object 'Object Repository/MOH AND GRN/Page_KDMC - CMS/input_txttreat'

2018-06-10 21:38:02 - [MESSAGE][PASSED] - Text '5000' is set on object 'Object Repository/MOH AND GRN/Page_KDMC - CMS/input_txttreat'

2018-06-10 21:38:02 - [TEST_STEP][PASSED] - click: Object: 'Object Repository/MOH AND GRN/Page_KDMC - CMS/button_Add' is clicked on

2018-06-10 21:38:02 - [MESSAGE][PASSED] - Object: 'Object Repository/MOH AND GRN/Page_KDMC - CMS/button_Add' is clicked on

2018-06-10 21:38:02 - [TEST_STEP][PASSED] - selectOptionByIndex: All options with index in [2] are selected on object 'Object Repository/MOH AND GRN/Page_KDMC - CMS/select_--Select--Schedule 1Inj'

2018-06-10 21:38:03 - [MESSAGE][PASSED] - All options with index in [2] are selected on object 'Object Repository/MOH AND GRN/Page_KDMC - CMS/select_--Select--Schedule 1Inj'

2018-06-10 21:38:03 - [TEST_STEP][PASSED] - selectOptionByIndex: All options with index in [48] are selected on object 'Object Repository/MOH AND GRN/Page_KDMC - CMS/select_--Select--Adernaline 0.'

2018-06-10 21:38:03 - [MESSAGE][PASSED] - All options with index in [48] are selected on object 'Object Repository/MOH AND GRN/Page_KDMC - CMS/select_--Select--Adernaline 0.'

2018-06-10 21:38:03 - [TEST_STEP][PASSED] - setText: Text '5000' is set on object 'Object Repository/MOH AND GRN/Page_KDMC - CMS/input_txttreat'

2018-06-10 21:38:03 - [MESSAGE][PASSED] - Text '5000' is set on object 'Object Repository/MOH AND GRN/Page_KDMC - CMS/input_txttreat'

2018-06-10 21:38:03 - [TEST_STEP][PASSED] - click: Object: 'Object Repository/MOH AND GRN/Page_KDMC - CMS/button_Add' is clicked on

2018-06-10 21:38:03 - [MESSAGE][PASSED] - Object: 'Object Repository/MOH AND GRN/Page_KDMC - CMS/button_Add' is clicked on

2018-06-10 21:38:03 - [TEST_STEP][PASSED] - selectOptionByIndex: All options with index in [2] are selected on object 'Object Repository/MOH AND GRN/Page_KDMC - CMS/select_--Select--Schedule 1Inj'

2018-06-10 21:38:03 - [MESSAGE][PASSED] - All options with index in [2] are selected on object 'Object Repository/MOH AND GRN/Page_KDMC - CMS/select_--Select--Schedule 1Inj'

2018-06-10 21:38:03 - [TEST_STEP][PASSED] - selectOptionByIndex: All options with index in [49] are selected on object 'Object Repository/MOH AND GRN/Page_KDMC - CMS/select_--Select--Adernaline 0.'

2018-06-10 21:38:04 - [MESSAGE][PASSED] - All options with index in [49] are selected on object 'Object Repository/MOH AND GRN/Page_KDMC - CMS/select_--Select--Adernaline 0.'

2018-06-10 21:38:04 - [TEST_STEP][PASSED] - setText: Text '5000' is set on object 'Object Repository/MOH AND GRN/Page_KDMC - CMS/input_txttreat'

2018-06-10 21:38:04 - [MESSAGE][PASSED] - Text '5000' is set on object 'Object Repository/MOH AND GRN/Page_KDMC - CMS/input_txttreat'

2018-06-10 21:38:04 - [TEST_STEP][PASSED] - click: Object: 'Object Repository/MOH AND GRN/Page_KDMC - CMS/button_Add' is clicked on

2018-06-10 21:38:04 - [MESSAGE][PASSED] - Object: 'Object Repository/MOH AND GRN/Page_KDMC - CMS/button_Add' is clicked on

2018-06-10 21:38:04 - [TEST_STEP][PASSED] - selectOptionByIndex: All options with index in [2] are selected on object 'Object Repository/MOH AND GRN/Page_KDMC - CMS/select_--Select--Schedule 1Inj'

2018-06-10 21:38:04 - [MESSAGE][PASSED] - All options with index in [2] are selected on object 'Object Repository/MOH AND GRN/Page_KDMC - CMS/select_--Select--Schedule 1Inj'

2018-06-10 21:38:04 - [TEST_STEP][PASSED] - selectOptionByIndex: All options with index in [50] are selected on object 'Object Repository/MOH AND GRN/Page_KDMC - CMS/select_--Select--Adernaline 0.'

2018-06-10 21:38:05 - [MESSAGE][PASSED] - All options with index in [50] are selected on object 'Object Repository/MOH AND GRN/Page_KDMC - CMS/select_--Select--Adernaline 0.'

2018-06-10 21:38:05 - [TEST_STEP][PASSED] - setText: Text '5000' is set on object 'Object Repository/MOH AND GRN/Page_KDMC - CMS/input_txttreat'

2018-06-10 21:38:05 - [MESSAGE][PASSED] - Text '5000' is set on object 'Object Repository/MOH AND GRN/Page_KDMC - CMS/input_txttreat'

2018-06-10 21:38:05 - [TEST_STEP][PASSED] - click: Object: 'Object Repository/MOH AND GRN/Page_KDMC - CMS/button_Add' is clicked on

2018-06-10 21:38:05 - [MESSAGE][PASSED] - Object: 'Object Repository/MOH AND GRN/Page_KDMC - CMS/button_Add' is clicked on

2018-06-10 21:38:05 - [TEST_STEP][PASSED] - selectOptionByIndex: All options with index in [2] are selected on object 'Object Repository/MOH AND GRN/Page_KDMC - CMS/select_--Select--Schedule 1Inj'

2018-06-10 21:38:05 - [MESSAGE][PASSED] - All options with index in [2] are selected on object 'Object Repository/MOH AND GRN/Page_KDMC - CMS/select_--Select--Schedule 1Inj'

2018-06-10 21:38:05 - [TEST_STEP][PASSED] - selectOptionByIndex: All options with index in [51] are selected on object 'Object Repository/MOH AND GRN/Page_KDMC - CMS/select_--Select--Adernaline 0.'

2018-06-10 21:38:06 - [MESSAGE][PASSED] - All options with index in [51] are selected on object 'Object Repository/MOH AND GRN/Page_KDMC - CMS/select_--Select--Adernaline 0.'

2018-06-10 21:38:06 - [TEST_STEP][PASSED] - setText: Text '5000' is set on object 'Object Repository/MOH AND GRN/Page_KDMC - CMS/input_txttreat'

2018-06-10 21:38:06 - [MESSAGE][PASSED] - Text '5000' is set on object 'Object Repository/MOH AND GRN/Page_KDMC - CMS/input_txttreat'

2018-06-10 21:38:06 - [TEST_STEP][PASSED] - click: Object: 'Object Repository/MOH AND GRN/Page_KDMC - CMS/button_Add' is clicked on

2018-06-10 21:38:06 - [MESSAGE][PASSED] - Object: 'Object Repository/MOH AND GRN/Page_KDMC - CMS/button_Add' is clicked on

2018-06-10 21:38:06 - [TEST_STEP][PASSED] - selectOptionByIndex: All options with index in [2] are selected on object 'Object Repository/MOH AND GRN/Page_KDMC - CMS/select_--Select--Schedule 1Inj'

2018-06-10 21:38:06 - [MESSAGE][PASSED] - All options with index in [2] are selected on object 'Object Repository/MOH AND GRN/Page_KDMC - CMS/select_--Select--Schedule 1Inj'

2018-06-10 21:38:06 - [TEST_STEP][PASSED] - selectOptionByIndex: All options with index in [52] are selected on object 'Object Repository/MOH AND GRN/Page_KDMC - CMS/select_--Select--Adernaline 0.'

2018-06-10 21:38:07 - [MESSAGE][PASSED] - All options with index in [52] are selected on object 'Object Repository/MOH AND GRN/Page_KDMC - CMS/select_--Select--Adernaline 0.'

2018-06-10 21:38:07 - [TEST_STEP][PASSED] - setText: Text '5000' is set on object 'Object Repository/MOH AND GRN/Page_KDMC - CMS/input_txttreat'

2018-06-10 21:38:07 - [MESSAGE][PASSED] - Text '5000' is set on object 'Object Repository/MOH AND GRN/Page_KDMC - CMS/input_txttreat'

2018-06-10 21:38:07 - [TEST_STEP][PASSED] - click: Object: 'Object Repository/MOH AND GRN/Page_KDMC - CMS/button_Add' is clicked on

2018-06-10 21:38:07 - [MESSAGE][PASSED] - Object: 'Object Repository/MOH AND GRN/Page_KDMC - CMS/button_Add' is clicked on

2018-06-10 21:38:07 - [TEST_STEP][PASSED] - selectOptionByIndex: All options with index in [2] are selected on object 'Object Repository/MOH AND GRN/Page_KDMC - CMS/select_--Select--Schedule 1Inj'

2018-06-10 21:38:07 - [MESSAGE][PASSED] - All options with index in [2] are selected on object 'Object Repository/MOH AND GRN/Page_KDMC - CMS/select_--Select--Schedule 1Inj'

2018-06-10 21:38:07 - [TEST_STEP][PASSED] - selectOptionByIndex: All options with index in [53] are selected on object 'Object Repository/MOH AND GRN/Page_KDMC - CMS/select_--Select--Adernaline 0.'

2018-06-10 21:38:08 - [MESSAGE][PASSED] - All options with index in [53] are selected on object 'Object Repository/MOH AND GRN/Page_KDMC - CMS/select_--Select--Adernaline 0.'

2018-06-10 21:38:08 - [TEST_STEP][PASSED] - setText: Text '5000' is set on object 'Object Repository/MOH AND GRN/Page_KDMC - CMS/input_txttreat'

2018-06-10 21:38:08 - [MESSAGE][PASSED] - Text '5000' is set on object 'Object Repository/MOH AND GRN/Page_KDMC - CMS/input_txttreat'

2018-06-10 21:38:08 - [TEST_STEP][PASSED] - click: Object: 'Object Repository/MOH AND GRN/Page_KDMC - CMS/button_Add' is clicked on

2018-06-10 21:38:08 - [MESSAGE][PASSED] - Object: 'Object Repository/MOH AND GRN/Page_KDMC - CMS/button_Add' is clicked on

2018-06-10 21:38:08 - [TEST_STEP][PASSED] - selectOptionByIndex: All options with index in [2] are selected on object 'Object Repository/MOH AND GRN/Page_KDMC - CMS/select_--Select--Schedule 1Inj'

2018-06-10 21:38:08 - [MESSAGE][PASSED] - All options with index in [2] are selected on object 'Object Repository/MOH AND GRN/Page_KDMC - CMS/select_--Select--Schedule 1Inj'

2018-06-10 21:38:08 - [TEST_STEP][PASSED] - selectOptionByIndex: All options with index in [54] are selected on object 'Object Repository/MOH AND GRN/Page_KDMC - CMS/select_--Select--Adernaline 0.'

2018-06-10 21:38:09 - [MESSAGE][PASSED] - All options with index in [54] are selected on object 'Object Repository/MOH AND GRN/Page_KDMC - CMS/select_--Select--Adernaline 0.'

2018-06-10 21:38:09 - [TEST_STEP][PASSED] - setText: Text '5000' is set on object 'Object Repository/MOH AND GRN/Page_KDMC - CMS/input_txttreat'

2018-06-10 21:38:09 - [MESSAGE][PASSED] - Text '5000' is set on object 'Object Repository/MOH AND GRN/Page_KDMC - CMS/input_txttreat'

2018-06-10 21:38:09 - [TEST_STEP][PASSED] - click: Object: 'Object Repository/MOH AND GRN/Page_KDMC - CMS/button_Add' is clicked on

2018-06-10 21:38:09 - [MESSAGE][PASSED] - Object: 'Object Repository/MOH AND GRN/Page_KDMC - CMS/button_Add' is clicked on

2018-06-10 21:38:09 - [TEST_STEP][PASSED] - selectOptionByIndex: All options with index in [2] are selected on object 'Object Repository/MOH AND GRN/Page_KDMC - CMS/select_--Select--Schedule 1Inj'

2018-06-10 21:38:09 - [MESSAGE][PASSED] - All options with index in [2] are selected on object 'Object Repository/MOH AND GRN/Page_KDMC - CMS/select_--Select--Schedule 1Inj'

2018-06-10 21:38:09 - [TEST_STEP][PASSED] - selectOptionByIndex: All options with index in [55] are selected on object 'Object Repository/MOH AND GRN/Page_KDMC - CMS/select_--Select--Adernaline 0.'

2018-06-10 21:38:10 - [MESSAGE][PASSED] - All options with index in [55] are selected on object 'Object Repository/MOH AND GRN/Page_KDMC - CMS/select_--Select--Adernaline 0.'

2018-06-10 21:38:10 - [TEST_STEP][PASSED] - setText: Text '5000' is set on object 'Object Repository/MOH AND GRN/Page_KDMC - CMS/input_txttreat'

2018-06-10 21:38:10 - [MESSAGE][PASSED] - Text '5000' is set on object 'Object Repository/MOH AND GRN/Page_KDMC - CMS/input_txttreat'

2018-06-10 21:38:10 - [TEST_STEP][PASSED] - click: Object: 'Object Repository/MOH AND GRN/Page_KDMC - CMS/button_Add' is clicked on

2018-06-10 21:38:10 - [MESSAGE][PASSED] - Object: 'Object Repository/MOH AND GRN/Page_KDMC - CMS/button_Add' is clicked on

2018-06-10 21:38:10 - [TEST_STEP][PASSED] - selectOptionByIndex: All options with index in [2] are selected on object 'Object Repository/MOH AND GRN/Page_KDMC - CMS/select_--Select--Schedule 1Inj'

2018-06-10 21:38:10 - [MESSAGE][PASSED] - All options with index in [2] are selected on object 'Object Repository/MOH AND GRN/Page_KDMC - CMS/select_--Select--Schedule 1Inj'

2018-06-10 21:38:10 - [TEST_STEP][PASSED] - selectOptionByIndex: All options with index in [56] are selected on object 'Object Repository/MOH AND GRN/Page_KDMC - CMS/select_--Select--Adernaline 0.'

2018-06-10 21:38:11 - [MESSAGE][PASSED] - All options with index in [56] are selected on object 'Object Repository/MOH AND GRN/Page_KDMC - CMS/select_--Select--Adernaline 0.'

2018-06-10 21:38:11 - [TEST_STEP][PASSED] - setText: Text '5000' is set on object 'Object Repository/MOH AND GRN/Page_KDMC - CMS/input_txttreat'

2018-06-10 21:38:11 - [MESSAGE][PASSED] - Text '5000' is set on object 'Object Repository/MOH AND GRN/Page_KDMC - CMS/input_txttreat'

2018-06-10 21:38:11 - [TEST_STEP][PASSED] - click: Object: 'Object Repository/MOH AND GRN/Page_KDMC - CMS/button_Add' is clicked on

2018-06-10 21:38:11 - [MESSAGE][PASSED] - Object: 'Object Repository/MOH AND GRN/Page_KDMC - CMS/button_Add' is clicked on

2018-06-10 21:38:11 - [TEST_STEP][PASSED] - selectOptionByIndex: All options with index in [2] are selected on object 'Object Repository/MOH AND GRN/Page_KDMC - CMS/select_--Select--Schedule 1Inj'

2018-06-10 21:38:11 - [MESSAGE][PASSED] - All options with index in [2] are selected on object 'Object Repository/MOH AND GRN/Page_KDMC - CMS/select_--Select--Schedule 1Inj'

2018-06-10 21:38:11 - [TEST_STEP][PASSED] - selectOptionByIndex: All options with index in [57] are selected on object 'Object Repository/MOH AND GRN/Page_KDMC - CMS/select_--Select--Adernaline 0.'

2018-06-10 21:38:12 - [MESSAGE][PASSED] - All options with index in [57] are selected on object 'Object Repository/MOH AND GRN/Page_KDMC - CMS/select_--Select--Adernaline 0.'

2018-06-10 21:38:12 - [TEST_STEP][PASSED] - setText: Text '5000' is set on object 'Object Repository/MOH AND GRN/Page_KDMC - CMS/input_txttreat'

2018-06-10 21:38:12 - [MESSAGE][PASSED] - Text '5000' is set on object 'Object Repository/MOH AND GRN/Page_KDMC - CMS/input_txttreat'

2018-06-10 21:38:12 - [TEST_STEP][PASSED] - click: Object: 'Object Repository/MOH AND GRN/Page_KDMC - CMS/button_Add' is clicked on

2018-06-10 21:38:12 - [MESSAGE][PASSED] - Object: 'Object Repository/MOH AND GRN/Page_KDMC - CMS/button_Add' is clicked on

2018-06-10 21:38:12 - [TEST_STEP][PASSED] - selectOptionByIndex: All options with index in [2] are selected on object 'Object Repository/MOH AND GRN/Page_KDMC - CMS/select_--Select--Schedule 1Inj'

2018-06-10 21:38:12 - [MESSAGE][PASSED] - All options with index in [2] are selected on object 'Object Repository/MOH AND GRN/Page_KDMC - CMS/select_--Select--Schedule 1Inj'

2018-06-10 21:38:12 - [TEST_STEP][PASSED] - selectOptionByIndex: All options with index in [58] are selected on object 'Object Repository/MOH AND GRN/Page_KDMC - CMS/select_--Select--Adernaline 0.'

2018-06-10 21:38:13 - [MESSAGE][PASSED] - All options with index in [58] are selected on object 'Object Repository/MOH AND GRN/Page_KDMC - CMS/select_--Select--Adernaline 0.'

2018-06-10 21:38:13 - [TEST_STEP][PASSED] - setText: Text '5000' is set on object 'Object Repository/MOH AND GRN/Page_KDMC - CMS/input_txttreat'

2018-06-10 21:38:13 - [MESSAGE][PASSED] - Text '5000' is set on object 'Object Repository/MOH AND GRN/Page_KDMC - CMS/input_txttreat'

2018-06-10 21:38:13 - [TEST_STEP][PASSED] - click: Object: 'Object Repository/MOH AND GRN/Page_KDMC - CMS/button_Add' is clicked on

2018-06-10 21:38:13 - [MESSAGE][PASSED] - Object: 'Object Repository/MOH AND GRN/Page_KDMC - CMS/button_Add' is clicked on

2018-06-10 21:38:13 - [TEST_STEP][PASSED] - selectOptionByIndex: All options with index in [2] are selected on object 'Object Repository/MOH AND GRN/Page_KDMC - CMS/select_--Select--Schedule 1Inj'

2018-06-10 21:38:13 - [MESSAGE][PASSED] - All options with index in [2] are selected on object 'Object Repository/MOH AND GRN/Page_KDMC - CMS/select_--Select--Schedule 1Inj'

2018-06-10 21:38:13 - [TEST_STEP][PASSED] - selectOptionByIndex: All options with index in [59] are selected on object 'Object Repository/MOH AND GRN/Page_KDMC - CMS/select_--Select--Adernaline 0.'

2018-06-10 21:38:14 - [MESSAGE][PASSED] - All options with index in [59] are selected on object 'Object Repository/MOH AND GRN/Page_KDMC - CMS/select_--Select--Adernaline 0.'

2018-06-10 21:38:14 - [TEST_STEP][PASSED] - setText: Text '5000' is set on object 'Object Repository/MOH AND GRN/Page_KDMC - CMS/input_txttreat'

2018-06-10 21:38:14 - [MESSAGE][PASSED] - Text '5000' is set on object 'Object Repository/MOH AND GRN/Page_KDMC - CMS/input_txttreat'

2018-06-10 21:38:14 - [TEST_STEP][PASSED] - click: Object: 'Object Repository/MOH AND GRN/Page_KDMC - CMS/button_Add' is clicked on

2018-06-10 21:38:14 - [MESSAGE][PASSED] - Object: 'Object Repository/MOH AND GRN/Page_KDMC - CMS/button_Add' is clicked on

2018-06-10 21:38:14 - [TEST_STEP][PASSED] - selectOptionByIndex: All options with index in [2] are selected on object 'Object Repository/MOH AND GRN/Page_KDMC - CMS/select_--Select--Schedule 1Inj'

2018-06-10 21:38:14 - [MESSAGE][PASSED] - All options with index in [2] are selected on object 'Object Repository/MOH AND GRN/Page_KDMC - CMS/select_--Select--Schedule 1Inj'

2018-06-10 21:38:14 - [TEST_STEP][PASSED] - selectOptionByIndex: All options with index in [60] are selected on object 'Object Repository/MOH AND GRN/Page_KDMC - CMS/select_--Select--Adernaline 0.'

2018-06-10 21:38:15 - [MESSAGE][PASSED] - All options with index in [60] are selected on object 'Object Repository/MOH AND GRN/Page_KDMC - CMS/select_--Select--Adernaline 0.'

2018-06-10 21:38:15 - [TEST_STEP][PASSED] - setText: Text '5000' is set on object 'Object Repository/MOH AND GRN/Page_KDMC - CMS/input_txttreat'

2018-06-10 21:38:15 - [MESSAGE][PASSED] - Text '5000' is set on object 'Object Repository/MOH AND GRN/Page_KDMC - CMS/input_txttreat'

2018-06-10 21:38:15 - [TEST_STEP][PASSED] - click: Object: 'Object Repository/MOH AND GRN/Page_KDMC - CMS/button_Add' is clicked on

2018-06-10 21:38:15 - [MESSAGE][PASSED] - Object: 'Object Repository/MOH AND GRN/Page_KDMC - CMS/button_Add' is clicked on

2018-06-10 21:38:15 - [TEST_STEP][PASSED] - selectOptionByIndex: All options with index in [2] are selected on object 'Object Repository/MOH AND GRN/Page_KDMC - CMS/select_--Select--Schedule 1Inj'

2018-06-10 21:38:15 - [MESSAGE][PASSED] - All options with index in [2] are selected on object 'Object Repository/MOH AND GRN/Page_KDMC - CMS/select_--Select--Schedule 1Inj'

2018-06-10 21:38:15 - [TEST_STEP][PASSED] - selectOptionByIndex: All options with index in [61] are selected on object 'Object Repository/MOH AND GRN/Page_KDMC - CMS/select_--Select--Adernaline 0.'

2018-06-10 21:38:16 - [MESSAGE][PASSED] - All options with index in [61] are selected on object 'Object Repository/MOH AND GRN/Page_KDMC - CMS/select_--Select--Adernaline 0.'

2018-06-10 21:38:16 - [TEST_STEP][PASSED] - setText: Text '5000' is set on object 'Object Repository/MOH AND GRN/Page_KDMC - CMS/input_txttreat'

2018-06-10 21:38:16 - [MESSAGE][PASSED] - Text '5000' is set on object 'Object Repository/MOH AND GRN/Page_KDMC - CMS/input_txttreat'

2018-06-10 21:38:16 - [TEST_STEP][PASSED] - click: Object: 'Object Repository/MOH AND GRN/Page_KDMC - CMS/button_Add' is clicked on

2018-06-10 21:38:16 - [MESSAGE][PASSED] - Object: 'Object Repository/MOH AND GRN/Page_KDMC - CMS/button_Add' is clicked on

2018-06-10 21:38:16 - [TEST_STEP][PASSED] - selectOptionByIndex: All options with index in [2] are selected on object 'Object Repository/MOH AND GRN/Page_KDMC - CMS/select_--Select--Schedule 1Inj'

2018-06-10 21:38:16 - [MESSAGE][PASSED] - All options with index in [2] are selected on object 'Object Repository/MOH AND GRN/Page_KDMC - CMS/select_--Select--Schedule 1Inj'

2018-06-10 21:38:16 - [TEST_STEP][PASSED] - selectOptionByIndex: All options with index in [62] are selected on object 'Object Repository/MOH AND GRN/Page_KDMC - CMS/select_--Select--Adernaline 0.'

2018-06-10 21:38:17 - [MESSAGE][PASSED] - All options with index in [62] are selected on object 'Object Repository/MOH AND GRN/Page_KDMC - CMS/select_--Select--Adernaline 0.'

2018-06-10 21:38:17 - [TEST_STEP][PASSED] - setText: Text '5000' is set on object 'Object Repository/MOH AND GRN/Page_KDMC - CMS/input_txttreat'

2018-06-10 21:38:17 - [MESSAGE][PASSED] - Text '5000' is set on object 'Object Repository/MOH AND GRN/Page_KDMC - CMS/input_txttreat'

2018-06-10 21:38:17 - [TEST_STEP][PASSED] - click: Object: 'Object Repository/MOH AND GRN/Page_KDMC - CMS/button_Add' is clicked on

2018-06-10 21:38:17 - [MESSAGE][PASSED] - Object: 'Object Repository/MOH AND GRN/Page_KDMC - CMS/button_Add' is clicked on

2018-06-10 21:38:17 - [TEST_STEP][PASSED] - selectOptionByIndex: All options with index in [2] are selected on object 'Object Repository/MOH AND GRN/Page_KDMC - CMS/select_--Select--Schedule 1Inj'

2018-06-10 21:38:17 - [MESSAGE][PASSED] - All options with index in [2] are selected on object 'Object Repository/MOH AND GRN/Page_KDMC - CMS/select_--Select--Schedule 1Inj'

2018-06-10 21:38:17 - [TEST_STEP][PASSED] - selectOptionByIndex: All options with index in [63] are selected on object 'Object Repository/MOH AND GRN/Page_KDMC - CMS/select_--Select--Adernaline 0.'

2018-06-10 21:38:18 - [MESSAGE][PASSED] - All options with index in [63] are selected on object 'Object Repository/MOH AND GRN/Page_KDMC - CMS/select_--Select--Adernaline 0.'

2018-06-10 21:38:18 - [TEST_STEP][PASSED] - setText: Text '5000' is set on object 'Object Repository/MOH AND GRN/Page_KDMC - CMS/input_txttreat'

2018-06-10 21:38:18 - [MESSAGE][PASSED] - Text '5000' is set on object 'Object Repository/MOH AND GRN/Page_KDMC - CMS/input_txttreat'

2018-06-10 21:38:18 - [TEST_STEP][PASSED] - click: Object: 'Object Repository/MOH AND GRN/Page_KDMC - CMS/button_Add' is clicked on

2018-06-10 21:38:18 - [MESSAGE][PASSED] - Object: 'Object Repository/MOH AND GRN/Page_KDMC - CMS/button_Add' is clicked on

2018-06-10 21:38:18 - [TEST_STEP][PASSED] - selectOptionByIndex: All options with index in [2] are selected on object 'Object Repository/MOH AND GRN/Page_KDMC - CMS/select_--Select--Schedule 1Inj'

2018-06-10 21:38:18 - [MESSAGE][PASSED] - All options with index in [2] are selected on object 'Object Repository/MOH AND GRN/Page_KDMC - CMS/select_--Select--Schedule 1Inj'

2018-06-10 21:38:18 - [TEST_STEP][PASSED] - selectOptionByIndex: All options with index in [64] are selected on object 'Object Repository/MOH AND GRN/Page_KDMC - CMS/select_--Select--Adernaline 0.'

2018-06-10 21:38:19 - [MESSAGE][PASSED] - All options with index in [64] are selected on object 'Object Repository/MOH AND GRN/Page_KDMC - CMS/select_--Select--Adernaline 0.'

2018-06-10 21:38:19 - [TEST_STEP][PASSED] - setText: Text '5000' is set on object 'Object Repository/MOH AND GRN/Page_KDMC - CMS/input_txttreat'

2018-06-10 21:38:19 - [MESSAGE][PASSED] - Text '5000' is set on object 'Object Repository/MOH AND GRN/Page_KDMC - CMS/input_txttreat'

2018-06-10 21:38:19 - [TEST_STEP][PASSED] - click: Object: 'Object Repository/MOH AND GRN/Page_KDMC - CMS/button_Add' is clicked on

2018-06-10 21:38:19 - [MESSAGE][PASSED] - Object: 'Object Repository/MOH AND GRN/Page_KDMC - CMS/button_Add' is clicked on

2018-06-10 21:38:19 - [TEST_STEP][PASSED] - selectOptionByIndex: All options with index in [2] are selected on object 'Object Repository/MOH AND GRN/Page_KDMC - CMS/select_--Select--Schedule 1Inj'

2018-06-10 21:38:19 - [MESSAGE][PASSED] - All options with index in [2] are selected on object 'Object Repository/MOH AND GRN/Page_KDMC - CMS/select_--Select--Schedule 1Inj'

2018-06-10 21:38:19 - [TEST_STEP][PASSED] - selectOptionByIndex: All options with index in [65] are selected on object 'Object Repository/MOH AND GRN/Page_KDMC - CMS/select_--Select--Adernaline 0.'

2018-06-10 21:38:20 - [MESSAGE][PASSED] - All options with index in [65] are selected on object 'Object Repository/MOH AND GRN/Page_KDMC - CMS/select_--Select--Adernaline 0.'

2018-06-10 21:38:20 - [TEST_STEP][PASSED] - setText: Text '5000' is set on object 'Object Repository/MOH AND GRN/Page_KDMC - CMS/input_txttreat'

2018-06-10 21:38:20 - [MESSAGE][PASSED] - Text '5000' is set on object 'Object Repository/MOH AND GRN/Page_KDMC - CMS/input_txttreat'

2018-06-10 21:38:20 - [TEST_STEP][PASSED] - click: Object: 'Object Repository/MOH AND GRN/Page_KDMC - CMS/button_Add' is clicked on

2018-06-10 21:38:20 - [MESSAGE][PASSED] - Object: 'Object Repository/MOH AND GRN/Page_KDMC - CMS/button_Add' is clicked on

2018-06-10 21:38:20 - [TEST_STEP][PASSED] - selectOptionByIndex: All options with index in [2] are selected on object 'Object Repository/MOH AND GRN/Page_KDMC - CMS/select_--Select--Schedule 1Inj'

2018-06-10 21:38:21 - [MESSAGE][PASSED] - All options with index in [2] are selected on object 'Object Repository/MOH AND GRN/Page_KDMC - CMS/select_--Select--Schedule 1Inj'

2018-06-10 21:38:21 - [TEST_STEP][PASSED] - selectOptionByIndex: All options with index in [66] are selected on object 'Object Repository/MOH AND GRN/Page_KDMC - CMS/select_--Select--Adernaline 0.'

2018-06-10 21:38:21 - [MESSAGE][PASSED] - All options with index in [66] are selected on object 'Object Repository/MOH AND GRN/Page_KDMC - CMS/select_--Select--Adernaline 0.'

2018-06-10 21:38:21 - [TEST_STEP][PASSED] - setText: Text '5000' is set on object 'Object Repository/MOH AND GRN/Page_KDMC - CMS/input_txttreat'

2018-06-10 21:38:21 - [MESSAGE][PASSED] - Text '5000' is set on object 'Object Repository/MOH AND GRN/Page_KDMC - CMS/input_txttreat'

2018-06-10 21:38:21 - [TEST_STEP][PASSED] - click: Object: 'Object Repository/MOH AND GRN/Page_KDMC - CMS/button_Add' is clicked on

2018-06-10 21:38:21 - [MESSAGE][PASSED] - Object: 'Object Repository/MOH AND GRN/Page_KDMC - CMS/button_Add' is clicked on

2018-06-10 21:38:21 - [TEST_STEP][PASSED] - selectOptionByIndex: All options with index in [2] are selected on object 'Object Repository/MOH AND GRN/Page_KDMC - CMS/select_--Select--Schedule 1Inj'

2018-06-10 21:38:22 - [MESSAGE][PASSED] - All options with index in [2] are selected on object 'Object Repository/MOH AND GRN/Page_KDMC - CMS/select_--Select--Schedule 1Inj'

2018-06-10 21:38:22 - [TEST_STEP][PASSED] - selectOptionByIndex: All options with index in [67] are selected on object 'Object Repository/MOH AND GRN/Page_KDMC - CMS/select_--Select--Adernaline 0.'

2018-06-10 21:38:22 - [MESSAGE][PASSED] - All options with index in [67] are selected on object 'Object Repository/MOH AND GRN/Page_KDMC - CMS/select_--Select--Adernaline 0.'

2018-06-10 21:38:22 - [TEST_STEP][PASSED] - setText: Text '5000' is set on object 'Object Repository/MOH AND GRN/Page_KDMC - CMS/input_txttreat'

2018-06-10 21:38:23 - [MESSAGE][PASSED] - Text '5000' is set on object 'Object Repository/MOH AND GRN/Page_KDMC - CMS/input_txttreat'

2018-06-10 21:38:23 - [TEST_STEP][PASSED] - click: Object: 'Object Repository/MOH AND GRN/Page_KDMC - CMS/button_Add' is clicked on

2018-06-10 21:38:23 - [MESSAGE][PASSED] - Object: 'Object Repository/MOH AND GRN/Page_KDMC - CMS/button_Add' is clicked on

2018-06-10 21:38:23 - [TEST_STEP][PASSED] - selectOptionByIndex: All options with index in [2] are selected on object 'Object Repository/MOH AND GRN/Page_KDMC - CMS/select_--Select--Schedule 1Inj'

2018-06-10 21:38:23 - [MESSAGE][PASSED] - All options with index in [2] are selected on object 'Object Repository/MOH AND GRN/Page_KDMC - CMS/select_--Select--Schedule 1Inj'

2018-06-10 21:38:23 - [TEST_STEP][PASSED] - selectOptionByIndex: All options with index in [68] are selected on object 'Object Repository/MOH AND GRN/Page_KDMC - CMS/select_--Select--Adernaline 0.'

2018-06-10 21:38:24 - [MESSAGE][PASSED] - All options with index in [68] are selected on object 'Object Repository/MOH AND GRN/Page_KDMC - CMS/select_--Select--Adernaline 0.'

2018-06-10 21:38:24 - [TEST_STEP][PASSED] - setText: Text '5000' is set on object 'Object Repository/MOH AND GRN/Page_KDMC - CMS/input_txttreat'

2018-06-10 21:38:24 - [MESSAGE][PASSED] - Text '5000' is set on object 'Object Repository/MOH AND GRN/Page_KDMC - CMS/input_txttreat'

2018-06-10 21:38:24 - [TEST_STEP][PASSED] - click: Object: 'Object Repository/MOH AND GRN/Page_KDMC - CMS/button_Add' is clicked on

2018-06-10 21:38:24 - [MESSAGE][PASSED] - Object: 'Object Repository/MOH AND GRN/Page_KDMC - CMS/button_Add' is clicked on

2018-06-10 21:38:24 - [TEST_STEP][PASSED] - selectOptionByIndex: All options with index in [2] are selected on object 'Object Repository/MOH AND GRN/Page_KDMC - CMS/select_--Select--Schedule 1Inj'

2018-06-10 21:38:24 - [MESSAGE][PASSED] - All options with index in [2] are selected on object 'Object Repository/MOH AND GRN/Page_KDMC - CMS/select_--Select--Schedule 1Inj'

2018-06-10 21:38:24 - [TEST_STEP][PASSED] - selectOptionByIndex: All options with index in [69] are selected on object 'Object Repository/MOH AND GRN/Page_KDMC - CMS/select_--Select--Adernaline 0.'

2018-06-10 21:38:25 - [MESSAGE][PASSED] - All options with index in [69] are selected on object 'Object Repository/MOH AND GRN/Page_KDMC - CMS/select_--Select--Adernaline 0.'

2018-06-10 21:38:25 - [TEST_STEP][PASSED] - setText: Text '5000' is set on object 'Object Repository/MOH AND GRN/Page_KDMC - CMS/input_txttreat'

2018-06-10 21:38:25 - [MESSAGE][PASSED] - Text '5000' is set on object 'Object Repository/MOH AND GRN/Page_KDMC - CMS/input_txttreat'

2018-06-10 21:38:25 - [TEST_STEP][PASSED] - click: Object: 'Object Repository/MOH AND GRN/Page_KDMC - CMS/button_Add' is clicked on

2018-06-10 21:38:25 - [MESSAGE][PASSED] - Object: 'Object Repository/MOH AND GRN/Page_KDMC - CMS/button_Add' is clicked on

2018-06-10 21:38:25 - [TEST_STEP][PASSED] - selectOptionByIndex: All options with index in [2] are selected on object 'Object Repository/MOH AND GRN/Page_KDMC - CMS/select_--Select--Schedule 1Inj'

2018-06-10 21:38:25 - [MESSAGE][PASSED] - All options with index in [2] are selected on object 'Object Repository/MOH AND GRN/Page_KDMC - CMS/select_--Select--Schedule 1Inj'

2018-06-10 21:38:25 - [TEST_STEP][PASSED] - selectOptionByIndex: All options with index in [70] are selected on object 'Object Repository/MOH AND GRN/Page_KDMC - CMS/select_--Select--Adernaline 0.'

2018-06-10 21:38:26 - [MESSAGE][PASSED] - All options with index in [70] are selected on object 'Object Repository/MOH AND GRN/Page_KDMC - CMS/select_--Select--Adernaline 0.'

2018-06-10 21:38:26 - [TEST_STEP][PASSED] - setText: Text '5000' is set on object 'Object Repository/MOH AND GRN/Page_KDMC - CMS/input_txttreat'

2018-06-10 21:38:26 - [MESSAGE][PASSED] - Text '5000' is set on object 'Object Repository/MOH AND GRN/Page_KDMC - CMS/input_txttreat'

2018-06-10 21:38:26 - [TEST_STEP][PASSED] - click: Object: 'Object Repository/MOH AND GRN/Page_KDMC - CMS/button_Add' is clicked on

2018-06-10 21:38:26 - [MESSAGE][PASSED] - Object: 'Object Repository/MOH AND GRN/Page_KDMC - CMS/button_Add' is clicked on

2018-06-10 21:38:26 - [TEST_STEP][PASSED] - selectOptionByIndex: All options with index in [2] are selected on object 'Object Repository/MOH AND GRN/Page_KDMC - CMS/select_--Select--Schedule 1Inj'

2018-06-10 21:38:26 - [MESSAGE][PASSED] - All options with index in [2] are selected on object 'Object Repository/MOH AND GRN/Page_KDMC - CMS/select_--Select--Schedule 1Inj'

2018-06-10 21:38:26 - [TEST_STEP][PASSED] - selectOptionByIndex: All options with index in [71] are selected on object 'Object Repository/MOH AND GRN/Page_KDMC - CMS/select_--Select--Adernaline 0.'

2018-06-10 21:38:27 - [MESSAGE][PASSED] - All options with index in [71] are selected on object 'Object Repository/MOH AND GRN/Page_KDMC - CMS/select_--Select--Adernaline 0.'

2018-06-10 21:38:27 - [TEST_STEP][PASSED] - setText: Text '5000' is set on object 'Object Repository/MOH AND GRN/Page_KDMC - CMS/input_txttreat'

2018-06-10 21:38:27 - [MESSAGE][PASSED] - Text '5000' is set on object 'Object Repository/MOH AND GRN/Page_KDMC - CMS/input_txttreat'

2018-06-10 21:38:27 - [TEST_STEP][PASSED] - click: Object: 'Object Repository/MOH AND GRN/Page_KDMC - CMS/button_Add' is clicked on

2018-06-10 21:38:27 - [MESSAGE][PASSED] - Object: 'Object Repository/MOH AND GRN/Page_KDMC - CMS/button_Add' is clicked on

2018-06-10 21:38:27 - [TEST_STEP][PASSED] - selectOptionByIndex: All options with index in [2] are selected on object 'Object Repository/MOH AND GRN/Page_KDMC - CMS/select_--Select--Schedule 1Inj'

2018-06-10 21:38:27 - [MESSAGE][PASSED] - All options with index in [2] are selected on object 'Object Repository/MOH AND GRN/Page_KDMC - CMS/select_--Select--Schedule 1Inj'

2018-06-10 21:38:27 - [TEST_STEP][PASSED] - selectOptionByIndex: All options with index in [72] are selected on object 'Object Repository/MOH AND GRN/Page_KDMC - CMS/select_--Select--Adernaline 0.'

2018-06-10 21:38:28 - [MESSAGE][PASSED] - All options with index in [72] are selected on object 'Object Repository/MOH AND GRN/Page_KDMC - CMS/select_--Select--Adernaline 0.'

2018-06-10 21:38:28 - [TEST_STEP][PASSED] - setText: Text '5000' is set on object 'Object Repository/MOH AND GRN/Page_KDMC - CMS/input_txttreat'

2018-06-10 21:38:28 - [MESSAGE][PASSED] - Text '5000' is set on object 'Object Repository/MOH AND GRN/Page_KDMC - CMS/input_txttreat'

2018-06-10 21:38:28 - [TEST_STEP][PASSED] - click: Object: 'Object Repository/MOH AND GRN/Page_KDMC - CMS/button_Add' is clicked on

2018-06-10 21:38:28 - [MESSAGE][PASSED] - Object: 'Object Repository/MOH AND GRN/Page_KDMC - CMS/button_Add' is clicked on

2018-06-10 21:38:28 - [TEST_STEP][PASSED] - scrollToElement: Scroll to object 'Object Repository/MOH AND GRN/Page_KDMC - CMS/input_btnsave' successfully

2018-06-10 21:38:28 - [MESSAGE][PASSED] - Scroll to object 'Object Repository/MOH AND GRN/Page_KDMC - CMS/input_btnsave' successfully

2018-06-10 21:38:28 - [TEST_STEP][PASSED] - click: Object: 'Object Repository/MOH AND GRN/Page_KDMC - CMS/input_btnsave' is clicked on

2018-06-10 21:38:28 - [MESSAGE][PASSED] - Object: 'Object Repository/MOH AND GRN/Page_KDMC - CMS/input_btnsave' is clicked on

2018-06-10 21:38:28 - [TEST_STEP][PASSED] - delay: Delayed 3 second(s)

2018-06-10 21:38:31 - [MESSAGE][PASSED] - Delayed 3 second(s)

2018-06-10 21:38:31 - [TEST_STEP][PASSED] - Statement - Request1 = com.kms.katalon.core.webui.keyword.WebUiBuiltInKeywords.getText(com.kms.katalon.core.testobject.ObjectRepository.findTestObject(MOH AND GRN/Page_KDMC - CMS/font_PRNO0505201876)): Text of object 'Object Repository/MOH AND GRN/Page_KDMC - CMS/font_PRNO0505201876' is: 'PRNO/10062018/358'

2018-06-10 21:38:32 - [MESSAGE][PASSED] - Text of object 'Object Repository/MOH AND GRN/Page_KDMC - CMS/font_PRNO0505201876' is: 'PRNO/10062018/358'

2018-06-10 21:38:32 - [TEST_STEP][PASSED] - Statement - out.println("Length OF The Medicine " + Request1): null

2018-06-10 21:38:32 - [TEST_STEP][PASSED] - Statement - RequestNUmber = Request1.split("/")[2].trim(): null

2018-06-10 21:38:32 - [TEST_STEP][PASSED] - Statement - out.println("ID IS " + RequestNUmber): null

2018-06-10 21:38:32 - [TEST_STEP][PASSED] - delay: Delayed 3 second(s)

2018-06-10 21:38:35 - [MESSAGE][PASSED] - Delayed 3 second(s)

2018-06-10 21:38:35 - [TEST_STEP][PASSED] - click: Object: 'Object Repository/MOH AND GRN/Page_KDMC - CMS/button_OK' is clicked on

2018-06-10 21:38:35 - [MESSAGE][PASSED] - Object: 'Object Repository/MOH AND GRN/Page_KDMC - CMS/button_OK' is clicked on

2018-06-10 21:38:35 - [TEST_STEP][PASSED] - click: Object: 'Object Repository/MOH AND GRN/Page_KDMC - CMS/a_dropdown-toggle' is clicked on

2018-06-10 21:38:37 - [MESSAGE][PASSED] - Object: 'Object Repository/MOH AND GRN/Page_KDMC - CMS/a_dropdown-toggle' is clicked on

2018-06-10 21:38:37 - [TEST_STEP][PASSED] - click: Object: 'Object Repository/MOH AND GRN/Page_KDMC - CMS/a_Sign out' is clicked on

2018-06-10 21:38:37 - [MESSAGE][PASSED] - Object: 'Object Repository/MOH AND GRN/Page_KDMC - CMS/a_Sign out' is clicked on

2018-06-10 21:38:37 - [TEST_STEP][PASSED] - delay: Delayed 4 second(s)

2018-06-10 21:38:41 - [MESSAGE][PASSED] - Delayed 4 second(s)

2018-06-10 21:38:41 - [TEST_STEP][PASSED] - click: Object: 'Object Repository/MOH AND GRN/Page_KDMC/a_Admin Master' is clicked on

2018-06-10 21:38:42 - [MESSAGE][PASSED] - Object: 'Object Repository/MOH AND GRN/Page_KDMC/a_Admin Master' is clicked on

2018-06-10 21:38:42 - [TEST_STEP][PASSED] - setText: Text 'admin' is set on object 'Object Repository/MOH AND GRN/Page_Admin login/input_txtusername'

2018-06-10 21:38:42 - [MESSAGE][PASSED] - Text 'admin' is set on object 'Object Repository/MOH AND GRN/Page_Admin login/input_txtusername'

2018-06-10 21:38:42 - [TEST_STEP][PASSED] - setText: Text 'admin123' is set on object 'Object Repository/MOH AND GRN/Page_Admin login/input_txtpassword'

2018-06-10 21:38:42 - [MESSAGE][PASSED] - Text 'admin123' is set on object 'Object Repository/MOH AND GRN/Page_Admin login/input_txtpassword'

2018-06-10 21:38:42 - [TEST_STEP][PASSED] - delay: Delayed 3 second(s)

2018-06-10 21:38:45 - [MESSAGE][PASSED] - Delayed 3 second(s)

2018-06-10 21:38:45 - [TEST_STEP][PASSED] - click: Object: 'Object Repository/MOH AND GRN/Page_Admin login/button_Sign in' is clicked on

2018-06-10 21:38:46 - [MESSAGE][PASSED] - Object: 'Object Repository/MOH AND GRN/Page_Admin login/button_Sign in' is clicked on

2018-06-10 21:38:46 - [TEST_STEP][PASSED] - delay: Delayed 20 second(s)

2018-06-10 21:39:06 - [MESSAGE][PASSED] - Delayed 20 second(s)

2018-06-10 21:39:06 - [TEST_STEP][PASSED] - scrollToPosition: Browser is scrolled to position x = 200, y = 200

2018-06-10 21:39:06 - [MESSAGE][PASSED] - Browser is scrolled to position x = 200, y = 200

2018-06-10 21:39:06 - [TEST_STEP][PASSED] - click: Object: 'Object Repository/MOH AND GRN/Page_KDMC/a_CMS_1' is clicked on

2018-06-10 21:39:06 - [MESSAGE][PASSED] - Object: 'Object Repository/MOH AND GRN/Page_KDMC/a_CMS_1' is clicked on

2018-06-10 21:39:06 - [TEST_STEP][PASSED] - click: Object: 'Object Repository/MOH AND GRN/Page_KDMC/a_Request List' is clicked on

2018-06-10 21:39:08 - [MESSAGE][PASSED] - Object: 'Object Repository/MOH AND GRN/Page_KDMC/a_Request List' is clicked on

2018-06-10 21:39:08 - [TEST_STEP][PASSED] - Statement - RequestNumberId = com.kms.katalon.core.webui.keyword.WebUiBuiltInKeywords.modifyObjectProperty(com.kms.katalon.core.testobject.ObjectRepository.findTestObject(MOH AND GRN/Page_KDMC - CMS/input_PO0032), "xpath", "equals", "//*[@id =" + RequestNUmber + "]", true): Modify property of object successfully

2018-06-10 21:39:08 - [MESSAGE][PASSED] - Modify property of object successfully

2018-06-10 21:39:08 - [TEST_STEP][PASSED] - click: Object: 'Object Repository/MOH AND GRN/Page_KDMC - CMS/input_PO0032' is clicked on

2018-06-10 21:39:08 - [MESSAGE][PASSED] - Object: 'Object Repository/MOH AND GRN/Page_KDMC - CMS/input_PO0032' is clicked on

2018-06-10 21:39:08 - [TEST_STEP][PASSED] - delay: Delayed 3 second(s)

2018-06-10 21:39:11 - [MESSAGE][PASSED] - Delayed 3 second(s)

2018-06-10 21:39:11 - [TEST_STEP][PASSED] - selectOptionByIndex: All options with index in [1] are selected on object 'Object Repository/MOH AND GRN/Page_KDMC/select_--Select--'

2018-06-10 21:39:11 - [MESSAGE][PASSED] - All options with index in [1] are selected on object 'Object Repository/MOH AND GRN/Page_KDMC/select_--Select--'

2018-06-10 21:39:11 - [TEST_STEP][PASSED] - click: Object: 'Object Repository/MOH AND GRN/Page_KDMC/input_btnupdate' is clicked on

2018-06-10 21:39:11 - [MESSAGE][PASSED] - Object: 'Object Repository/MOH AND GRN/Page_KDMC/input_btnupdate' is clicked on

2018-06-10 21:39:11 - [TEST_STEP][PASSED] - delay: Delayed 3 second(s)

2018-06-10 21:39:14 - [MESSAGE][PASSED] - Delayed 3 second(s)

2018-06-10 21:39:14 - [TEST_STEP][PASSED] - click: Object: 'Object Repository/MOH AND GRN/Page_KDMC/button_OK' is clicked on

2018-06-10 21:39:15 - [MESSAGE][PASSED] - Object: 'Object Repository/MOH AND GRN/Page_KDMC/button_OK' is clicked on

2018-06-10 21:39:15 - [TEST_STEP][PASSED] - delay: Delayed 3 second(s)

2018-06-10 21:39:18 - [MESSAGE][PASSED] - Delayed 3 second(s)

2018-06-10 21:39:18 - [TEST_STEP][PASSED] - scrollToPosition: Browser is scrolled to position x = 200, y = 200

2018-06-10 21:39:18 - [MESSAGE][PASSED] - Browser is scrolled to position x = 200, y = 200

2018-06-10 21:39:18 - [TEST_STEP][PASSED] - click: Object: 'Object Repository/MOH AND GRN/Page_KDMC/a_CMS_2' is clicked on

2018-06-10 21:39:18 - [MESSAGE][PASSED] - Object: 'Object Repository/MOH AND GRN/Page_KDMC/a_CMS_2' is clicked on

2018-06-10 21:39:18 - [TEST_STEP][PASSED] - delay: Delayed 2 second(s)

2018-06-10 21:39:20 - [MESSAGE][PASSED] - Delayed 2 second(s)

2018-06-10 21:39:20 - [TEST_STEP][PASSED] - click: Object: 'Object Repository/MOH AND GRN/Page_KDMC/a_Generate P.O' is clicked on

2018-06-10 21:39:21 - [MESSAGE][PASSED] - Object: 'Object Repository/MOH AND GRN/Page_KDMC/a_Generate P.O' is clicked on

2018-06-10 21:39:21 - [TEST_STEP][PASSED] - delay: Delayed 2 second(s)

2018-06-10 21:39:23 - [MESSAGE][PASSED] - Delayed 2 second(s)

2018-06-10 21:39:23 - [TEST_STEP][PASSED] - selectOptionByIndex: All options with index in [1] are selected on object 'Object Repository/MOH AND GRN/Page_KDMC/select_--Select--PRNO040520183'

2018-06-10 21:39:23 - [MESSAGE][PASSED] - All options with index in [1] are selected on object 'Object Repository/MOH AND GRN/Page_KDMC/select_--Select--PRNO040520183'

2018-06-10 21:39:23 - [TEST_STEP][PASSED] - selectOptionByIndex: All options with index in [4] are selected on object 'Object Repository/MOH AND GRN/Page_KDMC/select_--Select--Hamen Chandra'

2018-06-10 21:39:23 - [MESSAGE][PASSED] - All options with index in [4] are selected on object 'Object Repository/MOH AND GRN/Page_KDMC/select_--Select--Hamen Chandra'

2018-06-10 21:39:23 - [TEST_STEP][PASSED] - Statement - PONumber = com.kms.katalon.core.webui.keyword.WebUiBuiltInKeywords.getText(com.kms.katalon.core.testobject.ObjectRepository.findTestObject(MOH AND GRN/Page_KDMC/input_lblpono)).trim(): Text of object 'Object Repository/MOH AND GRN/Page_KDMC/input_lblpono' is: ''

2018-06-10 21:39:23 - [MESSAGE][PASSED] - Text of object 'Object Repository/MOH AND GRN/Page_KDMC/input_lblpono' is: ''

2018-06-10 21:39:23 - [TEST_STEP][PASSED] - Statement - PONumber1 = com.kms.katalon.core.webui.keyword.WebUiBuiltInKeywords.getAttribute(com.kms.katalon.core.testobject.ObjectRepository.findTestObject(MOH AND GRN/Page_KDMC/input_lblpono), "value").trim(): Attribute 'value' of object 'Object Repository/MOH AND GRN/Page_KDMC/input_lblpono' is: 'PO00209'

2018-06-10 21:39:23 - [MESSAGE][PASSED] - Attribute 'value' of object 'Object Repository/MOH AND GRN/Page_KDMC/input_lblpono' is: 'PO00209'

2018-06-10 21:39:23 - [TEST_STEP][PASSED] - Statement - out.println("PO NUMBER :" + PONumber): null

2018-06-10 21:39:23 - [TEST_STEP][PASSED] - Statement - out.println("PO NUMBER :" + PONumber1): null

2018-06-10 21:39:23 - [TEST_STEP][PASSED] - click: Object: 'Object Repository/MOH AND GRN/Page_KDMC/input_chkrem' is clicked on

2018-06-10 21:39:24 - [MESSAGE][PASSED] - Object: 'Object Repository/MOH AND GRN/Page_KDMC/input_chkrem' is clicked on

2018-06-10 21:39:24 - [TEST_STEP][PASSED] - scrollToElement: Scroll to object 'Object Repository/MOH AND GRN/Page_KDMC/input_btnreturn' successfully

2018-06-10 21:39:24 - [MESSAGE][PASSED] - Scroll to object 'Object Repository/MOH AND GRN/Page_KDMC/input_btnreturn' successfully

2018-06-10 21:39:24 - [TEST_STEP][PASSED] - click: Object: 'Object Repository/MOH AND GRN/Page_KDMC/input_btnreturn' is clicked on

2018-06-10 21:39:24 - [MESSAGE][PASSED] - Object: 'Object Repository/MOH AND GRN/Page_KDMC/input_btnreturn' is clicked on

2018-06-10 21:39:24 - [TEST_STEP][PASSED] - delay: Delayed 3 second(s)

2018-06-10 21:39:27 - [MESSAGE][PASSED] - Delayed 3 second(s)

2018-06-10 21:39:27 - [TEST_STEP][PASSED] - click: Object: 'Object Repository/MOH AND GRN/Page_KDMC/button_Yes' is clicked on

2018-06-10 21:39:27 - [MESSAGE][PASSED] - Object: 'Object Repository/MOH AND GRN/Page_KDMC/button_Yes' is clicked on

2018-06-10 21:39:27 - [TEST_STEP][PASSED] - delay: Delayed 3 second(s)

2018-06-10 21:39:30 - [MESSAGE][PASSED] - Delayed 3 second(s)

2018-06-10 21:39:30 - [TEST_STEP][PASSED] - click: Object: 'Object Repository/MOH AND GRN/Page_KDMC/button_OK' is clicked on

2018-06-10 21:39:30 - [MESSAGE][PASSED] - Object: 'Object Repository/MOH AND GRN/Page_KDMC/button_OK' is clicked on

2018-06-10 21:39:30 - [TEST_STEP][PASSED] - delay: Delayed 3 second(s)

2018-06-10 21:39:33 - [MESSAGE][PASSED] - Delayed 3 second(s)

2018-06-10 21:39:33 - [TEST_STEP][PASSED] - click: Object: 'Object Repository/MOH AND GRN/Page_KDMC/a_dropdown-toggle' is clicked on

2018-06-10 21:39:33 - [MESSAGE][PASSED] - Object: 'Object Repository/MOH AND GRN/Page_KDMC/a_dropdown-toggle' is clicked on

2018-06-10 21:39:33 - [TEST_STEP][PASSED] - click: Object: 'Object Repository/MOH AND GRN/Page_KDMC/a_Sign out' is clicked on

2018-06-10 21:39:34 - [MESSAGE][PASSED] - Object: 'Object Repository/MOH AND GRN/Page_KDMC/a_Sign out' is clicked on

2018-06-10 21:39:34 - [TEST_STEP][PASSED] - delay: Delayed 4 second(s)

2018-06-10 21:39:38 - [MESSAGE][PASSED] - Delayed 4 second(s)

2018-06-10 21:39:38 - [TEST_STEP][PASSED] - click: Object: 'Object Repository/MOH AND GRN/Page_KDMC/a_CMS' is clicked on

2018-06-10 21:39:38 - [MESSAGE][PASSED] - Object: 'Object Repository/MOH AND GRN/Page_KDMC/a_CMS' is clicked on

2018-06-10 21:39:38 - [TEST_STEP][PASSED] - setText: Text 'bala' is set on object 'Object Repository/MOH AND GRN/Page_CMS login/input_txtusername'

2018-06-10 21:39:39 - [MESSAGE][PASSED] - Text 'bala' is set on object 'Object Repository/MOH AND GRN/Page_CMS login/input_txtusername'

2018-06-10 21:39:39 - [TEST_STEP][PASSED] - setText: Text '123' is set on object 'Object Repository/MOH AND GRN/Page_CMS login/input_txtpassword'

2018-06-10 21:39:39 - [MESSAGE][PASSED] - Text '123' is set on object 'Object Repository/MOH AND GRN/Page_CMS login/input_txtpassword'

2018-06-10 21:39:39 - [TEST_STEP][PASSED] - delay: Delayed 3 second(s)

2018-06-10 21:39:42 - [MESSAGE][PASSED] - Delayed 3 second(s)

2018-06-10 21:39:42 - [TEST_STEP][PASSED] - click: Object: 'Object Repository/MOH AND GRN/Page_CMS login/button_Sign in' is clicked on

2018-06-10 21:39:42 - [MESSAGE][PASSED] - Object: 'Object Repository/MOH AND GRN/Page_CMS login/button_Sign in' is clicked on

2018-06-10 21:39:42 - [TEST_STEP][PASSED] - click: Object: 'Object Repository/MOH AND GRN/Page_KDMC - CMS/a_CMS Details' is clicked on

2018-06-10 21:39:42 - [MESSAGE][PASSED] - Object: 'Object Repository/MOH AND GRN/Page_KDMC - CMS/a_CMS Details' is clicked on

2018-06-10 21:39:42 - [TEST_STEP][PASSED] - delay: Delayed 2 second(s)

2018-06-10 21:39:44 - [MESSAGE][PASSED] - Delayed 2 second(s)

2018-06-10 21:39:44 - [TEST_STEP][PASSED] - click: Object: 'Object Repository/MOH AND GRN/Page_KDMC - CMS/a_Goods Receive' is clicked on

2018-06-10 21:39:45 - [MESSAGE][PASSED] - Object: 'Object Repository/MOH AND GRN/Page_KDMC - CMS/a_Goods Receive' is clicked on

2018-06-10 21:39:45 - [TEST_STEP][PASSED] - delay: Delayed 2 second(s)

2018-06-10 21:39:47 - [MESSAGE][PASSED] - Delayed 2 second(s)

2018-06-10 21:39:47 - [TEST_STEP][PASSED] - selectOptionByLabel: All options with label 'PO00209' are selected in object 'Object Repository/MOH AND GRN/Page_KDMC - CMS/select_--Select--PO0032PO0031P' 

2018-06-10 21:39:47 - [MESSAGE][PASSED] - All options with label 'PO00209' are selected in object 'Object Repository/MOH AND GRN/Page_KDMC - CMS/select_--Select--PO0032PO0031P' 

2018-06-10 21:39:47 - [TEST_STEP][PASSED] - setText: Finding Test Object with id 'Object Repository/MOH AND GRN/Page_KDMC - CMS/input_txtgrnno'

2018-06-10 21:39:47 - [TEST_STEP][PASSED] - Statement - switch (id): Text 'INV176.0' is set on object 'Object Repository/MOH AND GRN/Page_KDMC - CMS/input_txtgrnno'

2018-06-10 21:39:47 - [TEST_STEP][PASSED] - Statement - case 2:: Text 'INV176.0' is set on object 'Object Repository/MOH AND GRN/Page_KDMC - CMS/input_txtgrnno'

2018-06-10 21:39:47 - [TEST_STEP][PASSED] - Statement - return (java.lang.Math.floor((java.lang.Math.random() * ((max - min) + 1))) + min): Text 'INV176.0' is set on object 'Object Repository/MOH AND GRN/Page_KDMC - CMS/input_txtgrnno'

2018-06-10 21:39:47 - [MESSAGE][PASSED] - Text 'INV176.0' is set on object 'Object Repository/MOH AND GRN/Page_KDMC - CMS/input_txtgrnno'

2018-06-10 21:39:47 - [TEST_STEP][PASSED] - selectOptionByIndex: All options with index in [1] are selected on object 'Object Repository/MOH AND GRN/Page_KDMC - CMS/select_--Select--PERUMAL PHARM'

2018-06-10 21:39:47 - [MESSAGE][PASSED] - All options with index in [1] are selected on object 'Object Repository/MOH AND GRN/Page_KDMC - CMS/select_--Select--PERUMAL PHARM'

2018-06-10 21:39:47 - [TEST_STEP][PASSED] - setText: Text '15000' is set on object 'Object Repository/MOH AND GRN/Page_KDMC - CMS/input_txtgrnno_1'

2018-06-10 21:39:47 - [MESSAGE][PASSED] - Text '15000' is set on object 'Object Repository/MOH AND GRN/Page_KDMC - CMS/input_txtgrnno_1'

2018-06-10 21:39:47 - [TEST_STEP][PASSED] - setText: Text '350' is set on object 'Object Repository/MOH AND GRN/Page_KDMC - CMS/input_txtgrnno_2'

2018-06-10 21:39:48 - [MESSAGE][PASSED] - Text '350' is set on object 'Object Repository/MOH AND GRN/Page_KDMC - CMS/input_txtgrnno_2'

2018-06-10 21:39:48 - [TEST_STEP][PASSED] - setText: Finding Test Object with id 'Object Repository/MOH AND GRN/Page_KDMC - CMS/input_txtgrnno_3'

2018-06-10 21:39:48 - [TEST_STEP][PASSED] - Statement - switch (id): Text 'CH161.0' is set on object 'Object Repository/MOH AND GRN/Page_KDMC - CMS/input_txtgrnno_3'

2018-06-10 21:39:48 - [TEST_STEP][PASSED] - Statement - case 3:: Text 'CH161.0' is set on object 'Object Repository/MOH AND GRN/Page_KDMC - CMS/input_txtgrnno_3'

2018-06-10 21:39:48 - [TEST_STEP][PASSED] - Statement - return (java.lang.Math.floor((java.lang.Math.random() * ((max - min) + 1))) + min): Text 'CH161.0' is set on object 'Object Repository/MOH AND GRN/Page_KDMC - CMS/input_txtgrnno_3'

2018-06-10 21:39:48 - [MESSAGE][PASSED] - Text 'CH161.0' is set on object 'Object Repository/MOH AND GRN/Page_KDMC - CMS/input_txtgrnno_3'

2018-06-10 21:39:48 - [TEST_STEP][PASSED] - scrollToPosition: Browser is scrolled to position x = 200, y = 200

2018-06-10 21:39:48 - [MESSAGE][PASSED] - Browser is scrolled to position x = 200, y = 200

2018-06-10 21:39:48 - [TEST_STEP][PASSED] - Statement - GrnLength = com.kms.katalon.core.webui.keyword.WebUiBuiltInKeywords.getNumberOfTotalOption(com.kms.katalon.core.testobject.ObjectRepository.findTestObject(MOH AND GRN/Page_KDMC - CMS/select_--Select--Amikacin -500)): 73 options of object 'Object Repository/MOH AND GRN/Page_KDMC - CMS/select_--Select--Amikacin -500' counted

2018-06-10 21:39:48 - [MESSAGE][PASSED] - 73 options of object 'Object Repository/MOH AND GRN/Page_KDMC - CMS/select_--Select--Amikacin -500' counted

2018-06-10 21:39:48 - [TEST_STEP][PASSED] - Statement - out.println("Length OF The Medicine " + GrnLength): null

2018-06-10 21:39:48 - [TEST_STEP][PASSED] - Statement - s = 1: null

2018-06-10 21:39:48 - [TEST_STEP][PASSED] - Statement - For ([t = 1, t < GrnLength, (t++)]): Finding Test Object with id 'Object Repository/MOH AND GRN/Page_KDMC - CMS/input_txtmrp'

2018-06-10 21:39:48 - [TEST_STEP][PASSED] - selectOptionByIndex: All options with index in [1] are selected on object 'Object Repository/MOH AND GRN/Page_KDMC - CMS/select_--Select--Amikacin -500'

2018-06-10 21:39:48 - [MESSAGE][PASSED] - All options with index in [1] are selected on object 'Object Repository/MOH AND GRN/Page_KDMC - CMS/select_--Select--Amikacin -500'

2018-06-10 21:39:48 - [TEST_STEP][PASSED] - setText: Text '5000' is set on object 'Object Repository/MOH AND GRN/Page_KDMC - CMS/input_txtqty'

2018-06-10 21:39:48 - [MESSAGE][PASSED] - Text '5000' is set on object 'Object Repository/MOH AND GRN/Page_KDMC - CMS/input_txtqty'

2018-06-10 21:39:48 - [TEST_STEP][PASSED] - selectOptionByIndex: All options with index in [1] are selected on object 'Object Repository/MOH AND GRN/Page_KDMC - CMS/select_--Select--No Tax0'

2018-06-10 21:39:48 - [MESSAGE][PASSED] - All options with index in [1] are selected on object 'Object Repository/MOH AND GRN/Page_KDMC - CMS/select_--Select--No Tax0'

2018-06-10 21:39:48 - [TEST_STEP][PASSED] - setText: Finding Test Object with id 'Object Repository/MOH AND GRN/Page_KDMC - CMS/input_txtmrp'

2018-06-10 21:39:48 - [TEST_STEP][PASSED] - Statement - switch (id): Finding Test Object with id 'Object Repository/MOH AND GRN/Page_KDMC - CMS/input_txtdeal'

2018-06-10 21:39:48 - [TEST_STEP][PASSED] - Statement - case 4:: Text '22.0' is set on object 'Object Repository/MOH AND GRN/Page_KDMC - CMS/input_txtmrp'

2018-06-10 21:39:48 - [TEST_STEP][PASSED] - Statement - return (java.lang.Math.floor((java.lang.Math.random() * ((max - min) + 1))) + min): Text '22.0' is set on object 'Object Repository/MOH AND GRN/Page_KDMC - CMS/input_txtmrp'

2018-06-10 21:39:48 - [MESSAGE][PASSED] - Text '22.0' is set on object 'Object Repository/MOH AND GRN/Page_KDMC - CMS/input_txtmrp'

2018-06-10 21:39:48 - [TEST_STEP][PASSED] - setText: Finding Test Object with id 'Object Repository/MOH AND GRN/Page_KDMC - CMS/input_txtdeal'

2018-06-10 21:39:48 - [TEST_STEP][PASSED] - Statement - switch (id): Finding Test Object with id 'Object Repository/MOH AND GRN/Page_KDMC - CMS/input_txtbatchno'

2018-06-10 21:39:48 - [TEST_STEP][PASSED] - Statement - case 5:: Text '6.0' is set on object 'Object Repository/MOH AND GRN/Page_KDMC - CMS/input_txtdeal'

2018-06-10 21:39:48 - [TEST_STEP][PASSED] - Statement - return (java.lang.Math.floor((java.lang.Math.random() * ((max - min) + 1))) + min): Text '6.0' is set on object 'Object Repository/MOH AND GRN/Page_KDMC - CMS/input_txtdeal'

2018-06-10 21:39:48 - [MESSAGE][PASSED] - Text '6.0' is set on object 'Object Repository/MOH AND GRN/Page_KDMC - CMS/input_txtdeal'

2018-06-10 21:39:48 - [TEST_STEP][PASSED] - setText: Finding Test Object with id 'Object Repository/MOH AND GRN/Page_KDMC - CMS/input_txtbatchno'

2018-06-10 21:39:48 - [TEST_STEP][PASSED] - Statement - switch (id): Finding Test Object with id 'Object Repository/MOH AND GRN/Page_KDMC - CMS/input_txtmrp'

2018-06-10 21:39:48 - [TEST_STEP][PASSED] - Statement - case 1:: Text 'BA291.0' is set on object 'Object Repository/MOH AND GRN/Page_KDMC - CMS/input_txtbatchno'

2018-06-10 21:39:48 - [TEST_STEP][PASSED] - Statement - return (java.lang.Math.floor((java.lang.Math.random() * ((max - min) + 1))) + min): Text 'BA291.0' is set on object 'Object Repository/MOH AND GRN/Page_KDMC - CMS/input_txtbatchno'

2018-06-10 21:39:49 - [MESSAGE][PASSED] - Text 'BA291.0' is set on object 'Object Repository/MOH AND GRN/Page_KDMC - CMS/input_txtbatchno'

2018-06-10 21:39:49 - [TEST_STEP][PASSED] - rightClick: Object: 'Object Repository/GRN/Page_KDMC - CMS/input_txtexpdate' is right clicked on

2018-06-10 21:39:49 - [MESSAGE][PASSED] - Object: 'Object Repository/GRN/Page_KDMC - CMS/input_txtexpdate' is right clicked on

2018-06-10 21:39:49 - [TEST_STEP][PASSED] - selectOptionByIndex: All options with index in [1] are selected on object 'Object Repository/GRN/Page_KDMC - CMS/select_20182019202020212022202'

2018-06-10 21:39:49 - [MESSAGE][PASSED] - All options with index in [1] are selected on object 'Object Repository/GRN/Page_KDMC - CMS/select_20182019202020212022202'

2018-06-10 21:39:49 - [TEST_STEP][PASSED] - selectOptionByIndex: All options with index in [1] are selected on object 'Object Repository/GRN/Page_KDMC - CMS/select_JanFebMarAprMayJunJulAu'

2018-06-10 21:39:49 - [MESSAGE][PASSED] - All options with index in [1] are selected on object 'Object Repository/GRN/Page_KDMC - CMS/select_JanFebMarAprMayJunJulAu'

2018-06-10 21:39:49 - [TEST_STEP][PASSED] - click: Object: 'Object Repository/MOH AND GRN/Page_KDMC - CMS/a_12' is clicked on

2018-06-10 21:39:49 - [MESSAGE][PASSED] - Object: 'Object Repository/MOH AND GRN/Page_KDMC - CMS/a_12' is clicked on

2018-06-10 21:39:49 - [TEST_STEP][PASSED] - click: Object: 'Object Repository/MOH AND GRN/Page_KDMC - CMS/input_btnadd' is clicked on

2018-06-10 21:39:49 - [MESSAGE][PASSED] - Object: 'Object Repository/MOH AND GRN/Page_KDMC - CMS/input_btnadd' is clicked on

2018-06-10 21:39:49 - [TEST_STEP][PASSED] - Statement - If (s == 10): null

2018-06-10 21:39:49 - [TEST_STEP][PASSED] - Statement - Else: null

2018-06-10 21:39:49 - [TEST_STEP][PASSED] - Statement - (s++): null

2018-06-10 21:39:49 - [TEST_STEP][PASSED] - delay: Delayed 1 second(s)

2018-06-10 21:39:50 - [MESSAGE][PASSED] - Delayed 1 second(s)

2018-06-10 21:39:50 - [TEST_STEP][PASSED] - selectOptionByIndex: All options with index in [2] are selected on object 'Object Repository/MOH AND GRN/Page_KDMC - CMS/select_--Select--Amikacin -500'

2018-06-10 21:39:50 - [MESSAGE][PASSED] - All options with index in [2] are selected on object 'Object Repository/MOH AND GRN/Page_KDMC - CMS/select_--Select--Amikacin -500'

2018-06-10 21:39:50 - [TEST_STEP][PASSED] - setText: Text '5000' is set on object 'Object Repository/MOH AND GRN/Page_KDMC - CMS/input_txtqty'

2018-06-10 21:39:51 - [MESSAGE][PASSED] - Text '5000' is set on object 'Object Repository/MOH AND GRN/Page_KDMC - CMS/input_txtqty'

2018-06-10 21:39:51 - [TEST_STEP][PASSED] - selectOptionByIndex: All options with index in [1] are selected on object 'Object Repository/MOH AND GRN/Page_KDMC - CMS/select_--Select--No Tax0'

2018-06-10 21:39:51 - [MESSAGE][PASSED] - All options with index in [1] are selected on object 'Object Repository/MOH AND GRN/Page_KDMC - CMS/select_--Select--No Tax0'

2018-06-10 21:39:51 - [TEST_STEP][PASSED] - setText: Finding Test Object with id 'Object Repository/MOH AND GRN/Page_KDMC - CMS/input_txtmrp'

2018-06-10 21:39:51 - [TEST_STEP][PASSED] - Statement - switch (id): Finding Test Object with id 'Object Repository/MOH AND GRN/Page_KDMC - CMS/input_txtdeal'

2018-06-10 21:39:51 - [TEST_STEP][PASSED] - Statement - case 4:: Text '25.0' is set on object 'Object Repository/MOH AND GRN/Page_KDMC - CMS/input_txtmrp'

2018-06-10 21:39:51 - [TEST_STEP][PASSED] - Statement - return (java.lang.Math.floor((java.lang.Math.random() * ((max - min) + 1))) + min): Text '25.0' is set on object 'Object Repository/MOH AND GRN/Page_KDMC - CMS/input_txtmrp'

2018-06-10 21:39:51 - [MESSAGE][PASSED] - Text '25.0' is set on object 'Object Repository/MOH AND GRN/Page_KDMC - CMS/input_txtmrp'

2018-06-10 21:39:51 - [TEST_STEP][PASSED] - setText: Finding Test Object with id 'Object Repository/MOH AND GRN/Page_KDMC - CMS/input_txtdeal'

2018-06-10 21:39:51 - [TEST_STEP][PASSED] - Statement - switch (id): Finding Test Object with id 'Object Repository/MOH AND GRN/Page_KDMC - CMS/input_txtbatchno'

2018-06-10 21:39:51 - [TEST_STEP][PASSED] - Statement - case 5:: Text '9.0' is set on object 'Object Repository/MOH AND GRN/Page_KDMC - CMS/input_txtdeal'

2018-06-10 21:39:51 - [TEST_STEP][PASSED] - Statement - return (java.lang.Math.floor((java.lang.Math.random() * ((max - min) + 1))) + min): Text '9.0' is set on object 'Object Repository/MOH AND GRN/Page_KDMC - CMS/input_txtdeal'

2018-06-10 21:39:51 - [MESSAGE][PASSED] - Text '9.0' is set on object 'Object Repository/MOH AND GRN/Page_KDMC - CMS/input_txtdeal'

2018-06-10 21:39:51 - [TEST_STEP][PASSED] - setText: Finding Test Object with id 'Object Repository/MOH AND GRN/Page_KDMC - CMS/input_txtbatchno'

2018-06-10 21:39:51 - [TEST_STEP][PASSED] - Statement - switch (id): Finding Test Object with id 'Object Repository/MOH AND GRN/Page_KDMC - CMS/input_txtmrp'

2018-06-10 21:39:51 - [TEST_STEP][PASSED] - Statement - case 1:: Text 'BA666.0' is set on object 'Object Repository/MOH AND GRN/Page_KDMC - CMS/input_txtbatchno'

2018-06-10 21:39:51 - [TEST_STEP][PASSED] - Statement - return (java.lang.Math.floor((java.lang.Math.random() * ((max - min) + 1))) + min): Text 'BA666.0' is set on object 'Object Repository/MOH AND GRN/Page_KDMC - CMS/input_txtbatchno'

2018-06-10 21:39:51 - [MESSAGE][PASSED] - Text 'BA666.0' is set on object 'Object Repository/MOH AND GRN/Page_KDMC - CMS/input_txtbatchno'

2018-06-10 21:39:51 - [TEST_STEP][PASSED] - rightClick: Object: 'Object Repository/GRN/Page_KDMC - CMS/input_txtexpdate' is right clicked on

2018-06-10 21:39:51 - [MESSAGE][PASSED] - Object: 'Object Repository/GRN/Page_KDMC - CMS/input_txtexpdate' is right clicked on

2018-06-10 21:39:51 - [TEST_STEP][PASSED] - selectOptionByIndex: All options with index in [2] are selected on object 'Object Repository/GRN/Page_KDMC - CMS/select_20182019202020212022202'

2018-06-10 21:39:51 - [MESSAGE][PASSED] - All options with index in [2] are selected on object 'Object Repository/GRN/Page_KDMC - CMS/select_20182019202020212022202'

2018-06-10 21:39:51 - [TEST_STEP][PASSED] - selectOptionByIndex: All options with index in [2] are selected on object 'Object Repository/GRN/Page_KDMC - CMS/select_JanFebMarAprMayJunJulAu'

2018-06-10 21:39:51 - [MESSAGE][PASSED] - All options with index in [2] are selected on object 'Object Repository/GRN/Page_KDMC - CMS/select_JanFebMarAprMayJunJulAu'

2018-06-10 21:39:51 - [TEST_STEP][PASSED] - click: Object: 'Object Repository/MOH AND GRN/Page_KDMC - CMS/a_12' is clicked on

2018-06-10 21:39:52 - [MESSAGE][PASSED] - Object: 'Object Repository/MOH AND GRN/Page_KDMC - CMS/a_12' is clicked on

2018-06-10 21:39:52 - [TEST_STEP][PASSED] - click: Object: 'Object Repository/MOH AND GRN/Page_KDMC - CMS/input_btnadd' is clicked on

2018-06-10 21:39:52 - [MESSAGE][PASSED] - Object: 'Object Repository/MOH AND GRN/Page_KDMC - CMS/input_btnadd' is clicked on

2018-06-10 21:39:52 - [TEST_STEP][PASSED] - Statement - If (s == 10): null

2018-06-10 21:39:52 - [TEST_STEP][PASSED] - Statement - Else: null

2018-06-10 21:39:52 - [TEST_STEP][PASSED] - Statement - (s++): null

2018-06-10 21:39:52 - [TEST_STEP][PASSED] - delay: Delayed 1 second(s)

2018-06-10 21:39:53 - [MESSAGE][PASSED] - Delayed 1 second(s)

2018-06-10 21:39:53 - [TEST_STEP][PASSED] - selectOptionByIndex: All options with index in [3] are selected on object 'Object Repository/MOH AND GRN/Page_KDMC - CMS/select_--Select--Amikacin -500'

2018-06-10 21:39:53 - [MESSAGE][PASSED] - All options with index in [3] are selected on object 'Object Repository/MOH AND GRN/Page_KDMC - CMS/select_--Select--Amikacin -500'

2018-06-10 21:39:53 - [TEST_STEP][PASSED] - setText: Text '5000' is set on object 'Object Repository/MOH AND GRN/Page_KDMC - CMS/input_txtqty'

2018-06-10 21:39:53 - [MESSAGE][PASSED] - Text '5000' is set on object 'Object Repository/MOH AND GRN/Page_KDMC - CMS/input_txtqty'

2018-06-10 21:39:53 - [TEST_STEP][PASSED] - selectOptionByIndex: All options with index in [1] are selected on object 'Object Repository/MOH AND GRN/Page_KDMC - CMS/select_--Select--No Tax0'

2018-06-10 21:39:53 - [MESSAGE][PASSED] - All options with index in [1] are selected on object 'Object Repository/MOH AND GRN/Page_KDMC - CMS/select_--Select--No Tax0'

2018-06-10 21:39:53 - [TEST_STEP][PASSED] - setText: Finding Test Object with id 'Object Repository/MOH AND GRN/Page_KDMC - CMS/input_txtmrp'

2018-06-10 21:39:53 - [TEST_STEP][PASSED] - Statement - switch (id): Finding Test Object with id 'Object Repository/MOH AND GRN/Page_KDMC - CMS/input_txtdeal'

2018-06-10 21:39:53 - [TEST_STEP][PASSED] - Statement - case 4:: Text '43.0' is set on object 'Object Repository/MOH AND GRN/Page_KDMC - CMS/input_txtmrp'

2018-06-10 21:39:53 - [TEST_STEP][PASSED] - Statement - return (java.lang.Math.floor((java.lang.Math.random() * ((max - min) + 1))) + min): Text '43.0' is set on object 'Object Repository/MOH AND GRN/Page_KDMC - CMS/input_txtmrp'

2018-06-10 21:39:53 - [MESSAGE][PASSED] - Text '43.0' is set on object 'Object Repository/MOH AND GRN/Page_KDMC - CMS/input_txtmrp'

2018-06-10 21:39:53 - [TEST_STEP][PASSED] - setText: Finding Test Object with id 'Object Repository/MOH AND GRN/Page_KDMC - CMS/input_txtdeal'

2018-06-10 21:39:53 - [TEST_STEP][PASSED] - Statement - switch (id): Finding Test Object with id 'Object Repository/MOH AND GRN/Page_KDMC - CMS/input_txtbatchno'

2018-06-10 21:39:53 - [TEST_STEP][PASSED] - Statement - case 5:: Text '5.0' is set on object 'Object Repository/MOH AND GRN/Page_KDMC - CMS/input_txtdeal'

2018-06-10 21:39:53 - [TEST_STEP][PASSED] - Statement - return (java.lang.Math.floor((java.lang.Math.random() * ((max - min) + 1))) + min): Text '5.0' is set on object 'Object Repository/MOH AND GRN/Page_KDMC - CMS/input_txtdeal'

2018-06-10 21:39:53 - [MESSAGE][PASSED] - Text '5.0' is set on object 'Object Repository/MOH AND GRN/Page_KDMC - CMS/input_txtdeal'

2018-06-10 21:39:53 - [TEST_STEP][PASSED] - setText: Finding Test Object with id 'Object Repository/MOH AND GRN/Page_KDMC - CMS/input_txtbatchno'

2018-06-10 21:39:53 - [TEST_STEP][PASSED] - Statement - switch (id): Finding Test Object with id 'Object Repository/MOH AND GRN/Page_KDMC - CMS/input_txtmrp'

2018-06-10 21:39:53 - [TEST_STEP][PASSED] - Statement - case 1:: Text 'BA716.0' is set on object 'Object Repository/MOH AND GRN/Page_KDMC - CMS/input_txtbatchno'

2018-06-10 21:39:53 - [TEST_STEP][PASSED] - Statement - return (java.lang.Math.floor((java.lang.Math.random() * ((max - min) + 1))) + min): Text 'BA716.0' is set on object 'Object Repository/MOH AND GRN/Page_KDMC - CMS/input_txtbatchno'

2018-06-10 21:39:53 - [MESSAGE][PASSED] - Text 'BA716.0' is set on object 'Object Repository/MOH AND GRN/Page_KDMC - CMS/input_txtbatchno'

2018-06-10 21:39:53 - [TEST_STEP][PASSED] - rightClick: Object: 'Object Repository/GRN/Page_KDMC - CMS/input_txtexpdate' is right clicked on

2018-06-10 21:39:53 - [MESSAGE][PASSED] - Object: 'Object Repository/GRN/Page_KDMC - CMS/input_txtexpdate' is right clicked on

2018-06-10 21:39:53 - [TEST_STEP][PASSED] - selectOptionByIndex: All options with index in [3] are selected on object 'Object Repository/GRN/Page_KDMC - CMS/select_20182019202020212022202'

2018-06-10 21:39:54 - [MESSAGE][PASSED] - All options with index in [3] are selected on object 'Object Repository/GRN/Page_KDMC - CMS/select_20182019202020212022202'

2018-06-10 21:39:54 - [TEST_STEP][PASSED] - selectOptionByIndex: All options with index in [3] are selected on object 'Object Repository/GRN/Page_KDMC - CMS/select_JanFebMarAprMayJunJulAu'

2018-06-10 21:39:54 - [MESSAGE][PASSED] - All options with index in [3] are selected on object 'Object Repository/GRN/Page_KDMC - CMS/select_JanFebMarAprMayJunJulAu'

2018-06-10 21:39:54 - [TEST_STEP][PASSED] - click: Object: 'Object Repository/MOH AND GRN/Page_KDMC - CMS/a_12' is clicked on

2018-06-10 21:39:54 - [MESSAGE][PASSED] - Object: 'Object Repository/MOH AND GRN/Page_KDMC - CMS/a_12' is clicked on

2018-06-10 21:39:54 - [TEST_STEP][PASSED] - click: Object: 'Object Repository/MOH AND GRN/Page_KDMC - CMS/input_btnadd' is clicked on

2018-06-10 21:39:54 - [MESSAGE][PASSED] - Object: 'Object Repository/MOH AND GRN/Page_KDMC - CMS/input_btnadd' is clicked on

2018-06-10 21:39:54 - [TEST_STEP][PASSED] - Statement - If (s == 10): null

2018-06-10 21:39:54 - [TEST_STEP][PASSED] - Statement - Else: null

2018-06-10 21:39:54 - [TEST_STEP][PASSED] - Statement - (s++): null

2018-06-10 21:39:54 - [TEST_STEP][PASSED] - delay: Delayed 1 second(s)

2018-06-10 21:39:55 - [MESSAGE][PASSED] - Delayed 1 second(s)

2018-06-10 21:39:55 - [TEST_STEP][PASSED] - selectOptionByIndex: All options with index in [4] are selected on object 'Object Repository/MOH AND GRN/Page_KDMC - CMS/select_--Select--Amikacin -500'

2018-06-10 21:39:55 - [MESSAGE][PASSED] - All options with index in [4] are selected on object 'Object Repository/MOH AND GRN/Page_KDMC - CMS/select_--Select--Amikacin -500'

2018-06-10 21:39:55 - [TEST_STEP][PASSED] - setText: Text '5000' is set on object 'Object Repository/MOH AND GRN/Page_KDMC - CMS/input_txtqty'

2018-06-10 21:39:55 - [MESSAGE][PASSED] - Text '5000' is set on object 'Object Repository/MOH AND GRN/Page_KDMC - CMS/input_txtqty'

2018-06-10 21:39:55 - [TEST_STEP][PASSED] - selectOptionByIndex: All options with index in [1] are selected on object 'Object Repository/MOH AND GRN/Page_KDMC - CMS/select_--Select--No Tax0'

2018-06-10 21:39:55 - [MESSAGE][PASSED] - All options with index in [1] are selected on object 'Object Repository/MOH AND GRN/Page_KDMC - CMS/select_--Select--No Tax0'

2018-06-10 21:39:55 - [TEST_STEP][PASSED] - setText: Finding Test Object with id 'Object Repository/MOH AND GRN/Page_KDMC - CMS/input_txtmrp'

2018-06-10 21:39:55 - [TEST_STEP][PASSED] - Statement - switch (id): Finding Test Object with id 'Object Repository/MOH AND GRN/Page_KDMC - CMS/input_txtdeal'

2018-06-10 21:39:55 - [TEST_STEP][PASSED] - Statement - case 4:: Text '29.0' is set on object 'Object Repository/MOH AND GRN/Page_KDMC - CMS/input_txtmrp'

2018-06-10 21:39:55 - [TEST_STEP][PASSED] - Statement - return (java.lang.Math.floor((java.lang.Math.random() * ((max - min) + 1))) + min): Text '29.0' is set on object 'Object Repository/MOH AND GRN/Page_KDMC - CMS/input_txtmrp'

2018-06-10 21:39:55 - [MESSAGE][PASSED] - Text '29.0' is set on object 'Object Repository/MOH AND GRN/Page_KDMC - CMS/input_txtmrp'

2018-06-10 21:39:55 - [TEST_STEP][PASSED] - setText: Finding Test Object with id 'Object Repository/MOH AND GRN/Page_KDMC - CMS/input_txtdeal'

2018-06-10 21:39:55 - [TEST_STEP][PASSED] - Statement - switch (id): Finding Test Object with id 'Object Repository/MOH AND GRN/Page_KDMC - CMS/input_txtbatchno'

2018-06-10 21:39:55 - [TEST_STEP][PASSED] - Statement - case 5:: Text '7.0' is set on object 'Object Repository/MOH AND GRN/Page_KDMC - CMS/input_txtdeal'

2018-06-10 21:39:55 - [TEST_STEP][PASSED] - Statement - return (java.lang.Math.floor((java.lang.Math.random() * ((max - min) + 1))) + min): Text '7.0' is set on object 'Object Repository/MOH AND GRN/Page_KDMC - CMS/input_txtdeal'

2018-06-10 21:39:55 - [MESSAGE][PASSED] - Text '7.0' is set on object 'Object Repository/MOH AND GRN/Page_KDMC - CMS/input_txtdeal'

2018-06-10 21:39:55 - [TEST_STEP][PASSED] - setText: Finding Test Object with id 'Object Repository/MOH AND GRN/Page_KDMC - CMS/input_txtbatchno'

2018-06-10 21:39:55 - [TEST_STEP][PASSED] - Statement - switch (id): Finding Test Object with id 'Object Repository/MOH AND GRN/Page_KDMC - CMS/input_txtmrp'

2018-06-10 21:39:55 - [TEST_STEP][PASSED] - Statement - case 1:: Text 'BA221.0' is set on object 'Object Repository/MOH AND GRN/Page_KDMC - CMS/input_txtbatchno'

2018-06-10 21:39:55 - [TEST_STEP][PASSED] - Statement - return (java.lang.Math.floor((java.lang.Math.random() * ((max - min) + 1))) + min): Text 'BA221.0' is set on object 'Object Repository/MOH AND GRN/Page_KDMC - CMS/input_txtbatchno'

2018-06-10 21:39:56 - [MESSAGE][PASSED] - Text 'BA221.0' is set on object 'Object Repository/MOH AND GRN/Page_KDMC - CMS/input_txtbatchno'

2018-06-10 21:39:56 - [TEST_STEP][PASSED] - rightClick: Object: 'Object Repository/GRN/Page_KDMC - CMS/input_txtexpdate' is right clicked on

2018-06-10 21:39:56 - [MESSAGE][PASSED] - Object: 'Object Repository/GRN/Page_KDMC - CMS/input_txtexpdate' is right clicked on

2018-06-10 21:39:56 - [TEST_STEP][PASSED] - selectOptionByIndex: All options with index in [4] are selected on object 'Object Repository/GRN/Page_KDMC - CMS/select_20182019202020212022202'

2018-06-10 21:39:56 - [MESSAGE][PASSED] - All options with index in [4] are selected on object 'Object Repository/GRN/Page_KDMC - CMS/select_20182019202020212022202'

2018-06-10 21:39:56 - [TEST_STEP][PASSED] - selectOptionByIndex: All options with index in [4] are selected on object 'Object Repository/GRN/Page_KDMC - CMS/select_JanFebMarAprMayJunJulAu'

2018-06-10 21:39:56 - [MESSAGE][PASSED] - All options with index in [4] are selected on object 'Object Repository/GRN/Page_KDMC - CMS/select_JanFebMarAprMayJunJulAu'

2018-06-10 21:39:56 - [TEST_STEP][PASSED] - click: Object: 'Object Repository/MOH AND GRN/Page_KDMC - CMS/a_12' is clicked on

2018-06-10 21:39:56 - [MESSAGE][PASSED] - Object: 'Object Repository/MOH AND GRN/Page_KDMC - CMS/a_12' is clicked on

2018-06-10 21:39:56 - [TEST_STEP][PASSED] - click: Object: 'Object Repository/MOH AND GRN/Page_KDMC - CMS/input_btnadd' is clicked on

2018-06-10 21:39:56 - [MESSAGE][PASSED] - Object: 'Object Repository/MOH AND GRN/Page_KDMC - CMS/input_btnadd' is clicked on

2018-06-10 21:39:56 - [TEST_STEP][PASSED] - Statement - If (s == 10): null

2018-06-10 21:39:56 - [TEST_STEP][PASSED] - Statement - Else: null

2018-06-10 21:39:56 - [TEST_STEP][PASSED] - Statement - (s++): null

2018-06-10 21:39:56 - [TEST_STEP][PASSED] - delay: Delayed 1 second(s)

2018-06-10 21:39:57 - [MESSAGE][PASSED] - Delayed 1 second(s)

2018-06-10 21:39:57 - [TEST_STEP][PASSED] - selectOptionByIndex: All options with index in [5] are selected on object 'Object Repository/MOH AND GRN/Page_KDMC - CMS/select_--Select--Amikacin -500'

2018-06-10 21:39:57 - [MESSAGE][PASSED] - All options with index in [5] are selected on object 'Object Repository/MOH AND GRN/Page_KDMC - CMS/select_--Select--Amikacin -500'

2018-06-10 21:39:57 - [TEST_STEP][PASSED] - setText: Text '5000' is set on object 'Object Repository/MOH AND GRN/Page_KDMC - CMS/input_txtqty'

2018-06-10 21:39:58 - [MESSAGE][PASSED] - Text '5000' is set on object 'Object Repository/MOH AND GRN/Page_KDMC - CMS/input_txtqty'

2018-06-10 21:39:58 - [TEST_STEP][PASSED] - selectOptionByIndex: All options with index in [1] are selected on object 'Object Repository/MOH AND GRN/Page_KDMC - CMS/select_--Select--No Tax0'

2018-06-10 21:39:58 - [MESSAGE][PASSED] - All options with index in [1] are selected on object 'Object Repository/MOH AND GRN/Page_KDMC - CMS/select_--Select--No Tax0'

2018-06-10 21:39:58 - [TEST_STEP][PASSED] - setText: Finding Test Object with id 'Object Repository/MOH AND GRN/Page_KDMC - CMS/input_txtmrp'

2018-06-10 21:39:58 - [TEST_STEP][PASSED] - Statement - switch (id): Finding Test Object with id 'Object Repository/MOH AND GRN/Page_KDMC - CMS/input_txtdeal'

2018-06-10 21:39:58 - [TEST_STEP][PASSED] - Statement - case 4:: Text '27.0' is set on object 'Object Repository/MOH AND GRN/Page_KDMC - CMS/input_txtmrp'

2018-06-10 21:39:58 - [TEST_STEP][PASSED] - Statement - return (java.lang.Math.floor((java.lang.Math.random() * ((max - min) + 1))) + min): Text '27.0' is set on object 'Object Repository/MOH AND GRN/Page_KDMC - CMS/input_txtmrp'

2018-06-10 21:39:58 - [MESSAGE][PASSED] - Text '27.0' is set on object 'Object Repository/MOH AND GRN/Page_KDMC - CMS/input_txtmrp'

2018-06-10 21:39:58 - [TEST_STEP][PASSED] - setText: Finding Test Object with id 'Object Repository/MOH AND GRN/Page_KDMC - CMS/input_txtdeal'

2018-06-10 21:39:58 - [TEST_STEP][PASSED] - Statement - switch (id): Finding Test Object with id 'Object Repository/MOH AND GRN/Page_KDMC - CMS/input_txtbatchno'

2018-06-10 21:39:58 - [TEST_STEP][PASSED] - Statement - case 5:: Text '12.0' is set on object 'Object Repository/MOH AND GRN/Page_KDMC - CMS/input_txtdeal'

2018-06-10 21:39:58 - [TEST_STEP][PASSED] - Statement - return (java.lang.Math.floor((java.lang.Math.random() * ((max - min) + 1))) + min): Text '12.0' is set on object 'Object Repository/MOH AND GRN/Page_KDMC - CMS/input_txtdeal'

2018-06-10 21:39:58 - [MESSAGE][PASSED] - Text '12.0' is set on object 'Object Repository/MOH AND GRN/Page_KDMC - CMS/input_txtdeal'

2018-06-10 21:39:58 - [TEST_STEP][PASSED] - setText: Finding Test Object with id 'Object Repository/MOH AND GRN/Page_KDMC - CMS/input_txtbatchno'

2018-06-10 21:39:58 - [TEST_STEP][PASSED] - Statement - switch (id): Finding Test Object with id 'Object Repository/MOH AND GRN/Page_KDMC - CMS/input_txtmrp'

2018-06-10 21:39:58 - [TEST_STEP][PASSED] - Statement - case 1:: Text 'BA278.0' is set on object 'Object Repository/MOH AND GRN/Page_KDMC - CMS/input_txtbatchno'

2018-06-10 21:39:58 - [TEST_STEP][PASSED] - Statement - return (java.lang.Math.floor((java.lang.Math.random() * ((max - min) + 1))) + min): Text 'BA278.0' is set on object 'Object Repository/MOH AND GRN/Page_KDMC - CMS/input_txtbatchno'

2018-06-10 21:39:58 - [MESSAGE][PASSED] - Text 'BA278.0' is set on object 'Object Repository/MOH AND GRN/Page_KDMC - CMS/input_txtbatchno'

2018-06-10 21:39:58 - [TEST_STEP][PASSED] - rightClick: Object: 'Object Repository/GRN/Page_KDMC - CMS/input_txtexpdate' is right clicked on

2018-06-10 21:39:58 - [MESSAGE][PASSED] - Object: 'Object Repository/GRN/Page_KDMC - CMS/input_txtexpdate' is right clicked on

2018-06-10 21:39:58 - [TEST_STEP][PASSED] - selectOptionByIndex: All options with index in [5] are selected on object 'Object Repository/GRN/Page_KDMC - CMS/select_20182019202020212022202'

2018-06-10 21:39:58 - [MESSAGE][PASSED] - All options with index in [5] are selected on object 'Object Repository/GRN/Page_KDMC - CMS/select_20182019202020212022202'

2018-06-10 21:39:58 - [TEST_STEP][PASSED] - selectOptionByIndex: All options with index in [5] are selected on object 'Object Repository/GRN/Page_KDMC - CMS/select_JanFebMarAprMayJunJulAu'

2018-06-10 21:39:58 - [MESSAGE][PASSED] - All options with index in [5] are selected on object 'Object Repository/GRN/Page_KDMC - CMS/select_JanFebMarAprMayJunJulAu'

2018-06-10 21:39:58 - [TEST_STEP][PASSED] - click: Object: 'Object Repository/MOH AND GRN/Page_KDMC - CMS/a_12' is clicked on

2018-06-10 21:39:59 - [MESSAGE][PASSED] - Object: 'Object Repository/MOH AND GRN/Page_KDMC - CMS/a_12' is clicked on

2018-06-10 21:39:59 - [TEST_STEP][PASSED] - click: Object: 'Object Repository/MOH AND GRN/Page_KDMC - CMS/input_btnadd' is clicked on

2018-06-10 21:39:59 - [MESSAGE][PASSED] - Object: 'Object Repository/MOH AND GRN/Page_KDMC - CMS/input_btnadd' is clicked on

2018-06-10 21:39:59 - [TEST_STEP][PASSED] - Statement - If (s == 10): null

2018-06-10 21:39:59 - [TEST_STEP][PASSED] - Statement - Else: null

2018-06-10 21:39:59 - [TEST_STEP][PASSED] - Statement - (s++): null

2018-06-10 21:39:59 - [TEST_STEP][PASSED] - delay: Delayed 1 second(s)

2018-06-10 21:40:00 - [MESSAGE][PASSED] - Delayed 1 second(s)

2018-06-10 21:40:00 - [TEST_STEP][PASSED] - selectOptionByIndex: All options with index in [6] are selected on object 'Object Repository/MOH AND GRN/Page_KDMC - CMS/select_--Select--Amikacin -500'

2018-06-10 21:40:00 - [MESSAGE][PASSED] - All options with index in [6] are selected on object 'Object Repository/MOH AND GRN/Page_KDMC - CMS/select_--Select--Amikacin -500'

2018-06-10 21:40:00 - [TEST_STEP][PASSED] - setText: Text '5000' is set on object 'Object Repository/MOH AND GRN/Page_KDMC - CMS/input_txtqty'

2018-06-10 21:40:00 - [MESSAGE][PASSED] - Text '5000' is set on object 'Object Repository/MOH AND GRN/Page_KDMC - CMS/input_txtqty'

2018-06-10 21:40:00 - [TEST_STEP][PASSED] - selectOptionByIndex: All options with index in [1] are selected on object 'Object Repository/MOH AND GRN/Page_KDMC - CMS/select_--Select--No Tax0'

2018-06-10 21:40:00 - [MESSAGE][PASSED] - All options with index in [1] are selected on object 'Object Repository/MOH AND GRN/Page_KDMC - CMS/select_--Select--No Tax0'

2018-06-10 21:40:00 - [TEST_STEP][PASSED] - setText: Finding Test Object with id 'Object Repository/MOH AND GRN/Page_KDMC - CMS/input_txtmrp'

2018-06-10 21:40:00 - [TEST_STEP][PASSED] - Statement - switch (id): Finding Test Object with id 'Object Repository/MOH AND GRN/Page_KDMC - CMS/input_txtdeal'

2018-06-10 21:40:00 - [TEST_STEP][PASSED] - Statement - case 4:: Text '41.0' is set on object 'Object Repository/MOH AND GRN/Page_KDMC - CMS/input_txtmrp'

2018-06-10 21:40:00 - [TEST_STEP][PASSED] - Statement - return (java.lang.Math.floor((java.lang.Math.random() * ((max - min) + 1))) + min): Text '41.0' is set on object 'Object Repository/MOH AND GRN/Page_KDMC - CMS/input_txtmrp'

2018-06-10 21:40:00 - [MESSAGE][PASSED] - Text '41.0' is set on object 'Object Repository/MOH AND GRN/Page_KDMC - CMS/input_txtmrp'

2018-06-10 21:40:00 - [TEST_STEP][PASSED] - setText: Finding Test Object with id 'Object Repository/MOH AND GRN/Page_KDMC - CMS/input_txtdeal'

2018-06-10 21:40:00 - [TEST_STEP][PASSED] - Statement - switch (id): Finding Test Object with id 'Object Repository/MOH AND GRN/Page_KDMC - CMS/input_txtbatchno'

2018-06-10 21:40:00 - [TEST_STEP][PASSED] - Statement - case 5:: Text '8.0' is set on object 'Object Repository/MOH AND GRN/Page_KDMC - CMS/input_txtdeal'

2018-06-10 21:40:00 - [TEST_STEP][PASSED] - Statement - return (java.lang.Math.floor((java.lang.Math.random() * ((max - min) + 1))) + min): Text '8.0' is set on object 'Object Repository/MOH AND GRN/Page_KDMC - CMS/input_txtdeal'

2018-06-10 21:40:00 - [MESSAGE][PASSED] - Text '8.0' is set on object 'Object Repository/MOH AND GRN/Page_KDMC - CMS/input_txtdeal'

2018-06-10 21:40:00 - [TEST_STEP][PASSED] - setText: Finding Test Object with id 'Object Repository/MOH AND GRN/Page_KDMC - CMS/input_txtbatchno'

2018-06-10 21:40:00 - [TEST_STEP][PASSED] - Statement - switch (id): Finding Test Object with id 'Object Repository/MOH AND GRN/Page_KDMC - CMS/input_txtmrp'

2018-06-10 21:40:00 - [TEST_STEP][PASSED] - Statement - case 1:: Text 'BA626.0' is set on object 'Object Repository/MOH AND GRN/Page_KDMC - CMS/input_txtbatchno'

2018-06-10 21:40:00 - [TEST_STEP][PASSED] - Statement - return (java.lang.Math.floor((java.lang.Math.random() * ((max - min) + 1))) + min): Text 'BA626.0' is set on object 'Object Repository/MOH AND GRN/Page_KDMC - CMS/input_txtbatchno'

2018-06-10 21:40:00 - [MESSAGE][PASSED] - Text 'BA626.0' is set on object 'Object Repository/MOH AND GRN/Page_KDMC - CMS/input_txtbatchno'

2018-06-10 21:40:00 - [TEST_STEP][PASSED] - rightClick: Object: 'Object Repository/GRN/Page_KDMC - CMS/input_txtexpdate' is right clicked on

2018-06-10 21:40:00 - [MESSAGE][PASSED] - Object: 'Object Repository/GRN/Page_KDMC - CMS/input_txtexpdate' is right clicked on

2018-06-10 21:40:00 - [TEST_STEP][PASSED] - selectOptionByIndex: All options with index in [6] are selected on object 'Object Repository/GRN/Page_KDMC - CMS/select_20182019202020212022202'

2018-06-10 21:40:01 - [MESSAGE][PASSED] - All options with index in [6] are selected on object 'Object Repository/GRN/Page_KDMC - CMS/select_20182019202020212022202'

2018-06-10 21:40:01 - [TEST_STEP][PASSED] - selectOptionByIndex: All options with index in [6] are selected on object 'Object Repository/GRN/Page_KDMC - CMS/select_JanFebMarAprMayJunJulAu'

2018-06-10 21:40:01 - [MESSAGE][PASSED] - All options with index in [6] are selected on object 'Object Repository/GRN/Page_KDMC - CMS/select_JanFebMarAprMayJunJulAu'

2018-06-10 21:40:01 - [TEST_STEP][PASSED] - click: Object: 'Object Repository/MOH AND GRN/Page_KDMC - CMS/a_12' is clicked on

2018-06-10 21:40:01 - [MESSAGE][PASSED] - Object: 'Object Repository/MOH AND GRN/Page_KDMC - CMS/a_12' is clicked on

2018-06-10 21:40:01 - [TEST_STEP][PASSED] - click: Object: 'Object Repository/MOH AND GRN/Page_KDMC - CMS/input_btnadd' is clicked on

2018-06-10 21:40:01 - [MESSAGE][PASSED] - Object: 'Object Repository/MOH AND GRN/Page_KDMC - CMS/input_btnadd' is clicked on

2018-06-10 21:40:01 - [TEST_STEP][PASSED] - Statement - If (s == 10): null

2018-06-10 21:40:01 - [TEST_STEP][PASSED] - Statement - Else: null

2018-06-10 21:40:01 - [TEST_STEP][PASSED] - Statement - (s++): null

2018-06-10 21:40:01 - [TEST_STEP][PASSED] - delay: Delayed 1 second(s)

2018-06-10 21:40:02 - [MESSAGE][PASSED] - Delayed 1 second(s)

2018-06-10 21:40:02 - [TEST_STEP][PASSED] - selectOptionByIndex: All options with index in [7] are selected on object 'Object Repository/MOH AND GRN/Page_KDMC - CMS/select_--Select--Amikacin -500'

2018-06-10 21:40:02 - [MESSAGE][PASSED] - All options with index in [7] are selected on object 'Object Repository/MOH AND GRN/Page_KDMC - CMS/select_--Select--Amikacin -500'

2018-06-10 21:40:02 - [TEST_STEP][PASSED] - setText: Text '5000' is set on object 'Object Repository/MOH AND GRN/Page_KDMC - CMS/input_txtqty'

2018-06-10 21:40:02 - [MESSAGE][PASSED] - Text '5000' is set on object 'Object Repository/MOH AND GRN/Page_KDMC - CMS/input_txtqty'

2018-06-10 21:40:02 - [TEST_STEP][PASSED] - selectOptionByIndex: All options with index in [1] are selected on object 'Object Repository/MOH AND GRN/Page_KDMC - CMS/select_--Select--No Tax0'

2018-06-10 21:40:02 - [MESSAGE][PASSED] - All options with index in [1] are selected on object 'Object Repository/MOH AND GRN/Page_KDMC - CMS/select_--Select--No Tax0'

2018-06-10 21:40:02 - [TEST_STEP][PASSED] - setText: Finding Test Object with id 'Object Repository/MOH AND GRN/Page_KDMC - CMS/input_txtmrp'

2018-06-10 21:40:02 - [TEST_STEP][PASSED] - Statement - switch (id): Finding Test Object with id 'Object Repository/MOH AND GRN/Page_KDMC - CMS/input_txtdeal'

2018-06-10 21:40:02 - [TEST_STEP][PASSED] - Statement - case 4:: Text '16.0' is set on object 'Object Repository/MOH AND GRN/Page_KDMC - CMS/input_txtmrp'

2018-06-10 21:40:02 - [TEST_STEP][PASSED] - Statement - return (java.lang.Math.floor((java.lang.Math.random() * ((max - min) + 1))) + min): Text '16.0' is set on object 'Object Repository/MOH AND GRN/Page_KDMC - CMS/input_txtmrp'

2018-06-10 21:40:03 - [MESSAGE][PASSED] - Text '16.0' is set on object 'Object Repository/MOH AND GRN/Page_KDMC - CMS/input_txtmrp'

2018-06-10 21:40:03 - [TEST_STEP][PASSED] - setText: Finding Test Object with id 'Object Repository/MOH AND GRN/Page_KDMC - CMS/input_txtdeal'

2018-06-10 21:40:03 - [TEST_STEP][PASSED] - Statement - switch (id): Finding Test Object with id 'Object Repository/MOH AND GRN/Page_KDMC - CMS/input_txtbatchno'

2018-06-10 21:40:03 - [TEST_STEP][PASSED] - Statement - case 5:: Text '11.0' is set on object 'Object Repository/MOH AND GRN/Page_KDMC - CMS/input_txtdeal'

2018-06-10 21:40:03 - [TEST_STEP][PASSED] - Statement - return (java.lang.Math.floor((java.lang.Math.random() * ((max - min) + 1))) + min): Text '11.0' is set on object 'Object Repository/MOH AND GRN/Page_KDMC - CMS/input_txtdeal'

2018-06-10 21:40:03 - [MESSAGE][PASSED] - Text '11.0' is set on object 'Object Repository/MOH AND GRN/Page_KDMC - CMS/input_txtdeal'

2018-06-10 21:40:03 - [TEST_STEP][PASSED] - setText: Finding Test Object with id 'Object Repository/MOH AND GRN/Page_KDMC - CMS/input_txtbatchno'

2018-06-10 21:40:03 - [TEST_STEP][PASSED] - Statement - switch (id): Finding Test Object with id 'Object Repository/MOH AND GRN/Page_KDMC - CMS/input_txtmrp'

2018-06-10 21:40:03 - [TEST_STEP][PASSED] - Statement - case 1:: Text 'BA474.0' is set on object 'Object Repository/MOH AND GRN/Page_KDMC - CMS/input_txtbatchno'

2018-06-10 21:40:03 - [TEST_STEP][PASSED] - Statement - return (java.lang.Math.floor((java.lang.Math.random() * ((max - min) + 1))) + min): Text 'BA474.0' is set on object 'Object Repository/MOH AND GRN/Page_KDMC - CMS/input_txtbatchno'

2018-06-10 21:40:03 - [MESSAGE][PASSED] - Text 'BA474.0' is set on object 'Object Repository/MOH AND GRN/Page_KDMC - CMS/input_txtbatchno'

2018-06-10 21:40:03 - [TEST_STEP][PASSED] - rightClick: Object: 'Object Repository/GRN/Page_KDMC - CMS/input_txtexpdate' is right clicked on

2018-06-10 21:40:03 - [MESSAGE][PASSED] - Object: 'Object Repository/GRN/Page_KDMC - CMS/input_txtexpdate' is right clicked on

2018-06-10 21:40:03 - [TEST_STEP][PASSED] - selectOptionByIndex: All options with index in [7] are selected on object 'Object Repository/GRN/Page_KDMC - CMS/select_20182019202020212022202'

2018-06-10 21:40:03 - [MESSAGE][PASSED] - All options with index in [7] are selected on object 'Object Repository/GRN/Page_KDMC - CMS/select_20182019202020212022202'

2018-06-10 21:40:03 - [TEST_STEP][PASSED] - selectOptionByIndex: All options with index in [7] are selected on object 'Object Repository/GRN/Page_KDMC - CMS/select_JanFebMarAprMayJunJulAu'

2018-06-10 21:40:03 - [MESSAGE][PASSED] - All options with index in [7] are selected on object 'Object Repository/GRN/Page_KDMC - CMS/select_JanFebMarAprMayJunJulAu'

2018-06-10 21:40:03 - [TEST_STEP][PASSED] - click: Object: 'Object Repository/MOH AND GRN/Page_KDMC - CMS/a_12' is clicked on

2018-06-10 21:40:03 - [MESSAGE][PASSED] - Object: 'Object Repository/MOH AND GRN/Page_KDMC - CMS/a_12' is clicked on

2018-06-10 21:40:03 - [TEST_STEP][PASSED] - click: Object: 'Object Repository/MOH AND GRN/Page_KDMC - CMS/input_btnadd' is clicked on

2018-06-10 21:40:03 - [MESSAGE][PASSED] - Object: 'Object Repository/MOH AND GRN/Page_KDMC - CMS/input_btnadd' is clicked on

2018-06-10 21:40:03 - [TEST_STEP][PASSED] - Statement - If (s == 10): null

2018-06-10 21:40:03 - [TEST_STEP][PASSED] - Statement - Else: null

2018-06-10 21:40:03 - [TEST_STEP][PASSED] - Statement - (s++): null

2018-06-10 21:40:03 - [TEST_STEP][PASSED] - delay: Delayed 1 second(s)

2018-06-10 21:40:04 - [MESSAGE][PASSED] - Delayed 1 second(s)

2018-06-10 21:40:04 - [TEST_STEP][PASSED] - selectOptionByIndex: All options with index in [8] are selected on object 'Object Repository/MOH AND GRN/Page_KDMC - CMS/select_--Select--Amikacin -500'

2018-06-10 21:40:05 - [MESSAGE][PASSED] - All options with index in [8] are selected on object 'Object Repository/MOH AND GRN/Page_KDMC - CMS/select_--Select--Amikacin -500'

2018-06-10 21:40:05 - [TEST_STEP][PASSED] - setText: Text '5000' is set on object 'Object Repository/MOH AND GRN/Page_KDMC - CMS/input_txtqty'

2018-06-10 21:40:05 - [MESSAGE][PASSED] - Text '5000' is set on object 'Object Repository/MOH AND GRN/Page_KDMC - CMS/input_txtqty'

2018-06-10 21:40:05 - [TEST_STEP][PASSED] - selectOptionByIndex: All options with index in [1] are selected on object 'Object Repository/MOH AND GRN/Page_KDMC - CMS/select_--Select--No Tax0'

2018-06-10 21:40:05 - [MESSAGE][PASSED] - All options with index in [1] are selected on object 'Object Repository/MOH AND GRN/Page_KDMC - CMS/select_--Select--No Tax0'

2018-06-10 21:40:05 - [TEST_STEP][PASSED] - setText: Finding Test Object with id 'Object Repository/MOH AND GRN/Page_KDMC - CMS/input_txtmrp'

2018-06-10 21:40:05 - [TEST_STEP][PASSED] - Statement - switch (id): Finding Test Object with id 'Object Repository/MOH AND GRN/Page_KDMC - CMS/input_txtdeal'

2018-06-10 21:40:05 - [TEST_STEP][PASSED] - Statement - case 4:: Text '43.0' is set on object 'Object Repository/MOH AND GRN/Page_KDMC - CMS/input_txtmrp'

2018-06-10 21:40:05 - [TEST_STEP][PASSED] - Statement - return (java.lang.Math.floor((java.lang.Math.random() * ((max - min) + 1))) + min): Text '43.0' is set on object 'Object Repository/MOH AND GRN/Page_KDMC - CMS/input_txtmrp'

2018-06-10 21:40:05 - [MESSAGE][PASSED] - Text '43.0' is set on object 'Object Repository/MOH AND GRN/Page_KDMC - CMS/input_txtmrp'

2018-06-10 21:40:05 - [TEST_STEP][PASSED] - setText: Finding Test Object with id 'Object Repository/MOH AND GRN/Page_KDMC - CMS/input_txtdeal'

2018-06-10 21:40:05 - [TEST_STEP][PASSED] - Statement - switch (id): Finding Test Object with id 'Object Repository/MOH AND GRN/Page_KDMC - CMS/input_txtbatchno'

2018-06-10 21:40:05 - [TEST_STEP][PASSED] - Statement - case 5:: Text '3.0' is set on object 'Object Repository/MOH AND GRN/Page_KDMC - CMS/input_txtdeal'

2018-06-10 21:40:05 - [TEST_STEP][PASSED] - Statement - return (java.lang.Math.floor((java.lang.Math.random() * ((max - min) + 1))) + min): Text '3.0' is set on object 'Object Repository/MOH AND GRN/Page_KDMC - CMS/input_txtdeal'

2018-06-10 21:40:05 - [MESSAGE][PASSED] - Text '3.0' is set on object 'Object Repository/MOH AND GRN/Page_KDMC - CMS/input_txtdeal'

2018-06-10 21:40:05 - [TEST_STEP][PASSED] - setText: Finding Test Object with id 'Object Repository/MOH AND GRN/Page_KDMC - CMS/input_txtbatchno'

2018-06-10 21:40:05 - [TEST_STEP][PASSED] - Statement - switch (id): Finding Test Object with id 'Object Repository/MOH AND GRN/Page_KDMC - CMS/input_txtmrp'

2018-06-10 21:40:05 - [TEST_STEP][PASSED] - Statement - case 1:: Text 'BA379.0' is set on object 'Object Repository/MOH AND GRN/Page_KDMC - CMS/input_txtbatchno'

2018-06-10 21:40:05 - [TEST_STEP][PASSED] - Statement - return (java.lang.Math.floor((java.lang.Math.random() * ((max - min) + 1))) + min): Text 'BA379.0' is set on object 'Object Repository/MOH AND GRN/Page_KDMC - CMS/input_txtbatchno'

2018-06-10 21:40:05 - [MESSAGE][PASSED] - Text 'BA379.0' is set on object 'Object Repository/MOH AND GRN/Page_KDMC - CMS/input_txtbatchno'

2018-06-10 21:40:05 - [TEST_STEP][PASSED] - rightClick: Object: 'Object Repository/GRN/Page_KDMC - CMS/input_txtexpdate' is right clicked on

2018-06-10 21:40:05 - [MESSAGE][PASSED] - Object: 'Object Repository/GRN/Page_KDMC - CMS/input_txtexpdate' is right clicked on

2018-06-10 21:40:05 - [TEST_STEP][PASSED] - selectOptionByIndex: All options with index in [8] are selected on object 'Object Repository/GRN/Page_KDMC - CMS/select_20182019202020212022202'

2018-06-10 21:40:06 - [MESSAGE][PASSED] - All options with index in [8] are selected on object 'Object Repository/GRN/Page_KDMC - CMS/select_20182019202020212022202'

2018-06-10 21:40:06 - [TEST_STEP][PASSED] - selectOptionByIndex: All options with index in [8] are selected on object 'Object Repository/GRN/Page_KDMC - CMS/select_JanFebMarAprMayJunJulAu'

2018-06-10 21:40:06 - [MESSAGE][PASSED] - All options with index in [8] are selected on object 'Object Repository/GRN/Page_KDMC - CMS/select_JanFebMarAprMayJunJulAu'

2018-06-10 21:40:06 - [TEST_STEP][PASSED] - click: Object: 'Object Repository/MOH AND GRN/Page_KDMC - CMS/a_12' is clicked on

2018-06-10 21:40:06 - [MESSAGE][PASSED] - Object: 'Object Repository/MOH AND GRN/Page_KDMC - CMS/a_12' is clicked on

2018-06-10 21:40:06 - [TEST_STEP][PASSED] - click: Object: 'Object Repository/MOH AND GRN/Page_KDMC - CMS/input_btnadd' is clicked on

2018-06-10 21:40:06 - [MESSAGE][PASSED] - Object: 'Object Repository/MOH AND GRN/Page_KDMC - CMS/input_btnadd' is clicked on

2018-06-10 21:40:06 - [TEST_STEP][PASSED] - Statement - If (s == 10): null

2018-06-10 21:40:06 - [TEST_STEP][PASSED] - Statement - Else: null

2018-06-10 21:40:06 - [TEST_STEP][PASSED] - Statement - (s++): null

2018-06-10 21:40:06 - [TEST_STEP][PASSED] - delay: Delayed 1 second(s)

2018-06-10 21:40:07 - [MESSAGE][PASSED] - Delayed 1 second(s)

2018-06-10 21:40:07 - [TEST_STEP][PASSED] - selectOptionByIndex: All options with index in [9] are selected on object 'Object Repository/MOH AND GRN/Page_KDMC - CMS/select_--Select--Amikacin -500'

2018-06-10 21:40:07 - [MESSAGE][PASSED] - All options with index in [9] are selected on object 'Object Repository/MOH AND GRN/Page_KDMC - CMS/select_--Select--Amikacin -500'

2018-06-10 21:40:07 - [TEST_STEP][PASSED] - setText: Text '5000' is set on object 'Object Repository/MOH AND GRN/Page_KDMC - CMS/input_txtqty'

2018-06-10 21:40:07 - [MESSAGE][PASSED] - Text '5000' is set on object 'Object Repository/MOH AND GRN/Page_KDMC - CMS/input_txtqty'

2018-06-10 21:40:07 - [TEST_STEP][PASSED] - selectOptionByIndex: All options with index in [1] are selected on object 'Object Repository/MOH AND GRN/Page_KDMC - CMS/select_--Select--No Tax0'

2018-06-10 21:40:08 - [MESSAGE][PASSED] - All options with index in [1] are selected on object 'Object Repository/MOH AND GRN/Page_KDMC - CMS/select_--Select--No Tax0'

2018-06-10 21:40:08 - [TEST_STEP][PASSED] - setText: Finding Test Object with id 'Object Repository/MOH AND GRN/Page_KDMC - CMS/input_txtmrp'

2018-06-10 21:40:08 - [TEST_STEP][PASSED] - Statement - switch (id): Finding Test Object with id 'Object Repository/MOH AND GRN/Page_KDMC - CMS/input_txtdeal'

2018-06-10 21:40:08 - [TEST_STEP][PASSED] - Statement - case 4:: Text '31.0' is set on object 'Object Repository/MOH AND GRN/Page_KDMC - CMS/input_txtmrp'

2018-06-10 21:40:08 - [TEST_STEP][PASSED] - Statement - return (java.lang.Math.floor((java.lang.Math.random() * ((max - min) + 1))) + min): Text '31.0' is set on object 'Object Repository/MOH AND GRN/Page_KDMC - CMS/input_txtmrp'

2018-06-10 21:40:08 - [MESSAGE][PASSED] - Text '31.0' is set on object 'Object Repository/MOH AND GRN/Page_KDMC - CMS/input_txtmrp'

2018-06-10 21:40:08 - [TEST_STEP][PASSED] - setText: Finding Test Object with id 'Object Repository/MOH AND GRN/Page_KDMC - CMS/input_txtdeal'

2018-06-10 21:40:08 - [TEST_STEP][PASSED] - Statement - switch (id): Finding Test Object with id 'Object Repository/MOH AND GRN/Page_KDMC - CMS/input_txtbatchno'

2018-06-10 21:40:08 - [TEST_STEP][PASSED] - Statement - case 5:: Text '7.0' is set on object 'Object Repository/MOH AND GRN/Page_KDMC - CMS/input_txtdeal'

2018-06-10 21:40:08 - [TEST_STEP][PASSED] - Statement - return (java.lang.Math.floor((java.lang.Math.random() * ((max - min) + 1))) + min): Text '7.0' is set on object 'Object Repository/MOH AND GRN/Page_KDMC - CMS/input_txtdeal'

2018-06-10 21:40:08 - [MESSAGE][PASSED] - Text '7.0' is set on object 'Object Repository/MOH AND GRN/Page_KDMC - CMS/input_txtdeal'

2018-06-10 21:40:08 - [TEST_STEP][PASSED] - setText: Finding Test Object with id 'Object Repository/MOH AND GRN/Page_KDMC - CMS/input_txtbatchno'

2018-06-10 21:40:08 - [TEST_STEP][PASSED] - Statement - switch (id): Finding Test Object with id 'Object Repository/MOH AND GRN/Page_KDMC - CMS/input_txtmrp'

2018-06-10 21:40:08 - [TEST_STEP][PASSED] - Statement - case 1:: Text 'BA256.0' is set on object 'Object Repository/MOH AND GRN/Page_KDMC - CMS/input_txtbatchno'

2018-06-10 21:40:08 - [TEST_STEP][PASSED] - Statement - return (java.lang.Math.floor((java.lang.Math.random() * ((max - min) + 1))) + min): Text 'BA256.0' is set on object 'Object Repository/MOH AND GRN/Page_KDMC - CMS/input_txtbatchno'

2018-06-10 21:40:08 - [MESSAGE][PASSED] - Text 'BA256.0' is set on object 'Object Repository/MOH AND GRN/Page_KDMC - CMS/input_txtbatchno'

2018-06-10 21:40:08 - [TEST_STEP][PASSED] - rightClick: Object: 'Object Repository/GRN/Page_KDMC - CMS/input_txtexpdate' is right clicked on

2018-06-10 21:40:08 - [MESSAGE][PASSED] - Object: 'Object Repository/GRN/Page_KDMC - CMS/input_txtexpdate' is right clicked on

2018-06-10 21:40:08 - [TEST_STEP][PASSED] - selectOptionByIndex: All options with index in [9] are selected on object 'Object Repository/GRN/Page_KDMC - CMS/select_20182019202020212022202'

2018-06-10 21:40:08 - [MESSAGE][PASSED] - All options with index in [9] are selected on object 'Object Repository/GRN/Page_KDMC - CMS/select_20182019202020212022202'

2018-06-10 21:40:08 - [TEST_STEP][PASSED] - selectOptionByIndex: All options with index in [9] are selected on object 'Object Repository/GRN/Page_KDMC - CMS/select_JanFebMarAprMayJunJulAu'

2018-06-10 21:40:08 - [MESSAGE][PASSED] - All options with index in [9] are selected on object 'Object Repository/GRN/Page_KDMC - CMS/select_JanFebMarAprMayJunJulAu'

2018-06-10 21:40:08 - [TEST_STEP][PASSED] - click: Object: 'Object Repository/MOH AND GRN/Page_KDMC - CMS/a_12' is clicked on

2018-06-10 21:40:09 - [MESSAGE][PASSED] - Object: 'Object Repository/MOH AND GRN/Page_KDMC - CMS/a_12' is clicked on

2018-06-10 21:40:09 - [TEST_STEP][PASSED] - click: Object: 'Object Repository/MOH AND GRN/Page_KDMC - CMS/input_btnadd' is clicked on

2018-06-10 21:40:09 - [MESSAGE][PASSED] - Object: 'Object Repository/MOH AND GRN/Page_KDMC - CMS/input_btnadd' is clicked on

2018-06-10 21:40:09 - [TEST_STEP][PASSED] - Statement - If (s == 10): null

2018-06-10 21:40:09 - [TEST_STEP][PASSED] - Statement - Else: null

2018-06-10 21:40:09 - [TEST_STEP][PASSED] - Statement - (s++): null

2018-06-10 21:40:09 - [TEST_STEP][PASSED] - delay: Delayed 1 second(s)

2018-06-10 21:40:10 - [MESSAGE][PASSED] - Delayed 1 second(s)

2018-06-10 21:40:10 - [TEST_STEP][PASSED] - selectOptionByIndex: All options with index in [10] are selected on object 'Object Repository/MOH AND GRN/Page_KDMC - CMS/select_--Select--Amikacin -500'

2018-06-10 21:40:10 - [MESSAGE][PASSED] - All options with index in [10] are selected on object 'Object Repository/MOH AND GRN/Page_KDMC - CMS/select_--Select--Amikacin -500'

2018-06-10 21:40:10 - [TEST_STEP][PASSED] - setText: Text '5000' is set on object 'Object Repository/MOH AND GRN/Page_KDMC - CMS/input_txtqty'

2018-06-10 21:40:10 - [MESSAGE][PASSED] - Text '5000' is set on object 'Object Repository/MOH AND GRN/Page_KDMC - CMS/input_txtqty'

2018-06-10 21:40:10 - [TEST_STEP][PASSED] - selectOptionByIndex: All options with index in [1] are selected on object 'Object Repository/MOH AND GRN/Page_KDMC - CMS/select_--Select--No Tax0'

2018-06-10 21:40:10 - [MESSAGE][PASSED] - All options with index in [1] are selected on object 'Object Repository/MOH AND GRN/Page_KDMC - CMS/select_--Select--No Tax0'

2018-06-10 21:40:10 - [TEST_STEP][PASSED] - setText: Finding Test Object with id 'Object Repository/MOH AND GRN/Page_KDMC - CMS/input_txtmrp'

2018-06-10 21:40:10 - [TEST_STEP][PASSED] - Statement - switch (id): Finding Test Object with id 'Object Repository/MOH AND GRN/Page_KDMC - CMS/input_txtdeal'

2018-06-10 21:40:10 - [TEST_STEP][PASSED] - Statement - case 4:: Text '15.0' is set on object 'Object Repository/MOH AND GRN/Page_KDMC - CMS/input_txtmrp'

2018-06-10 21:40:10 - [TEST_STEP][PASSED] - Statement - return (java.lang.Math.floor((java.lang.Math.random() * ((max - min) + 1))) + min): Text '15.0' is set on object 'Object Repository/MOH AND GRN/Page_KDMC - CMS/input_txtmrp'

2018-06-10 21:40:10 - [MESSAGE][PASSED] - Text '15.0' is set on object 'Object Repository/MOH AND GRN/Page_KDMC - CMS/input_txtmrp'

2018-06-10 21:40:10 - [TEST_STEP][PASSED] - setText: Finding Test Object with id 'Object Repository/MOH AND GRN/Page_KDMC - CMS/input_txtdeal'

2018-06-10 21:40:10 - [TEST_STEP][PASSED] - Statement - switch (id): Finding Test Object with id 'Object Repository/MOH AND GRN/Page_KDMC - CMS/input_txtbatchno'

2018-06-10 21:40:10 - [TEST_STEP][PASSED] - Statement - case 5:: Text '3.0' is set on object 'Object Repository/MOH AND GRN/Page_KDMC - CMS/input_txtdeal'

2018-06-10 21:40:10 - [TEST_STEP][PASSED] - Statement - return (java.lang.Math.floor((java.lang.Math.random() * ((max - min) + 1))) + min): Text '3.0' is set on object 'Object Repository/MOH AND GRN/Page_KDMC - CMS/input_txtdeal'

2018-06-10 21:40:10 - [MESSAGE][PASSED] - Text '3.0' is set on object 'Object Repository/MOH AND GRN/Page_KDMC - CMS/input_txtdeal'

2018-06-10 21:40:10 - [TEST_STEP][PASSED] - setText: Finding Test Object with id 'Object Repository/MOH AND GRN/Page_KDMC - CMS/input_txtbatchno'

2018-06-10 21:40:10 - [TEST_STEP][PASSED] - Statement - switch (id): Finding Test Object with id 'Object Repository/MOH AND GRN/Page_KDMC - CMS/input_txtmrp'

2018-06-10 21:40:10 - [TEST_STEP][PASSED] - Statement - case 1:: Text 'BA764.0' is set on object 'Object Repository/MOH AND GRN/Page_KDMC - CMS/input_txtbatchno'

2018-06-10 21:40:10 - [TEST_STEP][PASSED] - Statement - return (java.lang.Math.floor((java.lang.Math.random() * ((max - min) + 1))) + min): Text 'BA764.0' is set on object 'Object Repository/MOH AND GRN/Page_KDMC - CMS/input_txtbatchno'

2018-06-10 21:40:10 - [MESSAGE][PASSED] - Text 'BA764.0' is set on object 'Object Repository/MOH AND GRN/Page_KDMC - CMS/input_txtbatchno'

2018-06-10 21:40:10 - [TEST_STEP][PASSED] - rightClick: Object: 'Object Repository/GRN/Page_KDMC - CMS/input_txtexpdate' is right clicked on

2018-06-10 21:40:11 - [MESSAGE][PASSED] - Object: 'Object Repository/GRN/Page_KDMC - CMS/input_txtexpdate' is right clicked on

2018-06-10 21:40:11 - [TEST_STEP][PASSED] - selectOptionByIndex: All options with index in [10] are selected on object 'Object Repository/GRN/Page_KDMC - CMS/select_20182019202020212022202'

2018-06-10 21:40:11 - [MESSAGE][PASSED] - All options with index in [10] are selected on object 'Object Repository/GRN/Page_KDMC - CMS/select_20182019202020212022202'

2018-06-10 21:40:11 - [TEST_STEP][PASSED] - selectOptionByIndex: All options with index in [10] are selected on object 'Object Repository/GRN/Page_KDMC - CMS/select_JanFebMarAprMayJunJulAu'

2018-06-10 21:40:11 - [MESSAGE][PASSED] - All options with index in [10] are selected on object 'Object Repository/GRN/Page_KDMC - CMS/select_JanFebMarAprMayJunJulAu'

2018-06-10 21:40:11 - [TEST_STEP][PASSED] - click: Object: 'Object Repository/MOH AND GRN/Page_KDMC - CMS/a_12' is clicked on

2018-06-10 21:40:11 - [MESSAGE][PASSED] - Object: 'Object Repository/MOH AND GRN/Page_KDMC - CMS/a_12' is clicked on

2018-06-10 21:40:11 - [TEST_STEP][PASSED] - click: Object: 'Object Repository/MOH AND GRN/Page_KDMC - CMS/input_btnadd' is clicked on

2018-06-10 21:40:11 - [MESSAGE][PASSED] - Object: 'Object Repository/MOH AND GRN/Page_KDMC - CMS/input_btnadd' is clicked on

2018-06-10 21:40:11 - [TEST_STEP][PASSED] - Statement - If (s == 10): null

2018-06-10 21:40:11 - [TEST_STEP][PASSED] - Statement - s = 1: null

2018-06-10 21:40:11 - [TEST_STEP][PASSED] - delay: Delayed 1 second(s)

2018-06-10 21:40:12 - [MESSAGE][PASSED] - Delayed 1 second(s)

2018-06-10 21:40:12 - [TEST_STEP][PASSED] - selectOptionByIndex: All options with index in [11] are selected on object 'Object Repository/MOH AND GRN/Page_KDMC - CMS/select_--Select--Amikacin -500'

2018-06-10 21:40:12 - [MESSAGE][PASSED] - All options with index in [11] are selected on object 'Object Repository/MOH AND GRN/Page_KDMC - CMS/select_--Select--Amikacin -500'

2018-06-10 21:40:12 - [TEST_STEP][PASSED] - setText: Text '5000' is set on object 'Object Repository/MOH AND GRN/Page_KDMC - CMS/input_txtqty'

2018-06-10 21:40:13 - [MESSAGE][PASSED] - Text '5000' is set on object 'Object Repository/MOH AND GRN/Page_KDMC - CMS/input_txtqty'

2018-06-10 21:40:13 - [TEST_STEP][PASSED] - selectOptionByIndex: All options with index in [1] are selected on object 'Object Repository/MOH AND GRN/Page_KDMC - CMS/select_--Select--No Tax0'

2018-06-10 21:40:13 - [MESSAGE][PASSED] - All options with index in [1] are selected on object 'Object Repository/MOH AND GRN/Page_KDMC - CMS/select_--Select--No Tax0'

2018-06-10 21:40:13 - [TEST_STEP][PASSED] - setText: Finding Test Object with id 'Object Repository/MOH AND GRN/Page_KDMC - CMS/input_txtmrp'

2018-06-10 21:40:13 - [TEST_STEP][PASSED] - Statement - switch (id): Finding Test Object with id 'Object Repository/MOH AND GRN/Page_KDMC - CMS/input_txtdeal'

2018-06-10 21:40:13 - [TEST_STEP][PASSED] - Statement - case 4:: Text '20.0' is set on object 'Object Repository/MOH AND GRN/Page_KDMC - CMS/input_txtmrp'

2018-06-10 21:40:13 - [TEST_STEP][PASSED] - Statement - return (java.lang.Math.floor((java.lang.Math.random() * ((max - min) + 1))) + min): Text '20.0' is set on object 'Object Repository/MOH AND GRN/Page_KDMC - CMS/input_txtmrp'

2018-06-10 21:40:13 - [MESSAGE][PASSED] - Text '20.0' is set on object 'Object Repository/MOH AND GRN/Page_KDMC - CMS/input_txtmrp'

2018-06-10 21:40:13 - [TEST_STEP][PASSED] - setText: Finding Test Object with id 'Object Repository/MOH AND GRN/Page_KDMC - CMS/input_txtdeal'

2018-06-10 21:40:13 - [TEST_STEP][PASSED] - Statement - switch (id): Finding Test Object with id 'Object Repository/MOH AND GRN/Page_KDMC - CMS/input_txtbatchno'

2018-06-10 21:40:13 - [TEST_STEP][PASSED] - Statement - case 5:: Text '7.0' is set on object 'Object Repository/MOH AND GRN/Page_KDMC - CMS/input_txtdeal'

2018-06-10 21:40:13 - [TEST_STEP][PASSED] - Statement - return (java.lang.Math.floor((java.lang.Math.random() * ((max - min) + 1))) + min): Text '7.0' is set on object 'Object Repository/MOH AND GRN/Page_KDMC - CMS/input_txtdeal'

2018-06-10 21:40:13 - [MESSAGE][PASSED] - Text '7.0' is set on object 'Object Repository/MOH AND GRN/Page_KDMC - CMS/input_txtdeal'

2018-06-10 21:40:13 - [TEST_STEP][PASSED] - setText: Finding Test Object with id 'Object Repository/MOH AND GRN/Page_KDMC - CMS/input_txtbatchno'

2018-06-10 21:40:13 - [TEST_STEP][PASSED] - Statement - switch (id): Finding Test Object with id 'Object Repository/MOH AND GRN/Page_KDMC - CMS/input_txtmrp'

2018-06-10 21:40:13 - [TEST_STEP][PASSED] - Statement - case 1:: Text 'BA712.0' is set on object 'Object Repository/MOH AND GRN/Page_KDMC - CMS/input_txtbatchno'

2018-06-10 21:40:13 - [TEST_STEP][PASSED] - Statement - return (java.lang.Math.floor((java.lang.Math.random() * ((max - min) + 1))) + min): Text 'BA712.0' is set on object 'Object Repository/MOH AND GRN/Page_KDMC - CMS/input_txtbatchno'

2018-06-10 21:40:13 - [MESSAGE][PASSED] - Text 'BA712.0' is set on object 'Object Repository/MOH AND GRN/Page_KDMC - CMS/input_txtbatchno'

2018-06-10 21:40:13 - [TEST_STEP][PASSED] - rightClick: Object: 'Object Repository/GRN/Page_KDMC - CMS/input_txtexpdate' is right clicked on

2018-06-10 21:40:13 - [MESSAGE][PASSED] - Object: 'Object Repository/GRN/Page_KDMC - CMS/input_txtexpdate' is right clicked on

2018-06-10 21:40:13 - [TEST_STEP][PASSED] - selectOptionByIndex: All options with index in [1] are selected on object 'Object Repository/GRN/Page_KDMC - CMS/select_20182019202020212022202'

2018-06-10 21:40:13 - [MESSAGE][PASSED] - All options with index in [1] are selected on object 'Object Repository/GRN/Page_KDMC - CMS/select_20182019202020212022202'

2018-06-10 21:40:13 - [TEST_STEP][PASSED] - selectOptionByIndex: All options with index in [1] are selected on object 'Object Repository/GRN/Page_KDMC - CMS/select_JanFebMarAprMayJunJulAu'

2018-06-10 21:40:13 - [MESSAGE][PASSED] - All options with index in [1] are selected on object 'Object Repository/GRN/Page_KDMC - CMS/select_JanFebMarAprMayJunJulAu'

2018-06-10 21:40:13 - [TEST_STEP][PASSED] - click: Object: 'Object Repository/MOH AND GRN/Page_KDMC - CMS/a_12' is clicked on

2018-06-10 21:40:13 - [MESSAGE][PASSED] - Object: 'Object Repository/MOH AND GRN/Page_KDMC - CMS/a_12' is clicked on

2018-06-10 21:40:13 - [TEST_STEP][PASSED] - click: Object: 'Object Repository/MOH AND GRN/Page_KDMC - CMS/input_btnadd' is clicked on

2018-06-10 21:40:13 - [MESSAGE][PASSED] - Object: 'Object Repository/MOH AND GRN/Page_KDMC - CMS/input_btnadd' is clicked on

2018-06-10 21:40:13 - [TEST_STEP][PASSED] - Statement - If (s == 10): null

2018-06-10 21:40:13 - [TEST_STEP][PASSED] - Statement - Else: null

2018-06-10 21:40:13 - [TEST_STEP][PASSED] - Statement - (s++): null

2018-06-10 21:40:13 - [TEST_STEP][PASSED] - delay: Delayed 1 second(s)

2018-06-10 21:40:14 - [MESSAGE][PASSED] - Delayed 1 second(s)

2018-06-10 21:40:14 - [TEST_STEP][PASSED] - selectOptionByIndex: All options with index in [12] are selected on object 'Object Repository/MOH AND GRN/Page_KDMC - CMS/select_--Select--Amikacin -500'

2018-06-10 21:40:15 - [MESSAGE][PASSED] - All options with index in [12] are selected on object 'Object Repository/MOH AND GRN/Page_KDMC - CMS/select_--Select--Amikacin -500'

2018-06-10 21:40:15 - [TEST_STEP][PASSED] - setText: Text '5000' is set on object 'Object Repository/MOH AND GRN/Page_KDMC - CMS/input_txtqty'

2018-06-10 21:40:15 - [MESSAGE][PASSED] - Text '5000' is set on object 'Object Repository/MOH AND GRN/Page_KDMC - CMS/input_txtqty'

2018-06-10 21:40:15 - [TEST_STEP][PASSED] - selectOptionByIndex: All options with index in [1] are selected on object 'Object Repository/MOH AND GRN/Page_KDMC - CMS/select_--Select--No Tax0'

2018-06-10 21:40:15 - [MESSAGE][PASSED] - All options with index in [1] are selected on object 'Object Repository/MOH AND GRN/Page_KDMC - CMS/select_--Select--No Tax0'

2018-06-10 21:40:15 - [TEST_STEP][PASSED] - setText: Finding Test Object with id 'Object Repository/MOH AND GRN/Page_KDMC - CMS/input_txtmrp'

2018-06-10 21:40:15 - [TEST_STEP][PASSED] - Statement - switch (id): Finding Test Object with id 'Object Repository/MOH AND GRN/Page_KDMC - CMS/input_txtdeal'

2018-06-10 21:40:15 - [TEST_STEP][PASSED] - Statement - case 4:: Text '40.0' is set on object 'Object Repository/MOH AND GRN/Page_KDMC - CMS/input_txtmrp'

2018-06-10 21:40:15 - [TEST_STEP][PASSED] - Statement - return (java.lang.Math.floor((java.lang.Math.random() * ((max - min) + 1))) + min): Text '40.0' is set on object 'Object Repository/MOH AND GRN/Page_KDMC - CMS/input_txtmrp'

2018-06-10 21:40:15 - [MESSAGE][PASSED] - Text '40.0' is set on object 'Object Repository/MOH AND GRN/Page_KDMC - CMS/input_txtmrp'

2018-06-10 21:40:15 - [TEST_STEP][PASSED] - setText: Finding Test Object with id 'Object Repository/MOH AND GRN/Page_KDMC - CMS/input_txtdeal'

2018-06-10 21:40:15 - [TEST_STEP][PASSED] - Statement - switch (id): Finding Test Object with id 'Object Repository/MOH AND GRN/Page_KDMC - CMS/input_txtbatchno'

2018-06-10 21:40:15 - [TEST_STEP][PASSED] - Statement - case 5:: Text '9.0' is set on object 'Object Repository/MOH AND GRN/Page_KDMC - CMS/input_txtdeal'

2018-06-10 21:40:15 - [TEST_STEP][PASSED] - Statement - return (java.lang.Math.floor((java.lang.Math.random() * ((max - min) + 1))) + min): Text '9.0' is set on object 'Object Repository/MOH AND GRN/Page_KDMC - CMS/input_txtdeal'

2018-06-10 21:40:15 - [MESSAGE][PASSED] - Text '9.0' is set on object 'Object Repository/MOH AND GRN/Page_KDMC - CMS/input_txtdeal'

2018-06-10 21:40:15 - [TEST_STEP][PASSED] - setText: Finding Test Object with id 'Object Repository/MOH AND GRN/Page_KDMC - CMS/input_txtbatchno'

2018-06-10 21:40:15 - [TEST_STEP][PASSED] - Statement - switch (id): Finding Test Object with id 'Object Repository/MOH AND GRN/Page_KDMC - CMS/input_txtmrp'

2018-06-10 21:40:15 - [TEST_STEP][PASSED] - Statement - case 1:: Text 'BA57.0' is set on object 'Object Repository/MOH AND GRN/Page_KDMC - CMS/input_txtbatchno'

2018-06-10 21:40:15 - [TEST_STEP][PASSED] - Statement - return (java.lang.Math.floor((java.lang.Math.random() * ((max - min) + 1))) + min): Text 'BA57.0' is set on object 'Object Repository/MOH AND GRN/Page_KDMC - CMS/input_txtbatchno'

2018-06-10 21:40:15 - [MESSAGE][PASSED] - Text 'BA57.0' is set on object 'Object Repository/MOH AND GRN/Page_KDMC - CMS/input_txtbatchno'

2018-06-10 21:40:15 - [TEST_STEP][PASSED] - rightClick: Object: 'Object Repository/GRN/Page_KDMC - CMS/input_txtexpdate' is right clicked on

2018-06-10 21:40:15 - [MESSAGE][PASSED] - Object: 'Object Repository/GRN/Page_KDMC - CMS/input_txtexpdate' is right clicked on

2018-06-10 21:40:15 - [TEST_STEP][PASSED] - selectOptionByIndex: All options with index in [2] are selected on object 'Object Repository/GRN/Page_KDMC - CMS/select_20182019202020212022202'

2018-06-10 21:40:16 - [MESSAGE][PASSED] - All options with index in [2] are selected on object 'Object Repository/GRN/Page_KDMC - CMS/select_20182019202020212022202'

2018-06-10 21:40:16 - [TEST_STEP][PASSED] - selectOptionByIndex: All options with index in [2] are selected on object 'Object Repository/GRN/Page_KDMC - CMS/select_JanFebMarAprMayJunJulAu'

2018-06-10 21:40:16 - [MESSAGE][PASSED] - All options with index in [2] are selected on object 'Object Repository/GRN/Page_KDMC - CMS/select_JanFebMarAprMayJunJulAu'

2018-06-10 21:40:16 - [TEST_STEP][PASSED] - click: Object: 'Object Repository/MOH AND GRN/Page_KDMC - CMS/a_12' is clicked on

2018-06-10 21:40:16 - [MESSAGE][PASSED] - Object: 'Object Repository/MOH AND GRN/Page_KDMC - CMS/a_12' is clicked on

2018-06-10 21:40:16 - [TEST_STEP][PASSED] - click: Object: 'Object Repository/MOH AND GRN/Page_KDMC - CMS/input_btnadd' is clicked on

2018-06-10 21:40:16 - [MESSAGE][PASSED] - Object: 'Object Repository/MOH AND GRN/Page_KDMC - CMS/input_btnadd' is clicked on

2018-06-10 21:40:16 - [TEST_STEP][PASSED] - Statement - If (s == 10): null

2018-06-10 21:40:16 - [TEST_STEP][PASSED] - Statement - Else: null

2018-06-10 21:40:16 - [TEST_STEP][PASSED] - Statement - (s++): null

2018-06-10 21:40:16 - [TEST_STEP][PASSED] - delay: Delayed 1 second(s)

2018-06-10 21:40:17 - [MESSAGE][PASSED] - Delayed 1 second(s)

2018-06-10 21:40:17 - [TEST_STEP][PASSED] - selectOptionByIndex: All options with index in [13] are selected on object 'Object Repository/MOH AND GRN/Page_KDMC - CMS/select_--Select--Amikacin -500'

2018-06-10 21:40:17 - [MESSAGE][PASSED] - All options with index in [13] are selected on object 'Object Repository/MOH AND GRN/Page_KDMC - CMS/select_--Select--Amikacin -500'

2018-06-10 21:40:17 - [TEST_STEP][PASSED] - setText: Text '5000' is set on object 'Object Repository/MOH AND GRN/Page_KDMC - CMS/input_txtqty'

2018-06-10 21:40:17 - [MESSAGE][PASSED] - Text '5000' is set on object 'Object Repository/MOH AND GRN/Page_KDMC - CMS/input_txtqty'

2018-06-10 21:40:17 - [TEST_STEP][PASSED] - selectOptionByIndex: All options with index in [1] are selected on object 'Object Repository/MOH AND GRN/Page_KDMC - CMS/select_--Select--No Tax0'

2018-06-10 21:40:17 - [MESSAGE][PASSED] - All options with index in [1] are selected on object 'Object Repository/MOH AND GRN/Page_KDMC - CMS/select_--Select--No Tax0'

2018-06-10 21:40:17 - [TEST_STEP][PASSED] - setText: Finding Test Object with id 'Object Repository/MOH AND GRN/Page_KDMC - CMS/input_txtmrp'

2018-06-10 21:40:17 - [TEST_STEP][PASSED] - Statement - switch (id): Finding Test Object with id 'Object Repository/MOH AND GRN/Page_KDMC - CMS/input_txtdeal'

2018-06-10 21:40:17 - [TEST_STEP][PASSED] - Statement - case 4:: Text '38.0' is set on object 'Object Repository/MOH AND GRN/Page_KDMC - CMS/input_txtmrp'

2018-06-10 21:40:17 - [TEST_STEP][PASSED] - Statement - return (java.lang.Math.floor((java.lang.Math.random() * ((max - min) + 1))) + min): Text '38.0' is set on object 'Object Repository/MOH AND GRN/Page_KDMC - CMS/input_txtmrp'

2018-06-10 21:40:17 - [MESSAGE][PASSED] - Text '38.0' is set on object 'Object Repository/MOH AND GRN/Page_KDMC - CMS/input_txtmrp'

2018-06-10 21:40:17 - [TEST_STEP][PASSED] - setText: Finding Test Object with id 'Object Repository/MOH AND GRN/Page_KDMC - CMS/input_txtdeal'

2018-06-10 21:40:17 - [TEST_STEP][PASSED] - Statement - switch (id): Finding Test Object with id 'Object Repository/MOH AND GRN/Page_KDMC - CMS/input_txtbatchno'

2018-06-10 21:40:17 - [TEST_STEP][PASSED] - Statement - case 5:: Text '3.0' is set on object 'Object Repository/MOH AND GRN/Page_KDMC - CMS/input_txtdeal'

2018-06-10 21:40:17 - [TEST_STEP][PASSED] - Statement - return (java.lang.Math.floor((java.lang.Math.random() * ((max - min) + 1))) + min): Text '3.0' is set on object 'Object Repository/MOH AND GRN/Page_KDMC - CMS/input_txtdeal'

2018-06-10 21:40:18 - [MESSAGE][PASSED] - Text '3.0' is set on object 'Object Repository/MOH AND GRN/Page_KDMC - CMS/input_txtdeal'

2018-06-10 21:40:18 - [TEST_STEP][PASSED] - setText: Finding Test Object with id 'Object Repository/MOH AND GRN/Page_KDMC - CMS/input_txtbatchno'

2018-06-10 21:40:18 - [TEST_STEP][PASSED] - Statement - switch (id): Finding Test Object with id 'Object Repository/MOH AND GRN/Page_KDMC - CMS/input_txtmrp'

2018-06-10 21:40:18 - [TEST_STEP][PASSED] - Statement - case 1:: Text 'BA434.0' is set on object 'Object Repository/MOH AND GRN/Page_KDMC - CMS/input_txtbatchno'

2018-06-10 21:40:18 - [TEST_STEP][PASSED] - Statement - return (java.lang.Math.floor((java.lang.Math.random() * ((max - min) + 1))) + min): Text 'BA434.0' is set on object 'Object Repository/MOH AND GRN/Page_KDMC - CMS/input_txtbatchno'

2018-06-10 21:40:18 - [MESSAGE][PASSED] - Text 'BA434.0' is set on object 'Object Repository/MOH AND GRN/Page_KDMC - CMS/input_txtbatchno'

2018-06-10 21:40:18 - [TEST_STEP][PASSED] - rightClick: Object: 'Object Repository/GRN/Page_KDMC - CMS/input_txtexpdate' is right clicked on

2018-06-10 21:40:18 - [MESSAGE][PASSED] - Object: 'Object Repository/GRN/Page_KDMC - CMS/input_txtexpdate' is right clicked on

2018-06-10 21:40:18 - [TEST_STEP][PASSED] - selectOptionByIndex: All options with index in [3] are selected on object 'Object Repository/GRN/Page_KDMC - CMS/select_20182019202020212022202'

2018-06-10 21:40:18 - [MESSAGE][PASSED] - All options with index in [3] are selected on object 'Object Repository/GRN/Page_KDMC - CMS/select_20182019202020212022202'

2018-06-10 21:40:18 - [TEST_STEP][PASSED] - selectOptionByIndex: All options with index in [3] are selected on object 'Object Repository/GRN/Page_KDMC - CMS/select_JanFebMarAprMayJunJulAu'

2018-06-10 21:40:18 - [MESSAGE][PASSED] - All options with index in [3] are selected on object 'Object Repository/GRN/Page_KDMC - CMS/select_JanFebMarAprMayJunJulAu'

2018-06-10 21:40:18 - [TEST_STEP][PASSED] - click: Object: 'Object Repository/MOH AND GRN/Page_KDMC - CMS/a_12' is clicked on

2018-06-10 21:40:18 - [MESSAGE][PASSED] - Object: 'Object Repository/MOH AND GRN/Page_KDMC - CMS/a_12' is clicked on

2018-06-10 21:40:18 - [TEST_STEP][PASSED] - click: Object: 'Object Repository/MOH AND GRN/Page_KDMC - CMS/input_btnadd' is clicked on

2018-06-10 21:40:18 - [MESSAGE][PASSED] - Object: 'Object Repository/MOH AND GRN/Page_KDMC - CMS/input_btnadd' is clicked on

2018-06-10 21:40:18 - [TEST_STEP][PASSED] - Statement - If (s == 10): null

2018-06-10 21:40:18 - [TEST_STEP][PASSED] - Statement - Else: null

2018-06-10 21:40:18 - [TEST_STEP][PASSED] - Statement - (s++): null

2018-06-10 21:40:18 - [TEST_STEP][PASSED] - delay: Delayed 1 second(s)

2018-06-10 21:40:19 - [MESSAGE][PASSED] - Delayed 1 second(s)

2018-06-10 21:40:19 - [TEST_STEP][PASSED] - selectOptionByIndex: All options with index in [14] are selected on object 'Object Repository/MOH AND GRN/Page_KDMC - CMS/select_--Select--Amikacin -500'

2018-06-10 21:40:20 - [MESSAGE][PASSED] - All options with index in [14] are selected on object 'Object Repository/MOH AND GRN/Page_KDMC - CMS/select_--Select--Amikacin -500'

2018-06-10 21:40:20 - [TEST_STEP][PASSED] - setText: Text '5000' is set on object 'Object Repository/MOH AND GRN/Page_KDMC - CMS/input_txtqty'

2018-06-10 21:40:20 - [MESSAGE][PASSED] - Text '5000' is set on object 'Object Repository/MOH AND GRN/Page_KDMC - CMS/input_txtqty'

2018-06-10 21:40:20 - [TEST_STEP][PASSED] - selectOptionByIndex: All options with index in [1] are selected on object 'Object Repository/MOH AND GRN/Page_KDMC - CMS/select_--Select--No Tax0'

2018-06-10 21:40:20 - [MESSAGE][PASSED] - All options with index in [1] are selected on object 'Object Repository/MOH AND GRN/Page_KDMC - CMS/select_--Select--No Tax0'

2018-06-10 21:40:20 - [TEST_STEP][PASSED] - setText: Finding Test Object with id 'Object Repository/MOH AND GRN/Page_KDMC - CMS/input_txtmrp'

2018-06-10 21:40:20 - [TEST_STEP][PASSED] - Statement - switch (id): Finding Test Object with id 'Object Repository/MOH AND GRN/Page_KDMC - CMS/input_txtdeal'

2018-06-10 21:40:20 - [TEST_STEP][PASSED] - Statement - case 4:: Text '42.0' is set on object 'Object Repository/MOH AND GRN/Page_KDMC - CMS/input_txtmrp'

2018-06-10 21:40:20 - [TEST_STEP][PASSED] - Statement - return (java.lang.Math.floor((java.lang.Math.random() * ((max - min) + 1))) + min): Text '42.0' is set on object 'Object Repository/MOH AND GRN/Page_KDMC - CMS/input_txtmrp'

2018-06-10 21:40:20 - [MESSAGE][PASSED] - Text '42.0' is set on object 'Object Repository/MOH AND GRN/Page_KDMC - CMS/input_txtmrp'

2018-06-10 21:40:20 - [TEST_STEP][PASSED] - setText: Finding Test Object with id 'Object Repository/MOH AND GRN/Page_KDMC - CMS/input_txtdeal'

2018-06-10 21:40:20 - [TEST_STEP][PASSED] - Statement - switch (id): Finding Test Object with id 'Object Repository/MOH AND GRN/Page_KDMC - CMS/input_txtbatchno'

2018-06-10 21:40:20 - [TEST_STEP][PASSED] - Statement - case 5:: Text '3.0' is set on object 'Object Repository/MOH AND GRN/Page_KDMC - CMS/input_txtdeal'

2018-06-10 21:40:20 - [TEST_STEP][PASSED] - Statement - return (java.lang.Math.floor((java.lang.Math.random() * ((max - min) + 1))) + min): Text '3.0' is set on object 'Object Repository/MOH AND GRN/Page_KDMC - CMS/input_txtdeal'

2018-06-10 21:40:20 - [MESSAGE][PASSED] - Text '3.0' is set on object 'Object Repository/MOH AND GRN/Page_KDMC - CMS/input_txtdeal'

2018-06-10 21:40:20 - [TEST_STEP][PASSED] - setText: Finding Test Object with id 'Object Repository/MOH AND GRN/Page_KDMC - CMS/input_txtbatchno'

2018-06-10 21:40:20 - [TEST_STEP][PASSED] - Statement - switch (id): Finding Test Object with id 'Object Repository/MOH AND GRN/Page_KDMC - CMS/input_txtmrp'

2018-06-10 21:40:20 - [TEST_STEP][PASSED] - Statement - case 1:: Text 'BA877.0' is set on object 'Object Repository/MOH AND GRN/Page_KDMC - CMS/input_txtbatchno'

2018-06-10 21:40:20 - [TEST_STEP][PASSED] - Statement - return (java.lang.Math.floor((java.lang.Math.random() * ((max - min) + 1))) + min): Text 'BA877.0' is set on object 'Object Repository/MOH AND GRN/Page_KDMC - CMS/input_txtbatchno'

2018-06-10 21:40:20 - [MESSAGE][PASSED] - Text 'BA877.0' is set on object 'Object Repository/MOH AND GRN/Page_KDMC - CMS/input_txtbatchno'

2018-06-10 21:40:20 - [TEST_STEP][PASSED] - rightClick: Object: 'Object Repository/GRN/Page_KDMC - CMS/input_txtexpdate' is right clicked on

2018-06-10 21:40:20 - [MESSAGE][PASSED] - Object: 'Object Repository/GRN/Page_KDMC - CMS/input_txtexpdate' is right clicked on

2018-06-10 21:40:20 - [TEST_STEP][PASSED] - selectOptionByIndex: All options with index in [4] are selected on object 'Object Repository/GRN/Page_KDMC - CMS/select_20182019202020212022202'

2018-06-10 21:40:20 - [MESSAGE][PASSED] - All options with index in [4] are selected on object 'Object Repository/GRN/Page_KDMC - CMS/select_20182019202020212022202'

2018-06-10 21:40:20 - [TEST_STEP][PASSED] - selectOptionByIndex: All options with index in [4] are selected on object 'Object Repository/GRN/Page_KDMC - CMS/select_JanFebMarAprMayJunJulAu'

2018-06-10 21:40:21 - [MESSAGE][PASSED] - All options with index in [4] are selected on object 'Object Repository/GRN/Page_KDMC - CMS/select_JanFebMarAprMayJunJulAu'

2018-06-10 21:40:21 - [TEST_STEP][PASSED] - click: Object: 'Object Repository/MOH AND GRN/Page_KDMC - CMS/a_12' is clicked on

2018-06-10 21:40:21 - [MESSAGE][PASSED] - Object: 'Object Repository/MOH AND GRN/Page_KDMC - CMS/a_12' is clicked on

2018-06-10 21:40:21 - [TEST_STEP][PASSED] - click: Object: 'Object Repository/MOH AND GRN/Page_KDMC - CMS/input_btnadd' is clicked on

2018-06-10 21:40:21 - [MESSAGE][PASSED] - Object: 'Object Repository/MOH AND GRN/Page_KDMC - CMS/input_btnadd' is clicked on

2018-06-10 21:40:21 - [TEST_STEP][PASSED] - Statement - If (s == 10): null

2018-06-10 21:40:21 - [TEST_STEP][PASSED] - Statement - Else: null

2018-06-10 21:40:21 - [TEST_STEP][PASSED] - Statement - (s++): null

2018-06-10 21:40:21 - [TEST_STEP][PASSED] - delay: Delayed 1 second(s)

2018-06-10 21:40:22 - [MESSAGE][PASSED] - Delayed 1 second(s)

2018-06-10 21:40:22 - [TEST_STEP][PASSED] - selectOptionByIndex: All options with index in [15] are selected on object 'Object Repository/MOH AND GRN/Page_KDMC - CMS/select_--Select--Amikacin -500'

2018-06-10 21:40:22 - [MESSAGE][PASSED] - All options with index in [15] are selected on object 'Object Repository/MOH AND GRN/Page_KDMC - CMS/select_--Select--Amikacin -500'

2018-06-10 21:40:22 - [TEST_STEP][PASSED] - setText: Text '5000' is set on object 'Object Repository/MOH AND GRN/Page_KDMC - CMS/input_txtqty'

2018-06-10 21:40:22 - [MESSAGE][PASSED] - Text '5000' is set on object 'Object Repository/MOH AND GRN/Page_KDMC - CMS/input_txtqty'

2018-06-10 21:40:22 - [TEST_STEP][PASSED] - selectOptionByIndex: All options with index in [1] are selected on object 'Object Repository/MOH AND GRN/Page_KDMC - CMS/select_--Select--No Tax0'

2018-06-10 21:40:22 - [MESSAGE][PASSED] - All options with index in [1] are selected on object 'Object Repository/MOH AND GRN/Page_KDMC - CMS/select_--Select--No Tax0'

2018-06-10 21:40:22 - [TEST_STEP][PASSED] - setText: Finding Test Object with id 'Object Repository/MOH AND GRN/Page_KDMC - CMS/input_txtmrp'

2018-06-10 21:40:22 - [TEST_STEP][PASSED] - Statement - switch (id): Finding Test Object with id 'Object Repository/MOH AND GRN/Page_KDMC - CMS/input_txtdeal'

2018-06-10 21:40:22 - [TEST_STEP][PASSED] - Statement - case 4:: Text '39.0' is set on object 'Object Repository/MOH AND GRN/Page_KDMC - CMS/input_txtmrp'

2018-06-10 21:40:22 - [TEST_STEP][PASSED] - Statement - return (java.lang.Math.floor((java.lang.Math.random() * ((max - min) + 1))) + min): Text '39.0' is set on object 'Object Repository/MOH AND GRN/Page_KDMC - CMS/input_txtmrp'

2018-06-10 21:40:22 - [MESSAGE][PASSED] - Text '39.0' is set on object 'Object Repository/MOH AND GRN/Page_KDMC - CMS/input_txtmrp'

2018-06-10 21:40:22 - [TEST_STEP][PASSED] - setText: Finding Test Object with id 'Object Repository/MOH AND GRN/Page_KDMC - CMS/input_txtdeal'

2018-06-10 21:40:22 - [TEST_STEP][PASSED] - Statement - switch (id): Finding Test Object with id 'Object Repository/MOH AND GRN/Page_KDMC - CMS/input_txtbatchno'

2018-06-10 21:40:22 - [TEST_STEP][PASSED] - Statement - case 5:: Text '1.0' is set on object 'Object Repository/MOH AND GRN/Page_KDMC - CMS/input_txtdeal'

2018-06-10 21:40:22 - [TEST_STEP][PASSED] - Statement - return (java.lang.Math.floor((java.lang.Math.random() * ((max - min) + 1))) + min): Text '1.0' is set on object 'Object Repository/MOH AND GRN/Page_KDMC - CMS/input_txtdeal'

2018-06-10 21:40:22 - [MESSAGE][PASSED] - Text '1.0' is set on object 'Object Repository/MOH AND GRN/Page_KDMC - CMS/input_txtdeal'

2018-06-10 21:40:22 - [TEST_STEP][PASSED] - setText: Finding Test Object with id 'Object Repository/MOH AND GRN/Page_KDMC - CMS/input_txtbatchno'

2018-06-10 21:40:22 - [TEST_STEP][PASSED] - Statement - switch (id): Finding Test Object with id 'Object Repository/MOH AND GRN/Page_KDMC - CMS/input_txtmrp'

2018-06-10 21:40:22 - [TEST_STEP][PASSED] - Statement - case 1:: Text 'BA406.0' is set on object 'Object Repository/MOH AND GRN/Page_KDMC - CMS/input_txtbatchno'

2018-06-10 21:40:22 - [TEST_STEP][PASSED] - Statement - return (java.lang.Math.floor((java.lang.Math.random() * ((max - min) + 1))) + min): Text 'BA406.0' is set on object 'Object Repository/MOH AND GRN/Page_KDMC - CMS/input_txtbatchno'

2018-06-10 21:40:23 - [MESSAGE][PASSED] - Text 'BA406.0' is set on object 'Object Repository/MOH AND GRN/Page_KDMC - CMS/input_txtbatchno'

2018-06-10 21:40:23 - [TEST_STEP][PASSED] - rightClick: Object: 'Object Repository/GRN/Page_KDMC - CMS/input_txtexpdate' is right clicked on

2018-06-10 21:40:23 - [MESSAGE][PASSED] - Object: 'Object Repository/GRN/Page_KDMC - CMS/input_txtexpdate' is right clicked on

2018-06-10 21:40:23 - [TEST_STEP][PASSED] - selectOptionByIndex: All options with index in [5] are selected on object 'Object Repository/GRN/Page_KDMC - CMS/select_20182019202020212022202'

2018-06-10 21:40:23 - [MESSAGE][PASSED] - All options with index in [5] are selected on object 'Object Repository/GRN/Page_KDMC - CMS/select_20182019202020212022202'

2018-06-10 21:40:23 - [TEST_STEP][PASSED] - selectOptionByIndex: All options with index in [5] are selected on object 'Object Repository/GRN/Page_KDMC - CMS/select_JanFebMarAprMayJunJulAu'

2018-06-10 21:40:23 - [MESSAGE][PASSED] - All options with index in [5] are selected on object 'Object Repository/GRN/Page_KDMC - CMS/select_JanFebMarAprMayJunJulAu'

2018-06-10 21:40:23 - [TEST_STEP][PASSED] - click: Object: 'Object Repository/MOH AND GRN/Page_KDMC - CMS/a_12' is clicked on

2018-06-10 21:40:23 - [MESSAGE][PASSED] - Object: 'Object Repository/MOH AND GRN/Page_KDMC - CMS/a_12' is clicked on

2018-06-10 21:40:23 - [TEST_STEP][PASSED] - click: Object: 'Object Repository/MOH AND GRN/Page_KDMC - CMS/input_btnadd' is clicked on

2018-06-10 21:40:23 - [MESSAGE][PASSED] - Object: 'Object Repository/MOH AND GRN/Page_KDMC - CMS/input_btnadd' is clicked on

2018-06-10 21:40:23 - [TEST_STEP][PASSED] - Statement - If (s == 10): null

2018-06-10 21:40:23 - [TEST_STEP][PASSED] - Statement - Else: null

2018-06-10 21:40:23 - [TEST_STEP][PASSED] - Statement - (s++): null

2018-06-10 21:40:23 - [TEST_STEP][PASSED] - delay: Delayed 1 second(s)

2018-06-10 21:40:24 - [MESSAGE][PASSED] - Delayed 1 second(s)

2018-06-10 21:40:24 - [TEST_STEP][PASSED] - selectOptionByIndex: All options with index in [16] are selected on object 'Object Repository/MOH AND GRN/Page_KDMC - CMS/select_--Select--Amikacin -500'

2018-06-10 21:40:24 - [MESSAGE][PASSED] - All options with index in [16] are selected on object 'Object Repository/MOH AND GRN/Page_KDMC - CMS/select_--Select--Amikacin -500'

2018-06-10 21:40:24 - [TEST_STEP][PASSED] - setText: Text '5000' is set on object 'Object Repository/MOH AND GRN/Page_KDMC - CMS/input_txtqty'

2018-06-10 21:40:25 - [MESSAGE][PASSED] - Text '5000' is set on object 'Object Repository/MOH AND GRN/Page_KDMC - CMS/input_txtqty'

2018-06-10 21:40:25 - [TEST_STEP][PASSED] - selectOptionByIndex: All options with index in [1] are selected on object 'Object Repository/MOH AND GRN/Page_KDMC - CMS/select_--Select--No Tax0'

2018-06-10 21:40:25 - [MESSAGE][PASSED] - All options with index in [1] are selected on object 'Object Repository/MOH AND GRN/Page_KDMC - CMS/select_--Select--No Tax0'

2018-06-10 21:40:25 - [TEST_STEP][PASSED] - setText: Finding Test Object with id 'Object Repository/MOH AND GRN/Page_KDMC - CMS/input_txtmrp'

2018-06-10 21:40:25 - [TEST_STEP][PASSED] - Statement - switch (id): Finding Test Object with id 'Object Repository/MOH AND GRN/Page_KDMC - CMS/input_txtdeal'

2018-06-10 21:40:25 - [TEST_STEP][PASSED] - Statement - case 4:: Text '42.0' is set on object 'Object Repository/MOH AND GRN/Page_KDMC - CMS/input_txtmrp'

2018-06-10 21:40:25 - [TEST_STEP][PASSED] - Statement - return (java.lang.Math.floor((java.lang.Math.random() * ((max - min) + 1))) + min): Text '42.0' is set on object 'Object Repository/MOH AND GRN/Page_KDMC - CMS/input_txtmrp'

2018-06-10 21:40:25 - [MESSAGE][PASSED] - Text '42.0' is set on object 'Object Repository/MOH AND GRN/Page_KDMC - CMS/input_txtmrp'

2018-06-10 21:40:25 - [TEST_STEP][PASSED] - setText: Finding Test Object with id 'Object Repository/MOH AND GRN/Page_KDMC - CMS/input_txtdeal'

2018-06-10 21:40:25 - [TEST_STEP][PASSED] - Statement - switch (id): Finding Test Object with id 'Object Repository/MOH AND GRN/Page_KDMC - CMS/input_txtbatchno'

2018-06-10 21:40:25 - [TEST_STEP][PASSED] - Statement - case 5:: Text '11.0' is set on object 'Object Repository/MOH AND GRN/Page_KDMC - CMS/input_txtdeal'

2018-06-10 21:40:25 - [TEST_STEP][PASSED] - Statement - return (java.lang.Math.floor((java.lang.Math.random() * ((max - min) + 1))) + min): Text '11.0' is set on object 'Object Repository/MOH AND GRN/Page_KDMC - CMS/input_txtdeal'

2018-06-10 21:40:25 - [MESSAGE][PASSED] - Text '11.0' is set on object 'Object Repository/MOH AND GRN/Page_KDMC - CMS/input_txtdeal'

2018-06-10 21:40:25 - [TEST_STEP][PASSED] - setText: Finding Test Object with id 'Object Repository/MOH AND GRN/Page_KDMC - CMS/input_txtbatchno'

2018-06-10 21:40:25 - [TEST_STEP][PASSED] - Statement - switch (id): Finding Test Object with id 'Object Repository/MOH AND GRN/Page_KDMC - CMS/input_txtmrp'

2018-06-10 21:40:25 - [TEST_STEP][PASSED] - Statement - case 1:: Text 'BA798.0' is set on object 'Object Repository/MOH AND GRN/Page_KDMC - CMS/input_txtbatchno'

2018-06-10 21:40:25 - [TEST_STEP][PASSED] - Statement - return (java.lang.Math.floor((java.lang.Math.random() * ((max - min) + 1))) + min): Text 'BA798.0' is set on object 'Object Repository/MOH AND GRN/Page_KDMC - CMS/input_txtbatchno'

2018-06-10 21:40:25 - [MESSAGE][PASSED] - Text 'BA798.0' is set on object 'Object Repository/MOH AND GRN/Page_KDMC - CMS/input_txtbatchno'

2018-06-10 21:40:25 - [TEST_STEP][PASSED] - rightClick: Object: 'Object Repository/GRN/Page_KDMC - CMS/input_txtexpdate' is right clicked on

2018-06-10 21:40:25 - [MESSAGE][PASSED] - Object: 'Object Repository/GRN/Page_KDMC - CMS/input_txtexpdate' is right clicked on

2018-06-10 21:40:25 - [TEST_STEP][PASSED] - selectOptionByIndex: All options with index in [6] are selected on object 'Object Repository/GRN/Page_KDMC - CMS/select_20182019202020212022202'

2018-06-10 21:40:25 - [MESSAGE][PASSED] - All options with index in [6] are selected on object 'Object Repository/GRN/Page_KDMC - CMS/select_20182019202020212022202'

2018-06-10 21:40:25 - [TEST_STEP][PASSED] - selectOptionByIndex: All options with index in [6] are selected on object 'Object Repository/GRN/Page_KDMC - CMS/select_JanFebMarAprMayJunJulAu'

2018-06-10 21:40:26 - [MESSAGE][PASSED] - All options with index in [6] are selected on object 'Object Repository/GRN/Page_KDMC - CMS/select_JanFebMarAprMayJunJulAu'

2018-06-10 21:40:26 - [TEST_STEP][PASSED] - click: Object: 'Object Repository/MOH AND GRN/Page_KDMC - CMS/a_12' is clicked on

2018-06-10 21:40:26 - [MESSAGE][PASSED] - Object: 'Object Repository/MOH AND GRN/Page_KDMC - CMS/a_12' is clicked on

2018-06-10 21:40:26 - [TEST_STEP][PASSED] - click: Object: 'Object Repository/MOH AND GRN/Page_KDMC - CMS/input_btnadd' is clicked on

2018-06-10 21:40:26 - [MESSAGE][PASSED] - Object: 'Object Repository/MOH AND GRN/Page_KDMC - CMS/input_btnadd' is clicked on

2018-06-10 21:40:26 - [TEST_STEP][PASSED] - Statement - If (s == 10): null

2018-06-10 21:40:26 - [TEST_STEP][PASSED] - Statement - Else: null

2018-06-10 21:40:26 - [TEST_STEP][PASSED] - Statement - (s++): null

2018-06-10 21:40:26 - [TEST_STEP][PASSED] - delay: Delayed 1 second(s)

2018-06-10 21:40:27 - [MESSAGE][PASSED] - Delayed 1 second(s)

2018-06-10 21:40:27 - [TEST_STEP][PASSED] - selectOptionByIndex: All options with index in [17] are selected on object 'Object Repository/MOH AND GRN/Page_KDMC - CMS/select_--Select--Amikacin -500'

2018-06-10 21:40:27 - [MESSAGE][PASSED] - All options with index in [17] are selected on object 'Object Repository/MOH AND GRN/Page_KDMC - CMS/select_--Select--Amikacin -500'

2018-06-10 21:40:27 - [TEST_STEP][PASSED] - setText: Text '5000' is set on object 'Object Repository/MOH AND GRN/Page_KDMC - CMS/input_txtqty'

2018-06-10 21:40:27 - [MESSAGE][PASSED] - Text '5000' is set on object 'Object Repository/MOH AND GRN/Page_KDMC - CMS/input_txtqty'

2018-06-10 21:40:27 - [TEST_STEP][PASSED] - selectOptionByIndex: All options with index in [1] are selected on object 'Object Repository/MOH AND GRN/Page_KDMC - CMS/select_--Select--No Tax0'

2018-06-10 21:40:27 - [MESSAGE][PASSED] - All options with index in [1] are selected on object 'Object Repository/MOH AND GRN/Page_KDMC - CMS/select_--Select--No Tax0'

2018-06-10 21:40:27 - [TEST_STEP][PASSED] - setText: Finding Test Object with id 'Object Repository/MOH AND GRN/Page_KDMC - CMS/input_txtmrp'

2018-06-10 21:40:27 - [TEST_STEP][PASSED] - Statement - switch (id): Finding Test Object with id 'Object Repository/MOH AND GRN/Page_KDMC - CMS/input_txtdeal'

2018-06-10 21:40:27 - [TEST_STEP][PASSED] - Statement - case 4:: Text '21.0' is set on object 'Object Repository/MOH AND GRN/Page_KDMC - CMS/input_txtmrp'

2018-06-10 21:40:27 - [TEST_STEP][PASSED] - Statement - return (java.lang.Math.floor((java.lang.Math.random() * ((max - min) + 1))) + min): Text '21.0' is set on object 'Object Repository/MOH AND GRN/Page_KDMC - CMS/input_txtmrp'

2018-06-10 21:40:27 - [MESSAGE][PASSED] - Text '21.0' is set on object 'Object Repository/MOH AND GRN/Page_KDMC - CMS/input_txtmrp'

2018-06-10 21:40:27 - [TEST_STEP][PASSED] - setText: Finding Test Object with id 'Object Repository/MOH AND GRN/Page_KDMC - CMS/input_txtdeal'

2018-06-10 21:40:27 - [TEST_STEP][PASSED] - Statement - switch (id): Finding Test Object with id 'Object Repository/MOH AND GRN/Page_KDMC - CMS/input_txtbatchno'

2018-06-10 21:40:27 - [TEST_STEP][PASSED] - Statement - case 5:: Text '10.0' is set on object 'Object Repository/MOH AND GRN/Page_KDMC - CMS/input_txtdeal'

2018-06-10 21:40:27 - [TEST_STEP][PASSED] - Statement - return (java.lang.Math.floor((java.lang.Math.random() * ((max - min) + 1))) + min): Text '10.0' is set on object 'Object Repository/MOH AND GRN/Page_KDMC - CMS/input_txtdeal'

2018-06-10 21:40:27 - [MESSAGE][PASSED] - Text '10.0' is set on object 'Object Repository/MOH AND GRN/Page_KDMC - CMS/input_txtdeal'

2018-06-10 21:40:27 - [TEST_STEP][PASSED] - setText: Finding Test Object with id 'Object Repository/MOH AND GRN/Page_KDMC - CMS/input_txtbatchno'

2018-06-10 21:40:27 - [TEST_STEP][PASSED] - Statement - switch (id): Finding Test Object with id 'Object Repository/MOH AND GRN/Page_KDMC - CMS/input_txtmrp'

2018-06-10 21:40:27 - [TEST_STEP][PASSED] - Statement - case 1:: Text 'BA327.0' is set on object 'Object Repository/MOH AND GRN/Page_KDMC - CMS/input_txtbatchno'

2018-06-10 21:40:27 - [TEST_STEP][PASSED] - Statement - return (java.lang.Math.floor((java.lang.Math.random() * ((max - min) + 1))) + min): Text 'BA327.0' is set on object 'Object Repository/MOH AND GRN/Page_KDMC - CMS/input_txtbatchno'

2018-06-10 21:40:28 - [MESSAGE][PASSED] - Text 'BA327.0' is set on object 'Object Repository/MOH AND GRN/Page_KDMC - CMS/input_txtbatchno'

2018-06-10 21:40:28 - [TEST_STEP][PASSED] - rightClick: Object: 'Object Repository/GRN/Page_KDMC - CMS/input_txtexpdate' is right clicked on

2018-06-10 21:40:28 - [MESSAGE][PASSED] - Object: 'Object Repository/GRN/Page_KDMC - CMS/input_txtexpdate' is right clicked on

2018-06-10 21:40:28 - [TEST_STEP][PASSED] - selectOptionByIndex: All options with index in [7] are selected on object 'Object Repository/GRN/Page_KDMC - CMS/select_20182019202020212022202'

2018-06-10 21:40:28 - [MESSAGE][PASSED] - All options with index in [7] are selected on object 'Object Repository/GRN/Page_KDMC - CMS/select_20182019202020212022202'

2018-06-10 21:40:28 - [TEST_STEP][PASSED] - selectOptionByIndex: All options with index in [7] are selected on object 'Object Repository/GRN/Page_KDMC - CMS/select_JanFebMarAprMayJunJulAu'

2018-06-10 21:40:28 - [MESSAGE][PASSED] - All options with index in [7] are selected on object 'Object Repository/GRN/Page_KDMC - CMS/select_JanFebMarAprMayJunJulAu'

2018-06-10 21:40:28 - [TEST_STEP][PASSED] - click: Object: 'Object Repository/MOH AND GRN/Page_KDMC - CMS/a_12' is clicked on

2018-06-10 21:40:28 - [MESSAGE][PASSED] - Object: 'Object Repository/MOH AND GRN/Page_KDMC - CMS/a_12' is clicked on

2018-06-10 21:40:28 - [TEST_STEP][PASSED] - click: Object: 'Object Repository/MOH AND GRN/Page_KDMC - CMS/input_btnadd' is clicked on

2018-06-10 21:40:28 - [MESSAGE][PASSED] - Object: 'Object Repository/MOH AND GRN/Page_KDMC - CMS/input_btnadd' is clicked on

2018-06-10 21:40:28 - [TEST_STEP][PASSED] - Statement - If (s == 10): null

2018-06-10 21:40:28 - [TEST_STEP][PASSED] - Statement - Else: null

2018-06-10 21:40:28 - [TEST_STEP][PASSED] - Statement - (s++): null

2018-06-10 21:40:28 - [TEST_STEP][PASSED] - delay: Delayed 1 second(s)

2018-06-10 21:40:29 - [MESSAGE][PASSED] - Delayed 1 second(s)

2018-06-10 21:40:29 - [TEST_STEP][PASSED] - selectOptionByIndex: All options with index in [18] are selected on object 'Object Repository/MOH AND GRN/Page_KDMC - CMS/select_--Select--Amikacin -500'

2018-06-10 21:40:30 - [MESSAGE][PASSED] - All options with index in [18] are selected on object 'Object Repository/MOH AND GRN/Page_KDMC - CMS/select_--Select--Amikacin -500'

2018-06-10 21:40:30 - [TEST_STEP][PASSED] - setText: Text '5000' is set on object 'Object Repository/MOH AND GRN/Page_KDMC - CMS/input_txtqty'

2018-06-10 21:40:30 - [MESSAGE][PASSED] - Text '5000' is set on object 'Object Repository/MOH AND GRN/Page_KDMC - CMS/input_txtqty'

2018-06-10 21:40:30 - [TEST_STEP][PASSED] - selectOptionByIndex: All options with index in [1] are selected on object 'Object Repository/MOH AND GRN/Page_KDMC - CMS/select_--Select--No Tax0'

2018-06-10 21:40:30 - [MESSAGE][PASSED] - All options with index in [1] are selected on object 'Object Repository/MOH AND GRN/Page_KDMC - CMS/select_--Select--No Tax0'

2018-06-10 21:40:30 - [TEST_STEP][PASSED] - setText: Finding Test Object with id 'Object Repository/MOH AND GRN/Page_KDMC - CMS/input_txtmrp'

2018-06-10 21:40:30 - [TEST_STEP][PASSED] - Statement - switch (id): Finding Test Object with id 'Object Repository/MOH AND GRN/Page_KDMC - CMS/input_txtdeal'

2018-06-10 21:40:30 - [TEST_STEP][PASSED] - Statement - case 4:: Text '28.0' is set on object 'Object Repository/MOH AND GRN/Page_KDMC - CMS/input_txtmrp'

2018-06-10 21:40:30 - [TEST_STEP][PASSED] - Statement - return (java.lang.Math.floor((java.lang.Math.random() * ((max - min) + 1))) + min): Text '28.0' is set on object 'Object Repository/MOH AND GRN/Page_KDMC - CMS/input_txtmrp'

2018-06-10 21:40:30 - [MESSAGE][PASSED] - Text '28.0' is set on object 'Object Repository/MOH AND GRN/Page_KDMC - CMS/input_txtmrp'

2018-06-10 21:40:30 - [TEST_STEP][PASSED] - setText: Finding Test Object with id 'Object Repository/MOH AND GRN/Page_KDMC - CMS/input_txtdeal'

2018-06-10 21:40:30 - [TEST_STEP][PASSED] - Statement - switch (id): Finding Test Object with id 'Object Repository/MOH AND GRN/Page_KDMC - CMS/input_txtbatchno'

2018-06-10 21:40:30 - [TEST_STEP][PASSED] - Statement - case 5:: Text '10.0' is set on object 'Object Repository/MOH AND GRN/Page_KDMC - CMS/input_txtdeal'

2018-06-10 21:40:30 - [TEST_STEP][PASSED] - Statement - return (java.lang.Math.floor((java.lang.Math.random() * ((max - min) + 1))) + min): Text '10.0' is set on object 'Object Repository/MOH AND GRN/Page_KDMC - CMS/input_txtdeal'

2018-06-10 21:40:30 - [MESSAGE][PASSED] - Text '10.0' is set on object 'Object Repository/MOH AND GRN/Page_KDMC - CMS/input_txtdeal'

2018-06-10 21:40:30 - [TEST_STEP][PASSED] - setText: Finding Test Object with id 'Object Repository/MOH AND GRN/Page_KDMC - CMS/input_txtbatchno'

2018-06-10 21:40:30 - [TEST_STEP][PASSED] - Statement - switch (id): Finding Test Object with id 'Object Repository/MOH AND GRN/Page_KDMC - CMS/input_txtmrp'

2018-06-10 21:40:30 - [TEST_STEP][PASSED] - Statement - case 1:: Text 'BA603.0' is set on object 'Object Repository/MOH AND GRN/Page_KDMC - CMS/input_txtbatchno'

2018-06-10 21:40:30 - [TEST_STEP][PASSED] - Statement - return (java.lang.Math.floor((java.lang.Math.random() * ((max - min) + 1))) + min): Text 'BA603.0' is set on object 'Object Repository/MOH AND GRN/Page_KDMC - CMS/input_txtbatchno'

2018-06-10 21:40:30 - [MESSAGE][PASSED] - Text 'BA603.0' is set on object 'Object Repository/MOH AND GRN/Page_KDMC - CMS/input_txtbatchno'

2018-06-10 21:40:30 - [TEST_STEP][PASSED] - rightClick: Object: 'Object Repository/GRN/Page_KDMC - CMS/input_txtexpdate' is right clicked on

2018-06-10 21:40:30 - [MESSAGE][PASSED] - Object: 'Object Repository/GRN/Page_KDMC - CMS/input_txtexpdate' is right clicked on

2018-06-10 21:40:30 - [TEST_STEP][PASSED] - selectOptionByIndex: All options with index in [8] are selected on object 'Object Repository/GRN/Page_KDMC - CMS/select_20182019202020212022202'

2018-06-10 21:40:30 - [MESSAGE][PASSED] - All options with index in [8] are selected on object 'Object Repository/GRN/Page_KDMC - CMS/select_20182019202020212022202'

2018-06-10 21:40:30 - [TEST_STEP][PASSED] - selectOptionByIndex: All options with index in [8] are selected on object 'Object Repository/GRN/Page_KDMC - CMS/select_JanFebMarAprMayJunJulAu'

2018-06-10 21:40:31 - [MESSAGE][PASSED] - All options with index in [8] are selected on object 'Object Repository/GRN/Page_KDMC - CMS/select_JanFebMarAprMayJunJulAu'

2018-06-10 21:40:31 - [TEST_STEP][PASSED] - click: Object: 'Object Repository/MOH AND GRN/Page_KDMC - CMS/a_12' is clicked on

2018-06-10 21:40:31 - [MESSAGE][PASSED] - Object: 'Object Repository/MOH AND GRN/Page_KDMC - CMS/a_12' is clicked on

2018-06-10 21:40:31 - [TEST_STEP][PASSED] - click: Object: 'Object Repository/MOH AND GRN/Page_KDMC - CMS/input_btnadd' is clicked on

2018-06-10 21:40:31 - [MESSAGE][PASSED] - Object: 'Object Repository/MOH AND GRN/Page_KDMC - CMS/input_btnadd' is clicked on

2018-06-10 21:40:31 - [TEST_STEP][PASSED] - Statement - If (s == 10): null

2018-06-10 21:40:31 - [TEST_STEP][PASSED] - Statement - Else: null

2018-06-10 21:40:31 - [TEST_STEP][PASSED] - Statement - (s++): null

2018-06-10 21:40:31 - [TEST_STEP][PASSED] - delay: Delayed 1 second(s)

2018-06-10 21:40:32 - [MESSAGE][PASSED] - Delayed 1 second(s)

2018-06-10 21:40:32 - [TEST_STEP][PASSED] - selectOptionByIndex: All options with index in [19] are selected on object 'Object Repository/MOH AND GRN/Page_KDMC - CMS/select_--Select--Amikacin -500'

2018-06-10 21:40:32 - [MESSAGE][PASSED] - All options with index in [19] are selected on object 'Object Repository/MOH AND GRN/Page_KDMC - CMS/select_--Select--Amikacin -500'

2018-06-10 21:40:32 - [TEST_STEP][PASSED] - setText: Text '5000' is set on object 'Object Repository/MOH AND GRN/Page_KDMC - CMS/input_txtqty'

2018-06-10 21:40:32 - [MESSAGE][PASSED] - Text '5000' is set on object 'Object Repository/MOH AND GRN/Page_KDMC - CMS/input_txtqty'

2018-06-10 21:40:32 - [TEST_STEP][PASSED] - selectOptionByIndex: All options with index in [1] are selected on object 'Object Repository/MOH AND GRN/Page_KDMC - CMS/select_--Select--No Tax0'

2018-06-10 21:40:32 - [MESSAGE][PASSED] - All options with index in [1] are selected on object 'Object Repository/MOH AND GRN/Page_KDMC - CMS/select_--Select--No Tax0'

2018-06-10 21:40:32 - [TEST_STEP][PASSED] - setText: Finding Test Object with id 'Object Repository/MOH AND GRN/Page_KDMC - CMS/input_txtmrp'

2018-06-10 21:40:32 - [TEST_STEP][PASSED] - Statement - switch (id): Finding Test Object with id 'Object Repository/MOH AND GRN/Page_KDMC - CMS/input_txtdeal'

2018-06-10 21:40:32 - [TEST_STEP][PASSED] - Statement - case 4:: Text '39.0' is set on object 'Object Repository/MOH AND GRN/Page_KDMC - CMS/input_txtmrp'

2018-06-10 21:40:32 - [TEST_STEP][PASSED] - Statement - return (java.lang.Math.floor((java.lang.Math.random() * ((max - min) + 1))) + min): Text '39.0' is set on object 'Object Repository/MOH AND GRN/Page_KDMC - CMS/input_txtmrp'

2018-06-10 21:40:32 - [MESSAGE][PASSED] - Text '39.0' is set on object 'Object Repository/MOH AND GRN/Page_KDMC - CMS/input_txtmrp'

2018-06-10 21:40:32 - [TEST_STEP][PASSED] - setText: Finding Test Object with id 'Object Repository/MOH AND GRN/Page_KDMC - CMS/input_txtdeal'

2018-06-10 21:40:32 - [TEST_STEP][PASSED] - Statement - switch (id): Finding Test Object with id 'Object Repository/MOH AND GRN/Page_KDMC - CMS/input_txtbatchno'

2018-06-10 21:40:32 - [TEST_STEP][PASSED] - Statement - case 5:: Text '10.0' is set on object 'Object Repository/MOH AND GRN/Page_KDMC - CMS/input_txtdeal'

2018-06-10 21:40:32 - [TEST_STEP][PASSED] - Statement - return (java.lang.Math.floor((java.lang.Math.random() * ((max - min) + 1))) + min): Text '10.0' is set on object 'Object Repository/MOH AND GRN/Page_KDMC - CMS/input_txtdeal'

2018-06-10 21:40:33 - [MESSAGE][PASSED] - Text '10.0' is set on object 'Object Repository/MOH AND GRN/Page_KDMC - CMS/input_txtdeal'

2018-06-10 21:40:33 - [TEST_STEP][PASSED] - setText: Finding Test Object with id 'Object Repository/MOH AND GRN/Page_KDMC - CMS/input_txtbatchno'

2018-06-10 21:40:33 - [TEST_STEP][PASSED] - Statement - switch (id): Finding Test Object with id 'Object Repository/MOH AND GRN/Page_KDMC - CMS/input_txtmrp'

2018-06-10 21:40:33 - [TEST_STEP][PASSED] - Statement - case 1:: Text 'BA44.0' is set on object 'Object Repository/MOH AND GRN/Page_KDMC - CMS/input_txtbatchno'

2018-06-10 21:40:33 - [TEST_STEP][PASSED] - Statement - return (java.lang.Math.floor((java.lang.Math.random() * ((max - min) + 1))) + min): Text 'BA44.0' is set on object 'Object Repository/MOH AND GRN/Page_KDMC - CMS/input_txtbatchno'

2018-06-10 21:40:33 - [MESSAGE][PASSED] - Text 'BA44.0' is set on object 'Object Repository/MOH AND GRN/Page_KDMC - CMS/input_txtbatchno'

2018-06-10 21:40:33 - [TEST_STEP][PASSED] - rightClick: Object: 'Object Repository/GRN/Page_KDMC - CMS/input_txtexpdate' is right clicked on

2018-06-10 21:40:33 - [MESSAGE][PASSED] - Object: 'Object Repository/GRN/Page_KDMC - CMS/input_txtexpdate' is right clicked on

2018-06-10 21:40:33 - [TEST_STEP][PASSED] - selectOptionByIndex: All options with index in [9] are selected on object 'Object Repository/GRN/Page_KDMC - CMS/select_20182019202020212022202'

2018-06-10 21:40:33 - [MESSAGE][PASSED] - All options with index in [9] are selected on object 'Object Repository/GRN/Page_KDMC - CMS/select_20182019202020212022202'

2018-06-10 21:40:33 - [TEST_STEP][PASSED] - selectOptionByIndex: All options with index in [9] are selected on object 'Object Repository/GRN/Page_KDMC - CMS/select_JanFebMarAprMayJunJulAu'

2018-06-10 21:40:33 - [MESSAGE][PASSED] - All options with index in [9] are selected on object 'Object Repository/GRN/Page_KDMC - CMS/select_JanFebMarAprMayJunJulAu'

2018-06-10 21:40:33 - [TEST_STEP][PASSED] - click: Object: 'Object Repository/MOH AND GRN/Page_KDMC - CMS/a_12' is clicked on

2018-06-10 21:40:33 - [MESSAGE][PASSED] - Object: 'Object Repository/MOH AND GRN/Page_KDMC - CMS/a_12' is clicked on

2018-06-10 21:40:33 - [TEST_STEP][PASSED] - click: Object: 'Object Repository/MOH AND GRN/Page_KDMC - CMS/input_btnadd' is clicked on

2018-06-10 21:40:33 - [MESSAGE][PASSED] - Object: 'Object Repository/MOH AND GRN/Page_KDMC - CMS/input_btnadd' is clicked on

2018-06-10 21:40:33 - [TEST_STEP][PASSED] - Statement - If (s == 10): null

2018-06-10 21:40:33 - [TEST_STEP][PASSED] - Statement - Else: null

2018-06-10 21:40:33 - [TEST_STEP][PASSED] - Statement - (s++): null

2018-06-10 21:40:33 - [TEST_STEP][PASSED] - delay: Delayed 1 second(s)

2018-06-10 21:40:34 - [MESSAGE][PASSED] - Delayed 1 second(s)

2018-06-10 21:40:34 - [TEST_STEP][PASSED] - selectOptionByIndex: All options with index in [20] are selected on object 'Object Repository/MOH AND GRN/Page_KDMC - CMS/select_--Select--Amikacin -500'

2018-06-10 21:40:35 - [MESSAGE][PASSED] - All options with index in [20] are selected on object 'Object Repository/MOH AND GRN/Page_KDMC - CMS/select_--Select--Amikacin -500'

2018-06-10 21:40:35 - [TEST_STEP][PASSED] - setText: Text '5000' is set on object 'Object Repository/MOH AND GRN/Page_KDMC - CMS/input_txtqty'

2018-06-10 21:40:35 - [MESSAGE][PASSED] - Text '5000' is set on object 'Object Repository/MOH AND GRN/Page_KDMC - CMS/input_txtqty'

2018-06-10 21:40:35 - [TEST_STEP][PASSED] - selectOptionByIndex: All options with index in [1] are selected on object 'Object Repository/MOH AND GRN/Page_KDMC - CMS/select_--Select--No Tax0'

2018-06-10 21:40:35 - [MESSAGE][PASSED] - All options with index in [1] are selected on object 'Object Repository/MOH AND GRN/Page_KDMC - CMS/select_--Select--No Tax0'

2018-06-10 21:40:35 - [TEST_STEP][PASSED] - setText: Finding Test Object with id 'Object Repository/MOH AND GRN/Page_KDMC - CMS/input_txtmrp'

2018-06-10 21:40:35 - [TEST_STEP][PASSED] - Statement - switch (id): Finding Test Object with id 'Object Repository/MOH AND GRN/Page_KDMC - CMS/input_txtdeal'

2018-06-10 21:40:35 - [TEST_STEP][PASSED] - Statement - case 4:: Text '43.0' is set on object 'Object Repository/MOH AND GRN/Page_KDMC - CMS/input_txtmrp'

2018-06-10 21:40:35 - [TEST_STEP][PASSED] - Statement - return (java.lang.Math.floor((java.lang.Math.random() * ((max - min) + 1))) + min): Text '43.0' is set on object 'Object Repository/MOH AND GRN/Page_KDMC - CMS/input_txtmrp'

2018-06-10 21:40:35 - [MESSAGE][PASSED] - Text '43.0' is set on object 'Object Repository/MOH AND GRN/Page_KDMC - CMS/input_txtmrp'

2018-06-10 21:40:35 - [TEST_STEP][PASSED] - setText: Finding Test Object with id 'Object Repository/MOH AND GRN/Page_KDMC - CMS/input_txtdeal'

2018-06-10 21:40:35 - [TEST_STEP][PASSED] - Statement - switch (id): Finding Test Object with id 'Object Repository/MOH AND GRN/Page_KDMC - CMS/input_txtbatchno'

2018-06-10 21:40:35 - [TEST_STEP][PASSED] - Statement - case 5:: Text '1.0' is set on object 'Object Repository/MOH AND GRN/Page_KDMC - CMS/input_txtdeal'

2018-06-10 21:40:35 - [TEST_STEP][PASSED] - Statement - return (java.lang.Math.floor((java.lang.Math.random() * ((max - min) + 1))) + min): Text '1.0' is set on object 'Object Repository/MOH AND GRN/Page_KDMC - CMS/input_txtdeal'

2018-06-10 21:40:35 - [MESSAGE][PASSED] - Text '1.0' is set on object 'Object Repository/MOH AND GRN/Page_KDMC - CMS/input_txtdeal'

2018-06-10 21:40:35 - [TEST_STEP][PASSED] - setText: Finding Test Object with id 'Object Repository/MOH AND GRN/Page_KDMC - CMS/input_txtbatchno'

2018-06-10 21:40:35 - [TEST_STEP][PASSED] - Statement - switch (id): Finding Test Object with id 'Object Repository/MOH AND GRN/Page_KDMC - CMS/input_txtmrp'

2018-06-10 21:40:35 - [TEST_STEP][PASSED] - Statement - case 1:: Text 'BA531.0' is set on object 'Object Repository/MOH AND GRN/Page_KDMC - CMS/input_txtbatchno'

2018-06-10 21:40:35 - [TEST_STEP][PASSED] - Statement - return (java.lang.Math.floor((java.lang.Math.random() * ((max - min) + 1))) + min): Text 'BA531.0' is set on object 'Object Repository/MOH AND GRN/Page_KDMC - CMS/input_txtbatchno'

2018-06-10 21:40:35 - [MESSAGE][PASSED] - Text 'BA531.0' is set on object 'Object Repository/MOH AND GRN/Page_KDMC - CMS/input_txtbatchno'

2018-06-10 21:40:35 - [TEST_STEP][PASSED] - rightClick: Object: 'Object Repository/GRN/Page_KDMC - CMS/input_txtexpdate' is right clicked on

2018-06-10 21:40:35 - [MESSAGE][PASSED] - Object: 'Object Repository/GRN/Page_KDMC - CMS/input_txtexpdate' is right clicked on

2018-06-10 21:40:35 - [TEST_STEP][PASSED] - selectOptionByIndex: All options with index in [10] are selected on object 'Object Repository/GRN/Page_KDMC - CMS/select_20182019202020212022202'

2018-06-10 21:40:36 - [MESSAGE][PASSED] - All options with index in [10] are selected on object 'Object Repository/GRN/Page_KDMC - CMS/select_20182019202020212022202'

2018-06-10 21:40:36 - [TEST_STEP][PASSED] - selectOptionByIndex: All options with index in [10] are selected on object 'Object Repository/GRN/Page_KDMC - CMS/select_JanFebMarAprMayJunJulAu'

2018-06-10 21:40:36 - [MESSAGE][PASSED] - All options with index in [10] are selected on object 'Object Repository/GRN/Page_KDMC - CMS/select_JanFebMarAprMayJunJulAu'

2018-06-10 21:40:36 - [TEST_STEP][PASSED] - click: Object: 'Object Repository/MOH AND GRN/Page_KDMC - CMS/a_12' is clicked on

2018-06-10 21:40:36 - [MESSAGE][PASSED] - Object: 'Object Repository/MOH AND GRN/Page_KDMC - CMS/a_12' is clicked on

2018-06-10 21:40:36 - [TEST_STEP][PASSED] - click: Object: 'Object Repository/MOH AND GRN/Page_KDMC - CMS/input_btnadd' is clicked on

2018-06-10 21:40:36 - [MESSAGE][PASSED] - Object: 'Object Repository/MOH AND GRN/Page_KDMC - CMS/input_btnadd' is clicked on

2018-06-10 21:40:36 - [TEST_STEP][PASSED] - Statement - If (s == 10): null

2018-06-10 21:40:36 - [TEST_STEP][PASSED] - Statement - s = 1: null

2018-06-10 21:40:36 - [TEST_STEP][PASSED] - delay: Delayed 1 second(s)

2018-06-10 21:40:37 - [MESSAGE][PASSED] - Delayed 1 second(s)

2018-06-10 21:40:37 - [TEST_STEP][PASSED] - selectOptionByIndex: All options with index in [21] are selected on object 'Object Repository/MOH AND GRN/Page_KDMC - CMS/select_--Select--Amikacin -500'

2018-06-10 21:40:37 - [MESSAGE][PASSED] - All options with index in [21] are selected on object 'Object Repository/MOH AND GRN/Page_KDMC - CMS/select_--Select--Amikacin -500'

2018-06-10 21:40:37 - [TEST_STEP][PASSED] - setText: Text '5000' is set on object 'Object Repository/MOH AND GRN/Page_KDMC - CMS/input_txtqty'

2018-06-10 21:40:37 - [MESSAGE][PASSED] - Text '5000' is set on object 'Object Repository/MOH AND GRN/Page_KDMC - CMS/input_txtqty'

2018-06-10 21:40:37 - [TEST_STEP][PASSED] - selectOptionByIndex: All options with index in [1] are selected on object 'Object Repository/MOH AND GRN/Page_KDMC - CMS/select_--Select--No Tax0'

2018-06-10 21:40:38 - [MESSAGE][PASSED] - All options with index in [1] are selected on object 'Object Repository/MOH AND GRN/Page_KDMC - CMS/select_--Select--No Tax0'

2018-06-10 21:40:38 - [TEST_STEP][PASSED] - setText: Finding Test Object with id 'Object Repository/MOH AND GRN/Page_KDMC - CMS/input_txtmrp'

2018-06-10 21:40:38 - [TEST_STEP][PASSED] - Statement - switch (id): Finding Test Object with id 'Object Repository/MOH AND GRN/Page_KDMC - CMS/input_txtdeal'

2018-06-10 21:40:38 - [TEST_STEP][PASSED] - Statement - case 4:: Text '38.0' is set on object 'Object Repository/MOH AND GRN/Page_KDMC - CMS/input_txtmrp'

2018-06-10 21:40:38 - [TEST_STEP][PASSED] - Statement - return (java.lang.Math.floor((java.lang.Math.random() * ((max - min) + 1))) + min): Text '38.0' is set on object 'Object Repository/MOH AND GRN/Page_KDMC - CMS/input_txtmrp'

2018-06-10 21:40:38 - [MESSAGE][PASSED] - Text '38.0' is set on object 'Object Repository/MOH AND GRN/Page_KDMC - CMS/input_txtmrp'

2018-06-10 21:40:38 - [TEST_STEP][PASSED] - setText: Finding Test Object with id 'Object Repository/MOH AND GRN/Page_KDMC - CMS/input_txtdeal'

2018-06-10 21:40:38 - [TEST_STEP][PASSED] - Statement - switch (id): Finding Test Object with id 'Object Repository/MOH AND GRN/Page_KDMC - CMS/input_txtbatchno'

2018-06-10 21:40:38 - [TEST_STEP][PASSED] - Statement - case 5:: Text '1.0' is set on object 'Object Repository/MOH AND GRN/Page_KDMC - CMS/input_txtdeal'

2018-06-10 21:40:38 - [TEST_STEP][PASSED] - Statement - return (java.lang.Math.floor((java.lang.Math.random() * ((max - min) + 1))) + min): Text '1.0' is set on object 'Object Repository/MOH AND GRN/Page_KDMC - CMS/input_txtdeal'

2018-06-10 21:40:38 - [MESSAGE][PASSED] - Text '1.0' is set on object 'Object Repository/MOH AND GRN/Page_KDMC - CMS/input_txtdeal'

2018-06-10 21:40:38 - [TEST_STEP][PASSED] - setText: Finding Test Object with id 'Object Repository/MOH AND GRN/Page_KDMC - CMS/input_txtbatchno'

2018-06-10 21:40:38 - [TEST_STEP][PASSED] - Statement - switch (id): Finding Test Object with id 'Object Repository/MOH AND GRN/Page_KDMC - CMS/input_txtmrp'

2018-06-10 21:40:38 - [TEST_STEP][PASSED] - Statement - case 1:: Text 'BA923.0' is set on object 'Object Repository/MOH AND GRN/Page_KDMC - CMS/input_txtbatchno'

2018-06-10 21:40:38 - [TEST_STEP][PASSED] - Statement - return (java.lang.Math.floor((java.lang.Math.random() * ((max - min) + 1))) + min): Text 'BA923.0' is set on object 'Object Repository/MOH AND GRN/Page_KDMC - CMS/input_txtbatchno'

2018-06-10 21:40:38 - [MESSAGE][PASSED] - Text 'BA923.0' is set on object 'Object Repository/MOH AND GRN/Page_KDMC - CMS/input_txtbatchno'

2018-06-10 21:40:38 - [TEST_STEP][PASSED] - rightClick: Object: 'Object Repository/GRN/Page_KDMC - CMS/input_txtexpdate' is right clicked on

2018-06-10 21:40:38 - [MESSAGE][PASSED] - Object: 'Object Repository/GRN/Page_KDMC - CMS/input_txtexpdate' is right clicked on

2018-06-10 21:40:38 - [TEST_STEP][PASSED] - selectOptionByIndex: All options with index in [1] are selected on object 'Object Repository/GRN/Page_KDMC - CMS/select_20182019202020212022202'

2018-06-10 21:40:38 - [MESSAGE][PASSED] - All options with index in [1] are selected on object 'Object Repository/GRN/Page_KDMC - CMS/select_20182019202020212022202'

2018-06-10 21:40:38 - [TEST_STEP][PASSED] - selectOptionByIndex: All options with index in [1] are selected on object 'Object Repository/GRN/Page_KDMC - CMS/select_JanFebMarAprMayJunJulAu'

2018-06-10 21:40:38 - [MESSAGE][PASSED] - All options with index in [1] are selected on object 'Object Repository/GRN/Page_KDMC - CMS/select_JanFebMarAprMayJunJulAu'

2018-06-10 21:40:38 - [TEST_STEP][PASSED] - click: Object: 'Object Repository/MOH AND GRN/Page_KDMC - CMS/a_12' is clicked on

2018-06-10 21:40:38 - [MESSAGE][PASSED] - Object: 'Object Repository/MOH AND GRN/Page_KDMC - CMS/a_12' is clicked on

2018-06-10 21:40:38 - [TEST_STEP][PASSED] - click: Object: 'Object Repository/MOH AND GRN/Page_KDMC - CMS/input_btnadd' is clicked on

2018-06-10 21:40:38 - [MESSAGE][PASSED] - Object: 'Object Repository/MOH AND GRN/Page_KDMC - CMS/input_btnadd' is clicked on

2018-06-10 21:40:38 - [TEST_STEP][PASSED] - Statement - If (s == 10): null

2018-06-10 21:40:38 - [TEST_STEP][PASSED] - Statement - Else: null

2018-06-10 21:40:38 - [TEST_STEP][PASSED] - Statement - (s++): null

2018-06-10 21:40:38 - [TEST_STEP][PASSED] - delay: Delayed 1 second(s)

2018-06-10 21:40:39 - [MESSAGE][PASSED] - Delayed 1 second(s)

2018-06-10 21:40:39 - [TEST_STEP][PASSED] - selectOptionByIndex: All options with index in [22] are selected on object 'Object Repository/MOH AND GRN/Page_KDMC - CMS/select_--Select--Amikacin -500'

2018-06-10 21:40:40 - [MESSAGE][PASSED] - All options with index in [22] are selected on object 'Object Repository/MOH AND GRN/Page_KDMC - CMS/select_--Select--Amikacin -500'

2018-06-10 21:40:40 - [TEST_STEP][PASSED] - setText: Text '5000' is set on object 'Object Repository/MOH AND GRN/Page_KDMC - CMS/input_txtqty'

2018-06-10 21:40:40 - [MESSAGE][PASSED] - Text '5000' is set on object 'Object Repository/MOH AND GRN/Page_KDMC - CMS/input_txtqty'

2018-06-10 21:40:40 - [TEST_STEP][PASSED] - selectOptionByIndex: All options with index in [1] are selected on object 'Object Repository/MOH AND GRN/Page_KDMC - CMS/select_--Select--No Tax0'

2018-06-10 21:40:40 - [MESSAGE][PASSED] - All options with index in [1] are selected on object 'Object Repository/MOH AND GRN/Page_KDMC - CMS/select_--Select--No Tax0'

2018-06-10 21:40:40 - [TEST_STEP][PASSED] - setText: Finding Test Object with id 'Object Repository/MOH AND GRN/Page_KDMC - CMS/input_txtmrp'

2018-06-10 21:40:40 - [TEST_STEP][PASSED] - Statement - switch (id): Finding Test Object with id 'Object Repository/MOH AND GRN/Page_KDMC - CMS/input_txtdeal'

2018-06-10 21:40:40 - [TEST_STEP][PASSED] - Statement - case 4:: Text '27.0' is set on object 'Object Repository/MOH AND GRN/Page_KDMC - CMS/input_txtmrp'

2018-06-10 21:40:40 - [TEST_STEP][PASSED] - Statement - return (java.lang.Math.floor((java.lang.Math.random() * ((max - min) + 1))) + min): Text '27.0' is set on object 'Object Repository/MOH AND GRN/Page_KDMC - CMS/input_txtmrp'

2018-06-10 21:40:40 - [MESSAGE][PASSED] - Text '27.0' is set on object 'Object Repository/MOH AND GRN/Page_KDMC - CMS/input_txtmrp'

2018-06-10 21:40:40 - [TEST_STEP][PASSED] - setText: Finding Test Object with id 'Object Repository/MOH AND GRN/Page_KDMC - CMS/input_txtdeal'

2018-06-10 21:40:40 - [TEST_STEP][PASSED] - Statement - switch (id): Finding Test Object with id 'Object Repository/MOH AND GRN/Page_KDMC - CMS/input_txtbatchno'

2018-06-10 21:40:40 - [TEST_STEP][PASSED] - Statement - case 5:: Text '9.0' is set on object 'Object Repository/MOH AND GRN/Page_KDMC - CMS/input_txtdeal'

2018-06-10 21:40:40 - [TEST_STEP][PASSED] - Statement - return (java.lang.Math.floor((java.lang.Math.random() * ((max - min) + 1))) + min): Text '9.0' is set on object 'Object Repository/MOH AND GRN/Page_KDMC - CMS/input_txtdeal'

2018-06-10 21:40:40 - [MESSAGE][PASSED] - Text '9.0' is set on object 'Object Repository/MOH AND GRN/Page_KDMC - CMS/input_txtdeal'

2018-06-10 21:40:40 - [TEST_STEP][PASSED] - setText: Finding Test Object with id 'Object Repository/MOH AND GRN/Page_KDMC - CMS/input_txtbatchno'

2018-06-10 21:40:40 - [TEST_STEP][PASSED] - Statement - switch (id): Finding Test Object with id 'Object Repository/MOH AND GRN/Page_KDMC - CMS/input_txtmrp'

2018-06-10 21:40:40 - [TEST_STEP][PASSED] - Statement - case 1:: Text 'BA260.0' is set on object 'Object Repository/MOH AND GRN/Page_KDMC - CMS/input_txtbatchno'

2018-06-10 21:40:40 - [TEST_STEP][PASSED] - Statement - return (java.lang.Math.floor((java.lang.Math.random() * ((max - min) + 1))) + min): Text 'BA260.0' is set on object 'Object Repository/MOH AND GRN/Page_KDMC - CMS/input_txtbatchno'

2018-06-10 21:40:40 - [MESSAGE][PASSED] - Text 'BA260.0' is set on object 'Object Repository/MOH AND GRN/Page_KDMC - CMS/input_txtbatchno'

2018-06-10 21:40:40 - [TEST_STEP][PASSED] - rightClick: Object: 'Object Repository/GRN/Page_KDMC - CMS/input_txtexpdate' is right clicked on

2018-06-10 21:40:40 - [MESSAGE][PASSED] - Object: 'Object Repository/GRN/Page_KDMC - CMS/input_txtexpdate' is right clicked on

2018-06-10 21:40:40 - [TEST_STEP][PASSED] - selectOptionByIndex: All options with index in [2] are selected on object 'Object Repository/GRN/Page_KDMC - CMS/select_20182019202020212022202'

2018-06-10 21:40:41 - [MESSAGE][PASSED] - All options with index in [2] are selected on object 'Object Repository/GRN/Page_KDMC - CMS/select_20182019202020212022202'

2018-06-10 21:40:41 - [TEST_STEP][PASSED] - selectOptionByIndex: All options with index in [2] are selected on object 'Object Repository/GRN/Page_KDMC - CMS/select_JanFebMarAprMayJunJulAu'

2018-06-10 21:40:41 - [MESSAGE][PASSED] - All options with index in [2] are selected on object 'Object Repository/GRN/Page_KDMC - CMS/select_JanFebMarAprMayJunJulAu'

2018-06-10 21:40:41 - [TEST_STEP][PASSED] - click: Object: 'Object Repository/MOH AND GRN/Page_KDMC - CMS/a_12' is clicked on

2018-06-10 21:40:41 - [MESSAGE][PASSED] - Object: 'Object Repository/MOH AND GRN/Page_KDMC - CMS/a_12' is clicked on

2018-06-10 21:40:41 - [TEST_STEP][PASSED] - click: Object: 'Object Repository/MOH AND GRN/Page_KDMC - CMS/input_btnadd' is clicked on

2018-06-10 21:40:41 - [MESSAGE][PASSED] - Object: 'Object Repository/MOH AND GRN/Page_KDMC - CMS/input_btnadd' is clicked on

2018-06-10 21:40:41 - [TEST_STEP][PASSED] - Statement - If (s == 10): null

2018-06-10 21:40:41 - [TEST_STEP][PASSED] - Statement - Else: null

2018-06-10 21:40:41 - [TEST_STEP][PASSED] - Statement - (s++): null

2018-06-10 21:40:41 - [TEST_STEP][PASSED] - delay: Delayed 1 second(s)

2018-06-10 21:40:42 - [MESSAGE][PASSED] - Delayed 1 second(s)

2018-06-10 21:40:42 - [TEST_STEP][PASSED] - selectOptionByIndex: All options with index in [23] are selected on object 'Object Repository/MOH AND GRN/Page_KDMC - CMS/select_--Select--Amikacin -500'

2018-06-10 21:40:42 - [MESSAGE][PASSED] - All options with index in [23] are selected on object 'Object Repository/MOH AND GRN/Page_KDMC - CMS/select_--Select--Amikacin -500'

2018-06-10 21:40:42 - [TEST_STEP][PASSED] - setText: Text '5000' is set on object 'Object Repository/MOH AND GRN/Page_KDMC - CMS/input_txtqty'

2018-06-10 21:40:42 - [MESSAGE][PASSED] - Text '5000' is set on object 'Object Repository/MOH AND GRN/Page_KDMC - CMS/input_txtqty'

2018-06-10 21:40:42 - [TEST_STEP][PASSED] - selectOptionByIndex: All options with index in [1] are selected on object 'Object Repository/MOH AND GRN/Page_KDMC - CMS/select_--Select--No Tax0'

2018-06-10 21:40:43 - [MESSAGE][PASSED] - All options with index in [1] are selected on object 'Object Repository/MOH AND GRN/Page_KDMC - CMS/select_--Select--No Tax0'

2018-06-10 21:40:43 - [TEST_STEP][PASSED] - setText: Finding Test Object with id 'Object Repository/MOH AND GRN/Page_KDMC - CMS/input_txtmrp'

2018-06-10 21:40:43 - [TEST_STEP][PASSED] - Statement - switch (id): Finding Test Object with id 'Object Repository/MOH AND GRN/Page_KDMC - CMS/input_txtdeal'

2018-06-10 21:40:43 - [TEST_STEP][PASSED] - Statement - case 4:: Text '44.0' is set on object 'Object Repository/MOH AND GRN/Page_KDMC - CMS/input_txtmrp'

2018-06-10 21:40:43 - [TEST_STEP][PASSED] - Statement - return (java.lang.Math.floor((java.lang.Math.random() * ((max - min) + 1))) + min): Text '44.0' is set on object 'Object Repository/MOH AND GRN/Page_KDMC - CMS/input_txtmrp'

2018-06-10 21:40:43 - [MESSAGE][PASSED] - Text '44.0' is set on object 'Object Repository/MOH AND GRN/Page_KDMC - CMS/input_txtmrp'

2018-06-10 21:40:43 - [TEST_STEP][PASSED] - setText: Finding Test Object with id 'Object Repository/MOH AND GRN/Page_KDMC - CMS/input_txtdeal'

2018-06-10 21:40:43 - [TEST_STEP][PASSED] - Statement - switch (id): Finding Test Object with id 'Object Repository/MOH AND GRN/Page_KDMC - CMS/input_txtbatchno'

2018-06-10 21:40:43 - [TEST_STEP][PASSED] - Statement - case 5:: Text '3.0' is set on object 'Object Repository/MOH AND GRN/Page_KDMC - CMS/input_txtdeal'

2018-06-10 21:40:43 - [TEST_STEP][PASSED] - Statement - return (java.lang.Math.floor((java.lang.Math.random() * ((max - min) + 1))) + min): Text '3.0' is set on object 'Object Repository/MOH AND GRN/Page_KDMC - CMS/input_txtdeal'

2018-06-10 21:40:43 - [MESSAGE][PASSED] - Text '3.0' is set on object 'Object Repository/MOH AND GRN/Page_KDMC - CMS/input_txtdeal'

2018-06-10 21:40:43 - [TEST_STEP][PASSED] - setText: Finding Test Object with id 'Object Repository/MOH AND GRN/Page_KDMC - CMS/input_txtbatchno'

2018-06-10 21:40:43 - [TEST_STEP][PASSED] - Statement - switch (id): Finding Test Object with id 'Object Repository/MOH AND GRN/Page_KDMC - CMS/input_txtmrp'

2018-06-10 21:40:43 - [TEST_STEP][PASSED] - Statement - case 1:: Text 'BA70.0' is set on object 'Object Repository/MOH AND GRN/Page_KDMC - CMS/input_txtbatchno'

2018-06-10 21:40:43 - [TEST_STEP][PASSED] - Statement - return (java.lang.Math.floor((java.lang.Math.random() * ((max - min) + 1))) + min): Text 'BA70.0' is set on object 'Object Repository/MOH AND GRN/Page_KDMC - CMS/input_txtbatchno'

2018-06-10 21:40:43 - [MESSAGE][PASSED] - Text 'BA70.0' is set on object 'Object Repository/MOH AND GRN/Page_KDMC - CMS/input_txtbatchno'

2018-06-10 21:40:43 - [TEST_STEP][PASSED] - rightClick: Object: 'Object Repository/GRN/Page_KDMC - CMS/input_txtexpdate' is right clicked on

2018-06-10 21:40:43 - [MESSAGE][PASSED] - Object: 'Object Repository/GRN/Page_KDMC - CMS/input_txtexpdate' is right clicked on

2018-06-10 21:40:43 - [TEST_STEP][PASSED] - selectOptionByIndex: All options with index in [3] are selected on object 'Object Repository/GRN/Page_KDMC - CMS/select_20182019202020212022202'

2018-06-10 21:40:43 - [MESSAGE][PASSED] - All options with index in [3] are selected on object 'Object Repository/GRN/Page_KDMC - CMS/select_20182019202020212022202'

2018-06-10 21:40:43 - [TEST_STEP][PASSED] - selectOptionByIndex: All options with index in [3] are selected on object 'Object Repository/GRN/Page_KDMC - CMS/select_JanFebMarAprMayJunJulAu'

2018-06-10 21:40:43 - [MESSAGE][PASSED] - All options with index in [3] are selected on object 'Object Repository/GRN/Page_KDMC - CMS/select_JanFebMarAprMayJunJulAu'

2018-06-10 21:40:43 - [TEST_STEP][PASSED] - click: Object: 'Object Repository/MOH AND GRN/Page_KDMC - CMS/a_12' is clicked on

2018-06-10 21:40:43 - [MESSAGE][PASSED] - Object: 'Object Repository/MOH AND GRN/Page_KDMC - CMS/a_12' is clicked on

2018-06-10 21:40:43 - [TEST_STEP][PASSED] - click: Object: 'Object Repository/MOH AND GRN/Page_KDMC - CMS/input_btnadd' is clicked on

2018-06-10 21:40:43 - [MESSAGE][PASSED] - Object: 'Object Repository/MOH AND GRN/Page_KDMC - CMS/input_btnadd' is clicked on

2018-06-10 21:40:44 - [TEST_STEP][PASSED] - Statement - If (s == 10): null

2018-06-10 21:40:44 - [TEST_STEP][PASSED] - Statement - Else: null

2018-06-10 21:40:44 - [TEST_STEP][PASSED] - Statement - (s++): null

2018-06-10 21:40:44 - [TEST_STEP][PASSED] - delay: Delayed 1 second(s)

2018-06-10 21:40:45 - [MESSAGE][PASSED] - Delayed 1 second(s)

2018-06-10 21:40:45 - [TEST_STEP][PASSED] - selectOptionByIndex: All options with index in [24] are selected on object 'Object Repository/MOH AND GRN/Page_KDMC - CMS/select_--Select--Amikacin -500'

2018-06-10 21:40:45 - [MESSAGE][PASSED] - All options with index in [24] are selected on object 'Object Repository/MOH AND GRN/Page_KDMC - CMS/select_--Select--Amikacin -500'

2018-06-10 21:40:45 - [TEST_STEP][PASSED] - setText: Text '5000' is set on object 'Object Repository/MOH AND GRN/Page_KDMC - CMS/input_txtqty'

2018-06-10 21:40:45 - [MESSAGE][PASSED] - Text '5000' is set on object 'Object Repository/MOH AND GRN/Page_KDMC - CMS/input_txtqty'

2018-06-10 21:40:45 - [TEST_STEP][PASSED] - selectOptionByIndex: All options with index in [1] are selected on object 'Object Repository/MOH AND GRN/Page_KDMC - CMS/select_--Select--No Tax0'

2018-06-10 21:40:45 - [MESSAGE][PASSED] - All options with index in [1] are selected on object 'Object Repository/MOH AND GRN/Page_KDMC - CMS/select_--Select--No Tax0'

2018-06-10 21:40:45 - [TEST_STEP][PASSED] - setText: Finding Test Object with id 'Object Repository/MOH AND GRN/Page_KDMC - CMS/input_txtmrp'

2018-06-10 21:40:45 - [TEST_STEP][PASSED] - Statement - switch (id): Finding Test Object with id 'Object Repository/MOH AND GRN/Page_KDMC - CMS/input_txtdeal'

2018-06-10 21:40:45 - [TEST_STEP][PASSED] - Statement - case 4:: Text '30.0' is set on object 'Object Repository/MOH AND GRN/Page_KDMC - CMS/input_txtmrp'

2018-06-10 21:40:45 - [TEST_STEP][PASSED] - Statement - return (java.lang.Math.floor((java.lang.Math.random() * ((max - min) + 1))) + min): Text '30.0' is set on object 'Object Repository/MOH AND GRN/Page_KDMC - CMS/input_txtmrp'

2018-06-10 21:40:45 - [MESSAGE][PASSED] - Text '30.0' is set on object 'Object Repository/MOH AND GRN/Page_KDMC - CMS/input_txtmrp'

2018-06-10 21:40:45 - [TEST_STEP][PASSED] - setText: Finding Test Object with id 'Object Repository/MOH AND GRN/Page_KDMC - CMS/input_txtdeal'

2018-06-10 21:40:45 - [TEST_STEP][PASSED] - Statement - switch (id): Finding Test Object with id 'Object Repository/MOH AND GRN/Page_KDMC - CMS/input_txtbatchno'

2018-06-10 21:40:45 - [TEST_STEP][PASSED] - Statement - case 5:: Text '2.0' is set on object 'Object Repository/MOH AND GRN/Page_KDMC - CMS/input_txtdeal'

2018-06-10 21:40:45 - [TEST_STEP][PASSED] - Statement - return (java.lang.Math.floor((java.lang.Math.random() * ((max - min) + 1))) + min): Text '2.0' is set on object 'Object Repository/MOH AND GRN/Page_KDMC - CMS/input_txtdeal'

2018-06-10 21:40:45 - [MESSAGE][PASSED] - Text '2.0' is set on object 'Object Repository/MOH AND GRN/Page_KDMC - CMS/input_txtdeal'

2018-06-10 21:40:45 - [TEST_STEP][PASSED] - setText: Finding Test Object with id 'Object Repository/MOH AND GRN/Page_KDMC - CMS/input_txtbatchno'

2018-06-10 21:40:45 - [TEST_STEP][PASSED] - Statement - switch (id): Finding Test Object with id 'Object Repository/MOH AND GRN/Page_KDMC - CMS/input_txtmrp'

2018-06-10 21:40:45 - [TEST_STEP][PASSED] - Statement - case 1:: Text 'BA779.0' is set on object 'Object Repository/MOH AND GRN/Page_KDMC - CMS/input_txtbatchno'

2018-06-10 21:40:45 - [TEST_STEP][PASSED] - Statement - return (java.lang.Math.floor((java.lang.Math.random() * ((max - min) + 1))) + min): Text 'BA779.0' is set on object 'Object Repository/MOH AND GRN/Page_KDMC - CMS/input_txtbatchno'

2018-06-10 21:40:45 - [MESSAGE][PASSED] - Text 'BA779.0' is set on object 'Object Repository/MOH AND GRN/Page_KDMC - CMS/input_txtbatchno'

2018-06-10 21:40:45 - [TEST_STEP][PASSED] - rightClick: Object: 'Object Repository/GRN/Page_KDMC - CMS/input_txtexpdate' is right clicked on

2018-06-10 21:40:45 - [MESSAGE][PASSED] - Object: 'Object Repository/GRN/Page_KDMC - CMS/input_txtexpdate' is right clicked on

2018-06-10 21:40:45 - [TEST_STEP][PASSED] - selectOptionByIndex: All options with index in [4] are selected on object 'Object Repository/GRN/Page_KDMC - CMS/select_20182019202020212022202'

2018-06-10 21:40:46 - [MESSAGE][PASSED] - All options with index in [4] are selected on object 'Object Repository/GRN/Page_KDMC - CMS/select_20182019202020212022202'

2018-06-10 21:40:46 - [TEST_STEP][PASSED] - selectOptionByIndex: All options with index in [4] are selected on object 'Object Repository/GRN/Page_KDMC - CMS/select_JanFebMarAprMayJunJulAu'

2018-06-10 21:40:46 - [MESSAGE][PASSED] - All options with index in [4] are selected on object 'Object Repository/GRN/Page_KDMC - CMS/select_JanFebMarAprMayJunJulAu'

2018-06-10 21:40:46 - [TEST_STEP][PASSED] - click: Object: 'Object Repository/MOH AND GRN/Page_KDMC - CMS/a_12' is clicked on

2018-06-10 21:40:46 - [MESSAGE][PASSED] - Object: 'Object Repository/MOH AND GRN/Page_KDMC - CMS/a_12' is clicked on

2018-06-10 21:40:46 - [TEST_STEP][PASSED] - click: Object: 'Object Repository/MOH AND GRN/Page_KDMC - CMS/input_btnadd' is clicked on

2018-06-10 21:40:46 - [MESSAGE][PASSED] - Object: 'Object Repository/MOH AND GRN/Page_KDMC - CMS/input_btnadd' is clicked on

2018-06-10 21:40:46 - [TEST_STEP][PASSED] - Statement - If (s == 10): null

2018-06-10 21:40:46 - [TEST_STEP][PASSED] - Statement - Else: null

2018-06-10 21:40:46 - [TEST_STEP][PASSED] - Statement - (s++): null

2018-06-10 21:40:46 - [TEST_STEP][PASSED] - delay: Delayed 1 second(s)

2018-06-10 21:40:47 - [MESSAGE][PASSED] - Delayed 1 second(s)

2018-06-10 21:40:47 - [TEST_STEP][PASSED] - selectOptionByIndex: All options with index in [25] are selected on object 'Object Repository/MOH AND GRN/Page_KDMC - CMS/select_--Select--Amikacin -500'

2018-06-10 21:40:47 - [MESSAGE][PASSED] - All options with index in [25] are selected on object 'Object Repository/MOH AND GRN/Page_KDMC - CMS/select_--Select--Amikacin -500'

2018-06-10 21:40:47 - [TEST_STEP][PASSED] - setText: Text '5000' is set on object 'Object Repository/MOH AND GRN/Page_KDMC - CMS/input_txtqty'

2018-06-10 21:40:48 - [MESSAGE][PASSED] - Text '5000' is set on object 'Object Repository/MOH AND GRN/Page_KDMC - CMS/input_txtqty'

2018-06-10 21:40:48 - [TEST_STEP][PASSED] - selectOptionByIndex: All options with index in [1] are selected on object 'Object Repository/MOH AND GRN/Page_KDMC - CMS/select_--Select--No Tax0'

2018-06-10 21:40:48 - [MESSAGE][PASSED] - All options with index in [1] are selected on object 'Object Repository/MOH AND GRN/Page_KDMC - CMS/select_--Select--No Tax0'

2018-06-10 21:40:48 - [TEST_STEP][PASSED] - setText: Finding Test Object with id 'Object Repository/MOH AND GRN/Page_KDMC - CMS/input_txtmrp'

2018-06-10 21:40:48 - [TEST_STEP][PASSED] - Statement - switch (id): Finding Test Object with id 'Object Repository/MOH AND GRN/Page_KDMC - CMS/input_txtdeal'

2018-06-10 21:40:48 - [TEST_STEP][PASSED] - Statement - case 4:: Text '44.0' is set on object 'Object Repository/MOH AND GRN/Page_KDMC - CMS/input_txtmrp'

2018-06-10 21:40:48 - [TEST_STEP][PASSED] - Statement - return (java.lang.Math.floor((java.lang.Math.random() * ((max - min) + 1))) + min): Text '44.0' is set on object 'Object Repository/MOH AND GRN/Page_KDMC - CMS/input_txtmrp'

2018-06-10 21:40:48 - [MESSAGE][PASSED] - Text '44.0' is set on object 'Object Repository/MOH AND GRN/Page_KDMC - CMS/input_txtmrp'

2018-06-10 21:40:48 - [TEST_STEP][PASSED] - setText: Finding Test Object with id 'Object Repository/MOH AND GRN/Page_KDMC - CMS/input_txtdeal'

2018-06-10 21:40:48 - [TEST_STEP][PASSED] - Statement - switch (id): Finding Test Object with id 'Object Repository/MOH AND GRN/Page_KDMC - CMS/input_txtbatchno'

2018-06-10 21:40:48 - [TEST_STEP][PASSED] - Statement - case 5:: Text '10.0' is set on object 'Object Repository/MOH AND GRN/Page_KDMC - CMS/input_txtdeal'

2018-06-10 21:40:48 - [TEST_STEP][PASSED] - Statement - return (java.lang.Math.floor((java.lang.Math.random() * ((max - min) + 1))) + min): Text '10.0' is set on object 'Object Repository/MOH AND GRN/Page_KDMC - CMS/input_txtdeal'

2018-06-10 21:40:48 - [MESSAGE][PASSED] - Text '10.0' is set on object 'Object Repository/MOH AND GRN/Page_KDMC - CMS/input_txtdeal'

2018-06-10 21:40:48 - [TEST_STEP][PASSED] - setText: Finding Test Object with id 'Object Repository/MOH AND GRN/Page_KDMC - CMS/input_txtbatchno'

2018-06-10 21:40:48 - [TEST_STEP][PASSED] - Statement - switch (id): Finding Test Object with id 'Object Repository/MOH AND GRN/Page_KDMC - CMS/input_txtmrp'

2018-06-10 21:40:48 - [TEST_STEP][PASSED] - Statement - case 1:: Text 'BA651.0' is set on object 'Object Repository/MOH AND GRN/Page_KDMC - CMS/input_txtbatchno'

2018-06-10 21:40:48 - [TEST_STEP][PASSED] - Statement - return (java.lang.Math.floor((java.lang.Math.random() * ((max - min) + 1))) + min): Text 'BA651.0' is set on object 'Object Repository/MOH AND GRN/Page_KDMC - CMS/input_txtbatchno'

2018-06-10 21:40:48 - [MESSAGE][PASSED] - Text 'BA651.0' is set on object 'Object Repository/MOH AND GRN/Page_KDMC - CMS/input_txtbatchno'

2018-06-10 21:40:48 - [TEST_STEP][PASSED] - rightClick: Object: 'Object Repository/GRN/Page_KDMC - CMS/input_txtexpdate' is right clicked on

2018-06-10 21:40:48 - [MESSAGE][PASSED] - Object: 'Object Repository/GRN/Page_KDMC - CMS/input_txtexpdate' is right clicked on

2018-06-10 21:40:48 - [TEST_STEP][PASSED] - selectOptionByIndex: All options with index in [5] are selected on object 'Object Repository/GRN/Page_KDMC - CMS/select_20182019202020212022202'

2018-06-10 21:40:48 - [MESSAGE][PASSED] - All options with index in [5] are selected on object 'Object Repository/GRN/Page_KDMC - CMS/select_20182019202020212022202'

2018-06-10 21:40:48 - [TEST_STEP][PASSED] - selectOptionByIndex: All options with index in [5] are selected on object 'Object Repository/GRN/Page_KDMC - CMS/select_JanFebMarAprMayJunJulAu'

2018-06-10 21:40:48 - [MESSAGE][PASSED] - All options with index in [5] are selected on object 'Object Repository/GRN/Page_KDMC - CMS/select_JanFebMarAprMayJunJulAu'

2018-06-10 21:40:48 - [TEST_STEP][PASSED] - click: Object: 'Object Repository/MOH AND GRN/Page_KDMC - CMS/a_12' is clicked on

2018-06-10 21:40:49 - [MESSAGE][PASSED] - Object: 'Object Repository/MOH AND GRN/Page_KDMC - CMS/a_12' is clicked on

2018-06-10 21:40:49 - [TEST_STEP][PASSED] - click: Object: 'Object Repository/MOH AND GRN/Page_KDMC - CMS/input_btnadd' is clicked on

2018-06-10 21:40:49 - [MESSAGE][PASSED] - Object: 'Object Repository/MOH AND GRN/Page_KDMC - CMS/input_btnadd' is clicked on

2018-06-10 21:40:49 - [TEST_STEP][PASSED] - Statement - If (s == 10): null

2018-06-10 21:40:49 - [TEST_STEP][PASSED] - Statement - Else: null

2018-06-10 21:40:49 - [TEST_STEP][PASSED] - Statement - (s++): null

2018-06-10 21:40:49 - [TEST_STEP][PASSED] - delay: Delayed 1 second(s)

2018-06-10 21:40:50 - [MESSAGE][PASSED] - Delayed 1 second(s)

2018-06-10 21:40:50 - [TEST_STEP][PASSED] - selectOptionByIndex: All options with index in [26] are selected on object 'Object Repository/MOH AND GRN/Page_KDMC - CMS/select_--Select--Amikacin -500'

2018-06-10 21:40:50 - [MESSAGE][PASSED] - All options with index in [26] are selected on object 'Object Repository/MOH AND GRN/Page_KDMC - CMS/select_--Select--Amikacin -500'

2018-06-10 21:40:50 - [TEST_STEP][PASSED] - setText: Text '5000' is set on object 'Object Repository/MOH AND GRN/Page_KDMC - CMS/input_txtqty'

2018-06-10 21:40:50 - [MESSAGE][PASSED] - Text '5000' is set on object 'Object Repository/MOH AND GRN/Page_KDMC - CMS/input_txtqty'

2018-06-10 21:40:50 - [TEST_STEP][PASSED] - selectOptionByIndex: All options with index in [1] are selected on object 'Object Repository/MOH AND GRN/Page_KDMC - CMS/select_--Select--No Tax0'

2018-06-10 21:40:50 - [MESSAGE][PASSED] - All options with index in [1] are selected on object 'Object Repository/MOH AND GRN/Page_KDMC - CMS/select_--Select--No Tax0'

2018-06-10 21:40:50 - [TEST_STEP][PASSED] - setText: Finding Test Object with id 'Object Repository/MOH AND GRN/Page_KDMC - CMS/input_txtmrp'

2018-06-10 21:40:50 - [TEST_STEP][PASSED] - Statement - switch (id): Finding Test Object with id 'Object Repository/MOH AND GRN/Page_KDMC - CMS/input_txtdeal'

2018-06-10 21:40:50 - [TEST_STEP][PASSED] - Statement - case 4:: Text '42.0' is set on object 'Object Repository/MOH AND GRN/Page_KDMC - CMS/input_txtmrp'

2018-06-10 21:40:50 - [TEST_STEP][PASSED] - Statement - return (java.lang.Math.floor((java.lang.Math.random() * ((max - min) + 1))) + min): Text '42.0' is set on object 'Object Repository/MOH AND GRN/Page_KDMC - CMS/input_txtmrp'

2018-06-10 21:40:50 - [MESSAGE][PASSED] - Text '42.0' is set on object 'Object Repository/MOH AND GRN/Page_KDMC - CMS/input_txtmrp'

2018-06-10 21:40:50 - [TEST_STEP][PASSED] - setText: Finding Test Object with id 'Object Repository/MOH AND GRN/Page_KDMC - CMS/input_txtdeal'

2018-06-10 21:40:50 - [TEST_STEP][PASSED] - Statement - switch (id): Finding Test Object with id 'Object Repository/MOH AND GRN/Page_KDMC - CMS/input_txtbatchno'

2018-06-10 21:40:50 - [TEST_STEP][PASSED] - Statement - case 5:: Text '3.0' is set on object 'Object Repository/MOH AND GRN/Page_KDMC - CMS/input_txtdeal'

2018-06-10 21:40:50 - [TEST_STEP][PASSED] - Statement - return (java.lang.Math.floor((java.lang.Math.random() * ((max - min) + 1))) + min): Text '3.0' is set on object 'Object Repository/MOH AND GRN/Page_KDMC - CMS/input_txtdeal'

2018-06-10 21:40:50 - [MESSAGE][PASSED] - Text '3.0' is set on object 'Object Repository/MOH AND GRN/Page_KDMC - CMS/input_txtdeal'

2018-06-10 21:40:50 - [TEST_STEP][PASSED] - setText: Finding Test Object with id 'Object Repository/MOH AND GRN/Page_KDMC - CMS/input_txtbatchno'

2018-06-10 21:40:50 - [TEST_STEP][PASSED] - Statement - switch (id): Finding Test Object with id 'Object Repository/MOH AND GRN/Page_KDMC - CMS/input_txtmrp'

2018-06-10 21:40:50 - [TEST_STEP][PASSED] - Statement - case 1:: Text 'BA167.0' is set on object 'Object Repository/MOH AND GRN/Page_KDMC - CMS/input_txtbatchno'

2018-06-10 21:40:50 - [TEST_STEP][PASSED] - Statement - return (java.lang.Math.floor((java.lang.Math.random() * ((max - min) + 1))) + min): Text 'BA167.0' is set on object 'Object Repository/MOH AND GRN/Page_KDMC - CMS/input_txtbatchno'

2018-06-10 21:40:51 - [MESSAGE][PASSED] - Text 'BA167.0' is set on object 'Object Repository/MOH AND GRN/Page_KDMC - CMS/input_txtbatchno'

2018-06-10 21:40:51 - [TEST_STEP][PASSED] - rightClick: Object: 'Object Repository/GRN/Page_KDMC - CMS/input_txtexpdate' is right clicked on

2018-06-10 21:40:51 - [MESSAGE][PASSED] - Object: 'Object Repository/GRN/Page_KDMC - CMS/input_txtexpdate' is right clicked on

2018-06-10 21:40:51 - [TEST_STEP][PASSED] - selectOptionByIndex: All options with index in [6] are selected on object 'Object Repository/GRN/Page_KDMC - CMS/select_20182019202020212022202'

2018-06-10 21:40:51 - [MESSAGE][PASSED] - All options with index in [6] are selected on object 'Object Repository/GRN/Page_KDMC - CMS/select_20182019202020212022202'

2018-06-10 21:40:51 - [TEST_STEP][PASSED] - selectOptionByIndex: All options with index in [6] are selected on object 'Object Repository/GRN/Page_KDMC - CMS/select_JanFebMarAprMayJunJulAu'

2018-06-10 21:40:51 - [MESSAGE][PASSED] - All options with index in [6] are selected on object 'Object Repository/GRN/Page_KDMC - CMS/select_JanFebMarAprMayJunJulAu'

2018-06-10 21:40:51 - [TEST_STEP][PASSED] - click: Object: 'Object Repository/MOH AND GRN/Page_KDMC - CMS/a_12' is clicked on

2018-06-10 21:40:51 - [MESSAGE][PASSED] - Object: 'Object Repository/MOH AND GRN/Page_KDMC - CMS/a_12' is clicked on

2018-06-10 21:40:51 - [TEST_STEP][PASSED] - click: Object: 'Object Repository/MOH AND GRN/Page_KDMC - CMS/input_btnadd' is clicked on

2018-06-10 21:40:51 - [MESSAGE][PASSED] - Object: 'Object Repository/MOH AND GRN/Page_KDMC - CMS/input_btnadd' is clicked on

2018-06-10 21:40:51 - [TEST_STEP][PASSED] - Statement - If (s == 10): null

2018-06-10 21:40:51 - [TEST_STEP][PASSED] - Statement - Else: null

2018-06-10 21:40:51 - [TEST_STEP][PASSED] - Statement - (s++): null

2018-06-10 21:40:51 - [TEST_STEP][PASSED] - delay: Delayed 1 second(s)

2018-06-10 21:40:52 - [MESSAGE][PASSED] - Delayed 1 second(s)

2018-06-10 21:40:52 - [TEST_STEP][PASSED] - selectOptionByIndex: All options with index in [27] are selected on object 'Object Repository/MOH AND GRN/Page_KDMC - CMS/select_--Select--Amikacin -500'

2018-06-10 21:40:53 - [MESSAGE][PASSED] - All options with index in [27] are selected on object 'Object Repository/MOH AND GRN/Page_KDMC - CMS/select_--Select--Amikacin -500'

2018-06-10 21:40:53 - [TEST_STEP][PASSED] - setText: Text '5000' is set on object 'Object Repository/MOH AND GRN/Page_KDMC - CMS/input_txtqty'

2018-06-10 21:40:53 - [MESSAGE][PASSED] - Text '5000' is set on object 'Object Repository/MOH AND GRN/Page_KDMC - CMS/input_txtqty'

2018-06-10 21:40:53 - [TEST_STEP][PASSED] - selectOptionByIndex: All options with index in [1] are selected on object 'Object Repository/MOH AND GRN/Page_KDMC - CMS/select_--Select--No Tax0'

2018-06-10 21:40:53 - [MESSAGE][PASSED] - All options with index in [1] are selected on object 'Object Repository/MOH AND GRN/Page_KDMC - CMS/select_--Select--No Tax0'

2018-06-10 21:40:53 - [TEST_STEP][PASSED] - setText: Finding Test Object with id 'Object Repository/MOH AND GRN/Page_KDMC - CMS/input_txtmrp'

2018-06-10 21:40:53 - [TEST_STEP][PASSED] - Statement - switch (id): Finding Test Object with id 'Object Repository/MOH AND GRN/Page_KDMC - CMS/input_txtdeal'

2018-06-10 21:40:53 - [TEST_STEP][PASSED] - Statement - case 4:: Text '19.0' is set on object 'Object Repository/MOH AND GRN/Page_KDMC - CMS/input_txtmrp'

2018-06-10 21:40:53 - [TEST_STEP][PASSED] - Statement - return (java.lang.Math.floor((java.lang.Math.random() * ((max - min) + 1))) + min): Text '19.0' is set on object 'Object Repository/MOH AND GRN/Page_KDMC - CMS/input_txtmrp'

2018-06-10 21:40:53 - [MESSAGE][PASSED] - Text '19.0' is set on object 'Object Repository/MOH AND GRN/Page_KDMC - CMS/input_txtmrp'

2018-06-10 21:40:53 - [TEST_STEP][PASSED] - setText: Finding Test Object with id 'Object Repository/MOH AND GRN/Page_KDMC - CMS/input_txtdeal'

2018-06-10 21:40:53 - [TEST_STEP][PASSED] - Statement - switch (id): Finding Test Object with id 'Object Repository/MOH AND GRN/Page_KDMC - CMS/input_txtbatchno'

2018-06-10 21:40:53 - [TEST_STEP][PASSED] - Statement - case 5:: Text '7.0' is set on object 'Object Repository/MOH AND GRN/Page_KDMC - CMS/input_txtdeal'

2018-06-10 21:40:53 - [TEST_STEP][PASSED] - Statement - return (java.lang.Math.floor((java.lang.Math.random() * ((max - min) + 1))) + min): Text '7.0' is set on object 'Object Repository/MOH AND GRN/Page_KDMC - CMS/input_txtdeal'

2018-06-10 21:40:53 - [MESSAGE][PASSED] - Text '7.0' is set on object 'Object Repository/MOH AND GRN/Page_KDMC - CMS/input_txtdeal'

2018-06-10 21:40:53 - [TEST_STEP][PASSED] - setText: Finding Test Object with id 'Object Repository/MOH AND GRN/Page_KDMC - CMS/input_txtbatchno'

2018-06-10 21:40:53 - [TEST_STEP][PASSED] - Statement - switch (id): Finding Test Object with id 'Object Repository/MOH AND GRN/Page_KDMC - CMS/input_txtmrp'

2018-06-10 21:40:53 - [TEST_STEP][PASSED] - Statement - case 1:: Text 'BA111.0' is set on object 'Object Repository/MOH AND GRN/Page_KDMC - CMS/input_txtbatchno'

2018-06-10 21:40:53 - [TEST_STEP][PASSED] - Statement - return (java.lang.Math.floor((java.lang.Math.random() * ((max - min) + 1))) + min): Text 'BA111.0' is set on object 'Object Repository/MOH AND GRN/Page_KDMC - CMS/input_txtbatchno'

2018-06-10 21:40:53 - [MESSAGE][PASSED] - Text 'BA111.0' is set on object 'Object Repository/MOH AND GRN/Page_KDMC - CMS/input_txtbatchno'

2018-06-10 21:40:53 - [TEST_STEP][PASSED] - rightClick: Object: 'Object Repository/GRN/Page_KDMC - CMS/input_txtexpdate' is right clicked on

2018-06-10 21:40:53 - [MESSAGE][PASSED] - Object: 'Object Repository/GRN/Page_KDMC - CMS/input_txtexpdate' is right clicked on

2018-06-10 21:40:53 - [TEST_STEP][PASSED] - selectOptionByIndex: All options with index in [7] are selected on object 'Object Repository/GRN/Page_KDMC - CMS/select_20182019202020212022202'

2018-06-10 21:40:54 - [MESSAGE][PASSED] - All options with index in [7] are selected on object 'Object Repository/GRN/Page_KDMC - CMS/select_20182019202020212022202'

2018-06-10 21:40:54 - [TEST_STEP][PASSED] - selectOptionByIndex: All options with index in [7] are selected on object 'Object Repository/GRN/Page_KDMC - CMS/select_JanFebMarAprMayJunJulAu'

2018-06-10 21:40:54 - [MESSAGE][PASSED] - All options with index in [7] are selected on object 'Object Repository/GRN/Page_KDMC - CMS/select_JanFebMarAprMayJunJulAu'

2018-06-10 21:40:54 - [TEST_STEP][PASSED] - click: Object: 'Object Repository/MOH AND GRN/Page_KDMC - CMS/a_12' is clicked on

2018-06-10 21:40:54 - [MESSAGE][PASSED] - Object: 'Object Repository/MOH AND GRN/Page_KDMC - CMS/a_12' is clicked on

2018-06-10 21:40:54 - [TEST_STEP][PASSED] - click: Object: 'Object Repository/MOH AND GRN/Page_KDMC - CMS/input_btnadd' is clicked on

2018-06-10 21:40:54 - [MESSAGE][PASSED] - Object: 'Object Repository/MOH AND GRN/Page_KDMC - CMS/input_btnadd' is clicked on

2018-06-10 21:40:54 - [TEST_STEP][PASSED] - Statement - If (s == 10): null

2018-06-10 21:40:54 - [TEST_STEP][PASSED] - Statement - Else: null

2018-06-10 21:40:54 - [TEST_STEP][PASSED] - Statement - (s++): null

2018-06-10 21:40:54 - [TEST_STEP][PASSED] - delay: Delayed 1 second(s)

2018-06-10 21:40:55 - [MESSAGE][PASSED] - Delayed 1 second(s)

2018-06-10 21:40:55 - [TEST_STEP][PASSED] - selectOptionByIndex: All options with index in [28] are selected on object 'Object Repository/MOH AND GRN/Page_KDMC - CMS/select_--Select--Amikacin -500'

2018-06-10 21:40:55 - [MESSAGE][PASSED] - All options with index in [28] are selected on object 'Object Repository/MOH AND GRN/Page_KDMC - CMS/select_--Select--Amikacin -500'

2018-06-10 21:40:55 - [TEST_STEP][PASSED] - setText: Text '5000' is set on object 'Object Repository/MOH AND GRN/Page_KDMC - CMS/input_txtqty'

2018-06-10 21:40:55 - [MESSAGE][PASSED] - Text '5000' is set on object 'Object Repository/MOH AND GRN/Page_KDMC - CMS/input_txtqty'

2018-06-10 21:40:55 - [TEST_STEP][PASSED] - selectOptionByIndex: All options with index in [1] are selected on object 'Object Repository/MOH AND GRN/Page_KDMC - CMS/select_--Select--No Tax0'

2018-06-10 21:40:56 - [MESSAGE][PASSED] - All options with index in [1] are selected on object 'Object Repository/MOH AND GRN/Page_KDMC - CMS/select_--Select--No Tax0'

2018-06-10 21:40:56 - [TEST_STEP][PASSED] - setText: Finding Test Object with id 'Object Repository/MOH AND GRN/Page_KDMC - CMS/input_txtmrp'

2018-06-10 21:40:56 - [TEST_STEP][PASSED] - Statement - switch (id): Finding Test Object with id 'Object Repository/MOH AND GRN/Page_KDMC - CMS/input_txtdeal'

2018-06-10 21:40:56 - [TEST_STEP][PASSED] - Statement - case 4:: Text '36.0' is set on object 'Object Repository/MOH AND GRN/Page_KDMC - CMS/input_txtmrp'

2018-06-10 21:40:56 - [TEST_STEP][PASSED] - Statement - return (java.lang.Math.floor((java.lang.Math.random() * ((max - min) + 1))) + min): Text '36.0' is set on object 'Object Repository/MOH AND GRN/Page_KDMC - CMS/input_txtmrp'

2018-06-10 21:40:56 - [MESSAGE][PASSED] - Text '36.0' is set on object 'Object Repository/MOH AND GRN/Page_KDMC - CMS/input_txtmrp'

2018-06-10 21:40:56 - [TEST_STEP][PASSED] - setText: Finding Test Object with id 'Object Repository/MOH AND GRN/Page_KDMC - CMS/input_txtdeal'

2018-06-10 21:40:56 - [TEST_STEP][PASSED] - Statement - switch (id): Finding Test Object with id 'Object Repository/MOH AND GRN/Page_KDMC - CMS/input_txtbatchno'

2018-06-10 21:40:56 - [TEST_STEP][PASSED] - Statement - case 5:: Text '10.0' is set on object 'Object Repository/MOH AND GRN/Page_KDMC - CMS/input_txtdeal'

2018-06-10 21:40:56 - [TEST_STEP][PASSED] - Statement - return (java.lang.Math.floor((java.lang.Math.random() * ((max - min) + 1))) + min): Text '10.0' is set on object 'Object Repository/MOH AND GRN/Page_KDMC - CMS/input_txtdeal'

2018-06-10 21:40:56 - [MESSAGE][PASSED] - Text '10.0' is set on object 'Object Repository/MOH AND GRN/Page_KDMC - CMS/input_txtdeal'

2018-06-10 21:40:56 - [TEST_STEP][PASSED] - setText: Finding Test Object with id 'Object Repository/MOH AND GRN/Page_KDMC - CMS/input_txtbatchno'

2018-06-10 21:40:56 - [TEST_STEP][PASSED] - Statement - switch (id): Finding Test Object with id 'Object Repository/MOH AND GRN/Page_KDMC - CMS/input_txtmrp'

2018-06-10 21:40:56 - [TEST_STEP][PASSED] - Statement - case 1:: Text 'BA118.0' is set on object 'Object Repository/MOH AND GRN/Page_KDMC - CMS/input_txtbatchno'

2018-06-10 21:40:56 - [TEST_STEP][PASSED] - Statement - return (java.lang.Math.floor((java.lang.Math.random() * ((max - min) + 1))) + min): Text 'BA118.0' is set on object 'Object Repository/MOH AND GRN/Page_KDMC - CMS/input_txtbatchno'

2018-06-10 21:40:56 - [MESSAGE][PASSED] - Text 'BA118.0' is set on object 'Object Repository/MOH AND GRN/Page_KDMC - CMS/input_txtbatchno'

2018-06-10 21:40:56 - [TEST_STEP][PASSED] - rightClick: Object: 'Object Repository/GRN/Page_KDMC - CMS/input_txtexpdate' is right clicked on

2018-06-10 21:40:56 - [MESSAGE][PASSED] - Object: 'Object Repository/GRN/Page_KDMC - CMS/input_txtexpdate' is right clicked on

2018-06-10 21:40:56 - [TEST_STEP][PASSED] - selectOptionByIndex: All options with index in [8] are selected on object 'Object Repository/GRN/Page_KDMC - CMS/select_20182019202020212022202'

2018-06-10 21:40:56 - [MESSAGE][PASSED] - All options with index in [8] are selected on object 'Object Repository/GRN/Page_KDMC - CMS/select_20182019202020212022202'

2018-06-10 21:40:56 - [TEST_STEP][PASSED] - selectOptionByIndex: All options with index in [8] are selected on object 'Object Repository/GRN/Page_KDMC - CMS/select_JanFebMarAprMayJunJulAu'

2018-06-10 21:40:56 - [MESSAGE][PASSED] - All options with index in [8] are selected on object 'Object Repository/GRN/Page_KDMC - CMS/select_JanFebMarAprMayJunJulAu'

2018-06-10 21:40:56 - [TEST_STEP][PASSED] - click: Object: 'Object Repository/MOH AND GRN/Page_KDMC - CMS/a_12' is clicked on

2018-06-10 21:40:56 - [MESSAGE][PASSED] - Object: 'Object Repository/MOH AND GRN/Page_KDMC - CMS/a_12' is clicked on

2018-06-10 21:40:56 - [TEST_STEP][PASSED] - click: Object: 'Object Repository/MOH AND GRN/Page_KDMC - CMS/input_btnadd' is clicked on

2018-06-10 21:40:57 - [MESSAGE][PASSED] - Object: 'Object Repository/MOH AND GRN/Page_KDMC - CMS/input_btnadd' is clicked on

2018-06-10 21:40:57 - [TEST_STEP][PASSED] - Statement - If (s == 10): null

2018-06-10 21:40:57 - [TEST_STEP][PASSED] - Statement - Else: null

2018-06-10 21:40:57 - [TEST_STEP][PASSED] - Statement - (s++): null

2018-06-10 21:40:57 - [TEST_STEP][PASSED] - delay: Delayed 1 second(s)

2018-06-10 21:40:58 - [MESSAGE][PASSED] - Delayed 1 second(s)

2018-06-10 21:40:58 - [TEST_STEP][PASSED] - selectOptionByIndex: All options with index in [29] are selected on object 'Object Repository/MOH AND GRN/Page_KDMC - CMS/select_--Select--Amikacin -500'

2018-06-10 21:40:58 - [MESSAGE][PASSED] - All options with index in [29] are selected on object 'Object Repository/MOH AND GRN/Page_KDMC - CMS/select_--Select--Amikacin -500'

2018-06-10 21:40:58 - [TEST_STEP][PASSED] - setText: Text '5000' is set on object 'Object Repository/MOH AND GRN/Page_KDMC - CMS/input_txtqty'

2018-06-10 21:40:58 - [MESSAGE][PASSED] - Text '5000' is set on object 'Object Repository/MOH AND GRN/Page_KDMC - CMS/input_txtqty'

2018-06-10 21:40:58 - [TEST_STEP][PASSED] - selectOptionByIndex: All options with index in [1] are selected on object 'Object Repository/MOH AND GRN/Page_KDMC - CMS/select_--Select--No Tax0'

2018-06-10 21:40:58 - [MESSAGE][PASSED] - All options with index in [1] are selected on object 'Object Repository/MOH AND GRN/Page_KDMC - CMS/select_--Select--No Tax0'

2018-06-10 21:40:58 - [TEST_STEP][PASSED] - setText: Finding Test Object with id 'Object Repository/MOH AND GRN/Page_KDMC - CMS/input_txtmrp'

2018-06-10 21:40:58 - [TEST_STEP][PASSED] - Statement - switch (id): Finding Test Object with id 'Object Repository/MOH AND GRN/Page_KDMC - CMS/input_txtdeal'

2018-06-10 21:40:58 - [TEST_STEP][PASSED] - Statement - case 4:: Text '33.0' is set on object 'Object Repository/MOH AND GRN/Page_KDMC - CMS/input_txtmrp'

2018-06-10 21:40:58 - [TEST_STEP][PASSED] - Statement - return (java.lang.Math.floor((java.lang.Math.random() * ((max - min) + 1))) + min): Text '33.0' is set on object 'Object Repository/MOH AND GRN/Page_KDMC - CMS/input_txtmrp'

2018-06-10 21:40:58 - [MESSAGE][PASSED] - Text '33.0' is set on object 'Object Repository/MOH AND GRN/Page_KDMC - CMS/input_txtmrp'

2018-06-10 21:40:58 - [TEST_STEP][PASSED] - setText: Finding Test Object with id 'Object Repository/MOH AND GRN/Page_KDMC - CMS/input_txtdeal'

2018-06-10 21:40:58 - [TEST_STEP][PASSED] - Statement - switch (id): Finding Test Object with id 'Object Repository/MOH AND GRN/Page_KDMC - CMS/input_txtbatchno'

2018-06-10 21:40:58 - [TEST_STEP][PASSED] - Statement - case 5:: Text '11.0' is set on object 'Object Repository/MOH AND GRN/Page_KDMC - CMS/input_txtdeal'

2018-06-10 21:40:58 - [TEST_STEP][PASSED] - Statement - return (java.lang.Math.floor((java.lang.Math.random() * ((max - min) + 1))) + min): Text '11.0' is set on object 'Object Repository/MOH AND GRN/Page_KDMC - CMS/input_txtdeal'

2018-06-10 21:40:58 - [MESSAGE][PASSED] - Text '11.0' is set on object 'Object Repository/MOH AND GRN/Page_KDMC - CMS/input_txtdeal'

2018-06-10 21:40:58 - [TEST_STEP][PASSED] - setText: Finding Test Object with id 'Object Repository/MOH AND GRN/Page_KDMC - CMS/input_txtbatchno'

2018-06-10 21:40:58 - [TEST_STEP][PASSED] - Statement - switch (id): Finding Test Object with id 'Object Repository/MOH AND GRN/Page_KDMC - CMS/input_txtmrp'

2018-06-10 21:40:58 - [TEST_STEP][PASSED] - Statement - case 1:: Text 'BA831.0' is set on object 'Object Repository/MOH AND GRN/Page_KDMC - CMS/input_txtbatchno'

2018-06-10 21:40:58 - [TEST_STEP][PASSED] - Statement - return (java.lang.Math.floor((java.lang.Math.random() * ((max - min) + 1))) + min): Text 'BA831.0' is set on object 'Object Repository/MOH AND GRN/Page_KDMC - CMS/input_txtbatchno'

2018-06-10 21:40:59 - [MESSAGE][PASSED] - Text 'BA831.0' is set on object 'Object Repository/MOH AND GRN/Page_KDMC - CMS/input_txtbatchno'

2018-06-10 21:40:59 - [TEST_STEP][PASSED] - rightClick: Object: 'Object Repository/GRN/Page_KDMC - CMS/input_txtexpdate' is right clicked on

2018-06-10 21:40:59 - [MESSAGE][PASSED] - Object: 'Object Repository/GRN/Page_KDMC - CMS/input_txtexpdate' is right clicked on

2018-06-10 21:40:59 - [TEST_STEP][PASSED] - selectOptionByIndex: All options with index in [9] are selected on object 'Object Repository/GRN/Page_KDMC - CMS/select_20182019202020212022202'

2018-06-10 21:40:59 - [MESSAGE][PASSED] - All options with index in [9] are selected on object 'Object Repository/GRN/Page_KDMC - CMS/select_20182019202020212022202'

2018-06-10 21:40:59 - [TEST_STEP][PASSED] - selectOptionByIndex: All options with index in [9] are selected on object 'Object Repository/GRN/Page_KDMC - CMS/select_JanFebMarAprMayJunJulAu'

2018-06-10 21:40:59 - [MESSAGE][PASSED] - All options with index in [9] are selected on object 'Object Repository/GRN/Page_KDMC - CMS/select_JanFebMarAprMayJunJulAu'

2018-06-10 21:40:59 - [TEST_STEP][PASSED] - click: Object: 'Object Repository/MOH AND GRN/Page_KDMC - CMS/a_12' is clicked on

2018-06-10 21:40:59 - [MESSAGE][PASSED] - Object: 'Object Repository/MOH AND GRN/Page_KDMC - CMS/a_12' is clicked on

2018-06-10 21:40:59 - [TEST_STEP][PASSED] - click: Object: 'Object Repository/MOH AND GRN/Page_KDMC - CMS/input_btnadd' is clicked on

2018-06-10 21:40:59 - [MESSAGE][PASSED] - Object: 'Object Repository/MOH AND GRN/Page_KDMC - CMS/input_btnadd' is clicked on

2018-06-10 21:40:59 - [TEST_STEP][PASSED] - Statement - If (s == 10): null

2018-06-10 21:40:59 - [TEST_STEP][PASSED] - Statement - Else: null

2018-06-10 21:40:59 - [TEST_STEP][PASSED] - Statement - (s++): null

2018-06-10 21:40:59 - [TEST_STEP][PASSED] - delay: Delayed 1 second(s)

2018-06-10 21:41:00 - [MESSAGE][PASSED] - Delayed 1 second(s)

2018-06-10 21:41:00 - [TEST_STEP][PASSED] - selectOptionByIndex: All options with index in [30] are selected on object 'Object Repository/MOH AND GRN/Page_KDMC - CMS/select_--Select--Amikacin -500'

2018-06-10 21:41:01 - [MESSAGE][PASSED] - All options with index in [30] are selected on object 'Object Repository/MOH AND GRN/Page_KDMC - CMS/select_--Select--Amikacin -500'

2018-06-10 21:41:01 - [TEST_STEP][PASSED] - setText: Text '5000' is set on object 'Object Repository/MOH AND GRN/Page_KDMC - CMS/input_txtqty'

2018-06-10 21:41:01 - [MESSAGE][PASSED] - Text '5000' is set on object 'Object Repository/MOH AND GRN/Page_KDMC - CMS/input_txtqty'

2018-06-10 21:41:01 - [TEST_STEP][PASSED] - selectOptionByIndex: All options with index in [1] are selected on object 'Object Repository/MOH AND GRN/Page_KDMC - CMS/select_--Select--No Tax0'

2018-06-10 21:41:01 - [MESSAGE][PASSED] - All options with index in [1] are selected on object 'Object Repository/MOH AND GRN/Page_KDMC - CMS/select_--Select--No Tax0'

2018-06-10 21:41:01 - [TEST_STEP][PASSED] - setText: Finding Test Object with id 'Object Repository/MOH AND GRN/Page_KDMC - CMS/input_txtmrp'

2018-06-10 21:41:01 - [TEST_STEP][PASSED] - Statement - switch (id): Finding Test Object with id 'Object Repository/MOH AND GRN/Page_KDMC - CMS/input_txtdeal'

2018-06-10 21:41:01 - [TEST_STEP][PASSED] - Statement - case 4:: Text '41.0' is set on object 'Object Repository/MOH AND GRN/Page_KDMC - CMS/input_txtmrp'

2018-06-10 21:41:01 - [TEST_STEP][PASSED] - Statement - return (java.lang.Math.floor((java.lang.Math.random() * ((max - min) + 1))) + min): Text '41.0' is set on object 'Object Repository/MOH AND GRN/Page_KDMC - CMS/input_txtmrp'

2018-06-10 21:41:01 - [MESSAGE][PASSED] - Text '41.0' is set on object 'Object Repository/MOH AND GRN/Page_KDMC - CMS/input_txtmrp'

2018-06-10 21:41:01 - [TEST_STEP][PASSED] - setText: Finding Test Object with id 'Object Repository/MOH AND GRN/Page_KDMC - CMS/input_txtdeal'

2018-06-10 21:41:01 - [TEST_STEP][PASSED] - Statement - switch (id): Finding Test Object with id 'Object Repository/MOH AND GRN/Page_KDMC - CMS/input_txtbatchno'

2018-06-10 21:41:01 - [TEST_STEP][PASSED] - Statement - case 5:: Text '12.0' is set on object 'Object Repository/MOH AND GRN/Page_KDMC - CMS/input_txtdeal'

2018-06-10 21:41:01 - [TEST_STEP][PASSED] - Statement - return (java.lang.Math.floor((java.lang.Math.random() * ((max - min) + 1))) + min): Text '12.0' is set on object 'Object Repository/MOH AND GRN/Page_KDMC - CMS/input_txtdeal'

2018-06-10 21:41:01 - [MESSAGE][PASSED] - Text '12.0' is set on object 'Object Repository/MOH AND GRN/Page_KDMC - CMS/input_txtdeal'

2018-06-10 21:41:01 - [TEST_STEP][PASSED] - setText: Finding Test Object with id 'Object Repository/MOH AND GRN/Page_KDMC - CMS/input_txtbatchno'

2018-06-10 21:41:01 - [TEST_STEP][PASSED] - Statement - switch (id): Finding Test Object with id 'Object Repository/MOH AND GRN/Page_KDMC - CMS/input_txtmrp'

2018-06-10 21:41:01 - [TEST_STEP][PASSED] - Statement - case 1:: Text 'BA137.0' is set on object 'Object Repository/MOH AND GRN/Page_KDMC - CMS/input_txtbatchno'

2018-06-10 21:41:01 - [TEST_STEP][PASSED] - Statement - return (java.lang.Math.floor((java.lang.Math.random() * ((max - min) + 1))) + min): Text 'BA137.0' is set on object 'Object Repository/MOH AND GRN/Page_KDMC - CMS/input_txtbatchno'

2018-06-10 21:41:01 - [MESSAGE][PASSED] - Text 'BA137.0' is set on object 'Object Repository/MOH AND GRN/Page_KDMC - CMS/input_txtbatchno'

2018-06-10 21:41:01 - [TEST_STEP][PASSED] - rightClick: Object: 'Object Repository/GRN/Page_KDMC - CMS/input_txtexpdate' is right clicked on

2018-06-10 21:41:01 - [MESSAGE][PASSED] - Object: 'Object Repository/GRN/Page_KDMC - CMS/input_txtexpdate' is right clicked on

2018-06-10 21:41:01 - [TEST_STEP][PASSED] - selectOptionByIndex: All options with index in [10] are selected on object 'Object Repository/GRN/Page_KDMC - CMS/select_20182019202020212022202'

2018-06-10 21:41:02 - [MESSAGE][PASSED] - All options with index in [10] are selected on object 'Object Repository/GRN/Page_KDMC - CMS/select_20182019202020212022202'

2018-06-10 21:41:02 - [TEST_STEP][PASSED] - selectOptionByIndex: All options with index in [10] are selected on object 'Object Repository/GRN/Page_KDMC - CMS/select_JanFebMarAprMayJunJulAu'

2018-06-10 21:41:02 - [MESSAGE][PASSED] - All options with index in [10] are selected on object 'Object Repository/GRN/Page_KDMC - CMS/select_JanFebMarAprMayJunJulAu'

2018-06-10 21:41:02 - [TEST_STEP][PASSED] - click: Object: 'Object Repository/MOH AND GRN/Page_KDMC - CMS/a_12' is clicked on

2018-06-10 21:41:02 - [MESSAGE][PASSED] - Object: 'Object Repository/MOH AND GRN/Page_KDMC - CMS/a_12' is clicked on

2018-06-10 21:41:02 - [TEST_STEP][PASSED] - click: Object: 'Object Repository/MOH AND GRN/Page_KDMC - CMS/input_btnadd' is clicked on

2018-06-10 21:41:02 - [MESSAGE][PASSED] - Object: 'Object Repository/MOH AND GRN/Page_KDMC - CMS/input_btnadd' is clicked on

2018-06-10 21:41:02 - [TEST_STEP][PASSED] - Statement - If (s == 10): null

2018-06-10 21:41:02 - [TEST_STEP][PASSED] - Statement - s = 1: null

2018-06-10 21:41:02 - [TEST_STEP][PASSED] - delay: Delayed 1 second(s)

2018-06-10 21:41:03 - [MESSAGE][PASSED] - Delayed 1 second(s)

2018-06-10 21:41:03 - [TEST_STEP][PASSED] - selectOptionByIndex: All options with index in [31] are selected on object 'Object Repository/MOH AND GRN/Page_KDMC - CMS/select_--Select--Amikacin -500'

2018-06-10 21:41:03 - [MESSAGE][PASSED] - All options with index in [31] are selected on object 'Object Repository/MOH AND GRN/Page_KDMC - CMS/select_--Select--Amikacin -500'

2018-06-10 21:41:03 - [TEST_STEP][PASSED] - setText: Text '5000' is set on object 'Object Repository/MOH AND GRN/Page_KDMC - CMS/input_txtqty'

2018-06-10 21:41:04 - [MESSAGE][PASSED] - Text '5000' is set on object 'Object Repository/MOH AND GRN/Page_KDMC - CMS/input_txtqty'

2018-06-10 21:41:04 - [TEST_STEP][PASSED] - selectOptionByIndex: All options with index in [1] are selected on object 'Object Repository/MOH AND GRN/Page_KDMC - CMS/select_--Select--No Tax0'

2018-06-10 21:41:04 - [MESSAGE][PASSED] - All options with index in [1] are selected on object 'Object Repository/MOH AND GRN/Page_KDMC - CMS/select_--Select--No Tax0'

2018-06-10 21:41:04 - [TEST_STEP][PASSED] - setText: Finding Test Object with id 'Object Repository/MOH AND GRN/Page_KDMC - CMS/input_txtmrp'

2018-06-10 21:41:04 - [TEST_STEP][PASSED] - Statement - switch (id): Finding Test Object with id 'Object Repository/MOH AND GRN/Page_KDMC - CMS/input_txtdeal'

2018-06-10 21:41:04 - [TEST_STEP][PASSED] - Statement - case 4:: Text '40.0' is set on object 'Object Repository/MOH AND GRN/Page_KDMC - CMS/input_txtmrp'

2018-06-10 21:41:04 - [TEST_STEP][PASSED] - Statement - return (java.lang.Math.floor((java.lang.Math.random() * ((max - min) + 1))) + min): Text '40.0' is set on object 'Object Repository/MOH AND GRN/Page_KDMC - CMS/input_txtmrp'

2018-06-10 21:41:04 - [MESSAGE][PASSED] - Text '40.0' is set on object 'Object Repository/MOH AND GRN/Page_KDMC - CMS/input_txtmrp'

2018-06-10 21:41:04 - [TEST_STEP][PASSED] - setText: Finding Test Object with id 'Object Repository/MOH AND GRN/Page_KDMC - CMS/input_txtdeal'

2018-06-10 21:41:04 - [TEST_STEP][PASSED] - Statement - switch (id): Finding Test Object with id 'Object Repository/MOH AND GRN/Page_KDMC - CMS/input_txtbatchno'

2018-06-10 21:41:04 - [TEST_STEP][PASSED] - Statement - case 5:: Text '2.0' is set on object 'Object Repository/MOH AND GRN/Page_KDMC - CMS/input_txtdeal'

2018-06-10 21:41:04 - [TEST_STEP][PASSED] - Statement - return (java.lang.Math.floor((java.lang.Math.random() * ((max - min) + 1))) + min): Text '2.0' is set on object 'Object Repository/MOH AND GRN/Page_KDMC - CMS/input_txtdeal'

2018-06-10 21:41:04 - [MESSAGE][PASSED] - Text '2.0' is set on object 'Object Repository/MOH AND GRN/Page_KDMC - CMS/input_txtdeal'

2018-06-10 21:41:04 - [TEST_STEP][PASSED] - setText: Finding Test Object with id 'Object Repository/MOH AND GRN/Page_KDMC - CMS/input_txtbatchno'

2018-06-10 21:41:04 - [TEST_STEP][PASSED] - Statement - switch (id): Finding Test Object with id 'Object Repository/MOH AND GRN/Page_KDMC - CMS/input_txtmrp'

2018-06-10 21:41:04 - [TEST_STEP][PASSED] - Statement - case 1:: Text 'BA226.0' is set on object 'Object Repository/MOH AND GRN/Page_KDMC - CMS/input_txtbatchno'

2018-06-10 21:41:04 - [TEST_STEP][PASSED] - Statement - return (java.lang.Math.floor((java.lang.Math.random() * ((max - min) + 1))) + min): Text 'BA226.0' is set on object 'Object Repository/MOH AND GRN/Page_KDMC - CMS/input_txtbatchno'

2018-06-10 21:41:04 - [MESSAGE][PASSED] - Text 'BA226.0' is set on object 'Object Repository/MOH AND GRN/Page_KDMC - CMS/input_txtbatchno'

2018-06-10 21:41:04 - [TEST_STEP][PASSED] - rightClick: Object: 'Object Repository/GRN/Page_KDMC - CMS/input_txtexpdate' is right clicked on

2018-06-10 21:41:04 - [MESSAGE][PASSED] - Object: 'Object Repository/GRN/Page_KDMC - CMS/input_txtexpdate' is right clicked on

2018-06-10 21:41:04 - [TEST_STEP][PASSED] - selectOptionByIndex: All options with index in [1] are selected on object 'Object Repository/GRN/Page_KDMC - CMS/select_20182019202020212022202'

2018-06-10 21:41:04 - [MESSAGE][PASSED] - All options with index in [1] are selected on object 'Object Repository/GRN/Page_KDMC - CMS/select_20182019202020212022202'

2018-06-10 21:41:04 - [TEST_STEP][PASSED] - selectOptionByIndex: All options with index in [1] are selected on object 'Object Repository/GRN/Page_KDMC - CMS/select_JanFebMarAprMayJunJulAu'

2018-06-10 21:41:04 - [MESSAGE][PASSED] - All options with index in [1] are selected on object 'Object Repository/GRN/Page_KDMC - CMS/select_JanFebMarAprMayJunJulAu'

2018-06-10 21:41:04 - [TEST_STEP][PASSED] - click: Object: 'Object Repository/MOH AND GRN/Page_KDMC - CMS/a_12' is clicked on

2018-06-10 21:41:05 - [MESSAGE][PASSED] - Object: 'Object Repository/MOH AND GRN/Page_KDMC - CMS/a_12' is clicked on

2018-06-10 21:41:05 - [TEST_STEP][PASSED] - click: Object: 'Object Repository/MOH AND GRN/Page_KDMC - CMS/input_btnadd' is clicked on

2018-06-10 21:41:05 - [MESSAGE][PASSED] - Object: 'Object Repository/MOH AND GRN/Page_KDMC - CMS/input_btnadd' is clicked on

2018-06-10 21:41:05 - [TEST_STEP][PASSED] - Statement - If (s == 10): null

2018-06-10 21:41:05 - [TEST_STEP][PASSED] - Statement - Else: null

2018-06-10 21:41:05 - [TEST_STEP][PASSED] - Statement - (s++): null

2018-06-10 21:41:05 - [TEST_STEP][PASSED] - delay: Delayed 1 second(s)

2018-06-10 21:41:06 - [MESSAGE][PASSED] - Delayed 1 second(s)

2018-06-10 21:41:06 - [TEST_STEP][PASSED] - selectOptionByIndex: All options with index in [32] are selected on object 'Object Repository/MOH AND GRN/Page_KDMC - CMS/select_--Select--Amikacin -500'

2018-06-10 21:41:06 - [MESSAGE][PASSED] - All options with index in [32] are selected on object 'Object Repository/MOH AND GRN/Page_KDMC - CMS/select_--Select--Amikacin -500'

2018-06-10 21:41:06 - [TEST_STEP][PASSED] - setText: Text '5000' is set on object 'Object Repository/MOH AND GRN/Page_KDMC - CMS/input_txtqty'

2018-06-10 21:41:06 - [MESSAGE][PASSED] - Text '5000' is set on object 'Object Repository/MOH AND GRN/Page_KDMC - CMS/input_txtqty'

2018-06-10 21:41:06 - [TEST_STEP][PASSED] - selectOptionByIndex: All options with index in [1] are selected on object 'Object Repository/MOH AND GRN/Page_KDMC - CMS/select_--Select--No Tax0'

2018-06-10 21:41:06 - [MESSAGE][PASSED] - All options with index in [1] are selected on object 'Object Repository/MOH AND GRN/Page_KDMC - CMS/select_--Select--No Tax0'

2018-06-10 21:41:06 - [TEST_STEP][PASSED] - setText: Finding Test Object with id 'Object Repository/MOH AND GRN/Page_KDMC - CMS/input_txtmrp'

2018-06-10 21:41:06 - [TEST_STEP][PASSED] - Statement - switch (id): Finding Test Object with id 'Object Repository/MOH AND GRN/Page_KDMC - CMS/input_txtdeal'

2018-06-10 21:41:06 - [TEST_STEP][PASSED] - Statement - case 4:: Text '16.0' is set on object 'Object Repository/MOH AND GRN/Page_KDMC - CMS/input_txtmrp'

2018-06-10 21:41:06 - [TEST_STEP][PASSED] - Statement - return (java.lang.Math.floor((java.lang.Math.random() * ((max - min) + 1))) + min): Text '16.0' is set on object 'Object Repository/MOH AND GRN/Page_KDMC - CMS/input_txtmrp'

2018-06-10 21:41:06 - [MESSAGE][PASSED] - Text '16.0' is set on object 'Object Repository/MOH AND GRN/Page_KDMC - CMS/input_txtmrp'

2018-06-10 21:41:06 - [TEST_STEP][PASSED] - setText: Finding Test Object with id 'Object Repository/MOH AND GRN/Page_KDMC - CMS/input_txtdeal'

2018-06-10 21:41:06 - [TEST_STEP][PASSED] - Statement - switch (id): Finding Test Object with id 'Object Repository/MOH AND GRN/Page_KDMC - CMS/input_txtbatchno'

2018-06-10 21:41:06 - [TEST_STEP][PASSED] - Statement - case 5:: Text '7.0' is set on object 'Object Repository/MOH AND GRN/Page_KDMC - CMS/input_txtdeal'

2018-06-10 21:41:06 - [TEST_STEP][PASSED] - Statement - return (java.lang.Math.floor((java.lang.Math.random() * ((max - min) + 1))) + min): Text '7.0' is set on object 'Object Repository/MOH AND GRN/Page_KDMC - CMS/input_txtdeal'

2018-06-10 21:41:07 - [MESSAGE][PASSED] - Text '7.0' is set on object 'Object Repository/MOH AND GRN/Page_KDMC - CMS/input_txtdeal'

2018-06-10 21:41:07 - [TEST_STEP][PASSED] - setText: Finding Test Object with id 'Object Repository/MOH AND GRN/Page_KDMC - CMS/input_txtbatchno'

2018-06-10 21:41:07 - [TEST_STEP][PASSED] - Statement - switch (id): Finding Test Object with id 'Object Repository/MOH AND GRN/Page_KDMC - CMS/input_txtmrp'

2018-06-10 21:41:07 - [TEST_STEP][PASSED] - Statement - case 1:: Text 'BA605.0' is set on object 'Object Repository/MOH AND GRN/Page_KDMC - CMS/input_txtbatchno'

2018-06-10 21:41:07 - [TEST_STEP][PASSED] - Statement - return (java.lang.Math.floor((java.lang.Math.random() * ((max - min) + 1))) + min): Text 'BA605.0' is set on object 'Object Repository/MOH AND GRN/Page_KDMC - CMS/input_txtbatchno'

2018-06-10 21:41:07 - [MESSAGE][PASSED] - Text 'BA605.0' is set on object 'Object Repository/MOH AND GRN/Page_KDMC - CMS/input_txtbatchno'

2018-06-10 21:41:07 - [TEST_STEP][PASSED] - rightClick: Object: 'Object Repository/GRN/Page_KDMC - CMS/input_txtexpdate' is right clicked on

2018-06-10 21:41:07 - [MESSAGE][PASSED] - Object: 'Object Repository/GRN/Page_KDMC - CMS/input_txtexpdate' is right clicked on

2018-06-10 21:41:07 - [TEST_STEP][PASSED] - selectOptionByIndex: All options with index in [2] are selected on object 'Object Repository/GRN/Page_KDMC - CMS/select_20182019202020212022202'

2018-06-10 21:41:07 - [MESSAGE][PASSED] - All options with index in [2] are selected on object 'Object Repository/GRN/Page_KDMC - CMS/select_20182019202020212022202'

2018-06-10 21:41:07 - [TEST_STEP][PASSED] - selectOptionByIndex: All options with index in [2] are selected on object 'Object Repository/GRN/Page_KDMC - CMS/select_JanFebMarAprMayJunJulAu'

2018-06-10 21:41:07 - [MESSAGE][PASSED] - All options with index in [2] are selected on object 'Object Repository/GRN/Page_KDMC - CMS/select_JanFebMarAprMayJunJulAu'

2018-06-10 21:41:07 - [TEST_STEP][PASSED] - click: Object: 'Object Repository/MOH AND GRN/Page_KDMC - CMS/a_12' is clicked on

2018-06-10 21:41:07 - [MESSAGE][PASSED] - Object: 'Object Repository/MOH AND GRN/Page_KDMC - CMS/a_12' is clicked on

2018-06-10 21:41:07 - [TEST_STEP][PASSED] - click: Object: 'Object Repository/MOH AND GRN/Page_KDMC - CMS/input_btnadd' is clicked on

2018-06-10 21:41:07 - [MESSAGE][PASSED] - Object: 'Object Repository/MOH AND GRN/Page_KDMC - CMS/input_btnadd' is clicked on

2018-06-10 21:41:07 - [TEST_STEP][PASSED] - Statement - If (s == 10): null

2018-06-10 21:41:07 - [TEST_STEP][PASSED] - Statement - Else: null

2018-06-10 21:41:07 - [TEST_STEP][PASSED] - Statement - (s++): null

2018-06-10 21:41:07 - [TEST_STEP][PASSED] - delay: Delayed 1 second(s)

2018-06-10 21:41:08 - [MESSAGE][PASSED] - Delayed 1 second(s)

2018-06-10 21:41:08 - [TEST_STEP][PASSED] - selectOptionByIndex: All options with index in [33] are selected on object 'Object Repository/MOH AND GRN/Page_KDMC - CMS/select_--Select--Amikacin -500'

2018-06-10 21:41:09 - [MESSAGE][PASSED] - All options with index in [33] are selected on object 'Object Repository/MOH AND GRN/Page_KDMC - CMS/select_--Select--Amikacin -500'

2018-06-10 21:41:09 - [TEST_STEP][PASSED] - setText: Text '5000' is set on object 'Object Repository/MOH AND GRN/Page_KDMC - CMS/input_txtqty'

2018-06-10 21:41:09 - [MESSAGE][PASSED] - Text '5000' is set on object 'Object Repository/MOH AND GRN/Page_KDMC - CMS/input_txtqty'

2018-06-10 21:41:09 - [TEST_STEP][PASSED] - selectOptionByIndex: All options with index in [1] are selected on object 'Object Repository/MOH AND GRN/Page_KDMC - CMS/select_--Select--No Tax0'

2018-06-10 21:41:09 - [MESSAGE][PASSED] - All options with index in [1] are selected on object 'Object Repository/MOH AND GRN/Page_KDMC - CMS/select_--Select--No Tax0'

2018-06-10 21:41:09 - [TEST_STEP][PASSED] - setText: Finding Test Object with id 'Object Repository/MOH AND GRN/Page_KDMC - CMS/input_txtmrp'

2018-06-10 21:41:09 - [TEST_STEP][PASSED] - Statement - switch (id): Finding Test Object with id 'Object Repository/MOH AND GRN/Page_KDMC - CMS/input_txtdeal'

2018-06-10 21:41:09 - [TEST_STEP][PASSED] - Statement - case 4:: Text '36.0' is set on object 'Object Repository/MOH AND GRN/Page_KDMC - CMS/input_txtmrp'

2018-06-10 21:41:09 - [TEST_STEP][PASSED] - Statement - return (java.lang.Math.floor((java.lang.Math.random() * ((max - min) + 1))) + min): Text '36.0' is set on object 'Object Repository/MOH AND GRN/Page_KDMC - CMS/input_txtmrp'

2018-06-10 21:41:09 - [MESSAGE][PASSED] - Text '36.0' is set on object 'Object Repository/MOH AND GRN/Page_KDMC - CMS/input_txtmrp'

2018-06-10 21:41:09 - [TEST_STEP][PASSED] - setText: Finding Test Object with id 'Object Repository/MOH AND GRN/Page_KDMC - CMS/input_txtdeal'

2018-06-10 21:41:09 - [TEST_STEP][PASSED] - Statement - switch (id): Finding Test Object with id 'Object Repository/MOH AND GRN/Page_KDMC - CMS/input_txtbatchno'

2018-06-10 21:41:09 - [TEST_STEP][PASSED] - Statement - case 5:: Text '4.0' is set on object 'Object Repository/MOH AND GRN/Page_KDMC - CMS/input_txtdeal'

2018-06-10 21:41:09 - [TEST_STEP][PASSED] - Statement - return (java.lang.Math.floor((java.lang.Math.random() * ((max - min) + 1))) + min): Text '4.0' is set on object 'Object Repository/MOH AND GRN/Page_KDMC - CMS/input_txtdeal'

2018-06-10 21:41:09 - [MESSAGE][PASSED] - Text '4.0' is set on object 'Object Repository/MOH AND GRN/Page_KDMC - CMS/input_txtdeal'

2018-06-10 21:41:09 - [TEST_STEP][PASSED] - setText: Finding Test Object with id 'Object Repository/MOH AND GRN/Page_KDMC - CMS/input_txtbatchno'

2018-06-10 21:41:09 - [TEST_STEP][PASSED] - Statement - switch (id): Finding Test Object with id 'Object Repository/MOH AND GRN/Page_KDMC - CMS/input_txtmrp'

2018-06-10 21:41:09 - [TEST_STEP][PASSED] - Statement - case 1:: Text 'BA133.0' is set on object 'Object Repository/MOH AND GRN/Page_KDMC - CMS/input_txtbatchno'

2018-06-10 21:41:09 - [TEST_STEP][PASSED] - Statement - return (java.lang.Math.floor((java.lang.Math.random() * ((max - min) + 1))) + min): Text 'BA133.0' is set on object 'Object Repository/MOH AND GRN/Page_KDMC - CMS/input_txtbatchno'

2018-06-10 21:41:09 - [MESSAGE][PASSED] - Text 'BA133.0' is set on object 'Object Repository/MOH AND GRN/Page_KDMC - CMS/input_txtbatchno'

2018-06-10 21:41:09 - [TEST_STEP][PASSED] - rightClick: Object: 'Object Repository/GRN/Page_KDMC - CMS/input_txtexpdate' is right clicked on

2018-06-10 21:41:09 - [MESSAGE][PASSED] - Object: 'Object Repository/GRN/Page_KDMC - CMS/input_txtexpdate' is right clicked on

2018-06-10 21:41:09 - [TEST_STEP][PASSED] - selectOptionByIndex: All options with index in [3] are selected on object 'Object Repository/GRN/Page_KDMC - CMS/select_20182019202020212022202'

2018-06-10 21:41:10 - [MESSAGE][PASSED] - All options with index in [3] are selected on object 'Object Repository/GRN/Page_KDMC - CMS/select_20182019202020212022202'

2018-06-10 21:41:10 - [TEST_STEP][PASSED] - selectOptionByIndex: All options with index in [3] are selected on object 'Object Repository/GRN/Page_KDMC - CMS/select_JanFebMarAprMayJunJulAu'

2018-06-10 21:41:10 - [MESSAGE][PASSED] - All options with index in [3] are selected on object 'Object Repository/GRN/Page_KDMC - CMS/select_JanFebMarAprMayJunJulAu'

2018-06-10 21:41:10 - [TEST_STEP][PASSED] - click: Object: 'Object Repository/MOH AND GRN/Page_KDMC - CMS/a_12' is clicked on

2018-06-10 21:41:10 - [MESSAGE][PASSED] - Object: 'Object Repository/MOH AND GRN/Page_KDMC - CMS/a_12' is clicked on

2018-06-10 21:41:10 - [TEST_STEP][PASSED] - click: Object: 'Object Repository/MOH AND GRN/Page_KDMC - CMS/input_btnadd' is clicked on

2018-06-10 21:41:10 - [MESSAGE][PASSED] - Object: 'Object Repository/MOH AND GRN/Page_KDMC - CMS/input_btnadd' is clicked on

2018-06-10 21:41:10 - [TEST_STEP][PASSED] - Statement - If (s == 10): null

2018-06-10 21:41:10 - [TEST_STEP][PASSED] - Statement - Else: null

2018-06-10 21:41:10 - [TEST_STEP][PASSED] - Statement - (s++): null

2018-06-10 21:41:10 - [TEST_STEP][PASSED] - delay: Delayed 1 second(s)

2018-06-10 21:41:11 - [MESSAGE][PASSED] - Delayed 1 second(s)

2018-06-10 21:41:11 - [TEST_STEP][PASSED] - selectOptionByIndex: All options with index in [34] are selected on object 'Object Repository/MOH AND GRN/Page_KDMC - CMS/select_--Select--Amikacin -500'

2018-06-10 21:41:11 - [MESSAGE][PASSED] - All options with index in [34] are selected on object 'Object Repository/MOH AND GRN/Page_KDMC - CMS/select_--Select--Amikacin -500'

2018-06-10 21:41:11 - [TEST_STEP][PASSED] - setText: Text '5000' is set on object 'Object Repository/MOH AND GRN/Page_KDMC - CMS/input_txtqty'

2018-06-10 21:41:12 - [MESSAGE][PASSED] - Text '5000' is set on object 'Object Repository/MOH AND GRN/Page_KDMC - CMS/input_txtqty'

2018-06-10 21:41:12 - [TEST_STEP][PASSED] - selectOptionByIndex: All options with index in [1] are selected on object 'Object Repository/MOH AND GRN/Page_KDMC - CMS/select_--Select--No Tax0'

2018-06-10 21:41:12 - [MESSAGE][PASSED] - All options with index in [1] are selected on object 'Object Repository/MOH AND GRN/Page_KDMC - CMS/select_--Select--No Tax0'

2018-06-10 21:41:12 - [TEST_STEP][PASSED] - setText: Finding Test Object with id 'Object Repository/MOH AND GRN/Page_KDMC - CMS/input_txtmrp'

2018-06-10 21:41:12 - [TEST_STEP][PASSED] - Statement - switch (id): Finding Test Object with id 'Object Repository/MOH AND GRN/Page_KDMC - CMS/input_txtdeal'

2018-06-10 21:41:12 - [TEST_STEP][PASSED] - Statement - case 4:: Text '33.0' is set on object 'Object Repository/MOH AND GRN/Page_KDMC - CMS/input_txtmrp'

2018-06-10 21:41:12 - [TEST_STEP][PASSED] - Statement - return (java.lang.Math.floor((java.lang.Math.random() * ((max - min) + 1))) + min): Text '33.0' is set on object 'Object Repository/MOH AND GRN/Page_KDMC - CMS/input_txtmrp'

2018-06-10 21:41:12 - [MESSAGE][PASSED] - Text '33.0' is set on object 'Object Repository/MOH AND GRN/Page_KDMC - CMS/input_txtmrp'

2018-06-10 21:41:12 - [TEST_STEP][PASSED] - setText: Finding Test Object with id 'Object Repository/MOH AND GRN/Page_KDMC - CMS/input_txtdeal'

2018-06-10 21:41:12 - [TEST_STEP][PASSED] - Statement - switch (id): Finding Test Object with id 'Object Repository/MOH AND GRN/Page_KDMC - CMS/input_txtbatchno'

2018-06-10 21:41:12 - [TEST_STEP][PASSED] - Statement - case 5:: Text '10.0' is set on object 'Object Repository/MOH AND GRN/Page_KDMC - CMS/input_txtdeal'

2018-06-10 21:41:12 - [TEST_STEP][PASSED] - Statement - return (java.lang.Math.floor((java.lang.Math.random() * ((max - min) + 1))) + min): Text '10.0' is set on object 'Object Repository/MOH AND GRN/Page_KDMC - CMS/input_txtdeal'

2018-06-10 21:41:12 - [MESSAGE][PASSED] - Text '10.0' is set on object 'Object Repository/MOH AND GRN/Page_KDMC - CMS/input_txtdeal'

2018-06-10 21:41:12 - [TEST_STEP][PASSED] - setText: Finding Test Object with id 'Object Repository/MOH AND GRN/Page_KDMC - CMS/input_txtbatchno'

2018-06-10 21:41:12 - [TEST_STEP][PASSED] - Statement - switch (id): Finding Test Object with id 'Object Repository/MOH AND GRN/Page_KDMC - CMS/input_txtmrp'

2018-06-10 21:41:12 - [TEST_STEP][PASSED] - Statement - case 1:: Text 'BA618.0' is set on object 'Object Repository/MOH AND GRN/Page_KDMC - CMS/input_txtbatchno'

2018-06-10 21:41:12 - [TEST_STEP][PASSED] - Statement - return (java.lang.Math.floor((java.lang.Math.random() * ((max - min) + 1))) + min): Text 'BA618.0' is set on object 'Object Repository/MOH AND GRN/Page_KDMC - CMS/input_txtbatchno'

2018-06-10 21:41:12 - [MESSAGE][PASSED] - Text 'BA618.0' is set on object 'Object Repository/MOH AND GRN/Page_KDMC - CMS/input_txtbatchno'

2018-06-10 21:41:12 - [TEST_STEP][PASSED] - rightClick: Object: 'Object Repository/GRN/Page_KDMC - CMS/input_txtexpdate' is right clicked on

2018-06-10 21:41:12 - [MESSAGE][PASSED] - Object: 'Object Repository/GRN/Page_KDMC - CMS/input_txtexpdate' is right clicked on

2018-06-10 21:41:12 - [TEST_STEP][PASSED] - selectOptionByIndex: All options with index in [4] are selected on object 'Object Repository/GRN/Page_KDMC - CMS/select_20182019202020212022202'

2018-06-10 21:41:12 - [MESSAGE][PASSED] - All options with index in [4] are selected on object 'Object Repository/GRN/Page_KDMC - CMS/select_20182019202020212022202'

2018-06-10 21:41:12 - [TEST_STEP][PASSED] - selectOptionByIndex: All options with index in [4] are selected on object 'Object Repository/GRN/Page_KDMC - CMS/select_JanFebMarAprMayJunJulAu'

2018-06-10 21:41:12 - [MESSAGE][PASSED] - All options with index in [4] are selected on object 'Object Repository/GRN/Page_KDMC - CMS/select_JanFebMarAprMayJunJulAu'

2018-06-10 21:41:12 - [TEST_STEP][PASSED] - click: Object: 'Object Repository/MOH AND GRN/Page_KDMC - CMS/a_12' is clicked on

2018-06-10 21:41:13 - [MESSAGE][PASSED] - Object: 'Object Repository/MOH AND GRN/Page_KDMC - CMS/a_12' is clicked on

2018-06-10 21:41:13 - [TEST_STEP][PASSED] - click: Object: 'Object Repository/MOH AND GRN/Page_KDMC - CMS/input_btnadd' is clicked on

2018-06-10 21:41:13 - [MESSAGE][PASSED] - Object: 'Object Repository/MOH AND GRN/Page_KDMC - CMS/input_btnadd' is clicked on

2018-06-10 21:41:13 - [TEST_STEP][PASSED] - Statement - If (s == 10): null

2018-06-10 21:41:13 - [TEST_STEP][PASSED] - Statement - Else: null

2018-06-10 21:41:13 - [TEST_STEP][PASSED] - Statement - (s++): null

2018-06-10 21:41:13 - [TEST_STEP][PASSED] - delay: Delayed 1 second(s)

2018-06-10 21:41:14 - [MESSAGE][PASSED] - Delayed 1 second(s)

2018-06-10 21:41:14 - [TEST_STEP][PASSED] - selectOptionByIndex: All options with index in [35] are selected on object 'Object Repository/MOH AND GRN/Page_KDMC - CMS/select_--Select--Amikacin -500'

2018-06-10 21:41:14 - [MESSAGE][PASSED] - All options with index in [35] are selected on object 'Object Repository/MOH AND GRN/Page_KDMC - CMS/select_--Select--Amikacin -500'

2018-06-10 21:41:14 - [TEST_STEP][PASSED] - setText: Text '5000' is set on object 'Object Repository/MOH AND GRN/Page_KDMC - CMS/input_txtqty'

2018-06-10 21:41:14 - [MESSAGE][PASSED] - Text '5000' is set on object 'Object Repository/MOH AND GRN/Page_KDMC - CMS/input_txtqty'

2018-06-10 21:41:14 - [TEST_STEP][PASSED] - selectOptionByIndex: All options with index in [1] are selected on object 'Object Repository/MOH AND GRN/Page_KDMC - CMS/select_--Select--No Tax0'

2018-06-10 21:41:14 - [MESSAGE][PASSED] - All options with index in [1] are selected on object 'Object Repository/MOH AND GRN/Page_KDMC - CMS/select_--Select--No Tax0'

2018-06-10 21:41:14 - [TEST_STEP][PASSED] - setText: Finding Test Object with id 'Object Repository/MOH AND GRN/Page_KDMC - CMS/input_txtmrp'

2018-06-10 21:41:14 - [TEST_STEP][PASSED] - Statement - switch (id): Finding Test Object with id 'Object Repository/MOH AND GRN/Page_KDMC - CMS/input_txtdeal'

2018-06-10 21:41:14 - [TEST_STEP][PASSED] - Statement - case 4:: Text '40.0' is set on object 'Object Repository/MOH AND GRN/Page_KDMC - CMS/input_txtmrp'

2018-06-10 21:41:14 - [TEST_STEP][PASSED] - Statement - return (java.lang.Math.floor((java.lang.Math.random() * ((max - min) + 1))) + min): Text '40.0' is set on object 'Object Repository/MOH AND GRN/Page_KDMC - CMS/input_txtmrp'

2018-06-10 21:41:14 - [MESSAGE][PASSED] - Text '40.0' is set on object 'Object Repository/MOH AND GRN/Page_KDMC - CMS/input_txtmrp'

2018-06-10 21:41:14 - [TEST_STEP][PASSED] - setText: Finding Test Object with id 'Object Repository/MOH AND GRN/Page_KDMC - CMS/input_txtdeal'

2018-06-10 21:41:14 - [TEST_STEP][PASSED] - Statement - switch (id): Finding Test Object with id 'Object Repository/MOH AND GRN/Page_KDMC - CMS/input_txtbatchno'

2018-06-10 21:41:14 - [TEST_STEP][PASSED] - Statement - case 5:: Text '11.0' is set on object 'Object Repository/MOH AND GRN/Page_KDMC - CMS/input_txtdeal'

2018-06-10 21:41:14 - [TEST_STEP][PASSED] - Statement - return (java.lang.Math.floor((java.lang.Math.random() * ((max - min) + 1))) + min): Text '11.0' is set on object 'Object Repository/MOH AND GRN/Page_KDMC - CMS/input_txtdeal'

2018-06-10 21:41:15 - [MESSAGE][PASSED] - Text '11.0' is set on object 'Object Repository/MOH AND GRN/Page_KDMC - CMS/input_txtdeal'

2018-06-10 21:41:15 - [TEST_STEP][PASSED] - setText: Finding Test Object with id 'Object Repository/MOH AND GRN/Page_KDMC - CMS/input_txtbatchno'

2018-06-10 21:41:15 - [TEST_STEP][PASSED] - Statement - switch (id): Finding Test Object with id 'Object Repository/MOH AND GRN/Page_KDMC - CMS/input_txtmrp'

2018-06-10 21:41:15 - [TEST_STEP][PASSED] - Statement - case 1:: Text 'BA882.0' is set on object 'Object Repository/MOH AND GRN/Page_KDMC - CMS/input_txtbatchno'

2018-06-10 21:41:15 - [TEST_STEP][PASSED] - Statement - return (java.lang.Math.floor((java.lang.Math.random() * ((max - min) + 1))) + min): Text 'BA882.0' is set on object 'Object Repository/MOH AND GRN/Page_KDMC - CMS/input_txtbatchno'

2018-06-10 21:41:15 - [MESSAGE][PASSED] - Text 'BA882.0' is set on object 'Object Repository/MOH AND GRN/Page_KDMC - CMS/input_txtbatchno'

2018-06-10 21:41:15 - [TEST_STEP][PASSED] - rightClick: Object: 'Object Repository/GRN/Page_KDMC - CMS/input_txtexpdate' is right clicked on

2018-06-10 21:41:15 - [MESSAGE][PASSED] - Object: 'Object Repository/GRN/Page_KDMC - CMS/input_txtexpdate' is right clicked on

2018-06-10 21:41:15 - [TEST_STEP][PASSED] - selectOptionByIndex: All options with index in [5] are selected on object 'Object Repository/GRN/Page_KDMC - CMS/select_20182019202020212022202'

2018-06-10 21:41:15 - [MESSAGE][PASSED] - All options with index in [5] are selected on object 'Object Repository/GRN/Page_KDMC - CMS/select_20182019202020212022202'

2018-06-10 21:41:15 - [TEST_STEP][PASSED] - selectOptionByIndex: All options with index in [5] are selected on object 'Object Repository/GRN/Page_KDMC - CMS/select_JanFebMarAprMayJunJulAu'

2018-06-10 21:41:15 - [MESSAGE][PASSED] - All options with index in [5] are selected on object 'Object Repository/GRN/Page_KDMC - CMS/select_JanFebMarAprMayJunJulAu'

2018-06-10 21:41:15 - [TEST_STEP][PASSED] - click: Object: 'Object Repository/MOH AND GRN/Page_KDMC - CMS/a_12' is clicked on

2018-06-10 21:41:15 - [MESSAGE][PASSED] - Object: 'Object Repository/MOH AND GRN/Page_KDMC - CMS/a_12' is clicked on

2018-06-10 21:41:15 - [TEST_STEP][PASSED] - click: Object: 'Object Repository/MOH AND GRN/Page_KDMC - CMS/input_btnadd' is clicked on

2018-06-10 21:41:15 - [MESSAGE][PASSED] - Object: 'Object Repository/MOH AND GRN/Page_KDMC - CMS/input_btnadd' is clicked on

2018-06-10 21:41:15 - [TEST_STEP][PASSED] - Statement - If (s == 10): null

2018-06-10 21:41:15 - [TEST_STEP][PASSED] - Statement - Else: null

2018-06-10 21:41:15 - [TEST_STEP][PASSED] - Statement - (s++): null

2018-06-10 21:41:15 - [TEST_STEP][PASSED] - delay: Delayed 1 second(s)

2018-06-10 21:41:16 - [MESSAGE][PASSED] - Delayed 1 second(s)

2018-06-10 21:41:16 - [TEST_STEP][PASSED] - selectOptionByIndex: All options with index in [36] are selected on object 'Object Repository/MOH AND GRN/Page_KDMC - CMS/select_--Select--Amikacin -500'

2018-06-10 21:41:17 - [MESSAGE][PASSED] - All options with index in [36] are selected on object 'Object Repository/MOH AND GRN/Page_KDMC - CMS/select_--Select--Amikacin -500'

2018-06-10 21:41:17 - [TEST_STEP][PASSED] - setText: Text '5000' is set on object 'Object Repository/MOH AND GRN/Page_KDMC - CMS/input_txtqty'

2018-06-10 21:41:17 - [MESSAGE][PASSED] - Text '5000' is set on object 'Object Repository/MOH AND GRN/Page_KDMC - CMS/input_txtqty'

2018-06-10 21:41:17 - [TEST_STEP][PASSED] - selectOptionByIndex: All options with index in [1] are selected on object 'Object Repository/MOH AND GRN/Page_KDMC - CMS/select_--Select--No Tax0'

2018-06-10 21:41:17 - [MESSAGE][PASSED] - All options with index in [1] are selected on object 'Object Repository/MOH AND GRN/Page_KDMC - CMS/select_--Select--No Tax0'

2018-06-10 21:41:17 - [TEST_STEP][PASSED] - setText: Finding Test Object with id 'Object Repository/MOH AND GRN/Page_KDMC - CMS/input_txtmrp'

2018-06-10 21:41:17 - [TEST_STEP][PASSED] - Statement - switch (id): Finding Test Object with id 'Object Repository/MOH AND GRN/Page_KDMC - CMS/input_txtdeal'

2018-06-10 21:41:17 - [TEST_STEP][PASSED] - Statement - case 4:: Text '19.0' is set on object 'Object Repository/MOH AND GRN/Page_KDMC - CMS/input_txtmrp'

2018-06-10 21:41:17 - [TEST_STEP][PASSED] - Statement - return (java.lang.Math.floor((java.lang.Math.random() * ((max - min) + 1))) + min): Text '19.0' is set on object 'Object Repository/MOH AND GRN/Page_KDMC - CMS/input_txtmrp'

2018-06-10 21:41:17 - [MESSAGE][PASSED] - Text '19.0' is set on object 'Object Repository/MOH AND GRN/Page_KDMC - CMS/input_txtmrp'

2018-06-10 21:41:17 - [TEST_STEP][PASSED] - setText: Finding Test Object with id 'Object Repository/MOH AND GRN/Page_KDMC - CMS/input_txtdeal'

2018-06-10 21:41:17 - [TEST_STEP][PASSED] - Statement - switch (id): Finding Test Object with id 'Object Repository/MOH AND GRN/Page_KDMC - CMS/input_txtbatchno'

2018-06-10 21:41:17 - [TEST_STEP][PASSED] - Statement - case 5:: Text '6.0' is set on object 'Object Repository/MOH AND GRN/Page_KDMC - CMS/input_txtdeal'

2018-06-10 21:41:17 - [TEST_STEP][PASSED] - Statement - return (java.lang.Math.floor((java.lang.Math.random() * ((max - min) + 1))) + min): Text '6.0' is set on object 'Object Repository/MOH AND GRN/Page_KDMC - CMS/input_txtdeal'

2018-06-10 21:41:17 - [MESSAGE][PASSED] - Text '6.0' is set on object 'Object Repository/MOH AND GRN/Page_KDMC - CMS/input_txtdeal'

2018-06-10 21:41:17 - [TEST_STEP][PASSED] - setText: Finding Test Object with id 'Object Repository/MOH AND GRN/Page_KDMC - CMS/input_txtbatchno'

2018-06-10 21:41:17 - [TEST_STEP][PASSED] - Statement - switch (id): Finding Test Object with id 'Object Repository/MOH AND GRN/Page_KDMC - CMS/input_txtmrp'

2018-06-10 21:41:17 - [TEST_STEP][PASSED] - Statement - case 1:: Text 'BA324.0' is set on object 'Object Repository/MOH AND GRN/Page_KDMC - CMS/input_txtbatchno'

2018-06-10 21:41:17 - [TEST_STEP][PASSED] - Statement - return (java.lang.Math.floor((java.lang.Math.random() * ((max - min) + 1))) + min): Text 'BA324.0' is set on object 'Object Repository/MOH AND GRN/Page_KDMC - CMS/input_txtbatchno'

2018-06-10 21:41:17 - [MESSAGE][PASSED] - Text 'BA324.0' is set on object 'Object Repository/MOH AND GRN/Page_KDMC - CMS/input_txtbatchno'

2018-06-10 21:41:17 - [TEST_STEP][PASSED] - rightClick: Object: 'Object Repository/GRN/Page_KDMC - CMS/input_txtexpdate' is right clicked on

2018-06-10 21:41:17 - [MESSAGE][PASSED] - Object: 'Object Repository/GRN/Page_KDMC - CMS/input_txtexpdate' is right clicked on

2018-06-10 21:41:17 - [TEST_STEP][PASSED] - selectOptionByIndex: All options with index in [6] are selected on object 'Object Repository/GRN/Page_KDMC - CMS/select_20182019202020212022202'

2018-06-10 21:41:18 - [MESSAGE][PASSED] - All options with index in [6] are selected on object 'Object Repository/GRN/Page_KDMC - CMS/select_20182019202020212022202'

2018-06-10 21:41:18 - [TEST_STEP][PASSED] - selectOptionByIndex: All options with index in [6] are selected on object 'Object Repository/GRN/Page_KDMC - CMS/select_JanFebMarAprMayJunJulAu'

2018-06-10 21:41:18 - [MESSAGE][PASSED] - All options with index in [6] are selected on object 'Object Repository/GRN/Page_KDMC - CMS/select_JanFebMarAprMayJunJulAu'

2018-06-10 21:41:18 - [TEST_STEP][PASSED] - click: Object: 'Object Repository/MOH AND GRN/Page_KDMC - CMS/a_12' is clicked on

2018-06-10 21:41:18 - [MESSAGE][PASSED] - Object: 'Object Repository/MOH AND GRN/Page_KDMC - CMS/a_12' is clicked on

2018-06-10 21:41:18 - [TEST_STEP][PASSED] - click: Object: 'Object Repository/MOH AND GRN/Page_KDMC - CMS/input_btnadd' is clicked on

2018-06-10 21:41:18 - [MESSAGE][PASSED] - Object: 'Object Repository/MOH AND GRN/Page_KDMC - CMS/input_btnadd' is clicked on

2018-06-10 21:41:18 - [TEST_STEP][PASSED] - Statement - If (s == 10): null

2018-06-10 21:41:18 - [TEST_STEP][PASSED] - Statement - Else: null

2018-06-10 21:41:18 - [TEST_STEP][PASSED] - Statement - (s++): null

2018-06-10 21:41:18 - [TEST_STEP][PASSED] - delay: Delayed 1 second(s)

2018-06-10 21:41:19 - [MESSAGE][PASSED] - Delayed 1 second(s)

2018-06-10 21:41:19 - [TEST_STEP][PASSED] - selectOptionByIndex: All options with index in [37] are selected on object 'Object Repository/MOH AND GRN/Page_KDMC - CMS/select_--Select--Amikacin -500'

2018-06-10 21:41:20 - [MESSAGE][PASSED] - All options with index in [37] are selected on object 'Object Repository/MOH AND GRN/Page_KDMC - CMS/select_--Select--Amikacin -500'

2018-06-10 21:41:20 - [TEST_STEP][PASSED] - setText: Text '5000' is set on object 'Object Repository/MOH AND GRN/Page_KDMC - CMS/input_txtqty'

2018-06-10 21:41:20 - [MESSAGE][PASSED] - Text '5000' is set on object 'Object Repository/MOH AND GRN/Page_KDMC - CMS/input_txtqty'

2018-06-10 21:41:20 - [TEST_STEP][PASSED] - selectOptionByIndex: All options with index in [1] are selected on object 'Object Repository/MOH AND GRN/Page_KDMC - CMS/select_--Select--No Tax0'

2018-06-10 21:41:20 - [MESSAGE][PASSED] - All options with index in [1] are selected on object 'Object Repository/MOH AND GRN/Page_KDMC - CMS/select_--Select--No Tax0'

2018-06-10 21:41:20 - [TEST_STEP][PASSED] - setText: Finding Test Object with id 'Object Repository/MOH AND GRN/Page_KDMC - CMS/input_txtmrp'

2018-06-10 21:41:20 - [TEST_STEP][PASSED] - Statement - switch (id): Finding Test Object with id 'Object Repository/MOH AND GRN/Page_KDMC - CMS/input_txtdeal'

2018-06-10 21:41:20 - [TEST_STEP][PASSED] - Statement - case 4:: Text '41.0' is set on object 'Object Repository/MOH AND GRN/Page_KDMC - CMS/input_txtmrp'

2018-06-10 21:41:20 - [TEST_STEP][PASSED] - Statement - return (java.lang.Math.floor((java.lang.Math.random() * ((max - min) + 1))) + min): Text '41.0' is set on object 'Object Repository/MOH AND GRN/Page_KDMC - CMS/input_txtmrp'

2018-06-10 21:41:20 - [MESSAGE][PASSED] - Text '41.0' is set on object 'Object Repository/MOH AND GRN/Page_KDMC - CMS/input_txtmrp'

2018-06-10 21:41:20 - [TEST_STEP][PASSED] - setText: Finding Test Object with id 'Object Repository/MOH AND GRN/Page_KDMC - CMS/input_txtdeal'

2018-06-10 21:41:20 - [TEST_STEP][PASSED] - Statement - switch (id): Finding Test Object with id 'Object Repository/MOH AND GRN/Page_KDMC - CMS/input_txtbatchno'

2018-06-10 21:41:20 - [TEST_STEP][PASSED] - Statement - case 5:: Text '2.0' is set on object 'Object Repository/MOH AND GRN/Page_KDMC - CMS/input_txtdeal'

2018-06-10 21:41:20 - [TEST_STEP][PASSED] - Statement - return (java.lang.Math.floor((java.lang.Math.random() * ((max - min) + 1))) + min): Text '2.0' is set on object 'Object Repository/MOH AND GRN/Page_KDMC - CMS/input_txtdeal'

2018-06-10 21:41:20 - [MESSAGE][PASSED] - Text '2.0' is set on object 'Object Repository/MOH AND GRN/Page_KDMC - CMS/input_txtdeal'

2018-06-10 21:41:20 - [TEST_STEP][PASSED] - setText: Finding Test Object with id 'Object Repository/MOH AND GRN/Page_KDMC - CMS/input_txtbatchno'

2018-06-10 21:41:20 - [TEST_STEP][PASSED] - Statement - switch (id): Finding Test Object with id 'Object Repository/MOH AND GRN/Page_KDMC - CMS/input_txtmrp'

2018-06-10 21:41:20 - [TEST_STEP][PASSED] - Statement - case 1:: Text 'BA799.0' is set on object 'Object Repository/MOH AND GRN/Page_KDMC - CMS/input_txtbatchno'

2018-06-10 21:41:20 - [TEST_STEP][PASSED] - Statement - return (java.lang.Math.floor((java.lang.Math.random() * ((max - min) + 1))) + min): Text 'BA799.0' is set on object 'Object Repository/MOH AND GRN/Page_KDMC - CMS/input_txtbatchno'

2018-06-10 21:41:20 - [MESSAGE][PASSED] - Text 'BA799.0' is set on object 'Object Repository/MOH AND GRN/Page_KDMC - CMS/input_txtbatchno'

2018-06-10 21:41:20 - [TEST_STEP][PASSED] - rightClick: Object: 'Object Repository/GRN/Page_KDMC - CMS/input_txtexpdate' is right clicked on

2018-06-10 21:41:20 - [MESSAGE][PASSED] - Object: 'Object Repository/GRN/Page_KDMC - CMS/input_txtexpdate' is right clicked on

2018-06-10 21:41:20 - [TEST_STEP][PASSED] - selectOptionByIndex: All options with index in [7] are selected on object 'Object Repository/GRN/Page_KDMC - CMS/select_20182019202020212022202'

2018-06-10 21:41:20 - [MESSAGE][PASSED] - All options with index in [7] are selected on object 'Object Repository/GRN/Page_KDMC - CMS/select_20182019202020212022202'

2018-06-10 21:41:20 - [TEST_STEP][PASSED] - selectOptionByIndex: All options with index in [7] are selected on object 'Object Repository/GRN/Page_KDMC - CMS/select_JanFebMarAprMayJunJulAu'

2018-06-10 21:41:21 - [MESSAGE][PASSED] - All options with index in [7] are selected on object 'Object Repository/GRN/Page_KDMC - CMS/select_JanFebMarAprMayJunJulAu'

2018-06-10 21:41:21 - [TEST_STEP][PASSED] - click: Object: 'Object Repository/MOH AND GRN/Page_KDMC - CMS/a_12' is clicked on

2018-06-10 21:41:21 - [MESSAGE][PASSED] - Object: 'Object Repository/MOH AND GRN/Page_KDMC - CMS/a_12' is clicked on

2018-06-10 21:41:21 - [TEST_STEP][PASSED] - click: Object: 'Object Repository/MOH AND GRN/Page_KDMC - CMS/input_btnadd' is clicked on

2018-06-10 21:41:21 - [MESSAGE][PASSED] - Object: 'Object Repository/MOH AND GRN/Page_KDMC - CMS/input_btnadd' is clicked on

2018-06-10 21:41:21 - [TEST_STEP][PASSED] - Statement - If (s == 10): null

2018-06-10 21:41:21 - [TEST_STEP][PASSED] - Statement - Else: null

2018-06-10 21:41:21 - [TEST_STEP][PASSED] - Statement - (s++): null

2018-06-10 21:41:21 - [TEST_STEP][PASSED] - delay: Delayed 1 second(s)

2018-06-10 21:41:22 - [MESSAGE][PASSED] - Delayed 1 second(s)

2018-06-10 21:41:22 - [TEST_STEP][PASSED] - selectOptionByIndex: All options with index in [38] are selected on object 'Object Repository/MOH AND GRN/Page_KDMC - CMS/select_--Select--Amikacin -500'

2018-06-10 21:41:22 - [MESSAGE][PASSED] - All options with index in [38] are selected on object 'Object Repository/MOH AND GRN/Page_KDMC - CMS/select_--Select--Amikacin -500'

2018-06-10 21:41:22 - [TEST_STEP][PASSED] - setText: Text '5000' is set on object 'Object Repository/MOH AND GRN/Page_KDMC - CMS/input_txtqty'

2018-06-10 21:41:22 - [MESSAGE][PASSED] - Text '5000' is set on object 'Object Repository/MOH AND GRN/Page_KDMC - CMS/input_txtqty'

2018-06-10 21:41:22 - [TEST_STEP][PASSED] - selectOptionByIndex: All options with index in [1] are selected on object 'Object Repository/MOH AND GRN/Page_KDMC - CMS/select_--Select--No Tax0'

2018-06-10 21:41:23 - [MESSAGE][PASSED] - All options with index in [1] are selected on object 'Object Repository/MOH AND GRN/Page_KDMC - CMS/select_--Select--No Tax0'

2018-06-10 21:41:23 - [TEST_STEP][PASSED] - setText: Finding Test Object with id 'Object Repository/MOH AND GRN/Page_KDMC - CMS/input_txtmrp'

2018-06-10 21:41:23 - [TEST_STEP][PASSED] - Statement - switch (id): Finding Test Object with id 'Object Repository/MOH AND GRN/Page_KDMC - CMS/input_txtdeal'

2018-06-10 21:41:23 - [TEST_STEP][PASSED] - Statement - case 4:: Text '37.0' is set on object 'Object Repository/MOH AND GRN/Page_KDMC - CMS/input_txtmrp'

2018-06-10 21:41:23 - [TEST_STEP][PASSED] - Statement - return (java.lang.Math.floor((java.lang.Math.random() * ((max - min) + 1))) + min): Text '37.0' is set on object 'Object Repository/MOH AND GRN/Page_KDMC - CMS/input_txtmrp'

2018-06-10 21:41:23 - [MESSAGE][PASSED] - Text '37.0' is set on object 'Object Repository/MOH AND GRN/Page_KDMC - CMS/input_txtmrp'

2018-06-10 21:41:23 - [TEST_STEP][PASSED] - setText: Finding Test Object with id 'Object Repository/MOH AND GRN/Page_KDMC - CMS/input_txtdeal'

2018-06-10 21:41:23 - [TEST_STEP][PASSED] - Statement - switch (id): Finding Test Object with id 'Object Repository/MOH AND GRN/Page_KDMC - CMS/input_txtbatchno'

2018-06-10 21:41:23 - [TEST_STEP][PASSED] - Statement - case 5:: Text '5.0' is set on object 'Object Repository/MOH AND GRN/Page_KDMC - CMS/input_txtdeal'

2018-06-10 21:41:23 - [TEST_STEP][PASSED] - Statement - return (java.lang.Math.floor((java.lang.Math.random() * ((max - min) + 1))) + min): Text '5.0' is set on object 'Object Repository/MOH AND GRN/Page_KDMC - CMS/input_txtdeal'

2018-06-10 21:41:23 - [MESSAGE][PASSED] - Text '5.0' is set on object 'Object Repository/MOH AND GRN/Page_KDMC - CMS/input_txtdeal'

2018-06-10 21:41:23 - [TEST_STEP][PASSED] - setText: Finding Test Object with id 'Object Repository/MOH AND GRN/Page_KDMC - CMS/input_txtbatchno'

2018-06-10 21:41:23 - [TEST_STEP][PASSED] - Statement - switch (id): Finding Test Object with id 'Object Repository/MOH AND GRN/Page_KDMC - CMS/input_txtmrp'

2018-06-10 21:41:23 - [TEST_STEP][PASSED] - Statement - case 1:: Text 'BA314.0' is set on object 'Object Repository/MOH AND GRN/Page_KDMC - CMS/input_txtbatchno'

2018-06-10 21:41:23 - [TEST_STEP][PASSED] - Statement - return (java.lang.Math.floor((java.lang.Math.random() * ((max - min) + 1))) + min): Text 'BA314.0' is set on object 'Object Repository/MOH AND GRN/Page_KDMC - CMS/input_txtbatchno'

2018-06-10 21:41:23 - [MESSAGE][PASSED] - Text 'BA314.0' is set on object 'Object Repository/MOH AND GRN/Page_KDMC - CMS/input_txtbatchno'

2018-06-10 21:41:23 - [TEST_STEP][PASSED] - rightClick: Object: 'Object Repository/GRN/Page_KDMC - CMS/input_txtexpdate' is right clicked on

2018-06-10 21:41:23 - [MESSAGE][PASSED] - Object: 'Object Repository/GRN/Page_KDMC - CMS/input_txtexpdate' is right clicked on

2018-06-10 21:41:23 - [TEST_STEP][PASSED] - selectOptionByIndex: All options with index in [8] are selected on object 'Object Repository/GRN/Page_KDMC - CMS/select_20182019202020212022202'

2018-06-10 21:41:23 - [MESSAGE][PASSED] - All options with index in [8] are selected on object 'Object Repository/GRN/Page_KDMC - CMS/select_20182019202020212022202'

2018-06-10 21:41:23 - [TEST_STEP][PASSED] - selectOptionByIndex: All options with index in [8] are selected on object 'Object Repository/GRN/Page_KDMC - CMS/select_JanFebMarAprMayJunJulAu'

2018-06-10 21:41:23 - [MESSAGE][PASSED] - All options with index in [8] are selected on object 'Object Repository/GRN/Page_KDMC - CMS/select_JanFebMarAprMayJunJulAu'

2018-06-10 21:41:23 - [TEST_STEP][PASSED] - click: Object: 'Object Repository/MOH AND GRN/Page_KDMC - CMS/a_12' is clicked on

2018-06-10 21:41:24 - [MESSAGE][PASSED] - Object: 'Object Repository/MOH AND GRN/Page_KDMC - CMS/a_12' is clicked on

2018-06-10 21:41:24 - [TEST_STEP][PASSED] - click: Object: 'Object Repository/MOH AND GRN/Page_KDMC - CMS/input_btnadd' is clicked on

2018-06-10 21:41:24 - [MESSAGE][PASSED] - Object: 'Object Repository/MOH AND GRN/Page_KDMC - CMS/input_btnadd' is clicked on

2018-06-10 21:41:24 - [TEST_STEP][PASSED] - Statement - If (s == 10): null

2018-06-10 21:41:24 - [TEST_STEP][PASSED] - Statement - Else: null

2018-06-10 21:41:24 - [TEST_STEP][PASSED] - Statement - (s++): null

2018-06-10 21:41:24 - [TEST_STEP][PASSED] - delay: Delayed 1 second(s)

2018-06-10 21:41:25 - [MESSAGE][PASSED] - Delayed 1 second(s)

2018-06-10 21:41:25 - [TEST_STEP][PASSED] - selectOptionByIndex: All options with index in [39] are selected on object 'Object Repository/MOH AND GRN/Page_KDMC - CMS/select_--Select--Amikacin -500'

2018-06-10 21:41:25 - [MESSAGE][PASSED] - All options with index in [39] are selected on object 'Object Repository/MOH AND GRN/Page_KDMC - CMS/select_--Select--Amikacin -500'

2018-06-10 21:41:25 - [TEST_STEP][PASSED] - setText: Text '5000' is set on object 'Object Repository/MOH AND GRN/Page_KDMC - CMS/input_txtqty'

2018-06-10 21:41:25 - [MESSAGE][PASSED] - Text '5000' is set on object 'Object Repository/MOH AND GRN/Page_KDMC - CMS/input_txtqty'

2018-06-10 21:41:25 - [TEST_STEP][PASSED] - selectOptionByIndex: All options with index in [1] are selected on object 'Object Repository/MOH AND GRN/Page_KDMC - CMS/select_--Select--No Tax0'

2018-06-10 21:41:25 - [MESSAGE][PASSED] - All options with index in [1] are selected on object 'Object Repository/MOH AND GRN/Page_KDMC - CMS/select_--Select--No Tax0'

2018-06-10 21:41:25 - [TEST_STEP][PASSED] - setText: Finding Test Object with id 'Object Repository/MOH AND GRN/Page_KDMC - CMS/input_txtmrp'

2018-06-10 21:41:25 - [TEST_STEP][PASSED] - Statement - switch (id): Finding Test Object with id 'Object Repository/MOH AND GRN/Page_KDMC - CMS/input_txtdeal'

2018-06-10 21:41:25 - [TEST_STEP][PASSED] - Statement - case 4:: Text '29.0' is set on object 'Object Repository/MOH AND GRN/Page_KDMC - CMS/input_txtmrp'

2018-06-10 21:41:25 - [TEST_STEP][PASSED] - Statement - return (java.lang.Math.floor((java.lang.Math.random() * ((max - min) + 1))) + min): Text '29.0' is set on object 'Object Repository/MOH AND GRN/Page_KDMC - CMS/input_txtmrp'

2018-06-10 21:41:26 - [MESSAGE][PASSED] - Text '29.0' is set on object 'Object Repository/MOH AND GRN/Page_KDMC - CMS/input_txtmrp'

2018-06-10 21:41:26 - [TEST_STEP][PASSED] - setText: Finding Test Object with id 'Object Repository/MOH AND GRN/Page_KDMC - CMS/input_txtdeal'

2018-06-10 21:41:26 - [TEST_STEP][PASSED] - Statement - switch (id): Finding Test Object with id 'Object Repository/MOH AND GRN/Page_KDMC - CMS/input_txtbatchno'

2018-06-10 21:41:26 - [TEST_STEP][PASSED] - Statement - case 5:: Text '4.0' is set on object 'Object Repository/MOH AND GRN/Page_KDMC - CMS/input_txtdeal'

2018-06-10 21:41:26 - [TEST_STEP][PASSED] - Statement - return (java.lang.Math.floor((java.lang.Math.random() * ((max - min) + 1))) + min): Text '4.0' is set on object 'Object Repository/MOH AND GRN/Page_KDMC - CMS/input_txtdeal'

2018-06-10 21:41:26 - [MESSAGE][PASSED] - Text '4.0' is set on object 'Object Repository/MOH AND GRN/Page_KDMC - CMS/input_txtdeal'

2018-06-10 21:41:26 - [TEST_STEP][PASSED] - setText: Finding Test Object with id 'Object Repository/MOH AND GRN/Page_KDMC - CMS/input_txtbatchno'

2018-06-10 21:41:26 - [TEST_STEP][PASSED] - Statement - switch (id): Finding Test Object with id 'Object Repository/MOH AND GRN/Page_KDMC - CMS/input_txtmrp'

2018-06-10 21:41:26 - [TEST_STEP][PASSED] - Statement - case 1:: Text 'BA526.0' is set on object 'Object Repository/MOH AND GRN/Page_KDMC - CMS/input_txtbatchno'

2018-06-10 21:41:26 - [TEST_STEP][PASSED] - Statement - return (java.lang.Math.floor((java.lang.Math.random() * ((max - min) + 1))) + min): Text 'BA526.0' is set on object 'Object Repository/MOH AND GRN/Page_KDMC - CMS/input_txtbatchno'

2018-06-10 21:41:26 - [MESSAGE][PASSED] - Text 'BA526.0' is set on object 'Object Repository/MOH AND GRN/Page_KDMC - CMS/input_txtbatchno'

2018-06-10 21:41:26 - [TEST_STEP][PASSED] - rightClick: Object: 'Object Repository/GRN/Page_KDMC - CMS/input_txtexpdate' is right clicked on

2018-06-10 21:41:26 - [MESSAGE][PASSED] - Object: 'Object Repository/GRN/Page_KDMC - CMS/input_txtexpdate' is right clicked on

2018-06-10 21:41:26 - [TEST_STEP][PASSED] - selectOptionByIndex: All options with index in [9] are selected on object 'Object Repository/GRN/Page_KDMC - CMS/select_20182019202020212022202'

2018-06-10 21:41:26 - [MESSAGE][PASSED] - All options with index in [9] are selected on object 'Object Repository/GRN/Page_KDMC - CMS/select_20182019202020212022202'

2018-06-10 21:41:26 - [TEST_STEP][PASSED] - selectOptionByIndex: All options with index in [9] are selected on object 'Object Repository/GRN/Page_KDMC - CMS/select_JanFebMarAprMayJunJulAu'

2018-06-10 21:41:26 - [MESSAGE][PASSED] - All options with index in [9] are selected on object 'Object Repository/GRN/Page_KDMC - CMS/select_JanFebMarAprMayJunJulAu'

2018-06-10 21:41:26 - [TEST_STEP][PASSED] - click: Object: 'Object Repository/MOH AND GRN/Page_KDMC - CMS/a_12' is clicked on

2018-06-10 21:41:26 - [MESSAGE][PASSED] - Object: 'Object Repository/MOH AND GRN/Page_KDMC - CMS/a_12' is clicked on

2018-06-10 21:41:26 - [TEST_STEP][PASSED] - click: Object: 'Object Repository/MOH AND GRN/Page_KDMC - CMS/input_btnadd' is clicked on

2018-06-10 21:41:27 - [MESSAGE][PASSED] - Object: 'Object Repository/MOH AND GRN/Page_KDMC - CMS/input_btnadd' is clicked on

2018-06-10 21:41:27 - [TEST_STEP][PASSED] - Statement - If (s == 10): null

2018-06-10 21:41:27 - [TEST_STEP][PASSED] - Statement - Else: null

2018-06-10 21:41:27 - [TEST_STEP][PASSED] - Statement - (s++): null

2018-06-10 21:41:27 - [TEST_STEP][PASSED] - delay: Delayed 1 second(s)

2018-06-10 21:41:28 - [MESSAGE][PASSED] - Delayed 1 second(s)

2018-06-10 21:41:28 - [TEST_STEP][PASSED] - selectOptionByIndex: All options with index in [40] are selected on object 'Object Repository/MOH AND GRN/Page_KDMC - CMS/select_--Select--Amikacin -500'

2018-06-10 21:41:28 - [MESSAGE][PASSED] - All options with index in [40] are selected on object 'Object Repository/MOH AND GRN/Page_KDMC - CMS/select_--Select--Amikacin -500'

2018-06-10 21:41:28 - [TEST_STEP][PASSED] - setText: Text '5000' is set on object 'Object Repository/MOH AND GRN/Page_KDMC - CMS/input_txtqty'

2018-06-10 21:41:28 - [MESSAGE][PASSED] - Text '5000' is set on object 'Object Repository/MOH AND GRN/Page_KDMC - CMS/input_txtqty'

2018-06-10 21:41:28 - [TEST_STEP][PASSED] - selectOptionByIndex: All options with index in [1] are selected on object 'Object Repository/MOH AND GRN/Page_KDMC - CMS/select_--Select--No Tax0'

2018-06-10 21:41:28 - [MESSAGE][PASSED] - All options with index in [1] are selected on object 'Object Repository/MOH AND GRN/Page_KDMC - CMS/select_--Select--No Tax0'

2018-06-10 21:41:28 - [TEST_STEP][PASSED] - setText: Finding Test Object with id 'Object Repository/MOH AND GRN/Page_KDMC - CMS/input_txtmrp'

2018-06-10 21:41:28 - [TEST_STEP][PASSED] - Statement - switch (id): Finding Test Object with id 'Object Repository/MOH AND GRN/Page_KDMC - CMS/input_txtdeal'

2018-06-10 21:41:28 - [TEST_STEP][PASSED] - Statement - case 4:: Text '35.0' is set on object 'Object Repository/MOH AND GRN/Page_KDMC - CMS/input_txtmrp'

2018-06-10 21:41:28 - [TEST_STEP][PASSED] - Statement - return (java.lang.Math.floor((java.lang.Math.random() * ((max - min) + 1))) + min): Text '35.0' is set on object 'Object Repository/MOH AND GRN/Page_KDMC - CMS/input_txtmrp'

2018-06-10 21:41:28 - [MESSAGE][PASSED] - Text '35.0' is set on object 'Object Repository/MOH AND GRN/Page_KDMC - CMS/input_txtmrp'

2018-06-10 21:41:28 - [TEST_STEP][PASSED] - setText: Finding Test Object with id 'Object Repository/MOH AND GRN/Page_KDMC - CMS/input_txtdeal'

2018-06-10 21:41:28 - [TEST_STEP][PASSED] - Statement - switch (id): Finding Test Object with id 'Object Repository/MOH AND GRN/Page_KDMC - CMS/input_txtbatchno'

2018-06-10 21:41:28 - [TEST_STEP][PASSED] - Statement - case 5:: Text '1.0' is set on object 'Object Repository/MOH AND GRN/Page_KDMC - CMS/input_txtdeal'

2018-06-10 21:41:28 - [TEST_STEP][PASSED] - Statement - return (java.lang.Math.floor((java.lang.Math.random() * ((max - min) + 1))) + min): Text '1.0' is set on object 'Object Repository/MOH AND GRN/Page_KDMC - CMS/input_txtdeal'

2018-06-10 21:41:28 - [MESSAGE][PASSED] - Text '1.0' is set on object 'Object Repository/MOH AND GRN/Page_KDMC - CMS/input_txtdeal'

2018-06-10 21:41:28 - [TEST_STEP][PASSED] - setText: Finding Test Object with id 'Object Repository/MOH AND GRN/Page_KDMC - CMS/input_txtbatchno'

2018-06-10 21:41:28 - [TEST_STEP][PASSED] - Statement - switch (id): Finding Test Object with id 'Object Repository/MOH AND GRN/Page_KDMC - CMS/input_txtmrp'

2018-06-10 21:41:28 - [TEST_STEP][PASSED] - Statement - case 1:: Text 'BA536.0' is set on object 'Object Repository/MOH AND GRN/Page_KDMC - CMS/input_txtbatchno'

2018-06-10 21:41:28 - [TEST_STEP][PASSED] - Statement - return (java.lang.Math.floor((java.lang.Math.random() * ((max - min) + 1))) + min): Text 'BA536.0' is set on object 'Object Repository/MOH AND GRN/Page_KDMC - CMS/input_txtbatchno'

2018-06-10 21:41:29 - [MESSAGE][PASSED] - Text 'BA536.0' is set on object 'Object Repository/MOH AND GRN/Page_KDMC - CMS/input_txtbatchno'

2018-06-10 21:41:29 - [TEST_STEP][PASSED] - rightClick: Object: 'Object Repository/GRN/Page_KDMC - CMS/input_txtexpdate' is right clicked on

2018-06-10 21:41:29 - [MESSAGE][PASSED] - Object: 'Object Repository/GRN/Page_KDMC - CMS/input_txtexpdate' is right clicked on

2018-06-10 21:41:29 - [TEST_STEP][PASSED] - selectOptionByIndex: All options with index in [10] are selected on object 'Object Repository/GRN/Page_KDMC - CMS/select_20182019202020212022202'

2018-06-10 21:41:29 - [MESSAGE][PASSED] - All options with index in [10] are selected on object 'Object Repository/GRN/Page_KDMC - CMS/select_20182019202020212022202'

2018-06-10 21:41:29 - [TEST_STEP][PASSED] - selectOptionByIndex: All options with index in [10] are selected on object 'Object Repository/GRN/Page_KDMC - CMS/select_JanFebMarAprMayJunJulAu'

2018-06-10 21:41:29 - [MESSAGE][PASSED] - All options with index in [10] are selected on object 'Object Repository/GRN/Page_KDMC - CMS/select_JanFebMarAprMayJunJulAu'

2018-06-10 21:41:29 - [TEST_STEP][PASSED] - click: Object: 'Object Repository/MOH AND GRN/Page_KDMC - CMS/a_12' is clicked on

2018-06-10 21:41:29 - [MESSAGE][PASSED] - Object: 'Object Repository/MOH AND GRN/Page_KDMC - CMS/a_12' is clicked on

2018-06-10 21:41:29 - [TEST_STEP][PASSED] - click: Object: 'Object Repository/MOH AND GRN/Page_KDMC - CMS/input_btnadd' is clicked on

2018-06-10 21:41:29 - [MESSAGE][PASSED] - Object: 'Object Repository/MOH AND GRN/Page_KDMC - CMS/input_btnadd' is clicked on

2018-06-10 21:41:29 - [TEST_STEP][PASSED] - Statement - If (s == 10): null

2018-06-10 21:41:29 - [TEST_STEP][PASSED] - Statement - s = 1: null

2018-06-10 21:41:29 - [TEST_STEP][PASSED] - delay: Delayed 1 second(s)

2018-06-10 21:41:30 - [MESSAGE][PASSED] - Delayed 1 second(s)

2018-06-10 21:41:30 - [TEST_STEP][PASSED] - selectOptionByIndex: All options with index in [41] are selected on object 'Object Repository/MOH AND GRN/Page_KDMC - CMS/select_--Select--Amikacin -500'

2018-06-10 21:41:31 - [MESSAGE][PASSED] - All options with index in [41] are selected on object 'Object Repository/MOH AND GRN/Page_KDMC - CMS/select_--Select--Amikacin -500'

2018-06-10 21:41:31 - [TEST_STEP][PASSED] - setText: Text '5000' is set on object 'Object Repository/MOH AND GRN/Page_KDMC - CMS/input_txtqty'

2018-06-10 21:41:31 - [MESSAGE][PASSED] - Text '5000' is set on object 'Object Repository/MOH AND GRN/Page_KDMC - CMS/input_txtqty'

2018-06-10 21:41:31 - [TEST_STEP][PASSED] - selectOptionByIndex: All options with index in [1] are selected on object 'Object Repository/MOH AND GRN/Page_KDMC - CMS/select_--Select--No Tax0'

2018-06-10 21:41:31 - [MESSAGE][PASSED] - All options with index in [1] are selected on object 'Object Repository/MOH AND GRN/Page_KDMC - CMS/select_--Select--No Tax0'

2018-06-10 21:41:31 - [TEST_STEP][PASSED] - setText: Finding Test Object with id 'Object Repository/MOH AND GRN/Page_KDMC - CMS/input_txtmrp'

2018-06-10 21:41:31 - [TEST_STEP][PASSED] - Statement - switch (id): Finding Test Object with id 'Object Repository/MOH AND GRN/Page_KDMC - CMS/input_txtdeal'

2018-06-10 21:41:31 - [TEST_STEP][PASSED] - Statement - case 4:: Text '20.0' is set on object 'Object Repository/MOH AND GRN/Page_KDMC - CMS/input_txtmrp'

2018-06-10 21:41:31 - [TEST_STEP][PASSED] - Statement - return (java.lang.Math.floor((java.lang.Math.random() * ((max - min) + 1))) + min): Text '20.0' is set on object 'Object Repository/MOH AND GRN/Page_KDMC - CMS/input_txtmrp'

2018-06-10 21:41:31 - [MESSAGE][PASSED] - Text '20.0' is set on object 'Object Repository/MOH AND GRN/Page_KDMC - CMS/input_txtmrp'

2018-06-10 21:41:31 - [TEST_STEP][PASSED] - setText: Finding Test Object with id 'Object Repository/MOH AND GRN/Page_KDMC - CMS/input_txtdeal'

2018-06-10 21:41:31 - [TEST_STEP][PASSED] - Statement - switch (id): Finding Test Object with id 'Object Repository/MOH AND GRN/Page_KDMC - CMS/input_txtbatchno'

2018-06-10 21:41:31 - [TEST_STEP][PASSED] - Statement - case 5:: Text '7.0' is set on object 'Object Repository/MOH AND GRN/Page_KDMC - CMS/input_txtdeal'

2018-06-10 21:41:31 - [TEST_STEP][PASSED] - Statement - return (java.lang.Math.floor((java.lang.Math.random() * ((max - min) + 1))) + min): Text '7.0' is set on object 'Object Repository/MOH AND GRN/Page_KDMC - CMS/input_txtdeal'

2018-06-10 21:41:31 - [MESSAGE][PASSED] - Text '7.0' is set on object 'Object Repository/MOH AND GRN/Page_KDMC - CMS/input_txtdeal'

2018-06-10 21:41:31 - [TEST_STEP][PASSED] - setText: Finding Test Object with id 'Object Repository/MOH AND GRN/Page_KDMC - CMS/input_txtbatchno'

2018-06-10 21:41:31 - [TEST_STEP][PASSED] - Statement - switch (id): Finding Test Object with id 'Object Repository/MOH AND GRN/Page_KDMC - CMS/input_txtmrp'

2018-06-10 21:41:31 - [TEST_STEP][PASSED] - Statement - case 1:: Text 'BA779.0' is set on object 'Object Repository/MOH AND GRN/Page_KDMC - CMS/input_txtbatchno'

2018-06-10 21:41:31 - [TEST_STEP][PASSED] - Statement - return (java.lang.Math.floor((java.lang.Math.random() * ((max - min) + 1))) + min): Text 'BA779.0' is set on object 'Object Repository/MOH AND GRN/Page_KDMC - CMS/input_txtbatchno'

2018-06-10 21:41:31 - [MESSAGE][PASSED] - Text 'BA779.0' is set on object 'Object Repository/MOH AND GRN/Page_KDMC - CMS/input_txtbatchno'

2018-06-10 21:41:31 - [TEST_STEP][PASSED] - rightClick: Object: 'Object Repository/GRN/Page_KDMC - CMS/input_txtexpdate' is right clicked on

2018-06-10 21:41:32 - [MESSAGE][PASSED] - Object: 'Object Repository/GRN/Page_KDMC - CMS/input_txtexpdate' is right clicked on

2018-06-10 21:41:32 - [TEST_STEP][PASSED] - selectOptionByIndex: All options with index in [1] are selected on object 'Object Repository/GRN/Page_KDMC - CMS/select_20182019202020212022202'

2018-06-10 21:41:32 - [MESSAGE][PASSED] - All options with index in [1] are selected on object 'Object Repository/GRN/Page_KDMC - CMS/select_20182019202020212022202'

2018-06-10 21:41:32 - [TEST_STEP][PASSED] - selectOptionByIndex: All options with index in [1] are selected on object 'Object Repository/GRN/Page_KDMC - CMS/select_JanFebMarAprMayJunJulAu'

2018-06-10 21:41:32 - [MESSAGE][PASSED] - All options with index in [1] are selected on object 'Object Repository/GRN/Page_KDMC - CMS/select_JanFebMarAprMayJunJulAu'

2018-06-10 21:41:32 - [TEST_STEP][PASSED] - click: Object: 'Object Repository/MOH AND GRN/Page_KDMC - CMS/a_12' is clicked on

2018-06-10 21:41:32 - [MESSAGE][PASSED] - Object: 'Object Repository/MOH AND GRN/Page_KDMC - CMS/a_12' is clicked on

2018-06-10 21:41:32 - [TEST_STEP][PASSED] - click: Object: 'Object Repository/MOH AND GRN/Page_KDMC - CMS/input_btnadd' is clicked on

2018-06-10 21:41:32 - [MESSAGE][PASSED] - Object: 'Object Repository/MOH AND GRN/Page_KDMC - CMS/input_btnadd' is clicked on

2018-06-10 21:41:32 - [TEST_STEP][PASSED] - Statement - If (s == 10): null

2018-06-10 21:41:32 - [TEST_STEP][PASSED] - Statement - Else: null

2018-06-10 21:41:32 - [TEST_STEP][PASSED] - Statement - (s++): null

2018-06-10 21:41:32 - [TEST_STEP][PASSED] - delay: Delayed 1 second(s)

2018-06-10 21:41:33 - [MESSAGE][PASSED] - Delayed 1 second(s)

2018-06-10 21:41:33 - [TEST_STEP][PASSED] - selectOptionByIndex: All options with index in [42] are selected on object 'Object Repository/MOH AND GRN/Page_KDMC - CMS/select_--Select--Amikacin -500'

2018-06-10 21:41:34 - [MESSAGE][PASSED] - All options with index in [42] are selected on object 'Object Repository/MOH AND GRN/Page_KDMC - CMS/select_--Select--Amikacin -500'

2018-06-10 21:41:34 - [TEST_STEP][PASSED] - setText: Text '5000' is set on object 'Object Repository/MOH AND GRN/Page_KDMC - CMS/input_txtqty'

2018-06-10 21:41:34 - [MESSAGE][PASSED] - Text '5000' is set on object 'Object Repository/MOH AND GRN/Page_KDMC - CMS/input_txtqty'

2018-06-10 21:41:34 - [TEST_STEP][PASSED] - selectOptionByIndex: All options with index in [1] are selected on object 'Object Repository/MOH AND GRN/Page_KDMC - CMS/select_--Select--No Tax0'

2018-06-10 21:41:34 - [MESSAGE][PASSED] - All options with index in [1] are selected on object 'Object Repository/MOH AND GRN/Page_KDMC - CMS/select_--Select--No Tax0'

2018-06-10 21:41:34 - [TEST_STEP][PASSED] - setText: Finding Test Object with id 'Object Repository/MOH AND GRN/Page_KDMC - CMS/input_txtmrp'

2018-06-10 21:41:34 - [TEST_STEP][PASSED] - Statement - switch (id): Finding Test Object with id 'Object Repository/MOH AND GRN/Page_KDMC - CMS/input_txtdeal'

2018-06-10 21:41:34 - [TEST_STEP][PASSED] - Statement - case 4:: Text '29.0' is set on object 'Object Repository/MOH AND GRN/Page_KDMC - CMS/input_txtmrp'

2018-06-10 21:41:34 - [TEST_STEP][PASSED] - Statement - return (java.lang.Math.floor((java.lang.Math.random() * ((max - min) + 1))) + min): Text '29.0' is set on object 'Object Repository/MOH AND GRN/Page_KDMC - CMS/input_txtmrp'

2018-06-10 21:41:34 - [MESSAGE][PASSED] - Text '29.0' is set on object 'Object Repository/MOH AND GRN/Page_KDMC - CMS/input_txtmrp'

2018-06-10 21:41:34 - [TEST_STEP][PASSED] - setText: Finding Test Object with id 'Object Repository/MOH AND GRN/Page_KDMC - CMS/input_txtdeal'

2018-06-10 21:41:34 - [TEST_STEP][PASSED] - Statement - switch (id): Finding Test Object with id 'Object Repository/MOH AND GRN/Page_KDMC - CMS/input_txtbatchno'

2018-06-10 21:41:34 - [TEST_STEP][PASSED] - Statement - case 5:: Text '5.0' is set on object 'Object Repository/MOH AND GRN/Page_KDMC - CMS/input_txtdeal'

2018-06-10 21:41:34 - [TEST_STEP][PASSED] - Statement - return (java.lang.Math.floor((java.lang.Math.random() * ((max - min) + 1))) + min): Text '5.0' is set on object 'Object Repository/MOH AND GRN/Page_KDMC - CMS/input_txtdeal'

2018-06-10 21:41:34 - [MESSAGE][PASSED] - Text '5.0' is set on object 'Object Repository/MOH AND GRN/Page_KDMC - CMS/input_txtdeal'

2018-06-10 21:41:34 - [TEST_STEP][PASSED] - setText: Finding Test Object with id 'Object Repository/MOH AND GRN/Page_KDMC - CMS/input_txtbatchno'

2018-06-10 21:41:34 - [TEST_STEP][PASSED] - Statement - switch (id): Finding Test Object with id 'Object Repository/MOH AND GRN/Page_KDMC - CMS/input_txtmrp'

2018-06-10 21:41:34 - [TEST_STEP][PASSED] - Statement - case 1:: Text 'BA658.0' is set on object 'Object Repository/MOH AND GRN/Page_KDMC - CMS/input_txtbatchno'

2018-06-10 21:41:34 - [TEST_STEP][PASSED] - Statement - return (java.lang.Math.floor((java.lang.Math.random() * ((max - min) + 1))) + min): Text 'BA658.0' is set on object 'Object Repository/MOH AND GRN/Page_KDMC - CMS/input_txtbatchno'

2018-06-10 21:41:34 - [MESSAGE][PASSED] - Text 'BA658.0' is set on object 'Object Repository/MOH AND GRN/Page_KDMC - CMS/input_txtbatchno'

2018-06-10 21:41:34 - [TEST_STEP][PASSED] - rightClick: Object: 'Object Repository/GRN/Page_KDMC - CMS/input_txtexpdate' is right clicked on

2018-06-10 21:41:34 - [MESSAGE][PASSED] - Object: 'Object Repository/GRN/Page_KDMC - CMS/input_txtexpdate' is right clicked on

2018-06-10 21:41:34 - [TEST_STEP][PASSED] - selectOptionByIndex: All options with index in [2] are selected on object 'Object Repository/GRN/Page_KDMC - CMS/select_20182019202020212022202'

2018-06-10 21:41:34 - [MESSAGE][PASSED] - All options with index in [2] are selected on object 'Object Repository/GRN/Page_KDMC - CMS/select_20182019202020212022202'

2018-06-10 21:41:34 - [TEST_STEP][PASSED] - selectOptionByIndex: All options with index in [2] are selected on object 'Object Repository/GRN/Page_KDMC - CMS/select_JanFebMarAprMayJunJulAu'

2018-06-10 21:41:35 - [MESSAGE][PASSED] - All options with index in [2] are selected on object 'Object Repository/GRN/Page_KDMC - CMS/select_JanFebMarAprMayJunJulAu'

2018-06-10 21:41:35 - [TEST_STEP][PASSED] - click: Object: 'Object Repository/MOH AND GRN/Page_KDMC - CMS/a_12' is clicked on

2018-06-10 21:41:35 - [MESSAGE][PASSED] - Object: 'Object Repository/MOH AND GRN/Page_KDMC - CMS/a_12' is clicked on

2018-06-10 21:41:35 - [TEST_STEP][PASSED] - click: Object: 'Object Repository/MOH AND GRN/Page_KDMC - CMS/input_btnadd' is clicked on

2018-06-10 21:41:35 - [MESSAGE][PASSED] - Object: 'Object Repository/MOH AND GRN/Page_KDMC - CMS/input_btnadd' is clicked on

2018-06-10 21:41:35 - [TEST_STEP][PASSED] - Statement - If (s == 10): null

2018-06-10 21:41:35 - [TEST_STEP][PASSED] - Statement - Else: null

2018-06-10 21:41:35 - [TEST_STEP][PASSED] - Statement - (s++): null

2018-06-10 21:41:35 - [TEST_STEP][PASSED] - delay: Delayed 1 second(s)

2018-06-10 21:41:36 - [MESSAGE][PASSED] - Delayed 1 second(s)

2018-06-10 21:41:36 - [TEST_STEP][PASSED] - selectOptionByIndex: All options with index in [43] are selected on object 'Object Repository/MOH AND GRN/Page_KDMC - CMS/select_--Select--Amikacin -500'

2018-06-10 21:41:36 - [MESSAGE][PASSED] - All options with index in [43] are selected on object 'Object Repository/MOH AND GRN/Page_KDMC - CMS/select_--Select--Amikacin -500'

2018-06-10 21:41:36 - [TEST_STEP][PASSED] - setText: Text '5000' is set on object 'Object Repository/MOH AND GRN/Page_KDMC - CMS/input_txtqty'

2018-06-10 21:41:36 - [MESSAGE][PASSED] - Text '5000' is set on object 'Object Repository/MOH AND GRN/Page_KDMC - CMS/input_txtqty'

2018-06-10 21:41:36 - [TEST_STEP][PASSED] - selectOptionByIndex: All options with index in [1] are selected on object 'Object Repository/MOH AND GRN/Page_KDMC - CMS/select_--Select--No Tax0'

2018-06-10 21:41:37 - [MESSAGE][PASSED] - All options with index in [1] are selected on object 'Object Repository/MOH AND GRN/Page_KDMC - CMS/select_--Select--No Tax0'

2018-06-10 21:41:37 - [TEST_STEP][PASSED] - setText: Finding Test Object with id 'Object Repository/MOH AND GRN/Page_KDMC - CMS/input_txtmrp'

2018-06-10 21:41:37 - [TEST_STEP][PASSED] - Statement - switch (id): Finding Test Object with id 'Object Repository/MOH AND GRN/Page_KDMC - CMS/input_txtdeal'

2018-06-10 21:41:37 - [TEST_STEP][PASSED] - Statement - case 4:: Text '38.0' is set on object 'Object Repository/MOH AND GRN/Page_KDMC - CMS/input_txtmrp'

2018-06-10 21:41:37 - [TEST_STEP][PASSED] - Statement - return (java.lang.Math.floor((java.lang.Math.random() * ((max - min) + 1))) + min): Text '38.0' is set on object 'Object Repository/MOH AND GRN/Page_KDMC - CMS/input_txtmrp'

2018-06-10 21:41:37 - [MESSAGE][PASSED] - Text '38.0' is set on object 'Object Repository/MOH AND GRN/Page_KDMC - CMS/input_txtmrp'

2018-06-10 21:41:37 - [TEST_STEP][PASSED] - setText: Finding Test Object with id 'Object Repository/MOH AND GRN/Page_KDMC - CMS/input_txtdeal'

2018-06-10 21:41:37 - [TEST_STEP][PASSED] - Statement - switch (id): Finding Test Object with id 'Object Repository/MOH AND GRN/Page_KDMC - CMS/input_txtbatchno'

2018-06-10 21:41:37 - [TEST_STEP][PASSED] - Statement - case 5:: Text '1.0' is set on object 'Object Repository/MOH AND GRN/Page_KDMC - CMS/input_txtdeal'

2018-06-10 21:41:37 - [TEST_STEP][PASSED] - Statement - return (java.lang.Math.floor((java.lang.Math.random() * ((max - min) + 1))) + min): Text '1.0' is set on object 'Object Repository/MOH AND GRN/Page_KDMC - CMS/input_txtdeal'

2018-06-10 21:41:37 - [MESSAGE][PASSED] - Text '1.0' is set on object 'Object Repository/MOH AND GRN/Page_KDMC - CMS/input_txtdeal'

2018-06-10 21:41:37 - [TEST_STEP][PASSED] - setText: Finding Test Object with id 'Object Repository/MOH AND GRN/Page_KDMC - CMS/input_txtbatchno'

2018-06-10 21:41:37 - [TEST_STEP][PASSED] - Statement - switch (id): Finding Test Object with id 'Object Repository/MOH AND GRN/Page_KDMC - CMS/input_txtmrp'

2018-06-10 21:41:37 - [TEST_STEP][PASSED] - Statement - case 1:: Text 'BA378.0' is set on object 'Object Repository/MOH AND GRN/Page_KDMC - CMS/input_txtbatchno'

2018-06-10 21:41:37 - [TEST_STEP][PASSED] - Statement - return (java.lang.Math.floor((java.lang.Math.random() * ((max - min) + 1))) + min): Text 'BA378.0' is set on object 'Object Repository/MOH AND GRN/Page_KDMC - CMS/input_txtbatchno'

2018-06-10 21:41:37 - [MESSAGE][PASSED] - Text 'BA378.0' is set on object 'Object Repository/MOH AND GRN/Page_KDMC - CMS/input_txtbatchno'

2018-06-10 21:41:37 - [TEST_STEP][PASSED] - rightClick: Object: 'Object Repository/GRN/Page_KDMC - CMS/input_txtexpdate' is right clicked on

2018-06-10 21:41:37 - [MESSAGE][PASSED] - Object: 'Object Repository/GRN/Page_KDMC - CMS/input_txtexpdate' is right clicked on

2018-06-10 21:41:37 - [TEST_STEP][PASSED] - selectOptionByIndex: All options with index in [3] are selected on object 'Object Repository/GRN/Page_KDMC - CMS/select_20182019202020212022202'

2018-06-10 21:41:37 - [MESSAGE][PASSED] - All options with index in [3] are selected on object 'Object Repository/GRN/Page_KDMC - CMS/select_20182019202020212022202'

2018-06-10 21:41:37 - [TEST_STEP][PASSED] - selectOptionByIndex: All options with index in [3] are selected on object 'Object Repository/GRN/Page_KDMC - CMS/select_JanFebMarAprMayJunJulAu'

2018-06-10 21:41:37 - [MESSAGE][PASSED] - All options with index in [3] are selected on object 'Object Repository/GRN/Page_KDMC - CMS/select_JanFebMarAprMayJunJulAu'

2018-06-10 21:41:37 - [TEST_STEP][PASSED] - click: Object: 'Object Repository/MOH AND GRN/Page_KDMC - CMS/a_12' is clicked on

2018-06-10 21:41:37 - [MESSAGE][PASSED] - Object: 'Object Repository/MOH AND GRN/Page_KDMC - CMS/a_12' is clicked on

2018-06-10 21:41:37 - [TEST_STEP][PASSED] - click: Object: 'Object Repository/MOH AND GRN/Page_KDMC - CMS/input_btnadd' is clicked on

2018-06-10 21:41:38 - [MESSAGE][PASSED] - Object: 'Object Repository/MOH AND GRN/Page_KDMC - CMS/input_btnadd' is clicked on

2018-06-10 21:41:38 - [TEST_STEP][PASSED] - Statement - If (s == 10): null

2018-06-10 21:41:38 - [TEST_STEP][PASSED] - Statement - Else: null

2018-06-10 21:41:38 - [TEST_STEP][PASSED] - Statement - (s++): null

2018-06-10 21:41:38 - [TEST_STEP][PASSED] - delay: Delayed 1 second(s)

2018-06-10 21:41:39 - [MESSAGE][PASSED] - Delayed 1 second(s)

2018-06-10 21:41:39 - [TEST_STEP][PASSED] - selectOptionByIndex: All options with index in [44] are selected on object 'Object Repository/MOH AND GRN/Page_KDMC - CMS/select_--Select--Amikacin -500'

2018-06-10 21:41:39 - [MESSAGE][PASSED] - All options with index in [44] are selected on object 'Object Repository/MOH AND GRN/Page_KDMC - CMS/select_--Select--Amikacin -500'

2018-06-10 21:41:39 - [TEST_STEP][PASSED] - setText: Text '5000' is set on object 'Object Repository/MOH AND GRN/Page_KDMC - CMS/input_txtqty'

2018-06-10 21:41:39 - [MESSAGE][PASSED] - Text '5000' is set on object 'Object Repository/MOH AND GRN/Page_KDMC - CMS/input_txtqty'

2018-06-10 21:41:39 - [TEST_STEP][PASSED] - selectOptionByIndex: All options with index in [1] are selected on object 'Object Repository/MOH AND GRN/Page_KDMC - CMS/select_--Select--No Tax0'

2018-06-10 21:41:39 - [MESSAGE][PASSED] - All options with index in [1] are selected on object 'Object Repository/MOH AND GRN/Page_KDMC - CMS/select_--Select--No Tax0'

2018-06-10 21:41:39 - [TEST_STEP][PASSED] - setText: Finding Test Object with id 'Object Repository/MOH AND GRN/Page_KDMC - CMS/input_txtmrp'

2018-06-10 21:41:39 - [TEST_STEP][PASSED] - Statement - switch (id): Finding Test Object with id 'Object Repository/MOH AND GRN/Page_KDMC - CMS/input_txtdeal'

2018-06-10 21:41:39 - [TEST_STEP][PASSED] - Statement - case 4:: Text '35.0' is set on object 'Object Repository/MOH AND GRN/Page_KDMC - CMS/input_txtmrp'

2018-06-10 21:41:39 - [TEST_STEP][PASSED] - Statement - return (java.lang.Math.floor((java.lang.Math.random() * ((max - min) + 1))) + min): Text '35.0' is set on object 'Object Repository/MOH AND GRN/Page_KDMC - CMS/input_txtmrp'

2018-06-10 21:41:39 - [MESSAGE][PASSED] - Text '35.0' is set on object 'Object Repository/MOH AND GRN/Page_KDMC - CMS/input_txtmrp'

2018-06-10 21:41:39 - [TEST_STEP][PASSED] - setText: Finding Test Object with id 'Object Repository/MOH AND GRN/Page_KDMC - CMS/input_txtdeal'

2018-06-10 21:41:39 - [TEST_STEP][PASSED] - Statement - switch (id): Finding Test Object with id 'Object Repository/MOH AND GRN/Page_KDMC - CMS/input_txtbatchno'

2018-06-10 21:41:39 - [TEST_STEP][PASSED] - Statement - case 5:: Text '11.0' is set on object 'Object Repository/MOH AND GRN/Page_KDMC - CMS/input_txtdeal'

2018-06-10 21:41:39 - [TEST_STEP][PASSED] - Statement - return (java.lang.Math.floor((java.lang.Math.random() * ((max - min) + 1))) + min): Text '11.0' is set on object 'Object Repository/MOH AND GRN/Page_KDMC - CMS/input_txtdeal'

2018-06-10 21:41:40 - [MESSAGE][PASSED] - Text '11.0' is set on object 'Object Repository/MOH AND GRN/Page_KDMC - CMS/input_txtdeal'

2018-06-10 21:41:40 - [TEST_STEP][PASSED] - setText: Finding Test Object with id 'Object Repository/MOH AND GRN/Page_KDMC - CMS/input_txtbatchno'

2018-06-10 21:41:40 - [TEST_STEP][PASSED] - Statement - switch (id): Finding Test Object with id 'Object Repository/MOH AND GRN/Page_KDMC - CMS/input_txtmrp'

2018-06-10 21:41:40 - [TEST_STEP][PASSED] - Statement - case 1:: Text 'BA282.0' is set on object 'Object Repository/MOH AND GRN/Page_KDMC - CMS/input_txtbatchno'

2018-06-10 21:41:40 - [TEST_STEP][PASSED] - Statement - return (java.lang.Math.floor((java.lang.Math.random() * ((max - min) + 1))) + min): Text 'BA282.0' is set on object 'Object Repository/MOH AND GRN/Page_KDMC - CMS/input_txtbatchno'

2018-06-10 21:41:40 - [MESSAGE][PASSED] - Text 'BA282.0' is set on object 'Object Repository/MOH AND GRN/Page_KDMC - CMS/input_txtbatchno'

2018-06-10 21:41:40 - [TEST_STEP][PASSED] - rightClick: Object: 'Object Repository/GRN/Page_KDMC - CMS/input_txtexpdate' is right clicked on

2018-06-10 21:41:40 - [MESSAGE][PASSED] - Object: 'Object Repository/GRN/Page_KDMC - CMS/input_txtexpdate' is right clicked on

2018-06-10 21:41:40 - [TEST_STEP][PASSED] - selectOptionByIndex: All options with index in [4] are selected on object 'Object Repository/GRN/Page_KDMC - CMS/select_20182019202020212022202'

2018-06-10 21:41:40 - [MESSAGE][PASSED] - All options with index in [4] are selected on object 'Object Repository/GRN/Page_KDMC - CMS/select_20182019202020212022202'

2018-06-10 21:41:40 - [TEST_STEP][PASSED] - selectOptionByIndex: All options with index in [4] are selected on object 'Object Repository/GRN/Page_KDMC - CMS/select_JanFebMarAprMayJunJulAu'

2018-06-10 21:41:40 - [MESSAGE][PASSED] - All options with index in [4] are selected on object 'Object Repository/GRN/Page_KDMC - CMS/select_JanFebMarAprMayJunJulAu'

2018-06-10 21:41:40 - [TEST_STEP][PASSED] - click: Object: 'Object Repository/MOH AND GRN/Page_KDMC - CMS/a_12' is clicked on

2018-06-10 21:41:40 - [MESSAGE][PASSED] - Object: 'Object Repository/MOH AND GRN/Page_KDMC - CMS/a_12' is clicked on

2018-06-10 21:41:40 - [TEST_STEP][PASSED] - click: Object: 'Object Repository/MOH AND GRN/Page_KDMC - CMS/input_btnadd' is clicked on

2018-06-10 21:41:40 - [MESSAGE][PASSED] - Object: 'Object Repository/MOH AND GRN/Page_KDMC - CMS/input_btnadd' is clicked on

2018-06-10 21:41:40 - [TEST_STEP][PASSED] - Statement - If (s == 10): null

2018-06-10 21:41:40 - [TEST_STEP][PASSED] - Statement - Else: null

2018-06-10 21:41:40 - [TEST_STEP][PASSED] - Statement - (s++): null

2018-06-10 21:41:40 - [TEST_STEP][PASSED] - delay: Delayed 1 second(s)

2018-06-10 21:41:41 - [MESSAGE][PASSED] - Delayed 1 second(s)

2018-06-10 21:41:41 - [TEST_STEP][PASSED] - selectOptionByIndex: All options with index in [45] are selected on object 'Object Repository/MOH AND GRN/Page_KDMC - CMS/select_--Select--Amikacin -500'

2018-06-10 21:41:42 - [MESSAGE][PASSED] - All options with index in [45] are selected on object 'Object Repository/MOH AND GRN/Page_KDMC - CMS/select_--Select--Amikacin -500'

2018-06-10 21:41:42 - [TEST_STEP][PASSED] - setText: Text '5000' is set on object 'Object Repository/MOH AND GRN/Page_KDMC - CMS/input_txtqty'

2018-06-10 21:41:42 - [MESSAGE][PASSED] - Text '5000' is set on object 'Object Repository/MOH AND GRN/Page_KDMC - CMS/input_txtqty'

2018-06-10 21:41:42 - [TEST_STEP][PASSED] - selectOptionByIndex: All options with index in [1] are selected on object 'Object Repository/MOH AND GRN/Page_KDMC - CMS/select_--Select--No Tax0'

2018-06-10 21:41:42 - [MESSAGE][PASSED] - All options with index in [1] are selected on object 'Object Repository/MOH AND GRN/Page_KDMC - CMS/select_--Select--No Tax0'

2018-06-10 21:41:42 - [TEST_STEP][PASSED] - setText: Finding Test Object with id 'Object Repository/MOH AND GRN/Page_KDMC - CMS/input_txtmrp'

2018-06-10 21:41:42 - [TEST_STEP][PASSED] - Statement - switch (id): Finding Test Object with id 'Object Repository/MOH AND GRN/Page_KDMC - CMS/input_txtdeal'

2018-06-10 21:41:42 - [TEST_STEP][PASSED] - Statement - case 4:: Text '42.0' is set on object 'Object Repository/MOH AND GRN/Page_KDMC - CMS/input_txtmrp'

2018-06-10 21:41:42 - [TEST_STEP][PASSED] - Statement - return (java.lang.Math.floor((java.lang.Math.random() * ((max - min) + 1))) + min): Text '42.0' is set on object 'Object Repository/MOH AND GRN/Page_KDMC - CMS/input_txtmrp'

2018-06-10 21:41:42 - [MESSAGE][PASSED] - Text '42.0' is set on object 'Object Repository/MOH AND GRN/Page_KDMC - CMS/input_txtmrp'

2018-06-10 21:41:42 - [TEST_STEP][PASSED] - setText: Finding Test Object with id 'Object Repository/MOH AND GRN/Page_KDMC - CMS/input_txtdeal'

2018-06-10 21:41:42 - [TEST_STEP][PASSED] - Statement - switch (id): Finding Test Object with id 'Object Repository/MOH AND GRN/Page_KDMC - CMS/input_txtbatchno'

2018-06-10 21:41:42 - [TEST_STEP][PASSED] - Statement - case 5:: Text '5.0' is set on object 'Object Repository/MOH AND GRN/Page_KDMC - CMS/input_txtdeal'

2018-06-10 21:41:42 - [TEST_STEP][PASSED] - Statement - return (java.lang.Math.floor((java.lang.Math.random() * ((max - min) + 1))) + min): Text '5.0' is set on object 'Object Repository/MOH AND GRN/Page_KDMC - CMS/input_txtdeal'

2018-06-10 21:41:42 - [MESSAGE][PASSED] - Text '5.0' is set on object 'Object Repository/MOH AND GRN/Page_KDMC - CMS/input_txtdeal'

2018-06-10 21:41:42 - [TEST_STEP][PASSED] - setText: Finding Test Object with id 'Object Repository/MOH AND GRN/Page_KDMC - CMS/input_txtbatchno'

2018-06-10 21:41:42 - [TEST_STEP][PASSED] - Statement - switch (id): Finding Test Object with id 'Object Repository/MOH AND GRN/Page_KDMC - CMS/input_txtmrp'

2018-06-10 21:41:42 - [TEST_STEP][PASSED] - Statement - case 1:: Text 'BA490.0' is set on object 'Object Repository/MOH AND GRN/Page_KDMC - CMS/input_txtbatchno'

2018-06-10 21:41:42 - [TEST_STEP][PASSED] - Statement - return (java.lang.Math.floor((java.lang.Math.random() * ((max - min) + 1))) + min): Text 'BA490.0' is set on object 'Object Repository/MOH AND GRN/Page_KDMC - CMS/input_txtbatchno'

2018-06-10 21:41:43 - [MESSAGE][PASSED] - Text 'BA490.0' is set on object 'Object Repository/MOH AND GRN/Page_KDMC - CMS/input_txtbatchno'

2018-06-10 21:41:43 - [TEST_STEP][PASSED] - rightClick: Object: 'Object Repository/GRN/Page_KDMC - CMS/input_txtexpdate' is right clicked on

2018-06-10 21:41:43 - [MESSAGE][PASSED] - Object: 'Object Repository/GRN/Page_KDMC - CMS/input_txtexpdate' is right clicked on

2018-06-10 21:41:43 - [TEST_STEP][PASSED] - selectOptionByIndex: All options with index in [5] are selected on object 'Object Repository/GRN/Page_KDMC - CMS/select_20182019202020212022202'

2018-06-10 21:41:43 - [MESSAGE][PASSED] - All options with index in [5] are selected on object 'Object Repository/GRN/Page_KDMC - CMS/select_20182019202020212022202'

2018-06-10 21:41:43 - [TEST_STEP][PASSED] - selectOptionByIndex: All options with index in [5] are selected on object 'Object Repository/GRN/Page_KDMC - CMS/select_JanFebMarAprMayJunJulAu'

2018-06-10 21:41:43 - [MESSAGE][PASSED] - All options with index in [5] are selected on object 'Object Repository/GRN/Page_KDMC - CMS/select_JanFebMarAprMayJunJulAu'

2018-06-10 21:41:43 - [TEST_STEP][PASSED] - click: Object: 'Object Repository/MOH AND GRN/Page_KDMC - CMS/a_12' is clicked on

2018-06-10 21:41:43 - [MESSAGE][PASSED] - Object: 'Object Repository/MOH AND GRN/Page_KDMC - CMS/a_12' is clicked on

2018-06-10 21:41:43 - [TEST_STEP][PASSED] - click: Object: 'Object Repository/MOH AND GRN/Page_KDMC - CMS/input_btnadd' is clicked on

2018-06-10 21:41:43 - [MESSAGE][PASSED] - Object: 'Object Repository/MOH AND GRN/Page_KDMC - CMS/input_btnadd' is clicked on

2018-06-10 21:41:43 - [TEST_STEP][PASSED] - Statement - If (s == 10): null

2018-06-10 21:41:43 - [TEST_STEP][PASSED] - Statement - Else: null

2018-06-10 21:41:43 - [TEST_STEP][PASSED] - Statement - (s++): null

2018-06-10 21:41:43 - [TEST_STEP][PASSED] - delay: Delayed 1 second(s)

2018-06-10 21:41:44 - [MESSAGE][PASSED] - Delayed 1 second(s)

2018-06-10 21:41:44 - [TEST_STEP][PASSED] - selectOptionByIndex: All options with index in [46] are selected on object 'Object Repository/MOH AND GRN/Page_KDMC - CMS/select_--Select--Amikacin -500'

2018-06-10 21:41:45 - [MESSAGE][PASSED] - All options with index in [46] are selected on object 'Object Repository/MOH AND GRN/Page_KDMC - CMS/select_--Select--Amikacin -500'

2018-06-10 21:41:45 - [TEST_STEP][PASSED] - setText: Text '5000' is set on object 'Object Repository/MOH AND GRN/Page_KDMC - CMS/input_txtqty'

2018-06-10 21:41:45 - [MESSAGE][PASSED] - Text '5000' is set on object 'Object Repository/MOH AND GRN/Page_KDMC - CMS/input_txtqty'

2018-06-10 21:41:45 - [TEST_STEP][PASSED] - selectOptionByIndex: All options with index in [1] are selected on object 'Object Repository/MOH AND GRN/Page_KDMC - CMS/select_--Select--No Tax0'

2018-06-10 21:41:45 - [MESSAGE][PASSED] - All options with index in [1] are selected on object 'Object Repository/MOH AND GRN/Page_KDMC - CMS/select_--Select--No Tax0'

2018-06-10 21:41:45 - [TEST_STEP][PASSED] - setText: Finding Test Object with id 'Object Repository/MOH AND GRN/Page_KDMC - CMS/input_txtmrp'

2018-06-10 21:41:45 - [TEST_STEP][PASSED] - Statement - switch (id): Finding Test Object with id 'Object Repository/MOH AND GRN/Page_KDMC - CMS/input_txtdeal'

2018-06-10 21:41:45 - [TEST_STEP][PASSED] - Statement - case 4:: Text '36.0' is set on object 'Object Repository/MOH AND GRN/Page_KDMC - CMS/input_txtmrp'

2018-06-10 21:41:45 - [TEST_STEP][PASSED] - Statement - return (java.lang.Math.floor((java.lang.Math.random() * ((max - min) + 1))) + min): Text '36.0' is set on object 'Object Repository/MOH AND GRN/Page_KDMC - CMS/input_txtmrp'

2018-06-10 21:41:45 - [MESSAGE][PASSED] - Text '36.0' is set on object 'Object Repository/MOH AND GRN/Page_KDMC - CMS/input_txtmrp'

2018-06-10 21:41:45 - [TEST_STEP][PASSED] - setText: Finding Test Object with id 'Object Repository/MOH AND GRN/Page_KDMC - CMS/input_txtdeal'

2018-06-10 21:41:45 - [TEST_STEP][PASSED] - Statement - switch (id): Finding Test Object with id 'Object Repository/MOH AND GRN/Page_KDMC - CMS/input_txtbatchno'

2018-06-10 21:41:45 - [TEST_STEP][PASSED] - Statement - case 5:: Text '9.0' is set on object 'Object Repository/MOH AND GRN/Page_KDMC - CMS/input_txtdeal'

2018-06-10 21:41:45 - [TEST_STEP][PASSED] - Statement - return (java.lang.Math.floor((java.lang.Math.random() * ((max - min) + 1))) + min): Text '9.0' is set on object 'Object Repository/MOH AND GRN/Page_KDMC - CMS/input_txtdeal'

2018-06-10 21:41:45 - [MESSAGE][PASSED] - Text '9.0' is set on object 'Object Repository/MOH AND GRN/Page_KDMC - CMS/input_txtdeal'

2018-06-10 21:41:45 - [TEST_STEP][PASSED] - setText: Finding Test Object with id 'Object Repository/MOH AND GRN/Page_KDMC - CMS/input_txtbatchno'

2018-06-10 21:41:45 - [TEST_STEP][PASSED] - Statement - switch (id): Finding Test Object with id 'Object Repository/MOH AND GRN/Page_KDMC - CMS/input_txtmrp'

2018-06-10 21:41:45 - [TEST_STEP][PASSED] - Statement - case 1:: Text 'BA16.0' is set on object 'Object Repository/MOH AND GRN/Page_KDMC - CMS/input_txtbatchno'

2018-06-10 21:41:45 - [TEST_STEP][PASSED] - Statement - return (java.lang.Math.floor((java.lang.Math.random() * ((max - min) + 1))) + min): Text 'BA16.0' is set on object 'Object Repository/MOH AND GRN/Page_KDMC - CMS/input_txtbatchno'

2018-06-10 21:41:45 - [MESSAGE][PASSED] - Text 'BA16.0' is set on object 'Object Repository/MOH AND GRN/Page_KDMC - CMS/input_txtbatchno'

2018-06-10 21:41:45 - [TEST_STEP][PASSED] - rightClick: Object: 'Object Repository/GRN/Page_KDMC - CMS/input_txtexpdate' is right clicked on

2018-06-10 21:41:45 - [MESSAGE][PASSED] - Object: 'Object Repository/GRN/Page_KDMC - CMS/input_txtexpdate' is right clicked on

2018-06-10 21:41:45 - [TEST_STEP][PASSED] - selectOptionByIndex: All options with index in [6] are selected on object 'Object Repository/GRN/Page_KDMC - CMS/select_20182019202020212022202'

2018-06-10 21:41:46 - [MESSAGE][PASSED] - All options with index in [6] are selected on object 'Object Repository/GRN/Page_KDMC - CMS/select_20182019202020212022202'

2018-06-10 21:41:46 - [TEST_STEP][PASSED] - selectOptionByIndex: All options with index in [6] are selected on object 'Object Repository/GRN/Page_KDMC - CMS/select_JanFebMarAprMayJunJulAu'

2018-06-10 21:41:46 - [MESSAGE][PASSED] - All options with index in [6] are selected on object 'Object Repository/GRN/Page_KDMC - CMS/select_JanFebMarAprMayJunJulAu'

2018-06-10 21:41:46 - [TEST_STEP][PASSED] - click: Object: 'Object Repository/MOH AND GRN/Page_KDMC - CMS/a_12' is clicked on

2018-06-10 21:41:46 - [MESSAGE][PASSED] - Object: 'Object Repository/MOH AND GRN/Page_KDMC - CMS/a_12' is clicked on

2018-06-10 21:41:46 - [TEST_STEP][PASSED] - click: Object: 'Object Repository/MOH AND GRN/Page_KDMC - CMS/input_btnadd' is clicked on

2018-06-10 21:41:46 - [MESSAGE][PASSED] - Object: 'Object Repository/MOH AND GRN/Page_KDMC - CMS/input_btnadd' is clicked on

2018-06-10 21:41:46 - [TEST_STEP][PASSED] - Statement - If (s == 10): null

2018-06-10 21:41:46 - [TEST_STEP][PASSED] - Statement - Else: null

2018-06-10 21:41:46 - [TEST_STEP][PASSED] - Statement - (s++): null

2018-06-10 21:41:46 - [TEST_STEP][PASSED] - delay: Delayed 1 second(s)

2018-06-10 21:41:47 - [MESSAGE][PASSED] - Delayed 1 second(s)

2018-06-10 21:41:47 - [TEST_STEP][PASSED] - selectOptionByIndex: All options with index in [47] are selected on object 'Object Repository/MOH AND GRN/Page_KDMC - CMS/select_--Select--Amikacin -500'

2018-06-10 21:41:48 - [MESSAGE][PASSED] - All options with index in [47] are selected on object 'Object Repository/MOH AND GRN/Page_KDMC - CMS/select_--Select--Amikacin -500'

2018-06-10 21:41:48 - [TEST_STEP][PASSED] - setText: Text '5000' is set on object 'Object Repository/MOH AND GRN/Page_KDMC - CMS/input_txtqty'

2018-06-10 21:41:48 - [MESSAGE][PASSED] - Text '5000' is set on object 'Object Repository/MOH AND GRN/Page_KDMC - CMS/input_txtqty'

2018-06-10 21:41:48 - [TEST_STEP][PASSED] - selectOptionByIndex: All options with index in [1] are selected on object 'Object Repository/MOH AND GRN/Page_KDMC - CMS/select_--Select--No Tax0'

2018-06-10 21:41:48 - [MESSAGE][PASSED] - All options with index in [1] are selected on object 'Object Repository/MOH AND GRN/Page_KDMC - CMS/select_--Select--No Tax0'

2018-06-10 21:41:48 - [TEST_STEP][PASSED] - setText: Finding Test Object with id 'Object Repository/MOH AND GRN/Page_KDMC - CMS/input_txtmrp'

2018-06-10 21:41:48 - [TEST_STEP][PASSED] - Statement - switch (id): Finding Test Object with id 'Object Repository/MOH AND GRN/Page_KDMC - CMS/input_txtdeal'

2018-06-10 21:41:48 - [TEST_STEP][PASSED] - Statement - case 4:: Text '22.0' is set on object 'Object Repository/MOH AND GRN/Page_KDMC - CMS/input_txtmrp'

2018-06-10 21:41:48 - [TEST_STEP][PASSED] - Statement - return (java.lang.Math.floor((java.lang.Math.random() * ((max - min) + 1))) + min): Text '22.0' is set on object 'Object Repository/MOH AND GRN/Page_KDMC - CMS/input_txtmrp'

2018-06-10 21:41:48 - [MESSAGE][PASSED] - Text '22.0' is set on object 'Object Repository/MOH AND GRN/Page_KDMC - CMS/input_txtmrp'

2018-06-10 21:41:48 - [TEST_STEP][PASSED] - setText: Finding Test Object with id 'Object Repository/MOH AND GRN/Page_KDMC - CMS/input_txtdeal'

2018-06-10 21:41:48 - [TEST_STEP][PASSED] - Statement - switch (id): Finding Test Object with id 'Object Repository/MOH AND GRN/Page_KDMC - CMS/input_txtbatchno'

2018-06-10 21:41:48 - [TEST_STEP][PASSED] - Statement - case 5:: Text '7.0' is set on object 'Object Repository/MOH AND GRN/Page_KDMC - CMS/input_txtdeal'

2018-06-10 21:41:48 - [TEST_STEP][PASSED] - Statement - return (java.lang.Math.floor((java.lang.Math.random() * ((max - min) + 1))) + min): Text '7.0' is set on object 'Object Repository/MOH AND GRN/Page_KDMC - CMS/input_txtdeal'

2018-06-10 21:41:48 - [MESSAGE][PASSED] - Text '7.0' is set on object 'Object Repository/MOH AND GRN/Page_KDMC - CMS/input_txtdeal'

2018-06-10 21:41:48 - [TEST_STEP][PASSED] - setText: Finding Test Object with id 'Object Repository/MOH AND GRN/Page_KDMC - CMS/input_txtbatchno'

2018-06-10 21:41:48 - [TEST_STEP][PASSED] - Statement - switch (id): Finding Test Object with id 'Object Repository/MOH AND GRN/Page_KDMC - CMS/input_txtmrp'

2018-06-10 21:41:48 - [TEST_STEP][PASSED] - Statement - case 1:: Text 'BA930.0' is set on object 'Object Repository/MOH AND GRN/Page_KDMC - CMS/input_txtbatchno'

2018-06-10 21:41:48 - [TEST_STEP][PASSED] - Statement - return (java.lang.Math.floor((java.lang.Math.random() * ((max - min) + 1))) + min): Text 'BA930.0' is set on object 'Object Repository/MOH AND GRN/Page_KDMC - CMS/input_txtbatchno'

2018-06-10 21:41:48 - [MESSAGE][PASSED] - Text 'BA930.0' is set on object 'Object Repository/MOH AND GRN/Page_KDMC - CMS/input_txtbatchno'

2018-06-10 21:41:48 - [TEST_STEP][PASSED] - rightClick: Object: 'Object Repository/GRN/Page_KDMC - CMS/input_txtexpdate' is right clicked on

2018-06-10 21:41:48 - [MESSAGE][PASSED] - Object: 'Object Repository/GRN/Page_KDMC - CMS/input_txtexpdate' is right clicked on

2018-06-10 21:41:48 - [TEST_STEP][PASSED] - selectOptionByIndex: All options with index in [7] are selected on object 'Object Repository/GRN/Page_KDMC - CMS/select_20182019202020212022202'

2018-06-10 21:41:48 - [MESSAGE][PASSED] - All options with index in [7] are selected on object 'Object Repository/GRN/Page_KDMC - CMS/select_20182019202020212022202'

2018-06-10 21:41:48 - [TEST_STEP][PASSED] - selectOptionByIndex: All options with index in [7] are selected on object 'Object Repository/GRN/Page_KDMC - CMS/select_JanFebMarAprMayJunJulAu'

2018-06-10 21:41:49 - [MESSAGE][PASSED] - All options with index in [7] are selected on object 'Object Repository/GRN/Page_KDMC - CMS/select_JanFebMarAprMayJunJulAu'

2018-06-10 21:41:49 - [TEST_STEP][PASSED] - click: Object: 'Object Repository/MOH AND GRN/Page_KDMC - CMS/a_12' is clicked on

2018-06-10 21:41:49 - [MESSAGE][PASSED] - Object: 'Object Repository/MOH AND GRN/Page_KDMC - CMS/a_12' is clicked on

2018-06-10 21:41:49 - [TEST_STEP][PASSED] - click: Object: 'Object Repository/MOH AND GRN/Page_KDMC - CMS/input_btnadd' is clicked on

2018-06-10 21:41:49 - [MESSAGE][PASSED] - Object: 'Object Repository/MOH AND GRN/Page_KDMC - CMS/input_btnadd' is clicked on

2018-06-10 21:41:49 - [TEST_STEP][PASSED] - Statement - If (s == 10): null

2018-06-10 21:41:49 - [TEST_STEP][PASSED] - Statement - Else: null

2018-06-10 21:41:49 - [TEST_STEP][PASSED] - Statement - (s++): null

2018-06-10 21:41:49 - [TEST_STEP][PASSED] - delay: Delayed 1 second(s)

2018-06-10 21:41:50 - [MESSAGE][PASSED] - Delayed 1 second(s)

2018-06-10 21:41:50 - [TEST_STEP][PASSED] - selectOptionByIndex: All options with index in [48] are selected on object 'Object Repository/MOH AND GRN/Page_KDMC - CMS/select_--Select--Amikacin -500'

2018-06-10 21:41:50 - [MESSAGE][PASSED] - All options with index in [48] are selected on object 'Object Repository/MOH AND GRN/Page_KDMC - CMS/select_--Select--Amikacin -500'

2018-06-10 21:41:50 - [TEST_STEP][PASSED] - setText: Text '5000' is set on object 'Object Repository/MOH AND GRN/Page_KDMC - CMS/input_txtqty'

2018-06-10 21:41:51 - [MESSAGE][PASSED] - Text '5000' is set on object 'Object Repository/MOH AND GRN/Page_KDMC - CMS/input_txtqty'

2018-06-10 21:41:51 - [TEST_STEP][PASSED] - selectOptionByIndex: All options with index in [1] are selected on object 'Object Repository/MOH AND GRN/Page_KDMC - CMS/select_--Select--No Tax0'

2018-06-10 21:41:51 - [MESSAGE][PASSED] - All options with index in [1] are selected on object 'Object Repository/MOH AND GRN/Page_KDMC - CMS/select_--Select--No Tax0'

2018-06-10 21:41:51 - [TEST_STEP][PASSED] - setText: Finding Test Object with id 'Object Repository/MOH AND GRN/Page_KDMC - CMS/input_txtmrp'

2018-06-10 21:41:51 - [TEST_STEP][PASSED] - Statement - switch (id): Finding Test Object with id 'Object Repository/MOH AND GRN/Page_KDMC - CMS/input_txtdeal'

2018-06-10 21:41:51 - [TEST_STEP][PASSED] - Statement - case 4:: Text '42.0' is set on object 'Object Repository/MOH AND GRN/Page_KDMC - CMS/input_txtmrp'

2018-06-10 21:41:51 - [TEST_STEP][PASSED] - Statement - return (java.lang.Math.floor((java.lang.Math.random() * ((max - min) + 1))) + min): Text '42.0' is set on object 'Object Repository/MOH AND GRN/Page_KDMC - CMS/input_txtmrp'

2018-06-10 21:41:51 - [MESSAGE][PASSED] - Text '42.0' is set on object 'Object Repository/MOH AND GRN/Page_KDMC - CMS/input_txtmrp'

2018-06-10 21:41:51 - [TEST_STEP][PASSED] - setText: Finding Test Object with id 'Object Repository/MOH AND GRN/Page_KDMC - CMS/input_txtdeal'

2018-06-10 21:41:51 - [TEST_STEP][PASSED] - Statement - switch (id): Finding Test Object with id 'Object Repository/MOH AND GRN/Page_KDMC - CMS/input_txtbatchno'

2018-06-10 21:41:51 - [TEST_STEP][PASSED] - Statement - case 5:: Text '9.0' is set on object 'Object Repository/MOH AND GRN/Page_KDMC - CMS/input_txtdeal'

2018-06-10 21:41:51 - [TEST_STEP][PASSED] - Statement - return (java.lang.Math.floor((java.lang.Math.random() * ((max - min) + 1))) + min): Text '9.0' is set on object 'Object Repository/MOH AND GRN/Page_KDMC - CMS/input_txtdeal'

2018-06-10 21:41:51 - [MESSAGE][PASSED] - Text '9.0' is set on object 'Object Repository/MOH AND GRN/Page_KDMC - CMS/input_txtdeal'

2018-06-10 21:41:51 - [TEST_STEP][PASSED] - setText: Finding Test Object with id 'Object Repository/MOH AND GRN/Page_KDMC - CMS/input_txtbatchno'

2018-06-10 21:41:51 - [TEST_STEP][PASSED] - Statement - switch (id): Finding Test Object with id 'Object Repository/MOH AND GRN/Page_KDMC - CMS/input_txtmrp'

2018-06-10 21:41:51 - [TEST_STEP][PASSED] - Statement - case 1:: Text 'BA649.0' is set on object 'Object Repository/MOH AND GRN/Page_KDMC - CMS/input_txtbatchno'

2018-06-10 21:41:51 - [TEST_STEP][PASSED] - Statement - return (java.lang.Math.floor((java.lang.Math.random() * ((max - min) + 1))) + min): Text 'BA649.0' is set on object 'Object Repository/MOH AND GRN/Page_KDMC - CMS/input_txtbatchno'

2018-06-10 21:41:51 - [MESSAGE][PASSED] - Text 'BA649.0' is set on object 'Object Repository/MOH AND GRN/Page_KDMC - CMS/input_txtbatchno'

2018-06-10 21:41:51 - [TEST_STEP][PASSED] - rightClick: Object: 'Object Repository/GRN/Page_KDMC - CMS/input_txtexpdate' is right clicked on

2018-06-10 21:41:51 - [MESSAGE][PASSED] - Object: 'Object Repository/GRN/Page_KDMC - CMS/input_txtexpdate' is right clicked on

2018-06-10 21:41:51 - [TEST_STEP][PASSED] - selectOptionByIndex: All options with index in [8] are selected on object 'Object Repository/GRN/Page_KDMC - CMS/select_20182019202020212022202'

2018-06-10 21:41:51 - [MESSAGE][PASSED] - All options with index in [8] are selected on object 'Object Repository/GRN/Page_KDMC - CMS/select_20182019202020212022202'

2018-06-10 21:41:51 - [TEST_STEP][PASSED] - selectOptionByIndex: All options with index in [8] are selected on object 'Object Repository/GRN/Page_KDMC - CMS/select_JanFebMarAprMayJunJulAu'

2018-06-10 21:41:52 - [MESSAGE][PASSED] - All options with index in [8] are selected on object 'Object Repository/GRN/Page_KDMC - CMS/select_JanFebMarAprMayJunJulAu'

2018-06-10 21:41:52 - [TEST_STEP][PASSED] - click: Object: 'Object Repository/MOH AND GRN/Page_KDMC - CMS/a_12' is clicked on

2018-06-10 21:41:52 - [MESSAGE][PASSED] - Object: 'Object Repository/MOH AND GRN/Page_KDMC - CMS/a_12' is clicked on

2018-06-10 21:41:52 - [TEST_STEP][PASSED] - click: Object: 'Object Repository/MOH AND GRN/Page_KDMC - CMS/input_btnadd' is clicked on

2018-06-10 21:41:52 - [MESSAGE][PASSED] - Object: 'Object Repository/MOH AND GRN/Page_KDMC - CMS/input_btnadd' is clicked on

2018-06-10 21:41:52 - [TEST_STEP][PASSED] - Statement - If (s == 10): null

2018-06-10 21:41:52 - [TEST_STEP][PASSED] - Statement - Else: null

2018-06-10 21:41:52 - [TEST_STEP][PASSED] - Statement - (s++): null

2018-06-10 21:41:52 - [TEST_STEP][PASSED] - delay: Delayed 1 second(s)

2018-06-10 21:41:53 - [MESSAGE][PASSED] - Delayed 1 second(s)

2018-06-10 21:41:53 - [TEST_STEP][PASSED] - selectOptionByIndex: All options with index in [49] are selected on object 'Object Repository/MOH AND GRN/Page_KDMC - CMS/select_--Select--Amikacin -500'

2018-06-10 21:41:53 - [MESSAGE][PASSED] - All options with index in [49] are selected on object 'Object Repository/MOH AND GRN/Page_KDMC - CMS/select_--Select--Amikacin -500'

2018-06-10 21:41:53 - [TEST_STEP][PASSED] - setText: Text '5000' is set on object 'Object Repository/MOH AND GRN/Page_KDMC - CMS/input_txtqty'

2018-06-10 21:41:54 - [MESSAGE][PASSED] - Text '5000' is set on object 'Object Repository/MOH AND GRN/Page_KDMC - CMS/input_txtqty'

2018-06-10 21:41:54 - [TEST_STEP][PASSED] - selectOptionByIndex: All options with index in [1] are selected on object 'Object Repository/MOH AND GRN/Page_KDMC - CMS/select_--Select--No Tax0'

2018-06-10 21:41:54 - [MESSAGE][PASSED] - All options with index in [1] are selected on object 'Object Repository/MOH AND GRN/Page_KDMC - CMS/select_--Select--No Tax0'

2018-06-10 21:41:54 - [TEST_STEP][PASSED] - setText: Finding Test Object with id 'Object Repository/MOH AND GRN/Page_KDMC - CMS/input_txtmrp'

2018-06-10 21:41:54 - [TEST_STEP][PASSED] - Statement - switch (id): Finding Test Object with id 'Object Repository/MOH AND GRN/Page_KDMC - CMS/input_txtdeal'

2018-06-10 21:41:54 - [TEST_STEP][PASSED] - Statement - case 4:: Text '44.0' is set on object 'Object Repository/MOH AND GRN/Page_KDMC - CMS/input_txtmrp'

2018-06-10 21:41:54 - [TEST_STEP][PASSED] - Statement - return (java.lang.Math.floor((java.lang.Math.random() * ((max - min) + 1))) + min): Text '44.0' is set on object 'Object Repository/MOH AND GRN/Page_KDMC - CMS/input_txtmrp'

2018-06-10 21:41:54 - [MESSAGE][PASSED] - Text '44.0' is set on object 'Object Repository/MOH AND GRN/Page_KDMC - CMS/input_txtmrp'

2018-06-10 21:41:54 - [TEST_STEP][PASSED] - setText: Finding Test Object with id 'Object Repository/MOH AND GRN/Page_KDMC - CMS/input_txtdeal'

2018-06-10 21:41:54 - [TEST_STEP][PASSED] - Statement - switch (id): Finding Test Object with id 'Object Repository/MOH AND GRN/Page_KDMC - CMS/input_txtbatchno'

2018-06-10 21:41:54 - [TEST_STEP][PASSED] - Statement - case 5:: Text '3.0' is set on object 'Object Repository/MOH AND GRN/Page_KDMC - CMS/input_txtdeal'

2018-06-10 21:41:54 - [TEST_STEP][PASSED] - Statement - return (java.lang.Math.floor((java.lang.Math.random() * ((max - min) + 1))) + min): Text '3.0' is set on object 'Object Repository/MOH AND GRN/Page_KDMC - CMS/input_txtdeal'

2018-06-10 21:41:54 - [MESSAGE][PASSED] - Text '3.0' is set on object 'Object Repository/MOH AND GRN/Page_KDMC - CMS/input_txtdeal'

2018-06-10 21:41:54 - [TEST_STEP][PASSED] - setText: Finding Test Object with id 'Object Repository/MOH AND GRN/Page_KDMC - CMS/input_txtbatchno'

2018-06-10 21:41:54 - [TEST_STEP][PASSED] - Statement - switch (id): Finding Test Object with id 'Object Repository/MOH AND GRN/Page_KDMC - CMS/input_txtmrp'

2018-06-10 21:41:54 - [TEST_STEP][PASSED] - Statement - case 1:: Text 'BA756.0' is set on object 'Object Repository/MOH AND GRN/Page_KDMC - CMS/input_txtbatchno'

2018-06-10 21:41:54 - [TEST_STEP][PASSED] - Statement - return (java.lang.Math.floor((java.lang.Math.random() * ((max - min) + 1))) + min): Text 'BA756.0' is set on object 'Object Repository/MOH AND GRN/Page_KDMC - CMS/input_txtbatchno'

2018-06-10 21:41:54 - [MESSAGE][PASSED] - Text 'BA756.0' is set on object 'Object Repository/MOH AND GRN/Page_KDMC - CMS/input_txtbatchno'

2018-06-10 21:41:54 - [TEST_STEP][PASSED] - rightClick: Object: 'Object Repository/GRN/Page_KDMC - CMS/input_txtexpdate' is right clicked on

2018-06-10 21:41:54 - [MESSAGE][PASSED] - Object: 'Object Repository/GRN/Page_KDMC - CMS/input_txtexpdate' is right clicked on

2018-06-10 21:41:54 - [TEST_STEP][PASSED] - selectOptionByIndex: All options with index in [9] are selected on object 'Object Repository/GRN/Page_KDMC - CMS/select_20182019202020212022202'

2018-06-10 21:41:54 - [MESSAGE][PASSED] - All options with index in [9] are selected on object 'Object Repository/GRN/Page_KDMC - CMS/select_20182019202020212022202'

2018-06-10 21:41:54 - [TEST_STEP][PASSED] - selectOptionByIndex: All options with index in [9] are selected on object 'Object Repository/GRN/Page_KDMC - CMS/select_JanFebMarAprMayJunJulAu'

2018-06-10 21:41:55 - [MESSAGE][PASSED] - All options with index in [9] are selected on object 'Object Repository/GRN/Page_KDMC - CMS/select_JanFebMarAprMayJunJulAu'

2018-06-10 21:41:55 - [TEST_STEP][PASSED] - click: Object: 'Object Repository/MOH AND GRN/Page_KDMC - CMS/a_12' is clicked on

2018-06-10 21:41:55 - [MESSAGE][PASSED] - Object: 'Object Repository/MOH AND GRN/Page_KDMC - CMS/a_12' is clicked on

2018-06-10 21:41:55 - [TEST_STEP][PASSED] - click: Object: 'Object Repository/MOH AND GRN/Page_KDMC - CMS/input_btnadd' is clicked on

2018-06-10 21:41:55 - [MESSAGE][PASSED] - Object: 'Object Repository/MOH AND GRN/Page_KDMC - CMS/input_btnadd' is clicked on

2018-06-10 21:41:55 - [TEST_STEP][PASSED] - Statement - If (s == 10): null

2018-06-10 21:41:55 - [TEST_STEP][PASSED] - Statement - Else: null

2018-06-10 21:41:55 - [TEST_STEP][PASSED] - Statement - (s++): null

2018-06-10 21:41:55 - [TEST_STEP][PASSED] - delay: Delayed 1 second(s)

2018-06-10 21:41:56 - [MESSAGE][PASSED] - Delayed 1 second(s)

2018-06-10 21:41:56 - [TEST_STEP][PASSED] - selectOptionByIndex: All options with index in [50] are selected on object 'Object Repository/MOH AND GRN/Page_KDMC - CMS/select_--Select--Amikacin -500'

2018-06-10 21:41:56 - [MESSAGE][PASSED] - All options with index in [50] are selected on object 'Object Repository/MOH AND GRN/Page_KDMC - CMS/select_--Select--Amikacin -500'

2018-06-10 21:41:56 - [TEST_STEP][PASSED] - setText: Text '5000' is set on object 'Object Repository/MOH AND GRN/Page_KDMC - CMS/input_txtqty'

2018-06-10 21:41:56 - [MESSAGE][PASSED] - Text '5000' is set on object 'Object Repository/MOH AND GRN/Page_KDMC - CMS/input_txtqty'

2018-06-10 21:41:56 - [TEST_STEP][PASSED] - selectOptionByIndex: All options with index in [1] are selected on object 'Object Repository/MOH AND GRN/Page_KDMC - CMS/select_--Select--No Tax0'

2018-06-10 21:41:57 - [MESSAGE][PASSED] - All options with index in [1] are selected on object 'Object Repository/MOH AND GRN/Page_KDMC - CMS/select_--Select--No Tax0'

2018-06-10 21:41:57 - [TEST_STEP][PASSED] - setText: Finding Test Object with id 'Object Repository/MOH AND GRN/Page_KDMC - CMS/input_txtmrp'

2018-06-10 21:41:57 - [TEST_STEP][PASSED] - Statement - switch (id): Finding Test Object with id 'Object Repository/MOH AND GRN/Page_KDMC - CMS/input_txtdeal'

2018-06-10 21:41:57 - [TEST_STEP][PASSED] - Statement - case 4:: Text '18.0' is set on object 'Object Repository/MOH AND GRN/Page_KDMC - CMS/input_txtmrp'

2018-06-10 21:41:57 - [TEST_STEP][PASSED] - Statement - return (java.lang.Math.floor((java.lang.Math.random() * ((max - min) + 1))) + min): Text '18.0' is set on object 'Object Repository/MOH AND GRN/Page_KDMC - CMS/input_txtmrp'

2018-06-10 21:41:57 - [MESSAGE][PASSED] - Text '18.0' is set on object 'Object Repository/MOH AND GRN/Page_KDMC - CMS/input_txtmrp'

2018-06-10 21:41:57 - [TEST_STEP][PASSED] - setText: Finding Test Object with id 'Object Repository/MOH AND GRN/Page_KDMC - CMS/input_txtdeal'

2018-06-10 21:41:57 - [TEST_STEP][PASSED] - Statement - switch (id): Finding Test Object with id 'Object Repository/MOH AND GRN/Page_KDMC - CMS/input_txtbatchno'

2018-06-10 21:41:57 - [TEST_STEP][PASSED] - Statement - case 5:: Text '4.0' is set on object 'Object Repository/MOH AND GRN/Page_KDMC - CMS/input_txtdeal'

2018-06-10 21:41:57 - [TEST_STEP][PASSED] - Statement - return (java.lang.Math.floor((java.lang.Math.random() * ((max - min) + 1))) + min): Text '4.0' is set on object 'Object Repository/MOH AND GRN/Page_KDMC - CMS/input_txtdeal'

2018-06-10 21:41:57 - [MESSAGE][PASSED] - Text '4.0' is set on object 'Object Repository/MOH AND GRN/Page_KDMC - CMS/input_txtdeal'

2018-06-10 21:41:57 - [TEST_STEP][PASSED] - setText: Finding Test Object with id 'Object Repository/MOH AND GRN/Page_KDMC - CMS/input_txtbatchno'

2018-06-10 21:41:57 - [TEST_STEP][PASSED] - Statement - switch (id): Finding Test Object with id 'Object Repository/MOH AND GRN/Page_KDMC - CMS/input_txtmrp'

2018-06-10 21:41:57 - [TEST_STEP][PASSED] - Statement - case 1:: Text 'BA746.0' is set on object 'Object Repository/MOH AND GRN/Page_KDMC - CMS/input_txtbatchno'

2018-06-10 21:41:57 - [TEST_STEP][PASSED] - Statement - return (java.lang.Math.floor((java.lang.Math.random() * ((max - min) + 1))) + min): Text 'BA746.0' is set on object 'Object Repository/MOH AND GRN/Page_KDMC - CMS/input_txtbatchno'

2018-06-10 21:41:57 - [MESSAGE][PASSED] - Text 'BA746.0' is set on object 'Object Repository/MOH AND GRN/Page_KDMC - CMS/input_txtbatchno'

2018-06-10 21:41:57 - [TEST_STEP][PASSED] - rightClick: Object: 'Object Repository/GRN/Page_KDMC - CMS/input_txtexpdate' is right clicked on

2018-06-10 21:41:57 - [MESSAGE][PASSED] - Object: 'Object Repository/GRN/Page_KDMC - CMS/input_txtexpdate' is right clicked on

2018-06-10 21:41:57 - [TEST_STEP][PASSED] - selectOptionByIndex: All options with index in [10] are selected on object 'Object Repository/GRN/Page_KDMC - CMS/select_20182019202020212022202'

2018-06-10 21:41:57 - [MESSAGE][PASSED] - All options with index in [10] are selected on object 'Object Repository/GRN/Page_KDMC - CMS/select_20182019202020212022202'

2018-06-10 21:41:57 - [TEST_STEP][PASSED] - selectOptionByIndex: All options with index in [10] are selected on object 'Object Repository/GRN/Page_KDMC - CMS/select_JanFebMarAprMayJunJulAu'

2018-06-10 21:41:58 - [MESSAGE][PASSED] - All options with index in [10] are selected on object 'Object Repository/GRN/Page_KDMC - CMS/select_JanFebMarAprMayJunJulAu'

2018-06-10 21:41:58 - [TEST_STEP][PASSED] - click: Object: 'Object Repository/MOH AND GRN/Page_KDMC - CMS/a_12' is clicked on

2018-06-10 21:41:58 - [MESSAGE][PASSED] - Object: 'Object Repository/MOH AND GRN/Page_KDMC - CMS/a_12' is clicked on

2018-06-10 21:41:58 - [TEST_STEP][PASSED] - click: Object: 'Object Repository/MOH AND GRN/Page_KDMC - CMS/input_btnadd' is clicked on

2018-06-10 21:41:58 - [MESSAGE][PASSED] - Object: 'Object Repository/MOH AND GRN/Page_KDMC - CMS/input_btnadd' is clicked on

2018-06-10 21:41:58 - [TEST_STEP][PASSED] - Statement - If (s == 10): null

2018-06-10 21:41:58 - [TEST_STEP][PASSED] - Statement - s = 1: null

2018-06-10 21:41:58 - [TEST_STEP][PASSED] - delay: Delayed 1 second(s)

2018-06-10 21:41:59 - [MESSAGE][PASSED] - Delayed 1 second(s)

2018-06-10 21:41:59 - [TEST_STEP][PASSED] - selectOptionByIndex: All options with index in [51] are selected on object 'Object Repository/MOH AND GRN/Page_KDMC - CMS/select_--Select--Amikacin -500'

2018-06-10 21:41:59 - [MESSAGE][PASSED] - All options with index in [51] are selected on object 'Object Repository/MOH AND GRN/Page_KDMC - CMS/select_--Select--Amikacin -500'

2018-06-10 21:41:59 - [TEST_STEP][PASSED] - setText: Text '5000' is set on object 'Object Repository/MOH AND GRN/Page_KDMC - CMS/input_txtqty'

2018-06-10 21:41:59 - [MESSAGE][PASSED] - Text '5000' is set on object 'Object Repository/MOH AND GRN/Page_KDMC - CMS/input_txtqty'

2018-06-10 21:41:59 - [TEST_STEP][PASSED] - selectOptionByIndex: All options with index in [1] are selected on object 'Object Repository/MOH AND GRN/Page_KDMC - CMS/select_--Select--No Tax0'

2018-06-10 21:42:00 - [MESSAGE][PASSED] - All options with index in [1] are selected on object 'Object Repository/MOH AND GRN/Page_KDMC - CMS/select_--Select--No Tax0'

2018-06-10 21:42:00 - [TEST_STEP][PASSED] - setText: Finding Test Object with id 'Object Repository/MOH AND GRN/Page_KDMC - CMS/input_txtmrp'

2018-06-10 21:42:00 - [TEST_STEP][PASSED] - Statement - switch (id): Finding Test Object with id 'Object Repository/MOH AND GRN/Page_KDMC - CMS/input_txtdeal'

2018-06-10 21:42:00 - [TEST_STEP][PASSED] - Statement - case 4:: Text '29.0' is set on object 'Object Repository/MOH AND GRN/Page_KDMC - CMS/input_txtmrp'

2018-06-10 21:42:00 - [TEST_STEP][PASSED] - Statement - return (java.lang.Math.floor((java.lang.Math.random() * ((max - min) + 1))) + min): Text '29.0' is set on object 'Object Repository/MOH AND GRN/Page_KDMC - CMS/input_txtmrp'

2018-06-10 21:42:00 - [MESSAGE][PASSED] - Text '29.0' is set on object 'Object Repository/MOH AND GRN/Page_KDMC - CMS/input_txtmrp'

2018-06-10 21:42:00 - [TEST_STEP][PASSED] - setText: Finding Test Object with id 'Object Repository/MOH AND GRN/Page_KDMC - CMS/input_txtdeal'

2018-06-10 21:42:00 - [TEST_STEP][PASSED] - Statement - switch (id): Finding Test Object with id 'Object Repository/MOH AND GRN/Page_KDMC - CMS/input_txtbatchno'

2018-06-10 21:42:00 - [TEST_STEP][PASSED] - Statement - case 5:: Text '11.0' is set on object 'Object Repository/MOH AND GRN/Page_KDMC - CMS/input_txtdeal'

2018-06-10 21:42:00 - [TEST_STEP][PASSED] - Statement - return (java.lang.Math.floor((java.lang.Math.random() * ((max - min) + 1))) + min): Text '11.0' is set on object 'Object Repository/MOH AND GRN/Page_KDMC - CMS/input_txtdeal'

2018-06-10 21:42:00 - [MESSAGE][PASSED] - Text '11.0' is set on object 'Object Repository/MOH AND GRN/Page_KDMC - CMS/input_txtdeal'

2018-06-10 21:42:00 - [TEST_STEP][PASSED] - setText: Finding Test Object with id 'Object Repository/MOH AND GRN/Page_KDMC - CMS/input_txtbatchno'

2018-06-10 21:42:00 - [TEST_STEP][PASSED] - Statement - switch (id): Finding Test Object with id 'Object Repository/MOH AND GRN/Page_KDMC - CMS/input_txtmrp'

2018-06-10 21:42:00 - [TEST_STEP][PASSED] - Statement - case 1:: Text 'BA690.0' is set on object 'Object Repository/MOH AND GRN/Page_KDMC - CMS/input_txtbatchno'

2018-06-10 21:42:00 - [TEST_STEP][PASSED] - Statement - return (java.lang.Math.floor((java.lang.Math.random() * ((max - min) + 1))) + min): Text 'BA690.0' is set on object 'Object Repository/MOH AND GRN/Page_KDMC - CMS/input_txtbatchno'

2018-06-10 21:42:00 - [MESSAGE][PASSED] - Text 'BA690.0' is set on object 'Object Repository/MOH AND GRN/Page_KDMC - CMS/input_txtbatchno'

2018-06-10 21:42:00 - [TEST_STEP][PASSED] - rightClick: Object: 'Object Repository/GRN/Page_KDMC - CMS/input_txtexpdate' is right clicked on

2018-06-10 21:42:00 - [MESSAGE][PASSED] - Object: 'Object Repository/GRN/Page_KDMC - CMS/input_txtexpdate' is right clicked on

2018-06-10 21:42:00 - [TEST_STEP][PASSED] - selectOptionByIndex: All options with index in [1] are selected on object 'Object Repository/GRN/Page_KDMC - CMS/select_20182019202020212022202'

2018-06-10 21:42:00 - [MESSAGE][PASSED] - All options with index in [1] are selected on object 'Object Repository/GRN/Page_KDMC - CMS/select_20182019202020212022202'

2018-06-10 21:42:00 - [TEST_STEP][PASSED] - selectOptionByIndex: All options with index in [1] are selected on object 'Object Repository/GRN/Page_KDMC - CMS/select_JanFebMarAprMayJunJulAu'

2018-06-10 21:42:00 - [MESSAGE][PASSED] - All options with index in [1] are selected on object 'Object Repository/GRN/Page_KDMC - CMS/select_JanFebMarAprMayJunJulAu'

2018-06-10 21:42:00 - [TEST_STEP][PASSED] - click: Object: 'Object Repository/MOH AND GRN/Page_KDMC - CMS/a_12' is clicked on

2018-06-10 21:42:00 - [MESSAGE][PASSED] - Object: 'Object Repository/MOH AND GRN/Page_KDMC - CMS/a_12' is clicked on

2018-06-10 21:42:00 - [TEST_STEP][PASSED] - click: Object: 'Object Repository/MOH AND GRN/Page_KDMC - CMS/input_btnadd' is clicked on

2018-06-10 21:42:01 - [MESSAGE][PASSED] - Object: 'Object Repository/MOH AND GRN/Page_KDMC - CMS/input_btnadd' is clicked on

2018-06-10 21:42:01 - [TEST_STEP][PASSED] - Statement - If (s == 10): null

2018-06-10 21:42:01 - [TEST_STEP][PASSED] - Statement - Else: null

2018-06-10 21:42:01 - [TEST_STEP][PASSED] - Statement - (s++): null

2018-06-10 21:42:01 - [TEST_STEP][PASSED] - delay: Delayed 1 second(s)

2018-06-10 21:42:02 - [MESSAGE][PASSED] - Delayed 1 second(s)

2018-06-10 21:42:02 - [TEST_STEP][PASSED] - selectOptionByIndex: All options with index in [52] are selected on object 'Object Repository/MOH AND GRN/Page_KDMC - CMS/select_--Select--Amikacin -500'

2018-06-10 21:42:02 - [MESSAGE][PASSED] - All options with index in [52] are selected on object 'Object Repository/MOH AND GRN/Page_KDMC - CMS/select_--Select--Amikacin -500'

2018-06-10 21:42:02 - [TEST_STEP][PASSED] - setText: Text '5000' is set on object 'Object Repository/MOH AND GRN/Page_KDMC - CMS/input_txtqty'

2018-06-10 21:42:02 - [MESSAGE][PASSED] - Text '5000' is set on object 'Object Repository/MOH AND GRN/Page_KDMC - CMS/input_txtqty'

2018-06-10 21:42:02 - [TEST_STEP][PASSED] - selectOptionByIndex: All options with index in [1] are selected on object 'Object Repository/MOH AND GRN/Page_KDMC - CMS/select_--Select--No Tax0'

2018-06-10 21:42:02 - [MESSAGE][PASSED] - All options with index in [1] are selected on object 'Object Repository/MOH AND GRN/Page_KDMC - CMS/select_--Select--No Tax0'

2018-06-10 21:42:02 - [TEST_STEP][PASSED] - setText: Finding Test Object with id 'Object Repository/MOH AND GRN/Page_KDMC - CMS/input_txtmrp'

2018-06-10 21:42:02 - [TEST_STEP][PASSED] - Statement - switch (id): Finding Test Object with id 'Object Repository/MOH AND GRN/Page_KDMC - CMS/input_txtdeal'

2018-06-10 21:42:02 - [TEST_STEP][PASSED] - Statement - case 4:: Text '16.0' is set on object 'Object Repository/MOH AND GRN/Page_KDMC - CMS/input_txtmrp'

2018-06-10 21:42:02 - [TEST_STEP][PASSED] - Statement - return (java.lang.Math.floor((java.lang.Math.random() * ((max - min) + 1))) + min): Text '16.0' is set on object 'Object Repository/MOH AND GRN/Page_KDMC - CMS/input_txtmrp'

2018-06-10 21:42:03 - [MESSAGE][PASSED] - Text '16.0' is set on object 'Object Repository/MOH AND GRN/Page_KDMC - CMS/input_txtmrp'

2018-06-10 21:42:03 - [TEST_STEP][PASSED] - setText: Finding Test Object with id 'Object Repository/MOH AND GRN/Page_KDMC - CMS/input_txtdeal'

2018-06-10 21:42:03 - [TEST_STEP][PASSED] - Statement - switch (id): Finding Test Object with id 'Object Repository/MOH AND GRN/Page_KDMC - CMS/input_txtbatchno'

2018-06-10 21:42:03 - [TEST_STEP][PASSED] - Statement - case 5:: Text '1.0' is set on object 'Object Repository/MOH AND GRN/Page_KDMC - CMS/input_txtdeal'

2018-06-10 21:42:03 - [TEST_STEP][PASSED] - Statement - return (java.lang.Math.floor((java.lang.Math.random() * ((max - min) + 1))) + min): Text '1.0' is set on object 'Object Repository/MOH AND GRN/Page_KDMC - CMS/input_txtdeal'

2018-06-10 21:42:03 - [MESSAGE][PASSED] - Text '1.0' is set on object 'Object Repository/MOH AND GRN/Page_KDMC - CMS/input_txtdeal'

2018-06-10 21:42:03 - [TEST_STEP][PASSED] - setText: Finding Test Object with id 'Object Repository/MOH AND GRN/Page_KDMC - CMS/input_txtbatchno'

2018-06-10 21:42:03 - [TEST_STEP][PASSED] - Statement - switch (id): Finding Test Object with id 'Object Repository/MOH AND GRN/Page_KDMC - CMS/input_txtmrp'

2018-06-10 21:42:03 - [TEST_STEP][PASSED] - Statement - case 1:: Text 'BA44.0' is set on object 'Object Repository/MOH AND GRN/Page_KDMC - CMS/input_txtbatchno'

2018-06-10 21:42:03 - [TEST_STEP][PASSED] - Statement - return (java.lang.Math.floor((java.lang.Math.random() * ((max - min) + 1))) + min): Text 'BA44.0' is set on object 'Object Repository/MOH AND GRN/Page_KDMC - CMS/input_txtbatchno'

2018-06-10 21:42:03 - [MESSAGE][PASSED] - Text 'BA44.0' is set on object 'Object Repository/MOH AND GRN/Page_KDMC - CMS/input_txtbatchno'

2018-06-10 21:42:03 - [TEST_STEP][PASSED] - rightClick: Object: 'Object Repository/GRN/Page_KDMC - CMS/input_txtexpdate' is right clicked on

2018-06-10 21:42:03 - [MESSAGE][PASSED] - Object: 'Object Repository/GRN/Page_KDMC - CMS/input_txtexpdate' is right clicked on

2018-06-10 21:42:03 - [TEST_STEP][PASSED] - selectOptionByIndex: All options with index in [2] are selected on object 'Object Repository/GRN/Page_KDMC - CMS/select_20182019202020212022202'

2018-06-10 21:42:03 - [MESSAGE][PASSED] - All options with index in [2] are selected on object 'Object Repository/GRN/Page_KDMC - CMS/select_20182019202020212022202'

2018-06-10 21:42:03 - [TEST_STEP][PASSED] - selectOptionByIndex: All options with index in [2] are selected on object 'Object Repository/GRN/Page_KDMC - CMS/select_JanFebMarAprMayJunJulAu'

2018-06-10 21:42:03 - [MESSAGE][PASSED] - All options with index in [2] are selected on object 'Object Repository/GRN/Page_KDMC - CMS/select_JanFebMarAprMayJunJulAu'

2018-06-10 21:42:03 - [TEST_STEP][PASSED] - click: Object: 'Object Repository/MOH AND GRN/Page_KDMC - CMS/a_12' is clicked on

2018-06-10 21:42:03 - [MESSAGE][PASSED] - Object: 'Object Repository/MOH AND GRN/Page_KDMC - CMS/a_12' is clicked on

2018-06-10 21:42:03 - [TEST_STEP][PASSED] - click: Object: 'Object Repository/MOH AND GRN/Page_KDMC - CMS/input_btnadd' is clicked on

2018-06-10 21:42:03 - [MESSAGE][PASSED] - Object: 'Object Repository/MOH AND GRN/Page_KDMC - CMS/input_btnadd' is clicked on

2018-06-10 21:42:03 - [TEST_STEP][PASSED] - Statement - If (s == 10): null

2018-06-10 21:42:03 - [TEST_STEP][PASSED] - Statement - Else: null

2018-06-10 21:42:03 - [TEST_STEP][PASSED] - Statement - (s++): null

2018-06-10 21:42:03 - [TEST_STEP][PASSED] - delay: Delayed 1 second(s)

2018-06-10 21:42:04 - [MESSAGE][PASSED] - Delayed 1 second(s)

2018-06-10 21:42:04 - [TEST_STEP][PASSED] - selectOptionByIndex: All options with index in [53] are selected on object 'Object Repository/MOH AND GRN/Page_KDMC - CMS/select_--Select--Amikacin -500'

2018-06-10 21:42:05 - [MESSAGE][PASSED] - All options with index in [53] are selected on object 'Object Repository/MOH AND GRN/Page_KDMC - CMS/select_--Select--Amikacin -500'

2018-06-10 21:42:05 - [TEST_STEP][PASSED] - setText: Text '5000' is set on object 'Object Repository/MOH AND GRN/Page_KDMC - CMS/input_txtqty'

2018-06-10 21:42:05 - [MESSAGE][PASSED] - Text '5000' is set on object 'Object Repository/MOH AND GRN/Page_KDMC - CMS/input_txtqty'

2018-06-10 21:42:05 - [TEST_STEP][PASSED] - selectOptionByIndex: All options with index in [1] are selected on object 'Object Repository/MOH AND GRN/Page_KDMC - CMS/select_--Select--No Tax0'

2018-06-10 21:42:05 - [MESSAGE][PASSED] - All options with index in [1] are selected on object 'Object Repository/MOH AND GRN/Page_KDMC - CMS/select_--Select--No Tax0'

2018-06-10 21:42:05 - [TEST_STEP][PASSED] - setText: Finding Test Object with id 'Object Repository/MOH AND GRN/Page_KDMC - CMS/input_txtmrp'

2018-06-10 21:42:05 - [TEST_STEP][PASSED] - Statement - switch (id): Finding Test Object with id 'Object Repository/MOH AND GRN/Page_KDMC - CMS/input_txtdeal'

2018-06-10 21:42:05 - [TEST_STEP][PASSED] - Statement - case 4:: Text '24.0' is set on object 'Object Repository/MOH AND GRN/Page_KDMC - CMS/input_txtmrp'

2018-06-10 21:42:05 - [TEST_STEP][PASSED] - Statement - return (java.lang.Math.floor((java.lang.Math.random() * ((max - min) + 1))) + min): Text '24.0' is set on object 'Object Repository/MOH AND GRN/Page_KDMC - CMS/input_txtmrp'

2018-06-10 21:42:05 - [MESSAGE][PASSED] - Text '24.0' is set on object 'Object Repository/MOH AND GRN/Page_KDMC - CMS/input_txtmrp'

2018-06-10 21:42:05 - [TEST_STEP][PASSED] - setText: Finding Test Object with id 'Object Repository/MOH AND GRN/Page_KDMC - CMS/input_txtdeal'

2018-06-10 21:42:05 - [TEST_STEP][PASSED] - Statement - switch (id): Finding Test Object with id 'Object Repository/MOH AND GRN/Page_KDMC - CMS/input_txtbatchno'

2018-06-10 21:42:05 - [TEST_STEP][PASSED] - Statement - case 5:: Text '9.0' is set on object 'Object Repository/MOH AND GRN/Page_KDMC - CMS/input_txtdeal'

2018-06-10 21:42:05 - [TEST_STEP][PASSED] - Statement - return (java.lang.Math.floor((java.lang.Math.random() * ((max - min) + 1))) + min): Text '9.0' is set on object 'Object Repository/MOH AND GRN/Page_KDMC - CMS/input_txtdeal'

2018-06-10 21:42:05 - [MESSAGE][PASSED] - Text '9.0' is set on object 'Object Repository/MOH AND GRN/Page_KDMC - CMS/input_txtdeal'

2018-06-10 21:42:05 - [TEST_STEP][PASSED] - setText: Finding Test Object with id 'Object Repository/MOH AND GRN/Page_KDMC - CMS/input_txtbatchno'

2018-06-10 21:42:05 - [TEST_STEP][PASSED] - Statement - switch (id): Finding Test Object with id 'Object Repository/MOH AND GRN/Page_KDMC - CMS/input_txtmrp'

2018-06-10 21:42:05 - [TEST_STEP][PASSED] - Statement - case 1:: Text 'BA742.0' is set on object 'Object Repository/MOH AND GRN/Page_KDMC - CMS/input_txtbatchno'

2018-06-10 21:42:05 - [TEST_STEP][PASSED] - Statement - return (java.lang.Math.floor((java.lang.Math.random() * ((max - min) + 1))) + min): Text 'BA742.0' is set on object 'Object Repository/MOH AND GRN/Page_KDMC - CMS/input_txtbatchno'

2018-06-10 21:42:06 - [MESSAGE][PASSED] - Text 'BA742.0' is set on object 'Object Repository/MOH AND GRN/Page_KDMC - CMS/input_txtbatchno'

2018-06-10 21:42:06 - [TEST_STEP][PASSED] - rightClick: Object: 'Object Repository/GRN/Page_KDMC - CMS/input_txtexpdate' is right clicked on

2018-06-10 21:42:06 - [MESSAGE][PASSED] - Object: 'Object Repository/GRN/Page_KDMC - CMS/input_txtexpdate' is right clicked on

2018-06-10 21:42:06 - [TEST_STEP][PASSED] - selectOptionByIndex: All options with index in [3] are selected on object 'Object Repository/GRN/Page_KDMC - CMS/select_20182019202020212022202'

2018-06-10 21:42:06 - [MESSAGE][PASSED] - All options with index in [3] are selected on object 'Object Repository/GRN/Page_KDMC - CMS/select_20182019202020212022202'

2018-06-10 21:42:06 - [TEST_STEP][PASSED] - selectOptionByIndex: All options with index in [3] are selected on object 'Object Repository/GRN/Page_KDMC - CMS/select_JanFebMarAprMayJunJulAu'

2018-06-10 21:42:06 - [MESSAGE][PASSED] - All options with index in [3] are selected on object 'Object Repository/GRN/Page_KDMC - CMS/select_JanFebMarAprMayJunJulAu'

2018-06-10 21:42:06 - [TEST_STEP][PASSED] - click: Object: 'Object Repository/MOH AND GRN/Page_KDMC - CMS/a_12' is clicked on

2018-06-10 21:42:06 - [MESSAGE][PASSED] - Object: 'Object Repository/MOH AND GRN/Page_KDMC - CMS/a_12' is clicked on

2018-06-10 21:42:06 - [TEST_STEP][PASSED] - click: Object: 'Object Repository/MOH AND GRN/Page_KDMC - CMS/input_btnadd' is clicked on

2018-06-10 21:42:06 - [MESSAGE][PASSED] - Object: 'Object Repository/MOH AND GRN/Page_KDMC - CMS/input_btnadd' is clicked on

2018-06-10 21:42:06 - [TEST_STEP][PASSED] - Statement - If (s == 10): null

2018-06-10 21:42:06 - [TEST_STEP][PASSED] - Statement - Else: null

2018-06-10 21:42:06 - [TEST_STEP][PASSED] - Statement - (s++): null

2018-06-10 21:42:06 - [TEST_STEP][PASSED] - delay: Delayed 1 second(s)

2018-06-10 21:42:07 - [MESSAGE][PASSED] - Delayed 1 second(s)

2018-06-10 21:42:07 - [TEST_STEP][PASSED] - selectOptionByIndex: All options with index in [54] are selected on object 'Object Repository/MOH AND GRN/Page_KDMC - CMS/select_--Select--Amikacin -500'

2018-06-10 21:42:08 - [MESSAGE][PASSED] - All options with index in [54] are selected on object 'Object Repository/MOH AND GRN/Page_KDMC - CMS/select_--Select--Amikacin -500'

2018-06-10 21:42:08 - [TEST_STEP][PASSED] - setText: Text '5000' is set on object 'Object Repository/MOH AND GRN/Page_KDMC - CMS/input_txtqty'

2018-06-10 21:42:08 - [MESSAGE][PASSED] - Text '5000' is set on object 'Object Repository/MOH AND GRN/Page_KDMC - CMS/input_txtqty'

2018-06-10 21:42:08 - [TEST_STEP][PASSED] - selectOptionByIndex: All options with index in [1] are selected on object 'Object Repository/MOH AND GRN/Page_KDMC - CMS/select_--Select--No Tax0'

2018-06-10 21:42:08 - [MESSAGE][PASSED] - All options with index in [1] are selected on object 'Object Repository/MOH AND GRN/Page_KDMC - CMS/select_--Select--No Tax0'

2018-06-10 21:42:08 - [TEST_STEP][PASSED] - setText: Finding Test Object with id 'Object Repository/MOH AND GRN/Page_KDMC - CMS/input_txtmrp'

2018-06-10 21:42:08 - [TEST_STEP][PASSED] - Statement - switch (id): Finding Test Object with id 'Object Repository/MOH AND GRN/Page_KDMC - CMS/input_txtdeal'

2018-06-10 21:42:08 - [TEST_STEP][PASSED] - Statement - case 4:: Text '25.0' is set on object 'Object Repository/MOH AND GRN/Page_KDMC - CMS/input_txtmrp'

2018-06-10 21:42:08 - [TEST_STEP][PASSED] - Statement - return (java.lang.Math.floor((java.lang.Math.random() * ((max - min) + 1))) + min): Text '25.0' is set on object 'Object Repository/MOH AND GRN/Page_KDMC - CMS/input_txtmrp'

2018-06-10 21:42:08 - [MESSAGE][PASSED] - Text '25.0' is set on object 'Object Repository/MOH AND GRN/Page_KDMC - CMS/input_txtmrp'

2018-06-10 21:42:08 - [TEST_STEP][PASSED] - setText: Finding Test Object with id 'Object Repository/MOH AND GRN/Page_KDMC - CMS/input_txtdeal'

2018-06-10 21:42:08 - [TEST_STEP][PASSED] - Statement - switch (id): Finding Test Object with id 'Object Repository/MOH AND GRN/Page_KDMC - CMS/input_txtbatchno'

2018-06-10 21:42:08 - [TEST_STEP][PASSED] - Statement - case 5:: Text '11.0' is set on object 'Object Repository/MOH AND GRN/Page_KDMC - CMS/input_txtdeal'

2018-06-10 21:42:08 - [TEST_STEP][PASSED] - Statement - return (java.lang.Math.floor((java.lang.Math.random() * ((max - min) + 1))) + min): Text '11.0' is set on object 'Object Repository/MOH AND GRN/Page_KDMC - CMS/input_txtdeal'

2018-06-10 21:42:08 - [MESSAGE][PASSED] - Text '11.0' is set on object 'Object Repository/MOH AND GRN/Page_KDMC - CMS/input_txtdeal'

2018-06-10 21:42:08 - [TEST_STEP][PASSED] - setText: Finding Test Object with id 'Object Repository/MOH AND GRN/Page_KDMC - CMS/input_txtbatchno'

2018-06-10 21:42:08 - [TEST_STEP][PASSED] - Statement - switch (id): Finding Test Object with id 'Object Repository/MOH AND GRN/Page_KDMC - CMS/input_txtmrp'

2018-06-10 21:42:08 - [TEST_STEP][PASSED] - Statement - case 1:: Text 'BA903.0' is set on object 'Object Repository/MOH AND GRN/Page_KDMC - CMS/input_txtbatchno'

2018-06-10 21:42:08 - [TEST_STEP][PASSED] - Statement - return (java.lang.Math.floor((java.lang.Math.random() * ((max - min) + 1))) + min): Text 'BA903.0' is set on object 'Object Repository/MOH AND GRN/Page_KDMC - CMS/input_txtbatchno'

2018-06-10 21:42:08 - [MESSAGE][PASSED] - Text 'BA903.0' is set on object 'Object Repository/MOH AND GRN/Page_KDMC - CMS/input_txtbatchno'

2018-06-10 21:42:08 - [TEST_STEP][PASSED] - rightClick: Object: 'Object Repository/GRN/Page_KDMC - CMS/input_txtexpdate' is right clicked on

2018-06-10 21:42:09 - [MESSAGE][PASSED] - Object: 'Object Repository/GRN/Page_KDMC - CMS/input_txtexpdate' is right clicked on

2018-06-10 21:42:09 - [TEST_STEP][PASSED] - selectOptionByIndex: All options with index in [4] are selected on object 'Object Repository/GRN/Page_KDMC - CMS/select_20182019202020212022202'

2018-06-10 21:42:09 - [MESSAGE][PASSED] - All options with index in [4] are selected on object 'Object Repository/GRN/Page_KDMC - CMS/select_20182019202020212022202'

2018-06-10 21:42:09 - [TEST_STEP][PASSED] - selectOptionByIndex: All options with index in [4] are selected on object 'Object Repository/GRN/Page_KDMC - CMS/select_JanFebMarAprMayJunJulAu'

2018-06-10 21:42:09 - [MESSAGE][PASSED] - All options with index in [4] are selected on object 'Object Repository/GRN/Page_KDMC - CMS/select_JanFebMarAprMayJunJulAu'

2018-06-10 21:42:09 - [TEST_STEP][PASSED] - click: Object: 'Object Repository/MOH AND GRN/Page_KDMC - CMS/a_12' is clicked on

2018-06-10 21:42:09 - [MESSAGE][PASSED] - Object: 'Object Repository/MOH AND GRN/Page_KDMC - CMS/a_12' is clicked on

2018-06-10 21:42:09 - [TEST_STEP][PASSED] - click: Object: 'Object Repository/MOH AND GRN/Page_KDMC - CMS/input_btnadd' is clicked on

2018-06-10 21:42:09 - [MESSAGE][PASSED] - Object: 'Object Repository/MOH AND GRN/Page_KDMC - CMS/input_btnadd' is clicked on

2018-06-10 21:42:09 - [TEST_STEP][PASSED] - Statement - If (s == 10): null

2018-06-10 21:42:09 - [TEST_STEP][PASSED] - Statement - Else: null

2018-06-10 21:42:09 - [TEST_STEP][PASSED] - Statement - (s++): null

2018-06-10 21:42:09 - [TEST_STEP][PASSED] - delay: Delayed 1 second(s)

2018-06-10 21:42:10 - [MESSAGE][PASSED] - Delayed 1 second(s)

2018-06-10 21:42:10 - [TEST_STEP][PASSED] - selectOptionByIndex: All options with index in [55] are selected on object 'Object Repository/MOH AND GRN/Page_KDMC - CMS/select_--Select--Amikacin -500'

2018-06-10 21:42:11 - [MESSAGE][PASSED] - All options with index in [55] are selected on object 'Object Repository/MOH AND GRN/Page_KDMC - CMS/select_--Select--Amikacin -500'

2018-06-10 21:42:11 - [TEST_STEP][PASSED] - setText: Text '5000' is set on object 'Object Repository/MOH AND GRN/Page_KDMC - CMS/input_txtqty'

2018-06-10 21:42:11 - [MESSAGE][PASSED] - Text '5000' is set on object 'Object Repository/MOH AND GRN/Page_KDMC - CMS/input_txtqty'

2018-06-10 21:42:11 - [TEST_STEP][PASSED] - selectOptionByIndex: All options with index in [1] are selected on object 'Object Repository/MOH AND GRN/Page_KDMC - CMS/select_--Select--No Tax0'

2018-06-10 21:42:11 - [MESSAGE][PASSED] - All options with index in [1] are selected on object 'Object Repository/MOH AND GRN/Page_KDMC - CMS/select_--Select--No Tax0'

2018-06-10 21:42:11 - [TEST_STEP][PASSED] - setText: Finding Test Object with id 'Object Repository/MOH AND GRN/Page_KDMC - CMS/input_txtmrp'

2018-06-10 21:42:11 - [TEST_STEP][PASSED] - Statement - switch (id): Finding Test Object with id 'Object Repository/MOH AND GRN/Page_KDMC - CMS/input_txtdeal'

2018-06-10 21:42:11 - [TEST_STEP][PASSED] - Statement - case 4:: Text '40.0' is set on object 'Object Repository/MOH AND GRN/Page_KDMC - CMS/input_txtmrp'

2018-06-10 21:42:11 - [TEST_STEP][PASSED] - Statement - return (java.lang.Math.floor((java.lang.Math.random() * ((max - min) + 1))) + min): Text '40.0' is set on object 'Object Repository/MOH AND GRN/Page_KDMC - CMS/input_txtmrp'

2018-06-10 21:42:11 - [MESSAGE][PASSED] - Text '40.0' is set on object 'Object Repository/MOH AND GRN/Page_KDMC - CMS/input_txtmrp'

2018-06-10 21:42:11 - [TEST_STEP][PASSED] - setText: Finding Test Object with id 'Object Repository/MOH AND GRN/Page_KDMC - CMS/input_txtdeal'

2018-06-10 21:42:11 - [TEST_STEP][PASSED] - Statement - switch (id): Finding Test Object with id 'Object Repository/MOH AND GRN/Page_KDMC - CMS/input_txtbatchno'

2018-06-10 21:42:11 - [TEST_STEP][PASSED] - Statement - case 5:: Text '6.0' is set on object 'Object Repository/MOH AND GRN/Page_KDMC - CMS/input_txtdeal'

2018-06-10 21:42:11 - [TEST_STEP][PASSED] - Statement - return (java.lang.Math.floor((java.lang.Math.random() * ((max - min) + 1))) + min): Text '6.0' is set on object 'Object Repository/MOH AND GRN/Page_KDMC - CMS/input_txtdeal'

2018-06-10 21:42:11 - [MESSAGE][PASSED] - Text '6.0' is set on object 'Object Repository/MOH AND GRN/Page_KDMC - CMS/input_txtdeal'

2018-06-10 21:42:11 - [TEST_STEP][PASSED] - setText: Finding Test Object with id 'Object Repository/MOH AND GRN/Page_KDMC - CMS/input_txtbatchno'

2018-06-10 21:42:11 - [TEST_STEP][PASSED] - Statement - switch (id): Finding Test Object with id 'Object Repository/MOH AND GRN/Page_KDMC - CMS/input_txtmrp'

2018-06-10 21:42:11 - [TEST_STEP][PASSED] - Statement - case 1:: Text 'BA802.0' is set on object 'Object Repository/MOH AND GRN/Page_KDMC - CMS/input_txtbatchno'

2018-06-10 21:42:11 - [TEST_STEP][PASSED] - Statement - return (java.lang.Math.floor((java.lang.Math.random() * ((max - min) + 1))) + min): Text 'BA802.0' is set on object 'Object Repository/MOH AND GRN/Page_KDMC - CMS/input_txtbatchno'

2018-06-10 21:42:11 - [MESSAGE][PASSED] - Text 'BA802.0' is set on object 'Object Repository/MOH AND GRN/Page_KDMC - CMS/input_txtbatchno'

2018-06-10 21:42:11 - [TEST_STEP][PASSED] - rightClick: Object: 'Object Repository/GRN/Page_KDMC - CMS/input_txtexpdate' is right clicked on

2018-06-10 21:42:11 - [MESSAGE][PASSED] - Object: 'Object Repository/GRN/Page_KDMC - CMS/input_txtexpdate' is right clicked on

2018-06-10 21:42:11 - [TEST_STEP][PASSED] - selectOptionByIndex: All options with index in [5] are selected on object 'Object Repository/GRN/Page_KDMC - CMS/select_20182019202020212022202'

2018-06-10 21:42:12 - [MESSAGE][PASSED] - All options with index in [5] are selected on object 'Object Repository/GRN/Page_KDMC - CMS/select_20182019202020212022202'

2018-06-10 21:42:12 - [TEST_STEP][PASSED] - selectOptionByIndex: All options with index in [5] are selected on object 'Object Repository/GRN/Page_KDMC - CMS/select_JanFebMarAprMayJunJulAu'

2018-06-10 21:42:12 - [MESSAGE][PASSED] - All options with index in [5] are selected on object 'Object Repository/GRN/Page_KDMC - CMS/select_JanFebMarAprMayJunJulAu'

2018-06-10 21:42:12 - [TEST_STEP][PASSED] - click: Object: 'Object Repository/MOH AND GRN/Page_KDMC - CMS/a_12' is clicked on

2018-06-10 21:42:12 - [MESSAGE][PASSED] - Object: 'Object Repository/MOH AND GRN/Page_KDMC - CMS/a_12' is clicked on

2018-06-10 21:42:12 - [TEST_STEP][PASSED] - click: Object: 'Object Repository/MOH AND GRN/Page_KDMC - CMS/input_btnadd' is clicked on

2018-06-10 21:42:12 - [MESSAGE][PASSED] - Object: 'Object Repository/MOH AND GRN/Page_KDMC - CMS/input_btnadd' is clicked on

2018-06-10 21:42:12 - [TEST_STEP][PASSED] - Statement - If (s == 10): null

2018-06-10 21:42:12 - [TEST_STEP][PASSED] - Statement - Else: null

2018-06-10 21:42:12 - [TEST_STEP][PASSED] - Statement - (s++): null

2018-06-10 21:42:12 - [TEST_STEP][PASSED] - delay: Delayed 1 second(s)

2018-06-10 21:42:13 - [MESSAGE][PASSED] - Delayed 1 second(s)

2018-06-10 21:42:13 - [TEST_STEP][PASSED] - selectOptionByIndex: All options with index in [56] are selected on object 'Object Repository/MOH AND GRN/Page_KDMC - CMS/select_--Select--Amikacin -500'

2018-06-10 21:42:14 - [MESSAGE][PASSED] - All options with index in [56] are selected on object 'Object Repository/MOH AND GRN/Page_KDMC - CMS/select_--Select--Amikacin -500'

2018-06-10 21:42:14 - [TEST_STEP][PASSED] - setText: Text '5000' is set on object 'Object Repository/MOH AND GRN/Page_KDMC - CMS/input_txtqty'

2018-06-10 21:42:14 - [MESSAGE][PASSED] - Text '5000' is set on object 'Object Repository/MOH AND GRN/Page_KDMC - CMS/input_txtqty'

2018-06-10 21:42:14 - [TEST_STEP][PASSED] - selectOptionByIndex: All options with index in [1] are selected on object 'Object Repository/MOH AND GRN/Page_KDMC - CMS/select_--Select--No Tax0'

2018-06-10 21:42:14 - [MESSAGE][PASSED] - All options with index in [1] are selected on object 'Object Repository/MOH AND GRN/Page_KDMC - CMS/select_--Select--No Tax0'

2018-06-10 21:42:14 - [TEST_STEP][PASSED] - setText: Finding Test Object with id 'Object Repository/MOH AND GRN/Page_KDMC - CMS/input_txtmrp'

2018-06-10 21:42:14 - [TEST_STEP][PASSED] - Statement - switch (id): Finding Test Object with id 'Object Repository/MOH AND GRN/Page_KDMC - CMS/input_txtdeal'

2018-06-10 21:42:14 - [TEST_STEP][PASSED] - Statement - case 4:: Text '30.0' is set on object 'Object Repository/MOH AND GRN/Page_KDMC - CMS/input_txtmrp'

2018-06-10 21:42:14 - [TEST_STEP][PASSED] - Statement - return (java.lang.Math.floor((java.lang.Math.random() * ((max - min) + 1))) + min): Text '30.0' is set on object 'Object Repository/MOH AND GRN/Page_KDMC - CMS/input_txtmrp'

2018-06-10 21:42:14 - [MESSAGE][PASSED] - Text '30.0' is set on object 'Object Repository/MOH AND GRN/Page_KDMC - CMS/input_txtmrp'

2018-06-10 21:42:14 - [TEST_STEP][PASSED] - setText: Finding Test Object with id 'Object Repository/MOH AND GRN/Page_KDMC - CMS/input_txtdeal'

2018-06-10 21:42:14 - [TEST_STEP][PASSED] - Statement - switch (id): Finding Test Object with id 'Object Repository/MOH AND GRN/Page_KDMC - CMS/input_txtbatchno'

2018-06-10 21:42:14 - [TEST_STEP][PASSED] - Statement - case 5:: Text '7.0' is set on object 'Object Repository/MOH AND GRN/Page_KDMC - CMS/input_txtdeal'

2018-06-10 21:42:14 - [TEST_STEP][PASSED] - Statement - return (java.lang.Math.floor((java.lang.Math.random() * ((max - min) + 1))) + min): Text '7.0' is set on object 'Object Repository/MOH AND GRN/Page_KDMC - CMS/input_txtdeal'

2018-06-10 21:42:14 - [MESSAGE][PASSED] - Text '7.0' is set on object 'Object Repository/MOH AND GRN/Page_KDMC - CMS/input_txtdeal'

2018-06-10 21:42:14 - [TEST_STEP][PASSED] - setText: Finding Test Object with id 'Object Repository/MOH AND GRN/Page_KDMC - CMS/input_txtbatchno'

2018-06-10 21:42:14 - [TEST_STEP][PASSED] - Statement - switch (id): Finding Test Object with id 'Object Repository/MOH AND GRN/Page_KDMC - CMS/input_txtmrp'

2018-06-10 21:42:14 - [TEST_STEP][PASSED] - Statement - case 1:: Text 'BA243.0' is set on object 'Object Repository/MOH AND GRN/Page_KDMC - CMS/input_txtbatchno'

2018-06-10 21:42:14 - [TEST_STEP][PASSED] - Statement - return (java.lang.Math.floor((java.lang.Math.random() * ((max - min) + 1))) + min): Text 'BA243.0' is set on object 'Object Repository/MOH AND GRN/Page_KDMC - CMS/input_txtbatchno'

2018-06-10 21:42:14 - [MESSAGE][PASSED] - Text 'BA243.0' is set on object 'Object Repository/MOH AND GRN/Page_KDMC - CMS/input_txtbatchno'

2018-06-10 21:42:14 - [TEST_STEP][PASSED] - rightClick: Object: 'Object Repository/GRN/Page_KDMC - CMS/input_txtexpdate' is right clicked on

2018-06-10 21:42:14 - [MESSAGE][PASSED] - Object: 'Object Repository/GRN/Page_KDMC - CMS/input_txtexpdate' is right clicked on

2018-06-10 21:42:14 - [TEST_STEP][PASSED] - selectOptionByIndex: All options with index in [6] are selected on object 'Object Repository/GRN/Page_KDMC - CMS/select_20182019202020212022202'

2018-06-10 21:42:15 - [MESSAGE][PASSED] - All options with index in [6] are selected on object 'Object Repository/GRN/Page_KDMC - CMS/select_20182019202020212022202'

2018-06-10 21:42:15 - [TEST_STEP][PASSED] - selectOptionByIndex: All options with index in [6] are selected on object 'Object Repository/GRN/Page_KDMC - CMS/select_JanFebMarAprMayJunJulAu'

2018-06-10 21:42:15 - [MESSAGE][PASSED] - All options with index in [6] are selected on object 'Object Repository/GRN/Page_KDMC - CMS/select_JanFebMarAprMayJunJulAu'

2018-06-10 21:42:15 - [TEST_STEP][PASSED] - click: Object: 'Object Repository/MOH AND GRN/Page_KDMC - CMS/a_12' is clicked on

2018-06-10 21:42:15 - [MESSAGE][PASSED] - Object: 'Object Repository/MOH AND GRN/Page_KDMC - CMS/a_12' is clicked on

2018-06-10 21:42:15 - [TEST_STEP][PASSED] - click: Object: 'Object Repository/MOH AND GRN/Page_KDMC - CMS/input_btnadd' is clicked on

2018-06-10 21:42:15 - [MESSAGE][PASSED] - Object: 'Object Repository/MOH AND GRN/Page_KDMC - CMS/input_btnadd' is clicked on

2018-06-10 21:42:15 - [TEST_STEP][PASSED] - Statement - If (s == 10): null

2018-06-10 21:42:15 - [TEST_STEP][PASSED] - Statement - Else: null

2018-06-10 21:42:15 - [TEST_STEP][PASSED] - Statement - (s++): null

2018-06-10 21:42:15 - [TEST_STEP][PASSED] - delay: Delayed 1 second(s)

2018-06-10 21:42:16 - [MESSAGE][PASSED] - Delayed 1 second(s)

2018-06-10 21:42:16 - [TEST_STEP][PASSED] - selectOptionByIndex: All options with index in [57] are selected on object 'Object Repository/MOH AND GRN/Page_KDMC - CMS/select_--Select--Amikacin -500'

2018-06-10 21:42:17 - [MESSAGE][PASSED] - All options with index in [57] are selected on object 'Object Repository/MOH AND GRN/Page_KDMC - CMS/select_--Select--Amikacin -500'

2018-06-10 21:42:17 - [TEST_STEP][PASSED] - setText: Text '5000' is set on object 'Object Repository/MOH AND GRN/Page_KDMC - CMS/input_txtqty'

2018-06-10 21:42:17 - [MESSAGE][PASSED] - Text '5000' is set on object 'Object Repository/MOH AND GRN/Page_KDMC - CMS/input_txtqty'

2018-06-10 21:42:17 - [TEST_STEP][PASSED] - selectOptionByIndex: All options with index in [1] are selected on object 'Object Repository/MOH AND GRN/Page_KDMC - CMS/select_--Select--No Tax0'

2018-06-10 21:42:17 - [MESSAGE][PASSED] - All options with index in [1] are selected on object 'Object Repository/MOH AND GRN/Page_KDMC - CMS/select_--Select--No Tax0'

2018-06-10 21:42:17 - [TEST_STEP][PASSED] - setText: Finding Test Object with id 'Object Repository/MOH AND GRN/Page_KDMC - CMS/input_txtmrp'

2018-06-10 21:42:17 - [TEST_STEP][PASSED] - Statement - switch (id): Finding Test Object with id 'Object Repository/MOH AND GRN/Page_KDMC - CMS/input_txtdeal'

2018-06-10 21:42:17 - [TEST_STEP][PASSED] - Statement - case 4:: Text '34.0' is set on object 'Object Repository/MOH AND GRN/Page_KDMC - CMS/input_txtmrp'

2018-06-10 21:42:17 - [TEST_STEP][PASSED] - Statement - return (java.lang.Math.floor((java.lang.Math.random() * ((max - min) + 1))) + min): Text '34.0' is set on object 'Object Repository/MOH AND GRN/Page_KDMC - CMS/input_txtmrp'

2018-06-10 21:42:17 - [MESSAGE][PASSED] - Text '34.0' is set on object 'Object Repository/MOH AND GRN/Page_KDMC - CMS/input_txtmrp'

2018-06-10 21:42:17 - [TEST_STEP][PASSED] - setText: Finding Test Object with id 'Object Repository/MOH AND GRN/Page_KDMC - CMS/input_txtdeal'

2018-06-10 21:42:17 - [TEST_STEP][PASSED] - Statement - switch (id): Finding Test Object with id 'Object Repository/MOH AND GRN/Page_KDMC - CMS/input_txtbatchno'

2018-06-10 21:42:17 - [TEST_STEP][PASSED] - Statement - case 5:: Text '12.0' is set on object 'Object Repository/MOH AND GRN/Page_KDMC - CMS/input_txtdeal'

2018-06-10 21:42:17 - [TEST_STEP][PASSED] - Statement - return (java.lang.Math.floor((java.lang.Math.random() * ((max - min) + 1))) + min): Text '12.0' is set on object 'Object Repository/MOH AND GRN/Page_KDMC - CMS/input_txtdeal'

2018-06-10 21:42:17 - [MESSAGE][PASSED] - Text '12.0' is set on object 'Object Repository/MOH AND GRN/Page_KDMC - CMS/input_txtdeal'

2018-06-10 21:42:17 - [TEST_STEP][PASSED] - setText: Finding Test Object with id 'Object Repository/MOH AND GRN/Page_KDMC - CMS/input_txtbatchno'

2018-06-10 21:42:17 - [TEST_STEP][PASSED] - Statement - switch (id): Finding Test Object with id 'Object Repository/MOH AND GRN/Page_KDMC - CMS/input_txtmrp'

2018-06-10 21:42:17 - [TEST_STEP][PASSED] - Statement - case 1:: Text 'BA473.0' is set on object 'Object Repository/MOH AND GRN/Page_KDMC - CMS/input_txtbatchno'

2018-06-10 21:42:17 - [TEST_STEP][PASSED] - Statement - return (java.lang.Math.floor((java.lang.Math.random() * ((max - min) + 1))) + min): Text 'BA473.0' is set on object 'Object Repository/MOH AND GRN/Page_KDMC - CMS/input_txtbatchno'

2018-06-10 21:42:17 - [MESSAGE][PASSED] - Text 'BA473.0' is set on object 'Object Repository/MOH AND GRN/Page_KDMC - CMS/input_txtbatchno'

2018-06-10 21:42:17 - [TEST_STEP][PASSED] - rightClick: Object: 'Object Repository/GRN/Page_KDMC - CMS/input_txtexpdate' is right clicked on

2018-06-10 21:42:17 - [MESSAGE][PASSED] - Object: 'Object Repository/GRN/Page_KDMC - CMS/input_txtexpdate' is right clicked on

2018-06-10 21:42:17 - [TEST_STEP][PASSED] - selectOptionByIndex: All options with index in [7] are selected on object 'Object Repository/GRN/Page_KDMC - CMS/select_20182019202020212022202'

2018-06-10 21:42:18 - [MESSAGE][PASSED] - All options with index in [7] are selected on object 'Object Repository/GRN/Page_KDMC - CMS/select_20182019202020212022202'

2018-06-10 21:42:18 - [TEST_STEP][PASSED] - selectOptionByIndex: All options with index in [7] are selected on object 'Object Repository/GRN/Page_KDMC - CMS/select_JanFebMarAprMayJunJulAu'

2018-06-10 21:42:18 - [MESSAGE][PASSED] - All options with index in [7] are selected on object 'Object Repository/GRN/Page_KDMC - CMS/select_JanFebMarAprMayJunJulAu'

2018-06-10 21:42:18 - [TEST_STEP][PASSED] - click: Object: 'Object Repository/MOH AND GRN/Page_KDMC - CMS/a_12' is clicked on

2018-06-10 21:42:18 - [MESSAGE][PASSED] - Object: 'Object Repository/MOH AND GRN/Page_KDMC - CMS/a_12' is clicked on

2018-06-10 21:42:18 - [TEST_STEP][PASSED] - click: Object: 'Object Repository/MOH AND GRN/Page_KDMC - CMS/input_btnadd' is clicked on

2018-06-10 21:42:18 - [MESSAGE][PASSED] - Object: 'Object Repository/MOH AND GRN/Page_KDMC - CMS/input_btnadd' is clicked on

2018-06-10 21:42:18 - [TEST_STEP][PASSED] - Statement - If (s == 10): null

2018-06-10 21:42:18 - [TEST_STEP][PASSED] - Statement - Else: null

2018-06-10 21:42:18 - [TEST_STEP][PASSED] - Statement - (s++): null

2018-06-10 21:42:18 - [TEST_STEP][PASSED] - delay: Delayed 1 second(s)

2018-06-10 21:42:19 - [MESSAGE][PASSED] - Delayed 1 second(s)

2018-06-10 21:42:19 - [TEST_STEP][PASSED] - selectOptionByIndex: All options with index in [58] are selected on object 'Object Repository/MOH AND GRN/Page_KDMC - CMS/select_--Select--Amikacin -500'

2018-06-10 21:42:20 - [MESSAGE][PASSED] - All options with index in [58] are selected on object 'Object Repository/MOH AND GRN/Page_KDMC - CMS/select_--Select--Amikacin -500'

2018-06-10 21:42:20 - [TEST_STEP][PASSED] - setText: Text '5000' is set on object 'Object Repository/MOH AND GRN/Page_KDMC - CMS/input_txtqty'

2018-06-10 21:42:20 - [MESSAGE][PASSED] - Text '5000' is set on object 'Object Repository/MOH AND GRN/Page_KDMC - CMS/input_txtqty'

2018-06-10 21:42:20 - [TEST_STEP][PASSED] - selectOptionByIndex: All options with index in [1] are selected on object 'Object Repository/MOH AND GRN/Page_KDMC - CMS/select_--Select--No Tax0'

2018-06-10 21:42:20 - [MESSAGE][PASSED] - All options with index in [1] are selected on object 'Object Repository/MOH AND GRN/Page_KDMC - CMS/select_--Select--No Tax0'

2018-06-10 21:42:20 - [TEST_STEP][PASSED] - setText: Finding Test Object with id 'Object Repository/MOH AND GRN/Page_KDMC - CMS/input_txtmrp'

2018-06-10 21:42:20 - [TEST_STEP][PASSED] - Statement - switch (id): Finding Test Object with id 'Object Repository/MOH AND GRN/Page_KDMC - CMS/input_txtdeal'

2018-06-10 21:42:20 - [TEST_STEP][PASSED] - Statement - case 4:: Text '18.0' is set on object 'Object Repository/MOH AND GRN/Page_KDMC - CMS/input_txtmrp'

2018-06-10 21:42:20 - [TEST_STEP][PASSED] - Statement - return (java.lang.Math.floor((java.lang.Math.random() * ((max - min) + 1))) + min): Text '18.0' is set on object 'Object Repository/MOH AND GRN/Page_KDMC - CMS/input_txtmrp'

2018-06-10 21:42:20 - [MESSAGE][PASSED] - Text '18.0' is set on object 'Object Repository/MOH AND GRN/Page_KDMC - CMS/input_txtmrp'

2018-06-10 21:42:20 - [TEST_STEP][PASSED] - setText: Finding Test Object with id 'Object Repository/MOH AND GRN/Page_KDMC - CMS/input_txtdeal'

2018-06-10 21:42:20 - [TEST_STEP][PASSED] - Statement - switch (id): Finding Test Object with id 'Object Repository/MOH AND GRN/Page_KDMC - CMS/input_txtbatchno'

2018-06-10 21:42:20 - [TEST_STEP][PASSED] - Statement - case 5:: Text '3.0' is set on object 'Object Repository/MOH AND GRN/Page_KDMC - CMS/input_txtdeal'

2018-06-10 21:42:20 - [TEST_STEP][PASSED] - Statement - return (java.lang.Math.floor((java.lang.Math.random() * ((max - min) + 1))) + min): Text '3.0' is set on object 'Object Repository/MOH AND GRN/Page_KDMC - CMS/input_txtdeal'

2018-06-10 21:42:20 - [MESSAGE][PASSED] - Text '3.0' is set on object 'Object Repository/MOH AND GRN/Page_KDMC - CMS/input_txtdeal'

2018-06-10 21:42:20 - [TEST_STEP][PASSED] - setText: Finding Test Object with id 'Object Repository/MOH AND GRN/Page_KDMC - CMS/input_txtbatchno'

2018-06-10 21:42:20 - [TEST_STEP][PASSED] - Statement - switch (id): Finding Test Object with id 'Object Repository/MOH AND GRN/Page_KDMC - CMS/input_txtmrp'

2018-06-10 21:42:20 - [TEST_STEP][PASSED] - Statement - case 1:: Text 'BA391.0' is set on object 'Object Repository/MOH AND GRN/Page_KDMC - CMS/input_txtbatchno'

2018-06-10 21:42:20 - [TEST_STEP][PASSED] - Statement - return (java.lang.Math.floor((java.lang.Math.random() * ((max - min) + 1))) + min): Text 'BA391.0' is set on object 'Object Repository/MOH AND GRN/Page_KDMC - CMS/input_txtbatchno'

2018-06-10 21:42:20 - [MESSAGE][PASSED] - Text 'BA391.0' is set on object 'Object Repository/MOH AND GRN/Page_KDMC - CMS/input_txtbatchno'

2018-06-10 21:42:20 - [TEST_STEP][PASSED] - rightClick: Object: 'Object Repository/GRN/Page_KDMC - CMS/input_txtexpdate' is right clicked on

2018-06-10 21:42:20 - [MESSAGE][PASSED] - Object: 'Object Repository/GRN/Page_KDMC - CMS/input_txtexpdate' is right clicked on

2018-06-10 21:42:20 - [TEST_STEP][PASSED] - selectOptionByIndex: All options with index in [8] are selected on object 'Object Repository/GRN/Page_KDMC - CMS/select_20182019202020212022202'

2018-06-10 21:42:21 - [MESSAGE][PASSED] - All options with index in [8] are selected on object 'Object Repository/GRN/Page_KDMC - CMS/select_20182019202020212022202'

2018-06-10 21:42:21 - [TEST_STEP][PASSED] - selectOptionByIndex: All options with index in [8] are selected on object 'Object Repository/GRN/Page_KDMC - CMS/select_JanFebMarAprMayJunJulAu'

2018-06-10 21:42:21 - [MESSAGE][PASSED] - All options with index in [8] are selected on object 'Object Repository/GRN/Page_KDMC - CMS/select_JanFebMarAprMayJunJulAu'

2018-06-10 21:42:21 - [TEST_STEP][PASSED] - click: Object: 'Object Repository/MOH AND GRN/Page_KDMC - CMS/a_12' is clicked on

2018-06-10 21:42:21 - [MESSAGE][PASSED] - Object: 'Object Repository/MOH AND GRN/Page_KDMC - CMS/a_12' is clicked on

2018-06-10 21:42:21 - [TEST_STEP][PASSED] - click: Object: 'Object Repository/MOH AND GRN/Page_KDMC - CMS/input_btnadd' is clicked on

2018-06-10 21:42:21 - [MESSAGE][PASSED] - Object: 'Object Repository/MOH AND GRN/Page_KDMC - CMS/input_btnadd' is clicked on

2018-06-10 21:42:21 - [TEST_STEP][PASSED] - Statement - If (s == 10): null

2018-06-10 21:42:21 - [TEST_STEP][PASSED] - Statement - Else: null

2018-06-10 21:42:21 - [TEST_STEP][PASSED] - Statement - (s++): null

2018-06-10 21:42:21 - [TEST_STEP][PASSED] - delay: Delayed 1 second(s)

2018-06-10 21:42:22 - [MESSAGE][PASSED] - Delayed 1 second(s)

2018-06-10 21:42:22 - [TEST_STEP][PASSED] - selectOptionByIndex: All options with index in [59] are selected on object 'Object Repository/MOH AND GRN/Page_KDMC - CMS/select_--Select--Amikacin -500'

2018-06-10 21:42:23 - [MESSAGE][PASSED] - All options with index in [59] are selected on object 'Object Repository/MOH AND GRN/Page_KDMC - CMS/select_--Select--Amikacin -500'

2018-06-10 21:42:23 - [TEST_STEP][PASSED] - setText: Text '5000' is set on object 'Object Repository/MOH AND GRN/Page_KDMC - CMS/input_txtqty'

2018-06-10 21:42:23 - [MESSAGE][PASSED] - Text '5000' is set on object 'Object Repository/MOH AND GRN/Page_KDMC - CMS/input_txtqty'

2018-06-10 21:42:23 - [TEST_STEP][PASSED] - selectOptionByIndex: All options with index in [1] are selected on object 'Object Repository/MOH AND GRN/Page_KDMC - CMS/select_--Select--No Tax0'

2018-06-10 21:42:23 - [MESSAGE][PASSED] - All options with index in [1] are selected on object 'Object Repository/MOH AND GRN/Page_KDMC - CMS/select_--Select--No Tax0'

2018-06-10 21:42:23 - [TEST_STEP][PASSED] - setText: Finding Test Object with id 'Object Repository/MOH AND GRN/Page_KDMC - CMS/input_txtmrp'

2018-06-10 21:42:23 - [TEST_STEP][PASSED] - Statement - switch (id): Finding Test Object with id 'Object Repository/MOH AND GRN/Page_KDMC - CMS/input_txtdeal'

2018-06-10 21:42:23 - [TEST_STEP][PASSED] - Statement - case 4:: Text '24.0' is set on object 'Object Repository/MOH AND GRN/Page_KDMC - CMS/input_txtmrp'

2018-06-10 21:42:23 - [TEST_STEP][PASSED] - Statement - return (java.lang.Math.floor((java.lang.Math.random() * ((max - min) + 1))) + min): Text '24.0' is set on object 'Object Repository/MOH AND GRN/Page_KDMC - CMS/input_txtmrp'

2018-06-10 21:42:23 - [MESSAGE][PASSED] - Text '24.0' is set on object 'Object Repository/MOH AND GRN/Page_KDMC - CMS/input_txtmrp'

2018-06-10 21:42:23 - [TEST_STEP][PASSED] - setText: Finding Test Object with id 'Object Repository/MOH AND GRN/Page_KDMC - CMS/input_txtdeal'

2018-06-10 21:42:23 - [TEST_STEP][PASSED] - Statement - switch (id): Finding Test Object with id 'Object Repository/MOH AND GRN/Page_KDMC - CMS/input_txtbatchno'

2018-06-10 21:42:23 - [TEST_STEP][PASSED] - Statement - case 5:: Text '2.0' is set on object 'Object Repository/MOH AND GRN/Page_KDMC - CMS/input_txtdeal'

2018-06-10 21:42:23 - [TEST_STEP][PASSED] - Statement - return (java.lang.Math.floor((java.lang.Math.random() * ((max - min) + 1))) + min): Text '2.0' is set on object 'Object Repository/MOH AND GRN/Page_KDMC - CMS/input_txtdeal'

2018-06-10 21:42:23 - [MESSAGE][PASSED] - Text '2.0' is set on object 'Object Repository/MOH AND GRN/Page_KDMC - CMS/input_txtdeal'

2018-06-10 21:42:23 - [TEST_STEP][PASSED] - setText: Finding Test Object with id 'Object Repository/MOH AND GRN/Page_KDMC - CMS/input_txtbatchno'

2018-06-10 21:42:23 - [TEST_STEP][PASSED] - Statement - switch (id): Finding Test Object with id 'Object Repository/MOH AND GRN/Page_KDMC - CMS/input_txtmrp'

2018-06-10 21:42:23 - [TEST_STEP][PASSED] - Statement - case 1:: Text 'BA148.0' is set on object 'Object Repository/MOH AND GRN/Page_KDMC - CMS/input_txtbatchno'

2018-06-10 21:42:23 - [TEST_STEP][PASSED] - Statement - return (java.lang.Math.floor((java.lang.Math.random() * ((max - min) + 1))) + min): Text 'BA148.0' is set on object 'Object Repository/MOH AND GRN/Page_KDMC - CMS/input_txtbatchno'

2018-06-10 21:42:23 - [MESSAGE][PASSED] - Text 'BA148.0' is set on object 'Object Repository/MOH AND GRN/Page_KDMC - CMS/input_txtbatchno'

2018-06-10 21:42:23 - [TEST_STEP][PASSED] - rightClick: Object: 'Object Repository/GRN/Page_KDMC - CMS/input_txtexpdate' is right clicked on

2018-06-10 21:42:23 - [MESSAGE][PASSED] - Object: 'Object Repository/GRN/Page_KDMC - CMS/input_txtexpdate' is right clicked on

2018-06-10 21:42:23 - [TEST_STEP][PASSED] - selectOptionByIndex: All options with index in [9] are selected on object 'Object Repository/GRN/Page_KDMC - CMS/select_20182019202020212022202'

2018-06-10 21:42:24 - [MESSAGE][PASSED] - All options with index in [9] are selected on object 'Object Repository/GRN/Page_KDMC - CMS/select_20182019202020212022202'

2018-06-10 21:42:24 - [TEST_STEP][PASSED] - selectOptionByIndex: All options with index in [9] are selected on object 'Object Repository/GRN/Page_KDMC - CMS/select_JanFebMarAprMayJunJulAu'

2018-06-10 21:42:24 - [MESSAGE][PASSED] - All options with index in [9] are selected on object 'Object Repository/GRN/Page_KDMC - CMS/select_JanFebMarAprMayJunJulAu'

2018-06-10 21:42:24 - [TEST_STEP][PASSED] - click: Object: 'Object Repository/MOH AND GRN/Page_KDMC - CMS/a_12' is clicked on

2018-06-10 21:42:24 - [MESSAGE][PASSED] - Object: 'Object Repository/MOH AND GRN/Page_KDMC - CMS/a_12' is clicked on

2018-06-10 21:42:24 - [TEST_STEP][PASSED] - click: Object: 'Object Repository/MOH AND GRN/Page_KDMC - CMS/input_btnadd' is clicked on

2018-06-10 21:42:24 - [MESSAGE][PASSED] - Object: 'Object Repository/MOH AND GRN/Page_KDMC - CMS/input_btnadd' is clicked on

2018-06-10 21:42:24 - [TEST_STEP][PASSED] - Statement - If (s == 10): null

2018-06-10 21:42:24 - [TEST_STEP][PASSED] - Statement - Else: null

2018-06-10 21:42:24 - [TEST_STEP][PASSED] - Statement - (s++): null

2018-06-10 21:42:24 - [TEST_STEP][PASSED] - delay: Delayed 1 second(s)

2018-06-10 21:42:25 - [MESSAGE][PASSED] - Delayed 1 second(s)

2018-06-10 21:42:25 - [TEST_STEP][PASSED] - selectOptionByIndex: All options with index in [60] are selected on object 'Object Repository/MOH AND GRN/Page_KDMC - CMS/select_--Select--Amikacin -500'

2018-06-10 21:42:26 - [MESSAGE][PASSED] - All options with index in [60] are selected on object 'Object Repository/MOH AND GRN/Page_KDMC - CMS/select_--Select--Amikacin -500'

2018-06-10 21:42:26 - [TEST_STEP][PASSED] - setText: Text '5000' is set on object 'Object Repository/MOH AND GRN/Page_KDMC - CMS/input_txtqty'

2018-06-10 21:42:26 - [MESSAGE][PASSED] - Text '5000' is set on object 'Object Repository/MOH AND GRN/Page_KDMC - CMS/input_txtqty'

2018-06-10 21:42:26 - [TEST_STEP][PASSED] - selectOptionByIndex: All options with index in [1] are selected on object 'Object Repository/MOH AND GRN/Page_KDMC - CMS/select_--Select--No Tax0'

2018-06-10 21:42:26 - [MESSAGE][PASSED] - All options with index in [1] are selected on object 'Object Repository/MOH AND GRN/Page_KDMC - CMS/select_--Select--No Tax0'

2018-06-10 21:42:26 - [TEST_STEP][PASSED] - setText: Finding Test Object with id 'Object Repository/MOH AND GRN/Page_KDMC - CMS/input_txtmrp'

2018-06-10 21:42:26 - [TEST_STEP][PASSED] - Statement - switch (id): Finding Test Object with id 'Object Repository/MOH AND GRN/Page_KDMC - CMS/input_txtdeal'

2018-06-10 21:42:26 - [TEST_STEP][PASSED] - Statement - case 4:: Text '41.0' is set on object 'Object Repository/MOH AND GRN/Page_KDMC - CMS/input_txtmrp'

2018-06-10 21:42:26 - [TEST_STEP][PASSED] - Statement - return (java.lang.Math.floor((java.lang.Math.random() * ((max - min) + 1))) + min): Text '41.0' is set on object 'Object Repository/MOH AND GRN/Page_KDMC - CMS/input_txtmrp'

2018-06-10 21:42:26 - [MESSAGE][PASSED] - Text '41.0' is set on object 'Object Repository/MOH AND GRN/Page_KDMC - CMS/input_txtmrp'

2018-06-10 21:42:26 - [TEST_STEP][PASSED] - setText: Finding Test Object with id 'Object Repository/MOH AND GRN/Page_KDMC - CMS/input_txtdeal'

2018-06-10 21:42:26 - [TEST_STEP][PASSED] - Statement - switch (id): Finding Test Object with id 'Object Repository/MOH AND GRN/Page_KDMC - CMS/input_txtbatchno'

2018-06-10 21:42:26 - [TEST_STEP][PASSED] - Statement - case 5:: Text '7.0' is set on object 'Object Repository/MOH AND GRN/Page_KDMC - CMS/input_txtdeal'

2018-06-10 21:42:26 - [TEST_STEP][PASSED] - Statement - return (java.lang.Math.floor((java.lang.Math.random() * ((max - min) + 1))) + min): Text '7.0' is set on object 'Object Repository/MOH AND GRN/Page_KDMC - CMS/input_txtdeal'

2018-06-10 21:42:26 - [MESSAGE][PASSED] - Text '7.0' is set on object 'Object Repository/MOH AND GRN/Page_KDMC - CMS/input_txtdeal'

2018-06-10 21:42:26 - [TEST_STEP][PASSED] - setText: Finding Test Object with id 'Object Repository/MOH AND GRN/Page_KDMC - CMS/input_txtbatchno'

2018-06-10 21:42:26 - [TEST_STEP][PASSED] - Statement - switch (id): Finding Test Object with id 'Object Repository/MOH AND GRN/Page_KDMC - CMS/input_txtmrp'

2018-06-10 21:42:26 - [TEST_STEP][PASSED] - Statement - case 1:: Text 'BA71.0' is set on object 'Object Repository/MOH AND GRN/Page_KDMC - CMS/input_txtbatchno'

2018-06-10 21:42:26 - [TEST_STEP][PASSED] - Statement - return (java.lang.Math.floor((java.lang.Math.random() * ((max - min) + 1))) + min): Text 'BA71.0' is set on object 'Object Repository/MOH AND GRN/Page_KDMC - CMS/input_txtbatchno'

2018-06-10 21:42:26 - [MESSAGE][PASSED] - Text 'BA71.0' is set on object 'Object Repository/MOH AND GRN/Page_KDMC - CMS/input_txtbatchno'

2018-06-10 21:42:26 - [TEST_STEP][PASSED] - rightClick: Object: 'Object Repository/GRN/Page_KDMC - CMS/input_txtexpdate' is right clicked on

2018-06-10 21:42:26 - [MESSAGE][PASSED] - Object: 'Object Repository/GRN/Page_KDMC - CMS/input_txtexpdate' is right clicked on

2018-06-10 21:42:26 - [TEST_STEP][PASSED] - selectOptionByIndex: All options with index in [10] are selected on object 'Object Repository/GRN/Page_KDMC - CMS/select_20182019202020212022202'

2018-06-10 21:42:27 - [MESSAGE][PASSED] - All options with index in [10] are selected on object 'Object Repository/GRN/Page_KDMC - CMS/select_20182019202020212022202'

2018-06-10 21:42:27 - [TEST_STEP][PASSED] - selectOptionByIndex: All options with index in [10] are selected on object 'Object Repository/GRN/Page_KDMC - CMS/select_JanFebMarAprMayJunJulAu'

2018-06-10 21:42:27 - [MESSAGE][PASSED] - All options with index in [10] are selected on object 'Object Repository/GRN/Page_KDMC - CMS/select_JanFebMarAprMayJunJulAu'

2018-06-10 21:42:27 - [TEST_STEP][PASSED] - click: Object: 'Object Repository/MOH AND GRN/Page_KDMC - CMS/a_12' is clicked on

2018-06-10 21:42:27 - [MESSAGE][PASSED] - Object: 'Object Repository/MOH AND GRN/Page_KDMC - CMS/a_12' is clicked on

2018-06-10 21:42:27 - [TEST_STEP][PASSED] - click: Object: 'Object Repository/MOH AND GRN/Page_KDMC - CMS/input_btnadd' is clicked on

2018-06-10 21:42:27 - [MESSAGE][PASSED] - Object: 'Object Repository/MOH AND GRN/Page_KDMC - CMS/input_btnadd' is clicked on

2018-06-10 21:42:27 - [TEST_STEP][PASSED] - Statement - If (s == 10): null

2018-06-10 21:42:27 - [TEST_STEP][PASSED] - Statement - s = 1: null

2018-06-10 21:42:27 - [TEST_STEP][PASSED] - delay: Delayed 1 second(s)

2018-06-10 21:42:28 - [MESSAGE][PASSED] - Delayed 1 second(s)

2018-06-10 21:42:28 - [TEST_STEP][PASSED] - selectOptionByIndex: All options with index in [61] are selected on object 'Object Repository/MOH AND GRN/Page_KDMC - CMS/select_--Select--Amikacin -500'

2018-06-10 21:42:29 - [MESSAGE][PASSED] - All options with index in [61] are selected on object 'Object Repository/MOH AND GRN/Page_KDMC - CMS/select_--Select--Amikacin -500'

2018-06-10 21:42:29 - [TEST_STEP][PASSED] - setText: Text '5000' is set on object 'Object Repository/MOH AND GRN/Page_KDMC - CMS/input_txtqty'

2018-06-10 21:42:29 - [MESSAGE][PASSED] - Text '5000' is set on object 'Object Repository/MOH AND GRN/Page_KDMC - CMS/input_txtqty'

2018-06-10 21:42:29 - [TEST_STEP][PASSED] - selectOptionByIndex: All options with index in [1] are selected on object 'Object Repository/MOH AND GRN/Page_KDMC - CMS/select_--Select--No Tax0'

2018-06-10 21:42:29 - [MESSAGE][PASSED] - All options with index in [1] are selected on object 'Object Repository/MOH AND GRN/Page_KDMC - CMS/select_--Select--No Tax0'

2018-06-10 21:42:29 - [TEST_STEP][PASSED] - setText: Finding Test Object with id 'Object Repository/MOH AND GRN/Page_KDMC - CMS/input_txtmrp'

2018-06-10 21:42:29 - [TEST_STEP][PASSED] - Statement - switch (id): Finding Test Object with id 'Object Repository/MOH AND GRN/Page_KDMC - CMS/input_txtdeal'

2018-06-10 21:42:29 - [TEST_STEP][PASSED] - Statement - case 4:: Text '33.0' is set on object 'Object Repository/MOH AND GRN/Page_KDMC - CMS/input_txtmrp'

2018-06-10 21:42:29 - [TEST_STEP][PASSED] - Statement - return (java.lang.Math.floor((java.lang.Math.random() * ((max - min) + 1))) + min): Text '33.0' is set on object 'Object Repository/MOH AND GRN/Page_KDMC - CMS/input_txtmrp'

2018-06-10 21:42:29 - [MESSAGE][PASSED] - Text '33.0' is set on object 'Object Repository/MOH AND GRN/Page_KDMC - CMS/input_txtmrp'

2018-06-10 21:42:29 - [TEST_STEP][PASSED] - setText: Finding Test Object with id 'Object Repository/MOH AND GRN/Page_KDMC - CMS/input_txtdeal'

2018-06-10 21:42:29 - [TEST_STEP][PASSED] - Statement - switch (id): Finding Test Object with id 'Object Repository/MOH AND GRN/Page_KDMC - CMS/input_txtbatchno'

2018-06-10 21:42:29 - [TEST_STEP][PASSED] - Statement - case 5:: Text '6.0' is set on object 'Object Repository/MOH AND GRN/Page_KDMC - CMS/input_txtdeal'

2018-06-10 21:42:29 - [TEST_STEP][PASSED] - Statement - return (java.lang.Math.floor((java.lang.Math.random() * ((max - min) + 1))) + min): Text '6.0' is set on object 'Object Repository/MOH AND GRN/Page_KDMC - CMS/input_txtdeal'

2018-06-10 21:42:29 - [MESSAGE][PASSED] - Text '6.0' is set on object 'Object Repository/MOH AND GRN/Page_KDMC - CMS/input_txtdeal'

2018-06-10 21:42:29 - [TEST_STEP][PASSED] - setText: Finding Test Object with id 'Object Repository/MOH AND GRN/Page_KDMC - CMS/input_txtbatchno'

2018-06-10 21:42:29 - [TEST_STEP][PASSED] - Statement - switch (id): Finding Test Object with id 'Object Repository/MOH AND GRN/Page_KDMC - CMS/input_txtmrp'

2018-06-10 21:42:29 - [TEST_STEP][PASSED] - Statement - case 1:: Text 'BA666.0' is set on object 'Object Repository/MOH AND GRN/Page_KDMC - CMS/input_txtbatchno'

2018-06-10 21:42:29 - [TEST_STEP][PASSED] - Statement - return (java.lang.Math.floor((java.lang.Math.random() * ((max - min) + 1))) + min): Text 'BA666.0' is set on object 'Object Repository/MOH AND GRN/Page_KDMC - CMS/input_txtbatchno'

2018-06-10 21:42:29 - [MESSAGE][PASSED] - Text 'BA666.0' is set on object 'Object Repository/MOH AND GRN/Page_KDMC - CMS/input_txtbatchno'

2018-06-10 21:42:29 - [TEST_STEP][PASSED] - rightClick: Object: 'Object Repository/GRN/Page_KDMC - CMS/input_txtexpdate' is right clicked on

2018-06-10 21:42:30 - [MESSAGE][PASSED] - Object: 'Object Repository/GRN/Page_KDMC - CMS/input_txtexpdate' is right clicked on

2018-06-10 21:42:30 - [TEST_STEP][PASSED] - selectOptionByIndex: All options with index in [1] are selected on object 'Object Repository/GRN/Page_KDMC - CMS/select_20182019202020212022202'

2018-06-10 21:42:30 - [MESSAGE][PASSED] - All options with index in [1] are selected on object 'Object Repository/GRN/Page_KDMC - CMS/select_20182019202020212022202'

2018-06-10 21:42:30 - [TEST_STEP][PASSED] - selectOptionByIndex: All options with index in [1] are selected on object 'Object Repository/GRN/Page_KDMC - CMS/select_JanFebMarAprMayJunJulAu'

2018-06-10 21:42:30 - [MESSAGE][PASSED] - All options with index in [1] are selected on object 'Object Repository/GRN/Page_KDMC - CMS/select_JanFebMarAprMayJunJulAu'

2018-06-10 21:42:30 - [TEST_STEP][PASSED] - click: Object: 'Object Repository/MOH AND GRN/Page_KDMC - CMS/a_12' is clicked on

2018-06-10 21:42:30 - [MESSAGE][PASSED] - Object: 'Object Repository/MOH AND GRN/Page_KDMC - CMS/a_12' is clicked on

2018-06-10 21:42:30 - [TEST_STEP][PASSED] - click: Object: 'Object Repository/MOH AND GRN/Page_KDMC - CMS/input_btnadd' is clicked on

2018-06-10 21:42:30 - [MESSAGE][PASSED] - Object: 'Object Repository/MOH AND GRN/Page_KDMC - CMS/input_btnadd' is clicked on

2018-06-10 21:42:30 - [TEST_STEP][PASSED] - Statement - If (s == 10): null

2018-06-10 21:42:30 - [TEST_STEP][PASSED] - Statement - Else: null

2018-06-10 21:42:30 - [TEST_STEP][PASSED] - Statement - (s++): null

2018-06-10 21:42:30 - [TEST_STEP][PASSED] - delay: Delayed 1 second(s)

2018-06-10 21:42:31 - [MESSAGE][PASSED] - Delayed 1 second(s)

2018-06-10 21:42:31 - [TEST_STEP][PASSED] - selectOptionByIndex: All options with index in [62] are selected on object 'Object Repository/MOH AND GRN/Page_KDMC - CMS/select_--Select--Amikacin -500'

2018-06-10 21:42:32 - [MESSAGE][PASSED] - All options with index in [62] are selected on object 'Object Repository/MOH AND GRN/Page_KDMC - CMS/select_--Select--Amikacin -500'

2018-06-10 21:42:32 - [TEST_STEP][PASSED] - setText: Text '5000' is set on object 'Object Repository/MOH AND GRN/Page_KDMC - CMS/input_txtqty'

2018-06-10 21:42:32 - [MESSAGE][PASSED] - Text '5000' is set on object 'Object Repository/MOH AND GRN/Page_KDMC - CMS/input_txtqty'

2018-06-10 21:42:32 - [TEST_STEP][PASSED] - selectOptionByIndex: All options with index in [1] are selected on object 'Object Repository/MOH AND GRN/Page_KDMC - CMS/select_--Select--No Tax0'

2018-06-10 21:42:32 - [MESSAGE][PASSED] - All options with index in [1] are selected on object 'Object Repository/MOH AND GRN/Page_KDMC - CMS/select_--Select--No Tax0'

2018-06-10 21:42:32 - [TEST_STEP][PASSED] - setText: Finding Test Object with id 'Object Repository/MOH AND GRN/Page_KDMC - CMS/input_txtmrp'

2018-06-10 21:42:32 - [TEST_STEP][PASSED] - Statement - switch (id): Finding Test Object with id 'Object Repository/MOH AND GRN/Page_KDMC - CMS/input_txtdeal'

2018-06-10 21:42:32 - [TEST_STEP][PASSED] - Statement - case 4:: Text '31.0' is set on object 'Object Repository/MOH AND GRN/Page_KDMC - CMS/input_txtmrp'

2018-06-10 21:42:32 - [TEST_STEP][PASSED] - Statement - return (java.lang.Math.floor((java.lang.Math.random() * ((max - min) + 1))) + min): Text '31.0' is set on object 'Object Repository/MOH AND GRN/Page_KDMC - CMS/input_txtmrp'

2018-06-10 21:42:32 - [MESSAGE][PASSED] - Text '31.0' is set on object 'Object Repository/MOH AND GRN/Page_KDMC - CMS/input_txtmrp'

2018-06-10 21:42:32 - [TEST_STEP][PASSED] - setText: Finding Test Object with id 'Object Repository/MOH AND GRN/Page_KDMC - CMS/input_txtdeal'

2018-06-10 21:42:32 - [TEST_STEP][PASSED] - Statement - switch (id): Finding Test Object with id 'Object Repository/MOH AND GRN/Page_KDMC - CMS/input_txtbatchno'

2018-06-10 21:42:32 - [TEST_STEP][PASSED] - Statement - case 5:: Text '6.0' is set on object 'Object Repository/MOH AND GRN/Page_KDMC - CMS/input_txtdeal'

2018-06-10 21:42:32 - [TEST_STEP][PASSED] - Statement - return (java.lang.Math.floor((java.lang.Math.random() * ((max - min) + 1))) + min): Text '6.0' is set on object 'Object Repository/MOH AND GRN/Page_KDMC - CMS/input_txtdeal'

2018-06-10 21:42:32 - [MESSAGE][PASSED] - Text '6.0' is set on object 'Object Repository/MOH AND GRN/Page_KDMC - CMS/input_txtdeal'

2018-06-10 21:42:32 - [TEST_STEP][PASSED] - setText: Finding Test Object with id 'Object Repository/MOH AND GRN/Page_KDMC - CMS/input_txtbatchno'

2018-06-10 21:42:32 - [TEST_STEP][PASSED] - Statement - switch (id): Finding Test Object with id 'Object Repository/MOH AND GRN/Page_KDMC - CMS/input_txtmrp'

2018-06-10 21:42:32 - [TEST_STEP][PASSED] - Statement - case 1:: Text 'BA961.0' is set on object 'Object Repository/MOH AND GRN/Page_KDMC - CMS/input_txtbatchno'

2018-06-10 21:42:32 - [TEST_STEP][PASSED] - Statement - return (java.lang.Math.floor((java.lang.Math.random() * ((max - min) + 1))) + min): Text 'BA961.0' is set on object 'Object Repository/MOH AND GRN/Page_KDMC - CMS/input_txtbatchno'

2018-06-10 21:42:32 - [MESSAGE][PASSED] - Text 'BA961.0' is set on object 'Object Repository/MOH AND GRN/Page_KDMC - CMS/input_txtbatchno'

2018-06-10 21:42:32 - [TEST_STEP][PASSED] - rightClick: Object: 'Object Repository/GRN/Page_KDMC - CMS/input_txtexpdate' is right clicked on

2018-06-10 21:42:33 - [MESSAGE][PASSED] - Object: 'Object Repository/GRN/Page_KDMC - CMS/input_txtexpdate' is right clicked on

2018-06-10 21:42:33 - [TEST_STEP][PASSED] - selectOptionByIndex: All options with index in [2] are selected on object 'Object Repository/GRN/Page_KDMC - CMS/select_20182019202020212022202'

2018-06-10 21:42:33 - [MESSAGE][PASSED] - All options with index in [2] are selected on object 'Object Repository/GRN/Page_KDMC - CMS/select_20182019202020212022202'

2018-06-10 21:42:33 - [TEST_STEP][PASSED] - selectOptionByIndex: All options with index in [2] are selected on object 'Object Repository/GRN/Page_KDMC - CMS/select_JanFebMarAprMayJunJulAu'

2018-06-10 21:42:33 - [MESSAGE][PASSED] - All options with index in [2] are selected on object 'Object Repository/GRN/Page_KDMC - CMS/select_JanFebMarAprMayJunJulAu'

2018-06-10 21:42:33 - [TEST_STEP][PASSED] - click: Object: 'Object Repository/MOH AND GRN/Page_KDMC - CMS/a_12' is clicked on

2018-06-10 21:42:33 - [MESSAGE][PASSED] - Object: 'Object Repository/MOH AND GRN/Page_KDMC - CMS/a_12' is clicked on

2018-06-10 21:42:33 - [TEST_STEP][PASSED] - click: Object: 'Object Repository/MOH AND GRN/Page_KDMC - CMS/input_btnadd' is clicked on

2018-06-10 21:42:33 - [MESSAGE][PASSED] - Object: 'Object Repository/MOH AND GRN/Page_KDMC - CMS/input_btnadd' is clicked on

2018-06-10 21:42:33 - [TEST_STEP][PASSED] - Statement - If (s == 10): null

2018-06-10 21:42:33 - [TEST_STEP][PASSED] - Statement - Else: null

2018-06-10 21:42:33 - [TEST_STEP][PASSED] - Statement - (s++): null

2018-06-10 21:42:33 - [TEST_STEP][PASSED] - delay: Delayed 1 second(s)

2018-06-10 21:42:34 - [MESSAGE][PASSED] - Delayed 1 second(s)

2018-06-10 21:42:34 - [TEST_STEP][PASSED] - selectOptionByIndex: All options with index in [63] are selected on object 'Object Repository/MOH AND GRN/Page_KDMC - CMS/select_--Select--Amikacin -500'

2018-06-10 21:42:35 - [MESSAGE][PASSED] - All options with index in [63] are selected on object 'Object Repository/MOH AND GRN/Page_KDMC - CMS/select_--Select--Amikacin -500'

2018-06-10 21:42:35 - [TEST_STEP][PASSED] - setText: Text '5000' is set on object 'Object Repository/MOH AND GRN/Page_KDMC - CMS/input_txtqty'

2018-06-10 21:42:35 - [MESSAGE][PASSED] - Text '5000' is set on object 'Object Repository/MOH AND GRN/Page_KDMC - CMS/input_txtqty'

2018-06-10 21:42:35 - [TEST_STEP][PASSED] - selectOptionByIndex: All options with index in [1] are selected on object 'Object Repository/MOH AND GRN/Page_KDMC - CMS/select_--Select--No Tax0'

2018-06-10 21:42:35 - [MESSAGE][PASSED] - All options with index in [1] are selected on object 'Object Repository/MOH AND GRN/Page_KDMC - CMS/select_--Select--No Tax0'

2018-06-10 21:42:35 - [TEST_STEP][PASSED] - setText: Finding Test Object with id 'Object Repository/MOH AND GRN/Page_KDMC - CMS/input_txtmrp'

2018-06-10 21:42:35 - [TEST_STEP][PASSED] - Statement - switch (id): Finding Test Object with id 'Object Repository/MOH AND GRN/Page_KDMC - CMS/input_txtdeal'

2018-06-10 21:42:35 - [TEST_STEP][PASSED] - Statement - case 4:: Text '37.0' is set on object 'Object Repository/MOH AND GRN/Page_KDMC - CMS/input_txtmrp'

2018-06-10 21:42:35 - [TEST_STEP][PASSED] - Statement - return (java.lang.Math.floor((java.lang.Math.random() * ((max - min) + 1))) + min): Text '37.0' is set on object 'Object Repository/MOH AND GRN/Page_KDMC - CMS/input_txtmrp'

2018-06-10 21:42:35 - [MESSAGE][PASSED] - Text '37.0' is set on object 'Object Repository/MOH AND GRN/Page_KDMC - CMS/input_txtmrp'

2018-06-10 21:42:35 - [TEST_STEP][PASSED] - setText: Finding Test Object with id 'Object Repository/MOH AND GRN/Page_KDMC - CMS/input_txtdeal'

2018-06-10 21:42:35 - [TEST_STEP][PASSED] - Statement - switch (id): Finding Test Object with id 'Object Repository/MOH AND GRN/Page_KDMC - CMS/input_txtbatchno'

2018-06-10 21:42:35 - [TEST_STEP][PASSED] - Statement - case 5:: Text '11.0' is set on object 'Object Repository/MOH AND GRN/Page_KDMC - CMS/input_txtdeal'

2018-06-10 21:42:35 - [TEST_STEP][PASSED] - Statement - return (java.lang.Math.floor((java.lang.Math.random() * ((max - min) + 1))) + min): Text '11.0' is set on object 'Object Repository/MOH AND GRN/Page_KDMC - CMS/input_txtdeal'

2018-06-10 21:42:35 - [MESSAGE][PASSED] - Text '11.0' is set on object 'Object Repository/MOH AND GRN/Page_KDMC - CMS/input_txtdeal'

2018-06-10 21:42:35 - [TEST_STEP][PASSED] - setText: Finding Test Object with id 'Object Repository/MOH AND GRN/Page_KDMC - CMS/input_txtbatchno'

2018-06-10 21:42:35 - [TEST_STEP][PASSED] - Statement - switch (id): Finding Test Object with id 'Object Repository/MOH AND GRN/Page_KDMC - CMS/input_txtmrp'

2018-06-10 21:42:35 - [TEST_STEP][PASSED] - Statement - case 1:: Text 'BA627.0' is set on object 'Object Repository/MOH AND GRN/Page_KDMC - CMS/input_txtbatchno'

2018-06-10 21:42:35 - [TEST_STEP][PASSED] - Statement - return (java.lang.Math.floor((java.lang.Math.random() * ((max - min) + 1))) + min): Text 'BA627.0' is set on object 'Object Repository/MOH AND GRN/Page_KDMC - CMS/input_txtbatchno'

2018-06-10 21:42:35 - [MESSAGE][PASSED] - Text 'BA627.0' is set on object 'Object Repository/MOH AND GRN/Page_KDMC - CMS/input_txtbatchno'

2018-06-10 21:42:35 - [TEST_STEP][PASSED] - rightClick: Object: 'Object Repository/GRN/Page_KDMC - CMS/input_txtexpdate' is right clicked on

2018-06-10 21:42:35 - [MESSAGE][PASSED] - Object: 'Object Repository/GRN/Page_KDMC - CMS/input_txtexpdate' is right clicked on

2018-06-10 21:42:35 - [TEST_STEP][PASSED] - selectOptionByIndex: All options with index in [3] are selected on object 'Object Repository/GRN/Page_KDMC - CMS/select_20182019202020212022202'

2018-06-10 21:42:36 - [MESSAGE][PASSED] - All options with index in [3] are selected on object 'Object Repository/GRN/Page_KDMC - CMS/select_20182019202020212022202'

2018-06-10 21:42:36 - [TEST_STEP][PASSED] - selectOptionByIndex: All options with index in [3] are selected on object 'Object Repository/GRN/Page_KDMC - CMS/select_JanFebMarAprMayJunJulAu'

2018-06-10 21:42:36 - [MESSAGE][PASSED] - All options with index in [3] are selected on object 'Object Repository/GRN/Page_KDMC - CMS/select_JanFebMarAprMayJunJulAu'

2018-06-10 21:42:36 - [TEST_STEP][PASSED] - click: Object: 'Object Repository/MOH AND GRN/Page_KDMC - CMS/a_12' is clicked on

2018-06-10 21:42:36 - [MESSAGE][PASSED] - Object: 'Object Repository/MOH AND GRN/Page_KDMC - CMS/a_12' is clicked on

2018-06-10 21:42:36 - [TEST_STEP][PASSED] - click: Object: 'Object Repository/MOH AND GRN/Page_KDMC - CMS/input_btnadd' is clicked on

2018-06-10 21:42:36 - [MESSAGE][PASSED] - Object: 'Object Repository/MOH AND GRN/Page_KDMC - CMS/input_btnadd' is clicked on

2018-06-10 21:42:36 - [TEST_STEP][PASSED] - Statement - If (s == 10): null

2018-06-10 21:42:36 - [TEST_STEP][PASSED] - Statement - Else: null

2018-06-10 21:42:36 - [TEST_STEP][PASSED] - Statement - (s++): null

2018-06-10 21:42:36 - [TEST_STEP][PASSED] - delay: Delayed 1 second(s)

2018-06-10 21:42:37 - [MESSAGE][PASSED] - Delayed 1 second(s)

2018-06-10 21:42:37 - [TEST_STEP][PASSED] - selectOptionByIndex: All options with index in [64] are selected on object 'Object Repository/MOH AND GRN/Page_KDMC - CMS/select_--Select--Amikacin -500'

2018-06-10 21:42:38 - [MESSAGE][PASSED] - All options with index in [64] are selected on object 'Object Repository/MOH AND GRN/Page_KDMC - CMS/select_--Select--Amikacin -500'

2018-06-10 21:42:38 - [TEST_STEP][PASSED] - setText: Text '5000' is set on object 'Object Repository/MOH AND GRN/Page_KDMC - CMS/input_txtqty'

2018-06-10 21:42:38 - [MESSAGE][PASSED] - Text '5000' is set on object 'Object Repository/MOH AND GRN/Page_KDMC - CMS/input_txtqty'

2018-06-10 21:42:38 - [TEST_STEP][PASSED] - selectOptionByIndex: All options with index in [1] are selected on object 'Object Repository/MOH AND GRN/Page_KDMC - CMS/select_--Select--No Tax0'

2018-06-10 21:42:38 - [MESSAGE][PASSED] - All options with index in [1] are selected on object 'Object Repository/MOH AND GRN/Page_KDMC - CMS/select_--Select--No Tax0'

2018-06-10 21:42:38 - [TEST_STEP][PASSED] - setText: Finding Test Object with id 'Object Repository/MOH AND GRN/Page_KDMC - CMS/input_txtmrp'

2018-06-10 21:42:38 - [TEST_STEP][PASSED] - Statement - switch (id): Finding Test Object with id 'Object Repository/MOH AND GRN/Page_KDMC - CMS/input_txtdeal'

2018-06-10 21:42:38 - [TEST_STEP][PASSED] - Statement - case 4:: Text '31.0' is set on object 'Object Repository/MOH AND GRN/Page_KDMC - CMS/input_txtmrp'

2018-06-10 21:42:38 - [TEST_STEP][PASSED] - Statement - return (java.lang.Math.floor((java.lang.Math.random() * ((max - min) + 1))) + min): Text '31.0' is set on object 'Object Repository/MOH AND GRN/Page_KDMC - CMS/input_txtmrp'

2018-06-10 21:42:38 - [MESSAGE][PASSED] - Text '31.0' is set on object 'Object Repository/MOH AND GRN/Page_KDMC - CMS/input_txtmrp'

2018-06-10 21:42:38 - [TEST_STEP][PASSED] - setText: Finding Test Object with id 'Object Repository/MOH AND GRN/Page_KDMC - CMS/input_txtdeal'

2018-06-10 21:42:38 - [TEST_STEP][PASSED] - Statement - switch (id): Finding Test Object with id 'Object Repository/MOH AND GRN/Page_KDMC - CMS/input_txtbatchno'

2018-06-10 21:42:38 - [TEST_STEP][PASSED] - Statement - case 5:: Text '8.0' is set on object 'Object Repository/MOH AND GRN/Page_KDMC - CMS/input_txtdeal'

2018-06-10 21:42:38 - [TEST_STEP][PASSED] - Statement - return (java.lang.Math.floor((java.lang.Math.random() * ((max - min) + 1))) + min): Text '8.0' is set on object 'Object Repository/MOH AND GRN/Page_KDMC - CMS/input_txtdeal'

2018-06-10 21:42:38 - [MESSAGE][PASSED] - Text '8.0' is set on object 'Object Repository/MOH AND GRN/Page_KDMC - CMS/input_txtdeal'

2018-06-10 21:42:38 - [TEST_STEP][PASSED] - setText: Finding Test Object with id 'Object Repository/MOH AND GRN/Page_KDMC - CMS/input_txtbatchno'

2018-06-10 21:42:38 - [TEST_STEP][PASSED] - Statement - switch (id): Finding Test Object with id 'Object Repository/MOH AND GRN/Page_KDMC - CMS/input_txtmrp'

2018-06-10 21:42:38 - [TEST_STEP][PASSED] - Statement - case 1:: Text 'BA809.0' is set on object 'Object Repository/MOH AND GRN/Page_KDMC - CMS/input_txtbatchno'

2018-06-10 21:42:38 - [TEST_STEP][PASSED] - Statement - return (java.lang.Math.floor((java.lang.Math.random() * ((max - min) + 1))) + min): Text 'BA809.0' is set on object 'Object Repository/MOH AND GRN/Page_KDMC - CMS/input_txtbatchno'

2018-06-10 21:42:38 - [MESSAGE][PASSED] - Text 'BA809.0' is set on object 'Object Repository/MOH AND GRN/Page_KDMC - CMS/input_txtbatchno'

2018-06-10 21:42:38 - [TEST_STEP][PASSED] - rightClick: Object: 'Object Repository/GRN/Page_KDMC - CMS/input_txtexpdate' is right clicked on

2018-06-10 21:42:38 - [MESSAGE][PASSED] - Object: 'Object Repository/GRN/Page_KDMC - CMS/input_txtexpdate' is right clicked on

2018-06-10 21:42:38 - [TEST_STEP][PASSED] - selectOptionByIndex: All options with index in [4] are selected on object 'Object Repository/GRN/Page_KDMC - CMS/select_20182019202020212022202'

2018-06-10 21:42:39 - [MESSAGE][PASSED] - All options with index in [4] are selected on object 'Object Repository/GRN/Page_KDMC - CMS/select_20182019202020212022202'

2018-06-10 21:42:39 - [TEST_STEP][PASSED] - selectOptionByIndex: All options with index in [4] are selected on object 'Object Repository/GRN/Page_KDMC - CMS/select_JanFebMarAprMayJunJulAu'

2018-06-10 21:42:39 - [MESSAGE][PASSED] - All options with index in [4] are selected on object 'Object Repository/GRN/Page_KDMC - CMS/select_JanFebMarAprMayJunJulAu'

2018-06-10 21:42:39 - [TEST_STEP][PASSED] - click: Object: 'Object Repository/MOH AND GRN/Page_KDMC - CMS/a_12' is clicked on

2018-06-10 21:42:39 - [MESSAGE][PASSED] - Object: 'Object Repository/MOH AND GRN/Page_KDMC - CMS/a_12' is clicked on

2018-06-10 21:42:39 - [TEST_STEP][PASSED] - click: Object: 'Object Repository/MOH AND GRN/Page_KDMC - CMS/input_btnadd' is clicked on

2018-06-10 21:42:39 - [MESSAGE][PASSED] - Object: 'Object Repository/MOH AND GRN/Page_KDMC - CMS/input_btnadd' is clicked on

2018-06-10 21:42:39 - [TEST_STEP][PASSED] - Statement - If (s == 10): null

2018-06-10 21:42:39 - [TEST_STEP][PASSED] - Statement - Else: null

2018-06-10 21:42:39 - [TEST_STEP][PASSED] - Statement - (s++): null

2018-06-10 21:42:39 - [TEST_STEP][PASSED] - delay: Delayed 1 second(s)

2018-06-10 21:42:40 - [MESSAGE][PASSED] - Delayed 1 second(s)

2018-06-10 21:42:40 - [TEST_STEP][PASSED] - selectOptionByIndex: All options with index in [65] are selected on object 'Object Repository/MOH AND GRN/Page_KDMC - CMS/select_--Select--Amikacin -500'

2018-06-10 21:42:41 - [MESSAGE][PASSED] - All options with index in [65] are selected on object 'Object Repository/MOH AND GRN/Page_KDMC - CMS/select_--Select--Amikacin -500'

2018-06-10 21:42:41 - [TEST_STEP][PASSED] - setText: Text '5000' is set on object 'Object Repository/MOH AND GRN/Page_KDMC - CMS/input_txtqty'

2018-06-10 21:42:41 - [MESSAGE][PASSED] - Text '5000' is set on object 'Object Repository/MOH AND GRN/Page_KDMC - CMS/input_txtqty'

2018-06-10 21:42:41 - [TEST_STEP][PASSED] - selectOptionByIndex: All options with index in [1] are selected on object 'Object Repository/MOH AND GRN/Page_KDMC - CMS/select_--Select--No Tax0'

2018-06-10 21:42:41 - [MESSAGE][PASSED] - All options with index in [1] are selected on object 'Object Repository/MOH AND GRN/Page_KDMC - CMS/select_--Select--No Tax0'

2018-06-10 21:42:41 - [TEST_STEP][PASSED] - setText: Finding Test Object with id 'Object Repository/MOH AND GRN/Page_KDMC - CMS/input_txtmrp'

2018-06-10 21:42:41 - [TEST_STEP][PASSED] - Statement - switch (id): Finding Test Object with id 'Object Repository/MOH AND GRN/Page_KDMC - CMS/input_txtdeal'

2018-06-10 21:42:41 - [TEST_STEP][PASSED] - Statement - case 4:: Text '31.0' is set on object 'Object Repository/MOH AND GRN/Page_KDMC - CMS/input_txtmrp'

2018-06-10 21:42:41 - [TEST_STEP][PASSED] - Statement - return (java.lang.Math.floor((java.lang.Math.random() * ((max - min) + 1))) + min): Text '31.0' is set on object 'Object Repository/MOH AND GRN/Page_KDMC - CMS/input_txtmrp'

2018-06-10 21:42:41 - [MESSAGE][PASSED] - Text '31.0' is set on object 'Object Repository/MOH AND GRN/Page_KDMC - CMS/input_txtmrp'

2018-06-10 21:42:41 - [TEST_STEP][PASSED] - setText: Finding Test Object with id 'Object Repository/MOH AND GRN/Page_KDMC - CMS/input_txtdeal'

2018-06-10 21:42:41 - [TEST_STEP][PASSED] - Statement - switch (id): Finding Test Object with id 'Object Repository/MOH AND GRN/Page_KDMC - CMS/input_txtbatchno'

2018-06-10 21:42:41 - [TEST_STEP][PASSED] - Statement - case 5:: Text '3.0' is set on object 'Object Repository/MOH AND GRN/Page_KDMC - CMS/input_txtdeal'

2018-06-10 21:42:41 - [TEST_STEP][PASSED] - Statement - return (java.lang.Math.floor((java.lang.Math.random() * ((max - min) + 1))) + min): Text '3.0' is set on object 'Object Repository/MOH AND GRN/Page_KDMC - CMS/input_txtdeal'

2018-06-10 21:42:41 - [MESSAGE][PASSED] - Text '3.0' is set on object 'Object Repository/MOH AND GRN/Page_KDMC - CMS/input_txtdeal'

2018-06-10 21:42:41 - [TEST_STEP][PASSED] - setText: Finding Test Object with id 'Object Repository/MOH AND GRN/Page_KDMC - CMS/input_txtbatchno'

2018-06-10 21:42:41 - [TEST_STEP][PASSED] - Statement - switch (id): Finding Test Object with id 'Object Repository/MOH AND GRN/Page_KDMC - CMS/input_txtmrp'

2018-06-10 21:42:41 - [TEST_STEP][PASSED] - Statement - case 1:: Text 'BA712.0' is set on object 'Object Repository/MOH AND GRN/Page_KDMC - CMS/input_txtbatchno'

2018-06-10 21:42:41 - [TEST_STEP][PASSED] - Statement - return (java.lang.Math.floor((java.lang.Math.random() * ((max - min) + 1))) + min): Text 'BA712.0' is set on object 'Object Repository/MOH AND GRN/Page_KDMC - CMS/input_txtbatchno'

2018-06-10 21:42:41 - [MESSAGE][PASSED] - Text 'BA712.0' is set on object 'Object Repository/MOH AND GRN/Page_KDMC - CMS/input_txtbatchno'

2018-06-10 21:42:41 - [TEST_STEP][PASSED] - rightClick: Object: 'Object Repository/GRN/Page_KDMC - CMS/input_txtexpdate' is right clicked on

2018-06-10 21:42:41 - [MESSAGE][PASSED] - Object: 'Object Repository/GRN/Page_KDMC - CMS/input_txtexpdate' is right clicked on

2018-06-10 21:42:41 - [TEST_STEP][PASSED] - selectOptionByIndex: All options with index in [5] are selected on object 'Object Repository/GRN/Page_KDMC - CMS/select_20182019202020212022202'

2018-06-10 21:42:42 - [MESSAGE][PASSED] - All options with index in [5] are selected on object 'Object Repository/GRN/Page_KDMC - CMS/select_20182019202020212022202'

2018-06-10 21:42:42 - [TEST_STEP][PASSED] - selectOptionByIndex: All options with index in [5] are selected on object 'Object Repository/GRN/Page_KDMC - CMS/select_JanFebMarAprMayJunJulAu'

2018-06-10 21:42:42 - [MESSAGE][PASSED] - All options with index in [5] are selected on object 'Object Repository/GRN/Page_KDMC - CMS/select_JanFebMarAprMayJunJulAu'

2018-06-10 21:42:42 - [TEST_STEP][PASSED] - click: Object: 'Object Repository/MOH AND GRN/Page_KDMC - CMS/a_12' is clicked on

2018-06-10 21:42:42 - [MESSAGE][PASSED] - Object: 'Object Repository/MOH AND GRN/Page_KDMC - CMS/a_12' is clicked on

2018-06-10 21:42:42 - [TEST_STEP][PASSED] - click: Object: 'Object Repository/MOH AND GRN/Page_KDMC - CMS/input_btnadd' is clicked on

2018-06-10 21:42:42 - [MESSAGE][PASSED] - Object: 'Object Repository/MOH AND GRN/Page_KDMC - CMS/input_btnadd' is clicked on

2018-06-10 21:42:42 - [TEST_STEP][PASSED] - Statement - If (s == 10): null

2018-06-10 21:42:42 - [TEST_STEP][PASSED] - Statement - Else: null

2018-06-10 21:42:42 - [TEST_STEP][PASSED] - Statement - (s++): null

2018-06-10 21:42:42 - [TEST_STEP][PASSED] - delay: Delayed 1 second(s)

2018-06-10 21:42:43 - [MESSAGE][PASSED] - Delayed 1 second(s)

2018-06-10 21:42:43 - [TEST_STEP][PASSED] - selectOptionByIndex: All options with index in [66] are selected on object 'Object Repository/MOH AND GRN/Page_KDMC - CMS/select_--Select--Amikacin -500'

2018-06-10 21:42:44 - [MESSAGE][PASSED] - All options with index in [66] are selected on object 'Object Repository/MOH AND GRN/Page_KDMC - CMS/select_--Select--Amikacin -500'

2018-06-10 21:42:44 - [TEST_STEP][PASSED] - setText: Text '5000' is set on object 'Object Repository/MOH AND GRN/Page_KDMC - CMS/input_txtqty'

2018-06-10 21:42:44 - [MESSAGE][PASSED] - Text '5000' is set on object 'Object Repository/MOH AND GRN/Page_KDMC - CMS/input_txtqty'

2018-06-10 21:42:44 - [TEST_STEP][PASSED] - selectOptionByIndex: All options with index in [1] are selected on object 'Object Repository/MOH AND GRN/Page_KDMC - CMS/select_--Select--No Tax0'

2018-06-10 21:42:44 - [MESSAGE][PASSED] - All options with index in [1] are selected on object 'Object Repository/MOH AND GRN/Page_KDMC - CMS/select_--Select--No Tax0'

2018-06-10 21:42:44 - [TEST_STEP][PASSED] - setText: Finding Test Object with id 'Object Repository/MOH AND GRN/Page_KDMC - CMS/input_txtmrp'

2018-06-10 21:42:44 - [TEST_STEP][PASSED] - Statement - switch (id): Finding Test Object with id 'Object Repository/MOH AND GRN/Page_KDMC - CMS/input_txtdeal'

2018-06-10 21:42:44 - [TEST_STEP][PASSED] - Statement - case 4:: Text '25.0' is set on object 'Object Repository/MOH AND GRN/Page_KDMC - CMS/input_txtmrp'

2018-06-10 21:42:44 - [TEST_STEP][PASSED] - Statement - return (java.lang.Math.floor((java.lang.Math.random() * ((max - min) + 1))) + min): Text '25.0' is set on object 'Object Repository/MOH AND GRN/Page_KDMC - CMS/input_txtmrp'

2018-06-10 21:42:44 - [MESSAGE][PASSED] - Text '25.0' is set on object 'Object Repository/MOH AND GRN/Page_KDMC - CMS/input_txtmrp'

2018-06-10 21:42:44 - [TEST_STEP][PASSED] - setText: Finding Test Object with id 'Object Repository/MOH AND GRN/Page_KDMC - CMS/input_txtdeal'

2018-06-10 21:42:44 - [TEST_STEP][PASSED] - Statement - switch (id): Finding Test Object with id 'Object Repository/MOH AND GRN/Page_KDMC - CMS/input_txtbatchno'

2018-06-10 21:42:44 - [TEST_STEP][PASSED] - Statement - case 5:: Text '12.0' is set on object 'Object Repository/MOH AND GRN/Page_KDMC - CMS/input_txtdeal'

2018-06-10 21:42:44 - [TEST_STEP][PASSED] - Statement - return (java.lang.Math.floor((java.lang.Math.random() * ((max - min) + 1))) + min): Text '12.0' is set on object 'Object Repository/MOH AND GRN/Page_KDMC - CMS/input_txtdeal'

2018-06-10 21:42:44 - [MESSAGE][PASSED] - Text '12.0' is set on object 'Object Repository/MOH AND GRN/Page_KDMC - CMS/input_txtdeal'

2018-06-10 21:42:44 - [TEST_STEP][PASSED] - setText: Finding Test Object with id 'Object Repository/MOH AND GRN/Page_KDMC - CMS/input_txtbatchno'

2018-06-10 21:42:44 - [TEST_STEP][PASSED] - Statement - switch (id): Finding Test Object with id 'Object Repository/MOH AND GRN/Page_KDMC - CMS/input_txtmrp'

2018-06-10 21:42:44 - [TEST_STEP][PASSED] - Statement - case 1:: Text 'BA761.0' is set on object 'Object Repository/MOH AND GRN/Page_KDMC - CMS/input_txtbatchno'

2018-06-10 21:42:44 - [TEST_STEP][PASSED] - Statement - return (java.lang.Math.floor((java.lang.Math.random() * ((max - min) + 1))) + min): Text 'BA761.0' is set on object 'Object Repository/MOH AND GRN/Page_KDMC - CMS/input_txtbatchno'

2018-06-10 21:42:44 - [MESSAGE][PASSED] - Text 'BA761.0' is set on object 'Object Repository/MOH AND GRN/Page_KDMC - CMS/input_txtbatchno'

2018-06-10 21:42:44 - [TEST_STEP][PASSED] - rightClick: Object: 'Object Repository/GRN/Page_KDMC - CMS/input_txtexpdate' is right clicked on

2018-06-10 21:42:45 - [MESSAGE][PASSED] - Object: 'Object Repository/GRN/Page_KDMC - CMS/input_txtexpdate' is right clicked on

2018-06-10 21:42:45 - [TEST_STEP][PASSED] - selectOptionByIndex: All options with index in [6] are selected on object 'Object Repository/GRN/Page_KDMC - CMS/select_20182019202020212022202'

2018-06-10 21:42:45 - [MESSAGE][PASSED] - All options with index in [6] are selected on object 'Object Repository/GRN/Page_KDMC - CMS/select_20182019202020212022202'

2018-06-10 21:42:45 - [TEST_STEP][PASSED] - selectOptionByIndex: All options with index in [6] are selected on object 'Object Repository/GRN/Page_KDMC - CMS/select_JanFebMarAprMayJunJulAu'

2018-06-10 21:42:45 - [MESSAGE][PASSED] - All options with index in [6] are selected on object 'Object Repository/GRN/Page_KDMC - CMS/select_JanFebMarAprMayJunJulAu'

2018-06-10 21:42:45 - [TEST_STEP][PASSED] - click: Object: 'Object Repository/MOH AND GRN/Page_KDMC - CMS/a_12' is clicked on

2018-06-10 21:42:45 - [MESSAGE][PASSED] - Object: 'Object Repository/MOH AND GRN/Page_KDMC - CMS/a_12' is clicked on

2018-06-10 21:42:45 - [TEST_STEP][PASSED] - click: Object: 'Object Repository/MOH AND GRN/Page_KDMC - CMS/input_btnadd' is clicked on

2018-06-10 21:42:45 - [MESSAGE][PASSED] - Object: 'Object Repository/MOH AND GRN/Page_KDMC - CMS/input_btnadd' is clicked on

2018-06-10 21:42:45 - [TEST_STEP][PASSED] - Statement - If (s == 10): null

2018-06-10 21:42:45 - [TEST_STEP][PASSED] - Statement - Else: null

2018-06-10 21:42:45 - [TEST_STEP][PASSED] - Statement - (s++): null

2018-06-10 21:42:45 - [TEST_STEP][PASSED] - delay: Delayed 1 second(s)

2018-06-10 21:42:46 - [MESSAGE][PASSED] - Delayed 1 second(s)

2018-06-10 21:42:46 - [TEST_STEP][PASSED] - selectOptionByIndex: All options with index in [67] are selected on object 'Object Repository/MOH AND GRN/Page_KDMC - CMS/select_--Select--Amikacin -500'

2018-06-10 21:42:47 - [MESSAGE][PASSED] - All options with index in [67] are selected on object 'Object Repository/MOH AND GRN/Page_KDMC - CMS/select_--Select--Amikacin -500'

2018-06-10 21:42:47 - [TEST_STEP][PASSED] - setText: Text '5000' is set on object 'Object Repository/MOH AND GRN/Page_KDMC - CMS/input_txtqty'

2018-06-10 21:42:47 - [MESSAGE][PASSED] - Text '5000' is set on object 'Object Repository/MOH AND GRN/Page_KDMC - CMS/input_txtqty'

2018-06-10 21:42:47 - [TEST_STEP][PASSED] - selectOptionByIndex: All options with index in [1] are selected on object 'Object Repository/MOH AND GRN/Page_KDMC - CMS/select_--Select--No Tax0'

2018-06-10 21:42:47 - [MESSAGE][PASSED] - All options with index in [1] are selected on object 'Object Repository/MOH AND GRN/Page_KDMC - CMS/select_--Select--No Tax0'

2018-06-10 21:42:47 - [TEST_STEP][PASSED] - setText: Finding Test Object with id 'Object Repository/MOH AND GRN/Page_KDMC - CMS/input_txtmrp'

2018-06-10 21:42:47 - [TEST_STEP][PASSED] - Statement - switch (id): Finding Test Object with id 'Object Repository/MOH AND GRN/Page_KDMC - CMS/input_txtdeal'

2018-06-10 21:42:47 - [TEST_STEP][PASSED] - Statement - case 4:: Text '15.0' is set on object 'Object Repository/MOH AND GRN/Page_KDMC - CMS/input_txtmrp'

2018-06-10 21:42:47 - [TEST_STEP][PASSED] - Statement - return (java.lang.Math.floor((java.lang.Math.random() * ((max - min) + 1))) + min): Text '15.0' is set on object 'Object Repository/MOH AND GRN/Page_KDMC - CMS/input_txtmrp'

2018-06-10 21:42:47 - [MESSAGE][PASSED] - Text '15.0' is set on object 'Object Repository/MOH AND GRN/Page_KDMC - CMS/input_txtmrp'

2018-06-10 21:42:47 - [TEST_STEP][PASSED] - setText: Finding Test Object with id 'Object Repository/MOH AND GRN/Page_KDMC - CMS/input_txtdeal'

2018-06-10 21:42:47 - [TEST_STEP][PASSED] - Statement - switch (id): Finding Test Object with id 'Object Repository/MOH AND GRN/Page_KDMC - CMS/input_txtbatchno'

2018-06-10 21:42:47 - [TEST_STEP][PASSED] - Statement - case 5:: Text '10.0' is set on object 'Object Repository/MOH AND GRN/Page_KDMC - CMS/input_txtdeal'

2018-06-10 21:42:47 - [TEST_STEP][PASSED] - Statement - return (java.lang.Math.floor((java.lang.Math.random() * ((max - min) + 1))) + min): Text '10.0' is set on object 'Object Repository/MOH AND GRN/Page_KDMC - CMS/input_txtdeal'

2018-06-10 21:42:47 - [MESSAGE][PASSED] - Text '10.0' is set on object 'Object Repository/MOH AND GRN/Page_KDMC - CMS/input_txtdeal'

2018-06-10 21:42:47 - [TEST_STEP][PASSED] - setText: Finding Test Object with id 'Object Repository/MOH AND GRN/Page_KDMC - CMS/input_txtbatchno'

2018-06-10 21:42:47 - [TEST_STEP][PASSED] - Statement - switch (id): Finding Test Object with id 'Object Repository/MOH AND GRN/Page_KDMC - CMS/input_txtmrp'

2018-06-10 21:42:47 - [TEST_STEP][PASSED] - Statement - case 1:: Text 'BA938.0' is set on object 'Object Repository/MOH AND GRN/Page_KDMC - CMS/input_txtbatchno'

2018-06-10 21:42:47 - [TEST_STEP][PASSED] - Statement - return (java.lang.Math.floor((java.lang.Math.random() * ((max - min) + 1))) + min): Text 'BA938.0' is set on object 'Object Repository/MOH AND GRN/Page_KDMC - CMS/input_txtbatchno'

2018-06-10 21:42:48 - [MESSAGE][PASSED] - Text 'BA938.0' is set on object 'Object Repository/MOH AND GRN/Page_KDMC - CMS/input_txtbatchno'

2018-06-10 21:42:48 - [TEST_STEP][PASSED] - rightClick: Object: 'Object Repository/GRN/Page_KDMC - CMS/input_txtexpdate' is right clicked on

2018-06-10 21:42:48 - [MESSAGE][PASSED] - Object: 'Object Repository/GRN/Page_KDMC - CMS/input_txtexpdate' is right clicked on

2018-06-10 21:42:48 - [TEST_STEP][PASSED] - selectOptionByIndex: All options with index in [7] are selected on object 'Object Repository/GRN/Page_KDMC - CMS/select_20182019202020212022202'

2018-06-10 21:42:48 - [MESSAGE][PASSED] - All options with index in [7] are selected on object 'Object Repository/GRN/Page_KDMC - CMS/select_20182019202020212022202'

2018-06-10 21:42:48 - [TEST_STEP][PASSED] - selectOptionByIndex: All options with index in [7] are selected on object 'Object Repository/GRN/Page_KDMC - CMS/select_JanFebMarAprMayJunJulAu'

2018-06-10 21:42:48 - [MESSAGE][PASSED] - All options with index in [7] are selected on object 'Object Repository/GRN/Page_KDMC - CMS/select_JanFebMarAprMayJunJulAu'

2018-06-10 21:42:48 - [TEST_STEP][PASSED] - click: Object: 'Object Repository/MOH AND GRN/Page_KDMC - CMS/a_12' is clicked on

2018-06-10 21:42:48 - [MESSAGE][PASSED] - Object: 'Object Repository/MOH AND GRN/Page_KDMC - CMS/a_12' is clicked on

2018-06-10 21:42:48 - [TEST_STEP][PASSED] - click: Object: 'Object Repository/MOH AND GRN/Page_KDMC - CMS/input_btnadd' is clicked on

2018-06-10 21:42:48 - [MESSAGE][PASSED] - Object: 'Object Repository/MOH AND GRN/Page_KDMC - CMS/input_btnadd' is clicked on

2018-06-10 21:42:48 - [TEST_STEP][PASSED] - Statement - If (s == 10): null

2018-06-10 21:42:48 - [TEST_STEP][PASSED] - Statement - Else: null

2018-06-10 21:42:48 - [TEST_STEP][PASSED] - Statement - (s++): null

2018-06-10 21:42:48 - [TEST_STEP][PASSED] - delay: Delayed 1 second(s)

2018-06-10 21:42:49 - [MESSAGE][PASSED] - Delayed 1 second(s)

2018-06-10 21:42:49 - [TEST_STEP][PASSED] - selectOptionByIndex: All options with index in [68] are selected on object 'Object Repository/MOH AND GRN/Page_KDMC - CMS/select_--Select--Amikacin -500'

2018-06-10 21:42:50 - [MESSAGE][PASSED] - All options with index in [68] are selected on object 'Object Repository/MOH AND GRN/Page_KDMC - CMS/select_--Select--Amikacin -500'

2018-06-10 21:42:50 - [TEST_STEP][PASSED] - setText: Text '5000' is set on object 'Object Repository/MOH AND GRN/Page_KDMC - CMS/input_txtqty'

2018-06-10 21:42:50 - [MESSAGE][PASSED] - Text '5000' is set on object 'Object Repository/MOH AND GRN/Page_KDMC - CMS/input_txtqty'

2018-06-10 21:42:50 - [TEST_STEP][PASSED] - selectOptionByIndex: All options with index in [1] are selected on object 'Object Repository/MOH AND GRN/Page_KDMC - CMS/select_--Select--No Tax0'

2018-06-10 21:42:50 - [MESSAGE][PASSED] - All options with index in [1] are selected on object 'Object Repository/MOH AND GRN/Page_KDMC - CMS/select_--Select--No Tax0'

2018-06-10 21:42:50 - [TEST_STEP][PASSED] - setText: Finding Test Object with id 'Object Repository/MOH AND GRN/Page_KDMC - CMS/input_txtmrp'

2018-06-10 21:42:50 - [TEST_STEP][PASSED] - Statement - switch (id): Finding Test Object with id 'Object Repository/MOH AND GRN/Page_KDMC - CMS/input_txtdeal'

2018-06-10 21:42:50 - [TEST_STEP][PASSED] - Statement - case 4:: Text '15.0' is set on object 'Object Repository/MOH AND GRN/Page_KDMC - CMS/input_txtmrp'

2018-06-10 21:42:50 - [TEST_STEP][PASSED] - Statement - return (java.lang.Math.floor((java.lang.Math.random() * ((max - min) + 1))) + min): Text '15.0' is set on object 'Object Repository/MOH AND GRN/Page_KDMC - CMS/input_txtmrp'

2018-06-10 21:42:50 - [MESSAGE][PASSED] - Text '15.0' is set on object 'Object Repository/MOH AND GRN/Page_KDMC - CMS/input_txtmrp'

2018-06-10 21:42:50 - [TEST_STEP][PASSED] - setText: Finding Test Object with id 'Object Repository/MOH AND GRN/Page_KDMC - CMS/input_txtdeal'

2018-06-10 21:42:50 - [TEST_STEP][PASSED] - Statement - switch (id): Finding Test Object with id 'Object Repository/MOH AND GRN/Page_KDMC - CMS/input_txtbatchno'

2018-06-10 21:42:50 - [TEST_STEP][PASSED] - Statement - case 5:: Text '10.0' is set on object 'Object Repository/MOH AND GRN/Page_KDMC - CMS/input_txtdeal'

2018-06-10 21:42:50 - [TEST_STEP][PASSED] - Statement - return (java.lang.Math.floor((java.lang.Math.random() * ((max - min) + 1))) + min): Text '10.0' is set on object 'Object Repository/MOH AND GRN/Page_KDMC - CMS/input_txtdeal'

2018-06-10 21:42:51 - [MESSAGE][PASSED] - Text '10.0' is set on object 'Object Repository/MOH AND GRN/Page_KDMC - CMS/input_txtdeal'

2018-06-10 21:42:51 - [TEST_STEP][PASSED] - setText: Finding Test Object with id 'Object Repository/MOH AND GRN/Page_KDMC - CMS/input_txtbatchno'

2018-06-10 21:42:51 - [TEST_STEP][PASSED] - Statement - switch (id): Finding Test Object with id 'Object Repository/MOH AND GRN/Page_KDMC - CMS/input_txtmrp'

2018-06-10 21:42:51 - [TEST_STEP][PASSED] - Statement - case 1:: Text 'BA563.0' is set on object 'Object Repository/MOH AND GRN/Page_KDMC - CMS/input_txtbatchno'

2018-06-10 21:42:51 - [TEST_STEP][PASSED] - Statement - return (java.lang.Math.floor((java.lang.Math.random() * ((max - min) + 1))) + min): Text 'BA563.0' is set on object 'Object Repository/MOH AND GRN/Page_KDMC - CMS/input_txtbatchno'

2018-06-10 21:42:51 - [MESSAGE][PASSED] - Text 'BA563.0' is set on object 'Object Repository/MOH AND GRN/Page_KDMC - CMS/input_txtbatchno'

2018-06-10 21:42:51 - [TEST_STEP][PASSED] - rightClick: Object: 'Object Repository/GRN/Page_KDMC - CMS/input_txtexpdate' is right clicked on

2018-06-10 21:42:51 - [MESSAGE][PASSED] - Object: 'Object Repository/GRN/Page_KDMC - CMS/input_txtexpdate' is right clicked on

2018-06-10 21:42:51 - [TEST_STEP][PASSED] - selectOptionByIndex: All options with index in [8] are selected on object 'Object Repository/GRN/Page_KDMC - CMS/select_20182019202020212022202'

2018-06-10 21:42:51 - [MESSAGE][PASSED] - All options with index in [8] are selected on object 'Object Repository/GRN/Page_KDMC - CMS/select_20182019202020212022202'

2018-06-10 21:42:51 - [TEST_STEP][PASSED] - selectOptionByIndex: All options with index in [8] are selected on object 'Object Repository/GRN/Page_KDMC - CMS/select_JanFebMarAprMayJunJulAu'

2018-06-10 21:42:51 - [MESSAGE][PASSED] - All options with index in [8] are selected on object 'Object Repository/GRN/Page_KDMC - CMS/select_JanFebMarAprMayJunJulAu'

2018-06-10 21:42:51 - [TEST_STEP][PASSED] - click: Object: 'Object Repository/MOH AND GRN/Page_KDMC - CMS/a_12' is clicked on

2018-06-10 21:42:51 - [MESSAGE][PASSED] - Object: 'Object Repository/MOH AND GRN/Page_KDMC - CMS/a_12' is clicked on

2018-06-10 21:42:51 - [TEST_STEP][PASSED] - click: Object: 'Object Repository/MOH AND GRN/Page_KDMC - CMS/input_btnadd' is clicked on

2018-06-10 21:42:51 - [MESSAGE][PASSED] - Object: 'Object Repository/MOH AND GRN/Page_KDMC - CMS/input_btnadd' is clicked on

2018-06-10 21:42:51 - [TEST_STEP][PASSED] - Statement - If (s == 10): null

2018-06-10 21:42:51 - [TEST_STEP][PASSED] - Statement - Else: null

2018-06-10 21:42:51 - [TEST_STEP][PASSED] - Statement - (s++): null

2018-06-10 21:42:51 - [TEST_STEP][PASSED] - delay: Delayed 1 second(s)

2018-06-10 21:42:52 - [MESSAGE][PASSED] - Delayed 1 second(s)

2018-06-10 21:42:52 - [TEST_STEP][PASSED] - selectOptionByIndex: All options with index in [69] are selected on object 'Object Repository/MOH AND GRN/Page_KDMC - CMS/select_--Select--Amikacin -500'

2018-06-10 21:42:53 - [MESSAGE][PASSED] - All options with index in [69] are selected on object 'Object Repository/MOH AND GRN/Page_KDMC - CMS/select_--Select--Amikacin -500'

2018-06-10 21:42:53 - [TEST_STEP][PASSED] - setText: Text '5000' is set on object 'Object Repository/MOH AND GRN/Page_KDMC - CMS/input_txtqty'

2018-06-10 21:42:53 - [MESSAGE][PASSED] - Text '5000' is set on object 'Object Repository/MOH AND GRN/Page_KDMC - CMS/input_txtqty'

2018-06-10 21:42:53 - [TEST_STEP][PASSED] - selectOptionByIndex: All options with index in [1] are selected on object 'Object Repository/MOH AND GRN/Page_KDMC - CMS/select_--Select--No Tax0'

2018-06-10 21:42:54 - [MESSAGE][PASSED] - All options with index in [1] are selected on object 'Object Repository/MOH AND GRN/Page_KDMC - CMS/select_--Select--No Tax0'

2018-06-10 21:42:54 - [TEST_STEP][PASSED] - setText: Finding Test Object with id 'Object Repository/MOH AND GRN/Page_KDMC - CMS/input_txtmrp'

2018-06-10 21:42:54 - [TEST_STEP][PASSED] - Statement - switch (id): Finding Test Object with id 'Object Repository/MOH AND GRN/Page_KDMC - CMS/input_txtdeal'

2018-06-10 21:42:54 - [TEST_STEP][PASSED] - Statement - case 4:: Text '45.0' is set on object 'Object Repository/MOH AND GRN/Page_KDMC - CMS/input_txtmrp'

2018-06-10 21:42:54 - [TEST_STEP][PASSED] - Statement - return (java.lang.Math.floor((java.lang.Math.random() * ((max - min) + 1))) + min): Text '45.0' is set on object 'Object Repository/MOH AND GRN/Page_KDMC - CMS/input_txtmrp'

2018-06-10 21:42:54 - [MESSAGE][PASSED] - Text '45.0' is set on object 'Object Repository/MOH AND GRN/Page_KDMC - CMS/input_txtmrp'

2018-06-10 21:42:54 - [TEST_STEP][PASSED] - setText: Finding Test Object with id 'Object Repository/MOH AND GRN/Page_KDMC - CMS/input_txtdeal'

2018-06-10 21:42:54 - [TEST_STEP][PASSED] - Statement - switch (id): Finding Test Object with id 'Object Repository/MOH AND GRN/Page_KDMC - CMS/input_txtbatchno'

2018-06-10 21:42:54 - [TEST_STEP][PASSED] - Statement - case 5:: Text '4.0' is set on object 'Object Repository/MOH AND GRN/Page_KDMC - CMS/input_txtdeal'

2018-06-10 21:42:54 - [TEST_STEP][PASSED] - Statement - return (java.lang.Math.floor((java.lang.Math.random() * ((max - min) + 1))) + min): Text '4.0' is set on object 'Object Repository/MOH AND GRN/Page_KDMC - CMS/input_txtdeal'

2018-06-10 21:42:54 - [MESSAGE][PASSED] - Text '4.0' is set on object 'Object Repository/MOH AND GRN/Page_KDMC - CMS/input_txtdeal'

2018-06-10 21:42:54 - [TEST_STEP][PASSED] - setText: Finding Test Object with id 'Object Repository/MOH AND GRN/Page_KDMC - CMS/input_txtbatchno'

2018-06-10 21:42:54 - [TEST_STEP][PASSED] - Statement - switch (id): Finding Test Object with id 'Object Repository/MOH AND GRN/Page_KDMC - CMS/input_txtmrp'

2018-06-10 21:42:54 - [TEST_STEP][PASSED] - Statement - case 1:: Text 'BA37.0' is set on object 'Object Repository/MOH AND GRN/Page_KDMC - CMS/input_txtbatchno'

2018-06-10 21:42:54 - [TEST_STEP][PASSED] - Statement - return (java.lang.Math.floor((java.lang.Math.random() * ((max - min) + 1))) + min): Text 'BA37.0' is set on object 'Object Repository/MOH AND GRN/Page_KDMC - CMS/input_txtbatchno'

2018-06-10 21:42:54 - [MESSAGE][PASSED] - Text 'BA37.0' is set on object 'Object Repository/MOH AND GRN/Page_KDMC - CMS/input_txtbatchno'

2018-06-10 21:42:54 - [TEST_STEP][PASSED] - rightClick: Object: 'Object Repository/GRN/Page_KDMC - CMS/input_txtexpdate' is right clicked on

2018-06-10 21:42:54 - [MESSAGE][PASSED] - Object: 'Object Repository/GRN/Page_KDMC - CMS/input_txtexpdate' is right clicked on

2018-06-10 21:42:54 - [TEST_STEP][PASSED] - selectOptionByIndex: All options with index in [9] are selected on object 'Object Repository/GRN/Page_KDMC - CMS/select_20182019202020212022202'

2018-06-10 21:42:54 - [MESSAGE][PASSED] - All options with index in [9] are selected on object 'Object Repository/GRN/Page_KDMC - CMS/select_20182019202020212022202'

2018-06-10 21:42:54 - [TEST_STEP][PASSED] - selectOptionByIndex: All options with index in [9] are selected on object 'Object Repository/GRN/Page_KDMC - CMS/select_JanFebMarAprMayJunJulAu'

2018-06-10 21:42:54 - [MESSAGE][PASSED] - All options with index in [9] are selected on object 'Object Repository/GRN/Page_KDMC - CMS/select_JanFebMarAprMayJunJulAu'

2018-06-10 21:42:54 - [TEST_STEP][PASSED] - click: Object: 'Object Repository/MOH AND GRN/Page_KDMC - CMS/a_12' is clicked on

2018-06-10 21:42:55 - [MESSAGE][PASSED] - Object: 'Object Repository/MOH AND GRN/Page_KDMC - CMS/a_12' is clicked on

2018-06-10 21:42:55 - [TEST_STEP][PASSED] - click: Object: 'Object Repository/MOH AND GRN/Page_KDMC - CMS/input_btnadd' is clicked on

2018-06-10 21:42:55 - [MESSAGE][PASSED] - Object: 'Object Repository/MOH AND GRN/Page_KDMC - CMS/input_btnadd' is clicked on

2018-06-10 21:42:55 - [TEST_STEP][PASSED] - Statement - If (s == 10): null

2018-06-10 21:42:55 - [TEST_STEP][PASSED] - Statement - Else: null

2018-06-10 21:42:55 - [TEST_STEP][PASSED] - Statement - (s++): null

2018-06-10 21:42:55 - [TEST_STEP][PASSED] - delay: Delayed 1 second(s)

2018-06-10 21:42:56 - [MESSAGE][PASSED] - Delayed 1 second(s)

2018-06-10 21:42:56 - [TEST_STEP][PASSED] - selectOptionByIndex: All options with index in [70] are selected on object 'Object Repository/MOH AND GRN/Page_KDMC - CMS/select_--Select--Amikacin -500'

2018-06-10 21:42:56 - [MESSAGE][PASSED] - All options with index in [70] are selected on object 'Object Repository/MOH AND GRN/Page_KDMC - CMS/select_--Select--Amikacin -500'

2018-06-10 21:42:56 - [TEST_STEP][PASSED] - setText: Text '5000' is set on object 'Object Repository/MOH AND GRN/Page_KDMC - CMS/input_txtqty'

2018-06-10 21:42:57 - [MESSAGE][PASSED] - Text '5000' is set on object 'Object Repository/MOH AND GRN/Page_KDMC - CMS/input_txtqty'

2018-06-10 21:42:57 - [TEST_STEP][PASSED] - selectOptionByIndex: All options with index in [1] are selected on object 'Object Repository/MOH AND GRN/Page_KDMC - CMS/select_--Select--No Tax0'

2018-06-10 21:42:57 - [MESSAGE][PASSED] - All options with index in [1] are selected on object 'Object Repository/MOH AND GRN/Page_KDMC - CMS/select_--Select--No Tax0'

2018-06-10 21:42:57 - [TEST_STEP][PASSED] - setText: Finding Test Object with id 'Object Repository/MOH AND GRN/Page_KDMC - CMS/input_txtmrp'

2018-06-10 21:42:57 - [TEST_STEP][PASSED] - Statement - switch (id): Finding Test Object with id 'Object Repository/MOH AND GRN/Page_KDMC - CMS/input_txtdeal'

2018-06-10 21:42:57 - [TEST_STEP][PASSED] - Statement - case 4:: Text '40.0' is set on object 'Object Repository/MOH AND GRN/Page_KDMC - CMS/input_txtmrp'

2018-06-10 21:42:57 - [TEST_STEP][PASSED] - Statement - return (java.lang.Math.floor((java.lang.Math.random() * ((max - min) + 1))) + min): Text '40.0' is set on object 'Object Repository/MOH AND GRN/Page_KDMC - CMS/input_txtmrp'

2018-06-10 21:42:57 - [MESSAGE][PASSED] - Text '40.0' is set on object 'Object Repository/MOH AND GRN/Page_KDMC - CMS/input_txtmrp'

2018-06-10 21:42:57 - [TEST_STEP][PASSED] - setText: Finding Test Object with id 'Object Repository/MOH AND GRN/Page_KDMC - CMS/input_txtdeal'

2018-06-10 21:42:57 - [TEST_STEP][PASSED] - Statement - switch (id): Finding Test Object with id 'Object Repository/MOH AND GRN/Page_KDMC - CMS/input_txtbatchno'

2018-06-10 21:42:57 - [TEST_STEP][PASSED] - Statement - case 5:: Text '3.0' is set on object 'Object Repository/MOH AND GRN/Page_KDMC - CMS/input_txtdeal'

2018-06-10 21:42:57 - [TEST_STEP][PASSED] - Statement - return (java.lang.Math.floor((java.lang.Math.random() * ((max - min) + 1))) + min): Text '3.0' is set on object 'Object Repository/MOH AND GRN/Page_KDMC - CMS/input_txtdeal'

2018-06-10 21:42:57 - [MESSAGE][PASSED] - Text '3.0' is set on object 'Object Repository/MOH AND GRN/Page_KDMC - CMS/input_txtdeal'

2018-06-10 21:42:57 - [TEST_STEP][PASSED] - setText: Finding Test Object with id 'Object Repository/MOH AND GRN/Page_KDMC - CMS/input_txtbatchno'

2018-06-10 21:42:57 - [TEST_STEP][PASSED] - Statement - switch (id): Finding Test Object with id 'Object Repository/MOH AND GRN/Page_KDMC - CMS/input_txtmrp'

2018-06-10 21:42:57 - [TEST_STEP][PASSED] - Statement - case 1:: Text 'BA28.0' is set on object 'Object Repository/MOH AND GRN/Page_KDMC - CMS/input_txtbatchno'

2018-06-10 21:42:57 - [TEST_STEP][PASSED] - Statement - return (java.lang.Math.floor((java.lang.Math.random() * ((max - min) + 1))) + min): Text 'BA28.0' is set on object 'Object Repository/MOH AND GRN/Page_KDMC - CMS/input_txtbatchno'

2018-06-10 21:42:57 - [MESSAGE][PASSED] - Text 'BA28.0' is set on object 'Object Repository/MOH AND GRN/Page_KDMC - CMS/input_txtbatchno'

2018-06-10 21:42:57 - [TEST_STEP][PASSED] - rightClick: Object: 'Object Repository/GRN/Page_KDMC - CMS/input_txtexpdate' is right clicked on

2018-06-10 21:42:57 - [MESSAGE][PASSED] - Object: 'Object Repository/GRN/Page_KDMC - CMS/input_txtexpdate' is right clicked on

2018-06-10 21:42:57 - [TEST_STEP][PASSED] - selectOptionByIndex: All options with index in [10] are selected on object 'Object Repository/GRN/Page_KDMC - CMS/select_20182019202020212022202'

2018-06-10 21:42:57 - [MESSAGE][PASSED] - All options with index in [10] are selected on object 'Object Repository/GRN/Page_KDMC - CMS/select_20182019202020212022202'

2018-06-10 21:42:57 - [TEST_STEP][PASSED] - selectOptionByIndex: All options with index in [10] are selected on object 'Object Repository/GRN/Page_KDMC - CMS/select_JanFebMarAprMayJunJulAu'

2018-06-10 21:42:58 - [MESSAGE][PASSED] - All options with index in [10] are selected on object 'Object Repository/GRN/Page_KDMC - CMS/select_JanFebMarAprMayJunJulAu'

2018-06-10 21:42:58 - [TEST_STEP][PASSED] - click: Object: 'Object Repository/MOH AND GRN/Page_KDMC - CMS/a_12' is clicked on

2018-06-10 21:42:58 - [MESSAGE][PASSED] - Object: 'Object Repository/MOH AND GRN/Page_KDMC - CMS/a_12' is clicked on

2018-06-10 21:42:58 - [TEST_STEP][PASSED] - click: Object: 'Object Repository/MOH AND GRN/Page_KDMC - CMS/input_btnadd' is clicked on

2018-06-10 21:42:58 - [MESSAGE][PASSED] - Object: 'Object Repository/MOH AND GRN/Page_KDMC - CMS/input_btnadd' is clicked on

2018-06-10 21:42:58 - [TEST_STEP][PASSED] - Statement - If (s == 10): null

2018-06-10 21:42:58 - [TEST_STEP][PASSED] - Statement - s = 1: null

2018-06-10 21:42:58 - [TEST_STEP][PASSED] - delay: Delayed 1 second(s)

2018-06-10 21:42:59 - [MESSAGE][PASSED] - Delayed 1 second(s)

2018-06-10 21:42:59 - [TEST_STEP][PASSED] - selectOptionByIndex: All options with index in [71] are selected on object 'Object Repository/MOH AND GRN/Page_KDMC - CMS/select_--Select--Amikacin -500'

2018-06-10 21:43:00 - [MESSAGE][PASSED] - All options with index in [71] are selected on object 'Object Repository/MOH AND GRN/Page_KDMC - CMS/select_--Select--Amikacin -500'

2018-06-10 21:43:00 - [TEST_STEP][PASSED] - setText: Text '5000' is set on object 'Object Repository/MOH AND GRN/Page_KDMC - CMS/input_txtqty'

2018-06-10 21:43:00 - [MESSAGE][PASSED] - Text '5000' is set on object 'Object Repository/MOH AND GRN/Page_KDMC - CMS/input_txtqty'

2018-06-10 21:43:00 - [TEST_STEP][PASSED] - selectOptionByIndex: All options with index in [1] are selected on object 'Object Repository/MOH AND GRN/Page_KDMC - CMS/select_--Select--No Tax0'

2018-06-10 21:43:00 - [MESSAGE][PASSED] - All options with index in [1] are selected on object 'Object Repository/MOH AND GRN/Page_KDMC - CMS/select_--Select--No Tax0'

2018-06-10 21:43:00 - [TEST_STEP][PASSED] - setText: Finding Test Object with id 'Object Repository/MOH AND GRN/Page_KDMC - CMS/input_txtmrp'

2018-06-10 21:43:00 - [TEST_STEP][PASSED] - Statement - switch (id): Finding Test Object with id 'Object Repository/MOH AND GRN/Page_KDMC - CMS/input_txtdeal'

2018-06-10 21:43:00 - [TEST_STEP][PASSED] - Statement - case 4:: Text '29.0' is set on object 'Object Repository/MOH AND GRN/Page_KDMC - CMS/input_txtmrp'

2018-06-10 21:43:00 - [TEST_STEP][PASSED] - Statement - return (java.lang.Math.floor((java.lang.Math.random() * ((max - min) + 1))) + min): Text '29.0' is set on object 'Object Repository/MOH AND GRN/Page_KDMC - CMS/input_txtmrp'

2018-06-10 21:43:00 - [MESSAGE][PASSED] - Text '29.0' is set on object 'Object Repository/MOH AND GRN/Page_KDMC - CMS/input_txtmrp'

2018-06-10 21:43:00 - [TEST_STEP][PASSED] - setText: Finding Test Object with id 'Object Repository/MOH AND GRN/Page_KDMC - CMS/input_txtdeal'

2018-06-10 21:43:00 - [TEST_STEP][PASSED] - Statement - switch (id): Finding Test Object with id 'Object Repository/MOH AND GRN/Page_KDMC - CMS/input_txtbatchno'

2018-06-10 21:43:00 - [TEST_STEP][PASSED] - Statement - case 5:: Text '4.0' is set on object 'Object Repository/MOH AND GRN/Page_KDMC - CMS/input_txtdeal'

2018-06-10 21:43:00 - [TEST_STEP][PASSED] - Statement - return (java.lang.Math.floor((java.lang.Math.random() * ((max - min) + 1))) + min): Text '4.0' is set on object 'Object Repository/MOH AND GRN/Page_KDMC - CMS/input_txtdeal'

2018-06-10 21:43:00 - [MESSAGE][PASSED] - Text '4.0' is set on object 'Object Repository/MOH AND GRN/Page_KDMC - CMS/input_txtdeal'

2018-06-10 21:43:00 - [TEST_STEP][PASSED] - setText: Finding Test Object with id 'Object Repository/MOH AND GRN/Page_KDMC - CMS/input_txtbatchno'

2018-06-10 21:43:00 - [TEST_STEP][PASSED] - Statement - switch (id): Finding Test Object with id 'Object Repository/MOH AND GRN/Page_KDMC - CMS/input_txtmrp'

2018-06-10 21:43:00 - [TEST_STEP][PASSED] - Statement - case 1:: Text 'BA653.0' is set on object 'Object Repository/MOH AND GRN/Page_KDMC - CMS/input_txtbatchno'

2018-06-10 21:43:00 - [TEST_STEP][PASSED] - Statement - return (java.lang.Math.floor((java.lang.Math.random() * ((max - min) + 1))) + min): Text 'BA653.0' is set on object 'Object Repository/MOH AND GRN/Page_KDMC - CMS/input_txtbatchno'

2018-06-10 21:43:00 - [MESSAGE][PASSED] - Text 'BA653.0' is set on object 'Object Repository/MOH AND GRN/Page_KDMC - CMS/input_txtbatchno'

2018-06-10 21:43:00 - [TEST_STEP][PASSED] - rightClick: Object: 'Object Repository/GRN/Page_KDMC - CMS/input_txtexpdate' is right clicked on

2018-06-10 21:43:00 - [MESSAGE][PASSED] - Object: 'Object Repository/GRN/Page_KDMC - CMS/input_txtexpdate' is right clicked on

2018-06-10 21:43:00 - [TEST_STEP][PASSED] - selectOptionByIndex: All options with index in [1] are selected on object 'Object Repository/GRN/Page_KDMC - CMS/select_20182019202020212022202'

2018-06-10 21:43:01 - [MESSAGE][PASSED] - All options with index in [1] are selected on object 'Object Repository/GRN/Page_KDMC - CMS/select_20182019202020212022202'

2018-06-10 21:43:01 - [TEST_STEP][PASSED] - selectOptionByIndex: All options with index in [1] are selected on object 'Object Repository/GRN/Page_KDMC - CMS/select_JanFebMarAprMayJunJulAu'

2018-06-10 21:43:01 - [MESSAGE][PASSED] - All options with index in [1] are selected on object 'Object Repository/GRN/Page_KDMC - CMS/select_JanFebMarAprMayJunJulAu'

2018-06-10 21:43:01 - [TEST_STEP][PASSED] - click: Object: 'Object Repository/MOH AND GRN/Page_KDMC - CMS/a_12' is clicked on

2018-06-10 21:43:01 - [MESSAGE][PASSED] - Object: 'Object Repository/MOH AND GRN/Page_KDMC - CMS/a_12' is clicked on

2018-06-10 21:43:01 - [TEST_STEP][PASSED] - click: Object: 'Object Repository/MOH AND GRN/Page_KDMC - CMS/input_btnadd' is clicked on

2018-06-10 21:43:01 - [MESSAGE][PASSED] - Object: 'Object Repository/MOH AND GRN/Page_KDMC - CMS/input_btnadd' is clicked on

2018-06-10 21:43:01 - [TEST_STEP][PASSED] - Statement - If (s == 10): null

2018-06-10 21:43:01 - [TEST_STEP][PASSED] - Statement - Else: null

2018-06-10 21:43:01 - [TEST_STEP][PASSED] - Statement - (s++): null

2018-06-10 21:43:01 - [TEST_STEP][PASSED] - delay: Delayed 1 second(s)

2018-06-10 21:43:02 - [MESSAGE][PASSED] - Delayed 1 second(s)

2018-06-10 21:43:02 - [TEST_STEP][PASSED] - selectOptionByIndex: All options with index in [72] are selected on object 'Object Repository/MOH AND GRN/Page_KDMC - CMS/select_--Select--Amikacin -500'

2018-06-10 21:43:03 - [MESSAGE][PASSED] - All options with index in [72] are selected on object 'Object Repository/MOH AND GRN/Page_KDMC - CMS/select_--Select--Amikacin -500'

2018-06-10 21:43:03 - [TEST_STEP][PASSED] - setText: Text '5000' is set on object 'Object Repository/MOH AND GRN/Page_KDMC - CMS/input_txtqty'

2018-06-10 21:43:03 - [MESSAGE][PASSED] - Text '5000' is set on object 'Object Repository/MOH AND GRN/Page_KDMC - CMS/input_txtqty'

2018-06-10 21:43:03 - [TEST_STEP][PASSED] - selectOptionByIndex: All options with index in [1] are selected on object 'Object Repository/MOH AND GRN/Page_KDMC - CMS/select_--Select--No Tax0'

2018-06-10 21:43:03 - [MESSAGE][PASSED] - All options with index in [1] are selected on object 'Object Repository/MOH AND GRN/Page_KDMC - CMS/select_--Select--No Tax0'

2018-06-10 21:43:03 - [TEST_STEP][PASSED] - setText: Finding Test Object with id 'Object Repository/MOH AND GRN/Page_KDMC - CMS/input_txtmrp'

2018-06-10 21:43:03 - [TEST_STEP][PASSED] - Statement - switch (id): Finding Test Object with id 'Object Repository/MOH AND GRN/Page_KDMC - CMS/input_txtdeal'

2018-06-10 21:43:03 - [TEST_STEP][PASSED] - Statement - case 4:: Text '38.0' is set on object 'Object Repository/MOH AND GRN/Page_KDMC - CMS/input_txtmrp'

2018-06-10 21:43:03 - [TEST_STEP][PASSED] - Statement - return (java.lang.Math.floor((java.lang.Math.random() * ((max - min) + 1))) + min): Text '38.0' is set on object 'Object Repository/MOH AND GRN/Page_KDMC - CMS/input_txtmrp'

2018-06-10 21:43:03 - [MESSAGE][PASSED] - Text '38.0' is set on object 'Object Repository/MOH AND GRN/Page_KDMC - CMS/input_txtmrp'

2018-06-10 21:43:03 - [TEST_STEP][PASSED] - setText: Finding Test Object with id 'Object Repository/MOH AND GRN/Page_KDMC - CMS/input_txtdeal'

2018-06-10 21:43:03 - [TEST_STEP][PASSED] - Statement - switch (id): Finding Test Object with id 'Object Repository/MOH AND GRN/Page_KDMC - CMS/input_txtbatchno'

2018-06-10 21:43:03 - [TEST_STEP][PASSED] - Statement - case 5:: Text '12.0' is set on object 'Object Repository/MOH AND GRN/Page_KDMC - CMS/input_txtdeal'

2018-06-10 21:43:03 - [TEST_STEP][PASSED] - Statement - return (java.lang.Math.floor((java.lang.Math.random() * ((max - min) + 1))) + min): Text '12.0' is set on object 'Object Repository/MOH AND GRN/Page_KDMC - CMS/input_txtdeal'

2018-06-10 21:43:03 - [MESSAGE][PASSED] - Text '12.0' is set on object 'Object Repository/MOH AND GRN/Page_KDMC - CMS/input_txtdeal'

2018-06-10 21:43:03 - [TEST_STEP][PASSED] - setText: Finding Test Object with id 'Object Repository/MOH AND GRN/Page_KDMC - CMS/input_txtbatchno'

2018-06-10 21:43:03 - [TEST_STEP][PASSED] - Statement - switch (id): Delayed 1 second(s)

2018-06-10 21:43:03 - [TEST_STEP][PASSED] - Statement - case 1:: Text 'BA942.0' is set on object 'Object Repository/MOH AND GRN/Page_KDMC - CMS/input_txtbatchno'

2018-06-10 21:43:03 - [TEST_STEP][PASSED] - Statement - return (java.lang.Math.floor((java.lang.Math.random() * ((max - min) + 1))) + min): Text 'BA942.0' is set on object 'Object Repository/MOH AND GRN/Page_KDMC - CMS/input_txtbatchno'

2018-06-10 21:43:03 - [MESSAGE][PASSED] - Text 'BA942.0' is set on object 'Object Repository/MOH AND GRN/Page_KDMC - CMS/input_txtbatchno'

2018-06-10 21:43:03 - [TEST_STEP][PASSED] - rightClick: Object: 'Object Repository/GRN/Page_KDMC - CMS/input_txtexpdate' is right clicked on

2018-06-10 21:43:03 - [MESSAGE][PASSED] - Object: 'Object Repository/GRN/Page_KDMC - CMS/input_txtexpdate' is right clicked on

2018-06-10 21:43:03 - [TEST_STEP][PASSED] - selectOptionByIndex: All options with index in [2] are selected on object 'Object Repository/GRN/Page_KDMC - CMS/select_20182019202020212022202'

2018-06-10 21:43:04 - [MESSAGE][PASSED] - All options with index in [2] are selected on object 'Object Repository/GRN/Page_KDMC - CMS/select_20182019202020212022202'

2018-06-10 21:43:04 - [TEST_STEP][PASSED] - selectOptionByIndex: All options with index in [2] are selected on object 'Object Repository/GRN/Page_KDMC - CMS/select_JanFebMarAprMayJunJulAu'

2018-06-10 21:43:04 - [MESSAGE][PASSED] - All options with index in [2] are selected on object 'Object Repository/GRN/Page_KDMC - CMS/select_JanFebMarAprMayJunJulAu'

2018-06-10 21:43:04 - [TEST_STEP][PASSED] - click: Object: 'Object Repository/MOH AND GRN/Page_KDMC - CMS/a_12' is clicked on

2018-06-10 21:43:04 - [MESSAGE][PASSED] - Object: 'Object Repository/MOH AND GRN/Page_KDMC - CMS/a_12' is clicked on

2018-06-10 21:43:04 - [TEST_STEP][PASSED] - click: Object: 'Object Repository/MOH AND GRN/Page_KDMC - CMS/input_btnadd' is clicked on

2018-06-10 21:43:04 - [MESSAGE][PASSED] - Object: 'Object Repository/MOH AND GRN/Page_KDMC - CMS/input_btnadd' is clicked on

2018-06-10 21:43:04 - [TEST_STEP][PASSED] - Statement - If (s == 10): null

2018-06-10 21:43:04 - [TEST_STEP][PASSED] - Statement - Else: null

2018-06-10 21:43:04 - [TEST_STEP][PASSED] - Statement - (s++): null

2018-06-10 21:43:04 - [TEST_STEP][PASSED] - delay: Delayed 1 second(s)

2018-06-10 21:43:05 - [MESSAGE][PASSED] - Delayed 1 second(s)

2018-06-10 21:43:05 - [TEST_STEP][PASSED] - scrollToElement: Scroll to object 'Object Repository/MOH AND GRN/Page_KDMC - CMS/input_btnSubmit' successfully

2018-06-10 21:43:05 - [MESSAGE][PASSED] - Scroll to object 'Object Repository/MOH AND GRN/Page_KDMC - CMS/input_btnSubmit' successfully

2018-06-10 21:43:05 - [TEST_STEP][PASSED] - click: Object: 'Object Repository/MOH AND GRN/Page_KDMC - CMS/input_btnSubmit' is clicked on

2018-06-10 21:43:05 - [MESSAGE][PASSED] - Object: 'Object Repository/MOH AND GRN/Page_KDMC - CMS/input_btnSubmit' is clicked on

2018-06-10 21:43:05 - [TEST_STEP][PASSED] - delay: Delayed 3 second(s)

2018-06-10 21:43:08 - [MESSAGE][PASSED] - Delayed 3 second(s)

2018-06-10 21:43:08 - [TEST_STEP][PASSED] - click: Object: 'Object Repository/MOH AND GRN/Page_KDMC - CMS/button_OK' is clicked on

2018-06-10 21:43:09 - [MESSAGE][PASSED] - Object: 'Object Repository/MOH AND GRN/Page_KDMC - CMS/button_OK' is clicked on

2018-06-10 21:43:09 - [TEST_STEP][PASSED] - delay: Delayed 2 second(s)

2018-06-10 21:43:11 - [MESSAGE][PASSED] - Delayed 2 second(s)

2018-06-10 21:43:11 - [TEST_STEP][PASSED] - delay: Delayed 3 second(s)

2018-06-10 21:43:14 - [MESSAGE][PASSED] - Delayed 3 second(s)

2018-06-10 21:43:14 - [TEST_STEP][PASSED] - click: Object: 'Object Repository/MOH AND GRN/Page_KDMC - CMS/a_dropdown-toggle' is clicked on

2018-06-10 21:43:14 - [MESSAGE][PASSED] - Object: 'Object Repository/MOH AND GRN/Page_KDMC - CMS/a_dropdown-toggle' is clicked on

2018-06-10 21:43:14 - [TEST_STEP][PASSED] - click: Object: 'Object Repository/MOH AND GRN/Page_KDMC - CMS/a_Sign out' is clicked on

2018-06-10 21:43:14 - [MESSAGE][PASSED] - Object: 'Object Repository/MOH AND GRN/Page_KDMC - CMS/a_Sign out' is clicked on

2018-06-10 21:43:14 - [TEST_STEP][PASSED] - closeBrowser: Browser is closed

2018-06-10 21:43:15 - [MESSAGE][PASSED] - Browser is closed]]></system-out>
         <system-err><![CDATA[]]></system-err>
      </testcase>
      <testcase name="Test Cases/TEST/MOH REQUEST AND GRN/Moh Request GRN  Schedule 3" classname="Test Cases/TEST/MOH REQUEST AND GRN/Moh Request GRN  Schedule 3" status="PASSED">
         <system-out><![CDATA[2018-06-10 21:43:15 - [TEST_CASE][PASSED] - Test Cases/TEST/MOH REQUEST AND GRN/Moh Request GRN  Schedule 3: Test Cases/TEST/MOH REQUEST AND GRN/Moh Request GRN  Schedule 3

2018-06-10 21:43:15 - [TEST_STEP][PASSED] - openBrowser: Browser is opened with url: ''

2018-06-10 21:43:17 - [MESSAGE][PASSED] - Browser is opened with url: ''

2018-06-10 21:43:17 - [TEST_STEP][PASSED] - navigateToUrl: Navigate to 'http://192.168.137.1/multihospital_new/' successfully

2018-06-10 21:43:19 - [MESSAGE][PASSED] - Navigate to 'http://192.168.137.1/multihospital_new/' successfully

2018-06-10 21:43:19 - [TEST_STEP][PASSED] - maximizeWindow: Current window maximized

2018-06-10 21:43:20 - [MESSAGE][PASSED] - Current window maximized

2018-06-10 21:43:20 - [TEST_STEP][PASSED] - click: Object: 'Object Repository/MOH AND GRN/Page_KDMC/a_CMS' is clicked on

2018-06-10 21:43:21 - [MESSAGE][PASSED] - Object: 'Object Repository/MOH AND GRN/Page_KDMC/a_CMS' is clicked on

2018-06-10 21:43:21 - [TEST_STEP][PASSED] - setText: Text 'bala' is set on object 'Object Repository/MOH AND GRN/Page_CMS login/input_txtusername'

2018-06-10 21:43:21 - [MESSAGE][PASSED] - Text 'bala' is set on object 'Object Repository/MOH AND GRN/Page_CMS login/input_txtusername'

2018-06-10 21:43:21 - [TEST_STEP][PASSED] - setText: Text '123' is set on object 'Object Repository/MOH AND GRN/Page_CMS login/input_txtpassword'

2018-06-10 21:43:21 - [MESSAGE][PASSED] - Text '123' is set on object 'Object Repository/MOH AND GRN/Page_CMS login/input_txtpassword'

2018-06-10 21:43:21 - [TEST_STEP][PASSED] - delay: Delayed 3 second(s)

2018-06-10 21:43:24 - [MESSAGE][PASSED] - Delayed 3 second(s)

2018-06-10 21:43:24 - [TEST_STEP][PASSED] - click: Object: 'Object Repository/MOH AND GRN/Page_CMS login/button_Sign in' is clicked on

2018-06-10 21:43:25 - [MESSAGE][PASSED] - Object: 'Object Repository/MOH AND GRN/Page_CMS login/button_Sign in' is clicked on

2018-06-10 21:43:25 - [TEST_STEP][PASSED] - click: Object: 'Object Repository/MOH AND GRN/Page_KDMC - CMS/a_Request to MOH' is clicked on

2018-06-10 21:43:26 - [MESSAGE][PASSED] - Object: 'Object Repository/MOH AND GRN/Page_KDMC - CMS/a_Request to MOH' is clicked on

2018-06-10 21:43:26 - [TEST_STEP][PASSED] - selectOptionByIndex: All options with index in [2] are selected on object 'Object Repository/MOH AND GRN/Page_KDMC - CMS/select_--Select--'

2018-06-10 21:43:26 - [MESSAGE][PASSED] - All options with index in [2] are selected on object 'Object Repository/MOH AND GRN/Page_KDMC - CMS/select_--Select--'

2018-06-10 21:43:26 - [TEST_STEP][PASSED] - selectOptionByIndex: All options with index in [3] are selected on object 'Object Repository/MOH AND GRN/Page_KDMC - CMS/select_--Select--Schedule 1Inj'

2018-06-10 21:43:26 - [MESSAGE][PASSED] - All options with index in [3] are selected on object 'Object Repository/MOH AND GRN/Page_KDMC - CMS/select_--Select--Schedule 1Inj'

2018-06-10 21:43:26 - [TEST_STEP][PASSED] - Statement - selectedoptions = com.kms.katalon.core.webui.keyword.WebUiBuiltInKeywords.getNumberOfTotalOption(com.kms.katalon.core.testobject.ObjectRepository.findTestObject(MOH AND GRN/Page_KDMC - CMS/select_--Select--Adernaline 0.)): 37 options of object 'Object Repository/MOH AND GRN/Page_KDMC - CMS/select_--Select--Adernaline 0.' counted

2018-06-10 21:43:27 - [MESSAGE][PASSED] - 37 options of object 'Object Repository/MOH AND GRN/Page_KDMC - CMS/select_--Select--Adernaline 0.' counted

2018-06-10 21:43:27 - [TEST_STEP][PASSED] - Statement - For ([j = 1, j <= selectedoptions - 1, (j++)]): Object: 'Object Repository/MOH AND GRN/Page_KDMC - CMS/button_Add' is clicked on

2018-06-10 21:43:27 - [TEST_STEP][PASSED] - selectOptionByIndex: All options with index in [3] are selected on object 'Object Repository/MOH AND GRN/Page_KDMC - CMS/select_--Select--Schedule 1Inj'

2018-06-10 21:43:27 - [MESSAGE][PASSED] - All options with index in [3] are selected on object 'Object Repository/MOH AND GRN/Page_KDMC - CMS/select_--Select--Schedule 1Inj'

2018-06-10 21:43:27 - [TEST_STEP][PASSED] - selectOptionByIndex: All options with index in [1] are selected on object 'Object Repository/MOH AND GRN/Page_KDMC - CMS/select_--Select--Adernaline 0.'

2018-06-10 21:43:27 - [MESSAGE][PASSED] - All options with index in [1] are selected on object 'Object Repository/MOH AND GRN/Page_KDMC - CMS/select_--Select--Adernaline 0.'

2018-06-10 21:43:27 - [TEST_STEP][PASSED] - setText: Text '5000' is set on object 'Object Repository/MOH AND GRN/Page_KDMC - CMS/input_txttreat'

2018-06-10 21:43:27 - [MESSAGE][PASSED] - Text '5000' is set on object 'Object Repository/MOH AND GRN/Page_KDMC - CMS/input_txttreat'

2018-06-10 21:43:27 - [TEST_STEP][PASSED] - click: Object: 'Object Repository/MOH AND GRN/Page_KDMC - CMS/button_Add' is clicked on

2018-06-10 21:43:27 - [MESSAGE][PASSED] - Object: 'Object Repository/MOH AND GRN/Page_KDMC - CMS/button_Add' is clicked on

2018-06-10 21:43:27 - [TEST_STEP][PASSED] - selectOptionByIndex: All options with index in [3] are selected on object 'Object Repository/MOH AND GRN/Page_KDMC - CMS/select_--Select--Schedule 1Inj'

2018-06-10 21:43:27 - [MESSAGE][PASSED] - All options with index in [3] are selected on object 'Object Repository/MOH AND GRN/Page_KDMC - CMS/select_--Select--Schedule 1Inj'

2018-06-10 21:43:27 - [TEST_STEP][PASSED] - selectOptionByIndex: All options with index in [2] are selected on object 'Object Repository/MOH AND GRN/Page_KDMC - CMS/select_--Select--Adernaline 0.'

2018-06-10 21:43:27 - [MESSAGE][PASSED] - All options with index in [2] are selected on object 'Object Repository/MOH AND GRN/Page_KDMC - CMS/select_--Select--Adernaline 0.'

2018-06-10 21:43:27 - [TEST_STEP][PASSED] - setText: Text '5000' is set on object 'Object Repository/MOH AND GRN/Page_KDMC - CMS/input_txttreat'

2018-06-10 21:43:28 - [MESSAGE][PASSED] - Text '5000' is set on object 'Object Repository/MOH AND GRN/Page_KDMC - CMS/input_txttreat'

2018-06-10 21:43:28 - [TEST_STEP][PASSED] - click: Object: 'Object Repository/MOH AND GRN/Page_KDMC - CMS/button_Add' is clicked on

2018-06-10 21:43:28 - [MESSAGE][PASSED] - Object: 'Object Repository/MOH AND GRN/Page_KDMC - CMS/button_Add' is clicked on

2018-06-10 21:43:28 - [TEST_STEP][PASSED] - selectOptionByIndex: All options with index in [3] are selected on object 'Object Repository/MOH AND GRN/Page_KDMC - CMS/select_--Select--Schedule 1Inj'

2018-06-10 21:43:28 - [MESSAGE][PASSED] - All options with index in [3] are selected on object 'Object Repository/MOH AND GRN/Page_KDMC - CMS/select_--Select--Schedule 1Inj'

2018-06-10 21:43:28 - [TEST_STEP][PASSED] - selectOptionByIndex: All options with index in [3] are selected on object 'Object Repository/MOH AND GRN/Page_KDMC - CMS/select_--Select--Adernaline 0.'

2018-06-10 21:43:28 - [MESSAGE][PASSED] - All options with index in [3] are selected on object 'Object Repository/MOH AND GRN/Page_KDMC - CMS/select_--Select--Adernaline 0.'

2018-06-10 21:43:28 - [TEST_STEP][PASSED] - setText: Text '5000' is set on object 'Object Repository/MOH AND GRN/Page_KDMC - CMS/input_txttreat'

2018-06-10 21:43:28 - [MESSAGE][PASSED] - Text '5000' is set on object 'Object Repository/MOH AND GRN/Page_KDMC - CMS/input_txttreat'

2018-06-10 21:43:28 - [TEST_STEP][PASSED] - click: Object: 'Object Repository/MOH AND GRN/Page_KDMC - CMS/button_Add' is clicked on

2018-06-10 21:43:28 - [MESSAGE][PASSED] - Object: 'Object Repository/MOH AND GRN/Page_KDMC - CMS/button_Add' is clicked on

2018-06-10 21:43:28 - [TEST_STEP][PASSED] - selectOptionByIndex: All options with index in [3] are selected on object 'Object Repository/MOH AND GRN/Page_KDMC - CMS/select_--Select--Schedule 1Inj'

2018-06-10 21:43:28 - [MESSAGE][PASSED] - All options with index in [3] are selected on object 'Object Repository/MOH AND GRN/Page_KDMC - CMS/select_--Select--Schedule 1Inj'

2018-06-10 21:43:28 - [TEST_STEP][PASSED] - selectOptionByIndex: All options with index in [4] are selected on object 'Object Repository/MOH AND GRN/Page_KDMC - CMS/select_--Select--Adernaline 0.'

2018-06-10 21:43:28 - [MESSAGE][PASSED] - All options with index in [4] are selected on object 'Object Repository/MOH AND GRN/Page_KDMC - CMS/select_--Select--Adernaline 0.'

2018-06-10 21:43:28 - [TEST_STEP][PASSED] - setText: Text '5000' is set on object 'Object Repository/MOH AND GRN/Page_KDMC - CMS/input_txttreat'

2018-06-10 21:43:28 - [MESSAGE][PASSED] - Text '5000' is set on object 'Object Repository/MOH AND GRN/Page_KDMC - CMS/input_txttreat'

2018-06-10 21:43:28 - [TEST_STEP][PASSED] - click: Object: 'Object Repository/MOH AND GRN/Page_KDMC - CMS/button_Add' is clicked on

2018-06-10 21:43:28 - [MESSAGE][PASSED] - Object: 'Object Repository/MOH AND GRN/Page_KDMC - CMS/button_Add' is clicked on

2018-06-10 21:43:28 - [TEST_STEP][PASSED] - selectOptionByIndex: All options with index in [3] are selected on object 'Object Repository/MOH AND GRN/Page_KDMC - CMS/select_--Select--Schedule 1Inj'

2018-06-10 21:43:29 - [MESSAGE][PASSED] - All options with index in [3] are selected on object 'Object Repository/MOH AND GRN/Page_KDMC - CMS/select_--Select--Schedule 1Inj'

2018-06-10 21:43:29 - [TEST_STEP][PASSED] - selectOptionByIndex: All options with index in [5] are selected on object 'Object Repository/MOH AND GRN/Page_KDMC - CMS/select_--Select--Adernaline 0.'

2018-06-10 21:43:29 - [MESSAGE][PASSED] - All options with index in [5] are selected on object 'Object Repository/MOH AND GRN/Page_KDMC - CMS/select_--Select--Adernaline 0.'

2018-06-10 21:43:29 - [TEST_STEP][PASSED] - setText: Text '5000' is set on object 'Object Repository/MOH AND GRN/Page_KDMC - CMS/input_txttreat'

2018-06-10 21:43:29 - [MESSAGE][PASSED] - Text '5000' is set on object 'Object Repository/MOH AND GRN/Page_KDMC - CMS/input_txttreat'

2018-06-10 21:43:29 - [TEST_STEP][PASSED] - click: Object: 'Object Repository/MOH AND GRN/Page_KDMC - CMS/button_Add' is clicked on

2018-06-10 21:43:29 - [MESSAGE][PASSED] - Object: 'Object Repository/MOH AND GRN/Page_KDMC - CMS/button_Add' is clicked on

2018-06-10 21:43:29 - [TEST_STEP][PASSED] - selectOptionByIndex: All options with index in [3] are selected on object 'Object Repository/MOH AND GRN/Page_KDMC - CMS/select_--Select--Schedule 1Inj'

2018-06-10 21:43:29 - [MESSAGE][PASSED] - All options with index in [3] are selected on object 'Object Repository/MOH AND GRN/Page_KDMC - CMS/select_--Select--Schedule 1Inj'

2018-06-10 21:43:29 - [TEST_STEP][PASSED] - selectOptionByIndex: All options with index in [6] are selected on object 'Object Repository/MOH AND GRN/Page_KDMC - CMS/select_--Select--Adernaline 0.'

2018-06-10 21:43:29 - [MESSAGE][PASSED] - All options with index in [6] are selected on object 'Object Repository/MOH AND GRN/Page_KDMC - CMS/select_--Select--Adernaline 0.'

2018-06-10 21:43:29 - [TEST_STEP][PASSED] - setText: Text '5000' is set on object 'Object Repository/MOH AND GRN/Page_KDMC - CMS/input_txttreat'

2018-06-10 21:43:29 - [MESSAGE][PASSED] - Text '5000' is set on object 'Object Repository/MOH AND GRN/Page_KDMC - CMS/input_txttreat'

2018-06-10 21:43:29 - [TEST_STEP][PASSED] - click: Object: 'Object Repository/MOH AND GRN/Page_KDMC - CMS/button_Add' is clicked on

2018-06-10 21:43:29 - [MESSAGE][PASSED] - Object: 'Object Repository/MOH AND GRN/Page_KDMC - CMS/button_Add' is clicked on

2018-06-10 21:43:29 - [TEST_STEP][PASSED] - selectOptionByIndex: All options with index in [3] are selected on object 'Object Repository/MOH AND GRN/Page_KDMC - CMS/select_--Select--Schedule 1Inj'

2018-06-10 21:43:30 - [MESSAGE][PASSED] - All options with index in [3] are selected on object 'Object Repository/MOH AND GRN/Page_KDMC - CMS/select_--Select--Schedule 1Inj'

2018-06-10 21:43:30 - [TEST_STEP][PASSED] - selectOptionByIndex: All options with index in [7] are selected on object 'Object Repository/MOH AND GRN/Page_KDMC - CMS/select_--Select--Adernaline 0.'

2018-06-10 21:43:30 - [MESSAGE][PASSED] - All options with index in [7] are selected on object 'Object Repository/MOH AND GRN/Page_KDMC - CMS/select_--Select--Adernaline 0.'

2018-06-10 21:43:30 - [TEST_STEP][PASSED] - setText: Text '5000' is set on object 'Object Repository/MOH AND GRN/Page_KDMC - CMS/input_txttreat'

2018-06-10 21:43:30 - [MESSAGE][PASSED] - Text '5000' is set on object 'Object Repository/MOH AND GRN/Page_KDMC - CMS/input_txttreat'

2018-06-10 21:43:30 - [TEST_STEP][PASSED] - click: Object: 'Object Repository/MOH AND GRN/Page_KDMC - CMS/button_Add' is clicked on

2018-06-10 21:43:30 - [MESSAGE][PASSED] - Object: 'Object Repository/MOH AND GRN/Page_KDMC - CMS/button_Add' is clicked on

2018-06-10 21:43:30 - [TEST_STEP][PASSED] - selectOptionByIndex: All options with index in [3] are selected on object 'Object Repository/MOH AND GRN/Page_KDMC - CMS/select_--Select--Schedule 1Inj'

2018-06-10 21:43:30 - [MESSAGE][PASSED] - All options with index in [3] are selected on object 'Object Repository/MOH AND GRN/Page_KDMC - CMS/select_--Select--Schedule 1Inj'

2018-06-10 21:43:30 - [TEST_STEP][PASSED] - selectOptionByIndex: All options with index in [8] are selected on object 'Object Repository/MOH AND GRN/Page_KDMC - CMS/select_--Select--Adernaline 0.'

2018-06-10 21:43:30 - [MESSAGE][PASSED] - All options with index in [8] are selected on object 'Object Repository/MOH AND GRN/Page_KDMC - CMS/select_--Select--Adernaline 0.'

2018-06-10 21:43:30 - [TEST_STEP][PASSED] - setText: Text '5000' is set on object 'Object Repository/MOH AND GRN/Page_KDMC - CMS/input_txttreat'

2018-06-10 21:43:30 - [MESSAGE][PASSED] - Text '5000' is set on object 'Object Repository/MOH AND GRN/Page_KDMC - CMS/input_txttreat'

2018-06-10 21:43:30 - [TEST_STEP][PASSED] - click: Object: 'Object Repository/MOH AND GRN/Page_KDMC - CMS/button_Add' is clicked on

2018-06-10 21:43:30 - [MESSAGE][PASSED] - Object: 'Object Repository/MOH AND GRN/Page_KDMC - CMS/button_Add' is clicked on

2018-06-10 21:43:30 - [TEST_STEP][PASSED] - selectOptionByIndex: All options with index in [3] are selected on object 'Object Repository/MOH AND GRN/Page_KDMC - CMS/select_--Select--Schedule 1Inj'

2018-06-10 21:43:30 - [MESSAGE][PASSED] - All options with index in [3] are selected on object 'Object Repository/MOH AND GRN/Page_KDMC - CMS/select_--Select--Schedule 1Inj'

2018-06-10 21:43:30 - [TEST_STEP][PASSED] - selectOptionByIndex: All options with index in [9] are selected on object 'Object Repository/MOH AND GRN/Page_KDMC - CMS/select_--Select--Adernaline 0.'

2018-06-10 21:43:31 - [MESSAGE][PASSED] - All options with index in [9] are selected on object 'Object Repository/MOH AND GRN/Page_KDMC - CMS/select_--Select--Adernaline 0.'

2018-06-10 21:43:31 - [TEST_STEP][PASSED] - setText: Text '5000' is set on object 'Object Repository/MOH AND GRN/Page_KDMC - CMS/input_txttreat'

2018-06-10 21:43:31 - [MESSAGE][PASSED] - Text '5000' is set on object 'Object Repository/MOH AND GRN/Page_KDMC - CMS/input_txttreat'

2018-06-10 21:43:31 - [TEST_STEP][PASSED] - click: Object: 'Object Repository/MOH AND GRN/Page_KDMC - CMS/button_Add' is clicked on

2018-06-10 21:43:31 - [MESSAGE][PASSED] - Object: 'Object Repository/MOH AND GRN/Page_KDMC - CMS/button_Add' is clicked on

2018-06-10 21:43:31 - [TEST_STEP][PASSED] - selectOptionByIndex: All options with index in [3] are selected on object 'Object Repository/MOH AND GRN/Page_KDMC - CMS/select_--Select--Schedule 1Inj'

2018-06-10 21:43:31 - [MESSAGE][PASSED] - All options with index in [3] are selected on object 'Object Repository/MOH AND GRN/Page_KDMC - CMS/select_--Select--Schedule 1Inj'

2018-06-10 21:43:31 - [TEST_STEP][PASSED] - selectOptionByIndex: All options with index in [10] are selected on object 'Object Repository/MOH AND GRN/Page_KDMC - CMS/select_--Select--Adernaline 0.'

2018-06-10 21:43:31 - [MESSAGE][PASSED] - All options with index in [10] are selected on object 'Object Repository/MOH AND GRN/Page_KDMC - CMS/select_--Select--Adernaline 0.'

2018-06-10 21:43:31 - [TEST_STEP][PASSED] - setText: Text '5000' is set on object 'Object Repository/MOH AND GRN/Page_KDMC - CMS/input_txttreat'

2018-06-10 21:43:31 - [MESSAGE][PASSED] - Text '5000' is set on object 'Object Repository/MOH AND GRN/Page_KDMC - CMS/input_txttreat'

2018-06-10 21:43:31 - [TEST_STEP][PASSED] - click: Object: 'Object Repository/MOH AND GRN/Page_KDMC - CMS/button_Add' is clicked on

2018-06-10 21:43:31 - [MESSAGE][PASSED] - Object: 'Object Repository/MOH AND GRN/Page_KDMC - CMS/button_Add' is clicked on

2018-06-10 21:43:31 - [TEST_STEP][PASSED] - selectOptionByIndex: All options with index in [3] are selected on object 'Object Repository/MOH AND GRN/Page_KDMC - CMS/select_--Select--Schedule 1Inj'

2018-06-10 21:43:31 - [MESSAGE][PASSED] - All options with index in [3] are selected on object 'Object Repository/MOH AND GRN/Page_KDMC - CMS/select_--Select--Schedule 1Inj'

2018-06-10 21:43:31 - [TEST_STEP][PASSED] - selectOptionByIndex: All options with index in [11] are selected on object 'Object Repository/MOH AND GRN/Page_KDMC - CMS/select_--Select--Adernaline 0.'

2018-06-10 21:43:32 - [MESSAGE][PASSED] - All options with index in [11] are selected on object 'Object Repository/MOH AND GRN/Page_KDMC - CMS/select_--Select--Adernaline 0.'

2018-06-10 21:43:32 - [TEST_STEP][PASSED] - setText: Text '5000' is set on object 'Object Repository/MOH AND GRN/Page_KDMC - CMS/input_txttreat'

2018-06-10 21:43:32 - [MESSAGE][PASSED] - Text '5000' is set on object 'Object Repository/MOH AND GRN/Page_KDMC - CMS/input_txttreat'

2018-06-10 21:43:32 - [TEST_STEP][PASSED] - click: Object: 'Object Repository/MOH AND GRN/Page_KDMC - CMS/button_Add' is clicked on

2018-06-10 21:43:32 - [MESSAGE][PASSED] - Object: 'Object Repository/MOH AND GRN/Page_KDMC - CMS/button_Add' is clicked on

2018-06-10 21:43:32 - [TEST_STEP][PASSED] - selectOptionByIndex: All options with index in [3] are selected on object 'Object Repository/MOH AND GRN/Page_KDMC - CMS/select_--Select--Schedule 1Inj'

2018-06-10 21:43:32 - [MESSAGE][PASSED] - All options with index in [3] are selected on object 'Object Repository/MOH AND GRN/Page_KDMC - CMS/select_--Select--Schedule 1Inj'

2018-06-10 21:43:32 - [TEST_STEP][PASSED] - selectOptionByIndex: All options with index in [12] are selected on object 'Object Repository/MOH AND GRN/Page_KDMC - CMS/select_--Select--Adernaline 0.'

2018-06-10 21:43:32 - [MESSAGE][PASSED] - All options with index in [12] are selected on object 'Object Repository/MOH AND GRN/Page_KDMC - CMS/select_--Select--Adernaline 0.'

2018-06-10 21:43:32 - [TEST_STEP][PASSED] - setText: Text '5000' is set on object 'Object Repository/MOH AND GRN/Page_KDMC - CMS/input_txttreat'

2018-06-10 21:43:32 - [MESSAGE][PASSED] - Text '5000' is set on object 'Object Repository/MOH AND GRN/Page_KDMC - CMS/input_txttreat'

2018-06-10 21:43:32 - [TEST_STEP][PASSED] - click: Object: 'Object Repository/MOH AND GRN/Page_KDMC - CMS/button_Add' is clicked on

2018-06-10 21:43:32 - [MESSAGE][PASSED] - Object: 'Object Repository/MOH AND GRN/Page_KDMC - CMS/button_Add' is clicked on

2018-06-10 21:43:32 - [TEST_STEP][PASSED] - selectOptionByIndex: All options with index in [3] are selected on object 'Object Repository/MOH AND GRN/Page_KDMC - CMS/select_--Select--Schedule 1Inj'

2018-06-10 21:43:33 - [MESSAGE][PASSED] - All options with index in [3] are selected on object 'Object Repository/MOH AND GRN/Page_KDMC - CMS/select_--Select--Schedule 1Inj'

2018-06-10 21:43:33 - [TEST_STEP][PASSED] - selectOptionByIndex: All options with index in [13] are selected on object 'Object Repository/MOH AND GRN/Page_KDMC - CMS/select_--Select--Adernaline 0.'

2018-06-10 21:43:33 - [MESSAGE][PASSED] - All options with index in [13] are selected on object 'Object Repository/MOH AND GRN/Page_KDMC - CMS/select_--Select--Adernaline 0.'

2018-06-10 21:43:33 - [TEST_STEP][PASSED] - setText: Text '5000' is set on object 'Object Repository/MOH AND GRN/Page_KDMC - CMS/input_txttreat'

2018-06-10 21:43:33 - [MESSAGE][PASSED] - Text '5000' is set on object 'Object Repository/MOH AND GRN/Page_KDMC - CMS/input_txttreat'

2018-06-10 21:43:33 - [TEST_STEP][PASSED] - click: Object: 'Object Repository/MOH AND GRN/Page_KDMC - CMS/button_Add' is clicked on

2018-06-10 21:43:33 - [MESSAGE][PASSED] - Object: 'Object Repository/MOH AND GRN/Page_KDMC - CMS/button_Add' is clicked on

2018-06-10 21:43:33 - [TEST_STEP][PASSED] - selectOptionByIndex: All options with index in [3] are selected on object 'Object Repository/MOH AND GRN/Page_KDMC - CMS/select_--Select--Schedule 1Inj'

2018-06-10 21:43:33 - [MESSAGE][PASSED] - All options with index in [3] are selected on object 'Object Repository/MOH AND GRN/Page_KDMC - CMS/select_--Select--Schedule 1Inj'

2018-06-10 21:43:33 - [TEST_STEP][PASSED] - selectOptionByIndex: All options with index in [14] are selected on object 'Object Repository/MOH AND GRN/Page_KDMC - CMS/select_--Select--Adernaline 0.'

2018-06-10 21:43:33 - [MESSAGE][PASSED] - All options with index in [14] are selected on object 'Object Repository/MOH AND GRN/Page_KDMC - CMS/select_--Select--Adernaline 0.'

2018-06-10 21:43:33 - [TEST_STEP][PASSED] - setText: Text '5000' is set on object 'Object Repository/MOH AND GRN/Page_KDMC - CMS/input_txttreat'

2018-06-10 21:43:33 - [MESSAGE][PASSED] - Text '5000' is set on object 'Object Repository/MOH AND GRN/Page_KDMC - CMS/input_txttreat'

2018-06-10 21:43:33 - [TEST_STEP][PASSED] - click: Object: 'Object Repository/MOH AND GRN/Page_KDMC - CMS/button_Add' is clicked on

2018-06-10 21:43:33 - [MESSAGE][PASSED] - Object: 'Object Repository/MOH AND GRN/Page_KDMC - CMS/button_Add' is clicked on

2018-06-10 21:43:33 - [TEST_STEP][PASSED] - selectOptionByIndex: All options with index in [3] are selected on object 'Object Repository/MOH AND GRN/Page_KDMC - CMS/select_--Select--Schedule 1Inj'

2018-06-10 21:43:34 - [MESSAGE][PASSED] - All options with index in [3] are selected on object 'Object Repository/MOH AND GRN/Page_KDMC - CMS/select_--Select--Schedule 1Inj'

2018-06-10 21:43:34 - [TEST_STEP][PASSED] - selectOptionByIndex: All options with index in [15] are selected on object 'Object Repository/MOH AND GRN/Page_KDMC - CMS/select_--Select--Adernaline 0.'

2018-06-10 21:43:34 - [MESSAGE][PASSED] - All options with index in [15] are selected on object 'Object Repository/MOH AND GRN/Page_KDMC - CMS/select_--Select--Adernaline 0.'

2018-06-10 21:43:34 - [TEST_STEP][PASSED] - setText: Text '5000' is set on object 'Object Repository/MOH AND GRN/Page_KDMC - CMS/input_txttreat'

2018-06-10 21:43:34 - [MESSAGE][PASSED] - Text '5000' is set on object 'Object Repository/MOH AND GRN/Page_KDMC - CMS/input_txttreat'

2018-06-10 21:43:34 - [TEST_STEP][PASSED] - click: Object: 'Object Repository/MOH AND GRN/Page_KDMC - CMS/button_Add' is clicked on

2018-06-10 21:43:34 - [MESSAGE][PASSED] - Object: 'Object Repository/MOH AND GRN/Page_KDMC - CMS/button_Add' is clicked on

2018-06-10 21:43:34 - [TEST_STEP][PASSED] - selectOptionByIndex: All options with index in [3] are selected on object 'Object Repository/MOH AND GRN/Page_KDMC - CMS/select_--Select--Schedule 1Inj'

2018-06-10 21:43:34 - [MESSAGE][PASSED] - All options with index in [3] are selected on object 'Object Repository/MOH AND GRN/Page_KDMC - CMS/select_--Select--Schedule 1Inj'

2018-06-10 21:43:34 - [TEST_STEP][PASSED] - selectOptionByIndex: All options with index in [16] are selected on object 'Object Repository/MOH AND GRN/Page_KDMC - CMS/select_--Select--Adernaline 0.'

2018-06-10 21:43:34 - [MESSAGE][PASSED] - All options with index in [16] are selected on object 'Object Repository/MOH AND GRN/Page_KDMC - CMS/select_--Select--Adernaline 0.'

2018-06-10 21:43:34 - [TEST_STEP][PASSED] - setText: Text '5000' is set on object 'Object Repository/MOH AND GRN/Page_KDMC - CMS/input_txttreat'

2018-06-10 21:43:35 - [MESSAGE][PASSED] - Text '5000' is set on object 'Object Repository/MOH AND GRN/Page_KDMC - CMS/input_txttreat'

2018-06-10 21:43:35 - [TEST_STEP][PASSED] - click: Object: 'Object Repository/MOH AND GRN/Page_KDMC - CMS/button_Add' is clicked on

2018-06-10 21:43:35 - [MESSAGE][PASSED] - Object: 'Object Repository/MOH AND GRN/Page_KDMC - CMS/button_Add' is clicked on

2018-06-10 21:43:35 - [TEST_STEP][PASSED] - selectOptionByIndex: All options with index in [3] are selected on object 'Object Repository/MOH AND GRN/Page_KDMC - CMS/select_--Select--Schedule 1Inj'

2018-06-10 21:43:35 - [MESSAGE][PASSED] - All options with index in [3] are selected on object 'Object Repository/MOH AND GRN/Page_KDMC - CMS/select_--Select--Schedule 1Inj'

2018-06-10 21:43:35 - [TEST_STEP][PASSED] - selectOptionByIndex: All options with index in [17] are selected on object 'Object Repository/MOH AND GRN/Page_KDMC - CMS/select_--Select--Adernaline 0.'

2018-06-10 21:43:35 - [MESSAGE][PASSED] - All options with index in [17] are selected on object 'Object Repository/MOH AND GRN/Page_KDMC - CMS/select_--Select--Adernaline 0.'

2018-06-10 21:43:35 - [TEST_STEP][PASSED] - setText: Text '5000' is set on object 'Object Repository/MOH AND GRN/Page_KDMC - CMS/input_txttreat'

2018-06-10 21:43:35 - [MESSAGE][PASSED] - Text '5000' is set on object 'Object Repository/MOH AND GRN/Page_KDMC - CMS/input_txttreat'

2018-06-10 21:43:35 - [TEST_STEP][PASSED] - click: Object: 'Object Repository/MOH AND GRN/Page_KDMC - CMS/button_Add' is clicked on

2018-06-10 21:43:35 - [MESSAGE][PASSED] - Object: 'Object Repository/MOH AND GRN/Page_KDMC - CMS/button_Add' is clicked on

2018-06-10 21:43:35 - [TEST_STEP][PASSED] - selectOptionByIndex: All options with index in [3] are selected on object 'Object Repository/MOH AND GRN/Page_KDMC - CMS/select_--Select--Schedule 1Inj'

2018-06-10 21:43:35 - [MESSAGE][PASSED] - All options with index in [3] are selected on object 'Object Repository/MOH AND GRN/Page_KDMC - CMS/select_--Select--Schedule 1Inj'

2018-06-10 21:43:35 - [TEST_STEP][PASSED] - selectOptionByIndex: All options with index in [18] are selected on object 'Object Repository/MOH AND GRN/Page_KDMC - CMS/select_--Select--Adernaline 0.'

2018-06-10 21:43:36 - [MESSAGE][PASSED] - All options with index in [18] are selected on object 'Object Repository/MOH AND GRN/Page_KDMC - CMS/select_--Select--Adernaline 0.'

2018-06-10 21:43:36 - [TEST_STEP][PASSED] - setText: Text '5000' is set on object 'Object Repository/MOH AND GRN/Page_KDMC - CMS/input_txttreat'

2018-06-10 21:43:36 - [MESSAGE][PASSED] - Text '5000' is set on object 'Object Repository/MOH AND GRN/Page_KDMC - CMS/input_txttreat'

2018-06-10 21:43:36 - [TEST_STEP][PASSED] - click: Object: 'Object Repository/MOH AND GRN/Page_KDMC - CMS/button_Add' is clicked on

2018-06-10 21:43:36 - [MESSAGE][PASSED] - Object: 'Object Repository/MOH AND GRN/Page_KDMC - CMS/button_Add' is clicked on

2018-06-10 21:43:36 - [TEST_STEP][PASSED] - selectOptionByIndex: All options with index in [3] are selected on object 'Object Repository/MOH AND GRN/Page_KDMC - CMS/select_--Select--Schedule 1Inj'

2018-06-10 21:43:36 - [MESSAGE][PASSED] - All options with index in [3] are selected on object 'Object Repository/MOH AND GRN/Page_KDMC - CMS/select_--Select--Schedule 1Inj'

2018-06-10 21:43:36 - [TEST_STEP][PASSED] - selectOptionByIndex: All options with index in [19] are selected on object 'Object Repository/MOH AND GRN/Page_KDMC - CMS/select_--Select--Adernaline 0.'

2018-06-10 21:43:36 - [MESSAGE][PASSED] - All options with index in [19] are selected on object 'Object Repository/MOH AND GRN/Page_KDMC - CMS/select_--Select--Adernaline 0.'

2018-06-10 21:43:36 - [TEST_STEP][PASSED] - setText: Text '5000' is set on object 'Object Repository/MOH AND GRN/Page_KDMC - CMS/input_txttreat'

2018-06-10 21:43:36 - [MESSAGE][PASSED] - Text '5000' is set on object 'Object Repository/MOH AND GRN/Page_KDMC - CMS/input_txttreat'

2018-06-10 21:43:36 - [TEST_STEP][PASSED] - click: Object: 'Object Repository/MOH AND GRN/Page_KDMC - CMS/button_Add' is clicked on

2018-06-10 21:43:36 - [MESSAGE][PASSED] - Object: 'Object Repository/MOH AND GRN/Page_KDMC - CMS/button_Add' is clicked on

2018-06-10 21:43:36 - [TEST_STEP][PASSED] - selectOptionByIndex: All options with index in [3] are selected on object 'Object Repository/MOH AND GRN/Page_KDMC - CMS/select_--Select--Schedule 1Inj'

2018-06-10 21:43:36 - [MESSAGE][PASSED] - All options with index in [3] are selected on object 'Object Repository/MOH AND GRN/Page_KDMC - CMS/select_--Select--Schedule 1Inj'

2018-06-10 21:43:36 - [TEST_STEP][PASSED] - selectOptionByIndex: All options with index in [20] are selected on object 'Object Repository/MOH AND GRN/Page_KDMC - CMS/select_--Select--Adernaline 0.'

2018-06-10 21:43:37 - [MESSAGE][PASSED] - All options with index in [20] are selected on object 'Object Repository/MOH AND GRN/Page_KDMC - CMS/select_--Select--Adernaline 0.'

2018-06-10 21:43:37 - [TEST_STEP][PASSED] - setText: Text '5000' is set on object 'Object Repository/MOH AND GRN/Page_KDMC - CMS/input_txttreat'

2018-06-10 21:43:37 - [MESSAGE][PASSED] - Text '5000' is set on object 'Object Repository/MOH AND GRN/Page_KDMC - CMS/input_txttreat'

2018-06-10 21:43:37 - [TEST_STEP][PASSED] - click: Object: 'Object Repository/MOH AND GRN/Page_KDMC - CMS/button_Add' is clicked on

2018-06-10 21:43:37 - [MESSAGE][PASSED] - Object: 'Object Repository/MOH AND GRN/Page_KDMC - CMS/button_Add' is clicked on

2018-06-10 21:43:37 - [TEST_STEP][PASSED] - selectOptionByIndex: All options with index in [3] are selected on object 'Object Repository/MOH AND GRN/Page_KDMC - CMS/select_--Select--Schedule 1Inj'

2018-06-10 21:43:37 - [MESSAGE][PASSED] - All options with index in [3] are selected on object 'Object Repository/MOH AND GRN/Page_KDMC - CMS/select_--Select--Schedule 1Inj'

2018-06-10 21:43:37 - [TEST_STEP][PASSED] - selectOptionByIndex: All options with index in [21] are selected on object 'Object Repository/MOH AND GRN/Page_KDMC - CMS/select_--Select--Adernaline 0.'

2018-06-10 21:43:37 - [MESSAGE][PASSED] - All options with index in [21] are selected on object 'Object Repository/MOH AND GRN/Page_KDMC - CMS/select_--Select--Adernaline 0.'

2018-06-10 21:43:37 - [TEST_STEP][PASSED] - setText: Text '5000' is set on object 'Object Repository/MOH AND GRN/Page_KDMC - CMS/input_txttreat'

2018-06-10 21:43:38 - [MESSAGE][PASSED] - Text '5000' is set on object 'Object Repository/MOH AND GRN/Page_KDMC - CMS/input_txttreat'

2018-06-10 21:43:38 - [TEST_STEP][PASSED] - click: Object: 'Object Repository/MOH AND GRN/Page_KDMC - CMS/button_Add' is clicked on

2018-06-10 21:43:38 - [MESSAGE][PASSED] - Object: 'Object Repository/MOH AND GRN/Page_KDMC - CMS/button_Add' is clicked on

2018-06-10 21:43:38 - [TEST_STEP][PASSED] - selectOptionByIndex: All options with index in [3] are selected on object 'Object Repository/MOH AND GRN/Page_KDMC - CMS/select_--Select--Schedule 1Inj'

2018-06-10 21:43:38 - [MESSAGE][PASSED] - All options with index in [3] are selected on object 'Object Repository/MOH AND GRN/Page_KDMC - CMS/select_--Select--Schedule 1Inj'

2018-06-10 21:43:38 - [TEST_STEP][PASSED] - selectOptionByIndex: All options with index in [22] are selected on object 'Object Repository/MOH AND GRN/Page_KDMC - CMS/select_--Select--Adernaline 0.'

2018-06-10 21:43:38 - [MESSAGE][PASSED] - All options with index in [22] are selected on object 'Object Repository/MOH AND GRN/Page_KDMC - CMS/select_--Select--Adernaline 0.'

2018-06-10 21:43:38 - [TEST_STEP][PASSED] - setText: Text '5000' is set on object 'Object Repository/MOH AND GRN/Page_KDMC - CMS/input_txttreat'

2018-06-10 21:43:38 - [MESSAGE][PASSED] - Text '5000' is set on object 'Object Repository/MOH AND GRN/Page_KDMC - CMS/input_txttreat'

2018-06-10 21:43:38 - [TEST_STEP][PASSED] - click: Object: 'Object Repository/MOH AND GRN/Page_KDMC - CMS/button_Add' is clicked on

2018-06-10 21:43:38 - [MESSAGE][PASSED] - Object: 'Object Repository/MOH AND GRN/Page_KDMC - CMS/button_Add' is clicked on

2018-06-10 21:43:38 - [TEST_STEP][PASSED] - selectOptionByIndex: All options with index in [3] are selected on object 'Object Repository/MOH AND GRN/Page_KDMC - CMS/select_--Select--Schedule 1Inj'

2018-06-10 21:43:38 - [MESSAGE][PASSED] - All options with index in [3] are selected on object 'Object Repository/MOH AND GRN/Page_KDMC - CMS/select_--Select--Schedule 1Inj'

2018-06-10 21:43:38 - [TEST_STEP][PASSED] - selectOptionByIndex: All options with index in [23] are selected on object 'Object Repository/MOH AND GRN/Page_KDMC - CMS/select_--Select--Adernaline 0.'

2018-06-10 21:43:39 - [MESSAGE][PASSED] - All options with index in [23] are selected on object 'Object Repository/MOH AND GRN/Page_KDMC - CMS/select_--Select--Adernaline 0.'

2018-06-10 21:43:39 - [TEST_STEP][PASSED] - setText: Text '5000' is set on object 'Object Repository/MOH AND GRN/Page_KDMC - CMS/input_txttreat'

2018-06-10 21:43:39 - [MESSAGE][PASSED] - Text '5000' is set on object 'Object Repository/MOH AND GRN/Page_KDMC - CMS/input_txttreat'

2018-06-10 21:43:39 - [TEST_STEP][PASSED] - click: Object: 'Object Repository/MOH AND GRN/Page_KDMC - CMS/button_Add' is clicked on

2018-06-10 21:43:39 - [MESSAGE][PASSED] - Object: 'Object Repository/MOH AND GRN/Page_KDMC - CMS/button_Add' is clicked on

2018-06-10 21:43:39 - [TEST_STEP][PASSED] - selectOptionByIndex: All options with index in [3] are selected on object 'Object Repository/MOH AND GRN/Page_KDMC - CMS/select_--Select--Schedule 1Inj'

2018-06-10 21:43:39 - [MESSAGE][PASSED] - All options with index in [3] are selected on object 'Object Repository/MOH AND GRN/Page_KDMC - CMS/select_--Select--Schedule 1Inj'

2018-06-10 21:43:39 - [TEST_STEP][PASSED] - selectOptionByIndex: All options with index in [24] are selected on object 'Object Repository/MOH AND GRN/Page_KDMC - CMS/select_--Select--Adernaline 0.'

2018-06-10 21:43:39 - [MESSAGE][PASSED] - All options with index in [24] are selected on object 'Object Repository/MOH AND GRN/Page_KDMC - CMS/select_--Select--Adernaline 0.'

2018-06-10 21:43:39 - [TEST_STEP][PASSED] - setText: Text '5000' is set on object 'Object Repository/MOH AND GRN/Page_KDMC - CMS/input_txttreat'

2018-06-10 21:43:39 - [MESSAGE][PASSED] - Text '5000' is set on object 'Object Repository/MOH AND GRN/Page_KDMC - CMS/input_txttreat'

2018-06-10 21:43:39 - [TEST_STEP][PASSED] - click: Object: 'Object Repository/MOH AND GRN/Page_KDMC - CMS/button_Add' is clicked on

2018-06-10 21:43:40 - [MESSAGE][PASSED] - Object: 'Object Repository/MOH AND GRN/Page_KDMC - CMS/button_Add' is clicked on

2018-06-10 21:43:40 - [TEST_STEP][PASSED] - selectOptionByIndex: All options with index in [3] are selected on object 'Object Repository/MOH AND GRN/Page_KDMC - CMS/select_--Select--Schedule 1Inj'

2018-06-10 21:43:40 - [MESSAGE][PASSED] - All options with index in [3] are selected on object 'Object Repository/MOH AND GRN/Page_KDMC - CMS/select_--Select--Schedule 1Inj'

2018-06-10 21:43:40 - [TEST_STEP][PASSED] - selectOptionByIndex: All options with index in [25] are selected on object 'Object Repository/MOH AND GRN/Page_KDMC - CMS/select_--Select--Adernaline 0.'

2018-06-10 21:43:40 - [MESSAGE][PASSED] - All options with index in [25] are selected on object 'Object Repository/MOH AND GRN/Page_KDMC - CMS/select_--Select--Adernaline 0.'

2018-06-10 21:43:40 - [TEST_STEP][PASSED] - setText: Text '5000' is set on object 'Object Repository/MOH AND GRN/Page_KDMC - CMS/input_txttreat'

2018-06-10 21:43:40 - [MESSAGE][PASSED] - Text '5000' is set on object 'Object Repository/MOH AND GRN/Page_KDMC - CMS/input_txttreat'

2018-06-10 21:43:40 - [TEST_STEP][PASSED] - click: Object: 'Object Repository/MOH AND GRN/Page_KDMC - CMS/button_Add' is clicked on

2018-06-10 21:43:40 - [MESSAGE][PASSED] - Object: 'Object Repository/MOH AND GRN/Page_KDMC - CMS/button_Add' is clicked on

2018-06-10 21:43:40 - [TEST_STEP][PASSED] - selectOptionByIndex: All options with index in [3] are selected on object 'Object Repository/MOH AND GRN/Page_KDMC - CMS/select_--Select--Schedule 1Inj'

2018-06-10 21:43:40 - [MESSAGE][PASSED] - All options with index in [3] are selected on object 'Object Repository/MOH AND GRN/Page_KDMC - CMS/select_--Select--Schedule 1Inj'

2018-06-10 21:43:40 - [TEST_STEP][PASSED] - selectOptionByIndex: All options with index in [26] are selected on object 'Object Repository/MOH AND GRN/Page_KDMC - CMS/select_--Select--Adernaline 0.'

2018-06-10 21:43:41 - [MESSAGE][PASSED] - All options with index in [26] are selected on object 'Object Repository/MOH AND GRN/Page_KDMC - CMS/select_--Select--Adernaline 0.'

2018-06-10 21:43:41 - [TEST_STEP][PASSED] - setText: Text '5000' is set on object 'Object Repository/MOH AND GRN/Page_KDMC - CMS/input_txttreat'

2018-06-10 21:43:41 - [MESSAGE][PASSED] - Text '5000' is set on object 'Object Repository/MOH AND GRN/Page_KDMC - CMS/input_txttreat'

2018-06-10 21:43:41 - [TEST_STEP][PASSED] - click: Object: 'Object Repository/MOH AND GRN/Page_KDMC - CMS/button_Add' is clicked on

2018-06-10 21:43:41 - [MESSAGE][PASSED] - Object: 'Object Repository/MOH AND GRN/Page_KDMC - CMS/button_Add' is clicked on

2018-06-10 21:43:41 - [TEST_STEP][PASSED] - selectOptionByIndex: All options with index in [3] are selected on object 'Object Repository/MOH AND GRN/Page_KDMC - CMS/select_--Select--Schedule 1Inj'

2018-06-10 21:43:41 - [MESSAGE][PASSED] - All options with index in [3] are selected on object 'Object Repository/MOH AND GRN/Page_KDMC - CMS/select_--Select--Schedule 1Inj'

2018-06-10 21:43:41 - [TEST_STEP][PASSED] - selectOptionByIndex: All options with index in [27] are selected on object 'Object Repository/MOH AND GRN/Page_KDMC - CMS/select_--Select--Adernaline 0.'

2018-06-10 21:43:41 - [MESSAGE][PASSED] - All options with index in [27] are selected on object 'Object Repository/MOH AND GRN/Page_KDMC - CMS/select_--Select--Adernaline 0.'

2018-06-10 21:43:41 - [TEST_STEP][PASSED] - setText: Text '5000' is set on object 'Object Repository/MOH AND GRN/Page_KDMC - CMS/input_txttreat'

2018-06-10 21:43:41 - [MESSAGE][PASSED] - Text '5000' is set on object 'Object Repository/MOH AND GRN/Page_KDMC - CMS/input_txttreat'

2018-06-10 21:43:41 - [TEST_STEP][PASSED] - click: Object: 'Object Repository/MOH AND GRN/Page_KDMC - CMS/button_Add' is clicked on

2018-06-10 21:43:42 - [MESSAGE][PASSED] - Object: 'Object Repository/MOH AND GRN/Page_KDMC - CMS/button_Add' is clicked on

2018-06-10 21:43:42 - [TEST_STEP][PASSED] - selectOptionByIndex: All options with index in [3] are selected on object 'Object Repository/MOH AND GRN/Page_KDMC - CMS/select_--Select--Schedule 1Inj'

2018-06-10 21:43:42 - [MESSAGE][PASSED] - All options with index in [3] are selected on object 'Object Repository/MOH AND GRN/Page_KDMC - CMS/select_--Select--Schedule 1Inj'

2018-06-10 21:43:42 - [TEST_STEP][PASSED] - selectOptionByIndex: All options with index in [28] are selected on object 'Object Repository/MOH AND GRN/Page_KDMC - CMS/select_--Select--Adernaline 0.'

2018-06-10 21:43:42 - [MESSAGE][PASSED] - All options with index in [28] are selected on object 'Object Repository/MOH AND GRN/Page_KDMC - CMS/select_--Select--Adernaline 0.'

2018-06-10 21:43:42 - [TEST_STEP][PASSED] - setText: Text '5000' is set on object 'Object Repository/MOH AND GRN/Page_KDMC - CMS/input_txttreat'

2018-06-10 21:43:42 - [MESSAGE][PASSED] - Text '5000' is set on object 'Object Repository/MOH AND GRN/Page_KDMC - CMS/input_txttreat'

2018-06-10 21:43:42 - [TEST_STEP][PASSED] - click: Object: 'Object Repository/MOH AND GRN/Page_KDMC - CMS/button_Add' is clicked on

2018-06-10 21:43:42 - [MESSAGE][PASSED] - Object: 'Object Repository/MOH AND GRN/Page_KDMC - CMS/button_Add' is clicked on

2018-06-10 21:43:42 - [TEST_STEP][PASSED] - selectOptionByIndex: All options with index in [3] are selected on object 'Object Repository/MOH AND GRN/Page_KDMC - CMS/select_--Select--Schedule 1Inj'

2018-06-10 21:43:42 - [MESSAGE][PASSED] - All options with index in [3] are selected on object 'Object Repository/MOH AND GRN/Page_KDMC - CMS/select_--Select--Schedule 1Inj'

2018-06-10 21:43:42 - [TEST_STEP][PASSED] - selectOptionByIndex: All options with index in [29] are selected on object 'Object Repository/MOH AND GRN/Page_KDMC - CMS/select_--Select--Adernaline 0.'

2018-06-10 21:43:43 - [MESSAGE][PASSED] - All options with index in [29] are selected on object 'Object Repository/MOH AND GRN/Page_KDMC - CMS/select_--Select--Adernaline 0.'

2018-06-10 21:43:43 - [TEST_STEP][PASSED] - setText: Text '5000' is set on object 'Object Repository/MOH AND GRN/Page_KDMC - CMS/input_txttreat'

2018-06-10 21:43:43 - [MESSAGE][PASSED] - Text '5000' is set on object 'Object Repository/MOH AND GRN/Page_KDMC - CMS/input_txttreat'

2018-06-10 21:43:43 - [TEST_STEP][PASSED] - click: Object: 'Object Repository/MOH AND GRN/Page_KDMC - CMS/button_Add' is clicked on

2018-06-10 21:43:43 - [MESSAGE][PASSED] - Object: 'Object Repository/MOH AND GRN/Page_KDMC - CMS/button_Add' is clicked on

2018-06-10 21:43:43 - [TEST_STEP][PASSED] - selectOptionByIndex: All options with index in [3] are selected on object 'Object Repository/MOH AND GRN/Page_KDMC - CMS/select_--Select--Schedule 1Inj'

2018-06-10 21:43:43 - [MESSAGE][PASSED] - All options with index in [3] are selected on object 'Object Repository/MOH AND GRN/Page_KDMC - CMS/select_--Select--Schedule 1Inj'

2018-06-10 21:43:43 - [TEST_STEP][PASSED] - selectOptionByIndex: All options with index in [30] are selected on object 'Object Repository/MOH AND GRN/Page_KDMC - CMS/select_--Select--Adernaline 0.'

2018-06-10 21:43:44 - [MESSAGE][PASSED] - All options with index in [30] are selected on object 'Object Repository/MOH AND GRN/Page_KDMC - CMS/select_--Select--Adernaline 0.'

2018-06-10 21:43:44 - [TEST_STEP][PASSED] - setText: Text '5000' is set on object 'Object Repository/MOH AND GRN/Page_KDMC - CMS/input_txttreat'

2018-06-10 21:43:44 - [MESSAGE][PASSED] - Text '5000' is set on object 'Object Repository/MOH AND GRN/Page_KDMC - CMS/input_txttreat'

2018-06-10 21:43:44 - [TEST_STEP][PASSED] - click: Object: 'Object Repository/MOH AND GRN/Page_KDMC - CMS/button_Add' is clicked on

2018-06-10 21:43:44 - [MESSAGE][PASSED] - Object: 'Object Repository/MOH AND GRN/Page_KDMC - CMS/button_Add' is clicked on

2018-06-10 21:43:44 - [TEST_STEP][PASSED] - selectOptionByIndex: All options with index in [3] are selected on object 'Object Repository/MOH AND GRN/Page_KDMC - CMS/select_--Select--Schedule 1Inj'

2018-06-10 21:43:44 - [MESSAGE][PASSED] - All options with index in [3] are selected on object 'Object Repository/MOH AND GRN/Page_KDMC - CMS/select_--Select--Schedule 1Inj'

2018-06-10 21:43:44 - [TEST_STEP][PASSED] - selectOptionByIndex: All options with index in [31] are selected on object 'Object Repository/MOH AND GRN/Page_KDMC - CMS/select_--Select--Adernaline 0.'

2018-06-10 21:43:44 - [MESSAGE][PASSED] - All options with index in [31] are selected on object 'Object Repository/MOH AND GRN/Page_KDMC - CMS/select_--Select--Adernaline 0.'

2018-06-10 21:43:44 - [TEST_STEP][PASSED] - setText: Text '5000' is set on object 'Object Repository/MOH AND GRN/Page_KDMC - CMS/input_txttreat'

2018-06-10 21:43:44 - [MESSAGE][PASSED] - Text '5000' is set on object 'Object Repository/MOH AND GRN/Page_KDMC - CMS/input_txttreat'

2018-06-10 21:43:44 - [TEST_STEP][PASSED] - click: Object: 'Object Repository/MOH AND GRN/Page_KDMC - CMS/button_Add' is clicked on

2018-06-10 21:43:44 - [MESSAGE][PASSED] - Object: 'Object Repository/MOH AND GRN/Page_KDMC - CMS/button_Add' is clicked on

2018-06-10 21:43:44 - [TEST_STEP][PASSED] - selectOptionByIndex: All options with index in [3] are selected on object 'Object Repository/MOH AND GRN/Page_KDMC - CMS/select_--Select--Schedule 1Inj'

2018-06-10 21:43:45 - [MESSAGE][PASSED] - All options with index in [3] are selected on object 'Object Repository/MOH AND GRN/Page_KDMC - CMS/select_--Select--Schedule 1Inj'

2018-06-10 21:43:45 - [TEST_STEP][PASSED] - selectOptionByIndex: All options with index in [32] are selected on object 'Object Repository/MOH AND GRN/Page_KDMC - CMS/select_--Select--Adernaline 0.'

2018-06-10 21:43:45 - [MESSAGE][PASSED] - All options with index in [32] are selected on object 'Object Repository/MOH AND GRN/Page_KDMC - CMS/select_--Select--Adernaline 0.'

2018-06-10 21:43:45 - [TEST_STEP][PASSED] - setText: Text '5000' is set on object 'Object Repository/MOH AND GRN/Page_KDMC - CMS/input_txttreat'

2018-06-10 21:43:45 - [MESSAGE][PASSED] - Text '5000' is set on object 'Object Repository/MOH AND GRN/Page_KDMC - CMS/input_txttreat'

2018-06-10 21:43:45 - [TEST_STEP][PASSED] - click: Object: 'Object Repository/MOH AND GRN/Page_KDMC - CMS/button_Add' is clicked on

2018-06-10 21:43:45 - [MESSAGE][PASSED] - Object: 'Object Repository/MOH AND GRN/Page_KDMC - CMS/button_Add' is clicked on

2018-06-10 21:43:45 - [TEST_STEP][PASSED] - selectOptionByIndex: All options with index in [3] are selected on object 'Object Repository/MOH AND GRN/Page_KDMC - CMS/select_--Select--Schedule 1Inj'

2018-06-10 21:43:45 - [MESSAGE][PASSED] - All options with index in [3] are selected on object 'Object Repository/MOH AND GRN/Page_KDMC - CMS/select_--Select--Schedule 1Inj'

2018-06-10 21:43:45 - [TEST_STEP][PASSED] - selectOptionByIndex: All options with index in [33] are selected on object 'Object Repository/MOH AND GRN/Page_KDMC - CMS/select_--Select--Adernaline 0.'

2018-06-10 21:43:46 - [MESSAGE][PASSED] - All options with index in [33] are selected on object 'Object Repository/MOH AND GRN/Page_KDMC - CMS/select_--Select--Adernaline 0.'

2018-06-10 21:43:46 - [TEST_STEP][PASSED] - setText: Text '5000' is set on object 'Object Repository/MOH AND GRN/Page_KDMC - CMS/input_txttreat'

2018-06-10 21:43:46 - [MESSAGE][PASSED] - Text '5000' is set on object 'Object Repository/MOH AND GRN/Page_KDMC - CMS/input_txttreat'

2018-06-10 21:43:46 - [TEST_STEP][PASSED] - click: Object: 'Object Repository/MOH AND GRN/Page_KDMC - CMS/button_Add' is clicked on

2018-06-10 21:43:46 - [MESSAGE][PASSED] - Object: 'Object Repository/MOH AND GRN/Page_KDMC - CMS/button_Add' is clicked on

2018-06-10 21:43:46 - [TEST_STEP][PASSED] - selectOptionByIndex: All options with index in [3] are selected on object 'Object Repository/MOH AND GRN/Page_KDMC - CMS/select_--Select--Schedule 1Inj'

2018-06-10 21:43:46 - [MESSAGE][PASSED] - All options with index in [3] are selected on object 'Object Repository/MOH AND GRN/Page_KDMC - CMS/select_--Select--Schedule 1Inj'

2018-06-10 21:43:46 - [TEST_STEP][PASSED] - selectOptionByIndex: All options with index in [34] are selected on object 'Object Repository/MOH AND GRN/Page_KDMC - CMS/select_--Select--Adernaline 0.'

2018-06-10 21:43:46 - [MESSAGE][PASSED] - All options with index in [34] are selected on object 'Object Repository/MOH AND GRN/Page_KDMC - CMS/select_--Select--Adernaline 0.'

2018-06-10 21:43:46 - [TEST_STEP][PASSED] - setText: Text '5000' is set on object 'Object Repository/MOH AND GRN/Page_KDMC - CMS/input_txttreat'

2018-06-10 21:43:47 - [MESSAGE][PASSED] - Text '5000' is set on object 'Object Repository/MOH AND GRN/Page_KDMC - CMS/input_txttreat'

2018-06-10 21:43:47 - [TEST_STEP][PASSED] - click: Object: 'Object Repository/MOH AND GRN/Page_KDMC - CMS/button_Add' is clicked on

2018-06-10 21:43:47 - [MESSAGE][PASSED] - Object: 'Object Repository/MOH AND GRN/Page_KDMC - CMS/button_Add' is clicked on

2018-06-10 21:43:47 - [TEST_STEP][PASSED] - selectOptionByIndex: All options with index in [3] are selected on object 'Object Repository/MOH AND GRN/Page_KDMC - CMS/select_--Select--Schedule 1Inj'

2018-06-10 21:43:47 - [MESSAGE][PASSED] - All options with index in [3] are selected on object 'Object Repository/MOH AND GRN/Page_KDMC - CMS/select_--Select--Schedule 1Inj'

2018-06-10 21:43:47 - [TEST_STEP][PASSED] - selectOptionByIndex: All options with index in [35] are selected on object 'Object Repository/MOH AND GRN/Page_KDMC - CMS/select_--Select--Adernaline 0.'

2018-06-10 21:43:47 - [MESSAGE][PASSED] - All options with index in [35] are selected on object 'Object Repository/MOH AND GRN/Page_KDMC - CMS/select_--Select--Adernaline 0.'

2018-06-10 21:43:47 - [TEST_STEP][PASSED] - setText: Text '5000' is set on object 'Object Repository/MOH AND GRN/Page_KDMC - CMS/input_txttreat'

2018-06-10 21:43:47 - [MESSAGE][PASSED] - Text '5000' is set on object 'Object Repository/MOH AND GRN/Page_KDMC - CMS/input_txttreat'

2018-06-10 21:43:47 - [TEST_STEP][PASSED] - click: Object: 'Object Repository/MOH AND GRN/Page_KDMC - CMS/button_Add' is clicked on

2018-06-10 21:43:47 - [MESSAGE][PASSED] - Object: 'Object Repository/MOH AND GRN/Page_KDMC - CMS/button_Add' is clicked on

2018-06-10 21:43:47 - [TEST_STEP][PASSED] - selectOptionByIndex: All options with index in [3] are selected on object 'Object Repository/MOH AND GRN/Page_KDMC - CMS/select_--Select--Schedule 1Inj'

2018-06-10 21:43:48 - [MESSAGE][PASSED] - All options with index in [3] are selected on object 'Object Repository/MOH AND GRN/Page_KDMC - CMS/select_--Select--Schedule 1Inj'

2018-06-10 21:43:48 - [TEST_STEP][PASSED] - selectOptionByIndex: All options with index in [36] are selected on object 'Object Repository/MOH AND GRN/Page_KDMC - CMS/select_--Select--Adernaline 0.'

2018-06-10 21:43:48 - [MESSAGE][PASSED] - All options with index in [36] are selected on object 'Object Repository/MOH AND GRN/Page_KDMC - CMS/select_--Select--Adernaline 0.'

2018-06-10 21:43:48 - [TEST_STEP][PASSED] - setText: Text '5000' is set on object 'Object Repository/MOH AND GRN/Page_KDMC - CMS/input_txttreat'

2018-06-10 21:43:48 - [MESSAGE][PASSED] - Text '5000' is set on object 'Object Repository/MOH AND GRN/Page_KDMC - CMS/input_txttreat'

2018-06-10 21:43:48 - [TEST_STEP][PASSED] - click: Object: 'Object Repository/MOH AND GRN/Page_KDMC - CMS/button_Add' is clicked on

2018-06-10 21:43:48 - [MESSAGE][PASSED] - Object: 'Object Repository/MOH AND GRN/Page_KDMC - CMS/button_Add' is clicked on

2018-06-10 21:43:48 - [TEST_STEP][PASSED] - scrollToElement: Scroll to object 'Object Repository/MOH AND GRN/Page_KDMC - CMS/input_btnsave' successfully

2018-06-10 21:43:48 - [MESSAGE][PASSED] - Scroll to object 'Object Repository/MOH AND GRN/Page_KDMC - CMS/input_btnsave' successfully

2018-06-10 21:43:48 - [TEST_STEP][PASSED] - click: Object: 'Object Repository/MOH AND GRN/Page_KDMC - CMS/input_btnsave' is clicked on

2018-06-10 21:43:48 - [MESSAGE][PASSED] - Object: 'Object Repository/MOH AND GRN/Page_KDMC - CMS/input_btnsave' is clicked on

2018-06-10 21:43:48 - [TEST_STEP][PASSED] - delay: Delayed 3 second(s)

2018-06-10 21:43:51 - [MESSAGE][PASSED] - Delayed 3 second(s)

2018-06-10 21:43:51 - [TEST_STEP][PASSED] - Statement - Request1 = com.kms.katalon.core.webui.keyword.WebUiBuiltInKeywords.getText(com.kms.katalon.core.testobject.ObjectRepository.findTestObject(MOH AND GRN/Page_KDMC - CMS/font_PRNO0505201876)): Text of object 'Object Repository/MOH AND GRN/Page_KDMC - CMS/font_PRNO0505201876' is: 'PRNO/10062018/359'

2018-06-10 21:43:51 - [MESSAGE][PASSED] - Text of object 'Object Repository/MOH AND GRN/Page_KDMC - CMS/font_PRNO0505201876' is: 'PRNO/10062018/359'

2018-06-10 21:43:51 - [TEST_STEP][PASSED] - Statement - out.println("Length OF The Medicine " + Request1): null

2018-06-10 21:43:51 - [TEST_STEP][PASSED] - Statement - RequestNUmber = Request1.split("/")[2].trim(): null

2018-06-10 21:43:51 - [TEST_STEP][PASSED] - Statement - out.println("ID IS " + RequestNUmber): null

2018-06-10 21:43:51 - [TEST_STEP][PASSED] - delay: Delayed 3 second(s)

2018-06-10 21:43:54 - [MESSAGE][PASSED] - Delayed 3 second(s)

2018-06-10 21:43:54 - [TEST_STEP][PASSED] - click: Object: 'Object Repository/MOH AND GRN/Page_KDMC - CMS/button_OK' is clicked on

2018-06-10 21:43:55 - [MESSAGE][PASSED] - Object: 'Object Repository/MOH AND GRN/Page_KDMC - CMS/button_OK' is clicked on

2018-06-10 21:43:55 - [TEST_STEP][PASSED] - click: Object: 'Object Repository/MOH AND GRN/Page_KDMC - CMS/a_dropdown-toggle' is clicked on

2018-06-10 21:43:57 - [MESSAGE][PASSED] - Object: 'Object Repository/MOH AND GRN/Page_KDMC - CMS/a_dropdown-toggle' is clicked on

2018-06-10 21:43:57 - [TEST_STEP][PASSED] - click: Object: 'Object Repository/MOH AND GRN/Page_KDMC - CMS/a_Sign out' is clicked on

2018-06-10 21:43:57 - [MESSAGE][PASSED] - Object: 'Object Repository/MOH AND GRN/Page_KDMC - CMS/a_Sign out' is clicked on

2018-06-10 21:43:57 - [TEST_STEP][PASSED] - delay: Delayed 4 second(s)

2018-06-10 21:44:01 - [MESSAGE][PASSED] - Delayed 4 second(s)

2018-06-10 21:44:01 - [TEST_STEP][PASSED] - click: Object: 'Object Repository/MOH AND GRN/Page_KDMC/a_Admin Master' is clicked on

2018-06-10 21:44:01 - [MESSAGE][PASSED] - Object: 'Object Repository/MOH AND GRN/Page_KDMC/a_Admin Master' is clicked on

2018-06-10 21:44:01 - [TEST_STEP][PASSED] - setText: Text 'admin' is set on object 'Object Repository/MOH AND GRN/Page_Admin login/input_txtusername'

2018-06-10 21:44:02 - [MESSAGE][PASSED] - Text 'admin' is set on object 'Object Repository/MOH AND GRN/Page_Admin login/input_txtusername'

2018-06-10 21:44:02 - [TEST_STEP][PASSED] - setText: Text 'admin123' is set on object 'Object Repository/MOH AND GRN/Page_Admin login/input_txtpassword'

2018-06-10 21:44:02 - [MESSAGE][PASSED] - Text 'admin123' is set on object 'Object Repository/MOH AND GRN/Page_Admin login/input_txtpassword'

2018-06-10 21:44:02 - [TEST_STEP][PASSED] - delay: Delayed 3 second(s)

2018-06-10 21:44:05 - [MESSAGE][PASSED] - Delayed 3 second(s)

2018-06-10 21:44:05 - [TEST_STEP][PASSED] - click: Object: 'Object Repository/MOH AND GRN/Page_Admin login/button_Sign in' is clicked on

2018-06-10 21:44:06 - [MESSAGE][PASSED] - Object: 'Object Repository/MOH AND GRN/Page_Admin login/button_Sign in' is clicked on

2018-06-10 21:44:06 - [TEST_STEP][PASSED] - delay: Delayed 20 second(s)

2018-06-10 21:44:26 - [MESSAGE][PASSED] - Delayed 20 second(s)

2018-06-10 21:44:26 - [TEST_STEP][PASSED] - scrollToPosition: Browser is scrolled to position x = 200, y = 200

2018-06-10 21:44:26 - [MESSAGE][PASSED] - Browser is scrolled to position x = 200, y = 200

2018-06-10 21:44:26 - [TEST_STEP][PASSED] - click: Object: 'Object Repository/MOH AND GRN/Page_KDMC/a_CMS_1' is clicked on

2018-06-10 21:44:26 - [MESSAGE][PASSED] - Object: 'Object Repository/MOH AND GRN/Page_KDMC/a_CMS_1' is clicked on

2018-06-10 21:44:26 - [TEST_STEP][PASSED] - click: Object: 'Object Repository/MOH AND GRN/Page_KDMC/a_Request List' is clicked on

2018-06-10 21:44:28 - [MESSAGE][PASSED] - Object: 'Object Repository/MOH AND GRN/Page_KDMC/a_Request List' is clicked on

2018-06-10 21:44:28 - [TEST_STEP][PASSED] - Statement - RequestNumberId = com.kms.katalon.core.webui.keyword.WebUiBuiltInKeywords.modifyObjectProperty(com.kms.katalon.core.testobject.ObjectRepository.findTestObject(MOH AND GRN/Page_KDMC - CMS/input_PO0032), "xpath", "equals", "//*[@id =" + RequestNUmber + "]", true): Modify property of object successfully

2018-06-10 21:44:28 - [MESSAGE][PASSED] - Modify property of object successfully

2018-06-10 21:44:28 - [TEST_STEP][PASSED] - click: Object: 'Object Repository/MOH AND GRN/Page_KDMC - CMS/input_PO0032' is clicked on

2018-06-10 21:44:28 - [MESSAGE][PASSED] - Object: 'Object Repository/MOH AND GRN/Page_KDMC - CMS/input_PO0032' is clicked on

2018-06-10 21:44:28 - [TEST_STEP][PASSED] - delay: Delayed 3 second(s)

2018-06-10 21:44:31 - [MESSAGE][PASSED] - Delayed 3 second(s)

2018-06-10 21:44:31 - [TEST_STEP][PASSED] - selectOptionByIndex: All options with index in [1] are selected on object 'Object Repository/MOH AND GRN/Page_KDMC/select_--Select--'

2018-06-10 21:44:31 - [MESSAGE][PASSED] - All options with index in [1] are selected on object 'Object Repository/MOH AND GRN/Page_KDMC/select_--Select--'

2018-06-10 21:44:31 - [TEST_STEP][PASSED] - click: Object: 'Object Repository/MOH AND GRN/Page_KDMC/input_btnupdate' is clicked on

2018-06-10 21:44:31 - [MESSAGE][PASSED] - Object: 'Object Repository/MOH AND GRN/Page_KDMC/input_btnupdate' is clicked on

2018-06-10 21:44:31 - [TEST_STEP][PASSED] - delay: Delayed 3 second(s)

2018-06-10 21:44:34 - [MESSAGE][PASSED] - Delayed 3 second(s)

2018-06-10 21:44:34 - [TEST_STEP][PASSED] - click: Object: 'Object Repository/MOH AND GRN/Page_KDMC/button_OK' is clicked on

2018-06-10 21:44:35 - [MESSAGE][PASSED] - Object: 'Object Repository/MOH AND GRN/Page_KDMC/button_OK' is clicked on

2018-06-10 21:44:35 - [TEST_STEP][PASSED] - delay: Delayed 3 second(s)

2018-06-10 21:44:38 - [MESSAGE][PASSED] - Delayed 3 second(s)

2018-06-10 21:44:38 - [TEST_STEP][PASSED] - scrollToPosition: Browser is scrolled to position x = 200, y = 200

2018-06-10 21:44:38 - [MESSAGE][PASSED] - Browser is scrolled to position x = 200, y = 200

2018-06-10 21:44:38 - [TEST_STEP][PASSED] - click: Object: 'Object Repository/MOH AND GRN/Page_KDMC/a_CMS_2' is clicked on

2018-06-10 21:44:38 - [MESSAGE][PASSED] - Object: 'Object Repository/MOH AND GRN/Page_KDMC/a_CMS_2' is clicked on

2018-06-10 21:44:38 - [TEST_STEP][PASSED] - delay: Delayed 2 second(s)

2018-06-10 21:44:40 - [MESSAGE][PASSED] - Delayed 2 second(s)

2018-06-10 21:44:40 - [TEST_STEP][PASSED] - click: Object: 'Object Repository/MOH AND GRN/Page_KDMC/a_Generate P.O' is clicked on

2018-06-10 21:44:41 - [MESSAGE][PASSED] - Object: 'Object Repository/MOH AND GRN/Page_KDMC/a_Generate P.O' is clicked on

2018-06-10 21:44:41 - [TEST_STEP][PASSED] - delay: Delayed 2 second(s)

2018-06-10 21:44:43 - [MESSAGE][PASSED] - Delayed 2 second(s)

2018-06-10 21:44:43 - [TEST_STEP][PASSED] - selectOptionByIndex: All options with index in [1] are selected on object 'Object Repository/MOH AND GRN/Page_KDMC/select_--Select--PRNO040520183'

2018-06-10 21:44:43 - [MESSAGE][PASSED] - All options with index in [1] are selected on object 'Object Repository/MOH AND GRN/Page_KDMC/select_--Select--PRNO040520183'

2018-06-10 21:44:43 - [TEST_STEP][PASSED] - selectOptionByIndex: All options with index in [6] are selected on object 'Object Repository/MOH AND GRN/Page_KDMC/select_--Select--Hamen Chandra'

2018-06-10 21:44:43 - [MESSAGE][PASSED] - All options with index in [6] are selected on object 'Object Repository/MOH AND GRN/Page_KDMC/select_--Select--Hamen Chandra'

2018-06-10 21:44:43 - [TEST_STEP][PASSED] - Statement - PONumber = com.kms.katalon.core.webui.keyword.WebUiBuiltInKeywords.getText(com.kms.katalon.core.testobject.ObjectRepository.findTestObject(MOH AND GRN/Page_KDMC/input_lblpono)).trim(): Text of object 'Object Repository/MOH AND GRN/Page_KDMC/input_lblpono' is: ''

2018-06-10 21:44:43 - [MESSAGE][PASSED] - Text of object 'Object Repository/MOH AND GRN/Page_KDMC/input_lblpono' is: ''

2018-06-10 21:44:43 - [TEST_STEP][PASSED] - Statement - PONumber1 = com.kms.katalon.core.webui.keyword.WebUiBuiltInKeywords.getAttribute(com.kms.katalon.core.testobject.ObjectRepository.findTestObject(MOH AND GRN/Page_KDMC/input_lblpono), "value").trim(): Attribute 'value' of object 'Object Repository/MOH AND GRN/Page_KDMC/input_lblpono' is: 'PO00210'

2018-06-10 21:44:43 - [MESSAGE][PASSED] - Attribute 'value' of object 'Object Repository/MOH AND GRN/Page_KDMC/input_lblpono' is: 'PO00210'

2018-06-10 21:44:43 - [TEST_STEP][PASSED] - Statement - out.println("PO NUMBER :" + PONumber): null

2018-06-10 21:44:43 - [TEST_STEP][PASSED] - Statement - out.println("PO NUMBER :" + PONumber1): null

2018-06-10 21:44:43 - [TEST_STEP][PASSED] - click: Object: 'Object Repository/MOH AND GRN/Page_KDMC/input_chkrem' is clicked on

2018-06-10 21:44:44 - [MESSAGE][PASSED] - Object: 'Object Repository/MOH AND GRN/Page_KDMC/input_chkrem' is clicked on

2018-06-10 21:44:44 - [TEST_STEP][PASSED] - scrollToElement: Scroll to object 'Object Repository/MOH AND GRN/Page_KDMC/input_btnreturn' successfully

2018-06-10 21:44:44 - [MESSAGE][PASSED] - Scroll to object 'Object Repository/MOH AND GRN/Page_KDMC/input_btnreturn' successfully

2018-06-10 21:44:44 - [TEST_STEP][PASSED] - click: Object: 'Object Repository/MOH AND GRN/Page_KDMC/input_btnreturn' is clicked on

2018-06-10 21:44:44 - [MESSAGE][PASSED] - Object: 'Object Repository/MOH AND GRN/Page_KDMC/input_btnreturn' is clicked on

2018-06-10 21:44:44 - [TEST_STEP][PASSED] - delay: Delayed 3 second(s)

2018-06-10 21:44:47 - [MESSAGE][PASSED] - Delayed 3 second(s)

2018-06-10 21:44:47 - [TEST_STEP][PASSED] - click: Object: 'Object Repository/MOH AND GRN/Page_KDMC/button_Yes' is clicked on

2018-06-10 21:44:47 - [MESSAGE][PASSED] - Object: 'Object Repository/MOH AND GRN/Page_KDMC/button_Yes' is clicked on

2018-06-10 21:44:47 - [TEST_STEP][PASSED] - delay: Delayed 3 second(s)

2018-06-10 21:44:50 - [MESSAGE][PASSED] - Delayed 3 second(s)

2018-06-10 21:44:50 - [TEST_STEP][PASSED] - click: Object: 'Object Repository/MOH AND GRN/Page_KDMC/button_OK' is clicked on

2018-06-10 21:44:50 - [MESSAGE][PASSED] - Object: 'Object Repository/MOH AND GRN/Page_KDMC/button_OK' is clicked on

2018-06-10 21:44:50 - [TEST_STEP][PASSED] - delay: Delayed 3 second(s)

2018-06-10 21:44:53 - [MESSAGE][PASSED] - Delayed 3 second(s)

2018-06-10 21:44:53 - [TEST_STEP][PASSED] - click: Object: 'Object Repository/MOH AND GRN/Page_KDMC/a_dropdown-toggle' is clicked on

2018-06-10 21:44:53 - [MESSAGE][PASSED] - Object: 'Object Repository/MOH AND GRN/Page_KDMC/a_dropdown-toggle' is clicked on

2018-06-10 21:44:53 - [TEST_STEP][PASSED] - click: Object: 'Object Repository/MOH AND GRN/Page_KDMC/a_Sign out' is clicked on

2018-06-10 21:44:54 - [MESSAGE][PASSED] - Object: 'Object Repository/MOH AND GRN/Page_KDMC/a_Sign out' is clicked on

2018-06-10 21:44:54 - [TEST_STEP][PASSED] - delay: Delayed 4 second(s)

2018-06-10 21:44:58 - [MESSAGE][PASSED] - Delayed 4 second(s)

2018-06-10 21:44:58 - [TEST_STEP][PASSED] - click: Object: 'Object Repository/MOH AND GRN/Page_KDMC/a_CMS' is clicked on

2018-06-10 21:44:58 - [MESSAGE][PASSED] - Object: 'Object Repository/MOH AND GRN/Page_KDMC/a_CMS' is clicked on

2018-06-10 21:44:58 - [TEST_STEP][PASSED] - setText: Text 'bala' is set on object 'Object Repository/MOH AND GRN/Page_CMS login/input_txtusername'

2018-06-10 21:44:58 - [MESSAGE][PASSED] - Text 'bala' is set on object 'Object Repository/MOH AND GRN/Page_CMS login/input_txtusername'

2018-06-10 21:44:58 - [TEST_STEP][PASSED] - setText: Text '123' is set on object 'Object Repository/MOH AND GRN/Page_CMS login/input_txtpassword'

2018-06-10 21:44:59 - [MESSAGE][PASSED] - Text '123' is set on object 'Object Repository/MOH AND GRN/Page_CMS login/input_txtpassword'

2018-06-10 21:44:59 - [TEST_STEP][PASSED] - delay: Delayed 3 second(s)

2018-06-10 21:45:02 - [MESSAGE][PASSED] - Delayed 3 second(s)

2018-06-10 21:45:02 - [TEST_STEP][PASSED] - click: Object: 'Object Repository/MOH AND GRN/Page_CMS login/button_Sign in' is clicked on

2018-06-10 21:45:02 - [MESSAGE][PASSED] - Object: 'Object Repository/MOH AND GRN/Page_CMS login/button_Sign in' is clicked on

2018-06-10 21:45:02 - [TEST_STEP][PASSED] - click: Object: 'Object Repository/MOH AND GRN/Page_KDMC - CMS/a_CMS Details' is clicked on

2018-06-10 21:45:02 - [MESSAGE][PASSED] - Object: 'Object Repository/MOH AND GRN/Page_KDMC - CMS/a_CMS Details' is clicked on

2018-06-10 21:45:02 - [TEST_STEP][PASSED] - delay: Delayed 2 second(s)

2018-06-10 21:45:04 - [MESSAGE][PASSED] - Delayed 2 second(s)

2018-06-10 21:45:04 - [TEST_STEP][PASSED] - click: Object: 'Object Repository/MOH AND GRN/Page_KDMC - CMS/a_Goods Receive' is clicked on

2018-06-10 21:45:05 - [MESSAGE][PASSED] - Object: 'Object Repository/MOH AND GRN/Page_KDMC - CMS/a_Goods Receive' is clicked on

2018-06-10 21:45:05 - [TEST_STEP][PASSED] - delay: Delayed 2 second(s)

2018-06-10 21:45:07 - [MESSAGE][PASSED] - Delayed 2 second(s)

2018-06-10 21:45:07 - [TEST_STEP][PASSED] - selectOptionByLabel: All options with label 'PO00210' are selected in object 'Object Repository/MOH AND GRN/Page_KDMC - CMS/select_--Select--PO0032PO0031P' 

2018-06-10 21:45:07 - [MESSAGE][PASSED] - All options with label 'PO00210' are selected in object 'Object Repository/MOH AND GRN/Page_KDMC - CMS/select_--Select--PO0032PO0031P' 

2018-06-10 21:45:07 - [TEST_STEP][PASSED] - setText: Finding Test Object with id 'Object Repository/MOH AND GRN/Page_KDMC - CMS/input_txtgrnno'

2018-06-10 21:45:07 - [TEST_STEP][PASSED] - Statement - switch (id): Text 'INV441.0' is set on object 'Object Repository/MOH AND GRN/Page_KDMC - CMS/input_txtgrnno'

2018-06-10 21:45:07 - [TEST_STEP][PASSED] - Statement - case 2:: Text 'INV441.0' is set on object 'Object Repository/MOH AND GRN/Page_KDMC - CMS/input_txtgrnno'

2018-06-10 21:45:07 - [TEST_STEP][PASSED] - Statement - return (java.lang.Math.floor((java.lang.Math.random() * ((max - min) + 1))) + min): Text 'INV441.0' is set on object 'Object Repository/MOH AND GRN/Page_KDMC - CMS/input_txtgrnno'

2018-06-10 21:45:07 - [MESSAGE][PASSED] - Text 'INV441.0' is set on object 'Object Repository/MOH AND GRN/Page_KDMC - CMS/input_txtgrnno'

2018-06-10 21:45:07 - [TEST_STEP][PASSED] - selectOptionByIndex: All options with index in [1] are selected on object 'Object Repository/MOH AND GRN/Page_KDMC - CMS/select_--Select--PERUMAL PHARM'

2018-06-10 21:45:07 - [MESSAGE][PASSED] - All options with index in [1] are selected on object 'Object Repository/MOH AND GRN/Page_KDMC - CMS/select_--Select--PERUMAL PHARM'

2018-06-10 21:45:07 - [TEST_STEP][PASSED] - setText: Text '10000' is set on object 'Object Repository/MOH AND GRN/Page_KDMC - CMS/input_txtgrnno_1'

2018-06-10 21:45:07 - [MESSAGE][PASSED] - Text '10000' is set on object 'Object Repository/MOH AND GRN/Page_KDMC - CMS/input_txtgrnno_1'

2018-06-10 21:45:07 - [TEST_STEP][PASSED] - setText: Text '550' is set on object 'Object Repository/MOH AND GRN/Page_KDMC - CMS/input_txtgrnno_2'

2018-06-10 21:45:07 - [MESSAGE][PASSED] - Text '550' is set on object 'Object Repository/MOH AND GRN/Page_KDMC - CMS/input_txtgrnno_2'

2018-06-10 21:45:07 - [TEST_STEP][PASSED] - setText: Finding Test Object with id 'Object Repository/MOH AND GRN/Page_KDMC - CMS/input_txtgrnno_3'

2018-06-10 21:45:07 - [TEST_STEP][PASSED] - Statement - switch (id): Text 'CH530.0' is set on object 'Object Repository/MOH AND GRN/Page_KDMC - CMS/input_txtgrnno_3'

2018-06-10 21:45:07 - [TEST_STEP][PASSED] - Statement - case 3:: Text 'CH530.0' is set on object 'Object Repository/MOH AND GRN/Page_KDMC - CMS/input_txtgrnno_3'

2018-06-10 21:45:07 - [TEST_STEP][PASSED] - Statement - return (java.lang.Math.floor((java.lang.Math.random() * ((max - min) + 1))) + min): Text 'CH530.0' is set on object 'Object Repository/MOH AND GRN/Page_KDMC - CMS/input_txtgrnno_3'

2018-06-10 21:45:08 - [MESSAGE][PASSED] - Text 'CH530.0' is set on object 'Object Repository/MOH AND GRN/Page_KDMC - CMS/input_txtgrnno_3'

2018-06-10 21:45:08 - [TEST_STEP][PASSED] - scrollToPosition: Browser is scrolled to position x = 200, y = 200

2018-06-10 21:45:08 - [MESSAGE][PASSED] - Browser is scrolled to position x = 200, y = 200

2018-06-10 21:45:08 - [TEST_STEP][PASSED] - Statement - GrnLength = com.kms.katalon.core.webui.keyword.WebUiBuiltInKeywords.getNumberOfTotalOption(com.kms.katalon.core.testobject.ObjectRepository.findTestObject(MOH AND GRN/Page_KDMC - CMS/select_--Select--Amikacin -500)): 37 options of object 'Object Repository/MOH AND GRN/Page_KDMC - CMS/select_--Select--Amikacin -500' counted

2018-06-10 21:45:08 - [MESSAGE][PASSED] - 37 options of object 'Object Repository/MOH AND GRN/Page_KDMC - CMS/select_--Select--Amikacin -500' counted

2018-06-10 21:45:08 - [TEST_STEP][PASSED] - Statement - out.println("Length OF The Medicine " + GrnLength): null

2018-06-10 21:45:08 - [TEST_STEP][PASSED] - Statement - s = 1: null

2018-06-10 21:45:08 - [TEST_STEP][PASSED] - Statement - For ([t = 1, t < GrnLength, (t++)]): Finding Test Object with id 'Object Repository/MOH AND GRN/Page_KDMC - CMS/input_txtmrp'

2018-06-10 21:45:08 - [TEST_STEP][PASSED] - selectOptionByIndex: All options with index in [1] are selected on object 'Object Repository/MOH AND GRN/Page_KDMC - CMS/select_--Select--Amikacin -500'

2018-06-10 21:45:08 - [MESSAGE][PASSED] - All options with index in [1] are selected on object 'Object Repository/MOH AND GRN/Page_KDMC - CMS/select_--Select--Amikacin -500'

2018-06-10 21:45:08 - [TEST_STEP][PASSED] - setText: Text '5000' is set on object 'Object Repository/MOH AND GRN/Page_KDMC - CMS/input_txtqty'

2018-06-10 21:45:08 - [MESSAGE][PASSED] - Text '5000' is set on object 'Object Repository/MOH AND GRN/Page_KDMC - CMS/input_txtqty'

2018-06-10 21:45:08 - [TEST_STEP][PASSED] - selectOptionByIndex: All options with index in [1] are selected on object 'Object Repository/MOH AND GRN/Page_KDMC - CMS/select_--Select--No Tax0'

2018-06-10 21:45:08 - [MESSAGE][PASSED] - All options with index in [1] are selected on object 'Object Repository/MOH AND GRN/Page_KDMC - CMS/select_--Select--No Tax0'

2018-06-10 21:45:08 - [TEST_STEP][PASSED] - setText: Finding Test Object with id 'Object Repository/MOH AND GRN/Page_KDMC - CMS/input_txtmrp'

2018-06-10 21:45:08 - [TEST_STEP][PASSED] - Statement - switch (id): Finding Test Object with id 'Object Repository/MOH AND GRN/Page_KDMC - CMS/input_txtdeal'

2018-06-10 21:45:08 - [TEST_STEP][PASSED] - Statement - case 4:: Text '39.0' is set on object 'Object Repository/MOH AND GRN/Page_KDMC - CMS/input_txtmrp'

2018-06-10 21:45:08 - [TEST_STEP][PASSED] - Statement - return (java.lang.Math.floor((java.lang.Math.random() * ((max - min) + 1))) + min): Text '39.0' is set on object 'Object Repository/MOH AND GRN/Page_KDMC - CMS/input_txtmrp'

2018-06-10 21:45:08 - [MESSAGE][PASSED] - Text '39.0' is set on object 'Object Repository/MOH AND GRN/Page_KDMC - CMS/input_txtmrp'

2018-06-10 21:45:08 - [TEST_STEP][PASSED] - setText: Finding Test Object with id 'Object Repository/MOH AND GRN/Page_KDMC - CMS/input_txtdeal'

2018-06-10 21:45:08 - [TEST_STEP][PASSED] - Statement - switch (id): Finding Test Object with id 'Object Repository/MOH AND GRN/Page_KDMC - CMS/input_txtbatchno'

2018-06-10 21:45:08 - [TEST_STEP][PASSED] - Statement - case 5:: Text '5.0' is set on object 'Object Repository/MOH AND GRN/Page_KDMC - CMS/input_txtdeal'

2018-06-10 21:45:08 - [TEST_STEP][PASSED] - Statement - return (java.lang.Math.floor((java.lang.Math.random() * ((max - min) + 1))) + min): Text '5.0' is set on object 'Object Repository/MOH AND GRN/Page_KDMC - CMS/input_txtdeal'

2018-06-10 21:45:08 - [MESSAGE][PASSED] - Text '5.0' is set on object 'Object Repository/MOH AND GRN/Page_KDMC - CMS/input_txtdeal'

2018-06-10 21:45:08 - [TEST_STEP][PASSED] - setText: Finding Test Object with id 'Object Repository/MOH AND GRN/Page_KDMC - CMS/input_txtbatchno'

2018-06-10 21:45:08 - [TEST_STEP][PASSED] - Statement - switch (id): Finding Test Object with id 'Object Repository/MOH AND GRN/Page_KDMC - CMS/input_txtmrp'

2018-06-10 21:45:08 - [TEST_STEP][PASSED] - Statement - case 1:: Text 'BA314.0' is set on object 'Object Repository/MOH AND GRN/Page_KDMC - CMS/input_txtbatchno'

2018-06-10 21:45:08 - [TEST_STEP][PASSED] - Statement - return (java.lang.Math.floor((java.lang.Math.random() * ((max - min) + 1))) + min): Text 'BA314.0' is set on object 'Object Repository/MOH AND GRN/Page_KDMC - CMS/input_txtbatchno'

2018-06-10 21:45:08 - [MESSAGE][PASSED] - Text 'BA314.0' is set on object 'Object Repository/MOH AND GRN/Page_KDMC - CMS/input_txtbatchno'

2018-06-10 21:45:08 - [TEST_STEP][PASSED] - rightClick: Object: 'Object Repository/GRN/Page_KDMC - CMS/input_txtexpdate' is right clicked on

2018-06-10 21:45:09 - [MESSAGE][PASSED] - Object: 'Object Repository/GRN/Page_KDMC - CMS/input_txtexpdate' is right clicked on

2018-06-10 21:45:09 - [TEST_STEP][PASSED] - selectOptionByIndex: All options with index in [1] are selected on object 'Object Repository/GRN/Page_KDMC - CMS/select_20182019202020212022202'

2018-06-10 21:45:09 - [MESSAGE][PASSED] - All options with index in [1] are selected on object 'Object Repository/GRN/Page_KDMC - CMS/select_20182019202020212022202'

2018-06-10 21:45:09 - [TEST_STEP][PASSED] - selectOptionByIndex: All options with index in [1] are selected on object 'Object Repository/GRN/Page_KDMC - CMS/select_JanFebMarAprMayJunJulAu'

2018-06-10 21:45:09 - [MESSAGE][PASSED] - All options with index in [1] are selected on object 'Object Repository/GRN/Page_KDMC - CMS/select_JanFebMarAprMayJunJulAu'

2018-06-10 21:45:09 - [TEST_STEP][PASSED] - click: Object: 'Object Repository/MOH AND GRN/Page_KDMC - CMS/a_12' is clicked on

2018-06-10 21:45:09 - [MESSAGE][PASSED] - Object: 'Object Repository/MOH AND GRN/Page_KDMC - CMS/a_12' is clicked on

2018-06-10 21:45:09 - [TEST_STEP][PASSED] - click: Object: 'Object Repository/MOH AND GRN/Page_KDMC - CMS/input_btnadd' is clicked on

2018-06-10 21:45:09 - [MESSAGE][PASSED] - Object: 'Object Repository/MOH AND GRN/Page_KDMC - CMS/input_btnadd' is clicked on

2018-06-10 21:45:09 - [TEST_STEP][PASSED] - Statement - If (s == 10): null

2018-06-10 21:45:09 - [TEST_STEP][PASSED] - Statement - Else: null

2018-06-10 21:45:09 - [TEST_STEP][PASSED] - Statement - (s++): null

2018-06-10 21:45:09 - [TEST_STEP][PASSED] - delay: Delayed 1 second(s)

2018-06-10 21:45:10 - [MESSAGE][PASSED] - Delayed 1 second(s)

2018-06-10 21:45:10 - [TEST_STEP][PASSED] - selectOptionByIndex: All options with index in [2] are selected on object 'Object Repository/MOH AND GRN/Page_KDMC - CMS/select_--Select--Amikacin -500'

2018-06-10 21:45:10 - [MESSAGE][PASSED] - All options with index in [2] are selected on object 'Object Repository/MOH AND GRN/Page_KDMC - CMS/select_--Select--Amikacin -500'

2018-06-10 21:45:10 - [TEST_STEP][PASSED] - setText: Text '5000' is set on object 'Object Repository/MOH AND GRN/Page_KDMC - CMS/input_txtqty'

2018-06-10 21:45:10 - [MESSAGE][PASSED] - Text '5000' is set on object 'Object Repository/MOH AND GRN/Page_KDMC - CMS/input_txtqty'

2018-06-10 21:45:10 - [TEST_STEP][PASSED] - selectOptionByIndex: All options with index in [1] are selected on object 'Object Repository/MOH AND GRN/Page_KDMC - CMS/select_--Select--No Tax0'

2018-06-10 21:45:11 - [MESSAGE][PASSED] - All options with index in [1] are selected on object 'Object Repository/MOH AND GRN/Page_KDMC - CMS/select_--Select--No Tax0'

2018-06-10 21:45:11 - [TEST_STEP][PASSED] - setText: Finding Test Object with id 'Object Repository/MOH AND GRN/Page_KDMC - CMS/input_txtmrp'

2018-06-10 21:45:11 - [TEST_STEP][PASSED] - Statement - switch (id): Finding Test Object with id 'Object Repository/MOH AND GRN/Page_KDMC - CMS/input_txtdeal'

2018-06-10 21:45:11 - [TEST_STEP][PASSED] - Statement - case 4:: Text '24.0' is set on object 'Object Repository/MOH AND GRN/Page_KDMC - CMS/input_txtmrp'

2018-06-10 21:45:11 - [TEST_STEP][PASSED] - Statement - return (java.lang.Math.floor((java.lang.Math.random() * ((max - min) + 1))) + min): Text '24.0' is set on object 'Object Repository/MOH AND GRN/Page_KDMC - CMS/input_txtmrp'

2018-06-10 21:45:11 - [MESSAGE][PASSED] - Text '24.0' is set on object 'Object Repository/MOH AND GRN/Page_KDMC - CMS/input_txtmrp'

2018-06-10 21:45:11 - [TEST_STEP][PASSED] - setText: Finding Test Object with id 'Object Repository/MOH AND GRN/Page_KDMC - CMS/input_txtdeal'

2018-06-10 21:45:11 - [TEST_STEP][PASSED] - Statement - switch (id): Finding Test Object with id 'Object Repository/MOH AND GRN/Page_KDMC - CMS/input_txtbatchno'

2018-06-10 21:45:11 - [TEST_STEP][PASSED] - Statement - case 5:: Text '9.0' is set on object 'Object Repository/MOH AND GRN/Page_KDMC - CMS/input_txtdeal'

2018-06-10 21:45:11 - [TEST_STEP][PASSED] - Statement - return (java.lang.Math.floor((java.lang.Math.random() * ((max - min) + 1))) + min): Text '9.0' is set on object 'Object Repository/MOH AND GRN/Page_KDMC - CMS/input_txtdeal'

2018-06-10 21:45:11 - [MESSAGE][PASSED] - Text '9.0' is set on object 'Object Repository/MOH AND GRN/Page_KDMC - CMS/input_txtdeal'

2018-06-10 21:45:11 - [TEST_STEP][PASSED] - setText: Finding Test Object with id 'Object Repository/MOH AND GRN/Page_KDMC - CMS/input_txtbatchno'

2018-06-10 21:45:11 - [TEST_STEP][PASSED] - Statement - switch (id): Finding Test Object with id 'Object Repository/MOH AND GRN/Page_KDMC - CMS/input_txtmrp'

2018-06-10 21:45:11 - [TEST_STEP][PASSED] - Statement - case 1:: Text 'BA865.0' is set on object 'Object Repository/MOH AND GRN/Page_KDMC - CMS/input_txtbatchno'

2018-06-10 21:45:11 - [TEST_STEP][PASSED] - Statement - return (java.lang.Math.floor((java.lang.Math.random() * ((max - min) + 1))) + min): Text 'BA865.0' is set on object 'Object Repository/MOH AND GRN/Page_KDMC - CMS/input_txtbatchno'

2018-06-10 21:45:11 - [MESSAGE][PASSED] - Text 'BA865.0' is set on object 'Object Repository/MOH AND GRN/Page_KDMC - CMS/input_txtbatchno'

2018-06-10 21:45:11 - [TEST_STEP][PASSED] - rightClick: Object: 'Object Repository/GRN/Page_KDMC - CMS/input_txtexpdate' is right clicked on

2018-06-10 21:45:11 - [MESSAGE][PASSED] - Object: 'Object Repository/GRN/Page_KDMC - CMS/input_txtexpdate' is right clicked on

2018-06-10 21:45:11 - [TEST_STEP][PASSED] - selectOptionByIndex: All options with index in [2] are selected on object 'Object Repository/GRN/Page_KDMC - CMS/select_20182019202020212022202'

2018-06-10 21:45:11 - [MESSAGE][PASSED] - All options with index in [2] are selected on object 'Object Repository/GRN/Page_KDMC - CMS/select_20182019202020212022202'

2018-06-10 21:45:11 - [TEST_STEP][PASSED] - selectOptionByIndex: All options with index in [2] are selected on object 'Object Repository/GRN/Page_KDMC - CMS/select_JanFebMarAprMayJunJulAu'

2018-06-10 21:45:11 - [MESSAGE][PASSED] - All options with index in [2] are selected on object 'Object Repository/GRN/Page_KDMC - CMS/select_JanFebMarAprMayJunJulAu'

2018-06-10 21:45:11 - [TEST_STEP][PASSED] - click: Object: 'Object Repository/MOH AND GRN/Page_KDMC - CMS/a_12' is clicked on

2018-06-10 21:45:11 - [MESSAGE][PASSED] - Object: 'Object Repository/MOH AND GRN/Page_KDMC - CMS/a_12' is clicked on

2018-06-10 21:45:11 - [TEST_STEP][PASSED] - click: Object: 'Object Repository/MOH AND GRN/Page_KDMC - CMS/input_btnadd' is clicked on

2018-06-10 21:45:11 - [MESSAGE][PASSED] - Object: 'Object Repository/MOH AND GRN/Page_KDMC - CMS/input_btnadd' is clicked on

2018-06-10 21:45:11 - [TEST_STEP][PASSED] - Statement - If (s == 10): null

2018-06-10 21:45:11 - [TEST_STEP][PASSED] - Statement - Else: null

2018-06-10 21:45:11 - [TEST_STEP][PASSED] - Statement - (s++): null

2018-06-10 21:45:11 - [TEST_STEP][PASSED] - delay: Delayed 1 second(s)

2018-06-10 21:45:12 - [MESSAGE][PASSED] - Delayed 1 second(s)

2018-06-10 21:45:12 - [TEST_STEP][PASSED] - selectOptionByIndex: All options with index in [3] are selected on object 'Object Repository/MOH AND GRN/Page_KDMC - CMS/select_--Select--Amikacin -500'

2018-06-10 21:45:13 - [MESSAGE][PASSED] - All options with index in [3] are selected on object 'Object Repository/MOH AND GRN/Page_KDMC - CMS/select_--Select--Amikacin -500'

2018-06-10 21:45:13 - [TEST_STEP][PASSED] - setText: Text '5000' is set on object 'Object Repository/MOH AND GRN/Page_KDMC - CMS/input_txtqty'

2018-06-10 21:45:13 - [MESSAGE][PASSED] - Text '5000' is set on object 'Object Repository/MOH AND GRN/Page_KDMC - CMS/input_txtqty'

2018-06-10 21:45:13 - [TEST_STEP][PASSED] - selectOptionByIndex: All options with index in [1] are selected on object 'Object Repository/MOH AND GRN/Page_KDMC - CMS/select_--Select--No Tax0'

2018-06-10 21:45:13 - [MESSAGE][PASSED] - All options with index in [1] are selected on object 'Object Repository/MOH AND GRN/Page_KDMC - CMS/select_--Select--No Tax0'

2018-06-10 21:45:13 - [TEST_STEP][PASSED] - setText: Finding Test Object with id 'Object Repository/MOH AND GRN/Page_KDMC - CMS/input_txtmrp'

2018-06-10 21:45:13 - [TEST_STEP][PASSED] - Statement - switch (id): Finding Test Object with id 'Object Repository/MOH AND GRN/Page_KDMC - CMS/input_txtdeal'

2018-06-10 21:45:13 - [TEST_STEP][PASSED] - Statement - case 4:: Text '26.0' is set on object 'Object Repository/MOH AND GRN/Page_KDMC - CMS/input_txtmrp'

2018-06-10 21:45:13 - [TEST_STEP][PASSED] - Statement - return (java.lang.Math.floor((java.lang.Math.random() * ((max - min) + 1))) + min): Text '26.0' is set on object 'Object Repository/MOH AND GRN/Page_KDMC - CMS/input_txtmrp'

2018-06-10 21:45:13 - [MESSAGE][PASSED] - Text '26.0' is set on object 'Object Repository/MOH AND GRN/Page_KDMC - CMS/input_txtmrp'

2018-06-10 21:45:13 - [TEST_STEP][PASSED] - setText: Finding Test Object with id 'Object Repository/MOH AND GRN/Page_KDMC - CMS/input_txtdeal'

2018-06-10 21:45:13 - [TEST_STEP][PASSED] - Statement - switch (id): Finding Test Object with id 'Object Repository/MOH AND GRN/Page_KDMC - CMS/input_txtbatchno'

2018-06-10 21:45:13 - [TEST_STEP][PASSED] - Statement - case 5:: Text '8.0' is set on object 'Object Repository/MOH AND GRN/Page_KDMC - CMS/input_txtdeal'

2018-06-10 21:45:13 - [TEST_STEP][PASSED] - Statement - return (java.lang.Math.floor((java.lang.Math.random() * ((max - min) + 1))) + min): Text '8.0' is set on object 'Object Repository/MOH AND GRN/Page_KDMC - CMS/input_txtdeal'

2018-06-10 21:45:13 - [MESSAGE][PASSED] - Text '8.0' is set on object 'Object Repository/MOH AND GRN/Page_KDMC - CMS/input_txtdeal'

2018-06-10 21:45:13 - [TEST_STEP][PASSED] - setText: Finding Test Object with id 'Object Repository/MOH AND GRN/Page_KDMC - CMS/input_txtbatchno'

2018-06-10 21:45:13 - [TEST_STEP][PASSED] - Statement - switch (id): Finding Test Object with id 'Object Repository/MOH AND GRN/Page_KDMC - CMS/input_txtmrp'

2018-06-10 21:45:13 - [TEST_STEP][PASSED] - Statement - case 1:: Text 'BA615.0' is set on object 'Object Repository/MOH AND GRN/Page_KDMC - CMS/input_txtbatchno'

2018-06-10 21:45:13 - [TEST_STEP][PASSED] - Statement - return (java.lang.Math.floor((java.lang.Math.random() * ((max - min) + 1))) + min): Text 'BA615.0' is set on object 'Object Repository/MOH AND GRN/Page_KDMC - CMS/input_txtbatchno'

2018-06-10 21:45:13 - [MESSAGE][PASSED] - Text 'BA615.0' is set on object 'Object Repository/MOH AND GRN/Page_KDMC - CMS/input_txtbatchno'

2018-06-10 21:45:13 - [TEST_STEP][PASSED] - rightClick: Object: 'Object Repository/GRN/Page_KDMC - CMS/input_txtexpdate' is right clicked on

2018-06-10 21:45:13 - [MESSAGE][PASSED] - Object: 'Object Repository/GRN/Page_KDMC - CMS/input_txtexpdate' is right clicked on

2018-06-10 21:45:13 - [TEST_STEP][PASSED] - selectOptionByIndex: All options with index in [3] are selected on object 'Object Repository/GRN/Page_KDMC - CMS/select_20182019202020212022202'

2018-06-10 21:45:13 - [MESSAGE][PASSED] - All options with index in [3] are selected on object 'Object Repository/GRN/Page_KDMC - CMS/select_20182019202020212022202'

2018-06-10 21:45:13 - [TEST_STEP][PASSED] - selectOptionByIndex: All options with index in [3] are selected on object 'Object Repository/GRN/Page_KDMC - CMS/select_JanFebMarAprMayJunJulAu'

2018-06-10 21:45:14 - [MESSAGE][PASSED] - All options with index in [3] are selected on object 'Object Repository/GRN/Page_KDMC - CMS/select_JanFebMarAprMayJunJulAu'

2018-06-10 21:45:14 - [TEST_STEP][PASSED] - click: Object: 'Object Repository/MOH AND GRN/Page_KDMC - CMS/a_12' is clicked on

2018-06-10 21:45:14 - [MESSAGE][PASSED] - Object: 'Object Repository/MOH AND GRN/Page_KDMC - CMS/a_12' is clicked on

2018-06-10 21:45:14 - [TEST_STEP][PASSED] - click: Object: 'Object Repository/MOH AND GRN/Page_KDMC - CMS/input_btnadd' is clicked on

2018-06-10 21:45:14 - [MESSAGE][PASSED] - Object: 'Object Repository/MOH AND GRN/Page_KDMC - CMS/input_btnadd' is clicked on

2018-06-10 21:45:14 - [TEST_STEP][PASSED] - Statement - If (s == 10): null

2018-06-10 21:45:14 - [TEST_STEP][PASSED] - Statement - Else: null

2018-06-10 21:45:14 - [TEST_STEP][PASSED] - Statement - (s++): null

2018-06-10 21:45:14 - [TEST_STEP][PASSED] - delay: Delayed 1 second(s)

2018-06-10 21:45:15 - [MESSAGE][PASSED] - Delayed 1 second(s)

2018-06-10 21:45:15 - [TEST_STEP][PASSED] - selectOptionByIndex: All options with index in [4] are selected on object 'Object Repository/MOH AND GRN/Page_KDMC - CMS/select_--Select--Amikacin -500'

2018-06-10 21:45:15 - [MESSAGE][PASSED] - All options with index in [4] are selected on object 'Object Repository/MOH AND GRN/Page_KDMC - CMS/select_--Select--Amikacin -500'

2018-06-10 21:45:15 - [TEST_STEP][PASSED] - setText: Text '5000' is set on object 'Object Repository/MOH AND GRN/Page_KDMC - CMS/input_txtqty'

2018-06-10 21:45:15 - [MESSAGE][PASSED] - Text '5000' is set on object 'Object Repository/MOH AND GRN/Page_KDMC - CMS/input_txtqty'

2018-06-10 21:45:15 - [TEST_STEP][PASSED] - selectOptionByIndex: All options with index in [1] are selected on object 'Object Repository/MOH AND GRN/Page_KDMC - CMS/select_--Select--No Tax0'

2018-06-10 21:45:15 - [MESSAGE][PASSED] - All options with index in [1] are selected on object 'Object Repository/MOH AND GRN/Page_KDMC - CMS/select_--Select--No Tax0'

2018-06-10 21:45:15 - [TEST_STEP][PASSED] - setText: Finding Test Object with id 'Object Repository/MOH AND GRN/Page_KDMC - CMS/input_txtmrp'

2018-06-10 21:45:15 - [TEST_STEP][PASSED] - Statement - switch (id): Finding Test Object with id 'Object Repository/MOH AND GRN/Page_KDMC - CMS/input_txtdeal'

2018-06-10 21:45:15 - [TEST_STEP][PASSED] - Statement - case 4:: Text '30.0' is set on object 'Object Repository/MOH AND GRN/Page_KDMC - CMS/input_txtmrp'

2018-06-10 21:45:15 - [TEST_STEP][PASSED] - Statement - return (java.lang.Math.floor((java.lang.Math.random() * ((max - min) + 1))) + min): Text '30.0' is set on object 'Object Repository/MOH AND GRN/Page_KDMC - CMS/input_txtmrp'

2018-06-10 21:45:15 - [MESSAGE][PASSED] - Text '30.0' is set on object 'Object Repository/MOH AND GRN/Page_KDMC - CMS/input_txtmrp'

2018-06-10 21:45:15 - [TEST_STEP][PASSED] - setText: Finding Test Object with id 'Object Repository/MOH AND GRN/Page_KDMC - CMS/input_txtdeal'

2018-06-10 21:45:15 - [TEST_STEP][PASSED] - Statement - switch (id): Finding Test Object with id 'Object Repository/MOH AND GRN/Page_KDMC - CMS/input_txtbatchno'

2018-06-10 21:45:15 - [TEST_STEP][PASSED] - Statement - case 5:: Text '11.0' is set on object 'Object Repository/MOH AND GRN/Page_KDMC - CMS/input_txtdeal'

2018-06-10 21:45:15 - [TEST_STEP][PASSED] - Statement - return (java.lang.Math.floor((java.lang.Math.random() * ((max - min) + 1))) + min): Text '11.0' is set on object 'Object Repository/MOH AND GRN/Page_KDMC - CMS/input_txtdeal'

2018-06-10 21:45:15 - [MESSAGE][PASSED] - Text '11.0' is set on object 'Object Repository/MOH AND GRN/Page_KDMC - CMS/input_txtdeal'

2018-06-10 21:45:15 - [TEST_STEP][PASSED] - setText: Finding Test Object with id 'Object Repository/MOH AND GRN/Page_KDMC - CMS/input_txtbatchno'

2018-06-10 21:45:15 - [TEST_STEP][PASSED] - Statement - switch (id): Finding Test Object with id 'Object Repository/MOH AND GRN/Page_KDMC - CMS/input_txtmrp'

2018-06-10 21:45:15 - [TEST_STEP][PASSED] - Statement - case 1:: Text 'BA592.0' is set on object 'Object Repository/MOH AND GRN/Page_KDMC - CMS/input_txtbatchno'

2018-06-10 21:45:15 - [TEST_STEP][PASSED] - Statement - return (java.lang.Math.floor((java.lang.Math.random() * ((max - min) + 1))) + min): Text 'BA592.0' is set on object 'Object Repository/MOH AND GRN/Page_KDMC - CMS/input_txtbatchno'

2018-06-10 21:45:15 - [MESSAGE][PASSED] - Text 'BA592.0' is set on object 'Object Repository/MOH AND GRN/Page_KDMC - CMS/input_txtbatchno'

2018-06-10 21:45:15 - [TEST_STEP][PASSED] - rightClick: Object: 'Object Repository/GRN/Page_KDMC - CMS/input_txtexpdate' is right clicked on

2018-06-10 21:45:15 - [MESSAGE][PASSED] - Object: 'Object Repository/GRN/Page_KDMC - CMS/input_txtexpdate' is right clicked on

2018-06-10 21:45:15 - [TEST_STEP][PASSED] - selectOptionByIndex: All options with index in [4] are selected on object 'Object Repository/GRN/Page_KDMC - CMS/select_20182019202020212022202'

2018-06-10 21:45:16 - [MESSAGE][PASSED] - All options with index in [4] are selected on object 'Object Repository/GRN/Page_KDMC - CMS/select_20182019202020212022202'

2018-06-10 21:45:16 - [TEST_STEP][PASSED] - selectOptionByIndex: All options with index in [4] are selected on object 'Object Repository/GRN/Page_KDMC - CMS/select_JanFebMarAprMayJunJulAu'

2018-06-10 21:45:16 - [MESSAGE][PASSED] - All options with index in [4] are selected on object 'Object Repository/GRN/Page_KDMC - CMS/select_JanFebMarAprMayJunJulAu'

2018-06-10 21:45:16 - [TEST_STEP][PASSED] - click: Object: 'Object Repository/MOH AND GRN/Page_KDMC - CMS/a_12' is clicked on

2018-06-10 21:45:16 - [MESSAGE][PASSED] - Object: 'Object Repository/MOH AND GRN/Page_KDMC - CMS/a_12' is clicked on

2018-06-10 21:45:16 - [TEST_STEP][PASSED] - click: Object: 'Object Repository/MOH AND GRN/Page_KDMC - CMS/input_btnadd' is clicked on

2018-06-10 21:45:16 - [MESSAGE][PASSED] - Object: 'Object Repository/MOH AND GRN/Page_KDMC - CMS/input_btnadd' is clicked on

2018-06-10 21:45:16 - [TEST_STEP][PASSED] - Statement - If (s == 10): null

2018-06-10 21:45:16 - [TEST_STEP][PASSED] - Statement - Else: null

2018-06-10 21:45:16 - [TEST_STEP][PASSED] - Statement - (s++): null

2018-06-10 21:45:16 - [TEST_STEP][PASSED] - delay: Delayed 1 second(s)

2018-06-10 21:45:17 - [MESSAGE][PASSED] - Delayed 1 second(s)

2018-06-10 21:45:17 - [TEST_STEP][PASSED] - selectOptionByIndex: All options with index in [5] are selected on object 'Object Repository/MOH AND GRN/Page_KDMC - CMS/select_--Select--Amikacin -500'

2018-06-10 21:45:17 - [MESSAGE][PASSED] - All options with index in [5] are selected on object 'Object Repository/MOH AND GRN/Page_KDMC - CMS/select_--Select--Amikacin -500'

2018-06-10 21:45:17 - [TEST_STEP][PASSED] - setText: Text '5000' is set on object 'Object Repository/MOH AND GRN/Page_KDMC - CMS/input_txtqty'

2018-06-10 21:45:17 - [MESSAGE][PASSED] - Text '5000' is set on object 'Object Repository/MOH AND GRN/Page_KDMC - CMS/input_txtqty'

2018-06-10 21:45:17 - [TEST_STEP][PASSED] - selectOptionByIndex: All options with index in [1] are selected on object 'Object Repository/MOH AND GRN/Page_KDMC - CMS/select_--Select--No Tax0'

2018-06-10 21:45:17 - [MESSAGE][PASSED] - All options with index in [1] are selected on object 'Object Repository/MOH AND GRN/Page_KDMC - CMS/select_--Select--No Tax0'

2018-06-10 21:45:17 - [TEST_STEP][PASSED] - setText: Finding Test Object with id 'Object Repository/MOH AND GRN/Page_KDMC - CMS/input_txtmrp'

2018-06-10 21:45:17 - [TEST_STEP][PASSED] - Statement - switch (id): Finding Test Object with id 'Object Repository/MOH AND GRN/Page_KDMC - CMS/input_txtdeal'

2018-06-10 21:45:17 - [TEST_STEP][PASSED] - Statement - case 4:: Text '37.0' is set on object 'Object Repository/MOH AND GRN/Page_KDMC - CMS/input_txtmrp'

2018-06-10 21:45:17 - [TEST_STEP][PASSED] - Statement - return (java.lang.Math.floor((java.lang.Math.random() * ((max - min) + 1))) + min): Text '37.0' is set on object 'Object Repository/MOH AND GRN/Page_KDMC - CMS/input_txtmrp'

2018-06-10 21:45:18 - [MESSAGE][PASSED] - Text '37.0' is set on object 'Object Repository/MOH AND GRN/Page_KDMC - CMS/input_txtmrp'

2018-06-10 21:45:18 - [TEST_STEP][PASSED] - setText: Finding Test Object with id 'Object Repository/MOH AND GRN/Page_KDMC - CMS/input_txtdeal'

2018-06-10 21:45:18 - [TEST_STEP][PASSED] - Statement - switch (id): Finding Test Object with id 'Object Repository/MOH AND GRN/Page_KDMC - CMS/input_txtbatchno'

2018-06-10 21:45:18 - [TEST_STEP][PASSED] - Statement - case 5:: Text '12.0' is set on object 'Object Repository/MOH AND GRN/Page_KDMC - CMS/input_txtdeal'

2018-06-10 21:45:18 - [TEST_STEP][PASSED] - Statement - return (java.lang.Math.floor((java.lang.Math.random() * ((max - min) + 1))) + min): Text '12.0' is set on object 'Object Repository/MOH AND GRN/Page_KDMC - CMS/input_txtdeal'

2018-06-10 21:45:18 - [MESSAGE][PASSED] - Text '12.0' is set on object 'Object Repository/MOH AND GRN/Page_KDMC - CMS/input_txtdeal'

2018-06-10 21:45:18 - [TEST_STEP][PASSED] - setText: Finding Test Object with id 'Object Repository/MOH AND GRN/Page_KDMC - CMS/input_txtbatchno'

2018-06-10 21:45:18 - [TEST_STEP][PASSED] - Statement - switch (id): Finding Test Object with id 'Object Repository/MOH AND GRN/Page_KDMC - CMS/input_txtmrp'

2018-06-10 21:45:18 - [TEST_STEP][PASSED] - Statement - case 1:: Text 'BA513.0' is set on object 'Object Repository/MOH AND GRN/Page_KDMC - CMS/input_txtbatchno'

2018-06-10 21:45:18 - [TEST_STEP][PASSED] - Statement - return (java.lang.Math.floor((java.lang.Math.random() * ((max - min) + 1))) + min): Text 'BA513.0' is set on object 'Object Repository/MOH AND GRN/Page_KDMC - CMS/input_txtbatchno'

2018-06-10 21:45:18 - [MESSAGE][PASSED] - Text 'BA513.0' is set on object 'Object Repository/MOH AND GRN/Page_KDMC - CMS/input_txtbatchno'

2018-06-10 21:45:18 - [TEST_STEP][PASSED] - rightClick: Object: 'Object Repository/GRN/Page_KDMC - CMS/input_txtexpdate' is right clicked on

2018-06-10 21:45:18 - [MESSAGE][PASSED] - Object: 'Object Repository/GRN/Page_KDMC - CMS/input_txtexpdate' is right clicked on

2018-06-10 21:45:18 - [TEST_STEP][PASSED] - selectOptionByIndex: All options with index in [5] are selected on object 'Object Repository/GRN/Page_KDMC - CMS/select_20182019202020212022202'

2018-06-10 21:45:18 - [MESSAGE][PASSED] - All options with index in [5] are selected on object 'Object Repository/GRN/Page_KDMC - CMS/select_20182019202020212022202'

2018-06-10 21:45:18 - [TEST_STEP][PASSED] - selectOptionByIndex: All options with index in [5] are selected on object 'Object Repository/GRN/Page_KDMC - CMS/select_JanFebMarAprMayJunJulAu'

2018-06-10 21:45:18 - [MESSAGE][PASSED] - All options with index in [5] are selected on object 'Object Repository/GRN/Page_KDMC - CMS/select_JanFebMarAprMayJunJulAu'

2018-06-10 21:45:18 - [TEST_STEP][PASSED] - click: Object: 'Object Repository/MOH AND GRN/Page_KDMC - CMS/a_12' is clicked on

2018-06-10 21:45:18 - [MESSAGE][PASSED] - Object: 'Object Repository/MOH AND GRN/Page_KDMC - CMS/a_12' is clicked on

2018-06-10 21:45:18 - [TEST_STEP][PASSED] - click: Object: 'Object Repository/MOH AND GRN/Page_KDMC - CMS/input_btnadd' is clicked on

2018-06-10 21:45:18 - [MESSAGE][PASSED] - Object: 'Object Repository/MOH AND GRN/Page_KDMC - CMS/input_btnadd' is clicked on

2018-06-10 21:45:18 - [TEST_STEP][PASSED] - Statement - If (s == 10): null

2018-06-10 21:45:18 - [TEST_STEP][PASSED] - Statement - Else: null

2018-06-10 21:45:18 - [TEST_STEP][PASSED] - Statement - (s++): null

2018-06-10 21:45:18 - [TEST_STEP][PASSED] - delay: Delayed 1 second(s)

2018-06-10 21:45:19 - [MESSAGE][PASSED] - Delayed 1 second(s)

2018-06-10 21:45:19 - [TEST_STEP][PASSED] - selectOptionByIndex: All options with index in [6] are selected on object 'Object Repository/MOH AND GRN/Page_KDMC - CMS/select_--Select--Amikacin -500'

2018-06-10 21:45:19 - [MESSAGE][PASSED] - All options with index in [6] are selected on object 'Object Repository/MOH AND GRN/Page_KDMC - CMS/select_--Select--Amikacin -500'

2018-06-10 21:45:19 - [TEST_STEP][PASSED] - setText: Text '5000' is set on object 'Object Repository/MOH AND GRN/Page_KDMC - CMS/input_txtqty'

2018-06-10 21:45:20 - [MESSAGE][PASSED] - Text '5000' is set on object 'Object Repository/MOH AND GRN/Page_KDMC - CMS/input_txtqty'

2018-06-10 21:45:20 - [TEST_STEP][PASSED] - selectOptionByIndex: All options with index in [1] are selected on object 'Object Repository/MOH AND GRN/Page_KDMC - CMS/select_--Select--No Tax0'

2018-06-10 21:45:20 - [MESSAGE][PASSED] - All options with index in [1] are selected on object 'Object Repository/MOH AND GRN/Page_KDMC - CMS/select_--Select--No Tax0'

2018-06-10 21:45:20 - [TEST_STEP][PASSED] - setText: Finding Test Object with id 'Object Repository/MOH AND GRN/Page_KDMC - CMS/input_txtmrp'

2018-06-10 21:45:20 - [TEST_STEP][PASSED] - Statement - switch (id): Finding Test Object with id 'Object Repository/MOH AND GRN/Page_KDMC - CMS/input_txtdeal'

2018-06-10 21:45:20 - [TEST_STEP][PASSED] - Statement - case 4:: Text '24.0' is set on object 'Object Repository/MOH AND GRN/Page_KDMC - CMS/input_txtmrp'

2018-06-10 21:45:20 - [TEST_STEP][PASSED] - Statement - return (java.lang.Math.floor((java.lang.Math.random() * ((max - min) + 1))) + min): Text '24.0' is set on object 'Object Repository/MOH AND GRN/Page_KDMC - CMS/input_txtmrp'

2018-06-10 21:45:20 - [MESSAGE][PASSED] - Text '24.0' is set on object 'Object Repository/MOH AND GRN/Page_KDMC - CMS/input_txtmrp'

2018-06-10 21:45:20 - [TEST_STEP][PASSED] - setText: Finding Test Object with id 'Object Repository/MOH AND GRN/Page_KDMC - CMS/input_txtdeal'

2018-06-10 21:45:20 - [TEST_STEP][PASSED] - Statement - switch (id): Finding Test Object with id 'Object Repository/MOH AND GRN/Page_KDMC - CMS/input_txtbatchno'

2018-06-10 21:45:20 - [TEST_STEP][PASSED] - Statement - case 5:: Text '1.0' is set on object 'Object Repository/MOH AND GRN/Page_KDMC - CMS/input_txtdeal'

2018-06-10 21:45:20 - [TEST_STEP][PASSED] - Statement - return (java.lang.Math.floor((java.lang.Math.random() * ((max - min) + 1))) + min): Text '1.0' is set on object 'Object Repository/MOH AND GRN/Page_KDMC - CMS/input_txtdeal'

2018-06-10 21:45:20 - [MESSAGE][PASSED] - Text '1.0' is set on object 'Object Repository/MOH AND GRN/Page_KDMC - CMS/input_txtdeal'

2018-06-10 21:45:20 - [TEST_STEP][PASSED] - setText: Finding Test Object with id 'Object Repository/MOH AND GRN/Page_KDMC - CMS/input_txtbatchno'

2018-06-10 21:45:20 - [TEST_STEP][PASSED] - Statement - switch (id): Finding Test Object with id 'Object Repository/MOH AND GRN/Page_KDMC - CMS/input_txtmrp'

2018-06-10 21:45:20 - [TEST_STEP][PASSED] - Statement - case 1:: Text 'BA629.0' is set on object 'Object Repository/MOH AND GRN/Page_KDMC - CMS/input_txtbatchno'

2018-06-10 21:45:20 - [TEST_STEP][PASSED] - Statement - return (java.lang.Math.floor((java.lang.Math.random() * ((max - min) + 1))) + min): Text 'BA629.0' is set on object 'Object Repository/MOH AND GRN/Page_KDMC - CMS/input_txtbatchno'

2018-06-10 21:45:20 - [MESSAGE][PASSED] - Text 'BA629.0' is set on object 'Object Repository/MOH AND GRN/Page_KDMC - CMS/input_txtbatchno'

2018-06-10 21:45:20 - [TEST_STEP][PASSED] - rightClick: Object: 'Object Repository/GRN/Page_KDMC - CMS/input_txtexpdate' is right clicked on

2018-06-10 21:45:20 - [MESSAGE][PASSED] - Object: 'Object Repository/GRN/Page_KDMC - CMS/input_txtexpdate' is right clicked on

2018-06-10 21:45:20 - [TEST_STEP][PASSED] - selectOptionByIndex: All options with index in [6] are selected on object 'Object Repository/GRN/Page_KDMC - CMS/select_20182019202020212022202'

2018-06-10 21:45:20 - [MESSAGE][PASSED] - All options with index in [6] are selected on object 'Object Repository/GRN/Page_KDMC - CMS/select_20182019202020212022202'

2018-06-10 21:45:20 - [TEST_STEP][PASSED] - selectOptionByIndex: All options with index in [6] are selected on object 'Object Repository/GRN/Page_KDMC - CMS/select_JanFebMarAprMayJunJulAu'

2018-06-10 21:45:21 - [MESSAGE][PASSED] - All options with index in [6] are selected on object 'Object Repository/GRN/Page_KDMC - CMS/select_JanFebMarAprMayJunJulAu'

2018-06-10 21:45:21 - [TEST_STEP][PASSED] - click: Object: 'Object Repository/MOH AND GRN/Page_KDMC - CMS/a_12' is clicked on

2018-06-10 21:45:21 - [MESSAGE][PASSED] - Object: 'Object Repository/MOH AND GRN/Page_KDMC - CMS/a_12' is clicked on

2018-06-10 21:45:21 - [TEST_STEP][PASSED] - click: Object: 'Object Repository/MOH AND GRN/Page_KDMC - CMS/input_btnadd' is clicked on

2018-06-10 21:45:21 - [MESSAGE][PASSED] - Object: 'Object Repository/MOH AND GRN/Page_KDMC - CMS/input_btnadd' is clicked on

2018-06-10 21:45:21 - [TEST_STEP][PASSED] - Statement - If (s == 10): null

2018-06-10 21:45:21 - [TEST_STEP][PASSED] - Statement - Else: null

2018-06-10 21:45:21 - [TEST_STEP][PASSED] - Statement - (s++): null

2018-06-10 21:45:21 - [TEST_STEP][PASSED] - delay: Delayed 1 second(s)

2018-06-10 21:45:22 - [MESSAGE][PASSED] - Delayed 1 second(s)

2018-06-10 21:45:22 - [TEST_STEP][PASSED] - selectOptionByIndex: All options with index in [7] are selected on object 'Object Repository/MOH AND GRN/Page_KDMC - CMS/select_--Select--Amikacin -500'

2018-06-10 21:45:22 - [MESSAGE][PASSED] - All options with index in [7] are selected on object 'Object Repository/MOH AND GRN/Page_KDMC - CMS/select_--Select--Amikacin -500'

2018-06-10 21:45:22 - [TEST_STEP][PASSED] - setText: Text '5000' is set on object 'Object Repository/MOH AND GRN/Page_KDMC - CMS/input_txtqty'

2018-06-10 21:45:22 - [MESSAGE][PASSED] - Text '5000' is set on object 'Object Repository/MOH AND GRN/Page_KDMC - CMS/input_txtqty'

2018-06-10 21:45:22 - [TEST_STEP][PASSED] - selectOptionByIndex: All options with index in [1] are selected on object 'Object Repository/MOH AND GRN/Page_KDMC - CMS/select_--Select--No Tax0'

2018-06-10 21:45:22 - [MESSAGE][PASSED] - All options with index in [1] are selected on object 'Object Repository/MOH AND GRN/Page_KDMC - CMS/select_--Select--No Tax0'

2018-06-10 21:45:22 - [TEST_STEP][PASSED] - setText: Finding Test Object with id 'Object Repository/MOH AND GRN/Page_KDMC - CMS/input_txtmrp'

2018-06-10 21:45:22 - [TEST_STEP][PASSED] - Statement - switch (id): Finding Test Object with id 'Object Repository/MOH AND GRN/Page_KDMC - CMS/input_txtdeal'

2018-06-10 21:45:22 - [TEST_STEP][PASSED] - Statement - case 4:: Text '42.0' is set on object 'Object Repository/MOH AND GRN/Page_KDMC - CMS/input_txtmrp'

2018-06-10 21:45:22 - [TEST_STEP][PASSED] - Statement - return (java.lang.Math.floor((java.lang.Math.random() * ((max - min) + 1))) + min): Text '42.0' is set on object 'Object Repository/MOH AND GRN/Page_KDMC - CMS/input_txtmrp'

2018-06-10 21:45:22 - [MESSAGE][PASSED] - Text '42.0' is set on object 'Object Repository/MOH AND GRN/Page_KDMC - CMS/input_txtmrp'

2018-06-10 21:45:22 - [TEST_STEP][PASSED] - setText: Finding Test Object with id 'Object Repository/MOH AND GRN/Page_KDMC - CMS/input_txtdeal'

2018-06-10 21:45:22 - [TEST_STEP][PASSED] - Statement - switch (id): Finding Test Object with id 'Object Repository/MOH AND GRN/Page_KDMC - CMS/input_txtbatchno'

2018-06-10 21:45:22 - [TEST_STEP][PASSED] - Statement - case 5:: Text '8.0' is set on object 'Object Repository/MOH AND GRN/Page_KDMC - CMS/input_txtdeal'

2018-06-10 21:45:22 - [TEST_STEP][PASSED] - Statement - return (java.lang.Math.floor((java.lang.Math.random() * ((max - min) + 1))) + min): Text '8.0' is set on object 'Object Repository/MOH AND GRN/Page_KDMC - CMS/input_txtdeal'

2018-06-10 21:45:22 - [MESSAGE][PASSED] - Text '8.0' is set on object 'Object Repository/MOH AND GRN/Page_KDMC - CMS/input_txtdeal'

2018-06-10 21:45:22 - [TEST_STEP][PASSED] - setText: Finding Test Object with id 'Object Repository/MOH AND GRN/Page_KDMC - CMS/input_txtbatchno'

2018-06-10 21:45:22 - [TEST_STEP][PASSED] - Statement - switch (id): Finding Test Object with id 'Object Repository/MOH AND GRN/Page_KDMC - CMS/input_txtmrp'

2018-06-10 21:45:22 - [TEST_STEP][PASSED] - Statement - case 1:: Text 'BA62.0' is set on object 'Object Repository/MOH AND GRN/Page_KDMC - CMS/input_txtbatchno'

2018-06-10 21:45:22 - [TEST_STEP][PASSED] - Statement - return (java.lang.Math.floor((java.lang.Math.random() * ((max - min) + 1))) + min): Text 'BA62.0' is set on object 'Object Repository/MOH AND GRN/Page_KDMC - CMS/input_txtbatchno'

2018-06-10 21:45:22 - [MESSAGE][PASSED] - Text 'BA62.0' is set on object 'Object Repository/MOH AND GRN/Page_KDMC - CMS/input_txtbatchno'

2018-06-10 21:45:22 - [TEST_STEP][PASSED] - rightClick: Object: 'Object Repository/GRN/Page_KDMC - CMS/input_txtexpdate' is right clicked on

2018-06-10 21:45:22 - [MESSAGE][PASSED] - Object: 'Object Repository/GRN/Page_KDMC - CMS/input_txtexpdate' is right clicked on

2018-06-10 21:45:22 - [TEST_STEP][PASSED] - selectOptionByIndex: All options with index in [7] are selected on object 'Object Repository/GRN/Page_KDMC - CMS/select_20182019202020212022202'

2018-06-10 21:45:23 - [MESSAGE][PASSED] - All options with index in [7] are selected on object 'Object Repository/GRN/Page_KDMC - CMS/select_20182019202020212022202'

2018-06-10 21:45:23 - [TEST_STEP][PASSED] - selectOptionByIndex: All options with index in [7] are selected on object 'Object Repository/GRN/Page_KDMC - CMS/select_JanFebMarAprMayJunJulAu'

2018-06-10 21:45:23 - [MESSAGE][PASSED] - All options with index in [7] are selected on object 'Object Repository/GRN/Page_KDMC - CMS/select_JanFebMarAprMayJunJulAu'

2018-06-10 21:45:23 - [TEST_STEP][PASSED] - click: Object: 'Object Repository/MOH AND GRN/Page_KDMC - CMS/a_12' is clicked on

2018-06-10 21:45:23 - [MESSAGE][PASSED] - Object: 'Object Repository/MOH AND GRN/Page_KDMC - CMS/a_12' is clicked on

2018-06-10 21:45:23 - [TEST_STEP][PASSED] - click: Object: 'Object Repository/MOH AND GRN/Page_KDMC - CMS/input_btnadd' is clicked on

2018-06-10 21:45:23 - [MESSAGE][PASSED] - Object: 'Object Repository/MOH AND GRN/Page_KDMC - CMS/input_btnadd' is clicked on

2018-06-10 21:45:23 - [TEST_STEP][PASSED] - Statement - If (s == 10): null

2018-06-10 21:45:23 - [TEST_STEP][PASSED] - Statement - Else: null

2018-06-10 21:45:23 - [TEST_STEP][PASSED] - Statement - (s++): null

2018-06-10 21:45:23 - [TEST_STEP][PASSED] - delay: Delayed 1 second(s)

2018-06-10 21:45:24 - [MESSAGE][PASSED] - Delayed 1 second(s)

2018-06-10 21:45:24 - [TEST_STEP][PASSED] - selectOptionByIndex: All options with index in [8] are selected on object 'Object Repository/MOH AND GRN/Page_KDMC - CMS/select_--Select--Amikacin -500'

2018-06-10 21:45:24 - [MESSAGE][PASSED] - All options with index in [8] are selected on object 'Object Repository/MOH AND GRN/Page_KDMC - CMS/select_--Select--Amikacin -500'

2018-06-10 21:45:24 - [TEST_STEP][PASSED] - setText: Text '5000' is set on object 'Object Repository/MOH AND GRN/Page_KDMC - CMS/input_txtqty'

2018-06-10 21:45:24 - [MESSAGE][PASSED] - Text '5000' is set on object 'Object Repository/MOH AND GRN/Page_KDMC - CMS/input_txtqty'

2018-06-10 21:45:24 - [TEST_STEP][PASSED] - selectOptionByIndex: All options with index in [1] are selected on object 'Object Repository/MOH AND GRN/Page_KDMC - CMS/select_--Select--No Tax0'

2018-06-10 21:45:25 - [MESSAGE][PASSED] - All options with index in [1] are selected on object 'Object Repository/MOH AND GRN/Page_KDMC - CMS/select_--Select--No Tax0'

2018-06-10 21:45:25 - [TEST_STEP][PASSED] - setText: Finding Test Object with id 'Object Repository/MOH AND GRN/Page_KDMC - CMS/input_txtmrp'

2018-06-10 21:45:25 - [TEST_STEP][PASSED] - Statement - switch (id): Finding Test Object with id 'Object Repository/MOH AND GRN/Page_KDMC - CMS/input_txtdeal'

2018-06-10 21:45:25 - [TEST_STEP][PASSED] - Statement - case 4:: Text '32.0' is set on object 'Object Repository/MOH AND GRN/Page_KDMC - CMS/input_txtmrp'

2018-06-10 21:45:25 - [TEST_STEP][PASSED] - Statement - return (java.lang.Math.floor((java.lang.Math.random() * ((max - min) + 1))) + min): Text '32.0' is set on object 'Object Repository/MOH AND GRN/Page_KDMC - CMS/input_txtmrp'

2018-06-10 21:45:25 - [MESSAGE][PASSED] - Text '32.0' is set on object 'Object Repository/MOH AND GRN/Page_KDMC - CMS/input_txtmrp'

2018-06-10 21:45:25 - [TEST_STEP][PASSED] - setText: Finding Test Object with id 'Object Repository/MOH AND GRN/Page_KDMC - CMS/input_txtdeal'

2018-06-10 21:45:25 - [TEST_STEP][PASSED] - Statement - switch (id): Finding Test Object with id 'Object Repository/MOH AND GRN/Page_KDMC - CMS/input_txtbatchno'

2018-06-10 21:45:25 - [TEST_STEP][PASSED] - Statement - case 5:: Text '10.0' is set on object 'Object Repository/MOH AND GRN/Page_KDMC - CMS/input_txtdeal'

2018-06-10 21:45:25 - [TEST_STEP][PASSED] - Statement - return (java.lang.Math.floor((java.lang.Math.random() * ((max - min) + 1))) + min): Text '10.0' is set on object 'Object Repository/MOH AND GRN/Page_KDMC - CMS/input_txtdeal'

2018-06-10 21:45:25 - [MESSAGE][PASSED] - Text '10.0' is set on object 'Object Repository/MOH AND GRN/Page_KDMC - CMS/input_txtdeal'

2018-06-10 21:45:25 - [TEST_STEP][PASSED] - setText: Finding Test Object with id 'Object Repository/MOH AND GRN/Page_KDMC - CMS/input_txtbatchno'

2018-06-10 21:45:25 - [TEST_STEP][PASSED] - Statement - switch (id): Finding Test Object with id 'Object Repository/MOH AND GRN/Page_KDMC - CMS/input_txtmrp'

2018-06-10 21:45:25 - [TEST_STEP][PASSED] - Statement - case 1:: Text 'BA599.0' is set on object 'Object Repository/MOH AND GRN/Page_KDMC - CMS/input_txtbatchno'

2018-06-10 21:45:25 - [TEST_STEP][PASSED] - Statement - return (java.lang.Math.floor((java.lang.Math.random() * ((max - min) + 1))) + min): Text 'BA599.0' is set on object 'Object Repository/MOH AND GRN/Page_KDMC - CMS/input_txtbatchno'

2018-06-10 21:45:25 - [MESSAGE][PASSED] - Text 'BA599.0' is set on object 'Object Repository/MOH AND GRN/Page_KDMC - CMS/input_txtbatchno'

2018-06-10 21:45:25 - [TEST_STEP][PASSED] - rightClick: Object: 'Object Repository/GRN/Page_KDMC - CMS/input_txtexpdate' is right clicked on

2018-06-10 21:45:25 - [MESSAGE][PASSED] - Object: 'Object Repository/GRN/Page_KDMC - CMS/input_txtexpdate' is right clicked on

2018-06-10 21:45:25 - [TEST_STEP][PASSED] - selectOptionByIndex: All options with index in [8] are selected on object 'Object Repository/GRN/Page_KDMC - CMS/select_20182019202020212022202'

2018-06-10 21:45:25 - [MESSAGE][PASSED] - All options with index in [8] are selected on object 'Object Repository/GRN/Page_KDMC - CMS/select_20182019202020212022202'

2018-06-10 21:45:25 - [TEST_STEP][PASSED] - selectOptionByIndex: All options with index in [8] are selected on object 'Object Repository/GRN/Page_KDMC - CMS/select_JanFebMarAprMayJunJulAu'

2018-06-10 21:45:25 - [MESSAGE][PASSED] - All options with index in [8] are selected on object 'Object Repository/GRN/Page_KDMC - CMS/select_JanFebMarAprMayJunJulAu'

2018-06-10 21:45:25 - [TEST_STEP][PASSED] - click: Object: 'Object Repository/MOH AND GRN/Page_KDMC - CMS/a_12' is clicked on

2018-06-10 21:45:25 - [MESSAGE][PASSED] - Object: 'Object Repository/MOH AND GRN/Page_KDMC - CMS/a_12' is clicked on

2018-06-10 21:45:25 - [TEST_STEP][PASSED] - click: Object: 'Object Repository/MOH AND GRN/Page_KDMC - CMS/input_btnadd' is clicked on

2018-06-10 21:45:26 - [MESSAGE][PASSED] - Object: 'Object Repository/MOH AND GRN/Page_KDMC - CMS/input_btnadd' is clicked on

2018-06-10 21:45:26 - [TEST_STEP][PASSED] - Statement - If (s == 10): null

2018-06-10 21:45:26 - [TEST_STEP][PASSED] - Statement - Else: null

2018-06-10 21:45:26 - [TEST_STEP][PASSED] - Statement - (s++): null

2018-06-10 21:45:26 - [TEST_STEP][PASSED] - delay: Delayed 1 second(s)

2018-06-10 21:45:27 - [MESSAGE][PASSED] - Delayed 1 second(s)

2018-06-10 21:45:27 - [TEST_STEP][PASSED] - selectOptionByIndex: All options with index in [9] are selected on object 'Object Repository/MOH AND GRN/Page_KDMC - CMS/select_--Select--Amikacin -500'

2018-06-10 21:45:27 - [MESSAGE][PASSED] - All options with index in [9] are selected on object 'Object Repository/MOH AND GRN/Page_KDMC - CMS/select_--Select--Amikacin -500'

2018-06-10 21:45:27 - [TEST_STEP][PASSED] - setText: Text '5000' is set on object 'Object Repository/MOH AND GRN/Page_KDMC - CMS/input_txtqty'

2018-06-10 21:45:27 - [MESSAGE][PASSED] - Text '5000' is set on object 'Object Repository/MOH AND GRN/Page_KDMC - CMS/input_txtqty'

2018-06-10 21:45:27 - [TEST_STEP][PASSED] - selectOptionByIndex: All options with index in [1] are selected on object 'Object Repository/MOH AND GRN/Page_KDMC - CMS/select_--Select--No Tax0'

2018-06-10 21:45:27 - [MESSAGE][PASSED] - All options with index in [1] are selected on object 'Object Repository/MOH AND GRN/Page_KDMC - CMS/select_--Select--No Tax0'

2018-06-10 21:45:27 - [TEST_STEP][PASSED] - setText: Finding Test Object with id 'Object Repository/MOH AND GRN/Page_KDMC - CMS/input_txtmrp'

2018-06-10 21:45:27 - [TEST_STEP][PASSED] - Statement - switch (id): Finding Test Object with id 'Object Repository/MOH AND GRN/Page_KDMC - CMS/input_txtdeal'

2018-06-10 21:45:27 - [TEST_STEP][PASSED] - Statement - case 4:: Text '45.0' is set on object 'Object Repository/MOH AND GRN/Page_KDMC - CMS/input_txtmrp'

2018-06-10 21:45:27 - [TEST_STEP][PASSED] - Statement - return (java.lang.Math.floor((java.lang.Math.random() * ((max - min) + 1))) + min): Text '45.0' is set on object 'Object Repository/MOH AND GRN/Page_KDMC - CMS/input_txtmrp'

2018-06-10 21:45:27 - [MESSAGE][PASSED] - Text '45.0' is set on object 'Object Repository/MOH AND GRN/Page_KDMC - CMS/input_txtmrp'

2018-06-10 21:45:27 - [TEST_STEP][PASSED] - setText: Finding Test Object with id 'Object Repository/MOH AND GRN/Page_KDMC - CMS/input_txtdeal'

2018-06-10 21:45:27 - [TEST_STEP][PASSED] - Statement - switch (id): Finding Test Object with id 'Object Repository/MOH AND GRN/Page_KDMC - CMS/input_txtbatchno'

2018-06-10 21:45:27 - [TEST_STEP][PASSED] - Statement - case 5:: Text '8.0' is set on object 'Object Repository/MOH AND GRN/Page_KDMC - CMS/input_txtdeal'

2018-06-10 21:45:27 - [TEST_STEP][PASSED] - Statement - return (java.lang.Math.floor((java.lang.Math.random() * ((max - min) + 1))) + min): Text '8.0' is set on object 'Object Repository/MOH AND GRN/Page_KDMC - CMS/input_txtdeal'

2018-06-10 21:45:27 - [MESSAGE][PASSED] - Text '8.0' is set on object 'Object Repository/MOH AND GRN/Page_KDMC - CMS/input_txtdeal'

2018-06-10 21:45:27 - [TEST_STEP][PASSED] - setText: Finding Test Object with id 'Object Repository/MOH AND GRN/Page_KDMC - CMS/input_txtbatchno'

2018-06-10 21:45:27 - [TEST_STEP][PASSED] - Statement - switch (id): Finding Test Object with id 'Object Repository/MOH AND GRN/Page_KDMC - CMS/input_txtmrp'

2018-06-10 21:45:27 - [TEST_STEP][PASSED] - Statement - case 1:: Text 'BA591.0' is set on object 'Object Repository/MOH AND GRN/Page_KDMC - CMS/input_txtbatchno'

2018-06-10 21:45:27 - [TEST_STEP][PASSED] - Statement - return (java.lang.Math.floor((java.lang.Math.random() * ((max - min) + 1))) + min): Text 'BA591.0' is set on object 'Object Repository/MOH AND GRN/Page_KDMC - CMS/input_txtbatchno'

2018-06-10 21:45:27 - [MESSAGE][PASSED] - Text 'BA591.0' is set on object 'Object Repository/MOH AND GRN/Page_KDMC - CMS/input_txtbatchno'

2018-06-10 21:45:27 - [TEST_STEP][PASSED] - rightClick: Object: 'Object Repository/GRN/Page_KDMC - CMS/input_txtexpdate' is right clicked on

2018-06-10 21:45:27 - [MESSAGE][PASSED] - Object: 'Object Repository/GRN/Page_KDMC - CMS/input_txtexpdate' is right clicked on

2018-06-10 21:45:27 - [TEST_STEP][PASSED] - selectOptionByIndex: All options with index in [9] are selected on object 'Object Repository/GRN/Page_KDMC - CMS/select_20182019202020212022202'

2018-06-10 21:45:28 - [MESSAGE][PASSED] - All options with index in [9] are selected on object 'Object Repository/GRN/Page_KDMC - CMS/select_20182019202020212022202'

2018-06-10 21:45:28 - [TEST_STEP][PASSED] - selectOptionByIndex: All options with index in [9] are selected on object 'Object Repository/GRN/Page_KDMC - CMS/select_JanFebMarAprMayJunJulAu'

2018-06-10 21:45:28 - [MESSAGE][PASSED] - All options with index in [9] are selected on object 'Object Repository/GRN/Page_KDMC - CMS/select_JanFebMarAprMayJunJulAu'

2018-06-10 21:45:28 - [TEST_STEP][PASSED] - click: Object: 'Object Repository/MOH AND GRN/Page_KDMC - CMS/a_12' is clicked on

2018-06-10 21:45:28 - [MESSAGE][PASSED] - Object: 'Object Repository/MOH AND GRN/Page_KDMC - CMS/a_12' is clicked on

2018-06-10 21:45:28 - [TEST_STEP][PASSED] - click: Object: 'Object Repository/MOH AND GRN/Page_KDMC - CMS/input_btnadd' is clicked on

2018-06-10 21:45:28 - [MESSAGE][PASSED] - Object: 'Object Repository/MOH AND GRN/Page_KDMC - CMS/input_btnadd' is clicked on

2018-06-10 21:45:28 - [TEST_STEP][PASSED] - Statement - If (s == 10): null

2018-06-10 21:45:28 - [TEST_STEP][PASSED] - Statement - Else: null

2018-06-10 21:45:28 - [TEST_STEP][PASSED] - Statement - (s++): null

2018-06-10 21:45:28 - [TEST_STEP][PASSED] - delay: Delayed 1 second(s)

2018-06-10 21:45:29 - [MESSAGE][PASSED] - Delayed 1 second(s)

2018-06-10 21:45:29 - [TEST_STEP][PASSED] - selectOptionByIndex: All options with index in [10] are selected on object 'Object Repository/MOH AND GRN/Page_KDMC - CMS/select_--Select--Amikacin -500'

2018-06-10 21:45:29 - [MESSAGE][PASSED] - All options with index in [10] are selected on object 'Object Repository/MOH AND GRN/Page_KDMC - CMS/select_--Select--Amikacin -500'

2018-06-10 21:45:29 - [TEST_STEP][PASSED] - setText: Text '5000' is set on object 'Object Repository/MOH AND GRN/Page_KDMC - CMS/input_txtqty'

2018-06-10 21:45:29 - [MESSAGE][PASSED] - Text '5000' is set on object 'Object Repository/MOH AND GRN/Page_KDMC - CMS/input_txtqty'

2018-06-10 21:45:29 - [TEST_STEP][PASSED] - selectOptionByIndex: All options with index in [1] are selected on object 'Object Repository/MOH AND GRN/Page_KDMC - CMS/select_--Select--No Tax0'

2018-06-10 21:45:29 - [MESSAGE][PASSED] - All options with index in [1] are selected on object 'Object Repository/MOH AND GRN/Page_KDMC - CMS/select_--Select--No Tax0'

2018-06-10 21:45:29 - [TEST_STEP][PASSED] - setText: Finding Test Object with id 'Object Repository/MOH AND GRN/Page_KDMC - CMS/input_txtmrp'

2018-06-10 21:45:29 - [TEST_STEP][PASSED] - Statement - switch (id): Finding Test Object with id 'Object Repository/MOH AND GRN/Page_KDMC - CMS/input_txtdeal'

2018-06-10 21:45:29 - [TEST_STEP][PASSED] - Statement - case 4:: Text '16.0' is set on object 'Object Repository/MOH AND GRN/Page_KDMC - CMS/input_txtmrp'

2018-06-10 21:45:29 - [TEST_STEP][PASSED] - Statement - return (java.lang.Math.floor((java.lang.Math.random() * ((max - min) + 1))) + min): Text '16.0' is set on object 'Object Repository/MOH AND GRN/Page_KDMC - CMS/input_txtmrp'

2018-06-10 21:45:30 - [MESSAGE][PASSED] - Text '16.0' is set on object 'Object Repository/MOH AND GRN/Page_KDMC - CMS/input_txtmrp'

2018-06-10 21:45:30 - [TEST_STEP][PASSED] - setText: Finding Test Object with id 'Object Repository/MOH AND GRN/Page_KDMC - CMS/input_txtdeal'

2018-06-10 21:45:30 - [TEST_STEP][PASSED] - Statement - switch (id): Finding Test Object with id 'Object Repository/MOH AND GRN/Page_KDMC - CMS/input_txtbatchno'

2018-06-10 21:45:30 - [TEST_STEP][PASSED] - Statement - case 5:: Text '5.0' is set on object 'Object Repository/MOH AND GRN/Page_KDMC - CMS/input_txtdeal'

2018-06-10 21:45:30 - [TEST_STEP][PASSED] - Statement - return (java.lang.Math.floor((java.lang.Math.random() * ((max - min) + 1))) + min): Text '5.0' is set on object 'Object Repository/MOH AND GRN/Page_KDMC - CMS/input_txtdeal'

2018-06-10 21:45:30 - [MESSAGE][PASSED] - Text '5.0' is set on object 'Object Repository/MOH AND GRN/Page_KDMC - CMS/input_txtdeal'

2018-06-10 21:45:30 - [TEST_STEP][PASSED] - setText: Finding Test Object with id 'Object Repository/MOH AND GRN/Page_KDMC - CMS/input_txtbatchno'

2018-06-10 21:45:30 - [TEST_STEP][PASSED] - Statement - switch (id): Finding Test Object with id 'Object Repository/MOH AND GRN/Page_KDMC - CMS/input_txtmrp'

2018-06-10 21:45:30 - [TEST_STEP][PASSED] - Statement - case 1:: Text 'BA348.0' is set on object 'Object Repository/MOH AND GRN/Page_KDMC - CMS/input_txtbatchno'

2018-06-10 21:45:30 - [TEST_STEP][PASSED] - Statement - return (java.lang.Math.floor((java.lang.Math.random() * ((max - min) + 1))) + min): Text 'BA348.0' is set on object 'Object Repository/MOH AND GRN/Page_KDMC - CMS/input_txtbatchno'

2018-06-10 21:45:30 - [MESSAGE][PASSED] - Text 'BA348.0' is set on object 'Object Repository/MOH AND GRN/Page_KDMC - CMS/input_txtbatchno'

2018-06-10 21:45:30 - [TEST_STEP][PASSED] - rightClick: Object: 'Object Repository/GRN/Page_KDMC - CMS/input_txtexpdate' is right clicked on

2018-06-10 21:45:30 - [MESSAGE][PASSED] - Object: 'Object Repository/GRN/Page_KDMC - CMS/input_txtexpdate' is right clicked on

2018-06-10 21:45:30 - [TEST_STEP][PASSED] - selectOptionByIndex: All options with index in [10] are selected on object 'Object Repository/GRN/Page_KDMC - CMS/select_20182019202020212022202'

2018-06-10 21:45:30 - [MESSAGE][PASSED] - All options with index in [10] are selected on object 'Object Repository/GRN/Page_KDMC - CMS/select_20182019202020212022202'

2018-06-10 21:45:30 - [TEST_STEP][PASSED] - selectOptionByIndex: All options with index in [10] are selected on object 'Object Repository/GRN/Page_KDMC - CMS/select_JanFebMarAprMayJunJulAu'

2018-06-10 21:45:30 - [MESSAGE][PASSED] - All options with index in [10] are selected on object 'Object Repository/GRN/Page_KDMC - CMS/select_JanFebMarAprMayJunJulAu'

2018-06-10 21:45:30 - [TEST_STEP][PASSED] - click: Object: 'Object Repository/MOH AND GRN/Page_KDMC - CMS/a_12' is clicked on

2018-06-10 21:45:30 - [MESSAGE][PASSED] - Object: 'Object Repository/MOH AND GRN/Page_KDMC - CMS/a_12' is clicked on

2018-06-10 21:45:30 - [TEST_STEP][PASSED] - click: Object: 'Object Repository/MOH AND GRN/Page_KDMC - CMS/input_btnadd' is clicked on

2018-06-10 21:45:30 - [MESSAGE][PASSED] - Object: 'Object Repository/MOH AND GRN/Page_KDMC - CMS/input_btnadd' is clicked on

2018-06-10 21:45:30 - [TEST_STEP][PASSED] - Statement - If (s == 10): null

2018-06-10 21:45:30 - [TEST_STEP][PASSED] - Statement - s = 1: null

2018-06-10 21:45:30 - [TEST_STEP][PASSED] - delay: Delayed 1 second(s)

2018-06-10 21:45:31 - [MESSAGE][PASSED] - Delayed 1 second(s)

2018-06-10 21:45:31 - [TEST_STEP][PASSED] - selectOptionByIndex: All options with index in [11] are selected on object 'Object Repository/MOH AND GRN/Page_KDMC - CMS/select_--Select--Amikacin -500'

2018-06-10 21:45:32 - [MESSAGE][PASSED] - All options with index in [11] are selected on object 'Object Repository/MOH AND GRN/Page_KDMC - CMS/select_--Select--Amikacin -500'

2018-06-10 21:45:32 - [TEST_STEP][PASSED] - setText: Text '5000' is set on object 'Object Repository/MOH AND GRN/Page_KDMC - CMS/input_txtqty'

2018-06-10 21:45:32 - [MESSAGE][PASSED] - Text '5000' is set on object 'Object Repository/MOH AND GRN/Page_KDMC - CMS/input_txtqty'

2018-06-10 21:45:32 - [TEST_STEP][PASSED] - selectOptionByIndex: All options with index in [1] are selected on object 'Object Repository/MOH AND GRN/Page_KDMC - CMS/select_--Select--No Tax0'

2018-06-10 21:45:32 - [MESSAGE][PASSED] - All options with index in [1] are selected on object 'Object Repository/MOH AND GRN/Page_KDMC - CMS/select_--Select--No Tax0'

2018-06-10 21:45:32 - [TEST_STEP][PASSED] - setText: Finding Test Object with id 'Object Repository/MOH AND GRN/Page_KDMC - CMS/input_txtmrp'

2018-06-10 21:45:32 - [TEST_STEP][PASSED] - Statement - switch (id): Finding Test Object with id 'Object Repository/MOH AND GRN/Page_KDMC - CMS/input_txtdeal'

2018-06-10 21:45:32 - [TEST_STEP][PASSED] - Statement - case 4:: Text '32.0' is set on object 'Object Repository/MOH AND GRN/Page_KDMC - CMS/input_txtmrp'

2018-06-10 21:45:32 - [TEST_STEP][PASSED] - Statement - return (java.lang.Math.floor((java.lang.Math.random() * ((max - min) + 1))) + min): Text '32.0' is set on object 'Object Repository/MOH AND GRN/Page_KDMC - CMS/input_txtmrp'

2018-06-10 21:45:32 - [MESSAGE][PASSED] - Text '32.0' is set on object 'Object Repository/MOH AND GRN/Page_KDMC - CMS/input_txtmrp'

2018-06-10 21:45:32 - [TEST_STEP][PASSED] - setText: Finding Test Object with id 'Object Repository/MOH AND GRN/Page_KDMC - CMS/input_txtdeal'

2018-06-10 21:45:32 - [TEST_STEP][PASSED] - Statement - switch (id): Finding Test Object with id 'Object Repository/MOH AND GRN/Page_KDMC - CMS/input_txtbatchno'

2018-06-10 21:45:32 - [TEST_STEP][PASSED] - Statement - case 5:: Text '6.0' is set on object 'Object Repository/MOH AND GRN/Page_KDMC - CMS/input_txtdeal'

2018-06-10 21:45:32 - [TEST_STEP][PASSED] - Statement - return (java.lang.Math.floor((java.lang.Math.random() * ((max - min) + 1))) + min): Text '6.0' is set on object 'Object Repository/MOH AND GRN/Page_KDMC - CMS/input_txtdeal'

2018-06-10 21:45:32 - [MESSAGE][PASSED] - Text '6.0' is set on object 'Object Repository/MOH AND GRN/Page_KDMC - CMS/input_txtdeal'

2018-06-10 21:45:32 - [TEST_STEP][PASSED] - setText: Finding Test Object with id 'Object Repository/MOH AND GRN/Page_KDMC - CMS/input_txtbatchno'

2018-06-10 21:45:32 - [TEST_STEP][PASSED] - Statement - switch (id): Finding Test Object with id 'Object Repository/MOH AND GRN/Page_KDMC - CMS/input_txtmrp'

2018-06-10 21:45:32 - [TEST_STEP][PASSED] - Statement - case 1:: Text 'BA272.0' is set on object 'Object Repository/MOH AND GRN/Page_KDMC - CMS/input_txtbatchno'

2018-06-10 21:45:32 - [TEST_STEP][PASSED] - Statement - return (java.lang.Math.floor((java.lang.Math.random() * ((max - min) + 1))) + min): Text 'BA272.0' is set on object 'Object Repository/MOH AND GRN/Page_KDMC - CMS/input_txtbatchno'

2018-06-10 21:45:32 - [MESSAGE][PASSED] - Text 'BA272.0' is set on object 'Object Repository/MOH AND GRN/Page_KDMC - CMS/input_txtbatchno'

2018-06-10 21:45:32 - [TEST_STEP][PASSED] - rightClick: Object: 'Object Repository/GRN/Page_KDMC - CMS/input_txtexpdate' is right clicked on

2018-06-10 21:45:32 - [MESSAGE][PASSED] - Object: 'Object Repository/GRN/Page_KDMC - CMS/input_txtexpdate' is right clicked on

2018-06-10 21:45:32 - [TEST_STEP][PASSED] - selectOptionByIndex: All options with index in [1] are selected on object 'Object Repository/GRN/Page_KDMC - CMS/select_20182019202020212022202'

2018-06-10 21:45:33 - [MESSAGE][PASSED] - All options with index in [1] are selected on object 'Object Repository/GRN/Page_KDMC - CMS/select_20182019202020212022202'

2018-06-10 21:45:33 - [TEST_STEP][PASSED] - selectOptionByIndex: All options with index in [1] are selected on object 'Object Repository/GRN/Page_KDMC - CMS/select_JanFebMarAprMayJunJulAu'

2018-06-10 21:45:33 - [MESSAGE][PASSED] - All options with index in [1] are selected on object 'Object Repository/GRN/Page_KDMC - CMS/select_JanFebMarAprMayJunJulAu'

2018-06-10 21:45:33 - [TEST_STEP][PASSED] - click: Object: 'Object Repository/MOH AND GRN/Page_KDMC - CMS/a_12' is clicked on

2018-06-10 21:45:33 - [MESSAGE][PASSED] - Object: 'Object Repository/MOH AND GRN/Page_KDMC - CMS/a_12' is clicked on

2018-06-10 21:45:33 - [TEST_STEP][PASSED] - click: Object: 'Object Repository/MOH AND GRN/Page_KDMC - CMS/input_btnadd' is clicked on

2018-06-10 21:45:33 - [MESSAGE][PASSED] - Object: 'Object Repository/MOH AND GRN/Page_KDMC - CMS/input_btnadd' is clicked on

2018-06-10 21:45:33 - [TEST_STEP][PASSED] - Statement - If (s == 10): null

2018-06-10 21:45:33 - [TEST_STEP][PASSED] - Statement - Else: null

2018-06-10 21:45:33 - [TEST_STEP][PASSED] - Statement - (s++): null

2018-06-10 21:45:33 - [TEST_STEP][PASSED] - delay: Delayed 1 second(s)

2018-06-10 21:45:34 - [MESSAGE][PASSED] - Delayed 1 second(s)

2018-06-10 21:45:34 - [TEST_STEP][PASSED] - selectOptionByIndex: All options with index in [12] are selected on object 'Object Repository/MOH AND GRN/Page_KDMC - CMS/select_--Select--Amikacin -500'

2018-06-10 21:45:34 - [MESSAGE][PASSED] - All options with index in [12] are selected on object 'Object Repository/MOH AND GRN/Page_KDMC - CMS/select_--Select--Amikacin -500'

2018-06-10 21:45:34 - [TEST_STEP][PASSED] - setText: Text '5000' is set on object 'Object Repository/MOH AND GRN/Page_KDMC - CMS/input_txtqty'

2018-06-10 21:45:34 - [MESSAGE][PASSED] - Text '5000' is set on object 'Object Repository/MOH AND GRN/Page_KDMC - CMS/input_txtqty'

2018-06-10 21:45:34 - [TEST_STEP][PASSED] - selectOptionByIndex: All options with index in [1] are selected on object 'Object Repository/MOH AND GRN/Page_KDMC - CMS/select_--Select--No Tax0'

2018-06-10 21:45:34 - [MESSAGE][PASSED] - All options with index in [1] are selected on object 'Object Repository/MOH AND GRN/Page_KDMC - CMS/select_--Select--No Tax0'

2018-06-10 21:45:34 - [TEST_STEP][PASSED] - setText: Finding Test Object with id 'Object Repository/MOH AND GRN/Page_KDMC - CMS/input_txtmrp'

2018-06-10 21:45:34 - [TEST_STEP][PASSED] - Statement - switch (id): Finding Test Object with id 'Object Repository/MOH AND GRN/Page_KDMC - CMS/input_txtdeal'

2018-06-10 21:45:34 - [TEST_STEP][PASSED] - Statement - case 4:: Text '34.0' is set on object 'Object Repository/MOH AND GRN/Page_KDMC - CMS/input_txtmrp'

2018-06-10 21:45:34 - [TEST_STEP][PASSED] - Statement - return (java.lang.Math.floor((java.lang.Math.random() * ((max - min) + 1))) + min): Text '34.0' is set on object 'Object Repository/MOH AND GRN/Page_KDMC - CMS/input_txtmrp'

2018-06-10 21:45:34 - [MESSAGE][PASSED] - Text '34.0' is set on object 'Object Repository/MOH AND GRN/Page_KDMC - CMS/input_txtmrp'

2018-06-10 21:45:34 - [TEST_STEP][PASSED] - setText: Finding Test Object with id 'Object Repository/MOH AND GRN/Page_KDMC - CMS/input_txtdeal'

2018-06-10 21:45:34 - [TEST_STEP][PASSED] - Statement - switch (id): Finding Test Object with id 'Object Repository/MOH AND GRN/Page_KDMC - CMS/input_txtbatchno'

2018-06-10 21:45:34 - [TEST_STEP][PASSED] - Statement - case 5:: Text '8.0' is set on object 'Object Repository/MOH AND GRN/Page_KDMC - CMS/input_txtdeal'

2018-06-10 21:45:34 - [TEST_STEP][PASSED] - Statement - return (java.lang.Math.floor((java.lang.Math.random() * ((max - min) + 1))) + min): Text '8.0' is set on object 'Object Repository/MOH AND GRN/Page_KDMC - CMS/input_txtdeal'

2018-06-10 21:45:35 - [MESSAGE][PASSED] - Text '8.0' is set on object 'Object Repository/MOH AND GRN/Page_KDMC - CMS/input_txtdeal'

2018-06-10 21:45:35 - [TEST_STEP][PASSED] - setText: Finding Test Object with id 'Object Repository/MOH AND GRN/Page_KDMC - CMS/input_txtbatchno'

2018-06-10 21:45:35 - [TEST_STEP][PASSED] - Statement - switch (id): Finding Test Object with id 'Object Repository/MOH AND GRN/Page_KDMC - CMS/input_txtmrp'

2018-06-10 21:45:35 - [TEST_STEP][PASSED] - Statement - case 1:: Text 'BA485.0' is set on object 'Object Repository/MOH AND GRN/Page_KDMC - CMS/input_txtbatchno'

2018-06-10 21:45:35 - [TEST_STEP][PASSED] - Statement - return (java.lang.Math.floor((java.lang.Math.random() * ((max - min) + 1))) + min): Text 'BA485.0' is set on object 'Object Repository/MOH AND GRN/Page_KDMC - CMS/input_txtbatchno'

2018-06-10 21:45:35 - [MESSAGE][PASSED] - Text 'BA485.0' is set on object 'Object Repository/MOH AND GRN/Page_KDMC - CMS/input_txtbatchno'

2018-06-10 21:45:35 - [TEST_STEP][PASSED] - rightClick: Object: 'Object Repository/GRN/Page_KDMC - CMS/input_txtexpdate' is right clicked on

2018-06-10 21:45:35 - [MESSAGE][PASSED] - Object: 'Object Repository/GRN/Page_KDMC - CMS/input_txtexpdate' is right clicked on

2018-06-10 21:45:35 - [TEST_STEP][PASSED] - selectOptionByIndex: All options with index in [2] are selected on object 'Object Repository/GRN/Page_KDMC - CMS/select_20182019202020212022202'

2018-06-10 21:45:35 - [MESSAGE][PASSED] - All options with index in [2] are selected on object 'Object Repository/GRN/Page_KDMC - CMS/select_20182019202020212022202'

2018-06-10 21:45:35 - [TEST_STEP][PASSED] - selectOptionByIndex: All options with index in [2] are selected on object 'Object Repository/GRN/Page_KDMC - CMS/select_JanFebMarAprMayJunJulAu'

2018-06-10 21:45:35 - [MESSAGE][PASSED] - All options with index in [2] are selected on object 'Object Repository/GRN/Page_KDMC - CMS/select_JanFebMarAprMayJunJulAu'

2018-06-10 21:45:35 - [TEST_STEP][PASSED] - click: Object: 'Object Repository/MOH AND GRN/Page_KDMC - CMS/a_12' is clicked on

2018-06-10 21:45:35 - [MESSAGE][PASSED] - Object: 'Object Repository/MOH AND GRN/Page_KDMC - CMS/a_12' is clicked on

2018-06-10 21:45:35 - [TEST_STEP][PASSED] - click: Object: 'Object Repository/MOH AND GRN/Page_KDMC - CMS/input_btnadd' is clicked on

2018-06-10 21:45:35 - [MESSAGE][PASSED] - Object: 'Object Repository/MOH AND GRN/Page_KDMC - CMS/input_btnadd' is clicked on

2018-06-10 21:45:35 - [TEST_STEP][PASSED] - Statement - If (s == 10): null

2018-06-10 21:45:35 - [TEST_STEP][PASSED] - Statement - Else: null

2018-06-10 21:45:35 - [TEST_STEP][PASSED] - Statement - (s++): null

2018-06-10 21:45:35 - [TEST_STEP][PASSED] - delay: Delayed 1 second(s)

2018-06-10 21:45:36 - [MESSAGE][PASSED] - Delayed 1 second(s)

2018-06-10 21:45:36 - [TEST_STEP][PASSED] - selectOptionByIndex: All options with index in [13] are selected on object 'Object Repository/MOH AND GRN/Page_KDMC - CMS/select_--Select--Amikacin -500'

2018-06-10 21:45:36 - [MESSAGE][PASSED] - All options with index in [13] are selected on object 'Object Repository/MOH AND GRN/Page_KDMC - CMS/select_--Select--Amikacin -500'

2018-06-10 21:45:36 - [TEST_STEP][PASSED] - setText: Text '5000' is set on object 'Object Repository/MOH AND GRN/Page_KDMC - CMS/input_txtqty'

2018-06-10 21:45:37 - [MESSAGE][PASSED] - Text '5000' is set on object 'Object Repository/MOH AND GRN/Page_KDMC - CMS/input_txtqty'

2018-06-10 21:45:37 - [TEST_STEP][PASSED] - selectOptionByIndex: All options with index in [1] are selected on object 'Object Repository/MOH AND GRN/Page_KDMC - CMS/select_--Select--No Tax0'

2018-06-10 21:45:37 - [MESSAGE][PASSED] - All options with index in [1] are selected on object 'Object Repository/MOH AND GRN/Page_KDMC - CMS/select_--Select--No Tax0'

2018-06-10 21:45:37 - [TEST_STEP][PASSED] - setText: Finding Test Object with id 'Object Repository/MOH AND GRN/Page_KDMC - CMS/input_txtmrp'

2018-06-10 21:45:37 - [TEST_STEP][PASSED] - Statement - switch (id): Finding Test Object with id 'Object Repository/MOH AND GRN/Page_KDMC - CMS/input_txtdeal'

2018-06-10 21:45:37 - [TEST_STEP][PASSED] - Statement - case 4:: Text '18.0' is set on object 'Object Repository/MOH AND GRN/Page_KDMC - CMS/input_txtmrp'

2018-06-10 21:45:37 - [TEST_STEP][PASSED] - Statement - return (java.lang.Math.floor((java.lang.Math.random() * ((max - min) + 1))) + min): Text '18.0' is set on object 'Object Repository/MOH AND GRN/Page_KDMC - CMS/input_txtmrp'

2018-06-10 21:45:37 - [MESSAGE][PASSED] - Text '18.0' is set on object 'Object Repository/MOH AND GRN/Page_KDMC - CMS/input_txtmrp'

2018-06-10 21:45:37 - [TEST_STEP][PASSED] - setText: Finding Test Object with id 'Object Repository/MOH AND GRN/Page_KDMC - CMS/input_txtdeal'

2018-06-10 21:45:37 - [TEST_STEP][PASSED] - Statement - switch (id): Finding Test Object with id 'Object Repository/MOH AND GRN/Page_KDMC - CMS/input_txtbatchno'

2018-06-10 21:45:37 - [TEST_STEP][PASSED] - Statement - case 5:: Text '8.0' is set on object 'Object Repository/MOH AND GRN/Page_KDMC - CMS/input_txtdeal'

2018-06-10 21:45:37 - [TEST_STEP][PASSED] - Statement - return (java.lang.Math.floor((java.lang.Math.random() * ((max - min) + 1))) + min): Text '8.0' is set on object 'Object Repository/MOH AND GRN/Page_KDMC - CMS/input_txtdeal'

2018-06-10 21:45:37 - [MESSAGE][PASSED] - Text '8.0' is set on object 'Object Repository/MOH AND GRN/Page_KDMC - CMS/input_txtdeal'

2018-06-10 21:45:37 - [TEST_STEP][PASSED] - setText: Finding Test Object with id 'Object Repository/MOH AND GRN/Page_KDMC - CMS/input_txtbatchno'

2018-06-10 21:45:37 - [TEST_STEP][PASSED] - Statement - switch (id): Finding Test Object with id 'Object Repository/MOH AND GRN/Page_KDMC - CMS/input_txtmrp'

2018-06-10 21:45:37 - [TEST_STEP][PASSED] - Statement - case 1:: Text 'BA547.0' is set on object 'Object Repository/MOH AND GRN/Page_KDMC - CMS/input_txtbatchno'

2018-06-10 21:45:37 - [TEST_STEP][PASSED] - Statement - return (java.lang.Math.floor((java.lang.Math.random() * ((max - min) + 1))) + min): Text 'BA547.0' is set on object 'Object Repository/MOH AND GRN/Page_KDMC - CMS/input_txtbatchno'

2018-06-10 21:45:37 - [MESSAGE][PASSED] - Text 'BA547.0' is set on object 'Object Repository/MOH AND GRN/Page_KDMC - CMS/input_txtbatchno'

2018-06-10 21:45:37 - [TEST_STEP][PASSED] - rightClick: Object: 'Object Repository/GRN/Page_KDMC - CMS/input_txtexpdate' is right clicked on

2018-06-10 21:45:37 - [MESSAGE][PASSED] - Object: 'Object Repository/GRN/Page_KDMC - CMS/input_txtexpdate' is right clicked on

2018-06-10 21:45:37 - [TEST_STEP][PASSED] - selectOptionByIndex: All options with index in [3] are selected on object 'Object Repository/GRN/Page_KDMC - CMS/select_20182019202020212022202'

2018-06-10 21:45:37 - [MESSAGE][PASSED] - All options with index in [3] are selected on object 'Object Repository/GRN/Page_KDMC - CMS/select_20182019202020212022202'

2018-06-10 21:45:37 - [TEST_STEP][PASSED] - selectOptionByIndex: All options with index in [3] are selected on object 'Object Repository/GRN/Page_KDMC - CMS/select_JanFebMarAprMayJunJulAu'

2018-06-10 21:45:37 - [MESSAGE][PASSED] - All options with index in [3] are selected on object 'Object Repository/GRN/Page_KDMC - CMS/select_JanFebMarAprMayJunJulAu'

2018-06-10 21:45:37 - [TEST_STEP][PASSED] - click: Object: 'Object Repository/MOH AND GRN/Page_KDMC - CMS/a_12' is clicked on

2018-06-10 21:45:38 - [MESSAGE][PASSED] - Object: 'Object Repository/MOH AND GRN/Page_KDMC - CMS/a_12' is clicked on

2018-06-10 21:45:38 - [TEST_STEP][PASSED] - click: Object: 'Object Repository/MOH AND GRN/Page_KDMC - CMS/input_btnadd' is clicked on

2018-06-10 21:45:38 - [MESSAGE][PASSED] - Object: 'Object Repository/MOH AND GRN/Page_KDMC - CMS/input_btnadd' is clicked on

2018-06-10 21:45:38 - [TEST_STEP][PASSED] - Statement - If (s == 10): null

2018-06-10 21:45:38 - [TEST_STEP][PASSED] - Statement - Else: null

2018-06-10 21:45:38 - [TEST_STEP][PASSED] - Statement - (s++): null

2018-06-10 21:45:38 - [TEST_STEP][PASSED] - delay: Delayed 1 second(s)

2018-06-10 21:45:39 - [MESSAGE][PASSED] - Delayed 1 second(s)

2018-06-10 21:45:39 - [TEST_STEP][PASSED] - selectOptionByIndex: All options with index in [14] are selected on object 'Object Repository/MOH AND GRN/Page_KDMC - CMS/select_--Select--Amikacin -500'

2018-06-10 21:45:39 - [MESSAGE][PASSED] - All options with index in [14] are selected on object 'Object Repository/MOH AND GRN/Page_KDMC - CMS/select_--Select--Amikacin -500'

2018-06-10 21:45:39 - [TEST_STEP][PASSED] - setText: Text '5000' is set on object 'Object Repository/MOH AND GRN/Page_KDMC - CMS/input_txtqty'

2018-06-10 21:45:39 - [MESSAGE][PASSED] - Text '5000' is set on object 'Object Repository/MOH AND GRN/Page_KDMC - CMS/input_txtqty'

2018-06-10 21:45:39 - [TEST_STEP][PASSED] - selectOptionByIndex: All options with index in [1] are selected on object 'Object Repository/MOH AND GRN/Page_KDMC - CMS/select_--Select--No Tax0'

2018-06-10 21:45:39 - [MESSAGE][PASSED] - All options with index in [1] are selected on object 'Object Repository/MOH AND GRN/Page_KDMC - CMS/select_--Select--No Tax0'

2018-06-10 21:45:39 - [TEST_STEP][PASSED] - setText: Finding Test Object with id 'Object Repository/MOH AND GRN/Page_KDMC - CMS/input_txtmrp'

2018-06-10 21:45:39 - [TEST_STEP][PASSED] - Statement - switch (id): Finding Test Object with id 'Object Repository/MOH AND GRN/Page_KDMC - CMS/input_txtdeal'

2018-06-10 21:45:39 - [TEST_STEP][PASSED] - Statement - case 4:: Text '30.0' is set on object 'Object Repository/MOH AND GRN/Page_KDMC - CMS/input_txtmrp'

2018-06-10 21:45:39 - [TEST_STEP][PASSED] - Statement - return (java.lang.Math.floor((java.lang.Math.random() * ((max - min) + 1))) + min): Text '30.0' is set on object 'Object Repository/MOH AND GRN/Page_KDMC - CMS/input_txtmrp'

2018-06-10 21:45:39 - [MESSAGE][PASSED] - Text '30.0' is set on object 'Object Repository/MOH AND GRN/Page_KDMC - CMS/input_txtmrp'

2018-06-10 21:45:39 - [TEST_STEP][PASSED] - setText: Finding Test Object with id 'Object Repository/MOH AND GRN/Page_KDMC - CMS/input_txtdeal'

2018-06-10 21:45:39 - [TEST_STEP][PASSED] - Statement - switch (id): Finding Test Object with id 'Object Repository/MOH AND GRN/Page_KDMC - CMS/input_txtbatchno'

2018-06-10 21:45:39 - [TEST_STEP][PASSED] - Statement - case 5:: Text '9.0' is set on object 'Object Repository/MOH AND GRN/Page_KDMC - CMS/input_txtdeal'

2018-06-10 21:45:39 - [TEST_STEP][PASSED] - Statement - return (java.lang.Math.floor((java.lang.Math.random() * ((max - min) + 1))) + min): Text '9.0' is set on object 'Object Repository/MOH AND GRN/Page_KDMC - CMS/input_txtdeal'

2018-06-10 21:45:39 - [MESSAGE][PASSED] - Text '9.0' is set on object 'Object Repository/MOH AND GRN/Page_KDMC - CMS/input_txtdeal'

2018-06-10 21:45:39 - [TEST_STEP][PASSED] - setText: Finding Test Object with id 'Object Repository/MOH AND GRN/Page_KDMC - CMS/input_txtbatchno'

2018-06-10 21:45:39 - [TEST_STEP][PASSED] - Statement - switch (id): Finding Test Object with id 'Object Repository/MOH AND GRN/Page_KDMC - CMS/input_txtmrp'

2018-06-10 21:45:39 - [TEST_STEP][PASSED] - Statement - case 1:: Text 'BA323.0' is set on object 'Object Repository/MOH AND GRN/Page_KDMC - CMS/input_txtbatchno'

2018-06-10 21:45:39 - [TEST_STEP][PASSED] - Statement - return (java.lang.Math.floor((java.lang.Math.random() * ((max - min) + 1))) + min): Text 'BA323.0' is set on object 'Object Repository/MOH AND GRN/Page_KDMC - CMS/input_txtbatchno'

2018-06-10 21:45:39 - [MESSAGE][PASSED] - Text 'BA323.0' is set on object 'Object Repository/MOH AND GRN/Page_KDMC - CMS/input_txtbatchno'

2018-06-10 21:45:39 - [TEST_STEP][PASSED] - rightClick: Object: 'Object Repository/GRN/Page_KDMC - CMS/input_txtexpdate' is right clicked on

2018-06-10 21:45:40 - [MESSAGE][PASSED] - Object: 'Object Repository/GRN/Page_KDMC - CMS/input_txtexpdate' is right clicked on

2018-06-10 21:45:40 - [TEST_STEP][PASSED] - selectOptionByIndex: All options with index in [4] are selected on object 'Object Repository/GRN/Page_KDMC - CMS/select_20182019202020212022202'

2018-06-10 21:45:40 - [MESSAGE][PASSED] - All options with index in [4] are selected on object 'Object Repository/GRN/Page_KDMC - CMS/select_20182019202020212022202'

2018-06-10 21:45:40 - [TEST_STEP][PASSED] - selectOptionByIndex: All options with index in [4] are selected on object 'Object Repository/GRN/Page_KDMC - CMS/select_JanFebMarAprMayJunJulAu'

2018-06-10 21:45:40 - [MESSAGE][PASSED] - All options with index in [4] are selected on object 'Object Repository/GRN/Page_KDMC - CMS/select_JanFebMarAprMayJunJulAu'

2018-06-10 21:45:40 - [TEST_STEP][PASSED] - click: Object: 'Object Repository/MOH AND GRN/Page_KDMC - CMS/a_12' is clicked on

2018-06-10 21:45:40 - [MESSAGE][PASSED] - Object: 'Object Repository/MOH AND GRN/Page_KDMC - CMS/a_12' is clicked on

2018-06-10 21:45:40 - [TEST_STEP][PASSED] - click: Object: 'Object Repository/MOH AND GRN/Page_KDMC - CMS/input_btnadd' is clicked on

2018-06-10 21:45:40 - [MESSAGE][PASSED] - Object: 'Object Repository/MOH AND GRN/Page_KDMC - CMS/input_btnadd' is clicked on

2018-06-10 21:45:40 - [TEST_STEP][PASSED] - Statement - If (s == 10): null

2018-06-10 21:45:40 - [TEST_STEP][PASSED] - Statement - Else: null

2018-06-10 21:45:40 - [TEST_STEP][PASSED] - Statement - (s++): null

2018-06-10 21:45:40 - [TEST_STEP][PASSED] - delay: Delayed 1 second(s)

2018-06-10 21:45:41 - [MESSAGE][PASSED] - Delayed 1 second(s)

2018-06-10 21:45:41 - [TEST_STEP][PASSED] - selectOptionByIndex: All options with index in [15] are selected on object 'Object Repository/MOH AND GRN/Page_KDMC - CMS/select_--Select--Amikacin -500'

2018-06-10 21:45:41 - [MESSAGE][PASSED] - All options with index in [15] are selected on object 'Object Repository/MOH AND GRN/Page_KDMC - CMS/select_--Select--Amikacin -500'

2018-06-10 21:45:41 - [TEST_STEP][PASSED] - setText: Text '5000' is set on object 'Object Repository/MOH AND GRN/Page_KDMC - CMS/input_txtqty'

2018-06-10 21:45:41 - [MESSAGE][PASSED] - Text '5000' is set on object 'Object Repository/MOH AND GRN/Page_KDMC - CMS/input_txtqty'

2018-06-10 21:45:41 - [TEST_STEP][PASSED] - selectOptionByIndex: All options with index in [1] are selected on object 'Object Repository/MOH AND GRN/Page_KDMC - CMS/select_--Select--No Tax0'

2018-06-10 21:45:42 - [MESSAGE][PASSED] - All options with index in [1] are selected on object 'Object Repository/MOH AND GRN/Page_KDMC - CMS/select_--Select--No Tax0'

2018-06-10 21:45:42 - [TEST_STEP][PASSED] - setText: Finding Test Object with id 'Object Repository/MOH AND GRN/Page_KDMC - CMS/input_txtmrp'

2018-06-10 21:45:42 - [TEST_STEP][PASSED] - Statement - switch (id): Finding Test Object with id 'Object Repository/MOH AND GRN/Page_KDMC - CMS/input_txtdeal'

2018-06-10 21:45:42 - [TEST_STEP][PASSED] - Statement - case 4:: Text '25.0' is set on object 'Object Repository/MOH AND GRN/Page_KDMC - CMS/input_txtmrp'

2018-06-10 21:45:42 - [TEST_STEP][PASSED] - Statement - return (java.lang.Math.floor((java.lang.Math.random() * ((max - min) + 1))) + min): Text '25.0' is set on object 'Object Repository/MOH AND GRN/Page_KDMC - CMS/input_txtmrp'

2018-06-10 21:45:42 - [MESSAGE][PASSED] - Text '25.0' is set on object 'Object Repository/MOH AND GRN/Page_KDMC - CMS/input_txtmrp'

2018-06-10 21:45:42 - [TEST_STEP][PASSED] - setText: Finding Test Object with id 'Object Repository/MOH AND GRN/Page_KDMC - CMS/input_txtdeal'

2018-06-10 21:45:42 - [TEST_STEP][PASSED] - Statement - switch (id): Finding Test Object with id 'Object Repository/MOH AND GRN/Page_KDMC - CMS/input_txtbatchno'

2018-06-10 21:45:42 - [TEST_STEP][PASSED] - Statement - case 5:: Text '12.0' is set on object 'Object Repository/MOH AND GRN/Page_KDMC - CMS/input_txtdeal'

2018-06-10 21:45:42 - [TEST_STEP][PASSED] - Statement - return (java.lang.Math.floor((java.lang.Math.random() * ((max - min) + 1))) + min): Text '12.0' is set on object 'Object Repository/MOH AND GRN/Page_KDMC - CMS/input_txtdeal'

2018-06-10 21:45:42 - [MESSAGE][PASSED] - Text '12.0' is set on object 'Object Repository/MOH AND GRN/Page_KDMC - CMS/input_txtdeal'

2018-06-10 21:45:42 - [TEST_STEP][PASSED] - setText: Finding Test Object with id 'Object Repository/MOH AND GRN/Page_KDMC - CMS/input_txtbatchno'

2018-06-10 21:45:42 - [TEST_STEP][PASSED] - Statement - switch (id): Finding Test Object with id 'Object Repository/MOH AND GRN/Page_KDMC - CMS/input_txtmrp'

2018-06-10 21:45:42 - [TEST_STEP][PASSED] - Statement - case 1:: Text 'BA224.0' is set on object 'Object Repository/MOH AND GRN/Page_KDMC - CMS/input_txtbatchno'

2018-06-10 21:45:42 - [TEST_STEP][PASSED] - Statement - return (java.lang.Math.floor((java.lang.Math.random() * ((max - min) + 1))) + min): Text 'BA224.0' is set on object 'Object Repository/MOH AND GRN/Page_KDMC - CMS/input_txtbatchno'

2018-06-10 21:45:42 - [MESSAGE][PASSED] - Text 'BA224.0' is set on object 'Object Repository/MOH AND GRN/Page_KDMC - CMS/input_txtbatchno'

2018-06-10 21:45:42 - [TEST_STEP][PASSED] - rightClick: Object: 'Object Repository/GRN/Page_KDMC - CMS/input_txtexpdate' is right clicked on

2018-06-10 21:45:42 - [MESSAGE][PASSED] - Object: 'Object Repository/GRN/Page_KDMC - CMS/input_txtexpdate' is right clicked on

2018-06-10 21:45:42 - [TEST_STEP][PASSED] - selectOptionByIndex: All options with index in [5] are selected on object 'Object Repository/GRN/Page_KDMC - CMS/select_20182019202020212022202'

2018-06-10 21:45:42 - [MESSAGE][PASSED] - All options with index in [5] are selected on object 'Object Repository/GRN/Page_KDMC - CMS/select_20182019202020212022202'

2018-06-10 21:45:42 - [TEST_STEP][PASSED] - selectOptionByIndex: All options with index in [5] are selected on object 'Object Repository/GRN/Page_KDMC - CMS/select_JanFebMarAprMayJunJulAu'

2018-06-10 21:45:42 - [MESSAGE][PASSED] - All options with index in [5] are selected on object 'Object Repository/GRN/Page_KDMC - CMS/select_JanFebMarAprMayJunJulAu'

2018-06-10 21:45:42 - [TEST_STEP][PASSED] - click: Object: 'Object Repository/MOH AND GRN/Page_KDMC - CMS/a_12' is clicked on

2018-06-10 21:45:42 - [MESSAGE][PASSED] - Object: 'Object Repository/MOH AND GRN/Page_KDMC - CMS/a_12' is clicked on

2018-06-10 21:45:42 - [TEST_STEP][PASSED] - click: Object: 'Object Repository/MOH AND GRN/Page_KDMC - CMS/input_btnadd' is clicked on

2018-06-10 21:45:42 - [MESSAGE][PASSED] - Object: 'Object Repository/MOH AND GRN/Page_KDMC - CMS/input_btnadd' is clicked on

2018-06-10 21:45:42 - [TEST_STEP][PASSED] - Statement - If (s == 10): null

2018-06-10 21:45:42 - [TEST_STEP][PASSED] - Statement - Else: null

2018-06-10 21:45:42 - [TEST_STEP][PASSED] - Statement - (s++): null

2018-06-10 21:45:42 - [TEST_STEP][PASSED] - delay: Delayed 1 second(s)

2018-06-10 21:45:43 - [MESSAGE][PASSED] - Delayed 1 second(s)

2018-06-10 21:45:43 - [TEST_STEP][PASSED] - selectOptionByIndex: All options with index in [16] are selected on object 'Object Repository/MOH AND GRN/Page_KDMC - CMS/select_--Select--Amikacin -500'

2018-06-10 21:45:44 - [MESSAGE][PASSED] - All options with index in [16] are selected on object 'Object Repository/MOH AND GRN/Page_KDMC - CMS/select_--Select--Amikacin -500'

2018-06-10 21:45:44 - [TEST_STEP][PASSED] - setText: Text '5000' is set on object 'Object Repository/MOH AND GRN/Page_KDMC - CMS/input_txtqty'

2018-06-10 21:45:44 - [MESSAGE][PASSED] - Text '5000' is set on object 'Object Repository/MOH AND GRN/Page_KDMC - CMS/input_txtqty'

2018-06-10 21:45:44 - [TEST_STEP][PASSED] - selectOptionByIndex: All options with index in [1] are selected on object 'Object Repository/MOH AND GRN/Page_KDMC - CMS/select_--Select--No Tax0'

2018-06-10 21:45:44 - [MESSAGE][PASSED] - All options with index in [1] are selected on object 'Object Repository/MOH AND GRN/Page_KDMC - CMS/select_--Select--No Tax0'

2018-06-10 21:45:44 - [TEST_STEP][PASSED] - setText: Finding Test Object with id 'Object Repository/MOH AND GRN/Page_KDMC - CMS/input_txtmrp'

2018-06-10 21:45:44 - [TEST_STEP][PASSED] - Statement - switch (id): Finding Test Object with id 'Object Repository/MOH AND GRN/Page_KDMC - CMS/input_txtdeal'

2018-06-10 21:45:44 - [TEST_STEP][PASSED] - Statement - case 4:: Text '27.0' is set on object 'Object Repository/MOH AND GRN/Page_KDMC - CMS/input_txtmrp'

2018-06-10 21:45:44 - [TEST_STEP][PASSED] - Statement - return (java.lang.Math.floor((java.lang.Math.random() * ((max - min) + 1))) + min): Text '27.0' is set on object 'Object Repository/MOH AND GRN/Page_KDMC - CMS/input_txtmrp'

2018-06-10 21:45:44 - [MESSAGE][PASSED] - Text '27.0' is set on object 'Object Repository/MOH AND GRN/Page_KDMC - CMS/input_txtmrp'

2018-06-10 21:45:44 - [TEST_STEP][PASSED] - setText: Finding Test Object with id 'Object Repository/MOH AND GRN/Page_KDMC - CMS/input_txtdeal'

2018-06-10 21:45:44 - [TEST_STEP][PASSED] - Statement - switch (id): Finding Test Object with id 'Object Repository/MOH AND GRN/Page_KDMC - CMS/input_txtbatchno'

2018-06-10 21:45:44 - [TEST_STEP][PASSED] - Statement - case 5:: Text '12.0' is set on object 'Object Repository/MOH AND GRN/Page_KDMC - CMS/input_txtdeal'

2018-06-10 21:45:44 - [TEST_STEP][PASSED] - Statement - return (java.lang.Math.floor((java.lang.Math.random() * ((max - min) + 1))) + min): Text '12.0' is set on object 'Object Repository/MOH AND GRN/Page_KDMC - CMS/input_txtdeal'

2018-06-10 21:45:44 - [MESSAGE][PASSED] - Text '12.0' is set on object 'Object Repository/MOH AND GRN/Page_KDMC - CMS/input_txtdeal'

2018-06-10 21:45:44 - [TEST_STEP][PASSED] - setText: Finding Test Object with id 'Object Repository/MOH AND GRN/Page_KDMC - CMS/input_txtbatchno'

2018-06-10 21:45:44 - [TEST_STEP][PASSED] - Statement - switch (id): Finding Test Object with id 'Object Repository/MOH AND GRN/Page_KDMC - CMS/input_txtmrp'

2018-06-10 21:45:44 - [TEST_STEP][PASSED] - Statement - case 1:: Text 'BA511.0' is set on object 'Object Repository/MOH AND GRN/Page_KDMC - CMS/input_txtbatchno'

2018-06-10 21:45:44 - [TEST_STEP][PASSED] - Statement - return (java.lang.Math.floor((java.lang.Math.random() * ((max - min) + 1))) + min): Text 'BA511.0' is set on object 'Object Repository/MOH AND GRN/Page_KDMC - CMS/input_txtbatchno'

2018-06-10 21:45:44 - [MESSAGE][PASSED] - Text 'BA511.0' is set on object 'Object Repository/MOH AND GRN/Page_KDMC - CMS/input_txtbatchno'

2018-06-10 21:45:44 - [TEST_STEP][PASSED] - rightClick: Object: 'Object Repository/GRN/Page_KDMC - CMS/input_txtexpdate' is right clicked on

2018-06-10 21:45:44 - [MESSAGE][PASSED] - Object: 'Object Repository/GRN/Page_KDMC - CMS/input_txtexpdate' is right clicked on

2018-06-10 21:45:44 - [TEST_STEP][PASSED] - selectOptionByIndex: All options with index in [6] are selected on object 'Object Repository/GRN/Page_KDMC - CMS/select_20182019202020212022202'

2018-06-10 21:45:45 - [MESSAGE][PASSED] - All options with index in [6] are selected on object 'Object Repository/GRN/Page_KDMC - CMS/select_20182019202020212022202'

2018-06-10 21:45:45 - [TEST_STEP][PASSED] - selectOptionByIndex: All options with index in [6] are selected on object 'Object Repository/GRN/Page_KDMC - CMS/select_JanFebMarAprMayJunJulAu'

2018-06-10 21:45:45 - [MESSAGE][PASSED] - All options with index in [6] are selected on object 'Object Repository/GRN/Page_KDMC - CMS/select_JanFebMarAprMayJunJulAu'

2018-06-10 21:45:45 - [TEST_STEP][PASSED] - click: Object: 'Object Repository/MOH AND GRN/Page_KDMC - CMS/a_12' is clicked on

2018-06-10 21:45:45 - [MESSAGE][PASSED] - Object: 'Object Repository/MOH AND GRN/Page_KDMC - CMS/a_12' is clicked on

2018-06-10 21:45:45 - [TEST_STEP][PASSED] - click: Object: 'Object Repository/MOH AND GRN/Page_KDMC - CMS/input_btnadd' is clicked on

2018-06-10 21:45:45 - [MESSAGE][PASSED] - Object: 'Object Repository/MOH AND GRN/Page_KDMC - CMS/input_btnadd' is clicked on

2018-06-10 21:45:45 - [TEST_STEP][PASSED] - Statement - If (s == 10): null

2018-06-10 21:45:45 - [TEST_STEP][PASSED] - Statement - Else: null

2018-06-10 21:45:45 - [TEST_STEP][PASSED] - Statement - (s++): null

2018-06-10 21:45:45 - [TEST_STEP][PASSED] - delay: Delayed 1 second(s)

2018-06-10 21:45:46 - [MESSAGE][PASSED] - Delayed 1 second(s)

2018-06-10 21:45:46 - [TEST_STEP][PASSED] - selectOptionByIndex: All options with index in [17] are selected on object 'Object Repository/MOH AND GRN/Page_KDMC - CMS/select_--Select--Amikacin -500'

2018-06-10 21:45:46 - [MESSAGE][PASSED] - All options with index in [17] are selected on object 'Object Repository/MOH AND GRN/Page_KDMC - CMS/select_--Select--Amikacin -500'

2018-06-10 21:45:46 - [TEST_STEP][PASSED] - setText: Text '5000' is set on object 'Object Repository/MOH AND GRN/Page_KDMC - CMS/input_txtqty'

2018-06-10 21:45:46 - [MESSAGE][PASSED] - Text '5000' is set on object 'Object Repository/MOH AND GRN/Page_KDMC - CMS/input_txtqty'

2018-06-10 21:45:46 - [TEST_STEP][PASSED] - selectOptionByIndex: All options with index in [1] are selected on object 'Object Repository/MOH AND GRN/Page_KDMC - CMS/select_--Select--No Tax0'

2018-06-10 21:45:46 - [MESSAGE][PASSED] - All options with index in [1] are selected on object 'Object Repository/MOH AND GRN/Page_KDMC - CMS/select_--Select--No Tax0'

2018-06-10 21:45:46 - [TEST_STEP][PASSED] - setText: Finding Test Object with id 'Object Repository/MOH AND GRN/Page_KDMC - CMS/input_txtmrp'

2018-06-10 21:45:46 - [TEST_STEP][PASSED] - Statement - switch (id): Finding Test Object with id 'Object Repository/MOH AND GRN/Page_KDMC - CMS/input_txtdeal'

2018-06-10 21:45:46 - [TEST_STEP][PASSED] - Statement - case 4:: Text '43.0' is set on object 'Object Repository/MOH AND GRN/Page_KDMC - CMS/input_txtmrp'

2018-06-10 21:45:46 - [TEST_STEP][PASSED] - Statement - return (java.lang.Math.floor((java.lang.Math.random() * ((max - min) + 1))) + min): Text '43.0' is set on object 'Object Repository/MOH AND GRN/Page_KDMC - CMS/input_txtmrp'

2018-06-10 21:45:47 - [MESSAGE][PASSED] - Text '43.0' is set on object 'Object Repository/MOH AND GRN/Page_KDMC - CMS/input_txtmrp'

2018-06-10 21:45:47 - [TEST_STEP][PASSED] - setText: Finding Test Object with id 'Object Repository/MOH AND GRN/Page_KDMC - CMS/input_txtdeal'

2018-06-10 21:45:47 - [TEST_STEP][PASSED] - Statement - switch (id): Finding Test Object with id 'Object Repository/MOH AND GRN/Page_KDMC - CMS/input_txtbatchno'

2018-06-10 21:45:47 - [TEST_STEP][PASSED] - Statement - case 5:: Text '5.0' is set on object 'Object Repository/MOH AND GRN/Page_KDMC - CMS/input_txtdeal'

2018-06-10 21:45:47 - [TEST_STEP][PASSED] - Statement - return (java.lang.Math.floor((java.lang.Math.random() * ((max - min) + 1))) + min): Text '5.0' is set on object 'Object Repository/MOH AND GRN/Page_KDMC - CMS/input_txtdeal'

2018-06-10 21:45:47 - [MESSAGE][PASSED] - Text '5.0' is set on object 'Object Repository/MOH AND GRN/Page_KDMC - CMS/input_txtdeal'

2018-06-10 21:45:47 - [TEST_STEP][PASSED] - setText: Finding Test Object with id 'Object Repository/MOH AND GRN/Page_KDMC - CMS/input_txtbatchno'

2018-06-10 21:45:47 - [TEST_STEP][PASSED] - Statement - switch (id): Finding Test Object with id 'Object Repository/MOH AND GRN/Page_KDMC - CMS/input_txtmrp'

2018-06-10 21:45:47 - [TEST_STEP][PASSED] - Statement - case 1:: Text 'BA978.0' is set on object 'Object Repository/MOH AND GRN/Page_KDMC - CMS/input_txtbatchno'

2018-06-10 21:45:47 - [TEST_STEP][PASSED] - Statement - return (java.lang.Math.floor((java.lang.Math.random() * ((max - min) + 1))) + min): Text 'BA978.0' is set on object 'Object Repository/MOH AND GRN/Page_KDMC - CMS/input_txtbatchno'

2018-06-10 21:45:47 - [MESSAGE][PASSED] - Text 'BA978.0' is set on object 'Object Repository/MOH AND GRN/Page_KDMC - CMS/input_txtbatchno'

2018-06-10 21:45:47 - [TEST_STEP][PASSED] - rightClick: Object: 'Object Repository/GRN/Page_KDMC - CMS/input_txtexpdate' is right clicked on

2018-06-10 21:45:47 - [MESSAGE][PASSED] - Object: 'Object Repository/GRN/Page_KDMC - CMS/input_txtexpdate' is right clicked on

2018-06-10 21:45:47 - [TEST_STEP][PASSED] - selectOptionByIndex: All options with index in [7] are selected on object 'Object Repository/GRN/Page_KDMC - CMS/select_20182019202020212022202'

2018-06-10 21:45:47 - [MESSAGE][PASSED] - All options with index in [7] are selected on object 'Object Repository/GRN/Page_KDMC - CMS/select_20182019202020212022202'

2018-06-10 21:45:47 - [TEST_STEP][PASSED] - selectOptionByIndex: All options with index in [7] are selected on object 'Object Repository/GRN/Page_KDMC - CMS/select_JanFebMarAprMayJunJulAu'

2018-06-10 21:45:47 - [MESSAGE][PASSED] - All options with index in [7] are selected on object 'Object Repository/GRN/Page_KDMC - CMS/select_JanFebMarAprMayJunJulAu'

2018-06-10 21:45:47 - [TEST_STEP][PASSED] - click: Object: 'Object Repository/MOH AND GRN/Page_KDMC - CMS/a_12' is clicked on

2018-06-10 21:45:47 - [MESSAGE][PASSED] - Object: 'Object Repository/MOH AND GRN/Page_KDMC - CMS/a_12' is clicked on

2018-06-10 21:45:47 - [TEST_STEP][PASSED] - click: Object: 'Object Repository/MOH AND GRN/Page_KDMC - CMS/input_btnadd' is clicked on

2018-06-10 21:45:47 - [MESSAGE][PASSED] - Object: 'Object Repository/MOH AND GRN/Page_KDMC - CMS/input_btnadd' is clicked on

2018-06-10 21:45:47 - [TEST_STEP][PASSED] - Statement - If (s == 10): null

2018-06-10 21:45:47 - [TEST_STEP][PASSED] - Statement - Else: null

2018-06-10 21:45:47 - [TEST_STEP][PASSED] - Statement - (s++): null

2018-06-10 21:45:47 - [TEST_STEP][PASSED] - delay: Delayed 1 second(s)

2018-06-10 21:45:48 - [MESSAGE][PASSED] - Delayed 1 second(s)

2018-06-10 21:45:48 - [TEST_STEP][PASSED] - selectOptionByIndex: All options with index in [18] are selected on object 'Object Repository/MOH AND GRN/Page_KDMC - CMS/select_--Select--Amikacin -500'

2018-06-10 21:45:49 - [MESSAGE][PASSED] - All options with index in [18] are selected on object 'Object Repository/MOH AND GRN/Page_KDMC - CMS/select_--Select--Amikacin -500'

2018-06-10 21:45:49 - [TEST_STEP][PASSED] - setText: Text '5000' is set on object 'Object Repository/MOH AND GRN/Page_KDMC - CMS/input_txtqty'

2018-06-10 21:45:49 - [MESSAGE][PASSED] - Text '5000' is set on object 'Object Repository/MOH AND GRN/Page_KDMC - CMS/input_txtqty'

2018-06-10 21:45:49 - [TEST_STEP][PASSED] - selectOptionByIndex: All options with index in [1] are selected on object 'Object Repository/MOH AND GRN/Page_KDMC - CMS/select_--Select--No Tax0'

2018-06-10 21:45:49 - [MESSAGE][PASSED] - All options with index in [1] are selected on object 'Object Repository/MOH AND GRN/Page_KDMC - CMS/select_--Select--No Tax0'

2018-06-10 21:45:49 - [TEST_STEP][PASSED] - setText: Finding Test Object with id 'Object Repository/MOH AND GRN/Page_KDMC - CMS/input_txtmrp'

2018-06-10 21:45:49 - [TEST_STEP][PASSED] - Statement - switch (id): Finding Test Object with id 'Object Repository/MOH AND GRN/Page_KDMC - CMS/input_txtdeal'

2018-06-10 21:45:49 - [TEST_STEP][PASSED] - Statement - case 4:: Text '44.0' is set on object 'Object Repository/MOH AND GRN/Page_KDMC - CMS/input_txtmrp'

2018-06-10 21:45:49 - [TEST_STEP][PASSED] - Statement - return (java.lang.Math.floor((java.lang.Math.random() * ((max - min) + 1))) + min): Text '44.0' is set on object 'Object Repository/MOH AND GRN/Page_KDMC - CMS/input_txtmrp'

2018-06-10 21:45:49 - [MESSAGE][PASSED] - Text '44.0' is set on object 'Object Repository/MOH AND GRN/Page_KDMC - CMS/input_txtmrp'

2018-06-10 21:45:49 - [TEST_STEP][PASSED] - setText: Finding Test Object with id 'Object Repository/MOH AND GRN/Page_KDMC - CMS/input_txtdeal'

2018-06-10 21:45:49 - [TEST_STEP][PASSED] - Statement - switch (id): Finding Test Object with id 'Object Repository/MOH AND GRN/Page_KDMC - CMS/input_txtbatchno'

2018-06-10 21:45:49 - [TEST_STEP][PASSED] - Statement - case 5:: Text '5.0' is set on object 'Object Repository/MOH AND GRN/Page_KDMC - CMS/input_txtdeal'

2018-06-10 21:45:49 - [TEST_STEP][PASSED] - Statement - return (java.lang.Math.floor((java.lang.Math.random() * ((max - min) + 1))) + min): Text '5.0' is set on object 'Object Repository/MOH AND GRN/Page_KDMC - CMS/input_txtdeal'

2018-06-10 21:45:49 - [MESSAGE][PASSED] - Text '5.0' is set on object 'Object Repository/MOH AND GRN/Page_KDMC - CMS/input_txtdeal'

2018-06-10 21:45:49 - [TEST_STEP][PASSED] - setText: Finding Test Object with id 'Object Repository/MOH AND GRN/Page_KDMC - CMS/input_txtbatchno'

2018-06-10 21:45:49 - [TEST_STEP][PASSED] - Statement - switch (id): Finding Test Object with id 'Object Repository/MOH AND GRN/Page_KDMC - CMS/input_txtmrp'

2018-06-10 21:45:49 - [TEST_STEP][PASSED] - Statement - case 1:: Text 'BA237.0' is set on object 'Object Repository/MOH AND GRN/Page_KDMC - CMS/input_txtbatchno'

2018-06-10 21:45:49 - [TEST_STEP][PASSED] - Statement - return (java.lang.Math.floor((java.lang.Math.random() * ((max - min) + 1))) + min): Text 'BA237.0' is set on object 'Object Repository/MOH AND GRN/Page_KDMC - CMS/input_txtbatchno'

2018-06-10 21:45:49 - [MESSAGE][PASSED] - Text 'BA237.0' is set on object 'Object Repository/MOH AND GRN/Page_KDMC - CMS/input_txtbatchno'

2018-06-10 21:45:49 - [TEST_STEP][PASSED] - rightClick: Object: 'Object Repository/GRN/Page_KDMC - CMS/input_txtexpdate' is right clicked on

2018-06-10 21:45:49 - [MESSAGE][PASSED] - Object: 'Object Repository/GRN/Page_KDMC - CMS/input_txtexpdate' is right clicked on

2018-06-10 21:45:49 - [TEST_STEP][PASSED] - selectOptionByIndex: All options with index in [8] are selected on object 'Object Repository/GRN/Page_KDMC - CMS/select_20182019202020212022202'

2018-06-10 21:45:50 - [MESSAGE][PASSED] - All options with index in [8] are selected on object 'Object Repository/GRN/Page_KDMC - CMS/select_20182019202020212022202'

2018-06-10 21:45:50 - [TEST_STEP][PASSED] - selectOptionByIndex: All options with index in [8] are selected on object 'Object Repository/GRN/Page_KDMC - CMS/select_JanFebMarAprMayJunJulAu'

2018-06-10 21:45:50 - [MESSAGE][PASSED] - All options with index in [8] are selected on object 'Object Repository/GRN/Page_KDMC - CMS/select_JanFebMarAprMayJunJulAu'

2018-06-10 21:45:50 - [TEST_STEP][PASSED] - click: Object: 'Object Repository/MOH AND GRN/Page_KDMC - CMS/a_12' is clicked on

2018-06-10 21:45:50 - [MESSAGE][PASSED] - Object: 'Object Repository/MOH AND GRN/Page_KDMC - CMS/a_12' is clicked on

2018-06-10 21:45:50 - [TEST_STEP][PASSED] - click: Object: 'Object Repository/MOH AND GRN/Page_KDMC - CMS/input_btnadd' is clicked on

2018-06-10 21:45:50 - [MESSAGE][PASSED] - Object: 'Object Repository/MOH AND GRN/Page_KDMC - CMS/input_btnadd' is clicked on

2018-06-10 21:45:50 - [TEST_STEP][PASSED] - Statement - If (s == 10): null

2018-06-10 21:45:50 - [TEST_STEP][PASSED] - Statement - Else: null

2018-06-10 21:45:50 - [TEST_STEP][PASSED] - Statement - (s++): null

2018-06-10 21:45:50 - [TEST_STEP][PASSED] - delay: Delayed 1 second(s)

2018-06-10 21:45:51 - [MESSAGE][PASSED] - Delayed 1 second(s)

2018-06-10 21:45:51 - [TEST_STEP][PASSED] - selectOptionByIndex: All options with index in [19] are selected on object 'Object Repository/MOH AND GRN/Page_KDMC - CMS/select_--Select--Amikacin -500'

2018-06-10 21:45:51 - [MESSAGE][PASSED] - All options with index in [19] are selected on object 'Object Repository/MOH AND GRN/Page_KDMC - CMS/select_--Select--Amikacin -500'

2018-06-10 21:45:51 - [TEST_STEP][PASSED] - setText: Text '5000' is set on object 'Object Repository/MOH AND GRN/Page_KDMC - CMS/input_txtqty'

2018-06-10 21:45:51 - [MESSAGE][PASSED] - Text '5000' is set on object 'Object Repository/MOH AND GRN/Page_KDMC - CMS/input_txtqty'

2018-06-10 21:45:51 - [TEST_STEP][PASSED] - selectOptionByIndex: All options with index in [1] are selected on object 'Object Repository/MOH AND GRN/Page_KDMC - CMS/select_--Select--No Tax0'

2018-06-10 21:45:52 - [MESSAGE][PASSED] - All options with index in [1] are selected on object 'Object Repository/MOH AND GRN/Page_KDMC - CMS/select_--Select--No Tax0'

2018-06-10 21:45:52 - [TEST_STEP][PASSED] - setText: Finding Test Object with id 'Object Repository/MOH AND GRN/Page_KDMC - CMS/input_txtmrp'

2018-06-10 21:45:52 - [TEST_STEP][PASSED] - Statement - switch (id): Finding Test Object with id 'Object Repository/MOH AND GRN/Page_KDMC - CMS/input_txtdeal'

2018-06-10 21:45:52 - [TEST_STEP][PASSED] - Statement - case 4:: Text '25.0' is set on object 'Object Repository/MOH AND GRN/Page_KDMC - CMS/input_txtmrp'

2018-06-10 21:45:52 - [TEST_STEP][PASSED] - Statement - return (java.lang.Math.floor((java.lang.Math.random() * ((max - min) + 1))) + min): Text '25.0' is set on object 'Object Repository/MOH AND GRN/Page_KDMC - CMS/input_txtmrp'

2018-06-10 21:45:52 - [MESSAGE][PASSED] - Text '25.0' is set on object 'Object Repository/MOH AND GRN/Page_KDMC - CMS/input_txtmrp'

2018-06-10 21:45:52 - [TEST_STEP][PASSED] - setText: Finding Test Object with id 'Object Repository/MOH AND GRN/Page_KDMC - CMS/input_txtdeal'

2018-06-10 21:45:52 - [TEST_STEP][PASSED] - Statement - switch (id): Finding Test Object with id 'Object Repository/MOH AND GRN/Page_KDMC - CMS/input_txtbatchno'

2018-06-10 21:45:52 - [TEST_STEP][PASSED] - Statement - case 5:: Text '8.0' is set on object 'Object Repository/MOH AND GRN/Page_KDMC - CMS/input_txtdeal'

2018-06-10 21:45:52 - [TEST_STEP][PASSED] - Statement - return (java.lang.Math.floor((java.lang.Math.random() * ((max - min) + 1))) + min): Text '8.0' is set on object 'Object Repository/MOH AND GRN/Page_KDMC - CMS/input_txtdeal'

2018-06-10 21:45:52 - [MESSAGE][PASSED] - Text '8.0' is set on object 'Object Repository/MOH AND GRN/Page_KDMC - CMS/input_txtdeal'

2018-06-10 21:45:52 - [TEST_STEP][PASSED] - setText: Finding Test Object with id 'Object Repository/MOH AND GRN/Page_KDMC - CMS/input_txtbatchno'

2018-06-10 21:45:52 - [TEST_STEP][PASSED] - Statement - switch (id): Finding Test Object with id 'Object Repository/MOH AND GRN/Page_KDMC - CMS/input_txtmrp'

2018-06-10 21:45:52 - [TEST_STEP][PASSED] - Statement - case 1:: Text 'BA262.0' is set on object 'Object Repository/MOH AND GRN/Page_KDMC - CMS/input_txtbatchno'

2018-06-10 21:45:52 - [TEST_STEP][PASSED] - Statement - return (java.lang.Math.floor((java.lang.Math.random() * ((max - min) + 1))) + min): Text 'BA262.0' is set on object 'Object Repository/MOH AND GRN/Page_KDMC - CMS/input_txtbatchno'

2018-06-10 21:45:52 - [MESSAGE][PASSED] - Text 'BA262.0' is set on object 'Object Repository/MOH AND GRN/Page_KDMC - CMS/input_txtbatchno'

2018-06-10 21:45:52 - [TEST_STEP][PASSED] - rightClick: Object: 'Object Repository/GRN/Page_KDMC - CMS/input_txtexpdate' is right clicked on

2018-06-10 21:45:52 - [MESSAGE][PASSED] - Object: 'Object Repository/GRN/Page_KDMC - CMS/input_txtexpdate' is right clicked on

2018-06-10 21:45:52 - [TEST_STEP][PASSED] - selectOptionByIndex: All options with index in [9] are selected on object 'Object Repository/GRN/Page_KDMC - CMS/select_20182019202020212022202'

2018-06-10 21:45:52 - [MESSAGE][PASSED] - All options with index in [9] are selected on object 'Object Repository/GRN/Page_KDMC - CMS/select_20182019202020212022202'

2018-06-10 21:45:52 - [TEST_STEP][PASSED] - selectOptionByIndex: All options with index in [9] are selected on object 'Object Repository/GRN/Page_KDMC - CMS/select_JanFebMarAprMayJunJulAu'

2018-06-10 21:45:52 - [MESSAGE][PASSED] - All options with index in [9] are selected on object 'Object Repository/GRN/Page_KDMC - CMS/select_JanFebMarAprMayJunJulAu'

2018-06-10 21:45:52 - [TEST_STEP][PASSED] - click: Object: 'Object Repository/MOH AND GRN/Page_KDMC - CMS/a_12' is clicked on

2018-06-10 21:45:52 - [MESSAGE][PASSED] - Object: 'Object Repository/MOH AND GRN/Page_KDMC - CMS/a_12' is clicked on

2018-06-10 21:45:52 - [TEST_STEP][PASSED] - click: Object: 'Object Repository/MOH AND GRN/Page_KDMC - CMS/input_btnadd' is clicked on

2018-06-10 21:45:53 - [MESSAGE][PASSED] - Object: 'Object Repository/MOH AND GRN/Page_KDMC - CMS/input_btnadd' is clicked on

2018-06-10 21:45:53 - [TEST_STEP][PASSED] - Statement - If (s == 10): null

2018-06-10 21:45:53 - [TEST_STEP][PASSED] - Statement - Else: null

2018-06-10 21:45:53 - [TEST_STEP][PASSED] - Statement - (s++): null

2018-06-10 21:45:53 - [TEST_STEP][PASSED] - delay: Delayed 1 second(s)

2018-06-10 21:45:54 - [MESSAGE][PASSED] - Delayed 1 second(s)

2018-06-10 21:45:54 - [TEST_STEP][PASSED] - selectOptionByIndex: All options with index in [20] are selected on object 'Object Repository/MOH AND GRN/Page_KDMC - CMS/select_--Select--Amikacin -500'

2018-06-10 21:45:54 - [MESSAGE][PASSED] - All options with index in [20] are selected on object 'Object Repository/MOH AND GRN/Page_KDMC - CMS/select_--Select--Amikacin -500'

2018-06-10 21:45:54 - [TEST_STEP][PASSED] - setText: Text '5000' is set on object 'Object Repository/MOH AND GRN/Page_KDMC - CMS/input_txtqty'

2018-06-10 21:45:54 - [MESSAGE][PASSED] - Text '5000' is set on object 'Object Repository/MOH AND GRN/Page_KDMC - CMS/input_txtqty'

2018-06-10 21:45:54 - [TEST_STEP][PASSED] - selectOptionByIndex: All options with index in [1] are selected on object 'Object Repository/MOH AND GRN/Page_KDMC - CMS/select_--Select--No Tax0'

2018-06-10 21:45:54 - [MESSAGE][PASSED] - All options with index in [1] are selected on object 'Object Repository/MOH AND GRN/Page_KDMC - CMS/select_--Select--No Tax0'

2018-06-10 21:45:54 - [TEST_STEP][PASSED] - setText: Finding Test Object with id 'Object Repository/MOH AND GRN/Page_KDMC - CMS/input_txtmrp'

2018-06-10 21:45:54 - [TEST_STEP][PASSED] - Statement - switch (id): Finding Test Object with id 'Object Repository/MOH AND GRN/Page_KDMC - CMS/input_txtdeal'

2018-06-10 21:45:54 - [TEST_STEP][PASSED] - Statement - case 4:: Text '30.0' is set on object 'Object Repository/MOH AND GRN/Page_KDMC - CMS/input_txtmrp'

2018-06-10 21:45:54 - [TEST_STEP][PASSED] - Statement - return (java.lang.Math.floor((java.lang.Math.random() * ((max - min) + 1))) + min): Text '30.0' is set on object 'Object Repository/MOH AND GRN/Page_KDMC - CMS/input_txtmrp'

2018-06-10 21:45:54 - [MESSAGE][PASSED] - Text '30.0' is set on object 'Object Repository/MOH AND GRN/Page_KDMC - CMS/input_txtmrp'

2018-06-10 21:45:54 - [TEST_STEP][PASSED] - setText: Finding Test Object with id 'Object Repository/MOH AND GRN/Page_KDMC - CMS/input_txtdeal'

2018-06-10 21:45:54 - [TEST_STEP][PASSED] - Statement - switch (id): Finding Test Object with id 'Object Repository/MOH AND GRN/Page_KDMC - CMS/input_txtbatchno'

2018-06-10 21:45:54 - [TEST_STEP][PASSED] - Statement - case 5:: Text '6.0' is set on object 'Object Repository/MOH AND GRN/Page_KDMC - CMS/input_txtdeal'

2018-06-10 21:45:54 - [TEST_STEP][PASSED] - Statement - return (java.lang.Math.floor((java.lang.Math.random() * ((max - min) + 1))) + min): Text '6.0' is set on object 'Object Repository/MOH AND GRN/Page_KDMC - CMS/input_txtdeal'

2018-06-10 21:45:54 - [MESSAGE][PASSED] - Text '6.0' is set on object 'Object Repository/MOH AND GRN/Page_KDMC - CMS/input_txtdeal'

2018-06-10 21:45:54 - [TEST_STEP][PASSED] - setText: Finding Test Object with id 'Object Repository/MOH AND GRN/Page_KDMC - CMS/input_txtbatchno'

2018-06-10 21:45:54 - [TEST_STEP][PASSED] - Statement - switch (id): Finding Test Object with id 'Object Repository/MOH AND GRN/Page_KDMC - CMS/input_txtmrp'

2018-06-10 21:45:54 - [TEST_STEP][PASSED] - Statement - case 1:: Text 'BA17.0' is set on object 'Object Repository/MOH AND GRN/Page_KDMC - CMS/input_txtbatchno'

2018-06-10 21:45:54 - [TEST_STEP][PASSED] - Statement - return (java.lang.Math.floor((java.lang.Math.random() * ((max - min) + 1))) + min): Text 'BA17.0' is set on object 'Object Repository/MOH AND GRN/Page_KDMC - CMS/input_txtbatchno'

2018-06-10 21:45:54 - [MESSAGE][PASSED] - Text 'BA17.0' is set on object 'Object Repository/MOH AND GRN/Page_KDMC - CMS/input_txtbatchno'

2018-06-10 21:45:54 - [TEST_STEP][PASSED] - rightClick: Object: 'Object Repository/GRN/Page_KDMC - CMS/input_txtexpdate' is right clicked on

2018-06-10 21:45:54 - [MESSAGE][PASSED] - Object: 'Object Repository/GRN/Page_KDMC - CMS/input_txtexpdate' is right clicked on

2018-06-10 21:45:54 - [TEST_STEP][PASSED] - selectOptionByIndex: All options with index in [10] are selected on object 'Object Repository/GRN/Page_KDMC - CMS/select_20182019202020212022202'

2018-06-10 21:45:55 - [MESSAGE][PASSED] - All options with index in [10] are selected on object 'Object Repository/GRN/Page_KDMC - CMS/select_20182019202020212022202'

2018-06-10 21:45:55 - [TEST_STEP][PASSED] - selectOptionByIndex: All options with index in [10] are selected on object 'Object Repository/GRN/Page_KDMC - CMS/select_JanFebMarAprMayJunJulAu'

2018-06-10 21:45:55 - [MESSAGE][PASSED] - All options with index in [10] are selected on object 'Object Repository/GRN/Page_KDMC - CMS/select_JanFebMarAprMayJunJulAu'

2018-06-10 21:45:55 - [TEST_STEP][PASSED] - click: Object: 'Object Repository/MOH AND GRN/Page_KDMC - CMS/a_12' is clicked on

2018-06-10 21:45:55 - [MESSAGE][PASSED] - Object: 'Object Repository/MOH AND GRN/Page_KDMC - CMS/a_12' is clicked on

2018-06-10 21:45:55 - [TEST_STEP][PASSED] - click: Object: 'Object Repository/MOH AND GRN/Page_KDMC - CMS/input_btnadd' is clicked on

2018-06-10 21:45:55 - [MESSAGE][PASSED] - Object: 'Object Repository/MOH AND GRN/Page_KDMC - CMS/input_btnadd' is clicked on

2018-06-10 21:45:55 - [TEST_STEP][PASSED] - Statement - If (s == 10): null

2018-06-10 21:45:55 - [TEST_STEP][PASSED] - Statement - s = 1: null

2018-06-10 21:45:55 - [TEST_STEP][PASSED] - delay: Delayed 1 second(s)

2018-06-10 21:45:56 - [MESSAGE][PASSED] - Delayed 1 second(s)

2018-06-10 21:45:56 - [TEST_STEP][PASSED] - selectOptionByIndex: All options with index in [21] are selected on object 'Object Repository/MOH AND GRN/Page_KDMC - CMS/select_--Select--Amikacin -500'

2018-06-10 21:45:56 - [MESSAGE][PASSED] - All options with index in [21] are selected on object 'Object Repository/MOH AND GRN/Page_KDMC - CMS/select_--Select--Amikacin -500'

2018-06-10 21:45:56 - [TEST_STEP][PASSED] - setText: Text '5000' is set on object 'Object Repository/MOH AND GRN/Page_KDMC - CMS/input_txtqty'

2018-06-10 21:45:57 - [MESSAGE][PASSED] - Text '5000' is set on object 'Object Repository/MOH AND GRN/Page_KDMC - CMS/input_txtqty'

2018-06-10 21:45:57 - [TEST_STEP][PASSED] - selectOptionByIndex: All options with index in [1] are selected on object 'Object Repository/MOH AND GRN/Page_KDMC - CMS/select_--Select--No Tax0'

2018-06-10 21:45:57 - [MESSAGE][PASSED] - All options with index in [1] are selected on object 'Object Repository/MOH AND GRN/Page_KDMC - CMS/select_--Select--No Tax0'

2018-06-10 21:45:57 - [TEST_STEP][PASSED] - setText: Finding Test Object with id 'Object Repository/MOH AND GRN/Page_KDMC - CMS/input_txtmrp'

2018-06-10 21:45:57 - [TEST_STEP][PASSED] - Statement - switch (id): Finding Test Object with id 'Object Repository/MOH AND GRN/Page_KDMC - CMS/input_txtdeal'

2018-06-10 21:45:57 - [TEST_STEP][PASSED] - Statement - case 4:: Text '34.0' is set on object 'Object Repository/MOH AND GRN/Page_KDMC - CMS/input_txtmrp'

2018-06-10 21:45:57 - [TEST_STEP][PASSED] - Statement - return (java.lang.Math.floor((java.lang.Math.random() * ((max - min) + 1))) + min): Text '34.0' is set on object 'Object Repository/MOH AND GRN/Page_KDMC - CMS/input_txtmrp'

2018-06-10 21:45:57 - [MESSAGE][PASSED] - Text '34.0' is set on object 'Object Repository/MOH AND GRN/Page_KDMC - CMS/input_txtmrp'

2018-06-10 21:45:57 - [TEST_STEP][PASSED] - setText: Finding Test Object with id 'Object Repository/MOH AND GRN/Page_KDMC - CMS/input_txtdeal'

2018-06-10 21:45:57 - [TEST_STEP][PASSED] - Statement - switch (id): Finding Test Object with id 'Object Repository/MOH AND GRN/Page_KDMC - CMS/input_txtbatchno'

2018-06-10 21:45:57 - [TEST_STEP][PASSED] - Statement - case 5:: Text '9.0' is set on object 'Object Repository/MOH AND GRN/Page_KDMC - CMS/input_txtdeal'

2018-06-10 21:45:57 - [TEST_STEP][PASSED] - Statement - return (java.lang.Math.floor((java.lang.Math.random() * ((max - min) + 1))) + min): Text '9.0' is set on object 'Object Repository/MOH AND GRN/Page_KDMC - CMS/input_txtdeal'

2018-06-10 21:45:57 - [MESSAGE][PASSED] - Text '9.0' is set on object 'Object Repository/MOH AND GRN/Page_KDMC - CMS/input_txtdeal'

2018-06-10 21:45:57 - [TEST_STEP][PASSED] - setText: Finding Test Object with id 'Object Repository/MOH AND GRN/Page_KDMC - CMS/input_txtbatchno'

2018-06-10 21:45:57 - [TEST_STEP][PASSED] - Statement - switch (id): Finding Test Object with id 'Object Repository/MOH AND GRN/Page_KDMC - CMS/input_txtmrp'

2018-06-10 21:45:57 - [TEST_STEP][PASSED] - Statement - case 1:: Text 'BA761.0' is set on object 'Object Repository/MOH AND GRN/Page_KDMC - CMS/input_txtbatchno'

2018-06-10 21:45:57 - [TEST_STEP][PASSED] - Statement - return (java.lang.Math.floor((java.lang.Math.random() * ((max - min) + 1))) + min): Text 'BA761.0' is set on object 'Object Repository/MOH AND GRN/Page_KDMC - CMS/input_txtbatchno'

2018-06-10 21:45:57 - [MESSAGE][PASSED] - Text 'BA761.0' is set on object 'Object Repository/MOH AND GRN/Page_KDMC - CMS/input_txtbatchno'

2018-06-10 21:45:57 - [TEST_STEP][PASSED] - rightClick: Object: 'Object Repository/GRN/Page_KDMC - CMS/input_txtexpdate' is right clicked on

2018-06-10 21:45:57 - [MESSAGE][PASSED] - Object: 'Object Repository/GRN/Page_KDMC - CMS/input_txtexpdate' is right clicked on

2018-06-10 21:45:57 - [TEST_STEP][PASSED] - selectOptionByIndex: All options with index in [1] are selected on object 'Object Repository/GRN/Page_KDMC - CMS/select_20182019202020212022202'

2018-06-10 21:45:57 - [MESSAGE][PASSED] - All options with index in [1] are selected on object 'Object Repository/GRN/Page_KDMC - CMS/select_20182019202020212022202'

2018-06-10 21:45:57 - [TEST_STEP][PASSED] - selectOptionByIndex: All options with index in [1] are selected on object 'Object Repository/GRN/Page_KDMC - CMS/select_JanFebMarAprMayJunJulAu'

2018-06-10 21:45:57 - [MESSAGE][PASSED] - All options with index in [1] are selected on object 'Object Repository/GRN/Page_KDMC - CMS/select_JanFebMarAprMayJunJulAu'

2018-06-10 21:45:57 - [TEST_STEP][PASSED] - click: Object: 'Object Repository/MOH AND GRN/Page_KDMC - CMS/a_12' is clicked on

2018-06-10 21:45:57 - [MESSAGE][PASSED] - Object: 'Object Repository/MOH AND GRN/Page_KDMC - CMS/a_12' is clicked on

2018-06-10 21:45:57 - [TEST_STEP][PASSED] - click: Object: 'Object Repository/MOH AND GRN/Page_KDMC - CMS/input_btnadd' is clicked on

2018-06-10 21:45:58 - [MESSAGE][PASSED] - Object: 'Object Repository/MOH AND GRN/Page_KDMC - CMS/input_btnadd' is clicked on

2018-06-10 21:45:58 - [TEST_STEP][PASSED] - Statement - If (s == 10): null

2018-06-10 21:45:58 - [TEST_STEP][PASSED] - Statement - Else: null

2018-06-10 21:45:58 - [TEST_STEP][PASSED] - Statement - (s++): null

2018-06-10 21:45:58 - [TEST_STEP][PASSED] - delay: Delayed 1 second(s)

2018-06-10 21:45:59 - [MESSAGE][PASSED] - Delayed 1 second(s)

2018-06-10 21:45:59 - [TEST_STEP][PASSED] - selectOptionByIndex: All options with index in [22] are selected on object 'Object Repository/MOH AND GRN/Page_KDMC - CMS/select_--Select--Amikacin -500'

2018-06-10 21:45:59 - [MESSAGE][PASSED] - All options with index in [22] are selected on object 'Object Repository/MOH AND GRN/Page_KDMC - CMS/select_--Select--Amikacin -500'

2018-06-10 21:45:59 - [TEST_STEP][PASSED] - setText: Text '5000' is set on object 'Object Repository/MOH AND GRN/Page_KDMC - CMS/input_txtqty'

2018-06-10 21:45:59 - [MESSAGE][PASSED] - Text '5000' is set on object 'Object Repository/MOH AND GRN/Page_KDMC - CMS/input_txtqty'

2018-06-10 21:45:59 - [TEST_STEP][PASSED] - selectOptionByIndex: All options with index in [1] are selected on object 'Object Repository/MOH AND GRN/Page_KDMC - CMS/select_--Select--No Tax0'

2018-06-10 21:45:59 - [MESSAGE][PASSED] - All options with index in [1] are selected on object 'Object Repository/MOH AND GRN/Page_KDMC - CMS/select_--Select--No Tax0'

2018-06-10 21:45:59 - [TEST_STEP][PASSED] - setText: Finding Test Object with id 'Object Repository/MOH AND GRN/Page_KDMC - CMS/input_txtmrp'

2018-06-10 21:45:59 - [TEST_STEP][PASSED] - Statement - switch (id): Finding Test Object with id 'Object Repository/MOH AND GRN/Page_KDMC - CMS/input_txtdeal'

2018-06-10 21:45:59 - [TEST_STEP][PASSED] - Statement - case 4:: Text '35.0' is set on object 'Object Repository/MOH AND GRN/Page_KDMC - CMS/input_txtmrp'

2018-06-10 21:45:59 - [TEST_STEP][PASSED] - Statement - return (java.lang.Math.floor((java.lang.Math.random() * ((max - min) + 1))) + min): Text '35.0' is set on object 'Object Repository/MOH AND GRN/Page_KDMC - CMS/input_txtmrp'

2018-06-10 21:45:59 - [MESSAGE][PASSED] - Text '35.0' is set on object 'Object Repository/MOH AND GRN/Page_KDMC - CMS/input_txtmrp'

2018-06-10 21:45:59 - [TEST_STEP][PASSED] - setText: Finding Test Object with id 'Object Repository/MOH AND GRN/Page_KDMC - CMS/input_txtdeal'

2018-06-10 21:45:59 - [TEST_STEP][PASSED] - Statement - switch (id): Finding Test Object with id 'Object Repository/MOH AND GRN/Page_KDMC - CMS/input_txtbatchno'

2018-06-10 21:45:59 - [TEST_STEP][PASSED] - Statement - case 5:: Text '7.0' is set on object 'Object Repository/MOH AND GRN/Page_KDMC - CMS/input_txtdeal'

2018-06-10 21:45:59 - [TEST_STEP][PASSED] - Statement - return (java.lang.Math.floor((java.lang.Math.random() * ((max - min) + 1))) + min): Text '7.0' is set on object 'Object Repository/MOH AND GRN/Page_KDMC - CMS/input_txtdeal'

2018-06-10 21:45:59 - [MESSAGE][PASSED] - Text '7.0' is set on object 'Object Repository/MOH AND GRN/Page_KDMC - CMS/input_txtdeal'

2018-06-10 21:45:59 - [TEST_STEP][PASSED] - setText: Finding Test Object with id 'Object Repository/MOH AND GRN/Page_KDMC - CMS/input_txtbatchno'

2018-06-10 21:45:59 - [TEST_STEP][PASSED] - Statement - switch (id): Finding Test Object with id 'Object Repository/MOH AND GRN/Page_KDMC - CMS/input_txtmrp'

2018-06-10 21:45:59 - [TEST_STEP][PASSED] - Statement - case 1:: Text 'BA556.0' is set on object 'Object Repository/MOH AND GRN/Page_KDMC - CMS/input_txtbatchno'

2018-06-10 21:45:59 - [TEST_STEP][PASSED] - Statement - return (java.lang.Math.floor((java.lang.Math.random() * ((max - min) + 1))) + min): Text 'BA556.0' is set on object 'Object Repository/MOH AND GRN/Page_KDMC - CMS/input_txtbatchno'

2018-06-10 21:45:59 - [MESSAGE][PASSED] - Text 'BA556.0' is set on object 'Object Repository/MOH AND GRN/Page_KDMC - CMS/input_txtbatchno'

2018-06-10 21:45:59 - [TEST_STEP][PASSED] - rightClick: Object: 'Object Repository/GRN/Page_KDMC - CMS/input_txtexpdate' is right clicked on

2018-06-10 21:45:59 - [MESSAGE][PASSED] - Object: 'Object Repository/GRN/Page_KDMC - CMS/input_txtexpdate' is right clicked on

2018-06-10 21:45:59 - [TEST_STEP][PASSED] - selectOptionByIndex: All options with index in [2] are selected on object 'Object Repository/GRN/Page_KDMC - CMS/select_20182019202020212022202'

2018-06-10 21:46:00 - [MESSAGE][PASSED] - All options with index in [2] are selected on object 'Object Repository/GRN/Page_KDMC - CMS/select_20182019202020212022202'

2018-06-10 21:46:00 - [TEST_STEP][PASSED] - selectOptionByIndex: All options with index in [2] are selected on object 'Object Repository/GRN/Page_KDMC - CMS/select_JanFebMarAprMayJunJulAu'

2018-06-10 21:46:00 - [MESSAGE][PASSED] - All options with index in [2] are selected on object 'Object Repository/GRN/Page_KDMC - CMS/select_JanFebMarAprMayJunJulAu'

2018-06-10 21:46:00 - [TEST_STEP][PASSED] - click: Object: 'Object Repository/MOH AND GRN/Page_KDMC - CMS/a_12' is clicked on

2018-06-10 21:46:00 - [MESSAGE][PASSED] - Object: 'Object Repository/MOH AND GRN/Page_KDMC - CMS/a_12' is clicked on

2018-06-10 21:46:00 - [TEST_STEP][PASSED] - click: Object: 'Object Repository/MOH AND GRN/Page_KDMC - CMS/input_btnadd' is clicked on

2018-06-10 21:46:00 - [MESSAGE][PASSED] - Object: 'Object Repository/MOH AND GRN/Page_KDMC - CMS/input_btnadd' is clicked on

2018-06-10 21:46:00 - [TEST_STEP][PASSED] - Statement - If (s == 10): null

2018-06-10 21:46:00 - [TEST_STEP][PASSED] - Statement - Else: null

2018-06-10 21:46:00 - [TEST_STEP][PASSED] - Statement - (s++): null

2018-06-10 21:46:00 - [TEST_STEP][PASSED] - delay: Delayed 1 second(s)

2018-06-10 21:46:01 - [MESSAGE][PASSED] - Delayed 1 second(s)

2018-06-10 21:46:01 - [TEST_STEP][PASSED] - selectOptionByIndex: All options with index in [23] are selected on object 'Object Repository/MOH AND GRN/Page_KDMC - CMS/select_--Select--Amikacin -500'

2018-06-10 21:46:01 - [MESSAGE][PASSED] - All options with index in [23] are selected on object 'Object Repository/MOH AND GRN/Page_KDMC - CMS/select_--Select--Amikacin -500'

2018-06-10 21:46:01 - [TEST_STEP][PASSED] - setText: Text '5000' is set on object 'Object Repository/MOH AND GRN/Page_KDMC - CMS/input_txtqty'

2018-06-10 21:46:01 - [MESSAGE][PASSED] - Text '5000' is set on object 'Object Repository/MOH AND GRN/Page_KDMC - CMS/input_txtqty'

2018-06-10 21:46:01 - [TEST_STEP][PASSED] - selectOptionByIndex: All options with index in [1] are selected on object 'Object Repository/MOH AND GRN/Page_KDMC - CMS/select_--Select--No Tax0'

2018-06-10 21:46:02 - [MESSAGE][PASSED] - All options with index in [1] are selected on object 'Object Repository/MOH AND GRN/Page_KDMC - CMS/select_--Select--No Tax0'

2018-06-10 21:46:02 - [TEST_STEP][PASSED] - setText: Finding Test Object with id 'Object Repository/MOH AND GRN/Page_KDMC - CMS/input_txtmrp'

2018-06-10 21:46:02 - [TEST_STEP][PASSED] - Statement - switch (id): Finding Test Object with id 'Object Repository/MOH AND GRN/Page_KDMC - CMS/input_txtdeal'

2018-06-10 21:46:02 - [TEST_STEP][PASSED] - Statement - case 4:: Text '18.0' is set on object 'Object Repository/MOH AND GRN/Page_KDMC - CMS/input_txtmrp'

2018-06-10 21:46:02 - [TEST_STEP][PASSED] - Statement - return (java.lang.Math.floor((java.lang.Math.random() * ((max - min) + 1))) + min): Text '18.0' is set on object 'Object Repository/MOH AND GRN/Page_KDMC - CMS/input_txtmrp'

2018-06-10 21:46:02 - [MESSAGE][PASSED] - Text '18.0' is set on object 'Object Repository/MOH AND GRN/Page_KDMC - CMS/input_txtmrp'

2018-06-10 21:46:02 - [TEST_STEP][PASSED] - setText: Finding Test Object with id 'Object Repository/MOH AND GRN/Page_KDMC - CMS/input_txtdeal'

2018-06-10 21:46:02 - [TEST_STEP][PASSED] - Statement - switch (id): Finding Test Object with id 'Object Repository/MOH AND GRN/Page_KDMC - CMS/input_txtbatchno'

2018-06-10 21:46:02 - [TEST_STEP][PASSED] - Statement - case 5:: Text '10.0' is set on object 'Object Repository/MOH AND GRN/Page_KDMC - CMS/input_txtdeal'

2018-06-10 21:46:02 - [TEST_STEP][PASSED] - Statement - return (java.lang.Math.floor((java.lang.Math.random() * ((max - min) + 1))) + min): Text '10.0' is set on object 'Object Repository/MOH AND GRN/Page_KDMC - CMS/input_txtdeal'

2018-06-10 21:46:02 - [MESSAGE][PASSED] - Text '10.0' is set on object 'Object Repository/MOH AND GRN/Page_KDMC - CMS/input_txtdeal'

2018-06-10 21:46:02 - [TEST_STEP][PASSED] - setText: Finding Test Object with id 'Object Repository/MOH AND GRN/Page_KDMC - CMS/input_txtbatchno'

2018-06-10 21:46:02 - [TEST_STEP][PASSED] - Statement - switch (id): Finding Test Object with id 'Object Repository/MOH AND GRN/Page_KDMC - CMS/input_txtmrp'

2018-06-10 21:46:02 - [TEST_STEP][PASSED] - Statement - case 1:: Text 'BA991.0' is set on object 'Object Repository/MOH AND GRN/Page_KDMC - CMS/input_txtbatchno'

2018-06-10 21:46:02 - [TEST_STEP][PASSED] - Statement - return (java.lang.Math.floor((java.lang.Math.random() * ((max - min) + 1))) + min): Text 'BA991.0' is set on object 'Object Repository/MOH AND GRN/Page_KDMC - CMS/input_txtbatchno'

2018-06-10 21:46:02 - [MESSAGE][PASSED] - Text 'BA991.0' is set on object 'Object Repository/MOH AND GRN/Page_KDMC - CMS/input_txtbatchno'

2018-06-10 21:46:02 - [TEST_STEP][PASSED] - rightClick: Object: 'Object Repository/GRN/Page_KDMC - CMS/input_txtexpdate' is right clicked on

2018-06-10 21:46:02 - [MESSAGE][PASSED] - Object: 'Object Repository/GRN/Page_KDMC - CMS/input_txtexpdate' is right clicked on

2018-06-10 21:46:02 - [TEST_STEP][PASSED] - selectOptionByIndex: All options with index in [3] are selected on object 'Object Repository/GRN/Page_KDMC - CMS/select_20182019202020212022202'

2018-06-10 21:46:02 - [MESSAGE][PASSED] - All options with index in [3] are selected on object 'Object Repository/GRN/Page_KDMC - CMS/select_20182019202020212022202'

2018-06-10 21:46:02 - [TEST_STEP][PASSED] - selectOptionByIndex: All options with index in [3] are selected on object 'Object Repository/GRN/Page_KDMC - CMS/select_JanFebMarAprMayJunJulAu'

2018-06-10 21:46:02 - [MESSAGE][PASSED] - All options with index in [3] are selected on object 'Object Repository/GRN/Page_KDMC - CMS/select_JanFebMarAprMayJunJulAu'

2018-06-10 21:46:02 - [TEST_STEP][PASSED] - click: Object: 'Object Repository/MOH AND GRN/Page_KDMC - CMS/a_12' is clicked on

2018-06-10 21:46:02 - [MESSAGE][PASSED] - Object: 'Object Repository/MOH AND GRN/Page_KDMC - CMS/a_12' is clicked on

2018-06-10 21:46:02 - [TEST_STEP][PASSED] - click: Object: 'Object Repository/MOH AND GRN/Page_KDMC - CMS/input_btnadd' is clicked on

2018-06-10 21:46:03 - [MESSAGE][PASSED] - Object: 'Object Repository/MOH AND GRN/Page_KDMC - CMS/input_btnadd' is clicked on

2018-06-10 21:46:03 - [TEST_STEP][PASSED] - Statement - If (s == 10): null

2018-06-10 21:46:03 - [TEST_STEP][PASSED] - Statement - Else: null

2018-06-10 21:46:03 - [TEST_STEP][PASSED] - Statement - (s++): null

2018-06-10 21:46:03 - [TEST_STEP][PASSED] - delay: Delayed 1 second(s)

2018-06-10 21:46:04 - [MESSAGE][PASSED] - Delayed 1 second(s)

2018-06-10 21:46:04 - [TEST_STEP][PASSED] - selectOptionByIndex: All options with index in [24] are selected on object 'Object Repository/MOH AND GRN/Page_KDMC - CMS/select_--Select--Amikacin -500'

2018-06-10 21:46:04 - [MESSAGE][PASSED] - All options with index in [24] are selected on object 'Object Repository/MOH AND GRN/Page_KDMC - CMS/select_--Select--Amikacin -500'

2018-06-10 21:46:04 - [TEST_STEP][PASSED] - setText: Text '5000' is set on object 'Object Repository/MOH AND GRN/Page_KDMC - CMS/input_txtqty'

2018-06-10 21:46:04 - [MESSAGE][PASSED] - Text '5000' is set on object 'Object Repository/MOH AND GRN/Page_KDMC - CMS/input_txtqty'

2018-06-10 21:46:04 - [TEST_STEP][PASSED] - selectOptionByIndex: All options with index in [1] are selected on object 'Object Repository/MOH AND GRN/Page_KDMC - CMS/select_--Select--No Tax0'

2018-06-10 21:46:04 - [MESSAGE][PASSED] - All options with index in [1] are selected on object 'Object Repository/MOH AND GRN/Page_KDMC - CMS/select_--Select--No Tax0'

2018-06-10 21:46:04 - [TEST_STEP][PASSED] - setText: Finding Test Object with id 'Object Repository/MOH AND GRN/Page_KDMC - CMS/input_txtmrp'

2018-06-10 21:46:04 - [TEST_STEP][PASSED] - Statement - switch (id): Finding Test Object with id 'Object Repository/MOH AND GRN/Page_KDMC - CMS/input_txtdeal'

2018-06-10 21:46:04 - [TEST_STEP][PASSED] - Statement - case 4:: Text '33.0' is set on object 'Object Repository/MOH AND GRN/Page_KDMC - CMS/input_txtmrp'

2018-06-10 21:46:04 - [TEST_STEP][PASSED] - Statement - return (java.lang.Math.floor((java.lang.Math.random() * ((max - min) + 1))) + min): Text '33.0' is set on object 'Object Repository/MOH AND GRN/Page_KDMC - CMS/input_txtmrp'

2018-06-10 21:46:04 - [MESSAGE][PASSED] - Text '33.0' is set on object 'Object Repository/MOH AND GRN/Page_KDMC - CMS/input_txtmrp'

2018-06-10 21:46:04 - [TEST_STEP][PASSED] - setText: Finding Test Object with id 'Object Repository/MOH AND GRN/Page_KDMC - CMS/input_txtdeal'

2018-06-10 21:46:04 - [TEST_STEP][PASSED] - Statement - switch (id): Finding Test Object with id 'Object Repository/MOH AND GRN/Page_KDMC - CMS/input_txtbatchno'

2018-06-10 21:46:04 - [TEST_STEP][PASSED] - Statement - case 5:: Text '6.0' is set on object 'Object Repository/MOH AND GRN/Page_KDMC - CMS/input_txtdeal'

2018-06-10 21:46:04 - [TEST_STEP][PASSED] - Statement - return (java.lang.Math.floor((java.lang.Math.random() * ((max - min) + 1))) + min): Text '6.0' is set on object 'Object Repository/MOH AND GRN/Page_KDMC - CMS/input_txtdeal'

2018-06-10 21:46:04 - [MESSAGE][PASSED] - Text '6.0' is set on object 'Object Repository/MOH AND GRN/Page_KDMC - CMS/input_txtdeal'

2018-06-10 21:46:04 - [TEST_STEP][PASSED] - setText: Finding Test Object with id 'Object Repository/MOH AND GRN/Page_KDMC - CMS/input_txtbatchno'

2018-06-10 21:46:04 - [TEST_STEP][PASSED] - Statement - switch (id): Finding Test Object with id 'Object Repository/MOH AND GRN/Page_KDMC - CMS/input_txtmrp'

2018-06-10 21:46:04 - [TEST_STEP][PASSED] - Statement - case 1:: Text 'BA859.0' is set on object 'Object Repository/MOH AND GRN/Page_KDMC - CMS/input_txtbatchno'

2018-06-10 21:46:04 - [TEST_STEP][PASSED] - Statement - return (java.lang.Math.floor((java.lang.Math.random() * ((max - min) + 1))) + min): Text 'BA859.0' is set on object 'Object Repository/MOH AND GRN/Page_KDMC - CMS/input_txtbatchno'

2018-06-10 21:46:04 - [MESSAGE][PASSED] - Text 'BA859.0' is set on object 'Object Repository/MOH AND GRN/Page_KDMC - CMS/input_txtbatchno'

2018-06-10 21:46:04 - [TEST_STEP][PASSED] - rightClick: Object: 'Object Repository/GRN/Page_KDMC - CMS/input_txtexpdate' is right clicked on

2018-06-10 21:46:05 - [MESSAGE][PASSED] - Object: 'Object Repository/GRN/Page_KDMC - CMS/input_txtexpdate' is right clicked on

2018-06-10 21:46:05 - [TEST_STEP][PASSED] - selectOptionByIndex: All options with index in [4] are selected on object 'Object Repository/GRN/Page_KDMC - CMS/select_20182019202020212022202'

2018-06-10 21:46:05 - [MESSAGE][PASSED] - All options with index in [4] are selected on object 'Object Repository/GRN/Page_KDMC - CMS/select_20182019202020212022202'

2018-06-10 21:46:05 - [TEST_STEP][PASSED] - selectOptionByIndex: All options with index in [4] are selected on object 'Object Repository/GRN/Page_KDMC - CMS/select_JanFebMarAprMayJunJulAu'

2018-06-10 21:46:05 - [MESSAGE][PASSED] - All options with index in [4] are selected on object 'Object Repository/GRN/Page_KDMC - CMS/select_JanFebMarAprMayJunJulAu'

2018-06-10 21:46:05 - [TEST_STEP][PASSED] - click: Object: 'Object Repository/MOH AND GRN/Page_KDMC - CMS/a_12' is clicked on

2018-06-10 21:46:05 - [MESSAGE][PASSED] - Object: 'Object Repository/MOH AND GRN/Page_KDMC - CMS/a_12' is clicked on

2018-06-10 21:46:05 - [TEST_STEP][PASSED] - click: Object: 'Object Repository/MOH AND GRN/Page_KDMC - CMS/input_btnadd' is clicked on

2018-06-10 21:46:05 - [MESSAGE][PASSED] - Object: 'Object Repository/MOH AND GRN/Page_KDMC - CMS/input_btnadd' is clicked on

2018-06-10 21:46:05 - [TEST_STEP][PASSED] - Statement - If (s == 10): null

2018-06-10 21:46:05 - [TEST_STEP][PASSED] - Statement - Else: null

2018-06-10 21:46:05 - [TEST_STEP][PASSED] - Statement - (s++): null

2018-06-10 21:46:05 - [TEST_STEP][PASSED] - delay: Delayed 1 second(s)

2018-06-10 21:46:06 - [MESSAGE][PASSED] - Delayed 1 second(s)

2018-06-10 21:46:06 - [TEST_STEP][PASSED] - selectOptionByIndex: All options with index in [25] are selected on object 'Object Repository/MOH AND GRN/Page_KDMC - CMS/select_--Select--Amikacin -500'

2018-06-10 21:46:06 - [MESSAGE][PASSED] - All options with index in [25] are selected on object 'Object Repository/MOH AND GRN/Page_KDMC - CMS/select_--Select--Amikacin -500'

2018-06-10 21:46:06 - [TEST_STEP][PASSED] - setText: Text '5000' is set on object 'Object Repository/MOH AND GRN/Page_KDMC - CMS/input_txtqty'

2018-06-10 21:46:07 - [MESSAGE][PASSED] - Text '5000' is set on object 'Object Repository/MOH AND GRN/Page_KDMC - CMS/input_txtqty'

2018-06-10 21:46:07 - [TEST_STEP][PASSED] - selectOptionByIndex: All options with index in [1] are selected on object 'Object Repository/MOH AND GRN/Page_KDMC - CMS/select_--Select--No Tax0'

2018-06-10 21:46:07 - [MESSAGE][PASSED] - All options with index in [1] are selected on object 'Object Repository/MOH AND GRN/Page_KDMC - CMS/select_--Select--No Tax0'

2018-06-10 21:46:07 - [TEST_STEP][PASSED] - setText: Finding Test Object with id 'Object Repository/MOH AND GRN/Page_KDMC - CMS/input_txtmrp'

2018-06-10 21:46:07 - [TEST_STEP][PASSED] - Statement - switch (id): Finding Test Object with id 'Object Repository/MOH AND GRN/Page_KDMC - CMS/input_txtdeal'

2018-06-10 21:46:07 - [TEST_STEP][PASSED] - Statement - case 4:: Text '36.0' is set on object 'Object Repository/MOH AND GRN/Page_KDMC - CMS/input_txtmrp'

2018-06-10 21:46:07 - [TEST_STEP][PASSED] - Statement - return (java.lang.Math.floor((java.lang.Math.random() * ((max - min) + 1))) + min): Text '36.0' is set on object 'Object Repository/MOH AND GRN/Page_KDMC - CMS/input_txtmrp'

2018-06-10 21:46:07 - [MESSAGE][PASSED] - Text '36.0' is set on object 'Object Repository/MOH AND GRN/Page_KDMC - CMS/input_txtmrp'

2018-06-10 21:46:07 - [TEST_STEP][PASSED] - setText: Finding Test Object with id 'Object Repository/MOH AND GRN/Page_KDMC - CMS/input_txtdeal'

2018-06-10 21:46:07 - [TEST_STEP][PASSED] - Statement - switch (id): Finding Test Object with id 'Object Repository/MOH AND GRN/Page_KDMC - CMS/input_txtbatchno'

2018-06-10 21:46:07 - [TEST_STEP][PASSED] - Statement - case 5:: Text '7.0' is set on object 'Object Repository/MOH AND GRN/Page_KDMC - CMS/input_txtdeal'

2018-06-10 21:46:07 - [TEST_STEP][PASSED] - Statement - return (java.lang.Math.floor((java.lang.Math.random() * ((max - min) + 1))) + min): Text '7.0' is set on object 'Object Repository/MOH AND GRN/Page_KDMC - CMS/input_txtdeal'

2018-06-10 21:46:07 - [MESSAGE][PASSED] - Text '7.0' is set on object 'Object Repository/MOH AND GRN/Page_KDMC - CMS/input_txtdeal'

2018-06-10 21:46:07 - [TEST_STEP][PASSED] - setText: Finding Test Object with id 'Object Repository/MOH AND GRN/Page_KDMC - CMS/input_txtbatchno'

2018-06-10 21:46:07 - [TEST_STEP][PASSED] - Statement - switch (id): Finding Test Object with id 'Object Repository/MOH AND GRN/Page_KDMC - CMS/input_txtmrp'

2018-06-10 21:46:07 - [TEST_STEP][PASSED] - Statement - case 1:: Text 'BA890.0' is set on object 'Object Repository/MOH AND GRN/Page_KDMC - CMS/input_txtbatchno'

2018-06-10 21:46:07 - [TEST_STEP][PASSED] - Statement - return (java.lang.Math.floor((java.lang.Math.random() * ((max - min) + 1))) + min): Text 'BA890.0' is set on object 'Object Repository/MOH AND GRN/Page_KDMC - CMS/input_txtbatchno'

2018-06-10 21:46:07 - [MESSAGE][PASSED] - Text 'BA890.0' is set on object 'Object Repository/MOH AND GRN/Page_KDMC - CMS/input_txtbatchno'

2018-06-10 21:46:07 - [TEST_STEP][PASSED] - rightClick: Object: 'Object Repository/GRN/Page_KDMC - CMS/input_txtexpdate' is right clicked on

2018-06-10 21:46:07 - [MESSAGE][PASSED] - Object: 'Object Repository/GRN/Page_KDMC - CMS/input_txtexpdate' is right clicked on

2018-06-10 21:46:07 - [TEST_STEP][PASSED] - selectOptionByIndex: All options with index in [5] are selected on object 'Object Repository/GRN/Page_KDMC - CMS/select_20182019202020212022202'

2018-06-10 21:46:07 - [MESSAGE][PASSED] - All options with index in [5] are selected on object 'Object Repository/GRN/Page_KDMC - CMS/select_20182019202020212022202'

2018-06-10 21:46:07 - [TEST_STEP][PASSED] - selectOptionByIndex: All options with index in [5] are selected on object 'Object Repository/GRN/Page_KDMC - CMS/select_JanFebMarAprMayJunJulAu'

2018-06-10 21:46:07 - [MESSAGE][PASSED] - All options with index in [5] are selected on object 'Object Repository/GRN/Page_KDMC - CMS/select_JanFebMarAprMayJunJulAu'

2018-06-10 21:46:07 - [TEST_STEP][PASSED] - click: Object: 'Object Repository/MOH AND GRN/Page_KDMC - CMS/a_12' is clicked on

2018-06-10 21:46:08 - [MESSAGE][PASSED] - Object: 'Object Repository/MOH AND GRN/Page_KDMC - CMS/a_12' is clicked on

2018-06-10 21:46:08 - [TEST_STEP][PASSED] - click: Object: 'Object Repository/MOH AND GRN/Page_KDMC - CMS/input_btnadd' is clicked on

2018-06-10 21:46:08 - [MESSAGE][PASSED] - Object: 'Object Repository/MOH AND GRN/Page_KDMC - CMS/input_btnadd' is clicked on

2018-06-10 21:46:08 - [TEST_STEP][PASSED] - Statement - If (s == 10): null

2018-06-10 21:46:08 - [TEST_STEP][PASSED] - Statement - Else: null

2018-06-10 21:46:08 - [TEST_STEP][PASSED] - Statement - (s++): null

2018-06-10 21:46:08 - [TEST_STEP][PASSED] - delay: Delayed 1 second(s)

2018-06-10 21:46:09 - [MESSAGE][PASSED] - Delayed 1 second(s)

2018-06-10 21:46:09 - [TEST_STEP][PASSED] - selectOptionByIndex: All options with index in [26] are selected on object 'Object Repository/MOH AND GRN/Page_KDMC - CMS/select_--Select--Amikacin -500'

2018-06-10 21:46:09 - [MESSAGE][PASSED] - All options with index in [26] are selected on object 'Object Repository/MOH AND GRN/Page_KDMC - CMS/select_--Select--Amikacin -500'

2018-06-10 21:46:09 - [TEST_STEP][PASSED] - setText: Text '5000' is set on object 'Object Repository/MOH AND GRN/Page_KDMC - CMS/input_txtqty'

2018-06-10 21:46:09 - [MESSAGE][PASSED] - Text '5000' is set on object 'Object Repository/MOH AND GRN/Page_KDMC - CMS/input_txtqty'

2018-06-10 21:46:09 - [TEST_STEP][PASSED] - selectOptionByIndex: All options with index in [1] are selected on object 'Object Repository/MOH AND GRN/Page_KDMC - CMS/select_--Select--No Tax0'

2018-06-10 21:46:09 - [MESSAGE][PASSED] - All options with index in [1] are selected on object 'Object Repository/MOH AND GRN/Page_KDMC - CMS/select_--Select--No Tax0'

2018-06-10 21:46:09 - [TEST_STEP][PASSED] - setText: Finding Test Object with id 'Object Repository/MOH AND GRN/Page_KDMC - CMS/input_txtmrp'

2018-06-10 21:46:09 - [TEST_STEP][PASSED] - Statement - switch (id): Finding Test Object with id 'Object Repository/MOH AND GRN/Page_KDMC - CMS/input_txtdeal'

2018-06-10 21:46:09 - [TEST_STEP][PASSED] - Statement - case 4:: Text '23.0' is set on object 'Object Repository/MOH AND GRN/Page_KDMC - CMS/input_txtmrp'

2018-06-10 21:46:09 - [TEST_STEP][PASSED] - Statement - return (java.lang.Math.floor((java.lang.Math.random() * ((max - min) + 1))) + min): Text '23.0' is set on object 'Object Repository/MOH AND GRN/Page_KDMC - CMS/input_txtmrp'

2018-06-10 21:46:09 - [MESSAGE][PASSED] - Text '23.0' is set on object 'Object Repository/MOH AND GRN/Page_KDMC - CMS/input_txtmrp'

2018-06-10 21:46:09 - [TEST_STEP][PASSED] - setText: Finding Test Object with id 'Object Repository/MOH AND GRN/Page_KDMC - CMS/input_txtdeal'

2018-06-10 21:46:09 - [TEST_STEP][PASSED] - Statement - switch (id): Finding Test Object with id 'Object Repository/MOH AND GRN/Page_KDMC - CMS/input_txtbatchno'

2018-06-10 21:46:09 - [TEST_STEP][PASSED] - Statement - case 5:: Text '8.0' is set on object 'Object Repository/MOH AND GRN/Page_KDMC - CMS/input_txtdeal'

2018-06-10 21:46:09 - [TEST_STEP][PASSED] - Statement - return (java.lang.Math.floor((java.lang.Math.random() * ((max - min) + 1))) + min): Text '8.0' is set on object 'Object Repository/MOH AND GRN/Page_KDMC - CMS/input_txtdeal'

2018-06-10 21:46:09 - [MESSAGE][PASSED] - Text '8.0' is set on object 'Object Repository/MOH AND GRN/Page_KDMC - CMS/input_txtdeal'

2018-06-10 21:46:09 - [TEST_STEP][PASSED] - setText: Finding Test Object with id 'Object Repository/MOH AND GRN/Page_KDMC - CMS/input_txtbatchno'

2018-06-10 21:46:09 - [TEST_STEP][PASSED] - Statement - switch (id): Finding Test Object with id 'Object Repository/MOH AND GRN/Page_KDMC - CMS/input_txtmrp'

2018-06-10 21:46:09 - [TEST_STEP][PASSED] - Statement - case 1:: Text 'BA918.0' is set on object 'Object Repository/MOH AND GRN/Page_KDMC - CMS/input_txtbatchno'

2018-06-10 21:46:09 - [TEST_STEP][PASSED] - Statement - return (java.lang.Math.floor((java.lang.Math.random() * ((max - min) + 1))) + min): Text 'BA918.0' is set on object 'Object Repository/MOH AND GRN/Page_KDMC - CMS/input_txtbatchno'

2018-06-10 21:46:10 - [MESSAGE][PASSED] - Text 'BA918.0' is set on object 'Object Repository/MOH AND GRN/Page_KDMC - CMS/input_txtbatchno'

2018-06-10 21:46:10 - [TEST_STEP][PASSED] - rightClick: Object: 'Object Repository/GRN/Page_KDMC - CMS/input_txtexpdate' is right clicked on

2018-06-10 21:46:10 - [MESSAGE][PASSED] - Object: 'Object Repository/GRN/Page_KDMC - CMS/input_txtexpdate' is right clicked on

2018-06-10 21:46:10 - [TEST_STEP][PASSED] - selectOptionByIndex: All options with index in [6] are selected on object 'Object Repository/GRN/Page_KDMC - CMS/select_20182019202020212022202'

2018-06-10 21:46:10 - [MESSAGE][PASSED] - All options with index in [6] are selected on object 'Object Repository/GRN/Page_KDMC - CMS/select_20182019202020212022202'

2018-06-10 21:46:10 - [TEST_STEP][PASSED] - selectOptionByIndex: All options with index in [6] are selected on object 'Object Repository/GRN/Page_KDMC - CMS/select_JanFebMarAprMayJunJulAu'

2018-06-10 21:46:10 - [MESSAGE][PASSED] - All options with index in [6] are selected on object 'Object Repository/GRN/Page_KDMC - CMS/select_JanFebMarAprMayJunJulAu'

2018-06-10 21:46:10 - [TEST_STEP][PASSED] - click: Object: 'Object Repository/MOH AND GRN/Page_KDMC - CMS/a_12' is clicked on

2018-06-10 21:46:10 - [MESSAGE][PASSED] - Object: 'Object Repository/MOH AND GRN/Page_KDMC - CMS/a_12' is clicked on

2018-06-10 21:46:10 - [TEST_STEP][PASSED] - click: Object: 'Object Repository/MOH AND GRN/Page_KDMC - CMS/input_btnadd' is clicked on

2018-06-10 21:46:10 - [MESSAGE][PASSED] - Object: 'Object Repository/MOH AND GRN/Page_KDMC - CMS/input_btnadd' is clicked on

2018-06-10 21:46:10 - [TEST_STEP][PASSED] - Statement - If (s == 10): null

2018-06-10 21:46:10 - [TEST_STEP][PASSED] - Statement - Else: null

2018-06-10 21:46:10 - [TEST_STEP][PASSED] - Statement - (s++): null

2018-06-10 21:46:10 - [TEST_STEP][PASSED] - delay: Delayed 1 second(s)

2018-06-10 21:46:11 - [MESSAGE][PASSED] - Delayed 1 second(s)

2018-06-10 21:46:11 - [TEST_STEP][PASSED] - selectOptionByIndex: All options with index in [27] are selected on object 'Object Repository/MOH AND GRN/Page_KDMC - CMS/select_--Select--Amikacin -500'

2018-06-10 21:46:12 - [MESSAGE][PASSED] - All options with index in [27] are selected on object 'Object Repository/MOH AND GRN/Page_KDMC - CMS/select_--Select--Amikacin -500'

2018-06-10 21:46:12 - [TEST_STEP][PASSED] - setText: Text '5000' is set on object 'Object Repository/MOH AND GRN/Page_KDMC - CMS/input_txtqty'

2018-06-10 21:46:12 - [MESSAGE][PASSED] - Text '5000' is set on object 'Object Repository/MOH AND GRN/Page_KDMC - CMS/input_txtqty'

2018-06-10 21:46:12 - [TEST_STEP][PASSED] - selectOptionByIndex: All options with index in [1] are selected on object 'Object Repository/MOH AND GRN/Page_KDMC - CMS/select_--Select--No Tax0'

2018-06-10 21:46:12 - [MESSAGE][PASSED] - All options with index in [1] are selected on object 'Object Repository/MOH AND GRN/Page_KDMC - CMS/select_--Select--No Tax0'

2018-06-10 21:46:12 - [TEST_STEP][PASSED] - setText: Finding Test Object with id 'Object Repository/MOH AND GRN/Page_KDMC - CMS/input_txtmrp'

2018-06-10 21:46:12 - [TEST_STEP][PASSED] - Statement - switch (id): Finding Test Object with id 'Object Repository/MOH AND GRN/Page_KDMC - CMS/input_txtdeal'

2018-06-10 21:46:12 - [TEST_STEP][PASSED] - Statement - case 4:: Text '27.0' is set on object 'Object Repository/MOH AND GRN/Page_KDMC - CMS/input_txtmrp'

2018-06-10 21:46:12 - [TEST_STEP][PASSED] - Statement - return (java.lang.Math.floor((java.lang.Math.random() * ((max - min) + 1))) + min): Text '27.0' is set on object 'Object Repository/MOH AND GRN/Page_KDMC - CMS/input_txtmrp'

2018-06-10 21:46:12 - [MESSAGE][PASSED] - Text '27.0' is set on object 'Object Repository/MOH AND GRN/Page_KDMC - CMS/input_txtmrp'

2018-06-10 21:46:12 - [TEST_STEP][PASSED] - setText: Finding Test Object with id 'Object Repository/MOH AND GRN/Page_KDMC - CMS/input_txtdeal'

2018-06-10 21:46:12 - [TEST_STEP][PASSED] - Statement - switch (id): Finding Test Object with id 'Object Repository/MOH AND GRN/Page_KDMC - CMS/input_txtbatchno'

2018-06-10 21:46:12 - [TEST_STEP][PASSED] - Statement - case 5:: Text '2.0' is set on object 'Object Repository/MOH AND GRN/Page_KDMC - CMS/input_txtdeal'

2018-06-10 21:46:12 - [TEST_STEP][PASSED] - Statement - return (java.lang.Math.floor((java.lang.Math.random() * ((max - min) + 1))) + min): Text '2.0' is set on object 'Object Repository/MOH AND GRN/Page_KDMC - CMS/input_txtdeal'

2018-06-10 21:46:12 - [MESSAGE][PASSED] - Text '2.0' is set on object 'Object Repository/MOH AND GRN/Page_KDMC - CMS/input_txtdeal'

2018-06-10 21:46:12 - [TEST_STEP][PASSED] - setText: Finding Test Object with id 'Object Repository/MOH AND GRN/Page_KDMC - CMS/input_txtbatchno'

2018-06-10 21:46:12 - [TEST_STEP][PASSED] - Statement - switch (id): Finding Test Object with id 'Object Repository/MOH AND GRN/Page_KDMC - CMS/input_txtmrp'

2018-06-10 21:46:12 - [TEST_STEP][PASSED] - Statement - case 1:: Text 'BA85.0' is set on object 'Object Repository/MOH AND GRN/Page_KDMC - CMS/input_txtbatchno'

2018-06-10 21:46:12 - [TEST_STEP][PASSED] - Statement - return (java.lang.Math.floor((java.lang.Math.random() * ((max - min) + 1))) + min): Text 'BA85.0' is set on object 'Object Repository/MOH AND GRN/Page_KDMC - CMS/input_txtbatchno'

2018-06-10 21:46:12 - [MESSAGE][PASSED] - Text 'BA85.0' is set on object 'Object Repository/MOH AND GRN/Page_KDMC - CMS/input_txtbatchno'

2018-06-10 21:46:12 - [TEST_STEP][PASSED] - rightClick: Object: 'Object Repository/GRN/Page_KDMC - CMS/input_txtexpdate' is right clicked on

2018-06-10 21:46:12 - [MESSAGE][PASSED] - Object: 'Object Repository/GRN/Page_KDMC - CMS/input_txtexpdate' is right clicked on

2018-06-10 21:46:12 - [TEST_STEP][PASSED] - selectOptionByIndex: All options with index in [7] are selected on object 'Object Repository/GRN/Page_KDMC - CMS/select_20182019202020212022202'

2018-06-10 21:46:12 - [MESSAGE][PASSED] - All options with index in [7] are selected on object 'Object Repository/GRN/Page_KDMC - CMS/select_20182019202020212022202'

2018-06-10 21:46:12 - [TEST_STEP][PASSED] - selectOptionByIndex: All options with index in [7] are selected on object 'Object Repository/GRN/Page_KDMC - CMS/select_JanFebMarAprMayJunJulAu'

2018-06-10 21:46:13 - [MESSAGE][PASSED] - All options with index in [7] are selected on object 'Object Repository/GRN/Page_KDMC - CMS/select_JanFebMarAprMayJunJulAu'

2018-06-10 21:46:13 - [TEST_STEP][PASSED] - click: Object: 'Object Repository/MOH AND GRN/Page_KDMC - CMS/a_12' is clicked on

2018-06-10 21:46:13 - [MESSAGE][PASSED] - Object: 'Object Repository/MOH AND GRN/Page_KDMC - CMS/a_12' is clicked on

2018-06-10 21:46:13 - [TEST_STEP][PASSED] - click: Object: 'Object Repository/MOH AND GRN/Page_KDMC - CMS/input_btnadd' is clicked on

2018-06-10 21:46:13 - [MESSAGE][PASSED] - Object: 'Object Repository/MOH AND GRN/Page_KDMC - CMS/input_btnadd' is clicked on

2018-06-10 21:46:13 - [TEST_STEP][PASSED] - Statement - If (s == 10): null

2018-06-10 21:46:13 - [TEST_STEP][PASSED] - Statement - Else: null

2018-06-10 21:46:13 - [TEST_STEP][PASSED] - Statement - (s++): null

2018-06-10 21:46:13 - [TEST_STEP][PASSED] - delay: Delayed 1 second(s)

2018-06-10 21:46:14 - [MESSAGE][PASSED] - Delayed 1 second(s)

2018-06-10 21:46:14 - [TEST_STEP][PASSED] - selectOptionByIndex: All options with index in [28] are selected on object 'Object Repository/MOH AND GRN/Page_KDMC - CMS/select_--Select--Amikacin -500'

2018-06-10 21:46:14 - [MESSAGE][PASSED] - All options with index in [28] are selected on object 'Object Repository/MOH AND GRN/Page_KDMC - CMS/select_--Select--Amikacin -500'

2018-06-10 21:46:14 - [TEST_STEP][PASSED] - setText: Text '5000' is set on object 'Object Repository/MOH AND GRN/Page_KDMC - CMS/input_txtqty'

2018-06-10 21:46:14 - [MESSAGE][PASSED] - Text '5000' is set on object 'Object Repository/MOH AND GRN/Page_KDMC - CMS/input_txtqty'

2018-06-10 21:46:14 - [TEST_STEP][PASSED] - selectOptionByIndex: All options with index in [1] are selected on object 'Object Repository/MOH AND GRN/Page_KDMC - CMS/select_--Select--No Tax0'

2018-06-10 21:46:14 - [MESSAGE][PASSED] - All options with index in [1] are selected on object 'Object Repository/MOH AND GRN/Page_KDMC - CMS/select_--Select--No Tax0'

2018-06-10 21:46:14 - [TEST_STEP][PASSED] - setText: Finding Test Object with id 'Object Repository/MOH AND GRN/Page_KDMC - CMS/input_txtmrp'

2018-06-10 21:46:14 - [TEST_STEP][PASSED] - Statement - switch (id): Finding Test Object with id 'Object Repository/MOH AND GRN/Page_KDMC - CMS/input_txtdeal'

2018-06-10 21:46:14 - [TEST_STEP][PASSED] - Statement - case 4:: Text '42.0' is set on object 'Object Repository/MOH AND GRN/Page_KDMC - CMS/input_txtmrp'

2018-06-10 21:46:14 - [TEST_STEP][PASSED] - Statement - return (java.lang.Math.floor((java.lang.Math.random() * ((max - min) + 1))) + min): Text '42.0' is set on object 'Object Repository/MOH AND GRN/Page_KDMC - CMS/input_txtmrp'

2018-06-10 21:46:15 - [MESSAGE][PASSED] - Text '42.0' is set on object 'Object Repository/MOH AND GRN/Page_KDMC - CMS/input_txtmrp'

2018-06-10 21:46:15 - [TEST_STEP][PASSED] - setText: Finding Test Object with id 'Object Repository/MOH AND GRN/Page_KDMC - CMS/input_txtdeal'

2018-06-10 21:46:15 - [TEST_STEP][PASSED] - Statement - switch (id): Finding Test Object with id 'Object Repository/MOH AND GRN/Page_KDMC - CMS/input_txtbatchno'

2018-06-10 21:46:15 - [TEST_STEP][PASSED] - Statement - case 5:: Text '2.0' is set on object 'Object Repository/MOH AND GRN/Page_KDMC - CMS/input_txtdeal'

2018-06-10 21:46:15 - [TEST_STEP][PASSED] - Statement - return (java.lang.Math.floor((java.lang.Math.random() * ((max - min) + 1))) + min): Text '2.0' is set on object 'Object Repository/MOH AND GRN/Page_KDMC - CMS/input_txtdeal'

2018-06-10 21:46:15 - [MESSAGE][PASSED] - Text '2.0' is set on object 'Object Repository/MOH AND GRN/Page_KDMC - CMS/input_txtdeal'

2018-06-10 21:46:15 - [TEST_STEP][PASSED] - setText: Finding Test Object with id 'Object Repository/MOH AND GRN/Page_KDMC - CMS/input_txtbatchno'

2018-06-10 21:46:15 - [TEST_STEP][PASSED] - Statement - switch (id): Finding Test Object with id 'Object Repository/MOH AND GRN/Page_KDMC - CMS/input_txtmrp'

2018-06-10 21:46:15 - [TEST_STEP][PASSED] - Statement - case 1:: Text 'BA767.0' is set on object 'Object Repository/MOH AND GRN/Page_KDMC - CMS/input_txtbatchno'

2018-06-10 21:46:15 - [TEST_STEP][PASSED] - Statement - return (java.lang.Math.floor((java.lang.Math.random() * ((max - min) + 1))) + min): Text 'BA767.0' is set on object 'Object Repository/MOH AND GRN/Page_KDMC - CMS/input_txtbatchno'

2018-06-10 21:46:15 - [MESSAGE][PASSED] - Text 'BA767.0' is set on object 'Object Repository/MOH AND GRN/Page_KDMC - CMS/input_txtbatchno'

2018-06-10 21:46:15 - [TEST_STEP][PASSED] - rightClick: Object: 'Object Repository/GRN/Page_KDMC - CMS/input_txtexpdate' is right clicked on

2018-06-10 21:46:15 - [MESSAGE][PASSED] - Object: 'Object Repository/GRN/Page_KDMC - CMS/input_txtexpdate' is right clicked on

2018-06-10 21:46:15 - [TEST_STEP][PASSED] - selectOptionByIndex: All options with index in [8] are selected on object 'Object Repository/GRN/Page_KDMC - CMS/select_20182019202020212022202'

2018-06-10 21:46:15 - [MESSAGE][PASSED] - All options with index in [8] are selected on object 'Object Repository/GRN/Page_KDMC - CMS/select_20182019202020212022202'

2018-06-10 21:46:15 - [TEST_STEP][PASSED] - selectOptionByIndex: All options with index in [8] are selected on object 'Object Repository/GRN/Page_KDMC - CMS/select_JanFebMarAprMayJunJulAu'

2018-06-10 21:46:15 - [MESSAGE][PASSED] - All options with index in [8] are selected on object 'Object Repository/GRN/Page_KDMC - CMS/select_JanFebMarAprMayJunJulAu'

2018-06-10 21:46:15 - [TEST_STEP][PASSED] - click: Object: 'Object Repository/MOH AND GRN/Page_KDMC - CMS/a_12' is clicked on

2018-06-10 21:46:15 - [MESSAGE][PASSED] - Object: 'Object Repository/MOH AND GRN/Page_KDMC - CMS/a_12' is clicked on

2018-06-10 21:46:15 - [TEST_STEP][PASSED] - click: Object: 'Object Repository/MOH AND GRN/Page_KDMC - CMS/input_btnadd' is clicked on

2018-06-10 21:46:15 - [MESSAGE][PASSED] - Object: 'Object Repository/MOH AND GRN/Page_KDMC - CMS/input_btnadd' is clicked on

2018-06-10 21:46:15 - [TEST_STEP][PASSED] - Statement - If (s == 10): null

2018-06-10 21:46:15 - [TEST_STEP][PASSED] - Statement - Else: null

2018-06-10 21:46:15 - [TEST_STEP][PASSED] - Statement - (s++): null

2018-06-10 21:46:15 - [TEST_STEP][PASSED] - delay: Delayed 1 second(s)

2018-06-10 21:46:16 - [MESSAGE][PASSED] - Delayed 1 second(s)

2018-06-10 21:46:16 - [TEST_STEP][PASSED] - selectOptionByIndex: All options with index in [29] are selected on object 'Object Repository/MOH AND GRN/Page_KDMC - CMS/select_--Select--Amikacin -500'

2018-06-10 21:46:17 - [MESSAGE][PASSED] - All options with index in [29] are selected on object 'Object Repository/MOH AND GRN/Page_KDMC - CMS/select_--Select--Amikacin -500'

2018-06-10 21:46:17 - [TEST_STEP][PASSED] - setText: Text '5000' is set on object 'Object Repository/MOH AND GRN/Page_KDMC - CMS/input_txtqty'

2018-06-10 21:46:17 - [MESSAGE][PASSED] - Text '5000' is set on object 'Object Repository/MOH AND GRN/Page_KDMC - CMS/input_txtqty'

2018-06-10 21:46:17 - [TEST_STEP][PASSED] - selectOptionByIndex: All options with index in [1] are selected on object 'Object Repository/MOH AND GRN/Page_KDMC - CMS/select_--Select--No Tax0'

2018-06-10 21:46:17 - [MESSAGE][PASSED] - All options with index in [1] are selected on object 'Object Repository/MOH AND GRN/Page_KDMC - CMS/select_--Select--No Tax0'

2018-06-10 21:46:17 - [TEST_STEP][PASSED] - setText: Finding Test Object with id 'Object Repository/MOH AND GRN/Page_KDMC - CMS/input_txtmrp'

2018-06-10 21:46:17 - [TEST_STEP][PASSED] - Statement - switch (id): Finding Test Object with id 'Object Repository/MOH AND GRN/Page_KDMC - CMS/input_txtdeal'

2018-06-10 21:46:17 - [TEST_STEP][PASSED] - Statement - case 4:: Text '41.0' is set on object 'Object Repository/MOH AND GRN/Page_KDMC - CMS/input_txtmrp'

2018-06-10 21:46:17 - [TEST_STEP][PASSED] - Statement - return (java.lang.Math.floor((java.lang.Math.random() * ((max - min) + 1))) + min): Text '41.0' is set on object 'Object Repository/MOH AND GRN/Page_KDMC - CMS/input_txtmrp'

2018-06-10 21:46:17 - [MESSAGE][PASSED] - Text '41.0' is set on object 'Object Repository/MOH AND GRN/Page_KDMC - CMS/input_txtmrp'

2018-06-10 21:46:17 - [TEST_STEP][PASSED] - setText: Finding Test Object with id 'Object Repository/MOH AND GRN/Page_KDMC - CMS/input_txtdeal'

2018-06-10 21:46:17 - [TEST_STEP][PASSED] - Statement - switch (id): Finding Test Object with id 'Object Repository/MOH AND GRN/Page_KDMC - CMS/input_txtbatchno'

2018-06-10 21:46:17 - [TEST_STEP][PASSED] - Statement - case 5:: Text '4.0' is set on object 'Object Repository/MOH AND GRN/Page_KDMC - CMS/input_txtdeal'

2018-06-10 21:46:17 - [TEST_STEP][PASSED] - Statement - return (java.lang.Math.floor((java.lang.Math.random() * ((max - min) + 1))) + min): Text '4.0' is set on object 'Object Repository/MOH AND GRN/Page_KDMC - CMS/input_txtdeal'

2018-06-10 21:46:17 - [MESSAGE][PASSED] - Text '4.0' is set on object 'Object Repository/MOH AND GRN/Page_KDMC - CMS/input_txtdeal'

2018-06-10 21:46:17 - [TEST_STEP][PASSED] - setText: Finding Test Object with id 'Object Repository/MOH AND GRN/Page_KDMC - CMS/input_txtbatchno'

2018-06-10 21:46:17 - [TEST_STEP][PASSED] - Statement - switch (id): Finding Test Object with id 'Object Repository/MOH AND GRN/Page_KDMC - CMS/input_txtmrp'

2018-06-10 21:46:17 - [TEST_STEP][PASSED] - Statement - case 1:: Text 'BA252.0' is set on object 'Object Repository/MOH AND GRN/Page_KDMC - CMS/input_txtbatchno'

2018-06-10 21:46:17 - [TEST_STEP][PASSED] - Statement - return (java.lang.Math.floor((java.lang.Math.random() * ((max - min) + 1))) + min): Text 'BA252.0' is set on object 'Object Repository/MOH AND GRN/Page_KDMC - CMS/input_txtbatchno'

2018-06-10 21:46:17 - [MESSAGE][PASSED] - Text 'BA252.0' is set on object 'Object Repository/MOH AND GRN/Page_KDMC - CMS/input_txtbatchno'

2018-06-10 21:46:17 - [TEST_STEP][PASSED] - rightClick: Object: 'Object Repository/GRN/Page_KDMC - CMS/input_txtexpdate' is right clicked on

2018-06-10 21:46:18 - [MESSAGE][PASSED] - Object: 'Object Repository/GRN/Page_KDMC - CMS/input_txtexpdate' is right clicked on

2018-06-10 21:46:18 - [TEST_STEP][PASSED] - selectOptionByIndex: All options with index in [9] are selected on object 'Object Repository/GRN/Page_KDMC - CMS/select_20182019202020212022202'

2018-06-10 21:46:18 - [MESSAGE][PASSED] - All options with index in [9] are selected on object 'Object Repository/GRN/Page_KDMC - CMS/select_20182019202020212022202'

2018-06-10 21:46:18 - [TEST_STEP][PASSED] - selectOptionByIndex: All options with index in [9] are selected on object 'Object Repository/GRN/Page_KDMC - CMS/select_JanFebMarAprMayJunJulAu'

2018-06-10 21:46:18 - [MESSAGE][PASSED] - All options with index in [9] are selected on object 'Object Repository/GRN/Page_KDMC - CMS/select_JanFebMarAprMayJunJulAu'

2018-06-10 21:46:18 - [TEST_STEP][PASSED] - click: Object: 'Object Repository/MOH AND GRN/Page_KDMC - CMS/a_12' is clicked on

2018-06-10 21:46:18 - [MESSAGE][PASSED] - Object: 'Object Repository/MOH AND GRN/Page_KDMC - CMS/a_12' is clicked on

2018-06-10 21:46:18 - [TEST_STEP][PASSED] - click: Object: 'Object Repository/MOH AND GRN/Page_KDMC - CMS/input_btnadd' is clicked on

2018-06-10 21:46:18 - [MESSAGE][PASSED] - Object: 'Object Repository/MOH AND GRN/Page_KDMC - CMS/input_btnadd' is clicked on

2018-06-10 21:46:18 - [TEST_STEP][PASSED] - Statement - If (s == 10): null

2018-06-10 21:46:18 - [TEST_STEP][PASSED] - Statement - Else: null

2018-06-10 21:46:18 - [TEST_STEP][PASSED] - Statement - (s++): null

2018-06-10 21:46:18 - [TEST_STEP][PASSED] - delay: Delayed 1 second(s)

2018-06-10 21:46:19 - [MESSAGE][PASSED] - Delayed 1 second(s)

2018-06-10 21:46:19 - [TEST_STEP][PASSED] - selectOptionByIndex: All options with index in [30] are selected on object 'Object Repository/MOH AND GRN/Page_KDMC - CMS/select_--Select--Amikacin -500'

2018-06-10 21:46:20 - [MESSAGE][PASSED] - All options with index in [30] are selected on object 'Object Repository/MOH AND GRN/Page_KDMC - CMS/select_--Select--Amikacin -500'

2018-06-10 21:46:20 - [TEST_STEP][PASSED] - setText: Text '5000' is set on object 'Object Repository/MOH AND GRN/Page_KDMC - CMS/input_txtqty'

2018-06-10 21:46:20 - [MESSAGE][PASSED] - Text '5000' is set on object 'Object Repository/MOH AND GRN/Page_KDMC - CMS/input_txtqty'

2018-06-10 21:46:20 - [TEST_STEP][PASSED] - selectOptionByIndex: All options with index in [1] are selected on object 'Object Repository/MOH AND GRN/Page_KDMC - CMS/select_--Select--No Tax0'

2018-06-10 21:46:20 - [MESSAGE][PASSED] - All options with index in [1] are selected on object 'Object Repository/MOH AND GRN/Page_KDMC - CMS/select_--Select--No Tax0'

2018-06-10 21:46:20 - [TEST_STEP][PASSED] - setText: Finding Test Object with id 'Object Repository/MOH AND GRN/Page_KDMC - CMS/input_txtmrp'

2018-06-10 21:46:20 - [TEST_STEP][PASSED] - Statement - switch (id): Finding Test Object with id 'Object Repository/MOH AND GRN/Page_KDMC - CMS/input_txtdeal'

2018-06-10 21:46:20 - [TEST_STEP][PASSED] - Statement - case 4:: Text '33.0' is set on object 'Object Repository/MOH AND GRN/Page_KDMC - CMS/input_txtmrp'

2018-06-10 21:46:20 - [TEST_STEP][PASSED] - Statement - return (java.lang.Math.floor((java.lang.Math.random() * ((max - min) + 1))) + min): Text '33.0' is set on object 'Object Repository/MOH AND GRN/Page_KDMC - CMS/input_txtmrp'

2018-06-10 21:46:20 - [MESSAGE][PASSED] - Text '33.0' is set on object 'Object Repository/MOH AND GRN/Page_KDMC - CMS/input_txtmrp'

2018-06-10 21:46:20 - [TEST_STEP][PASSED] - setText: Finding Test Object with id 'Object Repository/MOH AND GRN/Page_KDMC - CMS/input_txtdeal'

2018-06-10 21:46:20 - [TEST_STEP][PASSED] - Statement - switch (id): Finding Test Object with id 'Object Repository/MOH AND GRN/Page_KDMC - CMS/input_txtbatchno'

2018-06-10 21:46:20 - [TEST_STEP][PASSED] - Statement - case 5:: Text '1.0' is set on object 'Object Repository/MOH AND GRN/Page_KDMC - CMS/input_txtdeal'

2018-06-10 21:46:20 - [TEST_STEP][PASSED] - Statement - return (java.lang.Math.floor((java.lang.Math.random() * ((max - min) + 1))) + min): Text '1.0' is set on object 'Object Repository/MOH AND GRN/Page_KDMC - CMS/input_txtdeal'

2018-06-10 21:46:20 - [MESSAGE][PASSED] - Text '1.0' is set on object 'Object Repository/MOH AND GRN/Page_KDMC - CMS/input_txtdeal'

2018-06-10 21:46:20 - [TEST_STEP][PASSED] - setText: Finding Test Object with id 'Object Repository/MOH AND GRN/Page_KDMC - CMS/input_txtbatchno'

2018-06-10 21:46:20 - [TEST_STEP][PASSED] - Statement - switch (id): Finding Test Object with id 'Object Repository/MOH AND GRN/Page_KDMC - CMS/input_txtmrp'

2018-06-10 21:46:20 - [TEST_STEP][PASSED] - Statement - case 1:: Text 'BA609.0' is set on object 'Object Repository/MOH AND GRN/Page_KDMC - CMS/input_txtbatchno'

2018-06-10 21:46:20 - [TEST_STEP][PASSED] - Statement - return (java.lang.Math.floor((java.lang.Math.random() * ((max - min) + 1))) + min): Text 'BA609.0' is set on object 'Object Repository/MOH AND GRN/Page_KDMC - CMS/input_txtbatchno'

2018-06-10 21:46:20 - [MESSAGE][PASSED] - Text 'BA609.0' is set on object 'Object Repository/MOH AND GRN/Page_KDMC - CMS/input_txtbatchno'

2018-06-10 21:46:20 - [TEST_STEP][PASSED] - rightClick: Object: 'Object Repository/GRN/Page_KDMC - CMS/input_txtexpdate' is right clicked on

2018-06-10 21:46:20 - [MESSAGE][PASSED] - Object: 'Object Repository/GRN/Page_KDMC - CMS/input_txtexpdate' is right clicked on

2018-06-10 21:46:20 - [TEST_STEP][PASSED] - selectOptionByIndex: All options with index in [10] are selected on object 'Object Repository/GRN/Page_KDMC - CMS/select_20182019202020212022202'

2018-06-10 21:46:21 - [MESSAGE][PASSED] - All options with index in [10] are selected on object 'Object Repository/GRN/Page_KDMC - CMS/select_20182019202020212022202'

2018-06-10 21:46:21 - [TEST_STEP][PASSED] - selectOptionByIndex: All options with index in [10] are selected on object 'Object Repository/GRN/Page_KDMC - CMS/select_JanFebMarAprMayJunJulAu'

2018-06-10 21:46:21 - [MESSAGE][PASSED] - All options with index in [10] are selected on object 'Object Repository/GRN/Page_KDMC - CMS/select_JanFebMarAprMayJunJulAu'

2018-06-10 21:46:21 - [TEST_STEP][PASSED] - click: Object: 'Object Repository/MOH AND GRN/Page_KDMC - CMS/a_12' is clicked on

2018-06-10 21:46:21 - [MESSAGE][PASSED] - Object: 'Object Repository/MOH AND GRN/Page_KDMC - CMS/a_12' is clicked on

2018-06-10 21:46:21 - [TEST_STEP][PASSED] - click: Object: 'Object Repository/MOH AND GRN/Page_KDMC - CMS/input_btnadd' is clicked on

2018-06-10 21:46:21 - [MESSAGE][PASSED] - Object: 'Object Repository/MOH AND GRN/Page_KDMC - CMS/input_btnadd' is clicked on

2018-06-10 21:46:21 - [TEST_STEP][PASSED] - Statement - If (s == 10): null

2018-06-10 21:46:21 - [TEST_STEP][PASSED] - Statement - s = 1: null

2018-06-10 21:46:21 - [TEST_STEP][PASSED] - delay: Delayed 1 second(s)

2018-06-10 21:46:22 - [MESSAGE][PASSED] - Delayed 1 second(s)

2018-06-10 21:46:22 - [TEST_STEP][PASSED] - selectOptionByIndex: All options with index in [31] are selected on object 'Object Repository/MOH AND GRN/Page_KDMC - CMS/select_--Select--Amikacin -500'

2018-06-10 21:46:22 - [MESSAGE][PASSED] - All options with index in [31] are selected on object 'Object Repository/MOH AND GRN/Page_KDMC - CMS/select_--Select--Amikacin -500'

2018-06-10 21:46:22 - [TEST_STEP][PASSED] - setText: Text '5000' is set on object 'Object Repository/MOH AND GRN/Page_KDMC - CMS/input_txtqty'

2018-06-10 21:46:22 - [MESSAGE][PASSED] - Text '5000' is set on object 'Object Repository/MOH AND GRN/Page_KDMC - CMS/input_txtqty'

2018-06-10 21:46:22 - [TEST_STEP][PASSED] - selectOptionByIndex: All options with index in [1] are selected on object 'Object Repository/MOH AND GRN/Page_KDMC - CMS/select_--Select--No Tax0'

2018-06-10 21:46:23 - [MESSAGE][PASSED] - All options with index in [1] are selected on object 'Object Repository/MOH AND GRN/Page_KDMC - CMS/select_--Select--No Tax0'

2018-06-10 21:46:23 - [TEST_STEP][PASSED] - setText: Finding Test Object with id 'Object Repository/MOH AND GRN/Page_KDMC - CMS/input_txtmrp'

2018-06-10 21:46:23 - [TEST_STEP][PASSED] - Statement - switch (id): Finding Test Object with id 'Object Repository/MOH AND GRN/Page_KDMC - CMS/input_txtdeal'

2018-06-10 21:46:23 - [TEST_STEP][PASSED] - Statement - case 4:: Text '23.0' is set on object 'Object Repository/MOH AND GRN/Page_KDMC - CMS/input_txtmrp'

2018-06-10 21:46:23 - [TEST_STEP][PASSED] - Statement - return (java.lang.Math.floor((java.lang.Math.random() * ((max - min) + 1))) + min): Text '23.0' is set on object 'Object Repository/MOH AND GRN/Page_KDMC - CMS/input_txtmrp'

2018-06-10 21:46:23 - [MESSAGE][PASSED] - Text '23.0' is set on object 'Object Repository/MOH AND GRN/Page_KDMC - CMS/input_txtmrp'

2018-06-10 21:46:23 - [TEST_STEP][PASSED] - setText: Finding Test Object with id 'Object Repository/MOH AND GRN/Page_KDMC - CMS/input_txtdeal'

2018-06-10 21:46:23 - [TEST_STEP][PASSED] - Statement - switch (id): Finding Test Object with id 'Object Repository/MOH AND GRN/Page_KDMC - CMS/input_txtbatchno'

2018-06-10 21:46:23 - [TEST_STEP][PASSED] - Statement - case 5:: Text '12.0' is set on object 'Object Repository/MOH AND GRN/Page_KDMC - CMS/input_txtdeal'

2018-06-10 21:46:23 - [TEST_STEP][PASSED] - Statement - return (java.lang.Math.floor((java.lang.Math.random() * ((max - min) + 1))) + min): Text '12.0' is set on object 'Object Repository/MOH AND GRN/Page_KDMC - CMS/input_txtdeal'

2018-06-10 21:46:23 - [MESSAGE][PASSED] - Text '12.0' is set on object 'Object Repository/MOH AND GRN/Page_KDMC - CMS/input_txtdeal'

2018-06-10 21:46:23 - [TEST_STEP][PASSED] - setText: Finding Test Object with id 'Object Repository/MOH AND GRN/Page_KDMC - CMS/input_txtbatchno'

2018-06-10 21:46:23 - [TEST_STEP][PASSED] - Statement - switch (id): Finding Test Object with id 'Object Repository/MOH AND GRN/Page_KDMC - CMS/input_txtmrp'

2018-06-10 21:46:23 - [TEST_STEP][PASSED] - Statement - case 1:: Text 'BA242.0' is set on object 'Object Repository/MOH AND GRN/Page_KDMC - CMS/input_txtbatchno'

2018-06-10 21:46:23 - [TEST_STEP][PASSED] - Statement - return (java.lang.Math.floor((java.lang.Math.random() * ((max - min) + 1))) + min): Text 'BA242.0' is set on object 'Object Repository/MOH AND GRN/Page_KDMC - CMS/input_txtbatchno'

2018-06-10 21:46:23 - [MESSAGE][PASSED] - Text 'BA242.0' is set on object 'Object Repository/MOH AND GRN/Page_KDMC - CMS/input_txtbatchno'

2018-06-10 21:46:23 - [TEST_STEP][PASSED] - rightClick: Object: 'Object Repository/GRN/Page_KDMC - CMS/input_txtexpdate' is right clicked on

2018-06-10 21:46:23 - [MESSAGE][PASSED] - Object: 'Object Repository/GRN/Page_KDMC - CMS/input_txtexpdate' is right clicked on

2018-06-10 21:46:23 - [TEST_STEP][PASSED] - selectOptionByIndex: All options with index in [1] are selected on object 'Object Repository/GRN/Page_KDMC - CMS/select_20182019202020212022202'

2018-06-10 21:46:23 - [MESSAGE][PASSED] - All options with index in [1] are selected on object 'Object Repository/GRN/Page_KDMC - CMS/select_20182019202020212022202'

2018-06-10 21:46:23 - [TEST_STEP][PASSED] - selectOptionByIndex: All options with index in [1] are selected on object 'Object Repository/GRN/Page_KDMC - CMS/select_JanFebMarAprMayJunJulAu'

2018-06-10 21:46:23 - [MESSAGE][PASSED] - All options with index in [1] are selected on object 'Object Repository/GRN/Page_KDMC - CMS/select_JanFebMarAprMayJunJulAu'

2018-06-10 21:46:23 - [TEST_STEP][PASSED] - click: Object: 'Object Repository/MOH AND GRN/Page_KDMC - CMS/a_12' is clicked on

2018-06-10 21:46:23 - [MESSAGE][PASSED] - Object: 'Object Repository/MOH AND GRN/Page_KDMC - CMS/a_12' is clicked on

2018-06-10 21:46:23 - [TEST_STEP][PASSED] - click: Object: 'Object Repository/MOH AND GRN/Page_KDMC - CMS/input_btnadd' is clicked on

2018-06-10 21:46:23 - [MESSAGE][PASSED] - Object: 'Object Repository/MOH AND GRN/Page_KDMC - CMS/input_btnadd' is clicked on

2018-06-10 21:46:23 - [TEST_STEP][PASSED] - Statement - If (s == 10): null

2018-06-10 21:46:23 - [TEST_STEP][PASSED] - Statement - Else: null

2018-06-10 21:46:23 - [TEST_STEP][PASSED] - Statement - (s++): null

2018-06-10 21:46:23 - [TEST_STEP][PASSED] - delay: Delayed 1 second(s)

2018-06-10 21:46:24 - [MESSAGE][PASSED] - Delayed 1 second(s)

2018-06-10 21:46:24 - [TEST_STEP][PASSED] - selectOptionByIndex: All options with index in [32] are selected on object 'Object Repository/MOH AND GRN/Page_KDMC - CMS/select_--Select--Amikacin -500'

2018-06-10 21:46:25 - [MESSAGE][PASSED] - All options with index in [32] are selected on object 'Object Repository/MOH AND GRN/Page_KDMC - CMS/select_--Select--Amikacin -500'

2018-06-10 21:46:25 - [TEST_STEP][PASSED] - setText: Text '5000' is set on object 'Object Repository/MOH AND GRN/Page_KDMC - CMS/input_txtqty'

2018-06-10 21:46:25 - [MESSAGE][PASSED] - Text '5000' is set on object 'Object Repository/MOH AND GRN/Page_KDMC - CMS/input_txtqty'

2018-06-10 21:46:25 - [TEST_STEP][PASSED] - selectOptionByIndex: All options with index in [1] are selected on object 'Object Repository/MOH AND GRN/Page_KDMC - CMS/select_--Select--No Tax0'

2018-06-10 21:46:25 - [MESSAGE][PASSED] - All options with index in [1] are selected on object 'Object Repository/MOH AND GRN/Page_KDMC - CMS/select_--Select--No Tax0'

2018-06-10 21:46:25 - [TEST_STEP][PASSED] - setText: Finding Test Object with id 'Object Repository/MOH AND GRN/Page_KDMC - CMS/input_txtmrp'

2018-06-10 21:46:25 - [TEST_STEP][PASSED] - Statement - switch (id): Finding Test Object with id 'Object Repository/MOH AND GRN/Page_KDMC - CMS/input_txtdeal'

2018-06-10 21:46:25 - [TEST_STEP][PASSED] - Statement - case 4:: Text '40.0' is set on object 'Object Repository/MOH AND GRN/Page_KDMC - CMS/input_txtmrp'

2018-06-10 21:46:25 - [TEST_STEP][PASSED] - Statement - return (java.lang.Math.floor((java.lang.Math.random() * ((max - min) + 1))) + min): Text '40.0' is set on object 'Object Repository/MOH AND GRN/Page_KDMC - CMS/input_txtmrp'

2018-06-10 21:46:25 - [MESSAGE][PASSED] - Text '40.0' is set on object 'Object Repository/MOH AND GRN/Page_KDMC - CMS/input_txtmrp'

2018-06-10 21:46:25 - [TEST_STEP][PASSED] - setText: Finding Test Object with id 'Object Repository/MOH AND GRN/Page_KDMC - CMS/input_txtdeal'

2018-06-10 21:46:25 - [TEST_STEP][PASSED] - Statement - switch (id): Finding Test Object with id 'Object Repository/MOH AND GRN/Page_KDMC - CMS/input_txtbatchno'

2018-06-10 21:46:25 - [TEST_STEP][PASSED] - Statement - case 5:: Text '5.0' is set on object 'Object Repository/MOH AND GRN/Page_KDMC - CMS/input_txtdeal'

2018-06-10 21:46:25 - [TEST_STEP][PASSED] - Statement - return (java.lang.Math.floor((java.lang.Math.random() * ((max - min) + 1))) + min): Text '5.0' is set on object 'Object Repository/MOH AND GRN/Page_KDMC - CMS/input_txtdeal'

2018-06-10 21:46:25 - [MESSAGE][PASSED] - Text '5.0' is set on object 'Object Repository/MOH AND GRN/Page_KDMC - CMS/input_txtdeal'

2018-06-10 21:46:25 - [TEST_STEP][PASSED] - setText: Finding Test Object with id 'Object Repository/MOH AND GRN/Page_KDMC - CMS/input_txtbatchno'

2018-06-10 21:46:25 - [TEST_STEP][PASSED] - Statement - switch (id): Finding Test Object with id 'Object Repository/MOH AND GRN/Page_KDMC - CMS/input_txtmrp'

2018-06-10 21:46:25 - [TEST_STEP][PASSED] - Statement - case 1:: Text 'BA519.0' is set on object 'Object Repository/MOH AND GRN/Page_KDMC - CMS/input_txtbatchno'

2018-06-10 21:46:25 - [TEST_STEP][PASSED] - Statement - return (java.lang.Math.floor((java.lang.Math.random() * ((max - min) + 1))) + min): Text 'BA519.0' is set on object 'Object Repository/MOH AND GRN/Page_KDMC - CMS/input_txtbatchno'

2018-06-10 21:46:25 - [MESSAGE][PASSED] - Text 'BA519.0' is set on object 'Object Repository/MOH AND GRN/Page_KDMC - CMS/input_txtbatchno'

2018-06-10 21:46:25 - [TEST_STEP][PASSED] - rightClick: Object: 'Object Repository/GRN/Page_KDMC - CMS/input_txtexpdate' is right clicked on

2018-06-10 21:46:26 - [MESSAGE][PASSED] - Object: 'Object Repository/GRN/Page_KDMC - CMS/input_txtexpdate' is right clicked on

2018-06-10 21:46:26 - [TEST_STEP][PASSED] - selectOptionByIndex: All options with index in [2] are selected on object 'Object Repository/GRN/Page_KDMC - CMS/select_20182019202020212022202'

2018-06-10 21:46:26 - [MESSAGE][PASSED] - All options with index in [2] are selected on object 'Object Repository/GRN/Page_KDMC - CMS/select_20182019202020212022202'

2018-06-10 21:46:26 - [TEST_STEP][PASSED] - selectOptionByIndex: All options with index in [2] are selected on object 'Object Repository/GRN/Page_KDMC - CMS/select_JanFebMarAprMayJunJulAu'

2018-06-10 21:46:26 - [MESSAGE][PASSED] - All options with index in [2] are selected on object 'Object Repository/GRN/Page_KDMC - CMS/select_JanFebMarAprMayJunJulAu'

2018-06-10 21:46:26 - [TEST_STEP][PASSED] - click: Object: 'Object Repository/MOH AND GRN/Page_KDMC - CMS/a_12' is clicked on

2018-06-10 21:46:26 - [MESSAGE][PASSED] - Object: 'Object Repository/MOH AND GRN/Page_KDMC - CMS/a_12' is clicked on

2018-06-10 21:46:26 - [TEST_STEP][PASSED] - click: Object: 'Object Repository/MOH AND GRN/Page_KDMC - CMS/input_btnadd' is clicked on

2018-06-10 21:46:26 - [MESSAGE][PASSED] - Object: 'Object Repository/MOH AND GRN/Page_KDMC - CMS/input_btnadd' is clicked on

2018-06-10 21:46:26 - [TEST_STEP][PASSED] - Statement - If (s == 10): null

2018-06-10 21:46:26 - [TEST_STEP][PASSED] - Statement - Else: null

2018-06-10 21:46:26 - [TEST_STEP][PASSED] - Statement - (s++): null

2018-06-10 21:46:26 - [TEST_STEP][PASSED] - delay: Delayed 1 second(s)

2018-06-10 21:46:27 - [MESSAGE][PASSED] - Delayed 1 second(s)

2018-06-10 21:46:27 - [TEST_STEP][PASSED] - selectOptionByIndex: All options with index in [33] are selected on object 'Object Repository/MOH AND GRN/Page_KDMC - CMS/select_--Select--Amikacin -500'

2018-06-10 21:46:28 - [MESSAGE][PASSED] - All options with index in [33] are selected on object 'Object Repository/MOH AND GRN/Page_KDMC - CMS/select_--Select--Amikacin -500'

2018-06-10 21:46:28 - [TEST_STEP][PASSED] - setText: Text '5000' is set on object 'Object Repository/MOH AND GRN/Page_KDMC - CMS/input_txtqty'

2018-06-10 21:46:28 - [MESSAGE][PASSED] - Text '5000' is set on object 'Object Repository/MOH AND GRN/Page_KDMC - CMS/input_txtqty'

2018-06-10 21:46:28 - [TEST_STEP][PASSED] - selectOptionByIndex: All options with index in [1] are selected on object 'Object Repository/MOH AND GRN/Page_KDMC - CMS/select_--Select--No Tax0'

2018-06-10 21:46:28 - [MESSAGE][PASSED] - All options with index in [1] are selected on object 'Object Repository/MOH AND GRN/Page_KDMC - CMS/select_--Select--No Tax0'

2018-06-10 21:46:28 - [TEST_STEP][PASSED] - setText: Finding Test Object with id 'Object Repository/MOH AND GRN/Page_KDMC - CMS/input_txtmrp'

2018-06-10 21:46:28 - [TEST_STEP][PASSED] - Statement - switch (id): Finding Test Object with id 'Object Repository/MOH AND GRN/Page_KDMC - CMS/input_txtdeal'

2018-06-10 21:46:28 - [TEST_STEP][PASSED] - Statement - case 4:: Text '31.0' is set on object 'Object Repository/MOH AND GRN/Page_KDMC - CMS/input_txtmrp'

2018-06-10 21:46:28 - [TEST_STEP][PASSED] - Statement - return (java.lang.Math.floor((java.lang.Math.random() * ((max - min) + 1))) + min): Text '31.0' is set on object 'Object Repository/MOH AND GRN/Page_KDMC - CMS/input_txtmrp'

2018-06-10 21:46:28 - [MESSAGE][PASSED] - Text '31.0' is set on object 'Object Repository/MOH AND GRN/Page_KDMC - CMS/input_txtmrp'

2018-06-10 21:46:28 - [TEST_STEP][PASSED] - setText: Finding Test Object with id 'Object Repository/MOH AND GRN/Page_KDMC - CMS/input_txtdeal'

2018-06-10 21:46:28 - [TEST_STEP][PASSED] - Statement - switch (id): Finding Test Object with id 'Object Repository/MOH AND GRN/Page_KDMC - CMS/input_txtbatchno'

2018-06-10 21:46:28 - [TEST_STEP][PASSED] - Statement - case 5:: Text '12.0' is set on object 'Object Repository/MOH AND GRN/Page_KDMC - CMS/input_txtdeal'

2018-06-10 21:46:28 - [TEST_STEP][PASSED] - Statement - return (java.lang.Math.floor((java.lang.Math.random() * ((max - min) + 1))) + min): Text '12.0' is set on object 'Object Repository/MOH AND GRN/Page_KDMC - CMS/input_txtdeal'

2018-06-10 21:46:28 - [MESSAGE][PASSED] - Text '12.0' is set on object 'Object Repository/MOH AND GRN/Page_KDMC - CMS/input_txtdeal'

2018-06-10 21:46:28 - [TEST_STEP][PASSED] - setText: Finding Test Object with id 'Object Repository/MOH AND GRN/Page_KDMC - CMS/input_txtbatchno'

2018-06-10 21:46:28 - [TEST_STEP][PASSED] - Statement - switch (id): Finding Test Object with id 'Object Repository/MOH AND GRN/Page_KDMC - CMS/input_txtmrp'

2018-06-10 21:46:28 - [TEST_STEP][PASSED] - Statement - case 1:: Text 'BA318.0' is set on object 'Object Repository/MOH AND GRN/Page_KDMC - CMS/input_txtbatchno'

2018-06-10 21:46:28 - [TEST_STEP][PASSED] - Statement - return (java.lang.Math.floor((java.lang.Math.random() * ((max - min) + 1))) + min): Text 'BA318.0' is set on object 'Object Repository/MOH AND GRN/Page_KDMC - CMS/input_txtbatchno'

2018-06-10 21:46:28 - [MESSAGE][PASSED] - Text 'BA318.0' is set on object 'Object Repository/MOH AND GRN/Page_KDMC - CMS/input_txtbatchno'

2018-06-10 21:46:28 - [TEST_STEP][PASSED] - rightClick: Object: 'Object Repository/GRN/Page_KDMC - CMS/input_txtexpdate' is right clicked on

2018-06-10 21:46:28 - [MESSAGE][PASSED] - Object: 'Object Repository/GRN/Page_KDMC - CMS/input_txtexpdate' is right clicked on

2018-06-10 21:46:28 - [TEST_STEP][PASSED] - selectOptionByIndex: All options with index in [3] are selected on object 'Object Repository/GRN/Page_KDMC - CMS/select_20182019202020212022202'

2018-06-10 21:46:28 - [MESSAGE][PASSED] - All options with index in [3] are selected on object 'Object Repository/GRN/Page_KDMC - CMS/select_20182019202020212022202'

2018-06-10 21:46:28 - [TEST_STEP][PASSED] - selectOptionByIndex: All options with index in [3] are selected on object 'Object Repository/GRN/Page_KDMC - CMS/select_JanFebMarAprMayJunJulAu'

2018-06-10 21:46:29 - [MESSAGE][PASSED] - All options with index in [3] are selected on object 'Object Repository/GRN/Page_KDMC - CMS/select_JanFebMarAprMayJunJulAu'

2018-06-10 21:46:29 - [TEST_STEP][PASSED] - click: Object: 'Object Repository/MOH AND GRN/Page_KDMC - CMS/a_12' is clicked on

2018-06-10 21:46:29 - [MESSAGE][PASSED] - Object: 'Object Repository/MOH AND GRN/Page_KDMC - CMS/a_12' is clicked on

2018-06-10 21:46:29 - [TEST_STEP][PASSED] - click: Object: 'Object Repository/MOH AND GRN/Page_KDMC - CMS/input_btnadd' is clicked on

2018-06-10 21:46:29 - [MESSAGE][PASSED] - Object: 'Object Repository/MOH AND GRN/Page_KDMC - CMS/input_btnadd' is clicked on

2018-06-10 21:46:29 - [TEST_STEP][PASSED] - Statement - If (s == 10): null

2018-06-10 21:46:29 - [TEST_STEP][PASSED] - Statement - Else: null

2018-06-10 21:46:29 - [TEST_STEP][PASSED] - Statement - (s++): null

2018-06-10 21:46:29 - [TEST_STEP][PASSED] - delay: Delayed 1 second(s)

2018-06-10 21:46:30 - [MESSAGE][PASSED] - Delayed 1 second(s)

2018-06-10 21:46:30 - [TEST_STEP][PASSED] - selectOptionByIndex: All options with index in [34] are selected on object 'Object Repository/MOH AND GRN/Page_KDMC - CMS/select_--Select--Amikacin -500'

2018-06-10 21:46:30 - [MESSAGE][PASSED] - All options with index in [34] are selected on object 'Object Repository/MOH AND GRN/Page_KDMC - CMS/select_--Select--Amikacin -500'

2018-06-10 21:46:30 - [TEST_STEP][PASSED] - setText: Text '5000' is set on object 'Object Repository/MOH AND GRN/Page_KDMC - CMS/input_txtqty'

2018-06-10 21:46:30 - [MESSAGE][PASSED] - Text '5000' is set on object 'Object Repository/MOH AND GRN/Page_KDMC - CMS/input_txtqty'

2018-06-10 21:46:30 - [TEST_STEP][PASSED] - selectOptionByIndex: All options with index in [1] are selected on object 'Object Repository/MOH AND GRN/Page_KDMC - CMS/select_--Select--No Tax0'

2018-06-10 21:46:30 - [MESSAGE][PASSED] - All options with index in [1] are selected on object 'Object Repository/MOH AND GRN/Page_KDMC - CMS/select_--Select--No Tax0'

2018-06-10 21:46:30 - [TEST_STEP][PASSED] - setText: Finding Test Object with id 'Object Repository/MOH AND GRN/Page_KDMC - CMS/input_txtmrp'

2018-06-10 21:46:30 - [TEST_STEP][PASSED] - Statement - switch (id): Finding Test Object with id 'Object Repository/MOH AND GRN/Page_KDMC - CMS/input_txtdeal'

2018-06-10 21:46:30 - [TEST_STEP][PASSED] - Statement - case 4:: Text '41.0' is set on object 'Object Repository/MOH AND GRN/Page_KDMC - CMS/input_txtmrp'

2018-06-10 21:46:30 - [TEST_STEP][PASSED] - Statement - return (java.lang.Math.floor((java.lang.Math.random() * ((max - min) + 1))) + min): Text '41.0' is set on object 'Object Repository/MOH AND GRN/Page_KDMC - CMS/input_txtmrp'

2018-06-10 21:46:31 - [MESSAGE][PASSED] - Text '41.0' is set on object 'Object Repository/MOH AND GRN/Page_KDMC - CMS/input_txtmrp'

2018-06-10 21:46:31 - [TEST_STEP][PASSED] - setText: Finding Test Object with id 'Object Repository/MOH AND GRN/Page_KDMC - CMS/input_txtdeal'

2018-06-10 21:46:31 - [TEST_STEP][PASSED] - Statement - switch (id): Finding Test Object with id 'Object Repository/MOH AND GRN/Page_KDMC - CMS/input_txtbatchno'

2018-06-10 21:46:31 - [TEST_STEP][PASSED] - Statement - case 5:: Text '9.0' is set on object 'Object Repository/MOH AND GRN/Page_KDMC - CMS/input_txtdeal'

2018-06-10 21:46:31 - [TEST_STEP][PASSED] - Statement - return (java.lang.Math.floor((java.lang.Math.random() * ((max - min) + 1))) + min): Text '9.0' is set on object 'Object Repository/MOH AND GRN/Page_KDMC - CMS/input_txtdeal'

2018-06-10 21:46:31 - [MESSAGE][PASSED] - Text '9.0' is set on object 'Object Repository/MOH AND GRN/Page_KDMC - CMS/input_txtdeal'

2018-06-10 21:46:31 - [TEST_STEP][PASSED] - setText: Finding Test Object with id 'Object Repository/MOH AND GRN/Page_KDMC - CMS/input_txtbatchno'

2018-06-10 21:46:31 - [TEST_STEP][PASSED] - Statement - switch (id): Finding Test Object with id 'Object Repository/MOH AND GRN/Page_KDMC - CMS/input_txtmrp'

2018-06-10 21:46:31 - [TEST_STEP][PASSED] - Statement - case 1:: Text 'BA901.0' is set on object 'Object Repository/MOH AND GRN/Page_KDMC - CMS/input_txtbatchno'

2018-06-10 21:46:31 - [TEST_STEP][PASSED] - Statement - return (java.lang.Math.floor((java.lang.Math.random() * ((max - min) + 1))) + min): Text 'BA901.0' is set on object 'Object Repository/MOH AND GRN/Page_KDMC - CMS/input_txtbatchno'

2018-06-10 21:46:31 - [MESSAGE][PASSED] - Text 'BA901.0' is set on object 'Object Repository/MOH AND GRN/Page_KDMC - CMS/input_txtbatchno'

2018-06-10 21:46:31 - [TEST_STEP][PASSED] - rightClick: Object: 'Object Repository/GRN/Page_KDMC - CMS/input_txtexpdate' is right clicked on

2018-06-10 21:46:31 - [MESSAGE][PASSED] - Object: 'Object Repository/GRN/Page_KDMC - CMS/input_txtexpdate' is right clicked on

2018-06-10 21:46:31 - [TEST_STEP][PASSED] - selectOptionByIndex: All options with index in [4] are selected on object 'Object Repository/GRN/Page_KDMC - CMS/select_20182019202020212022202'

2018-06-10 21:46:31 - [MESSAGE][PASSED] - All options with index in [4] are selected on object 'Object Repository/GRN/Page_KDMC - CMS/select_20182019202020212022202'

2018-06-10 21:46:31 - [TEST_STEP][PASSED] - selectOptionByIndex: All options with index in [4] are selected on object 'Object Repository/GRN/Page_KDMC - CMS/select_JanFebMarAprMayJunJulAu'

2018-06-10 21:46:31 - [MESSAGE][PASSED] - All options with index in [4] are selected on object 'Object Repository/GRN/Page_KDMC - CMS/select_JanFebMarAprMayJunJulAu'

2018-06-10 21:46:31 - [TEST_STEP][PASSED] - click: Object: 'Object Repository/MOH AND GRN/Page_KDMC - CMS/a_12' is clicked on

2018-06-10 21:46:31 - [MESSAGE][PASSED] - Object: 'Object Repository/MOH AND GRN/Page_KDMC - CMS/a_12' is clicked on

2018-06-10 21:46:31 - [TEST_STEP][PASSED] - click: Object: 'Object Repository/MOH AND GRN/Page_KDMC - CMS/input_btnadd' is clicked on

2018-06-10 21:46:31 - [MESSAGE][PASSED] - Object: 'Object Repository/MOH AND GRN/Page_KDMC - CMS/input_btnadd' is clicked on

2018-06-10 21:46:31 - [TEST_STEP][PASSED] - Statement - If (s == 10): null

2018-06-10 21:46:31 - [TEST_STEP][PASSED] - Statement - Else: null

2018-06-10 21:46:31 - [TEST_STEP][PASSED] - Statement - (s++): null

2018-06-10 21:46:31 - [TEST_STEP][PASSED] - delay: Delayed 1 second(s)

2018-06-10 21:46:32 - [MESSAGE][PASSED] - Delayed 1 second(s)

2018-06-10 21:46:32 - [TEST_STEP][PASSED] - selectOptionByIndex: All options with index in [35] are selected on object 'Object Repository/MOH AND GRN/Page_KDMC - CMS/select_--Select--Amikacin -500'

2018-06-10 21:46:33 - [MESSAGE][PASSED] - All options with index in [35] are selected on object 'Object Repository/MOH AND GRN/Page_KDMC - CMS/select_--Select--Amikacin -500'

2018-06-10 21:46:33 - [TEST_STEP][PASSED] - setText: Text '5000' is set on object 'Object Repository/MOH AND GRN/Page_KDMC - CMS/input_txtqty'

2018-06-10 21:46:33 - [MESSAGE][PASSED] - Text '5000' is set on object 'Object Repository/MOH AND GRN/Page_KDMC - CMS/input_txtqty'

2018-06-10 21:46:33 - [TEST_STEP][PASSED] - selectOptionByIndex: All options with index in [1] are selected on object 'Object Repository/MOH AND GRN/Page_KDMC - CMS/select_--Select--No Tax0'

2018-06-10 21:46:33 - [MESSAGE][PASSED] - All options with index in [1] are selected on object 'Object Repository/MOH AND GRN/Page_KDMC - CMS/select_--Select--No Tax0'

2018-06-10 21:46:33 - [TEST_STEP][PASSED] - setText: Finding Test Object with id 'Object Repository/MOH AND GRN/Page_KDMC - CMS/input_txtmrp'

2018-06-10 21:46:33 - [TEST_STEP][PASSED] - Statement - switch (id): Finding Test Object with id 'Object Repository/MOH AND GRN/Page_KDMC - CMS/input_txtdeal'

2018-06-10 21:46:33 - [TEST_STEP][PASSED] - Statement - case 4:: Text '27.0' is set on object 'Object Repository/MOH AND GRN/Page_KDMC - CMS/input_txtmrp'

2018-06-10 21:46:33 - [TEST_STEP][PASSED] - Statement - return (java.lang.Math.floor((java.lang.Math.random() * ((max - min) + 1))) + min): Text '27.0' is set on object 'Object Repository/MOH AND GRN/Page_KDMC - CMS/input_txtmrp'

2018-06-10 21:46:33 - [MESSAGE][PASSED] - Text '27.0' is set on object 'Object Repository/MOH AND GRN/Page_KDMC - CMS/input_txtmrp'

2018-06-10 21:46:33 - [TEST_STEP][PASSED] - setText: Finding Test Object with id 'Object Repository/MOH AND GRN/Page_KDMC - CMS/input_txtdeal'

2018-06-10 21:46:33 - [TEST_STEP][PASSED] - Statement - switch (id): Finding Test Object with id 'Object Repository/MOH AND GRN/Page_KDMC - CMS/input_txtbatchno'

2018-06-10 21:46:33 - [TEST_STEP][PASSED] - Statement - case 5:: Text '9.0' is set on object 'Object Repository/MOH AND GRN/Page_KDMC - CMS/input_txtdeal'

2018-06-10 21:46:33 - [TEST_STEP][PASSED] - Statement - return (java.lang.Math.floor((java.lang.Math.random() * ((max - min) + 1))) + min): Text '9.0' is set on object 'Object Repository/MOH AND GRN/Page_KDMC - CMS/input_txtdeal'

2018-06-10 21:46:33 - [MESSAGE][PASSED] - Text '9.0' is set on object 'Object Repository/MOH AND GRN/Page_KDMC - CMS/input_txtdeal'

2018-06-10 21:46:33 - [TEST_STEP][PASSED] - setText: Finding Test Object with id 'Object Repository/MOH AND GRN/Page_KDMC - CMS/input_txtbatchno'

2018-06-10 21:46:33 - [TEST_STEP][PASSED] - Statement - switch (id): Finding Test Object with id 'Object Repository/MOH AND GRN/Page_KDMC - CMS/input_txtmrp'

2018-06-10 21:46:33 - [TEST_STEP][PASSED] - Statement - case 1:: Text 'BA132.0' is set on object 'Object Repository/MOH AND GRN/Page_KDMC - CMS/input_txtbatchno'

2018-06-10 21:46:33 - [TEST_STEP][PASSED] - Statement - return (java.lang.Math.floor((java.lang.Math.random() * ((max - min) + 1))) + min): Text 'BA132.0' is set on object 'Object Repository/MOH AND GRN/Page_KDMC - CMS/input_txtbatchno'

2018-06-10 21:46:33 - [MESSAGE][PASSED] - Text 'BA132.0' is set on object 'Object Repository/MOH AND GRN/Page_KDMC - CMS/input_txtbatchno'

2018-06-10 21:46:33 - [TEST_STEP][PASSED] - rightClick: Object: 'Object Repository/GRN/Page_KDMC - CMS/input_txtexpdate' is right clicked on

2018-06-10 21:46:34 - [MESSAGE][PASSED] - Object: 'Object Repository/GRN/Page_KDMC - CMS/input_txtexpdate' is right clicked on

2018-06-10 21:46:34 - [TEST_STEP][PASSED] - selectOptionByIndex: All options with index in [5] are selected on object 'Object Repository/GRN/Page_KDMC - CMS/select_20182019202020212022202'

2018-06-10 21:46:34 - [MESSAGE][PASSED] - All options with index in [5] are selected on object 'Object Repository/GRN/Page_KDMC - CMS/select_20182019202020212022202'

2018-06-10 21:46:34 - [TEST_STEP][PASSED] - selectOptionByIndex: All options with index in [5] are selected on object 'Object Repository/GRN/Page_KDMC - CMS/select_JanFebMarAprMayJunJulAu'

2018-06-10 21:46:34 - [MESSAGE][PASSED] - All options with index in [5] are selected on object 'Object Repository/GRN/Page_KDMC - CMS/select_JanFebMarAprMayJunJulAu'

2018-06-10 21:46:34 - [TEST_STEP][PASSED] - click: Object: 'Object Repository/MOH AND GRN/Page_KDMC - CMS/a_12' is clicked on

2018-06-10 21:46:34 - [MESSAGE][PASSED] - Object: 'Object Repository/MOH AND GRN/Page_KDMC - CMS/a_12' is clicked on

2018-06-10 21:46:34 - [TEST_STEP][PASSED] - click: Object: 'Object Repository/MOH AND GRN/Page_KDMC - CMS/input_btnadd' is clicked on

2018-06-10 21:46:34 - [MESSAGE][PASSED] - Object: 'Object Repository/MOH AND GRN/Page_KDMC - CMS/input_btnadd' is clicked on

2018-06-10 21:46:34 - [TEST_STEP][PASSED] - Statement - If (s == 10): null

2018-06-10 21:46:34 - [TEST_STEP][PASSED] - Statement - Else: null

2018-06-10 21:46:34 - [TEST_STEP][PASSED] - Statement - (s++): null

2018-06-10 21:46:34 - [TEST_STEP][PASSED] - delay: Delayed 1 second(s)

2018-06-10 21:46:35 - [MESSAGE][PASSED] - Delayed 1 second(s)

2018-06-10 21:46:35 - [TEST_STEP][PASSED] - selectOptionByIndex: All options with index in [36] are selected on object 'Object Repository/MOH AND GRN/Page_KDMC - CMS/select_--Select--Amikacin -500'

2018-06-10 21:46:36 - [MESSAGE][PASSED] - All options with index in [36] are selected on object 'Object Repository/MOH AND GRN/Page_KDMC - CMS/select_--Select--Amikacin -500'

2018-06-10 21:46:36 - [TEST_STEP][PASSED] - setText: Text '5000' is set on object 'Object Repository/MOH AND GRN/Page_KDMC - CMS/input_txtqty'

2018-06-10 21:46:36 - [MESSAGE][PASSED] - Text '5000' is set on object 'Object Repository/MOH AND GRN/Page_KDMC - CMS/input_txtqty'

2018-06-10 21:46:36 - [TEST_STEP][PASSED] - selectOptionByIndex: All options with index in [1] are selected on object 'Object Repository/MOH AND GRN/Page_KDMC - CMS/select_--Select--No Tax0'

2018-06-10 21:46:36 - [MESSAGE][PASSED] - All options with index in [1] are selected on object 'Object Repository/MOH AND GRN/Page_KDMC - CMS/select_--Select--No Tax0'

2018-06-10 21:46:36 - [TEST_STEP][PASSED] - setText: Finding Test Object with id 'Object Repository/MOH AND GRN/Page_KDMC - CMS/input_txtmrp'

2018-06-10 21:46:36 - [TEST_STEP][PASSED] - Statement - switch (id): Finding Test Object with id 'Object Repository/MOH AND GRN/Page_KDMC - CMS/input_txtdeal'

2018-06-10 21:46:36 - [TEST_STEP][PASSED] - Statement - case 4:: Text '29.0' is set on object 'Object Repository/MOH AND GRN/Page_KDMC - CMS/input_txtmrp'

2018-06-10 21:46:36 - [TEST_STEP][PASSED] - Statement - return (java.lang.Math.floor((java.lang.Math.random() * ((max - min) + 1))) + min): Text '29.0' is set on object 'Object Repository/MOH AND GRN/Page_KDMC - CMS/input_txtmrp'

2018-06-10 21:46:36 - [MESSAGE][PASSED] - Text '29.0' is set on object 'Object Repository/MOH AND GRN/Page_KDMC - CMS/input_txtmrp'

2018-06-10 21:46:36 - [TEST_STEP][PASSED] - setText: Finding Test Object with id 'Object Repository/MOH AND GRN/Page_KDMC - CMS/input_txtdeal'

2018-06-10 21:46:36 - [TEST_STEP][PASSED] - Statement - switch (id): Finding Test Object with id 'Object Repository/MOH AND GRN/Page_KDMC - CMS/input_txtbatchno'

2018-06-10 21:46:36 - [TEST_STEP][PASSED] - Statement - case 5:: Text '8.0' is set on object 'Object Repository/MOH AND GRN/Page_KDMC - CMS/input_txtdeal'

2018-06-10 21:46:36 - [TEST_STEP][PASSED] - Statement - return (java.lang.Math.floor((java.lang.Math.random() * ((max - min) + 1))) + min): Text '8.0' is set on object 'Object Repository/MOH AND GRN/Page_KDMC - CMS/input_txtdeal'

2018-06-10 21:46:36 - [MESSAGE][PASSED] - Text '8.0' is set on object 'Object Repository/MOH AND GRN/Page_KDMC - CMS/input_txtdeal'

2018-06-10 21:46:36 - [TEST_STEP][PASSED] - setText: Finding Test Object with id 'Object Repository/MOH AND GRN/Page_KDMC - CMS/input_txtbatchno'

2018-06-10 21:46:36 - [TEST_STEP][PASSED] - Statement - switch (id): Delayed 1 second(s)

2018-06-10 21:46:36 - [TEST_STEP][PASSED] - Statement - case 1:: Text 'BA884.0' is set on object 'Object Repository/MOH AND GRN/Page_KDMC - CMS/input_txtbatchno'

2018-06-10 21:46:36 - [TEST_STEP][PASSED] - Statement - return (java.lang.Math.floor((java.lang.Math.random() * ((max - min) + 1))) + min): Text 'BA884.0' is set on object 'Object Repository/MOH AND GRN/Page_KDMC - CMS/input_txtbatchno'

2018-06-10 21:46:36 - [MESSAGE][PASSED] - Text 'BA884.0' is set on object 'Object Repository/MOH AND GRN/Page_KDMC - CMS/input_txtbatchno'

2018-06-10 21:46:36 - [TEST_STEP][PASSED] - rightClick: Object: 'Object Repository/GRN/Page_KDMC - CMS/input_txtexpdate' is right clicked on

2018-06-10 21:46:36 - [MESSAGE][PASSED] - Object: 'Object Repository/GRN/Page_KDMC - CMS/input_txtexpdate' is right clicked on

2018-06-10 21:46:36 - [TEST_STEP][PASSED] - selectOptionByIndex: All options with index in [6] are selected on object 'Object Repository/GRN/Page_KDMC - CMS/select_20182019202020212022202'

2018-06-10 21:46:36 - [MESSAGE][PASSED] - All options with index in [6] are selected on object 'Object Repository/GRN/Page_KDMC - CMS/select_20182019202020212022202'

2018-06-10 21:46:36 - [TEST_STEP][PASSED] - selectOptionByIndex: All options with index in [6] are selected on object 'Object Repository/GRN/Page_KDMC - CMS/select_JanFebMarAprMayJunJulAu'

2018-06-10 21:46:37 - [MESSAGE][PASSED] - All options with index in [6] are selected on object 'Object Repository/GRN/Page_KDMC - CMS/select_JanFebMarAprMayJunJulAu'

2018-06-10 21:46:37 - [TEST_STEP][PASSED] - click: Object: 'Object Repository/MOH AND GRN/Page_KDMC - CMS/a_12' is clicked on

2018-06-10 21:46:37 - [MESSAGE][PASSED] - Object: 'Object Repository/MOH AND GRN/Page_KDMC - CMS/a_12' is clicked on

2018-06-10 21:46:37 - [TEST_STEP][PASSED] - click: Object: 'Object Repository/MOH AND GRN/Page_KDMC - CMS/input_btnadd' is clicked on

2018-06-10 21:46:37 - [MESSAGE][PASSED] - Object: 'Object Repository/MOH AND GRN/Page_KDMC - CMS/input_btnadd' is clicked on

2018-06-10 21:46:37 - [TEST_STEP][PASSED] - Statement - If (s == 10): null

2018-06-10 21:46:37 - [TEST_STEP][PASSED] - Statement - Else: null

2018-06-10 21:46:37 - [TEST_STEP][PASSED] - Statement - (s++): null

2018-06-10 21:46:37 - [TEST_STEP][PASSED] - delay: Delayed 1 second(s)

2018-06-10 21:46:38 - [MESSAGE][PASSED] - Delayed 1 second(s)

2018-06-10 21:46:38 - [TEST_STEP][PASSED] - scrollToElement: Scroll to object 'Object Repository/MOH AND GRN/Page_KDMC - CMS/input_btnSubmit' successfully

2018-06-10 21:46:38 - [MESSAGE][PASSED] - Scroll to object 'Object Repository/MOH AND GRN/Page_KDMC - CMS/input_btnSubmit' successfully

2018-06-10 21:46:38 - [TEST_STEP][PASSED] - click: Object: 'Object Repository/MOH AND GRN/Page_KDMC - CMS/input_btnSubmit' is clicked on

2018-06-10 21:46:38 - [MESSAGE][PASSED] - Object: 'Object Repository/MOH AND GRN/Page_KDMC - CMS/input_btnSubmit' is clicked on

2018-06-10 21:46:38 - [TEST_STEP][PASSED] - delay: Delayed 3 second(s)

2018-06-10 21:46:41 - [MESSAGE][PASSED] - Delayed 3 second(s)

2018-06-10 21:46:41 - [TEST_STEP][PASSED] - click: Object: 'Object Repository/MOH AND GRN/Page_KDMC - CMS/button_OK' is clicked on

2018-06-10 21:46:42 - [MESSAGE][PASSED] - Object: 'Object Repository/MOH AND GRN/Page_KDMC - CMS/button_OK' is clicked on

2018-06-10 21:46:42 - [TEST_STEP][PASSED] - delay: Delayed 2 second(s)

2018-06-10 21:46:44 - [MESSAGE][PASSED] - Delayed 2 second(s)

2018-06-10 21:46:44 - [TEST_STEP][PASSED] - delay: Delayed 3 second(s)

2018-06-10 21:46:47 - [MESSAGE][PASSED] - Delayed 3 second(s)

2018-06-10 21:46:47 - [TEST_STEP][PASSED] - click: Object: 'Object Repository/MOH AND GRN/Page_KDMC - CMS/a_dropdown-toggle' is clicked on

2018-06-10 21:46:47 - [MESSAGE][PASSED] - Object: 'Object Repository/MOH AND GRN/Page_KDMC - CMS/a_dropdown-toggle' is clicked on

2018-06-10 21:46:47 - [TEST_STEP][PASSED] - click: Object: 'Object Repository/MOH AND GRN/Page_KDMC - CMS/a_Sign out' is clicked on

2018-06-10 21:46:47 - [MESSAGE][PASSED] - Object: 'Object Repository/MOH AND GRN/Page_KDMC - CMS/a_Sign out' is clicked on

2018-06-10 21:46:47 - [TEST_STEP][PASSED] - closeBrowser: Browser is closed

2018-06-10 21:46:48 - [MESSAGE][PASSED] - Browser is closed]]></system-out>
         <system-err><![CDATA[]]></system-err>
      </testcase>
      <testcase name="Test Cases/TEST/MOH REQUEST AND GRN/Moh Request GRN  Schedule 4" classname="Test Cases/TEST/MOH REQUEST AND GRN/Moh Request GRN  Schedule 4" status="PASSED">
         <system-out><![CDATA[2018-06-10 21:46:48 - [TEST_CASE][PASSED] - Test Cases/TEST/MOH REQUEST AND GRN/Moh Request GRN  Schedule 4: Test Cases/TEST/MOH REQUEST AND GRN/Moh Request GRN  Schedule 4

2018-06-10 21:46:48 - [TEST_STEP][PASSED] - openBrowser: Browser is opened with url: ''

2018-06-10 21:46:50 - [MESSAGE][PASSED] - Browser is opened with url: ''

2018-06-10 21:46:50 - [TEST_STEP][PASSED] - navigateToUrl: Navigate to 'http://192.168.137.1/multihospital_new/' successfully

2018-06-10 21:46:52 - [MESSAGE][PASSED] - Navigate to 'http://192.168.137.1/multihospital_new/' successfully

2018-06-10 21:46:52 - [TEST_STEP][PASSED] - maximizeWindow: Current window maximized

2018-06-10 21:46:53 - [MESSAGE][PASSED] - Current window maximized

2018-06-10 21:46:53 - [TEST_STEP][PASSED] - click: Object: 'Object Repository/MOH AND GRN/Page_KDMC/a_CMS' is clicked on

2018-06-10 21:46:54 - [MESSAGE][PASSED] - Object: 'Object Repository/MOH AND GRN/Page_KDMC/a_CMS' is clicked on

2018-06-10 21:46:54 - [TEST_STEP][PASSED] - setText: Text 'bala' is set on object 'Object Repository/MOH AND GRN/Page_CMS login/input_txtusername'

2018-06-10 21:46:54 - [MESSAGE][PASSED] - Text 'bala' is set on object 'Object Repository/MOH AND GRN/Page_CMS login/input_txtusername'

2018-06-10 21:46:54 - [TEST_STEP][PASSED] - setText: Text '123' is set on object 'Object Repository/MOH AND GRN/Page_CMS login/input_txtpassword'

2018-06-10 21:46:54 - [MESSAGE][PASSED] - Text '123' is set on object 'Object Repository/MOH AND GRN/Page_CMS login/input_txtpassword'

2018-06-10 21:46:54 - [TEST_STEP][PASSED] - delay: Delayed 3 second(s)

2018-06-10 21:46:57 - [MESSAGE][PASSED] - Delayed 3 second(s)

2018-06-10 21:46:57 - [TEST_STEP][PASSED] - click: Object: 'Object Repository/MOH AND GRN/Page_CMS login/button_Sign in' is clicked on

2018-06-10 21:46:58 - [MESSAGE][PASSED] - Object: 'Object Repository/MOH AND GRN/Page_CMS login/button_Sign in' is clicked on

2018-06-10 21:46:58 - [TEST_STEP][PASSED] - click: Object: 'Object Repository/MOH AND GRN/Page_KDMC - CMS/a_Request to MOH' is clicked on

2018-06-10 21:46:59 - [MESSAGE][PASSED] - Object: 'Object Repository/MOH AND GRN/Page_KDMC - CMS/a_Request to MOH' is clicked on

2018-06-10 21:46:59 - [TEST_STEP][PASSED] - selectOptionByIndex: All options with index in [2] are selected on object 'Object Repository/MOH AND GRN/Page_KDMC - CMS/select_--Select--'

2018-06-10 21:46:59 - [MESSAGE][PASSED] - All options with index in [2] are selected on object 'Object Repository/MOH AND GRN/Page_KDMC - CMS/select_--Select--'

2018-06-10 21:46:59 - [TEST_STEP][PASSED] - selectOptionByIndex: All options with index in [4] are selected on object 'Object Repository/MOH AND GRN/Page_KDMC - CMS/select_--Select--Schedule 1Inj'

2018-06-10 21:46:59 - [MESSAGE][PASSED] - All options with index in [4] are selected on object 'Object Repository/MOH AND GRN/Page_KDMC - CMS/select_--Select--Schedule 1Inj'

2018-06-10 21:46:59 - [TEST_STEP][PASSED] - Statement - selectedoptions = com.kms.katalon.core.webui.keyword.WebUiBuiltInKeywords.getNumberOfTotalOption(com.kms.katalon.core.testobject.ObjectRepository.findTestObject(MOH AND GRN/Page_KDMC - CMS/select_--Select--Adernaline 0.)): 16 options of object 'Object Repository/MOH AND GRN/Page_KDMC - CMS/select_--Select--Adernaline 0.' counted

2018-06-10 21:46:59 - [MESSAGE][PASSED] - 16 options of object 'Object Repository/MOH AND GRN/Page_KDMC - CMS/select_--Select--Adernaline 0.' counted

2018-06-10 21:46:59 - [TEST_STEP][PASSED] - Statement - For ([j = 1, j <= selectedoptions - 1, (j++)]): Object: 'Object Repository/MOH AND GRN/Page_KDMC - CMS/button_Add' is clicked on

2018-06-10 21:46:59 - [TEST_STEP][PASSED] - selectOptionByIndex: All options with index in [4] are selected on object 'Object Repository/MOH AND GRN/Page_KDMC - CMS/select_--Select--Schedule 1Inj'

2018-06-10 21:46:59 - [MESSAGE][PASSED] - All options with index in [4] are selected on object 'Object Repository/MOH AND GRN/Page_KDMC - CMS/select_--Select--Schedule 1Inj'

2018-06-10 21:46:59 - [TEST_STEP][PASSED] - selectOptionByIndex: All options with index in [1] are selected on object 'Object Repository/MOH AND GRN/Page_KDMC - CMS/select_--Select--Adernaline 0.'

2018-06-10 21:46:59 - [MESSAGE][PASSED] - All options with index in [1] are selected on object 'Object Repository/MOH AND GRN/Page_KDMC - CMS/select_--Select--Adernaline 0.'

2018-06-10 21:46:59 - [TEST_STEP][PASSED] - setText: Text '5000' is set on object 'Object Repository/MOH AND GRN/Page_KDMC - CMS/input_txttreat'

2018-06-10 21:47:00 - [MESSAGE][PASSED] - Text '5000' is set on object 'Object Repository/MOH AND GRN/Page_KDMC - CMS/input_txttreat'

2018-06-10 21:47:00 - [TEST_STEP][PASSED] - click: Object: 'Object Repository/MOH AND GRN/Page_KDMC - CMS/button_Add' is clicked on

2018-06-10 21:47:00 - [MESSAGE][PASSED] - Object: 'Object Repository/MOH AND GRN/Page_KDMC - CMS/button_Add' is clicked on

2018-06-10 21:47:00 - [TEST_STEP][PASSED] - selectOptionByIndex: All options with index in [4] are selected on object 'Object Repository/MOH AND GRN/Page_KDMC - CMS/select_--Select--Schedule 1Inj'

2018-06-10 21:47:00 - [MESSAGE][PASSED] - All options with index in [4] are selected on object 'Object Repository/MOH AND GRN/Page_KDMC - CMS/select_--Select--Schedule 1Inj'

2018-06-10 21:47:00 - [TEST_STEP][PASSED] - selectOptionByIndex: All options with index in [2] are selected on object 'Object Repository/MOH AND GRN/Page_KDMC - CMS/select_--Select--Adernaline 0.'

2018-06-10 21:47:00 - [MESSAGE][PASSED] - All options with index in [2] are selected on object 'Object Repository/MOH AND GRN/Page_KDMC - CMS/select_--Select--Adernaline 0.'

2018-06-10 21:47:00 - [TEST_STEP][PASSED] - setText: Text '5000' is set on object 'Object Repository/MOH AND GRN/Page_KDMC - CMS/input_txttreat'

2018-06-10 21:47:00 - [MESSAGE][PASSED] - Text '5000' is set on object 'Object Repository/MOH AND GRN/Page_KDMC - CMS/input_txttreat'

2018-06-10 21:47:00 - [TEST_STEP][PASSED] - click: Object: 'Object Repository/MOH AND GRN/Page_KDMC - CMS/button_Add' is clicked on

2018-06-10 21:47:00 - [MESSAGE][PASSED] - Object: 'Object Repository/MOH AND GRN/Page_KDMC - CMS/button_Add' is clicked on

2018-06-10 21:47:00 - [TEST_STEP][PASSED] - selectOptionByIndex: All options with index in [4] are selected on object 'Object Repository/MOH AND GRN/Page_KDMC - CMS/select_--Select--Schedule 1Inj'

2018-06-10 21:47:00 - [MESSAGE][PASSED] - All options with index in [4] are selected on object 'Object Repository/MOH AND GRN/Page_KDMC - CMS/select_--Select--Schedule 1Inj'

2018-06-10 21:47:00 - [TEST_STEP][PASSED] - selectOptionByIndex: All options with index in [3] are selected on object 'Object Repository/MOH AND GRN/Page_KDMC - CMS/select_--Select--Adernaline 0.'

2018-06-10 21:47:00 - [MESSAGE][PASSED] - All options with index in [3] are selected on object 'Object Repository/MOH AND GRN/Page_KDMC - CMS/select_--Select--Adernaline 0.'

2018-06-10 21:47:00 - [TEST_STEP][PASSED] - setText: Text '5000' is set on object 'Object Repository/MOH AND GRN/Page_KDMC - CMS/input_txttreat'

2018-06-10 21:47:01 - [MESSAGE][PASSED] - Text '5000' is set on object 'Object Repository/MOH AND GRN/Page_KDMC - CMS/input_txttreat'

2018-06-10 21:47:01 - [TEST_STEP][PASSED] - click: Object: 'Object Repository/MOH AND GRN/Page_KDMC - CMS/button_Add' is clicked on

2018-06-10 21:47:01 - [MESSAGE][PASSED] - Object: 'Object Repository/MOH AND GRN/Page_KDMC - CMS/button_Add' is clicked on

2018-06-10 21:47:01 - [TEST_STEP][PASSED] - selectOptionByIndex: All options with index in [4] are selected on object 'Object Repository/MOH AND GRN/Page_KDMC - CMS/select_--Select--Schedule 1Inj'

2018-06-10 21:47:01 - [MESSAGE][PASSED] - All options with index in [4] are selected on object 'Object Repository/MOH AND GRN/Page_KDMC - CMS/select_--Select--Schedule 1Inj'

2018-06-10 21:47:01 - [TEST_STEP][PASSED] - selectOptionByIndex: All options with index in [4] are selected on object 'Object Repository/MOH AND GRN/Page_KDMC - CMS/select_--Select--Adernaline 0.'

2018-06-10 21:47:01 - [MESSAGE][PASSED] - All options with index in [4] are selected on object 'Object Repository/MOH AND GRN/Page_KDMC - CMS/select_--Select--Adernaline 0.'

2018-06-10 21:47:01 - [TEST_STEP][PASSED] - setText: Text '5000' is set on object 'Object Repository/MOH AND GRN/Page_KDMC - CMS/input_txttreat'

2018-06-10 21:47:01 - [MESSAGE][PASSED] - Text '5000' is set on object 'Object Repository/MOH AND GRN/Page_KDMC - CMS/input_txttreat'

2018-06-10 21:47:01 - [TEST_STEP][PASSED] - click: Object: 'Object Repository/MOH AND GRN/Page_KDMC - CMS/button_Add' is clicked on

2018-06-10 21:47:01 - [MESSAGE][PASSED] - Object: 'Object Repository/MOH AND GRN/Page_KDMC - CMS/button_Add' is clicked on

2018-06-10 21:47:01 - [TEST_STEP][PASSED] - selectOptionByIndex: All options with index in [4] are selected on object 'Object Repository/MOH AND GRN/Page_KDMC - CMS/select_--Select--Schedule 1Inj'

2018-06-10 21:47:01 - [MESSAGE][PASSED] - All options with index in [4] are selected on object 'Object Repository/MOH AND GRN/Page_KDMC - CMS/select_--Select--Schedule 1Inj'

2018-06-10 21:47:01 - [TEST_STEP][PASSED] - selectOptionByIndex: All options with index in [5] are selected on object 'Object Repository/MOH AND GRN/Page_KDMC - CMS/select_--Select--Adernaline 0.'

2018-06-10 21:47:01 - [MESSAGE][PASSED] - All options with index in [5] are selected on object 'Object Repository/MOH AND GRN/Page_KDMC - CMS/select_--Select--Adernaline 0.'

2018-06-10 21:47:01 - [TEST_STEP][PASSED] - setText: Text '5000' is set on object 'Object Repository/MOH AND GRN/Page_KDMC - CMS/input_txttreat'

2018-06-10 21:47:01 - [MESSAGE][PASSED] - Text '5000' is set on object 'Object Repository/MOH AND GRN/Page_KDMC - CMS/input_txttreat'

2018-06-10 21:47:01 - [TEST_STEP][PASSED] - click: Object: 'Object Repository/MOH AND GRN/Page_KDMC - CMS/button_Add' is clicked on

2018-06-10 21:47:02 - [MESSAGE][PASSED] - Object: 'Object Repository/MOH AND GRN/Page_KDMC - CMS/button_Add' is clicked on

2018-06-10 21:47:02 - [TEST_STEP][PASSED] - selectOptionByIndex: All options with index in [4] are selected on object 'Object Repository/MOH AND GRN/Page_KDMC - CMS/select_--Select--Schedule 1Inj'

2018-06-10 21:47:02 - [MESSAGE][PASSED] - All options with index in [4] are selected on object 'Object Repository/MOH AND GRN/Page_KDMC - CMS/select_--Select--Schedule 1Inj'

2018-06-10 21:47:02 - [TEST_STEP][PASSED] - selectOptionByIndex: All options with index in [6] are selected on object 'Object Repository/MOH AND GRN/Page_KDMC - CMS/select_--Select--Adernaline 0.'

2018-06-10 21:47:02 - [MESSAGE][PASSED] - All options with index in [6] are selected on object 'Object Repository/MOH AND GRN/Page_KDMC - CMS/select_--Select--Adernaline 0.'

2018-06-10 21:47:02 - [TEST_STEP][PASSED] - setText: Text '5000' is set on object 'Object Repository/MOH AND GRN/Page_KDMC - CMS/input_txttreat'

2018-06-10 21:47:02 - [MESSAGE][PASSED] - Text '5000' is set on object 'Object Repository/MOH AND GRN/Page_KDMC - CMS/input_txttreat'

2018-06-10 21:47:02 - [TEST_STEP][PASSED] - click: Object: 'Object Repository/MOH AND GRN/Page_KDMC - CMS/button_Add' is clicked on

2018-06-10 21:47:02 - [MESSAGE][PASSED] - Object: 'Object Repository/MOH AND GRN/Page_KDMC - CMS/button_Add' is clicked on

2018-06-10 21:47:02 - [TEST_STEP][PASSED] - selectOptionByIndex: All options with index in [4] are selected on object 'Object Repository/MOH AND GRN/Page_KDMC - CMS/select_--Select--Schedule 1Inj'

2018-06-10 21:47:02 - [MESSAGE][PASSED] - All options with index in [4] are selected on object 'Object Repository/MOH AND GRN/Page_KDMC - CMS/select_--Select--Schedule 1Inj'

2018-06-10 21:47:02 - [TEST_STEP][PASSED] - selectOptionByIndex: All options with index in [7] are selected on object 'Object Repository/MOH AND GRN/Page_KDMC - CMS/select_--Select--Adernaline 0.'

2018-06-10 21:47:02 - [MESSAGE][PASSED] - All options with index in [7] are selected on object 'Object Repository/MOH AND GRN/Page_KDMC - CMS/select_--Select--Adernaline 0.'

2018-06-10 21:47:02 - [TEST_STEP][PASSED] - setText: Text '5000' is set on object 'Object Repository/MOH AND GRN/Page_KDMC - CMS/input_txttreat'

2018-06-10 21:47:02 - [MESSAGE][PASSED] - Text '5000' is set on object 'Object Repository/MOH AND GRN/Page_KDMC - CMS/input_txttreat'

2018-06-10 21:47:02 - [TEST_STEP][PASSED] - click: Object: 'Object Repository/MOH AND GRN/Page_KDMC - CMS/button_Add' is clicked on

2018-06-10 21:47:02 - [MESSAGE][PASSED] - Object: 'Object Repository/MOH AND GRN/Page_KDMC - CMS/button_Add' is clicked on

2018-06-10 21:47:02 - [TEST_STEP][PASSED] - selectOptionByIndex: All options with index in [4] are selected on object 'Object Repository/MOH AND GRN/Page_KDMC - CMS/select_--Select--Schedule 1Inj'

2018-06-10 21:47:03 - [MESSAGE][PASSED] - All options with index in [4] are selected on object 'Object Repository/MOH AND GRN/Page_KDMC - CMS/select_--Select--Schedule 1Inj'

2018-06-10 21:47:03 - [TEST_STEP][PASSED] - selectOptionByIndex: All options with index in [8] are selected on object 'Object Repository/MOH AND GRN/Page_KDMC - CMS/select_--Select--Adernaline 0.'

2018-06-10 21:47:03 - [MESSAGE][PASSED] - All options with index in [8] are selected on object 'Object Repository/MOH AND GRN/Page_KDMC - CMS/select_--Select--Adernaline 0.'

2018-06-10 21:47:03 - [TEST_STEP][PASSED] - setText: Text '5000' is set on object 'Object Repository/MOH AND GRN/Page_KDMC - CMS/input_txttreat'

2018-06-10 21:47:03 - [MESSAGE][PASSED] - Text '5000' is set on object 'Object Repository/MOH AND GRN/Page_KDMC - CMS/input_txttreat'

2018-06-10 21:47:03 - [TEST_STEP][PASSED] - click: Object: 'Object Repository/MOH AND GRN/Page_KDMC - CMS/button_Add' is clicked on

2018-06-10 21:47:03 - [MESSAGE][PASSED] - Object: 'Object Repository/MOH AND GRN/Page_KDMC - CMS/button_Add' is clicked on

2018-06-10 21:47:03 - [TEST_STEP][PASSED] - selectOptionByIndex: All options with index in [4] are selected on object 'Object Repository/MOH AND GRN/Page_KDMC - CMS/select_--Select--Schedule 1Inj'

2018-06-10 21:47:03 - [MESSAGE][PASSED] - All options with index in [4] are selected on object 'Object Repository/MOH AND GRN/Page_KDMC - CMS/select_--Select--Schedule 1Inj'

2018-06-10 21:47:03 - [TEST_STEP][PASSED] - selectOptionByIndex: All options with index in [9] are selected on object 'Object Repository/MOH AND GRN/Page_KDMC - CMS/select_--Select--Adernaline 0.'

2018-06-10 21:47:03 - [MESSAGE][PASSED] - All options with index in [9] are selected on object 'Object Repository/MOH AND GRN/Page_KDMC - CMS/select_--Select--Adernaline 0.'

2018-06-10 21:47:03 - [TEST_STEP][PASSED] - setText: Text '5000' is set on object 'Object Repository/MOH AND GRN/Page_KDMC - CMS/input_txttreat'

2018-06-10 21:47:03 - [MESSAGE][PASSED] - Text '5000' is set on object 'Object Repository/MOH AND GRN/Page_KDMC - CMS/input_txttreat'

2018-06-10 21:47:03 - [TEST_STEP][PASSED] - click: Object: 'Object Repository/MOH AND GRN/Page_KDMC - CMS/button_Add' is clicked on

2018-06-10 21:47:04 - [MESSAGE][PASSED] - Object: 'Object Repository/MOH AND GRN/Page_KDMC - CMS/button_Add' is clicked on

2018-06-10 21:47:04 - [TEST_STEP][PASSED] - selectOptionByIndex: All options with index in [4] are selected on object 'Object Repository/MOH AND GRN/Page_KDMC - CMS/select_--Select--Schedule 1Inj'

2018-06-10 21:47:04 - [MESSAGE][PASSED] - All options with index in [4] are selected on object 'Object Repository/MOH AND GRN/Page_KDMC - CMS/select_--Select--Schedule 1Inj'

2018-06-10 21:47:04 - [TEST_STEP][PASSED] - selectOptionByIndex: All options with index in [10] are selected on object 'Object Repository/MOH AND GRN/Page_KDMC - CMS/select_--Select--Adernaline 0.'

2018-06-10 21:47:04 - [MESSAGE][PASSED] - All options with index in [10] are selected on object 'Object Repository/MOH AND GRN/Page_KDMC - CMS/select_--Select--Adernaline 0.'

2018-06-10 21:47:04 - [TEST_STEP][PASSED] - setText: Text '5000' is set on object 'Object Repository/MOH AND GRN/Page_KDMC - CMS/input_txttreat'

2018-06-10 21:47:04 - [MESSAGE][PASSED] - Text '5000' is set on object 'Object Repository/MOH AND GRN/Page_KDMC - CMS/input_txttreat'

2018-06-10 21:47:04 - [TEST_STEP][PASSED] - click: Object: 'Object Repository/MOH AND GRN/Page_KDMC - CMS/button_Add' is clicked on

2018-06-10 21:47:04 - [MESSAGE][PASSED] - Object: 'Object Repository/MOH AND GRN/Page_KDMC - CMS/button_Add' is clicked on

2018-06-10 21:47:04 - [TEST_STEP][PASSED] - selectOptionByIndex: All options with index in [4] are selected on object 'Object Repository/MOH AND GRN/Page_KDMC - CMS/select_--Select--Schedule 1Inj'

2018-06-10 21:47:04 - [MESSAGE][PASSED] - All options with index in [4] are selected on object 'Object Repository/MOH AND GRN/Page_KDMC - CMS/select_--Select--Schedule 1Inj'

2018-06-10 21:47:04 - [TEST_STEP][PASSED] - selectOptionByIndex: All options with index in [11] are selected on object 'Object Repository/MOH AND GRN/Page_KDMC - CMS/select_--Select--Adernaline 0.'

2018-06-10 21:47:04 - [MESSAGE][PASSED] - All options with index in [11] are selected on object 'Object Repository/MOH AND GRN/Page_KDMC - CMS/select_--Select--Adernaline 0.'

2018-06-10 21:47:04 - [TEST_STEP][PASSED] - setText: Text '5000' is set on object 'Object Repository/MOH AND GRN/Page_KDMC - CMS/input_txttreat'

2018-06-10 21:47:05 - [MESSAGE][PASSED] - Text '5000' is set on object 'Object Repository/MOH AND GRN/Page_KDMC - CMS/input_txttreat'

2018-06-10 21:47:05 - [TEST_STEP][PASSED] - click: Object: 'Object Repository/MOH AND GRN/Page_KDMC - CMS/button_Add' is clicked on

2018-06-10 21:47:05 - [MESSAGE][PASSED] - Object: 'Object Repository/MOH AND GRN/Page_KDMC - CMS/button_Add' is clicked on

2018-06-10 21:47:05 - [TEST_STEP][PASSED] - selectOptionByIndex: All options with index in [4] are selected on object 'Object Repository/MOH AND GRN/Page_KDMC - CMS/select_--Select--Schedule 1Inj'

2018-06-10 21:47:05 - [MESSAGE][PASSED] - All options with index in [4] are selected on object 'Object Repository/MOH AND GRN/Page_KDMC - CMS/select_--Select--Schedule 1Inj'

2018-06-10 21:47:05 - [TEST_STEP][PASSED] - selectOptionByIndex: All options with index in [12] are selected on object 'Object Repository/MOH AND GRN/Page_KDMC - CMS/select_--Select--Adernaline 0.'

2018-06-10 21:47:05 - [MESSAGE][PASSED] - All options with index in [12] are selected on object 'Object Repository/MOH AND GRN/Page_KDMC - CMS/select_--Select--Adernaline 0.'

2018-06-10 21:47:05 - [TEST_STEP][PASSED] - setText: Text '5000' is set on object 'Object Repository/MOH AND GRN/Page_KDMC - CMS/input_txttreat'

2018-06-10 21:47:05 - [MESSAGE][PASSED] - Text '5000' is set on object 'Object Repository/MOH AND GRN/Page_KDMC - CMS/input_txttreat'

2018-06-10 21:47:05 - [TEST_STEP][PASSED] - click: Object: 'Object Repository/MOH AND GRN/Page_KDMC - CMS/button_Add' is clicked on

2018-06-10 21:47:05 - [MESSAGE][PASSED] - Object: 'Object Repository/MOH AND GRN/Page_KDMC - CMS/button_Add' is clicked on

2018-06-10 21:47:05 - [TEST_STEP][PASSED] - selectOptionByIndex: All options with index in [4] are selected on object 'Object Repository/MOH AND GRN/Page_KDMC - CMS/select_--Select--Schedule 1Inj'

2018-06-10 21:47:05 - [MESSAGE][PASSED] - All options with index in [4] are selected on object 'Object Repository/MOH AND GRN/Page_KDMC - CMS/select_--Select--Schedule 1Inj'

2018-06-10 21:47:05 - [TEST_STEP][PASSED] - selectOptionByIndex: All options with index in [13] are selected on object 'Object Repository/MOH AND GRN/Page_KDMC - CMS/select_--Select--Adernaline 0.'

2018-06-10 21:47:05 - [MESSAGE][PASSED] - All options with index in [13] are selected on object 'Object Repository/MOH AND GRN/Page_KDMC - CMS/select_--Select--Adernaline 0.'

2018-06-10 21:47:05 - [TEST_STEP][PASSED] - setText: Text '5000' is set on object 'Object Repository/MOH AND GRN/Page_KDMC - CMS/input_txttreat'

2018-06-10 21:47:06 - [MESSAGE][PASSED] - Text '5000' is set on object 'Object Repository/MOH AND GRN/Page_KDMC - CMS/input_txttreat'

2018-06-10 21:47:06 - [TEST_STEP][PASSED] - click: Object: 'Object Repository/MOH AND GRN/Page_KDMC - CMS/button_Add' is clicked on

2018-06-10 21:47:06 - [MESSAGE][PASSED] - Object: 'Object Repository/MOH AND GRN/Page_KDMC - CMS/button_Add' is clicked on

2018-06-10 21:47:06 - [TEST_STEP][PASSED] - selectOptionByIndex: All options with index in [4] are selected on object 'Object Repository/MOH AND GRN/Page_KDMC - CMS/select_--Select--Schedule 1Inj'

2018-06-10 21:47:06 - [MESSAGE][PASSED] - All options with index in [4] are selected on object 'Object Repository/MOH AND GRN/Page_KDMC - CMS/select_--Select--Schedule 1Inj'

2018-06-10 21:47:06 - [TEST_STEP][PASSED] - selectOptionByIndex: All options with index in [14] are selected on object 'Object Repository/MOH AND GRN/Page_KDMC - CMS/select_--Select--Adernaline 0.'

2018-06-10 21:47:06 - [MESSAGE][PASSED] - All options with index in [14] are selected on object 'Object Repository/MOH AND GRN/Page_KDMC - CMS/select_--Select--Adernaline 0.'

2018-06-10 21:47:06 - [TEST_STEP][PASSED] - setText: Text '5000' is set on object 'Object Repository/MOH AND GRN/Page_KDMC - CMS/input_txttreat'

2018-06-10 21:47:06 - [MESSAGE][PASSED] - Text '5000' is set on object 'Object Repository/MOH AND GRN/Page_KDMC - CMS/input_txttreat'

2018-06-10 21:47:06 - [TEST_STEP][PASSED] - click: Object: 'Object Repository/MOH AND GRN/Page_KDMC - CMS/button_Add' is clicked on

2018-06-10 21:47:06 - [MESSAGE][PASSED] - Object: 'Object Repository/MOH AND GRN/Page_KDMC - CMS/button_Add' is clicked on

2018-06-10 21:47:06 - [TEST_STEP][PASSED] - selectOptionByIndex: All options with index in [4] are selected on object 'Object Repository/MOH AND GRN/Page_KDMC - CMS/select_--Select--Schedule 1Inj'

2018-06-10 21:47:06 - [MESSAGE][PASSED] - All options with index in [4] are selected on object 'Object Repository/MOH AND GRN/Page_KDMC - CMS/select_--Select--Schedule 1Inj'

2018-06-10 21:47:06 - [TEST_STEP][PASSED] - selectOptionByIndex: All options with index in [15] are selected on object 'Object Repository/MOH AND GRN/Page_KDMC - CMS/select_--Select--Adernaline 0.'

2018-06-10 21:47:07 - [MESSAGE][PASSED] - All options with index in [15] are selected on object 'Object Repository/MOH AND GRN/Page_KDMC - CMS/select_--Select--Adernaline 0.'

2018-06-10 21:47:07 - [TEST_STEP][PASSED] - setText: Text '5000' is set on object 'Object Repository/MOH AND GRN/Page_KDMC - CMS/input_txttreat'

2018-06-10 21:47:07 - [MESSAGE][PASSED] - Text '5000' is set on object 'Object Repository/MOH AND GRN/Page_KDMC - CMS/input_txttreat'

2018-06-10 21:47:07 - [TEST_STEP][PASSED] - click: Object: 'Object Repository/MOH AND GRN/Page_KDMC - CMS/button_Add' is clicked on

2018-06-10 21:47:07 - [MESSAGE][PASSED] - Object: 'Object Repository/MOH AND GRN/Page_KDMC - CMS/button_Add' is clicked on

2018-06-10 21:47:07 - [TEST_STEP][PASSED] - scrollToElement: Scroll to object 'Object Repository/MOH AND GRN/Page_KDMC - CMS/input_btnsave' successfully

2018-06-10 21:47:07 - [MESSAGE][PASSED] - Scroll to object 'Object Repository/MOH AND GRN/Page_KDMC - CMS/input_btnsave' successfully

2018-06-10 21:47:07 - [TEST_STEP][PASSED] - click: Object: 'Object Repository/MOH AND GRN/Page_KDMC - CMS/input_btnsave' is clicked on

2018-06-10 21:47:07 - [MESSAGE][PASSED] - Object: 'Object Repository/MOH AND GRN/Page_KDMC - CMS/input_btnsave' is clicked on

2018-06-10 21:47:07 - [TEST_STEP][PASSED] - delay: Delayed 3 second(s)

2018-06-10 21:47:10 - [MESSAGE][PASSED] - Delayed 3 second(s)

2018-06-10 21:47:10 - [TEST_STEP][PASSED] - Statement - Request1 = com.kms.katalon.core.webui.keyword.WebUiBuiltInKeywords.getText(com.kms.katalon.core.testobject.ObjectRepository.findTestObject(MOH AND GRN/Page_KDMC - CMS/font_PRNO0505201876)): Text of object 'Object Repository/MOH AND GRN/Page_KDMC - CMS/font_PRNO0505201876' is: 'PRNO/10062018/360'

2018-06-10 21:47:10 - [MESSAGE][PASSED] - Text of object 'Object Repository/MOH AND GRN/Page_KDMC - CMS/font_PRNO0505201876' is: 'PRNO/10062018/360'

2018-06-10 21:47:10 - [TEST_STEP][PASSED] - Statement - out.println("Length OF The Medicine " + Request1): null

2018-06-10 21:47:10 - [TEST_STEP][PASSED] - Statement - RequestNUmber = Request1.split("/")[2].trim(): null

2018-06-10 21:47:10 - [TEST_STEP][PASSED] - Statement - out.println("ID IS " + RequestNUmber): null

2018-06-10 21:47:10 - [TEST_STEP][PASSED] - delay: Delayed 3 second(s)

2018-06-10 21:47:13 - [MESSAGE][PASSED] - Delayed 3 second(s)

2018-06-10 21:47:13 - [TEST_STEP][PASSED] - click: Object: 'Object Repository/MOH AND GRN/Page_KDMC - CMS/button_OK' is clicked on

2018-06-10 21:47:13 - [MESSAGE][PASSED] - Object: 'Object Repository/MOH AND GRN/Page_KDMC - CMS/button_OK' is clicked on

2018-06-10 21:47:13 - [TEST_STEP][PASSED] - click: Object: 'Object Repository/MOH AND GRN/Page_KDMC - CMS/a_dropdown-toggle' is clicked on

2018-06-10 21:47:15 - [MESSAGE][PASSED] - Object: 'Object Repository/MOH AND GRN/Page_KDMC - CMS/a_dropdown-toggle' is clicked on

2018-06-10 21:47:15 - [TEST_STEP][PASSED] - click: Object: 'Object Repository/MOH AND GRN/Page_KDMC - CMS/a_Sign out' is clicked on

2018-06-10 21:47:16 - [MESSAGE][PASSED] - Object: 'Object Repository/MOH AND GRN/Page_KDMC - CMS/a_Sign out' is clicked on

2018-06-10 21:47:16 - [TEST_STEP][PASSED] - delay: Delayed 4 second(s)

2018-06-10 21:47:20 - [MESSAGE][PASSED] - Delayed 4 second(s)

2018-06-10 21:47:20 - [TEST_STEP][PASSED] - click: Object: 'Object Repository/MOH AND GRN/Page_KDMC/a_Admin Master' is clicked on

2018-06-10 21:47:20 - [MESSAGE][PASSED] - Object: 'Object Repository/MOH AND GRN/Page_KDMC/a_Admin Master' is clicked on

2018-06-10 21:47:20 - [TEST_STEP][PASSED] - setText: Text 'admin' is set on object 'Object Repository/MOH AND GRN/Page_Admin login/input_txtusername'

2018-06-10 21:47:20 - [MESSAGE][PASSED] - Text 'admin' is set on object 'Object Repository/MOH AND GRN/Page_Admin login/input_txtusername'

2018-06-10 21:47:20 - [TEST_STEP][PASSED] - setText: Text 'admin123' is set on object 'Object Repository/MOH AND GRN/Page_Admin login/input_txtpassword'

2018-06-10 21:47:20 - [MESSAGE][PASSED] - Text 'admin123' is set on object 'Object Repository/MOH AND GRN/Page_Admin login/input_txtpassword'

2018-06-10 21:47:20 - [TEST_STEP][PASSED] - delay: Delayed 3 second(s)

2018-06-10 21:47:23 - [MESSAGE][PASSED] - Delayed 3 second(s)

2018-06-10 21:47:23 - [TEST_STEP][PASSED] - click: Object: 'Object Repository/MOH AND GRN/Page_Admin login/button_Sign in' is clicked on

2018-06-10 21:47:24 - [MESSAGE][PASSED] - Object: 'Object Repository/MOH AND GRN/Page_Admin login/button_Sign in' is clicked on

2018-06-10 21:47:24 - [TEST_STEP][PASSED] - delay: Delayed 20 second(s)

2018-06-10 21:47:44 - [MESSAGE][PASSED] - Delayed 20 second(s)

2018-06-10 21:47:44 - [TEST_STEP][PASSED] - scrollToPosition: Browser is scrolled to position x = 200, y = 200

2018-06-10 21:47:44 - [MESSAGE][PASSED] - Browser is scrolled to position x = 200, y = 200

2018-06-10 21:47:44 - [TEST_STEP][PASSED] - click: Object: 'Object Repository/MOH AND GRN/Page_KDMC/a_CMS_1' is clicked on

2018-06-10 21:47:44 - [MESSAGE][PASSED] - Object: 'Object Repository/MOH AND GRN/Page_KDMC/a_CMS_1' is clicked on

2018-06-10 21:47:44 - [TEST_STEP][PASSED] - click: Object: 'Object Repository/MOH AND GRN/Page_KDMC/a_Request List' is clicked on

2018-06-10 21:47:46 - [MESSAGE][PASSED] - Object: 'Object Repository/MOH AND GRN/Page_KDMC/a_Request List' is clicked on

2018-06-10 21:47:46 - [TEST_STEP][PASSED] - Statement - RequestNumberId = com.kms.katalon.core.webui.keyword.WebUiBuiltInKeywords.modifyObjectProperty(com.kms.katalon.core.testobject.ObjectRepository.findTestObject(MOH AND GRN/Page_KDMC - CMS/input_PO0032), "xpath", "equals", "//*[@id =" + RequestNUmber + "]", true): Modify property of object successfully

2018-06-10 21:47:46 - [MESSAGE][PASSED] - Modify property of object successfully

2018-06-10 21:47:46 - [TEST_STEP][PASSED] - click: Object: 'Object Repository/MOH AND GRN/Page_KDMC - CMS/input_PO0032' is clicked on

2018-06-10 21:47:46 - [MESSAGE][PASSED] - Object: 'Object Repository/MOH AND GRN/Page_KDMC - CMS/input_PO0032' is clicked on

2018-06-10 21:47:46 - [TEST_STEP][PASSED] - delay: Delayed 3 second(s)

2018-06-10 21:47:49 - [MESSAGE][PASSED] - Delayed 3 second(s)

2018-06-10 21:47:49 - [TEST_STEP][PASSED] - selectOptionByIndex: All options with index in [1] are selected on object 'Object Repository/MOH AND GRN/Page_KDMC/select_--Select--'

2018-06-10 21:47:49 - [MESSAGE][PASSED] - All options with index in [1] are selected on object 'Object Repository/MOH AND GRN/Page_KDMC/select_--Select--'

2018-06-10 21:47:49 - [TEST_STEP][PASSED] - click: Object: 'Object Repository/MOH AND GRN/Page_KDMC/input_btnupdate' is clicked on

2018-06-10 21:47:49 - [MESSAGE][PASSED] - Object: 'Object Repository/MOH AND GRN/Page_KDMC/input_btnupdate' is clicked on

2018-06-10 21:47:49 - [TEST_STEP][PASSED] - delay: Delayed 3 second(s)

2018-06-10 21:47:52 - [MESSAGE][PASSED] - Delayed 3 second(s)

2018-06-10 21:47:52 - [TEST_STEP][PASSED] - click: Object: 'Object Repository/MOH AND GRN/Page_KDMC/button_OK' is clicked on

2018-06-10 21:47:54 - [MESSAGE][PASSED] - Object: 'Object Repository/MOH AND GRN/Page_KDMC/button_OK' is clicked on

2018-06-10 21:47:54 - [TEST_STEP][PASSED] - delay: Delayed 3 second(s)

2018-06-10 21:47:57 - [MESSAGE][PASSED] - Delayed 3 second(s)

2018-06-10 21:47:57 - [TEST_STEP][PASSED] - scrollToPosition: Browser is scrolled to position x = 200, y = 200

2018-06-10 21:47:57 - [MESSAGE][PASSED] - Browser is scrolled to position x = 200, y = 200

2018-06-10 21:47:57 - [TEST_STEP][PASSED] - click: Object: 'Object Repository/MOH AND GRN/Page_KDMC/a_CMS_2' is clicked on

2018-06-10 21:47:57 - [MESSAGE][PASSED] - Object: 'Object Repository/MOH AND GRN/Page_KDMC/a_CMS_2' is clicked on

2018-06-10 21:47:57 - [TEST_STEP][PASSED] - delay: Delayed 2 second(s)

2018-06-10 21:47:59 - [MESSAGE][PASSED] - Delayed 2 second(s)

2018-06-10 21:47:59 - [TEST_STEP][PASSED] - click: Object: 'Object Repository/MOH AND GRN/Page_KDMC/a_Generate P.O' is clicked on

2018-06-10 21:47:59 - [MESSAGE][PASSED] - Object: 'Object Repository/MOH AND GRN/Page_KDMC/a_Generate P.O' is clicked on

2018-06-10 21:47:59 - [TEST_STEP][PASSED] - delay: Delayed 2 second(s)

2018-06-10 21:48:01 - [MESSAGE][PASSED] - Delayed 2 second(s)

2018-06-10 21:48:01 - [TEST_STEP][PASSED] - selectOptionByIndex: All options with index in [1] are selected on object 'Object Repository/MOH AND GRN/Page_KDMC/select_--Select--PRNO040520183'

2018-06-10 21:48:01 - [MESSAGE][PASSED] - All options with index in [1] are selected on object 'Object Repository/MOH AND GRN/Page_KDMC/select_--Select--PRNO040520183'

2018-06-10 21:48:01 - [TEST_STEP][PASSED] - selectOptionByIndex: All options with index in [2] are selected on object 'Object Repository/MOH AND GRN/Page_KDMC/select_--Select--Hamen Chandra'

2018-06-10 21:48:02 - [MESSAGE][PASSED] - All options with index in [2] are selected on object 'Object Repository/MOH AND GRN/Page_KDMC/select_--Select--Hamen Chandra'

2018-06-10 21:48:02 - [TEST_STEP][PASSED] - Statement - PONumber = com.kms.katalon.core.webui.keyword.WebUiBuiltInKeywords.getText(com.kms.katalon.core.testobject.ObjectRepository.findTestObject(MOH AND GRN/Page_KDMC/input_lblpono)).trim(): Text of object 'Object Repository/MOH AND GRN/Page_KDMC/input_lblpono' is: ''

2018-06-10 21:48:02 - [MESSAGE][PASSED] - Text of object 'Object Repository/MOH AND GRN/Page_KDMC/input_lblpono' is: ''

2018-06-10 21:48:02 - [TEST_STEP][PASSED] - Statement - PONumber1 = com.kms.katalon.core.webui.keyword.WebUiBuiltInKeywords.getAttribute(com.kms.katalon.core.testobject.ObjectRepository.findTestObject(MOH AND GRN/Page_KDMC/input_lblpono), "value").trim(): Attribute 'value' of object 'Object Repository/MOH AND GRN/Page_KDMC/input_lblpono' is: 'PO00211'

2018-06-10 21:48:02 - [MESSAGE][PASSED] - Attribute 'value' of object 'Object Repository/MOH AND GRN/Page_KDMC/input_lblpono' is: 'PO00211'

2018-06-10 21:48:02 - [TEST_STEP][PASSED] - Statement - out.println("PO NUMBER :" + PONumber): null

2018-06-10 21:48:02 - [TEST_STEP][PASSED] - Statement - out.println("PO NUMBER :" + PONumber1): null

2018-06-10 21:48:02 - [TEST_STEP][PASSED] - click: Object: 'Object Repository/MOH AND GRN/Page_KDMC/input_chkrem' is clicked on

2018-06-10 21:48:02 - [MESSAGE][PASSED] - Object: 'Object Repository/MOH AND GRN/Page_KDMC/input_chkrem' is clicked on

2018-06-10 21:48:02 - [TEST_STEP][PASSED] - scrollToElement: Scroll to object 'Object Repository/MOH AND GRN/Page_KDMC/input_btnreturn' successfully

2018-06-10 21:48:02 - [MESSAGE][PASSED] - Scroll to object 'Object Repository/MOH AND GRN/Page_KDMC/input_btnreturn' successfully

2018-06-10 21:48:02 - [TEST_STEP][PASSED] - click: Object: 'Object Repository/MOH AND GRN/Page_KDMC/input_btnreturn' is clicked on

2018-06-10 21:48:02 - [MESSAGE][PASSED] - Object: 'Object Repository/MOH AND GRN/Page_KDMC/input_btnreturn' is clicked on

2018-06-10 21:48:02 - [TEST_STEP][PASSED] - delay: Delayed 3 second(s)

2018-06-10 21:48:05 - [MESSAGE][PASSED] - Delayed 3 second(s)

2018-06-10 21:48:05 - [TEST_STEP][PASSED] - click: Object: 'Object Repository/MOH AND GRN/Page_KDMC/button_Yes' is clicked on

2018-06-10 21:48:05 - [MESSAGE][PASSED] - Object: 'Object Repository/MOH AND GRN/Page_KDMC/button_Yes' is clicked on

2018-06-10 21:48:05 - [TEST_STEP][PASSED] - delay: Delayed 3 second(s)

2018-06-10 21:48:08 - [MESSAGE][PASSED] - Delayed 3 second(s)

2018-06-10 21:48:08 - [TEST_STEP][PASSED] - click: Object: 'Object Repository/MOH AND GRN/Page_KDMC/button_OK' is clicked on

2018-06-10 21:48:09 - [MESSAGE][PASSED] - Object: 'Object Repository/MOH AND GRN/Page_KDMC/button_OK' is clicked on

2018-06-10 21:48:09 - [TEST_STEP][PASSED] - delay: Delayed 3 second(s)

2018-06-10 21:48:12 - [MESSAGE][PASSED] - Delayed 3 second(s)

2018-06-10 21:48:12 - [TEST_STEP][PASSED] - click: Object: 'Object Repository/MOH AND GRN/Page_KDMC/a_dropdown-toggle' is clicked on

2018-06-10 21:48:12 - [MESSAGE][PASSED] - Object: 'Object Repository/MOH AND GRN/Page_KDMC/a_dropdown-toggle' is clicked on

2018-06-10 21:48:12 - [TEST_STEP][PASSED] - click: Object: 'Object Repository/MOH AND GRN/Page_KDMC/a_Sign out' is clicked on

2018-06-10 21:48:12 - [MESSAGE][PASSED] - Object: 'Object Repository/MOH AND GRN/Page_KDMC/a_Sign out' is clicked on

2018-06-10 21:48:12 - [TEST_STEP][PASSED] - delay: Delayed 4 second(s)

2018-06-10 21:48:16 - [MESSAGE][PASSED] - Delayed 4 second(s)

2018-06-10 21:48:16 - [TEST_STEP][PASSED] - click: Object: 'Object Repository/MOH AND GRN/Page_KDMC/a_CMS' is clicked on

2018-06-10 21:48:17 - [MESSAGE][PASSED] - Object: 'Object Repository/MOH AND GRN/Page_KDMC/a_CMS' is clicked on

2018-06-10 21:48:17 - [TEST_STEP][PASSED] - setText: Text 'bala' is set on object 'Object Repository/MOH AND GRN/Page_CMS login/input_txtusername'

2018-06-10 21:48:17 - [MESSAGE][PASSED] - Text 'bala' is set on object 'Object Repository/MOH AND GRN/Page_CMS login/input_txtusername'

2018-06-10 21:48:17 - [TEST_STEP][PASSED] - setText: Text '123' is set on object 'Object Repository/MOH AND GRN/Page_CMS login/input_txtpassword'

2018-06-10 21:48:17 - [MESSAGE][PASSED] - Text '123' is set on object 'Object Repository/MOH AND GRN/Page_CMS login/input_txtpassword'

2018-06-10 21:48:17 - [TEST_STEP][PASSED] - delay: Delayed 3 second(s)

2018-06-10 21:48:20 - [MESSAGE][PASSED] - Delayed 3 second(s)

2018-06-10 21:48:20 - [TEST_STEP][PASSED] - click: Object: 'Object Repository/MOH AND GRN/Page_CMS login/button_Sign in' is clicked on

2018-06-10 21:48:21 - [MESSAGE][PASSED] - Object: 'Object Repository/MOH AND GRN/Page_CMS login/button_Sign in' is clicked on

2018-06-10 21:48:21 - [TEST_STEP][PASSED] - click: Object: 'Object Repository/MOH AND GRN/Page_KDMC - CMS/a_CMS Details' is clicked on

2018-06-10 21:48:21 - [MESSAGE][PASSED] - Object: 'Object Repository/MOH AND GRN/Page_KDMC - CMS/a_CMS Details' is clicked on

2018-06-10 21:48:21 - [TEST_STEP][PASSED] - delay: Delayed 2 second(s)

2018-06-10 21:48:23 - [MESSAGE][PASSED] - Delayed 2 second(s)

2018-06-10 21:48:23 - [TEST_STEP][PASSED] - click: Object: 'Object Repository/MOH AND GRN/Page_KDMC - CMS/a_Goods Receive' is clicked on

2018-06-10 21:48:23 - [MESSAGE][PASSED] - Object: 'Object Repository/MOH AND GRN/Page_KDMC - CMS/a_Goods Receive' is clicked on

2018-06-10 21:48:23 - [TEST_STEP][PASSED] - delay: Delayed 2 second(s)

2018-06-10 21:48:25 - [MESSAGE][PASSED] - Delayed 2 second(s)

2018-06-10 21:48:25 - [TEST_STEP][PASSED] - selectOptionByLabel: All options with label 'PO00211' are selected in object 'Object Repository/MOH AND GRN/Page_KDMC - CMS/select_--Select--PO0032PO0031P' 

2018-06-10 21:48:25 - [MESSAGE][PASSED] - All options with label 'PO00211' are selected in object 'Object Repository/MOH AND GRN/Page_KDMC - CMS/select_--Select--PO0032PO0031P' 

2018-06-10 21:48:25 - [TEST_STEP][PASSED] - setText: Finding Test Object with id 'Object Repository/MOH AND GRN/Page_KDMC - CMS/input_txtgrnno'

2018-06-10 21:48:25 - [TEST_STEP][PASSED] - Statement - switch (id): Text 'INV834.0' is set on object 'Object Repository/MOH AND GRN/Page_KDMC - CMS/input_txtgrnno'

2018-06-10 21:48:25 - [TEST_STEP][PASSED] - Statement - case 2:: Text 'INV834.0' is set on object 'Object Repository/MOH AND GRN/Page_KDMC - CMS/input_txtgrnno'

2018-06-10 21:48:25 - [TEST_STEP][PASSED] - Statement - return (java.lang.Math.floor((java.lang.Math.random() * ((max - min) + 1))) + min): Text 'INV834.0' is set on object 'Object Repository/MOH AND GRN/Page_KDMC - CMS/input_txtgrnno'

2018-06-10 21:48:25 - [MESSAGE][PASSED] - Text 'INV834.0' is set on object 'Object Repository/MOH AND GRN/Page_KDMC - CMS/input_txtgrnno'

2018-06-10 21:48:25 - [TEST_STEP][PASSED] - selectOptionByIndex: All options with index in [1] are selected on object 'Object Repository/MOH AND GRN/Page_KDMC - CMS/select_--Select--PERUMAL PHARM'

2018-06-10 21:48:26 - [MESSAGE][PASSED] - All options with index in [1] are selected on object 'Object Repository/MOH AND GRN/Page_KDMC - CMS/select_--Select--PERUMAL PHARM'

2018-06-10 21:48:26 - [TEST_STEP][PASSED] - setText: Text '1700' is set on object 'Object Repository/MOH AND GRN/Page_KDMC - CMS/input_txtgrnno_1'

2018-06-10 21:48:26 - [MESSAGE][PASSED] - Text '1700' is set on object 'Object Repository/MOH AND GRN/Page_KDMC - CMS/input_txtgrnno_1'

2018-06-10 21:48:26 - [TEST_STEP][PASSED] - setText: Text '560' is set on object 'Object Repository/MOH AND GRN/Page_KDMC - CMS/input_txtgrnno_2'

2018-06-10 21:48:26 - [MESSAGE][PASSED] - Text '560' is set on object 'Object Repository/MOH AND GRN/Page_KDMC - CMS/input_txtgrnno_2'

2018-06-10 21:48:26 - [TEST_STEP][PASSED] - setText: Finding Test Object with id 'Object Repository/MOH AND GRN/Page_KDMC - CMS/input_txtgrnno_3'

2018-06-10 21:48:26 - [TEST_STEP][PASSED] - Statement - switch (id): Text 'CH803.0' is set on object 'Object Repository/MOH AND GRN/Page_KDMC - CMS/input_txtgrnno_3'

2018-06-10 21:48:26 - [TEST_STEP][PASSED] - Statement - case 3:: Text 'CH803.0' is set on object 'Object Repository/MOH AND GRN/Page_KDMC - CMS/input_txtgrnno_3'

2018-06-10 21:48:26 - [TEST_STEP][PASSED] - Statement - return (java.lang.Math.floor((java.lang.Math.random() * ((max - min) + 1))) + min): Text 'CH803.0' is set on object 'Object Repository/MOH AND GRN/Page_KDMC - CMS/input_txtgrnno_3'

2018-06-10 21:48:26 - [MESSAGE][PASSED] - Text 'CH803.0' is set on object 'Object Repository/MOH AND GRN/Page_KDMC - CMS/input_txtgrnno_3'

2018-06-10 21:48:26 - [TEST_STEP][PASSED] - scrollToPosition: Browser is scrolled to position x = 200, y = 200

2018-06-10 21:48:26 - [MESSAGE][PASSED] - Browser is scrolled to position x = 200, y = 200

2018-06-10 21:48:26 - [TEST_STEP][PASSED] - Statement - GrnLength = com.kms.katalon.core.webui.keyword.WebUiBuiltInKeywords.getNumberOfTotalOption(com.kms.katalon.core.testobject.ObjectRepository.findTestObject(MOH AND GRN/Page_KDMC - CMS/select_--Select--Amikacin -500)): 16 options of object 'Object Repository/MOH AND GRN/Page_KDMC - CMS/select_--Select--Amikacin -500' counted

2018-06-10 21:48:26 - [MESSAGE][PASSED] - 16 options of object 'Object Repository/MOH AND GRN/Page_KDMC - CMS/select_--Select--Amikacin -500' counted

2018-06-10 21:48:26 - [TEST_STEP][PASSED] - Statement - out.println("Length OF The Medicine " + GrnLength): null

2018-06-10 21:48:26 - [TEST_STEP][PASSED] - Statement - s = 1: null

2018-06-10 21:48:26 - [TEST_STEP][PASSED] - Statement - For ([t = 1, t < GrnLength, (t++)]): Finding Test Object with id 'Object Repository/MOH AND GRN/Page_KDMC - CMS/input_txtmrp'

2018-06-10 21:48:26 - [TEST_STEP][PASSED] - selectOptionByIndex: All options with index in [1] are selected on object 'Object Repository/MOH AND GRN/Page_KDMC - CMS/select_--Select--Amikacin -500'

2018-06-10 21:48:26 - [MESSAGE][PASSED] - All options with index in [1] are selected on object 'Object Repository/MOH AND GRN/Page_KDMC - CMS/select_--Select--Amikacin -500'

2018-06-10 21:48:26 - [TEST_STEP][PASSED] - setText: Text '5000' is set on object 'Object Repository/MOH AND GRN/Page_KDMC - CMS/input_txtqty'

2018-06-10 21:48:26 - [MESSAGE][PASSED] - Text '5000' is set on object 'Object Repository/MOH AND GRN/Page_KDMC - CMS/input_txtqty'

2018-06-10 21:48:26 - [TEST_STEP][PASSED] - selectOptionByIndex: All options with index in [1] are selected on object 'Object Repository/MOH AND GRN/Page_KDMC - CMS/select_--Select--No Tax0'

2018-06-10 21:48:26 - [MESSAGE][PASSED] - All options with index in [1] are selected on object 'Object Repository/MOH AND GRN/Page_KDMC - CMS/select_--Select--No Tax0'

2018-06-10 21:48:26 - [TEST_STEP][PASSED] - setText: Finding Test Object with id 'Object Repository/MOH AND GRN/Page_KDMC - CMS/input_txtmrp'

2018-06-10 21:48:26 - [TEST_STEP][PASSED] - Statement - switch (id): Finding Test Object with id 'Object Repository/MOH AND GRN/Page_KDMC - CMS/input_txtdeal'

2018-06-10 21:48:26 - [TEST_STEP][PASSED] - Statement - case 4:: Text '21.0' is set on object 'Object Repository/MOH AND GRN/Page_KDMC - CMS/input_txtmrp'

2018-06-10 21:48:26 - [TEST_STEP][PASSED] - Statement - return (java.lang.Math.floor((java.lang.Math.random() * ((max - min) + 1))) + min): Text '21.0' is set on object 'Object Repository/MOH AND GRN/Page_KDMC - CMS/input_txtmrp'

2018-06-10 21:48:27 - [MESSAGE][PASSED] - Text '21.0' is set on object 'Object Repository/MOH AND GRN/Page_KDMC - CMS/input_txtmrp'

2018-06-10 21:48:27 - [TEST_STEP][PASSED] - setText: Finding Test Object with id 'Object Repository/MOH AND GRN/Page_KDMC - CMS/input_txtdeal'

2018-06-10 21:48:27 - [TEST_STEP][PASSED] - Statement - switch (id): Finding Test Object with id 'Object Repository/MOH AND GRN/Page_KDMC - CMS/input_txtbatchno'

2018-06-10 21:48:27 - [TEST_STEP][PASSED] - Statement - case 5:: Text '6.0' is set on object 'Object Repository/MOH AND GRN/Page_KDMC - CMS/input_txtdeal'

2018-06-10 21:48:27 - [TEST_STEP][PASSED] - Statement - return (java.lang.Math.floor((java.lang.Math.random() * ((max - min) + 1))) + min): Text '6.0' is set on object 'Object Repository/MOH AND GRN/Page_KDMC - CMS/input_txtdeal'

2018-06-10 21:48:27 - [MESSAGE][PASSED] - Text '6.0' is set on object 'Object Repository/MOH AND GRN/Page_KDMC - CMS/input_txtdeal'

2018-06-10 21:48:27 - [TEST_STEP][PASSED] - setText: Finding Test Object with id 'Object Repository/MOH AND GRN/Page_KDMC - CMS/input_txtbatchno'

2018-06-10 21:48:27 - [TEST_STEP][PASSED] - Statement - switch (id): Finding Test Object with id 'Object Repository/MOH AND GRN/Page_KDMC - CMS/input_txtmrp'

2018-06-10 21:48:27 - [TEST_STEP][PASSED] - Statement - case 1:: Text 'BA358.0' is set on object 'Object Repository/MOH AND GRN/Page_KDMC - CMS/input_txtbatchno'

2018-06-10 21:48:27 - [TEST_STEP][PASSED] - Statement - return (java.lang.Math.floor((java.lang.Math.random() * ((max - min) + 1))) + min): Text 'BA358.0' is set on object 'Object Repository/MOH AND GRN/Page_KDMC - CMS/input_txtbatchno'

2018-06-10 21:48:27 - [MESSAGE][PASSED] - Text 'BA358.0' is set on object 'Object Repository/MOH AND GRN/Page_KDMC - CMS/input_txtbatchno'

2018-06-10 21:48:27 - [TEST_STEP][PASSED] - rightClick: Object: 'Object Repository/GRN/Page_KDMC - CMS/input_txtexpdate' is right clicked on

2018-06-10 21:48:27 - [MESSAGE][PASSED] - Object: 'Object Repository/GRN/Page_KDMC - CMS/input_txtexpdate' is right clicked on

2018-06-10 21:48:27 - [TEST_STEP][PASSED] - selectOptionByIndex: All options with index in [1] are selected on object 'Object Repository/GRN/Page_KDMC - CMS/select_20182019202020212022202'

2018-06-10 21:48:27 - [MESSAGE][PASSED] - All options with index in [1] are selected on object 'Object Repository/GRN/Page_KDMC - CMS/select_20182019202020212022202'

2018-06-10 21:48:27 - [TEST_STEP][PASSED] - selectOptionByIndex: All options with index in [1] are selected on object 'Object Repository/GRN/Page_KDMC - CMS/select_JanFebMarAprMayJunJulAu'

2018-06-10 21:48:27 - [MESSAGE][PASSED] - All options with index in [1] are selected on object 'Object Repository/GRN/Page_KDMC - CMS/select_JanFebMarAprMayJunJulAu'

2018-06-10 21:48:27 - [TEST_STEP][PASSED] - click: Object: 'Object Repository/MOH AND GRN/Page_KDMC - CMS/a_12' is clicked on

2018-06-10 21:48:27 - [MESSAGE][PASSED] - Object: 'Object Repository/MOH AND GRN/Page_KDMC - CMS/a_12' is clicked on

2018-06-10 21:48:27 - [TEST_STEP][PASSED] - click: Object: 'Object Repository/MOH AND GRN/Page_KDMC - CMS/input_btnadd' is clicked on

2018-06-10 21:48:28 - [MESSAGE][PASSED] - Object: 'Object Repository/MOH AND GRN/Page_KDMC - CMS/input_btnadd' is clicked on

2018-06-10 21:48:28 - [TEST_STEP][PASSED] - Statement - If (s == 10): null

2018-06-10 21:48:28 - [TEST_STEP][PASSED] - Statement - Else: null

2018-06-10 21:48:28 - [TEST_STEP][PASSED] - Statement - (s++): null

2018-06-10 21:48:28 - [TEST_STEP][PASSED] - delay: Delayed 1 second(s)

2018-06-10 21:48:29 - [MESSAGE][PASSED] - Delayed 1 second(s)

2018-06-10 21:48:29 - [TEST_STEP][PASSED] - selectOptionByIndex: All options with index in [2] are selected on object 'Object Repository/MOH AND GRN/Page_KDMC - CMS/select_--Select--Amikacin -500'

2018-06-10 21:48:29 - [MESSAGE][PASSED] - All options with index in [2] are selected on object 'Object Repository/MOH AND GRN/Page_KDMC - CMS/select_--Select--Amikacin -500'

2018-06-10 21:48:29 - [TEST_STEP][PASSED] - setText: Text '5000' is set on object 'Object Repository/MOH AND GRN/Page_KDMC - CMS/input_txtqty'

2018-06-10 21:48:29 - [MESSAGE][PASSED] - Text '5000' is set on object 'Object Repository/MOH AND GRN/Page_KDMC - CMS/input_txtqty'

2018-06-10 21:48:29 - [TEST_STEP][PASSED] - selectOptionByIndex: All options with index in [1] are selected on object 'Object Repository/MOH AND GRN/Page_KDMC - CMS/select_--Select--No Tax0'

2018-06-10 21:48:29 - [MESSAGE][PASSED] - All options with index in [1] are selected on object 'Object Repository/MOH AND GRN/Page_KDMC - CMS/select_--Select--No Tax0'

2018-06-10 21:48:29 - [TEST_STEP][PASSED] - setText: Finding Test Object with id 'Object Repository/MOH AND GRN/Page_KDMC - CMS/input_txtmrp'

2018-06-10 21:48:29 - [TEST_STEP][PASSED] - Statement - switch (id): Finding Test Object with id 'Object Repository/MOH AND GRN/Page_KDMC - CMS/input_txtdeal'

2018-06-10 21:48:29 - [TEST_STEP][PASSED] - Statement - case 4:: Text '40.0' is set on object 'Object Repository/MOH AND GRN/Page_KDMC - CMS/input_txtmrp'

2018-06-10 21:48:29 - [TEST_STEP][PASSED] - Statement - return (java.lang.Math.floor((java.lang.Math.random() * ((max - min) + 1))) + min): Text '40.0' is set on object 'Object Repository/MOH AND GRN/Page_KDMC - CMS/input_txtmrp'

2018-06-10 21:48:29 - [MESSAGE][PASSED] - Text '40.0' is set on object 'Object Repository/MOH AND GRN/Page_KDMC - CMS/input_txtmrp'

2018-06-10 21:48:29 - [TEST_STEP][PASSED] - setText: Finding Test Object with id 'Object Repository/MOH AND GRN/Page_KDMC - CMS/input_txtdeal'

2018-06-10 21:48:29 - [TEST_STEP][PASSED] - Statement - switch (id): Finding Test Object with id 'Object Repository/MOH AND GRN/Page_KDMC - CMS/input_txtbatchno'

2018-06-10 21:48:29 - [TEST_STEP][PASSED] - Statement - case 5:: Text '3.0' is set on object 'Object Repository/MOH AND GRN/Page_KDMC - CMS/input_txtdeal'

2018-06-10 21:48:29 - [TEST_STEP][PASSED] - Statement - return (java.lang.Math.floor((java.lang.Math.random() * ((max - min) + 1))) + min): Text '3.0' is set on object 'Object Repository/MOH AND GRN/Page_KDMC - CMS/input_txtdeal'

2018-06-10 21:48:29 - [MESSAGE][PASSED] - Text '3.0' is set on object 'Object Repository/MOH AND GRN/Page_KDMC - CMS/input_txtdeal'

2018-06-10 21:48:29 - [TEST_STEP][PASSED] - setText: Finding Test Object with id 'Object Repository/MOH AND GRN/Page_KDMC - CMS/input_txtbatchno'

2018-06-10 21:48:29 - [TEST_STEP][PASSED] - Statement - switch (id): Finding Test Object with id 'Object Repository/MOH AND GRN/Page_KDMC - CMS/input_txtmrp'

2018-06-10 21:48:29 - [TEST_STEP][PASSED] - Statement - case 1:: Text 'BA201.0' is set on object 'Object Repository/MOH AND GRN/Page_KDMC - CMS/input_txtbatchno'

2018-06-10 21:48:29 - [TEST_STEP][PASSED] - Statement - return (java.lang.Math.floor((java.lang.Math.random() * ((max - min) + 1))) + min): Text 'BA201.0' is set on object 'Object Repository/MOH AND GRN/Page_KDMC - CMS/input_txtbatchno'

2018-06-10 21:48:29 - [MESSAGE][PASSED] - Text 'BA201.0' is set on object 'Object Repository/MOH AND GRN/Page_KDMC - CMS/input_txtbatchno'

2018-06-10 21:48:29 - [TEST_STEP][PASSED] - rightClick: Object: 'Object Repository/GRN/Page_KDMC - CMS/input_txtexpdate' is right clicked on

2018-06-10 21:48:29 - [MESSAGE][PASSED] - Object: 'Object Repository/GRN/Page_KDMC - CMS/input_txtexpdate' is right clicked on

2018-06-10 21:48:29 - [TEST_STEP][PASSED] - selectOptionByIndex: All options with index in [2] are selected on object 'Object Repository/GRN/Page_KDMC - CMS/select_20182019202020212022202'

2018-06-10 21:48:29 - [MESSAGE][PASSED] - All options with index in [2] are selected on object 'Object Repository/GRN/Page_KDMC - CMS/select_20182019202020212022202'

2018-06-10 21:48:29 - [TEST_STEP][PASSED] - selectOptionByIndex: All options with index in [2] are selected on object 'Object Repository/GRN/Page_KDMC - CMS/select_JanFebMarAprMayJunJulAu'

2018-06-10 21:48:30 - [MESSAGE][PASSED] - All options with index in [2] are selected on object 'Object Repository/GRN/Page_KDMC - CMS/select_JanFebMarAprMayJunJulAu'

2018-06-10 21:48:30 - [TEST_STEP][PASSED] - click: Object: 'Object Repository/MOH AND GRN/Page_KDMC - CMS/a_12' is clicked on

2018-06-10 21:48:30 - [MESSAGE][PASSED] - Object: 'Object Repository/MOH AND GRN/Page_KDMC - CMS/a_12' is clicked on

2018-06-10 21:48:30 - [TEST_STEP][PASSED] - click: Object: 'Object Repository/MOH AND GRN/Page_KDMC - CMS/input_btnadd' is clicked on

2018-06-10 21:48:30 - [MESSAGE][PASSED] - Object: 'Object Repository/MOH AND GRN/Page_KDMC - CMS/input_btnadd' is clicked on

2018-06-10 21:48:30 - [TEST_STEP][PASSED] - Statement - If (s == 10): null

2018-06-10 21:48:30 - [TEST_STEP][PASSED] - Statement - Else: null

2018-06-10 21:48:30 - [TEST_STEP][PASSED] - Statement - (s++): null

2018-06-10 21:48:30 - [TEST_STEP][PASSED] - delay: Delayed 1 second(s)

2018-06-10 21:48:31 - [MESSAGE][PASSED] - Delayed 1 second(s)

2018-06-10 21:48:31 - [TEST_STEP][PASSED] - selectOptionByIndex: All options with index in [3] are selected on object 'Object Repository/MOH AND GRN/Page_KDMC - CMS/select_--Select--Amikacin -500'

2018-06-10 21:48:31 - [MESSAGE][PASSED] - All options with index in [3] are selected on object 'Object Repository/MOH AND GRN/Page_KDMC - CMS/select_--Select--Amikacin -500'

2018-06-10 21:48:31 - [TEST_STEP][PASSED] - setText: Text '5000' is set on object 'Object Repository/MOH AND GRN/Page_KDMC - CMS/input_txtqty'

2018-06-10 21:48:31 - [MESSAGE][PASSED] - Text '5000' is set on object 'Object Repository/MOH AND GRN/Page_KDMC - CMS/input_txtqty'

2018-06-10 21:48:31 - [TEST_STEP][PASSED] - selectOptionByIndex: All options with index in [1] are selected on object 'Object Repository/MOH AND GRN/Page_KDMC - CMS/select_--Select--No Tax0'

2018-06-10 21:48:31 - [MESSAGE][PASSED] - All options with index in [1] are selected on object 'Object Repository/MOH AND GRN/Page_KDMC - CMS/select_--Select--No Tax0'

2018-06-10 21:48:31 - [TEST_STEP][PASSED] - setText: Finding Test Object with id 'Object Repository/MOH AND GRN/Page_KDMC - CMS/input_txtmrp'

2018-06-10 21:48:31 - [TEST_STEP][PASSED] - Statement - switch (id): Finding Test Object with id 'Object Repository/MOH AND GRN/Page_KDMC - CMS/input_txtdeal'

2018-06-10 21:48:31 - [TEST_STEP][PASSED] - Statement - case 4:: Text '15.0' is set on object 'Object Repository/MOH AND GRN/Page_KDMC - CMS/input_txtmrp'

2018-06-10 21:48:31 - [TEST_STEP][PASSED] - Statement - return (java.lang.Math.floor((java.lang.Math.random() * ((max - min) + 1))) + min): Text '15.0' is set on object 'Object Repository/MOH AND GRN/Page_KDMC - CMS/input_txtmrp'

2018-06-10 21:48:31 - [MESSAGE][PASSED] - Text '15.0' is set on object 'Object Repository/MOH AND GRN/Page_KDMC - CMS/input_txtmrp'

2018-06-10 21:48:31 - [TEST_STEP][PASSED] - setText: Finding Test Object with id 'Object Repository/MOH AND GRN/Page_KDMC - CMS/input_txtdeal'

2018-06-10 21:48:31 - [TEST_STEP][PASSED] - Statement - switch (id): Finding Test Object with id 'Object Repository/MOH AND GRN/Page_KDMC - CMS/input_txtbatchno'

2018-06-10 21:48:31 - [TEST_STEP][PASSED] - Statement - case 5:: Text '7.0' is set on object 'Object Repository/MOH AND GRN/Page_KDMC - CMS/input_txtdeal'

2018-06-10 21:48:31 - [TEST_STEP][PASSED] - Statement - return (java.lang.Math.floor((java.lang.Math.random() * ((max - min) + 1))) + min): Text '7.0' is set on object 'Object Repository/MOH AND GRN/Page_KDMC - CMS/input_txtdeal'

2018-06-10 21:48:31 - [MESSAGE][PASSED] - Text '7.0' is set on object 'Object Repository/MOH AND GRN/Page_KDMC - CMS/input_txtdeal'

2018-06-10 21:48:31 - [TEST_STEP][PASSED] - setText: Finding Test Object with id 'Object Repository/MOH AND GRN/Page_KDMC - CMS/input_txtbatchno'

2018-06-10 21:48:31 - [TEST_STEP][PASSED] - Statement - switch (id): Finding Test Object with id 'Object Repository/MOH AND GRN/Page_KDMC - CMS/input_txtmrp'

2018-06-10 21:48:31 - [TEST_STEP][PASSED] - Statement - case 1:: Text 'BA149.0' is set on object 'Object Repository/MOH AND GRN/Page_KDMC - CMS/input_txtbatchno'

2018-06-10 21:48:31 - [TEST_STEP][PASSED] - Statement - return (java.lang.Math.floor((java.lang.Math.random() * ((max - min) + 1))) + min): Text 'BA149.0' is set on object 'Object Repository/MOH AND GRN/Page_KDMC - CMS/input_txtbatchno'

2018-06-10 21:48:31 - [MESSAGE][PASSED] - Text 'BA149.0' is set on object 'Object Repository/MOH AND GRN/Page_KDMC - CMS/input_txtbatchno'

2018-06-10 21:48:31 - [TEST_STEP][PASSED] - rightClick: Object: 'Object Repository/GRN/Page_KDMC - CMS/input_txtexpdate' is right clicked on

2018-06-10 21:48:32 - [MESSAGE][PASSED] - Object: 'Object Repository/GRN/Page_KDMC - CMS/input_txtexpdate' is right clicked on

2018-06-10 21:48:32 - [TEST_STEP][PASSED] - selectOptionByIndex: All options with index in [3] are selected on object 'Object Repository/GRN/Page_KDMC - CMS/select_20182019202020212022202'

2018-06-10 21:48:32 - [MESSAGE][PASSED] - All options with index in [3] are selected on object 'Object Repository/GRN/Page_KDMC - CMS/select_20182019202020212022202'

2018-06-10 21:48:32 - [TEST_STEP][PASSED] - selectOptionByIndex: All options with index in [3] are selected on object 'Object Repository/GRN/Page_KDMC - CMS/select_JanFebMarAprMayJunJulAu'

2018-06-10 21:48:32 - [MESSAGE][PASSED] - All options with index in [3] are selected on object 'Object Repository/GRN/Page_KDMC - CMS/select_JanFebMarAprMayJunJulAu'

2018-06-10 21:48:32 - [TEST_STEP][PASSED] - click: Object: 'Object Repository/MOH AND GRN/Page_KDMC - CMS/a_12' is clicked on

2018-06-10 21:48:32 - [MESSAGE][PASSED] - Object: 'Object Repository/MOH AND GRN/Page_KDMC - CMS/a_12' is clicked on

2018-06-10 21:48:32 - [TEST_STEP][PASSED] - click: Object: 'Object Repository/MOH AND GRN/Page_KDMC - CMS/input_btnadd' is clicked on

2018-06-10 21:48:32 - [MESSAGE][PASSED] - Object: 'Object Repository/MOH AND GRN/Page_KDMC - CMS/input_btnadd' is clicked on

2018-06-10 21:48:32 - [TEST_STEP][PASSED] - Statement - If (s == 10): null

2018-06-10 21:48:32 - [TEST_STEP][PASSED] - Statement - Else: null

2018-06-10 21:48:32 - [TEST_STEP][PASSED] - Statement - (s++): null

2018-06-10 21:48:32 - [TEST_STEP][PASSED] - delay: Delayed 1 second(s)

2018-06-10 21:48:33 - [MESSAGE][PASSED] - Delayed 1 second(s)

2018-06-10 21:48:33 - [TEST_STEP][PASSED] - selectOptionByIndex: All options with index in [4] are selected on object 'Object Repository/MOH AND GRN/Page_KDMC - CMS/select_--Select--Amikacin -500'

2018-06-10 21:48:33 - [MESSAGE][PASSED] - All options with index in [4] are selected on object 'Object Repository/MOH AND GRN/Page_KDMC - CMS/select_--Select--Amikacin -500'

2018-06-10 21:48:33 - [TEST_STEP][PASSED] - setText: Text '5000' is set on object 'Object Repository/MOH AND GRN/Page_KDMC - CMS/input_txtqty'

2018-06-10 21:48:33 - [MESSAGE][PASSED] - Text '5000' is set on object 'Object Repository/MOH AND GRN/Page_KDMC - CMS/input_txtqty'

2018-06-10 21:48:33 - [TEST_STEP][PASSED] - selectOptionByIndex: All options with index in [1] are selected on object 'Object Repository/MOH AND GRN/Page_KDMC - CMS/select_--Select--No Tax0'

2018-06-10 21:48:33 - [MESSAGE][PASSED] - All options with index in [1] are selected on object 'Object Repository/MOH AND GRN/Page_KDMC - CMS/select_--Select--No Tax0'

2018-06-10 21:48:33 - [TEST_STEP][PASSED] - setText: Finding Test Object with id 'Object Repository/MOH AND GRN/Page_KDMC - CMS/input_txtmrp'

2018-06-10 21:48:33 - [TEST_STEP][PASSED] - Statement - switch (id): Finding Test Object with id 'Object Repository/MOH AND GRN/Page_KDMC - CMS/input_txtdeal'

2018-06-10 21:48:33 - [TEST_STEP][PASSED] - Statement - case 4:: Text '43.0' is set on object 'Object Repository/MOH AND GRN/Page_KDMC - CMS/input_txtmrp'

2018-06-10 21:48:33 - [TEST_STEP][PASSED] - Statement - return (java.lang.Math.floor((java.lang.Math.random() * ((max - min) + 1))) + min): Text '43.0' is set on object 'Object Repository/MOH AND GRN/Page_KDMC - CMS/input_txtmrp'

2018-06-10 21:48:34 - [MESSAGE][PASSED] - Text '43.0' is set on object 'Object Repository/MOH AND GRN/Page_KDMC - CMS/input_txtmrp'

2018-06-10 21:48:34 - [TEST_STEP][PASSED] - setText: Finding Test Object with id 'Object Repository/MOH AND GRN/Page_KDMC - CMS/input_txtdeal'

2018-06-10 21:48:34 - [TEST_STEP][PASSED] - Statement - switch (id): Finding Test Object with id 'Object Repository/MOH AND GRN/Page_KDMC - CMS/input_txtbatchno'

2018-06-10 21:48:34 - [TEST_STEP][PASSED] - Statement - case 5:: Text '11.0' is set on object 'Object Repository/MOH AND GRN/Page_KDMC - CMS/input_txtdeal'

2018-06-10 21:48:34 - [TEST_STEP][PASSED] - Statement - return (java.lang.Math.floor((java.lang.Math.random() * ((max - min) + 1))) + min): Text '11.0' is set on object 'Object Repository/MOH AND GRN/Page_KDMC - CMS/input_txtdeal'

2018-06-10 21:48:34 - [MESSAGE][PASSED] - Text '11.0' is set on object 'Object Repository/MOH AND GRN/Page_KDMC - CMS/input_txtdeal'

2018-06-10 21:48:34 - [TEST_STEP][PASSED] - setText: Finding Test Object with id 'Object Repository/MOH AND GRN/Page_KDMC - CMS/input_txtbatchno'

2018-06-10 21:48:34 - [TEST_STEP][PASSED] - Statement - switch (id): Finding Test Object with id 'Object Repository/MOH AND GRN/Page_KDMC - CMS/input_txtmrp'

2018-06-10 21:48:34 - [TEST_STEP][PASSED] - Statement - case 1:: Text 'BA161.0' is set on object 'Object Repository/MOH AND GRN/Page_KDMC - CMS/input_txtbatchno'

2018-06-10 21:48:34 - [TEST_STEP][PASSED] - Statement - return (java.lang.Math.floor((java.lang.Math.random() * ((max - min) + 1))) + min): Text 'BA161.0' is set on object 'Object Repository/MOH AND GRN/Page_KDMC - CMS/input_txtbatchno'

2018-06-10 21:48:34 - [MESSAGE][PASSED] - Text 'BA161.0' is set on object 'Object Repository/MOH AND GRN/Page_KDMC - CMS/input_txtbatchno'

2018-06-10 21:48:34 - [TEST_STEP][PASSED] - rightClick: Object: 'Object Repository/GRN/Page_KDMC - CMS/input_txtexpdate' is right clicked on

2018-06-10 21:48:34 - [MESSAGE][PASSED] - Object: 'Object Repository/GRN/Page_KDMC - CMS/input_txtexpdate' is right clicked on

2018-06-10 21:48:34 - [TEST_STEP][PASSED] - selectOptionByIndex: All options with index in [4] are selected on object 'Object Repository/GRN/Page_KDMC - CMS/select_20182019202020212022202'

2018-06-10 21:48:34 - [MESSAGE][PASSED] - All options with index in [4] are selected on object 'Object Repository/GRN/Page_KDMC - CMS/select_20182019202020212022202'

2018-06-10 21:48:34 - [TEST_STEP][PASSED] - selectOptionByIndex: All options with index in [4] are selected on object 'Object Repository/GRN/Page_KDMC - CMS/select_JanFebMarAprMayJunJulAu'

2018-06-10 21:48:34 - [MESSAGE][PASSED] - All options with index in [4] are selected on object 'Object Repository/GRN/Page_KDMC - CMS/select_JanFebMarAprMayJunJulAu'

2018-06-10 21:48:34 - [TEST_STEP][PASSED] - click: Object: 'Object Repository/MOH AND GRN/Page_KDMC - CMS/a_12' is clicked on

2018-06-10 21:48:34 - [MESSAGE][PASSED] - Object: 'Object Repository/MOH AND GRN/Page_KDMC - CMS/a_12' is clicked on

2018-06-10 21:48:34 - [TEST_STEP][PASSED] - click: Object: 'Object Repository/MOH AND GRN/Page_KDMC - CMS/input_btnadd' is clicked on

2018-06-10 21:48:34 - [MESSAGE][PASSED] - Object: 'Object Repository/MOH AND GRN/Page_KDMC - CMS/input_btnadd' is clicked on

2018-06-10 21:48:34 - [TEST_STEP][PASSED] - Statement - If (s == 10): null

2018-06-10 21:48:34 - [TEST_STEP][PASSED] - Statement - Else: null

2018-06-10 21:48:34 - [TEST_STEP][PASSED] - Statement - (s++): null

2018-06-10 21:48:34 - [TEST_STEP][PASSED] - delay: Delayed 1 second(s)

2018-06-10 21:48:35 - [MESSAGE][PASSED] - Delayed 1 second(s)

2018-06-10 21:48:35 - [TEST_STEP][PASSED] - selectOptionByIndex: All options with index in [5] are selected on object 'Object Repository/MOH AND GRN/Page_KDMC - CMS/select_--Select--Amikacin -500'

2018-06-10 21:48:36 - [MESSAGE][PASSED] - All options with index in [5] are selected on object 'Object Repository/MOH AND GRN/Page_KDMC - CMS/select_--Select--Amikacin -500'

2018-06-10 21:48:36 - [TEST_STEP][PASSED] - setText: Text '5000' is set on object 'Object Repository/MOH AND GRN/Page_KDMC - CMS/input_txtqty'

2018-06-10 21:48:36 - [MESSAGE][PASSED] - Text '5000' is set on object 'Object Repository/MOH AND GRN/Page_KDMC - CMS/input_txtqty'

2018-06-10 21:48:36 - [TEST_STEP][PASSED] - selectOptionByIndex: All options with index in [1] are selected on object 'Object Repository/MOH AND GRN/Page_KDMC - CMS/select_--Select--No Tax0'

2018-06-10 21:48:36 - [MESSAGE][PASSED] - All options with index in [1] are selected on object 'Object Repository/MOH AND GRN/Page_KDMC - CMS/select_--Select--No Tax0'

2018-06-10 21:48:36 - [TEST_STEP][PASSED] - setText: Finding Test Object with id 'Object Repository/MOH AND GRN/Page_KDMC - CMS/input_txtmrp'

2018-06-10 21:48:36 - [TEST_STEP][PASSED] - Statement - switch (id): Finding Test Object with id 'Object Repository/MOH AND GRN/Page_KDMC - CMS/input_txtdeal'

2018-06-10 21:48:36 - [TEST_STEP][PASSED] - Statement - case 4:: Text '26.0' is set on object 'Object Repository/MOH AND GRN/Page_KDMC - CMS/input_txtmrp'

2018-06-10 21:48:36 - [TEST_STEP][PASSED] - Statement - return (java.lang.Math.floor((java.lang.Math.random() * ((max - min) + 1))) + min): Text '26.0' is set on object 'Object Repository/MOH AND GRN/Page_KDMC - CMS/input_txtmrp'

2018-06-10 21:48:36 - [MESSAGE][PASSED] - Text '26.0' is set on object 'Object Repository/MOH AND GRN/Page_KDMC - CMS/input_txtmrp'

2018-06-10 21:48:36 - [TEST_STEP][PASSED] - setText: Finding Test Object with id 'Object Repository/MOH AND GRN/Page_KDMC - CMS/input_txtdeal'

2018-06-10 21:48:36 - [TEST_STEP][PASSED] - Statement - switch (id): Finding Test Object with id 'Object Repository/MOH AND GRN/Page_KDMC - CMS/input_txtbatchno'

2018-06-10 21:48:36 - [TEST_STEP][PASSED] - Statement - case 5:: Text '2.0' is set on object 'Object Repository/MOH AND GRN/Page_KDMC - CMS/input_txtdeal'

2018-06-10 21:48:36 - [TEST_STEP][PASSED] - Statement - return (java.lang.Math.floor((java.lang.Math.random() * ((max - min) + 1))) + min): Text '2.0' is set on object 'Object Repository/MOH AND GRN/Page_KDMC - CMS/input_txtdeal'

2018-06-10 21:48:36 - [MESSAGE][PASSED] - Text '2.0' is set on object 'Object Repository/MOH AND GRN/Page_KDMC - CMS/input_txtdeal'

2018-06-10 21:48:36 - [TEST_STEP][PASSED] - setText: Finding Test Object with id 'Object Repository/MOH AND GRN/Page_KDMC - CMS/input_txtbatchno'

2018-06-10 21:48:36 - [TEST_STEP][PASSED] - Statement - switch (id): Finding Test Object with id 'Object Repository/MOH AND GRN/Page_KDMC - CMS/input_txtmrp'

2018-06-10 21:48:36 - [TEST_STEP][PASSED] - Statement - case 1:: Text 'BA864.0' is set on object 'Object Repository/MOH AND GRN/Page_KDMC - CMS/input_txtbatchno'

2018-06-10 21:48:36 - [TEST_STEP][PASSED] - Statement - return (java.lang.Math.floor((java.lang.Math.random() * ((max - min) + 1))) + min): Text 'BA864.0' is set on object 'Object Repository/MOH AND GRN/Page_KDMC - CMS/input_txtbatchno'

2018-06-10 21:48:36 - [MESSAGE][PASSED] - Text 'BA864.0' is set on object 'Object Repository/MOH AND GRN/Page_KDMC - CMS/input_txtbatchno'

2018-06-10 21:48:36 - [TEST_STEP][PASSED] - rightClick: Object: 'Object Repository/GRN/Page_KDMC - CMS/input_txtexpdate' is right clicked on

2018-06-10 21:48:36 - [MESSAGE][PASSED] - Object: 'Object Repository/GRN/Page_KDMC - CMS/input_txtexpdate' is right clicked on

2018-06-10 21:48:36 - [TEST_STEP][PASSED] - selectOptionByIndex: All options with index in [5] are selected on object 'Object Repository/GRN/Page_KDMC - CMS/select_20182019202020212022202'

2018-06-10 21:48:36 - [MESSAGE][PASSED] - All options with index in [5] are selected on object 'Object Repository/GRN/Page_KDMC - CMS/select_20182019202020212022202'

2018-06-10 21:48:36 - [TEST_STEP][PASSED] - selectOptionByIndex: All options with index in [5] are selected on object 'Object Repository/GRN/Page_KDMC - CMS/select_JanFebMarAprMayJunJulAu'

2018-06-10 21:48:37 - [MESSAGE][PASSED] - All options with index in [5] are selected on object 'Object Repository/GRN/Page_KDMC - CMS/select_JanFebMarAprMayJunJulAu'

2018-06-10 21:48:37 - [TEST_STEP][PASSED] - click: Object: 'Object Repository/MOH AND GRN/Page_KDMC - CMS/a_12' is clicked on

2018-06-10 21:48:37 - [MESSAGE][PASSED] - Object: 'Object Repository/MOH AND GRN/Page_KDMC - CMS/a_12' is clicked on

2018-06-10 21:48:37 - [TEST_STEP][PASSED] - click: Object: 'Object Repository/MOH AND GRN/Page_KDMC - CMS/input_btnadd' is clicked on

2018-06-10 21:48:37 - [MESSAGE][PASSED] - Object: 'Object Repository/MOH AND GRN/Page_KDMC - CMS/input_btnadd' is clicked on

2018-06-10 21:48:37 - [TEST_STEP][PASSED] - Statement - If (s == 10): null

2018-06-10 21:48:37 - [TEST_STEP][PASSED] - Statement - Else: null

2018-06-10 21:48:37 - [TEST_STEP][PASSED] - Statement - (s++): null

2018-06-10 21:48:37 - [TEST_STEP][PASSED] - delay: Delayed 1 second(s)

2018-06-10 21:48:38 - [MESSAGE][PASSED] - Delayed 1 second(s)

2018-06-10 21:48:38 - [TEST_STEP][PASSED] - selectOptionByIndex: All options with index in [6] are selected on object 'Object Repository/MOH AND GRN/Page_KDMC - CMS/select_--Select--Amikacin -500'

2018-06-10 21:48:38 - [MESSAGE][PASSED] - All options with index in [6] are selected on object 'Object Repository/MOH AND GRN/Page_KDMC - CMS/select_--Select--Amikacin -500'

2018-06-10 21:48:38 - [TEST_STEP][PASSED] - setText: Text '5000' is set on object 'Object Repository/MOH AND GRN/Page_KDMC - CMS/input_txtqty'

2018-06-10 21:48:38 - [MESSAGE][PASSED] - Text '5000' is set on object 'Object Repository/MOH AND GRN/Page_KDMC - CMS/input_txtqty'

2018-06-10 21:48:38 - [TEST_STEP][PASSED] - selectOptionByIndex: All options with index in [1] are selected on object 'Object Repository/MOH AND GRN/Page_KDMC - CMS/select_--Select--No Tax0'

2018-06-10 21:48:38 - [MESSAGE][PASSED] - All options with index in [1] are selected on object 'Object Repository/MOH AND GRN/Page_KDMC - CMS/select_--Select--No Tax0'

2018-06-10 21:48:38 - [TEST_STEP][PASSED] - setText: Finding Test Object with id 'Object Repository/MOH AND GRN/Page_KDMC - CMS/input_txtmrp'

2018-06-10 21:48:38 - [TEST_STEP][PASSED] - Statement - switch (id): Finding Test Object with id 'Object Repository/MOH AND GRN/Page_KDMC - CMS/input_txtdeal'

2018-06-10 21:48:38 - [TEST_STEP][PASSED] - Statement - case 4:: Text '21.0' is set on object 'Object Repository/MOH AND GRN/Page_KDMC - CMS/input_txtmrp'

2018-06-10 21:48:38 - [TEST_STEP][PASSED] - Statement - return (java.lang.Math.floor((java.lang.Math.random() * ((max - min) + 1))) + min): Text '21.0' is set on object 'Object Repository/MOH AND GRN/Page_KDMC - CMS/input_txtmrp'

2018-06-10 21:48:38 - [MESSAGE][PASSED] - Text '21.0' is set on object 'Object Repository/MOH AND GRN/Page_KDMC - CMS/input_txtmrp'

2018-06-10 21:48:38 - [TEST_STEP][PASSED] - setText: Finding Test Object with id 'Object Repository/MOH AND GRN/Page_KDMC - CMS/input_txtdeal'

2018-06-10 21:48:38 - [TEST_STEP][PASSED] - Statement - switch (id): Finding Test Object with id 'Object Repository/MOH AND GRN/Page_KDMC - CMS/input_txtbatchno'

2018-06-10 21:48:38 - [TEST_STEP][PASSED] - Statement - case 5:: Text '2.0' is set on object 'Object Repository/MOH AND GRN/Page_KDMC - CMS/input_txtdeal'

2018-06-10 21:48:38 - [TEST_STEP][PASSED] - Statement - return (java.lang.Math.floor((java.lang.Math.random() * ((max - min) + 1))) + min): Text '2.0' is set on object 'Object Repository/MOH AND GRN/Page_KDMC - CMS/input_txtdeal'

2018-06-10 21:48:38 - [MESSAGE][PASSED] - Text '2.0' is set on object 'Object Repository/MOH AND GRN/Page_KDMC - CMS/input_txtdeal'

2018-06-10 21:48:38 - [TEST_STEP][PASSED] - setText: Finding Test Object with id 'Object Repository/MOH AND GRN/Page_KDMC - CMS/input_txtbatchno'

2018-06-10 21:48:38 - [TEST_STEP][PASSED] - Statement - switch (id): Finding Test Object with id 'Object Repository/MOH AND GRN/Page_KDMC - CMS/input_txtmrp'

2018-06-10 21:48:38 - [TEST_STEP][PASSED] - Statement - case 1:: Text 'BA62.0' is set on object 'Object Repository/MOH AND GRN/Page_KDMC - CMS/input_txtbatchno'

2018-06-10 21:48:38 - [TEST_STEP][PASSED] - Statement - return (java.lang.Math.floor((java.lang.Math.random() * ((max - min) + 1))) + min): Text 'BA62.0' is set on object 'Object Repository/MOH AND GRN/Page_KDMC - CMS/input_txtbatchno'

2018-06-10 21:48:38 - [MESSAGE][PASSED] - Text 'BA62.0' is set on object 'Object Repository/MOH AND GRN/Page_KDMC - CMS/input_txtbatchno'

2018-06-10 21:48:38 - [TEST_STEP][PASSED] - rightClick: Object: 'Object Repository/GRN/Page_KDMC - CMS/input_txtexpdate' is right clicked on

2018-06-10 21:48:39 - [MESSAGE][PASSED] - Object: 'Object Repository/GRN/Page_KDMC - CMS/input_txtexpdate' is right clicked on

2018-06-10 21:48:39 - [TEST_STEP][PASSED] - selectOptionByIndex: All options with index in [6] are selected on object 'Object Repository/GRN/Page_KDMC - CMS/select_20182019202020212022202'

2018-06-10 21:48:39 - [MESSAGE][PASSED] - All options with index in [6] are selected on object 'Object Repository/GRN/Page_KDMC - CMS/select_20182019202020212022202'

2018-06-10 21:48:39 - [TEST_STEP][PASSED] - selectOptionByIndex: All options with index in [6] are selected on object 'Object Repository/GRN/Page_KDMC - CMS/select_JanFebMarAprMayJunJulAu'

2018-06-10 21:48:39 - [MESSAGE][PASSED] - All options with index in [6] are selected on object 'Object Repository/GRN/Page_KDMC - CMS/select_JanFebMarAprMayJunJulAu'

2018-06-10 21:48:39 - [TEST_STEP][PASSED] - click: Object: 'Object Repository/MOH AND GRN/Page_KDMC - CMS/a_12' is clicked on

2018-06-10 21:48:39 - [MESSAGE][PASSED] - Object: 'Object Repository/MOH AND GRN/Page_KDMC - CMS/a_12' is clicked on

2018-06-10 21:48:39 - [TEST_STEP][PASSED] - click: Object: 'Object Repository/MOH AND GRN/Page_KDMC - CMS/input_btnadd' is clicked on

2018-06-10 21:48:39 - [MESSAGE][PASSED] - Object: 'Object Repository/MOH AND GRN/Page_KDMC - CMS/input_btnadd' is clicked on

2018-06-10 21:48:39 - [TEST_STEP][PASSED] - Statement - If (s == 10): null

2018-06-10 21:48:39 - [TEST_STEP][PASSED] - Statement - Else: null

2018-06-10 21:48:39 - [TEST_STEP][PASSED] - Statement - (s++): null

2018-06-10 21:48:39 - [TEST_STEP][PASSED] - delay: Delayed 1 second(s)

2018-06-10 21:48:40 - [MESSAGE][PASSED] - Delayed 1 second(s)

2018-06-10 21:48:40 - [TEST_STEP][PASSED] - selectOptionByIndex: All options with index in [7] are selected on object 'Object Repository/MOH AND GRN/Page_KDMC - CMS/select_--Select--Amikacin -500'

2018-06-10 21:48:40 - [MESSAGE][PASSED] - All options with index in [7] are selected on object 'Object Repository/MOH AND GRN/Page_KDMC - CMS/select_--Select--Amikacin -500'

2018-06-10 21:48:40 - [TEST_STEP][PASSED] - setText: Text '5000' is set on object 'Object Repository/MOH AND GRN/Page_KDMC - CMS/input_txtqty'

2018-06-10 21:48:40 - [MESSAGE][PASSED] - Text '5000' is set on object 'Object Repository/MOH AND GRN/Page_KDMC - CMS/input_txtqty'

2018-06-10 21:48:40 - [TEST_STEP][PASSED] - selectOptionByIndex: All options with index in [1] are selected on object 'Object Repository/MOH AND GRN/Page_KDMC - CMS/select_--Select--No Tax0'

2018-06-10 21:48:41 - [MESSAGE][PASSED] - All options with index in [1] are selected on object 'Object Repository/MOH AND GRN/Page_KDMC - CMS/select_--Select--No Tax0'

2018-06-10 21:48:41 - [TEST_STEP][PASSED] - setText: Finding Test Object with id 'Object Repository/MOH AND GRN/Page_KDMC - CMS/input_txtmrp'

2018-06-10 21:48:41 - [TEST_STEP][PASSED] - Statement - switch (id): Finding Test Object with id 'Object Repository/MOH AND GRN/Page_KDMC - CMS/input_txtdeal'

2018-06-10 21:48:41 - [TEST_STEP][PASSED] - Statement - case 4:: Text '44.0' is set on object 'Object Repository/MOH AND GRN/Page_KDMC - CMS/input_txtmrp'

2018-06-10 21:48:41 - [TEST_STEP][PASSED] - Statement - return (java.lang.Math.floor((java.lang.Math.random() * ((max - min) + 1))) + min): Text '44.0' is set on object 'Object Repository/MOH AND GRN/Page_KDMC - CMS/input_txtmrp'

2018-06-10 21:48:41 - [MESSAGE][PASSED] - Text '44.0' is set on object 'Object Repository/MOH AND GRN/Page_KDMC - CMS/input_txtmrp'

2018-06-10 21:48:41 - [TEST_STEP][PASSED] - setText: Finding Test Object with id 'Object Repository/MOH AND GRN/Page_KDMC - CMS/input_txtdeal'

2018-06-10 21:48:41 - [TEST_STEP][PASSED] - Statement - switch (id): Finding Test Object with id 'Object Repository/MOH AND GRN/Page_KDMC - CMS/input_txtbatchno'

2018-06-10 21:48:41 - [TEST_STEP][PASSED] - Statement - case 5:: Text '2.0' is set on object 'Object Repository/MOH AND GRN/Page_KDMC - CMS/input_txtdeal'

2018-06-10 21:48:41 - [TEST_STEP][PASSED] - Statement - return (java.lang.Math.floor((java.lang.Math.random() * ((max - min) + 1))) + min): Text '2.0' is set on object 'Object Repository/MOH AND GRN/Page_KDMC - CMS/input_txtdeal'

2018-06-10 21:48:41 - [MESSAGE][PASSED] - Text '2.0' is set on object 'Object Repository/MOH AND GRN/Page_KDMC - CMS/input_txtdeal'

2018-06-10 21:48:41 - [TEST_STEP][PASSED] - setText: Finding Test Object with id 'Object Repository/MOH AND GRN/Page_KDMC - CMS/input_txtbatchno'

2018-06-10 21:48:41 - [TEST_STEP][PASSED] - Statement - switch (id): Finding Test Object with id 'Object Repository/MOH AND GRN/Page_KDMC - CMS/input_txtmrp'

2018-06-10 21:48:41 - [TEST_STEP][PASSED] - Statement - case 1:: Text 'BA160.0' is set on object 'Object Repository/MOH AND GRN/Page_KDMC - CMS/input_txtbatchno'

2018-06-10 21:48:41 - [TEST_STEP][PASSED] - Statement - return (java.lang.Math.floor((java.lang.Math.random() * ((max - min) + 1))) + min): Text 'BA160.0' is set on object 'Object Repository/MOH AND GRN/Page_KDMC - CMS/input_txtbatchno'

2018-06-10 21:48:41 - [MESSAGE][PASSED] - Text 'BA160.0' is set on object 'Object Repository/MOH AND GRN/Page_KDMC - CMS/input_txtbatchno'

2018-06-10 21:48:41 - [TEST_STEP][PASSED] - rightClick: Object: 'Object Repository/GRN/Page_KDMC - CMS/input_txtexpdate' is right clicked on

2018-06-10 21:48:41 - [MESSAGE][PASSED] - Object: 'Object Repository/GRN/Page_KDMC - CMS/input_txtexpdate' is right clicked on

2018-06-10 21:48:41 - [TEST_STEP][PASSED] - selectOptionByIndex: All options with index in [7] are selected on object 'Object Repository/GRN/Page_KDMC - CMS/select_20182019202020212022202'

2018-06-10 21:48:41 - [MESSAGE][PASSED] - All options with index in [7] are selected on object 'Object Repository/GRN/Page_KDMC - CMS/select_20182019202020212022202'

2018-06-10 21:48:41 - [TEST_STEP][PASSED] - selectOptionByIndex: All options with index in [7] are selected on object 'Object Repository/GRN/Page_KDMC - CMS/select_JanFebMarAprMayJunJulAu'

2018-06-10 21:48:41 - [MESSAGE][PASSED] - All options with index in [7] are selected on object 'Object Repository/GRN/Page_KDMC - CMS/select_JanFebMarAprMayJunJulAu'

2018-06-10 21:48:41 - [TEST_STEP][PASSED] - click: Object: 'Object Repository/MOH AND GRN/Page_KDMC - CMS/a_12' is clicked on

2018-06-10 21:48:41 - [MESSAGE][PASSED] - Object: 'Object Repository/MOH AND GRN/Page_KDMC - CMS/a_12' is clicked on

2018-06-10 21:48:41 - [TEST_STEP][PASSED] - click: Object: 'Object Repository/MOH AND GRN/Page_KDMC - CMS/input_btnadd' is clicked on

2018-06-10 21:48:42 - [MESSAGE][PASSED] - Object: 'Object Repository/MOH AND GRN/Page_KDMC - CMS/input_btnadd' is clicked on

2018-06-10 21:48:42 - [TEST_STEP][PASSED] - Statement - If (s == 10): null

2018-06-10 21:48:42 - [TEST_STEP][PASSED] - Statement - Else: null

2018-06-10 21:48:42 - [TEST_STEP][PASSED] - Statement - (s++): null

2018-06-10 21:48:42 - [TEST_STEP][PASSED] - delay: Delayed 1 second(s)

2018-06-10 21:48:43 - [MESSAGE][PASSED] - Delayed 1 second(s)

2018-06-10 21:48:43 - [TEST_STEP][PASSED] - selectOptionByIndex: All options with index in [8] are selected on object 'Object Repository/MOH AND GRN/Page_KDMC - CMS/select_--Select--Amikacin -500'

2018-06-10 21:48:43 - [MESSAGE][PASSED] - All options with index in [8] are selected on object 'Object Repository/MOH AND GRN/Page_KDMC - CMS/select_--Select--Amikacin -500'

2018-06-10 21:48:43 - [TEST_STEP][PASSED] - setText: Text '5000' is set on object 'Object Repository/MOH AND GRN/Page_KDMC - CMS/input_txtqty'

2018-06-10 21:48:43 - [MESSAGE][PASSED] - Text '5000' is set on object 'Object Repository/MOH AND GRN/Page_KDMC - CMS/input_txtqty'

2018-06-10 21:48:43 - [TEST_STEP][PASSED] - selectOptionByIndex: All options with index in [1] are selected on object 'Object Repository/MOH AND GRN/Page_KDMC - CMS/select_--Select--No Tax0'

2018-06-10 21:48:43 - [MESSAGE][PASSED] - All options with index in [1] are selected on object 'Object Repository/MOH AND GRN/Page_KDMC - CMS/select_--Select--No Tax0'

2018-06-10 21:48:43 - [TEST_STEP][PASSED] - setText: Finding Test Object with id 'Object Repository/MOH AND GRN/Page_KDMC - CMS/input_txtmrp'

2018-06-10 21:48:43 - [TEST_STEP][PASSED] - Statement - switch (id): Finding Test Object with id 'Object Repository/MOH AND GRN/Page_KDMC - CMS/input_txtdeal'

2018-06-10 21:48:43 - [TEST_STEP][PASSED] - Statement - case 4:: Text '37.0' is set on object 'Object Repository/MOH AND GRN/Page_KDMC - CMS/input_txtmrp'

2018-06-10 21:48:43 - [TEST_STEP][PASSED] - Statement - return (java.lang.Math.floor((java.lang.Math.random() * ((max - min) + 1))) + min): Text '37.0' is set on object 'Object Repository/MOH AND GRN/Page_KDMC - CMS/input_txtmrp'

2018-06-10 21:48:43 - [MESSAGE][PASSED] - Text '37.0' is set on object 'Object Repository/MOH AND GRN/Page_KDMC - CMS/input_txtmrp'

2018-06-10 21:48:43 - [TEST_STEP][PASSED] - setText: Finding Test Object with id 'Object Repository/MOH AND GRN/Page_KDMC - CMS/input_txtdeal'

2018-06-10 21:48:43 - [TEST_STEP][PASSED] - Statement - switch (id): Finding Test Object with id 'Object Repository/MOH AND GRN/Page_KDMC - CMS/input_txtbatchno'

2018-06-10 21:48:43 - [TEST_STEP][PASSED] - Statement - case 5:: Text '9.0' is set on object 'Object Repository/MOH AND GRN/Page_KDMC - CMS/input_txtdeal'

2018-06-10 21:48:43 - [TEST_STEP][PASSED] - Statement - return (java.lang.Math.floor((java.lang.Math.random() * ((max - min) + 1))) + min): Text '9.0' is set on object 'Object Repository/MOH AND GRN/Page_KDMC - CMS/input_txtdeal'

2018-06-10 21:48:43 - [MESSAGE][PASSED] - Text '9.0' is set on object 'Object Repository/MOH AND GRN/Page_KDMC - CMS/input_txtdeal'

2018-06-10 21:48:43 - [TEST_STEP][PASSED] - setText: Finding Test Object with id 'Object Repository/MOH AND GRN/Page_KDMC - CMS/input_txtbatchno'

2018-06-10 21:48:43 - [TEST_STEP][PASSED] - Statement - switch (id): Finding Test Object with id 'Object Repository/MOH AND GRN/Page_KDMC - CMS/input_txtmrp'

2018-06-10 21:48:43 - [TEST_STEP][PASSED] - Statement - case 1:: Text 'BA511.0' is set on object 'Object Repository/MOH AND GRN/Page_KDMC - CMS/input_txtbatchno'

2018-06-10 21:48:43 - [TEST_STEP][PASSED] - Statement - return (java.lang.Math.floor((java.lang.Math.random() * ((max - min) + 1))) + min): Text 'BA511.0' is set on object 'Object Repository/MOH AND GRN/Page_KDMC - CMS/input_txtbatchno'

2018-06-10 21:48:43 - [MESSAGE][PASSED] - Text 'BA511.0' is set on object 'Object Repository/MOH AND GRN/Page_KDMC - CMS/input_txtbatchno'

2018-06-10 21:48:43 - [TEST_STEP][PASSED] - rightClick: Object: 'Object Repository/GRN/Page_KDMC - CMS/input_txtexpdate' is right clicked on

2018-06-10 21:48:43 - [MESSAGE][PASSED] - Object: 'Object Repository/GRN/Page_KDMC - CMS/input_txtexpdate' is right clicked on

2018-06-10 21:48:43 - [TEST_STEP][PASSED] - selectOptionByIndex: All options with index in [8] are selected on object 'Object Repository/GRN/Page_KDMC - CMS/select_20182019202020212022202'

2018-06-10 21:48:44 - [MESSAGE][PASSED] - All options with index in [8] are selected on object 'Object Repository/GRN/Page_KDMC - CMS/select_20182019202020212022202'

2018-06-10 21:48:44 - [TEST_STEP][PASSED] - selectOptionByIndex: All options with index in [8] are selected on object 'Object Repository/GRN/Page_KDMC - CMS/select_JanFebMarAprMayJunJulAu'

2018-06-10 21:48:44 - [MESSAGE][PASSED] - All options with index in [8] are selected on object 'Object Repository/GRN/Page_KDMC - CMS/select_JanFebMarAprMayJunJulAu'

2018-06-10 21:48:44 - [TEST_STEP][PASSED] - click: Object: 'Object Repository/MOH AND GRN/Page_KDMC - CMS/a_12' is clicked on

2018-06-10 21:48:44 - [MESSAGE][PASSED] - Object: 'Object Repository/MOH AND GRN/Page_KDMC - CMS/a_12' is clicked on

2018-06-10 21:48:44 - [TEST_STEP][PASSED] - click: Object: 'Object Repository/MOH AND GRN/Page_KDMC - CMS/input_btnadd' is clicked on

2018-06-10 21:48:44 - [MESSAGE][PASSED] - Object: 'Object Repository/MOH AND GRN/Page_KDMC - CMS/input_btnadd' is clicked on

2018-06-10 21:48:44 - [TEST_STEP][PASSED] - Statement - If (s == 10): null

2018-06-10 21:48:44 - [TEST_STEP][PASSED] - Statement - Else: null

2018-06-10 21:48:44 - [TEST_STEP][PASSED] - Statement - (s++): null

2018-06-10 21:48:44 - [TEST_STEP][PASSED] - delay: Delayed 1 second(s)

2018-06-10 21:48:45 - [MESSAGE][PASSED] - Delayed 1 second(s)

2018-06-10 21:48:45 - [TEST_STEP][PASSED] - selectOptionByIndex: All options with index in [9] are selected on object 'Object Repository/MOH AND GRN/Page_KDMC - CMS/select_--Select--Amikacin -500'

2018-06-10 21:48:45 - [MESSAGE][PASSED] - All options with index in [9] are selected on object 'Object Repository/MOH AND GRN/Page_KDMC - CMS/select_--Select--Amikacin -500'

2018-06-10 21:48:45 - [TEST_STEP][PASSED] - setText: Text '5000' is set on object 'Object Repository/MOH AND GRN/Page_KDMC - CMS/input_txtqty'

2018-06-10 21:48:45 - [MESSAGE][PASSED] - Text '5000' is set on object 'Object Repository/MOH AND GRN/Page_KDMC - CMS/input_txtqty'

2018-06-10 21:48:45 - [TEST_STEP][PASSED] - selectOptionByIndex: All options with index in [1] are selected on object 'Object Repository/MOH AND GRN/Page_KDMC - CMS/select_--Select--No Tax0'

2018-06-10 21:48:45 - [MESSAGE][PASSED] - All options with index in [1] are selected on object 'Object Repository/MOH AND GRN/Page_KDMC - CMS/select_--Select--No Tax0'

2018-06-10 21:48:45 - [TEST_STEP][PASSED] - setText: Finding Test Object with id 'Object Repository/MOH AND GRN/Page_KDMC - CMS/input_txtmrp'

2018-06-10 21:48:45 - [TEST_STEP][PASSED] - Statement - switch (id): Finding Test Object with id 'Object Repository/MOH AND GRN/Page_KDMC - CMS/input_txtdeal'

2018-06-10 21:48:45 - [TEST_STEP][PASSED] - Statement - case 4:: Text '25.0' is set on object 'Object Repository/MOH AND GRN/Page_KDMC - CMS/input_txtmrp'

2018-06-10 21:48:45 - [TEST_STEP][PASSED] - Statement - return (java.lang.Math.floor((java.lang.Math.random() * ((max - min) + 1))) + min): Text '25.0' is set on object 'Object Repository/MOH AND GRN/Page_KDMC - CMS/input_txtmrp'

2018-06-10 21:48:46 - [MESSAGE][PASSED] - Text '25.0' is set on object 'Object Repository/MOH AND GRN/Page_KDMC - CMS/input_txtmrp'

2018-06-10 21:48:46 - [TEST_STEP][PASSED] - setText: Finding Test Object with id 'Object Repository/MOH AND GRN/Page_KDMC - CMS/input_txtdeal'

2018-06-10 21:48:46 - [TEST_STEP][PASSED] - Statement - switch (id): Finding Test Object with id 'Object Repository/MOH AND GRN/Page_KDMC - CMS/input_txtbatchno'

2018-06-10 21:48:46 - [TEST_STEP][PASSED] - Statement - case 5:: Text '9.0' is set on object 'Object Repository/MOH AND GRN/Page_KDMC - CMS/input_txtdeal'

2018-06-10 21:48:46 - [TEST_STEP][PASSED] - Statement - return (java.lang.Math.floor((java.lang.Math.random() * ((max - min) + 1))) + min): Text '9.0' is set on object 'Object Repository/MOH AND GRN/Page_KDMC - CMS/input_txtdeal'

2018-06-10 21:48:46 - [MESSAGE][PASSED] - Text '9.0' is set on object 'Object Repository/MOH AND GRN/Page_KDMC - CMS/input_txtdeal'

2018-06-10 21:48:46 - [TEST_STEP][PASSED] - setText: Finding Test Object with id 'Object Repository/MOH AND GRN/Page_KDMC - CMS/input_txtbatchno'

2018-06-10 21:48:46 - [TEST_STEP][PASSED] - Statement - switch (id): Finding Test Object with id 'Object Repository/MOH AND GRN/Page_KDMC - CMS/input_txtmrp'

2018-06-10 21:48:46 - [TEST_STEP][PASSED] - Statement - case 1:: Text 'BA445.0' is set on object 'Object Repository/MOH AND GRN/Page_KDMC - CMS/input_txtbatchno'

2018-06-10 21:48:46 - [TEST_STEP][PASSED] - Statement - return (java.lang.Math.floor((java.lang.Math.random() * ((max - min) + 1))) + min): Text 'BA445.0' is set on object 'Object Repository/MOH AND GRN/Page_KDMC - CMS/input_txtbatchno'

2018-06-10 21:48:46 - [MESSAGE][PASSED] - Text 'BA445.0' is set on object 'Object Repository/MOH AND GRN/Page_KDMC - CMS/input_txtbatchno'

2018-06-10 21:48:46 - [TEST_STEP][PASSED] - rightClick: Object: 'Object Repository/GRN/Page_KDMC - CMS/input_txtexpdate' is right clicked on

2018-06-10 21:48:46 - [MESSAGE][PASSED] - Object: 'Object Repository/GRN/Page_KDMC - CMS/input_txtexpdate' is right clicked on

2018-06-10 21:48:46 - [TEST_STEP][PASSED] - selectOptionByIndex: All options with index in [9] are selected on object 'Object Repository/GRN/Page_KDMC - CMS/select_20182019202020212022202'

2018-06-10 21:48:46 - [MESSAGE][PASSED] - All options with index in [9] are selected on object 'Object Repository/GRN/Page_KDMC - CMS/select_20182019202020212022202'

2018-06-10 21:48:46 - [TEST_STEP][PASSED] - selectOptionByIndex: All options with index in [9] are selected on object 'Object Repository/GRN/Page_KDMC - CMS/select_JanFebMarAprMayJunJulAu'

2018-06-10 21:48:46 - [MESSAGE][PASSED] - All options with index in [9] are selected on object 'Object Repository/GRN/Page_KDMC - CMS/select_JanFebMarAprMayJunJulAu'

2018-06-10 21:48:46 - [TEST_STEP][PASSED] - click: Object: 'Object Repository/MOH AND GRN/Page_KDMC - CMS/a_12' is clicked on

2018-06-10 21:48:46 - [MESSAGE][PASSED] - Object: 'Object Repository/MOH AND GRN/Page_KDMC - CMS/a_12' is clicked on

2018-06-10 21:48:46 - [TEST_STEP][PASSED] - click: Object: 'Object Repository/MOH AND GRN/Page_KDMC - CMS/input_btnadd' is clicked on

2018-06-10 21:48:46 - [MESSAGE][PASSED] - Object: 'Object Repository/MOH AND GRN/Page_KDMC - CMS/input_btnadd' is clicked on

2018-06-10 21:48:46 - [TEST_STEP][PASSED] - Statement - If (s == 10): null

2018-06-10 21:48:46 - [TEST_STEP][PASSED] - Statement - Else: null

2018-06-10 21:48:46 - [TEST_STEP][PASSED] - Statement - (s++): null

2018-06-10 21:48:46 - [TEST_STEP][PASSED] - delay: Delayed 1 second(s)

2018-06-10 21:48:47 - [MESSAGE][PASSED] - Delayed 1 second(s)

2018-06-10 21:48:47 - [TEST_STEP][PASSED] - selectOptionByIndex: All options with index in [10] are selected on object 'Object Repository/MOH AND GRN/Page_KDMC - CMS/select_--Select--Amikacin -500'

2018-06-10 21:48:48 - [MESSAGE][PASSED] - All options with index in [10] are selected on object 'Object Repository/MOH AND GRN/Page_KDMC - CMS/select_--Select--Amikacin -500'

2018-06-10 21:48:48 - [TEST_STEP][PASSED] - setText: Text '5000' is set on object 'Object Repository/MOH AND GRN/Page_KDMC - CMS/input_txtqty'

2018-06-10 21:48:48 - [MESSAGE][PASSED] - Text '5000' is set on object 'Object Repository/MOH AND GRN/Page_KDMC - CMS/input_txtqty'

2018-06-10 21:48:48 - [TEST_STEP][PASSED] - selectOptionByIndex: All options with index in [1] are selected on object 'Object Repository/MOH AND GRN/Page_KDMC - CMS/select_--Select--No Tax0'

2018-06-10 21:48:48 - [MESSAGE][PASSED] - All options with index in [1] are selected on object 'Object Repository/MOH AND GRN/Page_KDMC - CMS/select_--Select--No Tax0'

2018-06-10 21:48:48 - [TEST_STEP][PASSED] - setText: Finding Test Object with id 'Object Repository/MOH AND GRN/Page_KDMC - CMS/input_txtmrp'

2018-06-10 21:48:48 - [TEST_STEP][PASSED] - Statement - switch (id): Finding Test Object with id 'Object Repository/MOH AND GRN/Page_KDMC - CMS/input_txtdeal'

2018-06-10 21:48:48 - [TEST_STEP][PASSED] - Statement - case 4:: Text '16.0' is set on object 'Object Repository/MOH AND GRN/Page_KDMC - CMS/input_txtmrp'

2018-06-10 21:48:48 - [TEST_STEP][PASSED] - Statement - return (java.lang.Math.floor((java.lang.Math.random() * ((max - min) + 1))) + min): Text '16.0' is set on object 'Object Repository/MOH AND GRN/Page_KDMC - CMS/input_txtmrp'

2018-06-10 21:48:48 - [MESSAGE][PASSED] - Text '16.0' is set on object 'Object Repository/MOH AND GRN/Page_KDMC - CMS/input_txtmrp'

2018-06-10 21:48:48 - [TEST_STEP][PASSED] - setText: Finding Test Object with id 'Object Repository/MOH AND GRN/Page_KDMC - CMS/input_txtdeal'

2018-06-10 21:48:48 - [TEST_STEP][PASSED] - Statement - switch (id): Finding Test Object with id 'Object Repository/MOH AND GRN/Page_KDMC - CMS/input_txtbatchno'

2018-06-10 21:48:48 - [TEST_STEP][PASSED] - Statement - case 5:: Text '1.0' is set on object 'Object Repository/MOH AND GRN/Page_KDMC - CMS/input_txtdeal'

2018-06-10 21:48:48 - [TEST_STEP][PASSED] - Statement - return (java.lang.Math.floor((java.lang.Math.random() * ((max - min) + 1))) + min): Text '1.0' is set on object 'Object Repository/MOH AND GRN/Page_KDMC - CMS/input_txtdeal'

2018-06-10 21:48:48 - [MESSAGE][PASSED] - Text '1.0' is set on object 'Object Repository/MOH AND GRN/Page_KDMC - CMS/input_txtdeal'

2018-06-10 21:48:48 - [TEST_STEP][PASSED] - setText: Finding Test Object with id 'Object Repository/MOH AND GRN/Page_KDMC - CMS/input_txtbatchno'

2018-06-10 21:48:48 - [TEST_STEP][PASSED] - Statement - switch (id): Finding Test Object with id 'Object Repository/MOH AND GRN/Page_KDMC - CMS/input_txtmrp'

2018-06-10 21:48:48 - [TEST_STEP][PASSED] - Statement - case 1:: Text 'BA439.0' is set on object 'Object Repository/MOH AND GRN/Page_KDMC - CMS/input_txtbatchno'

2018-06-10 21:48:48 - [TEST_STEP][PASSED] - Statement - return (java.lang.Math.floor((java.lang.Math.random() * ((max - min) + 1))) + min): Text 'BA439.0' is set on object 'Object Repository/MOH AND GRN/Page_KDMC - CMS/input_txtbatchno'

2018-06-10 21:48:48 - [MESSAGE][PASSED] - Text 'BA439.0' is set on object 'Object Repository/MOH AND GRN/Page_KDMC - CMS/input_txtbatchno'

2018-06-10 21:48:48 - [TEST_STEP][PASSED] - rightClick: Object: 'Object Repository/GRN/Page_KDMC - CMS/input_txtexpdate' is right clicked on

2018-06-10 21:48:48 - [MESSAGE][PASSED] - Object: 'Object Repository/GRN/Page_KDMC - CMS/input_txtexpdate' is right clicked on

2018-06-10 21:48:48 - [TEST_STEP][PASSED] - selectOptionByIndex: All options with index in [10] are selected on object 'Object Repository/GRN/Page_KDMC - CMS/select_20182019202020212022202'

2018-06-10 21:48:49 - [MESSAGE][PASSED] - All options with index in [10] are selected on object 'Object Repository/GRN/Page_KDMC - CMS/select_20182019202020212022202'

2018-06-10 21:48:49 - [TEST_STEP][PASSED] - selectOptionByIndex: All options with index in [10] are selected on object 'Object Repository/GRN/Page_KDMC - CMS/select_JanFebMarAprMayJunJulAu'

2018-06-10 21:48:49 - [MESSAGE][PASSED] - All options with index in [10] are selected on object 'Object Repository/GRN/Page_KDMC - CMS/select_JanFebMarAprMayJunJulAu'

2018-06-10 21:48:49 - [TEST_STEP][PASSED] - click: Object: 'Object Repository/MOH AND GRN/Page_KDMC - CMS/a_12' is clicked on

2018-06-10 21:48:49 - [MESSAGE][PASSED] - Object: 'Object Repository/MOH AND GRN/Page_KDMC - CMS/a_12' is clicked on

2018-06-10 21:48:49 - [TEST_STEP][PASSED] - click: Object: 'Object Repository/MOH AND GRN/Page_KDMC - CMS/input_btnadd' is clicked on

2018-06-10 21:48:49 - [MESSAGE][PASSED] - Object: 'Object Repository/MOH AND GRN/Page_KDMC - CMS/input_btnadd' is clicked on

2018-06-10 21:48:49 - [TEST_STEP][PASSED] - Statement - If (s == 10): null

2018-06-10 21:48:49 - [TEST_STEP][PASSED] - Statement - s = 1: null

2018-06-10 21:48:49 - [TEST_STEP][PASSED] - delay: Delayed 1 second(s)

2018-06-10 21:48:50 - [MESSAGE][PASSED] - Delayed 1 second(s)

2018-06-10 21:48:50 - [TEST_STEP][PASSED] - selectOptionByIndex: All options with index in [11] are selected on object 'Object Repository/MOH AND GRN/Page_KDMC - CMS/select_--Select--Amikacin -500'

2018-06-10 21:48:50 - [MESSAGE][PASSED] - All options with index in [11] are selected on object 'Object Repository/MOH AND GRN/Page_KDMC - CMS/select_--Select--Amikacin -500'

2018-06-10 21:48:50 - [TEST_STEP][PASSED] - setText: Text '5000' is set on object 'Object Repository/MOH AND GRN/Page_KDMC - CMS/input_txtqty'

2018-06-10 21:48:50 - [MESSAGE][PASSED] - Text '5000' is set on object 'Object Repository/MOH AND GRN/Page_KDMC - CMS/input_txtqty'

2018-06-10 21:48:50 - [TEST_STEP][PASSED] - selectOptionByIndex: All options with index in [1] are selected on object 'Object Repository/MOH AND GRN/Page_KDMC - CMS/select_--Select--No Tax0'

2018-06-10 21:48:50 - [MESSAGE][PASSED] - All options with index in [1] are selected on object 'Object Repository/MOH AND GRN/Page_KDMC - CMS/select_--Select--No Tax0'

2018-06-10 21:48:50 - [TEST_STEP][PASSED] - setText: Finding Test Object with id 'Object Repository/MOH AND GRN/Page_KDMC - CMS/input_txtmrp'

2018-06-10 21:48:50 - [TEST_STEP][PASSED] - Statement - switch (id): Finding Test Object with id 'Object Repository/MOH AND GRN/Page_KDMC - CMS/input_txtdeal'

2018-06-10 21:48:50 - [TEST_STEP][PASSED] - Statement - case 4:: Text '41.0' is set on object 'Object Repository/MOH AND GRN/Page_KDMC - CMS/input_txtmrp'

2018-06-10 21:48:50 - [TEST_STEP][PASSED] - Statement - return (java.lang.Math.floor((java.lang.Math.random() * ((max - min) + 1))) + min): Text '41.0' is set on object 'Object Repository/MOH AND GRN/Page_KDMC - CMS/input_txtmrp'

2018-06-10 21:48:50 - [MESSAGE][PASSED] - Text '41.0' is set on object 'Object Repository/MOH AND GRN/Page_KDMC - CMS/input_txtmrp'

2018-06-10 21:48:50 - [TEST_STEP][PASSED] - setText: Finding Test Object with id 'Object Repository/MOH AND GRN/Page_KDMC - CMS/input_txtdeal'

2018-06-10 21:48:50 - [TEST_STEP][PASSED] - Statement - switch (id): Finding Test Object with id 'Object Repository/MOH AND GRN/Page_KDMC - CMS/input_txtbatchno'

2018-06-10 21:48:50 - [TEST_STEP][PASSED] - Statement - case 5:: Text '9.0' is set on object 'Object Repository/MOH AND GRN/Page_KDMC - CMS/input_txtdeal'

2018-06-10 21:48:50 - [TEST_STEP][PASSED] - Statement - return (java.lang.Math.floor((java.lang.Math.random() * ((max - min) + 1))) + min): Text '9.0' is set on object 'Object Repository/MOH AND GRN/Page_KDMC - CMS/input_txtdeal'

2018-06-10 21:48:51 - [MESSAGE][PASSED] - Text '9.0' is set on object 'Object Repository/MOH AND GRN/Page_KDMC - CMS/input_txtdeal'

2018-06-10 21:48:51 - [TEST_STEP][PASSED] - setText: Finding Test Object with id 'Object Repository/MOH AND GRN/Page_KDMC - CMS/input_txtbatchno'

2018-06-10 21:48:51 - [TEST_STEP][PASSED] - Statement - switch (id): Finding Test Object with id 'Object Repository/MOH AND GRN/Page_KDMC - CMS/input_txtmrp'

2018-06-10 21:48:51 - [TEST_STEP][PASSED] - Statement - case 1:: Text 'BA342.0' is set on object 'Object Repository/MOH AND GRN/Page_KDMC - CMS/input_txtbatchno'

2018-06-10 21:48:51 - [TEST_STEP][PASSED] - Statement - return (java.lang.Math.floor((java.lang.Math.random() * ((max - min) + 1))) + min): Text 'BA342.0' is set on object 'Object Repository/MOH AND GRN/Page_KDMC - CMS/input_txtbatchno'

2018-06-10 21:48:51 - [MESSAGE][PASSED] - Text 'BA342.0' is set on object 'Object Repository/MOH AND GRN/Page_KDMC - CMS/input_txtbatchno'

2018-06-10 21:48:51 - [TEST_STEP][PASSED] - rightClick: Object: 'Object Repository/GRN/Page_KDMC - CMS/input_txtexpdate' is right clicked on

2018-06-10 21:48:51 - [MESSAGE][PASSED] - Object: 'Object Repository/GRN/Page_KDMC - CMS/input_txtexpdate' is right clicked on

2018-06-10 21:48:51 - [TEST_STEP][PASSED] - selectOptionByIndex: All options with index in [1] are selected on object 'Object Repository/GRN/Page_KDMC - CMS/select_20182019202020212022202'

2018-06-10 21:48:51 - [MESSAGE][PASSED] - All options with index in [1] are selected on object 'Object Repository/GRN/Page_KDMC - CMS/select_20182019202020212022202'

2018-06-10 21:48:51 - [TEST_STEP][PASSED] - selectOptionByIndex: All options with index in [1] are selected on object 'Object Repository/GRN/Page_KDMC - CMS/select_JanFebMarAprMayJunJulAu'

2018-06-10 21:48:51 - [MESSAGE][PASSED] - All options with index in [1] are selected on object 'Object Repository/GRN/Page_KDMC - CMS/select_JanFebMarAprMayJunJulAu'

2018-06-10 21:48:51 - [TEST_STEP][PASSED] - click: Object: 'Object Repository/MOH AND GRN/Page_KDMC - CMS/a_12' is clicked on

2018-06-10 21:48:51 - [MESSAGE][PASSED] - Object: 'Object Repository/MOH AND GRN/Page_KDMC - CMS/a_12' is clicked on

2018-06-10 21:48:51 - [TEST_STEP][PASSED] - click: Object: 'Object Repository/MOH AND GRN/Page_KDMC - CMS/input_btnadd' is clicked on

2018-06-10 21:48:51 - [MESSAGE][PASSED] - Object: 'Object Repository/MOH AND GRN/Page_KDMC - CMS/input_btnadd' is clicked on

2018-06-10 21:48:51 - [TEST_STEP][PASSED] - Statement - If (s == 10): null

2018-06-10 21:48:51 - [TEST_STEP][PASSED] - Statement - Else: null

2018-06-10 21:48:51 - [TEST_STEP][PASSED] - Statement - (s++): null

2018-06-10 21:48:51 - [TEST_STEP][PASSED] - delay: Delayed 1 second(s)

2018-06-10 21:48:52 - [MESSAGE][PASSED] - Delayed 1 second(s)

2018-06-10 21:48:52 - [TEST_STEP][PASSED] - selectOptionByIndex: All options with index in [12] are selected on object 'Object Repository/MOH AND GRN/Page_KDMC - CMS/select_--Select--Amikacin -500'

2018-06-10 21:48:53 - [MESSAGE][PASSED] - All options with index in [12] are selected on object 'Object Repository/MOH AND GRN/Page_KDMC - CMS/select_--Select--Amikacin -500'

2018-06-10 21:48:53 - [TEST_STEP][PASSED] - setText: Text '5000' is set on object 'Object Repository/MOH AND GRN/Page_KDMC - CMS/input_txtqty'

2018-06-10 21:48:53 - [MESSAGE][PASSED] - Text '5000' is set on object 'Object Repository/MOH AND GRN/Page_KDMC - CMS/input_txtqty'

2018-06-10 21:48:53 - [TEST_STEP][PASSED] - selectOptionByIndex: All options with index in [1] are selected on object 'Object Repository/MOH AND GRN/Page_KDMC - CMS/select_--Select--No Tax0'

2018-06-10 21:48:53 - [MESSAGE][PASSED] - All options with index in [1] are selected on object 'Object Repository/MOH AND GRN/Page_KDMC - CMS/select_--Select--No Tax0'

2018-06-10 21:48:53 - [TEST_STEP][PASSED] - setText: Finding Test Object with id 'Object Repository/MOH AND GRN/Page_KDMC - CMS/input_txtmrp'

2018-06-10 21:48:53 - [TEST_STEP][PASSED] - Statement - switch (id): Finding Test Object with id 'Object Repository/MOH AND GRN/Page_KDMC - CMS/input_txtdeal'

2018-06-10 21:48:53 - [TEST_STEP][PASSED] - Statement - case 4:: Text '19.0' is set on object 'Object Repository/MOH AND GRN/Page_KDMC - CMS/input_txtmrp'

2018-06-10 21:48:53 - [TEST_STEP][PASSED] - Statement - return (java.lang.Math.floor((java.lang.Math.random() * ((max - min) + 1))) + min): Text '19.0' is set on object 'Object Repository/MOH AND GRN/Page_KDMC - CMS/input_txtmrp'

2018-06-10 21:48:53 - [MESSAGE][PASSED] - Text '19.0' is set on object 'Object Repository/MOH AND GRN/Page_KDMC - CMS/input_txtmrp'

2018-06-10 21:48:53 - [TEST_STEP][PASSED] - setText: Finding Test Object with id 'Object Repository/MOH AND GRN/Page_KDMC - CMS/input_txtdeal'

2018-06-10 21:48:53 - [TEST_STEP][PASSED] - Statement - switch (id): Finding Test Object with id 'Object Repository/MOH AND GRN/Page_KDMC - CMS/input_txtbatchno'

2018-06-10 21:48:53 - [TEST_STEP][PASSED] - Statement - case 5:: Text '9.0' is set on object 'Object Repository/MOH AND GRN/Page_KDMC - CMS/input_txtdeal'

2018-06-10 21:48:53 - [TEST_STEP][PASSED] - Statement - return (java.lang.Math.floor((java.lang.Math.random() * ((max - min) + 1))) + min): Text '9.0' is set on object 'Object Repository/MOH AND GRN/Page_KDMC - CMS/input_txtdeal'

2018-06-10 21:48:53 - [MESSAGE][PASSED] - Text '9.0' is set on object 'Object Repository/MOH AND GRN/Page_KDMC - CMS/input_txtdeal'

2018-06-10 21:48:53 - [TEST_STEP][PASSED] - setText: Finding Test Object with id 'Object Repository/MOH AND GRN/Page_KDMC - CMS/input_txtbatchno'

2018-06-10 21:48:53 - [TEST_STEP][PASSED] - Statement - switch (id): Finding Test Object with id 'Object Repository/MOH AND GRN/Page_KDMC - CMS/input_txtmrp'

2018-06-10 21:48:53 - [TEST_STEP][PASSED] - Statement - case 1:: Text 'BA685.0' is set on object 'Object Repository/MOH AND GRN/Page_KDMC - CMS/input_txtbatchno'

2018-06-10 21:48:53 - [TEST_STEP][PASSED] - Statement - return (java.lang.Math.floor((java.lang.Math.random() * ((max - min) + 1))) + min): Text 'BA685.0' is set on object 'Object Repository/MOH AND GRN/Page_KDMC - CMS/input_txtbatchno'

2018-06-10 21:48:53 - [MESSAGE][PASSED] - Text 'BA685.0' is set on object 'Object Repository/MOH AND GRN/Page_KDMC - CMS/input_txtbatchno'

2018-06-10 21:48:53 - [TEST_STEP][PASSED] - rightClick: Object: 'Object Repository/GRN/Page_KDMC - CMS/input_txtexpdate' is right clicked on

2018-06-10 21:48:53 - [MESSAGE][PASSED] - Object: 'Object Repository/GRN/Page_KDMC - CMS/input_txtexpdate' is right clicked on

2018-06-10 21:48:53 - [TEST_STEP][PASSED] - selectOptionByIndex: All options with index in [2] are selected on object 'Object Repository/GRN/Page_KDMC - CMS/select_20182019202020212022202'

2018-06-10 21:48:53 - [MESSAGE][PASSED] - All options with index in [2] are selected on object 'Object Repository/GRN/Page_KDMC - CMS/select_20182019202020212022202'

2018-06-10 21:48:53 - [TEST_STEP][PASSED] - selectOptionByIndex: All options with index in [2] are selected on object 'Object Repository/GRN/Page_KDMC - CMS/select_JanFebMarAprMayJunJulAu'

2018-06-10 21:48:53 - [MESSAGE][PASSED] - All options with index in [2] are selected on object 'Object Repository/GRN/Page_KDMC - CMS/select_JanFebMarAprMayJunJulAu'

2018-06-10 21:48:53 - [TEST_STEP][PASSED] - click: Object: 'Object Repository/MOH AND GRN/Page_KDMC - CMS/a_12' is clicked on

2018-06-10 21:48:54 - [MESSAGE][PASSED] - Object: 'Object Repository/MOH AND GRN/Page_KDMC - CMS/a_12' is clicked on

2018-06-10 21:48:54 - [TEST_STEP][PASSED] - click: Object: 'Object Repository/MOH AND GRN/Page_KDMC - CMS/input_btnadd' is clicked on

2018-06-10 21:48:54 - [MESSAGE][PASSED] - Object: 'Object Repository/MOH AND GRN/Page_KDMC - CMS/input_btnadd' is clicked on

2018-06-10 21:48:54 - [TEST_STEP][PASSED] - Statement - If (s == 10): null

2018-06-10 21:48:54 - [TEST_STEP][PASSED] - Statement - Else: null

2018-06-10 21:48:54 - [TEST_STEP][PASSED] - Statement - (s++): null

2018-06-10 21:48:54 - [TEST_STEP][PASSED] - delay: Delayed 1 second(s)

2018-06-10 21:48:55 - [MESSAGE][PASSED] - Delayed 1 second(s)

2018-06-10 21:48:55 - [TEST_STEP][PASSED] - selectOptionByIndex: All options with index in [13] are selected on object 'Object Repository/MOH AND GRN/Page_KDMC - CMS/select_--Select--Amikacin -500'

2018-06-10 21:48:55 - [MESSAGE][PASSED] - All options with index in [13] are selected on object 'Object Repository/MOH AND GRN/Page_KDMC - CMS/select_--Select--Amikacin -500'

2018-06-10 21:48:55 - [TEST_STEP][PASSED] - setText: Text '5000' is set on object 'Object Repository/MOH AND GRN/Page_KDMC - CMS/input_txtqty'

2018-06-10 21:48:55 - [MESSAGE][PASSED] - Text '5000' is set on object 'Object Repository/MOH AND GRN/Page_KDMC - CMS/input_txtqty'

2018-06-10 21:48:55 - [TEST_STEP][PASSED] - selectOptionByIndex: All options with index in [1] are selected on object 'Object Repository/MOH AND GRN/Page_KDMC - CMS/select_--Select--No Tax0'

2018-06-10 21:48:55 - [MESSAGE][PASSED] - All options with index in [1] are selected on object 'Object Repository/MOH AND GRN/Page_KDMC - CMS/select_--Select--No Tax0'

2018-06-10 21:48:55 - [TEST_STEP][PASSED] - setText: Finding Test Object with id 'Object Repository/MOH AND GRN/Page_KDMC - CMS/input_txtmrp'

2018-06-10 21:48:55 - [TEST_STEP][PASSED] - Statement - switch (id): Finding Test Object with id 'Object Repository/MOH AND GRN/Page_KDMC - CMS/input_txtdeal'

2018-06-10 21:48:55 - [TEST_STEP][PASSED] - Statement - case 4:: Text '31.0' is set on object 'Object Repository/MOH AND GRN/Page_KDMC - CMS/input_txtmrp'

2018-06-10 21:48:55 - [TEST_STEP][PASSED] - Statement - return (java.lang.Math.floor((java.lang.Math.random() * ((max - min) + 1))) + min): Text '31.0' is set on object 'Object Repository/MOH AND GRN/Page_KDMC - CMS/input_txtmrp'

2018-06-10 21:48:55 - [MESSAGE][PASSED] - Text '31.0' is set on object 'Object Repository/MOH AND GRN/Page_KDMC - CMS/input_txtmrp'

2018-06-10 21:48:55 - [TEST_STEP][PASSED] - setText: Finding Test Object with id 'Object Repository/MOH AND GRN/Page_KDMC - CMS/input_txtdeal'

2018-06-10 21:48:55 - [TEST_STEP][PASSED] - Statement - switch (id): Finding Test Object with id 'Object Repository/MOH AND GRN/Page_KDMC - CMS/input_txtbatchno'

2018-06-10 21:48:55 - [TEST_STEP][PASSED] - Statement - case 5:: Text '7.0' is set on object 'Object Repository/MOH AND GRN/Page_KDMC - CMS/input_txtdeal'

2018-06-10 21:48:55 - [TEST_STEP][PASSED] - Statement - return (java.lang.Math.floor((java.lang.Math.random() * ((max - min) + 1))) + min): Text '7.0' is set on object 'Object Repository/MOH AND GRN/Page_KDMC - CMS/input_txtdeal'

2018-06-10 21:48:55 - [MESSAGE][PASSED] - Text '7.0' is set on object 'Object Repository/MOH AND GRN/Page_KDMC - CMS/input_txtdeal'

2018-06-10 21:48:55 - [TEST_STEP][PASSED] - setText: Finding Test Object with id 'Object Repository/MOH AND GRN/Page_KDMC - CMS/input_txtbatchno'

2018-06-10 21:48:55 - [TEST_STEP][PASSED] - Statement - switch (id): Finding Test Object with id 'Object Repository/MOH AND GRN/Page_KDMC - CMS/input_txtmrp'

2018-06-10 21:48:55 - [TEST_STEP][PASSED] - Statement - case 1:: Text 'BA578.0' is set on object 'Object Repository/MOH AND GRN/Page_KDMC - CMS/input_txtbatchno'

2018-06-10 21:48:55 - [TEST_STEP][PASSED] - Statement - return (java.lang.Math.floor((java.lang.Math.random() * ((max - min) + 1))) + min): Text 'BA578.0' is set on object 'Object Repository/MOH AND GRN/Page_KDMC - CMS/input_txtbatchno'

2018-06-10 21:48:55 - [MESSAGE][PASSED] - Text 'BA578.0' is set on object 'Object Repository/MOH AND GRN/Page_KDMC - CMS/input_txtbatchno'

2018-06-10 21:48:55 - [TEST_STEP][PASSED] - rightClick: Object: 'Object Repository/GRN/Page_KDMC - CMS/input_txtexpdate' is right clicked on

2018-06-10 21:48:56 - [MESSAGE][PASSED] - Object: 'Object Repository/GRN/Page_KDMC - CMS/input_txtexpdate' is right clicked on

2018-06-10 21:48:56 - [TEST_STEP][PASSED] - selectOptionByIndex: All options with index in [3] are selected on object 'Object Repository/GRN/Page_KDMC - CMS/select_20182019202020212022202'

2018-06-10 21:48:56 - [MESSAGE][PASSED] - All options with index in [3] are selected on object 'Object Repository/GRN/Page_KDMC - CMS/select_20182019202020212022202'

2018-06-10 21:48:56 - [TEST_STEP][PASSED] - selectOptionByIndex: All options with index in [3] are selected on object 'Object Repository/GRN/Page_KDMC - CMS/select_JanFebMarAprMayJunJulAu'

2018-06-10 21:48:56 - [MESSAGE][PASSED] - All options with index in [3] are selected on object 'Object Repository/GRN/Page_KDMC - CMS/select_JanFebMarAprMayJunJulAu'

2018-06-10 21:48:56 - [TEST_STEP][PASSED] - click: Object: 'Object Repository/MOH AND GRN/Page_KDMC - CMS/a_12' is clicked on

2018-06-10 21:48:56 - [MESSAGE][PASSED] - Object: 'Object Repository/MOH AND GRN/Page_KDMC - CMS/a_12' is clicked on

2018-06-10 21:48:56 - [TEST_STEP][PASSED] - click: Object: 'Object Repository/MOH AND GRN/Page_KDMC - CMS/input_btnadd' is clicked on

2018-06-10 21:48:56 - [MESSAGE][PASSED] - Object: 'Object Repository/MOH AND GRN/Page_KDMC - CMS/input_btnadd' is clicked on

2018-06-10 21:48:56 - [TEST_STEP][PASSED] - Statement - If (s == 10): null

2018-06-10 21:48:56 - [TEST_STEP][PASSED] - Statement - Else: null

2018-06-10 21:48:56 - [TEST_STEP][PASSED] - Statement - (s++): null

2018-06-10 21:48:56 - [TEST_STEP][PASSED] - delay: Delayed 1 second(s)

2018-06-10 21:48:57 - [MESSAGE][PASSED] - Delayed 1 second(s)

2018-06-10 21:48:57 - [TEST_STEP][PASSED] - selectOptionByIndex: All options with index in [14] are selected on object 'Object Repository/MOH AND GRN/Page_KDMC - CMS/select_--Select--Amikacin -500'

2018-06-10 21:48:57 - [MESSAGE][PASSED] - All options with index in [14] are selected on object 'Object Repository/MOH AND GRN/Page_KDMC - CMS/select_--Select--Amikacin -500'

2018-06-10 21:48:57 - [TEST_STEP][PASSED] - setText: Text '5000' is set on object 'Object Repository/MOH AND GRN/Page_KDMC - CMS/input_txtqty'

2018-06-10 21:48:57 - [MESSAGE][PASSED] - Text '5000' is set on object 'Object Repository/MOH AND GRN/Page_KDMC - CMS/input_txtqty'

2018-06-10 21:48:57 - [TEST_STEP][PASSED] - selectOptionByIndex: All options with index in [1] are selected on object 'Object Repository/MOH AND GRN/Page_KDMC - CMS/select_--Select--No Tax0'

2018-06-10 21:48:58 - [MESSAGE][PASSED] - All options with index in [1] are selected on object 'Object Repository/MOH AND GRN/Page_KDMC - CMS/select_--Select--No Tax0'

2018-06-10 21:48:58 - [TEST_STEP][PASSED] - setText: Finding Test Object with id 'Object Repository/MOH AND GRN/Page_KDMC - CMS/input_txtmrp'

2018-06-10 21:48:58 - [TEST_STEP][PASSED] - Statement - switch (id): Finding Test Object with id 'Object Repository/MOH AND GRN/Page_KDMC - CMS/input_txtdeal'

2018-06-10 21:48:58 - [TEST_STEP][PASSED] - Statement - case 4:: Text '45.0' is set on object 'Object Repository/MOH AND GRN/Page_KDMC - CMS/input_txtmrp'

2018-06-10 21:48:58 - [TEST_STEP][PASSED] - Statement - return (java.lang.Math.floor((java.lang.Math.random() * ((max - min) + 1))) + min): Text '45.0' is set on object 'Object Repository/MOH AND GRN/Page_KDMC - CMS/input_txtmrp'

2018-06-10 21:48:58 - [MESSAGE][PASSED] - Text '45.0' is set on object 'Object Repository/MOH AND GRN/Page_KDMC - CMS/input_txtmrp'

2018-06-10 21:48:58 - [TEST_STEP][PASSED] - setText: Finding Test Object with id 'Object Repository/MOH AND GRN/Page_KDMC - CMS/input_txtdeal'

2018-06-10 21:48:58 - [TEST_STEP][PASSED] - Statement - switch (id): Finding Test Object with id 'Object Repository/MOH AND GRN/Page_KDMC - CMS/input_txtbatchno'

2018-06-10 21:48:58 - [TEST_STEP][PASSED] - Statement - case 5:: Text '2.0' is set on object 'Object Repository/MOH AND GRN/Page_KDMC - CMS/input_txtdeal'

2018-06-10 21:48:58 - [TEST_STEP][PASSED] - Statement - return (java.lang.Math.floor((java.lang.Math.random() * ((max - min) + 1))) + min): Text '2.0' is set on object 'Object Repository/MOH AND GRN/Page_KDMC - CMS/input_txtdeal'

2018-06-10 21:48:58 - [MESSAGE][PASSED] - Text '2.0' is set on object 'Object Repository/MOH AND GRN/Page_KDMC - CMS/input_txtdeal'

2018-06-10 21:48:58 - [TEST_STEP][PASSED] - setText: Finding Test Object with id 'Object Repository/MOH AND GRN/Page_KDMC - CMS/input_txtbatchno'

2018-06-10 21:48:58 - [TEST_STEP][PASSED] - Statement - switch (id): Finding Test Object with id 'Object Repository/MOH AND GRN/Page_KDMC - CMS/input_txtmrp'

2018-06-10 21:48:58 - [TEST_STEP][PASSED] - Statement - case 1:: Text 'BA646.0' is set on object 'Object Repository/MOH AND GRN/Page_KDMC - CMS/input_txtbatchno'

2018-06-10 21:48:58 - [TEST_STEP][PASSED] - Statement - return (java.lang.Math.floor((java.lang.Math.random() * ((max - min) + 1))) + min): Text 'BA646.0' is set on object 'Object Repository/MOH AND GRN/Page_KDMC - CMS/input_txtbatchno'

2018-06-10 21:48:58 - [MESSAGE][PASSED] - Text 'BA646.0' is set on object 'Object Repository/MOH AND GRN/Page_KDMC - CMS/input_txtbatchno'

2018-06-10 21:48:58 - [TEST_STEP][PASSED] - rightClick: Object: 'Object Repository/GRN/Page_KDMC - CMS/input_txtexpdate' is right clicked on

2018-06-10 21:48:58 - [MESSAGE][PASSED] - Object: 'Object Repository/GRN/Page_KDMC - CMS/input_txtexpdate' is right clicked on

2018-06-10 21:48:58 - [TEST_STEP][PASSED] - selectOptionByIndex: All options with index in [4] are selected on object 'Object Repository/GRN/Page_KDMC - CMS/select_20182019202020212022202'

2018-06-10 21:48:58 - [MESSAGE][PASSED] - All options with index in [4] are selected on object 'Object Repository/GRN/Page_KDMC - CMS/select_20182019202020212022202'

2018-06-10 21:48:58 - [TEST_STEP][PASSED] - selectOptionByIndex: All options with index in [4] are selected on object 'Object Repository/GRN/Page_KDMC - CMS/select_JanFebMarAprMayJunJulAu'

2018-06-10 21:48:58 - [MESSAGE][PASSED] - All options with index in [4] are selected on object 'Object Repository/GRN/Page_KDMC - CMS/select_JanFebMarAprMayJunJulAu'

2018-06-10 21:48:58 - [TEST_STEP][PASSED] - click: Object: 'Object Repository/MOH AND GRN/Page_KDMC - CMS/a_12' is clicked on

2018-06-10 21:48:58 - [MESSAGE][PASSED] - Object: 'Object Repository/MOH AND GRN/Page_KDMC - CMS/a_12' is clicked on

2018-06-10 21:48:58 - [TEST_STEP][PASSED] - click: Object: 'Object Repository/MOH AND GRN/Page_KDMC - CMS/input_btnadd' is clicked on

2018-06-10 21:48:58 - [MESSAGE][PASSED] - Object: 'Object Repository/MOH AND GRN/Page_KDMC - CMS/input_btnadd' is clicked on

2018-06-10 21:48:58 - [TEST_STEP][PASSED] - Statement - If (s == 10): null

2018-06-10 21:48:58 - [TEST_STEP][PASSED] - Statement - Else: null

2018-06-10 21:48:58 - [TEST_STEP][PASSED] - Statement - (s++): null

2018-06-10 21:48:58 - [TEST_STEP][PASSED] - delay: Delayed 1 second(s)

2018-06-10 21:48:59 - [MESSAGE][PASSED] - Delayed 1 second(s)

2018-06-10 21:48:59 - [TEST_STEP][PASSED] - selectOptionByIndex: All options with index in [15] are selected on object 'Object Repository/MOH AND GRN/Page_KDMC - CMS/select_--Select--Amikacin -500'

2018-06-10 21:49:00 - [MESSAGE][PASSED] - All options with index in [15] are selected on object 'Object Repository/MOH AND GRN/Page_KDMC - CMS/select_--Select--Amikacin -500'

2018-06-10 21:49:00 - [TEST_STEP][PASSED] - setText: Text '5000' is set on object 'Object Repository/MOH AND GRN/Page_KDMC - CMS/input_txtqty'

2018-06-10 21:49:00 - [MESSAGE][PASSED] - Text '5000' is set on object 'Object Repository/MOH AND GRN/Page_KDMC - CMS/input_txtqty'

2018-06-10 21:49:00 - [TEST_STEP][PASSED] - selectOptionByIndex: All options with index in [1] are selected on object 'Object Repository/MOH AND GRN/Page_KDMC - CMS/select_--Select--No Tax0'

2018-06-10 21:49:00 - [MESSAGE][PASSED] - All options with index in [1] are selected on object 'Object Repository/MOH AND GRN/Page_KDMC - CMS/select_--Select--No Tax0'

2018-06-10 21:49:00 - [TEST_STEP][PASSED] - setText: Finding Test Object with id 'Object Repository/MOH AND GRN/Page_KDMC - CMS/input_txtmrp'

2018-06-10 21:49:00 - [TEST_STEP][PASSED] - Statement - switch (id): Finding Test Object with id 'Object Repository/MOH AND GRN/Page_KDMC - CMS/input_txtdeal'

2018-06-10 21:49:00 - [TEST_STEP][PASSED] - Statement - case 4:: Text '21.0' is set on object 'Object Repository/MOH AND GRN/Page_KDMC - CMS/input_txtmrp'

2018-06-10 21:49:00 - [TEST_STEP][PASSED] - Statement - return (java.lang.Math.floor((java.lang.Math.random() * ((max - min) + 1))) + min): Text '21.0' is set on object 'Object Repository/MOH AND GRN/Page_KDMC - CMS/input_txtmrp'

2018-06-10 21:49:00 - [MESSAGE][PASSED] - Text '21.0' is set on object 'Object Repository/MOH AND GRN/Page_KDMC - CMS/input_txtmrp'

2018-06-10 21:49:00 - [TEST_STEP][PASSED] - setText: Finding Test Object with id 'Object Repository/MOH AND GRN/Page_KDMC - CMS/input_txtdeal'

2018-06-10 21:49:00 - [TEST_STEP][PASSED] - Statement - switch (id): Finding Test Object with id 'Object Repository/MOH AND GRN/Page_KDMC - CMS/input_txtbatchno'

2018-06-10 21:49:00 - [TEST_STEP][PASSED] - Statement - case 5:: Text '12.0' is set on object 'Object Repository/MOH AND GRN/Page_KDMC - CMS/input_txtdeal'

2018-06-10 21:49:00 - [TEST_STEP][PASSED] - Statement - return (java.lang.Math.floor((java.lang.Math.random() * ((max - min) + 1))) + min): Text '12.0' is set on object 'Object Repository/MOH AND GRN/Page_KDMC - CMS/input_txtdeal'

2018-06-10 21:49:00 - [MESSAGE][PASSED] - Text '12.0' is set on object 'Object Repository/MOH AND GRN/Page_KDMC - CMS/input_txtdeal'

2018-06-10 21:49:00 - [TEST_STEP][PASSED] - setText: Finding Test Object with id 'Object Repository/MOH AND GRN/Page_KDMC - CMS/input_txtbatchno'

2018-06-10 21:49:00 - [TEST_STEP][PASSED] - Statement - switch (id): Delayed 1 second(s)

2018-06-10 21:49:00 - [TEST_STEP][PASSED] - Statement - case 1:: Text 'BA65.0' is set on object 'Object Repository/MOH AND GRN/Page_KDMC - CMS/input_txtbatchno'

2018-06-10 21:49:00 - [TEST_STEP][PASSED] - Statement - return (java.lang.Math.floor((java.lang.Math.random() * ((max - min) + 1))) + min): Text 'BA65.0' is set on object 'Object Repository/MOH AND GRN/Page_KDMC - CMS/input_txtbatchno'

2018-06-10 21:49:00 - [MESSAGE][PASSED] - Text 'BA65.0' is set on object 'Object Repository/MOH AND GRN/Page_KDMC - CMS/input_txtbatchno'

2018-06-10 21:49:00 - [TEST_STEP][PASSED] - rightClick: Object: 'Object Repository/GRN/Page_KDMC - CMS/input_txtexpdate' is right clicked on

2018-06-10 21:49:00 - [MESSAGE][PASSED] - Object: 'Object Repository/GRN/Page_KDMC - CMS/input_txtexpdate' is right clicked on

2018-06-10 21:49:00 - [TEST_STEP][PASSED] - selectOptionByIndex: All options with index in [5] are selected on object 'Object Repository/GRN/Page_KDMC - CMS/select_20182019202020212022202'

2018-06-10 21:49:01 - [MESSAGE][PASSED] - All options with index in [5] are selected on object 'Object Repository/GRN/Page_KDMC - CMS/select_20182019202020212022202'

2018-06-10 21:49:01 - [TEST_STEP][PASSED] - selectOptionByIndex: All options with index in [5] are selected on object 'Object Repository/GRN/Page_KDMC - CMS/select_JanFebMarAprMayJunJulAu'

2018-06-10 21:49:01 - [MESSAGE][PASSED] - All options with index in [5] are selected on object 'Object Repository/GRN/Page_KDMC - CMS/select_JanFebMarAprMayJunJulAu'

2018-06-10 21:49:01 - [TEST_STEP][PASSED] - click: Object: 'Object Repository/MOH AND GRN/Page_KDMC - CMS/a_12' is clicked on

2018-06-10 21:49:01 - [MESSAGE][PASSED] - Object: 'Object Repository/MOH AND GRN/Page_KDMC - CMS/a_12' is clicked on

2018-06-10 21:49:01 - [TEST_STEP][PASSED] - click: Object: 'Object Repository/MOH AND GRN/Page_KDMC - CMS/input_btnadd' is clicked on

2018-06-10 21:49:01 - [MESSAGE][PASSED] - Object: 'Object Repository/MOH AND GRN/Page_KDMC - CMS/input_btnadd' is clicked on

2018-06-10 21:49:01 - [TEST_STEP][PASSED] - Statement - If (s == 10): null

2018-06-10 21:49:01 - [TEST_STEP][PASSED] - Statement - Else: null

2018-06-10 21:49:01 - [TEST_STEP][PASSED] - Statement - (s++): null

2018-06-10 21:49:01 - [TEST_STEP][PASSED] - delay: Delayed 1 second(s)

2018-06-10 21:49:02 - [MESSAGE][PASSED] - Delayed 1 second(s)

2018-06-10 21:49:02 - [TEST_STEP][PASSED] - scrollToElement: Scroll to object 'Object Repository/MOH AND GRN/Page_KDMC - CMS/input_btnSubmit' successfully

2018-06-10 21:49:02 - [MESSAGE][PASSED] - Scroll to object 'Object Repository/MOH AND GRN/Page_KDMC - CMS/input_btnSubmit' successfully

2018-06-10 21:49:02 - [TEST_STEP][PASSED] - click: Object: 'Object Repository/MOH AND GRN/Page_KDMC - CMS/input_btnSubmit' is clicked on

2018-06-10 21:49:02 - [MESSAGE][PASSED] - Object: 'Object Repository/MOH AND GRN/Page_KDMC - CMS/input_btnSubmit' is clicked on

2018-06-10 21:49:02 - [TEST_STEP][PASSED] - delay: Delayed 3 second(s)

2018-06-10 21:49:05 - [MESSAGE][PASSED] - Delayed 3 second(s)

2018-06-10 21:49:05 - [TEST_STEP][PASSED] - click: Object: 'Object Repository/MOH AND GRN/Page_KDMC - CMS/button_OK' is clicked on

2018-06-10 21:49:05 - [MESSAGE][PASSED] - Object: 'Object Repository/MOH AND GRN/Page_KDMC - CMS/button_OK' is clicked on

2018-06-10 21:49:05 - [TEST_STEP][PASSED] - delay: Delayed 2 second(s)

2018-06-10 21:49:07 - [MESSAGE][PASSED] - Delayed 2 second(s)

2018-06-10 21:49:07 - [TEST_STEP][PASSED] - delay: Delayed 3 second(s)

2018-06-10 21:49:10 - [MESSAGE][PASSED] - Delayed 3 second(s)

2018-06-10 21:49:10 - [TEST_STEP][PASSED] - click: Object: 'Object Repository/MOH AND GRN/Page_KDMC - CMS/a_dropdown-toggle' is clicked on

2018-06-10 21:49:10 - [MESSAGE][PASSED] - Object: 'Object Repository/MOH AND GRN/Page_KDMC - CMS/a_dropdown-toggle' is clicked on

2018-06-10 21:49:10 - [TEST_STEP][PASSED] - click: Object: 'Object Repository/MOH AND GRN/Page_KDMC - CMS/a_Sign out' is clicked on

2018-06-10 21:49:11 - [MESSAGE][PASSED] - Object: 'Object Repository/MOH AND GRN/Page_KDMC - CMS/a_Sign out' is clicked on

2018-06-10 21:49:11 - [TEST_STEP][PASSED] - closeBrowser: Browser is closed

2018-06-10 21:49:11 - [MESSAGE][PASSED] - Browser is closed]]></system-out>
         <system-err><![CDATA[]]></system-err>
      </testcase>
      <testcase name="Test Cases/TEST/MOH REQUEST AND GRN/Moh Request GRN  Schedule 5" classname="Test Cases/TEST/MOH REQUEST AND GRN/Moh Request GRN  Schedule 5" status="PASSED">
         <system-out><![CDATA[2018-06-10 21:49:11 - [TEST_CASE][PASSED] - Test Cases/TEST/MOH REQUEST AND GRN/Moh Request GRN  Schedule 5: Test Cases/TEST/MOH REQUEST AND GRN/Moh Request GRN  Schedule 5

2018-06-10 21:49:12 - [TEST_STEP][PASSED] - openBrowser: Browser is opened with url: ''

2018-06-10 21:49:13 - [MESSAGE][PASSED] - Browser is opened with url: ''

2018-06-10 21:49:13 - [TEST_STEP][PASSED] - navigateToUrl: Navigate to 'http://192.168.137.1/multihospital_new/' successfully

2018-06-10 21:49:15 - [MESSAGE][PASSED] - Navigate to 'http://192.168.137.1/multihospital_new/' successfully

2018-06-10 21:49:15 - [TEST_STEP][PASSED] - maximizeWindow: Current window maximized

2018-06-10 21:49:16 - [MESSAGE][PASSED] - Current window maximized

2018-06-10 21:49:16 - [TEST_STEP][PASSED] - click: Object: 'Object Repository/MOH AND GRN/Page_KDMC/a_CMS' is clicked on

2018-06-10 21:49:17 - [MESSAGE][PASSED] - Object: 'Object Repository/MOH AND GRN/Page_KDMC/a_CMS' is clicked on

2018-06-10 21:49:17 - [TEST_STEP][PASSED] - setText: Text 'bala' is set on object 'Object Repository/MOH AND GRN/Page_CMS login/input_txtusername'

2018-06-10 21:49:17 - [MESSAGE][PASSED] - Text 'bala' is set on object 'Object Repository/MOH AND GRN/Page_CMS login/input_txtusername'

2018-06-10 21:49:17 - [TEST_STEP][PASSED] - setText: Text '123' is set on object 'Object Repository/MOH AND GRN/Page_CMS login/input_txtpassword'

2018-06-10 21:49:17 - [MESSAGE][PASSED] - Text '123' is set on object 'Object Repository/MOH AND GRN/Page_CMS login/input_txtpassword'

2018-06-10 21:49:17 - [TEST_STEP][PASSED] - delay: Delayed 3 second(s)

2018-06-10 21:49:20 - [MESSAGE][PASSED] - Delayed 3 second(s)

2018-06-10 21:49:20 - [TEST_STEP][PASSED] - click: Object: 'Object Repository/MOH AND GRN/Page_CMS login/button_Sign in' is clicked on

2018-06-10 21:49:21 - [MESSAGE][PASSED] - Object: 'Object Repository/MOH AND GRN/Page_CMS login/button_Sign in' is clicked on

2018-06-10 21:49:21 - [TEST_STEP][PASSED] - click: Object: 'Object Repository/MOH AND GRN/Page_KDMC - CMS/a_Request to MOH' is clicked on

2018-06-10 21:49:22 - [MESSAGE][PASSED] - Object: 'Object Repository/MOH AND GRN/Page_KDMC - CMS/a_Request to MOH' is clicked on

2018-06-10 21:49:22 - [TEST_STEP][PASSED] - selectOptionByIndex: All options with index in [2] are selected on object 'Object Repository/MOH AND GRN/Page_KDMC - CMS/select_--Select--'

2018-06-10 21:49:22 - [MESSAGE][PASSED] - All options with index in [2] are selected on object 'Object Repository/MOH AND GRN/Page_KDMC - CMS/select_--Select--'

2018-06-10 21:49:22 - [TEST_STEP][PASSED] - selectOptionByIndex: All options with index in [5] are selected on object 'Object Repository/MOH AND GRN/Page_KDMC - CMS/select_--Select--Schedule 1Inj'

2018-06-10 21:49:22 - [MESSAGE][PASSED] - All options with index in [5] are selected on object 'Object Repository/MOH AND GRN/Page_KDMC - CMS/select_--Select--Schedule 1Inj'

2018-06-10 21:49:22 - [TEST_STEP][PASSED] - Statement - selectedoptions = com.kms.katalon.core.webui.keyword.WebUiBuiltInKeywords.getNumberOfTotalOption(com.kms.katalon.core.testobject.ObjectRepository.findTestObject(MOH AND GRN/Page_KDMC - CMS/select_--Select--Adernaline 0.)): 17 options of object 'Object Repository/MOH AND GRN/Page_KDMC - CMS/select_--Select--Adernaline 0.' counted

2018-06-10 21:49:22 - [MESSAGE][PASSED] - 17 options of object 'Object Repository/MOH AND GRN/Page_KDMC - CMS/select_--Select--Adernaline 0.' counted

2018-06-10 21:49:22 - [TEST_STEP][PASSED] - Statement - For ([j = 1, j <= selectedoptions - 1, (j++)]): Object: 'Object Repository/MOH AND GRN/Page_KDMC - CMS/button_Add' is clicked on

2018-06-10 21:49:22 - [TEST_STEP][PASSED] - selectOptionByIndex: All options with index in [5] are selected on object 'Object Repository/MOH AND GRN/Page_KDMC - CMS/select_--Select--Schedule 1Inj'

2018-06-10 21:49:23 - [MESSAGE][PASSED] - All options with index in [5] are selected on object 'Object Repository/MOH AND GRN/Page_KDMC - CMS/select_--Select--Schedule 1Inj'

2018-06-10 21:49:23 - [TEST_STEP][PASSED] - selectOptionByIndex: All options with index in [1] are selected on object 'Object Repository/MOH AND GRN/Page_KDMC - CMS/select_--Select--Adernaline 0.'

2018-06-10 21:49:23 - [MESSAGE][PASSED] - All options with index in [1] are selected on object 'Object Repository/MOH AND GRN/Page_KDMC - CMS/select_--Select--Adernaline 0.'

2018-06-10 21:49:23 - [TEST_STEP][PASSED] - setText: Text '5000' is set on object 'Object Repository/MOH AND GRN/Page_KDMC - CMS/input_txttreat'

2018-06-10 21:49:23 - [MESSAGE][PASSED] - Text '5000' is set on object 'Object Repository/MOH AND GRN/Page_KDMC - CMS/input_txttreat'

2018-06-10 21:49:23 - [TEST_STEP][PASSED] - click: Object: 'Object Repository/MOH AND GRN/Page_KDMC - CMS/button_Add' is clicked on

2018-06-10 21:49:23 - [MESSAGE][PASSED] - Object: 'Object Repository/MOH AND GRN/Page_KDMC - CMS/button_Add' is clicked on

2018-06-10 21:49:23 - [TEST_STEP][PASSED] - selectOptionByIndex: All options with index in [5] are selected on object 'Object Repository/MOH AND GRN/Page_KDMC - CMS/select_--Select--Schedule 1Inj'

2018-06-10 21:49:23 - [MESSAGE][PASSED] - All options with index in [5] are selected on object 'Object Repository/MOH AND GRN/Page_KDMC - CMS/select_--Select--Schedule 1Inj'

2018-06-10 21:49:23 - [TEST_STEP][PASSED] - selectOptionByIndex: All options with index in [2] are selected on object 'Object Repository/MOH AND GRN/Page_KDMC - CMS/select_--Select--Adernaline 0.'

2018-06-10 21:49:23 - [MESSAGE][PASSED] - All options with index in [2] are selected on object 'Object Repository/MOH AND GRN/Page_KDMC - CMS/select_--Select--Adernaline 0.'

2018-06-10 21:49:23 - [TEST_STEP][PASSED] - setText: Text '5000' is set on object 'Object Repository/MOH AND GRN/Page_KDMC - CMS/input_txttreat'

2018-06-10 21:49:23 - [MESSAGE][PASSED] - Text '5000' is set on object 'Object Repository/MOH AND GRN/Page_KDMC - CMS/input_txttreat'

2018-06-10 21:49:23 - [TEST_STEP][PASSED] - click: Object: 'Object Repository/MOH AND GRN/Page_KDMC - CMS/button_Add' is clicked on

2018-06-10 21:49:23 - [MESSAGE][PASSED] - Object: 'Object Repository/MOH AND GRN/Page_KDMC - CMS/button_Add' is clicked on

2018-06-10 21:49:23 - [TEST_STEP][PASSED] - selectOptionByIndex: All options with index in [5] are selected on object 'Object Repository/MOH AND GRN/Page_KDMC - CMS/select_--Select--Schedule 1Inj'

2018-06-10 21:49:24 - [MESSAGE][PASSED] - All options with index in [5] are selected on object 'Object Repository/MOH AND GRN/Page_KDMC - CMS/select_--Select--Schedule 1Inj'

2018-06-10 21:49:24 - [TEST_STEP][PASSED] - selectOptionByIndex: All options with index in [3] are selected on object 'Object Repository/MOH AND GRN/Page_KDMC - CMS/select_--Select--Adernaline 0.'

2018-06-10 21:49:24 - [MESSAGE][PASSED] - All options with index in [3] are selected on object 'Object Repository/MOH AND GRN/Page_KDMC - CMS/select_--Select--Adernaline 0.'

2018-06-10 21:49:24 - [TEST_STEP][PASSED] - setText: Text '5000' is set on object 'Object Repository/MOH AND GRN/Page_KDMC - CMS/input_txttreat'

2018-06-10 21:49:24 - [MESSAGE][PASSED] - Text '5000' is set on object 'Object Repository/MOH AND GRN/Page_KDMC - CMS/input_txttreat'

2018-06-10 21:49:24 - [TEST_STEP][PASSED] - click: Object: 'Object Repository/MOH AND GRN/Page_KDMC - CMS/button_Add' is clicked on

2018-06-10 21:49:24 - [MESSAGE][PASSED] - Object: 'Object Repository/MOH AND GRN/Page_KDMC - CMS/button_Add' is clicked on

2018-06-10 21:49:24 - [TEST_STEP][PASSED] - selectOptionByIndex: All options with index in [5] are selected on object 'Object Repository/MOH AND GRN/Page_KDMC - CMS/select_--Select--Schedule 1Inj'

2018-06-10 21:49:24 - [MESSAGE][PASSED] - All options with index in [5] are selected on object 'Object Repository/MOH AND GRN/Page_KDMC - CMS/select_--Select--Schedule 1Inj'

2018-06-10 21:49:24 - [TEST_STEP][PASSED] - selectOptionByIndex: All options with index in [4] are selected on object 'Object Repository/MOH AND GRN/Page_KDMC - CMS/select_--Select--Adernaline 0.'

2018-06-10 21:49:24 - [MESSAGE][PASSED] - All options with index in [4] are selected on object 'Object Repository/MOH AND GRN/Page_KDMC - CMS/select_--Select--Adernaline 0.'

2018-06-10 21:49:24 - [TEST_STEP][PASSED] - setText: Text '5000' is set on object 'Object Repository/MOH AND GRN/Page_KDMC - CMS/input_txttreat'

2018-06-10 21:49:24 - [MESSAGE][PASSED] - Text '5000' is set on object 'Object Repository/MOH AND GRN/Page_KDMC - CMS/input_txttreat'

2018-06-10 21:49:24 - [TEST_STEP][PASSED] - click: Object: 'Object Repository/MOH AND GRN/Page_KDMC - CMS/button_Add' is clicked on

2018-06-10 21:49:24 - [MESSAGE][PASSED] - Object: 'Object Repository/MOH AND GRN/Page_KDMC - CMS/button_Add' is clicked on

2018-06-10 21:49:24 - [TEST_STEP][PASSED] - selectOptionByIndex: All options with index in [5] are selected on object 'Object Repository/MOH AND GRN/Page_KDMC - CMS/select_--Select--Schedule 1Inj'

2018-06-10 21:49:24 - [MESSAGE][PASSED] - All options with index in [5] are selected on object 'Object Repository/MOH AND GRN/Page_KDMC - CMS/select_--Select--Schedule 1Inj'

2018-06-10 21:49:24 - [TEST_STEP][PASSED] - selectOptionByIndex: All options with index in [5] are selected on object 'Object Repository/MOH AND GRN/Page_KDMC - CMS/select_--Select--Adernaline 0.'

2018-06-10 21:49:25 - [MESSAGE][PASSED] - All options with index in [5] are selected on object 'Object Repository/MOH AND GRN/Page_KDMC - CMS/select_--Select--Adernaline 0.'

2018-06-10 21:49:25 - [TEST_STEP][PASSED] - setText: Text '5000' is set on object 'Object Repository/MOH AND GRN/Page_KDMC - CMS/input_txttreat'

2018-06-10 21:49:25 - [MESSAGE][PASSED] - Text '5000' is set on object 'Object Repository/MOH AND GRN/Page_KDMC - CMS/input_txttreat'

2018-06-10 21:49:25 - [TEST_STEP][PASSED] - click: Object: 'Object Repository/MOH AND GRN/Page_KDMC - CMS/button_Add' is clicked on

2018-06-10 21:49:25 - [MESSAGE][PASSED] - Object: 'Object Repository/MOH AND GRN/Page_KDMC - CMS/button_Add' is clicked on

2018-06-10 21:49:25 - [TEST_STEP][PASSED] - selectOptionByIndex: All options with index in [5] are selected on object 'Object Repository/MOH AND GRN/Page_KDMC - CMS/select_--Select--Schedule 1Inj'

2018-06-10 21:49:25 - [MESSAGE][PASSED] - All options with index in [5] are selected on object 'Object Repository/MOH AND GRN/Page_KDMC - CMS/select_--Select--Schedule 1Inj'

2018-06-10 21:49:25 - [TEST_STEP][PASSED] - selectOptionByIndex: All options with index in [6] are selected on object 'Object Repository/MOH AND GRN/Page_KDMC - CMS/select_--Select--Adernaline 0.'

2018-06-10 21:49:25 - [MESSAGE][PASSED] - All options with index in [6] are selected on object 'Object Repository/MOH AND GRN/Page_KDMC - CMS/select_--Select--Adernaline 0.'

2018-06-10 21:49:25 - [TEST_STEP][PASSED] - setText: Text '5000' is set on object 'Object Repository/MOH AND GRN/Page_KDMC - CMS/input_txttreat'

2018-06-10 21:49:25 - [MESSAGE][PASSED] - Text '5000' is set on object 'Object Repository/MOH AND GRN/Page_KDMC - CMS/input_txttreat'

2018-06-10 21:49:25 - [TEST_STEP][PASSED] - click: Object: 'Object Repository/MOH AND GRN/Page_KDMC - CMS/button_Add' is clicked on

2018-06-10 21:49:25 - [MESSAGE][PASSED] - Object: 'Object Repository/MOH AND GRN/Page_KDMC - CMS/button_Add' is clicked on

2018-06-10 21:49:25 - [TEST_STEP][PASSED] - selectOptionByIndex: All options with index in [5] are selected on object 'Object Repository/MOH AND GRN/Page_KDMC - CMS/select_--Select--Schedule 1Inj'

2018-06-10 21:49:25 - [MESSAGE][PASSED] - All options with index in [5] are selected on object 'Object Repository/MOH AND GRN/Page_KDMC - CMS/select_--Select--Schedule 1Inj'

2018-06-10 21:49:25 - [TEST_STEP][PASSED] - selectOptionByIndex: All options with index in [7] are selected on object 'Object Repository/MOH AND GRN/Page_KDMC - CMS/select_--Select--Adernaline 0.'

2018-06-10 21:49:26 - [MESSAGE][PASSED] - All options with index in [7] are selected on object 'Object Repository/MOH AND GRN/Page_KDMC - CMS/select_--Select--Adernaline 0.'

2018-06-10 21:49:26 - [TEST_STEP][PASSED] - setText: Text '5000' is set on object 'Object Repository/MOH AND GRN/Page_KDMC - CMS/input_txttreat'

2018-06-10 21:49:26 - [MESSAGE][PASSED] - Text '5000' is set on object 'Object Repository/MOH AND GRN/Page_KDMC - CMS/input_txttreat'

2018-06-10 21:49:26 - [TEST_STEP][PASSED] - click: Object: 'Object Repository/MOH AND GRN/Page_KDMC - CMS/button_Add' is clicked on

2018-06-10 21:49:26 - [MESSAGE][PASSED] - Object: 'Object Repository/MOH AND GRN/Page_KDMC - CMS/button_Add' is clicked on

2018-06-10 21:49:26 - [TEST_STEP][PASSED] - selectOptionByIndex: All options with index in [5] are selected on object 'Object Repository/MOH AND GRN/Page_KDMC - CMS/select_--Select--Schedule 1Inj'

2018-06-10 21:49:26 - [MESSAGE][PASSED] - All options with index in [5] are selected on object 'Object Repository/MOH AND GRN/Page_KDMC - CMS/select_--Select--Schedule 1Inj'

2018-06-10 21:49:26 - [TEST_STEP][PASSED] - selectOptionByIndex: All options with index in [8] are selected on object 'Object Repository/MOH AND GRN/Page_KDMC - CMS/select_--Select--Adernaline 0.'

2018-06-10 21:49:26 - [MESSAGE][PASSED] - All options with index in [8] are selected on object 'Object Repository/MOH AND GRN/Page_KDMC - CMS/select_--Select--Adernaline 0.'

2018-06-10 21:49:26 - [TEST_STEP][PASSED] - setText: Text '5000' is set on object 'Object Repository/MOH AND GRN/Page_KDMC - CMS/input_txttreat'

2018-06-10 21:49:26 - [MESSAGE][PASSED] - Text '5000' is set on object 'Object Repository/MOH AND GRN/Page_KDMC - CMS/input_txttreat'

2018-06-10 21:49:26 - [TEST_STEP][PASSED] - click: Object: 'Object Repository/MOH AND GRN/Page_KDMC - CMS/button_Add' is clicked on

2018-06-10 21:49:26 - [MESSAGE][PASSED] - Object: 'Object Repository/MOH AND GRN/Page_KDMC - CMS/button_Add' is clicked on

2018-06-10 21:49:26 - [TEST_STEP][PASSED] - selectOptionByIndex: All options with index in [5] are selected on object 'Object Repository/MOH AND GRN/Page_KDMC - CMS/select_--Select--Schedule 1Inj'

2018-06-10 21:49:26 - [MESSAGE][PASSED] - All options with index in [5] are selected on object 'Object Repository/MOH AND GRN/Page_KDMC - CMS/select_--Select--Schedule 1Inj'

2018-06-10 21:49:26 - [TEST_STEP][PASSED] - selectOptionByIndex: All options with index in [9] are selected on object 'Object Repository/MOH AND GRN/Page_KDMC - CMS/select_--Select--Adernaline 0.'

2018-06-10 21:49:27 - [MESSAGE][PASSED] - All options with index in [9] are selected on object 'Object Repository/MOH AND GRN/Page_KDMC - CMS/select_--Select--Adernaline 0.'

2018-06-10 21:49:27 - [TEST_STEP][PASSED] - setText: Text '5000' is set on object 'Object Repository/MOH AND GRN/Page_KDMC - CMS/input_txttreat'

2018-06-10 21:49:27 - [MESSAGE][PASSED] - Text '5000' is set on object 'Object Repository/MOH AND GRN/Page_KDMC - CMS/input_txttreat'

2018-06-10 21:49:27 - [TEST_STEP][PASSED] - click: Object: 'Object Repository/MOH AND GRN/Page_KDMC - CMS/button_Add' is clicked on

2018-06-10 21:49:27 - [MESSAGE][PASSED] - Object: 'Object Repository/MOH AND GRN/Page_KDMC - CMS/button_Add' is clicked on

2018-06-10 21:49:27 - [TEST_STEP][PASSED] - selectOptionByIndex: All options with index in [5] are selected on object 'Object Repository/MOH AND GRN/Page_KDMC - CMS/select_--Select--Schedule 1Inj'

2018-06-10 21:49:27 - [MESSAGE][PASSED] - All options with index in [5] are selected on object 'Object Repository/MOH AND GRN/Page_KDMC - CMS/select_--Select--Schedule 1Inj'

2018-06-10 21:49:27 - [TEST_STEP][PASSED] - selectOptionByIndex: All options with index in [10] are selected on object 'Object Repository/MOH AND GRN/Page_KDMC - CMS/select_--Select--Adernaline 0.'

2018-06-10 21:49:27 - [MESSAGE][PASSED] - All options with index in [10] are selected on object 'Object Repository/MOH AND GRN/Page_KDMC - CMS/select_--Select--Adernaline 0.'

2018-06-10 21:49:27 - [TEST_STEP][PASSED] - setText: Text '5000' is set on object 'Object Repository/MOH AND GRN/Page_KDMC - CMS/input_txttreat'

2018-06-10 21:49:27 - [MESSAGE][PASSED] - Text '5000' is set on object 'Object Repository/MOH AND GRN/Page_KDMC - CMS/input_txttreat'

2018-06-10 21:49:27 - [TEST_STEP][PASSED] - click: Object: 'Object Repository/MOH AND GRN/Page_KDMC - CMS/button_Add' is clicked on

2018-06-10 21:49:27 - [MESSAGE][PASSED] - Object: 'Object Repository/MOH AND GRN/Page_KDMC - CMS/button_Add' is clicked on

2018-06-10 21:49:27 - [TEST_STEP][PASSED] - selectOptionByIndex: All options with index in [5] are selected on object 'Object Repository/MOH AND GRN/Page_KDMC - CMS/select_--Select--Schedule 1Inj'

2018-06-10 21:49:27 - [MESSAGE][PASSED] - All options with index in [5] are selected on object 'Object Repository/MOH AND GRN/Page_KDMC - CMS/select_--Select--Schedule 1Inj'

2018-06-10 21:49:27 - [TEST_STEP][PASSED] - selectOptionByIndex: All options with index in [11] are selected on object 'Object Repository/MOH AND GRN/Page_KDMC - CMS/select_--Select--Adernaline 0.'

2018-06-10 21:49:28 - [MESSAGE][PASSED] - All options with index in [11] are selected on object 'Object Repository/MOH AND GRN/Page_KDMC - CMS/select_--Select--Adernaline 0.'

2018-06-10 21:49:28 - [TEST_STEP][PASSED] - setText: Text '5000' is set on object 'Object Repository/MOH AND GRN/Page_KDMC - CMS/input_txttreat'

2018-06-10 21:49:28 - [MESSAGE][PASSED] - Text '5000' is set on object 'Object Repository/MOH AND GRN/Page_KDMC - CMS/input_txttreat'

2018-06-10 21:49:28 - [TEST_STEP][PASSED] - click: Object: 'Object Repository/MOH AND GRN/Page_KDMC - CMS/button_Add' is clicked on

2018-06-10 21:49:28 - [MESSAGE][PASSED] - Object: 'Object Repository/MOH AND GRN/Page_KDMC - CMS/button_Add' is clicked on

2018-06-10 21:49:28 - [TEST_STEP][PASSED] - selectOptionByIndex: All options with index in [5] are selected on object 'Object Repository/MOH AND GRN/Page_KDMC - CMS/select_--Select--Schedule 1Inj'

2018-06-10 21:49:28 - [MESSAGE][PASSED] - All options with index in [5] are selected on object 'Object Repository/MOH AND GRN/Page_KDMC - CMS/select_--Select--Schedule 1Inj'

2018-06-10 21:49:28 - [TEST_STEP][PASSED] - selectOptionByIndex: All options with index in [12] are selected on object 'Object Repository/MOH AND GRN/Page_KDMC - CMS/select_--Select--Adernaline 0.'

2018-06-10 21:49:28 - [MESSAGE][PASSED] - All options with index in [12] are selected on object 'Object Repository/MOH AND GRN/Page_KDMC - CMS/select_--Select--Adernaline 0.'

2018-06-10 21:49:28 - [TEST_STEP][PASSED] - setText: Text '5000' is set on object 'Object Repository/MOH AND GRN/Page_KDMC - CMS/input_txttreat'

2018-06-10 21:49:28 - [MESSAGE][PASSED] - Text '5000' is set on object 'Object Repository/MOH AND GRN/Page_KDMC - CMS/input_txttreat'

2018-06-10 21:49:28 - [TEST_STEP][PASSED] - click: Object: 'Object Repository/MOH AND GRN/Page_KDMC - CMS/button_Add' is clicked on

2018-06-10 21:49:28 - [MESSAGE][PASSED] - Object: 'Object Repository/MOH AND GRN/Page_KDMC - CMS/button_Add' is clicked on

2018-06-10 21:49:28 - [TEST_STEP][PASSED] - selectOptionByIndex: All options with index in [5] are selected on object 'Object Repository/MOH AND GRN/Page_KDMC - CMS/select_--Select--Schedule 1Inj'

2018-06-10 21:49:28 - [MESSAGE][PASSED] - All options with index in [5] are selected on object 'Object Repository/MOH AND GRN/Page_KDMC - CMS/select_--Select--Schedule 1Inj'

2018-06-10 21:49:28 - [TEST_STEP][PASSED] - selectOptionByIndex: All options with index in [13] are selected on object 'Object Repository/MOH AND GRN/Page_KDMC - CMS/select_--Select--Adernaline 0.'

2018-06-10 21:49:29 - [MESSAGE][PASSED] - All options with index in [13] are selected on object 'Object Repository/MOH AND GRN/Page_KDMC - CMS/select_--Select--Adernaline 0.'

2018-06-10 21:49:29 - [TEST_STEP][PASSED] - setText: Text '5000' is set on object 'Object Repository/MOH AND GRN/Page_KDMC - CMS/input_txttreat'

2018-06-10 21:49:29 - [MESSAGE][PASSED] - Text '5000' is set on object 'Object Repository/MOH AND GRN/Page_KDMC - CMS/input_txttreat'

2018-06-10 21:49:29 - [TEST_STEP][PASSED] - click: Object: 'Object Repository/MOH AND GRN/Page_KDMC - CMS/button_Add' is clicked on

2018-06-10 21:49:29 - [MESSAGE][PASSED] - Object: 'Object Repository/MOH AND GRN/Page_KDMC - CMS/button_Add' is clicked on

2018-06-10 21:49:29 - [TEST_STEP][PASSED] - selectOptionByIndex: All options with index in [5] are selected on object 'Object Repository/MOH AND GRN/Page_KDMC - CMS/select_--Select--Schedule 1Inj'

2018-06-10 21:49:29 - [MESSAGE][PASSED] - All options with index in [5] are selected on object 'Object Repository/MOH AND GRN/Page_KDMC - CMS/select_--Select--Schedule 1Inj'

2018-06-10 21:49:29 - [TEST_STEP][PASSED] - selectOptionByIndex: All options with index in [14] are selected on object 'Object Repository/MOH AND GRN/Page_KDMC - CMS/select_--Select--Adernaline 0.'

2018-06-10 21:49:29 - [MESSAGE][PASSED] - All options with index in [14] are selected on object 'Object Repository/MOH AND GRN/Page_KDMC - CMS/select_--Select--Adernaline 0.'

2018-06-10 21:49:29 - [TEST_STEP][PASSED] - setText: Text '5000' is set on object 'Object Repository/MOH AND GRN/Page_KDMC - CMS/input_txttreat'

2018-06-10 21:49:29 - [MESSAGE][PASSED] - Text '5000' is set on object 'Object Repository/MOH AND GRN/Page_KDMC - CMS/input_txttreat'

2018-06-10 21:49:29 - [TEST_STEP][PASSED] - click: Object: 'Object Repository/MOH AND GRN/Page_KDMC - CMS/button_Add' is clicked on

2018-06-10 21:49:29 - [MESSAGE][PASSED] - Object: 'Object Repository/MOH AND GRN/Page_KDMC - CMS/button_Add' is clicked on

2018-06-10 21:49:29 - [TEST_STEP][PASSED] - selectOptionByIndex: All options with index in [5] are selected on object 'Object Repository/MOH AND GRN/Page_KDMC - CMS/select_--Select--Schedule 1Inj'

2018-06-10 21:49:30 - [MESSAGE][PASSED] - All options with index in [5] are selected on object 'Object Repository/MOH AND GRN/Page_KDMC - CMS/select_--Select--Schedule 1Inj'

2018-06-10 21:49:30 - [TEST_STEP][PASSED] - selectOptionByIndex: All options with index in [15] are selected on object 'Object Repository/MOH AND GRN/Page_KDMC - CMS/select_--Select--Adernaline 0.'

2018-06-10 21:49:30 - [MESSAGE][PASSED] - All options with index in [15] are selected on object 'Object Repository/MOH AND GRN/Page_KDMC - CMS/select_--Select--Adernaline 0.'

2018-06-10 21:49:30 - [TEST_STEP][PASSED] - setText: Text '5000' is set on object 'Object Repository/MOH AND GRN/Page_KDMC - CMS/input_txttreat'

2018-06-10 21:49:30 - [MESSAGE][PASSED] - Text '5000' is set on object 'Object Repository/MOH AND GRN/Page_KDMC - CMS/input_txttreat'

2018-06-10 21:49:30 - [TEST_STEP][PASSED] - click: Object: 'Object Repository/MOH AND GRN/Page_KDMC - CMS/button_Add' is clicked on

2018-06-10 21:49:30 - [MESSAGE][PASSED] - Object: 'Object Repository/MOH AND GRN/Page_KDMC - CMS/button_Add' is clicked on

2018-06-10 21:49:30 - [TEST_STEP][PASSED] - selectOptionByIndex: All options with index in [5] are selected on object 'Object Repository/MOH AND GRN/Page_KDMC - CMS/select_--Select--Schedule 1Inj'

2018-06-10 21:49:30 - [MESSAGE][PASSED] - All options with index in [5] are selected on object 'Object Repository/MOH AND GRN/Page_KDMC - CMS/select_--Select--Schedule 1Inj'

2018-06-10 21:49:30 - [TEST_STEP][PASSED] - selectOptionByIndex: All options with index in [16] are selected on object 'Object Repository/MOH AND GRN/Page_KDMC - CMS/select_--Select--Adernaline 0.'

2018-06-10 21:49:30 - [MESSAGE][PASSED] - All options with index in [16] are selected on object 'Object Repository/MOH AND GRN/Page_KDMC - CMS/select_--Select--Adernaline 0.'

2018-06-10 21:49:30 - [TEST_STEP][PASSED] - setText: Text '5000' is set on object 'Object Repository/MOH AND GRN/Page_KDMC - CMS/input_txttreat'

2018-06-10 21:49:31 - [MESSAGE][PASSED] - Text '5000' is set on object 'Object Repository/MOH AND GRN/Page_KDMC - CMS/input_txttreat'

2018-06-10 21:49:31 - [TEST_STEP][PASSED] - click: Object: 'Object Repository/MOH AND GRN/Page_KDMC - CMS/button_Add' is clicked on

2018-06-10 21:49:31 - [MESSAGE][PASSED] - Object: 'Object Repository/MOH AND GRN/Page_KDMC - CMS/button_Add' is clicked on

2018-06-10 21:49:31 - [TEST_STEP][PASSED] - scrollToElement: Scroll to object 'Object Repository/MOH AND GRN/Page_KDMC - CMS/input_btnsave' successfully

2018-06-10 21:49:31 - [MESSAGE][PASSED] - Scroll to object 'Object Repository/MOH AND GRN/Page_KDMC - CMS/input_btnsave' successfully

2018-06-10 21:49:31 - [TEST_STEP][PASSED] - click: Object: 'Object Repository/MOH AND GRN/Page_KDMC - CMS/input_btnsave' is clicked on

2018-06-10 21:49:31 - [MESSAGE][PASSED] - Object: 'Object Repository/MOH AND GRN/Page_KDMC - CMS/input_btnsave' is clicked on

2018-06-10 21:49:31 - [TEST_STEP][PASSED] - delay: Delayed 3 second(s)

2018-06-10 21:49:34 - [MESSAGE][PASSED] - Delayed 3 second(s)

2018-06-10 21:49:34 - [TEST_STEP][PASSED] - Statement - Request1 = com.kms.katalon.core.webui.keyword.WebUiBuiltInKeywords.getText(com.kms.katalon.core.testobject.ObjectRepository.findTestObject(MOH AND GRN/Page_KDMC - CMS/font_PRNO0505201876)): Text of object 'Object Repository/MOH AND GRN/Page_KDMC - CMS/font_PRNO0505201876' is: 'PRNO/10062018/361'

2018-06-10 21:49:34 - [MESSAGE][PASSED] - Text of object 'Object Repository/MOH AND GRN/Page_KDMC - CMS/font_PRNO0505201876' is: 'PRNO/10062018/361'

2018-06-10 21:49:34 - [TEST_STEP][PASSED] - Statement - out.println("Length OF The Medicine " + Request1): null

2018-06-10 21:49:34 - [TEST_STEP][PASSED] - Statement - RequestNUmber = Request1.split("/")[2].trim(): null

2018-06-10 21:49:34 - [TEST_STEP][PASSED] - Statement - out.println("ID IS " + RequestNUmber): null

2018-06-10 21:49:34 - [TEST_STEP][PASSED] - delay: Delayed 3 second(s)

2018-06-10 21:49:37 - [MESSAGE][PASSED] - Delayed 3 second(s)

2018-06-10 21:49:37 - [TEST_STEP][PASSED] - click: Object: 'Object Repository/MOH AND GRN/Page_KDMC - CMS/button_OK' is clicked on

2018-06-10 21:49:37 - [MESSAGE][PASSED] - Object: 'Object Repository/MOH AND GRN/Page_KDMC - CMS/button_OK' is clicked on

2018-06-10 21:49:37 - [TEST_STEP][PASSED] - click: Object: 'Object Repository/MOH AND GRN/Page_KDMC - CMS/a_dropdown-toggle' is clicked on

2018-06-10 21:49:39 - [MESSAGE][PASSED] - Object: 'Object Repository/MOH AND GRN/Page_KDMC - CMS/a_dropdown-toggle' is clicked on

2018-06-10 21:49:39 - [TEST_STEP][PASSED] - click: Object: 'Object Repository/MOH AND GRN/Page_KDMC - CMS/a_Sign out' is clicked on

2018-06-10 21:49:39 - [MESSAGE][PASSED] - Object: 'Object Repository/MOH AND GRN/Page_KDMC - CMS/a_Sign out' is clicked on

2018-06-10 21:49:39 - [TEST_STEP][PASSED] - delay: Delayed 4 second(s)

2018-06-10 21:49:43 - [MESSAGE][PASSED] - Delayed 4 second(s)

2018-06-10 21:49:43 - [TEST_STEP][PASSED] - click: Object: 'Object Repository/MOH AND GRN/Page_KDMC/a_Admin Master' is clicked on

2018-06-10 21:49:44 - [MESSAGE][PASSED] - Object: 'Object Repository/MOH AND GRN/Page_KDMC/a_Admin Master' is clicked on

2018-06-10 21:49:44 - [TEST_STEP][PASSED] - setText: Text 'admin' is set on object 'Object Repository/MOH AND GRN/Page_Admin login/input_txtusername'

2018-06-10 21:49:44 - [MESSAGE][PASSED] - Text 'admin' is set on object 'Object Repository/MOH AND GRN/Page_Admin login/input_txtusername'

2018-06-10 21:49:44 - [TEST_STEP][PASSED] - setText: Text 'admin123' is set on object 'Object Repository/MOH AND GRN/Page_Admin login/input_txtpassword'

2018-06-10 21:49:44 - [MESSAGE][PASSED] - Text 'admin123' is set on object 'Object Repository/MOH AND GRN/Page_Admin login/input_txtpassword'

2018-06-10 21:49:44 - [TEST_STEP][PASSED] - delay: Delayed 3 second(s)

2018-06-10 21:49:47 - [MESSAGE][PASSED] - Delayed 3 second(s)

2018-06-10 21:49:47 - [TEST_STEP][PASSED] - click: Object: 'Object Repository/MOH AND GRN/Page_Admin login/button_Sign in' is clicked on

2018-06-10 21:49:48 - [MESSAGE][PASSED] - Object: 'Object Repository/MOH AND GRN/Page_Admin login/button_Sign in' is clicked on

2018-06-10 21:49:48 - [TEST_STEP][PASSED] - delay: Delayed 20 second(s)

2018-06-10 21:50:08 - [MESSAGE][PASSED] - Delayed 20 second(s)

2018-06-10 21:50:08 - [TEST_STEP][PASSED] - scrollToPosition: Browser is scrolled to position x = 200, y = 200

2018-06-10 21:50:08 - [MESSAGE][PASSED] - Browser is scrolled to position x = 200, y = 200

2018-06-10 21:50:08 - [TEST_STEP][PASSED] - click: Object: 'Object Repository/MOH AND GRN/Page_KDMC/a_CMS_1' is clicked on

2018-06-10 21:50:08 - [MESSAGE][PASSED] - Object: 'Object Repository/MOH AND GRN/Page_KDMC/a_CMS_1' is clicked on

2018-06-10 21:50:08 - [TEST_STEP][PASSED] - click: Object: 'Object Repository/MOH AND GRN/Page_KDMC/a_Request List' is clicked on

2018-06-10 21:50:10 - [MESSAGE][PASSED] - Object: 'Object Repository/MOH AND GRN/Page_KDMC/a_Request List' is clicked on

2018-06-10 21:50:10 - [TEST_STEP][PASSED] - Statement - RequestNumberId = com.kms.katalon.core.webui.keyword.WebUiBuiltInKeywords.modifyObjectProperty(com.kms.katalon.core.testobject.ObjectRepository.findTestObject(MOH AND GRN/Page_KDMC - CMS/input_PO0032), "xpath", "equals", "//*[@id =" + RequestNUmber + "]", true): Modify property of object successfully

2018-06-10 21:50:10 - [MESSAGE][PASSED] - Modify property of object successfully

2018-06-10 21:50:10 - [TEST_STEP][PASSED] - click: Object: 'Object Repository/MOH AND GRN/Page_KDMC - CMS/input_PO0032' is clicked on

2018-06-10 21:50:10 - [MESSAGE][PASSED] - Object: 'Object Repository/MOH AND GRN/Page_KDMC - CMS/input_PO0032' is clicked on

2018-06-10 21:50:10 - [TEST_STEP][PASSED] - delay: Delayed 3 second(s)

2018-06-10 21:50:13 - [MESSAGE][PASSED] - Delayed 3 second(s)

2018-06-10 21:50:13 - [TEST_STEP][PASSED] - selectOptionByIndex: All options with index in [1] are selected on object 'Object Repository/MOH AND GRN/Page_KDMC/select_--Select--'

2018-06-10 21:50:13 - [MESSAGE][PASSED] - All options with index in [1] are selected on object 'Object Repository/MOH AND GRN/Page_KDMC/select_--Select--'

2018-06-10 21:50:13 - [TEST_STEP][PASSED] - click: Object: 'Object Repository/MOH AND GRN/Page_KDMC/input_btnupdate' is clicked on

2018-06-10 21:50:13 - [MESSAGE][PASSED] - Object: 'Object Repository/MOH AND GRN/Page_KDMC/input_btnupdate' is clicked on

2018-06-10 21:50:13 - [TEST_STEP][PASSED] - delay: Delayed 3 second(s)

2018-06-10 21:50:16 - [MESSAGE][PASSED] - Delayed 3 second(s)

2018-06-10 21:50:16 - [TEST_STEP][PASSED] - click: Object: 'Object Repository/MOH AND GRN/Page_KDMC/button_OK' is clicked on

2018-06-10 21:50:17 - [MESSAGE][PASSED] - Object: 'Object Repository/MOH AND GRN/Page_KDMC/button_OK' is clicked on

2018-06-10 21:50:17 - [TEST_STEP][PASSED] - delay: Delayed 3 second(s)

2018-06-10 21:50:20 - [MESSAGE][PASSED] - Delayed 3 second(s)

2018-06-10 21:50:20 - [TEST_STEP][PASSED] - scrollToPosition: Browser is scrolled to position x = 200, y = 200

2018-06-10 21:50:20 - [MESSAGE][PASSED] - Browser is scrolled to position x = 200, y = 200

2018-06-10 21:50:20 - [TEST_STEP][PASSED] - click: Object: 'Object Repository/MOH AND GRN/Page_KDMC/a_CMS_2' is clicked on

2018-06-10 21:50:20 - [MESSAGE][PASSED] - Object: 'Object Repository/MOH AND GRN/Page_KDMC/a_CMS_2' is clicked on

2018-06-10 21:50:20 - [TEST_STEP][PASSED] - delay: Delayed 2 second(s)

2018-06-10 21:50:22 - [MESSAGE][PASSED] - Delayed 2 second(s)

2018-06-10 21:50:22 - [TEST_STEP][PASSED] - click: Object: 'Object Repository/MOH AND GRN/Page_KDMC/a_Generate P.O' is clicked on

2018-06-10 21:50:23 - [MESSAGE][PASSED] - Object: 'Object Repository/MOH AND GRN/Page_KDMC/a_Generate P.O' is clicked on

2018-06-10 21:50:23 - [TEST_STEP][PASSED] - delay: Delayed 2 second(s)

2018-06-10 21:50:25 - [MESSAGE][PASSED] - Delayed 2 second(s)

2018-06-10 21:50:25 - [TEST_STEP][PASSED] - selectOptionByIndex: All options with index in [1] are selected on object 'Object Repository/MOH AND GRN/Page_KDMC/select_--Select--PRNO040520183'

2018-06-10 21:50:25 - [MESSAGE][PASSED] - All options with index in [1] are selected on object 'Object Repository/MOH AND GRN/Page_KDMC/select_--Select--PRNO040520183'

2018-06-10 21:50:25 - [TEST_STEP][PASSED] - selectOptionByIndex: All options with index in [7] are selected on object 'Object Repository/MOH AND GRN/Page_KDMC/select_--Select--Hamen Chandra'

2018-06-10 21:50:25 - [MESSAGE][PASSED] - All options with index in [7] are selected on object 'Object Repository/MOH AND GRN/Page_KDMC/select_--Select--Hamen Chandra'

2018-06-10 21:50:25 - [TEST_STEP][PASSED] - Statement - PONumber = com.kms.katalon.core.webui.keyword.WebUiBuiltInKeywords.getText(com.kms.katalon.core.testobject.ObjectRepository.findTestObject(MOH AND GRN/Page_KDMC/input_lblpono)).trim(): Text of object 'Object Repository/MOH AND GRN/Page_KDMC/input_lblpono' is: ''

2018-06-10 21:50:25 - [MESSAGE][PASSED] - Text of object 'Object Repository/MOH AND GRN/Page_KDMC/input_lblpono' is: ''

2018-06-10 21:50:25 - [TEST_STEP][PASSED] - Statement - PONumber1 = com.kms.katalon.core.webui.keyword.WebUiBuiltInKeywords.getAttribute(com.kms.katalon.core.testobject.ObjectRepository.findTestObject(MOH AND GRN/Page_KDMC/input_lblpono), "value").trim(): Attribute 'value' of object 'Object Repository/MOH AND GRN/Page_KDMC/input_lblpono' is: 'PO00212'

2018-06-10 21:50:25 - [MESSAGE][PASSED] - Attribute 'value' of object 'Object Repository/MOH AND GRN/Page_KDMC/input_lblpono' is: 'PO00212'

2018-06-10 21:50:25 - [TEST_STEP][PASSED] - Statement - out.println("PO NUMBER :" + PONumber): null

2018-06-10 21:50:25 - [TEST_STEP][PASSED] - Statement - out.println("PO NUMBER :" + PONumber1): null

2018-06-10 21:50:25 - [TEST_STEP][PASSED] - click: Object: 'Object Repository/MOH AND GRN/Page_KDMC/input_chkrem' is clicked on

2018-06-10 21:50:25 - [MESSAGE][PASSED] - Object: 'Object Repository/MOH AND GRN/Page_KDMC/input_chkrem' is clicked on

2018-06-10 21:50:25 - [TEST_STEP][PASSED] - scrollToElement: Scroll to object 'Object Repository/MOH AND GRN/Page_KDMC/input_btnreturn' successfully

2018-06-10 21:50:26 - [MESSAGE][PASSED] - Scroll to object 'Object Repository/MOH AND GRN/Page_KDMC/input_btnreturn' successfully

2018-06-10 21:50:26 - [TEST_STEP][PASSED] - click: Object: 'Object Repository/MOH AND GRN/Page_KDMC/input_btnreturn' is clicked on

2018-06-10 21:50:26 - [MESSAGE][PASSED] - Object: 'Object Repository/MOH AND GRN/Page_KDMC/input_btnreturn' is clicked on

2018-06-10 21:50:26 - [TEST_STEP][PASSED] - delay: Delayed 3 second(s)

2018-06-10 21:50:29 - [MESSAGE][PASSED] - Delayed 3 second(s)

2018-06-10 21:50:29 - [TEST_STEP][PASSED] - click: Object: 'Object Repository/MOH AND GRN/Page_KDMC/button_Yes' is clicked on

2018-06-10 21:50:29 - [MESSAGE][PASSED] - Object: 'Object Repository/MOH AND GRN/Page_KDMC/button_Yes' is clicked on

2018-06-10 21:50:29 - [TEST_STEP][PASSED] - delay: Delayed 3 second(s)

2018-06-10 21:50:32 - [MESSAGE][PASSED] - Delayed 3 second(s)

2018-06-10 21:50:32 - [TEST_STEP][PASSED] - click: Object: 'Object Repository/MOH AND GRN/Page_KDMC/button_OK' is clicked on

2018-06-10 21:50:32 - [MESSAGE][PASSED] - Object: 'Object Repository/MOH AND GRN/Page_KDMC/button_OK' is clicked on

2018-06-10 21:50:32 - [TEST_STEP][PASSED] - delay: Delayed 3 second(s)

2018-06-10 21:50:35 - [MESSAGE][PASSED] - Delayed 3 second(s)

2018-06-10 21:50:35 - [TEST_STEP][PASSED] - click: Object: 'Object Repository/MOH AND GRN/Page_KDMC/a_dropdown-toggle' is clicked on

2018-06-10 21:50:35 - [MESSAGE][PASSED] - Object: 'Object Repository/MOH AND GRN/Page_KDMC/a_dropdown-toggle' is clicked on

2018-06-10 21:50:35 - [TEST_STEP][PASSED] - click: Object: 'Object Repository/MOH AND GRN/Page_KDMC/a_Sign out' is clicked on

2018-06-10 21:50:36 - [MESSAGE][PASSED] - Object: 'Object Repository/MOH AND GRN/Page_KDMC/a_Sign out' is clicked on

2018-06-10 21:50:36 - [TEST_STEP][PASSED] - delay: Delayed 4 second(s)

2018-06-10 21:50:40 - [MESSAGE][PASSED] - Delayed 4 second(s)

2018-06-10 21:50:40 - [TEST_STEP][PASSED] - click: Object: 'Object Repository/MOH AND GRN/Page_KDMC/a_CMS' is clicked on

2018-06-10 21:50:40 - [MESSAGE][PASSED] - Object: 'Object Repository/MOH AND GRN/Page_KDMC/a_CMS' is clicked on

2018-06-10 21:50:40 - [TEST_STEP][PASSED] - setText: Text 'bala' is set on object 'Object Repository/MOH AND GRN/Page_CMS login/input_txtusername'

2018-06-10 21:50:40 - [MESSAGE][PASSED] - Text 'bala' is set on object 'Object Repository/MOH AND GRN/Page_CMS login/input_txtusername'

2018-06-10 21:50:40 - [TEST_STEP][PASSED] - setText: Text '123' is set on object 'Object Repository/MOH AND GRN/Page_CMS login/input_txtpassword'

2018-06-10 21:50:41 - [MESSAGE][PASSED] - Text '123' is set on object 'Object Repository/MOH AND GRN/Page_CMS login/input_txtpassword'

2018-06-10 21:50:41 - [TEST_STEP][PASSED] - delay: Delayed 3 second(s)

2018-06-10 21:50:44 - [MESSAGE][PASSED] - Delayed 3 second(s)

2018-06-10 21:50:44 - [TEST_STEP][PASSED] - click: Object: 'Object Repository/MOH AND GRN/Page_CMS login/button_Sign in' is clicked on

2018-06-10 21:50:44 - [MESSAGE][PASSED] - Object: 'Object Repository/MOH AND GRN/Page_CMS login/button_Sign in' is clicked on

2018-06-10 21:50:44 - [TEST_STEP][PASSED] - click: Object: 'Object Repository/MOH AND GRN/Page_KDMC - CMS/a_CMS Details' is clicked on

2018-06-10 21:50:44 - [MESSAGE][PASSED] - Object: 'Object Repository/MOH AND GRN/Page_KDMC - CMS/a_CMS Details' is clicked on

2018-06-10 21:50:44 - [TEST_STEP][PASSED] - delay: Delayed 2 second(s)

2018-06-10 21:50:46 - [MESSAGE][PASSED] - Delayed 2 second(s)

2018-06-10 21:50:46 - [TEST_STEP][PASSED] - click: Object: 'Object Repository/MOH AND GRN/Page_KDMC - CMS/a_Goods Receive' is clicked on

2018-06-10 21:50:47 - [MESSAGE][PASSED] - Object: 'Object Repository/MOH AND GRN/Page_KDMC - CMS/a_Goods Receive' is clicked on

2018-06-10 21:50:47 - [TEST_STEP][PASSED] - delay: Delayed 2 second(s)

2018-06-10 21:50:49 - [MESSAGE][PASSED] - Delayed 2 second(s)

2018-06-10 21:50:49 - [TEST_STEP][PASSED] - selectOptionByLabel: All options with label 'PO00212' are selected in object 'Object Repository/MOH AND GRN/Page_KDMC - CMS/select_--Select--PO0032PO0031P' 

2018-06-10 21:50:49 - [MESSAGE][PASSED] - All options with label 'PO00212' are selected in object 'Object Repository/MOH AND GRN/Page_KDMC - CMS/select_--Select--PO0032PO0031P' 

2018-06-10 21:50:49 - [TEST_STEP][PASSED] - setText: Finding Test Object with id 'Object Repository/MOH AND GRN/Page_KDMC - CMS/input_txtgrnno'

2018-06-10 21:50:49 - [TEST_STEP][PASSED] - Statement - switch (id): Text 'INV348.0' is set on object 'Object Repository/MOH AND GRN/Page_KDMC - CMS/input_txtgrnno'

2018-06-10 21:50:49 - [TEST_STEP][PASSED] - Statement - case 2:: Text 'INV348.0' is set on object 'Object Repository/MOH AND GRN/Page_KDMC - CMS/input_txtgrnno'

2018-06-10 21:50:49 - [TEST_STEP][PASSED] - Statement - return (java.lang.Math.floor((java.lang.Math.random() * ((max - min) + 1))) + min): Text 'INV348.0' is set on object 'Object Repository/MOH AND GRN/Page_KDMC - CMS/input_txtgrnno'

2018-06-10 21:50:49 - [MESSAGE][PASSED] - Text 'INV348.0' is set on object 'Object Repository/MOH AND GRN/Page_KDMC - CMS/input_txtgrnno'

2018-06-10 21:50:49 - [TEST_STEP][PASSED] - selectOptionByIndex: All options with index in [1] are selected on object 'Object Repository/MOH AND GRN/Page_KDMC - CMS/select_--Select--PERUMAL PHARM'

2018-06-10 21:50:49 - [MESSAGE][PASSED] - All options with index in [1] are selected on object 'Object Repository/MOH AND GRN/Page_KDMC - CMS/select_--Select--PERUMAL PHARM'

2018-06-10 21:50:49 - [TEST_STEP][PASSED] - setText: Text '12500' is set on object 'Object Repository/MOH AND GRN/Page_KDMC - CMS/input_txtgrnno_1'

2018-06-10 21:50:49 - [MESSAGE][PASSED] - Text '12500' is set on object 'Object Repository/MOH AND GRN/Page_KDMC - CMS/input_txtgrnno_1'

2018-06-10 21:50:49 - [TEST_STEP][PASSED] - setText: Text '200' is set on object 'Object Repository/MOH AND GRN/Page_KDMC - CMS/input_txtgrnno_2'

2018-06-10 21:50:49 - [MESSAGE][PASSED] - Text '200' is set on object 'Object Repository/MOH AND GRN/Page_KDMC - CMS/input_txtgrnno_2'

2018-06-10 21:50:49 - [TEST_STEP][PASSED] - setText: Finding Test Object with id 'Object Repository/MOH AND GRN/Page_KDMC - CMS/input_txtgrnno_3'

2018-06-10 21:50:49 - [TEST_STEP][PASSED] - Statement - switch (id): Text 'CH617.0' is set on object 'Object Repository/MOH AND GRN/Page_KDMC - CMS/input_txtgrnno_3'

2018-06-10 21:50:49 - [TEST_STEP][PASSED] - Statement - case 3:: Text 'CH617.0' is set on object 'Object Repository/MOH AND GRN/Page_KDMC - CMS/input_txtgrnno_3'

2018-06-10 21:50:49 - [TEST_STEP][PASSED] - Statement - return (java.lang.Math.floor((java.lang.Math.random() * ((max - min) + 1))) + min): Text 'CH617.0' is set on object 'Object Repository/MOH AND GRN/Page_KDMC - CMS/input_txtgrnno_3'

2018-06-10 21:50:50 - [MESSAGE][PASSED] - Text 'CH617.0' is set on object 'Object Repository/MOH AND GRN/Page_KDMC - CMS/input_txtgrnno_3'

2018-06-10 21:50:50 - [TEST_STEP][PASSED] - scrollToPosition: Browser is scrolled to position x = 200, y = 200

2018-06-10 21:50:50 - [MESSAGE][PASSED] - Browser is scrolled to position x = 200, y = 200

2018-06-10 21:50:50 - [TEST_STEP][PASSED] - Statement - GrnLength = com.kms.katalon.core.webui.keyword.WebUiBuiltInKeywords.getNumberOfTotalOption(com.kms.katalon.core.testobject.ObjectRepository.findTestObject(MOH AND GRN/Page_KDMC - CMS/select_--Select--Amikacin -500)): 17 options of object 'Object Repository/MOH AND GRN/Page_KDMC - CMS/select_--Select--Amikacin -500' counted

2018-06-10 21:50:50 - [MESSAGE][PASSED] - 17 options of object 'Object Repository/MOH AND GRN/Page_KDMC - CMS/select_--Select--Amikacin -500' counted

2018-06-10 21:50:50 - [TEST_STEP][PASSED] - Statement - out.println("Length OF The Medicine " + GrnLength): null

2018-06-10 21:50:50 - [TEST_STEP][PASSED] - Statement - s = 1: null

2018-06-10 21:50:50 - [TEST_STEP][PASSED] - Statement - For ([t = 1, t < GrnLength, (t++)]): Finding Test Object with id 'Object Repository/MOH AND GRN/Page_KDMC - CMS/input_txtmrp'

2018-06-10 21:50:50 - [TEST_STEP][PASSED] - selectOptionByIndex: All options with index in [1] are selected on object 'Object Repository/MOH AND GRN/Page_KDMC - CMS/select_--Select--Amikacin -500'

2018-06-10 21:50:50 - [MESSAGE][PASSED] - All options with index in [1] are selected on object 'Object Repository/MOH AND GRN/Page_KDMC - CMS/select_--Select--Amikacin -500'

2018-06-10 21:50:50 - [TEST_STEP][PASSED] - setText: Text '5000' is set on object 'Object Repository/MOH AND GRN/Page_KDMC - CMS/input_txtqty'

2018-06-10 21:50:50 - [MESSAGE][PASSED] - Text '5000' is set on object 'Object Repository/MOH AND GRN/Page_KDMC - CMS/input_txtqty'

2018-06-10 21:50:50 - [TEST_STEP][PASSED] - selectOptionByIndex: All options with index in [1] are selected on object 'Object Repository/MOH AND GRN/Page_KDMC - CMS/select_--Select--No Tax0'

2018-06-10 21:50:50 - [MESSAGE][PASSED] - All options with index in [1] are selected on object 'Object Repository/MOH AND GRN/Page_KDMC - CMS/select_--Select--No Tax0'

2018-06-10 21:50:50 - [TEST_STEP][PASSED] - setText: Finding Test Object with id 'Object Repository/MOH AND GRN/Page_KDMC - CMS/input_txtmrp'

2018-06-10 21:50:50 - [TEST_STEP][PASSED] - Statement - switch (id): Finding Test Object with id 'Object Repository/MOH AND GRN/Page_KDMC - CMS/input_txtdeal'

2018-06-10 21:50:50 - [TEST_STEP][PASSED] - Statement - case 4:: Text '26.0' is set on object 'Object Repository/MOH AND GRN/Page_KDMC - CMS/input_txtmrp'

2018-06-10 21:50:50 - [TEST_STEP][PASSED] - Statement - return (java.lang.Math.floor((java.lang.Math.random() * ((max - min) + 1))) + min): Text '26.0' is set on object 'Object Repository/MOH AND GRN/Page_KDMC - CMS/input_txtmrp'

2018-06-10 21:50:50 - [MESSAGE][PASSED] - Text '26.0' is set on object 'Object Repository/MOH AND GRN/Page_KDMC - CMS/input_txtmrp'

2018-06-10 21:50:50 - [TEST_STEP][PASSED] - setText: Finding Test Object with id 'Object Repository/MOH AND GRN/Page_KDMC - CMS/input_txtdeal'

2018-06-10 21:50:50 - [TEST_STEP][PASSED] - Statement - switch (id): Finding Test Object with id 'Object Repository/MOH AND GRN/Page_KDMC - CMS/input_txtbatchno'

2018-06-10 21:50:50 - [TEST_STEP][PASSED] - Statement - case 5:: Text '9.0' is set on object 'Object Repository/MOH AND GRN/Page_KDMC - CMS/input_txtdeal'

2018-06-10 21:50:50 - [TEST_STEP][PASSED] - Statement - return (java.lang.Math.floor((java.lang.Math.random() * ((max - min) + 1))) + min): Text '9.0' is set on object 'Object Repository/MOH AND GRN/Page_KDMC - CMS/input_txtdeal'

2018-06-10 21:50:50 - [MESSAGE][PASSED] - Text '9.0' is set on object 'Object Repository/MOH AND GRN/Page_KDMC - CMS/input_txtdeal'

2018-06-10 21:50:50 - [TEST_STEP][PASSED] - setText: Finding Test Object with id 'Object Repository/MOH AND GRN/Page_KDMC - CMS/input_txtbatchno'

2018-06-10 21:50:50 - [TEST_STEP][PASSED] - Statement - switch (id): Finding Test Object with id 'Object Repository/MOH AND GRN/Page_KDMC - CMS/input_txtmrp'

2018-06-10 21:50:50 - [TEST_STEP][PASSED] - Statement - case 1:: Text 'BA584.0' is set on object 'Object Repository/MOH AND GRN/Page_KDMC - CMS/input_txtbatchno'

2018-06-10 21:50:50 - [TEST_STEP][PASSED] - Statement - return (java.lang.Math.floor((java.lang.Math.random() * ((max - min) + 1))) + min): Text 'BA584.0' is set on object 'Object Repository/MOH AND GRN/Page_KDMC - CMS/input_txtbatchno'

2018-06-10 21:50:51 - [MESSAGE][PASSED] - Text 'BA584.0' is set on object 'Object Repository/MOH AND GRN/Page_KDMC - CMS/input_txtbatchno'

2018-06-10 21:50:51 - [TEST_STEP][PASSED] - rightClick: Object: 'Object Repository/GRN/Page_KDMC - CMS/input_txtexpdate' is right clicked on

2018-06-10 21:50:51 - [MESSAGE][PASSED] - Object: 'Object Repository/GRN/Page_KDMC - CMS/input_txtexpdate' is right clicked on

2018-06-10 21:50:51 - [TEST_STEP][PASSED] - selectOptionByIndex: All options with index in [1] are selected on object 'Object Repository/GRN/Page_KDMC - CMS/select_20182019202020212022202'

2018-06-10 21:50:51 - [MESSAGE][PASSED] - All options with index in [1] are selected on object 'Object Repository/GRN/Page_KDMC - CMS/select_20182019202020212022202'

2018-06-10 21:50:51 - [TEST_STEP][PASSED] - selectOptionByIndex: All options with index in [1] are selected on object 'Object Repository/GRN/Page_KDMC - CMS/select_JanFebMarAprMayJunJulAu'

2018-06-10 21:50:51 - [MESSAGE][PASSED] - All options with index in [1] are selected on object 'Object Repository/GRN/Page_KDMC - CMS/select_JanFebMarAprMayJunJulAu'

2018-06-10 21:50:51 - [TEST_STEP][PASSED] - click: Object: 'Object Repository/MOH AND GRN/Page_KDMC - CMS/a_12' is clicked on

2018-06-10 21:50:51 - [MESSAGE][PASSED] - Object: 'Object Repository/MOH AND GRN/Page_KDMC - CMS/a_12' is clicked on

2018-06-10 21:50:51 - [TEST_STEP][PASSED] - click: Object: 'Object Repository/MOH AND GRN/Page_KDMC - CMS/input_btnadd' is clicked on

2018-06-10 21:50:51 - [MESSAGE][PASSED] - Object: 'Object Repository/MOH AND GRN/Page_KDMC - CMS/input_btnadd' is clicked on

2018-06-10 21:50:51 - [TEST_STEP][PASSED] - Statement - If (s == 10): null

2018-06-10 21:50:51 - [TEST_STEP][PASSED] - Statement - Else: null

2018-06-10 21:50:51 - [TEST_STEP][PASSED] - Statement - (s++): null

2018-06-10 21:50:51 - [TEST_STEP][PASSED] - delay: Delayed 1 second(s)

2018-06-10 21:50:52 - [MESSAGE][PASSED] - Delayed 1 second(s)

2018-06-10 21:50:52 - [TEST_STEP][PASSED] - selectOptionByIndex: All options with index in [2] are selected on object 'Object Repository/MOH AND GRN/Page_KDMC - CMS/select_--Select--Amikacin -500'

2018-06-10 21:50:52 - [MESSAGE][PASSED] - All options with index in [2] are selected on object 'Object Repository/MOH AND GRN/Page_KDMC - CMS/select_--Select--Amikacin -500'

2018-06-10 21:50:52 - [TEST_STEP][PASSED] - setText: Text '5000' is set on object 'Object Repository/MOH AND GRN/Page_KDMC - CMS/input_txtqty'

2018-06-10 21:50:52 - [MESSAGE][PASSED] - Text '5000' is set on object 'Object Repository/MOH AND GRN/Page_KDMC - CMS/input_txtqty'

2018-06-10 21:50:52 - [TEST_STEP][PASSED] - selectOptionByIndex: All options with index in [1] are selected on object 'Object Repository/MOH AND GRN/Page_KDMC - CMS/select_--Select--No Tax0'

2018-06-10 21:50:53 - [MESSAGE][PASSED] - All options with index in [1] are selected on object 'Object Repository/MOH AND GRN/Page_KDMC - CMS/select_--Select--No Tax0'

2018-06-10 21:50:53 - [TEST_STEP][PASSED] - setText: Finding Test Object with id 'Object Repository/MOH AND GRN/Page_KDMC - CMS/input_txtmrp'

2018-06-10 21:50:53 - [TEST_STEP][PASSED] - Statement - switch (id): Finding Test Object with id 'Object Repository/MOH AND GRN/Page_KDMC - CMS/input_txtdeal'

2018-06-10 21:50:53 - [TEST_STEP][PASSED] - Statement - case 4:: Text '25.0' is set on object 'Object Repository/MOH AND GRN/Page_KDMC - CMS/input_txtmrp'

2018-06-10 21:50:53 - [TEST_STEP][PASSED] - Statement - return (java.lang.Math.floor((java.lang.Math.random() * ((max - min) + 1))) + min): Text '25.0' is set on object 'Object Repository/MOH AND GRN/Page_KDMC - CMS/input_txtmrp'

2018-06-10 21:50:53 - [MESSAGE][PASSED] - Text '25.0' is set on object 'Object Repository/MOH AND GRN/Page_KDMC - CMS/input_txtmrp'

2018-06-10 21:50:53 - [TEST_STEP][PASSED] - setText: Finding Test Object with id 'Object Repository/MOH AND GRN/Page_KDMC - CMS/input_txtdeal'

2018-06-10 21:50:53 - [TEST_STEP][PASSED] - Statement - switch (id): Finding Test Object with id 'Object Repository/MOH AND GRN/Page_KDMC - CMS/input_txtbatchno'

2018-06-10 21:50:53 - [TEST_STEP][PASSED] - Statement - case 5:: Text '12.0' is set on object 'Object Repository/MOH AND GRN/Page_KDMC - CMS/input_txtdeal'

2018-06-10 21:50:53 - [TEST_STEP][PASSED] - Statement - return (java.lang.Math.floor((java.lang.Math.random() * ((max - min) + 1))) + min): Text '12.0' is set on object 'Object Repository/MOH AND GRN/Page_KDMC - CMS/input_txtdeal'

2018-06-10 21:50:53 - [MESSAGE][PASSED] - Text '12.0' is set on object 'Object Repository/MOH AND GRN/Page_KDMC - CMS/input_txtdeal'

2018-06-10 21:50:53 - [TEST_STEP][PASSED] - setText: Finding Test Object with id 'Object Repository/MOH AND GRN/Page_KDMC - CMS/input_txtbatchno'

2018-06-10 21:50:53 - [TEST_STEP][PASSED] - Statement - switch (id): Finding Test Object with id 'Object Repository/MOH AND GRN/Page_KDMC - CMS/input_txtmrp'

2018-06-10 21:50:53 - [TEST_STEP][PASSED] - Statement - case 1:: Text 'BA994.0' is set on object 'Object Repository/MOH AND GRN/Page_KDMC - CMS/input_txtbatchno'

2018-06-10 21:50:53 - [TEST_STEP][PASSED] - Statement - return (java.lang.Math.floor((java.lang.Math.random() * ((max - min) + 1))) + min): Text 'BA994.0' is set on object 'Object Repository/MOH AND GRN/Page_KDMC - CMS/input_txtbatchno'

2018-06-10 21:50:53 - [MESSAGE][PASSED] - Text 'BA994.0' is set on object 'Object Repository/MOH AND GRN/Page_KDMC - CMS/input_txtbatchno'

2018-06-10 21:50:53 - [TEST_STEP][PASSED] - rightClick: Object: 'Object Repository/GRN/Page_KDMC - CMS/input_txtexpdate' is right clicked on

2018-06-10 21:50:53 - [MESSAGE][PASSED] - Object: 'Object Repository/GRN/Page_KDMC - CMS/input_txtexpdate' is right clicked on

2018-06-10 21:50:53 - [TEST_STEP][PASSED] - selectOptionByIndex: All options with index in [2] are selected on object 'Object Repository/GRN/Page_KDMC - CMS/select_20182019202020212022202'

2018-06-10 21:50:53 - [MESSAGE][PASSED] - All options with index in [2] are selected on object 'Object Repository/GRN/Page_KDMC - CMS/select_20182019202020212022202'

2018-06-10 21:50:53 - [TEST_STEP][PASSED] - selectOptionByIndex: All options with index in [2] are selected on object 'Object Repository/GRN/Page_KDMC - CMS/select_JanFebMarAprMayJunJulAu'

2018-06-10 21:50:53 - [MESSAGE][PASSED] - All options with index in [2] are selected on object 'Object Repository/GRN/Page_KDMC - CMS/select_JanFebMarAprMayJunJulAu'

2018-06-10 21:50:53 - [TEST_STEP][PASSED] - click: Object: 'Object Repository/MOH AND GRN/Page_KDMC - CMS/a_12' is clicked on

2018-06-10 21:50:53 - [MESSAGE][PASSED] - Object: 'Object Repository/MOH AND GRN/Page_KDMC - CMS/a_12' is clicked on

2018-06-10 21:50:53 - [TEST_STEP][PASSED] - click: Object: 'Object Repository/MOH AND GRN/Page_KDMC - CMS/input_btnadd' is clicked on

2018-06-10 21:50:53 - [MESSAGE][PASSED] - Object: 'Object Repository/MOH AND GRN/Page_KDMC - CMS/input_btnadd' is clicked on

2018-06-10 21:50:53 - [TEST_STEP][PASSED] - Statement - If (s == 10): null

2018-06-10 21:50:53 - [TEST_STEP][PASSED] - Statement - Else: null

2018-06-10 21:50:53 - [TEST_STEP][PASSED] - Statement - (s++): null

2018-06-10 21:50:53 - [TEST_STEP][PASSED] - delay: Delayed 1 second(s)

2018-06-10 21:50:54 - [MESSAGE][PASSED] - Delayed 1 second(s)

2018-06-10 21:50:54 - [TEST_STEP][PASSED] - selectOptionByIndex: All options with index in [3] are selected on object 'Object Repository/MOH AND GRN/Page_KDMC - CMS/select_--Select--Amikacin -500'

2018-06-10 21:50:55 - [MESSAGE][PASSED] - All options with index in [3] are selected on object 'Object Repository/MOH AND GRN/Page_KDMC - CMS/select_--Select--Amikacin -500'

2018-06-10 21:50:55 - [TEST_STEP][PASSED] - setText: Text '5000' is set on object 'Object Repository/MOH AND GRN/Page_KDMC - CMS/input_txtqty'

2018-06-10 21:50:55 - [MESSAGE][PASSED] - Text '5000' is set on object 'Object Repository/MOH AND GRN/Page_KDMC - CMS/input_txtqty'

2018-06-10 21:50:55 - [TEST_STEP][PASSED] - selectOptionByIndex: All options with index in [1] are selected on object 'Object Repository/MOH AND GRN/Page_KDMC - CMS/select_--Select--No Tax0'

2018-06-10 21:50:55 - [MESSAGE][PASSED] - All options with index in [1] are selected on object 'Object Repository/MOH AND GRN/Page_KDMC - CMS/select_--Select--No Tax0'

2018-06-10 21:50:55 - [TEST_STEP][PASSED] - setText: Finding Test Object with id 'Object Repository/MOH AND GRN/Page_KDMC - CMS/input_txtmrp'

2018-06-10 21:50:55 - [TEST_STEP][PASSED] - Statement - switch (id): Finding Test Object with id 'Object Repository/MOH AND GRN/Page_KDMC - CMS/input_txtdeal'

2018-06-10 21:50:55 - [TEST_STEP][PASSED] - Statement - case 4:: Text '19.0' is set on object 'Object Repository/MOH AND GRN/Page_KDMC - CMS/input_txtmrp'

2018-06-10 21:50:55 - [TEST_STEP][PASSED] - Statement - return (java.lang.Math.floor((java.lang.Math.random() * ((max - min) + 1))) + min): Text '19.0' is set on object 'Object Repository/MOH AND GRN/Page_KDMC - CMS/input_txtmrp'

2018-06-10 21:50:55 - [MESSAGE][PASSED] - Text '19.0' is set on object 'Object Repository/MOH AND GRN/Page_KDMC - CMS/input_txtmrp'

2018-06-10 21:50:55 - [TEST_STEP][PASSED] - setText: Finding Test Object with id 'Object Repository/MOH AND GRN/Page_KDMC - CMS/input_txtdeal'

2018-06-10 21:50:55 - [TEST_STEP][PASSED] - Statement - switch (id): Finding Test Object with id 'Object Repository/MOH AND GRN/Page_KDMC - CMS/input_txtbatchno'

2018-06-10 21:50:55 - [TEST_STEP][PASSED] - Statement - case 5:: Text '3.0' is set on object 'Object Repository/MOH AND GRN/Page_KDMC - CMS/input_txtdeal'

2018-06-10 21:50:55 - [TEST_STEP][PASSED] - Statement - return (java.lang.Math.floor((java.lang.Math.random() * ((max - min) + 1))) + min): Text '3.0' is set on object 'Object Repository/MOH AND GRN/Page_KDMC - CMS/input_txtdeal'

2018-06-10 21:50:55 - [MESSAGE][PASSED] - Text '3.0' is set on object 'Object Repository/MOH AND GRN/Page_KDMC - CMS/input_txtdeal'

2018-06-10 21:50:55 - [TEST_STEP][PASSED] - setText: Finding Test Object with id 'Object Repository/MOH AND GRN/Page_KDMC - CMS/input_txtbatchno'

2018-06-10 21:50:55 - [TEST_STEP][PASSED] - Statement - switch (id): Finding Test Object with id 'Object Repository/MOH AND GRN/Page_KDMC - CMS/input_txtmrp'

2018-06-10 21:50:55 - [TEST_STEP][PASSED] - Statement - case 1:: Text 'BA781.0' is set on object 'Object Repository/MOH AND GRN/Page_KDMC - CMS/input_txtbatchno'

2018-06-10 21:50:55 - [TEST_STEP][PASSED] - Statement - return (java.lang.Math.floor((java.lang.Math.random() * ((max - min) + 1))) + min): Text 'BA781.0' is set on object 'Object Repository/MOH AND GRN/Page_KDMC - CMS/input_txtbatchno'

2018-06-10 21:50:55 - [MESSAGE][PASSED] - Text 'BA781.0' is set on object 'Object Repository/MOH AND GRN/Page_KDMC - CMS/input_txtbatchno'

2018-06-10 21:50:55 - [TEST_STEP][PASSED] - rightClick: Object: 'Object Repository/GRN/Page_KDMC - CMS/input_txtexpdate' is right clicked on

2018-06-10 21:50:55 - [MESSAGE][PASSED] - Object: 'Object Repository/GRN/Page_KDMC - CMS/input_txtexpdate' is right clicked on

2018-06-10 21:50:55 - [TEST_STEP][PASSED] - selectOptionByIndex: All options with index in [3] are selected on object 'Object Repository/GRN/Page_KDMC - CMS/select_20182019202020212022202'

2018-06-10 21:50:55 - [MESSAGE][PASSED] - All options with index in [3] are selected on object 'Object Repository/GRN/Page_KDMC - CMS/select_20182019202020212022202'

2018-06-10 21:50:55 - [TEST_STEP][PASSED] - selectOptionByIndex: All options with index in [3] are selected on object 'Object Repository/GRN/Page_KDMC - CMS/select_JanFebMarAprMayJunJulAu'

2018-06-10 21:50:56 - [MESSAGE][PASSED] - All options with index in [3] are selected on object 'Object Repository/GRN/Page_KDMC - CMS/select_JanFebMarAprMayJunJulAu'

2018-06-10 21:50:56 - [TEST_STEP][PASSED] - click: Object: 'Object Repository/MOH AND GRN/Page_KDMC - CMS/a_12' is clicked on

2018-06-10 21:50:56 - [MESSAGE][PASSED] - Object: 'Object Repository/MOH AND GRN/Page_KDMC - CMS/a_12' is clicked on

2018-06-10 21:50:56 - [TEST_STEP][PASSED] - click: Object: 'Object Repository/MOH AND GRN/Page_KDMC - CMS/input_btnadd' is clicked on

2018-06-10 21:50:56 - [MESSAGE][PASSED] - Object: 'Object Repository/MOH AND GRN/Page_KDMC - CMS/input_btnadd' is clicked on

2018-06-10 21:50:56 - [TEST_STEP][PASSED] - Statement - If (s == 10): null

2018-06-10 21:50:56 - [TEST_STEP][PASSED] - Statement - Else: null

2018-06-10 21:50:56 - [TEST_STEP][PASSED] - Statement - (s++): null

2018-06-10 21:50:56 - [TEST_STEP][PASSED] - delay: Delayed 1 second(s)

2018-06-10 21:50:57 - [MESSAGE][PASSED] - Delayed 1 second(s)

2018-06-10 21:50:57 - [TEST_STEP][PASSED] - selectOptionByIndex: All options with index in [4] are selected on object 'Object Repository/MOH AND GRN/Page_KDMC - CMS/select_--Select--Amikacin -500'

2018-06-10 21:50:57 - [MESSAGE][PASSED] - All options with index in [4] are selected on object 'Object Repository/MOH AND GRN/Page_KDMC - CMS/select_--Select--Amikacin -500'

2018-06-10 21:50:57 - [TEST_STEP][PASSED] - setText: Text '5000' is set on object 'Object Repository/MOH AND GRN/Page_KDMC - CMS/input_txtqty'

2018-06-10 21:50:57 - [MESSAGE][PASSED] - Text '5000' is set on object 'Object Repository/MOH AND GRN/Page_KDMC - CMS/input_txtqty'

2018-06-10 21:50:57 - [TEST_STEP][PASSED] - selectOptionByIndex: All options with index in [1] are selected on object 'Object Repository/MOH AND GRN/Page_KDMC - CMS/select_--Select--No Tax0'

2018-06-10 21:50:57 - [MESSAGE][PASSED] - All options with index in [1] are selected on object 'Object Repository/MOH AND GRN/Page_KDMC - CMS/select_--Select--No Tax0'

2018-06-10 21:50:57 - [TEST_STEP][PASSED] - setText: Finding Test Object with id 'Object Repository/MOH AND GRN/Page_KDMC - CMS/input_txtmrp'

2018-06-10 21:50:57 - [TEST_STEP][PASSED] - Statement - switch (id): Finding Test Object with id 'Object Repository/MOH AND GRN/Page_KDMC - CMS/input_txtdeal'

2018-06-10 21:50:57 - [TEST_STEP][PASSED] - Statement - case 4:: Text '45.0' is set on object 'Object Repository/MOH AND GRN/Page_KDMC - CMS/input_txtmrp'

2018-06-10 21:50:57 - [TEST_STEP][PASSED] - Statement - return (java.lang.Math.floor((java.lang.Math.random() * ((max - min) + 1))) + min): Text '45.0' is set on object 'Object Repository/MOH AND GRN/Page_KDMC - CMS/input_txtmrp'

2018-06-10 21:50:57 - [MESSAGE][PASSED] - Text '45.0' is set on object 'Object Repository/MOH AND GRN/Page_KDMC - CMS/input_txtmrp'

2018-06-10 21:50:57 - [TEST_STEP][PASSED] - setText: Finding Test Object with id 'Object Repository/MOH AND GRN/Page_KDMC - CMS/input_txtdeal'

2018-06-10 21:50:57 - [TEST_STEP][PASSED] - Statement - switch (id): Finding Test Object with id 'Object Repository/MOH AND GRN/Page_KDMC - CMS/input_txtbatchno'

2018-06-10 21:50:57 - [TEST_STEP][PASSED] - Statement - case 5:: Text '3.0' is set on object 'Object Repository/MOH AND GRN/Page_KDMC - CMS/input_txtdeal'

2018-06-10 21:50:57 - [TEST_STEP][PASSED] - Statement - return (java.lang.Math.floor((java.lang.Math.random() * ((max - min) + 1))) + min): Text '3.0' is set on object 'Object Repository/MOH AND GRN/Page_KDMC - CMS/input_txtdeal'

2018-06-10 21:50:57 - [MESSAGE][PASSED] - Text '3.0' is set on object 'Object Repository/MOH AND GRN/Page_KDMC - CMS/input_txtdeal'

2018-06-10 21:50:57 - [TEST_STEP][PASSED] - setText: Finding Test Object with id 'Object Repository/MOH AND GRN/Page_KDMC - CMS/input_txtbatchno'

2018-06-10 21:50:57 - [TEST_STEP][PASSED] - Statement - switch (id): Finding Test Object with id 'Object Repository/MOH AND GRN/Page_KDMC - CMS/input_txtmrp'

2018-06-10 21:50:57 - [TEST_STEP][PASSED] - Statement - case 1:: Text 'BA805.0' is set on object 'Object Repository/MOH AND GRN/Page_KDMC - CMS/input_txtbatchno'

2018-06-10 21:50:57 - [TEST_STEP][PASSED] - Statement - return (java.lang.Math.floor((java.lang.Math.random() * ((max - min) + 1))) + min): Text 'BA805.0' is set on object 'Object Repository/MOH AND GRN/Page_KDMC - CMS/input_txtbatchno'

2018-06-10 21:50:57 - [MESSAGE][PASSED] - Text 'BA805.0' is set on object 'Object Repository/MOH AND GRN/Page_KDMC - CMS/input_txtbatchno'

2018-06-10 21:50:57 - [TEST_STEP][PASSED] - rightClick: Object: 'Object Repository/GRN/Page_KDMC - CMS/input_txtexpdate' is right clicked on

2018-06-10 21:50:58 - [MESSAGE][PASSED] - Object: 'Object Repository/GRN/Page_KDMC - CMS/input_txtexpdate' is right clicked on

2018-06-10 21:50:58 - [TEST_STEP][PASSED] - selectOptionByIndex: All options with index in [4] are selected on object 'Object Repository/GRN/Page_KDMC - CMS/select_20182019202020212022202'

2018-06-10 21:50:58 - [MESSAGE][PASSED] - All options with index in [4] are selected on object 'Object Repository/GRN/Page_KDMC - CMS/select_20182019202020212022202'

2018-06-10 21:50:58 - [TEST_STEP][PASSED] - selectOptionByIndex: All options with index in [4] are selected on object 'Object Repository/GRN/Page_KDMC - CMS/select_JanFebMarAprMayJunJulAu'

2018-06-10 21:50:58 - [MESSAGE][PASSED] - All options with index in [4] are selected on object 'Object Repository/GRN/Page_KDMC - CMS/select_JanFebMarAprMayJunJulAu'

2018-06-10 21:50:58 - [TEST_STEP][PASSED] - click: Object: 'Object Repository/MOH AND GRN/Page_KDMC - CMS/a_12' is clicked on

2018-06-10 21:50:58 - [MESSAGE][PASSED] - Object: 'Object Repository/MOH AND GRN/Page_KDMC - CMS/a_12' is clicked on

2018-06-10 21:50:58 - [TEST_STEP][PASSED] - click: Object: 'Object Repository/MOH AND GRN/Page_KDMC - CMS/input_btnadd' is clicked on

2018-06-10 21:50:58 - [MESSAGE][PASSED] - Object: 'Object Repository/MOH AND GRN/Page_KDMC - CMS/input_btnadd' is clicked on

2018-06-10 21:50:58 - [TEST_STEP][PASSED] - Statement - If (s == 10): null

2018-06-10 21:50:58 - [TEST_STEP][PASSED] - Statement - Else: null

2018-06-10 21:50:58 - [TEST_STEP][PASSED] - Statement - (s++): null

2018-06-10 21:50:58 - [TEST_STEP][PASSED] - delay: Delayed 1 second(s)

2018-06-10 21:50:59 - [MESSAGE][PASSED] - Delayed 1 second(s)

2018-06-10 21:50:59 - [TEST_STEP][PASSED] - selectOptionByIndex: All options with index in [5] are selected on object 'Object Repository/MOH AND GRN/Page_KDMC - CMS/select_--Select--Amikacin -500'

2018-06-10 21:50:59 - [MESSAGE][PASSED] - All options with index in [5] are selected on object 'Object Repository/MOH AND GRN/Page_KDMC - CMS/select_--Select--Amikacin -500'

2018-06-10 21:50:59 - [TEST_STEP][PASSED] - setText: Text '5000' is set on object 'Object Repository/MOH AND GRN/Page_KDMC - CMS/input_txtqty'

2018-06-10 21:50:59 - [MESSAGE][PASSED] - Text '5000' is set on object 'Object Repository/MOH AND GRN/Page_KDMC - CMS/input_txtqty'

2018-06-10 21:50:59 - [TEST_STEP][PASSED] - selectOptionByIndex: All options with index in [1] are selected on object 'Object Repository/MOH AND GRN/Page_KDMC - CMS/select_--Select--No Tax0'

2018-06-10 21:51:00 - [MESSAGE][PASSED] - All options with index in [1] are selected on object 'Object Repository/MOH AND GRN/Page_KDMC - CMS/select_--Select--No Tax0'

2018-06-10 21:51:00 - [TEST_STEP][PASSED] - setText: Finding Test Object with id 'Object Repository/MOH AND GRN/Page_KDMC - CMS/input_txtmrp'

2018-06-10 21:51:00 - [TEST_STEP][PASSED] - Statement - switch (id): Finding Test Object with id 'Object Repository/MOH AND GRN/Page_KDMC - CMS/input_txtdeal'

2018-06-10 21:51:00 - [TEST_STEP][PASSED] - Statement - case 4:: Text '27.0' is set on object 'Object Repository/MOH AND GRN/Page_KDMC - CMS/input_txtmrp'

2018-06-10 21:51:00 - [TEST_STEP][PASSED] - Statement - return (java.lang.Math.floor((java.lang.Math.random() * ((max - min) + 1))) + min): Text '27.0' is set on object 'Object Repository/MOH AND GRN/Page_KDMC - CMS/input_txtmrp'

2018-06-10 21:51:00 - [MESSAGE][PASSED] - Text '27.0' is set on object 'Object Repository/MOH AND GRN/Page_KDMC - CMS/input_txtmrp'

2018-06-10 21:51:00 - [TEST_STEP][PASSED] - setText: Finding Test Object with id 'Object Repository/MOH AND GRN/Page_KDMC - CMS/input_txtdeal'

2018-06-10 21:51:00 - [TEST_STEP][PASSED] - Statement - switch (id): Finding Test Object with id 'Object Repository/MOH AND GRN/Page_KDMC - CMS/input_txtbatchno'

2018-06-10 21:51:00 - [TEST_STEP][PASSED] - Statement - case 5:: Text '6.0' is set on object 'Object Repository/MOH AND GRN/Page_KDMC - CMS/input_txtdeal'

2018-06-10 21:51:00 - [TEST_STEP][PASSED] - Statement - return (java.lang.Math.floor((java.lang.Math.random() * ((max - min) + 1))) + min): Text '6.0' is set on object 'Object Repository/MOH AND GRN/Page_KDMC - CMS/input_txtdeal'

2018-06-10 21:51:00 - [MESSAGE][PASSED] - Text '6.0' is set on object 'Object Repository/MOH AND GRN/Page_KDMC - CMS/input_txtdeal'

2018-06-10 21:51:00 - [TEST_STEP][PASSED] - setText: Finding Test Object with id 'Object Repository/MOH AND GRN/Page_KDMC - CMS/input_txtbatchno'

2018-06-10 21:51:00 - [TEST_STEP][PASSED] - Statement - switch (id): Finding Test Object with id 'Object Repository/MOH AND GRN/Page_KDMC - CMS/input_txtmrp'

2018-06-10 21:51:00 - [TEST_STEP][PASSED] - Statement - case 1:: Text 'BA780.0' is set on object 'Object Repository/MOH AND GRN/Page_KDMC - CMS/input_txtbatchno'

2018-06-10 21:51:00 - [TEST_STEP][PASSED] - Statement - return (java.lang.Math.floor((java.lang.Math.random() * ((max - min) + 1))) + min): Text 'BA780.0' is set on object 'Object Repository/MOH AND GRN/Page_KDMC - CMS/input_txtbatchno'

2018-06-10 21:51:00 - [MESSAGE][PASSED] - Text 'BA780.0' is set on object 'Object Repository/MOH AND GRN/Page_KDMC - CMS/input_txtbatchno'

2018-06-10 21:51:00 - [TEST_STEP][PASSED] - rightClick: Object: 'Object Repository/GRN/Page_KDMC - CMS/input_txtexpdate' is right clicked on

2018-06-10 21:51:00 - [MESSAGE][PASSED] - Object: 'Object Repository/GRN/Page_KDMC - CMS/input_txtexpdate' is right clicked on

2018-06-10 21:51:00 - [TEST_STEP][PASSED] - selectOptionByIndex: All options with index in [5] are selected on object 'Object Repository/GRN/Page_KDMC - CMS/select_20182019202020212022202'

2018-06-10 21:51:00 - [MESSAGE][PASSED] - All options with index in [5] are selected on object 'Object Repository/GRN/Page_KDMC - CMS/select_20182019202020212022202'

2018-06-10 21:51:00 - [TEST_STEP][PASSED] - selectOptionByIndex: All options with index in [5] are selected on object 'Object Repository/GRN/Page_KDMC - CMS/select_JanFebMarAprMayJunJulAu'

2018-06-10 21:51:00 - [MESSAGE][PASSED] - All options with index in [5] are selected on object 'Object Repository/GRN/Page_KDMC - CMS/select_JanFebMarAprMayJunJulAu'

2018-06-10 21:51:00 - [TEST_STEP][PASSED] - click: Object: 'Object Repository/MOH AND GRN/Page_KDMC - CMS/a_12' is clicked on

2018-06-10 21:51:00 - [MESSAGE][PASSED] - Object: 'Object Repository/MOH AND GRN/Page_KDMC - CMS/a_12' is clicked on

2018-06-10 21:51:00 - [TEST_STEP][PASSED] - click: Object: 'Object Repository/MOH AND GRN/Page_KDMC - CMS/input_btnadd' is clicked on

2018-06-10 21:51:00 - [MESSAGE][PASSED] - Object: 'Object Repository/MOH AND GRN/Page_KDMC - CMS/input_btnadd' is clicked on

2018-06-10 21:51:00 - [TEST_STEP][PASSED] - Statement - If (s == 10): null

2018-06-10 21:51:00 - [TEST_STEP][PASSED] - Statement - Else: null

2018-06-10 21:51:00 - [TEST_STEP][PASSED] - Statement - (s++): null

2018-06-10 21:51:00 - [TEST_STEP][PASSED] - delay: Delayed 1 second(s)

2018-06-10 21:51:01 - [MESSAGE][PASSED] - Delayed 1 second(s)

2018-06-10 21:51:01 - [TEST_STEP][PASSED] - selectOptionByIndex: All options with index in [6] are selected on object 'Object Repository/MOH AND GRN/Page_KDMC - CMS/select_--Select--Amikacin -500'

2018-06-10 21:51:02 - [MESSAGE][PASSED] - All options with index in [6] are selected on object 'Object Repository/MOH AND GRN/Page_KDMC - CMS/select_--Select--Amikacin -500'

2018-06-10 21:51:02 - [TEST_STEP][PASSED] - setText: Text '5000' is set on object 'Object Repository/MOH AND GRN/Page_KDMC - CMS/input_txtqty'

2018-06-10 21:51:02 - [MESSAGE][PASSED] - Text '5000' is set on object 'Object Repository/MOH AND GRN/Page_KDMC - CMS/input_txtqty'

2018-06-10 21:51:02 - [TEST_STEP][PASSED] - selectOptionByIndex: All options with index in [1] are selected on object 'Object Repository/MOH AND GRN/Page_KDMC - CMS/select_--Select--No Tax0'

2018-06-10 21:51:02 - [MESSAGE][PASSED] - All options with index in [1] are selected on object 'Object Repository/MOH AND GRN/Page_KDMC - CMS/select_--Select--No Tax0'

2018-06-10 21:51:02 - [TEST_STEP][PASSED] - setText: Finding Test Object with id 'Object Repository/MOH AND GRN/Page_KDMC - CMS/input_txtmrp'

2018-06-10 21:51:02 - [TEST_STEP][PASSED] - Statement - switch (id): Finding Test Object with id 'Object Repository/MOH AND GRN/Page_KDMC - CMS/input_txtdeal'

2018-06-10 21:51:02 - [TEST_STEP][PASSED] - Statement - case 4:: Text '36.0' is set on object 'Object Repository/MOH AND GRN/Page_KDMC - CMS/input_txtmrp'

2018-06-10 21:51:02 - [TEST_STEP][PASSED] - Statement - return (java.lang.Math.floor((java.lang.Math.random() * ((max - min) + 1))) + min): Text '36.0' is set on object 'Object Repository/MOH AND GRN/Page_KDMC - CMS/input_txtmrp'

2018-06-10 21:51:02 - [MESSAGE][PASSED] - Text '36.0' is set on object 'Object Repository/MOH AND GRN/Page_KDMC - CMS/input_txtmrp'

2018-06-10 21:51:02 - [TEST_STEP][PASSED] - setText: Finding Test Object with id 'Object Repository/MOH AND GRN/Page_KDMC - CMS/input_txtdeal'

2018-06-10 21:51:02 - [TEST_STEP][PASSED] - Statement - switch (id): Finding Test Object with id 'Object Repository/MOH AND GRN/Page_KDMC - CMS/input_txtbatchno'

2018-06-10 21:51:02 - [TEST_STEP][PASSED] - Statement - case 5:: Text '3.0' is set on object 'Object Repository/MOH AND GRN/Page_KDMC - CMS/input_txtdeal'

2018-06-10 21:51:02 - [TEST_STEP][PASSED] - Statement - return (java.lang.Math.floor((java.lang.Math.random() * ((max - min) + 1))) + min): Text '3.0' is set on object 'Object Repository/MOH AND GRN/Page_KDMC - CMS/input_txtdeal'

2018-06-10 21:51:02 - [MESSAGE][PASSED] - Text '3.0' is set on object 'Object Repository/MOH AND GRN/Page_KDMC - CMS/input_txtdeal'

2018-06-10 21:51:02 - [TEST_STEP][PASSED] - setText: Finding Test Object with id 'Object Repository/MOH AND GRN/Page_KDMC - CMS/input_txtbatchno'

2018-06-10 21:51:02 - [TEST_STEP][PASSED] - Statement - switch (id): Finding Test Object with id 'Object Repository/MOH AND GRN/Page_KDMC - CMS/input_txtmrp'

2018-06-10 21:51:02 - [TEST_STEP][PASSED] - Statement - case 1:: Text 'BA492.0' is set on object 'Object Repository/MOH AND GRN/Page_KDMC - CMS/input_txtbatchno'

2018-06-10 21:51:02 - [TEST_STEP][PASSED] - Statement - return (java.lang.Math.floor((java.lang.Math.random() * ((max - min) + 1))) + min): Text 'BA492.0' is set on object 'Object Repository/MOH AND GRN/Page_KDMC - CMS/input_txtbatchno'

2018-06-10 21:51:02 - [MESSAGE][PASSED] - Text 'BA492.0' is set on object 'Object Repository/MOH AND GRN/Page_KDMC - CMS/input_txtbatchno'

2018-06-10 21:51:02 - [TEST_STEP][PASSED] - rightClick: Object: 'Object Repository/GRN/Page_KDMC - CMS/input_txtexpdate' is right clicked on

2018-06-10 21:51:02 - [MESSAGE][PASSED] - Object: 'Object Repository/GRN/Page_KDMC - CMS/input_txtexpdate' is right clicked on

2018-06-10 21:51:02 - [TEST_STEP][PASSED] - selectOptionByIndex: All options with index in [6] are selected on object 'Object Repository/GRN/Page_KDMC - CMS/select_20182019202020212022202'

2018-06-10 21:51:02 - [MESSAGE][PASSED] - All options with index in [6] are selected on object 'Object Repository/GRN/Page_KDMC - CMS/select_20182019202020212022202'

2018-06-10 21:51:02 - [TEST_STEP][PASSED] - selectOptionByIndex: All options with index in [6] are selected on object 'Object Repository/GRN/Page_KDMC - CMS/select_JanFebMarAprMayJunJulAu'

2018-06-10 21:51:03 - [MESSAGE][PASSED] - All options with index in [6] are selected on object 'Object Repository/GRN/Page_KDMC - CMS/select_JanFebMarAprMayJunJulAu'

2018-06-10 21:51:03 - [TEST_STEP][PASSED] - click: Object: 'Object Repository/MOH AND GRN/Page_KDMC - CMS/a_12' is clicked on

2018-06-10 21:51:03 - [MESSAGE][PASSED] - Object: 'Object Repository/MOH AND GRN/Page_KDMC - CMS/a_12' is clicked on

2018-06-10 21:51:03 - [TEST_STEP][PASSED] - click: Object: 'Object Repository/MOH AND GRN/Page_KDMC - CMS/input_btnadd' is clicked on

2018-06-10 21:51:03 - [MESSAGE][PASSED] - Object: 'Object Repository/MOH AND GRN/Page_KDMC - CMS/input_btnadd' is clicked on

2018-06-10 21:51:03 - [TEST_STEP][PASSED] - Statement - If (s == 10): null

2018-06-10 21:51:03 - [TEST_STEP][PASSED] - Statement - Else: null

2018-06-10 21:51:03 - [TEST_STEP][PASSED] - Statement - (s++): null

2018-06-10 21:51:03 - [TEST_STEP][PASSED] - delay: Delayed 1 second(s)

2018-06-10 21:51:04 - [MESSAGE][PASSED] - Delayed 1 second(s)

2018-06-10 21:51:04 - [TEST_STEP][PASSED] - selectOptionByIndex: All options with index in [7] are selected on object 'Object Repository/MOH AND GRN/Page_KDMC - CMS/select_--Select--Amikacin -500'

2018-06-10 21:51:04 - [MESSAGE][PASSED] - All options with index in [7] are selected on object 'Object Repository/MOH AND GRN/Page_KDMC - CMS/select_--Select--Amikacin -500'

2018-06-10 21:51:04 - [TEST_STEP][PASSED] - setText: Text '5000' is set on object 'Object Repository/MOH AND GRN/Page_KDMC - CMS/input_txtqty'

2018-06-10 21:51:04 - [MESSAGE][PASSED] - Text '5000' is set on object 'Object Repository/MOH AND GRN/Page_KDMC - CMS/input_txtqty'

2018-06-10 21:51:04 - [TEST_STEP][PASSED] - selectOptionByIndex: All options with index in [1] are selected on object 'Object Repository/MOH AND GRN/Page_KDMC - CMS/select_--Select--No Tax0'

2018-06-10 21:51:04 - [MESSAGE][PASSED] - All options with index in [1] are selected on object 'Object Repository/MOH AND GRN/Page_KDMC - CMS/select_--Select--No Tax0'

2018-06-10 21:51:04 - [TEST_STEP][PASSED] - setText: Finding Test Object with id 'Object Repository/MOH AND GRN/Page_KDMC - CMS/input_txtmrp'

2018-06-10 21:51:04 - [TEST_STEP][PASSED] - Statement - switch (id): Finding Test Object with id 'Object Repository/MOH AND GRN/Page_KDMC - CMS/input_txtdeal'

2018-06-10 21:51:04 - [TEST_STEP][PASSED] - Statement - case 4:: Text '40.0' is set on object 'Object Repository/MOH AND GRN/Page_KDMC - CMS/input_txtmrp'

2018-06-10 21:51:04 - [TEST_STEP][PASSED] - Statement - return (java.lang.Math.floor((java.lang.Math.random() * ((max - min) + 1))) + min): Text '40.0' is set on object 'Object Repository/MOH AND GRN/Page_KDMC - CMS/input_txtmrp'

2018-06-10 21:51:04 - [MESSAGE][PASSED] - Text '40.0' is set on object 'Object Repository/MOH AND GRN/Page_KDMC - CMS/input_txtmrp'

2018-06-10 21:51:04 - [TEST_STEP][PASSED] - setText: Finding Test Object with id 'Object Repository/MOH AND GRN/Page_KDMC - CMS/input_txtdeal'

2018-06-10 21:51:04 - [TEST_STEP][PASSED] - Statement - switch (id): Finding Test Object with id 'Object Repository/MOH AND GRN/Page_KDMC - CMS/input_txtbatchno'

2018-06-10 21:51:04 - [TEST_STEP][PASSED] - Statement - case 5:: Text '8.0' is set on object 'Object Repository/MOH AND GRN/Page_KDMC - CMS/input_txtdeal'

2018-06-10 21:51:04 - [TEST_STEP][PASSED] - Statement - return (java.lang.Math.floor((java.lang.Math.random() * ((max - min) + 1))) + min): Text '8.0' is set on object 'Object Repository/MOH AND GRN/Page_KDMC - CMS/input_txtdeal'

2018-06-10 21:51:04 - [MESSAGE][PASSED] - Text '8.0' is set on object 'Object Repository/MOH AND GRN/Page_KDMC - CMS/input_txtdeal'

2018-06-10 21:51:04 - [TEST_STEP][PASSED] - setText: Finding Test Object with id 'Object Repository/MOH AND GRN/Page_KDMC - CMS/input_txtbatchno'

2018-06-10 21:51:04 - [TEST_STEP][PASSED] - Statement - switch (id): Finding Test Object with id 'Object Repository/MOH AND GRN/Page_KDMC - CMS/input_txtmrp'

2018-06-10 21:51:04 - [TEST_STEP][PASSED] - Statement - case 1:: Text 'BA30.0' is set on object 'Object Repository/MOH AND GRN/Page_KDMC - CMS/input_txtbatchno'

2018-06-10 21:51:04 - [TEST_STEP][PASSED] - Statement - return (java.lang.Math.floor((java.lang.Math.random() * ((max - min) + 1))) + min): Text 'BA30.0' is set on object 'Object Repository/MOH AND GRN/Page_KDMC - CMS/input_txtbatchno'

2018-06-10 21:51:04 - [MESSAGE][PASSED] - Text 'BA30.0' is set on object 'Object Repository/MOH AND GRN/Page_KDMC - CMS/input_txtbatchno'

2018-06-10 21:51:04 - [TEST_STEP][PASSED] - rightClick: Object: 'Object Repository/GRN/Page_KDMC - CMS/input_txtexpdate' is right clicked on

2018-06-10 21:51:05 - [MESSAGE][PASSED] - Object: 'Object Repository/GRN/Page_KDMC - CMS/input_txtexpdate' is right clicked on

2018-06-10 21:51:05 - [TEST_STEP][PASSED] - selectOptionByIndex: All options with index in [7] are selected on object 'Object Repository/GRN/Page_KDMC - CMS/select_20182019202020212022202'

2018-06-10 21:51:05 - [MESSAGE][PASSED] - All options with index in [7] are selected on object 'Object Repository/GRN/Page_KDMC - CMS/select_20182019202020212022202'

2018-06-10 21:51:05 - [TEST_STEP][PASSED] - selectOptionByIndex: All options with index in [7] are selected on object 'Object Repository/GRN/Page_KDMC - CMS/select_JanFebMarAprMayJunJulAu'

2018-06-10 21:51:05 - [MESSAGE][PASSED] - All options with index in [7] are selected on object 'Object Repository/GRN/Page_KDMC - CMS/select_JanFebMarAprMayJunJulAu'

2018-06-10 21:51:05 - [TEST_STEP][PASSED] - click: Object: 'Object Repository/MOH AND GRN/Page_KDMC - CMS/a_12' is clicked on

2018-06-10 21:51:05 - [MESSAGE][PASSED] - Object: 'Object Repository/MOH AND GRN/Page_KDMC - CMS/a_12' is clicked on

2018-06-10 21:51:05 - [TEST_STEP][PASSED] - click: Object: 'Object Repository/MOH AND GRN/Page_KDMC - CMS/input_btnadd' is clicked on

2018-06-10 21:51:05 - [MESSAGE][PASSED] - Object: 'Object Repository/MOH AND GRN/Page_KDMC - CMS/input_btnadd' is clicked on

2018-06-10 21:51:05 - [TEST_STEP][PASSED] - Statement - If (s == 10): null

2018-06-10 21:51:05 - [TEST_STEP][PASSED] - Statement - Else: null

2018-06-10 21:51:05 - [TEST_STEP][PASSED] - Statement - (s++): null

2018-06-10 21:51:05 - [TEST_STEP][PASSED] - delay: Delayed 1 second(s)

2018-06-10 21:51:06 - [MESSAGE][PASSED] - Delayed 1 second(s)

2018-06-10 21:51:06 - [TEST_STEP][PASSED] - selectOptionByIndex: All options with index in [8] are selected on object 'Object Repository/MOH AND GRN/Page_KDMC - CMS/select_--Select--Amikacin -500'

2018-06-10 21:51:06 - [MESSAGE][PASSED] - All options with index in [8] are selected on object 'Object Repository/MOH AND GRN/Page_KDMC - CMS/select_--Select--Amikacin -500'

2018-06-10 21:51:06 - [TEST_STEP][PASSED] - setText: Text '5000' is set on object 'Object Repository/MOH AND GRN/Page_KDMC - CMS/input_txtqty'

2018-06-10 21:51:06 - [MESSAGE][PASSED] - Text '5000' is set on object 'Object Repository/MOH AND GRN/Page_KDMC - CMS/input_txtqty'

2018-06-10 21:51:06 - [TEST_STEP][PASSED] - selectOptionByIndex: All options with index in [1] are selected on object 'Object Repository/MOH AND GRN/Page_KDMC - CMS/select_--Select--No Tax0'

2018-06-10 21:51:07 - [MESSAGE][PASSED] - All options with index in [1] are selected on object 'Object Repository/MOH AND GRN/Page_KDMC - CMS/select_--Select--No Tax0'

2018-06-10 21:51:07 - [TEST_STEP][PASSED] - setText: Finding Test Object with id 'Object Repository/MOH AND GRN/Page_KDMC - CMS/input_txtmrp'

2018-06-10 21:51:07 - [TEST_STEP][PASSED] - Statement - switch (id): Finding Test Object with id 'Object Repository/MOH AND GRN/Page_KDMC - CMS/input_txtdeal'

2018-06-10 21:51:07 - [TEST_STEP][PASSED] - Statement - case 4:: Text '18.0' is set on object 'Object Repository/MOH AND GRN/Page_KDMC - CMS/input_txtmrp'

2018-06-10 21:51:07 - [TEST_STEP][PASSED] - Statement - return (java.lang.Math.floor((java.lang.Math.random() * ((max - min) + 1))) + min): Text '18.0' is set on object 'Object Repository/MOH AND GRN/Page_KDMC - CMS/input_txtmrp'

2018-06-10 21:51:07 - [MESSAGE][PASSED] - Text '18.0' is set on object 'Object Repository/MOH AND GRN/Page_KDMC - CMS/input_txtmrp'

2018-06-10 21:51:07 - [TEST_STEP][PASSED] - setText: Finding Test Object with id 'Object Repository/MOH AND GRN/Page_KDMC - CMS/input_txtdeal'

2018-06-10 21:51:07 - [TEST_STEP][PASSED] - Statement - switch (id): Finding Test Object with id 'Object Repository/MOH AND GRN/Page_KDMC - CMS/input_txtbatchno'

2018-06-10 21:51:07 - [TEST_STEP][PASSED] - Statement - case 5:: Text '12.0' is set on object 'Object Repository/MOH AND GRN/Page_KDMC - CMS/input_txtdeal'

2018-06-10 21:51:07 - [TEST_STEP][PASSED] - Statement - return (java.lang.Math.floor((java.lang.Math.random() * ((max - min) + 1))) + min): Text '12.0' is set on object 'Object Repository/MOH AND GRN/Page_KDMC - CMS/input_txtdeal'

2018-06-10 21:51:07 - [MESSAGE][PASSED] - Text '12.0' is set on object 'Object Repository/MOH AND GRN/Page_KDMC - CMS/input_txtdeal'

2018-06-10 21:51:07 - [TEST_STEP][PASSED] - setText: Finding Test Object with id 'Object Repository/MOH AND GRN/Page_KDMC - CMS/input_txtbatchno'

2018-06-10 21:51:07 - [TEST_STEP][PASSED] - Statement - switch (id): Finding Test Object with id 'Object Repository/MOH AND GRN/Page_KDMC - CMS/input_txtmrp'

2018-06-10 21:51:07 - [TEST_STEP][PASSED] - Statement - case 1:: Text 'BA464.0' is set on object 'Object Repository/MOH AND GRN/Page_KDMC - CMS/input_txtbatchno'

2018-06-10 21:51:07 - [TEST_STEP][PASSED] - Statement - return (java.lang.Math.floor((java.lang.Math.random() * ((max - min) + 1))) + min): Text 'BA464.0' is set on object 'Object Repository/MOH AND GRN/Page_KDMC - CMS/input_txtbatchno'

2018-06-10 21:51:07 - [MESSAGE][PASSED] - Text 'BA464.0' is set on object 'Object Repository/MOH AND GRN/Page_KDMC - CMS/input_txtbatchno'

2018-06-10 21:51:07 - [TEST_STEP][PASSED] - rightClick: Object: 'Object Repository/GRN/Page_KDMC - CMS/input_txtexpdate' is right clicked on

2018-06-10 21:51:07 - [MESSAGE][PASSED] - Object: 'Object Repository/GRN/Page_KDMC - CMS/input_txtexpdate' is right clicked on

2018-06-10 21:51:07 - [TEST_STEP][PASSED] - selectOptionByIndex: All options with index in [8] are selected on object 'Object Repository/GRN/Page_KDMC - CMS/select_20182019202020212022202'

2018-06-10 21:51:07 - [MESSAGE][PASSED] - All options with index in [8] are selected on object 'Object Repository/GRN/Page_KDMC - CMS/select_20182019202020212022202'

2018-06-10 21:51:07 - [TEST_STEP][PASSED] - selectOptionByIndex: All options with index in [8] are selected on object 'Object Repository/GRN/Page_KDMC - CMS/select_JanFebMarAprMayJunJulAu'

2018-06-10 21:51:07 - [MESSAGE][PASSED] - All options with index in [8] are selected on object 'Object Repository/GRN/Page_KDMC - CMS/select_JanFebMarAprMayJunJulAu'

2018-06-10 21:51:07 - [TEST_STEP][PASSED] - click: Object: 'Object Repository/MOH AND GRN/Page_KDMC - CMS/a_12' is clicked on

2018-06-10 21:51:08 - [MESSAGE][PASSED] - Object: 'Object Repository/MOH AND GRN/Page_KDMC - CMS/a_12' is clicked on

2018-06-10 21:51:08 - [TEST_STEP][PASSED] - click: Object: 'Object Repository/MOH AND GRN/Page_KDMC - CMS/input_btnadd' is clicked on

2018-06-10 21:51:08 - [MESSAGE][PASSED] - Object: 'Object Repository/MOH AND GRN/Page_KDMC - CMS/input_btnadd' is clicked on

2018-06-10 21:51:08 - [TEST_STEP][PASSED] - Statement - If (s == 10): null

2018-06-10 21:51:08 - [TEST_STEP][PASSED] - Statement - Else: null

2018-06-10 21:51:08 - [TEST_STEP][PASSED] - Statement - (s++): null

2018-06-10 21:51:08 - [TEST_STEP][PASSED] - delay: Delayed 1 second(s)

2018-06-10 21:51:09 - [MESSAGE][PASSED] - Delayed 1 second(s)

2018-06-10 21:51:09 - [TEST_STEP][PASSED] - selectOptionByIndex: All options with index in [9] are selected on object 'Object Repository/MOH AND GRN/Page_KDMC - CMS/select_--Select--Amikacin -500'

2018-06-10 21:51:09 - [MESSAGE][PASSED] - All options with index in [9] are selected on object 'Object Repository/MOH AND GRN/Page_KDMC - CMS/select_--Select--Amikacin -500'

2018-06-10 21:51:09 - [TEST_STEP][PASSED] - setText: Text '5000' is set on object 'Object Repository/MOH AND GRN/Page_KDMC - CMS/input_txtqty'

2018-06-10 21:51:09 - [MESSAGE][PASSED] - Text '5000' is set on object 'Object Repository/MOH AND GRN/Page_KDMC - CMS/input_txtqty'

2018-06-10 21:51:09 - [TEST_STEP][PASSED] - selectOptionByIndex: All options with index in [1] are selected on object 'Object Repository/MOH AND GRN/Page_KDMC - CMS/select_--Select--No Tax0'

2018-06-10 21:51:09 - [MESSAGE][PASSED] - All options with index in [1] are selected on object 'Object Repository/MOH AND GRN/Page_KDMC - CMS/select_--Select--No Tax0'

2018-06-10 21:51:09 - [TEST_STEP][PASSED] - setText: Finding Test Object with id 'Object Repository/MOH AND GRN/Page_KDMC - CMS/input_txtmrp'

2018-06-10 21:51:09 - [TEST_STEP][PASSED] - Statement - switch (id): Finding Test Object with id 'Object Repository/MOH AND GRN/Page_KDMC - CMS/input_txtdeal'

2018-06-10 21:51:09 - [TEST_STEP][PASSED] - Statement - case 4:: Text '17.0' is set on object 'Object Repository/MOH AND GRN/Page_KDMC - CMS/input_txtmrp'

2018-06-10 21:51:09 - [TEST_STEP][PASSED] - Statement - return (java.lang.Math.floor((java.lang.Math.random() * ((max - min) + 1))) + min): Text '17.0' is set on object 'Object Repository/MOH AND GRN/Page_KDMC - CMS/input_txtmrp'

2018-06-10 21:51:09 - [MESSAGE][PASSED] - Text '17.0' is set on object 'Object Repository/MOH AND GRN/Page_KDMC - CMS/input_txtmrp'

2018-06-10 21:51:09 - [TEST_STEP][PASSED] - setText: Finding Test Object with id 'Object Repository/MOH AND GRN/Page_KDMC - CMS/input_txtdeal'

2018-06-10 21:51:09 - [TEST_STEP][PASSED] - Statement - switch (id): Finding Test Object with id 'Object Repository/MOH AND GRN/Page_KDMC - CMS/input_txtbatchno'

2018-06-10 21:51:09 - [TEST_STEP][PASSED] - Statement - case 5:: Text '9.0' is set on object 'Object Repository/MOH AND GRN/Page_KDMC - CMS/input_txtdeal'

2018-06-10 21:51:09 - [TEST_STEP][PASSED] - Statement - return (java.lang.Math.floor((java.lang.Math.random() * ((max - min) + 1))) + min): Text '9.0' is set on object 'Object Repository/MOH AND GRN/Page_KDMC - CMS/input_txtdeal'

2018-06-10 21:51:09 - [MESSAGE][PASSED] - Text '9.0' is set on object 'Object Repository/MOH AND GRN/Page_KDMC - CMS/input_txtdeal'

2018-06-10 21:51:09 - [TEST_STEP][PASSED] - setText: Finding Test Object with id 'Object Repository/MOH AND GRN/Page_KDMC - CMS/input_txtbatchno'

2018-06-10 21:51:09 - [TEST_STEP][PASSED] - Statement - switch (id): Finding Test Object with id 'Object Repository/MOH AND GRN/Page_KDMC - CMS/input_txtmrp'

2018-06-10 21:51:09 - [TEST_STEP][PASSED] - Statement - case 1:: Text 'BA639.0' is set on object 'Object Repository/MOH AND GRN/Page_KDMC - CMS/input_txtbatchno'

2018-06-10 21:51:09 - [TEST_STEP][PASSED] - Statement - return (java.lang.Math.floor((java.lang.Math.random() * ((max - min) + 1))) + min): Text 'BA639.0' is set on object 'Object Repository/MOH AND GRN/Page_KDMC - CMS/input_txtbatchno'

2018-06-10 21:51:09 - [MESSAGE][PASSED] - Text 'BA639.0' is set on object 'Object Repository/MOH AND GRN/Page_KDMC - CMS/input_txtbatchno'

2018-06-10 21:51:09 - [TEST_STEP][PASSED] - rightClick: Object: 'Object Repository/GRN/Page_KDMC - CMS/input_txtexpdate' is right clicked on

2018-06-10 21:51:09 - [MESSAGE][PASSED] - Object: 'Object Repository/GRN/Page_KDMC - CMS/input_txtexpdate' is right clicked on

2018-06-10 21:51:09 - [TEST_STEP][PASSED] - selectOptionByIndex: All options with index in [9] are selected on object 'Object Repository/GRN/Page_KDMC - CMS/select_20182019202020212022202'

2018-06-10 21:51:10 - [MESSAGE][PASSED] - All options with index in [9] are selected on object 'Object Repository/GRN/Page_KDMC - CMS/select_20182019202020212022202'

2018-06-10 21:51:10 - [TEST_STEP][PASSED] - selectOptionByIndex: All options with index in [9] are selected on object 'Object Repository/GRN/Page_KDMC - CMS/select_JanFebMarAprMayJunJulAu'

2018-06-10 21:51:10 - [MESSAGE][PASSED] - All options with index in [9] are selected on object 'Object Repository/GRN/Page_KDMC - CMS/select_JanFebMarAprMayJunJulAu'

2018-06-10 21:51:10 - [TEST_STEP][PASSED] - click: Object: 'Object Repository/MOH AND GRN/Page_KDMC - CMS/a_12' is clicked on

2018-06-10 21:51:10 - [MESSAGE][PASSED] - Object: 'Object Repository/MOH AND GRN/Page_KDMC - CMS/a_12' is clicked on

2018-06-10 21:51:10 - [TEST_STEP][PASSED] - click: Object: 'Object Repository/MOH AND GRN/Page_KDMC - CMS/input_btnadd' is clicked on

2018-06-10 21:51:10 - [MESSAGE][PASSED] - Object: 'Object Repository/MOH AND GRN/Page_KDMC - CMS/input_btnadd' is clicked on

2018-06-10 21:51:10 - [TEST_STEP][PASSED] - Statement - If (s == 10): null

2018-06-10 21:51:10 - [TEST_STEP][PASSED] - Statement - Else: null

2018-06-10 21:51:10 - [TEST_STEP][PASSED] - Statement - (s++): null

2018-06-10 21:51:10 - [TEST_STEP][PASSED] - delay: Delayed 1 second(s)

2018-06-10 21:51:11 - [MESSAGE][PASSED] - Delayed 1 second(s)

2018-06-10 21:51:11 - [TEST_STEP][PASSED] - selectOptionByIndex: All options with index in [10] are selected on object 'Object Repository/MOH AND GRN/Page_KDMC - CMS/select_--Select--Amikacin -500'

2018-06-10 21:51:11 - [MESSAGE][PASSED] - All options with index in [10] are selected on object 'Object Repository/MOH AND GRN/Page_KDMC - CMS/select_--Select--Amikacin -500'

2018-06-10 21:51:11 - [TEST_STEP][PASSED] - setText: Text '5000' is set on object 'Object Repository/MOH AND GRN/Page_KDMC - CMS/input_txtqty'

2018-06-10 21:51:11 - [MESSAGE][PASSED] - Text '5000' is set on object 'Object Repository/MOH AND GRN/Page_KDMC - CMS/input_txtqty'

2018-06-10 21:51:11 - [TEST_STEP][PASSED] - selectOptionByIndex: All options with index in [1] are selected on object 'Object Repository/MOH AND GRN/Page_KDMC - CMS/select_--Select--No Tax0'

2018-06-10 21:51:12 - [MESSAGE][PASSED] - All options with index in [1] are selected on object 'Object Repository/MOH AND GRN/Page_KDMC - CMS/select_--Select--No Tax0'

2018-06-10 21:51:12 - [TEST_STEP][PASSED] - setText: Finding Test Object with id 'Object Repository/MOH AND GRN/Page_KDMC - CMS/input_txtmrp'

2018-06-10 21:51:12 - [TEST_STEP][PASSED] - Statement - switch (id): Finding Test Object with id 'Object Repository/MOH AND GRN/Page_KDMC - CMS/input_txtdeal'

2018-06-10 21:51:12 - [TEST_STEP][PASSED] - Statement - case 4:: Text '29.0' is set on object 'Object Repository/MOH AND GRN/Page_KDMC - CMS/input_txtmrp'

2018-06-10 21:51:12 - [TEST_STEP][PASSED] - Statement - return (java.lang.Math.floor((java.lang.Math.random() * ((max - min) + 1))) + min): Text '29.0' is set on object 'Object Repository/MOH AND GRN/Page_KDMC - CMS/input_txtmrp'

2018-06-10 21:51:12 - [MESSAGE][PASSED] - Text '29.0' is set on object 'Object Repository/MOH AND GRN/Page_KDMC - CMS/input_txtmrp'

2018-06-10 21:51:12 - [TEST_STEP][PASSED] - setText: Finding Test Object with id 'Object Repository/MOH AND GRN/Page_KDMC - CMS/input_txtdeal'

2018-06-10 21:51:12 - [TEST_STEP][PASSED] - Statement - switch (id): Finding Test Object with id 'Object Repository/MOH AND GRN/Page_KDMC - CMS/input_txtbatchno'

2018-06-10 21:51:12 - [TEST_STEP][PASSED] - Statement - case 5:: Text '5.0' is set on object 'Object Repository/MOH AND GRN/Page_KDMC - CMS/input_txtdeal'

2018-06-10 21:51:12 - [TEST_STEP][PASSED] - Statement - return (java.lang.Math.floor((java.lang.Math.random() * ((max - min) + 1))) + min): Text '5.0' is set on object 'Object Repository/MOH AND GRN/Page_KDMC - CMS/input_txtdeal'

2018-06-10 21:51:12 - [MESSAGE][PASSED] - Text '5.0' is set on object 'Object Repository/MOH AND GRN/Page_KDMC - CMS/input_txtdeal'

2018-06-10 21:51:12 - [TEST_STEP][PASSED] - setText: Finding Test Object with id 'Object Repository/MOH AND GRN/Page_KDMC - CMS/input_txtbatchno'

2018-06-10 21:51:12 - [TEST_STEP][PASSED] - Statement - switch (id): Finding Test Object with id 'Object Repository/MOH AND GRN/Page_KDMC - CMS/input_txtmrp'

2018-06-10 21:51:12 - [TEST_STEP][PASSED] - Statement - case 1:: Text 'BA435.0' is set on object 'Object Repository/MOH AND GRN/Page_KDMC - CMS/input_txtbatchno'

2018-06-10 21:51:12 - [TEST_STEP][PASSED] - Statement - return (java.lang.Math.floor((java.lang.Math.random() * ((max - min) + 1))) + min): Text 'BA435.0' is set on object 'Object Repository/MOH AND GRN/Page_KDMC - CMS/input_txtbatchno'

2018-06-10 21:51:12 - [MESSAGE][PASSED] - Text 'BA435.0' is set on object 'Object Repository/MOH AND GRN/Page_KDMC - CMS/input_txtbatchno'

2018-06-10 21:51:12 - [TEST_STEP][PASSED] - rightClick: Object: 'Object Repository/GRN/Page_KDMC - CMS/input_txtexpdate' is right clicked on

2018-06-10 21:51:12 - [MESSAGE][PASSED] - Object: 'Object Repository/GRN/Page_KDMC - CMS/input_txtexpdate' is right clicked on

2018-06-10 21:51:12 - [TEST_STEP][PASSED] - selectOptionByIndex: All options with index in [10] are selected on object 'Object Repository/GRN/Page_KDMC - CMS/select_20182019202020212022202'

2018-06-10 21:51:12 - [MESSAGE][PASSED] - All options with index in [10] are selected on object 'Object Repository/GRN/Page_KDMC - CMS/select_20182019202020212022202'

2018-06-10 21:51:12 - [TEST_STEP][PASSED] - selectOptionByIndex: All options with index in [10] are selected on object 'Object Repository/GRN/Page_KDMC - CMS/select_JanFebMarAprMayJunJulAu'

2018-06-10 21:51:12 - [MESSAGE][PASSED] - All options with index in [10] are selected on object 'Object Repository/GRN/Page_KDMC - CMS/select_JanFebMarAprMayJunJulAu'

2018-06-10 21:51:12 - [TEST_STEP][PASSED] - click: Object: 'Object Repository/MOH AND GRN/Page_KDMC - CMS/a_12' is clicked on

2018-06-10 21:51:12 - [MESSAGE][PASSED] - Object: 'Object Repository/MOH AND GRN/Page_KDMC - CMS/a_12' is clicked on

2018-06-10 21:51:12 - [TEST_STEP][PASSED] - click: Object: 'Object Repository/MOH AND GRN/Page_KDMC - CMS/input_btnadd' is clicked on

2018-06-10 21:51:13 - [MESSAGE][PASSED] - Object: 'Object Repository/MOH AND GRN/Page_KDMC - CMS/input_btnadd' is clicked on

2018-06-10 21:51:13 - [TEST_STEP][PASSED] - Statement - If (s == 10): null

2018-06-10 21:51:13 - [TEST_STEP][PASSED] - Statement - s = 1: null

2018-06-10 21:51:13 - [TEST_STEP][PASSED] - delay: Delayed 1 second(s)

2018-06-10 21:51:14 - [MESSAGE][PASSED] - Delayed 1 second(s)

2018-06-10 21:51:14 - [TEST_STEP][PASSED] - selectOptionByIndex: All options with index in [11] are selected on object 'Object Repository/MOH AND GRN/Page_KDMC - CMS/select_--Select--Amikacin -500'

2018-06-10 21:51:14 - [MESSAGE][PASSED] - All options with index in [11] are selected on object 'Object Repository/MOH AND GRN/Page_KDMC - CMS/select_--Select--Amikacin -500'

2018-06-10 21:51:14 - [TEST_STEP][PASSED] - setText: Text '5000' is set on object 'Object Repository/MOH AND GRN/Page_KDMC - CMS/input_txtqty'

2018-06-10 21:51:14 - [MESSAGE][PASSED] - Text '5000' is set on object 'Object Repository/MOH AND GRN/Page_KDMC - CMS/input_txtqty'

2018-06-10 21:51:14 - [TEST_STEP][PASSED] - selectOptionByIndex: All options with index in [1] are selected on object 'Object Repository/MOH AND GRN/Page_KDMC - CMS/select_--Select--No Tax0'

2018-06-10 21:51:14 - [MESSAGE][PASSED] - All options with index in [1] are selected on object 'Object Repository/MOH AND GRN/Page_KDMC - CMS/select_--Select--No Tax0'

2018-06-10 21:51:14 - [TEST_STEP][PASSED] - setText: Finding Test Object with id 'Object Repository/MOH AND GRN/Page_KDMC - CMS/input_txtmrp'

2018-06-10 21:51:14 - [TEST_STEP][PASSED] - Statement - switch (id): Finding Test Object with id 'Object Repository/MOH AND GRN/Page_KDMC - CMS/input_txtdeal'

2018-06-10 21:51:14 - [TEST_STEP][PASSED] - Statement - case 4:: Text '39.0' is set on object 'Object Repository/MOH AND GRN/Page_KDMC - CMS/input_txtmrp'

2018-06-10 21:51:14 - [TEST_STEP][PASSED] - Statement - return (java.lang.Math.floor((java.lang.Math.random() * ((max - min) + 1))) + min): Text '39.0' is set on object 'Object Repository/MOH AND GRN/Page_KDMC - CMS/input_txtmrp'

2018-06-10 21:51:14 - [MESSAGE][PASSED] - Text '39.0' is set on object 'Object Repository/MOH AND GRN/Page_KDMC - CMS/input_txtmrp'

2018-06-10 21:51:14 - [TEST_STEP][PASSED] - setText: Finding Test Object with id 'Object Repository/MOH AND GRN/Page_KDMC - CMS/input_txtdeal'

2018-06-10 21:51:14 - [TEST_STEP][PASSED] - Statement - switch (id): Finding Test Object with id 'Object Repository/MOH AND GRN/Page_KDMC - CMS/input_txtbatchno'

2018-06-10 21:51:14 - [TEST_STEP][PASSED] - Statement - case 5:: Text '4.0' is set on object 'Object Repository/MOH AND GRN/Page_KDMC - CMS/input_txtdeal'

2018-06-10 21:51:14 - [TEST_STEP][PASSED] - Statement - return (java.lang.Math.floor((java.lang.Math.random() * ((max - min) + 1))) + min): Text '4.0' is set on object 'Object Repository/MOH AND GRN/Page_KDMC - CMS/input_txtdeal'

2018-06-10 21:51:14 - [MESSAGE][PASSED] - Text '4.0' is set on object 'Object Repository/MOH AND GRN/Page_KDMC - CMS/input_txtdeal'

2018-06-10 21:51:14 - [TEST_STEP][PASSED] - setText: Finding Test Object with id 'Object Repository/MOH AND GRN/Page_KDMC - CMS/input_txtbatchno'

2018-06-10 21:51:14 - [TEST_STEP][PASSED] - Statement - switch (id): Finding Test Object with id 'Object Repository/MOH AND GRN/Page_KDMC - CMS/input_txtmrp'

2018-06-10 21:51:14 - [TEST_STEP][PASSED] - Statement - case 1:: Text 'BA204.0' is set on object 'Object Repository/MOH AND GRN/Page_KDMC - CMS/input_txtbatchno'

2018-06-10 21:51:14 - [TEST_STEP][PASSED] - Statement - return (java.lang.Math.floor((java.lang.Math.random() * ((max - min) + 1))) + min): Text 'BA204.0' is set on object 'Object Repository/MOH AND GRN/Page_KDMC - CMS/input_txtbatchno'

2018-06-10 21:51:14 - [MESSAGE][PASSED] - Text 'BA204.0' is set on object 'Object Repository/MOH AND GRN/Page_KDMC - CMS/input_txtbatchno'

2018-06-10 21:51:14 - [TEST_STEP][PASSED] - rightClick: Object: 'Object Repository/GRN/Page_KDMC - CMS/input_txtexpdate' is right clicked on

2018-06-10 21:51:14 - [MESSAGE][PASSED] - Object: 'Object Repository/GRN/Page_KDMC - CMS/input_txtexpdate' is right clicked on

2018-06-10 21:51:14 - [TEST_STEP][PASSED] - selectOptionByIndex: All options with index in [1] are selected on object 'Object Repository/GRN/Page_KDMC - CMS/select_20182019202020212022202'

2018-06-10 21:51:15 - [MESSAGE][PASSED] - All options with index in [1] are selected on object 'Object Repository/GRN/Page_KDMC - CMS/select_20182019202020212022202'

2018-06-10 21:51:15 - [TEST_STEP][PASSED] - selectOptionByIndex: All options with index in [1] are selected on object 'Object Repository/GRN/Page_KDMC - CMS/select_JanFebMarAprMayJunJulAu'

2018-06-10 21:51:15 - [MESSAGE][PASSED] - All options with index in [1] are selected on object 'Object Repository/GRN/Page_KDMC - CMS/select_JanFebMarAprMayJunJulAu'

2018-06-10 21:51:15 - [TEST_STEP][PASSED] - click: Object: 'Object Repository/MOH AND GRN/Page_KDMC - CMS/a_12' is clicked on

2018-06-10 21:51:15 - [MESSAGE][PASSED] - Object: 'Object Repository/MOH AND GRN/Page_KDMC - CMS/a_12' is clicked on

2018-06-10 21:51:15 - [TEST_STEP][PASSED] - click: Object: 'Object Repository/MOH AND GRN/Page_KDMC - CMS/input_btnadd' is clicked on

2018-06-10 21:51:15 - [MESSAGE][PASSED] - Object: 'Object Repository/MOH AND GRN/Page_KDMC - CMS/input_btnadd' is clicked on

2018-06-10 21:51:15 - [TEST_STEP][PASSED] - Statement - If (s == 10): null

2018-06-10 21:51:15 - [TEST_STEP][PASSED] - Statement - Else: null

2018-06-10 21:51:15 - [TEST_STEP][PASSED] - Statement - (s++): null

2018-06-10 21:51:15 - [TEST_STEP][PASSED] - delay: Delayed 1 second(s)

2018-06-10 21:51:16 - [MESSAGE][PASSED] - Delayed 1 second(s)

2018-06-10 21:51:16 - [TEST_STEP][PASSED] - selectOptionByIndex: All options with index in [12] are selected on object 'Object Repository/MOH AND GRN/Page_KDMC - CMS/select_--Select--Amikacin -500'

2018-06-10 21:51:16 - [MESSAGE][PASSED] - All options with index in [12] are selected on object 'Object Repository/MOH AND GRN/Page_KDMC - CMS/select_--Select--Amikacin -500'

2018-06-10 21:51:16 - [TEST_STEP][PASSED] - setText: Text '5000' is set on object 'Object Repository/MOH AND GRN/Page_KDMC - CMS/input_txtqty'

2018-06-10 21:51:16 - [MESSAGE][PASSED] - Text '5000' is set on object 'Object Repository/MOH AND GRN/Page_KDMC - CMS/input_txtqty'

2018-06-10 21:51:16 - [TEST_STEP][PASSED] - selectOptionByIndex: All options with index in [1] are selected on object 'Object Repository/MOH AND GRN/Page_KDMC - CMS/select_--Select--No Tax0'

2018-06-10 21:51:16 - [MESSAGE][PASSED] - All options with index in [1] are selected on object 'Object Repository/MOH AND GRN/Page_KDMC - CMS/select_--Select--No Tax0'

2018-06-10 21:51:16 - [TEST_STEP][PASSED] - setText: Finding Test Object with id 'Object Repository/MOH AND GRN/Page_KDMC - CMS/input_txtmrp'

2018-06-10 21:51:16 - [TEST_STEP][PASSED] - Statement - switch (id): Finding Test Object with id 'Object Repository/MOH AND GRN/Page_KDMC - CMS/input_txtdeal'

2018-06-10 21:51:16 - [TEST_STEP][PASSED] - Statement - case 4:: Text '42.0' is set on object 'Object Repository/MOH AND GRN/Page_KDMC - CMS/input_txtmrp'

2018-06-10 21:51:16 - [TEST_STEP][PASSED] - Statement - return (java.lang.Math.floor((java.lang.Math.random() * ((max - min) + 1))) + min): Text '42.0' is set on object 'Object Repository/MOH AND GRN/Page_KDMC - CMS/input_txtmrp'

2018-06-10 21:51:16 - [MESSAGE][PASSED] - Text '42.0' is set on object 'Object Repository/MOH AND GRN/Page_KDMC - CMS/input_txtmrp'

2018-06-10 21:51:16 - [TEST_STEP][PASSED] - setText: Finding Test Object with id 'Object Repository/MOH AND GRN/Page_KDMC - CMS/input_txtdeal'

2018-06-10 21:51:16 - [TEST_STEP][PASSED] - Statement - switch (id): Finding Test Object with id 'Object Repository/MOH AND GRN/Page_KDMC - CMS/input_txtbatchno'

2018-06-10 21:51:16 - [TEST_STEP][PASSED] - Statement - case 5:: Text '7.0' is set on object 'Object Repository/MOH AND GRN/Page_KDMC - CMS/input_txtdeal'

2018-06-10 21:51:16 - [TEST_STEP][PASSED] - Statement - return (java.lang.Math.floor((java.lang.Math.random() * ((max - min) + 1))) + min): Text '7.0' is set on object 'Object Repository/MOH AND GRN/Page_KDMC - CMS/input_txtdeal'

2018-06-10 21:51:17 - [MESSAGE][PASSED] - Text '7.0' is set on object 'Object Repository/MOH AND GRN/Page_KDMC - CMS/input_txtdeal'

2018-06-10 21:51:17 - [TEST_STEP][PASSED] - setText: Finding Test Object with id 'Object Repository/MOH AND GRN/Page_KDMC - CMS/input_txtbatchno'

2018-06-10 21:51:17 - [TEST_STEP][PASSED] - Statement - switch (id): Finding Test Object with id 'Object Repository/MOH AND GRN/Page_KDMC - CMS/input_txtmrp'

2018-06-10 21:51:17 - [TEST_STEP][PASSED] - Statement - case 1:: Text 'BA778.0' is set on object 'Object Repository/MOH AND GRN/Page_KDMC - CMS/input_txtbatchno'

2018-06-10 21:51:17 - [TEST_STEP][PASSED] - Statement - return (java.lang.Math.floor((java.lang.Math.random() * ((max - min) + 1))) + min): Text 'BA778.0' is set on object 'Object Repository/MOH AND GRN/Page_KDMC - CMS/input_txtbatchno'

2018-06-10 21:51:17 - [MESSAGE][PASSED] - Text 'BA778.0' is set on object 'Object Repository/MOH AND GRN/Page_KDMC - CMS/input_txtbatchno'

2018-06-10 21:51:17 - [TEST_STEP][PASSED] - rightClick: Object: 'Object Repository/GRN/Page_KDMC - CMS/input_txtexpdate' is right clicked on

2018-06-10 21:51:17 - [MESSAGE][PASSED] - Object: 'Object Repository/GRN/Page_KDMC - CMS/input_txtexpdate' is right clicked on

2018-06-10 21:51:17 - [TEST_STEP][PASSED] - selectOptionByIndex: All options with index in [2] are selected on object 'Object Repository/GRN/Page_KDMC - CMS/select_20182019202020212022202'

2018-06-10 21:51:17 - [MESSAGE][PASSED] - All options with index in [2] are selected on object 'Object Repository/GRN/Page_KDMC - CMS/select_20182019202020212022202'

2018-06-10 21:51:17 - [TEST_STEP][PASSED] - selectOptionByIndex: All options with index in [2] are selected on object 'Object Repository/GRN/Page_KDMC - CMS/select_JanFebMarAprMayJunJulAu'

2018-06-10 21:51:17 - [MESSAGE][PASSED] - All options with index in [2] are selected on object 'Object Repository/GRN/Page_KDMC - CMS/select_JanFebMarAprMayJunJulAu'

2018-06-10 21:51:17 - [TEST_STEP][PASSED] - click: Object: 'Object Repository/MOH AND GRN/Page_KDMC - CMS/a_12' is clicked on

2018-06-10 21:51:17 - [MESSAGE][PASSED] - Object: 'Object Repository/MOH AND GRN/Page_KDMC - CMS/a_12' is clicked on

2018-06-10 21:51:17 - [TEST_STEP][PASSED] - click: Object: 'Object Repository/MOH AND GRN/Page_KDMC - CMS/input_btnadd' is clicked on

2018-06-10 21:51:17 - [MESSAGE][PASSED] - Object: 'Object Repository/MOH AND GRN/Page_KDMC - CMS/input_btnadd' is clicked on

2018-06-10 21:51:17 - [TEST_STEP][PASSED] - Statement - If (s == 10): null

2018-06-10 21:51:17 - [TEST_STEP][PASSED] - Statement - Else: null

2018-06-10 21:51:17 - [TEST_STEP][PASSED] - Statement - (s++): null

2018-06-10 21:51:17 - [TEST_STEP][PASSED] - delay: Delayed 1 second(s)

2018-06-10 21:51:18 - [MESSAGE][PASSED] - Delayed 1 second(s)

2018-06-10 21:51:18 - [TEST_STEP][PASSED] - selectOptionByIndex: All options with index in [13] are selected on object 'Object Repository/MOH AND GRN/Page_KDMC - CMS/select_--Select--Amikacin -500'

2018-06-10 21:51:18 - [MESSAGE][PASSED] - All options with index in [13] are selected on object 'Object Repository/MOH AND GRN/Page_KDMC - CMS/select_--Select--Amikacin -500'

2018-06-10 21:51:18 - [TEST_STEP][PASSED] - setText: Text '5000' is set on object 'Object Repository/MOH AND GRN/Page_KDMC - CMS/input_txtqty'

2018-06-10 21:51:19 - [MESSAGE][PASSED] - Text '5000' is set on object 'Object Repository/MOH AND GRN/Page_KDMC - CMS/input_txtqty'

2018-06-10 21:51:19 - [TEST_STEP][PASSED] - selectOptionByIndex: All options with index in [1] are selected on object 'Object Repository/MOH AND GRN/Page_KDMC - CMS/select_--Select--No Tax0'

2018-06-10 21:51:19 - [MESSAGE][PASSED] - All options with index in [1] are selected on object 'Object Repository/MOH AND GRN/Page_KDMC - CMS/select_--Select--No Tax0'

2018-06-10 21:51:19 - [TEST_STEP][PASSED] - setText: Finding Test Object with id 'Object Repository/MOH AND GRN/Page_KDMC - CMS/input_txtmrp'

2018-06-10 21:51:19 - [TEST_STEP][PASSED] - Statement - switch (id): Finding Test Object with id 'Object Repository/MOH AND GRN/Page_KDMC - CMS/input_txtdeal'

2018-06-10 21:51:19 - [TEST_STEP][PASSED] - Statement - case 4:: Text '37.0' is set on object 'Object Repository/MOH AND GRN/Page_KDMC - CMS/input_txtmrp'

2018-06-10 21:51:19 - [TEST_STEP][PASSED] - Statement - return (java.lang.Math.floor((java.lang.Math.random() * ((max - min) + 1))) + min): Text '37.0' is set on object 'Object Repository/MOH AND GRN/Page_KDMC - CMS/input_txtmrp'

2018-06-10 21:51:19 - [MESSAGE][PASSED] - Text '37.0' is set on object 'Object Repository/MOH AND GRN/Page_KDMC - CMS/input_txtmrp'

2018-06-10 21:51:19 - [TEST_STEP][PASSED] - setText: Finding Test Object with id 'Object Repository/MOH AND GRN/Page_KDMC - CMS/input_txtdeal'

2018-06-10 21:51:19 - [TEST_STEP][PASSED] - Statement - switch (id): Finding Test Object with id 'Object Repository/MOH AND GRN/Page_KDMC - CMS/input_txtbatchno'

2018-06-10 21:51:19 - [TEST_STEP][PASSED] - Statement - case 5:: Text '10.0' is set on object 'Object Repository/MOH AND GRN/Page_KDMC - CMS/input_txtdeal'

2018-06-10 21:51:19 - [TEST_STEP][PASSED] - Statement - return (java.lang.Math.floor((java.lang.Math.random() * ((max - min) + 1))) + min): Text '10.0' is set on object 'Object Repository/MOH AND GRN/Page_KDMC - CMS/input_txtdeal'

2018-06-10 21:51:19 - [MESSAGE][PASSED] - Text '10.0' is set on object 'Object Repository/MOH AND GRN/Page_KDMC - CMS/input_txtdeal'

2018-06-10 21:51:19 - [TEST_STEP][PASSED] - setText: Finding Test Object with id 'Object Repository/MOH AND GRN/Page_KDMC - CMS/input_txtbatchno'

2018-06-10 21:51:19 - [TEST_STEP][PASSED] - Statement - switch (id): Finding Test Object with id 'Object Repository/MOH AND GRN/Page_KDMC - CMS/input_txtmrp'

2018-06-10 21:51:19 - [TEST_STEP][PASSED] - Statement - case 1:: Text 'BA532.0' is set on object 'Object Repository/MOH AND GRN/Page_KDMC - CMS/input_txtbatchno'

2018-06-10 21:51:19 - [TEST_STEP][PASSED] - Statement - return (java.lang.Math.floor((java.lang.Math.random() * ((max - min) + 1))) + min): Text 'BA532.0' is set on object 'Object Repository/MOH AND GRN/Page_KDMC - CMS/input_txtbatchno'

2018-06-10 21:51:19 - [MESSAGE][PASSED] - Text 'BA532.0' is set on object 'Object Repository/MOH AND GRN/Page_KDMC - CMS/input_txtbatchno'

2018-06-10 21:51:19 - [TEST_STEP][PASSED] - rightClick: Object: 'Object Repository/GRN/Page_KDMC - CMS/input_txtexpdate' is right clicked on

2018-06-10 21:51:19 - [MESSAGE][PASSED] - Object: 'Object Repository/GRN/Page_KDMC - CMS/input_txtexpdate' is right clicked on

2018-06-10 21:51:19 - [TEST_STEP][PASSED] - selectOptionByIndex: All options with index in [3] are selected on object 'Object Repository/GRN/Page_KDMC - CMS/select_20182019202020212022202'

2018-06-10 21:51:19 - [MESSAGE][PASSED] - All options with index in [3] are selected on object 'Object Repository/GRN/Page_KDMC - CMS/select_20182019202020212022202'

2018-06-10 21:51:19 - [TEST_STEP][PASSED] - selectOptionByIndex: All options with index in [3] are selected on object 'Object Repository/GRN/Page_KDMC - CMS/select_JanFebMarAprMayJunJulAu'

2018-06-10 21:51:19 - [MESSAGE][PASSED] - All options with index in [3] are selected on object 'Object Repository/GRN/Page_KDMC - CMS/select_JanFebMarAprMayJunJulAu'

2018-06-10 21:51:19 - [TEST_STEP][PASSED] - click: Object: 'Object Repository/MOH AND GRN/Page_KDMC - CMS/a_12' is clicked on

2018-06-10 21:51:19 - [MESSAGE][PASSED] - Object: 'Object Repository/MOH AND GRN/Page_KDMC - CMS/a_12' is clicked on

2018-06-10 21:51:19 - [TEST_STEP][PASSED] - click: Object: 'Object Repository/MOH AND GRN/Page_KDMC - CMS/input_btnadd' is clicked on

2018-06-10 21:51:20 - [MESSAGE][PASSED] - Object: 'Object Repository/MOH AND GRN/Page_KDMC - CMS/input_btnadd' is clicked on

2018-06-10 21:51:20 - [TEST_STEP][PASSED] - Statement - If (s == 10): null

2018-06-10 21:51:20 - [TEST_STEP][PASSED] - Statement - Else: null

2018-06-10 21:51:20 - [TEST_STEP][PASSED] - Statement - (s++): null

2018-06-10 21:51:20 - [TEST_STEP][PASSED] - delay: Delayed 1 second(s)

2018-06-10 21:51:21 - [MESSAGE][PASSED] - Delayed 1 second(s)

2018-06-10 21:51:21 - [TEST_STEP][PASSED] - selectOptionByIndex: All options with index in [14] are selected on object 'Object Repository/MOH AND GRN/Page_KDMC - CMS/select_--Select--Amikacin -500'

2018-06-10 21:51:21 - [MESSAGE][PASSED] - All options with index in [14] are selected on object 'Object Repository/MOH AND GRN/Page_KDMC - CMS/select_--Select--Amikacin -500'

2018-06-10 21:51:21 - [TEST_STEP][PASSED] - setText: Text '5000' is set on object 'Object Repository/MOH AND GRN/Page_KDMC - CMS/input_txtqty'

2018-06-10 21:51:21 - [MESSAGE][PASSED] - Text '5000' is set on object 'Object Repository/MOH AND GRN/Page_KDMC - CMS/input_txtqty'

2018-06-10 21:51:21 - [TEST_STEP][PASSED] - selectOptionByIndex: All options with index in [1] are selected on object 'Object Repository/MOH AND GRN/Page_KDMC - CMS/select_--Select--No Tax0'

2018-06-10 21:51:21 - [MESSAGE][PASSED] - All options with index in [1] are selected on object 'Object Repository/MOH AND GRN/Page_KDMC - CMS/select_--Select--No Tax0'

2018-06-10 21:51:21 - [TEST_STEP][PASSED] - setText: Finding Test Object with id 'Object Repository/MOH AND GRN/Page_KDMC - CMS/input_txtmrp'

2018-06-10 21:51:21 - [TEST_STEP][PASSED] - Statement - switch (id): Finding Test Object with id 'Object Repository/MOH AND GRN/Page_KDMC - CMS/input_txtdeal'

2018-06-10 21:51:21 - [TEST_STEP][PASSED] - Statement - case 4:: Text '29.0' is set on object 'Object Repository/MOH AND GRN/Page_KDMC - CMS/input_txtmrp'

2018-06-10 21:51:21 - [TEST_STEP][PASSED] - Statement - return (java.lang.Math.floor((java.lang.Math.random() * ((max - min) + 1))) + min): Text '29.0' is set on object 'Object Repository/MOH AND GRN/Page_KDMC - CMS/input_txtmrp'

2018-06-10 21:51:21 - [MESSAGE][PASSED] - Text '29.0' is set on object 'Object Repository/MOH AND GRN/Page_KDMC - CMS/input_txtmrp'

2018-06-10 21:51:21 - [TEST_STEP][PASSED] - setText: Finding Test Object with id 'Object Repository/MOH AND GRN/Page_KDMC - CMS/input_txtdeal'

2018-06-10 21:51:21 - [TEST_STEP][PASSED] - Statement - switch (id): Finding Test Object with id 'Object Repository/MOH AND GRN/Page_KDMC - CMS/input_txtbatchno'

2018-06-10 21:51:21 - [TEST_STEP][PASSED] - Statement - case 5:: Text '5.0' is set on object 'Object Repository/MOH AND GRN/Page_KDMC - CMS/input_txtdeal'

2018-06-10 21:51:21 - [TEST_STEP][PASSED] - Statement - return (java.lang.Math.floor((java.lang.Math.random() * ((max - min) + 1))) + min): Text '5.0' is set on object 'Object Repository/MOH AND GRN/Page_KDMC - CMS/input_txtdeal'

2018-06-10 21:51:21 - [MESSAGE][PASSED] - Text '5.0' is set on object 'Object Repository/MOH AND GRN/Page_KDMC - CMS/input_txtdeal'

2018-06-10 21:51:21 - [TEST_STEP][PASSED] - setText: Finding Test Object with id 'Object Repository/MOH AND GRN/Page_KDMC - CMS/input_txtbatchno'

2018-06-10 21:51:21 - [TEST_STEP][PASSED] - Statement - switch (id): Finding Test Object with id 'Object Repository/MOH AND GRN/Page_KDMC - CMS/input_txtmrp'

2018-06-10 21:51:21 - [TEST_STEP][PASSED] - Statement - case 1:: Text 'BA259.0' is set on object 'Object Repository/MOH AND GRN/Page_KDMC - CMS/input_txtbatchno'

2018-06-10 21:51:21 - [TEST_STEP][PASSED] - Statement - return (java.lang.Math.floor((java.lang.Math.random() * ((max - min) + 1))) + min): Text 'BA259.0' is set on object 'Object Repository/MOH AND GRN/Page_KDMC - CMS/input_txtbatchno'

2018-06-10 21:51:21 - [MESSAGE][PASSED] - Text 'BA259.0' is set on object 'Object Repository/MOH AND GRN/Page_KDMC - CMS/input_txtbatchno'

2018-06-10 21:51:21 - [TEST_STEP][PASSED] - rightClick: Object: 'Object Repository/GRN/Page_KDMC - CMS/input_txtexpdate' is right clicked on

2018-06-10 21:51:21 - [MESSAGE][PASSED] - Object: 'Object Repository/GRN/Page_KDMC - CMS/input_txtexpdate' is right clicked on

2018-06-10 21:51:21 - [TEST_STEP][PASSED] - selectOptionByIndex: All options with index in [4] are selected on object 'Object Repository/GRN/Page_KDMC - CMS/select_20182019202020212022202'

2018-06-10 21:51:22 - [MESSAGE][PASSED] - All options with index in [4] are selected on object 'Object Repository/GRN/Page_KDMC - CMS/select_20182019202020212022202'

2018-06-10 21:51:22 - [TEST_STEP][PASSED] - selectOptionByIndex: All options with index in [4] are selected on object 'Object Repository/GRN/Page_KDMC - CMS/select_JanFebMarAprMayJunJulAu'

2018-06-10 21:51:22 - [MESSAGE][PASSED] - All options with index in [4] are selected on object 'Object Repository/GRN/Page_KDMC - CMS/select_JanFebMarAprMayJunJulAu'

2018-06-10 21:51:22 - [TEST_STEP][PASSED] - click: Object: 'Object Repository/MOH AND GRN/Page_KDMC - CMS/a_12' is clicked on

2018-06-10 21:51:22 - [MESSAGE][PASSED] - Object: 'Object Repository/MOH AND GRN/Page_KDMC - CMS/a_12' is clicked on

2018-06-10 21:51:22 - [TEST_STEP][PASSED] - click: Object: 'Object Repository/MOH AND GRN/Page_KDMC - CMS/input_btnadd' is clicked on

2018-06-10 21:51:22 - [MESSAGE][PASSED] - Object: 'Object Repository/MOH AND GRN/Page_KDMC - CMS/input_btnadd' is clicked on

2018-06-10 21:51:22 - [TEST_STEP][PASSED] - Statement - If (s == 10): null

2018-06-10 21:51:22 - [TEST_STEP][PASSED] - Statement - Else: null

2018-06-10 21:51:22 - [TEST_STEP][PASSED] - Statement - (s++): null

2018-06-10 21:51:22 - [TEST_STEP][PASSED] - delay: Delayed 1 second(s)

2018-06-10 21:51:23 - [MESSAGE][PASSED] - Delayed 1 second(s)

2018-06-10 21:51:23 - [TEST_STEP][PASSED] - selectOptionByIndex: All options with index in [15] are selected on object 'Object Repository/MOH AND GRN/Page_KDMC - CMS/select_--Select--Amikacin -500'

2018-06-10 21:51:23 - [MESSAGE][PASSED] - All options with index in [15] are selected on object 'Object Repository/MOH AND GRN/Page_KDMC - CMS/select_--Select--Amikacin -500'

2018-06-10 21:51:23 - [TEST_STEP][PASSED] - setText: Text '5000' is set on object 'Object Repository/MOH AND GRN/Page_KDMC - CMS/input_txtqty'

2018-06-10 21:51:23 - [MESSAGE][PASSED] - Text '5000' is set on object 'Object Repository/MOH AND GRN/Page_KDMC - CMS/input_txtqty'

2018-06-10 21:51:23 - [TEST_STEP][PASSED] - selectOptionByIndex: All options with index in [1] are selected on object 'Object Repository/MOH AND GRN/Page_KDMC - CMS/select_--Select--No Tax0'

2018-06-10 21:51:23 - [MESSAGE][PASSED] - All options with index in [1] are selected on object 'Object Repository/MOH AND GRN/Page_KDMC - CMS/select_--Select--No Tax0'

2018-06-10 21:51:23 - [TEST_STEP][PASSED] - setText: Finding Test Object with id 'Object Repository/MOH AND GRN/Page_KDMC - CMS/input_txtmrp'

2018-06-10 21:51:23 - [TEST_STEP][PASSED] - Statement - switch (id): Finding Test Object with id 'Object Repository/MOH AND GRN/Page_KDMC - CMS/input_txtdeal'

2018-06-10 21:51:23 - [TEST_STEP][PASSED] - Statement - case 4:: Text '22.0' is set on object 'Object Repository/MOH AND GRN/Page_KDMC - CMS/input_txtmrp'

2018-06-10 21:51:23 - [TEST_STEP][PASSED] - Statement - return (java.lang.Math.floor((java.lang.Math.random() * ((max - min) + 1))) + min): Text '22.0' is set on object 'Object Repository/MOH AND GRN/Page_KDMC - CMS/input_txtmrp'

2018-06-10 21:51:24 - [MESSAGE][PASSED] - Text '22.0' is set on object 'Object Repository/MOH AND GRN/Page_KDMC - CMS/input_txtmrp'

2018-06-10 21:51:24 - [TEST_STEP][PASSED] - setText: Finding Test Object with id 'Object Repository/MOH AND GRN/Page_KDMC - CMS/input_txtdeal'

2018-06-10 21:51:24 - [TEST_STEP][PASSED] - Statement - switch (id): Finding Test Object with id 'Object Repository/MOH AND GRN/Page_KDMC - CMS/input_txtbatchno'

2018-06-10 21:51:24 - [TEST_STEP][PASSED] - Statement - case 5:: Text '6.0' is set on object 'Object Repository/MOH AND GRN/Page_KDMC - CMS/input_txtdeal'

2018-06-10 21:51:24 - [TEST_STEP][PASSED] - Statement - return (java.lang.Math.floor((java.lang.Math.random() * ((max - min) + 1))) + min): Text '6.0' is set on object 'Object Repository/MOH AND GRN/Page_KDMC - CMS/input_txtdeal'

2018-06-10 21:51:24 - [MESSAGE][PASSED] - Text '6.0' is set on object 'Object Repository/MOH AND GRN/Page_KDMC - CMS/input_txtdeal'

2018-06-10 21:51:24 - [TEST_STEP][PASSED] - setText: Finding Test Object with id 'Object Repository/MOH AND GRN/Page_KDMC - CMS/input_txtbatchno'

2018-06-10 21:51:24 - [TEST_STEP][PASSED] - Statement - switch (id): Finding Test Object with id 'Object Repository/MOH AND GRN/Page_KDMC - CMS/input_txtmrp'

2018-06-10 21:51:24 - [TEST_STEP][PASSED] - Statement - case 1:: Text 'BA567.0' is set on object 'Object Repository/MOH AND GRN/Page_KDMC - CMS/input_txtbatchno'

2018-06-10 21:51:24 - [TEST_STEP][PASSED] - Statement - return (java.lang.Math.floor((java.lang.Math.random() * ((max - min) + 1))) + min): Text 'BA567.0' is set on object 'Object Repository/MOH AND GRN/Page_KDMC - CMS/input_txtbatchno'

2018-06-10 21:51:24 - [MESSAGE][PASSED] - Text 'BA567.0' is set on object 'Object Repository/MOH AND GRN/Page_KDMC - CMS/input_txtbatchno'

2018-06-10 21:51:24 - [TEST_STEP][PASSED] - rightClick: Object: 'Object Repository/GRN/Page_KDMC - CMS/input_txtexpdate' is right clicked on

2018-06-10 21:51:24 - [MESSAGE][PASSED] - Object: 'Object Repository/GRN/Page_KDMC - CMS/input_txtexpdate' is right clicked on

2018-06-10 21:51:24 - [TEST_STEP][PASSED] - selectOptionByIndex: All options with index in [5] are selected on object 'Object Repository/GRN/Page_KDMC - CMS/select_20182019202020212022202'

2018-06-10 21:51:24 - [MESSAGE][PASSED] - All options with index in [5] are selected on object 'Object Repository/GRN/Page_KDMC - CMS/select_20182019202020212022202'

2018-06-10 21:51:24 - [TEST_STEP][PASSED] - selectOptionByIndex: All options with index in [5] are selected on object 'Object Repository/GRN/Page_KDMC - CMS/select_JanFebMarAprMayJunJulAu'

2018-06-10 21:51:24 - [MESSAGE][PASSED] - All options with index in [5] are selected on object 'Object Repository/GRN/Page_KDMC - CMS/select_JanFebMarAprMayJunJulAu'

2018-06-10 21:51:24 - [TEST_STEP][PASSED] - click: Object: 'Object Repository/MOH AND GRN/Page_KDMC - CMS/a_12' is clicked on

2018-06-10 21:51:24 - [MESSAGE][PASSED] - Object: 'Object Repository/MOH AND GRN/Page_KDMC - CMS/a_12' is clicked on

2018-06-10 21:51:24 - [TEST_STEP][PASSED] - click: Object: 'Object Repository/MOH AND GRN/Page_KDMC - CMS/input_btnadd' is clicked on

2018-06-10 21:51:24 - [MESSAGE][PASSED] - Object: 'Object Repository/MOH AND GRN/Page_KDMC - CMS/input_btnadd' is clicked on

2018-06-10 21:51:24 - [TEST_STEP][PASSED] - Statement - If (s == 10): null

2018-06-10 21:51:24 - [TEST_STEP][PASSED] - Statement - Else: null

2018-06-10 21:51:24 - [TEST_STEP][PASSED] - Statement - (s++): null

2018-06-10 21:51:24 - [TEST_STEP][PASSED] - delay: Delayed 1 second(s)

2018-06-10 21:51:25 - [MESSAGE][PASSED] - Delayed 1 second(s)

2018-06-10 21:51:25 - [TEST_STEP][PASSED] - selectOptionByIndex: All options with index in [16] are selected on object 'Object Repository/MOH AND GRN/Page_KDMC - CMS/select_--Select--Amikacin -500'

2018-06-10 21:51:26 - [MESSAGE][PASSED] - All options with index in [16] are selected on object 'Object Repository/MOH AND GRN/Page_KDMC - CMS/select_--Select--Amikacin -500'

2018-06-10 21:51:26 - [TEST_STEP][PASSED] - setText: Text '5000' is set on object 'Object Repository/MOH AND GRN/Page_KDMC - CMS/input_txtqty'

2018-06-10 21:51:26 - [MESSAGE][PASSED] - Text '5000' is set on object 'Object Repository/MOH AND GRN/Page_KDMC - CMS/input_txtqty'

2018-06-10 21:51:26 - [TEST_STEP][PASSED] - selectOptionByIndex: All options with index in [1] are selected on object 'Object Repository/MOH AND GRN/Page_KDMC - CMS/select_--Select--No Tax0'

2018-06-10 21:51:26 - [MESSAGE][PASSED] - All options with index in [1] are selected on object 'Object Repository/MOH AND GRN/Page_KDMC - CMS/select_--Select--No Tax0'

2018-06-10 21:51:26 - [TEST_STEP][PASSED] - setText: Finding Test Object with id 'Object Repository/MOH AND GRN/Page_KDMC - CMS/input_txtmrp'

2018-06-10 21:51:26 - [TEST_STEP][PASSED] - Statement - switch (id): Finding Test Object with id 'Object Repository/MOH AND GRN/Page_KDMC - CMS/input_txtdeal'

2018-06-10 21:51:26 - [TEST_STEP][PASSED] - Statement - case 4:: Text '21.0' is set on object 'Object Repository/MOH AND GRN/Page_KDMC - CMS/input_txtmrp'

2018-06-10 21:51:26 - [TEST_STEP][PASSED] - Statement - return (java.lang.Math.floor((java.lang.Math.random() * ((max - min) + 1))) + min): Text '21.0' is set on object 'Object Repository/MOH AND GRN/Page_KDMC - CMS/input_txtmrp'

2018-06-10 21:51:26 - [MESSAGE][PASSED] - Text '21.0' is set on object 'Object Repository/MOH AND GRN/Page_KDMC - CMS/input_txtmrp'

2018-06-10 21:51:26 - [TEST_STEP][PASSED] - setText: Finding Test Object with id 'Object Repository/MOH AND GRN/Page_KDMC - CMS/input_txtdeal'

2018-06-10 21:51:26 - [TEST_STEP][PASSED] - Statement - switch (id): Finding Test Object with id 'Object Repository/MOH AND GRN/Page_KDMC - CMS/input_txtbatchno'

2018-06-10 21:51:26 - [TEST_STEP][PASSED] - Statement - case 5:: Text '1.0' is set on object 'Object Repository/MOH AND GRN/Page_KDMC - CMS/input_txtdeal'

2018-06-10 21:51:26 - [TEST_STEP][PASSED] - Statement - return (java.lang.Math.floor((java.lang.Math.random() * ((max - min) + 1))) + min): Text '1.0' is set on object 'Object Repository/MOH AND GRN/Page_KDMC - CMS/input_txtdeal'

2018-06-10 21:51:26 - [MESSAGE][PASSED] - Text '1.0' is set on object 'Object Repository/MOH AND GRN/Page_KDMC - CMS/input_txtdeal'

2018-06-10 21:51:26 - [TEST_STEP][PASSED] - setText: Finding Test Object with id 'Object Repository/MOH AND GRN/Page_KDMC - CMS/input_txtbatchno'

2018-06-10 21:51:26 - [TEST_STEP][PASSED] - Statement - switch (id): Delayed 1 second(s)

2018-06-10 21:51:26 - [TEST_STEP][PASSED] - Statement - case 1:: Text 'BA90.0' is set on object 'Object Repository/MOH AND GRN/Page_KDMC - CMS/input_txtbatchno'

2018-06-10 21:51:26 - [TEST_STEP][PASSED] - Statement - return (java.lang.Math.floor((java.lang.Math.random() * ((max - min) + 1))) + min): Text 'BA90.0' is set on object 'Object Repository/MOH AND GRN/Page_KDMC - CMS/input_txtbatchno'

2018-06-10 21:51:26 - [MESSAGE][PASSED] - Text 'BA90.0' is set on object 'Object Repository/MOH AND GRN/Page_KDMC - CMS/input_txtbatchno'

2018-06-10 21:51:26 - [TEST_STEP][PASSED] - rightClick: Object: 'Object Repository/GRN/Page_KDMC - CMS/input_txtexpdate' is right clicked on

2018-06-10 21:51:26 - [MESSAGE][PASSED] - Object: 'Object Repository/GRN/Page_KDMC - CMS/input_txtexpdate' is right clicked on

2018-06-10 21:51:26 - [TEST_STEP][PASSED] - selectOptionByIndex: All options with index in [6] are selected on object 'Object Repository/GRN/Page_KDMC - CMS/select_20182019202020212022202'

2018-06-10 21:51:26 - [MESSAGE][PASSED] - All options with index in [6] are selected on object 'Object Repository/GRN/Page_KDMC - CMS/select_20182019202020212022202'

2018-06-10 21:51:26 - [TEST_STEP][PASSED] - selectOptionByIndex: All options with index in [6] are selected on object 'Object Repository/GRN/Page_KDMC - CMS/select_JanFebMarAprMayJunJulAu'

2018-06-10 21:51:27 - [MESSAGE][PASSED] - All options with index in [6] are selected on object 'Object Repository/GRN/Page_KDMC - CMS/select_JanFebMarAprMayJunJulAu'

2018-06-10 21:51:27 - [TEST_STEP][PASSED] - click: Object: 'Object Repository/MOH AND GRN/Page_KDMC - CMS/a_12' is clicked on

2018-06-10 21:51:27 - [MESSAGE][PASSED] - Object: 'Object Repository/MOH AND GRN/Page_KDMC - CMS/a_12' is clicked on

2018-06-10 21:51:27 - [TEST_STEP][PASSED] - click: Object: 'Object Repository/MOH AND GRN/Page_KDMC - CMS/input_btnadd' is clicked on

2018-06-10 21:51:27 - [MESSAGE][PASSED] - Object: 'Object Repository/MOH AND GRN/Page_KDMC - CMS/input_btnadd' is clicked on

2018-06-10 21:51:27 - [TEST_STEP][PASSED] - Statement - If (s == 10): null

2018-06-10 21:51:27 - [TEST_STEP][PASSED] - Statement - Else: null

2018-06-10 21:51:27 - [TEST_STEP][PASSED] - Statement - (s++): null

2018-06-10 21:51:27 - [TEST_STEP][PASSED] - delay: Delayed 1 second(s)

2018-06-10 21:51:28 - [MESSAGE][PASSED] - Delayed 1 second(s)

2018-06-10 21:51:28 - [TEST_STEP][PASSED] - scrollToElement: Scroll to object 'Object Repository/MOH AND GRN/Page_KDMC - CMS/input_btnSubmit' successfully

2018-06-10 21:51:28 - [MESSAGE][PASSED] - Scroll to object 'Object Repository/MOH AND GRN/Page_KDMC - CMS/input_btnSubmit' successfully

2018-06-10 21:51:28 - [TEST_STEP][PASSED] - click: Object: 'Object Repository/MOH AND GRN/Page_KDMC - CMS/input_btnSubmit' is clicked on

2018-06-10 21:51:28 - [MESSAGE][PASSED] - Object: 'Object Repository/MOH AND GRN/Page_KDMC - CMS/input_btnSubmit' is clicked on

2018-06-10 21:51:28 - [TEST_STEP][PASSED] - delay: Delayed 3 second(s)

2018-06-10 21:51:31 - [MESSAGE][PASSED] - Delayed 3 second(s)

2018-06-10 21:51:31 - [TEST_STEP][PASSED] - click: Object: 'Object Repository/MOH AND GRN/Page_KDMC - CMS/button_OK' is clicked on

2018-06-10 21:51:31 - [MESSAGE][PASSED] - Object: 'Object Repository/MOH AND GRN/Page_KDMC - CMS/button_OK' is clicked on

2018-06-10 21:51:31 - [TEST_STEP][PASSED] - delay: Delayed 2 second(s)

2018-06-10 21:51:33 - [MESSAGE][PASSED] - Delayed 2 second(s)

2018-06-10 21:51:33 - [TEST_STEP][PASSED] - delay: Delayed 3 second(s)

2018-06-10 21:51:36 - [MESSAGE][PASSED] - Delayed 3 second(s)

2018-06-10 21:51:36 - [TEST_STEP][PASSED] - click: Object: 'Object Repository/MOH AND GRN/Page_KDMC - CMS/a_dropdown-toggle' is clicked on

2018-06-10 21:51:36 - [MESSAGE][PASSED] - Object: 'Object Repository/MOH AND GRN/Page_KDMC - CMS/a_dropdown-toggle' is clicked on

2018-06-10 21:51:36 - [TEST_STEP][PASSED] - click: Object: 'Object Repository/MOH AND GRN/Page_KDMC - CMS/a_Sign out' is clicked on

2018-06-10 21:51:37 - [MESSAGE][PASSED] - Object: 'Object Repository/MOH AND GRN/Page_KDMC - CMS/a_Sign out' is clicked on

2018-06-10 21:51:37 - [TEST_STEP][PASSED] - closeBrowser: Browser is closed

2018-06-10 21:51:37 - [MESSAGE][PASSED] - Browser is closed]]></system-out>
         <system-err><![CDATA[]]></system-err>
      </testcase>
      <testcase name="Test Cases/TEST/MOH REQUEST AND GRN/Moh Request GRN  Schedule 6" classname="Test Cases/TEST/MOH REQUEST AND GRN/Moh Request GRN  Schedule 6" status="PASSED">
         <system-out><![CDATA[2018-06-10 21:51:37 - [TEST_CASE][PASSED] - Test Cases/TEST/MOH REQUEST AND GRN/Moh Request GRN  Schedule 6: Test Cases/TEST/MOH REQUEST AND GRN/Moh Request GRN  Schedule 6

2018-06-10 21:51:37 - [TEST_STEP][PASSED] - openBrowser: Browser is opened with url: ''

2018-06-10 21:51:39 - [MESSAGE][PASSED] - Browser is opened with url: ''

2018-06-10 21:51:39 - [TEST_STEP][PASSED] - navigateToUrl: Navigate to 'http://192.168.137.1/multihospital_new/' successfully

2018-06-10 21:51:41 - [MESSAGE][PASSED] - Navigate to 'http://192.168.137.1/multihospital_new/' successfully

2018-06-10 21:51:41 - [TEST_STEP][PASSED] - maximizeWindow: Current window maximized

2018-06-10 21:51:42 - [MESSAGE][PASSED] - Current window maximized

2018-06-10 21:51:42 - [TEST_STEP][PASSED] - click: Object: 'Object Repository/MOH AND GRN/Page_KDMC/a_CMS' is clicked on

2018-06-10 21:51:43 - [MESSAGE][PASSED] - Object: 'Object Repository/MOH AND GRN/Page_KDMC/a_CMS' is clicked on

2018-06-10 21:51:43 - [TEST_STEP][PASSED] - setText: Text 'bala' is set on object 'Object Repository/MOH AND GRN/Page_CMS login/input_txtusername'

2018-06-10 21:51:43 - [MESSAGE][PASSED] - Text 'bala' is set on object 'Object Repository/MOH AND GRN/Page_CMS login/input_txtusername'

2018-06-10 21:51:43 - [TEST_STEP][PASSED] - setText: Text '123' is set on object 'Object Repository/MOH AND GRN/Page_CMS login/input_txtpassword'

2018-06-10 21:51:43 - [MESSAGE][PASSED] - Text '123' is set on object 'Object Repository/MOH AND GRN/Page_CMS login/input_txtpassword'

2018-06-10 21:51:43 - [TEST_STEP][PASSED] - delay: Delayed 3 second(s)

2018-06-10 21:51:46 - [MESSAGE][PASSED] - Delayed 3 second(s)

2018-06-10 21:51:46 - [TEST_STEP][PASSED] - click: Object: 'Object Repository/MOH AND GRN/Page_CMS login/button_Sign in' is clicked on

2018-06-10 21:51:47 - [MESSAGE][PASSED] - Object: 'Object Repository/MOH AND GRN/Page_CMS login/button_Sign in' is clicked on

2018-06-10 21:51:47 - [TEST_STEP][PASSED] - click: Object: 'Object Repository/MOH AND GRN/Page_KDMC - CMS/a_Request to MOH' is clicked on

2018-06-10 21:51:48 - [MESSAGE][PASSED] - Object: 'Object Repository/MOH AND GRN/Page_KDMC - CMS/a_Request to MOH' is clicked on

2018-06-10 21:51:48 - [TEST_STEP][PASSED] - selectOptionByIndex: All options with index in [2] are selected on object 'Object Repository/MOH AND GRN/Page_KDMC - CMS/select_--Select--'

2018-06-10 21:51:48 - [MESSAGE][PASSED] - All options with index in [2] are selected on object 'Object Repository/MOH AND GRN/Page_KDMC - CMS/select_--Select--'

2018-06-10 21:51:48 - [TEST_STEP][PASSED] - selectOptionByIndex: All options with index in [6] are selected on object 'Object Repository/MOH AND GRN/Page_KDMC - CMS/select_--Select--Schedule 1Inj'

2018-06-10 21:51:49 - [MESSAGE][PASSED] - All options with index in [6] are selected on object 'Object Repository/MOH AND GRN/Page_KDMC - CMS/select_--Select--Schedule 1Inj'

2018-06-10 21:51:49 - [TEST_STEP][PASSED] - Statement - selectedoptions = com.kms.katalon.core.webui.keyword.WebUiBuiltInKeywords.getNumberOfTotalOption(com.kms.katalon.core.testobject.ObjectRepository.findTestObject(MOH AND GRN/Page_KDMC - CMS/select_--Select--Adernaline 0.)): 14 options of object 'Object Repository/MOH AND GRN/Page_KDMC - CMS/select_--Select--Adernaline 0.' counted

2018-06-10 21:51:49 - [MESSAGE][PASSED] - 14 options of object 'Object Repository/MOH AND GRN/Page_KDMC - CMS/select_--Select--Adernaline 0.' counted

2018-06-10 21:51:49 - [TEST_STEP][PASSED] - Statement - For ([j = 1, j <= selectedoptions - 1, (j++)]): Object: 'Object Repository/MOH AND GRN/Page_KDMC - CMS/button_Add' is clicked on

2018-06-10 21:51:49 - [TEST_STEP][PASSED] - selectOptionByIndex: All options with index in [6] are selected on object 'Object Repository/MOH AND GRN/Page_KDMC - CMS/select_--Select--Schedule 1Inj'

2018-06-10 21:51:49 - [MESSAGE][PASSED] - All options with index in [6] are selected on object 'Object Repository/MOH AND GRN/Page_KDMC - CMS/select_--Select--Schedule 1Inj'

2018-06-10 21:51:49 - [TEST_STEP][PASSED] - selectOptionByIndex: All options with index in [1] are selected on object 'Object Repository/MOH AND GRN/Page_KDMC - CMS/select_--Select--Adernaline 0.'

2018-06-10 21:51:49 - [MESSAGE][PASSED] - All options with index in [1] are selected on object 'Object Repository/MOH AND GRN/Page_KDMC - CMS/select_--Select--Adernaline 0.'

2018-06-10 21:51:49 - [TEST_STEP][PASSED] - setText: Text '5000' is set on object 'Object Repository/MOH AND GRN/Page_KDMC - CMS/input_txttreat'

2018-06-10 21:51:49 - [MESSAGE][PASSED] - Text '5000' is set on object 'Object Repository/MOH AND GRN/Page_KDMC - CMS/input_txttreat'

2018-06-10 21:51:49 - [TEST_STEP][PASSED] - click: Object: 'Object Repository/MOH AND GRN/Page_KDMC - CMS/button_Add' is clicked on

2018-06-10 21:51:49 - [MESSAGE][PASSED] - Object: 'Object Repository/MOH AND GRN/Page_KDMC - CMS/button_Add' is clicked on

2018-06-10 21:51:49 - [TEST_STEP][PASSED] - selectOptionByIndex: All options with index in [6] are selected on object 'Object Repository/MOH AND GRN/Page_KDMC - CMS/select_--Select--Schedule 1Inj'

2018-06-10 21:51:49 - [MESSAGE][PASSED] - All options with index in [6] are selected on object 'Object Repository/MOH AND GRN/Page_KDMC - CMS/select_--Select--Schedule 1Inj'

2018-06-10 21:51:49 - [TEST_STEP][PASSED] - selectOptionByIndex: All options with index in [2] are selected on object 'Object Repository/MOH AND GRN/Page_KDMC - CMS/select_--Select--Adernaline 0.'

2018-06-10 21:51:49 - [MESSAGE][PASSED] - All options with index in [2] are selected on object 'Object Repository/MOH AND GRN/Page_KDMC - CMS/select_--Select--Adernaline 0.'

2018-06-10 21:51:49 - [TEST_STEP][PASSED] - setText: Text '5000' is set on object 'Object Repository/MOH AND GRN/Page_KDMC - CMS/input_txttreat'

2018-06-10 21:51:50 - [MESSAGE][PASSED] - Text '5000' is set on object 'Object Repository/MOH AND GRN/Page_KDMC - CMS/input_txttreat'

2018-06-10 21:51:50 - [TEST_STEP][PASSED] - click: Object: 'Object Repository/MOH AND GRN/Page_KDMC - CMS/button_Add' is clicked on

2018-06-10 21:51:50 - [MESSAGE][PASSED] - Object: 'Object Repository/MOH AND GRN/Page_KDMC - CMS/button_Add' is clicked on

2018-06-10 21:51:50 - [TEST_STEP][PASSED] - selectOptionByIndex: All options with index in [6] are selected on object 'Object Repository/MOH AND GRN/Page_KDMC - CMS/select_--Select--Schedule 1Inj'

2018-06-10 21:51:50 - [MESSAGE][PASSED] - All options with index in [6] are selected on object 'Object Repository/MOH AND GRN/Page_KDMC - CMS/select_--Select--Schedule 1Inj'

2018-06-10 21:51:50 - [TEST_STEP][PASSED] - selectOptionByIndex: All options with index in [3] are selected on object 'Object Repository/MOH AND GRN/Page_KDMC - CMS/select_--Select--Adernaline 0.'

2018-06-10 21:51:50 - [MESSAGE][PASSED] - All options with index in [3] are selected on object 'Object Repository/MOH AND GRN/Page_KDMC - CMS/select_--Select--Adernaline 0.'

2018-06-10 21:51:50 - [TEST_STEP][PASSED] - setText: Text '5000' is set on object 'Object Repository/MOH AND GRN/Page_KDMC - CMS/input_txttreat'

2018-06-10 21:51:50 - [MESSAGE][PASSED] - Text '5000' is set on object 'Object Repository/MOH AND GRN/Page_KDMC - CMS/input_txttreat'

2018-06-10 21:51:50 - [TEST_STEP][PASSED] - click: Object: 'Object Repository/MOH AND GRN/Page_KDMC - CMS/button_Add' is clicked on

2018-06-10 21:51:50 - [MESSAGE][PASSED] - Object: 'Object Repository/MOH AND GRN/Page_KDMC - CMS/button_Add' is clicked on

2018-06-10 21:51:50 - [TEST_STEP][PASSED] - selectOptionByIndex: All options with index in [6] are selected on object 'Object Repository/MOH AND GRN/Page_KDMC - CMS/select_--Select--Schedule 1Inj'

2018-06-10 21:51:50 - [MESSAGE][PASSED] - All options with index in [6] are selected on object 'Object Repository/MOH AND GRN/Page_KDMC - CMS/select_--Select--Schedule 1Inj'

2018-06-10 21:51:50 - [TEST_STEP][PASSED] - selectOptionByIndex: All options with index in [4] are selected on object 'Object Repository/MOH AND GRN/Page_KDMC - CMS/select_--Select--Adernaline 0.'

2018-06-10 21:51:50 - [MESSAGE][PASSED] - All options with index in [4] are selected on object 'Object Repository/MOH AND GRN/Page_KDMC - CMS/select_--Select--Adernaline 0.'

2018-06-10 21:51:50 - [TEST_STEP][PASSED] - setText: Text '5000' is set on object 'Object Repository/MOH AND GRN/Page_KDMC - CMS/input_txttreat'

2018-06-10 21:51:50 - [MESSAGE][PASSED] - Text '5000' is set on object 'Object Repository/MOH AND GRN/Page_KDMC - CMS/input_txttreat'

2018-06-10 21:51:50 - [TEST_STEP][PASSED] - click: Object: 'Object Repository/MOH AND GRN/Page_KDMC - CMS/button_Add' is clicked on

2018-06-10 21:51:51 - [MESSAGE][PASSED] - Object: 'Object Repository/MOH AND GRN/Page_KDMC - CMS/button_Add' is clicked on

2018-06-10 21:51:51 - [TEST_STEP][PASSED] - selectOptionByIndex: All options with index in [6] are selected on object 'Object Repository/MOH AND GRN/Page_KDMC - CMS/select_--Select--Schedule 1Inj'

2018-06-10 21:51:51 - [MESSAGE][PASSED] - All options with index in [6] are selected on object 'Object Repository/MOH AND GRN/Page_KDMC - CMS/select_--Select--Schedule 1Inj'

2018-06-10 21:51:51 - [TEST_STEP][PASSED] - selectOptionByIndex: All options with index in [5] are selected on object 'Object Repository/MOH AND GRN/Page_KDMC - CMS/select_--Select--Adernaline 0.'

2018-06-10 21:51:51 - [MESSAGE][PASSED] - All options with index in [5] are selected on object 'Object Repository/MOH AND GRN/Page_KDMC - CMS/select_--Select--Adernaline 0.'

2018-06-10 21:51:51 - [TEST_STEP][PASSED] - setText: Text '5000' is set on object 'Object Repository/MOH AND GRN/Page_KDMC - CMS/input_txttreat'

2018-06-10 21:51:51 - [MESSAGE][PASSED] - Text '5000' is set on object 'Object Repository/MOH AND GRN/Page_KDMC - CMS/input_txttreat'

2018-06-10 21:51:51 - [TEST_STEP][PASSED] - click: Object: 'Object Repository/MOH AND GRN/Page_KDMC - CMS/button_Add' is clicked on

2018-06-10 21:51:51 - [MESSAGE][PASSED] - Object: 'Object Repository/MOH AND GRN/Page_KDMC - CMS/button_Add' is clicked on

2018-06-10 21:51:51 - [TEST_STEP][PASSED] - selectOptionByIndex: All options with index in [6] are selected on object 'Object Repository/MOH AND GRN/Page_KDMC - CMS/select_--Select--Schedule 1Inj'

2018-06-10 21:51:51 - [MESSAGE][PASSED] - All options with index in [6] are selected on object 'Object Repository/MOH AND GRN/Page_KDMC - CMS/select_--Select--Schedule 1Inj'

2018-06-10 21:51:51 - [TEST_STEP][PASSED] - selectOptionByIndex: All options with index in [6] are selected on object 'Object Repository/MOH AND GRN/Page_KDMC - CMS/select_--Select--Adernaline 0.'

2018-06-10 21:51:51 - [MESSAGE][PASSED] - All options with index in [6] are selected on object 'Object Repository/MOH AND GRN/Page_KDMC - CMS/select_--Select--Adernaline 0.'

2018-06-10 21:51:51 - [TEST_STEP][PASSED] - setText: Text '5000' is set on object 'Object Repository/MOH AND GRN/Page_KDMC - CMS/input_txttreat'

2018-06-10 21:51:51 - [MESSAGE][PASSED] - Text '5000' is set on object 'Object Repository/MOH AND GRN/Page_KDMC - CMS/input_txttreat'

2018-06-10 21:51:51 - [TEST_STEP][PASSED] - click: Object: 'Object Repository/MOH AND GRN/Page_KDMC - CMS/button_Add' is clicked on

2018-06-10 21:51:52 - [MESSAGE][PASSED] - Object: 'Object Repository/MOH AND GRN/Page_KDMC - CMS/button_Add' is clicked on

2018-06-10 21:51:52 - [TEST_STEP][PASSED] - selectOptionByIndex: All options with index in [6] are selected on object 'Object Repository/MOH AND GRN/Page_KDMC - CMS/select_--Select--Schedule 1Inj'

2018-06-10 21:51:52 - [MESSAGE][PASSED] - All options with index in [6] are selected on object 'Object Repository/MOH AND GRN/Page_KDMC - CMS/select_--Select--Schedule 1Inj'

2018-06-10 21:51:52 - [TEST_STEP][PASSED] - selectOptionByIndex: All options with index in [7] are selected on object 'Object Repository/MOH AND GRN/Page_KDMC - CMS/select_--Select--Adernaline 0.'

2018-06-10 21:51:52 - [MESSAGE][PASSED] - All options with index in [7] are selected on object 'Object Repository/MOH AND GRN/Page_KDMC - CMS/select_--Select--Adernaline 0.'

2018-06-10 21:51:52 - [TEST_STEP][PASSED] - setText: Text '5000' is set on object 'Object Repository/MOH AND GRN/Page_KDMC - CMS/input_txttreat'

2018-06-10 21:51:52 - [MESSAGE][PASSED] - Text '5000' is set on object 'Object Repository/MOH AND GRN/Page_KDMC - CMS/input_txttreat'

2018-06-10 21:51:52 - [TEST_STEP][PASSED] - click: Object: 'Object Repository/MOH AND GRN/Page_KDMC - CMS/button_Add' is clicked on

2018-06-10 21:51:52 - [MESSAGE][PASSED] - Object: 'Object Repository/MOH AND GRN/Page_KDMC - CMS/button_Add' is clicked on

2018-06-10 21:51:52 - [TEST_STEP][PASSED] - selectOptionByIndex: All options with index in [6] are selected on object 'Object Repository/MOH AND GRN/Page_KDMC - CMS/select_--Select--Schedule 1Inj'

2018-06-10 21:51:52 - [MESSAGE][PASSED] - All options with index in [6] are selected on object 'Object Repository/MOH AND GRN/Page_KDMC - CMS/select_--Select--Schedule 1Inj'

2018-06-10 21:51:52 - [TEST_STEP][PASSED] - selectOptionByIndex: All options with index in [8] are selected on object 'Object Repository/MOH AND GRN/Page_KDMC - CMS/select_--Select--Adernaline 0.'

2018-06-10 21:51:52 - [MESSAGE][PASSED] - All options with index in [8] are selected on object 'Object Repository/MOH AND GRN/Page_KDMC - CMS/select_--Select--Adernaline 0.'

2018-06-10 21:51:52 - [TEST_STEP][PASSED] - setText: Text '5000' is set on object 'Object Repository/MOH AND GRN/Page_KDMC - CMS/input_txttreat'

2018-06-10 21:51:52 - [MESSAGE][PASSED] - Text '5000' is set on object 'Object Repository/MOH AND GRN/Page_KDMC - CMS/input_txttreat'

2018-06-10 21:51:52 - [TEST_STEP][PASSED] - click: Object: 'Object Repository/MOH AND GRN/Page_KDMC - CMS/button_Add' is clicked on

2018-06-10 21:51:53 - [MESSAGE][PASSED] - Object: 'Object Repository/MOH AND GRN/Page_KDMC - CMS/button_Add' is clicked on

2018-06-10 21:51:53 - [TEST_STEP][PASSED] - selectOptionByIndex: All options with index in [6] are selected on object 'Object Repository/MOH AND GRN/Page_KDMC - CMS/select_--Select--Schedule 1Inj'

2018-06-10 21:51:53 - [MESSAGE][PASSED] - All options with index in [6] are selected on object 'Object Repository/MOH AND GRN/Page_KDMC - CMS/select_--Select--Schedule 1Inj'

2018-06-10 21:51:53 - [TEST_STEP][PASSED] - selectOptionByIndex: All options with index in [9] are selected on object 'Object Repository/MOH AND GRN/Page_KDMC - CMS/select_--Select--Adernaline 0.'

2018-06-10 21:51:53 - [MESSAGE][PASSED] - All options with index in [9] are selected on object 'Object Repository/MOH AND GRN/Page_KDMC - CMS/select_--Select--Adernaline 0.'

2018-06-10 21:51:53 - [TEST_STEP][PASSED] - setText: Text '5000' is set on object 'Object Repository/MOH AND GRN/Page_KDMC - CMS/input_txttreat'

2018-06-10 21:51:53 - [MESSAGE][PASSED] - Text '5000' is set on object 'Object Repository/MOH AND GRN/Page_KDMC - CMS/input_txttreat'

2018-06-10 21:51:53 - [TEST_STEP][PASSED] - click: Object: 'Object Repository/MOH AND GRN/Page_KDMC - CMS/button_Add' is clicked on

2018-06-10 21:51:53 - [MESSAGE][PASSED] - Object: 'Object Repository/MOH AND GRN/Page_KDMC - CMS/button_Add' is clicked on

2018-06-10 21:51:53 - [TEST_STEP][PASSED] - selectOptionByIndex: All options with index in [6] are selected on object 'Object Repository/MOH AND GRN/Page_KDMC - CMS/select_--Select--Schedule 1Inj'

2018-06-10 21:51:53 - [MESSAGE][PASSED] - All options with index in [6] are selected on object 'Object Repository/MOH AND GRN/Page_KDMC - CMS/select_--Select--Schedule 1Inj'

2018-06-10 21:51:53 - [TEST_STEP][PASSED] - selectOptionByIndex: All options with index in [10] are selected on object 'Object Repository/MOH AND GRN/Page_KDMC - CMS/select_--Select--Adernaline 0.'

2018-06-10 21:51:53 - [MESSAGE][PASSED] - All options with index in [10] are selected on object 'Object Repository/MOH AND GRN/Page_KDMC - CMS/select_--Select--Adernaline 0.'

2018-06-10 21:51:53 - [TEST_STEP][PASSED] - setText: Text '5000' is set on object 'Object Repository/MOH AND GRN/Page_KDMC - CMS/input_txttreat'

2018-06-10 21:51:54 - [MESSAGE][PASSED] - Text '5000' is set on object 'Object Repository/MOH AND GRN/Page_KDMC - CMS/input_txttreat'

2018-06-10 21:51:54 - [TEST_STEP][PASSED] - click: Object: 'Object Repository/MOH AND GRN/Page_KDMC - CMS/button_Add' is clicked on

2018-06-10 21:51:54 - [MESSAGE][PASSED] - Object: 'Object Repository/MOH AND GRN/Page_KDMC - CMS/button_Add' is clicked on

2018-06-10 21:51:54 - [TEST_STEP][PASSED] - selectOptionByIndex: All options with index in [6] are selected on object 'Object Repository/MOH AND GRN/Page_KDMC - CMS/select_--Select--Schedule 1Inj'

2018-06-10 21:51:54 - [MESSAGE][PASSED] - All options with index in [6] are selected on object 'Object Repository/MOH AND GRN/Page_KDMC - CMS/select_--Select--Schedule 1Inj'

2018-06-10 21:51:54 - [TEST_STEP][PASSED] - selectOptionByIndex: All options with index in [11] are selected on object 'Object Repository/MOH AND GRN/Page_KDMC - CMS/select_--Select--Adernaline 0.'

2018-06-10 21:51:54 - [MESSAGE][PASSED] - All options with index in [11] are selected on object 'Object Repository/MOH AND GRN/Page_KDMC - CMS/select_--Select--Adernaline 0.'

2018-06-10 21:51:54 - [TEST_STEP][PASSED] - setText: Text '5000' is set on object 'Object Repository/MOH AND GRN/Page_KDMC - CMS/input_txttreat'

2018-06-10 21:51:54 - [MESSAGE][PASSED] - Text '5000' is set on object 'Object Repository/MOH AND GRN/Page_KDMC - CMS/input_txttreat'

2018-06-10 21:51:54 - [TEST_STEP][PASSED] - click: Object: 'Object Repository/MOH AND GRN/Page_KDMC - CMS/button_Add' is clicked on

2018-06-10 21:51:54 - [MESSAGE][PASSED] - Object: 'Object Repository/MOH AND GRN/Page_KDMC - CMS/button_Add' is clicked on

2018-06-10 21:51:54 - [TEST_STEP][PASSED] - selectOptionByIndex: All options with index in [6] are selected on object 'Object Repository/MOH AND GRN/Page_KDMC - CMS/select_--Select--Schedule 1Inj'

2018-06-10 21:51:54 - [MESSAGE][PASSED] - All options with index in [6] are selected on object 'Object Repository/MOH AND GRN/Page_KDMC - CMS/select_--Select--Schedule 1Inj'

2018-06-10 21:51:54 - [TEST_STEP][PASSED] - selectOptionByIndex: All options with index in [12] are selected on object 'Object Repository/MOH AND GRN/Page_KDMC - CMS/select_--Select--Adernaline 0.'

2018-06-10 21:51:55 - [MESSAGE][PASSED] - All options with index in [12] are selected on object 'Object Repository/MOH AND GRN/Page_KDMC - CMS/select_--Select--Adernaline 0.'

2018-06-10 21:51:55 - [TEST_STEP][PASSED] - setText: Text '5000' is set on object 'Object Repository/MOH AND GRN/Page_KDMC - CMS/input_txttreat'

2018-06-10 21:51:55 - [MESSAGE][PASSED] - Text '5000' is set on object 'Object Repository/MOH AND GRN/Page_KDMC - CMS/input_txttreat'

2018-06-10 21:51:55 - [TEST_STEP][PASSED] - click: Object: 'Object Repository/MOH AND GRN/Page_KDMC - CMS/button_Add' is clicked on

2018-06-10 21:51:55 - [MESSAGE][PASSED] - Object: 'Object Repository/MOH AND GRN/Page_KDMC - CMS/button_Add' is clicked on

2018-06-10 21:51:55 - [TEST_STEP][PASSED] - selectOptionByIndex: All options with index in [6] are selected on object 'Object Repository/MOH AND GRN/Page_KDMC - CMS/select_--Select--Schedule 1Inj'

2018-06-10 21:51:55 - [MESSAGE][PASSED] - All options with index in [6] are selected on object 'Object Repository/MOH AND GRN/Page_KDMC - CMS/select_--Select--Schedule 1Inj'

2018-06-10 21:51:55 - [TEST_STEP][PASSED] - selectOptionByIndex: All options with index in [13] are selected on object 'Object Repository/MOH AND GRN/Page_KDMC - CMS/select_--Select--Adernaline 0.'

2018-06-10 21:51:55 - [MESSAGE][PASSED] - All options with index in [13] are selected on object 'Object Repository/MOH AND GRN/Page_KDMC - CMS/select_--Select--Adernaline 0.'

2018-06-10 21:51:55 - [TEST_STEP][PASSED] - setText: Text '5000' is set on object 'Object Repository/MOH AND GRN/Page_KDMC - CMS/input_txttreat'

2018-06-10 21:51:55 - [MESSAGE][PASSED] - Text '5000' is set on object 'Object Repository/MOH AND GRN/Page_KDMC - CMS/input_txttreat'

2018-06-10 21:51:55 - [TEST_STEP][PASSED] - click: Object: 'Object Repository/MOH AND GRN/Page_KDMC - CMS/button_Add' is clicked on

2018-06-10 21:51:55 - [MESSAGE][PASSED] - Object: 'Object Repository/MOH AND GRN/Page_KDMC - CMS/button_Add' is clicked on

2018-06-10 21:51:55 - [TEST_STEP][PASSED] - scrollToElement: Scroll to object 'Object Repository/MOH AND GRN/Page_KDMC - CMS/input_btnsave' successfully

2018-06-10 21:51:55 - [MESSAGE][PASSED] - Scroll to object 'Object Repository/MOH AND GRN/Page_KDMC - CMS/input_btnsave' successfully

2018-06-10 21:51:55 - [TEST_STEP][PASSED] - click: Object: 'Object Repository/MOH AND GRN/Page_KDMC - CMS/input_btnsave' is clicked on

2018-06-10 21:51:55 - [MESSAGE][PASSED] - Object: 'Object Repository/MOH AND GRN/Page_KDMC - CMS/input_btnsave' is clicked on

2018-06-10 21:51:55 - [TEST_STEP][PASSED] - delay: Delayed 3 second(s)

2018-06-10 21:51:58 - [MESSAGE][PASSED] - Delayed 3 second(s)

2018-06-10 21:51:58 - [TEST_STEP][PASSED] - Statement - Request1 = com.kms.katalon.core.webui.keyword.WebUiBuiltInKeywords.getText(com.kms.katalon.core.testobject.ObjectRepository.findTestObject(MOH AND GRN/Page_KDMC - CMS/font_PRNO0505201876)): Text of object 'Object Repository/MOH AND GRN/Page_KDMC - CMS/font_PRNO0505201876' is: 'PRNO/10062018/362'

2018-06-10 21:51:58 - [MESSAGE][PASSED] - Text of object 'Object Repository/MOH AND GRN/Page_KDMC - CMS/font_PRNO0505201876' is: 'PRNO/10062018/362'

2018-06-10 21:51:58 - [TEST_STEP][PASSED] - Statement - out.println("Length OF The Medicine " + Request1): null

2018-06-10 21:51:58 - [TEST_STEP][PASSED] - Statement - RequestNUmber = Request1.split("/")[2].trim(): null

2018-06-10 21:51:58 - [TEST_STEP][PASSED] - Statement - out.println("ID IS " + RequestNUmber): null

2018-06-10 21:51:58 - [TEST_STEP][PASSED] - delay: Delayed 3 second(s)

2018-06-10 21:52:01 - [MESSAGE][PASSED] - Delayed 3 second(s)

2018-06-10 21:52:01 - [TEST_STEP][PASSED] - click: Object: 'Object Repository/MOH AND GRN/Page_KDMC - CMS/button_OK' is clicked on

2018-06-10 21:52:02 - [MESSAGE][PASSED] - Object: 'Object Repository/MOH AND GRN/Page_KDMC - CMS/button_OK' is clicked on

2018-06-10 21:52:02 - [TEST_STEP][PASSED] - click: Object: 'Object Repository/MOH AND GRN/Page_KDMC - CMS/a_dropdown-toggle' is clicked on

2018-06-10 21:52:04 - [MESSAGE][PASSED] - Object: 'Object Repository/MOH AND GRN/Page_KDMC - CMS/a_dropdown-toggle' is clicked on

2018-06-10 21:52:04 - [TEST_STEP][PASSED] - click: Object: 'Object Repository/MOH AND GRN/Page_KDMC - CMS/a_Sign out' is clicked on

2018-06-10 21:52:04 - [MESSAGE][PASSED] - Object: 'Object Repository/MOH AND GRN/Page_KDMC - CMS/a_Sign out' is clicked on

2018-06-10 21:52:04 - [TEST_STEP][PASSED] - delay: Delayed 4 second(s)

2018-06-10 21:52:08 - [MESSAGE][PASSED] - Delayed 4 second(s)

2018-06-10 21:52:08 - [TEST_STEP][PASSED] - click: Object: 'Object Repository/MOH AND GRN/Page_KDMC/a_Admin Master' is clicked on

2018-06-10 21:52:08 - [MESSAGE][PASSED] - Object: 'Object Repository/MOH AND GRN/Page_KDMC/a_Admin Master' is clicked on

2018-06-10 21:52:08 - [TEST_STEP][PASSED] - setText: Text 'admin' is set on object 'Object Repository/MOH AND GRN/Page_Admin login/input_txtusername'

2018-06-10 21:52:09 - [MESSAGE][PASSED] - Text 'admin' is set on object 'Object Repository/MOH AND GRN/Page_Admin login/input_txtusername'

2018-06-10 21:52:09 - [TEST_STEP][PASSED] - setText: Text 'admin123' is set on object 'Object Repository/MOH AND GRN/Page_Admin login/input_txtpassword'

2018-06-10 21:52:09 - [MESSAGE][PASSED] - Text 'admin123' is set on object 'Object Repository/MOH AND GRN/Page_Admin login/input_txtpassword'

2018-06-10 21:52:09 - [TEST_STEP][PASSED] - delay: Delayed 3 second(s)

2018-06-10 21:52:12 - [MESSAGE][PASSED] - Delayed 3 second(s)

2018-06-10 21:52:12 - [TEST_STEP][PASSED] - click: Object: 'Object Repository/MOH AND GRN/Page_Admin login/button_Sign in' is clicked on

2018-06-10 21:52:13 - [MESSAGE][PASSED] - Object: 'Object Repository/MOH AND GRN/Page_Admin login/button_Sign in' is clicked on

2018-06-10 21:52:13 - [TEST_STEP][PASSED] - delay: Delayed 20 second(s)

2018-06-10 21:52:33 - [MESSAGE][PASSED] - Delayed 20 second(s)

2018-06-10 21:52:33 - [TEST_STEP][PASSED] - scrollToPosition: Browser is scrolled to position x = 200, y = 200

2018-06-10 21:52:33 - [MESSAGE][PASSED] - Browser is scrolled to position x = 200, y = 200

2018-06-10 21:52:33 - [TEST_STEP][PASSED] - click: Object: 'Object Repository/MOH AND GRN/Page_KDMC/a_CMS_1' is clicked on

2018-06-10 21:52:33 - [MESSAGE][PASSED] - Object: 'Object Repository/MOH AND GRN/Page_KDMC/a_CMS_1' is clicked on

2018-06-10 21:52:33 - [TEST_STEP][PASSED] - click: Object: 'Object Repository/MOH AND GRN/Page_KDMC/a_Request List' is clicked on

2018-06-10 21:52:35 - [MESSAGE][PASSED] - Object: 'Object Repository/MOH AND GRN/Page_KDMC/a_Request List' is clicked on

2018-06-10 21:52:35 - [TEST_STEP][PASSED] - Statement - RequestNumberId = com.kms.katalon.core.webui.keyword.WebUiBuiltInKeywords.modifyObjectProperty(com.kms.katalon.core.testobject.ObjectRepository.findTestObject(MOH AND GRN/Page_KDMC - CMS/input_PO0032), "xpath", "equals", "//*[@id =" + RequestNUmber + "]", true): Modify property of object successfully

2018-06-10 21:52:35 - [MESSAGE][PASSED] - Modify property of object successfully

2018-06-10 21:52:35 - [TEST_STEP][PASSED] - click: Object: 'Object Repository/MOH AND GRN/Page_KDMC - CMS/input_PO0032' is clicked on

2018-06-10 21:52:35 - [MESSAGE][PASSED] - Object: 'Object Repository/MOH AND GRN/Page_KDMC - CMS/input_PO0032' is clicked on

2018-06-10 21:52:35 - [TEST_STEP][PASSED] - delay: Delayed 3 second(s)

2018-06-10 21:52:38 - [MESSAGE][PASSED] - Delayed 3 second(s)

2018-06-10 21:52:38 - [TEST_STEP][PASSED] - selectOptionByIndex: All options with index in [1] are selected on object 'Object Repository/MOH AND GRN/Page_KDMC/select_--Select--'

2018-06-10 21:52:38 - [MESSAGE][PASSED] - All options with index in [1] are selected on object 'Object Repository/MOH AND GRN/Page_KDMC/select_--Select--'

2018-06-10 21:52:38 - [TEST_STEP][PASSED] - click: Object: 'Object Repository/MOH AND GRN/Page_KDMC/input_btnupdate' is clicked on

2018-06-10 21:52:38 - [MESSAGE][PASSED] - Object: 'Object Repository/MOH AND GRN/Page_KDMC/input_btnupdate' is clicked on

2018-06-10 21:52:38 - [TEST_STEP][PASSED] - delay: Delayed 3 second(s)

2018-06-10 21:52:41 - [MESSAGE][PASSED] - Delayed 3 second(s)

2018-06-10 21:52:41 - [TEST_STEP][PASSED] - click: Object: 'Object Repository/MOH AND GRN/Page_KDMC/button_OK' is clicked on

2018-06-10 21:52:43 - [MESSAGE][PASSED] - Object: 'Object Repository/MOH AND GRN/Page_KDMC/button_OK' is clicked on

2018-06-10 21:52:43 - [TEST_STEP][PASSED] - delay: Delayed 3 second(s)

2018-06-10 21:52:46 - [MESSAGE][PASSED] - Delayed 3 second(s)

2018-06-10 21:52:46 - [TEST_STEP][PASSED] - scrollToPosition: Browser is scrolled to position x = 200, y = 200

2018-06-10 21:52:46 - [MESSAGE][PASSED] - Browser is scrolled to position x = 200, y = 200

2018-06-10 21:52:46 - [TEST_STEP][PASSED] - click: Object: 'Object Repository/MOH AND GRN/Page_KDMC/a_CMS_2' is clicked on

2018-06-10 21:52:46 - [MESSAGE][PASSED] - Object: 'Object Repository/MOH AND GRN/Page_KDMC/a_CMS_2' is clicked on

2018-06-10 21:52:46 - [TEST_STEP][PASSED] - delay: Delayed 2 second(s)

2018-06-10 21:52:48 - [MESSAGE][PASSED] - Delayed 2 second(s)

2018-06-10 21:52:48 - [TEST_STEP][PASSED] - click: Object: 'Object Repository/MOH AND GRN/Page_KDMC/a_Generate P.O' is clicked on

2018-06-10 21:52:48 - [MESSAGE][PASSED] - Object: 'Object Repository/MOH AND GRN/Page_KDMC/a_Generate P.O' is clicked on

2018-06-10 21:52:48 - [TEST_STEP][PASSED] - delay: Delayed 2 second(s)

2018-06-10 21:52:50 - [MESSAGE][PASSED] - Delayed 2 second(s)

2018-06-10 21:52:50 - [TEST_STEP][PASSED] - selectOptionByIndex: All options with index in [1] are selected on object 'Object Repository/MOH AND GRN/Page_KDMC/select_--Select--PRNO040520183'

2018-06-10 21:52:50 - [MESSAGE][PASSED] - All options with index in [1] are selected on object 'Object Repository/MOH AND GRN/Page_KDMC/select_--Select--PRNO040520183'

2018-06-10 21:52:50 - [TEST_STEP][PASSED] - selectOptionByIndex: All options with index in [9] are selected on object 'Object Repository/MOH AND GRN/Page_KDMC/select_--Select--Hamen Chandra'

2018-06-10 21:52:51 - [MESSAGE][PASSED] - All options with index in [9] are selected on object 'Object Repository/MOH AND GRN/Page_KDMC/select_--Select--Hamen Chandra'

2018-06-10 21:52:51 - [TEST_STEP][PASSED] - Statement - PONumber = com.kms.katalon.core.webui.keyword.WebUiBuiltInKeywords.getText(com.kms.katalon.core.testobject.ObjectRepository.findTestObject(MOH AND GRN/Page_KDMC/input_lblpono)).trim(): Text of object 'Object Repository/MOH AND GRN/Page_KDMC/input_lblpono' is: ''

2018-06-10 21:52:51 - [MESSAGE][PASSED] - Text of object 'Object Repository/MOH AND GRN/Page_KDMC/input_lblpono' is: ''

2018-06-10 21:52:51 - [TEST_STEP][PASSED] - Statement - PONumber1 = com.kms.katalon.core.webui.keyword.WebUiBuiltInKeywords.getAttribute(com.kms.katalon.core.testobject.ObjectRepository.findTestObject(MOH AND GRN/Page_KDMC/input_lblpono), "value").trim(): Attribute 'value' of object 'Object Repository/MOH AND GRN/Page_KDMC/input_lblpono' is: 'PO00213'

2018-06-10 21:52:51 - [MESSAGE][PASSED] - Attribute 'value' of object 'Object Repository/MOH AND GRN/Page_KDMC/input_lblpono' is: 'PO00213'

2018-06-10 21:52:51 - [TEST_STEP][PASSED] - Statement - out.println("PO NUMBER :" + PONumber): null

2018-06-10 21:52:51 - [TEST_STEP][PASSED] - Statement - out.println("PO NUMBER :" + PONumber1): null

2018-06-10 21:52:51 - [TEST_STEP][PASSED] - click: Object: 'Object Repository/MOH AND GRN/Page_KDMC/input_chkrem' is clicked on

2018-06-10 21:52:51 - [MESSAGE][PASSED] - Object: 'Object Repository/MOH AND GRN/Page_KDMC/input_chkrem' is clicked on

2018-06-10 21:52:51 - [TEST_STEP][PASSED] - scrollToElement: Scroll to object 'Object Repository/MOH AND GRN/Page_KDMC/input_btnreturn' successfully

2018-06-10 21:52:51 - [MESSAGE][PASSED] - Scroll to object 'Object Repository/MOH AND GRN/Page_KDMC/input_btnreturn' successfully

2018-06-10 21:52:51 - [TEST_STEP][PASSED] - click: Object: 'Object Repository/MOH AND GRN/Page_KDMC/input_btnreturn' is clicked on

2018-06-10 21:52:51 - [MESSAGE][PASSED] - Object: 'Object Repository/MOH AND GRN/Page_KDMC/input_btnreturn' is clicked on

2018-06-10 21:52:51 - [TEST_STEP][PASSED] - delay: Delayed 3 second(s)

2018-06-10 21:52:54 - [MESSAGE][PASSED] - Delayed 3 second(s)

2018-06-10 21:52:54 - [TEST_STEP][PASSED] - click: Object: 'Object Repository/MOH AND GRN/Page_KDMC/button_Yes' is clicked on

2018-06-10 21:52:54 - [MESSAGE][PASSED] - Object: 'Object Repository/MOH AND GRN/Page_KDMC/button_Yes' is clicked on

2018-06-10 21:52:54 - [TEST_STEP][PASSED] - delay: Delayed 3 second(s)

2018-06-10 21:52:57 - [MESSAGE][PASSED] - Delayed 3 second(s)

2018-06-10 21:52:57 - [TEST_STEP][PASSED] - click: Object: 'Object Repository/MOH AND GRN/Page_KDMC/button_OK' is clicked on

2018-06-10 21:52:57 - [MESSAGE][PASSED] - Object: 'Object Repository/MOH AND GRN/Page_KDMC/button_OK' is clicked on

2018-06-10 21:52:57 - [TEST_STEP][PASSED] - delay: Delayed 3 second(s)

2018-06-10 21:53:00 - [MESSAGE][PASSED] - Delayed 3 second(s)

2018-06-10 21:53:00 - [TEST_STEP][PASSED] - click: Object: 'Object Repository/MOH AND GRN/Page_KDMC/a_dropdown-toggle' is clicked on

2018-06-10 21:53:01 - [MESSAGE][PASSED] - Object: 'Object Repository/MOH AND GRN/Page_KDMC/a_dropdown-toggle' is clicked on

2018-06-10 21:53:01 - [TEST_STEP][PASSED] - click: Object: 'Object Repository/MOH AND GRN/Page_KDMC/a_Sign out' is clicked on

2018-06-10 21:53:01 - [MESSAGE][PASSED] - Object: 'Object Repository/MOH AND GRN/Page_KDMC/a_Sign out' is clicked on

2018-06-10 21:53:01 - [TEST_STEP][PASSED] - delay: Delayed 4 second(s)

2018-06-10 21:53:05 - [MESSAGE][PASSED] - Delayed 4 second(s)

2018-06-10 21:53:05 - [TEST_STEP][PASSED] - click: Object: 'Object Repository/MOH AND GRN/Page_KDMC/a_CMS' is clicked on

2018-06-10 21:53:05 - [MESSAGE][PASSED] - Object: 'Object Repository/MOH AND GRN/Page_KDMC/a_CMS' is clicked on

2018-06-10 21:53:05 - [TEST_STEP][PASSED] - setText: Text 'bala' is set on object 'Object Repository/MOH AND GRN/Page_CMS login/input_txtusername'

2018-06-10 21:53:06 - [MESSAGE][PASSED] - Text 'bala' is set on object 'Object Repository/MOH AND GRN/Page_CMS login/input_txtusername'

2018-06-10 21:53:06 - [TEST_STEP][PASSED] - setText: Text '123' is set on object 'Object Repository/MOH AND GRN/Page_CMS login/input_txtpassword'

2018-06-10 21:53:06 - [MESSAGE][PASSED] - Text '123' is set on object 'Object Repository/MOH AND GRN/Page_CMS login/input_txtpassword'

2018-06-10 21:53:06 - [TEST_STEP][PASSED] - delay: Delayed 3 second(s)

2018-06-10 21:53:09 - [MESSAGE][PASSED] - Delayed 3 second(s)

2018-06-10 21:53:09 - [TEST_STEP][PASSED] - click: Object: 'Object Repository/MOH AND GRN/Page_CMS login/button_Sign in' is clicked on

2018-06-10 21:53:09 - [MESSAGE][PASSED] - Object: 'Object Repository/MOH AND GRN/Page_CMS login/button_Sign in' is clicked on

2018-06-10 21:53:09 - [TEST_STEP][PASSED] - click: Object: 'Object Repository/MOH AND GRN/Page_KDMC - CMS/a_CMS Details' is clicked on

2018-06-10 21:53:09 - [MESSAGE][PASSED] - Object: 'Object Repository/MOH AND GRN/Page_KDMC - CMS/a_CMS Details' is clicked on

2018-06-10 21:53:09 - [TEST_STEP][PASSED] - delay: Delayed 2 second(s)

2018-06-10 21:53:11 - [MESSAGE][PASSED] - Delayed 2 second(s)

2018-06-10 21:53:11 - [TEST_STEP][PASSED] - click: Object: 'Object Repository/MOH AND GRN/Page_KDMC - CMS/a_Goods Receive' is clicked on

2018-06-10 21:53:12 - [MESSAGE][PASSED] - Object: 'Object Repository/MOH AND GRN/Page_KDMC - CMS/a_Goods Receive' is clicked on

2018-06-10 21:53:12 - [TEST_STEP][PASSED] - delay: Delayed 2 second(s)

2018-06-10 21:53:14 - [MESSAGE][PASSED] - Delayed 2 second(s)

2018-06-10 21:53:14 - [TEST_STEP][PASSED] - selectOptionByLabel: All options with label 'PO00213' are selected in object 'Object Repository/MOH AND GRN/Page_KDMC - CMS/select_--Select--PO0032PO0031P' 

2018-06-10 21:53:14 - [MESSAGE][PASSED] - All options with label 'PO00213' are selected in object 'Object Repository/MOH AND GRN/Page_KDMC - CMS/select_--Select--PO0032PO0031P' 

2018-06-10 21:53:14 - [TEST_STEP][PASSED] - setText: Finding Test Object with id 'Object Repository/MOH AND GRN/Page_KDMC - CMS/input_txtgrnno'

2018-06-10 21:53:14 - [TEST_STEP][PASSED] - Statement - switch (id): Text 'INV369.0' is set on object 'Object Repository/MOH AND GRN/Page_KDMC - CMS/input_txtgrnno'

2018-06-10 21:53:14 - [TEST_STEP][PASSED] - Statement - case 2:: Text 'INV369.0' is set on object 'Object Repository/MOH AND GRN/Page_KDMC - CMS/input_txtgrnno'

2018-06-10 21:53:14 - [TEST_STEP][PASSED] - Statement - return (java.lang.Math.floor((java.lang.Math.random() * ((max - min) + 1))) + min): Text 'INV369.0' is set on object 'Object Repository/MOH AND GRN/Page_KDMC - CMS/input_txtgrnno'

2018-06-10 21:53:14 - [MESSAGE][PASSED] - Text 'INV369.0' is set on object 'Object Repository/MOH AND GRN/Page_KDMC - CMS/input_txtgrnno'

2018-06-10 21:53:14 - [TEST_STEP][PASSED] - selectOptionByIndex: All options with index in [1] are selected on object 'Object Repository/MOH AND GRN/Page_KDMC - CMS/select_--Select--PERUMAL PHARM'

2018-06-10 21:53:14 - [MESSAGE][PASSED] - All options with index in [1] are selected on object 'Object Repository/MOH AND GRN/Page_KDMC - CMS/select_--Select--PERUMAL PHARM'

2018-06-10 21:53:14 - [TEST_STEP][PASSED] - setText: Text '18000' is set on object 'Object Repository/MOH AND GRN/Page_KDMC - CMS/input_txtgrnno_1'

2018-06-10 21:53:14 - [MESSAGE][PASSED] - Text '18000' is set on object 'Object Repository/MOH AND GRN/Page_KDMC - CMS/input_txtgrnno_1'

2018-06-10 21:53:14 - [TEST_STEP][PASSED] - setText: Text '700' is set on object 'Object Repository/MOH AND GRN/Page_KDMC - CMS/input_txtgrnno_2'

2018-06-10 21:53:14 - [MESSAGE][PASSED] - Text '700' is set on object 'Object Repository/MOH AND GRN/Page_KDMC - CMS/input_txtgrnno_2'

2018-06-10 21:53:14 - [TEST_STEP][PASSED] - setText: Finding Test Object with id 'Object Repository/MOH AND GRN/Page_KDMC - CMS/input_txtgrnno_3'

2018-06-10 21:53:14 - [TEST_STEP][PASSED] - Statement - switch (id): Text 'CH936.0' is set on object 'Object Repository/MOH AND GRN/Page_KDMC - CMS/input_txtgrnno_3'

2018-06-10 21:53:14 - [TEST_STEP][PASSED] - Statement - case 3:: Text 'CH936.0' is set on object 'Object Repository/MOH AND GRN/Page_KDMC - CMS/input_txtgrnno_3'

2018-06-10 21:53:14 - [TEST_STEP][PASSED] - Statement - return (java.lang.Math.floor((java.lang.Math.random() * ((max - min) + 1))) + min): Text 'CH936.0' is set on object 'Object Repository/MOH AND GRN/Page_KDMC - CMS/input_txtgrnno_3'

2018-06-10 21:53:15 - [MESSAGE][PASSED] - Text 'CH936.0' is set on object 'Object Repository/MOH AND GRN/Page_KDMC - CMS/input_txtgrnno_3'

2018-06-10 21:53:15 - [TEST_STEP][PASSED] - scrollToPosition: Browser is scrolled to position x = 200, y = 200

2018-06-10 21:53:15 - [MESSAGE][PASSED] - Browser is scrolled to position x = 200, y = 200

2018-06-10 21:53:15 - [TEST_STEP][PASSED] - Statement - GrnLength = com.kms.katalon.core.webui.keyword.WebUiBuiltInKeywords.getNumberOfTotalOption(com.kms.katalon.core.testobject.ObjectRepository.findTestObject(MOH AND GRN/Page_KDMC - CMS/select_--Select--Amikacin -500)): 14 options of object 'Object Repository/MOH AND GRN/Page_KDMC - CMS/select_--Select--Amikacin -500' counted

2018-06-10 21:53:15 - [MESSAGE][PASSED] - 14 options of object 'Object Repository/MOH AND GRN/Page_KDMC - CMS/select_--Select--Amikacin -500' counted

2018-06-10 21:53:15 - [TEST_STEP][PASSED] - Statement - out.println("Length OF The Medicine " + GrnLength): null

2018-06-10 21:53:15 - [TEST_STEP][PASSED] - Statement - s = 1: null

2018-06-10 21:53:15 - [TEST_STEP][PASSED] - Statement - For ([t = 1, t < GrnLength, (t++)]): Finding Test Object with id 'Object Repository/MOH AND GRN/Page_KDMC - CMS/input_txtmrp'

2018-06-10 21:53:15 - [TEST_STEP][PASSED] - selectOptionByIndex: All options with index in [1] are selected on object 'Object Repository/MOH AND GRN/Page_KDMC - CMS/select_--Select--Amikacin -500'

2018-06-10 21:53:15 - [MESSAGE][PASSED] - All options with index in [1] are selected on object 'Object Repository/MOH AND GRN/Page_KDMC - CMS/select_--Select--Amikacin -500'

2018-06-10 21:53:15 - [TEST_STEP][PASSED] - setText: Text '5000' is set on object 'Object Repository/MOH AND GRN/Page_KDMC - CMS/input_txtqty'

2018-06-10 21:53:15 - [MESSAGE][PASSED] - Text '5000' is set on object 'Object Repository/MOH AND GRN/Page_KDMC - CMS/input_txtqty'

2018-06-10 21:53:15 - [TEST_STEP][PASSED] - selectOptionByIndex: All options with index in [1] are selected on object 'Object Repository/MOH AND GRN/Page_KDMC - CMS/select_--Select--No Tax0'

2018-06-10 21:53:15 - [MESSAGE][PASSED] - All options with index in [1] are selected on object 'Object Repository/MOH AND GRN/Page_KDMC - CMS/select_--Select--No Tax0'

2018-06-10 21:53:15 - [TEST_STEP][PASSED] - setText: Finding Test Object with id 'Object Repository/MOH AND GRN/Page_KDMC - CMS/input_txtmrp'

2018-06-10 21:53:15 - [TEST_STEP][PASSED] - Statement - switch (id): Finding Test Object with id 'Object Repository/MOH AND GRN/Page_KDMC - CMS/input_txtdeal'

2018-06-10 21:53:15 - [TEST_STEP][PASSED] - Statement - case 4:: Text '23.0' is set on object 'Object Repository/MOH AND GRN/Page_KDMC - CMS/input_txtmrp'

2018-06-10 21:53:15 - [TEST_STEP][PASSED] - Statement - return (java.lang.Math.floor((java.lang.Math.random() * ((max - min) + 1))) + min): Text '23.0' is set on object 'Object Repository/MOH AND GRN/Page_KDMC - CMS/input_txtmrp'

2018-06-10 21:53:15 - [MESSAGE][PASSED] - Text '23.0' is set on object 'Object Repository/MOH AND GRN/Page_KDMC - CMS/input_txtmrp'

2018-06-10 21:53:15 - [TEST_STEP][PASSED] - setText: Finding Test Object with id 'Object Repository/MOH AND GRN/Page_KDMC - CMS/input_txtdeal'

2018-06-10 21:53:15 - [TEST_STEP][PASSED] - Statement - switch (id): Finding Test Object with id 'Object Repository/MOH AND GRN/Page_KDMC - CMS/input_txtbatchno'

2018-06-10 21:53:15 - [TEST_STEP][PASSED] - Statement - case 5:: Text '9.0' is set on object 'Object Repository/MOH AND GRN/Page_KDMC - CMS/input_txtdeal'

2018-06-10 21:53:15 - [TEST_STEP][PASSED] - Statement - return (java.lang.Math.floor((java.lang.Math.random() * ((max - min) + 1))) + min): Text '9.0' is set on object 'Object Repository/MOH AND GRN/Page_KDMC - CMS/input_txtdeal'

2018-06-10 21:53:15 - [MESSAGE][PASSED] - Text '9.0' is set on object 'Object Repository/MOH AND GRN/Page_KDMC - CMS/input_txtdeal'

2018-06-10 21:53:15 - [TEST_STEP][PASSED] - setText: Finding Test Object with id 'Object Repository/MOH AND GRN/Page_KDMC - CMS/input_txtbatchno'

2018-06-10 21:53:15 - [TEST_STEP][PASSED] - Statement - switch (id): Finding Test Object with id 'Object Repository/MOH AND GRN/Page_KDMC - CMS/input_txtmrp'

2018-06-10 21:53:15 - [TEST_STEP][PASSED] - Statement - case 1:: Text 'BA919.0' is set on object 'Object Repository/MOH AND GRN/Page_KDMC - CMS/input_txtbatchno'

2018-06-10 21:53:15 - [TEST_STEP][PASSED] - Statement - return (java.lang.Math.floor((java.lang.Math.random() * ((max - min) + 1))) + min): Text 'BA919.0' is set on object 'Object Repository/MOH AND GRN/Page_KDMC - CMS/input_txtbatchno'

2018-06-10 21:53:16 - [MESSAGE][PASSED] - Text 'BA919.0' is set on object 'Object Repository/MOH AND GRN/Page_KDMC - CMS/input_txtbatchno'

2018-06-10 21:53:16 - [TEST_STEP][PASSED] - rightClick: Object: 'Object Repository/GRN/Page_KDMC - CMS/input_txtexpdate' is right clicked on

2018-06-10 21:53:16 - [MESSAGE][PASSED] - Object: 'Object Repository/GRN/Page_KDMC - CMS/input_txtexpdate' is right clicked on

2018-06-10 21:53:16 - [TEST_STEP][PASSED] - selectOptionByIndex: All options with index in [1] are selected on object 'Object Repository/GRN/Page_KDMC - CMS/select_20182019202020212022202'

2018-06-10 21:53:16 - [MESSAGE][PASSED] - All options with index in [1] are selected on object 'Object Repository/GRN/Page_KDMC - CMS/select_20182019202020212022202'

2018-06-10 21:53:16 - [TEST_STEP][PASSED] - selectOptionByIndex: All options with index in [1] are selected on object 'Object Repository/GRN/Page_KDMC - CMS/select_JanFebMarAprMayJunJulAu'

2018-06-10 21:53:16 - [MESSAGE][PASSED] - All options with index in [1] are selected on object 'Object Repository/GRN/Page_KDMC - CMS/select_JanFebMarAprMayJunJulAu'

2018-06-10 21:53:16 - [TEST_STEP][PASSED] - click: Object: 'Object Repository/MOH AND GRN/Page_KDMC - CMS/a_12' is clicked on

2018-06-10 21:53:16 - [MESSAGE][PASSED] - Object: 'Object Repository/MOH AND GRN/Page_KDMC - CMS/a_12' is clicked on

2018-06-10 21:53:16 - [TEST_STEP][PASSED] - click: Object: 'Object Repository/MOH AND GRN/Page_KDMC - CMS/input_btnadd' is clicked on

2018-06-10 21:53:16 - [MESSAGE][PASSED] - Object: 'Object Repository/MOH AND GRN/Page_KDMC - CMS/input_btnadd' is clicked on

2018-06-10 21:53:16 - [TEST_STEP][PASSED] - Statement - If (s == 10): null

2018-06-10 21:53:16 - [TEST_STEP][PASSED] - Statement - Else: null

2018-06-10 21:53:16 - [TEST_STEP][PASSED] - Statement - (s++): null

2018-06-10 21:53:16 - [TEST_STEP][PASSED] - delay: Delayed 1 second(s)

2018-06-10 21:53:17 - [MESSAGE][PASSED] - Delayed 1 second(s)

2018-06-10 21:53:17 - [TEST_STEP][PASSED] - selectOptionByIndex: All options with index in [2] are selected on object 'Object Repository/MOH AND GRN/Page_KDMC - CMS/select_--Select--Amikacin -500'

2018-06-10 21:53:17 - [MESSAGE][PASSED] - All options with index in [2] are selected on object 'Object Repository/MOH AND GRN/Page_KDMC - CMS/select_--Select--Amikacin -500'

2018-06-10 21:53:17 - [TEST_STEP][PASSED] - setText: Text '5000' is set on object 'Object Repository/MOH AND GRN/Page_KDMC - CMS/input_txtqty'

2018-06-10 21:53:17 - [MESSAGE][PASSED] - Text '5000' is set on object 'Object Repository/MOH AND GRN/Page_KDMC - CMS/input_txtqty'

2018-06-10 21:53:17 - [TEST_STEP][PASSED] - selectOptionByIndex: All options with index in [1] are selected on object 'Object Repository/MOH AND GRN/Page_KDMC - CMS/select_--Select--No Tax0'

2018-06-10 21:53:18 - [MESSAGE][PASSED] - All options with index in [1] are selected on object 'Object Repository/MOH AND GRN/Page_KDMC - CMS/select_--Select--No Tax0'

2018-06-10 21:53:18 - [TEST_STEP][PASSED] - setText: Finding Test Object with id 'Object Repository/MOH AND GRN/Page_KDMC - CMS/input_txtmrp'

2018-06-10 21:53:18 - [TEST_STEP][PASSED] - Statement - switch (id): Finding Test Object with id 'Object Repository/MOH AND GRN/Page_KDMC - CMS/input_txtdeal'

2018-06-10 21:53:18 - [TEST_STEP][PASSED] - Statement - case 4:: Text '33.0' is set on object 'Object Repository/MOH AND GRN/Page_KDMC - CMS/input_txtmrp'

2018-06-10 21:53:18 - [TEST_STEP][PASSED] - Statement - return (java.lang.Math.floor((java.lang.Math.random() * ((max - min) + 1))) + min): Text '33.0' is set on object 'Object Repository/MOH AND GRN/Page_KDMC - CMS/input_txtmrp'

2018-06-10 21:53:18 - [MESSAGE][PASSED] - Text '33.0' is set on object 'Object Repository/MOH AND GRN/Page_KDMC - CMS/input_txtmrp'

2018-06-10 21:53:18 - [TEST_STEP][PASSED] - setText: Finding Test Object with id 'Object Repository/MOH AND GRN/Page_KDMC - CMS/input_txtdeal'

2018-06-10 21:53:18 - [TEST_STEP][PASSED] - Statement - switch (id): Finding Test Object with id 'Object Repository/MOH AND GRN/Page_KDMC - CMS/input_txtbatchno'

2018-06-10 21:53:18 - [TEST_STEP][PASSED] - Statement - case 5:: Text '3.0' is set on object 'Object Repository/MOH AND GRN/Page_KDMC - CMS/input_txtdeal'

2018-06-10 21:53:18 - [TEST_STEP][PASSED] - Statement - return (java.lang.Math.floor((java.lang.Math.random() * ((max - min) + 1))) + min): Text '3.0' is set on object 'Object Repository/MOH AND GRN/Page_KDMC - CMS/input_txtdeal'

2018-06-10 21:53:18 - [MESSAGE][PASSED] - Text '3.0' is set on object 'Object Repository/MOH AND GRN/Page_KDMC - CMS/input_txtdeal'

2018-06-10 21:53:18 - [TEST_STEP][PASSED] - setText: Finding Test Object with id 'Object Repository/MOH AND GRN/Page_KDMC - CMS/input_txtbatchno'

2018-06-10 21:53:18 - [TEST_STEP][PASSED] - Statement - switch (id): Finding Test Object with id 'Object Repository/MOH AND GRN/Page_KDMC - CMS/input_txtmrp'

2018-06-10 21:53:18 - [TEST_STEP][PASSED] - Statement - case 1:: Text 'BA125.0' is set on object 'Object Repository/MOH AND GRN/Page_KDMC - CMS/input_txtbatchno'

2018-06-10 21:53:18 - [TEST_STEP][PASSED] - Statement - return (java.lang.Math.floor((java.lang.Math.random() * ((max - min) + 1))) + min): Text 'BA125.0' is set on object 'Object Repository/MOH AND GRN/Page_KDMC - CMS/input_txtbatchno'

2018-06-10 21:53:18 - [MESSAGE][PASSED] - Text 'BA125.0' is set on object 'Object Repository/MOH AND GRN/Page_KDMC - CMS/input_txtbatchno'

2018-06-10 21:53:18 - [TEST_STEP][PASSED] - rightClick: Object: 'Object Repository/GRN/Page_KDMC - CMS/input_txtexpdate' is right clicked on

2018-06-10 21:53:18 - [MESSAGE][PASSED] - Object: 'Object Repository/GRN/Page_KDMC - CMS/input_txtexpdate' is right clicked on

2018-06-10 21:53:18 - [TEST_STEP][PASSED] - selectOptionByIndex: All options with index in [2] are selected on object 'Object Repository/GRN/Page_KDMC - CMS/select_20182019202020212022202'

2018-06-10 21:53:18 - [MESSAGE][PASSED] - All options with index in [2] are selected on object 'Object Repository/GRN/Page_KDMC - CMS/select_20182019202020212022202'

2018-06-10 21:53:18 - [TEST_STEP][PASSED] - selectOptionByIndex: All options with index in [2] are selected on object 'Object Repository/GRN/Page_KDMC - CMS/select_JanFebMarAprMayJunJulAu'

2018-06-10 21:53:18 - [MESSAGE][PASSED] - All options with index in [2] are selected on object 'Object Repository/GRN/Page_KDMC - CMS/select_JanFebMarAprMayJunJulAu'

2018-06-10 21:53:18 - [TEST_STEP][PASSED] - click: Object: 'Object Repository/MOH AND GRN/Page_KDMC - CMS/a_12' is clicked on

2018-06-10 21:53:18 - [MESSAGE][PASSED] - Object: 'Object Repository/MOH AND GRN/Page_KDMC - CMS/a_12' is clicked on

2018-06-10 21:53:18 - [TEST_STEP][PASSED] - click: Object: 'Object Repository/MOH AND GRN/Page_KDMC - CMS/input_btnadd' is clicked on

2018-06-10 21:53:18 - [MESSAGE][PASSED] - Object: 'Object Repository/MOH AND GRN/Page_KDMC - CMS/input_btnadd' is clicked on

2018-06-10 21:53:18 - [TEST_STEP][PASSED] - Statement - If (s == 10): null

2018-06-10 21:53:18 - [TEST_STEP][PASSED] - Statement - Else: null

2018-06-10 21:53:18 - [TEST_STEP][PASSED] - Statement - (s++): null

2018-06-10 21:53:18 - [TEST_STEP][PASSED] - delay: Delayed 1 second(s)

2018-06-10 21:53:19 - [MESSAGE][PASSED] - Delayed 1 second(s)

2018-06-10 21:53:19 - [TEST_STEP][PASSED] - selectOptionByIndex: All options with index in [3] are selected on object 'Object Repository/MOH AND GRN/Page_KDMC - CMS/select_--Select--Amikacin -500'

2018-06-10 21:53:20 - [MESSAGE][PASSED] - All options with index in [3] are selected on object 'Object Repository/MOH AND GRN/Page_KDMC - CMS/select_--Select--Amikacin -500'

2018-06-10 21:53:20 - [TEST_STEP][PASSED] - setText: Text '5000' is set on object 'Object Repository/MOH AND GRN/Page_KDMC - CMS/input_txtqty'

2018-06-10 21:53:20 - [MESSAGE][PASSED] - Text '5000' is set on object 'Object Repository/MOH AND GRN/Page_KDMC - CMS/input_txtqty'

2018-06-10 21:53:20 - [TEST_STEP][PASSED] - selectOptionByIndex: All options with index in [1] are selected on object 'Object Repository/MOH AND GRN/Page_KDMC - CMS/select_--Select--No Tax0'

2018-06-10 21:53:20 - [MESSAGE][PASSED] - All options with index in [1] are selected on object 'Object Repository/MOH AND GRN/Page_KDMC - CMS/select_--Select--No Tax0'

2018-06-10 21:53:20 - [TEST_STEP][PASSED] - setText: Finding Test Object with id 'Object Repository/MOH AND GRN/Page_KDMC - CMS/input_txtmrp'

2018-06-10 21:53:20 - [TEST_STEP][PASSED] - Statement - switch (id): Finding Test Object with id 'Object Repository/MOH AND GRN/Page_KDMC - CMS/input_txtdeal'

2018-06-10 21:53:20 - [TEST_STEP][PASSED] - Statement - case 4:: Text '19.0' is set on object 'Object Repository/MOH AND GRN/Page_KDMC - CMS/input_txtmrp'

2018-06-10 21:53:20 - [TEST_STEP][PASSED] - Statement - return (java.lang.Math.floor((java.lang.Math.random() * ((max - min) + 1))) + min): Text '19.0' is set on object 'Object Repository/MOH AND GRN/Page_KDMC - CMS/input_txtmrp'

2018-06-10 21:53:20 - [MESSAGE][PASSED] - Text '19.0' is set on object 'Object Repository/MOH AND GRN/Page_KDMC - CMS/input_txtmrp'

2018-06-10 21:53:20 - [TEST_STEP][PASSED] - setText: Finding Test Object with id 'Object Repository/MOH AND GRN/Page_KDMC - CMS/input_txtdeal'

2018-06-10 21:53:20 - [TEST_STEP][PASSED] - Statement - switch (id): Finding Test Object with id 'Object Repository/MOH AND GRN/Page_KDMC - CMS/input_txtbatchno'

2018-06-10 21:53:20 - [TEST_STEP][PASSED] - Statement - case 5:: Text '7.0' is set on object 'Object Repository/MOH AND GRN/Page_KDMC - CMS/input_txtdeal'

2018-06-10 21:53:20 - [TEST_STEP][PASSED] - Statement - return (java.lang.Math.floor((java.lang.Math.random() * ((max - min) + 1))) + min): Text '7.0' is set on object 'Object Repository/MOH AND GRN/Page_KDMC - CMS/input_txtdeal'

2018-06-10 21:53:20 - [MESSAGE][PASSED] - Text '7.0' is set on object 'Object Repository/MOH AND GRN/Page_KDMC - CMS/input_txtdeal'

2018-06-10 21:53:20 - [TEST_STEP][PASSED] - setText: Finding Test Object with id 'Object Repository/MOH AND GRN/Page_KDMC - CMS/input_txtbatchno'

2018-06-10 21:53:20 - [TEST_STEP][PASSED] - Statement - switch (id): Finding Test Object with id 'Object Repository/MOH AND GRN/Page_KDMC - CMS/input_txtmrp'

2018-06-10 21:53:20 - [TEST_STEP][PASSED] - Statement - case 1:: Text 'BA720.0' is set on object 'Object Repository/MOH AND GRN/Page_KDMC - CMS/input_txtbatchno'

2018-06-10 21:53:20 - [TEST_STEP][PASSED] - Statement - return (java.lang.Math.floor((java.lang.Math.random() * ((max - min) + 1))) + min): Text 'BA720.0' is set on object 'Object Repository/MOH AND GRN/Page_KDMC - CMS/input_txtbatchno'

2018-06-10 21:53:20 - [MESSAGE][PASSED] - Text 'BA720.0' is set on object 'Object Repository/MOH AND GRN/Page_KDMC - CMS/input_txtbatchno'

2018-06-10 21:53:20 - [TEST_STEP][PASSED] - rightClick: Object: 'Object Repository/GRN/Page_KDMC - CMS/input_txtexpdate' is right clicked on

2018-06-10 21:53:20 - [MESSAGE][PASSED] - Object: 'Object Repository/GRN/Page_KDMC - CMS/input_txtexpdate' is right clicked on

2018-06-10 21:53:20 - [TEST_STEP][PASSED] - selectOptionByIndex: All options with index in [3] are selected on object 'Object Repository/GRN/Page_KDMC - CMS/select_20182019202020212022202'

2018-06-10 21:53:20 - [MESSAGE][PASSED] - All options with index in [3] are selected on object 'Object Repository/GRN/Page_KDMC - CMS/select_20182019202020212022202'

2018-06-10 21:53:20 - [TEST_STEP][PASSED] - selectOptionByIndex: All options with index in [3] are selected on object 'Object Repository/GRN/Page_KDMC - CMS/select_JanFebMarAprMayJunJulAu'

2018-06-10 21:53:21 - [MESSAGE][PASSED] - All options with index in [3] are selected on object 'Object Repository/GRN/Page_KDMC - CMS/select_JanFebMarAprMayJunJulAu'

2018-06-10 21:53:21 - [TEST_STEP][PASSED] - click: Object: 'Object Repository/MOH AND GRN/Page_KDMC - CMS/a_12' is clicked on

2018-06-10 21:53:21 - [MESSAGE][PASSED] - Object: 'Object Repository/MOH AND GRN/Page_KDMC - CMS/a_12' is clicked on

2018-06-10 21:53:21 - [TEST_STEP][PASSED] - click: Object: 'Object Repository/MOH AND GRN/Page_KDMC - CMS/input_btnadd' is clicked on

2018-06-10 21:53:21 - [MESSAGE][PASSED] - Object: 'Object Repository/MOH AND GRN/Page_KDMC - CMS/input_btnadd' is clicked on

2018-06-10 21:53:21 - [TEST_STEP][PASSED] - Statement - If (s == 10): null

2018-06-10 21:53:21 - [TEST_STEP][PASSED] - Statement - Else: null

2018-06-10 21:53:21 - [TEST_STEP][PASSED] - Statement - (s++): null

2018-06-10 21:53:21 - [TEST_STEP][PASSED] - delay: Delayed 1 second(s)

2018-06-10 21:53:22 - [MESSAGE][PASSED] - Delayed 1 second(s)

2018-06-10 21:53:22 - [TEST_STEP][PASSED] - selectOptionByIndex: All options with index in [4] are selected on object 'Object Repository/MOH AND GRN/Page_KDMC - CMS/select_--Select--Amikacin -500'

2018-06-10 21:53:22 - [MESSAGE][PASSED] - All options with index in [4] are selected on object 'Object Repository/MOH AND GRN/Page_KDMC - CMS/select_--Select--Amikacin -500'

2018-06-10 21:53:22 - [TEST_STEP][PASSED] - setText: Text '5000' is set on object 'Object Repository/MOH AND GRN/Page_KDMC - CMS/input_txtqty'

2018-06-10 21:53:22 - [MESSAGE][PASSED] - Text '5000' is set on object 'Object Repository/MOH AND GRN/Page_KDMC - CMS/input_txtqty'

2018-06-10 21:53:22 - [TEST_STEP][PASSED] - selectOptionByIndex: All options with index in [1] are selected on object 'Object Repository/MOH AND GRN/Page_KDMC - CMS/select_--Select--No Tax0'

2018-06-10 21:53:22 - [MESSAGE][PASSED] - All options with index in [1] are selected on object 'Object Repository/MOH AND GRN/Page_KDMC - CMS/select_--Select--No Tax0'

2018-06-10 21:53:22 - [TEST_STEP][PASSED] - setText: Finding Test Object with id 'Object Repository/MOH AND GRN/Page_KDMC - CMS/input_txtmrp'

2018-06-10 21:53:22 - [TEST_STEP][PASSED] - Statement - switch (id): Finding Test Object with id 'Object Repository/MOH AND GRN/Page_KDMC - CMS/input_txtdeal'

2018-06-10 21:53:22 - [TEST_STEP][PASSED] - Statement - case 4:: Text '34.0' is set on object 'Object Repository/MOH AND GRN/Page_KDMC - CMS/input_txtmrp'

2018-06-10 21:53:22 - [TEST_STEP][PASSED] - Statement - return (java.lang.Math.floor((java.lang.Math.random() * ((max - min) + 1))) + min): Text '34.0' is set on object 'Object Repository/MOH AND GRN/Page_KDMC - CMS/input_txtmrp'

2018-06-10 21:53:22 - [MESSAGE][PASSED] - Text '34.0' is set on object 'Object Repository/MOH AND GRN/Page_KDMC - CMS/input_txtmrp'

2018-06-10 21:53:22 - [TEST_STEP][PASSED] - setText: Finding Test Object with id 'Object Repository/MOH AND GRN/Page_KDMC - CMS/input_txtdeal'

2018-06-10 21:53:22 - [TEST_STEP][PASSED] - Statement - switch (id): Finding Test Object with id 'Object Repository/MOH AND GRN/Page_KDMC - CMS/input_txtbatchno'

2018-06-10 21:53:22 - [TEST_STEP][PASSED] - Statement - case 5:: Text '9.0' is set on object 'Object Repository/MOH AND GRN/Page_KDMC - CMS/input_txtdeal'

2018-06-10 21:53:22 - [TEST_STEP][PASSED] - Statement - return (java.lang.Math.floor((java.lang.Math.random() * ((max - min) + 1))) + min): Text '9.0' is set on object 'Object Repository/MOH AND GRN/Page_KDMC - CMS/input_txtdeal'

2018-06-10 21:53:22 - [MESSAGE][PASSED] - Text '9.0' is set on object 'Object Repository/MOH AND GRN/Page_KDMC - CMS/input_txtdeal'

2018-06-10 21:53:22 - [TEST_STEP][PASSED] - setText: Finding Test Object with id 'Object Repository/MOH AND GRN/Page_KDMC - CMS/input_txtbatchno'

2018-06-10 21:53:22 - [TEST_STEP][PASSED] - Statement - switch (id): Finding Test Object with id 'Object Repository/MOH AND GRN/Page_KDMC - CMS/input_txtmrp'

2018-06-10 21:53:22 - [TEST_STEP][PASSED] - Statement - case 1:: Text 'BA487.0' is set on object 'Object Repository/MOH AND GRN/Page_KDMC - CMS/input_txtbatchno'

2018-06-10 21:53:22 - [TEST_STEP][PASSED] - Statement - return (java.lang.Math.floor((java.lang.Math.random() * ((max - min) + 1))) + min): Text 'BA487.0' is set on object 'Object Repository/MOH AND GRN/Page_KDMC - CMS/input_txtbatchno'

2018-06-10 21:53:22 - [MESSAGE][PASSED] - Text 'BA487.0' is set on object 'Object Repository/MOH AND GRN/Page_KDMC - CMS/input_txtbatchno'

2018-06-10 21:53:22 - [TEST_STEP][PASSED] - rightClick: Object: 'Object Repository/GRN/Page_KDMC - CMS/input_txtexpdate' is right clicked on

2018-06-10 21:53:23 - [MESSAGE][PASSED] - Object: 'Object Repository/GRN/Page_KDMC - CMS/input_txtexpdate' is right clicked on

2018-06-10 21:53:23 - [TEST_STEP][PASSED] - selectOptionByIndex: All options with index in [4] are selected on object 'Object Repository/GRN/Page_KDMC - CMS/select_20182019202020212022202'

2018-06-10 21:53:23 - [MESSAGE][PASSED] - All options with index in [4] are selected on object 'Object Repository/GRN/Page_KDMC - CMS/select_20182019202020212022202'

2018-06-10 21:53:23 - [TEST_STEP][PASSED] - selectOptionByIndex: All options with index in [4] are selected on object 'Object Repository/GRN/Page_KDMC - CMS/select_JanFebMarAprMayJunJulAu'

2018-06-10 21:53:23 - [MESSAGE][PASSED] - All options with index in [4] are selected on object 'Object Repository/GRN/Page_KDMC - CMS/select_JanFebMarAprMayJunJulAu'

2018-06-10 21:53:23 - [TEST_STEP][PASSED] - click: Object: 'Object Repository/MOH AND GRN/Page_KDMC - CMS/a_12' is clicked on

2018-06-10 21:53:23 - [MESSAGE][PASSED] - Object: 'Object Repository/MOH AND GRN/Page_KDMC - CMS/a_12' is clicked on

2018-06-10 21:53:23 - [TEST_STEP][PASSED] - click: Object: 'Object Repository/MOH AND GRN/Page_KDMC - CMS/input_btnadd' is clicked on

2018-06-10 21:53:23 - [MESSAGE][PASSED] - Object: 'Object Repository/MOH AND GRN/Page_KDMC - CMS/input_btnadd' is clicked on

2018-06-10 21:53:23 - [TEST_STEP][PASSED] - Statement - If (s == 10): null

2018-06-10 21:53:23 - [TEST_STEP][PASSED] - Statement - Else: null

2018-06-10 21:53:23 - [TEST_STEP][PASSED] - Statement - (s++): null

2018-06-10 21:53:23 - [TEST_STEP][PASSED] - delay: Delayed 1 second(s)

2018-06-10 21:53:24 - [MESSAGE][PASSED] - Delayed 1 second(s)

2018-06-10 21:53:24 - [TEST_STEP][PASSED] - selectOptionByIndex: All options with index in [5] are selected on object 'Object Repository/MOH AND GRN/Page_KDMC - CMS/select_--Select--Amikacin -500'

2018-06-10 21:53:24 - [MESSAGE][PASSED] - All options with index in [5] are selected on object 'Object Repository/MOH AND GRN/Page_KDMC - CMS/select_--Select--Amikacin -500'

2018-06-10 21:53:24 - [TEST_STEP][PASSED] - setText: Text '5000' is set on object 'Object Repository/MOH AND GRN/Page_KDMC - CMS/input_txtqty'

2018-06-10 21:53:24 - [MESSAGE][PASSED] - Text '5000' is set on object 'Object Repository/MOH AND GRN/Page_KDMC - CMS/input_txtqty'

2018-06-10 21:53:24 - [TEST_STEP][PASSED] - selectOptionByIndex: All options with index in [1] are selected on object 'Object Repository/MOH AND GRN/Page_KDMC - CMS/select_--Select--No Tax0'

2018-06-10 21:53:24 - [MESSAGE][PASSED] - All options with index in [1] are selected on object 'Object Repository/MOH AND GRN/Page_KDMC - CMS/select_--Select--No Tax0'

2018-06-10 21:53:24 - [TEST_STEP][PASSED] - setText: Finding Test Object with id 'Object Repository/MOH AND GRN/Page_KDMC - CMS/input_txtmrp'

2018-06-10 21:53:24 - [TEST_STEP][PASSED] - Statement - switch (id): Finding Test Object with id 'Object Repository/MOH AND GRN/Page_KDMC - CMS/input_txtdeal'

2018-06-10 21:53:24 - [TEST_STEP][PASSED] - Statement - case 4:: Text '41.0' is set on object 'Object Repository/MOH AND GRN/Page_KDMC - CMS/input_txtmrp'

2018-06-10 21:53:24 - [TEST_STEP][PASSED] - Statement - return (java.lang.Math.floor((java.lang.Math.random() * ((max - min) + 1))) + min): Text '41.0' is set on object 'Object Repository/MOH AND GRN/Page_KDMC - CMS/input_txtmrp'

2018-06-10 21:53:25 - [MESSAGE][PASSED] - Text '41.0' is set on object 'Object Repository/MOH AND GRN/Page_KDMC - CMS/input_txtmrp'

2018-06-10 21:53:25 - [TEST_STEP][PASSED] - setText: Finding Test Object with id 'Object Repository/MOH AND GRN/Page_KDMC - CMS/input_txtdeal'

2018-06-10 21:53:25 - [TEST_STEP][PASSED] - Statement - switch (id): Finding Test Object with id 'Object Repository/MOH AND GRN/Page_KDMC - CMS/input_txtbatchno'

2018-06-10 21:53:25 - [TEST_STEP][PASSED] - Statement - case 5:: Text '11.0' is set on object 'Object Repository/MOH AND GRN/Page_KDMC - CMS/input_txtdeal'

2018-06-10 21:53:25 - [TEST_STEP][PASSED] - Statement - return (java.lang.Math.floor((java.lang.Math.random() * ((max - min) + 1))) + min): Text '11.0' is set on object 'Object Repository/MOH AND GRN/Page_KDMC - CMS/input_txtdeal'

2018-06-10 21:53:25 - [MESSAGE][PASSED] - Text '11.0' is set on object 'Object Repository/MOH AND GRN/Page_KDMC - CMS/input_txtdeal'

2018-06-10 21:53:25 - [TEST_STEP][PASSED] - setText: Finding Test Object with id 'Object Repository/MOH AND GRN/Page_KDMC - CMS/input_txtbatchno'

2018-06-10 21:53:25 - [TEST_STEP][PASSED] - Statement - switch (id): Finding Test Object with id 'Object Repository/MOH AND GRN/Page_KDMC - CMS/input_txtmrp'

2018-06-10 21:53:25 - [TEST_STEP][PASSED] - Statement - case 1:: Text 'BA985.0' is set on object 'Object Repository/MOH AND GRN/Page_KDMC - CMS/input_txtbatchno'

2018-06-10 21:53:25 - [TEST_STEP][PASSED] - Statement - return (java.lang.Math.floor((java.lang.Math.random() * ((max - min) + 1))) + min): Text 'BA985.0' is set on object 'Object Repository/MOH AND GRN/Page_KDMC - CMS/input_txtbatchno'

2018-06-10 21:53:25 - [MESSAGE][PASSED] - Text 'BA985.0' is set on object 'Object Repository/MOH AND GRN/Page_KDMC - CMS/input_txtbatchno'

2018-06-10 21:53:25 - [TEST_STEP][PASSED] - rightClick: Object: 'Object Repository/GRN/Page_KDMC - CMS/input_txtexpdate' is right clicked on

2018-06-10 21:53:25 - [MESSAGE][PASSED] - Object: 'Object Repository/GRN/Page_KDMC - CMS/input_txtexpdate' is right clicked on

2018-06-10 21:53:25 - [TEST_STEP][PASSED] - selectOptionByIndex: All options with index in [5] are selected on object 'Object Repository/GRN/Page_KDMC - CMS/select_20182019202020212022202'

2018-06-10 21:53:25 - [MESSAGE][PASSED] - All options with index in [5] are selected on object 'Object Repository/GRN/Page_KDMC - CMS/select_20182019202020212022202'

2018-06-10 21:53:25 - [TEST_STEP][PASSED] - selectOptionByIndex: All options with index in [5] are selected on object 'Object Repository/GRN/Page_KDMC - CMS/select_JanFebMarAprMayJunJulAu'

2018-06-10 21:53:25 - [MESSAGE][PASSED] - All options with index in [5] are selected on object 'Object Repository/GRN/Page_KDMC - CMS/select_JanFebMarAprMayJunJulAu'

2018-06-10 21:53:25 - [TEST_STEP][PASSED] - click: Object: 'Object Repository/MOH AND GRN/Page_KDMC - CMS/a_12' is clicked on

2018-06-10 21:53:25 - [MESSAGE][PASSED] - Object: 'Object Repository/MOH AND GRN/Page_KDMC - CMS/a_12' is clicked on

2018-06-10 21:53:25 - [TEST_STEP][PASSED] - click: Object: 'Object Repository/MOH AND GRN/Page_KDMC - CMS/input_btnadd' is clicked on

2018-06-10 21:53:25 - [MESSAGE][PASSED] - Object: 'Object Repository/MOH AND GRN/Page_KDMC - CMS/input_btnadd' is clicked on

2018-06-10 21:53:25 - [TEST_STEP][PASSED] - Statement - If (s == 10): null

2018-06-10 21:53:25 - [TEST_STEP][PASSED] - Statement - Else: null

2018-06-10 21:53:25 - [TEST_STEP][PASSED] - Statement - (s++): null

2018-06-10 21:53:25 - [TEST_STEP][PASSED] - delay: Delayed 1 second(s)

2018-06-10 21:53:26 - [MESSAGE][PASSED] - Delayed 1 second(s)

2018-06-10 21:53:26 - [TEST_STEP][PASSED] - selectOptionByIndex: All options with index in [6] are selected on object 'Object Repository/MOH AND GRN/Page_KDMC - CMS/select_--Select--Amikacin -500'

2018-06-10 21:53:27 - [MESSAGE][PASSED] - All options with index in [6] are selected on object 'Object Repository/MOH AND GRN/Page_KDMC - CMS/select_--Select--Amikacin -500'

2018-06-10 21:53:27 - [TEST_STEP][PASSED] - setText: Text '5000' is set on object 'Object Repository/MOH AND GRN/Page_KDMC - CMS/input_txtqty'

2018-06-10 21:53:27 - [MESSAGE][PASSED] - Text '5000' is set on object 'Object Repository/MOH AND GRN/Page_KDMC - CMS/input_txtqty'

2018-06-10 21:53:27 - [TEST_STEP][PASSED] - selectOptionByIndex: All options with index in [1] are selected on object 'Object Repository/MOH AND GRN/Page_KDMC - CMS/select_--Select--No Tax0'

2018-06-10 21:53:27 - [MESSAGE][PASSED] - All options with index in [1] are selected on object 'Object Repository/MOH AND GRN/Page_KDMC - CMS/select_--Select--No Tax0'

2018-06-10 21:53:27 - [TEST_STEP][PASSED] - setText: Finding Test Object with id 'Object Repository/MOH AND GRN/Page_KDMC - CMS/input_txtmrp'

2018-06-10 21:53:27 - [TEST_STEP][PASSED] - Statement - switch (id): Finding Test Object with id 'Object Repository/MOH AND GRN/Page_KDMC - CMS/input_txtdeal'

2018-06-10 21:53:27 - [TEST_STEP][PASSED] - Statement - case 4:: Text '33.0' is set on object 'Object Repository/MOH AND GRN/Page_KDMC - CMS/input_txtmrp'

2018-06-10 21:53:27 - [TEST_STEP][PASSED] - Statement - return (java.lang.Math.floor((java.lang.Math.random() * ((max - min) + 1))) + min): Text '33.0' is set on object 'Object Repository/MOH AND GRN/Page_KDMC - CMS/input_txtmrp'

2018-06-10 21:53:27 - [MESSAGE][PASSED] - Text '33.0' is set on object 'Object Repository/MOH AND GRN/Page_KDMC - CMS/input_txtmrp'

2018-06-10 21:53:27 - [TEST_STEP][PASSED] - setText: Finding Test Object with id 'Object Repository/MOH AND GRN/Page_KDMC - CMS/input_txtdeal'

2018-06-10 21:53:27 - [TEST_STEP][PASSED] - Statement - switch (id): Finding Test Object with id 'Object Repository/MOH AND GRN/Page_KDMC - CMS/input_txtbatchno'

2018-06-10 21:53:27 - [TEST_STEP][PASSED] - Statement - case 5:: Text '7.0' is set on object 'Object Repository/MOH AND GRN/Page_KDMC - CMS/input_txtdeal'

2018-06-10 21:53:27 - [TEST_STEP][PASSED] - Statement - return (java.lang.Math.floor((java.lang.Math.random() * ((max - min) + 1))) + min): Text '7.0' is set on object 'Object Repository/MOH AND GRN/Page_KDMC - CMS/input_txtdeal'

2018-06-10 21:53:27 - [MESSAGE][PASSED] - Text '7.0' is set on object 'Object Repository/MOH AND GRN/Page_KDMC - CMS/input_txtdeal'

2018-06-10 21:53:27 - [TEST_STEP][PASSED] - setText: Finding Test Object with id 'Object Repository/MOH AND GRN/Page_KDMC - CMS/input_txtbatchno'

2018-06-10 21:53:27 - [TEST_STEP][PASSED] - Statement - switch (id): Finding Test Object with id 'Object Repository/MOH AND GRN/Page_KDMC - CMS/input_txtmrp'

2018-06-10 21:53:27 - [TEST_STEP][PASSED] - Statement - case 1:: Text 'BA211.0' is set on object 'Object Repository/MOH AND GRN/Page_KDMC - CMS/input_txtbatchno'

2018-06-10 21:53:27 - [TEST_STEP][PASSED] - Statement - return (java.lang.Math.floor((java.lang.Math.random() * ((max - min) + 1))) + min): Text 'BA211.0' is set on object 'Object Repository/MOH AND GRN/Page_KDMC - CMS/input_txtbatchno'

2018-06-10 21:53:27 - [MESSAGE][PASSED] - Text 'BA211.0' is set on object 'Object Repository/MOH AND GRN/Page_KDMC - CMS/input_txtbatchno'

2018-06-10 21:53:27 - [TEST_STEP][PASSED] - rightClick: Object: 'Object Repository/GRN/Page_KDMC - CMS/input_txtexpdate' is right clicked on

2018-06-10 21:53:27 - [MESSAGE][PASSED] - Object: 'Object Repository/GRN/Page_KDMC - CMS/input_txtexpdate' is right clicked on

2018-06-10 21:53:27 - [TEST_STEP][PASSED] - selectOptionByIndex: All options with index in [6] are selected on object 'Object Repository/GRN/Page_KDMC - CMS/select_20182019202020212022202'

2018-06-10 21:53:27 - [MESSAGE][PASSED] - All options with index in [6] are selected on object 'Object Repository/GRN/Page_KDMC - CMS/select_20182019202020212022202'

2018-06-10 21:53:27 - [TEST_STEP][PASSED] - selectOptionByIndex: All options with index in [6] are selected on object 'Object Repository/GRN/Page_KDMC - CMS/select_JanFebMarAprMayJunJulAu'

2018-06-10 21:53:28 - [MESSAGE][PASSED] - All options with index in [6] are selected on object 'Object Repository/GRN/Page_KDMC - CMS/select_JanFebMarAprMayJunJulAu'

2018-06-10 21:53:28 - [TEST_STEP][PASSED] - click: Object: 'Object Repository/MOH AND GRN/Page_KDMC - CMS/a_12' is clicked on

2018-06-10 21:53:28 - [MESSAGE][PASSED] - Object: 'Object Repository/MOH AND GRN/Page_KDMC - CMS/a_12' is clicked on

2018-06-10 21:53:28 - [TEST_STEP][PASSED] - click: Object: 'Object Repository/MOH AND GRN/Page_KDMC - CMS/input_btnadd' is clicked on

2018-06-10 21:53:28 - [MESSAGE][PASSED] - Object: 'Object Repository/MOH AND GRN/Page_KDMC - CMS/input_btnadd' is clicked on

2018-06-10 21:53:28 - [TEST_STEP][PASSED] - Statement - If (s == 10): null

2018-06-10 21:53:28 - [TEST_STEP][PASSED] - Statement - Else: null

2018-06-10 21:53:28 - [TEST_STEP][PASSED] - Statement - (s++): null

2018-06-10 21:53:28 - [TEST_STEP][PASSED] - delay: Delayed 1 second(s)

2018-06-10 21:53:29 - [MESSAGE][PASSED] - Delayed 1 second(s)

2018-06-10 21:53:29 - [TEST_STEP][PASSED] - selectOptionByIndex: All options with index in [7] are selected on object 'Object Repository/MOH AND GRN/Page_KDMC - CMS/select_--Select--Amikacin -500'

2018-06-10 21:53:29 - [MESSAGE][PASSED] - All options with index in [7] are selected on object 'Object Repository/MOH AND GRN/Page_KDMC - CMS/select_--Select--Amikacin -500'

2018-06-10 21:53:29 - [TEST_STEP][PASSED] - setText: Text '5000' is set on object 'Object Repository/MOH AND GRN/Page_KDMC - CMS/input_txtqty'

2018-06-10 21:53:29 - [MESSAGE][PASSED] - Text '5000' is set on object 'Object Repository/MOH AND GRN/Page_KDMC - CMS/input_txtqty'

2018-06-10 21:53:29 - [TEST_STEP][PASSED] - selectOptionByIndex: All options with index in [1] are selected on object 'Object Repository/MOH AND GRN/Page_KDMC - CMS/select_--Select--No Tax0'

2018-06-10 21:53:29 - [MESSAGE][PASSED] - All options with index in [1] are selected on object 'Object Repository/MOH AND GRN/Page_KDMC - CMS/select_--Select--No Tax0'

2018-06-10 21:53:29 - [TEST_STEP][PASSED] - setText: Finding Test Object with id 'Object Repository/MOH AND GRN/Page_KDMC - CMS/input_txtmrp'

2018-06-10 21:53:29 - [TEST_STEP][PASSED] - Statement - switch (id): Finding Test Object with id 'Object Repository/MOH AND GRN/Page_KDMC - CMS/input_txtdeal'

2018-06-10 21:53:29 - [TEST_STEP][PASSED] - Statement - case 4:: Text '27.0' is set on object 'Object Repository/MOH AND GRN/Page_KDMC - CMS/input_txtmrp'

2018-06-10 21:53:29 - [TEST_STEP][PASSED] - Statement - return (java.lang.Math.floor((java.lang.Math.random() * ((max - min) + 1))) + min): Text '27.0' is set on object 'Object Repository/MOH AND GRN/Page_KDMC - CMS/input_txtmrp'

2018-06-10 21:53:29 - [MESSAGE][PASSED] - Text '27.0' is set on object 'Object Repository/MOH AND GRN/Page_KDMC - CMS/input_txtmrp'

2018-06-10 21:53:29 - [TEST_STEP][PASSED] - setText: Finding Test Object with id 'Object Repository/MOH AND GRN/Page_KDMC - CMS/input_txtdeal'

2018-06-10 21:53:29 - [TEST_STEP][PASSED] - Statement - switch (id): Finding Test Object with id 'Object Repository/MOH AND GRN/Page_KDMC - CMS/input_txtbatchno'

2018-06-10 21:53:29 - [TEST_STEP][PASSED] - Statement - case 5:: Text '6.0' is set on object 'Object Repository/MOH AND GRN/Page_KDMC - CMS/input_txtdeal'

2018-06-10 21:53:29 - [TEST_STEP][PASSED] - Statement - return (java.lang.Math.floor((java.lang.Math.random() * ((max - min) + 1))) + min): Text '6.0' is set on object 'Object Repository/MOH AND GRN/Page_KDMC - CMS/input_txtdeal'

2018-06-10 21:53:29 - [MESSAGE][PASSED] - Text '6.0' is set on object 'Object Repository/MOH AND GRN/Page_KDMC - CMS/input_txtdeal'

2018-06-10 21:53:29 - [TEST_STEP][PASSED] - setText: Finding Test Object with id 'Object Repository/MOH AND GRN/Page_KDMC - CMS/input_txtbatchno'

2018-06-10 21:53:29 - [TEST_STEP][PASSED] - Statement - switch (id): Finding Test Object with id 'Object Repository/MOH AND GRN/Page_KDMC - CMS/input_txtmrp'

2018-06-10 21:53:29 - [TEST_STEP][PASSED] - Statement - case 1:: Text 'BA652.0' is set on object 'Object Repository/MOH AND GRN/Page_KDMC - CMS/input_txtbatchno'

2018-06-10 21:53:29 - [TEST_STEP][PASSED] - Statement - return (java.lang.Math.floor((java.lang.Math.random() * ((max - min) + 1))) + min): Text 'BA652.0' is set on object 'Object Repository/MOH AND GRN/Page_KDMC - CMS/input_txtbatchno'

2018-06-10 21:53:29 - [MESSAGE][PASSED] - Text 'BA652.0' is set on object 'Object Repository/MOH AND GRN/Page_KDMC - CMS/input_txtbatchno'

2018-06-10 21:53:29 - [TEST_STEP][PASSED] - rightClick: Object: 'Object Repository/GRN/Page_KDMC - CMS/input_txtexpdate' is right clicked on

2018-06-10 21:53:30 - [MESSAGE][PASSED] - Object: 'Object Repository/GRN/Page_KDMC - CMS/input_txtexpdate' is right clicked on

2018-06-10 21:53:30 - [TEST_STEP][PASSED] - selectOptionByIndex: All options with index in [7] are selected on object 'Object Repository/GRN/Page_KDMC - CMS/select_20182019202020212022202'

2018-06-10 21:53:30 - [MESSAGE][PASSED] - All options with index in [7] are selected on object 'Object Repository/GRN/Page_KDMC - CMS/select_20182019202020212022202'

2018-06-10 21:53:30 - [TEST_STEP][PASSED] - selectOptionByIndex: All options with index in [7] are selected on object 'Object Repository/GRN/Page_KDMC - CMS/select_JanFebMarAprMayJunJulAu'

2018-06-10 21:53:30 - [MESSAGE][PASSED] - All options with index in [7] are selected on object 'Object Repository/GRN/Page_KDMC - CMS/select_JanFebMarAprMayJunJulAu'

2018-06-10 21:53:30 - [TEST_STEP][PASSED] - click: Object: 'Object Repository/MOH AND GRN/Page_KDMC - CMS/a_12' is clicked on

2018-06-10 21:53:30 - [MESSAGE][PASSED] - Object: 'Object Repository/MOH AND GRN/Page_KDMC - CMS/a_12' is clicked on

2018-06-10 21:53:30 - [TEST_STEP][PASSED] - click: Object: 'Object Repository/MOH AND GRN/Page_KDMC - CMS/input_btnadd' is clicked on

2018-06-10 21:53:30 - [MESSAGE][PASSED] - Object: 'Object Repository/MOH AND GRN/Page_KDMC - CMS/input_btnadd' is clicked on

2018-06-10 21:53:30 - [TEST_STEP][PASSED] - Statement - If (s == 10): null

2018-06-10 21:53:30 - [TEST_STEP][PASSED] - Statement - Else: null

2018-06-10 21:53:30 - [TEST_STEP][PASSED] - Statement - (s++): null

2018-06-10 21:53:30 - [TEST_STEP][PASSED] - delay: Delayed 1 second(s)

2018-06-10 21:53:31 - [MESSAGE][PASSED] - Delayed 1 second(s)

2018-06-10 21:53:31 - [TEST_STEP][PASSED] - selectOptionByIndex: All options with index in [8] are selected on object 'Object Repository/MOH AND GRN/Page_KDMC - CMS/select_--Select--Amikacin -500'

2018-06-10 21:53:31 - [MESSAGE][PASSED] - All options with index in [8] are selected on object 'Object Repository/MOH AND GRN/Page_KDMC - CMS/select_--Select--Amikacin -500'

2018-06-10 21:53:31 - [TEST_STEP][PASSED] - setText: Text '5000' is set on object 'Object Repository/MOH AND GRN/Page_KDMC - CMS/input_txtqty'

2018-06-10 21:53:31 - [MESSAGE][PASSED] - Text '5000' is set on object 'Object Repository/MOH AND GRN/Page_KDMC - CMS/input_txtqty'

2018-06-10 21:53:31 - [TEST_STEP][PASSED] - selectOptionByIndex: All options with index in [1] are selected on object 'Object Repository/MOH AND GRN/Page_KDMC - CMS/select_--Select--No Tax0'

2018-06-10 21:53:32 - [MESSAGE][PASSED] - All options with index in [1] are selected on object 'Object Repository/MOH AND GRN/Page_KDMC - CMS/select_--Select--No Tax0'

2018-06-10 21:53:32 - [TEST_STEP][PASSED] - setText: Finding Test Object with id 'Object Repository/MOH AND GRN/Page_KDMC - CMS/input_txtmrp'

2018-06-10 21:53:32 - [TEST_STEP][PASSED] - Statement - switch (id): Finding Test Object with id 'Object Repository/MOH AND GRN/Page_KDMC - CMS/input_txtdeal'

2018-06-10 21:53:32 - [TEST_STEP][PASSED] - Statement - case 4:: Text '44.0' is set on object 'Object Repository/MOH AND GRN/Page_KDMC - CMS/input_txtmrp'

2018-06-10 21:53:32 - [TEST_STEP][PASSED] - Statement - return (java.lang.Math.floor((java.lang.Math.random() * ((max - min) + 1))) + min): Text '44.0' is set on object 'Object Repository/MOH AND GRN/Page_KDMC - CMS/input_txtmrp'

2018-06-10 21:53:32 - [MESSAGE][PASSED] - Text '44.0' is set on object 'Object Repository/MOH AND GRN/Page_KDMC - CMS/input_txtmrp'

2018-06-10 21:53:32 - [TEST_STEP][PASSED] - setText: Finding Test Object with id 'Object Repository/MOH AND GRN/Page_KDMC - CMS/input_txtdeal'

2018-06-10 21:53:32 - [TEST_STEP][PASSED] - Statement - switch (id): Finding Test Object with id 'Object Repository/MOH AND GRN/Page_KDMC - CMS/input_txtbatchno'

2018-06-10 21:53:32 - [TEST_STEP][PASSED] - Statement - case 5:: Text '2.0' is set on object 'Object Repository/MOH AND GRN/Page_KDMC - CMS/input_txtdeal'

2018-06-10 21:53:32 - [TEST_STEP][PASSED] - Statement - return (java.lang.Math.floor((java.lang.Math.random() * ((max - min) + 1))) + min): Text '2.0' is set on object 'Object Repository/MOH AND GRN/Page_KDMC - CMS/input_txtdeal'

2018-06-10 21:53:32 - [MESSAGE][PASSED] - Text '2.0' is set on object 'Object Repository/MOH AND GRN/Page_KDMC - CMS/input_txtdeal'

2018-06-10 21:53:32 - [TEST_STEP][PASSED] - setText: Finding Test Object with id 'Object Repository/MOH AND GRN/Page_KDMC - CMS/input_txtbatchno'

2018-06-10 21:53:32 - [TEST_STEP][PASSED] - Statement - switch (id): Finding Test Object with id 'Object Repository/MOH AND GRN/Page_KDMC - CMS/input_txtmrp'

2018-06-10 21:53:32 - [TEST_STEP][PASSED] - Statement - case 1:: Text 'BA617.0' is set on object 'Object Repository/MOH AND GRN/Page_KDMC - CMS/input_txtbatchno'

2018-06-10 21:53:32 - [TEST_STEP][PASSED] - Statement - return (java.lang.Math.floor((java.lang.Math.random() * ((max - min) + 1))) + min): Text 'BA617.0' is set on object 'Object Repository/MOH AND GRN/Page_KDMC - CMS/input_txtbatchno'

2018-06-10 21:53:32 - [MESSAGE][PASSED] - Text 'BA617.0' is set on object 'Object Repository/MOH AND GRN/Page_KDMC - CMS/input_txtbatchno'

2018-06-10 21:53:32 - [TEST_STEP][PASSED] - rightClick: Object: 'Object Repository/GRN/Page_KDMC - CMS/input_txtexpdate' is right clicked on

2018-06-10 21:53:32 - [MESSAGE][PASSED] - Object: 'Object Repository/GRN/Page_KDMC - CMS/input_txtexpdate' is right clicked on

2018-06-10 21:53:32 - [TEST_STEP][PASSED] - selectOptionByIndex: All options with index in [8] are selected on object 'Object Repository/GRN/Page_KDMC - CMS/select_20182019202020212022202'

2018-06-10 21:53:32 - [MESSAGE][PASSED] - All options with index in [8] are selected on object 'Object Repository/GRN/Page_KDMC - CMS/select_20182019202020212022202'

2018-06-10 21:53:32 - [TEST_STEP][PASSED] - selectOptionByIndex: All options with index in [8] are selected on object 'Object Repository/GRN/Page_KDMC - CMS/select_JanFebMarAprMayJunJulAu'

2018-06-10 21:53:32 - [MESSAGE][PASSED] - All options with index in [8] are selected on object 'Object Repository/GRN/Page_KDMC - CMS/select_JanFebMarAprMayJunJulAu'

2018-06-10 21:53:32 - [TEST_STEP][PASSED] - click: Object: 'Object Repository/MOH AND GRN/Page_KDMC - CMS/a_12' is clicked on

2018-06-10 21:53:32 - [MESSAGE][PASSED] - Object: 'Object Repository/MOH AND GRN/Page_KDMC - CMS/a_12' is clicked on

2018-06-10 21:53:32 - [TEST_STEP][PASSED] - click: Object: 'Object Repository/MOH AND GRN/Page_KDMC - CMS/input_btnadd' is clicked on

2018-06-10 21:53:33 - [MESSAGE][PASSED] - Object: 'Object Repository/MOH AND GRN/Page_KDMC - CMS/input_btnadd' is clicked on

2018-06-10 21:53:33 - [TEST_STEP][PASSED] - Statement - If (s == 10): null

2018-06-10 21:53:33 - [TEST_STEP][PASSED] - Statement - Else: null

2018-06-10 21:53:33 - [TEST_STEP][PASSED] - Statement - (s++): null

2018-06-10 21:53:33 - [TEST_STEP][PASSED] - delay: Delayed 1 second(s)

2018-06-10 21:53:34 - [MESSAGE][PASSED] - Delayed 1 second(s)

2018-06-10 21:53:34 - [TEST_STEP][PASSED] - selectOptionByIndex: All options with index in [9] are selected on object 'Object Repository/MOH AND GRN/Page_KDMC - CMS/select_--Select--Amikacin -500'

2018-06-10 21:53:34 - [MESSAGE][PASSED] - All options with index in [9] are selected on object 'Object Repository/MOH AND GRN/Page_KDMC - CMS/select_--Select--Amikacin -500'

2018-06-10 21:53:34 - [TEST_STEP][PASSED] - setText: Text '5000' is set on object 'Object Repository/MOH AND GRN/Page_KDMC - CMS/input_txtqty'

2018-06-10 21:53:34 - [MESSAGE][PASSED] - Text '5000' is set on object 'Object Repository/MOH AND GRN/Page_KDMC - CMS/input_txtqty'

2018-06-10 21:53:34 - [TEST_STEP][PASSED] - selectOptionByIndex: All options with index in [1] are selected on object 'Object Repository/MOH AND GRN/Page_KDMC - CMS/select_--Select--No Tax0'

2018-06-10 21:53:34 - [MESSAGE][PASSED] - All options with index in [1] are selected on object 'Object Repository/MOH AND GRN/Page_KDMC - CMS/select_--Select--No Tax0'

2018-06-10 21:53:34 - [TEST_STEP][PASSED] - setText: Finding Test Object with id 'Object Repository/MOH AND GRN/Page_KDMC - CMS/input_txtmrp'

2018-06-10 21:53:34 - [TEST_STEP][PASSED] - Statement - switch (id): Finding Test Object with id 'Object Repository/MOH AND GRN/Page_KDMC - CMS/input_txtdeal'

2018-06-10 21:53:34 - [TEST_STEP][PASSED] - Statement - case 4:: Text '35.0' is set on object 'Object Repository/MOH AND GRN/Page_KDMC - CMS/input_txtmrp'

2018-06-10 21:53:34 - [TEST_STEP][PASSED] - Statement - return (java.lang.Math.floor((java.lang.Math.random() * ((max - min) + 1))) + min): Text '35.0' is set on object 'Object Repository/MOH AND GRN/Page_KDMC - CMS/input_txtmrp'

2018-06-10 21:53:34 - [MESSAGE][PASSED] - Text '35.0' is set on object 'Object Repository/MOH AND GRN/Page_KDMC - CMS/input_txtmrp'

2018-06-10 21:53:34 - [TEST_STEP][PASSED] - setText: Finding Test Object with id 'Object Repository/MOH AND GRN/Page_KDMC - CMS/input_txtdeal'

2018-06-10 21:53:34 - [TEST_STEP][PASSED] - Statement - switch (id): Finding Test Object with id 'Object Repository/MOH AND GRN/Page_KDMC - CMS/input_txtbatchno'

2018-06-10 21:53:34 - [TEST_STEP][PASSED] - Statement - case 5:: Text '3.0' is set on object 'Object Repository/MOH AND GRN/Page_KDMC - CMS/input_txtdeal'

2018-06-10 21:53:34 - [TEST_STEP][PASSED] - Statement - return (java.lang.Math.floor((java.lang.Math.random() * ((max - min) + 1))) + min): Text '3.0' is set on object 'Object Repository/MOH AND GRN/Page_KDMC - CMS/input_txtdeal'

2018-06-10 21:53:34 - [MESSAGE][PASSED] - Text '3.0' is set on object 'Object Repository/MOH AND GRN/Page_KDMC - CMS/input_txtdeal'

2018-06-10 21:53:34 - [TEST_STEP][PASSED] - setText: Finding Test Object with id 'Object Repository/MOH AND GRN/Page_KDMC - CMS/input_txtbatchno'

2018-06-10 21:53:34 - [TEST_STEP][PASSED] - Statement - switch (id): Finding Test Object with id 'Object Repository/MOH AND GRN/Page_KDMC - CMS/input_txtmrp'

2018-06-10 21:53:34 - [TEST_STEP][PASSED] - Statement - case 1:: Text 'BA373.0' is set on object 'Object Repository/MOH AND GRN/Page_KDMC - CMS/input_txtbatchno'

2018-06-10 21:53:34 - [TEST_STEP][PASSED] - Statement - return (java.lang.Math.floor((java.lang.Math.random() * ((max - min) + 1))) + min): Text 'BA373.0' is set on object 'Object Repository/MOH AND GRN/Page_KDMC - CMS/input_txtbatchno'

2018-06-10 21:53:34 - [MESSAGE][PASSED] - Text 'BA373.0' is set on object 'Object Repository/MOH AND GRN/Page_KDMC - CMS/input_txtbatchno'

2018-06-10 21:53:34 - [TEST_STEP][PASSED] - rightClick: Object: 'Object Repository/GRN/Page_KDMC - CMS/input_txtexpdate' is right clicked on

2018-06-10 21:53:34 - [MESSAGE][PASSED] - Object: 'Object Repository/GRN/Page_KDMC - CMS/input_txtexpdate' is right clicked on

2018-06-10 21:53:34 - [TEST_STEP][PASSED] - selectOptionByIndex: All options with index in [9] are selected on object 'Object Repository/GRN/Page_KDMC - CMS/select_20182019202020212022202'

2018-06-10 21:53:35 - [MESSAGE][PASSED] - All options with index in [9] are selected on object 'Object Repository/GRN/Page_KDMC - CMS/select_20182019202020212022202'

2018-06-10 21:53:35 - [TEST_STEP][PASSED] - selectOptionByIndex: All options with index in [9] are selected on object 'Object Repository/GRN/Page_KDMC - CMS/select_JanFebMarAprMayJunJulAu'

2018-06-10 21:53:35 - [MESSAGE][PASSED] - All options with index in [9] are selected on object 'Object Repository/GRN/Page_KDMC - CMS/select_JanFebMarAprMayJunJulAu'

2018-06-10 21:53:35 - [TEST_STEP][PASSED] - click: Object: 'Object Repository/MOH AND GRN/Page_KDMC - CMS/a_12' is clicked on

2018-06-10 21:53:35 - [MESSAGE][PASSED] - Object: 'Object Repository/MOH AND GRN/Page_KDMC - CMS/a_12' is clicked on

2018-06-10 21:53:35 - [TEST_STEP][PASSED] - click: Object: 'Object Repository/MOH AND GRN/Page_KDMC - CMS/input_btnadd' is clicked on

2018-06-10 21:53:35 - [MESSAGE][PASSED] - Object: 'Object Repository/MOH AND GRN/Page_KDMC - CMS/input_btnadd' is clicked on

2018-06-10 21:53:35 - [TEST_STEP][PASSED] - Statement - If (s == 10): null

2018-06-10 21:53:35 - [TEST_STEP][PASSED] - Statement - Else: null

2018-06-10 21:53:35 - [TEST_STEP][PASSED] - Statement - (s++): null

2018-06-10 21:53:35 - [TEST_STEP][PASSED] - delay: Delayed 1 second(s)

2018-06-10 21:53:36 - [MESSAGE][PASSED] - Delayed 1 second(s)

2018-06-10 21:53:36 - [TEST_STEP][PASSED] - selectOptionByIndex: All options with index in [10] are selected on object 'Object Repository/MOH AND GRN/Page_KDMC - CMS/select_--Select--Amikacin -500'

2018-06-10 21:53:36 - [MESSAGE][PASSED] - All options with index in [10] are selected on object 'Object Repository/MOH AND GRN/Page_KDMC - CMS/select_--Select--Amikacin -500'

2018-06-10 21:53:36 - [TEST_STEP][PASSED] - setText: Text '5000' is set on object 'Object Repository/MOH AND GRN/Page_KDMC - CMS/input_txtqty'

2018-06-10 21:53:36 - [MESSAGE][PASSED] - Text '5000' is set on object 'Object Repository/MOH AND GRN/Page_KDMC - CMS/input_txtqty'

2018-06-10 21:53:36 - [TEST_STEP][PASSED] - selectOptionByIndex: All options with index in [1] are selected on object 'Object Repository/MOH AND GRN/Page_KDMC - CMS/select_--Select--No Tax0'

2018-06-10 21:53:37 - [MESSAGE][PASSED] - All options with index in [1] are selected on object 'Object Repository/MOH AND GRN/Page_KDMC - CMS/select_--Select--No Tax0'

2018-06-10 21:53:37 - [TEST_STEP][PASSED] - setText: Finding Test Object with id 'Object Repository/MOH AND GRN/Page_KDMC - CMS/input_txtmrp'

2018-06-10 21:53:37 - [TEST_STEP][PASSED] - Statement - switch (id): Finding Test Object with id 'Object Repository/MOH AND GRN/Page_KDMC - CMS/input_txtdeal'

2018-06-10 21:53:37 - [TEST_STEP][PASSED] - Statement - case 4:: Text '40.0' is set on object 'Object Repository/MOH AND GRN/Page_KDMC - CMS/input_txtmrp'

2018-06-10 21:53:37 - [TEST_STEP][PASSED] - Statement - return (java.lang.Math.floor((java.lang.Math.random() * ((max - min) + 1))) + min): Text '40.0' is set on object 'Object Repository/MOH AND GRN/Page_KDMC - CMS/input_txtmrp'

2018-06-10 21:53:37 - [MESSAGE][PASSED] - Text '40.0' is set on object 'Object Repository/MOH AND GRN/Page_KDMC - CMS/input_txtmrp'

2018-06-10 21:53:37 - [TEST_STEP][PASSED] - setText: Finding Test Object with id 'Object Repository/MOH AND GRN/Page_KDMC - CMS/input_txtdeal'

2018-06-10 21:53:37 - [TEST_STEP][PASSED] - Statement - switch (id): Finding Test Object with id 'Object Repository/MOH AND GRN/Page_KDMC - CMS/input_txtbatchno'

2018-06-10 21:53:37 - [TEST_STEP][PASSED] - Statement - case 5:: Text '9.0' is set on object 'Object Repository/MOH AND GRN/Page_KDMC - CMS/input_txtdeal'

2018-06-10 21:53:37 - [TEST_STEP][PASSED] - Statement - return (java.lang.Math.floor((java.lang.Math.random() * ((max - min) + 1))) + min): Text '9.0' is set on object 'Object Repository/MOH AND GRN/Page_KDMC - CMS/input_txtdeal'

2018-06-10 21:53:37 - [MESSAGE][PASSED] - Text '9.0' is set on object 'Object Repository/MOH AND GRN/Page_KDMC - CMS/input_txtdeal'

2018-06-10 21:53:37 - [TEST_STEP][PASSED] - setText: Finding Test Object with id 'Object Repository/MOH AND GRN/Page_KDMC - CMS/input_txtbatchno'

2018-06-10 21:53:37 - [TEST_STEP][PASSED] - Statement - switch (id): Finding Test Object with id 'Object Repository/MOH AND GRN/Page_KDMC - CMS/input_txtmrp'

2018-06-10 21:53:37 - [TEST_STEP][PASSED] - Statement - case 1:: Text 'BA787.0' is set on object 'Object Repository/MOH AND GRN/Page_KDMC - CMS/input_txtbatchno'

2018-06-10 21:53:37 - [TEST_STEP][PASSED] - Statement - return (java.lang.Math.floor((java.lang.Math.random() * ((max - min) + 1))) + min): Text 'BA787.0' is set on object 'Object Repository/MOH AND GRN/Page_KDMC - CMS/input_txtbatchno'

2018-06-10 21:53:37 - [MESSAGE][PASSED] - Text 'BA787.0' is set on object 'Object Repository/MOH AND GRN/Page_KDMC - CMS/input_txtbatchno'

2018-06-10 21:53:37 - [TEST_STEP][PASSED] - rightClick: Object: 'Object Repository/GRN/Page_KDMC - CMS/input_txtexpdate' is right clicked on

2018-06-10 21:53:37 - [MESSAGE][PASSED] - Object: 'Object Repository/GRN/Page_KDMC - CMS/input_txtexpdate' is right clicked on

2018-06-10 21:53:37 - [TEST_STEP][PASSED] - selectOptionByIndex: All options with index in [10] are selected on object 'Object Repository/GRN/Page_KDMC - CMS/select_20182019202020212022202'

2018-06-10 21:53:37 - [MESSAGE][PASSED] - All options with index in [10] are selected on object 'Object Repository/GRN/Page_KDMC - CMS/select_20182019202020212022202'

2018-06-10 21:53:37 - [TEST_STEP][PASSED] - selectOptionByIndex: All options with index in [10] are selected on object 'Object Repository/GRN/Page_KDMC - CMS/select_JanFebMarAprMayJunJulAu'

2018-06-10 21:53:37 - [MESSAGE][PASSED] - All options with index in [10] are selected on object 'Object Repository/GRN/Page_KDMC - CMS/select_JanFebMarAprMayJunJulAu'

2018-06-10 21:53:37 - [TEST_STEP][PASSED] - click: Object: 'Object Repository/MOH AND GRN/Page_KDMC - CMS/a_12' is clicked on

2018-06-10 21:53:38 - [MESSAGE][PASSED] - Object: 'Object Repository/MOH AND GRN/Page_KDMC - CMS/a_12' is clicked on

2018-06-10 21:53:38 - [TEST_STEP][PASSED] - click: Object: 'Object Repository/MOH AND GRN/Page_KDMC - CMS/input_btnadd' is clicked on

2018-06-10 21:53:38 - [MESSAGE][PASSED] - Object: 'Object Repository/MOH AND GRN/Page_KDMC - CMS/input_btnadd' is clicked on

2018-06-10 21:53:38 - [TEST_STEP][PASSED] - Statement - If (s == 10): null

2018-06-10 21:53:38 - [TEST_STEP][PASSED] - Statement - s = 1: null

2018-06-10 21:53:38 - [TEST_STEP][PASSED] - delay: Delayed 1 second(s)

2018-06-10 21:53:39 - [MESSAGE][PASSED] - Delayed 1 second(s)

2018-06-10 21:53:39 - [TEST_STEP][PASSED] - selectOptionByIndex: All options with index in [11] are selected on object 'Object Repository/MOH AND GRN/Page_KDMC - CMS/select_--Select--Amikacin -500'

2018-06-10 21:53:39 - [MESSAGE][PASSED] - All options with index in [11] are selected on object 'Object Repository/MOH AND GRN/Page_KDMC - CMS/select_--Select--Amikacin -500'

2018-06-10 21:53:39 - [TEST_STEP][PASSED] - setText: Text '5000' is set on object 'Object Repository/MOH AND GRN/Page_KDMC - CMS/input_txtqty'

2018-06-10 21:53:39 - [MESSAGE][PASSED] - Text '5000' is set on object 'Object Repository/MOH AND GRN/Page_KDMC - CMS/input_txtqty'

2018-06-10 21:53:39 - [TEST_STEP][PASSED] - selectOptionByIndex: All options with index in [1] are selected on object 'Object Repository/MOH AND GRN/Page_KDMC - CMS/select_--Select--No Tax0'

2018-06-10 21:53:39 - [MESSAGE][PASSED] - All options with index in [1] are selected on object 'Object Repository/MOH AND GRN/Page_KDMC - CMS/select_--Select--No Tax0'

2018-06-10 21:53:39 - [TEST_STEP][PASSED] - setText: Finding Test Object with id 'Object Repository/MOH AND GRN/Page_KDMC - CMS/input_txtmrp'

2018-06-10 21:53:39 - [TEST_STEP][PASSED] - Statement - switch (id): Finding Test Object with id 'Object Repository/MOH AND GRN/Page_KDMC - CMS/input_txtdeal'

2018-06-10 21:53:39 - [TEST_STEP][PASSED] - Statement - case 4:: Text '20.0' is set on object 'Object Repository/MOH AND GRN/Page_KDMC - CMS/input_txtmrp'

2018-06-10 21:53:39 - [TEST_STEP][PASSED] - Statement - return (java.lang.Math.floor((java.lang.Math.random() * ((max - min) + 1))) + min): Text '20.0' is set on object 'Object Repository/MOH AND GRN/Page_KDMC - CMS/input_txtmrp'

2018-06-10 21:53:39 - [MESSAGE][PASSED] - Text '20.0' is set on object 'Object Repository/MOH AND GRN/Page_KDMC - CMS/input_txtmrp'

2018-06-10 21:53:39 - [TEST_STEP][PASSED] - setText: Finding Test Object with id 'Object Repository/MOH AND GRN/Page_KDMC - CMS/input_txtdeal'

2018-06-10 21:53:39 - [TEST_STEP][PASSED] - Statement - switch (id): Finding Test Object with id 'Object Repository/MOH AND GRN/Page_KDMC - CMS/input_txtbatchno'

2018-06-10 21:53:39 - [TEST_STEP][PASSED] - Statement - case 5:: Text '4.0' is set on object 'Object Repository/MOH AND GRN/Page_KDMC - CMS/input_txtdeal'

2018-06-10 21:53:39 - [TEST_STEP][PASSED] - Statement - return (java.lang.Math.floor((java.lang.Math.random() * ((max - min) + 1))) + min): Text '4.0' is set on object 'Object Repository/MOH AND GRN/Page_KDMC - CMS/input_txtdeal'

2018-06-10 21:53:39 - [MESSAGE][PASSED] - Text '4.0' is set on object 'Object Repository/MOH AND GRN/Page_KDMC - CMS/input_txtdeal'

2018-06-10 21:53:39 - [TEST_STEP][PASSED] - setText: Finding Test Object with id 'Object Repository/MOH AND GRN/Page_KDMC - CMS/input_txtbatchno'

2018-06-10 21:53:39 - [TEST_STEP][PASSED] - Statement - switch (id): Finding Test Object with id 'Object Repository/MOH AND GRN/Page_KDMC - CMS/input_txtmrp'

2018-06-10 21:53:39 - [TEST_STEP][PASSED] - Statement - case 1:: Text 'BA318.0' is set on object 'Object Repository/MOH AND GRN/Page_KDMC - CMS/input_txtbatchno'

2018-06-10 21:53:39 - [TEST_STEP][PASSED] - Statement - return (java.lang.Math.floor((java.lang.Math.random() * ((max - min) + 1))) + min): Text 'BA318.0' is set on object 'Object Repository/MOH AND GRN/Page_KDMC - CMS/input_txtbatchno'

2018-06-10 21:53:39 - [MESSAGE][PASSED] - Text 'BA318.0' is set on object 'Object Repository/MOH AND GRN/Page_KDMC - CMS/input_txtbatchno'

2018-06-10 21:53:39 - [TEST_STEP][PASSED] - rightClick: Object: 'Object Repository/GRN/Page_KDMC - CMS/input_txtexpdate' is right clicked on

2018-06-10 21:53:39 - [MESSAGE][PASSED] - Object: 'Object Repository/GRN/Page_KDMC - CMS/input_txtexpdate' is right clicked on

2018-06-10 21:53:39 - [TEST_STEP][PASSED] - selectOptionByIndex: All options with index in [1] are selected on object 'Object Repository/GRN/Page_KDMC - CMS/select_20182019202020212022202'

2018-06-10 21:53:40 - [MESSAGE][PASSED] - All options with index in [1] are selected on object 'Object Repository/GRN/Page_KDMC - CMS/select_20182019202020212022202'

2018-06-10 21:53:40 - [TEST_STEP][PASSED] - selectOptionByIndex: All options with index in [1] are selected on object 'Object Repository/GRN/Page_KDMC - CMS/select_JanFebMarAprMayJunJulAu'

2018-06-10 21:53:40 - [MESSAGE][PASSED] - All options with index in [1] are selected on object 'Object Repository/GRN/Page_KDMC - CMS/select_JanFebMarAprMayJunJulAu'

2018-06-10 21:53:40 - [TEST_STEP][PASSED] - click: Object: 'Object Repository/MOH AND GRN/Page_KDMC - CMS/a_12' is clicked on

2018-06-10 21:53:40 - [MESSAGE][PASSED] - Object: 'Object Repository/MOH AND GRN/Page_KDMC - CMS/a_12' is clicked on

2018-06-10 21:53:40 - [TEST_STEP][PASSED] - click: Object: 'Object Repository/MOH AND GRN/Page_KDMC - CMS/input_btnadd' is clicked on

2018-06-10 21:53:40 - [MESSAGE][PASSED] - Object: 'Object Repository/MOH AND GRN/Page_KDMC - CMS/input_btnadd' is clicked on

2018-06-10 21:53:40 - [TEST_STEP][PASSED] - Statement - If (s == 10): null

2018-06-10 21:53:40 - [TEST_STEP][PASSED] - Statement - Else: null

2018-06-10 21:53:40 - [TEST_STEP][PASSED] - Statement - (s++): null

2018-06-10 21:53:40 - [TEST_STEP][PASSED] - delay: Delayed 1 second(s)

2018-06-10 21:53:41 - [MESSAGE][PASSED] - Delayed 1 second(s)

2018-06-10 21:53:41 - [TEST_STEP][PASSED] - selectOptionByIndex: All options with index in [12] are selected on object 'Object Repository/MOH AND GRN/Page_KDMC - CMS/select_--Select--Amikacin -500'

2018-06-10 21:53:41 - [MESSAGE][PASSED] - All options with index in [12] are selected on object 'Object Repository/MOH AND GRN/Page_KDMC - CMS/select_--Select--Amikacin -500'

2018-06-10 21:53:41 - [TEST_STEP][PASSED] - setText: Text '5000' is set on object 'Object Repository/MOH AND GRN/Page_KDMC - CMS/input_txtqty'

2018-06-10 21:53:41 - [MESSAGE][PASSED] - Text '5000' is set on object 'Object Repository/MOH AND GRN/Page_KDMC - CMS/input_txtqty'

2018-06-10 21:53:41 - [TEST_STEP][PASSED] - selectOptionByIndex: All options with index in [1] are selected on object 'Object Repository/MOH AND GRN/Page_KDMC - CMS/select_--Select--No Tax0'

2018-06-10 21:53:41 - [MESSAGE][PASSED] - All options with index in [1] are selected on object 'Object Repository/MOH AND GRN/Page_KDMC - CMS/select_--Select--No Tax0'

2018-06-10 21:53:41 - [TEST_STEP][PASSED] - setText: Finding Test Object with id 'Object Repository/MOH AND GRN/Page_KDMC - CMS/input_txtmrp'

2018-06-10 21:53:41 - [TEST_STEP][PASSED] - Statement - switch (id): Finding Test Object with id 'Object Repository/MOH AND GRN/Page_KDMC - CMS/input_txtdeal'

2018-06-10 21:53:41 - [TEST_STEP][PASSED] - Statement - case 4:: Text '24.0' is set on object 'Object Repository/MOH AND GRN/Page_KDMC - CMS/input_txtmrp'

2018-06-10 21:53:41 - [TEST_STEP][PASSED] - Statement - return (java.lang.Math.floor((java.lang.Math.random() * ((max - min) + 1))) + min): Text '24.0' is set on object 'Object Repository/MOH AND GRN/Page_KDMC - CMS/input_txtmrp'

2018-06-10 21:53:42 - [MESSAGE][PASSED] - Text '24.0' is set on object 'Object Repository/MOH AND GRN/Page_KDMC - CMS/input_txtmrp'

2018-06-10 21:53:42 - [TEST_STEP][PASSED] - setText: Finding Test Object with id 'Object Repository/MOH AND GRN/Page_KDMC - CMS/input_txtdeal'

2018-06-10 21:53:42 - [TEST_STEP][PASSED] - Statement - switch (id): Finding Test Object with id 'Object Repository/MOH AND GRN/Page_KDMC - CMS/input_txtbatchno'

2018-06-10 21:53:42 - [TEST_STEP][PASSED] - Statement - case 5:: Text '11.0' is set on object 'Object Repository/MOH AND GRN/Page_KDMC - CMS/input_txtdeal'

2018-06-10 21:53:42 - [TEST_STEP][PASSED] - Statement - return (java.lang.Math.floor((java.lang.Math.random() * ((max - min) + 1))) + min): Text '11.0' is set on object 'Object Repository/MOH AND GRN/Page_KDMC - CMS/input_txtdeal'

2018-06-10 21:53:42 - [MESSAGE][PASSED] - Text '11.0' is set on object 'Object Repository/MOH AND GRN/Page_KDMC - CMS/input_txtdeal'

2018-06-10 21:53:42 - [TEST_STEP][PASSED] - setText: Finding Test Object with id 'Object Repository/MOH AND GRN/Page_KDMC - CMS/input_txtbatchno'

2018-06-10 21:53:42 - [TEST_STEP][PASSED] - Statement - switch (id): Finding Test Object with id 'Object Repository/MOH AND GRN/Page_KDMC - CMS/input_txtmrp'

2018-06-10 21:53:42 - [TEST_STEP][PASSED] - Statement - case 1:: Text 'BA422.0' is set on object 'Object Repository/MOH AND GRN/Page_KDMC - CMS/input_txtbatchno'

2018-06-10 21:53:42 - [TEST_STEP][PASSED] - Statement - return (java.lang.Math.floor((java.lang.Math.random() * ((max - min) + 1))) + min): Text 'BA422.0' is set on object 'Object Repository/MOH AND GRN/Page_KDMC - CMS/input_txtbatchno'

2018-06-10 21:53:42 - [MESSAGE][PASSED] - Text 'BA422.0' is set on object 'Object Repository/MOH AND GRN/Page_KDMC - CMS/input_txtbatchno'

2018-06-10 21:53:42 - [TEST_STEP][PASSED] - rightClick: Object: 'Object Repository/GRN/Page_KDMC - CMS/input_txtexpdate' is right clicked on

2018-06-10 21:53:42 - [MESSAGE][PASSED] - Object: 'Object Repository/GRN/Page_KDMC - CMS/input_txtexpdate' is right clicked on

2018-06-10 21:53:42 - [TEST_STEP][PASSED] - selectOptionByIndex: All options with index in [2] are selected on object 'Object Repository/GRN/Page_KDMC - CMS/select_20182019202020212022202'

2018-06-10 21:53:42 - [MESSAGE][PASSED] - All options with index in [2] are selected on object 'Object Repository/GRN/Page_KDMC - CMS/select_20182019202020212022202'

2018-06-10 21:53:42 - [TEST_STEP][PASSED] - selectOptionByIndex: All options with index in [2] are selected on object 'Object Repository/GRN/Page_KDMC - CMS/select_JanFebMarAprMayJunJulAu'

2018-06-10 21:53:42 - [MESSAGE][PASSED] - All options with index in [2] are selected on object 'Object Repository/GRN/Page_KDMC - CMS/select_JanFebMarAprMayJunJulAu'

2018-06-10 21:53:42 - [TEST_STEP][PASSED] - click: Object: 'Object Repository/MOH AND GRN/Page_KDMC - CMS/a_12' is clicked on

2018-06-10 21:53:42 - [MESSAGE][PASSED] - Object: 'Object Repository/MOH AND GRN/Page_KDMC - CMS/a_12' is clicked on

2018-06-10 21:53:42 - [TEST_STEP][PASSED] - click: Object: 'Object Repository/MOH AND GRN/Page_KDMC - CMS/input_btnadd' is clicked on

2018-06-10 21:53:42 - [MESSAGE][PASSED] - Object: 'Object Repository/MOH AND GRN/Page_KDMC - CMS/input_btnadd' is clicked on

2018-06-10 21:53:42 - [TEST_STEP][PASSED] - Statement - If (s == 10): null

2018-06-10 21:53:42 - [TEST_STEP][PASSED] - Statement - Else: null

2018-06-10 21:53:42 - [TEST_STEP][PASSED] - Statement - (s++): null

2018-06-10 21:53:42 - [TEST_STEP][PASSED] - delay: Delayed 1 second(s)

2018-06-10 21:53:43 - [MESSAGE][PASSED] - Delayed 1 second(s)

2018-06-10 21:53:43 - [TEST_STEP][PASSED] - selectOptionByIndex: All options with index in [13] are selected on object 'Object Repository/MOH AND GRN/Page_KDMC - CMS/select_--Select--Amikacin -500'

2018-06-10 21:53:44 - [MESSAGE][PASSED] - All options with index in [13] are selected on object 'Object Repository/MOH AND GRN/Page_KDMC - CMS/select_--Select--Amikacin -500'

2018-06-10 21:53:44 - [TEST_STEP][PASSED] - setText: Text '5000' is set on object 'Object Repository/MOH AND GRN/Page_KDMC - CMS/input_txtqty'

2018-06-10 21:53:44 - [MESSAGE][PASSED] - Text '5000' is set on object 'Object Repository/MOH AND GRN/Page_KDMC - CMS/input_txtqty'

2018-06-10 21:53:44 - [TEST_STEP][PASSED] - selectOptionByIndex: All options with index in [1] are selected on object 'Object Repository/MOH AND GRN/Page_KDMC - CMS/select_--Select--No Tax0'

2018-06-10 21:53:44 - [MESSAGE][PASSED] - All options with index in [1] are selected on object 'Object Repository/MOH AND GRN/Page_KDMC - CMS/select_--Select--No Tax0'

2018-06-10 21:53:44 - [TEST_STEP][PASSED] - setText: Finding Test Object with id 'Object Repository/MOH AND GRN/Page_KDMC - CMS/input_txtmrp'

2018-06-10 21:53:44 - [TEST_STEP][PASSED] - Statement - switch (id): Finding Test Object with id 'Object Repository/MOH AND GRN/Page_KDMC - CMS/input_txtdeal'

2018-06-10 21:53:44 - [TEST_STEP][PASSED] - Statement - case 4:: Text '33.0' is set on object 'Object Repository/MOH AND GRN/Page_KDMC - CMS/input_txtmrp'

2018-06-10 21:53:44 - [TEST_STEP][PASSED] - Statement - return (java.lang.Math.floor((java.lang.Math.random() * ((max - min) + 1))) + min): Text '33.0' is set on object 'Object Repository/MOH AND GRN/Page_KDMC - CMS/input_txtmrp'

2018-06-10 21:53:44 - [MESSAGE][PASSED] - Text '33.0' is set on object 'Object Repository/MOH AND GRN/Page_KDMC - CMS/input_txtmrp'

2018-06-10 21:53:44 - [TEST_STEP][PASSED] - setText: Finding Test Object with id 'Object Repository/MOH AND GRN/Page_KDMC - CMS/input_txtdeal'

2018-06-10 21:53:44 - [TEST_STEP][PASSED] - Statement - switch (id): Finding Test Object with id 'Object Repository/MOH AND GRN/Page_KDMC - CMS/input_txtbatchno'

2018-06-10 21:53:44 - [TEST_STEP][PASSED] - Statement - case 5:: Text '12.0' is set on object 'Object Repository/MOH AND GRN/Page_KDMC - CMS/input_txtdeal'

2018-06-10 21:53:44 - [TEST_STEP][PASSED] - Statement - return (java.lang.Math.floor((java.lang.Math.random() * ((max - min) + 1))) + min): Text '12.0' is set on object 'Object Repository/MOH AND GRN/Page_KDMC - CMS/input_txtdeal'

2018-06-10 21:53:44 - [MESSAGE][PASSED] - Text '12.0' is set on object 'Object Repository/MOH AND GRN/Page_KDMC - CMS/input_txtdeal'

2018-06-10 21:53:44 - [TEST_STEP][PASSED] - setText: Finding Test Object with id 'Object Repository/MOH AND GRN/Page_KDMC - CMS/input_txtbatchno'

2018-06-10 21:53:44 - [TEST_STEP][PASSED] - Statement - switch (id): Delayed 1 second(s)

2018-06-10 21:53:44 - [TEST_STEP][PASSED] - Statement - case 1:: Text 'BA24.0' is set on object 'Object Repository/MOH AND GRN/Page_KDMC - CMS/input_txtbatchno'

2018-06-10 21:53:44 - [TEST_STEP][PASSED] - Statement - return (java.lang.Math.floor((java.lang.Math.random() * ((max - min) + 1))) + min): Text 'BA24.0' is set on object 'Object Repository/MOH AND GRN/Page_KDMC - CMS/input_txtbatchno'

2018-06-10 21:53:44 - [MESSAGE][PASSED] - Text 'BA24.0' is set on object 'Object Repository/MOH AND GRN/Page_KDMC - CMS/input_txtbatchno'

2018-06-10 21:53:44 - [TEST_STEP][PASSED] - rightClick: Object: 'Object Repository/GRN/Page_KDMC - CMS/input_txtexpdate' is right clicked on

2018-06-10 21:53:44 - [MESSAGE][PASSED] - Object: 'Object Repository/GRN/Page_KDMC - CMS/input_txtexpdate' is right clicked on

2018-06-10 21:53:44 - [TEST_STEP][PASSED] - selectOptionByIndex: All options with index in [3] are selected on object 'Object Repository/GRN/Page_KDMC - CMS/select_20182019202020212022202'

2018-06-10 21:53:44 - [MESSAGE][PASSED] - All options with index in [3] are selected on object 'Object Repository/GRN/Page_KDMC - CMS/select_20182019202020212022202'

2018-06-10 21:53:44 - [TEST_STEP][PASSED] - selectOptionByIndex: All options with index in [3] are selected on object 'Object Repository/GRN/Page_KDMC - CMS/select_JanFebMarAprMayJunJulAu'

2018-06-10 21:53:45 - [MESSAGE][PASSED] - All options with index in [3] are selected on object 'Object Repository/GRN/Page_KDMC - CMS/select_JanFebMarAprMayJunJulAu'

2018-06-10 21:53:45 - [TEST_STEP][PASSED] - click: Object: 'Object Repository/MOH AND GRN/Page_KDMC - CMS/a_12' is clicked on

2018-06-10 21:53:45 - [MESSAGE][PASSED] - Object: 'Object Repository/MOH AND GRN/Page_KDMC - CMS/a_12' is clicked on

2018-06-10 21:53:45 - [TEST_STEP][PASSED] - click: Object: 'Object Repository/MOH AND GRN/Page_KDMC - CMS/input_btnadd' is clicked on

2018-06-10 21:53:45 - [MESSAGE][PASSED] - Object: 'Object Repository/MOH AND GRN/Page_KDMC - CMS/input_btnadd' is clicked on

2018-06-10 21:53:45 - [TEST_STEP][PASSED] - Statement - If (s == 10): null

2018-06-10 21:53:45 - [TEST_STEP][PASSED] - Statement - Else: null

2018-06-10 21:53:45 - [TEST_STEP][PASSED] - Statement - (s++): null

2018-06-10 21:53:45 - [TEST_STEP][PASSED] - delay: Delayed 1 second(s)

2018-06-10 21:53:46 - [MESSAGE][PASSED] - Delayed 1 second(s)

2018-06-10 21:53:46 - [TEST_STEP][PASSED] - scrollToElement: Scroll to object 'Object Repository/MOH AND GRN/Page_KDMC - CMS/input_btnSubmit' successfully

2018-06-10 21:53:46 - [MESSAGE][PASSED] - Scroll to object 'Object Repository/MOH AND GRN/Page_KDMC - CMS/input_btnSubmit' successfully

2018-06-10 21:53:46 - [TEST_STEP][PASSED] - click: Object: 'Object Repository/MOH AND GRN/Page_KDMC - CMS/input_btnSubmit' is clicked on

2018-06-10 21:53:46 - [MESSAGE][PASSED] - Object: 'Object Repository/MOH AND GRN/Page_KDMC - CMS/input_btnSubmit' is clicked on

2018-06-10 21:53:46 - [TEST_STEP][PASSED] - delay: Delayed 3 second(s)

2018-06-10 21:53:49 - [MESSAGE][PASSED] - Delayed 3 second(s)

2018-06-10 21:53:49 - [TEST_STEP][PASSED] - click: Object: 'Object Repository/MOH AND GRN/Page_KDMC - CMS/button_OK' is clicked on

2018-06-10 21:53:49 - [MESSAGE][PASSED] - Object: 'Object Repository/MOH AND GRN/Page_KDMC - CMS/button_OK' is clicked on

2018-06-10 21:53:49 - [TEST_STEP][PASSED] - delay: Delayed 2 second(s)

2018-06-10 21:53:51 - [MESSAGE][PASSED] - Delayed 2 second(s)

2018-06-10 21:53:51 - [TEST_STEP][PASSED] - delay: Delayed 3 second(s)

2018-06-10 21:53:54 - [MESSAGE][PASSED] - Delayed 3 second(s)

2018-06-10 21:53:54 - [TEST_STEP][PASSED] - click: Object: 'Object Repository/MOH AND GRN/Page_KDMC - CMS/a_dropdown-toggle' is clicked on

2018-06-10 21:53:54 - [MESSAGE][PASSED] - Object: 'Object Repository/MOH AND GRN/Page_KDMC - CMS/a_dropdown-toggle' is clicked on

2018-06-10 21:53:54 - [TEST_STEP][PASSED] - click: Object: 'Object Repository/MOH AND GRN/Page_KDMC - CMS/a_Sign out' is clicked on

2018-06-10 21:53:55 - [MESSAGE][PASSED] - Object: 'Object Repository/MOH AND GRN/Page_KDMC - CMS/a_Sign out' is clicked on

2018-06-10 21:53:55 - [TEST_STEP][PASSED] - closeBrowser: Browser is closed

2018-06-10 21:53:56 - [MESSAGE][PASSED] - Browser is closed]]></system-out>
         <system-err><![CDATA[]]></system-err>
      </testcase>
      <testcase name="Test Cases/TEST/MOH REQUEST AND GRN/Moh Request GRN  Schedule 7" classname="Test Cases/TEST/MOH REQUEST AND GRN/Moh Request GRN  Schedule 7" status="PASSED">
         <system-out><![CDATA[2018-06-10 21:53:56 - [TEST_CASE][PASSED] - Test Cases/TEST/MOH REQUEST AND GRN/Moh Request GRN  Schedule 7: Test Cases/TEST/MOH REQUEST AND GRN/Moh Request GRN  Schedule 7

2018-06-10 21:53:56 - [TEST_STEP][PASSED] - openBrowser: Browser is opened with url: ''

2018-06-10 21:53:58 - [MESSAGE][PASSED] - Browser is opened with url: ''

2018-06-10 21:53:58 - [TEST_STEP][PASSED] - navigateToUrl: Navigate to 'http://192.168.137.1/multihospital_new/' successfully

2018-06-10 21:54:00 - [MESSAGE][PASSED] - Navigate to 'http://192.168.137.1/multihospital_new/' successfully

2018-06-10 21:54:00 - [TEST_STEP][PASSED] - maximizeWindow: Current window maximized

2018-06-10 21:54:01 - [MESSAGE][PASSED] - Current window maximized

2018-06-10 21:54:01 - [TEST_STEP][PASSED] - click: Object: 'Object Repository/MOH AND GRN/Page_KDMC/a_CMS' is clicked on

2018-06-10 21:54:01 - [MESSAGE][PASSED] - Object: 'Object Repository/MOH AND GRN/Page_KDMC/a_CMS' is clicked on

2018-06-10 21:54:01 - [TEST_STEP][PASSED] - setText: Text 'bala' is set on object 'Object Repository/MOH AND GRN/Page_CMS login/input_txtusername'

2018-06-10 21:54:01 - [MESSAGE][PASSED] - Text 'bala' is set on object 'Object Repository/MOH AND GRN/Page_CMS login/input_txtusername'

2018-06-10 21:54:01 - [TEST_STEP][PASSED] - setText: Text '123' is set on object 'Object Repository/MOH AND GRN/Page_CMS login/input_txtpassword'

2018-06-10 21:54:02 - [MESSAGE][PASSED] - Text '123' is set on object 'Object Repository/MOH AND GRN/Page_CMS login/input_txtpassword'

2018-06-10 21:54:02 - [TEST_STEP][PASSED] - delay: Delayed 3 second(s)

2018-06-10 21:54:05 - [MESSAGE][PASSED] - Delayed 3 second(s)

2018-06-10 21:54:05 - [TEST_STEP][PASSED] - click: Object: 'Object Repository/MOH AND GRN/Page_CMS login/button_Sign in' is clicked on

2018-06-10 21:54:06 - [MESSAGE][PASSED] - Object: 'Object Repository/MOH AND GRN/Page_CMS login/button_Sign in' is clicked on

2018-06-10 21:54:06 - [TEST_STEP][PASSED] - click: Object: 'Object Repository/MOH AND GRN/Page_KDMC - CMS/a_Request to MOH' is clicked on

2018-06-10 21:54:06 - [MESSAGE][PASSED] - Object: 'Object Repository/MOH AND GRN/Page_KDMC - CMS/a_Request to MOH' is clicked on

2018-06-10 21:54:06 - [TEST_STEP][PASSED] - selectOptionByIndex: All options with index in [2] are selected on object 'Object Repository/MOH AND GRN/Page_KDMC - CMS/select_--Select--'

2018-06-10 21:54:06 - [MESSAGE][PASSED] - All options with index in [2] are selected on object 'Object Repository/MOH AND GRN/Page_KDMC - CMS/select_--Select--'

2018-06-10 21:54:06 - [TEST_STEP][PASSED] - selectOptionByIndex: All options with index in [7] are selected on object 'Object Repository/MOH AND GRN/Page_KDMC - CMS/select_--Select--Schedule 1Inj'

2018-06-10 21:54:07 - [MESSAGE][PASSED] - All options with index in [7] are selected on object 'Object Repository/MOH AND GRN/Page_KDMC - CMS/select_--Select--Schedule 1Inj'

2018-06-10 21:54:07 - [TEST_STEP][PASSED] - Statement - selectedoptions = com.kms.katalon.core.webui.keyword.WebUiBuiltInKeywords.getNumberOfTotalOption(com.kms.katalon.core.testobject.ObjectRepository.findTestObject(MOH AND GRN/Page_KDMC - CMS/select_--Select--Adernaline 0.)): 24 options of object 'Object Repository/MOH AND GRN/Page_KDMC - CMS/select_--Select--Adernaline 0.' counted

2018-06-10 21:54:07 - [MESSAGE][PASSED] - 24 options of object 'Object Repository/MOH AND GRN/Page_KDMC - CMS/select_--Select--Adernaline 0.' counted

2018-06-10 21:54:07 - [TEST_STEP][PASSED] - Statement - For ([j = 1, j <= selectedoptions - 1, (j++)]): Object: 'Object Repository/MOH AND GRN/Page_KDMC - CMS/button_Add' is clicked on

2018-06-10 21:54:07 - [TEST_STEP][PASSED] - selectOptionByIndex: All options with index in [7] are selected on object 'Object Repository/MOH AND GRN/Page_KDMC - CMS/select_--Select--Schedule 1Inj'

2018-06-10 21:54:07 - [MESSAGE][PASSED] - All options with index in [7] are selected on object 'Object Repository/MOH AND GRN/Page_KDMC - CMS/select_--Select--Schedule 1Inj'

2018-06-10 21:54:07 - [TEST_STEP][PASSED] - selectOptionByIndex: All options with index in [1] are selected on object 'Object Repository/MOH AND GRN/Page_KDMC - CMS/select_--Select--Adernaline 0.'

2018-06-10 21:54:07 - [MESSAGE][PASSED] - All options with index in [1] are selected on object 'Object Repository/MOH AND GRN/Page_KDMC - CMS/select_--Select--Adernaline 0.'

2018-06-10 21:54:07 - [TEST_STEP][PASSED] - setText: Text '5000' is set on object 'Object Repository/MOH AND GRN/Page_KDMC - CMS/input_txttreat'

2018-06-10 21:54:07 - [MESSAGE][PASSED] - Text '5000' is set on object 'Object Repository/MOH AND GRN/Page_KDMC - CMS/input_txttreat'

2018-06-10 21:54:07 - [TEST_STEP][PASSED] - click: Object: 'Object Repository/MOH AND GRN/Page_KDMC - CMS/button_Add' is clicked on

2018-06-10 21:54:07 - [MESSAGE][PASSED] - Object: 'Object Repository/MOH AND GRN/Page_KDMC - CMS/button_Add' is clicked on

2018-06-10 21:54:07 - [TEST_STEP][PASSED] - selectOptionByIndex: All options with index in [7] are selected on object 'Object Repository/MOH AND GRN/Page_KDMC - CMS/select_--Select--Schedule 1Inj'

2018-06-10 21:54:08 - [MESSAGE][PASSED] - All options with index in [7] are selected on object 'Object Repository/MOH AND GRN/Page_KDMC - CMS/select_--Select--Schedule 1Inj'

2018-06-10 21:54:08 - [TEST_STEP][PASSED] - selectOptionByIndex: All options with index in [2] are selected on object 'Object Repository/MOH AND GRN/Page_KDMC - CMS/select_--Select--Adernaline 0.'

2018-06-10 21:54:08 - [MESSAGE][PASSED] - All options with index in [2] are selected on object 'Object Repository/MOH AND GRN/Page_KDMC - CMS/select_--Select--Adernaline 0.'

2018-06-10 21:54:08 - [TEST_STEP][PASSED] - setText: Text '5000' is set on object 'Object Repository/MOH AND GRN/Page_KDMC - CMS/input_txttreat'

2018-06-10 21:54:08 - [MESSAGE][PASSED] - Text '5000' is set on object 'Object Repository/MOH AND GRN/Page_KDMC - CMS/input_txttreat'

2018-06-10 21:54:08 - [TEST_STEP][PASSED] - click: Object: 'Object Repository/MOH AND GRN/Page_KDMC - CMS/button_Add' is clicked on

2018-06-10 21:54:08 - [MESSAGE][PASSED] - Object: 'Object Repository/MOH AND GRN/Page_KDMC - CMS/button_Add' is clicked on

2018-06-10 21:54:08 - [TEST_STEP][PASSED] - selectOptionByIndex: All options with index in [7] are selected on object 'Object Repository/MOH AND GRN/Page_KDMC - CMS/select_--Select--Schedule 1Inj'

2018-06-10 21:54:08 - [MESSAGE][PASSED] - All options with index in [7] are selected on object 'Object Repository/MOH AND GRN/Page_KDMC - CMS/select_--Select--Schedule 1Inj'

2018-06-10 21:54:08 - [TEST_STEP][PASSED] - selectOptionByIndex: All options with index in [3] are selected on object 'Object Repository/MOH AND GRN/Page_KDMC - CMS/select_--Select--Adernaline 0.'

2018-06-10 21:54:08 - [MESSAGE][PASSED] - All options with index in [3] are selected on object 'Object Repository/MOH AND GRN/Page_KDMC - CMS/select_--Select--Adernaline 0.'

2018-06-10 21:54:08 - [TEST_STEP][PASSED] - setText: Text '5000' is set on object 'Object Repository/MOH AND GRN/Page_KDMC - CMS/input_txttreat'

2018-06-10 21:54:08 - [MESSAGE][PASSED] - Text '5000' is set on object 'Object Repository/MOH AND GRN/Page_KDMC - CMS/input_txttreat'

2018-06-10 21:54:08 - [TEST_STEP][PASSED] - click: Object: 'Object Repository/MOH AND GRN/Page_KDMC - CMS/button_Add' is clicked on

2018-06-10 21:54:08 - [MESSAGE][PASSED] - Object: 'Object Repository/MOH AND GRN/Page_KDMC - CMS/button_Add' is clicked on

2018-06-10 21:54:08 - [TEST_STEP][PASSED] - selectOptionByIndex: All options with index in [7] are selected on object 'Object Repository/MOH AND GRN/Page_KDMC - CMS/select_--Select--Schedule 1Inj'

2018-06-10 21:54:09 - [MESSAGE][PASSED] - All options with index in [7] are selected on object 'Object Repository/MOH AND GRN/Page_KDMC - CMS/select_--Select--Schedule 1Inj'

2018-06-10 21:54:09 - [TEST_STEP][PASSED] - selectOptionByIndex: All options with index in [4] are selected on object 'Object Repository/MOH AND GRN/Page_KDMC - CMS/select_--Select--Adernaline 0.'

2018-06-10 21:54:09 - [MESSAGE][PASSED] - All options with index in [4] are selected on object 'Object Repository/MOH AND GRN/Page_KDMC - CMS/select_--Select--Adernaline 0.'

2018-06-10 21:54:09 - [TEST_STEP][PASSED] - setText: Text '5000' is set on object 'Object Repository/MOH AND GRN/Page_KDMC - CMS/input_txttreat'

2018-06-10 21:54:09 - [MESSAGE][PASSED] - Text '5000' is set on object 'Object Repository/MOH AND GRN/Page_KDMC - CMS/input_txttreat'

2018-06-10 21:54:09 - [TEST_STEP][PASSED] - click: Object: 'Object Repository/MOH AND GRN/Page_KDMC - CMS/button_Add' is clicked on

2018-06-10 21:54:09 - [MESSAGE][PASSED] - Object: 'Object Repository/MOH AND GRN/Page_KDMC - CMS/button_Add' is clicked on

2018-06-10 21:54:09 - [TEST_STEP][PASSED] - selectOptionByIndex: All options with index in [7] are selected on object 'Object Repository/MOH AND GRN/Page_KDMC - CMS/select_--Select--Schedule 1Inj'

2018-06-10 21:54:09 - [MESSAGE][PASSED] - All options with index in [7] are selected on object 'Object Repository/MOH AND GRN/Page_KDMC - CMS/select_--Select--Schedule 1Inj'

2018-06-10 21:54:09 - [TEST_STEP][PASSED] - selectOptionByIndex: All options with index in [5] are selected on object 'Object Repository/MOH AND GRN/Page_KDMC - CMS/select_--Select--Adernaline 0.'

2018-06-10 21:54:09 - [MESSAGE][PASSED] - All options with index in [5] are selected on object 'Object Repository/MOH AND GRN/Page_KDMC - CMS/select_--Select--Adernaline 0.'

2018-06-10 21:54:09 - [TEST_STEP][PASSED] - setText: Text '5000' is set on object 'Object Repository/MOH AND GRN/Page_KDMC - CMS/input_txttreat'

2018-06-10 21:54:09 - [MESSAGE][PASSED] - Text '5000' is set on object 'Object Repository/MOH AND GRN/Page_KDMC - CMS/input_txttreat'

2018-06-10 21:54:09 - [TEST_STEP][PASSED] - click: Object: 'Object Repository/MOH AND GRN/Page_KDMC - CMS/button_Add' is clicked on

2018-06-10 21:54:09 - [MESSAGE][PASSED] - Object: 'Object Repository/MOH AND GRN/Page_KDMC - CMS/button_Add' is clicked on

2018-06-10 21:54:09 - [TEST_STEP][PASSED] - selectOptionByIndex: All options with index in [7] are selected on object 'Object Repository/MOH AND GRN/Page_KDMC - CMS/select_--Select--Schedule 1Inj'

2018-06-10 21:54:09 - [MESSAGE][PASSED] - All options with index in [7] are selected on object 'Object Repository/MOH AND GRN/Page_KDMC - CMS/select_--Select--Schedule 1Inj'

2018-06-10 21:54:09 - [TEST_STEP][PASSED] - selectOptionByIndex: All options with index in [6] are selected on object 'Object Repository/MOH AND GRN/Page_KDMC - CMS/select_--Select--Adernaline 0.'

2018-06-10 21:54:10 - [MESSAGE][PASSED] - All options with index in [6] are selected on object 'Object Repository/MOH AND GRN/Page_KDMC - CMS/select_--Select--Adernaline 0.'

2018-06-10 21:54:10 - [TEST_STEP][PASSED] - setText: Text '5000' is set on object 'Object Repository/MOH AND GRN/Page_KDMC - CMS/input_txttreat'

2018-06-10 21:54:10 - [MESSAGE][PASSED] - Text '5000' is set on object 'Object Repository/MOH AND GRN/Page_KDMC - CMS/input_txttreat'

2018-06-10 21:54:10 - [TEST_STEP][PASSED] - click: Object: 'Object Repository/MOH AND GRN/Page_KDMC - CMS/button_Add' is clicked on

2018-06-10 21:54:10 - [MESSAGE][PASSED] - Object: 'Object Repository/MOH AND GRN/Page_KDMC - CMS/button_Add' is clicked on

2018-06-10 21:54:10 - [TEST_STEP][PASSED] - selectOptionByIndex: All options with index in [7] are selected on object 'Object Repository/MOH AND GRN/Page_KDMC - CMS/select_--Select--Schedule 1Inj'

2018-06-10 21:54:10 - [MESSAGE][PASSED] - All options with index in [7] are selected on object 'Object Repository/MOH AND GRN/Page_KDMC - CMS/select_--Select--Schedule 1Inj'

2018-06-10 21:54:10 - [TEST_STEP][PASSED] - selectOptionByIndex: All options with index in [7] are selected on object 'Object Repository/MOH AND GRN/Page_KDMC - CMS/select_--Select--Adernaline 0.'

2018-06-10 21:54:10 - [MESSAGE][PASSED] - All options with index in [7] are selected on object 'Object Repository/MOH AND GRN/Page_KDMC - CMS/select_--Select--Adernaline 0.'

2018-06-10 21:54:10 - [TEST_STEP][PASSED] - setText: Text '5000' is set on object 'Object Repository/MOH AND GRN/Page_KDMC - CMS/input_txttreat'

2018-06-10 21:54:10 - [MESSAGE][PASSED] - Text '5000' is set on object 'Object Repository/MOH AND GRN/Page_KDMC - CMS/input_txttreat'

2018-06-10 21:54:10 - [TEST_STEP][PASSED] - click: Object: 'Object Repository/MOH AND GRN/Page_KDMC - CMS/button_Add' is clicked on

2018-06-10 21:54:10 - [MESSAGE][PASSED] - Object: 'Object Repository/MOH AND GRN/Page_KDMC - CMS/button_Add' is clicked on

2018-06-10 21:54:10 - [TEST_STEP][PASSED] - selectOptionByIndex: All options with index in [7] are selected on object 'Object Repository/MOH AND GRN/Page_KDMC - CMS/select_--Select--Schedule 1Inj'

2018-06-10 21:54:10 - [MESSAGE][PASSED] - All options with index in [7] are selected on object 'Object Repository/MOH AND GRN/Page_KDMC - CMS/select_--Select--Schedule 1Inj'

2018-06-10 21:54:10 - [TEST_STEP][PASSED] - selectOptionByIndex: All options with index in [8] are selected on object 'Object Repository/MOH AND GRN/Page_KDMC - CMS/select_--Select--Adernaline 0.'

2018-06-10 21:54:11 - [MESSAGE][PASSED] - All options with index in [8] are selected on object 'Object Repository/MOH AND GRN/Page_KDMC - CMS/select_--Select--Adernaline 0.'

2018-06-10 21:54:11 - [TEST_STEP][PASSED] - setText: Text '5000' is set on object 'Object Repository/MOH AND GRN/Page_KDMC - CMS/input_txttreat'

2018-06-10 21:54:11 - [MESSAGE][PASSED] - Text '5000' is set on object 'Object Repository/MOH AND GRN/Page_KDMC - CMS/input_txttreat'

2018-06-10 21:54:11 - [TEST_STEP][PASSED] - click: Object: 'Object Repository/MOH AND GRN/Page_KDMC - CMS/button_Add' is clicked on

2018-06-10 21:54:11 - [MESSAGE][PASSED] - Object: 'Object Repository/MOH AND GRN/Page_KDMC - CMS/button_Add' is clicked on

2018-06-10 21:54:11 - [TEST_STEP][PASSED] - selectOptionByIndex: All options with index in [7] are selected on object 'Object Repository/MOH AND GRN/Page_KDMC - CMS/select_--Select--Schedule 1Inj'

2018-06-10 21:54:11 - [MESSAGE][PASSED] - All options with index in [7] are selected on object 'Object Repository/MOH AND GRN/Page_KDMC - CMS/select_--Select--Schedule 1Inj'

2018-06-10 21:54:11 - [TEST_STEP][PASSED] - selectOptionByIndex: All options with index in [9] are selected on object 'Object Repository/MOH AND GRN/Page_KDMC - CMS/select_--Select--Adernaline 0.'

2018-06-10 21:54:11 - [MESSAGE][PASSED] - All options with index in [9] are selected on object 'Object Repository/MOH AND GRN/Page_KDMC - CMS/select_--Select--Adernaline 0.'

2018-06-10 21:54:11 - [TEST_STEP][PASSED] - setText: Text '5000' is set on object 'Object Repository/MOH AND GRN/Page_KDMC - CMS/input_txttreat'

2018-06-10 21:54:11 - [MESSAGE][PASSED] - Text '5000' is set on object 'Object Repository/MOH AND GRN/Page_KDMC - CMS/input_txttreat'

2018-06-10 21:54:11 - [TEST_STEP][PASSED] - click: Object: 'Object Repository/MOH AND GRN/Page_KDMC - CMS/button_Add' is clicked on

2018-06-10 21:54:11 - [MESSAGE][PASSED] - Object: 'Object Repository/MOH AND GRN/Page_KDMC - CMS/button_Add' is clicked on

2018-06-10 21:54:11 - [TEST_STEP][PASSED] - selectOptionByIndex: All options with index in [7] are selected on object 'Object Repository/MOH AND GRN/Page_KDMC - CMS/select_--Select--Schedule 1Inj'

2018-06-10 21:54:12 - [MESSAGE][PASSED] - All options with index in [7] are selected on object 'Object Repository/MOH AND GRN/Page_KDMC - CMS/select_--Select--Schedule 1Inj'

2018-06-10 21:54:12 - [TEST_STEP][PASSED] - selectOptionByIndex: All options with index in [10] are selected on object 'Object Repository/MOH AND GRN/Page_KDMC - CMS/select_--Select--Adernaline 0.'

2018-06-10 21:54:12 - [MESSAGE][PASSED] - All options with index in [10] are selected on object 'Object Repository/MOH AND GRN/Page_KDMC - CMS/select_--Select--Adernaline 0.'

2018-06-10 21:54:12 - [TEST_STEP][PASSED] - setText: Text '5000' is set on object 'Object Repository/MOH AND GRN/Page_KDMC - CMS/input_txttreat'

2018-06-10 21:54:12 - [MESSAGE][PASSED] - Text '5000' is set on object 'Object Repository/MOH AND GRN/Page_KDMC - CMS/input_txttreat'

2018-06-10 21:54:12 - [TEST_STEP][PASSED] - click: Object: 'Object Repository/MOH AND GRN/Page_KDMC - CMS/button_Add' is clicked on

2018-06-10 21:54:12 - [MESSAGE][PASSED] - Object: 'Object Repository/MOH AND GRN/Page_KDMC - CMS/button_Add' is clicked on

2018-06-10 21:54:12 - [TEST_STEP][PASSED] - selectOptionByIndex: All options with index in [7] are selected on object 'Object Repository/MOH AND GRN/Page_KDMC - CMS/select_--Select--Schedule 1Inj'

2018-06-10 21:54:12 - [MESSAGE][PASSED] - All options with index in [7] are selected on object 'Object Repository/MOH AND GRN/Page_KDMC - CMS/select_--Select--Schedule 1Inj'

2018-06-10 21:54:12 - [TEST_STEP][PASSED] - selectOptionByIndex: All options with index in [11] are selected on object 'Object Repository/MOH AND GRN/Page_KDMC - CMS/select_--Select--Adernaline 0.'

2018-06-10 21:54:12 - [MESSAGE][PASSED] - All options with index in [11] are selected on object 'Object Repository/MOH AND GRN/Page_KDMC - CMS/select_--Select--Adernaline 0.'

2018-06-10 21:54:12 - [TEST_STEP][PASSED] - setText: Text '5000' is set on object 'Object Repository/MOH AND GRN/Page_KDMC - CMS/input_txttreat'

2018-06-10 21:54:12 - [MESSAGE][PASSED] - Text '5000' is set on object 'Object Repository/MOH AND GRN/Page_KDMC - CMS/input_txttreat'

2018-06-10 21:54:12 - [TEST_STEP][PASSED] - click: Object: 'Object Repository/MOH AND GRN/Page_KDMC - CMS/button_Add' is clicked on

2018-06-10 21:54:12 - [MESSAGE][PASSED] - Object: 'Object Repository/MOH AND GRN/Page_KDMC - CMS/button_Add' is clicked on

2018-06-10 21:54:12 - [TEST_STEP][PASSED] - selectOptionByIndex: All options with index in [7] are selected on object 'Object Repository/MOH AND GRN/Page_KDMC - CMS/select_--Select--Schedule 1Inj'

2018-06-10 21:54:13 - [MESSAGE][PASSED] - All options with index in [7] are selected on object 'Object Repository/MOH AND GRN/Page_KDMC - CMS/select_--Select--Schedule 1Inj'

2018-06-10 21:54:13 - [TEST_STEP][PASSED] - selectOptionByIndex: All options with index in [12] are selected on object 'Object Repository/MOH AND GRN/Page_KDMC - CMS/select_--Select--Adernaline 0.'

2018-06-10 21:54:13 - [MESSAGE][PASSED] - All options with index in [12] are selected on object 'Object Repository/MOH AND GRN/Page_KDMC - CMS/select_--Select--Adernaline 0.'

2018-06-10 21:54:13 - [TEST_STEP][PASSED] - setText: Text '5000' is set on object 'Object Repository/MOH AND GRN/Page_KDMC - CMS/input_txttreat'

2018-06-10 21:54:13 - [MESSAGE][PASSED] - Text '5000' is set on object 'Object Repository/MOH AND GRN/Page_KDMC - CMS/input_txttreat'

2018-06-10 21:54:13 - [TEST_STEP][PASSED] - click: Object: 'Object Repository/MOH AND GRN/Page_KDMC - CMS/button_Add' is clicked on

2018-06-10 21:54:13 - [MESSAGE][PASSED] - Object: 'Object Repository/MOH AND GRN/Page_KDMC - CMS/button_Add' is clicked on

2018-06-10 21:54:13 - [TEST_STEP][PASSED] - selectOptionByIndex: All options with index in [7] are selected on object 'Object Repository/MOH AND GRN/Page_KDMC - CMS/select_--Select--Schedule 1Inj'

2018-06-10 21:54:13 - [MESSAGE][PASSED] - All options with index in [7] are selected on object 'Object Repository/MOH AND GRN/Page_KDMC - CMS/select_--Select--Schedule 1Inj'

2018-06-10 21:54:13 - [TEST_STEP][PASSED] - selectOptionByIndex: All options with index in [13] are selected on object 'Object Repository/MOH AND GRN/Page_KDMC - CMS/select_--Select--Adernaline 0.'

2018-06-10 21:54:13 - [MESSAGE][PASSED] - All options with index in [13] are selected on object 'Object Repository/MOH AND GRN/Page_KDMC - CMS/select_--Select--Adernaline 0.'

2018-06-10 21:54:13 - [TEST_STEP][PASSED] - setText: Text '5000' is set on object 'Object Repository/MOH AND GRN/Page_KDMC - CMS/input_txttreat'

2018-06-10 21:54:14 - [MESSAGE][PASSED] - Text '5000' is set on object 'Object Repository/MOH AND GRN/Page_KDMC - CMS/input_txttreat'

2018-06-10 21:54:14 - [TEST_STEP][PASSED] - click: Object: 'Object Repository/MOH AND GRN/Page_KDMC - CMS/button_Add' is clicked on

2018-06-10 21:54:14 - [MESSAGE][PASSED] - Object: 'Object Repository/MOH AND GRN/Page_KDMC - CMS/button_Add' is clicked on

2018-06-10 21:54:14 - [TEST_STEP][PASSED] - selectOptionByIndex: All options with index in [7] are selected on object 'Object Repository/MOH AND GRN/Page_KDMC - CMS/select_--Select--Schedule 1Inj'

2018-06-10 21:54:14 - [MESSAGE][PASSED] - All options with index in [7] are selected on object 'Object Repository/MOH AND GRN/Page_KDMC - CMS/select_--Select--Schedule 1Inj'

2018-06-10 21:54:14 - [TEST_STEP][PASSED] - selectOptionByIndex: All options with index in [14] are selected on object 'Object Repository/MOH AND GRN/Page_KDMC - CMS/select_--Select--Adernaline 0.'

2018-06-10 21:54:14 - [MESSAGE][PASSED] - All options with index in [14] are selected on object 'Object Repository/MOH AND GRN/Page_KDMC - CMS/select_--Select--Adernaline 0.'

2018-06-10 21:54:14 - [TEST_STEP][PASSED] - setText: Text '5000' is set on object 'Object Repository/MOH AND GRN/Page_KDMC - CMS/input_txttreat'

2018-06-10 21:54:14 - [MESSAGE][PASSED] - Text '5000' is set on object 'Object Repository/MOH AND GRN/Page_KDMC - CMS/input_txttreat'

2018-06-10 21:54:14 - [TEST_STEP][PASSED] - click: Object: 'Object Repository/MOH AND GRN/Page_KDMC - CMS/button_Add' is clicked on

2018-06-10 21:54:14 - [MESSAGE][PASSED] - Object: 'Object Repository/MOH AND GRN/Page_KDMC - CMS/button_Add' is clicked on

2018-06-10 21:54:14 - [TEST_STEP][PASSED] - selectOptionByIndex: All options with index in [7] are selected on object 'Object Repository/MOH AND GRN/Page_KDMC - CMS/select_--Select--Schedule 1Inj'

2018-06-10 21:54:14 - [MESSAGE][PASSED] - All options with index in [7] are selected on object 'Object Repository/MOH AND GRN/Page_KDMC - CMS/select_--Select--Schedule 1Inj'

2018-06-10 21:54:14 - [TEST_STEP][PASSED] - selectOptionByIndex: All options with index in [15] are selected on object 'Object Repository/MOH AND GRN/Page_KDMC - CMS/select_--Select--Adernaline 0.'

2018-06-10 21:54:15 - [MESSAGE][PASSED] - All options with index in [15] are selected on object 'Object Repository/MOH AND GRN/Page_KDMC - CMS/select_--Select--Adernaline 0.'

2018-06-10 21:54:15 - [TEST_STEP][PASSED] - setText: Text '5000' is set on object 'Object Repository/MOH AND GRN/Page_KDMC - CMS/input_txttreat'

2018-06-10 21:54:15 - [MESSAGE][PASSED] - Text '5000' is set on object 'Object Repository/MOH AND GRN/Page_KDMC - CMS/input_txttreat'

2018-06-10 21:54:15 - [TEST_STEP][PASSED] - click: Object: 'Object Repository/MOH AND GRN/Page_KDMC - CMS/button_Add' is clicked on

2018-06-10 21:54:15 - [MESSAGE][PASSED] - Object: 'Object Repository/MOH AND GRN/Page_KDMC - CMS/button_Add' is clicked on

2018-06-10 21:54:15 - [TEST_STEP][PASSED] - selectOptionByIndex: All options with index in [7] are selected on object 'Object Repository/MOH AND GRN/Page_KDMC - CMS/select_--Select--Schedule 1Inj'

2018-06-10 21:54:15 - [MESSAGE][PASSED] - All options with index in [7] are selected on object 'Object Repository/MOH AND GRN/Page_KDMC - CMS/select_--Select--Schedule 1Inj'

2018-06-10 21:54:15 - [TEST_STEP][PASSED] - selectOptionByIndex: All options with index in [16] are selected on object 'Object Repository/MOH AND GRN/Page_KDMC - CMS/select_--Select--Adernaline 0.'

2018-06-10 21:54:15 - [MESSAGE][PASSED] - All options with index in [16] are selected on object 'Object Repository/MOH AND GRN/Page_KDMC - CMS/select_--Select--Adernaline 0.'

2018-06-10 21:54:15 - [TEST_STEP][PASSED] - setText: Text '5000' is set on object 'Object Repository/MOH AND GRN/Page_KDMC - CMS/input_txttreat'

2018-06-10 21:54:15 - [MESSAGE][PASSED] - Text '5000' is set on object 'Object Repository/MOH AND GRN/Page_KDMC - CMS/input_txttreat'

2018-06-10 21:54:15 - [TEST_STEP][PASSED] - click: Object: 'Object Repository/MOH AND GRN/Page_KDMC - CMS/button_Add' is clicked on

2018-06-10 21:54:15 - [MESSAGE][PASSED] - Object: 'Object Repository/MOH AND GRN/Page_KDMC - CMS/button_Add' is clicked on

2018-06-10 21:54:15 - [TEST_STEP][PASSED] - selectOptionByIndex: All options with index in [7] are selected on object 'Object Repository/MOH AND GRN/Page_KDMC - CMS/select_--Select--Schedule 1Inj'

2018-06-10 21:54:16 - [MESSAGE][PASSED] - All options with index in [7] are selected on object 'Object Repository/MOH AND GRN/Page_KDMC - CMS/select_--Select--Schedule 1Inj'

2018-06-10 21:54:16 - [TEST_STEP][PASSED] - selectOptionByIndex: All options with index in [17] are selected on object 'Object Repository/MOH AND GRN/Page_KDMC - CMS/select_--Select--Adernaline 0.'

2018-06-10 21:54:16 - [MESSAGE][PASSED] - All options with index in [17] are selected on object 'Object Repository/MOH AND GRN/Page_KDMC - CMS/select_--Select--Adernaline 0.'

2018-06-10 21:54:16 - [TEST_STEP][PASSED] - setText: Text '5000' is set on object 'Object Repository/MOH AND GRN/Page_KDMC - CMS/input_txttreat'

2018-06-10 21:54:16 - [MESSAGE][PASSED] - Text '5000' is set on object 'Object Repository/MOH AND GRN/Page_KDMC - CMS/input_txttreat'

2018-06-10 21:54:16 - [TEST_STEP][PASSED] - click: Object: 'Object Repository/MOH AND GRN/Page_KDMC - CMS/button_Add' is clicked on

2018-06-10 21:54:16 - [MESSAGE][PASSED] - Object: 'Object Repository/MOH AND GRN/Page_KDMC - CMS/button_Add' is clicked on

2018-06-10 21:54:16 - [TEST_STEP][PASSED] - selectOptionByIndex: All options with index in [7] are selected on object 'Object Repository/MOH AND GRN/Page_KDMC - CMS/select_--Select--Schedule 1Inj'

2018-06-10 21:54:16 - [MESSAGE][PASSED] - All options with index in [7] are selected on object 'Object Repository/MOH AND GRN/Page_KDMC - CMS/select_--Select--Schedule 1Inj'

2018-06-10 21:54:16 - [TEST_STEP][PASSED] - selectOptionByIndex: All options with index in [18] are selected on object 'Object Repository/MOH AND GRN/Page_KDMC - CMS/select_--Select--Adernaline 0.'

2018-06-10 21:54:16 - [MESSAGE][PASSED] - All options with index in [18] are selected on object 'Object Repository/MOH AND GRN/Page_KDMC - CMS/select_--Select--Adernaline 0.'

2018-06-10 21:54:16 - [TEST_STEP][PASSED] - setText: Text '5000' is set on object 'Object Repository/MOH AND GRN/Page_KDMC - CMS/input_txttreat'

2018-06-10 21:54:17 - [MESSAGE][PASSED] - Text '5000' is set on object 'Object Repository/MOH AND GRN/Page_KDMC - CMS/input_txttreat'

2018-06-10 21:54:17 - [TEST_STEP][PASSED] - click: Object: 'Object Repository/MOH AND GRN/Page_KDMC - CMS/button_Add' is clicked on

2018-06-10 21:54:17 - [MESSAGE][PASSED] - Object: 'Object Repository/MOH AND GRN/Page_KDMC - CMS/button_Add' is clicked on

2018-06-10 21:54:17 - [TEST_STEP][PASSED] - selectOptionByIndex: All options with index in [7] are selected on object 'Object Repository/MOH AND GRN/Page_KDMC - CMS/select_--Select--Schedule 1Inj'

2018-06-10 21:54:17 - [MESSAGE][PASSED] - All options with index in [7] are selected on object 'Object Repository/MOH AND GRN/Page_KDMC - CMS/select_--Select--Schedule 1Inj'

2018-06-10 21:54:17 - [TEST_STEP][PASSED] - selectOptionByIndex: All options with index in [19] are selected on object 'Object Repository/MOH AND GRN/Page_KDMC - CMS/select_--Select--Adernaline 0.'

2018-06-10 21:54:17 - [MESSAGE][PASSED] - All options with index in [19] are selected on object 'Object Repository/MOH AND GRN/Page_KDMC - CMS/select_--Select--Adernaline 0.'

2018-06-10 21:54:17 - [TEST_STEP][PASSED] - setText: Text '5000' is set on object 'Object Repository/MOH AND GRN/Page_KDMC - CMS/input_txttreat'

2018-06-10 21:54:17 - [MESSAGE][PASSED] - Text '5000' is set on object 'Object Repository/MOH AND GRN/Page_KDMC - CMS/input_txttreat'

2018-06-10 21:54:17 - [TEST_STEP][PASSED] - click: Object: 'Object Repository/MOH AND GRN/Page_KDMC - CMS/button_Add' is clicked on

2018-06-10 21:54:17 - [MESSAGE][PASSED] - Object: 'Object Repository/MOH AND GRN/Page_KDMC - CMS/button_Add' is clicked on

2018-06-10 21:54:17 - [TEST_STEP][PASSED] - selectOptionByIndex: All options with index in [7] are selected on object 'Object Repository/MOH AND GRN/Page_KDMC - CMS/select_--Select--Schedule 1Inj'

2018-06-10 21:54:17 - [MESSAGE][PASSED] - All options with index in [7] are selected on object 'Object Repository/MOH AND GRN/Page_KDMC - CMS/select_--Select--Schedule 1Inj'

2018-06-10 21:54:17 - [TEST_STEP][PASSED] - selectOptionByIndex: All options with index in [20] are selected on object 'Object Repository/MOH AND GRN/Page_KDMC - CMS/select_--Select--Adernaline 0.'

2018-06-10 21:54:18 - [MESSAGE][PASSED] - All options with index in [20] are selected on object 'Object Repository/MOH AND GRN/Page_KDMC - CMS/select_--Select--Adernaline 0.'

2018-06-10 21:54:18 - [TEST_STEP][PASSED] - setText: Text '5000' is set on object 'Object Repository/MOH AND GRN/Page_KDMC - CMS/input_txttreat'

2018-06-10 21:54:18 - [MESSAGE][PASSED] - Text '5000' is set on object 'Object Repository/MOH AND GRN/Page_KDMC - CMS/input_txttreat'

2018-06-10 21:54:18 - [TEST_STEP][PASSED] - click: Object: 'Object Repository/MOH AND GRN/Page_KDMC - CMS/button_Add' is clicked on

2018-06-10 21:54:18 - [MESSAGE][PASSED] - Object: 'Object Repository/MOH AND GRN/Page_KDMC - CMS/button_Add' is clicked on

2018-06-10 21:54:18 - [TEST_STEP][PASSED] - selectOptionByIndex: All options with index in [7] are selected on object 'Object Repository/MOH AND GRN/Page_KDMC - CMS/select_--Select--Schedule 1Inj'

2018-06-10 21:54:18 - [MESSAGE][PASSED] - All options with index in [7] are selected on object 'Object Repository/MOH AND GRN/Page_KDMC - CMS/select_--Select--Schedule 1Inj'

2018-06-10 21:54:18 - [TEST_STEP][PASSED] - selectOptionByIndex: All options with index in [21] are selected on object 'Object Repository/MOH AND GRN/Page_KDMC - CMS/select_--Select--Adernaline 0.'

2018-06-10 21:54:18 - [MESSAGE][PASSED] - All options with index in [21] are selected on object 'Object Repository/MOH AND GRN/Page_KDMC - CMS/select_--Select--Adernaline 0.'

2018-06-10 21:54:18 - [TEST_STEP][PASSED] - setText: Text '5000' is set on object 'Object Repository/MOH AND GRN/Page_KDMC - CMS/input_txttreat'

2018-06-10 21:54:18 - [MESSAGE][PASSED] - Text '5000' is set on object 'Object Repository/MOH AND GRN/Page_KDMC - CMS/input_txttreat'

2018-06-10 21:54:18 - [TEST_STEP][PASSED] - click: Object: 'Object Repository/MOH AND GRN/Page_KDMC - CMS/button_Add' is clicked on

2018-06-10 21:54:19 - [MESSAGE][PASSED] - Object: 'Object Repository/MOH AND GRN/Page_KDMC - CMS/button_Add' is clicked on

2018-06-10 21:54:19 - [TEST_STEP][PASSED] - selectOptionByIndex: All options with index in [7] are selected on object 'Object Repository/MOH AND GRN/Page_KDMC - CMS/select_--Select--Schedule 1Inj'

2018-06-10 21:54:19 - [MESSAGE][PASSED] - All options with index in [7] are selected on object 'Object Repository/MOH AND GRN/Page_KDMC - CMS/select_--Select--Schedule 1Inj'

2018-06-10 21:54:19 - [TEST_STEP][PASSED] - selectOptionByIndex: All options with index in [22] are selected on object 'Object Repository/MOH AND GRN/Page_KDMC - CMS/select_--Select--Adernaline 0.'

2018-06-10 21:54:19 - [MESSAGE][PASSED] - All options with index in [22] are selected on object 'Object Repository/MOH AND GRN/Page_KDMC - CMS/select_--Select--Adernaline 0.'

2018-06-10 21:54:19 - [TEST_STEP][PASSED] - setText: Text '5000' is set on object 'Object Repository/MOH AND GRN/Page_KDMC - CMS/input_txttreat'

2018-06-10 21:54:19 - [MESSAGE][PASSED] - Text '5000' is set on object 'Object Repository/MOH AND GRN/Page_KDMC - CMS/input_txttreat'

2018-06-10 21:54:19 - [TEST_STEP][PASSED] - click: Object: 'Object Repository/MOH AND GRN/Page_KDMC - CMS/button_Add' is clicked on

2018-06-10 21:54:19 - [MESSAGE][PASSED] - Object: 'Object Repository/MOH AND GRN/Page_KDMC - CMS/button_Add' is clicked on

2018-06-10 21:54:19 - [TEST_STEP][PASSED] - selectOptionByIndex: All options with index in [7] are selected on object 'Object Repository/MOH AND GRN/Page_KDMC - CMS/select_--Select--Schedule 1Inj'

2018-06-10 21:54:19 - [MESSAGE][PASSED] - All options with index in [7] are selected on object 'Object Repository/MOH AND GRN/Page_KDMC - CMS/select_--Select--Schedule 1Inj'

2018-06-10 21:54:19 - [TEST_STEP][PASSED] - selectOptionByIndex: All options with index in [23] are selected on object 'Object Repository/MOH AND GRN/Page_KDMC - CMS/select_--Select--Adernaline 0.'

2018-06-10 21:54:20 - [MESSAGE][PASSED] - All options with index in [23] are selected on object 'Object Repository/MOH AND GRN/Page_KDMC - CMS/select_--Select--Adernaline 0.'

2018-06-10 21:54:20 - [TEST_STEP][PASSED] - setText: Text '5000' is set on object 'Object Repository/MOH AND GRN/Page_KDMC - CMS/input_txttreat'

2018-06-10 21:54:20 - [MESSAGE][PASSED] - Text '5000' is set on object 'Object Repository/MOH AND GRN/Page_KDMC - CMS/input_txttreat'

2018-06-10 21:54:20 - [TEST_STEP][PASSED] - click: Object: 'Object Repository/MOH AND GRN/Page_KDMC - CMS/button_Add' is clicked on

2018-06-10 21:54:20 - [MESSAGE][PASSED] - Object: 'Object Repository/MOH AND GRN/Page_KDMC - CMS/button_Add' is clicked on

2018-06-10 21:54:20 - [TEST_STEP][PASSED] - scrollToElement: Scroll to object 'Object Repository/MOH AND GRN/Page_KDMC - CMS/input_btnsave' successfully

2018-06-10 21:54:20 - [MESSAGE][PASSED] - Scroll to object 'Object Repository/MOH AND GRN/Page_KDMC - CMS/input_btnsave' successfully

2018-06-10 21:54:20 - [TEST_STEP][PASSED] - click: Object: 'Object Repository/MOH AND GRN/Page_KDMC - CMS/input_btnsave' is clicked on

2018-06-10 21:54:20 - [MESSAGE][PASSED] - Object: 'Object Repository/MOH AND GRN/Page_KDMC - CMS/input_btnsave' is clicked on

2018-06-10 21:54:20 - [TEST_STEP][PASSED] - delay: Delayed 3 second(s)

2018-06-10 21:54:23 - [MESSAGE][PASSED] - Delayed 3 second(s)

2018-06-10 21:54:23 - [TEST_STEP][PASSED] - Statement - Request1 = com.kms.katalon.core.webui.keyword.WebUiBuiltInKeywords.getText(com.kms.katalon.core.testobject.ObjectRepository.findTestObject(MOH AND GRN/Page_KDMC - CMS/font_PRNO0505201876)): Text of object 'Object Repository/MOH AND GRN/Page_KDMC - CMS/font_PRNO0505201876' is: 'PRNO/10062018/363'

2018-06-10 21:54:23 - [MESSAGE][PASSED] - Text of object 'Object Repository/MOH AND GRN/Page_KDMC - CMS/font_PRNO0505201876' is: 'PRNO/10062018/363'

2018-06-10 21:54:23 - [TEST_STEP][PASSED] - Statement - out.println("Length OF The Medicine " + Request1): null

2018-06-10 21:54:23 - [TEST_STEP][PASSED] - Statement - RequestNUmber = Request1.split("/")[2].trim(): null

2018-06-10 21:54:23 - [TEST_STEP][PASSED] - Statement - out.println("ID IS " + RequestNUmber): null

2018-06-10 21:54:23 - [TEST_STEP][PASSED] - delay: Delayed 3 second(s)

2018-06-10 21:54:26 - [MESSAGE][PASSED] - Delayed 3 second(s)

2018-06-10 21:54:26 - [TEST_STEP][PASSED] - click: Object: 'Object Repository/MOH AND GRN/Page_KDMC - CMS/button_OK' is clicked on

2018-06-10 21:54:27 - [MESSAGE][PASSED] - Object: 'Object Repository/MOH AND GRN/Page_KDMC - CMS/button_OK' is clicked on

2018-06-10 21:54:27 - [TEST_STEP][PASSED] - click: Object: 'Object Repository/MOH AND GRN/Page_KDMC - CMS/a_dropdown-toggle' is clicked on

2018-06-10 21:54:28 - [MESSAGE][PASSED] - Object: 'Object Repository/MOH AND GRN/Page_KDMC - CMS/a_dropdown-toggle' is clicked on

2018-06-10 21:54:28 - [TEST_STEP][PASSED] - click: Object: 'Object Repository/MOH AND GRN/Page_KDMC - CMS/a_Sign out' is clicked on

2018-06-10 21:54:29 - [MESSAGE][PASSED] - Object: 'Object Repository/MOH AND GRN/Page_KDMC - CMS/a_Sign out' is clicked on

2018-06-10 21:54:29 - [TEST_STEP][PASSED] - delay: Delayed 4 second(s)

2018-06-10 21:54:33 - [MESSAGE][PASSED] - Delayed 4 second(s)

2018-06-10 21:54:33 - [TEST_STEP][PASSED] - click: Object: 'Object Repository/MOH AND GRN/Page_KDMC/a_Admin Master' is clicked on

2018-06-10 21:54:33 - [MESSAGE][PASSED] - Object: 'Object Repository/MOH AND GRN/Page_KDMC/a_Admin Master' is clicked on

2018-06-10 21:54:33 - [TEST_STEP][PASSED] - setText: Text 'admin' is set on object 'Object Repository/MOH AND GRN/Page_Admin login/input_txtusername'

2018-06-10 21:54:33 - [MESSAGE][PASSED] - Text 'admin' is set on object 'Object Repository/MOH AND GRN/Page_Admin login/input_txtusername'

2018-06-10 21:54:33 - [TEST_STEP][PASSED] - setText: Text 'admin123' is set on object 'Object Repository/MOH AND GRN/Page_Admin login/input_txtpassword'

2018-06-10 21:54:33 - [MESSAGE][PASSED] - Text 'admin123' is set on object 'Object Repository/MOH AND GRN/Page_Admin login/input_txtpassword'

2018-06-10 21:54:33 - [TEST_STEP][PASSED] - delay: Delayed 3 second(s)

2018-06-10 21:54:36 - [MESSAGE][PASSED] - Delayed 3 second(s)

2018-06-10 21:54:36 - [TEST_STEP][PASSED] - click: Object: 'Object Repository/MOH AND GRN/Page_Admin login/button_Sign in' is clicked on

2018-06-10 21:54:37 - [MESSAGE][PASSED] - Object: 'Object Repository/MOH AND GRN/Page_Admin login/button_Sign in' is clicked on

2018-06-10 21:54:37 - [TEST_STEP][PASSED] - delay: Delayed 20 second(s)

2018-06-10 21:54:57 - [MESSAGE][PASSED] - Delayed 20 second(s)

2018-06-10 21:54:57 - [TEST_STEP][PASSED] - scrollToPosition: Browser is scrolled to position x = 200, y = 200

2018-06-10 21:54:57 - [MESSAGE][PASSED] - Browser is scrolled to position x = 200, y = 200

2018-06-10 21:54:57 - [TEST_STEP][PASSED] - click: Object: 'Object Repository/MOH AND GRN/Page_KDMC/a_CMS_1' is clicked on

2018-06-10 21:54:57 - [MESSAGE][PASSED] - Object: 'Object Repository/MOH AND GRN/Page_KDMC/a_CMS_1' is clicked on

2018-06-10 21:54:57 - [TEST_STEP][PASSED] - click: Object: 'Object Repository/MOH AND GRN/Page_KDMC/a_Request List' is clicked on

2018-06-10 21:54:59 - [MESSAGE][PASSED] - Object: 'Object Repository/MOH AND GRN/Page_KDMC/a_Request List' is clicked on

2018-06-10 21:54:59 - [TEST_STEP][PASSED] - Statement - RequestNumberId = com.kms.katalon.core.webui.keyword.WebUiBuiltInKeywords.modifyObjectProperty(com.kms.katalon.core.testobject.ObjectRepository.findTestObject(MOH AND GRN/Page_KDMC - CMS/input_PO0032), "xpath", "equals", "//*[@id =" + RequestNUmber + "]", true): Modify property of object successfully

2018-06-10 21:54:59 - [MESSAGE][PASSED] - Modify property of object successfully

2018-06-10 21:54:59 - [TEST_STEP][PASSED] - click: Object: 'Object Repository/MOH AND GRN/Page_KDMC - CMS/input_PO0032' is clicked on

2018-06-10 21:54:59 - [MESSAGE][PASSED] - Object: 'Object Repository/MOH AND GRN/Page_KDMC - CMS/input_PO0032' is clicked on

2018-06-10 21:54:59 - [TEST_STEP][PASSED] - delay: Delayed 3 second(s)

2018-06-10 21:55:02 - [MESSAGE][PASSED] - Delayed 3 second(s)

2018-06-10 21:55:02 - [TEST_STEP][PASSED] - selectOptionByIndex: All options with index in [1] are selected on object 'Object Repository/MOH AND GRN/Page_KDMC/select_--Select--'

2018-06-10 21:55:02 - [MESSAGE][PASSED] - All options with index in [1] are selected on object 'Object Repository/MOH AND GRN/Page_KDMC/select_--Select--'

2018-06-10 21:55:02 - [TEST_STEP][PASSED] - click: Object: 'Object Repository/MOH AND GRN/Page_KDMC/input_btnupdate' is clicked on

2018-06-10 21:55:02 - [MESSAGE][PASSED] - Object: 'Object Repository/MOH AND GRN/Page_KDMC/input_btnupdate' is clicked on

2018-06-10 21:55:02 - [TEST_STEP][PASSED] - delay: Delayed 3 second(s)

2018-06-10 21:55:05 - [MESSAGE][PASSED] - Delayed 3 second(s)

2018-06-10 21:55:05 - [TEST_STEP][PASSED] - click: Object: 'Object Repository/MOH AND GRN/Page_KDMC/button_OK' is clicked on

2018-06-10 21:55:07 - [MESSAGE][PASSED] - Object: 'Object Repository/MOH AND GRN/Page_KDMC/button_OK' is clicked on

2018-06-10 21:55:07 - [TEST_STEP][PASSED] - delay: Delayed 3 second(s)

2018-06-10 21:55:10 - [MESSAGE][PASSED] - Delayed 3 second(s)

2018-06-10 21:55:10 - [TEST_STEP][PASSED] - scrollToPosition: Browser is scrolled to position x = 200, y = 200

2018-06-10 21:55:10 - [MESSAGE][PASSED] - Browser is scrolled to position x = 200, y = 200

2018-06-10 21:55:10 - [TEST_STEP][PASSED] - click: Object: 'Object Repository/MOH AND GRN/Page_KDMC/a_CMS_2' is clicked on

2018-06-10 21:55:10 - [MESSAGE][PASSED] - Object: 'Object Repository/MOH AND GRN/Page_KDMC/a_CMS_2' is clicked on

2018-06-10 21:55:10 - [TEST_STEP][PASSED] - delay: Delayed 2 second(s)

2018-06-10 21:55:12 - [MESSAGE][PASSED] - Delayed 2 second(s)

2018-06-10 21:55:12 - [TEST_STEP][PASSED] - click: Object: 'Object Repository/MOH AND GRN/Page_KDMC/a_Generate P.O' is clicked on

2018-06-10 21:55:12 - [MESSAGE][PASSED] - Object: 'Object Repository/MOH AND GRN/Page_KDMC/a_Generate P.O' is clicked on

2018-06-10 21:55:12 - [TEST_STEP][PASSED] - delay: Delayed 2 second(s)

2018-06-10 21:55:14 - [MESSAGE][PASSED] - Delayed 2 second(s)

2018-06-10 21:55:14 - [TEST_STEP][PASSED] - selectOptionByIndex: All options with index in [1] are selected on object 'Object Repository/MOH AND GRN/Page_KDMC/select_--Select--PRNO040520183'

2018-06-10 21:55:14 - [MESSAGE][PASSED] - All options with index in [1] are selected on object 'Object Repository/MOH AND GRN/Page_KDMC/select_--Select--PRNO040520183'

2018-06-10 21:55:14 - [TEST_STEP][PASSED] - selectOptionByIndex: All options with index in [7] are selected on object 'Object Repository/MOH AND GRN/Page_KDMC/select_--Select--Hamen Chandra'

2018-06-10 21:55:15 - [MESSAGE][PASSED] - All options with index in [7] are selected on object 'Object Repository/MOH AND GRN/Page_KDMC/select_--Select--Hamen Chandra'

2018-06-10 21:55:15 - [TEST_STEP][PASSED] - Statement - PONumber = com.kms.katalon.core.webui.keyword.WebUiBuiltInKeywords.getText(com.kms.katalon.core.testobject.ObjectRepository.findTestObject(MOH AND GRN/Page_KDMC/input_lblpono)).trim(): Text of object 'Object Repository/MOH AND GRN/Page_KDMC/input_lblpono' is: ''

2018-06-10 21:55:15 - [MESSAGE][PASSED] - Text of object 'Object Repository/MOH AND GRN/Page_KDMC/input_lblpono' is: ''

2018-06-10 21:55:15 - [TEST_STEP][PASSED] - Statement - PONumber1 = com.kms.katalon.core.webui.keyword.WebUiBuiltInKeywords.getAttribute(com.kms.katalon.core.testobject.ObjectRepository.findTestObject(MOH AND GRN/Page_KDMC/input_lblpono), "value").trim(): Attribute 'value' of object 'Object Repository/MOH AND GRN/Page_KDMC/input_lblpono' is: 'PO00214'

2018-06-10 21:55:15 - [MESSAGE][PASSED] - Attribute 'value' of object 'Object Repository/MOH AND GRN/Page_KDMC/input_lblpono' is: 'PO00214'

2018-06-10 21:55:15 - [TEST_STEP][PASSED] - Statement - out.println("PO NUMBER :" + PONumber): null

2018-06-10 21:55:15 - [TEST_STEP][PASSED] - Statement - out.println("PO NUMBER :" + PONumber1): null

2018-06-10 21:55:15 - [TEST_STEP][PASSED] - click: Object: 'Object Repository/MOH AND GRN/Page_KDMC/input_chkrem' is clicked on

2018-06-10 21:55:15 - [MESSAGE][PASSED] - Object: 'Object Repository/MOH AND GRN/Page_KDMC/input_chkrem' is clicked on

2018-06-10 21:55:15 - [TEST_STEP][PASSED] - scrollToElement: Scroll to object 'Object Repository/MOH AND GRN/Page_KDMC/input_btnreturn' successfully

2018-06-10 21:55:15 - [MESSAGE][PASSED] - Scroll to object 'Object Repository/MOH AND GRN/Page_KDMC/input_btnreturn' successfully

2018-06-10 21:55:15 - [TEST_STEP][PASSED] - click: Object: 'Object Repository/MOH AND GRN/Page_KDMC/input_btnreturn' is clicked on

2018-06-10 21:55:15 - [MESSAGE][PASSED] - Object: 'Object Repository/MOH AND GRN/Page_KDMC/input_btnreturn' is clicked on

2018-06-10 21:55:15 - [TEST_STEP][PASSED] - delay: Delayed 3 second(s)

2018-06-10 21:55:18 - [MESSAGE][PASSED] - Delayed 3 second(s)

2018-06-10 21:55:18 - [TEST_STEP][PASSED] - click: Object: 'Object Repository/MOH AND GRN/Page_KDMC/button_Yes' is clicked on

2018-06-10 21:55:18 - [MESSAGE][PASSED] - Object: 'Object Repository/MOH AND GRN/Page_KDMC/button_Yes' is clicked on

2018-06-10 21:55:18 - [TEST_STEP][PASSED] - delay: Delayed 3 second(s)

2018-06-10 21:55:21 - [MESSAGE][PASSED] - Delayed 3 second(s)

2018-06-10 21:55:21 - [TEST_STEP][PASSED] - click: Object: 'Object Repository/MOH AND GRN/Page_KDMC/button_OK' is clicked on

2018-06-10 21:55:22 - [MESSAGE][PASSED] - Object: 'Object Repository/MOH AND GRN/Page_KDMC/button_OK' is clicked on

2018-06-10 21:55:22 - [TEST_STEP][PASSED] - delay: Delayed 3 second(s)

2018-06-10 21:55:25 - [MESSAGE][PASSED] - Delayed 3 second(s)

2018-06-10 21:55:25 - [TEST_STEP][PASSED] - click: Object: 'Object Repository/MOH AND GRN/Page_KDMC/a_dropdown-toggle' is clicked on

2018-06-10 21:55:25 - [MESSAGE][PASSED] - Object: 'Object Repository/MOH AND GRN/Page_KDMC/a_dropdown-toggle' is clicked on

2018-06-10 21:55:25 - [TEST_STEP][PASSED] - click: Object: 'Object Repository/MOH AND GRN/Page_KDMC/a_Sign out' is clicked on

2018-06-10 21:55:25 - [MESSAGE][PASSED] - Object: 'Object Repository/MOH AND GRN/Page_KDMC/a_Sign out' is clicked on

2018-06-10 21:55:25 - [TEST_STEP][PASSED] - delay: Delayed 4 second(s)

2018-06-10 21:55:29 - [MESSAGE][PASSED] - Delayed 4 second(s)

2018-06-10 21:55:29 - [TEST_STEP][PASSED] - click: Object: 'Object Repository/MOH AND GRN/Page_KDMC/a_CMS' is clicked on

2018-06-10 21:55:30 - [MESSAGE][PASSED] - Object: 'Object Repository/MOH AND GRN/Page_KDMC/a_CMS' is clicked on

2018-06-10 21:55:30 - [TEST_STEP][PASSED] - setText: Text 'bala' is set on object 'Object Repository/MOH AND GRN/Page_CMS login/input_txtusername'

2018-06-10 21:55:30 - [MESSAGE][PASSED] - Text 'bala' is set on object 'Object Repository/MOH AND GRN/Page_CMS login/input_txtusername'

2018-06-10 21:55:30 - [TEST_STEP][PASSED] - setText: Text '123' is set on object 'Object Repository/MOH AND GRN/Page_CMS login/input_txtpassword'

2018-06-10 21:55:30 - [MESSAGE][PASSED] - Text '123' is set on object 'Object Repository/MOH AND GRN/Page_CMS login/input_txtpassword'

2018-06-10 21:55:30 - [TEST_STEP][PASSED] - delay: Delayed 3 second(s)

2018-06-10 21:55:33 - [MESSAGE][PASSED] - Delayed 3 second(s)

2018-06-10 21:55:33 - [TEST_STEP][PASSED] - click: Object: 'Object Repository/MOH AND GRN/Page_CMS login/button_Sign in' is clicked on

2018-06-10 21:55:33 - [MESSAGE][PASSED] - Object: 'Object Repository/MOH AND GRN/Page_CMS login/button_Sign in' is clicked on

2018-06-10 21:55:33 - [TEST_STEP][PASSED] - click: Object: 'Object Repository/MOH AND GRN/Page_KDMC - CMS/a_CMS Details' is clicked on

2018-06-10 21:55:33 - [MESSAGE][PASSED] - Object: 'Object Repository/MOH AND GRN/Page_KDMC - CMS/a_CMS Details' is clicked on

2018-06-10 21:55:33 - [TEST_STEP][PASSED] - delay: Delayed 2 second(s)

2018-06-10 21:55:35 - [MESSAGE][PASSED] - Delayed 2 second(s)

2018-06-10 21:55:35 - [TEST_STEP][PASSED] - click: Object: 'Object Repository/MOH AND GRN/Page_KDMC - CMS/a_Goods Receive' is clicked on

2018-06-10 21:55:36 - [MESSAGE][PASSED] - Object: 'Object Repository/MOH AND GRN/Page_KDMC - CMS/a_Goods Receive' is clicked on

2018-06-10 21:55:36 - [TEST_STEP][PASSED] - delay: Delayed 2 second(s)

2018-06-10 21:55:38 - [MESSAGE][PASSED] - Delayed 2 second(s)

2018-06-10 21:55:38 - [TEST_STEP][PASSED] - selectOptionByLabel: All options with label 'PO00214' are selected in object 'Object Repository/MOH AND GRN/Page_KDMC - CMS/select_--Select--PO0032PO0031P' 

2018-06-10 21:55:38 - [MESSAGE][PASSED] - All options with label 'PO00214' are selected in object 'Object Repository/MOH AND GRN/Page_KDMC - CMS/select_--Select--PO0032PO0031P' 

2018-06-10 21:55:38 - [TEST_STEP][PASSED] - setText: Finding Test Object with id 'Object Repository/MOH AND GRN/Page_KDMC - CMS/input_txtgrnno'

2018-06-10 21:55:38 - [TEST_STEP][PASSED] - Statement - switch (id): Text 'INV622.0' is set on object 'Object Repository/MOH AND GRN/Page_KDMC - CMS/input_txtgrnno'

2018-06-10 21:55:38 - [TEST_STEP][PASSED] - Statement - case 2:: Text 'INV622.0' is set on object 'Object Repository/MOH AND GRN/Page_KDMC - CMS/input_txtgrnno'

2018-06-10 21:55:38 - [TEST_STEP][PASSED] - Statement - return (java.lang.Math.floor((java.lang.Math.random() * ((max - min) + 1))) + min): Text 'INV622.0' is set on object 'Object Repository/MOH AND GRN/Page_KDMC - CMS/input_txtgrnno'

2018-06-10 21:55:38 - [MESSAGE][PASSED] - Text 'INV622.0' is set on object 'Object Repository/MOH AND GRN/Page_KDMC - CMS/input_txtgrnno'

2018-06-10 21:55:38 - [TEST_STEP][PASSED] - selectOptionByIndex: All options with index in [1] are selected on object 'Object Repository/MOH AND GRN/Page_KDMC - CMS/select_--Select--PERUMAL PHARM'

2018-06-10 21:55:38 - [MESSAGE][PASSED] - All options with index in [1] are selected on object 'Object Repository/MOH AND GRN/Page_KDMC - CMS/select_--Select--PERUMAL PHARM'

2018-06-10 21:55:38 - [TEST_STEP][PASSED] - setText: Text '20000' is set on object 'Object Repository/MOH AND GRN/Page_KDMC - CMS/input_txtgrnno_1'

2018-06-10 21:55:39 - [MESSAGE][PASSED] - Text '20000' is set on object 'Object Repository/MOH AND GRN/Page_KDMC - CMS/input_txtgrnno_1'

2018-06-10 21:55:39 - [TEST_STEP][PASSED] - setText: Text '900' is set on object 'Object Repository/MOH AND GRN/Page_KDMC - CMS/input_txtgrnno_2'

2018-06-10 21:55:39 - [MESSAGE][PASSED] - Text '900' is set on object 'Object Repository/MOH AND GRN/Page_KDMC - CMS/input_txtgrnno_2'

2018-06-10 21:55:39 - [TEST_STEP][PASSED] - setText: Finding Test Object with id 'Object Repository/MOH AND GRN/Page_KDMC - CMS/input_txtgrnno_3'

2018-06-10 21:55:39 - [TEST_STEP][PASSED] - Statement - switch (id): Text 'CH240.0' is set on object 'Object Repository/MOH AND GRN/Page_KDMC - CMS/input_txtgrnno_3'

2018-06-10 21:55:39 - [TEST_STEP][PASSED] - Statement - case 3:: Text 'CH240.0' is set on object 'Object Repository/MOH AND GRN/Page_KDMC - CMS/input_txtgrnno_3'

2018-06-10 21:55:39 - [TEST_STEP][PASSED] - Statement - return (java.lang.Math.floor((java.lang.Math.random() * ((max - min) + 1))) + min): Text 'CH240.0' is set on object 'Object Repository/MOH AND GRN/Page_KDMC - CMS/input_txtgrnno_3'

2018-06-10 21:55:39 - [MESSAGE][PASSED] - Text 'CH240.0' is set on object 'Object Repository/MOH AND GRN/Page_KDMC - CMS/input_txtgrnno_3'

2018-06-10 21:55:39 - [TEST_STEP][PASSED] - scrollToPosition: Browser is scrolled to position x = 200, y = 200

2018-06-10 21:55:39 - [MESSAGE][PASSED] - Browser is scrolled to position x = 200, y = 200

2018-06-10 21:55:39 - [TEST_STEP][PASSED] - Statement - GrnLength = com.kms.katalon.core.webui.keyword.WebUiBuiltInKeywords.getNumberOfTotalOption(com.kms.katalon.core.testobject.ObjectRepository.findTestObject(MOH AND GRN/Page_KDMC - CMS/select_--Select--Amikacin -500)): 24 options of object 'Object Repository/MOH AND GRN/Page_KDMC - CMS/select_--Select--Amikacin -500' counted

2018-06-10 21:55:39 - [MESSAGE][PASSED] - 24 options of object 'Object Repository/MOH AND GRN/Page_KDMC - CMS/select_--Select--Amikacin -500' counted

2018-06-10 21:55:39 - [TEST_STEP][PASSED] - Statement - out.println("Length OF The Medicine " + GrnLength): null

2018-06-10 21:55:39 - [TEST_STEP][PASSED] - Statement - s = 1: null

2018-06-10 21:55:39 - [TEST_STEP][PASSED] - Statement - For ([t = 1, t < GrnLength, (t++)]): Finding Test Object with id 'Object Repository/MOH AND GRN/Page_KDMC - CMS/input_txtmrp'

2018-06-10 21:55:39 - [TEST_STEP][PASSED] - selectOptionByIndex: All options with index in [1] are selected on object 'Object Repository/MOH AND GRN/Page_KDMC - CMS/select_--Select--Amikacin -500'

2018-06-10 21:55:39 - [MESSAGE][PASSED] - All options with index in [1] are selected on object 'Object Repository/MOH AND GRN/Page_KDMC - CMS/select_--Select--Amikacin -500'

2018-06-10 21:55:39 - [TEST_STEP][PASSED] - setText: Text '5000' is set on object 'Object Repository/MOH AND GRN/Page_KDMC - CMS/input_txtqty'

2018-06-10 21:55:39 - [MESSAGE][PASSED] - Text '5000' is set on object 'Object Repository/MOH AND GRN/Page_KDMC - CMS/input_txtqty'

2018-06-10 21:55:39 - [TEST_STEP][PASSED] - selectOptionByIndex: All options with index in [1] are selected on object 'Object Repository/MOH AND GRN/Page_KDMC - CMS/select_--Select--No Tax0'

2018-06-10 21:55:39 - [MESSAGE][PASSED] - All options with index in [1] are selected on object 'Object Repository/MOH AND GRN/Page_KDMC - CMS/select_--Select--No Tax0'

2018-06-10 21:55:39 - [TEST_STEP][PASSED] - setText: Finding Test Object with id 'Object Repository/MOH AND GRN/Page_KDMC - CMS/input_txtmrp'

2018-06-10 21:55:39 - [TEST_STEP][PASSED] - Statement - switch (id): Finding Test Object with id 'Object Repository/MOH AND GRN/Page_KDMC - CMS/input_txtdeal'

2018-06-10 21:55:39 - [TEST_STEP][PASSED] - Statement - case 4:: Text '33.0' is set on object 'Object Repository/MOH AND GRN/Page_KDMC - CMS/input_txtmrp'

2018-06-10 21:55:39 - [TEST_STEP][PASSED] - Statement - return (java.lang.Math.floor((java.lang.Math.random() * ((max - min) + 1))) + min): Text '33.0' is set on object 'Object Repository/MOH AND GRN/Page_KDMC - CMS/input_txtmrp'

2018-06-10 21:55:39 - [MESSAGE][PASSED] - Text '33.0' is set on object 'Object Repository/MOH AND GRN/Page_KDMC - CMS/input_txtmrp'

2018-06-10 21:55:39 - [TEST_STEP][PASSED] - setText: Finding Test Object with id 'Object Repository/MOH AND GRN/Page_KDMC - CMS/input_txtdeal'

2018-06-10 21:55:39 - [TEST_STEP][PASSED] - Statement - switch (id): Finding Test Object with id 'Object Repository/MOH AND GRN/Page_KDMC - CMS/input_txtbatchno'

2018-06-10 21:55:39 - [TEST_STEP][PASSED] - Statement - case 5:: Text '1.0' is set on object 'Object Repository/MOH AND GRN/Page_KDMC - CMS/input_txtdeal'

2018-06-10 21:55:39 - [TEST_STEP][PASSED] - Statement - return (java.lang.Math.floor((java.lang.Math.random() * ((max - min) + 1))) + min): Text '1.0' is set on object 'Object Repository/MOH AND GRN/Page_KDMC - CMS/input_txtdeal'

2018-06-10 21:55:40 - [MESSAGE][PASSED] - Text '1.0' is set on object 'Object Repository/MOH AND GRN/Page_KDMC - CMS/input_txtdeal'

2018-06-10 21:55:40 - [TEST_STEP][PASSED] - setText: Finding Test Object with id 'Object Repository/MOH AND GRN/Page_KDMC - CMS/input_txtbatchno'

2018-06-10 21:55:40 - [TEST_STEP][PASSED] - Statement - switch (id): Finding Test Object with id 'Object Repository/MOH AND GRN/Page_KDMC - CMS/input_txtmrp'

2018-06-10 21:55:40 - [TEST_STEP][PASSED] - Statement - case 1:: Text 'BA475.0' is set on object 'Object Repository/MOH AND GRN/Page_KDMC - CMS/input_txtbatchno'

2018-06-10 21:55:40 - [TEST_STEP][PASSED] - Statement - return (java.lang.Math.floor((java.lang.Math.random() * ((max - min) + 1))) + min): Text 'BA475.0' is set on object 'Object Repository/MOH AND GRN/Page_KDMC - CMS/input_txtbatchno'

2018-06-10 21:55:40 - [MESSAGE][PASSED] - Text 'BA475.0' is set on object 'Object Repository/MOH AND GRN/Page_KDMC - CMS/input_txtbatchno'

2018-06-10 21:55:40 - [TEST_STEP][PASSED] - rightClick: Object: 'Object Repository/GRN/Page_KDMC - CMS/input_txtexpdate' is right clicked on

2018-06-10 21:55:40 - [MESSAGE][PASSED] - Object: 'Object Repository/GRN/Page_KDMC - CMS/input_txtexpdate' is right clicked on

2018-06-10 21:55:40 - [TEST_STEP][PASSED] - selectOptionByIndex: All options with index in [1] are selected on object 'Object Repository/GRN/Page_KDMC - CMS/select_20182019202020212022202'

2018-06-10 21:55:40 - [MESSAGE][PASSED] - All options with index in [1] are selected on object 'Object Repository/GRN/Page_KDMC - CMS/select_20182019202020212022202'

2018-06-10 21:55:40 - [TEST_STEP][PASSED] - selectOptionByIndex: All options with index in [1] are selected on object 'Object Repository/GRN/Page_KDMC - CMS/select_JanFebMarAprMayJunJulAu'

2018-06-10 21:55:40 - [MESSAGE][PASSED] - All options with index in [1] are selected on object 'Object Repository/GRN/Page_KDMC - CMS/select_JanFebMarAprMayJunJulAu'

2018-06-10 21:55:40 - [TEST_STEP][PASSED] - click: Object: 'Object Repository/MOH AND GRN/Page_KDMC - CMS/a_12' is clicked on

2018-06-10 21:55:40 - [MESSAGE][PASSED] - Object: 'Object Repository/MOH AND GRN/Page_KDMC - CMS/a_12' is clicked on

2018-06-10 21:55:40 - [TEST_STEP][PASSED] - click: Object: 'Object Repository/MOH AND GRN/Page_KDMC - CMS/input_btnadd' is clicked on

2018-06-10 21:55:40 - [MESSAGE][PASSED] - Object: 'Object Repository/MOH AND GRN/Page_KDMC - CMS/input_btnadd' is clicked on

2018-06-10 21:55:40 - [TEST_STEP][PASSED] - Statement - If (s == 10): null

2018-06-10 21:55:40 - [TEST_STEP][PASSED] - Statement - Else: null

2018-06-10 21:55:40 - [TEST_STEP][PASSED] - Statement - (s++): null

2018-06-10 21:55:40 - [TEST_STEP][PASSED] - delay: Delayed 1 second(s)

2018-06-10 21:55:41 - [MESSAGE][PASSED] - Delayed 1 second(s)

2018-06-10 21:55:41 - [TEST_STEP][PASSED] - selectOptionByIndex: All options with index in [2] are selected on object 'Object Repository/MOH AND GRN/Page_KDMC - CMS/select_--Select--Amikacin -500'

2018-06-10 21:55:42 - [MESSAGE][PASSED] - All options with index in [2] are selected on object 'Object Repository/MOH AND GRN/Page_KDMC - CMS/select_--Select--Amikacin -500'

2018-06-10 21:55:42 - [TEST_STEP][PASSED] - setText: Text '5000' is set on object 'Object Repository/MOH AND GRN/Page_KDMC - CMS/input_txtqty'

2018-06-10 21:55:42 - [MESSAGE][PASSED] - Text '5000' is set on object 'Object Repository/MOH AND GRN/Page_KDMC - CMS/input_txtqty'

2018-06-10 21:55:42 - [TEST_STEP][PASSED] - selectOptionByIndex: All options with index in [1] are selected on object 'Object Repository/MOH AND GRN/Page_KDMC - CMS/select_--Select--No Tax0'

2018-06-10 21:55:42 - [MESSAGE][PASSED] - All options with index in [1] are selected on object 'Object Repository/MOH AND GRN/Page_KDMC - CMS/select_--Select--No Tax0'

2018-06-10 21:55:42 - [TEST_STEP][PASSED] - setText: Finding Test Object with id 'Object Repository/MOH AND GRN/Page_KDMC - CMS/input_txtmrp'

2018-06-10 21:55:42 - [TEST_STEP][PASSED] - Statement - switch (id): Finding Test Object with id 'Object Repository/MOH AND GRN/Page_KDMC - CMS/input_txtdeal'

2018-06-10 21:55:42 - [TEST_STEP][PASSED] - Statement - case 4:: Text '35.0' is set on object 'Object Repository/MOH AND GRN/Page_KDMC - CMS/input_txtmrp'

2018-06-10 21:55:42 - [TEST_STEP][PASSED] - Statement - return (java.lang.Math.floor((java.lang.Math.random() * ((max - min) + 1))) + min): Text '35.0' is set on object 'Object Repository/MOH AND GRN/Page_KDMC - CMS/input_txtmrp'

2018-06-10 21:55:42 - [MESSAGE][PASSED] - Text '35.0' is set on object 'Object Repository/MOH AND GRN/Page_KDMC - CMS/input_txtmrp'

2018-06-10 21:55:42 - [TEST_STEP][PASSED] - setText: Finding Test Object with id 'Object Repository/MOH AND GRN/Page_KDMC - CMS/input_txtdeal'

2018-06-10 21:55:42 - [TEST_STEP][PASSED] - Statement - switch (id): Finding Test Object with id 'Object Repository/MOH AND GRN/Page_KDMC - CMS/input_txtbatchno'

2018-06-10 21:55:42 - [TEST_STEP][PASSED] - Statement - case 5:: Text '6.0' is set on object 'Object Repository/MOH AND GRN/Page_KDMC - CMS/input_txtdeal'

2018-06-10 21:55:42 - [TEST_STEP][PASSED] - Statement - return (java.lang.Math.floor((java.lang.Math.random() * ((max - min) + 1))) + min): Text '6.0' is set on object 'Object Repository/MOH AND GRN/Page_KDMC - CMS/input_txtdeal'

2018-06-10 21:55:42 - [MESSAGE][PASSED] - Text '6.0' is set on object 'Object Repository/MOH AND GRN/Page_KDMC - CMS/input_txtdeal'

2018-06-10 21:55:42 - [TEST_STEP][PASSED] - setText: Finding Test Object with id 'Object Repository/MOH AND GRN/Page_KDMC - CMS/input_txtbatchno'

2018-06-10 21:55:42 - [TEST_STEP][PASSED] - Statement - switch (id): Finding Test Object with id 'Object Repository/MOH AND GRN/Page_KDMC - CMS/input_txtmrp'

2018-06-10 21:55:42 - [TEST_STEP][PASSED] - Statement - case 1:: Text 'BA67.0' is set on object 'Object Repository/MOH AND GRN/Page_KDMC - CMS/input_txtbatchno'

2018-06-10 21:55:42 - [TEST_STEP][PASSED] - Statement - return (java.lang.Math.floor((java.lang.Math.random() * ((max - min) + 1))) + min): Text 'BA67.0' is set on object 'Object Repository/MOH AND GRN/Page_KDMC - CMS/input_txtbatchno'

2018-06-10 21:55:42 - [MESSAGE][PASSED] - Text 'BA67.0' is set on object 'Object Repository/MOH AND GRN/Page_KDMC - CMS/input_txtbatchno'

2018-06-10 21:55:42 - [TEST_STEP][PASSED] - rightClick: Object: 'Object Repository/GRN/Page_KDMC - CMS/input_txtexpdate' is right clicked on

2018-06-10 21:55:42 - [MESSAGE][PASSED] - Object: 'Object Repository/GRN/Page_KDMC - CMS/input_txtexpdate' is right clicked on

2018-06-10 21:55:42 - [TEST_STEP][PASSED] - selectOptionByIndex: All options with index in [2] are selected on object 'Object Repository/GRN/Page_KDMC - CMS/select_20182019202020212022202'

2018-06-10 21:55:42 - [MESSAGE][PASSED] - All options with index in [2] are selected on object 'Object Repository/GRN/Page_KDMC - CMS/select_20182019202020212022202'

2018-06-10 21:55:42 - [TEST_STEP][PASSED] - selectOptionByIndex: All options with index in [2] are selected on object 'Object Repository/GRN/Page_KDMC - CMS/select_JanFebMarAprMayJunJulAu'

2018-06-10 21:55:43 - [MESSAGE][PASSED] - All options with index in [2] are selected on object 'Object Repository/GRN/Page_KDMC - CMS/select_JanFebMarAprMayJunJulAu'

2018-06-10 21:55:43 - [TEST_STEP][PASSED] - click: Object: 'Object Repository/MOH AND GRN/Page_KDMC - CMS/a_12' is clicked on

2018-06-10 21:55:43 - [MESSAGE][PASSED] - Object: 'Object Repository/MOH AND GRN/Page_KDMC - CMS/a_12' is clicked on

2018-06-10 21:55:43 - [TEST_STEP][PASSED] - click: Object: 'Object Repository/MOH AND GRN/Page_KDMC - CMS/input_btnadd' is clicked on

2018-06-10 21:55:43 - [MESSAGE][PASSED] - Object: 'Object Repository/MOH AND GRN/Page_KDMC - CMS/input_btnadd' is clicked on

2018-06-10 21:55:43 - [TEST_STEP][PASSED] - Statement - If (s == 10): null

2018-06-10 21:55:43 - [TEST_STEP][PASSED] - Statement - Else: null

2018-06-10 21:55:43 - [TEST_STEP][PASSED] - Statement - (s++): null

2018-06-10 21:55:43 - [TEST_STEP][PASSED] - delay: Delayed 1 second(s)

2018-06-10 21:55:44 - [MESSAGE][PASSED] - Delayed 1 second(s)

2018-06-10 21:55:44 - [TEST_STEP][PASSED] - selectOptionByIndex: All options with index in [3] are selected on object 'Object Repository/MOH AND GRN/Page_KDMC - CMS/select_--Select--Amikacin -500'

2018-06-10 21:55:44 - [MESSAGE][PASSED] - All options with index in [3] are selected on object 'Object Repository/MOH AND GRN/Page_KDMC - CMS/select_--Select--Amikacin -500'

2018-06-10 21:55:44 - [TEST_STEP][PASSED] - setText: Text '5000' is set on object 'Object Repository/MOH AND GRN/Page_KDMC - CMS/input_txtqty'

2018-06-10 21:55:44 - [MESSAGE][PASSED] - Text '5000' is set on object 'Object Repository/MOH AND GRN/Page_KDMC - CMS/input_txtqty'

2018-06-10 21:55:44 - [TEST_STEP][PASSED] - selectOptionByIndex: All options with index in [1] are selected on object 'Object Repository/MOH AND GRN/Page_KDMC - CMS/select_--Select--No Tax0'

2018-06-10 21:55:44 - [MESSAGE][PASSED] - All options with index in [1] are selected on object 'Object Repository/MOH AND GRN/Page_KDMC - CMS/select_--Select--No Tax0'

2018-06-10 21:55:44 - [TEST_STEP][PASSED] - setText: Finding Test Object with id 'Object Repository/MOH AND GRN/Page_KDMC - CMS/input_txtmrp'

2018-06-10 21:55:44 - [TEST_STEP][PASSED] - Statement - switch (id): Finding Test Object with id 'Object Repository/MOH AND GRN/Page_KDMC - CMS/input_txtdeal'

2018-06-10 21:55:44 - [TEST_STEP][PASSED] - Statement - case 4:: Text '35.0' is set on object 'Object Repository/MOH AND GRN/Page_KDMC - CMS/input_txtmrp'

2018-06-10 21:55:44 - [TEST_STEP][PASSED] - Statement - return (java.lang.Math.floor((java.lang.Math.random() * ((max - min) + 1))) + min): Text '35.0' is set on object 'Object Repository/MOH AND GRN/Page_KDMC - CMS/input_txtmrp'

2018-06-10 21:55:44 - [MESSAGE][PASSED] - Text '35.0' is set on object 'Object Repository/MOH AND GRN/Page_KDMC - CMS/input_txtmrp'

2018-06-10 21:55:44 - [TEST_STEP][PASSED] - setText: Finding Test Object with id 'Object Repository/MOH AND GRN/Page_KDMC - CMS/input_txtdeal'

2018-06-10 21:55:44 - [TEST_STEP][PASSED] - Statement - switch (id): Finding Test Object with id 'Object Repository/MOH AND GRN/Page_KDMC - CMS/input_txtbatchno'

2018-06-10 21:55:44 - [TEST_STEP][PASSED] - Statement - case 5:: Text '9.0' is set on object 'Object Repository/MOH AND GRN/Page_KDMC - CMS/input_txtdeal'

2018-06-10 21:55:44 - [TEST_STEP][PASSED] - Statement - return (java.lang.Math.floor((java.lang.Math.random() * ((max - min) + 1))) + min): Text '9.0' is set on object 'Object Repository/MOH AND GRN/Page_KDMC - CMS/input_txtdeal'

2018-06-10 21:55:44 - [MESSAGE][PASSED] - Text '9.0' is set on object 'Object Repository/MOH AND GRN/Page_KDMC - CMS/input_txtdeal'

2018-06-10 21:55:44 - [TEST_STEP][PASSED] - setText: Finding Test Object with id 'Object Repository/MOH AND GRN/Page_KDMC - CMS/input_txtbatchno'

2018-06-10 21:55:44 - [TEST_STEP][PASSED] - Statement - switch (id): Finding Test Object with id 'Object Repository/MOH AND GRN/Page_KDMC - CMS/input_txtmrp'

2018-06-10 21:55:44 - [TEST_STEP][PASSED] - Statement - case 1:: Text 'BA881.0' is set on object 'Object Repository/MOH AND GRN/Page_KDMC - CMS/input_txtbatchno'

2018-06-10 21:55:44 - [TEST_STEP][PASSED] - Statement - return (java.lang.Math.floor((java.lang.Math.random() * ((max - min) + 1))) + min): Text 'BA881.0' is set on object 'Object Repository/MOH AND GRN/Page_KDMC - CMS/input_txtbatchno'

2018-06-10 21:55:44 - [MESSAGE][PASSED] - Text 'BA881.0' is set on object 'Object Repository/MOH AND GRN/Page_KDMC - CMS/input_txtbatchno'

2018-06-10 21:55:44 - [TEST_STEP][PASSED] - rightClick: Object: 'Object Repository/GRN/Page_KDMC - CMS/input_txtexpdate' is right clicked on

2018-06-10 21:55:44 - [MESSAGE][PASSED] - Object: 'Object Repository/GRN/Page_KDMC - CMS/input_txtexpdate' is right clicked on

2018-06-10 21:55:44 - [TEST_STEP][PASSED] - selectOptionByIndex: All options with index in [3] are selected on object 'Object Repository/GRN/Page_KDMC - CMS/select_20182019202020212022202'

2018-06-10 21:55:45 - [MESSAGE][PASSED] - All options with index in [3] are selected on object 'Object Repository/GRN/Page_KDMC - CMS/select_20182019202020212022202'

2018-06-10 21:55:45 - [TEST_STEP][PASSED] - selectOptionByIndex: All options with index in [3] are selected on object 'Object Repository/GRN/Page_KDMC - CMS/select_JanFebMarAprMayJunJulAu'

2018-06-10 21:55:45 - [MESSAGE][PASSED] - All options with index in [3] are selected on object 'Object Repository/GRN/Page_KDMC - CMS/select_JanFebMarAprMayJunJulAu'

2018-06-10 21:55:45 - [TEST_STEP][PASSED] - click: Object: 'Object Repository/MOH AND GRN/Page_KDMC - CMS/a_12' is clicked on

2018-06-10 21:55:45 - [MESSAGE][PASSED] - Object: 'Object Repository/MOH AND GRN/Page_KDMC - CMS/a_12' is clicked on

2018-06-10 21:55:45 - [TEST_STEP][PASSED] - click: Object: 'Object Repository/MOH AND GRN/Page_KDMC - CMS/input_btnadd' is clicked on

2018-06-10 21:55:45 - [MESSAGE][PASSED] - Object: 'Object Repository/MOH AND GRN/Page_KDMC - CMS/input_btnadd' is clicked on

2018-06-10 21:55:45 - [TEST_STEP][PASSED] - Statement - If (s == 10): null

2018-06-10 21:55:45 - [TEST_STEP][PASSED] - Statement - Else: null

2018-06-10 21:55:45 - [TEST_STEP][PASSED] - Statement - (s++): null

2018-06-10 21:55:45 - [TEST_STEP][PASSED] - delay: Delayed 1 second(s)

2018-06-10 21:55:46 - [MESSAGE][PASSED] - Delayed 1 second(s)

2018-06-10 21:55:46 - [TEST_STEP][PASSED] - selectOptionByIndex: All options with index in [4] are selected on object 'Object Repository/MOH AND GRN/Page_KDMC - CMS/select_--Select--Amikacin -500'

2018-06-10 21:55:46 - [MESSAGE][PASSED] - All options with index in [4] are selected on object 'Object Repository/MOH AND GRN/Page_KDMC - CMS/select_--Select--Amikacin -500'

2018-06-10 21:55:46 - [TEST_STEP][PASSED] - setText: Text '5000' is set on object 'Object Repository/MOH AND GRN/Page_KDMC - CMS/input_txtqty'

2018-06-10 21:55:46 - [MESSAGE][PASSED] - Text '5000' is set on object 'Object Repository/MOH AND GRN/Page_KDMC - CMS/input_txtqty'

2018-06-10 21:55:46 - [TEST_STEP][PASSED] - selectOptionByIndex: All options with index in [1] are selected on object 'Object Repository/MOH AND GRN/Page_KDMC - CMS/select_--Select--No Tax0'

2018-06-10 21:55:46 - [MESSAGE][PASSED] - All options with index in [1] are selected on object 'Object Repository/MOH AND GRN/Page_KDMC - CMS/select_--Select--No Tax0'

2018-06-10 21:55:46 - [TEST_STEP][PASSED] - setText: Finding Test Object with id 'Object Repository/MOH AND GRN/Page_KDMC - CMS/input_txtmrp'

2018-06-10 21:55:46 - [TEST_STEP][PASSED] - Statement - switch (id): Finding Test Object with id 'Object Repository/MOH AND GRN/Page_KDMC - CMS/input_txtdeal'

2018-06-10 21:55:46 - [TEST_STEP][PASSED] - Statement - case 4:: Text '33.0' is set on object 'Object Repository/MOH AND GRN/Page_KDMC - CMS/input_txtmrp'

2018-06-10 21:55:46 - [TEST_STEP][PASSED] - Statement - return (java.lang.Math.floor((java.lang.Math.random() * ((max - min) + 1))) + min): Text '33.0' is set on object 'Object Repository/MOH AND GRN/Page_KDMC - CMS/input_txtmrp'

2018-06-10 21:55:46 - [MESSAGE][PASSED] - Text '33.0' is set on object 'Object Repository/MOH AND GRN/Page_KDMC - CMS/input_txtmrp'

2018-06-10 21:55:46 - [TEST_STEP][PASSED] - setText: Finding Test Object with id 'Object Repository/MOH AND GRN/Page_KDMC - CMS/input_txtdeal'

2018-06-10 21:55:46 - [TEST_STEP][PASSED] - Statement - switch (id): Finding Test Object with id 'Object Repository/MOH AND GRN/Page_KDMC - CMS/input_txtbatchno'

2018-06-10 21:55:46 - [TEST_STEP][PASSED] - Statement - case 5:: Text '9.0' is set on object 'Object Repository/MOH AND GRN/Page_KDMC - CMS/input_txtdeal'

2018-06-10 21:55:46 - [TEST_STEP][PASSED] - Statement - return (java.lang.Math.floor((java.lang.Math.random() * ((max - min) + 1))) + min): Text '9.0' is set on object 'Object Repository/MOH AND GRN/Page_KDMC - CMS/input_txtdeal'

2018-06-10 21:55:47 - [MESSAGE][PASSED] - Text '9.0' is set on object 'Object Repository/MOH AND GRN/Page_KDMC - CMS/input_txtdeal'

2018-06-10 21:55:47 - [TEST_STEP][PASSED] - setText: Finding Test Object with id 'Object Repository/MOH AND GRN/Page_KDMC - CMS/input_txtbatchno'

2018-06-10 21:55:47 - [TEST_STEP][PASSED] - Statement - switch (id): Finding Test Object with id 'Object Repository/MOH AND GRN/Page_KDMC - CMS/input_txtmrp'

2018-06-10 21:55:47 - [TEST_STEP][PASSED] - Statement - case 1:: Text 'BA280.0' is set on object 'Object Repository/MOH AND GRN/Page_KDMC - CMS/input_txtbatchno'

2018-06-10 21:55:47 - [TEST_STEP][PASSED] - Statement - return (java.lang.Math.floor((java.lang.Math.random() * ((max - min) + 1))) + min): Text 'BA280.0' is set on object 'Object Repository/MOH AND GRN/Page_KDMC - CMS/input_txtbatchno'

2018-06-10 21:55:47 - [MESSAGE][PASSED] - Text 'BA280.0' is set on object 'Object Repository/MOH AND GRN/Page_KDMC - CMS/input_txtbatchno'

2018-06-10 21:55:47 - [TEST_STEP][PASSED] - rightClick: Object: 'Object Repository/GRN/Page_KDMC - CMS/input_txtexpdate' is right clicked on

2018-06-10 21:55:47 - [MESSAGE][PASSED] - Object: 'Object Repository/GRN/Page_KDMC - CMS/input_txtexpdate' is right clicked on

2018-06-10 21:55:47 - [TEST_STEP][PASSED] - selectOptionByIndex: All options with index in [4] are selected on object 'Object Repository/GRN/Page_KDMC - CMS/select_20182019202020212022202'

2018-06-10 21:55:47 - [MESSAGE][PASSED] - All options with index in [4] are selected on object 'Object Repository/GRN/Page_KDMC - CMS/select_20182019202020212022202'

2018-06-10 21:55:47 - [TEST_STEP][PASSED] - selectOptionByIndex: All options with index in [4] are selected on object 'Object Repository/GRN/Page_KDMC - CMS/select_JanFebMarAprMayJunJulAu'

2018-06-10 21:55:47 - [MESSAGE][PASSED] - All options with index in [4] are selected on object 'Object Repository/GRN/Page_KDMC - CMS/select_JanFebMarAprMayJunJulAu'

2018-06-10 21:55:47 - [TEST_STEP][PASSED] - click: Object: 'Object Repository/MOH AND GRN/Page_KDMC - CMS/a_12' is clicked on

2018-06-10 21:55:47 - [MESSAGE][PASSED] - Object: 'Object Repository/MOH AND GRN/Page_KDMC - CMS/a_12' is clicked on

2018-06-10 21:55:47 - [TEST_STEP][PASSED] - click: Object: 'Object Repository/MOH AND GRN/Page_KDMC - CMS/input_btnadd' is clicked on

2018-06-10 21:55:47 - [MESSAGE][PASSED] - Object: 'Object Repository/MOH AND GRN/Page_KDMC - CMS/input_btnadd' is clicked on

2018-06-10 21:55:47 - [TEST_STEP][PASSED] - Statement - If (s == 10): null

2018-06-10 21:55:47 - [TEST_STEP][PASSED] - Statement - Else: null

2018-06-10 21:55:47 - [TEST_STEP][PASSED] - Statement - (s++): null

2018-06-10 21:55:47 - [TEST_STEP][PASSED] - delay: Delayed 1 second(s)

2018-06-10 21:55:48 - [MESSAGE][PASSED] - Delayed 1 second(s)

2018-06-10 21:55:48 - [TEST_STEP][PASSED] - selectOptionByIndex: All options with index in [5] are selected on object 'Object Repository/MOH AND GRN/Page_KDMC - CMS/select_--Select--Amikacin -500'

2018-06-10 21:55:48 - [MESSAGE][PASSED] - All options with index in [5] are selected on object 'Object Repository/MOH AND GRN/Page_KDMC - CMS/select_--Select--Amikacin -500'

2018-06-10 21:55:48 - [TEST_STEP][PASSED] - setText: Text '5000' is set on object 'Object Repository/MOH AND GRN/Page_KDMC - CMS/input_txtqty'

2018-06-10 21:55:49 - [MESSAGE][PASSED] - Text '5000' is set on object 'Object Repository/MOH AND GRN/Page_KDMC - CMS/input_txtqty'

2018-06-10 21:55:49 - [TEST_STEP][PASSED] - selectOptionByIndex: All options with index in [1] are selected on object 'Object Repository/MOH AND GRN/Page_KDMC - CMS/select_--Select--No Tax0'

2018-06-10 21:55:49 - [MESSAGE][PASSED] - All options with index in [1] are selected on object 'Object Repository/MOH AND GRN/Page_KDMC - CMS/select_--Select--No Tax0'

2018-06-10 21:55:49 - [TEST_STEP][PASSED] - setText: Finding Test Object with id 'Object Repository/MOH AND GRN/Page_KDMC - CMS/input_txtmrp'

2018-06-10 21:55:49 - [TEST_STEP][PASSED] - Statement - switch (id): Finding Test Object with id 'Object Repository/MOH AND GRN/Page_KDMC - CMS/input_txtdeal'

2018-06-10 21:55:49 - [TEST_STEP][PASSED] - Statement - case 4:: Text '24.0' is set on object 'Object Repository/MOH AND GRN/Page_KDMC - CMS/input_txtmrp'

2018-06-10 21:55:49 - [TEST_STEP][PASSED] - Statement - return (java.lang.Math.floor((java.lang.Math.random() * ((max - min) + 1))) + min): Text '24.0' is set on object 'Object Repository/MOH AND GRN/Page_KDMC - CMS/input_txtmrp'

2018-06-10 21:55:49 - [MESSAGE][PASSED] - Text '24.0' is set on object 'Object Repository/MOH AND GRN/Page_KDMC - CMS/input_txtmrp'

2018-06-10 21:55:49 - [TEST_STEP][PASSED] - setText: Finding Test Object with id 'Object Repository/MOH AND GRN/Page_KDMC - CMS/input_txtdeal'

2018-06-10 21:55:49 - [TEST_STEP][PASSED] - Statement - switch (id): Finding Test Object with id 'Object Repository/MOH AND GRN/Page_KDMC - CMS/input_txtbatchno'

2018-06-10 21:55:49 - [TEST_STEP][PASSED] - Statement - case 5:: Text '8.0' is set on object 'Object Repository/MOH AND GRN/Page_KDMC - CMS/input_txtdeal'

2018-06-10 21:55:49 - [TEST_STEP][PASSED] - Statement - return (java.lang.Math.floor((java.lang.Math.random() * ((max - min) + 1))) + min): Text '8.0' is set on object 'Object Repository/MOH AND GRN/Page_KDMC - CMS/input_txtdeal'

2018-06-10 21:55:49 - [MESSAGE][PASSED] - Text '8.0' is set on object 'Object Repository/MOH AND GRN/Page_KDMC - CMS/input_txtdeal'

2018-06-10 21:55:49 - [TEST_STEP][PASSED] - setText: Finding Test Object with id 'Object Repository/MOH AND GRN/Page_KDMC - CMS/input_txtbatchno'

2018-06-10 21:55:49 - [TEST_STEP][PASSED] - Statement - switch (id): Finding Test Object with id 'Object Repository/MOH AND GRN/Page_KDMC - CMS/input_txtmrp'

2018-06-10 21:55:49 - [TEST_STEP][PASSED] - Statement - case 1:: Text 'BA107.0' is set on object 'Object Repository/MOH AND GRN/Page_KDMC - CMS/input_txtbatchno'

2018-06-10 21:55:49 - [TEST_STEP][PASSED] - Statement - return (java.lang.Math.floor((java.lang.Math.random() * ((max - min) + 1))) + min): Text 'BA107.0' is set on object 'Object Repository/MOH AND GRN/Page_KDMC - CMS/input_txtbatchno'

2018-06-10 21:55:49 - [MESSAGE][PASSED] - Text 'BA107.0' is set on object 'Object Repository/MOH AND GRN/Page_KDMC - CMS/input_txtbatchno'

2018-06-10 21:55:49 - [TEST_STEP][PASSED] - rightClick: Object: 'Object Repository/GRN/Page_KDMC - CMS/input_txtexpdate' is right clicked on

2018-06-10 21:55:49 - [MESSAGE][PASSED] - Object: 'Object Repository/GRN/Page_KDMC - CMS/input_txtexpdate' is right clicked on

2018-06-10 21:55:49 - [TEST_STEP][PASSED] - selectOptionByIndex: All options with index in [5] are selected on object 'Object Repository/GRN/Page_KDMC - CMS/select_20182019202020212022202'

2018-06-10 21:55:49 - [MESSAGE][PASSED] - All options with index in [5] are selected on object 'Object Repository/GRN/Page_KDMC - CMS/select_20182019202020212022202'

2018-06-10 21:55:49 - [TEST_STEP][PASSED] - selectOptionByIndex: All options with index in [5] are selected on object 'Object Repository/GRN/Page_KDMC - CMS/select_JanFebMarAprMayJunJulAu'

2018-06-10 21:55:49 - [MESSAGE][PASSED] - All options with index in [5] are selected on object 'Object Repository/GRN/Page_KDMC - CMS/select_JanFebMarAprMayJunJulAu'

2018-06-10 21:55:49 - [TEST_STEP][PASSED] - click: Object: 'Object Repository/MOH AND GRN/Page_KDMC - CMS/a_12' is clicked on

2018-06-10 21:55:49 - [MESSAGE][PASSED] - Object: 'Object Repository/MOH AND GRN/Page_KDMC - CMS/a_12' is clicked on

2018-06-10 21:55:49 - [TEST_STEP][PASSED] - click: Object: 'Object Repository/MOH AND GRN/Page_KDMC - CMS/input_btnadd' is clicked on

2018-06-10 21:55:50 - [MESSAGE][PASSED] - Object: 'Object Repository/MOH AND GRN/Page_KDMC - CMS/input_btnadd' is clicked on

2018-06-10 21:55:50 - [TEST_STEP][PASSED] - Statement - If (s == 10): null

2018-06-10 21:55:50 - [TEST_STEP][PASSED] - Statement - Else: null

2018-06-10 21:55:50 - [TEST_STEP][PASSED] - Statement - (s++): null

2018-06-10 21:55:50 - [TEST_STEP][PASSED] - delay: Delayed 1 second(s)

2018-06-10 21:55:51 - [MESSAGE][PASSED] - Delayed 1 second(s)

2018-06-10 21:55:51 - [TEST_STEP][PASSED] - selectOptionByIndex: All options with index in [6] are selected on object 'Object Repository/MOH AND GRN/Page_KDMC - CMS/select_--Select--Amikacin -500'

2018-06-10 21:55:51 - [MESSAGE][PASSED] - All options with index in [6] are selected on object 'Object Repository/MOH AND GRN/Page_KDMC - CMS/select_--Select--Amikacin -500'

2018-06-10 21:55:51 - [TEST_STEP][PASSED] - setText: Text '5000' is set on object 'Object Repository/MOH AND GRN/Page_KDMC - CMS/input_txtqty'

2018-06-10 21:55:51 - [MESSAGE][PASSED] - Text '5000' is set on object 'Object Repository/MOH AND GRN/Page_KDMC - CMS/input_txtqty'

2018-06-10 21:55:51 - [TEST_STEP][PASSED] - selectOptionByIndex: All options with index in [1] are selected on object 'Object Repository/MOH AND GRN/Page_KDMC - CMS/select_--Select--No Tax0'

2018-06-10 21:55:51 - [MESSAGE][PASSED] - All options with index in [1] are selected on object 'Object Repository/MOH AND GRN/Page_KDMC - CMS/select_--Select--No Tax0'

2018-06-10 21:55:51 - [TEST_STEP][PASSED] - setText: Finding Test Object with id 'Object Repository/MOH AND GRN/Page_KDMC - CMS/input_txtmrp'

2018-06-10 21:55:51 - [TEST_STEP][PASSED] - Statement - switch (id): Finding Test Object with id 'Object Repository/MOH AND GRN/Page_KDMC - CMS/input_txtdeal'

2018-06-10 21:55:51 - [TEST_STEP][PASSED] - Statement - case 4:: Text '29.0' is set on object 'Object Repository/MOH AND GRN/Page_KDMC - CMS/input_txtmrp'

2018-06-10 21:55:51 - [TEST_STEP][PASSED] - Statement - return (java.lang.Math.floor((java.lang.Math.random() * ((max - min) + 1))) + min): Text '29.0' is set on object 'Object Repository/MOH AND GRN/Page_KDMC - CMS/input_txtmrp'

2018-06-10 21:55:51 - [MESSAGE][PASSED] - Text '29.0' is set on object 'Object Repository/MOH AND GRN/Page_KDMC - CMS/input_txtmrp'

2018-06-10 21:55:51 - [TEST_STEP][PASSED] - setText: Finding Test Object with id 'Object Repository/MOH AND GRN/Page_KDMC - CMS/input_txtdeal'

2018-06-10 21:55:51 - [TEST_STEP][PASSED] - Statement - switch (id): Finding Test Object with id 'Object Repository/MOH AND GRN/Page_KDMC - CMS/input_txtbatchno'

2018-06-10 21:55:51 - [TEST_STEP][PASSED] - Statement - case 5:: Text '5.0' is set on object 'Object Repository/MOH AND GRN/Page_KDMC - CMS/input_txtdeal'

2018-06-10 21:55:51 - [TEST_STEP][PASSED] - Statement - return (java.lang.Math.floor((java.lang.Math.random() * ((max - min) + 1))) + min): Text '5.0' is set on object 'Object Repository/MOH AND GRN/Page_KDMC - CMS/input_txtdeal'

2018-06-10 21:55:51 - [MESSAGE][PASSED] - Text '5.0' is set on object 'Object Repository/MOH AND GRN/Page_KDMC - CMS/input_txtdeal'

2018-06-10 21:55:51 - [TEST_STEP][PASSED] - setText: Finding Test Object with id 'Object Repository/MOH AND GRN/Page_KDMC - CMS/input_txtbatchno'

2018-06-10 21:55:51 - [TEST_STEP][PASSED] - Statement - switch (id): Finding Test Object with id 'Object Repository/MOH AND GRN/Page_KDMC - CMS/input_txtmrp'

2018-06-10 21:55:51 - [TEST_STEP][PASSED] - Statement - case 1:: Text 'BA776.0' is set on object 'Object Repository/MOH AND GRN/Page_KDMC - CMS/input_txtbatchno'

2018-06-10 21:55:51 - [TEST_STEP][PASSED] - Statement - return (java.lang.Math.floor((java.lang.Math.random() * ((max - min) + 1))) + min): Text 'BA776.0' is set on object 'Object Repository/MOH AND GRN/Page_KDMC - CMS/input_txtbatchno'

2018-06-10 21:55:51 - [MESSAGE][PASSED] - Text 'BA776.0' is set on object 'Object Repository/MOH AND GRN/Page_KDMC - CMS/input_txtbatchno'

2018-06-10 21:55:51 - [TEST_STEP][PASSED] - rightClick: Object: 'Object Repository/GRN/Page_KDMC - CMS/input_txtexpdate' is right clicked on

2018-06-10 21:55:51 - [MESSAGE][PASSED] - Object: 'Object Repository/GRN/Page_KDMC - CMS/input_txtexpdate' is right clicked on

2018-06-10 21:55:51 - [TEST_STEP][PASSED] - selectOptionByIndex: All options with index in [6] are selected on object 'Object Repository/GRN/Page_KDMC - CMS/select_20182019202020212022202'

2018-06-10 21:55:52 - [MESSAGE][PASSED] - All options with index in [6] are selected on object 'Object Repository/GRN/Page_KDMC - CMS/select_20182019202020212022202'

2018-06-10 21:55:52 - [TEST_STEP][PASSED] - selectOptionByIndex: All options with index in [6] are selected on object 'Object Repository/GRN/Page_KDMC - CMS/select_JanFebMarAprMayJunJulAu'

2018-06-10 21:55:52 - [MESSAGE][PASSED] - All options with index in [6] are selected on object 'Object Repository/GRN/Page_KDMC - CMS/select_JanFebMarAprMayJunJulAu'

2018-06-10 21:55:52 - [TEST_STEP][PASSED] - click: Object: 'Object Repository/MOH AND GRN/Page_KDMC - CMS/a_12' is clicked on

2018-06-10 21:55:52 - [MESSAGE][PASSED] - Object: 'Object Repository/MOH AND GRN/Page_KDMC - CMS/a_12' is clicked on

2018-06-10 21:55:52 - [TEST_STEP][PASSED] - click: Object: 'Object Repository/MOH AND GRN/Page_KDMC - CMS/input_btnadd' is clicked on

2018-06-10 21:55:52 - [MESSAGE][PASSED] - Object: 'Object Repository/MOH AND GRN/Page_KDMC - CMS/input_btnadd' is clicked on

2018-06-10 21:55:52 - [TEST_STEP][PASSED] - Statement - If (s == 10): null

2018-06-10 21:55:52 - [TEST_STEP][PASSED] - Statement - Else: null

2018-06-10 21:55:52 - [TEST_STEP][PASSED] - Statement - (s++): null

2018-06-10 21:55:52 - [TEST_STEP][PASSED] - delay: Delayed 1 second(s)

2018-06-10 21:55:53 - [MESSAGE][PASSED] - Delayed 1 second(s)

2018-06-10 21:55:53 - [TEST_STEP][PASSED] - selectOptionByIndex: All options with index in [7] are selected on object 'Object Repository/MOH AND GRN/Page_KDMC - CMS/select_--Select--Amikacin -500'

2018-06-10 21:55:53 - [MESSAGE][PASSED] - All options with index in [7] are selected on object 'Object Repository/MOH AND GRN/Page_KDMC - CMS/select_--Select--Amikacin -500'

2018-06-10 21:55:53 - [TEST_STEP][PASSED] - setText: Text '5000' is set on object 'Object Repository/MOH AND GRN/Page_KDMC - CMS/input_txtqty'

2018-06-10 21:55:53 - [MESSAGE][PASSED] - Text '5000' is set on object 'Object Repository/MOH AND GRN/Page_KDMC - CMS/input_txtqty'

2018-06-10 21:55:53 - [TEST_STEP][PASSED] - selectOptionByIndex: All options with index in [1] are selected on object 'Object Repository/MOH AND GRN/Page_KDMC - CMS/select_--Select--No Tax0'

2018-06-10 21:55:53 - [MESSAGE][PASSED] - All options with index in [1] are selected on object 'Object Repository/MOH AND GRN/Page_KDMC - CMS/select_--Select--No Tax0'

2018-06-10 21:55:53 - [TEST_STEP][PASSED] - setText: Finding Test Object with id 'Object Repository/MOH AND GRN/Page_KDMC - CMS/input_txtmrp'

2018-06-10 21:55:53 - [TEST_STEP][PASSED] - Statement - switch (id): Finding Test Object with id 'Object Repository/MOH AND GRN/Page_KDMC - CMS/input_txtdeal'

2018-06-10 21:55:53 - [TEST_STEP][PASSED] - Statement - case 4:: Text '31.0' is set on object 'Object Repository/MOH AND GRN/Page_KDMC - CMS/input_txtmrp'

2018-06-10 21:55:53 - [TEST_STEP][PASSED] - Statement - return (java.lang.Math.floor((java.lang.Math.random() * ((max - min) + 1))) + min): Text '31.0' is set on object 'Object Repository/MOH AND GRN/Page_KDMC - CMS/input_txtmrp'

2018-06-10 21:55:53 - [MESSAGE][PASSED] - Text '31.0' is set on object 'Object Repository/MOH AND GRN/Page_KDMC - CMS/input_txtmrp'

2018-06-10 21:55:53 - [TEST_STEP][PASSED] - setText: Finding Test Object with id 'Object Repository/MOH AND GRN/Page_KDMC - CMS/input_txtdeal'

2018-06-10 21:55:53 - [TEST_STEP][PASSED] - Statement - switch (id): Finding Test Object with id 'Object Repository/MOH AND GRN/Page_KDMC - CMS/input_txtbatchno'

2018-06-10 21:55:53 - [TEST_STEP][PASSED] - Statement - case 5:: Text '8.0' is set on object 'Object Repository/MOH AND GRN/Page_KDMC - CMS/input_txtdeal'

2018-06-10 21:55:53 - [TEST_STEP][PASSED] - Statement - return (java.lang.Math.floor((java.lang.Math.random() * ((max - min) + 1))) + min): Text '8.0' is set on object 'Object Repository/MOH AND GRN/Page_KDMC - CMS/input_txtdeal'

2018-06-10 21:55:54 - [MESSAGE][PASSED] - Text '8.0' is set on object 'Object Repository/MOH AND GRN/Page_KDMC - CMS/input_txtdeal'

2018-06-10 21:55:54 - [TEST_STEP][PASSED] - setText: Finding Test Object with id 'Object Repository/MOH AND GRN/Page_KDMC - CMS/input_txtbatchno'

2018-06-10 21:55:54 - [TEST_STEP][PASSED] - Statement - switch (id): Finding Test Object with id 'Object Repository/MOH AND GRN/Page_KDMC - CMS/input_txtmrp'

2018-06-10 21:55:54 - [TEST_STEP][PASSED] - Statement - case 1:: Text 'BA995.0' is set on object 'Object Repository/MOH AND GRN/Page_KDMC - CMS/input_txtbatchno'

2018-06-10 21:55:54 - [TEST_STEP][PASSED] - Statement - return (java.lang.Math.floor((java.lang.Math.random() * ((max - min) + 1))) + min): Text 'BA995.0' is set on object 'Object Repository/MOH AND GRN/Page_KDMC - CMS/input_txtbatchno'

2018-06-10 21:55:54 - [MESSAGE][PASSED] - Text 'BA995.0' is set on object 'Object Repository/MOH AND GRN/Page_KDMC - CMS/input_txtbatchno'

2018-06-10 21:55:54 - [TEST_STEP][PASSED] - rightClick: Object: 'Object Repository/GRN/Page_KDMC - CMS/input_txtexpdate' is right clicked on

2018-06-10 21:55:54 - [MESSAGE][PASSED] - Object: 'Object Repository/GRN/Page_KDMC - CMS/input_txtexpdate' is right clicked on

2018-06-10 21:55:54 - [TEST_STEP][PASSED] - selectOptionByIndex: All options with index in [7] are selected on object 'Object Repository/GRN/Page_KDMC - CMS/select_20182019202020212022202'

2018-06-10 21:55:54 - [MESSAGE][PASSED] - All options with index in [7] are selected on object 'Object Repository/GRN/Page_KDMC - CMS/select_20182019202020212022202'

2018-06-10 21:55:54 - [TEST_STEP][PASSED] - selectOptionByIndex: All options with index in [7] are selected on object 'Object Repository/GRN/Page_KDMC - CMS/select_JanFebMarAprMayJunJulAu'

2018-06-10 21:55:54 - [MESSAGE][PASSED] - All options with index in [7] are selected on object 'Object Repository/GRN/Page_KDMC - CMS/select_JanFebMarAprMayJunJulAu'

2018-06-10 21:55:54 - [TEST_STEP][PASSED] - click: Object: 'Object Repository/MOH AND GRN/Page_KDMC - CMS/a_12' is clicked on

2018-06-10 21:55:54 - [MESSAGE][PASSED] - Object: 'Object Repository/MOH AND GRN/Page_KDMC - CMS/a_12' is clicked on

2018-06-10 21:55:54 - [TEST_STEP][PASSED] - click: Object: 'Object Repository/MOH AND GRN/Page_KDMC - CMS/input_btnadd' is clicked on

2018-06-10 21:55:54 - [MESSAGE][PASSED] - Object: 'Object Repository/MOH AND GRN/Page_KDMC - CMS/input_btnadd' is clicked on

2018-06-10 21:55:54 - [TEST_STEP][PASSED] - Statement - If (s == 10): null

2018-06-10 21:55:54 - [TEST_STEP][PASSED] - Statement - Else: null

2018-06-10 21:55:54 - [TEST_STEP][PASSED] - Statement - (s++): null

2018-06-10 21:55:54 - [TEST_STEP][PASSED] - delay: Delayed 1 second(s)

2018-06-10 21:55:55 - [MESSAGE][PASSED] - Delayed 1 second(s)

2018-06-10 21:55:55 - [TEST_STEP][PASSED] - selectOptionByIndex: All options with index in [8] are selected on object 'Object Repository/MOH AND GRN/Page_KDMC - CMS/select_--Select--Amikacin -500'

2018-06-10 21:55:56 - [MESSAGE][PASSED] - All options with index in [8] are selected on object 'Object Repository/MOH AND GRN/Page_KDMC - CMS/select_--Select--Amikacin -500'

2018-06-10 21:55:56 - [TEST_STEP][PASSED] - setText: Text '5000' is set on object 'Object Repository/MOH AND GRN/Page_KDMC - CMS/input_txtqty'

2018-06-10 21:55:56 - [MESSAGE][PASSED] - Text '5000' is set on object 'Object Repository/MOH AND GRN/Page_KDMC - CMS/input_txtqty'

2018-06-10 21:55:56 - [TEST_STEP][PASSED] - selectOptionByIndex: All options with index in [1] are selected on object 'Object Repository/MOH AND GRN/Page_KDMC - CMS/select_--Select--No Tax0'

2018-06-10 21:55:56 - [MESSAGE][PASSED] - All options with index in [1] are selected on object 'Object Repository/MOH AND GRN/Page_KDMC - CMS/select_--Select--No Tax0'

2018-06-10 21:55:56 - [TEST_STEP][PASSED] - setText: Finding Test Object with id 'Object Repository/MOH AND GRN/Page_KDMC - CMS/input_txtmrp'

2018-06-10 21:55:56 - [TEST_STEP][PASSED] - Statement - switch (id): Finding Test Object with id 'Object Repository/MOH AND GRN/Page_KDMC - CMS/input_txtdeal'

2018-06-10 21:55:56 - [TEST_STEP][PASSED] - Statement - case 4:: Text '36.0' is set on object 'Object Repository/MOH AND GRN/Page_KDMC - CMS/input_txtmrp'

2018-06-10 21:55:56 - [TEST_STEP][PASSED] - Statement - return (java.lang.Math.floor((java.lang.Math.random() * ((max - min) + 1))) + min): Text '36.0' is set on object 'Object Repository/MOH AND GRN/Page_KDMC - CMS/input_txtmrp'

2018-06-10 21:55:56 - [MESSAGE][PASSED] - Text '36.0' is set on object 'Object Repository/MOH AND GRN/Page_KDMC - CMS/input_txtmrp'

2018-06-10 21:55:56 - [TEST_STEP][PASSED] - setText: Finding Test Object with id 'Object Repository/MOH AND GRN/Page_KDMC - CMS/input_txtdeal'

2018-06-10 21:55:56 - [TEST_STEP][PASSED] - Statement - switch (id): Finding Test Object with id 'Object Repository/MOH AND GRN/Page_KDMC - CMS/input_txtbatchno'

2018-06-10 21:55:56 - [TEST_STEP][PASSED] - Statement - case 5:: Text '10.0' is set on object 'Object Repository/MOH AND GRN/Page_KDMC - CMS/input_txtdeal'

2018-06-10 21:55:56 - [TEST_STEP][PASSED] - Statement - return (java.lang.Math.floor((java.lang.Math.random() * ((max - min) + 1))) + min): Text '10.0' is set on object 'Object Repository/MOH AND GRN/Page_KDMC - CMS/input_txtdeal'

2018-06-10 21:55:56 - [MESSAGE][PASSED] - Text '10.0' is set on object 'Object Repository/MOH AND GRN/Page_KDMC - CMS/input_txtdeal'

2018-06-10 21:55:56 - [TEST_STEP][PASSED] - setText: Finding Test Object with id 'Object Repository/MOH AND GRN/Page_KDMC - CMS/input_txtbatchno'

2018-06-10 21:55:56 - [TEST_STEP][PASSED] - Statement - switch (id): Finding Test Object with id 'Object Repository/MOH AND GRN/Page_KDMC - CMS/input_txtmrp'

2018-06-10 21:55:56 - [TEST_STEP][PASSED] - Statement - case 1:: Text 'BA590.0' is set on object 'Object Repository/MOH AND GRN/Page_KDMC - CMS/input_txtbatchno'

2018-06-10 21:55:56 - [TEST_STEP][PASSED] - Statement - return (java.lang.Math.floor((java.lang.Math.random() * ((max - min) + 1))) + min): Text 'BA590.0' is set on object 'Object Repository/MOH AND GRN/Page_KDMC - CMS/input_txtbatchno'

2018-06-10 21:55:56 - [MESSAGE][PASSED] - Text 'BA590.0' is set on object 'Object Repository/MOH AND GRN/Page_KDMC - CMS/input_txtbatchno'

2018-06-10 21:55:56 - [TEST_STEP][PASSED] - rightClick: Object: 'Object Repository/GRN/Page_KDMC - CMS/input_txtexpdate' is right clicked on

2018-06-10 21:55:56 - [MESSAGE][PASSED] - Object: 'Object Repository/GRN/Page_KDMC - CMS/input_txtexpdate' is right clicked on

2018-06-10 21:55:56 - [TEST_STEP][PASSED] - selectOptionByIndex: All options with index in [8] are selected on object 'Object Repository/GRN/Page_KDMC - CMS/select_20182019202020212022202'

2018-06-10 21:55:56 - [MESSAGE][PASSED] - All options with index in [8] are selected on object 'Object Repository/GRN/Page_KDMC - CMS/select_20182019202020212022202'

2018-06-10 21:55:56 - [TEST_STEP][PASSED] - selectOptionByIndex: All options with index in [8] are selected on object 'Object Repository/GRN/Page_KDMC - CMS/select_JanFebMarAprMayJunJulAu'

2018-06-10 21:55:57 - [MESSAGE][PASSED] - All options with index in [8] are selected on object 'Object Repository/GRN/Page_KDMC - CMS/select_JanFebMarAprMayJunJulAu'

2018-06-10 21:55:57 - [TEST_STEP][PASSED] - click: Object: 'Object Repository/MOH AND GRN/Page_KDMC - CMS/a_12' is clicked on

2018-06-10 21:55:57 - [MESSAGE][PASSED] - Object: 'Object Repository/MOH AND GRN/Page_KDMC - CMS/a_12' is clicked on

2018-06-10 21:55:57 - [TEST_STEP][PASSED] - click: Object: 'Object Repository/MOH AND GRN/Page_KDMC - CMS/input_btnadd' is clicked on

2018-06-10 21:55:57 - [MESSAGE][PASSED] - Object: 'Object Repository/MOH AND GRN/Page_KDMC - CMS/input_btnadd' is clicked on

2018-06-10 21:55:57 - [TEST_STEP][PASSED] - Statement - If (s == 10): null

2018-06-10 21:55:57 - [TEST_STEP][PASSED] - Statement - Else: null

2018-06-10 21:55:57 - [TEST_STEP][PASSED] - Statement - (s++): null

2018-06-10 21:55:57 - [TEST_STEP][PASSED] - delay: Delayed 1 second(s)

2018-06-10 21:55:58 - [MESSAGE][PASSED] - Delayed 1 second(s)

2018-06-10 21:55:58 - [TEST_STEP][PASSED] - selectOptionByIndex: All options with index in [9] are selected on object 'Object Repository/MOH AND GRN/Page_KDMC - CMS/select_--Select--Amikacin -500'

2018-06-10 21:55:58 - [MESSAGE][PASSED] - All options with index in [9] are selected on object 'Object Repository/MOH AND GRN/Page_KDMC - CMS/select_--Select--Amikacin -500'

2018-06-10 21:55:58 - [TEST_STEP][PASSED] - setText: Text '5000' is set on object 'Object Repository/MOH AND GRN/Page_KDMC - CMS/input_txtqty'

2018-06-10 21:55:58 - [MESSAGE][PASSED] - Text '5000' is set on object 'Object Repository/MOH AND GRN/Page_KDMC - CMS/input_txtqty'

2018-06-10 21:55:58 - [TEST_STEP][PASSED] - selectOptionByIndex: All options with index in [1] are selected on object 'Object Repository/MOH AND GRN/Page_KDMC - CMS/select_--Select--No Tax0'

2018-06-10 21:55:58 - [MESSAGE][PASSED] - All options with index in [1] are selected on object 'Object Repository/MOH AND GRN/Page_KDMC - CMS/select_--Select--No Tax0'

2018-06-10 21:55:58 - [TEST_STEP][PASSED] - setText: Finding Test Object with id 'Object Repository/MOH AND GRN/Page_KDMC - CMS/input_txtmrp'

2018-06-10 21:55:58 - [TEST_STEP][PASSED] - Statement - switch (id): Finding Test Object with id 'Object Repository/MOH AND GRN/Page_KDMC - CMS/input_txtdeal'

2018-06-10 21:55:58 - [TEST_STEP][PASSED] - Statement - case 4:: Text '44.0' is set on object 'Object Repository/MOH AND GRN/Page_KDMC - CMS/input_txtmrp'

2018-06-10 21:55:58 - [TEST_STEP][PASSED] - Statement - return (java.lang.Math.floor((java.lang.Math.random() * ((max - min) + 1))) + min): Text '44.0' is set on object 'Object Repository/MOH AND GRN/Page_KDMC - CMS/input_txtmrp'

2018-06-10 21:55:58 - [MESSAGE][PASSED] - Text '44.0' is set on object 'Object Repository/MOH AND GRN/Page_KDMC - CMS/input_txtmrp'

2018-06-10 21:55:58 - [TEST_STEP][PASSED] - setText: Finding Test Object with id 'Object Repository/MOH AND GRN/Page_KDMC - CMS/input_txtdeal'

2018-06-10 21:55:58 - [TEST_STEP][PASSED] - Statement - switch (id): Finding Test Object with id 'Object Repository/MOH AND GRN/Page_KDMC - CMS/input_txtbatchno'

2018-06-10 21:55:58 - [TEST_STEP][PASSED] - Statement - case 5:: Text '8.0' is set on object 'Object Repository/MOH AND GRN/Page_KDMC - CMS/input_txtdeal'

2018-06-10 21:55:58 - [TEST_STEP][PASSED] - Statement - return (java.lang.Math.floor((java.lang.Math.random() * ((max - min) + 1))) + min): Text '8.0' is set on object 'Object Repository/MOH AND GRN/Page_KDMC - CMS/input_txtdeal'

2018-06-10 21:55:58 - [MESSAGE][PASSED] - Text '8.0' is set on object 'Object Repository/MOH AND GRN/Page_KDMC - CMS/input_txtdeal'

2018-06-10 21:55:58 - [TEST_STEP][PASSED] - setText: Finding Test Object with id 'Object Repository/MOH AND GRN/Page_KDMC - CMS/input_txtbatchno'

2018-06-10 21:55:58 - [TEST_STEP][PASSED] - Statement - switch (id): Finding Test Object with id 'Object Repository/MOH AND GRN/Page_KDMC - CMS/input_txtmrp'

2018-06-10 21:55:58 - [TEST_STEP][PASSED] - Statement - case 1:: Text 'BA891.0' is set on object 'Object Repository/MOH AND GRN/Page_KDMC - CMS/input_txtbatchno'

2018-06-10 21:55:58 - [TEST_STEP][PASSED] - Statement - return (java.lang.Math.floor((java.lang.Math.random() * ((max - min) + 1))) + min): Text 'BA891.0' is set on object 'Object Repository/MOH AND GRN/Page_KDMC - CMS/input_txtbatchno'

2018-06-10 21:55:59 - [MESSAGE][PASSED] - Text 'BA891.0' is set on object 'Object Repository/MOH AND GRN/Page_KDMC - CMS/input_txtbatchno'

2018-06-10 21:55:59 - [TEST_STEP][PASSED] - rightClick: Object: 'Object Repository/GRN/Page_KDMC - CMS/input_txtexpdate' is right clicked on

2018-06-10 21:55:59 - [MESSAGE][PASSED] - Object: 'Object Repository/GRN/Page_KDMC - CMS/input_txtexpdate' is right clicked on

2018-06-10 21:55:59 - [TEST_STEP][PASSED] - selectOptionByIndex: All options with index in [9] are selected on object 'Object Repository/GRN/Page_KDMC - CMS/select_20182019202020212022202'

2018-06-10 21:55:59 - [MESSAGE][PASSED] - All options with index in [9] are selected on object 'Object Repository/GRN/Page_KDMC - CMS/select_20182019202020212022202'

2018-06-10 21:55:59 - [TEST_STEP][PASSED] - selectOptionByIndex: All options with index in [9] are selected on object 'Object Repository/GRN/Page_KDMC - CMS/select_JanFebMarAprMayJunJulAu'

2018-06-10 21:55:59 - [MESSAGE][PASSED] - All options with index in [9] are selected on object 'Object Repository/GRN/Page_KDMC - CMS/select_JanFebMarAprMayJunJulAu'

2018-06-10 21:55:59 - [TEST_STEP][PASSED] - click: Object: 'Object Repository/MOH AND GRN/Page_KDMC - CMS/a_12' is clicked on

2018-06-10 21:55:59 - [MESSAGE][PASSED] - Object: 'Object Repository/MOH AND GRN/Page_KDMC - CMS/a_12' is clicked on

2018-06-10 21:55:59 - [TEST_STEP][PASSED] - click: Object: 'Object Repository/MOH AND GRN/Page_KDMC - CMS/input_btnadd' is clicked on

2018-06-10 21:55:59 - [MESSAGE][PASSED] - Object: 'Object Repository/MOH AND GRN/Page_KDMC - CMS/input_btnadd' is clicked on

2018-06-10 21:55:59 - [TEST_STEP][PASSED] - Statement - If (s == 10): null

2018-06-10 21:55:59 - [TEST_STEP][PASSED] - Statement - Else: null

2018-06-10 21:55:59 - [TEST_STEP][PASSED] - Statement - (s++): null

2018-06-10 21:55:59 - [TEST_STEP][PASSED] - delay: Delayed 1 second(s)

2018-06-10 21:56:00 - [MESSAGE][PASSED] - Delayed 1 second(s)

2018-06-10 21:56:00 - [TEST_STEP][PASSED] - selectOptionByIndex: All options with index in [10] are selected on object 'Object Repository/MOH AND GRN/Page_KDMC - CMS/select_--Select--Amikacin -500'

2018-06-10 21:56:00 - [MESSAGE][PASSED] - All options with index in [10] are selected on object 'Object Repository/MOH AND GRN/Page_KDMC - CMS/select_--Select--Amikacin -500'

2018-06-10 21:56:00 - [TEST_STEP][PASSED] - setText: Text '5000' is set on object 'Object Repository/MOH AND GRN/Page_KDMC - CMS/input_txtqty'

2018-06-10 21:56:01 - [MESSAGE][PASSED] - Text '5000' is set on object 'Object Repository/MOH AND GRN/Page_KDMC - CMS/input_txtqty'

2018-06-10 21:56:01 - [TEST_STEP][PASSED] - selectOptionByIndex: All options with index in [1] are selected on object 'Object Repository/MOH AND GRN/Page_KDMC - CMS/select_--Select--No Tax0'

2018-06-10 21:56:01 - [MESSAGE][PASSED] - All options with index in [1] are selected on object 'Object Repository/MOH AND GRN/Page_KDMC - CMS/select_--Select--No Tax0'

2018-06-10 21:56:01 - [TEST_STEP][PASSED] - setText: Finding Test Object with id 'Object Repository/MOH AND GRN/Page_KDMC - CMS/input_txtmrp'

2018-06-10 21:56:01 - [TEST_STEP][PASSED] - Statement - switch (id): Finding Test Object with id 'Object Repository/MOH AND GRN/Page_KDMC - CMS/input_txtdeal'

2018-06-10 21:56:01 - [TEST_STEP][PASSED] - Statement - case 4:: Text '39.0' is set on object 'Object Repository/MOH AND GRN/Page_KDMC - CMS/input_txtmrp'

2018-06-10 21:56:01 - [TEST_STEP][PASSED] - Statement - return (java.lang.Math.floor((java.lang.Math.random() * ((max - min) + 1))) + min): Text '39.0' is set on object 'Object Repository/MOH AND GRN/Page_KDMC - CMS/input_txtmrp'

2018-06-10 21:56:01 - [MESSAGE][PASSED] - Text '39.0' is set on object 'Object Repository/MOH AND GRN/Page_KDMC - CMS/input_txtmrp'

2018-06-10 21:56:01 - [TEST_STEP][PASSED] - setText: Finding Test Object with id 'Object Repository/MOH AND GRN/Page_KDMC - CMS/input_txtdeal'

2018-06-10 21:56:01 - [TEST_STEP][PASSED] - Statement - switch (id): Finding Test Object with id 'Object Repository/MOH AND GRN/Page_KDMC - CMS/input_txtbatchno'

2018-06-10 21:56:01 - [TEST_STEP][PASSED] - Statement - case 5:: Text '3.0' is set on object 'Object Repository/MOH AND GRN/Page_KDMC - CMS/input_txtdeal'

2018-06-10 21:56:01 - [TEST_STEP][PASSED] - Statement - return (java.lang.Math.floor((java.lang.Math.random() * ((max - min) + 1))) + min): Text '3.0' is set on object 'Object Repository/MOH AND GRN/Page_KDMC - CMS/input_txtdeal'

2018-06-10 21:56:01 - [MESSAGE][PASSED] - Text '3.0' is set on object 'Object Repository/MOH AND GRN/Page_KDMC - CMS/input_txtdeal'

2018-06-10 21:56:01 - [TEST_STEP][PASSED] - setText: Finding Test Object with id 'Object Repository/MOH AND GRN/Page_KDMC - CMS/input_txtbatchno'

2018-06-10 21:56:01 - [TEST_STEP][PASSED] - Statement - switch (id): Finding Test Object with id 'Object Repository/MOH AND GRN/Page_KDMC - CMS/input_txtmrp'

2018-06-10 21:56:01 - [TEST_STEP][PASSED] - Statement - case 1:: Text 'BA107.0' is set on object 'Object Repository/MOH AND GRN/Page_KDMC - CMS/input_txtbatchno'

2018-06-10 21:56:01 - [TEST_STEP][PASSED] - Statement - return (java.lang.Math.floor((java.lang.Math.random() * ((max - min) + 1))) + min): Text 'BA107.0' is set on object 'Object Repository/MOH AND GRN/Page_KDMC - CMS/input_txtbatchno'

2018-06-10 21:56:01 - [MESSAGE][PASSED] - Text 'BA107.0' is set on object 'Object Repository/MOH AND GRN/Page_KDMC - CMS/input_txtbatchno'

2018-06-10 21:56:01 - [TEST_STEP][PASSED] - rightClick: Object: 'Object Repository/GRN/Page_KDMC - CMS/input_txtexpdate' is right clicked on

2018-06-10 21:56:01 - [MESSAGE][PASSED] - Object: 'Object Repository/GRN/Page_KDMC - CMS/input_txtexpdate' is right clicked on

2018-06-10 21:56:01 - [TEST_STEP][PASSED] - selectOptionByIndex: All options with index in [10] are selected on object 'Object Repository/GRN/Page_KDMC - CMS/select_20182019202020212022202'

2018-06-10 21:56:01 - [MESSAGE][PASSED] - All options with index in [10] are selected on object 'Object Repository/GRN/Page_KDMC - CMS/select_20182019202020212022202'

2018-06-10 21:56:01 - [TEST_STEP][PASSED] - selectOptionByIndex: All options with index in [10] are selected on object 'Object Repository/GRN/Page_KDMC - CMS/select_JanFebMarAprMayJunJulAu'

2018-06-10 21:56:02 - [MESSAGE][PASSED] - All options with index in [10] are selected on object 'Object Repository/GRN/Page_KDMC - CMS/select_JanFebMarAprMayJunJulAu'

2018-06-10 21:56:02 - [TEST_STEP][PASSED] - click: Object: 'Object Repository/MOH AND GRN/Page_KDMC - CMS/a_12' is clicked on

2018-06-10 21:56:02 - [MESSAGE][PASSED] - Object: 'Object Repository/MOH AND GRN/Page_KDMC - CMS/a_12' is clicked on

2018-06-10 21:56:02 - [TEST_STEP][PASSED] - click: Object: 'Object Repository/MOH AND GRN/Page_KDMC - CMS/input_btnadd' is clicked on

2018-06-10 21:56:02 - [MESSAGE][PASSED] - Object: 'Object Repository/MOH AND GRN/Page_KDMC - CMS/input_btnadd' is clicked on

2018-06-10 21:56:02 - [TEST_STEP][PASSED] - Statement - If (s == 10): null

2018-06-10 21:56:02 - [TEST_STEP][PASSED] - Statement - s = 1: null

2018-06-10 21:56:02 - [TEST_STEP][PASSED] - delay: Delayed 1 second(s)

2018-06-10 21:56:03 - [MESSAGE][PASSED] - Delayed 1 second(s)

2018-06-10 21:56:03 - [TEST_STEP][PASSED] - selectOptionByIndex: All options with index in [11] are selected on object 'Object Repository/MOH AND GRN/Page_KDMC - CMS/select_--Select--Amikacin -500'

2018-06-10 21:56:03 - [MESSAGE][PASSED] - All options with index in [11] are selected on object 'Object Repository/MOH AND GRN/Page_KDMC - CMS/select_--Select--Amikacin -500'

2018-06-10 21:56:03 - [TEST_STEP][PASSED] - setText: Text '5000' is set on object 'Object Repository/MOH AND GRN/Page_KDMC - CMS/input_txtqty'

2018-06-10 21:56:03 - [MESSAGE][PASSED] - Text '5000' is set on object 'Object Repository/MOH AND GRN/Page_KDMC - CMS/input_txtqty'

2018-06-10 21:56:03 - [TEST_STEP][PASSED] - selectOptionByIndex: All options with index in [1] are selected on object 'Object Repository/MOH AND GRN/Page_KDMC - CMS/select_--Select--No Tax0'

2018-06-10 21:56:03 - [MESSAGE][PASSED] - All options with index in [1] are selected on object 'Object Repository/MOH AND GRN/Page_KDMC - CMS/select_--Select--No Tax0'

2018-06-10 21:56:03 - [TEST_STEP][PASSED] - setText: Finding Test Object with id 'Object Repository/MOH AND GRN/Page_KDMC - CMS/input_txtmrp'

2018-06-10 21:56:03 - [TEST_STEP][PASSED] - Statement - switch (id): Finding Test Object with id 'Object Repository/MOH AND GRN/Page_KDMC - CMS/input_txtdeal'

2018-06-10 21:56:03 - [TEST_STEP][PASSED] - Statement - case 4:: Text '43.0' is set on object 'Object Repository/MOH AND GRN/Page_KDMC - CMS/input_txtmrp'

2018-06-10 21:56:03 - [TEST_STEP][PASSED] - Statement - return (java.lang.Math.floor((java.lang.Math.random() * ((max - min) + 1))) + min): Text '43.0' is set on object 'Object Repository/MOH AND GRN/Page_KDMC - CMS/input_txtmrp'

2018-06-10 21:56:03 - [MESSAGE][PASSED] - Text '43.0' is set on object 'Object Repository/MOH AND GRN/Page_KDMC - CMS/input_txtmrp'

2018-06-10 21:56:03 - [TEST_STEP][PASSED] - setText: Finding Test Object with id 'Object Repository/MOH AND GRN/Page_KDMC - CMS/input_txtdeal'

2018-06-10 21:56:03 - [TEST_STEP][PASSED] - Statement - switch (id): Finding Test Object with id 'Object Repository/MOH AND GRN/Page_KDMC - CMS/input_txtbatchno'

2018-06-10 21:56:03 - [TEST_STEP][PASSED] - Statement - case 5:: Text '10.0' is set on object 'Object Repository/MOH AND GRN/Page_KDMC - CMS/input_txtdeal'

2018-06-10 21:56:03 - [TEST_STEP][PASSED] - Statement - return (java.lang.Math.floor((java.lang.Math.random() * ((max - min) + 1))) + min): Text '10.0' is set on object 'Object Repository/MOH AND GRN/Page_KDMC - CMS/input_txtdeal'

2018-06-10 21:56:03 - [MESSAGE][PASSED] - Text '10.0' is set on object 'Object Repository/MOH AND GRN/Page_KDMC - CMS/input_txtdeal'

2018-06-10 21:56:03 - [TEST_STEP][PASSED] - setText: Finding Test Object with id 'Object Repository/MOH AND GRN/Page_KDMC - CMS/input_txtbatchno'

2018-06-10 21:56:03 - [TEST_STEP][PASSED] - Statement - switch (id): Finding Test Object with id 'Object Repository/MOH AND GRN/Page_KDMC - CMS/input_txtmrp'

2018-06-10 21:56:03 - [TEST_STEP][PASSED] - Statement - case 1:: Text 'BA420.0' is set on object 'Object Repository/MOH AND GRN/Page_KDMC - CMS/input_txtbatchno'

2018-06-10 21:56:03 - [TEST_STEP][PASSED] - Statement - return (java.lang.Math.floor((java.lang.Math.random() * ((max - min) + 1))) + min): Text 'BA420.0' is set on object 'Object Repository/MOH AND GRN/Page_KDMC - CMS/input_txtbatchno'

2018-06-10 21:56:03 - [MESSAGE][PASSED] - Text 'BA420.0' is set on object 'Object Repository/MOH AND GRN/Page_KDMC - CMS/input_txtbatchno'

2018-06-10 21:56:03 - [TEST_STEP][PASSED] - rightClick: Object: 'Object Repository/GRN/Page_KDMC - CMS/input_txtexpdate' is right clicked on

2018-06-10 21:56:04 - [MESSAGE][PASSED] - Object: 'Object Repository/GRN/Page_KDMC - CMS/input_txtexpdate' is right clicked on

2018-06-10 21:56:04 - [TEST_STEP][PASSED] - selectOptionByIndex: All options with index in [1] are selected on object 'Object Repository/GRN/Page_KDMC - CMS/select_20182019202020212022202'

2018-06-10 21:56:04 - [MESSAGE][PASSED] - All options with index in [1] are selected on object 'Object Repository/GRN/Page_KDMC - CMS/select_20182019202020212022202'

2018-06-10 21:56:04 - [TEST_STEP][PASSED] - selectOptionByIndex: All options with index in [1] are selected on object 'Object Repository/GRN/Page_KDMC - CMS/select_JanFebMarAprMayJunJulAu'

2018-06-10 21:56:04 - [MESSAGE][PASSED] - All options with index in [1] are selected on object 'Object Repository/GRN/Page_KDMC - CMS/select_JanFebMarAprMayJunJulAu'

2018-06-10 21:56:04 - [TEST_STEP][PASSED] - click: Object: 'Object Repository/MOH AND GRN/Page_KDMC - CMS/a_12' is clicked on

2018-06-10 21:56:04 - [MESSAGE][PASSED] - Object: 'Object Repository/MOH AND GRN/Page_KDMC - CMS/a_12' is clicked on

2018-06-10 21:56:04 - [TEST_STEP][PASSED] - click: Object: 'Object Repository/MOH AND GRN/Page_KDMC - CMS/input_btnadd' is clicked on

2018-06-10 21:56:04 - [MESSAGE][PASSED] - Object: 'Object Repository/MOH AND GRN/Page_KDMC - CMS/input_btnadd' is clicked on

2018-06-10 21:56:04 - [TEST_STEP][PASSED] - Statement - If (s == 10): null

2018-06-10 21:56:04 - [TEST_STEP][PASSED] - Statement - Else: null

2018-06-10 21:56:04 - [TEST_STEP][PASSED] - Statement - (s++): null

2018-06-10 21:56:04 - [TEST_STEP][PASSED] - delay: Delayed 1 second(s)

2018-06-10 21:56:05 - [MESSAGE][PASSED] - Delayed 1 second(s)

2018-06-10 21:56:05 - [TEST_STEP][PASSED] - selectOptionByIndex: All options with index in [12] are selected on object 'Object Repository/MOH AND GRN/Page_KDMC - CMS/select_--Select--Amikacin -500'

2018-06-10 21:56:05 - [MESSAGE][PASSED] - All options with index in [12] are selected on object 'Object Repository/MOH AND GRN/Page_KDMC - CMS/select_--Select--Amikacin -500'

2018-06-10 21:56:05 - [TEST_STEP][PASSED] - setText: Text '5000' is set on object 'Object Repository/MOH AND GRN/Page_KDMC - CMS/input_txtqty'

2018-06-10 21:56:05 - [MESSAGE][PASSED] - Text '5000' is set on object 'Object Repository/MOH AND GRN/Page_KDMC - CMS/input_txtqty'

2018-06-10 21:56:05 - [TEST_STEP][PASSED] - selectOptionByIndex: All options with index in [1] are selected on object 'Object Repository/MOH AND GRN/Page_KDMC - CMS/select_--Select--No Tax0'

2018-06-10 21:56:06 - [MESSAGE][PASSED] - All options with index in [1] are selected on object 'Object Repository/MOH AND GRN/Page_KDMC - CMS/select_--Select--No Tax0'

2018-06-10 21:56:06 - [TEST_STEP][PASSED] - setText: Finding Test Object with id 'Object Repository/MOH AND GRN/Page_KDMC - CMS/input_txtmrp'

2018-06-10 21:56:06 - [TEST_STEP][PASSED] - Statement - switch (id): Finding Test Object with id 'Object Repository/MOH AND GRN/Page_KDMC - CMS/input_txtdeal'

2018-06-10 21:56:06 - [TEST_STEP][PASSED] - Statement - case 4:: Text '33.0' is set on object 'Object Repository/MOH AND GRN/Page_KDMC - CMS/input_txtmrp'

2018-06-10 21:56:06 - [TEST_STEP][PASSED] - Statement - return (java.lang.Math.floor((java.lang.Math.random() * ((max - min) + 1))) + min): Text '33.0' is set on object 'Object Repository/MOH AND GRN/Page_KDMC - CMS/input_txtmrp'

2018-06-10 21:56:06 - [MESSAGE][PASSED] - Text '33.0' is set on object 'Object Repository/MOH AND GRN/Page_KDMC - CMS/input_txtmrp'

2018-06-10 21:56:06 - [TEST_STEP][PASSED] - setText: Finding Test Object with id 'Object Repository/MOH AND GRN/Page_KDMC - CMS/input_txtdeal'

2018-06-10 21:56:06 - [TEST_STEP][PASSED] - Statement - switch (id): Finding Test Object with id 'Object Repository/MOH AND GRN/Page_KDMC - CMS/input_txtbatchno'

2018-06-10 21:56:06 - [TEST_STEP][PASSED] - Statement - case 5:: Text '7.0' is set on object 'Object Repository/MOH AND GRN/Page_KDMC - CMS/input_txtdeal'

2018-06-10 21:56:06 - [TEST_STEP][PASSED] - Statement - return (java.lang.Math.floor((java.lang.Math.random() * ((max - min) + 1))) + min): Text '7.0' is set on object 'Object Repository/MOH AND GRN/Page_KDMC - CMS/input_txtdeal'

2018-06-10 21:56:06 - [MESSAGE][PASSED] - Text '7.0' is set on object 'Object Repository/MOH AND GRN/Page_KDMC - CMS/input_txtdeal'

2018-06-10 21:56:06 - [TEST_STEP][PASSED] - setText: Finding Test Object with id 'Object Repository/MOH AND GRN/Page_KDMC - CMS/input_txtbatchno'

2018-06-10 21:56:06 - [TEST_STEP][PASSED] - Statement - switch (id): Finding Test Object with id 'Object Repository/MOH AND GRN/Page_KDMC - CMS/input_txtmrp'

2018-06-10 21:56:06 - [TEST_STEP][PASSED] - Statement - case 1:: Text 'BA390.0' is set on object 'Object Repository/MOH AND GRN/Page_KDMC - CMS/input_txtbatchno'

2018-06-10 21:56:06 - [TEST_STEP][PASSED] - Statement - return (java.lang.Math.floor((java.lang.Math.random() * ((max - min) + 1))) + min): Text 'BA390.0' is set on object 'Object Repository/MOH AND GRN/Page_KDMC - CMS/input_txtbatchno'

2018-06-10 21:56:06 - [MESSAGE][PASSED] - Text 'BA390.0' is set on object 'Object Repository/MOH AND GRN/Page_KDMC - CMS/input_txtbatchno'

2018-06-10 21:56:06 - [TEST_STEP][PASSED] - rightClick: Object: 'Object Repository/GRN/Page_KDMC - CMS/input_txtexpdate' is right clicked on

2018-06-10 21:56:06 - [MESSAGE][PASSED] - Object: 'Object Repository/GRN/Page_KDMC - CMS/input_txtexpdate' is right clicked on

2018-06-10 21:56:06 - [TEST_STEP][PASSED] - selectOptionByIndex: All options with index in [2] are selected on object 'Object Repository/GRN/Page_KDMC - CMS/select_20182019202020212022202'

2018-06-10 21:56:06 - [MESSAGE][PASSED] - All options with index in [2] are selected on object 'Object Repository/GRN/Page_KDMC - CMS/select_20182019202020212022202'

2018-06-10 21:56:06 - [TEST_STEP][PASSED] - selectOptionByIndex: All options with index in [2] are selected on object 'Object Repository/GRN/Page_KDMC - CMS/select_JanFebMarAprMayJunJulAu'

2018-06-10 21:56:06 - [MESSAGE][PASSED] - All options with index in [2] are selected on object 'Object Repository/GRN/Page_KDMC - CMS/select_JanFebMarAprMayJunJulAu'

2018-06-10 21:56:06 - [TEST_STEP][PASSED] - click: Object: 'Object Repository/MOH AND GRN/Page_KDMC - CMS/a_12' is clicked on

2018-06-10 21:56:06 - [MESSAGE][PASSED] - Object: 'Object Repository/MOH AND GRN/Page_KDMC - CMS/a_12' is clicked on

2018-06-10 21:56:06 - [TEST_STEP][PASSED] - click: Object: 'Object Repository/MOH AND GRN/Page_KDMC - CMS/input_btnadd' is clicked on

2018-06-10 21:56:06 - [MESSAGE][PASSED] - Object: 'Object Repository/MOH AND GRN/Page_KDMC - CMS/input_btnadd' is clicked on

2018-06-10 21:56:06 - [TEST_STEP][PASSED] - Statement - If (s == 10): null

2018-06-10 21:56:06 - [TEST_STEP][PASSED] - Statement - Else: null

2018-06-10 21:56:06 - [TEST_STEP][PASSED] - Statement - (s++): null

2018-06-10 21:56:06 - [TEST_STEP][PASSED] - delay: Delayed 1 second(s)

2018-06-10 21:56:07 - [MESSAGE][PASSED] - Delayed 1 second(s)

2018-06-10 21:56:07 - [TEST_STEP][PASSED] - selectOptionByIndex: All options with index in [13] are selected on object 'Object Repository/MOH AND GRN/Page_KDMC - CMS/select_--Select--Amikacin -500'

2018-06-10 21:56:08 - [MESSAGE][PASSED] - All options with index in [13] are selected on object 'Object Repository/MOH AND GRN/Page_KDMC - CMS/select_--Select--Amikacin -500'

2018-06-10 21:56:08 - [TEST_STEP][PASSED] - setText: Text '5000' is set on object 'Object Repository/MOH AND GRN/Page_KDMC - CMS/input_txtqty'

2018-06-10 21:56:08 - [MESSAGE][PASSED] - Text '5000' is set on object 'Object Repository/MOH AND GRN/Page_KDMC - CMS/input_txtqty'

2018-06-10 21:56:08 - [TEST_STEP][PASSED] - selectOptionByIndex: All options with index in [1] are selected on object 'Object Repository/MOH AND GRN/Page_KDMC - CMS/select_--Select--No Tax0'

2018-06-10 21:56:08 - [MESSAGE][PASSED] - All options with index in [1] are selected on object 'Object Repository/MOH AND GRN/Page_KDMC - CMS/select_--Select--No Tax0'

2018-06-10 21:56:08 - [TEST_STEP][PASSED] - setText: Finding Test Object with id 'Object Repository/MOH AND GRN/Page_KDMC - CMS/input_txtmrp'

2018-06-10 21:56:08 - [TEST_STEP][PASSED] - Statement - switch (id): Finding Test Object with id 'Object Repository/MOH AND GRN/Page_KDMC - CMS/input_txtdeal'

2018-06-10 21:56:08 - [TEST_STEP][PASSED] - Statement - case 4:: Text '25.0' is set on object 'Object Repository/MOH AND GRN/Page_KDMC - CMS/input_txtmrp'

2018-06-10 21:56:08 - [TEST_STEP][PASSED] - Statement - return (java.lang.Math.floor((java.lang.Math.random() * ((max - min) + 1))) + min): Text '25.0' is set on object 'Object Repository/MOH AND GRN/Page_KDMC - CMS/input_txtmrp'

2018-06-10 21:56:08 - [MESSAGE][PASSED] - Text '25.0' is set on object 'Object Repository/MOH AND GRN/Page_KDMC - CMS/input_txtmrp'

2018-06-10 21:56:08 - [TEST_STEP][PASSED] - setText: Finding Test Object with id 'Object Repository/MOH AND GRN/Page_KDMC - CMS/input_txtdeal'

2018-06-10 21:56:08 - [TEST_STEP][PASSED] - Statement - switch (id): Finding Test Object with id 'Object Repository/MOH AND GRN/Page_KDMC - CMS/input_txtbatchno'

2018-06-10 21:56:08 - [TEST_STEP][PASSED] - Statement - case 5:: Text '6.0' is set on object 'Object Repository/MOH AND GRN/Page_KDMC - CMS/input_txtdeal'

2018-06-10 21:56:08 - [TEST_STEP][PASSED] - Statement - return (java.lang.Math.floor((java.lang.Math.random() * ((max - min) + 1))) + min): Text '6.0' is set on object 'Object Repository/MOH AND GRN/Page_KDMC - CMS/input_txtdeal'

2018-06-10 21:56:08 - [MESSAGE][PASSED] - Text '6.0' is set on object 'Object Repository/MOH AND GRN/Page_KDMC - CMS/input_txtdeal'

2018-06-10 21:56:08 - [TEST_STEP][PASSED] - setText: Finding Test Object with id 'Object Repository/MOH AND GRN/Page_KDMC - CMS/input_txtbatchno'

2018-06-10 21:56:08 - [TEST_STEP][PASSED] - Statement - switch (id): Finding Test Object with id 'Object Repository/MOH AND GRN/Page_KDMC - CMS/input_txtmrp'

2018-06-10 21:56:08 - [TEST_STEP][PASSED] - Statement - case 1:: Text 'BA461.0' is set on object 'Object Repository/MOH AND GRN/Page_KDMC - CMS/input_txtbatchno'

2018-06-10 21:56:08 - [TEST_STEP][PASSED] - Statement - return (java.lang.Math.floor((java.lang.Math.random() * ((max - min) + 1))) + min): Text 'BA461.0' is set on object 'Object Repository/MOH AND GRN/Page_KDMC - CMS/input_txtbatchno'

2018-06-10 21:56:08 - [MESSAGE][PASSED] - Text 'BA461.0' is set on object 'Object Repository/MOH AND GRN/Page_KDMC - CMS/input_txtbatchno'

2018-06-10 21:56:08 - [TEST_STEP][PASSED] - rightClick: Object: 'Object Repository/GRN/Page_KDMC - CMS/input_txtexpdate' is right clicked on

2018-06-10 21:56:08 - [MESSAGE][PASSED] - Object: 'Object Repository/GRN/Page_KDMC - CMS/input_txtexpdate' is right clicked on

2018-06-10 21:56:08 - [TEST_STEP][PASSED] - selectOptionByIndex: All options with index in [3] are selected on object 'Object Repository/GRN/Page_KDMC - CMS/select_20182019202020212022202'

2018-06-10 21:56:09 - [MESSAGE][PASSED] - All options with index in [3] are selected on object 'Object Repository/GRN/Page_KDMC - CMS/select_20182019202020212022202'

2018-06-10 21:56:09 - [TEST_STEP][PASSED] - selectOptionByIndex: All options with index in [3] are selected on object 'Object Repository/GRN/Page_KDMC - CMS/select_JanFebMarAprMayJunJulAu'

2018-06-10 21:56:09 - [MESSAGE][PASSED] - All options with index in [3] are selected on object 'Object Repository/GRN/Page_KDMC - CMS/select_JanFebMarAprMayJunJulAu'

2018-06-10 21:56:09 - [TEST_STEP][PASSED] - click: Object: 'Object Repository/MOH AND GRN/Page_KDMC - CMS/a_12' is clicked on

2018-06-10 21:56:09 - [MESSAGE][PASSED] - Object: 'Object Repository/MOH AND GRN/Page_KDMC - CMS/a_12' is clicked on

2018-06-10 21:56:09 - [TEST_STEP][PASSED] - click: Object: 'Object Repository/MOH AND GRN/Page_KDMC - CMS/input_btnadd' is clicked on

2018-06-10 21:56:09 - [MESSAGE][PASSED] - Object: 'Object Repository/MOH AND GRN/Page_KDMC - CMS/input_btnadd' is clicked on

2018-06-10 21:56:09 - [TEST_STEP][PASSED] - Statement - If (s == 10): null

2018-06-10 21:56:09 - [TEST_STEP][PASSED] - Statement - Else: null

2018-06-10 21:56:09 - [TEST_STEP][PASSED] - Statement - (s++): null

2018-06-10 21:56:09 - [TEST_STEP][PASSED] - delay: Delayed 1 second(s)

2018-06-10 21:56:10 - [MESSAGE][PASSED] - Delayed 1 second(s)

2018-06-10 21:56:10 - [TEST_STEP][PASSED] - selectOptionByIndex: All options with index in [14] are selected on object 'Object Repository/MOH AND GRN/Page_KDMC - CMS/select_--Select--Amikacin -500'

2018-06-10 21:56:10 - [MESSAGE][PASSED] - All options with index in [14] are selected on object 'Object Repository/MOH AND GRN/Page_KDMC - CMS/select_--Select--Amikacin -500'

2018-06-10 21:56:10 - [TEST_STEP][PASSED] - setText: Text '5000' is set on object 'Object Repository/MOH AND GRN/Page_KDMC - CMS/input_txtqty'

2018-06-10 21:56:10 - [MESSAGE][PASSED] - Text '5000' is set on object 'Object Repository/MOH AND GRN/Page_KDMC - CMS/input_txtqty'

2018-06-10 21:56:10 - [TEST_STEP][PASSED] - selectOptionByIndex: All options with index in [1] are selected on object 'Object Repository/MOH AND GRN/Page_KDMC - CMS/select_--Select--No Tax0'

2018-06-10 21:56:10 - [MESSAGE][PASSED] - All options with index in [1] are selected on object 'Object Repository/MOH AND GRN/Page_KDMC - CMS/select_--Select--No Tax0'

2018-06-10 21:56:10 - [TEST_STEP][PASSED] - setText: Finding Test Object with id 'Object Repository/MOH AND GRN/Page_KDMC - CMS/input_txtmrp'

2018-06-10 21:56:10 - [TEST_STEP][PASSED] - Statement - switch (id): Finding Test Object with id 'Object Repository/MOH AND GRN/Page_KDMC - CMS/input_txtdeal'

2018-06-10 21:56:10 - [TEST_STEP][PASSED] - Statement - case 4:: Text '25.0' is set on object 'Object Repository/MOH AND GRN/Page_KDMC - CMS/input_txtmrp'

2018-06-10 21:56:10 - [TEST_STEP][PASSED] - Statement - return (java.lang.Math.floor((java.lang.Math.random() * ((max - min) + 1))) + min): Text '25.0' is set on object 'Object Repository/MOH AND GRN/Page_KDMC - CMS/input_txtmrp'

2018-06-10 21:56:10 - [MESSAGE][PASSED] - Text '25.0' is set on object 'Object Repository/MOH AND GRN/Page_KDMC - CMS/input_txtmrp'

2018-06-10 21:56:10 - [TEST_STEP][PASSED] - setText: Finding Test Object with id 'Object Repository/MOH AND GRN/Page_KDMC - CMS/input_txtdeal'

2018-06-10 21:56:10 - [TEST_STEP][PASSED] - Statement - switch (id): Finding Test Object with id 'Object Repository/MOH AND GRN/Page_KDMC - CMS/input_txtbatchno'

2018-06-10 21:56:10 - [TEST_STEP][PASSED] - Statement - case 5:: Text '2.0' is set on object 'Object Repository/MOH AND GRN/Page_KDMC - CMS/input_txtdeal'

2018-06-10 21:56:10 - [TEST_STEP][PASSED] - Statement - return (java.lang.Math.floor((java.lang.Math.random() * ((max - min) + 1))) + min): Text '2.0' is set on object 'Object Repository/MOH AND GRN/Page_KDMC - CMS/input_txtdeal'

2018-06-10 21:56:11 - [MESSAGE][PASSED] - Text '2.0' is set on object 'Object Repository/MOH AND GRN/Page_KDMC - CMS/input_txtdeal'

2018-06-10 21:56:11 - [TEST_STEP][PASSED] - setText: Finding Test Object with id 'Object Repository/MOH AND GRN/Page_KDMC - CMS/input_txtbatchno'

2018-06-10 21:56:11 - [TEST_STEP][PASSED] - Statement - switch (id): Finding Test Object with id 'Object Repository/MOH AND GRN/Page_KDMC - CMS/input_txtmrp'

2018-06-10 21:56:11 - [TEST_STEP][PASSED] - Statement - case 1:: Text 'BA42.0' is set on object 'Object Repository/MOH AND GRN/Page_KDMC - CMS/input_txtbatchno'

2018-06-10 21:56:11 - [TEST_STEP][PASSED] - Statement - return (java.lang.Math.floor((java.lang.Math.random() * ((max - min) + 1))) + min): Text 'BA42.0' is set on object 'Object Repository/MOH AND GRN/Page_KDMC - CMS/input_txtbatchno'

2018-06-10 21:56:11 - [MESSAGE][PASSED] - Text 'BA42.0' is set on object 'Object Repository/MOH AND GRN/Page_KDMC - CMS/input_txtbatchno'

2018-06-10 21:56:11 - [TEST_STEP][PASSED] - rightClick: Object: 'Object Repository/GRN/Page_KDMC - CMS/input_txtexpdate' is right clicked on

2018-06-10 21:56:11 - [MESSAGE][PASSED] - Object: 'Object Repository/GRN/Page_KDMC - CMS/input_txtexpdate' is right clicked on

2018-06-10 21:56:11 - [TEST_STEP][PASSED] - selectOptionByIndex: All options with index in [4] are selected on object 'Object Repository/GRN/Page_KDMC - CMS/select_20182019202020212022202'

2018-06-10 21:56:11 - [MESSAGE][PASSED] - All options with index in [4] are selected on object 'Object Repository/GRN/Page_KDMC - CMS/select_20182019202020212022202'

2018-06-10 21:56:11 - [TEST_STEP][PASSED] - selectOptionByIndex: All options with index in [4] are selected on object 'Object Repository/GRN/Page_KDMC - CMS/select_JanFebMarAprMayJunJulAu'

2018-06-10 21:56:11 - [MESSAGE][PASSED] - All options with index in [4] are selected on object 'Object Repository/GRN/Page_KDMC - CMS/select_JanFebMarAprMayJunJulAu'

2018-06-10 21:56:11 - [TEST_STEP][PASSED] - click: Object: 'Object Repository/MOH AND GRN/Page_KDMC - CMS/a_12' is clicked on

2018-06-10 21:56:11 - [MESSAGE][PASSED] - Object: 'Object Repository/MOH AND GRN/Page_KDMC - CMS/a_12' is clicked on

2018-06-10 21:56:11 - [TEST_STEP][PASSED] - click: Object: 'Object Repository/MOH AND GRN/Page_KDMC - CMS/input_btnadd' is clicked on

2018-06-10 21:56:11 - [MESSAGE][PASSED] - Object: 'Object Repository/MOH AND GRN/Page_KDMC - CMS/input_btnadd' is clicked on

2018-06-10 21:56:11 - [TEST_STEP][PASSED] - Statement - If (s == 10): null

2018-06-10 21:56:11 - [TEST_STEP][PASSED] - Statement - Else: null

2018-06-10 21:56:11 - [TEST_STEP][PASSED] - Statement - (s++): null

2018-06-10 21:56:11 - [TEST_STEP][PASSED] - delay: Delayed 1 second(s)

2018-06-10 21:56:12 - [MESSAGE][PASSED] - Delayed 1 second(s)

2018-06-10 21:56:12 - [TEST_STEP][PASSED] - selectOptionByIndex: All options with index in [15] are selected on object 'Object Repository/MOH AND GRN/Page_KDMC - CMS/select_--Select--Amikacin -500'

2018-06-10 21:56:13 - [MESSAGE][PASSED] - All options with index in [15] are selected on object 'Object Repository/MOH AND GRN/Page_KDMC - CMS/select_--Select--Amikacin -500'

2018-06-10 21:56:13 - [TEST_STEP][PASSED] - setText: Text '5000' is set on object 'Object Repository/MOH AND GRN/Page_KDMC - CMS/input_txtqty'

2018-06-10 21:56:13 - [MESSAGE][PASSED] - Text '5000' is set on object 'Object Repository/MOH AND GRN/Page_KDMC - CMS/input_txtqty'

2018-06-10 21:56:13 - [TEST_STEP][PASSED] - selectOptionByIndex: All options with index in [1] are selected on object 'Object Repository/MOH AND GRN/Page_KDMC - CMS/select_--Select--No Tax0'

2018-06-10 21:56:13 - [MESSAGE][PASSED] - All options with index in [1] are selected on object 'Object Repository/MOH AND GRN/Page_KDMC - CMS/select_--Select--No Tax0'

2018-06-10 21:56:13 - [TEST_STEP][PASSED] - setText: Finding Test Object with id 'Object Repository/MOH AND GRN/Page_KDMC - CMS/input_txtmrp'

2018-06-10 21:56:13 - [TEST_STEP][PASSED] - Statement - switch (id): Finding Test Object with id 'Object Repository/MOH AND GRN/Page_KDMC - CMS/input_txtdeal'

2018-06-10 21:56:13 - [TEST_STEP][PASSED] - Statement - case 4:: Text '33.0' is set on object 'Object Repository/MOH AND GRN/Page_KDMC - CMS/input_txtmrp'

2018-06-10 21:56:13 - [TEST_STEP][PASSED] - Statement - return (java.lang.Math.floor((java.lang.Math.random() * ((max - min) + 1))) + min): Text '33.0' is set on object 'Object Repository/MOH AND GRN/Page_KDMC - CMS/input_txtmrp'

2018-06-10 21:56:13 - [MESSAGE][PASSED] - Text '33.0' is set on object 'Object Repository/MOH AND GRN/Page_KDMC - CMS/input_txtmrp'

2018-06-10 21:56:13 - [TEST_STEP][PASSED] - setText: Finding Test Object with id 'Object Repository/MOH AND GRN/Page_KDMC - CMS/input_txtdeal'

2018-06-10 21:56:13 - [TEST_STEP][PASSED] - Statement - switch (id): Finding Test Object with id 'Object Repository/MOH AND GRN/Page_KDMC - CMS/input_txtbatchno'

2018-06-10 21:56:13 - [TEST_STEP][PASSED] - Statement - case 5:: Text '3.0' is set on object 'Object Repository/MOH AND GRN/Page_KDMC - CMS/input_txtdeal'

2018-06-10 21:56:13 - [TEST_STEP][PASSED] - Statement - return (java.lang.Math.floor((java.lang.Math.random() * ((max - min) + 1))) + min): Text '3.0' is set on object 'Object Repository/MOH AND GRN/Page_KDMC - CMS/input_txtdeal'

2018-06-10 21:56:13 - [MESSAGE][PASSED] - Text '3.0' is set on object 'Object Repository/MOH AND GRN/Page_KDMC - CMS/input_txtdeal'

2018-06-10 21:56:13 - [TEST_STEP][PASSED] - setText: Finding Test Object with id 'Object Repository/MOH AND GRN/Page_KDMC - CMS/input_txtbatchno'

2018-06-10 21:56:13 - [TEST_STEP][PASSED] - Statement - switch (id): Finding Test Object with id 'Object Repository/MOH AND GRN/Page_KDMC - CMS/input_txtmrp'

2018-06-10 21:56:13 - [TEST_STEP][PASSED] - Statement - case 1:: Text 'BA746.0' is set on object 'Object Repository/MOH AND GRN/Page_KDMC - CMS/input_txtbatchno'

2018-06-10 21:56:13 - [TEST_STEP][PASSED] - Statement - return (java.lang.Math.floor((java.lang.Math.random() * ((max - min) + 1))) + min): Text 'BA746.0' is set on object 'Object Repository/MOH AND GRN/Page_KDMC - CMS/input_txtbatchno'

2018-06-10 21:56:13 - [MESSAGE][PASSED] - Text 'BA746.0' is set on object 'Object Repository/MOH AND GRN/Page_KDMC - CMS/input_txtbatchno'

2018-06-10 21:56:13 - [TEST_STEP][PASSED] - rightClick: Object: 'Object Repository/GRN/Page_KDMC - CMS/input_txtexpdate' is right clicked on

2018-06-10 21:56:13 - [MESSAGE][PASSED] - Object: 'Object Repository/GRN/Page_KDMC - CMS/input_txtexpdate' is right clicked on

2018-06-10 21:56:13 - [TEST_STEP][PASSED] - selectOptionByIndex: All options with index in [5] are selected on object 'Object Repository/GRN/Page_KDMC - CMS/select_20182019202020212022202'

2018-06-10 21:56:13 - [MESSAGE][PASSED] - All options with index in [5] are selected on object 'Object Repository/GRN/Page_KDMC - CMS/select_20182019202020212022202'

2018-06-10 21:56:13 - [TEST_STEP][PASSED] - selectOptionByIndex: All options with index in [5] are selected on object 'Object Repository/GRN/Page_KDMC - CMS/select_JanFebMarAprMayJunJulAu'

2018-06-10 21:56:14 - [MESSAGE][PASSED] - All options with index in [5] are selected on object 'Object Repository/GRN/Page_KDMC - CMS/select_JanFebMarAprMayJunJulAu'

2018-06-10 21:56:14 - [TEST_STEP][PASSED] - click: Object: 'Object Repository/MOH AND GRN/Page_KDMC - CMS/a_12' is clicked on

2018-06-10 21:56:14 - [MESSAGE][PASSED] - Object: 'Object Repository/MOH AND GRN/Page_KDMC - CMS/a_12' is clicked on

2018-06-10 21:56:14 - [TEST_STEP][PASSED] - click: Object: 'Object Repository/MOH AND GRN/Page_KDMC - CMS/input_btnadd' is clicked on

2018-06-10 21:56:14 - [MESSAGE][PASSED] - Object: 'Object Repository/MOH AND GRN/Page_KDMC - CMS/input_btnadd' is clicked on

2018-06-10 21:56:14 - [TEST_STEP][PASSED] - Statement - If (s == 10): null

2018-06-10 21:56:14 - [TEST_STEP][PASSED] - Statement - Else: null

2018-06-10 21:56:14 - [TEST_STEP][PASSED] - Statement - (s++): null

2018-06-10 21:56:14 - [TEST_STEP][PASSED] - delay: Delayed 1 second(s)

2018-06-10 21:56:15 - [MESSAGE][PASSED] - Delayed 1 second(s)

2018-06-10 21:56:15 - [TEST_STEP][PASSED] - selectOptionByIndex: All options with index in [16] are selected on object 'Object Repository/MOH AND GRN/Page_KDMC - CMS/select_--Select--Amikacin -500'

2018-06-10 21:56:15 - [MESSAGE][PASSED] - All options with index in [16] are selected on object 'Object Repository/MOH AND GRN/Page_KDMC - CMS/select_--Select--Amikacin -500'

2018-06-10 21:56:15 - [TEST_STEP][PASSED] - setText: Text '5000' is set on object 'Object Repository/MOH AND GRN/Page_KDMC - CMS/input_txtqty'

2018-06-10 21:56:15 - [MESSAGE][PASSED] - Text '5000' is set on object 'Object Repository/MOH AND GRN/Page_KDMC - CMS/input_txtqty'

2018-06-10 21:56:15 - [TEST_STEP][PASSED] - selectOptionByIndex: All options with index in [1] are selected on object 'Object Repository/MOH AND GRN/Page_KDMC - CMS/select_--Select--No Tax0'

2018-06-10 21:56:15 - [MESSAGE][PASSED] - All options with index in [1] are selected on object 'Object Repository/MOH AND GRN/Page_KDMC - CMS/select_--Select--No Tax0'

2018-06-10 21:56:15 - [TEST_STEP][PASSED] - setText: Finding Test Object with id 'Object Repository/MOH AND GRN/Page_KDMC - CMS/input_txtmrp'

2018-06-10 21:56:15 - [TEST_STEP][PASSED] - Statement - switch (id): Finding Test Object with id 'Object Repository/MOH AND GRN/Page_KDMC - CMS/input_txtdeal'

2018-06-10 21:56:15 - [TEST_STEP][PASSED] - Statement - case 4:: Text '37.0' is set on object 'Object Repository/MOH AND GRN/Page_KDMC - CMS/input_txtmrp'

2018-06-10 21:56:15 - [TEST_STEP][PASSED] - Statement - return (java.lang.Math.floor((java.lang.Math.random() * ((max - min) + 1))) + min): Text '37.0' is set on object 'Object Repository/MOH AND GRN/Page_KDMC - CMS/input_txtmrp'

2018-06-10 21:56:15 - [MESSAGE][PASSED] - Text '37.0' is set on object 'Object Repository/MOH AND GRN/Page_KDMC - CMS/input_txtmrp'

2018-06-10 21:56:15 - [TEST_STEP][PASSED] - setText: Finding Test Object with id 'Object Repository/MOH AND GRN/Page_KDMC - CMS/input_txtdeal'

2018-06-10 21:56:15 - [TEST_STEP][PASSED] - Statement - switch (id): Finding Test Object with id 'Object Repository/MOH AND GRN/Page_KDMC - CMS/input_txtbatchno'

2018-06-10 21:56:15 - [TEST_STEP][PASSED] - Statement - case 5:: Text '4.0' is set on object 'Object Repository/MOH AND GRN/Page_KDMC - CMS/input_txtdeal'

2018-06-10 21:56:15 - [TEST_STEP][PASSED] - Statement - return (java.lang.Math.floor((java.lang.Math.random() * ((max - min) + 1))) + min): Text '4.0' is set on object 'Object Repository/MOH AND GRN/Page_KDMC - CMS/input_txtdeal'

2018-06-10 21:56:15 - [MESSAGE][PASSED] - Text '4.0' is set on object 'Object Repository/MOH AND GRN/Page_KDMC - CMS/input_txtdeal'

2018-06-10 21:56:15 - [TEST_STEP][PASSED] - setText: Finding Test Object with id 'Object Repository/MOH AND GRN/Page_KDMC - CMS/input_txtbatchno'

2018-06-10 21:56:15 - [TEST_STEP][PASSED] - Statement - switch (id): Finding Test Object with id 'Object Repository/MOH AND GRN/Page_KDMC - CMS/input_txtmrp'

2018-06-10 21:56:15 - [TEST_STEP][PASSED] - Statement - case 1:: Text 'BA21.0' is set on object 'Object Repository/MOH AND GRN/Page_KDMC - CMS/input_txtbatchno'

2018-06-10 21:56:15 - [TEST_STEP][PASSED] - Statement - return (java.lang.Math.floor((java.lang.Math.random() * ((max - min) + 1))) + min): Text 'BA21.0' is set on object 'Object Repository/MOH AND GRN/Page_KDMC - CMS/input_txtbatchno'

2018-06-10 21:56:15 - [MESSAGE][PASSED] - Text 'BA21.0' is set on object 'Object Repository/MOH AND GRN/Page_KDMC - CMS/input_txtbatchno'

2018-06-10 21:56:15 - [TEST_STEP][PASSED] - rightClick: Object: 'Object Repository/GRN/Page_KDMC - CMS/input_txtexpdate' is right clicked on

2018-06-10 21:56:16 - [MESSAGE][PASSED] - Object: 'Object Repository/GRN/Page_KDMC - CMS/input_txtexpdate' is right clicked on

2018-06-10 21:56:16 - [TEST_STEP][PASSED] - selectOptionByIndex: All options with index in [6] are selected on object 'Object Repository/GRN/Page_KDMC - CMS/select_20182019202020212022202'

2018-06-10 21:56:16 - [MESSAGE][PASSED] - All options with index in [6] are selected on object 'Object Repository/GRN/Page_KDMC - CMS/select_20182019202020212022202'

2018-06-10 21:56:16 - [TEST_STEP][PASSED] - selectOptionByIndex: All options with index in [6] are selected on object 'Object Repository/GRN/Page_KDMC - CMS/select_JanFebMarAprMayJunJulAu'

2018-06-10 21:56:16 - [MESSAGE][PASSED] - All options with index in [6] are selected on object 'Object Repository/GRN/Page_KDMC - CMS/select_JanFebMarAprMayJunJulAu'

2018-06-10 21:56:16 - [TEST_STEP][PASSED] - click: Object: 'Object Repository/MOH AND GRN/Page_KDMC - CMS/a_12' is clicked on

2018-06-10 21:56:16 - [MESSAGE][PASSED] - Object: 'Object Repository/MOH AND GRN/Page_KDMC - CMS/a_12' is clicked on

2018-06-10 21:56:16 - [TEST_STEP][PASSED] - click: Object: 'Object Repository/MOH AND GRN/Page_KDMC - CMS/input_btnadd' is clicked on

2018-06-10 21:56:16 - [MESSAGE][PASSED] - Object: 'Object Repository/MOH AND GRN/Page_KDMC - CMS/input_btnadd' is clicked on

2018-06-10 21:56:16 - [TEST_STEP][PASSED] - Statement - If (s == 10): null

2018-06-10 21:56:16 - [TEST_STEP][PASSED] - Statement - Else: null

2018-06-10 21:56:16 - [TEST_STEP][PASSED] - Statement - (s++): null

2018-06-10 21:56:16 - [TEST_STEP][PASSED] - delay: Delayed 1 second(s)

2018-06-10 21:56:17 - [MESSAGE][PASSED] - Delayed 1 second(s)

2018-06-10 21:56:17 - [TEST_STEP][PASSED] - selectOptionByIndex: All options with index in [17] are selected on object 'Object Repository/MOH AND GRN/Page_KDMC - CMS/select_--Select--Amikacin -500'

2018-06-10 21:56:17 - [MESSAGE][PASSED] - All options with index in [17] are selected on object 'Object Repository/MOH AND GRN/Page_KDMC - CMS/select_--Select--Amikacin -500'

2018-06-10 21:56:17 - [TEST_STEP][PASSED] - setText: Text '5000' is set on object 'Object Repository/MOH AND GRN/Page_KDMC - CMS/input_txtqty'

2018-06-10 21:56:17 - [MESSAGE][PASSED] - Text '5000' is set on object 'Object Repository/MOH AND GRN/Page_KDMC - CMS/input_txtqty'

2018-06-10 21:56:17 - [TEST_STEP][PASSED] - selectOptionByIndex: All options with index in [1] are selected on object 'Object Repository/MOH AND GRN/Page_KDMC - CMS/select_--Select--No Tax0'

2018-06-10 21:56:18 - [MESSAGE][PASSED] - All options with index in [1] are selected on object 'Object Repository/MOH AND GRN/Page_KDMC - CMS/select_--Select--No Tax0'

2018-06-10 21:56:18 - [TEST_STEP][PASSED] - setText: Finding Test Object with id 'Object Repository/MOH AND GRN/Page_KDMC - CMS/input_txtmrp'

2018-06-10 21:56:18 - [TEST_STEP][PASSED] - Statement - switch (id): Finding Test Object with id 'Object Repository/MOH AND GRN/Page_KDMC - CMS/input_txtdeal'

2018-06-10 21:56:18 - [TEST_STEP][PASSED] - Statement - case 4:: Text '27.0' is set on object 'Object Repository/MOH AND GRN/Page_KDMC - CMS/input_txtmrp'

2018-06-10 21:56:18 - [TEST_STEP][PASSED] - Statement - return (java.lang.Math.floor((java.lang.Math.random() * ((max - min) + 1))) + min): Text '27.0' is set on object 'Object Repository/MOH AND GRN/Page_KDMC - CMS/input_txtmrp'

2018-06-10 21:56:18 - [MESSAGE][PASSED] - Text '27.0' is set on object 'Object Repository/MOH AND GRN/Page_KDMC - CMS/input_txtmrp'

2018-06-10 21:56:18 - [TEST_STEP][PASSED] - setText: Finding Test Object with id 'Object Repository/MOH AND GRN/Page_KDMC - CMS/input_txtdeal'

2018-06-10 21:56:18 - [TEST_STEP][PASSED] - Statement - switch (id): Finding Test Object with id 'Object Repository/MOH AND GRN/Page_KDMC - CMS/input_txtbatchno'

2018-06-10 21:56:18 - [TEST_STEP][PASSED] - Statement - case 5:: Text '4.0' is set on object 'Object Repository/MOH AND GRN/Page_KDMC - CMS/input_txtdeal'

2018-06-10 21:56:18 - [TEST_STEP][PASSED] - Statement - return (java.lang.Math.floor((java.lang.Math.random() * ((max - min) + 1))) + min): Text '4.0' is set on object 'Object Repository/MOH AND GRN/Page_KDMC - CMS/input_txtdeal'

2018-06-10 21:56:18 - [MESSAGE][PASSED] - Text '4.0' is set on object 'Object Repository/MOH AND GRN/Page_KDMC - CMS/input_txtdeal'

2018-06-10 21:56:18 - [TEST_STEP][PASSED] - setText: Finding Test Object with id 'Object Repository/MOH AND GRN/Page_KDMC - CMS/input_txtbatchno'

2018-06-10 21:56:18 - [TEST_STEP][PASSED] - Statement - switch (id): Finding Test Object with id 'Object Repository/MOH AND GRN/Page_KDMC - CMS/input_txtmrp'

2018-06-10 21:56:18 - [TEST_STEP][PASSED] - Statement - case 1:: Text 'BA720.0' is set on object 'Object Repository/MOH AND GRN/Page_KDMC - CMS/input_txtbatchno'

2018-06-10 21:56:18 - [TEST_STEP][PASSED] - Statement - return (java.lang.Math.floor((java.lang.Math.random() * ((max - min) + 1))) + min): Text 'BA720.0' is set on object 'Object Repository/MOH AND GRN/Page_KDMC - CMS/input_txtbatchno'

2018-06-10 21:56:18 - [MESSAGE][PASSED] - Text 'BA720.0' is set on object 'Object Repository/MOH AND GRN/Page_KDMC - CMS/input_txtbatchno'

2018-06-10 21:56:18 - [TEST_STEP][PASSED] - rightClick: Object: 'Object Repository/GRN/Page_KDMC - CMS/input_txtexpdate' is right clicked on

2018-06-10 21:56:18 - [MESSAGE][PASSED] - Object: 'Object Repository/GRN/Page_KDMC - CMS/input_txtexpdate' is right clicked on

2018-06-10 21:56:18 - [TEST_STEP][PASSED] - selectOptionByIndex: All options with index in [7] are selected on object 'Object Repository/GRN/Page_KDMC - CMS/select_20182019202020212022202'

2018-06-10 21:56:18 - [MESSAGE][PASSED] - All options with index in [7] are selected on object 'Object Repository/GRN/Page_KDMC - CMS/select_20182019202020212022202'

2018-06-10 21:56:18 - [TEST_STEP][PASSED] - selectOptionByIndex: All options with index in [7] are selected on object 'Object Repository/GRN/Page_KDMC - CMS/select_JanFebMarAprMayJunJulAu'

2018-06-10 21:56:18 - [MESSAGE][PASSED] - All options with index in [7] are selected on object 'Object Repository/GRN/Page_KDMC - CMS/select_JanFebMarAprMayJunJulAu'

2018-06-10 21:56:18 - [TEST_STEP][PASSED] - click: Object: 'Object Repository/MOH AND GRN/Page_KDMC - CMS/a_12' is clicked on

2018-06-10 21:56:18 - [MESSAGE][PASSED] - Object: 'Object Repository/MOH AND GRN/Page_KDMC - CMS/a_12' is clicked on

2018-06-10 21:56:18 - [TEST_STEP][PASSED] - click: Object: 'Object Repository/MOH AND GRN/Page_KDMC - CMS/input_btnadd' is clicked on

2018-06-10 21:56:19 - [MESSAGE][PASSED] - Object: 'Object Repository/MOH AND GRN/Page_KDMC - CMS/input_btnadd' is clicked on

2018-06-10 21:56:19 - [TEST_STEP][PASSED] - Statement - If (s == 10): null

2018-06-10 21:56:19 - [TEST_STEP][PASSED] - Statement - Else: null

2018-06-10 21:56:19 - [TEST_STEP][PASSED] - Statement - (s++): null

2018-06-10 21:56:19 - [TEST_STEP][PASSED] - delay: Delayed 1 second(s)

2018-06-10 21:56:20 - [MESSAGE][PASSED] - Delayed 1 second(s)

2018-06-10 21:56:20 - [TEST_STEP][PASSED] - selectOptionByIndex: All options with index in [18] are selected on object 'Object Repository/MOH AND GRN/Page_KDMC - CMS/select_--Select--Amikacin -500'

2018-06-10 21:56:20 - [MESSAGE][PASSED] - All options with index in [18] are selected on object 'Object Repository/MOH AND GRN/Page_KDMC - CMS/select_--Select--Amikacin -500'

2018-06-10 21:56:20 - [TEST_STEP][PASSED] - setText: Text '5000' is set on object 'Object Repository/MOH AND GRN/Page_KDMC - CMS/input_txtqty'

2018-06-10 21:56:20 - [MESSAGE][PASSED] - Text '5000' is set on object 'Object Repository/MOH AND GRN/Page_KDMC - CMS/input_txtqty'

2018-06-10 21:56:20 - [TEST_STEP][PASSED] - selectOptionByIndex: All options with index in [1] are selected on object 'Object Repository/MOH AND GRN/Page_KDMC - CMS/select_--Select--No Tax0'

2018-06-10 21:56:20 - [MESSAGE][PASSED] - All options with index in [1] are selected on object 'Object Repository/MOH AND GRN/Page_KDMC - CMS/select_--Select--No Tax0'

2018-06-10 21:56:20 - [TEST_STEP][PASSED] - setText: Finding Test Object with id 'Object Repository/MOH AND GRN/Page_KDMC - CMS/input_txtmrp'

2018-06-10 21:56:20 - [TEST_STEP][PASSED] - Statement - switch (id): Finding Test Object with id 'Object Repository/MOH AND GRN/Page_KDMC - CMS/input_txtdeal'

2018-06-10 21:56:20 - [TEST_STEP][PASSED] - Statement - case 4:: Text '26.0' is set on object 'Object Repository/MOH AND GRN/Page_KDMC - CMS/input_txtmrp'

2018-06-10 21:56:20 - [TEST_STEP][PASSED] - Statement - return (java.lang.Math.floor((java.lang.Math.random() * ((max - min) + 1))) + min): Text '26.0' is set on object 'Object Repository/MOH AND GRN/Page_KDMC - CMS/input_txtmrp'

2018-06-10 21:56:20 - [MESSAGE][PASSED] - Text '26.0' is set on object 'Object Repository/MOH AND GRN/Page_KDMC - CMS/input_txtmrp'

2018-06-10 21:56:20 - [TEST_STEP][PASSED] - setText: Finding Test Object with id 'Object Repository/MOH AND GRN/Page_KDMC - CMS/input_txtdeal'

2018-06-10 21:56:20 - [TEST_STEP][PASSED] - Statement - switch (id): Finding Test Object with id 'Object Repository/MOH AND GRN/Page_KDMC - CMS/input_txtbatchno'

2018-06-10 21:56:20 - [TEST_STEP][PASSED] - Statement - case 5:: Text '1.0' is set on object 'Object Repository/MOH AND GRN/Page_KDMC - CMS/input_txtdeal'

2018-06-10 21:56:20 - [TEST_STEP][PASSED] - Statement - return (java.lang.Math.floor((java.lang.Math.random() * ((max - min) + 1))) + min): Text '1.0' is set on object 'Object Repository/MOH AND GRN/Page_KDMC - CMS/input_txtdeal'

2018-06-10 21:56:20 - [MESSAGE][PASSED] - Text '1.0' is set on object 'Object Repository/MOH AND GRN/Page_KDMC - CMS/input_txtdeal'

2018-06-10 21:56:20 - [TEST_STEP][PASSED] - setText: Finding Test Object with id 'Object Repository/MOH AND GRN/Page_KDMC - CMS/input_txtbatchno'

2018-06-10 21:56:20 - [TEST_STEP][PASSED] - Statement - switch (id): Finding Test Object with id 'Object Repository/MOH AND GRN/Page_KDMC - CMS/input_txtmrp'

2018-06-10 21:56:20 - [TEST_STEP][PASSED] - Statement - case 1:: Text 'BA421.0' is set on object 'Object Repository/MOH AND GRN/Page_KDMC - CMS/input_txtbatchno'

2018-06-10 21:56:20 - [TEST_STEP][PASSED] - Statement - return (java.lang.Math.floor((java.lang.Math.random() * ((max - min) + 1))) + min): Text 'BA421.0' is set on object 'Object Repository/MOH AND GRN/Page_KDMC - CMS/input_txtbatchno'

2018-06-10 21:56:20 - [MESSAGE][PASSED] - Text 'BA421.0' is set on object 'Object Repository/MOH AND GRN/Page_KDMC - CMS/input_txtbatchno'

2018-06-10 21:56:20 - [TEST_STEP][PASSED] - rightClick: Object: 'Object Repository/GRN/Page_KDMC - CMS/input_txtexpdate' is right clicked on

2018-06-10 21:56:20 - [MESSAGE][PASSED] - Object: 'Object Repository/GRN/Page_KDMC - CMS/input_txtexpdate' is right clicked on

2018-06-10 21:56:20 - [TEST_STEP][PASSED] - selectOptionByIndex: All options with index in [8] are selected on object 'Object Repository/GRN/Page_KDMC - CMS/select_20182019202020212022202'

2018-06-10 21:56:21 - [MESSAGE][PASSED] - All options with index in [8] are selected on object 'Object Repository/GRN/Page_KDMC - CMS/select_20182019202020212022202'

2018-06-10 21:56:21 - [TEST_STEP][PASSED] - selectOptionByIndex: All options with index in [8] are selected on object 'Object Repository/GRN/Page_KDMC - CMS/select_JanFebMarAprMayJunJulAu'

2018-06-10 21:56:21 - [MESSAGE][PASSED] - All options with index in [8] are selected on object 'Object Repository/GRN/Page_KDMC - CMS/select_JanFebMarAprMayJunJulAu'

2018-06-10 21:56:21 - [TEST_STEP][PASSED] - click: Object: 'Object Repository/MOH AND GRN/Page_KDMC - CMS/a_12' is clicked on

2018-06-10 21:56:21 - [MESSAGE][PASSED] - Object: 'Object Repository/MOH AND GRN/Page_KDMC - CMS/a_12' is clicked on

2018-06-10 21:56:21 - [TEST_STEP][PASSED] - click: Object: 'Object Repository/MOH AND GRN/Page_KDMC - CMS/input_btnadd' is clicked on

2018-06-10 21:56:21 - [MESSAGE][PASSED] - Object: 'Object Repository/MOH AND GRN/Page_KDMC - CMS/input_btnadd' is clicked on

2018-06-10 21:56:21 - [TEST_STEP][PASSED] - Statement - If (s == 10): null

2018-06-10 21:56:21 - [TEST_STEP][PASSED] - Statement - Else: null

2018-06-10 21:56:21 - [TEST_STEP][PASSED] - Statement - (s++): null

2018-06-10 21:56:21 - [TEST_STEP][PASSED] - delay: Delayed 1 second(s)

2018-06-10 21:56:22 - [MESSAGE][PASSED] - Delayed 1 second(s)

2018-06-10 21:56:22 - [TEST_STEP][PASSED] - selectOptionByIndex: All options with index in [19] are selected on object 'Object Repository/MOH AND GRN/Page_KDMC - CMS/select_--Select--Amikacin -500'

2018-06-10 21:56:22 - [MESSAGE][PASSED] - All options with index in [19] are selected on object 'Object Repository/MOH AND GRN/Page_KDMC - CMS/select_--Select--Amikacin -500'

2018-06-10 21:56:22 - [TEST_STEP][PASSED] - setText: Text '5000' is set on object 'Object Repository/MOH AND GRN/Page_KDMC - CMS/input_txtqty'

2018-06-10 21:56:23 - [MESSAGE][PASSED] - Text '5000' is set on object 'Object Repository/MOH AND GRN/Page_KDMC - CMS/input_txtqty'

2018-06-10 21:56:23 - [TEST_STEP][PASSED] - selectOptionByIndex: All options with index in [1] are selected on object 'Object Repository/MOH AND GRN/Page_KDMC - CMS/select_--Select--No Tax0'

2018-06-10 21:56:23 - [MESSAGE][PASSED] - All options with index in [1] are selected on object 'Object Repository/MOH AND GRN/Page_KDMC - CMS/select_--Select--No Tax0'

2018-06-10 21:56:23 - [TEST_STEP][PASSED] - setText: Finding Test Object with id 'Object Repository/MOH AND GRN/Page_KDMC - CMS/input_txtmrp'

2018-06-10 21:56:23 - [TEST_STEP][PASSED] - Statement - switch (id): Finding Test Object with id 'Object Repository/MOH AND GRN/Page_KDMC - CMS/input_txtdeal'

2018-06-10 21:56:23 - [TEST_STEP][PASSED] - Statement - case 4:: Text '30.0' is set on object 'Object Repository/MOH AND GRN/Page_KDMC - CMS/input_txtmrp'

2018-06-10 21:56:23 - [TEST_STEP][PASSED] - Statement - return (java.lang.Math.floor((java.lang.Math.random() * ((max - min) + 1))) + min): Text '30.0' is set on object 'Object Repository/MOH AND GRN/Page_KDMC - CMS/input_txtmrp'

2018-06-10 21:56:23 - [MESSAGE][PASSED] - Text '30.0' is set on object 'Object Repository/MOH AND GRN/Page_KDMC - CMS/input_txtmrp'

2018-06-10 21:56:23 - [TEST_STEP][PASSED] - setText: Finding Test Object with id 'Object Repository/MOH AND GRN/Page_KDMC - CMS/input_txtdeal'

2018-06-10 21:56:23 - [TEST_STEP][PASSED] - Statement - switch (id): Finding Test Object with id 'Object Repository/MOH AND GRN/Page_KDMC - CMS/input_txtbatchno'

2018-06-10 21:56:23 - [TEST_STEP][PASSED] - Statement - case 5:: Text '11.0' is set on object 'Object Repository/MOH AND GRN/Page_KDMC - CMS/input_txtdeal'

2018-06-10 21:56:23 - [TEST_STEP][PASSED] - Statement - return (java.lang.Math.floor((java.lang.Math.random() * ((max - min) + 1))) + min): Text '11.0' is set on object 'Object Repository/MOH AND GRN/Page_KDMC - CMS/input_txtdeal'

2018-06-10 21:56:23 - [MESSAGE][PASSED] - Text '11.0' is set on object 'Object Repository/MOH AND GRN/Page_KDMC - CMS/input_txtdeal'

2018-06-10 21:56:23 - [TEST_STEP][PASSED] - setText: Finding Test Object with id 'Object Repository/MOH AND GRN/Page_KDMC - CMS/input_txtbatchno'

2018-06-10 21:56:23 - [TEST_STEP][PASSED] - Statement - switch (id): Finding Test Object with id 'Object Repository/MOH AND GRN/Page_KDMC - CMS/input_txtmrp'

2018-06-10 21:56:23 - [TEST_STEP][PASSED] - Statement - case 1:: Text 'BA478.0' is set on object 'Object Repository/MOH AND GRN/Page_KDMC - CMS/input_txtbatchno'

2018-06-10 21:56:23 - [TEST_STEP][PASSED] - Statement - return (java.lang.Math.floor((java.lang.Math.random() * ((max - min) + 1))) + min): Text 'BA478.0' is set on object 'Object Repository/MOH AND GRN/Page_KDMC - CMS/input_txtbatchno'

2018-06-10 21:56:23 - [MESSAGE][PASSED] - Text 'BA478.0' is set on object 'Object Repository/MOH AND GRN/Page_KDMC - CMS/input_txtbatchno'

2018-06-10 21:56:23 - [TEST_STEP][PASSED] - rightClick: Object: 'Object Repository/GRN/Page_KDMC - CMS/input_txtexpdate' is right clicked on

2018-06-10 21:56:23 - [MESSAGE][PASSED] - Object: 'Object Repository/GRN/Page_KDMC - CMS/input_txtexpdate' is right clicked on

2018-06-10 21:56:23 - [TEST_STEP][PASSED] - selectOptionByIndex: All options with index in [9] are selected on object 'Object Repository/GRN/Page_KDMC - CMS/select_20182019202020212022202'

2018-06-10 21:56:23 - [MESSAGE][PASSED] - All options with index in [9] are selected on object 'Object Repository/GRN/Page_KDMC - CMS/select_20182019202020212022202'

2018-06-10 21:56:23 - [TEST_STEP][PASSED] - selectOptionByIndex: All options with index in [9] are selected on object 'Object Repository/GRN/Page_KDMC - CMS/select_JanFebMarAprMayJunJulAu'

2018-06-10 21:56:24 - [MESSAGE][PASSED] - All options with index in [9] are selected on object 'Object Repository/GRN/Page_KDMC - CMS/select_JanFebMarAprMayJunJulAu'

2018-06-10 21:56:24 - [TEST_STEP][PASSED] - click: Object: 'Object Repository/MOH AND GRN/Page_KDMC - CMS/a_12' is clicked on

2018-06-10 21:56:24 - [MESSAGE][PASSED] - Object: 'Object Repository/MOH AND GRN/Page_KDMC - CMS/a_12' is clicked on

2018-06-10 21:56:24 - [TEST_STEP][PASSED] - click: Object: 'Object Repository/MOH AND GRN/Page_KDMC - CMS/input_btnadd' is clicked on

2018-06-10 21:56:24 - [MESSAGE][PASSED] - Object: 'Object Repository/MOH AND GRN/Page_KDMC - CMS/input_btnadd' is clicked on

2018-06-10 21:56:24 - [TEST_STEP][PASSED] - Statement - If (s == 10): null

2018-06-10 21:56:24 - [TEST_STEP][PASSED] - Statement - Else: null

2018-06-10 21:56:24 - [TEST_STEP][PASSED] - Statement - (s++): null

2018-06-10 21:56:24 - [TEST_STEP][PASSED] - delay: Delayed 1 second(s)

2018-06-10 21:56:25 - [MESSAGE][PASSED] - Delayed 1 second(s)

2018-06-10 21:56:25 - [TEST_STEP][PASSED] - selectOptionByIndex: All options with index in [20] are selected on object 'Object Repository/MOH AND GRN/Page_KDMC - CMS/select_--Select--Amikacin -500'

2018-06-10 21:56:25 - [MESSAGE][PASSED] - All options with index in [20] are selected on object 'Object Repository/MOH AND GRN/Page_KDMC - CMS/select_--Select--Amikacin -500'

2018-06-10 21:56:25 - [TEST_STEP][PASSED] - setText: Text '5000' is set on object 'Object Repository/MOH AND GRN/Page_KDMC - CMS/input_txtqty'

2018-06-10 21:56:25 - [MESSAGE][PASSED] - Text '5000' is set on object 'Object Repository/MOH AND GRN/Page_KDMC - CMS/input_txtqty'

2018-06-10 21:56:25 - [TEST_STEP][PASSED] - selectOptionByIndex: All options with index in [1] are selected on object 'Object Repository/MOH AND GRN/Page_KDMC - CMS/select_--Select--No Tax0'

2018-06-10 21:56:25 - [MESSAGE][PASSED] - All options with index in [1] are selected on object 'Object Repository/MOH AND GRN/Page_KDMC - CMS/select_--Select--No Tax0'

2018-06-10 21:56:25 - [TEST_STEP][PASSED] - setText: Finding Test Object with id 'Object Repository/MOH AND GRN/Page_KDMC - CMS/input_txtmrp'

2018-06-10 21:56:25 - [TEST_STEP][PASSED] - Statement - switch (id): Finding Test Object with id 'Object Repository/MOH AND GRN/Page_KDMC - CMS/input_txtdeal'

2018-06-10 21:56:25 - [TEST_STEP][PASSED] - Statement - case 4:: Text '40.0' is set on object 'Object Repository/MOH AND GRN/Page_KDMC - CMS/input_txtmrp'

2018-06-10 21:56:25 - [TEST_STEP][PASSED] - Statement - return (java.lang.Math.floor((java.lang.Math.random() * ((max - min) + 1))) + min): Text '40.0' is set on object 'Object Repository/MOH AND GRN/Page_KDMC - CMS/input_txtmrp'

2018-06-10 21:56:25 - [MESSAGE][PASSED] - Text '40.0' is set on object 'Object Repository/MOH AND GRN/Page_KDMC - CMS/input_txtmrp'

2018-06-10 21:56:25 - [TEST_STEP][PASSED] - setText: Finding Test Object with id 'Object Repository/MOH AND GRN/Page_KDMC - CMS/input_txtdeal'

2018-06-10 21:56:25 - [TEST_STEP][PASSED] - Statement - switch (id): Finding Test Object with id 'Object Repository/MOH AND GRN/Page_KDMC - CMS/input_txtbatchno'

2018-06-10 21:56:25 - [TEST_STEP][PASSED] - Statement - case 5:: Text '11.0' is set on object 'Object Repository/MOH AND GRN/Page_KDMC - CMS/input_txtdeal'

2018-06-10 21:56:25 - [TEST_STEP][PASSED] - Statement - return (java.lang.Math.floor((java.lang.Math.random() * ((max - min) + 1))) + min): Text '11.0' is set on object 'Object Repository/MOH AND GRN/Page_KDMC - CMS/input_txtdeal'

2018-06-10 21:56:25 - [MESSAGE][PASSED] - Text '11.0' is set on object 'Object Repository/MOH AND GRN/Page_KDMC - CMS/input_txtdeal'

2018-06-10 21:56:25 - [TEST_STEP][PASSED] - setText: Finding Test Object with id 'Object Repository/MOH AND GRN/Page_KDMC - CMS/input_txtbatchno'

2018-06-10 21:56:25 - [TEST_STEP][PASSED] - Statement - switch (id): Finding Test Object with id 'Object Repository/MOH AND GRN/Page_KDMC - CMS/input_txtmrp'

2018-06-10 21:56:25 - [TEST_STEP][PASSED] - Statement - case 1:: Text 'BA86.0' is set on object 'Object Repository/MOH AND GRN/Page_KDMC - CMS/input_txtbatchno'

2018-06-10 21:56:25 - [TEST_STEP][PASSED] - Statement - return (java.lang.Math.floor((java.lang.Math.random() * ((max - min) + 1))) + min): Text 'BA86.0' is set on object 'Object Repository/MOH AND GRN/Page_KDMC - CMS/input_txtbatchno'

2018-06-10 21:56:26 - [MESSAGE][PASSED] - Text 'BA86.0' is set on object 'Object Repository/MOH AND GRN/Page_KDMC - CMS/input_txtbatchno'

2018-06-10 21:56:26 - [TEST_STEP][PASSED] - rightClick: Object: 'Object Repository/GRN/Page_KDMC - CMS/input_txtexpdate' is right clicked on

2018-06-10 21:56:26 - [MESSAGE][PASSED] - Object: 'Object Repository/GRN/Page_KDMC - CMS/input_txtexpdate' is right clicked on

2018-06-10 21:56:26 - [TEST_STEP][PASSED] - selectOptionByIndex: All options with index in [10] are selected on object 'Object Repository/GRN/Page_KDMC - CMS/select_20182019202020212022202'

2018-06-10 21:56:26 - [MESSAGE][PASSED] - All options with index in [10] are selected on object 'Object Repository/GRN/Page_KDMC - CMS/select_20182019202020212022202'

2018-06-10 21:56:26 - [TEST_STEP][PASSED] - selectOptionByIndex: All options with index in [10] are selected on object 'Object Repository/GRN/Page_KDMC - CMS/select_JanFebMarAprMayJunJulAu'

2018-06-10 21:56:26 - [MESSAGE][PASSED] - All options with index in [10] are selected on object 'Object Repository/GRN/Page_KDMC - CMS/select_JanFebMarAprMayJunJulAu'

2018-06-10 21:56:26 - [TEST_STEP][PASSED] - click: Object: 'Object Repository/MOH AND GRN/Page_KDMC - CMS/a_12' is clicked on

2018-06-10 21:56:26 - [MESSAGE][PASSED] - Object: 'Object Repository/MOH AND GRN/Page_KDMC - CMS/a_12' is clicked on

2018-06-10 21:56:26 - [TEST_STEP][PASSED] - click: Object: 'Object Repository/MOH AND GRN/Page_KDMC - CMS/input_btnadd' is clicked on

2018-06-10 21:56:26 - [MESSAGE][PASSED] - Object: 'Object Repository/MOH AND GRN/Page_KDMC - CMS/input_btnadd' is clicked on

2018-06-10 21:56:26 - [TEST_STEP][PASSED] - Statement - If (s == 10): null

2018-06-10 21:56:26 - [TEST_STEP][PASSED] - Statement - s = 1: null

2018-06-10 21:56:26 - [TEST_STEP][PASSED] - delay: Delayed 1 second(s)

2018-06-10 21:56:27 - [MESSAGE][PASSED] - Delayed 1 second(s)

2018-06-10 21:56:27 - [TEST_STEP][PASSED] - selectOptionByIndex: All options with index in [21] are selected on object 'Object Repository/MOH AND GRN/Page_KDMC - CMS/select_--Select--Amikacin -500'

2018-06-10 21:56:28 - [MESSAGE][PASSED] - All options with index in [21] are selected on object 'Object Repository/MOH AND GRN/Page_KDMC - CMS/select_--Select--Amikacin -500'

2018-06-10 21:56:28 - [TEST_STEP][PASSED] - setText: Text '5000' is set on object 'Object Repository/MOH AND GRN/Page_KDMC - CMS/input_txtqty'

2018-06-10 21:56:28 - [MESSAGE][PASSED] - Text '5000' is set on object 'Object Repository/MOH AND GRN/Page_KDMC - CMS/input_txtqty'

2018-06-10 21:56:28 - [TEST_STEP][PASSED] - selectOptionByIndex: All options with index in [1] are selected on object 'Object Repository/MOH AND GRN/Page_KDMC - CMS/select_--Select--No Tax0'

2018-06-10 21:56:28 - [MESSAGE][PASSED] - All options with index in [1] are selected on object 'Object Repository/MOH AND GRN/Page_KDMC - CMS/select_--Select--No Tax0'

2018-06-10 21:56:28 - [TEST_STEP][PASSED] - setText: Finding Test Object with id 'Object Repository/MOH AND GRN/Page_KDMC - CMS/input_txtmrp'

2018-06-10 21:56:28 - [TEST_STEP][PASSED] - Statement - switch (id): Finding Test Object with id 'Object Repository/MOH AND GRN/Page_KDMC - CMS/input_txtdeal'

2018-06-10 21:56:28 - [TEST_STEP][PASSED] - Statement - case 4:: Text '38.0' is set on object 'Object Repository/MOH AND GRN/Page_KDMC - CMS/input_txtmrp'

2018-06-10 21:56:28 - [TEST_STEP][PASSED] - Statement - return (java.lang.Math.floor((java.lang.Math.random() * ((max - min) + 1))) + min): Text '38.0' is set on object 'Object Repository/MOH AND GRN/Page_KDMC - CMS/input_txtmrp'

2018-06-10 21:56:28 - [MESSAGE][PASSED] - Text '38.0' is set on object 'Object Repository/MOH AND GRN/Page_KDMC - CMS/input_txtmrp'

2018-06-10 21:56:28 - [TEST_STEP][PASSED] - setText: Finding Test Object with id 'Object Repository/MOH AND GRN/Page_KDMC - CMS/input_txtdeal'

2018-06-10 21:56:28 - [TEST_STEP][PASSED] - Statement - switch (id): Finding Test Object with id 'Object Repository/MOH AND GRN/Page_KDMC - CMS/input_txtbatchno'

2018-06-10 21:56:28 - [TEST_STEP][PASSED] - Statement - case 5:: Text '6.0' is set on object 'Object Repository/MOH AND GRN/Page_KDMC - CMS/input_txtdeal'

2018-06-10 21:56:28 - [TEST_STEP][PASSED] - Statement - return (java.lang.Math.floor((java.lang.Math.random() * ((max - min) + 1))) + min): Text '6.0' is set on object 'Object Repository/MOH AND GRN/Page_KDMC - CMS/input_txtdeal'

2018-06-10 21:56:28 - [MESSAGE][PASSED] - Text '6.0' is set on object 'Object Repository/MOH AND GRN/Page_KDMC - CMS/input_txtdeal'

2018-06-10 21:56:28 - [TEST_STEP][PASSED] - setText: Finding Test Object with id 'Object Repository/MOH AND GRN/Page_KDMC - CMS/input_txtbatchno'

2018-06-10 21:56:28 - [TEST_STEP][PASSED] - Statement - switch (id): Finding Test Object with id 'Object Repository/MOH AND GRN/Page_KDMC - CMS/input_txtmrp'

2018-06-10 21:56:28 - [TEST_STEP][PASSED] - Statement - case 1:: Text 'BA68.0' is set on object 'Object Repository/MOH AND GRN/Page_KDMC - CMS/input_txtbatchno'

2018-06-10 21:56:28 - [TEST_STEP][PASSED] - Statement - return (java.lang.Math.floor((java.lang.Math.random() * ((max - min) + 1))) + min): Text 'BA68.0' is set on object 'Object Repository/MOH AND GRN/Page_KDMC - CMS/input_txtbatchno'

2018-06-10 21:56:28 - [MESSAGE][PASSED] - Text 'BA68.0' is set on object 'Object Repository/MOH AND GRN/Page_KDMC - CMS/input_txtbatchno'

2018-06-10 21:56:28 - [TEST_STEP][PASSED] - rightClick: Object: 'Object Repository/GRN/Page_KDMC - CMS/input_txtexpdate' is right clicked on

2018-06-10 21:56:28 - [MESSAGE][PASSED] - Object: 'Object Repository/GRN/Page_KDMC - CMS/input_txtexpdate' is right clicked on

2018-06-10 21:56:28 - [TEST_STEP][PASSED] - selectOptionByIndex: All options with index in [1] are selected on object 'Object Repository/GRN/Page_KDMC - CMS/select_20182019202020212022202'

2018-06-10 21:56:28 - [MESSAGE][PASSED] - All options with index in [1] are selected on object 'Object Repository/GRN/Page_KDMC - CMS/select_20182019202020212022202'

2018-06-10 21:56:28 - [TEST_STEP][PASSED] - selectOptionByIndex: All options with index in [1] are selected on object 'Object Repository/GRN/Page_KDMC - CMS/select_JanFebMarAprMayJunJulAu'

2018-06-10 21:56:29 - [MESSAGE][PASSED] - All options with index in [1] are selected on object 'Object Repository/GRN/Page_KDMC - CMS/select_JanFebMarAprMayJunJulAu'

2018-06-10 21:56:29 - [TEST_STEP][PASSED] - click: Object: 'Object Repository/MOH AND GRN/Page_KDMC - CMS/a_12' is clicked on

2018-06-10 21:56:29 - [MESSAGE][PASSED] - Object: 'Object Repository/MOH AND GRN/Page_KDMC - CMS/a_12' is clicked on

2018-06-10 21:56:29 - [TEST_STEP][PASSED] - click: Object: 'Object Repository/MOH AND GRN/Page_KDMC - CMS/input_btnadd' is clicked on

2018-06-10 21:56:29 - [MESSAGE][PASSED] - Object: 'Object Repository/MOH AND GRN/Page_KDMC - CMS/input_btnadd' is clicked on

2018-06-10 21:56:29 - [TEST_STEP][PASSED] - Statement - If (s == 10): null

2018-06-10 21:56:29 - [TEST_STEP][PASSED] - Statement - Else: null

2018-06-10 21:56:29 - [TEST_STEP][PASSED] - Statement - (s++): null

2018-06-10 21:56:29 - [TEST_STEP][PASSED] - delay: Delayed 1 second(s)

2018-06-10 21:56:30 - [MESSAGE][PASSED] - Delayed 1 second(s)

2018-06-10 21:56:30 - [TEST_STEP][PASSED] - selectOptionByIndex: All options with index in [22] are selected on object 'Object Repository/MOH AND GRN/Page_KDMC - CMS/select_--Select--Amikacin -500'

2018-06-10 21:56:30 - [MESSAGE][PASSED] - All options with index in [22] are selected on object 'Object Repository/MOH AND GRN/Page_KDMC - CMS/select_--Select--Amikacin -500'

2018-06-10 21:56:30 - [TEST_STEP][PASSED] - setText: Text '5000' is set on object 'Object Repository/MOH AND GRN/Page_KDMC - CMS/input_txtqty'

2018-06-10 21:56:30 - [MESSAGE][PASSED] - Text '5000' is set on object 'Object Repository/MOH AND GRN/Page_KDMC - CMS/input_txtqty'

2018-06-10 21:56:30 - [TEST_STEP][PASSED] - selectOptionByIndex: All options with index in [1] are selected on object 'Object Repository/MOH AND GRN/Page_KDMC - CMS/select_--Select--No Tax0'

2018-06-10 21:56:30 - [MESSAGE][PASSED] - All options with index in [1] are selected on object 'Object Repository/MOH AND GRN/Page_KDMC - CMS/select_--Select--No Tax0'

2018-06-10 21:56:30 - [TEST_STEP][PASSED] - setText: Finding Test Object with id 'Object Repository/MOH AND GRN/Page_KDMC - CMS/input_txtmrp'

2018-06-10 21:56:30 - [TEST_STEP][PASSED] - Statement - switch (id): Finding Test Object with id 'Object Repository/MOH AND GRN/Page_KDMC - CMS/input_txtdeal'

2018-06-10 21:56:30 - [TEST_STEP][PASSED] - Statement - case 4:: Text '27.0' is set on object 'Object Repository/MOH AND GRN/Page_KDMC - CMS/input_txtmrp'

2018-06-10 21:56:30 - [TEST_STEP][PASSED] - Statement - return (java.lang.Math.floor((java.lang.Math.random() * ((max - min) + 1))) + min): Text '27.0' is set on object 'Object Repository/MOH AND GRN/Page_KDMC - CMS/input_txtmrp'

2018-06-10 21:56:30 - [MESSAGE][PASSED] - Text '27.0' is set on object 'Object Repository/MOH AND GRN/Page_KDMC - CMS/input_txtmrp'

2018-06-10 21:56:30 - [TEST_STEP][PASSED] - setText: Finding Test Object with id 'Object Repository/MOH AND GRN/Page_KDMC - CMS/input_txtdeal'

2018-06-10 21:56:30 - [TEST_STEP][PASSED] - Statement - switch (id): Finding Test Object with id 'Object Repository/MOH AND GRN/Page_KDMC - CMS/input_txtbatchno'

2018-06-10 21:56:30 - [TEST_STEP][PASSED] - Statement - case 5:: Text '1.0' is set on object 'Object Repository/MOH AND GRN/Page_KDMC - CMS/input_txtdeal'

2018-06-10 21:56:30 - [TEST_STEP][PASSED] - Statement - return (java.lang.Math.floor((java.lang.Math.random() * ((max - min) + 1))) + min): Text '1.0' is set on object 'Object Repository/MOH AND GRN/Page_KDMC - CMS/input_txtdeal'

2018-06-10 21:56:31 - [MESSAGE][PASSED] - Text '1.0' is set on object 'Object Repository/MOH AND GRN/Page_KDMC - CMS/input_txtdeal'

2018-06-10 21:56:31 - [TEST_STEP][PASSED] - setText: Finding Test Object with id 'Object Repository/MOH AND GRN/Page_KDMC - CMS/input_txtbatchno'

2018-06-10 21:56:31 - [TEST_STEP][PASSED] - Statement - switch (id): Finding Test Object with id 'Object Repository/MOH AND GRN/Page_KDMC - CMS/input_txtmrp'

2018-06-10 21:56:31 - [TEST_STEP][PASSED] - Statement - case 1:: Text 'BA259.0' is set on object 'Object Repository/MOH AND GRN/Page_KDMC - CMS/input_txtbatchno'

2018-06-10 21:56:31 - [TEST_STEP][PASSED] - Statement - return (java.lang.Math.floor((java.lang.Math.random() * ((max - min) + 1))) + min): Text 'BA259.0' is set on object 'Object Repository/MOH AND GRN/Page_KDMC - CMS/input_txtbatchno'

2018-06-10 21:56:31 - [MESSAGE][PASSED] - Text 'BA259.0' is set on object 'Object Repository/MOH AND GRN/Page_KDMC - CMS/input_txtbatchno'

2018-06-10 21:56:31 - [TEST_STEP][PASSED] - rightClick: Object: 'Object Repository/GRN/Page_KDMC - CMS/input_txtexpdate' is right clicked on

2018-06-10 21:56:31 - [MESSAGE][PASSED] - Object: 'Object Repository/GRN/Page_KDMC - CMS/input_txtexpdate' is right clicked on

2018-06-10 21:56:31 - [TEST_STEP][PASSED] - selectOptionByIndex: All options with index in [2] are selected on object 'Object Repository/GRN/Page_KDMC - CMS/select_20182019202020212022202'

2018-06-10 21:56:31 - [MESSAGE][PASSED] - All options with index in [2] are selected on object 'Object Repository/GRN/Page_KDMC - CMS/select_20182019202020212022202'

2018-06-10 21:56:31 - [TEST_STEP][PASSED] - selectOptionByIndex: All options with index in [2] are selected on object 'Object Repository/GRN/Page_KDMC - CMS/select_JanFebMarAprMayJunJulAu'

2018-06-10 21:56:31 - [MESSAGE][PASSED] - All options with index in [2] are selected on object 'Object Repository/GRN/Page_KDMC - CMS/select_JanFebMarAprMayJunJulAu'

2018-06-10 21:56:31 - [TEST_STEP][PASSED] - click: Object: 'Object Repository/MOH AND GRN/Page_KDMC - CMS/a_12' is clicked on

2018-06-10 21:56:31 - [MESSAGE][PASSED] - Object: 'Object Repository/MOH AND GRN/Page_KDMC - CMS/a_12' is clicked on

2018-06-10 21:56:31 - [TEST_STEP][PASSED] - click: Object: 'Object Repository/MOH AND GRN/Page_KDMC - CMS/input_btnadd' is clicked on

2018-06-10 21:56:31 - [MESSAGE][PASSED] - Object: 'Object Repository/MOH AND GRN/Page_KDMC - CMS/input_btnadd' is clicked on

2018-06-10 21:56:31 - [TEST_STEP][PASSED] - Statement - If (s == 10): null

2018-06-10 21:56:31 - [TEST_STEP][PASSED] - Statement - Else: null

2018-06-10 21:56:31 - [TEST_STEP][PASSED] - Statement - (s++): null

2018-06-10 21:56:31 - [TEST_STEP][PASSED] - delay: Delayed 1 second(s)

2018-06-10 21:56:32 - [MESSAGE][PASSED] - Delayed 1 second(s)

2018-06-10 21:56:32 - [TEST_STEP][PASSED] - selectOptionByIndex: All options with index in [23] are selected on object 'Object Repository/MOH AND GRN/Page_KDMC - CMS/select_--Select--Amikacin -500'

2018-06-10 21:56:33 - [MESSAGE][PASSED] - All options with index in [23] are selected on object 'Object Repository/MOH AND GRN/Page_KDMC - CMS/select_--Select--Amikacin -500'

2018-06-10 21:56:33 - [TEST_STEP][PASSED] - setText: Text '5000' is set on object 'Object Repository/MOH AND GRN/Page_KDMC - CMS/input_txtqty'

2018-06-10 21:56:33 - [MESSAGE][PASSED] - Text '5000' is set on object 'Object Repository/MOH AND GRN/Page_KDMC - CMS/input_txtqty'

2018-06-10 21:56:33 - [TEST_STEP][PASSED] - selectOptionByIndex: All options with index in [1] are selected on object 'Object Repository/MOH AND GRN/Page_KDMC - CMS/select_--Select--No Tax0'

2018-06-10 21:56:33 - [MESSAGE][PASSED] - All options with index in [1] are selected on object 'Object Repository/MOH AND GRN/Page_KDMC - CMS/select_--Select--No Tax0'

2018-06-10 21:56:33 - [TEST_STEP][PASSED] - setText: Finding Test Object with id 'Object Repository/MOH AND GRN/Page_KDMC - CMS/input_txtmrp'

2018-06-10 21:56:33 - [TEST_STEP][PASSED] - Statement - switch (id): Finding Test Object with id 'Object Repository/MOH AND GRN/Page_KDMC - CMS/input_txtdeal'

2018-06-10 21:56:33 - [TEST_STEP][PASSED] - Statement - case 4:: Text '29.0' is set on object 'Object Repository/MOH AND GRN/Page_KDMC - CMS/input_txtmrp'

2018-06-10 21:56:33 - [TEST_STEP][PASSED] - Statement - return (java.lang.Math.floor((java.lang.Math.random() * ((max - min) + 1))) + min): Text '29.0' is set on object 'Object Repository/MOH AND GRN/Page_KDMC - CMS/input_txtmrp'

2018-06-10 21:56:33 - [MESSAGE][PASSED] - Text '29.0' is set on object 'Object Repository/MOH AND GRN/Page_KDMC - CMS/input_txtmrp'

2018-06-10 21:56:33 - [TEST_STEP][PASSED] - setText: Finding Test Object with id 'Object Repository/MOH AND GRN/Page_KDMC - CMS/input_txtdeal'

2018-06-10 21:56:33 - [TEST_STEP][PASSED] - Statement - switch (id): Finding Test Object with id 'Object Repository/MOH AND GRN/Page_KDMC - CMS/input_txtbatchno'

2018-06-10 21:56:33 - [TEST_STEP][PASSED] - Statement - case 5:: Text '10.0' is set on object 'Object Repository/MOH AND GRN/Page_KDMC - CMS/input_txtdeal'

2018-06-10 21:56:33 - [TEST_STEP][PASSED] - Statement - return (java.lang.Math.floor((java.lang.Math.random() * ((max - min) + 1))) + min): Text '10.0' is set on object 'Object Repository/MOH AND GRN/Page_KDMC - CMS/input_txtdeal'

2018-06-10 21:56:33 - [MESSAGE][PASSED] - Text '10.0' is set on object 'Object Repository/MOH AND GRN/Page_KDMC - CMS/input_txtdeal'

2018-06-10 21:56:33 - [TEST_STEP][PASSED] - setText: Finding Test Object with id 'Object Repository/MOH AND GRN/Page_KDMC - CMS/input_txtbatchno'

2018-06-10 21:56:33 - [TEST_STEP][PASSED] - Statement - switch (id): Delayed 1 second(s)

2018-06-10 21:56:33 - [TEST_STEP][PASSED] - Statement - case 1:: Text 'BA92.0' is set on object 'Object Repository/MOH AND GRN/Page_KDMC - CMS/input_txtbatchno'

2018-06-10 21:56:33 - [TEST_STEP][PASSED] - Statement - return (java.lang.Math.floor((java.lang.Math.random() * ((max - min) + 1))) + min): Text 'BA92.0' is set on object 'Object Repository/MOH AND GRN/Page_KDMC - CMS/input_txtbatchno'

2018-06-10 21:56:33 - [MESSAGE][PASSED] - Text 'BA92.0' is set on object 'Object Repository/MOH AND GRN/Page_KDMC - CMS/input_txtbatchno'

2018-06-10 21:56:33 - [TEST_STEP][PASSED] - rightClick: Object: 'Object Repository/GRN/Page_KDMC - CMS/input_txtexpdate' is right clicked on

2018-06-10 21:56:33 - [MESSAGE][PASSED] - Object: 'Object Repository/GRN/Page_KDMC - CMS/input_txtexpdate' is right clicked on

2018-06-10 21:56:33 - [TEST_STEP][PASSED] - selectOptionByIndex: All options with index in [3] are selected on object 'Object Repository/GRN/Page_KDMC - CMS/select_20182019202020212022202'

2018-06-10 21:56:33 - [MESSAGE][PASSED] - All options with index in [3] are selected on object 'Object Repository/GRN/Page_KDMC - CMS/select_20182019202020212022202'

2018-06-10 21:56:33 - [TEST_STEP][PASSED] - selectOptionByIndex: All options with index in [3] are selected on object 'Object Repository/GRN/Page_KDMC - CMS/select_JanFebMarAprMayJunJulAu'

2018-06-10 21:56:34 - [MESSAGE][PASSED] - All options with index in [3] are selected on object 'Object Repository/GRN/Page_KDMC - CMS/select_JanFebMarAprMayJunJulAu'

2018-06-10 21:56:34 - [TEST_STEP][PASSED] - click: Object: 'Object Repository/MOH AND GRN/Page_KDMC - CMS/a_12' is clicked on

2018-06-10 21:56:34 - [MESSAGE][PASSED] - Object: 'Object Repository/MOH AND GRN/Page_KDMC - CMS/a_12' is clicked on

2018-06-10 21:56:34 - [TEST_STEP][PASSED] - click: Object: 'Object Repository/MOH AND GRN/Page_KDMC - CMS/input_btnadd' is clicked on

2018-06-10 21:56:34 - [MESSAGE][PASSED] - Object: 'Object Repository/MOH AND GRN/Page_KDMC - CMS/input_btnadd' is clicked on

2018-06-10 21:56:34 - [TEST_STEP][PASSED] - Statement - If (s == 10): null

2018-06-10 21:56:34 - [TEST_STEP][PASSED] - Statement - Else: null

2018-06-10 21:56:34 - [TEST_STEP][PASSED] - Statement - (s++): null

2018-06-10 21:56:34 - [TEST_STEP][PASSED] - delay: Delayed 1 second(s)

2018-06-10 21:56:35 - [MESSAGE][PASSED] - Delayed 1 second(s)

2018-06-10 21:56:35 - [TEST_STEP][PASSED] - scrollToElement: Scroll to object 'Object Repository/MOH AND GRN/Page_KDMC - CMS/input_btnSubmit' successfully

2018-06-10 21:56:35 - [MESSAGE][PASSED] - Scroll to object 'Object Repository/MOH AND GRN/Page_KDMC - CMS/input_btnSubmit' successfully

2018-06-10 21:56:35 - [TEST_STEP][PASSED] - click: Object: 'Object Repository/MOH AND GRN/Page_KDMC - CMS/input_btnSubmit' is clicked on

2018-06-10 21:56:35 - [MESSAGE][PASSED] - Object: 'Object Repository/MOH AND GRN/Page_KDMC - CMS/input_btnSubmit' is clicked on

2018-06-10 21:56:35 - [TEST_STEP][PASSED] - delay: Delayed 3 second(s)

2018-06-10 21:56:38 - [MESSAGE][PASSED] - Delayed 3 second(s)

2018-06-10 21:56:38 - [TEST_STEP][PASSED] - click: Object: 'Object Repository/MOH AND GRN/Page_KDMC - CMS/button_OK' is clicked on

2018-06-10 21:56:38 - [MESSAGE][PASSED] - Object: 'Object Repository/MOH AND GRN/Page_KDMC - CMS/button_OK' is clicked on

2018-06-10 21:56:38 - [TEST_STEP][PASSED] - delay: Delayed 2 second(s)

2018-06-10 21:56:40 - [MESSAGE][PASSED] - Delayed 2 second(s)

2018-06-10 21:56:40 - [TEST_STEP][PASSED] - delay: Delayed 3 second(s)

2018-06-10 21:56:43 - [MESSAGE][PASSED] - Delayed 3 second(s)

2018-06-10 21:56:43 - [TEST_STEP][PASSED] - click: Object: 'Object Repository/MOH AND GRN/Page_KDMC - CMS/a_dropdown-toggle' is clicked on

2018-06-10 21:56:43 - [MESSAGE][PASSED] - Object: 'Object Repository/MOH AND GRN/Page_KDMC - CMS/a_dropdown-toggle' is clicked on

2018-06-10 21:56:43 - [TEST_STEP][PASSED] - click: Object: 'Object Repository/MOH AND GRN/Page_KDMC - CMS/a_Sign out' is clicked on

2018-06-10 21:56:44 - [MESSAGE][PASSED] - Object: 'Object Repository/MOH AND GRN/Page_KDMC - CMS/a_Sign out' is clicked on

2018-06-10 21:56:44 - [TEST_STEP][PASSED] - closeBrowser: Browser is closed

2018-06-10 21:56:45 - [MESSAGE][PASSED] - Browser is closed]]></system-out>
         <system-err><![CDATA[]]></system-err>
      </testcase>
      <testcase name="Test Cases/TEST/MOH REQUEST AND GRN/Moh Request GRN  Schedule 8" classname="Test Cases/TEST/MOH REQUEST AND GRN/Moh Request GRN  Schedule 8" status="PASSED">
         <system-out><![CDATA[2018-06-10 21:56:45 - [TEST_CASE][PASSED] - Test Cases/TEST/MOH REQUEST AND GRN/Moh Request GRN  Schedule 8: Test Cases/TEST/MOH REQUEST AND GRN/Moh Request GRN  Schedule 8

2018-06-10 21:56:45 - [TEST_STEP][PASSED] - openBrowser: Browser is opened with url: ''

2018-06-10 21:56:47 - [MESSAGE][PASSED] - Browser is opened with url: ''

2018-06-10 21:56:47 - [TEST_STEP][PASSED] - navigateToUrl: Navigate to 'http://192.168.137.1/multihospital_new/' successfully

2018-06-10 21:56:49 - [MESSAGE][PASSED] - Navigate to 'http://192.168.137.1/multihospital_new/' successfully

2018-06-10 21:56:49 - [TEST_STEP][PASSED] - maximizeWindow: Current window maximized

2018-06-10 21:56:50 - [MESSAGE][PASSED] - Current window maximized

2018-06-10 21:56:50 - [TEST_STEP][PASSED] - click: Object: 'Object Repository/MOH AND GRN/Page_KDMC/a_CMS' is clicked on

2018-06-10 21:56:51 - [MESSAGE][PASSED] - Object: 'Object Repository/MOH AND GRN/Page_KDMC/a_CMS' is clicked on

2018-06-10 21:56:51 - [TEST_STEP][PASSED] - setText: Text 'bala' is set on object 'Object Repository/MOH AND GRN/Page_CMS login/input_txtusername'

2018-06-10 21:56:51 - [MESSAGE][PASSED] - Text 'bala' is set on object 'Object Repository/MOH AND GRN/Page_CMS login/input_txtusername'

2018-06-10 21:56:51 - [TEST_STEP][PASSED] - setText: Text '123' is set on object 'Object Repository/MOH AND GRN/Page_CMS login/input_txtpassword'

2018-06-10 21:56:51 - [MESSAGE][PASSED] - Text '123' is set on object 'Object Repository/MOH AND GRN/Page_CMS login/input_txtpassword'

2018-06-10 21:56:51 - [TEST_STEP][PASSED] - delay: Delayed 3 second(s)

2018-06-10 21:56:54 - [MESSAGE][PASSED] - Delayed 3 second(s)

2018-06-10 21:56:54 - [TEST_STEP][PASSED] - click: Object: 'Object Repository/MOH AND GRN/Page_CMS login/button_Sign in' is clicked on

2018-06-10 21:56:55 - [MESSAGE][PASSED] - Object: 'Object Repository/MOH AND GRN/Page_CMS login/button_Sign in' is clicked on

2018-06-10 21:56:55 - [TEST_STEP][PASSED] - click: Object: 'Object Repository/MOH AND GRN/Page_KDMC - CMS/a_Request to MOH' is clicked on

2018-06-10 21:56:56 - [MESSAGE][PASSED] - Object: 'Object Repository/MOH AND GRN/Page_KDMC - CMS/a_Request to MOH' is clicked on

2018-06-10 21:56:56 - [TEST_STEP][PASSED] - selectOptionByIndex: All options with index in [2] are selected on object 'Object Repository/MOH AND GRN/Page_KDMC - CMS/select_--Select--'

2018-06-10 21:56:56 - [MESSAGE][PASSED] - All options with index in [2] are selected on object 'Object Repository/MOH AND GRN/Page_KDMC - CMS/select_--Select--'

2018-06-10 21:56:56 - [TEST_STEP][PASSED] - selectOptionByIndex: All options with index in [8] are selected on object 'Object Repository/MOH AND GRN/Page_KDMC - CMS/select_--Select--Schedule 1Inj'

2018-06-10 21:56:57 - [MESSAGE][PASSED] - All options with index in [8] are selected on object 'Object Repository/MOH AND GRN/Page_KDMC - CMS/select_--Select--Schedule 1Inj'

2018-06-10 21:56:57 - [TEST_STEP][PASSED] - Statement - selectedoptions = com.kms.katalon.core.webui.keyword.WebUiBuiltInKeywords.getNumberOfTotalOption(com.kms.katalon.core.testobject.ObjectRepository.findTestObject(MOH AND GRN/Page_KDMC - CMS/select_--Select--Adernaline 0.)): 18 options of object 'Object Repository/MOH AND GRN/Page_KDMC - CMS/select_--Select--Adernaline 0.' counted

2018-06-10 21:56:57 - [MESSAGE][PASSED] - 18 options of object 'Object Repository/MOH AND GRN/Page_KDMC - CMS/select_--Select--Adernaline 0.' counted

2018-06-10 21:56:57 - [TEST_STEP][PASSED] - Statement - For ([j = 1, j <= selectedoptions - 1, (j++)]): Object: 'Object Repository/MOH AND GRN/Page_KDMC - CMS/button_Add' is clicked on

2018-06-10 21:56:57 - [TEST_STEP][PASSED] - selectOptionByIndex: All options with index in [8] are selected on object 'Object Repository/MOH AND GRN/Page_KDMC - CMS/select_--Select--Schedule 1Inj'

2018-06-10 21:56:57 - [MESSAGE][PASSED] - All options with index in [8] are selected on object 'Object Repository/MOH AND GRN/Page_KDMC - CMS/select_--Select--Schedule 1Inj'

2018-06-10 21:56:57 - [TEST_STEP][PASSED] - selectOptionByIndex: All options with index in [1] are selected on object 'Object Repository/MOH AND GRN/Page_KDMC - CMS/select_--Select--Adernaline 0.'

2018-06-10 21:56:57 - [MESSAGE][PASSED] - All options with index in [1] are selected on object 'Object Repository/MOH AND GRN/Page_KDMC - CMS/select_--Select--Adernaline 0.'

2018-06-10 21:56:57 - [TEST_STEP][PASSED] - setText: Text '5000' is set on object 'Object Repository/MOH AND GRN/Page_KDMC - CMS/input_txttreat'

2018-06-10 21:56:57 - [MESSAGE][PASSED] - Text '5000' is set on object 'Object Repository/MOH AND GRN/Page_KDMC - CMS/input_txttreat'

2018-06-10 21:56:57 - [TEST_STEP][PASSED] - click: Object: 'Object Repository/MOH AND GRN/Page_KDMC - CMS/button_Add' is clicked on

2018-06-10 21:56:57 - [MESSAGE][PASSED] - Object: 'Object Repository/MOH AND GRN/Page_KDMC - CMS/button_Add' is clicked on

2018-06-10 21:56:57 - [TEST_STEP][PASSED] - selectOptionByIndex: All options with index in [8] are selected on object 'Object Repository/MOH AND GRN/Page_KDMC - CMS/select_--Select--Schedule 1Inj'

2018-06-10 21:56:57 - [MESSAGE][PASSED] - All options with index in [8] are selected on object 'Object Repository/MOH AND GRN/Page_KDMC - CMS/select_--Select--Schedule 1Inj'

2018-06-10 21:56:57 - [TEST_STEP][PASSED] - selectOptionByIndex: All options with index in [2] are selected on object 'Object Repository/MOH AND GRN/Page_KDMC - CMS/select_--Select--Adernaline 0.'

2018-06-10 21:56:58 - [MESSAGE][PASSED] - All options with index in [2] are selected on object 'Object Repository/MOH AND GRN/Page_KDMC - CMS/select_--Select--Adernaline 0.'

2018-06-10 21:56:58 - [TEST_STEP][PASSED] - setText: Text '5000' is set on object 'Object Repository/MOH AND GRN/Page_KDMC - CMS/input_txttreat'

2018-06-10 21:56:58 - [MESSAGE][PASSED] - Text '5000' is set on object 'Object Repository/MOH AND GRN/Page_KDMC - CMS/input_txttreat'

2018-06-10 21:56:58 - [TEST_STEP][PASSED] - click: Object: 'Object Repository/MOH AND GRN/Page_KDMC - CMS/button_Add' is clicked on

2018-06-10 21:56:58 - [MESSAGE][PASSED] - Object: 'Object Repository/MOH AND GRN/Page_KDMC - CMS/button_Add' is clicked on

2018-06-10 21:56:58 - [TEST_STEP][PASSED] - selectOptionByIndex: All options with index in [8] are selected on object 'Object Repository/MOH AND GRN/Page_KDMC - CMS/select_--Select--Schedule 1Inj'

2018-06-10 21:56:58 - [MESSAGE][PASSED] - All options with index in [8] are selected on object 'Object Repository/MOH AND GRN/Page_KDMC - CMS/select_--Select--Schedule 1Inj'

2018-06-10 21:56:58 - [TEST_STEP][PASSED] - selectOptionByIndex: All options with index in [3] are selected on object 'Object Repository/MOH AND GRN/Page_KDMC - CMS/select_--Select--Adernaline 0.'

2018-06-10 21:56:58 - [MESSAGE][PASSED] - All options with index in [3] are selected on object 'Object Repository/MOH AND GRN/Page_KDMC - CMS/select_--Select--Adernaline 0.'

2018-06-10 21:56:58 - [TEST_STEP][PASSED] - setText: Text '5000' is set on object 'Object Repository/MOH AND GRN/Page_KDMC - CMS/input_txttreat'

2018-06-10 21:56:58 - [MESSAGE][PASSED] - Text '5000' is set on object 'Object Repository/MOH AND GRN/Page_KDMC - CMS/input_txttreat'

2018-06-10 21:56:58 - [TEST_STEP][PASSED] - click: Object: 'Object Repository/MOH AND GRN/Page_KDMC - CMS/button_Add' is clicked on

2018-06-10 21:56:58 - [MESSAGE][PASSED] - Object: 'Object Repository/MOH AND GRN/Page_KDMC - CMS/button_Add' is clicked on

2018-06-10 21:56:58 - [TEST_STEP][PASSED] - selectOptionByIndex: All options with index in [8] are selected on object 'Object Repository/MOH AND GRN/Page_KDMC - CMS/select_--Select--Schedule 1Inj'

2018-06-10 21:56:58 - [MESSAGE][PASSED] - All options with index in [8] are selected on object 'Object Repository/MOH AND GRN/Page_KDMC - CMS/select_--Select--Schedule 1Inj'

2018-06-10 21:56:58 - [TEST_STEP][PASSED] - selectOptionByIndex: All options with index in [4] are selected on object 'Object Repository/MOH AND GRN/Page_KDMC - CMS/select_--Select--Adernaline 0.'

2018-06-10 21:56:58 - [MESSAGE][PASSED] - All options with index in [4] are selected on object 'Object Repository/MOH AND GRN/Page_KDMC - CMS/select_--Select--Adernaline 0.'

2018-06-10 21:56:58 - [TEST_STEP][PASSED] - setText: Text '5000' is set on object 'Object Repository/MOH AND GRN/Page_KDMC - CMS/input_txttreat'

2018-06-10 21:56:59 - [MESSAGE][PASSED] - Text '5000' is set on object 'Object Repository/MOH AND GRN/Page_KDMC - CMS/input_txttreat'

2018-06-10 21:56:59 - [TEST_STEP][PASSED] - click: Object: 'Object Repository/MOH AND GRN/Page_KDMC - CMS/button_Add' is clicked on

2018-06-10 21:56:59 - [MESSAGE][PASSED] - Object: 'Object Repository/MOH AND GRN/Page_KDMC - CMS/button_Add' is clicked on

2018-06-10 21:56:59 - [TEST_STEP][PASSED] - selectOptionByIndex: All options with index in [8] are selected on object 'Object Repository/MOH AND GRN/Page_KDMC - CMS/select_--Select--Schedule 1Inj'

2018-06-10 21:56:59 - [MESSAGE][PASSED] - All options with index in [8] are selected on object 'Object Repository/MOH AND GRN/Page_KDMC - CMS/select_--Select--Schedule 1Inj'

2018-06-10 21:56:59 - [TEST_STEP][PASSED] - selectOptionByIndex: All options with index in [5] are selected on object 'Object Repository/MOH AND GRN/Page_KDMC - CMS/select_--Select--Adernaline 0.'

2018-06-10 21:56:59 - [MESSAGE][PASSED] - All options with index in [5] are selected on object 'Object Repository/MOH AND GRN/Page_KDMC - CMS/select_--Select--Adernaline 0.'

2018-06-10 21:56:59 - [TEST_STEP][PASSED] - setText: Text '5000' is set on object 'Object Repository/MOH AND GRN/Page_KDMC - CMS/input_txttreat'

2018-06-10 21:56:59 - [MESSAGE][PASSED] - Text '5000' is set on object 'Object Repository/MOH AND GRN/Page_KDMC - CMS/input_txttreat'

2018-06-10 21:56:59 - [TEST_STEP][PASSED] - click: Object: 'Object Repository/MOH AND GRN/Page_KDMC - CMS/button_Add' is clicked on

2018-06-10 21:56:59 - [MESSAGE][PASSED] - Object: 'Object Repository/MOH AND GRN/Page_KDMC - CMS/button_Add' is clicked on

2018-06-10 21:56:59 - [TEST_STEP][PASSED] - selectOptionByIndex: All options with index in [8] are selected on object 'Object Repository/MOH AND GRN/Page_KDMC - CMS/select_--Select--Schedule 1Inj'

2018-06-10 21:56:59 - [MESSAGE][PASSED] - All options with index in [8] are selected on object 'Object Repository/MOH AND GRN/Page_KDMC - CMS/select_--Select--Schedule 1Inj'

2018-06-10 21:56:59 - [TEST_STEP][PASSED] - selectOptionByIndex: All options with index in [6] are selected on object 'Object Repository/MOH AND GRN/Page_KDMC - CMS/select_--Select--Adernaline 0.'

2018-06-10 21:56:59 - [MESSAGE][PASSED] - All options with index in [6] are selected on object 'Object Repository/MOH AND GRN/Page_KDMC - CMS/select_--Select--Adernaline 0.'

2018-06-10 21:56:59 - [TEST_STEP][PASSED] - setText: Text '5000' is set on object 'Object Repository/MOH AND GRN/Page_KDMC - CMS/input_txttreat'

2018-06-10 21:57:00 - [MESSAGE][PASSED] - Text '5000' is set on object 'Object Repository/MOH AND GRN/Page_KDMC - CMS/input_txttreat'

2018-06-10 21:57:00 - [TEST_STEP][PASSED] - click: Object: 'Object Repository/MOH AND GRN/Page_KDMC - CMS/button_Add' is clicked on

2018-06-10 21:57:00 - [MESSAGE][PASSED] - Object: 'Object Repository/MOH AND GRN/Page_KDMC - CMS/button_Add' is clicked on

2018-06-10 21:57:00 - [TEST_STEP][PASSED] - selectOptionByIndex: All options with index in [8] are selected on object 'Object Repository/MOH AND GRN/Page_KDMC - CMS/select_--Select--Schedule 1Inj'

2018-06-10 21:57:00 - [MESSAGE][PASSED] - All options with index in [8] are selected on object 'Object Repository/MOH AND GRN/Page_KDMC - CMS/select_--Select--Schedule 1Inj'

2018-06-10 21:57:00 - [TEST_STEP][PASSED] - selectOptionByIndex: All options with index in [7] are selected on object 'Object Repository/MOH AND GRN/Page_KDMC - CMS/select_--Select--Adernaline 0.'

2018-06-10 21:57:00 - [MESSAGE][PASSED] - All options with index in [7] are selected on object 'Object Repository/MOH AND GRN/Page_KDMC - CMS/select_--Select--Adernaline 0.'

2018-06-10 21:57:00 - [TEST_STEP][PASSED] - setText: Text '5000' is set on object 'Object Repository/MOH AND GRN/Page_KDMC - CMS/input_txttreat'

2018-06-10 21:57:00 - [MESSAGE][PASSED] - Text '5000' is set on object 'Object Repository/MOH AND GRN/Page_KDMC - CMS/input_txttreat'

2018-06-10 21:57:00 - [TEST_STEP][PASSED] - click: Object: 'Object Repository/MOH AND GRN/Page_KDMC - CMS/button_Add' is clicked on

2018-06-10 21:57:00 - [MESSAGE][PASSED] - Object: 'Object Repository/MOH AND GRN/Page_KDMC - CMS/button_Add' is clicked on

2018-06-10 21:57:00 - [TEST_STEP][PASSED] - selectOptionByIndex: All options with index in [8] are selected on object 'Object Repository/MOH AND GRN/Page_KDMC - CMS/select_--Select--Schedule 1Inj'

2018-06-10 21:57:00 - [MESSAGE][PASSED] - All options with index in [8] are selected on object 'Object Repository/MOH AND GRN/Page_KDMC - CMS/select_--Select--Schedule 1Inj'

2018-06-10 21:57:00 - [TEST_STEP][PASSED] - selectOptionByIndex: All options with index in [8] are selected on object 'Object Repository/MOH AND GRN/Page_KDMC - CMS/select_--Select--Adernaline 0.'

2018-06-10 21:57:01 - [MESSAGE][PASSED] - All options with index in [8] are selected on object 'Object Repository/MOH AND GRN/Page_KDMC - CMS/select_--Select--Adernaline 0.'

2018-06-10 21:57:01 - [TEST_STEP][PASSED] - setText: Text '5000' is set on object 'Object Repository/MOH AND GRN/Page_KDMC - CMS/input_txttreat'

2018-06-10 21:57:01 - [MESSAGE][PASSED] - Text '5000' is set on object 'Object Repository/MOH AND GRN/Page_KDMC - CMS/input_txttreat'

2018-06-10 21:57:01 - [TEST_STEP][PASSED] - click: Object: 'Object Repository/MOH AND GRN/Page_KDMC - CMS/button_Add' is clicked on

2018-06-10 21:57:01 - [MESSAGE][PASSED] - Object: 'Object Repository/MOH AND GRN/Page_KDMC - CMS/button_Add' is clicked on

2018-06-10 21:57:01 - [TEST_STEP][PASSED] - selectOptionByIndex: All options with index in [8] are selected on object 'Object Repository/MOH AND GRN/Page_KDMC - CMS/select_--Select--Schedule 1Inj'

2018-06-10 21:57:01 - [MESSAGE][PASSED] - All options with index in [8] are selected on object 'Object Repository/MOH AND GRN/Page_KDMC - CMS/select_--Select--Schedule 1Inj'

2018-06-10 21:57:01 - [TEST_STEP][PASSED] - selectOptionByIndex: All options with index in [9] are selected on object 'Object Repository/MOH AND GRN/Page_KDMC - CMS/select_--Select--Adernaline 0.'

2018-06-10 21:57:01 - [MESSAGE][PASSED] - All options with index in [9] are selected on object 'Object Repository/MOH AND GRN/Page_KDMC - CMS/select_--Select--Adernaline 0.'

2018-06-10 21:57:01 - [TEST_STEP][PASSED] - setText: Text '5000' is set on object 'Object Repository/MOH AND GRN/Page_KDMC - CMS/input_txttreat'

2018-06-10 21:57:01 - [MESSAGE][PASSED] - Text '5000' is set on object 'Object Repository/MOH AND GRN/Page_KDMC - CMS/input_txttreat'

2018-06-10 21:57:01 - [TEST_STEP][PASSED] - click: Object: 'Object Repository/MOH AND GRN/Page_KDMC - CMS/button_Add' is clicked on

2018-06-10 21:57:01 - [MESSAGE][PASSED] - Object: 'Object Repository/MOH AND GRN/Page_KDMC - CMS/button_Add' is clicked on

2018-06-10 21:57:01 - [TEST_STEP][PASSED] - selectOptionByIndex: All options with index in [8] are selected on object 'Object Repository/MOH AND GRN/Page_KDMC - CMS/select_--Select--Schedule 1Inj'

2018-06-10 21:57:01 - [MESSAGE][PASSED] - All options with index in [8] are selected on object 'Object Repository/MOH AND GRN/Page_KDMC - CMS/select_--Select--Schedule 1Inj'

2018-06-10 21:57:01 - [TEST_STEP][PASSED] - selectOptionByIndex: All options with index in [10] are selected on object 'Object Repository/MOH AND GRN/Page_KDMC - CMS/select_--Select--Adernaline 0.'

2018-06-10 21:57:02 - [MESSAGE][PASSED] - All options with index in [10] are selected on object 'Object Repository/MOH AND GRN/Page_KDMC - CMS/select_--Select--Adernaline 0.'

2018-06-10 21:57:02 - [TEST_STEP][PASSED] - setText: Text '5000' is set on object 'Object Repository/MOH AND GRN/Page_KDMC - CMS/input_txttreat'

2018-06-10 21:57:02 - [MESSAGE][PASSED] - Text '5000' is set on object 'Object Repository/MOH AND GRN/Page_KDMC - CMS/input_txttreat'

2018-06-10 21:57:02 - [TEST_STEP][PASSED] - click: Object: 'Object Repository/MOH AND GRN/Page_KDMC - CMS/button_Add' is clicked on

2018-06-10 21:57:02 - [MESSAGE][PASSED] - Object: 'Object Repository/MOH AND GRN/Page_KDMC - CMS/button_Add' is clicked on

2018-06-10 21:57:02 - [TEST_STEP][PASSED] - selectOptionByIndex: All options with index in [8] are selected on object 'Object Repository/MOH AND GRN/Page_KDMC - CMS/select_--Select--Schedule 1Inj'

2018-06-10 21:57:02 - [MESSAGE][PASSED] - All options with index in [8] are selected on object 'Object Repository/MOH AND GRN/Page_KDMC - CMS/select_--Select--Schedule 1Inj'

2018-06-10 21:57:02 - [TEST_STEP][PASSED] - selectOptionByIndex: All options with index in [11] are selected on object 'Object Repository/MOH AND GRN/Page_KDMC - CMS/select_--Select--Adernaline 0.'

2018-06-10 21:57:02 - [MESSAGE][PASSED] - All options with index in [11] are selected on object 'Object Repository/MOH AND GRN/Page_KDMC - CMS/select_--Select--Adernaline 0.'

2018-06-10 21:57:02 - [TEST_STEP][PASSED] - setText: Text '5000' is set on object 'Object Repository/MOH AND GRN/Page_KDMC - CMS/input_txttreat'

2018-06-10 21:57:02 - [MESSAGE][PASSED] - Text '5000' is set on object 'Object Repository/MOH AND GRN/Page_KDMC - CMS/input_txttreat'

2018-06-10 21:57:02 - [TEST_STEP][PASSED] - click: Object: 'Object Repository/MOH AND GRN/Page_KDMC - CMS/button_Add' is clicked on

2018-06-10 21:57:02 - [MESSAGE][PASSED] - Object: 'Object Repository/MOH AND GRN/Page_KDMC - CMS/button_Add' is clicked on

2018-06-10 21:57:02 - [TEST_STEP][PASSED] - selectOptionByIndex: All options with index in [8] are selected on object 'Object Repository/MOH AND GRN/Page_KDMC - CMS/select_--Select--Schedule 1Inj'

2018-06-10 21:57:03 - [MESSAGE][PASSED] - All options with index in [8] are selected on object 'Object Repository/MOH AND GRN/Page_KDMC - CMS/select_--Select--Schedule 1Inj'

2018-06-10 21:57:03 - [TEST_STEP][PASSED] - selectOptionByIndex: All options with index in [12] are selected on object 'Object Repository/MOH AND GRN/Page_KDMC - CMS/select_--Select--Adernaline 0.'

2018-06-10 21:57:03 - [MESSAGE][PASSED] - All options with index in [12] are selected on object 'Object Repository/MOH AND GRN/Page_KDMC - CMS/select_--Select--Adernaline 0.'

2018-06-10 21:57:03 - [TEST_STEP][PASSED] - setText: Text '5000' is set on object 'Object Repository/MOH AND GRN/Page_KDMC - CMS/input_txttreat'

2018-06-10 21:57:03 - [MESSAGE][PASSED] - Text '5000' is set on object 'Object Repository/MOH AND GRN/Page_KDMC - CMS/input_txttreat'

2018-06-10 21:57:03 - [TEST_STEP][PASSED] - click: Object: 'Object Repository/MOH AND GRN/Page_KDMC - CMS/button_Add' is clicked on

2018-06-10 21:57:03 - [MESSAGE][PASSED] - Object: 'Object Repository/MOH AND GRN/Page_KDMC - CMS/button_Add' is clicked on

2018-06-10 21:57:03 - [TEST_STEP][PASSED] - selectOptionByIndex: All options with index in [8] are selected on object 'Object Repository/MOH AND GRN/Page_KDMC - CMS/select_--Select--Schedule 1Inj'

2018-06-10 21:57:03 - [MESSAGE][PASSED] - All options with index in [8] are selected on object 'Object Repository/MOH AND GRN/Page_KDMC - CMS/select_--Select--Schedule 1Inj'

2018-06-10 21:57:03 - [TEST_STEP][PASSED] - selectOptionByIndex: All options with index in [13] are selected on object 'Object Repository/MOH AND GRN/Page_KDMC - CMS/select_--Select--Adernaline 0.'

2018-06-10 21:57:03 - [MESSAGE][PASSED] - All options with index in [13] are selected on object 'Object Repository/MOH AND GRN/Page_KDMC - CMS/select_--Select--Adernaline 0.'

2018-06-10 21:57:03 - [TEST_STEP][PASSED] - setText: Text '5000' is set on object 'Object Repository/MOH AND GRN/Page_KDMC - CMS/input_txttreat'

2018-06-10 21:57:03 - [MESSAGE][PASSED] - Text '5000' is set on object 'Object Repository/MOH AND GRN/Page_KDMC - CMS/input_txttreat'

2018-06-10 21:57:03 - [TEST_STEP][PASSED] - click: Object: 'Object Repository/MOH AND GRN/Page_KDMC - CMS/button_Add' is clicked on

2018-06-10 21:57:03 - [MESSAGE][PASSED] - Object: 'Object Repository/MOH AND GRN/Page_KDMC - CMS/button_Add' is clicked on

2018-06-10 21:57:03 - [TEST_STEP][PASSED] - selectOptionByIndex: All options with index in [8] are selected on object 'Object Repository/MOH AND GRN/Page_KDMC - CMS/select_--Select--Schedule 1Inj'

2018-06-10 21:57:04 - [MESSAGE][PASSED] - All options with index in [8] are selected on object 'Object Repository/MOH AND GRN/Page_KDMC - CMS/select_--Select--Schedule 1Inj'

2018-06-10 21:57:04 - [TEST_STEP][PASSED] - selectOptionByIndex: All options with index in [14] are selected on object 'Object Repository/MOH AND GRN/Page_KDMC - CMS/select_--Select--Adernaline 0.'

2018-06-10 21:57:04 - [MESSAGE][PASSED] - All options with index in [14] are selected on object 'Object Repository/MOH AND GRN/Page_KDMC - CMS/select_--Select--Adernaline 0.'

2018-06-10 21:57:04 - [TEST_STEP][PASSED] - setText: Text '5000' is set on object 'Object Repository/MOH AND GRN/Page_KDMC - CMS/input_txttreat'

2018-06-10 21:57:04 - [MESSAGE][PASSED] - Text '5000' is set on object 'Object Repository/MOH AND GRN/Page_KDMC - CMS/input_txttreat'

2018-06-10 21:57:04 - [TEST_STEP][PASSED] - click: Object: 'Object Repository/MOH AND GRN/Page_KDMC - CMS/button_Add' is clicked on

2018-06-10 21:57:04 - [MESSAGE][PASSED] - Object: 'Object Repository/MOH AND GRN/Page_KDMC - CMS/button_Add' is clicked on

2018-06-10 21:57:04 - [TEST_STEP][PASSED] - selectOptionByIndex: All options with index in [8] are selected on object 'Object Repository/MOH AND GRN/Page_KDMC - CMS/select_--Select--Schedule 1Inj'

2018-06-10 21:57:04 - [MESSAGE][PASSED] - All options with index in [8] are selected on object 'Object Repository/MOH AND GRN/Page_KDMC - CMS/select_--Select--Schedule 1Inj'

2018-06-10 21:57:04 - [TEST_STEP][PASSED] - selectOptionByIndex: All options with index in [15] are selected on object 'Object Repository/MOH AND GRN/Page_KDMC - CMS/select_--Select--Adernaline 0.'

2018-06-10 21:57:05 - [MESSAGE][PASSED] - All options with index in [15] are selected on object 'Object Repository/MOH AND GRN/Page_KDMC - CMS/select_--Select--Adernaline 0.'

2018-06-10 21:57:05 - [TEST_STEP][PASSED] - setText: Text '5000' is set on object 'Object Repository/MOH AND GRN/Page_KDMC - CMS/input_txttreat'

2018-06-10 21:57:05 - [MESSAGE][PASSED] - Text '5000' is set on object 'Object Repository/MOH AND GRN/Page_KDMC - CMS/input_txttreat'

2018-06-10 21:57:05 - [TEST_STEP][PASSED] - click: Object: 'Object Repository/MOH AND GRN/Page_KDMC - CMS/button_Add' is clicked on

2018-06-10 21:57:05 - [MESSAGE][PASSED] - Object: 'Object Repository/MOH AND GRN/Page_KDMC - CMS/button_Add' is clicked on

2018-06-10 21:57:05 - [TEST_STEP][PASSED] - selectOptionByIndex: All options with index in [8] are selected on object 'Object Repository/MOH AND GRN/Page_KDMC - CMS/select_--Select--Schedule 1Inj'

2018-06-10 21:57:05 - [MESSAGE][PASSED] - All options with index in [8] are selected on object 'Object Repository/MOH AND GRN/Page_KDMC - CMS/select_--Select--Schedule 1Inj'

2018-06-10 21:57:05 - [TEST_STEP][PASSED] - selectOptionByIndex: All options with index in [16] are selected on object 'Object Repository/MOH AND GRN/Page_KDMC - CMS/select_--Select--Adernaline 0.'

2018-06-10 21:57:05 - [MESSAGE][PASSED] - All options with index in [16] are selected on object 'Object Repository/MOH AND GRN/Page_KDMC - CMS/select_--Select--Adernaline 0.'

2018-06-10 21:57:05 - [TEST_STEP][PASSED] - setText: Text '5000' is set on object 'Object Repository/MOH AND GRN/Page_KDMC - CMS/input_txttreat'

2018-06-10 21:57:05 - [MESSAGE][PASSED] - Text '5000' is set on object 'Object Repository/MOH AND GRN/Page_KDMC - CMS/input_txttreat'

2018-06-10 21:57:05 - [TEST_STEP][PASSED] - click: Object: 'Object Repository/MOH AND GRN/Page_KDMC - CMS/button_Add' is clicked on

2018-06-10 21:57:05 - [MESSAGE][PASSED] - Object: 'Object Repository/MOH AND GRN/Page_KDMC - CMS/button_Add' is clicked on

2018-06-10 21:57:05 - [TEST_STEP][PASSED] - selectOptionByIndex: All options with index in [8] are selected on object 'Object Repository/MOH AND GRN/Page_KDMC - CMS/select_--Select--Schedule 1Inj'

2018-06-10 21:57:05 - [MESSAGE][PASSED] - All options with index in [8] are selected on object 'Object Repository/MOH AND GRN/Page_KDMC - CMS/select_--Select--Schedule 1Inj'

2018-06-10 21:57:05 - [TEST_STEP][PASSED] - selectOptionByIndex: All options with index in [17] are selected on object 'Object Repository/MOH AND GRN/Page_KDMC - CMS/select_--Select--Adernaline 0.'

2018-06-10 21:57:06 - [MESSAGE][PASSED] - All options with index in [17] are selected on object 'Object Repository/MOH AND GRN/Page_KDMC - CMS/select_--Select--Adernaline 0.'

2018-06-10 21:57:06 - [TEST_STEP][PASSED] - setText: Text '5000' is set on object 'Object Repository/MOH AND GRN/Page_KDMC - CMS/input_txttreat'

2018-06-10 21:57:06 - [MESSAGE][PASSED] - Text '5000' is set on object 'Object Repository/MOH AND GRN/Page_KDMC - CMS/input_txttreat'

2018-06-10 21:57:06 - [TEST_STEP][PASSED] - click: Object: 'Object Repository/MOH AND GRN/Page_KDMC - CMS/button_Add' is clicked on

2018-06-10 21:57:06 - [MESSAGE][PASSED] - Object: 'Object Repository/MOH AND GRN/Page_KDMC - CMS/button_Add' is clicked on

2018-06-10 21:57:06 - [TEST_STEP][PASSED] - scrollToElement: Scroll to object 'Object Repository/MOH AND GRN/Page_KDMC - CMS/input_btnsave' successfully

2018-06-10 21:57:06 - [MESSAGE][PASSED] - Scroll to object 'Object Repository/MOH AND GRN/Page_KDMC - CMS/input_btnsave' successfully

2018-06-10 21:57:06 - [TEST_STEP][PASSED] - click: Object: 'Object Repository/MOH AND GRN/Page_KDMC - CMS/input_btnsave' is clicked on

2018-06-10 21:57:06 - [MESSAGE][PASSED] - Object: 'Object Repository/MOH AND GRN/Page_KDMC - CMS/input_btnsave' is clicked on

2018-06-10 21:57:06 - [TEST_STEP][PASSED] - delay: Delayed 3 second(s)

2018-06-10 21:57:09 - [MESSAGE][PASSED] - Delayed 3 second(s)

2018-06-10 21:57:09 - [TEST_STEP][PASSED] - Statement - Request1 = com.kms.katalon.core.webui.keyword.WebUiBuiltInKeywords.getText(com.kms.katalon.core.testobject.ObjectRepository.findTestObject(MOH AND GRN/Page_KDMC - CMS/font_PRNO0505201876)): Text of object 'Object Repository/MOH AND GRN/Page_KDMC - CMS/font_PRNO0505201876' is: 'PRNO/10062018/364'

2018-06-10 21:57:09 - [MESSAGE][PASSED] - Text of object 'Object Repository/MOH AND GRN/Page_KDMC - CMS/font_PRNO0505201876' is: 'PRNO/10062018/364'

2018-06-10 21:57:09 - [TEST_STEP][PASSED] - Statement - out.println("Length OF The Medicine " + Request1): null

2018-06-10 21:57:09 - [TEST_STEP][PASSED] - Statement - RequestNUmber = Request1.split("/")[2].trim(): null

2018-06-10 21:57:09 - [TEST_STEP][PASSED] - Statement - out.println("ID IS " + RequestNUmber): null

2018-06-10 21:57:09 - [TEST_STEP][PASSED] - delay: Delayed 3 second(s)

2018-06-10 21:57:12 - [MESSAGE][PASSED] - Delayed 3 second(s)

2018-06-10 21:57:12 - [TEST_STEP][PASSED] - click: Object: 'Object Repository/MOH AND GRN/Page_KDMC - CMS/button_OK' is clicked on

2018-06-10 21:57:13 - [MESSAGE][PASSED] - Object: 'Object Repository/MOH AND GRN/Page_KDMC - CMS/button_OK' is clicked on

2018-06-10 21:57:13 - [TEST_STEP][PASSED] - click: Object: 'Object Repository/MOH AND GRN/Page_KDMC - CMS/a_dropdown-toggle' is clicked on

2018-06-10 21:57:14 - [MESSAGE][PASSED] - Object: 'Object Repository/MOH AND GRN/Page_KDMC - CMS/a_dropdown-toggle' is clicked on

2018-06-10 21:57:14 - [TEST_STEP][PASSED] - click: Object: 'Object Repository/MOH AND GRN/Page_KDMC - CMS/a_Sign out' is clicked on

2018-06-10 21:57:15 - [MESSAGE][PASSED] - Object: 'Object Repository/MOH AND GRN/Page_KDMC - CMS/a_Sign out' is clicked on

2018-06-10 21:57:15 - [TEST_STEP][PASSED] - delay: Delayed 4 second(s)

2018-06-10 21:57:19 - [MESSAGE][PASSED] - Delayed 4 second(s)

2018-06-10 21:57:19 - [TEST_STEP][PASSED] - click: Object: 'Object Repository/MOH AND GRN/Page_KDMC/a_Admin Master' is clicked on

2018-06-10 21:57:19 - [MESSAGE][PASSED] - Object: 'Object Repository/MOH AND GRN/Page_KDMC/a_Admin Master' is clicked on

2018-06-10 21:57:19 - [TEST_STEP][PASSED] - setText: Text 'admin' is set on object 'Object Repository/MOH AND GRN/Page_Admin login/input_txtusername'

2018-06-10 21:57:19 - [MESSAGE][PASSED] - Text 'admin' is set on object 'Object Repository/MOH AND GRN/Page_Admin login/input_txtusername'

2018-06-10 21:57:19 - [TEST_STEP][PASSED] - setText: Text 'admin123' is set on object 'Object Repository/MOH AND GRN/Page_Admin login/input_txtpassword'

2018-06-10 21:57:19 - [MESSAGE][PASSED] - Text 'admin123' is set on object 'Object Repository/MOH AND GRN/Page_Admin login/input_txtpassword'

2018-06-10 21:57:19 - [TEST_STEP][PASSED] - delay: Delayed 3 second(s)

2018-06-10 21:57:22 - [MESSAGE][PASSED] - Delayed 3 second(s)

2018-06-10 21:57:22 - [TEST_STEP][PASSED] - click: Object: 'Object Repository/MOH AND GRN/Page_Admin login/button_Sign in' is clicked on

2018-06-10 21:57:23 - [MESSAGE][PASSED] - Object: 'Object Repository/MOH AND GRN/Page_Admin login/button_Sign in' is clicked on

2018-06-10 21:57:23 - [TEST_STEP][PASSED] - delay: Delayed 20 second(s)

2018-06-10 21:57:43 - [MESSAGE][PASSED] - Delayed 20 second(s)

2018-06-10 21:57:43 - [TEST_STEP][PASSED] - scrollToPosition: Browser is scrolled to position x = 200, y = 200

2018-06-10 21:57:43 - [MESSAGE][PASSED] - Browser is scrolled to position x = 200, y = 200

2018-06-10 21:57:43 - [TEST_STEP][PASSED] - click: Object: 'Object Repository/MOH AND GRN/Page_KDMC/a_CMS_1' is clicked on

2018-06-10 21:57:43 - [MESSAGE][PASSED] - Object: 'Object Repository/MOH AND GRN/Page_KDMC/a_CMS_1' is clicked on

2018-06-10 21:57:43 - [TEST_STEP][PASSED] - click: Object: 'Object Repository/MOH AND GRN/Page_KDMC/a_Request List' is clicked on

2018-06-10 21:57:46 - [MESSAGE][PASSED] - Object: 'Object Repository/MOH AND GRN/Page_KDMC/a_Request List' is clicked on

2018-06-10 21:57:46 - [TEST_STEP][PASSED] - Statement - RequestNumberId = com.kms.katalon.core.webui.keyword.WebUiBuiltInKeywords.modifyObjectProperty(com.kms.katalon.core.testobject.ObjectRepository.findTestObject(MOH AND GRN/Page_KDMC - CMS/input_PO0032), "xpath", "equals", "//*[@id =" + RequestNUmber + "]", true): Modify property of object successfully

2018-06-10 21:57:46 - [MESSAGE][PASSED] - Modify property of object successfully

2018-06-10 21:57:46 - [TEST_STEP][PASSED] - click: Object: 'Object Repository/MOH AND GRN/Page_KDMC - CMS/input_PO0032' is clicked on

2018-06-10 21:57:46 - [MESSAGE][PASSED] - Object: 'Object Repository/MOH AND GRN/Page_KDMC - CMS/input_PO0032' is clicked on

2018-06-10 21:57:46 - [TEST_STEP][PASSED] - delay: Delayed 3 second(s)

2018-06-10 21:57:49 - [MESSAGE][PASSED] - Delayed 3 second(s)

2018-06-10 21:57:49 - [TEST_STEP][PASSED] - selectOptionByIndex: All options with index in [1] are selected on object 'Object Repository/MOH AND GRN/Page_KDMC/select_--Select--'

2018-06-10 21:57:49 - [MESSAGE][PASSED] - All options with index in [1] are selected on object 'Object Repository/MOH AND GRN/Page_KDMC/select_--Select--'

2018-06-10 21:57:49 - [TEST_STEP][PASSED] - click: Object: 'Object Repository/MOH AND GRN/Page_KDMC/input_btnupdate' is clicked on

2018-06-10 21:57:49 - [MESSAGE][PASSED] - Object: 'Object Repository/MOH AND GRN/Page_KDMC/input_btnupdate' is clicked on

2018-06-10 21:57:49 - [TEST_STEP][PASSED] - delay: Delayed 3 second(s)

2018-06-10 21:57:52 - [MESSAGE][PASSED] - Delayed 3 second(s)

2018-06-10 21:57:52 - [TEST_STEP][PASSED] - click: Object: 'Object Repository/MOH AND GRN/Page_KDMC/button_OK' is clicked on

2018-06-10 21:57:53 - [MESSAGE][PASSED] - Object: 'Object Repository/MOH AND GRN/Page_KDMC/button_OK' is clicked on

2018-06-10 21:57:53 - [TEST_STEP][PASSED] - delay: Delayed 3 second(s)

2018-06-10 21:57:56 - [MESSAGE][PASSED] - Delayed 3 second(s)

2018-06-10 21:57:56 - [TEST_STEP][PASSED] - scrollToPosition: Browser is scrolled to position x = 200, y = 200

2018-06-10 21:57:56 - [MESSAGE][PASSED] - Browser is scrolled to position x = 200, y = 200

2018-06-10 21:57:56 - [TEST_STEP][PASSED] - click: Object: 'Object Repository/MOH AND GRN/Page_KDMC/a_CMS_2' is clicked on

2018-06-10 21:57:56 - [MESSAGE][PASSED] - Object: 'Object Repository/MOH AND GRN/Page_KDMC/a_CMS_2' is clicked on

2018-06-10 21:57:56 - [TEST_STEP][PASSED] - delay: Delayed 2 second(s)

2018-06-10 21:57:58 - [MESSAGE][PASSED] - Delayed 2 second(s)

2018-06-10 21:57:58 - [TEST_STEP][PASSED] - click: Object: 'Object Repository/MOH AND GRN/Page_KDMC/a_Generate P.O' is clicked on

2018-06-10 21:57:59 - [MESSAGE][PASSED] - Object: 'Object Repository/MOH AND GRN/Page_KDMC/a_Generate P.O' is clicked on

2018-06-10 21:57:59 - [TEST_STEP][PASSED] - delay: Delayed 2 second(s)

2018-06-10 21:58:01 - [MESSAGE][PASSED] - Delayed 2 second(s)

2018-06-10 21:58:01 - [TEST_STEP][PASSED] - selectOptionByIndex: All options with index in [1] are selected on object 'Object Repository/MOH AND GRN/Page_KDMC/select_--Select--PRNO040520183'

2018-06-10 21:58:01 - [MESSAGE][PASSED] - All options with index in [1] are selected on object 'Object Repository/MOH AND GRN/Page_KDMC/select_--Select--PRNO040520183'

2018-06-10 21:58:01 - [TEST_STEP][PASSED] - selectOptionByIndex: All options with index in [10] are selected on object 'Object Repository/MOH AND GRN/Page_KDMC/select_--Select--Hamen Chandra'

2018-06-10 21:58:01 - [MESSAGE][PASSED] - All options with index in [10] are selected on object 'Object Repository/MOH AND GRN/Page_KDMC/select_--Select--Hamen Chandra'

2018-06-10 21:58:01 - [TEST_STEP][PASSED] - Statement - PONumber = com.kms.katalon.core.webui.keyword.WebUiBuiltInKeywords.getText(com.kms.katalon.core.testobject.ObjectRepository.findTestObject(MOH AND GRN/Page_KDMC/input_lblpono)).trim(): Text of object 'Object Repository/MOH AND GRN/Page_KDMC/input_lblpono' is: ''

2018-06-10 21:58:01 - [MESSAGE][PASSED] - Text of object 'Object Repository/MOH AND GRN/Page_KDMC/input_lblpono' is: ''

2018-06-10 21:58:01 - [TEST_STEP][PASSED] - Statement - PONumber1 = com.kms.katalon.core.webui.keyword.WebUiBuiltInKeywords.getAttribute(com.kms.katalon.core.testobject.ObjectRepository.findTestObject(MOH AND GRN/Page_KDMC/input_lblpono), "value").trim(): Attribute 'value' of object 'Object Repository/MOH AND GRN/Page_KDMC/input_lblpono' is: 'PO00215'

2018-06-10 21:58:01 - [MESSAGE][PASSED] - Attribute 'value' of object 'Object Repository/MOH AND GRN/Page_KDMC/input_lblpono' is: 'PO00215'

2018-06-10 21:58:01 - [TEST_STEP][PASSED] - Statement - out.println("PO NUMBER :" + PONumber): null

2018-06-10 21:58:01 - [TEST_STEP][PASSED] - Statement - out.println("PO NUMBER :" + PONumber1): null

2018-06-10 21:58:01 - [TEST_STEP][PASSED] - click: Object: 'Object Repository/MOH AND GRN/Page_KDMC/input_chkrem' is clicked on

2018-06-10 21:58:01 - [MESSAGE][PASSED] - Object: 'Object Repository/MOH AND GRN/Page_KDMC/input_chkrem' is clicked on

2018-06-10 21:58:01 - [TEST_STEP][PASSED] - scrollToElement: Scroll to object 'Object Repository/MOH AND GRN/Page_KDMC/input_btnreturn' successfully

2018-06-10 21:58:02 - [MESSAGE][PASSED] - Scroll to object 'Object Repository/MOH AND GRN/Page_KDMC/input_btnreturn' successfully

2018-06-10 21:58:02 - [TEST_STEP][PASSED] - click: Object: 'Object Repository/MOH AND GRN/Page_KDMC/input_btnreturn' is clicked on

2018-06-10 21:58:02 - [MESSAGE][PASSED] - Object: 'Object Repository/MOH AND GRN/Page_KDMC/input_btnreturn' is clicked on

2018-06-10 21:58:02 - [TEST_STEP][PASSED] - delay: Delayed 3 second(s)

2018-06-10 21:58:05 - [MESSAGE][PASSED] - Delayed 3 second(s)

2018-06-10 21:58:05 - [TEST_STEP][PASSED] - click: Object: 'Object Repository/MOH AND GRN/Page_KDMC/button_Yes' is clicked on

2018-06-10 21:58:05 - [MESSAGE][PASSED] - Object: 'Object Repository/MOH AND GRN/Page_KDMC/button_Yes' is clicked on

2018-06-10 21:58:05 - [TEST_STEP][PASSED] - delay: Delayed 3 second(s)

2018-06-10 21:58:08 - [MESSAGE][PASSED] - Delayed 3 second(s)

2018-06-10 21:58:08 - [TEST_STEP][PASSED] - click: Object: 'Object Repository/MOH AND GRN/Page_KDMC/button_OK' is clicked on

2018-06-10 21:58:08 - [MESSAGE][PASSED] - Object: 'Object Repository/MOH AND GRN/Page_KDMC/button_OK' is clicked on

2018-06-10 21:58:08 - [TEST_STEP][PASSED] - delay: Delayed 3 second(s)

2018-06-10 21:58:11 - [MESSAGE][PASSED] - Delayed 3 second(s)

2018-06-10 21:58:11 - [TEST_STEP][PASSED] - click: Object: 'Object Repository/MOH AND GRN/Page_KDMC/a_dropdown-toggle' is clicked on

2018-06-10 21:58:11 - [MESSAGE][PASSED] - Object: 'Object Repository/MOH AND GRN/Page_KDMC/a_dropdown-toggle' is clicked on

2018-06-10 21:58:11 - [TEST_STEP][PASSED] - click: Object: 'Object Repository/MOH AND GRN/Page_KDMC/a_Sign out' is clicked on

2018-06-10 21:58:12 - [MESSAGE][PASSED] - Object: 'Object Repository/MOH AND GRN/Page_KDMC/a_Sign out' is clicked on

2018-06-10 21:58:12 - [TEST_STEP][PASSED] - delay: Delayed 4 second(s)

2018-06-10 21:58:16 - [MESSAGE][PASSED] - Delayed 4 second(s)

2018-06-10 21:58:16 - [TEST_STEP][PASSED] - click: Object: 'Object Repository/MOH AND GRN/Page_KDMC/a_CMS' is clicked on

2018-06-10 21:58:16 - [MESSAGE][PASSED] - Object: 'Object Repository/MOH AND GRN/Page_KDMC/a_CMS' is clicked on

2018-06-10 21:58:16 - [TEST_STEP][PASSED] - setText: Text 'bala' is set on object 'Object Repository/MOH AND GRN/Page_CMS login/input_txtusername'

2018-06-10 21:58:17 - [MESSAGE][PASSED] - Text 'bala' is set on object 'Object Repository/MOH AND GRN/Page_CMS login/input_txtusername'

2018-06-10 21:58:17 - [TEST_STEP][PASSED] - setText: Text '123' is set on object 'Object Repository/MOH AND GRN/Page_CMS login/input_txtpassword'

2018-06-10 21:58:17 - [MESSAGE][PASSED] - Text '123' is set on object 'Object Repository/MOH AND GRN/Page_CMS login/input_txtpassword'

2018-06-10 21:58:17 - [TEST_STEP][PASSED] - delay: Delayed 3 second(s)

2018-06-10 21:58:20 - [MESSAGE][PASSED] - Delayed 3 second(s)

2018-06-10 21:58:20 - [TEST_STEP][PASSED] - click: Object: 'Object Repository/MOH AND GRN/Page_CMS login/button_Sign in' is clicked on

2018-06-10 21:58:20 - [MESSAGE][PASSED] - Object: 'Object Repository/MOH AND GRN/Page_CMS login/button_Sign in' is clicked on

2018-06-10 21:58:20 - [TEST_STEP][PASSED] - click: Object: 'Object Repository/MOH AND GRN/Page_KDMC - CMS/a_CMS Details' is clicked on

2018-06-10 21:58:20 - [MESSAGE][PASSED] - Object: 'Object Repository/MOH AND GRN/Page_KDMC - CMS/a_CMS Details' is clicked on

2018-06-10 21:58:20 - [TEST_STEP][PASSED] - delay: Delayed 2 second(s)

2018-06-10 21:58:22 - [MESSAGE][PASSED] - Delayed 2 second(s)

2018-06-10 21:58:22 - [TEST_STEP][PASSED] - click: Object: 'Object Repository/MOH AND GRN/Page_KDMC - CMS/a_Goods Receive' is clicked on

2018-06-10 21:58:23 - [MESSAGE][PASSED] - Object: 'Object Repository/MOH AND GRN/Page_KDMC - CMS/a_Goods Receive' is clicked on

2018-06-10 21:58:23 - [TEST_STEP][PASSED] - delay: Delayed 2 second(s)

2018-06-10 21:58:25 - [MESSAGE][PASSED] - Delayed 2 second(s)

2018-06-10 21:58:25 - [TEST_STEP][PASSED] - selectOptionByLabel: All options with label 'PO00215' are selected in object 'Object Repository/MOH AND GRN/Page_KDMC - CMS/select_--Select--PO0032PO0031P' 

2018-06-10 21:58:25 - [MESSAGE][PASSED] - All options with label 'PO00215' are selected in object 'Object Repository/MOH AND GRN/Page_KDMC - CMS/select_--Select--PO0032PO0031P' 

2018-06-10 21:58:25 - [TEST_STEP][PASSED] - setText: Finding Test Object with id 'Object Repository/MOH AND GRN/Page_KDMC - CMS/input_txtgrnno'

2018-06-10 21:58:25 - [TEST_STEP][PASSED] - Statement - switch (id): Text 'INV150.0' is set on object 'Object Repository/MOH AND GRN/Page_KDMC - CMS/input_txtgrnno'

2018-06-10 21:58:25 - [TEST_STEP][PASSED] - Statement - case 2:: Text 'INV150.0' is set on object 'Object Repository/MOH AND GRN/Page_KDMC - CMS/input_txtgrnno'

2018-06-10 21:58:25 - [TEST_STEP][PASSED] - Statement - return (java.lang.Math.floor((java.lang.Math.random() * ((max - min) + 1))) + min): Text 'INV150.0' is set on object 'Object Repository/MOH AND GRN/Page_KDMC - CMS/input_txtgrnno'

2018-06-10 21:58:25 - [MESSAGE][PASSED] - Text 'INV150.0' is set on object 'Object Repository/MOH AND GRN/Page_KDMC - CMS/input_txtgrnno'

2018-06-10 21:58:25 - [TEST_STEP][PASSED] - selectOptionByIndex: All options with index in [1] are selected on object 'Object Repository/MOH AND GRN/Page_KDMC - CMS/select_--Select--PERUMAL PHARM'

2018-06-10 21:58:25 - [MESSAGE][PASSED] - All options with index in [1] are selected on object 'Object Repository/MOH AND GRN/Page_KDMC - CMS/select_--Select--PERUMAL PHARM'

2018-06-10 21:58:25 - [TEST_STEP][PASSED] - setText: Text '14000' is set on object 'Object Repository/MOH AND GRN/Page_KDMC - CMS/input_txtgrnno_1'

2018-06-10 21:58:25 - [MESSAGE][PASSED] - Text '14000' is set on object 'Object Repository/MOH AND GRN/Page_KDMC - CMS/input_txtgrnno_1'

2018-06-10 21:58:25 - [TEST_STEP][PASSED] - setText: Text '400' is set on object 'Object Repository/MOH AND GRN/Page_KDMC - CMS/input_txtgrnno_2'

2018-06-10 21:58:26 - [MESSAGE][PASSED] - Text '400' is set on object 'Object Repository/MOH AND GRN/Page_KDMC - CMS/input_txtgrnno_2'

2018-06-10 21:58:26 - [TEST_STEP][PASSED] - setText: Finding Test Object with id 'Object Repository/MOH AND GRN/Page_KDMC - CMS/input_txtgrnno_3'

2018-06-10 21:58:26 - [TEST_STEP][PASSED] - Statement - switch (id): Text 'CH951.0' is set on object 'Object Repository/MOH AND GRN/Page_KDMC - CMS/input_txtgrnno_3'

2018-06-10 21:58:26 - [TEST_STEP][PASSED] - Statement - case 3:: Text 'CH951.0' is set on object 'Object Repository/MOH AND GRN/Page_KDMC - CMS/input_txtgrnno_3'

2018-06-10 21:58:26 - [TEST_STEP][PASSED] - Statement - return (java.lang.Math.floor((java.lang.Math.random() * ((max - min) + 1))) + min): Text 'CH951.0' is set on object 'Object Repository/MOH AND GRN/Page_KDMC - CMS/input_txtgrnno_3'

2018-06-10 21:58:26 - [MESSAGE][PASSED] - Text 'CH951.0' is set on object 'Object Repository/MOH AND GRN/Page_KDMC - CMS/input_txtgrnno_3'

2018-06-10 21:58:26 - [TEST_STEP][PASSED] - scrollToPosition: Browser is scrolled to position x = 200, y = 200

2018-06-10 21:58:26 - [MESSAGE][PASSED] - Browser is scrolled to position x = 200, y = 200

2018-06-10 21:58:26 - [TEST_STEP][PASSED] - Statement - GrnLength = com.kms.katalon.core.webui.keyword.WebUiBuiltInKeywords.getNumberOfTotalOption(com.kms.katalon.core.testobject.ObjectRepository.findTestObject(MOH AND GRN/Page_KDMC - CMS/select_--Select--Amikacin -500)): 18 options of object 'Object Repository/MOH AND GRN/Page_KDMC - CMS/select_--Select--Amikacin -500' counted

2018-06-10 21:58:26 - [MESSAGE][PASSED] - 18 options of object 'Object Repository/MOH AND GRN/Page_KDMC - CMS/select_--Select--Amikacin -500' counted

2018-06-10 21:58:26 - [TEST_STEP][PASSED] - Statement - out.println("Length OF The Medicine " + GrnLength): null

2018-06-10 21:58:26 - [TEST_STEP][PASSED] - Statement - s = 1: null

2018-06-10 21:58:26 - [TEST_STEP][PASSED] - Statement - For ([t = 1, t < GrnLength, (t++)]): Finding Test Object with id 'Object Repository/MOH AND GRN/Page_KDMC - CMS/input_txtmrp'

2018-06-10 21:58:26 - [TEST_STEP][PASSED] - selectOptionByIndex: All options with index in [1] are selected on object 'Object Repository/MOH AND GRN/Page_KDMC - CMS/select_--Select--Amikacin -500'

2018-06-10 21:58:26 - [MESSAGE][PASSED] - All options with index in [1] are selected on object 'Object Repository/MOH AND GRN/Page_KDMC - CMS/select_--Select--Amikacin -500'

2018-06-10 21:58:26 - [TEST_STEP][PASSED] - setText: Text '5000' is set on object 'Object Repository/MOH AND GRN/Page_KDMC - CMS/input_txtqty'

2018-06-10 21:58:26 - [MESSAGE][PASSED] - Text '5000' is set on object 'Object Repository/MOH AND GRN/Page_KDMC - CMS/input_txtqty'

2018-06-10 21:58:26 - [TEST_STEP][PASSED] - selectOptionByIndex: All options with index in [1] are selected on object 'Object Repository/MOH AND GRN/Page_KDMC - CMS/select_--Select--No Tax0'

2018-06-10 21:58:26 - [MESSAGE][PASSED] - All options with index in [1] are selected on object 'Object Repository/MOH AND GRN/Page_KDMC - CMS/select_--Select--No Tax0'

2018-06-10 21:58:26 - [TEST_STEP][PASSED] - setText: Finding Test Object with id 'Object Repository/MOH AND GRN/Page_KDMC - CMS/input_txtmrp'

2018-06-10 21:58:26 - [TEST_STEP][PASSED] - Statement - switch (id): Finding Test Object with id 'Object Repository/MOH AND GRN/Page_KDMC - CMS/input_txtdeal'

2018-06-10 21:58:26 - [TEST_STEP][PASSED] - Statement - case 4:: Text '35.0' is set on object 'Object Repository/MOH AND GRN/Page_KDMC - CMS/input_txtmrp'

2018-06-10 21:58:26 - [TEST_STEP][PASSED] - Statement - return (java.lang.Math.floor((java.lang.Math.random() * ((max - min) + 1))) + min): Text '35.0' is set on object 'Object Repository/MOH AND GRN/Page_KDMC - CMS/input_txtmrp'

2018-06-10 21:58:26 - [MESSAGE][PASSED] - Text '35.0' is set on object 'Object Repository/MOH AND GRN/Page_KDMC - CMS/input_txtmrp'

2018-06-10 21:58:26 - [TEST_STEP][PASSED] - setText: Finding Test Object with id 'Object Repository/MOH AND GRN/Page_KDMC - CMS/input_txtdeal'

2018-06-10 21:58:26 - [TEST_STEP][PASSED] - Statement - switch (id): Finding Test Object with id 'Object Repository/MOH AND GRN/Page_KDMC - CMS/input_txtbatchno'

2018-06-10 21:58:26 - [TEST_STEP][PASSED] - Statement - case 5:: Text '2.0' is set on object 'Object Repository/MOH AND GRN/Page_KDMC - CMS/input_txtdeal'

2018-06-10 21:58:26 - [TEST_STEP][PASSED] - Statement - return (java.lang.Math.floor((java.lang.Math.random() * ((max - min) + 1))) + min): Text '2.0' is set on object 'Object Repository/MOH AND GRN/Page_KDMC - CMS/input_txtdeal'

2018-06-10 21:58:26 - [MESSAGE][PASSED] - Text '2.0' is set on object 'Object Repository/MOH AND GRN/Page_KDMC - CMS/input_txtdeal'

2018-06-10 21:58:26 - [TEST_STEP][PASSED] - setText: Finding Test Object with id 'Object Repository/MOH AND GRN/Page_KDMC - CMS/input_txtbatchno'

2018-06-10 21:58:26 - [TEST_STEP][PASSED] - Statement - switch (id): Finding Test Object with id 'Object Repository/MOH AND GRN/Page_KDMC - CMS/input_txtmrp'

2018-06-10 21:58:26 - [TEST_STEP][PASSED] - Statement - case 1:: Text 'BA429.0' is set on object 'Object Repository/MOH AND GRN/Page_KDMC - CMS/input_txtbatchno'

2018-06-10 21:58:26 - [TEST_STEP][PASSED] - Statement - return (java.lang.Math.floor((java.lang.Math.random() * ((max - min) + 1))) + min): Text 'BA429.0' is set on object 'Object Repository/MOH AND GRN/Page_KDMC - CMS/input_txtbatchno'

2018-06-10 21:58:27 - [MESSAGE][PASSED] - Text 'BA429.0' is set on object 'Object Repository/MOH AND GRN/Page_KDMC - CMS/input_txtbatchno'

2018-06-10 21:58:27 - [TEST_STEP][PASSED] - rightClick: Object: 'Object Repository/GRN/Page_KDMC - CMS/input_txtexpdate' is right clicked on

2018-06-10 21:58:27 - [MESSAGE][PASSED] - Object: 'Object Repository/GRN/Page_KDMC - CMS/input_txtexpdate' is right clicked on

2018-06-10 21:58:27 - [TEST_STEP][PASSED] - selectOptionByIndex: All options with index in [1] are selected on object 'Object Repository/GRN/Page_KDMC - CMS/select_20182019202020212022202'

2018-06-10 21:58:27 - [MESSAGE][PASSED] - All options with index in [1] are selected on object 'Object Repository/GRN/Page_KDMC - CMS/select_20182019202020212022202'

2018-06-10 21:58:27 - [TEST_STEP][PASSED] - selectOptionByIndex: All options with index in [1] are selected on object 'Object Repository/GRN/Page_KDMC - CMS/select_JanFebMarAprMayJunJulAu'

2018-06-10 21:58:27 - [MESSAGE][PASSED] - All options with index in [1] are selected on object 'Object Repository/GRN/Page_KDMC - CMS/select_JanFebMarAprMayJunJulAu'

2018-06-10 21:58:27 - [TEST_STEP][PASSED] - click: Object: 'Object Repository/MOH AND GRN/Page_KDMC - CMS/a_12' is clicked on

2018-06-10 21:58:27 - [MESSAGE][PASSED] - Object: 'Object Repository/MOH AND GRN/Page_KDMC - CMS/a_12' is clicked on

2018-06-10 21:58:27 - [TEST_STEP][PASSED] - click: Object: 'Object Repository/MOH AND GRN/Page_KDMC - CMS/input_btnadd' is clicked on

2018-06-10 21:58:27 - [MESSAGE][PASSED] - Object: 'Object Repository/MOH AND GRN/Page_KDMC - CMS/input_btnadd' is clicked on

2018-06-10 21:58:27 - [TEST_STEP][PASSED] - Statement - If (s == 10): null

2018-06-10 21:58:27 - [TEST_STEP][PASSED] - Statement - Else: null

2018-06-10 21:58:27 - [TEST_STEP][PASSED] - Statement - (s++): null

2018-06-10 21:58:27 - [TEST_STEP][PASSED] - delay: Delayed 1 second(s)

2018-06-10 21:58:28 - [MESSAGE][PASSED] - Delayed 1 second(s)

2018-06-10 21:58:28 - [TEST_STEP][PASSED] - selectOptionByIndex: All options with index in [2] are selected on object 'Object Repository/MOH AND GRN/Page_KDMC - CMS/select_--Select--Amikacin -500'

2018-06-10 21:58:28 - [MESSAGE][PASSED] - All options with index in [2] are selected on object 'Object Repository/MOH AND GRN/Page_KDMC - CMS/select_--Select--Amikacin -500'

2018-06-10 21:58:28 - [TEST_STEP][PASSED] - setText: Text '5000' is set on object 'Object Repository/MOH AND GRN/Page_KDMC - CMS/input_txtqty'

2018-06-10 21:58:29 - [MESSAGE][PASSED] - Text '5000' is set on object 'Object Repository/MOH AND GRN/Page_KDMC - CMS/input_txtqty'

2018-06-10 21:58:29 - [TEST_STEP][PASSED] - selectOptionByIndex: All options with index in [1] are selected on object 'Object Repository/MOH AND GRN/Page_KDMC - CMS/select_--Select--No Tax0'

2018-06-10 21:58:29 - [MESSAGE][PASSED] - All options with index in [1] are selected on object 'Object Repository/MOH AND GRN/Page_KDMC - CMS/select_--Select--No Tax0'

2018-06-10 21:58:29 - [TEST_STEP][PASSED] - setText: Finding Test Object with id 'Object Repository/MOH AND GRN/Page_KDMC - CMS/input_txtmrp'

2018-06-10 21:58:29 - [TEST_STEP][PASSED] - Statement - switch (id): Finding Test Object with id 'Object Repository/MOH AND GRN/Page_KDMC - CMS/input_txtdeal'

2018-06-10 21:58:29 - [TEST_STEP][PASSED] - Statement - case 4:: Text '22.0' is set on object 'Object Repository/MOH AND GRN/Page_KDMC - CMS/input_txtmrp'

2018-06-10 21:58:29 - [TEST_STEP][PASSED] - Statement - return (java.lang.Math.floor((java.lang.Math.random() * ((max - min) + 1))) + min): Text '22.0' is set on object 'Object Repository/MOH AND GRN/Page_KDMC - CMS/input_txtmrp'

2018-06-10 21:58:29 - [MESSAGE][PASSED] - Text '22.0' is set on object 'Object Repository/MOH AND GRN/Page_KDMC - CMS/input_txtmrp'

2018-06-10 21:58:29 - [TEST_STEP][PASSED] - setText: Finding Test Object with id 'Object Repository/MOH AND GRN/Page_KDMC - CMS/input_txtdeal'

2018-06-10 21:58:29 - [TEST_STEP][PASSED] - Statement - switch (id): Finding Test Object with id 'Object Repository/MOH AND GRN/Page_KDMC - CMS/input_txtbatchno'

2018-06-10 21:58:29 - [TEST_STEP][PASSED] - Statement - case 5:: Text '5.0' is set on object 'Object Repository/MOH AND GRN/Page_KDMC - CMS/input_txtdeal'

2018-06-10 21:58:29 - [TEST_STEP][PASSED] - Statement - return (java.lang.Math.floor((java.lang.Math.random() * ((max - min) + 1))) + min): Text '5.0' is set on object 'Object Repository/MOH AND GRN/Page_KDMC - CMS/input_txtdeal'

2018-06-10 21:58:29 - [MESSAGE][PASSED] - Text '5.0' is set on object 'Object Repository/MOH AND GRN/Page_KDMC - CMS/input_txtdeal'

2018-06-10 21:58:29 - [TEST_STEP][PASSED] - setText: Finding Test Object with id 'Object Repository/MOH AND GRN/Page_KDMC - CMS/input_txtbatchno'

2018-06-10 21:58:29 - [TEST_STEP][PASSED] - Statement - switch (id): Finding Test Object with id 'Object Repository/MOH AND GRN/Page_KDMC - CMS/input_txtmrp'

2018-06-10 21:58:29 - [TEST_STEP][PASSED] - Statement - case 1:: Text 'BA643.0' is set on object 'Object Repository/MOH AND GRN/Page_KDMC - CMS/input_txtbatchno'

2018-06-10 21:58:29 - [TEST_STEP][PASSED] - Statement - return (java.lang.Math.floor((java.lang.Math.random() * ((max - min) + 1))) + min): Text 'BA643.0' is set on object 'Object Repository/MOH AND GRN/Page_KDMC - CMS/input_txtbatchno'

2018-06-10 21:58:29 - [MESSAGE][PASSED] - Text 'BA643.0' is set on object 'Object Repository/MOH AND GRN/Page_KDMC - CMS/input_txtbatchno'

2018-06-10 21:58:29 - [TEST_STEP][PASSED] - rightClick: Object: 'Object Repository/GRN/Page_KDMC - CMS/input_txtexpdate' is right clicked on

2018-06-10 21:58:29 - [MESSAGE][PASSED] - Object: 'Object Repository/GRN/Page_KDMC - CMS/input_txtexpdate' is right clicked on

2018-06-10 21:58:29 - [TEST_STEP][PASSED] - selectOptionByIndex: All options with index in [2] are selected on object 'Object Repository/GRN/Page_KDMC - CMS/select_20182019202020212022202'

2018-06-10 21:58:29 - [MESSAGE][PASSED] - All options with index in [2] are selected on object 'Object Repository/GRN/Page_KDMC - CMS/select_20182019202020212022202'

2018-06-10 21:58:29 - [TEST_STEP][PASSED] - selectOptionByIndex: All options with index in [2] are selected on object 'Object Repository/GRN/Page_KDMC - CMS/select_JanFebMarAprMayJunJulAu'

2018-06-10 21:58:29 - [MESSAGE][PASSED] - All options with index in [2] are selected on object 'Object Repository/GRN/Page_KDMC - CMS/select_JanFebMarAprMayJunJulAu'

2018-06-10 21:58:29 - [TEST_STEP][PASSED] - click: Object: 'Object Repository/MOH AND GRN/Page_KDMC - CMS/a_12' is clicked on

2018-06-10 21:58:29 - [MESSAGE][PASSED] - Object: 'Object Repository/MOH AND GRN/Page_KDMC - CMS/a_12' is clicked on

2018-06-10 21:58:29 - [TEST_STEP][PASSED] - click: Object: 'Object Repository/MOH AND GRN/Page_KDMC - CMS/input_btnadd' is clicked on

2018-06-10 21:58:30 - [MESSAGE][PASSED] - Object: 'Object Repository/MOH AND GRN/Page_KDMC - CMS/input_btnadd' is clicked on

2018-06-10 21:58:30 - [TEST_STEP][PASSED] - Statement - If (s == 10): null

2018-06-10 21:58:30 - [TEST_STEP][PASSED] - Statement - Else: null

2018-06-10 21:58:30 - [TEST_STEP][PASSED] - Statement - (s++): null

2018-06-10 21:58:30 - [TEST_STEP][PASSED] - delay: Delayed 1 second(s)

2018-06-10 21:58:31 - [MESSAGE][PASSED] - Delayed 1 second(s)

2018-06-10 21:58:31 - [TEST_STEP][PASSED] - selectOptionByIndex: All options with index in [3] are selected on object 'Object Repository/MOH AND GRN/Page_KDMC - CMS/select_--Select--Amikacin -500'

2018-06-10 21:58:31 - [MESSAGE][PASSED] - All options with index in [3] are selected on object 'Object Repository/MOH AND GRN/Page_KDMC - CMS/select_--Select--Amikacin -500'

2018-06-10 21:58:31 - [TEST_STEP][PASSED] - setText: Text '5000' is set on object 'Object Repository/MOH AND GRN/Page_KDMC - CMS/input_txtqty'

2018-06-10 21:58:31 - [MESSAGE][PASSED] - Text '5000' is set on object 'Object Repository/MOH AND GRN/Page_KDMC - CMS/input_txtqty'

2018-06-10 21:58:31 - [TEST_STEP][PASSED] - selectOptionByIndex: All options with index in [1] are selected on object 'Object Repository/MOH AND GRN/Page_KDMC - CMS/select_--Select--No Tax0'

2018-06-10 21:58:31 - [MESSAGE][PASSED] - All options with index in [1] are selected on object 'Object Repository/MOH AND GRN/Page_KDMC - CMS/select_--Select--No Tax0'

2018-06-10 21:58:31 - [TEST_STEP][PASSED] - setText: Finding Test Object with id 'Object Repository/MOH AND GRN/Page_KDMC - CMS/input_txtmrp'

2018-06-10 21:58:31 - [TEST_STEP][PASSED] - Statement - switch (id): Finding Test Object with id 'Object Repository/MOH AND GRN/Page_KDMC - CMS/input_txtdeal'

2018-06-10 21:58:31 - [TEST_STEP][PASSED] - Statement - case 4:: Text '16.0' is set on object 'Object Repository/MOH AND GRN/Page_KDMC - CMS/input_txtmrp'

2018-06-10 21:58:31 - [TEST_STEP][PASSED] - Statement - return (java.lang.Math.floor((java.lang.Math.random() * ((max - min) + 1))) + min): Text '16.0' is set on object 'Object Repository/MOH AND GRN/Page_KDMC - CMS/input_txtmrp'

2018-06-10 21:58:31 - [MESSAGE][PASSED] - Text '16.0' is set on object 'Object Repository/MOH AND GRN/Page_KDMC - CMS/input_txtmrp'

2018-06-10 21:58:31 - [TEST_STEP][PASSED] - setText: Finding Test Object with id 'Object Repository/MOH AND GRN/Page_KDMC - CMS/input_txtdeal'

2018-06-10 21:58:31 - [TEST_STEP][PASSED] - Statement - switch (id): Finding Test Object with id 'Object Repository/MOH AND GRN/Page_KDMC - CMS/input_txtbatchno'

2018-06-10 21:58:31 - [TEST_STEP][PASSED] - Statement - case 5:: Text '9.0' is set on object 'Object Repository/MOH AND GRN/Page_KDMC - CMS/input_txtdeal'

2018-06-10 21:58:31 - [TEST_STEP][PASSED] - Statement - return (java.lang.Math.floor((java.lang.Math.random() * ((max - min) + 1))) + min): Text '9.0' is set on object 'Object Repository/MOH AND GRN/Page_KDMC - CMS/input_txtdeal'

2018-06-10 21:58:31 - [MESSAGE][PASSED] - Text '9.0' is set on object 'Object Repository/MOH AND GRN/Page_KDMC - CMS/input_txtdeal'

2018-06-10 21:58:31 - [TEST_STEP][PASSED] - setText: Finding Test Object with id 'Object Repository/MOH AND GRN/Page_KDMC - CMS/input_txtbatchno'

2018-06-10 21:58:31 - [TEST_STEP][PASSED] - Statement - switch (id): Finding Test Object with id 'Object Repository/MOH AND GRN/Page_KDMC - CMS/input_txtmrp'

2018-06-10 21:58:31 - [TEST_STEP][PASSED] - Statement - case 1:: Text 'BA627.0' is set on object 'Object Repository/MOH AND GRN/Page_KDMC - CMS/input_txtbatchno'

2018-06-10 21:58:31 - [TEST_STEP][PASSED] - Statement - return (java.lang.Math.floor((java.lang.Math.random() * ((max - min) + 1))) + min): Text 'BA627.0' is set on object 'Object Repository/MOH AND GRN/Page_KDMC - CMS/input_txtbatchno'

2018-06-10 21:58:31 - [MESSAGE][PASSED] - Text 'BA627.0' is set on object 'Object Repository/MOH AND GRN/Page_KDMC - CMS/input_txtbatchno'

2018-06-10 21:58:31 - [TEST_STEP][PASSED] - rightClick: Object: 'Object Repository/GRN/Page_KDMC - CMS/input_txtexpdate' is right clicked on

2018-06-10 21:58:31 - [MESSAGE][PASSED] - Object: 'Object Repository/GRN/Page_KDMC - CMS/input_txtexpdate' is right clicked on

2018-06-10 21:58:31 - [TEST_STEP][PASSED] - selectOptionByIndex: All options with index in [3] are selected on object 'Object Repository/GRN/Page_KDMC - CMS/select_20182019202020212022202'

2018-06-10 21:58:32 - [MESSAGE][PASSED] - All options with index in [3] are selected on object 'Object Repository/GRN/Page_KDMC - CMS/select_20182019202020212022202'

2018-06-10 21:58:32 - [TEST_STEP][PASSED] - selectOptionByIndex: All options with index in [3] are selected on object 'Object Repository/GRN/Page_KDMC - CMS/select_JanFebMarAprMayJunJulAu'

2018-06-10 21:58:32 - [MESSAGE][PASSED] - All options with index in [3] are selected on object 'Object Repository/GRN/Page_KDMC - CMS/select_JanFebMarAprMayJunJulAu'

2018-06-10 21:58:32 - [TEST_STEP][PASSED] - click: Object: 'Object Repository/MOH AND GRN/Page_KDMC - CMS/a_12' is clicked on

2018-06-10 21:58:32 - [MESSAGE][PASSED] - Object: 'Object Repository/MOH AND GRN/Page_KDMC - CMS/a_12' is clicked on

2018-06-10 21:58:32 - [TEST_STEP][PASSED] - click: Object: 'Object Repository/MOH AND GRN/Page_KDMC - CMS/input_btnadd' is clicked on

2018-06-10 21:58:32 - [MESSAGE][PASSED] - Object: 'Object Repository/MOH AND GRN/Page_KDMC - CMS/input_btnadd' is clicked on

2018-06-10 21:58:32 - [TEST_STEP][PASSED] - Statement - If (s == 10): null

2018-06-10 21:58:32 - [TEST_STEP][PASSED] - Statement - Else: null

2018-06-10 21:58:32 - [TEST_STEP][PASSED] - Statement - (s++): null

2018-06-10 21:58:32 - [TEST_STEP][PASSED] - delay: Delayed 1 second(s)

2018-06-10 21:58:33 - [MESSAGE][PASSED] - Delayed 1 second(s)

2018-06-10 21:58:33 - [TEST_STEP][PASSED] - selectOptionByIndex: All options with index in [4] are selected on object 'Object Repository/MOH AND GRN/Page_KDMC - CMS/select_--Select--Amikacin -500'

2018-06-10 21:58:33 - [MESSAGE][PASSED] - All options with index in [4] are selected on object 'Object Repository/MOH AND GRN/Page_KDMC - CMS/select_--Select--Amikacin -500'

2018-06-10 21:58:33 - [TEST_STEP][PASSED] - setText: Text '5000' is set on object 'Object Repository/MOH AND GRN/Page_KDMC - CMS/input_txtqty'

2018-06-10 21:58:33 - [MESSAGE][PASSED] - Text '5000' is set on object 'Object Repository/MOH AND GRN/Page_KDMC - CMS/input_txtqty'

2018-06-10 21:58:33 - [TEST_STEP][PASSED] - selectOptionByIndex: All options with index in [1] are selected on object 'Object Repository/MOH AND GRN/Page_KDMC - CMS/select_--Select--No Tax0'

2018-06-10 21:58:33 - [MESSAGE][PASSED] - All options with index in [1] are selected on object 'Object Repository/MOH AND GRN/Page_KDMC - CMS/select_--Select--No Tax0'

2018-06-10 21:58:33 - [TEST_STEP][PASSED] - setText: Finding Test Object with id 'Object Repository/MOH AND GRN/Page_KDMC - CMS/input_txtmrp'

2018-06-10 21:58:33 - [TEST_STEP][PASSED] - Statement - switch (id): Finding Test Object with id 'Object Repository/MOH AND GRN/Page_KDMC - CMS/input_txtdeal'

2018-06-10 21:58:33 - [TEST_STEP][PASSED] - Statement - case 4:: Text '37.0' is set on object 'Object Repository/MOH AND GRN/Page_KDMC - CMS/input_txtmrp'

2018-06-10 21:58:33 - [TEST_STEP][PASSED] - Statement - return (java.lang.Math.floor((java.lang.Math.random() * ((max - min) + 1))) + min): Text '37.0' is set on object 'Object Repository/MOH AND GRN/Page_KDMC - CMS/input_txtmrp'

2018-06-10 21:58:33 - [MESSAGE][PASSED] - Text '37.0' is set on object 'Object Repository/MOH AND GRN/Page_KDMC - CMS/input_txtmrp'

2018-06-10 21:58:33 - [TEST_STEP][PASSED] - setText: Finding Test Object with id 'Object Repository/MOH AND GRN/Page_KDMC - CMS/input_txtdeal'

2018-06-10 21:58:33 - [TEST_STEP][PASSED] - Statement - switch (id): Finding Test Object with id 'Object Repository/MOH AND GRN/Page_KDMC - CMS/input_txtbatchno'

2018-06-10 21:58:33 - [TEST_STEP][PASSED] - Statement - case 5:: Text '9.0' is set on object 'Object Repository/MOH AND GRN/Page_KDMC - CMS/input_txtdeal'

2018-06-10 21:58:33 - [TEST_STEP][PASSED] - Statement - return (java.lang.Math.floor((java.lang.Math.random() * ((max - min) + 1))) + min): Text '9.0' is set on object 'Object Repository/MOH AND GRN/Page_KDMC - CMS/input_txtdeal'

2018-06-10 21:58:33 - [MESSAGE][PASSED] - Text '9.0' is set on object 'Object Repository/MOH AND GRN/Page_KDMC - CMS/input_txtdeal'

2018-06-10 21:58:33 - [TEST_STEP][PASSED] - setText: Finding Test Object with id 'Object Repository/MOH AND GRN/Page_KDMC - CMS/input_txtbatchno'

2018-06-10 21:58:33 - [TEST_STEP][PASSED] - Statement - switch (id): Finding Test Object with id 'Object Repository/MOH AND GRN/Page_KDMC - CMS/input_txtmrp'

2018-06-10 21:58:33 - [TEST_STEP][PASSED] - Statement - case 1:: Text 'BA484.0' is set on object 'Object Repository/MOH AND GRN/Page_KDMC - CMS/input_txtbatchno'

2018-06-10 21:58:33 - [TEST_STEP][PASSED] - Statement - return (java.lang.Math.floor((java.lang.Math.random() * ((max - min) + 1))) + min): Text 'BA484.0' is set on object 'Object Repository/MOH AND GRN/Page_KDMC - CMS/input_txtbatchno'

2018-06-10 21:58:34 - [MESSAGE][PASSED] - Text 'BA484.0' is set on object 'Object Repository/MOH AND GRN/Page_KDMC - CMS/input_txtbatchno'

2018-06-10 21:58:34 - [TEST_STEP][PASSED] - rightClick: Object: 'Object Repository/GRN/Page_KDMC - CMS/input_txtexpdate' is right clicked on

2018-06-10 21:58:34 - [MESSAGE][PASSED] - Object: 'Object Repository/GRN/Page_KDMC - CMS/input_txtexpdate' is right clicked on

2018-06-10 21:58:34 - [TEST_STEP][PASSED] - selectOptionByIndex: All options with index in [4] are selected on object 'Object Repository/GRN/Page_KDMC - CMS/select_20182019202020212022202'

2018-06-10 21:58:34 - [MESSAGE][PASSED] - All options with index in [4] are selected on object 'Object Repository/GRN/Page_KDMC - CMS/select_20182019202020212022202'

2018-06-10 21:58:34 - [TEST_STEP][PASSED] - selectOptionByIndex: All options with index in [4] are selected on object 'Object Repository/GRN/Page_KDMC - CMS/select_JanFebMarAprMayJunJulAu'

2018-06-10 21:58:34 - [MESSAGE][PASSED] - All options with index in [4] are selected on object 'Object Repository/GRN/Page_KDMC - CMS/select_JanFebMarAprMayJunJulAu'

2018-06-10 21:58:34 - [TEST_STEP][PASSED] - click: Object: 'Object Repository/MOH AND GRN/Page_KDMC - CMS/a_12' is clicked on

2018-06-10 21:58:34 - [MESSAGE][PASSED] - Object: 'Object Repository/MOH AND GRN/Page_KDMC - CMS/a_12' is clicked on

2018-06-10 21:58:34 - [TEST_STEP][PASSED] - click: Object: 'Object Repository/MOH AND GRN/Page_KDMC - CMS/input_btnadd' is clicked on

2018-06-10 21:58:34 - [MESSAGE][PASSED] - Object: 'Object Repository/MOH AND GRN/Page_KDMC - CMS/input_btnadd' is clicked on

2018-06-10 21:58:34 - [TEST_STEP][PASSED] - Statement - If (s == 10): null

2018-06-10 21:58:34 - [TEST_STEP][PASSED] - Statement - Else: null

2018-06-10 21:58:34 - [TEST_STEP][PASSED] - Statement - (s++): null

2018-06-10 21:58:34 - [TEST_STEP][PASSED] - delay: Delayed 1 second(s)

2018-06-10 21:58:35 - [MESSAGE][PASSED] - Delayed 1 second(s)

2018-06-10 21:58:35 - [TEST_STEP][PASSED] - selectOptionByIndex: All options with index in [5] are selected on object 'Object Repository/MOH AND GRN/Page_KDMC - CMS/select_--Select--Amikacin -500'

2018-06-10 21:58:35 - [MESSAGE][PASSED] - All options with index in [5] are selected on object 'Object Repository/MOH AND GRN/Page_KDMC - CMS/select_--Select--Amikacin -500'

2018-06-10 21:58:35 - [TEST_STEP][PASSED] - setText: Text '5000' is set on object 'Object Repository/MOH AND GRN/Page_KDMC - CMS/input_txtqty'

2018-06-10 21:58:35 - [MESSAGE][PASSED] - Text '5000' is set on object 'Object Repository/MOH AND GRN/Page_KDMC - CMS/input_txtqty'

2018-06-10 21:58:35 - [TEST_STEP][PASSED] - selectOptionByIndex: All options with index in [1] are selected on object 'Object Repository/MOH AND GRN/Page_KDMC - CMS/select_--Select--No Tax0'

2018-06-10 21:58:36 - [MESSAGE][PASSED] - All options with index in [1] are selected on object 'Object Repository/MOH AND GRN/Page_KDMC - CMS/select_--Select--No Tax0'

2018-06-10 21:58:36 - [TEST_STEP][PASSED] - setText: Finding Test Object with id 'Object Repository/MOH AND GRN/Page_KDMC - CMS/input_txtmrp'

2018-06-10 21:58:36 - [TEST_STEP][PASSED] - Statement - switch (id): Finding Test Object with id 'Object Repository/MOH AND GRN/Page_KDMC - CMS/input_txtdeal'

2018-06-10 21:58:36 - [TEST_STEP][PASSED] - Statement - case 4:: Text '28.0' is set on object 'Object Repository/MOH AND GRN/Page_KDMC - CMS/input_txtmrp'

2018-06-10 21:58:36 - [TEST_STEP][PASSED] - Statement - return (java.lang.Math.floor((java.lang.Math.random() * ((max - min) + 1))) + min): Text '28.0' is set on object 'Object Repository/MOH AND GRN/Page_KDMC - CMS/input_txtmrp'

2018-06-10 21:58:36 - [MESSAGE][PASSED] - Text '28.0' is set on object 'Object Repository/MOH AND GRN/Page_KDMC - CMS/input_txtmrp'

2018-06-10 21:58:36 - [TEST_STEP][PASSED] - setText: Finding Test Object with id 'Object Repository/MOH AND GRN/Page_KDMC - CMS/input_txtdeal'

2018-06-10 21:58:36 - [TEST_STEP][PASSED] - Statement - switch (id): Finding Test Object with id 'Object Repository/MOH AND GRN/Page_KDMC - CMS/input_txtbatchno'

2018-06-10 21:58:36 - [TEST_STEP][PASSED] - Statement - case 5:: Text '3.0' is set on object 'Object Repository/MOH AND GRN/Page_KDMC - CMS/input_txtdeal'

2018-06-10 21:58:36 - [TEST_STEP][PASSED] - Statement - return (java.lang.Math.floor((java.lang.Math.random() * ((max - min) + 1))) + min): Text '3.0' is set on object 'Object Repository/MOH AND GRN/Page_KDMC - CMS/input_txtdeal'

2018-06-10 21:58:36 - [MESSAGE][PASSED] - Text '3.0' is set on object 'Object Repository/MOH AND GRN/Page_KDMC - CMS/input_txtdeal'

2018-06-10 21:58:36 - [TEST_STEP][PASSED] - setText: Finding Test Object with id 'Object Repository/MOH AND GRN/Page_KDMC - CMS/input_txtbatchno'

2018-06-10 21:58:36 - [TEST_STEP][PASSED] - Statement - switch (id): Finding Test Object with id 'Object Repository/MOH AND GRN/Page_KDMC - CMS/input_txtmrp'

2018-06-10 21:58:36 - [TEST_STEP][PASSED] - Statement - case 1:: Text 'BA446.0' is set on object 'Object Repository/MOH AND GRN/Page_KDMC - CMS/input_txtbatchno'

2018-06-10 21:58:36 - [TEST_STEP][PASSED] - Statement - return (java.lang.Math.floor((java.lang.Math.random() * ((max - min) + 1))) + min): Text 'BA446.0' is set on object 'Object Repository/MOH AND GRN/Page_KDMC - CMS/input_txtbatchno'

2018-06-10 21:58:36 - [MESSAGE][PASSED] - Text 'BA446.0' is set on object 'Object Repository/MOH AND GRN/Page_KDMC - CMS/input_txtbatchno'

2018-06-10 21:58:36 - [TEST_STEP][PASSED] - rightClick: Object: 'Object Repository/GRN/Page_KDMC - CMS/input_txtexpdate' is right clicked on

2018-06-10 21:58:36 - [MESSAGE][PASSED] - Object: 'Object Repository/GRN/Page_KDMC - CMS/input_txtexpdate' is right clicked on

2018-06-10 21:58:36 - [TEST_STEP][PASSED] - selectOptionByIndex: All options with index in [5] are selected on object 'Object Repository/GRN/Page_KDMC - CMS/select_20182019202020212022202'

2018-06-10 21:58:36 - [MESSAGE][PASSED] - All options with index in [5] are selected on object 'Object Repository/GRN/Page_KDMC - CMS/select_20182019202020212022202'

2018-06-10 21:58:36 - [TEST_STEP][PASSED] - selectOptionByIndex: All options with index in [5] are selected on object 'Object Repository/GRN/Page_KDMC - CMS/select_JanFebMarAprMayJunJulAu'

2018-06-10 21:58:36 - [MESSAGE][PASSED] - All options with index in [5] are selected on object 'Object Repository/GRN/Page_KDMC - CMS/select_JanFebMarAprMayJunJulAu'

2018-06-10 21:58:36 - [TEST_STEP][PASSED] - click: Object: 'Object Repository/MOH AND GRN/Page_KDMC - CMS/a_12' is clicked on

2018-06-10 21:58:36 - [MESSAGE][PASSED] - Object: 'Object Repository/MOH AND GRN/Page_KDMC - CMS/a_12' is clicked on

2018-06-10 21:58:36 - [TEST_STEP][PASSED] - click: Object: 'Object Repository/MOH AND GRN/Page_KDMC - CMS/input_btnadd' is clicked on

2018-06-10 21:58:36 - [MESSAGE][PASSED] - Object: 'Object Repository/MOH AND GRN/Page_KDMC - CMS/input_btnadd' is clicked on

2018-06-10 21:58:36 - [TEST_STEP][PASSED] - Statement - If (s == 10): null

2018-06-10 21:58:36 - [TEST_STEP][PASSED] - Statement - Else: null

2018-06-10 21:58:36 - [TEST_STEP][PASSED] - Statement - (s++): null

2018-06-10 21:58:36 - [TEST_STEP][PASSED] - delay: Delayed 1 second(s)

2018-06-10 21:58:37 - [MESSAGE][PASSED] - Delayed 1 second(s)

2018-06-10 21:58:37 - [TEST_STEP][PASSED] - selectOptionByIndex: All options with index in [6] are selected on object 'Object Repository/MOH AND GRN/Page_KDMC - CMS/select_--Select--Amikacin -500'

2018-06-10 21:58:38 - [MESSAGE][PASSED] - All options with index in [6] are selected on object 'Object Repository/MOH AND GRN/Page_KDMC - CMS/select_--Select--Amikacin -500'

2018-06-10 21:58:38 - [TEST_STEP][PASSED] - setText: Text '5000' is set on object 'Object Repository/MOH AND GRN/Page_KDMC - CMS/input_txtqty'

2018-06-10 21:58:38 - [MESSAGE][PASSED] - Text '5000' is set on object 'Object Repository/MOH AND GRN/Page_KDMC - CMS/input_txtqty'

2018-06-10 21:58:38 - [TEST_STEP][PASSED] - selectOptionByIndex: All options with index in [1] are selected on object 'Object Repository/MOH AND GRN/Page_KDMC - CMS/select_--Select--No Tax0'

2018-06-10 21:58:38 - [MESSAGE][PASSED] - All options with index in [1] are selected on object 'Object Repository/MOH AND GRN/Page_KDMC - CMS/select_--Select--No Tax0'

2018-06-10 21:58:38 - [TEST_STEP][PASSED] - setText: Finding Test Object with id 'Object Repository/MOH AND GRN/Page_KDMC - CMS/input_txtmrp'

2018-06-10 21:58:38 - [TEST_STEP][PASSED] - Statement - switch (id): Finding Test Object with id 'Object Repository/MOH AND GRN/Page_KDMC - CMS/input_txtdeal'

2018-06-10 21:58:38 - [TEST_STEP][PASSED] - Statement - case 4:: Text '45.0' is set on object 'Object Repository/MOH AND GRN/Page_KDMC - CMS/input_txtmrp'

2018-06-10 21:58:38 - [TEST_STEP][PASSED] - Statement - return (java.lang.Math.floor((java.lang.Math.random() * ((max - min) + 1))) + min): Text '45.0' is set on object 'Object Repository/MOH AND GRN/Page_KDMC - CMS/input_txtmrp'

2018-06-10 21:58:38 - [MESSAGE][PASSED] - Text '45.0' is set on object 'Object Repository/MOH AND GRN/Page_KDMC - CMS/input_txtmrp'

2018-06-10 21:58:38 - [TEST_STEP][PASSED] - setText: Finding Test Object with id 'Object Repository/MOH AND GRN/Page_KDMC - CMS/input_txtdeal'

2018-06-10 21:58:38 - [TEST_STEP][PASSED] - Statement - switch (id): Finding Test Object with id 'Object Repository/MOH AND GRN/Page_KDMC - CMS/input_txtbatchno'

2018-06-10 21:58:38 - [TEST_STEP][PASSED] - Statement - case 5:: Text '9.0' is set on object 'Object Repository/MOH AND GRN/Page_KDMC - CMS/input_txtdeal'

2018-06-10 21:58:38 - [TEST_STEP][PASSED] - Statement - return (java.lang.Math.floor((java.lang.Math.random() * ((max - min) + 1))) + min): Text '9.0' is set on object 'Object Repository/MOH AND GRN/Page_KDMC - CMS/input_txtdeal'

2018-06-10 21:58:38 - [MESSAGE][PASSED] - Text '9.0' is set on object 'Object Repository/MOH AND GRN/Page_KDMC - CMS/input_txtdeal'

2018-06-10 21:58:38 - [TEST_STEP][PASSED] - setText: Finding Test Object with id 'Object Repository/MOH AND GRN/Page_KDMC - CMS/input_txtbatchno'

2018-06-10 21:58:38 - [TEST_STEP][PASSED] - Statement - switch (id): Finding Test Object with id 'Object Repository/MOH AND GRN/Page_KDMC - CMS/input_txtmrp'

2018-06-10 21:58:38 - [TEST_STEP][PASSED] - Statement - case 1:: Text 'BA646.0' is set on object 'Object Repository/MOH AND GRN/Page_KDMC - CMS/input_txtbatchno'

2018-06-10 21:58:38 - [TEST_STEP][PASSED] - Statement - return (java.lang.Math.floor((java.lang.Math.random() * ((max - min) + 1))) + min): Text 'BA646.0' is set on object 'Object Repository/MOH AND GRN/Page_KDMC - CMS/input_txtbatchno'

2018-06-10 21:58:38 - [MESSAGE][PASSED] - Text 'BA646.0' is set on object 'Object Repository/MOH AND GRN/Page_KDMC - CMS/input_txtbatchno'

2018-06-10 21:58:38 - [TEST_STEP][PASSED] - rightClick: Object: 'Object Repository/GRN/Page_KDMC - CMS/input_txtexpdate' is right clicked on

2018-06-10 21:58:38 - [MESSAGE][PASSED] - Object: 'Object Repository/GRN/Page_KDMC - CMS/input_txtexpdate' is right clicked on

2018-06-10 21:58:38 - [TEST_STEP][PASSED] - selectOptionByIndex: All options with index in [6] are selected on object 'Object Repository/GRN/Page_KDMC - CMS/select_20182019202020212022202'

2018-06-10 21:58:38 - [MESSAGE][PASSED] - All options with index in [6] are selected on object 'Object Repository/GRN/Page_KDMC - CMS/select_20182019202020212022202'

2018-06-10 21:58:38 - [TEST_STEP][PASSED] - selectOptionByIndex: All options with index in [6] are selected on object 'Object Repository/GRN/Page_KDMC - CMS/select_JanFebMarAprMayJunJulAu'

2018-06-10 21:58:39 - [MESSAGE][PASSED] - All options with index in [6] are selected on object 'Object Repository/GRN/Page_KDMC - CMS/select_JanFebMarAprMayJunJulAu'

2018-06-10 21:58:39 - [TEST_STEP][PASSED] - click: Object: 'Object Repository/MOH AND GRN/Page_KDMC - CMS/a_12' is clicked on

2018-06-10 21:58:39 - [MESSAGE][PASSED] - Object: 'Object Repository/MOH AND GRN/Page_KDMC - CMS/a_12' is clicked on

2018-06-10 21:58:39 - [TEST_STEP][PASSED] - click: Object: 'Object Repository/MOH AND GRN/Page_KDMC - CMS/input_btnadd' is clicked on

2018-06-10 21:58:39 - [MESSAGE][PASSED] - Object: 'Object Repository/MOH AND GRN/Page_KDMC - CMS/input_btnadd' is clicked on

2018-06-10 21:58:39 - [TEST_STEP][PASSED] - Statement - If (s == 10): null

2018-06-10 21:58:39 - [TEST_STEP][PASSED] - Statement - Else: null

2018-06-10 21:58:39 - [TEST_STEP][PASSED] - Statement - (s++): null

2018-06-10 21:58:39 - [TEST_STEP][PASSED] - delay: Delayed 1 second(s)

2018-06-10 21:58:40 - [MESSAGE][PASSED] - Delayed 1 second(s)

2018-06-10 21:58:40 - [TEST_STEP][PASSED] - selectOptionByIndex: All options with index in [7] are selected on object 'Object Repository/MOH AND GRN/Page_KDMC - CMS/select_--Select--Amikacin -500'

2018-06-10 21:58:40 - [MESSAGE][PASSED] - All options with index in [7] are selected on object 'Object Repository/MOH AND GRN/Page_KDMC - CMS/select_--Select--Amikacin -500'

2018-06-10 21:58:40 - [TEST_STEP][PASSED] - setText: Text '5000' is set on object 'Object Repository/MOH AND GRN/Page_KDMC - CMS/input_txtqty'

2018-06-10 21:58:40 - [MESSAGE][PASSED] - Text '5000' is set on object 'Object Repository/MOH AND GRN/Page_KDMC - CMS/input_txtqty'

2018-06-10 21:58:40 - [TEST_STEP][PASSED] - selectOptionByIndex: All options with index in [1] are selected on object 'Object Repository/MOH AND GRN/Page_KDMC - CMS/select_--Select--No Tax0'

2018-06-10 21:58:40 - [MESSAGE][PASSED] - All options with index in [1] are selected on object 'Object Repository/MOH AND GRN/Page_KDMC - CMS/select_--Select--No Tax0'

2018-06-10 21:58:40 - [TEST_STEP][PASSED] - setText: Finding Test Object with id 'Object Repository/MOH AND GRN/Page_KDMC - CMS/input_txtmrp'

2018-06-10 21:58:40 - [TEST_STEP][PASSED] - Statement - switch (id): Finding Test Object with id 'Object Repository/MOH AND GRN/Page_KDMC - CMS/input_txtdeal'

2018-06-10 21:58:40 - [TEST_STEP][PASSED] - Statement - case 4:: Text '20.0' is set on object 'Object Repository/MOH AND GRN/Page_KDMC - CMS/input_txtmrp'

2018-06-10 21:58:40 - [TEST_STEP][PASSED] - Statement - return (java.lang.Math.floor((java.lang.Math.random() * ((max - min) + 1))) + min): Text '20.0' is set on object 'Object Repository/MOH AND GRN/Page_KDMC - CMS/input_txtmrp'

2018-06-10 21:58:40 - [MESSAGE][PASSED] - Text '20.0' is set on object 'Object Repository/MOH AND GRN/Page_KDMC - CMS/input_txtmrp'

2018-06-10 21:58:40 - [TEST_STEP][PASSED] - setText: Finding Test Object with id 'Object Repository/MOH AND GRN/Page_KDMC - CMS/input_txtdeal'

2018-06-10 21:58:40 - [TEST_STEP][PASSED] - Statement - switch (id): Finding Test Object with id 'Object Repository/MOH AND GRN/Page_KDMC - CMS/input_txtbatchno'

2018-06-10 21:58:40 - [TEST_STEP][PASSED] - Statement - case 5:: Text '8.0' is set on object 'Object Repository/MOH AND GRN/Page_KDMC - CMS/input_txtdeal'

2018-06-10 21:58:40 - [TEST_STEP][PASSED] - Statement - return (java.lang.Math.floor((java.lang.Math.random() * ((max - min) + 1))) + min): Text '8.0' is set on object 'Object Repository/MOH AND GRN/Page_KDMC - CMS/input_txtdeal'

2018-06-10 21:58:40 - [MESSAGE][PASSED] - Text '8.0' is set on object 'Object Repository/MOH AND GRN/Page_KDMC - CMS/input_txtdeal'

2018-06-10 21:58:40 - [TEST_STEP][PASSED] - setText: Finding Test Object with id 'Object Repository/MOH AND GRN/Page_KDMC - CMS/input_txtbatchno'

2018-06-10 21:58:40 - [TEST_STEP][PASSED] - Statement - switch (id): Finding Test Object with id 'Object Repository/MOH AND GRN/Page_KDMC - CMS/input_txtmrp'

2018-06-10 21:58:40 - [TEST_STEP][PASSED] - Statement - case 1:: Text 'BA336.0' is set on object 'Object Repository/MOH AND GRN/Page_KDMC - CMS/input_txtbatchno'

2018-06-10 21:58:40 - [TEST_STEP][PASSED] - Statement - return (java.lang.Math.floor((java.lang.Math.random() * ((max - min) + 1))) + min): Text 'BA336.0' is set on object 'Object Repository/MOH AND GRN/Page_KDMC - CMS/input_txtbatchno'

2018-06-10 21:58:41 - [MESSAGE][PASSED] - Text 'BA336.0' is set on object 'Object Repository/MOH AND GRN/Page_KDMC - CMS/input_txtbatchno'

2018-06-10 21:58:41 - [TEST_STEP][PASSED] - rightClick: Object: 'Object Repository/GRN/Page_KDMC - CMS/input_txtexpdate' is right clicked on

2018-06-10 21:58:41 - [MESSAGE][PASSED] - Object: 'Object Repository/GRN/Page_KDMC - CMS/input_txtexpdate' is right clicked on

2018-06-10 21:58:41 - [TEST_STEP][PASSED] - selectOptionByIndex: All options with index in [7] are selected on object 'Object Repository/GRN/Page_KDMC - CMS/select_20182019202020212022202'

2018-06-10 21:58:41 - [MESSAGE][PASSED] - All options with index in [7] are selected on object 'Object Repository/GRN/Page_KDMC - CMS/select_20182019202020212022202'

2018-06-10 21:58:41 - [TEST_STEP][PASSED] - selectOptionByIndex: All options with index in [7] are selected on object 'Object Repository/GRN/Page_KDMC - CMS/select_JanFebMarAprMayJunJulAu'

2018-06-10 21:58:41 - [MESSAGE][PASSED] - All options with index in [7] are selected on object 'Object Repository/GRN/Page_KDMC - CMS/select_JanFebMarAprMayJunJulAu'

2018-06-10 21:58:41 - [TEST_STEP][PASSED] - click: Object: 'Object Repository/MOH AND GRN/Page_KDMC - CMS/a_12' is clicked on

2018-06-10 21:58:41 - [MESSAGE][PASSED] - Object: 'Object Repository/MOH AND GRN/Page_KDMC - CMS/a_12' is clicked on

2018-06-10 21:58:41 - [TEST_STEP][PASSED] - click: Object: 'Object Repository/MOH AND GRN/Page_KDMC - CMS/input_btnadd' is clicked on

2018-06-10 21:58:41 - [MESSAGE][PASSED] - Object: 'Object Repository/MOH AND GRN/Page_KDMC - CMS/input_btnadd' is clicked on

2018-06-10 21:58:41 - [TEST_STEP][PASSED] - Statement - If (s == 10): null

2018-06-10 21:58:41 - [TEST_STEP][PASSED] - Statement - Else: null

2018-06-10 21:58:41 - [TEST_STEP][PASSED] - Statement - (s++): null

2018-06-10 21:58:41 - [TEST_STEP][PASSED] - delay: Delayed 1 second(s)

2018-06-10 21:58:42 - [MESSAGE][PASSED] - Delayed 1 second(s)

2018-06-10 21:58:42 - [TEST_STEP][PASSED] - selectOptionByIndex: All options with index in [8] are selected on object 'Object Repository/MOH AND GRN/Page_KDMC - CMS/select_--Select--Amikacin -500'

2018-06-10 21:58:42 - [MESSAGE][PASSED] - All options with index in [8] are selected on object 'Object Repository/MOH AND GRN/Page_KDMC - CMS/select_--Select--Amikacin -500'

2018-06-10 21:58:42 - [TEST_STEP][PASSED] - setText: Text '5000' is set on object 'Object Repository/MOH AND GRN/Page_KDMC - CMS/input_txtqty'

2018-06-10 21:58:43 - [MESSAGE][PASSED] - Text '5000' is set on object 'Object Repository/MOH AND GRN/Page_KDMC - CMS/input_txtqty'

2018-06-10 21:58:43 - [TEST_STEP][PASSED] - selectOptionByIndex: All options with index in [1] are selected on object 'Object Repository/MOH AND GRN/Page_KDMC - CMS/select_--Select--No Tax0'

2018-06-10 21:58:43 - [MESSAGE][PASSED] - All options with index in [1] are selected on object 'Object Repository/MOH AND GRN/Page_KDMC - CMS/select_--Select--No Tax0'

2018-06-10 21:58:43 - [TEST_STEP][PASSED] - setText: Finding Test Object with id 'Object Repository/MOH AND GRN/Page_KDMC - CMS/input_txtmrp'

2018-06-10 21:58:43 - [TEST_STEP][PASSED] - Statement - switch (id): Finding Test Object with id 'Object Repository/MOH AND GRN/Page_KDMC - CMS/input_txtdeal'

2018-06-10 21:58:43 - [TEST_STEP][PASSED] - Statement - case 4:: Text '28.0' is set on object 'Object Repository/MOH AND GRN/Page_KDMC - CMS/input_txtmrp'

2018-06-10 21:58:43 - [TEST_STEP][PASSED] - Statement - return (java.lang.Math.floor((java.lang.Math.random() * ((max - min) + 1))) + min): Text '28.0' is set on object 'Object Repository/MOH AND GRN/Page_KDMC - CMS/input_txtmrp'

2018-06-10 21:58:43 - [MESSAGE][PASSED] - Text '28.0' is set on object 'Object Repository/MOH AND GRN/Page_KDMC - CMS/input_txtmrp'

2018-06-10 21:58:43 - [TEST_STEP][PASSED] - setText: Finding Test Object with id 'Object Repository/MOH AND GRN/Page_KDMC - CMS/input_txtdeal'

2018-06-10 21:58:43 - [TEST_STEP][PASSED] - Statement - switch (id): Finding Test Object with id 'Object Repository/MOH AND GRN/Page_KDMC - CMS/input_txtbatchno'

2018-06-10 21:58:43 - [TEST_STEP][PASSED] - Statement - case 5:: Text '4.0' is set on object 'Object Repository/MOH AND GRN/Page_KDMC - CMS/input_txtdeal'

2018-06-10 21:58:43 - [TEST_STEP][PASSED] - Statement - return (java.lang.Math.floor((java.lang.Math.random() * ((max - min) + 1))) + min): Text '4.0' is set on object 'Object Repository/MOH AND GRN/Page_KDMC - CMS/input_txtdeal'

2018-06-10 21:58:43 - [MESSAGE][PASSED] - Text '4.0' is set on object 'Object Repository/MOH AND GRN/Page_KDMC - CMS/input_txtdeal'

2018-06-10 21:58:43 - [TEST_STEP][PASSED] - setText: Finding Test Object with id 'Object Repository/MOH AND GRN/Page_KDMC - CMS/input_txtbatchno'

2018-06-10 21:58:43 - [TEST_STEP][PASSED] - Statement - switch (id): Finding Test Object with id 'Object Repository/MOH AND GRN/Page_KDMC - CMS/input_txtmrp'

2018-06-10 21:58:43 - [TEST_STEP][PASSED] - Statement - case 1:: Text 'BA96.0' is set on object 'Object Repository/MOH AND GRN/Page_KDMC - CMS/input_txtbatchno'

2018-06-10 21:58:43 - [TEST_STEP][PASSED] - Statement - return (java.lang.Math.floor((java.lang.Math.random() * ((max - min) + 1))) + min): Text 'BA96.0' is set on object 'Object Repository/MOH AND GRN/Page_KDMC - CMS/input_txtbatchno'

2018-06-10 21:58:43 - [MESSAGE][PASSED] - Text 'BA96.0' is set on object 'Object Repository/MOH AND GRN/Page_KDMC - CMS/input_txtbatchno'

2018-06-10 21:58:43 - [TEST_STEP][PASSED] - rightClick: Object: 'Object Repository/GRN/Page_KDMC - CMS/input_txtexpdate' is right clicked on

2018-06-10 21:58:43 - [MESSAGE][PASSED] - Object: 'Object Repository/GRN/Page_KDMC - CMS/input_txtexpdate' is right clicked on

2018-06-10 21:58:43 - [TEST_STEP][PASSED] - selectOptionByIndex: All options with index in [8] are selected on object 'Object Repository/GRN/Page_KDMC - CMS/select_20182019202020212022202'

2018-06-10 21:58:43 - [MESSAGE][PASSED] - All options with index in [8] are selected on object 'Object Repository/GRN/Page_KDMC - CMS/select_20182019202020212022202'

2018-06-10 21:58:43 - [TEST_STEP][PASSED] - selectOptionByIndex: All options with index in [8] are selected on object 'Object Repository/GRN/Page_KDMC - CMS/select_JanFebMarAprMayJunJulAu'

2018-06-10 21:58:44 - [MESSAGE][PASSED] - All options with index in [8] are selected on object 'Object Repository/GRN/Page_KDMC - CMS/select_JanFebMarAprMayJunJulAu'

2018-06-10 21:58:44 - [TEST_STEP][PASSED] - click: Object: 'Object Repository/MOH AND GRN/Page_KDMC - CMS/a_12' is clicked on

2018-06-10 21:58:44 - [MESSAGE][PASSED] - Object: 'Object Repository/MOH AND GRN/Page_KDMC - CMS/a_12' is clicked on

2018-06-10 21:58:44 - [TEST_STEP][PASSED] - click: Object: 'Object Repository/MOH AND GRN/Page_KDMC - CMS/input_btnadd' is clicked on

2018-06-10 21:58:44 - [MESSAGE][PASSED] - Object: 'Object Repository/MOH AND GRN/Page_KDMC - CMS/input_btnadd' is clicked on

2018-06-10 21:58:44 - [TEST_STEP][PASSED] - Statement - If (s == 10): null

2018-06-10 21:58:44 - [TEST_STEP][PASSED] - Statement - Else: null

2018-06-10 21:58:44 - [TEST_STEP][PASSED] - Statement - (s++): null

2018-06-10 21:58:44 - [TEST_STEP][PASSED] - delay: Delayed 1 second(s)

2018-06-10 21:58:45 - [MESSAGE][PASSED] - Delayed 1 second(s)

2018-06-10 21:58:45 - [TEST_STEP][PASSED] - selectOptionByIndex: All options with index in [9] are selected on object 'Object Repository/MOH AND GRN/Page_KDMC - CMS/select_--Select--Amikacin -500'

2018-06-10 21:58:45 - [MESSAGE][PASSED] - All options with index in [9] are selected on object 'Object Repository/MOH AND GRN/Page_KDMC - CMS/select_--Select--Amikacin -500'

2018-06-10 21:58:45 - [TEST_STEP][PASSED] - setText: Text '5000' is set on object 'Object Repository/MOH AND GRN/Page_KDMC - CMS/input_txtqty'

2018-06-10 21:58:45 - [MESSAGE][PASSED] - Text '5000' is set on object 'Object Repository/MOH AND GRN/Page_KDMC - CMS/input_txtqty'

2018-06-10 21:58:45 - [TEST_STEP][PASSED] - selectOptionByIndex: All options with index in [1] are selected on object 'Object Repository/MOH AND GRN/Page_KDMC - CMS/select_--Select--No Tax0'

2018-06-10 21:58:45 - [MESSAGE][PASSED] - All options with index in [1] are selected on object 'Object Repository/MOH AND GRN/Page_KDMC - CMS/select_--Select--No Tax0'

2018-06-10 21:58:45 - [TEST_STEP][PASSED] - setText: Finding Test Object with id 'Object Repository/MOH AND GRN/Page_KDMC - CMS/input_txtmrp'

2018-06-10 21:58:45 - [TEST_STEP][PASSED] - Statement - switch (id): Finding Test Object with id 'Object Repository/MOH AND GRN/Page_KDMC - CMS/input_txtdeal'

2018-06-10 21:58:45 - [TEST_STEP][PASSED] - Statement - case 4:: Text '31.0' is set on object 'Object Repository/MOH AND GRN/Page_KDMC - CMS/input_txtmrp'

2018-06-10 21:58:45 - [TEST_STEP][PASSED] - Statement - return (java.lang.Math.floor((java.lang.Math.random() * ((max - min) + 1))) + min): Text '31.0' is set on object 'Object Repository/MOH AND GRN/Page_KDMC - CMS/input_txtmrp'

2018-06-10 21:58:45 - [MESSAGE][PASSED] - Text '31.0' is set on object 'Object Repository/MOH AND GRN/Page_KDMC - CMS/input_txtmrp'

2018-06-10 21:58:45 - [TEST_STEP][PASSED] - setText: Finding Test Object with id 'Object Repository/MOH AND GRN/Page_KDMC - CMS/input_txtdeal'

2018-06-10 21:58:45 - [TEST_STEP][PASSED] - Statement - switch (id): Finding Test Object with id 'Object Repository/MOH AND GRN/Page_KDMC - CMS/input_txtbatchno'

2018-06-10 21:58:45 - [TEST_STEP][PASSED] - Statement - case 5:: Text '3.0' is set on object 'Object Repository/MOH AND GRN/Page_KDMC - CMS/input_txtdeal'

2018-06-10 21:58:45 - [TEST_STEP][PASSED] - Statement - return (java.lang.Math.floor((java.lang.Math.random() * ((max - min) + 1))) + min): Text '3.0' is set on object 'Object Repository/MOH AND GRN/Page_KDMC - CMS/input_txtdeal'

2018-06-10 21:58:45 - [MESSAGE][PASSED] - Text '3.0' is set on object 'Object Repository/MOH AND GRN/Page_KDMC - CMS/input_txtdeal'

2018-06-10 21:58:45 - [TEST_STEP][PASSED] - setText: Finding Test Object with id 'Object Repository/MOH AND GRN/Page_KDMC - CMS/input_txtbatchno'

2018-06-10 21:58:45 - [TEST_STEP][PASSED] - Statement - switch (id): Finding Test Object with id 'Object Repository/MOH AND GRN/Page_KDMC - CMS/input_txtmrp'

2018-06-10 21:58:45 - [TEST_STEP][PASSED] - Statement - case 1:: Text 'BA728.0' is set on object 'Object Repository/MOH AND GRN/Page_KDMC - CMS/input_txtbatchno'

2018-06-10 21:58:45 - [TEST_STEP][PASSED] - Statement - return (java.lang.Math.floor((java.lang.Math.random() * ((max - min) + 1))) + min): Text 'BA728.0' is set on object 'Object Repository/MOH AND GRN/Page_KDMC - CMS/input_txtbatchno'

2018-06-10 21:58:45 - [MESSAGE][PASSED] - Text 'BA728.0' is set on object 'Object Repository/MOH AND GRN/Page_KDMC - CMS/input_txtbatchno'

2018-06-10 21:58:45 - [TEST_STEP][PASSED] - rightClick: Object: 'Object Repository/GRN/Page_KDMC - CMS/input_txtexpdate' is right clicked on

2018-06-10 21:58:46 - [MESSAGE][PASSED] - Object: 'Object Repository/GRN/Page_KDMC - CMS/input_txtexpdate' is right clicked on

2018-06-10 21:58:46 - [TEST_STEP][PASSED] - selectOptionByIndex: All options with index in [9] are selected on object 'Object Repository/GRN/Page_KDMC - CMS/select_20182019202020212022202'

2018-06-10 21:58:46 - [MESSAGE][PASSED] - All options with index in [9] are selected on object 'Object Repository/GRN/Page_KDMC - CMS/select_20182019202020212022202'

2018-06-10 21:58:46 - [TEST_STEP][PASSED] - selectOptionByIndex: All options with index in [9] are selected on object 'Object Repository/GRN/Page_KDMC - CMS/select_JanFebMarAprMayJunJulAu'

2018-06-10 21:58:46 - [MESSAGE][PASSED] - All options with index in [9] are selected on object 'Object Repository/GRN/Page_KDMC - CMS/select_JanFebMarAprMayJunJulAu'

2018-06-10 21:58:46 - [TEST_STEP][PASSED] - click: Object: 'Object Repository/MOH AND GRN/Page_KDMC - CMS/a_12' is clicked on

2018-06-10 21:58:46 - [MESSAGE][PASSED] - Object: 'Object Repository/MOH AND GRN/Page_KDMC - CMS/a_12' is clicked on

2018-06-10 21:58:46 - [TEST_STEP][PASSED] - click: Object: 'Object Repository/MOH AND GRN/Page_KDMC - CMS/input_btnadd' is clicked on

2018-06-10 21:58:46 - [MESSAGE][PASSED] - Object: 'Object Repository/MOH AND GRN/Page_KDMC - CMS/input_btnadd' is clicked on

2018-06-10 21:58:46 - [TEST_STEP][PASSED] - Statement - If (s == 10): null

2018-06-10 21:58:46 - [TEST_STEP][PASSED] - Statement - Else: null

2018-06-10 21:58:46 - [TEST_STEP][PASSED] - Statement - (s++): null

2018-06-10 21:58:46 - [TEST_STEP][PASSED] - delay: Delayed 1 second(s)

2018-06-10 21:58:47 - [MESSAGE][PASSED] - Delayed 1 second(s)

2018-06-10 21:58:47 - [TEST_STEP][PASSED] - selectOptionByIndex: All options with index in [10] are selected on object 'Object Repository/MOH AND GRN/Page_KDMC - CMS/select_--Select--Amikacin -500'

2018-06-10 21:58:47 - [MESSAGE][PASSED] - All options with index in [10] are selected on object 'Object Repository/MOH AND GRN/Page_KDMC - CMS/select_--Select--Amikacin -500'

2018-06-10 21:58:47 - [TEST_STEP][PASSED] - setText: Text '5000' is set on object 'Object Repository/MOH AND GRN/Page_KDMC - CMS/input_txtqty'

2018-06-10 21:58:47 - [MESSAGE][PASSED] - Text '5000' is set on object 'Object Repository/MOH AND GRN/Page_KDMC - CMS/input_txtqty'

2018-06-10 21:58:47 - [TEST_STEP][PASSED] - selectOptionByIndex: All options with index in [1] are selected on object 'Object Repository/MOH AND GRN/Page_KDMC - CMS/select_--Select--No Tax0'

2018-06-10 21:58:48 - [MESSAGE][PASSED] - All options with index in [1] are selected on object 'Object Repository/MOH AND GRN/Page_KDMC - CMS/select_--Select--No Tax0'

2018-06-10 21:58:48 - [TEST_STEP][PASSED] - setText: Finding Test Object with id 'Object Repository/MOH AND GRN/Page_KDMC - CMS/input_txtmrp'

2018-06-10 21:58:48 - [TEST_STEP][PASSED] - Statement - switch (id): Finding Test Object with id 'Object Repository/MOH AND GRN/Page_KDMC - CMS/input_txtdeal'

2018-06-10 21:58:48 - [TEST_STEP][PASSED] - Statement - case 4:: Text '16.0' is set on object 'Object Repository/MOH AND GRN/Page_KDMC - CMS/input_txtmrp'

2018-06-10 21:58:48 - [TEST_STEP][PASSED] - Statement - return (java.lang.Math.floor((java.lang.Math.random() * ((max - min) + 1))) + min): Text '16.0' is set on object 'Object Repository/MOH AND GRN/Page_KDMC - CMS/input_txtmrp'

2018-06-10 21:58:48 - [MESSAGE][PASSED] - Text '16.0' is set on object 'Object Repository/MOH AND GRN/Page_KDMC - CMS/input_txtmrp'

2018-06-10 21:58:48 - [TEST_STEP][PASSED] - setText: Finding Test Object with id 'Object Repository/MOH AND GRN/Page_KDMC - CMS/input_txtdeal'

2018-06-10 21:58:48 - [TEST_STEP][PASSED] - Statement - switch (id): Finding Test Object with id 'Object Repository/MOH AND GRN/Page_KDMC - CMS/input_txtbatchno'

2018-06-10 21:58:48 - [TEST_STEP][PASSED] - Statement - case 5:: Text '9.0' is set on object 'Object Repository/MOH AND GRN/Page_KDMC - CMS/input_txtdeal'

2018-06-10 21:58:48 - [TEST_STEP][PASSED] - Statement - return (java.lang.Math.floor((java.lang.Math.random() * ((max - min) + 1))) + min): Text '9.0' is set on object 'Object Repository/MOH AND GRN/Page_KDMC - CMS/input_txtdeal'

2018-06-10 21:58:48 - [MESSAGE][PASSED] - Text '9.0' is set on object 'Object Repository/MOH AND GRN/Page_KDMC - CMS/input_txtdeal'

2018-06-10 21:58:48 - [TEST_STEP][PASSED] - setText: Finding Test Object with id 'Object Repository/MOH AND GRN/Page_KDMC - CMS/input_txtbatchno'

2018-06-10 21:58:48 - [TEST_STEP][PASSED] - Statement - switch (id): Finding Test Object with id 'Object Repository/MOH AND GRN/Page_KDMC - CMS/input_txtmrp'

2018-06-10 21:58:48 - [TEST_STEP][PASSED] - Statement - case 1:: Text 'BA340.0' is set on object 'Object Repository/MOH AND GRN/Page_KDMC - CMS/input_txtbatchno'

2018-06-10 21:58:48 - [TEST_STEP][PASSED] - Statement - return (java.lang.Math.floor((java.lang.Math.random() * ((max - min) + 1))) + min): Text 'BA340.0' is set on object 'Object Repository/MOH AND GRN/Page_KDMC - CMS/input_txtbatchno'

2018-06-10 21:58:48 - [MESSAGE][PASSED] - Text 'BA340.0' is set on object 'Object Repository/MOH AND GRN/Page_KDMC - CMS/input_txtbatchno'

2018-06-10 21:58:48 - [TEST_STEP][PASSED] - rightClick: Object: 'Object Repository/GRN/Page_KDMC - CMS/input_txtexpdate' is right clicked on

2018-06-10 21:58:48 - [MESSAGE][PASSED] - Object: 'Object Repository/GRN/Page_KDMC - CMS/input_txtexpdate' is right clicked on

2018-06-10 21:58:48 - [TEST_STEP][PASSED] - selectOptionByIndex: All options with index in [10] are selected on object 'Object Repository/GRN/Page_KDMC - CMS/select_20182019202020212022202'

2018-06-10 21:58:48 - [MESSAGE][PASSED] - All options with index in [10] are selected on object 'Object Repository/GRN/Page_KDMC - CMS/select_20182019202020212022202'

2018-06-10 21:58:48 - [TEST_STEP][PASSED] - selectOptionByIndex: All options with index in [10] are selected on object 'Object Repository/GRN/Page_KDMC - CMS/select_JanFebMarAprMayJunJulAu'

2018-06-10 21:58:48 - [MESSAGE][PASSED] - All options with index in [10] are selected on object 'Object Repository/GRN/Page_KDMC - CMS/select_JanFebMarAprMayJunJulAu'

2018-06-10 21:58:48 - [TEST_STEP][PASSED] - click: Object: 'Object Repository/MOH AND GRN/Page_KDMC - CMS/a_12' is clicked on

2018-06-10 21:58:49 - [MESSAGE][PASSED] - Object: 'Object Repository/MOH AND GRN/Page_KDMC - CMS/a_12' is clicked on

2018-06-10 21:58:49 - [TEST_STEP][PASSED] - click: Object: 'Object Repository/MOH AND GRN/Page_KDMC - CMS/input_btnadd' is clicked on

2018-06-10 21:58:49 - [MESSAGE][PASSED] - Object: 'Object Repository/MOH AND GRN/Page_KDMC - CMS/input_btnadd' is clicked on

2018-06-10 21:58:49 - [TEST_STEP][PASSED] - Statement - If (s == 10): null

2018-06-10 21:58:49 - [TEST_STEP][PASSED] - Statement - s = 1: null

2018-06-10 21:58:49 - [TEST_STEP][PASSED] - delay: Delayed 1 second(s)

2018-06-10 21:58:50 - [MESSAGE][PASSED] - Delayed 1 second(s)

2018-06-10 21:58:50 - [TEST_STEP][PASSED] - selectOptionByIndex: All options with index in [11] are selected on object 'Object Repository/MOH AND GRN/Page_KDMC - CMS/select_--Select--Amikacin -500'

2018-06-10 21:58:50 - [MESSAGE][PASSED] - All options with index in [11] are selected on object 'Object Repository/MOH AND GRN/Page_KDMC - CMS/select_--Select--Amikacin -500'

2018-06-10 21:58:50 - [TEST_STEP][PASSED] - setText: Text '5000' is set on object 'Object Repository/MOH AND GRN/Page_KDMC - CMS/input_txtqty'

2018-06-10 21:58:50 - [MESSAGE][PASSED] - Text '5000' is set on object 'Object Repository/MOH AND GRN/Page_KDMC - CMS/input_txtqty'

2018-06-10 21:58:50 - [TEST_STEP][PASSED] - selectOptionByIndex: All options with index in [1] are selected on object 'Object Repository/MOH AND GRN/Page_KDMC - CMS/select_--Select--No Tax0'

2018-06-10 21:58:50 - [MESSAGE][PASSED] - All options with index in [1] are selected on object 'Object Repository/MOH AND GRN/Page_KDMC - CMS/select_--Select--No Tax0'

2018-06-10 21:58:50 - [TEST_STEP][PASSED] - setText: Finding Test Object with id 'Object Repository/MOH AND GRN/Page_KDMC - CMS/input_txtmrp'

2018-06-10 21:58:50 - [TEST_STEP][PASSED] - Statement - switch (id): Finding Test Object with id 'Object Repository/MOH AND GRN/Page_KDMC - CMS/input_txtdeal'

2018-06-10 21:58:50 - [TEST_STEP][PASSED] - Statement - case 4:: Text '34.0' is set on object 'Object Repository/MOH AND GRN/Page_KDMC - CMS/input_txtmrp'

2018-06-10 21:58:50 - [TEST_STEP][PASSED] - Statement - return (java.lang.Math.floor((java.lang.Math.random() * ((max - min) + 1))) + min): Text '34.0' is set on object 'Object Repository/MOH AND GRN/Page_KDMC - CMS/input_txtmrp'

2018-06-10 21:58:50 - [MESSAGE][PASSED] - Text '34.0' is set on object 'Object Repository/MOH AND GRN/Page_KDMC - CMS/input_txtmrp'

2018-06-10 21:58:50 - [TEST_STEP][PASSED] - setText: Finding Test Object with id 'Object Repository/MOH AND GRN/Page_KDMC - CMS/input_txtdeal'

2018-06-10 21:58:50 - [TEST_STEP][PASSED] - Statement - switch (id): Finding Test Object with id 'Object Repository/MOH AND GRN/Page_KDMC - CMS/input_txtbatchno'

2018-06-10 21:58:50 - [TEST_STEP][PASSED] - Statement - case 5:: Text '12.0' is set on object 'Object Repository/MOH AND GRN/Page_KDMC - CMS/input_txtdeal'

2018-06-10 21:58:50 - [TEST_STEP][PASSED] - Statement - return (java.lang.Math.floor((java.lang.Math.random() * ((max - min) + 1))) + min): Text '12.0' is set on object 'Object Repository/MOH AND GRN/Page_KDMC - CMS/input_txtdeal'

2018-06-10 21:58:50 - [MESSAGE][PASSED] - Text '12.0' is set on object 'Object Repository/MOH AND GRN/Page_KDMC - CMS/input_txtdeal'

2018-06-10 21:58:50 - [TEST_STEP][PASSED] - setText: Finding Test Object with id 'Object Repository/MOH AND GRN/Page_KDMC - CMS/input_txtbatchno'

2018-06-10 21:58:50 - [TEST_STEP][PASSED] - Statement - switch (id): Finding Test Object with id 'Object Repository/MOH AND GRN/Page_KDMC - CMS/input_txtmrp'

2018-06-10 21:58:50 - [TEST_STEP][PASSED] - Statement - case 1:: Text 'BA897.0' is set on object 'Object Repository/MOH AND GRN/Page_KDMC - CMS/input_txtbatchno'

2018-06-10 21:58:50 - [TEST_STEP][PASSED] - Statement - return (java.lang.Math.floor((java.lang.Math.random() * ((max - min) + 1))) + min): Text 'BA897.0' is set on object 'Object Repository/MOH AND GRN/Page_KDMC - CMS/input_txtbatchno'

2018-06-10 21:58:50 - [MESSAGE][PASSED] - Text 'BA897.0' is set on object 'Object Repository/MOH AND GRN/Page_KDMC - CMS/input_txtbatchno'

2018-06-10 21:58:50 - [TEST_STEP][PASSED] - rightClick: Object: 'Object Repository/GRN/Page_KDMC - CMS/input_txtexpdate' is right clicked on

2018-06-10 21:58:51 - [MESSAGE][PASSED] - Object: 'Object Repository/GRN/Page_KDMC - CMS/input_txtexpdate' is right clicked on

2018-06-10 21:58:51 - [TEST_STEP][PASSED] - selectOptionByIndex: All options with index in [1] are selected on object 'Object Repository/GRN/Page_KDMC - CMS/select_20182019202020212022202'

2018-06-10 21:58:51 - [MESSAGE][PASSED] - All options with index in [1] are selected on object 'Object Repository/GRN/Page_KDMC - CMS/select_20182019202020212022202'

2018-06-10 21:58:51 - [TEST_STEP][PASSED] - selectOptionByIndex: All options with index in [1] are selected on object 'Object Repository/GRN/Page_KDMC - CMS/select_JanFebMarAprMayJunJulAu'

2018-06-10 21:58:51 - [MESSAGE][PASSED] - All options with index in [1] are selected on object 'Object Repository/GRN/Page_KDMC - CMS/select_JanFebMarAprMayJunJulAu'

2018-06-10 21:58:51 - [TEST_STEP][PASSED] - click: Object: 'Object Repository/MOH AND GRN/Page_KDMC - CMS/a_12' is clicked on

2018-06-10 21:58:51 - [MESSAGE][PASSED] - Object: 'Object Repository/MOH AND GRN/Page_KDMC - CMS/a_12' is clicked on

2018-06-10 21:58:51 - [TEST_STEP][PASSED] - click: Object: 'Object Repository/MOH AND GRN/Page_KDMC - CMS/input_btnadd' is clicked on

2018-06-10 21:58:51 - [MESSAGE][PASSED] - Object: 'Object Repository/MOH AND GRN/Page_KDMC - CMS/input_btnadd' is clicked on

2018-06-10 21:58:51 - [TEST_STEP][PASSED] - Statement - If (s == 10): null

2018-06-10 21:58:51 - [TEST_STEP][PASSED] - Statement - Else: null

2018-06-10 21:58:51 - [TEST_STEP][PASSED] - Statement - (s++): null

2018-06-10 21:58:51 - [TEST_STEP][PASSED] - delay: Delayed 1 second(s)

2018-06-10 21:58:52 - [MESSAGE][PASSED] - Delayed 1 second(s)

2018-06-10 21:58:52 - [TEST_STEP][PASSED] - selectOptionByIndex: All options with index in [12] are selected on object 'Object Repository/MOH AND GRN/Page_KDMC - CMS/select_--Select--Amikacin -500'

2018-06-10 21:58:52 - [MESSAGE][PASSED] - All options with index in [12] are selected on object 'Object Repository/MOH AND GRN/Page_KDMC - CMS/select_--Select--Amikacin -500'

2018-06-10 21:58:52 - [TEST_STEP][PASSED] - setText: Text '5000' is set on object 'Object Repository/MOH AND GRN/Page_KDMC - CMS/input_txtqty'

2018-06-10 21:58:52 - [MESSAGE][PASSED] - Text '5000' is set on object 'Object Repository/MOH AND GRN/Page_KDMC - CMS/input_txtqty'

2018-06-10 21:58:52 - [TEST_STEP][PASSED] - selectOptionByIndex: All options with index in [1] are selected on object 'Object Repository/MOH AND GRN/Page_KDMC - CMS/select_--Select--No Tax0'

2018-06-10 21:58:52 - [MESSAGE][PASSED] - All options with index in [1] are selected on object 'Object Repository/MOH AND GRN/Page_KDMC - CMS/select_--Select--No Tax0'

2018-06-10 21:58:52 - [TEST_STEP][PASSED] - setText: Finding Test Object with id 'Object Repository/MOH AND GRN/Page_KDMC - CMS/input_txtmrp'

2018-06-10 21:58:52 - [TEST_STEP][PASSED] - Statement - switch (id): Finding Test Object with id 'Object Repository/MOH AND GRN/Page_KDMC - CMS/input_txtdeal'

2018-06-10 21:58:52 - [TEST_STEP][PASSED] - Statement - case 4:: Text '27.0' is set on object 'Object Repository/MOH AND GRN/Page_KDMC - CMS/input_txtmrp'

2018-06-10 21:58:52 - [TEST_STEP][PASSED] - Statement - return (java.lang.Math.floor((java.lang.Math.random() * ((max - min) + 1))) + min): Text '27.0' is set on object 'Object Repository/MOH AND GRN/Page_KDMC - CMS/input_txtmrp'

2018-06-10 21:58:53 - [MESSAGE][PASSED] - Text '27.0' is set on object 'Object Repository/MOH AND GRN/Page_KDMC - CMS/input_txtmrp'

2018-06-10 21:58:53 - [TEST_STEP][PASSED] - setText: Finding Test Object with id 'Object Repository/MOH AND GRN/Page_KDMC - CMS/input_txtdeal'

2018-06-10 21:58:53 - [TEST_STEP][PASSED] - Statement - switch (id): Finding Test Object with id 'Object Repository/MOH AND GRN/Page_KDMC - CMS/input_txtbatchno'

2018-06-10 21:58:53 - [TEST_STEP][PASSED] - Statement - case 5:: Text '9.0' is set on object 'Object Repository/MOH AND GRN/Page_KDMC - CMS/input_txtdeal'

2018-06-10 21:58:53 - [TEST_STEP][PASSED] - Statement - return (java.lang.Math.floor((java.lang.Math.random() * ((max - min) + 1))) + min): Text '9.0' is set on object 'Object Repository/MOH AND GRN/Page_KDMC - CMS/input_txtdeal'

2018-06-10 21:58:53 - [MESSAGE][PASSED] - Text '9.0' is set on object 'Object Repository/MOH AND GRN/Page_KDMC - CMS/input_txtdeal'

2018-06-10 21:58:53 - [TEST_STEP][PASSED] - setText: Finding Test Object with id 'Object Repository/MOH AND GRN/Page_KDMC - CMS/input_txtbatchno'

2018-06-10 21:58:53 - [TEST_STEP][PASSED] - Statement - switch (id): Finding Test Object with id 'Object Repository/MOH AND GRN/Page_KDMC - CMS/input_txtmrp'

2018-06-10 21:58:53 - [TEST_STEP][PASSED] - Statement - case 1:: Text 'BA698.0' is set on object 'Object Repository/MOH AND GRN/Page_KDMC - CMS/input_txtbatchno'

2018-06-10 21:58:53 - [TEST_STEP][PASSED] - Statement - return (java.lang.Math.floor((java.lang.Math.random() * ((max - min) + 1))) + min): Text 'BA698.0' is set on object 'Object Repository/MOH AND GRN/Page_KDMC - CMS/input_txtbatchno'

2018-06-10 21:58:53 - [MESSAGE][PASSED] - Text 'BA698.0' is set on object 'Object Repository/MOH AND GRN/Page_KDMC - CMS/input_txtbatchno'

2018-06-10 21:58:53 - [TEST_STEP][PASSED] - rightClick: Object: 'Object Repository/GRN/Page_KDMC - CMS/input_txtexpdate' is right clicked on

2018-06-10 21:58:53 - [MESSAGE][PASSED] - Object: 'Object Repository/GRN/Page_KDMC - CMS/input_txtexpdate' is right clicked on

2018-06-10 21:58:53 - [TEST_STEP][PASSED] - selectOptionByIndex: All options with index in [2] are selected on object 'Object Repository/GRN/Page_KDMC - CMS/select_20182019202020212022202'

2018-06-10 21:58:53 - [MESSAGE][PASSED] - All options with index in [2] are selected on object 'Object Repository/GRN/Page_KDMC - CMS/select_20182019202020212022202'

2018-06-10 21:58:53 - [TEST_STEP][PASSED] - selectOptionByIndex: All options with index in [2] are selected on object 'Object Repository/GRN/Page_KDMC - CMS/select_JanFebMarAprMayJunJulAu'

2018-06-10 21:58:53 - [MESSAGE][PASSED] - All options with index in [2] are selected on object 'Object Repository/GRN/Page_KDMC - CMS/select_JanFebMarAprMayJunJulAu'

2018-06-10 21:58:53 - [TEST_STEP][PASSED] - click: Object: 'Object Repository/MOH AND GRN/Page_KDMC - CMS/a_12' is clicked on

2018-06-10 21:58:53 - [MESSAGE][PASSED] - Object: 'Object Repository/MOH AND GRN/Page_KDMC - CMS/a_12' is clicked on

2018-06-10 21:58:53 - [TEST_STEP][PASSED] - click: Object: 'Object Repository/MOH AND GRN/Page_KDMC - CMS/input_btnadd' is clicked on

2018-06-10 21:58:53 - [MESSAGE][PASSED] - Object: 'Object Repository/MOH AND GRN/Page_KDMC - CMS/input_btnadd' is clicked on

2018-06-10 21:58:53 - [TEST_STEP][PASSED] - Statement - If (s == 10): null

2018-06-10 21:58:53 - [TEST_STEP][PASSED] - Statement - Else: null

2018-06-10 21:58:53 - [TEST_STEP][PASSED] - Statement - (s++): null

2018-06-10 21:58:53 - [TEST_STEP][PASSED] - delay: Delayed 1 second(s)

2018-06-10 21:58:54 - [MESSAGE][PASSED] - Delayed 1 second(s)

2018-06-10 21:58:54 - [TEST_STEP][PASSED] - selectOptionByIndex: All options with index in [13] are selected on object 'Object Repository/MOH AND GRN/Page_KDMC - CMS/select_--Select--Amikacin -500'

2018-06-10 21:58:55 - [MESSAGE][PASSED] - All options with index in [13] are selected on object 'Object Repository/MOH AND GRN/Page_KDMC - CMS/select_--Select--Amikacin -500'

2018-06-10 21:58:55 - [TEST_STEP][PASSED] - setText: Text '5000' is set on object 'Object Repository/MOH AND GRN/Page_KDMC - CMS/input_txtqty'

2018-06-10 21:58:55 - [MESSAGE][PASSED] - Text '5000' is set on object 'Object Repository/MOH AND GRN/Page_KDMC - CMS/input_txtqty'

2018-06-10 21:58:55 - [TEST_STEP][PASSED] - selectOptionByIndex: All options with index in [1] are selected on object 'Object Repository/MOH AND GRN/Page_KDMC - CMS/select_--Select--No Tax0'

2018-06-10 21:58:55 - [MESSAGE][PASSED] - All options with index in [1] are selected on object 'Object Repository/MOH AND GRN/Page_KDMC - CMS/select_--Select--No Tax0'

2018-06-10 21:58:55 - [TEST_STEP][PASSED] - setText: Finding Test Object with id 'Object Repository/MOH AND GRN/Page_KDMC - CMS/input_txtmrp'

2018-06-10 21:58:55 - [TEST_STEP][PASSED] - Statement - switch (id): Finding Test Object with id 'Object Repository/MOH AND GRN/Page_KDMC - CMS/input_txtdeal'

2018-06-10 21:58:55 - [TEST_STEP][PASSED] - Statement - case 4:: Text '35.0' is set on object 'Object Repository/MOH AND GRN/Page_KDMC - CMS/input_txtmrp'

2018-06-10 21:58:55 - [TEST_STEP][PASSED] - Statement - return (java.lang.Math.floor((java.lang.Math.random() * ((max - min) + 1))) + min): Text '35.0' is set on object 'Object Repository/MOH AND GRN/Page_KDMC - CMS/input_txtmrp'

2018-06-10 21:58:55 - [MESSAGE][PASSED] - Text '35.0' is set on object 'Object Repository/MOH AND GRN/Page_KDMC - CMS/input_txtmrp'

2018-06-10 21:58:55 - [TEST_STEP][PASSED] - setText: Finding Test Object with id 'Object Repository/MOH AND GRN/Page_KDMC - CMS/input_txtdeal'

2018-06-10 21:58:55 - [TEST_STEP][PASSED] - Statement - switch (id): Finding Test Object with id 'Object Repository/MOH AND GRN/Page_KDMC - CMS/input_txtbatchno'

2018-06-10 21:58:55 - [TEST_STEP][PASSED] - Statement - case 5:: Text '6.0' is set on object 'Object Repository/MOH AND GRN/Page_KDMC - CMS/input_txtdeal'

2018-06-10 21:58:55 - [TEST_STEP][PASSED] - Statement - return (java.lang.Math.floor((java.lang.Math.random() * ((max - min) + 1))) + min): Text '6.0' is set on object 'Object Repository/MOH AND GRN/Page_KDMC - CMS/input_txtdeal'

2018-06-10 21:58:55 - [MESSAGE][PASSED] - Text '6.0' is set on object 'Object Repository/MOH AND GRN/Page_KDMC - CMS/input_txtdeal'

2018-06-10 21:58:55 - [TEST_STEP][PASSED] - setText: Finding Test Object with id 'Object Repository/MOH AND GRN/Page_KDMC - CMS/input_txtbatchno'

2018-06-10 21:58:55 - [TEST_STEP][PASSED] - Statement - switch (id): Finding Test Object with id 'Object Repository/MOH AND GRN/Page_KDMC - CMS/input_txtmrp'

2018-06-10 21:58:55 - [TEST_STEP][PASSED] - Statement - case 1:: Text 'BA503.0' is set on object 'Object Repository/MOH AND GRN/Page_KDMC - CMS/input_txtbatchno'

2018-06-10 21:58:55 - [TEST_STEP][PASSED] - Statement - return (java.lang.Math.floor((java.lang.Math.random() * ((max - min) + 1))) + min): Text 'BA503.0' is set on object 'Object Repository/MOH AND GRN/Page_KDMC - CMS/input_txtbatchno'

2018-06-10 21:58:55 - [MESSAGE][PASSED] - Text 'BA503.0' is set on object 'Object Repository/MOH AND GRN/Page_KDMC - CMS/input_txtbatchno'

2018-06-10 21:58:55 - [TEST_STEP][PASSED] - rightClick: Object: 'Object Repository/GRN/Page_KDMC - CMS/input_txtexpdate' is right clicked on

2018-06-10 21:58:55 - [MESSAGE][PASSED] - Object: 'Object Repository/GRN/Page_KDMC - CMS/input_txtexpdate' is right clicked on

2018-06-10 21:58:55 - [TEST_STEP][PASSED] - selectOptionByIndex: All options with index in [3] are selected on object 'Object Repository/GRN/Page_KDMC - CMS/select_20182019202020212022202'

2018-06-10 21:58:55 - [MESSAGE][PASSED] - All options with index in [3] are selected on object 'Object Repository/GRN/Page_KDMC - CMS/select_20182019202020212022202'

2018-06-10 21:58:55 - [TEST_STEP][PASSED] - selectOptionByIndex: All options with index in [3] are selected on object 'Object Repository/GRN/Page_KDMC - CMS/select_JanFebMarAprMayJunJulAu'

2018-06-10 21:58:56 - [MESSAGE][PASSED] - All options with index in [3] are selected on object 'Object Repository/GRN/Page_KDMC - CMS/select_JanFebMarAprMayJunJulAu'

2018-06-10 21:58:56 - [TEST_STEP][PASSED] - click: Object: 'Object Repository/MOH AND GRN/Page_KDMC - CMS/a_12' is clicked on

2018-06-10 21:58:56 - [MESSAGE][PASSED] - Object: 'Object Repository/MOH AND GRN/Page_KDMC - CMS/a_12' is clicked on

2018-06-10 21:58:56 - [TEST_STEP][PASSED] - click: Object: 'Object Repository/MOH AND GRN/Page_KDMC - CMS/input_btnadd' is clicked on

2018-06-10 21:58:56 - [MESSAGE][PASSED] - Object: 'Object Repository/MOH AND GRN/Page_KDMC - CMS/input_btnadd' is clicked on

2018-06-10 21:58:56 - [TEST_STEP][PASSED] - Statement - If (s == 10): null

2018-06-10 21:58:56 - [TEST_STEP][PASSED] - Statement - Else: null

2018-06-10 21:58:56 - [TEST_STEP][PASSED] - Statement - (s++): null

2018-06-10 21:58:56 - [TEST_STEP][PASSED] - delay: Delayed 1 second(s)

2018-06-10 21:58:57 - [MESSAGE][PASSED] - Delayed 1 second(s)

2018-06-10 21:58:57 - [TEST_STEP][PASSED] - selectOptionByIndex: All options with index in [14] are selected on object 'Object Repository/MOH AND GRN/Page_KDMC - CMS/select_--Select--Amikacin -500'

2018-06-10 21:58:57 - [MESSAGE][PASSED] - All options with index in [14] are selected on object 'Object Repository/MOH AND GRN/Page_KDMC - CMS/select_--Select--Amikacin -500'

2018-06-10 21:58:57 - [TEST_STEP][PASSED] - setText: Text '5000' is set on object 'Object Repository/MOH AND GRN/Page_KDMC - CMS/input_txtqty'

2018-06-10 21:58:57 - [MESSAGE][PASSED] - Text '5000' is set on object 'Object Repository/MOH AND GRN/Page_KDMC - CMS/input_txtqty'

2018-06-10 21:58:57 - [TEST_STEP][PASSED] - selectOptionByIndex: All options with index in [1] are selected on object 'Object Repository/MOH AND GRN/Page_KDMC - CMS/select_--Select--No Tax0'

2018-06-10 21:58:57 - [MESSAGE][PASSED] - All options with index in [1] are selected on object 'Object Repository/MOH AND GRN/Page_KDMC - CMS/select_--Select--No Tax0'

2018-06-10 21:58:57 - [TEST_STEP][PASSED] - setText: Finding Test Object with id 'Object Repository/MOH AND GRN/Page_KDMC - CMS/input_txtmrp'

2018-06-10 21:58:57 - [TEST_STEP][PASSED] - Statement - switch (id): Finding Test Object with id 'Object Repository/MOH AND GRN/Page_KDMC - CMS/input_txtdeal'

2018-06-10 21:58:57 - [TEST_STEP][PASSED] - Statement - case 4:: Text '23.0' is set on object 'Object Repository/MOH AND GRN/Page_KDMC - CMS/input_txtmrp'

2018-06-10 21:58:57 - [TEST_STEP][PASSED] - Statement - return (java.lang.Math.floor((java.lang.Math.random() * ((max - min) + 1))) + min): Text '23.0' is set on object 'Object Repository/MOH AND GRN/Page_KDMC - CMS/input_txtmrp'

2018-06-10 21:58:57 - [MESSAGE][PASSED] - Text '23.0' is set on object 'Object Repository/MOH AND GRN/Page_KDMC - CMS/input_txtmrp'

2018-06-10 21:58:57 - [TEST_STEP][PASSED] - setText: Finding Test Object with id 'Object Repository/MOH AND GRN/Page_KDMC - CMS/input_txtdeal'

2018-06-10 21:58:57 - [TEST_STEP][PASSED] - Statement - switch (id): Finding Test Object with id 'Object Repository/MOH AND GRN/Page_KDMC - CMS/input_txtbatchno'

2018-06-10 21:58:57 - [TEST_STEP][PASSED] - Statement - case 5:: Text '8.0' is set on object 'Object Repository/MOH AND GRN/Page_KDMC - CMS/input_txtdeal'

2018-06-10 21:58:57 - [TEST_STEP][PASSED] - Statement - return (java.lang.Math.floor((java.lang.Math.random() * ((max - min) + 1))) + min): Text '8.0' is set on object 'Object Repository/MOH AND GRN/Page_KDMC - CMS/input_txtdeal'

2018-06-10 21:58:57 - [MESSAGE][PASSED] - Text '8.0' is set on object 'Object Repository/MOH AND GRN/Page_KDMC - CMS/input_txtdeal'

2018-06-10 21:58:57 - [TEST_STEP][PASSED] - setText: Finding Test Object with id 'Object Repository/MOH AND GRN/Page_KDMC - CMS/input_txtbatchno'

2018-06-10 21:58:57 - [TEST_STEP][PASSED] - Statement - switch (id): Finding Test Object with id 'Object Repository/MOH AND GRN/Page_KDMC - CMS/input_txtmrp'

2018-06-10 21:58:57 - [TEST_STEP][PASSED] - Statement - case 1:: Text 'BA752.0' is set on object 'Object Repository/MOH AND GRN/Page_KDMC - CMS/input_txtbatchno'

2018-06-10 21:58:57 - [TEST_STEP][PASSED] - Statement - return (java.lang.Math.floor((java.lang.Math.random() * ((max - min) + 1))) + min): Text 'BA752.0' is set on object 'Object Repository/MOH AND GRN/Page_KDMC - CMS/input_txtbatchno'

2018-06-10 21:58:58 - [MESSAGE][PASSED] - Text 'BA752.0' is set on object 'Object Repository/MOH AND GRN/Page_KDMC - CMS/input_txtbatchno'

2018-06-10 21:58:58 - [TEST_STEP][PASSED] - rightClick: Object: 'Object Repository/GRN/Page_KDMC - CMS/input_txtexpdate' is right clicked on

2018-06-10 21:58:58 - [MESSAGE][PASSED] - Object: 'Object Repository/GRN/Page_KDMC - CMS/input_txtexpdate' is right clicked on

2018-06-10 21:58:58 - [TEST_STEP][PASSED] - selectOptionByIndex: All options with index in [4] are selected on object 'Object Repository/GRN/Page_KDMC - CMS/select_20182019202020212022202'

2018-06-10 21:58:58 - [MESSAGE][PASSED] - All options with index in [4] are selected on object 'Object Repository/GRN/Page_KDMC - CMS/select_20182019202020212022202'

2018-06-10 21:58:58 - [TEST_STEP][PASSED] - selectOptionByIndex: All options with index in [4] are selected on object 'Object Repository/GRN/Page_KDMC - CMS/select_JanFebMarAprMayJunJulAu'

2018-06-10 21:58:58 - [MESSAGE][PASSED] - All options with index in [4] are selected on object 'Object Repository/GRN/Page_KDMC - CMS/select_JanFebMarAprMayJunJulAu'

2018-06-10 21:58:58 - [TEST_STEP][PASSED] - click: Object: 'Object Repository/MOH AND GRN/Page_KDMC - CMS/a_12' is clicked on

2018-06-10 21:58:58 - [MESSAGE][PASSED] - Object: 'Object Repository/MOH AND GRN/Page_KDMC - CMS/a_12' is clicked on

2018-06-10 21:58:58 - [TEST_STEP][PASSED] - click: Object: 'Object Repository/MOH AND GRN/Page_KDMC - CMS/input_btnadd' is clicked on

2018-06-10 21:58:58 - [MESSAGE][PASSED] - Object: 'Object Repository/MOH AND GRN/Page_KDMC - CMS/input_btnadd' is clicked on

2018-06-10 21:58:58 - [TEST_STEP][PASSED] - Statement - If (s == 10): null

2018-06-10 21:58:58 - [TEST_STEP][PASSED] - Statement - Else: null

2018-06-10 21:58:58 - [TEST_STEP][PASSED] - Statement - (s++): null

2018-06-10 21:58:58 - [TEST_STEP][PASSED] - delay: Delayed 1 second(s)

2018-06-10 21:58:59 - [MESSAGE][PASSED] - Delayed 1 second(s)

2018-06-10 21:58:59 - [TEST_STEP][PASSED] - selectOptionByIndex: All options with index in [15] are selected on object 'Object Repository/MOH AND GRN/Page_KDMC - CMS/select_--Select--Amikacin -500'

2018-06-10 21:58:59 - [MESSAGE][PASSED] - All options with index in [15] are selected on object 'Object Repository/MOH AND GRN/Page_KDMC - CMS/select_--Select--Amikacin -500'

2018-06-10 21:58:59 - [TEST_STEP][PASSED] - setText: Text '5000' is set on object 'Object Repository/MOH AND GRN/Page_KDMC - CMS/input_txtqty'

2018-06-10 21:59:00 - [MESSAGE][PASSED] - Text '5000' is set on object 'Object Repository/MOH AND GRN/Page_KDMC - CMS/input_txtqty'

2018-06-10 21:59:00 - [TEST_STEP][PASSED] - selectOptionByIndex: All options with index in [1] are selected on object 'Object Repository/MOH AND GRN/Page_KDMC - CMS/select_--Select--No Tax0'

2018-06-10 21:59:00 - [MESSAGE][PASSED] - All options with index in [1] are selected on object 'Object Repository/MOH AND GRN/Page_KDMC - CMS/select_--Select--No Tax0'

2018-06-10 21:59:00 - [TEST_STEP][PASSED] - setText: Finding Test Object with id 'Object Repository/MOH AND GRN/Page_KDMC - CMS/input_txtmrp'

2018-06-10 21:59:00 - [TEST_STEP][PASSED] - Statement - switch (id): Finding Test Object with id 'Object Repository/MOH AND GRN/Page_KDMC - CMS/input_txtdeal'

2018-06-10 21:59:00 - [TEST_STEP][PASSED] - Statement - case 4:: Text '15.0' is set on object 'Object Repository/MOH AND GRN/Page_KDMC - CMS/input_txtmrp'

2018-06-10 21:59:00 - [TEST_STEP][PASSED] - Statement - return (java.lang.Math.floor((java.lang.Math.random() * ((max - min) + 1))) + min): Text '15.0' is set on object 'Object Repository/MOH AND GRN/Page_KDMC - CMS/input_txtmrp'

2018-06-10 21:59:00 - [MESSAGE][PASSED] - Text '15.0' is set on object 'Object Repository/MOH AND GRN/Page_KDMC - CMS/input_txtmrp'

2018-06-10 21:59:00 - [TEST_STEP][PASSED] - setText: Finding Test Object with id 'Object Repository/MOH AND GRN/Page_KDMC - CMS/input_txtdeal'

2018-06-10 21:59:00 - [TEST_STEP][PASSED] - Statement - switch (id): Finding Test Object with id 'Object Repository/MOH AND GRN/Page_KDMC - CMS/input_txtbatchno'

2018-06-10 21:59:00 - [TEST_STEP][PASSED] - Statement - case 5:: Text '3.0' is set on object 'Object Repository/MOH AND GRN/Page_KDMC - CMS/input_txtdeal'

2018-06-10 21:59:00 - [TEST_STEP][PASSED] - Statement - return (java.lang.Math.floor((java.lang.Math.random() * ((max - min) + 1))) + min): Text '3.0' is set on object 'Object Repository/MOH AND GRN/Page_KDMC - CMS/input_txtdeal'

2018-06-10 21:59:00 - [MESSAGE][PASSED] - Text '3.0' is set on object 'Object Repository/MOH AND GRN/Page_KDMC - CMS/input_txtdeal'

2018-06-10 21:59:00 - [TEST_STEP][PASSED] - setText: Finding Test Object with id 'Object Repository/MOH AND GRN/Page_KDMC - CMS/input_txtbatchno'

2018-06-10 21:59:00 - [TEST_STEP][PASSED] - Statement - switch (id): Finding Test Object with id 'Object Repository/MOH AND GRN/Page_KDMC - CMS/input_txtmrp'

2018-06-10 21:59:00 - [TEST_STEP][PASSED] - Statement - case 1:: Text 'BA613.0' is set on object 'Object Repository/MOH AND GRN/Page_KDMC - CMS/input_txtbatchno'

2018-06-10 21:59:00 - [TEST_STEP][PASSED] - Statement - return (java.lang.Math.floor((java.lang.Math.random() * ((max - min) + 1))) + min): Text 'BA613.0' is set on object 'Object Repository/MOH AND GRN/Page_KDMC - CMS/input_txtbatchno'

2018-06-10 21:59:00 - [MESSAGE][PASSED] - Text 'BA613.0' is set on object 'Object Repository/MOH AND GRN/Page_KDMC - CMS/input_txtbatchno'

2018-06-10 21:59:00 - [TEST_STEP][PASSED] - rightClick: Object: 'Object Repository/GRN/Page_KDMC - CMS/input_txtexpdate' is right clicked on

2018-06-10 21:59:00 - [MESSAGE][PASSED] - Object: 'Object Repository/GRN/Page_KDMC - CMS/input_txtexpdate' is right clicked on

2018-06-10 21:59:00 - [TEST_STEP][PASSED] - selectOptionByIndex: All options with index in [5] are selected on object 'Object Repository/GRN/Page_KDMC - CMS/select_20182019202020212022202'

2018-06-10 21:59:00 - [MESSAGE][PASSED] - All options with index in [5] are selected on object 'Object Repository/GRN/Page_KDMC - CMS/select_20182019202020212022202'

2018-06-10 21:59:00 - [TEST_STEP][PASSED] - selectOptionByIndex: All options with index in [5] are selected on object 'Object Repository/GRN/Page_KDMC - CMS/select_JanFebMarAprMayJunJulAu'

2018-06-10 21:59:00 - [MESSAGE][PASSED] - All options with index in [5] are selected on object 'Object Repository/GRN/Page_KDMC - CMS/select_JanFebMarAprMayJunJulAu'

2018-06-10 21:59:00 - [TEST_STEP][PASSED] - click: Object: 'Object Repository/MOH AND GRN/Page_KDMC - CMS/a_12' is clicked on

2018-06-10 21:59:00 - [MESSAGE][PASSED] - Object: 'Object Repository/MOH AND GRN/Page_KDMC - CMS/a_12' is clicked on

2018-06-10 21:59:00 - [TEST_STEP][PASSED] - click: Object: 'Object Repository/MOH AND GRN/Page_KDMC - CMS/input_btnadd' is clicked on

2018-06-10 21:59:01 - [MESSAGE][PASSED] - Object: 'Object Repository/MOH AND GRN/Page_KDMC - CMS/input_btnadd' is clicked on

2018-06-10 21:59:01 - [TEST_STEP][PASSED] - Statement - If (s == 10): null

2018-06-10 21:59:01 - [TEST_STEP][PASSED] - Statement - Else: null

2018-06-10 21:59:01 - [TEST_STEP][PASSED] - Statement - (s++): null

2018-06-10 21:59:01 - [TEST_STEP][PASSED] - delay: Delayed 1 second(s)

2018-06-10 21:59:02 - [MESSAGE][PASSED] - Delayed 1 second(s)

2018-06-10 21:59:02 - [TEST_STEP][PASSED] - selectOptionByIndex: All options with index in [16] are selected on object 'Object Repository/MOH AND GRN/Page_KDMC - CMS/select_--Select--Amikacin -500'

2018-06-10 21:59:02 - [MESSAGE][PASSED] - All options with index in [16] are selected on object 'Object Repository/MOH AND GRN/Page_KDMC - CMS/select_--Select--Amikacin -500'

2018-06-10 21:59:02 - [TEST_STEP][PASSED] - setText: Text '5000' is set on object 'Object Repository/MOH AND GRN/Page_KDMC - CMS/input_txtqty'

2018-06-10 21:59:02 - [MESSAGE][PASSED] - Text '5000' is set on object 'Object Repository/MOH AND GRN/Page_KDMC - CMS/input_txtqty'

2018-06-10 21:59:02 - [TEST_STEP][PASSED] - selectOptionByIndex: All options with index in [1] are selected on object 'Object Repository/MOH AND GRN/Page_KDMC - CMS/select_--Select--No Tax0'

2018-06-10 21:59:02 - [MESSAGE][PASSED] - All options with index in [1] are selected on object 'Object Repository/MOH AND GRN/Page_KDMC - CMS/select_--Select--No Tax0'

2018-06-10 21:59:02 - [TEST_STEP][PASSED] - setText: Finding Test Object with id 'Object Repository/MOH AND GRN/Page_KDMC - CMS/input_txtmrp'

2018-06-10 21:59:02 - [TEST_STEP][PASSED] - Statement - switch (id): Finding Test Object with id 'Object Repository/MOH AND GRN/Page_KDMC - CMS/input_txtdeal'

2018-06-10 21:59:02 - [TEST_STEP][PASSED] - Statement - case 4:: Text '20.0' is set on object 'Object Repository/MOH AND GRN/Page_KDMC - CMS/input_txtmrp'

2018-06-10 21:59:02 - [TEST_STEP][PASSED] - Statement - return (java.lang.Math.floor((java.lang.Math.random() * ((max - min) + 1))) + min): Text '20.0' is set on object 'Object Repository/MOH AND GRN/Page_KDMC - CMS/input_txtmrp'

2018-06-10 21:59:02 - [MESSAGE][PASSED] - Text '20.0' is set on object 'Object Repository/MOH AND GRN/Page_KDMC - CMS/input_txtmrp'

2018-06-10 21:59:02 - [TEST_STEP][PASSED] - setText: Finding Test Object with id 'Object Repository/MOH AND GRN/Page_KDMC - CMS/input_txtdeal'

2018-06-10 21:59:02 - [TEST_STEP][PASSED] - Statement - switch (id): Finding Test Object with id 'Object Repository/MOH AND GRN/Page_KDMC - CMS/input_txtbatchno'

2018-06-10 21:59:02 - [TEST_STEP][PASSED] - Statement - case 5:: Text '3.0' is set on object 'Object Repository/MOH AND GRN/Page_KDMC - CMS/input_txtdeal'

2018-06-10 21:59:02 - [TEST_STEP][PASSED] - Statement - return (java.lang.Math.floor((java.lang.Math.random() * ((max - min) + 1))) + min): Text '3.0' is set on object 'Object Repository/MOH AND GRN/Page_KDMC - CMS/input_txtdeal'

2018-06-10 21:59:02 - [MESSAGE][PASSED] - Text '3.0' is set on object 'Object Repository/MOH AND GRN/Page_KDMC - CMS/input_txtdeal'

2018-06-10 21:59:02 - [TEST_STEP][PASSED] - setText: Finding Test Object with id 'Object Repository/MOH AND GRN/Page_KDMC - CMS/input_txtbatchno'

2018-06-10 21:59:02 - [TEST_STEP][PASSED] - Statement - switch (id): Finding Test Object with id 'Object Repository/MOH AND GRN/Page_KDMC - CMS/input_txtmrp'

2018-06-10 21:59:02 - [TEST_STEP][PASSED] - Statement - case 1:: Text 'BA383.0' is set on object 'Object Repository/MOH AND GRN/Page_KDMC - CMS/input_txtbatchno'

2018-06-10 21:59:02 - [TEST_STEP][PASSED] - Statement - return (java.lang.Math.floor((java.lang.Math.random() * ((max - min) + 1))) + min): Text 'BA383.0' is set on object 'Object Repository/MOH AND GRN/Page_KDMC - CMS/input_txtbatchno'

2018-06-10 21:59:02 - [MESSAGE][PASSED] - Text 'BA383.0' is set on object 'Object Repository/MOH AND GRN/Page_KDMC - CMS/input_txtbatchno'

2018-06-10 21:59:02 - [TEST_STEP][PASSED] - rightClick: Object: 'Object Repository/GRN/Page_KDMC - CMS/input_txtexpdate' is right clicked on

2018-06-10 21:59:02 - [MESSAGE][PASSED] - Object: 'Object Repository/GRN/Page_KDMC - CMS/input_txtexpdate' is right clicked on

2018-06-10 21:59:02 - [TEST_STEP][PASSED] - selectOptionByIndex: All options with index in [6] are selected on object 'Object Repository/GRN/Page_KDMC - CMS/select_20182019202020212022202'

2018-06-10 21:59:03 - [MESSAGE][PASSED] - All options with index in [6] are selected on object 'Object Repository/GRN/Page_KDMC - CMS/select_20182019202020212022202'

2018-06-10 21:59:03 - [TEST_STEP][PASSED] - selectOptionByIndex: All options with index in [6] are selected on object 'Object Repository/GRN/Page_KDMC - CMS/select_JanFebMarAprMayJunJulAu'

2018-06-10 21:59:03 - [MESSAGE][PASSED] - All options with index in [6] are selected on object 'Object Repository/GRN/Page_KDMC - CMS/select_JanFebMarAprMayJunJulAu'

2018-06-10 21:59:03 - [TEST_STEP][PASSED] - click: Object: 'Object Repository/MOH AND GRN/Page_KDMC - CMS/a_12' is clicked on

2018-06-10 21:59:03 - [MESSAGE][PASSED] - Object: 'Object Repository/MOH AND GRN/Page_KDMC - CMS/a_12' is clicked on

2018-06-10 21:59:03 - [TEST_STEP][PASSED] - click: Object: 'Object Repository/MOH AND GRN/Page_KDMC - CMS/input_btnadd' is clicked on

2018-06-10 21:59:03 - [MESSAGE][PASSED] - Object: 'Object Repository/MOH AND GRN/Page_KDMC - CMS/input_btnadd' is clicked on

2018-06-10 21:59:03 - [TEST_STEP][PASSED] - Statement - If (s == 10): null

2018-06-10 21:59:03 - [TEST_STEP][PASSED] - Statement - Else: null

2018-06-10 21:59:03 - [TEST_STEP][PASSED] - Statement - (s++): null

2018-06-10 21:59:03 - [TEST_STEP][PASSED] - delay: Delayed 1 second(s)

2018-06-10 21:59:04 - [MESSAGE][PASSED] - Delayed 1 second(s)

2018-06-10 21:59:04 - [TEST_STEP][PASSED] - selectOptionByIndex: All options with index in [17] are selected on object 'Object Repository/MOH AND GRN/Page_KDMC - CMS/select_--Select--Amikacin -500'

2018-06-10 21:59:04 - [MESSAGE][PASSED] - All options with index in [17] are selected on object 'Object Repository/MOH AND GRN/Page_KDMC - CMS/select_--Select--Amikacin -500'

2018-06-10 21:59:04 - [TEST_STEP][PASSED] - setText: Text '5000' is set on object 'Object Repository/MOH AND GRN/Page_KDMC - CMS/input_txtqty'

2018-06-10 21:59:04 - [MESSAGE][PASSED] - Text '5000' is set on object 'Object Repository/MOH AND GRN/Page_KDMC - CMS/input_txtqty'

2018-06-10 21:59:04 - [TEST_STEP][PASSED] - selectOptionByIndex: All options with index in [1] are selected on object 'Object Repository/MOH AND GRN/Page_KDMC - CMS/select_--Select--No Tax0'

2018-06-10 21:59:05 - [MESSAGE][PASSED] - All options with index in [1] are selected on object 'Object Repository/MOH AND GRN/Page_KDMC - CMS/select_--Select--No Tax0'

2018-06-10 21:59:05 - [TEST_STEP][PASSED] - setText: Finding Test Object with id 'Object Repository/MOH AND GRN/Page_KDMC - CMS/input_txtmrp'

2018-06-10 21:59:05 - [TEST_STEP][PASSED] - Statement - switch (id): Finding Test Object with id 'Object Repository/MOH AND GRN/Page_KDMC - CMS/input_txtdeal'

2018-06-10 21:59:05 - [TEST_STEP][PASSED] - Statement - case 4:: Text '33.0' is set on object 'Object Repository/MOH AND GRN/Page_KDMC - CMS/input_txtmrp'

2018-06-10 21:59:05 - [TEST_STEP][PASSED] - Statement - return (java.lang.Math.floor((java.lang.Math.random() * ((max - min) + 1))) + min): Text '33.0' is set on object 'Object Repository/MOH AND GRN/Page_KDMC - CMS/input_txtmrp'

2018-06-10 21:59:05 - [MESSAGE][PASSED] - Text '33.0' is set on object 'Object Repository/MOH AND GRN/Page_KDMC - CMS/input_txtmrp'

2018-06-10 21:59:05 - [TEST_STEP][PASSED] - setText: Finding Test Object with id 'Object Repository/MOH AND GRN/Page_KDMC - CMS/input_txtdeal'

2018-06-10 21:59:05 - [TEST_STEP][PASSED] - Statement - switch (id): Finding Test Object with id 'Object Repository/MOH AND GRN/Page_KDMC - CMS/input_txtbatchno'

2018-06-10 21:59:05 - [TEST_STEP][PASSED] - Statement - case 5:: Text '1.0' is set on object 'Object Repository/MOH AND GRN/Page_KDMC - CMS/input_txtdeal'

2018-06-10 21:59:05 - [TEST_STEP][PASSED] - Statement - return (java.lang.Math.floor((java.lang.Math.random() * ((max - min) + 1))) + min): Text '1.0' is set on object 'Object Repository/MOH AND GRN/Page_KDMC - CMS/input_txtdeal'

2018-06-10 21:59:05 - [MESSAGE][PASSED] - Text '1.0' is set on object 'Object Repository/MOH AND GRN/Page_KDMC - CMS/input_txtdeal'

2018-06-10 21:59:05 - [TEST_STEP][PASSED] - setText: Finding Test Object with id 'Object Repository/MOH AND GRN/Page_KDMC - CMS/input_txtbatchno'

2018-06-10 21:59:05 - [TEST_STEP][PASSED] - Statement - switch (id): Delayed 1 second(s)

2018-06-10 21:59:05 - [TEST_STEP][PASSED] - Statement - case 1:: Text 'BA440.0' is set on object 'Object Repository/MOH AND GRN/Page_KDMC - CMS/input_txtbatchno'

2018-06-10 21:59:05 - [TEST_STEP][PASSED] - Statement - return (java.lang.Math.floor((java.lang.Math.random() * ((max - min) + 1))) + min): Text 'BA440.0' is set on object 'Object Repository/MOH AND GRN/Page_KDMC - CMS/input_txtbatchno'

2018-06-10 21:59:05 - [MESSAGE][PASSED] - Text 'BA440.0' is set on object 'Object Repository/MOH AND GRN/Page_KDMC - CMS/input_txtbatchno'

2018-06-10 21:59:05 - [TEST_STEP][PASSED] - rightClick: Object: 'Object Repository/GRN/Page_KDMC - CMS/input_txtexpdate' is right clicked on

2018-06-10 21:59:05 - [MESSAGE][PASSED] - Object: 'Object Repository/GRN/Page_KDMC - CMS/input_txtexpdate' is right clicked on

2018-06-10 21:59:05 - [TEST_STEP][PASSED] - selectOptionByIndex: All options with index in [7] are selected on object 'Object Repository/GRN/Page_KDMC - CMS/select_20182019202020212022202'

2018-06-10 21:59:05 - [MESSAGE][PASSED] - All options with index in [7] are selected on object 'Object Repository/GRN/Page_KDMC - CMS/select_20182019202020212022202'

2018-06-10 21:59:05 - [TEST_STEP][PASSED] - selectOptionByIndex: All options with index in [7] are selected on object 'Object Repository/GRN/Page_KDMC - CMS/select_JanFebMarAprMayJunJulAu'

2018-06-10 21:59:05 - [MESSAGE][PASSED] - All options with index in [7] are selected on object 'Object Repository/GRN/Page_KDMC - CMS/select_JanFebMarAprMayJunJulAu'

2018-06-10 21:59:05 - [TEST_STEP][PASSED] - click: Object: 'Object Repository/MOH AND GRN/Page_KDMC - CMS/a_12' is clicked on

2018-06-10 21:59:06 - [MESSAGE][PASSED] - Object: 'Object Repository/MOH AND GRN/Page_KDMC - CMS/a_12' is clicked on

2018-06-10 21:59:06 - [TEST_STEP][PASSED] - click: Object: 'Object Repository/MOH AND GRN/Page_KDMC - CMS/input_btnadd' is clicked on

2018-06-10 21:59:06 - [MESSAGE][PASSED] - Object: 'Object Repository/MOH AND GRN/Page_KDMC - CMS/input_btnadd' is clicked on

2018-06-10 21:59:06 - [TEST_STEP][PASSED] - Statement - If (s == 10): null

2018-06-10 21:59:06 - [TEST_STEP][PASSED] - Statement - Else: null

2018-06-10 21:59:06 - [TEST_STEP][PASSED] - Statement - (s++): null

2018-06-10 21:59:06 - [TEST_STEP][PASSED] - delay: Delayed 1 second(s)

2018-06-10 21:59:07 - [MESSAGE][PASSED] - Delayed 1 second(s)

2018-06-10 21:59:07 - [TEST_STEP][PASSED] - scrollToElement: Scroll to object 'Object Repository/MOH AND GRN/Page_KDMC - CMS/input_btnSubmit' successfully

2018-06-10 21:59:07 - [MESSAGE][PASSED] - Scroll to object 'Object Repository/MOH AND GRN/Page_KDMC - CMS/input_btnSubmit' successfully

2018-06-10 21:59:07 - [TEST_STEP][PASSED] - click: Object: 'Object Repository/MOH AND GRN/Page_KDMC - CMS/input_btnSubmit' is clicked on

2018-06-10 21:59:07 - [MESSAGE][PASSED] - Object: 'Object Repository/MOH AND GRN/Page_KDMC - CMS/input_btnSubmit' is clicked on

2018-06-10 21:59:07 - [TEST_STEP][PASSED] - delay: Delayed 3 second(s)

2018-06-10 21:59:10 - [MESSAGE][PASSED] - Delayed 3 second(s)

2018-06-10 21:59:10 - [TEST_STEP][PASSED] - click: Object: 'Object Repository/MOH AND GRN/Page_KDMC - CMS/button_OK' is clicked on

2018-06-10 21:59:10 - [MESSAGE][PASSED] - Object: 'Object Repository/MOH AND GRN/Page_KDMC - CMS/button_OK' is clicked on

2018-06-10 21:59:10 - [TEST_STEP][PASSED] - delay: Delayed 2 second(s)

2018-06-10 21:59:12 - [MESSAGE][PASSED] - Delayed 2 second(s)

2018-06-10 21:59:12 - [TEST_STEP][PASSED] - delay: Delayed 3 second(s)

2018-06-10 21:59:15 - [MESSAGE][PASSED] - Delayed 3 second(s)

2018-06-10 21:59:15 - [TEST_STEP][PASSED] - click: Object: 'Object Repository/MOH AND GRN/Page_KDMC - CMS/a_dropdown-toggle' is clicked on

2018-06-10 21:59:15 - [MESSAGE][PASSED] - Object: 'Object Repository/MOH AND GRN/Page_KDMC - CMS/a_dropdown-toggle' is clicked on

2018-06-10 21:59:15 - [TEST_STEP][PASSED] - click: Object: 'Object Repository/MOH AND GRN/Page_KDMC - CMS/a_Sign out' is clicked on

2018-06-10 21:59:16 - [MESSAGE][PASSED] - Object: 'Object Repository/MOH AND GRN/Page_KDMC - CMS/a_Sign out' is clicked on

2018-06-10 21:59:16 - [TEST_STEP][PASSED] - closeBrowser: Browser is closed

2018-06-10 21:59:17 - [MESSAGE][PASSED] - Browser is closed]]></system-out>
         <system-err><![CDATA[]]></system-err>
      </testcase>
      <testcase name="Test Cases/TEST/MOH REQUEST AND GRN/Moh Request GRN  Schedule 9" classname="Test Cases/TEST/MOH REQUEST AND GRN/Moh Request GRN  Schedule 9" status="PASSED">
         <system-out><![CDATA[2018-06-10 21:59:17 - [TEST_CASE][PASSED] - Test Cases/TEST/MOH REQUEST AND GRN/Moh Request GRN  Schedule 9: Test Cases/TEST/MOH REQUEST AND GRN/Moh Request GRN  Schedule 9

2018-06-10 21:59:17 - [TEST_STEP][PASSED] - openBrowser: Browser is opened with url: ''

2018-06-10 21:59:19 - [MESSAGE][PASSED] - Browser is opened with url: ''

2018-06-10 21:59:19 - [TEST_STEP][PASSED] - navigateToUrl: Navigate to 'http://192.168.137.1/multihospital_new/' successfully

2018-06-10 21:59:20 - [MESSAGE][PASSED] - Navigate to 'http://192.168.137.1/multihospital_new/' successfully

2018-06-10 21:59:20 - [TEST_STEP][PASSED] - maximizeWindow: Current window maximized

2018-06-10 21:59:21 - [MESSAGE][PASSED] - Current window maximized

2018-06-10 21:59:21 - [TEST_STEP][PASSED] - click: Object: 'Object Repository/MOH AND GRN/Page_KDMC/a_CMS' is clicked on

2018-06-10 21:59:22 - [MESSAGE][PASSED] - Object: 'Object Repository/MOH AND GRN/Page_KDMC/a_CMS' is clicked on

2018-06-10 21:59:22 - [TEST_STEP][PASSED] - setText: Text 'bala' is set on object 'Object Repository/MOH AND GRN/Page_CMS login/input_txtusername'

2018-06-10 21:59:22 - [MESSAGE][PASSED] - Text 'bala' is set on object 'Object Repository/MOH AND GRN/Page_CMS login/input_txtusername'

2018-06-10 21:59:22 - [TEST_STEP][PASSED] - setText: Text '123' is set on object 'Object Repository/MOH AND GRN/Page_CMS login/input_txtpassword'

2018-06-10 21:59:22 - [MESSAGE][PASSED] - Text '123' is set on object 'Object Repository/MOH AND GRN/Page_CMS login/input_txtpassword'

2018-06-10 21:59:22 - [TEST_STEP][PASSED] - delay: Delayed 3 second(s)

2018-06-10 21:59:25 - [MESSAGE][PASSED] - Delayed 3 second(s)

2018-06-10 21:59:25 - [TEST_STEP][PASSED] - click: Object: 'Object Repository/MOH AND GRN/Page_CMS login/button_Sign in' is clicked on

2018-06-10 21:59:26 - [MESSAGE][PASSED] - Object: 'Object Repository/MOH AND GRN/Page_CMS login/button_Sign in' is clicked on

2018-06-10 21:59:26 - [TEST_STEP][PASSED] - click: Object: 'Object Repository/MOH AND GRN/Page_KDMC - CMS/a_Request to MOH' is clicked on

2018-06-10 21:59:27 - [MESSAGE][PASSED] - Object: 'Object Repository/MOH AND GRN/Page_KDMC - CMS/a_Request to MOH' is clicked on

2018-06-10 21:59:27 - [TEST_STEP][PASSED] - selectOptionByIndex: All options with index in [2] are selected on object 'Object Repository/MOH AND GRN/Page_KDMC - CMS/select_--Select--'

2018-06-10 21:59:27 - [MESSAGE][PASSED] - All options with index in [2] are selected on object 'Object Repository/MOH AND GRN/Page_KDMC - CMS/select_--Select--'

2018-06-10 21:59:27 - [TEST_STEP][PASSED] - selectOptionByIndex: All options with index in [9] are selected on object 'Object Repository/MOH AND GRN/Page_KDMC - CMS/select_--Select--Schedule 1Inj'

2018-06-10 21:59:28 - [MESSAGE][PASSED] - All options with index in [9] are selected on object 'Object Repository/MOH AND GRN/Page_KDMC - CMS/select_--Select--Schedule 1Inj'

2018-06-10 21:59:28 - [TEST_STEP][PASSED] - Statement - selectedoptions = com.kms.katalon.core.webui.keyword.WebUiBuiltInKeywords.getNumberOfTotalOption(com.kms.katalon.core.testobject.ObjectRepository.findTestObject(MOH AND GRN/Page_KDMC - CMS/select_--Select--Adernaline 0.)): 36 options of object 'Object Repository/MOH AND GRN/Page_KDMC - CMS/select_--Select--Adernaline 0.' counted

2018-06-10 21:59:28 - [MESSAGE][PASSED] - 36 options of object 'Object Repository/MOH AND GRN/Page_KDMC - CMS/select_--Select--Adernaline 0.' counted

2018-06-10 21:59:28 - [TEST_STEP][PASSED] - Statement - For ([j = 1, j <= selectedoptions - 1, (j++)]): Object: 'Object Repository/MOH AND GRN/Page_KDMC - CMS/button_Add' is clicked on

2018-06-10 21:59:28 - [TEST_STEP][PASSED] - selectOptionByIndex: All options with index in [9] are selected on object 'Object Repository/MOH AND GRN/Page_KDMC - CMS/select_--Select--Schedule 1Inj'

2018-06-10 21:59:28 - [MESSAGE][PASSED] - All options with index in [9] are selected on object 'Object Repository/MOH AND GRN/Page_KDMC - CMS/select_--Select--Schedule 1Inj'

2018-06-10 21:59:28 - [TEST_STEP][PASSED] - selectOptionByIndex: All options with index in [1] are selected on object 'Object Repository/MOH AND GRN/Page_KDMC - CMS/select_--Select--Adernaline 0.'

2018-06-10 21:59:28 - [MESSAGE][PASSED] - All options with index in [1] are selected on object 'Object Repository/MOH AND GRN/Page_KDMC - CMS/select_--Select--Adernaline 0.'

2018-06-10 21:59:28 - [TEST_STEP][PASSED] - setText: Text '5000' is set on object 'Object Repository/MOH AND GRN/Page_KDMC - CMS/input_txttreat'

2018-06-10 21:59:28 - [MESSAGE][PASSED] - Text '5000' is set on object 'Object Repository/MOH AND GRN/Page_KDMC - CMS/input_txttreat'

2018-06-10 21:59:28 - [TEST_STEP][PASSED] - click: Object: 'Object Repository/MOH AND GRN/Page_KDMC - CMS/button_Add' is clicked on

2018-06-10 21:59:28 - [MESSAGE][PASSED] - Object: 'Object Repository/MOH AND GRN/Page_KDMC - CMS/button_Add' is clicked on

2018-06-10 21:59:28 - [TEST_STEP][PASSED] - selectOptionByIndex: All options with index in [9] are selected on object 'Object Repository/MOH AND GRN/Page_KDMC - CMS/select_--Select--Schedule 1Inj'

2018-06-10 21:59:29 - [MESSAGE][PASSED] - All options with index in [9] are selected on object 'Object Repository/MOH AND GRN/Page_KDMC - CMS/select_--Select--Schedule 1Inj'

2018-06-10 21:59:29 - [TEST_STEP][PASSED] - selectOptionByIndex: All options with index in [2] are selected on object 'Object Repository/MOH AND GRN/Page_KDMC - CMS/select_--Select--Adernaline 0.'

2018-06-10 21:59:29 - [MESSAGE][PASSED] - All options with index in [2] are selected on object 'Object Repository/MOH AND GRN/Page_KDMC - CMS/select_--Select--Adernaline 0.'

2018-06-10 21:59:29 - [TEST_STEP][PASSED] - setText: Text '5000' is set on object 'Object Repository/MOH AND GRN/Page_KDMC - CMS/input_txttreat'

2018-06-10 21:59:29 - [MESSAGE][PASSED] - Text '5000' is set on object 'Object Repository/MOH AND GRN/Page_KDMC - CMS/input_txttreat'

2018-06-10 21:59:29 - [TEST_STEP][PASSED] - click: Object: 'Object Repository/MOH AND GRN/Page_KDMC - CMS/button_Add' is clicked on

2018-06-10 21:59:29 - [MESSAGE][PASSED] - Object: 'Object Repository/MOH AND GRN/Page_KDMC - CMS/button_Add' is clicked on

2018-06-10 21:59:29 - [TEST_STEP][PASSED] - selectOptionByIndex: All options with index in [9] are selected on object 'Object Repository/MOH AND GRN/Page_KDMC - CMS/select_--Select--Schedule 1Inj'

2018-06-10 21:59:29 - [MESSAGE][PASSED] - All options with index in [9] are selected on object 'Object Repository/MOH AND GRN/Page_KDMC - CMS/select_--Select--Schedule 1Inj'

2018-06-10 21:59:29 - [TEST_STEP][PASSED] - selectOptionByIndex: All options with index in [3] are selected on object 'Object Repository/MOH AND GRN/Page_KDMC - CMS/select_--Select--Adernaline 0.'

2018-06-10 21:59:29 - [MESSAGE][PASSED] - All options with index in [3] are selected on object 'Object Repository/MOH AND GRN/Page_KDMC - CMS/select_--Select--Adernaline 0.'

2018-06-10 21:59:29 - [TEST_STEP][PASSED] - setText: Text '5000' is set on object 'Object Repository/MOH AND GRN/Page_KDMC - CMS/input_txttreat'

2018-06-10 21:59:29 - [MESSAGE][PASSED] - Text '5000' is set on object 'Object Repository/MOH AND GRN/Page_KDMC - CMS/input_txttreat'

2018-06-10 21:59:29 - [TEST_STEP][PASSED] - click: Object: 'Object Repository/MOH AND GRN/Page_KDMC - CMS/button_Add' is clicked on

2018-06-10 21:59:29 - [MESSAGE][PASSED] - Object: 'Object Repository/MOH AND GRN/Page_KDMC - CMS/button_Add' is clicked on

2018-06-10 21:59:29 - [TEST_STEP][PASSED] - selectOptionByIndex: All options with index in [9] are selected on object 'Object Repository/MOH AND GRN/Page_KDMC - CMS/select_--Select--Schedule 1Inj'

2018-06-10 21:59:29 - [MESSAGE][PASSED] - All options with index in [9] are selected on object 'Object Repository/MOH AND GRN/Page_KDMC - CMS/select_--Select--Schedule 1Inj'

2018-06-10 21:59:29 - [TEST_STEP][PASSED] - selectOptionByIndex: All options with index in [4] are selected on object 'Object Repository/MOH AND GRN/Page_KDMC - CMS/select_--Select--Adernaline 0.'

2018-06-10 21:59:30 - [MESSAGE][PASSED] - All options with index in [4] are selected on object 'Object Repository/MOH AND GRN/Page_KDMC - CMS/select_--Select--Adernaline 0.'

2018-06-10 21:59:30 - [TEST_STEP][PASSED] - setText: Text '5000' is set on object 'Object Repository/MOH AND GRN/Page_KDMC - CMS/input_txttreat'

2018-06-10 21:59:30 - [MESSAGE][PASSED] - Text '5000' is set on object 'Object Repository/MOH AND GRN/Page_KDMC - CMS/input_txttreat'

2018-06-10 21:59:30 - [TEST_STEP][PASSED] - click: Object: 'Object Repository/MOH AND GRN/Page_KDMC - CMS/button_Add' is clicked on

2018-06-10 21:59:30 - [MESSAGE][PASSED] - Object: 'Object Repository/MOH AND GRN/Page_KDMC - CMS/button_Add' is clicked on

2018-06-10 21:59:30 - [TEST_STEP][PASSED] - selectOptionByIndex: All options with index in [9] are selected on object 'Object Repository/MOH AND GRN/Page_KDMC - CMS/select_--Select--Schedule 1Inj'

2018-06-10 21:59:30 - [MESSAGE][PASSED] - All options with index in [9] are selected on object 'Object Repository/MOH AND GRN/Page_KDMC - CMS/select_--Select--Schedule 1Inj'

2018-06-10 21:59:30 - [TEST_STEP][PASSED] - selectOptionByIndex: All options with index in [5] are selected on object 'Object Repository/MOH AND GRN/Page_KDMC - CMS/select_--Select--Adernaline 0.'

2018-06-10 21:59:30 - [MESSAGE][PASSED] - All options with index in [5] are selected on object 'Object Repository/MOH AND GRN/Page_KDMC - CMS/select_--Select--Adernaline 0.'

2018-06-10 21:59:30 - [TEST_STEP][PASSED] - setText: Text '5000' is set on object 'Object Repository/MOH AND GRN/Page_KDMC - CMS/input_txttreat'

2018-06-10 21:59:30 - [MESSAGE][PASSED] - Text '5000' is set on object 'Object Repository/MOH AND GRN/Page_KDMC - CMS/input_txttreat'

2018-06-10 21:59:30 - [TEST_STEP][PASSED] - click: Object: 'Object Repository/MOH AND GRN/Page_KDMC - CMS/button_Add' is clicked on

2018-06-10 21:59:30 - [MESSAGE][PASSED] - Object: 'Object Repository/MOH AND GRN/Page_KDMC - CMS/button_Add' is clicked on

2018-06-10 21:59:30 - [TEST_STEP][PASSED] - selectOptionByIndex: All options with index in [9] are selected on object 'Object Repository/MOH AND GRN/Page_KDMC - CMS/select_--Select--Schedule 1Inj'

2018-06-10 21:59:30 - [MESSAGE][PASSED] - All options with index in [9] are selected on object 'Object Repository/MOH AND GRN/Page_KDMC - CMS/select_--Select--Schedule 1Inj'

2018-06-10 21:59:30 - [TEST_STEP][PASSED] - selectOptionByIndex: All options with index in [6] are selected on object 'Object Repository/MOH AND GRN/Page_KDMC - CMS/select_--Select--Adernaline 0.'

2018-06-10 21:59:31 - [MESSAGE][PASSED] - All options with index in [6] are selected on object 'Object Repository/MOH AND GRN/Page_KDMC - CMS/select_--Select--Adernaline 0.'

2018-06-10 21:59:31 - [TEST_STEP][PASSED] - setText: Text '5000' is set on object 'Object Repository/MOH AND GRN/Page_KDMC - CMS/input_txttreat'

2018-06-10 21:59:31 - [MESSAGE][PASSED] - Text '5000' is set on object 'Object Repository/MOH AND GRN/Page_KDMC - CMS/input_txttreat'

2018-06-10 21:59:31 - [TEST_STEP][PASSED] - click: Object: 'Object Repository/MOH AND GRN/Page_KDMC - CMS/button_Add' is clicked on

2018-06-10 21:59:31 - [MESSAGE][PASSED] - Object: 'Object Repository/MOH AND GRN/Page_KDMC - CMS/button_Add' is clicked on

2018-06-10 21:59:31 - [TEST_STEP][PASSED] - selectOptionByIndex: All options with index in [9] are selected on object 'Object Repository/MOH AND GRN/Page_KDMC - CMS/select_--Select--Schedule 1Inj'

2018-06-10 21:59:31 - [MESSAGE][PASSED] - All options with index in [9] are selected on object 'Object Repository/MOH AND GRN/Page_KDMC - CMS/select_--Select--Schedule 1Inj'

2018-06-10 21:59:31 - [TEST_STEP][PASSED] - selectOptionByIndex: All options with index in [7] are selected on object 'Object Repository/MOH AND GRN/Page_KDMC - CMS/select_--Select--Adernaline 0.'

2018-06-10 21:59:31 - [MESSAGE][PASSED] - All options with index in [7] are selected on object 'Object Repository/MOH AND GRN/Page_KDMC - CMS/select_--Select--Adernaline 0.'

2018-06-10 21:59:31 - [TEST_STEP][PASSED] - setText: Text '5000' is set on object 'Object Repository/MOH AND GRN/Page_KDMC - CMS/input_txttreat'

2018-06-10 21:59:31 - [MESSAGE][PASSED] - Text '5000' is set on object 'Object Repository/MOH AND GRN/Page_KDMC - CMS/input_txttreat'

2018-06-10 21:59:31 - [TEST_STEP][PASSED] - click: Object: 'Object Repository/MOH AND GRN/Page_KDMC - CMS/button_Add' is clicked on

2018-06-10 21:59:31 - [MESSAGE][PASSED] - Object: 'Object Repository/MOH AND GRN/Page_KDMC - CMS/button_Add' is clicked on

2018-06-10 21:59:31 - [TEST_STEP][PASSED] - selectOptionByIndex: All options with index in [9] are selected on object 'Object Repository/MOH AND GRN/Page_KDMC - CMS/select_--Select--Schedule 1Inj'

2018-06-10 21:59:32 - [MESSAGE][PASSED] - All options with index in [9] are selected on object 'Object Repository/MOH AND GRN/Page_KDMC - CMS/select_--Select--Schedule 1Inj'

2018-06-10 21:59:32 - [TEST_STEP][PASSED] - selectOptionByIndex: All options with index in [8] are selected on object 'Object Repository/MOH AND GRN/Page_KDMC - CMS/select_--Select--Adernaline 0.'

2018-06-10 21:59:32 - [MESSAGE][PASSED] - All options with index in [8] are selected on object 'Object Repository/MOH AND GRN/Page_KDMC - CMS/select_--Select--Adernaline 0.'

2018-06-10 21:59:32 - [TEST_STEP][PASSED] - setText: Text '5000' is set on object 'Object Repository/MOH AND GRN/Page_KDMC - CMS/input_txttreat'

2018-06-10 21:59:32 - [MESSAGE][PASSED] - Text '5000' is set on object 'Object Repository/MOH AND GRN/Page_KDMC - CMS/input_txttreat'

2018-06-10 21:59:32 - [TEST_STEP][PASSED] - click: Object: 'Object Repository/MOH AND GRN/Page_KDMC - CMS/button_Add' is clicked on

2018-06-10 21:59:32 - [MESSAGE][PASSED] - Object: 'Object Repository/MOH AND GRN/Page_KDMC - CMS/button_Add' is clicked on

2018-06-10 21:59:32 - [TEST_STEP][PASSED] - selectOptionByIndex: All options with index in [9] are selected on object 'Object Repository/MOH AND GRN/Page_KDMC - CMS/select_--Select--Schedule 1Inj'

2018-06-10 21:59:32 - [MESSAGE][PASSED] - All options with index in [9] are selected on object 'Object Repository/MOH AND GRN/Page_KDMC - CMS/select_--Select--Schedule 1Inj'

2018-06-10 21:59:32 - [TEST_STEP][PASSED] - selectOptionByIndex: All options with index in [9] are selected on object 'Object Repository/MOH AND GRN/Page_KDMC - CMS/select_--Select--Adernaline 0.'

2018-06-10 21:59:32 - [MESSAGE][PASSED] - All options with index in [9] are selected on object 'Object Repository/MOH AND GRN/Page_KDMC - CMS/select_--Select--Adernaline 0.'

2018-06-10 21:59:32 - [TEST_STEP][PASSED] - setText: Text '5000' is set on object 'Object Repository/MOH AND GRN/Page_KDMC - CMS/input_txttreat'

2018-06-10 21:59:32 - [MESSAGE][PASSED] - Text '5000' is set on object 'Object Repository/MOH AND GRN/Page_KDMC - CMS/input_txttreat'

2018-06-10 21:59:32 - [TEST_STEP][PASSED] - click: Object: 'Object Repository/MOH AND GRN/Page_KDMC - CMS/button_Add' is clicked on

2018-06-10 21:59:32 - [MESSAGE][PASSED] - Object: 'Object Repository/MOH AND GRN/Page_KDMC - CMS/button_Add' is clicked on

2018-06-10 21:59:32 - [TEST_STEP][PASSED] - selectOptionByIndex: All options with index in [9] are selected on object 'Object Repository/MOH AND GRN/Page_KDMC - CMS/select_--Select--Schedule 1Inj'

2018-06-10 21:59:33 - [MESSAGE][PASSED] - All options with index in [9] are selected on object 'Object Repository/MOH AND GRN/Page_KDMC - CMS/select_--Select--Schedule 1Inj'

2018-06-10 21:59:33 - [TEST_STEP][PASSED] - selectOptionByIndex: All options with index in [10] are selected on object 'Object Repository/MOH AND GRN/Page_KDMC - CMS/select_--Select--Adernaline 0.'

2018-06-10 21:59:33 - [MESSAGE][PASSED] - All options with index in [10] are selected on object 'Object Repository/MOH AND GRN/Page_KDMC - CMS/select_--Select--Adernaline 0.'

2018-06-10 21:59:33 - [TEST_STEP][PASSED] - setText: Text '5000' is set on object 'Object Repository/MOH AND GRN/Page_KDMC - CMS/input_txttreat'

2018-06-10 21:59:33 - [MESSAGE][PASSED] - Text '5000' is set on object 'Object Repository/MOH AND GRN/Page_KDMC - CMS/input_txttreat'

2018-06-10 21:59:33 - [TEST_STEP][PASSED] - click: Object: 'Object Repository/MOH AND GRN/Page_KDMC - CMS/button_Add' is clicked on

2018-06-10 21:59:33 - [MESSAGE][PASSED] - Object: 'Object Repository/MOH AND GRN/Page_KDMC - CMS/button_Add' is clicked on

2018-06-10 21:59:33 - [TEST_STEP][PASSED] - selectOptionByIndex: All options with index in [9] are selected on object 'Object Repository/MOH AND GRN/Page_KDMC - CMS/select_--Select--Schedule 1Inj'

2018-06-10 21:59:33 - [MESSAGE][PASSED] - All options with index in [9] are selected on object 'Object Repository/MOH AND GRN/Page_KDMC - CMS/select_--Select--Schedule 1Inj'

2018-06-10 21:59:33 - [TEST_STEP][PASSED] - selectOptionByIndex: All options with index in [11] are selected on object 'Object Repository/MOH AND GRN/Page_KDMC - CMS/select_--Select--Adernaline 0.'

2018-06-10 21:59:33 - [MESSAGE][PASSED] - All options with index in [11] are selected on object 'Object Repository/MOH AND GRN/Page_KDMC - CMS/select_--Select--Adernaline 0.'

2018-06-10 21:59:33 - [TEST_STEP][PASSED] - setText: Text '5000' is set on object 'Object Repository/MOH AND GRN/Page_KDMC - CMS/input_txttreat'

2018-06-10 21:59:33 - [MESSAGE][PASSED] - Text '5000' is set on object 'Object Repository/MOH AND GRN/Page_KDMC - CMS/input_txttreat'

2018-06-10 21:59:33 - [TEST_STEP][PASSED] - click: Object: 'Object Repository/MOH AND GRN/Page_KDMC - CMS/button_Add' is clicked on

2018-06-10 21:59:34 - [MESSAGE][PASSED] - Object: 'Object Repository/MOH AND GRN/Page_KDMC - CMS/button_Add' is clicked on

2018-06-10 21:59:34 - [TEST_STEP][PASSED] - selectOptionByIndex: All options with index in [9] are selected on object 'Object Repository/MOH AND GRN/Page_KDMC - CMS/select_--Select--Schedule 1Inj'

2018-06-10 21:59:34 - [MESSAGE][PASSED] - All options with index in [9] are selected on object 'Object Repository/MOH AND GRN/Page_KDMC - CMS/select_--Select--Schedule 1Inj'

2018-06-10 21:59:34 - [TEST_STEP][PASSED] - selectOptionByIndex: All options with index in [12] are selected on object 'Object Repository/MOH AND GRN/Page_KDMC - CMS/select_--Select--Adernaline 0.'

2018-06-10 21:59:34 - [MESSAGE][PASSED] - All options with index in [12] are selected on object 'Object Repository/MOH AND GRN/Page_KDMC - CMS/select_--Select--Adernaline 0.'

2018-06-10 21:59:34 - [TEST_STEP][PASSED] - setText: Text '5000' is set on object 'Object Repository/MOH AND GRN/Page_KDMC - CMS/input_txttreat'

2018-06-10 21:59:34 - [MESSAGE][PASSED] - Text '5000' is set on object 'Object Repository/MOH AND GRN/Page_KDMC - CMS/input_txttreat'

2018-06-10 21:59:34 - [TEST_STEP][PASSED] - click: Object: 'Object Repository/MOH AND GRN/Page_KDMC - CMS/button_Add' is clicked on

2018-06-10 21:59:34 - [MESSAGE][PASSED] - Object: 'Object Repository/MOH AND GRN/Page_KDMC - CMS/button_Add' is clicked on

2018-06-10 21:59:34 - [TEST_STEP][PASSED] - selectOptionByIndex: All options with index in [9] are selected on object 'Object Repository/MOH AND GRN/Page_KDMC - CMS/select_--Select--Schedule 1Inj'

2018-06-10 21:59:34 - [MESSAGE][PASSED] - All options with index in [9] are selected on object 'Object Repository/MOH AND GRN/Page_KDMC - CMS/select_--Select--Schedule 1Inj'

2018-06-10 21:59:34 - [TEST_STEP][PASSED] - selectOptionByIndex: All options with index in [13] are selected on object 'Object Repository/MOH AND GRN/Page_KDMC - CMS/select_--Select--Adernaline 0.'

2018-06-10 21:59:35 - [MESSAGE][PASSED] - All options with index in [13] are selected on object 'Object Repository/MOH AND GRN/Page_KDMC - CMS/select_--Select--Adernaline 0.'

2018-06-10 21:59:35 - [TEST_STEP][PASSED] - setText: Text '5000' is set on object 'Object Repository/MOH AND GRN/Page_KDMC - CMS/input_txttreat'

2018-06-10 21:59:35 - [MESSAGE][PASSED] - Text '5000' is set on object 'Object Repository/MOH AND GRN/Page_KDMC - CMS/input_txttreat'

2018-06-10 21:59:35 - [TEST_STEP][PASSED] - click: Object: 'Object Repository/MOH AND GRN/Page_KDMC - CMS/button_Add' is clicked on

2018-06-10 21:59:35 - [MESSAGE][PASSED] - Object: 'Object Repository/MOH AND GRN/Page_KDMC - CMS/button_Add' is clicked on

2018-06-10 21:59:35 - [TEST_STEP][PASSED] - selectOptionByIndex: All options with index in [9] are selected on object 'Object Repository/MOH AND GRN/Page_KDMC - CMS/select_--Select--Schedule 1Inj'

2018-06-10 21:59:35 - [MESSAGE][PASSED] - All options with index in [9] are selected on object 'Object Repository/MOH AND GRN/Page_KDMC - CMS/select_--Select--Schedule 1Inj'

2018-06-10 21:59:35 - [TEST_STEP][PASSED] - selectOptionByIndex: All options with index in [14] are selected on object 'Object Repository/MOH AND GRN/Page_KDMC - CMS/select_--Select--Adernaline 0.'

2018-06-10 21:59:35 - [MESSAGE][PASSED] - All options with index in [14] are selected on object 'Object Repository/MOH AND GRN/Page_KDMC - CMS/select_--Select--Adernaline 0.'

2018-06-10 21:59:35 - [TEST_STEP][PASSED] - setText: Text '5000' is set on object 'Object Repository/MOH AND GRN/Page_KDMC - CMS/input_txttreat'

2018-06-10 21:59:35 - [MESSAGE][PASSED] - Text '5000' is set on object 'Object Repository/MOH AND GRN/Page_KDMC - CMS/input_txttreat'

2018-06-10 21:59:35 - [TEST_STEP][PASSED] - click: Object: 'Object Repository/MOH AND GRN/Page_KDMC - CMS/button_Add' is clicked on

2018-06-10 21:59:35 - [MESSAGE][PASSED] - Object: 'Object Repository/MOH AND GRN/Page_KDMC - CMS/button_Add' is clicked on

2018-06-10 21:59:35 - [TEST_STEP][PASSED] - selectOptionByIndex: All options with index in [9] are selected on object 'Object Repository/MOH AND GRN/Page_KDMC - CMS/select_--Select--Schedule 1Inj'

2018-06-10 21:59:36 - [MESSAGE][PASSED] - All options with index in [9] are selected on object 'Object Repository/MOH AND GRN/Page_KDMC - CMS/select_--Select--Schedule 1Inj'

2018-06-10 21:59:36 - [TEST_STEP][PASSED] - selectOptionByIndex: All options with index in [15] are selected on object 'Object Repository/MOH AND GRN/Page_KDMC - CMS/select_--Select--Adernaline 0.'

2018-06-10 21:59:36 - [MESSAGE][PASSED] - All options with index in [15] are selected on object 'Object Repository/MOH AND GRN/Page_KDMC - CMS/select_--Select--Adernaline 0.'

2018-06-10 21:59:36 - [TEST_STEP][PASSED] - setText: Text '5000' is set on object 'Object Repository/MOH AND GRN/Page_KDMC - CMS/input_txttreat'

2018-06-10 21:59:36 - [MESSAGE][PASSED] - Text '5000' is set on object 'Object Repository/MOH AND GRN/Page_KDMC - CMS/input_txttreat'

2018-06-10 21:59:36 - [TEST_STEP][PASSED] - click: Object: 'Object Repository/MOH AND GRN/Page_KDMC - CMS/button_Add' is clicked on

2018-06-10 21:59:36 - [MESSAGE][PASSED] - Object: 'Object Repository/MOH AND GRN/Page_KDMC - CMS/button_Add' is clicked on

2018-06-10 21:59:36 - [TEST_STEP][PASSED] - selectOptionByIndex: All options with index in [9] are selected on object 'Object Repository/MOH AND GRN/Page_KDMC - CMS/select_--Select--Schedule 1Inj'

2018-06-10 21:59:36 - [MESSAGE][PASSED] - All options with index in [9] are selected on object 'Object Repository/MOH AND GRN/Page_KDMC - CMS/select_--Select--Schedule 1Inj'

2018-06-10 21:59:36 - [TEST_STEP][PASSED] - selectOptionByIndex: All options with index in [16] are selected on object 'Object Repository/MOH AND GRN/Page_KDMC - CMS/select_--Select--Adernaline 0.'

2018-06-10 21:59:36 - [MESSAGE][PASSED] - All options with index in [16] are selected on object 'Object Repository/MOH AND GRN/Page_KDMC - CMS/select_--Select--Adernaline 0.'

2018-06-10 21:59:36 - [TEST_STEP][PASSED] - setText: Text '5000' is set on object 'Object Repository/MOH AND GRN/Page_KDMC - CMS/input_txttreat'

2018-06-10 21:59:37 - [MESSAGE][PASSED] - Text '5000' is set on object 'Object Repository/MOH AND GRN/Page_KDMC - CMS/input_txttreat'

2018-06-10 21:59:37 - [TEST_STEP][PASSED] - click: Object: 'Object Repository/MOH AND GRN/Page_KDMC - CMS/button_Add' is clicked on

2018-06-10 21:59:37 - [MESSAGE][PASSED] - Object: 'Object Repository/MOH AND GRN/Page_KDMC - CMS/button_Add' is clicked on

2018-06-10 21:59:37 - [TEST_STEP][PASSED] - selectOptionByIndex: All options with index in [9] are selected on object 'Object Repository/MOH AND GRN/Page_KDMC - CMS/select_--Select--Schedule 1Inj'

2018-06-10 21:59:37 - [MESSAGE][PASSED] - All options with index in [9] are selected on object 'Object Repository/MOH AND GRN/Page_KDMC - CMS/select_--Select--Schedule 1Inj'

2018-06-10 21:59:37 - [TEST_STEP][PASSED] - selectOptionByIndex: All options with index in [17] are selected on object 'Object Repository/MOH AND GRN/Page_KDMC - CMS/select_--Select--Adernaline 0.'

2018-06-10 21:59:37 - [MESSAGE][PASSED] - All options with index in [17] are selected on object 'Object Repository/MOH AND GRN/Page_KDMC - CMS/select_--Select--Adernaline 0.'

2018-06-10 21:59:37 - [TEST_STEP][PASSED] - setText: Text '5000' is set on object 'Object Repository/MOH AND GRN/Page_KDMC - CMS/input_txttreat'

2018-06-10 21:59:37 - [MESSAGE][PASSED] - Text '5000' is set on object 'Object Repository/MOH AND GRN/Page_KDMC - CMS/input_txttreat'

2018-06-10 21:59:37 - [TEST_STEP][PASSED] - click: Object: 'Object Repository/MOH AND GRN/Page_KDMC - CMS/button_Add' is clicked on

2018-06-10 21:59:37 - [MESSAGE][PASSED] - Object: 'Object Repository/MOH AND GRN/Page_KDMC - CMS/button_Add' is clicked on

2018-06-10 21:59:37 - [TEST_STEP][PASSED] - selectOptionByIndex: All options with index in [9] are selected on object 'Object Repository/MOH AND GRN/Page_KDMC - CMS/select_--Select--Schedule 1Inj'

2018-06-10 21:59:37 - [MESSAGE][PASSED] - All options with index in [9] are selected on object 'Object Repository/MOH AND GRN/Page_KDMC - CMS/select_--Select--Schedule 1Inj'

2018-06-10 21:59:37 - [TEST_STEP][PASSED] - selectOptionByIndex: All options with index in [18] are selected on object 'Object Repository/MOH AND GRN/Page_KDMC - CMS/select_--Select--Adernaline 0.'

2018-06-10 21:59:38 - [MESSAGE][PASSED] - All options with index in [18] are selected on object 'Object Repository/MOH AND GRN/Page_KDMC - CMS/select_--Select--Adernaline 0.'

2018-06-10 21:59:38 - [TEST_STEP][PASSED] - setText: Text '5000' is set on object 'Object Repository/MOH AND GRN/Page_KDMC - CMS/input_txttreat'

2018-06-10 21:59:38 - [MESSAGE][PASSED] - Text '5000' is set on object 'Object Repository/MOH AND GRN/Page_KDMC - CMS/input_txttreat'

2018-06-10 21:59:38 - [TEST_STEP][PASSED] - click: Object: 'Object Repository/MOH AND GRN/Page_KDMC - CMS/button_Add' is clicked on

2018-06-10 21:59:38 - [MESSAGE][PASSED] - Object: 'Object Repository/MOH AND GRN/Page_KDMC - CMS/button_Add' is clicked on

2018-06-10 21:59:38 - [TEST_STEP][PASSED] - selectOptionByIndex: All options with index in [9] are selected on object 'Object Repository/MOH AND GRN/Page_KDMC - CMS/select_--Select--Schedule 1Inj'

2018-06-10 21:59:38 - [MESSAGE][PASSED] - All options with index in [9] are selected on object 'Object Repository/MOH AND GRN/Page_KDMC - CMS/select_--Select--Schedule 1Inj'

2018-06-10 21:59:38 - [TEST_STEP][PASSED] - selectOptionByIndex: All options with index in [19] are selected on object 'Object Repository/MOH AND GRN/Page_KDMC - CMS/select_--Select--Adernaline 0.'

2018-06-10 21:59:38 - [MESSAGE][PASSED] - All options with index in [19] are selected on object 'Object Repository/MOH AND GRN/Page_KDMC - CMS/select_--Select--Adernaline 0.'

2018-06-10 21:59:38 - [TEST_STEP][PASSED] - setText: Text '5000' is set on object 'Object Repository/MOH AND GRN/Page_KDMC - CMS/input_txttreat'

2018-06-10 21:59:38 - [MESSAGE][PASSED] - Text '5000' is set on object 'Object Repository/MOH AND GRN/Page_KDMC - CMS/input_txttreat'

2018-06-10 21:59:38 - [TEST_STEP][PASSED] - click: Object: 'Object Repository/MOH AND GRN/Page_KDMC - CMS/button_Add' is clicked on

2018-06-10 21:59:38 - [MESSAGE][PASSED] - Object: 'Object Repository/MOH AND GRN/Page_KDMC - CMS/button_Add' is clicked on

2018-06-10 21:59:38 - [TEST_STEP][PASSED] - selectOptionByIndex: All options with index in [9] are selected on object 'Object Repository/MOH AND GRN/Page_KDMC - CMS/select_--Select--Schedule 1Inj'

2018-06-10 21:59:39 - [MESSAGE][PASSED] - All options with index in [9] are selected on object 'Object Repository/MOH AND GRN/Page_KDMC - CMS/select_--Select--Schedule 1Inj'

2018-06-10 21:59:39 - [TEST_STEP][PASSED] - selectOptionByIndex: All options with index in [20] are selected on object 'Object Repository/MOH AND GRN/Page_KDMC - CMS/select_--Select--Adernaline 0.'

2018-06-10 21:59:39 - [MESSAGE][PASSED] - All options with index in [20] are selected on object 'Object Repository/MOH AND GRN/Page_KDMC - CMS/select_--Select--Adernaline 0.'

2018-06-10 21:59:39 - [TEST_STEP][PASSED] - setText: Text '5000' is set on object 'Object Repository/MOH AND GRN/Page_KDMC - CMS/input_txttreat'

2018-06-10 21:59:39 - [MESSAGE][PASSED] - Text '5000' is set on object 'Object Repository/MOH AND GRN/Page_KDMC - CMS/input_txttreat'

2018-06-10 21:59:39 - [TEST_STEP][PASSED] - click: Object: 'Object Repository/MOH AND GRN/Page_KDMC - CMS/button_Add' is clicked on

2018-06-10 21:59:39 - [MESSAGE][PASSED] - Object: 'Object Repository/MOH AND GRN/Page_KDMC - CMS/button_Add' is clicked on

2018-06-10 21:59:39 - [TEST_STEP][PASSED] - selectOptionByIndex: All options with index in [9] are selected on object 'Object Repository/MOH AND GRN/Page_KDMC - CMS/select_--Select--Schedule 1Inj'

2018-06-10 21:59:39 - [MESSAGE][PASSED] - All options with index in [9] are selected on object 'Object Repository/MOH AND GRN/Page_KDMC - CMS/select_--Select--Schedule 1Inj'

2018-06-10 21:59:39 - [TEST_STEP][PASSED] - selectOptionByIndex: All options with index in [21] are selected on object 'Object Repository/MOH AND GRN/Page_KDMC - CMS/select_--Select--Adernaline 0.'

2018-06-10 21:59:40 - [MESSAGE][PASSED] - All options with index in [21] are selected on object 'Object Repository/MOH AND GRN/Page_KDMC - CMS/select_--Select--Adernaline 0.'

2018-06-10 21:59:40 - [TEST_STEP][PASSED] - setText: Text '5000' is set on object 'Object Repository/MOH AND GRN/Page_KDMC - CMS/input_txttreat'

2018-06-10 21:59:40 - [MESSAGE][PASSED] - Text '5000' is set on object 'Object Repository/MOH AND GRN/Page_KDMC - CMS/input_txttreat'

2018-06-10 21:59:40 - [TEST_STEP][PASSED] - click: Object: 'Object Repository/MOH AND GRN/Page_KDMC - CMS/button_Add' is clicked on

2018-06-10 21:59:40 - [MESSAGE][PASSED] - Object: 'Object Repository/MOH AND GRN/Page_KDMC - CMS/button_Add' is clicked on

2018-06-10 21:59:40 - [TEST_STEP][PASSED] - selectOptionByIndex: All options with index in [9] are selected on object 'Object Repository/MOH AND GRN/Page_KDMC - CMS/select_--Select--Schedule 1Inj'

2018-06-10 21:59:40 - [MESSAGE][PASSED] - All options with index in [9] are selected on object 'Object Repository/MOH AND GRN/Page_KDMC - CMS/select_--Select--Schedule 1Inj'

2018-06-10 21:59:40 - [TEST_STEP][PASSED] - selectOptionByIndex: All options with index in [22] are selected on object 'Object Repository/MOH AND GRN/Page_KDMC - CMS/select_--Select--Adernaline 0.'

2018-06-10 21:59:40 - [MESSAGE][PASSED] - All options with index in [22] are selected on object 'Object Repository/MOH AND GRN/Page_KDMC - CMS/select_--Select--Adernaline 0.'

2018-06-10 21:59:40 - [TEST_STEP][PASSED] - setText: Text '5000' is set on object 'Object Repository/MOH AND GRN/Page_KDMC - CMS/input_txttreat'

2018-06-10 21:59:40 - [MESSAGE][PASSED] - Text '5000' is set on object 'Object Repository/MOH AND GRN/Page_KDMC - CMS/input_txttreat'

2018-06-10 21:59:40 - [TEST_STEP][PASSED] - click: Object: 'Object Repository/MOH AND GRN/Page_KDMC - CMS/button_Add' is clicked on

2018-06-10 21:59:40 - [MESSAGE][PASSED] - Object: 'Object Repository/MOH AND GRN/Page_KDMC - CMS/button_Add' is clicked on

2018-06-10 21:59:40 - [TEST_STEP][PASSED] - selectOptionByIndex: All options with index in [9] are selected on object 'Object Repository/MOH AND GRN/Page_KDMC - CMS/select_--Select--Schedule 1Inj'

2018-06-10 21:59:41 - [MESSAGE][PASSED] - All options with index in [9] are selected on object 'Object Repository/MOH AND GRN/Page_KDMC - CMS/select_--Select--Schedule 1Inj'

2018-06-10 21:59:41 - [TEST_STEP][PASSED] - selectOptionByIndex: All options with index in [23] are selected on object 'Object Repository/MOH AND GRN/Page_KDMC - CMS/select_--Select--Adernaline 0.'

2018-06-10 21:59:41 - [MESSAGE][PASSED] - All options with index in [23] are selected on object 'Object Repository/MOH AND GRN/Page_KDMC - CMS/select_--Select--Adernaline 0.'

2018-06-10 21:59:41 - [TEST_STEP][PASSED] - setText: Text '5000' is set on object 'Object Repository/MOH AND GRN/Page_KDMC - CMS/input_txttreat'

2018-06-10 21:59:41 - [MESSAGE][PASSED] - Text '5000' is set on object 'Object Repository/MOH AND GRN/Page_KDMC - CMS/input_txttreat'

2018-06-10 21:59:41 - [TEST_STEP][PASSED] - click: Object: 'Object Repository/MOH AND GRN/Page_KDMC - CMS/button_Add' is clicked on

2018-06-10 21:59:41 - [MESSAGE][PASSED] - Object: 'Object Repository/MOH AND GRN/Page_KDMC - CMS/button_Add' is clicked on

2018-06-10 21:59:41 - [TEST_STEP][PASSED] - selectOptionByIndex: All options with index in [9] are selected on object 'Object Repository/MOH AND GRN/Page_KDMC - CMS/select_--Select--Schedule 1Inj'

2018-06-10 21:59:41 - [MESSAGE][PASSED] - All options with index in [9] are selected on object 'Object Repository/MOH AND GRN/Page_KDMC - CMS/select_--Select--Schedule 1Inj'

2018-06-10 21:59:41 - [TEST_STEP][PASSED] - selectOptionByIndex: All options with index in [24] are selected on object 'Object Repository/MOH AND GRN/Page_KDMC - CMS/select_--Select--Adernaline 0.'

2018-06-10 21:59:42 - [MESSAGE][PASSED] - All options with index in [24] are selected on object 'Object Repository/MOH AND GRN/Page_KDMC - CMS/select_--Select--Adernaline 0.'

2018-06-10 21:59:42 - [TEST_STEP][PASSED] - setText: Text '5000' is set on object 'Object Repository/MOH AND GRN/Page_KDMC - CMS/input_txttreat'

2018-06-10 21:59:42 - [MESSAGE][PASSED] - Text '5000' is set on object 'Object Repository/MOH AND GRN/Page_KDMC - CMS/input_txttreat'

2018-06-10 21:59:42 - [TEST_STEP][PASSED] - click: Object: 'Object Repository/MOH AND GRN/Page_KDMC - CMS/button_Add' is clicked on

2018-06-10 21:59:42 - [MESSAGE][PASSED] - Object: 'Object Repository/MOH AND GRN/Page_KDMC - CMS/button_Add' is clicked on

2018-06-10 21:59:42 - [TEST_STEP][PASSED] - selectOptionByIndex: All options with index in [9] are selected on object 'Object Repository/MOH AND GRN/Page_KDMC - CMS/select_--Select--Schedule 1Inj'

2018-06-10 21:59:42 - [MESSAGE][PASSED] - All options with index in [9] are selected on object 'Object Repository/MOH AND GRN/Page_KDMC - CMS/select_--Select--Schedule 1Inj'

2018-06-10 21:59:42 - [TEST_STEP][PASSED] - selectOptionByIndex: All options with index in [25] are selected on object 'Object Repository/MOH AND GRN/Page_KDMC - CMS/select_--Select--Adernaline 0.'

2018-06-10 21:59:42 - [MESSAGE][PASSED] - All options with index in [25] are selected on object 'Object Repository/MOH AND GRN/Page_KDMC - CMS/select_--Select--Adernaline 0.'

2018-06-10 21:59:42 - [TEST_STEP][PASSED] - setText: Text '5000' is set on object 'Object Repository/MOH AND GRN/Page_KDMC - CMS/input_txttreat'

2018-06-10 21:59:43 - [MESSAGE][PASSED] - Text '5000' is set on object 'Object Repository/MOH AND GRN/Page_KDMC - CMS/input_txttreat'

2018-06-10 21:59:43 - [TEST_STEP][PASSED] - click: Object: 'Object Repository/MOH AND GRN/Page_KDMC - CMS/button_Add' is clicked on

2018-06-10 21:59:43 - [MESSAGE][PASSED] - Object: 'Object Repository/MOH AND GRN/Page_KDMC - CMS/button_Add' is clicked on

2018-06-10 21:59:43 - [TEST_STEP][PASSED] - selectOptionByIndex: All options with index in [9] are selected on object 'Object Repository/MOH AND GRN/Page_KDMC - CMS/select_--Select--Schedule 1Inj'

2018-06-10 21:59:43 - [MESSAGE][PASSED] - All options with index in [9] are selected on object 'Object Repository/MOH AND GRN/Page_KDMC - CMS/select_--Select--Schedule 1Inj'

2018-06-10 21:59:43 - [TEST_STEP][PASSED] - selectOptionByIndex: All options with index in [26] are selected on object 'Object Repository/MOH AND GRN/Page_KDMC - CMS/select_--Select--Adernaline 0.'

2018-06-10 21:59:43 - [MESSAGE][PASSED] - All options with index in [26] are selected on object 'Object Repository/MOH AND GRN/Page_KDMC - CMS/select_--Select--Adernaline 0.'

2018-06-10 21:59:43 - [TEST_STEP][PASSED] - setText: Text '5000' is set on object 'Object Repository/MOH AND GRN/Page_KDMC - CMS/input_txttreat'

2018-06-10 21:59:43 - [MESSAGE][PASSED] - Text '5000' is set on object 'Object Repository/MOH AND GRN/Page_KDMC - CMS/input_txttreat'

2018-06-10 21:59:43 - [TEST_STEP][PASSED] - click: Object: 'Object Repository/MOH AND GRN/Page_KDMC - CMS/button_Add' is clicked on

2018-06-10 21:59:43 - [MESSAGE][PASSED] - Object: 'Object Repository/MOH AND GRN/Page_KDMC - CMS/button_Add' is clicked on

2018-06-10 21:59:43 - [TEST_STEP][PASSED] - selectOptionByIndex: All options with index in [9] are selected on object 'Object Repository/MOH AND GRN/Page_KDMC - CMS/select_--Select--Schedule 1Inj'

2018-06-10 21:59:43 - [MESSAGE][PASSED] - All options with index in [9] are selected on object 'Object Repository/MOH AND GRN/Page_KDMC - CMS/select_--Select--Schedule 1Inj'

2018-06-10 21:59:43 - [TEST_STEP][PASSED] - selectOptionByIndex: All options with index in [27] are selected on object 'Object Repository/MOH AND GRN/Page_KDMC - CMS/select_--Select--Adernaline 0.'

2018-06-10 21:59:44 - [MESSAGE][PASSED] - All options with index in [27] are selected on object 'Object Repository/MOH AND GRN/Page_KDMC - CMS/select_--Select--Adernaline 0.'

2018-06-10 21:59:44 - [TEST_STEP][PASSED] - setText: Text '5000' is set on object 'Object Repository/MOH AND GRN/Page_KDMC - CMS/input_txttreat'

2018-06-10 21:59:44 - [MESSAGE][PASSED] - Text '5000' is set on object 'Object Repository/MOH AND GRN/Page_KDMC - CMS/input_txttreat'

2018-06-10 21:59:44 - [TEST_STEP][PASSED] - click: Object: 'Object Repository/MOH AND GRN/Page_KDMC - CMS/button_Add' is clicked on

2018-06-10 21:59:44 - [MESSAGE][PASSED] - Object: 'Object Repository/MOH AND GRN/Page_KDMC - CMS/button_Add' is clicked on

2018-06-10 21:59:44 - [TEST_STEP][PASSED] - selectOptionByIndex: All options with index in [9] are selected on object 'Object Repository/MOH AND GRN/Page_KDMC - CMS/select_--Select--Schedule 1Inj'

2018-06-10 21:59:44 - [MESSAGE][PASSED] - All options with index in [9] are selected on object 'Object Repository/MOH AND GRN/Page_KDMC - CMS/select_--Select--Schedule 1Inj'

2018-06-10 21:59:44 - [TEST_STEP][PASSED] - selectOptionByIndex: All options with index in [28] are selected on object 'Object Repository/MOH AND GRN/Page_KDMC - CMS/select_--Select--Adernaline 0.'

2018-06-10 21:59:45 - [MESSAGE][PASSED] - All options with index in [28] are selected on object 'Object Repository/MOH AND GRN/Page_KDMC - CMS/select_--Select--Adernaline 0.'

2018-06-10 21:59:45 - [TEST_STEP][PASSED] - setText: Text '5000' is set on object 'Object Repository/MOH AND GRN/Page_KDMC - CMS/input_txttreat'

2018-06-10 21:59:45 - [MESSAGE][PASSED] - Text '5000' is set on object 'Object Repository/MOH AND GRN/Page_KDMC - CMS/input_txttreat'

2018-06-10 21:59:45 - [TEST_STEP][PASSED] - click: Object: 'Object Repository/MOH AND GRN/Page_KDMC - CMS/button_Add' is clicked on

2018-06-10 21:59:45 - [MESSAGE][PASSED] - Object: 'Object Repository/MOH AND GRN/Page_KDMC - CMS/button_Add' is clicked on

2018-06-10 21:59:45 - [TEST_STEP][PASSED] - selectOptionByIndex: All options with index in [9] are selected on object 'Object Repository/MOH AND GRN/Page_KDMC - CMS/select_--Select--Schedule 1Inj'

2018-06-10 21:59:45 - [MESSAGE][PASSED] - All options with index in [9] are selected on object 'Object Repository/MOH AND GRN/Page_KDMC - CMS/select_--Select--Schedule 1Inj'

2018-06-10 21:59:45 - [TEST_STEP][PASSED] - selectOptionByIndex: All options with index in [29] are selected on object 'Object Repository/MOH AND GRN/Page_KDMC - CMS/select_--Select--Adernaline 0.'

2018-06-10 21:59:45 - [MESSAGE][PASSED] - All options with index in [29] are selected on object 'Object Repository/MOH AND GRN/Page_KDMC - CMS/select_--Select--Adernaline 0.'

2018-06-10 21:59:45 - [TEST_STEP][PASSED] - setText: Text '5000' is set on object 'Object Repository/MOH AND GRN/Page_KDMC - CMS/input_txttreat'

2018-06-10 21:59:45 - [MESSAGE][PASSED] - Text '5000' is set on object 'Object Repository/MOH AND GRN/Page_KDMC - CMS/input_txttreat'

2018-06-10 21:59:45 - [TEST_STEP][PASSED] - click: Object: 'Object Repository/MOH AND GRN/Page_KDMC - CMS/button_Add' is clicked on

2018-06-10 21:59:46 - [MESSAGE][PASSED] - Object: 'Object Repository/MOH AND GRN/Page_KDMC - CMS/button_Add' is clicked on

2018-06-10 21:59:46 - [TEST_STEP][PASSED] - selectOptionByIndex: All options with index in [9] are selected on object 'Object Repository/MOH AND GRN/Page_KDMC - CMS/select_--Select--Schedule 1Inj'

2018-06-10 21:59:46 - [MESSAGE][PASSED] - All options with index in [9] are selected on object 'Object Repository/MOH AND GRN/Page_KDMC - CMS/select_--Select--Schedule 1Inj'

2018-06-10 21:59:46 - [TEST_STEP][PASSED] - selectOptionByIndex: All options with index in [30] are selected on object 'Object Repository/MOH AND GRN/Page_KDMC - CMS/select_--Select--Adernaline 0.'

2018-06-10 21:59:46 - [MESSAGE][PASSED] - All options with index in [30] are selected on object 'Object Repository/MOH AND GRN/Page_KDMC - CMS/select_--Select--Adernaline 0.'

2018-06-10 21:59:46 - [TEST_STEP][PASSED] - setText: Text '5000' is set on object 'Object Repository/MOH AND GRN/Page_KDMC - CMS/input_txttreat'

2018-06-10 21:59:46 - [MESSAGE][PASSED] - Text '5000' is set on object 'Object Repository/MOH AND GRN/Page_KDMC - CMS/input_txttreat'

2018-06-10 21:59:46 - [TEST_STEP][PASSED] - click: Object: 'Object Repository/MOH AND GRN/Page_KDMC - CMS/button_Add' is clicked on

2018-06-10 21:59:46 - [MESSAGE][PASSED] - Object: 'Object Repository/MOH AND GRN/Page_KDMC - CMS/button_Add' is clicked on

2018-06-10 21:59:46 - [TEST_STEP][PASSED] - selectOptionByIndex: All options with index in [9] are selected on object 'Object Repository/MOH AND GRN/Page_KDMC - CMS/select_--Select--Schedule 1Inj'

2018-06-10 21:59:46 - [MESSAGE][PASSED] - All options with index in [9] are selected on object 'Object Repository/MOH AND GRN/Page_KDMC - CMS/select_--Select--Schedule 1Inj'

2018-06-10 21:59:46 - [TEST_STEP][PASSED] - selectOptionByIndex: All options with index in [31] are selected on object 'Object Repository/MOH AND GRN/Page_KDMC - CMS/select_--Select--Adernaline 0.'

2018-06-10 21:59:47 - [MESSAGE][PASSED] - All options with index in [31] are selected on object 'Object Repository/MOH AND GRN/Page_KDMC - CMS/select_--Select--Adernaline 0.'

2018-06-10 21:59:47 - [TEST_STEP][PASSED] - setText: Text '5000' is set on object 'Object Repository/MOH AND GRN/Page_KDMC - CMS/input_txttreat'

2018-06-10 21:59:47 - [MESSAGE][PASSED] - Text '5000' is set on object 'Object Repository/MOH AND GRN/Page_KDMC - CMS/input_txttreat'

2018-06-10 21:59:47 - [TEST_STEP][PASSED] - click: Object: 'Object Repository/MOH AND GRN/Page_KDMC - CMS/button_Add' is clicked on

2018-06-10 21:59:47 - [MESSAGE][PASSED] - Object: 'Object Repository/MOH AND GRN/Page_KDMC - CMS/button_Add' is clicked on

2018-06-10 21:59:47 - [TEST_STEP][PASSED] - selectOptionByIndex: All options with index in [9] are selected on object 'Object Repository/MOH AND GRN/Page_KDMC - CMS/select_--Select--Schedule 1Inj'

2018-06-10 21:59:47 - [MESSAGE][PASSED] - All options with index in [9] are selected on object 'Object Repository/MOH AND GRN/Page_KDMC - CMS/select_--Select--Schedule 1Inj'

2018-06-10 21:59:47 - [TEST_STEP][PASSED] - selectOptionByIndex: All options with index in [32] are selected on object 'Object Repository/MOH AND GRN/Page_KDMC - CMS/select_--Select--Adernaline 0.'

2018-06-10 21:59:48 - [MESSAGE][PASSED] - All options with index in [32] are selected on object 'Object Repository/MOH AND GRN/Page_KDMC - CMS/select_--Select--Adernaline 0.'

2018-06-10 21:59:48 - [TEST_STEP][PASSED] - setText: Text '5000' is set on object 'Object Repository/MOH AND GRN/Page_KDMC - CMS/input_txttreat'

2018-06-10 21:59:48 - [MESSAGE][PASSED] - Text '5000' is set on object 'Object Repository/MOH AND GRN/Page_KDMC - CMS/input_txttreat'

2018-06-10 21:59:48 - [TEST_STEP][PASSED] - click: Object: 'Object Repository/MOH AND GRN/Page_KDMC - CMS/button_Add' is clicked on

2018-06-10 21:59:48 - [MESSAGE][PASSED] - Object: 'Object Repository/MOH AND GRN/Page_KDMC - CMS/button_Add' is clicked on

2018-06-10 21:59:48 - [TEST_STEP][PASSED] - selectOptionByIndex: All options with index in [9] are selected on object 'Object Repository/MOH AND GRN/Page_KDMC - CMS/select_--Select--Schedule 1Inj'

2018-06-10 21:59:48 - [MESSAGE][PASSED] - All options with index in [9] are selected on object 'Object Repository/MOH AND GRN/Page_KDMC - CMS/select_--Select--Schedule 1Inj'

2018-06-10 21:59:48 - [TEST_STEP][PASSED] - selectOptionByIndex: All options with index in [33] are selected on object 'Object Repository/MOH AND GRN/Page_KDMC - CMS/select_--Select--Adernaline 0.'

2018-06-10 21:59:48 - [MESSAGE][PASSED] - All options with index in [33] are selected on object 'Object Repository/MOH AND GRN/Page_KDMC - CMS/select_--Select--Adernaline 0.'

2018-06-10 21:59:48 - [TEST_STEP][PASSED] - setText: Text '5000' is set on object 'Object Repository/MOH AND GRN/Page_KDMC - CMS/input_txttreat'

2018-06-10 21:59:49 - [MESSAGE][PASSED] - Text '5000' is set on object 'Object Repository/MOH AND GRN/Page_KDMC - CMS/input_txttreat'

2018-06-10 21:59:49 - [TEST_STEP][PASSED] - click: Object: 'Object Repository/MOH AND GRN/Page_KDMC - CMS/button_Add' is clicked on

2018-06-10 21:59:49 - [MESSAGE][PASSED] - Object: 'Object Repository/MOH AND GRN/Page_KDMC - CMS/button_Add' is clicked on

2018-06-10 21:59:49 - [TEST_STEP][PASSED] - selectOptionByIndex: All options with index in [9] are selected on object 'Object Repository/MOH AND GRN/Page_KDMC - CMS/select_--Select--Schedule 1Inj'

2018-06-10 21:59:49 - [MESSAGE][PASSED] - All options with index in [9] are selected on object 'Object Repository/MOH AND GRN/Page_KDMC - CMS/select_--Select--Schedule 1Inj'

2018-06-10 21:59:49 - [TEST_STEP][PASSED] - selectOptionByIndex: All options with index in [34] are selected on object 'Object Repository/MOH AND GRN/Page_KDMC - CMS/select_--Select--Adernaline 0.'

2018-06-10 21:59:49 - [MESSAGE][PASSED] - All options with index in [34] are selected on object 'Object Repository/MOH AND GRN/Page_KDMC - CMS/select_--Select--Adernaline 0.'

2018-06-10 21:59:49 - [TEST_STEP][PASSED] - setText: Text '5000' is set on object 'Object Repository/MOH AND GRN/Page_KDMC - CMS/input_txttreat'

2018-06-10 21:59:49 - [MESSAGE][PASSED] - Text '5000' is set on object 'Object Repository/MOH AND GRN/Page_KDMC - CMS/input_txttreat'

2018-06-10 21:59:49 - [TEST_STEP][PASSED] - click: Object: 'Object Repository/MOH AND GRN/Page_KDMC - CMS/button_Add' is clicked on

2018-06-10 21:59:49 - [MESSAGE][PASSED] - Object: 'Object Repository/MOH AND GRN/Page_KDMC - CMS/button_Add' is clicked on

2018-06-10 21:59:49 - [TEST_STEP][PASSED] - selectOptionByIndex: All options with index in [9] are selected on object 'Object Repository/MOH AND GRN/Page_KDMC - CMS/select_--Select--Schedule 1Inj'

2018-06-10 21:59:50 - [MESSAGE][PASSED] - All options with index in [9] are selected on object 'Object Repository/MOH AND GRN/Page_KDMC - CMS/select_--Select--Schedule 1Inj'

2018-06-10 21:59:50 - [TEST_STEP][PASSED] - selectOptionByIndex: All options with index in [35] are selected on object 'Object Repository/MOH AND GRN/Page_KDMC - CMS/select_--Select--Adernaline 0.'

2018-06-10 21:59:50 - [MESSAGE][PASSED] - All options with index in [35] are selected on object 'Object Repository/MOH AND GRN/Page_KDMC - CMS/select_--Select--Adernaline 0.'

2018-06-10 21:59:50 - [TEST_STEP][PASSED] - setText: Text '5000' is set on object 'Object Repository/MOH AND GRN/Page_KDMC - CMS/input_txttreat'

2018-06-10 21:59:50 - [MESSAGE][PASSED] - Text '5000' is set on object 'Object Repository/MOH AND GRN/Page_KDMC - CMS/input_txttreat'

2018-06-10 21:59:50 - [TEST_STEP][PASSED] - click: Object: 'Object Repository/MOH AND GRN/Page_KDMC - CMS/button_Add' is clicked on

2018-06-10 21:59:50 - [MESSAGE][PASSED] - Object: 'Object Repository/MOH AND GRN/Page_KDMC - CMS/button_Add' is clicked on

2018-06-10 21:59:50 - [TEST_STEP][PASSED] - scrollToElement: Scroll to object 'Object Repository/MOH AND GRN/Page_KDMC - CMS/input_btnsave' successfully

2018-06-10 21:59:50 - [MESSAGE][PASSED] - Scroll to object 'Object Repository/MOH AND GRN/Page_KDMC - CMS/input_btnsave' successfully

2018-06-10 21:59:50 - [TEST_STEP][PASSED] - click: Object: 'Object Repository/MOH AND GRN/Page_KDMC - CMS/input_btnsave' is clicked on

2018-06-10 21:59:50 - [MESSAGE][PASSED] - Object: 'Object Repository/MOH AND GRN/Page_KDMC - CMS/input_btnsave' is clicked on

2018-06-10 21:59:50 - [TEST_STEP][PASSED] - delay: Delayed 3 second(s)

2018-06-10 21:59:53 - [MESSAGE][PASSED] - Delayed 3 second(s)

2018-06-10 21:59:53 - [TEST_STEP][PASSED] - Statement - Request1 = com.kms.katalon.core.webui.keyword.WebUiBuiltInKeywords.getText(com.kms.katalon.core.testobject.ObjectRepository.findTestObject(MOH AND GRN/Page_KDMC - CMS/font_PRNO0505201876)): Text of object 'Object Repository/MOH AND GRN/Page_KDMC - CMS/font_PRNO0505201876' is: 'PRNO/10062018/365'

2018-06-10 21:59:53 - [MESSAGE][PASSED] - Text of object 'Object Repository/MOH AND GRN/Page_KDMC - CMS/font_PRNO0505201876' is: 'PRNO/10062018/365'

2018-06-10 21:59:53 - [TEST_STEP][PASSED] - Statement - out.println("Length OF The Medicine " + Request1): null

2018-06-10 21:59:53 - [TEST_STEP][PASSED] - Statement - RequestNUmber = Request1.split("/")[2].trim(): null

2018-06-10 21:59:53 - [TEST_STEP][PASSED] - Statement - out.println("ID IS " + RequestNUmber): null

2018-06-10 21:59:53 - [TEST_STEP][PASSED] - delay: Delayed 3 second(s)

2018-06-10 21:59:56 - [MESSAGE][PASSED] - Delayed 3 second(s)

2018-06-10 21:59:56 - [TEST_STEP][PASSED] - click: Object: 'Object Repository/MOH AND GRN/Page_KDMC - CMS/button_OK' is clicked on

2018-06-10 21:59:57 - [MESSAGE][PASSED] - Object: 'Object Repository/MOH AND GRN/Page_KDMC - CMS/button_OK' is clicked on

2018-06-10 21:59:57 - [TEST_STEP][PASSED] - click: Object: 'Object Repository/MOH AND GRN/Page_KDMC - CMS/a_dropdown-toggle' is clicked on

2018-06-10 21:59:59 - [MESSAGE][PASSED] - Object: 'Object Repository/MOH AND GRN/Page_KDMC - CMS/a_dropdown-toggle' is clicked on

2018-06-10 21:59:59 - [TEST_STEP][PASSED] - click: Object: 'Object Repository/MOH AND GRN/Page_KDMC - CMS/a_Sign out' is clicked on

2018-06-10 21:59:59 - [MESSAGE][PASSED] - Object: 'Object Repository/MOH AND GRN/Page_KDMC - CMS/a_Sign out' is clicked on

2018-06-10 21:59:59 - [TEST_STEP][PASSED] - delay: Delayed 4 second(s)

2018-06-10 22:00:03 - [MESSAGE][PASSED] - Delayed 4 second(s)

2018-06-10 22:00:03 - [TEST_STEP][PASSED] - click: Object: 'Object Repository/MOH AND GRN/Page_KDMC/a_Admin Master' is clicked on

2018-06-10 22:00:04 - [MESSAGE][PASSED] - Object: 'Object Repository/MOH AND GRN/Page_KDMC/a_Admin Master' is clicked on

2018-06-10 22:00:04 - [TEST_STEP][PASSED] - setText: Text 'admin' is set on object 'Object Repository/MOH AND GRN/Page_Admin login/input_txtusername'

2018-06-10 22:00:04 - [MESSAGE][PASSED] - Text 'admin' is set on object 'Object Repository/MOH AND GRN/Page_Admin login/input_txtusername'

2018-06-10 22:00:04 - [TEST_STEP][PASSED] - setText: Text 'admin123' is set on object 'Object Repository/MOH AND GRN/Page_Admin login/input_txtpassword'

2018-06-10 22:00:04 - [MESSAGE][PASSED] - Text 'admin123' is set on object 'Object Repository/MOH AND GRN/Page_Admin login/input_txtpassword'

2018-06-10 22:00:04 - [TEST_STEP][PASSED] - delay: Delayed 3 second(s)

2018-06-10 22:00:07 - [MESSAGE][PASSED] - Delayed 3 second(s)

2018-06-10 22:00:07 - [TEST_STEP][PASSED] - click: Object: 'Object Repository/MOH AND GRN/Page_Admin login/button_Sign in' is clicked on

2018-06-10 22:00:08 - [MESSAGE][PASSED] - Object: 'Object Repository/MOH AND GRN/Page_Admin login/button_Sign in' is clicked on

2018-06-10 22:00:08 - [TEST_STEP][PASSED] - delay: Delayed 20 second(s)

2018-06-10 22:00:28 - [MESSAGE][PASSED] - Delayed 20 second(s)

2018-06-10 22:00:28 - [TEST_STEP][PASSED] - scrollToPosition: Browser is scrolled to position x = 200, y = 200

2018-06-10 22:00:28 - [MESSAGE][PASSED] - Browser is scrolled to position x = 200, y = 200

2018-06-10 22:00:28 - [TEST_STEP][PASSED] - click: Object: 'Object Repository/MOH AND GRN/Page_KDMC/a_CMS_1' is clicked on

2018-06-10 22:00:28 - [MESSAGE][PASSED] - Object: 'Object Repository/MOH AND GRN/Page_KDMC/a_CMS_1' is clicked on

2018-06-10 22:00:28 - [TEST_STEP][PASSED] - click: Object: 'Object Repository/MOH AND GRN/Page_KDMC/a_Request List' is clicked on

2018-06-10 22:00:30 - [MESSAGE][PASSED] - Object: 'Object Repository/MOH AND GRN/Page_KDMC/a_Request List' is clicked on

2018-06-10 22:00:30 - [TEST_STEP][PASSED] - Statement - RequestNumberId = com.kms.katalon.core.webui.keyword.WebUiBuiltInKeywords.modifyObjectProperty(com.kms.katalon.core.testobject.ObjectRepository.findTestObject(MOH AND GRN/Page_KDMC - CMS/input_PO0032), "xpath", "equals", "//*[@id =" + RequestNUmber + "]", true): Modify property of object successfully

2018-06-10 22:00:30 - [MESSAGE][PASSED] - Modify property of object successfully

2018-06-10 22:00:30 - [TEST_STEP][PASSED] - click: Object: 'Object Repository/MOH AND GRN/Page_KDMC - CMS/input_PO0032' is clicked on

2018-06-10 22:00:30 - [MESSAGE][PASSED] - Object: 'Object Repository/MOH AND GRN/Page_KDMC - CMS/input_PO0032' is clicked on

2018-06-10 22:00:30 - [TEST_STEP][PASSED] - delay: Delayed 3 second(s)

2018-06-10 22:00:33 - [MESSAGE][PASSED] - Delayed 3 second(s)

2018-06-10 22:00:33 - [TEST_STEP][PASSED] - selectOptionByIndex: All options with index in [1] are selected on object 'Object Repository/MOH AND GRN/Page_KDMC/select_--Select--'

2018-06-10 22:00:33 - [MESSAGE][PASSED] - All options with index in [1] are selected on object 'Object Repository/MOH AND GRN/Page_KDMC/select_--Select--'

2018-06-10 22:00:33 - [TEST_STEP][PASSED] - click: Object: 'Object Repository/MOH AND GRN/Page_KDMC/input_btnupdate' is clicked on

2018-06-10 22:00:33 - [MESSAGE][PASSED] - Object: 'Object Repository/MOH AND GRN/Page_KDMC/input_btnupdate' is clicked on

2018-06-10 22:00:33 - [TEST_STEP][PASSED] - delay: Delayed 3 second(s)

2018-06-10 22:00:36 - [MESSAGE][PASSED] - Delayed 3 second(s)

2018-06-10 22:00:36 - [TEST_STEP][PASSED] - click: Object: 'Object Repository/MOH AND GRN/Page_KDMC/button_OK' is clicked on

2018-06-10 22:00:37 - [MESSAGE][PASSED] - Object: 'Object Repository/MOH AND GRN/Page_KDMC/button_OK' is clicked on

2018-06-10 22:00:37 - [TEST_STEP][PASSED] - delay: Delayed 3 second(s)

2018-06-10 22:00:40 - [MESSAGE][PASSED] - Delayed 3 second(s)

2018-06-10 22:00:40 - [TEST_STEP][PASSED] - scrollToPosition: Browser is scrolled to position x = 200, y = 200

2018-06-10 22:00:40 - [MESSAGE][PASSED] - Browser is scrolled to position x = 200, y = 200

2018-06-10 22:00:40 - [TEST_STEP][PASSED] - click: Object: 'Object Repository/MOH AND GRN/Page_KDMC/a_CMS_2' is clicked on

2018-06-10 22:00:40 - [MESSAGE][PASSED] - Object: 'Object Repository/MOH AND GRN/Page_KDMC/a_CMS_2' is clicked on

2018-06-10 22:00:40 - [TEST_STEP][PASSED] - delay: Delayed 2 second(s)

2018-06-10 22:00:42 - [MESSAGE][PASSED] - Delayed 2 second(s)

2018-06-10 22:00:42 - [TEST_STEP][PASSED] - click: Object: 'Object Repository/MOH AND GRN/Page_KDMC/a_Generate P.O' is clicked on

2018-06-10 22:00:43 - [MESSAGE][PASSED] - Object: 'Object Repository/MOH AND GRN/Page_KDMC/a_Generate P.O' is clicked on

2018-06-10 22:00:43 - [TEST_STEP][PASSED] - delay: Delayed 2 second(s)

2018-06-10 22:00:45 - [MESSAGE][PASSED] - Delayed 2 second(s)

2018-06-10 22:00:45 - [TEST_STEP][PASSED] - selectOptionByIndex: All options with index in [1] are selected on object 'Object Repository/MOH AND GRN/Page_KDMC/select_--Select--PRNO040520183'

2018-06-10 22:00:45 - [MESSAGE][PASSED] - All options with index in [1] are selected on object 'Object Repository/MOH AND GRN/Page_KDMC/select_--Select--PRNO040520183'

2018-06-10 22:00:45 - [TEST_STEP][PASSED] - selectOptionByIndex: All options with index in [12] are selected on object 'Object Repository/MOH AND GRN/Page_KDMC/select_--Select--Hamen Chandra'

2018-06-10 22:00:45 - [MESSAGE][PASSED] - All options with index in [12] are selected on object 'Object Repository/MOH AND GRN/Page_KDMC/select_--Select--Hamen Chandra'

2018-06-10 22:00:45 - [TEST_STEP][PASSED] - Statement - PONumber = com.kms.katalon.core.webui.keyword.WebUiBuiltInKeywords.getText(com.kms.katalon.core.testobject.ObjectRepository.findTestObject(MOH AND GRN/Page_KDMC/input_lblpono)).trim(): Text of object 'Object Repository/MOH AND GRN/Page_KDMC/input_lblpono' is: ''

2018-06-10 22:00:46 - [MESSAGE][PASSED] - Text of object 'Object Repository/MOH AND GRN/Page_KDMC/input_lblpono' is: ''

2018-06-10 22:00:46 - [TEST_STEP][PASSED] - Statement - PONumber1 = com.kms.katalon.core.webui.keyword.WebUiBuiltInKeywords.getAttribute(com.kms.katalon.core.testobject.ObjectRepository.findTestObject(MOH AND GRN/Page_KDMC/input_lblpono), "value").trim(): Attribute 'value' of object 'Object Repository/MOH AND GRN/Page_KDMC/input_lblpono' is: 'PO00216'

2018-06-10 22:00:46 - [MESSAGE][PASSED] - Attribute 'value' of object 'Object Repository/MOH AND GRN/Page_KDMC/input_lblpono' is: 'PO00216'

2018-06-10 22:00:46 - [TEST_STEP][PASSED] - Statement - out.println("PO NUMBER :" + PONumber): null

2018-06-10 22:00:46 - [TEST_STEP][PASSED] - Statement - out.println("PO NUMBER :" + PONumber1): null

2018-06-10 22:00:46 - [TEST_STEP][PASSED] - click: Object: 'Object Repository/MOH AND GRN/Page_KDMC/input_chkrem' is clicked on

2018-06-10 22:00:46 - [MESSAGE][PASSED] - Object: 'Object Repository/MOH AND GRN/Page_KDMC/input_chkrem' is clicked on

2018-06-10 22:00:46 - [TEST_STEP][PASSED] - scrollToElement: Scroll to object 'Object Repository/MOH AND GRN/Page_KDMC/input_btnreturn' successfully

2018-06-10 22:00:46 - [MESSAGE][PASSED] - Scroll to object 'Object Repository/MOH AND GRN/Page_KDMC/input_btnreturn' successfully

2018-06-10 22:00:46 - [TEST_STEP][PASSED] - click: Object: 'Object Repository/MOH AND GRN/Page_KDMC/input_btnreturn' is clicked on

2018-06-10 22:00:46 - [MESSAGE][PASSED] - Object: 'Object Repository/MOH AND GRN/Page_KDMC/input_btnreturn' is clicked on

2018-06-10 22:00:46 - [TEST_STEP][PASSED] - delay: Delayed 3 second(s)

2018-06-10 22:00:49 - [MESSAGE][PASSED] - Delayed 3 second(s)

2018-06-10 22:00:49 - [TEST_STEP][PASSED] - click: Object: 'Object Repository/MOH AND GRN/Page_KDMC/button_Yes' is clicked on

2018-06-10 22:00:49 - [MESSAGE][PASSED] - Object: 'Object Repository/MOH AND GRN/Page_KDMC/button_Yes' is clicked on

2018-06-10 22:00:49 - [TEST_STEP][PASSED] - delay: Delayed 3 second(s)

2018-06-10 22:00:52 - [MESSAGE][PASSED] - Delayed 3 second(s)

2018-06-10 22:00:52 - [TEST_STEP][PASSED] - click: Object: 'Object Repository/MOH AND GRN/Page_KDMC/button_OK' is clicked on

2018-06-10 22:00:52 - [MESSAGE][PASSED] - Object: 'Object Repository/MOH AND GRN/Page_KDMC/button_OK' is clicked on

2018-06-10 22:00:52 - [TEST_STEP][PASSED] - delay: Delayed 3 second(s)

2018-06-10 22:00:55 - [MESSAGE][PASSED] - Delayed 3 second(s)

2018-06-10 22:00:55 - [TEST_STEP][PASSED] - click: Object: 'Object Repository/MOH AND GRN/Page_KDMC/a_dropdown-toggle' is clicked on

2018-06-10 22:00:56 - [MESSAGE][PASSED] - Object: 'Object Repository/MOH AND GRN/Page_KDMC/a_dropdown-toggle' is clicked on

2018-06-10 22:00:56 - [TEST_STEP][PASSED] - click: Object: 'Object Repository/MOH AND GRN/Page_KDMC/a_Sign out' is clicked on

2018-06-10 22:00:56 - [MESSAGE][PASSED] - Object: 'Object Repository/MOH AND GRN/Page_KDMC/a_Sign out' is clicked on

2018-06-10 22:00:56 - [TEST_STEP][PASSED] - delay: Delayed 4 second(s)

2018-06-10 22:01:00 - [MESSAGE][PASSED] - Delayed 4 second(s)

2018-06-10 22:01:00 - [TEST_STEP][PASSED] - click: Object: 'Object Repository/MOH AND GRN/Page_KDMC/a_CMS' is clicked on

2018-06-10 22:01:01 - [MESSAGE][PASSED] - Object: 'Object Repository/MOH AND GRN/Page_KDMC/a_CMS' is clicked on

2018-06-10 22:01:01 - [TEST_STEP][PASSED] - setText: Text 'bala' is set on object 'Object Repository/MOH AND GRN/Page_CMS login/input_txtusername'

2018-06-10 22:01:01 - [MESSAGE][PASSED] - Text 'bala' is set on object 'Object Repository/MOH AND GRN/Page_CMS login/input_txtusername'

2018-06-10 22:01:01 - [TEST_STEP][PASSED] - setText: Text '123' is set on object 'Object Repository/MOH AND GRN/Page_CMS login/input_txtpassword'

2018-06-10 22:01:01 - [MESSAGE][PASSED] - Text '123' is set on object 'Object Repository/MOH AND GRN/Page_CMS login/input_txtpassword'

2018-06-10 22:01:01 - [TEST_STEP][PASSED] - delay: Delayed 3 second(s)

2018-06-10 22:01:04 - [MESSAGE][PASSED] - Delayed 3 second(s)

2018-06-10 22:01:04 - [TEST_STEP][PASSED] - click: Object: 'Object Repository/MOH AND GRN/Page_CMS login/button_Sign in' is clicked on

2018-06-10 22:01:05 - [MESSAGE][PASSED] - Object: 'Object Repository/MOH AND GRN/Page_CMS login/button_Sign in' is clicked on

2018-06-10 22:01:05 - [TEST_STEP][PASSED] - click: Object: 'Object Repository/MOH AND GRN/Page_KDMC - CMS/a_CMS Details' is clicked on

2018-06-10 22:01:05 - [MESSAGE][PASSED] - Object: 'Object Repository/MOH AND GRN/Page_KDMC - CMS/a_CMS Details' is clicked on

2018-06-10 22:01:05 - [TEST_STEP][PASSED] - delay: Delayed 2 second(s)

2018-06-10 22:01:07 - [MESSAGE][PASSED] - Delayed 2 second(s)

2018-06-10 22:01:07 - [TEST_STEP][PASSED] - click: Object: 'Object Repository/MOH AND GRN/Page_KDMC - CMS/a_Goods Receive' is clicked on

2018-06-10 22:01:07 - [MESSAGE][PASSED] - Object: 'Object Repository/MOH AND GRN/Page_KDMC - CMS/a_Goods Receive' is clicked on

2018-06-10 22:01:07 - [TEST_STEP][PASSED] - delay: Delayed 2 second(s)

2018-06-10 22:01:09 - [MESSAGE][PASSED] - Delayed 2 second(s)

2018-06-10 22:01:09 - [TEST_STEP][PASSED] - selectOptionByLabel: All options with label 'PO00216' are selected in object 'Object Repository/MOH AND GRN/Page_KDMC - CMS/select_--Select--PO0032PO0031P' 

2018-06-10 22:01:09 - [MESSAGE][PASSED] - All options with label 'PO00216' are selected in object 'Object Repository/MOH AND GRN/Page_KDMC - CMS/select_--Select--PO0032PO0031P' 

2018-06-10 22:01:09 - [TEST_STEP][PASSED] - setText: Finding Test Object with id 'Object Repository/MOH AND GRN/Page_KDMC - CMS/input_txtgrnno'

2018-06-10 22:01:09 - [TEST_STEP][PASSED] - Statement - switch (id): Text 'INV560.0' is set on object 'Object Repository/MOH AND GRN/Page_KDMC - CMS/input_txtgrnno'

2018-06-10 22:01:09 - [TEST_STEP][PASSED] - Statement - case 2:: Text 'INV560.0' is set on object 'Object Repository/MOH AND GRN/Page_KDMC - CMS/input_txtgrnno'

2018-06-10 22:01:09 - [TEST_STEP][PASSED] - Statement - return (java.lang.Math.floor((java.lang.Math.random() * ((max - min) + 1))) + min): Text 'INV560.0' is set on object 'Object Repository/MOH AND GRN/Page_KDMC - CMS/input_txtgrnno'

2018-06-10 22:01:09 - [MESSAGE][PASSED] - Text 'INV560.0' is set on object 'Object Repository/MOH AND GRN/Page_KDMC - CMS/input_txtgrnno'

2018-06-10 22:01:09 - [TEST_STEP][PASSED] - selectOptionByIndex: All options with index in [1] are selected on object 'Object Repository/MOH AND GRN/Page_KDMC - CMS/select_--Select--PERUMAL PHARM'

2018-06-10 22:01:10 - [MESSAGE][PASSED] - All options with index in [1] are selected on object 'Object Repository/MOH AND GRN/Page_KDMC - CMS/select_--Select--PERUMAL PHARM'

2018-06-10 22:01:10 - [TEST_STEP][PASSED] - setText: Text '19500' is set on object 'Object Repository/MOH AND GRN/Page_KDMC - CMS/input_txtgrnno_1'

2018-06-10 22:01:10 - [MESSAGE][PASSED] - Text '19500' is set on object 'Object Repository/MOH AND GRN/Page_KDMC - CMS/input_txtgrnno_1'

2018-06-10 22:01:10 - [TEST_STEP][PASSED] - setText: Text '650' is set on object 'Object Repository/MOH AND GRN/Page_KDMC - CMS/input_txtgrnno_2'

2018-06-10 22:01:10 - [MESSAGE][PASSED] - Text '650' is set on object 'Object Repository/MOH AND GRN/Page_KDMC - CMS/input_txtgrnno_2'

2018-06-10 22:01:10 - [TEST_STEP][PASSED] - setText: Finding Test Object with id 'Object Repository/MOH AND GRN/Page_KDMC - CMS/input_txtgrnno_3'

2018-06-10 22:01:10 - [TEST_STEP][PASSED] - Statement - switch (id): Text 'CH135.0' is set on object 'Object Repository/MOH AND GRN/Page_KDMC - CMS/input_txtgrnno_3'

2018-06-10 22:01:10 - [TEST_STEP][PASSED] - Statement - case 3:: Text 'CH135.0' is set on object 'Object Repository/MOH AND GRN/Page_KDMC - CMS/input_txtgrnno_3'

2018-06-10 22:01:10 - [TEST_STEP][PASSED] - Statement - return (java.lang.Math.floor((java.lang.Math.random() * ((max - min) + 1))) + min): Text 'CH135.0' is set on object 'Object Repository/MOH AND GRN/Page_KDMC - CMS/input_txtgrnno_3'

2018-06-10 22:01:10 - [MESSAGE][PASSED] - Text 'CH135.0' is set on object 'Object Repository/MOH AND GRN/Page_KDMC - CMS/input_txtgrnno_3'

2018-06-10 22:01:10 - [TEST_STEP][PASSED] - scrollToPosition: Browser is scrolled to position x = 200, y = 200

2018-06-10 22:01:10 - [MESSAGE][PASSED] - Browser is scrolled to position x = 200, y = 200

2018-06-10 22:01:10 - [TEST_STEP][PASSED] - Statement - GrnLength = com.kms.katalon.core.webui.keyword.WebUiBuiltInKeywords.getNumberOfTotalOption(com.kms.katalon.core.testobject.ObjectRepository.findTestObject(MOH AND GRN/Page_KDMC - CMS/select_--Select--Amikacin -500)): 36 options of object 'Object Repository/MOH AND GRN/Page_KDMC - CMS/select_--Select--Amikacin -500' counted

2018-06-10 22:01:10 - [MESSAGE][PASSED] - 36 options of object 'Object Repository/MOH AND GRN/Page_KDMC - CMS/select_--Select--Amikacin -500' counted

2018-06-10 22:01:10 - [TEST_STEP][PASSED] - Statement - out.println("Length OF The Medicine " + GrnLength): null

2018-06-10 22:01:10 - [TEST_STEP][PASSED] - Statement - s = 1: null

2018-06-10 22:01:10 - [TEST_STEP][PASSED] - Statement - For ([t = 1, t < GrnLength, (t++)]): Finding Test Object with id 'Object Repository/MOH AND GRN/Page_KDMC - CMS/input_txtmrp'

2018-06-10 22:01:10 - [TEST_STEP][PASSED] - selectOptionByIndex: All options with index in [1] are selected on object 'Object Repository/MOH AND GRN/Page_KDMC - CMS/select_--Select--Amikacin -500'

2018-06-10 22:01:10 - [MESSAGE][PASSED] - All options with index in [1] are selected on object 'Object Repository/MOH AND GRN/Page_KDMC - CMS/select_--Select--Amikacin -500'

2018-06-10 22:01:10 - [TEST_STEP][PASSED] - setText: Text '5000' is set on object 'Object Repository/MOH AND GRN/Page_KDMC - CMS/input_txtqty'

2018-06-10 22:01:10 - [MESSAGE][PASSED] - Text '5000' is set on object 'Object Repository/MOH AND GRN/Page_KDMC - CMS/input_txtqty'

2018-06-10 22:01:10 - [TEST_STEP][PASSED] - selectOptionByIndex: All options with index in [1] are selected on object 'Object Repository/MOH AND GRN/Page_KDMC - CMS/select_--Select--No Tax0'

2018-06-10 22:01:10 - [MESSAGE][PASSED] - All options with index in [1] are selected on object 'Object Repository/MOH AND GRN/Page_KDMC - CMS/select_--Select--No Tax0'

2018-06-10 22:01:10 - [TEST_STEP][PASSED] - setText: Finding Test Object with id 'Object Repository/MOH AND GRN/Page_KDMC - CMS/input_txtmrp'

2018-06-10 22:01:10 - [TEST_STEP][PASSED] - Statement - switch (id): Finding Test Object with id 'Object Repository/MOH AND GRN/Page_KDMC - CMS/input_txtdeal'

2018-06-10 22:01:10 - [TEST_STEP][PASSED] - Statement - case 4:: Text '35.0' is set on object 'Object Repository/MOH AND GRN/Page_KDMC - CMS/input_txtmrp'

2018-06-10 22:01:10 - [TEST_STEP][PASSED] - Statement - return (java.lang.Math.floor((java.lang.Math.random() * ((max - min) + 1))) + min): Text '35.0' is set on object 'Object Repository/MOH AND GRN/Page_KDMC - CMS/input_txtmrp'

2018-06-10 22:01:11 - [MESSAGE][PASSED] - Text '35.0' is set on object 'Object Repository/MOH AND GRN/Page_KDMC - CMS/input_txtmrp'

2018-06-10 22:01:11 - [TEST_STEP][PASSED] - setText: Finding Test Object with id 'Object Repository/MOH AND GRN/Page_KDMC - CMS/input_txtdeal'

2018-06-10 22:01:11 - [TEST_STEP][PASSED] - Statement - switch (id): Finding Test Object with id 'Object Repository/MOH AND GRN/Page_KDMC - CMS/input_txtbatchno'

2018-06-10 22:01:11 - [TEST_STEP][PASSED] - Statement - case 5:: Text '9.0' is set on object 'Object Repository/MOH AND GRN/Page_KDMC - CMS/input_txtdeal'

2018-06-10 22:01:11 - [TEST_STEP][PASSED] - Statement - return (java.lang.Math.floor((java.lang.Math.random() * ((max - min) + 1))) + min): Text '9.0' is set on object 'Object Repository/MOH AND GRN/Page_KDMC - CMS/input_txtdeal'

2018-06-10 22:01:11 - [MESSAGE][PASSED] - Text '9.0' is set on object 'Object Repository/MOH AND GRN/Page_KDMC - CMS/input_txtdeal'

2018-06-10 22:01:11 - [TEST_STEP][PASSED] - setText: Finding Test Object with id 'Object Repository/MOH AND GRN/Page_KDMC - CMS/input_txtbatchno'

2018-06-10 22:01:11 - [TEST_STEP][PASSED] - Statement - switch (id): Finding Test Object with id 'Object Repository/MOH AND GRN/Page_KDMC - CMS/input_txtmrp'

2018-06-10 22:01:11 - [TEST_STEP][PASSED] - Statement - case 1:: Text 'BA809.0' is set on object 'Object Repository/MOH AND GRN/Page_KDMC - CMS/input_txtbatchno'

2018-06-10 22:01:11 - [TEST_STEP][PASSED] - Statement - return (java.lang.Math.floor((java.lang.Math.random() * ((max - min) + 1))) + min): Text 'BA809.0' is set on object 'Object Repository/MOH AND GRN/Page_KDMC - CMS/input_txtbatchno'

2018-06-10 22:01:11 - [MESSAGE][PASSED] - Text 'BA809.0' is set on object 'Object Repository/MOH AND GRN/Page_KDMC - CMS/input_txtbatchno'

2018-06-10 22:01:11 - [TEST_STEP][PASSED] - rightClick: Object: 'Object Repository/GRN/Page_KDMC - CMS/input_txtexpdate' is right clicked on

2018-06-10 22:01:11 - [MESSAGE][PASSED] - Object: 'Object Repository/GRN/Page_KDMC - CMS/input_txtexpdate' is right clicked on

2018-06-10 22:01:11 - [TEST_STEP][PASSED] - selectOptionByIndex: All options with index in [1] are selected on object 'Object Repository/GRN/Page_KDMC - CMS/select_20182019202020212022202'

2018-06-10 22:01:11 - [MESSAGE][PASSED] - All options with index in [1] are selected on object 'Object Repository/GRN/Page_KDMC - CMS/select_20182019202020212022202'

2018-06-10 22:01:11 - [TEST_STEP][PASSED] - selectOptionByIndex: All options with index in [1] are selected on object 'Object Repository/GRN/Page_KDMC - CMS/select_JanFebMarAprMayJunJulAu'

2018-06-10 22:01:11 - [MESSAGE][PASSED] - All options with index in [1] are selected on object 'Object Repository/GRN/Page_KDMC - CMS/select_JanFebMarAprMayJunJulAu'

2018-06-10 22:01:11 - [TEST_STEP][PASSED] - click: Object: 'Object Repository/MOH AND GRN/Page_KDMC - CMS/a_12' is clicked on

2018-06-10 22:01:11 - [MESSAGE][PASSED] - Object: 'Object Repository/MOH AND GRN/Page_KDMC - CMS/a_12' is clicked on

2018-06-10 22:01:11 - [TEST_STEP][PASSED] - click: Object: 'Object Repository/MOH AND GRN/Page_KDMC - CMS/input_btnadd' is clicked on

2018-06-10 22:01:12 - [MESSAGE][PASSED] - Object: 'Object Repository/MOH AND GRN/Page_KDMC - CMS/input_btnadd' is clicked on

2018-06-10 22:01:12 - [TEST_STEP][PASSED] - Statement - If (s == 10): null

2018-06-10 22:01:12 - [TEST_STEP][PASSED] - Statement - Else: null

2018-06-10 22:01:12 - [TEST_STEP][PASSED] - Statement - (s++): null

2018-06-10 22:01:12 - [TEST_STEP][PASSED] - delay: Delayed 1 second(s)

2018-06-10 22:01:13 - [MESSAGE][PASSED] - Delayed 1 second(s)

2018-06-10 22:01:13 - [TEST_STEP][PASSED] - selectOptionByIndex: All options with index in [2] are selected on object 'Object Repository/MOH AND GRN/Page_KDMC - CMS/select_--Select--Amikacin -500'

2018-06-10 22:01:13 - [MESSAGE][PASSED] - All options with index in [2] are selected on object 'Object Repository/MOH AND GRN/Page_KDMC - CMS/select_--Select--Amikacin -500'

2018-06-10 22:01:13 - [TEST_STEP][PASSED] - setText: Text '5000' is set on object 'Object Repository/MOH AND GRN/Page_KDMC - CMS/input_txtqty'

2018-06-10 22:01:13 - [MESSAGE][PASSED] - Text '5000' is set on object 'Object Repository/MOH AND GRN/Page_KDMC - CMS/input_txtqty'

2018-06-10 22:01:13 - [TEST_STEP][PASSED] - selectOptionByIndex: All options with index in [1] are selected on object 'Object Repository/MOH AND GRN/Page_KDMC - CMS/select_--Select--No Tax0'

2018-06-10 22:01:13 - [MESSAGE][PASSED] - All options with index in [1] are selected on object 'Object Repository/MOH AND GRN/Page_KDMC - CMS/select_--Select--No Tax0'

2018-06-10 22:01:13 - [TEST_STEP][PASSED] - setText: Finding Test Object with id 'Object Repository/MOH AND GRN/Page_KDMC - CMS/input_txtmrp'

2018-06-10 22:01:13 - [TEST_STEP][PASSED] - Statement - switch (id): Finding Test Object with id 'Object Repository/MOH AND GRN/Page_KDMC - CMS/input_txtdeal'

2018-06-10 22:01:13 - [TEST_STEP][PASSED] - Statement - case 4:: Text '39.0' is set on object 'Object Repository/MOH AND GRN/Page_KDMC - CMS/input_txtmrp'

2018-06-10 22:01:13 - [TEST_STEP][PASSED] - Statement - return (java.lang.Math.floor((java.lang.Math.random() * ((max - min) + 1))) + min): Text '39.0' is set on object 'Object Repository/MOH AND GRN/Page_KDMC - CMS/input_txtmrp'

2018-06-10 22:01:13 - [MESSAGE][PASSED] - Text '39.0' is set on object 'Object Repository/MOH AND GRN/Page_KDMC - CMS/input_txtmrp'

2018-06-10 22:01:13 - [TEST_STEP][PASSED] - setText: Finding Test Object with id 'Object Repository/MOH AND GRN/Page_KDMC - CMS/input_txtdeal'

2018-06-10 22:01:13 - [TEST_STEP][PASSED] - Statement - switch (id): Finding Test Object with id 'Object Repository/MOH AND GRN/Page_KDMC - CMS/input_txtbatchno'

2018-06-10 22:01:13 - [TEST_STEP][PASSED] - Statement - case 5:: Text '9.0' is set on object 'Object Repository/MOH AND GRN/Page_KDMC - CMS/input_txtdeal'

2018-06-10 22:01:13 - [TEST_STEP][PASSED] - Statement - return (java.lang.Math.floor((java.lang.Math.random() * ((max - min) + 1))) + min): Text '9.0' is set on object 'Object Repository/MOH AND GRN/Page_KDMC - CMS/input_txtdeal'

2018-06-10 22:01:13 - [MESSAGE][PASSED] - Text '9.0' is set on object 'Object Repository/MOH AND GRN/Page_KDMC - CMS/input_txtdeal'

2018-06-10 22:01:13 - [TEST_STEP][PASSED] - setText: Finding Test Object with id 'Object Repository/MOH AND GRN/Page_KDMC - CMS/input_txtbatchno'

2018-06-10 22:01:13 - [TEST_STEP][PASSED] - Statement - switch (id): Finding Test Object with id 'Object Repository/MOH AND GRN/Page_KDMC - CMS/input_txtmrp'

2018-06-10 22:01:13 - [TEST_STEP][PASSED] - Statement - case 1:: Text 'BA188.0' is set on object 'Object Repository/MOH AND GRN/Page_KDMC - CMS/input_txtbatchno'

2018-06-10 22:01:13 - [TEST_STEP][PASSED] - Statement - return (java.lang.Math.floor((java.lang.Math.random() * ((max - min) + 1))) + min): Text 'BA188.0' is set on object 'Object Repository/MOH AND GRN/Page_KDMC - CMS/input_txtbatchno'

2018-06-10 22:01:13 - [MESSAGE][PASSED] - Text 'BA188.0' is set on object 'Object Repository/MOH AND GRN/Page_KDMC - CMS/input_txtbatchno'

2018-06-10 22:01:13 - [TEST_STEP][PASSED] - rightClick: Object: 'Object Repository/GRN/Page_KDMC - CMS/input_txtexpdate' is right clicked on

2018-06-10 22:01:13 - [MESSAGE][PASSED] - Object: 'Object Repository/GRN/Page_KDMC - CMS/input_txtexpdate' is right clicked on

2018-06-10 22:01:13 - [TEST_STEP][PASSED] - selectOptionByIndex: All options with index in [2] are selected on object 'Object Repository/GRN/Page_KDMC - CMS/select_20182019202020212022202'

2018-06-10 22:01:13 - [MESSAGE][PASSED] - All options with index in [2] are selected on object 'Object Repository/GRN/Page_KDMC - CMS/select_20182019202020212022202'

2018-06-10 22:01:13 - [TEST_STEP][PASSED] - selectOptionByIndex: All options with index in [2] are selected on object 'Object Repository/GRN/Page_KDMC - CMS/select_JanFebMarAprMayJunJulAu'

2018-06-10 22:01:14 - [MESSAGE][PASSED] - All options with index in [2] are selected on object 'Object Repository/GRN/Page_KDMC - CMS/select_JanFebMarAprMayJunJulAu'

2018-06-10 22:01:14 - [TEST_STEP][PASSED] - click: Object: 'Object Repository/MOH AND GRN/Page_KDMC - CMS/a_12' is clicked on

2018-06-10 22:01:14 - [MESSAGE][PASSED] - Object: 'Object Repository/MOH AND GRN/Page_KDMC - CMS/a_12' is clicked on

2018-06-10 22:01:14 - [TEST_STEP][PASSED] - click: Object: 'Object Repository/MOH AND GRN/Page_KDMC - CMS/input_btnadd' is clicked on

2018-06-10 22:01:14 - [MESSAGE][PASSED] - Object: 'Object Repository/MOH AND GRN/Page_KDMC - CMS/input_btnadd' is clicked on

2018-06-10 22:01:14 - [TEST_STEP][PASSED] - Statement - If (s == 10): null

2018-06-10 22:01:14 - [TEST_STEP][PASSED] - Statement - Else: null

2018-06-10 22:01:14 - [TEST_STEP][PASSED] - Statement - (s++): null

2018-06-10 22:01:14 - [TEST_STEP][PASSED] - delay: Delayed 1 second(s)

2018-06-10 22:01:15 - [MESSAGE][PASSED] - Delayed 1 second(s)

2018-06-10 22:01:15 - [TEST_STEP][PASSED] - selectOptionByIndex: All options with index in [3] are selected on object 'Object Repository/MOH AND GRN/Page_KDMC - CMS/select_--Select--Amikacin -500'

2018-06-10 22:01:15 - [MESSAGE][PASSED] - All options with index in [3] are selected on object 'Object Repository/MOH AND GRN/Page_KDMC - CMS/select_--Select--Amikacin -500'

2018-06-10 22:01:15 - [TEST_STEP][PASSED] - setText: Text '5000' is set on object 'Object Repository/MOH AND GRN/Page_KDMC - CMS/input_txtqty'

2018-06-10 22:01:15 - [MESSAGE][PASSED] - Text '5000' is set on object 'Object Repository/MOH AND GRN/Page_KDMC - CMS/input_txtqty'

2018-06-10 22:01:15 - [TEST_STEP][PASSED] - selectOptionByIndex: All options with index in [1] are selected on object 'Object Repository/MOH AND GRN/Page_KDMC - CMS/select_--Select--No Tax0'

2018-06-10 22:01:15 - [MESSAGE][PASSED] - All options with index in [1] are selected on object 'Object Repository/MOH AND GRN/Page_KDMC - CMS/select_--Select--No Tax0'

2018-06-10 22:01:15 - [TEST_STEP][PASSED] - setText: Finding Test Object with id 'Object Repository/MOH AND GRN/Page_KDMC - CMS/input_txtmrp'

2018-06-10 22:01:15 - [TEST_STEP][PASSED] - Statement - switch (id): Finding Test Object with id 'Object Repository/MOH AND GRN/Page_KDMC - CMS/input_txtdeal'

2018-06-10 22:01:15 - [TEST_STEP][PASSED] - Statement - case 4:: Text '16.0' is set on object 'Object Repository/MOH AND GRN/Page_KDMC - CMS/input_txtmrp'

2018-06-10 22:01:15 - [TEST_STEP][PASSED] - Statement - return (java.lang.Math.floor((java.lang.Math.random() * ((max - min) + 1))) + min): Text '16.0' is set on object 'Object Repository/MOH AND GRN/Page_KDMC - CMS/input_txtmrp'

2018-06-10 22:01:15 - [MESSAGE][PASSED] - Text '16.0' is set on object 'Object Repository/MOH AND GRN/Page_KDMC - CMS/input_txtmrp'

2018-06-10 22:01:15 - [TEST_STEP][PASSED] - setText: Finding Test Object with id 'Object Repository/MOH AND GRN/Page_KDMC - CMS/input_txtdeal'

2018-06-10 22:01:15 - [TEST_STEP][PASSED] - Statement - switch (id): Finding Test Object with id 'Object Repository/MOH AND GRN/Page_KDMC - CMS/input_txtbatchno'

2018-06-10 22:01:15 - [TEST_STEP][PASSED] - Statement - case 5:: Text '4.0' is set on object 'Object Repository/MOH AND GRN/Page_KDMC - CMS/input_txtdeal'

2018-06-10 22:01:15 - [TEST_STEP][PASSED] - Statement - return (java.lang.Math.floor((java.lang.Math.random() * ((max - min) + 1))) + min): Text '4.0' is set on object 'Object Repository/MOH AND GRN/Page_KDMC - CMS/input_txtdeal'

2018-06-10 22:01:15 - [MESSAGE][PASSED] - Text '4.0' is set on object 'Object Repository/MOH AND GRN/Page_KDMC - CMS/input_txtdeal'

2018-06-10 22:01:15 - [TEST_STEP][PASSED] - setText: Finding Test Object with id 'Object Repository/MOH AND GRN/Page_KDMC - CMS/input_txtbatchno'

2018-06-10 22:01:15 - [TEST_STEP][PASSED] - Statement - switch (id): Finding Test Object with id 'Object Repository/MOH AND GRN/Page_KDMC - CMS/input_txtmrp'

2018-06-10 22:01:15 - [TEST_STEP][PASSED] - Statement - case 1:: Text 'BA521.0' is set on object 'Object Repository/MOH AND GRN/Page_KDMC - CMS/input_txtbatchno'

2018-06-10 22:01:15 - [TEST_STEP][PASSED] - Statement - return (java.lang.Math.floor((java.lang.Math.random() * ((max - min) + 1))) + min): Text 'BA521.0' is set on object 'Object Repository/MOH AND GRN/Page_KDMC - CMS/input_txtbatchno'

2018-06-10 22:01:15 - [MESSAGE][PASSED] - Text 'BA521.0' is set on object 'Object Repository/MOH AND GRN/Page_KDMC - CMS/input_txtbatchno'

2018-06-10 22:01:15 - [TEST_STEP][PASSED] - rightClick: Object: 'Object Repository/GRN/Page_KDMC - CMS/input_txtexpdate' is right clicked on

2018-06-10 22:01:16 - [MESSAGE][PASSED] - Object: 'Object Repository/GRN/Page_KDMC - CMS/input_txtexpdate' is right clicked on

2018-06-10 22:01:16 - [TEST_STEP][PASSED] - selectOptionByIndex: All options with index in [3] are selected on object 'Object Repository/GRN/Page_KDMC - CMS/select_20182019202020212022202'

2018-06-10 22:01:16 - [MESSAGE][PASSED] - All options with index in [3] are selected on object 'Object Repository/GRN/Page_KDMC - CMS/select_20182019202020212022202'

2018-06-10 22:01:16 - [TEST_STEP][PASSED] - selectOptionByIndex: All options with index in [3] are selected on object 'Object Repository/GRN/Page_KDMC - CMS/select_JanFebMarAprMayJunJulAu'

2018-06-10 22:01:16 - [MESSAGE][PASSED] - All options with index in [3] are selected on object 'Object Repository/GRN/Page_KDMC - CMS/select_JanFebMarAprMayJunJulAu'

2018-06-10 22:01:16 - [TEST_STEP][PASSED] - click: Object: 'Object Repository/MOH AND GRN/Page_KDMC - CMS/a_12' is clicked on

2018-06-10 22:01:16 - [MESSAGE][PASSED] - Object: 'Object Repository/MOH AND GRN/Page_KDMC - CMS/a_12' is clicked on

2018-06-10 22:01:16 - [TEST_STEP][PASSED] - click: Object: 'Object Repository/MOH AND GRN/Page_KDMC - CMS/input_btnadd' is clicked on

2018-06-10 22:01:16 - [MESSAGE][PASSED] - Object: 'Object Repository/MOH AND GRN/Page_KDMC - CMS/input_btnadd' is clicked on

2018-06-10 22:01:16 - [TEST_STEP][PASSED] - Statement - If (s == 10): null

2018-06-10 22:01:16 - [TEST_STEP][PASSED] - Statement - Else: null

2018-06-10 22:01:16 - [TEST_STEP][PASSED] - Statement - (s++): null

2018-06-10 22:01:16 - [TEST_STEP][PASSED] - delay: Delayed 1 second(s)

2018-06-10 22:01:17 - [MESSAGE][PASSED] - Delayed 1 second(s)

2018-06-10 22:01:17 - [TEST_STEP][PASSED] - selectOptionByIndex: All options with index in [4] are selected on object 'Object Repository/MOH AND GRN/Page_KDMC - CMS/select_--Select--Amikacin -500'

2018-06-10 22:01:17 - [MESSAGE][PASSED] - All options with index in [4] are selected on object 'Object Repository/MOH AND GRN/Page_KDMC - CMS/select_--Select--Amikacin -500'

2018-06-10 22:01:17 - [TEST_STEP][PASSED] - setText: Text '5000' is set on object 'Object Repository/MOH AND GRN/Page_KDMC - CMS/input_txtqty'

2018-06-10 22:01:17 - [MESSAGE][PASSED] - Text '5000' is set on object 'Object Repository/MOH AND GRN/Page_KDMC - CMS/input_txtqty'

2018-06-10 22:01:17 - [TEST_STEP][PASSED] - selectOptionByIndex: All options with index in [1] are selected on object 'Object Repository/MOH AND GRN/Page_KDMC - CMS/select_--Select--No Tax0'

2018-06-10 22:01:18 - [MESSAGE][PASSED] - All options with index in [1] are selected on object 'Object Repository/MOH AND GRN/Page_KDMC - CMS/select_--Select--No Tax0'

2018-06-10 22:01:18 - [TEST_STEP][PASSED] - setText: Finding Test Object with id 'Object Repository/MOH AND GRN/Page_KDMC - CMS/input_txtmrp'

2018-06-10 22:01:18 - [TEST_STEP][PASSED] - Statement - switch (id): Finding Test Object with id 'Object Repository/MOH AND GRN/Page_KDMC - CMS/input_txtdeal'

2018-06-10 22:01:18 - [TEST_STEP][PASSED] - Statement - case 4:: Text '30.0' is set on object 'Object Repository/MOH AND GRN/Page_KDMC - CMS/input_txtmrp'

2018-06-10 22:01:18 - [TEST_STEP][PASSED] - Statement - return (java.lang.Math.floor((java.lang.Math.random() * ((max - min) + 1))) + min): Text '30.0' is set on object 'Object Repository/MOH AND GRN/Page_KDMC - CMS/input_txtmrp'

2018-06-10 22:01:18 - [MESSAGE][PASSED] - Text '30.0' is set on object 'Object Repository/MOH AND GRN/Page_KDMC - CMS/input_txtmrp'

2018-06-10 22:01:18 - [TEST_STEP][PASSED] - setText: Finding Test Object with id 'Object Repository/MOH AND GRN/Page_KDMC - CMS/input_txtdeal'

2018-06-10 22:01:18 - [TEST_STEP][PASSED] - Statement - switch (id): Finding Test Object with id 'Object Repository/MOH AND GRN/Page_KDMC - CMS/input_txtbatchno'

2018-06-10 22:01:18 - [TEST_STEP][PASSED] - Statement - case 5:: Text '6.0' is set on object 'Object Repository/MOH AND GRN/Page_KDMC - CMS/input_txtdeal'

2018-06-10 22:01:18 - [TEST_STEP][PASSED] - Statement - return (java.lang.Math.floor((java.lang.Math.random() * ((max - min) + 1))) + min): Text '6.0' is set on object 'Object Repository/MOH AND GRN/Page_KDMC - CMS/input_txtdeal'

2018-06-10 22:01:18 - [MESSAGE][PASSED] - Text '6.0' is set on object 'Object Repository/MOH AND GRN/Page_KDMC - CMS/input_txtdeal'

2018-06-10 22:01:18 - [TEST_STEP][PASSED] - setText: Finding Test Object with id 'Object Repository/MOH AND GRN/Page_KDMC - CMS/input_txtbatchno'

2018-06-10 22:01:18 - [TEST_STEP][PASSED] - Statement - switch (id): Finding Test Object with id 'Object Repository/MOH AND GRN/Page_KDMC - CMS/input_txtmrp'

2018-06-10 22:01:18 - [TEST_STEP][PASSED] - Statement - case 1:: Text 'BA672.0' is set on object 'Object Repository/MOH AND GRN/Page_KDMC - CMS/input_txtbatchno'

2018-06-10 22:01:18 - [TEST_STEP][PASSED] - Statement - return (java.lang.Math.floor((java.lang.Math.random() * ((max - min) + 1))) + min): Text 'BA672.0' is set on object 'Object Repository/MOH AND GRN/Page_KDMC - CMS/input_txtbatchno'

2018-06-10 22:01:18 - [MESSAGE][PASSED] - Text 'BA672.0' is set on object 'Object Repository/MOH AND GRN/Page_KDMC - CMS/input_txtbatchno'

2018-06-10 22:01:18 - [TEST_STEP][PASSED] - rightClick: Object: 'Object Repository/GRN/Page_KDMC - CMS/input_txtexpdate' is right clicked on

2018-06-10 22:01:18 - [MESSAGE][PASSED] - Object: 'Object Repository/GRN/Page_KDMC - CMS/input_txtexpdate' is right clicked on

2018-06-10 22:01:18 - [TEST_STEP][PASSED] - selectOptionByIndex: All options with index in [4] are selected on object 'Object Repository/GRN/Page_KDMC - CMS/select_20182019202020212022202'

2018-06-10 22:01:18 - [MESSAGE][PASSED] - All options with index in [4] are selected on object 'Object Repository/GRN/Page_KDMC - CMS/select_20182019202020212022202'

2018-06-10 22:01:18 - [TEST_STEP][PASSED] - selectOptionByIndex: All options with index in [4] are selected on object 'Object Repository/GRN/Page_KDMC - CMS/select_JanFebMarAprMayJunJulAu'

2018-06-10 22:01:18 - [MESSAGE][PASSED] - All options with index in [4] are selected on object 'Object Repository/GRN/Page_KDMC - CMS/select_JanFebMarAprMayJunJulAu'

2018-06-10 22:01:18 - [TEST_STEP][PASSED] - click: Object: 'Object Repository/MOH AND GRN/Page_KDMC - CMS/a_12' is clicked on

2018-06-10 22:01:18 - [MESSAGE][PASSED] - Object: 'Object Repository/MOH AND GRN/Page_KDMC - CMS/a_12' is clicked on

2018-06-10 22:01:18 - [TEST_STEP][PASSED] - click: Object: 'Object Repository/MOH AND GRN/Page_KDMC - CMS/input_btnadd' is clicked on

2018-06-10 22:01:18 - [MESSAGE][PASSED] - Object: 'Object Repository/MOH AND GRN/Page_KDMC - CMS/input_btnadd' is clicked on

2018-06-10 22:01:18 - [TEST_STEP][PASSED] - Statement - If (s == 10): null

2018-06-10 22:01:18 - [TEST_STEP][PASSED] - Statement - Else: null

2018-06-10 22:01:18 - [TEST_STEP][PASSED] - Statement - (s++): null

2018-06-10 22:01:18 - [TEST_STEP][PASSED] - delay: Delayed 1 second(s)

2018-06-10 22:01:19 - [MESSAGE][PASSED] - Delayed 1 second(s)

2018-06-10 22:01:19 - [TEST_STEP][PASSED] - selectOptionByIndex: All options with index in [5] are selected on object 'Object Repository/MOH AND GRN/Page_KDMC - CMS/select_--Select--Amikacin -500'

2018-06-10 22:01:20 - [MESSAGE][PASSED] - All options with index in [5] are selected on object 'Object Repository/MOH AND GRN/Page_KDMC - CMS/select_--Select--Amikacin -500'

2018-06-10 22:01:20 - [TEST_STEP][PASSED] - setText: Text '5000' is set on object 'Object Repository/MOH AND GRN/Page_KDMC - CMS/input_txtqty'

2018-06-10 22:01:20 - [MESSAGE][PASSED] - Text '5000' is set on object 'Object Repository/MOH AND GRN/Page_KDMC - CMS/input_txtqty'

2018-06-10 22:01:20 - [TEST_STEP][PASSED] - selectOptionByIndex: All options with index in [1] are selected on object 'Object Repository/MOH AND GRN/Page_KDMC - CMS/select_--Select--No Tax0'

2018-06-10 22:01:20 - [MESSAGE][PASSED] - All options with index in [1] are selected on object 'Object Repository/MOH AND GRN/Page_KDMC - CMS/select_--Select--No Tax0'

2018-06-10 22:01:20 - [TEST_STEP][PASSED] - setText: Finding Test Object with id 'Object Repository/MOH AND GRN/Page_KDMC - CMS/input_txtmrp'

2018-06-10 22:01:20 - [TEST_STEP][PASSED] - Statement - switch (id): Finding Test Object with id 'Object Repository/MOH AND GRN/Page_KDMC - CMS/input_txtdeal'

2018-06-10 22:01:20 - [TEST_STEP][PASSED] - Statement - case 4:: Text '20.0' is set on object 'Object Repository/MOH AND GRN/Page_KDMC - CMS/input_txtmrp'

2018-06-10 22:01:20 - [TEST_STEP][PASSED] - Statement - return (java.lang.Math.floor((java.lang.Math.random() * ((max - min) + 1))) + min): Text '20.0' is set on object 'Object Repository/MOH AND GRN/Page_KDMC - CMS/input_txtmrp'

2018-06-10 22:01:20 - [MESSAGE][PASSED] - Text '20.0' is set on object 'Object Repository/MOH AND GRN/Page_KDMC - CMS/input_txtmrp'

2018-06-10 22:01:20 - [TEST_STEP][PASSED] - setText: Finding Test Object with id 'Object Repository/MOH AND GRN/Page_KDMC - CMS/input_txtdeal'

2018-06-10 22:01:20 - [TEST_STEP][PASSED] - Statement - switch (id): Finding Test Object with id 'Object Repository/MOH AND GRN/Page_KDMC - CMS/input_txtbatchno'

2018-06-10 22:01:20 - [TEST_STEP][PASSED] - Statement - case 5:: Text '7.0' is set on object 'Object Repository/MOH AND GRN/Page_KDMC - CMS/input_txtdeal'

2018-06-10 22:01:20 - [TEST_STEP][PASSED] - Statement - return (java.lang.Math.floor((java.lang.Math.random() * ((max - min) + 1))) + min): Text '7.0' is set on object 'Object Repository/MOH AND GRN/Page_KDMC - CMS/input_txtdeal'

2018-06-10 22:01:20 - [MESSAGE][PASSED] - Text '7.0' is set on object 'Object Repository/MOH AND GRN/Page_KDMC - CMS/input_txtdeal'

2018-06-10 22:01:20 - [TEST_STEP][PASSED] - setText: Finding Test Object with id 'Object Repository/MOH AND GRN/Page_KDMC - CMS/input_txtbatchno'

2018-06-10 22:01:20 - [TEST_STEP][PASSED] - Statement - switch (id): Finding Test Object with id 'Object Repository/MOH AND GRN/Page_KDMC - CMS/input_txtmrp'

2018-06-10 22:01:20 - [TEST_STEP][PASSED] - Statement - case 1:: Text 'BA984.0' is set on object 'Object Repository/MOH AND GRN/Page_KDMC - CMS/input_txtbatchno'

2018-06-10 22:01:20 - [TEST_STEP][PASSED] - Statement - return (java.lang.Math.floor((java.lang.Math.random() * ((max - min) + 1))) + min): Text 'BA984.0' is set on object 'Object Repository/MOH AND GRN/Page_KDMC - CMS/input_txtbatchno'

2018-06-10 22:01:20 - [MESSAGE][PASSED] - Text 'BA984.0' is set on object 'Object Repository/MOH AND GRN/Page_KDMC - CMS/input_txtbatchno'

2018-06-10 22:01:20 - [TEST_STEP][PASSED] - rightClick: Object: 'Object Repository/GRN/Page_KDMC - CMS/input_txtexpdate' is right clicked on

2018-06-10 22:01:20 - [MESSAGE][PASSED] - Object: 'Object Repository/GRN/Page_KDMC - CMS/input_txtexpdate' is right clicked on

2018-06-10 22:01:20 - [TEST_STEP][PASSED] - selectOptionByIndex: All options with index in [5] are selected on object 'Object Repository/GRN/Page_KDMC - CMS/select_20182019202020212022202'

2018-06-10 22:01:20 - [MESSAGE][PASSED] - All options with index in [5] are selected on object 'Object Repository/GRN/Page_KDMC - CMS/select_20182019202020212022202'

2018-06-10 22:01:20 - [TEST_STEP][PASSED] - selectOptionByIndex: All options with index in [5] are selected on object 'Object Repository/GRN/Page_KDMC - CMS/select_JanFebMarAprMayJunJulAu'

2018-06-10 22:01:21 - [MESSAGE][PASSED] - All options with index in [5] are selected on object 'Object Repository/GRN/Page_KDMC - CMS/select_JanFebMarAprMayJunJulAu'

2018-06-10 22:01:21 - [TEST_STEP][PASSED] - click: Object: 'Object Repository/MOH AND GRN/Page_KDMC - CMS/a_12' is clicked on

2018-06-10 22:01:21 - [MESSAGE][PASSED] - Object: 'Object Repository/MOH AND GRN/Page_KDMC - CMS/a_12' is clicked on

2018-06-10 22:01:21 - [TEST_STEP][PASSED] - click: Object: 'Object Repository/MOH AND GRN/Page_KDMC - CMS/input_btnadd' is clicked on

2018-06-10 22:01:21 - [MESSAGE][PASSED] - Object: 'Object Repository/MOH AND GRN/Page_KDMC - CMS/input_btnadd' is clicked on

2018-06-10 22:01:21 - [TEST_STEP][PASSED] - Statement - If (s == 10): null

2018-06-10 22:01:21 - [TEST_STEP][PASSED] - Statement - Else: null

2018-06-10 22:01:21 - [TEST_STEP][PASSED] - Statement - (s++): null

2018-06-10 22:01:21 - [TEST_STEP][PASSED] - delay: Delayed 1 second(s)

2018-06-10 22:01:22 - [MESSAGE][PASSED] - Delayed 1 second(s)

2018-06-10 22:01:22 - [TEST_STEP][PASSED] - selectOptionByIndex: All options with index in [6] are selected on object 'Object Repository/MOH AND GRN/Page_KDMC - CMS/select_--Select--Amikacin -500'

2018-06-10 22:01:22 - [MESSAGE][PASSED] - All options with index in [6] are selected on object 'Object Repository/MOH AND GRN/Page_KDMC - CMS/select_--Select--Amikacin -500'

2018-06-10 22:01:22 - [TEST_STEP][PASSED] - setText: Text '5000' is set on object 'Object Repository/MOH AND GRN/Page_KDMC - CMS/input_txtqty'

2018-06-10 22:01:22 - [MESSAGE][PASSED] - Text '5000' is set on object 'Object Repository/MOH AND GRN/Page_KDMC - CMS/input_txtqty'

2018-06-10 22:01:22 - [TEST_STEP][PASSED] - selectOptionByIndex: All options with index in [1] are selected on object 'Object Repository/MOH AND GRN/Page_KDMC - CMS/select_--Select--No Tax0'

2018-06-10 22:01:22 - [MESSAGE][PASSED] - All options with index in [1] are selected on object 'Object Repository/MOH AND GRN/Page_KDMC - CMS/select_--Select--No Tax0'

2018-06-10 22:01:22 - [TEST_STEP][PASSED] - setText: Finding Test Object with id 'Object Repository/MOH AND GRN/Page_KDMC - CMS/input_txtmrp'

2018-06-10 22:01:22 - [TEST_STEP][PASSED] - Statement - switch (id): Finding Test Object with id 'Object Repository/MOH AND GRN/Page_KDMC - CMS/input_txtdeal'

2018-06-10 22:01:22 - [TEST_STEP][PASSED] - Statement - case 4:: Text '21.0' is set on object 'Object Repository/MOH AND GRN/Page_KDMC - CMS/input_txtmrp'

2018-06-10 22:01:22 - [TEST_STEP][PASSED] - Statement - return (java.lang.Math.floor((java.lang.Math.random() * ((max - min) + 1))) + min): Text '21.0' is set on object 'Object Repository/MOH AND GRN/Page_KDMC - CMS/input_txtmrp'

2018-06-10 22:01:22 - [MESSAGE][PASSED] - Text '21.0' is set on object 'Object Repository/MOH AND GRN/Page_KDMC - CMS/input_txtmrp'

2018-06-10 22:01:22 - [TEST_STEP][PASSED] - setText: Finding Test Object with id 'Object Repository/MOH AND GRN/Page_KDMC - CMS/input_txtdeal'

2018-06-10 22:01:22 - [TEST_STEP][PASSED] - Statement - switch (id): Finding Test Object with id 'Object Repository/MOH AND GRN/Page_KDMC - CMS/input_txtbatchno'

2018-06-10 22:01:22 - [TEST_STEP][PASSED] - Statement - case 5:: Text '12.0' is set on object 'Object Repository/MOH AND GRN/Page_KDMC - CMS/input_txtdeal'

2018-06-10 22:01:22 - [TEST_STEP][PASSED] - Statement - return (java.lang.Math.floor((java.lang.Math.random() * ((max - min) + 1))) + min): Text '12.0' is set on object 'Object Repository/MOH AND GRN/Page_KDMC - CMS/input_txtdeal'

2018-06-10 22:01:22 - [MESSAGE][PASSED] - Text '12.0' is set on object 'Object Repository/MOH AND GRN/Page_KDMC - CMS/input_txtdeal'

2018-06-10 22:01:22 - [TEST_STEP][PASSED] - setText: Finding Test Object with id 'Object Repository/MOH AND GRN/Page_KDMC - CMS/input_txtbatchno'

2018-06-10 22:01:22 - [TEST_STEP][PASSED] - Statement - switch (id): Finding Test Object with id 'Object Repository/MOH AND GRN/Page_KDMC - CMS/input_txtmrp'

2018-06-10 22:01:22 - [TEST_STEP][PASSED] - Statement - case 1:: Text 'BA305.0' is set on object 'Object Repository/MOH AND GRN/Page_KDMC - CMS/input_txtbatchno'

2018-06-10 22:01:22 - [TEST_STEP][PASSED] - Statement - return (java.lang.Math.floor((java.lang.Math.random() * ((max - min) + 1))) + min): Text 'BA305.0' is set on object 'Object Repository/MOH AND GRN/Page_KDMC - CMS/input_txtbatchno'

2018-06-10 22:01:22 - [MESSAGE][PASSED] - Text 'BA305.0' is set on object 'Object Repository/MOH AND GRN/Page_KDMC - CMS/input_txtbatchno'

2018-06-10 22:01:22 - [TEST_STEP][PASSED] - rightClick: Object: 'Object Repository/GRN/Page_KDMC - CMS/input_txtexpdate' is right clicked on

2018-06-10 22:01:23 - [MESSAGE][PASSED] - Object: 'Object Repository/GRN/Page_KDMC - CMS/input_txtexpdate' is right clicked on

2018-06-10 22:01:23 - [TEST_STEP][PASSED] - selectOptionByIndex: All options with index in [6] are selected on object 'Object Repository/GRN/Page_KDMC - CMS/select_20182019202020212022202'

2018-06-10 22:01:23 - [MESSAGE][PASSED] - All options with index in [6] are selected on object 'Object Repository/GRN/Page_KDMC - CMS/select_20182019202020212022202'

2018-06-10 22:01:23 - [TEST_STEP][PASSED] - selectOptionByIndex: All options with index in [6] are selected on object 'Object Repository/GRN/Page_KDMC - CMS/select_JanFebMarAprMayJunJulAu'

2018-06-10 22:01:23 - [MESSAGE][PASSED] - All options with index in [6] are selected on object 'Object Repository/GRN/Page_KDMC - CMS/select_JanFebMarAprMayJunJulAu'

2018-06-10 22:01:23 - [TEST_STEP][PASSED] - click: Object: 'Object Repository/MOH AND GRN/Page_KDMC - CMS/a_12' is clicked on

2018-06-10 22:01:23 - [MESSAGE][PASSED] - Object: 'Object Repository/MOH AND GRN/Page_KDMC - CMS/a_12' is clicked on

2018-06-10 22:01:23 - [TEST_STEP][PASSED] - click: Object: 'Object Repository/MOH AND GRN/Page_KDMC - CMS/input_btnadd' is clicked on

2018-06-10 22:01:23 - [MESSAGE][PASSED] - Object: 'Object Repository/MOH AND GRN/Page_KDMC - CMS/input_btnadd' is clicked on

2018-06-10 22:01:23 - [TEST_STEP][PASSED] - Statement - If (s == 10): null

2018-06-10 22:01:23 - [TEST_STEP][PASSED] - Statement - Else: null

2018-06-10 22:01:23 - [TEST_STEP][PASSED] - Statement - (s++): null

2018-06-10 22:01:23 - [TEST_STEP][PASSED] - delay: Delayed 1 second(s)

2018-06-10 22:01:24 - [MESSAGE][PASSED] - Delayed 1 second(s)

2018-06-10 22:01:24 - [TEST_STEP][PASSED] - selectOptionByIndex: All options with index in [7] are selected on object 'Object Repository/MOH AND GRN/Page_KDMC - CMS/select_--Select--Amikacin -500'

2018-06-10 22:01:24 - [MESSAGE][PASSED] - All options with index in [7] are selected on object 'Object Repository/MOH AND GRN/Page_KDMC - CMS/select_--Select--Amikacin -500'

2018-06-10 22:01:24 - [TEST_STEP][PASSED] - setText: Text '5000' is set on object 'Object Repository/MOH AND GRN/Page_KDMC - CMS/input_txtqty'

2018-06-10 22:01:24 - [MESSAGE][PASSED] - Text '5000' is set on object 'Object Repository/MOH AND GRN/Page_KDMC - CMS/input_txtqty'

2018-06-10 22:01:24 - [TEST_STEP][PASSED] - selectOptionByIndex: All options with index in [1] are selected on object 'Object Repository/MOH AND GRN/Page_KDMC - CMS/select_--Select--No Tax0'

2018-06-10 22:01:25 - [MESSAGE][PASSED] - All options with index in [1] are selected on object 'Object Repository/MOH AND GRN/Page_KDMC - CMS/select_--Select--No Tax0'

2018-06-10 22:01:25 - [TEST_STEP][PASSED] - setText: Finding Test Object with id 'Object Repository/MOH AND GRN/Page_KDMC - CMS/input_txtmrp'

2018-06-10 22:01:25 - [TEST_STEP][PASSED] - Statement - switch (id): Finding Test Object with id 'Object Repository/MOH AND GRN/Page_KDMC - CMS/input_txtdeal'

2018-06-10 22:01:25 - [TEST_STEP][PASSED] - Statement - case 4:: Text '23.0' is set on object 'Object Repository/MOH AND GRN/Page_KDMC - CMS/input_txtmrp'

2018-06-10 22:01:25 - [TEST_STEP][PASSED] - Statement - return (java.lang.Math.floor((java.lang.Math.random() * ((max - min) + 1))) + min): Text '23.0' is set on object 'Object Repository/MOH AND GRN/Page_KDMC - CMS/input_txtmrp'

2018-06-10 22:01:25 - [MESSAGE][PASSED] - Text '23.0' is set on object 'Object Repository/MOH AND GRN/Page_KDMC - CMS/input_txtmrp'

2018-06-10 22:01:25 - [TEST_STEP][PASSED] - setText: Finding Test Object with id 'Object Repository/MOH AND GRN/Page_KDMC - CMS/input_txtdeal'

2018-06-10 22:01:25 - [TEST_STEP][PASSED] - Statement - switch (id): Finding Test Object with id 'Object Repository/MOH AND GRN/Page_KDMC - CMS/input_txtbatchno'

2018-06-10 22:01:25 - [TEST_STEP][PASSED] - Statement - case 5:: Text '5.0' is set on object 'Object Repository/MOH AND GRN/Page_KDMC - CMS/input_txtdeal'

2018-06-10 22:01:25 - [TEST_STEP][PASSED] - Statement - return (java.lang.Math.floor((java.lang.Math.random() * ((max - min) + 1))) + min): Text '5.0' is set on object 'Object Repository/MOH AND GRN/Page_KDMC - CMS/input_txtdeal'

2018-06-10 22:01:25 - [MESSAGE][PASSED] - Text '5.0' is set on object 'Object Repository/MOH AND GRN/Page_KDMC - CMS/input_txtdeal'

2018-06-10 22:01:25 - [TEST_STEP][PASSED] - setText: Finding Test Object with id 'Object Repository/MOH AND GRN/Page_KDMC - CMS/input_txtbatchno'

2018-06-10 22:01:25 - [TEST_STEP][PASSED] - Statement - switch (id): Finding Test Object with id 'Object Repository/MOH AND GRN/Page_KDMC - CMS/input_txtmrp'

2018-06-10 22:01:25 - [TEST_STEP][PASSED] - Statement - case 1:: Text 'BA998.0' is set on object 'Object Repository/MOH AND GRN/Page_KDMC - CMS/input_txtbatchno'

2018-06-10 22:01:25 - [TEST_STEP][PASSED] - Statement - return (java.lang.Math.floor((java.lang.Math.random() * ((max - min) + 1))) + min): Text 'BA998.0' is set on object 'Object Repository/MOH AND GRN/Page_KDMC - CMS/input_txtbatchno'

2018-06-10 22:01:25 - [MESSAGE][PASSED] - Text 'BA998.0' is set on object 'Object Repository/MOH AND GRN/Page_KDMC - CMS/input_txtbatchno'

2018-06-10 22:01:25 - [TEST_STEP][PASSED] - rightClick: Object: 'Object Repository/GRN/Page_KDMC - CMS/input_txtexpdate' is right clicked on

2018-06-10 22:01:25 - [MESSAGE][PASSED] - Object: 'Object Repository/GRN/Page_KDMC - CMS/input_txtexpdate' is right clicked on

2018-06-10 22:01:25 - [TEST_STEP][PASSED] - selectOptionByIndex: All options with index in [7] are selected on object 'Object Repository/GRN/Page_KDMC - CMS/select_20182019202020212022202'

2018-06-10 22:01:25 - [MESSAGE][PASSED] - All options with index in [7] are selected on object 'Object Repository/GRN/Page_KDMC - CMS/select_20182019202020212022202'

2018-06-10 22:01:25 - [TEST_STEP][PASSED] - selectOptionByIndex: All options with index in [7] are selected on object 'Object Repository/GRN/Page_KDMC - CMS/select_JanFebMarAprMayJunJulAu'

2018-06-10 22:01:25 - [MESSAGE][PASSED] - All options with index in [7] are selected on object 'Object Repository/GRN/Page_KDMC - CMS/select_JanFebMarAprMayJunJulAu'

2018-06-10 22:01:25 - [TEST_STEP][PASSED] - click: Object: 'Object Repository/MOH AND GRN/Page_KDMC - CMS/a_12' is clicked on

2018-06-10 22:01:25 - [MESSAGE][PASSED] - Object: 'Object Repository/MOH AND GRN/Page_KDMC - CMS/a_12' is clicked on

2018-06-10 22:01:25 - [TEST_STEP][PASSED] - click: Object: 'Object Repository/MOH AND GRN/Page_KDMC - CMS/input_btnadd' is clicked on

2018-06-10 22:01:26 - [MESSAGE][PASSED] - Object: 'Object Repository/MOH AND GRN/Page_KDMC - CMS/input_btnadd' is clicked on

2018-06-10 22:01:26 - [TEST_STEP][PASSED] - Statement - If (s == 10): null

2018-06-10 22:01:26 - [TEST_STEP][PASSED] - Statement - Else: null

2018-06-10 22:01:26 - [TEST_STEP][PASSED] - Statement - (s++): null

2018-06-10 22:01:26 - [TEST_STEP][PASSED] - delay: Delayed 1 second(s)

2018-06-10 22:01:27 - [MESSAGE][PASSED] - Delayed 1 second(s)

2018-06-10 22:01:27 - [TEST_STEP][PASSED] - selectOptionByIndex: All options with index in [8] are selected on object 'Object Repository/MOH AND GRN/Page_KDMC - CMS/select_--Select--Amikacin -500'

2018-06-10 22:01:27 - [MESSAGE][PASSED] - All options with index in [8] are selected on object 'Object Repository/MOH AND GRN/Page_KDMC - CMS/select_--Select--Amikacin -500'

2018-06-10 22:01:27 - [TEST_STEP][PASSED] - setText: Text '5000' is set on object 'Object Repository/MOH AND GRN/Page_KDMC - CMS/input_txtqty'

2018-06-10 22:01:27 - [MESSAGE][PASSED] - Text '5000' is set on object 'Object Repository/MOH AND GRN/Page_KDMC - CMS/input_txtqty'

2018-06-10 22:01:27 - [TEST_STEP][PASSED] - selectOptionByIndex: All options with index in [1] are selected on object 'Object Repository/MOH AND GRN/Page_KDMC - CMS/select_--Select--No Tax0'

2018-06-10 22:01:27 - [MESSAGE][PASSED] - All options with index in [1] are selected on object 'Object Repository/MOH AND GRN/Page_KDMC - CMS/select_--Select--No Tax0'

2018-06-10 22:01:27 - [TEST_STEP][PASSED] - setText: Finding Test Object with id 'Object Repository/MOH AND GRN/Page_KDMC - CMS/input_txtmrp'

2018-06-10 22:01:27 - [TEST_STEP][PASSED] - Statement - switch (id): Finding Test Object with id 'Object Repository/MOH AND GRN/Page_KDMC - CMS/input_txtdeal'

2018-06-10 22:01:27 - [TEST_STEP][PASSED] - Statement - case 4:: Text '39.0' is set on object 'Object Repository/MOH AND GRN/Page_KDMC - CMS/input_txtmrp'

2018-06-10 22:01:27 - [TEST_STEP][PASSED] - Statement - return (java.lang.Math.floor((java.lang.Math.random() * ((max - min) + 1))) + min): Text '39.0' is set on object 'Object Repository/MOH AND GRN/Page_KDMC - CMS/input_txtmrp'

2018-06-10 22:01:27 - [MESSAGE][PASSED] - Text '39.0' is set on object 'Object Repository/MOH AND GRN/Page_KDMC - CMS/input_txtmrp'

2018-06-10 22:01:27 - [TEST_STEP][PASSED] - setText: Finding Test Object with id 'Object Repository/MOH AND GRN/Page_KDMC - CMS/input_txtdeal'

2018-06-10 22:01:27 - [TEST_STEP][PASSED] - Statement - switch (id): Finding Test Object with id 'Object Repository/MOH AND GRN/Page_KDMC - CMS/input_txtbatchno'

2018-06-10 22:01:27 - [TEST_STEP][PASSED] - Statement - case 5:: Text '8.0' is set on object 'Object Repository/MOH AND GRN/Page_KDMC - CMS/input_txtdeal'

2018-06-10 22:01:27 - [TEST_STEP][PASSED] - Statement - return (java.lang.Math.floor((java.lang.Math.random() * ((max - min) + 1))) + min): Text '8.0' is set on object 'Object Repository/MOH AND GRN/Page_KDMC - CMS/input_txtdeal'

2018-06-10 22:01:27 - [MESSAGE][PASSED] - Text '8.0' is set on object 'Object Repository/MOH AND GRN/Page_KDMC - CMS/input_txtdeal'

2018-06-10 22:01:27 - [TEST_STEP][PASSED] - setText: Finding Test Object with id 'Object Repository/MOH AND GRN/Page_KDMC - CMS/input_txtbatchno'

2018-06-10 22:01:27 - [TEST_STEP][PASSED] - Statement - switch (id): Finding Test Object with id 'Object Repository/MOH AND GRN/Page_KDMC - CMS/input_txtmrp'

2018-06-10 22:01:27 - [TEST_STEP][PASSED] - Statement - case 1:: Text 'BA472.0' is set on object 'Object Repository/MOH AND GRN/Page_KDMC - CMS/input_txtbatchno'

2018-06-10 22:01:27 - [TEST_STEP][PASSED] - Statement - return (java.lang.Math.floor((java.lang.Math.random() * ((max - min) + 1))) + min): Text 'BA472.0' is set on object 'Object Repository/MOH AND GRN/Page_KDMC - CMS/input_txtbatchno'

2018-06-10 22:01:27 - [MESSAGE][PASSED] - Text 'BA472.0' is set on object 'Object Repository/MOH AND GRN/Page_KDMC - CMS/input_txtbatchno'

2018-06-10 22:01:27 - [TEST_STEP][PASSED] - rightClick: Object: 'Object Repository/GRN/Page_KDMC - CMS/input_txtexpdate' is right clicked on

2018-06-10 22:01:27 - [MESSAGE][PASSED] - Object: 'Object Repository/GRN/Page_KDMC - CMS/input_txtexpdate' is right clicked on

2018-06-10 22:01:27 - [TEST_STEP][PASSED] - selectOptionByIndex: All options with index in [8] are selected on object 'Object Repository/GRN/Page_KDMC - CMS/select_20182019202020212022202'

2018-06-10 22:01:28 - [MESSAGE][PASSED] - All options with index in [8] are selected on object 'Object Repository/GRN/Page_KDMC - CMS/select_20182019202020212022202'

2018-06-10 22:01:28 - [TEST_STEP][PASSED] - selectOptionByIndex: All options with index in [8] are selected on object 'Object Repository/GRN/Page_KDMC - CMS/select_JanFebMarAprMayJunJulAu'

2018-06-10 22:01:28 - [MESSAGE][PASSED] - All options with index in [8] are selected on object 'Object Repository/GRN/Page_KDMC - CMS/select_JanFebMarAprMayJunJulAu'

2018-06-10 22:01:28 - [TEST_STEP][PASSED] - click: Object: 'Object Repository/MOH AND GRN/Page_KDMC - CMS/a_12' is clicked on

2018-06-10 22:01:28 - [MESSAGE][PASSED] - Object: 'Object Repository/MOH AND GRN/Page_KDMC - CMS/a_12' is clicked on

2018-06-10 22:01:28 - [TEST_STEP][PASSED] - click: Object: 'Object Repository/MOH AND GRN/Page_KDMC - CMS/input_btnadd' is clicked on

2018-06-10 22:01:28 - [MESSAGE][PASSED] - Object: 'Object Repository/MOH AND GRN/Page_KDMC - CMS/input_btnadd' is clicked on

2018-06-10 22:01:28 - [TEST_STEP][PASSED] - Statement - If (s == 10): null

2018-06-10 22:01:28 - [TEST_STEP][PASSED] - Statement - Else: null

2018-06-10 22:01:28 - [TEST_STEP][PASSED] - Statement - (s++): null

2018-06-10 22:01:28 - [TEST_STEP][PASSED] - delay: Delayed 1 second(s)

2018-06-10 22:01:29 - [MESSAGE][PASSED] - Delayed 1 second(s)

2018-06-10 22:01:29 - [TEST_STEP][PASSED] - selectOptionByIndex: All options with index in [9] are selected on object 'Object Repository/MOH AND GRN/Page_KDMC - CMS/select_--Select--Amikacin -500'

2018-06-10 22:01:29 - [MESSAGE][PASSED] - All options with index in [9] are selected on object 'Object Repository/MOH AND GRN/Page_KDMC - CMS/select_--Select--Amikacin -500'

2018-06-10 22:01:29 - [TEST_STEP][PASSED] - setText: Text '5000' is set on object 'Object Repository/MOH AND GRN/Page_KDMC - CMS/input_txtqty'

2018-06-10 22:01:29 - [MESSAGE][PASSED] - Text '5000' is set on object 'Object Repository/MOH AND GRN/Page_KDMC - CMS/input_txtqty'

2018-06-10 22:01:29 - [TEST_STEP][PASSED] - selectOptionByIndex: All options with index in [1] are selected on object 'Object Repository/MOH AND GRN/Page_KDMC - CMS/select_--Select--No Tax0'

2018-06-10 22:01:29 - [MESSAGE][PASSED] - All options with index in [1] are selected on object 'Object Repository/MOH AND GRN/Page_KDMC - CMS/select_--Select--No Tax0'

2018-06-10 22:01:29 - [TEST_STEP][PASSED] - setText: Finding Test Object with id 'Object Repository/MOH AND GRN/Page_KDMC - CMS/input_txtmrp'

2018-06-10 22:01:29 - [TEST_STEP][PASSED] - Statement - switch (id): Finding Test Object with id 'Object Repository/MOH AND GRN/Page_KDMC - CMS/input_txtdeal'

2018-06-10 22:01:29 - [TEST_STEP][PASSED] - Statement - case 4:: Text '21.0' is set on object 'Object Repository/MOH AND GRN/Page_KDMC - CMS/input_txtmrp'

2018-06-10 22:01:29 - [TEST_STEP][PASSED] - Statement - return (java.lang.Math.floor((java.lang.Math.random() * ((max - min) + 1))) + min): Text '21.0' is set on object 'Object Repository/MOH AND GRN/Page_KDMC - CMS/input_txtmrp'

2018-06-10 22:01:29 - [MESSAGE][PASSED] - Text '21.0' is set on object 'Object Repository/MOH AND GRN/Page_KDMC - CMS/input_txtmrp'

2018-06-10 22:01:29 - [TEST_STEP][PASSED] - setText: Finding Test Object with id 'Object Repository/MOH AND GRN/Page_KDMC - CMS/input_txtdeal'

2018-06-10 22:01:29 - [TEST_STEP][PASSED] - Statement - switch (id): Finding Test Object with id 'Object Repository/MOH AND GRN/Page_KDMC - CMS/input_txtbatchno'

2018-06-10 22:01:29 - [TEST_STEP][PASSED] - Statement - case 5:: Text '8.0' is set on object 'Object Repository/MOH AND GRN/Page_KDMC - CMS/input_txtdeal'

2018-06-10 22:01:29 - [TEST_STEP][PASSED] - Statement - return (java.lang.Math.floor((java.lang.Math.random() * ((max - min) + 1))) + min): Text '8.0' is set on object 'Object Repository/MOH AND GRN/Page_KDMC - CMS/input_txtdeal'

2018-06-10 22:01:30 - [MESSAGE][PASSED] - Text '8.0' is set on object 'Object Repository/MOH AND GRN/Page_KDMC - CMS/input_txtdeal'

2018-06-10 22:01:30 - [TEST_STEP][PASSED] - setText: Finding Test Object with id 'Object Repository/MOH AND GRN/Page_KDMC - CMS/input_txtbatchno'

2018-06-10 22:01:30 - [TEST_STEP][PASSED] - Statement - switch (id): Finding Test Object with id 'Object Repository/MOH AND GRN/Page_KDMC - CMS/input_txtmrp'

2018-06-10 22:01:30 - [TEST_STEP][PASSED] - Statement - case 1:: Text 'BA295.0' is set on object 'Object Repository/MOH AND GRN/Page_KDMC - CMS/input_txtbatchno'

2018-06-10 22:01:30 - [TEST_STEP][PASSED] - Statement - return (java.lang.Math.floor((java.lang.Math.random() * ((max - min) + 1))) + min): Text 'BA295.0' is set on object 'Object Repository/MOH AND GRN/Page_KDMC - CMS/input_txtbatchno'

2018-06-10 22:01:30 - [MESSAGE][PASSED] - Text 'BA295.0' is set on object 'Object Repository/MOH AND GRN/Page_KDMC - CMS/input_txtbatchno'

2018-06-10 22:01:30 - [TEST_STEP][PASSED] - rightClick: Object: 'Object Repository/GRN/Page_KDMC - CMS/input_txtexpdate' is right clicked on

2018-06-10 22:01:30 - [MESSAGE][PASSED] - Object: 'Object Repository/GRN/Page_KDMC - CMS/input_txtexpdate' is right clicked on

2018-06-10 22:01:30 - [TEST_STEP][PASSED] - selectOptionByIndex: All options with index in [9] are selected on object 'Object Repository/GRN/Page_KDMC - CMS/select_20182019202020212022202'

2018-06-10 22:01:30 - [MESSAGE][PASSED] - All options with index in [9] are selected on object 'Object Repository/GRN/Page_KDMC - CMS/select_20182019202020212022202'

2018-06-10 22:01:30 - [TEST_STEP][PASSED] - selectOptionByIndex: All options with index in [9] are selected on object 'Object Repository/GRN/Page_KDMC - CMS/select_JanFebMarAprMayJunJulAu'

2018-06-10 22:01:30 - [MESSAGE][PASSED] - All options with index in [9] are selected on object 'Object Repository/GRN/Page_KDMC - CMS/select_JanFebMarAprMayJunJulAu'

2018-06-10 22:01:30 - [TEST_STEP][PASSED] - click: Object: 'Object Repository/MOH AND GRN/Page_KDMC - CMS/a_12' is clicked on

2018-06-10 22:01:30 - [MESSAGE][PASSED] - Object: 'Object Repository/MOH AND GRN/Page_KDMC - CMS/a_12' is clicked on

2018-06-10 22:01:30 - [TEST_STEP][PASSED] - click: Object: 'Object Repository/MOH AND GRN/Page_KDMC - CMS/input_btnadd' is clicked on

2018-06-10 22:01:30 - [MESSAGE][PASSED] - Object: 'Object Repository/MOH AND GRN/Page_KDMC - CMS/input_btnadd' is clicked on

2018-06-10 22:01:30 - [TEST_STEP][PASSED] - Statement - If (s == 10): null

2018-06-10 22:01:30 - [TEST_STEP][PASSED] - Statement - Else: null

2018-06-10 22:01:30 - [TEST_STEP][PASSED] - Statement - (s++): null

2018-06-10 22:01:30 - [TEST_STEP][PASSED] - delay: Delayed 1 second(s)

2018-06-10 22:01:31 - [MESSAGE][PASSED] - Delayed 1 second(s)

2018-06-10 22:01:31 - [TEST_STEP][PASSED] - selectOptionByIndex: All options with index in [10] are selected on object 'Object Repository/MOH AND GRN/Page_KDMC - CMS/select_--Select--Amikacin -500'

2018-06-10 22:01:32 - [MESSAGE][PASSED] - All options with index in [10] are selected on object 'Object Repository/MOH AND GRN/Page_KDMC - CMS/select_--Select--Amikacin -500'

2018-06-10 22:01:32 - [TEST_STEP][PASSED] - setText: Text '5000' is set on object 'Object Repository/MOH AND GRN/Page_KDMC - CMS/input_txtqty'

2018-06-10 22:01:32 - [MESSAGE][PASSED] - Text '5000' is set on object 'Object Repository/MOH AND GRN/Page_KDMC - CMS/input_txtqty'

2018-06-10 22:01:32 - [TEST_STEP][PASSED] - selectOptionByIndex: All options with index in [1] are selected on object 'Object Repository/MOH AND GRN/Page_KDMC - CMS/select_--Select--No Tax0'

2018-06-10 22:01:32 - [MESSAGE][PASSED] - All options with index in [1] are selected on object 'Object Repository/MOH AND GRN/Page_KDMC - CMS/select_--Select--No Tax0'

2018-06-10 22:01:32 - [TEST_STEP][PASSED] - setText: Finding Test Object with id 'Object Repository/MOH AND GRN/Page_KDMC - CMS/input_txtmrp'

2018-06-10 22:01:32 - [TEST_STEP][PASSED] - Statement - switch (id): Finding Test Object with id 'Object Repository/MOH AND GRN/Page_KDMC - CMS/input_txtdeal'

2018-06-10 22:01:32 - [TEST_STEP][PASSED] - Statement - case 4:: Text '32.0' is set on object 'Object Repository/MOH AND GRN/Page_KDMC - CMS/input_txtmrp'

2018-06-10 22:01:32 - [TEST_STEP][PASSED] - Statement - return (java.lang.Math.floor((java.lang.Math.random() * ((max - min) + 1))) + min): Text '32.0' is set on object 'Object Repository/MOH AND GRN/Page_KDMC - CMS/input_txtmrp'

2018-06-10 22:01:32 - [MESSAGE][PASSED] - Text '32.0' is set on object 'Object Repository/MOH AND GRN/Page_KDMC - CMS/input_txtmrp'

2018-06-10 22:01:32 - [TEST_STEP][PASSED] - setText: Finding Test Object with id 'Object Repository/MOH AND GRN/Page_KDMC - CMS/input_txtdeal'

2018-06-10 22:01:32 - [TEST_STEP][PASSED] - Statement - switch (id): Finding Test Object with id 'Object Repository/MOH AND GRN/Page_KDMC - CMS/input_txtbatchno'

2018-06-10 22:01:32 - [TEST_STEP][PASSED] - Statement - case 5:: Text '1.0' is set on object 'Object Repository/MOH AND GRN/Page_KDMC - CMS/input_txtdeal'

2018-06-10 22:01:32 - [TEST_STEP][PASSED] - Statement - return (java.lang.Math.floor((java.lang.Math.random() * ((max - min) + 1))) + min): Text '1.0' is set on object 'Object Repository/MOH AND GRN/Page_KDMC - CMS/input_txtdeal'

2018-06-10 22:01:32 - [MESSAGE][PASSED] - Text '1.0' is set on object 'Object Repository/MOH AND GRN/Page_KDMC - CMS/input_txtdeal'

2018-06-10 22:01:32 - [TEST_STEP][PASSED] - setText: Finding Test Object with id 'Object Repository/MOH AND GRN/Page_KDMC - CMS/input_txtbatchno'

2018-06-10 22:01:32 - [TEST_STEP][PASSED] - Statement - switch (id): Finding Test Object with id 'Object Repository/MOH AND GRN/Page_KDMC - CMS/input_txtmrp'

2018-06-10 22:01:32 - [TEST_STEP][PASSED] - Statement - case 1:: Text 'BA423.0' is set on object 'Object Repository/MOH AND GRN/Page_KDMC - CMS/input_txtbatchno'

2018-06-10 22:01:32 - [TEST_STEP][PASSED] - Statement - return (java.lang.Math.floor((java.lang.Math.random() * ((max - min) + 1))) + min): Text 'BA423.0' is set on object 'Object Repository/MOH AND GRN/Page_KDMC - CMS/input_txtbatchno'

2018-06-10 22:01:32 - [MESSAGE][PASSED] - Text 'BA423.0' is set on object 'Object Repository/MOH AND GRN/Page_KDMC - CMS/input_txtbatchno'

2018-06-10 22:01:32 - [TEST_STEP][PASSED] - rightClick: Object: 'Object Repository/GRN/Page_KDMC - CMS/input_txtexpdate' is right clicked on

2018-06-10 22:01:32 - [MESSAGE][PASSED] - Object: 'Object Repository/GRN/Page_KDMC - CMS/input_txtexpdate' is right clicked on

2018-06-10 22:01:32 - [TEST_STEP][PASSED] - selectOptionByIndex: All options with index in [10] are selected on object 'Object Repository/GRN/Page_KDMC - CMS/select_20182019202020212022202'

2018-06-10 22:01:33 - [MESSAGE][PASSED] - All options with index in [10] are selected on object 'Object Repository/GRN/Page_KDMC - CMS/select_20182019202020212022202'

2018-06-10 22:01:33 - [TEST_STEP][PASSED] - selectOptionByIndex: All options with index in [10] are selected on object 'Object Repository/GRN/Page_KDMC - CMS/select_JanFebMarAprMayJunJulAu'

2018-06-10 22:01:33 - [MESSAGE][PASSED] - All options with index in [10] are selected on object 'Object Repository/GRN/Page_KDMC - CMS/select_JanFebMarAprMayJunJulAu'

2018-06-10 22:01:33 - [TEST_STEP][PASSED] - click: Object: 'Object Repository/MOH AND GRN/Page_KDMC - CMS/a_12' is clicked on

2018-06-10 22:01:33 - [MESSAGE][PASSED] - Object: 'Object Repository/MOH AND GRN/Page_KDMC - CMS/a_12' is clicked on

2018-06-10 22:01:33 - [TEST_STEP][PASSED] - click: Object: 'Object Repository/MOH AND GRN/Page_KDMC - CMS/input_btnadd' is clicked on

2018-06-10 22:01:33 - [MESSAGE][PASSED] - Object: 'Object Repository/MOH AND GRN/Page_KDMC - CMS/input_btnadd' is clicked on

2018-06-10 22:01:33 - [TEST_STEP][PASSED] - Statement - If (s == 10): null

2018-06-10 22:01:33 - [TEST_STEP][PASSED] - Statement - s = 1: null

2018-06-10 22:01:33 - [TEST_STEP][PASSED] - delay: Delayed 1 second(s)

2018-06-10 22:01:34 - [MESSAGE][PASSED] - Delayed 1 second(s)

2018-06-10 22:01:34 - [TEST_STEP][PASSED] - selectOptionByIndex: All options with index in [11] are selected on object 'Object Repository/MOH AND GRN/Page_KDMC - CMS/select_--Select--Amikacin -500'

2018-06-10 22:01:34 - [MESSAGE][PASSED] - All options with index in [11] are selected on object 'Object Repository/MOH AND GRN/Page_KDMC - CMS/select_--Select--Amikacin -500'

2018-06-10 22:01:34 - [TEST_STEP][PASSED] - setText: Text '5000' is set on object 'Object Repository/MOH AND GRN/Page_KDMC - CMS/input_txtqty'

2018-06-10 22:01:34 - [MESSAGE][PASSED] - Text '5000' is set on object 'Object Repository/MOH AND GRN/Page_KDMC - CMS/input_txtqty'

2018-06-10 22:01:34 - [TEST_STEP][PASSED] - selectOptionByIndex: All options with index in [1] are selected on object 'Object Repository/MOH AND GRN/Page_KDMC - CMS/select_--Select--No Tax0'

2018-06-10 22:01:34 - [MESSAGE][PASSED] - All options with index in [1] are selected on object 'Object Repository/MOH AND GRN/Page_KDMC - CMS/select_--Select--No Tax0'

2018-06-10 22:01:34 - [TEST_STEP][PASSED] - setText: Finding Test Object with id 'Object Repository/MOH AND GRN/Page_KDMC - CMS/input_txtmrp'

2018-06-10 22:01:34 - [TEST_STEP][PASSED] - Statement - switch (id): Finding Test Object with id 'Object Repository/MOH AND GRN/Page_KDMC - CMS/input_txtdeal'

2018-06-10 22:01:34 - [TEST_STEP][PASSED] - Statement - case 4:: Text '41.0' is set on object 'Object Repository/MOH AND GRN/Page_KDMC - CMS/input_txtmrp'

2018-06-10 22:01:34 - [TEST_STEP][PASSED] - Statement - return (java.lang.Math.floor((java.lang.Math.random() * ((max - min) + 1))) + min): Text '41.0' is set on object 'Object Repository/MOH AND GRN/Page_KDMC - CMS/input_txtmrp'

2018-06-10 22:01:35 - [MESSAGE][PASSED] - Text '41.0' is set on object 'Object Repository/MOH AND GRN/Page_KDMC - CMS/input_txtmrp'

2018-06-10 22:01:35 - [TEST_STEP][PASSED] - setText: Finding Test Object with id 'Object Repository/MOH AND GRN/Page_KDMC - CMS/input_txtdeal'

2018-06-10 22:01:35 - [TEST_STEP][PASSED] - Statement - switch (id): Finding Test Object with id 'Object Repository/MOH AND GRN/Page_KDMC - CMS/input_txtbatchno'

2018-06-10 22:01:35 - [TEST_STEP][PASSED] - Statement - case 5:: Text '2.0' is set on object 'Object Repository/MOH AND GRN/Page_KDMC - CMS/input_txtdeal'

2018-06-10 22:01:35 - [TEST_STEP][PASSED] - Statement - return (java.lang.Math.floor((java.lang.Math.random() * ((max - min) + 1))) + min): Text '2.0' is set on object 'Object Repository/MOH AND GRN/Page_KDMC - CMS/input_txtdeal'

2018-06-10 22:01:35 - [MESSAGE][PASSED] - Text '2.0' is set on object 'Object Repository/MOH AND GRN/Page_KDMC - CMS/input_txtdeal'

2018-06-10 22:01:35 - [TEST_STEP][PASSED] - setText: Finding Test Object with id 'Object Repository/MOH AND GRN/Page_KDMC - CMS/input_txtbatchno'

2018-06-10 22:01:35 - [TEST_STEP][PASSED] - Statement - switch (id): Finding Test Object with id 'Object Repository/MOH AND GRN/Page_KDMC - CMS/input_txtmrp'

2018-06-10 22:01:35 - [TEST_STEP][PASSED] - Statement - case 1:: Text 'BA976.0' is set on object 'Object Repository/MOH AND GRN/Page_KDMC - CMS/input_txtbatchno'

2018-06-10 22:01:35 - [TEST_STEP][PASSED] - Statement - return (java.lang.Math.floor((java.lang.Math.random() * ((max - min) + 1))) + min): Text 'BA976.0' is set on object 'Object Repository/MOH AND GRN/Page_KDMC - CMS/input_txtbatchno'

2018-06-10 22:01:35 - [MESSAGE][PASSED] - Text 'BA976.0' is set on object 'Object Repository/MOH AND GRN/Page_KDMC - CMS/input_txtbatchno'

2018-06-10 22:01:35 - [TEST_STEP][PASSED] - rightClick: Object: 'Object Repository/GRN/Page_KDMC - CMS/input_txtexpdate' is right clicked on

2018-06-10 22:01:35 - [MESSAGE][PASSED] - Object: 'Object Repository/GRN/Page_KDMC - CMS/input_txtexpdate' is right clicked on

2018-06-10 22:01:35 - [TEST_STEP][PASSED] - selectOptionByIndex: All options with index in [1] are selected on object 'Object Repository/GRN/Page_KDMC - CMS/select_20182019202020212022202'

2018-06-10 22:01:35 - [MESSAGE][PASSED] - All options with index in [1] are selected on object 'Object Repository/GRN/Page_KDMC - CMS/select_20182019202020212022202'

2018-06-10 22:01:35 - [TEST_STEP][PASSED] - selectOptionByIndex: All options with index in [1] are selected on object 'Object Repository/GRN/Page_KDMC - CMS/select_JanFebMarAprMayJunJulAu'

2018-06-10 22:01:35 - [MESSAGE][PASSED] - All options with index in [1] are selected on object 'Object Repository/GRN/Page_KDMC - CMS/select_JanFebMarAprMayJunJulAu'

2018-06-10 22:01:35 - [TEST_STEP][PASSED] - click: Object: 'Object Repository/MOH AND GRN/Page_KDMC - CMS/a_12' is clicked on

2018-06-10 22:01:35 - [MESSAGE][PASSED] - Object: 'Object Repository/MOH AND GRN/Page_KDMC - CMS/a_12' is clicked on

2018-06-10 22:01:35 - [TEST_STEP][PASSED] - click: Object: 'Object Repository/MOH AND GRN/Page_KDMC - CMS/input_btnadd' is clicked on

2018-06-10 22:01:35 - [MESSAGE][PASSED] - Object: 'Object Repository/MOH AND GRN/Page_KDMC - CMS/input_btnadd' is clicked on

2018-06-10 22:01:35 - [TEST_STEP][PASSED] - Statement - If (s == 10): null

2018-06-10 22:01:35 - [TEST_STEP][PASSED] - Statement - Else: null

2018-06-10 22:01:35 - [TEST_STEP][PASSED] - Statement - (s++): null

2018-06-10 22:01:35 - [TEST_STEP][PASSED] - delay: Delayed 1 second(s)

2018-06-10 22:01:36 - [MESSAGE][PASSED] - Delayed 1 second(s)

2018-06-10 22:01:36 - [TEST_STEP][PASSED] - selectOptionByIndex: All options with index in [12] are selected on object 'Object Repository/MOH AND GRN/Page_KDMC - CMS/select_--Select--Amikacin -500'

2018-06-10 22:01:37 - [MESSAGE][PASSED] - All options with index in [12] are selected on object 'Object Repository/MOH AND GRN/Page_KDMC - CMS/select_--Select--Amikacin -500'

2018-06-10 22:01:37 - [TEST_STEP][PASSED] - setText: Text '5000' is set on object 'Object Repository/MOH AND GRN/Page_KDMC - CMS/input_txtqty'

2018-06-10 22:01:37 - [MESSAGE][PASSED] - Text '5000' is set on object 'Object Repository/MOH AND GRN/Page_KDMC - CMS/input_txtqty'

2018-06-10 22:01:37 - [TEST_STEP][PASSED] - selectOptionByIndex: All options with index in [1] are selected on object 'Object Repository/MOH AND GRN/Page_KDMC - CMS/select_--Select--No Tax0'

2018-06-10 22:01:37 - [MESSAGE][PASSED] - All options with index in [1] are selected on object 'Object Repository/MOH AND GRN/Page_KDMC - CMS/select_--Select--No Tax0'

2018-06-10 22:01:37 - [TEST_STEP][PASSED] - setText: Finding Test Object with id 'Object Repository/MOH AND GRN/Page_KDMC - CMS/input_txtmrp'

2018-06-10 22:01:37 - [TEST_STEP][PASSED] - Statement - switch (id): Finding Test Object with id 'Object Repository/MOH AND GRN/Page_KDMC - CMS/input_txtdeal'

2018-06-10 22:01:37 - [TEST_STEP][PASSED] - Statement - case 4:: Text '29.0' is set on object 'Object Repository/MOH AND GRN/Page_KDMC - CMS/input_txtmrp'

2018-06-10 22:01:37 - [TEST_STEP][PASSED] - Statement - return (java.lang.Math.floor((java.lang.Math.random() * ((max - min) + 1))) + min): Text '29.0' is set on object 'Object Repository/MOH AND GRN/Page_KDMC - CMS/input_txtmrp'

2018-06-10 22:01:37 - [MESSAGE][PASSED] - Text '29.0' is set on object 'Object Repository/MOH AND GRN/Page_KDMC - CMS/input_txtmrp'

2018-06-10 22:01:37 - [TEST_STEP][PASSED] - setText: Finding Test Object with id 'Object Repository/MOH AND GRN/Page_KDMC - CMS/input_txtdeal'

2018-06-10 22:01:37 - [TEST_STEP][PASSED] - Statement - switch (id): Finding Test Object with id 'Object Repository/MOH AND GRN/Page_KDMC - CMS/input_txtbatchno'

2018-06-10 22:01:37 - [TEST_STEP][PASSED] - Statement - case 5:: Text '3.0' is set on object 'Object Repository/MOH AND GRN/Page_KDMC - CMS/input_txtdeal'

2018-06-10 22:01:37 - [TEST_STEP][PASSED] - Statement - return (java.lang.Math.floor((java.lang.Math.random() * ((max - min) + 1))) + min): Text '3.0' is set on object 'Object Repository/MOH AND GRN/Page_KDMC - CMS/input_txtdeal'

2018-06-10 22:01:37 - [MESSAGE][PASSED] - Text '3.0' is set on object 'Object Repository/MOH AND GRN/Page_KDMC - CMS/input_txtdeal'

2018-06-10 22:01:37 - [TEST_STEP][PASSED] - setText: Finding Test Object with id 'Object Repository/MOH AND GRN/Page_KDMC - CMS/input_txtbatchno'

2018-06-10 22:01:37 - [TEST_STEP][PASSED] - Statement - switch (id): Finding Test Object with id 'Object Repository/MOH AND GRN/Page_KDMC - CMS/input_txtmrp'

2018-06-10 22:01:37 - [TEST_STEP][PASSED] - Statement - case 1:: Text 'BA676.0' is set on object 'Object Repository/MOH AND GRN/Page_KDMC - CMS/input_txtbatchno'

2018-06-10 22:01:37 - [TEST_STEP][PASSED] - Statement - return (java.lang.Math.floor((java.lang.Math.random() * ((max - min) + 1))) + min): Text 'BA676.0' is set on object 'Object Repository/MOH AND GRN/Page_KDMC - CMS/input_txtbatchno'

2018-06-10 22:01:37 - [MESSAGE][PASSED] - Text 'BA676.0' is set on object 'Object Repository/MOH AND GRN/Page_KDMC - CMS/input_txtbatchno'

2018-06-10 22:01:37 - [TEST_STEP][PASSED] - rightClick: Object: 'Object Repository/GRN/Page_KDMC - CMS/input_txtexpdate' is right clicked on

2018-06-10 22:01:37 - [MESSAGE][PASSED] - Object: 'Object Repository/GRN/Page_KDMC - CMS/input_txtexpdate' is right clicked on

2018-06-10 22:01:37 - [TEST_STEP][PASSED] - selectOptionByIndex: All options with index in [2] are selected on object 'Object Repository/GRN/Page_KDMC - CMS/select_20182019202020212022202'

2018-06-10 22:01:37 - [MESSAGE][PASSED] - All options with index in [2] are selected on object 'Object Repository/GRN/Page_KDMC - CMS/select_20182019202020212022202'

2018-06-10 22:01:37 - [TEST_STEP][PASSED] - selectOptionByIndex: All options with index in [2] are selected on object 'Object Repository/GRN/Page_KDMC - CMS/select_JanFebMarAprMayJunJulAu'

2018-06-10 22:01:37 - [MESSAGE][PASSED] - All options with index in [2] are selected on object 'Object Repository/GRN/Page_KDMC - CMS/select_JanFebMarAprMayJunJulAu'

2018-06-10 22:01:37 - [TEST_STEP][PASSED] - click: Object: 'Object Repository/MOH AND GRN/Page_KDMC - CMS/a_12' is clicked on

2018-06-10 22:01:38 - [MESSAGE][PASSED] - Object: 'Object Repository/MOH AND GRN/Page_KDMC - CMS/a_12' is clicked on

2018-06-10 22:01:38 - [TEST_STEP][PASSED] - click: Object: 'Object Repository/MOH AND GRN/Page_KDMC - CMS/input_btnadd' is clicked on

2018-06-10 22:01:38 - [MESSAGE][PASSED] - Object: 'Object Repository/MOH AND GRN/Page_KDMC - CMS/input_btnadd' is clicked on

2018-06-10 22:01:38 - [TEST_STEP][PASSED] - Statement - If (s == 10): null

2018-06-10 22:01:38 - [TEST_STEP][PASSED] - Statement - Else: null

2018-06-10 22:01:38 - [TEST_STEP][PASSED] - Statement - (s++): null

2018-06-10 22:01:38 - [TEST_STEP][PASSED] - delay: Delayed 1 second(s)

2018-06-10 22:01:39 - [MESSAGE][PASSED] - Delayed 1 second(s)

2018-06-10 22:01:39 - [TEST_STEP][PASSED] - selectOptionByIndex: All options with index in [13] are selected on object 'Object Repository/MOH AND GRN/Page_KDMC - CMS/select_--Select--Amikacin -500'

2018-06-10 22:01:39 - [MESSAGE][PASSED] - All options with index in [13] are selected on object 'Object Repository/MOH AND GRN/Page_KDMC - CMS/select_--Select--Amikacin -500'

2018-06-10 22:01:39 - [TEST_STEP][PASSED] - setText: Text '5000' is set on object 'Object Repository/MOH AND GRN/Page_KDMC - CMS/input_txtqty'

2018-06-10 22:01:39 - [MESSAGE][PASSED] - Text '5000' is set on object 'Object Repository/MOH AND GRN/Page_KDMC - CMS/input_txtqty'

2018-06-10 22:01:39 - [TEST_STEP][PASSED] - selectOptionByIndex: All options with index in [1] are selected on object 'Object Repository/MOH AND GRN/Page_KDMC - CMS/select_--Select--No Tax0'

2018-06-10 22:01:39 - [MESSAGE][PASSED] - All options with index in [1] are selected on object 'Object Repository/MOH AND GRN/Page_KDMC - CMS/select_--Select--No Tax0'

2018-06-10 22:01:39 - [TEST_STEP][PASSED] - setText: Finding Test Object with id 'Object Repository/MOH AND GRN/Page_KDMC - CMS/input_txtmrp'

2018-06-10 22:01:39 - [TEST_STEP][PASSED] - Statement - switch (id): Finding Test Object with id 'Object Repository/MOH AND GRN/Page_KDMC - CMS/input_txtdeal'

2018-06-10 22:01:39 - [TEST_STEP][PASSED] - Statement - case 4:: Text '27.0' is set on object 'Object Repository/MOH AND GRN/Page_KDMC - CMS/input_txtmrp'

2018-06-10 22:01:39 - [TEST_STEP][PASSED] - Statement - return (java.lang.Math.floor((java.lang.Math.random() * ((max - min) + 1))) + min): Text '27.0' is set on object 'Object Repository/MOH AND GRN/Page_KDMC - CMS/input_txtmrp'

2018-06-10 22:01:39 - [MESSAGE][PASSED] - Text '27.0' is set on object 'Object Repository/MOH AND GRN/Page_KDMC - CMS/input_txtmrp'

2018-06-10 22:01:39 - [TEST_STEP][PASSED] - setText: Finding Test Object with id 'Object Repository/MOH AND GRN/Page_KDMC - CMS/input_txtdeal'

2018-06-10 22:01:39 - [TEST_STEP][PASSED] - Statement - switch (id): Finding Test Object with id 'Object Repository/MOH AND GRN/Page_KDMC - CMS/input_txtbatchno'

2018-06-10 22:01:39 - [TEST_STEP][PASSED] - Statement - case 5:: Text '2.0' is set on object 'Object Repository/MOH AND GRN/Page_KDMC - CMS/input_txtdeal'

2018-06-10 22:01:39 - [TEST_STEP][PASSED] - Statement - return (java.lang.Math.floor((java.lang.Math.random() * ((max - min) + 1))) + min): Text '2.0' is set on object 'Object Repository/MOH AND GRN/Page_KDMC - CMS/input_txtdeal'

2018-06-10 22:01:39 - [MESSAGE][PASSED] - Text '2.0' is set on object 'Object Repository/MOH AND GRN/Page_KDMC - CMS/input_txtdeal'

2018-06-10 22:01:39 - [TEST_STEP][PASSED] - setText: Finding Test Object with id 'Object Repository/MOH AND GRN/Page_KDMC - CMS/input_txtbatchno'

2018-06-10 22:01:39 - [TEST_STEP][PASSED] - Statement - switch (id): Finding Test Object with id 'Object Repository/MOH AND GRN/Page_KDMC - CMS/input_txtmrp'

2018-06-10 22:01:39 - [TEST_STEP][PASSED] - Statement - case 1:: Text 'BA182.0' is set on object 'Object Repository/MOH AND GRN/Page_KDMC - CMS/input_txtbatchno'

2018-06-10 22:01:39 - [TEST_STEP][PASSED] - Statement - return (java.lang.Math.floor((java.lang.Math.random() * ((max - min) + 1))) + min): Text 'BA182.0' is set on object 'Object Repository/MOH AND GRN/Page_KDMC - CMS/input_txtbatchno'

2018-06-10 22:01:39 - [MESSAGE][PASSED] - Text 'BA182.0' is set on object 'Object Repository/MOH AND GRN/Page_KDMC - CMS/input_txtbatchno'

2018-06-10 22:01:39 - [TEST_STEP][PASSED] - rightClick: Object: 'Object Repository/GRN/Page_KDMC - CMS/input_txtexpdate' is right clicked on

2018-06-10 22:01:40 - [MESSAGE][PASSED] - Object: 'Object Repository/GRN/Page_KDMC - CMS/input_txtexpdate' is right clicked on

2018-06-10 22:01:40 - [TEST_STEP][PASSED] - selectOptionByIndex: All options with index in [3] are selected on object 'Object Repository/GRN/Page_KDMC - CMS/select_20182019202020212022202'

2018-06-10 22:01:40 - [MESSAGE][PASSED] - All options with index in [3] are selected on object 'Object Repository/GRN/Page_KDMC - CMS/select_20182019202020212022202'

2018-06-10 22:01:40 - [TEST_STEP][PASSED] - selectOptionByIndex: All options with index in [3] are selected on object 'Object Repository/GRN/Page_KDMC - CMS/select_JanFebMarAprMayJunJulAu'

2018-06-10 22:01:40 - [MESSAGE][PASSED] - All options with index in [3] are selected on object 'Object Repository/GRN/Page_KDMC - CMS/select_JanFebMarAprMayJunJulAu'

2018-06-10 22:01:40 - [TEST_STEP][PASSED] - click: Object: 'Object Repository/MOH AND GRN/Page_KDMC - CMS/a_12' is clicked on

2018-06-10 22:01:40 - [MESSAGE][PASSED] - Object: 'Object Repository/MOH AND GRN/Page_KDMC - CMS/a_12' is clicked on

2018-06-10 22:01:40 - [TEST_STEP][PASSED] - click: Object: 'Object Repository/MOH AND GRN/Page_KDMC - CMS/input_btnadd' is clicked on

2018-06-10 22:01:40 - [MESSAGE][PASSED] - Object: 'Object Repository/MOH AND GRN/Page_KDMC - CMS/input_btnadd' is clicked on

2018-06-10 22:01:40 - [TEST_STEP][PASSED] - Statement - If (s == 10): null

2018-06-10 22:01:40 - [TEST_STEP][PASSED] - Statement - Else: null

2018-06-10 22:01:40 - [TEST_STEP][PASSED] - Statement - (s++): null

2018-06-10 22:01:40 - [TEST_STEP][PASSED] - delay: Delayed 1 second(s)

2018-06-10 22:01:41 - [MESSAGE][PASSED] - Delayed 1 second(s)

2018-06-10 22:01:41 - [TEST_STEP][PASSED] - selectOptionByIndex: All options with index in [14] are selected on object 'Object Repository/MOH AND GRN/Page_KDMC - CMS/select_--Select--Amikacin -500'

2018-06-10 22:01:41 - [MESSAGE][PASSED] - All options with index in [14] are selected on object 'Object Repository/MOH AND GRN/Page_KDMC - CMS/select_--Select--Amikacin -500'

2018-06-10 22:01:41 - [TEST_STEP][PASSED] - setText: Text '5000' is set on object 'Object Repository/MOH AND GRN/Page_KDMC - CMS/input_txtqty'

2018-06-10 22:01:41 - [MESSAGE][PASSED] - Text '5000' is set on object 'Object Repository/MOH AND GRN/Page_KDMC - CMS/input_txtqty'

2018-06-10 22:01:41 - [TEST_STEP][PASSED] - selectOptionByIndex: All options with index in [1] are selected on object 'Object Repository/MOH AND GRN/Page_KDMC - CMS/select_--Select--No Tax0'

2018-06-10 22:01:42 - [MESSAGE][PASSED] - All options with index in [1] are selected on object 'Object Repository/MOH AND GRN/Page_KDMC - CMS/select_--Select--No Tax0'

2018-06-10 22:01:42 - [TEST_STEP][PASSED] - setText: Finding Test Object with id 'Object Repository/MOH AND GRN/Page_KDMC - CMS/input_txtmrp'

2018-06-10 22:01:42 - [TEST_STEP][PASSED] - Statement - switch (id): Finding Test Object with id 'Object Repository/MOH AND GRN/Page_KDMC - CMS/input_txtdeal'

2018-06-10 22:01:42 - [TEST_STEP][PASSED] - Statement - case 4:: Text '40.0' is set on object 'Object Repository/MOH AND GRN/Page_KDMC - CMS/input_txtmrp'

2018-06-10 22:01:42 - [TEST_STEP][PASSED] - Statement - return (java.lang.Math.floor((java.lang.Math.random() * ((max - min) + 1))) + min): Text '40.0' is set on object 'Object Repository/MOH AND GRN/Page_KDMC - CMS/input_txtmrp'

2018-06-10 22:01:42 - [MESSAGE][PASSED] - Text '40.0' is set on object 'Object Repository/MOH AND GRN/Page_KDMC - CMS/input_txtmrp'

2018-06-10 22:01:42 - [TEST_STEP][PASSED] - setText: Finding Test Object with id 'Object Repository/MOH AND GRN/Page_KDMC - CMS/input_txtdeal'

2018-06-10 22:01:42 - [TEST_STEP][PASSED] - Statement - switch (id): Finding Test Object with id 'Object Repository/MOH AND GRN/Page_KDMC - CMS/input_txtbatchno'

2018-06-10 22:01:42 - [TEST_STEP][PASSED] - Statement - case 5:: Text '11.0' is set on object 'Object Repository/MOH AND GRN/Page_KDMC - CMS/input_txtdeal'

2018-06-10 22:01:42 - [TEST_STEP][PASSED] - Statement - return (java.lang.Math.floor((java.lang.Math.random() * ((max - min) + 1))) + min): Text '11.0' is set on object 'Object Repository/MOH AND GRN/Page_KDMC - CMS/input_txtdeal'

2018-06-10 22:01:42 - [MESSAGE][PASSED] - Text '11.0' is set on object 'Object Repository/MOH AND GRN/Page_KDMC - CMS/input_txtdeal'

2018-06-10 22:01:42 - [TEST_STEP][PASSED] - setText: Finding Test Object with id 'Object Repository/MOH AND GRN/Page_KDMC - CMS/input_txtbatchno'

2018-06-10 22:01:42 - [TEST_STEP][PASSED] - Statement - switch (id): Finding Test Object with id 'Object Repository/MOH AND GRN/Page_KDMC - CMS/input_txtmrp'

2018-06-10 22:01:42 - [TEST_STEP][PASSED] - Statement - case 1:: Text 'BA304.0' is set on object 'Object Repository/MOH AND GRN/Page_KDMC - CMS/input_txtbatchno'

2018-06-10 22:01:42 - [TEST_STEP][PASSED] - Statement - return (java.lang.Math.floor((java.lang.Math.random() * ((max - min) + 1))) + min): Text 'BA304.0' is set on object 'Object Repository/MOH AND GRN/Page_KDMC - CMS/input_txtbatchno'

2018-06-10 22:01:42 - [MESSAGE][PASSED] - Text 'BA304.0' is set on object 'Object Repository/MOH AND GRN/Page_KDMC - CMS/input_txtbatchno'

2018-06-10 22:01:42 - [TEST_STEP][PASSED] - rightClick: Object: 'Object Repository/GRN/Page_KDMC - CMS/input_txtexpdate' is right clicked on

2018-06-10 22:01:42 - [MESSAGE][PASSED] - Object: 'Object Repository/GRN/Page_KDMC - CMS/input_txtexpdate' is right clicked on

2018-06-10 22:01:42 - [TEST_STEP][PASSED] - selectOptionByIndex: All options with index in [4] are selected on object 'Object Repository/GRN/Page_KDMC - CMS/select_20182019202020212022202'

2018-06-10 22:01:42 - [MESSAGE][PASSED] - All options with index in [4] are selected on object 'Object Repository/GRN/Page_KDMC - CMS/select_20182019202020212022202'

2018-06-10 22:01:42 - [TEST_STEP][PASSED] - selectOptionByIndex: All options with index in [4] are selected on object 'Object Repository/GRN/Page_KDMC - CMS/select_JanFebMarAprMayJunJulAu'

2018-06-10 22:01:42 - [MESSAGE][PASSED] - All options with index in [4] are selected on object 'Object Repository/GRN/Page_KDMC - CMS/select_JanFebMarAprMayJunJulAu'

2018-06-10 22:01:42 - [TEST_STEP][PASSED] - click: Object: 'Object Repository/MOH AND GRN/Page_KDMC - CMS/a_12' is clicked on

2018-06-10 22:01:42 - [MESSAGE][PASSED] - Object: 'Object Repository/MOH AND GRN/Page_KDMC - CMS/a_12' is clicked on

2018-06-10 22:01:42 - [TEST_STEP][PASSED] - click: Object: 'Object Repository/MOH AND GRN/Page_KDMC - CMS/input_btnadd' is clicked on

2018-06-10 22:01:43 - [MESSAGE][PASSED] - Object: 'Object Repository/MOH AND GRN/Page_KDMC - CMS/input_btnadd' is clicked on

2018-06-10 22:01:43 - [TEST_STEP][PASSED] - Statement - If (s == 10): null

2018-06-10 22:01:43 - [TEST_STEP][PASSED] - Statement - Else: null

2018-06-10 22:01:43 - [TEST_STEP][PASSED] - Statement - (s++): null

2018-06-10 22:01:43 - [TEST_STEP][PASSED] - delay: Delayed 1 second(s)

2018-06-10 22:01:44 - [MESSAGE][PASSED] - Delayed 1 second(s)

2018-06-10 22:01:44 - [TEST_STEP][PASSED] - selectOptionByIndex: All options with index in [15] are selected on object 'Object Repository/MOH AND GRN/Page_KDMC - CMS/select_--Select--Amikacin -500'

2018-06-10 22:01:44 - [MESSAGE][PASSED] - All options with index in [15] are selected on object 'Object Repository/MOH AND GRN/Page_KDMC - CMS/select_--Select--Amikacin -500'

2018-06-10 22:01:44 - [TEST_STEP][PASSED] - setText: Text '5000' is set on object 'Object Repository/MOH AND GRN/Page_KDMC - CMS/input_txtqty'

2018-06-10 22:01:44 - [MESSAGE][PASSED] - Text '5000' is set on object 'Object Repository/MOH AND GRN/Page_KDMC - CMS/input_txtqty'

2018-06-10 22:01:44 - [TEST_STEP][PASSED] - selectOptionByIndex: All options with index in [1] are selected on object 'Object Repository/MOH AND GRN/Page_KDMC - CMS/select_--Select--No Tax0'

2018-06-10 22:01:44 - [MESSAGE][PASSED] - All options with index in [1] are selected on object 'Object Repository/MOH AND GRN/Page_KDMC - CMS/select_--Select--No Tax0'

2018-06-10 22:01:44 - [TEST_STEP][PASSED] - setText: Finding Test Object with id 'Object Repository/MOH AND GRN/Page_KDMC - CMS/input_txtmrp'

2018-06-10 22:01:44 - [TEST_STEP][PASSED] - Statement - switch (id): Finding Test Object with id 'Object Repository/MOH AND GRN/Page_KDMC - CMS/input_txtdeal'

2018-06-10 22:01:44 - [TEST_STEP][PASSED] - Statement - case 4:: Text '43.0' is set on object 'Object Repository/MOH AND GRN/Page_KDMC - CMS/input_txtmrp'

2018-06-10 22:01:44 - [TEST_STEP][PASSED] - Statement - return (java.lang.Math.floor((java.lang.Math.random() * ((max - min) + 1))) + min): Text '43.0' is set on object 'Object Repository/MOH AND GRN/Page_KDMC - CMS/input_txtmrp'

2018-06-10 22:01:44 - [MESSAGE][PASSED] - Text '43.0' is set on object 'Object Repository/MOH AND GRN/Page_KDMC - CMS/input_txtmrp'

2018-06-10 22:01:44 - [TEST_STEP][PASSED] - setText: Finding Test Object with id 'Object Repository/MOH AND GRN/Page_KDMC - CMS/input_txtdeal'

2018-06-10 22:01:44 - [TEST_STEP][PASSED] - Statement - switch (id): Finding Test Object with id 'Object Repository/MOH AND GRN/Page_KDMC - CMS/input_txtbatchno'

2018-06-10 22:01:44 - [TEST_STEP][PASSED] - Statement - case 5:: Text '7.0' is set on object 'Object Repository/MOH AND GRN/Page_KDMC - CMS/input_txtdeal'

2018-06-10 22:01:44 - [TEST_STEP][PASSED] - Statement - return (java.lang.Math.floor((java.lang.Math.random() * ((max - min) + 1))) + min): Text '7.0' is set on object 'Object Repository/MOH AND GRN/Page_KDMC - CMS/input_txtdeal'

2018-06-10 22:01:44 - [MESSAGE][PASSED] - Text '7.0' is set on object 'Object Repository/MOH AND GRN/Page_KDMC - CMS/input_txtdeal'

2018-06-10 22:01:44 - [TEST_STEP][PASSED] - setText: Finding Test Object with id 'Object Repository/MOH AND GRN/Page_KDMC - CMS/input_txtbatchno'

2018-06-10 22:01:44 - [TEST_STEP][PASSED] - Statement - switch (id): Finding Test Object with id 'Object Repository/MOH AND GRN/Page_KDMC - CMS/input_txtmrp'

2018-06-10 22:01:44 - [TEST_STEP][PASSED] - Statement - case 1:: Text 'BA917.0' is set on object 'Object Repository/MOH AND GRN/Page_KDMC - CMS/input_txtbatchno'

2018-06-10 22:01:44 - [TEST_STEP][PASSED] - Statement - return (java.lang.Math.floor((java.lang.Math.random() * ((max - min) + 1))) + min): Text 'BA917.0' is set on object 'Object Repository/MOH AND GRN/Page_KDMC - CMS/input_txtbatchno'

2018-06-10 22:01:44 - [MESSAGE][PASSED] - Text 'BA917.0' is set on object 'Object Repository/MOH AND GRN/Page_KDMC - CMS/input_txtbatchno'

2018-06-10 22:01:44 - [TEST_STEP][PASSED] - rightClick: Object: 'Object Repository/GRN/Page_KDMC - CMS/input_txtexpdate' is right clicked on

2018-06-10 22:01:44 - [MESSAGE][PASSED] - Object: 'Object Repository/GRN/Page_KDMC - CMS/input_txtexpdate' is right clicked on

2018-06-10 22:01:44 - [TEST_STEP][PASSED] - selectOptionByIndex: All options with index in [5] are selected on object 'Object Repository/GRN/Page_KDMC - CMS/select_20182019202020212022202'

2018-06-10 22:01:45 - [MESSAGE][PASSED] - All options with index in [5] are selected on object 'Object Repository/GRN/Page_KDMC - CMS/select_20182019202020212022202'

2018-06-10 22:01:45 - [TEST_STEP][PASSED] - selectOptionByIndex: All options with index in [5] are selected on object 'Object Repository/GRN/Page_KDMC - CMS/select_JanFebMarAprMayJunJulAu'

2018-06-10 22:01:45 - [MESSAGE][PASSED] - All options with index in [5] are selected on object 'Object Repository/GRN/Page_KDMC - CMS/select_JanFebMarAprMayJunJulAu'

2018-06-10 22:01:45 - [TEST_STEP][PASSED] - click: Object: 'Object Repository/MOH AND GRN/Page_KDMC - CMS/a_12' is clicked on

2018-06-10 22:01:45 - [MESSAGE][PASSED] - Object: 'Object Repository/MOH AND GRN/Page_KDMC - CMS/a_12' is clicked on

2018-06-10 22:01:45 - [TEST_STEP][PASSED] - click: Object: 'Object Repository/MOH AND GRN/Page_KDMC - CMS/input_btnadd' is clicked on

2018-06-10 22:01:45 - [MESSAGE][PASSED] - Object: 'Object Repository/MOH AND GRN/Page_KDMC - CMS/input_btnadd' is clicked on

2018-06-10 22:01:45 - [TEST_STEP][PASSED] - Statement - If (s == 10): null

2018-06-10 22:01:45 - [TEST_STEP][PASSED] - Statement - Else: null

2018-06-10 22:01:45 - [TEST_STEP][PASSED] - Statement - (s++): null

2018-06-10 22:01:45 - [TEST_STEP][PASSED] - delay: Delayed 1 second(s)

2018-06-10 22:01:46 - [MESSAGE][PASSED] - Delayed 1 second(s)

2018-06-10 22:01:46 - [TEST_STEP][PASSED] - selectOptionByIndex: All options with index in [16] are selected on object 'Object Repository/MOH AND GRN/Page_KDMC - CMS/select_--Select--Amikacin -500'

2018-06-10 22:01:46 - [MESSAGE][PASSED] - All options with index in [16] are selected on object 'Object Repository/MOH AND GRN/Page_KDMC - CMS/select_--Select--Amikacin -500'

2018-06-10 22:01:46 - [TEST_STEP][PASSED] - setText: Text '5000' is set on object 'Object Repository/MOH AND GRN/Page_KDMC - CMS/input_txtqty'

2018-06-10 22:01:46 - [MESSAGE][PASSED] - Text '5000' is set on object 'Object Repository/MOH AND GRN/Page_KDMC - CMS/input_txtqty'

2018-06-10 22:01:46 - [TEST_STEP][PASSED] - selectOptionByIndex: All options with index in [1] are selected on object 'Object Repository/MOH AND GRN/Page_KDMC - CMS/select_--Select--No Tax0'

2018-06-10 22:01:46 - [MESSAGE][PASSED] - All options with index in [1] are selected on object 'Object Repository/MOH AND GRN/Page_KDMC - CMS/select_--Select--No Tax0'

2018-06-10 22:01:46 - [TEST_STEP][PASSED] - setText: Finding Test Object with id 'Object Repository/MOH AND GRN/Page_KDMC - CMS/input_txtmrp'

2018-06-10 22:01:46 - [TEST_STEP][PASSED] - Statement - switch (id): Finding Test Object with id 'Object Repository/MOH AND GRN/Page_KDMC - CMS/input_txtdeal'

2018-06-10 22:01:46 - [TEST_STEP][PASSED] - Statement - case 4:: Text '36.0' is set on object 'Object Repository/MOH AND GRN/Page_KDMC - CMS/input_txtmrp'

2018-06-10 22:01:46 - [TEST_STEP][PASSED] - Statement - return (java.lang.Math.floor((java.lang.Math.random() * ((max - min) + 1))) + min): Text '36.0' is set on object 'Object Repository/MOH AND GRN/Page_KDMC - CMS/input_txtmrp'

2018-06-10 22:01:47 - [MESSAGE][PASSED] - Text '36.0' is set on object 'Object Repository/MOH AND GRN/Page_KDMC - CMS/input_txtmrp'

2018-06-10 22:01:47 - [TEST_STEP][PASSED] - setText: Finding Test Object with id 'Object Repository/MOH AND GRN/Page_KDMC - CMS/input_txtdeal'

2018-06-10 22:01:47 - [TEST_STEP][PASSED] - Statement - switch (id): Finding Test Object with id 'Object Repository/MOH AND GRN/Page_KDMC - CMS/input_txtbatchno'

2018-06-10 22:01:47 - [TEST_STEP][PASSED] - Statement - case 5:: Text '11.0' is set on object 'Object Repository/MOH AND GRN/Page_KDMC - CMS/input_txtdeal'

2018-06-10 22:01:47 - [TEST_STEP][PASSED] - Statement - return (java.lang.Math.floor((java.lang.Math.random() * ((max - min) + 1))) + min): Text '11.0' is set on object 'Object Repository/MOH AND GRN/Page_KDMC - CMS/input_txtdeal'

2018-06-10 22:01:47 - [MESSAGE][PASSED] - Text '11.0' is set on object 'Object Repository/MOH AND GRN/Page_KDMC - CMS/input_txtdeal'

2018-06-10 22:01:47 - [TEST_STEP][PASSED] - setText: Finding Test Object with id 'Object Repository/MOH AND GRN/Page_KDMC - CMS/input_txtbatchno'

2018-06-10 22:01:47 - [TEST_STEP][PASSED] - Statement - switch (id): Finding Test Object with id 'Object Repository/MOH AND GRN/Page_KDMC - CMS/input_txtmrp'

2018-06-10 22:01:47 - [TEST_STEP][PASSED] - Statement - case 1:: Text 'BA791.0' is set on object 'Object Repository/MOH AND GRN/Page_KDMC - CMS/input_txtbatchno'

2018-06-10 22:01:47 - [TEST_STEP][PASSED] - Statement - return (java.lang.Math.floor((java.lang.Math.random() * ((max - min) + 1))) + min): Text 'BA791.0' is set on object 'Object Repository/MOH AND GRN/Page_KDMC - CMS/input_txtbatchno'

2018-06-10 22:01:47 - [MESSAGE][PASSED] - Text 'BA791.0' is set on object 'Object Repository/MOH AND GRN/Page_KDMC - CMS/input_txtbatchno'

2018-06-10 22:01:47 - [TEST_STEP][PASSED] - rightClick: Object: 'Object Repository/GRN/Page_KDMC - CMS/input_txtexpdate' is right clicked on

2018-06-10 22:01:47 - [MESSAGE][PASSED] - Object: 'Object Repository/GRN/Page_KDMC - CMS/input_txtexpdate' is right clicked on

2018-06-10 22:01:47 - [TEST_STEP][PASSED] - selectOptionByIndex: All options with index in [6] are selected on object 'Object Repository/GRN/Page_KDMC - CMS/select_20182019202020212022202'

2018-06-10 22:01:47 - [MESSAGE][PASSED] - All options with index in [6] are selected on object 'Object Repository/GRN/Page_KDMC - CMS/select_20182019202020212022202'

2018-06-10 22:01:47 - [TEST_STEP][PASSED] - selectOptionByIndex: All options with index in [6] are selected on object 'Object Repository/GRN/Page_KDMC - CMS/select_JanFebMarAprMayJunJulAu'

2018-06-10 22:01:47 - [MESSAGE][PASSED] - All options with index in [6] are selected on object 'Object Repository/GRN/Page_KDMC - CMS/select_JanFebMarAprMayJunJulAu'

2018-06-10 22:01:47 - [TEST_STEP][PASSED] - click: Object: 'Object Repository/MOH AND GRN/Page_KDMC - CMS/a_12' is clicked on

2018-06-10 22:01:47 - [MESSAGE][PASSED] - Object: 'Object Repository/MOH AND GRN/Page_KDMC - CMS/a_12' is clicked on

2018-06-10 22:01:47 - [TEST_STEP][PASSED] - click: Object: 'Object Repository/MOH AND GRN/Page_KDMC - CMS/input_btnadd' is clicked on

2018-06-10 22:01:47 - [MESSAGE][PASSED] - Object: 'Object Repository/MOH AND GRN/Page_KDMC - CMS/input_btnadd' is clicked on

2018-06-10 22:01:47 - [TEST_STEP][PASSED] - Statement - If (s == 10): null

2018-06-10 22:01:47 - [TEST_STEP][PASSED] - Statement - Else: null

2018-06-10 22:01:47 - [TEST_STEP][PASSED] - Statement - (s++): null

2018-06-10 22:01:47 - [TEST_STEP][PASSED] - delay: Delayed 1 second(s)

2018-06-10 22:01:48 - [MESSAGE][PASSED] - Delayed 1 second(s)

2018-06-10 22:01:48 - [TEST_STEP][PASSED] - selectOptionByIndex: All options with index in [17] are selected on object 'Object Repository/MOH AND GRN/Page_KDMC - CMS/select_--Select--Amikacin -500'

2018-06-10 22:01:49 - [MESSAGE][PASSED] - All options with index in [17] are selected on object 'Object Repository/MOH AND GRN/Page_KDMC - CMS/select_--Select--Amikacin -500'

2018-06-10 22:01:49 - [TEST_STEP][PASSED] - setText: Text '5000' is set on object 'Object Repository/MOH AND GRN/Page_KDMC - CMS/input_txtqty'

2018-06-10 22:01:49 - [MESSAGE][PASSED] - Text '5000' is set on object 'Object Repository/MOH AND GRN/Page_KDMC - CMS/input_txtqty'

2018-06-10 22:01:49 - [TEST_STEP][PASSED] - selectOptionByIndex: All options with index in [1] are selected on object 'Object Repository/MOH AND GRN/Page_KDMC - CMS/select_--Select--No Tax0'

2018-06-10 22:01:49 - [MESSAGE][PASSED] - All options with index in [1] are selected on object 'Object Repository/MOH AND GRN/Page_KDMC - CMS/select_--Select--No Tax0'

2018-06-10 22:01:49 - [TEST_STEP][PASSED] - setText: Finding Test Object with id 'Object Repository/MOH AND GRN/Page_KDMC - CMS/input_txtmrp'

2018-06-10 22:01:49 - [TEST_STEP][PASSED] - Statement - switch (id): Finding Test Object with id 'Object Repository/MOH AND GRN/Page_KDMC - CMS/input_txtdeal'

2018-06-10 22:01:49 - [TEST_STEP][PASSED] - Statement - case 4:: Text '25.0' is set on object 'Object Repository/MOH AND GRN/Page_KDMC - CMS/input_txtmrp'

2018-06-10 22:01:49 - [TEST_STEP][PASSED] - Statement - return (java.lang.Math.floor((java.lang.Math.random() * ((max - min) + 1))) + min): Text '25.0' is set on object 'Object Repository/MOH AND GRN/Page_KDMC - CMS/input_txtmrp'

2018-06-10 22:01:49 - [MESSAGE][PASSED] - Text '25.0' is set on object 'Object Repository/MOH AND GRN/Page_KDMC - CMS/input_txtmrp'

2018-06-10 22:01:49 - [TEST_STEP][PASSED] - setText: Finding Test Object with id 'Object Repository/MOH AND GRN/Page_KDMC - CMS/input_txtdeal'

2018-06-10 22:01:49 - [TEST_STEP][PASSED] - Statement - switch (id): Finding Test Object with id 'Object Repository/MOH AND GRN/Page_KDMC - CMS/input_txtbatchno'

2018-06-10 22:01:49 - [TEST_STEP][PASSED] - Statement - case 5:: Text '8.0' is set on object 'Object Repository/MOH AND GRN/Page_KDMC - CMS/input_txtdeal'

2018-06-10 22:01:49 - [TEST_STEP][PASSED] - Statement - return (java.lang.Math.floor((java.lang.Math.random() * ((max - min) + 1))) + min): Text '8.0' is set on object 'Object Repository/MOH AND GRN/Page_KDMC - CMS/input_txtdeal'

2018-06-10 22:01:49 - [MESSAGE][PASSED] - Text '8.0' is set on object 'Object Repository/MOH AND GRN/Page_KDMC - CMS/input_txtdeal'

2018-06-10 22:01:49 - [TEST_STEP][PASSED] - setText: Finding Test Object with id 'Object Repository/MOH AND GRN/Page_KDMC - CMS/input_txtbatchno'

2018-06-10 22:01:49 - [TEST_STEP][PASSED] - Statement - switch (id): Finding Test Object with id 'Object Repository/MOH AND GRN/Page_KDMC - CMS/input_txtmrp'

2018-06-10 22:01:49 - [TEST_STEP][PASSED] - Statement - case 1:: Text 'BA335.0' is set on object 'Object Repository/MOH AND GRN/Page_KDMC - CMS/input_txtbatchno'

2018-06-10 22:01:49 - [TEST_STEP][PASSED] - Statement - return (java.lang.Math.floor((java.lang.Math.random() * ((max - min) + 1))) + min): Text 'BA335.0' is set on object 'Object Repository/MOH AND GRN/Page_KDMC - CMS/input_txtbatchno'

2018-06-10 22:01:49 - [MESSAGE][PASSED] - Text 'BA335.0' is set on object 'Object Repository/MOH AND GRN/Page_KDMC - CMS/input_txtbatchno'

2018-06-10 22:01:49 - [TEST_STEP][PASSED] - rightClick: Object: 'Object Repository/GRN/Page_KDMC - CMS/input_txtexpdate' is right clicked on

2018-06-10 22:01:49 - [MESSAGE][PASSED] - Object: 'Object Repository/GRN/Page_KDMC - CMS/input_txtexpdate' is right clicked on

2018-06-10 22:01:49 - [TEST_STEP][PASSED] - selectOptionByIndex: All options with index in [7] are selected on object 'Object Repository/GRN/Page_KDMC - CMS/select_20182019202020212022202'

2018-06-10 22:01:50 - [MESSAGE][PASSED] - All options with index in [7] are selected on object 'Object Repository/GRN/Page_KDMC - CMS/select_20182019202020212022202'

2018-06-10 22:01:50 - [TEST_STEP][PASSED] - selectOptionByIndex: All options with index in [7] are selected on object 'Object Repository/GRN/Page_KDMC - CMS/select_JanFebMarAprMayJunJulAu'

2018-06-10 22:01:50 - [MESSAGE][PASSED] - All options with index in [7] are selected on object 'Object Repository/GRN/Page_KDMC - CMS/select_JanFebMarAprMayJunJulAu'

2018-06-10 22:01:50 - [TEST_STEP][PASSED] - click: Object: 'Object Repository/MOH AND GRN/Page_KDMC - CMS/a_12' is clicked on

2018-06-10 22:01:50 - [MESSAGE][PASSED] - Object: 'Object Repository/MOH AND GRN/Page_KDMC - CMS/a_12' is clicked on

2018-06-10 22:01:50 - [TEST_STEP][PASSED] - click: Object: 'Object Repository/MOH AND GRN/Page_KDMC - CMS/input_btnadd' is clicked on

2018-06-10 22:01:50 - [MESSAGE][PASSED] - Object: 'Object Repository/MOH AND GRN/Page_KDMC - CMS/input_btnadd' is clicked on

2018-06-10 22:01:50 - [TEST_STEP][PASSED] - Statement - If (s == 10): null

2018-06-10 22:01:50 - [TEST_STEP][PASSED] - Statement - Else: null

2018-06-10 22:01:50 - [TEST_STEP][PASSED] - Statement - (s++): null

2018-06-10 22:01:50 - [TEST_STEP][PASSED] - delay: Delayed 1 second(s)

2018-06-10 22:01:51 - [MESSAGE][PASSED] - Delayed 1 second(s)

2018-06-10 22:01:51 - [TEST_STEP][PASSED] - selectOptionByIndex: All options with index in [18] are selected on object 'Object Repository/MOH AND GRN/Page_KDMC - CMS/select_--Select--Amikacin -500'

2018-06-10 22:01:51 - [MESSAGE][PASSED] - All options with index in [18] are selected on object 'Object Repository/MOH AND GRN/Page_KDMC - CMS/select_--Select--Amikacin -500'

2018-06-10 22:01:51 - [TEST_STEP][PASSED] - setText: Text '5000' is set on object 'Object Repository/MOH AND GRN/Page_KDMC - CMS/input_txtqty'

2018-06-10 22:01:51 - [MESSAGE][PASSED] - Text '5000' is set on object 'Object Repository/MOH AND GRN/Page_KDMC - CMS/input_txtqty'

2018-06-10 22:01:51 - [TEST_STEP][PASSED] - selectOptionByIndex: All options with index in [1] are selected on object 'Object Repository/MOH AND GRN/Page_KDMC - CMS/select_--Select--No Tax0'

2018-06-10 22:01:51 - [MESSAGE][PASSED] - All options with index in [1] are selected on object 'Object Repository/MOH AND GRN/Page_KDMC - CMS/select_--Select--No Tax0'

2018-06-10 22:01:51 - [TEST_STEP][PASSED] - setText: Finding Test Object with id 'Object Repository/MOH AND GRN/Page_KDMC - CMS/input_txtmrp'

2018-06-10 22:01:52 - [TEST_STEP][PASSED] - Statement - switch (id): Finding Test Object with id 'Object Repository/MOH AND GRN/Page_KDMC - CMS/input_txtdeal'

2018-06-10 22:01:52 - [TEST_STEP][PASSED] - Statement - case 4:: Text '38.0' is set on object 'Object Repository/MOH AND GRN/Page_KDMC - CMS/input_txtmrp'

2018-06-10 22:01:52 - [TEST_STEP][PASSED] - Statement - return (java.lang.Math.floor((java.lang.Math.random() * ((max - min) + 1))) + min): Text '38.0' is set on object 'Object Repository/MOH AND GRN/Page_KDMC - CMS/input_txtmrp'

2018-06-10 22:01:52 - [MESSAGE][PASSED] - Text '38.0' is set on object 'Object Repository/MOH AND GRN/Page_KDMC - CMS/input_txtmrp'

2018-06-10 22:01:52 - [TEST_STEP][PASSED] - setText: Finding Test Object with id 'Object Repository/MOH AND GRN/Page_KDMC - CMS/input_txtdeal'

2018-06-10 22:01:52 - [TEST_STEP][PASSED] - Statement - switch (id): Finding Test Object with id 'Object Repository/MOH AND GRN/Page_KDMC - CMS/input_txtbatchno'

2018-06-10 22:01:52 - [TEST_STEP][PASSED] - Statement - case 5:: Text '12.0' is set on object 'Object Repository/MOH AND GRN/Page_KDMC - CMS/input_txtdeal'

2018-06-10 22:01:52 - [TEST_STEP][PASSED] - Statement - return (java.lang.Math.floor((java.lang.Math.random() * ((max - min) + 1))) + min): Text '12.0' is set on object 'Object Repository/MOH AND GRN/Page_KDMC - CMS/input_txtdeal'

2018-06-10 22:01:52 - [MESSAGE][PASSED] - Text '12.0' is set on object 'Object Repository/MOH AND GRN/Page_KDMC - CMS/input_txtdeal'

2018-06-10 22:01:52 - [TEST_STEP][PASSED] - setText: Finding Test Object with id 'Object Repository/MOH AND GRN/Page_KDMC - CMS/input_txtbatchno'

2018-06-10 22:01:52 - [TEST_STEP][PASSED] - Statement - switch (id): Finding Test Object with id 'Object Repository/MOH AND GRN/Page_KDMC - CMS/input_txtmrp'

2018-06-10 22:01:52 - [TEST_STEP][PASSED] - Statement - case 1:: Text 'BA444.0' is set on object 'Object Repository/MOH AND GRN/Page_KDMC - CMS/input_txtbatchno'

2018-06-10 22:01:52 - [TEST_STEP][PASSED] - Statement - return (java.lang.Math.floor((java.lang.Math.random() * ((max - min) + 1))) + min): Text 'BA444.0' is set on object 'Object Repository/MOH AND GRN/Page_KDMC - CMS/input_txtbatchno'

2018-06-10 22:01:52 - [MESSAGE][PASSED] - Text 'BA444.0' is set on object 'Object Repository/MOH AND GRN/Page_KDMC - CMS/input_txtbatchno'

2018-06-10 22:01:52 - [TEST_STEP][PASSED] - rightClick: Object: 'Object Repository/GRN/Page_KDMC - CMS/input_txtexpdate' is right clicked on

2018-06-10 22:01:52 - [MESSAGE][PASSED] - Object: 'Object Repository/GRN/Page_KDMC - CMS/input_txtexpdate' is right clicked on

2018-06-10 22:01:52 - [TEST_STEP][PASSED] - selectOptionByIndex: All options with index in [8] are selected on object 'Object Repository/GRN/Page_KDMC - CMS/select_20182019202020212022202'

2018-06-10 22:01:52 - [MESSAGE][PASSED] - All options with index in [8] are selected on object 'Object Repository/GRN/Page_KDMC - CMS/select_20182019202020212022202'

2018-06-10 22:01:52 - [TEST_STEP][PASSED] - selectOptionByIndex: All options with index in [8] are selected on object 'Object Repository/GRN/Page_KDMC - CMS/select_JanFebMarAprMayJunJulAu'

2018-06-10 22:01:52 - [MESSAGE][PASSED] - All options with index in [8] are selected on object 'Object Repository/GRN/Page_KDMC - CMS/select_JanFebMarAprMayJunJulAu'

2018-06-10 22:01:52 - [TEST_STEP][PASSED] - click: Object: 'Object Repository/MOH AND GRN/Page_KDMC - CMS/a_12' is clicked on

2018-06-10 22:01:52 - [MESSAGE][PASSED] - Object: 'Object Repository/MOH AND GRN/Page_KDMC - CMS/a_12' is clicked on

2018-06-10 22:01:52 - [TEST_STEP][PASSED] - click: Object: 'Object Repository/MOH AND GRN/Page_KDMC - CMS/input_btnadd' is clicked on

2018-06-10 22:01:52 - [MESSAGE][PASSED] - Object: 'Object Repository/MOH AND GRN/Page_KDMC - CMS/input_btnadd' is clicked on

2018-06-10 22:01:52 - [TEST_STEP][PASSED] - Statement - If (s == 10): null

2018-06-10 22:01:52 - [TEST_STEP][PASSED] - Statement - Else: null

2018-06-10 22:01:52 - [TEST_STEP][PASSED] - Statement - (s++): null

2018-06-10 22:01:52 - [TEST_STEP][PASSED] - delay: Delayed 1 second(s)

2018-06-10 22:01:53 - [MESSAGE][PASSED] - Delayed 1 second(s)

2018-06-10 22:01:53 - [TEST_STEP][PASSED] - selectOptionByIndex: All options with index in [19] are selected on object 'Object Repository/MOH AND GRN/Page_KDMC - CMS/select_--Select--Amikacin -500'

2018-06-10 22:01:54 - [MESSAGE][PASSED] - All options with index in [19] are selected on object 'Object Repository/MOH AND GRN/Page_KDMC - CMS/select_--Select--Amikacin -500'

2018-06-10 22:01:54 - [TEST_STEP][PASSED] - setText: Text '5000' is set on object 'Object Repository/MOH AND GRN/Page_KDMC - CMS/input_txtqty'

2018-06-10 22:01:54 - [MESSAGE][PASSED] - Text '5000' is set on object 'Object Repository/MOH AND GRN/Page_KDMC - CMS/input_txtqty'

2018-06-10 22:01:54 - [TEST_STEP][PASSED] - selectOptionByIndex: All options with index in [1] are selected on object 'Object Repository/MOH AND GRN/Page_KDMC - CMS/select_--Select--No Tax0'

2018-06-10 22:01:54 - [MESSAGE][PASSED] - All options with index in [1] are selected on object 'Object Repository/MOH AND GRN/Page_KDMC - CMS/select_--Select--No Tax0'

2018-06-10 22:01:54 - [TEST_STEP][PASSED] - setText: Finding Test Object with id 'Object Repository/MOH AND GRN/Page_KDMC - CMS/input_txtmrp'

2018-06-10 22:01:54 - [TEST_STEP][PASSED] - Statement - switch (id): Finding Test Object with id 'Object Repository/MOH AND GRN/Page_KDMC - CMS/input_txtdeal'

2018-06-10 22:01:54 - [TEST_STEP][PASSED] - Statement - case 4:: Text '16.0' is set on object 'Object Repository/MOH AND GRN/Page_KDMC - CMS/input_txtmrp'

2018-06-10 22:01:54 - [TEST_STEP][PASSED] - Statement - return (java.lang.Math.floor((java.lang.Math.random() * ((max - min) + 1))) + min): Text '16.0' is set on object 'Object Repository/MOH AND GRN/Page_KDMC - CMS/input_txtmrp'

2018-06-10 22:01:54 - [MESSAGE][PASSED] - Text '16.0' is set on object 'Object Repository/MOH AND GRN/Page_KDMC - CMS/input_txtmrp'

2018-06-10 22:01:54 - [TEST_STEP][PASSED] - setText: Finding Test Object with id 'Object Repository/MOH AND GRN/Page_KDMC - CMS/input_txtdeal'

2018-06-10 22:01:54 - [TEST_STEP][PASSED] - Statement - switch (id): Finding Test Object with id 'Object Repository/MOH AND GRN/Page_KDMC - CMS/input_txtbatchno'

2018-06-10 22:01:54 - [TEST_STEP][PASSED] - Statement - case 5:: Text '3.0' is set on object 'Object Repository/MOH AND GRN/Page_KDMC - CMS/input_txtdeal'

2018-06-10 22:01:54 - [TEST_STEP][PASSED] - Statement - return (java.lang.Math.floor((java.lang.Math.random() * ((max - min) + 1))) + min): Text '3.0' is set on object 'Object Repository/MOH AND GRN/Page_KDMC - CMS/input_txtdeal'

2018-06-10 22:01:54 - [MESSAGE][PASSED] - Text '3.0' is set on object 'Object Repository/MOH AND GRN/Page_KDMC - CMS/input_txtdeal'

2018-06-10 22:01:54 - [TEST_STEP][PASSED] - setText: Finding Test Object with id 'Object Repository/MOH AND GRN/Page_KDMC - CMS/input_txtbatchno'

2018-06-10 22:01:54 - [TEST_STEP][PASSED] - Statement - switch (id): Finding Test Object with id 'Object Repository/MOH AND GRN/Page_KDMC - CMS/input_txtmrp'

2018-06-10 22:01:54 - [TEST_STEP][PASSED] - Statement - case 1:: Text 'BA870.0' is set on object 'Object Repository/MOH AND GRN/Page_KDMC - CMS/input_txtbatchno'

2018-06-10 22:01:54 - [TEST_STEP][PASSED] - Statement - return (java.lang.Math.floor((java.lang.Math.random() * ((max - min) + 1))) + min): Text 'BA870.0' is set on object 'Object Repository/MOH AND GRN/Page_KDMC - CMS/input_txtbatchno'

2018-06-10 22:01:54 - [MESSAGE][PASSED] - Text 'BA870.0' is set on object 'Object Repository/MOH AND GRN/Page_KDMC - CMS/input_txtbatchno'

2018-06-10 22:01:54 - [TEST_STEP][PASSED] - rightClick: Object: 'Object Repository/GRN/Page_KDMC - CMS/input_txtexpdate' is right clicked on

2018-06-10 22:01:54 - [MESSAGE][PASSED] - Object: 'Object Repository/GRN/Page_KDMC - CMS/input_txtexpdate' is right clicked on

2018-06-10 22:01:54 - [TEST_STEP][PASSED] - selectOptionByIndex: All options with index in [9] are selected on object 'Object Repository/GRN/Page_KDMC - CMS/select_20182019202020212022202'

2018-06-10 22:01:55 - [MESSAGE][PASSED] - All options with index in [9] are selected on object 'Object Repository/GRN/Page_KDMC - CMS/select_20182019202020212022202'

2018-06-10 22:01:55 - [TEST_STEP][PASSED] - selectOptionByIndex: All options with index in [9] are selected on object 'Object Repository/GRN/Page_KDMC - CMS/select_JanFebMarAprMayJunJulAu'

2018-06-10 22:01:55 - [MESSAGE][PASSED] - All options with index in [9] are selected on object 'Object Repository/GRN/Page_KDMC - CMS/select_JanFebMarAprMayJunJulAu'

2018-06-10 22:01:55 - [TEST_STEP][PASSED] - click: Object: 'Object Repository/MOH AND GRN/Page_KDMC - CMS/a_12' is clicked on

2018-06-10 22:01:55 - [MESSAGE][PASSED] - Object: 'Object Repository/MOH AND GRN/Page_KDMC - CMS/a_12' is clicked on

2018-06-10 22:01:55 - [TEST_STEP][PASSED] - click: Object: 'Object Repository/MOH AND GRN/Page_KDMC - CMS/input_btnadd' is clicked on

2018-06-10 22:01:55 - [MESSAGE][PASSED] - Object: 'Object Repository/MOH AND GRN/Page_KDMC - CMS/input_btnadd' is clicked on

2018-06-10 22:01:55 - [TEST_STEP][PASSED] - Statement - If (s == 10): null

2018-06-10 22:01:55 - [TEST_STEP][PASSED] - Statement - Else: null

2018-06-10 22:01:55 - [TEST_STEP][PASSED] - Statement - (s++): null

2018-06-10 22:01:55 - [TEST_STEP][PASSED] - delay: Delayed 1 second(s)

2018-06-10 22:01:56 - [MESSAGE][PASSED] - Delayed 1 second(s)

2018-06-10 22:01:56 - [TEST_STEP][PASSED] - selectOptionByIndex: All options with index in [20] are selected on object 'Object Repository/MOH AND GRN/Page_KDMC - CMS/select_--Select--Amikacin -500'

2018-06-10 22:01:56 - [MESSAGE][PASSED] - All options with index in [20] are selected on object 'Object Repository/MOH AND GRN/Page_KDMC - CMS/select_--Select--Amikacin -500'

2018-06-10 22:01:56 - [TEST_STEP][PASSED] - setText: Text '5000' is set on object 'Object Repository/MOH AND GRN/Page_KDMC - CMS/input_txtqty'

2018-06-10 22:01:56 - [MESSAGE][PASSED] - Text '5000' is set on object 'Object Repository/MOH AND GRN/Page_KDMC - CMS/input_txtqty'

2018-06-10 22:01:56 - [TEST_STEP][PASSED] - selectOptionByIndex: All options with index in [1] are selected on object 'Object Repository/MOH AND GRN/Page_KDMC - CMS/select_--Select--No Tax0'

2018-06-10 22:01:57 - [MESSAGE][PASSED] - All options with index in [1] are selected on object 'Object Repository/MOH AND GRN/Page_KDMC - CMS/select_--Select--No Tax0'

2018-06-10 22:01:57 - [TEST_STEP][PASSED] - setText: Finding Test Object with id 'Object Repository/MOH AND GRN/Page_KDMC - CMS/input_txtmrp'

2018-06-10 22:01:57 - [TEST_STEP][PASSED] - Statement - switch (id): Finding Test Object with id 'Object Repository/MOH AND GRN/Page_KDMC - CMS/input_txtdeal'

2018-06-10 22:01:57 - [TEST_STEP][PASSED] - Statement - case 4:: Text '30.0' is set on object 'Object Repository/MOH AND GRN/Page_KDMC - CMS/input_txtmrp'

2018-06-10 22:01:57 - [TEST_STEP][PASSED] - Statement - return (java.lang.Math.floor((java.lang.Math.random() * ((max - min) + 1))) + min): Text '30.0' is set on object 'Object Repository/MOH AND GRN/Page_KDMC - CMS/input_txtmrp'

2018-06-10 22:01:57 - [MESSAGE][PASSED] - Text '30.0' is set on object 'Object Repository/MOH AND GRN/Page_KDMC - CMS/input_txtmrp'

2018-06-10 22:01:57 - [TEST_STEP][PASSED] - setText: Finding Test Object with id 'Object Repository/MOH AND GRN/Page_KDMC - CMS/input_txtdeal'

2018-06-10 22:01:57 - [TEST_STEP][PASSED] - Statement - switch (id): Finding Test Object with id 'Object Repository/MOH AND GRN/Page_KDMC - CMS/input_txtbatchno'

2018-06-10 22:01:57 - [TEST_STEP][PASSED] - Statement - case 5:: Text '5.0' is set on object 'Object Repository/MOH AND GRN/Page_KDMC - CMS/input_txtdeal'

2018-06-10 22:01:57 - [TEST_STEP][PASSED] - Statement - return (java.lang.Math.floor((java.lang.Math.random() * ((max - min) + 1))) + min): Text '5.0' is set on object 'Object Repository/MOH AND GRN/Page_KDMC - CMS/input_txtdeal'

2018-06-10 22:01:57 - [MESSAGE][PASSED] - Text '5.0' is set on object 'Object Repository/MOH AND GRN/Page_KDMC - CMS/input_txtdeal'

2018-06-10 22:01:57 - [TEST_STEP][PASSED] - setText: Finding Test Object with id 'Object Repository/MOH AND GRN/Page_KDMC - CMS/input_txtbatchno'

2018-06-10 22:01:57 - [TEST_STEP][PASSED] - Statement - switch (id): Finding Test Object with id 'Object Repository/MOH AND GRN/Page_KDMC - CMS/input_txtmrp'

2018-06-10 22:01:57 - [TEST_STEP][PASSED] - Statement - case 1:: Text 'BA942.0' is set on object 'Object Repository/MOH AND GRN/Page_KDMC - CMS/input_txtbatchno'

2018-06-10 22:01:57 - [TEST_STEP][PASSED] - Statement - return (java.lang.Math.floor((java.lang.Math.random() * ((max - min) + 1))) + min): Text 'BA942.0' is set on object 'Object Repository/MOH AND GRN/Page_KDMC - CMS/input_txtbatchno'

2018-06-10 22:01:57 - [MESSAGE][PASSED] - Text 'BA942.0' is set on object 'Object Repository/MOH AND GRN/Page_KDMC - CMS/input_txtbatchno'

2018-06-10 22:01:57 - [TEST_STEP][PASSED] - rightClick: Object: 'Object Repository/GRN/Page_KDMC - CMS/input_txtexpdate' is right clicked on

2018-06-10 22:01:57 - [MESSAGE][PASSED] - Object: 'Object Repository/GRN/Page_KDMC - CMS/input_txtexpdate' is right clicked on

2018-06-10 22:01:57 - [TEST_STEP][PASSED] - selectOptionByIndex: All options with index in [10] are selected on object 'Object Repository/GRN/Page_KDMC - CMS/select_20182019202020212022202'

2018-06-10 22:01:57 - [MESSAGE][PASSED] - All options with index in [10] are selected on object 'Object Repository/GRN/Page_KDMC - CMS/select_20182019202020212022202'

2018-06-10 22:01:57 - [TEST_STEP][PASSED] - selectOptionByIndex: All options with index in [10] are selected on object 'Object Repository/GRN/Page_KDMC - CMS/select_JanFebMarAprMayJunJulAu'

2018-06-10 22:01:57 - [MESSAGE][PASSED] - All options with index in [10] are selected on object 'Object Repository/GRN/Page_KDMC - CMS/select_JanFebMarAprMayJunJulAu'

2018-06-10 22:01:57 - [TEST_STEP][PASSED] - click: Object: 'Object Repository/MOH AND GRN/Page_KDMC - CMS/a_12' is clicked on

2018-06-10 22:01:58 - [MESSAGE][PASSED] - Object: 'Object Repository/MOH AND GRN/Page_KDMC - CMS/a_12' is clicked on

2018-06-10 22:01:58 - [TEST_STEP][PASSED] - click: Object: 'Object Repository/MOH AND GRN/Page_KDMC - CMS/input_btnadd' is clicked on

2018-06-10 22:01:58 - [MESSAGE][PASSED] - Object: 'Object Repository/MOH AND GRN/Page_KDMC - CMS/input_btnadd' is clicked on

2018-06-10 22:01:58 - [TEST_STEP][PASSED] - Statement - If (s == 10): null

2018-06-10 22:01:58 - [TEST_STEP][PASSED] - Statement - s = 1: null

2018-06-10 22:01:58 - [TEST_STEP][PASSED] - delay: Delayed 1 second(s)

2018-06-10 22:01:59 - [MESSAGE][PASSED] - Delayed 1 second(s)

2018-06-10 22:01:59 - [TEST_STEP][PASSED] - selectOptionByIndex: All options with index in [21] are selected on object 'Object Repository/MOH AND GRN/Page_KDMC - CMS/select_--Select--Amikacin -500'

2018-06-10 22:01:59 - [MESSAGE][PASSED] - All options with index in [21] are selected on object 'Object Repository/MOH AND GRN/Page_KDMC - CMS/select_--Select--Amikacin -500'

2018-06-10 22:01:59 - [TEST_STEP][PASSED] - setText: Text '5000' is set on object 'Object Repository/MOH AND GRN/Page_KDMC - CMS/input_txtqty'

2018-06-10 22:01:59 - [MESSAGE][PASSED] - Text '5000' is set on object 'Object Repository/MOH AND GRN/Page_KDMC - CMS/input_txtqty'

2018-06-10 22:01:59 - [TEST_STEP][PASSED] - selectOptionByIndex: All options with index in [1] are selected on object 'Object Repository/MOH AND GRN/Page_KDMC - CMS/select_--Select--No Tax0'

2018-06-10 22:01:59 - [MESSAGE][PASSED] - All options with index in [1] are selected on object 'Object Repository/MOH AND GRN/Page_KDMC - CMS/select_--Select--No Tax0'

2018-06-10 22:01:59 - [TEST_STEP][PASSED] - setText: Finding Test Object with id 'Object Repository/MOH AND GRN/Page_KDMC - CMS/input_txtmrp'

2018-06-10 22:01:59 - [TEST_STEP][PASSED] - Statement - switch (id): Finding Test Object with id 'Object Repository/MOH AND GRN/Page_KDMC - CMS/input_txtdeal'

2018-06-10 22:01:59 - [TEST_STEP][PASSED] - Statement - case 4:: Text '26.0' is set on object 'Object Repository/MOH AND GRN/Page_KDMC - CMS/input_txtmrp'

2018-06-10 22:01:59 - [TEST_STEP][PASSED] - Statement - return (java.lang.Math.floor((java.lang.Math.random() * ((max - min) + 1))) + min): Text '26.0' is set on object 'Object Repository/MOH AND GRN/Page_KDMC - CMS/input_txtmrp'

2018-06-10 22:01:59 - [MESSAGE][PASSED] - Text '26.0' is set on object 'Object Repository/MOH AND GRN/Page_KDMC - CMS/input_txtmrp'

2018-06-10 22:01:59 - [TEST_STEP][PASSED] - setText: Finding Test Object with id 'Object Repository/MOH AND GRN/Page_KDMC - CMS/input_txtdeal'

2018-06-10 22:01:59 - [TEST_STEP][PASSED] - Statement - switch (id): Finding Test Object with id 'Object Repository/MOH AND GRN/Page_KDMC - CMS/input_txtbatchno'

2018-06-10 22:01:59 - [TEST_STEP][PASSED] - Statement - case 5:: Text '3.0' is set on object 'Object Repository/MOH AND GRN/Page_KDMC - CMS/input_txtdeal'

2018-06-10 22:01:59 - [TEST_STEP][PASSED] - Statement - return (java.lang.Math.floor((java.lang.Math.random() * ((max - min) + 1))) + min): Text '3.0' is set on object 'Object Repository/MOH AND GRN/Page_KDMC - CMS/input_txtdeal'

2018-06-10 22:01:59 - [MESSAGE][PASSED] - Text '3.0' is set on object 'Object Repository/MOH AND GRN/Page_KDMC - CMS/input_txtdeal'

2018-06-10 22:01:59 - [TEST_STEP][PASSED] - setText: Finding Test Object with id 'Object Repository/MOH AND GRN/Page_KDMC - CMS/input_txtbatchno'

2018-06-10 22:01:59 - [TEST_STEP][PASSED] - Statement - switch (id): Finding Test Object with id 'Object Repository/MOH AND GRN/Page_KDMC - CMS/input_txtmrp'

2018-06-10 22:01:59 - [TEST_STEP][PASSED] - Statement - case 1:: Text 'BA969.0' is set on object 'Object Repository/MOH AND GRN/Page_KDMC - CMS/input_txtbatchno'

2018-06-10 22:01:59 - [TEST_STEP][PASSED] - Statement - return (java.lang.Math.floor((java.lang.Math.random() * ((max - min) + 1))) + min): Text 'BA969.0' is set on object 'Object Repository/MOH AND GRN/Page_KDMC - CMS/input_txtbatchno'

2018-06-10 22:02:00 - [MESSAGE][PASSED] - Text 'BA969.0' is set on object 'Object Repository/MOH AND GRN/Page_KDMC - CMS/input_txtbatchno'

2018-06-10 22:02:00 - [TEST_STEP][PASSED] - rightClick: Object: 'Object Repository/GRN/Page_KDMC - CMS/input_txtexpdate' is right clicked on

2018-06-10 22:02:00 - [MESSAGE][PASSED] - Object: 'Object Repository/GRN/Page_KDMC - CMS/input_txtexpdate' is right clicked on

2018-06-10 22:02:00 - [TEST_STEP][PASSED] - selectOptionByIndex: All options with index in [1] are selected on object 'Object Repository/GRN/Page_KDMC - CMS/select_20182019202020212022202'

2018-06-10 22:02:00 - [MESSAGE][PASSED] - All options with index in [1] are selected on object 'Object Repository/GRN/Page_KDMC - CMS/select_20182019202020212022202'

2018-06-10 22:02:00 - [TEST_STEP][PASSED] - selectOptionByIndex: All options with index in [1] are selected on object 'Object Repository/GRN/Page_KDMC - CMS/select_JanFebMarAprMayJunJulAu'

2018-06-10 22:02:00 - [MESSAGE][PASSED] - All options with index in [1] are selected on object 'Object Repository/GRN/Page_KDMC - CMS/select_JanFebMarAprMayJunJulAu'

2018-06-10 22:02:00 - [TEST_STEP][PASSED] - click: Object: 'Object Repository/MOH AND GRN/Page_KDMC - CMS/a_12' is clicked on

2018-06-10 22:02:00 - [MESSAGE][PASSED] - Object: 'Object Repository/MOH AND GRN/Page_KDMC - CMS/a_12' is clicked on

2018-06-10 22:02:00 - [TEST_STEP][PASSED] - click: Object: 'Object Repository/MOH AND GRN/Page_KDMC - CMS/input_btnadd' is clicked on

2018-06-10 22:02:00 - [MESSAGE][PASSED] - Object: 'Object Repository/MOH AND GRN/Page_KDMC - CMS/input_btnadd' is clicked on

2018-06-10 22:02:00 - [TEST_STEP][PASSED] - Statement - If (s == 10): null

2018-06-10 22:02:00 - [TEST_STEP][PASSED] - Statement - Else: null

2018-06-10 22:02:00 - [TEST_STEP][PASSED] - Statement - (s++): null

2018-06-10 22:02:00 - [TEST_STEP][PASSED] - delay: Delayed 1 second(s)

2018-06-10 22:02:01 - [MESSAGE][PASSED] - Delayed 1 second(s)

2018-06-10 22:02:01 - [TEST_STEP][PASSED] - selectOptionByIndex: All options with index in [22] are selected on object 'Object Repository/MOH AND GRN/Page_KDMC - CMS/select_--Select--Amikacin -500'

2018-06-10 22:02:01 - [MESSAGE][PASSED] - All options with index in [22] are selected on object 'Object Repository/MOH AND GRN/Page_KDMC - CMS/select_--Select--Amikacin -500'

2018-06-10 22:02:01 - [TEST_STEP][PASSED] - setText: Text '5000' is set on object 'Object Repository/MOH AND GRN/Page_KDMC - CMS/input_txtqty'

2018-06-10 22:02:01 - [MESSAGE][PASSED] - Text '5000' is set on object 'Object Repository/MOH AND GRN/Page_KDMC - CMS/input_txtqty'

2018-06-10 22:02:01 - [TEST_STEP][PASSED] - selectOptionByIndex: All options with index in [1] are selected on object 'Object Repository/MOH AND GRN/Page_KDMC - CMS/select_--Select--No Tax0'

2018-06-10 22:02:02 - [MESSAGE][PASSED] - All options with index in [1] are selected on object 'Object Repository/MOH AND GRN/Page_KDMC - CMS/select_--Select--No Tax0'

2018-06-10 22:02:02 - [TEST_STEP][PASSED] - setText: Finding Test Object with id 'Object Repository/MOH AND GRN/Page_KDMC - CMS/input_txtmrp'

2018-06-10 22:02:02 - [TEST_STEP][PASSED] - Statement - switch (id): Finding Test Object with id 'Object Repository/MOH AND GRN/Page_KDMC - CMS/input_txtdeal'

2018-06-10 22:02:02 - [TEST_STEP][PASSED] - Statement - case 4:: Text '33.0' is set on object 'Object Repository/MOH AND GRN/Page_KDMC - CMS/input_txtmrp'

2018-06-10 22:02:02 - [TEST_STEP][PASSED] - Statement - return (java.lang.Math.floor((java.lang.Math.random() * ((max - min) + 1))) + min): Text '33.0' is set on object 'Object Repository/MOH AND GRN/Page_KDMC - CMS/input_txtmrp'

2018-06-10 22:02:02 - [MESSAGE][PASSED] - Text '33.0' is set on object 'Object Repository/MOH AND GRN/Page_KDMC - CMS/input_txtmrp'

2018-06-10 22:02:02 - [TEST_STEP][PASSED] - setText: Finding Test Object with id 'Object Repository/MOH AND GRN/Page_KDMC - CMS/input_txtdeal'

2018-06-10 22:02:02 - [TEST_STEP][PASSED] - Statement - switch (id): Finding Test Object with id 'Object Repository/MOH AND GRN/Page_KDMC - CMS/input_txtbatchno'

2018-06-10 22:02:02 - [TEST_STEP][PASSED] - Statement - case 5:: Text '3.0' is set on object 'Object Repository/MOH AND GRN/Page_KDMC - CMS/input_txtdeal'

2018-06-10 22:02:02 - [TEST_STEP][PASSED] - Statement - return (java.lang.Math.floor((java.lang.Math.random() * ((max - min) + 1))) + min): Text '3.0' is set on object 'Object Repository/MOH AND GRN/Page_KDMC - CMS/input_txtdeal'

2018-06-10 22:02:02 - [MESSAGE][PASSED] - Text '3.0' is set on object 'Object Repository/MOH AND GRN/Page_KDMC - CMS/input_txtdeal'

2018-06-10 22:02:02 - [TEST_STEP][PASSED] - setText: Finding Test Object with id 'Object Repository/MOH AND GRN/Page_KDMC - CMS/input_txtbatchno'

2018-06-10 22:02:02 - [TEST_STEP][PASSED] - Statement - switch (id): Finding Test Object with id 'Object Repository/MOH AND GRN/Page_KDMC - CMS/input_txtmrp'

2018-06-10 22:02:02 - [TEST_STEP][PASSED] - Statement - case 1:: Text 'BA342.0' is set on object 'Object Repository/MOH AND GRN/Page_KDMC - CMS/input_txtbatchno'

2018-06-10 22:02:02 - [TEST_STEP][PASSED] - Statement - return (java.lang.Math.floor((java.lang.Math.random() * ((max - min) + 1))) + min): Text 'BA342.0' is set on object 'Object Repository/MOH AND GRN/Page_KDMC - CMS/input_txtbatchno'

2018-06-10 22:02:02 - [MESSAGE][PASSED] - Text 'BA342.0' is set on object 'Object Repository/MOH AND GRN/Page_KDMC - CMS/input_txtbatchno'

2018-06-10 22:02:02 - [TEST_STEP][PASSED] - rightClick: Object: 'Object Repository/GRN/Page_KDMC - CMS/input_txtexpdate' is right clicked on

2018-06-10 22:02:02 - [MESSAGE][PASSED] - Object: 'Object Repository/GRN/Page_KDMC - CMS/input_txtexpdate' is right clicked on

2018-06-10 22:02:02 - [TEST_STEP][PASSED] - selectOptionByIndex: All options with index in [2] are selected on object 'Object Repository/GRN/Page_KDMC - CMS/select_20182019202020212022202'

2018-06-10 22:02:02 - [MESSAGE][PASSED] - All options with index in [2] are selected on object 'Object Repository/GRN/Page_KDMC - CMS/select_20182019202020212022202'

2018-06-10 22:02:02 - [TEST_STEP][PASSED] - selectOptionByIndex: All options with index in [2] are selected on object 'Object Repository/GRN/Page_KDMC - CMS/select_JanFebMarAprMayJunJulAu'

2018-06-10 22:02:02 - [MESSAGE][PASSED] - All options with index in [2] are selected on object 'Object Repository/GRN/Page_KDMC - CMS/select_JanFebMarAprMayJunJulAu'

2018-06-10 22:02:02 - [TEST_STEP][PASSED] - click: Object: 'Object Repository/MOH AND GRN/Page_KDMC - CMS/a_12' is clicked on

2018-06-10 22:02:02 - [MESSAGE][PASSED] - Object: 'Object Repository/MOH AND GRN/Page_KDMC - CMS/a_12' is clicked on

2018-06-10 22:02:02 - [TEST_STEP][PASSED] - click: Object: 'Object Repository/MOH AND GRN/Page_KDMC - CMS/input_btnadd' is clicked on

2018-06-10 22:02:03 - [MESSAGE][PASSED] - Object: 'Object Repository/MOH AND GRN/Page_KDMC - CMS/input_btnadd' is clicked on

2018-06-10 22:02:03 - [TEST_STEP][PASSED] - Statement - If (s == 10): null

2018-06-10 22:02:03 - [TEST_STEP][PASSED] - Statement - Else: null

2018-06-10 22:02:03 - [TEST_STEP][PASSED] - Statement - (s++): null

2018-06-10 22:02:03 - [TEST_STEP][PASSED] - delay: Delayed 1 second(s)

2018-06-10 22:02:04 - [MESSAGE][PASSED] - Delayed 1 second(s)

2018-06-10 22:02:04 - [TEST_STEP][PASSED] - selectOptionByIndex: All options with index in [23] are selected on object 'Object Repository/MOH AND GRN/Page_KDMC - CMS/select_--Select--Amikacin -500'

2018-06-10 22:02:04 - [MESSAGE][PASSED] - All options with index in [23] are selected on object 'Object Repository/MOH AND GRN/Page_KDMC - CMS/select_--Select--Amikacin -500'

2018-06-10 22:02:04 - [TEST_STEP][PASSED] - setText: Text '5000' is set on object 'Object Repository/MOH AND GRN/Page_KDMC - CMS/input_txtqty'

2018-06-10 22:02:04 - [MESSAGE][PASSED] - Text '5000' is set on object 'Object Repository/MOH AND GRN/Page_KDMC - CMS/input_txtqty'

2018-06-10 22:02:04 - [TEST_STEP][PASSED] - selectOptionByIndex: All options with index in [1] are selected on object 'Object Repository/MOH AND GRN/Page_KDMC - CMS/select_--Select--No Tax0'

2018-06-10 22:02:04 - [MESSAGE][PASSED] - All options with index in [1] are selected on object 'Object Repository/MOH AND GRN/Page_KDMC - CMS/select_--Select--No Tax0'

2018-06-10 22:02:04 - [TEST_STEP][PASSED] - setText: Finding Test Object with id 'Object Repository/MOH AND GRN/Page_KDMC - CMS/input_txtmrp'

2018-06-10 22:02:04 - [TEST_STEP][PASSED] - Statement - switch (id): Finding Test Object with id 'Object Repository/MOH AND GRN/Page_KDMC - CMS/input_txtdeal'

2018-06-10 22:02:04 - [TEST_STEP][PASSED] - Statement - case 4:: Text '19.0' is set on object 'Object Repository/MOH AND GRN/Page_KDMC - CMS/input_txtmrp'

2018-06-10 22:02:04 - [TEST_STEP][PASSED] - Statement - return (java.lang.Math.floor((java.lang.Math.random() * ((max - min) + 1))) + min): Text '19.0' is set on object 'Object Repository/MOH AND GRN/Page_KDMC - CMS/input_txtmrp'

2018-06-10 22:02:04 - [MESSAGE][PASSED] - Text '19.0' is set on object 'Object Repository/MOH AND GRN/Page_KDMC - CMS/input_txtmrp'

2018-06-10 22:02:04 - [TEST_STEP][PASSED] - setText: Finding Test Object with id 'Object Repository/MOH AND GRN/Page_KDMC - CMS/input_txtdeal'

2018-06-10 22:02:04 - [TEST_STEP][PASSED] - Statement - switch (id): Finding Test Object with id 'Object Repository/MOH AND GRN/Page_KDMC - CMS/input_txtbatchno'

2018-06-10 22:02:04 - [TEST_STEP][PASSED] - Statement - case 5:: Text '8.0' is set on object 'Object Repository/MOH AND GRN/Page_KDMC - CMS/input_txtdeal'

2018-06-10 22:02:04 - [TEST_STEP][PASSED] - Statement - return (java.lang.Math.floor((java.lang.Math.random() * ((max - min) + 1))) + min): Text '8.0' is set on object 'Object Repository/MOH AND GRN/Page_KDMC - CMS/input_txtdeal'

2018-06-10 22:02:04 - [MESSAGE][PASSED] - Text '8.0' is set on object 'Object Repository/MOH AND GRN/Page_KDMC - CMS/input_txtdeal'

2018-06-10 22:02:04 - [TEST_STEP][PASSED] - setText: Finding Test Object with id 'Object Repository/MOH AND GRN/Page_KDMC - CMS/input_txtbatchno'

2018-06-10 22:02:04 - [TEST_STEP][PASSED] - Statement - switch (id): Finding Test Object with id 'Object Repository/MOH AND GRN/Page_KDMC - CMS/input_txtmrp'

2018-06-10 22:02:04 - [TEST_STEP][PASSED] - Statement - case 1:: Text 'BA471.0' is set on object 'Object Repository/MOH AND GRN/Page_KDMC - CMS/input_txtbatchno'

2018-06-10 22:02:04 - [TEST_STEP][PASSED] - Statement - return (java.lang.Math.floor((java.lang.Math.random() * ((max - min) + 1))) + min): Text 'BA471.0' is set on object 'Object Repository/MOH AND GRN/Page_KDMC - CMS/input_txtbatchno'

2018-06-10 22:02:04 - [MESSAGE][PASSED] - Text 'BA471.0' is set on object 'Object Repository/MOH AND GRN/Page_KDMC - CMS/input_txtbatchno'

2018-06-10 22:02:04 - [TEST_STEP][PASSED] - rightClick: Object: 'Object Repository/GRN/Page_KDMC - CMS/input_txtexpdate' is right clicked on

2018-06-10 22:02:04 - [MESSAGE][PASSED] - Object: 'Object Repository/GRN/Page_KDMC - CMS/input_txtexpdate' is right clicked on

2018-06-10 22:02:04 - [TEST_STEP][PASSED] - selectOptionByIndex: All options with index in [3] are selected on object 'Object Repository/GRN/Page_KDMC - CMS/select_20182019202020212022202'

2018-06-10 22:02:05 - [MESSAGE][PASSED] - All options with index in [3] are selected on object 'Object Repository/GRN/Page_KDMC - CMS/select_20182019202020212022202'

2018-06-10 22:02:05 - [TEST_STEP][PASSED] - selectOptionByIndex: All options with index in [3] are selected on object 'Object Repository/GRN/Page_KDMC - CMS/select_JanFebMarAprMayJunJulAu'

2018-06-10 22:02:05 - [MESSAGE][PASSED] - All options with index in [3] are selected on object 'Object Repository/GRN/Page_KDMC - CMS/select_JanFebMarAprMayJunJulAu'

2018-06-10 22:02:05 - [TEST_STEP][PASSED] - click: Object: 'Object Repository/MOH AND GRN/Page_KDMC - CMS/a_12' is clicked on

2018-06-10 22:02:05 - [MESSAGE][PASSED] - Object: 'Object Repository/MOH AND GRN/Page_KDMC - CMS/a_12' is clicked on

2018-06-10 22:02:05 - [TEST_STEP][PASSED] - click: Object: 'Object Repository/MOH AND GRN/Page_KDMC - CMS/input_btnadd' is clicked on

2018-06-10 22:02:05 - [MESSAGE][PASSED] - Object: 'Object Repository/MOH AND GRN/Page_KDMC - CMS/input_btnadd' is clicked on

2018-06-10 22:02:05 - [TEST_STEP][PASSED] - Statement - If (s == 10): null

2018-06-10 22:02:05 - [TEST_STEP][PASSED] - Statement - Else: null

2018-06-10 22:02:05 - [TEST_STEP][PASSED] - Statement - (s++): null

2018-06-10 22:02:05 - [TEST_STEP][PASSED] - delay: Delayed 1 second(s)

2018-06-10 22:02:06 - [MESSAGE][PASSED] - Delayed 1 second(s)

2018-06-10 22:02:06 - [TEST_STEP][PASSED] - selectOptionByIndex: All options with index in [24] are selected on object 'Object Repository/MOH AND GRN/Page_KDMC - CMS/select_--Select--Amikacin -500'

2018-06-10 22:02:06 - [MESSAGE][PASSED] - All options with index in [24] are selected on object 'Object Repository/MOH AND GRN/Page_KDMC - CMS/select_--Select--Amikacin -500'

2018-06-10 22:02:06 - [TEST_STEP][PASSED] - setText: Text '5000' is set on object 'Object Repository/MOH AND GRN/Page_KDMC - CMS/input_txtqty'

2018-06-10 22:02:06 - [MESSAGE][PASSED] - Text '5000' is set on object 'Object Repository/MOH AND GRN/Page_KDMC - CMS/input_txtqty'

2018-06-10 22:02:06 - [TEST_STEP][PASSED] - selectOptionByIndex: All options with index in [1] are selected on object 'Object Repository/MOH AND GRN/Page_KDMC - CMS/select_--Select--No Tax0'

2018-06-10 22:02:07 - [MESSAGE][PASSED] - All options with index in [1] are selected on object 'Object Repository/MOH AND GRN/Page_KDMC - CMS/select_--Select--No Tax0'

2018-06-10 22:02:07 - [TEST_STEP][PASSED] - setText: Finding Test Object with id 'Object Repository/MOH AND GRN/Page_KDMC - CMS/input_txtmrp'

2018-06-10 22:02:07 - [TEST_STEP][PASSED] - Statement - switch (id): Finding Test Object with id 'Object Repository/MOH AND GRN/Page_KDMC - CMS/input_txtdeal'

2018-06-10 22:02:07 - [TEST_STEP][PASSED] - Statement - case 4:: Text '25.0' is set on object 'Object Repository/MOH AND GRN/Page_KDMC - CMS/input_txtmrp'

2018-06-10 22:02:07 - [TEST_STEP][PASSED] - Statement - return (java.lang.Math.floor((java.lang.Math.random() * ((max - min) + 1))) + min): Text '25.0' is set on object 'Object Repository/MOH AND GRN/Page_KDMC - CMS/input_txtmrp'

2018-06-10 22:02:07 - [MESSAGE][PASSED] - Text '25.0' is set on object 'Object Repository/MOH AND GRN/Page_KDMC - CMS/input_txtmrp'

2018-06-10 22:02:07 - [TEST_STEP][PASSED] - setText: Finding Test Object with id 'Object Repository/MOH AND GRN/Page_KDMC - CMS/input_txtdeal'

2018-06-10 22:02:07 - [TEST_STEP][PASSED] - Statement - switch (id): Finding Test Object with id 'Object Repository/MOH AND GRN/Page_KDMC - CMS/input_txtbatchno'

2018-06-10 22:02:07 - [TEST_STEP][PASSED] - Statement - case 5:: Text '9.0' is set on object 'Object Repository/MOH AND GRN/Page_KDMC - CMS/input_txtdeal'

2018-06-10 22:02:07 - [TEST_STEP][PASSED] - Statement - return (java.lang.Math.floor((java.lang.Math.random() * ((max - min) + 1))) + min): Text '9.0' is set on object 'Object Repository/MOH AND GRN/Page_KDMC - CMS/input_txtdeal'

2018-06-10 22:02:07 - [MESSAGE][PASSED] - Text '9.0' is set on object 'Object Repository/MOH AND GRN/Page_KDMC - CMS/input_txtdeal'

2018-06-10 22:02:07 - [TEST_STEP][PASSED] - setText: Finding Test Object with id 'Object Repository/MOH AND GRN/Page_KDMC - CMS/input_txtbatchno'

2018-06-10 22:02:07 - [TEST_STEP][PASSED] - Statement - switch (id): Finding Test Object with id 'Object Repository/MOH AND GRN/Page_KDMC - CMS/input_txtmrp'

2018-06-10 22:02:07 - [TEST_STEP][PASSED] - Statement - case 1:: Text 'BA263.0' is set on object 'Object Repository/MOH AND GRN/Page_KDMC - CMS/input_txtbatchno'

2018-06-10 22:02:07 - [TEST_STEP][PASSED] - Statement - return (java.lang.Math.floor((java.lang.Math.random() * ((max - min) + 1))) + min): Text 'BA263.0' is set on object 'Object Repository/MOH AND GRN/Page_KDMC - CMS/input_txtbatchno'

2018-06-10 22:02:07 - [MESSAGE][PASSED] - Text 'BA263.0' is set on object 'Object Repository/MOH AND GRN/Page_KDMC - CMS/input_txtbatchno'

2018-06-10 22:02:07 - [TEST_STEP][PASSED] - rightClick: Object: 'Object Repository/GRN/Page_KDMC - CMS/input_txtexpdate' is right clicked on

2018-06-10 22:02:07 - [MESSAGE][PASSED] - Object: 'Object Repository/GRN/Page_KDMC - CMS/input_txtexpdate' is right clicked on

2018-06-10 22:02:07 - [TEST_STEP][PASSED] - selectOptionByIndex: All options with index in [4] are selected on object 'Object Repository/GRN/Page_KDMC - CMS/select_20182019202020212022202'

2018-06-10 22:02:07 - [MESSAGE][PASSED] - All options with index in [4] are selected on object 'Object Repository/GRN/Page_KDMC - CMS/select_20182019202020212022202'

2018-06-10 22:02:07 - [TEST_STEP][PASSED] - selectOptionByIndex: All options with index in [4] are selected on object 'Object Repository/GRN/Page_KDMC - CMS/select_JanFebMarAprMayJunJulAu'

2018-06-10 22:02:07 - [MESSAGE][PASSED] - All options with index in [4] are selected on object 'Object Repository/GRN/Page_KDMC - CMS/select_JanFebMarAprMayJunJulAu'

2018-06-10 22:02:07 - [TEST_STEP][PASSED] - click: Object: 'Object Repository/MOH AND GRN/Page_KDMC - CMS/a_12' is clicked on

2018-06-10 22:02:07 - [MESSAGE][PASSED] - Object: 'Object Repository/MOH AND GRN/Page_KDMC - CMS/a_12' is clicked on

2018-06-10 22:02:07 - [TEST_STEP][PASSED] - click: Object: 'Object Repository/MOH AND GRN/Page_KDMC - CMS/input_btnadd' is clicked on

2018-06-10 22:02:08 - [MESSAGE][PASSED] - Object: 'Object Repository/MOH AND GRN/Page_KDMC - CMS/input_btnadd' is clicked on

2018-06-10 22:02:08 - [TEST_STEP][PASSED] - Statement - If (s == 10): null

2018-06-10 22:02:08 - [TEST_STEP][PASSED] - Statement - Else: null

2018-06-10 22:02:08 - [TEST_STEP][PASSED] - Statement - (s++): null

2018-06-10 22:02:08 - [TEST_STEP][PASSED] - delay: Delayed 1 second(s)

2018-06-10 22:02:09 - [MESSAGE][PASSED] - Delayed 1 second(s)

2018-06-10 22:02:09 - [TEST_STEP][PASSED] - selectOptionByIndex: All options with index in [25] are selected on object 'Object Repository/MOH AND GRN/Page_KDMC - CMS/select_--Select--Amikacin -500'

2018-06-10 22:02:09 - [MESSAGE][PASSED] - All options with index in [25] are selected on object 'Object Repository/MOH AND GRN/Page_KDMC - CMS/select_--Select--Amikacin -500'

2018-06-10 22:02:09 - [TEST_STEP][PASSED] - setText: Text '5000' is set on object 'Object Repository/MOH AND GRN/Page_KDMC - CMS/input_txtqty'

2018-06-10 22:02:09 - [MESSAGE][PASSED] - Text '5000' is set on object 'Object Repository/MOH AND GRN/Page_KDMC - CMS/input_txtqty'

2018-06-10 22:02:09 - [TEST_STEP][PASSED] - selectOptionByIndex: All options with index in [1] are selected on object 'Object Repository/MOH AND GRN/Page_KDMC - CMS/select_--Select--No Tax0'

2018-06-10 22:02:09 - [MESSAGE][PASSED] - All options with index in [1] are selected on object 'Object Repository/MOH AND GRN/Page_KDMC - CMS/select_--Select--No Tax0'

2018-06-10 22:02:09 - [TEST_STEP][PASSED] - setText: Finding Test Object with id 'Object Repository/MOH AND GRN/Page_KDMC - CMS/input_txtmrp'

2018-06-10 22:02:09 - [TEST_STEP][PASSED] - Statement - switch (id): Finding Test Object with id 'Object Repository/MOH AND GRN/Page_KDMC - CMS/input_txtdeal'

2018-06-10 22:02:09 - [TEST_STEP][PASSED] - Statement - case 4:: Text '45.0' is set on object 'Object Repository/MOH AND GRN/Page_KDMC - CMS/input_txtmrp'

2018-06-10 22:02:09 - [TEST_STEP][PASSED] - Statement - return (java.lang.Math.floor((java.lang.Math.random() * ((max - min) + 1))) + min): Text '45.0' is set on object 'Object Repository/MOH AND GRN/Page_KDMC - CMS/input_txtmrp'

2018-06-10 22:02:09 - [MESSAGE][PASSED] - Text '45.0' is set on object 'Object Repository/MOH AND GRN/Page_KDMC - CMS/input_txtmrp'

2018-06-10 22:02:09 - [TEST_STEP][PASSED] - setText: Finding Test Object with id 'Object Repository/MOH AND GRN/Page_KDMC - CMS/input_txtdeal'

2018-06-10 22:02:09 - [TEST_STEP][PASSED] - Statement - switch (id): Finding Test Object with id 'Object Repository/MOH AND GRN/Page_KDMC - CMS/input_txtbatchno'

2018-06-10 22:02:09 - [TEST_STEP][PASSED] - Statement - case 5:: Text '11.0' is set on object 'Object Repository/MOH AND GRN/Page_KDMC - CMS/input_txtdeal'

2018-06-10 22:02:09 - [TEST_STEP][PASSED] - Statement - return (java.lang.Math.floor((java.lang.Math.random() * ((max - min) + 1))) + min): Text '11.0' is set on object 'Object Repository/MOH AND GRN/Page_KDMC - CMS/input_txtdeal'

2018-06-10 22:02:09 - [MESSAGE][PASSED] - Text '11.0' is set on object 'Object Repository/MOH AND GRN/Page_KDMC - CMS/input_txtdeal'

2018-06-10 22:02:09 - [TEST_STEP][PASSED] - setText: Finding Test Object with id 'Object Repository/MOH AND GRN/Page_KDMC - CMS/input_txtbatchno'

2018-06-10 22:02:09 - [TEST_STEP][PASSED] - Statement - switch (id): Finding Test Object with id 'Object Repository/MOH AND GRN/Page_KDMC - CMS/input_txtmrp'

2018-06-10 22:02:09 - [TEST_STEP][PASSED] - Statement - case 1:: Text 'BA600.0' is set on object 'Object Repository/MOH AND GRN/Page_KDMC - CMS/input_txtbatchno'

2018-06-10 22:02:09 - [TEST_STEP][PASSED] - Statement - return (java.lang.Math.floor((java.lang.Math.random() * ((max - min) + 1))) + min): Text 'BA600.0' is set on object 'Object Repository/MOH AND GRN/Page_KDMC - CMS/input_txtbatchno'

2018-06-10 22:02:09 - [MESSAGE][PASSED] - Text 'BA600.0' is set on object 'Object Repository/MOH AND GRN/Page_KDMC - CMS/input_txtbatchno'

2018-06-10 22:02:09 - [TEST_STEP][PASSED] - rightClick: Object: 'Object Repository/GRN/Page_KDMC - CMS/input_txtexpdate' is right clicked on

2018-06-10 22:02:10 - [MESSAGE][PASSED] - Object: 'Object Repository/GRN/Page_KDMC - CMS/input_txtexpdate' is right clicked on

2018-06-10 22:02:10 - [TEST_STEP][PASSED] - selectOptionByIndex: All options with index in [5] are selected on object 'Object Repository/GRN/Page_KDMC - CMS/select_20182019202020212022202'

2018-06-10 22:02:10 - [MESSAGE][PASSED] - All options with index in [5] are selected on object 'Object Repository/GRN/Page_KDMC - CMS/select_20182019202020212022202'

2018-06-10 22:02:10 - [TEST_STEP][PASSED] - selectOptionByIndex: All options with index in [5] are selected on object 'Object Repository/GRN/Page_KDMC - CMS/select_JanFebMarAprMayJunJulAu'

2018-06-10 22:02:10 - [MESSAGE][PASSED] - All options with index in [5] are selected on object 'Object Repository/GRN/Page_KDMC - CMS/select_JanFebMarAprMayJunJulAu'

2018-06-10 22:02:10 - [TEST_STEP][PASSED] - click: Object: 'Object Repository/MOH AND GRN/Page_KDMC - CMS/a_12' is clicked on

2018-06-10 22:02:10 - [MESSAGE][PASSED] - Object: 'Object Repository/MOH AND GRN/Page_KDMC - CMS/a_12' is clicked on

2018-06-10 22:02:10 - [TEST_STEP][PASSED] - click: Object: 'Object Repository/MOH AND GRN/Page_KDMC - CMS/input_btnadd' is clicked on

2018-06-10 22:02:10 - [MESSAGE][PASSED] - Object: 'Object Repository/MOH AND GRN/Page_KDMC - CMS/input_btnadd' is clicked on

2018-06-10 22:02:10 - [TEST_STEP][PASSED] - Statement - If (s == 10): null

2018-06-10 22:02:10 - [TEST_STEP][PASSED] - Statement - Else: null

2018-06-10 22:02:10 - [TEST_STEP][PASSED] - Statement - (s++): null

2018-06-10 22:02:10 - [TEST_STEP][PASSED] - delay: Delayed 1 second(s)

2018-06-10 22:02:11 - [MESSAGE][PASSED] - Delayed 1 second(s)

2018-06-10 22:02:11 - [TEST_STEP][PASSED] - selectOptionByIndex: All options with index in [26] are selected on object 'Object Repository/MOH AND GRN/Page_KDMC - CMS/select_--Select--Amikacin -500'

2018-06-10 22:02:12 - [MESSAGE][PASSED] - All options with index in [26] are selected on object 'Object Repository/MOH AND GRN/Page_KDMC - CMS/select_--Select--Amikacin -500'

2018-06-10 22:02:12 - [TEST_STEP][PASSED] - setText: Text '5000' is set on object 'Object Repository/MOH AND GRN/Page_KDMC - CMS/input_txtqty'

2018-06-10 22:02:12 - [MESSAGE][PASSED] - Text '5000' is set on object 'Object Repository/MOH AND GRN/Page_KDMC - CMS/input_txtqty'

2018-06-10 22:02:12 - [TEST_STEP][PASSED] - selectOptionByIndex: All options with index in [1] are selected on object 'Object Repository/MOH AND GRN/Page_KDMC - CMS/select_--Select--No Tax0'

2018-06-10 22:02:12 - [MESSAGE][PASSED] - All options with index in [1] are selected on object 'Object Repository/MOH AND GRN/Page_KDMC - CMS/select_--Select--No Tax0'

2018-06-10 22:02:12 - [TEST_STEP][PASSED] - setText: Finding Test Object with id 'Object Repository/MOH AND GRN/Page_KDMC - CMS/input_txtmrp'

2018-06-10 22:02:12 - [TEST_STEP][PASSED] - Statement - switch (id): Finding Test Object with id 'Object Repository/MOH AND GRN/Page_KDMC - CMS/input_txtdeal'

2018-06-10 22:02:12 - [TEST_STEP][PASSED] - Statement - case 4:: Text '39.0' is set on object 'Object Repository/MOH AND GRN/Page_KDMC - CMS/input_txtmrp'

2018-06-10 22:02:12 - [TEST_STEP][PASSED] - Statement - return (java.lang.Math.floor((java.lang.Math.random() * ((max - min) + 1))) + min): Text '39.0' is set on object 'Object Repository/MOH AND GRN/Page_KDMC - CMS/input_txtmrp'

2018-06-10 22:02:12 - [MESSAGE][PASSED] - Text '39.0' is set on object 'Object Repository/MOH AND GRN/Page_KDMC - CMS/input_txtmrp'

2018-06-10 22:02:12 - [TEST_STEP][PASSED] - setText: Finding Test Object with id 'Object Repository/MOH AND GRN/Page_KDMC - CMS/input_txtdeal'

2018-06-10 22:02:12 - [TEST_STEP][PASSED] - Statement - switch (id): Finding Test Object with id 'Object Repository/MOH AND GRN/Page_KDMC - CMS/input_txtbatchno'

2018-06-10 22:02:12 - [TEST_STEP][PASSED] - Statement - case 5:: Text '7.0' is set on object 'Object Repository/MOH AND GRN/Page_KDMC - CMS/input_txtdeal'

2018-06-10 22:02:12 - [TEST_STEP][PASSED] - Statement - return (java.lang.Math.floor((java.lang.Math.random() * ((max - min) + 1))) + min): Text '7.0' is set on object 'Object Repository/MOH AND GRN/Page_KDMC - CMS/input_txtdeal'

2018-06-10 22:02:12 - [MESSAGE][PASSED] - Text '7.0' is set on object 'Object Repository/MOH AND GRN/Page_KDMC - CMS/input_txtdeal'

2018-06-10 22:02:12 - [TEST_STEP][PASSED] - setText: Finding Test Object with id 'Object Repository/MOH AND GRN/Page_KDMC - CMS/input_txtbatchno'

2018-06-10 22:02:12 - [TEST_STEP][PASSED] - Statement - switch (id): Finding Test Object with id 'Object Repository/MOH AND GRN/Page_KDMC - CMS/input_txtmrp'

2018-06-10 22:02:12 - [TEST_STEP][PASSED] - Statement - case 1:: Text 'BA227.0' is set on object 'Object Repository/MOH AND GRN/Page_KDMC - CMS/input_txtbatchno'

2018-06-10 22:02:12 - [TEST_STEP][PASSED] - Statement - return (java.lang.Math.floor((java.lang.Math.random() * ((max - min) + 1))) + min): Text 'BA227.0' is set on object 'Object Repository/MOH AND GRN/Page_KDMC - CMS/input_txtbatchno'

2018-06-10 22:02:12 - [MESSAGE][PASSED] - Text 'BA227.0' is set on object 'Object Repository/MOH AND GRN/Page_KDMC - CMS/input_txtbatchno'

2018-06-10 22:02:12 - [TEST_STEP][PASSED] - rightClick: Object: 'Object Repository/GRN/Page_KDMC - CMS/input_txtexpdate' is right clicked on

2018-06-10 22:02:12 - [MESSAGE][PASSED] - Object: 'Object Repository/GRN/Page_KDMC - CMS/input_txtexpdate' is right clicked on

2018-06-10 22:02:12 - [TEST_STEP][PASSED] - selectOptionByIndex: All options with index in [6] are selected on object 'Object Repository/GRN/Page_KDMC - CMS/select_20182019202020212022202'

2018-06-10 22:02:12 - [MESSAGE][PASSED] - All options with index in [6] are selected on object 'Object Repository/GRN/Page_KDMC - CMS/select_20182019202020212022202'

2018-06-10 22:02:12 - [TEST_STEP][PASSED] - selectOptionByIndex: All options with index in [6] are selected on object 'Object Repository/GRN/Page_KDMC - CMS/select_JanFebMarAprMayJunJulAu'

2018-06-10 22:02:13 - [MESSAGE][PASSED] - All options with index in [6] are selected on object 'Object Repository/GRN/Page_KDMC - CMS/select_JanFebMarAprMayJunJulAu'

2018-06-10 22:02:13 - [TEST_STEP][PASSED] - click: Object: 'Object Repository/MOH AND GRN/Page_KDMC - CMS/a_12' is clicked on

2018-06-10 22:02:13 - [MESSAGE][PASSED] - Object: 'Object Repository/MOH AND GRN/Page_KDMC - CMS/a_12' is clicked on

2018-06-10 22:02:13 - [TEST_STEP][PASSED] - click: Object: 'Object Repository/MOH AND GRN/Page_KDMC - CMS/input_btnadd' is clicked on

2018-06-10 22:02:13 - [MESSAGE][PASSED] - Object: 'Object Repository/MOH AND GRN/Page_KDMC - CMS/input_btnadd' is clicked on

2018-06-10 22:02:13 - [TEST_STEP][PASSED] - Statement - If (s == 10): null

2018-06-10 22:02:13 - [TEST_STEP][PASSED] - Statement - Else: null

2018-06-10 22:02:13 - [TEST_STEP][PASSED] - Statement - (s++): null

2018-06-10 22:02:13 - [TEST_STEP][PASSED] - delay: Delayed 1 second(s)

2018-06-10 22:02:14 - [MESSAGE][PASSED] - Delayed 1 second(s)

2018-06-10 22:02:14 - [TEST_STEP][PASSED] - selectOptionByIndex: All options with index in [27] are selected on object 'Object Repository/MOH AND GRN/Page_KDMC - CMS/select_--Select--Amikacin -500'

2018-06-10 22:02:14 - [MESSAGE][PASSED] - All options with index in [27] are selected on object 'Object Repository/MOH AND GRN/Page_KDMC - CMS/select_--Select--Amikacin -500'

2018-06-10 22:02:14 - [TEST_STEP][PASSED] - setText: Text '5000' is set on object 'Object Repository/MOH AND GRN/Page_KDMC - CMS/input_txtqty'

2018-06-10 22:02:14 - [MESSAGE][PASSED] - Text '5000' is set on object 'Object Repository/MOH AND GRN/Page_KDMC - CMS/input_txtqty'

2018-06-10 22:02:14 - [TEST_STEP][PASSED] - selectOptionByIndex: All options with index in [1] are selected on object 'Object Repository/MOH AND GRN/Page_KDMC - CMS/select_--Select--No Tax0'

2018-06-10 22:02:14 - [MESSAGE][PASSED] - All options with index in [1] are selected on object 'Object Repository/MOH AND GRN/Page_KDMC - CMS/select_--Select--No Tax0'

2018-06-10 22:02:14 - [TEST_STEP][PASSED] - setText: Finding Test Object with id 'Object Repository/MOH AND GRN/Page_KDMC - CMS/input_txtmrp'

2018-06-10 22:02:14 - [TEST_STEP][PASSED] - Statement - switch (id): Finding Test Object with id 'Object Repository/MOH AND GRN/Page_KDMC - CMS/input_txtdeal'

2018-06-10 22:02:14 - [TEST_STEP][PASSED] - Statement - case 4:: Text '15.0' is set on object 'Object Repository/MOH AND GRN/Page_KDMC - CMS/input_txtmrp'

2018-06-10 22:02:14 - [TEST_STEP][PASSED] - Statement - return (java.lang.Math.floor((java.lang.Math.random() * ((max - min) + 1))) + min): Text '15.0' is set on object 'Object Repository/MOH AND GRN/Page_KDMC - CMS/input_txtmrp'

2018-06-10 22:02:14 - [MESSAGE][PASSED] - Text '15.0' is set on object 'Object Repository/MOH AND GRN/Page_KDMC - CMS/input_txtmrp'

2018-06-10 22:02:14 - [TEST_STEP][PASSED] - setText: Finding Test Object with id 'Object Repository/MOH AND GRN/Page_KDMC - CMS/input_txtdeal'

2018-06-10 22:02:14 - [TEST_STEP][PASSED] - Statement - switch (id): Finding Test Object with id 'Object Repository/MOH AND GRN/Page_KDMC - CMS/input_txtbatchno'

2018-06-10 22:02:14 - [TEST_STEP][PASSED] - Statement - case 5:: Text '10.0' is set on object 'Object Repository/MOH AND GRN/Page_KDMC - CMS/input_txtdeal'

2018-06-10 22:02:14 - [TEST_STEP][PASSED] - Statement - return (java.lang.Math.floor((java.lang.Math.random() * ((max - min) + 1))) + min): Text '10.0' is set on object 'Object Repository/MOH AND GRN/Page_KDMC - CMS/input_txtdeal'

2018-06-10 22:02:15 - [MESSAGE][PASSED] - Text '10.0' is set on object 'Object Repository/MOH AND GRN/Page_KDMC - CMS/input_txtdeal'

2018-06-10 22:02:15 - [TEST_STEP][PASSED] - setText: Finding Test Object with id 'Object Repository/MOH AND GRN/Page_KDMC - CMS/input_txtbatchno'

2018-06-10 22:02:15 - [TEST_STEP][PASSED] - Statement - switch (id): Finding Test Object with id 'Object Repository/MOH AND GRN/Page_KDMC - CMS/input_txtmrp'

2018-06-10 22:02:15 - [TEST_STEP][PASSED] - Statement - case 1:: Text 'BA51.0' is set on object 'Object Repository/MOH AND GRN/Page_KDMC - CMS/input_txtbatchno'

2018-06-10 22:02:15 - [TEST_STEP][PASSED] - Statement - return (java.lang.Math.floor((java.lang.Math.random() * ((max - min) + 1))) + min): Text 'BA51.0' is set on object 'Object Repository/MOH AND GRN/Page_KDMC - CMS/input_txtbatchno'

2018-06-10 22:02:15 - [MESSAGE][PASSED] - Text 'BA51.0' is set on object 'Object Repository/MOH AND GRN/Page_KDMC - CMS/input_txtbatchno'

2018-06-10 22:02:15 - [TEST_STEP][PASSED] - rightClick: Object: 'Object Repository/GRN/Page_KDMC - CMS/input_txtexpdate' is right clicked on

2018-06-10 22:02:15 - [MESSAGE][PASSED] - Object: 'Object Repository/GRN/Page_KDMC - CMS/input_txtexpdate' is right clicked on

2018-06-10 22:02:15 - [TEST_STEP][PASSED] - selectOptionByIndex: All options with index in [7] are selected on object 'Object Repository/GRN/Page_KDMC - CMS/select_20182019202020212022202'

2018-06-10 22:02:15 - [MESSAGE][PASSED] - All options with index in [7] are selected on object 'Object Repository/GRN/Page_KDMC - CMS/select_20182019202020212022202'

2018-06-10 22:02:15 - [TEST_STEP][PASSED] - selectOptionByIndex: All options with index in [7] are selected on object 'Object Repository/GRN/Page_KDMC - CMS/select_JanFebMarAprMayJunJulAu'

2018-06-10 22:02:15 - [MESSAGE][PASSED] - All options with index in [7] are selected on object 'Object Repository/GRN/Page_KDMC - CMS/select_JanFebMarAprMayJunJulAu'

2018-06-10 22:02:15 - [TEST_STEP][PASSED] - click: Object: 'Object Repository/MOH AND GRN/Page_KDMC - CMS/a_12' is clicked on

2018-06-10 22:02:15 - [MESSAGE][PASSED] - Object: 'Object Repository/MOH AND GRN/Page_KDMC - CMS/a_12' is clicked on

2018-06-10 22:02:15 - [TEST_STEP][PASSED] - click: Object: 'Object Repository/MOH AND GRN/Page_KDMC - CMS/input_btnadd' is clicked on

2018-06-10 22:02:15 - [MESSAGE][PASSED] - Object: 'Object Repository/MOH AND GRN/Page_KDMC - CMS/input_btnadd' is clicked on

2018-06-10 22:02:15 - [TEST_STEP][PASSED] - Statement - If (s == 10): null

2018-06-10 22:02:15 - [TEST_STEP][PASSED] - Statement - Else: null

2018-06-10 22:02:15 - [TEST_STEP][PASSED] - Statement - (s++): null

2018-06-10 22:02:15 - [TEST_STEP][PASSED] - delay: Delayed 1 second(s)

2018-06-10 22:02:16 - [MESSAGE][PASSED] - Delayed 1 second(s)

2018-06-10 22:02:16 - [TEST_STEP][PASSED] - selectOptionByIndex: All options with index in [28] are selected on object 'Object Repository/MOH AND GRN/Page_KDMC - CMS/select_--Select--Amikacin -500'

2018-06-10 22:02:17 - [MESSAGE][PASSED] - All options with index in [28] are selected on object 'Object Repository/MOH AND GRN/Page_KDMC - CMS/select_--Select--Amikacin -500'

2018-06-10 22:02:17 - [TEST_STEP][PASSED] - setText: Text '5000' is set on object 'Object Repository/MOH AND GRN/Page_KDMC - CMS/input_txtqty'

2018-06-10 22:02:17 - [MESSAGE][PASSED] - Text '5000' is set on object 'Object Repository/MOH AND GRN/Page_KDMC - CMS/input_txtqty'

2018-06-10 22:02:17 - [TEST_STEP][PASSED] - selectOptionByIndex: All options with index in [1] are selected on object 'Object Repository/MOH AND GRN/Page_KDMC - CMS/select_--Select--No Tax0'

2018-06-10 22:02:17 - [MESSAGE][PASSED] - All options with index in [1] are selected on object 'Object Repository/MOH AND GRN/Page_KDMC - CMS/select_--Select--No Tax0'

2018-06-10 22:02:17 - [TEST_STEP][PASSED] - setText: Finding Test Object with id 'Object Repository/MOH AND GRN/Page_KDMC - CMS/input_txtmrp'

2018-06-10 22:02:17 - [TEST_STEP][PASSED] - Statement - switch (id): Finding Test Object with id 'Object Repository/MOH AND GRN/Page_KDMC - CMS/input_txtdeal'

2018-06-10 22:02:17 - [TEST_STEP][PASSED] - Statement - case 4:: Text '31.0' is set on object 'Object Repository/MOH AND GRN/Page_KDMC - CMS/input_txtmrp'

2018-06-10 22:02:17 - [TEST_STEP][PASSED] - Statement - return (java.lang.Math.floor((java.lang.Math.random() * ((max - min) + 1))) + min): Text '31.0' is set on object 'Object Repository/MOH AND GRN/Page_KDMC - CMS/input_txtmrp'

2018-06-10 22:02:17 - [MESSAGE][PASSED] - Text '31.0' is set on object 'Object Repository/MOH AND GRN/Page_KDMC - CMS/input_txtmrp'

2018-06-10 22:02:17 - [TEST_STEP][PASSED] - setText: Finding Test Object with id 'Object Repository/MOH AND GRN/Page_KDMC - CMS/input_txtdeal'

2018-06-10 22:02:17 - [TEST_STEP][PASSED] - Statement - switch (id): Finding Test Object with id 'Object Repository/MOH AND GRN/Page_KDMC - CMS/input_txtbatchno'

2018-06-10 22:02:17 - [TEST_STEP][PASSED] - Statement - case 5:: Text '10.0' is set on object 'Object Repository/MOH AND GRN/Page_KDMC - CMS/input_txtdeal'

2018-06-10 22:02:17 - [TEST_STEP][PASSED] - Statement - return (java.lang.Math.floor((java.lang.Math.random() * ((max - min) + 1))) + min): Text '10.0' is set on object 'Object Repository/MOH AND GRN/Page_KDMC - CMS/input_txtdeal'

2018-06-10 22:02:17 - [MESSAGE][PASSED] - Text '10.0' is set on object 'Object Repository/MOH AND GRN/Page_KDMC - CMS/input_txtdeal'

2018-06-10 22:02:17 - [TEST_STEP][PASSED] - setText: Finding Test Object with id 'Object Repository/MOH AND GRN/Page_KDMC - CMS/input_txtbatchno'

2018-06-10 22:02:17 - [TEST_STEP][PASSED] - Statement - switch (id): Finding Test Object with id 'Object Repository/MOH AND GRN/Page_KDMC - CMS/input_txtmrp'

2018-06-10 22:02:17 - [TEST_STEP][PASSED] - Statement - case 1:: Text 'BA717.0' is set on object 'Object Repository/MOH AND GRN/Page_KDMC - CMS/input_txtbatchno'

2018-06-10 22:02:17 - [TEST_STEP][PASSED] - Statement - return (java.lang.Math.floor((java.lang.Math.random() * ((max - min) + 1))) + min): Text 'BA717.0' is set on object 'Object Repository/MOH AND GRN/Page_KDMC - CMS/input_txtbatchno'

2018-06-10 22:02:17 - [MESSAGE][PASSED] - Text 'BA717.0' is set on object 'Object Repository/MOH AND GRN/Page_KDMC - CMS/input_txtbatchno'

2018-06-10 22:02:17 - [TEST_STEP][PASSED] - rightClick: Object: 'Object Repository/GRN/Page_KDMC - CMS/input_txtexpdate' is right clicked on

2018-06-10 22:02:17 - [MESSAGE][PASSED] - Object: 'Object Repository/GRN/Page_KDMC - CMS/input_txtexpdate' is right clicked on

2018-06-10 22:02:17 - [TEST_STEP][PASSED] - selectOptionByIndex: All options with index in [8] are selected on object 'Object Repository/GRN/Page_KDMC - CMS/select_20182019202020212022202'

2018-06-10 22:02:18 - [MESSAGE][PASSED] - All options with index in [8] are selected on object 'Object Repository/GRN/Page_KDMC - CMS/select_20182019202020212022202'

2018-06-10 22:02:18 - [TEST_STEP][PASSED] - selectOptionByIndex: All options with index in [8] are selected on object 'Object Repository/GRN/Page_KDMC - CMS/select_JanFebMarAprMayJunJulAu'

2018-06-10 22:02:18 - [MESSAGE][PASSED] - All options with index in [8] are selected on object 'Object Repository/GRN/Page_KDMC - CMS/select_JanFebMarAprMayJunJulAu'

2018-06-10 22:02:18 - [TEST_STEP][PASSED] - click: Object: 'Object Repository/MOH AND GRN/Page_KDMC - CMS/a_12' is clicked on

2018-06-10 22:02:18 - [MESSAGE][PASSED] - Object: 'Object Repository/MOH AND GRN/Page_KDMC - CMS/a_12' is clicked on

2018-06-10 22:02:18 - [TEST_STEP][PASSED] - click: Object: 'Object Repository/MOH AND GRN/Page_KDMC - CMS/input_btnadd' is clicked on

2018-06-10 22:02:18 - [MESSAGE][PASSED] - Object: 'Object Repository/MOH AND GRN/Page_KDMC - CMS/input_btnadd' is clicked on

2018-06-10 22:02:18 - [TEST_STEP][PASSED] - Statement - If (s == 10): null

2018-06-10 22:02:18 - [TEST_STEP][PASSED] - Statement - Else: null

2018-06-10 22:02:18 - [TEST_STEP][PASSED] - Statement - (s++): null

2018-06-10 22:02:18 - [TEST_STEP][PASSED] - delay: Delayed 1 second(s)

2018-06-10 22:02:19 - [MESSAGE][PASSED] - Delayed 1 second(s)

2018-06-10 22:02:19 - [TEST_STEP][PASSED] - selectOptionByIndex: All options with index in [29] are selected on object 'Object Repository/MOH AND GRN/Page_KDMC - CMS/select_--Select--Amikacin -500'

2018-06-10 22:02:19 - [MESSAGE][PASSED] - All options with index in [29] are selected on object 'Object Repository/MOH AND GRN/Page_KDMC - CMS/select_--Select--Amikacin -500'

2018-06-10 22:02:19 - [TEST_STEP][PASSED] - setText: Text '5000' is set on object 'Object Repository/MOH AND GRN/Page_KDMC - CMS/input_txtqty'

2018-06-10 22:02:20 - [MESSAGE][PASSED] - Text '5000' is set on object 'Object Repository/MOH AND GRN/Page_KDMC - CMS/input_txtqty'

2018-06-10 22:02:20 - [TEST_STEP][PASSED] - selectOptionByIndex: All options with index in [1] are selected on object 'Object Repository/MOH AND GRN/Page_KDMC - CMS/select_--Select--No Tax0'

2018-06-10 22:02:20 - [MESSAGE][PASSED] - All options with index in [1] are selected on object 'Object Repository/MOH AND GRN/Page_KDMC - CMS/select_--Select--No Tax0'

2018-06-10 22:02:20 - [TEST_STEP][PASSED] - setText: Finding Test Object with id 'Object Repository/MOH AND GRN/Page_KDMC - CMS/input_txtmrp'

2018-06-10 22:02:20 - [TEST_STEP][PASSED] - Statement - switch (id): Finding Test Object with id 'Object Repository/MOH AND GRN/Page_KDMC - CMS/input_txtdeal'

2018-06-10 22:02:20 - [TEST_STEP][PASSED] - Statement - case 4:: Text '28.0' is set on object 'Object Repository/MOH AND GRN/Page_KDMC - CMS/input_txtmrp'

2018-06-10 22:02:20 - [TEST_STEP][PASSED] - Statement - return (java.lang.Math.floor((java.lang.Math.random() * ((max - min) + 1))) + min): Text '28.0' is set on object 'Object Repository/MOH AND GRN/Page_KDMC - CMS/input_txtmrp'

2018-06-10 22:02:20 - [MESSAGE][PASSED] - Text '28.0' is set on object 'Object Repository/MOH AND GRN/Page_KDMC - CMS/input_txtmrp'

2018-06-10 22:02:20 - [TEST_STEP][PASSED] - setText: Finding Test Object with id 'Object Repository/MOH AND GRN/Page_KDMC - CMS/input_txtdeal'

2018-06-10 22:02:20 - [TEST_STEP][PASSED] - Statement - switch (id): Finding Test Object with id 'Object Repository/MOH AND GRN/Page_KDMC - CMS/input_txtbatchno'

2018-06-10 22:02:20 - [TEST_STEP][PASSED] - Statement - case 5:: Text '2.0' is set on object 'Object Repository/MOH AND GRN/Page_KDMC - CMS/input_txtdeal'

2018-06-10 22:02:20 - [TEST_STEP][PASSED] - Statement - return (java.lang.Math.floor((java.lang.Math.random() * ((max - min) + 1))) + min): Text '2.0' is set on object 'Object Repository/MOH AND GRN/Page_KDMC - CMS/input_txtdeal'

2018-06-10 22:02:20 - [MESSAGE][PASSED] - Text '2.0' is set on object 'Object Repository/MOH AND GRN/Page_KDMC - CMS/input_txtdeal'

2018-06-10 22:02:20 - [TEST_STEP][PASSED] - setText: Finding Test Object with id 'Object Repository/MOH AND GRN/Page_KDMC - CMS/input_txtbatchno'

2018-06-10 22:02:20 - [TEST_STEP][PASSED] - Statement - switch (id): Finding Test Object with id 'Object Repository/MOH AND GRN/Page_KDMC - CMS/input_txtmrp'

2018-06-10 22:02:20 - [TEST_STEP][PASSED] - Statement - case 1:: Text 'BA795.0' is set on object 'Object Repository/MOH AND GRN/Page_KDMC - CMS/input_txtbatchno'

2018-06-10 22:02:20 - [TEST_STEP][PASSED] - Statement - return (java.lang.Math.floor((java.lang.Math.random() * ((max - min) + 1))) + min): Text 'BA795.0' is set on object 'Object Repository/MOH AND GRN/Page_KDMC - CMS/input_txtbatchno'

2018-06-10 22:02:20 - [MESSAGE][PASSED] - Text 'BA795.0' is set on object 'Object Repository/MOH AND GRN/Page_KDMC - CMS/input_txtbatchno'

2018-06-10 22:02:20 - [TEST_STEP][PASSED] - rightClick: Object: 'Object Repository/GRN/Page_KDMC - CMS/input_txtexpdate' is right clicked on

2018-06-10 22:02:20 - [MESSAGE][PASSED] - Object: 'Object Repository/GRN/Page_KDMC - CMS/input_txtexpdate' is right clicked on

2018-06-10 22:02:20 - [TEST_STEP][PASSED] - selectOptionByIndex: All options with index in [9] are selected on object 'Object Repository/GRN/Page_KDMC - CMS/select_20182019202020212022202'

2018-06-10 22:02:20 - [MESSAGE][PASSED] - All options with index in [9] are selected on object 'Object Repository/GRN/Page_KDMC - CMS/select_20182019202020212022202'

2018-06-10 22:02:20 - [TEST_STEP][PASSED] - selectOptionByIndex: All options with index in [9] are selected on object 'Object Repository/GRN/Page_KDMC - CMS/select_JanFebMarAprMayJunJulAu'

2018-06-10 22:02:21 - [MESSAGE][PASSED] - All options with index in [9] are selected on object 'Object Repository/GRN/Page_KDMC - CMS/select_JanFebMarAprMayJunJulAu'

2018-06-10 22:02:21 - [TEST_STEP][PASSED] - click: Object: 'Object Repository/MOH AND GRN/Page_KDMC - CMS/a_12' is clicked on

2018-06-10 22:02:21 - [MESSAGE][PASSED] - Object: 'Object Repository/MOH AND GRN/Page_KDMC - CMS/a_12' is clicked on

2018-06-10 22:02:21 - [TEST_STEP][PASSED] - click: Object: 'Object Repository/MOH AND GRN/Page_KDMC - CMS/input_btnadd' is clicked on

2018-06-10 22:02:21 - [MESSAGE][PASSED] - Object: 'Object Repository/MOH AND GRN/Page_KDMC - CMS/input_btnadd' is clicked on

2018-06-10 22:02:21 - [TEST_STEP][PASSED] - Statement - If (s == 10): null

2018-06-10 22:02:21 - [TEST_STEP][PASSED] - Statement - Else: null

2018-06-10 22:02:21 - [TEST_STEP][PASSED] - Statement - (s++): null

2018-06-10 22:02:21 - [TEST_STEP][PASSED] - delay: Delayed 1 second(s)

2018-06-10 22:02:22 - [MESSAGE][PASSED] - Delayed 1 second(s)

2018-06-10 22:02:22 - [TEST_STEP][PASSED] - selectOptionByIndex: All options with index in [30] are selected on object 'Object Repository/MOH AND GRN/Page_KDMC - CMS/select_--Select--Amikacin -500'

2018-06-10 22:02:22 - [MESSAGE][PASSED] - All options with index in [30] are selected on object 'Object Repository/MOH AND GRN/Page_KDMC - CMS/select_--Select--Amikacin -500'

2018-06-10 22:02:22 - [TEST_STEP][PASSED] - setText: Text '5000' is set on object 'Object Repository/MOH AND GRN/Page_KDMC - CMS/input_txtqty'

2018-06-10 22:02:22 - [MESSAGE][PASSED] - Text '5000' is set on object 'Object Repository/MOH AND GRN/Page_KDMC - CMS/input_txtqty'

2018-06-10 22:02:22 - [TEST_STEP][PASSED] - selectOptionByIndex: All options with index in [1] are selected on object 'Object Repository/MOH AND GRN/Page_KDMC - CMS/select_--Select--No Tax0'

2018-06-10 22:02:22 - [MESSAGE][PASSED] - All options with index in [1] are selected on object 'Object Repository/MOH AND GRN/Page_KDMC - CMS/select_--Select--No Tax0'

2018-06-10 22:02:22 - [TEST_STEP][PASSED] - setText: Finding Test Object with id 'Object Repository/MOH AND GRN/Page_KDMC - CMS/input_txtmrp'

2018-06-10 22:02:22 - [TEST_STEP][PASSED] - Statement - switch (id): Finding Test Object with id 'Object Repository/MOH AND GRN/Page_KDMC - CMS/input_txtdeal'

2018-06-10 22:02:22 - [TEST_STEP][PASSED] - Statement - case 4:: Text '32.0' is set on object 'Object Repository/MOH AND GRN/Page_KDMC - CMS/input_txtmrp'

2018-06-10 22:02:22 - [TEST_STEP][PASSED] - Statement - return (java.lang.Math.floor((java.lang.Math.random() * ((max - min) + 1))) + min): Text '32.0' is set on object 'Object Repository/MOH AND GRN/Page_KDMC - CMS/input_txtmrp'

2018-06-10 22:02:22 - [MESSAGE][PASSED] - Text '32.0' is set on object 'Object Repository/MOH AND GRN/Page_KDMC - CMS/input_txtmrp'

2018-06-10 22:02:22 - [TEST_STEP][PASSED] - setText: Finding Test Object with id 'Object Repository/MOH AND GRN/Page_KDMC - CMS/input_txtdeal'

2018-06-10 22:02:22 - [TEST_STEP][PASSED] - Statement - switch (id): Finding Test Object with id 'Object Repository/MOH AND GRN/Page_KDMC - CMS/input_txtbatchno'

2018-06-10 22:02:22 - [TEST_STEP][PASSED] - Statement - case 5:: Text '2.0' is set on object 'Object Repository/MOH AND GRN/Page_KDMC - CMS/input_txtdeal'

2018-06-10 22:02:22 - [TEST_STEP][PASSED] - Statement - return (java.lang.Math.floor((java.lang.Math.random() * ((max - min) + 1))) + min): Text '2.0' is set on object 'Object Repository/MOH AND GRN/Page_KDMC - CMS/input_txtdeal'

2018-06-10 22:02:23 - [MESSAGE][PASSED] - Text '2.0' is set on object 'Object Repository/MOH AND GRN/Page_KDMC - CMS/input_txtdeal'

2018-06-10 22:02:23 - [TEST_STEP][PASSED] - setText: Finding Test Object with id 'Object Repository/MOH AND GRN/Page_KDMC - CMS/input_txtbatchno'

2018-06-10 22:02:23 - [TEST_STEP][PASSED] - Statement - switch (id): Finding Test Object with id 'Object Repository/MOH AND GRN/Page_KDMC - CMS/input_txtmrp'

2018-06-10 22:02:23 - [TEST_STEP][PASSED] - Statement - case 1:: Text 'BA99.0' is set on object 'Object Repository/MOH AND GRN/Page_KDMC - CMS/input_txtbatchno'

2018-06-10 22:02:23 - [TEST_STEP][PASSED] - Statement - return (java.lang.Math.floor((java.lang.Math.random() * ((max - min) + 1))) + min): Text 'BA99.0' is set on object 'Object Repository/MOH AND GRN/Page_KDMC - CMS/input_txtbatchno'

2018-06-10 22:02:23 - [MESSAGE][PASSED] - Text 'BA99.0' is set on object 'Object Repository/MOH AND GRN/Page_KDMC - CMS/input_txtbatchno'

2018-06-10 22:02:23 - [TEST_STEP][PASSED] - rightClick: Object: 'Object Repository/GRN/Page_KDMC - CMS/input_txtexpdate' is right clicked on

2018-06-10 22:02:23 - [MESSAGE][PASSED] - Object: 'Object Repository/GRN/Page_KDMC - CMS/input_txtexpdate' is right clicked on

2018-06-10 22:02:23 - [TEST_STEP][PASSED] - selectOptionByIndex: All options with index in [10] are selected on object 'Object Repository/GRN/Page_KDMC - CMS/select_20182019202020212022202'

2018-06-10 22:02:23 - [MESSAGE][PASSED] - All options with index in [10] are selected on object 'Object Repository/GRN/Page_KDMC - CMS/select_20182019202020212022202'

2018-06-10 22:02:23 - [TEST_STEP][PASSED] - selectOptionByIndex: All options with index in [10] are selected on object 'Object Repository/GRN/Page_KDMC - CMS/select_JanFebMarAprMayJunJulAu'

2018-06-10 22:02:23 - [MESSAGE][PASSED] - All options with index in [10] are selected on object 'Object Repository/GRN/Page_KDMC - CMS/select_JanFebMarAprMayJunJulAu'

2018-06-10 22:02:23 - [TEST_STEP][PASSED] - click: Object: 'Object Repository/MOH AND GRN/Page_KDMC - CMS/a_12' is clicked on

2018-06-10 22:02:23 - [MESSAGE][PASSED] - Object: 'Object Repository/MOH AND GRN/Page_KDMC - CMS/a_12' is clicked on

2018-06-10 22:02:23 - [TEST_STEP][PASSED] - click: Object: 'Object Repository/MOH AND GRN/Page_KDMC - CMS/input_btnadd' is clicked on

2018-06-10 22:02:23 - [MESSAGE][PASSED] - Object: 'Object Repository/MOH AND GRN/Page_KDMC - CMS/input_btnadd' is clicked on

2018-06-10 22:02:23 - [TEST_STEP][PASSED] - Statement - If (s == 10): null

2018-06-10 22:02:23 - [TEST_STEP][PASSED] - Statement - s = 1: null

2018-06-10 22:02:23 - [TEST_STEP][PASSED] - delay: Delayed 1 second(s)

2018-06-10 22:02:24 - [MESSAGE][PASSED] - Delayed 1 second(s)

2018-06-10 22:02:24 - [TEST_STEP][PASSED] - selectOptionByIndex: All options with index in [31] are selected on object 'Object Repository/MOH AND GRN/Page_KDMC - CMS/select_--Select--Amikacin -500'

2018-06-10 22:02:25 - [MESSAGE][PASSED] - All options with index in [31] are selected on object 'Object Repository/MOH AND GRN/Page_KDMC - CMS/select_--Select--Amikacin -500'

2018-06-10 22:02:25 - [TEST_STEP][PASSED] - setText: Text '5000' is set on object 'Object Repository/MOH AND GRN/Page_KDMC - CMS/input_txtqty'

2018-06-10 22:02:25 - [MESSAGE][PASSED] - Text '5000' is set on object 'Object Repository/MOH AND GRN/Page_KDMC - CMS/input_txtqty'

2018-06-10 22:02:25 - [TEST_STEP][PASSED] - selectOptionByIndex: All options with index in [1] are selected on object 'Object Repository/MOH AND GRN/Page_KDMC - CMS/select_--Select--No Tax0'

2018-06-10 22:02:25 - [MESSAGE][PASSED] - All options with index in [1] are selected on object 'Object Repository/MOH AND GRN/Page_KDMC - CMS/select_--Select--No Tax0'

2018-06-10 22:02:25 - [TEST_STEP][PASSED] - setText: Finding Test Object with id 'Object Repository/MOH AND GRN/Page_KDMC - CMS/input_txtmrp'

2018-06-10 22:02:25 - [TEST_STEP][PASSED] - Statement - switch (id): Finding Test Object with id 'Object Repository/MOH AND GRN/Page_KDMC - CMS/input_txtdeal'

2018-06-10 22:02:25 - [TEST_STEP][PASSED] - Statement - case 4:: Text '37.0' is set on object 'Object Repository/MOH AND GRN/Page_KDMC - CMS/input_txtmrp'

2018-06-10 22:02:25 - [TEST_STEP][PASSED] - Statement - return (java.lang.Math.floor((java.lang.Math.random() * ((max - min) + 1))) + min): Text '37.0' is set on object 'Object Repository/MOH AND GRN/Page_KDMC - CMS/input_txtmrp'

2018-06-10 22:02:25 - [MESSAGE][PASSED] - Text '37.0' is set on object 'Object Repository/MOH AND GRN/Page_KDMC - CMS/input_txtmrp'

2018-06-10 22:02:25 - [TEST_STEP][PASSED] - setText: Finding Test Object with id 'Object Repository/MOH AND GRN/Page_KDMC - CMS/input_txtdeal'

2018-06-10 22:02:25 - [TEST_STEP][PASSED] - Statement - switch (id): Finding Test Object with id 'Object Repository/MOH AND GRN/Page_KDMC - CMS/input_txtbatchno'

2018-06-10 22:02:25 - [TEST_STEP][PASSED] - Statement - case 5:: Text '1.0' is set on object 'Object Repository/MOH AND GRN/Page_KDMC - CMS/input_txtdeal'

2018-06-10 22:02:25 - [TEST_STEP][PASSED] - Statement - return (java.lang.Math.floor((java.lang.Math.random() * ((max - min) + 1))) + min): Text '1.0' is set on object 'Object Repository/MOH AND GRN/Page_KDMC - CMS/input_txtdeal'

2018-06-10 22:02:25 - [MESSAGE][PASSED] - Text '1.0' is set on object 'Object Repository/MOH AND GRN/Page_KDMC - CMS/input_txtdeal'

2018-06-10 22:02:25 - [TEST_STEP][PASSED] - setText: Finding Test Object with id 'Object Repository/MOH AND GRN/Page_KDMC - CMS/input_txtbatchno'

2018-06-10 22:02:25 - [TEST_STEP][PASSED] - Statement - switch (id): Finding Test Object with id 'Object Repository/MOH AND GRN/Page_KDMC - CMS/input_txtmrp'

2018-06-10 22:02:25 - [TEST_STEP][PASSED] - Statement - case 1:: Text 'BA428.0' is set on object 'Object Repository/MOH AND GRN/Page_KDMC - CMS/input_txtbatchno'

2018-06-10 22:02:25 - [TEST_STEP][PASSED] - Statement - return (java.lang.Math.floor((java.lang.Math.random() * ((max - min) + 1))) + min): Text 'BA428.0' is set on object 'Object Repository/MOH AND GRN/Page_KDMC - CMS/input_txtbatchno'

2018-06-10 22:02:25 - [MESSAGE][PASSED] - Text 'BA428.0' is set on object 'Object Repository/MOH AND GRN/Page_KDMC - CMS/input_txtbatchno'

2018-06-10 22:02:25 - [TEST_STEP][PASSED] - rightClick: Object: 'Object Repository/GRN/Page_KDMC - CMS/input_txtexpdate' is right clicked on

2018-06-10 22:02:25 - [MESSAGE][PASSED] - Object: 'Object Repository/GRN/Page_KDMC - CMS/input_txtexpdate' is right clicked on

2018-06-10 22:02:25 - [TEST_STEP][PASSED] - selectOptionByIndex: All options with index in [1] are selected on object 'Object Repository/GRN/Page_KDMC - CMS/select_20182019202020212022202'

2018-06-10 22:02:26 - [MESSAGE][PASSED] - All options with index in [1] are selected on object 'Object Repository/GRN/Page_KDMC - CMS/select_20182019202020212022202'

2018-06-10 22:02:26 - [TEST_STEP][PASSED] - selectOptionByIndex: All options with index in [1] are selected on object 'Object Repository/GRN/Page_KDMC - CMS/select_JanFebMarAprMayJunJulAu'

2018-06-10 22:02:26 - [MESSAGE][PASSED] - All options with index in [1] are selected on object 'Object Repository/GRN/Page_KDMC - CMS/select_JanFebMarAprMayJunJulAu'

2018-06-10 22:02:26 - [TEST_STEP][PASSED] - click: Object: 'Object Repository/MOH AND GRN/Page_KDMC - CMS/a_12' is clicked on

2018-06-10 22:02:26 - [MESSAGE][PASSED] - Object: 'Object Repository/MOH AND GRN/Page_KDMC - CMS/a_12' is clicked on

2018-06-10 22:02:26 - [TEST_STEP][PASSED] - click: Object: 'Object Repository/MOH AND GRN/Page_KDMC - CMS/input_btnadd' is clicked on

2018-06-10 22:02:26 - [MESSAGE][PASSED] - Object: 'Object Repository/MOH AND GRN/Page_KDMC - CMS/input_btnadd' is clicked on

2018-06-10 22:02:26 - [TEST_STEP][PASSED] - Statement - If (s == 10): null

2018-06-10 22:02:26 - [TEST_STEP][PASSED] - Statement - Else: null

2018-06-10 22:02:26 - [TEST_STEP][PASSED] - Statement - (s++): null

2018-06-10 22:02:26 - [TEST_STEP][PASSED] - delay: Delayed 1 second(s)

2018-06-10 22:02:27 - [MESSAGE][PASSED] - Delayed 1 second(s)

2018-06-10 22:02:27 - [TEST_STEP][PASSED] - selectOptionByIndex: All options with index in [32] are selected on object 'Object Repository/MOH AND GRN/Page_KDMC - CMS/select_--Select--Amikacin -500'

2018-06-10 22:02:27 - [MESSAGE][PASSED] - All options with index in [32] are selected on object 'Object Repository/MOH AND GRN/Page_KDMC - CMS/select_--Select--Amikacin -500'

2018-06-10 22:02:27 - [TEST_STEP][PASSED] - setText: Text '5000' is set on object 'Object Repository/MOH AND GRN/Page_KDMC - CMS/input_txtqty'

2018-06-10 22:02:27 - [MESSAGE][PASSED] - Text '5000' is set on object 'Object Repository/MOH AND GRN/Page_KDMC - CMS/input_txtqty'

2018-06-10 22:02:27 - [TEST_STEP][PASSED] - selectOptionByIndex: All options with index in [1] are selected on object 'Object Repository/MOH AND GRN/Page_KDMC - CMS/select_--Select--No Tax0'

2018-06-10 22:02:28 - [MESSAGE][PASSED] - All options with index in [1] are selected on object 'Object Repository/MOH AND GRN/Page_KDMC - CMS/select_--Select--No Tax0'

2018-06-10 22:02:28 - [TEST_STEP][PASSED] - setText: Finding Test Object with id 'Object Repository/MOH AND GRN/Page_KDMC - CMS/input_txtmrp'

2018-06-10 22:02:28 - [TEST_STEP][PASSED] - Statement - switch (id): Finding Test Object with id 'Object Repository/MOH AND GRN/Page_KDMC - CMS/input_txtdeal'

2018-06-10 22:02:28 - [TEST_STEP][PASSED] - Statement - case 4:: Text '42.0' is set on object 'Object Repository/MOH AND GRN/Page_KDMC - CMS/input_txtmrp'

2018-06-10 22:02:28 - [TEST_STEP][PASSED] - Statement - return (java.lang.Math.floor((java.lang.Math.random() * ((max - min) + 1))) + min): Text '42.0' is set on object 'Object Repository/MOH AND GRN/Page_KDMC - CMS/input_txtmrp'

2018-06-10 22:02:28 - [MESSAGE][PASSED] - Text '42.0' is set on object 'Object Repository/MOH AND GRN/Page_KDMC - CMS/input_txtmrp'

2018-06-10 22:02:28 - [TEST_STEP][PASSED] - setText: Finding Test Object with id 'Object Repository/MOH AND GRN/Page_KDMC - CMS/input_txtdeal'

2018-06-10 22:02:28 - [TEST_STEP][PASSED] - Statement - switch (id): Finding Test Object with id 'Object Repository/MOH AND GRN/Page_KDMC - CMS/input_txtbatchno'

2018-06-10 22:02:28 - [TEST_STEP][PASSED] - Statement - case 5:: Text '3.0' is set on object 'Object Repository/MOH AND GRN/Page_KDMC - CMS/input_txtdeal'

2018-06-10 22:02:28 - [TEST_STEP][PASSED] - Statement - return (java.lang.Math.floor((java.lang.Math.random() * ((max - min) + 1))) + min): Text '3.0' is set on object 'Object Repository/MOH AND GRN/Page_KDMC - CMS/input_txtdeal'

2018-06-10 22:02:28 - [MESSAGE][PASSED] - Text '3.0' is set on object 'Object Repository/MOH AND GRN/Page_KDMC - CMS/input_txtdeal'

2018-06-10 22:02:28 - [TEST_STEP][PASSED] - setText: Finding Test Object with id 'Object Repository/MOH AND GRN/Page_KDMC - CMS/input_txtbatchno'

2018-06-10 22:02:28 - [TEST_STEP][PASSED] - Statement - switch (id): Finding Test Object with id 'Object Repository/MOH AND GRN/Page_KDMC - CMS/input_txtmrp'

2018-06-10 22:02:28 - [TEST_STEP][PASSED] - Statement - case 1:: Text 'BA469.0' is set on object 'Object Repository/MOH AND GRN/Page_KDMC - CMS/input_txtbatchno'

2018-06-10 22:02:28 - [TEST_STEP][PASSED] - Statement - return (java.lang.Math.floor((java.lang.Math.random() * ((max - min) + 1))) + min): Text 'BA469.0' is set on object 'Object Repository/MOH AND GRN/Page_KDMC - CMS/input_txtbatchno'

2018-06-10 22:02:28 - [MESSAGE][PASSED] - Text 'BA469.0' is set on object 'Object Repository/MOH AND GRN/Page_KDMC - CMS/input_txtbatchno'

2018-06-10 22:02:28 - [TEST_STEP][PASSED] - rightClick: Object: 'Object Repository/GRN/Page_KDMC - CMS/input_txtexpdate' is right clicked on

2018-06-10 22:02:28 - [MESSAGE][PASSED] - Object: 'Object Repository/GRN/Page_KDMC - CMS/input_txtexpdate' is right clicked on

2018-06-10 22:02:28 - [TEST_STEP][PASSED] - selectOptionByIndex: All options with index in [2] are selected on object 'Object Repository/GRN/Page_KDMC - CMS/select_20182019202020212022202'

2018-06-10 22:02:28 - [MESSAGE][PASSED] - All options with index in [2] are selected on object 'Object Repository/GRN/Page_KDMC - CMS/select_20182019202020212022202'

2018-06-10 22:02:28 - [TEST_STEP][PASSED] - selectOptionByIndex: All options with index in [2] are selected on object 'Object Repository/GRN/Page_KDMC - CMS/select_JanFebMarAprMayJunJulAu'

2018-06-10 22:02:28 - [MESSAGE][PASSED] - All options with index in [2] are selected on object 'Object Repository/GRN/Page_KDMC - CMS/select_JanFebMarAprMayJunJulAu'

2018-06-10 22:02:28 - [TEST_STEP][PASSED] - click: Object: 'Object Repository/MOH AND GRN/Page_KDMC - CMS/a_12' is clicked on

2018-06-10 22:02:28 - [MESSAGE][PASSED] - Object: 'Object Repository/MOH AND GRN/Page_KDMC - CMS/a_12' is clicked on

2018-06-10 22:02:28 - [TEST_STEP][PASSED] - click: Object: 'Object Repository/MOH AND GRN/Page_KDMC - CMS/input_btnadd' is clicked on

2018-06-10 22:02:29 - [MESSAGE][PASSED] - Object: 'Object Repository/MOH AND GRN/Page_KDMC - CMS/input_btnadd' is clicked on

2018-06-10 22:02:29 - [TEST_STEP][PASSED] - Statement - If (s == 10): null

2018-06-10 22:02:29 - [TEST_STEP][PASSED] - Statement - Else: null

2018-06-10 22:02:29 - [TEST_STEP][PASSED] - Statement - (s++): null

2018-06-10 22:02:29 - [TEST_STEP][PASSED] - delay: Delayed 1 second(s)

2018-06-10 22:02:30 - [MESSAGE][PASSED] - Delayed 1 second(s)

2018-06-10 22:02:30 - [TEST_STEP][PASSED] - selectOptionByIndex: All options with index in [33] are selected on object 'Object Repository/MOH AND GRN/Page_KDMC - CMS/select_--Select--Amikacin -500'

2018-06-10 22:02:30 - [MESSAGE][PASSED] - All options with index in [33] are selected on object 'Object Repository/MOH AND GRN/Page_KDMC - CMS/select_--Select--Amikacin -500'

2018-06-10 22:02:30 - [TEST_STEP][PASSED] - setText: Text '5000' is set on object 'Object Repository/MOH AND GRN/Page_KDMC - CMS/input_txtqty'

2018-06-10 22:02:30 - [MESSAGE][PASSED] - Text '5000' is set on object 'Object Repository/MOH AND GRN/Page_KDMC - CMS/input_txtqty'

2018-06-10 22:02:30 - [TEST_STEP][PASSED] - selectOptionByIndex: All options with index in [1] are selected on object 'Object Repository/MOH AND GRN/Page_KDMC - CMS/select_--Select--No Tax0'

2018-06-10 22:02:30 - [MESSAGE][PASSED] - All options with index in [1] are selected on object 'Object Repository/MOH AND GRN/Page_KDMC - CMS/select_--Select--No Tax0'

2018-06-10 22:02:30 - [TEST_STEP][PASSED] - setText: Finding Test Object with id 'Object Repository/MOH AND GRN/Page_KDMC - CMS/input_txtmrp'

2018-06-10 22:02:30 - [TEST_STEP][PASSED] - Statement - switch (id): Finding Test Object with id 'Object Repository/MOH AND GRN/Page_KDMC - CMS/input_txtdeal'

2018-06-10 22:02:30 - [TEST_STEP][PASSED] - Statement - case 4:: Text '36.0' is set on object 'Object Repository/MOH AND GRN/Page_KDMC - CMS/input_txtmrp'

2018-06-10 22:02:30 - [TEST_STEP][PASSED] - Statement - return (java.lang.Math.floor((java.lang.Math.random() * ((max - min) + 1))) + min): Text '36.0' is set on object 'Object Repository/MOH AND GRN/Page_KDMC - CMS/input_txtmrp'

2018-06-10 22:02:30 - [MESSAGE][PASSED] - Text '36.0' is set on object 'Object Repository/MOH AND GRN/Page_KDMC - CMS/input_txtmrp'

2018-06-10 22:02:30 - [TEST_STEP][PASSED] - setText: Finding Test Object with id 'Object Repository/MOH AND GRN/Page_KDMC - CMS/input_txtdeal'

2018-06-10 22:02:30 - [TEST_STEP][PASSED] - Statement - switch (id): Finding Test Object with id 'Object Repository/MOH AND GRN/Page_KDMC - CMS/input_txtbatchno'

2018-06-10 22:02:30 - [TEST_STEP][PASSED] - Statement - case 5:: Text '7.0' is set on object 'Object Repository/MOH AND GRN/Page_KDMC - CMS/input_txtdeal'

2018-06-10 22:02:30 - [TEST_STEP][PASSED] - Statement - return (java.lang.Math.floor((java.lang.Math.random() * ((max - min) + 1))) + min): Text '7.0' is set on object 'Object Repository/MOH AND GRN/Page_KDMC - CMS/input_txtdeal'

2018-06-10 22:02:30 - [MESSAGE][PASSED] - Text '7.0' is set on object 'Object Repository/MOH AND GRN/Page_KDMC - CMS/input_txtdeal'

2018-06-10 22:02:30 - [TEST_STEP][PASSED] - setText: Finding Test Object with id 'Object Repository/MOH AND GRN/Page_KDMC - CMS/input_txtbatchno'

2018-06-10 22:02:30 - [TEST_STEP][PASSED] - Statement - switch (id): Finding Test Object with id 'Object Repository/MOH AND GRN/Page_KDMC - CMS/input_txtmrp'

2018-06-10 22:02:30 - [TEST_STEP][PASSED] - Statement - case 1:: Text 'BA349.0' is set on object 'Object Repository/MOH AND GRN/Page_KDMC - CMS/input_txtbatchno'

2018-06-10 22:02:30 - [TEST_STEP][PASSED] - Statement - return (java.lang.Math.floor((java.lang.Math.random() * ((max - min) + 1))) + min): Text 'BA349.0' is set on object 'Object Repository/MOH AND GRN/Page_KDMC - CMS/input_txtbatchno'

2018-06-10 22:02:31 - [MESSAGE][PASSED] - Text 'BA349.0' is set on object 'Object Repository/MOH AND GRN/Page_KDMC - CMS/input_txtbatchno'

2018-06-10 22:02:31 - [TEST_STEP][PASSED] - rightClick: Object: 'Object Repository/GRN/Page_KDMC - CMS/input_txtexpdate' is right clicked on

2018-06-10 22:02:31 - [MESSAGE][PASSED] - Object: 'Object Repository/GRN/Page_KDMC - CMS/input_txtexpdate' is right clicked on

2018-06-10 22:02:31 - [TEST_STEP][PASSED] - selectOptionByIndex: All options with index in [3] are selected on object 'Object Repository/GRN/Page_KDMC - CMS/select_20182019202020212022202'

2018-06-10 22:02:31 - [MESSAGE][PASSED] - All options with index in [3] are selected on object 'Object Repository/GRN/Page_KDMC - CMS/select_20182019202020212022202'

2018-06-10 22:02:31 - [TEST_STEP][PASSED] - selectOptionByIndex: All options with index in [3] are selected on object 'Object Repository/GRN/Page_KDMC - CMS/select_JanFebMarAprMayJunJulAu'

2018-06-10 22:02:31 - [MESSAGE][PASSED] - All options with index in [3] are selected on object 'Object Repository/GRN/Page_KDMC - CMS/select_JanFebMarAprMayJunJulAu'

2018-06-10 22:02:31 - [TEST_STEP][PASSED] - click: Object: 'Object Repository/MOH AND GRN/Page_KDMC - CMS/a_12' is clicked on

2018-06-10 22:02:31 - [MESSAGE][PASSED] - Object: 'Object Repository/MOH AND GRN/Page_KDMC - CMS/a_12' is clicked on

2018-06-10 22:02:31 - [TEST_STEP][PASSED] - click: Object: 'Object Repository/MOH AND GRN/Page_KDMC - CMS/input_btnadd' is clicked on

2018-06-10 22:02:31 - [MESSAGE][PASSED] - Object: 'Object Repository/MOH AND GRN/Page_KDMC - CMS/input_btnadd' is clicked on

2018-06-10 22:02:31 - [TEST_STEP][PASSED] - Statement - If (s == 10): null

2018-06-10 22:02:31 - [TEST_STEP][PASSED] - Statement - Else: null

2018-06-10 22:02:31 - [TEST_STEP][PASSED] - Statement - (s++): null

2018-06-10 22:02:31 - [TEST_STEP][PASSED] - delay: Delayed 1 second(s)

2018-06-10 22:02:32 - [MESSAGE][PASSED] - Delayed 1 second(s)

2018-06-10 22:02:32 - [TEST_STEP][PASSED] - selectOptionByIndex: All options with index in [34] are selected on object 'Object Repository/MOH AND GRN/Page_KDMC - CMS/select_--Select--Amikacin -500'

2018-06-10 22:02:33 - [MESSAGE][PASSED] - All options with index in [34] are selected on object 'Object Repository/MOH AND GRN/Page_KDMC - CMS/select_--Select--Amikacin -500'

2018-06-10 22:02:33 - [TEST_STEP][PASSED] - setText: Text '5000' is set on object 'Object Repository/MOH AND GRN/Page_KDMC - CMS/input_txtqty'

2018-06-10 22:02:33 - [MESSAGE][PASSED] - Text '5000' is set on object 'Object Repository/MOH AND GRN/Page_KDMC - CMS/input_txtqty'

2018-06-10 22:02:33 - [TEST_STEP][PASSED] - selectOptionByIndex: All options with index in [1] are selected on object 'Object Repository/MOH AND GRN/Page_KDMC - CMS/select_--Select--No Tax0'

2018-06-10 22:02:33 - [MESSAGE][PASSED] - All options with index in [1] are selected on object 'Object Repository/MOH AND GRN/Page_KDMC - CMS/select_--Select--No Tax0'

2018-06-10 22:02:33 - [TEST_STEP][PASSED] - setText: Finding Test Object with id 'Object Repository/MOH AND GRN/Page_KDMC - CMS/input_txtmrp'

2018-06-10 22:02:33 - [TEST_STEP][PASSED] - Statement - switch (id): Finding Test Object with id 'Object Repository/MOH AND GRN/Page_KDMC - CMS/input_txtdeal'

2018-06-10 22:02:33 - [TEST_STEP][PASSED] - Statement - case 4:: Text '16.0' is set on object 'Object Repository/MOH AND GRN/Page_KDMC - CMS/input_txtmrp'

2018-06-10 22:02:33 - [TEST_STEP][PASSED] - Statement - return (java.lang.Math.floor((java.lang.Math.random() * ((max - min) + 1))) + min): Text '16.0' is set on object 'Object Repository/MOH AND GRN/Page_KDMC - CMS/input_txtmrp'

2018-06-10 22:02:33 - [MESSAGE][PASSED] - Text '16.0' is set on object 'Object Repository/MOH AND GRN/Page_KDMC - CMS/input_txtmrp'

2018-06-10 22:02:33 - [TEST_STEP][PASSED] - setText: Finding Test Object with id 'Object Repository/MOH AND GRN/Page_KDMC - CMS/input_txtdeal'

2018-06-10 22:02:33 - [TEST_STEP][PASSED] - Statement - switch (id): Finding Test Object with id 'Object Repository/MOH AND GRN/Page_KDMC - CMS/input_txtbatchno'

2018-06-10 22:02:33 - [TEST_STEP][PASSED] - Statement - case 5:: Text '10.0' is set on object 'Object Repository/MOH AND GRN/Page_KDMC - CMS/input_txtdeal'

2018-06-10 22:02:33 - [TEST_STEP][PASSED] - Statement - return (java.lang.Math.floor((java.lang.Math.random() * ((max - min) + 1))) + min): Text '10.0' is set on object 'Object Repository/MOH AND GRN/Page_KDMC - CMS/input_txtdeal'

2018-06-10 22:02:33 - [MESSAGE][PASSED] - Text '10.0' is set on object 'Object Repository/MOH AND GRN/Page_KDMC - CMS/input_txtdeal'

2018-06-10 22:02:33 - [TEST_STEP][PASSED] - setText: Finding Test Object with id 'Object Repository/MOH AND GRN/Page_KDMC - CMS/input_txtbatchno'

2018-06-10 22:02:33 - [TEST_STEP][PASSED] - Statement - switch (id): Finding Test Object with id 'Object Repository/MOH AND GRN/Page_KDMC - CMS/input_txtmrp'

2018-06-10 22:02:33 - [TEST_STEP][PASSED] - Statement - case 1:: Text 'BA566.0' is set on object 'Object Repository/MOH AND GRN/Page_KDMC - CMS/input_txtbatchno'

2018-06-10 22:02:33 - [TEST_STEP][PASSED] - Statement - return (java.lang.Math.floor((java.lang.Math.random() * ((max - min) + 1))) + min): Text 'BA566.0' is set on object 'Object Repository/MOH AND GRN/Page_KDMC - CMS/input_txtbatchno'

2018-06-10 22:02:33 - [MESSAGE][PASSED] - Text 'BA566.0' is set on object 'Object Repository/MOH AND GRN/Page_KDMC - CMS/input_txtbatchno'

2018-06-10 22:02:33 - [TEST_STEP][PASSED] - rightClick: Object: 'Object Repository/GRN/Page_KDMC - CMS/input_txtexpdate' is right clicked on

2018-06-10 22:02:33 - [MESSAGE][PASSED] - Object: 'Object Repository/GRN/Page_KDMC - CMS/input_txtexpdate' is right clicked on

2018-06-10 22:02:33 - [TEST_STEP][PASSED] - selectOptionByIndex: All options with index in [4] are selected on object 'Object Repository/GRN/Page_KDMC - CMS/select_20182019202020212022202'

2018-06-10 22:02:33 - [MESSAGE][PASSED] - All options with index in [4] are selected on object 'Object Repository/GRN/Page_KDMC - CMS/select_20182019202020212022202'

2018-06-10 22:02:33 - [TEST_STEP][PASSED] - selectOptionByIndex: All options with index in [4] are selected on object 'Object Repository/GRN/Page_KDMC - CMS/select_JanFebMarAprMayJunJulAu'

2018-06-10 22:02:34 - [MESSAGE][PASSED] - All options with index in [4] are selected on object 'Object Repository/GRN/Page_KDMC - CMS/select_JanFebMarAprMayJunJulAu'

2018-06-10 22:02:34 - [TEST_STEP][PASSED] - click: Object: 'Object Repository/MOH AND GRN/Page_KDMC - CMS/a_12' is clicked on

2018-06-10 22:02:34 - [MESSAGE][PASSED] - Object: 'Object Repository/MOH AND GRN/Page_KDMC - CMS/a_12' is clicked on

2018-06-10 22:02:34 - [TEST_STEP][PASSED] - click: Object: 'Object Repository/MOH AND GRN/Page_KDMC - CMS/input_btnadd' is clicked on

2018-06-10 22:02:34 - [MESSAGE][PASSED] - Object: 'Object Repository/MOH AND GRN/Page_KDMC - CMS/input_btnadd' is clicked on

2018-06-10 22:02:34 - [TEST_STEP][PASSED] - Statement - If (s == 10): null

2018-06-10 22:02:34 - [TEST_STEP][PASSED] - Statement - Else: null

2018-06-10 22:02:34 - [TEST_STEP][PASSED] - Statement - (s++): null

2018-06-10 22:02:34 - [TEST_STEP][PASSED] - delay: Delayed 1 second(s)

2018-06-10 22:02:35 - [MESSAGE][PASSED] - Delayed 1 second(s)

2018-06-10 22:02:35 - [TEST_STEP][PASSED] - selectOptionByIndex: All options with index in [35] are selected on object 'Object Repository/MOH AND GRN/Page_KDMC - CMS/select_--Select--Amikacin -500'

2018-06-10 22:02:35 - [MESSAGE][PASSED] - All options with index in [35] are selected on object 'Object Repository/MOH AND GRN/Page_KDMC - CMS/select_--Select--Amikacin -500'

2018-06-10 22:02:35 - [TEST_STEP][PASSED] - setText: Text '5000' is set on object 'Object Repository/MOH AND GRN/Page_KDMC - CMS/input_txtqty'

2018-06-10 22:02:35 - [MESSAGE][PASSED] - Text '5000' is set on object 'Object Repository/MOH AND GRN/Page_KDMC - CMS/input_txtqty'

2018-06-10 22:02:35 - [TEST_STEP][PASSED] - selectOptionByIndex: All options with index in [1] are selected on object 'Object Repository/MOH AND GRN/Page_KDMC - CMS/select_--Select--No Tax0'

2018-06-10 22:02:35 - [MESSAGE][PASSED] - All options with index in [1] are selected on object 'Object Repository/MOH AND GRN/Page_KDMC - CMS/select_--Select--No Tax0'

2018-06-10 22:02:35 - [TEST_STEP][PASSED] - setText: Finding Test Object with id 'Object Repository/MOH AND GRN/Page_KDMC - CMS/input_txtmrp'

2018-06-10 22:02:35 - [TEST_STEP][PASSED] - Statement - switch (id): Finding Test Object with id 'Object Repository/MOH AND GRN/Page_KDMC - CMS/input_txtdeal'

2018-06-10 22:02:35 - [TEST_STEP][PASSED] - Statement - case 4:: Text '39.0' is set on object 'Object Repository/MOH AND GRN/Page_KDMC - CMS/input_txtmrp'

2018-06-10 22:02:35 - [TEST_STEP][PASSED] - Statement - return (java.lang.Math.floor((java.lang.Math.random() * ((max - min) + 1))) + min): Text '39.0' is set on object 'Object Repository/MOH AND GRN/Page_KDMC - CMS/input_txtmrp'

2018-06-10 22:02:36 - [MESSAGE][PASSED] - Text '39.0' is set on object 'Object Repository/MOH AND GRN/Page_KDMC - CMS/input_txtmrp'

2018-06-10 22:02:36 - [TEST_STEP][PASSED] - setText: Finding Test Object with id 'Object Repository/MOH AND GRN/Page_KDMC - CMS/input_txtdeal'

2018-06-10 22:02:36 - [TEST_STEP][PASSED] - Statement - switch (id): Finding Test Object with id 'Object Repository/MOH AND GRN/Page_KDMC - CMS/input_txtbatchno'

2018-06-10 22:02:36 - [TEST_STEP][PASSED] - Statement - case 5:: Text '1.0' is set on object 'Object Repository/MOH AND GRN/Page_KDMC - CMS/input_txtdeal'

2018-06-10 22:02:36 - [TEST_STEP][PASSED] - Statement - return (java.lang.Math.floor((java.lang.Math.random() * ((max - min) + 1))) + min): Text '1.0' is set on object 'Object Repository/MOH AND GRN/Page_KDMC - CMS/input_txtdeal'

2018-06-10 22:02:36 - [MESSAGE][PASSED] - Text '1.0' is set on object 'Object Repository/MOH AND GRN/Page_KDMC - CMS/input_txtdeal'

2018-06-10 22:02:36 - [TEST_STEP][PASSED] - setText: Finding Test Object with id 'Object Repository/MOH AND GRN/Page_KDMC - CMS/input_txtbatchno'

2018-06-10 22:02:36 - [TEST_STEP][PASSED] - Statement - switch (id): Delayed 1 second(s)

2018-06-10 22:02:36 - [TEST_STEP][PASSED] - Statement - case 1:: Text 'BA883.0' is set on object 'Object Repository/MOH AND GRN/Page_KDMC - CMS/input_txtbatchno'

2018-06-10 22:02:36 - [TEST_STEP][PASSED] - Statement - return (java.lang.Math.floor((java.lang.Math.random() * ((max - min) + 1))) + min): Text 'BA883.0' is set on object 'Object Repository/MOH AND GRN/Page_KDMC - CMS/input_txtbatchno'

2018-06-10 22:02:36 - [MESSAGE][PASSED] - Text 'BA883.0' is set on object 'Object Repository/MOH AND GRN/Page_KDMC - CMS/input_txtbatchno'

2018-06-10 22:02:36 - [TEST_STEP][PASSED] - rightClick: Object: 'Object Repository/GRN/Page_KDMC - CMS/input_txtexpdate' is right clicked on

2018-06-10 22:02:36 - [MESSAGE][PASSED] - Object: 'Object Repository/GRN/Page_KDMC - CMS/input_txtexpdate' is right clicked on

2018-06-10 22:02:36 - [TEST_STEP][PASSED] - selectOptionByIndex: All options with index in [5] are selected on object 'Object Repository/GRN/Page_KDMC - CMS/select_20182019202020212022202'

2018-06-10 22:02:36 - [MESSAGE][PASSED] - All options with index in [5] are selected on object 'Object Repository/GRN/Page_KDMC - CMS/select_20182019202020212022202'

2018-06-10 22:02:36 - [TEST_STEP][PASSED] - selectOptionByIndex: All options with index in [5] are selected on object 'Object Repository/GRN/Page_KDMC - CMS/select_JanFebMarAprMayJunJulAu'

2018-06-10 22:02:36 - [MESSAGE][PASSED] - All options with index in [5] are selected on object 'Object Repository/GRN/Page_KDMC - CMS/select_JanFebMarAprMayJunJulAu'

2018-06-10 22:02:36 - [TEST_STEP][PASSED] - click: Object: 'Object Repository/MOH AND GRN/Page_KDMC - CMS/a_12' is clicked on

2018-06-10 22:02:36 - [MESSAGE][PASSED] - Object: 'Object Repository/MOH AND GRN/Page_KDMC - CMS/a_12' is clicked on

2018-06-10 22:02:36 - [TEST_STEP][PASSED] - click: Object: 'Object Repository/MOH AND GRN/Page_KDMC - CMS/input_btnadd' is clicked on

2018-06-10 22:02:36 - [MESSAGE][PASSED] - Object: 'Object Repository/MOH AND GRN/Page_KDMC - CMS/input_btnadd' is clicked on

2018-06-10 22:02:36 - [TEST_STEP][PASSED] - Statement - If (s == 10): null

2018-06-10 22:02:36 - [TEST_STEP][PASSED] - Statement - Else: null

2018-06-10 22:02:36 - [TEST_STEP][PASSED] - Statement - (s++): null

2018-06-10 22:02:36 - [TEST_STEP][PASSED] - delay: Delayed 1 second(s)

2018-06-10 22:02:37 - [MESSAGE][PASSED] - Delayed 1 second(s)

2018-06-10 22:02:37 - [TEST_STEP][PASSED] - scrollToElement: Scroll to object 'Object Repository/MOH AND GRN/Page_KDMC - CMS/input_btnSubmit' successfully

2018-06-10 22:02:37 - [MESSAGE][PASSED] - Scroll to object 'Object Repository/MOH AND GRN/Page_KDMC - CMS/input_btnSubmit' successfully

2018-06-10 22:02:37 - [TEST_STEP][PASSED] - click: Object: 'Object Repository/MOH AND GRN/Page_KDMC - CMS/input_btnSubmit' is clicked on

2018-06-10 22:02:38 - [MESSAGE][PASSED] - Object: 'Object Repository/MOH AND GRN/Page_KDMC - CMS/input_btnSubmit' is clicked on

2018-06-10 22:02:38 - [TEST_STEP][PASSED] - delay: Delayed 3 second(s)

2018-06-10 22:02:41 - [MESSAGE][PASSED] - Delayed 3 second(s)

2018-06-10 22:02:41 - [TEST_STEP][PASSED] - click: Object: 'Object Repository/MOH AND GRN/Page_KDMC - CMS/button_OK' is clicked on

2018-06-10 22:02:41 - [MESSAGE][PASSED] - Object: 'Object Repository/MOH AND GRN/Page_KDMC - CMS/button_OK' is clicked on

2018-06-10 22:02:41 - [TEST_STEP][PASSED] - delay: Delayed 2 second(s)

2018-06-10 22:02:43 - [MESSAGE][PASSED] - Delayed 2 second(s)

2018-06-10 22:02:43 - [TEST_STEP][PASSED] - delay: Delayed 3 second(s)

2018-06-10 22:02:46 - [MESSAGE][PASSED] - Delayed 3 second(s)

2018-06-10 22:02:46 - [TEST_STEP][PASSED] - click: Object: 'Object Repository/MOH AND GRN/Page_KDMC - CMS/a_dropdown-toggle' is clicked on

2018-06-10 22:02:46 - [MESSAGE][PASSED] - Object: 'Object Repository/MOH AND GRN/Page_KDMC - CMS/a_dropdown-toggle' is clicked on

2018-06-10 22:02:46 - [TEST_STEP][PASSED] - click: Object: 'Object Repository/MOH AND GRN/Page_KDMC - CMS/a_Sign out' is clicked on

2018-06-10 22:02:47 - [MESSAGE][PASSED] - Object: 'Object Repository/MOH AND GRN/Page_KDMC - CMS/a_Sign out' is clicked on

2018-06-10 22:02:47 - [TEST_STEP][PASSED] - closeBrowser: Browser is closed

2018-06-10 22:02:47 - [MESSAGE][PASSED] - Browser is closed]]></system-out>
         <system-err><![CDATA[]]></system-err>
      </testcase>
      <testcase name="Test Cases/TEST/MOH REQUEST AND GRN/Moh Request GRN  Schedule 10" classname="Test Cases/TEST/MOH REQUEST AND GRN/Moh Request GRN  Schedule 10" status="PASSED">
         <system-out><![CDATA[2018-06-10 22:02:47 - [TEST_CASE][PASSED] - Test Cases/TEST/MOH REQUEST AND GRN/Moh Request GRN  Schedule 10: Test Cases/TEST/MOH REQUEST AND GRN/Moh Request GRN  Schedule 10

2018-06-10 22:02:47 - [TEST_STEP][PASSED] - openBrowser: Browser is opened with url: ''

2018-06-10 22:02:49 - [MESSAGE][PASSED] - Browser is opened with url: ''

2018-06-10 22:02:49 - [TEST_STEP][PASSED] - navigateToUrl: Navigate to 'http://192.168.137.1/multihospital_new/' successfully

2018-06-10 22:02:51 - [MESSAGE][PASSED] - Navigate to 'http://192.168.137.1/multihospital_new/' successfully

2018-06-10 22:02:51 - [TEST_STEP][PASSED] - maximizeWindow: Current window maximized

2018-06-10 22:02:52 - [MESSAGE][PASSED] - Current window maximized

2018-06-10 22:02:52 - [TEST_STEP][PASSED] - click: Object: 'Object Repository/MOH AND GRN/Page_KDMC/a_CMS' is clicked on

2018-06-10 22:02:53 - [MESSAGE][PASSED] - Object: 'Object Repository/MOH AND GRN/Page_KDMC/a_CMS' is clicked on

2018-06-10 22:02:53 - [TEST_STEP][PASSED] - setText: Text 'bala' is set on object 'Object Repository/MOH AND GRN/Page_CMS login/input_txtusername'

2018-06-10 22:02:53 - [MESSAGE][PASSED] - Text 'bala' is set on object 'Object Repository/MOH AND GRN/Page_CMS login/input_txtusername'

2018-06-10 22:02:53 - [TEST_STEP][PASSED] - setText: Text '123' is set on object 'Object Repository/MOH AND GRN/Page_CMS login/input_txtpassword'

2018-06-10 22:02:53 - [MESSAGE][PASSED] - Text '123' is set on object 'Object Repository/MOH AND GRN/Page_CMS login/input_txtpassword'

2018-06-10 22:02:53 - [TEST_STEP][PASSED] - delay: Delayed 3 second(s)

2018-06-10 22:02:56 - [MESSAGE][PASSED] - Delayed 3 second(s)

2018-06-10 22:02:56 - [TEST_STEP][PASSED] - click: Object: 'Object Repository/MOH AND GRN/Page_CMS login/button_Sign in' is clicked on

2018-06-10 22:02:57 - [MESSAGE][PASSED] - Object: 'Object Repository/MOH AND GRN/Page_CMS login/button_Sign in' is clicked on

2018-06-10 22:02:57 - [TEST_STEP][PASSED] - click: Object: 'Object Repository/MOH AND GRN/Page_KDMC - CMS/a_Request to MOH' is clicked on

2018-06-10 22:02:58 - [MESSAGE][PASSED] - Object: 'Object Repository/MOH AND GRN/Page_KDMC - CMS/a_Request to MOH' is clicked on

2018-06-10 22:02:58 - [TEST_STEP][PASSED] - selectOptionByIndex: All options with index in [2] are selected on object 'Object Repository/MOH AND GRN/Page_KDMC - CMS/select_--Select--'

2018-06-10 22:02:58 - [MESSAGE][PASSED] - All options with index in [2] are selected on object 'Object Repository/MOH AND GRN/Page_KDMC - CMS/select_--Select--'

2018-06-10 22:02:58 - [TEST_STEP][PASSED] - selectOptionByIndex: All options with index in [10] are selected on object 'Object Repository/MOH AND GRN/Page_KDMC - CMS/select_--Select--Schedule 1Inj'

2018-06-10 22:02:59 - [MESSAGE][PASSED] - All options with index in [10] are selected on object 'Object Repository/MOH AND GRN/Page_KDMC - CMS/select_--Select--Schedule 1Inj'

2018-06-10 22:02:59 - [TEST_STEP][PASSED] - Statement - selectedoptions = com.kms.katalon.core.webui.keyword.WebUiBuiltInKeywords.getNumberOfTotalOption(com.kms.katalon.core.testobject.ObjectRepository.findTestObject(MOH AND GRN/Page_KDMC - CMS/select_--Select--Adernaline 0.)): 19 options of object 'Object Repository/MOH AND GRN/Page_KDMC - CMS/select_--Select--Adernaline 0.' counted

2018-06-10 22:02:59 - [MESSAGE][PASSED] - 19 options of object 'Object Repository/MOH AND GRN/Page_KDMC - CMS/select_--Select--Adernaline 0.' counted

2018-06-10 22:02:59 - [TEST_STEP][PASSED] - Statement - For ([j = 1, j <= selectedoptions - 1, (j++)]): Object: 'Object Repository/MOH AND GRN/Page_KDMC - CMS/button_Add' is clicked on

2018-06-10 22:02:59 - [TEST_STEP][PASSED] - selectOptionByIndex: All options with index in [10] are selected on object 'Object Repository/MOH AND GRN/Page_KDMC - CMS/select_--Select--Schedule 1Inj'

2018-06-10 22:02:59 - [MESSAGE][PASSED] - All options with index in [10] are selected on object 'Object Repository/MOH AND GRN/Page_KDMC - CMS/select_--Select--Schedule 1Inj'

2018-06-10 22:02:59 - [TEST_STEP][PASSED] - selectOptionByIndex: All options with index in [1] are selected on object 'Object Repository/MOH AND GRN/Page_KDMC - CMS/select_--Select--Adernaline 0.'

2018-06-10 22:02:59 - [MESSAGE][PASSED] - All options with index in [1] are selected on object 'Object Repository/MOH AND GRN/Page_KDMC - CMS/select_--Select--Adernaline 0.'

2018-06-10 22:02:59 - [TEST_STEP][PASSED] - setText: Text '5000' is set on object 'Object Repository/MOH AND GRN/Page_KDMC - CMS/input_txttreat'

2018-06-10 22:02:59 - [MESSAGE][PASSED] - Text '5000' is set on object 'Object Repository/MOH AND GRN/Page_KDMC - CMS/input_txttreat'

2018-06-10 22:02:59 - [TEST_STEP][PASSED] - click: Object: 'Object Repository/MOH AND GRN/Page_KDMC - CMS/button_Add' is clicked on

2018-06-10 22:02:59 - [MESSAGE][PASSED] - Object: 'Object Repository/MOH AND GRN/Page_KDMC - CMS/button_Add' is clicked on

2018-06-10 22:02:59 - [TEST_STEP][PASSED] - selectOptionByIndex: All options with index in [10] are selected on object 'Object Repository/MOH AND GRN/Page_KDMC - CMS/select_--Select--Schedule 1Inj'

2018-06-10 22:02:59 - [MESSAGE][PASSED] - All options with index in [10] are selected on object 'Object Repository/MOH AND GRN/Page_KDMC - CMS/select_--Select--Schedule 1Inj'

2018-06-10 22:02:59 - [TEST_STEP][PASSED] - selectOptionByIndex: All options with index in [2] are selected on object 'Object Repository/MOH AND GRN/Page_KDMC - CMS/select_--Select--Adernaline 0.'

2018-06-10 22:03:00 - [MESSAGE][PASSED] - All options with index in [2] are selected on object 'Object Repository/MOH AND GRN/Page_KDMC - CMS/select_--Select--Adernaline 0.'

2018-06-10 22:03:00 - [TEST_STEP][PASSED] - setText: Text '5000' is set on object 'Object Repository/MOH AND GRN/Page_KDMC - CMS/input_txttreat'

2018-06-10 22:03:00 - [MESSAGE][PASSED] - Text '5000' is set on object 'Object Repository/MOH AND GRN/Page_KDMC - CMS/input_txttreat'

2018-06-10 22:03:00 - [TEST_STEP][PASSED] - click: Object: 'Object Repository/MOH AND GRN/Page_KDMC - CMS/button_Add' is clicked on

2018-06-10 22:03:00 - [MESSAGE][PASSED] - Object: 'Object Repository/MOH AND GRN/Page_KDMC - CMS/button_Add' is clicked on

2018-06-10 22:03:00 - [TEST_STEP][PASSED] - selectOptionByIndex: All options with index in [10] are selected on object 'Object Repository/MOH AND GRN/Page_KDMC - CMS/select_--Select--Schedule 1Inj'

2018-06-10 22:03:00 - [MESSAGE][PASSED] - All options with index in [10] are selected on object 'Object Repository/MOH AND GRN/Page_KDMC - CMS/select_--Select--Schedule 1Inj'

2018-06-10 22:03:00 - [TEST_STEP][PASSED] - selectOptionByIndex: All options with index in [3] are selected on object 'Object Repository/MOH AND GRN/Page_KDMC - CMS/select_--Select--Adernaline 0.'

2018-06-10 22:03:00 - [MESSAGE][PASSED] - All options with index in [3] are selected on object 'Object Repository/MOH AND GRN/Page_KDMC - CMS/select_--Select--Adernaline 0.'

2018-06-10 22:03:00 - [TEST_STEP][PASSED] - setText: Text '5000' is set on object 'Object Repository/MOH AND GRN/Page_KDMC - CMS/input_txttreat'

2018-06-10 22:03:00 - [MESSAGE][PASSED] - Text '5000' is set on object 'Object Repository/MOH AND GRN/Page_KDMC - CMS/input_txttreat'

2018-06-10 22:03:00 - [TEST_STEP][PASSED] - click: Object: 'Object Repository/MOH AND GRN/Page_KDMC - CMS/button_Add' is clicked on

2018-06-10 22:03:00 - [MESSAGE][PASSED] - Object: 'Object Repository/MOH AND GRN/Page_KDMC - CMS/button_Add' is clicked on

2018-06-10 22:03:00 - [TEST_STEP][PASSED] - selectOptionByIndex: All options with index in [10] are selected on object 'Object Repository/MOH AND GRN/Page_KDMC - CMS/select_--Select--Schedule 1Inj'

2018-06-10 22:03:00 - [MESSAGE][PASSED] - All options with index in [10] are selected on object 'Object Repository/MOH AND GRN/Page_KDMC - CMS/select_--Select--Schedule 1Inj'

2018-06-10 22:03:00 - [TEST_STEP][PASSED] - selectOptionByIndex: All options with index in [4] are selected on object 'Object Repository/MOH AND GRN/Page_KDMC - CMS/select_--Select--Adernaline 0.'

2018-06-10 22:03:01 - [MESSAGE][PASSED] - All options with index in [4] are selected on object 'Object Repository/MOH AND GRN/Page_KDMC - CMS/select_--Select--Adernaline 0.'

2018-06-10 22:03:01 - [TEST_STEP][PASSED] - setText: Text '5000' is set on object 'Object Repository/MOH AND GRN/Page_KDMC - CMS/input_txttreat'

2018-06-10 22:03:01 - [MESSAGE][PASSED] - Text '5000' is set on object 'Object Repository/MOH AND GRN/Page_KDMC - CMS/input_txttreat'

2018-06-10 22:03:01 - [TEST_STEP][PASSED] - click: Object: 'Object Repository/MOH AND GRN/Page_KDMC - CMS/button_Add' is clicked on

2018-06-10 22:03:01 - [MESSAGE][PASSED] - Object: 'Object Repository/MOH AND GRN/Page_KDMC - CMS/button_Add' is clicked on

2018-06-10 22:03:01 - [TEST_STEP][PASSED] - selectOptionByIndex: All options with index in [10] are selected on object 'Object Repository/MOH AND GRN/Page_KDMC - CMS/select_--Select--Schedule 1Inj'

2018-06-10 22:03:01 - [MESSAGE][PASSED] - All options with index in [10] are selected on object 'Object Repository/MOH AND GRN/Page_KDMC - CMS/select_--Select--Schedule 1Inj'

2018-06-10 22:03:01 - [TEST_STEP][PASSED] - selectOptionByIndex: All options with index in [5] are selected on object 'Object Repository/MOH AND GRN/Page_KDMC - CMS/select_--Select--Adernaline 0.'

2018-06-10 22:03:01 - [MESSAGE][PASSED] - All options with index in [5] are selected on object 'Object Repository/MOH AND GRN/Page_KDMC - CMS/select_--Select--Adernaline 0.'

2018-06-10 22:03:01 - [TEST_STEP][PASSED] - setText: Text '5000' is set on object 'Object Repository/MOH AND GRN/Page_KDMC - CMS/input_txttreat'

2018-06-10 22:03:01 - [MESSAGE][PASSED] - Text '5000' is set on object 'Object Repository/MOH AND GRN/Page_KDMC - CMS/input_txttreat'

2018-06-10 22:03:01 - [TEST_STEP][PASSED] - click: Object: 'Object Repository/MOH AND GRN/Page_KDMC - CMS/button_Add' is clicked on

2018-06-10 22:03:01 - [MESSAGE][PASSED] - Object: 'Object Repository/MOH AND GRN/Page_KDMC - CMS/button_Add' is clicked on

2018-06-10 22:03:01 - [TEST_STEP][PASSED] - selectOptionByIndex: All options with index in [10] are selected on object 'Object Repository/MOH AND GRN/Page_KDMC - CMS/select_--Select--Schedule 1Inj'

2018-06-10 22:03:01 - [MESSAGE][PASSED] - All options with index in [10] are selected on object 'Object Repository/MOH AND GRN/Page_KDMC - CMS/select_--Select--Schedule 1Inj'

2018-06-10 22:03:01 - [TEST_STEP][PASSED] - selectOptionByIndex: All options with index in [6] are selected on object 'Object Repository/MOH AND GRN/Page_KDMC - CMS/select_--Select--Adernaline 0.'

2018-06-10 22:03:02 - [MESSAGE][PASSED] - All options with index in [6] are selected on object 'Object Repository/MOH AND GRN/Page_KDMC - CMS/select_--Select--Adernaline 0.'

2018-06-10 22:03:02 - [TEST_STEP][PASSED] - setText: Text '5000' is set on object 'Object Repository/MOH AND GRN/Page_KDMC - CMS/input_txttreat'

2018-06-10 22:03:02 - [MESSAGE][PASSED] - Text '5000' is set on object 'Object Repository/MOH AND GRN/Page_KDMC - CMS/input_txttreat'

2018-06-10 22:03:02 - [TEST_STEP][PASSED] - click: Object: 'Object Repository/MOH AND GRN/Page_KDMC - CMS/button_Add' is clicked on

2018-06-10 22:03:02 - [MESSAGE][PASSED] - Object: 'Object Repository/MOH AND GRN/Page_KDMC - CMS/button_Add' is clicked on

2018-06-10 22:03:02 - [TEST_STEP][PASSED] - selectOptionByIndex: All options with index in [10] are selected on object 'Object Repository/MOH AND GRN/Page_KDMC - CMS/select_--Select--Schedule 1Inj'

2018-06-10 22:03:02 - [MESSAGE][PASSED] - All options with index in [10] are selected on object 'Object Repository/MOH AND GRN/Page_KDMC - CMS/select_--Select--Schedule 1Inj'

2018-06-10 22:03:02 - [TEST_STEP][PASSED] - selectOptionByIndex: All options with index in [7] are selected on object 'Object Repository/MOH AND GRN/Page_KDMC - CMS/select_--Select--Adernaline 0.'

2018-06-10 22:03:02 - [MESSAGE][PASSED] - All options with index in [7] are selected on object 'Object Repository/MOH AND GRN/Page_KDMC - CMS/select_--Select--Adernaline 0.'

2018-06-10 22:03:02 - [TEST_STEP][PASSED] - setText: Text '5000' is set on object 'Object Repository/MOH AND GRN/Page_KDMC - CMS/input_txttreat'

2018-06-10 22:03:02 - [MESSAGE][PASSED] - Text '5000' is set on object 'Object Repository/MOH AND GRN/Page_KDMC - CMS/input_txttreat'

2018-06-10 22:03:02 - [TEST_STEP][PASSED] - click: Object: 'Object Repository/MOH AND GRN/Page_KDMC - CMS/button_Add' is clicked on

2018-06-10 22:03:02 - [MESSAGE][PASSED] - Object: 'Object Repository/MOH AND GRN/Page_KDMC - CMS/button_Add' is clicked on

2018-06-10 22:03:02 - [TEST_STEP][PASSED] - selectOptionByIndex: All options with index in [10] are selected on object 'Object Repository/MOH AND GRN/Page_KDMC - CMS/select_--Select--Schedule 1Inj'

2018-06-10 22:03:03 - [MESSAGE][PASSED] - All options with index in [10] are selected on object 'Object Repository/MOH AND GRN/Page_KDMC - CMS/select_--Select--Schedule 1Inj'

2018-06-10 22:03:03 - [TEST_STEP][PASSED] - selectOptionByIndex: All options with index in [8] are selected on object 'Object Repository/MOH AND GRN/Page_KDMC - CMS/select_--Select--Adernaline 0.'

2018-06-10 22:03:03 - [MESSAGE][PASSED] - All options with index in [8] are selected on object 'Object Repository/MOH AND GRN/Page_KDMC - CMS/select_--Select--Adernaline 0.'

2018-06-10 22:03:03 - [TEST_STEP][PASSED] - setText: Text '5000' is set on object 'Object Repository/MOH AND GRN/Page_KDMC - CMS/input_txttreat'

2018-06-10 22:03:03 - [MESSAGE][PASSED] - Text '5000' is set on object 'Object Repository/MOH AND GRN/Page_KDMC - CMS/input_txttreat'

2018-06-10 22:03:03 - [TEST_STEP][PASSED] - click: Object: 'Object Repository/MOH AND GRN/Page_KDMC - CMS/button_Add' is clicked on

2018-06-10 22:03:03 - [MESSAGE][PASSED] - Object: 'Object Repository/MOH AND GRN/Page_KDMC - CMS/button_Add' is clicked on

2018-06-10 22:03:03 - [TEST_STEP][PASSED] - selectOptionByIndex: All options with index in [10] are selected on object 'Object Repository/MOH AND GRN/Page_KDMC - CMS/select_--Select--Schedule 1Inj'

2018-06-10 22:03:03 - [MESSAGE][PASSED] - All options with index in [10] are selected on object 'Object Repository/MOH AND GRN/Page_KDMC - CMS/select_--Select--Schedule 1Inj'

2018-06-10 22:03:03 - [TEST_STEP][PASSED] - selectOptionByIndex: All options with index in [9] are selected on object 'Object Repository/MOH AND GRN/Page_KDMC - CMS/select_--Select--Adernaline 0.'

2018-06-10 22:03:03 - [MESSAGE][PASSED] - All options with index in [9] are selected on object 'Object Repository/MOH AND GRN/Page_KDMC - CMS/select_--Select--Adernaline 0.'

2018-06-10 22:03:03 - [TEST_STEP][PASSED] - setText: Text '5000' is set on object 'Object Repository/MOH AND GRN/Page_KDMC - CMS/input_txttreat'

2018-06-10 22:03:03 - [MESSAGE][PASSED] - Text '5000' is set on object 'Object Repository/MOH AND GRN/Page_KDMC - CMS/input_txttreat'

2018-06-10 22:03:03 - [TEST_STEP][PASSED] - click: Object: 'Object Repository/MOH AND GRN/Page_KDMC - CMS/button_Add' is clicked on

2018-06-10 22:03:03 - [MESSAGE][PASSED] - Object: 'Object Repository/MOH AND GRN/Page_KDMC - CMS/button_Add' is clicked on

2018-06-10 22:03:03 - [TEST_STEP][PASSED] - selectOptionByIndex: All options with index in [10] are selected on object 'Object Repository/MOH AND GRN/Page_KDMC - CMS/select_--Select--Schedule 1Inj'

2018-06-10 22:03:04 - [MESSAGE][PASSED] - All options with index in [10] are selected on object 'Object Repository/MOH AND GRN/Page_KDMC - CMS/select_--Select--Schedule 1Inj'

2018-06-10 22:03:04 - [TEST_STEP][PASSED] - selectOptionByIndex: All options with index in [10] are selected on object 'Object Repository/MOH AND GRN/Page_KDMC - CMS/select_--Select--Adernaline 0.'

2018-06-10 22:03:04 - [MESSAGE][PASSED] - All options with index in [10] are selected on object 'Object Repository/MOH AND GRN/Page_KDMC - CMS/select_--Select--Adernaline 0.'

2018-06-10 22:03:04 - [TEST_STEP][PASSED] - setText: Text '5000' is set on object 'Object Repository/MOH AND GRN/Page_KDMC - CMS/input_txttreat'

2018-06-10 22:03:04 - [MESSAGE][PASSED] - Text '5000' is set on object 'Object Repository/MOH AND GRN/Page_KDMC - CMS/input_txttreat'

2018-06-10 22:03:04 - [TEST_STEP][PASSED] - click: Object: 'Object Repository/MOH AND GRN/Page_KDMC - CMS/button_Add' is clicked on

2018-06-10 22:03:04 - [MESSAGE][PASSED] - Object: 'Object Repository/MOH AND GRN/Page_KDMC - CMS/button_Add' is clicked on

2018-06-10 22:03:04 - [TEST_STEP][PASSED] - selectOptionByIndex: All options with index in [10] are selected on object 'Object Repository/MOH AND GRN/Page_KDMC - CMS/select_--Select--Schedule 1Inj'

2018-06-10 22:03:04 - [MESSAGE][PASSED] - All options with index in [10] are selected on object 'Object Repository/MOH AND GRN/Page_KDMC - CMS/select_--Select--Schedule 1Inj'

2018-06-10 22:03:04 - [TEST_STEP][PASSED] - selectOptionByIndex: All options with index in [11] are selected on object 'Object Repository/MOH AND GRN/Page_KDMC - CMS/select_--Select--Adernaline 0.'

2018-06-10 22:03:04 - [MESSAGE][PASSED] - All options with index in [11] are selected on object 'Object Repository/MOH AND GRN/Page_KDMC - CMS/select_--Select--Adernaline 0.'

2018-06-10 22:03:04 - [TEST_STEP][PASSED] - setText: Text '5000' is set on object 'Object Repository/MOH AND GRN/Page_KDMC - CMS/input_txttreat'

2018-06-10 22:03:04 - [MESSAGE][PASSED] - Text '5000' is set on object 'Object Repository/MOH AND GRN/Page_KDMC - CMS/input_txttreat'

2018-06-10 22:03:04 - [TEST_STEP][PASSED] - click: Object: 'Object Repository/MOH AND GRN/Page_KDMC - CMS/button_Add' is clicked on

2018-06-10 22:03:05 - [MESSAGE][PASSED] - Object: 'Object Repository/MOH AND GRN/Page_KDMC - CMS/button_Add' is clicked on

2018-06-10 22:03:05 - [TEST_STEP][PASSED] - selectOptionByIndex: All options with index in [10] are selected on object 'Object Repository/MOH AND GRN/Page_KDMC - CMS/select_--Select--Schedule 1Inj'

2018-06-10 22:03:05 - [MESSAGE][PASSED] - All options with index in [10] are selected on object 'Object Repository/MOH AND GRN/Page_KDMC - CMS/select_--Select--Schedule 1Inj'

2018-06-10 22:03:05 - [TEST_STEP][PASSED] - selectOptionByIndex: All options with index in [12] are selected on object 'Object Repository/MOH AND GRN/Page_KDMC - CMS/select_--Select--Adernaline 0.'

2018-06-10 22:03:05 - [MESSAGE][PASSED] - All options with index in [12] are selected on object 'Object Repository/MOH AND GRN/Page_KDMC - CMS/select_--Select--Adernaline 0.'

2018-06-10 22:03:05 - [TEST_STEP][PASSED] - setText: Text '5000' is set on object 'Object Repository/MOH AND GRN/Page_KDMC - CMS/input_txttreat'

2018-06-10 22:03:05 - [MESSAGE][PASSED] - Text '5000' is set on object 'Object Repository/MOH AND GRN/Page_KDMC - CMS/input_txttreat'

2018-06-10 22:03:05 - [TEST_STEP][PASSED] - click: Object: 'Object Repository/MOH AND GRN/Page_KDMC - CMS/button_Add' is clicked on

2018-06-10 22:03:05 - [MESSAGE][PASSED] - Object: 'Object Repository/MOH AND GRN/Page_KDMC - CMS/button_Add' is clicked on

2018-06-10 22:03:05 - [TEST_STEP][PASSED] - selectOptionByIndex: All options with index in [10] are selected on object 'Object Repository/MOH AND GRN/Page_KDMC - CMS/select_--Select--Schedule 1Inj'

2018-06-10 22:03:05 - [MESSAGE][PASSED] - All options with index in [10] are selected on object 'Object Repository/MOH AND GRN/Page_KDMC - CMS/select_--Select--Schedule 1Inj'

2018-06-10 22:03:05 - [TEST_STEP][PASSED] - selectOptionByIndex: All options with index in [13] are selected on object 'Object Repository/MOH AND GRN/Page_KDMC - CMS/select_--Select--Adernaline 0.'

2018-06-10 22:03:06 - [MESSAGE][PASSED] - All options with index in [13] are selected on object 'Object Repository/MOH AND GRN/Page_KDMC - CMS/select_--Select--Adernaline 0.'

2018-06-10 22:03:06 - [TEST_STEP][PASSED] - setText: Text '5000' is set on object 'Object Repository/MOH AND GRN/Page_KDMC - CMS/input_txttreat'

2018-06-10 22:03:06 - [MESSAGE][PASSED] - Text '5000' is set on object 'Object Repository/MOH AND GRN/Page_KDMC - CMS/input_txttreat'

2018-06-10 22:03:06 - [TEST_STEP][PASSED] - click: Object: 'Object Repository/MOH AND GRN/Page_KDMC - CMS/button_Add' is clicked on

2018-06-10 22:03:06 - [MESSAGE][PASSED] - Object: 'Object Repository/MOH AND GRN/Page_KDMC - CMS/button_Add' is clicked on

2018-06-10 22:03:06 - [TEST_STEP][PASSED] - selectOptionByIndex: All options with index in [10] are selected on object 'Object Repository/MOH AND GRN/Page_KDMC - CMS/select_--Select--Schedule 1Inj'

2018-06-10 22:03:06 - [MESSAGE][PASSED] - All options with index in [10] are selected on object 'Object Repository/MOH AND GRN/Page_KDMC - CMS/select_--Select--Schedule 1Inj'

2018-06-10 22:03:06 - [TEST_STEP][PASSED] - selectOptionByIndex: All options with index in [14] are selected on object 'Object Repository/MOH AND GRN/Page_KDMC - CMS/select_--Select--Adernaline 0.'

2018-06-10 22:03:06 - [MESSAGE][PASSED] - All options with index in [14] are selected on object 'Object Repository/MOH AND GRN/Page_KDMC - CMS/select_--Select--Adernaline 0.'

2018-06-10 22:03:06 - [TEST_STEP][PASSED] - setText: Text '5000' is set on object 'Object Repository/MOH AND GRN/Page_KDMC - CMS/input_txttreat'

2018-06-10 22:03:06 - [MESSAGE][PASSED] - Text '5000' is set on object 'Object Repository/MOH AND GRN/Page_KDMC - CMS/input_txttreat'

2018-06-10 22:03:06 - [TEST_STEP][PASSED] - click: Object: 'Object Repository/MOH AND GRN/Page_KDMC - CMS/button_Add' is clicked on

2018-06-10 22:03:06 - [MESSAGE][PASSED] - Object: 'Object Repository/MOH AND GRN/Page_KDMC - CMS/button_Add' is clicked on

2018-06-10 22:03:06 - [TEST_STEP][PASSED] - selectOptionByIndex: All options with index in [10] are selected on object 'Object Repository/MOH AND GRN/Page_KDMC - CMS/select_--Select--Schedule 1Inj'

2018-06-10 22:03:06 - [MESSAGE][PASSED] - All options with index in [10] are selected on object 'Object Repository/MOH AND GRN/Page_KDMC - CMS/select_--Select--Schedule 1Inj'

2018-06-10 22:03:06 - [TEST_STEP][PASSED] - selectOptionByIndex: All options with index in [15] are selected on object 'Object Repository/MOH AND GRN/Page_KDMC - CMS/select_--Select--Adernaline 0.'

2018-06-10 22:03:07 - [MESSAGE][PASSED] - All options with index in [15] are selected on object 'Object Repository/MOH AND GRN/Page_KDMC - CMS/select_--Select--Adernaline 0.'

2018-06-10 22:03:07 - [TEST_STEP][PASSED] - setText: Text '5000' is set on object 'Object Repository/MOH AND GRN/Page_KDMC - CMS/input_txttreat'

2018-06-10 22:03:07 - [MESSAGE][PASSED] - Text '5000' is set on object 'Object Repository/MOH AND GRN/Page_KDMC - CMS/input_txttreat'

2018-06-10 22:03:07 - [TEST_STEP][PASSED] - click: Object: 'Object Repository/MOH AND GRN/Page_KDMC - CMS/button_Add' is clicked on

2018-06-10 22:03:07 - [MESSAGE][PASSED] - Object: 'Object Repository/MOH AND GRN/Page_KDMC - CMS/button_Add' is clicked on

2018-06-10 22:03:07 - [TEST_STEP][PASSED] - selectOptionByIndex: All options with index in [10] are selected on object 'Object Repository/MOH AND GRN/Page_KDMC - CMS/select_--Select--Schedule 1Inj'

2018-06-10 22:03:07 - [MESSAGE][PASSED] - All options with index in [10] are selected on object 'Object Repository/MOH AND GRN/Page_KDMC - CMS/select_--Select--Schedule 1Inj'

2018-06-10 22:03:07 - [TEST_STEP][PASSED] - selectOptionByIndex: All options with index in [16] are selected on object 'Object Repository/MOH AND GRN/Page_KDMC - CMS/select_--Select--Adernaline 0.'

2018-06-10 22:03:07 - [MESSAGE][PASSED] - All options with index in [16] are selected on object 'Object Repository/MOH AND GRN/Page_KDMC - CMS/select_--Select--Adernaline 0.'

2018-06-10 22:03:07 - [TEST_STEP][PASSED] - setText: Text '5000' is set on object 'Object Repository/MOH AND GRN/Page_KDMC - CMS/input_txttreat'

2018-06-10 22:03:07 - [MESSAGE][PASSED] - Text '5000' is set on object 'Object Repository/MOH AND GRN/Page_KDMC - CMS/input_txttreat'

2018-06-10 22:03:07 - [TEST_STEP][PASSED] - click: Object: 'Object Repository/MOH AND GRN/Page_KDMC - CMS/button_Add' is clicked on

2018-06-10 22:03:07 - [MESSAGE][PASSED] - Object: 'Object Repository/MOH AND GRN/Page_KDMC - CMS/button_Add' is clicked on

2018-06-10 22:03:07 - [TEST_STEP][PASSED] - selectOptionByIndex: All options with index in [10] are selected on object 'Object Repository/MOH AND GRN/Page_KDMC - CMS/select_--Select--Schedule 1Inj'

2018-06-10 22:03:08 - [MESSAGE][PASSED] - All options with index in [10] are selected on object 'Object Repository/MOH AND GRN/Page_KDMC - CMS/select_--Select--Schedule 1Inj'

2018-06-10 22:03:08 - [TEST_STEP][PASSED] - selectOptionByIndex: All options with index in [17] are selected on object 'Object Repository/MOH AND GRN/Page_KDMC - CMS/select_--Select--Adernaline 0.'

2018-06-10 22:03:08 - [MESSAGE][PASSED] - All options with index in [17] are selected on object 'Object Repository/MOH AND GRN/Page_KDMC - CMS/select_--Select--Adernaline 0.'

2018-06-10 22:03:08 - [TEST_STEP][PASSED] - setText: Text '5000' is set on object 'Object Repository/MOH AND GRN/Page_KDMC - CMS/input_txttreat'

2018-06-10 22:03:08 - [MESSAGE][PASSED] - Text '5000' is set on object 'Object Repository/MOH AND GRN/Page_KDMC - CMS/input_txttreat'

2018-06-10 22:03:08 - [TEST_STEP][PASSED] - click: Object: 'Object Repository/MOH AND GRN/Page_KDMC - CMS/button_Add' is clicked on

2018-06-10 22:03:08 - [MESSAGE][PASSED] - Object: 'Object Repository/MOH AND GRN/Page_KDMC - CMS/button_Add' is clicked on

2018-06-10 22:03:08 - [TEST_STEP][PASSED] - selectOptionByIndex: All options with index in [10] are selected on object 'Object Repository/MOH AND GRN/Page_KDMC - CMS/select_--Select--Schedule 1Inj'

2018-06-10 22:03:08 - [MESSAGE][PASSED] - All options with index in [10] are selected on object 'Object Repository/MOH AND GRN/Page_KDMC - CMS/select_--Select--Schedule 1Inj'

2018-06-10 22:03:08 - [TEST_STEP][PASSED] - selectOptionByIndex: All options with index in [18] are selected on object 'Object Repository/MOH AND GRN/Page_KDMC - CMS/select_--Select--Adernaline 0.'

2018-06-10 22:03:09 - [MESSAGE][PASSED] - All options with index in [18] are selected on object 'Object Repository/MOH AND GRN/Page_KDMC - CMS/select_--Select--Adernaline 0.'

2018-06-10 22:03:09 - [TEST_STEP][PASSED] - setText: Text '5000' is set on object 'Object Repository/MOH AND GRN/Page_KDMC - CMS/input_txttreat'

2018-06-10 22:03:09 - [MESSAGE][PASSED] - Text '5000' is set on object 'Object Repository/MOH AND GRN/Page_KDMC - CMS/input_txttreat'

2018-06-10 22:03:09 - [TEST_STEP][PASSED] - click: Object: 'Object Repository/MOH AND GRN/Page_KDMC - CMS/button_Add' is clicked on

2018-06-10 22:03:09 - [MESSAGE][PASSED] - Object: 'Object Repository/MOH AND GRN/Page_KDMC - CMS/button_Add' is clicked on

2018-06-10 22:03:09 - [TEST_STEP][PASSED] - scrollToElement: Scroll to object 'Object Repository/MOH AND GRN/Page_KDMC - CMS/input_btnsave' successfully

2018-06-10 22:03:09 - [MESSAGE][PASSED] - Scroll to object 'Object Repository/MOH AND GRN/Page_KDMC - CMS/input_btnsave' successfully

2018-06-10 22:03:09 - [TEST_STEP][PASSED] - click: Object: 'Object Repository/MOH AND GRN/Page_KDMC - CMS/input_btnsave' is clicked on

2018-06-10 22:03:09 - [MESSAGE][PASSED] - Object: 'Object Repository/MOH AND GRN/Page_KDMC - CMS/input_btnsave' is clicked on

2018-06-10 22:03:09 - [TEST_STEP][PASSED] - delay: Delayed 3 second(s)

2018-06-10 22:03:12 - [MESSAGE][PASSED] - Delayed 3 second(s)

2018-06-10 22:03:12 - [TEST_STEP][PASSED] - Statement - Request1 = com.kms.katalon.core.webui.keyword.WebUiBuiltInKeywords.getText(com.kms.katalon.core.testobject.ObjectRepository.findTestObject(MOH AND GRN/Page_KDMC - CMS/font_PRNO0505201876)): Text of object 'Object Repository/MOH AND GRN/Page_KDMC - CMS/font_PRNO0505201876' is: 'PRNO/10062018/366'

2018-06-10 22:03:12 - [MESSAGE][PASSED] - Text of object 'Object Repository/MOH AND GRN/Page_KDMC - CMS/font_PRNO0505201876' is: 'PRNO/10062018/366'

2018-06-10 22:03:12 - [TEST_STEP][PASSED] - Statement - out.println("Length OF The Medicine " + Request1): null

2018-06-10 22:03:12 - [TEST_STEP][PASSED] - Statement - RequestNUmber = Request1.split("/")[2].trim(): null

2018-06-10 22:03:12 - [TEST_STEP][PASSED] - Statement - out.println("ID IS " + RequestNUmber): null

2018-06-10 22:03:12 - [TEST_STEP][PASSED] - delay: Delayed 3 second(s)

2018-06-10 22:03:15 - [MESSAGE][PASSED] - Delayed 3 second(s)

2018-06-10 22:03:15 - [TEST_STEP][PASSED] - click: Object: 'Object Repository/MOH AND GRN/Page_KDMC - CMS/button_OK' is clicked on

2018-06-10 22:03:15 - [MESSAGE][PASSED] - Object: 'Object Repository/MOH AND GRN/Page_KDMC - CMS/button_OK' is clicked on

2018-06-10 22:03:15 - [TEST_STEP][PASSED] - click: Object: 'Object Repository/MOH AND GRN/Page_KDMC - CMS/a_dropdown-toggle' is clicked on

2018-06-10 22:03:17 - [MESSAGE][PASSED] - Object: 'Object Repository/MOH AND GRN/Page_KDMC - CMS/a_dropdown-toggle' is clicked on

2018-06-10 22:03:17 - [TEST_STEP][PASSED] - click: Object: 'Object Repository/MOH AND GRN/Page_KDMC - CMS/a_Sign out' is clicked on

2018-06-10 22:03:17 - [MESSAGE][PASSED] - Object: 'Object Repository/MOH AND GRN/Page_KDMC - CMS/a_Sign out' is clicked on

2018-06-10 22:03:17 - [TEST_STEP][PASSED] - delay: Delayed 4 second(s)

2018-06-10 22:03:21 - [MESSAGE][PASSED] - Delayed 4 second(s)

2018-06-10 22:03:21 - [TEST_STEP][PASSED] - click: Object: 'Object Repository/MOH AND GRN/Page_KDMC/a_Admin Master' is clicked on

2018-06-10 22:03:22 - [MESSAGE][PASSED] - Object: 'Object Repository/MOH AND GRN/Page_KDMC/a_Admin Master' is clicked on

2018-06-10 22:03:22 - [TEST_STEP][PASSED] - setText: Text 'admin' is set on object 'Object Repository/MOH AND GRN/Page_Admin login/input_txtusername'

2018-06-10 22:03:22 - [MESSAGE][PASSED] - Text 'admin' is set on object 'Object Repository/MOH AND GRN/Page_Admin login/input_txtusername'

2018-06-10 22:03:22 - [TEST_STEP][PASSED] - setText: Text 'admin123' is set on object 'Object Repository/MOH AND GRN/Page_Admin login/input_txtpassword'

2018-06-10 22:03:22 - [MESSAGE][PASSED] - Text 'admin123' is set on object 'Object Repository/MOH AND GRN/Page_Admin login/input_txtpassword'

2018-06-10 22:03:22 - [TEST_STEP][PASSED] - delay: Delayed 3 second(s)

2018-06-10 22:03:25 - [MESSAGE][PASSED] - Delayed 3 second(s)

2018-06-10 22:03:25 - [TEST_STEP][PASSED] - click: Object: 'Object Repository/MOH AND GRN/Page_Admin login/button_Sign in' is clicked on

2018-06-10 22:03:26 - [MESSAGE][PASSED] - Object: 'Object Repository/MOH AND GRN/Page_Admin login/button_Sign in' is clicked on

2018-06-10 22:03:26 - [TEST_STEP][PASSED] - delay: Delayed 20 second(s)

2018-06-10 22:03:46 - [MESSAGE][PASSED] - Delayed 20 second(s)

2018-06-10 22:03:46 - [TEST_STEP][PASSED] - scrollToPosition: Browser is scrolled to position x = 200, y = 200

2018-06-10 22:03:46 - [MESSAGE][PASSED] - Browser is scrolled to position x = 200, y = 200

2018-06-10 22:03:46 - [TEST_STEP][PASSED] - click: Object: 'Object Repository/MOH AND GRN/Page_KDMC/a_CMS_1' is clicked on

2018-06-10 22:03:46 - [MESSAGE][PASSED] - Object: 'Object Repository/MOH AND GRN/Page_KDMC/a_CMS_1' is clicked on

2018-06-10 22:03:46 - [TEST_STEP][PASSED] - click: Object: 'Object Repository/MOH AND GRN/Page_KDMC/a_Request List' is clicked on

2018-06-10 22:03:48 - [MESSAGE][PASSED] - Object: 'Object Repository/MOH AND GRN/Page_KDMC/a_Request List' is clicked on

2018-06-10 22:03:48 - [TEST_STEP][PASSED] - Statement - RequestNumberId = com.kms.katalon.core.webui.keyword.WebUiBuiltInKeywords.modifyObjectProperty(com.kms.katalon.core.testobject.ObjectRepository.findTestObject(MOH AND GRN/Page_KDMC - CMS/input_PO0032), "xpath", "equals", "//*[@id =" + RequestNUmber + "]", true): Modify property of object successfully

2018-06-10 22:03:48 - [MESSAGE][PASSED] - Modify property of object successfully

2018-06-10 22:03:48 - [TEST_STEP][PASSED] - click: Object: 'Object Repository/MOH AND GRN/Page_KDMC - CMS/input_PO0032' is clicked on

2018-06-10 22:03:48 - [MESSAGE][PASSED] - Object: 'Object Repository/MOH AND GRN/Page_KDMC - CMS/input_PO0032' is clicked on

2018-06-10 22:03:48 - [TEST_STEP][PASSED] - delay: Delayed 3 second(s)

2018-06-10 22:03:51 - [MESSAGE][PASSED] - Delayed 3 second(s)

2018-06-10 22:03:51 - [TEST_STEP][PASSED] - selectOptionByIndex: All options with index in [1] are selected on object 'Object Repository/MOH AND GRN/Page_KDMC/select_--Select--'

2018-06-10 22:03:51 - [MESSAGE][PASSED] - All options with index in [1] are selected on object 'Object Repository/MOH AND GRN/Page_KDMC/select_--Select--'

2018-06-10 22:03:51 - [TEST_STEP][PASSED] - click: Object: 'Object Repository/MOH AND GRN/Page_KDMC/input_btnupdate' is clicked on

2018-06-10 22:03:51 - [MESSAGE][PASSED] - Object: 'Object Repository/MOH AND GRN/Page_KDMC/input_btnupdate' is clicked on

2018-06-10 22:03:51 - [TEST_STEP][PASSED] - delay: Delayed 3 second(s)

2018-06-10 22:03:54 - [MESSAGE][PASSED] - Delayed 3 second(s)

2018-06-10 22:03:54 - [TEST_STEP][PASSED] - click: Object: 'Object Repository/MOH AND GRN/Page_KDMC/button_OK' is clicked on

2018-06-10 22:03:56 - [MESSAGE][PASSED] - Object: 'Object Repository/MOH AND GRN/Page_KDMC/button_OK' is clicked on

2018-06-10 22:03:56 - [TEST_STEP][PASSED] - delay: Delayed 3 second(s)

2018-06-10 22:03:59 - [MESSAGE][PASSED] - Delayed 3 second(s)

2018-06-10 22:03:59 - [TEST_STEP][PASSED] - scrollToPosition: Browser is scrolled to position x = 200, y = 200

2018-06-10 22:03:59 - [MESSAGE][PASSED] - Browser is scrolled to position x = 200, y = 200

2018-06-10 22:03:59 - [TEST_STEP][PASSED] - click: Object: 'Object Repository/MOH AND GRN/Page_KDMC/a_CMS_2' is clicked on

2018-06-10 22:03:59 - [MESSAGE][PASSED] - Object: 'Object Repository/MOH AND GRN/Page_KDMC/a_CMS_2' is clicked on

2018-06-10 22:03:59 - [TEST_STEP][PASSED] - delay: Delayed 2 second(s)

2018-06-10 22:04:01 - [MESSAGE][PASSED] - Delayed 2 second(s)

2018-06-10 22:04:01 - [TEST_STEP][PASSED] - click: Object: 'Object Repository/MOH AND GRN/Page_KDMC/a_Generate P.O' is clicked on

2018-06-10 22:04:01 - [MESSAGE][PASSED] - Object: 'Object Repository/MOH AND GRN/Page_KDMC/a_Generate P.O' is clicked on

2018-06-10 22:04:01 - [TEST_STEP][PASSED] - delay: Delayed 2 second(s)

2018-06-10 22:04:03 - [MESSAGE][PASSED] - Delayed 2 second(s)

2018-06-10 22:04:03 - [TEST_STEP][PASSED] - selectOptionByIndex: All options with index in [1] are selected on object 'Object Repository/MOH AND GRN/Page_KDMC/select_--Select--PRNO040520183'

2018-06-10 22:04:03 - [MESSAGE][PASSED] - All options with index in [1] are selected on object 'Object Repository/MOH AND GRN/Page_KDMC/select_--Select--PRNO040520183'

2018-06-10 22:04:03 - [TEST_STEP][PASSED] - selectOptionByIndex: All options with index in [5] are selected on object 'Object Repository/MOH AND GRN/Page_KDMC/select_--Select--Hamen Chandra'

2018-06-10 22:04:04 - [MESSAGE][PASSED] - All options with index in [5] are selected on object 'Object Repository/MOH AND GRN/Page_KDMC/select_--Select--Hamen Chandra'

2018-06-10 22:04:04 - [TEST_STEP][PASSED] - Statement - PONumber = com.kms.katalon.core.webui.keyword.WebUiBuiltInKeywords.getText(com.kms.katalon.core.testobject.ObjectRepository.findTestObject(MOH AND GRN/Page_KDMC/input_lblpono)).trim(): Text of object 'Object Repository/MOH AND GRN/Page_KDMC/input_lblpono' is: ''

2018-06-10 22:04:04 - [MESSAGE][PASSED] - Text of object 'Object Repository/MOH AND GRN/Page_KDMC/input_lblpono' is: ''

2018-06-10 22:04:04 - [TEST_STEP][PASSED] - Statement - PONumber1 = com.kms.katalon.core.webui.keyword.WebUiBuiltInKeywords.getAttribute(com.kms.katalon.core.testobject.ObjectRepository.findTestObject(MOH AND GRN/Page_KDMC/input_lblpono), "value").trim(): Attribute 'value' of object 'Object Repository/MOH AND GRN/Page_KDMC/input_lblpono' is: 'PO00217'

2018-06-10 22:04:04 - [MESSAGE][PASSED] - Attribute 'value' of object 'Object Repository/MOH AND GRN/Page_KDMC/input_lblpono' is: 'PO00217'

2018-06-10 22:04:04 - [TEST_STEP][PASSED] - Statement - out.println("PO NUMBER :" + PONumber): null

2018-06-10 22:04:04 - [TEST_STEP][PASSED] - Statement - out.println("PO NUMBER :" + PONumber1): null

2018-06-10 22:04:04 - [TEST_STEP][PASSED] - click: Object: 'Object Repository/MOH AND GRN/Page_KDMC/input_chkrem' is clicked on

2018-06-10 22:04:04 - [MESSAGE][PASSED] - Object: 'Object Repository/MOH AND GRN/Page_KDMC/input_chkrem' is clicked on

2018-06-10 22:04:04 - [TEST_STEP][PASSED] - scrollToElement: Scroll to object 'Object Repository/MOH AND GRN/Page_KDMC/input_btnreturn' successfully

2018-06-10 22:04:04 - [MESSAGE][PASSED] - Scroll to object 'Object Repository/MOH AND GRN/Page_KDMC/input_btnreturn' successfully

2018-06-10 22:04:04 - [TEST_STEP][PASSED] - click: Object: 'Object Repository/MOH AND GRN/Page_KDMC/input_btnreturn' is clicked on

2018-06-10 22:04:04 - [MESSAGE][PASSED] - Object: 'Object Repository/MOH AND GRN/Page_KDMC/input_btnreturn' is clicked on

2018-06-10 22:04:04 - [TEST_STEP][PASSED] - delay: Delayed 3 second(s)

2018-06-10 22:04:07 - [MESSAGE][PASSED] - Delayed 3 second(s)

2018-06-10 22:04:07 - [TEST_STEP][PASSED] - click: Object: 'Object Repository/MOH AND GRN/Page_KDMC/button_Yes' is clicked on

2018-06-10 22:04:07 - [MESSAGE][PASSED] - Object: 'Object Repository/MOH AND GRN/Page_KDMC/button_Yes' is clicked on

2018-06-10 22:04:07 - [TEST_STEP][PASSED] - delay: Delayed 3 second(s)

2018-06-10 22:04:10 - [MESSAGE][PASSED] - Delayed 3 second(s)

2018-06-10 22:04:10 - [TEST_STEP][PASSED] - click: Object: 'Object Repository/MOH AND GRN/Page_KDMC/button_OK' is clicked on

2018-06-10 22:04:10 - [MESSAGE][PASSED] - Object: 'Object Repository/MOH AND GRN/Page_KDMC/button_OK' is clicked on

2018-06-10 22:04:10 - [TEST_STEP][PASSED] - delay: Delayed 3 second(s)

2018-06-10 22:04:13 - [MESSAGE][PASSED] - Delayed 3 second(s)

2018-06-10 22:04:13 - [TEST_STEP][PASSED] - click: Object: 'Object Repository/MOH AND GRN/Page_KDMC/a_dropdown-toggle' is clicked on

2018-06-10 22:04:14 - [MESSAGE][PASSED] - Object: 'Object Repository/MOH AND GRN/Page_KDMC/a_dropdown-toggle' is clicked on

2018-06-10 22:04:14 - [TEST_STEP][PASSED] - click: Object: 'Object Repository/MOH AND GRN/Page_KDMC/a_Sign out' is clicked on

2018-06-10 22:04:14 - [MESSAGE][PASSED] - Object: 'Object Repository/MOH AND GRN/Page_KDMC/a_Sign out' is clicked on

2018-06-10 22:04:14 - [TEST_STEP][PASSED] - delay: Delayed 4 second(s)

2018-06-10 22:04:18 - [MESSAGE][PASSED] - Delayed 4 second(s)

2018-06-10 22:04:18 - [TEST_STEP][PASSED] - click: Object: 'Object Repository/MOH AND GRN/Page_KDMC/a_CMS' is clicked on

2018-06-10 22:04:19 - [MESSAGE][PASSED] - Object: 'Object Repository/MOH AND GRN/Page_KDMC/a_CMS' is clicked on

2018-06-10 22:04:19 - [TEST_STEP][PASSED] - setText: Text 'bala' is set on object 'Object Repository/MOH AND GRN/Page_CMS login/input_txtusername'

2018-06-10 22:04:19 - [MESSAGE][PASSED] - Text 'bala' is set on object 'Object Repository/MOH AND GRN/Page_CMS login/input_txtusername'

2018-06-10 22:04:19 - [TEST_STEP][PASSED] - setText: Text '123' is set on object 'Object Repository/MOH AND GRN/Page_CMS login/input_txtpassword'

2018-06-10 22:04:19 - [MESSAGE][PASSED] - Text '123' is set on object 'Object Repository/MOH AND GRN/Page_CMS login/input_txtpassword'

2018-06-10 22:04:19 - [TEST_STEP][PASSED] - delay: Delayed 3 second(s)

2018-06-10 22:04:22 - [MESSAGE][PASSED] - Delayed 3 second(s)

2018-06-10 22:04:22 - [TEST_STEP][PASSED] - click: Object: 'Object Repository/MOH AND GRN/Page_CMS login/button_Sign in' is clicked on

2018-06-10 22:04:22 - [MESSAGE][PASSED] - Object: 'Object Repository/MOH AND GRN/Page_CMS login/button_Sign in' is clicked on

2018-06-10 22:04:22 - [TEST_STEP][PASSED] - click: Object: 'Object Repository/MOH AND GRN/Page_KDMC - CMS/a_CMS Details' is clicked on

2018-06-10 22:04:22 - [MESSAGE][PASSED] - Object: 'Object Repository/MOH AND GRN/Page_KDMC - CMS/a_CMS Details' is clicked on

2018-06-10 22:04:22 - [TEST_STEP][PASSED] - delay: Delayed 2 second(s)

2018-06-10 22:04:24 - [MESSAGE][PASSED] - Delayed 2 second(s)

2018-06-10 22:04:24 - [TEST_STEP][PASSED] - click: Object: 'Object Repository/MOH AND GRN/Page_KDMC - CMS/a_Goods Receive' is clicked on

2018-06-10 22:04:25 - [MESSAGE][PASSED] - Object: 'Object Repository/MOH AND GRN/Page_KDMC - CMS/a_Goods Receive' is clicked on

2018-06-10 22:04:25 - [TEST_STEP][PASSED] - delay: Delayed 2 second(s)

2018-06-10 22:04:27 - [MESSAGE][PASSED] - Delayed 2 second(s)

2018-06-10 22:04:27 - [TEST_STEP][PASSED] - selectOptionByLabel: All options with label 'PO00217' are selected in object 'Object Repository/MOH AND GRN/Page_KDMC - CMS/select_--Select--PO0032PO0031P' 

2018-06-10 22:04:27 - [MESSAGE][PASSED] - All options with label 'PO00217' are selected in object 'Object Repository/MOH AND GRN/Page_KDMC - CMS/select_--Select--PO0032PO0031P' 

2018-06-10 22:04:27 - [TEST_STEP][PASSED] - setText: Finding Test Object with id 'Object Repository/MOH AND GRN/Page_KDMC - CMS/input_txtgrnno'

2018-06-10 22:04:27 - [TEST_STEP][PASSED] - Statement - switch (id): Text 'INV698.0' is set on object 'Object Repository/MOH AND GRN/Page_KDMC - CMS/input_txtgrnno'

2018-06-10 22:04:27 - [TEST_STEP][PASSED] - Statement - case 2:: Text 'INV698.0' is set on object 'Object Repository/MOH AND GRN/Page_KDMC - CMS/input_txtgrnno'

2018-06-10 22:04:27 - [TEST_STEP][PASSED] - Statement - return (java.lang.Math.floor((java.lang.Math.random() * ((max - min) + 1))) + min): Text 'INV698.0' is set on object 'Object Repository/MOH AND GRN/Page_KDMC - CMS/input_txtgrnno'

2018-06-10 22:04:27 - [MESSAGE][PASSED] - Text 'INV698.0' is set on object 'Object Repository/MOH AND GRN/Page_KDMC - CMS/input_txtgrnno'

2018-06-10 22:04:27 - [TEST_STEP][PASSED] - selectOptionByIndex: All options with index in [1] are selected on object 'Object Repository/MOH AND GRN/Page_KDMC - CMS/select_--Select--PERUMAL PHARM'

2018-06-10 22:04:27 - [MESSAGE][PASSED] - All options with index in [1] are selected on object 'Object Repository/MOH AND GRN/Page_KDMC - CMS/select_--Select--PERUMAL PHARM'

2018-06-10 22:04:27 - [TEST_STEP][PASSED] - setText: Text '10000' is set on object 'Object Repository/MOH AND GRN/Page_KDMC - CMS/input_txtgrnno_1'

2018-06-10 22:04:28 - [MESSAGE][PASSED] - Text '10000' is set on object 'Object Repository/MOH AND GRN/Page_KDMC - CMS/input_txtgrnno_1'

2018-06-10 22:04:28 - [TEST_STEP][PASSED] - setText: Text '500' is set on object 'Object Repository/MOH AND GRN/Page_KDMC - CMS/input_txtgrnno_2'

2018-06-10 22:04:28 - [MESSAGE][PASSED] - Text '500' is set on object 'Object Repository/MOH AND GRN/Page_KDMC - CMS/input_txtgrnno_2'

2018-06-10 22:04:28 - [TEST_STEP][PASSED] - setText: Finding Test Object with id 'Object Repository/MOH AND GRN/Page_KDMC - CMS/input_txtgrnno_3'

2018-06-10 22:04:28 - [TEST_STEP][PASSED] - Statement - switch (id): Text 'CH267.0' is set on object 'Object Repository/MOH AND GRN/Page_KDMC - CMS/input_txtgrnno_3'

2018-06-10 22:04:28 - [TEST_STEP][PASSED] - Statement - case 3:: Text 'CH267.0' is set on object 'Object Repository/MOH AND GRN/Page_KDMC - CMS/input_txtgrnno_3'

2018-06-10 22:04:28 - [TEST_STEP][PASSED] - Statement - return (java.lang.Math.floor((java.lang.Math.random() * ((max - min) + 1))) + min): Text 'CH267.0' is set on object 'Object Repository/MOH AND GRN/Page_KDMC - CMS/input_txtgrnno_3'

2018-06-10 22:04:28 - [MESSAGE][PASSED] - Text 'CH267.0' is set on object 'Object Repository/MOH AND GRN/Page_KDMC - CMS/input_txtgrnno_3'

2018-06-10 22:04:28 - [TEST_STEP][PASSED] - scrollToPosition: Browser is scrolled to position x = 200, y = 200

2018-06-10 22:04:28 - [MESSAGE][PASSED] - Browser is scrolled to position x = 200, y = 200

2018-06-10 22:04:28 - [TEST_STEP][PASSED] - Statement - GrnLength = com.kms.katalon.core.webui.keyword.WebUiBuiltInKeywords.getNumberOfTotalOption(com.kms.katalon.core.testobject.ObjectRepository.findTestObject(MOH AND GRN/Page_KDMC - CMS/select_--Select--Amikacin -500)): 19 options of object 'Object Repository/MOH AND GRN/Page_KDMC - CMS/select_--Select--Amikacin -500' counted

2018-06-10 22:04:28 - [MESSAGE][PASSED] - 19 options of object 'Object Repository/MOH AND GRN/Page_KDMC - CMS/select_--Select--Amikacin -500' counted

2018-06-10 22:04:28 - [TEST_STEP][PASSED] - Statement - out.println("Length OF The Medicine " + GrnLength): null

2018-06-10 22:04:28 - [TEST_STEP][PASSED] - Statement - s = 1: null

2018-06-10 22:04:28 - [TEST_STEP][PASSED] - Statement - For ([t = 1, t < GrnLength, (t++)]): Finding Test Object with id 'Object Repository/MOH AND GRN/Page_KDMC - CMS/input_txtmrp'

2018-06-10 22:04:28 - [TEST_STEP][PASSED] - selectOptionByIndex: All options with index in [1] are selected on object 'Object Repository/MOH AND GRN/Page_KDMC - CMS/select_--Select--Amikacin -500'

2018-06-10 22:04:28 - [MESSAGE][PASSED] - All options with index in [1] are selected on object 'Object Repository/MOH AND GRN/Page_KDMC - CMS/select_--Select--Amikacin -500'

2018-06-10 22:04:28 - [TEST_STEP][PASSED] - setText: Text '5000' is set on object 'Object Repository/MOH AND GRN/Page_KDMC - CMS/input_txtqty'

2018-06-10 22:04:28 - [MESSAGE][PASSED] - Text '5000' is set on object 'Object Repository/MOH AND GRN/Page_KDMC - CMS/input_txtqty'

2018-06-10 22:04:28 - [TEST_STEP][PASSED] - selectOptionByIndex: All options with index in [1] are selected on object 'Object Repository/MOH AND GRN/Page_KDMC - CMS/select_--Select--No Tax0'

2018-06-10 22:04:28 - [MESSAGE][PASSED] - All options with index in [1] are selected on object 'Object Repository/MOH AND GRN/Page_KDMC - CMS/select_--Select--No Tax0'

2018-06-10 22:04:28 - [TEST_STEP][PASSED] - setText: Finding Test Object with id 'Object Repository/MOH AND GRN/Page_KDMC - CMS/input_txtmrp'

2018-06-10 22:04:28 - [TEST_STEP][PASSED] - Statement - switch (id): Finding Test Object with id 'Object Repository/MOH AND GRN/Page_KDMC - CMS/input_txtdeal'

2018-06-10 22:04:28 - [TEST_STEP][PASSED] - Statement - case 4:: Text '35.0' is set on object 'Object Repository/MOH AND GRN/Page_KDMC - CMS/input_txtmrp'

2018-06-10 22:04:28 - [TEST_STEP][PASSED] - Statement - return (java.lang.Math.floor((java.lang.Math.random() * ((max - min) + 1))) + min): Text '35.0' is set on object 'Object Repository/MOH AND GRN/Page_KDMC - CMS/input_txtmrp'

2018-06-10 22:04:28 - [MESSAGE][PASSED] - Text '35.0' is set on object 'Object Repository/MOH AND GRN/Page_KDMC - CMS/input_txtmrp'

2018-06-10 22:04:28 - [TEST_STEP][PASSED] - setText: Finding Test Object with id 'Object Repository/MOH AND GRN/Page_KDMC - CMS/input_txtdeal'

2018-06-10 22:04:28 - [TEST_STEP][PASSED] - Statement - switch (id): Finding Test Object with id 'Object Repository/MOH AND GRN/Page_KDMC - CMS/input_txtbatchno'

2018-06-10 22:04:28 - [TEST_STEP][PASSED] - Statement - case 5:: Text '8.0' is set on object 'Object Repository/MOH AND GRN/Page_KDMC - CMS/input_txtdeal'

2018-06-10 22:04:28 - [TEST_STEP][PASSED] - Statement - return (java.lang.Math.floor((java.lang.Math.random() * ((max - min) + 1))) + min): Text '8.0' is set on object 'Object Repository/MOH AND GRN/Page_KDMC - CMS/input_txtdeal'

2018-06-10 22:04:28 - [MESSAGE][PASSED] - Text '8.0' is set on object 'Object Repository/MOH AND GRN/Page_KDMC - CMS/input_txtdeal'

2018-06-10 22:04:28 - [TEST_STEP][PASSED] - setText: Finding Test Object with id 'Object Repository/MOH AND GRN/Page_KDMC - CMS/input_txtbatchno'

2018-06-10 22:04:28 - [TEST_STEP][PASSED] - Statement - switch (id): Finding Test Object with id 'Object Repository/MOH AND GRN/Page_KDMC - CMS/input_txtmrp'

2018-06-10 22:04:28 - [TEST_STEP][PASSED] - Statement - case 1:: Text 'BA511.0' is set on object 'Object Repository/MOH AND GRN/Page_KDMC - CMS/input_txtbatchno'

2018-06-10 22:04:28 - [TEST_STEP][PASSED] - Statement - return (java.lang.Math.floor((java.lang.Math.random() * ((max - min) + 1))) + min): Text 'BA511.0' is set on object 'Object Repository/MOH AND GRN/Page_KDMC - CMS/input_txtbatchno'

2018-06-10 22:04:29 - [MESSAGE][PASSED] - Text 'BA511.0' is set on object 'Object Repository/MOH AND GRN/Page_KDMC - CMS/input_txtbatchno'

2018-06-10 22:04:29 - [TEST_STEP][PASSED] - rightClick: Object: 'Object Repository/GRN/Page_KDMC - CMS/input_txtexpdate' is right clicked on

2018-06-10 22:04:29 - [MESSAGE][PASSED] - Object: 'Object Repository/GRN/Page_KDMC - CMS/input_txtexpdate' is right clicked on

2018-06-10 22:04:29 - [TEST_STEP][PASSED] - selectOptionByIndex: All options with index in [1] are selected on object 'Object Repository/GRN/Page_KDMC - CMS/select_20182019202020212022202'

2018-06-10 22:04:29 - [MESSAGE][PASSED] - All options with index in [1] are selected on object 'Object Repository/GRN/Page_KDMC - CMS/select_20182019202020212022202'

2018-06-10 22:04:29 - [TEST_STEP][PASSED] - selectOptionByIndex: All options with index in [1] are selected on object 'Object Repository/GRN/Page_KDMC - CMS/select_JanFebMarAprMayJunJulAu'

2018-06-10 22:04:29 - [MESSAGE][PASSED] - All options with index in [1] are selected on object 'Object Repository/GRN/Page_KDMC - CMS/select_JanFebMarAprMayJunJulAu'

2018-06-10 22:04:29 - [TEST_STEP][PASSED] - click: Object: 'Object Repository/MOH AND GRN/Page_KDMC - CMS/a_12' is clicked on

2018-06-10 22:04:29 - [MESSAGE][PASSED] - Object: 'Object Repository/MOH AND GRN/Page_KDMC - CMS/a_12' is clicked on

2018-06-10 22:04:29 - [TEST_STEP][PASSED] - click: Object: 'Object Repository/MOH AND GRN/Page_KDMC - CMS/input_btnadd' is clicked on

2018-06-10 22:04:29 - [MESSAGE][PASSED] - Object: 'Object Repository/MOH AND GRN/Page_KDMC - CMS/input_btnadd' is clicked on

2018-06-10 22:04:29 - [TEST_STEP][PASSED] - Statement - If (s == 10): null

2018-06-10 22:04:29 - [TEST_STEP][PASSED] - Statement - Else: null

2018-06-10 22:04:29 - [TEST_STEP][PASSED] - Statement - (s++): null

2018-06-10 22:04:29 - [TEST_STEP][PASSED] - delay: Delayed 1 second(s)

2018-06-10 22:04:30 - [MESSAGE][PASSED] - Delayed 1 second(s)

2018-06-10 22:04:30 - [TEST_STEP][PASSED] - selectOptionByIndex: All options with index in [2] are selected on object 'Object Repository/MOH AND GRN/Page_KDMC - CMS/select_--Select--Amikacin -500'

2018-06-10 22:04:30 - [MESSAGE][PASSED] - All options with index in [2] are selected on object 'Object Repository/MOH AND GRN/Page_KDMC - CMS/select_--Select--Amikacin -500'

2018-06-10 22:04:30 - [TEST_STEP][PASSED] - setText: Text '5000' is set on object 'Object Repository/MOH AND GRN/Page_KDMC - CMS/input_txtqty'

2018-06-10 22:04:31 - [MESSAGE][PASSED] - Text '5000' is set on object 'Object Repository/MOH AND GRN/Page_KDMC - CMS/input_txtqty'

2018-06-10 22:04:31 - [TEST_STEP][PASSED] - selectOptionByIndex: All options with index in [1] are selected on object 'Object Repository/MOH AND GRN/Page_KDMC - CMS/select_--Select--No Tax0'

2018-06-10 22:04:31 - [MESSAGE][PASSED] - All options with index in [1] are selected on object 'Object Repository/MOH AND GRN/Page_KDMC - CMS/select_--Select--No Tax0'

2018-06-10 22:04:31 - [TEST_STEP][PASSED] - setText: Finding Test Object with id 'Object Repository/MOH AND GRN/Page_KDMC - CMS/input_txtmrp'

2018-06-10 22:04:31 - [TEST_STEP][PASSED] - Statement - switch (id): Finding Test Object with id 'Object Repository/MOH AND GRN/Page_KDMC - CMS/input_txtdeal'

2018-06-10 22:04:31 - [TEST_STEP][PASSED] - Statement - case 4:: Text '29.0' is set on object 'Object Repository/MOH AND GRN/Page_KDMC - CMS/input_txtmrp'

2018-06-10 22:04:31 - [TEST_STEP][PASSED] - Statement - return (java.lang.Math.floor((java.lang.Math.random() * ((max - min) + 1))) + min): Text '29.0' is set on object 'Object Repository/MOH AND GRN/Page_KDMC - CMS/input_txtmrp'

2018-06-10 22:04:31 - [MESSAGE][PASSED] - Text '29.0' is set on object 'Object Repository/MOH AND GRN/Page_KDMC - CMS/input_txtmrp'

2018-06-10 22:04:31 - [TEST_STEP][PASSED] - setText: Finding Test Object with id 'Object Repository/MOH AND GRN/Page_KDMC - CMS/input_txtdeal'

2018-06-10 22:04:31 - [TEST_STEP][PASSED] - Statement - switch (id): Finding Test Object with id 'Object Repository/MOH AND GRN/Page_KDMC - CMS/input_txtbatchno'

2018-06-10 22:04:31 - [TEST_STEP][PASSED] - Statement - case 5:: Text '10.0' is set on object 'Object Repository/MOH AND GRN/Page_KDMC - CMS/input_txtdeal'

2018-06-10 22:04:31 - [TEST_STEP][PASSED] - Statement - return (java.lang.Math.floor((java.lang.Math.random() * ((max - min) + 1))) + min): Text '10.0' is set on object 'Object Repository/MOH AND GRN/Page_KDMC - CMS/input_txtdeal'

2018-06-10 22:04:31 - [MESSAGE][PASSED] - Text '10.0' is set on object 'Object Repository/MOH AND GRN/Page_KDMC - CMS/input_txtdeal'

2018-06-10 22:04:31 - [TEST_STEP][PASSED] - setText: Finding Test Object with id 'Object Repository/MOH AND GRN/Page_KDMC - CMS/input_txtbatchno'

2018-06-10 22:04:31 - [TEST_STEP][PASSED] - Statement - switch (id): Finding Test Object with id 'Object Repository/MOH AND GRN/Page_KDMC - CMS/input_txtmrp'

2018-06-10 22:04:31 - [TEST_STEP][PASSED] - Statement - case 1:: Text 'BA549.0' is set on object 'Object Repository/MOH AND GRN/Page_KDMC - CMS/input_txtbatchno'

2018-06-10 22:04:31 - [TEST_STEP][PASSED] - Statement - return (java.lang.Math.floor((java.lang.Math.random() * ((max - min) + 1))) + min): Text 'BA549.0' is set on object 'Object Repository/MOH AND GRN/Page_KDMC - CMS/input_txtbatchno'

2018-06-10 22:04:31 - [MESSAGE][PASSED] - Text 'BA549.0' is set on object 'Object Repository/MOH AND GRN/Page_KDMC - CMS/input_txtbatchno'

2018-06-10 22:04:31 - [TEST_STEP][PASSED] - rightClick: Object: 'Object Repository/GRN/Page_KDMC - CMS/input_txtexpdate' is right clicked on

2018-06-10 22:04:31 - [MESSAGE][PASSED] - Object: 'Object Repository/GRN/Page_KDMC - CMS/input_txtexpdate' is right clicked on

2018-06-10 22:04:31 - [TEST_STEP][PASSED] - selectOptionByIndex: All options with index in [2] are selected on object 'Object Repository/GRN/Page_KDMC - CMS/select_20182019202020212022202'

2018-06-10 22:04:31 - [MESSAGE][PASSED] - All options with index in [2] are selected on object 'Object Repository/GRN/Page_KDMC - CMS/select_20182019202020212022202'

2018-06-10 22:04:31 - [TEST_STEP][PASSED] - selectOptionByIndex: All options with index in [2] are selected on object 'Object Repository/GRN/Page_KDMC - CMS/select_JanFebMarAprMayJunJulAu'

2018-06-10 22:04:31 - [MESSAGE][PASSED] - All options with index in [2] are selected on object 'Object Repository/GRN/Page_KDMC - CMS/select_JanFebMarAprMayJunJulAu'

2018-06-10 22:04:31 - [TEST_STEP][PASSED] - click: Object: 'Object Repository/MOH AND GRN/Page_KDMC - CMS/a_12' is clicked on

2018-06-10 22:04:31 - [MESSAGE][PASSED] - Object: 'Object Repository/MOH AND GRN/Page_KDMC - CMS/a_12' is clicked on

2018-06-10 22:04:31 - [TEST_STEP][PASSED] - click: Object: 'Object Repository/MOH AND GRN/Page_KDMC - CMS/input_btnadd' is clicked on

2018-06-10 22:04:32 - [MESSAGE][PASSED] - Object: 'Object Repository/MOH AND GRN/Page_KDMC - CMS/input_btnadd' is clicked on

2018-06-10 22:04:32 - [TEST_STEP][PASSED] - Statement - If (s == 10): null

2018-06-10 22:04:32 - [TEST_STEP][PASSED] - Statement - Else: null

2018-06-10 22:04:32 - [TEST_STEP][PASSED] - Statement - (s++): null

2018-06-10 22:04:32 - [TEST_STEP][PASSED] - delay: Delayed 1 second(s)

2018-06-10 22:04:33 - [MESSAGE][PASSED] - Delayed 1 second(s)

2018-06-10 22:04:33 - [TEST_STEP][PASSED] - selectOptionByIndex: All options with index in [3] are selected on object 'Object Repository/MOH AND GRN/Page_KDMC - CMS/select_--Select--Amikacin -500'

2018-06-10 22:04:33 - [MESSAGE][PASSED] - All options with index in [3] are selected on object 'Object Repository/MOH AND GRN/Page_KDMC - CMS/select_--Select--Amikacin -500'

2018-06-10 22:04:33 - [TEST_STEP][PASSED] - setText: Text '5000' is set on object 'Object Repository/MOH AND GRN/Page_KDMC - CMS/input_txtqty'

2018-06-10 22:04:33 - [MESSAGE][PASSED] - Text '5000' is set on object 'Object Repository/MOH AND GRN/Page_KDMC - CMS/input_txtqty'

2018-06-10 22:04:33 - [TEST_STEP][PASSED] - selectOptionByIndex: All options with index in [1] are selected on object 'Object Repository/MOH AND GRN/Page_KDMC - CMS/select_--Select--No Tax0'

2018-06-10 22:04:33 - [MESSAGE][PASSED] - All options with index in [1] are selected on object 'Object Repository/MOH AND GRN/Page_KDMC - CMS/select_--Select--No Tax0'

2018-06-10 22:04:33 - [TEST_STEP][PASSED] - setText: Finding Test Object with id 'Object Repository/MOH AND GRN/Page_KDMC - CMS/input_txtmrp'

2018-06-10 22:04:33 - [TEST_STEP][PASSED] - Statement - switch (id): Finding Test Object with id 'Object Repository/MOH AND GRN/Page_KDMC - CMS/input_txtdeal'

2018-06-10 22:04:33 - [TEST_STEP][PASSED] - Statement - case 4:: Text '38.0' is set on object 'Object Repository/MOH AND GRN/Page_KDMC - CMS/input_txtmrp'

2018-06-10 22:04:33 - [TEST_STEP][PASSED] - Statement - return (java.lang.Math.floor((java.lang.Math.random() * ((max - min) + 1))) + min): Text '38.0' is set on object 'Object Repository/MOH AND GRN/Page_KDMC - CMS/input_txtmrp'

2018-06-10 22:04:33 - [MESSAGE][PASSED] - Text '38.0' is set on object 'Object Repository/MOH AND GRN/Page_KDMC - CMS/input_txtmrp'

2018-06-10 22:04:33 - [TEST_STEP][PASSED] - setText: Finding Test Object with id 'Object Repository/MOH AND GRN/Page_KDMC - CMS/input_txtdeal'

2018-06-10 22:04:33 - [TEST_STEP][PASSED] - Statement - switch (id): Finding Test Object with id 'Object Repository/MOH AND GRN/Page_KDMC - CMS/input_txtbatchno'

2018-06-10 22:04:33 - [TEST_STEP][PASSED] - Statement - case 5:: Text '4.0' is set on object 'Object Repository/MOH AND GRN/Page_KDMC - CMS/input_txtdeal'

2018-06-10 22:04:33 - [TEST_STEP][PASSED] - Statement - return (java.lang.Math.floor((java.lang.Math.random() * ((max - min) + 1))) + min): Text '4.0' is set on object 'Object Repository/MOH AND GRN/Page_KDMC - CMS/input_txtdeal'

2018-06-10 22:04:33 - [MESSAGE][PASSED] - Text '4.0' is set on object 'Object Repository/MOH AND GRN/Page_KDMC - CMS/input_txtdeal'

2018-06-10 22:04:33 - [TEST_STEP][PASSED] - setText: Finding Test Object with id 'Object Repository/MOH AND GRN/Page_KDMC - CMS/input_txtbatchno'

2018-06-10 22:04:33 - [TEST_STEP][PASSED] - Statement - switch (id): Finding Test Object with id 'Object Repository/MOH AND GRN/Page_KDMC - CMS/input_txtmrp'

2018-06-10 22:04:33 - [TEST_STEP][PASSED] - Statement - case 1:: Text 'BA264.0' is set on object 'Object Repository/MOH AND GRN/Page_KDMC - CMS/input_txtbatchno'

2018-06-10 22:04:33 - [TEST_STEP][PASSED] - Statement - return (java.lang.Math.floor((java.lang.Math.random() * ((max - min) + 1))) + min): Text 'BA264.0' is set on object 'Object Repository/MOH AND GRN/Page_KDMC - CMS/input_txtbatchno'

2018-06-10 22:04:33 - [MESSAGE][PASSED] - Text 'BA264.0' is set on object 'Object Repository/MOH AND GRN/Page_KDMC - CMS/input_txtbatchno'

2018-06-10 22:04:33 - [TEST_STEP][PASSED] - rightClick: Object: 'Object Repository/GRN/Page_KDMC - CMS/input_txtexpdate' is right clicked on

2018-06-10 22:04:33 - [MESSAGE][PASSED] - Object: 'Object Repository/GRN/Page_KDMC - CMS/input_txtexpdate' is right clicked on

2018-06-10 22:04:33 - [TEST_STEP][PASSED] - selectOptionByIndex: All options with index in [3] are selected on object 'Object Repository/GRN/Page_KDMC - CMS/select_20182019202020212022202'

2018-06-10 22:04:34 - [MESSAGE][PASSED] - All options with index in [3] are selected on object 'Object Repository/GRN/Page_KDMC - CMS/select_20182019202020212022202'

2018-06-10 22:04:34 - [TEST_STEP][PASSED] - selectOptionByIndex: All options with index in [3] are selected on object 'Object Repository/GRN/Page_KDMC - CMS/select_JanFebMarAprMayJunJulAu'

2018-06-10 22:04:34 - [MESSAGE][PASSED] - All options with index in [3] are selected on object 'Object Repository/GRN/Page_KDMC - CMS/select_JanFebMarAprMayJunJulAu'

2018-06-10 22:04:34 - [TEST_STEP][PASSED] - click: Object: 'Object Repository/MOH AND GRN/Page_KDMC - CMS/a_12' is clicked on

2018-06-10 22:04:34 - [MESSAGE][PASSED] - Object: 'Object Repository/MOH AND GRN/Page_KDMC - CMS/a_12' is clicked on

2018-06-10 22:04:34 - [TEST_STEP][PASSED] - click: Object: 'Object Repository/MOH AND GRN/Page_KDMC - CMS/input_btnadd' is clicked on

2018-06-10 22:04:34 - [MESSAGE][PASSED] - Object: 'Object Repository/MOH AND GRN/Page_KDMC - CMS/input_btnadd' is clicked on

2018-06-10 22:04:34 - [TEST_STEP][PASSED] - Statement - If (s == 10): null

2018-06-10 22:04:34 - [TEST_STEP][PASSED] - Statement - Else: null

2018-06-10 22:04:34 - [TEST_STEP][PASSED] - Statement - (s++): null

2018-06-10 22:04:34 - [TEST_STEP][PASSED] - delay: Delayed 1 second(s)

2018-06-10 22:04:35 - [MESSAGE][PASSED] - Delayed 1 second(s)

2018-06-10 22:04:35 - [TEST_STEP][PASSED] - selectOptionByIndex: All options with index in [4] are selected on object 'Object Repository/MOH AND GRN/Page_KDMC - CMS/select_--Select--Amikacin -500'

2018-06-10 22:04:35 - [MESSAGE][PASSED] - All options with index in [4] are selected on object 'Object Repository/MOH AND GRN/Page_KDMC - CMS/select_--Select--Amikacin -500'

2018-06-10 22:04:35 - [TEST_STEP][PASSED] - setText: Text '5000' is set on object 'Object Repository/MOH AND GRN/Page_KDMC - CMS/input_txtqty'

2018-06-10 22:04:35 - [MESSAGE][PASSED] - Text '5000' is set on object 'Object Repository/MOH AND GRN/Page_KDMC - CMS/input_txtqty'

2018-06-10 22:04:35 - [TEST_STEP][PASSED] - selectOptionByIndex: All options with index in [1] are selected on object 'Object Repository/MOH AND GRN/Page_KDMC - CMS/select_--Select--No Tax0'

2018-06-10 22:04:35 - [MESSAGE][PASSED] - All options with index in [1] are selected on object 'Object Repository/MOH AND GRN/Page_KDMC - CMS/select_--Select--No Tax0'

2018-06-10 22:04:35 - [TEST_STEP][PASSED] - setText: Finding Test Object with id 'Object Repository/MOH AND GRN/Page_KDMC - CMS/input_txtmrp'

2018-06-10 22:04:35 - [TEST_STEP][PASSED] - Statement - switch (id): Finding Test Object with id 'Object Repository/MOH AND GRN/Page_KDMC - CMS/input_txtdeal'

2018-06-10 22:04:35 - [TEST_STEP][PASSED] - Statement - case 4:: Text '15.0' is set on object 'Object Repository/MOH AND GRN/Page_KDMC - CMS/input_txtmrp'

2018-06-10 22:04:35 - [TEST_STEP][PASSED] - Statement - return (java.lang.Math.floor((java.lang.Math.random() * ((max - min) + 1))) + min): Text '15.0' is set on object 'Object Repository/MOH AND GRN/Page_KDMC - CMS/input_txtmrp'

2018-06-10 22:04:35 - [MESSAGE][PASSED] - Text '15.0' is set on object 'Object Repository/MOH AND GRN/Page_KDMC - CMS/input_txtmrp'

2018-06-10 22:04:35 - [TEST_STEP][PASSED] - setText: Finding Test Object with id 'Object Repository/MOH AND GRN/Page_KDMC - CMS/input_txtdeal'

2018-06-10 22:04:35 - [TEST_STEP][PASSED] - Statement - switch (id): Finding Test Object with id 'Object Repository/MOH AND GRN/Page_KDMC - CMS/input_txtbatchno'

2018-06-10 22:04:35 - [TEST_STEP][PASSED] - Statement - case 5:: Text '8.0' is set on object 'Object Repository/MOH AND GRN/Page_KDMC - CMS/input_txtdeal'

2018-06-10 22:04:35 - [TEST_STEP][PASSED] - Statement - return (java.lang.Math.floor((java.lang.Math.random() * ((max - min) + 1))) + min): Text '8.0' is set on object 'Object Repository/MOH AND GRN/Page_KDMC - CMS/input_txtdeal'

2018-06-10 22:04:35 - [MESSAGE][PASSED] - Text '8.0' is set on object 'Object Repository/MOH AND GRN/Page_KDMC - CMS/input_txtdeal'

2018-06-10 22:04:35 - [TEST_STEP][PASSED] - setText: Finding Test Object with id 'Object Repository/MOH AND GRN/Page_KDMC - CMS/input_txtbatchno'

2018-06-10 22:04:35 - [TEST_STEP][PASSED] - Statement - switch (id): Finding Test Object with id 'Object Repository/MOH AND GRN/Page_KDMC - CMS/input_txtmrp'

2018-06-10 22:04:35 - [TEST_STEP][PASSED] - Statement - case 1:: Text 'BA29.0' is set on object 'Object Repository/MOH AND GRN/Page_KDMC - CMS/input_txtbatchno'

2018-06-10 22:04:35 - [TEST_STEP][PASSED] - Statement - return (java.lang.Math.floor((java.lang.Math.random() * ((max - min) + 1))) + min): Text 'BA29.0' is set on object 'Object Repository/MOH AND GRN/Page_KDMC - CMS/input_txtbatchno'

2018-06-10 22:04:36 - [MESSAGE][PASSED] - Text 'BA29.0' is set on object 'Object Repository/MOH AND GRN/Page_KDMC - CMS/input_txtbatchno'

2018-06-10 22:04:36 - [TEST_STEP][PASSED] - rightClick: Object: 'Object Repository/GRN/Page_KDMC - CMS/input_txtexpdate' is right clicked on

2018-06-10 22:04:36 - [MESSAGE][PASSED] - Object: 'Object Repository/GRN/Page_KDMC - CMS/input_txtexpdate' is right clicked on

2018-06-10 22:04:36 - [TEST_STEP][PASSED] - selectOptionByIndex: All options with index in [4] are selected on object 'Object Repository/GRN/Page_KDMC - CMS/select_20182019202020212022202'

2018-06-10 22:04:36 - [MESSAGE][PASSED] - All options with index in [4] are selected on object 'Object Repository/GRN/Page_KDMC - CMS/select_20182019202020212022202'

2018-06-10 22:04:36 - [TEST_STEP][PASSED] - selectOptionByIndex: All options with index in [4] are selected on object 'Object Repository/GRN/Page_KDMC - CMS/select_JanFebMarAprMayJunJulAu'

2018-06-10 22:04:36 - [MESSAGE][PASSED] - All options with index in [4] are selected on object 'Object Repository/GRN/Page_KDMC - CMS/select_JanFebMarAprMayJunJulAu'

2018-06-10 22:04:36 - [TEST_STEP][PASSED] - click: Object: 'Object Repository/MOH AND GRN/Page_KDMC - CMS/a_12' is clicked on

2018-06-10 22:04:36 - [MESSAGE][PASSED] - Object: 'Object Repository/MOH AND GRN/Page_KDMC - CMS/a_12' is clicked on

2018-06-10 22:04:36 - [TEST_STEP][PASSED] - click: Object: 'Object Repository/MOH AND GRN/Page_KDMC - CMS/input_btnadd' is clicked on

2018-06-10 22:04:36 - [MESSAGE][PASSED] - Object: 'Object Repository/MOH AND GRN/Page_KDMC - CMS/input_btnadd' is clicked on

2018-06-10 22:04:36 - [TEST_STEP][PASSED] - Statement - If (s == 10): null

2018-06-10 22:04:36 - [TEST_STEP][PASSED] - Statement - Else: null

2018-06-10 22:04:36 - [TEST_STEP][PASSED] - Statement - (s++): null

2018-06-10 22:04:36 - [TEST_STEP][PASSED] - delay: Delayed 1 second(s)

2018-06-10 22:04:37 - [MESSAGE][PASSED] - Delayed 1 second(s)

2018-06-10 22:04:37 - [TEST_STEP][PASSED] - selectOptionByIndex: All options with index in [5] are selected on object 'Object Repository/MOH AND GRN/Page_KDMC - CMS/select_--Select--Amikacin -500'

2018-06-10 22:04:37 - [MESSAGE][PASSED] - All options with index in [5] are selected on object 'Object Repository/MOH AND GRN/Page_KDMC - CMS/select_--Select--Amikacin -500'

2018-06-10 22:04:37 - [TEST_STEP][PASSED] - setText: Text '5000' is set on object 'Object Repository/MOH AND GRN/Page_KDMC - CMS/input_txtqty'

2018-06-10 22:04:37 - [MESSAGE][PASSED] - Text '5000' is set on object 'Object Repository/MOH AND GRN/Page_KDMC - CMS/input_txtqty'

2018-06-10 22:04:37 - [TEST_STEP][PASSED] - selectOptionByIndex: All options with index in [1] are selected on object 'Object Repository/MOH AND GRN/Page_KDMC - CMS/select_--Select--No Tax0'

2018-06-10 22:04:38 - [MESSAGE][PASSED] - All options with index in [1] are selected on object 'Object Repository/MOH AND GRN/Page_KDMC - CMS/select_--Select--No Tax0'

2018-06-10 22:04:38 - [TEST_STEP][PASSED] - setText: Finding Test Object with id 'Object Repository/MOH AND GRN/Page_KDMC - CMS/input_txtmrp'

2018-06-10 22:04:38 - [TEST_STEP][PASSED] - Statement - switch (id): Finding Test Object with id 'Object Repository/MOH AND GRN/Page_KDMC - CMS/input_txtdeal'

2018-06-10 22:04:38 - [TEST_STEP][PASSED] - Statement - case 4:: Text '25.0' is set on object 'Object Repository/MOH AND GRN/Page_KDMC - CMS/input_txtmrp'

2018-06-10 22:04:38 - [TEST_STEP][PASSED] - Statement - return (java.lang.Math.floor((java.lang.Math.random() * ((max - min) + 1))) + min): Text '25.0' is set on object 'Object Repository/MOH AND GRN/Page_KDMC - CMS/input_txtmrp'

2018-06-10 22:04:38 - [MESSAGE][PASSED] - Text '25.0' is set on object 'Object Repository/MOH AND GRN/Page_KDMC - CMS/input_txtmrp'

2018-06-10 22:04:38 - [TEST_STEP][PASSED] - setText: Finding Test Object with id 'Object Repository/MOH AND GRN/Page_KDMC - CMS/input_txtdeal'

2018-06-10 22:04:38 - [TEST_STEP][PASSED] - Statement - switch (id): Finding Test Object with id 'Object Repository/MOH AND GRN/Page_KDMC - CMS/input_txtbatchno'

2018-06-10 22:04:38 - [TEST_STEP][PASSED] - Statement - case 5:: Text '5.0' is set on object 'Object Repository/MOH AND GRN/Page_KDMC - CMS/input_txtdeal'

2018-06-10 22:04:38 - [TEST_STEP][PASSED] - Statement - return (java.lang.Math.floor((java.lang.Math.random() * ((max - min) + 1))) + min): Text '5.0' is set on object 'Object Repository/MOH AND GRN/Page_KDMC - CMS/input_txtdeal'

2018-06-10 22:04:38 - [MESSAGE][PASSED] - Text '5.0' is set on object 'Object Repository/MOH AND GRN/Page_KDMC - CMS/input_txtdeal'

2018-06-10 22:04:38 - [TEST_STEP][PASSED] - setText: Finding Test Object with id 'Object Repository/MOH AND GRN/Page_KDMC - CMS/input_txtbatchno'

2018-06-10 22:04:38 - [TEST_STEP][PASSED] - Statement - switch (id): Finding Test Object with id 'Object Repository/MOH AND GRN/Page_KDMC - CMS/input_txtmrp'

2018-06-10 22:04:38 - [TEST_STEP][PASSED] - Statement - case 1:: Text 'BA55.0' is set on object 'Object Repository/MOH AND GRN/Page_KDMC - CMS/input_txtbatchno'

2018-06-10 22:04:38 - [TEST_STEP][PASSED] - Statement - return (java.lang.Math.floor((java.lang.Math.random() * ((max - min) + 1))) + min): Text 'BA55.0' is set on object 'Object Repository/MOH AND GRN/Page_KDMC - CMS/input_txtbatchno'

2018-06-10 22:04:38 - [MESSAGE][PASSED] - Text 'BA55.0' is set on object 'Object Repository/MOH AND GRN/Page_KDMC - CMS/input_txtbatchno'

2018-06-10 22:04:38 - [TEST_STEP][PASSED] - rightClick: Object: 'Object Repository/GRN/Page_KDMC - CMS/input_txtexpdate' is right clicked on

2018-06-10 22:04:38 - [MESSAGE][PASSED] - Object: 'Object Repository/GRN/Page_KDMC - CMS/input_txtexpdate' is right clicked on

2018-06-10 22:04:38 - [TEST_STEP][PASSED] - selectOptionByIndex: All options with index in [5] are selected on object 'Object Repository/GRN/Page_KDMC - CMS/select_20182019202020212022202'

2018-06-10 22:04:38 - [MESSAGE][PASSED] - All options with index in [5] are selected on object 'Object Repository/GRN/Page_KDMC - CMS/select_20182019202020212022202'

2018-06-10 22:04:38 - [TEST_STEP][PASSED] - selectOptionByIndex: All options with index in [5] are selected on object 'Object Repository/GRN/Page_KDMC - CMS/select_JanFebMarAprMayJunJulAu'

2018-06-10 22:04:38 - [MESSAGE][PASSED] - All options with index in [5] are selected on object 'Object Repository/GRN/Page_KDMC - CMS/select_JanFebMarAprMayJunJulAu'

2018-06-10 22:04:38 - [TEST_STEP][PASSED] - click: Object: 'Object Repository/MOH AND GRN/Page_KDMC - CMS/a_12' is clicked on

2018-06-10 22:04:38 - [MESSAGE][PASSED] - Object: 'Object Repository/MOH AND GRN/Page_KDMC - CMS/a_12' is clicked on

2018-06-10 22:04:38 - [TEST_STEP][PASSED] - click: Object: 'Object Repository/MOH AND GRN/Page_KDMC - CMS/input_btnadd' is clicked on

2018-06-10 22:04:38 - [MESSAGE][PASSED] - Object: 'Object Repository/MOH AND GRN/Page_KDMC - CMS/input_btnadd' is clicked on

2018-06-10 22:04:38 - [TEST_STEP][PASSED] - Statement - If (s == 10): null

2018-06-10 22:04:38 - [TEST_STEP][PASSED] - Statement - Else: null

2018-06-10 22:04:38 - [TEST_STEP][PASSED] - Statement - (s++): null

2018-06-10 22:04:38 - [TEST_STEP][PASSED] - delay: Delayed 1 second(s)

2018-06-10 22:04:39 - [MESSAGE][PASSED] - Delayed 1 second(s)

2018-06-10 22:04:39 - [TEST_STEP][PASSED] - selectOptionByIndex: All options with index in [6] are selected on object 'Object Repository/MOH AND GRN/Page_KDMC - CMS/select_--Select--Amikacin -500'

2018-06-10 22:04:40 - [MESSAGE][PASSED] - All options with index in [6] are selected on object 'Object Repository/MOH AND GRN/Page_KDMC - CMS/select_--Select--Amikacin -500'

2018-06-10 22:04:40 - [TEST_STEP][PASSED] - setText: Text '5000' is set on object 'Object Repository/MOH AND GRN/Page_KDMC - CMS/input_txtqty'

2018-06-10 22:04:40 - [MESSAGE][PASSED] - Text '5000' is set on object 'Object Repository/MOH AND GRN/Page_KDMC - CMS/input_txtqty'

2018-06-10 22:04:40 - [TEST_STEP][PASSED] - selectOptionByIndex: All options with index in [1] are selected on object 'Object Repository/MOH AND GRN/Page_KDMC - CMS/select_--Select--No Tax0'

2018-06-10 22:04:40 - [MESSAGE][PASSED] - All options with index in [1] are selected on object 'Object Repository/MOH AND GRN/Page_KDMC - CMS/select_--Select--No Tax0'

2018-06-10 22:04:40 - [TEST_STEP][PASSED] - setText: Finding Test Object with id 'Object Repository/MOH AND GRN/Page_KDMC - CMS/input_txtmrp'

2018-06-10 22:04:40 - [TEST_STEP][PASSED] - Statement - switch (id): Finding Test Object with id 'Object Repository/MOH AND GRN/Page_KDMC - CMS/input_txtdeal'

2018-06-10 22:04:40 - [TEST_STEP][PASSED] - Statement - case 4:: Text '20.0' is set on object 'Object Repository/MOH AND GRN/Page_KDMC - CMS/input_txtmrp'

2018-06-10 22:04:40 - [TEST_STEP][PASSED] - Statement - return (java.lang.Math.floor((java.lang.Math.random() * ((max - min) + 1))) + min): Text '20.0' is set on object 'Object Repository/MOH AND GRN/Page_KDMC - CMS/input_txtmrp'

2018-06-10 22:04:40 - [MESSAGE][PASSED] - Text '20.0' is set on object 'Object Repository/MOH AND GRN/Page_KDMC - CMS/input_txtmrp'

2018-06-10 22:04:40 - [TEST_STEP][PASSED] - setText: Finding Test Object with id 'Object Repository/MOH AND GRN/Page_KDMC - CMS/input_txtdeal'

2018-06-10 22:04:40 - [TEST_STEP][PASSED] - Statement - switch (id): Finding Test Object with id 'Object Repository/MOH AND GRN/Page_KDMC - CMS/input_txtbatchno'

2018-06-10 22:04:40 - [TEST_STEP][PASSED] - Statement - case 5:: Text '11.0' is set on object 'Object Repository/MOH AND GRN/Page_KDMC - CMS/input_txtdeal'

2018-06-10 22:04:40 - [TEST_STEP][PASSED] - Statement - return (java.lang.Math.floor((java.lang.Math.random() * ((max - min) + 1))) + min): Text '11.0' is set on object 'Object Repository/MOH AND GRN/Page_KDMC - CMS/input_txtdeal'

2018-06-10 22:04:40 - [MESSAGE][PASSED] - Text '11.0' is set on object 'Object Repository/MOH AND GRN/Page_KDMC - CMS/input_txtdeal'

2018-06-10 22:04:40 - [TEST_STEP][PASSED] - setText: Finding Test Object with id 'Object Repository/MOH AND GRN/Page_KDMC - CMS/input_txtbatchno'

2018-06-10 22:04:40 - [TEST_STEP][PASSED] - Statement - switch (id): Finding Test Object with id 'Object Repository/MOH AND GRN/Page_KDMC - CMS/input_txtmrp'

2018-06-10 22:04:40 - [TEST_STEP][PASSED] - Statement - case 1:: Text 'BA357.0' is set on object 'Object Repository/MOH AND GRN/Page_KDMC - CMS/input_txtbatchno'

2018-06-10 22:04:40 - [TEST_STEP][PASSED] - Statement - return (java.lang.Math.floor((java.lang.Math.random() * ((max - min) + 1))) + min): Text 'BA357.0' is set on object 'Object Repository/MOH AND GRN/Page_KDMC - CMS/input_txtbatchno'

2018-06-10 22:04:40 - [MESSAGE][PASSED] - Text 'BA357.0' is set on object 'Object Repository/MOH AND GRN/Page_KDMC - CMS/input_txtbatchno'

2018-06-10 22:04:40 - [TEST_STEP][PASSED] - rightClick: Object: 'Object Repository/GRN/Page_KDMC - CMS/input_txtexpdate' is right clicked on

2018-06-10 22:04:40 - [MESSAGE][PASSED] - Object: 'Object Repository/GRN/Page_KDMC - CMS/input_txtexpdate' is right clicked on

2018-06-10 22:04:40 - [TEST_STEP][PASSED] - selectOptionByIndex: All options with index in [6] are selected on object 'Object Repository/GRN/Page_KDMC - CMS/select_20182019202020212022202'

2018-06-10 22:04:41 - [MESSAGE][PASSED] - All options with index in [6] are selected on object 'Object Repository/GRN/Page_KDMC - CMS/select_20182019202020212022202'

2018-06-10 22:04:41 - [TEST_STEP][PASSED] - selectOptionByIndex: All options with index in [6] are selected on object 'Object Repository/GRN/Page_KDMC - CMS/select_JanFebMarAprMayJunJulAu'

2018-06-10 22:04:41 - [MESSAGE][PASSED] - All options with index in [6] are selected on object 'Object Repository/GRN/Page_KDMC - CMS/select_JanFebMarAprMayJunJulAu'

2018-06-10 22:04:41 - [TEST_STEP][PASSED] - click: Object: 'Object Repository/MOH AND GRN/Page_KDMC - CMS/a_12' is clicked on

2018-06-10 22:04:41 - [MESSAGE][PASSED] - Object: 'Object Repository/MOH AND GRN/Page_KDMC - CMS/a_12' is clicked on

2018-06-10 22:04:41 - [TEST_STEP][PASSED] - click: Object: 'Object Repository/MOH AND GRN/Page_KDMC - CMS/input_btnadd' is clicked on

2018-06-10 22:04:41 - [MESSAGE][PASSED] - Object: 'Object Repository/MOH AND GRN/Page_KDMC - CMS/input_btnadd' is clicked on

2018-06-10 22:04:41 - [TEST_STEP][PASSED] - Statement - If (s == 10): null

2018-06-10 22:04:41 - [TEST_STEP][PASSED] - Statement - Else: null

2018-06-10 22:04:41 - [TEST_STEP][PASSED] - Statement - (s++): null

2018-06-10 22:04:41 - [TEST_STEP][PASSED] - delay: Delayed 1 second(s)

2018-06-10 22:04:42 - [MESSAGE][PASSED] - Delayed 1 second(s)

2018-06-10 22:04:42 - [TEST_STEP][PASSED] - selectOptionByIndex: All options with index in [7] are selected on object 'Object Repository/MOH AND GRN/Page_KDMC - CMS/select_--Select--Amikacin -500'

2018-06-10 22:04:42 - [MESSAGE][PASSED] - All options with index in [7] are selected on object 'Object Repository/MOH AND GRN/Page_KDMC - CMS/select_--Select--Amikacin -500'

2018-06-10 22:04:42 - [TEST_STEP][PASSED] - setText: Text '5000' is set on object 'Object Repository/MOH AND GRN/Page_KDMC - CMS/input_txtqty'

2018-06-10 22:04:42 - [MESSAGE][PASSED] - Text '5000' is set on object 'Object Repository/MOH AND GRN/Page_KDMC - CMS/input_txtqty'

2018-06-10 22:04:42 - [TEST_STEP][PASSED] - selectOptionByIndex: All options with index in [1] are selected on object 'Object Repository/MOH AND GRN/Page_KDMC - CMS/select_--Select--No Tax0'

2018-06-10 22:04:42 - [MESSAGE][PASSED] - All options with index in [1] are selected on object 'Object Repository/MOH AND GRN/Page_KDMC - CMS/select_--Select--No Tax0'

2018-06-10 22:04:42 - [TEST_STEP][PASSED] - setText: Finding Test Object with id 'Object Repository/MOH AND GRN/Page_KDMC - CMS/input_txtmrp'

2018-06-10 22:04:42 - [TEST_STEP][PASSED] - Statement - switch (id): Finding Test Object with id 'Object Repository/MOH AND GRN/Page_KDMC - CMS/input_txtdeal'

2018-06-10 22:04:42 - [TEST_STEP][PASSED] - Statement - case 4:: Text '45.0' is set on object 'Object Repository/MOH AND GRN/Page_KDMC - CMS/input_txtmrp'

2018-06-10 22:04:42 - [TEST_STEP][PASSED] - Statement - return (java.lang.Math.floor((java.lang.Math.random() * ((max - min) + 1))) + min): Text '45.0' is set on object 'Object Repository/MOH AND GRN/Page_KDMC - CMS/input_txtmrp'

2018-06-10 22:04:42 - [MESSAGE][PASSED] - Text '45.0' is set on object 'Object Repository/MOH AND GRN/Page_KDMC - CMS/input_txtmrp'

2018-06-10 22:04:42 - [TEST_STEP][PASSED] - setText: Finding Test Object with id 'Object Repository/MOH AND GRN/Page_KDMC - CMS/input_txtdeal'

2018-06-10 22:04:42 - [TEST_STEP][PASSED] - Statement - switch (id): Finding Test Object with id 'Object Repository/MOH AND GRN/Page_KDMC - CMS/input_txtbatchno'

2018-06-10 22:04:42 - [TEST_STEP][PASSED] - Statement - case 5:: Text '1.0' is set on object 'Object Repository/MOH AND GRN/Page_KDMC - CMS/input_txtdeal'

2018-06-10 22:04:42 - [TEST_STEP][PASSED] - Statement - return (java.lang.Math.floor((java.lang.Math.random() * ((max - min) + 1))) + min): Text '1.0' is set on object 'Object Repository/MOH AND GRN/Page_KDMC - CMS/input_txtdeal'

2018-06-10 22:04:42 - [MESSAGE][PASSED] - Text '1.0' is set on object 'Object Repository/MOH AND GRN/Page_KDMC - CMS/input_txtdeal'

2018-06-10 22:04:42 - [TEST_STEP][PASSED] - setText: Finding Test Object with id 'Object Repository/MOH AND GRN/Page_KDMC - CMS/input_txtbatchno'

2018-06-10 22:04:42 - [TEST_STEP][PASSED] - Statement - switch (id): Finding Test Object with id 'Object Repository/MOH AND GRN/Page_KDMC - CMS/input_txtmrp'

2018-06-10 22:04:42 - [TEST_STEP][PASSED] - Statement - case 1:: Text 'BA233.0' is set on object 'Object Repository/MOH AND GRN/Page_KDMC - CMS/input_txtbatchno'

2018-06-10 22:04:42 - [TEST_STEP][PASSED] - Statement - return (java.lang.Math.floor((java.lang.Math.random() * ((max - min) + 1))) + min): Text 'BA233.0' is set on object 'Object Repository/MOH AND GRN/Page_KDMC - CMS/input_txtbatchno'

2018-06-10 22:04:43 - [MESSAGE][PASSED] - Text 'BA233.0' is set on object 'Object Repository/MOH AND GRN/Page_KDMC - CMS/input_txtbatchno'

2018-06-10 22:04:43 - [TEST_STEP][PASSED] - rightClick: Object: 'Object Repository/GRN/Page_KDMC - CMS/input_txtexpdate' is right clicked on

2018-06-10 22:04:43 - [MESSAGE][PASSED] - Object: 'Object Repository/GRN/Page_KDMC - CMS/input_txtexpdate' is right clicked on

2018-06-10 22:04:43 - [TEST_STEP][PASSED] - selectOptionByIndex: All options with index in [7] are selected on object 'Object Repository/GRN/Page_KDMC - CMS/select_20182019202020212022202'

2018-06-10 22:04:43 - [MESSAGE][PASSED] - All options with index in [7] are selected on object 'Object Repository/GRN/Page_KDMC - CMS/select_20182019202020212022202'

2018-06-10 22:04:43 - [TEST_STEP][PASSED] - selectOptionByIndex: All options with index in [7] are selected on object 'Object Repository/GRN/Page_KDMC - CMS/select_JanFebMarAprMayJunJulAu'

2018-06-10 22:04:43 - [MESSAGE][PASSED] - All options with index in [7] are selected on object 'Object Repository/GRN/Page_KDMC - CMS/select_JanFebMarAprMayJunJulAu'

2018-06-10 22:04:43 - [TEST_STEP][PASSED] - click: Object: 'Object Repository/MOH AND GRN/Page_KDMC - CMS/a_12' is clicked on

2018-06-10 22:04:43 - [MESSAGE][PASSED] - Object: 'Object Repository/MOH AND GRN/Page_KDMC - CMS/a_12' is clicked on

2018-06-10 22:04:43 - [TEST_STEP][PASSED] - click: Object: 'Object Repository/MOH AND GRN/Page_KDMC - CMS/input_btnadd' is clicked on

2018-06-10 22:04:43 - [MESSAGE][PASSED] - Object: 'Object Repository/MOH AND GRN/Page_KDMC - CMS/input_btnadd' is clicked on

2018-06-10 22:04:43 - [TEST_STEP][PASSED] - Statement - If (s == 10): null

2018-06-10 22:04:43 - [TEST_STEP][PASSED] - Statement - Else: null

2018-06-10 22:04:43 - [TEST_STEP][PASSED] - Statement - (s++): null

2018-06-10 22:04:43 - [TEST_STEP][PASSED] - delay: Delayed 1 second(s)

2018-06-10 22:04:44 - [MESSAGE][PASSED] - Delayed 1 second(s)

2018-06-10 22:04:44 - [TEST_STEP][PASSED] - selectOptionByIndex: All options with index in [8] are selected on object 'Object Repository/MOH AND GRN/Page_KDMC - CMS/select_--Select--Amikacin -500'

2018-06-10 22:04:44 - [MESSAGE][PASSED] - All options with index in [8] are selected on object 'Object Repository/MOH AND GRN/Page_KDMC - CMS/select_--Select--Amikacin -500'

2018-06-10 22:04:44 - [TEST_STEP][PASSED] - setText: Text '5000' is set on object 'Object Repository/MOH AND GRN/Page_KDMC - CMS/input_txtqty'

2018-06-10 22:04:45 - [MESSAGE][PASSED] - Text '5000' is set on object 'Object Repository/MOH AND GRN/Page_KDMC - CMS/input_txtqty'

2018-06-10 22:04:45 - [TEST_STEP][PASSED] - selectOptionByIndex: All options with index in [1] are selected on object 'Object Repository/MOH AND GRN/Page_KDMC - CMS/select_--Select--No Tax0'

2018-06-10 22:04:45 - [MESSAGE][PASSED] - All options with index in [1] are selected on object 'Object Repository/MOH AND GRN/Page_KDMC - CMS/select_--Select--No Tax0'

2018-06-10 22:04:45 - [TEST_STEP][PASSED] - setText: Finding Test Object with id 'Object Repository/MOH AND GRN/Page_KDMC - CMS/input_txtmrp'

2018-06-10 22:04:45 - [TEST_STEP][PASSED] - Statement - switch (id): Finding Test Object with id 'Object Repository/MOH AND GRN/Page_KDMC - CMS/input_txtdeal'

2018-06-10 22:04:45 - [TEST_STEP][PASSED] - Statement - case 4:: Text '33.0' is set on object 'Object Repository/MOH AND GRN/Page_KDMC - CMS/input_txtmrp'

2018-06-10 22:04:45 - [TEST_STEP][PASSED] - Statement - return (java.lang.Math.floor((java.lang.Math.random() * ((max - min) + 1))) + min): Text '33.0' is set on object 'Object Repository/MOH AND GRN/Page_KDMC - CMS/input_txtmrp'

2018-06-10 22:04:45 - [MESSAGE][PASSED] - Text '33.0' is set on object 'Object Repository/MOH AND GRN/Page_KDMC - CMS/input_txtmrp'

2018-06-10 22:04:45 - [TEST_STEP][PASSED] - setText: Finding Test Object with id 'Object Repository/MOH AND GRN/Page_KDMC - CMS/input_txtdeal'

2018-06-10 22:04:45 - [TEST_STEP][PASSED] - Statement - switch (id): Finding Test Object with id 'Object Repository/MOH AND GRN/Page_KDMC - CMS/input_txtbatchno'

2018-06-10 22:04:45 - [TEST_STEP][PASSED] - Statement - case 5:: Text '5.0' is set on object 'Object Repository/MOH AND GRN/Page_KDMC - CMS/input_txtdeal'

2018-06-10 22:04:45 - [TEST_STEP][PASSED] - Statement - return (java.lang.Math.floor((java.lang.Math.random() * ((max - min) + 1))) + min): Text '5.0' is set on object 'Object Repository/MOH AND GRN/Page_KDMC - CMS/input_txtdeal'

2018-06-10 22:04:45 - [MESSAGE][PASSED] - Text '5.0' is set on object 'Object Repository/MOH AND GRN/Page_KDMC - CMS/input_txtdeal'

2018-06-10 22:04:45 - [TEST_STEP][PASSED] - setText: Finding Test Object with id 'Object Repository/MOH AND GRN/Page_KDMC - CMS/input_txtbatchno'

2018-06-10 22:04:45 - [TEST_STEP][PASSED] - Statement - switch (id): Finding Test Object with id 'Object Repository/MOH AND GRN/Page_KDMC - CMS/input_txtmrp'

2018-06-10 22:04:45 - [TEST_STEP][PASSED] - Statement - case 1:: Text 'BA512.0' is set on object 'Object Repository/MOH AND GRN/Page_KDMC - CMS/input_txtbatchno'

2018-06-10 22:04:45 - [TEST_STEP][PASSED] - Statement - return (java.lang.Math.floor((java.lang.Math.random() * ((max - min) + 1))) + min): Text 'BA512.0' is set on object 'Object Repository/MOH AND GRN/Page_KDMC - CMS/input_txtbatchno'

2018-06-10 22:04:45 - [MESSAGE][PASSED] - Text 'BA512.0' is set on object 'Object Repository/MOH AND GRN/Page_KDMC - CMS/input_txtbatchno'

2018-06-10 22:04:45 - [TEST_STEP][PASSED] - rightClick: Object: 'Object Repository/GRN/Page_KDMC - CMS/input_txtexpdate' is right clicked on

2018-06-10 22:04:45 - [MESSAGE][PASSED] - Object: 'Object Repository/GRN/Page_KDMC - CMS/input_txtexpdate' is right clicked on

2018-06-10 22:04:45 - [TEST_STEP][PASSED] - selectOptionByIndex: All options with index in [8] are selected on object 'Object Repository/GRN/Page_KDMC - CMS/select_20182019202020212022202'

2018-06-10 22:04:45 - [MESSAGE][PASSED] - All options with index in [8] are selected on object 'Object Repository/GRN/Page_KDMC - CMS/select_20182019202020212022202'

2018-06-10 22:04:45 - [TEST_STEP][PASSED] - selectOptionByIndex: All options with index in [8] are selected on object 'Object Repository/GRN/Page_KDMC - CMS/select_JanFebMarAprMayJunJulAu'

2018-06-10 22:04:46 - [MESSAGE][PASSED] - All options with index in [8] are selected on object 'Object Repository/GRN/Page_KDMC - CMS/select_JanFebMarAprMayJunJulAu'

2018-06-10 22:04:46 - [TEST_STEP][PASSED] - click: Object: 'Object Repository/MOH AND GRN/Page_KDMC - CMS/a_12' is clicked on

2018-06-10 22:04:46 - [MESSAGE][PASSED] - Object: 'Object Repository/MOH AND GRN/Page_KDMC - CMS/a_12' is clicked on

2018-06-10 22:04:46 - [TEST_STEP][PASSED] - click: Object: 'Object Repository/MOH AND GRN/Page_KDMC - CMS/input_btnadd' is clicked on

2018-06-10 22:04:46 - [MESSAGE][PASSED] - Object: 'Object Repository/MOH AND GRN/Page_KDMC - CMS/input_btnadd' is clicked on

2018-06-10 22:04:46 - [TEST_STEP][PASSED] - Statement - If (s == 10): null

2018-06-10 22:04:46 - [TEST_STEP][PASSED] - Statement - Else: null

2018-06-10 22:04:46 - [TEST_STEP][PASSED] - Statement - (s++): null

2018-06-10 22:04:46 - [TEST_STEP][PASSED] - delay: Delayed 1 second(s)

2018-06-10 22:04:47 - [MESSAGE][PASSED] - Delayed 1 second(s)

2018-06-10 22:04:47 - [TEST_STEP][PASSED] - selectOptionByIndex: All options with index in [9] are selected on object 'Object Repository/MOH AND GRN/Page_KDMC - CMS/select_--Select--Amikacin -500'

2018-06-10 22:04:47 - [MESSAGE][PASSED] - All options with index in [9] are selected on object 'Object Repository/MOH AND GRN/Page_KDMC - CMS/select_--Select--Amikacin -500'

2018-06-10 22:04:47 - [TEST_STEP][PASSED] - setText: Text '5000' is set on object 'Object Repository/MOH AND GRN/Page_KDMC - CMS/input_txtqty'

2018-06-10 22:04:47 - [MESSAGE][PASSED] - Text '5000' is set on object 'Object Repository/MOH AND GRN/Page_KDMC - CMS/input_txtqty'

2018-06-10 22:04:47 - [TEST_STEP][PASSED] - selectOptionByIndex: All options with index in [1] are selected on object 'Object Repository/MOH AND GRN/Page_KDMC - CMS/select_--Select--No Tax0'

2018-06-10 22:04:47 - [MESSAGE][PASSED] - All options with index in [1] are selected on object 'Object Repository/MOH AND GRN/Page_KDMC - CMS/select_--Select--No Tax0'

2018-06-10 22:04:47 - [TEST_STEP][PASSED] - setText: Finding Test Object with id 'Object Repository/MOH AND GRN/Page_KDMC - CMS/input_txtmrp'

2018-06-10 22:04:47 - [TEST_STEP][PASSED] - Statement - switch (id): Finding Test Object with id 'Object Repository/MOH AND GRN/Page_KDMC - CMS/input_txtdeal'

2018-06-10 22:04:47 - [TEST_STEP][PASSED] - Statement - case 4:: Text '24.0' is set on object 'Object Repository/MOH AND GRN/Page_KDMC - CMS/input_txtmrp'

2018-06-10 22:04:47 - [TEST_STEP][PASSED] - Statement - return (java.lang.Math.floor((java.lang.Math.random() * ((max - min) + 1))) + min): Text '24.0' is set on object 'Object Repository/MOH AND GRN/Page_KDMC - CMS/input_txtmrp'

2018-06-10 22:04:47 - [MESSAGE][PASSED] - Text '24.0' is set on object 'Object Repository/MOH AND GRN/Page_KDMC - CMS/input_txtmrp'

2018-06-10 22:04:47 - [TEST_STEP][PASSED] - setText: Finding Test Object with id 'Object Repository/MOH AND GRN/Page_KDMC - CMS/input_txtdeal'

2018-06-10 22:04:47 - [TEST_STEP][PASSED] - Statement - switch (id): Finding Test Object with id 'Object Repository/MOH AND GRN/Page_KDMC - CMS/input_txtbatchno'

2018-06-10 22:04:47 - [TEST_STEP][PASSED] - Statement - case 5:: Text '4.0' is set on object 'Object Repository/MOH AND GRN/Page_KDMC - CMS/input_txtdeal'

2018-06-10 22:04:47 - [TEST_STEP][PASSED] - Statement - return (java.lang.Math.floor((java.lang.Math.random() * ((max - min) + 1))) + min): Text '4.0' is set on object 'Object Repository/MOH AND GRN/Page_KDMC - CMS/input_txtdeal'

2018-06-10 22:04:47 - [MESSAGE][PASSED] - Text '4.0' is set on object 'Object Repository/MOH AND GRN/Page_KDMC - CMS/input_txtdeal'

2018-06-10 22:04:47 - [TEST_STEP][PASSED] - setText: Finding Test Object with id 'Object Repository/MOH AND GRN/Page_KDMC - CMS/input_txtbatchno'

2018-06-10 22:04:47 - [TEST_STEP][PASSED] - Statement - switch (id): Finding Test Object with id 'Object Repository/MOH AND GRN/Page_KDMC - CMS/input_txtmrp'

2018-06-10 22:04:47 - [TEST_STEP][PASSED] - Statement - case 1:: Text 'BA750.0' is set on object 'Object Repository/MOH AND GRN/Page_KDMC - CMS/input_txtbatchno'

2018-06-10 22:04:47 - [TEST_STEP][PASSED] - Statement - return (java.lang.Math.floor((java.lang.Math.random() * ((max - min) + 1))) + min): Text 'BA750.0' is set on object 'Object Repository/MOH AND GRN/Page_KDMC - CMS/input_txtbatchno'

2018-06-10 22:04:47 - [MESSAGE][PASSED] - Text 'BA750.0' is set on object 'Object Repository/MOH AND GRN/Page_KDMC - CMS/input_txtbatchno'

2018-06-10 22:04:47 - [TEST_STEP][PASSED] - rightClick: Object: 'Object Repository/GRN/Page_KDMC - CMS/input_txtexpdate' is right clicked on

2018-06-10 22:04:48 - [MESSAGE][PASSED] - Object: 'Object Repository/GRN/Page_KDMC - CMS/input_txtexpdate' is right clicked on

2018-06-10 22:04:48 - [TEST_STEP][PASSED] - selectOptionByIndex: All options with index in [9] are selected on object 'Object Repository/GRN/Page_KDMC - CMS/select_20182019202020212022202'

2018-06-10 22:04:48 - [MESSAGE][PASSED] - All options with index in [9] are selected on object 'Object Repository/GRN/Page_KDMC - CMS/select_20182019202020212022202'

2018-06-10 22:04:48 - [TEST_STEP][PASSED] - selectOptionByIndex: All options with index in [9] are selected on object 'Object Repository/GRN/Page_KDMC - CMS/select_JanFebMarAprMayJunJulAu'

2018-06-10 22:04:48 - [MESSAGE][PASSED] - All options with index in [9] are selected on object 'Object Repository/GRN/Page_KDMC - CMS/select_JanFebMarAprMayJunJulAu'

2018-06-10 22:04:48 - [TEST_STEP][PASSED] - click: Object: 'Object Repository/MOH AND GRN/Page_KDMC - CMS/a_12' is clicked on

2018-06-10 22:04:48 - [MESSAGE][PASSED] - Object: 'Object Repository/MOH AND GRN/Page_KDMC - CMS/a_12' is clicked on

2018-06-10 22:04:48 - [TEST_STEP][PASSED] - click: Object: 'Object Repository/MOH AND GRN/Page_KDMC - CMS/input_btnadd' is clicked on

2018-06-10 22:04:48 - [MESSAGE][PASSED] - Object: 'Object Repository/MOH AND GRN/Page_KDMC - CMS/input_btnadd' is clicked on

2018-06-10 22:04:48 - [TEST_STEP][PASSED] - Statement - If (s == 10): null

2018-06-10 22:04:48 - [TEST_STEP][PASSED] - Statement - Else: null

2018-06-10 22:04:48 - [TEST_STEP][PASSED] - Statement - (s++): null

2018-06-10 22:04:48 - [TEST_STEP][PASSED] - delay: Delayed 1 second(s)

2018-06-10 22:04:49 - [MESSAGE][PASSED] - Delayed 1 second(s)

2018-06-10 22:04:49 - [TEST_STEP][PASSED] - selectOptionByIndex: All options with index in [10] are selected on object 'Object Repository/MOH AND GRN/Page_KDMC - CMS/select_--Select--Amikacin -500'

2018-06-10 22:04:49 - [MESSAGE][PASSED] - All options with index in [10] are selected on object 'Object Repository/MOH AND GRN/Page_KDMC - CMS/select_--Select--Amikacin -500'

2018-06-10 22:04:49 - [TEST_STEP][PASSED] - setText: Text '5000' is set on object 'Object Repository/MOH AND GRN/Page_KDMC - CMS/input_txtqty'

2018-06-10 22:04:50 - [MESSAGE][PASSED] - Text '5000' is set on object 'Object Repository/MOH AND GRN/Page_KDMC - CMS/input_txtqty'

2018-06-10 22:04:50 - [TEST_STEP][PASSED] - selectOptionByIndex: All options with index in [1] are selected on object 'Object Repository/MOH AND GRN/Page_KDMC - CMS/select_--Select--No Tax0'

2018-06-10 22:04:50 - [MESSAGE][PASSED] - All options with index in [1] are selected on object 'Object Repository/MOH AND GRN/Page_KDMC - CMS/select_--Select--No Tax0'

2018-06-10 22:04:50 - [TEST_STEP][PASSED] - setText: Finding Test Object with id 'Object Repository/MOH AND GRN/Page_KDMC - CMS/input_txtmrp'

2018-06-10 22:04:50 - [TEST_STEP][PASSED] - Statement - switch (id): Finding Test Object with id 'Object Repository/MOH AND GRN/Page_KDMC - CMS/input_txtdeal'

2018-06-10 22:04:50 - [TEST_STEP][PASSED] - Statement - case 4:: Text '30.0' is set on object 'Object Repository/MOH AND GRN/Page_KDMC - CMS/input_txtmrp'

2018-06-10 22:04:50 - [TEST_STEP][PASSED] - Statement - return (java.lang.Math.floor((java.lang.Math.random() * ((max - min) + 1))) + min): Text '30.0' is set on object 'Object Repository/MOH AND GRN/Page_KDMC - CMS/input_txtmrp'

2018-06-10 22:04:50 - [MESSAGE][PASSED] - Text '30.0' is set on object 'Object Repository/MOH AND GRN/Page_KDMC - CMS/input_txtmrp'

2018-06-10 22:04:50 - [TEST_STEP][PASSED] - setText: Finding Test Object with id 'Object Repository/MOH AND GRN/Page_KDMC - CMS/input_txtdeal'

2018-06-10 22:04:50 - [TEST_STEP][PASSED] - Statement - switch (id): Finding Test Object with id 'Object Repository/MOH AND GRN/Page_KDMC - CMS/input_txtbatchno'

2018-06-10 22:04:50 - [TEST_STEP][PASSED] - Statement - case 5:: Text '1.0' is set on object 'Object Repository/MOH AND GRN/Page_KDMC - CMS/input_txtdeal'

2018-06-10 22:04:50 - [TEST_STEP][PASSED] - Statement - return (java.lang.Math.floor((java.lang.Math.random() * ((max - min) + 1))) + min): Text '1.0' is set on object 'Object Repository/MOH AND GRN/Page_KDMC - CMS/input_txtdeal'

2018-06-10 22:04:50 - [MESSAGE][PASSED] - Text '1.0' is set on object 'Object Repository/MOH AND GRN/Page_KDMC - CMS/input_txtdeal'

2018-06-10 22:04:50 - [TEST_STEP][PASSED] - setText: Finding Test Object with id 'Object Repository/MOH AND GRN/Page_KDMC - CMS/input_txtbatchno'

2018-06-10 22:04:50 - [TEST_STEP][PASSED] - Statement - switch (id): Finding Test Object with id 'Object Repository/MOH AND GRN/Page_KDMC - CMS/input_txtmrp'

2018-06-10 22:04:50 - [TEST_STEP][PASSED] - Statement - case 1:: Text 'BA342.0' is set on object 'Object Repository/MOH AND GRN/Page_KDMC - CMS/input_txtbatchno'

2018-06-10 22:04:50 - [TEST_STEP][PASSED] - Statement - return (java.lang.Math.floor((java.lang.Math.random() * ((max - min) + 1))) + min): Text 'BA342.0' is set on object 'Object Repository/MOH AND GRN/Page_KDMC - CMS/input_txtbatchno'

2018-06-10 22:04:50 - [MESSAGE][PASSED] - Text 'BA342.0' is set on object 'Object Repository/MOH AND GRN/Page_KDMC - CMS/input_txtbatchno'

2018-06-10 22:04:50 - [TEST_STEP][PASSED] - rightClick: Object: 'Object Repository/GRN/Page_KDMC - CMS/input_txtexpdate' is right clicked on

2018-06-10 22:04:50 - [MESSAGE][PASSED] - Object: 'Object Repository/GRN/Page_KDMC - CMS/input_txtexpdate' is right clicked on

2018-06-10 22:04:50 - [TEST_STEP][PASSED] - selectOptionByIndex: All options with index in [10] are selected on object 'Object Repository/GRN/Page_KDMC - CMS/select_20182019202020212022202'

2018-06-10 22:04:50 - [MESSAGE][PASSED] - All options with index in [10] are selected on object 'Object Repository/GRN/Page_KDMC - CMS/select_20182019202020212022202'

2018-06-10 22:04:50 - [TEST_STEP][PASSED] - selectOptionByIndex: All options with index in [10] are selected on object 'Object Repository/GRN/Page_KDMC - CMS/select_JanFebMarAprMayJunJulAu'

2018-06-10 22:04:51 - [MESSAGE][PASSED] - All options with index in [10] are selected on object 'Object Repository/GRN/Page_KDMC - CMS/select_JanFebMarAprMayJunJulAu'

2018-06-10 22:04:51 - [TEST_STEP][PASSED] - click: Object: 'Object Repository/MOH AND GRN/Page_KDMC - CMS/a_12' is clicked on

2018-06-10 22:04:51 - [MESSAGE][PASSED] - Object: 'Object Repository/MOH AND GRN/Page_KDMC - CMS/a_12' is clicked on

2018-06-10 22:04:51 - [TEST_STEP][PASSED] - click: Object: 'Object Repository/MOH AND GRN/Page_KDMC - CMS/input_btnadd' is clicked on

2018-06-10 22:04:51 - [MESSAGE][PASSED] - Object: 'Object Repository/MOH AND GRN/Page_KDMC - CMS/input_btnadd' is clicked on

2018-06-10 22:04:51 - [TEST_STEP][PASSED] - Statement - If (s == 10): null

2018-06-10 22:04:51 - [TEST_STEP][PASSED] - Statement - s = 1: null

2018-06-10 22:04:51 - [TEST_STEP][PASSED] - delay: Delayed 1 second(s)

2018-06-10 22:04:52 - [MESSAGE][PASSED] - Delayed 1 second(s)

2018-06-10 22:04:52 - [TEST_STEP][PASSED] - selectOptionByIndex: All options with index in [11] are selected on object 'Object Repository/MOH AND GRN/Page_KDMC - CMS/select_--Select--Amikacin -500'

2018-06-10 22:04:52 - [MESSAGE][PASSED] - All options with index in [11] are selected on object 'Object Repository/MOH AND GRN/Page_KDMC - CMS/select_--Select--Amikacin -500'

2018-06-10 22:04:52 - [TEST_STEP][PASSED] - setText: Text '5000' is set on object 'Object Repository/MOH AND GRN/Page_KDMC - CMS/input_txtqty'

2018-06-10 22:04:52 - [MESSAGE][PASSED] - Text '5000' is set on object 'Object Repository/MOH AND GRN/Page_KDMC - CMS/input_txtqty'

2018-06-10 22:04:52 - [TEST_STEP][PASSED] - selectOptionByIndex: All options with index in [1] are selected on object 'Object Repository/MOH AND GRN/Page_KDMC - CMS/select_--Select--No Tax0'

2018-06-10 22:04:52 - [MESSAGE][PASSED] - All options with index in [1] are selected on object 'Object Repository/MOH AND GRN/Page_KDMC - CMS/select_--Select--No Tax0'

2018-06-10 22:04:52 - [TEST_STEP][PASSED] - setText: Finding Test Object with id 'Object Repository/MOH AND GRN/Page_KDMC - CMS/input_txtmrp'

2018-06-10 22:04:52 - [TEST_STEP][PASSED] - Statement - switch (id): Finding Test Object with id 'Object Repository/MOH AND GRN/Page_KDMC - CMS/input_txtdeal'

2018-06-10 22:04:52 - [TEST_STEP][PASSED] - Statement - case 4:: Text '17.0' is set on object 'Object Repository/MOH AND GRN/Page_KDMC - CMS/input_txtmrp'

2018-06-10 22:04:52 - [TEST_STEP][PASSED] - Statement - return (java.lang.Math.floor((java.lang.Math.random() * ((max - min) + 1))) + min): Text '17.0' is set on object 'Object Repository/MOH AND GRN/Page_KDMC - CMS/input_txtmrp'

2018-06-10 22:04:52 - [MESSAGE][PASSED] - Text '17.0' is set on object 'Object Repository/MOH AND GRN/Page_KDMC - CMS/input_txtmrp'

2018-06-10 22:04:52 - [TEST_STEP][PASSED] - setText: Finding Test Object with id 'Object Repository/MOH AND GRN/Page_KDMC - CMS/input_txtdeal'

2018-06-10 22:04:52 - [TEST_STEP][PASSED] - Statement - switch (id): Finding Test Object with id 'Object Repository/MOH AND GRN/Page_KDMC - CMS/input_txtbatchno'

2018-06-10 22:04:52 - [TEST_STEP][PASSED] - Statement - case 5:: Text '8.0' is set on object 'Object Repository/MOH AND GRN/Page_KDMC - CMS/input_txtdeal'

2018-06-10 22:04:52 - [TEST_STEP][PASSED] - Statement - return (java.lang.Math.floor((java.lang.Math.random() * ((max - min) + 1))) + min): Text '8.0' is set on object 'Object Repository/MOH AND GRN/Page_KDMC - CMS/input_txtdeal'

2018-06-10 22:04:52 - [MESSAGE][PASSED] - Text '8.0' is set on object 'Object Repository/MOH AND GRN/Page_KDMC - CMS/input_txtdeal'

2018-06-10 22:04:52 - [TEST_STEP][PASSED] - setText: Finding Test Object with id 'Object Repository/MOH AND GRN/Page_KDMC - CMS/input_txtbatchno'

2018-06-10 22:04:52 - [TEST_STEP][PASSED] - Statement - switch (id): Finding Test Object with id 'Object Repository/MOH AND GRN/Page_KDMC - CMS/input_txtmrp'

2018-06-10 22:04:52 - [TEST_STEP][PASSED] - Statement - case 1:: Text 'BA504.0' is set on object 'Object Repository/MOH AND GRN/Page_KDMC - CMS/input_txtbatchno'

2018-06-10 22:04:52 - [TEST_STEP][PASSED] - Statement - return (java.lang.Math.floor((java.lang.Math.random() * ((max - min) + 1))) + min): Text 'BA504.0' is set on object 'Object Repository/MOH AND GRN/Page_KDMC - CMS/input_txtbatchno'

2018-06-10 22:04:52 - [MESSAGE][PASSED] - Text 'BA504.0' is set on object 'Object Repository/MOH AND GRN/Page_KDMC - CMS/input_txtbatchno'

2018-06-10 22:04:52 - [TEST_STEP][PASSED] - rightClick: Object: 'Object Repository/GRN/Page_KDMC - CMS/input_txtexpdate' is right clicked on

2018-06-10 22:04:53 - [MESSAGE][PASSED] - Object: 'Object Repository/GRN/Page_KDMC - CMS/input_txtexpdate' is right clicked on

2018-06-10 22:04:53 - [TEST_STEP][PASSED] - selectOptionByIndex: All options with index in [1] are selected on object 'Object Repository/GRN/Page_KDMC - CMS/select_20182019202020212022202'

2018-06-10 22:04:53 - [MESSAGE][PASSED] - All options with index in [1] are selected on object 'Object Repository/GRN/Page_KDMC - CMS/select_20182019202020212022202'

2018-06-10 22:04:53 - [TEST_STEP][PASSED] - selectOptionByIndex: All options with index in [1] are selected on object 'Object Repository/GRN/Page_KDMC - CMS/select_JanFebMarAprMayJunJulAu'

2018-06-10 22:04:53 - [MESSAGE][PASSED] - All options with index in [1] are selected on object 'Object Repository/GRN/Page_KDMC - CMS/select_JanFebMarAprMayJunJulAu'

2018-06-10 22:04:53 - [TEST_STEP][PASSED] - click: Object: 'Object Repository/MOH AND GRN/Page_KDMC - CMS/a_12' is clicked on

2018-06-10 22:04:53 - [MESSAGE][PASSED] - Object: 'Object Repository/MOH AND GRN/Page_KDMC - CMS/a_12' is clicked on

2018-06-10 22:04:53 - [TEST_STEP][PASSED] - click: Object: 'Object Repository/MOH AND GRN/Page_KDMC - CMS/input_btnadd' is clicked on

2018-06-10 22:04:53 - [MESSAGE][PASSED] - Object: 'Object Repository/MOH AND GRN/Page_KDMC - CMS/input_btnadd' is clicked on

2018-06-10 22:04:53 - [TEST_STEP][PASSED] - Statement - If (s == 10): null

2018-06-10 22:04:53 - [TEST_STEP][PASSED] - Statement - Else: null

2018-06-10 22:04:53 - [TEST_STEP][PASSED] - Statement - (s++): null

2018-06-10 22:04:53 - [TEST_STEP][PASSED] - delay: Delayed 1 second(s)

2018-06-10 22:04:54 - [MESSAGE][PASSED] - Delayed 1 second(s)

2018-06-10 22:04:54 - [TEST_STEP][PASSED] - selectOptionByIndex: All options with index in [12] are selected on object 'Object Repository/MOH AND GRN/Page_KDMC - CMS/select_--Select--Amikacin -500'

2018-06-10 22:04:54 - [MESSAGE][PASSED] - All options with index in [12] are selected on object 'Object Repository/MOH AND GRN/Page_KDMC - CMS/select_--Select--Amikacin -500'

2018-06-10 22:04:54 - [TEST_STEP][PASSED] - setText: Text '5000' is set on object 'Object Repository/MOH AND GRN/Page_KDMC - CMS/input_txtqty'

2018-06-10 22:04:54 - [MESSAGE][PASSED] - Text '5000' is set on object 'Object Repository/MOH AND GRN/Page_KDMC - CMS/input_txtqty'

2018-06-10 22:04:54 - [TEST_STEP][PASSED] - selectOptionByIndex: All options with index in [1] are selected on object 'Object Repository/MOH AND GRN/Page_KDMC - CMS/select_--Select--No Tax0'

2018-06-10 22:04:54 - [MESSAGE][PASSED] - All options with index in [1] are selected on object 'Object Repository/MOH AND GRN/Page_KDMC - CMS/select_--Select--No Tax0'

2018-06-10 22:04:54 - [TEST_STEP][PASSED] - setText: Finding Test Object with id 'Object Repository/MOH AND GRN/Page_KDMC - CMS/input_txtmrp'

2018-06-10 22:04:54 - [TEST_STEP][PASSED] - Statement - switch (id): Finding Test Object with id 'Object Repository/MOH AND GRN/Page_KDMC - CMS/input_txtdeal'

2018-06-10 22:04:54 - [TEST_STEP][PASSED] - Statement - case 4:: Text '30.0' is set on object 'Object Repository/MOH AND GRN/Page_KDMC - CMS/input_txtmrp'

2018-06-10 22:04:54 - [TEST_STEP][PASSED] - Statement - return (java.lang.Math.floor((java.lang.Math.random() * ((max - min) + 1))) + min): Text '30.0' is set on object 'Object Repository/MOH AND GRN/Page_KDMC - CMS/input_txtmrp'

2018-06-10 22:04:55 - [MESSAGE][PASSED] - Text '30.0' is set on object 'Object Repository/MOH AND GRN/Page_KDMC - CMS/input_txtmrp'

2018-06-10 22:04:55 - [TEST_STEP][PASSED] - setText: Finding Test Object with id 'Object Repository/MOH AND GRN/Page_KDMC - CMS/input_txtdeal'

2018-06-10 22:04:55 - [TEST_STEP][PASSED] - Statement - switch (id): Finding Test Object with id 'Object Repository/MOH AND GRN/Page_KDMC - CMS/input_txtbatchno'

2018-06-10 22:04:55 - [TEST_STEP][PASSED] - Statement - case 5:: Text '9.0' is set on object 'Object Repository/MOH AND GRN/Page_KDMC - CMS/input_txtdeal'

2018-06-10 22:04:55 - [TEST_STEP][PASSED] - Statement - return (java.lang.Math.floor((java.lang.Math.random() * ((max - min) + 1))) + min): Text '9.0' is set on object 'Object Repository/MOH AND GRN/Page_KDMC - CMS/input_txtdeal'

2018-06-10 22:04:55 - [MESSAGE][PASSED] - Text '9.0' is set on object 'Object Repository/MOH AND GRN/Page_KDMC - CMS/input_txtdeal'

2018-06-10 22:04:55 - [TEST_STEP][PASSED] - setText: Finding Test Object with id 'Object Repository/MOH AND GRN/Page_KDMC - CMS/input_txtbatchno'

2018-06-10 22:04:55 - [TEST_STEP][PASSED] - Statement - switch (id): Finding Test Object with id 'Object Repository/MOH AND GRN/Page_KDMC - CMS/input_txtmrp'

2018-06-10 22:04:55 - [TEST_STEP][PASSED] - Statement - case 1:: Text 'BA320.0' is set on object 'Object Repository/MOH AND GRN/Page_KDMC - CMS/input_txtbatchno'

2018-06-10 22:04:55 - [TEST_STEP][PASSED] - Statement - return (java.lang.Math.floor((java.lang.Math.random() * ((max - min) + 1))) + min): Text 'BA320.0' is set on object 'Object Repository/MOH AND GRN/Page_KDMC - CMS/input_txtbatchno'

2018-06-10 22:04:55 - [MESSAGE][PASSED] - Text 'BA320.0' is set on object 'Object Repository/MOH AND GRN/Page_KDMC - CMS/input_txtbatchno'

2018-06-10 22:04:55 - [TEST_STEP][PASSED] - rightClick: Object: 'Object Repository/GRN/Page_KDMC - CMS/input_txtexpdate' is right clicked on

2018-06-10 22:04:55 - [MESSAGE][PASSED] - Object: 'Object Repository/GRN/Page_KDMC - CMS/input_txtexpdate' is right clicked on

2018-06-10 22:04:55 - [TEST_STEP][PASSED] - selectOptionByIndex: All options with index in [2] are selected on object 'Object Repository/GRN/Page_KDMC - CMS/select_20182019202020212022202'

2018-06-10 22:04:55 - [MESSAGE][PASSED] - All options with index in [2] are selected on object 'Object Repository/GRN/Page_KDMC - CMS/select_20182019202020212022202'

2018-06-10 22:04:55 - [TEST_STEP][PASSED] - selectOptionByIndex: All options with index in [2] are selected on object 'Object Repository/GRN/Page_KDMC - CMS/select_JanFebMarAprMayJunJulAu'

2018-06-10 22:04:55 - [MESSAGE][PASSED] - All options with index in [2] are selected on object 'Object Repository/GRN/Page_KDMC - CMS/select_JanFebMarAprMayJunJulAu'

2018-06-10 22:04:55 - [TEST_STEP][PASSED] - click: Object: 'Object Repository/MOH AND GRN/Page_KDMC - CMS/a_12' is clicked on

2018-06-10 22:04:55 - [MESSAGE][PASSED] - Object: 'Object Repository/MOH AND GRN/Page_KDMC - CMS/a_12' is clicked on

2018-06-10 22:04:55 - [TEST_STEP][PASSED] - click: Object: 'Object Repository/MOH AND GRN/Page_KDMC - CMS/input_btnadd' is clicked on

2018-06-10 22:04:55 - [MESSAGE][PASSED] - Object: 'Object Repository/MOH AND GRN/Page_KDMC - CMS/input_btnadd' is clicked on

2018-06-10 22:04:55 - [TEST_STEP][PASSED] - Statement - If (s == 10): null

2018-06-10 22:04:55 - [TEST_STEP][PASSED] - Statement - Else: null

2018-06-10 22:04:55 - [TEST_STEP][PASSED] - Statement - (s++): null

2018-06-10 22:04:55 - [TEST_STEP][PASSED] - delay: Delayed 1 second(s)

2018-06-10 22:04:56 - [MESSAGE][PASSED] - Delayed 1 second(s)

2018-06-10 22:04:56 - [TEST_STEP][PASSED] - selectOptionByIndex: All options with index in [13] are selected on object 'Object Repository/MOH AND GRN/Page_KDMC - CMS/select_--Select--Amikacin -500'

2018-06-10 22:04:57 - [MESSAGE][PASSED] - All options with index in [13] are selected on object 'Object Repository/MOH AND GRN/Page_KDMC - CMS/select_--Select--Amikacin -500'

2018-06-10 22:04:57 - [TEST_STEP][PASSED] - setText: Text '5000' is set on object 'Object Repository/MOH AND GRN/Page_KDMC - CMS/input_txtqty'

2018-06-10 22:04:57 - [MESSAGE][PASSED] - Text '5000' is set on object 'Object Repository/MOH AND GRN/Page_KDMC - CMS/input_txtqty'

2018-06-10 22:04:57 - [TEST_STEP][PASSED] - selectOptionByIndex: All options with index in [1] are selected on object 'Object Repository/MOH AND GRN/Page_KDMC - CMS/select_--Select--No Tax0'

2018-06-10 22:04:57 - [MESSAGE][PASSED] - All options with index in [1] are selected on object 'Object Repository/MOH AND GRN/Page_KDMC - CMS/select_--Select--No Tax0'

2018-06-10 22:04:57 - [TEST_STEP][PASSED] - setText: Finding Test Object with id 'Object Repository/MOH AND GRN/Page_KDMC - CMS/input_txtmrp'

2018-06-10 22:04:57 - [TEST_STEP][PASSED] - Statement - switch (id): Finding Test Object with id 'Object Repository/MOH AND GRN/Page_KDMC - CMS/input_txtdeal'

2018-06-10 22:04:57 - [TEST_STEP][PASSED] - Statement - case 4:: Text '24.0' is set on object 'Object Repository/MOH AND GRN/Page_KDMC - CMS/input_txtmrp'

2018-06-10 22:04:57 - [TEST_STEP][PASSED] - Statement - return (java.lang.Math.floor((java.lang.Math.random() * ((max - min) + 1))) + min): Text '24.0' is set on object 'Object Repository/MOH AND GRN/Page_KDMC - CMS/input_txtmrp'

2018-06-10 22:04:57 - [MESSAGE][PASSED] - Text '24.0' is set on object 'Object Repository/MOH AND GRN/Page_KDMC - CMS/input_txtmrp'

2018-06-10 22:04:57 - [TEST_STEP][PASSED] - setText: Finding Test Object with id 'Object Repository/MOH AND GRN/Page_KDMC - CMS/input_txtdeal'

2018-06-10 22:04:57 - [TEST_STEP][PASSED] - Statement - switch (id): Finding Test Object with id 'Object Repository/MOH AND GRN/Page_KDMC - CMS/input_txtbatchno'

2018-06-10 22:04:57 - [TEST_STEP][PASSED] - Statement - case 5:: Text '7.0' is set on object 'Object Repository/MOH AND GRN/Page_KDMC - CMS/input_txtdeal'

2018-06-10 22:04:57 - [TEST_STEP][PASSED] - Statement - return (java.lang.Math.floor((java.lang.Math.random() * ((max - min) + 1))) + min): Text '7.0' is set on object 'Object Repository/MOH AND GRN/Page_KDMC - CMS/input_txtdeal'

2018-06-10 22:04:57 - [MESSAGE][PASSED] - Text '7.0' is set on object 'Object Repository/MOH AND GRN/Page_KDMC - CMS/input_txtdeal'

2018-06-10 22:04:57 - [TEST_STEP][PASSED] - setText: Finding Test Object with id 'Object Repository/MOH AND GRN/Page_KDMC - CMS/input_txtbatchno'

2018-06-10 22:04:57 - [TEST_STEP][PASSED] - Statement - switch (id): Finding Test Object with id 'Object Repository/MOH AND GRN/Page_KDMC - CMS/input_txtmrp'

2018-06-10 22:04:57 - [TEST_STEP][PASSED] - Statement - case 1:: Text 'BA318.0' is set on object 'Object Repository/MOH AND GRN/Page_KDMC - CMS/input_txtbatchno'

2018-06-10 22:04:57 - [TEST_STEP][PASSED] - Statement - return (java.lang.Math.floor((java.lang.Math.random() * ((max - min) + 1))) + min): Text 'BA318.0' is set on object 'Object Repository/MOH AND GRN/Page_KDMC - CMS/input_txtbatchno'

2018-06-10 22:04:57 - [MESSAGE][PASSED] - Text 'BA318.0' is set on object 'Object Repository/MOH AND GRN/Page_KDMC - CMS/input_txtbatchno'

2018-06-10 22:04:57 - [TEST_STEP][PASSED] - rightClick: Object: 'Object Repository/GRN/Page_KDMC - CMS/input_txtexpdate' is right clicked on

2018-06-10 22:04:57 - [MESSAGE][PASSED] - Object: 'Object Repository/GRN/Page_KDMC - CMS/input_txtexpdate' is right clicked on

2018-06-10 22:04:57 - [TEST_STEP][PASSED] - selectOptionByIndex: All options with index in [3] are selected on object 'Object Repository/GRN/Page_KDMC - CMS/select_20182019202020212022202'

2018-06-10 22:04:57 - [MESSAGE][PASSED] - All options with index in [3] are selected on object 'Object Repository/GRN/Page_KDMC - CMS/select_20182019202020212022202'

2018-06-10 22:04:57 - [TEST_STEP][PASSED] - selectOptionByIndex: All options with index in [3] are selected on object 'Object Repository/GRN/Page_KDMC - CMS/select_JanFebMarAprMayJunJulAu'

2018-06-10 22:04:58 - [MESSAGE][PASSED] - All options with index in [3] are selected on object 'Object Repository/GRN/Page_KDMC - CMS/select_JanFebMarAprMayJunJulAu'

2018-06-10 22:04:58 - [TEST_STEP][PASSED] - click: Object: 'Object Repository/MOH AND GRN/Page_KDMC - CMS/a_12' is clicked on

2018-06-10 22:04:58 - [MESSAGE][PASSED] - Object: 'Object Repository/MOH AND GRN/Page_KDMC - CMS/a_12' is clicked on

2018-06-10 22:04:58 - [TEST_STEP][PASSED] - click: Object: 'Object Repository/MOH AND GRN/Page_KDMC - CMS/input_btnadd' is clicked on

2018-06-10 22:04:58 - [MESSAGE][PASSED] - Object: 'Object Repository/MOH AND GRN/Page_KDMC - CMS/input_btnadd' is clicked on

2018-06-10 22:04:58 - [TEST_STEP][PASSED] - Statement - If (s == 10): null

2018-06-10 22:04:58 - [TEST_STEP][PASSED] - Statement - Else: null

2018-06-10 22:04:58 - [TEST_STEP][PASSED] - Statement - (s++): null

2018-06-10 22:04:58 - [TEST_STEP][PASSED] - delay: Delayed 1 second(s)

2018-06-10 22:04:59 - [MESSAGE][PASSED] - Delayed 1 second(s)

2018-06-10 22:04:59 - [TEST_STEP][PASSED] - selectOptionByIndex: All options with index in [14] are selected on object 'Object Repository/MOH AND GRN/Page_KDMC - CMS/select_--Select--Amikacin -500'

2018-06-10 22:04:59 - [MESSAGE][PASSED] - All options with index in [14] are selected on object 'Object Repository/MOH AND GRN/Page_KDMC - CMS/select_--Select--Amikacin -500'

2018-06-10 22:04:59 - [TEST_STEP][PASSED] - setText: Text '5000' is set on object 'Object Repository/MOH AND GRN/Page_KDMC - CMS/input_txtqty'

2018-06-10 22:04:59 - [MESSAGE][PASSED] - Text '5000' is set on object 'Object Repository/MOH AND GRN/Page_KDMC - CMS/input_txtqty'

2018-06-10 22:04:59 - [TEST_STEP][PASSED] - selectOptionByIndex: All options with index in [1] are selected on object 'Object Repository/MOH AND GRN/Page_KDMC - CMS/select_--Select--No Tax0'

2018-06-10 22:04:59 - [MESSAGE][PASSED] - All options with index in [1] are selected on object 'Object Repository/MOH AND GRN/Page_KDMC - CMS/select_--Select--No Tax0'

2018-06-10 22:04:59 - [TEST_STEP][PASSED] - setText: Finding Test Object with id 'Object Repository/MOH AND GRN/Page_KDMC - CMS/input_txtmrp'

2018-06-10 22:04:59 - [TEST_STEP][PASSED] - Statement - switch (id): Finding Test Object with id 'Object Repository/MOH AND GRN/Page_KDMC - CMS/input_txtdeal'

2018-06-10 22:04:59 - [TEST_STEP][PASSED] - Statement - case 4:: Text '29.0' is set on object 'Object Repository/MOH AND GRN/Page_KDMC - CMS/input_txtmrp'

2018-06-10 22:04:59 - [TEST_STEP][PASSED] - Statement - return (java.lang.Math.floor((java.lang.Math.random() * ((max - min) + 1))) + min): Text '29.0' is set on object 'Object Repository/MOH AND GRN/Page_KDMC - CMS/input_txtmrp'

2018-06-10 22:04:59 - [MESSAGE][PASSED] - Text '29.0' is set on object 'Object Repository/MOH AND GRN/Page_KDMC - CMS/input_txtmrp'

2018-06-10 22:04:59 - [TEST_STEP][PASSED] - setText: Finding Test Object with id 'Object Repository/MOH AND GRN/Page_KDMC - CMS/input_txtdeal'

2018-06-10 22:04:59 - [TEST_STEP][PASSED] - Statement - switch (id): Finding Test Object with id 'Object Repository/MOH AND GRN/Page_KDMC - CMS/input_txtbatchno'

2018-06-10 22:04:59 - [TEST_STEP][PASSED] - Statement - case 5:: Text '7.0' is set on object 'Object Repository/MOH AND GRN/Page_KDMC - CMS/input_txtdeal'

2018-06-10 22:04:59 - [TEST_STEP][PASSED] - Statement - return (java.lang.Math.floor((java.lang.Math.random() * ((max - min) + 1))) + min): Text '7.0' is set on object 'Object Repository/MOH AND GRN/Page_KDMC - CMS/input_txtdeal'

2018-06-10 22:04:59 - [MESSAGE][PASSED] - Text '7.0' is set on object 'Object Repository/MOH AND GRN/Page_KDMC - CMS/input_txtdeal'

2018-06-10 22:04:59 - [TEST_STEP][PASSED] - setText: Finding Test Object with id 'Object Repository/MOH AND GRN/Page_KDMC - CMS/input_txtbatchno'

2018-06-10 22:04:59 - [TEST_STEP][PASSED] - Statement - switch (id): Finding Test Object with id 'Object Repository/MOH AND GRN/Page_KDMC - CMS/input_txtmrp'

2018-06-10 22:04:59 - [TEST_STEP][PASSED] - Statement - case 1:: Text 'BA908.0' is set on object 'Object Repository/MOH AND GRN/Page_KDMC - CMS/input_txtbatchno'

2018-06-10 22:04:59 - [TEST_STEP][PASSED] - Statement - return (java.lang.Math.floor((java.lang.Math.random() * ((max - min) + 1))) + min): Text 'BA908.0' is set on object 'Object Repository/MOH AND GRN/Page_KDMC - CMS/input_txtbatchno'

2018-06-10 22:05:00 - [MESSAGE][PASSED] - Text 'BA908.0' is set on object 'Object Repository/MOH AND GRN/Page_KDMC - CMS/input_txtbatchno'

2018-06-10 22:05:00 - [TEST_STEP][PASSED] - rightClick: Object: 'Object Repository/GRN/Page_KDMC - CMS/input_txtexpdate' is right clicked on

2018-06-10 22:05:00 - [MESSAGE][PASSED] - Object: 'Object Repository/GRN/Page_KDMC - CMS/input_txtexpdate' is right clicked on

2018-06-10 22:05:00 - [TEST_STEP][PASSED] - selectOptionByIndex: All options with index in [4] are selected on object 'Object Repository/GRN/Page_KDMC - CMS/select_20182019202020212022202'

2018-06-10 22:05:00 - [MESSAGE][PASSED] - All options with index in [4] are selected on object 'Object Repository/GRN/Page_KDMC - CMS/select_20182019202020212022202'

2018-06-10 22:05:00 - [TEST_STEP][PASSED] - selectOptionByIndex: All options with index in [4] are selected on object 'Object Repository/GRN/Page_KDMC - CMS/select_JanFebMarAprMayJunJulAu'

2018-06-10 22:05:00 - [MESSAGE][PASSED] - All options with index in [4] are selected on object 'Object Repository/GRN/Page_KDMC - CMS/select_JanFebMarAprMayJunJulAu'

2018-06-10 22:05:00 - [TEST_STEP][PASSED] - click: Object: 'Object Repository/MOH AND GRN/Page_KDMC - CMS/a_12' is clicked on

2018-06-10 22:05:00 - [MESSAGE][PASSED] - Object: 'Object Repository/MOH AND GRN/Page_KDMC - CMS/a_12' is clicked on

2018-06-10 22:05:00 - [TEST_STEP][PASSED] - click: Object: 'Object Repository/MOH AND GRN/Page_KDMC - CMS/input_btnadd' is clicked on

2018-06-10 22:05:00 - [MESSAGE][PASSED] - Object: 'Object Repository/MOH AND GRN/Page_KDMC - CMS/input_btnadd' is clicked on

2018-06-10 22:05:00 - [TEST_STEP][PASSED] - Statement - If (s == 10): null

2018-06-10 22:05:00 - [TEST_STEP][PASSED] - Statement - Else: null

2018-06-10 22:05:00 - [TEST_STEP][PASSED] - Statement - (s++): null

2018-06-10 22:05:00 - [TEST_STEP][PASSED] - delay: Delayed 1 second(s)

2018-06-10 22:05:01 - [MESSAGE][PASSED] - Delayed 1 second(s)

2018-06-10 22:05:01 - [TEST_STEP][PASSED] - selectOptionByIndex: All options with index in [15] are selected on object 'Object Repository/MOH AND GRN/Page_KDMC - CMS/select_--Select--Amikacin -500'

2018-06-10 22:05:01 - [MESSAGE][PASSED] - All options with index in [15] are selected on object 'Object Repository/MOH AND GRN/Page_KDMC - CMS/select_--Select--Amikacin -500'

2018-06-10 22:05:01 - [TEST_STEP][PASSED] - setText: Text '5000' is set on object 'Object Repository/MOH AND GRN/Page_KDMC - CMS/input_txtqty'

2018-06-10 22:05:02 - [MESSAGE][PASSED] - Text '5000' is set on object 'Object Repository/MOH AND GRN/Page_KDMC - CMS/input_txtqty'

2018-06-10 22:05:02 - [TEST_STEP][PASSED] - selectOptionByIndex: All options with index in [1] are selected on object 'Object Repository/MOH AND GRN/Page_KDMC - CMS/select_--Select--No Tax0'

2018-06-10 22:05:02 - [MESSAGE][PASSED] - All options with index in [1] are selected on object 'Object Repository/MOH AND GRN/Page_KDMC - CMS/select_--Select--No Tax0'

2018-06-10 22:05:02 - [TEST_STEP][PASSED] - setText: Finding Test Object with id 'Object Repository/MOH AND GRN/Page_KDMC - CMS/input_txtmrp'

2018-06-10 22:05:02 - [TEST_STEP][PASSED] - Statement - switch (id): Finding Test Object with id 'Object Repository/MOH AND GRN/Page_KDMC - CMS/input_txtdeal'

2018-06-10 22:05:02 - [TEST_STEP][PASSED] - Statement - case 4:: Text '35.0' is set on object 'Object Repository/MOH AND GRN/Page_KDMC - CMS/input_txtmrp'

2018-06-10 22:05:02 - [TEST_STEP][PASSED] - Statement - return (java.lang.Math.floor((java.lang.Math.random() * ((max - min) + 1))) + min): Text '35.0' is set on object 'Object Repository/MOH AND GRN/Page_KDMC - CMS/input_txtmrp'

2018-06-10 22:05:02 - [MESSAGE][PASSED] - Text '35.0' is set on object 'Object Repository/MOH AND GRN/Page_KDMC - CMS/input_txtmrp'

2018-06-10 22:05:02 - [TEST_STEP][PASSED] - setText: Finding Test Object with id 'Object Repository/MOH AND GRN/Page_KDMC - CMS/input_txtdeal'

2018-06-10 22:05:02 - [TEST_STEP][PASSED] - Statement - switch (id): Finding Test Object with id 'Object Repository/MOH AND GRN/Page_KDMC - CMS/input_txtbatchno'

2018-06-10 22:05:02 - [TEST_STEP][PASSED] - Statement - case 5:: Text '8.0' is set on object 'Object Repository/MOH AND GRN/Page_KDMC - CMS/input_txtdeal'

2018-06-10 22:05:02 - [TEST_STEP][PASSED] - Statement - return (java.lang.Math.floor((java.lang.Math.random() * ((max - min) + 1))) + min): Text '8.0' is set on object 'Object Repository/MOH AND GRN/Page_KDMC - CMS/input_txtdeal'

2018-06-10 22:05:02 - [MESSAGE][PASSED] - Text '8.0' is set on object 'Object Repository/MOH AND GRN/Page_KDMC - CMS/input_txtdeal'

2018-06-10 22:05:02 - [TEST_STEP][PASSED] - setText: Finding Test Object with id 'Object Repository/MOH AND GRN/Page_KDMC - CMS/input_txtbatchno'

2018-06-10 22:05:02 - [TEST_STEP][PASSED] - Statement - switch (id): Finding Test Object with id 'Object Repository/MOH AND GRN/Page_KDMC - CMS/input_txtmrp'

2018-06-10 22:05:02 - [TEST_STEP][PASSED] - Statement - case 1:: Text 'BA851.0' is set on object 'Object Repository/MOH AND GRN/Page_KDMC - CMS/input_txtbatchno'

2018-06-10 22:05:02 - [TEST_STEP][PASSED] - Statement - return (java.lang.Math.floor((java.lang.Math.random() * ((max - min) + 1))) + min): Text 'BA851.0' is set on object 'Object Repository/MOH AND GRN/Page_KDMC - CMS/input_txtbatchno'

2018-06-10 22:05:02 - [MESSAGE][PASSED] - Text 'BA851.0' is set on object 'Object Repository/MOH AND GRN/Page_KDMC - CMS/input_txtbatchno'

2018-06-10 22:05:02 - [TEST_STEP][PASSED] - rightClick: Object: 'Object Repository/GRN/Page_KDMC - CMS/input_txtexpdate' is right clicked on

2018-06-10 22:05:02 - [MESSAGE][PASSED] - Object: 'Object Repository/GRN/Page_KDMC - CMS/input_txtexpdate' is right clicked on

2018-06-10 22:05:02 - [TEST_STEP][PASSED] - selectOptionByIndex: All options with index in [5] are selected on object 'Object Repository/GRN/Page_KDMC - CMS/select_20182019202020212022202'

2018-06-10 22:05:02 - [MESSAGE][PASSED] - All options with index in [5] are selected on object 'Object Repository/GRN/Page_KDMC - CMS/select_20182019202020212022202'

2018-06-10 22:05:02 - [TEST_STEP][PASSED] - selectOptionByIndex: All options with index in [5] are selected on object 'Object Repository/GRN/Page_KDMC - CMS/select_JanFebMarAprMayJunJulAu'

2018-06-10 22:05:02 - [MESSAGE][PASSED] - All options with index in [5] are selected on object 'Object Repository/GRN/Page_KDMC - CMS/select_JanFebMarAprMayJunJulAu'

2018-06-10 22:05:02 - [TEST_STEP][PASSED] - click: Object: 'Object Repository/MOH AND GRN/Page_KDMC - CMS/a_12' is clicked on

2018-06-10 22:05:03 - [MESSAGE][PASSED] - Object: 'Object Repository/MOH AND GRN/Page_KDMC - CMS/a_12' is clicked on

2018-06-10 22:05:03 - [TEST_STEP][PASSED] - click: Object: 'Object Repository/MOH AND GRN/Page_KDMC - CMS/input_btnadd' is clicked on

2018-06-10 22:05:03 - [MESSAGE][PASSED] - Object: 'Object Repository/MOH AND GRN/Page_KDMC - CMS/input_btnadd' is clicked on

2018-06-10 22:05:03 - [TEST_STEP][PASSED] - Statement - If (s == 10): null

2018-06-10 22:05:03 - [TEST_STEP][PASSED] - Statement - Else: null

2018-06-10 22:05:03 - [TEST_STEP][PASSED] - Statement - (s++): null

2018-06-10 22:05:03 - [TEST_STEP][PASSED] - delay: Delayed 1 second(s)

2018-06-10 22:05:04 - [MESSAGE][PASSED] - Delayed 1 second(s)

2018-06-10 22:05:04 - [TEST_STEP][PASSED] - selectOptionByIndex: All options with index in [16] are selected on object 'Object Repository/MOH AND GRN/Page_KDMC - CMS/select_--Select--Amikacin -500'

2018-06-10 22:05:04 - [MESSAGE][PASSED] - All options with index in [16] are selected on object 'Object Repository/MOH AND GRN/Page_KDMC - CMS/select_--Select--Amikacin -500'

2018-06-10 22:05:04 - [TEST_STEP][PASSED] - setText: Text '5000' is set on object 'Object Repository/MOH AND GRN/Page_KDMC - CMS/input_txtqty'

2018-06-10 22:05:04 - [MESSAGE][PASSED] - Text '5000' is set on object 'Object Repository/MOH AND GRN/Page_KDMC - CMS/input_txtqty'

2018-06-10 22:05:04 - [TEST_STEP][PASSED] - selectOptionByIndex: All options with index in [1] are selected on object 'Object Repository/MOH AND GRN/Page_KDMC - CMS/select_--Select--No Tax0'

2018-06-10 22:05:04 - [MESSAGE][PASSED] - All options with index in [1] are selected on object 'Object Repository/MOH AND GRN/Page_KDMC - CMS/select_--Select--No Tax0'

2018-06-10 22:05:04 - [TEST_STEP][PASSED] - setText: Finding Test Object with id 'Object Repository/MOH AND GRN/Page_KDMC - CMS/input_txtmrp'

2018-06-10 22:05:04 - [TEST_STEP][PASSED] - Statement - switch (id): Finding Test Object with id 'Object Repository/MOH AND GRN/Page_KDMC - CMS/input_txtdeal'

2018-06-10 22:05:04 - [TEST_STEP][PASSED] - Statement - case 4:: Text '40.0' is set on object 'Object Repository/MOH AND GRN/Page_KDMC - CMS/input_txtmrp'

2018-06-10 22:05:04 - [TEST_STEP][PASSED] - Statement - return (java.lang.Math.floor((java.lang.Math.random() * ((max - min) + 1))) + min): Text '40.0' is set on object 'Object Repository/MOH AND GRN/Page_KDMC - CMS/input_txtmrp'

2018-06-10 22:05:04 - [MESSAGE][PASSED] - Text '40.0' is set on object 'Object Repository/MOH AND GRN/Page_KDMC - CMS/input_txtmrp'

2018-06-10 22:05:04 - [TEST_STEP][PASSED] - setText: Finding Test Object with id 'Object Repository/MOH AND GRN/Page_KDMC - CMS/input_txtdeal'

2018-06-10 22:05:04 - [TEST_STEP][PASSED] - Statement - switch (id): Finding Test Object with id 'Object Repository/MOH AND GRN/Page_KDMC - CMS/input_txtbatchno'

2018-06-10 22:05:04 - [TEST_STEP][PASSED] - Statement - case 5:: Text '7.0' is set on object 'Object Repository/MOH AND GRN/Page_KDMC - CMS/input_txtdeal'

2018-06-10 22:05:04 - [TEST_STEP][PASSED] - Statement - return (java.lang.Math.floor((java.lang.Math.random() * ((max - min) + 1))) + min): Text '7.0' is set on object 'Object Repository/MOH AND GRN/Page_KDMC - CMS/input_txtdeal'

2018-06-10 22:05:04 - [MESSAGE][PASSED] - Text '7.0' is set on object 'Object Repository/MOH AND GRN/Page_KDMC - CMS/input_txtdeal'

2018-06-10 22:05:04 - [TEST_STEP][PASSED] - setText: Finding Test Object with id 'Object Repository/MOH AND GRN/Page_KDMC - CMS/input_txtbatchno'

2018-06-10 22:05:04 - [TEST_STEP][PASSED] - Statement - switch (id): Finding Test Object with id 'Object Repository/MOH AND GRN/Page_KDMC - CMS/input_txtmrp'

2018-06-10 22:05:04 - [TEST_STEP][PASSED] - Statement - case 1:: Text 'BA962.0' is set on object 'Object Repository/MOH AND GRN/Page_KDMC - CMS/input_txtbatchno'

2018-06-10 22:05:04 - [TEST_STEP][PASSED] - Statement - return (java.lang.Math.floor((java.lang.Math.random() * ((max - min) + 1))) + min): Text 'BA962.0' is set on object 'Object Repository/MOH AND GRN/Page_KDMC - CMS/input_txtbatchno'

2018-06-10 22:05:04 - [MESSAGE][PASSED] - Text 'BA962.0' is set on object 'Object Repository/MOH AND GRN/Page_KDMC - CMS/input_txtbatchno'

2018-06-10 22:05:04 - [TEST_STEP][PASSED] - rightClick: Object: 'Object Repository/GRN/Page_KDMC - CMS/input_txtexpdate' is right clicked on

2018-06-10 22:05:05 - [MESSAGE][PASSED] - Object: 'Object Repository/GRN/Page_KDMC - CMS/input_txtexpdate' is right clicked on

2018-06-10 22:05:05 - [TEST_STEP][PASSED] - selectOptionByIndex: All options with index in [6] are selected on object 'Object Repository/GRN/Page_KDMC - CMS/select_20182019202020212022202'

2018-06-10 22:05:05 - [MESSAGE][PASSED] - All options with index in [6] are selected on object 'Object Repository/GRN/Page_KDMC - CMS/select_20182019202020212022202'

2018-06-10 22:05:05 - [TEST_STEP][PASSED] - selectOptionByIndex: All options with index in [6] are selected on object 'Object Repository/GRN/Page_KDMC - CMS/select_JanFebMarAprMayJunJulAu'

2018-06-10 22:05:05 - [MESSAGE][PASSED] - All options with index in [6] are selected on object 'Object Repository/GRN/Page_KDMC - CMS/select_JanFebMarAprMayJunJulAu'

2018-06-10 22:05:05 - [TEST_STEP][PASSED] - click: Object: 'Object Repository/MOH AND GRN/Page_KDMC - CMS/a_12' is clicked on

2018-06-10 22:05:05 - [MESSAGE][PASSED] - Object: 'Object Repository/MOH AND GRN/Page_KDMC - CMS/a_12' is clicked on

2018-06-10 22:05:05 - [TEST_STEP][PASSED] - click: Object: 'Object Repository/MOH AND GRN/Page_KDMC - CMS/input_btnadd' is clicked on

2018-06-10 22:05:05 - [MESSAGE][PASSED] - Object: 'Object Repository/MOH AND GRN/Page_KDMC - CMS/input_btnadd' is clicked on

2018-06-10 22:05:05 - [TEST_STEP][PASSED] - Statement - If (s == 10): null

2018-06-10 22:05:05 - [TEST_STEP][PASSED] - Statement - Else: null

2018-06-10 22:05:05 - [TEST_STEP][PASSED] - Statement - (s++): null

2018-06-10 22:05:05 - [TEST_STEP][PASSED] - delay: Delayed 1 second(s)

2018-06-10 22:05:06 - [MESSAGE][PASSED] - Delayed 1 second(s)

2018-06-10 22:05:06 - [TEST_STEP][PASSED] - selectOptionByIndex: All options with index in [17] are selected on object 'Object Repository/MOH AND GRN/Page_KDMC - CMS/select_--Select--Amikacin -500'

2018-06-10 22:05:06 - [MESSAGE][PASSED] - All options with index in [17] are selected on object 'Object Repository/MOH AND GRN/Page_KDMC - CMS/select_--Select--Amikacin -500'

2018-06-10 22:05:06 - [TEST_STEP][PASSED] - setText: Text '5000' is set on object 'Object Repository/MOH AND GRN/Page_KDMC - CMS/input_txtqty'

2018-06-10 22:05:07 - [MESSAGE][PASSED] - Text '5000' is set on object 'Object Repository/MOH AND GRN/Page_KDMC - CMS/input_txtqty'

2018-06-10 22:05:07 - [TEST_STEP][PASSED] - selectOptionByIndex: All options with index in [1] are selected on object 'Object Repository/MOH AND GRN/Page_KDMC - CMS/select_--Select--No Tax0'

2018-06-10 22:05:07 - [MESSAGE][PASSED] - All options with index in [1] are selected on object 'Object Repository/MOH AND GRN/Page_KDMC - CMS/select_--Select--No Tax0'

2018-06-10 22:05:07 - [TEST_STEP][PASSED] - setText: Finding Test Object with id 'Object Repository/MOH AND GRN/Page_KDMC - CMS/input_txtmrp'

2018-06-10 22:05:07 - [TEST_STEP][PASSED] - Statement - switch (id): Finding Test Object with id 'Object Repository/MOH AND GRN/Page_KDMC - CMS/input_txtdeal'

2018-06-10 22:05:07 - [TEST_STEP][PASSED] - Statement - case 4:: Text '39.0' is set on object 'Object Repository/MOH AND GRN/Page_KDMC - CMS/input_txtmrp'

2018-06-10 22:05:07 - [TEST_STEP][PASSED] - Statement - return (java.lang.Math.floor((java.lang.Math.random() * ((max - min) + 1))) + min): Text '39.0' is set on object 'Object Repository/MOH AND GRN/Page_KDMC - CMS/input_txtmrp'

2018-06-10 22:05:07 - [MESSAGE][PASSED] - Text '39.0' is set on object 'Object Repository/MOH AND GRN/Page_KDMC - CMS/input_txtmrp'

2018-06-10 22:05:07 - [TEST_STEP][PASSED] - setText: Finding Test Object with id 'Object Repository/MOH AND GRN/Page_KDMC - CMS/input_txtdeal'

2018-06-10 22:05:07 - [TEST_STEP][PASSED] - Statement - switch (id): Finding Test Object with id 'Object Repository/MOH AND GRN/Page_KDMC - CMS/input_txtbatchno'

2018-06-10 22:05:07 - [TEST_STEP][PASSED] - Statement - case 5:: Text '12.0' is set on object 'Object Repository/MOH AND GRN/Page_KDMC - CMS/input_txtdeal'

2018-06-10 22:05:07 - [TEST_STEP][PASSED] - Statement - return (java.lang.Math.floor((java.lang.Math.random() * ((max - min) + 1))) + min): Text '12.0' is set on object 'Object Repository/MOH AND GRN/Page_KDMC - CMS/input_txtdeal'

2018-06-10 22:05:07 - [MESSAGE][PASSED] - Text '12.0' is set on object 'Object Repository/MOH AND GRN/Page_KDMC - CMS/input_txtdeal'

2018-06-10 22:05:07 - [TEST_STEP][PASSED] - setText: Finding Test Object with id 'Object Repository/MOH AND GRN/Page_KDMC - CMS/input_txtbatchno'

2018-06-10 22:05:07 - [TEST_STEP][PASSED] - Statement - switch (id): Finding Test Object with id 'Object Repository/MOH AND GRN/Page_KDMC - CMS/input_txtmrp'

2018-06-10 22:05:07 - [TEST_STEP][PASSED] - Statement - case 1:: Text 'BA886.0' is set on object 'Object Repository/MOH AND GRN/Page_KDMC - CMS/input_txtbatchno'

2018-06-10 22:05:07 - [TEST_STEP][PASSED] - Statement - return (java.lang.Math.floor((java.lang.Math.random() * ((max - min) + 1))) + min): Text 'BA886.0' is set on object 'Object Repository/MOH AND GRN/Page_KDMC - CMS/input_txtbatchno'

2018-06-10 22:05:07 - [MESSAGE][PASSED] - Text 'BA886.0' is set on object 'Object Repository/MOH AND GRN/Page_KDMC - CMS/input_txtbatchno'

2018-06-10 22:05:07 - [TEST_STEP][PASSED] - rightClick: Object: 'Object Repository/GRN/Page_KDMC - CMS/input_txtexpdate' is right clicked on

2018-06-10 22:05:07 - [MESSAGE][PASSED] - Object: 'Object Repository/GRN/Page_KDMC - CMS/input_txtexpdate' is right clicked on

2018-06-10 22:05:07 - [TEST_STEP][PASSED] - selectOptionByIndex: All options with index in [7] are selected on object 'Object Repository/GRN/Page_KDMC - CMS/select_20182019202020212022202'

2018-06-10 22:05:07 - [MESSAGE][PASSED] - All options with index in [7] are selected on object 'Object Repository/GRN/Page_KDMC - CMS/select_20182019202020212022202'

2018-06-10 22:05:07 - [TEST_STEP][PASSED] - selectOptionByIndex: All options with index in [7] are selected on object 'Object Repository/GRN/Page_KDMC - CMS/select_JanFebMarAprMayJunJulAu'

2018-06-10 22:05:07 - [MESSAGE][PASSED] - All options with index in [7] are selected on object 'Object Repository/GRN/Page_KDMC - CMS/select_JanFebMarAprMayJunJulAu'

2018-06-10 22:05:07 - [TEST_STEP][PASSED] - click: Object: 'Object Repository/MOH AND GRN/Page_KDMC - CMS/a_12' is clicked on

2018-06-10 22:05:08 - [MESSAGE][PASSED] - Object: 'Object Repository/MOH AND GRN/Page_KDMC - CMS/a_12' is clicked on

2018-06-10 22:05:08 - [TEST_STEP][PASSED] - click: Object: 'Object Repository/MOH AND GRN/Page_KDMC - CMS/input_btnadd' is clicked on

2018-06-10 22:05:08 - [MESSAGE][PASSED] - Object: 'Object Repository/MOH AND GRN/Page_KDMC - CMS/input_btnadd' is clicked on

2018-06-10 22:05:08 - [TEST_STEP][PASSED] - Statement - If (s == 10): null

2018-06-10 22:05:08 - [TEST_STEP][PASSED] - Statement - Else: null

2018-06-10 22:05:08 - [TEST_STEP][PASSED] - Statement - (s++): null

2018-06-10 22:05:08 - [TEST_STEP][PASSED] - delay: Delayed 1 second(s)

2018-06-10 22:05:09 - [MESSAGE][PASSED] - Delayed 1 second(s)

2018-06-10 22:05:09 - [TEST_STEP][PASSED] - selectOptionByIndex: All options with index in [18] are selected on object 'Object Repository/MOH AND GRN/Page_KDMC - CMS/select_--Select--Amikacin -500'

2018-06-10 22:05:09 - [MESSAGE][PASSED] - All options with index in [18] are selected on object 'Object Repository/MOH AND GRN/Page_KDMC - CMS/select_--Select--Amikacin -500'

2018-06-10 22:05:09 - [TEST_STEP][PASSED] - setText: Text '5000' is set on object 'Object Repository/MOH AND GRN/Page_KDMC - CMS/input_txtqty'

2018-06-10 22:05:09 - [MESSAGE][PASSED] - Text '5000' is set on object 'Object Repository/MOH AND GRN/Page_KDMC - CMS/input_txtqty'

2018-06-10 22:05:09 - [TEST_STEP][PASSED] - selectOptionByIndex: All options with index in [1] are selected on object 'Object Repository/MOH AND GRN/Page_KDMC - CMS/select_--Select--No Tax0'

2018-06-10 22:05:09 - [MESSAGE][PASSED] - All options with index in [1] are selected on object 'Object Repository/MOH AND GRN/Page_KDMC - CMS/select_--Select--No Tax0'

2018-06-10 22:05:09 - [TEST_STEP][PASSED] - setText: Finding Test Object with id 'Object Repository/MOH AND GRN/Page_KDMC - CMS/input_txtmrp'

2018-06-10 22:05:09 - [TEST_STEP][PASSED] - Statement - switch (id): Finding Test Object with id 'Object Repository/MOH AND GRN/Page_KDMC - CMS/input_txtdeal'

2018-06-10 22:05:09 - [TEST_STEP][PASSED] - Statement - case 4:: Text '18.0' is set on object 'Object Repository/MOH AND GRN/Page_KDMC - CMS/input_txtmrp'

2018-06-10 22:05:09 - [TEST_STEP][PASSED] - Statement - return (java.lang.Math.floor((java.lang.Math.random() * ((max - min) + 1))) + min): Text '18.0' is set on object 'Object Repository/MOH AND GRN/Page_KDMC - CMS/input_txtmrp'

2018-06-10 22:05:09 - [MESSAGE][PASSED] - Text '18.0' is set on object 'Object Repository/MOH AND GRN/Page_KDMC - CMS/input_txtmrp'

2018-06-10 22:05:09 - [TEST_STEP][PASSED] - setText: Finding Test Object with id 'Object Repository/MOH AND GRN/Page_KDMC - CMS/input_txtdeal'

2018-06-10 22:05:09 - [TEST_STEP][PASSED] - Statement - switch (id): Finding Test Object with id 'Object Repository/MOH AND GRN/Page_KDMC - CMS/input_txtbatchno'

2018-06-10 22:05:09 - [TEST_STEP][PASSED] - Statement - case 5:: Text '6.0' is set on object 'Object Repository/MOH AND GRN/Page_KDMC - CMS/input_txtdeal'

2018-06-10 22:05:09 - [TEST_STEP][PASSED] - Statement - return (java.lang.Math.floor((java.lang.Math.random() * ((max - min) + 1))) + min): Text '6.0' is set on object 'Object Repository/MOH AND GRN/Page_KDMC - CMS/input_txtdeal'

2018-06-10 22:05:09 - [MESSAGE][PASSED] - Text '6.0' is set on object 'Object Repository/MOH AND GRN/Page_KDMC - CMS/input_txtdeal'

2018-06-10 22:05:09 - [TEST_STEP][PASSED] - setText: Finding Test Object with id 'Object Repository/MOH AND GRN/Page_KDMC - CMS/input_txtbatchno'

2018-06-10 22:05:09 - [TEST_STEP][PASSED] - Statement - switch (id): Delayed 1 second(s)

2018-06-10 22:05:09 - [TEST_STEP][PASSED] - Statement - case 1:: Text 'BA928.0' is set on object 'Object Repository/MOH AND GRN/Page_KDMC - CMS/input_txtbatchno'

2018-06-10 22:05:09 - [TEST_STEP][PASSED] - Statement - return (java.lang.Math.floor((java.lang.Math.random() * ((max - min) + 1))) + min): Text 'BA928.0' is set on object 'Object Repository/MOH AND GRN/Page_KDMC - CMS/input_txtbatchno'

2018-06-10 22:05:09 - [MESSAGE][PASSED] - Text 'BA928.0' is set on object 'Object Repository/MOH AND GRN/Page_KDMC - CMS/input_txtbatchno'

2018-06-10 22:05:09 - [TEST_STEP][PASSED] - rightClick: Object: 'Object Repository/GRN/Page_KDMC - CMS/input_txtexpdate' is right clicked on

2018-06-10 22:05:10 - [MESSAGE][PASSED] - Object: 'Object Repository/GRN/Page_KDMC - CMS/input_txtexpdate' is right clicked on

2018-06-10 22:05:10 - [TEST_STEP][PASSED] - selectOptionByIndex: All options with index in [8] are selected on object 'Object Repository/GRN/Page_KDMC - CMS/select_20182019202020212022202'

2018-06-10 22:05:10 - [MESSAGE][PASSED] - All options with index in [8] are selected on object 'Object Repository/GRN/Page_KDMC - CMS/select_20182019202020212022202'

2018-06-10 22:05:10 - [TEST_STEP][PASSED] - selectOptionByIndex: All options with index in [8] are selected on object 'Object Repository/GRN/Page_KDMC - CMS/select_JanFebMarAprMayJunJulAu'

2018-06-10 22:05:10 - [MESSAGE][PASSED] - All options with index in [8] are selected on object 'Object Repository/GRN/Page_KDMC - CMS/select_JanFebMarAprMayJunJulAu'

2018-06-10 22:05:10 - [TEST_STEP][PASSED] - click: Object: 'Object Repository/MOH AND GRN/Page_KDMC - CMS/a_12' is clicked on

2018-06-10 22:05:10 - [MESSAGE][PASSED] - Object: 'Object Repository/MOH AND GRN/Page_KDMC - CMS/a_12' is clicked on

2018-06-10 22:05:10 - [TEST_STEP][PASSED] - click: Object: 'Object Repository/MOH AND GRN/Page_KDMC - CMS/input_btnadd' is clicked on

2018-06-10 22:05:10 - [MESSAGE][PASSED] - Object: 'Object Repository/MOH AND GRN/Page_KDMC - CMS/input_btnadd' is clicked on

2018-06-10 22:05:10 - [TEST_STEP][PASSED] - Statement - If (s == 10): null

2018-06-10 22:05:10 - [TEST_STEP][PASSED] - Statement - Else: null

2018-06-10 22:05:10 - [TEST_STEP][PASSED] - Statement - (s++): null

2018-06-10 22:05:10 - [TEST_STEP][PASSED] - delay: Delayed 1 second(s)

2018-06-10 22:05:11 - [MESSAGE][PASSED] - Delayed 1 second(s)

2018-06-10 22:05:11 - [TEST_STEP][PASSED] - scrollToElement: Scroll to object 'Object Repository/MOH AND GRN/Page_KDMC - CMS/input_btnSubmit' successfully

2018-06-10 22:05:11 - [MESSAGE][PASSED] - Scroll to object 'Object Repository/MOH AND GRN/Page_KDMC - CMS/input_btnSubmit' successfully

2018-06-10 22:05:11 - [TEST_STEP][PASSED] - click: Object: 'Object Repository/MOH AND GRN/Page_KDMC - CMS/input_btnSubmit' is clicked on

2018-06-10 22:05:11 - [MESSAGE][PASSED] - Object: 'Object Repository/MOH AND GRN/Page_KDMC - CMS/input_btnSubmit' is clicked on

2018-06-10 22:05:11 - [TEST_STEP][PASSED] - delay: Delayed 3 second(s)

2018-06-10 22:05:14 - [MESSAGE][PASSED] - Delayed 3 second(s)

2018-06-10 22:05:14 - [TEST_STEP][PASSED] - click: Object: 'Object Repository/MOH AND GRN/Page_KDMC - CMS/button_OK' is clicked on

2018-06-10 22:05:15 - [MESSAGE][PASSED] - Object: 'Object Repository/MOH AND GRN/Page_KDMC - CMS/button_OK' is clicked on

2018-06-10 22:05:15 - [TEST_STEP][PASSED] - delay: Delayed 2 second(s)

2018-06-10 22:05:17 - [MESSAGE][PASSED] - Delayed 2 second(s)

2018-06-10 22:05:17 - [TEST_STEP][PASSED] - delay: Delayed 3 second(s)

2018-06-10 22:05:20 - [MESSAGE][PASSED] - Delayed 3 second(s)

2018-06-10 22:05:20 - [TEST_STEP][PASSED] - click: Object: 'Object Repository/MOH AND GRN/Page_KDMC - CMS/a_dropdown-toggle' is clicked on

2018-06-10 22:05:20 - [MESSAGE][PASSED] - Object: 'Object Repository/MOH AND GRN/Page_KDMC - CMS/a_dropdown-toggle' is clicked on

2018-06-10 22:05:20 - [TEST_STEP][PASSED] - click: Object: 'Object Repository/MOH AND GRN/Page_KDMC - CMS/a_Sign out' is clicked on

2018-06-10 22:05:20 - [MESSAGE][PASSED] - Object: 'Object Repository/MOH AND GRN/Page_KDMC - CMS/a_Sign out' is clicked on

2018-06-10 22:05:20 - [TEST_STEP][PASSED] - closeBrowser: Browser is closed

2018-06-10 22:05:21 - [MESSAGE][PASSED] - Browser is closed]]></system-out>
         <system-err><![CDATA[]]></system-err>
      </testcase>
      <testcase name="Test Cases/TEST/MOH REQUEST AND GRN/Moh Request GRN  Schedule 11" classname="Test Cases/TEST/MOH REQUEST AND GRN/Moh Request GRN  Schedule 11" status="PASSED">
         <system-out><![CDATA[2018-06-10 22:05:21 - [TEST_CASE][PASSED] - Test Cases/TEST/MOH REQUEST AND GRN/Moh Request GRN  Schedule 11: Test Cases/TEST/MOH REQUEST AND GRN/Moh Request GRN  Schedule 11

2018-06-10 22:05:21 - [TEST_STEP][PASSED] - openBrowser: Browser is opened with url: ''

2018-06-10 22:05:23 - [MESSAGE][PASSED] - Browser is opened with url: ''

2018-06-10 22:05:23 - [TEST_STEP][PASSED] - navigateToUrl: Navigate to 'http://192.168.137.1/multihospital_new/' successfully

2018-06-10 22:05:25 - [MESSAGE][PASSED] - Navigate to 'http://192.168.137.1/multihospital_new/' successfully

2018-06-10 22:05:25 - [TEST_STEP][PASSED] - maximizeWindow: Current window maximized

2018-06-10 22:05:26 - [MESSAGE][PASSED] - Current window maximized

2018-06-10 22:05:26 - [TEST_STEP][PASSED] - click: Object: 'Object Repository/MOH AND GRN/Page_KDMC/a_CMS' is clicked on

2018-06-10 22:05:27 - [MESSAGE][PASSED] - Object: 'Object Repository/MOH AND GRN/Page_KDMC/a_CMS' is clicked on

2018-06-10 22:05:27 - [TEST_STEP][PASSED] - setText: Text 'bala' is set on object 'Object Repository/MOH AND GRN/Page_CMS login/input_txtusername'

2018-06-10 22:05:27 - [MESSAGE][PASSED] - Text 'bala' is set on object 'Object Repository/MOH AND GRN/Page_CMS login/input_txtusername'

2018-06-10 22:05:27 - [TEST_STEP][PASSED] - setText: Text '123' is set on object 'Object Repository/MOH AND GRN/Page_CMS login/input_txtpassword'

2018-06-10 22:05:27 - [MESSAGE][PASSED] - Text '123' is set on object 'Object Repository/MOH AND GRN/Page_CMS login/input_txtpassword'

2018-06-10 22:05:27 - [TEST_STEP][PASSED] - delay: Delayed 3 second(s)

2018-06-10 22:05:30 - [MESSAGE][PASSED] - Delayed 3 second(s)

2018-06-10 22:05:30 - [TEST_STEP][PASSED] - click: Object: 'Object Repository/MOH AND GRN/Page_CMS login/button_Sign in' is clicked on

2018-06-10 22:05:31 - [MESSAGE][PASSED] - Object: 'Object Repository/MOH AND GRN/Page_CMS login/button_Sign in' is clicked on

2018-06-10 22:05:31 - [TEST_STEP][PASSED] - click: Object: 'Object Repository/MOH AND GRN/Page_KDMC - CMS/a_Request to MOH' is clicked on

2018-06-10 22:05:32 - [MESSAGE][PASSED] - Object: 'Object Repository/MOH AND GRN/Page_KDMC - CMS/a_Request to MOH' is clicked on

2018-06-10 22:05:32 - [TEST_STEP][PASSED] - selectOptionByIndex: All options with index in [2] are selected on object 'Object Repository/MOH AND GRN/Page_KDMC - CMS/select_--Select--'

2018-06-10 22:05:32 - [MESSAGE][PASSED] - All options with index in [2] are selected on object 'Object Repository/MOH AND GRN/Page_KDMC - CMS/select_--Select--'

2018-06-10 22:05:32 - [TEST_STEP][PASSED] - selectOptionByIndex: All options with index in [11] are selected on object 'Object Repository/MOH AND GRN/Page_KDMC - CMS/select_--Select--Schedule 1Inj'

2018-06-10 22:05:33 - [MESSAGE][PASSED] - All options with index in [11] are selected on object 'Object Repository/MOH AND GRN/Page_KDMC - CMS/select_--Select--Schedule 1Inj'

2018-06-10 22:05:33 - [TEST_STEP][PASSED] - Statement - selectedoptions = com.kms.katalon.core.webui.keyword.WebUiBuiltInKeywords.getNumberOfTotalOption(com.kms.katalon.core.testobject.ObjectRepository.findTestObject(MOH AND GRN/Page_KDMC - CMS/select_--Select--Adernaline 0.)): 81 options of object 'Object Repository/MOH AND GRN/Page_KDMC - CMS/select_--Select--Adernaline 0.' counted

2018-06-10 22:05:33 - [MESSAGE][PASSED] - 81 options of object 'Object Repository/MOH AND GRN/Page_KDMC - CMS/select_--Select--Adernaline 0.' counted

2018-06-10 22:05:33 - [TEST_STEP][PASSED] - Statement - For ([j = 1, j <= selectedoptions - 1, (j++)]): Object: 'Object Repository/MOH AND GRN/Page_KDMC - CMS/button_Add' is clicked on

2018-06-10 22:05:33 - [TEST_STEP][PASSED] - selectOptionByIndex: All options with index in [11] are selected on object 'Object Repository/MOH AND GRN/Page_KDMC - CMS/select_--Select--Schedule 1Inj'

2018-06-10 22:05:33 - [MESSAGE][PASSED] - All options with index in [11] are selected on object 'Object Repository/MOH AND GRN/Page_KDMC - CMS/select_--Select--Schedule 1Inj'

2018-06-10 22:05:33 - [TEST_STEP][PASSED] - selectOptionByIndex: All options with index in [1] are selected on object 'Object Repository/MOH AND GRN/Page_KDMC - CMS/select_--Select--Adernaline 0.'

2018-06-10 22:05:33 - [MESSAGE][PASSED] - All options with index in [1] are selected on object 'Object Repository/MOH AND GRN/Page_KDMC - CMS/select_--Select--Adernaline 0.'

2018-06-10 22:05:33 - [TEST_STEP][PASSED] - setText: Text '5000' is set on object 'Object Repository/MOH AND GRN/Page_KDMC - CMS/input_txttreat'

2018-06-10 22:05:33 - [MESSAGE][PASSED] - Text '5000' is set on object 'Object Repository/MOH AND GRN/Page_KDMC - CMS/input_txttreat'

2018-06-10 22:05:33 - [TEST_STEP][PASSED] - click: Object: 'Object Repository/MOH AND GRN/Page_KDMC - CMS/button_Add' is clicked on

2018-06-10 22:05:33 - [MESSAGE][PASSED] - Object: 'Object Repository/MOH AND GRN/Page_KDMC - CMS/button_Add' is clicked on

2018-06-10 22:05:33 - [TEST_STEP][PASSED] - selectOptionByIndex: All options with index in [11] are selected on object 'Object Repository/MOH AND GRN/Page_KDMC - CMS/select_--Select--Schedule 1Inj'

2018-06-10 22:05:33 - [MESSAGE][PASSED] - All options with index in [11] are selected on object 'Object Repository/MOH AND GRN/Page_KDMC - CMS/select_--Select--Schedule 1Inj'

2018-06-10 22:05:33 - [TEST_STEP][PASSED] - selectOptionByIndex: All options with index in [2] are selected on object 'Object Repository/MOH AND GRN/Page_KDMC - CMS/select_--Select--Adernaline 0.'

2018-06-10 22:05:34 - [MESSAGE][PASSED] - All options with index in [2] are selected on object 'Object Repository/MOH AND GRN/Page_KDMC - CMS/select_--Select--Adernaline 0.'

2018-06-10 22:05:34 - [TEST_STEP][PASSED] - setText: Text '5000' is set on object 'Object Repository/MOH AND GRN/Page_KDMC - CMS/input_txttreat'

2018-06-10 22:05:34 - [MESSAGE][PASSED] - Text '5000' is set on object 'Object Repository/MOH AND GRN/Page_KDMC - CMS/input_txttreat'

2018-06-10 22:05:34 - [TEST_STEP][PASSED] - click: Object: 'Object Repository/MOH AND GRN/Page_KDMC - CMS/button_Add' is clicked on

2018-06-10 22:05:34 - [MESSAGE][PASSED] - Object: 'Object Repository/MOH AND GRN/Page_KDMC - CMS/button_Add' is clicked on

2018-06-10 22:05:34 - [TEST_STEP][PASSED] - selectOptionByIndex: All options with index in [11] are selected on object 'Object Repository/MOH AND GRN/Page_KDMC - CMS/select_--Select--Schedule 1Inj'

2018-06-10 22:05:34 - [MESSAGE][PASSED] - All options with index in [11] are selected on object 'Object Repository/MOH AND GRN/Page_KDMC - CMS/select_--Select--Schedule 1Inj'

2018-06-10 22:05:34 - [TEST_STEP][PASSED] - selectOptionByIndex: All options with index in [3] are selected on object 'Object Repository/MOH AND GRN/Page_KDMC - CMS/select_--Select--Adernaline 0.'

2018-06-10 22:05:34 - [MESSAGE][PASSED] - All options with index in [3] are selected on object 'Object Repository/MOH AND GRN/Page_KDMC - CMS/select_--Select--Adernaline 0.'

2018-06-10 22:05:34 - [TEST_STEP][PASSED] - setText: Text '5000' is set on object 'Object Repository/MOH AND GRN/Page_KDMC - CMS/input_txttreat'

2018-06-10 22:05:34 - [MESSAGE][PASSED] - Text '5000' is set on object 'Object Repository/MOH AND GRN/Page_KDMC - CMS/input_txttreat'

2018-06-10 22:05:34 - [TEST_STEP][PASSED] - click: Object: 'Object Repository/MOH AND GRN/Page_KDMC - CMS/button_Add' is clicked on

2018-06-10 22:05:34 - [MESSAGE][PASSED] - Object: 'Object Repository/MOH AND GRN/Page_KDMC - CMS/button_Add' is clicked on

2018-06-10 22:05:34 - [TEST_STEP][PASSED] - selectOptionByIndex: All options with index in [11] are selected on object 'Object Repository/MOH AND GRN/Page_KDMC - CMS/select_--Select--Schedule 1Inj'

2018-06-10 22:05:34 - [MESSAGE][PASSED] - All options with index in [11] are selected on object 'Object Repository/MOH AND GRN/Page_KDMC - CMS/select_--Select--Schedule 1Inj'

2018-06-10 22:05:34 - [TEST_STEP][PASSED] - selectOptionByIndex: All options with index in [4] are selected on object 'Object Repository/MOH AND GRN/Page_KDMC - CMS/select_--Select--Adernaline 0.'

2018-06-10 22:05:35 - [MESSAGE][PASSED] - All options with index in [4] are selected on object 'Object Repository/MOH AND GRN/Page_KDMC - CMS/select_--Select--Adernaline 0.'

2018-06-10 22:05:35 - [TEST_STEP][PASSED] - setText: Text '5000' is set on object 'Object Repository/MOH AND GRN/Page_KDMC - CMS/input_txttreat'

2018-06-10 22:05:35 - [MESSAGE][PASSED] - Text '5000' is set on object 'Object Repository/MOH AND GRN/Page_KDMC - CMS/input_txttreat'

2018-06-10 22:05:35 - [TEST_STEP][PASSED] - click: Object: 'Object Repository/MOH AND GRN/Page_KDMC - CMS/button_Add' is clicked on

2018-06-10 22:05:35 - [MESSAGE][PASSED] - Object: 'Object Repository/MOH AND GRN/Page_KDMC - CMS/button_Add' is clicked on

2018-06-10 22:05:35 - [TEST_STEP][PASSED] - selectOptionByIndex: All options with index in [11] are selected on object 'Object Repository/MOH AND GRN/Page_KDMC - CMS/select_--Select--Schedule 1Inj'

2018-06-10 22:05:35 - [MESSAGE][PASSED] - All options with index in [11] are selected on object 'Object Repository/MOH AND GRN/Page_KDMC - CMS/select_--Select--Schedule 1Inj'

2018-06-10 22:05:35 - [TEST_STEP][PASSED] - selectOptionByIndex: All options with index in [5] are selected on object 'Object Repository/MOH AND GRN/Page_KDMC - CMS/select_--Select--Adernaline 0.'

2018-06-10 22:05:35 - [MESSAGE][PASSED] - All options with index in [5] are selected on object 'Object Repository/MOH AND GRN/Page_KDMC - CMS/select_--Select--Adernaline 0.'

2018-06-10 22:05:35 - [TEST_STEP][PASSED] - setText: Text '5000' is set on object 'Object Repository/MOH AND GRN/Page_KDMC - CMS/input_txttreat'

2018-06-10 22:05:35 - [MESSAGE][PASSED] - Text '5000' is set on object 'Object Repository/MOH AND GRN/Page_KDMC - CMS/input_txttreat'

2018-06-10 22:05:35 - [TEST_STEP][PASSED] - click: Object: 'Object Repository/MOH AND GRN/Page_KDMC - CMS/button_Add' is clicked on

2018-06-10 22:05:35 - [MESSAGE][PASSED] - Object: 'Object Repository/MOH AND GRN/Page_KDMC - CMS/button_Add' is clicked on

2018-06-10 22:05:35 - [TEST_STEP][PASSED] - selectOptionByIndex: All options with index in [11] are selected on object 'Object Repository/MOH AND GRN/Page_KDMC - CMS/select_--Select--Schedule 1Inj'

2018-06-10 22:05:35 - [MESSAGE][PASSED] - All options with index in [11] are selected on object 'Object Repository/MOH AND GRN/Page_KDMC - CMS/select_--Select--Schedule 1Inj'

2018-06-10 22:05:35 - [TEST_STEP][PASSED] - selectOptionByIndex: All options with index in [6] are selected on object 'Object Repository/MOH AND GRN/Page_KDMC - CMS/select_--Select--Adernaline 0.'

2018-06-10 22:05:36 - [MESSAGE][PASSED] - All options with index in [6] are selected on object 'Object Repository/MOH AND GRN/Page_KDMC - CMS/select_--Select--Adernaline 0.'

2018-06-10 22:05:36 - [TEST_STEP][PASSED] - setText: Text '5000' is set on object 'Object Repository/MOH AND GRN/Page_KDMC - CMS/input_txttreat'

2018-06-10 22:05:36 - [MESSAGE][PASSED] - Text '5000' is set on object 'Object Repository/MOH AND GRN/Page_KDMC - CMS/input_txttreat'

2018-06-10 22:05:36 - [TEST_STEP][PASSED] - click: Object: 'Object Repository/MOH AND GRN/Page_KDMC - CMS/button_Add' is clicked on

2018-06-10 22:05:36 - [MESSAGE][PASSED] - Object: 'Object Repository/MOH AND GRN/Page_KDMC - CMS/button_Add' is clicked on

2018-06-10 22:05:36 - [TEST_STEP][PASSED] - selectOptionByIndex: All options with index in [11] are selected on object 'Object Repository/MOH AND GRN/Page_KDMC - CMS/select_--Select--Schedule 1Inj'

2018-06-10 22:05:36 - [MESSAGE][PASSED] - All options with index in [11] are selected on object 'Object Repository/MOH AND GRN/Page_KDMC - CMS/select_--Select--Schedule 1Inj'

2018-06-10 22:05:36 - [TEST_STEP][PASSED] - selectOptionByIndex: All options with index in [7] are selected on object 'Object Repository/MOH AND GRN/Page_KDMC - CMS/select_--Select--Adernaline 0.'

2018-06-10 22:05:36 - [MESSAGE][PASSED] - All options with index in [7] are selected on object 'Object Repository/MOH AND GRN/Page_KDMC - CMS/select_--Select--Adernaline 0.'

2018-06-10 22:05:36 - [TEST_STEP][PASSED] - setText: Text '5000' is set on object 'Object Repository/MOH AND GRN/Page_KDMC - CMS/input_txttreat'

2018-06-10 22:05:36 - [MESSAGE][PASSED] - Text '5000' is set on object 'Object Repository/MOH AND GRN/Page_KDMC - CMS/input_txttreat'

2018-06-10 22:05:36 - [TEST_STEP][PASSED] - click: Object: 'Object Repository/MOH AND GRN/Page_KDMC - CMS/button_Add' is clicked on

2018-06-10 22:05:36 - [MESSAGE][PASSED] - Object: 'Object Repository/MOH AND GRN/Page_KDMC - CMS/button_Add' is clicked on

2018-06-10 22:05:36 - [TEST_STEP][PASSED] - selectOptionByIndex: All options with index in [11] are selected on object 'Object Repository/MOH AND GRN/Page_KDMC - CMS/select_--Select--Schedule 1Inj'

2018-06-10 22:05:37 - [MESSAGE][PASSED] - All options with index in [11] are selected on object 'Object Repository/MOH AND GRN/Page_KDMC - CMS/select_--Select--Schedule 1Inj'

2018-06-10 22:05:37 - [TEST_STEP][PASSED] - selectOptionByIndex: All options with index in [8] are selected on object 'Object Repository/MOH AND GRN/Page_KDMC - CMS/select_--Select--Adernaline 0.'

2018-06-10 22:05:37 - [MESSAGE][PASSED] - All options with index in [8] are selected on object 'Object Repository/MOH AND GRN/Page_KDMC - CMS/select_--Select--Adernaline 0.'

2018-06-10 22:05:37 - [TEST_STEP][PASSED] - setText: Text '5000' is set on object 'Object Repository/MOH AND GRN/Page_KDMC - CMS/input_txttreat'

2018-06-10 22:05:37 - [MESSAGE][PASSED] - Text '5000' is set on object 'Object Repository/MOH AND GRN/Page_KDMC - CMS/input_txttreat'

2018-06-10 22:05:37 - [TEST_STEP][PASSED] - click: Object: 'Object Repository/MOH AND GRN/Page_KDMC - CMS/button_Add' is clicked on

2018-06-10 22:05:37 - [MESSAGE][PASSED] - Object: 'Object Repository/MOH AND GRN/Page_KDMC - CMS/button_Add' is clicked on

2018-06-10 22:05:37 - [TEST_STEP][PASSED] - selectOptionByIndex: All options with index in [11] are selected on object 'Object Repository/MOH AND GRN/Page_KDMC - CMS/select_--Select--Schedule 1Inj'

2018-06-10 22:05:37 - [MESSAGE][PASSED] - All options with index in [11] are selected on object 'Object Repository/MOH AND GRN/Page_KDMC - CMS/select_--Select--Schedule 1Inj'

2018-06-10 22:05:37 - [TEST_STEP][PASSED] - selectOptionByIndex: All options with index in [9] are selected on object 'Object Repository/MOH AND GRN/Page_KDMC - CMS/select_--Select--Adernaline 0.'

2018-06-10 22:05:37 - [MESSAGE][PASSED] - All options with index in [9] are selected on object 'Object Repository/MOH AND GRN/Page_KDMC - CMS/select_--Select--Adernaline 0.'

2018-06-10 22:05:37 - [TEST_STEP][PASSED] - setText: Text '5000' is set on object 'Object Repository/MOH AND GRN/Page_KDMC - CMS/input_txttreat'

2018-06-10 22:05:37 - [MESSAGE][PASSED] - Text '5000' is set on object 'Object Repository/MOH AND GRN/Page_KDMC - CMS/input_txttreat'

2018-06-10 22:05:37 - [TEST_STEP][PASSED] - click: Object: 'Object Repository/MOH AND GRN/Page_KDMC - CMS/button_Add' is clicked on

2018-06-10 22:05:37 - [MESSAGE][PASSED] - Object: 'Object Repository/MOH AND GRN/Page_KDMC - CMS/button_Add' is clicked on

2018-06-10 22:05:37 - [TEST_STEP][PASSED] - selectOptionByIndex: All options with index in [11] are selected on object 'Object Repository/MOH AND GRN/Page_KDMC - CMS/select_--Select--Schedule 1Inj'

2018-06-10 22:05:38 - [MESSAGE][PASSED] - All options with index in [11] are selected on object 'Object Repository/MOH AND GRN/Page_KDMC - CMS/select_--Select--Schedule 1Inj'

2018-06-10 22:05:38 - [TEST_STEP][PASSED] - selectOptionByIndex: All options with index in [10] are selected on object 'Object Repository/MOH AND GRN/Page_KDMC - CMS/select_--Select--Adernaline 0.'

2018-06-10 22:05:38 - [MESSAGE][PASSED] - All options with index in [10] are selected on object 'Object Repository/MOH AND GRN/Page_KDMC - CMS/select_--Select--Adernaline 0.'

2018-06-10 22:05:38 - [TEST_STEP][PASSED] - setText: Text '5000' is set on object 'Object Repository/MOH AND GRN/Page_KDMC - CMS/input_txttreat'

2018-06-10 22:05:38 - [MESSAGE][PASSED] - Text '5000' is set on object 'Object Repository/MOH AND GRN/Page_KDMC - CMS/input_txttreat'

2018-06-10 22:05:38 - [TEST_STEP][PASSED] - click: Object: 'Object Repository/MOH AND GRN/Page_KDMC - CMS/button_Add' is clicked on

2018-06-10 22:05:38 - [MESSAGE][PASSED] - Object: 'Object Repository/MOH AND GRN/Page_KDMC - CMS/button_Add' is clicked on

2018-06-10 22:05:38 - [TEST_STEP][PASSED] - selectOptionByIndex: All options with index in [11] are selected on object 'Object Repository/MOH AND GRN/Page_KDMC - CMS/select_--Select--Schedule 1Inj'

2018-06-10 22:05:38 - [MESSAGE][PASSED] - All options with index in [11] are selected on object 'Object Repository/MOH AND GRN/Page_KDMC - CMS/select_--Select--Schedule 1Inj'

2018-06-10 22:05:38 - [TEST_STEP][PASSED] - selectOptionByIndex: All options with index in [11] are selected on object 'Object Repository/MOH AND GRN/Page_KDMC - CMS/select_--Select--Adernaline 0.'

2018-06-10 22:05:39 - [MESSAGE][PASSED] - All options with index in [11] are selected on object 'Object Repository/MOH AND GRN/Page_KDMC - CMS/select_--Select--Adernaline 0.'

2018-06-10 22:05:39 - [TEST_STEP][PASSED] - setText: Text '5000' is set on object 'Object Repository/MOH AND GRN/Page_KDMC - CMS/input_txttreat'

2018-06-10 22:05:39 - [MESSAGE][PASSED] - Text '5000' is set on object 'Object Repository/MOH AND GRN/Page_KDMC - CMS/input_txttreat'

2018-06-10 22:05:39 - [TEST_STEP][PASSED] - click: Object: 'Object Repository/MOH AND GRN/Page_KDMC - CMS/button_Add' is clicked on

2018-06-10 22:05:39 - [MESSAGE][PASSED] - Object: 'Object Repository/MOH AND GRN/Page_KDMC - CMS/button_Add' is clicked on

2018-06-10 22:05:39 - [TEST_STEP][PASSED] - selectOptionByIndex: All options with index in [11] are selected on object 'Object Repository/MOH AND GRN/Page_KDMC - CMS/select_--Select--Schedule 1Inj'

2018-06-10 22:05:39 - [MESSAGE][PASSED] - All options with index in [11] are selected on object 'Object Repository/MOH AND GRN/Page_KDMC - CMS/select_--Select--Schedule 1Inj'

2018-06-10 22:05:39 - [TEST_STEP][PASSED] - selectOptionByIndex: All options with index in [12] are selected on object 'Object Repository/MOH AND GRN/Page_KDMC - CMS/select_--Select--Adernaline 0.'

2018-06-10 22:05:39 - [MESSAGE][PASSED] - All options with index in [12] are selected on object 'Object Repository/MOH AND GRN/Page_KDMC - CMS/select_--Select--Adernaline 0.'

2018-06-10 22:05:39 - [TEST_STEP][PASSED] - setText: Text '5000' is set on object 'Object Repository/MOH AND GRN/Page_KDMC - CMS/input_txttreat'

2018-06-10 22:05:39 - [MESSAGE][PASSED] - Text '5000' is set on object 'Object Repository/MOH AND GRN/Page_KDMC - CMS/input_txttreat'

2018-06-10 22:05:39 - [TEST_STEP][PASSED] - click: Object: 'Object Repository/MOH AND GRN/Page_KDMC - CMS/button_Add' is clicked on

2018-06-10 22:05:39 - [MESSAGE][PASSED] - Object: 'Object Repository/MOH AND GRN/Page_KDMC - CMS/button_Add' is clicked on

2018-06-10 22:05:39 - [TEST_STEP][PASSED] - selectOptionByIndex: All options with index in [11] are selected on object 'Object Repository/MOH AND GRN/Page_KDMC - CMS/select_--Select--Schedule 1Inj'

2018-06-10 22:05:39 - [MESSAGE][PASSED] - All options with index in [11] are selected on object 'Object Repository/MOH AND GRN/Page_KDMC - CMS/select_--Select--Schedule 1Inj'

2018-06-10 22:05:39 - [TEST_STEP][PASSED] - selectOptionByIndex: All options with index in [13] are selected on object 'Object Repository/MOH AND GRN/Page_KDMC - CMS/select_--Select--Adernaline 0.'

2018-06-10 22:05:40 - [MESSAGE][PASSED] - All options with index in [13] are selected on object 'Object Repository/MOH AND GRN/Page_KDMC - CMS/select_--Select--Adernaline 0.'

2018-06-10 22:05:40 - [TEST_STEP][PASSED] - setText: Text '5000' is set on object 'Object Repository/MOH AND GRN/Page_KDMC - CMS/input_txttreat'

2018-06-10 22:05:40 - [MESSAGE][PASSED] - Text '5000' is set on object 'Object Repository/MOH AND GRN/Page_KDMC - CMS/input_txttreat'

2018-06-10 22:05:40 - [TEST_STEP][PASSED] - click: Object: 'Object Repository/MOH AND GRN/Page_KDMC - CMS/button_Add' is clicked on

2018-06-10 22:05:40 - [MESSAGE][PASSED] - Object: 'Object Repository/MOH AND GRN/Page_KDMC - CMS/button_Add' is clicked on

2018-06-10 22:05:40 - [TEST_STEP][PASSED] - selectOptionByIndex: All options with index in [11] are selected on object 'Object Repository/MOH AND GRN/Page_KDMC - CMS/select_--Select--Schedule 1Inj'

2018-06-10 22:05:40 - [MESSAGE][PASSED] - All options with index in [11] are selected on object 'Object Repository/MOH AND GRN/Page_KDMC - CMS/select_--Select--Schedule 1Inj'

2018-06-10 22:05:40 - [TEST_STEP][PASSED] - selectOptionByIndex: All options with index in [14] are selected on object 'Object Repository/MOH AND GRN/Page_KDMC - CMS/select_--Select--Adernaline 0.'

2018-06-10 22:05:40 - [MESSAGE][PASSED] - All options with index in [14] are selected on object 'Object Repository/MOH AND GRN/Page_KDMC - CMS/select_--Select--Adernaline 0.'

2018-06-10 22:05:40 - [TEST_STEP][PASSED] - setText: Text '5000' is set on object 'Object Repository/MOH AND GRN/Page_KDMC - CMS/input_txttreat'

2018-06-10 22:05:40 - [MESSAGE][PASSED] - Text '5000' is set on object 'Object Repository/MOH AND GRN/Page_KDMC - CMS/input_txttreat'

2018-06-10 22:05:40 - [TEST_STEP][PASSED] - click: Object: 'Object Repository/MOH AND GRN/Page_KDMC - CMS/button_Add' is clicked on

2018-06-10 22:05:41 - [MESSAGE][PASSED] - Object: 'Object Repository/MOH AND GRN/Page_KDMC - CMS/button_Add' is clicked on

2018-06-10 22:05:41 - [TEST_STEP][PASSED] - selectOptionByIndex: All options with index in [11] are selected on object 'Object Repository/MOH AND GRN/Page_KDMC - CMS/select_--Select--Schedule 1Inj'

2018-06-10 22:05:41 - [MESSAGE][PASSED] - All options with index in [11] are selected on object 'Object Repository/MOH AND GRN/Page_KDMC - CMS/select_--Select--Schedule 1Inj'

2018-06-10 22:05:41 - [TEST_STEP][PASSED] - selectOptionByIndex: All options with index in [15] are selected on object 'Object Repository/MOH AND GRN/Page_KDMC - CMS/select_--Select--Adernaline 0.'

2018-06-10 22:05:41 - [MESSAGE][PASSED] - All options with index in [15] are selected on object 'Object Repository/MOH AND GRN/Page_KDMC - CMS/select_--Select--Adernaline 0.'

2018-06-10 22:05:41 - [TEST_STEP][PASSED] - setText: Text '5000' is set on object 'Object Repository/MOH AND GRN/Page_KDMC - CMS/input_txttreat'

2018-06-10 22:05:41 - [MESSAGE][PASSED] - Text '5000' is set on object 'Object Repository/MOH AND GRN/Page_KDMC - CMS/input_txttreat'

2018-06-10 22:05:41 - [TEST_STEP][PASSED] - click: Object: 'Object Repository/MOH AND GRN/Page_KDMC - CMS/button_Add' is clicked on

2018-06-10 22:05:41 - [MESSAGE][PASSED] - Object: 'Object Repository/MOH AND GRN/Page_KDMC - CMS/button_Add' is clicked on

2018-06-10 22:05:41 - [TEST_STEP][PASSED] - selectOptionByIndex: All options with index in [11] are selected on object 'Object Repository/MOH AND GRN/Page_KDMC - CMS/select_--Select--Schedule 1Inj'

2018-06-10 22:05:41 - [MESSAGE][PASSED] - All options with index in [11] are selected on object 'Object Repository/MOH AND GRN/Page_KDMC - CMS/select_--Select--Schedule 1Inj'

2018-06-10 22:05:41 - [TEST_STEP][PASSED] - selectOptionByIndex: All options with index in [16] are selected on object 'Object Repository/MOH AND GRN/Page_KDMC - CMS/select_--Select--Adernaline 0.'

2018-06-10 22:05:42 - [MESSAGE][PASSED] - All options with index in [16] are selected on object 'Object Repository/MOH AND GRN/Page_KDMC - CMS/select_--Select--Adernaline 0.'

2018-06-10 22:05:42 - [TEST_STEP][PASSED] - setText: Text '5000' is set on object 'Object Repository/MOH AND GRN/Page_KDMC - CMS/input_txttreat'

2018-06-10 22:05:42 - [MESSAGE][PASSED] - Text '5000' is set on object 'Object Repository/MOH AND GRN/Page_KDMC - CMS/input_txttreat'

2018-06-10 22:05:42 - [TEST_STEP][PASSED] - click: Object: 'Object Repository/MOH AND GRN/Page_KDMC - CMS/button_Add' is clicked on

2018-06-10 22:05:42 - [MESSAGE][PASSED] - Object: 'Object Repository/MOH AND GRN/Page_KDMC - CMS/button_Add' is clicked on

2018-06-10 22:05:42 - [TEST_STEP][PASSED] - selectOptionByIndex: All options with index in [11] are selected on object 'Object Repository/MOH AND GRN/Page_KDMC - CMS/select_--Select--Schedule 1Inj'

2018-06-10 22:05:42 - [MESSAGE][PASSED] - All options with index in [11] are selected on object 'Object Repository/MOH AND GRN/Page_KDMC - CMS/select_--Select--Schedule 1Inj'

2018-06-10 22:05:42 - [TEST_STEP][PASSED] - selectOptionByIndex: All options with index in [17] are selected on object 'Object Repository/MOH AND GRN/Page_KDMC - CMS/select_--Select--Adernaline 0.'

2018-06-10 22:05:42 - [MESSAGE][PASSED] - All options with index in [17] are selected on object 'Object Repository/MOH AND GRN/Page_KDMC - CMS/select_--Select--Adernaline 0.'

2018-06-10 22:05:42 - [TEST_STEP][PASSED] - setText: Text '5000' is set on object 'Object Repository/MOH AND GRN/Page_KDMC - CMS/input_txttreat'

2018-06-10 22:05:42 - [MESSAGE][PASSED] - Text '5000' is set on object 'Object Repository/MOH AND GRN/Page_KDMC - CMS/input_txttreat'

2018-06-10 22:05:42 - [TEST_STEP][PASSED] - click: Object: 'Object Repository/MOH AND GRN/Page_KDMC - CMS/button_Add' is clicked on

2018-06-10 22:05:42 - [MESSAGE][PASSED] - Object: 'Object Repository/MOH AND GRN/Page_KDMC - CMS/button_Add' is clicked on

2018-06-10 22:05:42 - [TEST_STEP][PASSED] - selectOptionByIndex: All options with index in [11] are selected on object 'Object Repository/MOH AND GRN/Page_KDMC - CMS/select_--Select--Schedule 1Inj'

2018-06-10 22:05:43 - [MESSAGE][PASSED] - All options with index in [11] are selected on object 'Object Repository/MOH AND GRN/Page_KDMC - CMS/select_--Select--Schedule 1Inj'

2018-06-10 22:05:43 - [TEST_STEP][PASSED] - selectOptionByIndex: All options with index in [18] are selected on object 'Object Repository/MOH AND GRN/Page_KDMC - CMS/select_--Select--Adernaline 0.'

2018-06-10 22:05:43 - [MESSAGE][PASSED] - All options with index in [18] are selected on object 'Object Repository/MOH AND GRN/Page_KDMC - CMS/select_--Select--Adernaline 0.'

2018-06-10 22:05:43 - [TEST_STEP][PASSED] - setText: Text '5000' is set on object 'Object Repository/MOH AND GRN/Page_KDMC - CMS/input_txttreat'

2018-06-10 22:05:43 - [MESSAGE][PASSED] - Text '5000' is set on object 'Object Repository/MOH AND GRN/Page_KDMC - CMS/input_txttreat'

2018-06-10 22:05:43 - [TEST_STEP][PASSED] - click: Object: 'Object Repository/MOH AND GRN/Page_KDMC - CMS/button_Add' is clicked on

2018-06-10 22:05:43 - [MESSAGE][PASSED] - Object: 'Object Repository/MOH AND GRN/Page_KDMC - CMS/button_Add' is clicked on

2018-06-10 22:05:43 - [TEST_STEP][PASSED] - selectOptionByIndex: All options with index in [11] are selected on object 'Object Repository/MOH AND GRN/Page_KDMC - CMS/select_--Select--Schedule 1Inj'

2018-06-10 22:05:43 - [MESSAGE][PASSED] - All options with index in [11] are selected on object 'Object Repository/MOH AND GRN/Page_KDMC - CMS/select_--Select--Schedule 1Inj'

2018-06-10 22:05:43 - [TEST_STEP][PASSED] - selectOptionByIndex: All options with index in [19] are selected on object 'Object Repository/MOH AND GRN/Page_KDMC - CMS/select_--Select--Adernaline 0.'

2018-06-10 22:05:44 - [MESSAGE][PASSED] - All options with index in [19] are selected on object 'Object Repository/MOH AND GRN/Page_KDMC - CMS/select_--Select--Adernaline 0.'

2018-06-10 22:05:44 - [TEST_STEP][PASSED] - setText: Text '5000' is set on object 'Object Repository/MOH AND GRN/Page_KDMC - CMS/input_txttreat'

2018-06-10 22:05:44 - [MESSAGE][PASSED] - Text '5000' is set on object 'Object Repository/MOH AND GRN/Page_KDMC - CMS/input_txttreat'

2018-06-10 22:05:44 - [TEST_STEP][PASSED] - click: Object: 'Object Repository/MOH AND GRN/Page_KDMC - CMS/button_Add' is clicked on

2018-06-10 22:05:44 - [MESSAGE][PASSED] - Object: 'Object Repository/MOH AND GRN/Page_KDMC - CMS/button_Add' is clicked on

2018-06-10 22:05:44 - [TEST_STEP][PASSED] - selectOptionByIndex: All options with index in [11] are selected on object 'Object Repository/MOH AND GRN/Page_KDMC - CMS/select_--Select--Schedule 1Inj'

2018-06-10 22:05:44 - [MESSAGE][PASSED] - All options with index in [11] are selected on object 'Object Repository/MOH AND GRN/Page_KDMC - CMS/select_--Select--Schedule 1Inj'

2018-06-10 22:05:44 - [TEST_STEP][PASSED] - selectOptionByIndex: All options with index in [20] are selected on object 'Object Repository/MOH AND GRN/Page_KDMC - CMS/select_--Select--Adernaline 0.'

2018-06-10 22:05:44 - [MESSAGE][PASSED] - All options with index in [20] are selected on object 'Object Repository/MOH AND GRN/Page_KDMC - CMS/select_--Select--Adernaline 0.'

2018-06-10 22:05:44 - [TEST_STEP][PASSED] - setText: Text '5000' is set on object 'Object Repository/MOH AND GRN/Page_KDMC - CMS/input_txttreat'

2018-06-10 22:05:44 - [MESSAGE][PASSED] - Text '5000' is set on object 'Object Repository/MOH AND GRN/Page_KDMC - CMS/input_txttreat'

2018-06-10 22:05:44 - [TEST_STEP][PASSED] - click: Object: 'Object Repository/MOH AND GRN/Page_KDMC - CMS/button_Add' is clicked on

2018-06-10 22:05:44 - [MESSAGE][PASSED] - Object: 'Object Repository/MOH AND GRN/Page_KDMC - CMS/button_Add' is clicked on

2018-06-10 22:05:44 - [TEST_STEP][PASSED] - selectOptionByIndex: All options with index in [11] are selected on object 'Object Repository/MOH AND GRN/Page_KDMC - CMS/select_--Select--Schedule 1Inj'

2018-06-10 22:05:45 - [MESSAGE][PASSED] - All options with index in [11] are selected on object 'Object Repository/MOH AND GRN/Page_KDMC - CMS/select_--Select--Schedule 1Inj'

2018-06-10 22:05:45 - [TEST_STEP][PASSED] - selectOptionByIndex: All options with index in [21] are selected on object 'Object Repository/MOH AND GRN/Page_KDMC - CMS/select_--Select--Adernaline 0.'

2018-06-10 22:05:45 - [MESSAGE][PASSED] - All options with index in [21] are selected on object 'Object Repository/MOH AND GRN/Page_KDMC - CMS/select_--Select--Adernaline 0.'

2018-06-10 22:05:45 - [TEST_STEP][PASSED] - setText: Text '5000' is set on object 'Object Repository/MOH AND GRN/Page_KDMC - CMS/input_txttreat'

2018-06-10 22:05:45 - [MESSAGE][PASSED] - Text '5000' is set on object 'Object Repository/MOH AND GRN/Page_KDMC - CMS/input_txttreat'

2018-06-10 22:05:45 - [TEST_STEP][PASSED] - click: Object: 'Object Repository/MOH AND GRN/Page_KDMC - CMS/button_Add' is clicked on

2018-06-10 22:05:45 - [MESSAGE][PASSED] - Object: 'Object Repository/MOH AND GRN/Page_KDMC - CMS/button_Add' is clicked on

2018-06-10 22:05:45 - [TEST_STEP][PASSED] - selectOptionByIndex: All options with index in [11] are selected on object 'Object Repository/MOH AND GRN/Page_KDMC - CMS/select_--Select--Schedule 1Inj'

2018-06-10 22:05:45 - [MESSAGE][PASSED] - All options with index in [11] are selected on object 'Object Repository/MOH AND GRN/Page_KDMC - CMS/select_--Select--Schedule 1Inj'

2018-06-10 22:05:45 - [TEST_STEP][PASSED] - selectOptionByIndex: All options with index in [22] are selected on object 'Object Repository/MOH AND GRN/Page_KDMC - CMS/select_--Select--Adernaline 0.'

2018-06-10 22:05:46 - [MESSAGE][PASSED] - All options with index in [22] are selected on object 'Object Repository/MOH AND GRN/Page_KDMC - CMS/select_--Select--Adernaline 0.'

2018-06-10 22:05:46 - [TEST_STEP][PASSED] - setText: Text '5000' is set on object 'Object Repository/MOH AND GRN/Page_KDMC - CMS/input_txttreat'

2018-06-10 22:05:46 - [MESSAGE][PASSED] - Text '5000' is set on object 'Object Repository/MOH AND GRN/Page_KDMC - CMS/input_txttreat'

2018-06-10 22:05:46 - [TEST_STEP][PASSED] - click: Object: 'Object Repository/MOH AND GRN/Page_KDMC - CMS/button_Add' is clicked on

2018-06-10 22:05:46 - [MESSAGE][PASSED] - Object: 'Object Repository/MOH AND GRN/Page_KDMC - CMS/button_Add' is clicked on

2018-06-10 22:05:46 - [TEST_STEP][PASSED] - selectOptionByIndex: All options with index in [11] are selected on object 'Object Repository/MOH AND GRN/Page_KDMC - CMS/select_--Select--Schedule 1Inj'

2018-06-10 22:05:46 - [MESSAGE][PASSED] - All options with index in [11] are selected on object 'Object Repository/MOH AND GRN/Page_KDMC - CMS/select_--Select--Schedule 1Inj'

2018-06-10 22:05:46 - [TEST_STEP][PASSED] - selectOptionByIndex: All options with index in [23] are selected on object 'Object Repository/MOH AND GRN/Page_KDMC - CMS/select_--Select--Adernaline 0.'

2018-06-10 22:05:46 - [MESSAGE][PASSED] - All options with index in [23] are selected on object 'Object Repository/MOH AND GRN/Page_KDMC - CMS/select_--Select--Adernaline 0.'

2018-06-10 22:05:46 - [TEST_STEP][PASSED] - setText: Text '5000' is set on object 'Object Repository/MOH AND GRN/Page_KDMC - CMS/input_txttreat'

2018-06-10 22:05:47 - [MESSAGE][PASSED] - Text '5000' is set on object 'Object Repository/MOH AND GRN/Page_KDMC - CMS/input_txttreat'

2018-06-10 22:05:47 - [TEST_STEP][PASSED] - click: Object: 'Object Repository/MOH AND GRN/Page_KDMC - CMS/button_Add' is clicked on

2018-06-10 22:05:47 - [MESSAGE][PASSED] - Object: 'Object Repository/MOH AND GRN/Page_KDMC - CMS/button_Add' is clicked on

2018-06-10 22:05:47 - [TEST_STEP][PASSED] - selectOptionByIndex: All options with index in [11] are selected on object 'Object Repository/MOH AND GRN/Page_KDMC - CMS/select_--Select--Schedule 1Inj'

2018-06-10 22:05:47 - [MESSAGE][PASSED] - All options with index in [11] are selected on object 'Object Repository/MOH AND GRN/Page_KDMC - CMS/select_--Select--Schedule 1Inj'

2018-06-10 22:05:47 - [TEST_STEP][PASSED] - selectOptionByIndex: All options with index in [24] are selected on object 'Object Repository/MOH AND GRN/Page_KDMC - CMS/select_--Select--Adernaline 0.'

2018-06-10 22:05:47 - [MESSAGE][PASSED] - All options with index in [24] are selected on object 'Object Repository/MOH AND GRN/Page_KDMC - CMS/select_--Select--Adernaline 0.'

2018-06-10 22:05:47 - [TEST_STEP][PASSED] - setText: Text '5000' is set on object 'Object Repository/MOH AND GRN/Page_KDMC - CMS/input_txttreat'

2018-06-10 22:05:47 - [MESSAGE][PASSED] - Text '5000' is set on object 'Object Repository/MOH AND GRN/Page_KDMC - CMS/input_txttreat'

2018-06-10 22:05:47 - [TEST_STEP][PASSED] - click: Object: 'Object Repository/MOH AND GRN/Page_KDMC - CMS/button_Add' is clicked on

2018-06-10 22:05:47 - [MESSAGE][PASSED] - Object: 'Object Repository/MOH AND GRN/Page_KDMC - CMS/button_Add' is clicked on

2018-06-10 22:05:47 - [TEST_STEP][PASSED] - selectOptionByIndex: All options with index in [11] are selected on object 'Object Repository/MOH AND GRN/Page_KDMC - CMS/select_--Select--Schedule 1Inj'

2018-06-10 22:05:48 - [MESSAGE][PASSED] - All options with index in [11] are selected on object 'Object Repository/MOH AND GRN/Page_KDMC - CMS/select_--Select--Schedule 1Inj'

2018-06-10 22:05:48 - [TEST_STEP][PASSED] - selectOptionByIndex: All options with index in [25] are selected on object 'Object Repository/MOH AND GRN/Page_KDMC - CMS/select_--Select--Adernaline 0.'

2018-06-10 22:05:48 - [MESSAGE][PASSED] - All options with index in [25] are selected on object 'Object Repository/MOH AND GRN/Page_KDMC - CMS/select_--Select--Adernaline 0.'

2018-06-10 22:05:48 - [TEST_STEP][PASSED] - setText: Text '5000' is set on object 'Object Repository/MOH AND GRN/Page_KDMC - CMS/input_txttreat'

2018-06-10 22:05:48 - [MESSAGE][PASSED] - Text '5000' is set on object 'Object Repository/MOH AND GRN/Page_KDMC - CMS/input_txttreat'

2018-06-10 22:05:48 - [TEST_STEP][PASSED] - click: Object: 'Object Repository/MOH AND GRN/Page_KDMC - CMS/button_Add' is clicked on

2018-06-10 22:05:48 - [MESSAGE][PASSED] - Object: 'Object Repository/MOH AND GRN/Page_KDMC - CMS/button_Add' is clicked on

2018-06-10 22:05:48 - [TEST_STEP][PASSED] - selectOptionByIndex: All options with index in [11] are selected on object 'Object Repository/MOH AND GRN/Page_KDMC - CMS/select_--Select--Schedule 1Inj'

2018-06-10 22:05:48 - [MESSAGE][PASSED] - All options with index in [11] are selected on object 'Object Repository/MOH AND GRN/Page_KDMC - CMS/select_--Select--Schedule 1Inj'

2018-06-10 22:05:48 - [TEST_STEP][PASSED] - selectOptionByIndex: All options with index in [26] are selected on object 'Object Repository/MOH AND GRN/Page_KDMC - CMS/select_--Select--Adernaline 0.'

2018-06-10 22:05:49 - [MESSAGE][PASSED] - All options with index in [26] are selected on object 'Object Repository/MOH AND GRN/Page_KDMC - CMS/select_--Select--Adernaline 0.'

2018-06-10 22:05:49 - [TEST_STEP][PASSED] - setText: Text '5000' is set on object 'Object Repository/MOH AND GRN/Page_KDMC - CMS/input_txttreat'

2018-06-10 22:05:49 - [MESSAGE][PASSED] - Text '5000' is set on object 'Object Repository/MOH AND GRN/Page_KDMC - CMS/input_txttreat'

2018-06-10 22:05:49 - [TEST_STEP][PASSED] - click: Object: 'Object Repository/MOH AND GRN/Page_KDMC - CMS/button_Add' is clicked on

2018-06-10 22:05:49 - [MESSAGE][PASSED] - Object: 'Object Repository/MOH AND GRN/Page_KDMC - CMS/button_Add' is clicked on

2018-06-10 22:05:49 - [TEST_STEP][PASSED] - selectOptionByIndex: All options with index in [11] are selected on object 'Object Repository/MOH AND GRN/Page_KDMC - CMS/select_--Select--Schedule 1Inj'

2018-06-10 22:05:49 - [MESSAGE][PASSED] - All options with index in [11] are selected on object 'Object Repository/MOH AND GRN/Page_KDMC - CMS/select_--Select--Schedule 1Inj'

2018-06-10 22:05:49 - [TEST_STEP][PASSED] - selectOptionByIndex: All options with index in [27] are selected on object 'Object Repository/MOH AND GRN/Page_KDMC - CMS/select_--Select--Adernaline 0.'

2018-06-10 22:05:49 - [MESSAGE][PASSED] - All options with index in [27] are selected on object 'Object Repository/MOH AND GRN/Page_KDMC - CMS/select_--Select--Adernaline 0.'

2018-06-10 22:05:49 - [TEST_STEP][PASSED] - setText: Text '5000' is set on object 'Object Repository/MOH AND GRN/Page_KDMC - CMS/input_txttreat'

2018-06-10 22:05:50 - [MESSAGE][PASSED] - Text '5000' is set on object 'Object Repository/MOH AND GRN/Page_KDMC - CMS/input_txttreat'

2018-06-10 22:05:50 - [TEST_STEP][PASSED] - click: Object: 'Object Repository/MOH AND GRN/Page_KDMC - CMS/button_Add' is clicked on

2018-06-10 22:05:50 - [MESSAGE][PASSED] - Object: 'Object Repository/MOH AND GRN/Page_KDMC - CMS/button_Add' is clicked on

2018-06-10 22:05:50 - [TEST_STEP][PASSED] - selectOptionByIndex: All options with index in [11] are selected on object 'Object Repository/MOH AND GRN/Page_KDMC - CMS/select_--Select--Schedule 1Inj'

2018-06-10 22:05:50 - [MESSAGE][PASSED] - All options with index in [11] are selected on object 'Object Repository/MOH AND GRN/Page_KDMC - CMS/select_--Select--Schedule 1Inj'

2018-06-10 22:05:50 - [TEST_STEP][PASSED] - selectOptionByIndex: All options with index in [28] are selected on object 'Object Repository/MOH AND GRN/Page_KDMC - CMS/select_--Select--Adernaline 0.'

2018-06-10 22:05:50 - [MESSAGE][PASSED] - All options with index in [28] are selected on object 'Object Repository/MOH AND GRN/Page_KDMC - CMS/select_--Select--Adernaline 0.'

2018-06-10 22:05:50 - [TEST_STEP][PASSED] - setText: Text '5000' is set on object 'Object Repository/MOH AND GRN/Page_KDMC - CMS/input_txttreat'

2018-06-10 22:05:50 - [MESSAGE][PASSED] - Text '5000' is set on object 'Object Repository/MOH AND GRN/Page_KDMC - CMS/input_txttreat'

2018-06-10 22:05:50 - [TEST_STEP][PASSED] - click: Object: 'Object Repository/MOH AND GRN/Page_KDMC - CMS/button_Add' is clicked on

2018-06-10 22:05:50 - [MESSAGE][PASSED] - Object: 'Object Repository/MOH AND GRN/Page_KDMC - CMS/button_Add' is clicked on

2018-06-10 22:05:50 - [TEST_STEP][PASSED] - selectOptionByIndex: All options with index in [11] are selected on object 'Object Repository/MOH AND GRN/Page_KDMC - CMS/select_--Select--Schedule 1Inj'

2018-06-10 22:05:51 - [MESSAGE][PASSED] - All options with index in [11] are selected on object 'Object Repository/MOH AND GRN/Page_KDMC - CMS/select_--Select--Schedule 1Inj'

2018-06-10 22:05:51 - [TEST_STEP][PASSED] - selectOptionByIndex: All options with index in [29] are selected on object 'Object Repository/MOH AND GRN/Page_KDMC - CMS/select_--Select--Adernaline 0.'

2018-06-10 22:05:51 - [MESSAGE][PASSED] - All options with index in [29] are selected on object 'Object Repository/MOH AND GRN/Page_KDMC - CMS/select_--Select--Adernaline 0.'

2018-06-10 22:05:51 - [TEST_STEP][PASSED] - setText: Text '5000' is set on object 'Object Repository/MOH AND GRN/Page_KDMC - CMS/input_txttreat'

2018-06-10 22:05:51 - [MESSAGE][PASSED] - Text '5000' is set on object 'Object Repository/MOH AND GRN/Page_KDMC - CMS/input_txttreat'

2018-06-10 22:05:51 - [TEST_STEP][PASSED] - click: Object: 'Object Repository/MOH AND GRN/Page_KDMC - CMS/button_Add' is clicked on

2018-06-10 22:05:51 - [MESSAGE][PASSED] - Object: 'Object Repository/MOH AND GRN/Page_KDMC - CMS/button_Add' is clicked on

2018-06-10 22:05:51 - [TEST_STEP][PASSED] - selectOptionByIndex: All options with index in [11] are selected on object 'Object Repository/MOH AND GRN/Page_KDMC - CMS/select_--Select--Schedule 1Inj'

2018-06-10 22:05:51 - [MESSAGE][PASSED] - All options with index in [11] are selected on object 'Object Repository/MOH AND GRN/Page_KDMC - CMS/select_--Select--Schedule 1Inj'

2018-06-10 22:05:51 - [TEST_STEP][PASSED] - selectOptionByIndex: All options with index in [30] are selected on object 'Object Repository/MOH AND GRN/Page_KDMC - CMS/select_--Select--Adernaline 0.'

2018-06-10 22:05:52 - [MESSAGE][PASSED] - All options with index in [30] are selected on object 'Object Repository/MOH AND GRN/Page_KDMC - CMS/select_--Select--Adernaline 0.'

2018-06-10 22:05:52 - [TEST_STEP][PASSED] - setText: Text '5000' is set on object 'Object Repository/MOH AND GRN/Page_KDMC - CMS/input_txttreat'

2018-06-10 22:05:52 - [MESSAGE][PASSED] - Text '5000' is set on object 'Object Repository/MOH AND GRN/Page_KDMC - CMS/input_txttreat'

2018-06-10 22:05:52 - [TEST_STEP][PASSED] - click: Object: 'Object Repository/MOH AND GRN/Page_KDMC - CMS/button_Add' is clicked on

2018-06-10 22:05:52 - [MESSAGE][PASSED] - Object: 'Object Repository/MOH AND GRN/Page_KDMC - CMS/button_Add' is clicked on

2018-06-10 22:05:52 - [TEST_STEP][PASSED] - selectOptionByIndex: All options with index in [11] are selected on object 'Object Repository/MOH AND GRN/Page_KDMC - CMS/select_--Select--Schedule 1Inj'

2018-06-10 22:05:52 - [MESSAGE][PASSED] - All options with index in [11] are selected on object 'Object Repository/MOH AND GRN/Page_KDMC - CMS/select_--Select--Schedule 1Inj'

2018-06-10 22:05:52 - [TEST_STEP][PASSED] - selectOptionByIndex: All options with index in [31] are selected on object 'Object Repository/MOH AND GRN/Page_KDMC - CMS/select_--Select--Adernaline 0.'

2018-06-10 22:05:53 - [MESSAGE][PASSED] - All options with index in [31] are selected on object 'Object Repository/MOH AND GRN/Page_KDMC - CMS/select_--Select--Adernaline 0.'

2018-06-10 22:05:53 - [TEST_STEP][PASSED] - setText: Text '5000' is set on object 'Object Repository/MOH AND GRN/Page_KDMC - CMS/input_txttreat'

2018-06-10 22:05:53 - [MESSAGE][PASSED] - Text '5000' is set on object 'Object Repository/MOH AND GRN/Page_KDMC - CMS/input_txttreat'

2018-06-10 22:05:53 - [TEST_STEP][PASSED] - click: Object: 'Object Repository/MOH AND GRN/Page_KDMC - CMS/button_Add' is clicked on

2018-06-10 22:05:53 - [MESSAGE][PASSED] - Object: 'Object Repository/MOH AND GRN/Page_KDMC - CMS/button_Add' is clicked on

2018-06-10 22:05:53 - [TEST_STEP][PASSED] - selectOptionByIndex: All options with index in [11] are selected on object 'Object Repository/MOH AND GRN/Page_KDMC - CMS/select_--Select--Schedule 1Inj'

2018-06-10 22:05:53 - [MESSAGE][PASSED] - All options with index in [11] are selected on object 'Object Repository/MOH AND GRN/Page_KDMC - CMS/select_--Select--Schedule 1Inj'

2018-06-10 22:05:53 - [TEST_STEP][PASSED] - selectOptionByIndex: All options with index in [32] are selected on object 'Object Repository/MOH AND GRN/Page_KDMC - CMS/select_--Select--Adernaline 0.'

2018-06-10 22:05:53 - [MESSAGE][PASSED] - All options with index in [32] are selected on object 'Object Repository/MOH AND GRN/Page_KDMC - CMS/select_--Select--Adernaline 0.'

2018-06-10 22:05:53 - [TEST_STEP][PASSED] - setText: Text '5000' is set on object 'Object Repository/MOH AND GRN/Page_KDMC - CMS/input_txttreat'

2018-06-10 22:05:54 - [MESSAGE][PASSED] - Text '5000' is set on object 'Object Repository/MOH AND GRN/Page_KDMC - CMS/input_txttreat'

2018-06-10 22:05:54 - [TEST_STEP][PASSED] - click: Object: 'Object Repository/MOH AND GRN/Page_KDMC - CMS/button_Add' is clicked on

2018-06-10 22:05:54 - [MESSAGE][PASSED] - Object: 'Object Repository/MOH AND GRN/Page_KDMC - CMS/button_Add' is clicked on

2018-06-10 22:05:54 - [TEST_STEP][PASSED] - selectOptionByIndex: All options with index in [11] are selected on object 'Object Repository/MOH AND GRN/Page_KDMC - CMS/select_--Select--Schedule 1Inj'

2018-06-10 22:05:54 - [MESSAGE][PASSED] - All options with index in [11] are selected on object 'Object Repository/MOH AND GRN/Page_KDMC - CMS/select_--Select--Schedule 1Inj'

2018-06-10 22:05:54 - [TEST_STEP][PASSED] - selectOptionByIndex: All options with index in [33] are selected on object 'Object Repository/MOH AND GRN/Page_KDMC - CMS/select_--Select--Adernaline 0.'

2018-06-10 22:05:54 - [MESSAGE][PASSED] - All options with index in [33] are selected on object 'Object Repository/MOH AND GRN/Page_KDMC - CMS/select_--Select--Adernaline 0.'

2018-06-10 22:05:54 - [TEST_STEP][PASSED] - setText: Text '5000' is set on object 'Object Repository/MOH AND GRN/Page_KDMC - CMS/input_txttreat'

2018-06-10 22:05:54 - [MESSAGE][PASSED] - Text '5000' is set on object 'Object Repository/MOH AND GRN/Page_KDMC - CMS/input_txttreat'

2018-06-10 22:05:54 - [TEST_STEP][PASSED] - click: Object: 'Object Repository/MOH AND GRN/Page_KDMC - CMS/button_Add' is clicked on

2018-06-10 22:05:54 - [MESSAGE][PASSED] - Object: 'Object Repository/MOH AND GRN/Page_KDMC - CMS/button_Add' is clicked on

2018-06-10 22:05:54 - [TEST_STEP][PASSED] - selectOptionByIndex: All options with index in [11] are selected on object 'Object Repository/MOH AND GRN/Page_KDMC - CMS/select_--Select--Schedule 1Inj'

2018-06-10 22:05:55 - [MESSAGE][PASSED] - All options with index in [11] are selected on object 'Object Repository/MOH AND GRN/Page_KDMC - CMS/select_--Select--Schedule 1Inj'

2018-06-10 22:05:55 - [TEST_STEP][PASSED] - selectOptionByIndex: All options with index in [34] are selected on object 'Object Repository/MOH AND GRN/Page_KDMC - CMS/select_--Select--Adernaline 0.'

2018-06-10 22:05:55 - [MESSAGE][PASSED] - All options with index in [34] are selected on object 'Object Repository/MOH AND GRN/Page_KDMC - CMS/select_--Select--Adernaline 0.'

2018-06-10 22:05:55 - [TEST_STEP][PASSED] - setText: Text '5000' is set on object 'Object Repository/MOH AND GRN/Page_KDMC - CMS/input_txttreat'

2018-06-10 22:05:55 - [MESSAGE][PASSED] - Text '5000' is set on object 'Object Repository/MOH AND GRN/Page_KDMC - CMS/input_txttreat'

2018-06-10 22:05:55 - [TEST_STEP][PASSED] - click: Object: 'Object Repository/MOH AND GRN/Page_KDMC - CMS/button_Add' is clicked on

2018-06-10 22:05:55 - [MESSAGE][PASSED] - Object: 'Object Repository/MOH AND GRN/Page_KDMC - CMS/button_Add' is clicked on

2018-06-10 22:05:55 - [TEST_STEP][PASSED] - selectOptionByIndex: All options with index in [11] are selected on object 'Object Repository/MOH AND GRN/Page_KDMC - CMS/select_--Select--Schedule 1Inj'

2018-06-10 22:05:56 - [MESSAGE][PASSED] - All options with index in [11] are selected on object 'Object Repository/MOH AND GRN/Page_KDMC - CMS/select_--Select--Schedule 1Inj'

2018-06-10 22:05:56 - [TEST_STEP][PASSED] - selectOptionByIndex: All options with index in [35] are selected on object 'Object Repository/MOH AND GRN/Page_KDMC - CMS/select_--Select--Adernaline 0.'

2018-06-10 22:05:56 - [MESSAGE][PASSED] - All options with index in [35] are selected on object 'Object Repository/MOH AND GRN/Page_KDMC - CMS/select_--Select--Adernaline 0.'

2018-06-10 22:05:56 - [TEST_STEP][PASSED] - setText: Text '5000' is set on object 'Object Repository/MOH AND GRN/Page_KDMC - CMS/input_txttreat'

2018-06-10 22:05:56 - [MESSAGE][PASSED] - Text '5000' is set on object 'Object Repository/MOH AND GRN/Page_KDMC - CMS/input_txttreat'

2018-06-10 22:05:56 - [TEST_STEP][PASSED] - click: Object: 'Object Repository/MOH AND GRN/Page_KDMC - CMS/button_Add' is clicked on

2018-06-10 22:05:56 - [MESSAGE][PASSED] - Object: 'Object Repository/MOH AND GRN/Page_KDMC - CMS/button_Add' is clicked on

2018-06-10 22:05:56 - [TEST_STEP][PASSED] - selectOptionByIndex: All options with index in [11] are selected on object 'Object Repository/MOH AND GRN/Page_KDMC - CMS/select_--Select--Schedule 1Inj'

2018-06-10 22:05:56 - [MESSAGE][PASSED] - All options with index in [11] are selected on object 'Object Repository/MOH AND GRN/Page_KDMC - CMS/select_--Select--Schedule 1Inj'

2018-06-10 22:05:56 - [TEST_STEP][PASSED] - selectOptionByIndex: All options with index in [36] are selected on object 'Object Repository/MOH AND GRN/Page_KDMC - CMS/select_--Select--Adernaline 0.'

2018-06-10 22:05:57 - [MESSAGE][PASSED] - All options with index in [36] are selected on object 'Object Repository/MOH AND GRN/Page_KDMC - CMS/select_--Select--Adernaline 0.'

2018-06-10 22:05:57 - [TEST_STEP][PASSED] - setText: Text '5000' is set on object 'Object Repository/MOH AND GRN/Page_KDMC - CMS/input_txttreat'

2018-06-10 22:05:57 - [MESSAGE][PASSED] - Text '5000' is set on object 'Object Repository/MOH AND GRN/Page_KDMC - CMS/input_txttreat'

2018-06-10 22:05:57 - [TEST_STEP][PASSED] - click: Object: 'Object Repository/MOH AND GRN/Page_KDMC - CMS/button_Add' is clicked on

2018-06-10 22:05:57 - [MESSAGE][PASSED] - Object: 'Object Repository/MOH AND GRN/Page_KDMC - CMS/button_Add' is clicked on

2018-06-10 22:05:57 - [TEST_STEP][PASSED] - selectOptionByIndex: All options with index in [11] are selected on object 'Object Repository/MOH AND GRN/Page_KDMC - CMS/select_--Select--Schedule 1Inj'

2018-06-10 22:05:57 - [MESSAGE][PASSED] - All options with index in [11] are selected on object 'Object Repository/MOH AND GRN/Page_KDMC - CMS/select_--Select--Schedule 1Inj'

2018-06-10 22:05:57 - [TEST_STEP][PASSED] - selectOptionByIndex: All options with index in [37] are selected on object 'Object Repository/MOH AND GRN/Page_KDMC - CMS/select_--Select--Adernaline 0.'

2018-06-10 22:05:58 - [MESSAGE][PASSED] - All options with index in [37] are selected on object 'Object Repository/MOH AND GRN/Page_KDMC - CMS/select_--Select--Adernaline 0.'

2018-06-10 22:05:58 - [TEST_STEP][PASSED] - setText: Text '5000' is set on object 'Object Repository/MOH AND GRN/Page_KDMC - CMS/input_txttreat'

2018-06-10 22:05:58 - [MESSAGE][PASSED] - Text '5000' is set on object 'Object Repository/MOH AND GRN/Page_KDMC - CMS/input_txttreat'

2018-06-10 22:05:58 - [TEST_STEP][PASSED] - click: Object: 'Object Repository/MOH AND GRN/Page_KDMC - CMS/button_Add' is clicked on

2018-06-10 22:05:58 - [MESSAGE][PASSED] - Object: 'Object Repository/MOH AND GRN/Page_KDMC - CMS/button_Add' is clicked on

2018-06-10 22:05:58 - [TEST_STEP][PASSED] - selectOptionByIndex: All options with index in [11] are selected on object 'Object Repository/MOH AND GRN/Page_KDMC - CMS/select_--Select--Schedule 1Inj'

2018-06-10 22:05:58 - [MESSAGE][PASSED] - All options with index in [11] are selected on object 'Object Repository/MOH AND GRN/Page_KDMC - CMS/select_--Select--Schedule 1Inj'

2018-06-10 22:05:58 - [TEST_STEP][PASSED] - selectOptionByIndex: All options with index in [38] are selected on object 'Object Repository/MOH AND GRN/Page_KDMC - CMS/select_--Select--Adernaline 0.'

2018-06-10 22:05:59 - [MESSAGE][PASSED] - All options with index in [38] are selected on object 'Object Repository/MOH AND GRN/Page_KDMC - CMS/select_--Select--Adernaline 0.'

2018-06-10 22:05:59 - [TEST_STEP][PASSED] - setText: Text '5000' is set on object 'Object Repository/MOH AND GRN/Page_KDMC - CMS/input_txttreat'

2018-06-10 22:05:59 - [MESSAGE][PASSED] - Text '5000' is set on object 'Object Repository/MOH AND GRN/Page_KDMC - CMS/input_txttreat'

2018-06-10 22:05:59 - [TEST_STEP][PASSED] - click: Object: 'Object Repository/MOH AND GRN/Page_KDMC - CMS/button_Add' is clicked on

2018-06-10 22:05:59 - [MESSAGE][PASSED] - Object: 'Object Repository/MOH AND GRN/Page_KDMC - CMS/button_Add' is clicked on

2018-06-10 22:05:59 - [TEST_STEP][PASSED] - selectOptionByIndex: All options with index in [11] are selected on object 'Object Repository/MOH AND GRN/Page_KDMC - CMS/select_--Select--Schedule 1Inj'

2018-06-10 22:05:59 - [MESSAGE][PASSED] - All options with index in [11] are selected on object 'Object Repository/MOH AND GRN/Page_KDMC - CMS/select_--Select--Schedule 1Inj'

2018-06-10 22:05:59 - [TEST_STEP][PASSED] - selectOptionByIndex: All options with index in [39] are selected on object 'Object Repository/MOH AND GRN/Page_KDMC - CMS/select_--Select--Adernaline 0.'

2018-06-10 22:06:00 - [MESSAGE][PASSED] - All options with index in [39] are selected on object 'Object Repository/MOH AND GRN/Page_KDMC - CMS/select_--Select--Adernaline 0.'

2018-06-10 22:06:00 - [TEST_STEP][PASSED] - setText: Text '5000' is set on object 'Object Repository/MOH AND GRN/Page_KDMC - CMS/input_txttreat'

2018-06-10 22:06:00 - [MESSAGE][PASSED] - Text '5000' is set on object 'Object Repository/MOH AND GRN/Page_KDMC - CMS/input_txttreat'

2018-06-10 22:06:00 - [TEST_STEP][PASSED] - click: Object: 'Object Repository/MOH AND GRN/Page_KDMC - CMS/button_Add' is clicked on

2018-06-10 22:06:00 - [MESSAGE][PASSED] - Object: 'Object Repository/MOH AND GRN/Page_KDMC - CMS/button_Add' is clicked on

2018-06-10 22:06:00 - [TEST_STEP][PASSED] - selectOptionByIndex: All options with index in [11] are selected on object 'Object Repository/MOH AND GRN/Page_KDMC - CMS/select_--Select--Schedule 1Inj'

2018-06-10 22:06:00 - [MESSAGE][PASSED] - All options with index in [11] are selected on object 'Object Repository/MOH AND GRN/Page_KDMC - CMS/select_--Select--Schedule 1Inj'

2018-06-10 22:06:00 - [TEST_STEP][PASSED] - selectOptionByIndex: All options with index in [40] are selected on object 'Object Repository/MOH AND GRN/Page_KDMC - CMS/select_--Select--Adernaline 0.'

2018-06-10 22:06:00 - [MESSAGE][PASSED] - All options with index in [40] are selected on object 'Object Repository/MOH AND GRN/Page_KDMC - CMS/select_--Select--Adernaline 0.'

2018-06-10 22:06:00 - [TEST_STEP][PASSED] - setText: Text '5000' is set on object 'Object Repository/MOH AND GRN/Page_KDMC - CMS/input_txttreat'

2018-06-10 22:06:00 - [MESSAGE][PASSED] - Text '5000' is set on object 'Object Repository/MOH AND GRN/Page_KDMC - CMS/input_txttreat'

2018-06-10 22:06:01 - [TEST_STEP][PASSED] - click: Object: 'Object Repository/MOH AND GRN/Page_KDMC - CMS/button_Add' is clicked on

2018-06-10 22:06:01 - [MESSAGE][PASSED] - Object: 'Object Repository/MOH AND GRN/Page_KDMC - CMS/button_Add' is clicked on

2018-06-10 22:06:01 - [TEST_STEP][PASSED] - selectOptionByIndex: All options with index in [11] are selected on object 'Object Repository/MOH AND GRN/Page_KDMC - CMS/select_--Select--Schedule 1Inj'

2018-06-10 22:06:01 - [MESSAGE][PASSED] - All options with index in [11] are selected on object 'Object Repository/MOH AND GRN/Page_KDMC - CMS/select_--Select--Schedule 1Inj'

2018-06-10 22:06:01 - [TEST_STEP][PASSED] - selectOptionByIndex: All options with index in [41] are selected on object 'Object Repository/MOH AND GRN/Page_KDMC - CMS/select_--Select--Adernaline 0.'

2018-06-10 22:06:01 - [MESSAGE][PASSED] - All options with index in [41] are selected on object 'Object Repository/MOH AND GRN/Page_KDMC - CMS/select_--Select--Adernaline 0.'

2018-06-10 22:06:01 - [TEST_STEP][PASSED] - setText: Text '5000' is set on object 'Object Repository/MOH AND GRN/Page_KDMC - CMS/input_txttreat'

2018-06-10 22:06:01 - [MESSAGE][PASSED] - Text '5000' is set on object 'Object Repository/MOH AND GRN/Page_KDMC - CMS/input_txttreat'

2018-06-10 22:06:01 - [TEST_STEP][PASSED] - click: Object: 'Object Repository/MOH AND GRN/Page_KDMC - CMS/button_Add' is clicked on

2018-06-10 22:06:02 - [MESSAGE][PASSED] - Object: 'Object Repository/MOH AND GRN/Page_KDMC - CMS/button_Add' is clicked on

2018-06-10 22:06:02 - [TEST_STEP][PASSED] - selectOptionByIndex: All options with index in [11] are selected on object 'Object Repository/MOH AND GRN/Page_KDMC - CMS/select_--Select--Schedule 1Inj'

2018-06-10 22:06:02 - [MESSAGE][PASSED] - All options with index in [11] are selected on object 'Object Repository/MOH AND GRN/Page_KDMC - CMS/select_--Select--Schedule 1Inj'

2018-06-10 22:06:02 - [TEST_STEP][PASSED] - selectOptionByIndex: All options with index in [42] are selected on object 'Object Repository/MOH AND GRN/Page_KDMC - CMS/select_--Select--Adernaline 0.'

2018-06-10 22:06:02 - [MESSAGE][PASSED] - All options with index in [42] are selected on object 'Object Repository/MOH AND GRN/Page_KDMC - CMS/select_--Select--Adernaline 0.'

2018-06-10 22:06:02 - [TEST_STEP][PASSED] - setText: Text '5000' is set on object 'Object Repository/MOH AND GRN/Page_KDMC - CMS/input_txttreat'

2018-06-10 22:06:02 - [MESSAGE][PASSED] - Text '5000' is set on object 'Object Repository/MOH AND GRN/Page_KDMC - CMS/input_txttreat'

2018-06-10 22:06:02 - [TEST_STEP][PASSED] - click: Object: 'Object Repository/MOH AND GRN/Page_KDMC - CMS/button_Add' is clicked on

2018-06-10 22:06:02 - [MESSAGE][PASSED] - Object: 'Object Repository/MOH AND GRN/Page_KDMC - CMS/button_Add' is clicked on

2018-06-10 22:06:02 - [TEST_STEP][PASSED] - selectOptionByIndex: All options with index in [11] are selected on object 'Object Repository/MOH AND GRN/Page_KDMC - CMS/select_--Select--Schedule 1Inj'

2018-06-10 22:06:03 - [MESSAGE][PASSED] - All options with index in [11] are selected on object 'Object Repository/MOH AND GRN/Page_KDMC - CMS/select_--Select--Schedule 1Inj'

2018-06-10 22:06:03 - [TEST_STEP][PASSED] - selectOptionByIndex: All options with index in [43] are selected on object 'Object Repository/MOH AND GRN/Page_KDMC - CMS/select_--Select--Adernaline 0.'

2018-06-10 22:06:03 - [MESSAGE][PASSED] - All options with index in [43] are selected on object 'Object Repository/MOH AND GRN/Page_KDMC - CMS/select_--Select--Adernaline 0.'

2018-06-10 22:06:03 - [TEST_STEP][PASSED] - setText: Text '5000' is set on object 'Object Repository/MOH AND GRN/Page_KDMC - CMS/input_txttreat'

2018-06-10 22:06:03 - [MESSAGE][PASSED] - Text '5000' is set on object 'Object Repository/MOH AND GRN/Page_KDMC - CMS/input_txttreat'

2018-06-10 22:06:03 - [TEST_STEP][PASSED] - click: Object: 'Object Repository/MOH AND GRN/Page_KDMC - CMS/button_Add' is clicked on

2018-06-10 22:06:03 - [MESSAGE][PASSED] - Object: 'Object Repository/MOH AND GRN/Page_KDMC - CMS/button_Add' is clicked on

2018-06-10 22:06:03 - [TEST_STEP][PASSED] - selectOptionByIndex: All options with index in [11] are selected on object 'Object Repository/MOH AND GRN/Page_KDMC - CMS/select_--Select--Schedule 1Inj'

2018-06-10 22:06:04 - [MESSAGE][PASSED] - All options with index in [11] are selected on object 'Object Repository/MOH AND GRN/Page_KDMC - CMS/select_--Select--Schedule 1Inj'

2018-06-10 22:06:04 - [TEST_STEP][PASSED] - selectOptionByIndex: All options with index in [44] are selected on object 'Object Repository/MOH AND GRN/Page_KDMC - CMS/select_--Select--Adernaline 0.'

2018-06-10 22:06:04 - [MESSAGE][PASSED] - All options with index in [44] are selected on object 'Object Repository/MOH AND GRN/Page_KDMC - CMS/select_--Select--Adernaline 0.'

2018-06-10 22:06:04 - [TEST_STEP][PASSED] - setText: Text '5000' is set on object 'Object Repository/MOH AND GRN/Page_KDMC - CMS/input_txttreat'

2018-06-10 22:06:04 - [MESSAGE][PASSED] - Text '5000' is set on object 'Object Repository/MOH AND GRN/Page_KDMC - CMS/input_txttreat'

2018-06-10 22:06:04 - [TEST_STEP][PASSED] - click: Object: 'Object Repository/MOH AND GRN/Page_KDMC - CMS/button_Add' is clicked on

2018-06-10 22:06:04 - [MESSAGE][PASSED] - Object: 'Object Repository/MOH AND GRN/Page_KDMC - CMS/button_Add' is clicked on

2018-06-10 22:06:04 - [TEST_STEP][PASSED] - selectOptionByIndex: All options with index in [11] are selected on object 'Object Repository/MOH AND GRN/Page_KDMC - CMS/select_--Select--Schedule 1Inj'

2018-06-10 22:06:04 - [MESSAGE][PASSED] - All options with index in [11] are selected on object 'Object Repository/MOH AND GRN/Page_KDMC - CMS/select_--Select--Schedule 1Inj'

2018-06-10 22:06:05 - [TEST_STEP][PASSED] - selectOptionByIndex: All options with index in [45] are selected on object 'Object Repository/MOH AND GRN/Page_KDMC - CMS/select_--Select--Adernaline 0.'

2018-06-10 22:06:05 - [MESSAGE][PASSED] - All options with index in [45] are selected on object 'Object Repository/MOH AND GRN/Page_KDMC - CMS/select_--Select--Adernaline 0.'

2018-06-10 22:06:05 - [TEST_STEP][PASSED] - setText: Text '5000' is set on object 'Object Repository/MOH AND GRN/Page_KDMC - CMS/input_txttreat'

2018-06-10 22:06:05 - [MESSAGE][PASSED] - Text '5000' is set on object 'Object Repository/MOH AND GRN/Page_KDMC - CMS/input_txttreat'

2018-06-10 22:06:05 - [TEST_STEP][PASSED] - click: Object: 'Object Repository/MOH AND GRN/Page_KDMC - CMS/button_Add' is clicked on

2018-06-10 22:06:05 - [MESSAGE][PASSED] - Object: 'Object Repository/MOH AND GRN/Page_KDMC - CMS/button_Add' is clicked on

2018-06-10 22:06:05 - [TEST_STEP][PASSED] - selectOptionByIndex: All options with index in [11] are selected on object 'Object Repository/MOH AND GRN/Page_KDMC - CMS/select_--Select--Schedule 1Inj'

2018-06-10 22:06:05 - [MESSAGE][PASSED] - All options with index in [11] are selected on object 'Object Repository/MOH AND GRN/Page_KDMC - CMS/select_--Select--Schedule 1Inj'

2018-06-10 22:06:05 - [TEST_STEP][PASSED] - selectOptionByIndex: All options with index in [46] are selected on object 'Object Repository/MOH AND GRN/Page_KDMC - CMS/select_--Select--Adernaline 0.'

2018-06-10 22:06:06 - [MESSAGE][PASSED] - All options with index in [46] are selected on object 'Object Repository/MOH AND GRN/Page_KDMC - CMS/select_--Select--Adernaline 0.'

2018-06-10 22:06:06 - [TEST_STEP][PASSED] - setText: Text '5000' is set on object 'Object Repository/MOH AND GRN/Page_KDMC - CMS/input_txttreat'

2018-06-10 22:06:06 - [MESSAGE][PASSED] - Text '5000' is set on object 'Object Repository/MOH AND GRN/Page_KDMC - CMS/input_txttreat'

2018-06-10 22:06:06 - [TEST_STEP][PASSED] - click: Object: 'Object Repository/MOH AND GRN/Page_KDMC - CMS/button_Add' is clicked on

2018-06-10 22:06:06 - [MESSAGE][PASSED] - Object: 'Object Repository/MOH AND GRN/Page_KDMC - CMS/button_Add' is clicked on

2018-06-10 22:06:06 - [TEST_STEP][PASSED] - selectOptionByIndex: All options with index in [11] are selected on object 'Object Repository/MOH AND GRN/Page_KDMC - CMS/select_--Select--Schedule 1Inj'

2018-06-10 22:06:06 - [MESSAGE][PASSED] - All options with index in [11] are selected on object 'Object Repository/MOH AND GRN/Page_KDMC - CMS/select_--Select--Schedule 1Inj'

2018-06-10 22:06:06 - [TEST_STEP][PASSED] - selectOptionByIndex: All options with index in [47] are selected on object 'Object Repository/MOH AND GRN/Page_KDMC - CMS/select_--Select--Adernaline 0.'

2018-06-10 22:06:07 - [MESSAGE][PASSED] - All options with index in [47] are selected on object 'Object Repository/MOH AND GRN/Page_KDMC - CMS/select_--Select--Adernaline 0.'

2018-06-10 22:06:07 - [TEST_STEP][PASSED] - setText: Text '5000' is set on object 'Object Repository/MOH AND GRN/Page_KDMC - CMS/input_txttreat'

2018-06-10 22:06:07 - [MESSAGE][PASSED] - Text '5000' is set on object 'Object Repository/MOH AND GRN/Page_KDMC - CMS/input_txttreat'

2018-06-10 22:06:07 - [TEST_STEP][PASSED] - click: Object: 'Object Repository/MOH AND GRN/Page_KDMC - CMS/button_Add' is clicked on

2018-06-10 22:06:07 - [MESSAGE][PASSED] - Object: 'Object Repository/MOH AND GRN/Page_KDMC - CMS/button_Add' is clicked on

2018-06-10 22:06:07 - [TEST_STEP][PASSED] - selectOptionByIndex: All options with index in [11] are selected on object 'Object Repository/MOH AND GRN/Page_KDMC - CMS/select_--Select--Schedule 1Inj'

2018-06-10 22:06:07 - [MESSAGE][PASSED] - All options with index in [11] are selected on object 'Object Repository/MOH AND GRN/Page_KDMC - CMS/select_--Select--Schedule 1Inj'

2018-06-10 22:06:07 - [TEST_STEP][PASSED] - selectOptionByIndex: All options with index in [48] are selected on object 'Object Repository/MOH AND GRN/Page_KDMC - CMS/select_--Select--Adernaline 0.'

2018-06-10 22:06:08 - [MESSAGE][PASSED] - All options with index in [48] are selected on object 'Object Repository/MOH AND GRN/Page_KDMC - CMS/select_--Select--Adernaline 0.'

2018-06-10 22:06:08 - [TEST_STEP][PASSED] - setText: Text '5000' is set on object 'Object Repository/MOH AND GRN/Page_KDMC - CMS/input_txttreat'

2018-06-10 22:06:08 - [MESSAGE][PASSED] - Text '5000' is set on object 'Object Repository/MOH AND GRN/Page_KDMC - CMS/input_txttreat'

2018-06-10 22:06:08 - [TEST_STEP][PASSED] - click: Object: 'Object Repository/MOH AND GRN/Page_KDMC - CMS/button_Add' is clicked on

2018-06-10 22:06:08 - [MESSAGE][PASSED] - Object: 'Object Repository/MOH AND GRN/Page_KDMC - CMS/button_Add' is clicked on

2018-06-10 22:06:08 - [TEST_STEP][PASSED] - selectOptionByIndex: All options with index in [11] are selected on object 'Object Repository/MOH AND GRN/Page_KDMC - CMS/select_--Select--Schedule 1Inj'

2018-06-10 22:06:08 - [MESSAGE][PASSED] - All options with index in [11] are selected on object 'Object Repository/MOH AND GRN/Page_KDMC - CMS/select_--Select--Schedule 1Inj'

2018-06-10 22:06:08 - [TEST_STEP][PASSED] - selectOptionByIndex: All options with index in [49] are selected on object 'Object Repository/MOH AND GRN/Page_KDMC - CMS/select_--Select--Adernaline 0.'

2018-06-10 22:06:09 - [MESSAGE][PASSED] - All options with index in [49] are selected on object 'Object Repository/MOH AND GRN/Page_KDMC - CMS/select_--Select--Adernaline 0.'

2018-06-10 22:06:09 - [TEST_STEP][PASSED] - setText: Text '5000' is set on object 'Object Repository/MOH AND GRN/Page_KDMC - CMS/input_txttreat'

2018-06-10 22:06:09 - [MESSAGE][PASSED] - Text '5000' is set on object 'Object Repository/MOH AND GRN/Page_KDMC - CMS/input_txttreat'

2018-06-10 22:06:09 - [TEST_STEP][PASSED] - click: Object: 'Object Repository/MOH AND GRN/Page_KDMC - CMS/button_Add' is clicked on

2018-06-10 22:06:09 - [MESSAGE][PASSED] - Object: 'Object Repository/MOH AND GRN/Page_KDMC - CMS/button_Add' is clicked on

2018-06-10 22:06:09 - [TEST_STEP][PASSED] - selectOptionByIndex: All options with index in [11] are selected on object 'Object Repository/MOH AND GRN/Page_KDMC - CMS/select_--Select--Schedule 1Inj'

2018-06-10 22:06:09 - [MESSAGE][PASSED] - All options with index in [11] are selected on object 'Object Repository/MOH AND GRN/Page_KDMC - CMS/select_--Select--Schedule 1Inj'

2018-06-10 22:06:09 - [TEST_STEP][PASSED] - selectOptionByIndex: All options with index in [50] are selected on object 'Object Repository/MOH AND GRN/Page_KDMC - CMS/select_--Select--Adernaline 0.'

2018-06-10 22:06:10 - [MESSAGE][PASSED] - All options with index in [50] are selected on object 'Object Repository/MOH AND GRN/Page_KDMC - CMS/select_--Select--Adernaline 0.'

2018-06-10 22:06:10 - [TEST_STEP][PASSED] - setText: Text '5000' is set on object 'Object Repository/MOH AND GRN/Page_KDMC - CMS/input_txttreat'

2018-06-10 22:06:10 - [MESSAGE][PASSED] - Text '5000' is set on object 'Object Repository/MOH AND GRN/Page_KDMC - CMS/input_txttreat'

2018-06-10 22:06:10 - [TEST_STEP][PASSED] - click: Object: 'Object Repository/MOH AND GRN/Page_KDMC - CMS/button_Add' is clicked on

2018-06-10 22:06:10 - [MESSAGE][PASSED] - Object: 'Object Repository/MOH AND GRN/Page_KDMC - CMS/button_Add' is clicked on

2018-06-10 22:06:10 - [TEST_STEP][PASSED] - selectOptionByIndex: All options with index in [11] are selected on object 'Object Repository/MOH AND GRN/Page_KDMC - CMS/select_--Select--Schedule 1Inj'

2018-06-10 22:06:10 - [MESSAGE][PASSED] - All options with index in [11] are selected on object 'Object Repository/MOH AND GRN/Page_KDMC - CMS/select_--Select--Schedule 1Inj'

2018-06-10 22:06:10 - [TEST_STEP][PASSED] - selectOptionByIndex: All options with index in [51] are selected on object 'Object Repository/MOH AND GRN/Page_KDMC - CMS/select_--Select--Adernaline 0.'

2018-06-10 22:06:11 - [MESSAGE][PASSED] - All options with index in [51] are selected on object 'Object Repository/MOH AND GRN/Page_KDMC - CMS/select_--Select--Adernaline 0.'

2018-06-10 22:06:11 - [TEST_STEP][PASSED] - setText: Text '5000' is set on object 'Object Repository/MOH AND GRN/Page_KDMC - CMS/input_txttreat'

2018-06-10 22:06:11 - [MESSAGE][PASSED] - Text '5000' is set on object 'Object Repository/MOH AND GRN/Page_KDMC - CMS/input_txttreat'

2018-06-10 22:06:11 - [TEST_STEP][PASSED] - click: Object: 'Object Repository/MOH AND GRN/Page_KDMC - CMS/button_Add' is clicked on

2018-06-10 22:06:11 - [MESSAGE][PASSED] - Object: 'Object Repository/MOH AND GRN/Page_KDMC - CMS/button_Add' is clicked on

2018-06-10 22:06:11 - [TEST_STEP][PASSED] - selectOptionByIndex: All options with index in [11] are selected on object 'Object Repository/MOH AND GRN/Page_KDMC - CMS/select_--Select--Schedule 1Inj'

2018-06-10 22:06:11 - [MESSAGE][PASSED] - All options with index in [11] are selected on object 'Object Repository/MOH AND GRN/Page_KDMC - CMS/select_--Select--Schedule 1Inj'

2018-06-10 22:06:11 - [TEST_STEP][PASSED] - selectOptionByIndex: All options with index in [52] are selected on object 'Object Repository/MOH AND GRN/Page_KDMC - CMS/select_--Select--Adernaline 0.'

2018-06-10 22:06:12 - [MESSAGE][PASSED] - All options with index in [52] are selected on object 'Object Repository/MOH AND GRN/Page_KDMC - CMS/select_--Select--Adernaline 0.'

2018-06-10 22:06:12 - [TEST_STEP][PASSED] - setText: Text '5000' is set on object 'Object Repository/MOH AND GRN/Page_KDMC - CMS/input_txttreat'

2018-06-10 22:06:12 - [MESSAGE][PASSED] - Text '5000' is set on object 'Object Repository/MOH AND GRN/Page_KDMC - CMS/input_txttreat'

2018-06-10 22:06:12 - [TEST_STEP][PASSED] - click: Object: 'Object Repository/MOH AND GRN/Page_KDMC - CMS/button_Add' is clicked on

2018-06-10 22:06:12 - [MESSAGE][PASSED] - Object: 'Object Repository/MOH AND GRN/Page_KDMC - CMS/button_Add' is clicked on

2018-06-10 22:06:12 - [TEST_STEP][PASSED] - selectOptionByIndex: All options with index in [11] are selected on object 'Object Repository/MOH AND GRN/Page_KDMC - CMS/select_--Select--Schedule 1Inj'

2018-06-10 22:06:13 - [MESSAGE][PASSED] - All options with index in [11] are selected on object 'Object Repository/MOH AND GRN/Page_KDMC - CMS/select_--Select--Schedule 1Inj'

2018-06-10 22:06:13 - [TEST_STEP][PASSED] - selectOptionByIndex: All options with index in [53] are selected on object 'Object Repository/MOH AND GRN/Page_KDMC - CMS/select_--Select--Adernaline 0.'

2018-06-10 22:06:13 - [MESSAGE][PASSED] - All options with index in [53] are selected on object 'Object Repository/MOH AND GRN/Page_KDMC - CMS/select_--Select--Adernaline 0.'

2018-06-10 22:06:13 - [TEST_STEP][PASSED] - setText: Text '5000' is set on object 'Object Repository/MOH AND GRN/Page_KDMC - CMS/input_txttreat'

2018-06-10 22:06:13 - [MESSAGE][PASSED] - Text '5000' is set on object 'Object Repository/MOH AND GRN/Page_KDMC - CMS/input_txttreat'

2018-06-10 22:06:13 - [TEST_STEP][PASSED] - click: Object: 'Object Repository/MOH AND GRN/Page_KDMC - CMS/button_Add' is clicked on

2018-06-10 22:06:13 - [MESSAGE][PASSED] - Object: 'Object Repository/MOH AND GRN/Page_KDMC - CMS/button_Add' is clicked on

2018-06-10 22:06:13 - [TEST_STEP][PASSED] - selectOptionByIndex: All options with index in [11] are selected on object 'Object Repository/MOH AND GRN/Page_KDMC - CMS/select_--Select--Schedule 1Inj'

2018-06-10 22:06:14 - [MESSAGE][PASSED] - All options with index in [11] are selected on object 'Object Repository/MOH AND GRN/Page_KDMC - CMS/select_--Select--Schedule 1Inj'

2018-06-10 22:06:14 - [TEST_STEP][PASSED] - selectOptionByIndex: All options with index in [54] are selected on object 'Object Repository/MOH AND GRN/Page_KDMC - CMS/select_--Select--Adernaline 0.'

2018-06-10 22:06:14 - [MESSAGE][PASSED] - All options with index in [54] are selected on object 'Object Repository/MOH AND GRN/Page_KDMC - CMS/select_--Select--Adernaline 0.'

2018-06-10 22:06:14 - [TEST_STEP][PASSED] - setText: Text '5000' is set on object 'Object Repository/MOH AND GRN/Page_KDMC - CMS/input_txttreat'

2018-06-10 22:06:14 - [MESSAGE][PASSED] - Text '5000' is set on object 'Object Repository/MOH AND GRN/Page_KDMC - CMS/input_txttreat'

2018-06-10 22:06:14 - [TEST_STEP][PASSED] - click: Object: 'Object Repository/MOH AND GRN/Page_KDMC - CMS/button_Add' is clicked on

2018-06-10 22:06:14 - [MESSAGE][PASSED] - Object: 'Object Repository/MOH AND GRN/Page_KDMC - CMS/button_Add' is clicked on

2018-06-10 22:06:14 - [TEST_STEP][PASSED] - selectOptionByIndex: All options with index in [11] are selected on object 'Object Repository/MOH AND GRN/Page_KDMC - CMS/select_--Select--Schedule 1Inj'

2018-06-10 22:06:15 - [MESSAGE][PASSED] - All options with index in [11] are selected on object 'Object Repository/MOH AND GRN/Page_KDMC - CMS/select_--Select--Schedule 1Inj'

2018-06-10 22:06:15 - [TEST_STEP][PASSED] - selectOptionByIndex: All options with index in [55] are selected on object 'Object Repository/MOH AND GRN/Page_KDMC - CMS/select_--Select--Adernaline 0.'

2018-06-10 22:06:15 - [MESSAGE][PASSED] - All options with index in [55] are selected on object 'Object Repository/MOH AND GRN/Page_KDMC - CMS/select_--Select--Adernaline 0.'

2018-06-10 22:06:15 - [TEST_STEP][PASSED] - setText: Text '5000' is set on object 'Object Repository/MOH AND GRN/Page_KDMC - CMS/input_txttreat'

2018-06-10 22:06:15 - [MESSAGE][PASSED] - Text '5000' is set on object 'Object Repository/MOH AND GRN/Page_KDMC - CMS/input_txttreat'

2018-06-10 22:06:15 - [TEST_STEP][PASSED] - click: Object: 'Object Repository/MOH AND GRN/Page_KDMC - CMS/button_Add' is clicked on

2018-06-10 22:06:15 - [MESSAGE][PASSED] - Object: 'Object Repository/MOH AND GRN/Page_KDMC - CMS/button_Add' is clicked on

2018-06-10 22:06:15 - [TEST_STEP][PASSED] - selectOptionByIndex: All options with index in [11] are selected on object 'Object Repository/MOH AND GRN/Page_KDMC - CMS/select_--Select--Schedule 1Inj'

2018-06-10 22:06:16 - [MESSAGE][PASSED] - All options with index in [11] are selected on object 'Object Repository/MOH AND GRN/Page_KDMC - CMS/select_--Select--Schedule 1Inj'

2018-06-10 22:06:16 - [TEST_STEP][PASSED] - selectOptionByIndex: All options with index in [56] are selected on object 'Object Repository/MOH AND GRN/Page_KDMC - CMS/select_--Select--Adernaline 0.'

2018-06-10 22:06:16 - [MESSAGE][PASSED] - All options with index in [56] are selected on object 'Object Repository/MOH AND GRN/Page_KDMC - CMS/select_--Select--Adernaline 0.'

2018-06-10 22:06:16 - [TEST_STEP][PASSED] - setText: Text '5000' is set on object 'Object Repository/MOH AND GRN/Page_KDMC - CMS/input_txttreat'

2018-06-10 22:06:16 - [MESSAGE][PASSED] - Text '5000' is set on object 'Object Repository/MOH AND GRN/Page_KDMC - CMS/input_txttreat'

2018-06-10 22:06:16 - [TEST_STEP][PASSED] - click: Object: 'Object Repository/MOH AND GRN/Page_KDMC - CMS/button_Add' is clicked on

2018-06-10 22:06:17 - [MESSAGE][PASSED] - Object: 'Object Repository/MOH AND GRN/Page_KDMC - CMS/button_Add' is clicked on

2018-06-10 22:06:17 - [TEST_STEP][PASSED] - selectOptionByIndex: All options with index in [11] are selected on object 'Object Repository/MOH AND GRN/Page_KDMC - CMS/select_--Select--Schedule 1Inj'

2018-06-10 22:06:17 - [MESSAGE][PASSED] - All options with index in [11] are selected on object 'Object Repository/MOH AND GRN/Page_KDMC - CMS/select_--Select--Schedule 1Inj'

2018-06-10 22:06:17 - [TEST_STEP][PASSED] - selectOptionByIndex: All options with index in [57] are selected on object 'Object Repository/MOH AND GRN/Page_KDMC - CMS/select_--Select--Adernaline 0.'

2018-06-10 22:06:17 - [MESSAGE][PASSED] - All options with index in [57] are selected on object 'Object Repository/MOH AND GRN/Page_KDMC - CMS/select_--Select--Adernaline 0.'

2018-06-10 22:06:17 - [TEST_STEP][PASSED] - setText: Text '5000' is set on object 'Object Repository/MOH AND GRN/Page_KDMC - CMS/input_txttreat'

2018-06-10 22:06:18 - [MESSAGE][PASSED] - Text '5000' is set on object 'Object Repository/MOH AND GRN/Page_KDMC - CMS/input_txttreat'

2018-06-10 22:06:18 - [TEST_STEP][PASSED] - click: Object: 'Object Repository/MOH AND GRN/Page_KDMC - CMS/button_Add' is clicked on

2018-06-10 22:06:18 - [MESSAGE][PASSED] - Object: 'Object Repository/MOH AND GRN/Page_KDMC - CMS/button_Add' is clicked on

2018-06-10 22:06:18 - [TEST_STEP][PASSED] - selectOptionByIndex: All options with index in [11] are selected on object 'Object Repository/MOH AND GRN/Page_KDMC - CMS/select_--Select--Schedule 1Inj'

2018-06-10 22:06:18 - [MESSAGE][PASSED] - All options with index in [11] are selected on object 'Object Repository/MOH AND GRN/Page_KDMC - CMS/select_--Select--Schedule 1Inj'

2018-06-10 22:06:18 - [TEST_STEP][PASSED] - selectOptionByIndex: All options with index in [58] are selected on object 'Object Repository/MOH AND GRN/Page_KDMC - CMS/select_--Select--Adernaline 0.'

2018-06-10 22:06:19 - [MESSAGE][PASSED] - All options with index in [58] are selected on object 'Object Repository/MOH AND GRN/Page_KDMC - CMS/select_--Select--Adernaline 0.'

2018-06-10 22:06:19 - [TEST_STEP][PASSED] - setText: Text '5000' is set on object 'Object Repository/MOH AND GRN/Page_KDMC - CMS/input_txttreat'

2018-06-10 22:06:19 - [MESSAGE][PASSED] - Text '5000' is set on object 'Object Repository/MOH AND GRN/Page_KDMC - CMS/input_txttreat'

2018-06-10 22:06:19 - [TEST_STEP][PASSED] - click: Object: 'Object Repository/MOH AND GRN/Page_KDMC - CMS/button_Add' is clicked on

2018-06-10 22:06:19 - [MESSAGE][PASSED] - Object: 'Object Repository/MOH AND GRN/Page_KDMC - CMS/button_Add' is clicked on

2018-06-10 22:06:19 - [TEST_STEP][PASSED] - selectOptionByIndex: All options with index in [11] are selected on object 'Object Repository/MOH AND GRN/Page_KDMC - CMS/select_--Select--Schedule 1Inj'

2018-06-10 22:06:19 - [MESSAGE][PASSED] - All options with index in [11] are selected on object 'Object Repository/MOH AND GRN/Page_KDMC - CMS/select_--Select--Schedule 1Inj'

2018-06-10 22:06:19 - [TEST_STEP][PASSED] - selectOptionByIndex: All options with index in [59] are selected on object 'Object Repository/MOH AND GRN/Page_KDMC - CMS/select_--Select--Adernaline 0.'

2018-06-10 22:06:20 - [MESSAGE][PASSED] - All options with index in [59] are selected on object 'Object Repository/MOH AND GRN/Page_KDMC - CMS/select_--Select--Adernaline 0.'

2018-06-10 22:06:20 - [TEST_STEP][PASSED] - setText: Text '5000' is set on object 'Object Repository/MOH AND GRN/Page_KDMC - CMS/input_txttreat'

2018-06-10 22:06:20 - [MESSAGE][PASSED] - Text '5000' is set on object 'Object Repository/MOH AND GRN/Page_KDMC - CMS/input_txttreat'

2018-06-10 22:06:20 - [TEST_STEP][PASSED] - click: Object: 'Object Repository/MOH AND GRN/Page_KDMC - CMS/button_Add' is clicked on

2018-06-10 22:06:20 - [MESSAGE][PASSED] - Object: 'Object Repository/MOH AND GRN/Page_KDMC - CMS/button_Add' is clicked on

2018-06-10 22:06:20 - [TEST_STEP][PASSED] - selectOptionByIndex: All options with index in [11] are selected on object 'Object Repository/MOH AND GRN/Page_KDMC - CMS/select_--Select--Schedule 1Inj'

2018-06-10 22:06:20 - [MESSAGE][PASSED] - All options with index in [11] are selected on object 'Object Repository/MOH AND GRN/Page_KDMC - CMS/select_--Select--Schedule 1Inj'

2018-06-10 22:06:20 - [TEST_STEP][PASSED] - selectOptionByIndex: All options with index in [60] are selected on object 'Object Repository/MOH AND GRN/Page_KDMC - CMS/select_--Select--Adernaline 0.'

2018-06-10 22:06:21 - [MESSAGE][PASSED] - All options with index in [60] are selected on object 'Object Repository/MOH AND GRN/Page_KDMC - CMS/select_--Select--Adernaline 0.'

2018-06-10 22:06:21 - [TEST_STEP][PASSED] - setText: Text '5000' is set on object 'Object Repository/MOH AND GRN/Page_KDMC - CMS/input_txttreat'

2018-06-10 22:06:21 - [MESSAGE][PASSED] - Text '5000' is set on object 'Object Repository/MOH AND GRN/Page_KDMC - CMS/input_txttreat'

2018-06-10 22:06:21 - [TEST_STEP][PASSED] - click: Object: 'Object Repository/MOH AND GRN/Page_KDMC - CMS/button_Add' is clicked on

2018-06-10 22:06:21 - [MESSAGE][PASSED] - Object: 'Object Repository/MOH AND GRN/Page_KDMC - CMS/button_Add' is clicked on

2018-06-10 22:06:21 - [TEST_STEP][PASSED] - selectOptionByIndex: All options with index in [11] are selected on object 'Object Repository/MOH AND GRN/Page_KDMC - CMS/select_--Select--Schedule 1Inj'

2018-06-10 22:06:21 - [MESSAGE][PASSED] - All options with index in [11] are selected on object 'Object Repository/MOH AND GRN/Page_KDMC - CMS/select_--Select--Schedule 1Inj'

2018-06-10 22:06:21 - [TEST_STEP][PASSED] - selectOptionByIndex: All options with index in [61] are selected on object 'Object Repository/MOH AND GRN/Page_KDMC - CMS/select_--Select--Adernaline 0.'

2018-06-10 22:06:22 - [MESSAGE][PASSED] - All options with index in [61] are selected on object 'Object Repository/MOH AND GRN/Page_KDMC - CMS/select_--Select--Adernaline 0.'

2018-06-10 22:06:22 - [TEST_STEP][PASSED] - setText: Text '5000' is set on object 'Object Repository/MOH AND GRN/Page_KDMC - CMS/input_txttreat'

2018-06-10 22:06:22 - [MESSAGE][PASSED] - Text '5000' is set on object 'Object Repository/MOH AND GRN/Page_KDMC - CMS/input_txttreat'

2018-06-10 22:06:22 - [TEST_STEP][PASSED] - click: Object: 'Object Repository/MOH AND GRN/Page_KDMC - CMS/button_Add' is clicked on

2018-06-10 22:06:22 - [MESSAGE][PASSED] - Object: 'Object Repository/MOH AND GRN/Page_KDMC - CMS/button_Add' is clicked on

2018-06-10 22:06:22 - [TEST_STEP][PASSED] - selectOptionByIndex: All options with index in [11] are selected on object 'Object Repository/MOH AND GRN/Page_KDMC - CMS/select_--Select--Schedule 1Inj'

2018-06-10 22:06:22 - [MESSAGE][PASSED] - All options with index in [11] are selected on object 'Object Repository/MOH AND GRN/Page_KDMC - CMS/select_--Select--Schedule 1Inj'

2018-06-10 22:06:22 - [TEST_STEP][PASSED] - selectOptionByIndex: All options with index in [62] are selected on object 'Object Repository/MOH AND GRN/Page_KDMC - CMS/select_--Select--Adernaline 0.'

2018-06-10 22:06:23 - [MESSAGE][PASSED] - All options with index in [62] are selected on object 'Object Repository/MOH AND GRN/Page_KDMC - CMS/select_--Select--Adernaline 0.'

2018-06-10 22:06:23 - [TEST_STEP][PASSED] - setText: Text '5000' is set on object 'Object Repository/MOH AND GRN/Page_KDMC - CMS/input_txttreat'

2018-06-10 22:06:23 - [MESSAGE][PASSED] - Text '5000' is set on object 'Object Repository/MOH AND GRN/Page_KDMC - CMS/input_txttreat'

2018-06-10 22:06:23 - [TEST_STEP][PASSED] - click: Object: 'Object Repository/MOH AND GRN/Page_KDMC - CMS/button_Add' is clicked on

2018-06-10 22:06:23 - [MESSAGE][PASSED] - Object: 'Object Repository/MOH AND GRN/Page_KDMC - CMS/button_Add' is clicked on

2018-06-10 22:06:23 - [TEST_STEP][PASSED] - selectOptionByIndex: All options with index in [11] are selected on object 'Object Repository/MOH AND GRN/Page_KDMC - CMS/select_--Select--Schedule 1Inj'

2018-06-10 22:06:23 - [MESSAGE][PASSED] - All options with index in [11] are selected on object 'Object Repository/MOH AND GRN/Page_KDMC - CMS/select_--Select--Schedule 1Inj'

2018-06-10 22:06:23 - [TEST_STEP][PASSED] - selectOptionByIndex: All options with index in [63] are selected on object 'Object Repository/MOH AND GRN/Page_KDMC - CMS/select_--Select--Adernaline 0.'

2018-06-10 22:06:24 - [MESSAGE][PASSED] - All options with index in [63] are selected on object 'Object Repository/MOH AND GRN/Page_KDMC - CMS/select_--Select--Adernaline 0.'

2018-06-10 22:06:24 - [TEST_STEP][PASSED] - setText: Text '5000' is set on object 'Object Repository/MOH AND GRN/Page_KDMC - CMS/input_txttreat'

2018-06-10 22:06:24 - [MESSAGE][PASSED] - Text '5000' is set on object 'Object Repository/MOH AND GRN/Page_KDMC - CMS/input_txttreat'

2018-06-10 22:06:24 - [TEST_STEP][PASSED] - click: Object: 'Object Repository/MOH AND GRN/Page_KDMC - CMS/button_Add' is clicked on

2018-06-10 22:06:24 - [MESSAGE][PASSED] - Object: 'Object Repository/MOH AND GRN/Page_KDMC - CMS/button_Add' is clicked on

2018-06-10 22:06:24 - [TEST_STEP][PASSED] - selectOptionByIndex: All options with index in [11] are selected on object 'Object Repository/MOH AND GRN/Page_KDMC - CMS/select_--Select--Schedule 1Inj'

2018-06-10 22:06:24 - [MESSAGE][PASSED] - All options with index in [11] are selected on object 'Object Repository/MOH AND GRN/Page_KDMC - CMS/select_--Select--Schedule 1Inj'

2018-06-10 22:06:24 - [TEST_STEP][PASSED] - selectOptionByIndex: All options with index in [64] are selected on object 'Object Repository/MOH AND GRN/Page_KDMC - CMS/select_--Select--Adernaline 0.'

2018-06-10 22:06:25 - [MESSAGE][PASSED] - All options with index in [64] are selected on object 'Object Repository/MOH AND GRN/Page_KDMC - CMS/select_--Select--Adernaline 0.'

2018-06-10 22:06:25 - [TEST_STEP][PASSED] - setText: Text '5000' is set on object 'Object Repository/MOH AND GRN/Page_KDMC - CMS/input_txttreat'

2018-06-10 22:06:25 - [MESSAGE][PASSED] - Text '5000' is set on object 'Object Repository/MOH AND GRN/Page_KDMC - CMS/input_txttreat'

2018-06-10 22:06:25 - [TEST_STEP][PASSED] - click: Object: 'Object Repository/MOH AND GRN/Page_KDMC - CMS/button_Add' is clicked on

2018-06-10 22:06:25 - [MESSAGE][PASSED] - Object: 'Object Repository/MOH AND GRN/Page_KDMC - CMS/button_Add' is clicked on

2018-06-10 22:06:25 - [TEST_STEP][PASSED] - selectOptionByIndex: All options with index in [11] are selected on object 'Object Repository/MOH AND GRN/Page_KDMC - CMS/select_--Select--Schedule 1Inj'

2018-06-10 22:06:26 - [MESSAGE][PASSED] - All options with index in [11] are selected on object 'Object Repository/MOH AND GRN/Page_KDMC - CMS/select_--Select--Schedule 1Inj'

2018-06-10 22:06:26 - [TEST_STEP][PASSED] - selectOptionByIndex: All options with index in [65] are selected on object 'Object Repository/MOH AND GRN/Page_KDMC - CMS/select_--Select--Adernaline 0.'

2018-06-10 22:06:26 - [MESSAGE][PASSED] - All options with index in [65] are selected on object 'Object Repository/MOH AND GRN/Page_KDMC - CMS/select_--Select--Adernaline 0.'

2018-06-10 22:06:26 - [TEST_STEP][PASSED] - setText: Text '5000' is set on object 'Object Repository/MOH AND GRN/Page_KDMC - CMS/input_txttreat'

2018-06-10 22:06:26 - [MESSAGE][PASSED] - Text '5000' is set on object 'Object Repository/MOH AND GRN/Page_KDMC - CMS/input_txttreat'

2018-06-10 22:06:26 - [TEST_STEP][PASSED] - click: Object: 'Object Repository/MOH AND GRN/Page_KDMC - CMS/button_Add' is clicked on

2018-06-10 22:06:27 - [MESSAGE][PASSED] - Object: 'Object Repository/MOH AND GRN/Page_KDMC - CMS/button_Add' is clicked on

2018-06-10 22:06:27 - [TEST_STEP][PASSED] - selectOptionByIndex: All options with index in [11] are selected on object 'Object Repository/MOH AND GRN/Page_KDMC - CMS/select_--Select--Schedule 1Inj'

2018-06-10 22:06:27 - [MESSAGE][PASSED] - All options with index in [11] are selected on object 'Object Repository/MOH AND GRN/Page_KDMC - CMS/select_--Select--Schedule 1Inj'

2018-06-10 22:06:27 - [TEST_STEP][PASSED] - selectOptionByIndex: All options with index in [66] are selected on object 'Object Repository/MOH AND GRN/Page_KDMC - CMS/select_--Select--Adernaline 0.'

2018-06-10 22:06:28 - [MESSAGE][PASSED] - All options with index in [66] are selected on object 'Object Repository/MOH AND GRN/Page_KDMC - CMS/select_--Select--Adernaline 0.'

2018-06-10 22:06:28 - [TEST_STEP][PASSED] - setText: Text '5000' is set on object 'Object Repository/MOH AND GRN/Page_KDMC - CMS/input_txttreat'

2018-06-10 22:06:28 - [MESSAGE][PASSED] - Text '5000' is set on object 'Object Repository/MOH AND GRN/Page_KDMC - CMS/input_txttreat'

2018-06-10 22:06:28 - [TEST_STEP][PASSED] - click: Object: 'Object Repository/MOH AND GRN/Page_KDMC - CMS/button_Add' is clicked on

2018-06-10 22:06:28 - [MESSAGE][PASSED] - Object: 'Object Repository/MOH AND GRN/Page_KDMC - CMS/button_Add' is clicked on

2018-06-10 22:06:28 - [TEST_STEP][PASSED] - selectOptionByIndex: All options with index in [11] are selected on object 'Object Repository/MOH AND GRN/Page_KDMC - CMS/select_--Select--Schedule 1Inj'

2018-06-10 22:06:28 - [MESSAGE][PASSED] - All options with index in [11] are selected on object 'Object Repository/MOH AND GRN/Page_KDMC - CMS/select_--Select--Schedule 1Inj'

2018-06-10 22:06:28 - [TEST_STEP][PASSED] - selectOptionByIndex: All options with index in [67] are selected on object 'Object Repository/MOH AND GRN/Page_KDMC - CMS/select_--Select--Adernaline 0.'

2018-06-10 22:06:29 - [MESSAGE][PASSED] - All options with index in [67] are selected on object 'Object Repository/MOH AND GRN/Page_KDMC - CMS/select_--Select--Adernaline 0.'

2018-06-10 22:06:29 - [TEST_STEP][PASSED] - setText: Text '5000' is set on object 'Object Repository/MOH AND GRN/Page_KDMC - CMS/input_txttreat'

2018-06-10 22:06:29 - [MESSAGE][PASSED] - Text '5000' is set on object 'Object Repository/MOH AND GRN/Page_KDMC - CMS/input_txttreat'

2018-06-10 22:06:29 - [TEST_STEP][PASSED] - click: Object: 'Object Repository/MOH AND GRN/Page_KDMC - CMS/button_Add' is clicked on

2018-06-10 22:06:29 - [MESSAGE][PASSED] - Object: 'Object Repository/MOH AND GRN/Page_KDMC - CMS/button_Add' is clicked on

2018-06-10 22:06:29 - [TEST_STEP][PASSED] - selectOptionByIndex: All options with index in [11] are selected on object 'Object Repository/MOH AND GRN/Page_KDMC - CMS/select_--Select--Schedule 1Inj'

2018-06-10 22:06:29 - [MESSAGE][PASSED] - All options with index in [11] are selected on object 'Object Repository/MOH AND GRN/Page_KDMC - CMS/select_--Select--Schedule 1Inj'

2018-06-10 22:06:29 - [TEST_STEP][PASSED] - selectOptionByIndex: All options with index in [68] are selected on object 'Object Repository/MOH AND GRN/Page_KDMC - CMS/select_--Select--Adernaline 0.'

2018-06-10 22:06:30 - [MESSAGE][PASSED] - All options with index in [68] are selected on object 'Object Repository/MOH AND GRN/Page_KDMC - CMS/select_--Select--Adernaline 0.'

2018-06-10 22:06:30 - [TEST_STEP][PASSED] - setText: Text '5000' is set on object 'Object Repository/MOH AND GRN/Page_KDMC - CMS/input_txttreat'

2018-06-10 22:06:30 - [MESSAGE][PASSED] - Text '5000' is set on object 'Object Repository/MOH AND GRN/Page_KDMC - CMS/input_txttreat'

2018-06-10 22:06:30 - [TEST_STEP][PASSED] - click: Object: 'Object Repository/MOH AND GRN/Page_KDMC - CMS/button_Add' is clicked on

2018-06-10 22:06:30 - [MESSAGE][PASSED] - Object: 'Object Repository/MOH AND GRN/Page_KDMC - CMS/button_Add' is clicked on

2018-06-10 22:06:30 - [TEST_STEP][PASSED] - selectOptionByIndex: All options with index in [11] are selected on object 'Object Repository/MOH AND GRN/Page_KDMC - CMS/select_--Select--Schedule 1Inj'

2018-06-10 22:06:30 - [MESSAGE][PASSED] - All options with index in [11] are selected on object 'Object Repository/MOH AND GRN/Page_KDMC - CMS/select_--Select--Schedule 1Inj'

2018-06-10 22:06:30 - [TEST_STEP][PASSED] - selectOptionByIndex: All options with index in [69] are selected on object 'Object Repository/MOH AND GRN/Page_KDMC - CMS/select_--Select--Adernaline 0.'

2018-06-10 22:06:31 - [MESSAGE][PASSED] - All options with index in [69] are selected on object 'Object Repository/MOH AND GRN/Page_KDMC - CMS/select_--Select--Adernaline 0.'

2018-06-10 22:06:31 - [TEST_STEP][PASSED] - setText: Text '5000' is set on object 'Object Repository/MOH AND GRN/Page_KDMC - CMS/input_txttreat'

2018-06-10 22:06:31 - [MESSAGE][PASSED] - Text '5000' is set on object 'Object Repository/MOH AND GRN/Page_KDMC - CMS/input_txttreat'

2018-06-10 22:06:31 - [TEST_STEP][PASSED] - click: Object: 'Object Repository/MOH AND GRN/Page_KDMC - CMS/button_Add' is clicked on

2018-06-10 22:06:31 - [MESSAGE][PASSED] - Object: 'Object Repository/MOH AND GRN/Page_KDMC - CMS/button_Add' is clicked on

2018-06-10 22:06:31 - [TEST_STEP][PASSED] - selectOptionByIndex: All options with index in [11] are selected on object 'Object Repository/MOH AND GRN/Page_KDMC - CMS/select_--Select--Schedule 1Inj'

2018-06-10 22:06:32 - [MESSAGE][PASSED] - All options with index in [11] are selected on object 'Object Repository/MOH AND GRN/Page_KDMC - CMS/select_--Select--Schedule 1Inj'

2018-06-10 22:06:32 - [TEST_STEP][PASSED] - selectOptionByIndex: All options with index in [70] are selected on object 'Object Repository/MOH AND GRN/Page_KDMC - CMS/select_--Select--Adernaline 0.'

2018-06-10 22:06:32 - [MESSAGE][PASSED] - All options with index in [70] are selected on object 'Object Repository/MOH AND GRN/Page_KDMC - CMS/select_--Select--Adernaline 0.'

2018-06-10 22:06:32 - [TEST_STEP][PASSED] - setText: Text '5000' is set on object 'Object Repository/MOH AND GRN/Page_KDMC - CMS/input_txttreat'

2018-06-10 22:06:32 - [MESSAGE][PASSED] - Text '5000' is set on object 'Object Repository/MOH AND GRN/Page_KDMC - CMS/input_txttreat'

2018-06-10 22:06:32 - [TEST_STEP][PASSED] - click: Object: 'Object Repository/MOH AND GRN/Page_KDMC - CMS/button_Add' is clicked on

2018-06-10 22:06:33 - [MESSAGE][PASSED] - Object: 'Object Repository/MOH AND GRN/Page_KDMC - CMS/button_Add' is clicked on

2018-06-10 22:06:33 - [TEST_STEP][PASSED] - selectOptionByIndex: All options with index in [11] are selected on object 'Object Repository/MOH AND GRN/Page_KDMC - CMS/select_--Select--Schedule 1Inj'

2018-06-10 22:06:33 - [MESSAGE][PASSED] - All options with index in [11] are selected on object 'Object Repository/MOH AND GRN/Page_KDMC - CMS/select_--Select--Schedule 1Inj'

2018-06-10 22:06:33 - [TEST_STEP][PASSED] - selectOptionByIndex: All options with index in [71] are selected on object 'Object Repository/MOH AND GRN/Page_KDMC - CMS/select_--Select--Adernaline 0.'

2018-06-10 22:06:34 - [MESSAGE][PASSED] - All options with index in [71] are selected on object 'Object Repository/MOH AND GRN/Page_KDMC - CMS/select_--Select--Adernaline 0.'

2018-06-10 22:06:34 - [TEST_STEP][PASSED] - setText: Text '5000' is set on object 'Object Repository/MOH AND GRN/Page_KDMC - CMS/input_txttreat'

2018-06-10 22:06:34 - [MESSAGE][PASSED] - Text '5000' is set on object 'Object Repository/MOH AND GRN/Page_KDMC - CMS/input_txttreat'

2018-06-10 22:06:34 - [TEST_STEP][PASSED] - click: Object: 'Object Repository/MOH AND GRN/Page_KDMC - CMS/button_Add' is clicked on

2018-06-10 22:06:34 - [MESSAGE][PASSED] - Object: 'Object Repository/MOH AND GRN/Page_KDMC - CMS/button_Add' is clicked on

2018-06-10 22:06:34 - [TEST_STEP][PASSED] - selectOptionByIndex: All options with index in [11] are selected on object 'Object Repository/MOH AND GRN/Page_KDMC - CMS/select_--Select--Schedule 1Inj'

2018-06-10 22:06:34 - [MESSAGE][PASSED] - All options with index in [11] are selected on object 'Object Repository/MOH AND GRN/Page_KDMC - CMS/select_--Select--Schedule 1Inj'

2018-06-10 22:06:34 - [TEST_STEP][PASSED] - selectOptionByIndex: All options with index in [72] are selected on object 'Object Repository/MOH AND GRN/Page_KDMC - CMS/select_--Select--Adernaline 0.'

2018-06-10 22:06:35 - [MESSAGE][PASSED] - All options with index in [72] are selected on object 'Object Repository/MOH AND GRN/Page_KDMC - CMS/select_--Select--Adernaline 0.'

2018-06-10 22:06:35 - [TEST_STEP][PASSED] - setText: Text '5000' is set on object 'Object Repository/MOH AND GRN/Page_KDMC - CMS/input_txttreat'

2018-06-10 22:06:35 - [MESSAGE][PASSED] - Text '5000' is set on object 'Object Repository/MOH AND GRN/Page_KDMC - CMS/input_txttreat'

2018-06-10 22:06:35 - [TEST_STEP][PASSED] - click: Object: 'Object Repository/MOH AND GRN/Page_KDMC - CMS/button_Add' is clicked on

2018-06-10 22:06:35 - [MESSAGE][PASSED] - Object: 'Object Repository/MOH AND GRN/Page_KDMC - CMS/button_Add' is clicked on

2018-06-10 22:06:35 - [TEST_STEP][PASSED] - selectOptionByIndex: All options with index in [11] are selected on object 'Object Repository/MOH AND GRN/Page_KDMC - CMS/select_--Select--Schedule 1Inj'

2018-06-10 22:06:35 - [MESSAGE][PASSED] - All options with index in [11] are selected on object 'Object Repository/MOH AND GRN/Page_KDMC - CMS/select_--Select--Schedule 1Inj'

2018-06-10 22:06:35 - [TEST_STEP][PASSED] - selectOptionByIndex: All options with index in [73] are selected on object 'Object Repository/MOH AND GRN/Page_KDMC - CMS/select_--Select--Adernaline 0.'

2018-06-10 22:06:36 - [MESSAGE][PASSED] - All options with index in [73] are selected on object 'Object Repository/MOH AND GRN/Page_KDMC - CMS/select_--Select--Adernaline 0.'

2018-06-10 22:06:36 - [TEST_STEP][PASSED] - setText: Text '5000' is set on object 'Object Repository/MOH AND GRN/Page_KDMC - CMS/input_txttreat'

2018-06-10 22:06:36 - [MESSAGE][PASSED] - Text '5000' is set on object 'Object Repository/MOH AND GRN/Page_KDMC - CMS/input_txttreat'

2018-06-10 22:06:36 - [TEST_STEP][PASSED] - click: Object: 'Object Repository/MOH AND GRN/Page_KDMC - CMS/button_Add' is clicked on

2018-06-10 22:06:36 - [MESSAGE][PASSED] - Object: 'Object Repository/MOH AND GRN/Page_KDMC - CMS/button_Add' is clicked on

2018-06-10 22:06:36 - [TEST_STEP][PASSED] - selectOptionByIndex: All options with index in [11] are selected on object 'Object Repository/MOH AND GRN/Page_KDMC - CMS/select_--Select--Schedule 1Inj'

2018-06-10 22:06:36 - [MESSAGE][PASSED] - All options with index in [11] are selected on object 'Object Repository/MOH AND GRN/Page_KDMC - CMS/select_--Select--Schedule 1Inj'

2018-06-10 22:06:36 - [TEST_STEP][PASSED] - selectOptionByIndex: All options with index in [74] are selected on object 'Object Repository/MOH AND GRN/Page_KDMC - CMS/select_--Select--Adernaline 0.'

2018-06-10 22:06:37 - [MESSAGE][PASSED] - All options with index in [74] are selected on object 'Object Repository/MOH AND GRN/Page_KDMC - CMS/select_--Select--Adernaline 0.'

2018-06-10 22:06:37 - [TEST_STEP][PASSED] - setText: Text '5000' is set on object 'Object Repository/MOH AND GRN/Page_KDMC - CMS/input_txttreat'

2018-06-10 22:06:37 - [MESSAGE][PASSED] - Text '5000' is set on object 'Object Repository/MOH AND GRN/Page_KDMC - CMS/input_txttreat'

2018-06-10 22:06:37 - [TEST_STEP][PASSED] - click: Object: 'Object Repository/MOH AND GRN/Page_KDMC - CMS/button_Add' is clicked on

2018-06-10 22:06:38 - [MESSAGE][PASSED] - Object: 'Object Repository/MOH AND GRN/Page_KDMC - CMS/button_Add' is clicked on

2018-06-10 22:06:38 - [TEST_STEP][PASSED] - selectOptionByIndex: All options with index in [11] are selected on object 'Object Repository/MOH AND GRN/Page_KDMC - CMS/select_--Select--Schedule 1Inj'

2018-06-10 22:06:38 - [MESSAGE][PASSED] - All options with index in [11] are selected on object 'Object Repository/MOH AND GRN/Page_KDMC - CMS/select_--Select--Schedule 1Inj'

2018-06-10 22:06:38 - [TEST_STEP][PASSED] - selectOptionByIndex: All options with index in [75] are selected on object 'Object Repository/MOH AND GRN/Page_KDMC - CMS/select_--Select--Adernaline 0.'

2018-06-10 22:06:39 - [MESSAGE][PASSED] - All options with index in [75] are selected on object 'Object Repository/MOH AND GRN/Page_KDMC - CMS/select_--Select--Adernaline 0.'

2018-06-10 22:06:39 - [TEST_STEP][PASSED] - setText: Text '5000' is set on object 'Object Repository/MOH AND GRN/Page_KDMC - CMS/input_txttreat'

2018-06-10 22:06:39 - [MESSAGE][PASSED] - Text '5000' is set on object 'Object Repository/MOH AND GRN/Page_KDMC - CMS/input_txttreat'

2018-06-10 22:06:39 - [TEST_STEP][PASSED] - click: Object: 'Object Repository/MOH AND GRN/Page_KDMC - CMS/button_Add' is clicked on

2018-06-10 22:06:39 - [MESSAGE][PASSED] - Object: 'Object Repository/MOH AND GRN/Page_KDMC - CMS/button_Add' is clicked on

2018-06-10 22:06:39 - [TEST_STEP][PASSED] - selectOptionByIndex: All options with index in [11] are selected on object 'Object Repository/MOH AND GRN/Page_KDMC - CMS/select_--Select--Schedule 1Inj'

2018-06-10 22:06:39 - [MESSAGE][PASSED] - All options with index in [11] are selected on object 'Object Repository/MOH AND GRN/Page_KDMC - CMS/select_--Select--Schedule 1Inj'

2018-06-10 22:06:39 - [TEST_STEP][PASSED] - selectOptionByIndex: All options with index in [76] are selected on object 'Object Repository/MOH AND GRN/Page_KDMC - CMS/select_--Select--Adernaline 0.'

2018-06-10 22:06:40 - [MESSAGE][PASSED] - All options with index in [76] are selected on object 'Object Repository/MOH AND GRN/Page_KDMC - CMS/select_--Select--Adernaline 0.'

2018-06-10 22:06:40 - [TEST_STEP][PASSED] - setText: Text '5000' is set on object 'Object Repository/MOH AND GRN/Page_KDMC - CMS/input_txttreat'

2018-06-10 22:06:40 - [MESSAGE][PASSED] - Text '5000' is set on object 'Object Repository/MOH AND GRN/Page_KDMC - CMS/input_txttreat'

2018-06-10 22:06:40 - [TEST_STEP][PASSED] - click: Object: 'Object Repository/MOH AND GRN/Page_KDMC - CMS/button_Add' is clicked on

2018-06-10 22:06:40 - [MESSAGE][PASSED] - Object: 'Object Repository/MOH AND GRN/Page_KDMC - CMS/button_Add' is clicked on

2018-06-10 22:06:40 - [TEST_STEP][PASSED] - selectOptionByIndex: All options with index in [11] are selected on object 'Object Repository/MOH AND GRN/Page_KDMC - CMS/select_--Select--Schedule 1Inj'

2018-06-10 22:06:40 - [MESSAGE][PASSED] - All options with index in [11] are selected on object 'Object Repository/MOH AND GRN/Page_KDMC - CMS/select_--Select--Schedule 1Inj'

2018-06-10 22:06:40 - [TEST_STEP][PASSED] - selectOptionByIndex: All options with index in [77] are selected on object 'Object Repository/MOH AND GRN/Page_KDMC - CMS/select_--Select--Adernaline 0.'

2018-06-10 22:06:41 - [MESSAGE][PASSED] - All options with index in [77] are selected on object 'Object Repository/MOH AND GRN/Page_KDMC - CMS/select_--Select--Adernaline 0.'

2018-06-10 22:06:41 - [TEST_STEP][PASSED] - setText: Text '5000' is set on object 'Object Repository/MOH AND GRN/Page_KDMC - CMS/input_txttreat'

2018-06-10 22:06:41 - [MESSAGE][PASSED] - Text '5000' is set on object 'Object Repository/MOH AND GRN/Page_KDMC - CMS/input_txttreat'

2018-06-10 22:06:41 - [TEST_STEP][PASSED] - click: Object: 'Object Repository/MOH AND GRN/Page_KDMC - CMS/button_Add' is clicked on

2018-06-10 22:06:41 - [MESSAGE][PASSED] - Object: 'Object Repository/MOH AND GRN/Page_KDMC - CMS/button_Add' is clicked on

2018-06-10 22:06:41 - [TEST_STEP][PASSED] - selectOptionByIndex: All options with index in [11] are selected on object 'Object Repository/MOH AND GRN/Page_KDMC - CMS/select_--Select--Schedule 1Inj'

2018-06-10 22:06:42 - [MESSAGE][PASSED] - All options with index in [11] are selected on object 'Object Repository/MOH AND GRN/Page_KDMC - CMS/select_--Select--Schedule 1Inj'

2018-06-10 22:06:42 - [TEST_STEP][PASSED] - selectOptionByIndex: All options with index in [78] are selected on object 'Object Repository/MOH AND GRN/Page_KDMC - CMS/select_--Select--Adernaline 0.'

2018-06-10 22:06:43 - [MESSAGE][PASSED] - All options with index in [78] are selected on object 'Object Repository/MOH AND GRN/Page_KDMC - CMS/select_--Select--Adernaline 0.'

2018-06-10 22:06:43 - [TEST_STEP][PASSED] - setText: Text '5000' is set on object 'Object Repository/MOH AND GRN/Page_KDMC - CMS/input_txttreat'

2018-06-10 22:06:43 - [MESSAGE][PASSED] - Text '5000' is set on object 'Object Repository/MOH AND GRN/Page_KDMC - CMS/input_txttreat'

2018-06-10 22:06:43 - [TEST_STEP][PASSED] - click: Object: 'Object Repository/MOH AND GRN/Page_KDMC - CMS/button_Add' is clicked on

2018-06-10 22:06:43 - [MESSAGE][PASSED] - Object: 'Object Repository/MOH AND GRN/Page_KDMC - CMS/button_Add' is clicked on

2018-06-10 22:06:43 - [TEST_STEP][PASSED] - selectOptionByIndex: All options with index in [11] are selected on object 'Object Repository/MOH AND GRN/Page_KDMC - CMS/select_--Select--Schedule 1Inj'

2018-06-10 22:06:43 - [MESSAGE][PASSED] - All options with index in [11] are selected on object 'Object Repository/MOH AND GRN/Page_KDMC - CMS/select_--Select--Schedule 1Inj'

2018-06-10 22:06:43 - [TEST_STEP][PASSED] - selectOptionByIndex: All options with index in [79] are selected on object 'Object Repository/MOH AND GRN/Page_KDMC - CMS/select_--Select--Adernaline 0.'

2018-06-10 22:06:44 - [MESSAGE][PASSED] - All options with index in [79] are selected on object 'Object Repository/MOH AND GRN/Page_KDMC - CMS/select_--Select--Adernaline 0.'

2018-06-10 22:06:44 - [TEST_STEP][PASSED] - setText: Text '5000' is set on object 'Object Repository/MOH AND GRN/Page_KDMC - CMS/input_txttreat'

2018-06-10 22:06:44 - [MESSAGE][PASSED] - Text '5000' is set on object 'Object Repository/MOH AND GRN/Page_KDMC - CMS/input_txttreat'

2018-06-10 22:06:44 - [TEST_STEP][PASSED] - click: Object: 'Object Repository/MOH AND GRN/Page_KDMC - CMS/button_Add' is clicked on

2018-06-10 22:06:44 - [MESSAGE][PASSED] - Object: 'Object Repository/MOH AND GRN/Page_KDMC - CMS/button_Add' is clicked on

2018-06-10 22:06:44 - [TEST_STEP][PASSED] - selectOptionByIndex: All options with index in [11] are selected on object 'Object Repository/MOH AND GRN/Page_KDMC - CMS/select_--Select--Schedule 1Inj'

2018-06-10 22:06:44 - [MESSAGE][PASSED] - All options with index in [11] are selected on object 'Object Repository/MOH AND GRN/Page_KDMC - CMS/select_--Select--Schedule 1Inj'

2018-06-10 22:06:44 - [TEST_STEP][PASSED] - selectOptionByIndex: All options with index in [80] are selected on object 'Object Repository/MOH AND GRN/Page_KDMC - CMS/select_--Select--Adernaline 0.'

2018-06-10 22:06:45 - [MESSAGE][PASSED] - All options with index in [80] are selected on object 'Object Repository/MOH AND GRN/Page_KDMC - CMS/select_--Select--Adernaline 0.'

2018-06-10 22:06:45 - [TEST_STEP][PASSED] - setText: Text '5000' is set on object 'Object Repository/MOH AND GRN/Page_KDMC - CMS/input_txttreat'

2018-06-10 22:06:45 - [MESSAGE][PASSED] - Text '5000' is set on object 'Object Repository/MOH AND GRN/Page_KDMC - CMS/input_txttreat'

2018-06-10 22:06:45 - [TEST_STEP][PASSED] - click: Object: 'Object Repository/MOH AND GRN/Page_KDMC - CMS/button_Add' is clicked on

2018-06-10 22:06:45 - [MESSAGE][PASSED] - Object: 'Object Repository/MOH AND GRN/Page_KDMC - CMS/button_Add' is clicked on

2018-06-10 22:06:45 - [TEST_STEP][PASSED] - scrollToElement: Scroll to object 'Object Repository/MOH AND GRN/Page_KDMC - CMS/input_btnsave' successfully

2018-06-10 22:06:45 - [MESSAGE][PASSED] - Scroll to object 'Object Repository/MOH AND GRN/Page_KDMC - CMS/input_btnsave' successfully

2018-06-10 22:06:45 - [TEST_STEP][PASSED] - click: Object: 'Object Repository/MOH AND GRN/Page_KDMC - CMS/input_btnsave' is clicked on

2018-06-10 22:06:45 - [MESSAGE][PASSED] - Object: 'Object Repository/MOH AND GRN/Page_KDMC - CMS/input_btnsave' is clicked on

2018-06-10 22:06:45 - [TEST_STEP][PASSED] - delay: Delayed 3 second(s)

2018-06-10 22:06:48 - [MESSAGE][PASSED] - Delayed 3 second(s)

2018-06-10 22:06:48 - [TEST_STEP][PASSED] - Statement - Request1 = com.kms.katalon.core.webui.keyword.WebUiBuiltInKeywords.getText(com.kms.katalon.core.testobject.ObjectRepository.findTestObject(MOH AND GRN/Page_KDMC - CMS/font_PRNO0505201876)): Text of object 'Object Repository/MOH AND GRN/Page_KDMC - CMS/font_PRNO0505201876' is: 'PRNO/10062018/367'

2018-06-10 22:06:48 - [MESSAGE][PASSED] - Text of object 'Object Repository/MOH AND GRN/Page_KDMC - CMS/font_PRNO0505201876' is: 'PRNO/10062018/367'

2018-06-10 22:06:48 - [TEST_STEP][PASSED] - Statement - out.println("Length OF The Medicine " + Request1): null

2018-06-10 22:06:48 - [TEST_STEP][PASSED] - Statement - RequestNUmber = Request1.split("/")[2].trim(): null

2018-06-10 22:06:48 - [TEST_STEP][PASSED] - Statement - out.println("ID IS " + RequestNUmber): null

2018-06-10 22:06:48 - [TEST_STEP][PASSED] - delay: Delayed 3 second(s)

2018-06-10 22:06:51 - [MESSAGE][PASSED] - Delayed 3 second(s)

2018-06-10 22:06:51 - [TEST_STEP][PASSED] - click: Object: 'Object Repository/MOH AND GRN/Page_KDMC - CMS/button_OK' is clicked on

2018-06-10 22:06:52 - [MESSAGE][PASSED] - Object: 'Object Repository/MOH AND GRN/Page_KDMC - CMS/button_OK' is clicked on

2018-06-10 22:06:52 - [TEST_STEP][PASSED] - click: Object: 'Object Repository/MOH AND GRN/Page_KDMC - CMS/a_dropdown-toggle' is clicked on

2018-06-10 22:06:54 - [MESSAGE][PASSED] - Object: 'Object Repository/MOH AND GRN/Page_KDMC - CMS/a_dropdown-toggle' is clicked on

2018-06-10 22:06:54 - [TEST_STEP][PASSED] - click: Object: 'Object Repository/MOH AND GRN/Page_KDMC - CMS/a_Sign out' is clicked on

2018-06-10 22:06:54 - [MESSAGE][PASSED] - Object: 'Object Repository/MOH AND GRN/Page_KDMC - CMS/a_Sign out' is clicked on

2018-06-10 22:06:54 - [TEST_STEP][PASSED] - delay: Delayed 4 second(s)

2018-06-10 22:06:58 - [MESSAGE][PASSED] - Delayed 4 second(s)

2018-06-10 22:06:58 - [TEST_STEP][PASSED] - click: Object: 'Object Repository/MOH AND GRN/Page_KDMC/a_Admin Master' is clicked on

2018-06-10 22:06:59 - [MESSAGE][PASSED] - Object: 'Object Repository/MOH AND GRN/Page_KDMC/a_Admin Master' is clicked on

2018-06-10 22:06:59 - [TEST_STEP][PASSED] - setText: Text 'admin' is set on object 'Object Repository/MOH AND GRN/Page_Admin login/input_txtusername'

2018-06-10 22:06:59 - [MESSAGE][PASSED] - Text 'admin' is set on object 'Object Repository/MOH AND GRN/Page_Admin login/input_txtusername'

2018-06-10 22:06:59 - [TEST_STEP][PASSED] - setText: Text 'admin123' is set on object 'Object Repository/MOH AND GRN/Page_Admin login/input_txtpassword'

2018-06-10 22:06:59 - [MESSAGE][PASSED] - Text 'admin123' is set on object 'Object Repository/MOH AND GRN/Page_Admin login/input_txtpassword'

2018-06-10 22:06:59 - [TEST_STEP][PASSED] - delay: Delayed 3 second(s)

2018-06-10 22:07:02 - [MESSAGE][PASSED] - Delayed 3 second(s)

2018-06-10 22:07:02 - [TEST_STEP][PASSED] - click: Object: 'Object Repository/MOH AND GRN/Page_Admin login/button_Sign in' is clicked on

2018-06-10 22:07:03 - [MESSAGE][PASSED] - Object: 'Object Repository/MOH AND GRN/Page_Admin login/button_Sign in' is clicked on

2018-06-10 22:07:03 - [TEST_STEP][PASSED] - delay: Delayed 20 second(s)

2018-06-10 22:07:23 - [MESSAGE][PASSED] - Delayed 20 second(s)

2018-06-10 22:07:23 - [TEST_STEP][PASSED] - scrollToPosition: Browser is scrolled to position x = 200, y = 200

2018-06-10 22:07:23 - [MESSAGE][PASSED] - Browser is scrolled to position x = 200, y = 200

2018-06-10 22:07:23 - [TEST_STEP][PASSED] - click: Object: 'Object Repository/MOH AND GRN/Page_KDMC/a_CMS_1' is clicked on

2018-06-10 22:07:23 - [MESSAGE][PASSED] - Object: 'Object Repository/MOH AND GRN/Page_KDMC/a_CMS_1' is clicked on

2018-06-10 22:07:23 - [TEST_STEP][PASSED] - click: Object: 'Object Repository/MOH AND GRN/Page_KDMC/a_Request List' is clicked on

2018-06-10 22:07:25 - [MESSAGE][PASSED] - Object: 'Object Repository/MOH AND GRN/Page_KDMC/a_Request List' is clicked on

2018-06-10 22:07:25 - [TEST_STEP][PASSED] - Statement - RequestNumberId = com.kms.katalon.core.webui.keyword.WebUiBuiltInKeywords.modifyObjectProperty(com.kms.katalon.core.testobject.ObjectRepository.findTestObject(MOH AND GRN/Page_KDMC - CMS/input_PO0032), "xpath", "equals", "//*[@id =" + RequestNUmber + "]", true): Modify property of object successfully

2018-06-10 22:07:25 - [MESSAGE][PASSED] - Modify property of object successfully

2018-06-10 22:07:25 - [TEST_STEP][PASSED] - click: Object: 'Object Repository/MOH AND GRN/Page_KDMC - CMS/input_PO0032' is clicked on

2018-06-10 22:07:25 - [MESSAGE][PASSED] - Object: 'Object Repository/MOH AND GRN/Page_KDMC - CMS/input_PO0032' is clicked on

2018-06-10 22:07:25 - [TEST_STEP][PASSED] - delay: Delayed 3 second(s)

2018-06-10 22:07:28 - [MESSAGE][PASSED] - Delayed 3 second(s)

2018-06-10 22:07:28 - [TEST_STEP][PASSED] - selectOptionByIndex: All options with index in [1] are selected on object 'Object Repository/MOH AND GRN/Page_KDMC/select_--Select--'

2018-06-10 22:07:28 - [MESSAGE][PASSED] - All options with index in [1] are selected on object 'Object Repository/MOH AND GRN/Page_KDMC/select_--Select--'

2018-06-10 22:07:28 - [TEST_STEP][PASSED] - click: Object: 'Object Repository/MOH AND GRN/Page_KDMC/input_btnupdate' is clicked on

2018-06-10 22:07:28 - [MESSAGE][PASSED] - Object: 'Object Repository/MOH AND GRN/Page_KDMC/input_btnupdate' is clicked on

2018-06-10 22:07:28 - [TEST_STEP][PASSED] - delay: Delayed 3 second(s)

2018-06-10 22:07:31 - [MESSAGE][PASSED] - Delayed 3 second(s)

2018-06-10 22:07:31 - [TEST_STEP][PASSED] - click: Object: 'Object Repository/MOH AND GRN/Page_KDMC/button_OK' is clicked on

2018-06-10 22:07:32 - [MESSAGE][PASSED] - Object: 'Object Repository/MOH AND GRN/Page_KDMC/button_OK' is clicked on

2018-06-10 22:07:32 - [TEST_STEP][PASSED] - delay: Delayed 3 second(s)

2018-06-10 22:07:35 - [MESSAGE][PASSED] - Delayed 3 second(s)

2018-06-10 22:07:35 - [TEST_STEP][PASSED] - scrollToPosition: Browser is scrolled to position x = 200, y = 200

2018-06-10 22:07:35 - [MESSAGE][PASSED] - Browser is scrolled to position x = 200, y = 200

2018-06-10 22:07:35 - [TEST_STEP][PASSED] - click: Object: 'Object Repository/MOH AND GRN/Page_KDMC/a_CMS_2' is clicked on

2018-06-10 22:07:35 - [MESSAGE][PASSED] - Object: 'Object Repository/MOH AND GRN/Page_KDMC/a_CMS_2' is clicked on

2018-06-10 22:07:35 - [TEST_STEP][PASSED] - delay: Delayed 2 second(s)

2018-06-10 22:07:37 - [MESSAGE][PASSED] - Delayed 2 second(s)

2018-06-10 22:07:37 - [TEST_STEP][PASSED] - click: Object: 'Object Repository/MOH AND GRN/Page_KDMC/a_Generate P.O' is clicked on

2018-06-10 22:07:38 - [MESSAGE][PASSED] - Object: 'Object Repository/MOH AND GRN/Page_KDMC/a_Generate P.O' is clicked on

2018-06-10 22:07:38 - [TEST_STEP][PASSED] - delay: Delayed 2 second(s)

2018-06-10 22:07:40 - [MESSAGE][PASSED] - Delayed 2 second(s)

2018-06-10 22:07:40 - [TEST_STEP][PASSED] - selectOptionByIndex: All options with index in [1] are selected on object 'Object Repository/MOH AND GRN/Page_KDMC/select_--Select--PRNO040520183'

2018-06-10 22:07:40 - [MESSAGE][PASSED] - All options with index in [1] are selected on object 'Object Repository/MOH AND GRN/Page_KDMC/select_--Select--PRNO040520183'

2018-06-10 22:07:40 - [TEST_STEP][PASSED] - selectOptionByIndex: All options with index in [2] are selected on object 'Object Repository/MOH AND GRN/Page_KDMC/select_--Select--Hamen Chandra'

2018-06-10 22:07:40 - [MESSAGE][PASSED] - All options with index in [2] are selected on object 'Object Repository/MOH AND GRN/Page_KDMC/select_--Select--Hamen Chandra'

2018-06-10 22:07:40 - [TEST_STEP][PASSED] - Statement - PONumber = com.kms.katalon.core.webui.keyword.WebUiBuiltInKeywords.getText(com.kms.katalon.core.testobject.ObjectRepository.findTestObject(MOH AND GRN/Page_KDMC/input_lblpono)).trim(): Text of object 'Object Repository/MOH AND GRN/Page_KDMC/input_lblpono' is: ''

2018-06-10 22:07:40 - [MESSAGE][PASSED] - Text of object 'Object Repository/MOH AND GRN/Page_KDMC/input_lblpono' is: ''

2018-06-10 22:07:40 - [TEST_STEP][PASSED] - Statement - PONumber1 = com.kms.katalon.core.webui.keyword.WebUiBuiltInKeywords.getAttribute(com.kms.katalon.core.testobject.ObjectRepository.findTestObject(MOH AND GRN/Page_KDMC/input_lblpono), "value").trim(): Attribute 'value' of object 'Object Repository/MOH AND GRN/Page_KDMC/input_lblpono' is: 'PO00218'

2018-06-10 22:07:40 - [MESSAGE][PASSED] - Attribute 'value' of object 'Object Repository/MOH AND GRN/Page_KDMC/input_lblpono' is: 'PO00218'

2018-06-10 22:07:40 - [TEST_STEP][PASSED] - Statement - out.println("PO NUMBER :" + PONumber): null

2018-06-10 22:07:40 - [TEST_STEP][PASSED] - Statement - out.println("PO NUMBER :" + PONumber1): null

2018-06-10 22:07:40 - [TEST_STEP][PASSED] - click: Object: 'Object Repository/MOH AND GRN/Page_KDMC/input_chkrem' is clicked on

2018-06-10 22:07:40 - [MESSAGE][PASSED] - Object: 'Object Repository/MOH AND GRN/Page_KDMC/input_chkrem' is clicked on

2018-06-10 22:07:40 - [TEST_STEP][PASSED] - scrollToElement: Scroll to object 'Object Repository/MOH AND GRN/Page_KDMC/input_btnreturn' successfully

2018-06-10 22:07:40 - [MESSAGE][PASSED] - Scroll to object 'Object Repository/MOH AND GRN/Page_KDMC/input_btnreturn' successfully

2018-06-10 22:07:40 - [TEST_STEP][PASSED] - click: Object: 'Object Repository/MOH AND GRN/Page_KDMC/input_btnreturn' is clicked on

2018-06-10 22:07:41 - [MESSAGE][PASSED] - Object: 'Object Repository/MOH AND GRN/Page_KDMC/input_btnreturn' is clicked on

2018-06-10 22:07:41 - [TEST_STEP][PASSED] - delay: Delayed 3 second(s)

2018-06-10 22:07:44 - [MESSAGE][PASSED] - Delayed 3 second(s)

2018-06-10 22:07:44 - [TEST_STEP][PASSED] - click: Object: 'Object Repository/MOH AND GRN/Page_KDMC/button_Yes' is clicked on

2018-06-10 22:07:44 - [MESSAGE][PASSED] - Object: 'Object Repository/MOH AND GRN/Page_KDMC/button_Yes' is clicked on

2018-06-10 22:07:44 - [TEST_STEP][PASSED] - delay: Delayed 3 second(s)

2018-06-10 22:07:47 - [MESSAGE][PASSED] - Delayed 3 second(s)

2018-06-10 22:07:47 - [TEST_STEP][PASSED] - click: Object: 'Object Repository/MOH AND GRN/Page_KDMC/button_OK' is clicked on

2018-06-10 22:07:47 - [MESSAGE][PASSED] - Object: 'Object Repository/MOH AND GRN/Page_KDMC/button_OK' is clicked on

2018-06-10 22:07:47 - [TEST_STEP][PASSED] - delay: Delayed 3 second(s)

2018-06-10 22:07:50 - [MESSAGE][PASSED] - Delayed 3 second(s)

2018-06-10 22:07:50 - [TEST_STEP][PASSED] - click: Object: 'Object Repository/MOH AND GRN/Page_KDMC/a_dropdown-toggle' is clicked on

2018-06-10 22:07:50 - [MESSAGE][PASSED] - Object: 'Object Repository/MOH AND GRN/Page_KDMC/a_dropdown-toggle' is clicked on

2018-06-10 22:07:50 - [TEST_STEP][PASSED] - click: Object: 'Object Repository/MOH AND GRN/Page_KDMC/a_Sign out' is clicked on

2018-06-10 22:07:51 - [MESSAGE][PASSED] - Object: 'Object Repository/MOH AND GRN/Page_KDMC/a_Sign out' is clicked on

2018-06-10 22:07:51 - [TEST_STEP][PASSED] - delay: Delayed 4 second(s)

2018-06-10 22:07:55 - [MESSAGE][PASSED] - Delayed 4 second(s)

2018-06-10 22:07:55 - [TEST_STEP][PASSED] - click: Object: 'Object Repository/MOH AND GRN/Page_KDMC/a_CMS' is clicked on

2018-06-10 22:07:55 - [MESSAGE][PASSED] - Object: 'Object Repository/MOH AND GRN/Page_KDMC/a_CMS' is clicked on

2018-06-10 22:07:55 - [TEST_STEP][PASSED] - setText: Text 'bala' is set on object 'Object Repository/MOH AND GRN/Page_CMS login/input_txtusername'

2018-06-10 22:07:55 - [MESSAGE][PASSED] - Text 'bala' is set on object 'Object Repository/MOH AND GRN/Page_CMS login/input_txtusername'

2018-06-10 22:07:55 - [TEST_STEP][PASSED] - setText: Text '123' is set on object 'Object Repository/MOH AND GRN/Page_CMS login/input_txtpassword'

2018-06-10 22:07:56 - [MESSAGE][PASSED] - Text '123' is set on object 'Object Repository/MOH AND GRN/Page_CMS login/input_txtpassword'

2018-06-10 22:07:56 - [TEST_STEP][PASSED] - delay: Delayed 3 second(s)

2018-06-10 22:07:59 - [MESSAGE][PASSED] - Delayed 3 second(s)

2018-06-10 22:07:59 - [TEST_STEP][PASSED] - click: Object: 'Object Repository/MOH AND GRN/Page_CMS login/button_Sign in' is clicked on

2018-06-10 22:07:59 - [MESSAGE][PASSED] - Object: 'Object Repository/MOH AND GRN/Page_CMS login/button_Sign in' is clicked on

2018-06-10 22:07:59 - [TEST_STEP][PASSED] - click: Object: 'Object Repository/MOH AND GRN/Page_KDMC - CMS/a_CMS Details' is clicked on

2018-06-10 22:07:59 - [MESSAGE][PASSED] - Object: 'Object Repository/MOH AND GRN/Page_KDMC - CMS/a_CMS Details' is clicked on

2018-06-10 22:07:59 - [TEST_STEP][PASSED] - delay: Delayed 2 second(s)

2018-06-10 22:08:01 - [MESSAGE][PASSED] - Delayed 2 second(s)

2018-06-10 22:08:01 - [TEST_STEP][PASSED] - click: Object: 'Object Repository/MOH AND GRN/Page_KDMC - CMS/a_Goods Receive' is clicked on

2018-06-10 22:08:02 - [MESSAGE][PASSED] - Object: 'Object Repository/MOH AND GRN/Page_KDMC - CMS/a_Goods Receive' is clicked on

2018-06-10 22:08:02 - [TEST_STEP][PASSED] - delay: Delayed 2 second(s)

2018-06-10 22:08:04 - [MESSAGE][PASSED] - Delayed 2 second(s)

2018-06-10 22:08:04 - [TEST_STEP][PASSED] - selectOptionByLabel: All options with label 'PO00218' are selected in object 'Object Repository/MOH AND GRN/Page_KDMC - CMS/select_--Select--PO0032PO0031P' 

2018-06-10 22:08:04 - [MESSAGE][PASSED] - All options with label 'PO00218' are selected in object 'Object Repository/MOH AND GRN/Page_KDMC - CMS/select_--Select--PO0032PO0031P' 

2018-06-10 22:08:04 - [TEST_STEP][PASSED] - setText: Finding Test Object with id 'Object Repository/MOH AND GRN/Page_KDMC - CMS/input_txtgrnno'

2018-06-10 22:08:04 - [TEST_STEP][PASSED] - Statement - switch (id): Text 'INV230.0' is set on object 'Object Repository/MOH AND GRN/Page_KDMC - CMS/input_txtgrnno'

2018-06-10 22:08:04 - [TEST_STEP][PASSED] - Statement - case 2:: Text 'INV230.0' is set on object 'Object Repository/MOH AND GRN/Page_KDMC - CMS/input_txtgrnno'

2018-06-10 22:08:04 - [TEST_STEP][PASSED] - Statement - return (java.lang.Math.floor((java.lang.Math.random() * ((max - min) + 1))) + min): Text 'INV230.0' is set on object 'Object Repository/MOH AND GRN/Page_KDMC - CMS/input_txtgrnno'

2018-06-10 22:08:04 - [MESSAGE][PASSED] - Text 'INV230.0' is set on object 'Object Repository/MOH AND GRN/Page_KDMC - CMS/input_txtgrnno'

2018-06-10 22:08:04 - [TEST_STEP][PASSED] - selectOptionByIndex: All options with index in [1] are selected on object 'Object Repository/MOH AND GRN/Page_KDMC - CMS/select_--Select--PERUMAL PHARM'

2018-06-10 22:08:04 - [MESSAGE][PASSED] - All options with index in [1] are selected on object 'Object Repository/MOH AND GRN/Page_KDMC - CMS/select_--Select--PERUMAL PHARM'

2018-06-10 22:08:04 - [TEST_STEP][PASSED] - setText: Text '16500' is set on object 'Object Repository/MOH AND GRN/Page_KDMC - CMS/input_txtgrnno_1'

2018-06-10 22:08:04 - [MESSAGE][PASSED] - Text '16500' is set on object 'Object Repository/MOH AND GRN/Page_KDMC - CMS/input_txtgrnno_1'

2018-06-10 22:08:04 - [TEST_STEP][PASSED] - setText: Text '250' is set on object 'Object Repository/MOH AND GRN/Page_KDMC - CMS/input_txtgrnno_2'

2018-06-10 22:08:05 - [MESSAGE][PASSED] - Text '250' is set on object 'Object Repository/MOH AND GRN/Page_KDMC - CMS/input_txtgrnno_2'

2018-06-10 22:08:05 - [TEST_STEP][PASSED] - setText: Finding Test Object with id 'Object Repository/MOH AND GRN/Page_KDMC - CMS/input_txtgrnno_3'

2018-06-10 22:08:05 - [TEST_STEP][PASSED] - Statement - switch (id): Text 'CH859.0' is set on object 'Object Repository/MOH AND GRN/Page_KDMC - CMS/input_txtgrnno_3'

2018-06-10 22:08:05 - [TEST_STEP][PASSED] - Statement - case 3:: Text 'CH859.0' is set on object 'Object Repository/MOH AND GRN/Page_KDMC - CMS/input_txtgrnno_3'

2018-06-10 22:08:05 - [TEST_STEP][PASSED] - Statement - return (java.lang.Math.floor((java.lang.Math.random() * ((max - min) + 1))) + min): Text 'CH859.0' is set on object 'Object Repository/MOH AND GRN/Page_KDMC - CMS/input_txtgrnno_3'

2018-06-10 22:08:05 - [MESSAGE][PASSED] - Text 'CH859.0' is set on object 'Object Repository/MOH AND GRN/Page_KDMC - CMS/input_txtgrnno_3'

2018-06-10 22:08:05 - [TEST_STEP][PASSED] - scrollToPosition: Browser is scrolled to position x = 200, y = 200

2018-06-10 22:08:05 - [MESSAGE][PASSED] - Browser is scrolled to position x = 200, y = 200

2018-06-10 22:08:05 - [TEST_STEP][PASSED] - Statement - GrnLength = com.kms.katalon.core.webui.keyword.WebUiBuiltInKeywords.getNumberOfTotalOption(com.kms.katalon.core.testobject.ObjectRepository.findTestObject(MOH AND GRN/Page_KDMC - CMS/select_--Select--Amikacin -500)): 81 options of object 'Object Repository/MOH AND GRN/Page_KDMC - CMS/select_--Select--Amikacin -500' counted

2018-06-10 22:08:05 - [MESSAGE][PASSED] - 81 options of object 'Object Repository/MOH AND GRN/Page_KDMC - CMS/select_--Select--Amikacin -500' counted

2018-06-10 22:08:05 - [TEST_STEP][PASSED] - Statement - out.println("Length OF The Medicine " + GrnLength): null

2018-06-10 22:08:05 - [TEST_STEP][PASSED] - Statement - s = 1: null

2018-06-10 22:08:05 - [TEST_STEP][PASSED] - Statement - For ([t = 1, t < GrnLength, (t++)]): Finding Test Object with id 'Object Repository/MOH AND GRN/Page_KDMC - CMS/input_txtmrp'

2018-06-10 22:08:05 - [TEST_STEP][PASSED] - selectOptionByIndex: All options with index in [1] are selected on object 'Object Repository/MOH AND GRN/Page_KDMC - CMS/select_--Select--Amikacin -500'

2018-06-10 22:08:05 - [MESSAGE][PASSED] - All options with index in [1] are selected on object 'Object Repository/MOH AND GRN/Page_KDMC - CMS/select_--Select--Amikacin -500'

2018-06-10 22:08:05 - [TEST_STEP][PASSED] - setText: Text '5000' is set on object 'Object Repository/MOH AND GRN/Page_KDMC - CMS/input_txtqty'

2018-06-10 22:08:05 - [MESSAGE][PASSED] - Text '5000' is set on object 'Object Repository/MOH AND GRN/Page_KDMC - CMS/input_txtqty'

2018-06-10 22:08:05 - [TEST_STEP][PASSED] - selectOptionByIndex: All options with index in [1] are selected on object 'Object Repository/MOH AND GRN/Page_KDMC - CMS/select_--Select--No Tax0'

2018-06-10 22:08:05 - [MESSAGE][PASSED] - All options with index in [1] are selected on object 'Object Repository/MOH AND GRN/Page_KDMC - CMS/select_--Select--No Tax0'

2018-06-10 22:08:05 - [TEST_STEP][PASSED] - setText: Finding Test Object with id 'Object Repository/MOH AND GRN/Page_KDMC - CMS/input_txtmrp'

2018-06-10 22:08:05 - [TEST_STEP][PASSED] - Statement - switch (id): Finding Test Object with id 'Object Repository/MOH AND GRN/Page_KDMC - CMS/input_txtdeal'

2018-06-10 22:08:05 - [TEST_STEP][PASSED] - Statement - case 4:: Text '45.0' is set on object 'Object Repository/MOH AND GRN/Page_KDMC - CMS/input_txtmrp'

2018-06-10 22:08:05 - [TEST_STEP][PASSED] - Statement - return (java.lang.Math.floor((java.lang.Math.random() * ((max - min) + 1))) + min): Text '45.0' is set on object 'Object Repository/MOH AND GRN/Page_KDMC - CMS/input_txtmrp'

2018-06-10 22:08:05 - [MESSAGE][PASSED] - Text '45.0' is set on object 'Object Repository/MOH AND GRN/Page_KDMC - CMS/input_txtmrp'

2018-06-10 22:08:05 - [TEST_STEP][PASSED] - setText: Finding Test Object with id 'Object Repository/MOH AND GRN/Page_KDMC - CMS/input_txtdeal'

2018-06-10 22:08:05 - [TEST_STEP][PASSED] - Statement - switch (id): Finding Test Object with id 'Object Repository/MOH AND GRN/Page_KDMC - CMS/input_txtbatchno'

2018-06-10 22:08:05 - [TEST_STEP][PASSED] - Statement - case 5:: Text '7.0' is set on object 'Object Repository/MOH AND GRN/Page_KDMC - CMS/input_txtdeal'

2018-06-10 22:08:05 - [TEST_STEP][PASSED] - Statement - return (java.lang.Math.floor((java.lang.Math.random() * ((max - min) + 1))) + min): Text '7.0' is set on object 'Object Repository/MOH AND GRN/Page_KDMC - CMS/input_txtdeal'

2018-06-10 22:08:06 - [MESSAGE][PASSED] - Text '7.0' is set on object 'Object Repository/MOH AND GRN/Page_KDMC - CMS/input_txtdeal'

2018-06-10 22:08:06 - [TEST_STEP][PASSED] - setText: Finding Test Object with id 'Object Repository/MOH AND GRN/Page_KDMC - CMS/input_txtbatchno'

2018-06-10 22:08:06 - [TEST_STEP][PASSED] - Statement - switch (id): Finding Test Object with id 'Object Repository/MOH AND GRN/Page_KDMC - CMS/input_txtmrp'

2018-06-10 22:08:06 - [TEST_STEP][PASSED] - Statement - case 1:: Text 'BA97.0' is set on object 'Object Repository/MOH AND GRN/Page_KDMC - CMS/input_txtbatchno'

2018-06-10 22:08:06 - [TEST_STEP][PASSED] - Statement - return (java.lang.Math.floor((java.lang.Math.random() * ((max - min) + 1))) + min): Text 'BA97.0' is set on object 'Object Repository/MOH AND GRN/Page_KDMC - CMS/input_txtbatchno'

2018-06-10 22:08:06 - [MESSAGE][PASSED] - Text 'BA97.0' is set on object 'Object Repository/MOH AND GRN/Page_KDMC - CMS/input_txtbatchno'

2018-06-10 22:08:06 - [TEST_STEP][PASSED] - rightClick: Object: 'Object Repository/GRN/Page_KDMC - CMS/input_txtexpdate' is right clicked on

2018-06-10 22:08:06 - [MESSAGE][PASSED] - Object: 'Object Repository/GRN/Page_KDMC - CMS/input_txtexpdate' is right clicked on

2018-06-10 22:08:06 - [TEST_STEP][PASSED] - selectOptionByIndex: All options with index in [1] are selected on object 'Object Repository/GRN/Page_KDMC - CMS/select_20182019202020212022202'

2018-06-10 22:08:06 - [MESSAGE][PASSED] - All options with index in [1] are selected on object 'Object Repository/GRN/Page_KDMC - CMS/select_20182019202020212022202'

2018-06-10 22:08:06 - [TEST_STEP][PASSED] - selectOptionByIndex: All options with index in [1] are selected on object 'Object Repository/GRN/Page_KDMC - CMS/select_JanFebMarAprMayJunJulAu'

2018-06-10 22:08:06 - [MESSAGE][PASSED] - All options with index in [1] are selected on object 'Object Repository/GRN/Page_KDMC - CMS/select_JanFebMarAprMayJunJulAu'

2018-06-10 22:08:06 - [TEST_STEP][PASSED] - click: Object: 'Object Repository/MOH AND GRN/Page_KDMC - CMS/a_12' is clicked on

2018-06-10 22:08:06 - [MESSAGE][PASSED] - Object: 'Object Repository/MOH AND GRN/Page_KDMC - CMS/a_12' is clicked on

2018-06-10 22:08:06 - [TEST_STEP][PASSED] - click: Object: 'Object Repository/MOH AND GRN/Page_KDMC - CMS/input_btnadd' is clicked on

2018-06-10 22:08:06 - [MESSAGE][PASSED] - Object: 'Object Repository/MOH AND GRN/Page_KDMC - CMS/input_btnadd' is clicked on

2018-06-10 22:08:06 - [TEST_STEP][PASSED] - Statement - If (s == 10): null

2018-06-10 22:08:06 - [TEST_STEP][PASSED] - Statement - Else: null

2018-06-10 22:08:06 - [TEST_STEP][PASSED] - Statement - (s++): null

2018-06-10 22:08:06 - [TEST_STEP][PASSED] - delay: Delayed 1 second(s)

2018-06-10 22:08:07 - [MESSAGE][PASSED] - Delayed 1 second(s)

2018-06-10 22:08:07 - [TEST_STEP][PASSED] - selectOptionByIndex: All options with index in [2] are selected on object 'Object Repository/MOH AND GRN/Page_KDMC - CMS/select_--Select--Amikacin -500'

2018-06-10 22:08:07 - [MESSAGE][PASSED] - All options with index in [2] are selected on object 'Object Repository/MOH AND GRN/Page_KDMC - CMS/select_--Select--Amikacin -500'

2018-06-10 22:08:07 - [TEST_STEP][PASSED] - setText: Text '5000' is set on object 'Object Repository/MOH AND GRN/Page_KDMC - CMS/input_txtqty'

2018-06-10 22:08:08 - [MESSAGE][PASSED] - Text '5000' is set on object 'Object Repository/MOH AND GRN/Page_KDMC - CMS/input_txtqty'

2018-06-10 22:08:08 - [TEST_STEP][PASSED] - selectOptionByIndex: All options with index in [1] are selected on object 'Object Repository/MOH AND GRN/Page_KDMC - CMS/select_--Select--No Tax0'

2018-06-10 22:08:08 - [MESSAGE][PASSED] - All options with index in [1] are selected on object 'Object Repository/MOH AND GRN/Page_KDMC - CMS/select_--Select--No Tax0'

2018-06-10 22:08:08 - [TEST_STEP][PASSED] - setText: Finding Test Object with id 'Object Repository/MOH AND GRN/Page_KDMC - CMS/input_txtmrp'

2018-06-10 22:08:08 - [TEST_STEP][PASSED] - Statement - switch (id): Finding Test Object with id 'Object Repository/MOH AND GRN/Page_KDMC - CMS/input_txtdeal'

2018-06-10 22:08:08 - [TEST_STEP][PASSED] - Statement - case 4:: Text '40.0' is set on object 'Object Repository/MOH AND GRN/Page_KDMC - CMS/input_txtmrp'

2018-06-10 22:08:08 - [TEST_STEP][PASSED] - Statement - return (java.lang.Math.floor((java.lang.Math.random() * ((max - min) + 1))) + min): Text '40.0' is set on object 'Object Repository/MOH AND GRN/Page_KDMC - CMS/input_txtmrp'

2018-06-10 22:08:08 - [MESSAGE][PASSED] - Text '40.0' is set on object 'Object Repository/MOH AND GRN/Page_KDMC - CMS/input_txtmrp'

2018-06-10 22:08:08 - [TEST_STEP][PASSED] - setText: Finding Test Object with id 'Object Repository/MOH AND GRN/Page_KDMC - CMS/input_txtdeal'

2018-06-10 22:08:08 - [TEST_STEP][PASSED] - Statement - switch (id): Finding Test Object with id 'Object Repository/MOH AND GRN/Page_KDMC - CMS/input_txtbatchno'

2018-06-10 22:08:08 - [TEST_STEP][PASSED] - Statement - case 5:: Text '4.0' is set on object 'Object Repository/MOH AND GRN/Page_KDMC - CMS/input_txtdeal'

2018-06-10 22:08:08 - [TEST_STEP][PASSED] - Statement - return (java.lang.Math.floor((java.lang.Math.random() * ((max - min) + 1))) + min): Text '4.0' is set on object 'Object Repository/MOH AND GRN/Page_KDMC - CMS/input_txtdeal'

2018-06-10 22:08:08 - [MESSAGE][PASSED] - Text '4.0' is set on object 'Object Repository/MOH AND GRN/Page_KDMC - CMS/input_txtdeal'

2018-06-10 22:08:08 - [TEST_STEP][PASSED] - setText: Finding Test Object with id 'Object Repository/MOH AND GRN/Page_KDMC - CMS/input_txtbatchno'

2018-06-10 22:08:08 - [TEST_STEP][PASSED] - Statement - switch (id): Finding Test Object with id 'Object Repository/MOH AND GRN/Page_KDMC - CMS/input_txtmrp'

2018-06-10 22:08:08 - [TEST_STEP][PASSED] - Statement - case 1:: Text 'BA651.0' is set on object 'Object Repository/MOH AND GRN/Page_KDMC - CMS/input_txtbatchno'

2018-06-10 22:08:08 - [TEST_STEP][PASSED] - Statement - return (java.lang.Math.floor((java.lang.Math.random() * ((max - min) + 1))) + min): Text 'BA651.0' is set on object 'Object Repository/MOH AND GRN/Page_KDMC - CMS/input_txtbatchno'

2018-06-10 22:08:08 - [MESSAGE][PASSED] - Text 'BA651.0' is set on object 'Object Repository/MOH AND GRN/Page_KDMC - CMS/input_txtbatchno'

2018-06-10 22:08:08 - [TEST_STEP][PASSED] - rightClick: Object: 'Object Repository/GRN/Page_KDMC - CMS/input_txtexpdate' is right clicked on

2018-06-10 22:08:08 - [MESSAGE][PASSED] - Object: 'Object Repository/GRN/Page_KDMC - CMS/input_txtexpdate' is right clicked on

2018-06-10 22:08:08 - [TEST_STEP][PASSED] - selectOptionByIndex: All options with index in [2] are selected on object 'Object Repository/GRN/Page_KDMC - CMS/select_20182019202020212022202'

2018-06-10 22:08:08 - [MESSAGE][PASSED] - All options with index in [2] are selected on object 'Object Repository/GRN/Page_KDMC - CMS/select_20182019202020212022202'

2018-06-10 22:08:08 - [TEST_STEP][PASSED] - selectOptionByIndex: All options with index in [2] are selected on object 'Object Repository/GRN/Page_KDMC - CMS/select_JanFebMarAprMayJunJulAu'

2018-06-10 22:08:08 - [MESSAGE][PASSED] - All options with index in [2] are selected on object 'Object Repository/GRN/Page_KDMC - CMS/select_JanFebMarAprMayJunJulAu'

2018-06-10 22:08:08 - [TEST_STEP][PASSED] - click: Object: 'Object Repository/MOH AND GRN/Page_KDMC - CMS/a_12' is clicked on

2018-06-10 22:08:08 - [MESSAGE][PASSED] - Object: 'Object Repository/MOH AND GRN/Page_KDMC - CMS/a_12' is clicked on

2018-06-10 22:08:08 - [TEST_STEP][PASSED] - click: Object: 'Object Repository/MOH AND GRN/Page_KDMC - CMS/input_btnadd' is clicked on

2018-06-10 22:08:09 - [MESSAGE][PASSED] - Object: 'Object Repository/MOH AND GRN/Page_KDMC - CMS/input_btnadd' is clicked on

2018-06-10 22:08:09 - [TEST_STEP][PASSED] - Statement - If (s == 10): null

2018-06-10 22:08:09 - [TEST_STEP][PASSED] - Statement - Else: null

2018-06-10 22:08:09 - [TEST_STEP][PASSED] - Statement - (s++): null

2018-06-10 22:08:09 - [TEST_STEP][PASSED] - delay: Delayed 1 second(s)

2018-06-10 22:08:10 - [MESSAGE][PASSED] - Delayed 1 second(s)

2018-06-10 22:08:10 - [TEST_STEP][PASSED] - selectOptionByIndex: All options with index in [3] are selected on object 'Object Repository/MOH AND GRN/Page_KDMC - CMS/select_--Select--Amikacin -500'

2018-06-10 22:08:10 - [MESSAGE][PASSED] - All options with index in [3] are selected on object 'Object Repository/MOH AND GRN/Page_KDMC - CMS/select_--Select--Amikacin -500'

2018-06-10 22:08:10 - [TEST_STEP][PASSED] - setText: Text '5000' is set on object 'Object Repository/MOH AND GRN/Page_KDMC - CMS/input_txtqty'

2018-06-10 22:08:10 - [MESSAGE][PASSED] - Text '5000' is set on object 'Object Repository/MOH AND GRN/Page_KDMC - CMS/input_txtqty'

2018-06-10 22:08:10 - [TEST_STEP][PASSED] - selectOptionByIndex: All options with index in [1] are selected on object 'Object Repository/MOH AND GRN/Page_KDMC - CMS/select_--Select--No Tax0'

2018-06-10 22:08:10 - [MESSAGE][PASSED] - All options with index in [1] are selected on object 'Object Repository/MOH AND GRN/Page_KDMC - CMS/select_--Select--No Tax0'

2018-06-10 22:08:10 - [TEST_STEP][PASSED] - setText: Finding Test Object with id 'Object Repository/MOH AND GRN/Page_KDMC - CMS/input_txtmrp'

2018-06-10 22:08:10 - [TEST_STEP][PASSED] - Statement - switch (id): Finding Test Object with id 'Object Repository/MOH AND GRN/Page_KDMC - CMS/input_txtdeal'

2018-06-10 22:08:10 - [TEST_STEP][PASSED] - Statement - case 4:: Text '24.0' is set on object 'Object Repository/MOH AND GRN/Page_KDMC - CMS/input_txtmrp'

2018-06-10 22:08:10 - [TEST_STEP][PASSED] - Statement - return (java.lang.Math.floor((java.lang.Math.random() * ((max - min) + 1))) + min): Text '24.0' is set on object 'Object Repository/MOH AND GRN/Page_KDMC - CMS/input_txtmrp'

2018-06-10 22:08:10 - [MESSAGE][PASSED] - Text '24.0' is set on object 'Object Repository/MOH AND GRN/Page_KDMC - CMS/input_txtmrp'

2018-06-10 22:08:10 - [TEST_STEP][PASSED] - setText: Finding Test Object with id 'Object Repository/MOH AND GRN/Page_KDMC - CMS/input_txtdeal'

2018-06-10 22:08:10 - [TEST_STEP][PASSED] - Statement - switch (id): Finding Test Object with id 'Object Repository/MOH AND GRN/Page_KDMC - CMS/input_txtbatchno'

2018-06-10 22:08:10 - [TEST_STEP][PASSED] - Statement - case 5:: Text '11.0' is set on object 'Object Repository/MOH AND GRN/Page_KDMC - CMS/input_txtdeal'

2018-06-10 22:08:10 - [TEST_STEP][PASSED] - Statement - return (java.lang.Math.floor((java.lang.Math.random() * ((max - min) + 1))) + min): Text '11.0' is set on object 'Object Repository/MOH AND GRN/Page_KDMC - CMS/input_txtdeal'

2018-06-10 22:08:10 - [MESSAGE][PASSED] - Text '11.0' is set on object 'Object Repository/MOH AND GRN/Page_KDMC - CMS/input_txtdeal'

2018-06-10 22:08:10 - [TEST_STEP][PASSED] - setText: Finding Test Object with id 'Object Repository/MOH AND GRN/Page_KDMC - CMS/input_txtbatchno'

2018-06-10 22:08:10 - [TEST_STEP][PASSED] - Statement - switch (id): Finding Test Object with id 'Object Repository/MOH AND GRN/Page_KDMC - CMS/input_txtmrp'

2018-06-10 22:08:10 - [TEST_STEP][PASSED] - Statement - case 1:: Text 'BA506.0' is set on object 'Object Repository/MOH AND GRN/Page_KDMC - CMS/input_txtbatchno'

2018-06-10 22:08:10 - [TEST_STEP][PASSED] - Statement - return (java.lang.Math.floor((java.lang.Math.random() * ((max - min) + 1))) + min): Text 'BA506.0' is set on object 'Object Repository/MOH AND GRN/Page_KDMC - CMS/input_txtbatchno'

2018-06-10 22:08:10 - [MESSAGE][PASSED] - Text 'BA506.0' is set on object 'Object Repository/MOH AND GRN/Page_KDMC - CMS/input_txtbatchno'

2018-06-10 22:08:10 - [TEST_STEP][PASSED] - rightClick: Object: 'Object Repository/GRN/Page_KDMC - CMS/input_txtexpdate' is right clicked on

2018-06-10 22:08:10 - [MESSAGE][PASSED] - Object: 'Object Repository/GRN/Page_KDMC - CMS/input_txtexpdate' is right clicked on

2018-06-10 22:08:10 - [TEST_STEP][PASSED] - selectOptionByIndex: All options with index in [3] are selected on object 'Object Repository/GRN/Page_KDMC - CMS/select_20182019202020212022202'

2018-06-10 22:08:11 - [MESSAGE][PASSED] - All options with index in [3] are selected on object 'Object Repository/GRN/Page_KDMC - CMS/select_20182019202020212022202'

2018-06-10 22:08:11 - [TEST_STEP][PASSED] - selectOptionByIndex: All options with index in [3] are selected on object 'Object Repository/GRN/Page_KDMC - CMS/select_JanFebMarAprMayJunJulAu'

2018-06-10 22:08:11 - [MESSAGE][PASSED] - All options with index in [3] are selected on object 'Object Repository/GRN/Page_KDMC - CMS/select_JanFebMarAprMayJunJulAu'

2018-06-10 22:08:11 - [TEST_STEP][PASSED] - click: Object: 'Object Repository/MOH AND GRN/Page_KDMC - CMS/a_12' is clicked on

2018-06-10 22:08:11 - [MESSAGE][PASSED] - Object: 'Object Repository/MOH AND GRN/Page_KDMC - CMS/a_12' is clicked on

2018-06-10 22:08:11 - [TEST_STEP][PASSED] - click: Object: 'Object Repository/MOH AND GRN/Page_KDMC - CMS/input_btnadd' is clicked on

2018-06-10 22:08:11 - [MESSAGE][PASSED] - Object: 'Object Repository/MOH AND GRN/Page_KDMC - CMS/input_btnadd' is clicked on

2018-06-10 22:08:11 - [TEST_STEP][PASSED] - Statement - If (s == 10): null

2018-06-10 22:08:11 - [TEST_STEP][PASSED] - Statement - Else: null

2018-06-10 22:08:11 - [TEST_STEP][PASSED] - Statement - (s++): null

2018-06-10 22:08:11 - [TEST_STEP][PASSED] - delay: Delayed 1 second(s)

2018-06-10 22:08:12 - [MESSAGE][PASSED] - Delayed 1 second(s)

2018-06-10 22:08:12 - [TEST_STEP][PASSED] - selectOptionByIndex: All options with index in [4] are selected on object 'Object Repository/MOH AND GRN/Page_KDMC - CMS/select_--Select--Amikacin -500'

2018-06-10 22:08:12 - [MESSAGE][PASSED] - All options with index in [4] are selected on object 'Object Repository/MOH AND GRN/Page_KDMC - CMS/select_--Select--Amikacin -500'

2018-06-10 22:08:12 - [TEST_STEP][PASSED] - setText: Text '5000' is set on object 'Object Repository/MOH AND GRN/Page_KDMC - CMS/input_txtqty'

2018-06-10 22:08:12 - [MESSAGE][PASSED] - Text '5000' is set on object 'Object Repository/MOH AND GRN/Page_KDMC - CMS/input_txtqty'

2018-06-10 22:08:12 - [TEST_STEP][PASSED] - selectOptionByIndex: All options with index in [1] are selected on object 'Object Repository/MOH AND GRN/Page_KDMC - CMS/select_--Select--No Tax0'

2018-06-10 22:08:12 - [MESSAGE][PASSED] - All options with index in [1] are selected on object 'Object Repository/MOH AND GRN/Page_KDMC - CMS/select_--Select--No Tax0'

2018-06-10 22:08:12 - [TEST_STEP][PASSED] - setText: Finding Test Object with id 'Object Repository/MOH AND GRN/Page_KDMC - CMS/input_txtmrp'

2018-06-10 22:08:12 - [TEST_STEP][PASSED] - Statement - switch (id): Finding Test Object with id 'Object Repository/MOH AND GRN/Page_KDMC - CMS/input_txtdeal'

2018-06-10 22:08:12 - [TEST_STEP][PASSED] - Statement - case 4:: Text '32.0' is set on object 'Object Repository/MOH AND GRN/Page_KDMC - CMS/input_txtmrp'

2018-06-10 22:08:12 - [TEST_STEP][PASSED] - Statement - return (java.lang.Math.floor((java.lang.Math.random() * ((max - min) + 1))) + min): Text '32.0' is set on object 'Object Repository/MOH AND GRN/Page_KDMC - CMS/input_txtmrp'

2018-06-10 22:08:12 - [MESSAGE][PASSED] - Text '32.0' is set on object 'Object Repository/MOH AND GRN/Page_KDMC - CMS/input_txtmrp'

2018-06-10 22:08:12 - [TEST_STEP][PASSED] - setText: Finding Test Object with id 'Object Repository/MOH AND GRN/Page_KDMC - CMS/input_txtdeal'

2018-06-10 22:08:12 - [TEST_STEP][PASSED] - Statement - switch (id): Finding Test Object with id 'Object Repository/MOH AND GRN/Page_KDMC - CMS/input_txtbatchno'

2018-06-10 22:08:12 - [TEST_STEP][PASSED] - Statement - case 5:: Text '5.0' is set on object 'Object Repository/MOH AND GRN/Page_KDMC - CMS/input_txtdeal'

2018-06-10 22:08:12 - [TEST_STEP][PASSED] - Statement - return (java.lang.Math.floor((java.lang.Math.random() * ((max - min) + 1))) + min): Text '5.0' is set on object 'Object Repository/MOH AND GRN/Page_KDMC - CMS/input_txtdeal'

2018-06-10 22:08:13 - [MESSAGE][PASSED] - Text '5.0' is set on object 'Object Repository/MOH AND GRN/Page_KDMC - CMS/input_txtdeal'

2018-06-10 22:08:13 - [TEST_STEP][PASSED] - setText: Finding Test Object with id 'Object Repository/MOH AND GRN/Page_KDMC - CMS/input_txtbatchno'

2018-06-10 22:08:13 - [TEST_STEP][PASSED] - Statement - switch (id): Finding Test Object with id 'Object Repository/MOH AND GRN/Page_KDMC - CMS/input_txtmrp'

2018-06-10 22:08:13 - [TEST_STEP][PASSED] - Statement - case 1:: Text 'BA554.0' is set on object 'Object Repository/MOH AND GRN/Page_KDMC - CMS/input_txtbatchno'

2018-06-10 22:08:13 - [TEST_STEP][PASSED] - Statement - return (java.lang.Math.floor((java.lang.Math.random() * ((max - min) + 1))) + min): Text 'BA554.0' is set on object 'Object Repository/MOH AND GRN/Page_KDMC - CMS/input_txtbatchno'

2018-06-10 22:08:13 - [MESSAGE][PASSED] - Text 'BA554.0' is set on object 'Object Repository/MOH AND GRN/Page_KDMC - CMS/input_txtbatchno'

2018-06-10 22:08:13 - [TEST_STEP][PASSED] - rightClick: Object: 'Object Repository/GRN/Page_KDMC - CMS/input_txtexpdate' is right clicked on

2018-06-10 22:08:13 - [MESSAGE][PASSED] - Object: 'Object Repository/GRN/Page_KDMC - CMS/input_txtexpdate' is right clicked on

2018-06-10 22:08:13 - [TEST_STEP][PASSED] - selectOptionByIndex: All options with index in [4] are selected on object 'Object Repository/GRN/Page_KDMC - CMS/select_20182019202020212022202'

2018-06-10 22:08:13 - [MESSAGE][PASSED] - All options with index in [4] are selected on object 'Object Repository/GRN/Page_KDMC - CMS/select_20182019202020212022202'

2018-06-10 22:08:13 - [TEST_STEP][PASSED] - selectOptionByIndex: All options with index in [4] are selected on object 'Object Repository/GRN/Page_KDMC - CMS/select_JanFebMarAprMayJunJulAu'

2018-06-10 22:08:13 - [MESSAGE][PASSED] - All options with index in [4] are selected on object 'Object Repository/GRN/Page_KDMC - CMS/select_JanFebMarAprMayJunJulAu'

2018-06-10 22:08:13 - [TEST_STEP][PASSED] - click: Object: 'Object Repository/MOH AND GRN/Page_KDMC - CMS/a_12' is clicked on

2018-06-10 22:08:13 - [MESSAGE][PASSED] - Object: 'Object Repository/MOH AND GRN/Page_KDMC - CMS/a_12' is clicked on

2018-06-10 22:08:13 - [TEST_STEP][PASSED] - click: Object: 'Object Repository/MOH AND GRN/Page_KDMC - CMS/input_btnadd' is clicked on

2018-06-10 22:08:13 - [MESSAGE][PASSED] - Object: 'Object Repository/MOH AND GRN/Page_KDMC - CMS/input_btnadd' is clicked on

2018-06-10 22:08:13 - [TEST_STEP][PASSED] - Statement - If (s == 10): null

2018-06-10 22:08:13 - [TEST_STEP][PASSED] - Statement - Else: null

2018-06-10 22:08:13 - [TEST_STEP][PASSED] - Statement - (s++): null

2018-06-10 22:08:13 - [TEST_STEP][PASSED] - delay: Delayed 1 second(s)

2018-06-10 22:08:14 - [MESSAGE][PASSED] - Delayed 1 second(s)

2018-06-10 22:08:14 - [TEST_STEP][PASSED] - selectOptionByIndex: All options with index in [5] are selected on object 'Object Repository/MOH AND GRN/Page_KDMC - CMS/select_--Select--Amikacin -500'

2018-06-10 22:08:14 - [MESSAGE][PASSED] - All options with index in [5] are selected on object 'Object Repository/MOH AND GRN/Page_KDMC - CMS/select_--Select--Amikacin -500'

2018-06-10 22:08:14 - [TEST_STEP][PASSED] - setText: Text '5000' is set on object 'Object Repository/MOH AND GRN/Page_KDMC - CMS/input_txtqty'

2018-06-10 22:08:15 - [MESSAGE][PASSED] - Text '5000' is set on object 'Object Repository/MOH AND GRN/Page_KDMC - CMS/input_txtqty'

2018-06-10 22:08:15 - [TEST_STEP][PASSED] - selectOptionByIndex: All options with index in [1] are selected on object 'Object Repository/MOH AND GRN/Page_KDMC - CMS/select_--Select--No Tax0'

2018-06-10 22:08:15 - [MESSAGE][PASSED] - All options with index in [1] are selected on object 'Object Repository/MOH AND GRN/Page_KDMC - CMS/select_--Select--No Tax0'

2018-06-10 22:08:15 - [TEST_STEP][PASSED] - setText: Finding Test Object with id 'Object Repository/MOH AND GRN/Page_KDMC - CMS/input_txtmrp'

2018-06-10 22:08:15 - [TEST_STEP][PASSED] - Statement - switch (id): Finding Test Object with id 'Object Repository/MOH AND GRN/Page_KDMC - CMS/input_txtdeal'

2018-06-10 22:08:15 - [TEST_STEP][PASSED] - Statement - case 4:: Text '41.0' is set on object 'Object Repository/MOH AND GRN/Page_KDMC - CMS/input_txtmrp'

2018-06-10 22:08:15 - [TEST_STEP][PASSED] - Statement - return (java.lang.Math.floor((java.lang.Math.random() * ((max - min) + 1))) + min): Text '41.0' is set on object 'Object Repository/MOH AND GRN/Page_KDMC - CMS/input_txtmrp'

2018-06-10 22:08:15 - [MESSAGE][PASSED] - Text '41.0' is set on object 'Object Repository/MOH AND GRN/Page_KDMC - CMS/input_txtmrp'

2018-06-10 22:08:15 - [TEST_STEP][PASSED] - setText: Finding Test Object with id 'Object Repository/MOH AND GRN/Page_KDMC - CMS/input_txtdeal'

2018-06-10 22:08:15 - [TEST_STEP][PASSED] - Statement - switch (id): Finding Test Object with id 'Object Repository/MOH AND GRN/Page_KDMC - CMS/input_txtbatchno'

2018-06-10 22:08:15 - [TEST_STEP][PASSED] - Statement - case 5:: Text '4.0' is set on object 'Object Repository/MOH AND GRN/Page_KDMC - CMS/input_txtdeal'

2018-06-10 22:08:15 - [TEST_STEP][PASSED] - Statement - return (java.lang.Math.floor((java.lang.Math.random() * ((max - min) + 1))) + min): Text '4.0' is set on object 'Object Repository/MOH AND GRN/Page_KDMC - CMS/input_txtdeal'

2018-06-10 22:08:15 - [MESSAGE][PASSED] - Text '4.0' is set on object 'Object Repository/MOH AND GRN/Page_KDMC - CMS/input_txtdeal'

2018-06-10 22:08:15 - [TEST_STEP][PASSED] - setText: Finding Test Object with id 'Object Repository/MOH AND GRN/Page_KDMC - CMS/input_txtbatchno'

2018-06-10 22:08:15 - [TEST_STEP][PASSED] - Statement - switch (id): Finding Test Object with id 'Object Repository/MOH AND GRN/Page_KDMC - CMS/input_txtmrp'

2018-06-10 22:08:15 - [TEST_STEP][PASSED] - Statement - case 1:: Text 'BA949.0' is set on object 'Object Repository/MOH AND GRN/Page_KDMC - CMS/input_txtbatchno'

2018-06-10 22:08:15 - [TEST_STEP][PASSED] - Statement - return (java.lang.Math.floor((java.lang.Math.random() * ((max - min) + 1))) + min): Text 'BA949.0' is set on object 'Object Repository/MOH AND GRN/Page_KDMC - CMS/input_txtbatchno'

2018-06-10 22:08:15 - [MESSAGE][PASSED] - Text 'BA949.0' is set on object 'Object Repository/MOH AND GRN/Page_KDMC - CMS/input_txtbatchno'

2018-06-10 22:08:15 - [TEST_STEP][PASSED] - rightClick: Object: 'Object Repository/GRN/Page_KDMC - CMS/input_txtexpdate' is right clicked on

2018-06-10 22:08:15 - [MESSAGE][PASSED] - Object: 'Object Repository/GRN/Page_KDMC - CMS/input_txtexpdate' is right clicked on

2018-06-10 22:08:15 - [TEST_STEP][PASSED] - selectOptionByIndex: All options with index in [5] are selected on object 'Object Repository/GRN/Page_KDMC - CMS/select_20182019202020212022202'

2018-06-10 22:08:15 - [MESSAGE][PASSED] - All options with index in [5] are selected on object 'Object Repository/GRN/Page_KDMC - CMS/select_20182019202020212022202'

2018-06-10 22:08:15 - [TEST_STEP][PASSED] - selectOptionByIndex: All options with index in [5] are selected on object 'Object Repository/GRN/Page_KDMC - CMS/select_JanFebMarAprMayJunJulAu'

2018-06-10 22:08:15 - [MESSAGE][PASSED] - All options with index in [5] are selected on object 'Object Repository/GRN/Page_KDMC - CMS/select_JanFebMarAprMayJunJulAu'

2018-06-10 22:08:15 - [TEST_STEP][PASSED] - click: Object: 'Object Repository/MOH AND GRN/Page_KDMC - CMS/a_12' is clicked on

2018-06-10 22:08:16 - [MESSAGE][PASSED] - Object: 'Object Repository/MOH AND GRN/Page_KDMC - CMS/a_12' is clicked on

2018-06-10 22:08:16 - [TEST_STEP][PASSED] - click: Object: 'Object Repository/MOH AND GRN/Page_KDMC - CMS/input_btnadd' is clicked on

2018-06-10 22:08:16 - [MESSAGE][PASSED] - Object: 'Object Repository/MOH AND GRN/Page_KDMC - CMS/input_btnadd' is clicked on

2018-06-10 22:08:16 - [TEST_STEP][PASSED] - Statement - If (s == 10): null

2018-06-10 22:08:16 - [TEST_STEP][PASSED] - Statement - Else: null

2018-06-10 22:08:16 - [TEST_STEP][PASSED] - Statement - (s++): null

2018-06-10 22:08:16 - [TEST_STEP][PASSED] - delay: Delayed 1 second(s)

2018-06-10 22:08:17 - [MESSAGE][PASSED] - Delayed 1 second(s)

2018-06-10 22:08:17 - [TEST_STEP][PASSED] - selectOptionByIndex: All options with index in [6] are selected on object 'Object Repository/MOH AND GRN/Page_KDMC - CMS/select_--Select--Amikacin -500'

2018-06-10 22:08:17 - [MESSAGE][PASSED] - All options with index in [6] are selected on object 'Object Repository/MOH AND GRN/Page_KDMC - CMS/select_--Select--Amikacin -500'

2018-06-10 22:08:17 - [TEST_STEP][PASSED] - setText: Text '5000' is set on object 'Object Repository/MOH AND GRN/Page_KDMC - CMS/input_txtqty'

2018-06-10 22:08:17 - [MESSAGE][PASSED] - Text '5000' is set on object 'Object Repository/MOH AND GRN/Page_KDMC - CMS/input_txtqty'

2018-06-10 22:08:17 - [TEST_STEP][PASSED] - selectOptionByIndex: All options with index in [1] are selected on object 'Object Repository/MOH AND GRN/Page_KDMC - CMS/select_--Select--No Tax0'

2018-06-10 22:08:17 - [MESSAGE][PASSED] - All options with index in [1] are selected on object 'Object Repository/MOH AND GRN/Page_KDMC - CMS/select_--Select--No Tax0'

2018-06-10 22:08:17 - [TEST_STEP][PASSED] - setText: Finding Test Object with id 'Object Repository/MOH AND GRN/Page_KDMC - CMS/input_txtmrp'

2018-06-10 22:08:17 - [TEST_STEP][PASSED] - Statement - switch (id): Finding Test Object with id 'Object Repository/MOH AND GRN/Page_KDMC - CMS/input_txtdeal'

2018-06-10 22:08:17 - [TEST_STEP][PASSED] - Statement - case 4:: Text '24.0' is set on object 'Object Repository/MOH AND GRN/Page_KDMC - CMS/input_txtmrp'

2018-06-10 22:08:17 - [TEST_STEP][PASSED] - Statement - return (java.lang.Math.floor((java.lang.Math.random() * ((max - min) + 1))) + min): Text '24.0' is set on object 'Object Repository/MOH AND GRN/Page_KDMC - CMS/input_txtmrp'

2018-06-10 22:08:17 - [MESSAGE][PASSED] - Text '24.0' is set on object 'Object Repository/MOH AND GRN/Page_KDMC - CMS/input_txtmrp'

2018-06-10 22:08:17 - [TEST_STEP][PASSED] - setText: Finding Test Object with id 'Object Repository/MOH AND GRN/Page_KDMC - CMS/input_txtdeal'

2018-06-10 22:08:17 - [TEST_STEP][PASSED] - Statement - switch (id): Finding Test Object with id 'Object Repository/MOH AND GRN/Page_KDMC - CMS/input_txtbatchno'

2018-06-10 22:08:17 - [TEST_STEP][PASSED] - Statement - case 5:: Text '3.0' is set on object 'Object Repository/MOH AND GRN/Page_KDMC - CMS/input_txtdeal'

2018-06-10 22:08:17 - [TEST_STEP][PASSED] - Statement - return (java.lang.Math.floor((java.lang.Math.random() * ((max - min) + 1))) + min): Text '3.0' is set on object 'Object Repository/MOH AND GRN/Page_KDMC - CMS/input_txtdeal'

2018-06-10 22:08:17 - [MESSAGE][PASSED] - Text '3.0' is set on object 'Object Repository/MOH AND GRN/Page_KDMC - CMS/input_txtdeal'

2018-06-10 22:08:17 - [TEST_STEP][PASSED] - setText: Finding Test Object with id 'Object Repository/MOH AND GRN/Page_KDMC - CMS/input_txtbatchno'

2018-06-10 22:08:17 - [TEST_STEP][PASSED] - Statement - switch (id): Finding Test Object with id 'Object Repository/MOH AND GRN/Page_KDMC - CMS/input_txtmrp'

2018-06-10 22:08:17 - [TEST_STEP][PASSED] - Statement - case 1:: Text 'BA972.0' is set on object 'Object Repository/MOH AND GRN/Page_KDMC - CMS/input_txtbatchno'

2018-06-10 22:08:17 - [TEST_STEP][PASSED] - Statement - return (java.lang.Math.floor((java.lang.Math.random() * ((max - min) + 1))) + min): Text 'BA972.0' is set on object 'Object Repository/MOH AND GRN/Page_KDMC - CMS/input_txtbatchno'

2018-06-10 22:08:17 - [MESSAGE][PASSED] - Text 'BA972.0' is set on object 'Object Repository/MOH AND GRN/Page_KDMC - CMS/input_txtbatchno'

2018-06-10 22:08:17 - [TEST_STEP][PASSED] - rightClick: Object: 'Object Repository/GRN/Page_KDMC - CMS/input_txtexpdate' is right clicked on

2018-06-10 22:08:17 - [MESSAGE][PASSED] - Object: 'Object Repository/GRN/Page_KDMC - CMS/input_txtexpdate' is right clicked on

2018-06-10 22:08:17 - [TEST_STEP][PASSED] - selectOptionByIndex: All options with index in [6] are selected on object 'Object Repository/GRN/Page_KDMC - CMS/select_20182019202020212022202'

2018-06-10 22:08:18 - [MESSAGE][PASSED] - All options with index in [6] are selected on object 'Object Repository/GRN/Page_KDMC - CMS/select_20182019202020212022202'

2018-06-10 22:08:18 - [TEST_STEP][PASSED] - selectOptionByIndex: All options with index in [6] are selected on object 'Object Repository/GRN/Page_KDMC - CMS/select_JanFebMarAprMayJunJulAu'

2018-06-10 22:08:18 - [MESSAGE][PASSED] - All options with index in [6] are selected on object 'Object Repository/GRN/Page_KDMC - CMS/select_JanFebMarAprMayJunJulAu'

2018-06-10 22:08:18 - [TEST_STEP][PASSED] - click: Object: 'Object Repository/MOH AND GRN/Page_KDMC - CMS/a_12' is clicked on

2018-06-10 22:08:18 - [MESSAGE][PASSED] - Object: 'Object Repository/MOH AND GRN/Page_KDMC - CMS/a_12' is clicked on

2018-06-10 22:08:18 - [TEST_STEP][PASSED] - click: Object: 'Object Repository/MOH AND GRN/Page_KDMC - CMS/input_btnadd' is clicked on

2018-06-10 22:08:18 - [MESSAGE][PASSED] - Object: 'Object Repository/MOH AND GRN/Page_KDMC - CMS/input_btnadd' is clicked on

2018-06-10 22:08:18 - [TEST_STEP][PASSED] - Statement - If (s == 10): null

2018-06-10 22:08:18 - [TEST_STEP][PASSED] - Statement - Else: null

2018-06-10 22:08:18 - [TEST_STEP][PASSED] - Statement - (s++): null

2018-06-10 22:08:18 - [TEST_STEP][PASSED] - delay: Delayed 1 second(s)

2018-06-10 22:08:19 - [MESSAGE][PASSED] - Delayed 1 second(s)

2018-06-10 22:08:19 - [TEST_STEP][PASSED] - selectOptionByIndex: All options with index in [7] are selected on object 'Object Repository/MOH AND GRN/Page_KDMC - CMS/select_--Select--Amikacin -500'

2018-06-10 22:08:19 - [MESSAGE][PASSED] - All options with index in [7] are selected on object 'Object Repository/MOH AND GRN/Page_KDMC - CMS/select_--Select--Amikacin -500'

2018-06-10 22:08:19 - [TEST_STEP][PASSED] - setText: Text '5000' is set on object 'Object Repository/MOH AND GRN/Page_KDMC - CMS/input_txtqty'

2018-06-10 22:08:19 - [MESSAGE][PASSED] - Text '5000' is set on object 'Object Repository/MOH AND GRN/Page_KDMC - CMS/input_txtqty'

2018-06-10 22:08:19 - [TEST_STEP][PASSED] - selectOptionByIndex: All options with index in [1] are selected on object 'Object Repository/MOH AND GRN/Page_KDMC - CMS/select_--Select--No Tax0'

2018-06-10 22:08:19 - [MESSAGE][PASSED] - All options with index in [1] are selected on object 'Object Repository/MOH AND GRN/Page_KDMC - CMS/select_--Select--No Tax0'

2018-06-10 22:08:19 - [TEST_STEP][PASSED] - setText: Finding Test Object with id 'Object Repository/MOH AND GRN/Page_KDMC - CMS/input_txtmrp'

2018-06-10 22:08:19 - [TEST_STEP][PASSED] - Statement - switch (id): Finding Test Object with id 'Object Repository/MOH AND GRN/Page_KDMC - CMS/input_txtdeal'

2018-06-10 22:08:19 - [TEST_STEP][PASSED] - Statement - case 4:: Text '19.0' is set on object 'Object Repository/MOH AND GRN/Page_KDMC - CMS/input_txtmrp'

2018-06-10 22:08:19 - [TEST_STEP][PASSED] - Statement - return (java.lang.Math.floor((java.lang.Math.random() * ((max - min) + 1))) + min): Text '19.0' is set on object 'Object Repository/MOH AND GRN/Page_KDMC - CMS/input_txtmrp'

2018-06-10 22:08:20 - [MESSAGE][PASSED] - Text '19.0' is set on object 'Object Repository/MOH AND GRN/Page_KDMC - CMS/input_txtmrp'

2018-06-10 22:08:20 - [TEST_STEP][PASSED] - setText: Finding Test Object with id 'Object Repository/MOH AND GRN/Page_KDMC - CMS/input_txtdeal'

2018-06-10 22:08:20 - [TEST_STEP][PASSED] - Statement - switch (id): Finding Test Object with id 'Object Repository/MOH AND GRN/Page_KDMC - CMS/input_txtbatchno'

2018-06-10 22:08:20 - [TEST_STEP][PASSED] - Statement - case 5:: Text '5.0' is set on object 'Object Repository/MOH AND GRN/Page_KDMC - CMS/input_txtdeal'

2018-06-10 22:08:20 - [TEST_STEP][PASSED] - Statement - return (java.lang.Math.floor((java.lang.Math.random() * ((max - min) + 1))) + min): Text '5.0' is set on object 'Object Repository/MOH AND GRN/Page_KDMC - CMS/input_txtdeal'

2018-06-10 22:08:20 - [MESSAGE][PASSED] - Text '5.0' is set on object 'Object Repository/MOH AND GRN/Page_KDMC - CMS/input_txtdeal'

2018-06-10 22:08:20 - [TEST_STEP][PASSED] - setText: Finding Test Object with id 'Object Repository/MOH AND GRN/Page_KDMC - CMS/input_txtbatchno'

2018-06-10 22:08:20 - [TEST_STEP][PASSED] - Statement - switch (id): Finding Test Object with id 'Object Repository/MOH AND GRN/Page_KDMC - CMS/input_txtmrp'

2018-06-10 22:08:20 - [TEST_STEP][PASSED] - Statement - case 1:: Text 'BA611.0' is set on object 'Object Repository/MOH AND GRN/Page_KDMC - CMS/input_txtbatchno'

2018-06-10 22:08:20 - [TEST_STEP][PASSED] - Statement - return (java.lang.Math.floor((java.lang.Math.random() * ((max - min) + 1))) + min): Text 'BA611.0' is set on object 'Object Repository/MOH AND GRN/Page_KDMC - CMS/input_txtbatchno'

2018-06-10 22:08:20 - [MESSAGE][PASSED] - Text 'BA611.0' is set on object 'Object Repository/MOH AND GRN/Page_KDMC - CMS/input_txtbatchno'

2018-06-10 22:08:20 - [TEST_STEP][PASSED] - rightClick: Object: 'Object Repository/GRN/Page_KDMC - CMS/input_txtexpdate' is right clicked on

2018-06-10 22:08:20 - [MESSAGE][PASSED] - Object: 'Object Repository/GRN/Page_KDMC - CMS/input_txtexpdate' is right clicked on

2018-06-10 22:08:20 - [TEST_STEP][PASSED] - selectOptionByIndex: All options with index in [7] are selected on object 'Object Repository/GRN/Page_KDMC - CMS/select_20182019202020212022202'

2018-06-10 22:08:20 - [MESSAGE][PASSED] - All options with index in [7] are selected on object 'Object Repository/GRN/Page_KDMC - CMS/select_20182019202020212022202'

2018-06-10 22:08:20 - [TEST_STEP][PASSED] - selectOptionByIndex: All options with index in [7] are selected on object 'Object Repository/GRN/Page_KDMC - CMS/select_JanFebMarAprMayJunJulAu'

2018-06-10 22:08:20 - [MESSAGE][PASSED] - All options with index in [7] are selected on object 'Object Repository/GRN/Page_KDMC - CMS/select_JanFebMarAprMayJunJulAu'

2018-06-10 22:08:20 - [TEST_STEP][PASSED] - click: Object: 'Object Repository/MOH AND GRN/Page_KDMC - CMS/a_12' is clicked on

2018-06-10 22:08:20 - [MESSAGE][PASSED] - Object: 'Object Repository/MOH AND GRN/Page_KDMC - CMS/a_12' is clicked on

2018-06-10 22:08:20 - [TEST_STEP][PASSED] - click: Object: 'Object Repository/MOH AND GRN/Page_KDMC - CMS/input_btnadd' is clicked on

2018-06-10 22:08:20 - [MESSAGE][PASSED] - Object: 'Object Repository/MOH AND GRN/Page_KDMC - CMS/input_btnadd' is clicked on

2018-06-10 22:08:20 - [TEST_STEP][PASSED] - Statement - If (s == 10): null

2018-06-10 22:08:20 - [TEST_STEP][PASSED] - Statement - Else: null

2018-06-10 22:08:20 - [TEST_STEP][PASSED] - Statement - (s++): null

2018-06-10 22:08:20 - [TEST_STEP][PASSED] - delay: Delayed 1 second(s)

2018-06-10 22:08:21 - [MESSAGE][PASSED] - Delayed 1 second(s)

2018-06-10 22:08:21 - [TEST_STEP][PASSED] - selectOptionByIndex: All options with index in [8] are selected on object 'Object Repository/MOH AND GRN/Page_KDMC - CMS/select_--Select--Amikacin -500'

2018-06-10 22:08:22 - [MESSAGE][PASSED] - All options with index in [8] are selected on object 'Object Repository/MOH AND GRN/Page_KDMC - CMS/select_--Select--Amikacin -500'

2018-06-10 22:08:22 - [TEST_STEP][PASSED] - setText: Text '5000' is set on object 'Object Repository/MOH AND GRN/Page_KDMC - CMS/input_txtqty'

2018-06-10 22:08:22 - [MESSAGE][PASSED] - Text '5000' is set on object 'Object Repository/MOH AND GRN/Page_KDMC - CMS/input_txtqty'

2018-06-10 22:08:22 - [TEST_STEP][PASSED] - selectOptionByIndex: All options with index in [1] are selected on object 'Object Repository/MOH AND GRN/Page_KDMC - CMS/select_--Select--No Tax0'

2018-06-10 22:08:22 - [MESSAGE][PASSED] - All options with index in [1] are selected on object 'Object Repository/MOH AND GRN/Page_KDMC - CMS/select_--Select--No Tax0'

2018-06-10 22:08:22 - [TEST_STEP][PASSED] - setText: Finding Test Object with id 'Object Repository/MOH AND GRN/Page_KDMC - CMS/input_txtmrp'

2018-06-10 22:08:22 - [TEST_STEP][PASSED] - Statement - switch (id): Finding Test Object with id 'Object Repository/MOH AND GRN/Page_KDMC - CMS/input_txtdeal'

2018-06-10 22:08:22 - [TEST_STEP][PASSED] - Statement - case 4:: Text '29.0' is set on object 'Object Repository/MOH AND GRN/Page_KDMC - CMS/input_txtmrp'

2018-06-10 22:08:22 - [TEST_STEP][PASSED] - Statement - return (java.lang.Math.floor((java.lang.Math.random() * ((max - min) + 1))) + min): Text '29.0' is set on object 'Object Repository/MOH AND GRN/Page_KDMC - CMS/input_txtmrp'

2018-06-10 22:08:22 - [MESSAGE][PASSED] - Text '29.0' is set on object 'Object Repository/MOH AND GRN/Page_KDMC - CMS/input_txtmrp'

2018-06-10 22:08:22 - [TEST_STEP][PASSED] - setText: Finding Test Object with id 'Object Repository/MOH AND GRN/Page_KDMC - CMS/input_txtdeal'

2018-06-10 22:08:22 - [TEST_STEP][PASSED] - Statement - switch (id): Finding Test Object with id 'Object Repository/MOH AND GRN/Page_KDMC - CMS/input_txtbatchno'

2018-06-10 22:08:22 - [TEST_STEP][PASSED] - Statement - case 5:: Text '7.0' is set on object 'Object Repository/MOH AND GRN/Page_KDMC - CMS/input_txtdeal'

2018-06-10 22:08:22 - [TEST_STEP][PASSED] - Statement - return (java.lang.Math.floor((java.lang.Math.random() * ((max - min) + 1))) + min): Text '7.0' is set on object 'Object Repository/MOH AND GRN/Page_KDMC - CMS/input_txtdeal'

2018-06-10 22:08:22 - [MESSAGE][PASSED] - Text '7.0' is set on object 'Object Repository/MOH AND GRN/Page_KDMC - CMS/input_txtdeal'

2018-06-10 22:08:22 - [TEST_STEP][PASSED] - setText: Finding Test Object with id 'Object Repository/MOH AND GRN/Page_KDMC - CMS/input_txtbatchno'

2018-06-10 22:08:22 - [TEST_STEP][PASSED] - Statement - switch (id): Finding Test Object with id 'Object Repository/MOH AND GRN/Page_KDMC - CMS/input_txtmrp'

2018-06-10 22:08:22 - [TEST_STEP][PASSED] - Statement - case 1:: Text 'BA470.0' is set on object 'Object Repository/MOH AND GRN/Page_KDMC - CMS/input_txtbatchno'

2018-06-10 22:08:22 - [TEST_STEP][PASSED] - Statement - return (java.lang.Math.floor((java.lang.Math.random() * ((max - min) + 1))) + min): Text 'BA470.0' is set on object 'Object Repository/MOH AND GRN/Page_KDMC - CMS/input_txtbatchno'

2018-06-10 22:08:22 - [MESSAGE][PASSED] - Text 'BA470.0' is set on object 'Object Repository/MOH AND GRN/Page_KDMC - CMS/input_txtbatchno'

2018-06-10 22:08:22 - [TEST_STEP][PASSED] - rightClick: Object: 'Object Repository/GRN/Page_KDMC - CMS/input_txtexpdate' is right clicked on

2018-06-10 22:08:22 - [MESSAGE][PASSED] - Object: 'Object Repository/GRN/Page_KDMC - CMS/input_txtexpdate' is right clicked on

2018-06-10 22:08:22 - [TEST_STEP][PASSED] - selectOptionByIndex: All options with index in [8] are selected on object 'Object Repository/GRN/Page_KDMC - CMS/select_20182019202020212022202'

2018-06-10 22:08:23 - [MESSAGE][PASSED] - All options with index in [8] are selected on object 'Object Repository/GRN/Page_KDMC - CMS/select_20182019202020212022202'

2018-06-10 22:08:23 - [TEST_STEP][PASSED] - selectOptionByIndex: All options with index in [8] are selected on object 'Object Repository/GRN/Page_KDMC - CMS/select_JanFebMarAprMayJunJulAu'

2018-06-10 22:08:23 - [MESSAGE][PASSED] - All options with index in [8] are selected on object 'Object Repository/GRN/Page_KDMC - CMS/select_JanFebMarAprMayJunJulAu'

2018-06-10 22:08:23 - [TEST_STEP][PASSED] - click: Object: 'Object Repository/MOH AND GRN/Page_KDMC - CMS/a_12' is clicked on

2018-06-10 22:08:23 - [MESSAGE][PASSED] - Object: 'Object Repository/MOH AND GRN/Page_KDMC - CMS/a_12' is clicked on

2018-06-10 22:08:23 - [TEST_STEP][PASSED] - click: Object: 'Object Repository/MOH AND GRN/Page_KDMC - CMS/input_btnadd' is clicked on

2018-06-10 22:08:23 - [MESSAGE][PASSED] - Object: 'Object Repository/MOH AND GRN/Page_KDMC - CMS/input_btnadd' is clicked on

2018-06-10 22:08:23 - [TEST_STEP][PASSED] - Statement - If (s == 10): null

2018-06-10 22:08:23 - [TEST_STEP][PASSED] - Statement - Else: null

2018-06-10 22:08:23 - [TEST_STEP][PASSED] - Statement - (s++): null

2018-06-10 22:08:23 - [TEST_STEP][PASSED] - delay: Delayed 1 second(s)

2018-06-10 22:08:24 - [MESSAGE][PASSED] - Delayed 1 second(s)

2018-06-10 22:08:24 - [TEST_STEP][PASSED] - selectOptionByIndex: All options with index in [9] are selected on object 'Object Repository/MOH AND GRN/Page_KDMC - CMS/select_--Select--Amikacin -500'

2018-06-10 22:08:24 - [MESSAGE][PASSED] - All options with index in [9] are selected on object 'Object Repository/MOH AND GRN/Page_KDMC - CMS/select_--Select--Amikacin -500'

2018-06-10 22:08:24 - [TEST_STEP][PASSED] - setText: Text '5000' is set on object 'Object Repository/MOH AND GRN/Page_KDMC - CMS/input_txtqty'

2018-06-10 22:08:24 - [MESSAGE][PASSED] - Text '5000' is set on object 'Object Repository/MOH AND GRN/Page_KDMC - CMS/input_txtqty'

2018-06-10 22:08:24 - [TEST_STEP][PASSED] - selectOptionByIndex: All options with index in [1] are selected on object 'Object Repository/MOH AND GRN/Page_KDMC - CMS/select_--Select--No Tax0'

2018-06-10 22:08:24 - [MESSAGE][PASSED] - All options with index in [1] are selected on object 'Object Repository/MOH AND GRN/Page_KDMC - CMS/select_--Select--No Tax0'

2018-06-10 22:08:24 - [TEST_STEP][PASSED] - setText: Finding Test Object with id 'Object Repository/MOH AND GRN/Page_KDMC - CMS/input_txtmrp'

2018-06-10 22:08:24 - [TEST_STEP][PASSED] - Statement - switch (id): Finding Test Object with id 'Object Repository/MOH AND GRN/Page_KDMC - CMS/input_txtdeal'

2018-06-10 22:08:24 - [TEST_STEP][PASSED] - Statement - case 4:: Text '19.0' is set on object 'Object Repository/MOH AND GRN/Page_KDMC - CMS/input_txtmrp'

2018-06-10 22:08:24 - [TEST_STEP][PASSED] - Statement - return (java.lang.Math.floor((java.lang.Math.random() * ((max - min) + 1))) + min): Text '19.0' is set on object 'Object Repository/MOH AND GRN/Page_KDMC - CMS/input_txtmrp'

2018-06-10 22:08:25 - [MESSAGE][PASSED] - Text '19.0' is set on object 'Object Repository/MOH AND GRN/Page_KDMC - CMS/input_txtmrp'

2018-06-10 22:08:25 - [TEST_STEP][PASSED] - setText: Finding Test Object with id 'Object Repository/MOH AND GRN/Page_KDMC - CMS/input_txtdeal'

2018-06-10 22:08:25 - [TEST_STEP][PASSED] - Statement - switch (id): Finding Test Object with id 'Object Repository/MOH AND GRN/Page_KDMC - CMS/input_txtbatchno'

2018-06-10 22:08:25 - [TEST_STEP][PASSED] - Statement - case 5:: Text '4.0' is set on object 'Object Repository/MOH AND GRN/Page_KDMC - CMS/input_txtdeal'

2018-06-10 22:08:25 - [TEST_STEP][PASSED] - Statement - return (java.lang.Math.floor((java.lang.Math.random() * ((max - min) + 1))) + min): Text '4.0' is set on object 'Object Repository/MOH AND GRN/Page_KDMC - CMS/input_txtdeal'

2018-06-10 22:08:25 - [MESSAGE][PASSED] - Text '4.0' is set on object 'Object Repository/MOH AND GRN/Page_KDMC - CMS/input_txtdeal'

2018-06-10 22:08:25 - [TEST_STEP][PASSED] - setText: Finding Test Object with id 'Object Repository/MOH AND GRN/Page_KDMC - CMS/input_txtbatchno'

2018-06-10 22:08:25 - [TEST_STEP][PASSED] - Statement - switch (id): Finding Test Object with id 'Object Repository/MOH AND GRN/Page_KDMC - CMS/input_txtmrp'

2018-06-10 22:08:25 - [TEST_STEP][PASSED] - Statement - case 1:: Text 'BA851.0' is set on object 'Object Repository/MOH AND GRN/Page_KDMC - CMS/input_txtbatchno'

2018-06-10 22:08:25 - [TEST_STEP][PASSED] - Statement - return (java.lang.Math.floor((java.lang.Math.random() * ((max - min) + 1))) + min): Text 'BA851.0' is set on object 'Object Repository/MOH AND GRN/Page_KDMC - CMS/input_txtbatchno'

2018-06-10 22:08:25 - [MESSAGE][PASSED] - Text 'BA851.0' is set on object 'Object Repository/MOH AND GRN/Page_KDMC - CMS/input_txtbatchno'

2018-06-10 22:08:25 - [TEST_STEP][PASSED] - rightClick: Object: 'Object Repository/GRN/Page_KDMC - CMS/input_txtexpdate' is right clicked on

2018-06-10 22:08:25 - [MESSAGE][PASSED] - Object: 'Object Repository/GRN/Page_KDMC - CMS/input_txtexpdate' is right clicked on

2018-06-10 22:08:25 - [TEST_STEP][PASSED] - selectOptionByIndex: All options with index in [9] are selected on object 'Object Repository/GRN/Page_KDMC - CMS/select_20182019202020212022202'

2018-06-10 22:08:25 - [MESSAGE][PASSED] - All options with index in [9] are selected on object 'Object Repository/GRN/Page_KDMC - CMS/select_20182019202020212022202'

2018-06-10 22:08:25 - [TEST_STEP][PASSED] - selectOptionByIndex: All options with index in [9] are selected on object 'Object Repository/GRN/Page_KDMC - CMS/select_JanFebMarAprMayJunJulAu'

2018-06-10 22:08:25 - [MESSAGE][PASSED] - All options with index in [9] are selected on object 'Object Repository/GRN/Page_KDMC - CMS/select_JanFebMarAprMayJunJulAu'

2018-06-10 22:08:25 - [TEST_STEP][PASSED] - click: Object: 'Object Repository/MOH AND GRN/Page_KDMC - CMS/a_12' is clicked on

2018-06-10 22:08:25 - [MESSAGE][PASSED] - Object: 'Object Repository/MOH AND GRN/Page_KDMC - CMS/a_12' is clicked on

2018-06-10 22:08:25 - [TEST_STEP][PASSED] - click: Object: 'Object Repository/MOH AND GRN/Page_KDMC - CMS/input_btnadd' is clicked on

2018-06-10 22:08:25 - [MESSAGE][PASSED] - Object: 'Object Repository/MOH AND GRN/Page_KDMC - CMS/input_btnadd' is clicked on

2018-06-10 22:08:25 - [TEST_STEP][PASSED] - Statement - If (s == 10): null

2018-06-10 22:08:25 - [TEST_STEP][PASSED] - Statement - Else: null

2018-06-10 22:08:25 - [TEST_STEP][PASSED] - Statement - (s++): null

2018-06-10 22:08:25 - [TEST_STEP][PASSED] - delay: Delayed 1 second(s)

2018-06-10 22:08:26 - [MESSAGE][PASSED] - Delayed 1 second(s)

2018-06-10 22:08:26 - [TEST_STEP][PASSED] - selectOptionByIndex: All options with index in [10] are selected on object 'Object Repository/MOH AND GRN/Page_KDMC - CMS/select_--Select--Amikacin -500'

2018-06-10 22:08:27 - [MESSAGE][PASSED] - All options with index in [10] are selected on object 'Object Repository/MOH AND GRN/Page_KDMC - CMS/select_--Select--Amikacin -500'

2018-06-10 22:08:27 - [TEST_STEP][PASSED] - setText: Text '5000' is set on object 'Object Repository/MOH AND GRN/Page_KDMC - CMS/input_txtqty'

2018-06-10 22:08:27 - [MESSAGE][PASSED] - Text '5000' is set on object 'Object Repository/MOH AND GRN/Page_KDMC - CMS/input_txtqty'

2018-06-10 22:08:27 - [TEST_STEP][PASSED] - selectOptionByIndex: All options with index in [1] are selected on object 'Object Repository/MOH AND GRN/Page_KDMC - CMS/select_--Select--No Tax0'

2018-06-10 22:08:27 - [MESSAGE][PASSED] - All options with index in [1] are selected on object 'Object Repository/MOH AND GRN/Page_KDMC - CMS/select_--Select--No Tax0'

2018-06-10 22:08:27 - [TEST_STEP][PASSED] - setText: Finding Test Object with id 'Object Repository/MOH AND GRN/Page_KDMC - CMS/input_txtmrp'

2018-06-10 22:08:27 - [TEST_STEP][PASSED] - Statement - switch (id): Finding Test Object with id 'Object Repository/MOH AND GRN/Page_KDMC - CMS/input_txtdeal'

2018-06-10 22:08:27 - [TEST_STEP][PASSED] - Statement - case 4:: Text '15.0' is set on object 'Object Repository/MOH AND GRN/Page_KDMC - CMS/input_txtmrp'

2018-06-10 22:08:27 - [TEST_STEP][PASSED] - Statement - return (java.lang.Math.floor((java.lang.Math.random() * ((max - min) + 1))) + min): Text '15.0' is set on object 'Object Repository/MOH AND GRN/Page_KDMC - CMS/input_txtmrp'

2018-06-10 22:08:27 - [MESSAGE][PASSED] - Text '15.0' is set on object 'Object Repository/MOH AND GRN/Page_KDMC - CMS/input_txtmrp'

2018-06-10 22:08:27 - [TEST_STEP][PASSED] - setText: Finding Test Object with id 'Object Repository/MOH AND GRN/Page_KDMC - CMS/input_txtdeal'

2018-06-10 22:08:27 - [TEST_STEP][PASSED] - Statement - switch (id): Finding Test Object with id 'Object Repository/MOH AND GRN/Page_KDMC - CMS/input_txtbatchno'

2018-06-10 22:08:27 - [TEST_STEP][PASSED] - Statement - case 5:: Text '3.0' is set on object 'Object Repository/MOH AND GRN/Page_KDMC - CMS/input_txtdeal'

2018-06-10 22:08:27 - [TEST_STEP][PASSED] - Statement - return (java.lang.Math.floor((java.lang.Math.random() * ((max - min) + 1))) + min): Text '3.0' is set on object 'Object Repository/MOH AND GRN/Page_KDMC - CMS/input_txtdeal'

2018-06-10 22:08:27 - [MESSAGE][PASSED] - Text '3.0' is set on object 'Object Repository/MOH AND GRN/Page_KDMC - CMS/input_txtdeal'

2018-06-10 22:08:27 - [TEST_STEP][PASSED] - setText: Finding Test Object with id 'Object Repository/MOH AND GRN/Page_KDMC - CMS/input_txtbatchno'

2018-06-10 22:08:27 - [TEST_STEP][PASSED] - Statement - switch (id): Finding Test Object with id 'Object Repository/MOH AND GRN/Page_KDMC - CMS/input_txtmrp'

2018-06-10 22:08:27 - [TEST_STEP][PASSED] - Statement - case 1:: Text 'BA334.0' is set on object 'Object Repository/MOH AND GRN/Page_KDMC - CMS/input_txtbatchno'

2018-06-10 22:08:27 - [TEST_STEP][PASSED] - Statement - return (java.lang.Math.floor((java.lang.Math.random() * ((max - min) + 1))) + min): Text 'BA334.0' is set on object 'Object Repository/MOH AND GRN/Page_KDMC - CMS/input_txtbatchno'

2018-06-10 22:08:27 - [MESSAGE][PASSED] - Text 'BA334.0' is set on object 'Object Repository/MOH AND GRN/Page_KDMC - CMS/input_txtbatchno'

2018-06-10 22:08:27 - [TEST_STEP][PASSED] - rightClick: Object: 'Object Repository/GRN/Page_KDMC - CMS/input_txtexpdate' is right clicked on

2018-06-10 22:08:27 - [MESSAGE][PASSED] - Object: 'Object Repository/GRN/Page_KDMC - CMS/input_txtexpdate' is right clicked on

2018-06-10 22:08:27 - [TEST_STEP][PASSED] - selectOptionByIndex: All options with index in [10] are selected on object 'Object Repository/GRN/Page_KDMC - CMS/select_20182019202020212022202'

2018-06-10 22:08:28 - [MESSAGE][PASSED] - All options with index in [10] are selected on object 'Object Repository/GRN/Page_KDMC - CMS/select_20182019202020212022202'

2018-06-10 22:08:28 - [TEST_STEP][PASSED] - selectOptionByIndex: All options with index in [10] are selected on object 'Object Repository/GRN/Page_KDMC - CMS/select_JanFebMarAprMayJunJulAu'

2018-06-10 22:08:28 - [MESSAGE][PASSED] - All options with index in [10] are selected on object 'Object Repository/GRN/Page_KDMC - CMS/select_JanFebMarAprMayJunJulAu'

2018-06-10 22:08:28 - [TEST_STEP][PASSED] - click: Object: 'Object Repository/MOH AND GRN/Page_KDMC - CMS/a_12' is clicked on

2018-06-10 22:08:28 - [MESSAGE][PASSED] - Object: 'Object Repository/MOH AND GRN/Page_KDMC - CMS/a_12' is clicked on

2018-06-10 22:08:28 - [TEST_STEP][PASSED] - click: Object: 'Object Repository/MOH AND GRN/Page_KDMC - CMS/input_btnadd' is clicked on

2018-06-10 22:08:28 - [MESSAGE][PASSED] - Object: 'Object Repository/MOH AND GRN/Page_KDMC - CMS/input_btnadd' is clicked on

2018-06-10 22:08:28 - [TEST_STEP][PASSED] - Statement - If (s == 10): null

2018-06-10 22:08:28 - [TEST_STEP][PASSED] - Statement - s = 1: null

2018-06-10 22:08:28 - [TEST_STEP][PASSED] - delay: Delayed 1 second(s)

2018-06-10 22:08:29 - [MESSAGE][PASSED] - Delayed 1 second(s)

2018-06-10 22:08:29 - [TEST_STEP][PASSED] - selectOptionByIndex: All options with index in [11] are selected on object 'Object Repository/MOH AND GRN/Page_KDMC - CMS/select_--Select--Amikacin -500'

2018-06-10 22:08:29 - [MESSAGE][PASSED] - All options with index in [11] are selected on object 'Object Repository/MOH AND GRN/Page_KDMC - CMS/select_--Select--Amikacin -500'

2018-06-10 22:08:29 - [TEST_STEP][PASSED] - setText: Text '5000' is set on object 'Object Repository/MOH AND GRN/Page_KDMC - CMS/input_txtqty'

2018-06-10 22:08:29 - [MESSAGE][PASSED] - Text '5000' is set on object 'Object Repository/MOH AND GRN/Page_KDMC - CMS/input_txtqty'

2018-06-10 22:08:29 - [TEST_STEP][PASSED] - selectOptionByIndex: All options with index in [1] are selected on object 'Object Repository/MOH AND GRN/Page_KDMC - CMS/select_--Select--No Tax0'

2018-06-10 22:08:29 - [MESSAGE][PASSED] - All options with index in [1] are selected on object 'Object Repository/MOH AND GRN/Page_KDMC - CMS/select_--Select--No Tax0'

2018-06-10 22:08:29 - [TEST_STEP][PASSED] - setText: Finding Test Object with id 'Object Repository/MOH AND GRN/Page_KDMC - CMS/input_txtmrp'

2018-06-10 22:08:29 - [TEST_STEP][PASSED] - Statement - switch (id): Finding Test Object with id 'Object Repository/MOH AND GRN/Page_KDMC - CMS/input_txtdeal'

2018-06-10 22:08:29 - [TEST_STEP][PASSED] - Statement - case 4:: Text '28.0' is set on object 'Object Repository/MOH AND GRN/Page_KDMC - CMS/input_txtmrp'

2018-06-10 22:08:29 - [TEST_STEP][PASSED] - Statement - return (java.lang.Math.floor((java.lang.Math.random() * ((max - min) + 1))) + min): Text '28.0' is set on object 'Object Repository/MOH AND GRN/Page_KDMC - CMS/input_txtmrp'

2018-06-10 22:08:30 - [MESSAGE][PASSED] - Text '28.0' is set on object 'Object Repository/MOH AND GRN/Page_KDMC - CMS/input_txtmrp'

2018-06-10 22:08:30 - [TEST_STEP][PASSED] - setText: Finding Test Object with id 'Object Repository/MOH AND GRN/Page_KDMC - CMS/input_txtdeal'

2018-06-10 22:08:30 - [TEST_STEP][PASSED] - Statement - switch (id): Finding Test Object with id 'Object Repository/MOH AND GRN/Page_KDMC - CMS/input_txtbatchno'

2018-06-10 22:08:30 - [TEST_STEP][PASSED] - Statement - case 5:: Text '10.0' is set on object 'Object Repository/MOH AND GRN/Page_KDMC - CMS/input_txtdeal'

2018-06-10 22:08:30 - [TEST_STEP][PASSED] - Statement - return (java.lang.Math.floor((java.lang.Math.random() * ((max - min) + 1))) + min): Text '10.0' is set on object 'Object Repository/MOH AND GRN/Page_KDMC - CMS/input_txtdeal'

2018-06-10 22:08:30 - [MESSAGE][PASSED] - Text '10.0' is set on object 'Object Repository/MOH AND GRN/Page_KDMC - CMS/input_txtdeal'

2018-06-10 22:08:30 - [TEST_STEP][PASSED] - setText: Finding Test Object with id 'Object Repository/MOH AND GRN/Page_KDMC - CMS/input_txtbatchno'

2018-06-10 22:08:30 - [TEST_STEP][PASSED] - Statement - switch (id): Finding Test Object with id 'Object Repository/MOH AND GRN/Page_KDMC - CMS/input_txtmrp'

2018-06-10 22:08:30 - [TEST_STEP][PASSED] - Statement - case 1:: Text 'BA283.0' is set on object 'Object Repository/MOH AND GRN/Page_KDMC - CMS/input_txtbatchno'

2018-06-10 22:08:30 - [TEST_STEP][PASSED] - Statement - return (java.lang.Math.floor((java.lang.Math.random() * ((max - min) + 1))) + min): Text 'BA283.0' is set on object 'Object Repository/MOH AND GRN/Page_KDMC - CMS/input_txtbatchno'

2018-06-10 22:08:30 - [MESSAGE][PASSED] - Text 'BA283.0' is set on object 'Object Repository/MOH AND GRN/Page_KDMC - CMS/input_txtbatchno'

2018-06-10 22:08:30 - [TEST_STEP][PASSED] - rightClick: Object: 'Object Repository/GRN/Page_KDMC - CMS/input_txtexpdate' is right clicked on

2018-06-10 22:08:30 - [MESSAGE][PASSED] - Object: 'Object Repository/GRN/Page_KDMC - CMS/input_txtexpdate' is right clicked on

2018-06-10 22:08:30 - [TEST_STEP][PASSED] - selectOptionByIndex: All options with index in [1] are selected on object 'Object Repository/GRN/Page_KDMC - CMS/select_20182019202020212022202'

2018-06-10 22:08:30 - [MESSAGE][PASSED] - All options with index in [1] are selected on object 'Object Repository/GRN/Page_KDMC - CMS/select_20182019202020212022202'

2018-06-10 22:08:30 - [TEST_STEP][PASSED] - selectOptionByIndex: All options with index in [1] are selected on object 'Object Repository/GRN/Page_KDMC - CMS/select_JanFebMarAprMayJunJulAu'

2018-06-10 22:08:30 - [MESSAGE][PASSED] - All options with index in [1] are selected on object 'Object Repository/GRN/Page_KDMC - CMS/select_JanFebMarAprMayJunJulAu'

2018-06-10 22:08:30 - [TEST_STEP][PASSED] - click: Object: 'Object Repository/MOH AND GRN/Page_KDMC - CMS/a_12' is clicked on

2018-06-10 22:08:30 - [MESSAGE][PASSED] - Object: 'Object Repository/MOH AND GRN/Page_KDMC - CMS/a_12' is clicked on

2018-06-10 22:08:30 - [TEST_STEP][PASSED] - click: Object: 'Object Repository/MOH AND GRN/Page_KDMC - CMS/input_btnadd' is clicked on

2018-06-10 22:08:30 - [MESSAGE][PASSED] - Object: 'Object Repository/MOH AND GRN/Page_KDMC - CMS/input_btnadd' is clicked on

2018-06-10 22:08:30 - [TEST_STEP][PASSED] - Statement - If (s == 10): null

2018-06-10 22:08:30 - [TEST_STEP][PASSED] - Statement - Else: null

2018-06-10 22:08:30 - [TEST_STEP][PASSED] - Statement - (s++): null

2018-06-10 22:08:30 - [TEST_STEP][PASSED] - delay: Delayed 1 second(s)

2018-06-10 22:08:31 - [MESSAGE][PASSED] - Delayed 1 second(s)

2018-06-10 22:08:31 - [TEST_STEP][PASSED] - selectOptionByIndex: All options with index in [12] are selected on object 'Object Repository/MOH AND GRN/Page_KDMC - CMS/select_--Select--Amikacin -500'

2018-06-10 22:08:32 - [MESSAGE][PASSED] - All options with index in [12] are selected on object 'Object Repository/MOH AND GRN/Page_KDMC - CMS/select_--Select--Amikacin -500'

2018-06-10 22:08:32 - [TEST_STEP][PASSED] - setText: Text '5000' is set on object 'Object Repository/MOH AND GRN/Page_KDMC - CMS/input_txtqty'

2018-06-10 22:08:32 - [MESSAGE][PASSED] - Text '5000' is set on object 'Object Repository/MOH AND GRN/Page_KDMC - CMS/input_txtqty'

2018-06-10 22:08:32 - [TEST_STEP][PASSED] - selectOptionByIndex: All options with index in [1] are selected on object 'Object Repository/MOH AND GRN/Page_KDMC - CMS/select_--Select--No Tax0'

2018-06-10 22:08:32 - [MESSAGE][PASSED] - All options with index in [1] are selected on object 'Object Repository/MOH AND GRN/Page_KDMC - CMS/select_--Select--No Tax0'

2018-06-10 22:08:32 - [TEST_STEP][PASSED] - setText: Finding Test Object with id 'Object Repository/MOH AND GRN/Page_KDMC - CMS/input_txtmrp'

2018-06-10 22:08:32 - [TEST_STEP][PASSED] - Statement - switch (id): Finding Test Object with id 'Object Repository/MOH AND GRN/Page_KDMC - CMS/input_txtdeal'

2018-06-10 22:08:32 - [TEST_STEP][PASSED] - Statement - case 4:: Text '44.0' is set on object 'Object Repository/MOH AND GRN/Page_KDMC - CMS/input_txtmrp'

2018-06-10 22:08:32 - [TEST_STEP][PASSED] - Statement - return (java.lang.Math.floor((java.lang.Math.random() * ((max - min) + 1))) + min): Text '44.0' is set on object 'Object Repository/MOH AND GRN/Page_KDMC - CMS/input_txtmrp'

2018-06-10 22:08:32 - [MESSAGE][PASSED] - Text '44.0' is set on object 'Object Repository/MOH AND GRN/Page_KDMC - CMS/input_txtmrp'

2018-06-10 22:08:32 - [TEST_STEP][PASSED] - setText: Finding Test Object with id 'Object Repository/MOH AND GRN/Page_KDMC - CMS/input_txtdeal'

2018-06-10 22:08:32 - [TEST_STEP][PASSED] - Statement - switch (id): Finding Test Object with id 'Object Repository/MOH AND GRN/Page_KDMC - CMS/input_txtbatchno'

2018-06-10 22:08:32 - [TEST_STEP][PASSED] - Statement - case 5:: Text '1.0' is set on object 'Object Repository/MOH AND GRN/Page_KDMC - CMS/input_txtdeal'

2018-06-10 22:08:32 - [TEST_STEP][PASSED] - Statement - return (java.lang.Math.floor((java.lang.Math.random() * ((max - min) + 1))) + min): Text '1.0' is set on object 'Object Repository/MOH AND GRN/Page_KDMC - CMS/input_txtdeal'

2018-06-10 22:08:32 - [MESSAGE][PASSED] - Text '1.0' is set on object 'Object Repository/MOH AND GRN/Page_KDMC - CMS/input_txtdeal'

2018-06-10 22:08:32 - [TEST_STEP][PASSED] - setText: Finding Test Object with id 'Object Repository/MOH AND GRN/Page_KDMC - CMS/input_txtbatchno'

2018-06-10 22:08:32 - [TEST_STEP][PASSED] - Statement - switch (id): Finding Test Object with id 'Object Repository/MOH AND GRN/Page_KDMC - CMS/input_txtmrp'

2018-06-10 22:08:32 - [TEST_STEP][PASSED] - Statement - case 1:: Text 'BA159.0' is set on object 'Object Repository/MOH AND GRN/Page_KDMC - CMS/input_txtbatchno'

2018-06-10 22:08:32 - [TEST_STEP][PASSED] - Statement - return (java.lang.Math.floor((java.lang.Math.random() * ((max - min) + 1))) + min): Text 'BA159.0' is set on object 'Object Repository/MOH AND GRN/Page_KDMC - CMS/input_txtbatchno'

2018-06-10 22:08:32 - [MESSAGE][PASSED] - Text 'BA159.0' is set on object 'Object Repository/MOH AND GRN/Page_KDMC - CMS/input_txtbatchno'

2018-06-10 22:08:32 - [TEST_STEP][PASSED] - rightClick: Object: 'Object Repository/GRN/Page_KDMC - CMS/input_txtexpdate' is right clicked on

2018-06-10 22:08:32 - [MESSAGE][PASSED] - Object: 'Object Repository/GRN/Page_KDMC - CMS/input_txtexpdate' is right clicked on

2018-06-10 22:08:32 - [TEST_STEP][PASSED] - selectOptionByIndex: All options with index in [2] are selected on object 'Object Repository/GRN/Page_KDMC - CMS/select_20182019202020212022202'

2018-06-10 22:08:32 - [MESSAGE][PASSED] - All options with index in [2] are selected on object 'Object Repository/GRN/Page_KDMC - CMS/select_20182019202020212022202'

2018-06-10 22:08:32 - [TEST_STEP][PASSED] - selectOptionByIndex: All options with index in [2] are selected on object 'Object Repository/GRN/Page_KDMC - CMS/select_JanFebMarAprMayJunJulAu'

2018-06-10 22:08:32 - [MESSAGE][PASSED] - All options with index in [2] are selected on object 'Object Repository/GRN/Page_KDMC - CMS/select_JanFebMarAprMayJunJulAu'

2018-06-10 22:08:32 - [TEST_STEP][PASSED] - click: Object: 'Object Repository/MOH AND GRN/Page_KDMC - CMS/a_12' is clicked on

2018-06-10 22:08:33 - [MESSAGE][PASSED] - Object: 'Object Repository/MOH AND GRN/Page_KDMC - CMS/a_12' is clicked on

2018-06-10 22:08:33 - [TEST_STEP][PASSED] - click: Object: 'Object Repository/MOH AND GRN/Page_KDMC - CMS/input_btnadd' is clicked on

2018-06-10 22:08:33 - [MESSAGE][PASSED] - Object: 'Object Repository/MOH AND GRN/Page_KDMC - CMS/input_btnadd' is clicked on

2018-06-10 22:08:33 - [TEST_STEP][PASSED] - Statement - If (s == 10): null

2018-06-10 22:08:33 - [TEST_STEP][PASSED] - Statement - Else: null

2018-06-10 22:08:33 - [TEST_STEP][PASSED] - Statement - (s++): null

2018-06-10 22:08:33 - [TEST_STEP][PASSED] - delay: Delayed 1 second(s)

2018-06-10 22:08:34 - [MESSAGE][PASSED] - Delayed 1 second(s)

2018-06-10 22:08:34 - [TEST_STEP][PASSED] - selectOptionByIndex: All options with index in [13] are selected on object 'Object Repository/MOH AND GRN/Page_KDMC - CMS/select_--Select--Amikacin -500'

2018-06-10 22:08:34 - [MESSAGE][PASSED] - All options with index in [13] are selected on object 'Object Repository/MOH AND GRN/Page_KDMC - CMS/select_--Select--Amikacin -500'

2018-06-10 22:08:34 - [TEST_STEP][PASSED] - setText: Text '5000' is set on object 'Object Repository/MOH AND GRN/Page_KDMC - CMS/input_txtqty'

2018-06-10 22:08:34 - [MESSAGE][PASSED] - Text '5000' is set on object 'Object Repository/MOH AND GRN/Page_KDMC - CMS/input_txtqty'

2018-06-10 22:08:34 - [TEST_STEP][PASSED] - selectOptionByIndex: All options with index in [1] are selected on object 'Object Repository/MOH AND GRN/Page_KDMC - CMS/select_--Select--No Tax0'

2018-06-10 22:08:34 - [MESSAGE][PASSED] - All options with index in [1] are selected on object 'Object Repository/MOH AND GRN/Page_KDMC - CMS/select_--Select--No Tax0'

2018-06-10 22:08:34 - [TEST_STEP][PASSED] - setText: Finding Test Object with id 'Object Repository/MOH AND GRN/Page_KDMC - CMS/input_txtmrp'

2018-06-10 22:08:34 - [TEST_STEP][PASSED] - Statement - switch (id): Finding Test Object with id 'Object Repository/MOH AND GRN/Page_KDMC - CMS/input_txtdeal'

2018-06-10 22:08:34 - [TEST_STEP][PASSED] - Statement - case 4:: Text '19.0' is set on object 'Object Repository/MOH AND GRN/Page_KDMC - CMS/input_txtmrp'

2018-06-10 22:08:34 - [TEST_STEP][PASSED] - Statement - return (java.lang.Math.floor((java.lang.Math.random() * ((max - min) + 1))) + min): Text '19.0' is set on object 'Object Repository/MOH AND GRN/Page_KDMC - CMS/input_txtmrp'

2018-06-10 22:08:34 - [MESSAGE][PASSED] - Text '19.0' is set on object 'Object Repository/MOH AND GRN/Page_KDMC - CMS/input_txtmrp'

2018-06-10 22:08:34 - [TEST_STEP][PASSED] - setText: Finding Test Object with id 'Object Repository/MOH AND GRN/Page_KDMC - CMS/input_txtdeal'

2018-06-10 22:08:34 - [TEST_STEP][PASSED] - Statement - switch (id): Finding Test Object with id 'Object Repository/MOH AND GRN/Page_KDMC - CMS/input_txtbatchno'

2018-06-10 22:08:34 - [TEST_STEP][PASSED] - Statement - case 5:: Text '1.0' is set on object 'Object Repository/MOH AND GRN/Page_KDMC - CMS/input_txtdeal'

2018-06-10 22:08:34 - [TEST_STEP][PASSED] - Statement - return (java.lang.Math.floor((java.lang.Math.random() * ((max - min) + 1))) + min): Text '1.0' is set on object 'Object Repository/MOH AND GRN/Page_KDMC - CMS/input_txtdeal'

2018-06-10 22:08:34 - [MESSAGE][PASSED] - Text '1.0' is set on object 'Object Repository/MOH AND GRN/Page_KDMC - CMS/input_txtdeal'

2018-06-10 22:08:34 - [TEST_STEP][PASSED] - setText: Finding Test Object with id 'Object Repository/MOH AND GRN/Page_KDMC - CMS/input_txtbatchno'

2018-06-10 22:08:34 - [TEST_STEP][PASSED] - Statement - switch (id): Finding Test Object with id 'Object Repository/MOH AND GRN/Page_KDMC - CMS/input_txtmrp'

2018-06-10 22:08:34 - [TEST_STEP][PASSED] - Statement - case 1:: Text 'BA390.0' is set on object 'Object Repository/MOH AND GRN/Page_KDMC - CMS/input_txtbatchno'

2018-06-10 22:08:34 - [TEST_STEP][PASSED] - Statement - return (java.lang.Math.floor((java.lang.Math.random() * ((max - min) + 1))) + min): Text 'BA390.0' is set on object 'Object Repository/MOH AND GRN/Page_KDMC - CMS/input_txtbatchno'

2018-06-10 22:08:34 - [MESSAGE][PASSED] - Text 'BA390.0' is set on object 'Object Repository/MOH AND GRN/Page_KDMC - CMS/input_txtbatchno'

2018-06-10 22:08:34 - [TEST_STEP][PASSED] - rightClick: Object: 'Object Repository/GRN/Page_KDMC - CMS/input_txtexpdate' is right clicked on

2018-06-10 22:08:35 - [MESSAGE][PASSED] - Object: 'Object Repository/GRN/Page_KDMC - CMS/input_txtexpdate' is right clicked on

2018-06-10 22:08:35 - [TEST_STEP][PASSED] - selectOptionByIndex: All options with index in [3] are selected on object 'Object Repository/GRN/Page_KDMC - CMS/select_20182019202020212022202'

2018-06-10 22:08:35 - [MESSAGE][PASSED] - All options with index in [3] are selected on object 'Object Repository/GRN/Page_KDMC - CMS/select_20182019202020212022202'

2018-06-10 22:08:35 - [TEST_STEP][PASSED] - selectOptionByIndex: All options with index in [3] are selected on object 'Object Repository/GRN/Page_KDMC - CMS/select_JanFebMarAprMayJunJulAu'

2018-06-10 22:08:35 - [MESSAGE][PASSED] - All options with index in [3] are selected on object 'Object Repository/GRN/Page_KDMC - CMS/select_JanFebMarAprMayJunJulAu'

2018-06-10 22:08:35 - [TEST_STEP][PASSED] - click: Object: 'Object Repository/MOH AND GRN/Page_KDMC - CMS/a_12' is clicked on

2018-06-10 22:08:35 - [MESSAGE][PASSED] - Object: 'Object Repository/MOH AND GRN/Page_KDMC - CMS/a_12' is clicked on

2018-06-10 22:08:35 - [TEST_STEP][PASSED] - click: Object: 'Object Repository/MOH AND GRN/Page_KDMC - CMS/input_btnadd' is clicked on

2018-06-10 22:08:35 - [MESSAGE][PASSED] - Object: 'Object Repository/MOH AND GRN/Page_KDMC - CMS/input_btnadd' is clicked on

2018-06-10 22:08:35 - [TEST_STEP][PASSED] - Statement - If (s == 10): null

2018-06-10 22:08:35 - [TEST_STEP][PASSED] - Statement - Else: null

2018-06-10 22:08:35 - [TEST_STEP][PASSED] - Statement - (s++): null

2018-06-10 22:08:35 - [TEST_STEP][PASSED] - delay: Delayed 1 second(s)

2018-06-10 22:08:36 - [MESSAGE][PASSED] - Delayed 1 second(s)

2018-06-10 22:08:36 - [TEST_STEP][PASSED] - selectOptionByIndex: All options with index in [14] are selected on object 'Object Repository/MOH AND GRN/Page_KDMC - CMS/select_--Select--Amikacin -500'

2018-06-10 22:08:36 - [MESSAGE][PASSED] - All options with index in [14] are selected on object 'Object Repository/MOH AND GRN/Page_KDMC - CMS/select_--Select--Amikacin -500'

2018-06-10 22:08:36 - [TEST_STEP][PASSED] - setText: Text '5000' is set on object 'Object Repository/MOH AND GRN/Page_KDMC - CMS/input_txtqty'

2018-06-10 22:08:36 - [MESSAGE][PASSED] - Text '5000' is set on object 'Object Repository/MOH AND GRN/Page_KDMC - CMS/input_txtqty'

2018-06-10 22:08:36 - [TEST_STEP][PASSED] - selectOptionByIndex: All options with index in [1] are selected on object 'Object Repository/MOH AND GRN/Page_KDMC - CMS/select_--Select--No Tax0'

2018-06-10 22:08:37 - [MESSAGE][PASSED] - All options with index in [1] are selected on object 'Object Repository/MOH AND GRN/Page_KDMC - CMS/select_--Select--No Tax0'

2018-06-10 22:08:37 - [TEST_STEP][PASSED] - setText: Finding Test Object with id 'Object Repository/MOH AND GRN/Page_KDMC - CMS/input_txtmrp'

2018-06-10 22:08:37 - [TEST_STEP][PASSED] - Statement - switch (id): Finding Test Object with id 'Object Repository/MOH AND GRN/Page_KDMC - CMS/input_txtdeal'

2018-06-10 22:08:37 - [TEST_STEP][PASSED] - Statement - case 4:: Text '21.0' is set on object 'Object Repository/MOH AND GRN/Page_KDMC - CMS/input_txtmrp'

2018-06-10 22:08:37 - [TEST_STEP][PASSED] - Statement - return (java.lang.Math.floor((java.lang.Math.random() * ((max - min) + 1))) + min): Text '21.0' is set on object 'Object Repository/MOH AND GRN/Page_KDMC - CMS/input_txtmrp'

2018-06-10 22:08:37 - [MESSAGE][PASSED] - Text '21.0' is set on object 'Object Repository/MOH AND GRN/Page_KDMC - CMS/input_txtmrp'

2018-06-10 22:08:37 - [TEST_STEP][PASSED] - setText: Finding Test Object with id 'Object Repository/MOH AND GRN/Page_KDMC - CMS/input_txtdeal'

2018-06-10 22:08:37 - [TEST_STEP][PASSED] - Statement - switch (id): Finding Test Object with id 'Object Repository/MOH AND GRN/Page_KDMC - CMS/input_txtbatchno'

2018-06-10 22:08:37 - [TEST_STEP][PASSED] - Statement - case 5:: Text '6.0' is set on object 'Object Repository/MOH AND GRN/Page_KDMC - CMS/input_txtdeal'

2018-06-10 22:08:37 - [TEST_STEP][PASSED] - Statement - return (java.lang.Math.floor((java.lang.Math.random() * ((max - min) + 1))) + min): Text '6.0' is set on object 'Object Repository/MOH AND GRN/Page_KDMC - CMS/input_txtdeal'

2018-06-10 22:08:37 - [MESSAGE][PASSED] - Text '6.0' is set on object 'Object Repository/MOH AND GRN/Page_KDMC - CMS/input_txtdeal'

2018-06-10 22:08:37 - [TEST_STEP][PASSED] - setText: Finding Test Object with id 'Object Repository/MOH AND GRN/Page_KDMC - CMS/input_txtbatchno'

2018-06-10 22:08:37 - [TEST_STEP][PASSED] - Statement - switch (id): Finding Test Object with id 'Object Repository/MOH AND GRN/Page_KDMC - CMS/input_txtmrp'

2018-06-10 22:08:37 - [TEST_STEP][PASSED] - Statement - case 1:: Text 'BA778.0' is set on object 'Object Repository/MOH AND GRN/Page_KDMC - CMS/input_txtbatchno'

2018-06-10 22:08:37 - [TEST_STEP][PASSED] - Statement - return (java.lang.Math.floor((java.lang.Math.random() * ((max - min) + 1))) + min): Text 'BA778.0' is set on object 'Object Repository/MOH AND GRN/Page_KDMC - CMS/input_txtbatchno'

2018-06-10 22:08:37 - [MESSAGE][PASSED] - Text 'BA778.0' is set on object 'Object Repository/MOH AND GRN/Page_KDMC - CMS/input_txtbatchno'

2018-06-10 22:08:37 - [TEST_STEP][PASSED] - rightClick: Object: 'Object Repository/GRN/Page_KDMC - CMS/input_txtexpdate' is right clicked on

2018-06-10 22:08:37 - [MESSAGE][PASSED] - Object: 'Object Repository/GRN/Page_KDMC - CMS/input_txtexpdate' is right clicked on

2018-06-10 22:08:37 - [TEST_STEP][PASSED] - selectOptionByIndex: All options with index in [4] are selected on object 'Object Repository/GRN/Page_KDMC - CMS/select_20182019202020212022202'

2018-06-10 22:08:37 - [MESSAGE][PASSED] - All options with index in [4] are selected on object 'Object Repository/GRN/Page_KDMC - CMS/select_20182019202020212022202'

2018-06-10 22:08:37 - [TEST_STEP][PASSED] - selectOptionByIndex: All options with index in [4] are selected on object 'Object Repository/GRN/Page_KDMC - CMS/select_JanFebMarAprMayJunJulAu'

2018-06-10 22:08:37 - [MESSAGE][PASSED] - All options with index in [4] are selected on object 'Object Repository/GRN/Page_KDMC - CMS/select_JanFebMarAprMayJunJulAu'

2018-06-10 22:08:37 - [TEST_STEP][PASSED] - click: Object: 'Object Repository/MOH AND GRN/Page_KDMC - CMS/a_12' is clicked on

2018-06-10 22:08:37 - [MESSAGE][PASSED] - Object: 'Object Repository/MOH AND GRN/Page_KDMC - CMS/a_12' is clicked on

2018-06-10 22:08:37 - [TEST_STEP][PASSED] - click: Object: 'Object Repository/MOH AND GRN/Page_KDMC - CMS/input_btnadd' is clicked on

2018-06-10 22:08:37 - [MESSAGE][PASSED] - Object: 'Object Repository/MOH AND GRN/Page_KDMC - CMS/input_btnadd' is clicked on

2018-06-10 22:08:37 - [TEST_STEP][PASSED] - Statement - If (s == 10): null

2018-06-10 22:08:37 - [TEST_STEP][PASSED] - Statement - Else: null

2018-06-10 22:08:37 - [TEST_STEP][PASSED] - Statement - (s++): null

2018-06-10 22:08:37 - [TEST_STEP][PASSED] - delay: Delayed 1 second(s)

2018-06-10 22:08:38 - [MESSAGE][PASSED] - Delayed 1 second(s)

2018-06-10 22:08:38 - [TEST_STEP][PASSED] - selectOptionByIndex: All options with index in [15] are selected on object 'Object Repository/MOH AND GRN/Page_KDMC - CMS/select_--Select--Amikacin -500'

2018-06-10 22:08:39 - [MESSAGE][PASSED] - All options with index in [15] are selected on object 'Object Repository/MOH AND GRN/Page_KDMC - CMS/select_--Select--Amikacin -500'

2018-06-10 22:08:39 - [TEST_STEP][PASSED] - setText: Text '5000' is set on object 'Object Repository/MOH AND GRN/Page_KDMC - CMS/input_txtqty'

2018-06-10 22:08:39 - [MESSAGE][PASSED] - Text '5000' is set on object 'Object Repository/MOH AND GRN/Page_KDMC - CMS/input_txtqty'

2018-06-10 22:08:39 - [TEST_STEP][PASSED] - selectOptionByIndex: All options with index in [1] are selected on object 'Object Repository/MOH AND GRN/Page_KDMC - CMS/select_--Select--No Tax0'

2018-06-10 22:08:39 - [MESSAGE][PASSED] - All options with index in [1] are selected on object 'Object Repository/MOH AND GRN/Page_KDMC - CMS/select_--Select--No Tax0'

2018-06-10 22:08:39 - [TEST_STEP][PASSED] - setText: Finding Test Object with id 'Object Repository/MOH AND GRN/Page_KDMC - CMS/input_txtmrp'

2018-06-10 22:08:39 - [TEST_STEP][PASSED] - Statement - switch (id): Finding Test Object with id 'Object Repository/MOH AND GRN/Page_KDMC - CMS/input_txtdeal'

2018-06-10 22:08:39 - [TEST_STEP][PASSED] - Statement - case 4:: Text '27.0' is set on object 'Object Repository/MOH AND GRN/Page_KDMC - CMS/input_txtmrp'

2018-06-10 22:08:39 - [TEST_STEP][PASSED] - Statement - return (java.lang.Math.floor((java.lang.Math.random() * ((max - min) + 1))) + min): Text '27.0' is set on object 'Object Repository/MOH AND GRN/Page_KDMC - CMS/input_txtmrp'

2018-06-10 22:08:39 - [MESSAGE][PASSED] - Text '27.0' is set on object 'Object Repository/MOH AND GRN/Page_KDMC - CMS/input_txtmrp'

2018-06-10 22:08:39 - [TEST_STEP][PASSED] - setText: Finding Test Object with id 'Object Repository/MOH AND GRN/Page_KDMC - CMS/input_txtdeal'

2018-06-10 22:08:39 - [TEST_STEP][PASSED] - Statement - switch (id): Finding Test Object with id 'Object Repository/MOH AND GRN/Page_KDMC - CMS/input_txtbatchno'

2018-06-10 22:08:39 - [TEST_STEP][PASSED] - Statement - case 5:: Text '4.0' is set on object 'Object Repository/MOH AND GRN/Page_KDMC - CMS/input_txtdeal'

2018-06-10 22:08:39 - [TEST_STEP][PASSED] - Statement - return (java.lang.Math.floor((java.lang.Math.random() * ((max - min) + 1))) + min): Text '4.0' is set on object 'Object Repository/MOH AND GRN/Page_KDMC - CMS/input_txtdeal'

2018-06-10 22:08:39 - [MESSAGE][PASSED] - Text '4.0' is set on object 'Object Repository/MOH AND GRN/Page_KDMC - CMS/input_txtdeal'

2018-06-10 22:08:39 - [TEST_STEP][PASSED] - setText: Finding Test Object with id 'Object Repository/MOH AND GRN/Page_KDMC - CMS/input_txtbatchno'

2018-06-10 22:08:39 - [TEST_STEP][PASSED] - Statement - switch (id): Finding Test Object with id 'Object Repository/MOH AND GRN/Page_KDMC - CMS/input_txtmrp'

2018-06-10 22:08:39 - [TEST_STEP][PASSED] - Statement - case 1:: Text 'BA40.0' is set on object 'Object Repository/MOH AND GRN/Page_KDMC - CMS/input_txtbatchno'

2018-06-10 22:08:39 - [TEST_STEP][PASSED] - Statement - return (java.lang.Math.floor((java.lang.Math.random() * ((max - min) + 1))) + min): Text 'BA40.0' is set on object 'Object Repository/MOH AND GRN/Page_KDMC - CMS/input_txtbatchno'

2018-06-10 22:08:39 - [MESSAGE][PASSED] - Text 'BA40.0' is set on object 'Object Repository/MOH AND GRN/Page_KDMC - CMS/input_txtbatchno'

2018-06-10 22:08:39 - [TEST_STEP][PASSED] - rightClick: Object: 'Object Repository/GRN/Page_KDMC - CMS/input_txtexpdate' is right clicked on

2018-06-10 22:08:39 - [MESSAGE][PASSED] - Object: 'Object Repository/GRN/Page_KDMC - CMS/input_txtexpdate' is right clicked on

2018-06-10 22:08:39 - [TEST_STEP][PASSED] - selectOptionByIndex: All options with index in [5] are selected on object 'Object Repository/GRN/Page_KDMC - CMS/select_20182019202020212022202'

2018-06-10 22:08:40 - [MESSAGE][PASSED] - All options with index in [5] are selected on object 'Object Repository/GRN/Page_KDMC - CMS/select_20182019202020212022202'

2018-06-10 22:08:40 - [TEST_STEP][PASSED] - selectOptionByIndex: All options with index in [5] are selected on object 'Object Repository/GRN/Page_KDMC - CMS/select_JanFebMarAprMayJunJulAu'

2018-06-10 22:08:40 - [MESSAGE][PASSED] - All options with index in [5] are selected on object 'Object Repository/GRN/Page_KDMC - CMS/select_JanFebMarAprMayJunJulAu'

2018-06-10 22:08:40 - [TEST_STEP][PASSED] - click: Object: 'Object Repository/MOH AND GRN/Page_KDMC - CMS/a_12' is clicked on

2018-06-10 22:08:40 - [MESSAGE][PASSED] - Object: 'Object Repository/MOH AND GRN/Page_KDMC - CMS/a_12' is clicked on

2018-06-10 22:08:40 - [TEST_STEP][PASSED] - click: Object: 'Object Repository/MOH AND GRN/Page_KDMC - CMS/input_btnadd' is clicked on

2018-06-10 22:08:40 - [MESSAGE][PASSED] - Object: 'Object Repository/MOH AND GRN/Page_KDMC - CMS/input_btnadd' is clicked on

2018-06-10 22:08:40 - [TEST_STEP][PASSED] - Statement - If (s == 10): null

2018-06-10 22:08:40 - [TEST_STEP][PASSED] - Statement - Else: null

2018-06-10 22:08:40 - [TEST_STEP][PASSED] - Statement - (s++): null

2018-06-10 22:08:40 - [TEST_STEP][PASSED] - delay: Delayed 1 second(s)

2018-06-10 22:08:41 - [MESSAGE][PASSED] - Delayed 1 second(s)

2018-06-10 22:08:41 - [TEST_STEP][PASSED] - selectOptionByIndex: All options with index in [16] are selected on object 'Object Repository/MOH AND GRN/Page_KDMC - CMS/select_--Select--Amikacin -500'

2018-06-10 22:08:41 - [MESSAGE][PASSED] - All options with index in [16] are selected on object 'Object Repository/MOH AND GRN/Page_KDMC - CMS/select_--Select--Amikacin -500'

2018-06-10 22:08:41 - [TEST_STEP][PASSED] - setText: Text '5000' is set on object 'Object Repository/MOH AND GRN/Page_KDMC - CMS/input_txtqty'

2018-06-10 22:08:41 - [MESSAGE][PASSED] - Text '5000' is set on object 'Object Repository/MOH AND GRN/Page_KDMC - CMS/input_txtqty'

2018-06-10 22:08:41 - [TEST_STEP][PASSED] - selectOptionByIndex: All options with index in [1] are selected on object 'Object Repository/MOH AND GRN/Page_KDMC - CMS/select_--Select--No Tax0'

2018-06-10 22:08:41 - [MESSAGE][PASSED] - All options with index in [1] are selected on object 'Object Repository/MOH AND GRN/Page_KDMC - CMS/select_--Select--No Tax0'

2018-06-10 22:08:41 - [TEST_STEP][PASSED] - setText: Finding Test Object with id 'Object Repository/MOH AND GRN/Page_KDMC - CMS/input_txtmrp'

2018-06-10 22:08:41 - [TEST_STEP][PASSED] - Statement - switch (id): Finding Test Object with id 'Object Repository/MOH AND GRN/Page_KDMC - CMS/input_txtdeal'

2018-06-10 22:08:41 - [TEST_STEP][PASSED] - Statement - case 4:: Text '19.0' is set on object 'Object Repository/MOH AND GRN/Page_KDMC - CMS/input_txtmrp'

2018-06-10 22:08:41 - [TEST_STEP][PASSED] - Statement - return (java.lang.Math.floor((java.lang.Math.random() * ((max - min) + 1))) + min): Text '19.0' is set on object 'Object Repository/MOH AND GRN/Page_KDMC - CMS/input_txtmrp'

2018-06-10 22:08:42 - [MESSAGE][PASSED] - Text '19.0' is set on object 'Object Repository/MOH AND GRN/Page_KDMC - CMS/input_txtmrp'

2018-06-10 22:08:42 - [TEST_STEP][PASSED] - setText: Finding Test Object with id 'Object Repository/MOH AND GRN/Page_KDMC - CMS/input_txtdeal'

2018-06-10 22:08:42 - [TEST_STEP][PASSED] - Statement - switch (id): Finding Test Object with id 'Object Repository/MOH AND GRN/Page_KDMC - CMS/input_txtbatchno'

2018-06-10 22:08:42 - [TEST_STEP][PASSED] - Statement - case 5:: Text '12.0' is set on object 'Object Repository/MOH AND GRN/Page_KDMC - CMS/input_txtdeal'

2018-06-10 22:08:42 - [TEST_STEP][PASSED] - Statement - return (java.lang.Math.floor((java.lang.Math.random() * ((max - min) + 1))) + min): Text '12.0' is set on object 'Object Repository/MOH AND GRN/Page_KDMC - CMS/input_txtdeal'

2018-06-10 22:08:42 - [MESSAGE][PASSED] - Text '12.0' is set on object 'Object Repository/MOH AND GRN/Page_KDMC - CMS/input_txtdeal'

2018-06-10 22:08:42 - [TEST_STEP][PASSED] - setText: Finding Test Object with id 'Object Repository/MOH AND GRN/Page_KDMC - CMS/input_txtbatchno'

2018-06-10 22:08:42 - [TEST_STEP][PASSED] - Statement - switch (id): Finding Test Object with id 'Object Repository/MOH AND GRN/Page_KDMC - CMS/input_txtmrp'

2018-06-10 22:08:42 - [TEST_STEP][PASSED] - Statement - case 1:: Text 'BA115.0' is set on object 'Object Repository/MOH AND GRN/Page_KDMC - CMS/input_txtbatchno'

2018-06-10 22:08:42 - [TEST_STEP][PASSED] - Statement - return (java.lang.Math.floor((java.lang.Math.random() * ((max - min) + 1))) + min): Text 'BA115.0' is set on object 'Object Repository/MOH AND GRN/Page_KDMC - CMS/input_txtbatchno'

2018-06-10 22:08:42 - [MESSAGE][PASSED] - Text 'BA115.0' is set on object 'Object Repository/MOH AND GRN/Page_KDMC - CMS/input_txtbatchno'

2018-06-10 22:08:42 - [TEST_STEP][PASSED] - rightClick: Object: 'Object Repository/GRN/Page_KDMC - CMS/input_txtexpdate' is right clicked on

2018-06-10 22:08:42 - [MESSAGE][PASSED] - Object: 'Object Repository/GRN/Page_KDMC - CMS/input_txtexpdate' is right clicked on

2018-06-10 22:08:42 - [TEST_STEP][PASSED] - selectOptionByIndex: All options with index in [6] are selected on object 'Object Repository/GRN/Page_KDMC - CMS/select_20182019202020212022202'

2018-06-10 22:08:42 - [MESSAGE][PASSED] - All options with index in [6] are selected on object 'Object Repository/GRN/Page_KDMC - CMS/select_20182019202020212022202'

2018-06-10 22:08:42 - [TEST_STEP][PASSED] - selectOptionByIndex: All options with index in [6] are selected on object 'Object Repository/GRN/Page_KDMC - CMS/select_JanFebMarAprMayJunJulAu'

2018-06-10 22:08:42 - [MESSAGE][PASSED] - All options with index in [6] are selected on object 'Object Repository/GRN/Page_KDMC - CMS/select_JanFebMarAprMayJunJulAu'

2018-06-10 22:08:42 - [TEST_STEP][PASSED] - click: Object: 'Object Repository/MOH AND GRN/Page_KDMC - CMS/a_12' is clicked on

2018-06-10 22:08:42 - [MESSAGE][PASSED] - Object: 'Object Repository/MOH AND GRN/Page_KDMC - CMS/a_12' is clicked on

2018-06-10 22:08:42 - [TEST_STEP][PASSED] - click: Object: 'Object Repository/MOH AND GRN/Page_KDMC - CMS/input_btnadd' is clicked on

2018-06-10 22:08:42 - [MESSAGE][PASSED] - Object: 'Object Repository/MOH AND GRN/Page_KDMC - CMS/input_btnadd' is clicked on

2018-06-10 22:08:42 - [TEST_STEP][PASSED] - Statement - If (s == 10): null

2018-06-10 22:08:42 - [TEST_STEP][PASSED] - Statement - Else: null

2018-06-10 22:08:42 - [TEST_STEP][PASSED] - Statement - (s++): null

2018-06-10 22:08:42 - [TEST_STEP][PASSED] - delay: Delayed 1 second(s)

2018-06-10 22:08:43 - [MESSAGE][PASSED] - Delayed 1 second(s)

2018-06-10 22:08:43 - [TEST_STEP][PASSED] - selectOptionByIndex: All options with index in [17] are selected on object 'Object Repository/MOH AND GRN/Page_KDMC - CMS/select_--Select--Amikacin -500'

2018-06-10 22:08:44 - [MESSAGE][PASSED] - All options with index in [17] are selected on object 'Object Repository/MOH AND GRN/Page_KDMC - CMS/select_--Select--Amikacin -500'

2018-06-10 22:08:44 - [TEST_STEP][PASSED] - setText: Text '5000' is set on object 'Object Repository/MOH AND GRN/Page_KDMC - CMS/input_txtqty'

2018-06-10 22:08:44 - [MESSAGE][PASSED] - Text '5000' is set on object 'Object Repository/MOH AND GRN/Page_KDMC - CMS/input_txtqty'

2018-06-10 22:08:44 - [TEST_STEP][PASSED] - selectOptionByIndex: All options with index in [1] are selected on object 'Object Repository/MOH AND GRN/Page_KDMC - CMS/select_--Select--No Tax0'

2018-06-10 22:08:44 - [MESSAGE][PASSED] - All options with index in [1] are selected on object 'Object Repository/MOH AND GRN/Page_KDMC - CMS/select_--Select--No Tax0'

2018-06-10 22:08:44 - [TEST_STEP][PASSED] - setText: Finding Test Object with id 'Object Repository/MOH AND GRN/Page_KDMC - CMS/input_txtmrp'

2018-06-10 22:08:44 - [TEST_STEP][PASSED] - Statement - switch (id): Finding Test Object with id 'Object Repository/MOH AND GRN/Page_KDMC - CMS/input_txtdeal'

2018-06-10 22:08:44 - [TEST_STEP][PASSED] - Statement - case 4:: Text '22.0' is set on object 'Object Repository/MOH AND GRN/Page_KDMC - CMS/input_txtmrp'

2018-06-10 22:08:44 - [TEST_STEP][PASSED] - Statement - return (java.lang.Math.floor((java.lang.Math.random() * ((max - min) + 1))) + min): Text '22.0' is set on object 'Object Repository/MOH AND GRN/Page_KDMC - CMS/input_txtmrp'

2018-06-10 22:08:44 - [MESSAGE][PASSED] - Text '22.0' is set on object 'Object Repository/MOH AND GRN/Page_KDMC - CMS/input_txtmrp'

2018-06-10 22:08:44 - [TEST_STEP][PASSED] - setText: Finding Test Object with id 'Object Repository/MOH AND GRN/Page_KDMC - CMS/input_txtdeal'

2018-06-10 22:08:44 - [TEST_STEP][PASSED] - Statement - switch (id): Finding Test Object with id 'Object Repository/MOH AND GRN/Page_KDMC - CMS/input_txtbatchno'

2018-06-10 22:08:44 - [TEST_STEP][PASSED] - Statement - case 5:: Text '12.0' is set on object 'Object Repository/MOH AND GRN/Page_KDMC - CMS/input_txtdeal'

2018-06-10 22:08:44 - [TEST_STEP][PASSED] - Statement - return (java.lang.Math.floor((java.lang.Math.random() * ((max - min) + 1))) + min): Text '12.0' is set on object 'Object Repository/MOH AND GRN/Page_KDMC - CMS/input_txtdeal'

2018-06-10 22:08:44 - [MESSAGE][PASSED] - Text '12.0' is set on object 'Object Repository/MOH AND GRN/Page_KDMC - CMS/input_txtdeal'

2018-06-10 22:08:44 - [TEST_STEP][PASSED] - setText: Finding Test Object with id 'Object Repository/MOH AND GRN/Page_KDMC - CMS/input_txtbatchno'

2018-06-10 22:08:44 - [TEST_STEP][PASSED] - Statement - switch (id): Finding Test Object with id 'Object Repository/MOH AND GRN/Page_KDMC - CMS/input_txtmrp'

2018-06-10 22:08:44 - [TEST_STEP][PASSED] - Statement - case 1:: Text 'BA188.0' is set on object 'Object Repository/MOH AND GRN/Page_KDMC - CMS/input_txtbatchno'

2018-06-10 22:08:44 - [TEST_STEP][PASSED] - Statement - return (java.lang.Math.floor((java.lang.Math.random() * ((max - min) + 1))) + min): Text 'BA188.0' is set on object 'Object Repository/MOH AND GRN/Page_KDMC - CMS/input_txtbatchno'

2018-06-10 22:08:44 - [MESSAGE][PASSED] - Text 'BA188.0' is set on object 'Object Repository/MOH AND GRN/Page_KDMC - CMS/input_txtbatchno'

2018-06-10 22:08:44 - [TEST_STEP][PASSED] - rightClick: Object: 'Object Repository/GRN/Page_KDMC - CMS/input_txtexpdate' is right clicked on

2018-06-10 22:08:44 - [MESSAGE][PASSED] - Object: 'Object Repository/GRN/Page_KDMC - CMS/input_txtexpdate' is right clicked on

2018-06-10 22:08:44 - [TEST_STEP][PASSED] - selectOptionByIndex: All options with index in [7] are selected on object 'Object Repository/GRN/Page_KDMC - CMS/select_20182019202020212022202'

2018-06-10 22:08:45 - [MESSAGE][PASSED] - All options with index in [7] are selected on object 'Object Repository/GRN/Page_KDMC - CMS/select_20182019202020212022202'

2018-06-10 22:08:45 - [TEST_STEP][PASSED] - selectOptionByIndex: All options with index in [7] are selected on object 'Object Repository/GRN/Page_KDMC - CMS/select_JanFebMarAprMayJunJulAu'

2018-06-10 22:08:45 - [MESSAGE][PASSED] - All options with index in [7] are selected on object 'Object Repository/GRN/Page_KDMC - CMS/select_JanFebMarAprMayJunJulAu'

2018-06-10 22:08:45 - [TEST_STEP][PASSED] - click: Object: 'Object Repository/MOH AND GRN/Page_KDMC - CMS/a_12' is clicked on

2018-06-10 22:08:45 - [MESSAGE][PASSED] - Object: 'Object Repository/MOH AND GRN/Page_KDMC - CMS/a_12' is clicked on

2018-06-10 22:08:45 - [TEST_STEP][PASSED] - click: Object: 'Object Repository/MOH AND GRN/Page_KDMC - CMS/input_btnadd' is clicked on

2018-06-10 22:08:45 - [MESSAGE][PASSED] - Object: 'Object Repository/MOH AND GRN/Page_KDMC - CMS/input_btnadd' is clicked on

2018-06-10 22:08:45 - [TEST_STEP][PASSED] - Statement - If (s == 10): null

2018-06-10 22:08:45 - [TEST_STEP][PASSED] - Statement - Else: null

2018-06-10 22:08:45 - [TEST_STEP][PASSED] - Statement - (s++): null

2018-06-10 22:08:45 - [TEST_STEP][PASSED] - delay: Delayed 1 second(s)

2018-06-10 22:08:46 - [MESSAGE][PASSED] - Delayed 1 second(s)

2018-06-10 22:08:46 - [TEST_STEP][PASSED] - selectOptionByIndex: All options with index in [18] are selected on object 'Object Repository/MOH AND GRN/Page_KDMC - CMS/select_--Select--Amikacin -500'

2018-06-10 22:08:46 - [MESSAGE][PASSED] - All options with index in [18] are selected on object 'Object Repository/MOH AND GRN/Page_KDMC - CMS/select_--Select--Amikacin -500'

2018-06-10 22:08:46 - [TEST_STEP][PASSED] - setText: Text '5000' is set on object 'Object Repository/MOH AND GRN/Page_KDMC - CMS/input_txtqty'

2018-06-10 22:08:46 - [MESSAGE][PASSED] - Text '5000' is set on object 'Object Repository/MOH AND GRN/Page_KDMC - CMS/input_txtqty'

2018-06-10 22:08:46 - [TEST_STEP][PASSED] - selectOptionByIndex: All options with index in [1] are selected on object 'Object Repository/MOH AND GRN/Page_KDMC - CMS/select_--Select--No Tax0'

2018-06-10 22:08:47 - [MESSAGE][PASSED] - All options with index in [1] are selected on object 'Object Repository/MOH AND GRN/Page_KDMC - CMS/select_--Select--No Tax0'

2018-06-10 22:08:47 - [TEST_STEP][PASSED] - setText: Finding Test Object with id 'Object Repository/MOH AND GRN/Page_KDMC - CMS/input_txtmrp'

2018-06-10 22:08:47 - [TEST_STEP][PASSED] - Statement - switch (id): Finding Test Object with id 'Object Repository/MOH AND GRN/Page_KDMC - CMS/input_txtdeal'

2018-06-10 22:08:47 - [TEST_STEP][PASSED] - Statement - case 4:: Text '39.0' is set on object 'Object Repository/MOH AND GRN/Page_KDMC - CMS/input_txtmrp'

2018-06-10 22:08:47 - [TEST_STEP][PASSED] - Statement - return (java.lang.Math.floor((java.lang.Math.random() * ((max - min) + 1))) + min): Text '39.0' is set on object 'Object Repository/MOH AND GRN/Page_KDMC - CMS/input_txtmrp'

2018-06-10 22:08:47 - [MESSAGE][PASSED] - Text '39.0' is set on object 'Object Repository/MOH AND GRN/Page_KDMC - CMS/input_txtmrp'

2018-06-10 22:08:47 - [TEST_STEP][PASSED] - setText: Finding Test Object with id 'Object Repository/MOH AND GRN/Page_KDMC - CMS/input_txtdeal'

2018-06-10 22:08:47 - [TEST_STEP][PASSED] - Statement - switch (id): Finding Test Object with id 'Object Repository/MOH AND GRN/Page_KDMC - CMS/input_txtbatchno'

2018-06-10 22:08:47 - [TEST_STEP][PASSED] - Statement - case 5:: Text '7.0' is set on object 'Object Repository/MOH AND GRN/Page_KDMC - CMS/input_txtdeal'

2018-06-10 22:08:47 - [TEST_STEP][PASSED] - Statement - return (java.lang.Math.floor((java.lang.Math.random() * ((max - min) + 1))) + min): Text '7.0' is set on object 'Object Repository/MOH AND GRN/Page_KDMC - CMS/input_txtdeal'

2018-06-10 22:08:47 - [MESSAGE][PASSED] - Text '7.0' is set on object 'Object Repository/MOH AND GRN/Page_KDMC - CMS/input_txtdeal'

2018-06-10 22:08:47 - [TEST_STEP][PASSED] - setText: Finding Test Object with id 'Object Repository/MOH AND GRN/Page_KDMC - CMS/input_txtbatchno'

2018-06-10 22:08:47 - [TEST_STEP][PASSED] - Statement - switch (id): Finding Test Object with id 'Object Repository/MOH AND GRN/Page_KDMC - CMS/input_txtmrp'

2018-06-10 22:08:47 - [TEST_STEP][PASSED] - Statement - case 1:: Text 'BA677.0' is set on object 'Object Repository/MOH AND GRN/Page_KDMC - CMS/input_txtbatchno'

2018-06-10 22:08:47 - [TEST_STEP][PASSED] - Statement - return (java.lang.Math.floor((java.lang.Math.random() * ((max - min) + 1))) + min): Text 'BA677.0' is set on object 'Object Repository/MOH AND GRN/Page_KDMC - CMS/input_txtbatchno'

2018-06-10 22:08:47 - [MESSAGE][PASSED] - Text 'BA677.0' is set on object 'Object Repository/MOH AND GRN/Page_KDMC - CMS/input_txtbatchno'

2018-06-10 22:08:47 - [TEST_STEP][PASSED] - rightClick: Object: 'Object Repository/GRN/Page_KDMC - CMS/input_txtexpdate' is right clicked on

2018-06-10 22:08:47 - [MESSAGE][PASSED] - Object: 'Object Repository/GRN/Page_KDMC - CMS/input_txtexpdate' is right clicked on

2018-06-10 22:08:47 - [TEST_STEP][PASSED] - selectOptionByIndex: All options with index in [8] are selected on object 'Object Repository/GRN/Page_KDMC - CMS/select_20182019202020212022202'

2018-06-10 22:08:47 - [MESSAGE][PASSED] - All options with index in [8] are selected on object 'Object Repository/GRN/Page_KDMC - CMS/select_20182019202020212022202'

2018-06-10 22:08:47 - [TEST_STEP][PASSED] - selectOptionByIndex: All options with index in [8] are selected on object 'Object Repository/GRN/Page_KDMC - CMS/select_JanFebMarAprMayJunJulAu'

2018-06-10 22:08:47 - [MESSAGE][PASSED] - All options with index in [8] are selected on object 'Object Repository/GRN/Page_KDMC - CMS/select_JanFebMarAprMayJunJulAu'

2018-06-10 22:08:47 - [TEST_STEP][PASSED] - click: Object: 'Object Repository/MOH AND GRN/Page_KDMC - CMS/a_12' is clicked on

2018-06-10 22:08:47 - [MESSAGE][PASSED] - Object: 'Object Repository/MOH AND GRN/Page_KDMC - CMS/a_12' is clicked on

2018-06-10 22:08:47 - [TEST_STEP][PASSED] - click: Object: 'Object Repository/MOH AND GRN/Page_KDMC - CMS/input_btnadd' is clicked on

2018-06-10 22:08:48 - [MESSAGE][PASSED] - Object: 'Object Repository/MOH AND GRN/Page_KDMC - CMS/input_btnadd' is clicked on

2018-06-10 22:08:48 - [TEST_STEP][PASSED] - Statement - If (s == 10): null

2018-06-10 22:08:48 - [TEST_STEP][PASSED] - Statement - Else: null

2018-06-10 22:08:48 - [TEST_STEP][PASSED] - Statement - (s++): null

2018-06-10 22:08:48 - [TEST_STEP][PASSED] - delay: Delayed 1 second(s)

2018-06-10 22:08:49 - [MESSAGE][PASSED] - Delayed 1 second(s)

2018-06-10 22:08:49 - [TEST_STEP][PASSED] - selectOptionByIndex: All options with index in [19] are selected on object 'Object Repository/MOH AND GRN/Page_KDMC - CMS/select_--Select--Amikacin -500'

2018-06-10 22:08:49 - [MESSAGE][PASSED] - All options with index in [19] are selected on object 'Object Repository/MOH AND GRN/Page_KDMC - CMS/select_--Select--Amikacin -500'

2018-06-10 22:08:49 - [TEST_STEP][PASSED] - setText: Text '5000' is set on object 'Object Repository/MOH AND GRN/Page_KDMC - CMS/input_txtqty'

2018-06-10 22:08:49 - [MESSAGE][PASSED] - Text '5000' is set on object 'Object Repository/MOH AND GRN/Page_KDMC - CMS/input_txtqty'

2018-06-10 22:08:49 - [TEST_STEP][PASSED] - selectOptionByIndex: All options with index in [1] are selected on object 'Object Repository/MOH AND GRN/Page_KDMC - CMS/select_--Select--No Tax0'

2018-06-10 22:08:49 - [MESSAGE][PASSED] - All options with index in [1] are selected on object 'Object Repository/MOH AND GRN/Page_KDMC - CMS/select_--Select--No Tax0'

2018-06-10 22:08:49 - [TEST_STEP][PASSED] - setText: Finding Test Object with id 'Object Repository/MOH AND GRN/Page_KDMC - CMS/input_txtmrp'

2018-06-10 22:08:49 - [TEST_STEP][PASSED] - Statement - switch (id): Finding Test Object with id 'Object Repository/MOH AND GRN/Page_KDMC - CMS/input_txtdeal'

2018-06-10 22:08:49 - [TEST_STEP][PASSED] - Statement - case 4:: Text '35.0' is set on object 'Object Repository/MOH AND GRN/Page_KDMC - CMS/input_txtmrp'

2018-06-10 22:08:49 - [TEST_STEP][PASSED] - Statement - return (java.lang.Math.floor((java.lang.Math.random() * ((max - min) + 1))) + min): Text '35.0' is set on object 'Object Repository/MOH AND GRN/Page_KDMC - CMS/input_txtmrp'

2018-06-10 22:08:49 - [MESSAGE][PASSED] - Text '35.0' is set on object 'Object Repository/MOH AND GRN/Page_KDMC - CMS/input_txtmrp'

2018-06-10 22:08:49 - [TEST_STEP][PASSED] - setText: Finding Test Object with id 'Object Repository/MOH AND GRN/Page_KDMC - CMS/input_txtdeal'

2018-06-10 22:08:49 - [TEST_STEP][PASSED] - Statement - switch (id): Finding Test Object with id 'Object Repository/MOH AND GRN/Page_KDMC - CMS/input_txtbatchno'

2018-06-10 22:08:49 - [TEST_STEP][PASSED] - Statement - case 5:: Text '8.0' is set on object 'Object Repository/MOH AND GRN/Page_KDMC - CMS/input_txtdeal'

2018-06-10 22:08:49 - [TEST_STEP][PASSED] - Statement - return (java.lang.Math.floor((java.lang.Math.random() * ((max - min) + 1))) + min): Text '8.0' is set on object 'Object Repository/MOH AND GRN/Page_KDMC - CMS/input_txtdeal'

2018-06-10 22:08:49 - [MESSAGE][PASSED] - Text '8.0' is set on object 'Object Repository/MOH AND GRN/Page_KDMC - CMS/input_txtdeal'

2018-06-10 22:08:49 - [TEST_STEP][PASSED] - setText: Finding Test Object with id 'Object Repository/MOH AND GRN/Page_KDMC - CMS/input_txtbatchno'

2018-06-10 22:08:49 - [TEST_STEP][PASSED] - Statement - switch (id): Finding Test Object with id 'Object Repository/MOH AND GRN/Page_KDMC - CMS/input_txtmrp'

2018-06-10 22:08:49 - [TEST_STEP][PASSED] - Statement - case 1:: Text 'BA501.0' is set on object 'Object Repository/MOH AND GRN/Page_KDMC - CMS/input_txtbatchno'

2018-06-10 22:08:49 - [TEST_STEP][PASSED] - Statement - return (java.lang.Math.floor((java.lang.Math.random() * ((max - min) + 1))) + min): Text 'BA501.0' is set on object 'Object Repository/MOH AND GRN/Page_KDMC - CMS/input_txtbatchno'

2018-06-10 22:08:49 - [MESSAGE][PASSED] - Text 'BA501.0' is set on object 'Object Repository/MOH AND GRN/Page_KDMC - CMS/input_txtbatchno'

2018-06-10 22:08:49 - [TEST_STEP][PASSED] - rightClick: Object: 'Object Repository/GRN/Page_KDMC - CMS/input_txtexpdate' is right clicked on

2018-06-10 22:08:50 - [MESSAGE][PASSED] - Object: 'Object Repository/GRN/Page_KDMC - CMS/input_txtexpdate' is right clicked on

2018-06-10 22:08:50 - [TEST_STEP][PASSED] - selectOptionByIndex: All options with index in [9] are selected on object 'Object Repository/GRN/Page_KDMC - CMS/select_20182019202020212022202'

2018-06-10 22:08:50 - [MESSAGE][PASSED] - All options with index in [9] are selected on object 'Object Repository/GRN/Page_KDMC - CMS/select_20182019202020212022202'

2018-06-10 22:08:50 - [TEST_STEP][PASSED] - selectOptionByIndex: All options with index in [9] are selected on object 'Object Repository/GRN/Page_KDMC - CMS/select_JanFebMarAprMayJunJulAu'

2018-06-10 22:08:50 - [MESSAGE][PASSED] - All options with index in [9] are selected on object 'Object Repository/GRN/Page_KDMC - CMS/select_JanFebMarAprMayJunJulAu'

2018-06-10 22:08:50 - [TEST_STEP][PASSED] - click: Object: 'Object Repository/MOH AND GRN/Page_KDMC - CMS/a_12' is clicked on

2018-06-10 22:08:50 - [MESSAGE][PASSED] - Object: 'Object Repository/MOH AND GRN/Page_KDMC - CMS/a_12' is clicked on

2018-06-10 22:08:50 - [TEST_STEP][PASSED] - click: Object: 'Object Repository/MOH AND GRN/Page_KDMC - CMS/input_btnadd' is clicked on

2018-06-10 22:08:50 - [MESSAGE][PASSED] - Object: 'Object Repository/MOH AND GRN/Page_KDMC - CMS/input_btnadd' is clicked on

2018-06-10 22:08:50 - [TEST_STEP][PASSED] - Statement - If (s == 10): null

2018-06-10 22:08:50 - [TEST_STEP][PASSED] - Statement - Else: null

2018-06-10 22:08:50 - [TEST_STEP][PASSED] - Statement - (s++): null

2018-06-10 22:08:50 - [TEST_STEP][PASSED] - delay: Delayed 1 second(s)

2018-06-10 22:08:51 - [MESSAGE][PASSED] - Delayed 1 second(s)

2018-06-10 22:08:51 - [TEST_STEP][PASSED] - selectOptionByIndex: All options with index in [20] are selected on object 'Object Repository/MOH AND GRN/Page_KDMC - CMS/select_--Select--Amikacin -500'

2018-06-10 22:08:52 - [MESSAGE][PASSED] - All options with index in [20] are selected on object 'Object Repository/MOH AND GRN/Page_KDMC - CMS/select_--Select--Amikacin -500'

2018-06-10 22:08:52 - [TEST_STEP][PASSED] - setText: Text '5000' is set on object 'Object Repository/MOH AND GRN/Page_KDMC - CMS/input_txtqty'

2018-06-10 22:08:52 - [MESSAGE][PASSED] - Text '5000' is set on object 'Object Repository/MOH AND GRN/Page_KDMC - CMS/input_txtqty'

2018-06-10 22:08:52 - [TEST_STEP][PASSED] - selectOptionByIndex: All options with index in [1] are selected on object 'Object Repository/MOH AND GRN/Page_KDMC - CMS/select_--Select--No Tax0'

2018-06-10 22:08:52 - [MESSAGE][PASSED] - All options with index in [1] are selected on object 'Object Repository/MOH AND GRN/Page_KDMC - CMS/select_--Select--No Tax0'

2018-06-10 22:08:52 - [TEST_STEP][PASSED] - setText: Finding Test Object with id 'Object Repository/MOH AND GRN/Page_KDMC - CMS/input_txtmrp'

2018-06-10 22:08:52 - [TEST_STEP][PASSED] - Statement - switch (id): Finding Test Object with id 'Object Repository/MOH AND GRN/Page_KDMC - CMS/input_txtdeal'

2018-06-10 22:08:52 - [TEST_STEP][PASSED] - Statement - case 4:: Text '38.0' is set on object 'Object Repository/MOH AND GRN/Page_KDMC - CMS/input_txtmrp'

2018-06-10 22:08:52 - [TEST_STEP][PASSED] - Statement - return (java.lang.Math.floor((java.lang.Math.random() * ((max - min) + 1))) + min): Text '38.0' is set on object 'Object Repository/MOH AND GRN/Page_KDMC - CMS/input_txtmrp'

2018-06-10 22:08:52 - [MESSAGE][PASSED] - Text '38.0' is set on object 'Object Repository/MOH AND GRN/Page_KDMC - CMS/input_txtmrp'

2018-06-10 22:08:52 - [TEST_STEP][PASSED] - setText: Finding Test Object with id 'Object Repository/MOH AND GRN/Page_KDMC - CMS/input_txtdeal'

2018-06-10 22:08:52 - [TEST_STEP][PASSED] - Statement - switch (id): Finding Test Object with id 'Object Repository/MOH AND GRN/Page_KDMC - CMS/input_txtbatchno'

2018-06-10 22:08:52 - [TEST_STEP][PASSED] - Statement - case 5:: Text '9.0' is set on object 'Object Repository/MOH AND GRN/Page_KDMC - CMS/input_txtdeal'

2018-06-10 22:08:52 - [TEST_STEP][PASSED] - Statement - return (java.lang.Math.floor((java.lang.Math.random() * ((max - min) + 1))) + min): Text '9.0' is set on object 'Object Repository/MOH AND GRN/Page_KDMC - CMS/input_txtdeal'

2018-06-10 22:08:52 - [MESSAGE][PASSED] - Text '9.0' is set on object 'Object Repository/MOH AND GRN/Page_KDMC - CMS/input_txtdeal'

2018-06-10 22:08:52 - [TEST_STEP][PASSED] - setText: Finding Test Object with id 'Object Repository/MOH AND GRN/Page_KDMC - CMS/input_txtbatchno'

2018-06-10 22:08:52 - [TEST_STEP][PASSED] - Statement - switch (id): Finding Test Object with id 'Object Repository/MOH AND GRN/Page_KDMC - CMS/input_txtmrp'

2018-06-10 22:08:52 - [TEST_STEP][PASSED] - Statement - case 1:: Text 'BA13.0' is set on object 'Object Repository/MOH AND GRN/Page_KDMC - CMS/input_txtbatchno'

2018-06-10 22:08:52 - [TEST_STEP][PASSED] - Statement - return (java.lang.Math.floor((java.lang.Math.random() * ((max - min) + 1))) + min): Text 'BA13.0' is set on object 'Object Repository/MOH AND GRN/Page_KDMC - CMS/input_txtbatchno'

2018-06-10 22:08:52 - [MESSAGE][PASSED] - Text 'BA13.0' is set on object 'Object Repository/MOH AND GRN/Page_KDMC - CMS/input_txtbatchno'

2018-06-10 22:08:52 - [TEST_STEP][PASSED] - rightClick: Object: 'Object Repository/GRN/Page_KDMC - CMS/input_txtexpdate' is right clicked on

2018-06-10 22:08:52 - [MESSAGE][PASSED] - Object: 'Object Repository/GRN/Page_KDMC - CMS/input_txtexpdate' is right clicked on

2018-06-10 22:08:52 - [TEST_STEP][PASSED] - selectOptionByIndex: All options with index in [10] are selected on object 'Object Repository/GRN/Page_KDMC - CMS/select_20182019202020212022202'

2018-06-10 22:08:52 - [MESSAGE][PASSED] - All options with index in [10] are selected on object 'Object Repository/GRN/Page_KDMC - CMS/select_20182019202020212022202'

2018-06-10 22:08:52 - [TEST_STEP][PASSED] - selectOptionByIndex: All options with index in [10] are selected on object 'Object Repository/GRN/Page_KDMC - CMS/select_JanFebMarAprMayJunJulAu'

2018-06-10 22:08:53 - [MESSAGE][PASSED] - All options with index in [10] are selected on object 'Object Repository/GRN/Page_KDMC - CMS/select_JanFebMarAprMayJunJulAu'

2018-06-10 22:08:53 - [TEST_STEP][PASSED] - click: Object: 'Object Repository/MOH AND GRN/Page_KDMC - CMS/a_12' is clicked on

2018-06-10 22:08:53 - [MESSAGE][PASSED] - Object: 'Object Repository/MOH AND GRN/Page_KDMC - CMS/a_12' is clicked on

2018-06-10 22:08:53 - [TEST_STEP][PASSED] - click: Object: 'Object Repository/MOH AND GRN/Page_KDMC - CMS/input_btnadd' is clicked on

2018-06-10 22:08:53 - [MESSAGE][PASSED] - Object: 'Object Repository/MOH AND GRN/Page_KDMC - CMS/input_btnadd' is clicked on

2018-06-10 22:08:53 - [TEST_STEP][PASSED] - Statement - If (s == 10): null

2018-06-10 22:08:53 - [TEST_STEP][PASSED] - Statement - s = 1: null

2018-06-10 22:08:53 - [TEST_STEP][PASSED] - delay: Delayed 1 second(s)

2018-06-10 22:08:54 - [MESSAGE][PASSED] - Delayed 1 second(s)

2018-06-10 22:08:54 - [TEST_STEP][PASSED] - selectOptionByIndex: All options with index in [21] are selected on object 'Object Repository/MOH AND GRN/Page_KDMC - CMS/select_--Select--Amikacin -500'

2018-06-10 22:08:54 - [MESSAGE][PASSED] - All options with index in [21] are selected on object 'Object Repository/MOH AND GRN/Page_KDMC - CMS/select_--Select--Amikacin -500'

2018-06-10 22:08:54 - [TEST_STEP][PASSED] - setText: Text '5000' is set on object 'Object Repository/MOH AND GRN/Page_KDMC - CMS/input_txtqty'

2018-06-10 22:08:54 - [MESSAGE][PASSED] - Text '5000' is set on object 'Object Repository/MOH AND GRN/Page_KDMC - CMS/input_txtqty'

2018-06-10 22:08:54 - [TEST_STEP][PASSED] - selectOptionByIndex: All options with index in [1] are selected on object 'Object Repository/MOH AND GRN/Page_KDMC - CMS/select_--Select--No Tax0'

2018-06-10 22:08:54 - [MESSAGE][PASSED] - All options with index in [1] are selected on object 'Object Repository/MOH AND GRN/Page_KDMC - CMS/select_--Select--No Tax0'

2018-06-10 22:08:54 - [TEST_STEP][PASSED] - setText: Finding Test Object with id 'Object Repository/MOH AND GRN/Page_KDMC - CMS/input_txtmrp'

2018-06-10 22:08:54 - [TEST_STEP][PASSED] - Statement - switch (id): Finding Test Object with id 'Object Repository/MOH AND GRN/Page_KDMC - CMS/input_txtdeal'

2018-06-10 22:08:54 - [TEST_STEP][PASSED] - Statement - case 4:: Text '26.0' is set on object 'Object Repository/MOH AND GRN/Page_KDMC - CMS/input_txtmrp'

2018-06-10 22:08:54 - [TEST_STEP][PASSED] - Statement - return (java.lang.Math.floor((java.lang.Math.random() * ((max - min) + 1))) + min): Text '26.0' is set on object 'Object Repository/MOH AND GRN/Page_KDMC - CMS/input_txtmrp'

2018-06-10 22:08:55 - [MESSAGE][PASSED] - Text '26.0' is set on object 'Object Repository/MOH AND GRN/Page_KDMC - CMS/input_txtmrp'

2018-06-10 22:08:55 - [TEST_STEP][PASSED] - setText: Finding Test Object with id 'Object Repository/MOH AND GRN/Page_KDMC - CMS/input_txtdeal'

2018-06-10 22:08:55 - [TEST_STEP][PASSED] - Statement - switch (id): Finding Test Object with id 'Object Repository/MOH AND GRN/Page_KDMC - CMS/input_txtbatchno'

2018-06-10 22:08:55 - [TEST_STEP][PASSED] - Statement - case 5:: Text '6.0' is set on object 'Object Repository/MOH AND GRN/Page_KDMC - CMS/input_txtdeal'

2018-06-10 22:08:55 - [TEST_STEP][PASSED] - Statement - return (java.lang.Math.floor((java.lang.Math.random() * ((max - min) + 1))) + min): Text '6.0' is set on object 'Object Repository/MOH AND GRN/Page_KDMC - CMS/input_txtdeal'

2018-06-10 22:08:55 - [MESSAGE][PASSED] - Text '6.0' is set on object 'Object Repository/MOH AND GRN/Page_KDMC - CMS/input_txtdeal'

2018-06-10 22:08:55 - [TEST_STEP][PASSED] - setText: Finding Test Object with id 'Object Repository/MOH AND GRN/Page_KDMC - CMS/input_txtbatchno'

2018-06-10 22:08:55 - [TEST_STEP][PASSED] - Statement - switch (id): Finding Test Object with id 'Object Repository/MOH AND GRN/Page_KDMC - CMS/input_txtmrp'

2018-06-10 22:08:55 - [TEST_STEP][PASSED] - Statement - case 1:: Text 'BA518.0' is set on object 'Object Repository/MOH AND GRN/Page_KDMC - CMS/input_txtbatchno'

2018-06-10 22:08:55 - [TEST_STEP][PASSED] - Statement - return (java.lang.Math.floor((java.lang.Math.random() * ((max - min) + 1))) + min): Text 'BA518.0' is set on object 'Object Repository/MOH AND GRN/Page_KDMC - CMS/input_txtbatchno'

2018-06-10 22:08:55 - [MESSAGE][PASSED] - Text 'BA518.0' is set on object 'Object Repository/MOH AND GRN/Page_KDMC - CMS/input_txtbatchno'

2018-06-10 22:08:55 - [TEST_STEP][PASSED] - rightClick: Object: 'Object Repository/GRN/Page_KDMC - CMS/input_txtexpdate' is right clicked on

2018-06-10 22:08:55 - [MESSAGE][PASSED] - Object: 'Object Repository/GRN/Page_KDMC - CMS/input_txtexpdate' is right clicked on

2018-06-10 22:08:55 - [TEST_STEP][PASSED] - selectOptionByIndex: All options with index in [1] are selected on object 'Object Repository/GRN/Page_KDMC - CMS/select_20182019202020212022202'

2018-06-10 22:08:55 - [MESSAGE][PASSED] - All options with index in [1] are selected on object 'Object Repository/GRN/Page_KDMC - CMS/select_20182019202020212022202'

2018-06-10 22:08:55 - [TEST_STEP][PASSED] - selectOptionByIndex: All options with index in [1] are selected on object 'Object Repository/GRN/Page_KDMC - CMS/select_JanFebMarAprMayJunJulAu'

2018-06-10 22:08:55 - [MESSAGE][PASSED] - All options with index in [1] are selected on object 'Object Repository/GRN/Page_KDMC - CMS/select_JanFebMarAprMayJunJulAu'

2018-06-10 22:08:55 - [TEST_STEP][PASSED] - click: Object: 'Object Repository/MOH AND GRN/Page_KDMC - CMS/a_12' is clicked on

2018-06-10 22:08:55 - [MESSAGE][PASSED] - Object: 'Object Repository/MOH AND GRN/Page_KDMC - CMS/a_12' is clicked on

2018-06-10 22:08:55 - [TEST_STEP][PASSED] - click: Object: 'Object Repository/MOH AND GRN/Page_KDMC - CMS/input_btnadd' is clicked on

2018-06-10 22:08:55 - [MESSAGE][PASSED] - Object: 'Object Repository/MOH AND GRN/Page_KDMC - CMS/input_btnadd' is clicked on

2018-06-10 22:08:55 - [TEST_STEP][PASSED] - Statement - If (s == 10): null

2018-06-10 22:08:55 - [TEST_STEP][PASSED] - Statement - Else: null

2018-06-10 22:08:55 - [TEST_STEP][PASSED] - Statement - (s++): null

2018-06-10 22:08:55 - [TEST_STEP][PASSED] - delay: Delayed 1 second(s)

2018-06-10 22:08:56 - [MESSAGE][PASSED] - Delayed 1 second(s)

2018-06-10 22:08:56 - [TEST_STEP][PASSED] - selectOptionByIndex: All options with index in [22] are selected on object 'Object Repository/MOH AND GRN/Page_KDMC - CMS/select_--Select--Amikacin -500'

2018-06-10 22:08:57 - [MESSAGE][PASSED] - All options with index in [22] are selected on object 'Object Repository/MOH AND GRN/Page_KDMC - CMS/select_--Select--Amikacin -500'

2018-06-10 22:08:57 - [TEST_STEP][PASSED] - setText: Text '5000' is set on object 'Object Repository/MOH AND GRN/Page_KDMC - CMS/input_txtqty'

2018-06-10 22:08:57 - [MESSAGE][PASSED] - Text '5000' is set on object 'Object Repository/MOH AND GRN/Page_KDMC - CMS/input_txtqty'

2018-06-10 22:08:57 - [TEST_STEP][PASSED] - selectOptionByIndex: All options with index in [1] are selected on object 'Object Repository/MOH AND GRN/Page_KDMC - CMS/select_--Select--No Tax0'

2018-06-10 22:08:57 - [MESSAGE][PASSED] - All options with index in [1] are selected on object 'Object Repository/MOH AND GRN/Page_KDMC - CMS/select_--Select--No Tax0'

2018-06-10 22:08:57 - [TEST_STEP][PASSED] - setText: Finding Test Object with id 'Object Repository/MOH AND GRN/Page_KDMC - CMS/input_txtmrp'

2018-06-10 22:08:57 - [TEST_STEP][PASSED] - Statement - switch (id): Finding Test Object with id 'Object Repository/MOH AND GRN/Page_KDMC - CMS/input_txtdeal'

2018-06-10 22:08:57 - [TEST_STEP][PASSED] - Statement - case 4:: Text '40.0' is set on object 'Object Repository/MOH AND GRN/Page_KDMC - CMS/input_txtmrp'

2018-06-10 22:08:57 - [TEST_STEP][PASSED] - Statement - return (java.lang.Math.floor((java.lang.Math.random() * ((max - min) + 1))) + min): Text '40.0' is set on object 'Object Repository/MOH AND GRN/Page_KDMC - CMS/input_txtmrp'

2018-06-10 22:08:57 - [MESSAGE][PASSED] - Text '40.0' is set on object 'Object Repository/MOH AND GRN/Page_KDMC - CMS/input_txtmrp'

2018-06-10 22:08:57 - [TEST_STEP][PASSED] - setText: Finding Test Object with id 'Object Repository/MOH AND GRN/Page_KDMC - CMS/input_txtdeal'

2018-06-10 22:08:57 - [TEST_STEP][PASSED] - Statement - switch (id): Finding Test Object with id 'Object Repository/MOH AND GRN/Page_KDMC - CMS/input_txtbatchno'

2018-06-10 22:08:57 - [TEST_STEP][PASSED] - Statement - case 5:: Text '1.0' is set on object 'Object Repository/MOH AND GRN/Page_KDMC - CMS/input_txtdeal'

2018-06-10 22:08:57 - [TEST_STEP][PASSED] - Statement - return (java.lang.Math.floor((java.lang.Math.random() * ((max - min) + 1))) + min): Text '1.0' is set on object 'Object Repository/MOH AND GRN/Page_KDMC - CMS/input_txtdeal'

2018-06-10 22:08:57 - [MESSAGE][PASSED] - Text '1.0' is set on object 'Object Repository/MOH AND GRN/Page_KDMC - CMS/input_txtdeal'

2018-06-10 22:08:57 - [TEST_STEP][PASSED] - setText: Finding Test Object with id 'Object Repository/MOH AND GRN/Page_KDMC - CMS/input_txtbatchno'

2018-06-10 22:08:57 - [TEST_STEP][PASSED] - Statement - switch (id): Finding Test Object with id 'Object Repository/MOH AND GRN/Page_KDMC - CMS/input_txtmrp'

2018-06-10 22:08:57 - [TEST_STEP][PASSED] - Statement - case 1:: Text 'BA192.0' is set on object 'Object Repository/MOH AND GRN/Page_KDMC - CMS/input_txtbatchno'

2018-06-10 22:08:57 - [TEST_STEP][PASSED] - Statement - return (java.lang.Math.floor((java.lang.Math.random() * ((max - min) + 1))) + min): Text 'BA192.0' is set on object 'Object Repository/MOH AND GRN/Page_KDMC - CMS/input_txtbatchno'

2018-06-10 22:08:57 - [MESSAGE][PASSED] - Text 'BA192.0' is set on object 'Object Repository/MOH AND GRN/Page_KDMC - CMS/input_txtbatchno'

2018-06-10 22:08:57 - [TEST_STEP][PASSED] - rightClick: Object: 'Object Repository/GRN/Page_KDMC - CMS/input_txtexpdate' is right clicked on

2018-06-10 22:08:57 - [MESSAGE][PASSED] - Object: 'Object Repository/GRN/Page_KDMC - CMS/input_txtexpdate' is right clicked on

2018-06-10 22:08:57 - [TEST_STEP][PASSED] - selectOptionByIndex: All options with index in [2] are selected on object 'Object Repository/GRN/Page_KDMC - CMS/select_20182019202020212022202'

2018-06-10 22:08:57 - [MESSAGE][PASSED] - All options with index in [2] are selected on object 'Object Repository/GRN/Page_KDMC - CMS/select_20182019202020212022202'

2018-06-10 22:08:57 - [TEST_STEP][PASSED] - selectOptionByIndex: All options with index in [2] are selected on object 'Object Repository/GRN/Page_KDMC - CMS/select_JanFebMarAprMayJunJulAu'

2018-06-10 22:08:58 - [MESSAGE][PASSED] - All options with index in [2] are selected on object 'Object Repository/GRN/Page_KDMC - CMS/select_JanFebMarAprMayJunJulAu'

2018-06-10 22:08:58 - [TEST_STEP][PASSED] - click: Object: 'Object Repository/MOH AND GRN/Page_KDMC - CMS/a_12' is clicked on

2018-06-10 22:08:58 - [MESSAGE][PASSED] - Object: 'Object Repository/MOH AND GRN/Page_KDMC - CMS/a_12' is clicked on

2018-06-10 22:08:58 - [TEST_STEP][PASSED] - click: Object: 'Object Repository/MOH AND GRN/Page_KDMC - CMS/input_btnadd' is clicked on

2018-06-10 22:08:58 - [MESSAGE][PASSED] - Object: 'Object Repository/MOH AND GRN/Page_KDMC - CMS/input_btnadd' is clicked on

2018-06-10 22:08:58 - [TEST_STEP][PASSED] - Statement - If (s == 10): null

2018-06-10 22:08:58 - [TEST_STEP][PASSED] - Statement - Else: null

2018-06-10 22:08:58 - [TEST_STEP][PASSED] - Statement - (s++): null

2018-06-10 22:08:58 - [TEST_STEP][PASSED] - delay: Delayed 1 second(s)

2018-06-10 22:08:59 - [MESSAGE][PASSED] - Delayed 1 second(s)

2018-06-10 22:08:59 - [TEST_STEP][PASSED] - selectOptionByIndex: All options with index in [23] are selected on object 'Object Repository/MOH AND GRN/Page_KDMC - CMS/select_--Select--Amikacin -500'

2018-06-10 22:08:59 - [MESSAGE][PASSED] - All options with index in [23] are selected on object 'Object Repository/MOH AND GRN/Page_KDMC - CMS/select_--Select--Amikacin -500'

2018-06-10 22:08:59 - [TEST_STEP][PASSED] - setText: Text '5000' is set on object 'Object Repository/MOH AND GRN/Page_KDMC - CMS/input_txtqty'

2018-06-10 22:08:59 - [MESSAGE][PASSED] - Text '5000' is set on object 'Object Repository/MOH AND GRN/Page_KDMC - CMS/input_txtqty'

2018-06-10 22:08:59 - [TEST_STEP][PASSED] - selectOptionByIndex: All options with index in [1] are selected on object 'Object Repository/MOH AND GRN/Page_KDMC - CMS/select_--Select--No Tax0'

2018-06-10 22:08:59 - [MESSAGE][PASSED] - All options with index in [1] are selected on object 'Object Repository/MOH AND GRN/Page_KDMC - CMS/select_--Select--No Tax0'

2018-06-10 22:08:59 - [TEST_STEP][PASSED] - setText: Finding Test Object with id 'Object Repository/MOH AND GRN/Page_KDMC - CMS/input_txtmrp'

2018-06-10 22:08:59 - [TEST_STEP][PASSED] - Statement - switch (id): Finding Test Object with id 'Object Repository/MOH AND GRN/Page_KDMC - CMS/input_txtdeal'

2018-06-10 22:08:59 - [TEST_STEP][PASSED] - Statement - case 4:: Text '41.0' is set on object 'Object Repository/MOH AND GRN/Page_KDMC - CMS/input_txtmrp'

2018-06-10 22:08:59 - [TEST_STEP][PASSED] - Statement - return (java.lang.Math.floor((java.lang.Math.random() * ((max - min) + 1))) + min): Text '41.0' is set on object 'Object Repository/MOH AND GRN/Page_KDMC - CMS/input_txtmrp'

2018-06-10 22:09:00 - [MESSAGE][PASSED] - Text '41.0' is set on object 'Object Repository/MOH AND GRN/Page_KDMC - CMS/input_txtmrp'

2018-06-10 22:09:00 - [TEST_STEP][PASSED] - setText: Finding Test Object with id 'Object Repository/MOH AND GRN/Page_KDMC - CMS/input_txtdeal'

2018-06-10 22:09:00 - [TEST_STEP][PASSED] - Statement - switch (id): Finding Test Object with id 'Object Repository/MOH AND GRN/Page_KDMC - CMS/input_txtbatchno'

2018-06-10 22:09:00 - [TEST_STEP][PASSED] - Statement - case 5:: Text '9.0' is set on object 'Object Repository/MOH AND GRN/Page_KDMC - CMS/input_txtdeal'

2018-06-10 22:09:00 - [TEST_STEP][PASSED] - Statement - return (java.lang.Math.floor((java.lang.Math.random() * ((max - min) + 1))) + min): Text '9.0' is set on object 'Object Repository/MOH AND GRN/Page_KDMC - CMS/input_txtdeal'

2018-06-10 22:09:00 - [MESSAGE][PASSED] - Text '9.0' is set on object 'Object Repository/MOH AND GRN/Page_KDMC - CMS/input_txtdeal'

2018-06-10 22:09:00 - [TEST_STEP][PASSED] - setText: Finding Test Object with id 'Object Repository/MOH AND GRN/Page_KDMC - CMS/input_txtbatchno'

2018-06-10 22:09:00 - [TEST_STEP][PASSED] - Statement - switch (id): Finding Test Object with id 'Object Repository/MOH AND GRN/Page_KDMC - CMS/input_txtmrp'

2018-06-10 22:09:00 - [TEST_STEP][PASSED] - Statement - case 1:: Text 'BA239.0' is set on object 'Object Repository/MOH AND GRN/Page_KDMC - CMS/input_txtbatchno'

2018-06-10 22:09:00 - [TEST_STEP][PASSED] - Statement - return (java.lang.Math.floor((java.lang.Math.random() * ((max - min) + 1))) + min): Text 'BA239.0' is set on object 'Object Repository/MOH AND GRN/Page_KDMC - CMS/input_txtbatchno'

2018-06-10 22:09:00 - [MESSAGE][PASSED] - Text 'BA239.0' is set on object 'Object Repository/MOH AND GRN/Page_KDMC - CMS/input_txtbatchno'

2018-06-10 22:09:00 - [TEST_STEP][PASSED] - rightClick: Object: 'Object Repository/GRN/Page_KDMC - CMS/input_txtexpdate' is right clicked on

2018-06-10 22:09:00 - [MESSAGE][PASSED] - Object: 'Object Repository/GRN/Page_KDMC - CMS/input_txtexpdate' is right clicked on

2018-06-10 22:09:00 - [TEST_STEP][PASSED] - selectOptionByIndex: All options with index in [3] are selected on object 'Object Repository/GRN/Page_KDMC - CMS/select_20182019202020212022202'

2018-06-10 22:09:00 - [MESSAGE][PASSED] - All options with index in [3] are selected on object 'Object Repository/GRN/Page_KDMC - CMS/select_20182019202020212022202'

2018-06-10 22:09:00 - [TEST_STEP][PASSED] - selectOptionByIndex: All options with index in [3] are selected on object 'Object Repository/GRN/Page_KDMC - CMS/select_JanFebMarAprMayJunJulAu'

2018-06-10 22:09:00 - [MESSAGE][PASSED] - All options with index in [3] are selected on object 'Object Repository/GRN/Page_KDMC - CMS/select_JanFebMarAprMayJunJulAu'

2018-06-10 22:09:00 - [TEST_STEP][PASSED] - click: Object: 'Object Repository/MOH AND GRN/Page_KDMC - CMS/a_12' is clicked on

2018-06-10 22:09:00 - [MESSAGE][PASSED] - Object: 'Object Repository/MOH AND GRN/Page_KDMC - CMS/a_12' is clicked on

2018-06-10 22:09:00 - [TEST_STEP][PASSED] - click: Object: 'Object Repository/MOH AND GRN/Page_KDMC - CMS/input_btnadd' is clicked on

2018-06-10 22:09:00 - [MESSAGE][PASSED] - Object: 'Object Repository/MOH AND GRN/Page_KDMC - CMS/input_btnadd' is clicked on

2018-06-10 22:09:00 - [TEST_STEP][PASSED] - Statement - If (s == 10): null

2018-06-10 22:09:00 - [TEST_STEP][PASSED] - Statement - Else: null

2018-06-10 22:09:00 - [TEST_STEP][PASSED] - Statement - (s++): null

2018-06-10 22:09:00 - [TEST_STEP][PASSED] - delay: Delayed 1 second(s)

2018-06-10 22:09:01 - [MESSAGE][PASSED] - Delayed 1 second(s)

2018-06-10 22:09:01 - [TEST_STEP][PASSED] - selectOptionByIndex: All options with index in [24] are selected on object 'Object Repository/MOH AND GRN/Page_KDMC - CMS/select_--Select--Amikacin -500'

2018-06-10 22:09:02 - [MESSAGE][PASSED] - All options with index in [24] are selected on object 'Object Repository/MOH AND GRN/Page_KDMC - CMS/select_--Select--Amikacin -500'

2018-06-10 22:09:02 - [TEST_STEP][PASSED] - setText: Text '5000' is set on object 'Object Repository/MOH AND GRN/Page_KDMC - CMS/input_txtqty'

2018-06-10 22:09:02 - [MESSAGE][PASSED] - Text '5000' is set on object 'Object Repository/MOH AND GRN/Page_KDMC - CMS/input_txtqty'

2018-06-10 22:09:02 - [TEST_STEP][PASSED] - selectOptionByIndex: All options with index in [1] are selected on object 'Object Repository/MOH AND GRN/Page_KDMC - CMS/select_--Select--No Tax0'

2018-06-10 22:09:02 - [MESSAGE][PASSED] - All options with index in [1] are selected on object 'Object Repository/MOH AND GRN/Page_KDMC - CMS/select_--Select--No Tax0'

2018-06-10 22:09:02 - [TEST_STEP][PASSED] - setText: Finding Test Object with id 'Object Repository/MOH AND GRN/Page_KDMC - CMS/input_txtmrp'

2018-06-10 22:09:02 - [TEST_STEP][PASSED] - Statement - switch (id): Finding Test Object with id 'Object Repository/MOH AND GRN/Page_KDMC - CMS/input_txtdeal'

2018-06-10 22:09:02 - [TEST_STEP][PASSED] - Statement - case 4:: Text '19.0' is set on object 'Object Repository/MOH AND GRN/Page_KDMC - CMS/input_txtmrp'

2018-06-10 22:09:02 - [TEST_STEP][PASSED] - Statement - return (java.lang.Math.floor((java.lang.Math.random() * ((max - min) + 1))) + min): Text '19.0' is set on object 'Object Repository/MOH AND GRN/Page_KDMC - CMS/input_txtmrp'

2018-06-10 22:09:02 - [MESSAGE][PASSED] - Text '19.0' is set on object 'Object Repository/MOH AND GRN/Page_KDMC - CMS/input_txtmrp'

2018-06-10 22:09:02 - [TEST_STEP][PASSED] - setText: Finding Test Object with id 'Object Repository/MOH AND GRN/Page_KDMC - CMS/input_txtdeal'

2018-06-10 22:09:02 - [TEST_STEP][PASSED] - Statement - switch (id): Finding Test Object with id 'Object Repository/MOH AND GRN/Page_KDMC - CMS/input_txtbatchno'

2018-06-10 22:09:02 - [TEST_STEP][PASSED] - Statement - case 5:: Text '5.0' is set on object 'Object Repository/MOH AND GRN/Page_KDMC - CMS/input_txtdeal'

2018-06-10 22:09:02 - [TEST_STEP][PASSED] - Statement - return (java.lang.Math.floor((java.lang.Math.random() * ((max - min) + 1))) + min): Text '5.0' is set on object 'Object Repository/MOH AND GRN/Page_KDMC - CMS/input_txtdeal'

2018-06-10 22:09:02 - [MESSAGE][PASSED] - Text '5.0' is set on object 'Object Repository/MOH AND GRN/Page_KDMC - CMS/input_txtdeal'

2018-06-10 22:09:02 - [TEST_STEP][PASSED] - setText: Finding Test Object with id 'Object Repository/MOH AND GRN/Page_KDMC - CMS/input_txtbatchno'

2018-06-10 22:09:02 - [TEST_STEP][PASSED] - Statement - switch (id): Finding Test Object with id 'Object Repository/MOH AND GRN/Page_KDMC - CMS/input_txtmrp'

2018-06-10 22:09:02 - [TEST_STEP][PASSED] - Statement - case 1:: Text 'BA480.0' is set on object 'Object Repository/MOH AND GRN/Page_KDMC - CMS/input_txtbatchno'

2018-06-10 22:09:02 - [TEST_STEP][PASSED] - Statement - return (java.lang.Math.floor((java.lang.Math.random() * ((max - min) + 1))) + min): Text 'BA480.0' is set on object 'Object Repository/MOH AND GRN/Page_KDMC - CMS/input_txtbatchno'

2018-06-10 22:09:02 - [MESSAGE][PASSED] - Text 'BA480.0' is set on object 'Object Repository/MOH AND GRN/Page_KDMC - CMS/input_txtbatchno'

2018-06-10 22:09:02 - [TEST_STEP][PASSED] - rightClick: Object: 'Object Repository/GRN/Page_KDMC - CMS/input_txtexpdate' is right clicked on

2018-06-10 22:09:02 - [MESSAGE][PASSED] - Object: 'Object Repository/GRN/Page_KDMC - CMS/input_txtexpdate' is right clicked on

2018-06-10 22:09:02 - [TEST_STEP][PASSED] - selectOptionByIndex: All options with index in [4] are selected on object 'Object Repository/GRN/Page_KDMC - CMS/select_20182019202020212022202'

2018-06-10 22:09:03 - [MESSAGE][PASSED] - All options with index in [4] are selected on object 'Object Repository/GRN/Page_KDMC - CMS/select_20182019202020212022202'

2018-06-10 22:09:03 - [TEST_STEP][PASSED] - selectOptionByIndex: All options with index in [4] are selected on object 'Object Repository/GRN/Page_KDMC - CMS/select_JanFebMarAprMayJunJulAu'

2018-06-10 22:09:03 - [MESSAGE][PASSED] - All options with index in [4] are selected on object 'Object Repository/GRN/Page_KDMC - CMS/select_JanFebMarAprMayJunJulAu'

2018-06-10 22:09:03 - [TEST_STEP][PASSED] - click: Object: 'Object Repository/MOH AND GRN/Page_KDMC - CMS/a_12' is clicked on

2018-06-10 22:09:03 - [MESSAGE][PASSED] - Object: 'Object Repository/MOH AND GRN/Page_KDMC - CMS/a_12' is clicked on

2018-06-10 22:09:03 - [TEST_STEP][PASSED] - click: Object: 'Object Repository/MOH AND GRN/Page_KDMC - CMS/input_btnadd' is clicked on

2018-06-10 22:09:03 - [MESSAGE][PASSED] - Object: 'Object Repository/MOH AND GRN/Page_KDMC - CMS/input_btnadd' is clicked on

2018-06-10 22:09:03 - [TEST_STEP][PASSED] - Statement - If (s == 10): null

2018-06-10 22:09:03 - [TEST_STEP][PASSED] - Statement - Else: null

2018-06-10 22:09:03 - [TEST_STEP][PASSED] - Statement - (s++): null

2018-06-10 22:09:03 - [TEST_STEP][PASSED] - delay: Delayed 1 second(s)

2018-06-10 22:09:04 - [MESSAGE][PASSED] - Delayed 1 second(s)

2018-06-10 22:09:04 - [TEST_STEP][PASSED] - selectOptionByIndex: All options with index in [25] are selected on object 'Object Repository/MOH AND GRN/Page_KDMC - CMS/select_--Select--Amikacin -500'

2018-06-10 22:09:04 - [MESSAGE][PASSED] - All options with index in [25] are selected on object 'Object Repository/MOH AND GRN/Page_KDMC - CMS/select_--Select--Amikacin -500'

2018-06-10 22:09:04 - [TEST_STEP][PASSED] - setText: Text '5000' is set on object 'Object Repository/MOH AND GRN/Page_KDMC - CMS/input_txtqty'

2018-06-10 22:09:04 - [MESSAGE][PASSED] - Text '5000' is set on object 'Object Repository/MOH AND GRN/Page_KDMC - CMS/input_txtqty'

2018-06-10 22:09:04 - [TEST_STEP][PASSED] - selectOptionByIndex: All options with index in [1] are selected on object 'Object Repository/MOH AND GRN/Page_KDMC - CMS/select_--Select--No Tax0'

2018-06-10 22:09:05 - [MESSAGE][PASSED] - All options with index in [1] are selected on object 'Object Repository/MOH AND GRN/Page_KDMC - CMS/select_--Select--No Tax0'

2018-06-10 22:09:05 - [TEST_STEP][PASSED] - setText: Finding Test Object with id 'Object Repository/MOH AND GRN/Page_KDMC - CMS/input_txtmrp'

2018-06-10 22:09:05 - [TEST_STEP][PASSED] - Statement - switch (id): Finding Test Object with id 'Object Repository/MOH AND GRN/Page_KDMC - CMS/input_txtdeal'

2018-06-10 22:09:05 - [TEST_STEP][PASSED] - Statement - case 4:: Text '38.0' is set on object 'Object Repository/MOH AND GRN/Page_KDMC - CMS/input_txtmrp'

2018-06-10 22:09:05 - [TEST_STEP][PASSED] - Statement - return (java.lang.Math.floor((java.lang.Math.random() * ((max - min) + 1))) + min): Text '38.0' is set on object 'Object Repository/MOH AND GRN/Page_KDMC - CMS/input_txtmrp'

2018-06-10 22:09:05 - [MESSAGE][PASSED] - Text '38.0' is set on object 'Object Repository/MOH AND GRN/Page_KDMC - CMS/input_txtmrp'

2018-06-10 22:09:05 - [TEST_STEP][PASSED] - setText: Finding Test Object with id 'Object Repository/MOH AND GRN/Page_KDMC - CMS/input_txtdeal'

2018-06-10 22:09:05 - [TEST_STEP][PASSED] - Statement - switch (id): Finding Test Object with id 'Object Repository/MOH AND GRN/Page_KDMC - CMS/input_txtbatchno'

2018-06-10 22:09:05 - [TEST_STEP][PASSED] - Statement - case 5:: Text '1.0' is set on object 'Object Repository/MOH AND GRN/Page_KDMC - CMS/input_txtdeal'

2018-06-10 22:09:05 - [TEST_STEP][PASSED] - Statement - return (java.lang.Math.floor((java.lang.Math.random() * ((max - min) + 1))) + min): Text '1.0' is set on object 'Object Repository/MOH AND GRN/Page_KDMC - CMS/input_txtdeal'

2018-06-10 22:09:05 - [MESSAGE][PASSED] - Text '1.0' is set on object 'Object Repository/MOH AND GRN/Page_KDMC - CMS/input_txtdeal'

2018-06-10 22:09:05 - [TEST_STEP][PASSED] - setText: Finding Test Object with id 'Object Repository/MOH AND GRN/Page_KDMC - CMS/input_txtbatchno'

2018-06-10 22:09:05 - [TEST_STEP][PASSED] - Statement - switch (id): Finding Test Object with id 'Object Repository/MOH AND GRN/Page_KDMC - CMS/input_txtmrp'

2018-06-10 22:09:05 - [TEST_STEP][PASSED] - Statement - case 1:: Text 'BA230.0' is set on object 'Object Repository/MOH AND GRN/Page_KDMC - CMS/input_txtbatchno'

2018-06-10 22:09:05 - [TEST_STEP][PASSED] - Statement - return (java.lang.Math.floor((java.lang.Math.random() * ((max - min) + 1))) + min): Text 'BA230.0' is set on object 'Object Repository/MOH AND GRN/Page_KDMC - CMS/input_txtbatchno'

2018-06-10 22:09:05 - [MESSAGE][PASSED] - Text 'BA230.0' is set on object 'Object Repository/MOH AND GRN/Page_KDMC - CMS/input_txtbatchno'

2018-06-10 22:09:05 - [TEST_STEP][PASSED] - rightClick: Object: 'Object Repository/GRN/Page_KDMC - CMS/input_txtexpdate' is right clicked on

2018-06-10 22:09:05 - [MESSAGE][PASSED] - Object: 'Object Repository/GRN/Page_KDMC - CMS/input_txtexpdate' is right clicked on

2018-06-10 22:09:05 - [TEST_STEP][PASSED] - selectOptionByIndex: All options with index in [5] are selected on object 'Object Repository/GRN/Page_KDMC - CMS/select_20182019202020212022202'

2018-06-10 22:09:05 - [MESSAGE][PASSED] - All options with index in [5] are selected on object 'Object Repository/GRN/Page_KDMC - CMS/select_20182019202020212022202'

2018-06-10 22:09:05 - [TEST_STEP][PASSED] - selectOptionByIndex: All options with index in [5] are selected on object 'Object Repository/GRN/Page_KDMC - CMS/select_JanFebMarAprMayJunJulAu'

2018-06-10 22:09:05 - [MESSAGE][PASSED] - All options with index in [5] are selected on object 'Object Repository/GRN/Page_KDMC - CMS/select_JanFebMarAprMayJunJulAu'

2018-06-10 22:09:05 - [TEST_STEP][PASSED] - click: Object: 'Object Repository/MOH AND GRN/Page_KDMC - CMS/a_12' is clicked on

2018-06-10 22:09:05 - [MESSAGE][PASSED] - Object: 'Object Repository/MOH AND GRN/Page_KDMC - CMS/a_12' is clicked on

2018-06-10 22:09:05 - [TEST_STEP][PASSED] - click: Object: 'Object Repository/MOH AND GRN/Page_KDMC - CMS/input_btnadd' is clicked on

2018-06-10 22:09:05 - [MESSAGE][PASSED] - Object: 'Object Repository/MOH AND GRN/Page_KDMC - CMS/input_btnadd' is clicked on

2018-06-10 22:09:05 - [TEST_STEP][PASSED] - Statement - If (s == 10): null

2018-06-10 22:09:05 - [TEST_STEP][PASSED] - Statement - Else: null

2018-06-10 22:09:05 - [TEST_STEP][PASSED] - Statement - (s++): null

2018-06-10 22:09:05 - [TEST_STEP][PASSED] - delay: Delayed 1 second(s)

2018-06-10 22:09:06 - [MESSAGE][PASSED] - Delayed 1 second(s)

2018-06-10 22:09:06 - [TEST_STEP][PASSED] - selectOptionByIndex: All options with index in [26] are selected on object 'Object Repository/MOH AND GRN/Page_KDMC - CMS/select_--Select--Amikacin -500'

2018-06-10 22:09:07 - [MESSAGE][PASSED] - All options with index in [26] are selected on object 'Object Repository/MOH AND GRN/Page_KDMC - CMS/select_--Select--Amikacin -500'

2018-06-10 22:09:07 - [TEST_STEP][PASSED] - setText: Text '5000' is set on object 'Object Repository/MOH AND GRN/Page_KDMC - CMS/input_txtqty'

2018-06-10 22:09:07 - [MESSAGE][PASSED] - Text '5000' is set on object 'Object Repository/MOH AND GRN/Page_KDMC - CMS/input_txtqty'

2018-06-10 22:09:07 - [TEST_STEP][PASSED] - selectOptionByIndex: All options with index in [1] are selected on object 'Object Repository/MOH AND GRN/Page_KDMC - CMS/select_--Select--No Tax0'

2018-06-10 22:09:07 - [MESSAGE][PASSED] - All options with index in [1] are selected on object 'Object Repository/MOH AND GRN/Page_KDMC - CMS/select_--Select--No Tax0'

2018-06-10 22:09:07 - [TEST_STEP][PASSED] - setText: Finding Test Object with id 'Object Repository/MOH AND GRN/Page_KDMC - CMS/input_txtmrp'

2018-06-10 22:09:07 - [TEST_STEP][PASSED] - Statement - switch (id): Finding Test Object with id 'Object Repository/MOH AND GRN/Page_KDMC - CMS/input_txtdeal'

2018-06-10 22:09:07 - [TEST_STEP][PASSED] - Statement - case 4:: Text '20.0' is set on object 'Object Repository/MOH AND GRN/Page_KDMC - CMS/input_txtmrp'

2018-06-10 22:09:07 - [TEST_STEP][PASSED] - Statement - return (java.lang.Math.floor((java.lang.Math.random() * ((max - min) + 1))) + min): Text '20.0' is set on object 'Object Repository/MOH AND GRN/Page_KDMC - CMS/input_txtmrp'

2018-06-10 22:09:07 - [MESSAGE][PASSED] - Text '20.0' is set on object 'Object Repository/MOH AND GRN/Page_KDMC - CMS/input_txtmrp'

2018-06-10 22:09:07 - [TEST_STEP][PASSED] - setText: Finding Test Object with id 'Object Repository/MOH AND GRN/Page_KDMC - CMS/input_txtdeal'

2018-06-10 22:09:07 - [TEST_STEP][PASSED] - Statement - switch (id): Finding Test Object with id 'Object Repository/MOH AND GRN/Page_KDMC - CMS/input_txtbatchno'

2018-06-10 22:09:07 - [TEST_STEP][PASSED] - Statement - case 5:: Text '2.0' is set on object 'Object Repository/MOH AND GRN/Page_KDMC - CMS/input_txtdeal'

2018-06-10 22:09:07 - [TEST_STEP][PASSED] - Statement - return (java.lang.Math.floor((java.lang.Math.random() * ((max - min) + 1))) + min): Text '2.0' is set on object 'Object Repository/MOH AND GRN/Page_KDMC - CMS/input_txtdeal'

2018-06-10 22:09:07 - [MESSAGE][PASSED] - Text '2.0' is set on object 'Object Repository/MOH AND GRN/Page_KDMC - CMS/input_txtdeal'

2018-06-10 22:09:07 - [TEST_STEP][PASSED] - setText: Finding Test Object with id 'Object Repository/MOH AND GRN/Page_KDMC - CMS/input_txtbatchno'

2018-06-10 22:09:07 - [TEST_STEP][PASSED] - Statement - switch (id): Finding Test Object with id 'Object Repository/MOH AND GRN/Page_KDMC - CMS/input_txtmrp'

2018-06-10 22:09:07 - [TEST_STEP][PASSED] - Statement - case 1:: Text 'BA634.0' is set on object 'Object Repository/MOH AND GRN/Page_KDMC - CMS/input_txtbatchno'

2018-06-10 22:09:07 - [TEST_STEP][PASSED] - Statement - return (java.lang.Math.floor((java.lang.Math.random() * ((max - min) + 1))) + min): Text 'BA634.0' is set on object 'Object Repository/MOH AND GRN/Page_KDMC - CMS/input_txtbatchno'

2018-06-10 22:09:07 - [MESSAGE][PASSED] - Text 'BA634.0' is set on object 'Object Repository/MOH AND GRN/Page_KDMC - CMS/input_txtbatchno'

2018-06-10 22:09:07 - [TEST_STEP][PASSED] - rightClick: Object: 'Object Repository/GRN/Page_KDMC - CMS/input_txtexpdate' is right clicked on

2018-06-10 22:09:07 - [MESSAGE][PASSED] - Object: 'Object Repository/GRN/Page_KDMC - CMS/input_txtexpdate' is right clicked on

2018-06-10 22:09:07 - [TEST_STEP][PASSED] - selectOptionByIndex: All options with index in [6] are selected on object 'Object Repository/GRN/Page_KDMC - CMS/select_20182019202020212022202'

2018-06-10 22:09:08 - [MESSAGE][PASSED] - All options with index in [6] are selected on object 'Object Repository/GRN/Page_KDMC - CMS/select_20182019202020212022202'

2018-06-10 22:09:08 - [TEST_STEP][PASSED] - selectOptionByIndex: All options with index in [6] are selected on object 'Object Repository/GRN/Page_KDMC - CMS/select_JanFebMarAprMayJunJulAu'

2018-06-10 22:09:08 - [MESSAGE][PASSED] - All options with index in [6] are selected on object 'Object Repository/GRN/Page_KDMC - CMS/select_JanFebMarAprMayJunJulAu'

2018-06-10 22:09:08 - [TEST_STEP][PASSED] - click: Object: 'Object Repository/MOH AND GRN/Page_KDMC - CMS/a_12' is clicked on

2018-06-10 22:09:08 - [MESSAGE][PASSED] - Object: 'Object Repository/MOH AND GRN/Page_KDMC - CMS/a_12' is clicked on

2018-06-10 22:09:08 - [TEST_STEP][PASSED] - click: Object: 'Object Repository/MOH AND GRN/Page_KDMC - CMS/input_btnadd' is clicked on

2018-06-10 22:09:08 - [MESSAGE][PASSED] - Object: 'Object Repository/MOH AND GRN/Page_KDMC - CMS/input_btnadd' is clicked on

2018-06-10 22:09:08 - [TEST_STEP][PASSED] - Statement - If (s == 10): null

2018-06-10 22:09:08 - [TEST_STEP][PASSED] - Statement - Else: null

2018-06-10 22:09:08 - [TEST_STEP][PASSED] - Statement - (s++): null

2018-06-10 22:09:08 - [TEST_STEP][PASSED] - delay: Delayed 1 second(s)

2018-06-10 22:09:09 - [MESSAGE][PASSED] - Delayed 1 second(s)

2018-06-10 22:09:09 - [TEST_STEP][PASSED] - selectOptionByIndex: All options with index in [27] are selected on object 'Object Repository/MOH AND GRN/Page_KDMC - CMS/select_--Select--Amikacin -500'

2018-06-10 22:09:10 - [MESSAGE][PASSED] - All options with index in [27] are selected on object 'Object Repository/MOH AND GRN/Page_KDMC - CMS/select_--Select--Amikacin -500'

2018-06-10 22:09:10 - [TEST_STEP][PASSED] - setText: Text '5000' is set on object 'Object Repository/MOH AND GRN/Page_KDMC - CMS/input_txtqty'

2018-06-10 22:09:10 - [MESSAGE][PASSED] - Text '5000' is set on object 'Object Repository/MOH AND GRN/Page_KDMC - CMS/input_txtqty'

2018-06-10 22:09:10 - [TEST_STEP][PASSED] - selectOptionByIndex: All options with index in [1] are selected on object 'Object Repository/MOH AND GRN/Page_KDMC - CMS/select_--Select--No Tax0'

2018-06-10 22:09:10 - [MESSAGE][PASSED] - All options with index in [1] are selected on object 'Object Repository/MOH AND GRN/Page_KDMC - CMS/select_--Select--No Tax0'

2018-06-10 22:09:10 - [TEST_STEP][PASSED] - setText: Finding Test Object with id 'Object Repository/MOH AND GRN/Page_KDMC - CMS/input_txtmrp'

2018-06-10 22:09:10 - [TEST_STEP][PASSED] - Statement - switch (id): Finding Test Object with id 'Object Repository/MOH AND GRN/Page_KDMC - CMS/input_txtdeal'

2018-06-10 22:09:10 - [TEST_STEP][PASSED] - Statement - case 4:: Text '19.0' is set on object 'Object Repository/MOH AND GRN/Page_KDMC - CMS/input_txtmrp'

2018-06-10 22:09:10 - [TEST_STEP][PASSED] - Statement - return (java.lang.Math.floor((java.lang.Math.random() * ((max - min) + 1))) + min): Text '19.0' is set on object 'Object Repository/MOH AND GRN/Page_KDMC - CMS/input_txtmrp'

2018-06-10 22:09:10 - [MESSAGE][PASSED] - Text '19.0' is set on object 'Object Repository/MOH AND GRN/Page_KDMC - CMS/input_txtmrp'

2018-06-10 22:09:10 - [TEST_STEP][PASSED] - setText: Finding Test Object with id 'Object Repository/MOH AND GRN/Page_KDMC - CMS/input_txtdeal'

2018-06-10 22:09:10 - [TEST_STEP][PASSED] - Statement - switch (id): Finding Test Object with id 'Object Repository/MOH AND GRN/Page_KDMC - CMS/input_txtbatchno'

2018-06-10 22:09:10 - [TEST_STEP][PASSED] - Statement - case 5:: Text '5.0' is set on object 'Object Repository/MOH AND GRN/Page_KDMC - CMS/input_txtdeal'

2018-06-10 22:09:10 - [TEST_STEP][PASSED] - Statement - return (java.lang.Math.floor((java.lang.Math.random() * ((max - min) + 1))) + min): Text '5.0' is set on object 'Object Repository/MOH AND GRN/Page_KDMC - CMS/input_txtdeal'

2018-06-10 22:09:10 - [MESSAGE][PASSED] - Text '5.0' is set on object 'Object Repository/MOH AND GRN/Page_KDMC - CMS/input_txtdeal'

2018-06-10 22:09:10 - [TEST_STEP][PASSED] - setText: Finding Test Object with id 'Object Repository/MOH AND GRN/Page_KDMC - CMS/input_txtbatchno'

2018-06-10 22:09:10 - [TEST_STEP][PASSED] - Statement - switch (id): Finding Test Object with id 'Object Repository/MOH AND GRN/Page_KDMC - CMS/input_txtmrp'

2018-06-10 22:09:10 - [TEST_STEP][PASSED] - Statement - case 1:: Text 'BA636.0' is set on object 'Object Repository/MOH AND GRN/Page_KDMC - CMS/input_txtbatchno'

2018-06-10 22:09:10 - [TEST_STEP][PASSED] - Statement - return (java.lang.Math.floor((java.lang.Math.random() * ((max - min) + 1))) + min): Text 'BA636.0' is set on object 'Object Repository/MOH AND GRN/Page_KDMC - CMS/input_txtbatchno'

2018-06-10 22:09:10 - [MESSAGE][PASSED] - Text 'BA636.0' is set on object 'Object Repository/MOH AND GRN/Page_KDMC - CMS/input_txtbatchno'

2018-06-10 22:09:10 - [TEST_STEP][PASSED] - rightClick: Object: 'Object Repository/GRN/Page_KDMC - CMS/input_txtexpdate' is right clicked on

2018-06-10 22:09:10 - [MESSAGE][PASSED] - Object: 'Object Repository/GRN/Page_KDMC - CMS/input_txtexpdate' is right clicked on

2018-06-10 22:09:10 - [TEST_STEP][PASSED] - selectOptionByIndex: All options with index in [7] are selected on object 'Object Repository/GRN/Page_KDMC - CMS/select_20182019202020212022202'

2018-06-10 22:09:10 - [MESSAGE][PASSED] - All options with index in [7] are selected on object 'Object Repository/GRN/Page_KDMC - CMS/select_20182019202020212022202'

2018-06-10 22:09:10 - [TEST_STEP][PASSED] - selectOptionByIndex: All options with index in [7] are selected on object 'Object Repository/GRN/Page_KDMC - CMS/select_JanFebMarAprMayJunJulAu'

2018-06-10 22:09:11 - [MESSAGE][PASSED] - All options with index in [7] are selected on object 'Object Repository/GRN/Page_KDMC - CMS/select_JanFebMarAprMayJunJulAu'

2018-06-10 22:09:11 - [TEST_STEP][PASSED] - click: Object: 'Object Repository/MOH AND GRN/Page_KDMC - CMS/a_12' is clicked on

2018-06-10 22:09:11 - [MESSAGE][PASSED] - Object: 'Object Repository/MOH AND GRN/Page_KDMC - CMS/a_12' is clicked on

2018-06-10 22:09:11 - [TEST_STEP][PASSED] - click: Object: 'Object Repository/MOH AND GRN/Page_KDMC - CMS/input_btnadd' is clicked on

2018-06-10 22:09:11 - [MESSAGE][PASSED] - Object: 'Object Repository/MOH AND GRN/Page_KDMC - CMS/input_btnadd' is clicked on

2018-06-10 22:09:11 - [TEST_STEP][PASSED] - Statement - If (s == 10): null

2018-06-10 22:09:11 - [TEST_STEP][PASSED] - Statement - Else: null

2018-06-10 22:09:11 - [TEST_STEP][PASSED] - Statement - (s++): null

2018-06-10 22:09:11 - [TEST_STEP][PASSED] - delay: Delayed 1 second(s)

2018-06-10 22:09:12 - [MESSAGE][PASSED] - Delayed 1 second(s)

2018-06-10 22:09:12 - [TEST_STEP][PASSED] - selectOptionByIndex: All options with index in [28] are selected on object 'Object Repository/MOH AND GRN/Page_KDMC - CMS/select_--Select--Amikacin -500'

2018-06-10 22:09:12 - [MESSAGE][PASSED] - All options with index in [28] are selected on object 'Object Repository/MOH AND GRN/Page_KDMC - CMS/select_--Select--Amikacin -500'

2018-06-10 22:09:12 - [TEST_STEP][PASSED] - setText: Text '5000' is set on object 'Object Repository/MOH AND GRN/Page_KDMC - CMS/input_txtqty'

2018-06-10 22:09:12 - [MESSAGE][PASSED] - Text '5000' is set on object 'Object Repository/MOH AND GRN/Page_KDMC - CMS/input_txtqty'

2018-06-10 22:09:12 - [TEST_STEP][PASSED] - selectOptionByIndex: All options with index in [1] are selected on object 'Object Repository/MOH AND GRN/Page_KDMC - CMS/select_--Select--No Tax0'

2018-06-10 22:09:12 - [MESSAGE][PASSED] - All options with index in [1] are selected on object 'Object Repository/MOH AND GRN/Page_KDMC - CMS/select_--Select--No Tax0'

2018-06-10 22:09:12 - [TEST_STEP][PASSED] - setText: Finding Test Object with id 'Object Repository/MOH AND GRN/Page_KDMC - CMS/input_txtmrp'

2018-06-10 22:09:12 - [TEST_STEP][PASSED] - Statement - switch (id): Finding Test Object with id 'Object Repository/MOH AND GRN/Page_KDMC - CMS/input_txtdeal'

2018-06-10 22:09:12 - [TEST_STEP][PASSED] - Statement - case 4:: Text '45.0' is set on object 'Object Repository/MOH AND GRN/Page_KDMC - CMS/input_txtmrp'

2018-06-10 22:09:12 - [TEST_STEP][PASSED] - Statement - return (java.lang.Math.floor((java.lang.Math.random() * ((max - min) + 1))) + min): Text '45.0' is set on object 'Object Repository/MOH AND GRN/Page_KDMC - CMS/input_txtmrp'

2018-06-10 22:09:13 - [MESSAGE][PASSED] - Text '45.0' is set on object 'Object Repository/MOH AND GRN/Page_KDMC - CMS/input_txtmrp'

2018-06-10 22:09:13 - [TEST_STEP][PASSED] - setText: Finding Test Object with id 'Object Repository/MOH AND GRN/Page_KDMC - CMS/input_txtdeal'

2018-06-10 22:09:13 - [TEST_STEP][PASSED] - Statement - switch (id): Finding Test Object with id 'Object Repository/MOH AND GRN/Page_KDMC - CMS/input_txtbatchno'

2018-06-10 22:09:13 - [TEST_STEP][PASSED] - Statement - case 5:: Text '11.0' is set on object 'Object Repository/MOH AND GRN/Page_KDMC - CMS/input_txtdeal'

2018-06-10 22:09:13 - [TEST_STEP][PASSED] - Statement - return (java.lang.Math.floor((java.lang.Math.random() * ((max - min) + 1))) + min): Text '11.0' is set on object 'Object Repository/MOH AND GRN/Page_KDMC - CMS/input_txtdeal'

2018-06-10 22:09:13 - [MESSAGE][PASSED] - Text '11.0' is set on object 'Object Repository/MOH AND GRN/Page_KDMC - CMS/input_txtdeal'

2018-06-10 22:09:13 - [TEST_STEP][PASSED] - setText: Finding Test Object with id 'Object Repository/MOH AND GRN/Page_KDMC - CMS/input_txtbatchno'

2018-06-10 22:09:13 - [TEST_STEP][PASSED] - Statement - switch (id): Finding Test Object with id 'Object Repository/MOH AND GRN/Page_KDMC - CMS/input_txtmrp'

2018-06-10 22:09:13 - [TEST_STEP][PASSED] - Statement - case 1:: Text 'BA305.0' is set on object 'Object Repository/MOH AND GRN/Page_KDMC - CMS/input_txtbatchno'

2018-06-10 22:09:13 - [TEST_STEP][PASSED] - Statement - return (java.lang.Math.floor((java.lang.Math.random() * ((max - min) + 1))) + min): Text 'BA305.0' is set on object 'Object Repository/MOH AND GRN/Page_KDMC - CMS/input_txtbatchno'

2018-06-10 22:09:13 - [MESSAGE][PASSED] - Text 'BA305.0' is set on object 'Object Repository/MOH AND GRN/Page_KDMC - CMS/input_txtbatchno'

2018-06-10 22:09:13 - [TEST_STEP][PASSED] - rightClick: Object: 'Object Repository/GRN/Page_KDMC - CMS/input_txtexpdate' is right clicked on

2018-06-10 22:09:13 - [MESSAGE][PASSED] - Object: 'Object Repository/GRN/Page_KDMC - CMS/input_txtexpdate' is right clicked on

2018-06-10 22:09:13 - [TEST_STEP][PASSED] - selectOptionByIndex: All options with index in [8] are selected on object 'Object Repository/GRN/Page_KDMC - CMS/select_20182019202020212022202'

2018-06-10 22:09:13 - [MESSAGE][PASSED] - All options with index in [8] are selected on object 'Object Repository/GRN/Page_KDMC - CMS/select_20182019202020212022202'

2018-06-10 22:09:13 - [TEST_STEP][PASSED] - selectOptionByIndex: All options with index in [8] are selected on object 'Object Repository/GRN/Page_KDMC - CMS/select_JanFebMarAprMayJunJulAu'

2018-06-10 22:09:13 - [MESSAGE][PASSED] - All options with index in [8] are selected on object 'Object Repository/GRN/Page_KDMC - CMS/select_JanFebMarAprMayJunJulAu'

2018-06-10 22:09:13 - [TEST_STEP][PASSED] - click: Object: 'Object Repository/MOH AND GRN/Page_KDMC - CMS/a_12' is clicked on

2018-06-10 22:09:13 - [MESSAGE][PASSED] - Object: 'Object Repository/MOH AND GRN/Page_KDMC - CMS/a_12' is clicked on

2018-06-10 22:09:13 - [TEST_STEP][PASSED] - click: Object: 'Object Repository/MOH AND GRN/Page_KDMC - CMS/input_btnadd' is clicked on

2018-06-10 22:09:13 - [MESSAGE][PASSED] - Object: 'Object Repository/MOH AND GRN/Page_KDMC - CMS/input_btnadd' is clicked on

2018-06-10 22:09:13 - [TEST_STEP][PASSED] - Statement - If (s == 10): null

2018-06-10 22:09:13 - [TEST_STEP][PASSED] - Statement - Else: null

2018-06-10 22:09:13 - [TEST_STEP][PASSED] - Statement - (s++): null

2018-06-10 22:09:13 - [TEST_STEP][PASSED] - delay: Delayed 1 second(s)

2018-06-10 22:09:14 - [MESSAGE][PASSED] - Delayed 1 second(s)

2018-06-10 22:09:14 - [TEST_STEP][PASSED] - selectOptionByIndex: All options with index in [29] are selected on object 'Object Repository/MOH AND GRN/Page_KDMC - CMS/select_--Select--Amikacin -500'

2018-06-10 22:09:15 - [MESSAGE][PASSED] - All options with index in [29] are selected on object 'Object Repository/MOH AND GRN/Page_KDMC - CMS/select_--Select--Amikacin -500'

2018-06-10 22:09:15 - [TEST_STEP][PASSED] - setText: Text '5000' is set on object 'Object Repository/MOH AND GRN/Page_KDMC - CMS/input_txtqty'

2018-06-10 22:09:15 - [MESSAGE][PASSED] - Text '5000' is set on object 'Object Repository/MOH AND GRN/Page_KDMC - CMS/input_txtqty'

2018-06-10 22:09:15 - [TEST_STEP][PASSED] - selectOptionByIndex: All options with index in [1] are selected on object 'Object Repository/MOH AND GRN/Page_KDMC - CMS/select_--Select--No Tax0'

2018-06-10 22:09:15 - [MESSAGE][PASSED] - All options with index in [1] are selected on object 'Object Repository/MOH AND GRN/Page_KDMC - CMS/select_--Select--No Tax0'

2018-06-10 22:09:15 - [TEST_STEP][PASSED] - setText: Finding Test Object with id 'Object Repository/MOH AND GRN/Page_KDMC - CMS/input_txtmrp'

2018-06-10 22:09:15 - [TEST_STEP][PASSED] - Statement - switch (id): Finding Test Object with id 'Object Repository/MOH AND GRN/Page_KDMC - CMS/input_txtdeal'

2018-06-10 22:09:15 - [TEST_STEP][PASSED] - Statement - case 4:: Text '22.0' is set on object 'Object Repository/MOH AND GRN/Page_KDMC - CMS/input_txtmrp'

2018-06-10 22:09:15 - [TEST_STEP][PASSED] - Statement - return (java.lang.Math.floor((java.lang.Math.random() * ((max - min) + 1))) + min): Text '22.0' is set on object 'Object Repository/MOH AND GRN/Page_KDMC - CMS/input_txtmrp'

2018-06-10 22:09:15 - [MESSAGE][PASSED] - Text '22.0' is set on object 'Object Repository/MOH AND GRN/Page_KDMC - CMS/input_txtmrp'

2018-06-10 22:09:15 - [TEST_STEP][PASSED] - setText: Finding Test Object with id 'Object Repository/MOH AND GRN/Page_KDMC - CMS/input_txtdeal'

2018-06-10 22:09:15 - [TEST_STEP][PASSED] - Statement - switch (id): Finding Test Object with id 'Object Repository/MOH AND GRN/Page_KDMC - CMS/input_txtbatchno'

2018-06-10 22:09:15 - [TEST_STEP][PASSED] - Statement - case 5:: Text '8.0' is set on object 'Object Repository/MOH AND GRN/Page_KDMC - CMS/input_txtdeal'

2018-06-10 22:09:15 - [TEST_STEP][PASSED] - Statement - return (java.lang.Math.floor((java.lang.Math.random() * ((max - min) + 1))) + min): Text '8.0' is set on object 'Object Repository/MOH AND GRN/Page_KDMC - CMS/input_txtdeal'

2018-06-10 22:09:15 - [MESSAGE][PASSED] - Text '8.0' is set on object 'Object Repository/MOH AND GRN/Page_KDMC - CMS/input_txtdeal'

2018-06-10 22:09:15 - [TEST_STEP][PASSED] - setText: Finding Test Object with id 'Object Repository/MOH AND GRN/Page_KDMC - CMS/input_txtbatchno'

2018-06-10 22:09:15 - [TEST_STEP][PASSED] - Statement - switch (id): Finding Test Object with id 'Object Repository/MOH AND GRN/Page_KDMC - CMS/input_txtmrp'

2018-06-10 22:09:15 - [TEST_STEP][PASSED] - Statement - case 1:: Text 'BA843.0' is set on object 'Object Repository/MOH AND GRN/Page_KDMC - CMS/input_txtbatchno'

2018-06-10 22:09:15 - [TEST_STEP][PASSED] - Statement - return (java.lang.Math.floor((java.lang.Math.random() * ((max - min) + 1))) + min): Text 'BA843.0' is set on object 'Object Repository/MOH AND GRN/Page_KDMC - CMS/input_txtbatchno'

2018-06-10 22:09:15 - [MESSAGE][PASSED] - Text 'BA843.0' is set on object 'Object Repository/MOH AND GRN/Page_KDMC - CMS/input_txtbatchno'

2018-06-10 22:09:15 - [TEST_STEP][PASSED] - rightClick: Object: 'Object Repository/GRN/Page_KDMC - CMS/input_txtexpdate' is right clicked on

2018-06-10 22:09:16 - [MESSAGE][PASSED] - Object: 'Object Repository/GRN/Page_KDMC - CMS/input_txtexpdate' is right clicked on

2018-06-10 22:09:16 - [TEST_STEP][PASSED] - selectOptionByIndex: All options with index in [9] are selected on object 'Object Repository/GRN/Page_KDMC - CMS/select_20182019202020212022202'

2018-06-10 22:09:16 - [MESSAGE][PASSED] - All options with index in [9] are selected on object 'Object Repository/GRN/Page_KDMC - CMS/select_20182019202020212022202'

2018-06-10 22:09:16 - [TEST_STEP][PASSED] - selectOptionByIndex: All options with index in [9] are selected on object 'Object Repository/GRN/Page_KDMC - CMS/select_JanFebMarAprMayJunJulAu'

2018-06-10 22:09:16 - [MESSAGE][PASSED] - All options with index in [9] are selected on object 'Object Repository/GRN/Page_KDMC - CMS/select_JanFebMarAprMayJunJulAu'

2018-06-10 22:09:16 - [TEST_STEP][PASSED] - click: Object: 'Object Repository/MOH AND GRN/Page_KDMC - CMS/a_12' is clicked on

2018-06-10 22:09:16 - [MESSAGE][PASSED] - Object: 'Object Repository/MOH AND GRN/Page_KDMC - CMS/a_12' is clicked on

2018-06-10 22:09:16 - [TEST_STEP][PASSED] - click: Object: 'Object Repository/MOH AND GRN/Page_KDMC - CMS/input_btnadd' is clicked on

2018-06-10 22:09:16 - [MESSAGE][PASSED] - Object: 'Object Repository/MOH AND GRN/Page_KDMC - CMS/input_btnadd' is clicked on

2018-06-10 22:09:16 - [TEST_STEP][PASSED] - Statement - If (s == 10): null

2018-06-10 22:09:16 - [TEST_STEP][PASSED] - Statement - Else: null

2018-06-10 22:09:16 - [TEST_STEP][PASSED] - Statement - (s++): null

2018-06-10 22:09:16 - [TEST_STEP][PASSED] - delay: Delayed 1 second(s)

2018-06-10 22:09:17 - [MESSAGE][PASSED] - Delayed 1 second(s)

2018-06-10 22:09:17 - [TEST_STEP][PASSED] - selectOptionByIndex: All options with index in [30] are selected on object 'Object Repository/MOH AND GRN/Page_KDMC - CMS/select_--Select--Amikacin -500'

2018-06-10 22:09:18 - [MESSAGE][PASSED] - All options with index in [30] are selected on object 'Object Repository/MOH AND GRN/Page_KDMC - CMS/select_--Select--Amikacin -500'

2018-06-10 22:09:18 - [TEST_STEP][PASSED] - setText: Text '5000' is set on object 'Object Repository/MOH AND GRN/Page_KDMC - CMS/input_txtqty'

2018-06-10 22:09:18 - [MESSAGE][PASSED] - Text '5000' is set on object 'Object Repository/MOH AND GRN/Page_KDMC - CMS/input_txtqty'

2018-06-10 22:09:18 - [TEST_STEP][PASSED] - selectOptionByIndex: All options with index in [1] are selected on object 'Object Repository/MOH AND GRN/Page_KDMC - CMS/select_--Select--No Tax0'

2018-06-10 22:09:18 - [MESSAGE][PASSED] - All options with index in [1] are selected on object 'Object Repository/MOH AND GRN/Page_KDMC - CMS/select_--Select--No Tax0'

2018-06-10 22:09:18 - [TEST_STEP][PASSED] - setText: Finding Test Object with id 'Object Repository/MOH AND GRN/Page_KDMC - CMS/input_txtmrp'

2018-06-10 22:09:18 - [TEST_STEP][PASSED] - Statement - switch (id): Finding Test Object with id 'Object Repository/MOH AND GRN/Page_KDMC - CMS/input_txtdeal'

2018-06-10 22:09:18 - [TEST_STEP][PASSED] - Statement - case 4:: Text '17.0' is set on object 'Object Repository/MOH AND GRN/Page_KDMC - CMS/input_txtmrp'

2018-06-10 22:09:18 - [TEST_STEP][PASSED] - Statement - return (java.lang.Math.floor((java.lang.Math.random() * ((max - min) + 1))) + min): Text '17.0' is set on object 'Object Repository/MOH AND GRN/Page_KDMC - CMS/input_txtmrp'

2018-06-10 22:09:18 - [MESSAGE][PASSED] - Text '17.0' is set on object 'Object Repository/MOH AND GRN/Page_KDMC - CMS/input_txtmrp'

2018-06-10 22:09:18 - [TEST_STEP][PASSED] - setText: Finding Test Object with id 'Object Repository/MOH AND GRN/Page_KDMC - CMS/input_txtdeal'

2018-06-10 22:09:18 - [TEST_STEP][PASSED] - Statement - switch (id): Finding Test Object with id 'Object Repository/MOH AND GRN/Page_KDMC - CMS/input_txtbatchno'

2018-06-10 22:09:18 - [TEST_STEP][PASSED] - Statement - case 5:: Text '4.0' is set on object 'Object Repository/MOH AND GRN/Page_KDMC - CMS/input_txtdeal'

2018-06-10 22:09:18 - [TEST_STEP][PASSED] - Statement - return (java.lang.Math.floor((java.lang.Math.random() * ((max - min) + 1))) + min): Text '4.0' is set on object 'Object Repository/MOH AND GRN/Page_KDMC - CMS/input_txtdeal'

2018-06-10 22:09:18 - [MESSAGE][PASSED] - Text '4.0' is set on object 'Object Repository/MOH AND GRN/Page_KDMC - CMS/input_txtdeal'

2018-06-10 22:09:18 - [TEST_STEP][PASSED] - setText: Finding Test Object with id 'Object Repository/MOH AND GRN/Page_KDMC - CMS/input_txtbatchno'

2018-06-10 22:09:18 - [TEST_STEP][PASSED] - Statement - switch (id): Finding Test Object with id 'Object Repository/MOH AND GRN/Page_KDMC - CMS/input_txtmrp'

2018-06-10 22:09:18 - [TEST_STEP][PASSED] - Statement - case 1:: Text 'BA604.0' is set on object 'Object Repository/MOH AND GRN/Page_KDMC - CMS/input_txtbatchno'

2018-06-10 22:09:18 - [TEST_STEP][PASSED] - Statement - return (java.lang.Math.floor((java.lang.Math.random() * ((max - min) + 1))) + min): Text 'BA604.0' is set on object 'Object Repository/MOH AND GRN/Page_KDMC - CMS/input_txtbatchno'

2018-06-10 22:09:18 - [MESSAGE][PASSED] - Text 'BA604.0' is set on object 'Object Repository/MOH AND GRN/Page_KDMC - CMS/input_txtbatchno'

2018-06-10 22:09:18 - [TEST_STEP][PASSED] - rightClick: Object: 'Object Repository/GRN/Page_KDMC - CMS/input_txtexpdate' is right clicked on

2018-06-10 22:09:18 - [MESSAGE][PASSED] - Object: 'Object Repository/GRN/Page_KDMC - CMS/input_txtexpdate' is right clicked on

2018-06-10 22:09:18 - [TEST_STEP][PASSED] - selectOptionByIndex: All options with index in [10] are selected on object 'Object Repository/GRN/Page_KDMC - CMS/select_20182019202020212022202'

2018-06-10 22:09:19 - [MESSAGE][PASSED] - All options with index in [10] are selected on object 'Object Repository/GRN/Page_KDMC - CMS/select_20182019202020212022202'

2018-06-10 22:09:19 - [TEST_STEP][PASSED] - selectOptionByIndex: All options with index in [10] are selected on object 'Object Repository/GRN/Page_KDMC - CMS/select_JanFebMarAprMayJunJulAu'

2018-06-10 22:09:19 - [MESSAGE][PASSED] - All options with index in [10] are selected on object 'Object Repository/GRN/Page_KDMC - CMS/select_JanFebMarAprMayJunJulAu'

2018-06-10 22:09:19 - [TEST_STEP][PASSED] - click: Object: 'Object Repository/MOH AND GRN/Page_KDMC - CMS/a_12' is clicked on

2018-06-10 22:09:19 - [MESSAGE][PASSED] - Object: 'Object Repository/MOH AND GRN/Page_KDMC - CMS/a_12' is clicked on

2018-06-10 22:09:19 - [TEST_STEP][PASSED] - click: Object: 'Object Repository/MOH AND GRN/Page_KDMC - CMS/input_btnadd' is clicked on

2018-06-10 22:09:19 - [MESSAGE][PASSED] - Object: 'Object Repository/MOH AND GRN/Page_KDMC - CMS/input_btnadd' is clicked on

2018-06-10 22:09:19 - [TEST_STEP][PASSED] - Statement - If (s == 10): null

2018-06-10 22:09:19 - [TEST_STEP][PASSED] - Statement - s = 1: null

2018-06-10 22:09:19 - [TEST_STEP][PASSED] - delay: Delayed 1 second(s)

2018-06-10 22:09:20 - [MESSAGE][PASSED] - Delayed 1 second(s)

2018-06-10 22:09:20 - [TEST_STEP][PASSED] - selectOptionByIndex: All options with index in [31] are selected on object 'Object Repository/MOH AND GRN/Page_KDMC - CMS/select_--Select--Amikacin -500'

2018-06-10 22:09:20 - [MESSAGE][PASSED] - All options with index in [31] are selected on object 'Object Repository/MOH AND GRN/Page_KDMC - CMS/select_--Select--Amikacin -500'

2018-06-10 22:09:20 - [TEST_STEP][PASSED] - setText: Text '5000' is set on object 'Object Repository/MOH AND GRN/Page_KDMC - CMS/input_txtqty'

2018-06-10 22:09:21 - [MESSAGE][PASSED] - Text '5000' is set on object 'Object Repository/MOH AND GRN/Page_KDMC - CMS/input_txtqty'

2018-06-10 22:09:21 - [TEST_STEP][PASSED] - selectOptionByIndex: All options with index in [1] are selected on object 'Object Repository/MOH AND GRN/Page_KDMC - CMS/select_--Select--No Tax0'

2018-06-10 22:09:21 - [MESSAGE][PASSED] - All options with index in [1] are selected on object 'Object Repository/MOH AND GRN/Page_KDMC - CMS/select_--Select--No Tax0'

2018-06-10 22:09:21 - [TEST_STEP][PASSED] - setText: Finding Test Object with id 'Object Repository/MOH AND GRN/Page_KDMC - CMS/input_txtmrp'

2018-06-10 22:09:21 - [TEST_STEP][PASSED] - Statement - switch (id): Finding Test Object with id 'Object Repository/MOH AND GRN/Page_KDMC - CMS/input_txtdeal'

2018-06-10 22:09:21 - [TEST_STEP][PASSED] - Statement - case 4:: Text '30.0' is set on object 'Object Repository/MOH AND GRN/Page_KDMC - CMS/input_txtmrp'

2018-06-10 22:09:21 - [TEST_STEP][PASSED] - Statement - return (java.lang.Math.floor((java.lang.Math.random() * ((max - min) + 1))) + min): Text '30.0' is set on object 'Object Repository/MOH AND GRN/Page_KDMC - CMS/input_txtmrp'

2018-06-10 22:09:21 - [MESSAGE][PASSED] - Text '30.0' is set on object 'Object Repository/MOH AND GRN/Page_KDMC - CMS/input_txtmrp'

2018-06-10 22:09:21 - [TEST_STEP][PASSED] - setText: Finding Test Object with id 'Object Repository/MOH AND GRN/Page_KDMC - CMS/input_txtdeal'

2018-06-10 22:09:21 - [TEST_STEP][PASSED] - Statement - switch (id): Finding Test Object with id 'Object Repository/MOH AND GRN/Page_KDMC - CMS/input_txtbatchno'

2018-06-10 22:09:21 - [TEST_STEP][PASSED] - Statement - case 5:: Text '1.0' is set on object 'Object Repository/MOH AND GRN/Page_KDMC - CMS/input_txtdeal'

2018-06-10 22:09:21 - [TEST_STEP][PASSED] - Statement - return (java.lang.Math.floor((java.lang.Math.random() * ((max - min) + 1))) + min): Text '1.0' is set on object 'Object Repository/MOH AND GRN/Page_KDMC - CMS/input_txtdeal'

2018-06-10 22:09:21 - [MESSAGE][PASSED] - Text '1.0' is set on object 'Object Repository/MOH AND GRN/Page_KDMC - CMS/input_txtdeal'

2018-06-10 22:09:21 - [TEST_STEP][PASSED] - setText: Finding Test Object with id 'Object Repository/MOH AND GRN/Page_KDMC - CMS/input_txtbatchno'

2018-06-10 22:09:21 - [TEST_STEP][PASSED] - Statement - switch (id): Finding Test Object with id 'Object Repository/MOH AND GRN/Page_KDMC - CMS/input_txtmrp'

2018-06-10 22:09:21 - [TEST_STEP][PASSED] - Statement - case 1:: Text 'BA101.0' is set on object 'Object Repository/MOH AND GRN/Page_KDMC - CMS/input_txtbatchno'

2018-06-10 22:09:21 - [TEST_STEP][PASSED] - Statement - return (java.lang.Math.floor((java.lang.Math.random() * ((max - min) + 1))) + min): Text 'BA101.0' is set on object 'Object Repository/MOH AND GRN/Page_KDMC - CMS/input_txtbatchno'

2018-06-10 22:09:21 - [MESSAGE][PASSED] - Text 'BA101.0' is set on object 'Object Repository/MOH AND GRN/Page_KDMC - CMS/input_txtbatchno'

2018-06-10 22:09:21 - [TEST_STEP][PASSED] - rightClick: Object: 'Object Repository/GRN/Page_KDMC - CMS/input_txtexpdate' is right clicked on

2018-06-10 22:09:21 - [MESSAGE][PASSED] - Object: 'Object Repository/GRN/Page_KDMC - CMS/input_txtexpdate' is right clicked on

2018-06-10 22:09:21 - [TEST_STEP][PASSED] - selectOptionByIndex: All options with index in [1] are selected on object 'Object Repository/GRN/Page_KDMC - CMS/select_20182019202020212022202'

2018-06-10 22:09:21 - [MESSAGE][PASSED] - All options with index in [1] are selected on object 'Object Repository/GRN/Page_KDMC - CMS/select_20182019202020212022202'

2018-06-10 22:09:21 - [TEST_STEP][PASSED] - selectOptionByIndex: All options with index in [1] are selected on object 'Object Repository/GRN/Page_KDMC - CMS/select_JanFebMarAprMayJunJulAu'

2018-06-10 22:09:21 - [MESSAGE][PASSED] - All options with index in [1] are selected on object 'Object Repository/GRN/Page_KDMC - CMS/select_JanFebMarAprMayJunJulAu'

2018-06-10 22:09:21 - [TEST_STEP][PASSED] - click: Object: 'Object Repository/MOH AND GRN/Page_KDMC - CMS/a_12' is clicked on

2018-06-10 22:09:21 - [MESSAGE][PASSED] - Object: 'Object Repository/MOH AND GRN/Page_KDMC - CMS/a_12' is clicked on

2018-06-10 22:09:21 - [TEST_STEP][PASSED] - click: Object: 'Object Repository/MOH AND GRN/Page_KDMC - CMS/input_btnadd' is clicked on

2018-06-10 22:09:22 - [MESSAGE][PASSED] - Object: 'Object Repository/MOH AND GRN/Page_KDMC - CMS/input_btnadd' is clicked on

2018-06-10 22:09:22 - [TEST_STEP][PASSED] - Statement - If (s == 10): null

2018-06-10 22:09:22 - [TEST_STEP][PASSED] - Statement - Else: null

2018-06-10 22:09:22 - [TEST_STEP][PASSED] - Statement - (s++): null

2018-06-10 22:09:22 - [TEST_STEP][PASSED] - delay: Delayed 1 second(s)

2018-06-10 22:09:23 - [MESSAGE][PASSED] - Delayed 1 second(s)

2018-06-10 22:09:23 - [TEST_STEP][PASSED] - selectOptionByIndex: All options with index in [32] are selected on object 'Object Repository/MOH AND GRN/Page_KDMC - CMS/select_--Select--Amikacin -500'

2018-06-10 22:09:23 - [MESSAGE][PASSED] - All options with index in [32] are selected on object 'Object Repository/MOH AND GRN/Page_KDMC - CMS/select_--Select--Amikacin -500'

2018-06-10 22:09:23 - [TEST_STEP][PASSED] - setText: Text '5000' is set on object 'Object Repository/MOH AND GRN/Page_KDMC - CMS/input_txtqty'

2018-06-10 22:09:23 - [MESSAGE][PASSED] - Text '5000' is set on object 'Object Repository/MOH AND GRN/Page_KDMC - CMS/input_txtqty'

2018-06-10 22:09:23 - [TEST_STEP][PASSED] - selectOptionByIndex: All options with index in [1] are selected on object 'Object Repository/MOH AND GRN/Page_KDMC - CMS/select_--Select--No Tax0'

2018-06-10 22:09:23 - [MESSAGE][PASSED] - All options with index in [1] are selected on object 'Object Repository/MOH AND GRN/Page_KDMC - CMS/select_--Select--No Tax0'

2018-06-10 22:09:23 - [TEST_STEP][PASSED] - setText: Finding Test Object with id 'Object Repository/MOH AND GRN/Page_KDMC - CMS/input_txtmrp'

2018-06-10 22:09:23 - [TEST_STEP][PASSED] - Statement - switch (id): Finding Test Object with id 'Object Repository/MOH AND GRN/Page_KDMC - CMS/input_txtdeal'

2018-06-10 22:09:23 - [TEST_STEP][PASSED] - Statement - case 4:: Text '25.0' is set on object 'Object Repository/MOH AND GRN/Page_KDMC - CMS/input_txtmrp'

2018-06-10 22:09:23 - [TEST_STEP][PASSED] - Statement - return (java.lang.Math.floor((java.lang.Math.random() * ((max - min) + 1))) + min): Text '25.0' is set on object 'Object Repository/MOH AND GRN/Page_KDMC - CMS/input_txtmrp'

2018-06-10 22:09:23 - [MESSAGE][PASSED] - Text '25.0' is set on object 'Object Repository/MOH AND GRN/Page_KDMC - CMS/input_txtmrp'

2018-06-10 22:09:23 - [TEST_STEP][PASSED] - setText: Finding Test Object with id 'Object Repository/MOH AND GRN/Page_KDMC - CMS/input_txtdeal'

2018-06-10 22:09:23 - [TEST_STEP][PASSED] - Statement - switch (id): Finding Test Object with id 'Object Repository/MOH AND GRN/Page_KDMC - CMS/input_txtbatchno'

2018-06-10 22:09:23 - [TEST_STEP][PASSED] - Statement - case 5:: Text '12.0' is set on object 'Object Repository/MOH AND GRN/Page_KDMC - CMS/input_txtdeal'

2018-06-10 22:09:23 - [TEST_STEP][PASSED] - Statement - return (java.lang.Math.floor((java.lang.Math.random() * ((max - min) + 1))) + min): Text '12.0' is set on object 'Object Repository/MOH AND GRN/Page_KDMC - CMS/input_txtdeal'

2018-06-10 22:09:23 - [MESSAGE][PASSED] - Text '12.0' is set on object 'Object Repository/MOH AND GRN/Page_KDMC - CMS/input_txtdeal'

2018-06-10 22:09:23 - [TEST_STEP][PASSED] - setText: Finding Test Object with id 'Object Repository/MOH AND GRN/Page_KDMC - CMS/input_txtbatchno'

2018-06-10 22:09:23 - [TEST_STEP][PASSED] - Statement - switch (id): Finding Test Object with id 'Object Repository/MOH AND GRN/Page_KDMC - CMS/input_txtmrp'

2018-06-10 22:09:23 - [TEST_STEP][PASSED] - Statement - case 1:: Text 'BA807.0' is set on object 'Object Repository/MOH AND GRN/Page_KDMC - CMS/input_txtbatchno'

2018-06-10 22:09:23 - [TEST_STEP][PASSED] - Statement - return (java.lang.Math.floor((java.lang.Math.random() * ((max - min) + 1))) + min): Text 'BA807.0' is set on object 'Object Repository/MOH AND GRN/Page_KDMC - CMS/input_txtbatchno'

2018-06-10 22:09:24 - [MESSAGE][PASSED] - Text 'BA807.0' is set on object 'Object Repository/MOH AND GRN/Page_KDMC - CMS/input_txtbatchno'

2018-06-10 22:09:24 - [TEST_STEP][PASSED] - rightClick: Object: 'Object Repository/GRN/Page_KDMC - CMS/input_txtexpdate' is right clicked on

2018-06-10 22:09:24 - [MESSAGE][PASSED] - Object: 'Object Repository/GRN/Page_KDMC - CMS/input_txtexpdate' is right clicked on

2018-06-10 22:09:24 - [TEST_STEP][PASSED] - selectOptionByIndex: All options with index in [2] are selected on object 'Object Repository/GRN/Page_KDMC - CMS/select_20182019202020212022202'

2018-06-10 22:09:24 - [MESSAGE][PASSED] - All options with index in [2] are selected on object 'Object Repository/GRN/Page_KDMC - CMS/select_20182019202020212022202'

2018-06-10 22:09:24 - [TEST_STEP][PASSED] - selectOptionByIndex: All options with index in [2] are selected on object 'Object Repository/GRN/Page_KDMC - CMS/select_JanFebMarAprMayJunJulAu'

2018-06-10 22:09:24 - [MESSAGE][PASSED] - All options with index in [2] are selected on object 'Object Repository/GRN/Page_KDMC - CMS/select_JanFebMarAprMayJunJulAu'

2018-06-10 22:09:24 - [TEST_STEP][PASSED] - click: Object: 'Object Repository/MOH AND GRN/Page_KDMC - CMS/a_12' is clicked on

2018-06-10 22:09:24 - [MESSAGE][PASSED] - Object: 'Object Repository/MOH AND GRN/Page_KDMC - CMS/a_12' is clicked on

2018-06-10 22:09:24 - [TEST_STEP][PASSED] - click: Object: 'Object Repository/MOH AND GRN/Page_KDMC - CMS/input_btnadd' is clicked on

2018-06-10 22:09:24 - [MESSAGE][PASSED] - Object: 'Object Repository/MOH AND GRN/Page_KDMC - CMS/input_btnadd' is clicked on

2018-06-10 22:09:24 - [TEST_STEP][PASSED] - Statement - If (s == 10): null

2018-06-10 22:09:24 - [TEST_STEP][PASSED] - Statement - Else: null

2018-06-10 22:09:24 - [TEST_STEP][PASSED] - Statement - (s++): null

2018-06-10 22:09:24 - [TEST_STEP][PASSED] - delay: Delayed 1 second(s)

2018-06-10 22:09:25 - [MESSAGE][PASSED] - Delayed 1 second(s)

2018-06-10 22:09:25 - [TEST_STEP][PASSED] - selectOptionByIndex: All options with index in [33] are selected on object 'Object Repository/MOH AND GRN/Page_KDMC - CMS/select_--Select--Amikacin -500'

2018-06-10 22:09:26 - [MESSAGE][PASSED] - All options with index in [33] are selected on object 'Object Repository/MOH AND GRN/Page_KDMC - CMS/select_--Select--Amikacin -500'

2018-06-10 22:09:26 - [TEST_STEP][PASSED] - setText: Text '5000' is set on object 'Object Repository/MOH AND GRN/Page_KDMC - CMS/input_txtqty'

2018-06-10 22:09:26 - [MESSAGE][PASSED] - Text '5000' is set on object 'Object Repository/MOH AND GRN/Page_KDMC - CMS/input_txtqty'

2018-06-10 22:09:26 - [TEST_STEP][PASSED] - selectOptionByIndex: All options with index in [1] are selected on object 'Object Repository/MOH AND GRN/Page_KDMC - CMS/select_--Select--No Tax0'

2018-06-10 22:09:26 - [MESSAGE][PASSED] - All options with index in [1] are selected on object 'Object Repository/MOH AND GRN/Page_KDMC - CMS/select_--Select--No Tax0'

2018-06-10 22:09:26 - [TEST_STEP][PASSED] - setText: Finding Test Object with id 'Object Repository/MOH AND GRN/Page_KDMC - CMS/input_txtmrp'

2018-06-10 22:09:26 - [TEST_STEP][PASSED] - Statement - switch (id): Finding Test Object with id 'Object Repository/MOH AND GRN/Page_KDMC - CMS/input_txtdeal'

2018-06-10 22:09:26 - [TEST_STEP][PASSED] - Statement - case 4:: Text '29.0' is set on object 'Object Repository/MOH AND GRN/Page_KDMC - CMS/input_txtmrp'

2018-06-10 22:09:26 - [TEST_STEP][PASSED] - Statement - return (java.lang.Math.floor((java.lang.Math.random() * ((max - min) + 1))) + min): Text '29.0' is set on object 'Object Repository/MOH AND GRN/Page_KDMC - CMS/input_txtmrp'

2018-06-10 22:09:26 - [MESSAGE][PASSED] - Text '29.0' is set on object 'Object Repository/MOH AND GRN/Page_KDMC - CMS/input_txtmrp'

2018-06-10 22:09:26 - [TEST_STEP][PASSED] - setText: Finding Test Object with id 'Object Repository/MOH AND GRN/Page_KDMC - CMS/input_txtdeal'

2018-06-10 22:09:26 - [TEST_STEP][PASSED] - Statement - switch (id): Finding Test Object with id 'Object Repository/MOH AND GRN/Page_KDMC - CMS/input_txtbatchno'

2018-06-10 22:09:26 - [TEST_STEP][PASSED] - Statement - case 5:: Text '12.0' is set on object 'Object Repository/MOH AND GRN/Page_KDMC - CMS/input_txtdeal'

2018-06-10 22:09:26 - [TEST_STEP][PASSED] - Statement - return (java.lang.Math.floor((java.lang.Math.random() * ((max - min) + 1))) + min): Text '12.0' is set on object 'Object Repository/MOH AND GRN/Page_KDMC - CMS/input_txtdeal'

2018-06-10 22:09:26 - [MESSAGE][PASSED] - Text '12.0' is set on object 'Object Repository/MOH AND GRN/Page_KDMC - CMS/input_txtdeal'

2018-06-10 22:09:26 - [TEST_STEP][PASSED] - setText: Finding Test Object with id 'Object Repository/MOH AND GRN/Page_KDMC - CMS/input_txtbatchno'

2018-06-10 22:09:26 - [TEST_STEP][PASSED] - Statement - switch (id): Finding Test Object with id 'Object Repository/MOH AND GRN/Page_KDMC - CMS/input_txtmrp'

2018-06-10 22:09:26 - [TEST_STEP][PASSED] - Statement - case 1:: Text 'BA793.0' is set on object 'Object Repository/MOH AND GRN/Page_KDMC - CMS/input_txtbatchno'

2018-06-10 22:09:26 - [TEST_STEP][PASSED] - Statement - return (java.lang.Math.floor((java.lang.Math.random() * ((max - min) + 1))) + min): Text 'BA793.0' is set on object 'Object Repository/MOH AND GRN/Page_KDMC - CMS/input_txtbatchno'

2018-06-10 22:09:26 - [MESSAGE][PASSED] - Text 'BA793.0' is set on object 'Object Repository/MOH AND GRN/Page_KDMC - CMS/input_txtbatchno'

2018-06-10 22:09:26 - [TEST_STEP][PASSED] - rightClick: Object: 'Object Repository/GRN/Page_KDMC - CMS/input_txtexpdate' is right clicked on

2018-06-10 22:09:26 - [MESSAGE][PASSED] - Object: 'Object Repository/GRN/Page_KDMC - CMS/input_txtexpdate' is right clicked on

2018-06-10 22:09:26 - [TEST_STEP][PASSED] - selectOptionByIndex: All options with index in [3] are selected on object 'Object Repository/GRN/Page_KDMC - CMS/select_20182019202020212022202'

2018-06-10 22:09:26 - [MESSAGE][PASSED] - All options with index in [3] are selected on object 'Object Repository/GRN/Page_KDMC - CMS/select_20182019202020212022202'

2018-06-10 22:09:26 - [TEST_STEP][PASSED] - selectOptionByIndex: All options with index in [3] are selected on object 'Object Repository/GRN/Page_KDMC - CMS/select_JanFebMarAprMayJunJulAu'

2018-06-10 22:09:27 - [MESSAGE][PASSED] - All options with index in [3] are selected on object 'Object Repository/GRN/Page_KDMC - CMS/select_JanFebMarAprMayJunJulAu'

2018-06-10 22:09:27 - [TEST_STEP][PASSED] - click: Object: 'Object Repository/MOH AND GRN/Page_KDMC - CMS/a_12' is clicked on

2018-06-10 22:09:27 - [MESSAGE][PASSED] - Object: 'Object Repository/MOH AND GRN/Page_KDMC - CMS/a_12' is clicked on

2018-06-10 22:09:27 - [TEST_STEP][PASSED] - click: Object: 'Object Repository/MOH AND GRN/Page_KDMC - CMS/input_btnadd' is clicked on

2018-06-10 22:09:27 - [MESSAGE][PASSED] - Object: 'Object Repository/MOH AND GRN/Page_KDMC - CMS/input_btnadd' is clicked on

2018-06-10 22:09:27 - [TEST_STEP][PASSED] - Statement - If (s == 10): null

2018-06-10 22:09:27 - [TEST_STEP][PASSED] - Statement - Else: null

2018-06-10 22:09:27 - [TEST_STEP][PASSED] - Statement - (s++): null

2018-06-10 22:09:27 - [TEST_STEP][PASSED] - delay: Delayed 1 second(s)

2018-06-10 22:09:28 - [MESSAGE][PASSED] - Delayed 1 second(s)

2018-06-10 22:09:28 - [TEST_STEP][PASSED] - selectOptionByIndex: All options with index in [34] are selected on object 'Object Repository/MOH AND GRN/Page_KDMC - CMS/select_--Select--Amikacin -500'

2018-06-10 22:09:28 - [MESSAGE][PASSED] - All options with index in [34] are selected on object 'Object Repository/MOH AND GRN/Page_KDMC - CMS/select_--Select--Amikacin -500'

2018-06-10 22:09:28 - [TEST_STEP][PASSED] - setText: Text '5000' is set on object 'Object Repository/MOH AND GRN/Page_KDMC - CMS/input_txtqty'

2018-06-10 22:09:28 - [MESSAGE][PASSED] - Text '5000' is set on object 'Object Repository/MOH AND GRN/Page_KDMC - CMS/input_txtqty'

2018-06-10 22:09:28 - [TEST_STEP][PASSED] - selectOptionByIndex: All options with index in [1] are selected on object 'Object Repository/MOH AND GRN/Page_KDMC - CMS/select_--Select--No Tax0'

2018-06-10 22:09:29 - [MESSAGE][PASSED] - All options with index in [1] are selected on object 'Object Repository/MOH AND GRN/Page_KDMC - CMS/select_--Select--No Tax0'

2018-06-10 22:09:29 - [TEST_STEP][PASSED] - setText: Finding Test Object with id 'Object Repository/MOH AND GRN/Page_KDMC - CMS/input_txtmrp'

2018-06-10 22:09:29 - [TEST_STEP][PASSED] - Statement - switch (id): Finding Test Object with id 'Object Repository/MOH AND GRN/Page_KDMC - CMS/input_txtdeal'

2018-06-10 22:09:29 - [TEST_STEP][PASSED] - Statement - case 4:: Text '34.0' is set on object 'Object Repository/MOH AND GRN/Page_KDMC - CMS/input_txtmrp'

2018-06-10 22:09:29 - [TEST_STEP][PASSED] - Statement - return (java.lang.Math.floor((java.lang.Math.random() * ((max - min) + 1))) + min): Text '34.0' is set on object 'Object Repository/MOH AND GRN/Page_KDMC - CMS/input_txtmrp'

2018-06-10 22:09:29 - [MESSAGE][PASSED] - Text '34.0' is set on object 'Object Repository/MOH AND GRN/Page_KDMC - CMS/input_txtmrp'

2018-06-10 22:09:29 - [TEST_STEP][PASSED] - setText: Finding Test Object with id 'Object Repository/MOH AND GRN/Page_KDMC - CMS/input_txtdeal'

2018-06-10 22:09:29 - [TEST_STEP][PASSED] - Statement - switch (id): Finding Test Object with id 'Object Repository/MOH AND GRN/Page_KDMC - CMS/input_txtbatchno'

2018-06-10 22:09:29 - [TEST_STEP][PASSED] - Statement - case 5:: Text '11.0' is set on object 'Object Repository/MOH AND GRN/Page_KDMC - CMS/input_txtdeal'

2018-06-10 22:09:29 - [TEST_STEP][PASSED] - Statement - return (java.lang.Math.floor((java.lang.Math.random() * ((max - min) + 1))) + min): Text '11.0' is set on object 'Object Repository/MOH AND GRN/Page_KDMC - CMS/input_txtdeal'

2018-06-10 22:09:29 - [MESSAGE][PASSED] - Text '11.0' is set on object 'Object Repository/MOH AND GRN/Page_KDMC - CMS/input_txtdeal'

2018-06-10 22:09:29 - [TEST_STEP][PASSED] - setText: Finding Test Object with id 'Object Repository/MOH AND GRN/Page_KDMC - CMS/input_txtbatchno'

2018-06-10 22:09:29 - [TEST_STEP][PASSED] - Statement - switch (id): Finding Test Object with id 'Object Repository/MOH AND GRN/Page_KDMC - CMS/input_txtmrp'

2018-06-10 22:09:29 - [TEST_STEP][PASSED] - Statement - case 1:: Text 'BA975.0' is set on object 'Object Repository/MOH AND GRN/Page_KDMC - CMS/input_txtbatchno'

2018-06-10 22:09:29 - [TEST_STEP][PASSED] - Statement - return (java.lang.Math.floor((java.lang.Math.random() * ((max - min) + 1))) + min): Text 'BA975.0' is set on object 'Object Repository/MOH AND GRN/Page_KDMC - CMS/input_txtbatchno'

2018-06-10 22:09:29 - [MESSAGE][PASSED] - Text 'BA975.0' is set on object 'Object Repository/MOH AND GRN/Page_KDMC - CMS/input_txtbatchno'

2018-06-10 22:09:29 - [TEST_STEP][PASSED] - rightClick: Object: 'Object Repository/GRN/Page_KDMC - CMS/input_txtexpdate' is right clicked on

2018-06-10 22:09:29 - [MESSAGE][PASSED] - Object: 'Object Repository/GRN/Page_KDMC - CMS/input_txtexpdate' is right clicked on

2018-06-10 22:09:29 - [TEST_STEP][PASSED] - selectOptionByIndex: All options with index in [4] are selected on object 'Object Repository/GRN/Page_KDMC - CMS/select_20182019202020212022202'

2018-06-10 22:09:29 - [MESSAGE][PASSED] - All options with index in [4] are selected on object 'Object Repository/GRN/Page_KDMC - CMS/select_20182019202020212022202'

2018-06-10 22:09:29 - [TEST_STEP][PASSED] - selectOptionByIndex: All options with index in [4] are selected on object 'Object Repository/GRN/Page_KDMC - CMS/select_JanFebMarAprMayJunJulAu'

2018-06-10 22:09:29 - [MESSAGE][PASSED] - All options with index in [4] are selected on object 'Object Repository/GRN/Page_KDMC - CMS/select_JanFebMarAprMayJunJulAu'

2018-06-10 22:09:29 - [TEST_STEP][PASSED] - click: Object: 'Object Repository/MOH AND GRN/Page_KDMC - CMS/a_12' is clicked on

2018-06-10 22:09:29 - [MESSAGE][PASSED] - Object: 'Object Repository/MOH AND GRN/Page_KDMC - CMS/a_12' is clicked on

2018-06-10 22:09:29 - [TEST_STEP][PASSED] - click: Object: 'Object Repository/MOH AND GRN/Page_KDMC - CMS/input_btnadd' is clicked on

2018-06-10 22:09:30 - [MESSAGE][PASSED] - Object: 'Object Repository/MOH AND GRN/Page_KDMC - CMS/input_btnadd' is clicked on

2018-06-10 22:09:30 - [TEST_STEP][PASSED] - Statement - If (s == 10): null

2018-06-10 22:09:30 - [TEST_STEP][PASSED] - Statement - Else: null

2018-06-10 22:09:30 - [TEST_STEP][PASSED] - Statement - (s++): null

2018-06-10 22:09:30 - [TEST_STEP][PASSED] - delay: Delayed 1 second(s)

2018-06-10 22:09:31 - [MESSAGE][PASSED] - Delayed 1 second(s)

2018-06-10 22:09:31 - [TEST_STEP][PASSED] - selectOptionByIndex: All options with index in [35] are selected on object 'Object Repository/MOH AND GRN/Page_KDMC - CMS/select_--Select--Amikacin -500'

2018-06-10 22:09:31 - [MESSAGE][PASSED] - All options with index in [35] are selected on object 'Object Repository/MOH AND GRN/Page_KDMC - CMS/select_--Select--Amikacin -500'

2018-06-10 22:09:31 - [TEST_STEP][PASSED] - setText: Text '5000' is set on object 'Object Repository/MOH AND GRN/Page_KDMC - CMS/input_txtqty'

2018-06-10 22:09:31 - [MESSAGE][PASSED] - Text '5000' is set on object 'Object Repository/MOH AND GRN/Page_KDMC - CMS/input_txtqty'

2018-06-10 22:09:31 - [TEST_STEP][PASSED] - selectOptionByIndex: All options with index in [1] are selected on object 'Object Repository/MOH AND GRN/Page_KDMC - CMS/select_--Select--No Tax0'

2018-06-10 22:09:31 - [MESSAGE][PASSED] - All options with index in [1] are selected on object 'Object Repository/MOH AND GRN/Page_KDMC - CMS/select_--Select--No Tax0'

2018-06-10 22:09:31 - [TEST_STEP][PASSED] - setText: Finding Test Object with id 'Object Repository/MOH AND GRN/Page_KDMC - CMS/input_txtmrp'

2018-06-10 22:09:31 - [TEST_STEP][PASSED] - Statement - switch (id): Finding Test Object with id 'Object Repository/MOH AND GRN/Page_KDMC - CMS/input_txtdeal'

2018-06-10 22:09:31 - [TEST_STEP][PASSED] - Statement - case 4:: Text '41.0' is set on object 'Object Repository/MOH AND GRN/Page_KDMC - CMS/input_txtmrp'

2018-06-10 22:09:31 - [TEST_STEP][PASSED] - Statement - return (java.lang.Math.floor((java.lang.Math.random() * ((max - min) + 1))) + min): Text '41.0' is set on object 'Object Repository/MOH AND GRN/Page_KDMC - CMS/input_txtmrp'

2018-06-10 22:09:31 - [MESSAGE][PASSED] - Text '41.0' is set on object 'Object Repository/MOH AND GRN/Page_KDMC - CMS/input_txtmrp'

2018-06-10 22:09:31 - [TEST_STEP][PASSED] - setText: Finding Test Object with id 'Object Repository/MOH AND GRN/Page_KDMC - CMS/input_txtdeal'

2018-06-10 22:09:31 - [TEST_STEP][PASSED] - Statement - switch (id): Finding Test Object with id 'Object Repository/MOH AND GRN/Page_KDMC - CMS/input_txtbatchno'

2018-06-10 22:09:31 - [TEST_STEP][PASSED] - Statement - case 5:: Text '1.0' is set on object 'Object Repository/MOH AND GRN/Page_KDMC - CMS/input_txtdeal'

2018-06-10 22:09:31 - [TEST_STEP][PASSED] - Statement - return (java.lang.Math.floor((java.lang.Math.random() * ((max - min) + 1))) + min): Text '1.0' is set on object 'Object Repository/MOH AND GRN/Page_KDMC - CMS/input_txtdeal'

2018-06-10 22:09:31 - [MESSAGE][PASSED] - Text '1.0' is set on object 'Object Repository/MOH AND GRN/Page_KDMC - CMS/input_txtdeal'

2018-06-10 22:09:31 - [TEST_STEP][PASSED] - setText: Finding Test Object with id 'Object Repository/MOH AND GRN/Page_KDMC - CMS/input_txtbatchno'

2018-06-10 22:09:31 - [TEST_STEP][PASSED] - Statement - switch (id): Finding Test Object with id 'Object Repository/MOH AND GRN/Page_KDMC - CMS/input_txtmrp'

2018-06-10 22:09:31 - [TEST_STEP][PASSED] - Statement - case 1:: Text 'BA944.0' is set on object 'Object Repository/MOH AND GRN/Page_KDMC - CMS/input_txtbatchno'

2018-06-10 22:09:31 - [TEST_STEP][PASSED] - Statement - return (java.lang.Math.floor((java.lang.Math.random() * ((max - min) + 1))) + min): Text 'BA944.0' is set on object 'Object Repository/MOH AND GRN/Page_KDMC - CMS/input_txtbatchno'

2018-06-10 22:09:32 - [MESSAGE][PASSED] - Text 'BA944.0' is set on object 'Object Repository/MOH AND GRN/Page_KDMC - CMS/input_txtbatchno'

2018-06-10 22:09:32 - [TEST_STEP][PASSED] - rightClick: Object: 'Object Repository/GRN/Page_KDMC - CMS/input_txtexpdate' is right clicked on

2018-06-10 22:09:32 - [MESSAGE][PASSED] - Object: 'Object Repository/GRN/Page_KDMC - CMS/input_txtexpdate' is right clicked on

2018-06-10 22:09:32 - [TEST_STEP][PASSED] - selectOptionByIndex: All options with index in [5] are selected on object 'Object Repository/GRN/Page_KDMC - CMS/select_20182019202020212022202'

2018-06-10 22:09:32 - [MESSAGE][PASSED] - All options with index in [5] are selected on object 'Object Repository/GRN/Page_KDMC - CMS/select_20182019202020212022202'

2018-06-10 22:09:32 - [TEST_STEP][PASSED] - selectOptionByIndex: All options with index in [5] are selected on object 'Object Repository/GRN/Page_KDMC - CMS/select_JanFebMarAprMayJunJulAu'

2018-06-10 22:09:32 - [MESSAGE][PASSED] - All options with index in [5] are selected on object 'Object Repository/GRN/Page_KDMC - CMS/select_JanFebMarAprMayJunJulAu'

2018-06-10 22:09:32 - [TEST_STEP][PASSED] - click: Object: 'Object Repository/MOH AND GRN/Page_KDMC - CMS/a_12' is clicked on

2018-06-10 22:09:32 - [MESSAGE][PASSED] - Object: 'Object Repository/MOH AND GRN/Page_KDMC - CMS/a_12' is clicked on

2018-06-10 22:09:32 - [TEST_STEP][PASSED] - click: Object: 'Object Repository/MOH AND GRN/Page_KDMC - CMS/input_btnadd' is clicked on

2018-06-10 22:09:32 - [MESSAGE][PASSED] - Object: 'Object Repository/MOH AND GRN/Page_KDMC - CMS/input_btnadd' is clicked on

2018-06-10 22:09:32 - [TEST_STEP][PASSED] - Statement - If (s == 10): null

2018-06-10 22:09:32 - [TEST_STEP][PASSED] - Statement - Else: null

2018-06-10 22:09:32 - [TEST_STEP][PASSED] - Statement - (s++): null

2018-06-10 22:09:32 - [TEST_STEP][PASSED] - delay: Delayed 1 second(s)

2018-06-10 22:09:33 - [MESSAGE][PASSED] - Delayed 1 second(s)

2018-06-10 22:09:33 - [TEST_STEP][PASSED] - selectOptionByIndex: All options with index in [36] are selected on object 'Object Repository/MOH AND GRN/Page_KDMC - CMS/select_--Select--Amikacin -500'

2018-06-10 22:09:34 - [MESSAGE][PASSED] - All options with index in [36] are selected on object 'Object Repository/MOH AND GRN/Page_KDMC - CMS/select_--Select--Amikacin -500'

2018-06-10 22:09:34 - [TEST_STEP][PASSED] - setText: Text '5000' is set on object 'Object Repository/MOH AND GRN/Page_KDMC - CMS/input_txtqty'

2018-06-10 22:09:34 - [MESSAGE][PASSED] - Text '5000' is set on object 'Object Repository/MOH AND GRN/Page_KDMC - CMS/input_txtqty'

2018-06-10 22:09:34 - [TEST_STEP][PASSED] - selectOptionByIndex: All options with index in [1] are selected on object 'Object Repository/MOH AND GRN/Page_KDMC - CMS/select_--Select--No Tax0'

2018-06-10 22:09:34 - [MESSAGE][PASSED] - All options with index in [1] are selected on object 'Object Repository/MOH AND GRN/Page_KDMC - CMS/select_--Select--No Tax0'

2018-06-10 22:09:34 - [TEST_STEP][PASSED] - setText: Finding Test Object with id 'Object Repository/MOH AND GRN/Page_KDMC - CMS/input_txtmrp'

2018-06-10 22:09:34 - [TEST_STEP][PASSED] - Statement - switch (id): Finding Test Object with id 'Object Repository/MOH AND GRN/Page_KDMC - CMS/input_txtdeal'

2018-06-10 22:09:34 - [TEST_STEP][PASSED] - Statement - case 4:: Text '36.0' is set on object 'Object Repository/MOH AND GRN/Page_KDMC - CMS/input_txtmrp'

2018-06-10 22:09:34 - [TEST_STEP][PASSED] - Statement - return (java.lang.Math.floor((java.lang.Math.random() * ((max - min) + 1))) + min): Text '36.0' is set on object 'Object Repository/MOH AND GRN/Page_KDMC - CMS/input_txtmrp'

2018-06-10 22:09:34 - [MESSAGE][PASSED] - Text '36.0' is set on object 'Object Repository/MOH AND GRN/Page_KDMC - CMS/input_txtmrp'

2018-06-10 22:09:34 - [TEST_STEP][PASSED] - setText: Finding Test Object with id 'Object Repository/MOH AND GRN/Page_KDMC - CMS/input_txtdeal'

2018-06-10 22:09:34 - [TEST_STEP][PASSED] - Statement - switch (id): Finding Test Object with id 'Object Repository/MOH AND GRN/Page_KDMC - CMS/input_txtbatchno'

2018-06-10 22:09:34 - [TEST_STEP][PASSED] - Statement - case 5:: Text '2.0' is set on object 'Object Repository/MOH AND GRN/Page_KDMC - CMS/input_txtdeal'

2018-06-10 22:09:34 - [TEST_STEP][PASSED] - Statement - return (java.lang.Math.floor((java.lang.Math.random() * ((max - min) + 1))) + min): Text '2.0' is set on object 'Object Repository/MOH AND GRN/Page_KDMC - CMS/input_txtdeal'

2018-06-10 22:09:34 - [MESSAGE][PASSED] - Text '2.0' is set on object 'Object Repository/MOH AND GRN/Page_KDMC - CMS/input_txtdeal'

2018-06-10 22:09:34 - [TEST_STEP][PASSED] - setText: Finding Test Object with id 'Object Repository/MOH AND GRN/Page_KDMC - CMS/input_txtbatchno'

2018-06-10 22:09:34 - [TEST_STEP][PASSED] - Statement - switch (id): Finding Test Object with id 'Object Repository/MOH AND GRN/Page_KDMC - CMS/input_txtmrp'

2018-06-10 22:09:34 - [TEST_STEP][PASSED] - Statement - case 1:: Text 'BA90.0' is set on object 'Object Repository/MOH AND GRN/Page_KDMC - CMS/input_txtbatchno'

2018-06-10 22:09:34 - [TEST_STEP][PASSED] - Statement - return (java.lang.Math.floor((java.lang.Math.random() * ((max - min) + 1))) + min): Text 'BA90.0' is set on object 'Object Repository/MOH AND GRN/Page_KDMC - CMS/input_txtbatchno'

2018-06-10 22:09:34 - [MESSAGE][PASSED] - Text 'BA90.0' is set on object 'Object Repository/MOH AND GRN/Page_KDMC - CMS/input_txtbatchno'

2018-06-10 22:09:34 - [TEST_STEP][PASSED] - rightClick: Object: 'Object Repository/GRN/Page_KDMC - CMS/input_txtexpdate' is right clicked on

2018-06-10 22:09:34 - [MESSAGE][PASSED] - Object: 'Object Repository/GRN/Page_KDMC - CMS/input_txtexpdate' is right clicked on

2018-06-10 22:09:34 - [TEST_STEP][PASSED] - selectOptionByIndex: All options with index in [6] are selected on object 'Object Repository/GRN/Page_KDMC - CMS/select_20182019202020212022202'

2018-06-10 22:09:35 - [MESSAGE][PASSED] - All options with index in [6] are selected on object 'Object Repository/GRN/Page_KDMC - CMS/select_20182019202020212022202'

2018-06-10 22:09:35 - [TEST_STEP][PASSED] - selectOptionByIndex: All options with index in [6] are selected on object 'Object Repository/GRN/Page_KDMC - CMS/select_JanFebMarAprMayJunJulAu'

2018-06-10 22:09:35 - [MESSAGE][PASSED] - All options with index in [6] are selected on object 'Object Repository/GRN/Page_KDMC - CMS/select_JanFebMarAprMayJunJulAu'

2018-06-10 22:09:35 - [TEST_STEP][PASSED] - click: Object: 'Object Repository/MOH AND GRN/Page_KDMC - CMS/a_12' is clicked on

2018-06-10 22:09:35 - [MESSAGE][PASSED] - Object: 'Object Repository/MOH AND GRN/Page_KDMC - CMS/a_12' is clicked on

2018-06-10 22:09:35 - [TEST_STEP][PASSED] - click: Object: 'Object Repository/MOH AND GRN/Page_KDMC - CMS/input_btnadd' is clicked on

2018-06-10 22:09:35 - [MESSAGE][PASSED] - Object: 'Object Repository/MOH AND GRN/Page_KDMC - CMS/input_btnadd' is clicked on

2018-06-10 22:09:35 - [TEST_STEP][PASSED] - Statement - If (s == 10): null

2018-06-10 22:09:35 - [TEST_STEP][PASSED] - Statement - Else: null

2018-06-10 22:09:35 - [TEST_STEP][PASSED] - Statement - (s++): null

2018-06-10 22:09:35 - [TEST_STEP][PASSED] - delay: Delayed 1 second(s)

2018-06-10 22:09:36 - [MESSAGE][PASSED] - Delayed 1 second(s)

2018-06-10 22:09:36 - [TEST_STEP][PASSED] - selectOptionByIndex: All options with index in [37] are selected on object 'Object Repository/MOH AND GRN/Page_KDMC - CMS/select_--Select--Amikacin -500'

2018-06-10 22:09:36 - [MESSAGE][PASSED] - All options with index in [37] are selected on object 'Object Repository/MOH AND GRN/Page_KDMC - CMS/select_--Select--Amikacin -500'

2018-06-10 22:09:36 - [TEST_STEP][PASSED] - setText: Text '5000' is set on object 'Object Repository/MOH AND GRN/Page_KDMC - CMS/input_txtqty'

2018-06-10 22:09:37 - [MESSAGE][PASSED] - Text '5000' is set on object 'Object Repository/MOH AND GRN/Page_KDMC - CMS/input_txtqty'

2018-06-10 22:09:37 - [TEST_STEP][PASSED] - selectOptionByIndex: All options with index in [1] are selected on object 'Object Repository/MOH AND GRN/Page_KDMC - CMS/select_--Select--No Tax0'

2018-06-10 22:09:37 - [MESSAGE][PASSED] - All options with index in [1] are selected on object 'Object Repository/MOH AND GRN/Page_KDMC - CMS/select_--Select--No Tax0'

2018-06-10 22:09:37 - [TEST_STEP][PASSED] - setText: Finding Test Object with id 'Object Repository/MOH AND GRN/Page_KDMC - CMS/input_txtmrp'

2018-06-10 22:09:37 - [TEST_STEP][PASSED] - Statement - switch (id): Finding Test Object with id 'Object Repository/MOH AND GRN/Page_KDMC - CMS/input_txtdeal'

2018-06-10 22:09:37 - [TEST_STEP][PASSED] - Statement - case 4:: Text '37.0' is set on object 'Object Repository/MOH AND GRN/Page_KDMC - CMS/input_txtmrp'

2018-06-10 22:09:37 - [TEST_STEP][PASSED] - Statement - return (java.lang.Math.floor((java.lang.Math.random() * ((max - min) + 1))) + min): Text '37.0' is set on object 'Object Repository/MOH AND GRN/Page_KDMC - CMS/input_txtmrp'

2018-06-10 22:09:37 - [MESSAGE][PASSED] - Text '37.0' is set on object 'Object Repository/MOH AND GRN/Page_KDMC - CMS/input_txtmrp'

2018-06-10 22:09:37 - [TEST_STEP][PASSED] - setText: Finding Test Object with id 'Object Repository/MOH AND GRN/Page_KDMC - CMS/input_txtdeal'

2018-06-10 22:09:37 - [TEST_STEP][PASSED] - Statement - switch (id): Finding Test Object with id 'Object Repository/MOH AND GRN/Page_KDMC - CMS/input_txtbatchno'

2018-06-10 22:09:37 - [TEST_STEP][PASSED] - Statement - case 5:: Text '5.0' is set on object 'Object Repository/MOH AND GRN/Page_KDMC - CMS/input_txtdeal'

2018-06-10 22:09:37 - [TEST_STEP][PASSED] - Statement - return (java.lang.Math.floor((java.lang.Math.random() * ((max - min) + 1))) + min): Text '5.0' is set on object 'Object Repository/MOH AND GRN/Page_KDMC - CMS/input_txtdeal'

2018-06-10 22:09:37 - [MESSAGE][PASSED] - Text '5.0' is set on object 'Object Repository/MOH AND GRN/Page_KDMC - CMS/input_txtdeal'

2018-06-10 22:09:37 - [TEST_STEP][PASSED] - setText: Finding Test Object with id 'Object Repository/MOH AND GRN/Page_KDMC - CMS/input_txtbatchno'

2018-06-10 22:09:37 - [TEST_STEP][PASSED] - Statement - switch (id): Finding Test Object with id 'Object Repository/MOH AND GRN/Page_KDMC - CMS/input_txtmrp'

2018-06-10 22:09:37 - [TEST_STEP][PASSED] - Statement - case 1:: Text 'BA437.0' is set on object 'Object Repository/MOH AND GRN/Page_KDMC - CMS/input_txtbatchno'

2018-06-10 22:09:37 - [TEST_STEP][PASSED] - Statement - return (java.lang.Math.floor((java.lang.Math.random() * ((max - min) + 1))) + min): Text 'BA437.0' is set on object 'Object Repository/MOH AND GRN/Page_KDMC - CMS/input_txtbatchno'

2018-06-10 22:09:37 - [MESSAGE][PASSED] - Text 'BA437.0' is set on object 'Object Repository/MOH AND GRN/Page_KDMC - CMS/input_txtbatchno'

2018-06-10 22:09:37 - [TEST_STEP][PASSED] - rightClick: Object: 'Object Repository/GRN/Page_KDMC - CMS/input_txtexpdate' is right clicked on

2018-06-10 22:09:37 - [MESSAGE][PASSED] - Object: 'Object Repository/GRN/Page_KDMC - CMS/input_txtexpdate' is right clicked on

2018-06-10 22:09:37 - [TEST_STEP][PASSED] - selectOptionByIndex: All options with index in [7] are selected on object 'Object Repository/GRN/Page_KDMC - CMS/select_20182019202020212022202'

2018-06-10 22:09:37 - [MESSAGE][PASSED] - All options with index in [7] are selected on object 'Object Repository/GRN/Page_KDMC - CMS/select_20182019202020212022202'

2018-06-10 22:09:37 - [TEST_STEP][PASSED] - selectOptionByIndex: All options with index in [7] are selected on object 'Object Repository/GRN/Page_KDMC - CMS/select_JanFebMarAprMayJunJulAu'

2018-06-10 22:09:37 - [MESSAGE][PASSED] - All options with index in [7] are selected on object 'Object Repository/GRN/Page_KDMC - CMS/select_JanFebMarAprMayJunJulAu'

2018-06-10 22:09:37 - [TEST_STEP][PASSED] - click: Object: 'Object Repository/MOH AND GRN/Page_KDMC - CMS/a_12' is clicked on

2018-06-10 22:09:38 - [MESSAGE][PASSED] - Object: 'Object Repository/MOH AND GRN/Page_KDMC - CMS/a_12' is clicked on

2018-06-10 22:09:38 - [TEST_STEP][PASSED] - click: Object: 'Object Repository/MOH AND GRN/Page_KDMC - CMS/input_btnadd' is clicked on

2018-06-10 22:09:38 - [MESSAGE][PASSED] - Object: 'Object Repository/MOH AND GRN/Page_KDMC - CMS/input_btnadd' is clicked on

2018-06-10 22:09:38 - [TEST_STEP][PASSED] - Statement - If (s == 10): null

2018-06-10 22:09:38 - [TEST_STEP][PASSED] - Statement - Else: null

2018-06-10 22:09:38 - [TEST_STEP][PASSED] - Statement - (s++): null

2018-06-10 22:09:38 - [TEST_STEP][PASSED] - delay: Delayed 1 second(s)

2018-06-10 22:09:39 - [MESSAGE][PASSED] - Delayed 1 second(s)

2018-06-10 22:09:39 - [TEST_STEP][PASSED] - selectOptionByIndex: All options with index in [38] are selected on object 'Object Repository/MOH AND GRN/Page_KDMC - CMS/select_--Select--Amikacin -500'

2018-06-10 22:09:39 - [MESSAGE][PASSED] - All options with index in [38] are selected on object 'Object Repository/MOH AND GRN/Page_KDMC - CMS/select_--Select--Amikacin -500'

2018-06-10 22:09:39 - [TEST_STEP][PASSED] - setText: Text '5000' is set on object 'Object Repository/MOH AND GRN/Page_KDMC - CMS/input_txtqty'

2018-06-10 22:09:39 - [MESSAGE][PASSED] - Text '5000' is set on object 'Object Repository/MOH AND GRN/Page_KDMC - CMS/input_txtqty'

2018-06-10 22:09:39 - [TEST_STEP][PASSED] - selectOptionByIndex: All options with index in [1] are selected on object 'Object Repository/MOH AND GRN/Page_KDMC - CMS/select_--Select--No Tax0'

2018-06-10 22:09:39 - [MESSAGE][PASSED] - All options with index in [1] are selected on object 'Object Repository/MOH AND GRN/Page_KDMC - CMS/select_--Select--No Tax0'

2018-06-10 22:09:39 - [TEST_STEP][PASSED] - setText: Finding Test Object with id 'Object Repository/MOH AND GRN/Page_KDMC - CMS/input_txtmrp'

2018-06-10 22:09:39 - [TEST_STEP][PASSED] - Statement - switch (id): Finding Test Object with id 'Object Repository/MOH AND GRN/Page_KDMC - CMS/input_txtdeal'

2018-06-10 22:09:39 - [TEST_STEP][PASSED] - Statement - case 4:: Text '29.0' is set on object 'Object Repository/MOH AND GRN/Page_KDMC - CMS/input_txtmrp'

2018-06-10 22:09:39 - [TEST_STEP][PASSED] - Statement - return (java.lang.Math.floor((java.lang.Math.random() * ((max - min) + 1))) + min): Text '29.0' is set on object 'Object Repository/MOH AND GRN/Page_KDMC - CMS/input_txtmrp'

2018-06-10 22:09:40 - [MESSAGE][PASSED] - Text '29.0' is set on object 'Object Repository/MOH AND GRN/Page_KDMC - CMS/input_txtmrp'

2018-06-10 22:09:40 - [TEST_STEP][PASSED] - setText: Finding Test Object with id 'Object Repository/MOH AND GRN/Page_KDMC - CMS/input_txtdeal'

2018-06-10 22:09:40 - [TEST_STEP][PASSED] - Statement - switch (id): Finding Test Object with id 'Object Repository/MOH AND GRN/Page_KDMC - CMS/input_txtbatchno'

2018-06-10 22:09:40 - [TEST_STEP][PASSED] - Statement - case 5:: Text '8.0' is set on object 'Object Repository/MOH AND GRN/Page_KDMC - CMS/input_txtdeal'

2018-06-10 22:09:40 - [TEST_STEP][PASSED] - Statement - return (java.lang.Math.floor((java.lang.Math.random() * ((max - min) + 1))) + min): Text '8.0' is set on object 'Object Repository/MOH AND GRN/Page_KDMC - CMS/input_txtdeal'

2018-06-10 22:09:40 - [MESSAGE][PASSED] - Text '8.0' is set on object 'Object Repository/MOH AND GRN/Page_KDMC - CMS/input_txtdeal'

2018-06-10 22:09:40 - [TEST_STEP][PASSED] - setText: Finding Test Object with id 'Object Repository/MOH AND GRN/Page_KDMC - CMS/input_txtbatchno'

2018-06-10 22:09:40 - [TEST_STEP][PASSED] - Statement - switch (id): Finding Test Object with id 'Object Repository/MOH AND GRN/Page_KDMC - CMS/input_txtmrp'

2018-06-10 22:09:40 - [TEST_STEP][PASSED] - Statement - case 1:: Text 'BA519.0' is set on object 'Object Repository/MOH AND GRN/Page_KDMC - CMS/input_txtbatchno'

2018-06-10 22:09:40 - [TEST_STEP][PASSED] - Statement - return (java.lang.Math.floor((java.lang.Math.random() * ((max - min) + 1))) + min): Text 'BA519.0' is set on object 'Object Repository/MOH AND GRN/Page_KDMC - CMS/input_txtbatchno'

2018-06-10 22:09:40 - [MESSAGE][PASSED] - Text 'BA519.0' is set on object 'Object Repository/MOH AND GRN/Page_KDMC - CMS/input_txtbatchno'

2018-06-10 22:09:40 - [TEST_STEP][PASSED] - rightClick: Object: 'Object Repository/GRN/Page_KDMC - CMS/input_txtexpdate' is right clicked on

2018-06-10 22:09:40 - [MESSAGE][PASSED] - Object: 'Object Repository/GRN/Page_KDMC - CMS/input_txtexpdate' is right clicked on

2018-06-10 22:09:40 - [TEST_STEP][PASSED] - selectOptionByIndex: All options with index in [8] are selected on object 'Object Repository/GRN/Page_KDMC - CMS/select_20182019202020212022202'

2018-06-10 22:09:40 - [MESSAGE][PASSED] - All options with index in [8] are selected on object 'Object Repository/GRN/Page_KDMC - CMS/select_20182019202020212022202'

2018-06-10 22:09:40 - [TEST_STEP][PASSED] - selectOptionByIndex: All options with index in [8] are selected on object 'Object Repository/GRN/Page_KDMC - CMS/select_JanFebMarAprMayJunJulAu'

2018-06-10 22:09:40 - [MESSAGE][PASSED] - All options with index in [8] are selected on object 'Object Repository/GRN/Page_KDMC - CMS/select_JanFebMarAprMayJunJulAu'

2018-06-10 22:09:40 - [TEST_STEP][PASSED] - click: Object: 'Object Repository/MOH AND GRN/Page_KDMC - CMS/a_12' is clicked on

2018-06-10 22:09:40 - [MESSAGE][PASSED] - Object: 'Object Repository/MOH AND GRN/Page_KDMC - CMS/a_12' is clicked on

2018-06-10 22:09:40 - [TEST_STEP][PASSED] - click: Object: 'Object Repository/MOH AND GRN/Page_KDMC - CMS/input_btnadd' is clicked on

2018-06-10 22:09:40 - [MESSAGE][PASSED] - Object: 'Object Repository/MOH AND GRN/Page_KDMC - CMS/input_btnadd' is clicked on

2018-06-10 22:09:40 - [TEST_STEP][PASSED] - Statement - If (s == 10): null

2018-06-10 22:09:40 - [TEST_STEP][PASSED] - Statement - Else: null

2018-06-10 22:09:40 - [TEST_STEP][PASSED] - Statement - (s++): null

2018-06-10 22:09:40 - [TEST_STEP][PASSED] - delay: Delayed 1 second(s)

2018-06-10 22:09:41 - [MESSAGE][PASSED] - Delayed 1 second(s)

2018-06-10 22:09:41 - [TEST_STEP][PASSED] - selectOptionByIndex: All options with index in [39] are selected on object 'Object Repository/MOH AND GRN/Page_KDMC - CMS/select_--Select--Amikacin -500'

2018-06-10 22:09:42 - [MESSAGE][PASSED] - All options with index in [39] are selected on object 'Object Repository/MOH AND GRN/Page_KDMC - CMS/select_--Select--Amikacin -500'

2018-06-10 22:09:42 - [TEST_STEP][PASSED] - setText: Text '5000' is set on object 'Object Repository/MOH AND GRN/Page_KDMC - CMS/input_txtqty'

2018-06-10 22:09:42 - [MESSAGE][PASSED] - Text '5000' is set on object 'Object Repository/MOH AND GRN/Page_KDMC - CMS/input_txtqty'

2018-06-10 22:09:42 - [TEST_STEP][PASSED] - selectOptionByIndex: All options with index in [1] are selected on object 'Object Repository/MOH AND GRN/Page_KDMC - CMS/select_--Select--No Tax0'

2018-06-10 22:09:42 - [MESSAGE][PASSED] - All options with index in [1] are selected on object 'Object Repository/MOH AND GRN/Page_KDMC - CMS/select_--Select--No Tax0'

2018-06-10 22:09:42 - [TEST_STEP][PASSED] - setText: Finding Test Object with id 'Object Repository/MOH AND GRN/Page_KDMC - CMS/input_txtmrp'

2018-06-10 22:09:42 - [TEST_STEP][PASSED] - Statement - switch (id): Finding Test Object with id 'Object Repository/MOH AND GRN/Page_KDMC - CMS/input_txtdeal'

2018-06-10 22:09:42 - [TEST_STEP][PASSED] - Statement - case 4:: Text '33.0' is set on object 'Object Repository/MOH AND GRN/Page_KDMC - CMS/input_txtmrp'

2018-06-10 22:09:42 - [TEST_STEP][PASSED] - Statement - return (java.lang.Math.floor((java.lang.Math.random() * ((max - min) + 1))) + min): Text '33.0' is set on object 'Object Repository/MOH AND GRN/Page_KDMC - CMS/input_txtmrp'

2018-06-10 22:09:42 - [MESSAGE][PASSED] - Text '33.0' is set on object 'Object Repository/MOH AND GRN/Page_KDMC - CMS/input_txtmrp'

2018-06-10 22:09:42 - [TEST_STEP][PASSED] - setText: Finding Test Object with id 'Object Repository/MOH AND GRN/Page_KDMC - CMS/input_txtdeal'

2018-06-10 22:09:42 - [TEST_STEP][PASSED] - Statement - switch (id): Finding Test Object with id 'Object Repository/MOH AND GRN/Page_KDMC - CMS/input_txtbatchno'

2018-06-10 22:09:42 - [TEST_STEP][PASSED] - Statement - case 5:: Text '9.0' is set on object 'Object Repository/MOH AND GRN/Page_KDMC - CMS/input_txtdeal'

2018-06-10 22:09:42 - [TEST_STEP][PASSED] - Statement - return (java.lang.Math.floor((java.lang.Math.random() * ((max - min) + 1))) + min): Text '9.0' is set on object 'Object Repository/MOH AND GRN/Page_KDMC - CMS/input_txtdeal'

2018-06-10 22:09:42 - [MESSAGE][PASSED] - Text '9.0' is set on object 'Object Repository/MOH AND GRN/Page_KDMC - CMS/input_txtdeal'

2018-06-10 22:09:42 - [TEST_STEP][PASSED] - setText: Finding Test Object with id 'Object Repository/MOH AND GRN/Page_KDMC - CMS/input_txtbatchno'

2018-06-10 22:09:42 - [TEST_STEP][PASSED] - Statement - switch (id): Finding Test Object with id 'Object Repository/MOH AND GRN/Page_KDMC - CMS/input_txtmrp'

2018-06-10 22:09:42 - [TEST_STEP][PASSED] - Statement - case 1:: Text 'BA497.0' is set on object 'Object Repository/MOH AND GRN/Page_KDMC - CMS/input_txtbatchno'

2018-06-10 22:09:42 - [TEST_STEP][PASSED] - Statement - return (java.lang.Math.floor((java.lang.Math.random() * ((max - min) + 1))) + min): Text 'BA497.0' is set on object 'Object Repository/MOH AND GRN/Page_KDMC - CMS/input_txtbatchno'

2018-06-10 22:09:43 - [MESSAGE][PASSED] - Text 'BA497.0' is set on object 'Object Repository/MOH AND GRN/Page_KDMC - CMS/input_txtbatchno'

2018-06-10 22:09:43 - [TEST_STEP][PASSED] - rightClick: Object: 'Object Repository/GRN/Page_KDMC - CMS/input_txtexpdate' is right clicked on

2018-06-10 22:09:43 - [MESSAGE][PASSED] - Object: 'Object Repository/GRN/Page_KDMC - CMS/input_txtexpdate' is right clicked on

2018-06-10 22:09:43 - [TEST_STEP][PASSED] - selectOptionByIndex: All options with index in [9] are selected on object 'Object Repository/GRN/Page_KDMC - CMS/select_20182019202020212022202'

2018-06-10 22:09:43 - [MESSAGE][PASSED] - All options with index in [9] are selected on object 'Object Repository/GRN/Page_KDMC - CMS/select_20182019202020212022202'

2018-06-10 22:09:43 - [TEST_STEP][PASSED] - selectOptionByIndex: All options with index in [9] are selected on object 'Object Repository/GRN/Page_KDMC - CMS/select_JanFebMarAprMayJunJulAu'

2018-06-10 22:09:43 - [MESSAGE][PASSED] - All options with index in [9] are selected on object 'Object Repository/GRN/Page_KDMC - CMS/select_JanFebMarAprMayJunJulAu'

2018-06-10 22:09:43 - [TEST_STEP][PASSED] - click: Object: 'Object Repository/MOH AND GRN/Page_KDMC - CMS/a_12' is clicked on

2018-06-10 22:09:43 - [MESSAGE][PASSED] - Object: 'Object Repository/MOH AND GRN/Page_KDMC - CMS/a_12' is clicked on

2018-06-10 22:09:43 - [TEST_STEP][PASSED] - click: Object: 'Object Repository/MOH AND GRN/Page_KDMC - CMS/input_btnadd' is clicked on

2018-06-10 22:09:43 - [MESSAGE][PASSED] - Object: 'Object Repository/MOH AND GRN/Page_KDMC - CMS/input_btnadd' is clicked on

2018-06-10 22:09:43 - [TEST_STEP][PASSED] - Statement - If (s == 10): null

2018-06-10 22:09:43 - [TEST_STEP][PASSED] - Statement - Else: null

2018-06-10 22:09:43 - [TEST_STEP][PASSED] - Statement - (s++): null

2018-06-10 22:09:43 - [TEST_STEP][PASSED] - delay: Delayed 1 second(s)

2018-06-10 22:09:44 - [MESSAGE][PASSED] - Delayed 1 second(s)

2018-06-10 22:09:44 - [TEST_STEP][PASSED] - selectOptionByIndex: All options with index in [40] are selected on object 'Object Repository/MOH AND GRN/Page_KDMC - CMS/select_--Select--Amikacin -500'

2018-06-10 22:09:45 - [MESSAGE][PASSED] - All options with index in [40] are selected on object 'Object Repository/MOH AND GRN/Page_KDMC - CMS/select_--Select--Amikacin -500'

2018-06-10 22:09:45 - [TEST_STEP][PASSED] - setText: Text '5000' is set on object 'Object Repository/MOH AND GRN/Page_KDMC - CMS/input_txtqty'

2018-06-10 22:09:45 - [MESSAGE][PASSED] - Text '5000' is set on object 'Object Repository/MOH AND GRN/Page_KDMC - CMS/input_txtqty'

2018-06-10 22:09:45 - [TEST_STEP][PASSED] - selectOptionByIndex: All options with index in [1] are selected on object 'Object Repository/MOH AND GRN/Page_KDMC - CMS/select_--Select--No Tax0'

2018-06-10 22:09:45 - [MESSAGE][PASSED] - All options with index in [1] are selected on object 'Object Repository/MOH AND GRN/Page_KDMC - CMS/select_--Select--No Tax0'

2018-06-10 22:09:45 - [TEST_STEP][PASSED] - setText: Finding Test Object with id 'Object Repository/MOH AND GRN/Page_KDMC - CMS/input_txtmrp'

2018-06-10 22:09:45 - [TEST_STEP][PASSED] - Statement - switch (id): Finding Test Object with id 'Object Repository/MOH AND GRN/Page_KDMC - CMS/input_txtdeal'

2018-06-10 22:09:45 - [TEST_STEP][PASSED] - Statement - case 4:: Text '31.0' is set on object 'Object Repository/MOH AND GRN/Page_KDMC - CMS/input_txtmrp'

2018-06-10 22:09:45 - [TEST_STEP][PASSED] - Statement - return (java.lang.Math.floor((java.lang.Math.random() * ((max - min) + 1))) + min): Text '31.0' is set on object 'Object Repository/MOH AND GRN/Page_KDMC - CMS/input_txtmrp'

2018-06-10 22:09:45 - [MESSAGE][PASSED] - Text '31.0' is set on object 'Object Repository/MOH AND GRN/Page_KDMC - CMS/input_txtmrp'

2018-06-10 22:09:45 - [TEST_STEP][PASSED] - setText: Finding Test Object with id 'Object Repository/MOH AND GRN/Page_KDMC - CMS/input_txtdeal'

2018-06-10 22:09:45 - [TEST_STEP][PASSED] - Statement - switch (id): Finding Test Object with id 'Object Repository/MOH AND GRN/Page_KDMC - CMS/input_txtbatchno'

2018-06-10 22:09:45 - [TEST_STEP][PASSED] - Statement - case 5:: Text '7.0' is set on object 'Object Repository/MOH AND GRN/Page_KDMC - CMS/input_txtdeal'

2018-06-10 22:09:45 - [TEST_STEP][PASSED] - Statement - return (java.lang.Math.floor((java.lang.Math.random() * ((max - min) + 1))) + min): Text '7.0' is set on object 'Object Repository/MOH AND GRN/Page_KDMC - CMS/input_txtdeal'

2018-06-10 22:09:45 - [MESSAGE][PASSED] - Text '7.0' is set on object 'Object Repository/MOH AND GRN/Page_KDMC - CMS/input_txtdeal'

2018-06-10 22:09:45 - [TEST_STEP][PASSED] - setText: Finding Test Object with id 'Object Repository/MOH AND GRN/Page_KDMC - CMS/input_txtbatchno'

2018-06-10 22:09:45 - [TEST_STEP][PASSED] - Statement - switch (id): Finding Test Object with id 'Object Repository/MOH AND GRN/Page_KDMC - CMS/input_txtmrp'

2018-06-10 22:09:45 - [TEST_STEP][PASSED] - Statement - case 1:: Text 'BA932.0' is set on object 'Object Repository/MOH AND GRN/Page_KDMC - CMS/input_txtbatchno'

2018-06-10 22:09:45 - [TEST_STEP][PASSED] - Statement - return (java.lang.Math.floor((java.lang.Math.random() * ((max - min) + 1))) + min): Text 'BA932.0' is set on object 'Object Repository/MOH AND GRN/Page_KDMC - CMS/input_txtbatchno'

2018-06-10 22:09:45 - [MESSAGE][PASSED] - Text 'BA932.0' is set on object 'Object Repository/MOH AND GRN/Page_KDMC - CMS/input_txtbatchno'

2018-06-10 22:09:45 - [TEST_STEP][PASSED] - rightClick: Object: 'Object Repository/GRN/Page_KDMC - CMS/input_txtexpdate' is right clicked on

2018-06-10 22:09:45 - [MESSAGE][PASSED] - Object: 'Object Repository/GRN/Page_KDMC - CMS/input_txtexpdate' is right clicked on

2018-06-10 22:09:45 - [TEST_STEP][PASSED] - selectOptionByIndex: All options with index in [10] are selected on object 'Object Repository/GRN/Page_KDMC - CMS/select_20182019202020212022202'

2018-06-10 22:09:46 - [MESSAGE][PASSED] - All options with index in [10] are selected on object 'Object Repository/GRN/Page_KDMC - CMS/select_20182019202020212022202'

2018-06-10 22:09:46 - [TEST_STEP][PASSED] - selectOptionByIndex: All options with index in [10] are selected on object 'Object Repository/GRN/Page_KDMC - CMS/select_JanFebMarAprMayJunJulAu'

2018-06-10 22:09:46 - [MESSAGE][PASSED] - All options with index in [10] are selected on object 'Object Repository/GRN/Page_KDMC - CMS/select_JanFebMarAprMayJunJulAu'

2018-06-10 22:09:46 - [TEST_STEP][PASSED] - click: Object: 'Object Repository/MOH AND GRN/Page_KDMC - CMS/a_12' is clicked on

2018-06-10 22:09:46 - [MESSAGE][PASSED] - Object: 'Object Repository/MOH AND GRN/Page_KDMC - CMS/a_12' is clicked on

2018-06-10 22:09:46 - [TEST_STEP][PASSED] - click: Object: 'Object Repository/MOH AND GRN/Page_KDMC - CMS/input_btnadd' is clicked on

2018-06-10 22:09:46 - [MESSAGE][PASSED] - Object: 'Object Repository/MOH AND GRN/Page_KDMC - CMS/input_btnadd' is clicked on

2018-06-10 22:09:46 - [TEST_STEP][PASSED] - Statement - If (s == 10): null

2018-06-10 22:09:46 - [TEST_STEP][PASSED] - Statement - s = 1: null

2018-06-10 22:09:46 - [TEST_STEP][PASSED] - delay: Delayed 1 second(s)

2018-06-10 22:09:47 - [MESSAGE][PASSED] - Delayed 1 second(s)

2018-06-10 22:09:47 - [TEST_STEP][PASSED] - selectOptionByIndex: All options with index in [41] are selected on object 'Object Repository/MOH AND GRN/Page_KDMC - CMS/select_--Select--Amikacin -500'

2018-06-10 22:09:48 - [MESSAGE][PASSED] - All options with index in [41] are selected on object 'Object Repository/MOH AND GRN/Page_KDMC - CMS/select_--Select--Amikacin -500'

2018-06-10 22:09:48 - [TEST_STEP][PASSED] - setText: Text '5000' is set on object 'Object Repository/MOH AND GRN/Page_KDMC - CMS/input_txtqty'

2018-06-10 22:09:48 - [MESSAGE][PASSED] - Text '5000' is set on object 'Object Repository/MOH AND GRN/Page_KDMC - CMS/input_txtqty'

2018-06-10 22:09:48 - [TEST_STEP][PASSED] - selectOptionByIndex: All options with index in [1] are selected on object 'Object Repository/MOH AND GRN/Page_KDMC - CMS/select_--Select--No Tax0'

2018-06-10 22:09:48 - [MESSAGE][PASSED] - All options with index in [1] are selected on object 'Object Repository/MOH AND GRN/Page_KDMC - CMS/select_--Select--No Tax0'

2018-06-10 22:09:48 - [TEST_STEP][PASSED] - setText: Finding Test Object with id 'Object Repository/MOH AND GRN/Page_KDMC - CMS/input_txtmrp'

2018-06-10 22:09:48 - [TEST_STEP][PASSED] - Statement - switch (id): Finding Test Object with id 'Object Repository/MOH AND GRN/Page_KDMC - CMS/input_txtdeal'

2018-06-10 22:09:48 - [TEST_STEP][PASSED] - Statement - case 4:: Text '44.0' is set on object 'Object Repository/MOH AND GRN/Page_KDMC - CMS/input_txtmrp'

2018-06-10 22:09:48 - [TEST_STEP][PASSED] - Statement - return (java.lang.Math.floor((java.lang.Math.random() * ((max - min) + 1))) + min): Text '44.0' is set on object 'Object Repository/MOH AND GRN/Page_KDMC - CMS/input_txtmrp'

2018-06-10 22:09:48 - [MESSAGE][PASSED] - Text '44.0' is set on object 'Object Repository/MOH AND GRN/Page_KDMC - CMS/input_txtmrp'

2018-06-10 22:09:48 - [TEST_STEP][PASSED] - setText: Finding Test Object with id 'Object Repository/MOH AND GRN/Page_KDMC - CMS/input_txtdeal'

2018-06-10 22:09:48 - [TEST_STEP][PASSED] - Statement - switch (id): Finding Test Object with id 'Object Repository/MOH AND GRN/Page_KDMC - CMS/input_txtbatchno'

2018-06-10 22:09:48 - [TEST_STEP][PASSED] - Statement - case 5:: Text '6.0' is set on object 'Object Repository/MOH AND GRN/Page_KDMC - CMS/input_txtdeal'

2018-06-10 22:09:48 - [TEST_STEP][PASSED] - Statement - return (java.lang.Math.floor((java.lang.Math.random() * ((max - min) + 1))) + min): Text '6.0' is set on object 'Object Repository/MOH AND GRN/Page_KDMC - CMS/input_txtdeal'

2018-06-10 22:09:48 - [MESSAGE][PASSED] - Text '6.0' is set on object 'Object Repository/MOH AND GRN/Page_KDMC - CMS/input_txtdeal'

2018-06-10 22:09:48 - [TEST_STEP][PASSED] - setText: Finding Test Object with id 'Object Repository/MOH AND GRN/Page_KDMC - CMS/input_txtbatchno'

2018-06-10 22:09:48 - [TEST_STEP][PASSED] - Statement - switch (id): Finding Test Object with id 'Object Repository/MOH AND GRN/Page_KDMC - CMS/input_txtmrp'

2018-06-10 22:09:48 - [TEST_STEP][PASSED] - Statement - case 1:: Text 'BA684.0' is set on object 'Object Repository/MOH AND GRN/Page_KDMC - CMS/input_txtbatchno'

2018-06-10 22:09:48 - [TEST_STEP][PASSED] - Statement - return (java.lang.Math.floor((java.lang.Math.random() * ((max - min) + 1))) + min): Text 'BA684.0' is set on object 'Object Repository/MOH AND GRN/Page_KDMC - CMS/input_txtbatchno'

2018-06-10 22:09:48 - [MESSAGE][PASSED] - Text 'BA684.0' is set on object 'Object Repository/MOH AND GRN/Page_KDMC - CMS/input_txtbatchno'

2018-06-10 22:09:48 - [TEST_STEP][PASSED] - rightClick: Object: 'Object Repository/GRN/Page_KDMC - CMS/input_txtexpdate' is right clicked on

2018-06-10 22:09:48 - [MESSAGE][PASSED] - Object: 'Object Repository/GRN/Page_KDMC - CMS/input_txtexpdate' is right clicked on

2018-06-10 22:09:48 - [TEST_STEP][PASSED] - selectOptionByIndex: All options with index in [1] are selected on object 'Object Repository/GRN/Page_KDMC - CMS/select_20182019202020212022202'

2018-06-10 22:09:49 - [MESSAGE][PASSED] - All options with index in [1] are selected on object 'Object Repository/GRN/Page_KDMC - CMS/select_20182019202020212022202'

2018-06-10 22:09:49 - [TEST_STEP][PASSED] - selectOptionByIndex: All options with index in [1] are selected on object 'Object Repository/GRN/Page_KDMC - CMS/select_JanFebMarAprMayJunJulAu'

2018-06-10 22:09:49 - [MESSAGE][PASSED] - All options with index in [1] are selected on object 'Object Repository/GRN/Page_KDMC - CMS/select_JanFebMarAprMayJunJulAu'

2018-06-10 22:09:49 - [TEST_STEP][PASSED] - click: Object: 'Object Repository/MOH AND GRN/Page_KDMC - CMS/a_12' is clicked on

2018-06-10 22:09:49 - [MESSAGE][PASSED] - Object: 'Object Repository/MOH AND GRN/Page_KDMC - CMS/a_12' is clicked on

2018-06-10 22:09:49 - [TEST_STEP][PASSED] - click: Object: 'Object Repository/MOH AND GRN/Page_KDMC - CMS/input_btnadd' is clicked on

2018-06-10 22:09:49 - [MESSAGE][PASSED] - Object: 'Object Repository/MOH AND GRN/Page_KDMC - CMS/input_btnadd' is clicked on

2018-06-10 22:09:49 - [TEST_STEP][PASSED] - Statement - If (s == 10): null

2018-06-10 22:09:49 - [TEST_STEP][PASSED] - Statement - Else: null

2018-06-10 22:09:49 - [TEST_STEP][PASSED] - Statement - (s++): null

2018-06-10 22:09:49 - [TEST_STEP][PASSED] - delay: Delayed 1 second(s)

2018-06-10 22:09:50 - [MESSAGE][PASSED] - Delayed 1 second(s)

2018-06-10 22:09:50 - [TEST_STEP][PASSED] - selectOptionByIndex: All options with index in [42] are selected on object 'Object Repository/MOH AND GRN/Page_KDMC - CMS/select_--Select--Amikacin -500'

2018-06-10 22:09:50 - [MESSAGE][PASSED] - All options with index in [42] are selected on object 'Object Repository/MOH AND GRN/Page_KDMC - CMS/select_--Select--Amikacin -500'

2018-06-10 22:09:50 - [TEST_STEP][PASSED] - setText: Text '5000' is set on object 'Object Repository/MOH AND GRN/Page_KDMC - CMS/input_txtqty'

2018-06-10 22:09:51 - [MESSAGE][PASSED] - Text '5000' is set on object 'Object Repository/MOH AND GRN/Page_KDMC - CMS/input_txtqty'

2018-06-10 22:09:51 - [TEST_STEP][PASSED] - selectOptionByIndex: All options with index in [1] are selected on object 'Object Repository/MOH AND GRN/Page_KDMC - CMS/select_--Select--No Tax0'

2018-06-10 22:09:51 - [MESSAGE][PASSED] - All options with index in [1] are selected on object 'Object Repository/MOH AND GRN/Page_KDMC - CMS/select_--Select--No Tax0'

2018-06-10 22:09:51 - [TEST_STEP][PASSED] - setText: Finding Test Object with id 'Object Repository/MOH AND GRN/Page_KDMC - CMS/input_txtmrp'

2018-06-10 22:09:51 - [TEST_STEP][PASSED] - Statement - switch (id): Finding Test Object with id 'Object Repository/MOH AND GRN/Page_KDMC - CMS/input_txtdeal'

2018-06-10 22:09:51 - [TEST_STEP][PASSED] - Statement - case 4:: Text '18.0' is set on object 'Object Repository/MOH AND GRN/Page_KDMC - CMS/input_txtmrp'

2018-06-10 22:09:51 - [TEST_STEP][PASSED] - Statement - return (java.lang.Math.floor((java.lang.Math.random() * ((max - min) + 1))) + min): Text '18.0' is set on object 'Object Repository/MOH AND GRN/Page_KDMC - CMS/input_txtmrp'

2018-06-10 22:09:51 - [MESSAGE][PASSED] - Text '18.0' is set on object 'Object Repository/MOH AND GRN/Page_KDMC - CMS/input_txtmrp'

2018-06-10 22:09:51 - [TEST_STEP][PASSED] - setText: Finding Test Object with id 'Object Repository/MOH AND GRN/Page_KDMC - CMS/input_txtdeal'

2018-06-10 22:09:51 - [TEST_STEP][PASSED] - Statement - switch (id): Finding Test Object with id 'Object Repository/MOH AND GRN/Page_KDMC - CMS/input_txtbatchno'

2018-06-10 22:09:51 - [TEST_STEP][PASSED] - Statement - case 5:: Text '9.0' is set on object 'Object Repository/MOH AND GRN/Page_KDMC - CMS/input_txtdeal'

2018-06-10 22:09:51 - [TEST_STEP][PASSED] - Statement - return (java.lang.Math.floor((java.lang.Math.random() * ((max - min) + 1))) + min): Text '9.0' is set on object 'Object Repository/MOH AND GRN/Page_KDMC - CMS/input_txtdeal'

2018-06-10 22:09:51 - [MESSAGE][PASSED] - Text '9.0' is set on object 'Object Repository/MOH AND GRN/Page_KDMC - CMS/input_txtdeal'

2018-06-10 22:09:51 - [TEST_STEP][PASSED] - setText: Finding Test Object with id 'Object Repository/MOH AND GRN/Page_KDMC - CMS/input_txtbatchno'

2018-06-10 22:09:51 - [TEST_STEP][PASSED] - Statement - switch (id): Finding Test Object with id 'Object Repository/MOH AND GRN/Page_KDMC - CMS/input_txtmrp'

2018-06-10 22:09:51 - [TEST_STEP][PASSED] - Statement - case 1:: Text 'BA289.0' is set on object 'Object Repository/MOH AND GRN/Page_KDMC - CMS/input_txtbatchno'

2018-06-10 22:09:51 - [TEST_STEP][PASSED] - Statement - return (java.lang.Math.floor((java.lang.Math.random() * ((max - min) + 1))) + min): Text 'BA289.0' is set on object 'Object Repository/MOH AND GRN/Page_KDMC - CMS/input_txtbatchno'

2018-06-10 22:09:51 - [MESSAGE][PASSED] - Text 'BA289.0' is set on object 'Object Repository/MOH AND GRN/Page_KDMC - CMS/input_txtbatchno'

2018-06-10 22:09:51 - [TEST_STEP][PASSED] - rightClick: Object: 'Object Repository/GRN/Page_KDMC - CMS/input_txtexpdate' is right clicked on

2018-06-10 22:09:51 - [MESSAGE][PASSED] - Object: 'Object Repository/GRN/Page_KDMC - CMS/input_txtexpdate' is right clicked on

2018-06-10 22:09:51 - [TEST_STEP][PASSED] - selectOptionByIndex: All options with index in [2] are selected on object 'Object Repository/GRN/Page_KDMC - CMS/select_20182019202020212022202'

2018-06-10 22:09:51 - [MESSAGE][PASSED] - All options with index in [2] are selected on object 'Object Repository/GRN/Page_KDMC - CMS/select_20182019202020212022202'

2018-06-10 22:09:51 - [TEST_STEP][PASSED] - selectOptionByIndex: All options with index in [2] are selected on object 'Object Repository/GRN/Page_KDMC - CMS/select_JanFebMarAprMayJunJulAu'

2018-06-10 22:09:51 - [MESSAGE][PASSED] - All options with index in [2] are selected on object 'Object Repository/GRN/Page_KDMC - CMS/select_JanFebMarAprMayJunJulAu'

2018-06-10 22:09:51 - [TEST_STEP][PASSED] - click: Object: 'Object Repository/MOH AND GRN/Page_KDMC - CMS/a_12' is clicked on

2018-06-10 22:09:51 - [MESSAGE][PASSED] - Object: 'Object Repository/MOH AND GRN/Page_KDMC - CMS/a_12' is clicked on

2018-06-10 22:09:51 - [TEST_STEP][PASSED] - click: Object: 'Object Repository/MOH AND GRN/Page_KDMC - CMS/input_btnadd' is clicked on

2018-06-10 22:09:52 - [MESSAGE][PASSED] - Object: 'Object Repository/MOH AND GRN/Page_KDMC - CMS/input_btnadd' is clicked on

2018-06-10 22:09:52 - [TEST_STEP][PASSED] - Statement - If (s == 10): null

2018-06-10 22:09:52 - [TEST_STEP][PASSED] - Statement - Else: null

2018-06-10 22:09:52 - [TEST_STEP][PASSED] - Statement - (s++): null

2018-06-10 22:09:52 - [TEST_STEP][PASSED] - delay: Delayed 1 second(s)

2018-06-10 22:09:53 - [MESSAGE][PASSED] - Delayed 1 second(s)

2018-06-10 22:09:53 - [TEST_STEP][PASSED] - selectOptionByIndex: All options with index in [43] are selected on object 'Object Repository/MOH AND GRN/Page_KDMC - CMS/select_--Select--Amikacin -500'

2018-06-10 22:09:53 - [MESSAGE][PASSED] - All options with index in [43] are selected on object 'Object Repository/MOH AND GRN/Page_KDMC - CMS/select_--Select--Amikacin -500'

2018-06-10 22:09:53 - [TEST_STEP][PASSED] - setText: Text '5000' is set on object 'Object Repository/MOH AND GRN/Page_KDMC - CMS/input_txtqty'

2018-06-10 22:09:53 - [MESSAGE][PASSED] - Text '5000' is set on object 'Object Repository/MOH AND GRN/Page_KDMC - CMS/input_txtqty'

2018-06-10 22:09:53 - [TEST_STEP][PASSED] - selectOptionByIndex: All options with index in [1] are selected on object 'Object Repository/MOH AND GRN/Page_KDMC - CMS/select_--Select--No Tax0'

2018-06-10 22:09:53 - [MESSAGE][PASSED] - All options with index in [1] are selected on object 'Object Repository/MOH AND GRN/Page_KDMC - CMS/select_--Select--No Tax0'

2018-06-10 22:09:53 - [TEST_STEP][PASSED] - setText: Finding Test Object with id 'Object Repository/MOH AND GRN/Page_KDMC - CMS/input_txtmrp'

2018-06-10 22:09:53 - [TEST_STEP][PASSED] - Statement - switch (id): Finding Test Object with id 'Object Repository/MOH AND GRN/Page_KDMC - CMS/input_txtdeal'

2018-06-10 22:09:53 - [TEST_STEP][PASSED] - Statement - case 4:: Text '38.0' is set on object 'Object Repository/MOH AND GRN/Page_KDMC - CMS/input_txtmrp'

2018-06-10 22:09:53 - [TEST_STEP][PASSED] - Statement - return (java.lang.Math.floor((java.lang.Math.random() * ((max - min) + 1))) + min): Text '38.0' is set on object 'Object Repository/MOH AND GRN/Page_KDMC - CMS/input_txtmrp'

2018-06-10 22:09:54 - [MESSAGE][PASSED] - Text '38.0' is set on object 'Object Repository/MOH AND GRN/Page_KDMC - CMS/input_txtmrp'

2018-06-10 22:09:54 - [TEST_STEP][PASSED] - setText: Finding Test Object with id 'Object Repository/MOH AND GRN/Page_KDMC - CMS/input_txtdeal'

2018-06-10 22:09:54 - [TEST_STEP][PASSED] - Statement - switch (id): Finding Test Object with id 'Object Repository/MOH AND GRN/Page_KDMC - CMS/input_txtbatchno'

2018-06-10 22:09:54 - [TEST_STEP][PASSED] - Statement - case 5:: Text '5.0' is set on object 'Object Repository/MOH AND GRN/Page_KDMC - CMS/input_txtdeal'

2018-06-10 22:09:54 - [TEST_STEP][PASSED] - Statement - return (java.lang.Math.floor((java.lang.Math.random() * ((max - min) + 1))) + min): Text '5.0' is set on object 'Object Repository/MOH AND GRN/Page_KDMC - CMS/input_txtdeal'

2018-06-10 22:09:54 - [MESSAGE][PASSED] - Text '5.0' is set on object 'Object Repository/MOH AND GRN/Page_KDMC - CMS/input_txtdeal'

2018-06-10 22:09:54 - [TEST_STEP][PASSED] - setText: Finding Test Object with id 'Object Repository/MOH AND GRN/Page_KDMC - CMS/input_txtbatchno'

2018-06-10 22:09:54 - [TEST_STEP][PASSED] - Statement - switch (id): Finding Test Object with id 'Object Repository/MOH AND GRN/Page_KDMC - CMS/input_txtmrp'

2018-06-10 22:09:54 - [TEST_STEP][PASSED] - Statement - case 1:: Text 'BA717.0' is set on object 'Object Repository/MOH AND GRN/Page_KDMC - CMS/input_txtbatchno'

2018-06-10 22:09:54 - [TEST_STEP][PASSED] - Statement - return (java.lang.Math.floor((java.lang.Math.random() * ((max - min) + 1))) + min): Text 'BA717.0' is set on object 'Object Repository/MOH AND GRN/Page_KDMC - CMS/input_txtbatchno'

2018-06-10 22:09:54 - [MESSAGE][PASSED] - Text 'BA717.0' is set on object 'Object Repository/MOH AND GRN/Page_KDMC - CMS/input_txtbatchno'

2018-06-10 22:09:54 - [TEST_STEP][PASSED] - rightClick: Object: 'Object Repository/GRN/Page_KDMC - CMS/input_txtexpdate' is right clicked on

2018-06-10 22:09:54 - [MESSAGE][PASSED] - Object: 'Object Repository/GRN/Page_KDMC - CMS/input_txtexpdate' is right clicked on

2018-06-10 22:09:54 - [TEST_STEP][PASSED] - selectOptionByIndex: All options with index in [3] are selected on object 'Object Repository/GRN/Page_KDMC - CMS/select_20182019202020212022202'

2018-06-10 22:09:54 - [MESSAGE][PASSED] - All options with index in [3] are selected on object 'Object Repository/GRN/Page_KDMC - CMS/select_20182019202020212022202'

2018-06-10 22:09:54 - [TEST_STEP][PASSED] - selectOptionByIndex: All options with index in [3] are selected on object 'Object Repository/GRN/Page_KDMC - CMS/select_JanFebMarAprMayJunJulAu'

2018-06-10 22:09:54 - [MESSAGE][PASSED] - All options with index in [3] are selected on object 'Object Repository/GRN/Page_KDMC - CMS/select_JanFebMarAprMayJunJulAu'

2018-06-10 22:09:54 - [TEST_STEP][PASSED] - click: Object: 'Object Repository/MOH AND GRN/Page_KDMC - CMS/a_12' is clicked on

2018-06-10 22:09:54 - [MESSAGE][PASSED] - Object: 'Object Repository/MOH AND GRN/Page_KDMC - CMS/a_12' is clicked on

2018-06-10 22:09:54 - [TEST_STEP][PASSED] - click: Object: 'Object Repository/MOH AND GRN/Page_KDMC - CMS/input_btnadd' is clicked on

2018-06-10 22:09:54 - [MESSAGE][PASSED] - Object: 'Object Repository/MOH AND GRN/Page_KDMC - CMS/input_btnadd' is clicked on

2018-06-10 22:09:54 - [TEST_STEP][PASSED] - Statement - If (s == 10): null

2018-06-10 22:09:54 - [TEST_STEP][PASSED] - Statement - Else: null

2018-06-10 22:09:54 - [TEST_STEP][PASSED] - Statement - (s++): null

2018-06-10 22:09:54 - [TEST_STEP][PASSED] - delay: Delayed 1 second(s)

2018-06-10 22:09:55 - [MESSAGE][PASSED] - Delayed 1 second(s)

2018-06-10 22:09:55 - [TEST_STEP][PASSED] - selectOptionByIndex: All options with index in [44] are selected on object 'Object Repository/MOH AND GRN/Page_KDMC - CMS/select_--Select--Amikacin -500'

2018-06-10 22:09:56 - [MESSAGE][PASSED] - All options with index in [44] are selected on object 'Object Repository/MOH AND GRN/Page_KDMC - CMS/select_--Select--Amikacin -500'

2018-06-10 22:09:56 - [TEST_STEP][PASSED] - setText: Text '5000' is set on object 'Object Repository/MOH AND GRN/Page_KDMC - CMS/input_txtqty'

2018-06-10 22:09:56 - [MESSAGE][PASSED] - Text '5000' is set on object 'Object Repository/MOH AND GRN/Page_KDMC - CMS/input_txtqty'

2018-06-10 22:09:56 - [TEST_STEP][PASSED] - selectOptionByIndex: All options with index in [1] are selected on object 'Object Repository/MOH AND GRN/Page_KDMC - CMS/select_--Select--No Tax0'

2018-06-10 22:09:56 - [MESSAGE][PASSED] - All options with index in [1] are selected on object 'Object Repository/MOH AND GRN/Page_KDMC - CMS/select_--Select--No Tax0'

2018-06-10 22:09:56 - [TEST_STEP][PASSED] - setText: Finding Test Object with id 'Object Repository/MOH AND GRN/Page_KDMC - CMS/input_txtmrp'

2018-06-10 22:09:56 - [TEST_STEP][PASSED] - Statement - switch (id): Finding Test Object with id 'Object Repository/MOH AND GRN/Page_KDMC - CMS/input_txtdeal'

2018-06-10 22:09:56 - [TEST_STEP][PASSED] - Statement - case 4:: Text '31.0' is set on object 'Object Repository/MOH AND GRN/Page_KDMC - CMS/input_txtmrp'

2018-06-10 22:09:56 - [TEST_STEP][PASSED] - Statement - return (java.lang.Math.floor((java.lang.Math.random() * ((max - min) + 1))) + min): Text '31.0' is set on object 'Object Repository/MOH AND GRN/Page_KDMC - CMS/input_txtmrp'

2018-06-10 22:09:56 - [MESSAGE][PASSED] - Text '31.0' is set on object 'Object Repository/MOH AND GRN/Page_KDMC - CMS/input_txtmrp'

2018-06-10 22:09:56 - [TEST_STEP][PASSED] - setText: Finding Test Object with id 'Object Repository/MOH AND GRN/Page_KDMC - CMS/input_txtdeal'

2018-06-10 22:09:56 - [TEST_STEP][PASSED] - Statement - switch (id): Finding Test Object with id 'Object Repository/MOH AND GRN/Page_KDMC - CMS/input_txtbatchno'

2018-06-10 22:09:56 - [TEST_STEP][PASSED] - Statement - case 5:: Text '5.0' is set on object 'Object Repository/MOH AND GRN/Page_KDMC - CMS/input_txtdeal'

2018-06-10 22:09:56 - [TEST_STEP][PASSED] - Statement - return (java.lang.Math.floor((java.lang.Math.random() * ((max - min) + 1))) + min): Text '5.0' is set on object 'Object Repository/MOH AND GRN/Page_KDMC - CMS/input_txtdeal'

2018-06-10 22:09:56 - [MESSAGE][PASSED] - Text '5.0' is set on object 'Object Repository/MOH AND GRN/Page_KDMC - CMS/input_txtdeal'

2018-06-10 22:09:56 - [TEST_STEP][PASSED] - setText: Finding Test Object with id 'Object Repository/MOH AND GRN/Page_KDMC - CMS/input_txtbatchno'

2018-06-10 22:09:56 - [TEST_STEP][PASSED] - Statement - switch (id): Finding Test Object with id 'Object Repository/MOH AND GRN/Page_KDMC - CMS/input_txtmrp'

2018-06-10 22:09:56 - [TEST_STEP][PASSED] - Statement - case 1:: Text 'BA813.0' is set on object 'Object Repository/MOH AND GRN/Page_KDMC - CMS/input_txtbatchno'

2018-06-10 22:09:56 - [TEST_STEP][PASSED] - Statement - return (java.lang.Math.floor((java.lang.Math.random() * ((max - min) + 1))) + min): Text 'BA813.0' is set on object 'Object Repository/MOH AND GRN/Page_KDMC - CMS/input_txtbatchno'

2018-06-10 22:09:56 - [MESSAGE][PASSED] - Text 'BA813.0' is set on object 'Object Repository/MOH AND GRN/Page_KDMC - CMS/input_txtbatchno'

2018-06-10 22:09:56 - [TEST_STEP][PASSED] - rightClick: Object: 'Object Repository/GRN/Page_KDMC - CMS/input_txtexpdate' is right clicked on

2018-06-10 22:09:57 - [MESSAGE][PASSED] - Object: 'Object Repository/GRN/Page_KDMC - CMS/input_txtexpdate' is right clicked on

2018-06-10 22:09:57 - [TEST_STEP][PASSED] - selectOptionByIndex: All options with index in [4] are selected on object 'Object Repository/GRN/Page_KDMC - CMS/select_20182019202020212022202'

2018-06-10 22:09:57 - [MESSAGE][PASSED] - All options with index in [4] are selected on object 'Object Repository/GRN/Page_KDMC - CMS/select_20182019202020212022202'

2018-06-10 22:09:57 - [TEST_STEP][PASSED] - selectOptionByIndex: All options with index in [4] are selected on object 'Object Repository/GRN/Page_KDMC - CMS/select_JanFebMarAprMayJunJulAu'

2018-06-10 22:09:57 - [MESSAGE][PASSED] - All options with index in [4] are selected on object 'Object Repository/GRN/Page_KDMC - CMS/select_JanFebMarAprMayJunJulAu'

2018-06-10 22:09:57 - [TEST_STEP][PASSED] - click: Object: 'Object Repository/MOH AND GRN/Page_KDMC - CMS/a_12' is clicked on

2018-06-10 22:09:57 - [MESSAGE][PASSED] - Object: 'Object Repository/MOH AND GRN/Page_KDMC - CMS/a_12' is clicked on

2018-06-10 22:09:57 - [TEST_STEP][PASSED] - click: Object: 'Object Repository/MOH AND GRN/Page_KDMC - CMS/input_btnadd' is clicked on

2018-06-10 22:09:57 - [MESSAGE][PASSED] - Object: 'Object Repository/MOH AND GRN/Page_KDMC - CMS/input_btnadd' is clicked on

2018-06-10 22:09:57 - [TEST_STEP][PASSED] - Statement - If (s == 10): null

2018-06-10 22:09:57 - [TEST_STEP][PASSED] - Statement - Else: null

2018-06-10 22:09:57 - [TEST_STEP][PASSED] - Statement - (s++): null

2018-06-10 22:09:57 - [TEST_STEP][PASSED] - delay: Delayed 1 second(s)

2018-06-10 22:09:58 - [MESSAGE][PASSED] - Delayed 1 second(s)

2018-06-10 22:09:58 - [TEST_STEP][PASSED] - selectOptionByIndex: All options with index in [45] are selected on object 'Object Repository/MOH AND GRN/Page_KDMC - CMS/select_--Select--Amikacin -500'

2018-06-10 22:09:59 - [MESSAGE][PASSED] - All options with index in [45] are selected on object 'Object Repository/MOH AND GRN/Page_KDMC - CMS/select_--Select--Amikacin -500'

2018-06-10 22:09:59 - [TEST_STEP][PASSED] - setText: Text '5000' is set on object 'Object Repository/MOH AND GRN/Page_KDMC - CMS/input_txtqty'

2018-06-10 22:09:59 - [MESSAGE][PASSED] - Text '5000' is set on object 'Object Repository/MOH AND GRN/Page_KDMC - CMS/input_txtqty'

2018-06-10 22:09:59 - [TEST_STEP][PASSED] - selectOptionByIndex: All options with index in [1] are selected on object 'Object Repository/MOH AND GRN/Page_KDMC - CMS/select_--Select--No Tax0'

2018-06-10 22:09:59 - [MESSAGE][PASSED] - All options with index in [1] are selected on object 'Object Repository/MOH AND GRN/Page_KDMC - CMS/select_--Select--No Tax0'

2018-06-10 22:09:59 - [TEST_STEP][PASSED] - setText: Finding Test Object with id 'Object Repository/MOH AND GRN/Page_KDMC - CMS/input_txtmrp'

2018-06-10 22:09:59 - [TEST_STEP][PASSED] - Statement - switch (id): Finding Test Object with id 'Object Repository/MOH AND GRN/Page_KDMC - CMS/input_txtdeal'

2018-06-10 22:09:59 - [TEST_STEP][PASSED] - Statement - case 4:: Text '17.0' is set on object 'Object Repository/MOH AND GRN/Page_KDMC - CMS/input_txtmrp'

2018-06-10 22:09:59 - [TEST_STEP][PASSED] - Statement - return (java.lang.Math.floor((java.lang.Math.random() * ((max - min) + 1))) + min): Text '17.0' is set on object 'Object Repository/MOH AND GRN/Page_KDMC - CMS/input_txtmrp'

2018-06-10 22:09:59 - [MESSAGE][PASSED] - Text '17.0' is set on object 'Object Repository/MOH AND GRN/Page_KDMC - CMS/input_txtmrp'

2018-06-10 22:09:59 - [TEST_STEP][PASSED] - setText: Finding Test Object with id 'Object Repository/MOH AND GRN/Page_KDMC - CMS/input_txtdeal'

2018-06-10 22:09:59 - [TEST_STEP][PASSED] - Statement - switch (id): Finding Test Object with id 'Object Repository/MOH AND GRN/Page_KDMC - CMS/input_txtbatchno'

2018-06-10 22:09:59 - [TEST_STEP][PASSED] - Statement - case 5:: Text '10.0' is set on object 'Object Repository/MOH AND GRN/Page_KDMC - CMS/input_txtdeal'

2018-06-10 22:09:59 - [TEST_STEP][PASSED] - Statement - return (java.lang.Math.floor((java.lang.Math.random() * ((max - min) + 1))) + min): Text '10.0' is set on object 'Object Repository/MOH AND GRN/Page_KDMC - CMS/input_txtdeal'

2018-06-10 22:09:59 - [MESSAGE][PASSED] - Text '10.0' is set on object 'Object Repository/MOH AND GRN/Page_KDMC - CMS/input_txtdeal'

2018-06-10 22:09:59 - [TEST_STEP][PASSED] - setText: Finding Test Object with id 'Object Repository/MOH AND GRN/Page_KDMC - CMS/input_txtbatchno'

2018-06-10 22:09:59 - [TEST_STEP][PASSED] - Statement - switch (id): Finding Test Object with id 'Object Repository/MOH AND GRN/Page_KDMC - CMS/input_txtmrp'

2018-06-10 22:09:59 - [TEST_STEP][PASSED] - Statement - case 1:: Text 'BA764.0' is set on object 'Object Repository/MOH AND GRN/Page_KDMC - CMS/input_txtbatchno'

2018-06-10 22:09:59 - [TEST_STEP][PASSED] - Statement - return (java.lang.Math.floor((java.lang.Math.random() * ((max - min) + 1))) + min): Text 'BA764.0' is set on object 'Object Repository/MOH AND GRN/Page_KDMC - CMS/input_txtbatchno'

2018-06-10 22:09:59 - [MESSAGE][PASSED] - Text 'BA764.0' is set on object 'Object Repository/MOH AND GRN/Page_KDMC - CMS/input_txtbatchno'

2018-06-10 22:09:59 - [TEST_STEP][PASSED] - rightClick: Object: 'Object Repository/GRN/Page_KDMC - CMS/input_txtexpdate' is right clicked on

2018-06-10 22:09:59 - [MESSAGE][PASSED] - Object: 'Object Repository/GRN/Page_KDMC - CMS/input_txtexpdate' is right clicked on

2018-06-10 22:09:59 - [TEST_STEP][PASSED] - selectOptionByIndex: All options with index in [5] are selected on object 'Object Repository/GRN/Page_KDMC - CMS/select_20182019202020212022202'

2018-06-10 22:10:00 - [MESSAGE][PASSED] - All options with index in [5] are selected on object 'Object Repository/GRN/Page_KDMC - CMS/select_20182019202020212022202'

2018-06-10 22:10:00 - [TEST_STEP][PASSED] - selectOptionByIndex: All options with index in [5] are selected on object 'Object Repository/GRN/Page_KDMC - CMS/select_JanFebMarAprMayJunJulAu'

2018-06-10 22:10:00 - [MESSAGE][PASSED] - All options with index in [5] are selected on object 'Object Repository/GRN/Page_KDMC - CMS/select_JanFebMarAprMayJunJulAu'

2018-06-10 22:10:00 - [TEST_STEP][PASSED] - click: Object: 'Object Repository/MOH AND GRN/Page_KDMC - CMS/a_12' is clicked on

2018-06-10 22:10:00 - [MESSAGE][PASSED] - Object: 'Object Repository/MOH AND GRN/Page_KDMC - CMS/a_12' is clicked on

2018-06-10 22:10:00 - [TEST_STEP][PASSED] - click: Object: 'Object Repository/MOH AND GRN/Page_KDMC - CMS/input_btnadd' is clicked on

2018-06-10 22:10:00 - [MESSAGE][PASSED] - Object: 'Object Repository/MOH AND GRN/Page_KDMC - CMS/input_btnadd' is clicked on

2018-06-10 22:10:00 - [TEST_STEP][PASSED] - Statement - If (s == 10): null

2018-06-10 22:10:00 - [TEST_STEP][PASSED] - Statement - Else: null

2018-06-10 22:10:00 - [TEST_STEP][PASSED] - Statement - (s++): null

2018-06-10 22:10:00 - [TEST_STEP][PASSED] - delay: Delayed 1 second(s)

2018-06-10 22:10:01 - [MESSAGE][PASSED] - Delayed 1 second(s)

2018-06-10 22:10:01 - [TEST_STEP][PASSED] - selectOptionByIndex: All options with index in [46] are selected on object 'Object Repository/MOH AND GRN/Page_KDMC - CMS/select_--Select--Amikacin -500'

2018-06-10 22:10:01 - [MESSAGE][PASSED] - All options with index in [46] are selected on object 'Object Repository/MOH AND GRN/Page_KDMC - CMS/select_--Select--Amikacin -500'

2018-06-10 22:10:01 - [TEST_STEP][PASSED] - setText: Text '5000' is set on object 'Object Repository/MOH AND GRN/Page_KDMC - CMS/input_txtqty'

2018-06-10 22:10:02 - [MESSAGE][PASSED] - Text '5000' is set on object 'Object Repository/MOH AND GRN/Page_KDMC - CMS/input_txtqty'

2018-06-10 22:10:02 - [TEST_STEP][PASSED] - selectOptionByIndex: All options with index in [1] are selected on object 'Object Repository/MOH AND GRN/Page_KDMC - CMS/select_--Select--No Tax0'

2018-06-10 22:10:02 - [MESSAGE][PASSED] - All options with index in [1] are selected on object 'Object Repository/MOH AND GRN/Page_KDMC - CMS/select_--Select--No Tax0'

2018-06-10 22:10:02 - [TEST_STEP][PASSED] - setText: Finding Test Object with id 'Object Repository/MOH AND GRN/Page_KDMC - CMS/input_txtmrp'

2018-06-10 22:10:02 - [TEST_STEP][PASSED] - Statement - switch (id): Finding Test Object with id 'Object Repository/MOH AND GRN/Page_KDMC - CMS/input_txtdeal'

2018-06-10 22:10:02 - [TEST_STEP][PASSED] - Statement - case 4:: Text '34.0' is set on object 'Object Repository/MOH AND GRN/Page_KDMC - CMS/input_txtmrp'

2018-06-10 22:10:02 - [TEST_STEP][PASSED] - Statement - return (java.lang.Math.floor((java.lang.Math.random() * ((max - min) + 1))) + min): Text '34.0' is set on object 'Object Repository/MOH AND GRN/Page_KDMC - CMS/input_txtmrp'

2018-06-10 22:10:02 - [MESSAGE][PASSED] - Text '34.0' is set on object 'Object Repository/MOH AND GRN/Page_KDMC - CMS/input_txtmrp'

2018-06-10 22:10:02 - [TEST_STEP][PASSED] - setText: Finding Test Object with id 'Object Repository/MOH AND GRN/Page_KDMC - CMS/input_txtdeal'

2018-06-10 22:10:02 - [TEST_STEP][PASSED] - Statement - switch (id): Finding Test Object with id 'Object Repository/MOH AND GRN/Page_KDMC - CMS/input_txtbatchno'

2018-06-10 22:10:02 - [TEST_STEP][PASSED] - Statement - case 5:: Text '2.0' is set on object 'Object Repository/MOH AND GRN/Page_KDMC - CMS/input_txtdeal'

2018-06-10 22:10:02 - [TEST_STEP][PASSED] - Statement - return (java.lang.Math.floor((java.lang.Math.random() * ((max - min) + 1))) + min): Text '2.0' is set on object 'Object Repository/MOH AND GRN/Page_KDMC - CMS/input_txtdeal'

2018-06-10 22:10:02 - [MESSAGE][PASSED] - Text '2.0' is set on object 'Object Repository/MOH AND GRN/Page_KDMC - CMS/input_txtdeal'

2018-06-10 22:10:02 - [TEST_STEP][PASSED] - setText: Finding Test Object with id 'Object Repository/MOH AND GRN/Page_KDMC - CMS/input_txtbatchno'

2018-06-10 22:10:02 - [TEST_STEP][PASSED] - Statement - switch (id): Finding Test Object with id 'Object Repository/MOH AND GRN/Page_KDMC - CMS/input_txtmrp'

2018-06-10 22:10:02 - [TEST_STEP][PASSED] - Statement - case 1:: Text 'BA142.0' is set on object 'Object Repository/MOH AND GRN/Page_KDMC - CMS/input_txtbatchno'

2018-06-10 22:10:02 - [TEST_STEP][PASSED] - Statement - return (java.lang.Math.floor((java.lang.Math.random() * ((max - min) + 1))) + min): Text 'BA142.0' is set on object 'Object Repository/MOH AND GRN/Page_KDMC - CMS/input_txtbatchno'

2018-06-10 22:10:02 - [MESSAGE][PASSED] - Text 'BA142.0' is set on object 'Object Repository/MOH AND GRN/Page_KDMC - CMS/input_txtbatchno'

2018-06-10 22:10:02 - [TEST_STEP][PASSED] - rightClick: Object: 'Object Repository/GRN/Page_KDMC - CMS/input_txtexpdate' is right clicked on

2018-06-10 22:10:02 - [MESSAGE][PASSED] - Object: 'Object Repository/GRN/Page_KDMC - CMS/input_txtexpdate' is right clicked on

2018-06-10 22:10:02 - [TEST_STEP][PASSED] - selectOptionByIndex: All options with index in [6] are selected on object 'Object Repository/GRN/Page_KDMC - CMS/select_20182019202020212022202'

2018-06-10 22:10:02 - [MESSAGE][PASSED] - All options with index in [6] are selected on object 'Object Repository/GRN/Page_KDMC - CMS/select_20182019202020212022202'

2018-06-10 22:10:02 - [TEST_STEP][PASSED] - selectOptionByIndex: All options with index in [6] are selected on object 'Object Repository/GRN/Page_KDMC - CMS/select_JanFebMarAprMayJunJulAu'

2018-06-10 22:10:03 - [MESSAGE][PASSED] - All options with index in [6] are selected on object 'Object Repository/GRN/Page_KDMC - CMS/select_JanFebMarAprMayJunJulAu'

2018-06-10 22:10:03 - [TEST_STEP][PASSED] - click: Object: 'Object Repository/MOH AND GRN/Page_KDMC - CMS/a_12' is clicked on

2018-06-10 22:10:03 - [MESSAGE][PASSED] - Object: 'Object Repository/MOH AND GRN/Page_KDMC - CMS/a_12' is clicked on

2018-06-10 22:10:03 - [TEST_STEP][PASSED] - click: Object: 'Object Repository/MOH AND GRN/Page_KDMC - CMS/input_btnadd' is clicked on

2018-06-10 22:10:03 - [MESSAGE][PASSED] - Object: 'Object Repository/MOH AND GRN/Page_KDMC - CMS/input_btnadd' is clicked on

2018-06-10 22:10:03 - [TEST_STEP][PASSED] - Statement - If (s == 10): null

2018-06-10 22:10:03 - [TEST_STEP][PASSED] - Statement - Else: null

2018-06-10 22:10:03 - [TEST_STEP][PASSED] - Statement - (s++): null

2018-06-10 22:10:03 - [TEST_STEP][PASSED] - delay: Delayed 1 second(s)

2018-06-10 22:10:04 - [MESSAGE][PASSED] - Delayed 1 second(s)

2018-06-10 22:10:04 - [TEST_STEP][PASSED] - selectOptionByIndex: All options with index in [47] are selected on object 'Object Repository/MOH AND GRN/Page_KDMC - CMS/select_--Select--Amikacin -500'

2018-06-10 22:10:04 - [MESSAGE][PASSED] - All options with index in [47] are selected on object 'Object Repository/MOH AND GRN/Page_KDMC - CMS/select_--Select--Amikacin -500'

2018-06-10 22:10:04 - [TEST_STEP][PASSED] - setText: Text '5000' is set on object 'Object Repository/MOH AND GRN/Page_KDMC - CMS/input_txtqty'

2018-06-10 22:10:04 - [MESSAGE][PASSED] - Text '5000' is set on object 'Object Repository/MOH AND GRN/Page_KDMC - CMS/input_txtqty'

2018-06-10 22:10:04 - [TEST_STEP][PASSED] - selectOptionByIndex: All options with index in [1] are selected on object 'Object Repository/MOH AND GRN/Page_KDMC - CMS/select_--Select--No Tax0'

2018-06-10 22:10:05 - [MESSAGE][PASSED] - All options with index in [1] are selected on object 'Object Repository/MOH AND GRN/Page_KDMC - CMS/select_--Select--No Tax0'

2018-06-10 22:10:05 - [TEST_STEP][PASSED] - setText: Finding Test Object with id 'Object Repository/MOH AND GRN/Page_KDMC - CMS/input_txtmrp'

2018-06-10 22:10:05 - [TEST_STEP][PASSED] - Statement - switch (id): Finding Test Object with id 'Object Repository/MOH AND GRN/Page_KDMC - CMS/input_txtdeal'

2018-06-10 22:10:05 - [TEST_STEP][PASSED] - Statement - case 4:: Text '43.0' is set on object 'Object Repository/MOH AND GRN/Page_KDMC - CMS/input_txtmrp'

2018-06-10 22:10:05 - [TEST_STEP][PASSED] - Statement - return (java.lang.Math.floor((java.lang.Math.random() * ((max - min) + 1))) + min): Text '43.0' is set on object 'Object Repository/MOH AND GRN/Page_KDMC - CMS/input_txtmrp'

2018-06-10 22:10:05 - [MESSAGE][PASSED] - Text '43.0' is set on object 'Object Repository/MOH AND GRN/Page_KDMC - CMS/input_txtmrp'

2018-06-10 22:10:05 - [TEST_STEP][PASSED] - setText: Finding Test Object with id 'Object Repository/MOH AND GRN/Page_KDMC - CMS/input_txtdeal'

2018-06-10 22:10:05 - [TEST_STEP][PASSED] - Statement - switch (id): Finding Test Object with id 'Object Repository/MOH AND GRN/Page_KDMC - CMS/input_txtbatchno'

2018-06-10 22:10:05 - [TEST_STEP][PASSED] - Statement - case 5:: Text '12.0' is set on object 'Object Repository/MOH AND GRN/Page_KDMC - CMS/input_txtdeal'

2018-06-10 22:10:05 - [TEST_STEP][PASSED] - Statement - return (java.lang.Math.floor((java.lang.Math.random() * ((max - min) + 1))) + min): Text '12.0' is set on object 'Object Repository/MOH AND GRN/Page_KDMC - CMS/input_txtdeal'

2018-06-10 22:10:05 - [MESSAGE][PASSED] - Text '12.0' is set on object 'Object Repository/MOH AND GRN/Page_KDMC - CMS/input_txtdeal'

2018-06-10 22:10:05 - [TEST_STEP][PASSED] - setText: Finding Test Object with id 'Object Repository/MOH AND GRN/Page_KDMC - CMS/input_txtbatchno'

2018-06-10 22:10:05 - [TEST_STEP][PASSED] - Statement - switch (id): Finding Test Object with id 'Object Repository/MOH AND GRN/Page_KDMC - CMS/input_txtmrp'

2018-06-10 22:10:05 - [TEST_STEP][PASSED] - Statement - case 1:: Text 'BA930.0' is set on object 'Object Repository/MOH AND GRN/Page_KDMC - CMS/input_txtbatchno'

2018-06-10 22:10:05 - [TEST_STEP][PASSED] - Statement - return (java.lang.Math.floor((java.lang.Math.random() * ((max - min) + 1))) + min): Text 'BA930.0' is set on object 'Object Repository/MOH AND GRN/Page_KDMC - CMS/input_txtbatchno'

2018-06-10 22:10:05 - [MESSAGE][PASSED] - Text 'BA930.0' is set on object 'Object Repository/MOH AND GRN/Page_KDMC - CMS/input_txtbatchno'

2018-06-10 22:10:05 - [TEST_STEP][PASSED] - rightClick: Object: 'Object Repository/GRN/Page_KDMC - CMS/input_txtexpdate' is right clicked on

2018-06-10 22:10:05 - [MESSAGE][PASSED] - Object: 'Object Repository/GRN/Page_KDMC - CMS/input_txtexpdate' is right clicked on

2018-06-10 22:10:05 - [TEST_STEP][PASSED] - selectOptionByIndex: All options with index in [7] are selected on object 'Object Repository/GRN/Page_KDMC - CMS/select_20182019202020212022202'

2018-06-10 22:10:05 - [MESSAGE][PASSED] - All options with index in [7] are selected on object 'Object Repository/GRN/Page_KDMC - CMS/select_20182019202020212022202'

2018-06-10 22:10:05 - [TEST_STEP][PASSED] - selectOptionByIndex: All options with index in [7] are selected on object 'Object Repository/GRN/Page_KDMC - CMS/select_JanFebMarAprMayJunJulAu'

2018-06-10 22:10:05 - [MESSAGE][PASSED] - All options with index in [7] are selected on object 'Object Repository/GRN/Page_KDMC - CMS/select_JanFebMarAprMayJunJulAu'

2018-06-10 22:10:05 - [TEST_STEP][PASSED] - click: Object: 'Object Repository/MOH AND GRN/Page_KDMC - CMS/a_12' is clicked on

2018-06-10 22:10:06 - [MESSAGE][PASSED] - Object: 'Object Repository/MOH AND GRN/Page_KDMC - CMS/a_12' is clicked on

2018-06-10 22:10:06 - [TEST_STEP][PASSED] - click: Object: 'Object Repository/MOH AND GRN/Page_KDMC - CMS/input_btnadd' is clicked on

2018-06-10 22:10:06 - [MESSAGE][PASSED] - Object: 'Object Repository/MOH AND GRN/Page_KDMC - CMS/input_btnadd' is clicked on

2018-06-10 22:10:06 - [TEST_STEP][PASSED] - Statement - If (s == 10): null

2018-06-10 22:10:06 - [TEST_STEP][PASSED] - Statement - Else: null

2018-06-10 22:10:06 - [TEST_STEP][PASSED] - Statement - (s++): null

2018-06-10 22:10:06 - [TEST_STEP][PASSED] - delay: Delayed 1 second(s)

2018-06-10 22:10:07 - [MESSAGE][PASSED] - Delayed 1 second(s)

2018-06-10 22:10:07 - [TEST_STEP][PASSED] - selectOptionByIndex: All options with index in [48] are selected on object 'Object Repository/MOH AND GRN/Page_KDMC - CMS/select_--Select--Amikacin -500'

2018-06-10 22:10:07 - [MESSAGE][PASSED] - All options with index in [48] are selected on object 'Object Repository/MOH AND GRN/Page_KDMC - CMS/select_--Select--Amikacin -500'

2018-06-10 22:10:07 - [TEST_STEP][PASSED] - setText: Text '5000' is set on object 'Object Repository/MOH AND GRN/Page_KDMC - CMS/input_txtqty'

2018-06-10 22:10:07 - [MESSAGE][PASSED] - Text '5000' is set on object 'Object Repository/MOH AND GRN/Page_KDMC - CMS/input_txtqty'

2018-06-10 22:10:07 - [TEST_STEP][PASSED] - selectOptionByIndex: All options with index in [1] are selected on object 'Object Repository/MOH AND GRN/Page_KDMC - CMS/select_--Select--No Tax0'

2018-06-10 22:10:07 - [MESSAGE][PASSED] - All options with index in [1] are selected on object 'Object Repository/MOH AND GRN/Page_KDMC - CMS/select_--Select--No Tax0'

2018-06-10 22:10:07 - [TEST_STEP][PASSED] - setText: Finding Test Object with id 'Object Repository/MOH AND GRN/Page_KDMC - CMS/input_txtmrp'

2018-06-10 22:10:07 - [TEST_STEP][PASSED] - Statement - switch (id): Finding Test Object with id 'Object Repository/MOH AND GRN/Page_KDMC - CMS/input_txtdeal'

2018-06-10 22:10:07 - [TEST_STEP][PASSED] - Statement - case 4:: Text '30.0' is set on object 'Object Repository/MOH AND GRN/Page_KDMC - CMS/input_txtmrp'

2018-06-10 22:10:07 - [TEST_STEP][PASSED] - Statement - return (java.lang.Math.floor((java.lang.Math.random() * ((max - min) + 1))) + min): Text '30.0' is set on object 'Object Repository/MOH AND GRN/Page_KDMC - CMS/input_txtmrp'

2018-06-10 22:10:08 - [MESSAGE][PASSED] - Text '30.0' is set on object 'Object Repository/MOH AND GRN/Page_KDMC - CMS/input_txtmrp'

2018-06-10 22:10:08 - [TEST_STEP][PASSED] - setText: Finding Test Object with id 'Object Repository/MOH AND GRN/Page_KDMC - CMS/input_txtdeal'

2018-06-10 22:10:08 - [TEST_STEP][PASSED] - Statement - switch (id): Finding Test Object with id 'Object Repository/MOH AND GRN/Page_KDMC - CMS/input_txtbatchno'

2018-06-10 22:10:08 - [TEST_STEP][PASSED] - Statement - case 5:: Text '2.0' is set on object 'Object Repository/MOH AND GRN/Page_KDMC - CMS/input_txtdeal'

2018-06-10 22:10:08 - [TEST_STEP][PASSED] - Statement - return (java.lang.Math.floor((java.lang.Math.random() * ((max - min) + 1))) + min): Text '2.0' is set on object 'Object Repository/MOH AND GRN/Page_KDMC - CMS/input_txtdeal'

2018-06-10 22:10:08 - [MESSAGE][PASSED] - Text '2.0' is set on object 'Object Repository/MOH AND GRN/Page_KDMC - CMS/input_txtdeal'

2018-06-10 22:10:08 - [TEST_STEP][PASSED] - setText: Finding Test Object with id 'Object Repository/MOH AND GRN/Page_KDMC - CMS/input_txtbatchno'

2018-06-10 22:10:08 - [TEST_STEP][PASSED] - Statement - switch (id): Finding Test Object with id 'Object Repository/MOH AND GRN/Page_KDMC - CMS/input_txtmrp'

2018-06-10 22:10:08 - [TEST_STEP][PASSED] - Statement - case 1:: Text 'BA716.0' is set on object 'Object Repository/MOH AND GRN/Page_KDMC - CMS/input_txtbatchno'

2018-06-10 22:10:08 - [TEST_STEP][PASSED] - Statement - return (java.lang.Math.floor((java.lang.Math.random() * ((max - min) + 1))) + min): Text 'BA716.0' is set on object 'Object Repository/MOH AND GRN/Page_KDMC - CMS/input_txtbatchno'

2018-06-10 22:10:08 - [MESSAGE][PASSED] - Text 'BA716.0' is set on object 'Object Repository/MOH AND GRN/Page_KDMC - CMS/input_txtbatchno'

2018-06-10 22:10:08 - [TEST_STEP][PASSED] - rightClick: Object: 'Object Repository/GRN/Page_KDMC - CMS/input_txtexpdate' is right clicked on

2018-06-10 22:10:08 - [MESSAGE][PASSED] - Object: 'Object Repository/GRN/Page_KDMC - CMS/input_txtexpdate' is right clicked on

2018-06-10 22:10:08 - [TEST_STEP][PASSED] - selectOptionByIndex: All options with index in [8] are selected on object 'Object Repository/GRN/Page_KDMC - CMS/select_20182019202020212022202'

2018-06-10 22:10:08 - [MESSAGE][PASSED] - All options with index in [8] are selected on object 'Object Repository/GRN/Page_KDMC - CMS/select_20182019202020212022202'

2018-06-10 22:10:08 - [TEST_STEP][PASSED] - selectOptionByIndex: All options with index in [8] are selected on object 'Object Repository/GRN/Page_KDMC - CMS/select_JanFebMarAprMayJunJulAu'

2018-06-10 22:10:08 - [MESSAGE][PASSED] - All options with index in [8] are selected on object 'Object Repository/GRN/Page_KDMC - CMS/select_JanFebMarAprMayJunJulAu'

2018-06-10 22:10:08 - [TEST_STEP][PASSED] - click: Object: 'Object Repository/MOH AND GRN/Page_KDMC - CMS/a_12' is clicked on

2018-06-10 22:10:08 - [MESSAGE][PASSED] - Object: 'Object Repository/MOH AND GRN/Page_KDMC - CMS/a_12' is clicked on

2018-06-10 22:10:08 - [TEST_STEP][PASSED] - click: Object: 'Object Repository/MOH AND GRN/Page_KDMC - CMS/input_btnadd' is clicked on

2018-06-10 22:10:09 - [MESSAGE][PASSED] - Object: 'Object Repository/MOH AND GRN/Page_KDMC - CMS/input_btnadd' is clicked on

2018-06-10 22:10:09 - [TEST_STEP][PASSED] - Statement - If (s == 10): null

2018-06-10 22:10:09 - [TEST_STEP][PASSED] - Statement - Else: null

2018-06-10 22:10:09 - [TEST_STEP][PASSED] - Statement - (s++): null

2018-06-10 22:10:09 - [TEST_STEP][PASSED] - delay: Delayed 1 second(s)

2018-06-10 22:10:10 - [MESSAGE][PASSED] - Delayed 1 second(s)

2018-06-10 22:10:10 - [TEST_STEP][PASSED] - selectOptionByIndex: All options with index in [49] are selected on object 'Object Repository/MOH AND GRN/Page_KDMC - CMS/select_--Select--Amikacin -500'

2018-06-10 22:10:10 - [MESSAGE][PASSED] - All options with index in [49] are selected on object 'Object Repository/MOH AND GRN/Page_KDMC - CMS/select_--Select--Amikacin -500'

2018-06-10 22:10:10 - [TEST_STEP][PASSED] - setText: Text '5000' is set on object 'Object Repository/MOH AND GRN/Page_KDMC - CMS/input_txtqty'

2018-06-10 22:10:10 - [MESSAGE][PASSED] - Text '5000' is set on object 'Object Repository/MOH AND GRN/Page_KDMC - CMS/input_txtqty'

2018-06-10 22:10:10 - [TEST_STEP][PASSED] - selectOptionByIndex: All options with index in [1] are selected on object 'Object Repository/MOH AND GRN/Page_KDMC - CMS/select_--Select--No Tax0'

2018-06-10 22:10:10 - [MESSAGE][PASSED] - All options with index in [1] are selected on object 'Object Repository/MOH AND GRN/Page_KDMC - CMS/select_--Select--No Tax0'

2018-06-10 22:10:10 - [TEST_STEP][PASSED] - setText: Finding Test Object with id 'Object Repository/MOH AND GRN/Page_KDMC - CMS/input_txtmrp'

2018-06-10 22:10:10 - [TEST_STEP][PASSED] - Statement - switch (id): Finding Test Object with id 'Object Repository/MOH AND GRN/Page_KDMC - CMS/input_txtdeal'

2018-06-10 22:10:10 - [TEST_STEP][PASSED] - Statement - case 4:: Text '15.0' is set on object 'Object Repository/MOH AND GRN/Page_KDMC - CMS/input_txtmrp'

2018-06-10 22:10:10 - [TEST_STEP][PASSED] - Statement - return (java.lang.Math.floor((java.lang.Math.random() * ((max - min) + 1))) + min): Text '15.0' is set on object 'Object Repository/MOH AND GRN/Page_KDMC - CMS/input_txtmrp'

2018-06-10 22:10:11 - [MESSAGE][PASSED] - Text '15.0' is set on object 'Object Repository/MOH AND GRN/Page_KDMC - CMS/input_txtmrp'

2018-06-10 22:10:11 - [TEST_STEP][PASSED] - setText: Finding Test Object with id 'Object Repository/MOH AND GRN/Page_KDMC - CMS/input_txtdeal'

2018-06-10 22:10:11 - [TEST_STEP][PASSED] - Statement - switch (id): Finding Test Object with id 'Object Repository/MOH AND GRN/Page_KDMC - CMS/input_txtbatchno'

2018-06-10 22:10:11 - [TEST_STEP][PASSED] - Statement - case 5:: Text '2.0' is set on object 'Object Repository/MOH AND GRN/Page_KDMC - CMS/input_txtdeal'

2018-06-10 22:10:11 - [TEST_STEP][PASSED] - Statement - return (java.lang.Math.floor((java.lang.Math.random() * ((max - min) + 1))) + min): Text '2.0' is set on object 'Object Repository/MOH AND GRN/Page_KDMC - CMS/input_txtdeal'

2018-06-10 22:10:11 - [MESSAGE][PASSED] - Text '2.0' is set on object 'Object Repository/MOH AND GRN/Page_KDMC - CMS/input_txtdeal'

2018-06-10 22:10:11 - [TEST_STEP][PASSED] - setText: Finding Test Object with id 'Object Repository/MOH AND GRN/Page_KDMC - CMS/input_txtbatchno'

2018-06-10 22:10:11 - [TEST_STEP][PASSED] - Statement - switch (id): Finding Test Object with id 'Object Repository/MOH AND GRN/Page_KDMC - CMS/input_txtmrp'

2018-06-10 22:10:11 - [TEST_STEP][PASSED] - Statement - case 1:: Text 'BA483.0' is set on object 'Object Repository/MOH AND GRN/Page_KDMC - CMS/input_txtbatchno'

2018-06-10 22:10:11 - [TEST_STEP][PASSED] - Statement - return (java.lang.Math.floor((java.lang.Math.random() * ((max - min) + 1))) + min): Text 'BA483.0' is set on object 'Object Repository/MOH AND GRN/Page_KDMC - CMS/input_txtbatchno'

2018-06-10 22:10:11 - [MESSAGE][PASSED] - Text 'BA483.0' is set on object 'Object Repository/MOH AND GRN/Page_KDMC - CMS/input_txtbatchno'

2018-06-10 22:10:11 - [TEST_STEP][PASSED] - rightClick: Object: 'Object Repository/GRN/Page_KDMC - CMS/input_txtexpdate' is right clicked on

2018-06-10 22:10:11 - [MESSAGE][PASSED] - Object: 'Object Repository/GRN/Page_KDMC - CMS/input_txtexpdate' is right clicked on

2018-06-10 22:10:11 - [TEST_STEP][PASSED] - selectOptionByIndex: All options with index in [9] are selected on object 'Object Repository/GRN/Page_KDMC - CMS/select_20182019202020212022202'

2018-06-10 22:10:11 - [MESSAGE][PASSED] - All options with index in [9] are selected on object 'Object Repository/GRN/Page_KDMC - CMS/select_20182019202020212022202'

2018-06-10 22:10:11 - [TEST_STEP][PASSED] - selectOptionByIndex: All options with index in [9] are selected on object 'Object Repository/GRN/Page_KDMC - CMS/select_JanFebMarAprMayJunJulAu'

2018-06-10 22:10:11 - [MESSAGE][PASSED] - All options with index in [9] are selected on object 'Object Repository/GRN/Page_KDMC - CMS/select_JanFebMarAprMayJunJulAu'

2018-06-10 22:10:11 - [TEST_STEP][PASSED] - click: Object: 'Object Repository/MOH AND GRN/Page_KDMC - CMS/a_12' is clicked on

2018-06-10 22:10:11 - [MESSAGE][PASSED] - Object: 'Object Repository/MOH AND GRN/Page_KDMC - CMS/a_12' is clicked on

2018-06-10 22:10:11 - [TEST_STEP][PASSED] - click: Object: 'Object Repository/MOH AND GRN/Page_KDMC - CMS/input_btnadd' is clicked on

2018-06-10 22:10:11 - [MESSAGE][PASSED] - Object: 'Object Repository/MOH AND GRN/Page_KDMC - CMS/input_btnadd' is clicked on

2018-06-10 22:10:11 - [TEST_STEP][PASSED] - Statement - If (s == 10): null

2018-06-10 22:10:11 - [TEST_STEP][PASSED] - Statement - Else: null

2018-06-10 22:10:11 - [TEST_STEP][PASSED] - Statement - (s++): null

2018-06-10 22:10:11 - [TEST_STEP][PASSED] - delay: Delayed 1 second(s)

2018-06-10 22:10:12 - [MESSAGE][PASSED] - Delayed 1 second(s)

2018-06-10 22:10:12 - [TEST_STEP][PASSED] - selectOptionByIndex: All options with index in [50] are selected on object 'Object Repository/MOH AND GRN/Page_KDMC - CMS/select_--Select--Amikacin -500'

2018-06-10 22:10:13 - [MESSAGE][PASSED] - All options with index in [50] are selected on object 'Object Repository/MOH AND GRN/Page_KDMC - CMS/select_--Select--Amikacin -500'

2018-06-10 22:10:13 - [TEST_STEP][PASSED] - setText: Text '5000' is set on object 'Object Repository/MOH AND GRN/Page_KDMC - CMS/input_txtqty'

2018-06-10 22:10:13 - [MESSAGE][PASSED] - Text '5000' is set on object 'Object Repository/MOH AND GRN/Page_KDMC - CMS/input_txtqty'

2018-06-10 22:10:13 - [TEST_STEP][PASSED] - selectOptionByIndex: All options with index in [1] are selected on object 'Object Repository/MOH AND GRN/Page_KDMC - CMS/select_--Select--No Tax0'

2018-06-10 22:10:13 - [MESSAGE][PASSED] - All options with index in [1] are selected on object 'Object Repository/MOH AND GRN/Page_KDMC - CMS/select_--Select--No Tax0'

2018-06-10 22:10:13 - [TEST_STEP][PASSED] - setText: Finding Test Object with id 'Object Repository/MOH AND GRN/Page_KDMC - CMS/input_txtmrp'

2018-06-10 22:10:13 - [TEST_STEP][PASSED] - Statement - switch (id): Finding Test Object with id 'Object Repository/MOH AND GRN/Page_KDMC - CMS/input_txtdeal'

2018-06-10 22:10:13 - [TEST_STEP][PASSED] - Statement - case 4:: Text '17.0' is set on object 'Object Repository/MOH AND GRN/Page_KDMC - CMS/input_txtmrp'

2018-06-10 22:10:13 - [TEST_STEP][PASSED] - Statement - return (java.lang.Math.floor((java.lang.Math.random() * ((max - min) + 1))) + min): Text '17.0' is set on object 'Object Repository/MOH AND GRN/Page_KDMC - CMS/input_txtmrp'

2018-06-10 22:10:13 - [MESSAGE][PASSED] - Text '17.0' is set on object 'Object Repository/MOH AND GRN/Page_KDMC - CMS/input_txtmrp'

2018-06-10 22:10:13 - [TEST_STEP][PASSED] - setText: Finding Test Object with id 'Object Repository/MOH AND GRN/Page_KDMC - CMS/input_txtdeal'

2018-06-10 22:10:13 - [TEST_STEP][PASSED] - Statement - switch (id): Finding Test Object with id 'Object Repository/MOH AND GRN/Page_KDMC - CMS/input_txtbatchno'

2018-06-10 22:10:13 - [TEST_STEP][PASSED] - Statement - case 5:: Text '1.0' is set on object 'Object Repository/MOH AND GRN/Page_KDMC - CMS/input_txtdeal'

2018-06-10 22:10:13 - [TEST_STEP][PASSED] - Statement - return (java.lang.Math.floor((java.lang.Math.random() * ((max - min) + 1))) + min): Text '1.0' is set on object 'Object Repository/MOH AND GRN/Page_KDMC - CMS/input_txtdeal'

2018-06-10 22:10:14 - [MESSAGE][PASSED] - Text '1.0' is set on object 'Object Repository/MOH AND GRN/Page_KDMC - CMS/input_txtdeal'

2018-06-10 22:10:14 - [TEST_STEP][PASSED] - setText: Finding Test Object with id 'Object Repository/MOH AND GRN/Page_KDMC - CMS/input_txtbatchno'

2018-06-10 22:10:14 - [TEST_STEP][PASSED] - Statement - switch (id): Finding Test Object with id 'Object Repository/MOH AND GRN/Page_KDMC - CMS/input_txtmrp'

2018-06-10 22:10:14 - [TEST_STEP][PASSED] - Statement - case 1:: Text 'BA556.0' is set on object 'Object Repository/MOH AND GRN/Page_KDMC - CMS/input_txtbatchno'

2018-06-10 22:10:14 - [TEST_STEP][PASSED] - Statement - return (java.lang.Math.floor((java.lang.Math.random() * ((max - min) + 1))) + min): Text 'BA556.0' is set on object 'Object Repository/MOH AND GRN/Page_KDMC - CMS/input_txtbatchno'

2018-06-10 22:10:14 - [MESSAGE][PASSED] - Text 'BA556.0' is set on object 'Object Repository/MOH AND GRN/Page_KDMC - CMS/input_txtbatchno'

2018-06-10 22:10:14 - [TEST_STEP][PASSED] - rightClick: Object: 'Object Repository/GRN/Page_KDMC - CMS/input_txtexpdate' is right clicked on

2018-06-10 22:10:14 - [MESSAGE][PASSED] - Object: 'Object Repository/GRN/Page_KDMC - CMS/input_txtexpdate' is right clicked on

2018-06-10 22:10:14 - [TEST_STEP][PASSED] - selectOptionByIndex: All options with index in [10] are selected on object 'Object Repository/GRN/Page_KDMC - CMS/select_20182019202020212022202'

2018-06-10 22:10:14 - [MESSAGE][PASSED] - All options with index in [10] are selected on object 'Object Repository/GRN/Page_KDMC - CMS/select_20182019202020212022202'

2018-06-10 22:10:14 - [TEST_STEP][PASSED] - selectOptionByIndex: All options with index in [10] are selected on object 'Object Repository/GRN/Page_KDMC - CMS/select_JanFebMarAprMayJunJulAu'

2018-06-10 22:10:14 - [MESSAGE][PASSED] - All options with index in [10] are selected on object 'Object Repository/GRN/Page_KDMC - CMS/select_JanFebMarAprMayJunJulAu'

2018-06-10 22:10:14 - [TEST_STEP][PASSED] - click: Object: 'Object Repository/MOH AND GRN/Page_KDMC - CMS/a_12' is clicked on

2018-06-10 22:10:14 - [MESSAGE][PASSED] - Object: 'Object Repository/MOH AND GRN/Page_KDMC - CMS/a_12' is clicked on

2018-06-10 22:10:14 - [TEST_STEP][PASSED] - click: Object: 'Object Repository/MOH AND GRN/Page_KDMC - CMS/input_btnadd' is clicked on

2018-06-10 22:10:14 - [MESSAGE][PASSED] - Object: 'Object Repository/MOH AND GRN/Page_KDMC - CMS/input_btnadd' is clicked on

2018-06-10 22:10:14 - [TEST_STEP][PASSED] - Statement - If (s == 10): null

2018-06-10 22:10:14 - [TEST_STEP][PASSED] - Statement - s = 1: null

2018-06-10 22:10:14 - [TEST_STEP][PASSED] - delay: Delayed 1 second(s)

2018-06-10 22:10:15 - [MESSAGE][PASSED] - Delayed 1 second(s)

2018-06-10 22:10:15 - [TEST_STEP][PASSED] - selectOptionByIndex: All options with index in [51] are selected on object 'Object Repository/MOH AND GRN/Page_KDMC - CMS/select_--Select--Amikacin -500'

2018-06-10 22:10:16 - [MESSAGE][PASSED] - All options with index in [51] are selected on object 'Object Repository/MOH AND GRN/Page_KDMC - CMS/select_--Select--Amikacin -500'

2018-06-10 22:10:16 - [TEST_STEP][PASSED] - setText: Text '5000' is set on object 'Object Repository/MOH AND GRN/Page_KDMC - CMS/input_txtqty'

2018-06-10 22:10:16 - [MESSAGE][PASSED] - Text '5000' is set on object 'Object Repository/MOH AND GRN/Page_KDMC - CMS/input_txtqty'

2018-06-10 22:10:16 - [TEST_STEP][PASSED] - selectOptionByIndex: All options with index in [1] are selected on object 'Object Repository/MOH AND GRN/Page_KDMC - CMS/select_--Select--No Tax0'

2018-06-10 22:10:16 - [MESSAGE][PASSED] - All options with index in [1] are selected on object 'Object Repository/MOH AND GRN/Page_KDMC - CMS/select_--Select--No Tax0'

2018-06-10 22:10:16 - [TEST_STEP][PASSED] - setText: Finding Test Object with id 'Object Repository/MOH AND GRN/Page_KDMC - CMS/input_txtmrp'

2018-06-10 22:10:16 - [TEST_STEP][PASSED] - Statement - switch (id): Finding Test Object with id 'Object Repository/MOH AND GRN/Page_KDMC - CMS/input_txtdeal'

2018-06-10 22:10:16 - [TEST_STEP][PASSED] - Statement - case 4:: Text '16.0' is set on object 'Object Repository/MOH AND GRN/Page_KDMC - CMS/input_txtmrp'

2018-06-10 22:10:16 - [TEST_STEP][PASSED] - Statement - return (java.lang.Math.floor((java.lang.Math.random() * ((max - min) + 1))) + min): Text '16.0' is set on object 'Object Repository/MOH AND GRN/Page_KDMC - CMS/input_txtmrp'

2018-06-10 22:10:16 - [MESSAGE][PASSED] - Text '16.0' is set on object 'Object Repository/MOH AND GRN/Page_KDMC - CMS/input_txtmrp'

2018-06-10 22:10:16 - [TEST_STEP][PASSED] - setText: Finding Test Object with id 'Object Repository/MOH AND GRN/Page_KDMC - CMS/input_txtdeal'

2018-06-10 22:10:16 - [TEST_STEP][PASSED] - Statement - switch (id): Finding Test Object with id 'Object Repository/MOH AND GRN/Page_KDMC - CMS/input_txtbatchno'

2018-06-10 22:10:16 - [TEST_STEP][PASSED] - Statement - case 5:: Text '6.0' is set on object 'Object Repository/MOH AND GRN/Page_KDMC - CMS/input_txtdeal'

2018-06-10 22:10:16 - [TEST_STEP][PASSED] - Statement - return (java.lang.Math.floor((java.lang.Math.random() * ((max - min) + 1))) + min): Text '6.0' is set on object 'Object Repository/MOH AND GRN/Page_KDMC - CMS/input_txtdeal'

2018-06-10 22:10:17 - [MESSAGE][PASSED] - Text '6.0' is set on object 'Object Repository/MOH AND GRN/Page_KDMC - CMS/input_txtdeal'

2018-06-10 22:10:17 - [TEST_STEP][PASSED] - setText: Finding Test Object with id 'Object Repository/MOH AND GRN/Page_KDMC - CMS/input_txtbatchno'

2018-06-10 22:10:17 - [TEST_STEP][PASSED] - Statement - switch (id): Finding Test Object with id 'Object Repository/MOH AND GRN/Page_KDMC - CMS/input_txtmrp'

2018-06-10 22:10:17 - [TEST_STEP][PASSED] - Statement - case 1:: Text 'BA960.0' is set on object 'Object Repository/MOH AND GRN/Page_KDMC - CMS/input_txtbatchno'

2018-06-10 22:10:17 - [TEST_STEP][PASSED] - Statement - return (java.lang.Math.floor((java.lang.Math.random() * ((max - min) + 1))) + min): Text 'BA960.0' is set on object 'Object Repository/MOH AND GRN/Page_KDMC - CMS/input_txtbatchno'

2018-06-10 22:10:17 - [MESSAGE][PASSED] - Text 'BA960.0' is set on object 'Object Repository/MOH AND GRN/Page_KDMC - CMS/input_txtbatchno'

2018-06-10 22:10:17 - [TEST_STEP][PASSED] - rightClick: Object: 'Object Repository/GRN/Page_KDMC - CMS/input_txtexpdate' is right clicked on

2018-06-10 22:10:17 - [MESSAGE][PASSED] - Object: 'Object Repository/GRN/Page_KDMC - CMS/input_txtexpdate' is right clicked on

2018-06-10 22:10:17 - [TEST_STEP][PASSED] - selectOptionByIndex: All options with index in [1] are selected on object 'Object Repository/GRN/Page_KDMC - CMS/select_20182019202020212022202'

2018-06-10 22:10:17 - [MESSAGE][PASSED] - All options with index in [1] are selected on object 'Object Repository/GRN/Page_KDMC - CMS/select_20182019202020212022202'

2018-06-10 22:10:17 - [TEST_STEP][PASSED] - selectOptionByIndex: All options with index in [1] are selected on object 'Object Repository/GRN/Page_KDMC - CMS/select_JanFebMarAprMayJunJulAu'

2018-06-10 22:10:17 - [MESSAGE][PASSED] - All options with index in [1] are selected on object 'Object Repository/GRN/Page_KDMC - CMS/select_JanFebMarAprMayJunJulAu'

2018-06-10 22:10:17 - [TEST_STEP][PASSED] - click: Object: 'Object Repository/MOH AND GRN/Page_KDMC - CMS/a_12' is clicked on

2018-06-10 22:10:17 - [MESSAGE][PASSED] - Object: 'Object Repository/MOH AND GRN/Page_KDMC - CMS/a_12' is clicked on

2018-06-10 22:10:17 - [TEST_STEP][PASSED] - click: Object: 'Object Repository/MOH AND GRN/Page_KDMC - CMS/input_btnadd' is clicked on

2018-06-10 22:10:17 - [MESSAGE][PASSED] - Object: 'Object Repository/MOH AND GRN/Page_KDMC - CMS/input_btnadd' is clicked on

2018-06-10 22:10:17 - [TEST_STEP][PASSED] - Statement - If (s == 10): null

2018-06-10 22:10:17 - [TEST_STEP][PASSED] - Statement - Else: null

2018-06-10 22:10:17 - [TEST_STEP][PASSED] - Statement - (s++): null

2018-06-10 22:10:17 - [TEST_STEP][PASSED] - delay: Delayed 1 second(s)

2018-06-10 22:10:18 - [MESSAGE][PASSED] - Delayed 1 second(s)

2018-06-10 22:10:18 - [TEST_STEP][PASSED] - selectOptionByIndex: All options with index in [52] are selected on object 'Object Repository/MOH AND GRN/Page_KDMC - CMS/select_--Select--Amikacin -500'

2018-06-10 22:10:19 - [MESSAGE][PASSED] - All options with index in [52] are selected on object 'Object Repository/MOH AND GRN/Page_KDMC - CMS/select_--Select--Amikacin -500'

2018-06-10 22:10:19 - [TEST_STEP][PASSED] - setText: Text '5000' is set on object 'Object Repository/MOH AND GRN/Page_KDMC - CMS/input_txtqty'

2018-06-10 22:10:19 - [MESSAGE][PASSED] - Text '5000' is set on object 'Object Repository/MOH AND GRN/Page_KDMC - CMS/input_txtqty'

2018-06-10 22:10:19 - [TEST_STEP][PASSED] - selectOptionByIndex: All options with index in [1] are selected on object 'Object Repository/MOH AND GRN/Page_KDMC - CMS/select_--Select--No Tax0'

2018-06-10 22:10:19 - [MESSAGE][PASSED] - All options with index in [1] are selected on object 'Object Repository/MOH AND GRN/Page_KDMC - CMS/select_--Select--No Tax0'

2018-06-10 22:10:19 - [TEST_STEP][PASSED] - setText: Finding Test Object with id 'Object Repository/MOH AND GRN/Page_KDMC - CMS/input_txtmrp'

2018-06-10 22:10:19 - [TEST_STEP][PASSED] - Statement - switch (id): Finding Test Object with id 'Object Repository/MOH AND GRN/Page_KDMC - CMS/input_txtdeal'

2018-06-10 22:10:19 - [TEST_STEP][PASSED] - Statement - case 4:: Text '17.0' is set on object 'Object Repository/MOH AND GRN/Page_KDMC - CMS/input_txtmrp'

2018-06-10 22:10:19 - [TEST_STEP][PASSED] - Statement - return (java.lang.Math.floor((java.lang.Math.random() * ((max - min) + 1))) + min): Text '17.0' is set on object 'Object Repository/MOH AND GRN/Page_KDMC - CMS/input_txtmrp'

2018-06-10 22:10:19 - [MESSAGE][PASSED] - Text '17.0' is set on object 'Object Repository/MOH AND GRN/Page_KDMC - CMS/input_txtmrp'

2018-06-10 22:10:19 - [TEST_STEP][PASSED] - setText: Finding Test Object with id 'Object Repository/MOH AND GRN/Page_KDMC - CMS/input_txtdeal'

2018-06-10 22:10:19 - [TEST_STEP][PASSED] - Statement - switch (id): Finding Test Object with id 'Object Repository/MOH AND GRN/Page_KDMC - CMS/input_txtbatchno'

2018-06-10 22:10:19 - [TEST_STEP][PASSED] - Statement - case 5:: Text '4.0' is set on object 'Object Repository/MOH AND GRN/Page_KDMC - CMS/input_txtdeal'

2018-06-10 22:10:19 - [TEST_STEP][PASSED] - Statement - return (java.lang.Math.floor((java.lang.Math.random() * ((max - min) + 1))) + min): Text '4.0' is set on object 'Object Repository/MOH AND GRN/Page_KDMC - CMS/input_txtdeal'

2018-06-10 22:10:19 - [MESSAGE][PASSED] - Text '4.0' is set on object 'Object Repository/MOH AND GRN/Page_KDMC - CMS/input_txtdeal'

2018-06-10 22:10:19 - [TEST_STEP][PASSED] - setText: Finding Test Object with id 'Object Repository/MOH AND GRN/Page_KDMC - CMS/input_txtbatchno'

2018-06-10 22:10:19 - [TEST_STEP][PASSED] - Statement - switch (id): Finding Test Object with id 'Object Repository/MOH AND GRN/Page_KDMC - CMS/input_txtmrp'

2018-06-10 22:10:19 - [TEST_STEP][PASSED] - Statement - case 1:: Text 'BA698.0' is set on object 'Object Repository/MOH AND GRN/Page_KDMC - CMS/input_txtbatchno'

2018-06-10 22:10:19 - [TEST_STEP][PASSED] - Statement - return (java.lang.Math.floor((java.lang.Math.random() * ((max - min) + 1))) + min): Text 'BA698.0' is set on object 'Object Repository/MOH AND GRN/Page_KDMC - CMS/input_txtbatchno'

2018-06-10 22:10:20 - [MESSAGE][PASSED] - Text 'BA698.0' is set on object 'Object Repository/MOH AND GRN/Page_KDMC - CMS/input_txtbatchno'

2018-06-10 22:10:20 - [TEST_STEP][PASSED] - rightClick: Object: 'Object Repository/GRN/Page_KDMC - CMS/input_txtexpdate' is right clicked on

2018-06-10 22:10:20 - [MESSAGE][PASSED] - Object: 'Object Repository/GRN/Page_KDMC - CMS/input_txtexpdate' is right clicked on

2018-06-10 22:10:20 - [TEST_STEP][PASSED] - selectOptionByIndex: All options with index in [2] are selected on object 'Object Repository/GRN/Page_KDMC - CMS/select_20182019202020212022202'

2018-06-10 22:10:20 - [MESSAGE][PASSED] - All options with index in [2] are selected on object 'Object Repository/GRN/Page_KDMC - CMS/select_20182019202020212022202'

2018-06-10 22:10:20 - [TEST_STEP][PASSED] - selectOptionByIndex: All options with index in [2] are selected on object 'Object Repository/GRN/Page_KDMC - CMS/select_JanFebMarAprMayJunJulAu'

2018-06-10 22:10:20 - [MESSAGE][PASSED] - All options with index in [2] are selected on object 'Object Repository/GRN/Page_KDMC - CMS/select_JanFebMarAprMayJunJulAu'

2018-06-10 22:10:20 - [TEST_STEP][PASSED] - click: Object: 'Object Repository/MOH AND GRN/Page_KDMC - CMS/a_12' is clicked on

2018-06-10 22:10:20 - [MESSAGE][PASSED] - Object: 'Object Repository/MOH AND GRN/Page_KDMC - CMS/a_12' is clicked on

2018-06-10 22:10:20 - [TEST_STEP][PASSED] - click: Object: 'Object Repository/MOH AND GRN/Page_KDMC - CMS/input_btnadd' is clicked on

2018-06-10 22:10:20 - [MESSAGE][PASSED] - Object: 'Object Repository/MOH AND GRN/Page_KDMC - CMS/input_btnadd' is clicked on

2018-06-10 22:10:20 - [TEST_STEP][PASSED] - Statement - If (s == 10): null

2018-06-10 22:10:20 - [TEST_STEP][PASSED] - Statement - Else: null

2018-06-10 22:10:20 - [TEST_STEP][PASSED] - Statement - (s++): null

2018-06-10 22:10:20 - [TEST_STEP][PASSED] - delay: Delayed 1 second(s)

2018-06-10 22:10:21 - [MESSAGE][PASSED] - Delayed 1 second(s)

2018-06-10 22:10:21 - [TEST_STEP][PASSED] - selectOptionByIndex: All options with index in [53] are selected on object 'Object Repository/MOH AND GRN/Page_KDMC - CMS/select_--Select--Amikacin -500'

2018-06-10 22:10:22 - [MESSAGE][PASSED] - All options with index in [53] are selected on object 'Object Repository/MOH AND GRN/Page_KDMC - CMS/select_--Select--Amikacin -500'

2018-06-10 22:10:22 - [TEST_STEP][PASSED] - setText: Text '5000' is set on object 'Object Repository/MOH AND GRN/Page_KDMC - CMS/input_txtqty'

2018-06-10 22:10:22 - [MESSAGE][PASSED] - Text '5000' is set on object 'Object Repository/MOH AND GRN/Page_KDMC - CMS/input_txtqty'

2018-06-10 22:10:22 - [TEST_STEP][PASSED] - selectOptionByIndex: All options with index in [1] are selected on object 'Object Repository/MOH AND GRN/Page_KDMC - CMS/select_--Select--No Tax0'

2018-06-10 22:10:22 - [MESSAGE][PASSED] - All options with index in [1] are selected on object 'Object Repository/MOH AND GRN/Page_KDMC - CMS/select_--Select--No Tax0'

2018-06-10 22:10:22 - [TEST_STEP][PASSED] - setText: Finding Test Object with id 'Object Repository/MOH AND GRN/Page_KDMC - CMS/input_txtmrp'

2018-06-10 22:10:22 - [TEST_STEP][PASSED] - Statement - switch (id): Finding Test Object with id 'Object Repository/MOH AND GRN/Page_KDMC - CMS/input_txtdeal'

2018-06-10 22:10:22 - [TEST_STEP][PASSED] - Statement - case 4:: Text '15.0' is set on object 'Object Repository/MOH AND GRN/Page_KDMC - CMS/input_txtmrp'

2018-06-10 22:10:22 - [TEST_STEP][PASSED] - Statement - return (java.lang.Math.floor((java.lang.Math.random() * ((max - min) + 1))) + min): Text '15.0' is set on object 'Object Repository/MOH AND GRN/Page_KDMC - CMS/input_txtmrp'

2018-06-10 22:10:22 - [MESSAGE][PASSED] - Text '15.0' is set on object 'Object Repository/MOH AND GRN/Page_KDMC - CMS/input_txtmrp'

2018-06-10 22:10:22 - [TEST_STEP][PASSED] - setText: Finding Test Object with id 'Object Repository/MOH AND GRN/Page_KDMC - CMS/input_txtdeal'

2018-06-10 22:10:22 - [TEST_STEP][PASSED] - Statement - switch (id): Finding Test Object with id 'Object Repository/MOH AND GRN/Page_KDMC - CMS/input_txtbatchno'

2018-06-10 22:10:22 - [TEST_STEP][PASSED] - Statement - case 5:: Text '10.0' is set on object 'Object Repository/MOH AND GRN/Page_KDMC - CMS/input_txtdeal'

2018-06-10 22:10:22 - [TEST_STEP][PASSED] - Statement - return (java.lang.Math.floor((java.lang.Math.random() * ((max - min) + 1))) + min): Text '10.0' is set on object 'Object Repository/MOH AND GRN/Page_KDMC - CMS/input_txtdeal'

2018-06-10 22:10:22 - [MESSAGE][PASSED] - Text '10.0' is set on object 'Object Repository/MOH AND GRN/Page_KDMC - CMS/input_txtdeal'

2018-06-10 22:10:22 - [TEST_STEP][PASSED] - setText: Finding Test Object with id 'Object Repository/MOH AND GRN/Page_KDMC - CMS/input_txtbatchno'

2018-06-10 22:10:22 - [TEST_STEP][PASSED] - Statement - switch (id): Finding Test Object with id 'Object Repository/MOH AND GRN/Page_KDMC - CMS/input_txtmrp'

2018-06-10 22:10:22 - [TEST_STEP][PASSED] - Statement - case 1:: Text 'BA276.0' is set on object 'Object Repository/MOH AND GRN/Page_KDMC - CMS/input_txtbatchno'

2018-06-10 22:10:22 - [TEST_STEP][PASSED] - Statement - return (java.lang.Math.floor((java.lang.Math.random() * ((max - min) + 1))) + min): Text 'BA276.0' is set on object 'Object Repository/MOH AND GRN/Page_KDMC - CMS/input_txtbatchno'

2018-06-10 22:10:22 - [MESSAGE][PASSED] - Text 'BA276.0' is set on object 'Object Repository/MOH AND GRN/Page_KDMC - CMS/input_txtbatchno'

2018-06-10 22:10:22 - [TEST_STEP][PASSED] - rightClick: Object: 'Object Repository/GRN/Page_KDMC - CMS/input_txtexpdate' is right clicked on

2018-06-10 22:10:22 - [MESSAGE][PASSED] - Object: 'Object Repository/GRN/Page_KDMC - CMS/input_txtexpdate' is right clicked on

2018-06-10 22:10:22 - [TEST_STEP][PASSED] - selectOptionByIndex: All options with index in [3] are selected on object 'Object Repository/GRN/Page_KDMC - CMS/select_20182019202020212022202'

2018-06-10 22:10:23 - [MESSAGE][PASSED] - All options with index in [3] are selected on object 'Object Repository/GRN/Page_KDMC - CMS/select_20182019202020212022202'

2018-06-10 22:10:23 - [TEST_STEP][PASSED] - selectOptionByIndex: All options with index in [3] are selected on object 'Object Repository/GRN/Page_KDMC - CMS/select_JanFebMarAprMayJunJulAu'

2018-06-10 22:10:23 - [MESSAGE][PASSED] - All options with index in [3] are selected on object 'Object Repository/GRN/Page_KDMC - CMS/select_JanFebMarAprMayJunJulAu'

2018-06-10 22:10:23 - [TEST_STEP][PASSED] - click: Object: 'Object Repository/MOH AND GRN/Page_KDMC - CMS/a_12' is clicked on

2018-06-10 22:10:23 - [MESSAGE][PASSED] - Object: 'Object Repository/MOH AND GRN/Page_KDMC - CMS/a_12' is clicked on

2018-06-10 22:10:23 - [TEST_STEP][PASSED] - click: Object: 'Object Repository/MOH AND GRN/Page_KDMC - CMS/input_btnadd' is clicked on

2018-06-10 22:10:23 - [MESSAGE][PASSED] - Object: 'Object Repository/MOH AND GRN/Page_KDMC - CMS/input_btnadd' is clicked on

2018-06-10 22:10:23 - [TEST_STEP][PASSED] - Statement - If (s == 10): null

2018-06-10 22:10:23 - [TEST_STEP][PASSED] - Statement - Else: null

2018-06-10 22:10:23 - [TEST_STEP][PASSED] - Statement - (s++): null

2018-06-10 22:10:23 - [TEST_STEP][PASSED] - delay: Delayed 1 second(s)

2018-06-10 22:10:24 - [MESSAGE][PASSED] - Delayed 1 second(s)

2018-06-10 22:10:24 - [TEST_STEP][PASSED] - selectOptionByIndex: All options with index in [54] are selected on object 'Object Repository/MOH AND GRN/Page_KDMC - CMS/select_--Select--Amikacin -500'

2018-06-10 22:10:25 - [MESSAGE][PASSED] - All options with index in [54] are selected on object 'Object Repository/MOH AND GRN/Page_KDMC - CMS/select_--Select--Amikacin -500'

2018-06-10 22:10:25 - [TEST_STEP][PASSED] - setText: Text '5000' is set on object 'Object Repository/MOH AND GRN/Page_KDMC - CMS/input_txtqty'

2018-06-10 22:10:25 - [MESSAGE][PASSED] - Text '5000' is set on object 'Object Repository/MOH AND GRN/Page_KDMC - CMS/input_txtqty'

2018-06-10 22:10:25 - [TEST_STEP][PASSED] - selectOptionByIndex: All options with index in [1] are selected on object 'Object Repository/MOH AND GRN/Page_KDMC - CMS/select_--Select--No Tax0'

2018-06-10 22:10:25 - [MESSAGE][PASSED] - All options with index in [1] are selected on object 'Object Repository/MOH AND GRN/Page_KDMC - CMS/select_--Select--No Tax0'

2018-06-10 22:10:25 - [TEST_STEP][PASSED] - setText: Finding Test Object with id 'Object Repository/MOH AND GRN/Page_KDMC - CMS/input_txtmrp'

2018-06-10 22:10:25 - [TEST_STEP][PASSED] - Statement - switch (id): Finding Test Object with id 'Object Repository/MOH AND GRN/Page_KDMC - CMS/input_txtdeal'

2018-06-10 22:10:25 - [TEST_STEP][PASSED] - Statement - case 4:: Text '36.0' is set on object 'Object Repository/MOH AND GRN/Page_KDMC - CMS/input_txtmrp'

2018-06-10 22:10:25 - [TEST_STEP][PASSED] - Statement - return (java.lang.Math.floor((java.lang.Math.random() * ((max - min) + 1))) + min): Text '36.0' is set on object 'Object Repository/MOH AND GRN/Page_KDMC - CMS/input_txtmrp'

2018-06-10 22:10:25 - [MESSAGE][PASSED] - Text '36.0' is set on object 'Object Repository/MOH AND GRN/Page_KDMC - CMS/input_txtmrp'

2018-06-10 22:10:25 - [TEST_STEP][PASSED] - setText: Finding Test Object with id 'Object Repository/MOH AND GRN/Page_KDMC - CMS/input_txtdeal'

2018-06-10 22:10:25 - [TEST_STEP][PASSED] - Statement - switch (id): Finding Test Object with id 'Object Repository/MOH AND GRN/Page_KDMC - CMS/input_txtbatchno'

2018-06-10 22:10:25 - [TEST_STEP][PASSED] - Statement - case 5:: Text '1.0' is set on object 'Object Repository/MOH AND GRN/Page_KDMC - CMS/input_txtdeal'

2018-06-10 22:10:25 - [TEST_STEP][PASSED] - Statement - return (java.lang.Math.floor((java.lang.Math.random() * ((max - min) + 1))) + min): Text '1.0' is set on object 'Object Repository/MOH AND GRN/Page_KDMC - CMS/input_txtdeal'

2018-06-10 22:10:25 - [MESSAGE][PASSED] - Text '1.0' is set on object 'Object Repository/MOH AND GRN/Page_KDMC - CMS/input_txtdeal'

2018-06-10 22:10:25 - [TEST_STEP][PASSED] - setText: Finding Test Object with id 'Object Repository/MOH AND GRN/Page_KDMC - CMS/input_txtbatchno'

2018-06-10 22:10:25 - [TEST_STEP][PASSED] - Statement - switch (id): Finding Test Object with id 'Object Repository/MOH AND GRN/Page_KDMC - CMS/input_txtmrp'

2018-06-10 22:10:25 - [TEST_STEP][PASSED] - Statement - case 1:: Text 'BA497.0' is set on object 'Object Repository/MOH AND GRN/Page_KDMC - CMS/input_txtbatchno'

2018-06-10 22:10:25 - [TEST_STEP][PASSED] - Statement - return (java.lang.Math.floor((java.lang.Math.random() * ((max - min) + 1))) + min): Text 'BA497.0' is set on object 'Object Repository/MOH AND GRN/Page_KDMC - CMS/input_txtbatchno'

2018-06-10 22:10:25 - [MESSAGE][PASSED] - Text 'BA497.0' is set on object 'Object Repository/MOH AND GRN/Page_KDMC - CMS/input_txtbatchno'

2018-06-10 22:10:25 - [TEST_STEP][PASSED] - rightClick: Object: 'Object Repository/GRN/Page_KDMC - CMS/input_txtexpdate' is right clicked on

2018-06-10 22:10:25 - [MESSAGE][PASSED] - Object: 'Object Repository/GRN/Page_KDMC - CMS/input_txtexpdate' is right clicked on

2018-06-10 22:10:25 - [TEST_STEP][PASSED] - selectOptionByIndex: All options with index in [4] are selected on object 'Object Repository/GRN/Page_KDMC - CMS/select_20182019202020212022202'

2018-06-10 22:10:26 - [MESSAGE][PASSED] - All options with index in [4] are selected on object 'Object Repository/GRN/Page_KDMC - CMS/select_20182019202020212022202'

2018-06-10 22:10:26 - [TEST_STEP][PASSED] - selectOptionByIndex: All options with index in [4] are selected on object 'Object Repository/GRN/Page_KDMC - CMS/select_JanFebMarAprMayJunJulAu'

2018-06-10 22:10:26 - [MESSAGE][PASSED] - All options with index in [4] are selected on object 'Object Repository/GRN/Page_KDMC - CMS/select_JanFebMarAprMayJunJulAu'

2018-06-10 22:10:26 - [TEST_STEP][PASSED] - click: Object: 'Object Repository/MOH AND GRN/Page_KDMC - CMS/a_12' is clicked on

2018-06-10 22:10:26 - [MESSAGE][PASSED] - Object: 'Object Repository/MOH AND GRN/Page_KDMC - CMS/a_12' is clicked on

2018-06-10 22:10:26 - [TEST_STEP][PASSED] - click: Object: 'Object Repository/MOH AND GRN/Page_KDMC - CMS/input_btnadd' is clicked on

2018-06-10 22:10:26 - [MESSAGE][PASSED] - Object: 'Object Repository/MOH AND GRN/Page_KDMC - CMS/input_btnadd' is clicked on

2018-06-10 22:10:26 - [TEST_STEP][PASSED] - Statement - If (s == 10): null

2018-06-10 22:10:26 - [TEST_STEP][PASSED] - Statement - Else: null

2018-06-10 22:10:26 - [TEST_STEP][PASSED] - Statement - (s++): null

2018-06-10 22:10:26 - [TEST_STEP][PASSED] - delay: Delayed 1 second(s)

2018-06-10 22:10:27 - [MESSAGE][PASSED] - Delayed 1 second(s)

2018-06-10 22:10:27 - [TEST_STEP][PASSED] - selectOptionByIndex: All options with index in [55] are selected on object 'Object Repository/MOH AND GRN/Page_KDMC - CMS/select_--Select--Amikacin -500'

2018-06-10 22:10:28 - [MESSAGE][PASSED] - All options with index in [55] are selected on object 'Object Repository/MOH AND GRN/Page_KDMC - CMS/select_--Select--Amikacin -500'

2018-06-10 22:10:28 - [TEST_STEP][PASSED] - setText: Text '5000' is set on object 'Object Repository/MOH AND GRN/Page_KDMC - CMS/input_txtqty'

2018-06-10 22:10:28 - [MESSAGE][PASSED] - Text '5000' is set on object 'Object Repository/MOH AND GRN/Page_KDMC - CMS/input_txtqty'

2018-06-10 22:10:28 - [TEST_STEP][PASSED] - selectOptionByIndex: All options with index in [1] are selected on object 'Object Repository/MOH AND GRN/Page_KDMC - CMS/select_--Select--No Tax0'

2018-06-10 22:10:28 - [MESSAGE][PASSED] - All options with index in [1] are selected on object 'Object Repository/MOH AND GRN/Page_KDMC - CMS/select_--Select--No Tax0'

2018-06-10 22:10:28 - [TEST_STEP][PASSED] - setText: Finding Test Object with id 'Object Repository/MOH AND GRN/Page_KDMC - CMS/input_txtmrp'

2018-06-10 22:10:28 - [TEST_STEP][PASSED] - Statement - switch (id): Finding Test Object with id 'Object Repository/MOH AND GRN/Page_KDMC - CMS/input_txtdeal'

2018-06-10 22:10:28 - [TEST_STEP][PASSED] - Statement - case 4:: Text '25.0' is set on object 'Object Repository/MOH AND GRN/Page_KDMC - CMS/input_txtmrp'

2018-06-10 22:10:28 - [TEST_STEP][PASSED] - Statement - return (java.lang.Math.floor((java.lang.Math.random() * ((max - min) + 1))) + min): Text '25.0' is set on object 'Object Repository/MOH AND GRN/Page_KDMC - CMS/input_txtmrp'

2018-06-10 22:10:28 - [MESSAGE][PASSED] - Text '25.0' is set on object 'Object Repository/MOH AND GRN/Page_KDMC - CMS/input_txtmrp'

2018-06-10 22:10:28 - [TEST_STEP][PASSED] - setText: Finding Test Object with id 'Object Repository/MOH AND GRN/Page_KDMC - CMS/input_txtdeal'

2018-06-10 22:10:28 - [TEST_STEP][PASSED] - Statement - switch (id): Finding Test Object with id 'Object Repository/MOH AND GRN/Page_KDMC - CMS/input_txtbatchno'

2018-06-10 22:10:28 - [TEST_STEP][PASSED] - Statement - case 5:: Text '7.0' is set on object 'Object Repository/MOH AND GRN/Page_KDMC - CMS/input_txtdeal'

2018-06-10 22:10:28 - [TEST_STEP][PASSED] - Statement - return (java.lang.Math.floor((java.lang.Math.random() * ((max - min) + 1))) + min): Text '7.0' is set on object 'Object Repository/MOH AND GRN/Page_KDMC - CMS/input_txtdeal'

2018-06-10 22:10:28 - [MESSAGE][PASSED] - Text '7.0' is set on object 'Object Repository/MOH AND GRN/Page_KDMC - CMS/input_txtdeal'

2018-06-10 22:10:28 - [TEST_STEP][PASSED] - setText: Finding Test Object with id 'Object Repository/MOH AND GRN/Page_KDMC - CMS/input_txtbatchno'

2018-06-10 22:10:28 - [TEST_STEP][PASSED] - Statement - switch (id): Finding Test Object with id 'Object Repository/MOH AND GRN/Page_KDMC - CMS/input_txtmrp'

2018-06-10 22:10:28 - [TEST_STEP][PASSED] - Statement - case 1:: Text 'BA936.0' is set on object 'Object Repository/MOH AND GRN/Page_KDMC - CMS/input_txtbatchno'

2018-06-10 22:10:28 - [TEST_STEP][PASSED] - Statement - return (java.lang.Math.floor((java.lang.Math.random() * ((max - min) + 1))) + min): Text 'BA936.0' is set on object 'Object Repository/MOH AND GRN/Page_KDMC - CMS/input_txtbatchno'

2018-06-10 22:10:28 - [MESSAGE][PASSED] - Text 'BA936.0' is set on object 'Object Repository/MOH AND GRN/Page_KDMC - CMS/input_txtbatchno'

2018-06-10 22:10:28 - [TEST_STEP][PASSED] - rightClick: Object: 'Object Repository/GRN/Page_KDMC - CMS/input_txtexpdate' is right clicked on

2018-06-10 22:10:28 - [MESSAGE][PASSED] - Object: 'Object Repository/GRN/Page_KDMC - CMS/input_txtexpdate' is right clicked on

2018-06-10 22:10:28 - [TEST_STEP][PASSED] - selectOptionByIndex: All options with index in [5] are selected on object 'Object Repository/GRN/Page_KDMC - CMS/select_20182019202020212022202'

2018-06-10 22:10:29 - [MESSAGE][PASSED] - All options with index in [5] are selected on object 'Object Repository/GRN/Page_KDMC - CMS/select_20182019202020212022202'

2018-06-10 22:10:29 - [TEST_STEP][PASSED] - selectOptionByIndex: All options with index in [5] are selected on object 'Object Repository/GRN/Page_KDMC - CMS/select_JanFebMarAprMayJunJulAu'

2018-06-10 22:10:29 - [MESSAGE][PASSED] - All options with index in [5] are selected on object 'Object Repository/GRN/Page_KDMC - CMS/select_JanFebMarAprMayJunJulAu'

2018-06-10 22:10:29 - [TEST_STEP][PASSED] - click: Object: 'Object Repository/MOH AND GRN/Page_KDMC - CMS/a_12' is clicked on

2018-06-10 22:10:29 - [MESSAGE][PASSED] - Object: 'Object Repository/MOH AND GRN/Page_KDMC - CMS/a_12' is clicked on

2018-06-10 22:10:29 - [TEST_STEP][PASSED] - click: Object: 'Object Repository/MOH AND GRN/Page_KDMC - CMS/input_btnadd' is clicked on

2018-06-10 22:10:29 - [MESSAGE][PASSED] - Object: 'Object Repository/MOH AND GRN/Page_KDMC - CMS/input_btnadd' is clicked on

2018-06-10 22:10:29 - [TEST_STEP][PASSED] - Statement - If (s == 10): null

2018-06-10 22:10:29 - [TEST_STEP][PASSED] - Statement - Else: null

2018-06-10 22:10:29 - [TEST_STEP][PASSED] - Statement - (s++): null

2018-06-10 22:10:29 - [TEST_STEP][PASSED] - delay: Delayed 1 second(s)

2018-06-10 22:10:30 - [MESSAGE][PASSED] - Delayed 1 second(s)

2018-06-10 22:10:30 - [TEST_STEP][PASSED] - selectOptionByIndex: All options with index in [56] are selected on object 'Object Repository/MOH AND GRN/Page_KDMC - CMS/select_--Select--Amikacin -500'

2018-06-10 22:10:31 - [MESSAGE][PASSED] - All options with index in [56] are selected on object 'Object Repository/MOH AND GRN/Page_KDMC - CMS/select_--Select--Amikacin -500'

2018-06-10 22:10:31 - [TEST_STEP][PASSED] - setText: Text '5000' is set on object 'Object Repository/MOH AND GRN/Page_KDMC - CMS/input_txtqty'

2018-06-10 22:10:31 - [MESSAGE][PASSED] - Text '5000' is set on object 'Object Repository/MOH AND GRN/Page_KDMC - CMS/input_txtqty'

2018-06-10 22:10:31 - [TEST_STEP][PASSED] - selectOptionByIndex: All options with index in [1] are selected on object 'Object Repository/MOH AND GRN/Page_KDMC - CMS/select_--Select--No Tax0'

2018-06-10 22:10:31 - [MESSAGE][PASSED] - All options with index in [1] are selected on object 'Object Repository/MOH AND GRN/Page_KDMC - CMS/select_--Select--No Tax0'

2018-06-10 22:10:31 - [TEST_STEP][PASSED] - setText: Finding Test Object with id 'Object Repository/MOH AND GRN/Page_KDMC - CMS/input_txtmrp'

2018-06-10 22:10:31 - [TEST_STEP][PASSED] - Statement - switch (id): Finding Test Object with id 'Object Repository/MOH AND GRN/Page_KDMC - CMS/input_txtdeal'

2018-06-10 22:10:31 - [TEST_STEP][PASSED] - Statement - case 4:: Text '29.0' is set on object 'Object Repository/MOH AND GRN/Page_KDMC - CMS/input_txtmrp'

2018-06-10 22:10:31 - [TEST_STEP][PASSED] - Statement - return (java.lang.Math.floor((java.lang.Math.random() * ((max - min) + 1))) + min): Text '29.0' is set on object 'Object Repository/MOH AND GRN/Page_KDMC - CMS/input_txtmrp'

2018-06-10 22:10:31 - [MESSAGE][PASSED] - Text '29.0' is set on object 'Object Repository/MOH AND GRN/Page_KDMC - CMS/input_txtmrp'

2018-06-10 22:10:31 - [TEST_STEP][PASSED] - setText: Finding Test Object with id 'Object Repository/MOH AND GRN/Page_KDMC - CMS/input_txtdeal'

2018-06-10 22:10:31 - [TEST_STEP][PASSED] - Statement - switch (id): Finding Test Object with id 'Object Repository/MOH AND GRN/Page_KDMC - CMS/input_txtbatchno'

2018-06-10 22:10:31 - [TEST_STEP][PASSED] - Statement - case 5:: Text '4.0' is set on object 'Object Repository/MOH AND GRN/Page_KDMC - CMS/input_txtdeal'

2018-06-10 22:10:31 - [TEST_STEP][PASSED] - Statement - return (java.lang.Math.floor((java.lang.Math.random() * ((max - min) + 1))) + min): Text '4.0' is set on object 'Object Repository/MOH AND GRN/Page_KDMC - CMS/input_txtdeal'

2018-06-10 22:10:31 - [MESSAGE][PASSED] - Text '4.0' is set on object 'Object Repository/MOH AND GRN/Page_KDMC - CMS/input_txtdeal'

2018-06-10 22:10:31 - [TEST_STEP][PASSED] - setText: Finding Test Object with id 'Object Repository/MOH AND GRN/Page_KDMC - CMS/input_txtbatchno'

2018-06-10 22:10:31 - [TEST_STEP][PASSED] - Statement - switch (id): Finding Test Object with id 'Object Repository/MOH AND GRN/Page_KDMC - CMS/input_txtmrp'

2018-06-10 22:10:31 - [TEST_STEP][PASSED] - Statement - case 1:: Text 'BA966.0' is set on object 'Object Repository/MOH AND GRN/Page_KDMC - CMS/input_txtbatchno'

2018-06-10 22:10:31 - [TEST_STEP][PASSED] - Statement - return (java.lang.Math.floor((java.lang.Math.random() * ((max - min) + 1))) + min): Text 'BA966.0' is set on object 'Object Repository/MOH AND GRN/Page_KDMC - CMS/input_txtbatchno'

2018-06-10 22:10:31 - [MESSAGE][PASSED] - Text 'BA966.0' is set on object 'Object Repository/MOH AND GRN/Page_KDMC - CMS/input_txtbatchno'

2018-06-10 22:10:31 - [TEST_STEP][PASSED] - rightClick: Object: 'Object Repository/GRN/Page_KDMC - CMS/input_txtexpdate' is right clicked on

2018-06-10 22:10:31 - [MESSAGE][PASSED] - Object: 'Object Repository/GRN/Page_KDMC - CMS/input_txtexpdate' is right clicked on

2018-06-10 22:10:31 - [TEST_STEP][PASSED] - selectOptionByIndex: All options with index in [6] are selected on object 'Object Repository/GRN/Page_KDMC - CMS/select_20182019202020212022202'

2018-06-10 22:10:31 - [MESSAGE][PASSED] - All options with index in [6] are selected on object 'Object Repository/GRN/Page_KDMC - CMS/select_20182019202020212022202'

2018-06-10 22:10:31 - [TEST_STEP][PASSED] - selectOptionByIndex: All options with index in [6] are selected on object 'Object Repository/GRN/Page_KDMC - CMS/select_JanFebMarAprMayJunJulAu'

2018-06-10 22:10:32 - [MESSAGE][PASSED] - All options with index in [6] are selected on object 'Object Repository/GRN/Page_KDMC - CMS/select_JanFebMarAprMayJunJulAu'

2018-06-10 22:10:32 - [TEST_STEP][PASSED] - click: Object: 'Object Repository/MOH AND GRN/Page_KDMC - CMS/a_12' is clicked on

2018-06-10 22:10:32 - [MESSAGE][PASSED] - Object: 'Object Repository/MOH AND GRN/Page_KDMC - CMS/a_12' is clicked on

2018-06-10 22:10:32 - [TEST_STEP][PASSED] - click: Object: 'Object Repository/MOH AND GRN/Page_KDMC - CMS/input_btnadd' is clicked on

2018-06-10 22:10:32 - [MESSAGE][PASSED] - Object: 'Object Repository/MOH AND GRN/Page_KDMC - CMS/input_btnadd' is clicked on

2018-06-10 22:10:32 - [TEST_STEP][PASSED] - Statement - If (s == 10): null

2018-06-10 22:10:32 - [TEST_STEP][PASSED] - Statement - Else: null

2018-06-10 22:10:32 - [TEST_STEP][PASSED] - Statement - (s++): null

2018-06-10 22:10:32 - [TEST_STEP][PASSED] - delay: Delayed 1 second(s)

2018-06-10 22:10:33 - [MESSAGE][PASSED] - Delayed 1 second(s)

2018-06-10 22:10:33 - [TEST_STEP][PASSED] - selectOptionByIndex: All options with index in [57] are selected on object 'Object Repository/MOH AND GRN/Page_KDMC - CMS/select_--Select--Amikacin -500'

2018-06-10 22:10:33 - [MESSAGE][PASSED] - All options with index in [57] are selected on object 'Object Repository/MOH AND GRN/Page_KDMC - CMS/select_--Select--Amikacin -500'

2018-06-10 22:10:33 - [TEST_STEP][PASSED] - setText: Text '5000' is set on object 'Object Repository/MOH AND GRN/Page_KDMC - CMS/input_txtqty'

2018-06-10 22:10:34 - [MESSAGE][PASSED] - Text '5000' is set on object 'Object Repository/MOH AND GRN/Page_KDMC - CMS/input_txtqty'

2018-06-10 22:10:34 - [TEST_STEP][PASSED] - selectOptionByIndex: All options with index in [1] are selected on object 'Object Repository/MOH AND GRN/Page_KDMC - CMS/select_--Select--No Tax0'

2018-06-10 22:10:34 - [MESSAGE][PASSED] - All options with index in [1] are selected on object 'Object Repository/MOH AND GRN/Page_KDMC - CMS/select_--Select--No Tax0'

2018-06-10 22:10:34 - [TEST_STEP][PASSED] - setText: Finding Test Object with id 'Object Repository/MOH AND GRN/Page_KDMC - CMS/input_txtmrp'

2018-06-10 22:10:34 - [TEST_STEP][PASSED] - Statement - switch (id): Finding Test Object with id 'Object Repository/MOH AND GRN/Page_KDMC - CMS/input_txtdeal'

2018-06-10 22:10:34 - [TEST_STEP][PASSED] - Statement - case 4:: Text '41.0' is set on object 'Object Repository/MOH AND GRN/Page_KDMC - CMS/input_txtmrp'

2018-06-10 22:10:34 - [TEST_STEP][PASSED] - Statement - return (java.lang.Math.floor((java.lang.Math.random() * ((max - min) + 1))) + min): Text '41.0' is set on object 'Object Repository/MOH AND GRN/Page_KDMC - CMS/input_txtmrp'

2018-06-10 22:10:34 - [MESSAGE][PASSED] - Text '41.0' is set on object 'Object Repository/MOH AND GRN/Page_KDMC - CMS/input_txtmrp'

2018-06-10 22:10:34 - [TEST_STEP][PASSED] - setText: Finding Test Object with id 'Object Repository/MOH AND GRN/Page_KDMC - CMS/input_txtdeal'

2018-06-10 22:10:34 - [TEST_STEP][PASSED] - Statement - switch (id): Finding Test Object with id 'Object Repository/MOH AND GRN/Page_KDMC - CMS/input_txtbatchno'

2018-06-10 22:10:34 - [TEST_STEP][PASSED] - Statement - case 5:: Text '12.0' is set on object 'Object Repository/MOH AND GRN/Page_KDMC - CMS/input_txtdeal'

2018-06-10 22:10:34 - [TEST_STEP][PASSED] - Statement - return (java.lang.Math.floor((java.lang.Math.random() * ((max - min) + 1))) + min): Text '12.0' is set on object 'Object Repository/MOH AND GRN/Page_KDMC - CMS/input_txtdeal'

2018-06-10 22:10:34 - [MESSAGE][PASSED] - Text '12.0' is set on object 'Object Repository/MOH AND GRN/Page_KDMC - CMS/input_txtdeal'

2018-06-10 22:10:34 - [TEST_STEP][PASSED] - setText: Finding Test Object with id 'Object Repository/MOH AND GRN/Page_KDMC - CMS/input_txtbatchno'

2018-06-10 22:10:34 - [TEST_STEP][PASSED] - Statement - switch (id): Finding Test Object with id 'Object Repository/MOH AND GRN/Page_KDMC - CMS/input_txtmrp'

2018-06-10 22:10:34 - [TEST_STEP][PASSED] - Statement - case 1:: Text 'BA17.0' is set on object 'Object Repository/MOH AND GRN/Page_KDMC - CMS/input_txtbatchno'

2018-06-10 22:10:34 - [TEST_STEP][PASSED] - Statement - return (java.lang.Math.floor((java.lang.Math.random() * ((max - min) + 1))) + min): Text 'BA17.0' is set on object 'Object Repository/MOH AND GRN/Page_KDMC - CMS/input_txtbatchno'

2018-06-10 22:10:34 - [MESSAGE][PASSED] - Text 'BA17.0' is set on object 'Object Repository/MOH AND GRN/Page_KDMC - CMS/input_txtbatchno'

2018-06-10 22:10:34 - [TEST_STEP][PASSED] - rightClick: Object: 'Object Repository/GRN/Page_KDMC - CMS/input_txtexpdate' is right clicked on

2018-06-10 22:10:34 - [MESSAGE][PASSED] - Object: 'Object Repository/GRN/Page_KDMC - CMS/input_txtexpdate' is right clicked on

2018-06-10 22:10:34 - [TEST_STEP][PASSED] - selectOptionByIndex: All options with index in [7] are selected on object 'Object Repository/GRN/Page_KDMC - CMS/select_20182019202020212022202'

2018-06-10 22:10:34 - [MESSAGE][PASSED] - All options with index in [7] are selected on object 'Object Repository/GRN/Page_KDMC - CMS/select_20182019202020212022202'

2018-06-10 22:10:34 - [TEST_STEP][PASSED] - selectOptionByIndex: All options with index in [7] are selected on object 'Object Repository/GRN/Page_KDMC - CMS/select_JanFebMarAprMayJunJulAu'

2018-06-10 22:10:35 - [MESSAGE][PASSED] - All options with index in [7] are selected on object 'Object Repository/GRN/Page_KDMC - CMS/select_JanFebMarAprMayJunJulAu'

2018-06-10 22:10:35 - [TEST_STEP][PASSED] - click: Object: 'Object Repository/MOH AND GRN/Page_KDMC - CMS/a_12' is clicked on

2018-06-10 22:10:35 - [MESSAGE][PASSED] - Object: 'Object Repository/MOH AND GRN/Page_KDMC - CMS/a_12' is clicked on

2018-06-10 22:10:35 - [TEST_STEP][PASSED] - click: Object: 'Object Repository/MOH AND GRN/Page_KDMC - CMS/input_btnadd' is clicked on

2018-06-10 22:10:35 - [MESSAGE][PASSED] - Object: 'Object Repository/MOH AND GRN/Page_KDMC - CMS/input_btnadd' is clicked on

2018-06-10 22:10:35 - [TEST_STEP][PASSED] - Statement - If (s == 10): null

2018-06-10 22:10:35 - [TEST_STEP][PASSED] - Statement - Else: null

2018-06-10 22:10:35 - [TEST_STEP][PASSED] - Statement - (s++): null

2018-06-10 22:10:35 - [TEST_STEP][PASSED] - delay: Delayed 1 second(s)

2018-06-10 22:10:36 - [MESSAGE][PASSED] - Delayed 1 second(s)

2018-06-10 22:10:36 - [TEST_STEP][PASSED] - selectOptionByIndex: All options with index in [58] are selected on object 'Object Repository/MOH AND GRN/Page_KDMC - CMS/select_--Select--Amikacin -500'

2018-06-10 22:10:36 - [MESSAGE][PASSED] - All options with index in [58] are selected on object 'Object Repository/MOH AND GRN/Page_KDMC - CMS/select_--Select--Amikacin -500'

2018-06-10 22:10:36 - [TEST_STEP][PASSED] - setText: Text '5000' is set on object 'Object Repository/MOH AND GRN/Page_KDMC - CMS/input_txtqty'

2018-06-10 22:10:37 - [MESSAGE][PASSED] - Text '5000' is set on object 'Object Repository/MOH AND GRN/Page_KDMC - CMS/input_txtqty'

2018-06-10 22:10:37 - [TEST_STEP][PASSED] - selectOptionByIndex: All options with index in [1] are selected on object 'Object Repository/MOH AND GRN/Page_KDMC - CMS/select_--Select--No Tax0'

2018-06-10 22:10:37 - [MESSAGE][PASSED] - All options with index in [1] are selected on object 'Object Repository/MOH AND GRN/Page_KDMC - CMS/select_--Select--No Tax0'

2018-06-10 22:10:37 - [TEST_STEP][PASSED] - setText: Finding Test Object with id 'Object Repository/MOH AND GRN/Page_KDMC - CMS/input_txtmrp'

2018-06-10 22:10:37 - [TEST_STEP][PASSED] - Statement - switch (id): Finding Test Object with id 'Object Repository/MOH AND GRN/Page_KDMC - CMS/input_txtdeal'

2018-06-10 22:10:37 - [TEST_STEP][PASSED] - Statement - case 4:: Text '45.0' is set on object 'Object Repository/MOH AND GRN/Page_KDMC - CMS/input_txtmrp'

2018-06-10 22:10:37 - [TEST_STEP][PASSED] - Statement - return (java.lang.Math.floor((java.lang.Math.random() * ((max - min) + 1))) + min): Text '45.0' is set on object 'Object Repository/MOH AND GRN/Page_KDMC - CMS/input_txtmrp'

2018-06-10 22:10:37 - [MESSAGE][PASSED] - Text '45.0' is set on object 'Object Repository/MOH AND GRN/Page_KDMC - CMS/input_txtmrp'

2018-06-10 22:10:37 - [TEST_STEP][PASSED] - setText: Finding Test Object with id 'Object Repository/MOH AND GRN/Page_KDMC - CMS/input_txtdeal'

2018-06-10 22:10:37 - [TEST_STEP][PASSED] - Statement - switch (id): Finding Test Object with id 'Object Repository/MOH AND GRN/Page_KDMC - CMS/input_txtbatchno'

2018-06-10 22:10:37 - [TEST_STEP][PASSED] - Statement - case 5:: Text '5.0' is set on object 'Object Repository/MOH AND GRN/Page_KDMC - CMS/input_txtdeal'

2018-06-10 22:10:37 - [TEST_STEP][PASSED] - Statement - return (java.lang.Math.floor((java.lang.Math.random() * ((max - min) + 1))) + min): Text '5.0' is set on object 'Object Repository/MOH AND GRN/Page_KDMC - CMS/input_txtdeal'

2018-06-10 22:10:37 - [MESSAGE][PASSED] - Text '5.0' is set on object 'Object Repository/MOH AND GRN/Page_KDMC - CMS/input_txtdeal'

2018-06-10 22:10:37 - [TEST_STEP][PASSED] - setText: Finding Test Object with id 'Object Repository/MOH AND GRN/Page_KDMC - CMS/input_txtbatchno'

2018-06-10 22:10:37 - [TEST_STEP][PASSED] - Statement - switch (id): Finding Test Object with id 'Object Repository/MOH AND GRN/Page_KDMC - CMS/input_txtmrp'

2018-06-10 22:10:37 - [TEST_STEP][PASSED] - Statement - case 1:: Text 'BA437.0' is set on object 'Object Repository/MOH AND GRN/Page_KDMC - CMS/input_txtbatchno'

2018-06-10 22:10:37 - [TEST_STEP][PASSED] - Statement - return (java.lang.Math.floor((java.lang.Math.random() * ((max - min) + 1))) + min): Text 'BA437.0' is set on object 'Object Repository/MOH AND GRN/Page_KDMC - CMS/input_txtbatchno'

2018-06-10 22:10:37 - [MESSAGE][PASSED] - Text 'BA437.0' is set on object 'Object Repository/MOH AND GRN/Page_KDMC - CMS/input_txtbatchno'

2018-06-10 22:10:37 - [TEST_STEP][PASSED] - rightClick: Object: 'Object Repository/GRN/Page_KDMC - CMS/input_txtexpdate' is right clicked on

2018-06-10 22:10:37 - [MESSAGE][PASSED] - Object: 'Object Repository/GRN/Page_KDMC - CMS/input_txtexpdate' is right clicked on

2018-06-10 22:10:37 - [TEST_STEP][PASSED] - selectOptionByIndex: All options with index in [8] are selected on object 'Object Repository/GRN/Page_KDMC - CMS/select_20182019202020212022202'

2018-06-10 22:10:37 - [MESSAGE][PASSED] - All options with index in [8] are selected on object 'Object Repository/GRN/Page_KDMC - CMS/select_20182019202020212022202'

2018-06-10 22:10:37 - [TEST_STEP][PASSED] - selectOptionByIndex: All options with index in [8] are selected on object 'Object Repository/GRN/Page_KDMC - CMS/select_JanFebMarAprMayJunJulAu'

2018-06-10 22:10:38 - [MESSAGE][PASSED] - All options with index in [8] are selected on object 'Object Repository/GRN/Page_KDMC - CMS/select_JanFebMarAprMayJunJulAu'

2018-06-10 22:10:38 - [TEST_STEP][PASSED] - click: Object: 'Object Repository/MOH AND GRN/Page_KDMC - CMS/a_12' is clicked on

2018-06-10 22:10:38 - [MESSAGE][PASSED] - Object: 'Object Repository/MOH AND GRN/Page_KDMC - CMS/a_12' is clicked on

2018-06-10 22:10:38 - [TEST_STEP][PASSED] - click: Object: 'Object Repository/MOH AND GRN/Page_KDMC - CMS/input_btnadd' is clicked on

2018-06-10 22:10:38 - [MESSAGE][PASSED] - Object: 'Object Repository/MOH AND GRN/Page_KDMC - CMS/input_btnadd' is clicked on

2018-06-10 22:10:38 - [TEST_STEP][PASSED] - Statement - If (s == 10): null

2018-06-10 22:10:38 - [TEST_STEP][PASSED] - Statement - Else: null

2018-06-10 22:10:38 - [TEST_STEP][PASSED] - Statement - (s++): null

2018-06-10 22:10:38 - [TEST_STEP][PASSED] - delay: Delayed 1 second(s)

2018-06-10 22:10:39 - [MESSAGE][PASSED] - Delayed 1 second(s)

2018-06-10 22:10:39 - [TEST_STEP][PASSED] - selectOptionByIndex: All options with index in [59] are selected on object 'Object Repository/MOH AND GRN/Page_KDMC - CMS/select_--Select--Amikacin -500'

2018-06-10 22:10:40 - [MESSAGE][PASSED] - All options with index in [59] are selected on object 'Object Repository/MOH AND GRN/Page_KDMC - CMS/select_--Select--Amikacin -500'

2018-06-10 22:10:40 - [TEST_STEP][PASSED] - setText: Text '5000' is set on object 'Object Repository/MOH AND GRN/Page_KDMC - CMS/input_txtqty'

2018-06-10 22:10:40 - [MESSAGE][PASSED] - Text '5000' is set on object 'Object Repository/MOH AND GRN/Page_KDMC - CMS/input_txtqty'

2018-06-10 22:10:40 - [TEST_STEP][PASSED] - selectOptionByIndex: All options with index in [1] are selected on object 'Object Repository/MOH AND GRN/Page_KDMC - CMS/select_--Select--No Tax0'

2018-06-10 22:10:40 - [MESSAGE][PASSED] - All options with index in [1] are selected on object 'Object Repository/MOH AND GRN/Page_KDMC - CMS/select_--Select--No Tax0'

2018-06-10 22:10:40 - [TEST_STEP][PASSED] - setText: Finding Test Object with id 'Object Repository/MOH AND GRN/Page_KDMC - CMS/input_txtmrp'

2018-06-10 22:10:40 - [TEST_STEP][PASSED] - Statement - switch (id): Finding Test Object with id 'Object Repository/MOH AND GRN/Page_KDMC - CMS/input_txtdeal'

2018-06-10 22:10:40 - [TEST_STEP][PASSED] - Statement - case 4:: Text '40.0' is set on object 'Object Repository/MOH AND GRN/Page_KDMC - CMS/input_txtmrp'

2018-06-10 22:10:40 - [TEST_STEP][PASSED] - Statement - return (java.lang.Math.floor((java.lang.Math.random() * ((max - min) + 1))) + min): Text '40.0' is set on object 'Object Repository/MOH AND GRN/Page_KDMC - CMS/input_txtmrp'

2018-06-10 22:10:40 - [MESSAGE][PASSED] - Text '40.0' is set on object 'Object Repository/MOH AND GRN/Page_KDMC - CMS/input_txtmrp'

2018-06-10 22:10:40 - [TEST_STEP][PASSED] - setText: Finding Test Object with id 'Object Repository/MOH AND GRN/Page_KDMC - CMS/input_txtdeal'

2018-06-10 22:10:40 - [TEST_STEP][PASSED] - Statement - switch (id): Finding Test Object with id 'Object Repository/MOH AND GRN/Page_KDMC - CMS/input_txtbatchno'

2018-06-10 22:10:40 - [TEST_STEP][PASSED] - Statement - case 5:: Text '10.0' is set on object 'Object Repository/MOH AND GRN/Page_KDMC - CMS/input_txtdeal'

2018-06-10 22:10:40 - [TEST_STEP][PASSED] - Statement - return (java.lang.Math.floor((java.lang.Math.random() * ((max - min) + 1))) + min): Text '10.0' is set on object 'Object Repository/MOH AND GRN/Page_KDMC - CMS/input_txtdeal'

2018-06-10 22:10:40 - [MESSAGE][PASSED] - Text '10.0' is set on object 'Object Repository/MOH AND GRN/Page_KDMC - CMS/input_txtdeal'

2018-06-10 22:10:40 - [TEST_STEP][PASSED] - setText: Finding Test Object with id 'Object Repository/MOH AND GRN/Page_KDMC - CMS/input_txtbatchno'

2018-06-10 22:10:40 - [TEST_STEP][PASSED] - Statement - switch (id): Finding Test Object with id 'Object Repository/MOH AND GRN/Page_KDMC - CMS/input_txtmrp'

2018-06-10 22:10:40 - [TEST_STEP][PASSED] - Statement - case 1:: Text 'BA90.0' is set on object 'Object Repository/MOH AND GRN/Page_KDMC - CMS/input_txtbatchno'

2018-06-10 22:10:40 - [TEST_STEP][PASSED] - Statement - return (java.lang.Math.floor((java.lang.Math.random() * ((max - min) + 1))) + min): Text 'BA90.0' is set on object 'Object Repository/MOH AND GRN/Page_KDMC - CMS/input_txtbatchno'

2018-06-10 22:10:40 - [MESSAGE][PASSED] - Text 'BA90.0' is set on object 'Object Repository/MOH AND GRN/Page_KDMC - CMS/input_txtbatchno'

2018-06-10 22:10:40 - [TEST_STEP][PASSED] - rightClick: Object: 'Object Repository/GRN/Page_KDMC - CMS/input_txtexpdate' is right clicked on

2018-06-10 22:10:40 - [MESSAGE][PASSED] - Object: 'Object Repository/GRN/Page_KDMC - CMS/input_txtexpdate' is right clicked on

2018-06-10 22:10:40 - [TEST_STEP][PASSED] - selectOptionByIndex: All options with index in [9] are selected on object 'Object Repository/GRN/Page_KDMC - CMS/select_20182019202020212022202'

2018-06-10 22:10:41 - [MESSAGE][PASSED] - All options with index in [9] are selected on object 'Object Repository/GRN/Page_KDMC - CMS/select_20182019202020212022202'

2018-06-10 22:10:41 - [TEST_STEP][PASSED] - selectOptionByIndex: All options with index in [9] are selected on object 'Object Repository/GRN/Page_KDMC - CMS/select_JanFebMarAprMayJunJulAu'

2018-06-10 22:10:41 - [MESSAGE][PASSED] - All options with index in [9] are selected on object 'Object Repository/GRN/Page_KDMC - CMS/select_JanFebMarAprMayJunJulAu'

2018-06-10 22:10:41 - [TEST_STEP][PASSED] - click: Object: 'Object Repository/MOH AND GRN/Page_KDMC - CMS/a_12' is clicked on

2018-06-10 22:10:41 - [MESSAGE][PASSED] - Object: 'Object Repository/MOH AND GRN/Page_KDMC - CMS/a_12' is clicked on

2018-06-10 22:10:41 - [TEST_STEP][PASSED] - click: Object: 'Object Repository/MOH AND GRN/Page_KDMC - CMS/input_btnadd' is clicked on

2018-06-10 22:10:41 - [MESSAGE][PASSED] - Object: 'Object Repository/MOH AND GRN/Page_KDMC - CMS/input_btnadd' is clicked on

2018-06-10 22:10:41 - [TEST_STEP][PASSED] - Statement - If (s == 10): null

2018-06-10 22:10:41 - [TEST_STEP][PASSED] - Statement - Else: null

2018-06-10 22:10:41 - [TEST_STEP][PASSED] - Statement - (s++): null

2018-06-10 22:10:41 - [TEST_STEP][PASSED] - delay: Delayed 1 second(s)

2018-06-10 22:10:42 - [MESSAGE][PASSED] - Delayed 1 second(s)

2018-06-10 22:10:42 - [TEST_STEP][PASSED] - selectOptionByIndex: All options with index in [60] are selected on object 'Object Repository/MOH AND GRN/Page_KDMC - CMS/select_--Select--Amikacin -500'

2018-06-10 22:10:43 - [MESSAGE][PASSED] - All options with index in [60] are selected on object 'Object Repository/MOH AND GRN/Page_KDMC - CMS/select_--Select--Amikacin -500'

2018-06-10 22:10:43 - [TEST_STEP][PASSED] - setText: Text '5000' is set on object 'Object Repository/MOH AND GRN/Page_KDMC - CMS/input_txtqty'

2018-06-10 22:10:43 - [MESSAGE][PASSED] - Text '5000' is set on object 'Object Repository/MOH AND GRN/Page_KDMC - CMS/input_txtqty'

2018-06-10 22:10:43 - [TEST_STEP][PASSED] - selectOptionByIndex: All options with index in [1] are selected on object 'Object Repository/MOH AND GRN/Page_KDMC - CMS/select_--Select--No Tax0'

2018-06-10 22:10:43 - [MESSAGE][PASSED] - All options with index in [1] are selected on object 'Object Repository/MOH AND GRN/Page_KDMC - CMS/select_--Select--No Tax0'

2018-06-10 22:10:43 - [TEST_STEP][PASSED] - setText: Finding Test Object with id 'Object Repository/MOH AND GRN/Page_KDMC - CMS/input_txtmrp'

2018-06-10 22:10:43 - [TEST_STEP][PASSED] - Statement - switch (id): Finding Test Object with id 'Object Repository/MOH AND GRN/Page_KDMC - CMS/input_txtdeal'

2018-06-10 22:10:43 - [TEST_STEP][PASSED] - Statement - case 4:: Text '15.0' is set on object 'Object Repository/MOH AND GRN/Page_KDMC - CMS/input_txtmrp'

2018-06-10 22:10:43 - [TEST_STEP][PASSED] - Statement - return (java.lang.Math.floor((java.lang.Math.random() * ((max - min) + 1))) + min): Text '15.0' is set on object 'Object Repository/MOH AND GRN/Page_KDMC - CMS/input_txtmrp'

2018-06-10 22:10:43 - [MESSAGE][PASSED] - Text '15.0' is set on object 'Object Repository/MOH AND GRN/Page_KDMC - CMS/input_txtmrp'

2018-06-10 22:10:43 - [TEST_STEP][PASSED] - setText: Finding Test Object with id 'Object Repository/MOH AND GRN/Page_KDMC - CMS/input_txtdeal'

2018-06-10 22:10:43 - [TEST_STEP][PASSED] - Statement - switch (id): Finding Test Object with id 'Object Repository/MOH AND GRN/Page_KDMC - CMS/input_txtbatchno'

2018-06-10 22:10:43 - [TEST_STEP][PASSED] - Statement - case 5:: Text '2.0' is set on object 'Object Repository/MOH AND GRN/Page_KDMC - CMS/input_txtdeal'

2018-06-10 22:10:43 - [TEST_STEP][PASSED] - Statement - return (java.lang.Math.floor((java.lang.Math.random() * ((max - min) + 1))) + min): Text '2.0' is set on object 'Object Repository/MOH AND GRN/Page_KDMC - CMS/input_txtdeal'

2018-06-10 22:10:43 - [MESSAGE][PASSED] - Text '2.0' is set on object 'Object Repository/MOH AND GRN/Page_KDMC - CMS/input_txtdeal'

2018-06-10 22:10:43 - [TEST_STEP][PASSED] - setText: Finding Test Object with id 'Object Repository/MOH AND GRN/Page_KDMC - CMS/input_txtbatchno'

2018-06-10 22:10:43 - [TEST_STEP][PASSED] - Statement - switch (id): Finding Test Object with id 'Object Repository/MOH AND GRN/Page_KDMC - CMS/input_txtmrp'

2018-06-10 22:10:43 - [TEST_STEP][PASSED] - Statement - case 1:: Text 'BA553.0' is set on object 'Object Repository/MOH AND GRN/Page_KDMC - CMS/input_txtbatchno'

2018-06-10 22:10:43 - [TEST_STEP][PASSED] - Statement - return (java.lang.Math.floor((java.lang.Math.random() * ((max - min) + 1))) + min): Text 'BA553.0' is set on object 'Object Repository/MOH AND GRN/Page_KDMC - CMS/input_txtbatchno'

2018-06-10 22:10:43 - [MESSAGE][PASSED] - Text 'BA553.0' is set on object 'Object Repository/MOH AND GRN/Page_KDMC - CMS/input_txtbatchno'

2018-06-10 22:10:43 - [TEST_STEP][PASSED] - rightClick: Object: 'Object Repository/GRN/Page_KDMC - CMS/input_txtexpdate' is right clicked on

2018-06-10 22:10:43 - [MESSAGE][PASSED] - Object: 'Object Repository/GRN/Page_KDMC - CMS/input_txtexpdate' is right clicked on

2018-06-10 22:10:43 - [TEST_STEP][PASSED] - selectOptionByIndex: All options with index in [10] are selected on object 'Object Repository/GRN/Page_KDMC - CMS/select_20182019202020212022202'

2018-06-10 22:10:44 - [MESSAGE][PASSED] - All options with index in [10] are selected on object 'Object Repository/GRN/Page_KDMC - CMS/select_20182019202020212022202'

2018-06-10 22:10:44 - [TEST_STEP][PASSED] - selectOptionByIndex: All options with index in [10] are selected on object 'Object Repository/GRN/Page_KDMC - CMS/select_JanFebMarAprMayJunJulAu'

2018-06-10 22:10:44 - [MESSAGE][PASSED] - All options with index in [10] are selected on object 'Object Repository/GRN/Page_KDMC - CMS/select_JanFebMarAprMayJunJulAu'

2018-06-10 22:10:44 - [TEST_STEP][PASSED] - click: Object: 'Object Repository/MOH AND GRN/Page_KDMC - CMS/a_12' is clicked on

2018-06-10 22:10:44 - [MESSAGE][PASSED] - Object: 'Object Repository/MOH AND GRN/Page_KDMC - CMS/a_12' is clicked on

2018-06-10 22:10:44 - [TEST_STEP][PASSED] - click: Object: 'Object Repository/MOH AND GRN/Page_KDMC - CMS/input_btnadd' is clicked on

2018-06-10 22:10:44 - [MESSAGE][PASSED] - Object: 'Object Repository/MOH AND GRN/Page_KDMC - CMS/input_btnadd' is clicked on

2018-06-10 22:10:44 - [TEST_STEP][PASSED] - Statement - If (s == 10): null

2018-06-10 22:10:44 - [TEST_STEP][PASSED] - Statement - s = 1: null

2018-06-10 22:10:44 - [TEST_STEP][PASSED] - delay: Delayed 1 second(s)

2018-06-10 22:10:45 - [MESSAGE][PASSED] - Delayed 1 second(s)

2018-06-10 22:10:45 - [TEST_STEP][PASSED] - selectOptionByIndex: All options with index in [61] are selected on object 'Object Repository/MOH AND GRN/Page_KDMC - CMS/select_--Select--Amikacin -500'

2018-06-10 22:10:46 - [MESSAGE][PASSED] - All options with index in [61] are selected on object 'Object Repository/MOH AND GRN/Page_KDMC - CMS/select_--Select--Amikacin -500'

2018-06-10 22:10:46 - [TEST_STEP][PASSED] - setText: Text '5000' is set on object 'Object Repository/MOH AND GRN/Page_KDMC - CMS/input_txtqty'

2018-06-10 22:10:46 - [MESSAGE][PASSED] - Text '5000' is set on object 'Object Repository/MOH AND GRN/Page_KDMC - CMS/input_txtqty'

2018-06-10 22:10:46 - [TEST_STEP][PASSED] - selectOptionByIndex: All options with index in [1] are selected on object 'Object Repository/MOH AND GRN/Page_KDMC - CMS/select_--Select--No Tax0'

2018-06-10 22:10:46 - [MESSAGE][PASSED] - All options with index in [1] are selected on object 'Object Repository/MOH AND GRN/Page_KDMC - CMS/select_--Select--No Tax0'

2018-06-10 22:10:46 - [TEST_STEP][PASSED] - setText: Finding Test Object with id 'Object Repository/MOH AND GRN/Page_KDMC - CMS/input_txtmrp'

2018-06-10 22:10:46 - [TEST_STEP][PASSED] - Statement - switch (id): Finding Test Object with id 'Object Repository/MOH AND GRN/Page_KDMC - CMS/input_txtdeal'

2018-06-10 22:10:46 - [TEST_STEP][PASSED] - Statement - case 4:: Text '41.0' is set on object 'Object Repository/MOH AND GRN/Page_KDMC - CMS/input_txtmrp'

2018-06-10 22:10:46 - [TEST_STEP][PASSED] - Statement - return (java.lang.Math.floor((java.lang.Math.random() * ((max - min) + 1))) + min): Text '41.0' is set on object 'Object Repository/MOH AND GRN/Page_KDMC - CMS/input_txtmrp'

2018-06-10 22:10:46 - [MESSAGE][PASSED] - Text '41.0' is set on object 'Object Repository/MOH AND GRN/Page_KDMC - CMS/input_txtmrp'

2018-06-10 22:10:46 - [TEST_STEP][PASSED] - setText: Finding Test Object with id 'Object Repository/MOH AND GRN/Page_KDMC - CMS/input_txtdeal'

2018-06-10 22:10:46 - [TEST_STEP][PASSED] - Statement - switch (id): Finding Test Object with id 'Object Repository/MOH AND GRN/Page_KDMC - CMS/input_txtbatchno'

2018-06-10 22:10:46 - [TEST_STEP][PASSED] - Statement - case 5:: Text '7.0' is set on object 'Object Repository/MOH AND GRN/Page_KDMC - CMS/input_txtdeal'

2018-06-10 22:10:46 - [TEST_STEP][PASSED] - Statement - return (java.lang.Math.floor((java.lang.Math.random() * ((max - min) + 1))) + min): Text '7.0' is set on object 'Object Repository/MOH AND GRN/Page_KDMC - CMS/input_txtdeal'

2018-06-10 22:10:46 - [MESSAGE][PASSED] - Text '7.0' is set on object 'Object Repository/MOH AND GRN/Page_KDMC - CMS/input_txtdeal'

2018-06-10 22:10:46 - [TEST_STEP][PASSED] - setText: Finding Test Object with id 'Object Repository/MOH AND GRN/Page_KDMC - CMS/input_txtbatchno'

2018-06-10 22:10:46 - [TEST_STEP][PASSED] - Statement - switch (id): Finding Test Object with id 'Object Repository/MOH AND GRN/Page_KDMC - CMS/input_txtmrp'

2018-06-10 22:10:46 - [TEST_STEP][PASSED] - Statement - case 1:: Text 'BA323.0' is set on object 'Object Repository/MOH AND GRN/Page_KDMC - CMS/input_txtbatchno'

2018-06-10 22:10:46 - [TEST_STEP][PASSED] - Statement - return (java.lang.Math.floor((java.lang.Math.random() * ((max - min) + 1))) + min): Text 'BA323.0' is set on object 'Object Repository/MOH AND GRN/Page_KDMC - CMS/input_txtbatchno'

2018-06-10 22:10:46 - [MESSAGE][PASSED] - Text 'BA323.0' is set on object 'Object Repository/MOH AND GRN/Page_KDMC - CMS/input_txtbatchno'

2018-06-10 22:10:46 - [TEST_STEP][PASSED] - rightClick: Object: 'Object Repository/GRN/Page_KDMC - CMS/input_txtexpdate' is right clicked on

2018-06-10 22:10:46 - [MESSAGE][PASSED] - Object: 'Object Repository/GRN/Page_KDMC - CMS/input_txtexpdate' is right clicked on

2018-06-10 22:10:46 - [TEST_STEP][PASSED] - selectOptionByIndex: All options with index in [1] are selected on object 'Object Repository/GRN/Page_KDMC - CMS/select_20182019202020212022202'

2018-06-10 22:10:47 - [MESSAGE][PASSED] - All options with index in [1] are selected on object 'Object Repository/GRN/Page_KDMC - CMS/select_20182019202020212022202'

2018-06-10 22:10:47 - [TEST_STEP][PASSED] - selectOptionByIndex: All options with index in [1] are selected on object 'Object Repository/GRN/Page_KDMC - CMS/select_JanFebMarAprMayJunJulAu'

2018-06-10 22:10:47 - [MESSAGE][PASSED] - All options with index in [1] are selected on object 'Object Repository/GRN/Page_KDMC - CMS/select_JanFebMarAprMayJunJulAu'

2018-06-10 22:10:47 - [TEST_STEP][PASSED] - click: Object: 'Object Repository/MOH AND GRN/Page_KDMC - CMS/a_12' is clicked on

2018-06-10 22:10:47 - [MESSAGE][PASSED] - Object: 'Object Repository/MOH AND GRN/Page_KDMC - CMS/a_12' is clicked on

2018-06-10 22:10:47 - [TEST_STEP][PASSED] - click: Object: 'Object Repository/MOH AND GRN/Page_KDMC - CMS/input_btnadd' is clicked on

2018-06-10 22:10:47 - [MESSAGE][PASSED] - Object: 'Object Repository/MOH AND GRN/Page_KDMC - CMS/input_btnadd' is clicked on

2018-06-10 22:10:47 - [TEST_STEP][PASSED] - Statement - If (s == 10): null

2018-06-10 22:10:47 - [TEST_STEP][PASSED] - Statement - Else: null

2018-06-10 22:10:47 - [TEST_STEP][PASSED] - Statement - (s++): null

2018-06-10 22:10:47 - [TEST_STEP][PASSED] - delay: Delayed 1 second(s)

2018-06-10 22:10:48 - [MESSAGE][PASSED] - Delayed 1 second(s)

2018-06-10 22:10:48 - [TEST_STEP][PASSED] - selectOptionByIndex: All options with index in [62] are selected on object 'Object Repository/MOH AND GRN/Page_KDMC - CMS/select_--Select--Amikacin -500'

2018-06-10 22:10:49 - [MESSAGE][PASSED] - All options with index in [62] are selected on object 'Object Repository/MOH AND GRN/Page_KDMC - CMS/select_--Select--Amikacin -500'

2018-06-10 22:10:49 - [TEST_STEP][PASSED] - setText: Text '5000' is set on object 'Object Repository/MOH AND GRN/Page_KDMC - CMS/input_txtqty'

2018-06-10 22:10:49 - [MESSAGE][PASSED] - Text '5000' is set on object 'Object Repository/MOH AND GRN/Page_KDMC - CMS/input_txtqty'

2018-06-10 22:10:49 - [TEST_STEP][PASSED] - selectOptionByIndex: All options with index in [1] are selected on object 'Object Repository/MOH AND GRN/Page_KDMC - CMS/select_--Select--No Tax0'

2018-06-10 22:10:49 - [MESSAGE][PASSED] - All options with index in [1] are selected on object 'Object Repository/MOH AND GRN/Page_KDMC - CMS/select_--Select--No Tax0'

2018-06-10 22:10:49 - [TEST_STEP][PASSED] - setText: Finding Test Object with id 'Object Repository/MOH AND GRN/Page_KDMC - CMS/input_txtmrp'

2018-06-10 22:10:49 - [TEST_STEP][PASSED] - Statement - switch (id): Finding Test Object with id 'Object Repository/MOH AND GRN/Page_KDMC - CMS/input_txtdeal'

2018-06-10 22:10:49 - [TEST_STEP][PASSED] - Statement - case 4:: Text '36.0' is set on object 'Object Repository/MOH AND GRN/Page_KDMC - CMS/input_txtmrp'

2018-06-10 22:10:49 - [TEST_STEP][PASSED] - Statement - return (java.lang.Math.floor((java.lang.Math.random() * ((max - min) + 1))) + min): Text '36.0' is set on object 'Object Repository/MOH AND GRN/Page_KDMC - CMS/input_txtmrp'

2018-06-10 22:10:49 - [MESSAGE][PASSED] - Text '36.0' is set on object 'Object Repository/MOH AND GRN/Page_KDMC - CMS/input_txtmrp'

2018-06-10 22:10:49 - [TEST_STEP][PASSED] - setText: Finding Test Object with id 'Object Repository/MOH AND GRN/Page_KDMC - CMS/input_txtdeal'

2018-06-10 22:10:49 - [TEST_STEP][PASSED] - Statement - switch (id): Finding Test Object with id 'Object Repository/MOH AND GRN/Page_KDMC - CMS/input_txtbatchno'

2018-06-10 22:10:49 - [TEST_STEP][PASSED] - Statement - case 5:: Text '6.0' is set on object 'Object Repository/MOH AND GRN/Page_KDMC - CMS/input_txtdeal'

2018-06-10 22:10:49 - [TEST_STEP][PASSED] - Statement - return (java.lang.Math.floor((java.lang.Math.random() * ((max - min) + 1))) + min): Text '6.0' is set on object 'Object Repository/MOH AND GRN/Page_KDMC - CMS/input_txtdeal'

2018-06-10 22:10:49 - [MESSAGE][PASSED] - Text '6.0' is set on object 'Object Repository/MOH AND GRN/Page_KDMC - CMS/input_txtdeal'

2018-06-10 22:10:49 - [TEST_STEP][PASSED] - setText: Finding Test Object with id 'Object Repository/MOH AND GRN/Page_KDMC - CMS/input_txtbatchno'

2018-06-10 22:10:49 - [TEST_STEP][PASSED] - Statement - switch (id): Finding Test Object with id 'Object Repository/MOH AND GRN/Page_KDMC - CMS/input_txtmrp'

2018-06-10 22:10:49 - [TEST_STEP][PASSED] - Statement - case 1:: Text 'BA587.0' is set on object 'Object Repository/MOH AND GRN/Page_KDMC - CMS/input_txtbatchno'

2018-06-10 22:10:49 - [TEST_STEP][PASSED] - Statement - return (java.lang.Math.floor((java.lang.Math.random() * ((max - min) + 1))) + min): Text 'BA587.0' is set on object 'Object Repository/MOH AND GRN/Page_KDMC - CMS/input_txtbatchno'

2018-06-10 22:10:49 - [MESSAGE][PASSED] - Text 'BA587.0' is set on object 'Object Repository/MOH AND GRN/Page_KDMC - CMS/input_txtbatchno'

2018-06-10 22:10:49 - [TEST_STEP][PASSED] - rightClick: Object: 'Object Repository/GRN/Page_KDMC - CMS/input_txtexpdate' is right clicked on

2018-06-10 22:10:49 - [MESSAGE][PASSED] - Object: 'Object Repository/GRN/Page_KDMC - CMS/input_txtexpdate' is right clicked on

2018-06-10 22:10:49 - [TEST_STEP][PASSED] - selectOptionByIndex: All options with index in [2] are selected on object 'Object Repository/GRN/Page_KDMC - CMS/select_20182019202020212022202'

2018-06-10 22:10:50 - [MESSAGE][PASSED] - All options with index in [2] are selected on object 'Object Repository/GRN/Page_KDMC - CMS/select_20182019202020212022202'

2018-06-10 22:10:50 - [TEST_STEP][PASSED] - selectOptionByIndex: All options with index in [2] are selected on object 'Object Repository/GRN/Page_KDMC - CMS/select_JanFebMarAprMayJunJulAu'

2018-06-10 22:10:50 - [MESSAGE][PASSED] - All options with index in [2] are selected on object 'Object Repository/GRN/Page_KDMC - CMS/select_JanFebMarAprMayJunJulAu'

2018-06-10 22:10:50 - [TEST_STEP][PASSED] - click: Object: 'Object Repository/MOH AND GRN/Page_KDMC - CMS/a_12' is clicked on

2018-06-10 22:10:50 - [MESSAGE][PASSED] - Object: 'Object Repository/MOH AND GRN/Page_KDMC - CMS/a_12' is clicked on

2018-06-10 22:10:50 - [TEST_STEP][PASSED] - click: Object: 'Object Repository/MOH AND GRN/Page_KDMC - CMS/input_btnadd' is clicked on

2018-06-10 22:10:50 - [MESSAGE][PASSED] - Object: 'Object Repository/MOH AND GRN/Page_KDMC - CMS/input_btnadd' is clicked on

2018-06-10 22:10:50 - [TEST_STEP][PASSED] - Statement - If (s == 10): null

2018-06-10 22:10:50 - [TEST_STEP][PASSED] - Statement - Else: null

2018-06-10 22:10:50 - [TEST_STEP][PASSED] - Statement - (s++): null

2018-06-10 22:10:50 - [TEST_STEP][PASSED] - delay: Delayed 1 second(s)

2018-06-10 22:10:51 - [MESSAGE][PASSED] - Delayed 1 second(s)

2018-06-10 22:10:51 - [TEST_STEP][PASSED] - selectOptionByIndex: All options with index in [63] are selected on object 'Object Repository/MOH AND GRN/Page_KDMC - CMS/select_--Select--Amikacin -500'

2018-06-10 22:10:52 - [MESSAGE][PASSED] - All options with index in [63] are selected on object 'Object Repository/MOH AND GRN/Page_KDMC - CMS/select_--Select--Amikacin -500'

2018-06-10 22:10:52 - [TEST_STEP][PASSED] - setText: Text '5000' is set on object 'Object Repository/MOH AND GRN/Page_KDMC - CMS/input_txtqty'

2018-06-10 22:10:52 - [MESSAGE][PASSED] - Text '5000' is set on object 'Object Repository/MOH AND GRN/Page_KDMC - CMS/input_txtqty'

2018-06-10 22:10:52 - [TEST_STEP][PASSED] - selectOptionByIndex: All options with index in [1] are selected on object 'Object Repository/MOH AND GRN/Page_KDMC - CMS/select_--Select--No Tax0'

2018-06-10 22:10:52 - [MESSAGE][PASSED] - All options with index in [1] are selected on object 'Object Repository/MOH AND GRN/Page_KDMC - CMS/select_--Select--No Tax0'

2018-06-10 22:10:52 - [TEST_STEP][PASSED] - setText: Finding Test Object with id 'Object Repository/MOH AND GRN/Page_KDMC - CMS/input_txtmrp'

2018-06-10 22:10:52 - [TEST_STEP][PASSED] - Statement - switch (id): Finding Test Object with id 'Object Repository/MOH AND GRN/Page_KDMC - CMS/input_txtdeal'

2018-06-10 22:10:52 - [TEST_STEP][PASSED] - Statement - case 4:: Text '31.0' is set on object 'Object Repository/MOH AND GRN/Page_KDMC - CMS/input_txtmrp'

2018-06-10 22:10:52 - [TEST_STEP][PASSED] - Statement - return (java.lang.Math.floor((java.lang.Math.random() * ((max - min) + 1))) + min): Text '31.0' is set on object 'Object Repository/MOH AND GRN/Page_KDMC - CMS/input_txtmrp'

2018-06-10 22:10:52 - [MESSAGE][PASSED] - Text '31.0' is set on object 'Object Repository/MOH AND GRN/Page_KDMC - CMS/input_txtmrp'

2018-06-10 22:10:52 - [TEST_STEP][PASSED] - setText: Finding Test Object with id 'Object Repository/MOH AND GRN/Page_KDMC - CMS/input_txtdeal'

2018-06-10 22:10:52 - [TEST_STEP][PASSED] - Statement - switch (id): Finding Test Object with id 'Object Repository/MOH AND GRN/Page_KDMC - CMS/input_txtbatchno'

2018-06-10 22:10:52 - [TEST_STEP][PASSED] - Statement - case 5:: Text '8.0' is set on object 'Object Repository/MOH AND GRN/Page_KDMC - CMS/input_txtdeal'

2018-06-10 22:10:52 - [TEST_STEP][PASSED] - Statement - return (java.lang.Math.floor((java.lang.Math.random() * ((max - min) + 1))) + min): Text '8.0' is set on object 'Object Repository/MOH AND GRN/Page_KDMC - CMS/input_txtdeal'

2018-06-10 22:10:52 - [MESSAGE][PASSED] - Text '8.0' is set on object 'Object Repository/MOH AND GRN/Page_KDMC - CMS/input_txtdeal'

2018-06-10 22:10:52 - [TEST_STEP][PASSED] - setText: Finding Test Object with id 'Object Repository/MOH AND GRN/Page_KDMC - CMS/input_txtbatchno'

2018-06-10 22:10:52 - [TEST_STEP][PASSED] - Statement - switch (id): Finding Test Object with id 'Object Repository/MOH AND GRN/Page_KDMC - CMS/input_txtmrp'

2018-06-10 22:10:52 - [TEST_STEP][PASSED] - Statement - case 1:: Text 'BA395.0' is set on object 'Object Repository/MOH AND GRN/Page_KDMC - CMS/input_txtbatchno'

2018-06-10 22:10:52 - [TEST_STEP][PASSED] - Statement - return (java.lang.Math.floor((java.lang.Math.random() * ((max - min) + 1))) + min): Text 'BA395.0' is set on object 'Object Repository/MOH AND GRN/Page_KDMC - CMS/input_txtbatchno'

2018-06-10 22:10:52 - [MESSAGE][PASSED] - Text 'BA395.0' is set on object 'Object Repository/MOH AND GRN/Page_KDMC - CMS/input_txtbatchno'

2018-06-10 22:10:52 - [TEST_STEP][PASSED] - rightClick: Object: 'Object Repository/GRN/Page_KDMC - CMS/input_txtexpdate' is right clicked on

2018-06-10 22:10:52 - [MESSAGE][PASSED] - Object: 'Object Repository/GRN/Page_KDMC - CMS/input_txtexpdate' is right clicked on

2018-06-10 22:10:52 - [TEST_STEP][PASSED] - selectOptionByIndex: All options with index in [3] are selected on object 'Object Repository/GRN/Page_KDMC - CMS/select_20182019202020212022202'

2018-06-10 22:10:53 - [MESSAGE][PASSED] - All options with index in [3] are selected on object 'Object Repository/GRN/Page_KDMC - CMS/select_20182019202020212022202'

2018-06-10 22:10:53 - [TEST_STEP][PASSED] - selectOptionByIndex: All options with index in [3] are selected on object 'Object Repository/GRN/Page_KDMC - CMS/select_JanFebMarAprMayJunJulAu'

2018-06-10 22:10:53 - [MESSAGE][PASSED] - All options with index in [3] are selected on object 'Object Repository/GRN/Page_KDMC - CMS/select_JanFebMarAprMayJunJulAu'

2018-06-10 22:10:53 - [TEST_STEP][PASSED] - click: Object: 'Object Repository/MOH AND GRN/Page_KDMC - CMS/a_12' is clicked on

2018-06-10 22:10:53 - [MESSAGE][PASSED] - Object: 'Object Repository/MOH AND GRN/Page_KDMC - CMS/a_12' is clicked on

2018-06-10 22:10:53 - [TEST_STEP][PASSED] - click: Object: 'Object Repository/MOH AND GRN/Page_KDMC - CMS/input_btnadd' is clicked on

2018-06-10 22:10:53 - [MESSAGE][PASSED] - Object: 'Object Repository/MOH AND GRN/Page_KDMC - CMS/input_btnadd' is clicked on

2018-06-10 22:10:53 - [TEST_STEP][PASSED] - Statement - If (s == 10): null

2018-06-10 22:10:53 - [TEST_STEP][PASSED] - Statement - Else: null

2018-06-10 22:10:53 - [TEST_STEP][PASSED] - Statement - (s++): null

2018-06-10 22:10:53 - [TEST_STEP][PASSED] - delay: Delayed 1 second(s)

2018-06-10 22:10:54 - [MESSAGE][PASSED] - Delayed 1 second(s)

2018-06-10 22:10:54 - [TEST_STEP][PASSED] - selectOptionByIndex: All options with index in [64] are selected on object 'Object Repository/MOH AND GRN/Page_KDMC - CMS/select_--Select--Amikacin -500'

2018-06-10 22:10:55 - [MESSAGE][PASSED] - All options with index in [64] are selected on object 'Object Repository/MOH AND GRN/Page_KDMC - CMS/select_--Select--Amikacin -500'

2018-06-10 22:10:55 - [TEST_STEP][PASSED] - setText: Text '5000' is set on object 'Object Repository/MOH AND GRN/Page_KDMC - CMS/input_txtqty'

2018-06-10 22:10:55 - [MESSAGE][PASSED] - Text '5000' is set on object 'Object Repository/MOH AND GRN/Page_KDMC - CMS/input_txtqty'

2018-06-10 22:10:55 - [TEST_STEP][PASSED] - selectOptionByIndex: All options with index in [1] are selected on object 'Object Repository/MOH AND GRN/Page_KDMC - CMS/select_--Select--No Tax0'

2018-06-10 22:10:55 - [MESSAGE][PASSED] - All options with index in [1] are selected on object 'Object Repository/MOH AND GRN/Page_KDMC - CMS/select_--Select--No Tax0'

2018-06-10 22:10:55 - [TEST_STEP][PASSED] - setText: Finding Test Object with id 'Object Repository/MOH AND GRN/Page_KDMC - CMS/input_txtmrp'

2018-06-10 22:10:55 - [TEST_STEP][PASSED] - Statement - switch (id): Finding Test Object with id 'Object Repository/MOH AND GRN/Page_KDMC - CMS/input_txtdeal'

2018-06-10 22:10:55 - [TEST_STEP][PASSED] - Statement - case 4:: Text '39.0' is set on object 'Object Repository/MOH AND GRN/Page_KDMC - CMS/input_txtmrp'

2018-06-10 22:10:55 - [TEST_STEP][PASSED] - Statement - return (java.lang.Math.floor((java.lang.Math.random() * ((max - min) + 1))) + min): Text '39.0' is set on object 'Object Repository/MOH AND GRN/Page_KDMC - CMS/input_txtmrp'

2018-06-10 22:10:55 - [MESSAGE][PASSED] - Text '39.0' is set on object 'Object Repository/MOH AND GRN/Page_KDMC - CMS/input_txtmrp'

2018-06-10 22:10:55 - [TEST_STEP][PASSED] - setText: Finding Test Object with id 'Object Repository/MOH AND GRN/Page_KDMC - CMS/input_txtdeal'

2018-06-10 22:10:55 - [TEST_STEP][PASSED] - Statement - switch (id): Finding Test Object with id 'Object Repository/MOH AND GRN/Page_KDMC - CMS/input_txtbatchno'

2018-06-10 22:10:55 - [TEST_STEP][PASSED] - Statement - case 5:: Text '12.0' is set on object 'Object Repository/MOH AND GRN/Page_KDMC - CMS/input_txtdeal'

2018-06-10 22:10:55 - [TEST_STEP][PASSED] - Statement - return (java.lang.Math.floor((java.lang.Math.random() * ((max - min) + 1))) + min): Text '12.0' is set on object 'Object Repository/MOH AND GRN/Page_KDMC - CMS/input_txtdeal'

2018-06-10 22:10:55 - [MESSAGE][PASSED] - Text '12.0' is set on object 'Object Repository/MOH AND GRN/Page_KDMC - CMS/input_txtdeal'

2018-06-10 22:10:55 - [TEST_STEP][PASSED] - setText: Finding Test Object with id 'Object Repository/MOH AND GRN/Page_KDMC - CMS/input_txtbatchno'

2018-06-10 22:10:55 - [TEST_STEP][PASSED] - Statement - switch (id): Finding Test Object with id 'Object Repository/MOH AND GRN/Page_KDMC - CMS/input_txtmrp'

2018-06-10 22:10:55 - [TEST_STEP][PASSED] - Statement - case 1:: Text 'BA260.0' is set on object 'Object Repository/MOH AND GRN/Page_KDMC - CMS/input_txtbatchno'

2018-06-10 22:10:55 - [TEST_STEP][PASSED] - Statement - return (java.lang.Math.floor((java.lang.Math.random() * ((max - min) + 1))) + min): Text 'BA260.0' is set on object 'Object Repository/MOH AND GRN/Page_KDMC - CMS/input_txtbatchno'

2018-06-10 22:10:55 - [MESSAGE][PASSED] - Text 'BA260.0' is set on object 'Object Repository/MOH AND GRN/Page_KDMC - CMS/input_txtbatchno'

2018-06-10 22:10:55 - [TEST_STEP][PASSED] - rightClick: Object: 'Object Repository/GRN/Page_KDMC - CMS/input_txtexpdate' is right clicked on

2018-06-10 22:10:55 - [MESSAGE][PASSED] - Object: 'Object Repository/GRN/Page_KDMC - CMS/input_txtexpdate' is right clicked on

2018-06-10 22:10:55 - [TEST_STEP][PASSED] - selectOptionByIndex: All options with index in [4] are selected on object 'Object Repository/GRN/Page_KDMC - CMS/select_20182019202020212022202'

2018-06-10 22:10:56 - [MESSAGE][PASSED] - All options with index in [4] are selected on object 'Object Repository/GRN/Page_KDMC - CMS/select_20182019202020212022202'

2018-06-10 22:10:56 - [TEST_STEP][PASSED] - selectOptionByIndex: All options with index in [4] are selected on object 'Object Repository/GRN/Page_KDMC - CMS/select_JanFebMarAprMayJunJulAu'

2018-06-10 22:10:56 - [MESSAGE][PASSED] - All options with index in [4] are selected on object 'Object Repository/GRN/Page_KDMC - CMS/select_JanFebMarAprMayJunJulAu'

2018-06-10 22:10:56 - [TEST_STEP][PASSED] - click: Object: 'Object Repository/MOH AND GRN/Page_KDMC - CMS/a_12' is clicked on

2018-06-10 22:10:56 - [MESSAGE][PASSED] - Object: 'Object Repository/MOH AND GRN/Page_KDMC - CMS/a_12' is clicked on

2018-06-10 22:10:56 - [TEST_STEP][PASSED] - click: Object: 'Object Repository/MOH AND GRN/Page_KDMC - CMS/input_btnadd' is clicked on

2018-06-10 22:10:56 - [MESSAGE][PASSED] - Object: 'Object Repository/MOH AND GRN/Page_KDMC - CMS/input_btnadd' is clicked on

2018-06-10 22:10:56 - [TEST_STEP][PASSED] - Statement - If (s == 10): null

2018-06-10 22:10:56 - [TEST_STEP][PASSED] - Statement - Else: null

2018-06-10 22:10:56 - [TEST_STEP][PASSED] - Statement - (s++): null

2018-06-10 22:10:56 - [TEST_STEP][PASSED] - delay: Delayed 1 second(s)

2018-06-10 22:10:57 - [MESSAGE][PASSED] - Delayed 1 second(s)

2018-06-10 22:10:57 - [TEST_STEP][PASSED] - selectOptionByIndex: All options with index in [65] are selected on object 'Object Repository/MOH AND GRN/Page_KDMC - CMS/select_--Select--Amikacin -500'

2018-06-10 22:10:58 - [MESSAGE][PASSED] - All options with index in [65] are selected on object 'Object Repository/MOH AND GRN/Page_KDMC - CMS/select_--Select--Amikacin -500'

2018-06-10 22:10:58 - [TEST_STEP][PASSED] - setText: Text '5000' is set on object 'Object Repository/MOH AND GRN/Page_KDMC - CMS/input_txtqty'

2018-06-10 22:10:58 - [MESSAGE][PASSED] - Text '5000' is set on object 'Object Repository/MOH AND GRN/Page_KDMC - CMS/input_txtqty'

2018-06-10 22:10:58 - [TEST_STEP][PASSED] - selectOptionByIndex: All options with index in [1] are selected on object 'Object Repository/MOH AND GRN/Page_KDMC - CMS/select_--Select--No Tax0'

2018-06-10 22:10:58 - [MESSAGE][PASSED] - All options with index in [1] are selected on object 'Object Repository/MOH AND GRN/Page_KDMC - CMS/select_--Select--No Tax0'

2018-06-10 22:10:58 - [TEST_STEP][PASSED] - setText: Finding Test Object with id 'Object Repository/MOH AND GRN/Page_KDMC - CMS/input_txtmrp'

2018-06-10 22:10:58 - [TEST_STEP][PASSED] - Statement - switch (id): Finding Test Object with id 'Object Repository/MOH AND GRN/Page_KDMC - CMS/input_txtdeal'

2018-06-10 22:10:58 - [TEST_STEP][PASSED] - Statement - case 4:: Text '45.0' is set on object 'Object Repository/MOH AND GRN/Page_KDMC - CMS/input_txtmrp'

2018-06-10 22:10:58 - [TEST_STEP][PASSED] - Statement - return (java.lang.Math.floor((java.lang.Math.random() * ((max - min) + 1))) + min): Text '45.0' is set on object 'Object Repository/MOH AND GRN/Page_KDMC - CMS/input_txtmrp'

2018-06-10 22:10:58 - [MESSAGE][PASSED] - Text '45.0' is set on object 'Object Repository/MOH AND GRN/Page_KDMC - CMS/input_txtmrp'

2018-06-10 22:10:58 - [TEST_STEP][PASSED] - setText: Finding Test Object with id 'Object Repository/MOH AND GRN/Page_KDMC - CMS/input_txtdeal'

2018-06-10 22:10:58 - [TEST_STEP][PASSED] - Statement - switch (id): Finding Test Object with id 'Object Repository/MOH AND GRN/Page_KDMC - CMS/input_txtbatchno'

2018-06-10 22:10:58 - [TEST_STEP][PASSED] - Statement - case 5:: Text '6.0' is set on object 'Object Repository/MOH AND GRN/Page_KDMC - CMS/input_txtdeal'

2018-06-10 22:10:58 - [TEST_STEP][PASSED] - Statement - return (java.lang.Math.floor((java.lang.Math.random() * ((max - min) + 1))) + min): Text '6.0' is set on object 'Object Repository/MOH AND GRN/Page_KDMC - CMS/input_txtdeal'

2018-06-10 22:10:58 - [MESSAGE][PASSED] - Text '6.0' is set on object 'Object Repository/MOH AND GRN/Page_KDMC - CMS/input_txtdeal'

2018-06-10 22:10:58 - [TEST_STEP][PASSED] - setText: Finding Test Object with id 'Object Repository/MOH AND GRN/Page_KDMC - CMS/input_txtbatchno'

2018-06-10 22:10:58 - [TEST_STEP][PASSED] - Statement - switch (id): Finding Test Object with id 'Object Repository/MOH AND GRN/Page_KDMC - CMS/input_txtmrp'

2018-06-10 22:10:58 - [TEST_STEP][PASSED] - Statement - case 1:: Text 'BA841.0' is set on object 'Object Repository/MOH AND GRN/Page_KDMC - CMS/input_txtbatchno'

2018-06-10 22:10:58 - [TEST_STEP][PASSED] - Statement - return (java.lang.Math.floor((java.lang.Math.random() * ((max - min) + 1))) + min): Text 'BA841.0' is set on object 'Object Repository/MOH AND GRN/Page_KDMC - CMS/input_txtbatchno'

2018-06-10 22:10:58 - [MESSAGE][PASSED] - Text 'BA841.0' is set on object 'Object Repository/MOH AND GRN/Page_KDMC - CMS/input_txtbatchno'

2018-06-10 22:10:58 - [TEST_STEP][PASSED] - rightClick: Object: 'Object Repository/GRN/Page_KDMC - CMS/input_txtexpdate' is right clicked on

2018-06-10 22:10:58 - [MESSAGE][PASSED] - Object: 'Object Repository/GRN/Page_KDMC - CMS/input_txtexpdate' is right clicked on

2018-06-10 22:10:58 - [TEST_STEP][PASSED] - selectOptionByIndex: All options with index in [5] are selected on object 'Object Repository/GRN/Page_KDMC - CMS/select_20182019202020212022202'

2018-06-10 22:10:59 - [MESSAGE][PASSED] - All options with index in [5] are selected on object 'Object Repository/GRN/Page_KDMC - CMS/select_20182019202020212022202'

2018-06-10 22:10:59 - [TEST_STEP][PASSED] - selectOptionByIndex: All options with index in [5] are selected on object 'Object Repository/GRN/Page_KDMC - CMS/select_JanFebMarAprMayJunJulAu'

2018-06-10 22:10:59 - [MESSAGE][PASSED] - All options with index in [5] are selected on object 'Object Repository/GRN/Page_KDMC - CMS/select_JanFebMarAprMayJunJulAu'

2018-06-10 22:10:59 - [TEST_STEP][PASSED] - click: Object: 'Object Repository/MOH AND GRN/Page_KDMC - CMS/a_12' is clicked on

2018-06-10 22:10:59 - [MESSAGE][PASSED] - Object: 'Object Repository/MOH AND GRN/Page_KDMC - CMS/a_12' is clicked on

2018-06-10 22:10:59 - [TEST_STEP][PASSED] - click: Object: 'Object Repository/MOH AND GRN/Page_KDMC - CMS/input_btnadd' is clicked on

2018-06-10 22:10:59 - [MESSAGE][PASSED] - Object: 'Object Repository/MOH AND GRN/Page_KDMC - CMS/input_btnadd' is clicked on

2018-06-10 22:10:59 - [TEST_STEP][PASSED] - Statement - If (s == 10): null

2018-06-10 22:10:59 - [TEST_STEP][PASSED] - Statement - Else: null

2018-06-10 22:10:59 - [TEST_STEP][PASSED] - Statement - (s++): null

2018-06-10 22:10:59 - [TEST_STEP][PASSED] - delay: Delayed 1 second(s)

2018-06-10 22:11:00 - [MESSAGE][PASSED] - Delayed 1 second(s)

2018-06-10 22:11:00 - [TEST_STEP][PASSED] - selectOptionByIndex: All options with index in [66] are selected on object 'Object Repository/MOH AND GRN/Page_KDMC - CMS/select_--Select--Amikacin -500'

2018-06-10 22:11:01 - [MESSAGE][PASSED] - All options with index in [66] are selected on object 'Object Repository/MOH AND GRN/Page_KDMC - CMS/select_--Select--Amikacin -500'

2018-06-10 22:11:01 - [TEST_STEP][PASSED] - setText: Text '5000' is set on object 'Object Repository/MOH AND GRN/Page_KDMC - CMS/input_txtqty'

2018-06-10 22:11:01 - [MESSAGE][PASSED] - Text '5000' is set on object 'Object Repository/MOH AND GRN/Page_KDMC - CMS/input_txtqty'

2018-06-10 22:11:01 - [TEST_STEP][PASSED] - selectOptionByIndex: All options with index in [1] are selected on object 'Object Repository/MOH AND GRN/Page_KDMC - CMS/select_--Select--No Tax0'

2018-06-10 22:11:01 - [MESSAGE][PASSED] - All options with index in [1] are selected on object 'Object Repository/MOH AND GRN/Page_KDMC - CMS/select_--Select--No Tax0'

2018-06-10 22:11:01 - [TEST_STEP][PASSED] - setText: Finding Test Object with id 'Object Repository/MOH AND GRN/Page_KDMC - CMS/input_txtmrp'

2018-06-10 22:11:01 - [TEST_STEP][PASSED] - Statement - switch (id): Finding Test Object with id 'Object Repository/MOH AND GRN/Page_KDMC - CMS/input_txtdeal'

2018-06-10 22:11:01 - [TEST_STEP][PASSED] - Statement - case 4:: Text '40.0' is set on object 'Object Repository/MOH AND GRN/Page_KDMC - CMS/input_txtmrp'

2018-06-10 22:11:01 - [TEST_STEP][PASSED] - Statement - return (java.lang.Math.floor((java.lang.Math.random() * ((max - min) + 1))) + min): Text '40.0' is set on object 'Object Repository/MOH AND GRN/Page_KDMC - CMS/input_txtmrp'

2018-06-10 22:11:01 - [MESSAGE][PASSED] - Text '40.0' is set on object 'Object Repository/MOH AND GRN/Page_KDMC - CMS/input_txtmrp'

2018-06-10 22:11:01 - [TEST_STEP][PASSED] - setText: Finding Test Object with id 'Object Repository/MOH AND GRN/Page_KDMC - CMS/input_txtdeal'

2018-06-10 22:11:01 - [TEST_STEP][PASSED] - Statement - switch (id): Finding Test Object with id 'Object Repository/MOH AND GRN/Page_KDMC - CMS/input_txtbatchno'

2018-06-10 22:11:01 - [TEST_STEP][PASSED] - Statement - case 5:: Text '5.0' is set on object 'Object Repository/MOH AND GRN/Page_KDMC - CMS/input_txtdeal'

2018-06-10 22:11:01 - [TEST_STEP][PASSED] - Statement - return (java.lang.Math.floor((java.lang.Math.random() * ((max - min) + 1))) + min): Text '5.0' is set on object 'Object Repository/MOH AND GRN/Page_KDMC - CMS/input_txtdeal'

2018-06-10 22:11:01 - [MESSAGE][PASSED] - Text '5.0' is set on object 'Object Repository/MOH AND GRN/Page_KDMC - CMS/input_txtdeal'

2018-06-10 22:11:01 - [TEST_STEP][PASSED] - setText: Finding Test Object with id 'Object Repository/MOH AND GRN/Page_KDMC - CMS/input_txtbatchno'

2018-06-10 22:11:01 - [TEST_STEP][PASSED] - Statement - switch (id): Finding Test Object with id 'Object Repository/MOH AND GRN/Page_KDMC - CMS/input_txtmrp'

2018-06-10 22:11:01 - [TEST_STEP][PASSED] - Statement - case 1:: Text 'BA235.0' is set on object 'Object Repository/MOH AND GRN/Page_KDMC - CMS/input_txtbatchno'

2018-06-10 22:11:01 - [TEST_STEP][PASSED] - Statement - return (java.lang.Math.floor((java.lang.Math.random() * ((max - min) + 1))) + min): Text 'BA235.0' is set on object 'Object Repository/MOH AND GRN/Page_KDMC - CMS/input_txtbatchno'

2018-06-10 22:11:01 - [MESSAGE][PASSED] - Text 'BA235.0' is set on object 'Object Repository/MOH AND GRN/Page_KDMC - CMS/input_txtbatchno'

2018-06-10 22:11:01 - [TEST_STEP][PASSED] - rightClick: Object: 'Object Repository/GRN/Page_KDMC - CMS/input_txtexpdate' is right clicked on

2018-06-10 22:11:02 - [MESSAGE][PASSED] - Object: 'Object Repository/GRN/Page_KDMC - CMS/input_txtexpdate' is right clicked on

2018-06-10 22:11:02 - [TEST_STEP][PASSED] - selectOptionByIndex: All options with index in [6] are selected on object 'Object Repository/GRN/Page_KDMC - CMS/select_20182019202020212022202'

2018-06-10 22:11:02 - [MESSAGE][PASSED] - All options with index in [6] are selected on object 'Object Repository/GRN/Page_KDMC - CMS/select_20182019202020212022202'

2018-06-10 22:11:02 - [TEST_STEP][PASSED] - selectOptionByIndex: All options with index in [6] are selected on object 'Object Repository/GRN/Page_KDMC - CMS/select_JanFebMarAprMayJunJulAu'

2018-06-10 22:11:02 - [MESSAGE][PASSED] - All options with index in [6] are selected on object 'Object Repository/GRN/Page_KDMC - CMS/select_JanFebMarAprMayJunJulAu'

2018-06-10 22:11:02 - [TEST_STEP][PASSED] - click: Object: 'Object Repository/MOH AND GRN/Page_KDMC - CMS/a_12' is clicked on

2018-06-10 22:11:02 - [MESSAGE][PASSED] - Object: 'Object Repository/MOH AND GRN/Page_KDMC - CMS/a_12' is clicked on

2018-06-10 22:11:02 - [TEST_STEP][PASSED] - click: Object: 'Object Repository/MOH AND GRN/Page_KDMC - CMS/input_btnadd' is clicked on

2018-06-10 22:11:02 - [MESSAGE][PASSED] - Object: 'Object Repository/MOH AND GRN/Page_KDMC - CMS/input_btnadd' is clicked on

2018-06-10 22:11:02 - [TEST_STEP][PASSED] - Statement - If (s == 10): null

2018-06-10 22:11:02 - [TEST_STEP][PASSED] - Statement - Else: null

2018-06-10 22:11:02 - [TEST_STEP][PASSED] - Statement - (s++): null

2018-06-10 22:11:02 - [TEST_STEP][PASSED] - delay: Delayed 1 second(s)

2018-06-10 22:11:03 - [MESSAGE][PASSED] - Delayed 1 second(s)

2018-06-10 22:11:03 - [TEST_STEP][PASSED] - selectOptionByIndex: All options with index in [67] are selected on object 'Object Repository/MOH AND GRN/Page_KDMC - CMS/select_--Select--Amikacin -500'

2018-06-10 22:11:04 - [MESSAGE][PASSED] - All options with index in [67] are selected on object 'Object Repository/MOH AND GRN/Page_KDMC - CMS/select_--Select--Amikacin -500'

2018-06-10 22:11:04 - [TEST_STEP][PASSED] - setText: Text '5000' is set on object 'Object Repository/MOH AND GRN/Page_KDMC - CMS/input_txtqty'

2018-06-10 22:11:04 - [MESSAGE][PASSED] - Text '5000' is set on object 'Object Repository/MOH AND GRN/Page_KDMC - CMS/input_txtqty'

2018-06-10 22:11:04 - [TEST_STEP][PASSED] - selectOptionByIndex: All options with index in [1] are selected on object 'Object Repository/MOH AND GRN/Page_KDMC - CMS/select_--Select--No Tax0'

2018-06-10 22:11:04 - [MESSAGE][PASSED] - All options with index in [1] are selected on object 'Object Repository/MOH AND GRN/Page_KDMC - CMS/select_--Select--No Tax0'

2018-06-10 22:11:04 - [TEST_STEP][PASSED] - setText: Finding Test Object with id 'Object Repository/MOH AND GRN/Page_KDMC - CMS/input_txtmrp'

2018-06-10 22:11:04 - [TEST_STEP][PASSED] - Statement - switch (id): Finding Test Object with id 'Object Repository/MOH AND GRN/Page_KDMC - CMS/input_txtdeal'

2018-06-10 22:11:04 - [TEST_STEP][PASSED] - Statement - case 4:: Text '23.0' is set on object 'Object Repository/MOH AND GRN/Page_KDMC - CMS/input_txtmrp'

2018-06-10 22:11:04 - [TEST_STEP][PASSED] - Statement - return (java.lang.Math.floor((java.lang.Math.random() * ((max - min) + 1))) + min): Text '23.0' is set on object 'Object Repository/MOH AND GRN/Page_KDMC - CMS/input_txtmrp'

2018-06-10 22:11:04 - [MESSAGE][PASSED] - Text '23.0' is set on object 'Object Repository/MOH AND GRN/Page_KDMC - CMS/input_txtmrp'

2018-06-10 22:11:04 - [TEST_STEP][PASSED] - setText: Finding Test Object with id 'Object Repository/MOH AND GRN/Page_KDMC - CMS/input_txtdeal'

2018-06-10 22:11:04 - [TEST_STEP][PASSED] - Statement - switch (id): Finding Test Object with id 'Object Repository/MOH AND GRN/Page_KDMC - CMS/input_txtbatchno'

2018-06-10 22:11:04 - [TEST_STEP][PASSED] - Statement - case 5:: Text '6.0' is set on object 'Object Repository/MOH AND GRN/Page_KDMC - CMS/input_txtdeal'

2018-06-10 22:11:04 - [TEST_STEP][PASSED] - Statement - return (java.lang.Math.floor((java.lang.Math.random() * ((max - min) + 1))) + min): Text '6.0' is set on object 'Object Repository/MOH AND GRN/Page_KDMC - CMS/input_txtdeal'

2018-06-10 22:11:04 - [MESSAGE][PASSED] - Text '6.0' is set on object 'Object Repository/MOH AND GRN/Page_KDMC - CMS/input_txtdeal'

2018-06-10 22:11:04 - [TEST_STEP][PASSED] - setText: Finding Test Object with id 'Object Repository/MOH AND GRN/Page_KDMC - CMS/input_txtbatchno'

2018-06-10 22:11:04 - [TEST_STEP][PASSED] - Statement - switch (id): Finding Test Object with id 'Object Repository/MOH AND GRN/Page_KDMC - CMS/input_txtmrp'

2018-06-10 22:11:04 - [TEST_STEP][PASSED] - Statement - case 1:: Text 'BA183.0' is set on object 'Object Repository/MOH AND GRN/Page_KDMC - CMS/input_txtbatchno'

2018-06-10 22:11:04 - [TEST_STEP][PASSED] - Statement - return (java.lang.Math.floor((java.lang.Math.random() * ((max - min) + 1))) + min): Text 'BA183.0' is set on object 'Object Repository/MOH AND GRN/Page_KDMC - CMS/input_txtbatchno'

2018-06-10 22:11:05 - [MESSAGE][PASSED] - Text 'BA183.0' is set on object 'Object Repository/MOH AND GRN/Page_KDMC - CMS/input_txtbatchno'

2018-06-10 22:11:05 - [TEST_STEP][PASSED] - rightClick: Object: 'Object Repository/GRN/Page_KDMC - CMS/input_txtexpdate' is right clicked on

2018-06-10 22:11:05 - [MESSAGE][PASSED] - Object: 'Object Repository/GRN/Page_KDMC - CMS/input_txtexpdate' is right clicked on

2018-06-10 22:11:05 - [TEST_STEP][PASSED] - selectOptionByIndex: All options with index in [7] are selected on object 'Object Repository/GRN/Page_KDMC - CMS/select_20182019202020212022202'

2018-06-10 22:11:05 - [MESSAGE][PASSED] - All options with index in [7] are selected on object 'Object Repository/GRN/Page_KDMC - CMS/select_20182019202020212022202'

2018-06-10 22:11:05 - [TEST_STEP][PASSED] - selectOptionByIndex: All options with index in [7] are selected on object 'Object Repository/GRN/Page_KDMC - CMS/select_JanFebMarAprMayJunJulAu'

2018-06-10 22:11:05 - [MESSAGE][PASSED] - All options with index in [7] are selected on object 'Object Repository/GRN/Page_KDMC - CMS/select_JanFebMarAprMayJunJulAu'

2018-06-10 22:11:05 - [TEST_STEP][PASSED] - click: Object: 'Object Repository/MOH AND GRN/Page_KDMC - CMS/a_12' is clicked on

2018-06-10 22:11:05 - [MESSAGE][PASSED] - Object: 'Object Repository/MOH AND GRN/Page_KDMC - CMS/a_12' is clicked on

2018-06-10 22:11:05 - [TEST_STEP][PASSED] - click: Object: 'Object Repository/MOH AND GRN/Page_KDMC - CMS/input_btnadd' is clicked on

2018-06-10 22:11:05 - [MESSAGE][PASSED] - Object: 'Object Repository/MOH AND GRN/Page_KDMC - CMS/input_btnadd' is clicked on

2018-06-10 22:11:05 - [TEST_STEP][PASSED] - Statement - If (s == 10): null

2018-06-10 22:11:05 - [TEST_STEP][PASSED] - Statement - Else: null

2018-06-10 22:11:05 - [TEST_STEP][PASSED] - Statement - (s++): null

2018-06-10 22:11:05 - [TEST_STEP][PASSED] - delay: Delayed 1 second(s)

2018-06-10 22:11:06 - [MESSAGE][PASSED] - Delayed 1 second(s)

2018-06-10 22:11:06 - [TEST_STEP][PASSED] - selectOptionByIndex: All options with index in [68] are selected on object 'Object Repository/MOH AND GRN/Page_KDMC - CMS/select_--Select--Amikacin -500'

2018-06-10 22:11:07 - [MESSAGE][PASSED] - All options with index in [68] are selected on object 'Object Repository/MOH AND GRN/Page_KDMC - CMS/select_--Select--Amikacin -500'

2018-06-10 22:11:07 - [TEST_STEP][PASSED] - setText: Text '5000' is set on object 'Object Repository/MOH AND GRN/Page_KDMC - CMS/input_txtqty'

2018-06-10 22:11:07 - [MESSAGE][PASSED] - Text '5000' is set on object 'Object Repository/MOH AND GRN/Page_KDMC - CMS/input_txtqty'

2018-06-10 22:11:07 - [TEST_STEP][PASSED] - selectOptionByIndex: All options with index in [1] are selected on object 'Object Repository/MOH AND GRN/Page_KDMC - CMS/select_--Select--No Tax0'

2018-06-10 22:11:07 - [MESSAGE][PASSED] - All options with index in [1] are selected on object 'Object Repository/MOH AND GRN/Page_KDMC - CMS/select_--Select--No Tax0'

2018-06-10 22:11:07 - [TEST_STEP][PASSED] - setText: Finding Test Object with id 'Object Repository/MOH AND GRN/Page_KDMC - CMS/input_txtmrp'

2018-06-10 22:11:07 - [TEST_STEP][PASSED] - Statement - switch (id): Finding Test Object with id 'Object Repository/MOH AND GRN/Page_KDMC - CMS/input_txtdeal'

2018-06-10 22:11:07 - [TEST_STEP][PASSED] - Statement - case 4:: Text '41.0' is set on object 'Object Repository/MOH AND GRN/Page_KDMC - CMS/input_txtmrp'

2018-06-10 22:11:07 - [TEST_STEP][PASSED] - Statement - return (java.lang.Math.floor((java.lang.Math.random() * ((max - min) + 1))) + min): Text '41.0' is set on object 'Object Repository/MOH AND GRN/Page_KDMC - CMS/input_txtmrp'

2018-06-10 22:11:07 - [MESSAGE][PASSED] - Text '41.0' is set on object 'Object Repository/MOH AND GRN/Page_KDMC - CMS/input_txtmrp'

2018-06-10 22:11:07 - [TEST_STEP][PASSED] - setText: Finding Test Object with id 'Object Repository/MOH AND GRN/Page_KDMC - CMS/input_txtdeal'

2018-06-10 22:11:07 - [TEST_STEP][PASSED] - Statement - switch (id): Finding Test Object with id 'Object Repository/MOH AND GRN/Page_KDMC - CMS/input_txtbatchno'

2018-06-10 22:11:07 - [TEST_STEP][PASSED] - Statement - case 5:: Text '5.0' is set on object 'Object Repository/MOH AND GRN/Page_KDMC - CMS/input_txtdeal'

2018-06-10 22:11:07 - [TEST_STEP][PASSED] - Statement - return (java.lang.Math.floor((java.lang.Math.random() * ((max - min) + 1))) + min): Text '5.0' is set on object 'Object Repository/MOH AND GRN/Page_KDMC - CMS/input_txtdeal'

2018-06-10 22:11:08 - [MESSAGE][PASSED] - Text '5.0' is set on object 'Object Repository/MOH AND GRN/Page_KDMC - CMS/input_txtdeal'

2018-06-10 22:11:08 - [TEST_STEP][PASSED] - setText: Finding Test Object with id 'Object Repository/MOH AND GRN/Page_KDMC - CMS/input_txtbatchno'

2018-06-10 22:11:08 - [TEST_STEP][PASSED] - Statement - switch (id): Finding Test Object with id 'Object Repository/MOH AND GRN/Page_KDMC - CMS/input_txtmrp'

2018-06-10 22:11:08 - [TEST_STEP][PASSED] - Statement - case 1:: Text 'BA188.0' is set on object 'Object Repository/MOH AND GRN/Page_KDMC - CMS/input_txtbatchno'

2018-06-10 22:11:08 - [TEST_STEP][PASSED] - Statement - return (java.lang.Math.floor((java.lang.Math.random() * ((max - min) + 1))) + min): Text 'BA188.0' is set on object 'Object Repository/MOH AND GRN/Page_KDMC - CMS/input_txtbatchno'

2018-06-10 22:11:08 - [MESSAGE][PASSED] - Text 'BA188.0' is set on object 'Object Repository/MOH AND GRN/Page_KDMC - CMS/input_txtbatchno'

2018-06-10 22:11:08 - [TEST_STEP][PASSED] - rightClick: Object: 'Object Repository/GRN/Page_KDMC - CMS/input_txtexpdate' is right clicked on

2018-06-10 22:11:08 - [MESSAGE][PASSED] - Object: 'Object Repository/GRN/Page_KDMC - CMS/input_txtexpdate' is right clicked on

2018-06-10 22:11:08 - [TEST_STEP][PASSED] - selectOptionByIndex: All options with index in [8] are selected on object 'Object Repository/GRN/Page_KDMC - CMS/select_20182019202020212022202'

2018-06-10 22:11:08 - [MESSAGE][PASSED] - All options with index in [8] are selected on object 'Object Repository/GRN/Page_KDMC - CMS/select_20182019202020212022202'

2018-06-10 22:11:08 - [TEST_STEP][PASSED] - selectOptionByIndex: All options with index in [8] are selected on object 'Object Repository/GRN/Page_KDMC - CMS/select_JanFebMarAprMayJunJulAu'

2018-06-10 22:11:08 - [MESSAGE][PASSED] - All options with index in [8] are selected on object 'Object Repository/GRN/Page_KDMC - CMS/select_JanFebMarAprMayJunJulAu'

2018-06-10 22:11:08 - [TEST_STEP][PASSED] - click: Object: 'Object Repository/MOH AND GRN/Page_KDMC - CMS/a_12' is clicked on

2018-06-10 22:11:08 - [MESSAGE][PASSED] - Object: 'Object Repository/MOH AND GRN/Page_KDMC - CMS/a_12' is clicked on

2018-06-10 22:11:08 - [TEST_STEP][PASSED] - click: Object: 'Object Repository/MOH AND GRN/Page_KDMC - CMS/input_btnadd' is clicked on

2018-06-10 22:11:08 - [MESSAGE][PASSED] - Object: 'Object Repository/MOH AND GRN/Page_KDMC - CMS/input_btnadd' is clicked on

2018-06-10 22:11:08 - [TEST_STEP][PASSED] - Statement - If (s == 10): null

2018-06-10 22:11:08 - [TEST_STEP][PASSED] - Statement - Else: null

2018-06-10 22:11:08 - [TEST_STEP][PASSED] - Statement - (s++): null

2018-06-10 22:11:08 - [TEST_STEP][PASSED] - delay: Delayed 1 second(s)

2018-06-10 22:11:09 - [MESSAGE][PASSED] - Delayed 1 second(s)

2018-06-10 22:11:09 - [TEST_STEP][PASSED] - selectOptionByIndex: All options with index in [69] are selected on object 'Object Repository/MOH AND GRN/Page_KDMC - CMS/select_--Select--Amikacin -500'

2018-06-10 22:11:10 - [MESSAGE][PASSED] - All options with index in [69] are selected on object 'Object Repository/MOH AND GRN/Page_KDMC - CMS/select_--Select--Amikacin -500'

2018-06-10 22:11:10 - [TEST_STEP][PASSED] - setText: Text '5000' is set on object 'Object Repository/MOH AND GRN/Page_KDMC - CMS/input_txtqty'

2018-06-10 22:11:10 - [MESSAGE][PASSED] - Text '5000' is set on object 'Object Repository/MOH AND GRN/Page_KDMC - CMS/input_txtqty'

2018-06-10 22:11:10 - [TEST_STEP][PASSED] - selectOptionByIndex: All options with index in [1] are selected on object 'Object Repository/MOH AND GRN/Page_KDMC - CMS/select_--Select--No Tax0'

2018-06-10 22:11:11 - [MESSAGE][PASSED] - All options with index in [1] are selected on object 'Object Repository/MOH AND GRN/Page_KDMC - CMS/select_--Select--No Tax0'

2018-06-10 22:11:11 - [TEST_STEP][PASSED] - setText: Finding Test Object with id 'Object Repository/MOH AND GRN/Page_KDMC - CMS/input_txtmrp'

2018-06-10 22:11:11 - [TEST_STEP][PASSED] - Statement - switch (id): Finding Test Object with id 'Object Repository/MOH AND GRN/Page_KDMC - CMS/input_txtdeal'

2018-06-10 22:11:11 - [TEST_STEP][PASSED] - Statement - case 4:: Text '42.0' is set on object 'Object Repository/MOH AND GRN/Page_KDMC - CMS/input_txtmrp'

2018-06-10 22:11:11 - [TEST_STEP][PASSED] - Statement - return (java.lang.Math.floor((java.lang.Math.random() * ((max - min) + 1))) + min): Text '42.0' is set on object 'Object Repository/MOH AND GRN/Page_KDMC - CMS/input_txtmrp'

2018-06-10 22:11:11 - [MESSAGE][PASSED] - Text '42.0' is set on object 'Object Repository/MOH AND GRN/Page_KDMC - CMS/input_txtmrp'

2018-06-10 22:11:11 - [TEST_STEP][PASSED] - setText: Finding Test Object with id 'Object Repository/MOH AND GRN/Page_KDMC - CMS/input_txtdeal'

2018-06-10 22:11:11 - [TEST_STEP][PASSED] - Statement - switch (id): Finding Test Object with id 'Object Repository/MOH AND GRN/Page_KDMC - CMS/input_txtbatchno'

2018-06-10 22:11:11 - [TEST_STEP][PASSED] - Statement - case 5:: Text '7.0' is set on object 'Object Repository/MOH AND GRN/Page_KDMC - CMS/input_txtdeal'

2018-06-10 22:11:11 - [TEST_STEP][PASSED] - Statement - return (java.lang.Math.floor((java.lang.Math.random() * ((max - min) + 1))) + min): Text '7.0' is set on object 'Object Repository/MOH AND GRN/Page_KDMC - CMS/input_txtdeal'

2018-06-10 22:11:11 - [MESSAGE][PASSED] - Text '7.0' is set on object 'Object Repository/MOH AND GRN/Page_KDMC - CMS/input_txtdeal'

2018-06-10 22:11:11 - [TEST_STEP][PASSED] - setText: Finding Test Object with id 'Object Repository/MOH AND GRN/Page_KDMC - CMS/input_txtbatchno'

2018-06-10 22:11:11 - [TEST_STEP][PASSED] - Statement - switch (id): Finding Test Object with id 'Object Repository/MOH AND GRN/Page_KDMC - CMS/input_txtmrp'

2018-06-10 22:11:11 - [TEST_STEP][PASSED] - Statement - case 1:: Text 'BA642.0' is set on object 'Object Repository/MOH AND GRN/Page_KDMC - CMS/input_txtbatchno'

2018-06-10 22:11:11 - [TEST_STEP][PASSED] - Statement - return (java.lang.Math.floor((java.lang.Math.random() * ((max - min) + 1))) + min): Text 'BA642.0' is set on object 'Object Repository/MOH AND GRN/Page_KDMC - CMS/input_txtbatchno'

2018-06-10 22:11:11 - [MESSAGE][PASSED] - Text 'BA642.0' is set on object 'Object Repository/MOH AND GRN/Page_KDMC - CMS/input_txtbatchno'

2018-06-10 22:11:11 - [TEST_STEP][PASSED] - rightClick: Object: 'Object Repository/GRN/Page_KDMC - CMS/input_txtexpdate' is right clicked on

2018-06-10 22:11:11 - [MESSAGE][PASSED] - Object: 'Object Repository/GRN/Page_KDMC - CMS/input_txtexpdate' is right clicked on

2018-06-10 22:11:11 - [TEST_STEP][PASSED] - selectOptionByIndex: All options with index in [9] are selected on object 'Object Repository/GRN/Page_KDMC - CMS/select_20182019202020212022202'

2018-06-10 22:11:11 - [MESSAGE][PASSED] - All options with index in [9] are selected on object 'Object Repository/GRN/Page_KDMC - CMS/select_20182019202020212022202'

2018-06-10 22:11:11 - [TEST_STEP][PASSED] - selectOptionByIndex: All options with index in [9] are selected on object 'Object Repository/GRN/Page_KDMC - CMS/select_JanFebMarAprMayJunJulAu'

2018-06-10 22:11:11 - [MESSAGE][PASSED] - All options with index in [9] are selected on object 'Object Repository/GRN/Page_KDMC - CMS/select_JanFebMarAprMayJunJulAu'

2018-06-10 22:11:11 - [TEST_STEP][PASSED] - click: Object: 'Object Repository/MOH AND GRN/Page_KDMC - CMS/a_12' is clicked on

2018-06-10 22:11:12 - [MESSAGE][PASSED] - Object: 'Object Repository/MOH AND GRN/Page_KDMC - CMS/a_12' is clicked on

2018-06-10 22:11:12 - [TEST_STEP][PASSED] - click: Object: 'Object Repository/MOH AND GRN/Page_KDMC - CMS/input_btnadd' is clicked on

2018-06-10 22:11:12 - [MESSAGE][PASSED] - Object: 'Object Repository/MOH AND GRN/Page_KDMC - CMS/input_btnadd' is clicked on

2018-06-10 22:11:12 - [TEST_STEP][PASSED] - Statement - If (s == 10): null

2018-06-10 22:11:12 - [TEST_STEP][PASSED] - Statement - Else: null

2018-06-10 22:11:12 - [TEST_STEP][PASSED] - Statement - (s++): null

2018-06-10 22:11:12 - [TEST_STEP][PASSED] - delay: Delayed 1 second(s)

2018-06-10 22:11:13 - [MESSAGE][PASSED] - Delayed 1 second(s)

2018-06-10 22:11:13 - [TEST_STEP][PASSED] - selectOptionByIndex: All options with index in [70] are selected on object 'Object Repository/MOH AND GRN/Page_KDMC - CMS/select_--Select--Amikacin -500'

2018-06-10 22:11:13 - [MESSAGE][PASSED] - All options with index in [70] are selected on object 'Object Repository/MOH AND GRN/Page_KDMC - CMS/select_--Select--Amikacin -500'

2018-06-10 22:11:13 - [TEST_STEP][PASSED] - setText: Text '5000' is set on object 'Object Repository/MOH AND GRN/Page_KDMC - CMS/input_txtqty'

2018-06-10 22:11:14 - [MESSAGE][PASSED] - Text '5000' is set on object 'Object Repository/MOH AND GRN/Page_KDMC - CMS/input_txtqty'

2018-06-10 22:11:14 - [TEST_STEP][PASSED] - selectOptionByIndex: All options with index in [1] are selected on object 'Object Repository/MOH AND GRN/Page_KDMC - CMS/select_--Select--No Tax0'

2018-06-10 22:11:14 - [MESSAGE][PASSED] - All options with index in [1] are selected on object 'Object Repository/MOH AND GRN/Page_KDMC - CMS/select_--Select--No Tax0'

2018-06-10 22:11:14 - [TEST_STEP][PASSED] - setText: Finding Test Object with id 'Object Repository/MOH AND GRN/Page_KDMC - CMS/input_txtmrp'

2018-06-10 22:11:14 - [TEST_STEP][PASSED] - Statement - switch (id): Finding Test Object with id 'Object Repository/MOH AND GRN/Page_KDMC - CMS/input_txtdeal'

2018-06-10 22:11:14 - [TEST_STEP][PASSED] - Statement - case 4:: Text '18.0' is set on object 'Object Repository/MOH AND GRN/Page_KDMC - CMS/input_txtmrp'

2018-06-10 22:11:14 - [TEST_STEP][PASSED] - Statement - return (java.lang.Math.floor((java.lang.Math.random() * ((max - min) + 1))) + min): Text '18.0' is set on object 'Object Repository/MOH AND GRN/Page_KDMC - CMS/input_txtmrp'

2018-06-10 22:11:14 - [MESSAGE][PASSED] - Text '18.0' is set on object 'Object Repository/MOH AND GRN/Page_KDMC - CMS/input_txtmrp'

2018-06-10 22:11:14 - [TEST_STEP][PASSED] - setText: Finding Test Object with id 'Object Repository/MOH AND GRN/Page_KDMC - CMS/input_txtdeal'

2018-06-10 22:11:14 - [TEST_STEP][PASSED] - Statement - switch (id): Finding Test Object with id 'Object Repository/MOH AND GRN/Page_KDMC - CMS/input_txtbatchno'

2018-06-10 22:11:14 - [TEST_STEP][PASSED] - Statement - case 5:: Text '2.0' is set on object 'Object Repository/MOH AND GRN/Page_KDMC - CMS/input_txtdeal'

2018-06-10 22:11:14 - [TEST_STEP][PASSED] - Statement - return (java.lang.Math.floor((java.lang.Math.random() * ((max - min) + 1))) + min): Text '2.0' is set on object 'Object Repository/MOH AND GRN/Page_KDMC - CMS/input_txtdeal'

2018-06-10 22:11:14 - [MESSAGE][PASSED] - Text '2.0' is set on object 'Object Repository/MOH AND GRN/Page_KDMC - CMS/input_txtdeal'

2018-06-10 22:11:14 - [TEST_STEP][PASSED] - setText: Finding Test Object with id 'Object Repository/MOH AND GRN/Page_KDMC - CMS/input_txtbatchno'

2018-06-10 22:11:14 - [TEST_STEP][PASSED] - Statement - switch (id): Finding Test Object with id 'Object Repository/MOH AND GRN/Page_KDMC - CMS/input_txtmrp'

2018-06-10 22:11:14 - [TEST_STEP][PASSED] - Statement - case 1:: Text 'BA352.0' is set on object 'Object Repository/MOH AND GRN/Page_KDMC - CMS/input_txtbatchno'

2018-06-10 22:11:14 - [TEST_STEP][PASSED] - Statement - return (java.lang.Math.floor((java.lang.Math.random() * ((max - min) + 1))) + min): Text 'BA352.0' is set on object 'Object Repository/MOH AND GRN/Page_KDMC - CMS/input_txtbatchno'

2018-06-10 22:11:14 - [MESSAGE][PASSED] - Text 'BA352.0' is set on object 'Object Repository/MOH AND GRN/Page_KDMC - CMS/input_txtbatchno'

2018-06-10 22:11:14 - [TEST_STEP][PASSED] - rightClick: Object: 'Object Repository/GRN/Page_KDMC - CMS/input_txtexpdate' is right clicked on

2018-06-10 22:11:14 - [MESSAGE][PASSED] - Object: 'Object Repository/GRN/Page_KDMC - CMS/input_txtexpdate' is right clicked on

2018-06-10 22:11:14 - [TEST_STEP][PASSED] - selectOptionByIndex: All options with index in [10] are selected on object 'Object Repository/GRN/Page_KDMC - CMS/select_20182019202020212022202'

2018-06-10 22:11:14 - [MESSAGE][PASSED] - All options with index in [10] are selected on object 'Object Repository/GRN/Page_KDMC - CMS/select_20182019202020212022202'

2018-06-10 22:11:14 - [TEST_STEP][PASSED] - selectOptionByIndex: All options with index in [10] are selected on object 'Object Repository/GRN/Page_KDMC - CMS/select_JanFebMarAprMayJunJulAu'

2018-06-10 22:11:15 - [MESSAGE][PASSED] - All options with index in [10] are selected on object 'Object Repository/GRN/Page_KDMC - CMS/select_JanFebMarAprMayJunJulAu'

2018-06-10 22:11:15 - [TEST_STEP][PASSED] - click: Object: 'Object Repository/MOH AND GRN/Page_KDMC - CMS/a_12' is clicked on

2018-06-10 22:11:15 - [MESSAGE][PASSED] - Object: 'Object Repository/MOH AND GRN/Page_KDMC - CMS/a_12' is clicked on

2018-06-10 22:11:15 - [TEST_STEP][PASSED] - click: Object: 'Object Repository/MOH AND GRN/Page_KDMC - CMS/input_btnadd' is clicked on

2018-06-10 22:11:15 - [MESSAGE][PASSED] - Object: 'Object Repository/MOH AND GRN/Page_KDMC - CMS/input_btnadd' is clicked on

2018-06-10 22:11:15 - [TEST_STEP][PASSED] - Statement - If (s == 10): null

2018-06-10 22:11:15 - [TEST_STEP][PASSED] - Statement - s = 1: null

2018-06-10 22:11:15 - [TEST_STEP][PASSED] - delay: Delayed 1 second(s)

2018-06-10 22:11:16 - [MESSAGE][PASSED] - Delayed 1 second(s)

2018-06-10 22:11:16 - [TEST_STEP][PASSED] - selectOptionByIndex: All options with index in [71] are selected on object 'Object Repository/MOH AND GRN/Page_KDMC - CMS/select_--Select--Amikacin -500'

2018-06-10 22:11:17 - [MESSAGE][PASSED] - All options with index in [71] are selected on object 'Object Repository/MOH AND GRN/Page_KDMC - CMS/select_--Select--Amikacin -500'

2018-06-10 22:11:17 - [TEST_STEP][PASSED] - setText: Text '5000' is set on object 'Object Repository/MOH AND GRN/Page_KDMC - CMS/input_txtqty'

2018-06-10 22:11:17 - [MESSAGE][PASSED] - Text '5000' is set on object 'Object Repository/MOH AND GRN/Page_KDMC - CMS/input_txtqty'

2018-06-10 22:11:17 - [TEST_STEP][PASSED] - selectOptionByIndex: All options with index in [1] are selected on object 'Object Repository/MOH AND GRN/Page_KDMC - CMS/select_--Select--No Tax0'

2018-06-10 22:11:17 - [MESSAGE][PASSED] - All options with index in [1] are selected on object 'Object Repository/MOH AND GRN/Page_KDMC - CMS/select_--Select--No Tax0'

2018-06-10 22:11:17 - [TEST_STEP][PASSED] - setText: Finding Test Object with id 'Object Repository/MOH AND GRN/Page_KDMC - CMS/input_txtmrp'

2018-06-10 22:11:17 - [TEST_STEP][PASSED] - Statement - switch (id): Finding Test Object with id 'Object Repository/MOH AND GRN/Page_KDMC - CMS/input_txtdeal'

2018-06-10 22:11:17 - [TEST_STEP][PASSED] - Statement - case 4:: Text '29.0' is set on object 'Object Repository/MOH AND GRN/Page_KDMC - CMS/input_txtmrp'

2018-06-10 22:11:17 - [TEST_STEP][PASSED] - Statement - return (java.lang.Math.floor((java.lang.Math.random() * ((max - min) + 1))) + min): Text '29.0' is set on object 'Object Repository/MOH AND GRN/Page_KDMC - CMS/input_txtmrp'

2018-06-10 22:11:17 - [MESSAGE][PASSED] - Text '29.0' is set on object 'Object Repository/MOH AND GRN/Page_KDMC - CMS/input_txtmrp'

2018-06-10 22:11:17 - [TEST_STEP][PASSED] - setText: Finding Test Object with id 'Object Repository/MOH AND GRN/Page_KDMC - CMS/input_txtdeal'

2018-06-10 22:11:17 - [TEST_STEP][PASSED] - Statement - switch (id): Finding Test Object with id 'Object Repository/MOH AND GRN/Page_KDMC - CMS/input_txtbatchno'

2018-06-10 22:11:17 - [TEST_STEP][PASSED] - Statement - case 5:: Text '10.0' is set on object 'Object Repository/MOH AND GRN/Page_KDMC - CMS/input_txtdeal'

2018-06-10 22:11:17 - [TEST_STEP][PASSED] - Statement - return (java.lang.Math.floor((java.lang.Math.random() * ((max - min) + 1))) + min): Text '10.0' is set on object 'Object Repository/MOH AND GRN/Page_KDMC - CMS/input_txtdeal'

2018-06-10 22:11:17 - [MESSAGE][PASSED] - Text '10.0' is set on object 'Object Repository/MOH AND GRN/Page_KDMC - CMS/input_txtdeal'

2018-06-10 22:11:17 - [TEST_STEP][PASSED] - setText: Finding Test Object with id 'Object Repository/MOH AND GRN/Page_KDMC - CMS/input_txtbatchno'

2018-06-10 22:11:17 - [TEST_STEP][PASSED] - Statement - switch (id): Finding Test Object with id 'Object Repository/MOH AND GRN/Page_KDMC - CMS/input_txtmrp'

2018-06-10 22:11:17 - [TEST_STEP][PASSED] - Statement - case 1:: Text 'BA74.0' is set on object 'Object Repository/MOH AND GRN/Page_KDMC - CMS/input_txtbatchno'

2018-06-10 22:11:17 - [TEST_STEP][PASSED] - Statement - return (java.lang.Math.floor((java.lang.Math.random() * ((max - min) + 1))) + min): Text 'BA74.0' is set on object 'Object Repository/MOH AND GRN/Page_KDMC - CMS/input_txtbatchno'

2018-06-10 22:11:17 - [MESSAGE][PASSED] - Text 'BA74.0' is set on object 'Object Repository/MOH AND GRN/Page_KDMC - CMS/input_txtbatchno'

2018-06-10 22:11:17 - [TEST_STEP][PASSED] - rightClick: Object: 'Object Repository/GRN/Page_KDMC - CMS/input_txtexpdate' is right clicked on

2018-06-10 22:11:17 - [MESSAGE][PASSED] - Object: 'Object Repository/GRN/Page_KDMC - CMS/input_txtexpdate' is right clicked on

2018-06-10 22:11:17 - [TEST_STEP][PASSED] - selectOptionByIndex: All options with index in [1] are selected on object 'Object Repository/GRN/Page_KDMC - CMS/select_20182019202020212022202'

2018-06-10 22:11:18 - [MESSAGE][PASSED] - All options with index in [1] are selected on object 'Object Repository/GRN/Page_KDMC - CMS/select_20182019202020212022202'

2018-06-10 22:11:18 - [TEST_STEP][PASSED] - selectOptionByIndex: All options with index in [1] are selected on object 'Object Repository/GRN/Page_KDMC - CMS/select_JanFebMarAprMayJunJulAu'

2018-06-10 22:11:18 - [MESSAGE][PASSED] - All options with index in [1] are selected on object 'Object Repository/GRN/Page_KDMC - CMS/select_JanFebMarAprMayJunJulAu'

2018-06-10 22:11:18 - [TEST_STEP][PASSED] - click: Object: 'Object Repository/MOH AND GRN/Page_KDMC - CMS/a_12' is clicked on

2018-06-10 22:11:18 - [MESSAGE][PASSED] - Object: 'Object Repository/MOH AND GRN/Page_KDMC - CMS/a_12' is clicked on

2018-06-10 22:11:18 - [TEST_STEP][PASSED] - click: Object: 'Object Repository/MOH AND GRN/Page_KDMC - CMS/input_btnadd' is clicked on

2018-06-10 22:11:18 - [MESSAGE][PASSED] - Object: 'Object Repository/MOH AND GRN/Page_KDMC - CMS/input_btnadd' is clicked on

2018-06-10 22:11:18 - [TEST_STEP][PASSED] - Statement - If (s == 10): null

2018-06-10 22:11:18 - [TEST_STEP][PASSED] - Statement - Else: null

2018-06-10 22:11:18 - [TEST_STEP][PASSED] - Statement - (s++): null

2018-06-10 22:11:18 - [TEST_STEP][PASSED] - delay: Delayed 1 second(s)

2018-06-10 22:11:19 - [MESSAGE][PASSED] - Delayed 1 second(s)

2018-06-10 22:11:19 - [TEST_STEP][PASSED] - selectOptionByIndex: All options with index in [72] are selected on object 'Object Repository/MOH AND GRN/Page_KDMC - CMS/select_--Select--Amikacin -500'

2018-06-10 22:11:20 - [MESSAGE][PASSED] - All options with index in [72] are selected on object 'Object Repository/MOH AND GRN/Page_KDMC - CMS/select_--Select--Amikacin -500'

2018-06-10 22:11:20 - [TEST_STEP][PASSED] - setText: Text '5000' is set on object 'Object Repository/MOH AND GRN/Page_KDMC - CMS/input_txtqty'

2018-06-10 22:11:20 - [MESSAGE][PASSED] - Text '5000' is set on object 'Object Repository/MOH AND GRN/Page_KDMC - CMS/input_txtqty'

2018-06-10 22:11:20 - [TEST_STEP][PASSED] - selectOptionByIndex: All options with index in [1] are selected on object 'Object Repository/MOH AND GRN/Page_KDMC - CMS/select_--Select--No Tax0'

2018-06-10 22:11:20 - [MESSAGE][PASSED] - All options with index in [1] are selected on object 'Object Repository/MOH AND GRN/Page_KDMC - CMS/select_--Select--No Tax0'

2018-06-10 22:11:20 - [TEST_STEP][PASSED] - setText: Finding Test Object with id 'Object Repository/MOH AND GRN/Page_KDMC - CMS/input_txtmrp'

2018-06-10 22:11:20 - [TEST_STEP][PASSED] - Statement - switch (id): Finding Test Object with id 'Object Repository/MOH AND GRN/Page_KDMC - CMS/input_txtdeal'

2018-06-10 22:11:20 - [TEST_STEP][PASSED] - Statement - case 4:: Text '27.0' is set on object 'Object Repository/MOH AND GRN/Page_KDMC - CMS/input_txtmrp'

2018-06-10 22:11:20 - [TEST_STEP][PASSED] - Statement - return (java.lang.Math.floor((java.lang.Math.random() * ((max - min) + 1))) + min): Text '27.0' is set on object 'Object Repository/MOH AND GRN/Page_KDMC - CMS/input_txtmrp'

2018-06-10 22:11:20 - [MESSAGE][PASSED] - Text '27.0' is set on object 'Object Repository/MOH AND GRN/Page_KDMC - CMS/input_txtmrp'

2018-06-10 22:11:20 - [TEST_STEP][PASSED] - setText: Finding Test Object with id 'Object Repository/MOH AND GRN/Page_KDMC - CMS/input_txtdeal'

2018-06-10 22:11:20 - [TEST_STEP][PASSED] - Statement - switch (id): Finding Test Object with id 'Object Repository/MOH AND GRN/Page_KDMC - CMS/input_txtbatchno'

2018-06-10 22:11:20 - [TEST_STEP][PASSED] - Statement - case 5:: Text '8.0' is set on object 'Object Repository/MOH AND GRN/Page_KDMC - CMS/input_txtdeal'

2018-06-10 22:11:20 - [TEST_STEP][PASSED] - Statement - return (java.lang.Math.floor((java.lang.Math.random() * ((max - min) + 1))) + min): Text '8.0' is set on object 'Object Repository/MOH AND GRN/Page_KDMC - CMS/input_txtdeal'

2018-06-10 22:11:20 - [MESSAGE][PASSED] - Text '8.0' is set on object 'Object Repository/MOH AND GRN/Page_KDMC - CMS/input_txtdeal'

2018-06-10 22:11:20 - [TEST_STEP][PASSED] - setText: Finding Test Object with id 'Object Repository/MOH AND GRN/Page_KDMC - CMS/input_txtbatchno'

2018-06-10 22:11:20 - [TEST_STEP][PASSED] - Statement - switch (id): Finding Test Object with id 'Object Repository/MOH AND GRN/Page_KDMC - CMS/input_txtmrp'

2018-06-10 22:11:20 - [TEST_STEP][PASSED] - Statement - case 1:: Text 'BA183.0' is set on object 'Object Repository/MOH AND GRN/Page_KDMC - CMS/input_txtbatchno'

2018-06-10 22:11:20 - [TEST_STEP][PASSED] - Statement - return (java.lang.Math.floor((java.lang.Math.random() * ((max - min) + 1))) + min): Text 'BA183.0' is set on object 'Object Repository/MOH AND GRN/Page_KDMC - CMS/input_txtbatchno'

2018-06-10 22:11:20 - [MESSAGE][PASSED] - Text 'BA183.0' is set on object 'Object Repository/MOH AND GRN/Page_KDMC - CMS/input_txtbatchno'

2018-06-10 22:11:20 - [TEST_STEP][PASSED] - rightClick: Object: 'Object Repository/GRN/Page_KDMC - CMS/input_txtexpdate' is right clicked on

2018-06-10 22:11:20 - [MESSAGE][PASSED] - Object: 'Object Repository/GRN/Page_KDMC - CMS/input_txtexpdate' is right clicked on

2018-06-10 22:11:20 - [TEST_STEP][PASSED] - selectOptionByIndex: All options with index in [2] are selected on object 'Object Repository/GRN/Page_KDMC - CMS/select_20182019202020212022202'

2018-06-10 22:11:21 - [MESSAGE][PASSED] - All options with index in [2] are selected on object 'Object Repository/GRN/Page_KDMC - CMS/select_20182019202020212022202'

2018-06-10 22:11:21 - [TEST_STEP][PASSED] - selectOptionByIndex: All options with index in [2] are selected on object 'Object Repository/GRN/Page_KDMC - CMS/select_JanFebMarAprMayJunJulAu'

2018-06-10 22:11:21 - [MESSAGE][PASSED] - All options with index in [2] are selected on object 'Object Repository/GRN/Page_KDMC - CMS/select_JanFebMarAprMayJunJulAu'

2018-06-10 22:11:21 - [TEST_STEP][PASSED] - click: Object: 'Object Repository/MOH AND GRN/Page_KDMC - CMS/a_12' is clicked on

2018-06-10 22:11:21 - [MESSAGE][PASSED] - Object: 'Object Repository/MOH AND GRN/Page_KDMC - CMS/a_12' is clicked on

2018-06-10 22:11:21 - [TEST_STEP][PASSED] - click: Object: 'Object Repository/MOH AND GRN/Page_KDMC - CMS/input_btnadd' is clicked on

2018-06-10 22:11:21 - [MESSAGE][PASSED] - Object: 'Object Repository/MOH AND GRN/Page_KDMC - CMS/input_btnadd' is clicked on

2018-06-10 22:11:21 - [TEST_STEP][PASSED] - Statement - If (s == 10): null

2018-06-10 22:11:21 - [TEST_STEP][PASSED] - Statement - Else: null

2018-06-10 22:11:21 - [TEST_STEP][PASSED] - Statement - (s++): null

2018-06-10 22:11:21 - [TEST_STEP][PASSED] - delay: Delayed 1 second(s)

2018-06-10 22:11:22 - [MESSAGE][PASSED] - Delayed 1 second(s)

2018-06-10 22:11:22 - [TEST_STEP][PASSED] - selectOptionByIndex: All options with index in [73] are selected on object 'Object Repository/MOH AND GRN/Page_KDMC - CMS/select_--Select--Amikacin -500'

2018-06-10 22:11:23 - [MESSAGE][PASSED] - All options with index in [73] are selected on object 'Object Repository/MOH AND GRN/Page_KDMC - CMS/select_--Select--Amikacin -500'

2018-06-10 22:11:23 - [TEST_STEP][PASSED] - setText: Text '5000' is set on object 'Object Repository/MOH AND GRN/Page_KDMC - CMS/input_txtqty'

2018-06-10 22:11:23 - [MESSAGE][PASSED] - Text '5000' is set on object 'Object Repository/MOH AND GRN/Page_KDMC - CMS/input_txtqty'

2018-06-10 22:11:23 - [TEST_STEP][PASSED] - selectOptionByIndex: All options with index in [1] are selected on object 'Object Repository/MOH AND GRN/Page_KDMC - CMS/select_--Select--No Tax0'

2018-06-10 22:11:23 - [MESSAGE][PASSED] - All options with index in [1] are selected on object 'Object Repository/MOH AND GRN/Page_KDMC - CMS/select_--Select--No Tax0'

2018-06-10 22:11:23 - [TEST_STEP][PASSED] - setText: Finding Test Object with id 'Object Repository/MOH AND GRN/Page_KDMC - CMS/input_txtmrp'

2018-06-10 22:11:23 - [TEST_STEP][PASSED] - Statement - switch (id): Finding Test Object with id 'Object Repository/MOH AND GRN/Page_KDMC - CMS/input_txtdeal'

2018-06-10 22:11:23 - [TEST_STEP][PASSED] - Statement - case 4:: Text '38.0' is set on object 'Object Repository/MOH AND GRN/Page_KDMC - CMS/input_txtmrp'

2018-06-10 22:11:23 - [TEST_STEP][PASSED] - Statement - return (java.lang.Math.floor((java.lang.Math.random() * ((max - min) + 1))) + min): Text '38.0' is set on object 'Object Repository/MOH AND GRN/Page_KDMC - CMS/input_txtmrp'

2018-06-10 22:11:23 - [MESSAGE][PASSED] - Text '38.0' is set on object 'Object Repository/MOH AND GRN/Page_KDMC - CMS/input_txtmrp'

2018-06-10 22:11:23 - [TEST_STEP][PASSED] - setText: Finding Test Object with id 'Object Repository/MOH AND GRN/Page_KDMC - CMS/input_txtdeal'

2018-06-10 22:11:23 - [TEST_STEP][PASSED] - Statement - switch (id): Finding Test Object with id 'Object Repository/MOH AND GRN/Page_KDMC - CMS/input_txtbatchno'

2018-06-10 22:11:23 - [TEST_STEP][PASSED] - Statement - case 5:: Text '7.0' is set on object 'Object Repository/MOH AND GRN/Page_KDMC - CMS/input_txtdeal'

2018-06-10 22:11:23 - [TEST_STEP][PASSED] - Statement - return (java.lang.Math.floor((java.lang.Math.random() * ((max - min) + 1))) + min): Text '7.0' is set on object 'Object Repository/MOH AND GRN/Page_KDMC - CMS/input_txtdeal'

2018-06-10 22:11:23 - [MESSAGE][PASSED] - Text '7.0' is set on object 'Object Repository/MOH AND GRN/Page_KDMC - CMS/input_txtdeal'

2018-06-10 22:11:23 - [TEST_STEP][PASSED] - setText: Finding Test Object with id 'Object Repository/MOH AND GRN/Page_KDMC - CMS/input_txtbatchno'

2018-06-10 22:11:23 - [TEST_STEP][PASSED] - Statement - switch (id): Finding Test Object with id 'Object Repository/MOH AND GRN/Page_KDMC - CMS/input_txtmrp'

2018-06-10 22:11:23 - [TEST_STEP][PASSED] - Statement - case 1:: Text 'BA497.0' is set on object 'Object Repository/MOH AND GRN/Page_KDMC - CMS/input_txtbatchno'

2018-06-10 22:11:23 - [TEST_STEP][PASSED] - Statement - return (java.lang.Math.floor((java.lang.Math.random() * ((max - min) + 1))) + min): Text 'BA497.0' is set on object 'Object Repository/MOH AND GRN/Page_KDMC - CMS/input_txtbatchno'

2018-06-10 22:11:23 - [MESSAGE][PASSED] - Text 'BA497.0' is set on object 'Object Repository/MOH AND GRN/Page_KDMC - CMS/input_txtbatchno'

2018-06-10 22:11:23 - [TEST_STEP][PASSED] - rightClick: Object: 'Object Repository/GRN/Page_KDMC - CMS/input_txtexpdate' is right clicked on

2018-06-10 22:11:24 - [MESSAGE][PASSED] - Object: 'Object Repository/GRN/Page_KDMC - CMS/input_txtexpdate' is right clicked on

2018-06-10 22:11:24 - [TEST_STEP][PASSED] - selectOptionByIndex: All options with index in [3] are selected on object 'Object Repository/GRN/Page_KDMC - CMS/select_20182019202020212022202'

2018-06-10 22:11:24 - [MESSAGE][PASSED] - All options with index in [3] are selected on object 'Object Repository/GRN/Page_KDMC - CMS/select_20182019202020212022202'

2018-06-10 22:11:24 - [TEST_STEP][PASSED] - selectOptionByIndex: All options with index in [3] are selected on object 'Object Repository/GRN/Page_KDMC - CMS/select_JanFebMarAprMayJunJulAu'

2018-06-10 22:11:24 - [MESSAGE][PASSED] - All options with index in [3] are selected on object 'Object Repository/GRN/Page_KDMC - CMS/select_JanFebMarAprMayJunJulAu'

2018-06-10 22:11:24 - [TEST_STEP][PASSED] - click: Object: 'Object Repository/MOH AND GRN/Page_KDMC - CMS/a_12' is clicked on

2018-06-10 22:11:24 - [MESSAGE][PASSED] - Object: 'Object Repository/MOH AND GRN/Page_KDMC - CMS/a_12' is clicked on

2018-06-10 22:11:24 - [TEST_STEP][PASSED] - click: Object: 'Object Repository/MOH AND GRN/Page_KDMC - CMS/input_btnadd' is clicked on

2018-06-10 22:11:24 - [MESSAGE][PASSED] - Object: 'Object Repository/MOH AND GRN/Page_KDMC - CMS/input_btnadd' is clicked on

2018-06-10 22:11:24 - [TEST_STEP][PASSED] - Statement - If (s == 10): null

2018-06-10 22:11:24 - [TEST_STEP][PASSED] - Statement - Else: null

2018-06-10 22:11:24 - [TEST_STEP][PASSED] - Statement - (s++): null

2018-06-10 22:11:24 - [TEST_STEP][PASSED] - delay: Delayed 1 second(s)

2018-06-10 22:11:25 - [MESSAGE][PASSED] - Delayed 1 second(s)

2018-06-10 22:11:25 - [TEST_STEP][PASSED] - selectOptionByIndex: All options with index in [74] are selected on object 'Object Repository/MOH AND GRN/Page_KDMC - CMS/select_--Select--Amikacin -500'

2018-06-10 22:11:26 - [MESSAGE][PASSED] - All options with index in [74] are selected on object 'Object Repository/MOH AND GRN/Page_KDMC - CMS/select_--Select--Amikacin -500'

2018-06-10 22:11:26 - [TEST_STEP][PASSED] - setText: Text '5000' is set on object 'Object Repository/MOH AND GRN/Page_KDMC - CMS/input_txtqty'

2018-06-10 22:11:26 - [MESSAGE][PASSED] - Text '5000' is set on object 'Object Repository/MOH AND GRN/Page_KDMC - CMS/input_txtqty'

2018-06-10 22:11:26 - [TEST_STEP][PASSED] - selectOptionByIndex: All options with index in [1] are selected on object 'Object Repository/MOH AND GRN/Page_KDMC - CMS/select_--Select--No Tax0'

2018-06-10 22:11:26 - [MESSAGE][PASSED] - All options with index in [1] are selected on object 'Object Repository/MOH AND GRN/Page_KDMC - CMS/select_--Select--No Tax0'

2018-06-10 22:11:26 - [TEST_STEP][PASSED] - setText: Finding Test Object with id 'Object Repository/MOH AND GRN/Page_KDMC - CMS/input_txtmrp'

2018-06-10 22:11:26 - [TEST_STEP][PASSED] - Statement - switch (id): Finding Test Object with id 'Object Repository/MOH AND GRN/Page_KDMC - CMS/input_txtdeal'

2018-06-10 22:11:26 - [TEST_STEP][PASSED] - Statement - case 4:: Text '19.0' is set on object 'Object Repository/MOH AND GRN/Page_KDMC - CMS/input_txtmrp'

2018-06-10 22:11:26 - [TEST_STEP][PASSED] - Statement - return (java.lang.Math.floor((java.lang.Math.random() * ((max - min) + 1))) + min): Text '19.0' is set on object 'Object Repository/MOH AND GRN/Page_KDMC - CMS/input_txtmrp'

2018-06-10 22:11:26 - [MESSAGE][PASSED] - Text '19.0' is set on object 'Object Repository/MOH AND GRN/Page_KDMC - CMS/input_txtmrp'

2018-06-10 22:11:26 - [TEST_STEP][PASSED] - setText: Finding Test Object with id 'Object Repository/MOH AND GRN/Page_KDMC - CMS/input_txtdeal'

2018-06-10 22:11:26 - [TEST_STEP][PASSED] - Statement - switch (id): Finding Test Object with id 'Object Repository/MOH AND GRN/Page_KDMC - CMS/input_txtbatchno'

2018-06-10 22:11:26 - [TEST_STEP][PASSED] - Statement - case 5:: Text '9.0' is set on object 'Object Repository/MOH AND GRN/Page_KDMC - CMS/input_txtdeal'

2018-06-10 22:11:26 - [TEST_STEP][PASSED] - Statement - return (java.lang.Math.floor((java.lang.Math.random() * ((max - min) + 1))) + min): Text '9.0' is set on object 'Object Repository/MOH AND GRN/Page_KDMC - CMS/input_txtdeal'

2018-06-10 22:11:27 - [MESSAGE][PASSED] - Text '9.0' is set on object 'Object Repository/MOH AND GRN/Page_KDMC - CMS/input_txtdeal'

2018-06-10 22:11:27 - [TEST_STEP][PASSED] - setText: Finding Test Object with id 'Object Repository/MOH AND GRN/Page_KDMC - CMS/input_txtbatchno'

2018-06-10 22:11:27 - [TEST_STEP][PASSED] - Statement - switch (id): Finding Test Object with id 'Object Repository/MOH AND GRN/Page_KDMC - CMS/input_txtmrp'

2018-06-10 22:11:27 - [TEST_STEP][PASSED] - Statement - case 1:: Text 'BA126.0' is set on object 'Object Repository/MOH AND GRN/Page_KDMC - CMS/input_txtbatchno'

2018-06-10 22:11:27 - [TEST_STEP][PASSED] - Statement - return (java.lang.Math.floor((java.lang.Math.random() * ((max - min) + 1))) + min): Text 'BA126.0' is set on object 'Object Repository/MOH AND GRN/Page_KDMC - CMS/input_txtbatchno'

2018-06-10 22:11:27 - [MESSAGE][PASSED] - Text 'BA126.0' is set on object 'Object Repository/MOH AND GRN/Page_KDMC - CMS/input_txtbatchno'

2018-06-10 22:11:27 - [TEST_STEP][PASSED] - rightClick: Object: 'Object Repository/GRN/Page_KDMC - CMS/input_txtexpdate' is right clicked on

2018-06-10 22:11:27 - [MESSAGE][PASSED] - Object: 'Object Repository/GRN/Page_KDMC - CMS/input_txtexpdate' is right clicked on

2018-06-10 22:11:27 - [TEST_STEP][PASSED] - selectOptionByIndex: All options with index in [4] are selected on object 'Object Repository/GRN/Page_KDMC - CMS/select_20182019202020212022202'

2018-06-10 22:11:27 - [MESSAGE][PASSED] - All options with index in [4] are selected on object 'Object Repository/GRN/Page_KDMC - CMS/select_20182019202020212022202'

2018-06-10 22:11:27 - [TEST_STEP][PASSED] - selectOptionByIndex: All options with index in [4] are selected on object 'Object Repository/GRN/Page_KDMC - CMS/select_JanFebMarAprMayJunJulAu'

2018-06-10 22:11:27 - [MESSAGE][PASSED] - All options with index in [4] are selected on object 'Object Repository/GRN/Page_KDMC - CMS/select_JanFebMarAprMayJunJulAu'

2018-06-10 22:11:27 - [TEST_STEP][PASSED] - click: Object: 'Object Repository/MOH AND GRN/Page_KDMC - CMS/a_12' is clicked on

2018-06-10 22:11:27 - [MESSAGE][PASSED] - Object: 'Object Repository/MOH AND GRN/Page_KDMC - CMS/a_12' is clicked on

2018-06-10 22:11:27 - [TEST_STEP][PASSED] - click: Object: 'Object Repository/MOH AND GRN/Page_KDMC - CMS/input_btnadd' is clicked on

2018-06-10 22:11:27 - [MESSAGE][PASSED] - Object: 'Object Repository/MOH AND GRN/Page_KDMC - CMS/input_btnadd' is clicked on

2018-06-10 22:11:27 - [TEST_STEP][PASSED] - Statement - If (s == 10): null

2018-06-10 22:11:27 - [TEST_STEP][PASSED] - Statement - Else: null

2018-06-10 22:11:27 - [TEST_STEP][PASSED] - Statement - (s++): null

2018-06-10 22:11:27 - [TEST_STEP][PASSED] - delay: Delayed 1 second(s)

2018-06-10 22:11:28 - [MESSAGE][PASSED] - Delayed 1 second(s)

2018-06-10 22:11:28 - [TEST_STEP][PASSED] - selectOptionByIndex: All options with index in [75] are selected on object 'Object Repository/MOH AND GRN/Page_KDMC - CMS/select_--Select--Amikacin -500'

2018-06-10 22:11:29 - [MESSAGE][PASSED] - All options with index in [75] are selected on object 'Object Repository/MOH AND GRN/Page_KDMC - CMS/select_--Select--Amikacin -500'

2018-06-10 22:11:29 - [TEST_STEP][PASSED] - setText: Text '5000' is set on object 'Object Repository/MOH AND GRN/Page_KDMC - CMS/input_txtqty'

2018-06-10 22:11:29 - [MESSAGE][PASSED] - Text '5000' is set on object 'Object Repository/MOH AND GRN/Page_KDMC - CMS/input_txtqty'

2018-06-10 22:11:29 - [TEST_STEP][PASSED] - selectOptionByIndex: All options with index in [1] are selected on object 'Object Repository/MOH AND GRN/Page_KDMC - CMS/select_--Select--No Tax0'

2018-06-10 22:11:30 - [MESSAGE][PASSED] - All options with index in [1] are selected on object 'Object Repository/MOH AND GRN/Page_KDMC - CMS/select_--Select--No Tax0'

2018-06-10 22:11:30 - [TEST_STEP][PASSED] - setText: Finding Test Object with id 'Object Repository/MOH AND GRN/Page_KDMC - CMS/input_txtmrp'

2018-06-10 22:11:30 - [TEST_STEP][PASSED] - Statement - switch (id): Finding Test Object with id 'Object Repository/MOH AND GRN/Page_KDMC - CMS/input_txtdeal'

2018-06-10 22:11:30 - [TEST_STEP][PASSED] - Statement - case 4:: Text '38.0' is set on object 'Object Repository/MOH AND GRN/Page_KDMC - CMS/input_txtmrp'

2018-06-10 22:11:30 - [TEST_STEP][PASSED] - Statement - return (java.lang.Math.floor((java.lang.Math.random() * ((max - min) + 1))) + min): Text '38.0' is set on object 'Object Repository/MOH AND GRN/Page_KDMC - CMS/input_txtmrp'

2018-06-10 22:11:30 - [MESSAGE][PASSED] - Text '38.0' is set on object 'Object Repository/MOH AND GRN/Page_KDMC - CMS/input_txtmrp'

2018-06-10 22:11:30 - [TEST_STEP][PASSED] - setText: Finding Test Object with id 'Object Repository/MOH AND GRN/Page_KDMC - CMS/input_txtdeal'

2018-06-10 22:11:30 - [TEST_STEP][PASSED] - Statement - switch (id): Finding Test Object with id 'Object Repository/MOH AND GRN/Page_KDMC - CMS/input_txtbatchno'

2018-06-10 22:11:30 - [TEST_STEP][PASSED] - Statement - case 5:: Text '4.0' is set on object 'Object Repository/MOH AND GRN/Page_KDMC - CMS/input_txtdeal'

2018-06-10 22:11:30 - [TEST_STEP][PASSED] - Statement - return (java.lang.Math.floor((java.lang.Math.random() * ((max - min) + 1))) + min): Text '4.0' is set on object 'Object Repository/MOH AND GRN/Page_KDMC - CMS/input_txtdeal'

2018-06-10 22:11:30 - [MESSAGE][PASSED] - Text '4.0' is set on object 'Object Repository/MOH AND GRN/Page_KDMC - CMS/input_txtdeal'

2018-06-10 22:11:30 - [TEST_STEP][PASSED] - setText: Finding Test Object with id 'Object Repository/MOH AND GRN/Page_KDMC - CMS/input_txtbatchno'

2018-06-10 22:11:30 - [TEST_STEP][PASSED] - Statement - switch (id): Finding Test Object with id 'Object Repository/MOH AND GRN/Page_KDMC - CMS/input_txtmrp'

2018-06-10 22:11:30 - [TEST_STEP][PASSED] - Statement - case 1:: Text 'BA961.0' is set on object 'Object Repository/MOH AND GRN/Page_KDMC - CMS/input_txtbatchno'

2018-06-10 22:11:30 - [TEST_STEP][PASSED] - Statement - return (java.lang.Math.floor((java.lang.Math.random() * ((max - min) + 1))) + min): Text 'BA961.0' is set on object 'Object Repository/MOH AND GRN/Page_KDMC - CMS/input_txtbatchno'

2018-06-10 22:11:30 - [MESSAGE][PASSED] - Text 'BA961.0' is set on object 'Object Repository/MOH AND GRN/Page_KDMC - CMS/input_txtbatchno'

2018-06-10 22:11:30 - [TEST_STEP][PASSED] - rightClick: Object: 'Object Repository/GRN/Page_KDMC - CMS/input_txtexpdate' is right clicked on

2018-06-10 22:11:30 - [MESSAGE][PASSED] - Object: 'Object Repository/GRN/Page_KDMC - CMS/input_txtexpdate' is right clicked on

2018-06-10 22:11:30 - [TEST_STEP][PASSED] - selectOptionByIndex: All options with index in [5] are selected on object 'Object Repository/GRN/Page_KDMC - CMS/select_20182019202020212022202'

2018-06-10 22:11:30 - [MESSAGE][PASSED] - All options with index in [5] are selected on object 'Object Repository/GRN/Page_KDMC - CMS/select_20182019202020212022202'

2018-06-10 22:11:30 - [TEST_STEP][PASSED] - selectOptionByIndex: All options with index in [5] are selected on object 'Object Repository/GRN/Page_KDMC - CMS/select_JanFebMarAprMayJunJulAu'

2018-06-10 22:11:30 - [MESSAGE][PASSED] - All options with index in [5] are selected on object 'Object Repository/GRN/Page_KDMC - CMS/select_JanFebMarAprMayJunJulAu'

2018-06-10 22:11:30 - [TEST_STEP][PASSED] - click: Object: 'Object Repository/MOH AND GRN/Page_KDMC - CMS/a_12' is clicked on

2018-06-10 22:11:30 - [MESSAGE][PASSED] - Object: 'Object Repository/MOH AND GRN/Page_KDMC - CMS/a_12' is clicked on

2018-06-10 22:11:30 - [TEST_STEP][PASSED] - click: Object: 'Object Repository/MOH AND GRN/Page_KDMC - CMS/input_btnadd' is clicked on

2018-06-10 22:11:31 - [MESSAGE][PASSED] - Object: 'Object Repository/MOH AND GRN/Page_KDMC - CMS/input_btnadd' is clicked on

2018-06-10 22:11:31 - [TEST_STEP][PASSED] - Statement - If (s == 10): null

2018-06-10 22:11:31 - [TEST_STEP][PASSED] - Statement - Else: null

2018-06-10 22:11:31 - [TEST_STEP][PASSED] - Statement - (s++): null

2018-06-10 22:11:31 - [TEST_STEP][PASSED] - delay: Delayed 1 second(s)

2018-06-10 22:11:32 - [MESSAGE][PASSED] - Delayed 1 second(s)

2018-06-10 22:11:32 - [TEST_STEP][PASSED] - selectOptionByIndex: All options with index in [76] are selected on object 'Object Repository/MOH AND GRN/Page_KDMC - CMS/select_--Select--Amikacin -500'

2018-06-10 22:11:32 - [MESSAGE][PASSED] - All options with index in [76] are selected on object 'Object Repository/MOH AND GRN/Page_KDMC - CMS/select_--Select--Amikacin -500'

2018-06-10 22:11:32 - [TEST_STEP][PASSED] - setText: Text '5000' is set on object 'Object Repository/MOH AND GRN/Page_KDMC - CMS/input_txtqty'

2018-06-10 22:11:33 - [MESSAGE][PASSED] - Text '5000' is set on object 'Object Repository/MOH AND GRN/Page_KDMC - CMS/input_txtqty'

2018-06-10 22:11:33 - [TEST_STEP][PASSED] - selectOptionByIndex: All options with index in [1] are selected on object 'Object Repository/MOH AND GRN/Page_KDMC - CMS/select_--Select--No Tax0'

2018-06-10 22:11:33 - [MESSAGE][PASSED] - All options with index in [1] are selected on object 'Object Repository/MOH AND GRN/Page_KDMC - CMS/select_--Select--No Tax0'

2018-06-10 22:11:33 - [TEST_STEP][PASSED] - setText: Finding Test Object with id 'Object Repository/MOH AND GRN/Page_KDMC - CMS/input_txtmrp'

2018-06-10 22:11:33 - [TEST_STEP][PASSED] - Statement - switch (id): Finding Test Object with id 'Object Repository/MOH AND GRN/Page_KDMC - CMS/input_txtdeal'

2018-06-10 22:11:33 - [TEST_STEP][PASSED] - Statement - case 4:: Text '26.0' is set on object 'Object Repository/MOH AND GRN/Page_KDMC - CMS/input_txtmrp'

2018-06-10 22:11:33 - [TEST_STEP][PASSED] - Statement - return (java.lang.Math.floor((java.lang.Math.random() * ((max - min) + 1))) + min): Text '26.0' is set on object 'Object Repository/MOH AND GRN/Page_KDMC - CMS/input_txtmrp'

2018-06-10 22:11:33 - [MESSAGE][PASSED] - Text '26.0' is set on object 'Object Repository/MOH AND GRN/Page_KDMC - CMS/input_txtmrp'

2018-06-10 22:11:33 - [TEST_STEP][PASSED] - setText: Finding Test Object with id 'Object Repository/MOH AND GRN/Page_KDMC - CMS/input_txtdeal'

2018-06-10 22:11:33 - [TEST_STEP][PASSED] - Statement - switch (id): Finding Test Object with id 'Object Repository/MOH AND GRN/Page_KDMC - CMS/input_txtbatchno'

2018-06-10 22:11:33 - [TEST_STEP][PASSED] - Statement - case 5:: Text '4.0' is set on object 'Object Repository/MOH AND GRN/Page_KDMC - CMS/input_txtdeal'

2018-06-10 22:11:33 - [TEST_STEP][PASSED] - Statement - return (java.lang.Math.floor((java.lang.Math.random() * ((max - min) + 1))) + min): Text '4.0' is set on object 'Object Repository/MOH AND GRN/Page_KDMC - CMS/input_txtdeal'

2018-06-10 22:11:33 - [MESSAGE][PASSED] - Text '4.0' is set on object 'Object Repository/MOH AND GRN/Page_KDMC - CMS/input_txtdeal'

2018-06-10 22:11:33 - [TEST_STEP][PASSED] - setText: Finding Test Object with id 'Object Repository/MOH AND GRN/Page_KDMC - CMS/input_txtbatchno'

2018-06-10 22:11:33 - [TEST_STEP][PASSED] - Statement - switch (id): Finding Test Object with id 'Object Repository/MOH AND GRN/Page_KDMC - CMS/input_txtmrp'

2018-06-10 22:11:33 - [TEST_STEP][PASSED] - Statement - case 1:: Text 'BA549.0' is set on object 'Object Repository/MOH AND GRN/Page_KDMC - CMS/input_txtbatchno'

2018-06-10 22:11:33 - [TEST_STEP][PASSED] - Statement - return (java.lang.Math.floor((java.lang.Math.random() * ((max - min) + 1))) + min): Text 'BA549.0' is set on object 'Object Repository/MOH AND GRN/Page_KDMC - CMS/input_txtbatchno'

2018-06-10 22:11:33 - [MESSAGE][PASSED] - Text 'BA549.0' is set on object 'Object Repository/MOH AND GRN/Page_KDMC - CMS/input_txtbatchno'

2018-06-10 22:11:33 - [TEST_STEP][PASSED] - rightClick: Object: 'Object Repository/GRN/Page_KDMC - CMS/input_txtexpdate' is right clicked on

2018-06-10 22:11:33 - [MESSAGE][PASSED] - Object: 'Object Repository/GRN/Page_KDMC - CMS/input_txtexpdate' is right clicked on

2018-06-10 22:11:33 - [TEST_STEP][PASSED] - selectOptionByIndex: All options with index in [6] are selected on object 'Object Repository/GRN/Page_KDMC - CMS/select_20182019202020212022202'

2018-06-10 22:11:33 - [MESSAGE][PASSED] - All options with index in [6] are selected on object 'Object Repository/GRN/Page_KDMC - CMS/select_20182019202020212022202'

2018-06-10 22:11:33 - [TEST_STEP][PASSED] - selectOptionByIndex: All options with index in [6] are selected on object 'Object Repository/GRN/Page_KDMC - CMS/select_JanFebMarAprMayJunJulAu'

2018-06-10 22:11:34 - [MESSAGE][PASSED] - All options with index in [6] are selected on object 'Object Repository/GRN/Page_KDMC - CMS/select_JanFebMarAprMayJunJulAu'

2018-06-10 22:11:34 - [TEST_STEP][PASSED] - click: Object: 'Object Repository/MOH AND GRN/Page_KDMC - CMS/a_12' is clicked on

2018-06-10 22:11:34 - [MESSAGE][PASSED] - Object: 'Object Repository/MOH AND GRN/Page_KDMC - CMS/a_12' is clicked on

2018-06-10 22:11:34 - [TEST_STEP][PASSED] - click: Object: 'Object Repository/MOH AND GRN/Page_KDMC - CMS/input_btnadd' is clicked on

2018-06-10 22:11:34 - [MESSAGE][PASSED] - Object: 'Object Repository/MOH AND GRN/Page_KDMC - CMS/input_btnadd' is clicked on

2018-06-10 22:11:34 - [TEST_STEP][PASSED] - Statement - If (s == 10): null

2018-06-10 22:11:34 - [TEST_STEP][PASSED] - Statement - Else: null

2018-06-10 22:11:34 - [TEST_STEP][PASSED] - Statement - (s++): null

2018-06-10 22:11:34 - [TEST_STEP][PASSED] - delay: Delayed 1 second(s)

2018-06-10 22:11:35 - [MESSAGE][PASSED] - Delayed 1 second(s)

2018-06-10 22:11:35 - [TEST_STEP][PASSED] - selectOptionByIndex: All options with index in [77] are selected on object 'Object Repository/MOH AND GRN/Page_KDMC - CMS/select_--Select--Amikacin -500'

2018-06-10 22:11:36 - [MESSAGE][PASSED] - All options with index in [77] are selected on object 'Object Repository/MOH AND GRN/Page_KDMC - CMS/select_--Select--Amikacin -500'

2018-06-10 22:11:36 - [TEST_STEP][PASSED] - setText: Text '5000' is set on object 'Object Repository/MOH AND GRN/Page_KDMC - CMS/input_txtqty'

2018-06-10 22:11:36 - [MESSAGE][PASSED] - Text '5000' is set on object 'Object Repository/MOH AND GRN/Page_KDMC - CMS/input_txtqty'

2018-06-10 22:11:36 - [TEST_STEP][PASSED] - selectOptionByIndex: All options with index in [1] are selected on object 'Object Repository/MOH AND GRN/Page_KDMC - CMS/select_--Select--No Tax0'

2018-06-10 22:11:36 - [MESSAGE][PASSED] - All options with index in [1] are selected on object 'Object Repository/MOH AND GRN/Page_KDMC - CMS/select_--Select--No Tax0'

2018-06-10 22:11:36 - [TEST_STEP][PASSED] - setText: Finding Test Object with id 'Object Repository/MOH AND GRN/Page_KDMC - CMS/input_txtmrp'

2018-06-10 22:11:36 - [TEST_STEP][PASSED] - Statement - switch (id): Finding Test Object with id 'Object Repository/MOH AND GRN/Page_KDMC - CMS/input_txtdeal'

2018-06-10 22:11:36 - [TEST_STEP][PASSED] - Statement - case 4:: Text '16.0' is set on object 'Object Repository/MOH AND GRN/Page_KDMC - CMS/input_txtmrp'

2018-06-10 22:11:36 - [TEST_STEP][PASSED] - Statement - return (java.lang.Math.floor((java.lang.Math.random() * ((max - min) + 1))) + min): Text '16.0' is set on object 'Object Repository/MOH AND GRN/Page_KDMC - CMS/input_txtmrp'

2018-06-10 22:11:36 - [MESSAGE][PASSED] - Text '16.0' is set on object 'Object Repository/MOH AND GRN/Page_KDMC - CMS/input_txtmrp'

2018-06-10 22:11:36 - [TEST_STEP][PASSED] - setText: Finding Test Object with id 'Object Repository/MOH AND GRN/Page_KDMC - CMS/input_txtdeal'

2018-06-10 22:11:36 - [TEST_STEP][PASSED] - Statement - switch (id): Finding Test Object with id 'Object Repository/MOH AND GRN/Page_KDMC - CMS/input_txtbatchno'

2018-06-10 22:11:36 - [TEST_STEP][PASSED] - Statement - case 5:: Text '2.0' is set on object 'Object Repository/MOH AND GRN/Page_KDMC - CMS/input_txtdeal'

2018-06-10 22:11:36 - [TEST_STEP][PASSED] - Statement - return (java.lang.Math.floor((java.lang.Math.random() * ((max - min) + 1))) + min): Text '2.0' is set on object 'Object Repository/MOH AND GRN/Page_KDMC - CMS/input_txtdeal'

2018-06-10 22:11:36 - [MESSAGE][PASSED] - Text '2.0' is set on object 'Object Repository/MOH AND GRN/Page_KDMC - CMS/input_txtdeal'

2018-06-10 22:11:36 - [TEST_STEP][PASSED] - setText: Finding Test Object with id 'Object Repository/MOH AND GRN/Page_KDMC - CMS/input_txtbatchno'

2018-06-10 22:11:36 - [TEST_STEP][PASSED] - Statement - switch (id): Finding Test Object with id 'Object Repository/MOH AND GRN/Page_KDMC - CMS/input_txtmrp'

2018-06-10 22:11:36 - [TEST_STEP][PASSED] - Statement - case 1:: Text 'BA538.0' is set on object 'Object Repository/MOH AND GRN/Page_KDMC - CMS/input_txtbatchno'

2018-06-10 22:11:36 - [TEST_STEP][PASSED] - Statement - return (java.lang.Math.floor((java.lang.Math.random() * ((max - min) + 1))) + min): Text 'BA538.0' is set on object 'Object Repository/MOH AND GRN/Page_KDMC - CMS/input_txtbatchno'

2018-06-10 22:11:36 - [MESSAGE][PASSED] - Text 'BA538.0' is set on object 'Object Repository/MOH AND GRN/Page_KDMC - CMS/input_txtbatchno'

2018-06-10 22:11:36 - [TEST_STEP][PASSED] - rightClick: Object: 'Object Repository/GRN/Page_KDMC - CMS/input_txtexpdate' is right clicked on

2018-06-10 22:11:36 - [MESSAGE][PASSED] - Object: 'Object Repository/GRN/Page_KDMC - CMS/input_txtexpdate' is right clicked on

2018-06-10 22:11:36 - [TEST_STEP][PASSED] - selectOptionByIndex: All options with index in [7] are selected on object 'Object Repository/GRN/Page_KDMC - CMS/select_20182019202020212022202'

2018-06-10 22:11:37 - [MESSAGE][PASSED] - All options with index in [7] are selected on object 'Object Repository/GRN/Page_KDMC - CMS/select_20182019202020212022202'

2018-06-10 22:11:37 - [TEST_STEP][PASSED] - selectOptionByIndex: All options with index in [7] are selected on object 'Object Repository/GRN/Page_KDMC - CMS/select_JanFebMarAprMayJunJulAu'

2018-06-10 22:11:37 - [MESSAGE][PASSED] - All options with index in [7] are selected on object 'Object Repository/GRN/Page_KDMC - CMS/select_JanFebMarAprMayJunJulAu'

2018-06-10 22:11:37 - [TEST_STEP][PASSED] - click: Object: 'Object Repository/MOH AND GRN/Page_KDMC - CMS/a_12' is clicked on

2018-06-10 22:11:37 - [MESSAGE][PASSED] - Object: 'Object Repository/MOH AND GRN/Page_KDMC - CMS/a_12' is clicked on

2018-06-10 22:11:37 - [TEST_STEP][PASSED] - click: Object: 'Object Repository/MOH AND GRN/Page_KDMC - CMS/input_btnadd' is clicked on

2018-06-10 22:11:37 - [MESSAGE][PASSED] - Object: 'Object Repository/MOH AND GRN/Page_KDMC - CMS/input_btnadd' is clicked on

2018-06-10 22:11:37 - [TEST_STEP][PASSED] - Statement - If (s == 10): null

2018-06-10 22:11:37 - [TEST_STEP][PASSED] - Statement - Else: null

2018-06-10 22:11:37 - [TEST_STEP][PASSED] - Statement - (s++): null

2018-06-10 22:11:37 - [TEST_STEP][PASSED] - delay: Delayed 1 second(s)

2018-06-10 22:11:38 - [MESSAGE][PASSED] - Delayed 1 second(s)

2018-06-10 22:11:38 - [TEST_STEP][PASSED] - selectOptionByIndex: All options with index in [78] are selected on object 'Object Repository/MOH AND GRN/Page_KDMC - CMS/select_--Select--Amikacin -500'

2018-06-10 22:11:39 - [MESSAGE][PASSED] - All options with index in [78] are selected on object 'Object Repository/MOH AND GRN/Page_KDMC - CMS/select_--Select--Amikacin -500'

2018-06-10 22:11:39 - [TEST_STEP][PASSED] - setText: Text '5000' is set on object 'Object Repository/MOH AND GRN/Page_KDMC - CMS/input_txtqty'

2018-06-10 22:11:39 - [MESSAGE][PASSED] - Text '5000' is set on object 'Object Repository/MOH AND GRN/Page_KDMC - CMS/input_txtqty'

2018-06-10 22:11:39 - [TEST_STEP][PASSED] - selectOptionByIndex: All options with index in [1] are selected on object 'Object Repository/MOH AND GRN/Page_KDMC - CMS/select_--Select--No Tax0'

2018-06-10 22:11:39 - [MESSAGE][PASSED] - All options with index in [1] are selected on object 'Object Repository/MOH AND GRN/Page_KDMC - CMS/select_--Select--No Tax0'

2018-06-10 22:11:39 - [TEST_STEP][PASSED] - setText: Finding Test Object with id 'Object Repository/MOH AND GRN/Page_KDMC - CMS/input_txtmrp'

2018-06-10 22:11:39 - [TEST_STEP][PASSED] - Statement - switch (id): Finding Test Object with id 'Object Repository/MOH AND GRN/Page_KDMC - CMS/input_txtdeal'

2018-06-10 22:11:39 - [TEST_STEP][PASSED] - Statement - case 4:: Text '26.0' is set on object 'Object Repository/MOH AND GRN/Page_KDMC - CMS/input_txtmrp'

2018-06-10 22:11:39 - [TEST_STEP][PASSED] - Statement - return (java.lang.Math.floor((java.lang.Math.random() * ((max - min) + 1))) + min): Text '26.0' is set on object 'Object Repository/MOH AND GRN/Page_KDMC - CMS/input_txtmrp'

2018-06-10 22:11:39 - [MESSAGE][PASSED] - Text '26.0' is set on object 'Object Repository/MOH AND GRN/Page_KDMC - CMS/input_txtmrp'

2018-06-10 22:11:39 - [TEST_STEP][PASSED] - setText: Finding Test Object with id 'Object Repository/MOH AND GRN/Page_KDMC - CMS/input_txtdeal'

2018-06-10 22:11:39 - [TEST_STEP][PASSED] - Statement - switch (id): Finding Test Object with id 'Object Repository/MOH AND GRN/Page_KDMC - CMS/input_txtbatchno'

2018-06-10 22:11:39 - [TEST_STEP][PASSED] - Statement - case 5:: Text '1.0' is set on object 'Object Repository/MOH AND GRN/Page_KDMC - CMS/input_txtdeal'

2018-06-10 22:11:39 - [TEST_STEP][PASSED] - Statement - return (java.lang.Math.floor((java.lang.Math.random() * ((max - min) + 1))) + min): Text '1.0' is set on object 'Object Repository/MOH AND GRN/Page_KDMC - CMS/input_txtdeal'

2018-06-10 22:11:40 - [MESSAGE][PASSED] - Text '1.0' is set on object 'Object Repository/MOH AND GRN/Page_KDMC - CMS/input_txtdeal'

2018-06-10 22:11:40 - [TEST_STEP][PASSED] - setText: Finding Test Object with id 'Object Repository/MOH AND GRN/Page_KDMC - CMS/input_txtbatchno'

2018-06-10 22:11:40 - [TEST_STEP][PASSED] - Statement - switch (id): Finding Test Object with id 'Object Repository/MOH AND GRN/Page_KDMC - CMS/input_txtmrp'

2018-06-10 22:11:40 - [TEST_STEP][PASSED] - Statement - case 1:: Text 'BA547.0' is set on object 'Object Repository/MOH AND GRN/Page_KDMC - CMS/input_txtbatchno'

2018-06-10 22:11:40 - [TEST_STEP][PASSED] - Statement - return (java.lang.Math.floor((java.lang.Math.random() * ((max - min) + 1))) + min): Text 'BA547.0' is set on object 'Object Repository/MOH AND GRN/Page_KDMC - CMS/input_txtbatchno'

2018-06-10 22:11:40 - [MESSAGE][PASSED] - Text 'BA547.0' is set on object 'Object Repository/MOH AND GRN/Page_KDMC - CMS/input_txtbatchno'

2018-06-10 22:11:40 - [TEST_STEP][PASSED] - rightClick: Object: 'Object Repository/GRN/Page_KDMC - CMS/input_txtexpdate' is right clicked on

2018-06-10 22:11:40 - [MESSAGE][PASSED] - Object: 'Object Repository/GRN/Page_KDMC - CMS/input_txtexpdate' is right clicked on

2018-06-10 22:11:40 - [TEST_STEP][PASSED] - selectOptionByIndex: All options with index in [8] are selected on object 'Object Repository/GRN/Page_KDMC - CMS/select_20182019202020212022202'

2018-06-10 22:11:40 - [MESSAGE][PASSED] - All options with index in [8] are selected on object 'Object Repository/GRN/Page_KDMC - CMS/select_20182019202020212022202'

2018-06-10 22:11:40 - [TEST_STEP][PASSED] - selectOptionByIndex: All options with index in [8] are selected on object 'Object Repository/GRN/Page_KDMC - CMS/select_JanFebMarAprMayJunJulAu'

2018-06-10 22:11:40 - [MESSAGE][PASSED] - All options with index in [8] are selected on object 'Object Repository/GRN/Page_KDMC - CMS/select_JanFebMarAprMayJunJulAu'

2018-06-10 22:11:40 - [TEST_STEP][PASSED] - click: Object: 'Object Repository/MOH AND GRN/Page_KDMC - CMS/a_12' is clicked on

2018-06-10 22:11:40 - [MESSAGE][PASSED] - Object: 'Object Repository/MOH AND GRN/Page_KDMC - CMS/a_12' is clicked on

2018-06-10 22:11:40 - [TEST_STEP][PASSED] - click: Object: 'Object Repository/MOH AND GRN/Page_KDMC - CMS/input_btnadd' is clicked on

2018-06-10 22:11:40 - [MESSAGE][PASSED] - Object: 'Object Repository/MOH AND GRN/Page_KDMC - CMS/input_btnadd' is clicked on

2018-06-10 22:11:40 - [TEST_STEP][PASSED] - Statement - If (s == 10): null

2018-06-10 22:11:40 - [TEST_STEP][PASSED] - Statement - Else: null

2018-06-10 22:11:40 - [TEST_STEP][PASSED] - Statement - (s++): null

2018-06-10 22:11:40 - [TEST_STEP][PASSED] - delay: Delayed 1 second(s)

2018-06-10 22:11:41 - [MESSAGE][PASSED] - Delayed 1 second(s)

2018-06-10 22:11:41 - [TEST_STEP][PASSED] - selectOptionByIndex: All options with index in [79] are selected on object 'Object Repository/MOH AND GRN/Page_KDMC - CMS/select_--Select--Amikacin -500'

2018-06-10 22:11:42 - [MESSAGE][PASSED] - All options with index in [79] are selected on object 'Object Repository/MOH AND GRN/Page_KDMC - CMS/select_--Select--Amikacin -500'

2018-06-10 22:11:42 - [TEST_STEP][PASSED] - setText: Text '5000' is set on object 'Object Repository/MOH AND GRN/Page_KDMC - CMS/input_txtqty'

2018-06-10 22:11:43 - [MESSAGE][PASSED] - Text '5000' is set on object 'Object Repository/MOH AND GRN/Page_KDMC - CMS/input_txtqty'

2018-06-10 22:11:43 - [TEST_STEP][PASSED] - selectOptionByIndex: All options with index in [1] are selected on object 'Object Repository/MOH AND GRN/Page_KDMC - CMS/select_--Select--No Tax0'

2018-06-10 22:11:43 - [MESSAGE][PASSED] - All options with index in [1] are selected on object 'Object Repository/MOH AND GRN/Page_KDMC - CMS/select_--Select--No Tax0'

2018-06-10 22:11:43 - [TEST_STEP][PASSED] - setText: Finding Test Object with id 'Object Repository/MOH AND GRN/Page_KDMC - CMS/input_txtmrp'

2018-06-10 22:11:43 - [TEST_STEP][PASSED] - Statement - switch (id): Finding Test Object with id 'Object Repository/MOH AND GRN/Page_KDMC - CMS/input_txtdeal'

2018-06-10 22:11:43 - [TEST_STEP][PASSED] - Statement - case 4:: Text '45.0' is set on object 'Object Repository/MOH AND GRN/Page_KDMC - CMS/input_txtmrp'

2018-06-10 22:11:43 - [TEST_STEP][PASSED] - Statement - return (java.lang.Math.floor((java.lang.Math.random() * ((max - min) + 1))) + min): Text '45.0' is set on object 'Object Repository/MOH AND GRN/Page_KDMC - CMS/input_txtmrp'

2018-06-10 22:11:43 - [MESSAGE][PASSED] - Text '45.0' is set on object 'Object Repository/MOH AND GRN/Page_KDMC - CMS/input_txtmrp'

2018-06-10 22:11:43 - [TEST_STEP][PASSED] - setText: Finding Test Object with id 'Object Repository/MOH AND GRN/Page_KDMC - CMS/input_txtdeal'

2018-06-10 22:11:43 - [TEST_STEP][PASSED] - Statement - switch (id): Finding Test Object with id 'Object Repository/MOH AND GRN/Page_KDMC - CMS/input_txtbatchno'

2018-06-10 22:11:43 - [TEST_STEP][PASSED] - Statement - case 5:: Text '11.0' is set on object 'Object Repository/MOH AND GRN/Page_KDMC - CMS/input_txtdeal'

2018-06-10 22:11:43 - [TEST_STEP][PASSED] - Statement - return (java.lang.Math.floor((java.lang.Math.random() * ((max - min) + 1))) + min): Text '11.0' is set on object 'Object Repository/MOH AND GRN/Page_KDMC - CMS/input_txtdeal'

2018-06-10 22:11:43 - [MESSAGE][PASSED] - Text '11.0' is set on object 'Object Repository/MOH AND GRN/Page_KDMC - CMS/input_txtdeal'

2018-06-10 22:11:43 - [TEST_STEP][PASSED] - setText: Finding Test Object with id 'Object Repository/MOH AND GRN/Page_KDMC - CMS/input_txtbatchno'

2018-06-10 22:11:43 - [TEST_STEP][PASSED] - Statement - switch (id): Finding Test Object with id 'Object Repository/MOH AND GRN/Page_KDMC - CMS/input_txtmrp'

2018-06-10 22:11:43 - [TEST_STEP][PASSED] - Statement - case 1:: Text 'BA16.0' is set on object 'Object Repository/MOH AND GRN/Page_KDMC - CMS/input_txtbatchno'

2018-06-10 22:11:43 - [TEST_STEP][PASSED] - Statement - return (java.lang.Math.floor((java.lang.Math.random() * ((max - min) + 1))) + min): Text 'BA16.0' is set on object 'Object Repository/MOH AND GRN/Page_KDMC - CMS/input_txtbatchno'

2018-06-10 22:11:43 - [MESSAGE][PASSED] - Text 'BA16.0' is set on object 'Object Repository/MOH AND GRN/Page_KDMC - CMS/input_txtbatchno'

2018-06-10 22:11:43 - [TEST_STEP][PASSED] - rightClick: Object: 'Object Repository/GRN/Page_KDMC - CMS/input_txtexpdate' is right clicked on

2018-06-10 22:11:43 - [MESSAGE][PASSED] - Object: 'Object Repository/GRN/Page_KDMC - CMS/input_txtexpdate' is right clicked on

2018-06-10 22:11:43 - [TEST_STEP][PASSED] - selectOptionByIndex: All options with index in [9] are selected on object 'Object Repository/GRN/Page_KDMC - CMS/select_20182019202020212022202'

2018-06-10 22:11:43 - [MESSAGE][PASSED] - All options with index in [9] are selected on object 'Object Repository/GRN/Page_KDMC - CMS/select_20182019202020212022202'

2018-06-10 22:11:43 - [TEST_STEP][PASSED] - selectOptionByIndex: All options with index in [9] are selected on object 'Object Repository/GRN/Page_KDMC - CMS/select_JanFebMarAprMayJunJulAu'

2018-06-10 22:11:44 - [MESSAGE][PASSED] - All options with index in [9] are selected on object 'Object Repository/GRN/Page_KDMC - CMS/select_JanFebMarAprMayJunJulAu'

2018-06-10 22:11:44 - [TEST_STEP][PASSED] - click: Object: 'Object Repository/MOH AND GRN/Page_KDMC - CMS/a_12' is clicked on

2018-06-10 22:11:44 - [MESSAGE][PASSED] - Object: 'Object Repository/MOH AND GRN/Page_KDMC - CMS/a_12' is clicked on

2018-06-10 22:11:44 - [TEST_STEP][PASSED] - click: Object: 'Object Repository/MOH AND GRN/Page_KDMC - CMS/input_btnadd' is clicked on

2018-06-10 22:11:44 - [MESSAGE][PASSED] - Object: 'Object Repository/MOH AND GRN/Page_KDMC - CMS/input_btnadd' is clicked on

2018-06-10 22:11:44 - [TEST_STEP][PASSED] - Statement - If (s == 10): null

2018-06-10 22:11:44 - [TEST_STEP][PASSED] - Statement - Else: null

2018-06-10 22:11:44 - [TEST_STEP][PASSED] - Statement - (s++): null

2018-06-10 22:11:44 - [TEST_STEP][PASSED] - delay: Delayed 1 second(s)

2018-06-10 22:11:45 - [MESSAGE][PASSED] - Delayed 1 second(s)

2018-06-10 22:11:45 - [TEST_STEP][PASSED] - selectOptionByIndex: All options with index in [80] are selected on object 'Object Repository/MOH AND GRN/Page_KDMC - CMS/select_--Select--Amikacin -500'

2018-06-10 22:11:46 - [MESSAGE][PASSED] - All options with index in [80] are selected on object 'Object Repository/MOH AND GRN/Page_KDMC - CMS/select_--Select--Amikacin -500'

2018-06-10 22:11:46 - [TEST_STEP][PASSED] - setText: Text '5000' is set on object 'Object Repository/MOH AND GRN/Page_KDMC - CMS/input_txtqty'

2018-06-10 22:11:46 - [MESSAGE][PASSED] - Text '5000' is set on object 'Object Repository/MOH AND GRN/Page_KDMC - CMS/input_txtqty'

2018-06-10 22:11:46 - [TEST_STEP][PASSED] - selectOptionByIndex: All options with index in [1] are selected on object 'Object Repository/MOH AND GRN/Page_KDMC - CMS/select_--Select--No Tax0'

2018-06-10 22:11:46 - [MESSAGE][PASSED] - All options with index in [1] are selected on object 'Object Repository/MOH AND GRN/Page_KDMC - CMS/select_--Select--No Tax0'

2018-06-10 22:11:46 - [TEST_STEP][PASSED] - setText: Finding Test Object with id 'Object Repository/MOH AND GRN/Page_KDMC - CMS/input_txtmrp'

2018-06-10 22:11:46 - [TEST_STEP][PASSED] - Statement - switch (id): Finding Test Object with id 'Object Repository/MOH AND GRN/Page_KDMC - CMS/input_txtdeal'

2018-06-10 22:11:46 - [TEST_STEP][PASSED] - Statement - case 4:: Text '23.0' is set on object 'Object Repository/MOH AND GRN/Page_KDMC - CMS/input_txtmrp'

2018-06-10 22:11:46 - [TEST_STEP][PASSED] - Statement - return (java.lang.Math.floor((java.lang.Math.random() * ((max - min) + 1))) + min): Text '23.0' is set on object 'Object Repository/MOH AND GRN/Page_KDMC - CMS/input_txtmrp'

2018-06-10 22:11:46 - [MESSAGE][PASSED] - Text '23.0' is set on object 'Object Repository/MOH AND GRN/Page_KDMC - CMS/input_txtmrp'

2018-06-10 22:11:46 - [TEST_STEP][PASSED] - setText: Finding Test Object with id 'Object Repository/MOH AND GRN/Page_KDMC - CMS/input_txtdeal'

2018-06-10 22:11:46 - [TEST_STEP][PASSED] - Statement - switch (id): Finding Test Object with id 'Object Repository/MOH AND GRN/Page_KDMC - CMS/input_txtbatchno'

2018-06-10 22:11:46 - [TEST_STEP][PASSED] - Statement - case 5:: Text '4.0' is set on object 'Object Repository/MOH AND GRN/Page_KDMC - CMS/input_txtdeal'

2018-06-10 22:11:46 - [TEST_STEP][PASSED] - Statement - return (java.lang.Math.floor((java.lang.Math.random() * ((max - min) + 1))) + min): Text '4.0' is set on object 'Object Repository/MOH AND GRN/Page_KDMC - CMS/input_txtdeal'

2018-06-10 22:11:46 - [MESSAGE][PASSED] - Text '4.0' is set on object 'Object Repository/MOH AND GRN/Page_KDMC - CMS/input_txtdeal'

2018-06-10 22:11:46 - [TEST_STEP][PASSED] - setText: Finding Test Object with id 'Object Repository/MOH AND GRN/Page_KDMC - CMS/input_txtbatchno'

2018-06-10 22:11:46 - [TEST_STEP][PASSED] - Statement - switch (id): Delayed 1 second(s)

2018-06-10 22:11:46 - [TEST_STEP][PASSED] - Statement - case 1:: Text 'BA18.0' is set on object 'Object Repository/MOH AND GRN/Page_KDMC - CMS/input_txtbatchno'

2018-06-10 22:11:46 - [TEST_STEP][PASSED] - Statement - return (java.lang.Math.floor((java.lang.Math.random() * ((max - min) + 1))) + min): Text 'BA18.0' is set on object 'Object Repository/MOH AND GRN/Page_KDMC - CMS/input_txtbatchno'

2018-06-10 22:11:46 - [MESSAGE][PASSED] - Text 'BA18.0' is set on object 'Object Repository/MOH AND GRN/Page_KDMC - CMS/input_txtbatchno'

2018-06-10 22:11:46 - [TEST_STEP][PASSED] - rightClick: Object: 'Object Repository/GRN/Page_KDMC - CMS/input_txtexpdate' is right clicked on

2018-06-10 22:11:47 - [MESSAGE][PASSED] - Object: 'Object Repository/GRN/Page_KDMC - CMS/input_txtexpdate' is right clicked on

2018-06-10 22:11:47 - [TEST_STEP][PASSED] - selectOptionByIndex: All options with index in [10] are selected on object 'Object Repository/GRN/Page_KDMC - CMS/select_20182019202020212022202'

2018-06-10 22:11:47 - [MESSAGE][PASSED] - All options with index in [10] are selected on object 'Object Repository/GRN/Page_KDMC - CMS/select_20182019202020212022202'

2018-06-10 22:11:47 - [TEST_STEP][PASSED] - selectOptionByIndex: All options with index in [10] are selected on object 'Object Repository/GRN/Page_KDMC - CMS/select_JanFebMarAprMayJunJulAu'

2018-06-10 22:11:47 - [MESSAGE][PASSED] - All options with index in [10] are selected on object 'Object Repository/GRN/Page_KDMC - CMS/select_JanFebMarAprMayJunJulAu'

2018-06-10 22:11:47 - [TEST_STEP][PASSED] - click: Object: 'Object Repository/MOH AND GRN/Page_KDMC - CMS/a_12' is clicked on

2018-06-10 22:11:47 - [MESSAGE][PASSED] - Object: 'Object Repository/MOH AND GRN/Page_KDMC - CMS/a_12' is clicked on

2018-06-10 22:11:47 - [TEST_STEP][PASSED] - click: Object: 'Object Repository/MOH AND GRN/Page_KDMC - CMS/input_btnadd' is clicked on

2018-06-10 22:11:47 - [MESSAGE][PASSED] - Object: 'Object Repository/MOH AND GRN/Page_KDMC - CMS/input_btnadd' is clicked on

2018-06-10 22:11:47 - [TEST_STEP][PASSED] - Statement - If (s == 10): null

2018-06-10 22:11:47 - [TEST_STEP][PASSED] - Statement - s = 1: null

2018-06-10 22:11:47 - [TEST_STEP][PASSED] - delay: Delayed 1 second(s)

2018-06-10 22:11:48 - [MESSAGE][PASSED] - Delayed 1 second(s)

2018-06-10 22:11:48 - [TEST_STEP][PASSED] - scrollToElement: Scroll to object 'Object Repository/MOH AND GRN/Page_KDMC - CMS/input_btnSubmit' successfully

2018-06-10 22:11:48 - [MESSAGE][PASSED] - Scroll to object 'Object Repository/MOH AND GRN/Page_KDMC - CMS/input_btnSubmit' successfully

2018-06-10 22:11:48 - [TEST_STEP][PASSED] - click: Object: 'Object Repository/MOH AND GRN/Page_KDMC - CMS/input_btnSubmit' is clicked on

2018-06-10 22:11:49 - [MESSAGE][PASSED] - Object: 'Object Repository/MOH AND GRN/Page_KDMC - CMS/input_btnSubmit' is clicked on

2018-06-10 22:11:49 - [TEST_STEP][PASSED] - delay: Delayed 3 second(s)

2018-06-10 22:11:52 - [MESSAGE][PASSED] - Delayed 3 second(s)

2018-06-10 22:11:52 - [TEST_STEP][PASSED] - click: Object: 'Object Repository/MOH AND GRN/Page_KDMC - CMS/button_OK' is clicked on

2018-06-10 22:11:52 - [MESSAGE][PASSED] - Object: 'Object Repository/MOH AND GRN/Page_KDMC - CMS/button_OK' is clicked on

2018-06-10 22:11:52 - [TEST_STEP][PASSED] - delay: Delayed 2 second(s)

2018-06-10 22:11:54 - [MESSAGE][PASSED] - Delayed 2 second(s)

2018-06-10 22:11:54 - [TEST_STEP][PASSED] - delay: Delayed 3 second(s)

2018-06-10 22:11:57 - [MESSAGE][PASSED] - Delayed 3 second(s)

2018-06-10 22:11:57 - [TEST_STEP][PASSED] - click: Object: 'Object Repository/MOH AND GRN/Page_KDMC - CMS/a_dropdown-toggle' is clicked on

2018-06-10 22:11:57 - [MESSAGE][PASSED] - Object: 'Object Repository/MOH AND GRN/Page_KDMC - CMS/a_dropdown-toggle' is clicked on

2018-06-10 22:11:57 - [TEST_STEP][PASSED] - click: Object: 'Object Repository/MOH AND GRN/Page_KDMC - CMS/a_Sign out' is clicked on

2018-06-10 22:11:58 - [MESSAGE][PASSED] - Object: 'Object Repository/MOH AND GRN/Page_KDMC - CMS/a_Sign out' is clicked on

2018-06-10 22:11:58 - [TEST_STEP][PASSED] - closeBrowser: Browser is closed

2018-06-10 22:11:58 - [MESSAGE][PASSED] - Browser is closed]]></system-out>
         <system-err><![CDATA[]]></system-err>
      </testcase>
      <testcase name="Test Cases/TEST/MOH REQUEST AND GRN/Moh Request GRN Schedule 12" classname="Test Cases/TEST/MOH REQUEST AND GRN/Moh Request GRN Schedule 12" status="PASSED">
         <system-out><![CDATA[2018-06-10 22:11:58 - [TEST_CASE][PASSED] - Test Cases/TEST/MOH REQUEST AND GRN/Moh Request GRN Schedule 12: Test Cases/TEST/MOH REQUEST AND GRN/Moh Request GRN Schedule 12

2018-06-10 22:11:59 - [TEST_STEP][PASSED] - openBrowser: Browser is opened with url: ''

2018-06-10 22:12:01 - [MESSAGE][PASSED] - Browser is opened with url: ''

2018-06-10 22:12:01 - [TEST_STEP][PASSED] - navigateToUrl: Navigate to 'http://192.168.137.1/multihospital_new/' successfully

2018-06-10 22:12:03 - [MESSAGE][PASSED] - Navigate to 'http://192.168.137.1/multihospital_new/' successfully

2018-06-10 22:12:03 - [TEST_STEP][PASSED] - maximizeWindow: Current window maximized

2018-06-10 22:12:04 - [MESSAGE][PASSED] - Current window maximized

2018-06-10 22:12:04 - [TEST_STEP][PASSED] - click: Object: 'Object Repository/MOH AND GRN/Page_KDMC/a_CMS' is clicked on

2018-06-10 22:12:05 - [MESSAGE][PASSED] - Object: 'Object Repository/MOH AND GRN/Page_KDMC/a_CMS' is clicked on

2018-06-10 22:12:05 - [TEST_STEP][PASSED] - setText: Text 'bala' is set on object 'Object Repository/MOH AND GRN/Page_CMS login/input_txtusername'

2018-06-10 22:12:05 - [MESSAGE][PASSED] - Text 'bala' is set on object 'Object Repository/MOH AND GRN/Page_CMS login/input_txtusername'

2018-06-10 22:12:05 - [TEST_STEP][PASSED] - setText: Text '123' is set on object 'Object Repository/MOH AND GRN/Page_CMS login/input_txtpassword'

2018-06-10 22:12:05 - [MESSAGE][PASSED] - Text '123' is set on object 'Object Repository/MOH AND GRN/Page_CMS login/input_txtpassword'

2018-06-10 22:12:05 - [TEST_STEP][PASSED] - delay: Delayed 3 second(s)

2018-06-10 22:12:08 - [MESSAGE][PASSED] - Delayed 3 second(s)

2018-06-10 22:12:08 - [TEST_STEP][PASSED] - click: Object: 'Object Repository/MOH AND GRN/Page_CMS login/button_Sign in' is clicked on

2018-06-10 22:12:09 - [MESSAGE][PASSED] - Object: 'Object Repository/MOH AND GRN/Page_CMS login/button_Sign in' is clicked on

2018-06-10 22:12:09 - [TEST_STEP][PASSED] - click: Object: 'Object Repository/MOH AND GRN/Page_KDMC - CMS/a_Request to MOH' is clicked on

2018-06-10 22:12:10 - [MESSAGE][PASSED] - Object: 'Object Repository/MOH AND GRN/Page_KDMC - CMS/a_Request to MOH' is clicked on

2018-06-10 22:12:10 - [TEST_STEP][PASSED] - selectOptionByIndex: All options with index in [2] are selected on object 'Object Repository/MOH AND GRN/Page_KDMC - CMS/select_--Select--'

2018-06-10 22:12:10 - [MESSAGE][PASSED] - All options with index in [2] are selected on object 'Object Repository/MOH AND GRN/Page_KDMC - CMS/select_--Select--'

2018-06-10 22:12:10 - [TEST_STEP][PASSED] - selectOptionByIndex: All options with index in [12] are selected on object 'Object Repository/MOH AND GRN/Page_KDMC - CMS/select_--Select--Schedule 1Inj'

2018-06-10 22:12:11 - [MESSAGE][PASSED] - All options with index in [12] are selected on object 'Object Repository/MOH AND GRN/Page_KDMC - CMS/select_--Select--Schedule 1Inj'

2018-06-10 22:12:11 - [TEST_STEP][PASSED] - Statement - selectedoptions = com.kms.katalon.core.webui.keyword.WebUiBuiltInKeywords.getNumberOfTotalOption(com.kms.katalon.core.testobject.ObjectRepository.findTestObject(MOH AND GRN/Page_KDMC - CMS/select_--Select--Adernaline 0.)): 19 options of object 'Object Repository/MOH AND GRN/Page_KDMC - CMS/select_--Select--Adernaline 0.' counted

2018-06-10 22:12:11 - [MESSAGE][PASSED] - 19 options of object 'Object Repository/MOH AND GRN/Page_KDMC - CMS/select_--Select--Adernaline 0.' counted

2018-06-10 22:12:11 - [TEST_STEP][PASSED] - Statement - For ([j = 1, j <= selectedoptions - 1, (j++)]): Object: 'Object Repository/MOH AND GRN/Page_KDMC - CMS/button_Add' is clicked on

2018-06-10 22:12:11 - [TEST_STEP][PASSED] - selectOptionByIndex: All options with index in [12] are selected on object 'Object Repository/MOH AND GRN/Page_KDMC - CMS/select_--Select--Schedule 1Inj'

2018-06-10 22:12:11 - [MESSAGE][PASSED] - All options with index in [12] are selected on object 'Object Repository/MOH AND GRN/Page_KDMC - CMS/select_--Select--Schedule 1Inj'

2018-06-10 22:12:11 - [TEST_STEP][PASSED] - selectOptionByIndex: All options with index in [1] are selected on object 'Object Repository/MOH AND GRN/Page_KDMC - CMS/select_--Select--Adernaline 0.'

2018-06-10 22:12:11 - [MESSAGE][PASSED] - All options with index in [1] are selected on object 'Object Repository/MOH AND GRN/Page_KDMC - CMS/select_--Select--Adernaline 0.'

2018-06-10 22:12:11 - [TEST_STEP][PASSED] - setText: Text '50000' is set on object 'Object Repository/MOH AND GRN/Page_KDMC - CMS/input_txttreat'

2018-06-10 22:12:11 - [MESSAGE][PASSED] - Text '50000' is set on object 'Object Repository/MOH AND GRN/Page_KDMC - CMS/input_txttreat'

2018-06-10 22:12:11 - [TEST_STEP][PASSED] - click: Object: 'Object Repository/MOH AND GRN/Page_KDMC - CMS/button_Add' is clicked on

2018-06-10 22:12:11 - [MESSAGE][PASSED] - Object: 'Object Repository/MOH AND GRN/Page_KDMC - CMS/button_Add' is clicked on

2018-06-10 22:12:11 - [TEST_STEP][PASSED] - selectOptionByIndex: All options with index in [12] are selected on object 'Object Repository/MOH AND GRN/Page_KDMC - CMS/select_--Select--Schedule 1Inj'

2018-06-10 22:12:11 - [MESSAGE][PASSED] - All options with index in [12] are selected on object 'Object Repository/MOH AND GRN/Page_KDMC - CMS/select_--Select--Schedule 1Inj'

2018-06-10 22:12:11 - [TEST_STEP][PASSED] - selectOptionByIndex: All options with index in [2] are selected on object 'Object Repository/MOH AND GRN/Page_KDMC - CMS/select_--Select--Adernaline 0.'

2018-06-10 22:12:12 - [MESSAGE][PASSED] - All options with index in [2] are selected on object 'Object Repository/MOH AND GRN/Page_KDMC - CMS/select_--Select--Adernaline 0.'

2018-06-10 22:12:12 - [TEST_STEP][PASSED] - setText: Text '50000' is set on object 'Object Repository/MOH AND GRN/Page_KDMC - CMS/input_txttreat'

2018-06-10 22:12:12 - [MESSAGE][PASSED] - Text '50000' is set on object 'Object Repository/MOH AND GRN/Page_KDMC - CMS/input_txttreat'

2018-06-10 22:12:12 - [TEST_STEP][PASSED] - click: Object: 'Object Repository/MOH AND GRN/Page_KDMC - CMS/button_Add' is clicked on

2018-06-10 22:12:12 - [MESSAGE][PASSED] - Object: 'Object Repository/MOH AND GRN/Page_KDMC - CMS/button_Add' is clicked on

2018-06-10 22:12:12 - [TEST_STEP][PASSED] - selectOptionByIndex: All options with index in [12] are selected on object 'Object Repository/MOH AND GRN/Page_KDMC - CMS/select_--Select--Schedule 1Inj'

2018-06-10 22:12:12 - [MESSAGE][PASSED] - All options with index in [12] are selected on object 'Object Repository/MOH AND GRN/Page_KDMC - CMS/select_--Select--Schedule 1Inj'

2018-06-10 22:12:12 - [TEST_STEP][PASSED] - selectOptionByIndex: All options with index in [3] are selected on object 'Object Repository/MOH AND GRN/Page_KDMC - CMS/select_--Select--Adernaline 0.'

2018-06-10 22:12:12 - [MESSAGE][PASSED] - All options with index in [3] are selected on object 'Object Repository/MOH AND GRN/Page_KDMC - CMS/select_--Select--Adernaline 0.'

2018-06-10 22:12:12 - [TEST_STEP][PASSED] - setText: Text '50000' is set on object 'Object Repository/MOH AND GRN/Page_KDMC - CMS/input_txttreat'

2018-06-10 22:12:12 - [MESSAGE][PASSED] - Text '50000' is set on object 'Object Repository/MOH AND GRN/Page_KDMC - CMS/input_txttreat'

2018-06-10 22:12:12 - [TEST_STEP][PASSED] - click: Object: 'Object Repository/MOH AND GRN/Page_KDMC - CMS/button_Add' is clicked on

2018-06-10 22:12:12 - [MESSAGE][PASSED] - Object: 'Object Repository/MOH AND GRN/Page_KDMC - CMS/button_Add' is clicked on

2018-06-10 22:12:12 - [TEST_STEP][PASSED] - selectOptionByIndex: All options with index in [12] are selected on object 'Object Repository/MOH AND GRN/Page_KDMC - CMS/select_--Select--Schedule 1Inj'

2018-06-10 22:12:12 - [MESSAGE][PASSED] - All options with index in [12] are selected on object 'Object Repository/MOH AND GRN/Page_KDMC - CMS/select_--Select--Schedule 1Inj'

2018-06-10 22:12:12 - [TEST_STEP][PASSED] - selectOptionByIndex: All options with index in [4] are selected on object 'Object Repository/MOH AND GRN/Page_KDMC - CMS/select_--Select--Adernaline 0.'

2018-06-10 22:12:13 - [MESSAGE][PASSED] - All options with index in [4] are selected on object 'Object Repository/MOH AND GRN/Page_KDMC - CMS/select_--Select--Adernaline 0.'

2018-06-10 22:12:13 - [TEST_STEP][PASSED] - setText: Text '50000' is set on object 'Object Repository/MOH AND GRN/Page_KDMC - CMS/input_txttreat'

2018-06-10 22:12:13 - [MESSAGE][PASSED] - Text '50000' is set on object 'Object Repository/MOH AND GRN/Page_KDMC - CMS/input_txttreat'

2018-06-10 22:12:13 - [TEST_STEP][PASSED] - click: Object: 'Object Repository/MOH AND GRN/Page_KDMC - CMS/button_Add' is clicked on

2018-06-10 22:12:13 - [MESSAGE][PASSED] - Object: 'Object Repository/MOH AND GRN/Page_KDMC - CMS/button_Add' is clicked on

2018-06-10 22:12:13 - [TEST_STEP][PASSED] - selectOptionByIndex: All options with index in [12] are selected on object 'Object Repository/MOH AND GRN/Page_KDMC - CMS/select_--Select--Schedule 1Inj'

2018-06-10 22:12:13 - [MESSAGE][PASSED] - All options with index in [12] are selected on object 'Object Repository/MOH AND GRN/Page_KDMC - CMS/select_--Select--Schedule 1Inj'

2018-06-10 22:12:13 - [TEST_STEP][PASSED] - selectOptionByIndex: All options with index in [5] are selected on object 'Object Repository/MOH AND GRN/Page_KDMC - CMS/select_--Select--Adernaline 0.'

2018-06-10 22:12:13 - [MESSAGE][PASSED] - All options with index in [5] are selected on object 'Object Repository/MOH AND GRN/Page_KDMC - CMS/select_--Select--Adernaline 0.'

2018-06-10 22:12:13 - [TEST_STEP][PASSED] - setText: Text '50000' is set on object 'Object Repository/MOH AND GRN/Page_KDMC - CMS/input_txttreat'

2018-06-10 22:12:13 - [MESSAGE][PASSED] - Text '50000' is set on object 'Object Repository/MOH AND GRN/Page_KDMC - CMS/input_txttreat'

2018-06-10 22:12:13 - [TEST_STEP][PASSED] - click: Object: 'Object Repository/MOH AND GRN/Page_KDMC - CMS/button_Add' is clicked on

2018-06-10 22:12:13 - [MESSAGE][PASSED] - Object: 'Object Repository/MOH AND GRN/Page_KDMC - CMS/button_Add' is clicked on

2018-06-10 22:12:13 - [TEST_STEP][PASSED] - selectOptionByIndex: All options with index in [12] are selected on object 'Object Repository/MOH AND GRN/Page_KDMC - CMS/select_--Select--Schedule 1Inj'

2018-06-10 22:12:13 - [MESSAGE][PASSED] - All options with index in [12] are selected on object 'Object Repository/MOH AND GRN/Page_KDMC - CMS/select_--Select--Schedule 1Inj'

2018-06-10 22:12:13 - [TEST_STEP][PASSED] - selectOptionByIndex: All options with index in [6] are selected on object 'Object Repository/MOH AND GRN/Page_KDMC - CMS/select_--Select--Adernaline 0.'

2018-06-10 22:12:14 - [MESSAGE][PASSED] - All options with index in [6] are selected on object 'Object Repository/MOH AND GRN/Page_KDMC - CMS/select_--Select--Adernaline 0.'

2018-06-10 22:12:14 - [TEST_STEP][PASSED] - setText: Text '50000' is set on object 'Object Repository/MOH AND GRN/Page_KDMC - CMS/input_txttreat'

2018-06-10 22:12:14 - [MESSAGE][PASSED] - Text '50000' is set on object 'Object Repository/MOH AND GRN/Page_KDMC - CMS/input_txttreat'

2018-06-10 22:12:14 - [TEST_STEP][PASSED] - click: Object: 'Object Repository/MOH AND GRN/Page_KDMC - CMS/button_Add' is clicked on

2018-06-10 22:12:14 - [MESSAGE][PASSED] - Object: 'Object Repository/MOH AND GRN/Page_KDMC - CMS/button_Add' is clicked on

2018-06-10 22:12:14 - [TEST_STEP][PASSED] - selectOptionByIndex: All options with index in [12] are selected on object 'Object Repository/MOH AND GRN/Page_KDMC - CMS/select_--Select--Schedule 1Inj'

2018-06-10 22:12:14 - [MESSAGE][PASSED] - All options with index in [12] are selected on object 'Object Repository/MOH AND GRN/Page_KDMC - CMS/select_--Select--Schedule 1Inj'

2018-06-10 22:12:14 - [TEST_STEP][PASSED] - selectOptionByIndex: All options with index in [7] are selected on object 'Object Repository/MOH AND GRN/Page_KDMC - CMS/select_--Select--Adernaline 0.'

2018-06-10 22:12:14 - [MESSAGE][PASSED] - All options with index in [7] are selected on object 'Object Repository/MOH AND GRN/Page_KDMC - CMS/select_--Select--Adernaline 0.'

2018-06-10 22:12:14 - [TEST_STEP][PASSED] - setText: Text '50000' is set on object 'Object Repository/MOH AND GRN/Page_KDMC - CMS/input_txttreat'

2018-06-10 22:12:14 - [MESSAGE][PASSED] - Text '50000' is set on object 'Object Repository/MOH AND GRN/Page_KDMC - CMS/input_txttreat'

2018-06-10 22:12:14 - [TEST_STEP][PASSED] - click: Object: 'Object Repository/MOH AND GRN/Page_KDMC - CMS/button_Add' is clicked on

2018-06-10 22:12:14 - [MESSAGE][PASSED] - Object: 'Object Repository/MOH AND GRN/Page_KDMC - CMS/button_Add' is clicked on

2018-06-10 22:12:14 - [TEST_STEP][PASSED] - selectOptionByIndex: All options with index in [12] are selected on object 'Object Repository/MOH AND GRN/Page_KDMC - CMS/select_--Select--Schedule 1Inj'

2018-06-10 22:12:15 - [MESSAGE][PASSED] - All options with index in [12] are selected on object 'Object Repository/MOH AND GRN/Page_KDMC - CMS/select_--Select--Schedule 1Inj'

2018-06-10 22:12:15 - [TEST_STEP][PASSED] - selectOptionByIndex: All options with index in [8] are selected on object 'Object Repository/MOH AND GRN/Page_KDMC - CMS/select_--Select--Adernaline 0.'

2018-06-10 22:12:15 - [MESSAGE][PASSED] - All options with index in [8] are selected on object 'Object Repository/MOH AND GRN/Page_KDMC - CMS/select_--Select--Adernaline 0.'

2018-06-10 22:12:15 - [TEST_STEP][PASSED] - setText: Text '50000' is set on object 'Object Repository/MOH AND GRN/Page_KDMC - CMS/input_txttreat'

2018-06-10 22:12:15 - [MESSAGE][PASSED] - Text '50000' is set on object 'Object Repository/MOH AND GRN/Page_KDMC - CMS/input_txttreat'

2018-06-10 22:12:15 - [TEST_STEP][PASSED] - click: Object: 'Object Repository/MOH AND GRN/Page_KDMC - CMS/button_Add' is clicked on

2018-06-10 22:12:15 - [MESSAGE][PASSED] - Object: 'Object Repository/MOH AND GRN/Page_KDMC - CMS/button_Add' is clicked on

2018-06-10 22:12:15 - [TEST_STEP][PASSED] - selectOptionByIndex: All options with index in [12] are selected on object 'Object Repository/MOH AND GRN/Page_KDMC - CMS/select_--Select--Schedule 1Inj'

2018-06-10 22:12:15 - [MESSAGE][PASSED] - All options with index in [12] are selected on object 'Object Repository/MOH AND GRN/Page_KDMC - CMS/select_--Select--Schedule 1Inj'

2018-06-10 22:12:15 - [TEST_STEP][PASSED] - selectOptionByIndex: All options with index in [9] are selected on object 'Object Repository/MOH AND GRN/Page_KDMC - CMS/select_--Select--Adernaline 0.'

2018-06-10 22:12:15 - [MESSAGE][PASSED] - All options with index in [9] are selected on object 'Object Repository/MOH AND GRN/Page_KDMC - CMS/select_--Select--Adernaline 0.'

2018-06-10 22:12:15 - [TEST_STEP][PASSED] - setText: Text '50000' is set on object 'Object Repository/MOH AND GRN/Page_KDMC - CMS/input_txttreat'

2018-06-10 22:12:15 - [MESSAGE][PASSED] - Text '50000' is set on object 'Object Repository/MOH AND GRN/Page_KDMC - CMS/input_txttreat'

2018-06-10 22:12:15 - [TEST_STEP][PASSED] - click: Object: 'Object Repository/MOH AND GRN/Page_KDMC - CMS/button_Add' is clicked on

2018-06-10 22:12:15 - [MESSAGE][PASSED] - Object: 'Object Repository/MOH AND GRN/Page_KDMC - CMS/button_Add' is clicked on

2018-06-10 22:12:15 - [TEST_STEP][PASSED] - selectOptionByIndex: All options with index in [12] are selected on object 'Object Repository/MOH AND GRN/Page_KDMC - CMS/select_--Select--Schedule 1Inj'

2018-06-10 22:12:16 - [MESSAGE][PASSED] - All options with index in [12] are selected on object 'Object Repository/MOH AND GRN/Page_KDMC - CMS/select_--Select--Schedule 1Inj'

2018-06-10 22:12:16 - [TEST_STEP][PASSED] - selectOptionByIndex: All options with index in [10] are selected on object 'Object Repository/MOH AND GRN/Page_KDMC - CMS/select_--Select--Adernaline 0.'

2018-06-10 22:12:16 - [MESSAGE][PASSED] - All options with index in [10] are selected on object 'Object Repository/MOH AND GRN/Page_KDMC - CMS/select_--Select--Adernaline 0.'

2018-06-10 22:12:16 - [TEST_STEP][PASSED] - setText: Text '50000' is set on object 'Object Repository/MOH AND GRN/Page_KDMC - CMS/input_txttreat'

2018-06-10 22:12:16 - [MESSAGE][PASSED] - Text '50000' is set on object 'Object Repository/MOH AND GRN/Page_KDMC - CMS/input_txttreat'

2018-06-10 22:12:16 - [TEST_STEP][PASSED] - click: Object: 'Object Repository/MOH AND GRN/Page_KDMC - CMS/button_Add' is clicked on

2018-06-10 22:12:16 - [MESSAGE][PASSED] - Object: 'Object Repository/MOH AND GRN/Page_KDMC - CMS/button_Add' is clicked on

2018-06-10 22:12:16 - [TEST_STEP][PASSED] - selectOptionByIndex: All options with index in [12] are selected on object 'Object Repository/MOH AND GRN/Page_KDMC - CMS/select_--Select--Schedule 1Inj'

2018-06-10 22:12:16 - [MESSAGE][PASSED] - All options with index in [12] are selected on object 'Object Repository/MOH AND GRN/Page_KDMC - CMS/select_--Select--Schedule 1Inj'

2018-06-10 22:12:16 - [TEST_STEP][PASSED] - selectOptionByIndex: All options with index in [11] are selected on object 'Object Repository/MOH AND GRN/Page_KDMC - CMS/select_--Select--Adernaline 0.'

2018-06-10 22:12:16 - [MESSAGE][PASSED] - All options with index in [11] are selected on object 'Object Repository/MOH AND GRN/Page_KDMC - CMS/select_--Select--Adernaline 0.'

2018-06-10 22:12:16 - [TEST_STEP][PASSED] - setText: Text '50000' is set on object 'Object Repository/MOH AND GRN/Page_KDMC - CMS/input_txttreat'

2018-06-10 22:12:17 - [MESSAGE][PASSED] - Text '50000' is set on object 'Object Repository/MOH AND GRN/Page_KDMC - CMS/input_txttreat'

2018-06-10 22:12:17 - [TEST_STEP][PASSED] - click: Object: 'Object Repository/MOH AND GRN/Page_KDMC - CMS/button_Add' is clicked on

2018-06-10 22:12:17 - [MESSAGE][PASSED] - Object: 'Object Repository/MOH AND GRN/Page_KDMC - CMS/button_Add' is clicked on

2018-06-10 22:12:17 - [TEST_STEP][PASSED] - selectOptionByIndex: All options with index in [12] are selected on object 'Object Repository/MOH AND GRN/Page_KDMC - CMS/select_--Select--Schedule 1Inj'

2018-06-10 22:12:17 - [MESSAGE][PASSED] - All options with index in [12] are selected on object 'Object Repository/MOH AND GRN/Page_KDMC - CMS/select_--Select--Schedule 1Inj'

2018-06-10 22:12:17 - [TEST_STEP][PASSED] - selectOptionByIndex: All options with index in [12] are selected on object 'Object Repository/MOH AND GRN/Page_KDMC - CMS/select_--Select--Adernaline 0.'

2018-06-10 22:12:17 - [MESSAGE][PASSED] - All options with index in [12] are selected on object 'Object Repository/MOH AND GRN/Page_KDMC - CMS/select_--Select--Adernaline 0.'

2018-06-10 22:12:17 - [TEST_STEP][PASSED] - setText: Text '50000' is set on object 'Object Repository/MOH AND GRN/Page_KDMC - CMS/input_txttreat'

2018-06-10 22:12:17 - [MESSAGE][PASSED] - Text '50000' is set on object 'Object Repository/MOH AND GRN/Page_KDMC - CMS/input_txttreat'

2018-06-10 22:12:17 - [TEST_STEP][PASSED] - click: Object: 'Object Repository/MOH AND GRN/Page_KDMC - CMS/button_Add' is clicked on

2018-06-10 22:12:17 - [MESSAGE][PASSED] - Object: 'Object Repository/MOH AND GRN/Page_KDMC - CMS/button_Add' is clicked on

2018-06-10 22:12:17 - [TEST_STEP][PASSED] - selectOptionByIndex: All options with index in [12] are selected on object 'Object Repository/MOH AND GRN/Page_KDMC - CMS/select_--Select--Schedule 1Inj'

2018-06-10 22:12:17 - [MESSAGE][PASSED] - All options with index in [12] are selected on object 'Object Repository/MOH AND GRN/Page_KDMC - CMS/select_--Select--Schedule 1Inj'

2018-06-10 22:12:17 - [TEST_STEP][PASSED] - selectOptionByIndex: All options with index in [13] are selected on object 'Object Repository/MOH AND GRN/Page_KDMC - CMS/select_--Select--Adernaline 0.'

2018-06-10 22:12:18 - [MESSAGE][PASSED] - All options with index in [13] are selected on object 'Object Repository/MOH AND GRN/Page_KDMC - CMS/select_--Select--Adernaline 0.'

2018-06-10 22:12:18 - [TEST_STEP][PASSED] - setText: Text '50000' is set on object 'Object Repository/MOH AND GRN/Page_KDMC - CMS/input_txttreat'

2018-06-10 22:12:18 - [MESSAGE][PASSED] - Text '50000' is set on object 'Object Repository/MOH AND GRN/Page_KDMC - CMS/input_txttreat'

2018-06-10 22:12:18 - [TEST_STEP][PASSED] - click: Object: 'Object Repository/MOH AND GRN/Page_KDMC - CMS/button_Add' is clicked on

2018-06-10 22:12:18 - [MESSAGE][PASSED] - Object: 'Object Repository/MOH AND GRN/Page_KDMC - CMS/button_Add' is clicked on

2018-06-10 22:12:18 - [TEST_STEP][PASSED] - selectOptionByIndex: All options with index in [12] are selected on object 'Object Repository/MOH AND GRN/Page_KDMC - CMS/select_--Select--Schedule 1Inj'

2018-06-10 22:12:18 - [MESSAGE][PASSED] - All options with index in [12] are selected on object 'Object Repository/MOH AND GRN/Page_KDMC - CMS/select_--Select--Schedule 1Inj'

2018-06-10 22:12:18 - [TEST_STEP][PASSED] - selectOptionByIndex: All options with index in [14] are selected on object 'Object Repository/MOH AND GRN/Page_KDMC - CMS/select_--Select--Adernaline 0.'

2018-06-10 22:12:18 - [MESSAGE][PASSED] - All options with index in [14] are selected on object 'Object Repository/MOH AND GRN/Page_KDMC - CMS/select_--Select--Adernaline 0.'

2018-06-10 22:12:18 - [TEST_STEP][PASSED] - setText: Text '50000' is set on object 'Object Repository/MOH AND GRN/Page_KDMC - CMS/input_txttreat'

2018-06-10 22:12:18 - [MESSAGE][PASSED] - Text '50000' is set on object 'Object Repository/MOH AND GRN/Page_KDMC - CMS/input_txttreat'

2018-06-10 22:12:18 - [TEST_STEP][PASSED] - click: Object: 'Object Repository/MOH AND GRN/Page_KDMC - CMS/button_Add' is clicked on

2018-06-10 22:12:18 - [MESSAGE][PASSED] - Object: 'Object Repository/MOH AND GRN/Page_KDMC - CMS/button_Add' is clicked on

2018-06-10 22:12:18 - [TEST_STEP][PASSED] - selectOptionByIndex: All options with index in [12] are selected on object 'Object Repository/MOH AND GRN/Page_KDMC - CMS/select_--Select--Schedule 1Inj'

2018-06-10 22:12:19 - [MESSAGE][PASSED] - All options with index in [12] are selected on object 'Object Repository/MOH AND GRN/Page_KDMC - CMS/select_--Select--Schedule 1Inj'

2018-06-10 22:12:19 - [TEST_STEP][PASSED] - selectOptionByIndex: All options with index in [15] are selected on object 'Object Repository/MOH AND GRN/Page_KDMC - CMS/select_--Select--Adernaline 0.'

2018-06-10 22:12:19 - [MESSAGE][PASSED] - All options with index in [15] are selected on object 'Object Repository/MOH AND GRN/Page_KDMC - CMS/select_--Select--Adernaline 0.'

2018-06-10 22:12:19 - [TEST_STEP][PASSED] - setText: Text '50000' is set on object 'Object Repository/MOH AND GRN/Page_KDMC - CMS/input_txttreat'

2018-06-10 22:12:19 - [MESSAGE][PASSED] - Text '50000' is set on object 'Object Repository/MOH AND GRN/Page_KDMC - CMS/input_txttreat'

2018-06-10 22:12:19 - [TEST_STEP][PASSED] - click: Object: 'Object Repository/MOH AND GRN/Page_KDMC - CMS/button_Add' is clicked on

2018-06-10 22:12:19 - [MESSAGE][PASSED] - Object: 'Object Repository/MOH AND GRN/Page_KDMC - CMS/button_Add' is clicked on

2018-06-10 22:12:19 - [TEST_STEP][PASSED] - selectOptionByIndex: All options with index in [12] are selected on object 'Object Repository/MOH AND GRN/Page_KDMC - CMS/select_--Select--Schedule 1Inj'

2018-06-10 22:12:19 - [MESSAGE][PASSED] - All options with index in [12] are selected on object 'Object Repository/MOH AND GRN/Page_KDMC - CMS/select_--Select--Schedule 1Inj'

2018-06-10 22:12:19 - [TEST_STEP][PASSED] - selectOptionByIndex: All options with index in [16] are selected on object 'Object Repository/MOH AND GRN/Page_KDMC - CMS/select_--Select--Adernaline 0.'

2018-06-10 22:12:20 - [MESSAGE][PASSED] - All options with index in [16] are selected on object 'Object Repository/MOH AND GRN/Page_KDMC - CMS/select_--Select--Adernaline 0.'

2018-06-10 22:12:20 - [TEST_STEP][PASSED] - setText: Text '50000' is set on object 'Object Repository/MOH AND GRN/Page_KDMC - CMS/input_txttreat'

2018-06-10 22:12:20 - [MESSAGE][PASSED] - Text '50000' is set on object 'Object Repository/MOH AND GRN/Page_KDMC - CMS/input_txttreat'

2018-06-10 22:12:20 - [TEST_STEP][PASSED] - click: Object: 'Object Repository/MOH AND GRN/Page_KDMC - CMS/button_Add' is clicked on

2018-06-10 22:12:20 - [MESSAGE][PASSED] - Object: 'Object Repository/MOH AND GRN/Page_KDMC - CMS/button_Add' is clicked on

2018-06-10 22:12:20 - [TEST_STEP][PASSED] - selectOptionByIndex: All options with index in [12] are selected on object 'Object Repository/MOH AND GRN/Page_KDMC - CMS/select_--Select--Schedule 1Inj'

2018-06-10 22:12:20 - [MESSAGE][PASSED] - All options with index in [12] are selected on object 'Object Repository/MOH AND GRN/Page_KDMC - CMS/select_--Select--Schedule 1Inj'

2018-06-10 22:12:20 - [TEST_STEP][PASSED] - selectOptionByIndex: All options with index in [17] are selected on object 'Object Repository/MOH AND GRN/Page_KDMC - CMS/select_--Select--Adernaline 0.'

2018-06-10 22:12:20 - [MESSAGE][PASSED] - All options with index in [17] are selected on object 'Object Repository/MOH AND GRN/Page_KDMC - CMS/select_--Select--Adernaline 0.'

2018-06-10 22:12:20 - [TEST_STEP][PASSED] - setText: Text '50000' is set on object 'Object Repository/MOH AND GRN/Page_KDMC - CMS/input_txttreat'

2018-06-10 22:12:20 - [MESSAGE][PASSED] - Text '50000' is set on object 'Object Repository/MOH AND GRN/Page_KDMC - CMS/input_txttreat'

2018-06-10 22:12:20 - [TEST_STEP][PASSED] - click: Object: 'Object Repository/MOH AND GRN/Page_KDMC - CMS/button_Add' is clicked on

2018-06-10 22:12:20 - [MESSAGE][PASSED] - Object: 'Object Repository/MOH AND GRN/Page_KDMC - CMS/button_Add' is clicked on

2018-06-10 22:12:20 - [TEST_STEP][PASSED] - selectOptionByIndex: All options with index in [12] are selected on object 'Object Repository/MOH AND GRN/Page_KDMC - CMS/select_--Select--Schedule 1Inj'

2018-06-10 22:12:21 - [MESSAGE][PASSED] - All options with index in [12] are selected on object 'Object Repository/MOH AND GRN/Page_KDMC - CMS/select_--Select--Schedule 1Inj'

2018-06-10 22:12:21 - [TEST_STEP][PASSED] - selectOptionByIndex: All options with index in [18] are selected on object 'Object Repository/MOH AND GRN/Page_KDMC - CMS/select_--Select--Adernaline 0.'

2018-06-10 22:12:21 - [MESSAGE][PASSED] - All options with index in [18] are selected on object 'Object Repository/MOH AND GRN/Page_KDMC - CMS/select_--Select--Adernaline 0.'

2018-06-10 22:12:21 - [TEST_STEP][PASSED] - setText: Text '50000' is set on object 'Object Repository/MOH AND GRN/Page_KDMC - CMS/input_txttreat'

2018-06-10 22:12:21 - [MESSAGE][PASSED] - Text '50000' is set on object 'Object Repository/MOH AND GRN/Page_KDMC - CMS/input_txttreat'

2018-06-10 22:12:21 - [TEST_STEP][PASSED] - click: Object: 'Object Repository/MOH AND GRN/Page_KDMC - CMS/button_Add' is clicked on

2018-06-10 22:12:21 - [MESSAGE][PASSED] - Object: 'Object Repository/MOH AND GRN/Page_KDMC - CMS/button_Add' is clicked on

2018-06-10 22:12:21 - [TEST_STEP][PASSED] - scrollToElement: Scroll to object 'Object Repository/MOH AND GRN/Page_KDMC - CMS/input_btnsave' successfully

2018-06-10 22:12:21 - [MESSAGE][PASSED] - Scroll to object 'Object Repository/MOH AND GRN/Page_KDMC - CMS/input_btnsave' successfully

2018-06-10 22:12:21 - [TEST_STEP][PASSED] - click: Object: 'Object Repository/MOH AND GRN/Page_KDMC - CMS/input_btnsave' is clicked on

2018-06-10 22:12:21 - [MESSAGE][PASSED] - Object: 'Object Repository/MOH AND GRN/Page_KDMC - CMS/input_btnsave' is clicked on

2018-06-10 22:12:21 - [TEST_STEP][PASSED] - delay: Delayed 3 second(s)

2018-06-10 22:12:24 - [MESSAGE][PASSED] - Delayed 3 second(s)

2018-06-10 22:12:24 - [TEST_STEP][PASSED] - Statement - Request1 = com.kms.katalon.core.webui.keyword.WebUiBuiltInKeywords.getText(com.kms.katalon.core.testobject.ObjectRepository.findTestObject(MOH AND GRN/Page_KDMC - CMS/font_PRNO0505201876)): Text of object 'Object Repository/MOH AND GRN/Page_KDMC - CMS/font_PRNO0505201876' is: 'PRNO/10062018/368'

2018-06-10 22:12:24 - [MESSAGE][PASSED] - Text of object 'Object Repository/MOH AND GRN/Page_KDMC - CMS/font_PRNO0505201876' is: 'PRNO/10062018/368'

2018-06-10 22:12:24 - [TEST_STEP][PASSED] - Statement - out.println("Length OF The Medicine " + Request1): null

2018-06-10 22:12:24 - [TEST_STEP][PASSED] - Statement - RequestNUmber = Request1.split("/")[2].trim(): null

2018-06-10 22:12:24 - [TEST_STEP][PASSED] - Statement - out.println("ID IS " + RequestNUmber): null

2018-06-10 22:12:24 - [TEST_STEP][PASSED] - delay: Delayed 3 second(s)

2018-06-10 22:12:27 - [MESSAGE][PASSED] - Delayed 3 second(s)

2018-06-10 22:12:27 - [TEST_STEP][PASSED] - click: Object: 'Object Repository/MOH AND GRN/Page_KDMC - CMS/button_OK' is clicked on

2018-06-10 22:12:28 - [MESSAGE][PASSED] - Object: 'Object Repository/MOH AND GRN/Page_KDMC - CMS/button_OK' is clicked on

2018-06-10 22:12:28 - [TEST_STEP][PASSED] - click: Object: 'Object Repository/MOH AND GRN/Page_KDMC - CMS/a_dropdown-toggle' is clicked on

2018-06-10 22:12:29 - [MESSAGE][PASSED] - Object: 'Object Repository/MOH AND GRN/Page_KDMC - CMS/a_dropdown-toggle' is clicked on

2018-06-10 22:12:29 - [TEST_STEP][PASSED] - click: Object: 'Object Repository/MOH AND GRN/Page_KDMC - CMS/a_Sign out' is clicked on

2018-06-10 22:12:30 - [MESSAGE][PASSED] - Object: 'Object Repository/MOH AND GRN/Page_KDMC - CMS/a_Sign out' is clicked on

2018-06-10 22:12:30 - [TEST_STEP][PASSED] - delay: Delayed 4 second(s)

2018-06-10 22:12:34 - [MESSAGE][PASSED] - Delayed 4 second(s)

2018-06-10 22:12:34 - [TEST_STEP][PASSED] - click: Object: 'Object Repository/MOH AND GRN/Page_KDMC/a_Admin Master' is clicked on

2018-06-10 22:12:34 - [MESSAGE][PASSED] - Object: 'Object Repository/MOH AND GRN/Page_KDMC/a_Admin Master' is clicked on

2018-06-10 22:12:34 - [TEST_STEP][PASSED] - setText: Text 'admin' is set on object 'Object Repository/MOH AND GRN/Page_Admin login/input_txtusername'

2018-06-10 22:12:34 - [MESSAGE][PASSED] - Text 'admin' is set on object 'Object Repository/MOH AND GRN/Page_Admin login/input_txtusername'

2018-06-10 22:12:34 - [TEST_STEP][PASSED] - setText: Text 'admin123' is set on object 'Object Repository/MOH AND GRN/Page_Admin login/input_txtpassword'

2018-06-10 22:12:34 - [MESSAGE][PASSED] - Text 'admin123' is set on object 'Object Repository/MOH AND GRN/Page_Admin login/input_txtpassword'

2018-06-10 22:12:34 - [TEST_STEP][PASSED] - delay: Delayed 3 second(s)

2018-06-10 22:12:37 - [MESSAGE][PASSED] - Delayed 3 second(s)

2018-06-10 22:12:37 - [TEST_STEP][PASSED] - click: Object: 'Object Repository/MOH AND GRN/Page_Admin login/button_Sign in' is clicked on

2018-06-10 22:12:38 - [MESSAGE][PASSED] - Object: 'Object Repository/MOH AND GRN/Page_Admin login/button_Sign in' is clicked on

2018-06-10 22:12:38 - [TEST_STEP][PASSED] - delay: Delayed 20 second(s)

2018-06-10 22:12:58 - [MESSAGE][PASSED] - Delayed 20 second(s)

2018-06-10 22:12:58 - [TEST_STEP][PASSED] - scrollToPosition: Browser is scrolled to position x = 200, y = 200

2018-06-10 22:12:58 - [MESSAGE][PASSED] - Browser is scrolled to position x = 200, y = 200

2018-06-10 22:12:58 - [TEST_STEP][PASSED] - click: Object: 'Object Repository/MOH AND GRN/Page_KDMC/a_CMS_1' is clicked on

2018-06-10 22:12:59 - [MESSAGE][PASSED] - Object: 'Object Repository/MOH AND GRN/Page_KDMC/a_CMS_1' is clicked on

2018-06-10 22:12:59 - [TEST_STEP][PASSED] - click: Object: 'Object Repository/MOH AND GRN/Page_KDMC/a_Request List' is clicked on

2018-06-10 22:13:00 - [MESSAGE][PASSED] - Object: 'Object Repository/MOH AND GRN/Page_KDMC/a_Request List' is clicked on

2018-06-10 22:13:00 - [TEST_STEP][PASSED] - Statement - RequestNumberId = com.kms.katalon.core.webui.keyword.WebUiBuiltInKeywords.modifyObjectProperty(com.kms.katalon.core.testobject.ObjectRepository.findTestObject(MOH AND GRN/Page_KDMC - CMS/input_PO0032), "xpath", "equals", "//*[@id =" + RequestNUmber + "]", true): Modify property of object successfully

2018-06-10 22:13:00 - [MESSAGE][PASSED] - Modify property of object successfully

2018-06-10 22:13:00 - [TEST_STEP][PASSED] - click: Object: 'Object Repository/MOH AND GRN/Page_KDMC - CMS/input_PO0032' is clicked on

2018-06-10 22:13:00 - [MESSAGE][PASSED] - Object: 'Object Repository/MOH AND GRN/Page_KDMC - CMS/input_PO0032' is clicked on

2018-06-10 22:13:00 - [TEST_STEP][PASSED] - delay: Delayed 3 second(s)

2018-06-10 22:13:03 - [MESSAGE][PASSED] - Delayed 3 second(s)

2018-06-10 22:13:03 - [TEST_STEP][PASSED] - selectOptionByIndex: All options with index in [1] are selected on object 'Object Repository/MOH AND GRN/Page_KDMC/select_--Select--'

2018-06-10 22:13:03 - [MESSAGE][PASSED] - All options with index in [1] are selected on object 'Object Repository/MOH AND GRN/Page_KDMC/select_--Select--'

2018-06-10 22:13:03 - [TEST_STEP][PASSED] - click: Object: 'Object Repository/MOH AND GRN/Page_KDMC/input_btnupdate' is clicked on

2018-06-10 22:13:04 - [MESSAGE][PASSED] - Object: 'Object Repository/MOH AND GRN/Page_KDMC/input_btnupdate' is clicked on

2018-06-10 22:13:04 - [TEST_STEP][PASSED] - delay: Delayed 3 second(s)

2018-06-10 22:13:07 - [MESSAGE][PASSED] - Delayed 3 second(s)

2018-06-10 22:13:07 - [TEST_STEP][PASSED] - click: Object: 'Object Repository/MOH AND GRN/Page_KDMC/button_OK' is clicked on

2018-06-10 22:13:08 - [MESSAGE][PASSED] - Object: 'Object Repository/MOH AND GRN/Page_KDMC/button_OK' is clicked on

2018-06-10 22:13:08 - [TEST_STEP][PASSED] - delay: Delayed 3 second(s)

2018-06-10 22:13:11 - [MESSAGE][PASSED] - Delayed 3 second(s)

2018-06-10 22:13:11 - [TEST_STEP][PASSED] - scrollToPosition: Browser is scrolled to position x = 200, y = 200

2018-06-10 22:13:11 - [MESSAGE][PASSED] - Browser is scrolled to position x = 200, y = 200

2018-06-10 22:13:11 - [TEST_STEP][PASSED] - click: Object: 'Object Repository/MOH AND GRN/Page_KDMC/a_CMS_2' is clicked on

2018-06-10 22:13:11 - [MESSAGE][PASSED] - Object: 'Object Repository/MOH AND GRN/Page_KDMC/a_CMS_2' is clicked on

2018-06-10 22:13:11 - [TEST_STEP][PASSED] - delay: Delayed 2 second(s)

2018-06-10 22:13:13 - [MESSAGE][PASSED] - Delayed 2 second(s)

2018-06-10 22:13:13 - [TEST_STEP][PASSED] - click: Object: 'Object Repository/MOH AND GRN/Page_KDMC/a_Generate P.O' is clicked on

2018-06-10 22:13:14 - [MESSAGE][PASSED] - Object: 'Object Repository/MOH AND GRN/Page_KDMC/a_Generate P.O' is clicked on

2018-06-10 22:13:14 - [TEST_STEP][PASSED] - delay: Delayed 2 second(s)

2018-06-10 22:13:16 - [MESSAGE][PASSED] - Delayed 2 second(s)

2018-06-10 22:13:16 - [TEST_STEP][PASSED] - selectOptionByIndex: All options with index in [1] are selected on object 'Object Repository/MOH AND GRN/Page_KDMC/select_--Select--PRNO040520183'

2018-06-10 22:13:16 - [MESSAGE][PASSED] - All options with index in [1] are selected on object 'Object Repository/MOH AND GRN/Page_KDMC/select_--Select--PRNO040520183'

2018-06-10 22:13:16 - [TEST_STEP][PASSED] - selectOptionByIndex: All options with index in [1] are selected on object 'Object Repository/MOH AND GRN/Page_KDMC/select_--Select--Hamen Chandra'

2018-06-10 22:13:16 - [MESSAGE][PASSED] - All options with index in [1] are selected on object 'Object Repository/MOH AND GRN/Page_KDMC/select_--Select--Hamen Chandra'

2018-06-10 22:13:16 - [TEST_STEP][PASSED] - Statement - PONumber = com.kms.katalon.core.webui.keyword.WebUiBuiltInKeywords.getText(com.kms.katalon.core.testobject.ObjectRepository.findTestObject(MOH AND GRN/Page_KDMC/input_lblpono)).trim(): Text of object 'Object Repository/MOH AND GRN/Page_KDMC/input_lblpono' is: ''

2018-06-10 22:13:16 - [MESSAGE][PASSED] - Text of object 'Object Repository/MOH AND GRN/Page_KDMC/input_lblpono' is: ''

2018-06-10 22:13:16 - [TEST_STEP][PASSED] - Statement - PONumber1 = com.kms.katalon.core.webui.keyword.WebUiBuiltInKeywords.getAttribute(com.kms.katalon.core.testobject.ObjectRepository.findTestObject(MOH AND GRN/Page_KDMC/input_lblpono), "value").trim(): Attribute 'value' of object 'Object Repository/MOH AND GRN/Page_KDMC/input_lblpono' is: 'PO00219'

2018-06-10 22:13:16 - [MESSAGE][PASSED] - Attribute 'value' of object 'Object Repository/MOH AND GRN/Page_KDMC/input_lblpono' is: 'PO00219'

2018-06-10 22:13:16 - [TEST_STEP][PASSED] - Statement - out.println("PO NUMBER :" + PONumber): null

2018-06-10 22:13:16 - [TEST_STEP][PASSED] - Statement - out.println("PO NUMBER :" + PONumber1): null

2018-06-10 22:13:16 - [TEST_STEP][PASSED] - click: Object: 'Object Repository/MOH AND GRN/Page_KDMC/input_chkrem' is clicked on

2018-06-10 22:13:16 - [MESSAGE][PASSED] - Object: 'Object Repository/MOH AND GRN/Page_KDMC/input_chkrem' is clicked on

2018-06-10 22:13:16 - [TEST_STEP][PASSED] - scrollToElement: Scroll to object 'Object Repository/MOH AND GRN/Page_KDMC/input_btnreturn' successfully

2018-06-10 22:13:16 - [MESSAGE][PASSED] - Scroll to object 'Object Repository/MOH AND GRN/Page_KDMC/input_btnreturn' successfully

2018-06-10 22:13:16 - [TEST_STEP][PASSED] - click: Object: 'Object Repository/MOH AND GRN/Page_KDMC/input_btnreturn' is clicked on

2018-06-10 22:13:16 - [MESSAGE][PASSED] - Object: 'Object Repository/MOH AND GRN/Page_KDMC/input_btnreturn' is clicked on

2018-06-10 22:13:16 - [TEST_STEP][PASSED] - delay: Delayed 3 second(s)

2018-06-10 22:13:19 - [MESSAGE][PASSED] - Delayed 3 second(s)

2018-06-10 22:13:19 - [TEST_STEP][PASSED] - click: Object: 'Object Repository/MOH AND GRN/Page_KDMC/button_Yes' is clicked on

2018-06-10 22:13:19 - [MESSAGE][PASSED] - Object: 'Object Repository/MOH AND GRN/Page_KDMC/button_Yes' is clicked on

2018-06-10 22:13:19 - [TEST_STEP][PASSED] - delay: Delayed 3 second(s)

2018-06-10 22:13:22 - [MESSAGE][PASSED] - Delayed 3 second(s)

2018-06-10 22:13:22 - [TEST_STEP][PASSED] - click: Object: 'Object Repository/MOH AND GRN/Page_KDMC/button_OK' is clicked on

2018-06-10 22:13:23 - [MESSAGE][PASSED] - Object: 'Object Repository/MOH AND GRN/Page_KDMC/button_OK' is clicked on

2018-06-10 22:13:23 - [TEST_STEP][PASSED] - delay: Delayed 3 second(s)

2018-06-10 22:13:26 - [MESSAGE][PASSED] - Delayed 3 second(s)

2018-06-10 22:13:26 - [TEST_STEP][PASSED] - click: Object: 'Object Repository/MOH AND GRN/Page_KDMC/a_dropdown-toggle' is clicked on

2018-06-10 22:13:26 - [MESSAGE][PASSED] - Object: 'Object Repository/MOH AND GRN/Page_KDMC/a_dropdown-toggle' is clicked on

2018-06-10 22:13:26 - [TEST_STEP][PASSED] - click: Object: 'Object Repository/MOH AND GRN/Page_KDMC/a_Sign out' is clicked on

2018-06-10 22:13:26 - [MESSAGE][PASSED] - Object: 'Object Repository/MOH AND GRN/Page_KDMC/a_Sign out' is clicked on

2018-06-10 22:13:26 - [TEST_STEP][PASSED] - delay: Delayed 4 second(s)

2018-06-10 22:13:30 - [MESSAGE][PASSED] - Delayed 4 second(s)

2018-06-10 22:13:30 - [TEST_STEP][PASSED] - click: Object: 'Object Repository/MOH AND GRN/Page_KDMC/a_CMS' is clicked on

2018-06-10 22:13:31 - [MESSAGE][PASSED] - Object: 'Object Repository/MOH AND GRN/Page_KDMC/a_CMS' is clicked on

2018-06-10 22:13:31 - [TEST_STEP][PASSED] - setText: Text 'bala' is set on object 'Object Repository/MOH AND GRN/Page_CMS login/input_txtusername'

2018-06-10 22:13:31 - [MESSAGE][PASSED] - Text 'bala' is set on object 'Object Repository/MOH AND GRN/Page_CMS login/input_txtusername'

2018-06-10 22:13:31 - [TEST_STEP][PASSED] - setText: Text '123' is set on object 'Object Repository/MOH AND GRN/Page_CMS login/input_txtpassword'

2018-06-10 22:13:31 - [MESSAGE][PASSED] - Text '123' is set on object 'Object Repository/MOH AND GRN/Page_CMS login/input_txtpassword'

2018-06-10 22:13:31 - [TEST_STEP][PASSED] - delay: Delayed 3 second(s)

2018-06-10 22:13:34 - [MESSAGE][PASSED] - Delayed 3 second(s)

2018-06-10 22:13:34 - [TEST_STEP][PASSED] - click: Object: 'Object Repository/MOH AND GRN/Page_CMS login/button_Sign in' is clicked on

2018-06-10 22:13:35 - [MESSAGE][PASSED] - Object: 'Object Repository/MOH AND GRN/Page_CMS login/button_Sign in' is clicked on

2018-06-10 22:13:35 - [TEST_STEP][PASSED] - click: Object: 'Object Repository/MOH AND GRN/Page_KDMC - CMS/a_CMS Details' is clicked on

2018-06-10 22:13:35 - [MESSAGE][PASSED] - Object: 'Object Repository/MOH AND GRN/Page_KDMC - CMS/a_CMS Details' is clicked on

2018-06-10 22:13:35 - [TEST_STEP][PASSED] - delay: Delayed 2 second(s)

2018-06-10 22:13:37 - [MESSAGE][PASSED] - Delayed 2 second(s)

2018-06-10 22:13:37 - [TEST_STEP][PASSED] - click: Object: 'Object Repository/MOH AND GRN/Page_KDMC - CMS/a_Goods Receive' is clicked on

2018-06-10 22:13:37 - [MESSAGE][PASSED] - Object: 'Object Repository/MOH AND GRN/Page_KDMC - CMS/a_Goods Receive' is clicked on

2018-06-10 22:13:37 - [TEST_STEP][PASSED] - delay: Delayed 2 second(s)

2018-06-10 22:13:39 - [MESSAGE][PASSED] - Delayed 2 second(s)

2018-06-10 22:13:39 - [TEST_STEP][PASSED] - selectOptionByLabel: All options with label 'PO00219' are selected in object 'Object Repository/MOH AND GRN/Page_KDMC - CMS/select_--Select--PO0032PO0031P' 

2018-06-10 22:13:39 - [MESSAGE][PASSED] - All options with label 'PO00219' are selected in object 'Object Repository/MOH AND GRN/Page_KDMC - CMS/select_--Select--PO0032PO0031P' 

2018-06-10 22:13:39 - [TEST_STEP][PASSED] - setText: Finding Test Object with id 'Object Repository/MOH AND GRN/Page_KDMC - CMS/input_txtgrnno'

2018-06-10 22:13:39 - [TEST_STEP][PASSED] - Statement - switch (id): Text 'INV837.0' is set on object 'Object Repository/MOH AND GRN/Page_KDMC - CMS/input_txtgrnno'

2018-06-10 22:13:39 - [TEST_STEP][PASSED] - Statement - case 2:: Text 'INV837.0' is set on object 'Object Repository/MOH AND GRN/Page_KDMC - CMS/input_txtgrnno'

2018-06-10 22:13:39 - [TEST_STEP][PASSED] - Statement - return (java.lang.Math.floor((java.lang.Math.random() * ((max - min) + 1))) + min): Text 'INV837.0' is set on object 'Object Repository/MOH AND GRN/Page_KDMC - CMS/input_txtgrnno'

2018-06-10 22:13:40 - [MESSAGE][PASSED] - Text 'INV837.0' is set on object 'Object Repository/MOH AND GRN/Page_KDMC - CMS/input_txtgrnno'

2018-06-10 22:13:40 - [TEST_STEP][PASSED] - selectOptionByIndex: All options with index in [1] are selected on object 'Object Repository/MOH AND GRN/Page_KDMC - CMS/select_--Select--PERUMAL PHARM'

2018-06-10 22:13:40 - [MESSAGE][PASSED] - All options with index in [1] are selected on object 'Object Repository/MOH AND GRN/Page_KDMC - CMS/select_--Select--PERUMAL PHARM'

2018-06-10 22:13:40 - [TEST_STEP][PASSED] - setText: Text '17000' is set on object 'Object Repository/MOH AND GRN/Page_KDMC - CMS/input_txtgrnno_1'

2018-06-10 22:13:40 - [MESSAGE][PASSED] - Text '17000' is set on object 'Object Repository/MOH AND GRN/Page_KDMC - CMS/input_txtgrnno_1'

2018-06-10 22:13:40 - [TEST_STEP][PASSED] - setText: Text '500' is set on object 'Object Repository/MOH AND GRN/Page_KDMC - CMS/input_txtgrnno_2'

2018-06-10 22:13:40 - [MESSAGE][PASSED] - Text '500' is set on object 'Object Repository/MOH AND GRN/Page_KDMC - CMS/input_txtgrnno_2'

2018-06-10 22:13:40 - [TEST_STEP][PASSED] - setText: Finding Test Object with id 'Object Repository/MOH AND GRN/Page_KDMC - CMS/input_txtgrnno_3'

2018-06-10 22:13:40 - [TEST_STEP][PASSED] - Statement - switch (id): Text 'CH154.0' is set on object 'Object Repository/MOH AND GRN/Page_KDMC - CMS/input_txtgrnno_3'

2018-06-10 22:13:40 - [TEST_STEP][PASSED] - Statement - case 3:: Text 'CH154.0' is set on object 'Object Repository/MOH AND GRN/Page_KDMC - CMS/input_txtgrnno_3'

2018-06-10 22:13:40 - [TEST_STEP][PASSED] - Statement - return (java.lang.Math.floor((java.lang.Math.random() * ((max - min) + 1))) + min): Text 'CH154.0' is set on object 'Object Repository/MOH AND GRN/Page_KDMC - CMS/input_txtgrnno_3'

2018-06-10 22:13:40 - [MESSAGE][PASSED] - Text 'CH154.0' is set on object 'Object Repository/MOH AND GRN/Page_KDMC - CMS/input_txtgrnno_3'

2018-06-10 22:13:40 - [TEST_STEP][PASSED] - scrollToPosition: Browser is scrolled to position x = 200, y = 200

2018-06-10 22:13:40 - [MESSAGE][PASSED] - Browser is scrolled to position x = 200, y = 200

2018-06-10 22:13:40 - [TEST_STEP][PASSED] - Statement - GrnLength = com.kms.katalon.core.webui.keyword.WebUiBuiltInKeywords.getNumberOfTotalOption(com.kms.katalon.core.testobject.ObjectRepository.findTestObject(MOH AND GRN/Page_KDMC - CMS/select_--Select--Amikacin -500)): 19 options of object 'Object Repository/MOH AND GRN/Page_KDMC - CMS/select_--Select--Amikacin -500' counted

2018-06-10 22:13:40 - [MESSAGE][PASSED] - 19 options of object 'Object Repository/MOH AND GRN/Page_KDMC - CMS/select_--Select--Amikacin -500' counted

2018-06-10 22:13:40 - [TEST_STEP][PASSED] - Statement - out.println("Length OF The Medicine " + GrnLength): null

2018-06-10 22:13:40 - [TEST_STEP][PASSED] - Statement - s = 1: null

2018-06-10 22:13:40 - [TEST_STEP][PASSED] - Statement - For ([t = 1, t < GrnLength, (t++)]): Finding Test Object with id 'Object Repository/MOH AND GRN/Page_KDMC - CMS/input_txtmrp'

2018-06-10 22:13:40 - [TEST_STEP][PASSED] - selectOptionByIndex: All options with index in [1] are selected on object 'Object Repository/MOH AND GRN/Page_KDMC - CMS/select_--Select--Amikacin -500'

2018-06-10 22:13:40 - [MESSAGE][PASSED] - All options with index in [1] are selected on object 'Object Repository/MOH AND GRN/Page_KDMC - CMS/select_--Select--Amikacin -500'

2018-06-10 22:13:40 - [TEST_STEP][PASSED] - setText: Text '50000' is set on object 'Object Repository/MOH AND GRN/Page_KDMC - CMS/input_txtqty'

2018-06-10 22:13:41 - [MESSAGE][PASSED] - Text '50000' is set on object 'Object Repository/MOH AND GRN/Page_KDMC - CMS/input_txtqty'

2018-06-10 22:13:41 - [TEST_STEP][PASSED] - selectOptionByIndex: All options with index in [1] are selected on object 'Object Repository/MOH AND GRN/Page_KDMC - CMS/select_--Select--No Tax0'

2018-06-10 22:13:41 - [MESSAGE][PASSED] - All options with index in [1] are selected on object 'Object Repository/MOH AND GRN/Page_KDMC - CMS/select_--Select--No Tax0'

2018-06-10 22:13:41 - [TEST_STEP][PASSED] - setText: Finding Test Object with id 'Object Repository/MOH AND GRN/Page_KDMC - CMS/input_txtmrp'

2018-06-10 22:13:41 - [TEST_STEP][PASSED] - Statement - switch (id): Finding Test Object with id 'Object Repository/MOH AND GRN/Page_KDMC - CMS/input_txtdeal'

2018-06-10 22:13:41 - [TEST_STEP][PASSED] - Statement - case 4:: Text '22.0' is set on object 'Object Repository/MOH AND GRN/Page_KDMC - CMS/input_txtmrp'

2018-06-10 22:13:41 - [TEST_STEP][PASSED] - Statement - return (java.lang.Math.floor((java.lang.Math.random() * ((max - min) + 1))) + min): Text '22.0' is set on object 'Object Repository/MOH AND GRN/Page_KDMC - CMS/input_txtmrp'

2018-06-10 22:13:41 - [MESSAGE][PASSED] - Text '22.0' is set on object 'Object Repository/MOH AND GRN/Page_KDMC - CMS/input_txtmrp'

2018-06-10 22:13:41 - [TEST_STEP][PASSED] - setText: Finding Test Object with id 'Object Repository/MOH AND GRN/Page_KDMC - CMS/input_txtdeal'

2018-06-10 22:13:41 - [TEST_STEP][PASSED] - Statement - switch (id): Finding Test Object with id 'Object Repository/MOH AND GRN/Page_KDMC - CMS/input_txtbatchno'

2018-06-10 22:13:41 - [TEST_STEP][PASSED] - Statement - case 5:: Text '1.0' is set on object 'Object Repository/MOH AND GRN/Page_KDMC - CMS/input_txtdeal'

2018-06-10 22:13:41 - [TEST_STEP][PASSED] - Statement - return (java.lang.Math.floor((java.lang.Math.random() * ((max - min) + 1))) + min): Text '1.0' is set on object 'Object Repository/MOH AND GRN/Page_KDMC - CMS/input_txtdeal'

2018-06-10 22:13:41 - [MESSAGE][PASSED] - Text '1.0' is set on object 'Object Repository/MOH AND GRN/Page_KDMC - CMS/input_txtdeal'

2018-06-10 22:13:41 - [TEST_STEP][PASSED] - setText: Finding Test Object with id 'Object Repository/MOH AND GRN/Page_KDMC - CMS/input_txtbatchno'

2018-06-10 22:13:41 - [TEST_STEP][PASSED] - Statement - switch (id): Finding Test Object with id 'Object Repository/MOH AND GRN/Page_KDMC - CMS/input_txtmrp'

2018-06-10 22:13:41 - [TEST_STEP][PASSED] - Statement - case 1:: Text 'BA822.0' is set on object 'Object Repository/MOH AND GRN/Page_KDMC - CMS/input_txtbatchno'

2018-06-10 22:13:41 - [TEST_STEP][PASSED] - Statement - return (java.lang.Math.floor((java.lang.Math.random() * ((max - min) + 1))) + min): Text 'BA822.0' is set on object 'Object Repository/MOH AND GRN/Page_KDMC - CMS/input_txtbatchno'

2018-06-10 22:13:41 - [MESSAGE][PASSED] - Text 'BA822.0' is set on object 'Object Repository/MOH AND GRN/Page_KDMC - CMS/input_txtbatchno'

2018-06-10 22:13:41 - [TEST_STEP][PASSED] - rightClick: Object: 'Object Repository/GRN/Page_KDMC - CMS/input_txtexpdate' is right clicked on

2018-06-10 22:13:41 - [MESSAGE][PASSED] - Object: 'Object Repository/GRN/Page_KDMC - CMS/input_txtexpdate' is right clicked on

2018-06-10 22:13:41 - [TEST_STEP][PASSED] - selectOptionByIndex: All options with index in [1] are selected on object 'Object Repository/GRN/Page_KDMC - CMS/select_20182019202020212022202'

2018-06-10 22:13:41 - [MESSAGE][PASSED] - All options with index in [1] are selected on object 'Object Repository/GRN/Page_KDMC - CMS/select_20182019202020212022202'

2018-06-10 22:13:41 - [TEST_STEP][PASSED] - selectOptionByIndex: All options with index in [1] are selected on object 'Object Repository/GRN/Page_KDMC - CMS/select_JanFebMarAprMayJunJulAu'

2018-06-10 22:13:42 - [MESSAGE][PASSED] - All options with index in [1] are selected on object 'Object Repository/GRN/Page_KDMC - CMS/select_JanFebMarAprMayJunJulAu'

2018-06-10 22:13:42 - [TEST_STEP][PASSED] - click: Object: 'Object Repository/MOH AND GRN/Page_KDMC - CMS/a_12' is clicked on

2018-06-10 22:13:42 - [MESSAGE][PASSED] - Object: 'Object Repository/MOH AND GRN/Page_KDMC - CMS/a_12' is clicked on

2018-06-10 22:13:42 - [TEST_STEP][PASSED] - click: Object: 'Object Repository/MOH AND GRN/Page_KDMC - CMS/input_btnadd' is clicked on

2018-06-10 22:13:42 - [MESSAGE][PASSED] - Object: 'Object Repository/MOH AND GRN/Page_KDMC - CMS/input_btnadd' is clicked on

2018-06-10 22:13:42 - [TEST_STEP][PASSED] - Statement - If (s == 10): null

2018-06-10 22:13:42 - [TEST_STEP][PASSED] - Statement - Else: null

2018-06-10 22:13:42 - [TEST_STEP][PASSED] - Statement - (s++): null

2018-06-10 22:13:42 - [TEST_STEP][PASSED] - delay: Delayed 1 second(s)

2018-06-10 22:13:43 - [MESSAGE][PASSED] - Delayed 1 second(s)

2018-06-10 22:13:43 - [TEST_STEP][PASSED] - selectOptionByIndex: All options with index in [2] are selected on object 'Object Repository/MOH AND GRN/Page_KDMC - CMS/select_--Select--Amikacin -500'

2018-06-10 22:13:43 - [MESSAGE][PASSED] - All options with index in [2] are selected on object 'Object Repository/MOH AND GRN/Page_KDMC - CMS/select_--Select--Amikacin -500'

2018-06-10 22:13:43 - [TEST_STEP][PASSED] - setText: Text '50000' is set on object 'Object Repository/MOH AND GRN/Page_KDMC - CMS/input_txtqty'

2018-06-10 22:13:43 - [MESSAGE][PASSED] - Text '50000' is set on object 'Object Repository/MOH AND GRN/Page_KDMC - CMS/input_txtqty'

2018-06-10 22:13:43 - [TEST_STEP][PASSED] - selectOptionByIndex: All options with index in [1] are selected on object 'Object Repository/MOH AND GRN/Page_KDMC - CMS/select_--Select--No Tax0'

2018-06-10 22:13:43 - [MESSAGE][PASSED] - All options with index in [1] are selected on object 'Object Repository/MOH AND GRN/Page_KDMC - CMS/select_--Select--No Tax0'

2018-06-10 22:13:43 - [TEST_STEP][PASSED] - setText: Finding Test Object with id 'Object Repository/MOH AND GRN/Page_KDMC - CMS/input_txtmrp'

2018-06-10 22:13:43 - [TEST_STEP][PASSED] - Statement - switch (id): Finding Test Object with id 'Object Repository/MOH AND GRN/Page_KDMC - CMS/input_txtdeal'

2018-06-10 22:13:43 - [TEST_STEP][PASSED] - Statement - case 4:: Text '23.0' is set on object 'Object Repository/MOH AND GRN/Page_KDMC - CMS/input_txtmrp'

2018-06-10 22:13:43 - [TEST_STEP][PASSED] - Statement - return (java.lang.Math.floor((java.lang.Math.random() * ((max - min) + 1))) + min): Text '23.0' is set on object 'Object Repository/MOH AND GRN/Page_KDMC - CMS/input_txtmrp'

2018-06-10 22:13:43 - [MESSAGE][PASSED] - Text '23.0' is set on object 'Object Repository/MOH AND GRN/Page_KDMC - CMS/input_txtmrp'

2018-06-10 22:13:43 - [TEST_STEP][PASSED] - setText: Finding Test Object with id 'Object Repository/MOH AND GRN/Page_KDMC - CMS/input_txtdeal'

2018-06-10 22:13:43 - [TEST_STEP][PASSED] - Statement - switch (id): Finding Test Object with id 'Object Repository/MOH AND GRN/Page_KDMC - CMS/input_txtbatchno'

2018-06-10 22:13:43 - [TEST_STEP][PASSED] - Statement - case 5:: Text '12.0' is set on object 'Object Repository/MOH AND GRN/Page_KDMC - CMS/input_txtdeal'

2018-06-10 22:13:43 - [TEST_STEP][PASSED] - Statement - return (java.lang.Math.floor((java.lang.Math.random() * ((max - min) + 1))) + min): Text '12.0' is set on object 'Object Repository/MOH AND GRN/Page_KDMC - CMS/input_txtdeal'

2018-06-10 22:13:43 - [MESSAGE][PASSED] - Text '12.0' is set on object 'Object Repository/MOH AND GRN/Page_KDMC - CMS/input_txtdeal'

2018-06-10 22:13:43 - [TEST_STEP][PASSED] - setText: Finding Test Object with id 'Object Repository/MOH AND GRN/Page_KDMC - CMS/input_txtbatchno'

2018-06-10 22:13:43 - [TEST_STEP][PASSED] - Statement - switch (id): Finding Test Object with id 'Object Repository/MOH AND GRN/Page_KDMC - CMS/input_txtmrp'

2018-06-10 22:13:43 - [TEST_STEP][PASSED] - Statement - case 1:: Text 'BA181.0' is set on object 'Object Repository/MOH AND GRN/Page_KDMC - CMS/input_txtbatchno'

2018-06-10 22:13:43 - [TEST_STEP][PASSED] - Statement - return (java.lang.Math.floor((java.lang.Math.random() * ((max - min) + 1))) + min): Text 'BA181.0' is set on object 'Object Repository/MOH AND GRN/Page_KDMC - CMS/input_txtbatchno'

2018-06-10 22:13:43 - [MESSAGE][PASSED] - Text 'BA181.0' is set on object 'Object Repository/MOH AND GRN/Page_KDMC - CMS/input_txtbatchno'

2018-06-10 22:13:43 - [TEST_STEP][PASSED] - rightClick: Object: 'Object Repository/GRN/Page_KDMC - CMS/input_txtexpdate' is right clicked on

2018-06-10 22:13:43 - [MESSAGE][PASSED] - Object: 'Object Repository/GRN/Page_KDMC - CMS/input_txtexpdate' is right clicked on

2018-06-10 22:13:43 - [TEST_STEP][PASSED] - selectOptionByIndex: All options with index in [2] are selected on object 'Object Repository/GRN/Page_KDMC - CMS/select_20182019202020212022202'

2018-06-10 22:13:44 - [MESSAGE][PASSED] - All options with index in [2] are selected on object 'Object Repository/GRN/Page_KDMC - CMS/select_20182019202020212022202'

2018-06-10 22:13:44 - [TEST_STEP][PASSED] - selectOptionByIndex: All options with index in [2] are selected on object 'Object Repository/GRN/Page_KDMC - CMS/select_JanFebMarAprMayJunJulAu'

2018-06-10 22:13:44 - [MESSAGE][PASSED] - All options with index in [2] are selected on object 'Object Repository/GRN/Page_KDMC - CMS/select_JanFebMarAprMayJunJulAu'

2018-06-10 22:13:44 - [TEST_STEP][PASSED] - click: Object: 'Object Repository/MOH AND GRN/Page_KDMC - CMS/a_12' is clicked on

2018-06-10 22:13:44 - [MESSAGE][PASSED] - Object: 'Object Repository/MOH AND GRN/Page_KDMC - CMS/a_12' is clicked on

2018-06-10 22:13:44 - [TEST_STEP][PASSED] - click: Object: 'Object Repository/MOH AND GRN/Page_KDMC - CMS/input_btnadd' is clicked on

2018-06-10 22:13:44 - [MESSAGE][PASSED] - Object: 'Object Repository/MOH AND GRN/Page_KDMC - CMS/input_btnadd' is clicked on

2018-06-10 22:13:44 - [TEST_STEP][PASSED] - Statement - If (s == 10): null

2018-06-10 22:13:44 - [TEST_STEP][PASSED] - Statement - Else: null

2018-06-10 22:13:44 - [TEST_STEP][PASSED] - Statement - (s++): null

2018-06-10 22:13:44 - [TEST_STEP][PASSED] - delay: Delayed 1 second(s)

2018-06-10 22:13:45 - [MESSAGE][PASSED] - Delayed 1 second(s)

2018-06-10 22:13:45 - [TEST_STEP][PASSED] - selectOptionByIndex: All options with index in [3] are selected on object 'Object Repository/MOH AND GRN/Page_KDMC - CMS/select_--Select--Amikacin -500'

2018-06-10 22:13:45 - [MESSAGE][PASSED] - All options with index in [3] are selected on object 'Object Repository/MOH AND GRN/Page_KDMC - CMS/select_--Select--Amikacin -500'

2018-06-10 22:13:45 - [TEST_STEP][PASSED] - setText: Text '50000' is set on object 'Object Repository/MOH AND GRN/Page_KDMC - CMS/input_txtqty'

2018-06-10 22:13:45 - [MESSAGE][PASSED] - Text '50000' is set on object 'Object Repository/MOH AND GRN/Page_KDMC - CMS/input_txtqty'

2018-06-10 22:13:45 - [TEST_STEP][PASSED] - selectOptionByIndex: All options with index in [1] are selected on object 'Object Repository/MOH AND GRN/Page_KDMC - CMS/select_--Select--No Tax0'

2018-06-10 22:13:45 - [MESSAGE][PASSED] - All options with index in [1] are selected on object 'Object Repository/MOH AND GRN/Page_KDMC - CMS/select_--Select--No Tax0'

2018-06-10 22:13:45 - [TEST_STEP][PASSED] - setText: Finding Test Object with id 'Object Repository/MOH AND GRN/Page_KDMC - CMS/input_txtmrp'

2018-06-10 22:13:45 - [TEST_STEP][PASSED] - Statement - switch (id): Finding Test Object with id 'Object Repository/MOH AND GRN/Page_KDMC - CMS/input_txtdeal'

2018-06-10 22:13:45 - [TEST_STEP][PASSED] - Statement - case 4:: Text '32.0' is set on object 'Object Repository/MOH AND GRN/Page_KDMC - CMS/input_txtmrp'

2018-06-10 22:13:45 - [TEST_STEP][PASSED] - Statement - return (java.lang.Math.floor((java.lang.Math.random() * ((max - min) + 1))) + min): Text '32.0' is set on object 'Object Repository/MOH AND GRN/Page_KDMC - CMS/input_txtmrp'

2018-06-10 22:13:45 - [MESSAGE][PASSED] - Text '32.0' is set on object 'Object Repository/MOH AND GRN/Page_KDMC - CMS/input_txtmrp'

2018-06-10 22:13:45 - [TEST_STEP][PASSED] - setText: Finding Test Object with id 'Object Repository/MOH AND GRN/Page_KDMC - CMS/input_txtdeal'

2018-06-10 22:13:45 - [TEST_STEP][PASSED] - Statement - switch (id): Finding Test Object with id 'Object Repository/MOH AND GRN/Page_KDMC - CMS/input_txtbatchno'

2018-06-10 22:13:45 - [TEST_STEP][PASSED] - Statement - case 5:: Text '12.0' is set on object 'Object Repository/MOH AND GRN/Page_KDMC - CMS/input_txtdeal'

2018-06-10 22:13:45 - [TEST_STEP][PASSED] - Statement - return (java.lang.Math.floor((java.lang.Math.random() * ((max - min) + 1))) + min): Text '12.0' is set on object 'Object Repository/MOH AND GRN/Page_KDMC - CMS/input_txtdeal'

2018-06-10 22:13:46 - [MESSAGE][PASSED] - Text '12.0' is set on object 'Object Repository/MOH AND GRN/Page_KDMC - CMS/input_txtdeal'

2018-06-10 22:13:46 - [TEST_STEP][PASSED] - setText: Finding Test Object with id 'Object Repository/MOH AND GRN/Page_KDMC - CMS/input_txtbatchno'

2018-06-10 22:13:46 - [TEST_STEP][PASSED] - Statement - switch (id): Finding Test Object with id 'Object Repository/MOH AND GRN/Page_KDMC - CMS/input_txtmrp'

2018-06-10 22:13:46 - [TEST_STEP][PASSED] - Statement - case 1:: Text 'BA309.0' is set on object 'Object Repository/MOH AND GRN/Page_KDMC - CMS/input_txtbatchno'

2018-06-10 22:13:46 - [TEST_STEP][PASSED] - Statement - return (java.lang.Math.floor((java.lang.Math.random() * ((max - min) + 1))) + min): Text 'BA309.0' is set on object 'Object Repository/MOH AND GRN/Page_KDMC - CMS/input_txtbatchno'

2018-06-10 22:13:46 - [MESSAGE][PASSED] - Text 'BA309.0' is set on object 'Object Repository/MOH AND GRN/Page_KDMC - CMS/input_txtbatchno'

2018-06-10 22:13:46 - [TEST_STEP][PASSED] - rightClick: Object: 'Object Repository/GRN/Page_KDMC - CMS/input_txtexpdate' is right clicked on

2018-06-10 22:13:46 - [MESSAGE][PASSED] - Object: 'Object Repository/GRN/Page_KDMC - CMS/input_txtexpdate' is right clicked on

2018-06-10 22:13:46 - [TEST_STEP][PASSED] - selectOptionByIndex: All options with index in [3] are selected on object 'Object Repository/GRN/Page_KDMC - CMS/select_20182019202020212022202'

2018-06-10 22:13:46 - [MESSAGE][PASSED] - All options with index in [3] are selected on object 'Object Repository/GRN/Page_KDMC - CMS/select_20182019202020212022202'

2018-06-10 22:13:46 - [TEST_STEP][PASSED] - selectOptionByIndex: All options with index in [3] are selected on object 'Object Repository/GRN/Page_KDMC - CMS/select_JanFebMarAprMayJunJulAu'

2018-06-10 22:13:46 - [MESSAGE][PASSED] - All options with index in [3] are selected on object 'Object Repository/GRN/Page_KDMC - CMS/select_JanFebMarAprMayJunJulAu'

2018-06-10 22:13:46 - [TEST_STEP][PASSED] - click: Object: 'Object Repository/MOH AND GRN/Page_KDMC - CMS/a_12' is clicked on

2018-06-10 22:13:46 - [MESSAGE][PASSED] - Object: 'Object Repository/MOH AND GRN/Page_KDMC - CMS/a_12' is clicked on

2018-06-10 22:13:46 - [TEST_STEP][PASSED] - click: Object: 'Object Repository/MOH AND GRN/Page_KDMC - CMS/input_btnadd' is clicked on

2018-06-10 22:13:46 - [MESSAGE][PASSED] - Object: 'Object Repository/MOH AND GRN/Page_KDMC - CMS/input_btnadd' is clicked on

2018-06-10 22:13:46 - [TEST_STEP][PASSED] - Statement - If (s == 10): null

2018-06-10 22:13:46 - [TEST_STEP][PASSED] - Statement - Else: null

2018-06-10 22:13:46 - [TEST_STEP][PASSED] - Statement - (s++): null

2018-06-10 22:13:46 - [TEST_STEP][PASSED] - delay: Delayed 1 second(s)

2018-06-10 22:13:47 - [MESSAGE][PASSED] - Delayed 1 second(s)

2018-06-10 22:13:47 - [TEST_STEP][PASSED] - selectOptionByIndex: All options with index in [4] are selected on object 'Object Repository/MOH AND GRN/Page_KDMC - CMS/select_--Select--Amikacin -500'

2018-06-10 22:13:47 - [MESSAGE][PASSED] - All options with index in [4] are selected on object 'Object Repository/MOH AND GRN/Page_KDMC - CMS/select_--Select--Amikacin -500'

2018-06-10 22:13:47 - [TEST_STEP][PASSED] - setText: Text '50000' is set on object 'Object Repository/MOH AND GRN/Page_KDMC - CMS/input_txtqty'

2018-06-10 22:13:47 - [MESSAGE][PASSED] - Text '50000' is set on object 'Object Repository/MOH AND GRN/Page_KDMC - CMS/input_txtqty'

2018-06-10 22:13:47 - [TEST_STEP][PASSED] - selectOptionByIndex: All options with index in [1] are selected on object 'Object Repository/MOH AND GRN/Page_KDMC - CMS/select_--Select--No Tax0'

2018-06-10 22:13:48 - [MESSAGE][PASSED] - All options with index in [1] are selected on object 'Object Repository/MOH AND GRN/Page_KDMC - CMS/select_--Select--No Tax0'

2018-06-10 22:13:48 - [TEST_STEP][PASSED] - setText: Finding Test Object with id 'Object Repository/MOH AND GRN/Page_KDMC - CMS/input_txtmrp'

2018-06-10 22:13:48 - [TEST_STEP][PASSED] - Statement - switch (id): Finding Test Object with id 'Object Repository/MOH AND GRN/Page_KDMC - CMS/input_txtdeal'

2018-06-10 22:13:48 - [TEST_STEP][PASSED] - Statement - case 4:: Text '19.0' is set on object 'Object Repository/MOH AND GRN/Page_KDMC - CMS/input_txtmrp'

2018-06-10 22:13:48 - [TEST_STEP][PASSED] - Statement - return (java.lang.Math.floor((java.lang.Math.random() * ((max - min) + 1))) + min): Text '19.0' is set on object 'Object Repository/MOH AND GRN/Page_KDMC - CMS/input_txtmrp'

2018-06-10 22:13:48 - [MESSAGE][PASSED] - Text '19.0' is set on object 'Object Repository/MOH AND GRN/Page_KDMC - CMS/input_txtmrp'

2018-06-10 22:13:48 - [TEST_STEP][PASSED] - setText: Finding Test Object with id 'Object Repository/MOH AND GRN/Page_KDMC - CMS/input_txtdeal'

2018-06-10 22:13:48 - [TEST_STEP][PASSED] - Statement - switch (id): Finding Test Object with id 'Object Repository/MOH AND GRN/Page_KDMC - CMS/input_txtbatchno'

2018-06-10 22:13:48 - [TEST_STEP][PASSED] - Statement - case 5:: Text '11.0' is set on object 'Object Repository/MOH AND GRN/Page_KDMC - CMS/input_txtdeal'

2018-06-10 22:13:48 - [TEST_STEP][PASSED] - Statement - return (java.lang.Math.floor((java.lang.Math.random() * ((max - min) + 1))) + min): Text '11.0' is set on object 'Object Repository/MOH AND GRN/Page_KDMC - CMS/input_txtdeal'

2018-06-10 22:13:48 - [MESSAGE][PASSED] - Text '11.0' is set on object 'Object Repository/MOH AND GRN/Page_KDMC - CMS/input_txtdeal'

2018-06-10 22:13:48 - [TEST_STEP][PASSED] - setText: Finding Test Object with id 'Object Repository/MOH AND GRN/Page_KDMC - CMS/input_txtbatchno'

2018-06-10 22:13:48 - [TEST_STEP][PASSED] - Statement - switch (id): Finding Test Object with id 'Object Repository/MOH AND GRN/Page_KDMC - CMS/input_txtmrp'

2018-06-10 22:13:48 - [TEST_STEP][PASSED] - Statement - case 1:: Text 'BA368.0' is set on object 'Object Repository/MOH AND GRN/Page_KDMC - CMS/input_txtbatchno'

2018-06-10 22:13:48 - [TEST_STEP][PASSED] - Statement - return (java.lang.Math.floor((java.lang.Math.random() * ((max - min) + 1))) + min): Text 'BA368.0' is set on object 'Object Repository/MOH AND GRN/Page_KDMC - CMS/input_txtbatchno'

2018-06-10 22:13:48 - [MESSAGE][PASSED] - Text 'BA368.0' is set on object 'Object Repository/MOH AND GRN/Page_KDMC - CMS/input_txtbatchno'

2018-06-10 22:13:48 - [TEST_STEP][PASSED] - rightClick: Object: 'Object Repository/GRN/Page_KDMC - CMS/input_txtexpdate' is right clicked on

2018-06-10 22:13:48 - [MESSAGE][PASSED] - Object: 'Object Repository/GRN/Page_KDMC - CMS/input_txtexpdate' is right clicked on

2018-06-10 22:13:48 - [TEST_STEP][PASSED] - selectOptionByIndex: All options with index in [4] are selected on object 'Object Repository/GRN/Page_KDMC - CMS/select_20182019202020212022202'

2018-06-10 22:13:48 - [MESSAGE][PASSED] - All options with index in [4] are selected on object 'Object Repository/GRN/Page_KDMC - CMS/select_20182019202020212022202'

2018-06-10 22:13:48 - [TEST_STEP][PASSED] - selectOptionByIndex: All options with index in [4] are selected on object 'Object Repository/GRN/Page_KDMC - CMS/select_JanFebMarAprMayJunJulAu'

2018-06-10 22:13:48 - [MESSAGE][PASSED] - All options with index in [4] are selected on object 'Object Repository/GRN/Page_KDMC - CMS/select_JanFebMarAprMayJunJulAu'

2018-06-10 22:13:48 - [TEST_STEP][PASSED] - click: Object: 'Object Repository/MOH AND GRN/Page_KDMC - CMS/a_12' is clicked on

2018-06-10 22:13:48 - [MESSAGE][PASSED] - Object: 'Object Repository/MOH AND GRN/Page_KDMC - CMS/a_12' is clicked on

2018-06-10 22:13:48 - [TEST_STEP][PASSED] - click: Object: 'Object Repository/MOH AND GRN/Page_KDMC - CMS/input_btnadd' is clicked on

2018-06-10 22:13:49 - [MESSAGE][PASSED] - Object: 'Object Repository/MOH AND GRN/Page_KDMC - CMS/input_btnadd' is clicked on

2018-06-10 22:13:49 - [TEST_STEP][PASSED] - Statement - If (s == 10): null

2018-06-10 22:13:49 - [TEST_STEP][PASSED] - Statement - Else: null

2018-06-10 22:13:49 - [TEST_STEP][PASSED] - Statement - (s++): null

2018-06-10 22:13:49 - [TEST_STEP][PASSED] - delay: Delayed 1 second(s)

2018-06-10 22:13:50 - [MESSAGE][PASSED] - Delayed 1 second(s)

2018-06-10 22:13:50 - [TEST_STEP][PASSED] - selectOptionByIndex: All options with index in [5] are selected on object 'Object Repository/MOH AND GRN/Page_KDMC - CMS/select_--Select--Amikacin -500'

2018-06-10 22:13:50 - [MESSAGE][PASSED] - All options with index in [5] are selected on object 'Object Repository/MOH AND GRN/Page_KDMC - CMS/select_--Select--Amikacin -500'

2018-06-10 22:13:50 - [TEST_STEP][PASSED] - setText: Text '50000' is set on object 'Object Repository/MOH AND GRN/Page_KDMC - CMS/input_txtqty'

2018-06-10 22:13:50 - [MESSAGE][PASSED] - Text '50000' is set on object 'Object Repository/MOH AND GRN/Page_KDMC - CMS/input_txtqty'

2018-06-10 22:13:50 - [TEST_STEP][PASSED] - selectOptionByIndex: All options with index in [1] are selected on object 'Object Repository/MOH AND GRN/Page_KDMC - CMS/select_--Select--No Tax0'

2018-06-10 22:13:50 - [MESSAGE][PASSED] - All options with index in [1] are selected on object 'Object Repository/MOH AND GRN/Page_KDMC - CMS/select_--Select--No Tax0'

2018-06-10 22:13:50 - [TEST_STEP][PASSED] - setText: Finding Test Object with id 'Object Repository/MOH AND GRN/Page_KDMC - CMS/input_txtmrp'

2018-06-10 22:13:50 - [TEST_STEP][PASSED] - Statement - switch (id): Finding Test Object with id 'Object Repository/MOH AND GRN/Page_KDMC - CMS/input_txtdeal'

2018-06-10 22:13:50 - [TEST_STEP][PASSED] - Statement - case 4:: Text '24.0' is set on object 'Object Repository/MOH AND GRN/Page_KDMC - CMS/input_txtmrp'

2018-06-10 22:13:50 - [TEST_STEP][PASSED] - Statement - return (java.lang.Math.floor((java.lang.Math.random() * ((max - min) + 1))) + min): Text '24.0' is set on object 'Object Repository/MOH AND GRN/Page_KDMC - CMS/input_txtmrp'

2018-06-10 22:13:50 - [MESSAGE][PASSED] - Text '24.0' is set on object 'Object Repository/MOH AND GRN/Page_KDMC - CMS/input_txtmrp'

2018-06-10 22:13:50 - [TEST_STEP][PASSED] - setText: Finding Test Object with id 'Object Repository/MOH AND GRN/Page_KDMC - CMS/input_txtdeal'

2018-06-10 22:13:50 - [TEST_STEP][PASSED] - Statement - switch (id): Finding Test Object with id 'Object Repository/MOH AND GRN/Page_KDMC - CMS/input_txtbatchno'

2018-06-10 22:13:50 - [TEST_STEP][PASSED] - Statement - case 5:: Text '1.0' is set on object 'Object Repository/MOH AND GRN/Page_KDMC - CMS/input_txtdeal'

2018-06-10 22:13:50 - [TEST_STEP][PASSED] - Statement - return (java.lang.Math.floor((java.lang.Math.random() * ((max - min) + 1))) + min): Text '1.0' is set on object 'Object Repository/MOH AND GRN/Page_KDMC - CMS/input_txtdeal'

2018-06-10 22:13:50 - [MESSAGE][PASSED] - Text '1.0' is set on object 'Object Repository/MOH AND GRN/Page_KDMC - CMS/input_txtdeal'

2018-06-10 22:13:50 - [TEST_STEP][PASSED] - setText: Finding Test Object with id 'Object Repository/MOH AND GRN/Page_KDMC - CMS/input_txtbatchno'

2018-06-10 22:13:50 - [TEST_STEP][PASSED] - Statement - switch (id): Finding Test Object with id 'Object Repository/MOH AND GRN/Page_KDMC - CMS/input_txtmrp'

2018-06-10 22:13:50 - [TEST_STEP][PASSED] - Statement - case 1:: Text 'BA35.0' is set on object 'Object Repository/MOH AND GRN/Page_KDMC - CMS/input_txtbatchno'

2018-06-10 22:13:50 - [TEST_STEP][PASSED] - Statement - return (java.lang.Math.floor((java.lang.Math.random() * ((max - min) + 1))) + min): Text 'BA35.0' is set on object 'Object Repository/MOH AND GRN/Page_KDMC - CMS/input_txtbatchno'

2018-06-10 22:13:50 - [MESSAGE][PASSED] - Text 'BA35.0' is set on object 'Object Repository/MOH AND GRN/Page_KDMC - CMS/input_txtbatchno'

2018-06-10 22:13:50 - [TEST_STEP][PASSED] - rightClick: Object: 'Object Repository/GRN/Page_KDMC - CMS/input_txtexpdate' is right clicked on

2018-06-10 22:13:50 - [MESSAGE][PASSED] - Object: 'Object Repository/GRN/Page_KDMC - CMS/input_txtexpdate' is right clicked on

2018-06-10 22:13:50 - [TEST_STEP][PASSED] - selectOptionByIndex: All options with index in [5] are selected on object 'Object Repository/GRN/Page_KDMC - CMS/select_20182019202020212022202'

2018-06-10 22:13:51 - [MESSAGE][PASSED] - All options with index in [5] are selected on object 'Object Repository/GRN/Page_KDMC - CMS/select_20182019202020212022202'

2018-06-10 22:13:51 - [TEST_STEP][PASSED] - selectOptionByIndex: All options with index in [5] are selected on object 'Object Repository/GRN/Page_KDMC - CMS/select_JanFebMarAprMayJunJulAu'

2018-06-10 22:13:51 - [MESSAGE][PASSED] - All options with index in [5] are selected on object 'Object Repository/GRN/Page_KDMC - CMS/select_JanFebMarAprMayJunJulAu'

2018-06-10 22:13:51 - [TEST_STEP][PASSED] - click: Object: 'Object Repository/MOH AND GRN/Page_KDMC - CMS/a_12' is clicked on

2018-06-10 22:13:51 - [MESSAGE][PASSED] - Object: 'Object Repository/MOH AND GRN/Page_KDMC - CMS/a_12' is clicked on

2018-06-10 22:13:51 - [TEST_STEP][PASSED] - click: Object: 'Object Repository/MOH AND GRN/Page_KDMC - CMS/input_btnadd' is clicked on

2018-06-10 22:13:51 - [MESSAGE][PASSED] - Object: 'Object Repository/MOH AND GRN/Page_KDMC - CMS/input_btnadd' is clicked on

2018-06-10 22:13:51 - [TEST_STEP][PASSED] - Statement - If (s == 10): null

2018-06-10 22:13:51 - [TEST_STEP][PASSED] - Statement - Else: null

2018-06-10 22:13:51 - [TEST_STEP][PASSED] - Statement - (s++): null

2018-06-10 22:13:51 - [TEST_STEP][PASSED] - delay: Delayed 1 second(s)

2018-06-10 22:13:52 - [MESSAGE][PASSED] - Delayed 1 second(s)

2018-06-10 22:13:52 - [TEST_STEP][PASSED] - selectOptionByIndex: All options with index in [6] are selected on object 'Object Repository/MOH AND GRN/Page_KDMC - CMS/select_--Select--Amikacin -500'

2018-06-10 22:13:52 - [MESSAGE][PASSED] - All options with index in [6] are selected on object 'Object Repository/MOH AND GRN/Page_KDMC - CMS/select_--Select--Amikacin -500'

2018-06-10 22:13:52 - [TEST_STEP][PASSED] - setText: Text '50000' is set on object 'Object Repository/MOH AND GRN/Page_KDMC - CMS/input_txtqty'

2018-06-10 22:13:52 - [MESSAGE][PASSED] - Text '50000' is set on object 'Object Repository/MOH AND GRN/Page_KDMC - CMS/input_txtqty'

2018-06-10 22:13:52 - [TEST_STEP][PASSED] - selectOptionByIndex: All options with index in [1] are selected on object 'Object Repository/MOH AND GRN/Page_KDMC - CMS/select_--Select--No Tax0'

2018-06-10 22:13:52 - [MESSAGE][PASSED] - All options with index in [1] are selected on object 'Object Repository/MOH AND GRN/Page_KDMC - CMS/select_--Select--No Tax0'

2018-06-10 22:13:52 - [TEST_STEP][PASSED] - setText: Finding Test Object with id 'Object Repository/MOH AND GRN/Page_KDMC - CMS/input_txtmrp'

2018-06-10 22:13:52 - [TEST_STEP][PASSED] - Statement - switch (id): Finding Test Object with id 'Object Repository/MOH AND GRN/Page_KDMC - CMS/input_txtdeal'

2018-06-10 22:13:52 - [TEST_STEP][PASSED] - Statement - case 4:: Text '41.0' is set on object 'Object Repository/MOH AND GRN/Page_KDMC - CMS/input_txtmrp'

2018-06-10 22:13:52 - [TEST_STEP][PASSED] - Statement - return (java.lang.Math.floor((java.lang.Math.random() * ((max - min) + 1))) + min): Text '41.0' is set on object 'Object Repository/MOH AND GRN/Page_KDMC - CMS/input_txtmrp'

2018-06-10 22:13:52 - [MESSAGE][PASSED] - Text '41.0' is set on object 'Object Repository/MOH AND GRN/Page_KDMC - CMS/input_txtmrp'

2018-06-10 22:13:52 - [TEST_STEP][PASSED] - setText: Finding Test Object with id 'Object Repository/MOH AND GRN/Page_KDMC - CMS/input_txtdeal'

2018-06-10 22:13:52 - [TEST_STEP][PASSED] - Statement - switch (id): Finding Test Object with id 'Object Repository/MOH AND GRN/Page_KDMC - CMS/input_txtbatchno'

2018-06-10 22:13:52 - [TEST_STEP][PASSED] - Statement - case 5:: Text '12.0' is set on object 'Object Repository/MOH AND GRN/Page_KDMC - CMS/input_txtdeal'

2018-06-10 22:13:52 - [TEST_STEP][PASSED] - Statement - return (java.lang.Math.floor((java.lang.Math.random() * ((max - min) + 1))) + min): Text '12.0' is set on object 'Object Repository/MOH AND GRN/Page_KDMC - CMS/input_txtdeal'

2018-06-10 22:13:52 - [MESSAGE][PASSED] - Text '12.0' is set on object 'Object Repository/MOH AND GRN/Page_KDMC - CMS/input_txtdeal'

2018-06-10 22:13:52 - [TEST_STEP][PASSED] - setText: Finding Test Object with id 'Object Repository/MOH AND GRN/Page_KDMC - CMS/input_txtbatchno'

2018-06-10 22:13:52 - [TEST_STEP][PASSED] - Statement - switch (id): Finding Test Object with id 'Object Repository/MOH AND GRN/Page_KDMC - CMS/input_txtmrp'

2018-06-10 22:13:52 - [TEST_STEP][PASSED] - Statement - case 1:: Text 'BA182.0' is set on object 'Object Repository/MOH AND GRN/Page_KDMC - CMS/input_txtbatchno'

2018-06-10 22:13:52 - [TEST_STEP][PASSED] - Statement - return (java.lang.Math.floor((java.lang.Math.random() * ((max - min) + 1))) + min): Text 'BA182.0' is set on object 'Object Repository/MOH AND GRN/Page_KDMC - CMS/input_txtbatchno'

2018-06-10 22:13:53 - [MESSAGE][PASSED] - Text 'BA182.0' is set on object 'Object Repository/MOH AND GRN/Page_KDMC - CMS/input_txtbatchno'

2018-06-10 22:13:53 - [TEST_STEP][PASSED] - rightClick: Object: 'Object Repository/GRN/Page_KDMC - CMS/input_txtexpdate' is right clicked on

2018-06-10 22:13:53 - [MESSAGE][PASSED] - Object: 'Object Repository/GRN/Page_KDMC - CMS/input_txtexpdate' is right clicked on

2018-06-10 22:13:53 - [TEST_STEP][PASSED] - selectOptionByIndex: All options with index in [6] are selected on object 'Object Repository/GRN/Page_KDMC - CMS/select_20182019202020212022202'

2018-06-10 22:13:53 - [MESSAGE][PASSED] - All options with index in [6] are selected on object 'Object Repository/GRN/Page_KDMC - CMS/select_20182019202020212022202'

2018-06-10 22:13:53 - [TEST_STEP][PASSED] - selectOptionByIndex: All options with index in [6] are selected on object 'Object Repository/GRN/Page_KDMC - CMS/select_JanFebMarAprMayJunJulAu'

2018-06-10 22:13:53 - [MESSAGE][PASSED] - All options with index in [6] are selected on object 'Object Repository/GRN/Page_KDMC - CMS/select_JanFebMarAprMayJunJulAu'

2018-06-10 22:13:53 - [TEST_STEP][PASSED] - click: Object: 'Object Repository/MOH AND GRN/Page_KDMC - CMS/a_12' is clicked on

2018-06-10 22:13:53 - [MESSAGE][PASSED] - Object: 'Object Repository/MOH AND GRN/Page_KDMC - CMS/a_12' is clicked on

2018-06-10 22:13:53 - [TEST_STEP][PASSED] - click: Object: 'Object Repository/MOH AND GRN/Page_KDMC - CMS/input_btnadd' is clicked on

2018-06-10 22:13:53 - [MESSAGE][PASSED] - Object: 'Object Repository/MOH AND GRN/Page_KDMC - CMS/input_btnadd' is clicked on

2018-06-10 22:13:53 - [TEST_STEP][PASSED] - Statement - If (s == 10): null

2018-06-10 22:13:53 - [TEST_STEP][PASSED] - Statement - Else: null

2018-06-10 22:13:53 - [TEST_STEP][PASSED] - Statement - (s++): null

2018-06-10 22:13:53 - [TEST_STEP][PASSED] - delay: Delayed 1 second(s)

2018-06-10 22:13:54 - [MESSAGE][PASSED] - Delayed 1 second(s)

2018-06-10 22:13:54 - [TEST_STEP][PASSED] - selectOptionByIndex: All options with index in [7] are selected on object 'Object Repository/MOH AND GRN/Page_KDMC - CMS/select_--Select--Amikacin -500'

2018-06-10 22:13:54 - [MESSAGE][PASSED] - All options with index in [7] are selected on object 'Object Repository/MOH AND GRN/Page_KDMC - CMS/select_--Select--Amikacin -500'

2018-06-10 22:13:54 - [TEST_STEP][PASSED] - setText: Text '50000' is set on object 'Object Repository/MOH AND GRN/Page_KDMC - CMS/input_txtqty'

2018-06-10 22:13:55 - [MESSAGE][PASSED] - Text '50000' is set on object 'Object Repository/MOH AND GRN/Page_KDMC - CMS/input_txtqty'

2018-06-10 22:13:55 - [TEST_STEP][PASSED] - selectOptionByIndex: All options with index in [1] are selected on object 'Object Repository/MOH AND GRN/Page_KDMC - CMS/select_--Select--No Tax0'

2018-06-10 22:13:55 - [MESSAGE][PASSED] - All options with index in [1] are selected on object 'Object Repository/MOH AND GRN/Page_KDMC - CMS/select_--Select--No Tax0'

2018-06-10 22:13:55 - [TEST_STEP][PASSED] - setText: Finding Test Object with id 'Object Repository/MOH AND GRN/Page_KDMC - CMS/input_txtmrp'

2018-06-10 22:13:55 - [TEST_STEP][PASSED] - Statement - switch (id): Finding Test Object with id 'Object Repository/MOH AND GRN/Page_KDMC - CMS/input_txtdeal'

2018-06-10 22:13:55 - [TEST_STEP][PASSED] - Statement - case 4:: Text '32.0' is set on object 'Object Repository/MOH AND GRN/Page_KDMC - CMS/input_txtmrp'

2018-06-10 22:13:55 - [TEST_STEP][PASSED] - Statement - return (java.lang.Math.floor((java.lang.Math.random() * ((max - min) + 1))) + min): Text '32.0' is set on object 'Object Repository/MOH AND GRN/Page_KDMC - CMS/input_txtmrp'

2018-06-10 22:13:55 - [MESSAGE][PASSED] - Text '32.0' is set on object 'Object Repository/MOH AND GRN/Page_KDMC - CMS/input_txtmrp'

2018-06-10 22:13:55 - [TEST_STEP][PASSED] - setText: Finding Test Object with id 'Object Repository/MOH AND GRN/Page_KDMC - CMS/input_txtdeal'

2018-06-10 22:13:55 - [TEST_STEP][PASSED] - Statement - switch (id): Finding Test Object with id 'Object Repository/MOH AND GRN/Page_KDMC - CMS/input_txtbatchno'

2018-06-10 22:13:55 - [TEST_STEP][PASSED] - Statement - case 5:: Text '6.0' is set on object 'Object Repository/MOH AND GRN/Page_KDMC - CMS/input_txtdeal'

2018-06-10 22:13:55 - [TEST_STEP][PASSED] - Statement - return (java.lang.Math.floor((java.lang.Math.random() * ((max - min) + 1))) + min): Text '6.0' is set on object 'Object Repository/MOH AND GRN/Page_KDMC - CMS/input_txtdeal'

2018-06-10 22:13:55 - [MESSAGE][PASSED] - Text '6.0' is set on object 'Object Repository/MOH AND GRN/Page_KDMC - CMS/input_txtdeal'

2018-06-10 22:13:55 - [TEST_STEP][PASSED] - setText: Finding Test Object with id 'Object Repository/MOH AND GRN/Page_KDMC - CMS/input_txtbatchno'

2018-06-10 22:13:55 - [TEST_STEP][PASSED] - Statement - switch (id): Finding Test Object with id 'Object Repository/MOH AND GRN/Page_KDMC - CMS/input_txtmrp'

2018-06-10 22:13:55 - [TEST_STEP][PASSED] - Statement - case 1:: Text 'BA761.0' is set on object 'Object Repository/MOH AND GRN/Page_KDMC - CMS/input_txtbatchno'

2018-06-10 22:13:55 - [TEST_STEP][PASSED] - Statement - return (java.lang.Math.floor((java.lang.Math.random() * ((max - min) + 1))) + min): Text 'BA761.0' is set on object 'Object Repository/MOH AND GRN/Page_KDMC - CMS/input_txtbatchno'

2018-06-10 22:13:55 - [MESSAGE][PASSED] - Text 'BA761.0' is set on object 'Object Repository/MOH AND GRN/Page_KDMC - CMS/input_txtbatchno'

2018-06-10 22:13:55 - [TEST_STEP][PASSED] - rightClick: Object: 'Object Repository/GRN/Page_KDMC - CMS/input_txtexpdate' is right clicked on

2018-06-10 22:13:55 - [MESSAGE][PASSED] - Object: 'Object Repository/GRN/Page_KDMC - CMS/input_txtexpdate' is right clicked on

2018-06-10 22:13:55 - [TEST_STEP][PASSED] - selectOptionByIndex: All options with index in [7] are selected on object 'Object Repository/GRN/Page_KDMC - CMS/select_20182019202020212022202'

2018-06-10 22:13:55 - [MESSAGE][PASSED] - All options with index in [7] are selected on object 'Object Repository/GRN/Page_KDMC - CMS/select_20182019202020212022202'

2018-06-10 22:13:55 - [TEST_STEP][PASSED] - selectOptionByIndex: All options with index in [7] are selected on object 'Object Repository/GRN/Page_KDMC - CMS/select_JanFebMarAprMayJunJulAu'

2018-06-10 22:13:55 - [MESSAGE][PASSED] - All options with index in [7] are selected on object 'Object Repository/GRN/Page_KDMC - CMS/select_JanFebMarAprMayJunJulAu'

2018-06-10 22:13:55 - [TEST_STEP][PASSED] - click: Object: 'Object Repository/MOH AND GRN/Page_KDMC - CMS/a_12' is clicked on

2018-06-10 22:13:56 - [MESSAGE][PASSED] - Object: 'Object Repository/MOH AND GRN/Page_KDMC - CMS/a_12' is clicked on

2018-06-10 22:13:56 - [TEST_STEP][PASSED] - click: Object: 'Object Repository/MOH AND GRN/Page_KDMC - CMS/input_btnadd' is clicked on

2018-06-10 22:13:56 - [MESSAGE][PASSED] - Object: 'Object Repository/MOH AND GRN/Page_KDMC - CMS/input_btnadd' is clicked on

2018-06-10 22:13:56 - [TEST_STEP][PASSED] - Statement - If (s == 10): null

2018-06-10 22:13:56 - [TEST_STEP][PASSED] - Statement - Else: null

2018-06-10 22:13:56 - [TEST_STEP][PASSED] - Statement - (s++): null

2018-06-10 22:13:56 - [TEST_STEP][PASSED] - delay: Delayed 1 second(s)

2018-06-10 22:13:57 - [MESSAGE][PASSED] - Delayed 1 second(s)

2018-06-10 22:13:57 - [TEST_STEP][PASSED] - selectOptionByIndex: All options with index in [8] are selected on object 'Object Repository/MOH AND GRN/Page_KDMC - CMS/select_--Select--Amikacin -500'

2018-06-10 22:13:57 - [MESSAGE][PASSED] - All options with index in [8] are selected on object 'Object Repository/MOH AND GRN/Page_KDMC - CMS/select_--Select--Amikacin -500'

2018-06-10 22:13:57 - [TEST_STEP][PASSED] - setText: Text '50000' is set on object 'Object Repository/MOH AND GRN/Page_KDMC - CMS/input_txtqty'

2018-06-10 22:13:57 - [MESSAGE][PASSED] - Text '50000' is set on object 'Object Repository/MOH AND GRN/Page_KDMC - CMS/input_txtqty'

2018-06-10 22:13:57 - [TEST_STEP][PASSED] - selectOptionByIndex: All options with index in [1] are selected on object 'Object Repository/MOH AND GRN/Page_KDMC - CMS/select_--Select--No Tax0'

2018-06-10 22:13:57 - [MESSAGE][PASSED] - All options with index in [1] are selected on object 'Object Repository/MOH AND GRN/Page_KDMC - CMS/select_--Select--No Tax0'

2018-06-10 22:13:57 - [TEST_STEP][PASSED] - setText: Finding Test Object with id 'Object Repository/MOH AND GRN/Page_KDMC - CMS/input_txtmrp'

2018-06-10 22:13:57 - [TEST_STEP][PASSED] - Statement - switch (id): Finding Test Object with id 'Object Repository/MOH AND GRN/Page_KDMC - CMS/input_txtdeal'

2018-06-10 22:13:57 - [TEST_STEP][PASSED] - Statement - case 4:: Text '40.0' is set on object 'Object Repository/MOH AND GRN/Page_KDMC - CMS/input_txtmrp'

2018-06-10 22:13:57 - [TEST_STEP][PASSED] - Statement - return (java.lang.Math.floor((java.lang.Math.random() * ((max - min) + 1))) + min): Text '40.0' is set on object 'Object Repository/MOH AND GRN/Page_KDMC - CMS/input_txtmrp'

2018-06-10 22:13:57 - [MESSAGE][PASSED] - Text '40.0' is set on object 'Object Repository/MOH AND GRN/Page_KDMC - CMS/input_txtmrp'

2018-06-10 22:13:57 - [TEST_STEP][PASSED] - setText: Finding Test Object with id 'Object Repository/MOH AND GRN/Page_KDMC - CMS/input_txtdeal'

2018-06-10 22:13:57 - [TEST_STEP][PASSED] - Statement - switch (id): Finding Test Object with id 'Object Repository/MOH AND GRN/Page_KDMC - CMS/input_txtbatchno'

2018-06-10 22:13:57 - [TEST_STEP][PASSED] - Statement - case 5:: Text '10.0' is set on object 'Object Repository/MOH AND GRN/Page_KDMC - CMS/input_txtdeal'

2018-06-10 22:13:57 - [TEST_STEP][PASSED] - Statement - return (java.lang.Math.floor((java.lang.Math.random() * ((max - min) + 1))) + min): Text '10.0' is set on object 'Object Repository/MOH AND GRN/Page_KDMC - CMS/input_txtdeal'

2018-06-10 22:13:57 - [MESSAGE][PASSED] - Text '10.0' is set on object 'Object Repository/MOH AND GRN/Page_KDMC - CMS/input_txtdeal'

2018-06-10 22:13:57 - [TEST_STEP][PASSED] - setText: Finding Test Object with id 'Object Repository/MOH AND GRN/Page_KDMC - CMS/input_txtbatchno'

2018-06-10 22:13:57 - [TEST_STEP][PASSED] - Statement - switch (id): Finding Test Object with id 'Object Repository/MOH AND GRN/Page_KDMC - CMS/input_txtmrp'

2018-06-10 22:13:57 - [TEST_STEP][PASSED] - Statement - case 1:: Text 'BA24.0' is set on object 'Object Repository/MOH AND GRN/Page_KDMC - CMS/input_txtbatchno'

2018-06-10 22:13:57 - [TEST_STEP][PASSED] - Statement - return (java.lang.Math.floor((java.lang.Math.random() * ((max - min) + 1))) + min): Text 'BA24.0' is set on object 'Object Repository/MOH AND GRN/Page_KDMC - CMS/input_txtbatchno'

2018-06-10 22:13:57 - [MESSAGE][PASSED] - Text 'BA24.0' is set on object 'Object Repository/MOH AND GRN/Page_KDMC - CMS/input_txtbatchno'

2018-06-10 22:13:57 - [TEST_STEP][PASSED] - rightClick: Object: 'Object Repository/GRN/Page_KDMC - CMS/input_txtexpdate' is right clicked on

2018-06-10 22:13:57 - [MESSAGE][PASSED] - Object: 'Object Repository/GRN/Page_KDMC - CMS/input_txtexpdate' is right clicked on

2018-06-10 22:13:57 - [TEST_STEP][PASSED] - selectOptionByIndex: All options with index in [8] are selected on object 'Object Repository/GRN/Page_KDMC - CMS/select_20182019202020212022202'

2018-06-10 22:13:58 - [MESSAGE][PASSED] - All options with index in [8] are selected on object 'Object Repository/GRN/Page_KDMC - CMS/select_20182019202020212022202'

2018-06-10 22:13:58 - [TEST_STEP][PASSED] - selectOptionByIndex: All options with index in [8] are selected on object 'Object Repository/GRN/Page_KDMC - CMS/select_JanFebMarAprMayJunJulAu'

2018-06-10 22:13:58 - [MESSAGE][PASSED] - All options with index in [8] are selected on object 'Object Repository/GRN/Page_KDMC - CMS/select_JanFebMarAprMayJunJulAu'

2018-06-10 22:13:58 - [TEST_STEP][PASSED] - click: Object: 'Object Repository/MOH AND GRN/Page_KDMC - CMS/a_12' is clicked on

2018-06-10 22:13:58 - [MESSAGE][PASSED] - Object: 'Object Repository/MOH AND GRN/Page_KDMC - CMS/a_12' is clicked on

2018-06-10 22:13:58 - [TEST_STEP][PASSED] - click: Object: 'Object Repository/MOH AND GRN/Page_KDMC - CMS/input_btnadd' is clicked on

2018-06-10 22:13:58 - [MESSAGE][PASSED] - Object: 'Object Repository/MOH AND GRN/Page_KDMC - CMS/input_btnadd' is clicked on

2018-06-10 22:13:58 - [TEST_STEP][PASSED] - Statement - If (s == 10): null

2018-06-10 22:13:58 - [TEST_STEP][PASSED] - Statement - Else: null

2018-06-10 22:13:58 - [TEST_STEP][PASSED] - Statement - (s++): null

2018-06-10 22:13:58 - [TEST_STEP][PASSED] - delay: Delayed 1 second(s)

2018-06-10 22:13:59 - [MESSAGE][PASSED] - Delayed 1 second(s)

2018-06-10 22:13:59 - [TEST_STEP][PASSED] - selectOptionByIndex: All options with index in [9] are selected on object 'Object Repository/MOH AND GRN/Page_KDMC - CMS/select_--Select--Amikacin -500'

2018-06-10 22:13:59 - [MESSAGE][PASSED] - All options with index in [9] are selected on object 'Object Repository/MOH AND GRN/Page_KDMC - CMS/select_--Select--Amikacin -500'

2018-06-10 22:13:59 - [TEST_STEP][PASSED] - setText: Text '50000' is set on object 'Object Repository/MOH AND GRN/Page_KDMC - CMS/input_txtqty'

2018-06-10 22:13:59 - [MESSAGE][PASSED] - Text '50000' is set on object 'Object Repository/MOH AND GRN/Page_KDMC - CMS/input_txtqty'

2018-06-10 22:13:59 - [TEST_STEP][PASSED] - selectOptionByIndex: All options with index in [1] are selected on object 'Object Repository/MOH AND GRN/Page_KDMC - CMS/select_--Select--No Tax0'

2018-06-10 22:14:00 - [MESSAGE][PASSED] - All options with index in [1] are selected on object 'Object Repository/MOH AND GRN/Page_KDMC - CMS/select_--Select--No Tax0'

2018-06-10 22:14:00 - [TEST_STEP][PASSED] - setText: Finding Test Object with id 'Object Repository/MOH AND GRN/Page_KDMC - CMS/input_txtmrp'

2018-06-10 22:14:00 - [TEST_STEP][PASSED] - Statement - switch (id): Finding Test Object with id 'Object Repository/MOH AND GRN/Page_KDMC - CMS/input_txtdeal'

2018-06-10 22:14:00 - [TEST_STEP][PASSED] - Statement - case 4:: Text '35.0' is set on object 'Object Repository/MOH AND GRN/Page_KDMC - CMS/input_txtmrp'

2018-06-10 22:14:00 - [TEST_STEP][PASSED] - Statement - return (java.lang.Math.floor((java.lang.Math.random() * ((max - min) + 1))) + min): Text '35.0' is set on object 'Object Repository/MOH AND GRN/Page_KDMC - CMS/input_txtmrp'

2018-06-10 22:14:00 - [MESSAGE][PASSED] - Text '35.0' is set on object 'Object Repository/MOH AND GRN/Page_KDMC - CMS/input_txtmrp'

2018-06-10 22:14:00 - [TEST_STEP][PASSED] - setText: Finding Test Object with id 'Object Repository/MOH AND GRN/Page_KDMC - CMS/input_txtdeal'

2018-06-10 22:14:00 - [TEST_STEP][PASSED] - Statement - switch (id): Finding Test Object with id 'Object Repository/MOH AND GRN/Page_KDMC - CMS/input_txtbatchno'

2018-06-10 22:14:00 - [TEST_STEP][PASSED] - Statement - case 5:: Text '8.0' is set on object 'Object Repository/MOH AND GRN/Page_KDMC - CMS/input_txtdeal'

2018-06-10 22:14:00 - [TEST_STEP][PASSED] - Statement - return (java.lang.Math.floor((java.lang.Math.random() * ((max - min) + 1))) + min): Text '8.0' is set on object 'Object Repository/MOH AND GRN/Page_KDMC - CMS/input_txtdeal'

2018-06-10 22:14:00 - [MESSAGE][PASSED] - Text '8.0' is set on object 'Object Repository/MOH AND GRN/Page_KDMC - CMS/input_txtdeal'

2018-06-10 22:14:00 - [TEST_STEP][PASSED] - setText: Finding Test Object with id 'Object Repository/MOH AND GRN/Page_KDMC - CMS/input_txtbatchno'

2018-06-10 22:14:00 - [TEST_STEP][PASSED] - Statement - switch (id): Finding Test Object with id 'Object Repository/MOH AND GRN/Page_KDMC - CMS/input_txtmrp'

2018-06-10 22:14:00 - [TEST_STEP][PASSED] - Statement - case 1:: Text 'BA221.0' is set on object 'Object Repository/MOH AND GRN/Page_KDMC - CMS/input_txtbatchno'

2018-06-10 22:14:00 - [TEST_STEP][PASSED] - Statement - return (java.lang.Math.floor((java.lang.Math.random() * ((max - min) + 1))) + min): Text 'BA221.0' is set on object 'Object Repository/MOH AND GRN/Page_KDMC - CMS/input_txtbatchno'

2018-06-10 22:14:00 - [MESSAGE][PASSED] - Text 'BA221.0' is set on object 'Object Repository/MOH AND GRN/Page_KDMC - CMS/input_txtbatchno'

2018-06-10 22:14:00 - [TEST_STEP][PASSED] - rightClick: Object: 'Object Repository/GRN/Page_KDMC - CMS/input_txtexpdate' is right clicked on

2018-06-10 22:14:00 - [MESSAGE][PASSED] - Object: 'Object Repository/GRN/Page_KDMC - CMS/input_txtexpdate' is right clicked on

2018-06-10 22:14:00 - [TEST_STEP][PASSED] - selectOptionByIndex: All options with index in [9] are selected on object 'Object Repository/GRN/Page_KDMC - CMS/select_20182019202020212022202'

2018-06-10 22:14:00 - [MESSAGE][PASSED] - All options with index in [9] are selected on object 'Object Repository/GRN/Page_KDMC - CMS/select_20182019202020212022202'

2018-06-10 22:14:00 - [TEST_STEP][PASSED] - selectOptionByIndex: All options with index in [9] are selected on object 'Object Repository/GRN/Page_KDMC - CMS/select_JanFebMarAprMayJunJulAu'

2018-06-10 22:14:00 - [MESSAGE][PASSED] - All options with index in [9] are selected on object 'Object Repository/GRN/Page_KDMC - CMS/select_JanFebMarAprMayJunJulAu'

2018-06-10 22:14:00 - [TEST_STEP][PASSED] - click: Object: 'Object Repository/MOH AND GRN/Page_KDMC - CMS/a_12' is clicked on

2018-06-10 22:14:00 - [MESSAGE][PASSED] - Object: 'Object Repository/MOH AND GRN/Page_KDMC - CMS/a_12' is clicked on

2018-06-10 22:14:00 - [TEST_STEP][PASSED] - click: Object: 'Object Repository/MOH AND GRN/Page_KDMC - CMS/input_btnadd' is clicked on

2018-06-10 22:14:01 - [MESSAGE][PASSED] - Object: 'Object Repository/MOH AND GRN/Page_KDMC - CMS/input_btnadd' is clicked on

2018-06-10 22:14:01 - [TEST_STEP][PASSED] - Statement - If (s == 10): null

2018-06-10 22:14:01 - [TEST_STEP][PASSED] - Statement - Else: null

2018-06-10 22:14:01 - [TEST_STEP][PASSED] - Statement - (s++): null

2018-06-10 22:14:01 - [TEST_STEP][PASSED] - delay: Delayed 1 second(s)

2018-06-10 22:14:02 - [MESSAGE][PASSED] - Delayed 1 second(s)

2018-06-10 22:14:02 - [TEST_STEP][PASSED] - selectOptionByIndex: All options with index in [10] are selected on object 'Object Repository/MOH AND GRN/Page_KDMC - CMS/select_--Select--Amikacin -500'

2018-06-10 22:14:02 - [MESSAGE][PASSED] - All options with index in [10] are selected on object 'Object Repository/MOH AND GRN/Page_KDMC - CMS/select_--Select--Amikacin -500'

2018-06-10 22:14:02 - [TEST_STEP][PASSED] - setText: Text '50000' is set on object 'Object Repository/MOH AND GRN/Page_KDMC - CMS/input_txtqty'

2018-06-10 22:14:02 - [MESSAGE][PASSED] - Text '50000' is set on object 'Object Repository/MOH AND GRN/Page_KDMC - CMS/input_txtqty'

2018-06-10 22:14:02 - [TEST_STEP][PASSED] - selectOptionByIndex: All options with index in [1] are selected on object 'Object Repository/MOH AND GRN/Page_KDMC - CMS/select_--Select--No Tax0'

2018-06-10 22:14:02 - [MESSAGE][PASSED] - All options with index in [1] are selected on object 'Object Repository/MOH AND GRN/Page_KDMC - CMS/select_--Select--No Tax0'

2018-06-10 22:14:02 - [TEST_STEP][PASSED] - setText: Finding Test Object with id 'Object Repository/MOH AND GRN/Page_KDMC - CMS/input_txtmrp'

2018-06-10 22:14:02 - [TEST_STEP][PASSED] - Statement - switch (id): Finding Test Object with id 'Object Repository/MOH AND GRN/Page_KDMC - CMS/input_txtdeal'

2018-06-10 22:14:02 - [TEST_STEP][PASSED] - Statement - case 4:: Text '40.0' is set on object 'Object Repository/MOH AND GRN/Page_KDMC - CMS/input_txtmrp'

2018-06-10 22:14:02 - [TEST_STEP][PASSED] - Statement - return (java.lang.Math.floor((java.lang.Math.random() * ((max - min) + 1))) + min): Text '40.0' is set on object 'Object Repository/MOH AND GRN/Page_KDMC - CMS/input_txtmrp'

2018-06-10 22:14:02 - [MESSAGE][PASSED] - Text '40.0' is set on object 'Object Repository/MOH AND GRN/Page_KDMC - CMS/input_txtmrp'

2018-06-10 22:14:02 - [TEST_STEP][PASSED] - setText: Finding Test Object with id 'Object Repository/MOH AND GRN/Page_KDMC - CMS/input_txtdeal'

2018-06-10 22:14:02 - [TEST_STEP][PASSED] - Statement - switch (id): Finding Test Object with id 'Object Repository/MOH AND GRN/Page_KDMC - CMS/input_txtbatchno'

2018-06-10 22:14:02 - [TEST_STEP][PASSED] - Statement - case 5:: Text '9.0' is set on object 'Object Repository/MOH AND GRN/Page_KDMC - CMS/input_txtdeal'

2018-06-10 22:14:02 - [TEST_STEP][PASSED] - Statement - return (java.lang.Math.floor((java.lang.Math.random() * ((max - min) + 1))) + min): Text '9.0' is set on object 'Object Repository/MOH AND GRN/Page_KDMC - CMS/input_txtdeal'

2018-06-10 22:14:02 - [MESSAGE][PASSED] - Text '9.0' is set on object 'Object Repository/MOH AND GRN/Page_KDMC - CMS/input_txtdeal'

2018-06-10 22:14:02 - [TEST_STEP][PASSED] - setText: Finding Test Object with id 'Object Repository/MOH AND GRN/Page_KDMC - CMS/input_txtbatchno'

2018-06-10 22:14:02 - [TEST_STEP][PASSED] - Statement - switch (id): Finding Test Object with id 'Object Repository/MOH AND GRN/Page_KDMC - CMS/input_txtmrp'

2018-06-10 22:14:02 - [TEST_STEP][PASSED] - Statement - case 1:: Text 'BA426.0' is set on object 'Object Repository/MOH AND GRN/Page_KDMC - CMS/input_txtbatchno'

2018-06-10 22:14:02 - [TEST_STEP][PASSED] - Statement - return (java.lang.Math.floor((java.lang.Math.random() * ((max - min) + 1))) + min): Text 'BA426.0' is set on object 'Object Repository/MOH AND GRN/Page_KDMC - CMS/input_txtbatchno'

2018-06-10 22:14:02 - [MESSAGE][PASSED] - Text 'BA426.0' is set on object 'Object Repository/MOH AND GRN/Page_KDMC - CMS/input_txtbatchno'

2018-06-10 22:14:02 - [TEST_STEP][PASSED] - rightClick: Object: 'Object Repository/GRN/Page_KDMC - CMS/input_txtexpdate' is right clicked on

2018-06-10 22:14:02 - [MESSAGE][PASSED] - Object: 'Object Repository/GRN/Page_KDMC - CMS/input_txtexpdate' is right clicked on

2018-06-10 22:14:02 - [TEST_STEP][PASSED] - selectOptionByIndex: All options with index in [10] are selected on object 'Object Repository/GRN/Page_KDMC - CMS/select_20182019202020212022202'

2018-06-10 22:14:03 - [MESSAGE][PASSED] - All options with index in [10] are selected on object 'Object Repository/GRN/Page_KDMC - CMS/select_20182019202020212022202'

2018-06-10 22:14:03 - [TEST_STEP][PASSED] - selectOptionByIndex: All options with index in [10] are selected on object 'Object Repository/GRN/Page_KDMC - CMS/select_JanFebMarAprMayJunJulAu'

2018-06-10 22:14:03 - [MESSAGE][PASSED] - All options with index in [10] are selected on object 'Object Repository/GRN/Page_KDMC - CMS/select_JanFebMarAprMayJunJulAu'

2018-06-10 22:14:03 - [TEST_STEP][PASSED] - click: Object: 'Object Repository/MOH AND GRN/Page_KDMC - CMS/a_12' is clicked on

2018-06-10 22:14:03 - [MESSAGE][PASSED] - Object: 'Object Repository/MOH AND GRN/Page_KDMC - CMS/a_12' is clicked on

2018-06-10 22:14:03 - [TEST_STEP][PASSED] - click: Object: 'Object Repository/MOH AND GRN/Page_KDMC - CMS/input_btnadd' is clicked on

2018-06-10 22:14:03 - [MESSAGE][PASSED] - Object: 'Object Repository/MOH AND GRN/Page_KDMC - CMS/input_btnadd' is clicked on

2018-06-10 22:14:03 - [TEST_STEP][PASSED] - Statement - If (s == 10): null

2018-06-10 22:14:03 - [TEST_STEP][PASSED] - Statement - s = 1: null

2018-06-10 22:14:03 - [TEST_STEP][PASSED] - delay: Delayed 1 second(s)

2018-06-10 22:14:04 - [MESSAGE][PASSED] - Delayed 1 second(s)

2018-06-10 22:14:04 - [TEST_STEP][PASSED] - selectOptionByIndex: All options with index in [11] are selected on object 'Object Repository/MOH AND GRN/Page_KDMC - CMS/select_--Select--Amikacin -500'

2018-06-10 22:14:04 - [MESSAGE][PASSED] - All options with index in [11] are selected on object 'Object Repository/MOH AND GRN/Page_KDMC - CMS/select_--Select--Amikacin -500'

2018-06-10 22:14:04 - [TEST_STEP][PASSED] - setText: Text '50000' is set on object 'Object Repository/MOH AND GRN/Page_KDMC - CMS/input_txtqty'

2018-06-10 22:14:04 - [MESSAGE][PASSED] - Text '50000' is set on object 'Object Repository/MOH AND GRN/Page_KDMC - CMS/input_txtqty'

2018-06-10 22:14:04 - [TEST_STEP][PASSED] - selectOptionByIndex: All options with index in [1] are selected on object 'Object Repository/MOH AND GRN/Page_KDMC - CMS/select_--Select--No Tax0'

2018-06-10 22:14:05 - [MESSAGE][PASSED] - All options with index in [1] are selected on object 'Object Repository/MOH AND GRN/Page_KDMC - CMS/select_--Select--No Tax0'

2018-06-10 22:14:05 - [TEST_STEP][PASSED] - setText: Finding Test Object with id 'Object Repository/MOH AND GRN/Page_KDMC - CMS/input_txtmrp'

2018-06-10 22:14:05 - [TEST_STEP][PASSED] - Statement - switch (id): Finding Test Object with id 'Object Repository/MOH AND GRN/Page_KDMC - CMS/input_txtdeal'

2018-06-10 22:14:05 - [TEST_STEP][PASSED] - Statement - case 4:: Text '32.0' is set on object 'Object Repository/MOH AND GRN/Page_KDMC - CMS/input_txtmrp'

2018-06-10 22:14:05 - [TEST_STEP][PASSED] - Statement - return (java.lang.Math.floor((java.lang.Math.random() * ((max - min) + 1))) + min): Text '32.0' is set on object 'Object Repository/MOH AND GRN/Page_KDMC - CMS/input_txtmrp'

2018-06-10 22:14:05 - [MESSAGE][PASSED] - Text '32.0' is set on object 'Object Repository/MOH AND GRN/Page_KDMC - CMS/input_txtmrp'

2018-06-10 22:14:05 - [TEST_STEP][PASSED] - setText: Finding Test Object with id 'Object Repository/MOH AND GRN/Page_KDMC - CMS/input_txtdeal'

2018-06-10 22:14:05 - [TEST_STEP][PASSED] - Statement - switch (id): Finding Test Object with id 'Object Repository/MOH AND GRN/Page_KDMC - CMS/input_txtbatchno'

2018-06-10 22:14:05 - [TEST_STEP][PASSED] - Statement - case 5:: Text '4.0' is set on object 'Object Repository/MOH AND GRN/Page_KDMC - CMS/input_txtdeal'

2018-06-10 22:14:05 - [TEST_STEP][PASSED] - Statement - return (java.lang.Math.floor((java.lang.Math.random() * ((max - min) + 1))) + min): Text '4.0' is set on object 'Object Repository/MOH AND GRN/Page_KDMC - CMS/input_txtdeal'

2018-06-10 22:14:05 - [MESSAGE][PASSED] - Text '4.0' is set on object 'Object Repository/MOH AND GRN/Page_KDMC - CMS/input_txtdeal'

2018-06-10 22:14:05 - [TEST_STEP][PASSED] - setText: Finding Test Object with id 'Object Repository/MOH AND GRN/Page_KDMC - CMS/input_txtbatchno'

2018-06-10 22:14:05 - [TEST_STEP][PASSED] - Statement - switch (id): Finding Test Object with id 'Object Repository/MOH AND GRN/Page_KDMC - CMS/input_txtmrp'

2018-06-10 22:14:05 - [TEST_STEP][PASSED] - Statement - case 1:: Text 'BA266.0' is set on object 'Object Repository/MOH AND GRN/Page_KDMC - CMS/input_txtbatchno'

2018-06-10 22:14:05 - [TEST_STEP][PASSED] - Statement - return (java.lang.Math.floor((java.lang.Math.random() * ((max - min) + 1))) + min): Text 'BA266.0' is set on object 'Object Repository/MOH AND GRN/Page_KDMC - CMS/input_txtbatchno'

2018-06-10 22:14:05 - [MESSAGE][PASSED] - Text 'BA266.0' is set on object 'Object Repository/MOH AND GRN/Page_KDMC - CMS/input_txtbatchno'

2018-06-10 22:14:05 - [TEST_STEP][PASSED] - rightClick: Object: 'Object Repository/GRN/Page_KDMC - CMS/input_txtexpdate' is right clicked on

2018-06-10 22:14:05 - [MESSAGE][PASSED] - Object: 'Object Repository/GRN/Page_KDMC - CMS/input_txtexpdate' is right clicked on

2018-06-10 22:14:05 - [TEST_STEP][PASSED] - selectOptionByIndex: All options with index in [1] are selected on object 'Object Repository/GRN/Page_KDMC - CMS/select_20182019202020212022202'

2018-06-10 22:14:05 - [MESSAGE][PASSED] - All options with index in [1] are selected on object 'Object Repository/GRN/Page_KDMC - CMS/select_20182019202020212022202'

2018-06-10 22:14:05 - [TEST_STEP][PASSED] - selectOptionByIndex: All options with index in [1] are selected on object 'Object Repository/GRN/Page_KDMC - CMS/select_JanFebMarAprMayJunJulAu'

2018-06-10 22:14:05 - [MESSAGE][PASSED] - All options with index in [1] are selected on object 'Object Repository/GRN/Page_KDMC - CMS/select_JanFebMarAprMayJunJulAu'

2018-06-10 22:14:05 - [TEST_STEP][PASSED] - click: Object: 'Object Repository/MOH AND GRN/Page_KDMC - CMS/a_12' is clicked on

2018-06-10 22:14:05 - [MESSAGE][PASSED] - Object: 'Object Repository/MOH AND GRN/Page_KDMC - CMS/a_12' is clicked on

2018-06-10 22:14:05 - [TEST_STEP][PASSED] - click: Object: 'Object Repository/MOH AND GRN/Page_KDMC - CMS/input_btnadd' is clicked on

2018-06-10 22:14:05 - [MESSAGE][PASSED] - Object: 'Object Repository/MOH AND GRN/Page_KDMC - CMS/input_btnadd' is clicked on

2018-06-10 22:14:05 - [TEST_STEP][PASSED] - Statement - If (s == 10): null

2018-06-10 22:14:05 - [TEST_STEP][PASSED] - Statement - Else: null

2018-06-10 22:14:05 - [TEST_STEP][PASSED] - Statement - (s++): null

2018-06-10 22:14:05 - [TEST_STEP][PASSED] - delay: Delayed 1 second(s)

2018-06-10 22:14:06 - [MESSAGE][PASSED] - Delayed 1 second(s)

2018-06-10 22:14:06 - [TEST_STEP][PASSED] - selectOptionByIndex: All options with index in [12] are selected on object 'Object Repository/MOH AND GRN/Page_KDMC - CMS/select_--Select--Amikacin -500'

2018-06-10 22:14:07 - [MESSAGE][PASSED] - All options with index in [12] are selected on object 'Object Repository/MOH AND GRN/Page_KDMC - CMS/select_--Select--Amikacin -500'

2018-06-10 22:14:07 - [TEST_STEP][PASSED] - setText: Text '50000' is set on object 'Object Repository/MOH AND GRN/Page_KDMC - CMS/input_txtqty'

2018-06-10 22:14:07 - [MESSAGE][PASSED] - Text '50000' is set on object 'Object Repository/MOH AND GRN/Page_KDMC - CMS/input_txtqty'

2018-06-10 22:14:07 - [TEST_STEP][PASSED] - selectOptionByIndex: All options with index in [1] are selected on object 'Object Repository/MOH AND GRN/Page_KDMC - CMS/select_--Select--No Tax0'

2018-06-10 22:14:07 - [MESSAGE][PASSED] - All options with index in [1] are selected on object 'Object Repository/MOH AND GRN/Page_KDMC - CMS/select_--Select--No Tax0'

2018-06-10 22:14:07 - [TEST_STEP][PASSED] - setText: Finding Test Object with id 'Object Repository/MOH AND GRN/Page_KDMC - CMS/input_txtmrp'

2018-06-10 22:14:07 - [TEST_STEP][PASSED] - Statement - switch (id): Finding Test Object with id 'Object Repository/MOH AND GRN/Page_KDMC - CMS/input_txtdeal'

2018-06-10 22:14:07 - [TEST_STEP][PASSED] - Statement - case 4:: Text '31.0' is set on object 'Object Repository/MOH AND GRN/Page_KDMC - CMS/input_txtmrp'

2018-06-10 22:14:07 - [TEST_STEP][PASSED] - Statement - return (java.lang.Math.floor((java.lang.Math.random() * ((max - min) + 1))) + min): Text '31.0' is set on object 'Object Repository/MOH AND GRN/Page_KDMC - CMS/input_txtmrp'

2018-06-10 22:14:07 - [MESSAGE][PASSED] - Text '31.0' is set on object 'Object Repository/MOH AND GRN/Page_KDMC - CMS/input_txtmrp'

2018-06-10 22:14:07 - [TEST_STEP][PASSED] - setText: Finding Test Object with id 'Object Repository/MOH AND GRN/Page_KDMC - CMS/input_txtdeal'

2018-06-10 22:14:07 - [TEST_STEP][PASSED] - Statement - switch (id): Finding Test Object with id 'Object Repository/MOH AND GRN/Page_KDMC - CMS/input_txtbatchno'

2018-06-10 22:14:07 - [TEST_STEP][PASSED] - Statement - case 5:: Text '12.0' is set on object 'Object Repository/MOH AND GRN/Page_KDMC - CMS/input_txtdeal'

2018-06-10 22:14:07 - [TEST_STEP][PASSED] - Statement - return (java.lang.Math.floor((java.lang.Math.random() * ((max - min) + 1))) + min): Text '12.0' is set on object 'Object Repository/MOH AND GRN/Page_KDMC - CMS/input_txtdeal'

2018-06-10 22:14:07 - [MESSAGE][PASSED] - Text '12.0' is set on object 'Object Repository/MOH AND GRN/Page_KDMC - CMS/input_txtdeal'

2018-06-10 22:14:07 - [TEST_STEP][PASSED] - setText: Finding Test Object with id 'Object Repository/MOH AND GRN/Page_KDMC - CMS/input_txtbatchno'

2018-06-10 22:14:07 - [TEST_STEP][PASSED] - Statement - switch (id): Finding Test Object with id 'Object Repository/MOH AND GRN/Page_KDMC - CMS/input_txtmrp'

2018-06-10 22:14:07 - [TEST_STEP][PASSED] - Statement - case 1:: Text 'BA478.0' is set on object 'Object Repository/MOH AND GRN/Page_KDMC - CMS/input_txtbatchno'

2018-06-10 22:14:07 - [TEST_STEP][PASSED] - Statement - return (java.lang.Math.floor((java.lang.Math.random() * ((max - min) + 1))) + min): Text 'BA478.0' is set on object 'Object Repository/MOH AND GRN/Page_KDMC - CMS/input_txtbatchno'

2018-06-10 22:14:07 - [MESSAGE][PASSED] - Text 'BA478.0' is set on object 'Object Repository/MOH AND GRN/Page_KDMC - CMS/input_txtbatchno'

2018-06-10 22:14:07 - [TEST_STEP][PASSED] - rightClick: Object: 'Object Repository/GRN/Page_KDMC - CMS/input_txtexpdate' is right clicked on

2018-06-10 22:14:07 - [MESSAGE][PASSED] - Object: 'Object Repository/GRN/Page_KDMC - CMS/input_txtexpdate' is right clicked on

2018-06-10 22:14:07 - [TEST_STEP][PASSED] - selectOptionByIndex: All options with index in [2] are selected on object 'Object Repository/GRN/Page_KDMC - CMS/select_20182019202020212022202'

2018-06-10 22:14:07 - [MESSAGE][PASSED] - All options with index in [2] are selected on object 'Object Repository/GRN/Page_KDMC - CMS/select_20182019202020212022202'

2018-06-10 22:14:07 - [TEST_STEP][PASSED] - selectOptionByIndex: All options with index in [2] are selected on object 'Object Repository/GRN/Page_KDMC - CMS/select_JanFebMarAprMayJunJulAu'

2018-06-10 22:14:08 - [MESSAGE][PASSED] - All options with index in [2] are selected on object 'Object Repository/GRN/Page_KDMC - CMS/select_JanFebMarAprMayJunJulAu'

2018-06-10 22:14:08 - [TEST_STEP][PASSED] - click: Object: 'Object Repository/MOH AND GRN/Page_KDMC - CMS/a_12' is clicked on

2018-06-10 22:14:08 - [MESSAGE][PASSED] - Object: 'Object Repository/MOH AND GRN/Page_KDMC - CMS/a_12' is clicked on

2018-06-10 22:14:08 - [TEST_STEP][PASSED] - click: Object: 'Object Repository/MOH AND GRN/Page_KDMC - CMS/input_btnadd' is clicked on

2018-06-10 22:14:08 - [MESSAGE][PASSED] - Object: 'Object Repository/MOH AND GRN/Page_KDMC - CMS/input_btnadd' is clicked on

2018-06-10 22:14:08 - [TEST_STEP][PASSED] - Statement - If (s == 10): null

2018-06-10 22:14:08 - [TEST_STEP][PASSED] - Statement - Else: null

2018-06-10 22:14:08 - [TEST_STEP][PASSED] - Statement - (s++): null

2018-06-10 22:14:08 - [TEST_STEP][PASSED] - delay: Delayed 1 second(s)

2018-06-10 22:14:09 - [MESSAGE][PASSED] - Delayed 1 second(s)

2018-06-10 22:14:09 - [TEST_STEP][PASSED] - selectOptionByIndex: All options with index in [13] are selected on object 'Object Repository/MOH AND GRN/Page_KDMC - CMS/select_--Select--Amikacin -500'

2018-06-10 22:14:09 - [MESSAGE][PASSED] - All options with index in [13] are selected on object 'Object Repository/MOH AND GRN/Page_KDMC - CMS/select_--Select--Amikacin -500'

2018-06-10 22:14:09 - [TEST_STEP][PASSED] - setText: Text '50000' is set on object 'Object Repository/MOH AND GRN/Page_KDMC - CMS/input_txtqty'

2018-06-10 22:14:09 - [MESSAGE][PASSED] - Text '50000' is set on object 'Object Repository/MOH AND GRN/Page_KDMC - CMS/input_txtqty'

2018-06-10 22:14:09 - [TEST_STEP][PASSED] - selectOptionByIndex: All options with index in [1] are selected on object 'Object Repository/MOH AND GRN/Page_KDMC - CMS/select_--Select--No Tax0'

2018-06-10 22:14:09 - [MESSAGE][PASSED] - All options with index in [1] are selected on object 'Object Repository/MOH AND GRN/Page_KDMC - CMS/select_--Select--No Tax0'

2018-06-10 22:14:09 - [TEST_STEP][PASSED] - setText: Finding Test Object with id 'Object Repository/MOH AND GRN/Page_KDMC - CMS/input_txtmrp'

2018-06-10 22:14:09 - [TEST_STEP][PASSED] - Statement - switch (id): Finding Test Object with id 'Object Repository/MOH AND GRN/Page_KDMC - CMS/input_txtdeal'

2018-06-10 22:14:09 - [TEST_STEP][PASSED] - Statement - case 4:: Text '41.0' is set on object 'Object Repository/MOH AND GRN/Page_KDMC - CMS/input_txtmrp'

2018-06-10 22:14:09 - [TEST_STEP][PASSED] - Statement - return (java.lang.Math.floor((java.lang.Math.random() * ((max - min) + 1))) + min): Text '41.0' is set on object 'Object Repository/MOH AND GRN/Page_KDMC - CMS/input_txtmrp'

2018-06-10 22:14:09 - [MESSAGE][PASSED] - Text '41.0' is set on object 'Object Repository/MOH AND GRN/Page_KDMC - CMS/input_txtmrp'

2018-06-10 22:14:09 - [TEST_STEP][PASSED] - setText: Finding Test Object with id 'Object Repository/MOH AND GRN/Page_KDMC - CMS/input_txtdeal'

2018-06-10 22:14:09 - [TEST_STEP][PASSED] - Statement - switch (id): Finding Test Object with id 'Object Repository/MOH AND GRN/Page_KDMC - CMS/input_txtbatchno'

2018-06-10 22:14:09 - [TEST_STEP][PASSED] - Statement - case 5:: Text '2.0' is set on object 'Object Repository/MOH AND GRN/Page_KDMC - CMS/input_txtdeal'

2018-06-10 22:14:09 - [TEST_STEP][PASSED] - Statement - return (java.lang.Math.floor((java.lang.Math.random() * ((max - min) + 1))) + min): Text '2.0' is set on object 'Object Repository/MOH AND GRN/Page_KDMC - CMS/input_txtdeal'

2018-06-10 22:14:09 - [MESSAGE][PASSED] - Text '2.0' is set on object 'Object Repository/MOH AND GRN/Page_KDMC - CMS/input_txtdeal'

2018-06-10 22:14:09 - [TEST_STEP][PASSED] - setText: Finding Test Object with id 'Object Repository/MOH AND GRN/Page_KDMC - CMS/input_txtbatchno'

2018-06-10 22:14:09 - [TEST_STEP][PASSED] - Statement - switch (id): Finding Test Object with id 'Object Repository/MOH AND GRN/Page_KDMC - CMS/input_txtmrp'

2018-06-10 22:14:09 - [TEST_STEP][PASSED] - Statement - case 1:: Text 'BA896.0' is set on object 'Object Repository/MOH AND GRN/Page_KDMC - CMS/input_txtbatchno'

2018-06-10 22:14:09 - [TEST_STEP][PASSED] - Statement - return (java.lang.Math.floor((java.lang.Math.random() * ((max - min) + 1))) + min): Text 'BA896.0' is set on object 'Object Repository/MOH AND GRN/Page_KDMC - CMS/input_txtbatchno'

2018-06-10 22:14:10 - [MESSAGE][PASSED] - Text 'BA896.0' is set on object 'Object Repository/MOH AND GRN/Page_KDMC - CMS/input_txtbatchno'

2018-06-10 22:14:10 - [TEST_STEP][PASSED] - rightClick: Object: 'Object Repository/GRN/Page_KDMC - CMS/input_txtexpdate' is right clicked on

2018-06-10 22:14:10 - [MESSAGE][PASSED] - Object: 'Object Repository/GRN/Page_KDMC - CMS/input_txtexpdate' is right clicked on

2018-06-10 22:14:10 - [TEST_STEP][PASSED] - selectOptionByIndex: All options with index in [3] are selected on object 'Object Repository/GRN/Page_KDMC - CMS/select_20182019202020212022202'

2018-06-10 22:14:10 - [MESSAGE][PASSED] - All options with index in [3] are selected on object 'Object Repository/GRN/Page_KDMC - CMS/select_20182019202020212022202'

2018-06-10 22:14:10 - [TEST_STEP][PASSED] - selectOptionByIndex: All options with index in [3] are selected on object 'Object Repository/GRN/Page_KDMC - CMS/select_JanFebMarAprMayJunJulAu'

2018-06-10 22:14:10 - [MESSAGE][PASSED] - All options with index in [3] are selected on object 'Object Repository/GRN/Page_KDMC - CMS/select_JanFebMarAprMayJunJulAu'

2018-06-10 22:14:10 - [TEST_STEP][PASSED] - click: Object: 'Object Repository/MOH AND GRN/Page_KDMC - CMS/a_12' is clicked on

2018-06-10 22:14:10 - [MESSAGE][PASSED] - Object: 'Object Repository/MOH AND GRN/Page_KDMC - CMS/a_12' is clicked on

2018-06-10 22:14:10 - [TEST_STEP][PASSED] - click: Object: 'Object Repository/MOH AND GRN/Page_KDMC - CMS/input_btnadd' is clicked on

2018-06-10 22:14:10 - [MESSAGE][PASSED] - Object: 'Object Repository/MOH AND GRN/Page_KDMC - CMS/input_btnadd' is clicked on

2018-06-10 22:14:10 - [TEST_STEP][PASSED] - Statement - If (s == 10): null

2018-06-10 22:14:10 - [TEST_STEP][PASSED] - Statement - Else: null

2018-06-10 22:14:10 - [TEST_STEP][PASSED] - Statement - (s++): null

2018-06-10 22:14:10 - [TEST_STEP][PASSED] - delay: Delayed 1 second(s)

2018-06-10 22:14:11 - [MESSAGE][PASSED] - Delayed 1 second(s)

2018-06-10 22:14:11 - [TEST_STEP][PASSED] - selectOptionByIndex: All options with index in [14] are selected on object 'Object Repository/MOH AND GRN/Page_KDMC - CMS/select_--Select--Amikacin -500'

2018-06-10 22:14:11 - [MESSAGE][PASSED] - All options with index in [14] are selected on object 'Object Repository/MOH AND GRN/Page_KDMC - CMS/select_--Select--Amikacin -500'

2018-06-10 22:14:11 - [TEST_STEP][PASSED] - setText: Text '50000' is set on object 'Object Repository/MOH AND GRN/Page_KDMC - CMS/input_txtqty'

2018-06-10 22:14:11 - [MESSAGE][PASSED] - Text '50000' is set on object 'Object Repository/MOH AND GRN/Page_KDMC - CMS/input_txtqty'

2018-06-10 22:14:11 - [TEST_STEP][PASSED] - selectOptionByIndex: All options with index in [1] are selected on object 'Object Repository/MOH AND GRN/Page_KDMC - CMS/select_--Select--No Tax0'

2018-06-10 22:14:12 - [MESSAGE][PASSED] - All options with index in [1] are selected on object 'Object Repository/MOH AND GRN/Page_KDMC - CMS/select_--Select--No Tax0'

2018-06-10 22:14:12 - [TEST_STEP][PASSED] - setText: Finding Test Object with id 'Object Repository/MOH AND GRN/Page_KDMC - CMS/input_txtmrp'

2018-06-10 22:14:12 - [TEST_STEP][PASSED] - Statement - switch (id): Finding Test Object with id 'Object Repository/MOH AND GRN/Page_KDMC - CMS/input_txtdeal'

2018-06-10 22:14:12 - [TEST_STEP][PASSED] - Statement - case 4:: Text '37.0' is set on object 'Object Repository/MOH AND GRN/Page_KDMC - CMS/input_txtmrp'

2018-06-10 22:14:12 - [TEST_STEP][PASSED] - Statement - return (java.lang.Math.floor((java.lang.Math.random() * ((max - min) + 1))) + min): Text '37.0' is set on object 'Object Repository/MOH AND GRN/Page_KDMC - CMS/input_txtmrp'

2018-06-10 22:14:12 - [MESSAGE][PASSED] - Text '37.0' is set on object 'Object Repository/MOH AND GRN/Page_KDMC - CMS/input_txtmrp'

2018-06-10 22:14:12 - [TEST_STEP][PASSED] - setText: Finding Test Object with id 'Object Repository/MOH AND GRN/Page_KDMC - CMS/input_txtdeal'

2018-06-10 22:14:12 - [TEST_STEP][PASSED] - Statement - switch (id): Finding Test Object with id 'Object Repository/MOH AND GRN/Page_KDMC - CMS/input_txtbatchno'

2018-06-10 22:14:12 - [TEST_STEP][PASSED] - Statement - case 5:: Text '4.0' is set on object 'Object Repository/MOH AND GRN/Page_KDMC - CMS/input_txtdeal'

2018-06-10 22:14:12 - [TEST_STEP][PASSED] - Statement - return (java.lang.Math.floor((java.lang.Math.random() * ((max - min) + 1))) + min): Text '4.0' is set on object 'Object Repository/MOH AND GRN/Page_KDMC - CMS/input_txtdeal'

2018-06-10 22:14:12 - [MESSAGE][PASSED] - Text '4.0' is set on object 'Object Repository/MOH AND GRN/Page_KDMC - CMS/input_txtdeal'

2018-06-10 22:14:12 - [TEST_STEP][PASSED] - setText: Finding Test Object with id 'Object Repository/MOH AND GRN/Page_KDMC - CMS/input_txtbatchno'

2018-06-10 22:14:12 - [TEST_STEP][PASSED] - Statement - switch (id): Finding Test Object with id 'Object Repository/MOH AND GRN/Page_KDMC - CMS/input_txtmrp'

2018-06-10 22:14:12 - [TEST_STEP][PASSED] - Statement - case 1:: Text 'BA779.0' is set on object 'Object Repository/MOH AND GRN/Page_KDMC - CMS/input_txtbatchno'

2018-06-10 22:14:12 - [TEST_STEP][PASSED] - Statement - return (java.lang.Math.floor((java.lang.Math.random() * ((max - min) + 1))) + min): Text 'BA779.0' is set on object 'Object Repository/MOH AND GRN/Page_KDMC - CMS/input_txtbatchno'

2018-06-10 22:14:12 - [MESSAGE][PASSED] - Text 'BA779.0' is set on object 'Object Repository/MOH AND GRN/Page_KDMC - CMS/input_txtbatchno'

2018-06-10 22:14:12 - [TEST_STEP][PASSED] - rightClick: Object: 'Object Repository/GRN/Page_KDMC - CMS/input_txtexpdate' is right clicked on

2018-06-10 22:14:12 - [MESSAGE][PASSED] - Object: 'Object Repository/GRN/Page_KDMC - CMS/input_txtexpdate' is right clicked on

2018-06-10 22:14:12 - [TEST_STEP][PASSED] - selectOptionByIndex: All options with index in [4] are selected on object 'Object Repository/GRN/Page_KDMC - CMS/select_20182019202020212022202'

2018-06-10 22:14:12 - [MESSAGE][PASSED] - All options with index in [4] are selected on object 'Object Repository/GRN/Page_KDMC - CMS/select_20182019202020212022202'

2018-06-10 22:14:12 - [TEST_STEP][PASSED] - selectOptionByIndex: All options with index in [4] are selected on object 'Object Repository/GRN/Page_KDMC - CMS/select_JanFebMarAprMayJunJulAu'

2018-06-10 22:14:12 - [MESSAGE][PASSED] - All options with index in [4] are selected on object 'Object Repository/GRN/Page_KDMC - CMS/select_JanFebMarAprMayJunJulAu'

2018-06-10 22:14:12 - [TEST_STEP][PASSED] - click: Object: 'Object Repository/MOH AND GRN/Page_KDMC - CMS/a_12' is clicked on

2018-06-10 22:14:12 - [MESSAGE][PASSED] - Object: 'Object Repository/MOH AND GRN/Page_KDMC - CMS/a_12' is clicked on

2018-06-10 22:14:12 - [TEST_STEP][PASSED] - click: Object: 'Object Repository/MOH AND GRN/Page_KDMC - CMS/input_btnadd' is clicked on

2018-06-10 22:14:13 - [MESSAGE][PASSED] - Object: 'Object Repository/MOH AND GRN/Page_KDMC - CMS/input_btnadd' is clicked on

2018-06-10 22:14:13 - [TEST_STEP][PASSED] - Statement - If (s == 10): null

2018-06-10 22:14:13 - [TEST_STEP][PASSED] - Statement - Else: null

2018-06-10 22:14:13 - [TEST_STEP][PASSED] - Statement - (s++): null

2018-06-10 22:14:13 - [TEST_STEP][PASSED] - delay: Delayed 1 second(s)

2018-06-10 22:14:14 - [MESSAGE][PASSED] - Delayed 1 second(s)

2018-06-10 22:14:14 - [TEST_STEP][PASSED] - selectOptionByIndex: All options with index in [15] are selected on object 'Object Repository/MOH AND GRN/Page_KDMC - CMS/select_--Select--Amikacin -500'

2018-06-10 22:14:14 - [MESSAGE][PASSED] - All options with index in [15] are selected on object 'Object Repository/MOH AND GRN/Page_KDMC - CMS/select_--Select--Amikacin -500'

2018-06-10 22:14:14 - [TEST_STEP][PASSED] - setText: Text '50000' is set on object 'Object Repository/MOH AND GRN/Page_KDMC - CMS/input_txtqty'

2018-06-10 22:14:14 - [MESSAGE][PASSED] - Text '50000' is set on object 'Object Repository/MOH AND GRN/Page_KDMC - CMS/input_txtqty'

2018-06-10 22:14:14 - [TEST_STEP][PASSED] - selectOptionByIndex: All options with index in [1] are selected on object 'Object Repository/MOH AND GRN/Page_KDMC - CMS/select_--Select--No Tax0'

2018-06-10 22:14:14 - [MESSAGE][PASSED] - All options with index in [1] are selected on object 'Object Repository/MOH AND GRN/Page_KDMC - CMS/select_--Select--No Tax0'

2018-06-10 22:14:14 - [TEST_STEP][PASSED] - setText: Finding Test Object with id 'Object Repository/MOH AND GRN/Page_KDMC - CMS/input_txtmrp'

2018-06-10 22:14:14 - [TEST_STEP][PASSED] - Statement - switch (id): Finding Test Object with id 'Object Repository/MOH AND GRN/Page_KDMC - CMS/input_txtdeal'

2018-06-10 22:14:14 - [TEST_STEP][PASSED] - Statement - case 4:: Text '19.0' is set on object 'Object Repository/MOH AND GRN/Page_KDMC - CMS/input_txtmrp'

2018-06-10 22:14:14 - [TEST_STEP][PASSED] - Statement - return (java.lang.Math.floor((java.lang.Math.random() * ((max - min) + 1))) + min): Text '19.0' is set on object 'Object Repository/MOH AND GRN/Page_KDMC - CMS/input_txtmrp'

2018-06-10 22:14:14 - [MESSAGE][PASSED] - Text '19.0' is set on object 'Object Repository/MOH AND GRN/Page_KDMC - CMS/input_txtmrp'

2018-06-10 22:14:14 - [TEST_STEP][PASSED] - setText: Finding Test Object with id 'Object Repository/MOH AND GRN/Page_KDMC - CMS/input_txtdeal'

2018-06-10 22:14:14 - [TEST_STEP][PASSED] - Statement - switch (id): Finding Test Object with id 'Object Repository/MOH AND GRN/Page_KDMC - CMS/input_txtbatchno'

2018-06-10 22:14:14 - [TEST_STEP][PASSED] - Statement - case 5:: Text '10.0' is set on object 'Object Repository/MOH AND GRN/Page_KDMC - CMS/input_txtdeal'

2018-06-10 22:14:14 - [TEST_STEP][PASSED] - Statement - return (java.lang.Math.floor((java.lang.Math.random() * ((max - min) + 1))) + min): Text '10.0' is set on object 'Object Repository/MOH AND GRN/Page_KDMC - CMS/input_txtdeal'

2018-06-10 22:14:14 - [MESSAGE][PASSED] - Text '10.0' is set on object 'Object Repository/MOH AND GRN/Page_KDMC - CMS/input_txtdeal'

2018-06-10 22:14:14 - [TEST_STEP][PASSED] - setText: Finding Test Object with id 'Object Repository/MOH AND GRN/Page_KDMC - CMS/input_txtbatchno'

2018-06-10 22:14:14 - [TEST_STEP][PASSED] - Statement - switch (id): Finding Test Object with id 'Object Repository/MOH AND GRN/Page_KDMC - CMS/input_txtmrp'

2018-06-10 22:14:14 - [TEST_STEP][PASSED] - Statement - case 1:: Text 'BA46.0' is set on object 'Object Repository/MOH AND GRN/Page_KDMC - CMS/input_txtbatchno'

2018-06-10 22:14:14 - [TEST_STEP][PASSED] - Statement - return (java.lang.Math.floor((java.lang.Math.random() * ((max - min) + 1))) + min): Text 'BA46.0' is set on object 'Object Repository/MOH AND GRN/Page_KDMC - CMS/input_txtbatchno'

2018-06-10 22:14:14 - [MESSAGE][PASSED] - Text 'BA46.0' is set on object 'Object Repository/MOH AND GRN/Page_KDMC - CMS/input_txtbatchno'

2018-06-10 22:14:14 - [TEST_STEP][PASSED] - rightClick: Object: 'Object Repository/GRN/Page_KDMC - CMS/input_txtexpdate' is right clicked on

2018-06-10 22:14:14 - [MESSAGE][PASSED] - Object: 'Object Repository/GRN/Page_KDMC - CMS/input_txtexpdate' is right clicked on

2018-06-10 22:14:14 - [TEST_STEP][PASSED] - selectOptionByIndex: All options with index in [5] are selected on object 'Object Repository/GRN/Page_KDMC - CMS/select_20182019202020212022202'

2018-06-10 22:14:15 - [MESSAGE][PASSED] - All options with index in [5] are selected on object 'Object Repository/GRN/Page_KDMC - CMS/select_20182019202020212022202'

2018-06-10 22:14:15 - [TEST_STEP][PASSED] - selectOptionByIndex: All options with index in [5] are selected on object 'Object Repository/GRN/Page_KDMC - CMS/select_JanFebMarAprMayJunJulAu'

2018-06-10 22:14:15 - [MESSAGE][PASSED] - All options with index in [5] are selected on object 'Object Repository/GRN/Page_KDMC - CMS/select_JanFebMarAprMayJunJulAu'

2018-06-10 22:14:15 - [TEST_STEP][PASSED] - click: Object: 'Object Repository/MOH AND GRN/Page_KDMC - CMS/a_12' is clicked on

2018-06-10 22:14:15 - [MESSAGE][PASSED] - Object: 'Object Repository/MOH AND GRN/Page_KDMC - CMS/a_12' is clicked on

2018-06-10 22:14:15 - [TEST_STEP][PASSED] - click: Object: 'Object Repository/MOH AND GRN/Page_KDMC - CMS/input_btnadd' is clicked on

2018-06-10 22:14:15 - [MESSAGE][PASSED] - Object: 'Object Repository/MOH AND GRN/Page_KDMC - CMS/input_btnadd' is clicked on

2018-06-10 22:14:15 - [TEST_STEP][PASSED] - Statement - If (s == 10): null

2018-06-10 22:14:15 - [TEST_STEP][PASSED] - Statement - Else: null

2018-06-10 22:14:15 - [TEST_STEP][PASSED] - Statement - (s++): null

2018-06-10 22:14:15 - [TEST_STEP][PASSED] - delay: Delayed 1 second(s)

2018-06-10 22:14:16 - [MESSAGE][PASSED] - Delayed 1 second(s)

2018-06-10 22:14:16 - [TEST_STEP][PASSED] - selectOptionByIndex: All options with index in [16] are selected on object 'Object Repository/MOH AND GRN/Page_KDMC - CMS/select_--Select--Amikacin -500'

2018-06-10 22:14:16 - [MESSAGE][PASSED] - All options with index in [16] are selected on object 'Object Repository/MOH AND GRN/Page_KDMC - CMS/select_--Select--Amikacin -500'

2018-06-10 22:14:16 - [TEST_STEP][PASSED] - setText: Text '50000' is set on object 'Object Repository/MOH AND GRN/Page_KDMC - CMS/input_txtqty'

2018-06-10 22:14:16 - [MESSAGE][PASSED] - Text '50000' is set on object 'Object Repository/MOH AND GRN/Page_KDMC - CMS/input_txtqty'

2018-06-10 22:14:16 - [TEST_STEP][PASSED] - selectOptionByIndex: All options with index in [1] are selected on object 'Object Repository/MOH AND GRN/Page_KDMC - CMS/select_--Select--No Tax0'

2018-06-10 22:14:16 - [MESSAGE][PASSED] - All options with index in [1] are selected on object 'Object Repository/MOH AND GRN/Page_KDMC - CMS/select_--Select--No Tax0'

2018-06-10 22:14:16 - [TEST_STEP][PASSED] - setText: Finding Test Object with id 'Object Repository/MOH AND GRN/Page_KDMC - CMS/input_txtmrp'

2018-06-10 22:14:16 - [TEST_STEP][PASSED] - Statement - switch (id): Finding Test Object with id 'Object Repository/MOH AND GRN/Page_KDMC - CMS/input_txtdeal'

2018-06-10 22:14:16 - [TEST_STEP][PASSED] - Statement - case 4:: Text '31.0' is set on object 'Object Repository/MOH AND GRN/Page_KDMC - CMS/input_txtmrp'

2018-06-10 22:14:16 - [TEST_STEP][PASSED] - Statement - return (java.lang.Math.floor((java.lang.Math.random() * ((max - min) + 1))) + min): Text '31.0' is set on object 'Object Repository/MOH AND GRN/Page_KDMC - CMS/input_txtmrp'

2018-06-10 22:14:17 - [MESSAGE][PASSED] - Text '31.0' is set on object 'Object Repository/MOH AND GRN/Page_KDMC - CMS/input_txtmrp'

2018-06-10 22:14:17 - [TEST_STEP][PASSED] - setText: Finding Test Object with id 'Object Repository/MOH AND GRN/Page_KDMC - CMS/input_txtdeal'

2018-06-10 22:14:17 - [TEST_STEP][PASSED] - Statement - switch (id): Finding Test Object with id 'Object Repository/MOH AND GRN/Page_KDMC - CMS/input_txtbatchno'

2018-06-10 22:14:17 - [TEST_STEP][PASSED] - Statement - case 5:: Text '10.0' is set on object 'Object Repository/MOH AND GRN/Page_KDMC - CMS/input_txtdeal'

2018-06-10 22:14:17 - [TEST_STEP][PASSED] - Statement - return (java.lang.Math.floor((java.lang.Math.random() * ((max - min) + 1))) + min): Text '10.0' is set on object 'Object Repository/MOH AND GRN/Page_KDMC - CMS/input_txtdeal'

2018-06-10 22:14:17 - [MESSAGE][PASSED] - Text '10.0' is set on object 'Object Repository/MOH AND GRN/Page_KDMC - CMS/input_txtdeal'

2018-06-10 22:14:17 - [TEST_STEP][PASSED] - setText: Finding Test Object with id 'Object Repository/MOH AND GRN/Page_KDMC - CMS/input_txtbatchno'

2018-06-10 22:14:17 - [TEST_STEP][PASSED] - Statement - switch (id): Finding Test Object with id 'Object Repository/MOH AND GRN/Page_KDMC - CMS/input_txtmrp'

2018-06-10 22:14:17 - [TEST_STEP][PASSED] - Statement - case 1:: Text 'BA856.0' is set on object 'Object Repository/MOH AND GRN/Page_KDMC - CMS/input_txtbatchno'

2018-06-10 22:14:17 - [TEST_STEP][PASSED] - Statement - return (java.lang.Math.floor((java.lang.Math.random() * ((max - min) + 1))) + min): Text 'BA856.0' is set on object 'Object Repository/MOH AND GRN/Page_KDMC - CMS/input_txtbatchno'

2018-06-10 22:14:17 - [MESSAGE][PASSED] - Text 'BA856.0' is set on object 'Object Repository/MOH AND GRN/Page_KDMC - CMS/input_txtbatchno'

2018-06-10 22:14:17 - [TEST_STEP][PASSED] - rightClick: Object: 'Object Repository/GRN/Page_KDMC - CMS/input_txtexpdate' is right clicked on

2018-06-10 22:14:17 - [MESSAGE][PASSED] - Object: 'Object Repository/GRN/Page_KDMC - CMS/input_txtexpdate' is right clicked on

2018-06-10 22:14:17 - [TEST_STEP][PASSED] - selectOptionByIndex: All options with index in [6] are selected on object 'Object Repository/GRN/Page_KDMC - CMS/select_20182019202020212022202'

2018-06-10 22:14:17 - [MESSAGE][PASSED] - All options with index in [6] are selected on object 'Object Repository/GRN/Page_KDMC - CMS/select_20182019202020212022202'

2018-06-10 22:14:17 - [TEST_STEP][PASSED] - selectOptionByIndex: All options with index in [6] are selected on object 'Object Repository/GRN/Page_KDMC - CMS/select_JanFebMarAprMayJunJulAu'

2018-06-10 22:14:17 - [MESSAGE][PASSED] - All options with index in [6] are selected on object 'Object Repository/GRN/Page_KDMC - CMS/select_JanFebMarAprMayJunJulAu'

2018-06-10 22:14:17 - [TEST_STEP][PASSED] - click: Object: 'Object Repository/MOH AND GRN/Page_KDMC - CMS/a_12' is clicked on

2018-06-10 22:14:17 - [MESSAGE][PASSED] - Object: 'Object Repository/MOH AND GRN/Page_KDMC - CMS/a_12' is clicked on

2018-06-10 22:14:17 - [TEST_STEP][PASSED] - click: Object: 'Object Repository/MOH AND GRN/Page_KDMC - CMS/input_btnadd' is clicked on

2018-06-10 22:14:17 - [MESSAGE][PASSED] - Object: 'Object Repository/MOH AND GRN/Page_KDMC - CMS/input_btnadd' is clicked on

2018-06-10 22:14:17 - [TEST_STEP][PASSED] - Statement - If (s == 10): null

2018-06-10 22:14:17 - [TEST_STEP][PASSED] - Statement - Else: null

2018-06-10 22:14:17 - [TEST_STEP][PASSED] - Statement - (s++): null

2018-06-10 22:14:17 - [TEST_STEP][PASSED] - delay: Delayed 1 second(s)

2018-06-10 22:14:18 - [MESSAGE][PASSED] - Delayed 1 second(s)

2018-06-10 22:14:18 - [TEST_STEP][PASSED] - selectOptionByIndex: All options with index in [17] are selected on object 'Object Repository/MOH AND GRN/Page_KDMC - CMS/select_--Select--Amikacin -500'

2018-06-10 22:14:19 - [MESSAGE][PASSED] - All options with index in [17] are selected on object 'Object Repository/MOH AND GRN/Page_KDMC - CMS/select_--Select--Amikacin -500'

2018-06-10 22:14:19 - [TEST_STEP][PASSED] - setText: Text '50000' is set on object 'Object Repository/MOH AND GRN/Page_KDMC - CMS/input_txtqty'

2018-06-10 22:14:19 - [MESSAGE][PASSED] - Text '50000' is set on object 'Object Repository/MOH AND GRN/Page_KDMC - CMS/input_txtqty'

2018-06-10 22:14:19 - [TEST_STEP][PASSED] - selectOptionByIndex: All options with index in [1] are selected on object 'Object Repository/MOH AND GRN/Page_KDMC - CMS/select_--Select--No Tax0'

2018-06-10 22:14:19 - [MESSAGE][PASSED] - All options with index in [1] are selected on object 'Object Repository/MOH AND GRN/Page_KDMC - CMS/select_--Select--No Tax0'

2018-06-10 22:14:19 - [TEST_STEP][PASSED] - setText: Finding Test Object with id 'Object Repository/MOH AND GRN/Page_KDMC - CMS/input_txtmrp'

2018-06-10 22:14:19 - [TEST_STEP][PASSED] - Statement - switch (id): Finding Test Object with id 'Object Repository/MOH AND GRN/Page_KDMC - CMS/input_txtdeal'

2018-06-10 22:14:19 - [TEST_STEP][PASSED] - Statement - case 4:: Text '27.0' is set on object 'Object Repository/MOH AND GRN/Page_KDMC - CMS/input_txtmrp'

2018-06-10 22:14:19 - [TEST_STEP][PASSED] - Statement - return (java.lang.Math.floor((java.lang.Math.random() * ((max - min) + 1))) + min): Text '27.0' is set on object 'Object Repository/MOH AND GRN/Page_KDMC - CMS/input_txtmrp'

2018-06-10 22:14:19 - [MESSAGE][PASSED] - Text '27.0' is set on object 'Object Repository/MOH AND GRN/Page_KDMC - CMS/input_txtmrp'

2018-06-10 22:14:19 - [TEST_STEP][PASSED] - setText: Finding Test Object with id 'Object Repository/MOH AND GRN/Page_KDMC - CMS/input_txtdeal'

2018-06-10 22:14:19 - [TEST_STEP][PASSED] - Statement - switch (id): Finding Test Object with id 'Object Repository/MOH AND GRN/Page_KDMC - CMS/input_txtbatchno'

2018-06-10 22:14:19 - [TEST_STEP][PASSED] - Statement - case 5:: Text '8.0' is set on object 'Object Repository/MOH AND GRN/Page_KDMC - CMS/input_txtdeal'

2018-06-10 22:14:19 - [TEST_STEP][PASSED] - Statement - return (java.lang.Math.floor((java.lang.Math.random() * ((max - min) + 1))) + min): Text '8.0' is set on object 'Object Repository/MOH AND GRN/Page_KDMC - CMS/input_txtdeal'

2018-06-10 22:14:19 - [MESSAGE][PASSED] - Text '8.0' is set on object 'Object Repository/MOH AND GRN/Page_KDMC - CMS/input_txtdeal'

2018-06-10 22:14:19 - [TEST_STEP][PASSED] - setText: Finding Test Object with id 'Object Repository/MOH AND GRN/Page_KDMC - CMS/input_txtbatchno'

2018-06-10 22:14:19 - [TEST_STEP][PASSED] - Statement - switch (id): Finding Test Object with id 'Object Repository/MOH AND GRN/Page_KDMC - CMS/input_txtmrp'

2018-06-10 22:14:19 - [TEST_STEP][PASSED] - Statement - case 1:: Text 'BA755.0' is set on object 'Object Repository/MOH AND GRN/Page_KDMC - CMS/input_txtbatchno'

2018-06-10 22:14:19 - [TEST_STEP][PASSED] - Statement - return (java.lang.Math.floor((java.lang.Math.random() * ((max - min) + 1))) + min): Text 'BA755.0' is set on object 'Object Repository/MOH AND GRN/Page_KDMC - CMS/input_txtbatchno'

2018-06-10 22:14:19 - [MESSAGE][PASSED] - Text 'BA755.0' is set on object 'Object Repository/MOH AND GRN/Page_KDMC - CMS/input_txtbatchno'

2018-06-10 22:14:19 - [TEST_STEP][PASSED] - rightClick: Object: 'Object Repository/GRN/Page_KDMC - CMS/input_txtexpdate' is right clicked on

2018-06-10 22:14:19 - [MESSAGE][PASSED] - Object: 'Object Repository/GRN/Page_KDMC - CMS/input_txtexpdate' is right clicked on

2018-06-10 22:14:19 - [TEST_STEP][PASSED] - selectOptionByIndex: All options with index in [7] are selected on object 'Object Repository/GRN/Page_KDMC - CMS/select_20182019202020212022202'

2018-06-10 22:14:20 - [MESSAGE][PASSED] - All options with index in [7] are selected on object 'Object Repository/GRN/Page_KDMC - CMS/select_20182019202020212022202'

2018-06-10 22:14:20 - [TEST_STEP][PASSED] - selectOptionByIndex: All options with index in [7] are selected on object 'Object Repository/GRN/Page_KDMC - CMS/select_JanFebMarAprMayJunJulAu'

2018-06-10 22:14:20 - [MESSAGE][PASSED] - All options with index in [7] are selected on object 'Object Repository/GRN/Page_KDMC - CMS/select_JanFebMarAprMayJunJulAu'

2018-06-10 22:14:20 - [TEST_STEP][PASSED] - click: Object: 'Object Repository/MOH AND GRN/Page_KDMC - CMS/a_12' is clicked on

2018-06-10 22:14:20 - [MESSAGE][PASSED] - Object: 'Object Repository/MOH AND GRN/Page_KDMC - CMS/a_12' is clicked on

2018-06-10 22:14:20 - [TEST_STEP][PASSED] - click: Object: 'Object Repository/MOH AND GRN/Page_KDMC - CMS/input_btnadd' is clicked on

2018-06-10 22:14:20 - [MESSAGE][PASSED] - Object: 'Object Repository/MOH AND GRN/Page_KDMC - CMS/input_btnadd' is clicked on

2018-06-10 22:14:20 - [TEST_STEP][PASSED] - Statement - If (s == 10): null

2018-06-10 22:14:20 - [TEST_STEP][PASSED] - Statement - Else: null

2018-06-10 22:14:20 - [TEST_STEP][PASSED] - Statement - (s++): null

2018-06-10 22:14:20 - [TEST_STEP][PASSED] - delay: Delayed 1 second(s)

2018-06-10 22:14:21 - [MESSAGE][PASSED] - Delayed 1 second(s)

2018-06-10 22:14:21 - [TEST_STEP][PASSED] - selectOptionByIndex: All options with index in [18] are selected on object 'Object Repository/MOH AND GRN/Page_KDMC - CMS/select_--Select--Amikacin -500'

2018-06-10 22:14:21 - [MESSAGE][PASSED] - All options with index in [18] are selected on object 'Object Repository/MOH AND GRN/Page_KDMC - CMS/select_--Select--Amikacin -500'

2018-06-10 22:14:21 - [TEST_STEP][PASSED] - setText: Text '50000' is set on object 'Object Repository/MOH AND GRN/Page_KDMC - CMS/input_txtqty'

2018-06-10 22:14:21 - [MESSAGE][PASSED] - Text '50000' is set on object 'Object Repository/MOH AND GRN/Page_KDMC - CMS/input_txtqty'

2018-06-10 22:14:21 - [TEST_STEP][PASSED] - selectOptionByIndex: All options with index in [1] are selected on object 'Object Repository/MOH AND GRN/Page_KDMC - CMS/select_--Select--No Tax0'

2018-06-10 22:14:22 - [MESSAGE][PASSED] - All options with index in [1] are selected on object 'Object Repository/MOH AND GRN/Page_KDMC - CMS/select_--Select--No Tax0'

2018-06-10 22:14:22 - [TEST_STEP][PASSED] - setText: Finding Test Object with id 'Object Repository/MOH AND GRN/Page_KDMC - CMS/input_txtmrp'

2018-06-10 22:14:22 - [TEST_STEP][PASSED] - Statement - switch (id): Finding Test Object with id 'Object Repository/MOH AND GRN/Page_KDMC - CMS/input_txtdeal'

2018-06-10 22:14:22 - [TEST_STEP][PASSED] - Statement - case 4:: Text '38.0' is set on object 'Object Repository/MOH AND GRN/Page_KDMC - CMS/input_txtmrp'

2018-06-10 22:14:22 - [TEST_STEP][PASSED] - Statement - return (java.lang.Math.floor((java.lang.Math.random() * ((max - min) + 1))) + min): Text '38.0' is set on object 'Object Repository/MOH AND GRN/Page_KDMC - CMS/input_txtmrp'

2018-06-10 22:14:22 - [MESSAGE][PASSED] - Text '38.0' is set on object 'Object Repository/MOH AND GRN/Page_KDMC - CMS/input_txtmrp'

2018-06-10 22:14:22 - [TEST_STEP][PASSED] - setText: Finding Test Object with id 'Object Repository/MOH AND GRN/Page_KDMC - CMS/input_txtdeal'

2018-06-10 22:14:22 - [TEST_STEP][PASSED] - Statement - switch (id): Finding Test Object with id 'Object Repository/MOH AND GRN/Page_KDMC - CMS/input_txtbatchno'

2018-06-10 22:14:22 - [TEST_STEP][PASSED] - Statement - case 5:: Text '6.0' is set on object 'Object Repository/MOH AND GRN/Page_KDMC - CMS/input_txtdeal'

2018-06-10 22:14:22 - [TEST_STEP][PASSED] - Statement - return (java.lang.Math.floor((java.lang.Math.random() * ((max - min) + 1))) + min): Text '6.0' is set on object 'Object Repository/MOH AND GRN/Page_KDMC - CMS/input_txtdeal'

2018-06-10 22:14:22 - [MESSAGE][PASSED] - Text '6.0' is set on object 'Object Repository/MOH AND GRN/Page_KDMC - CMS/input_txtdeal'

2018-06-10 22:14:22 - [TEST_STEP][PASSED] - setText: Finding Test Object with id 'Object Repository/MOH AND GRN/Page_KDMC - CMS/input_txtbatchno'

2018-06-10 22:14:22 - [TEST_STEP][PASSED] - Statement - switch (id): Delayed 1 second(s)

2018-06-10 22:14:22 - [TEST_STEP][PASSED] - Statement - case 1:: Text 'BA748.0' is set on object 'Object Repository/MOH AND GRN/Page_KDMC - CMS/input_txtbatchno'

2018-06-10 22:14:22 - [TEST_STEP][PASSED] - Statement - return (java.lang.Math.floor((java.lang.Math.random() * ((max - min) + 1))) + min): Text 'BA748.0' is set on object 'Object Repository/MOH AND GRN/Page_KDMC - CMS/input_txtbatchno'

2018-06-10 22:14:22 - [MESSAGE][PASSED] - Text 'BA748.0' is set on object 'Object Repository/MOH AND GRN/Page_KDMC - CMS/input_txtbatchno'

2018-06-10 22:14:22 - [TEST_STEP][PASSED] - rightClick: Object: 'Object Repository/GRN/Page_KDMC - CMS/input_txtexpdate' is right clicked on

2018-06-10 22:14:22 - [MESSAGE][PASSED] - Object: 'Object Repository/GRN/Page_KDMC - CMS/input_txtexpdate' is right clicked on

2018-06-10 22:14:22 - [TEST_STEP][PASSED] - selectOptionByIndex: All options with index in [8] are selected on object 'Object Repository/GRN/Page_KDMC - CMS/select_20182019202020212022202'

2018-06-10 22:14:22 - [MESSAGE][PASSED] - All options with index in [8] are selected on object 'Object Repository/GRN/Page_KDMC - CMS/select_20182019202020212022202'

2018-06-10 22:14:22 - [TEST_STEP][PASSED] - selectOptionByIndex: All options with index in [8] are selected on object 'Object Repository/GRN/Page_KDMC - CMS/select_JanFebMarAprMayJunJulAu'

2018-06-10 22:14:22 - [MESSAGE][PASSED] - All options with index in [8] are selected on object 'Object Repository/GRN/Page_KDMC - CMS/select_JanFebMarAprMayJunJulAu'

2018-06-10 22:14:22 - [TEST_STEP][PASSED] - click: Object: 'Object Repository/MOH AND GRN/Page_KDMC - CMS/a_12' is clicked on

2018-06-10 22:14:22 - [MESSAGE][PASSED] - Object: 'Object Repository/MOH AND GRN/Page_KDMC - CMS/a_12' is clicked on

2018-06-10 22:14:22 - [TEST_STEP][PASSED] - click: Object: 'Object Repository/MOH AND GRN/Page_KDMC - CMS/input_btnadd' is clicked on

2018-06-10 22:14:23 - [MESSAGE][PASSED] - Object: 'Object Repository/MOH AND GRN/Page_KDMC - CMS/input_btnadd' is clicked on

2018-06-10 22:14:23 - [TEST_STEP][PASSED] - Statement - If (s == 10): null

2018-06-10 22:14:23 - [TEST_STEP][PASSED] - Statement - Else: null

2018-06-10 22:14:23 - [TEST_STEP][PASSED] - Statement - (s++): null

2018-06-10 22:14:23 - [TEST_STEP][PASSED] - delay: Delayed 1 second(s)

2018-06-10 22:14:24 - [MESSAGE][PASSED] - Delayed 1 second(s)

2018-06-10 22:14:24 - [TEST_STEP][PASSED] - scrollToElement: Scroll to object 'Object Repository/MOH AND GRN/Page_KDMC - CMS/input_btnSubmit' successfully

2018-06-10 22:14:24 - [MESSAGE][PASSED] - Scroll to object 'Object Repository/MOH AND GRN/Page_KDMC - CMS/input_btnSubmit' successfully

2018-06-10 22:14:24 - [TEST_STEP][PASSED] - click: Object: 'Object Repository/MOH AND GRN/Page_KDMC - CMS/input_btnSubmit' is clicked on

2018-06-10 22:14:24 - [MESSAGE][PASSED] - Object: 'Object Repository/MOH AND GRN/Page_KDMC - CMS/input_btnSubmit' is clicked on

2018-06-10 22:14:24 - [TEST_STEP][PASSED] - delay: Delayed 3 second(s)

2018-06-10 22:14:27 - [MESSAGE][PASSED] - Delayed 3 second(s)

2018-06-10 22:14:27 - [TEST_STEP][PASSED] - click: Object: 'Object Repository/MOH AND GRN/Page_KDMC - CMS/button_OK' is clicked on

2018-06-10 22:14:27 - [MESSAGE][PASSED] - Object: 'Object Repository/MOH AND GRN/Page_KDMC - CMS/button_OK' is clicked on

2018-06-10 22:14:27 - [TEST_STEP][PASSED] - delay: Delayed 2 second(s)

2018-06-10 22:14:29 - [MESSAGE][PASSED] - Delayed 2 second(s)

2018-06-10 22:14:29 - [TEST_STEP][PASSED] - delay: Delayed 3 second(s)

2018-06-10 22:14:32 - [MESSAGE][PASSED] - Delayed 3 second(s)

2018-06-10 22:14:32 - [TEST_STEP][PASSED] - click: Object: 'Object Repository/MOH AND GRN/Page_KDMC - CMS/a_dropdown-toggle' is clicked on

2018-06-10 22:14:32 - [MESSAGE][PASSED] - Object: 'Object Repository/MOH AND GRN/Page_KDMC - CMS/a_dropdown-toggle' is clicked on

2018-06-10 22:14:32 - [TEST_STEP][PASSED] - click: Object: 'Object Repository/MOH AND GRN/Page_KDMC - CMS/a_Sign out' is clicked on

2018-06-10 22:14:33 - [MESSAGE][PASSED] - Object: 'Object Repository/MOH AND GRN/Page_KDMC - CMS/a_Sign out' is clicked on

2018-06-10 22:14:33 - [TEST_STEP][PASSED] - closeBrowser: Browser is closed

2018-06-10 22:14:33 - [MESSAGE][PASSED] - Browser is closed]]></system-out>
         <system-err><![CDATA[]]></system-err>
      </testcase>
      <system-out><![CDATA[2018-06-10 21:32:00 - [TEST_SUITE][PASSED] - MOH REQUEST AND GRN: Test Cases/TEST/MOH REQUEST AND GRN/Moh Request GRN Schedule 12]]></system-out>
      <system-err><![CDATA[]]></system-err>
   </testsuite>
</testsuites>
