<?xml version="1.0" encoding="UTF-8"?>
<testsuites name="MOH REQUEST AND GRN" time="2689" tests="7" failures="5" errors="0">
   <testsuite name="MOH REQUEST AND GRN" tests="7" failures="5" errors="0" time="2689" timestamp="2018-05-14 13:21:38" hostname="Quality Analyst - DESKTOP-BLFTK83" id="Test Suites/MOH REQUEST AND GRN">
      <properties>
         <property name="deviceName" value=""/>
         <property name="devicePlatform" value=""/>
         <property name="logFolder" value="C:\\Users\\Quality Analyst\\Katalon Studio\\ds\\Reports\\MOH REQUEST AND GRN\\20180514_132131"/>
         <property name="logFiles" value="C:\\Users\\Quality Analyst\\Katalon Studio\\ds\\Reports\\MOH REQUEST AND GRN\\20180514_132131\\execution0.log, C:\\Users\\Quality Analyst\\Katalon Studio\\ds\\Reports\\MOH REQUEST AND GRN\\20180514_132131\\execution1.log, C:\\Users\\Quality Analyst\\Katalon Studio\\ds\\Reports\\MOH REQUEST AND GRN\\20180514_132131\\execution2.log"/>
         <property name="attachments" value="C:\\Users\\Quality Analyst\\Katalon Studio\\ds\\Reports\\MOH REQUEST AND GRN\\20180514_132131\\1526286050666.png, C:\\Users\\Quality Analyst\\Katalon Studio\\ds\\Reports\\MOH REQUEST AND GRN\\20180514_132131\\1526286719894.png, C:\\Users\\Quality Analyst\\Katalon Studio\\ds\\Reports\\MOH REQUEST AND GRN\\20180514_132131\\1526286737661.png, C:\\Users\\Quality Analyst\\Katalon Studio\\ds\\Reports\\MOH REQUEST AND GRN\\20180514_132131\\1526286802931.png"/>
         <property name="hostName" value="Quality Analyst - DESKTOP-BLFTK83"/>
         <property name="os" value="Windows 10 64bit"/>
         <property name="katalonVersion" value="5.4.1.1"/>
         <property name="browser" value="Chrome 66.0.3359.139"/>
         <property name="hostAddress" value="192.168.71.2"/>
         <property name="sessionId" value="affb7e20738cda06a854769031c31599"/>
         <property name="seleniumVersion" value="3.7.1"/>
         <property name="proxyInformation" value="ProxyInformation{proxyOption=NO_PROXY, proxyServerType=HTTP, password=, proxyServerAddress=, proxyServerPort=0}"/>
         <property name="platform" value="Windows 10"/>
      </properties>
      <testcase name="Test Cases/TEST/MOH REQUEST AND GRN/Moh Request GRN Schedule 1" classname="Test Cases/TEST/MOH REQUEST AND GRN/Moh Request GRN Schedule 1" status="PASSED">
         <system-out><![CDATA[2018-05-14 13:21:38 - [TEST_CASE][PASSED] - Test Cases/TEST/MOH REQUEST AND GRN/Moh Request GRN Schedule 1: Test Cases/TEST/MOH REQUEST AND GRN/Moh Request GRN Schedule 1

2018-05-14 13:21:38 - [TEST_STEP][PASSED] - openBrowser: Browser is opened with url: ''

2018-05-14 13:21:41 - [MESSAGE][PASSED] - Browser is opened with url: ''

2018-05-14 13:21:41 - [TEST_STEP][PASSED] - navigateToUrl: Navigate to 'http://192.168.137.1/multihospital_new/' successfully

2018-05-14 13:21:45 - [MESSAGE][PASSED] - Navigate to 'http://192.168.137.1/multihospital_new/' successfully

2018-05-14 13:21:45 - [TEST_STEP][PASSED] - maximizeWindow: Current window maximized

2018-05-14 13:21:46 - [MESSAGE][PASSED] - Current window maximized

2018-05-14 13:21:46 - [TEST_STEP][PASSED] - click: Object: 'Object Repository/MOH AND GRN/Page_KDMC/a_CMS' is clicked on

2018-05-14 13:21:47 - [MESSAGE][PASSED] - Object: 'Object Repository/MOH AND GRN/Page_KDMC/a_CMS' is clicked on

2018-05-14 13:21:47 - [TEST_STEP][PASSED] - setText: Text 'bala' is set on object 'Object Repository/MOH AND GRN/Page_CMS login/input_txtusername'

2018-05-14 13:21:47 - [MESSAGE][PASSED] - Text 'bala' is set on object 'Object Repository/MOH AND GRN/Page_CMS login/input_txtusername'

2018-05-14 13:21:47 - [TEST_STEP][PASSED] - setText: Text '123' is set on object 'Object Repository/MOH AND GRN/Page_CMS login/input_txtpassword'

2018-05-14 13:21:47 - [MESSAGE][PASSED] - Text '123' is set on object 'Object Repository/MOH AND GRN/Page_CMS login/input_txtpassword'

2018-05-14 13:21:47 - [TEST_STEP][PASSED] - delay: Delayed 3 second(s)

2018-05-14 13:21:50 - [MESSAGE][PASSED] - Delayed 3 second(s)

2018-05-14 13:21:50 - [TEST_STEP][PASSED] - click: Object: 'Object Repository/MOH AND GRN/Page_CMS login/button_Sign in' is clicked on

2018-05-14 13:21:51 - [MESSAGE][PASSED] - Object: 'Object Repository/MOH AND GRN/Page_CMS login/button_Sign in' is clicked on

2018-05-14 13:21:51 - [TEST_STEP][PASSED] - click: Object: 'Object Repository/MOH AND GRN/Page_KDMC - CMS/a_Request to MOH' is clicked on

2018-05-14 13:21:52 - [MESSAGE][PASSED] - Object: 'Object Repository/MOH AND GRN/Page_KDMC - CMS/a_Request to MOH' is clicked on

2018-05-14 13:21:52 - [TEST_STEP][PASSED] - selectOptionByIndex: All options with index in [2] are selected on object 'Object Repository/MOH AND GRN/Page_KDMC - CMS/select_--Select--'

2018-05-14 13:21:52 - [MESSAGE][PASSED] - All options with index in [2] are selected on object 'Object Repository/MOH AND GRN/Page_KDMC - CMS/select_--Select--'

2018-05-14 13:21:52 - [TEST_STEP][PASSED] - selectOptionByIndex: All options with index in [1] are selected on object 'Object Repository/MOH AND GRN/Page_KDMC - CMS/select_--Select--Schedule 1Inj'

2018-05-14 13:21:52 - [MESSAGE][PASSED] - All options with index in [1] are selected on object 'Object Repository/MOH AND GRN/Page_KDMC - CMS/select_--Select--Schedule 1Inj'

2018-05-14 13:21:52 - [TEST_STEP][PASSED] - Statement - selectedoptions = com.kms.katalon.core.webui.keyword.WebUiBuiltInKeywords.getNumberOfTotalOption(com.kms.katalon.core.testobject.ObjectRepository.findTestObject(MOH AND GRN/Page_KDMC - CMS/select_--Select--Adernaline 0.)): 64 options of object 'Object Repository/MOH AND GRN/Page_KDMC - CMS/select_--Select--Adernaline 0.' counted

2018-05-14 13:21:52 - [MESSAGE][PASSED] - 64 options of object 'Object Repository/MOH AND GRN/Page_KDMC - CMS/select_--Select--Adernaline 0.' counted

2018-05-14 13:21:52 - [TEST_STEP][PASSED] - Statement - For ([j = 1, j <= selectedoptions - 1, (j++)]): Object: 'Object Repository/MOH AND GRN/Page_KDMC - CMS/button_Add' is clicked on

2018-05-14 13:21:52 - [TEST_STEP][PASSED] - selectOptionByIndex: All options with index in [1] are selected on object 'Object Repository/MOH AND GRN/Page_KDMC - CMS/select_--Select--Schedule 1Inj'

2018-05-14 13:21:52 - [MESSAGE][PASSED] - All options with index in [1] are selected on object 'Object Repository/MOH AND GRN/Page_KDMC - CMS/select_--Select--Schedule 1Inj'

2018-05-14 13:21:52 - [TEST_STEP][PASSED] - selectOptionByIndex: All options with index in [1] are selected on object 'Object Repository/MOH AND GRN/Page_KDMC - CMS/select_--Select--Adernaline 0.'

2018-05-14 13:21:52 - [MESSAGE][PASSED] - All options with index in [1] are selected on object 'Object Repository/MOH AND GRN/Page_KDMC - CMS/select_--Select--Adernaline 0.'

2018-05-14 13:21:52 - [TEST_STEP][PASSED] - setText: Text '5000' is set on object 'Object Repository/MOH AND GRN/Page_KDMC - CMS/input_txttreat'

2018-05-14 13:21:53 - [MESSAGE][PASSED] - Text '5000' is set on object 'Object Repository/MOH AND GRN/Page_KDMC - CMS/input_txttreat'

2018-05-14 13:21:53 - [TEST_STEP][PASSED] - click: Object: 'Object Repository/MOH AND GRN/Page_KDMC - CMS/button_Add' is clicked on

2018-05-14 13:21:53 - [MESSAGE][PASSED] - Object: 'Object Repository/MOH AND GRN/Page_KDMC - CMS/button_Add' is clicked on

2018-05-14 13:21:53 - [TEST_STEP][PASSED] - selectOptionByIndex: All options with index in [1] are selected on object 'Object Repository/MOH AND GRN/Page_KDMC - CMS/select_--Select--Schedule 1Inj'

2018-05-14 13:21:53 - [MESSAGE][PASSED] - All options with index in [1] are selected on object 'Object Repository/MOH AND GRN/Page_KDMC - CMS/select_--Select--Schedule 1Inj'

2018-05-14 13:21:53 - [TEST_STEP][PASSED] - selectOptionByIndex: All options with index in [2] are selected on object 'Object Repository/MOH AND GRN/Page_KDMC - CMS/select_--Select--Adernaline 0.'

2018-05-14 13:21:53 - [MESSAGE][PASSED] - All options with index in [2] are selected on object 'Object Repository/MOH AND GRN/Page_KDMC - CMS/select_--Select--Adernaline 0.'

2018-05-14 13:21:53 - [TEST_STEP][PASSED] - setText: Text '5000' is set on object 'Object Repository/MOH AND GRN/Page_KDMC - CMS/input_txttreat'

2018-05-14 13:21:53 - [MESSAGE][PASSED] - Text '5000' is set on object 'Object Repository/MOH AND GRN/Page_KDMC - CMS/input_txttreat'

2018-05-14 13:21:53 - [TEST_STEP][PASSED] - click: Object: 'Object Repository/MOH AND GRN/Page_KDMC - CMS/button_Add' is clicked on

2018-05-14 13:21:53 - [MESSAGE][PASSED] - Object: 'Object Repository/MOH AND GRN/Page_KDMC - CMS/button_Add' is clicked on

2018-05-14 13:21:53 - [TEST_STEP][PASSED] - selectOptionByIndex: All options with index in [1] are selected on object 'Object Repository/MOH AND GRN/Page_KDMC - CMS/select_--Select--Schedule 1Inj'

2018-05-14 13:21:53 - [MESSAGE][PASSED] - All options with index in [1] are selected on object 'Object Repository/MOH AND GRN/Page_KDMC - CMS/select_--Select--Schedule 1Inj'

2018-05-14 13:21:53 - [TEST_STEP][PASSED] - selectOptionByIndex: All options with index in [3] are selected on object 'Object Repository/MOH AND GRN/Page_KDMC - CMS/select_--Select--Adernaline 0.'

2018-05-14 13:21:53 - [MESSAGE][PASSED] - All options with index in [3] are selected on object 'Object Repository/MOH AND GRN/Page_KDMC - CMS/select_--Select--Adernaline 0.'

2018-05-14 13:21:53 - [TEST_STEP][PASSED] - setText: Text '5000' is set on object 'Object Repository/MOH AND GRN/Page_KDMC - CMS/input_txttreat'

2018-05-14 13:21:54 - [MESSAGE][PASSED] - Text '5000' is set on object 'Object Repository/MOH AND GRN/Page_KDMC - CMS/input_txttreat'

2018-05-14 13:21:54 - [TEST_STEP][PASSED] - click: Object: 'Object Repository/MOH AND GRN/Page_KDMC - CMS/button_Add' is clicked on

2018-05-14 13:21:54 - [MESSAGE][PASSED] - Object: 'Object Repository/MOH AND GRN/Page_KDMC - CMS/button_Add' is clicked on

2018-05-14 13:21:54 - [TEST_STEP][PASSED] - selectOptionByIndex: All options with index in [1] are selected on object 'Object Repository/MOH AND GRN/Page_KDMC - CMS/select_--Select--Schedule 1Inj'

2018-05-14 13:21:54 - [MESSAGE][PASSED] - All options with index in [1] are selected on object 'Object Repository/MOH AND GRN/Page_KDMC - CMS/select_--Select--Schedule 1Inj'

2018-05-14 13:21:54 - [TEST_STEP][PASSED] - selectOptionByIndex: All options with index in [4] are selected on object 'Object Repository/MOH AND GRN/Page_KDMC - CMS/select_--Select--Adernaline 0.'

2018-05-14 13:21:54 - [MESSAGE][PASSED] - All options with index in [4] are selected on object 'Object Repository/MOH AND GRN/Page_KDMC - CMS/select_--Select--Adernaline 0.'

2018-05-14 13:21:54 - [TEST_STEP][PASSED] - setText: Text '5000' is set on object 'Object Repository/MOH AND GRN/Page_KDMC - CMS/input_txttreat'

2018-05-14 13:21:54 - [MESSAGE][PASSED] - Text '5000' is set on object 'Object Repository/MOH AND GRN/Page_KDMC - CMS/input_txttreat'

2018-05-14 13:21:54 - [TEST_STEP][PASSED] - click: Object: 'Object Repository/MOH AND GRN/Page_KDMC - CMS/button_Add' is clicked on

2018-05-14 13:21:54 - [MESSAGE][PASSED] - Object: 'Object Repository/MOH AND GRN/Page_KDMC - CMS/button_Add' is clicked on

2018-05-14 13:21:54 - [TEST_STEP][PASSED] - selectOptionByIndex: All options with index in [1] are selected on object 'Object Repository/MOH AND GRN/Page_KDMC - CMS/select_--Select--Schedule 1Inj'

2018-05-14 13:21:54 - [MESSAGE][PASSED] - All options with index in [1] are selected on object 'Object Repository/MOH AND GRN/Page_KDMC - CMS/select_--Select--Schedule 1Inj'

2018-05-14 13:21:54 - [TEST_STEP][PASSED] - selectOptionByIndex: All options with index in [5] are selected on object 'Object Repository/MOH AND GRN/Page_KDMC - CMS/select_--Select--Adernaline 0.'

2018-05-14 13:21:55 - [MESSAGE][PASSED] - All options with index in [5] are selected on object 'Object Repository/MOH AND GRN/Page_KDMC - CMS/select_--Select--Adernaline 0.'

2018-05-14 13:21:55 - [TEST_STEP][PASSED] - setText: Text '5000' is set on object 'Object Repository/MOH AND GRN/Page_KDMC - CMS/input_txttreat'

2018-05-14 13:21:55 - [MESSAGE][PASSED] - Text '5000' is set on object 'Object Repository/MOH AND GRN/Page_KDMC - CMS/input_txttreat'

2018-05-14 13:21:55 - [TEST_STEP][PASSED] - click: Object: 'Object Repository/MOH AND GRN/Page_KDMC - CMS/button_Add' is clicked on

2018-05-14 13:21:55 - [MESSAGE][PASSED] - Object: 'Object Repository/MOH AND GRN/Page_KDMC - CMS/button_Add' is clicked on

2018-05-14 13:21:55 - [TEST_STEP][PASSED] - selectOptionByIndex: All options with index in [1] are selected on object 'Object Repository/MOH AND GRN/Page_KDMC - CMS/select_--Select--Schedule 1Inj'

2018-05-14 13:21:55 - [MESSAGE][PASSED] - All options with index in [1] are selected on object 'Object Repository/MOH AND GRN/Page_KDMC - CMS/select_--Select--Schedule 1Inj'

2018-05-14 13:21:55 - [TEST_STEP][PASSED] - selectOptionByIndex: All options with index in [6] are selected on object 'Object Repository/MOH AND GRN/Page_KDMC - CMS/select_--Select--Adernaline 0.'

2018-05-14 13:21:55 - [MESSAGE][PASSED] - All options with index in [6] are selected on object 'Object Repository/MOH AND GRN/Page_KDMC - CMS/select_--Select--Adernaline 0.'

2018-05-14 13:21:55 - [TEST_STEP][PASSED] - setText: Text '5000' is set on object 'Object Repository/MOH AND GRN/Page_KDMC - CMS/input_txttreat'

2018-05-14 13:21:55 - [MESSAGE][PASSED] - Text '5000' is set on object 'Object Repository/MOH AND GRN/Page_KDMC - CMS/input_txttreat'

2018-05-14 13:21:55 - [TEST_STEP][PASSED] - click: Object: 'Object Repository/MOH AND GRN/Page_KDMC - CMS/button_Add' is clicked on

2018-05-14 13:21:55 - [MESSAGE][PASSED] - Object: 'Object Repository/MOH AND GRN/Page_KDMC - CMS/button_Add' is clicked on

2018-05-14 13:21:55 - [TEST_STEP][PASSED] - selectOptionByIndex: All options with index in [1] are selected on object 'Object Repository/MOH AND GRN/Page_KDMC - CMS/select_--Select--Schedule 1Inj'

2018-05-14 13:21:55 - [MESSAGE][PASSED] - All options with index in [1] are selected on object 'Object Repository/MOH AND GRN/Page_KDMC - CMS/select_--Select--Schedule 1Inj'

2018-05-14 13:21:55 - [TEST_STEP][PASSED] - selectOptionByIndex: All options with index in [7] are selected on object 'Object Repository/MOH AND GRN/Page_KDMC - CMS/select_--Select--Adernaline 0.'

2018-05-14 13:21:56 - [MESSAGE][PASSED] - All options with index in [7] are selected on object 'Object Repository/MOH AND GRN/Page_KDMC - CMS/select_--Select--Adernaline 0.'

2018-05-14 13:21:56 - [TEST_STEP][PASSED] - setText: Text '5000' is set on object 'Object Repository/MOH AND GRN/Page_KDMC - CMS/input_txttreat'

2018-05-14 13:21:56 - [MESSAGE][PASSED] - Text '5000' is set on object 'Object Repository/MOH AND GRN/Page_KDMC - CMS/input_txttreat'

2018-05-14 13:21:56 - [TEST_STEP][PASSED] - click: Object: 'Object Repository/MOH AND GRN/Page_KDMC - CMS/button_Add' is clicked on

2018-05-14 13:21:56 - [MESSAGE][PASSED] - Object: 'Object Repository/MOH AND GRN/Page_KDMC - CMS/button_Add' is clicked on

2018-05-14 13:21:56 - [TEST_STEP][PASSED] - selectOptionByIndex: All options with index in [1] are selected on object 'Object Repository/MOH AND GRN/Page_KDMC - CMS/select_--Select--Schedule 1Inj'

2018-05-14 13:21:56 - [MESSAGE][PASSED] - All options with index in [1] are selected on object 'Object Repository/MOH AND GRN/Page_KDMC - CMS/select_--Select--Schedule 1Inj'

2018-05-14 13:21:56 - [TEST_STEP][PASSED] - selectOptionByIndex: All options with index in [8] are selected on object 'Object Repository/MOH AND GRN/Page_KDMC - CMS/select_--Select--Adernaline 0.'

2018-05-14 13:21:56 - [MESSAGE][PASSED] - All options with index in [8] are selected on object 'Object Repository/MOH AND GRN/Page_KDMC - CMS/select_--Select--Adernaline 0.'

2018-05-14 13:21:56 - [TEST_STEP][PASSED] - setText: Text '5000' is set on object 'Object Repository/MOH AND GRN/Page_KDMC - CMS/input_txttreat'

2018-05-14 13:21:56 - [MESSAGE][PASSED] - Text '5000' is set on object 'Object Repository/MOH AND GRN/Page_KDMC - CMS/input_txttreat'

2018-05-14 13:21:56 - [TEST_STEP][PASSED] - click: Object: 'Object Repository/MOH AND GRN/Page_KDMC - CMS/button_Add' is clicked on

2018-05-14 13:21:56 - [MESSAGE][PASSED] - Object: 'Object Repository/MOH AND GRN/Page_KDMC - CMS/button_Add' is clicked on

2018-05-14 13:21:56 - [TEST_STEP][PASSED] - selectOptionByIndex: All options with index in [1] are selected on object 'Object Repository/MOH AND GRN/Page_KDMC - CMS/select_--Select--Schedule 1Inj'

2018-05-14 13:21:56 - [MESSAGE][PASSED] - All options with index in [1] are selected on object 'Object Repository/MOH AND GRN/Page_KDMC - CMS/select_--Select--Schedule 1Inj'

2018-05-14 13:21:56 - [TEST_STEP][PASSED] - selectOptionByIndex: All options with index in [9] are selected on object 'Object Repository/MOH AND GRN/Page_KDMC - CMS/select_--Select--Adernaline 0.'

2018-05-14 13:21:57 - [MESSAGE][PASSED] - All options with index in [9] are selected on object 'Object Repository/MOH AND GRN/Page_KDMC - CMS/select_--Select--Adernaline 0.'

2018-05-14 13:21:57 - [TEST_STEP][PASSED] - setText: Text '5000' is set on object 'Object Repository/MOH AND GRN/Page_KDMC - CMS/input_txttreat'

2018-05-14 13:21:57 - [MESSAGE][PASSED] - Text '5000' is set on object 'Object Repository/MOH AND GRN/Page_KDMC - CMS/input_txttreat'

2018-05-14 13:21:57 - [TEST_STEP][PASSED] - click: Object: 'Object Repository/MOH AND GRN/Page_KDMC - CMS/button_Add' is clicked on

2018-05-14 13:21:57 - [MESSAGE][PASSED] - Object: 'Object Repository/MOH AND GRN/Page_KDMC - CMS/button_Add' is clicked on

2018-05-14 13:21:57 - [TEST_STEP][PASSED] - selectOptionByIndex: All options with index in [1] are selected on object 'Object Repository/MOH AND GRN/Page_KDMC - CMS/select_--Select--Schedule 1Inj'

2018-05-14 13:21:57 - [MESSAGE][PASSED] - All options with index in [1] are selected on object 'Object Repository/MOH AND GRN/Page_KDMC - CMS/select_--Select--Schedule 1Inj'

2018-05-14 13:21:57 - [TEST_STEP][PASSED] - selectOptionByIndex: All options with index in [10] are selected on object 'Object Repository/MOH AND GRN/Page_KDMC - CMS/select_--Select--Adernaline 0.'

2018-05-14 13:21:57 - [MESSAGE][PASSED] - All options with index in [10] are selected on object 'Object Repository/MOH AND GRN/Page_KDMC - CMS/select_--Select--Adernaline 0.'

2018-05-14 13:21:57 - [TEST_STEP][PASSED] - setText: Text '5000' is set on object 'Object Repository/MOH AND GRN/Page_KDMC - CMS/input_txttreat'

2018-05-14 13:21:57 - [MESSAGE][PASSED] - Text '5000' is set on object 'Object Repository/MOH AND GRN/Page_KDMC - CMS/input_txttreat'

2018-05-14 13:21:57 - [TEST_STEP][PASSED] - click: Object: 'Object Repository/MOH AND GRN/Page_KDMC - CMS/button_Add' is clicked on

2018-05-14 13:21:57 - [MESSAGE][PASSED] - Object: 'Object Repository/MOH AND GRN/Page_KDMC - CMS/button_Add' is clicked on

2018-05-14 13:21:57 - [TEST_STEP][PASSED] - selectOptionByIndex: All options with index in [1] are selected on object 'Object Repository/MOH AND GRN/Page_KDMC - CMS/select_--Select--Schedule 1Inj'

2018-05-14 13:21:57 - [MESSAGE][PASSED] - All options with index in [1] are selected on object 'Object Repository/MOH AND GRN/Page_KDMC - CMS/select_--Select--Schedule 1Inj'

2018-05-14 13:21:57 - [TEST_STEP][PASSED] - selectOptionByIndex: All options with index in [11] are selected on object 'Object Repository/MOH AND GRN/Page_KDMC - CMS/select_--Select--Adernaline 0.'

2018-05-14 13:21:58 - [MESSAGE][PASSED] - All options with index in [11] are selected on object 'Object Repository/MOH AND GRN/Page_KDMC - CMS/select_--Select--Adernaline 0.'

2018-05-14 13:21:58 - [TEST_STEP][PASSED] - setText: Text '5000' is set on object 'Object Repository/MOH AND GRN/Page_KDMC - CMS/input_txttreat'

2018-05-14 13:21:58 - [MESSAGE][PASSED] - Text '5000' is set on object 'Object Repository/MOH AND GRN/Page_KDMC - CMS/input_txttreat'

2018-05-14 13:21:58 - [TEST_STEP][PASSED] - click: Object: 'Object Repository/MOH AND GRN/Page_KDMC - CMS/button_Add' is clicked on

2018-05-14 13:21:58 - [MESSAGE][PASSED] - Object: 'Object Repository/MOH AND GRN/Page_KDMC - CMS/button_Add' is clicked on

2018-05-14 13:21:58 - [TEST_STEP][PASSED] - selectOptionByIndex: All options with index in [1] are selected on object 'Object Repository/MOH AND GRN/Page_KDMC - CMS/select_--Select--Schedule 1Inj'

2018-05-14 13:21:58 - [MESSAGE][PASSED] - All options with index in [1] are selected on object 'Object Repository/MOH AND GRN/Page_KDMC - CMS/select_--Select--Schedule 1Inj'

2018-05-14 13:21:58 - [TEST_STEP][PASSED] - selectOptionByIndex: All options with index in [12] are selected on object 'Object Repository/MOH AND GRN/Page_KDMC - CMS/select_--Select--Adernaline 0.'

2018-05-14 13:21:58 - [MESSAGE][PASSED] - All options with index in [12] are selected on object 'Object Repository/MOH AND GRN/Page_KDMC - CMS/select_--Select--Adernaline 0.'

2018-05-14 13:21:58 - [TEST_STEP][PASSED] - setText: Text '5000' is set on object 'Object Repository/MOH AND GRN/Page_KDMC - CMS/input_txttreat'

2018-05-14 13:21:58 - [MESSAGE][PASSED] - Text '5000' is set on object 'Object Repository/MOH AND GRN/Page_KDMC - CMS/input_txttreat'

2018-05-14 13:21:58 - [TEST_STEP][PASSED] - click: Object: 'Object Repository/MOH AND GRN/Page_KDMC - CMS/button_Add' is clicked on

2018-05-14 13:21:58 - [MESSAGE][PASSED] - Object: 'Object Repository/MOH AND GRN/Page_KDMC - CMS/button_Add' is clicked on

2018-05-14 13:21:58 - [TEST_STEP][PASSED] - selectOptionByIndex: All options with index in [1] are selected on object 'Object Repository/MOH AND GRN/Page_KDMC - CMS/select_--Select--Schedule 1Inj'

2018-05-14 13:21:58 - [MESSAGE][PASSED] - All options with index in [1] are selected on object 'Object Repository/MOH AND GRN/Page_KDMC - CMS/select_--Select--Schedule 1Inj'

2018-05-14 13:21:58 - [TEST_STEP][PASSED] - selectOptionByIndex: All options with index in [13] are selected on object 'Object Repository/MOH AND GRN/Page_KDMC - CMS/select_--Select--Adernaline 0.'

2018-05-14 13:21:59 - [MESSAGE][PASSED] - All options with index in [13] are selected on object 'Object Repository/MOH AND GRN/Page_KDMC - CMS/select_--Select--Adernaline 0.'

2018-05-14 13:21:59 - [TEST_STEP][PASSED] - setText: Text '5000' is set on object 'Object Repository/MOH AND GRN/Page_KDMC - CMS/input_txttreat'

2018-05-14 13:21:59 - [MESSAGE][PASSED] - Text '5000' is set on object 'Object Repository/MOH AND GRN/Page_KDMC - CMS/input_txttreat'

2018-05-14 13:21:59 - [TEST_STEP][PASSED] - click: Object: 'Object Repository/MOH AND GRN/Page_KDMC - CMS/button_Add' is clicked on

2018-05-14 13:21:59 - [MESSAGE][PASSED] - Object: 'Object Repository/MOH AND GRN/Page_KDMC - CMS/button_Add' is clicked on

2018-05-14 13:21:59 - [TEST_STEP][PASSED] - selectOptionByIndex: All options with index in [1] are selected on object 'Object Repository/MOH AND GRN/Page_KDMC - CMS/select_--Select--Schedule 1Inj'

2018-05-14 13:21:59 - [MESSAGE][PASSED] - All options with index in [1] are selected on object 'Object Repository/MOH AND GRN/Page_KDMC - CMS/select_--Select--Schedule 1Inj'

2018-05-14 13:21:59 - [TEST_STEP][PASSED] - selectOptionByIndex: All options with index in [14] are selected on object 'Object Repository/MOH AND GRN/Page_KDMC - CMS/select_--Select--Adernaline 0.'

2018-05-14 13:21:59 - [MESSAGE][PASSED] - All options with index in [14] are selected on object 'Object Repository/MOH AND GRN/Page_KDMC - CMS/select_--Select--Adernaline 0.'

2018-05-14 13:21:59 - [TEST_STEP][PASSED] - setText: Text '5000' is set on object 'Object Repository/MOH AND GRN/Page_KDMC - CMS/input_txttreat'

2018-05-14 13:22:00 - [MESSAGE][PASSED] - Text '5000' is set on object 'Object Repository/MOH AND GRN/Page_KDMC - CMS/input_txttreat'

2018-05-14 13:22:00 - [TEST_STEP][PASSED] - click: Object: 'Object Repository/MOH AND GRN/Page_KDMC - CMS/button_Add' is clicked on

2018-05-14 13:22:00 - [MESSAGE][PASSED] - Object: 'Object Repository/MOH AND GRN/Page_KDMC - CMS/button_Add' is clicked on

2018-05-14 13:22:00 - [TEST_STEP][PASSED] - selectOptionByIndex: All options with index in [1] are selected on object 'Object Repository/MOH AND GRN/Page_KDMC - CMS/select_--Select--Schedule 1Inj'

2018-05-14 13:22:00 - [MESSAGE][PASSED] - All options with index in [1] are selected on object 'Object Repository/MOH AND GRN/Page_KDMC - CMS/select_--Select--Schedule 1Inj'

2018-05-14 13:22:00 - [TEST_STEP][PASSED] - selectOptionByIndex: All options with index in [15] are selected on object 'Object Repository/MOH AND GRN/Page_KDMC - CMS/select_--Select--Adernaline 0.'

2018-05-14 13:22:00 - [MESSAGE][PASSED] - All options with index in [15] are selected on object 'Object Repository/MOH AND GRN/Page_KDMC - CMS/select_--Select--Adernaline 0.'

2018-05-14 13:22:00 - [TEST_STEP][PASSED] - setText: Text '5000' is set on object 'Object Repository/MOH AND GRN/Page_KDMC - CMS/input_txttreat'

2018-05-14 13:22:00 - [MESSAGE][PASSED] - Text '5000' is set on object 'Object Repository/MOH AND GRN/Page_KDMC - CMS/input_txttreat'

2018-05-14 13:22:00 - [TEST_STEP][PASSED] - click: Object: 'Object Repository/MOH AND GRN/Page_KDMC - CMS/button_Add' is clicked on

2018-05-14 13:22:00 - [MESSAGE][PASSED] - Object: 'Object Repository/MOH AND GRN/Page_KDMC - CMS/button_Add' is clicked on

2018-05-14 13:22:00 - [TEST_STEP][PASSED] - selectOptionByIndex: All options with index in [1] are selected on object 'Object Repository/MOH AND GRN/Page_KDMC - CMS/select_--Select--Schedule 1Inj'

2018-05-14 13:22:00 - [MESSAGE][PASSED] - All options with index in [1] are selected on object 'Object Repository/MOH AND GRN/Page_KDMC - CMS/select_--Select--Schedule 1Inj'

2018-05-14 13:22:00 - [TEST_STEP][PASSED] - selectOptionByIndex: All options with index in [16] are selected on object 'Object Repository/MOH AND GRN/Page_KDMC - CMS/select_--Select--Adernaline 0.'

2018-05-14 13:22:01 - [MESSAGE][PASSED] - All options with index in [16] are selected on object 'Object Repository/MOH AND GRN/Page_KDMC - CMS/select_--Select--Adernaline 0.'

2018-05-14 13:22:01 - [TEST_STEP][PASSED] - setText: Text '5000' is set on object 'Object Repository/MOH AND GRN/Page_KDMC - CMS/input_txttreat'

2018-05-14 13:22:01 - [MESSAGE][PASSED] - Text '5000' is set on object 'Object Repository/MOH AND GRN/Page_KDMC - CMS/input_txttreat'

2018-05-14 13:22:01 - [TEST_STEP][PASSED] - click: Object: 'Object Repository/MOH AND GRN/Page_KDMC - CMS/button_Add' is clicked on

2018-05-14 13:22:01 - [MESSAGE][PASSED] - Object: 'Object Repository/MOH AND GRN/Page_KDMC - CMS/button_Add' is clicked on

2018-05-14 13:22:01 - [TEST_STEP][PASSED] - selectOptionByIndex: All options with index in [1] are selected on object 'Object Repository/MOH AND GRN/Page_KDMC - CMS/select_--Select--Schedule 1Inj'

2018-05-14 13:22:01 - [MESSAGE][PASSED] - All options with index in [1] are selected on object 'Object Repository/MOH AND GRN/Page_KDMC - CMS/select_--Select--Schedule 1Inj'

2018-05-14 13:22:01 - [TEST_STEP][PASSED] - selectOptionByIndex: All options with index in [17] are selected on object 'Object Repository/MOH AND GRN/Page_KDMC - CMS/select_--Select--Adernaline 0.'

2018-05-14 13:22:01 - [MESSAGE][PASSED] - All options with index in [17] are selected on object 'Object Repository/MOH AND GRN/Page_KDMC - CMS/select_--Select--Adernaline 0.'

2018-05-14 13:22:01 - [TEST_STEP][PASSED] - setText: Text '5000' is set on object 'Object Repository/MOH AND GRN/Page_KDMC - CMS/input_txttreat'

2018-05-14 13:22:01 - [MESSAGE][PASSED] - Text '5000' is set on object 'Object Repository/MOH AND GRN/Page_KDMC - CMS/input_txttreat'

2018-05-14 13:22:01 - [TEST_STEP][PASSED] - click: Object: 'Object Repository/MOH AND GRN/Page_KDMC - CMS/button_Add' is clicked on

2018-05-14 13:22:01 - [MESSAGE][PASSED] - Object: 'Object Repository/MOH AND GRN/Page_KDMC - CMS/button_Add' is clicked on

2018-05-14 13:22:01 - [TEST_STEP][PASSED] - selectOptionByIndex: All options with index in [1] are selected on object 'Object Repository/MOH AND GRN/Page_KDMC - CMS/select_--Select--Schedule 1Inj'

2018-05-14 13:22:01 - [MESSAGE][PASSED] - All options with index in [1] are selected on object 'Object Repository/MOH AND GRN/Page_KDMC - CMS/select_--Select--Schedule 1Inj'

2018-05-14 13:22:01 - [TEST_STEP][PASSED] - selectOptionByIndex: All options with index in [18] are selected on object 'Object Repository/MOH AND GRN/Page_KDMC - CMS/select_--Select--Adernaline 0.'

2018-05-14 13:22:02 - [MESSAGE][PASSED] - All options with index in [18] are selected on object 'Object Repository/MOH AND GRN/Page_KDMC - CMS/select_--Select--Adernaline 0.'

2018-05-14 13:22:02 - [TEST_STEP][PASSED] - setText: Text '5000' is set on object 'Object Repository/MOH AND GRN/Page_KDMC - CMS/input_txttreat'

2018-05-14 13:22:02 - [MESSAGE][PASSED] - Text '5000' is set on object 'Object Repository/MOH AND GRN/Page_KDMC - CMS/input_txttreat'

2018-05-14 13:22:02 - [TEST_STEP][PASSED] - click: Object: 'Object Repository/MOH AND GRN/Page_KDMC - CMS/button_Add' is clicked on

2018-05-14 13:22:02 - [MESSAGE][PASSED] - Object: 'Object Repository/MOH AND GRN/Page_KDMC - CMS/button_Add' is clicked on

2018-05-14 13:22:02 - [TEST_STEP][PASSED] - selectOptionByIndex: All options with index in [1] are selected on object 'Object Repository/MOH AND GRN/Page_KDMC - CMS/select_--Select--Schedule 1Inj'

2018-05-14 13:22:02 - [MESSAGE][PASSED] - All options with index in [1] are selected on object 'Object Repository/MOH AND GRN/Page_KDMC - CMS/select_--Select--Schedule 1Inj'

2018-05-14 13:22:02 - [TEST_STEP][PASSED] - selectOptionByIndex: All options with index in [19] are selected on object 'Object Repository/MOH AND GRN/Page_KDMC - CMS/select_--Select--Adernaline 0.'

2018-05-14 13:22:02 - [MESSAGE][PASSED] - All options with index in [19] are selected on object 'Object Repository/MOH AND GRN/Page_KDMC - CMS/select_--Select--Adernaline 0.'

2018-05-14 13:22:02 - [TEST_STEP][PASSED] - setText: Text '5000' is set on object 'Object Repository/MOH AND GRN/Page_KDMC - CMS/input_txttreat'

2018-05-14 13:22:02 - [MESSAGE][PASSED] - Text '5000' is set on object 'Object Repository/MOH AND GRN/Page_KDMC - CMS/input_txttreat'

2018-05-14 13:22:02 - [TEST_STEP][PASSED] - click: Object: 'Object Repository/MOH AND GRN/Page_KDMC - CMS/button_Add' is clicked on

2018-05-14 13:22:03 - [MESSAGE][PASSED] - Object: 'Object Repository/MOH AND GRN/Page_KDMC - CMS/button_Add' is clicked on

2018-05-14 13:22:03 - [TEST_STEP][PASSED] - selectOptionByIndex: All options with index in [1] are selected on object 'Object Repository/MOH AND GRN/Page_KDMC - CMS/select_--Select--Schedule 1Inj'

2018-05-14 13:22:03 - [MESSAGE][PASSED] - All options with index in [1] are selected on object 'Object Repository/MOH AND GRN/Page_KDMC - CMS/select_--Select--Schedule 1Inj'

2018-05-14 13:22:03 - [TEST_STEP][PASSED] - selectOptionByIndex: All options with index in [20] are selected on object 'Object Repository/MOH AND GRN/Page_KDMC - CMS/select_--Select--Adernaline 0.'

2018-05-14 13:22:03 - [MESSAGE][PASSED] - All options with index in [20] are selected on object 'Object Repository/MOH AND GRN/Page_KDMC - CMS/select_--Select--Adernaline 0.'

2018-05-14 13:22:03 - [TEST_STEP][PASSED] - setText: Text '5000' is set on object 'Object Repository/MOH AND GRN/Page_KDMC - CMS/input_txttreat'

2018-05-14 13:22:03 - [MESSAGE][PASSED] - Text '5000' is set on object 'Object Repository/MOH AND GRN/Page_KDMC - CMS/input_txttreat'

2018-05-14 13:22:03 - [TEST_STEP][PASSED] - click: Object: 'Object Repository/MOH AND GRN/Page_KDMC - CMS/button_Add' is clicked on

2018-05-14 13:22:03 - [MESSAGE][PASSED] - Object: 'Object Repository/MOH AND GRN/Page_KDMC - CMS/button_Add' is clicked on

2018-05-14 13:22:03 - [TEST_STEP][PASSED] - selectOptionByIndex: All options with index in [1] are selected on object 'Object Repository/MOH AND GRN/Page_KDMC - CMS/select_--Select--Schedule 1Inj'

2018-05-14 13:22:03 - [MESSAGE][PASSED] - All options with index in [1] are selected on object 'Object Repository/MOH AND GRN/Page_KDMC - CMS/select_--Select--Schedule 1Inj'

2018-05-14 13:22:03 - [TEST_STEP][PASSED] - selectOptionByIndex: All options with index in [21] are selected on object 'Object Repository/MOH AND GRN/Page_KDMC - CMS/select_--Select--Adernaline 0.'

2018-05-14 13:22:04 - [MESSAGE][PASSED] - All options with index in [21] are selected on object 'Object Repository/MOH AND GRN/Page_KDMC - CMS/select_--Select--Adernaline 0.'

2018-05-14 13:22:04 - [TEST_STEP][PASSED] - setText: Text '5000' is set on object 'Object Repository/MOH AND GRN/Page_KDMC - CMS/input_txttreat'

2018-05-14 13:22:04 - [MESSAGE][PASSED] - Text '5000' is set on object 'Object Repository/MOH AND GRN/Page_KDMC - CMS/input_txttreat'

2018-05-14 13:22:04 - [TEST_STEP][PASSED] - click: Object: 'Object Repository/MOH AND GRN/Page_KDMC - CMS/button_Add' is clicked on

2018-05-14 13:22:04 - [MESSAGE][PASSED] - Object: 'Object Repository/MOH AND GRN/Page_KDMC - CMS/button_Add' is clicked on

2018-05-14 13:22:04 - [TEST_STEP][PASSED] - selectOptionByIndex: All options with index in [1] are selected on object 'Object Repository/MOH AND GRN/Page_KDMC - CMS/select_--Select--Schedule 1Inj'

2018-05-14 13:22:04 - [MESSAGE][PASSED] - All options with index in [1] are selected on object 'Object Repository/MOH AND GRN/Page_KDMC - CMS/select_--Select--Schedule 1Inj'

2018-05-14 13:22:04 - [TEST_STEP][PASSED] - selectOptionByIndex: All options with index in [22] are selected on object 'Object Repository/MOH AND GRN/Page_KDMC - CMS/select_--Select--Adernaline 0.'

2018-05-14 13:22:04 - [MESSAGE][PASSED] - All options with index in [22] are selected on object 'Object Repository/MOH AND GRN/Page_KDMC - CMS/select_--Select--Adernaline 0.'

2018-05-14 13:22:04 - [TEST_STEP][PASSED] - setText: Text '5000' is set on object 'Object Repository/MOH AND GRN/Page_KDMC - CMS/input_txttreat'

2018-05-14 13:22:04 - [MESSAGE][PASSED] - Text '5000' is set on object 'Object Repository/MOH AND GRN/Page_KDMC - CMS/input_txttreat'

2018-05-14 13:22:04 - [TEST_STEP][PASSED] - click: Object: 'Object Repository/MOH AND GRN/Page_KDMC - CMS/button_Add' is clicked on

2018-05-14 13:22:05 - [MESSAGE][PASSED] - Object: 'Object Repository/MOH AND GRN/Page_KDMC - CMS/button_Add' is clicked on

2018-05-14 13:22:05 - [TEST_STEP][PASSED] - selectOptionByIndex: All options with index in [1] are selected on object 'Object Repository/MOH AND GRN/Page_KDMC - CMS/select_--Select--Schedule 1Inj'

2018-05-14 13:22:05 - [MESSAGE][PASSED] - All options with index in [1] are selected on object 'Object Repository/MOH AND GRN/Page_KDMC - CMS/select_--Select--Schedule 1Inj'

2018-05-14 13:22:05 - [TEST_STEP][PASSED] - selectOptionByIndex: All options with index in [23] are selected on object 'Object Repository/MOH AND GRN/Page_KDMC - CMS/select_--Select--Adernaline 0.'

2018-05-14 13:22:05 - [MESSAGE][PASSED] - All options with index in [23] are selected on object 'Object Repository/MOH AND GRN/Page_KDMC - CMS/select_--Select--Adernaline 0.'

2018-05-14 13:22:05 - [TEST_STEP][PASSED] - setText: Text '5000' is set on object 'Object Repository/MOH AND GRN/Page_KDMC - CMS/input_txttreat'

2018-05-14 13:22:05 - [MESSAGE][PASSED] - Text '5000' is set on object 'Object Repository/MOH AND GRN/Page_KDMC - CMS/input_txttreat'

2018-05-14 13:22:05 - [TEST_STEP][PASSED] - click: Object: 'Object Repository/MOH AND GRN/Page_KDMC - CMS/button_Add' is clicked on

2018-05-14 13:22:05 - [MESSAGE][PASSED] - Object: 'Object Repository/MOH AND GRN/Page_KDMC - CMS/button_Add' is clicked on

2018-05-14 13:22:05 - [TEST_STEP][PASSED] - selectOptionByIndex: All options with index in [1] are selected on object 'Object Repository/MOH AND GRN/Page_KDMC - CMS/select_--Select--Schedule 1Inj'

2018-05-14 13:22:05 - [MESSAGE][PASSED] - All options with index in [1] are selected on object 'Object Repository/MOH AND GRN/Page_KDMC - CMS/select_--Select--Schedule 1Inj'

2018-05-14 13:22:05 - [TEST_STEP][PASSED] - selectOptionByIndex: All options with index in [24] are selected on object 'Object Repository/MOH AND GRN/Page_KDMC - CMS/select_--Select--Adernaline 0.'

2018-05-14 13:22:06 - [MESSAGE][PASSED] - All options with index in [24] are selected on object 'Object Repository/MOH AND GRN/Page_KDMC - CMS/select_--Select--Adernaline 0.'

2018-05-14 13:22:06 - [TEST_STEP][PASSED] - setText: Text '5000' is set on object 'Object Repository/MOH AND GRN/Page_KDMC - CMS/input_txttreat'

2018-05-14 13:22:06 - [MESSAGE][PASSED] - Text '5000' is set on object 'Object Repository/MOH AND GRN/Page_KDMC - CMS/input_txttreat'

2018-05-14 13:22:06 - [TEST_STEP][PASSED] - click: Object: 'Object Repository/MOH AND GRN/Page_KDMC - CMS/button_Add' is clicked on

2018-05-14 13:22:06 - [MESSAGE][PASSED] - Object: 'Object Repository/MOH AND GRN/Page_KDMC - CMS/button_Add' is clicked on

2018-05-14 13:22:06 - [TEST_STEP][PASSED] - selectOptionByIndex: All options with index in [1] are selected on object 'Object Repository/MOH AND GRN/Page_KDMC - CMS/select_--Select--Schedule 1Inj'

2018-05-14 13:22:06 - [MESSAGE][PASSED] - All options with index in [1] are selected on object 'Object Repository/MOH AND GRN/Page_KDMC - CMS/select_--Select--Schedule 1Inj'

2018-05-14 13:22:06 - [TEST_STEP][PASSED] - selectOptionByIndex: All options with index in [25] are selected on object 'Object Repository/MOH AND GRN/Page_KDMC - CMS/select_--Select--Adernaline 0.'

2018-05-14 13:22:06 - [MESSAGE][PASSED] - All options with index in [25] are selected on object 'Object Repository/MOH AND GRN/Page_KDMC - CMS/select_--Select--Adernaline 0.'

2018-05-14 13:22:06 - [TEST_STEP][PASSED] - setText: Text '5000' is set on object 'Object Repository/MOH AND GRN/Page_KDMC - CMS/input_txttreat'

2018-05-14 13:22:06 - [MESSAGE][PASSED] - Text '5000' is set on object 'Object Repository/MOH AND GRN/Page_KDMC - CMS/input_txttreat'

2018-05-14 13:22:06 - [TEST_STEP][PASSED] - click: Object: 'Object Repository/MOH AND GRN/Page_KDMC - CMS/button_Add' is clicked on

2018-05-14 13:22:07 - [MESSAGE][PASSED] - Object: 'Object Repository/MOH AND GRN/Page_KDMC - CMS/button_Add' is clicked on

2018-05-14 13:22:07 - [TEST_STEP][PASSED] - selectOptionByIndex: All options with index in [1] are selected on object 'Object Repository/MOH AND GRN/Page_KDMC - CMS/select_--Select--Schedule 1Inj'

2018-05-14 13:22:07 - [MESSAGE][PASSED] - All options with index in [1] are selected on object 'Object Repository/MOH AND GRN/Page_KDMC - CMS/select_--Select--Schedule 1Inj'

2018-05-14 13:22:07 - [TEST_STEP][PASSED] - selectOptionByIndex: All options with index in [26] are selected on object 'Object Repository/MOH AND GRN/Page_KDMC - CMS/select_--Select--Adernaline 0.'

2018-05-14 13:22:07 - [MESSAGE][PASSED] - All options with index in [26] are selected on object 'Object Repository/MOH AND GRN/Page_KDMC - CMS/select_--Select--Adernaline 0.'

2018-05-14 13:22:07 - [TEST_STEP][PASSED] - setText: Text '5000' is set on object 'Object Repository/MOH AND GRN/Page_KDMC - CMS/input_txttreat'

2018-05-14 13:22:07 - [MESSAGE][PASSED] - Text '5000' is set on object 'Object Repository/MOH AND GRN/Page_KDMC - CMS/input_txttreat'

2018-05-14 13:22:07 - [TEST_STEP][PASSED] - click: Object: 'Object Repository/MOH AND GRN/Page_KDMC - CMS/button_Add' is clicked on

2018-05-14 13:22:07 - [MESSAGE][PASSED] - Object: 'Object Repository/MOH AND GRN/Page_KDMC - CMS/button_Add' is clicked on

2018-05-14 13:22:07 - [TEST_STEP][PASSED] - selectOptionByIndex: All options with index in [1] are selected on object 'Object Repository/MOH AND GRN/Page_KDMC - CMS/select_--Select--Schedule 1Inj'

2018-05-14 13:22:07 - [MESSAGE][PASSED] - All options with index in [1] are selected on object 'Object Repository/MOH AND GRN/Page_KDMC - CMS/select_--Select--Schedule 1Inj'

2018-05-14 13:22:07 - [TEST_STEP][PASSED] - selectOptionByIndex: All options with index in [27] are selected on object 'Object Repository/MOH AND GRN/Page_KDMC - CMS/select_--Select--Adernaline 0.'

2018-05-14 13:22:08 - [MESSAGE][PASSED] - All options with index in [27] are selected on object 'Object Repository/MOH AND GRN/Page_KDMC - CMS/select_--Select--Adernaline 0.'

2018-05-14 13:22:08 - [TEST_STEP][PASSED] - setText: Text '5000' is set on object 'Object Repository/MOH AND GRN/Page_KDMC - CMS/input_txttreat'

2018-05-14 13:22:08 - [MESSAGE][PASSED] - Text '5000' is set on object 'Object Repository/MOH AND GRN/Page_KDMC - CMS/input_txttreat'

2018-05-14 13:22:08 - [TEST_STEP][PASSED] - click: Object: 'Object Repository/MOH AND GRN/Page_KDMC - CMS/button_Add' is clicked on

2018-05-14 13:22:08 - [MESSAGE][PASSED] - Object: 'Object Repository/MOH AND GRN/Page_KDMC - CMS/button_Add' is clicked on

2018-05-14 13:22:08 - [TEST_STEP][PASSED] - selectOptionByIndex: All options with index in [1] are selected on object 'Object Repository/MOH AND GRN/Page_KDMC - CMS/select_--Select--Schedule 1Inj'

2018-05-14 13:22:08 - [MESSAGE][PASSED] - All options with index in [1] are selected on object 'Object Repository/MOH AND GRN/Page_KDMC - CMS/select_--Select--Schedule 1Inj'

2018-05-14 13:22:08 - [TEST_STEP][PASSED] - selectOptionByIndex: All options with index in [28] are selected on object 'Object Repository/MOH AND GRN/Page_KDMC - CMS/select_--Select--Adernaline 0.'

2018-05-14 13:22:09 - [MESSAGE][PASSED] - All options with index in [28] are selected on object 'Object Repository/MOH AND GRN/Page_KDMC - CMS/select_--Select--Adernaline 0.'

2018-05-14 13:22:09 - [TEST_STEP][PASSED] - setText: Text '5000' is set on object 'Object Repository/MOH AND GRN/Page_KDMC - CMS/input_txttreat'

2018-05-14 13:22:09 - [MESSAGE][PASSED] - Text '5000' is set on object 'Object Repository/MOH AND GRN/Page_KDMC - CMS/input_txttreat'

2018-05-14 13:22:09 - [TEST_STEP][PASSED] - click: Object: 'Object Repository/MOH AND GRN/Page_KDMC - CMS/button_Add' is clicked on

2018-05-14 13:22:09 - [MESSAGE][PASSED] - Object: 'Object Repository/MOH AND GRN/Page_KDMC - CMS/button_Add' is clicked on

2018-05-14 13:22:09 - [TEST_STEP][PASSED] - selectOptionByIndex: All options with index in [1] are selected on object 'Object Repository/MOH AND GRN/Page_KDMC - CMS/select_--Select--Schedule 1Inj'

2018-05-14 13:22:09 - [MESSAGE][PASSED] - All options with index in [1] are selected on object 'Object Repository/MOH AND GRN/Page_KDMC - CMS/select_--Select--Schedule 1Inj'

2018-05-14 13:22:09 - [TEST_STEP][PASSED] - selectOptionByIndex: All options with index in [29] are selected on object 'Object Repository/MOH AND GRN/Page_KDMC - CMS/select_--Select--Adernaline 0.'

2018-05-14 13:22:09 - [MESSAGE][PASSED] - All options with index in [29] are selected on object 'Object Repository/MOH AND GRN/Page_KDMC - CMS/select_--Select--Adernaline 0.'

2018-05-14 13:22:09 - [TEST_STEP][PASSED] - setText: Text '5000' is set on object 'Object Repository/MOH AND GRN/Page_KDMC - CMS/input_txttreat'

2018-05-14 13:22:09 - [MESSAGE][PASSED] - Text '5000' is set on object 'Object Repository/MOH AND GRN/Page_KDMC - CMS/input_txttreat'

2018-05-14 13:22:09 - [TEST_STEP][PASSED] - click: Object: 'Object Repository/MOH AND GRN/Page_KDMC - CMS/button_Add' is clicked on

2018-05-14 13:22:09 - [MESSAGE][PASSED] - Object: 'Object Repository/MOH AND GRN/Page_KDMC - CMS/button_Add' is clicked on

2018-05-14 13:22:09 - [TEST_STEP][PASSED] - selectOptionByIndex: All options with index in [1] are selected on object 'Object Repository/MOH AND GRN/Page_KDMC - CMS/select_--Select--Schedule 1Inj'

2018-05-14 13:22:10 - [MESSAGE][PASSED] - All options with index in [1] are selected on object 'Object Repository/MOH AND GRN/Page_KDMC - CMS/select_--Select--Schedule 1Inj'

2018-05-14 13:22:10 - [TEST_STEP][PASSED] - selectOptionByIndex: All options with index in [30] are selected on object 'Object Repository/MOH AND GRN/Page_KDMC - CMS/select_--Select--Adernaline 0.'

2018-05-14 13:22:10 - [MESSAGE][PASSED] - All options with index in [30] are selected on object 'Object Repository/MOH AND GRN/Page_KDMC - CMS/select_--Select--Adernaline 0.'

2018-05-14 13:22:10 - [TEST_STEP][PASSED] - setText: Text '5000' is set on object 'Object Repository/MOH AND GRN/Page_KDMC - CMS/input_txttreat'

2018-05-14 13:22:10 - [MESSAGE][PASSED] - Text '5000' is set on object 'Object Repository/MOH AND GRN/Page_KDMC - CMS/input_txttreat'

2018-05-14 13:22:10 - [TEST_STEP][PASSED] - click: Object: 'Object Repository/MOH AND GRN/Page_KDMC - CMS/button_Add' is clicked on

2018-05-14 13:22:10 - [MESSAGE][PASSED] - Object: 'Object Repository/MOH AND GRN/Page_KDMC - CMS/button_Add' is clicked on

2018-05-14 13:22:10 - [TEST_STEP][PASSED] - selectOptionByIndex: All options with index in [1] are selected on object 'Object Repository/MOH AND GRN/Page_KDMC - CMS/select_--Select--Schedule 1Inj'

2018-05-14 13:22:10 - [MESSAGE][PASSED] - All options with index in [1] are selected on object 'Object Repository/MOH AND GRN/Page_KDMC - CMS/select_--Select--Schedule 1Inj'

2018-05-14 13:22:10 - [TEST_STEP][PASSED] - selectOptionByIndex: All options with index in [31] are selected on object 'Object Repository/MOH AND GRN/Page_KDMC - CMS/select_--Select--Adernaline 0.'

2018-05-14 13:22:11 - [MESSAGE][PASSED] - All options with index in [31] are selected on object 'Object Repository/MOH AND GRN/Page_KDMC - CMS/select_--Select--Adernaline 0.'

2018-05-14 13:22:11 - [TEST_STEP][PASSED] - setText: Text '5000' is set on object 'Object Repository/MOH AND GRN/Page_KDMC - CMS/input_txttreat'

2018-05-14 13:22:11 - [MESSAGE][PASSED] - Text '5000' is set on object 'Object Repository/MOH AND GRN/Page_KDMC - CMS/input_txttreat'

2018-05-14 13:22:11 - [TEST_STEP][PASSED] - click: Object: 'Object Repository/MOH AND GRN/Page_KDMC - CMS/button_Add' is clicked on

2018-05-14 13:22:11 - [MESSAGE][PASSED] - Object: 'Object Repository/MOH AND GRN/Page_KDMC - CMS/button_Add' is clicked on

2018-05-14 13:22:11 - [TEST_STEP][PASSED] - selectOptionByIndex: All options with index in [1] are selected on object 'Object Repository/MOH AND GRN/Page_KDMC - CMS/select_--Select--Schedule 1Inj'

2018-05-14 13:22:11 - [MESSAGE][PASSED] - All options with index in [1] are selected on object 'Object Repository/MOH AND GRN/Page_KDMC - CMS/select_--Select--Schedule 1Inj'

2018-05-14 13:22:11 - [TEST_STEP][PASSED] - selectOptionByIndex: All options with index in [32] are selected on object 'Object Repository/MOH AND GRN/Page_KDMC - CMS/select_--Select--Adernaline 0.'

2018-05-14 13:22:12 - [MESSAGE][PASSED] - All options with index in [32] are selected on object 'Object Repository/MOH AND GRN/Page_KDMC - CMS/select_--Select--Adernaline 0.'

2018-05-14 13:22:12 - [TEST_STEP][PASSED] - setText: Text '5000' is set on object 'Object Repository/MOH AND GRN/Page_KDMC - CMS/input_txttreat'

2018-05-14 13:22:12 - [MESSAGE][PASSED] - Text '5000' is set on object 'Object Repository/MOH AND GRN/Page_KDMC - CMS/input_txttreat'

2018-05-14 13:22:12 - [TEST_STEP][PASSED] - click: Object: 'Object Repository/MOH AND GRN/Page_KDMC - CMS/button_Add' is clicked on

2018-05-14 13:22:12 - [MESSAGE][PASSED] - Object: 'Object Repository/MOH AND GRN/Page_KDMC - CMS/button_Add' is clicked on

2018-05-14 13:22:12 - [TEST_STEP][PASSED] - selectOptionByIndex: All options with index in [1] are selected on object 'Object Repository/MOH AND GRN/Page_KDMC - CMS/select_--Select--Schedule 1Inj'

2018-05-14 13:22:12 - [MESSAGE][PASSED] - All options with index in [1] are selected on object 'Object Repository/MOH AND GRN/Page_KDMC - CMS/select_--Select--Schedule 1Inj'

2018-05-14 13:22:12 - [TEST_STEP][PASSED] - selectOptionByIndex: All options with index in [33] are selected on object 'Object Repository/MOH AND GRN/Page_KDMC - CMS/select_--Select--Adernaline 0.'

2018-05-14 13:22:12 - [MESSAGE][PASSED] - All options with index in [33] are selected on object 'Object Repository/MOH AND GRN/Page_KDMC - CMS/select_--Select--Adernaline 0.'

2018-05-14 13:22:12 - [TEST_STEP][PASSED] - setText: Text '5000' is set on object 'Object Repository/MOH AND GRN/Page_KDMC - CMS/input_txttreat'

2018-05-14 13:22:12 - [MESSAGE][PASSED] - Text '5000' is set on object 'Object Repository/MOH AND GRN/Page_KDMC - CMS/input_txttreat'

2018-05-14 13:22:12 - [TEST_STEP][PASSED] - click: Object: 'Object Repository/MOH AND GRN/Page_KDMC - CMS/button_Add' is clicked on

2018-05-14 13:22:12 - [MESSAGE][PASSED] - Object: 'Object Repository/MOH AND GRN/Page_KDMC - CMS/button_Add' is clicked on

2018-05-14 13:22:12 - [TEST_STEP][PASSED] - selectOptionByIndex: All options with index in [1] are selected on object 'Object Repository/MOH AND GRN/Page_KDMC - CMS/select_--Select--Schedule 1Inj'

2018-05-14 13:22:13 - [MESSAGE][PASSED] - All options with index in [1] are selected on object 'Object Repository/MOH AND GRN/Page_KDMC - CMS/select_--Select--Schedule 1Inj'

2018-05-14 13:22:13 - [TEST_STEP][PASSED] - selectOptionByIndex: All options with index in [34] are selected on object 'Object Repository/MOH AND GRN/Page_KDMC - CMS/select_--Select--Adernaline 0.'

2018-05-14 13:22:13 - [MESSAGE][PASSED] - All options with index in [34] are selected on object 'Object Repository/MOH AND GRN/Page_KDMC - CMS/select_--Select--Adernaline 0.'

2018-05-14 13:22:13 - [TEST_STEP][PASSED] - setText: Text '5000' is set on object 'Object Repository/MOH AND GRN/Page_KDMC - CMS/input_txttreat'

2018-05-14 13:22:13 - [MESSAGE][PASSED] - Text '5000' is set on object 'Object Repository/MOH AND GRN/Page_KDMC - CMS/input_txttreat'

2018-05-14 13:22:13 - [TEST_STEP][PASSED] - click: Object: 'Object Repository/MOH AND GRN/Page_KDMC - CMS/button_Add' is clicked on

2018-05-14 13:22:13 - [MESSAGE][PASSED] - Object: 'Object Repository/MOH AND GRN/Page_KDMC - CMS/button_Add' is clicked on

2018-05-14 13:22:13 - [TEST_STEP][PASSED] - selectOptionByIndex: All options with index in [1] are selected on object 'Object Repository/MOH AND GRN/Page_KDMC - CMS/select_--Select--Schedule 1Inj'

2018-05-14 13:22:13 - [MESSAGE][PASSED] - All options with index in [1] are selected on object 'Object Repository/MOH AND GRN/Page_KDMC - CMS/select_--Select--Schedule 1Inj'

2018-05-14 13:22:13 - [TEST_STEP][PASSED] - selectOptionByIndex: All options with index in [35] are selected on object 'Object Repository/MOH AND GRN/Page_KDMC - CMS/select_--Select--Adernaline 0.'

2018-05-14 13:22:14 - [MESSAGE][PASSED] - All options with index in [35] are selected on object 'Object Repository/MOH AND GRN/Page_KDMC - CMS/select_--Select--Adernaline 0.'

2018-05-14 13:22:14 - [TEST_STEP][PASSED] - setText: Text '5000' is set on object 'Object Repository/MOH AND GRN/Page_KDMC - CMS/input_txttreat'

2018-05-14 13:22:14 - [MESSAGE][PASSED] - Text '5000' is set on object 'Object Repository/MOH AND GRN/Page_KDMC - CMS/input_txttreat'

2018-05-14 13:22:14 - [TEST_STEP][PASSED] - click: Object: 'Object Repository/MOH AND GRN/Page_KDMC - CMS/button_Add' is clicked on

2018-05-14 13:22:14 - [MESSAGE][PASSED] - Object: 'Object Repository/MOH AND GRN/Page_KDMC - CMS/button_Add' is clicked on

2018-05-14 13:22:14 - [TEST_STEP][PASSED] - selectOptionByIndex: All options with index in [1] are selected on object 'Object Repository/MOH AND GRN/Page_KDMC - CMS/select_--Select--Schedule 1Inj'

2018-05-14 13:22:14 - [MESSAGE][PASSED] - All options with index in [1] are selected on object 'Object Repository/MOH AND GRN/Page_KDMC - CMS/select_--Select--Schedule 1Inj'

2018-05-14 13:22:14 - [TEST_STEP][PASSED] - selectOptionByIndex: All options with index in [36] are selected on object 'Object Repository/MOH AND GRN/Page_KDMC - CMS/select_--Select--Adernaline 0.'

2018-05-14 13:22:15 - [MESSAGE][PASSED] - All options with index in [36] are selected on object 'Object Repository/MOH AND GRN/Page_KDMC - CMS/select_--Select--Adernaline 0.'

2018-05-14 13:22:15 - [TEST_STEP][PASSED] - setText: Text '5000' is set on object 'Object Repository/MOH AND GRN/Page_KDMC - CMS/input_txttreat'

2018-05-14 13:22:15 - [MESSAGE][PASSED] - Text '5000' is set on object 'Object Repository/MOH AND GRN/Page_KDMC - CMS/input_txttreat'

2018-05-14 13:22:15 - [TEST_STEP][PASSED] - click: Object: 'Object Repository/MOH AND GRN/Page_KDMC - CMS/button_Add' is clicked on

2018-05-14 13:22:15 - [MESSAGE][PASSED] - Object: 'Object Repository/MOH AND GRN/Page_KDMC - CMS/button_Add' is clicked on

2018-05-14 13:22:15 - [TEST_STEP][PASSED] - selectOptionByIndex: All options with index in [1] are selected on object 'Object Repository/MOH AND GRN/Page_KDMC - CMS/select_--Select--Schedule 1Inj'

2018-05-14 13:22:15 - [MESSAGE][PASSED] - All options with index in [1] are selected on object 'Object Repository/MOH AND GRN/Page_KDMC - CMS/select_--Select--Schedule 1Inj'

2018-05-14 13:22:15 - [TEST_STEP][PASSED] - selectOptionByIndex: All options with index in [37] are selected on object 'Object Repository/MOH AND GRN/Page_KDMC - CMS/select_--Select--Adernaline 0.'

2018-05-14 13:22:15 - [MESSAGE][PASSED] - All options with index in [37] are selected on object 'Object Repository/MOH AND GRN/Page_KDMC - CMS/select_--Select--Adernaline 0.'

2018-05-14 13:22:15 - [TEST_STEP][PASSED] - setText: Text '5000' is set on object 'Object Repository/MOH AND GRN/Page_KDMC - CMS/input_txttreat'

2018-05-14 13:22:16 - [MESSAGE][PASSED] - Text '5000' is set on object 'Object Repository/MOH AND GRN/Page_KDMC - CMS/input_txttreat'

2018-05-14 13:22:16 - [TEST_STEP][PASSED] - click: Object: 'Object Repository/MOH AND GRN/Page_KDMC - CMS/button_Add' is clicked on

2018-05-14 13:22:16 - [MESSAGE][PASSED] - Object: 'Object Repository/MOH AND GRN/Page_KDMC - CMS/button_Add' is clicked on

2018-05-14 13:22:16 - [TEST_STEP][PASSED] - selectOptionByIndex: All options with index in [1] are selected on object 'Object Repository/MOH AND GRN/Page_KDMC - CMS/select_--Select--Schedule 1Inj'

2018-05-14 13:22:16 - [MESSAGE][PASSED] - All options with index in [1] are selected on object 'Object Repository/MOH AND GRN/Page_KDMC - CMS/select_--Select--Schedule 1Inj'

2018-05-14 13:22:16 - [TEST_STEP][PASSED] - selectOptionByIndex: All options with index in [38] are selected on object 'Object Repository/MOH AND GRN/Page_KDMC - CMS/select_--Select--Adernaline 0.'

2018-05-14 13:22:16 - [MESSAGE][PASSED] - All options with index in [38] are selected on object 'Object Repository/MOH AND GRN/Page_KDMC - CMS/select_--Select--Adernaline 0.'

2018-05-14 13:22:16 - [TEST_STEP][PASSED] - setText: Text '5000' is set on object 'Object Repository/MOH AND GRN/Page_KDMC - CMS/input_txttreat'

2018-05-14 13:22:16 - [MESSAGE][PASSED] - Text '5000' is set on object 'Object Repository/MOH AND GRN/Page_KDMC - CMS/input_txttreat'

2018-05-14 13:22:16 - [TEST_STEP][PASSED] - click: Object: 'Object Repository/MOH AND GRN/Page_KDMC - CMS/button_Add' is clicked on

2018-05-14 13:22:17 - [MESSAGE][PASSED] - Object: 'Object Repository/MOH AND GRN/Page_KDMC - CMS/button_Add' is clicked on

2018-05-14 13:22:17 - [TEST_STEP][PASSED] - selectOptionByIndex: All options with index in [1] are selected on object 'Object Repository/MOH AND GRN/Page_KDMC - CMS/select_--Select--Schedule 1Inj'

2018-05-14 13:22:17 - [MESSAGE][PASSED] - All options with index in [1] are selected on object 'Object Repository/MOH AND GRN/Page_KDMC - CMS/select_--Select--Schedule 1Inj'

2018-05-14 13:22:17 - [TEST_STEP][PASSED] - selectOptionByIndex: All options with index in [39] are selected on object 'Object Repository/MOH AND GRN/Page_KDMC - CMS/select_--Select--Adernaline 0.'

2018-05-14 13:22:17 - [MESSAGE][PASSED] - All options with index in [39] are selected on object 'Object Repository/MOH AND GRN/Page_KDMC - CMS/select_--Select--Adernaline 0.'

2018-05-14 13:22:17 - [TEST_STEP][PASSED] - setText: Text '5000' is set on object 'Object Repository/MOH AND GRN/Page_KDMC - CMS/input_txttreat'

2018-05-14 13:22:17 - [MESSAGE][PASSED] - Text '5000' is set on object 'Object Repository/MOH AND GRN/Page_KDMC - CMS/input_txttreat'

2018-05-14 13:22:17 - [TEST_STEP][PASSED] - click: Object: 'Object Repository/MOH AND GRN/Page_KDMC - CMS/button_Add' is clicked on

2018-05-14 13:22:17 - [MESSAGE][PASSED] - Object: 'Object Repository/MOH AND GRN/Page_KDMC - CMS/button_Add' is clicked on

2018-05-14 13:22:17 - [TEST_STEP][PASSED] - selectOptionByIndex: All options with index in [1] are selected on object 'Object Repository/MOH AND GRN/Page_KDMC - CMS/select_--Select--Schedule 1Inj'

2018-05-14 13:22:18 - [MESSAGE][PASSED] - All options with index in [1] are selected on object 'Object Repository/MOH AND GRN/Page_KDMC - CMS/select_--Select--Schedule 1Inj'

2018-05-14 13:22:18 - [TEST_STEP][PASSED] - selectOptionByIndex: All options with index in [40] are selected on object 'Object Repository/MOH AND GRN/Page_KDMC - CMS/select_--Select--Adernaline 0.'

2018-05-14 13:22:18 - [MESSAGE][PASSED] - All options with index in [40] are selected on object 'Object Repository/MOH AND GRN/Page_KDMC - CMS/select_--Select--Adernaline 0.'

2018-05-14 13:22:18 - [TEST_STEP][PASSED] - setText: Text '5000' is set on object 'Object Repository/MOH AND GRN/Page_KDMC - CMS/input_txttreat'

2018-05-14 13:22:18 - [MESSAGE][PASSED] - Text '5000' is set on object 'Object Repository/MOH AND GRN/Page_KDMC - CMS/input_txttreat'

2018-05-14 13:22:18 - [TEST_STEP][PASSED] - click: Object: 'Object Repository/MOH AND GRN/Page_KDMC - CMS/button_Add' is clicked on

2018-05-14 13:22:18 - [MESSAGE][PASSED] - Object: 'Object Repository/MOH AND GRN/Page_KDMC - CMS/button_Add' is clicked on

2018-05-14 13:22:18 - [TEST_STEP][PASSED] - selectOptionByIndex: All options with index in [1] are selected on object 'Object Repository/MOH AND GRN/Page_KDMC - CMS/select_--Select--Schedule 1Inj'

2018-05-14 13:22:18 - [MESSAGE][PASSED] - All options with index in [1] are selected on object 'Object Repository/MOH AND GRN/Page_KDMC - CMS/select_--Select--Schedule 1Inj'

2018-05-14 13:22:18 - [TEST_STEP][PASSED] - selectOptionByIndex: All options with index in [41] are selected on object 'Object Repository/MOH AND GRN/Page_KDMC - CMS/select_--Select--Adernaline 0.'

2018-05-14 13:22:19 - [MESSAGE][PASSED] - All options with index in [41] are selected on object 'Object Repository/MOH AND GRN/Page_KDMC - CMS/select_--Select--Adernaline 0.'

2018-05-14 13:22:19 - [TEST_STEP][PASSED] - setText: Text '5000' is set on object 'Object Repository/MOH AND GRN/Page_KDMC - CMS/input_txttreat'

2018-05-14 13:22:19 - [MESSAGE][PASSED] - Text '5000' is set on object 'Object Repository/MOH AND GRN/Page_KDMC - CMS/input_txttreat'

2018-05-14 13:22:19 - [TEST_STEP][PASSED] - click: Object: 'Object Repository/MOH AND GRN/Page_KDMC - CMS/button_Add' is clicked on

2018-05-14 13:22:19 - [MESSAGE][PASSED] - Object: 'Object Repository/MOH AND GRN/Page_KDMC - CMS/button_Add' is clicked on

2018-05-14 13:22:19 - [TEST_STEP][PASSED] - selectOptionByIndex: All options with index in [1] are selected on object 'Object Repository/MOH AND GRN/Page_KDMC - CMS/select_--Select--Schedule 1Inj'

2018-05-14 13:22:19 - [MESSAGE][PASSED] - All options with index in [1] are selected on object 'Object Repository/MOH AND GRN/Page_KDMC - CMS/select_--Select--Schedule 1Inj'

2018-05-14 13:22:19 - [TEST_STEP][PASSED] - selectOptionByIndex: All options with index in [42] are selected on object 'Object Repository/MOH AND GRN/Page_KDMC - CMS/select_--Select--Adernaline 0.'

2018-05-14 13:22:20 - [MESSAGE][PASSED] - All options with index in [42] are selected on object 'Object Repository/MOH AND GRN/Page_KDMC - CMS/select_--Select--Adernaline 0.'

2018-05-14 13:22:20 - [TEST_STEP][PASSED] - setText: Text '5000' is set on object 'Object Repository/MOH AND GRN/Page_KDMC - CMS/input_txttreat'

2018-05-14 13:22:20 - [MESSAGE][PASSED] - Text '5000' is set on object 'Object Repository/MOH AND GRN/Page_KDMC - CMS/input_txttreat'

2018-05-14 13:22:20 - [TEST_STEP][PASSED] - click: Object: 'Object Repository/MOH AND GRN/Page_KDMC - CMS/button_Add' is clicked on

2018-05-14 13:22:20 - [MESSAGE][PASSED] - Object: 'Object Repository/MOH AND GRN/Page_KDMC - CMS/button_Add' is clicked on

2018-05-14 13:22:20 - [TEST_STEP][PASSED] - selectOptionByIndex: All options with index in [1] are selected on object 'Object Repository/MOH AND GRN/Page_KDMC - CMS/select_--Select--Schedule 1Inj'

2018-05-14 13:22:20 - [MESSAGE][PASSED] - All options with index in [1] are selected on object 'Object Repository/MOH AND GRN/Page_KDMC - CMS/select_--Select--Schedule 1Inj'

2018-05-14 13:22:20 - [TEST_STEP][PASSED] - selectOptionByIndex: All options with index in [43] are selected on object 'Object Repository/MOH AND GRN/Page_KDMC - CMS/select_--Select--Adernaline 0.'

2018-05-14 13:22:21 - [MESSAGE][PASSED] - All options with index in [43] are selected on object 'Object Repository/MOH AND GRN/Page_KDMC - CMS/select_--Select--Adernaline 0.'

2018-05-14 13:22:21 - [TEST_STEP][PASSED] - setText: Text '5000' is set on object 'Object Repository/MOH AND GRN/Page_KDMC - CMS/input_txttreat'

2018-05-14 13:22:21 - [MESSAGE][PASSED] - Text '5000' is set on object 'Object Repository/MOH AND GRN/Page_KDMC - CMS/input_txttreat'

2018-05-14 13:22:21 - [TEST_STEP][PASSED] - click: Object: 'Object Repository/MOH AND GRN/Page_KDMC - CMS/button_Add' is clicked on

2018-05-14 13:22:21 - [MESSAGE][PASSED] - Object: 'Object Repository/MOH AND GRN/Page_KDMC - CMS/button_Add' is clicked on

2018-05-14 13:22:21 - [TEST_STEP][PASSED] - selectOptionByIndex: All options with index in [1] are selected on object 'Object Repository/MOH AND GRN/Page_KDMC - CMS/select_--Select--Schedule 1Inj'

2018-05-14 13:22:21 - [MESSAGE][PASSED] - All options with index in [1] are selected on object 'Object Repository/MOH AND GRN/Page_KDMC - CMS/select_--Select--Schedule 1Inj'

2018-05-14 13:22:21 - [TEST_STEP][PASSED] - selectOptionByIndex: All options with index in [44] are selected on object 'Object Repository/MOH AND GRN/Page_KDMC - CMS/select_--Select--Adernaline 0.'

2018-05-14 13:22:22 - [MESSAGE][PASSED] - All options with index in [44] are selected on object 'Object Repository/MOH AND GRN/Page_KDMC - CMS/select_--Select--Adernaline 0.'

2018-05-14 13:22:22 - [TEST_STEP][PASSED] - setText: Text '5000' is set on object 'Object Repository/MOH AND GRN/Page_KDMC - CMS/input_txttreat'

2018-05-14 13:22:22 - [MESSAGE][PASSED] - Text '5000' is set on object 'Object Repository/MOH AND GRN/Page_KDMC - CMS/input_txttreat'

2018-05-14 13:22:22 - [TEST_STEP][PASSED] - click: Object: 'Object Repository/MOH AND GRN/Page_KDMC - CMS/button_Add' is clicked on

2018-05-14 13:22:22 - [MESSAGE][PASSED] - Object: 'Object Repository/MOH AND GRN/Page_KDMC - CMS/button_Add' is clicked on

2018-05-14 13:22:22 - [TEST_STEP][PASSED] - selectOptionByIndex: All options with index in [1] are selected on object 'Object Repository/MOH AND GRN/Page_KDMC - CMS/select_--Select--Schedule 1Inj'

2018-05-14 13:22:22 - [MESSAGE][PASSED] - All options with index in [1] are selected on object 'Object Repository/MOH AND GRN/Page_KDMC - CMS/select_--Select--Schedule 1Inj'

2018-05-14 13:22:22 - [TEST_STEP][PASSED] - selectOptionByIndex: All options with index in [45] are selected on object 'Object Repository/MOH AND GRN/Page_KDMC - CMS/select_--Select--Adernaline 0.'

2018-05-14 13:22:23 - [MESSAGE][PASSED] - All options with index in [45] are selected on object 'Object Repository/MOH AND GRN/Page_KDMC - CMS/select_--Select--Adernaline 0.'

2018-05-14 13:22:23 - [TEST_STEP][PASSED] - setText: Text '5000' is set on object 'Object Repository/MOH AND GRN/Page_KDMC - CMS/input_txttreat'

2018-05-14 13:22:23 - [MESSAGE][PASSED] - Text '5000' is set on object 'Object Repository/MOH AND GRN/Page_KDMC - CMS/input_txttreat'

2018-05-14 13:22:23 - [TEST_STEP][PASSED] - click: Object: 'Object Repository/MOH AND GRN/Page_KDMC - CMS/button_Add' is clicked on

2018-05-14 13:22:23 - [MESSAGE][PASSED] - Object: 'Object Repository/MOH AND GRN/Page_KDMC - CMS/button_Add' is clicked on

2018-05-14 13:22:23 - [TEST_STEP][PASSED] - selectOptionByIndex: All options with index in [1] are selected on object 'Object Repository/MOH AND GRN/Page_KDMC - CMS/select_--Select--Schedule 1Inj'

2018-05-14 13:22:23 - [MESSAGE][PASSED] - All options with index in [1] are selected on object 'Object Repository/MOH AND GRN/Page_KDMC - CMS/select_--Select--Schedule 1Inj'

2018-05-14 13:22:23 - [TEST_STEP][PASSED] - selectOptionByIndex: All options with index in [46] are selected on object 'Object Repository/MOH AND GRN/Page_KDMC - CMS/select_--Select--Adernaline 0.'

2018-05-14 13:22:24 - [MESSAGE][PASSED] - All options with index in [46] are selected on object 'Object Repository/MOH AND GRN/Page_KDMC - CMS/select_--Select--Adernaline 0.'

2018-05-14 13:22:24 - [TEST_STEP][PASSED] - setText: Text '5000' is set on object 'Object Repository/MOH AND GRN/Page_KDMC - CMS/input_txttreat'

2018-05-14 13:22:24 - [MESSAGE][PASSED] - Text '5000' is set on object 'Object Repository/MOH AND GRN/Page_KDMC - CMS/input_txttreat'

2018-05-14 13:22:24 - [TEST_STEP][PASSED] - click: Object: 'Object Repository/MOH AND GRN/Page_KDMC - CMS/button_Add' is clicked on

2018-05-14 13:22:24 - [MESSAGE][PASSED] - Object: 'Object Repository/MOH AND GRN/Page_KDMC - CMS/button_Add' is clicked on

2018-05-14 13:22:24 - [TEST_STEP][PASSED] - selectOptionByIndex: All options with index in [1] are selected on object 'Object Repository/MOH AND GRN/Page_KDMC - CMS/select_--Select--Schedule 1Inj'

2018-05-14 13:22:24 - [MESSAGE][PASSED] - All options with index in [1] are selected on object 'Object Repository/MOH AND GRN/Page_KDMC - CMS/select_--Select--Schedule 1Inj'

2018-05-14 13:22:24 - [TEST_STEP][PASSED] - selectOptionByIndex: All options with index in [47] are selected on object 'Object Repository/MOH AND GRN/Page_KDMC - CMS/select_--Select--Adernaline 0.'

2018-05-14 13:22:25 - [MESSAGE][PASSED] - All options with index in [47] are selected on object 'Object Repository/MOH AND GRN/Page_KDMC - CMS/select_--Select--Adernaline 0.'

2018-05-14 13:22:25 - [TEST_STEP][PASSED] - setText: Text '5000' is set on object 'Object Repository/MOH AND GRN/Page_KDMC - CMS/input_txttreat'

2018-05-14 13:22:25 - [MESSAGE][PASSED] - Text '5000' is set on object 'Object Repository/MOH AND GRN/Page_KDMC - CMS/input_txttreat'

2018-05-14 13:22:25 - [TEST_STEP][PASSED] - click: Object: 'Object Repository/MOH AND GRN/Page_KDMC - CMS/button_Add' is clicked on

2018-05-14 13:22:25 - [MESSAGE][PASSED] - Object: 'Object Repository/MOH AND GRN/Page_KDMC - CMS/button_Add' is clicked on

2018-05-14 13:22:25 - [TEST_STEP][PASSED] - selectOptionByIndex: All options with index in [1] are selected on object 'Object Repository/MOH AND GRN/Page_KDMC - CMS/select_--Select--Schedule 1Inj'

2018-05-14 13:22:25 - [MESSAGE][PASSED] - All options with index in [1] are selected on object 'Object Repository/MOH AND GRN/Page_KDMC - CMS/select_--Select--Schedule 1Inj'

2018-05-14 13:22:25 - [TEST_STEP][PASSED] - selectOptionByIndex: All options with index in [48] are selected on object 'Object Repository/MOH AND GRN/Page_KDMC - CMS/select_--Select--Adernaline 0.'

2018-05-14 13:22:25 - [MESSAGE][PASSED] - All options with index in [48] are selected on object 'Object Repository/MOH AND GRN/Page_KDMC - CMS/select_--Select--Adernaline 0.'

2018-05-14 13:22:25 - [TEST_STEP][PASSED] - setText: Text '5000' is set on object 'Object Repository/MOH AND GRN/Page_KDMC - CMS/input_txttreat'

2018-05-14 13:22:26 - [MESSAGE][PASSED] - Text '5000' is set on object 'Object Repository/MOH AND GRN/Page_KDMC - CMS/input_txttreat'

2018-05-14 13:22:26 - [TEST_STEP][PASSED] - click: Object: 'Object Repository/MOH AND GRN/Page_KDMC - CMS/button_Add' is clicked on

2018-05-14 13:22:26 - [MESSAGE][PASSED] - Object: 'Object Repository/MOH AND GRN/Page_KDMC - CMS/button_Add' is clicked on

2018-05-14 13:22:26 - [TEST_STEP][PASSED] - selectOptionByIndex: All options with index in [1] are selected on object 'Object Repository/MOH AND GRN/Page_KDMC - CMS/select_--Select--Schedule 1Inj'

2018-05-14 13:22:26 - [MESSAGE][PASSED] - All options with index in [1] are selected on object 'Object Repository/MOH AND GRN/Page_KDMC - CMS/select_--Select--Schedule 1Inj'

2018-05-14 13:22:26 - [TEST_STEP][PASSED] - selectOptionByIndex: All options with index in [49] are selected on object 'Object Repository/MOH AND GRN/Page_KDMC - CMS/select_--Select--Adernaline 0.'

2018-05-14 13:22:26 - [MESSAGE][PASSED] - All options with index in [49] are selected on object 'Object Repository/MOH AND GRN/Page_KDMC - CMS/select_--Select--Adernaline 0.'

2018-05-14 13:22:26 - [TEST_STEP][PASSED] - setText: Text '5000' is set on object 'Object Repository/MOH AND GRN/Page_KDMC - CMS/input_txttreat'

2018-05-14 13:22:26 - [MESSAGE][PASSED] - Text '5000' is set on object 'Object Repository/MOH AND GRN/Page_KDMC - CMS/input_txttreat'

2018-05-14 13:22:26 - [TEST_STEP][PASSED] - click: Object: 'Object Repository/MOH AND GRN/Page_KDMC - CMS/button_Add' is clicked on

2018-05-14 13:22:27 - [MESSAGE][PASSED] - Object: 'Object Repository/MOH AND GRN/Page_KDMC - CMS/button_Add' is clicked on

2018-05-14 13:22:27 - [TEST_STEP][PASSED] - selectOptionByIndex: All options with index in [1] are selected on object 'Object Repository/MOH AND GRN/Page_KDMC - CMS/select_--Select--Schedule 1Inj'

2018-05-14 13:22:27 - [MESSAGE][PASSED] - All options with index in [1] are selected on object 'Object Repository/MOH AND GRN/Page_KDMC - CMS/select_--Select--Schedule 1Inj'

2018-05-14 13:22:27 - [TEST_STEP][PASSED] - selectOptionByIndex: All options with index in [50] are selected on object 'Object Repository/MOH AND GRN/Page_KDMC - CMS/select_--Select--Adernaline 0.'

2018-05-14 13:22:27 - [MESSAGE][PASSED] - All options with index in [50] are selected on object 'Object Repository/MOH AND GRN/Page_KDMC - CMS/select_--Select--Adernaline 0.'

2018-05-14 13:22:27 - [TEST_STEP][PASSED] - setText: Text '5000' is set on object 'Object Repository/MOH AND GRN/Page_KDMC - CMS/input_txttreat'

2018-05-14 13:22:27 - [MESSAGE][PASSED] - Text '5000' is set on object 'Object Repository/MOH AND GRN/Page_KDMC - CMS/input_txttreat'

2018-05-14 13:22:27 - [TEST_STEP][PASSED] - click: Object: 'Object Repository/MOH AND GRN/Page_KDMC - CMS/button_Add' is clicked on

2018-05-14 13:22:28 - [MESSAGE][PASSED] - Object: 'Object Repository/MOH AND GRN/Page_KDMC - CMS/button_Add' is clicked on

2018-05-14 13:22:28 - [TEST_STEP][PASSED] - selectOptionByIndex: All options with index in [1] are selected on object 'Object Repository/MOH AND GRN/Page_KDMC - CMS/select_--Select--Schedule 1Inj'

2018-05-14 13:22:28 - [MESSAGE][PASSED] - All options with index in [1] are selected on object 'Object Repository/MOH AND GRN/Page_KDMC - CMS/select_--Select--Schedule 1Inj'

2018-05-14 13:22:28 - [TEST_STEP][PASSED] - selectOptionByIndex: All options with index in [51] are selected on object 'Object Repository/MOH AND GRN/Page_KDMC - CMS/select_--Select--Adernaline 0.'

2018-05-14 13:22:28 - [MESSAGE][PASSED] - All options with index in [51] are selected on object 'Object Repository/MOH AND GRN/Page_KDMC - CMS/select_--Select--Adernaline 0.'

2018-05-14 13:22:28 - [TEST_STEP][PASSED] - setText: Text '5000' is set on object 'Object Repository/MOH AND GRN/Page_KDMC - CMS/input_txttreat'

2018-05-14 13:22:28 - [MESSAGE][PASSED] - Text '5000' is set on object 'Object Repository/MOH AND GRN/Page_KDMC - CMS/input_txttreat'

2018-05-14 13:22:28 - [TEST_STEP][PASSED] - click: Object: 'Object Repository/MOH AND GRN/Page_KDMC - CMS/button_Add' is clicked on

2018-05-14 13:22:29 - [MESSAGE][PASSED] - Object: 'Object Repository/MOH AND GRN/Page_KDMC - CMS/button_Add' is clicked on

2018-05-14 13:22:29 - [TEST_STEP][PASSED] - selectOptionByIndex: All options with index in [1] are selected on object 'Object Repository/MOH AND GRN/Page_KDMC - CMS/select_--Select--Schedule 1Inj'

2018-05-14 13:22:29 - [MESSAGE][PASSED] - All options with index in [1] are selected on object 'Object Repository/MOH AND GRN/Page_KDMC - CMS/select_--Select--Schedule 1Inj'

2018-05-14 13:22:29 - [TEST_STEP][PASSED] - selectOptionByIndex: All options with index in [52] are selected on object 'Object Repository/MOH AND GRN/Page_KDMC - CMS/select_--Select--Adernaline 0.'

2018-05-14 13:22:29 - [MESSAGE][PASSED] - All options with index in [52] are selected on object 'Object Repository/MOH AND GRN/Page_KDMC - CMS/select_--Select--Adernaline 0.'

2018-05-14 13:22:29 - [TEST_STEP][PASSED] - setText: Text '5000' is set on object 'Object Repository/MOH AND GRN/Page_KDMC - CMS/input_txttreat'

2018-05-14 13:22:29 - [MESSAGE][PASSED] - Text '5000' is set on object 'Object Repository/MOH AND GRN/Page_KDMC - CMS/input_txttreat'

2018-05-14 13:22:29 - [TEST_STEP][PASSED] - click: Object: 'Object Repository/MOH AND GRN/Page_KDMC - CMS/button_Add' is clicked on

2018-05-14 13:22:29 - [MESSAGE][PASSED] - Object: 'Object Repository/MOH AND GRN/Page_KDMC - CMS/button_Add' is clicked on

2018-05-14 13:22:29 - [TEST_STEP][PASSED] - selectOptionByIndex: All options with index in [1] are selected on object 'Object Repository/MOH AND GRN/Page_KDMC - CMS/select_--Select--Schedule 1Inj'

2018-05-14 13:22:30 - [MESSAGE][PASSED] - All options with index in [1] are selected on object 'Object Repository/MOH AND GRN/Page_KDMC - CMS/select_--Select--Schedule 1Inj'

2018-05-14 13:22:30 - [TEST_STEP][PASSED] - selectOptionByIndex: All options with index in [53] are selected on object 'Object Repository/MOH AND GRN/Page_KDMC - CMS/select_--Select--Adernaline 0.'

2018-05-14 13:22:30 - [MESSAGE][PASSED] - All options with index in [53] are selected on object 'Object Repository/MOH AND GRN/Page_KDMC - CMS/select_--Select--Adernaline 0.'

2018-05-14 13:22:30 - [TEST_STEP][PASSED] - setText: Text '5000' is set on object 'Object Repository/MOH AND GRN/Page_KDMC - CMS/input_txttreat'

2018-05-14 13:22:30 - [MESSAGE][PASSED] - Text '5000' is set on object 'Object Repository/MOH AND GRN/Page_KDMC - CMS/input_txttreat'

2018-05-14 13:22:30 - [TEST_STEP][PASSED] - click: Object: 'Object Repository/MOH AND GRN/Page_KDMC - CMS/button_Add' is clicked on

2018-05-14 13:22:31 - [MESSAGE][PASSED] - Object: 'Object Repository/MOH AND GRN/Page_KDMC - CMS/button_Add' is clicked on

2018-05-14 13:22:31 - [TEST_STEP][PASSED] - selectOptionByIndex: All options with index in [1] are selected on object 'Object Repository/MOH AND GRN/Page_KDMC - CMS/select_--Select--Schedule 1Inj'

2018-05-14 13:22:31 - [MESSAGE][PASSED] - All options with index in [1] are selected on object 'Object Repository/MOH AND GRN/Page_KDMC - CMS/select_--Select--Schedule 1Inj'

2018-05-14 13:22:31 - [TEST_STEP][PASSED] - selectOptionByIndex: All options with index in [54] are selected on object 'Object Repository/MOH AND GRN/Page_KDMC - CMS/select_--Select--Adernaline 0.'

2018-05-14 13:22:31 - [MESSAGE][PASSED] - All options with index in [54] are selected on object 'Object Repository/MOH AND GRN/Page_KDMC - CMS/select_--Select--Adernaline 0.'

2018-05-14 13:22:31 - [TEST_STEP][PASSED] - setText: Text '5000' is set on object 'Object Repository/MOH AND GRN/Page_KDMC - CMS/input_txttreat'

2018-05-14 13:22:31 - [MESSAGE][PASSED] - Text '5000' is set on object 'Object Repository/MOH AND GRN/Page_KDMC - CMS/input_txttreat'

2018-05-14 13:22:31 - [TEST_STEP][PASSED] - click: Object: 'Object Repository/MOH AND GRN/Page_KDMC - CMS/button_Add' is clicked on

2018-05-14 13:22:31 - [MESSAGE][PASSED] - Object: 'Object Repository/MOH AND GRN/Page_KDMC - CMS/button_Add' is clicked on

2018-05-14 13:22:31 - [TEST_STEP][PASSED] - selectOptionByIndex: All options with index in [1] are selected on object 'Object Repository/MOH AND GRN/Page_KDMC - CMS/select_--Select--Schedule 1Inj'

2018-05-14 13:22:32 - [MESSAGE][PASSED] - All options with index in [1] are selected on object 'Object Repository/MOH AND GRN/Page_KDMC - CMS/select_--Select--Schedule 1Inj'

2018-05-14 13:22:32 - [TEST_STEP][PASSED] - selectOptionByIndex: All options with index in [55] are selected on object 'Object Repository/MOH AND GRN/Page_KDMC - CMS/select_--Select--Adernaline 0.'

2018-05-14 13:22:32 - [MESSAGE][PASSED] - All options with index in [55] are selected on object 'Object Repository/MOH AND GRN/Page_KDMC - CMS/select_--Select--Adernaline 0.'

2018-05-14 13:22:32 - [TEST_STEP][PASSED] - setText: Text '5000' is set on object 'Object Repository/MOH AND GRN/Page_KDMC - CMS/input_txttreat'

2018-05-14 13:22:32 - [MESSAGE][PASSED] - Text '5000' is set on object 'Object Repository/MOH AND GRN/Page_KDMC - CMS/input_txttreat'

2018-05-14 13:22:32 - [TEST_STEP][PASSED] - click: Object: 'Object Repository/MOH AND GRN/Page_KDMC - CMS/button_Add' is clicked on

2018-05-14 13:22:32 - [MESSAGE][PASSED] - Object: 'Object Repository/MOH AND GRN/Page_KDMC - CMS/button_Add' is clicked on

2018-05-14 13:22:32 - [TEST_STEP][PASSED] - selectOptionByIndex: All options with index in [1] are selected on object 'Object Repository/MOH AND GRN/Page_KDMC - CMS/select_--Select--Schedule 1Inj'

2018-05-14 13:22:33 - [MESSAGE][PASSED] - All options with index in [1] are selected on object 'Object Repository/MOH AND GRN/Page_KDMC - CMS/select_--Select--Schedule 1Inj'

2018-05-14 13:22:33 - [TEST_STEP][PASSED] - selectOptionByIndex: All options with index in [56] are selected on object 'Object Repository/MOH AND GRN/Page_KDMC - CMS/select_--Select--Adernaline 0.'

2018-05-14 13:22:33 - [MESSAGE][PASSED] - All options with index in [56] are selected on object 'Object Repository/MOH AND GRN/Page_KDMC - CMS/select_--Select--Adernaline 0.'

2018-05-14 13:22:33 - [TEST_STEP][PASSED] - setText: Text '5000' is set on object 'Object Repository/MOH AND GRN/Page_KDMC - CMS/input_txttreat'

2018-05-14 13:22:33 - [MESSAGE][PASSED] - Text '5000' is set on object 'Object Repository/MOH AND GRN/Page_KDMC - CMS/input_txttreat'

2018-05-14 13:22:33 - [TEST_STEP][PASSED] - click: Object: 'Object Repository/MOH AND GRN/Page_KDMC - CMS/button_Add' is clicked on

2018-05-14 13:22:33 - [MESSAGE][PASSED] - Object: 'Object Repository/MOH AND GRN/Page_KDMC - CMS/button_Add' is clicked on

2018-05-14 13:22:33 - [TEST_STEP][PASSED] - selectOptionByIndex: All options with index in [1] are selected on object 'Object Repository/MOH AND GRN/Page_KDMC - CMS/select_--Select--Schedule 1Inj'

2018-05-14 13:22:34 - [MESSAGE][PASSED] - All options with index in [1] are selected on object 'Object Repository/MOH AND GRN/Page_KDMC - CMS/select_--Select--Schedule 1Inj'

2018-05-14 13:22:34 - [TEST_STEP][PASSED] - selectOptionByIndex: All options with index in [57] are selected on object 'Object Repository/MOH AND GRN/Page_KDMC - CMS/select_--Select--Adernaline 0.'

2018-05-14 13:22:34 - [MESSAGE][PASSED] - All options with index in [57] are selected on object 'Object Repository/MOH AND GRN/Page_KDMC - CMS/select_--Select--Adernaline 0.'

2018-05-14 13:22:34 - [TEST_STEP][PASSED] - setText: Text '5000' is set on object 'Object Repository/MOH AND GRN/Page_KDMC - CMS/input_txttreat'

2018-05-14 13:22:34 - [MESSAGE][PASSED] - Text '5000' is set on object 'Object Repository/MOH AND GRN/Page_KDMC - CMS/input_txttreat'

2018-05-14 13:22:34 - [TEST_STEP][PASSED] - click: Object: 'Object Repository/MOH AND GRN/Page_KDMC - CMS/button_Add' is clicked on

2018-05-14 13:22:35 - [MESSAGE][PASSED] - Object: 'Object Repository/MOH AND GRN/Page_KDMC - CMS/button_Add' is clicked on

2018-05-14 13:22:35 - [TEST_STEP][PASSED] - selectOptionByIndex: All options with index in [1] are selected on object 'Object Repository/MOH AND GRN/Page_KDMC - CMS/select_--Select--Schedule 1Inj'

2018-05-14 13:22:35 - [MESSAGE][PASSED] - All options with index in [1] are selected on object 'Object Repository/MOH AND GRN/Page_KDMC - CMS/select_--Select--Schedule 1Inj'

2018-05-14 13:22:35 - [TEST_STEP][PASSED] - selectOptionByIndex: All options with index in [58] are selected on object 'Object Repository/MOH AND GRN/Page_KDMC - CMS/select_--Select--Adernaline 0.'

2018-05-14 13:22:35 - [MESSAGE][PASSED] - All options with index in [58] are selected on object 'Object Repository/MOH AND GRN/Page_KDMC - CMS/select_--Select--Adernaline 0.'

2018-05-14 13:22:35 - [TEST_STEP][PASSED] - setText: Text '5000' is set on object 'Object Repository/MOH AND GRN/Page_KDMC - CMS/input_txttreat'

2018-05-14 13:22:35 - [MESSAGE][PASSED] - Text '5000' is set on object 'Object Repository/MOH AND GRN/Page_KDMC - CMS/input_txttreat'

2018-05-14 13:22:35 - [TEST_STEP][PASSED] - click: Object: 'Object Repository/MOH AND GRN/Page_KDMC - CMS/button_Add' is clicked on

2018-05-14 13:22:36 - [MESSAGE][PASSED] - Object: 'Object Repository/MOH AND GRN/Page_KDMC - CMS/button_Add' is clicked on

2018-05-14 13:22:36 - [TEST_STEP][PASSED] - selectOptionByIndex: All options with index in [1] are selected on object 'Object Repository/MOH AND GRN/Page_KDMC - CMS/select_--Select--Schedule 1Inj'

2018-05-14 13:22:36 - [MESSAGE][PASSED] - All options with index in [1] are selected on object 'Object Repository/MOH AND GRN/Page_KDMC - CMS/select_--Select--Schedule 1Inj'

2018-05-14 13:22:36 - [TEST_STEP][PASSED] - selectOptionByIndex: All options with index in [59] are selected on object 'Object Repository/MOH AND GRN/Page_KDMC - CMS/select_--Select--Adernaline 0.'

2018-05-14 13:22:37 - [MESSAGE][PASSED] - All options with index in [59] are selected on object 'Object Repository/MOH AND GRN/Page_KDMC - CMS/select_--Select--Adernaline 0.'

2018-05-14 13:22:37 - [TEST_STEP][PASSED] - setText: Text '5000' is set on object 'Object Repository/MOH AND GRN/Page_KDMC - CMS/input_txttreat'

2018-05-14 13:22:37 - [MESSAGE][PASSED] - Text '5000' is set on object 'Object Repository/MOH AND GRN/Page_KDMC - CMS/input_txttreat'

2018-05-14 13:22:37 - [TEST_STEP][PASSED] - click: Object: 'Object Repository/MOH AND GRN/Page_KDMC - CMS/button_Add' is clicked on

2018-05-14 13:22:37 - [MESSAGE][PASSED] - Object: 'Object Repository/MOH AND GRN/Page_KDMC - CMS/button_Add' is clicked on

2018-05-14 13:22:37 - [TEST_STEP][PASSED] - selectOptionByIndex: All options with index in [1] are selected on object 'Object Repository/MOH AND GRN/Page_KDMC - CMS/select_--Select--Schedule 1Inj'

2018-05-14 13:22:37 - [MESSAGE][PASSED] - All options with index in [1] are selected on object 'Object Repository/MOH AND GRN/Page_KDMC - CMS/select_--Select--Schedule 1Inj'

2018-05-14 13:22:37 - [TEST_STEP][PASSED] - selectOptionByIndex: All options with index in [60] are selected on object 'Object Repository/MOH AND GRN/Page_KDMC - CMS/select_--Select--Adernaline 0.'

2018-05-14 13:22:38 - [MESSAGE][PASSED] - All options with index in [60] are selected on object 'Object Repository/MOH AND GRN/Page_KDMC - CMS/select_--Select--Adernaline 0.'

2018-05-14 13:22:38 - [TEST_STEP][PASSED] - setText: Text '5000' is set on object 'Object Repository/MOH AND GRN/Page_KDMC - CMS/input_txttreat'

2018-05-14 13:22:38 - [MESSAGE][PASSED] - Text '5000' is set on object 'Object Repository/MOH AND GRN/Page_KDMC - CMS/input_txttreat'

2018-05-14 13:22:38 - [TEST_STEP][PASSED] - click: Object: 'Object Repository/MOH AND GRN/Page_KDMC - CMS/button_Add' is clicked on

2018-05-14 13:22:38 - [MESSAGE][PASSED] - Object: 'Object Repository/MOH AND GRN/Page_KDMC - CMS/button_Add' is clicked on

2018-05-14 13:22:38 - [TEST_STEP][PASSED] - selectOptionByIndex: All options with index in [1] are selected on object 'Object Repository/MOH AND GRN/Page_KDMC - CMS/select_--Select--Schedule 1Inj'

2018-05-14 13:22:38 - [MESSAGE][PASSED] - All options with index in [1] are selected on object 'Object Repository/MOH AND GRN/Page_KDMC - CMS/select_--Select--Schedule 1Inj'

2018-05-14 13:22:38 - [TEST_STEP][PASSED] - selectOptionByIndex: All options with index in [61] are selected on object 'Object Repository/MOH AND GRN/Page_KDMC - CMS/select_--Select--Adernaline 0.'

2018-05-14 13:22:39 - [MESSAGE][PASSED] - All options with index in [61] are selected on object 'Object Repository/MOH AND GRN/Page_KDMC - CMS/select_--Select--Adernaline 0.'

2018-05-14 13:22:39 - [TEST_STEP][PASSED] - setText: Text '5000' is set on object 'Object Repository/MOH AND GRN/Page_KDMC - CMS/input_txttreat'

2018-05-14 13:22:39 - [MESSAGE][PASSED] - Text '5000' is set on object 'Object Repository/MOH AND GRN/Page_KDMC - CMS/input_txttreat'

2018-05-14 13:22:39 - [TEST_STEP][PASSED] - click: Object: 'Object Repository/MOH AND GRN/Page_KDMC - CMS/button_Add' is clicked on

2018-05-14 13:22:39 - [MESSAGE][PASSED] - Object: 'Object Repository/MOH AND GRN/Page_KDMC - CMS/button_Add' is clicked on

2018-05-14 13:22:39 - [TEST_STEP][PASSED] - selectOptionByIndex: All options with index in [1] are selected on object 'Object Repository/MOH AND GRN/Page_KDMC - CMS/select_--Select--Schedule 1Inj'

2018-05-14 13:22:39 - [MESSAGE][PASSED] - All options with index in [1] are selected on object 'Object Repository/MOH AND GRN/Page_KDMC - CMS/select_--Select--Schedule 1Inj'

2018-05-14 13:22:39 - [TEST_STEP][PASSED] - selectOptionByIndex: All options with index in [62] are selected on object 'Object Repository/MOH AND GRN/Page_KDMC - CMS/select_--Select--Adernaline 0.'

2018-05-14 13:22:40 - [MESSAGE][PASSED] - All options with index in [62] are selected on object 'Object Repository/MOH AND GRN/Page_KDMC - CMS/select_--Select--Adernaline 0.'

2018-05-14 13:22:40 - [TEST_STEP][PASSED] - setText: Text '5000' is set on object 'Object Repository/MOH AND GRN/Page_KDMC - CMS/input_txttreat'

2018-05-14 13:22:40 - [MESSAGE][PASSED] - Text '5000' is set on object 'Object Repository/MOH AND GRN/Page_KDMC - CMS/input_txttreat'

2018-05-14 13:22:40 - [TEST_STEP][PASSED] - click: Object: 'Object Repository/MOH AND GRN/Page_KDMC - CMS/button_Add' is clicked on

2018-05-14 13:22:40 - [MESSAGE][PASSED] - Object: 'Object Repository/MOH AND GRN/Page_KDMC - CMS/button_Add' is clicked on

2018-05-14 13:22:40 - [TEST_STEP][PASSED] - selectOptionByIndex: All options with index in [1] are selected on object 'Object Repository/MOH AND GRN/Page_KDMC - CMS/select_--Select--Schedule 1Inj'

2018-05-14 13:22:40 - [MESSAGE][PASSED] - All options with index in [1] are selected on object 'Object Repository/MOH AND GRN/Page_KDMC - CMS/select_--Select--Schedule 1Inj'

2018-05-14 13:22:40 - [TEST_STEP][PASSED] - selectOptionByIndex: All options with index in [63] are selected on object 'Object Repository/MOH AND GRN/Page_KDMC - CMS/select_--Select--Adernaline 0.'

2018-05-14 13:22:41 - [MESSAGE][PASSED] - All options with index in [63] are selected on object 'Object Repository/MOH AND GRN/Page_KDMC - CMS/select_--Select--Adernaline 0.'

2018-05-14 13:22:41 - [TEST_STEP][PASSED] - setText: Text '5000' is set on object 'Object Repository/MOH AND GRN/Page_KDMC - CMS/input_txttreat'

2018-05-14 13:22:41 - [MESSAGE][PASSED] - Text '5000' is set on object 'Object Repository/MOH AND GRN/Page_KDMC - CMS/input_txttreat'

2018-05-14 13:22:41 - [TEST_STEP][PASSED] - click: Object: 'Object Repository/MOH AND GRN/Page_KDMC - CMS/button_Add' is clicked on

2018-05-14 13:22:41 - [MESSAGE][PASSED] - Object: 'Object Repository/MOH AND GRN/Page_KDMC - CMS/button_Add' is clicked on

2018-05-14 13:22:41 - [TEST_STEP][PASSED] - scrollToElement: Scroll to object 'Object Repository/MOH AND GRN/Page_KDMC - CMS/input_btnsave' successfully

2018-05-14 13:22:41 - [MESSAGE][PASSED] - Scroll to object 'Object Repository/MOH AND GRN/Page_KDMC - CMS/input_btnsave' successfully

2018-05-14 13:22:41 - [TEST_STEP][PASSED] - click: Object: 'Object Repository/MOH AND GRN/Page_KDMC - CMS/input_btnsave' is clicked on

2018-05-14 13:22:41 - [MESSAGE][PASSED] - Object: 'Object Repository/MOH AND GRN/Page_KDMC - CMS/input_btnsave' is clicked on

2018-05-14 13:22:41 - [TEST_STEP][PASSED] - delay: Delayed 3 second(s)

2018-05-14 13:22:44 - [MESSAGE][PASSED] - Delayed 3 second(s)

2018-05-14 13:22:44 - [TEST_STEP][PASSED] - Statement - Request1 = com.kms.katalon.core.webui.keyword.WebUiBuiltInKeywords.getText(com.kms.katalon.core.testobject.ObjectRepository.findTestObject(MOH AND GRN/Page_KDMC - CMS/font_PRNO0505201876)): Text of object 'Object Repository/MOH AND GRN/Page_KDMC - CMS/font_PRNO0505201876' is: 'PRNO/14052018/233'

2018-05-14 13:22:44 - [MESSAGE][PASSED] - Text of object 'Object Repository/MOH AND GRN/Page_KDMC - CMS/font_PRNO0505201876' is: 'PRNO/14052018/233'

2018-05-14 13:22:44 - [TEST_STEP][PASSED] - Statement - out.println("Length OF The Medicine " + Request1): null

2018-05-14 13:22:44 - [TEST_STEP][PASSED] - Statement - RequestNUmber = Request1.split("/")[2].trim(): null

2018-05-14 13:22:44 - [TEST_STEP][PASSED] - Statement - out.println("ID IS " + RequestNUmber): null

2018-05-14 13:22:44 - [TEST_STEP][PASSED] - delay: Delayed 3 second(s)

2018-05-14 13:22:47 - [MESSAGE][PASSED] - Delayed 3 second(s)

2018-05-14 13:22:47 - [TEST_STEP][PASSED] - click: Object: 'Object Repository/MOH AND GRN/Page_KDMC - CMS/button_OK' is clicked on

2018-05-14 13:22:48 - [MESSAGE][PASSED] - Object: 'Object Repository/MOH AND GRN/Page_KDMC - CMS/button_OK' is clicked on

2018-05-14 13:22:48 - [TEST_STEP][PASSED] - click: Object: 'Object Repository/MOH AND GRN/Page_KDMC - CMS/a_dropdown-toggle' is clicked on

2018-05-14 13:22:49 - [MESSAGE][PASSED] - Object: 'Object Repository/MOH AND GRN/Page_KDMC - CMS/a_dropdown-toggle' is clicked on

2018-05-14 13:22:49 - [TEST_STEP][PASSED] - click: Object: 'Object Repository/MOH AND GRN/Page_KDMC - CMS/a_Sign out' is clicked on

2018-05-14 13:22:50 - [MESSAGE][PASSED] - Object: 'Object Repository/MOH AND GRN/Page_KDMC - CMS/a_Sign out' is clicked on

2018-05-14 13:22:50 - [TEST_STEP][PASSED] - delay: Delayed 4 second(s)

2018-05-14 13:22:54 - [MESSAGE][PASSED] - Delayed 4 second(s)

2018-05-14 13:22:54 - [TEST_STEP][PASSED] - click: Object: 'Object Repository/MOH AND GRN/Page_KDMC/a_Admin Master' is clicked on

2018-05-14 13:22:54 - [MESSAGE][PASSED] - Object: 'Object Repository/MOH AND GRN/Page_KDMC/a_Admin Master' is clicked on

2018-05-14 13:22:54 - [TEST_STEP][PASSED] - setText: Text 'admin' is set on object 'Object Repository/MOH AND GRN/Page_Admin login/input_txtusername'

2018-05-14 13:22:54 - [MESSAGE][PASSED] - Text 'admin' is set on object 'Object Repository/MOH AND GRN/Page_Admin login/input_txtusername'

2018-05-14 13:22:54 - [TEST_STEP][PASSED] - setText: Text 'admin123' is set on object 'Object Repository/MOH AND GRN/Page_Admin login/input_txtpassword'

2018-05-14 13:22:54 - [MESSAGE][PASSED] - Text 'admin123' is set on object 'Object Repository/MOH AND GRN/Page_Admin login/input_txtpassword'

2018-05-14 13:22:54 - [TEST_STEP][PASSED] - delay: Delayed 3 second(s)

2018-05-14 13:22:57 - [MESSAGE][PASSED] - Delayed 3 second(s)

2018-05-14 13:22:57 - [TEST_STEP][PASSED] - click: Object: 'Object Repository/MOH AND GRN/Page_Admin login/button_Sign in' is clicked on

2018-05-14 13:22:59 - [MESSAGE][PASSED] - Object: 'Object Repository/MOH AND GRN/Page_Admin login/button_Sign in' is clicked on

2018-05-14 13:22:59 - [TEST_STEP][PASSED] - delay: Delayed 20 second(s)

2018-05-14 13:23:19 - [MESSAGE][PASSED] - Delayed 20 second(s)

2018-05-14 13:23:19 - [TEST_STEP][PASSED] - scrollToPosition: Browser is scrolled to position x = 200, y = 200

2018-05-14 13:23:19 - [MESSAGE][PASSED] - Browser is scrolled to position x = 200, y = 200

2018-05-14 13:23:19 - [TEST_STEP][PASSED] - click: Object: 'Object Repository/MOH AND GRN/Page_KDMC/a_CMS_1' is clicked on

2018-05-14 13:23:19 - [MESSAGE][PASSED] - Object: 'Object Repository/MOH AND GRN/Page_KDMC/a_CMS_1' is clicked on

2018-05-14 13:23:19 - [TEST_STEP][PASSED] - click: Object: 'Object Repository/MOH AND GRN/Page_KDMC/a_Request List' is clicked on

2018-05-14 13:23:21 - [MESSAGE][PASSED] - Object: 'Object Repository/MOH AND GRN/Page_KDMC/a_Request List' is clicked on

2018-05-14 13:23:21 - [TEST_STEP][PASSED] - Statement - RequestNumberId = com.kms.katalon.core.webui.keyword.WebUiBuiltInKeywords.modifyObjectProperty(com.kms.katalon.core.testobject.ObjectRepository.findTestObject(MOH AND GRN/Page_KDMC - CMS/input_PO0032), "xpath", "equals", "//*[@id =" + RequestNUmber + "]", true): Modify property of object successfully

2018-05-14 13:23:21 - [MESSAGE][PASSED] - Modify property of object successfully

2018-05-14 13:23:21 - [TEST_STEP][PASSED] - click: Object: 'Object Repository/MOH AND GRN/Page_KDMC - CMS/input_PO0032' is clicked on

2018-05-14 13:23:21 - [MESSAGE][PASSED] - Object: 'Object Repository/MOH AND GRN/Page_KDMC - CMS/input_PO0032' is clicked on

2018-05-14 13:23:21 - [TEST_STEP][PASSED] - delay: Delayed 3 second(s)

2018-05-14 13:23:24 - [MESSAGE][PASSED] - Delayed 3 second(s)

2018-05-14 13:23:24 - [TEST_STEP][PASSED] - selectOptionByIndex: All options with index in [1] are selected on object 'Object Repository/MOH AND GRN/Page_KDMC/select_--Select--'

2018-05-14 13:23:24 - [MESSAGE][PASSED] - All options with index in [1] are selected on object 'Object Repository/MOH AND GRN/Page_KDMC/select_--Select--'

2018-05-14 13:23:24 - [TEST_STEP][PASSED] - click: Object: 'Object Repository/MOH AND GRN/Page_KDMC/input_btnupdate' is clicked on

2018-05-14 13:23:24 - [MESSAGE][PASSED] - Object: 'Object Repository/MOH AND GRN/Page_KDMC/input_btnupdate' is clicked on

2018-05-14 13:23:24 - [TEST_STEP][PASSED] - delay: Delayed 3 second(s)

2018-05-14 13:23:27 - [MESSAGE][PASSED] - Delayed 3 second(s)

2018-05-14 13:23:27 - [TEST_STEP][PASSED] - click: Object: 'Object Repository/MOH AND GRN/Page_KDMC/button_OK' is clicked on

2018-05-14 13:23:28 - [MESSAGE][PASSED] - Object: 'Object Repository/MOH AND GRN/Page_KDMC/button_OK' is clicked on

2018-05-14 13:23:28 - [TEST_STEP][PASSED] - delay: Delayed 3 second(s)

2018-05-14 13:23:31 - [MESSAGE][PASSED] - Delayed 3 second(s)

2018-05-14 13:23:31 - [TEST_STEP][PASSED] - scrollToPosition: Browser is scrolled to position x = 200, y = 200

2018-05-14 13:23:31 - [MESSAGE][PASSED] - Browser is scrolled to position x = 200, y = 200

2018-05-14 13:23:31 - [TEST_STEP][PASSED] - click: Object: 'Object Repository/MOH AND GRN/Page_KDMC/a_CMS_2' is clicked on

2018-05-14 13:23:31 - [MESSAGE][PASSED] - Object: 'Object Repository/MOH AND GRN/Page_KDMC/a_CMS_2' is clicked on

2018-05-14 13:23:31 - [TEST_STEP][PASSED] - delay: Delayed 2 second(s)

2018-05-14 13:23:33 - [MESSAGE][PASSED] - Delayed 2 second(s)

2018-05-14 13:23:33 - [TEST_STEP][PASSED] - click: Object: 'Object Repository/MOH AND GRN/Page_KDMC/a_Generate P.O' is clicked on

2018-05-14 13:23:33 - [MESSAGE][PASSED] - Object: 'Object Repository/MOH AND GRN/Page_KDMC/a_Generate P.O' is clicked on

2018-05-14 13:23:33 - [TEST_STEP][PASSED] - delay: Delayed 2 second(s)

2018-05-14 13:23:35 - [MESSAGE][PASSED] - Delayed 2 second(s)

2018-05-14 13:23:35 - [TEST_STEP][PASSED] - selectOptionByIndex: All options with index in [1] are selected on object 'Object Repository/MOH AND GRN/Page_KDMC/select_--Select--PRNO040520183'

2018-05-14 13:23:36 - [MESSAGE][PASSED] - All options with index in [1] are selected on object 'Object Repository/MOH AND GRN/Page_KDMC/select_--Select--PRNO040520183'

2018-05-14 13:23:36 - [TEST_STEP][PASSED] - selectOptionByIndex: All options with index in [7] are selected on object 'Object Repository/MOH AND GRN/Page_KDMC/select_--Select--Hamen Chandra'

2018-05-14 13:23:36 - [MESSAGE][PASSED] - All options with index in [7] are selected on object 'Object Repository/MOH AND GRN/Page_KDMC/select_--Select--Hamen Chandra'

2018-05-14 13:23:36 - [TEST_STEP][PASSED] - Statement - PONumber = com.kms.katalon.core.webui.keyword.WebUiBuiltInKeywords.getText(com.kms.katalon.core.testobject.ObjectRepository.findTestObject(MOH AND GRN/Page_KDMC/input_lblpono)).trim(): Text of object 'Object Repository/MOH AND GRN/Page_KDMC/input_lblpono' is: ''

2018-05-14 13:23:36 - [MESSAGE][PASSED] - Text of object 'Object Repository/MOH AND GRN/Page_KDMC/input_lblpono' is: ''

2018-05-14 13:23:36 - [TEST_STEP][PASSED] - Statement - PONumber1 = com.kms.katalon.core.webui.keyword.WebUiBuiltInKeywords.getAttribute(com.kms.katalon.core.testobject.ObjectRepository.findTestObject(MOH AND GRN/Page_KDMC/input_lblpono), "value").trim(): Attribute 'value' of object 'Object Repository/MOH AND GRN/Page_KDMC/input_lblpono' is: 'PO00114'

2018-05-14 13:23:36 - [MESSAGE][PASSED] - Attribute 'value' of object 'Object Repository/MOH AND GRN/Page_KDMC/input_lblpono' is: 'PO00114'

2018-05-14 13:23:36 - [TEST_STEP][PASSED] - Statement - out.println("PO NUMBER :" + PONumber): null

2018-05-14 13:23:36 - [TEST_STEP][PASSED] - Statement - out.println("PO NUMBER :" + PONumber1): null

2018-05-14 13:23:36 - [TEST_STEP][PASSED] - click: Object: 'Object Repository/MOH AND GRN/Page_KDMC/input_chkrem' is clicked on

2018-05-14 13:23:36 - [MESSAGE][PASSED] - Object: 'Object Repository/MOH AND GRN/Page_KDMC/input_chkrem' is clicked on

2018-05-14 13:23:36 - [TEST_STEP][PASSED] - scrollToElement: Scroll to object 'Object Repository/MOH AND GRN/Page_KDMC/input_btnreturn' successfully

2018-05-14 13:23:36 - [MESSAGE][PASSED] - Scroll to object 'Object Repository/MOH AND GRN/Page_KDMC/input_btnreturn' successfully

2018-05-14 13:23:36 - [TEST_STEP][PASSED] - click: Object: 'Object Repository/MOH AND GRN/Page_KDMC/input_btnreturn' is clicked on

2018-05-14 13:23:36 - [MESSAGE][PASSED] - Object: 'Object Repository/MOH AND GRN/Page_KDMC/input_btnreturn' is clicked on

2018-05-14 13:23:36 - [TEST_STEP][PASSED] - delay: Delayed 3 second(s)

2018-05-14 13:23:39 - [MESSAGE][PASSED] - Delayed 3 second(s)

2018-05-14 13:23:39 - [TEST_STEP][PASSED] - click: Object: 'Object Repository/MOH AND GRN/Page_KDMC/button_Yes' is clicked on

2018-05-14 13:23:40 - [MESSAGE][PASSED] - Object: 'Object Repository/MOH AND GRN/Page_KDMC/button_Yes' is clicked on

2018-05-14 13:23:40 - [TEST_STEP][PASSED] - delay: Delayed 3 second(s)

2018-05-14 13:23:43 - [MESSAGE][PASSED] - Delayed 3 second(s)

2018-05-14 13:23:43 - [TEST_STEP][PASSED] - click: Object: 'Object Repository/MOH AND GRN/Page_KDMC/button_OK' is clicked on

2018-05-14 13:23:43 - [MESSAGE][PASSED] - Object: 'Object Repository/MOH AND GRN/Page_KDMC/button_OK' is clicked on

2018-05-14 13:23:43 - [TEST_STEP][PASSED] - delay: Delayed 3 second(s)

2018-05-14 13:23:46 - [MESSAGE][PASSED] - Delayed 3 second(s)

2018-05-14 13:23:46 - [TEST_STEP][PASSED] - click: Object: 'Object Repository/MOH AND GRN/Page_KDMC/a_dropdown-toggle' is clicked on

2018-05-14 13:23:46 - [MESSAGE][PASSED] - Object: 'Object Repository/MOH AND GRN/Page_KDMC/a_dropdown-toggle' is clicked on

2018-05-14 13:23:46 - [TEST_STEP][PASSED] - click: Object: 'Object Repository/MOH AND GRN/Page_KDMC/a_Sign out' is clicked on

2018-05-14 13:23:47 - [MESSAGE][PASSED] - Object: 'Object Repository/MOH AND GRN/Page_KDMC/a_Sign out' is clicked on

2018-05-14 13:23:47 - [TEST_STEP][PASSED] - delay: Delayed 4 second(s)

2018-05-14 13:23:51 - [MESSAGE][PASSED] - Delayed 4 second(s)

2018-05-14 13:23:51 - [TEST_STEP][PASSED] - click: Object: 'Object Repository/MOH AND GRN/Page_KDMC/a_CMS' is clicked on

2018-05-14 13:23:52 - [MESSAGE][PASSED] - Object: 'Object Repository/MOH AND GRN/Page_KDMC/a_CMS' is clicked on

2018-05-14 13:23:52 - [TEST_STEP][PASSED] - setText: Text 'bala' is set on object 'Object Repository/MOH AND GRN/Page_CMS login/input_txtusername'

2018-05-14 13:23:52 - [MESSAGE][PASSED] - Text 'bala' is set on object 'Object Repository/MOH AND GRN/Page_CMS login/input_txtusername'

2018-05-14 13:23:52 - [TEST_STEP][PASSED] - setText: Text '123' is set on object 'Object Repository/MOH AND GRN/Page_CMS login/input_txtpassword'

2018-05-14 13:23:52 - [MESSAGE][PASSED] - Text '123' is set on object 'Object Repository/MOH AND GRN/Page_CMS login/input_txtpassword'

2018-05-14 13:23:52 - [TEST_STEP][PASSED] - delay: Delayed 3 second(s)

2018-05-14 13:23:55 - [MESSAGE][PASSED] - Delayed 3 second(s)

2018-05-14 13:23:55 - [TEST_STEP][PASSED] - click: Object: 'Object Repository/MOH AND GRN/Page_CMS login/button_Sign in' is clicked on

2018-05-14 13:23:56 - [MESSAGE][PASSED] - Object: 'Object Repository/MOH AND GRN/Page_CMS login/button_Sign in' is clicked on

2018-05-14 13:23:56 - [TEST_STEP][PASSED] - click: Object: 'Object Repository/MOH AND GRN/Page_KDMC - CMS/a_CMS Details' is clicked on

2018-05-14 13:23:56 - [MESSAGE][PASSED] - Object: 'Object Repository/MOH AND GRN/Page_KDMC - CMS/a_CMS Details' is clicked on

2018-05-14 13:23:56 - [TEST_STEP][PASSED] - delay: Delayed 2 second(s)

2018-05-14 13:23:58 - [MESSAGE][PASSED] - Delayed 2 second(s)

2018-05-14 13:23:58 - [TEST_STEP][PASSED] - click: Object: 'Object Repository/MOH AND GRN/Page_KDMC - CMS/a_Goods Receive' is clicked on

2018-05-14 13:23:59 - [MESSAGE][PASSED] - Object: 'Object Repository/MOH AND GRN/Page_KDMC - CMS/a_Goods Receive' is clicked on

2018-05-14 13:23:59 - [TEST_STEP][PASSED] - delay: Delayed 2 second(s)

2018-05-14 13:24:01 - [MESSAGE][PASSED] - Delayed 2 second(s)

2018-05-14 13:24:01 - [TEST_STEP][PASSED] - selectOptionByLabel: All options with label 'PO00114' are selected in object 'Object Repository/MOH AND GRN/Page_KDMC - CMS/select_--Select--PO0032PO0031P' 

2018-05-14 13:24:01 - [MESSAGE][PASSED] - All options with label 'PO00114' are selected in object 'Object Repository/MOH AND GRN/Page_KDMC - CMS/select_--Select--PO0032PO0031P' 

2018-05-14 13:24:01 - [TEST_STEP][PASSED] - setText: Finding Test Object with id 'Object Repository/MOH AND GRN/Page_KDMC - CMS/input_txtgrnno'

2018-05-14 13:24:01 - [TEST_STEP][PASSED] - Statement - switch (id): Text 'INV424.0' is set on object 'Object Repository/MOH AND GRN/Page_KDMC - CMS/input_txtgrnno'

2018-05-14 13:24:01 - [TEST_STEP][PASSED] - Statement - case 2:: Text 'INV424.0' is set on object 'Object Repository/MOH AND GRN/Page_KDMC - CMS/input_txtgrnno'

2018-05-14 13:24:01 - [TEST_STEP][PASSED] - Statement - return (java.lang.Math.floor((java.lang.Math.random() * ((max - min) + 1))) + min): Text 'INV424.0' is set on object 'Object Repository/MOH AND GRN/Page_KDMC - CMS/input_txtgrnno'

2018-05-14 13:24:02 - [MESSAGE][PASSED] - Text 'INV424.0' is set on object 'Object Repository/MOH AND GRN/Page_KDMC - CMS/input_txtgrnno'

2018-05-14 13:24:02 - [TEST_STEP][PASSED] - selectOptionByIndex: All options with index in [1] are selected on object 'Object Repository/MOH AND GRN/Page_KDMC - CMS/select_--Select--PERUMAL PHARM'

2018-05-14 13:24:02 - [MESSAGE][PASSED] - All options with index in [1] are selected on object 'Object Repository/MOH AND GRN/Page_KDMC - CMS/select_--Select--PERUMAL PHARM'

2018-05-14 13:24:02 - [TEST_STEP][PASSED] - setText: Text '15000' is set on object 'Object Repository/MOH AND GRN/Page_KDMC - CMS/input_txtgrnno_1'

2018-05-14 13:24:02 - [MESSAGE][PASSED] - Text '15000' is set on object 'Object Repository/MOH AND GRN/Page_KDMC - CMS/input_txtgrnno_1'

2018-05-14 13:24:02 - [TEST_STEP][PASSED] - setText: Text '500' is set on object 'Object Repository/MOH AND GRN/Page_KDMC - CMS/input_txtgrnno_2'

2018-05-14 13:24:02 - [MESSAGE][PASSED] - Text '500' is set on object 'Object Repository/MOH AND GRN/Page_KDMC - CMS/input_txtgrnno_2'

2018-05-14 13:24:02 - [TEST_STEP][PASSED] - setText: Finding Test Object with id 'Object Repository/MOH AND GRN/Page_KDMC - CMS/input_txtgrnno_3'

2018-05-14 13:24:02 - [TEST_STEP][PASSED] - Statement - switch (id): Text 'CH687.0' is set on object 'Object Repository/MOH AND GRN/Page_KDMC - CMS/input_txtgrnno_3'

2018-05-14 13:24:02 - [TEST_STEP][PASSED] - Statement - case 3:: Text 'CH687.0' is set on object 'Object Repository/MOH AND GRN/Page_KDMC - CMS/input_txtgrnno_3'

2018-05-14 13:24:02 - [TEST_STEP][PASSED] - Statement - return (java.lang.Math.floor((java.lang.Math.random() * ((max - min) + 1))) + min): Text 'CH687.0' is set on object 'Object Repository/MOH AND GRN/Page_KDMC - CMS/input_txtgrnno_3'

2018-05-14 13:24:02 - [MESSAGE][PASSED] - Text 'CH687.0' is set on object 'Object Repository/MOH AND GRN/Page_KDMC - CMS/input_txtgrnno_3'

2018-05-14 13:24:02 - [TEST_STEP][PASSED] - scrollToPosition: Browser is scrolled to position x = 200, y = 200

2018-05-14 13:24:02 - [MESSAGE][PASSED] - Browser is scrolled to position x = 200, y = 200

2018-05-14 13:24:02 - [TEST_STEP][PASSED] - Statement - GrnLength = com.kms.katalon.core.webui.keyword.WebUiBuiltInKeywords.getNumberOfTotalOption(com.kms.katalon.core.testobject.ObjectRepository.findTestObject(MOH AND GRN/Page_KDMC - CMS/select_--Select--Amikacin -500)): 64 options of object 'Object Repository/MOH AND GRN/Page_KDMC - CMS/select_--Select--Amikacin -500' counted

2018-05-14 13:24:02 - [MESSAGE][PASSED] - 64 options of object 'Object Repository/MOH AND GRN/Page_KDMC - CMS/select_--Select--Amikacin -500' counted

2018-05-14 13:24:02 - [TEST_STEP][PASSED] - Statement - out.println("Length OF The Medicine " + GrnLength): null

2018-05-14 13:24:02 - [TEST_STEP][PASSED] - Statement - s = 1: null

2018-05-14 13:24:02 - [TEST_STEP][PASSED] - Statement - For ([t = 1, t < GrnLength, (t++)]): Finding Test Object with id 'Object Repository/MOH AND GRN/Page_KDMC - CMS/input_txtmrp'

2018-05-14 13:24:02 - [TEST_STEP][PASSED] - selectOptionByIndex: All options with index in [1] are selected on object 'Object Repository/MOH AND GRN/Page_KDMC - CMS/select_--Select--Amikacin -500'

2018-05-14 13:24:02 - [MESSAGE][PASSED] - All options with index in [1] are selected on object 'Object Repository/MOH AND GRN/Page_KDMC - CMS/select_--Select--Amikacin -500'

2018-05-14 13:24:02 - [TEST_STEP][PASSED] - setText: Text '5000' is set on object 'Object Repository/MOH AND GRN/Page_KDMC - CMS/input_txtqty'

2018-05-14 13:24:03 - [MESSAGE][PASSED] - Text '5000' is set on object 'Object Repository/MOH AND GRN/Page_KDMC - CMS/input_txtqty'

2018-05-14 13:24:03 - [TEST_STEP][PASSED] - selectOptionByIndex: All options with index in [1] are selected on object 'Object Repository/MOH AND GRN/Page_KDMC - CMS/select_--Select--No Tax0'

2018-05-14 13:24:03 - [MESSAGE][PASSED] - All options with index in [1] are selected on object 'Object Repository/MOH AND GRN/Page_KDMC - CMS/select_--Select--No Tax0'

2018-05-14 13:24:03 - [TEST_STEP][PASSED] - setText: Finding Test Object with id 'Object Repository/MOH AND GRN/Page_KDMC - CMS/input_txtmrp'

2018-05-14 13:24:03 - [TEST_STEP][PASSED] - Statement - switch (id): Finding Test Object with id 'Object Repository/MOH AND GRN/Page_KDMC - CMS/input_txtdeal'

2018-05-14 13:24:03 - [TEST_STEP][PASSED] - Statement - case 4:: Text '34.0' is set on object 'Object Repository/MOH AND GRN/Page_KDMC - CMS/input_txtmrp'

2018-05-14 13:24:03 - [TEST_STEP][PASSED] - Statement - return (java.lang.Math.floor((java.lang.Math.random() * ((max - min) + 1))) + min): Text '34.0' is set on object 'Object Repository/MOH AND GRN/Page_KDMC - CMS/input_txtmrp'

2018-05-14 13:24:03 - [MESSAGE][PASSED] - Text '34.0' is set on object 'Object Repository/MOH AND GRN/Page_KDMC - CMS/input_txtmrp'

2018-05-14 13:24:03 - [TEST_STEP][PASSED] - setText: Finding Test Object with id 'Object Repository/MOH AND GRN/Page_KDMC - CMS/input_txtdeal'

2018-05-14 13:24:03 - [TEST_STEP][PASSED] - Statement - switch (id): Finding Test Object with id 'Object Repository/MOH AND GRN/Page_KDMC - CMS/input_txtbatchno'

2018-05-14 13:24:03 - [TEST_STEP][PASSED] - Statement - case 5:: Text '9.0' is set on object 'Object Repository/MOH AND GRN/Page_KDMC - CMS/input_txtdeal'

2018-05-14 13:24:03 - [TEST_STEP][PASSED] - Statement - return (java.lang.Math.floor((java.lang.Math.random() * ((max - min) + 1))) + min): Text '9.0' is set on object 'Object Repository/MOH AND GRN/Page_KDMC - CMS/input_txtdeal'

2018-05-14 13:24:03 - [MESSAGE][PASSED] - Text '9.0' is set on object 'Object Repository/MOH AND GRN/Page_KDMC - CMS/input_txtdeal'

2018-05-14 13:24:03 - [TEST_STEP][PASSED] - setText: Finding Test Object with id 'Object Repository/MOH AND GRN/Page_KDMC - CMS/input_txtbatchno'

2018-05-14 13:24:03 - [TEST_STEP][PASSED] - Statement - switch (id): Finding Test Object with id 'Object Repository/MOH AND GRN/Page_KDMC - CMS/input_txtmrp'

2018-05-14 13:24:03 - [TEST_STEP][PASSED] - Statement - case 1:: Text 'BA758.0' is set on object 'Object Repository/MOH AND GRN/Page_KDMC - CMS/input_txtbatchno'

2018-05-14 13:24:03 - [TEST_STEP][PASSED] - Statement - return (java.lang.Math.floor((java.lang.Math.random() * ((max - min) + 1))) + min): Text 'BA758.0' is set on object 'Object Repository/MOH AND GRN/Page_KDMC - CMS/input_txtbatchno'

2018-05-14 13:24:03 - [MESSAGE][PASSED] - Text 'BA758.0' is set on object 'Object Repository/MOH AND GRN/Page_KDMC - CMS/input_txtbatchno'

2018-05-14 13:24:03 - [TEST_STEP][PASSED] - rightClick: Object: 'Object Repository/GRN/Page_KDMC - CMS/input_txtexpdate' is right clicked on

2018-05-14 13:24:03 - [MESSAGE][PASSED] - Object: 'Object Repository/GRN/Page_KDMC - CMS/input_txtexpdate' is right clicked on

2018-05-14 13:24:03 - [TEST_STEP][PASSED] - selectOptionByIndex: All options with index in [1] are selected on object 'Object Repository/GRN/Page_KDMC - CMS/select_20182019202020212022202'

2018-05-14 13:24:04 - [MESSAGE][PASSED] - All options with index in [1] are selected on object 'Object Repository/GRN/Page_KDMC - CMS/select_20182019202020212022202'

2018-05-14 13:24:04 - [TEST_STEP][PASSED] - selectOptionByIndex: All options with index in [1] are selected on object 'Object Repository/GRN/Page_KDMC - CMS/select_JanFebMarAprMayJunJulAu'

2018-05-14 13:24:04 - [MESSAGE][PASSED] - All options with index in [1] are selected on object 'Object Repository/GRN/Page_KDMC - CMS/select_JanFebMarAprMayJunJulAu'

2018-05-14 13:24:04 - [TEST_STEP][PASSED] - click: Object: 'Object Repository/MOH AND GRN/Page_KDMC - CMS/a_12' is clicked on

2018-05-14 13:24:04 - [MESSAGE][PASSED] - Object: 'Object Repository/MOH AND GRN/Page_KDMC - CMS/a_12' is clicked on

2018-05-14 13:24:04 - [TEST_STEP][PASSED] - click: Object: 'Object Repository/MOH AND GRN/Page_KDMC - CMS/input_btnadd' is clicked on

2018-05-14 13:24:04 - [MESSAGE][PASSED] - Object: 'Object Repository/MOH AND GRN/Page_KDMC - CMS/input_btnadd' is clicked on

2018-05-14 13:24:04 - [TEST_STEP][PASSED] - Statement - If (s == 10): null

2018-05-14 13:24:04 - [TEST_STEP][PASSED] - Statement - Else: null

2018-05-14 13:24:04 - [TEST_STEP][PASSED] - Statement - (s++): null

2018-05-14 13:24:04 - [TEST_STEP][PASSED] - delay: Delayed 1 second(s)

2018-05-14 13:24:05 - [MESSAGE][PASSED] - Delayed 1 second(s)

2018-05-14 13:24:05 - [TEST_STEP][PASSED] - selectOptionByIndex: All options with index in [2] are selected on object 'Object Repository/MOH AND GRN/Page_KDMC - CMS/select_--Select--Amikacin -500'

2018-05-14 13:24:05 - [MESSAGE][PASSED] - All options with index in [2] are selected on object 'Object Repository/MOH AND GRN/Page_KDMC - CMS/select_--Select--Amikacin -500'

2018-05-14 13:24:05 - [TEST_STEP][PASSED] - setText: Text '5000' is set on object 'Object Repository/MOH AND GRN/Page_KDMC - CMS/input_txtqty'

2018-05-14 13:24:05 - [MESSAGE][PASSED] - Text '5000' is set on object 'Object Repository/MOH AND GRN/Page_KDMC - CMS/input_txtqty'

2018-05-14 13:24:05 - [TEST_STEP][PASSED] - selectOptionByIndex: All options with index in [1] are selected on object 'Object Repository/MOH AND GRN/Page_KDMC - CMS/select_--Select--No Tax0'

2018-05-14 13:24:05 - [MESSAGE][PASSED] - All options with index in [1] are selected on object 'Object Repository/MOH AND GRN/Page_KDMC - CMS/select_--Select--No Tax0'

2018-05-14 13:24:05 - [TEST_STEP][PASSED] - setText: Finding Test Object with id 'Object Repository/MOH AND GRN/Page_KDMC - CMS/input_txtmrp'

2018-05-14 13:24:05 - [TEST_STEP][PASSED] - Statement - switch (id): Finding Test Object with id 'Object Repository/MOH AND GRN/Page_KDMC - CMS/input_txtdeal'

2018-05-14 13:24:05 - [TEST_STEP][PASSED] - Statement - case 4:: Text '39.0' is set on object 'Object Repository/MOH AND GRN/Page_KDMC - CMS/input_txtmrp'

2018-05-14 13:24:05 - [TEST_STEP][PASSED] - Statement - return (java.lang.Math.floor((java.lang.Math.random() * ((max - min) + 1))) + min): Text '39.0' is set on object 'Object Repository/MOH AND GRN/Page_KDMC - CMS/input_txtmrp'

2018-05-14 13:24:05 - [MESSAGE][PASSED] - Text '39.0' is set on object 'Object Repository/MOH AND GRN/Page_KDMC - CMS/input_txtmrp'

2018-05-14 13:24:05 - [TEST_STEP][PASSED] - setText: Finding Test Object with id 'Object Repository/MOH AND GRN/Page_KDMC - CMS/input_txtdeal'

2018-05-14 13:24:05 - [TEST_STEP][PASSED] - Statement - switch (id): Finding Test Object with id 'Object Repository/MOH AND GRN/Page_KDMC - CMS/input_txtbatchno'

2018-05-14 13:24:05 - [TEST_STEP][PASSED] - Statement - case 5:: Text '8.0' is set on object 'Object Repository/MOH AND GRN/Page_KDMC - CMS/input_txtdeal'

2018-05-14 13:24:05 - [TEST_STEP][PASSED] - Statement - return (java.lang.Math.floor((java.lang.Math.random() * ((max - min) + 1))) + min): Text '8.0' is set on object 'Object Repository/MOH AND GRN/Page_KDMC - CMS/input_txtdeal'

2018-05-14 13:24:05 - [MESSAGE][PASSED] - Text '8.0' is set on object 'Object Repository/MOH AND GRN/Page_KDMC - CMS/input_txtdeal'

2018-05-14 13:24:05 - [TEST_STEP][PASSED] - setText: Finding Test Object with id 'Object Repository/MOH AND GRN/Page_KDMC - CMS/input_txtbatchno'

2018-05-14 13:24:05 - [TEST_STEP][PASSED] - Statement - switch (id): Finding Test Object with id 'Object Repository/MOH AND GRN/Page_KDMC - CMS/input_txtmrp'

2018-05-14 13:24:05 - [TEST_STEP][PASSED] - Statement - case 1:: Text 'BA848.0' is set on object 'Object Repository/MOH AND GRN/Page_KDMC - CMS/input_txtbatchno'

2018-05-14 13:24:05 - [TEST_STEP][PASSED] - Statement - return (java.lang.Math.floor((java.lang.Math.random() * ((max - min) + 1))) + min): Text 'BA848.0' is set on object 'Object Repository/MOH AND GRN/Page_KDMC - CMS/input_txtbatchno'

2018-05-14 13:24:06 - [MESSAGE][PASSED] - Text 'BA848.0' is set on object 'Object Repository/MOH AND GRN/Page_KDMC - CMS/input_txtbatchno'

2018-05-14 13:24:06 - [TEST_STEP][PASSED] - rightClick: Object: 'Object Repository/GRN/Page_KDMC - CMS/input_txtexpdate' is right clicked on

2018-05-14 13:24:06 - [MESSAGE][PASSED] - Object: 'Object Repository/GRN/Page_KDMC - CMS/input_txtexpdate' is right clicked on

2018-05-14 13:24:06 - [TEST_STEP][PASSED] - selectOptionByIndex: All options with index in [2] are selected on object 'Object Repository/GRN/Page_KDMC - CMS/select_20182019202020212022202'

2018-05-14 13:24:06 - [MESSAGE][PASSED] - All options with index in [2] are selected on object 'Object Repository/GRN/Page_KDMC - CMS/select_20182019202020212022202'

2018-05-14 13:24:06 - [TEST_STEP][PASSED] - selectOptionByIndex: All options with index in [2] are selected on object 'Object Repository/GRN/Page_KDMC - CMS/select_JanFebMarAprMayJunJulAu'

2018-05-14 13:24:06 - [MESSAGE][PASSED] - All options with index in [2] are selected on object 'Object Repository/GRN/Page_KDMC - CMS/select_JanFebMarAprMayJunJulAu'

2018-05-14 13:24:06 - [TEST_STEP][PASSED] - click: Object: 'Object Repository/MOH AND GRN/Page_KDMC - CMS/a_12' is clicked on

2018-05-14 13:24:06 - [MESSAGE][PASSED] - Object: 'Object Repository/MOH AND GRN/Page_KDMC - CMS/a_12' is clicked on

2018-05-14 13:24:06 - [TEST_STEP][PASSED] - click: Object: 'Object Repository/MOH AND GRN/Page_KDMC - CMS/input_btnadd' is clicked on

2018-05-14 13:24:06 - [MESSAGE][PASSED] - Object: 'Object Repository/MOH AND GRN/Page_KDMC - CMS/input_btnadd' is clicked on

2018-05-14 13:24:06 - [TEST_STEP][PASSED] - Statement - If (s == 10): null

2018-05-14 13:24:06 - [TEST_STEP][PASSED] - Statement - Else: null

2018-05-14 13:24:06 - [TEST_STEP][PASSED] - Statement - (s++): null

2018-05-14 13:24:06 - [TEST_STEP][PASSED] - delay: Delayed 1 second(s)

2018-05-14 13:24:07 - [MESSAGE][PASSED] - Delayed 1 second(s)

2018-05-14 13:24:07 - [TEST_STEP][PASSED] - selectOptionByIndex: All options with index in [3] are selected on object 'Object Repository/MOH AND GRN/Page_KDMC - CMS/select_--Select--Amikacin -500'

2018-05-14 13:24:07 - [MESSAGE][PASSED] - All options with index in [3] are selected on object 'Object Repository/MOH AND GRN/Page_KDMC - CMS/select_--Select--Amikacin -500'

2018-05-14 13:24:07 - [TEST_STEP][PASSED] - setText: Text '5000' is set on object 'Object Repository/MOH AND GRN/Page_KDMC - CMS/input_txtqty'

2018-05-14 13:24:08 - [MESSAGE][PASSED] - Text '5000' is set on object 'Object Repository/MOH AND GRN/Page_KDMC - CMS/input_txtqty'

2018-05-14 13:24:08 - [TEST_STEP][PASSED] - selectOptionByIndex: All options with index in [1] are selected on object 'Object Repository/MOH AND GRN/Page_KDMC - CMS/select_--Select--No Tax0'

2018-05-14 13:24:08 - [MESSAGE][PASSED] - All options with index in [1] are selected on object 'Object Repository/MOH AND GRN/Page_KDMC - CMS/select_--Select--No Tax0'

2018-05-14 13:24:08 - [TEST_STEP][PASSED] - setText: Finding Test Object with id 'Object Repository/MOH AND GRN/Page_KDMC - CMS/input_txtmrp'

2018-05-14 13:24:08 - [TEST_STEP][PASSED] - Statement - switch (id): Finding Test Object with id 'Object Repository/MOH AND GRN/Page_KDMC - CMS/input_txtdeal'

2018-05-14 13:24:08 - [TEST_STEP][PASSED] - Statement - case 4:: Text '40.0' is set on object 'Object Repository/MOH AND GRN/Page_KDMC - CMS/input_txtmrp'

2018-05-14 13:24:08 - [TEST_STEP][PASSED] - Statement - return (java.lang.Math.floor((java.lang.Math.random() * ((max - min) + 1))) + min): Text '40.0' is set on object 'Object Repository/MOH AND GRN/Page_KDMC - CMS/input_txtmrp'

2018-05-14 13:24:08 - [MESSAGE][PASSED] - Text '40.0' is set on object 'Object Repository/MOH AND GRN/Page_KDMC - CMS/input_txtmrp'

2018-05-14 13:24:08 - [TEST_STEP][PASSED] - setText: Finding Test Object with id 'Object Repository/MOH AND GRN/Page_KDMC - CMS/input_txtdeal'

2018-05-14 13:24:08 - [TEST_STEP][PASSED] - Statement - switch (id): Finding Test Object with id 'Object Repository/MOH AND GRN/Page_KDMC - CMS/input_txtbatchno'

2018-05-14 13:24:08 - [TEST_STEP][PASSED] - Statement - case 5:: Text '3.0' is set on object 'Object Repository/MOH AND GRN/Page_KDMC - CMS/input_txtdeal'

2018-05-14 13:24:08 - [TEST_STEP][PASSED] - Statement - return (java.lang.Math.floor((java.lang.Math.random() * ((max - min) + 1))) + min): Text '3.0' is set on object 'Object Repository/MOH AND GRN/Page_KDMC - CMS/input_txtdeal'

2018-05-14 13:24:08 - [MESSAGE][PASSED] - Text '3.0' is set on object 'Object Repository/MOH AND GRN/Page_KDMC - CMS/input_txtdeal'

2018-05-14 13:24:08 - [TEST_STEP][PASSED] - setText: Finding Test Object with id 'Object Repository/MOH AND GRN/Page_KDMC - CMS/input_txtbatchno'

2018-05-14 13:24:08 - [TEST_STEP][PASSED] - Statement - switch (id): Finding Test Object with id 'Object Repository/MOH AND GRN/Page_KDMC - CMS/input_txtmrp'

2018-05-14 13:24:08 - [TEST_STEP][PASSED] - Statement - case 1:: Text 'BA202.0' is set on object 'Object Repository/MOH AND GRN/Page_KDMC - CMS/input_txtbatchno'

2018-05-14 13:24:08 - [TEST_STEP][PASSED] - Statement - return (java.lang.Math.floor((java.lang.Math.random() * ((max - min) + 1))) + min): Text 'BA202.0' is set on object 'Object Repository/MOH AND GRN/Page_KDMC - CMS/input_txtbatchno'

2018-05-14 13:24:08 - [MESSAGE][PASSED] - Text 'BA202.0' is set on object 'Object Repository/MOH AND GRN/Page_KDMC - CMS/input_txtbatchno'

2018-05-14 13:24:08 - [TEST_STEP][PASSED] - rightClick: Object: 'Object Repository/GRN/Page_KDMC - CMS/input_txtexpdate' is right clicked on

2018-05-14 13:24:08 - [MESSAGE][PASSED] - Object: 'Object Repository/GRN/Page_KDMC - CMS/input_txtexpdate' is right clicked on

2018-05-14 13:24:08 - [TEST_STEP][PASSED] - selectOptionByIndex: All options with index in [3] are selected on object 'Object Repository/GRN/Page_KDMC - CMS/select_20182019202020212022202'

2018-05-14 13:24:08 - [MESSAGE][PASSED] - All options with index in [3] are selected on object 'Object Repository/GRN/Page_KDMC - CMS/select_20182019202020212022202'

2018-05-14 13:24:08 - [TEST_STEP][PASSED] - selectOptionByIndex: All options with index in [3] are selected on object 'Object Repository/GRN/Page_KDMC - CMS/select_JanFebMarAprMayJunJulAu'

2018-05-14 13:24:09 - [MESSAGE][PASSED] - All options with index in [3] are selected on object 'Object Repository/GRN/Page_KDMC - CMS/select_JanFebMarAprMayJunJulAu'

2018-05-14 13:24:09 - [TEST_STEP][PASSED] - click: Object: 'Object Repository/MOH AND GRN/Page_KDMC - CMS/a_12' is clicked on

2018-05-14 13:24:09 - [MESSAGE][PASSED] - Object: 'Object Repository/MOH AND GRN/Page_KDMC - CMS/a_12' is clicked on

2018-05-14 13:24:09 - [TEST_STEP][PASSED] - click: Object: 'Object Repository/MOH AND GRN/Page_KDMC - CMS/input_btnadd' is clicked on

2018-05-14 13:24:09 - [MESSAGE][PASSED] - Object: 'Object Repository/MOH AND GRN/Page_KDMC - CMS/input_btnadd' is clicked on

2018-05-14 13:24:09 - [TEST_STEP][PASSED] - Statement - If (s == 10): null

2018-05-14 13:24:09 - [TEST_STEP][PASSED] - Statement - Else: null

2018-05-14 13:24:09 - [TEST_STEP][PASSED] - Statement - (s++): null

2018-05-14 13:24:09 - [TEST_STEP][PASSED] - delay: Delayed 1 second(s)

2018-05-14 13:24:10 - [MESSAGE][PASSED] - Delayed 1 second(s)

2018-05-14 13:24:10 - [TEST_STEP][PASSED] - selectOptionByIndex: All options with index in [4] are selected on object 'Object Repository/MOH AND GRN/Page_KDMC - CMS/select_--Select--Amikacin -500'

2018-05-14 13:24:10 - [MESSAGE][PASSED] - All options with index in [4] are selected on object 'Object Repository/MOH AND GRN/Page_KDMC - CMS/select_--Select--Amikacin -500'

2018-05-14 13:24:10 - [TEST_STEP][PASSED] - setText: Text '5000' is set on object 'Object Repository/MOH AND GRN/Page_KDMC - CMS/input_txtqty'

2018-05-14 13:24:10 - [MESSAGE][PASSED] - Text '5000' is set on object 'Object Repository/MOH AND GRN/Page_KDMC - CMS/input_txtqty'

2018-05-14 13:24:10 - [TEST_STEP][PASSED] - selectOptionByIndex: All options with index in [1] are selected on object 'Object Repository/MOH AND GRN/Page_KDMC - CMS/select_--Select--No Tax0'

2018-05-14 13:24:10 - [MESSAGE][PASSED] - All options with index in [1] are selected on object 'Object Repository/MOH AND GRN/Page_KDMC - CMS/select_--Select--No Tax0'

2018-05-14 13:24:10 - [TEST_STEP][PASSED] - setText: Finding Test Object with id 'Object Repository/MOH AND GRN/Page_KDMC - CMS/input_txtmrp'

2018-05-14 13:24:10 - [TEST_STEP][PASSED] - Statement - switch (id): Finding Test Object with id 'Object Repository/MOH AND GRN/Page_KDMC - CMS/input_txtdeal'

2018-05-14 13:24:10 - [TEST_STEP][PASSED] - Statement - case 4:: Text '20.0' is set on object 'Object Repository/MOH AND GRN/Page_KDMC - CMS/input_txtmrp'

2018-05-14 13:24:10 - [TEST_STEP][PASSED] - Statement - return (java.lang.Math.floor((java.lang.Math.random() * ((max - min) + 1))) + min): Text '20.0' is set on object 'Object Repository/MOH AND GRN/Page_KDMC - CMS/input_txtmrp'

2018-05-14 13:24:10 - [MESSAGE][PASSED] - Text '20.0' is set on object 'Object Repository/MOH AND GRN/Page_KDMC - CMS/input_txtmrp'

2018-05-14 13:24:10 - [TEST_STEP][PASSED] - setText: Finding Test Object with id 'Object Repository/MOH AND GRN/Page_KDMC - CMS/input_txtdeal'

2018-05-14 13:24:10 - [TEST_STEP][PASSED] - Statement - switch (id): Finding Test Object with id 'Object Repository/MOH AND GRN/Page_KDMC - CMS/input_txtbatchno'

2018-05-14 13:24:10 - [TEST_STEP][PASSED] - Statement - case 5:: Text '7.0' is set on object 'Object Repository/MOH AND GRN/Page_KDMC - CMS/input_txtdeal'

2018-05-14 13:24:10 - [TEST_STEP][PASSED] - Statement - return (java.lang.Math.floor((java.lang.Math.random() * ((max - min) + 1))) + min): Text '7.0' is set on object 'Object Repository/MOH AND GRN/Page_KDMC - CMS/input_txtdeal'

2018-05-14 13:24:10 - [MESSAGE][PASSED] - Text '7.0' is set on object 'Object Repository/MOH AND GRN/Page_KDMC - CMS/input_txtdeal'

2018-05-14 13:24:10 - [TEST_STEP][PASSED] - setText: Finding Test Object with id 'Object Repository/MOH AND GRN/Page_KDMC - CMS/input_txtbatchno'

2018-05-14 13:24:10 - [TEST_STEP][PASSED] - Statement - switch (id): Finding Test Object with id 'Object Repository/MOH AND GRN/Page_KDMC - CMS/input_txtmrp'

2018-05-14 13:24:10 - [TEST_STEP][PASSED] - Statement - case 1:: Text 'BA219.0' is set on object 'Object Repository/MOH AND GRN/Page_KDMC - CMS/input_txtbatchno'

2018-05-14 13:24:10 - [TEST_STEP][PASSED] - Statement - return (java.lang.Math.floor((java.lang.Math.random() * ((max - min) + 1))) + min): Text 'BA219.0' is set on object 'Object Repository/MOH AND GRN/Page_KDMC - CMS/input_txtbatchno'

2018-05-14 13:24:10 - [MESSAGE][PASSED] - Text 'BA219.0' is set on object 'Object Repository/MOH AND GRN/Page_KDMC - CMS/input_txtbatchno'

2018-05-14 13:24:10 - [TEST_STEP][PASSED] - rightClick: Object: 'Object Repository/GRN/Page_KDMC - CMS/input_txtexpdate' is right clicked on

2018-05-14 13:24:11 - [MESSAGE][PASSED] - Object: 'Object Repository/GRN/Page_KDMC - CMS/input_txtexpdate' is right clicked on

2018-05-14 13:24:11 - [TEST_STEP][PASSED] - selectOptionByIndex: All options with index in [4] are selected on object 'Object Repository/GRN/Page_KDMC - CMS/select_20182019202020212022202'

2018-05-14 13:24:11 - [MESSAGE][PASSED] - All options with index in [4] are selected on object 'Object Repository/GRN/Page_KDMC - CMS/select_20182019202020212022202'

2018-05-14 13:24:11 - [TEST_STEP][PASSED] - selectOptionByIndex: All options with index in [4] are selected on object 'Object Repository/GRN/Page_KDMC - CMS/select_JanFebMarAprMayJunJulAu'

2018-05-14 13:24:11 - [MESSAGE][PASSED] - All options with index in [4] are selected on object 'Object Repository/GRN/Page_KDMC - CMS/select_JanFebMarAprMayJunJulAu'

2018-05-14 13:24:11 - [TEST_STEP][PASSED] - click: Object: 'Object Repository/MOH AND GRN/Page_KDMC - CMS/a_12' is clicked on

2018-05-14 13:24:11 - [MESSAGE][PASSED] - Object: 'Object Repository/MOH AND GRN/Page_KDMC - CMS/a_12' is clicked on

2018-05-14 13:24:11 - [TEST_STEP][PASSED] - click: Object: 'Object Repository/MOH AND GRN/Page_KDMC - CMS/input_btnadd' is clicked on

2018-05-14 13:24:11 - [MESSAGE][PASSED] - Object: 'Object Repository/MOH AND GRN/Page_KDMC - CMS/input_btnadd' is clicked on

2018-05-14 13:24:11 - [TEST_STEP][PASSED] - Statement - If (s == 10): null

2018-05-14 13:24:11 - [TEST_STEP][PASSED] - Statement - Else: null

2018-05-14 13:24:11 - [TEST_STEP][PASSED] - Statement - (s++): null

2018-05-14 13:24:11 - [TEST_STEP][PASSED] - delay: Delayed 1 second(s)

2018-05-14 13:24:12 - [MESSAGE][PASSED] - Delayed 1 second(s)

2018-05-14 13:24:12 - [TEST_STEP][PASSED] - selectOptionByIndex: All options with index in [5] are selected on object 'Object Repository/MOH AND GRN/Page_KDMC - CMS/select_--Select--Amikacin -500'

2018-05-14 13:24:12 - [MESSAGE][PASSED] - All options with index in [5] are selected on object 'Object Repository/MOH AND GRN/Page_KDMC - CMS/select_--Select--Amikacin -500'

2018-05-14 13:24:12 - [TEST_STEP][PASSED] - setText: Text '5000' is set on object 'Object Repository/MOH AND GRN/Page_KDMC - CMS/input_txtqty'

2018-05-14 13:24:12 - [MESSAGE][PASSED] - Text '5000' is set on object 'Object Repository/MOH AND GRN/Page_KDMC - CMS/input_txtqty'

2018-05-14 13:24:12 - [TEST_STEP][PASSED] - selectOptionByIndex: All options with index in [1] are selected on object 'Object Repository/MOH AND GRN/Page_KDMC - CMS/select_--Select--No Tax0'

2018-05-14 13:24:12 - [MESSAGE][PASSED] - All options with index in [1] are selected on object 'Object Repository/MOH AND GRN/Page_KDMC - CMS/select_--Select--No Tax0'

2018-05-14 13:24:12 - [TEST_STEP][PASSED] - setText: Finding Test Object with id 'Object Repository/MOH AND GRN/Page_KDMC - CMS/input_txtmrp'

2018-05-14 13:24:12 - [TEST_STEP][PASSED] - Statement - switch (id): Finding Test Object with id 'Object Repository/MOH AND GRN/Page_KDMC - CMS/input_txtdeal'

2018-05-14 13:24:12 - [TEST_STEP][PASSED] - Statement - case 4:: Text '33.0' is set on object 'Object Repository/MOH AND GRN/Page_KDMC - CMS/input_txtmrp'

2018-05-14 13:24:12 - [TEST_STEP][PASSED] - Statement - return (java.lang.Math.floor((java.lang.Math.random() * ((max - min) + 1))) + min): Text '33.0' is set on object 'Object Repository/MOH AND GRN/Page_KDMC - CMS/input_txtmrp'

2018-05-14 13:24:13 - [MESSAGE][PASSED] - Text '33.0' is set on object 'Object Repository/MOH AND GRN/Page_KDMC - CMS/input_txtmrp'

2018-05-14 13:24:13 - [TEST_STEP][PASSED] - setText: Finding Test Object with id 'Object Repository/MOH AND GRN/Page_KDMC - CMS/input_txtdeal'

2018-05-14 13:24:13 - [TEST_STEP][PASSED] - Statement - switch (id): Finding Test Object with id 'Object Repository/MOH AND GRN/Page_KDMC - CMS/input_txtbatchno'

2018-05-14 13:24:13 - [TEST_STEP][PASSED] - Statement - case 5:: Text '9.0' is set on object 'Object Repository/MOH AND GRN/Page_KDMC - CMS/input_txtdeal'

2018-05-14 13:24:13 - [TEST_STEP][PASSED] - Statement - return (java.lang.Math.floor((java.lang.Math.random() * ((max - min) + 1))) + min): Text '9.0' is set on object 'Object Repository/MOH AND GRN/Page_KDMC - CMS/input_txtdeal'

2018-05-14 13:24:13 - [MESSAGE][PASSED] - Text '9.0' is set on object 'Object Repository/MOH AND GRN/Page_KDMC - CMS/input_txtdeal'

2018-05-14 13:24:13 - [TEST_STEP][PASSED] - setText: Finding Test Object with id 'Object Repository/MOH AND GRN/Page_KDMC - CMS/input_txtbatchno'

2018-05-14 13:24:13 - [TEST_STEP][PASSED] - Statement - switch (id): Finding Test Object with id 'Object Repository/MOH AND GRN/Page_KDMC - CMS/input_txtmrp'

2018-05-14 13:24:13 - [TEST_STEP][PASSED] - Statement - case 1:: Text 'BA450.0' is set on object 'Object Repository/MOH AND GRN/Page_KDMC - CMS/input_txtbatchno'

2018-05-14 13:24:13 - [TEST_STEP][PASSED] - Statement - return (java.lang.Math.floor((java.lang.Math.random() * ((max - min) + 1))) + min): Text 'BA450.0' is set on object 'Object Repository/MOH AND GRN/Page_KDMC - CMS/input_txtbatchno'

2018-05-14 13:24:13 - [MESSAGE][PASSED] - Text 'BA450.0' is set on object 'Object Repository/MOH AND GRN/Page_KDMC - CMS/input_txtbatchno'

2018-05-14 13:24:13 - [TEST_STEP][PASSED] - rightClick: Object: 'Object Repository/GRN/Page_KDMC - CMS/input_txtexpdate' is right clicked on

2018-05-14 13:24:13 - [MESSAGE][PASSED] - Object: 'Object Repository/GRN/Page_KDMC - CMS/input_txtexpdate' is right clicked on

2018-05-14 13:24:13 - [TEST_STEP][PASSED] - selectOptionByIndex: All options with index in [5] are selected on object 'Object Repository/GRN/Page_KDMC - CMS/select_20182019202020212022202'

2018-05-14 13:24:13 - [MESSAGE][PASSED] - All options with index in [5] are selected on object 'Object Repository/GRN/Page_KDMC - CMS/select_20182019202020212022202'

2018-05-14 13:24:13 - [TEST_STEP][PASSED] - selectOptionByIndex: All options with index in [5] are selected on object 'Object Repository/GRN/Page_KDMC - CMS/select_JanFebMarAprMayJunJulAu'

2018-05-14 13:24:13 - [MESSAGE][PASSED] - All options with index in [5] are selected on object 'Object Repository/GRN/Page_KDMC - CMS/select_JanFebMarAprMayJunJulAu'

2018-05-14 13:24:13 - [TEST_STEP][PASSED] - click: Object: 'Object Repository/MOH AND GRN/Page_KDMC - CMS/a_12' is clicked on

2018-05-14 13:24:13 - [MESSAGE][PASSED] - Object: 'Object Repository/MOH AND GRN/Page_KDMC - CMS/a_12' is clicked on

2018-05-14 13:24:13 - [TEST_STEP][PASSED] - click: Object: 'Object Repository/MOH AND GRN/Page_KDMC - CMS/input_btnadd' is clicked on

2018-05-14 13:24:13 - [MESSAGE][PASSED] - Object: 'Object Repository/MOH AND GRN/Page_KDMC - CMS/input_btnadd' is clicked on

2018-05-14 13:24:13 - [TEST_STEP][PASSED] - Statement - If (s == 10): null

2018-05-14 13:24:13 - [TEST_STEP][PASSED] - Statement - Else: null

2018-05-14 13:24:13 - [TEST_STEP][PASSED] - Statement - (s++): null

2018-05-14 13:24:13 - [TEST_STEP][PASSED] - delay: Delayed 1 second(s)

2018-05-14 13:24:14 - [MESSAGE][PASSED] - Delayed 1 second(s)

2018-05-14 13:24:14 - [TEST_STEP][PASSED] - selectOptionByIndex: All options with index in [6] are selected on object 'Object Repository/MOH AND GRN/Page_KDMC - CMS/select_--Select--Amikacin -500'

2018-05-14 13:24:15 - [MESSAGE][PASSED] - All options with index in [6] are selected on object 'Object Repository/MOH AND GRN/Page_KDMC - CMS/select_--Select--Amikacin -500'

2018-05-14 13:24:15 - [TEST_STEP][PASSED] - setText: Text '5000' is set on object 'Object Repository/MOH AND GRN/Page_KDMC - CMS/input_txtqty'

2018-05-14 13:24:15 - [MESSAGE][PASSED] - Text '5000' is set on object 'Object Repository/MOH AND GRN/Page_KDMC - CMS/input_txtqty'

2018-05-14 13:24:15 - [TEST_STEP][PASSED] - selectOptionByIndex: All options with index in [1] are selected on object 'Object Repository/MOH AND GRN/Page_KDMC - CMS/select_--Select--No Tax0'

2018-05-14 13:24:15 - [MESSAGE][PASSED] - All options with index in [1] are selected on object 'Object Repository/MOH AND GRN/Page_KDMC - CMS/select_--Select--No Tax0'

2018-05-14 13:24:15 - [TEST_STEP][PASSED] - setText: Finding Test Object with id 'Object Repository/MOH AND GRN/Page_KDMC - CMS/input_txtmrp'

2018-05-14 13:24:15 - [TEST_STEP][PASSED] - Statement - switch (id): Finding Test Object with id 'Object Repository/MOH AND GRN/Page_KDMC - CMS/input_txtdeal'

2018-05-14 13:24:15 - [TEST_STEP][PASSED] - Statement - case 4:: Text '16.0' is set on object 'Object Repository/MOH AND GRN/Page_KDMC - CMS/input_txtmrp'

2018-05-14 13:24:15 - [TEST_STEP][PASSED] - Statement - return (java.lang.Math.floor((java.lang.Math.random() * ((max - min) + 1))) + min): Text '16.0' is set on object 'Object Repository/MOH AND GRN/Page_KDMC - CMS/input_txtmrp'

2018-05-14 13:24:15 - [MESSAGE][PASSED] - Text '16.0' is set on object 'Object Repository/MOH AND GRN/Page_KDMC - CMS/input_txtmrp'

2018-05-14 13:24:15 - [TEST_STEP][PASSED] - setText: Finding Test Object with id 'Object Repository/MOH AND GRN/Page_KDMC - CMS/input_txtdeal'

2018-05-14 13:24:15 - [TEST_STEP][PASSED] - Statement - switch (id): Finding Test Object with id 'Object Repository/MOH AND GRN/Page_KDMC - CMS/input_txtbatchno'

2018-05-14 13:24:15 - [TEST_STEP][PASSED] - Statement - case 5:: Text '11.0' is set on object 'Object Repository/MOH AND GRN/Page_KDMC - CMS/input_txtdeal'

2018-05-14 13:24:15 - [TEST_STEP][PASSED] - Statement - return (java.lang.Math.floor((java.lang.Math.random() * ((max - min) + 1))) + min): Text '11.0' is set on object 'Object Repository/MOH AND GRN/Page_KDMC - CMS/input_txtdeal'

2018-05-14 13:24:15 - [MESSAGE][PASSED] - Text '11.0' is set on object 'Object Repository/MOH AND GRN/Page_KDMC - CMS/input_txtdeal'

2018-05-14 13:24:15 - [TEST_STEP][PASSED] - setText: Finding Test Object with id 'Object Repository/MOH AND GRN/Page_KDMC - CMS/input_txtbatchno'

2018-05-14 13:24:15 - [TEST_STEP][PASSED] - Statement - switch (id): Finding Test Object with id 'Object Repository/MOH AND GRN/Page_KDMC - CMS/input_txtmrp'

2018-05-14 13:24:15 - [TEST_STEP][PASSED] - Statement - case 1:: Text 'BA58.0' is set on object 'Object Repository/MOH AND GRN/Page_KDMC - CMS/input_txtbatchno'

2018-05-14 13:24:15 - [TEST_STEP][PASSED] - Statement - return (java.lang.Math.floor((java.lang.Math.random() * ((max - min) + 1))) + min): Text 'BA58.0' is set on object 'Object Repository/MOH AND GRN/Page_KDMC - CMS/input_txtbatchno'

2018-05-14 13:24:15 - [MESSAGE][PASSED] - Text 'BA58.0' is set on object 'Object Repository/MOH AND GRN/Page_KDMC - CMS/input_txtbatchno'

2018-05-14 13:24:15 - [TEST_STEP][PASSED] - rightClick: Object: 'Object Repository/GRN/Page_KDMC - CMS/input_txtexpdate' is right clicked on

2018-05-14 13:24:15 - [MESSAGE][PASSED] - Object: 'Object Repository/GRN/Page_KDMC - CMS/input_txtexpdate' is right clicked on

2018-05-14 13:24:15 - [TEST_STEP][PASSED] - selectOptionByIndex: All options with index in [6] are selected on object 'Object Repository/GRN/Page_KDMC - CMS/select_20182019202020212022202'

2018-05-14 13:24:16 - [MESSAGE][PASSED] - All options with index in [6] are selected on object 'Object Repository/GRN/Page_KDMC - CMS/select_20182019202020212022202'

2018-05-14 13:24:16 - [TEST_STEP][PASSED] - selectOptionByIndex: All options with index in [6] are selected on object 'Object Repository/GRN/Page_KDMC - CMS/select_JanFebMarAprMayJunJulAu'

2018-05-14 13:24:16 - [MESSAGE][PASSED] - All options with index in [6] are selected on object 'Object Repository/GRN/Page_KDMC - CMS/select_JanFebMarAprMayJunJulAu'

2018-05-14 13:24:16 - [TEST_STEP][PASSED] - click: Object: 'Object Repository/MOH AND GRN/Page_KDMC - CMS/a_12' is clicked on

2018-05-14 13:24:16 - [MESSAGE][PASSED] - Object: 'Object Repository/MOH AND GRN/Page_KDMC - CMS/a_12' is clicked on

2018-05-14 13:24:16 - [TEST_STEP][PASSED] - click: Object: 'Object Repository/MOH AND GRN/Page_KDMC - CMS/input_btnadd' is clicked on

2018-05-14 13:24:16 - [MESSAGE][PASSED] - Object: 'Object Repository/MOH AND GRN/Page_KDMC - CMS/input_btnadd' is clicked on

2018-05-14 13:24:16 - [TEST_STEP][PASSED] - Statement - If (s == 10): null

2018-05-14 13:24:16 - [TEST_STEP][PASSED] - Statement - Else: null

2018-05-14 13:24:16 - [TEST_STEP][PASSED] - Statement - (s++): null

2018-05-14 13:24:16 - [TEST_STEP][PASSED] - delay: Delayed 1 second(s)

2018-05-14 13:24:17 - [MESSAGE][PASSED] - Delayed 1 second(s)

2018-05-14 13:24:17 - [TEST_STEP][PASSED] - selectOptionByIndex: All options with index in [7] are selected on object 'Object Repository/MOH AND GRN/Page_KDMC - CMS/select_--Select--Amikacin -500'

2018-05-14 13:24:17 - [MESSAGE][PASSED] - All options with index in [7] are selected on object 'Object Repository/MOH AND GRN/Page_KDMC - CMS/select_--Select--Amikacin -500'

2018-05-14 13:24:17 - [TEST_STEP][PASSED] - setText: Text '5000' is set on object 'Object Repository/MOH AND GRN/Page_KDMC - CMS/input_txtqty'

2018-05-14 13:24:17 - [MESSAGE][PASSED] - Text '5000' is set on object 'Object Repository/MOH AND GRN/Page_KDMC - CMS/input_txtqty'

2018-05-14 13:24:17 - [TEST_STEP][PASSED] - selectOptionByIndex: All options with index in [1] are selected on object 'Object Repository/MOH AND GRN/Page_KDMC - CMS/select_--Select--No Tax0'

2018-05-14 13:24:17 - [MESSAGE][PASSED] - All options with index in [1] are selected on object 'Object Repository/MOH AND GRN/Page_KDMC - CMS/select_--Select--No Tax0'

2018-05-14 13:24:17 - [TEST_STEP][PASSED] - setText: Finding Test Object with id 'Object Repository/MOH AND GRN/Page_KDMC - CMS/input_txtmrp'

2018-05-14 13:24:17 - [TEST_STEP][PASSED] - Statement - switch (id): Finding Test Object with id 'Object Repository/MOH AND GRN/Page_KDMC - CMS/input_txtdeal'

2018-05-14 13:24:17 - [TEST_STEP][PASSED] - Statement - case 4:: Text '32.0' is set on object 'Object Repository/MOH AND GRN/Page_KDMC - CMS/input_txtmrp'

2018-05-14 13:24:17 - [TEST_STEP][PASSED] - Statement - return (java.lang.Math.floor((java.lang.Math.random() * ((max - min) + 1))) + min): Text '32.0' is set on object 'Object Repository/MOH AND GRN/Page_KDMC - CMS/input_txtmrp'

2018-05-14 13:24:18 - [MESSAGE][PASSED] - Text '32.0' is set on object 'Object Repository/MOH AND GRN/Page_KDMC - CMS/input_txtmrp'

2018-05-14 13:24:18 - [TEST_STEP][PASSED] - setText: Finding Test Object with id 'Object Repository/MOH AND GRN/Page_KDMC - CMS/input_txtdeal'

2018-05-14 13:24:18 - [TEST_STEP][PASSED] - Statement - switch (id): Finding Test Object with id 'Object Repository/MOH AND GRN/Page_KDMC - CMS/input_txtbatchno'

2018-05-14 13:24:18 - [TEST_STEP][PASSED] - Statement - case 5:: Text '2.0' is set on object 'Object Repository/MOH AND GRN/Page_KDMC - CMS/input_txtdeal'

2018-05-14 13:24:18 - [TEST_STEP][PASSED] - Statement - return (java.lang.Math.floor((java.lang.Math.random() * ((max - min) + 1))) + min): Text '2.0' is set on object 'Object Repository/MOH AND GRN/Page_KDMC - CMS/input_txtdeal'

2018-05-14 13:24:18 - [MESSAGE][PASSED] - Text '2.0' is set on object 'Object Repository/MOH AND GRN/Page_KDMC - CMS/input_txtdeal'

2018-05-14 13:24:18 - [TEST_STEP][PASSED] - setText: Finding Test Object with id 'Object Repository/MOH AND GRN/Page_KDMC - CMS/input_txtbatchno'

2018-05-14 13:24:18 - [TEST_STEP][PASSED] - Statement - switch (id): Finding Test Object with id 'Object Repository/MOH AND GRN/Page_KDMC - CMS/input_txtmrp'

2018-05-14 13:24:18 - [TEST_STEP][PASSED] - Statement - case 1:: Text 'BA162.0' is set on object 'Object Repository/MOH AND GRN/Page_KDMC - CMS/input_txtbatchno'

2018-05-14 13:24:18 - [TEST_STEP][PASSED] - Statement - return (java.lang.Math.floor((java.lang.Math.random() * ((max - min) + 1))) + min): Text 'BA162.0' is set on object 'Object Repository/MOH AND GRN/Page_KDMC - CMS/input_txtbatchno'

2018-05-14 13:24:18 - [MESSAGE][PASSED] - Text 'BA162.0' is set on object 'Object Repository/MOH AND GRN/Page_KDMC - CMS/input_txtbatchno'

2018-05-14 13:24:18 - [TEST_STEP][PASSED] - rightClick: Object: 'Object Repository/GRN/Page_KDMC - CMS/input_txtexpdate' is right clicked on

2018-05-14 13:24:18 - [MESSAGE][PASSED] - Object: 'Object Repository/GRN/Page_KDMC - CMS/input_txtexpdate' is right clicked on

2018-05-14 13:24:18 - [TEST_STEP][PASSED] - selectOptionByIndex: All options with index in [7] are selected on object 'Object Repository/GRN/Page_KDMC - CMS/select_20182019202020212022202'

2018-05-14 13:24:18 - [MESSAGE][PASSED] - All options with index in [7] are selected on object 'Object Repository/GRN/Page_KDMC - CMS/select_20182019202020212022202'

2018-05-14 13:24:18 - [TEST_STEP][PASSED] - selectOptionByIndex: All options with index in [7] are selected on object 'Object Repository/GRN/Page_KDMC - CMS/select_JanFebMarAprMayJunJulAu'

2018-05-14 13:24:18 - [MESSAGE][PASSED] - All options with index in [7] are selected on object 'Object Repository/GRN/Page_KDMC - CMS/select_JanFebMarAprMayJunJulAu'

2018-05-14 13:24:18 - [TEST_STEP][PASSED] - click: Object: 'Object Repository/MOH AND GRN/Page_KDMC - CMS/a_12' is clicked on

2018-05-14 13:24:18 - [MESSAGE][PASSED] - Object: 'Object Repository/MOH AND GRN/Page_KDMC - CMS/a_12' is clicked on

2018-05-14 13:24:18 - [TEST_STEP][PASSED] - click: Object: 'Object Repository/MOH AND GRN/Page_KDMC - CMS/input_btnadd' is clicked on

2018-05-14 13:24:19 - [MESSAGE][PASSED] - Object: 'Object Repository/MOH AND GRN/Page_KDMC - CMS/input_btnadd' is clicked on

2018-05-14 13:24:19 - [TEST_STEP][PASSED] - Statement - If (s == 10): null

2018-05-14 13:24:19 - [TEST_STEP][PASSED] - Statement - Else: null

2018-05-14 13:24:19 - [TEST_STEP][PASSED] - Statement - (s++): null

2018-05-14 13:24:19 - [TEST_STEP][PASSED] - delay: Delayed 1 second(s)

2018-05-14 13:24:20 - [MESSAGE][PASSED] - Delayed 1 second(s)

2018-05-14 13:24:20 - [TEST_STEP][PASSED] - selectOptionByIndex: All options with index in [8] are selected on object 'Object Repository/MOH AND GRN/Page_KDMC - CMS/select_--Select--Amikacin -500'

2018-05-14 13:24:20 - [MESSAGE][PASSED] - All options with index in [8] are selected on object 'Object Repository/MOH AND GRN/Page_KDMC - CMS/select_--Select--Amikacin -500'

2018-05-14 13:24:20 - [TEST_STEP][PASSED] - setText: Text '5000' is set on object 'Object Repository/MOH AND GRN/Page_KDMC - CMS/input_txtqty'

2018-05-14 13:24:20 - [MESSAGE][PASSED] - Text '5000' is set on object 'Object Repository/MOH AND GRN/Page_KDMC - CMS/input_txtqty'

2018-05-14 13:24:20 - [TEST_STEP][PASSED] - selectOptionByIndex: All options with index in [1] are selected on object 'Object Repository/MOH AND GRN/Page_KDMC - CMS/select_--Select--No Tax0'

2018-05-14 13:24:20 - [MESSAGE][PASSED] - All options with index in [1] are selected on object 'Object Repository/MOH AND GRN/Page_KDMC - CMS/select_--Select--No Tax0'

2018-05-14 13:24:20 - [TEST_STEP][PASSED] - setText: Finding Test Object with id 'Object Repository/MOH AND GRN/Page_KDMC - CMS/input_txtmrp'

2018-05-14 13:24:20 - [TEST_STEP][PASSED] - Statement - switch (id): Finding Test Object with id 'Object Repository/MOH AND GRN/Page_KDMC - CMS/input_txtdeal'

2018-05-14 13:24:20 - [TEST_STEP][PASSED] - Statement - case 4:: Text '34.0' is set on object 'Object Repository/MOH AND GRN/Page_KDMC - CMS/input_txtmrp'

2018-05-14 13:24:20 - [TEST_STEP][PASSED] - Statement - return (java.lang.Math.floor((java.lang.Math.random() * ((max - min) + 1))) + min): Text '34.0' is set on object 'Object Repository/MOH AND GRN/Page_KDMC - CMS/input_txtmrp'

2018-05-14 13:24:20 - [MESSAGE][PASSED] - Text '34.0' is set on object 'Object Repository/MOH AND GRN/Page_KDMC - CMS/input_txtmrp'

2018-05-14 13:24:20 - [TEST_STEP][PASSED] - setText: Finding Test Object with id 'Object Repository/MOH AND GRN/Page_KDMC - CMS/input_txtdeal'

2018-05-14 13:24:20 - [TEST_STEP][PASSED] - Statement - switch (id): Finding Test Object with id 'Object Repository/MOH AND GRN/Page_KDMC - CMS/input_txtbatchno'

2018-05-14 13:24:20 - [TEST_STEP][PASSED] - Statement - case 5:: Text '4.0' is set on object 'Object Repository/MOH AND GRN/Page_KDMC - CMS/input_txtdeal'

2018-05-14 13:24:20 - [TEST_STEP][PASSED] - Statement - return (java.lang.Math.floor((java.lang.Math.random() * ((max - min) + 1))) + min): Text '4.0' is set on object 'Object Repository/MOH AND GRN/Page_KDMC - CMS/input_txtdeal'

2018-05-14 13:24:20 - [MESSAGE][PASSED] - Text '4.0' is set on object 'Object Repository/MOH AND GRN/Page_KDMC - CMS/input_txtdeal'

2018-05-14 13:24:20 - [TEST_STEP][PASSED] - setText: Finding Test Object with id 'Object Repository/MOH AND GRN/Page_KDMC - CMS/input_txtbatchno'

2018-05-14 13:24:20 - [TEST_STEP][PASSED] - Statement - switch (id): Finding Test Object with id 'Object Repository/MOH AND GRN/Page_KDMC - CMS/input_txtmrp'

2018-05-14 13:24:20 - [TEST_STEP][PASSED] - Statement - case 1:: Text 'BA722.0' is set on object 'Object Repository/MOH AND GRN/Page_KDMC - CMS/input_txtbatchno'

2018-05-14 13:24:20 - [TEST_STEP][PASSED] - Statement - return (java.lang.Math.floor((java.lang.Math.random() * ((max - min) + 1))) + min): Text 'BA722.0' is set on object 'Object Repository/MOH AND GRN/Page_KDMC - CMS/input_txtbatchno'

2018-05-14 13:24:20 - [MESSAGE][PASSED] - Text 'BA722.0' is set on object 'Object Repository/MOH AND GRN/Page_KDMC - CMS/input_txtbatchno'

2018-05-14 13:24:20 - [TEST_STEP][PASSED] - rightClick: Object: 'Object Repository/GRN/Page_KDMC - CMS/input_txtexpdate' is right clicked on

2018-05-14 13:24:20 - [MESSAGE][PASSED] - Object: 'Object Repository/GRN/Page_KDMC - CMS/input_txtexpdate' is right clicked on

2018-05-14 13:24:20 - [TEST_STEP][PASSED] - selectOptionByIndex: All options with index in [8] are selected on object 'Object Repository/GRN/Page_KDMC - CMS/select_20182019202020212022202'

2018-05-14 13:24:21 - [MESSAGE][PASSED] - All options with index in [8] are selected on object 'Object Repository/GRN/Page_KDMC - CMS/select_20182019202020212022202'

2018-05-14 13:24:21 - [TEST_STEP][PASSED] - selectOptionByIndex: All options with index in [8] are selected on object 'Object Repository/GRN/Page_KDMC - CMS/select_JanFebMarAprMayJunJulAu'

2018-05-14 13:24:21 - [MESSAGE][PASSED] - All options with index in [8] are selected on object 'Object Repository/GRN/Page_KDMC - CMS/select_JanFebMarAprMayJunJulAu'

2018-05-14 13:24:21 - [TEST_STEP][PASSED] - click: Object: 'Object Repository/MOH AND GRN/Page_KDMC - CMS/a_12' is clicked on

2018-05-14 13:24:21 - [MESSAGE][PASSED] - Object: 'Object Repository/MOH AND GRN/Page_KDMC - CMS/a_12' is clicked on

2018-05-14 13:24:21 - [TEST_STEP][PASSED] - click: Object: 'Object Repository/MOH AND GRN/Page_KDMC - CMS/input_btnadd' is clicked on

2018-05-14 13:24:21 - [MESSAGE][PASSED] - Object: 'Object Repository/MOH AND GRN/Page_KDMC - CMS/input_btnadd' is clicked on

2018-05-14 13:24:21 - [TEST_STEP][PASSED] - Statement - If (s == 10): null

2018-05-14 13:24:21 - [TEST_STEP][PASSED] - Statement - Else: null

2018-05-14 13:24:21 - [TEST_STEP][PASSED] - Statement - (s++): null

2018-05-14 13:24:21 - [TEST_STEP][PASSED] - delay: Delayed 1 second(s)

2018-05-14 13:24:22 - [MESSAGE][PASSED] - Delayed 1 second(s)

2018-05-14 13:24:22 - [TEST_STEP][PASSED] - selectOptionByIndex: All options with index in [9] are selected on object 'Object Repository/MOH AND GRN/Page_KDMC - CMS/select_--Select--Amikacin -500'

2018-05-14 13:24:22 - [MESSAGE][PASSED] - All options with index in [9] are selected on object 'Object Repository/MOH AND GRN/Page_KDMC - CMS/select_--Select--Amikacin -500'

2018-05-14 13:24:22 - [TEST_STEP][PASSED] - setText: Text '5000' is set on object 'Object Repository/MOH AND GRN/Page_KDMC - CMS/input_txtqty'

2018-05-14 13:24:22 - [MESSAGE][PASSED] - Text '5000' is set on object 'Object Repository/MOH AND GRN/Page_KDMC - CMS/input_txtqty'

2018-05-14 13:24:22 - [TEST_STEP][PASSED] - selectOptionByIndex: All options with index in [1] are selected on object 'Object Repository/MOH AND GRN/Page_KDMC - CMS/select_--Select--No Tax0'

2018-05-14 13:24:23 - [MESSAGE][PASSED] - All options with index in [1] are selected on object 'Object Repository/MOH AND GRN/Page_KDMC - CMS/select_--Select--No Tax0'

2018-05-14 13:24:23 - [TEST_STEP][PASSED] - setText: Finding Test Object with id 'Object Repository/MOH AND GRN/Page_KDMC - CMS/input_txtmrp'

2018-05-14 13:24:23 - [TEST_STEP][PASSED] - Statement - switch (id): Finding Test Object with id 'Object Repository/MOH AND GRN/Page_KDMC - CMS/input_txtdeal'

2018-05-14 13:24:23 - [TEST_STEP][PASSED] - Statement - case 4:: Text '23.0' is set on object 'Object Repository/MOH AND GRN/Page_KDMC - CMS/input_txtmrp'

2018-05-14 13:24:23 - [TEST_STEP][PASSED] - Statement - return (java.lang.Math.floor((java.lang.Math.random() * ((max - min) + 1))) + min): Text '23.0' is set on object 'Object Repository/MOH AND GRN/Page_KDMC - CMS/input_txtmrp'

2018-05-14 13:24:23 - [MESSAGE][PASSED] - Text '23.0' is set on object 'Object Repository/MOH AND GRN/Page_KDMC - CMS/input_txtmrp'

2018-05-14 13:24:23 - [TEST_STEP][PASSED] - setText: Finding Test Object with id 'Object Repository/MOH AND GRN/Page_KDMC - CMS/input_txtdeal'

2018-05-14 13:24:23 - [TEST_STEP][PASSED] - Statement - switch (id): Finding Test Object with id 'Object Repository/MOH AND GRN/Page_KDMC - CMS/input_txtbatchno'

2018-05-14 13:24:23 - [TEST_STEP][PASSED] - Statement - case 5:: Text '10.0' is set on object 'Object Repository/MOH AND GRN/Page_KDMC - CMS/input_txtdeal'

2018-05-14 13:24:23 - [TEST_STEP][PASSED] - Statement - return (java.lang.Math.floor((java.lang.Math.random() * ((max - min) + 1))) + min): Text '10.0' is set on object 'Object Repository/MOH AND GRN/Page_KDMC - CMS/input_txtdeal'

2018-05-14 13:24:23 - [MESSAGE][PASSED] - Text '10.0' is set on object 'Object Repository/MOH AND GRN/Page_KDMC - CMS/input_txtdeal'

2018-05-14 13:24:23 - [TEST_STEP][PASSED] - setText: Finding Test Object with id 'Object Repository/MOH AND GRN/Page_KDMC - CMS/input_txtbatchno'

2018-05-14 13:24:23 - [TEST_STEP][PASSED] - Statement - switch (id): Finding Test Object with id 'Object Repository/MOH AND GRN/Page_KDMC - CMS/input_txtmrp'

2018-05-14 13:24:23 - [TEST_STEP][PASSED] - Statement - case 1:: Text 'BA618.0' is set on object 'Object Repository/MOH AND GRN/Page_KDMC - CMS/input_txtbatchno'

2018-05-14 13:24:23 - [TEST_STEP][PASSED] - Statement - return (java.lang.Math.floor((java.lang.Math.random() * ((max - min) + 1))) + min): Text 'BA618.0' is set on object 'Object Repository/MOH AND GRN/Page_KDMC - CMS/input_txtbatchno'

2018-05-14 13:24:23 - [MESSAGE][PASSED] - Text 'BA618.0' is set on object 'Object Repository/MOH AND GRN/Page_KDMC - CMS/input_txtbatchno'

2018-05-14 13:24:23 - [TEST_STEP][PASSED] - rightClick: Object: 'Object Repository/GRN/Page_KDMC - CMS/input_txtexpdate' is right clicked on

2018-05-14 13:24:23 - [MESSAGE][PASSED] - Object: 'Object Repository/GRN/Page_KDMC - CMS/input_txtexpdate' is right clicked on

2018-05-14 13:24:23 - [TEST_STEP][PASSED] - selectOptionByIndex: All options with index in [9] are selected on object 'Object Repository/GRN/Page_KDMC - CMS/select_20182019202020212022202'

2018-05-14 13:24:23 - [MESSAGE][PASSED] - All options with index in [9] are selected on object 'Object Repository/GRN/Page_KDMC - CMS/select_20182019202020212022202'

2018-05-14 13:24:23 - [TEST_STEP][PASSED] - selectOptionByIndex: All options with index in [9] are selected on object 'Object Repository/GRN/Page_KDMC - CMS/select_JanFebMarAprMayJunJulAu'

2018-05-14 13:24:24 - [MESSAGE][PASSED] - All options with index in [9] are selected on object 'Object Repository/GRN/Page_KDMC - CMS/select_JanFebMarAprMayJunJulAu'

2018-05-14 13:24:24 - [TEST_STEP][PASSED] - click: Object: 'Object Repository/MOH AND GRN/Page_KDMC - CMS/a_12' is clicked on

2018-05-14 13:24:24 - [MESSAGE][PASSED] - Object: 'Object Repository/MOH AND GRN/Page_KDMC - CMS/a_12' is clicked on

2018-05-14 13:24:24 - [TEST_STEP][PASSED] - click: Object: 'Object Repository/MOH AND GRN/Page_KDMC - CMS/input_btnadd' is clicked on

2018-05-14 13:24:24 - [MESSAGE][PASSED] - Object: 'Object Repository/MOH AND GRN/Page_KDMC - CMS/input_btnadd' is clicked on

2018-05-14 13:24:24 - [TEST_STEP][PASSED] - Statement - If (s == 10): null

2018-05-14 13:24:24 - [TEST_STEP][PASSED] - Statement - Else: null

2018-05-14 13:24:24 - [TEST_STEP][PASSED] - Statement - (s++): null

2018-05-14 13:24:24 - [TEST_STEP][PASSED] - delay: Delayed 1 second(s)

2018-05-14 13:24:25 - [MESSAGE][PASSED] - Delayed 1 second(s)

2018-05-14 13:24:25 - [TEST_STEP][PASSED] - selectOptionByIndex: All options with index in [10] are selected on object 'Object Repository/MOH AND GRN/Page_KDMC - CMS/select_--Select--Amikacin -500'

2018-05-14 13:24:25 - [MESSAGE][PASSED] - All options with index in [10] are selected on object 'Object Repository/MOH AND GRN/Page_KDMC - CMS/select_--Select--Amikacin -500'

2018-05-14 13:24:25 - [TEST_STEP][PASSED] - setText: Text '5000' is set on object 'Object Repository/MOH AND GRN/Page_KDMC - CMS/input_txtqty'

2018-05-14 13:24:25 - [MESSAGE][PASSED] - Text '5000' is set on object 'Object Repository/MOH AND GRN/Page_KDMC - CMS/input_txtqty'

2018-05-14 13:24:25 - [TEST_STEP][PASSED] - selectOptionByIndex: All options with index in [1] are selected on object 'Object Repository/MOH AND GRN/Page_KDMC - CMS/select_--Select--No Tax0'

2018-05-14 13:24:25 - [MESSAGE][PASSED] - All options with index in [1] are selected on object 'Object Repository/MOH AND GRN/Page_KDMC - CMS/select_--Select--No Tax0'

2018-05-14 13:24:25 - [TEST_STEP][PASSED] - setText: Finding Test Object with id 'Object Repository/MOH AND GRN/Page_KDMC - CMS/input_txtmrp'

2018-05-14 13:24:25 - [TEST_STEP][PASSED] - Statement - switch (id): Finding Test Object with id 'Object Repository/MOH AND GRN/Page_KDMC - CMS/input_txtdeal'

2018-05-14 13:24:25 - [TEST_STEP][PASSED] - Statement - case 4:: Text '23.0' is set on object 'Object Repository/MOH AND GRN/Page_KDMC - CMS/input_txtmrp'

2018-05-14 13:24:25 - [TEST_STEP][PASSED] - Statement - return (java.lang.Math.floor((java.lang.Math.random() * ((max - min) + 1))) + min): Text '23.0' is set on object 'Object Repository/MOH AND GRN/Page_KDMC - CMS/input_txtmrp'

2018-05-14 13:24:25 - [MESSAGE][PASSED] - Text '23.0' is set on object 'Object Repository/MOH AND GRN/Page_KDMC - CMS/input_txtmrp'

2018-05-14 13:24:25 - [TEST_STEP][PASSED] - setText: Finding Test Object with id 'Object Repository/MOH AND GRN/Page_KDMC - CMS/input_txtdeal'

2018-05-14 13:24:25 - [TEST_STEP][PASSED] - Statement - switch (id): Finding Test Object with id 'Object Repository/MOH AND GRN/Page_KDMC - CMS/input_txtbatchno'

2018-05-14 13:24:25 - [TEST_STEP][PASSED] - Statement - case 5:: Text '1.0' is set on object 'Object Repository/MOH AND GRN/Page_KDMC - CMS/input_txtdeal'

2018-05-14 13:24:25 - [TEST_STEP][PASSED] - Statement - return (java.lang.Math.floor((java.lang.Math.random() * ((max - min) + 1))) + min): Text '1.0' is set on object 'Object Repository/MOH AND GRN/Page_KDMC - CMS/input_txtdeal'

2018-05-14 13:24:25 - [MESSAGE][PASSED] - Text '1.0' is set on object 'Object Repository/MOH AND GRN/Page_KDMC - CMS/input_txtdeal'

2018-05-14 13:24:25 - [TEST_STEP][PASSED] - setText: Finding Test Object with id 'Object Repository/MOH AND GRN/Page_KDMC - CMS/input_txtbatchno'

2018-05-14 13:24:25 - [TEST_STEP][PASSED] - Statement - switch (id): Finding Test Object with id 'Object Repository/MOH AND GRN/Page_KDMC - CMS/input_txtmrp'

2018-05-14 13:24:25 - [TEST_STEP][PASSED] - Statement - case 1:: Text 'BA324.0' is set on object 'Object Repository/MOH AND GRN/Page_KDMC - CMS/input_txtbatchno'

2018-05-14 13:24:25 - [TEST_STEP][PASSED] - Statement - return (java.lang.Math.floor((java.lang.Math.random() * ((max - min) + 1))) + min): Text 'BA324.0' is set on object 'Object Repository/MOH AND GRN/Page_KDMC - CMS/input_txtbatchno'

2018-05-14 13:24:25 - [MESSAGE][PASSED] - Text 'BA324.0' is set on object 'Object Repository/MOH AND GRN/Page_KDMC - CMS/input_txtbatchno'

2018-05-14 13:24:25 - [TEST_STEP][PASSED] - rightClick: Object: 'Object Repository/GRN/Page_KDMC - CMS/input_txtexpdate' is right clicked on

2018-05-14 13:24:26 - [MESSAGE][PASSED] - Object: 'Object Repository/GRN/Page_KDMC - CMS/input_txtexpdate' is right clicked on

2018-05-14 13:24:26 - [TEST_STEP][PASSED] - selectOptionByIndex: All options with index in [10] are selected on object 'Object Repository/GRN/Page_KDMC - CMS/select_20182019202020212022202'

2018-05-14 13:24:26 - [MESSAGE][PASSED] - All options with index in [10] are selected on object 'Object Repository/GRN/Page_KDMC - CMS/select_20182019202020212022202'

2018-05-14 13:24:26 - [TEST_STEP][PASSED] - selectOptionByIndex: All options with index in [10] are selected on object 'Object Repository/GRN/Page_KDMC - CMS/select_JanFebMarAprMayJunJulAu'

2018-05-14 13:24:26 - [MESSAGE][PASSED] - All options with index in [10] are selected on object 'Object Repository/GRN/Page_KDMC - CMS/select_JanFebMarAprMayJunJulAu'

2018-05-14 13:24:26 - [TEST_STEP][PASSED] - click: Object: 'Object Repository/MOH AND GRN/Page_KDMC - CMS/a_12' is clicked on

2018-05-14 13:24:26 - [MESSAGE][PASSED] - Object: 'Object Repository/MOH AND GRN/Page_KDMC - CMS/a_12' is clicked on

2018-05-14 13:24:26 - [TEST_STEP][PASSED] - click: Object: 'Object Repository/MOH AND GRN/Page_KDMC - CMS/input_btnadd' is clicked on

2018-05-14 13:24:26 - [MESSAGE][PASSED] - Object: 'Object Repository/MOH AND GRN/Page_KDMC - CMS/input_btnadd' is clicked on

2018-05-14 13:24:26 - [TEST_STEP][PASSED] - Statement - If (s == 10): null

2018-05-14 13:24:26 - [TEST_STEP][PASSED] - Statement - s = 1: null

2018-05-14 13:24:26 - [TEST_STEP][PASSED] - delay: Delayed 1 second(s)

2018-05-14 13:24:27 - [MESSAGE][PASSED] - Delayed 1 second(s)

2018-05-14 13:24:27 - [TEST_STEP][PASSED] - selectOptionByIndex: All options with index in [11] are selected on object 'Object Repository/MOH AND GRN/Page_KDMC - CMS/select_--Select--Amikacin -500'

2018-05-14 13:24:27 - [MESSAGE][PASSED] - All options with index in [11] are selected on object 'Object Repository/MOH AND GRN/Page_KDMC - CMS/select_--Select--Amikacin -500'

2018-05-14 13:24:27 - [TEST_STEP][PASSED] - setText: Text '5000' is set on object 'Object Repository/MOH AND GRN/Page_KDMC - CMS/input_txtqty'

2018-05-14 13:24:28 - [MESSAGE][PASSED] - Text '5000' is set on object 'Object Repository/MOH AND GRN/Page_KDMC - CMS/input_txtqty'

2018-05-14 13:24:28 - [TEST_STEP][PASSED] - selectOptionByIndex: All options with index in [1] are selected on object 'Object Repository/MOH AND GRN/Page_KDMC - CMS/select_--Select--No Tax0'

2018-05-14 13:24:28 - [MESSAGE][PASSED] - All options with index in [1] are selected on object 'Object Repository/MOH AND GRN/Page_KDMC - CMS/select_--Select--No Tax0'

2018-05-14 13:24:28 - [TEST_STEP][PASSED] - setText: Finding Test Object with id 'Object Repository/MOH AND GRN/Page_KDMC - CMS/input_txtmrp'

2018-05-14 13:24:28 - [TEST_STEP][PASSED] - Statement - switch (id): Finding Test Object with id 'Object Repository/MOH AND GRN/Page_KDMC - CMS/input_txtdeal'

2018-05-14 13:24:28 - [TEST_STEP][PASSED] - Statement - case 4:: Text '43.0' is set on object 'Object Repository/MOH AND GRN/Page_KDMC - CMS/input_txtmrp'

2018-05-14 13:24:28 - [TEST_STEP][PASSED] - Statement - return (java.lang.Math.floor((java.lang.Math.random() * ((max - min) + 1))) + min): Text '43.0' is set on object 'Object Repository/MOH AND GRN/Page_KDMC - CMS/input_txtmrp'

2018-05-14 13:24:28 - [MESSAGE][PASSED] - Text '43.0' is set on object 'Object Repository/MOH AND GRN/Page_KDMC - CMS/input_txtmrp'

2018-05-14 13:24:28 - [TEST_STEP][PASSED] - setText: Finding Test Object with id 'Object Repository/MOH AND GRN/Page_KDMC - CMS/input_txtdeal'

2018-05-14 13:24:28 - [TEST_STEP][PASSED] - Statement - switch (id): Finding Test Object with id 'Object Repository/MOH AND GRN/Page_KDMC - CMS/input_txtbatchno'

2018-05-14 13:24:28 - [TEST_STEP][PASSED] - Statement - case 5:: Text '10.0' is set on object 'Object Repository/MOH AND GRN/Page_KDMC - CMS/input_txtdeal'

2018-05-14 13:24:28 - [TEST_STEP][PASSED] - Statement - return (java.lang.Math.floor((java.lang.Math.random() * ((max - min) + 1))) + min): Text '10.0' is set on object 'Object Repository/MOH AND GRN/Page_KDMC - CMS/input_txtdeal'

2018-05-14 13:24:28 - [MESSAGE][PASSED] - Text '10.0' is set on object 'Object Repository/MOH AND GRN/Page_KDMC - CMS/input_txtdeal'

2018-05-14 13:24:28 - [TEST_STEP][PASSED] - setText: Finding Test Object with id 'Object Repository/MOH AND GRN/Page_KDMC - CMS/input_txtbatchno'

2018-05-14 13:24:28 - [TEST_STEP][PASSED] - Statement - switch (id): Finding Test Object with id 'Object Repository/MOH AND GRN/Page_KDMC - CMS/input_txtmrp'

2018-05-14 13:24:28 - [TEST_STEP][PASSED] - Statement - case 1:: Text 'BA847.0' is set on object 'Object Repository/MOH AND GRN/Page_KDMC - CMS/input_txtbatchno'

2018-05-14 13:24:28 - [TEST_STEP][PASSED] - Statement - return (java.lang.Math.floor((java.lang.Math.random() * ((max - min) + 1))) + min): Text 'BA847.0' is set on object 'Object Repository/MOH AND GRN/Page_KDMC - CMS/input_txtbatchno'

2018-05-14 13:24:28 - [MESSAGE][PASSED] - Text 'BA847.0' is set on object 'Object Repository/MOH AND GRN/Page_KDMC - CMS/input_txtbatchno'

2018-05-14 13:24:28 - [TEST_STEP][PASSED] - rightClick: Object: 'Object Repository/GRN/Page_KDMC - CMS/input_txtexpdate' is right clicked on

2018-05-14 13:24:28 - [MESSAGE][PASSED] - Object: 'Object Repository/GRN/Page_KDMC - CMS/input_txtexpdate' is right clicked on

2018-05-14 13:24:28 - [TEST_STEP][PASSED] - selectOptionByIndex: All options with index in [1] are selected on object 'Object Repository/GRN/Page_KDMC - CMS/select_20182019202020212022202'

2018-05-14 13:24:28 - [MESSAGE][PASSED] - All options with index in [1] are selected on object 'Object Repository/GRN/Page_KDMC - CMS/select_20182019202020212022202'

2018-05-14 13:24:28 - [TEST_STEP][PASSED] - selectOptionByIndex: All options with index in [1] are selected on object 'Object Repository/GRN/Page_KDMC - CMS/select_JanFebMarAprMayJunJulAu'

2018-05-14 13:24:28 - [MESSAGE][PASSED] - All options with index in [1] are selected on object 'Object Repository/GRN/Page_KDMC - CMS/select_JanFebMarAprMayJunJulAu'

2018-05-14 13:24:28 - [TEST_STEP][PASSED] - click: Object: 'Object Repository/MOH AND GRN/Page_KDMC - CMS/a_12' is clicked on

2018-05-14 13:24:28 - [MESSAGE][PASSED] - Object: 'Object Repository/MOH AND GRN/Page_KDMC - CMS/a_12' is clicked on

2018-05-14 13:24:28 - [TEST_STEP][PASSED] - click: Object: 'Object Repository/MOH AND GRN/Page_KDMC - CMS/input_btnadd' is clicked on

2018-05-14 13:24:29 - [MESSAGE][PASSED] - Object: 'Object Repository/MOH AND GRN/Page_KDMC - CMS/input_btnadd' is clicked on

2018-05-14 13:24:29 - [TEST_STEP][PASSED] - Statement - If (s == 10): null

2018-05-14 13:24:29 - [TEST_STEP][PASSED] - Statement - Else: null

2018-05-14 13:24:29 - [TEST_STEP][PASSED] - Statement - (s++): null

2018-05-14 13:24:29 - [TEST_STEP][PASSED] - delay: Delayed 1 second(s)

2018-05-14 13:24:30 - [MESSAGE][PASSED] - Delayed 1 second(s)

2018-05-14 13:24:30 - [TEST_STEP][PASSED] - selectOptionByIndex: All options with index in [12] are selected on object 'Object Repository/MOH AND GRN/Page_KDMC - CMS/select_--Select--Amikacin -500'

2018-05-14 13:24:30 - [MESSAGE][PASSED] - All options with index in [12] are selected on object 'Object Repository/MOH AND GRN/Page_KDMC - CMS/select_--Select--Amikacin -500'

2018-05-14 13:24:30 - [TEST_STEP][PASSED] - setText: Text '5000' is set on object 'Object Repository/MOH AND GRN/Page_KDMC - CMS/input_txtqty'

2018-05-14 13:24:30 - [MESSAGE][PASSED] - Text '5000' is set on object 'Object Repository/MOH AND GRN/Page_KDMC - CMS/input_txtqty'

2018-05-14 13:24:30 - [TEST_STEP][PASSED] - selectOptionByIndex: All options with index in [1] are selected on object 'Object Repository/MOH AND GRN/Page_KDMC - CMS/select_--Select--No Tax0'

2018-05-14 13:24:30 - [MESSAGE][PASSED] - All options with index in [1] are selected on object 'Object Repository/MOH AND GRN/Page_KDMC - CMS/select_--Select--No Tax0'

2018-05-14 13:24:30 - [TEST_STEP][PASSED] - setText: Finding Test Object with id 'Object Repository/MOH AND GRN/Page_KDMC - CMS/input_txtmrp'

2018-05-14 13:24:30 - [TEST_STEP][PASSED] - Statement - switch (id): Finding Test Object with id 'Object Repository/MOH AND GRN/Page_KDMC - CMS/input_txtdeal'

2018-05-14 13:24:30 - [TEST_STEP][PASSED] - Statement - case 4:: Text '25.0' is set on object 'Object Repository/MOH AND GRN/Page_KDMC - CMS/input_txtmrp'

2018-05-14 13:24:30 - [TEST_STEP][PASSED] - Statement - return (java.lang.Math.floor((java.lang.Math.random() * ((max - min) + 1))) + min): Text '25.0' is set on object 'Object Repository/MOH AND GRN/Page_KDMC - CMS/input_txtmrp'

2018-05-14 13:24:30 - [MESSAGE][PASSED] - Text '25.0' is set on object 'Object Repository/MOH AND GRN/Page_KDMC - CMS/input_txtmrp'

2018-05-14 13:24:30 - [TEST_STEP][PASSED] - setText: Finding Test Object with id 'Object Repository/MOH AND GRN/Page_KDMC - CMS/input_txtdeal'

2018-05-14 13:24:30 - [TEST_STEP][PASSED] - Statement - switch (id): Finding Test Object with id 'Object Repository/MOH AND GRN/Page_KDMC - CMS/input_txtbatchno'

2018-05-14 13:24:30 - [TEST_STEP][PASSED] - Statement - case 5:: Text '12.0' is set on object 'Object Repository/MOH AND GRN/Page_KDMC - CMS/input_txtdeal'

2018-05-14 13:24:30 - [TEST_STEP][PASSED] - Statement - return (java.lang.Math.floor((java.lang.Math.random() * ((max - min) + 1))) + min): Text '12.0' is set on object 'Object Repository/MOH AND GRN/Page_KDMC - CMS/input_txtdeal'

2018-05-14 13:24:30 - [MESSAGE][PASSED] - Text '12.0' is set on object 'Object Repository/MOH AND GRN/Page_KDMC - CMS/input_txtdeal'

2018-05-14 13:24:30 - [TEST_STEP][PASSED] - setText: Finding Test Object with id 'Object Repository/MOH AND GRN/Page_KDMC - CMS/input_txtbatchno'

2018-05-14 13:24:30 - [TEST_STEP][PASSED] - Statement - switch (id): Finding Test Object with id 'Object Repository/MOH AND GRN/Page_KDMC - CMS/input_txtmrp'

2018-05-14 13:24:30 - [TEST_STEP][PASSED] - Statement - case 1:: Text 'BA384.0' is set on object 'Object Repository/MOH AND GRN/Page_KDMC - CMS/input_txtbatchno'

2018-05-14 13:24:30 - [TEST_STEP][PASSED] - Statement - return (java.lang.Math.floor((java.lang.Math.random() * ((max - min) + 1))) + min): Text 'BA384.0' is set on object 'Object Repository/MOH AND GRN/Page_KDMC - CMS/input_txtbatchno'

2018-05-14 13:24:30 - [MESSAGE][PASSED] - Text 'BA384.0' is set on object 'Object Repository/MOH AND GRN/Page_KDMC - CMS/input_txtbatchno'

2018-05-14 13:24:30 - [TEST_STEP][PASSED] - rightClick: Object: 'Object Repository/GRN/Page_KDMC - CMS/input_txtexpdate' is right clicked on

2018-05-14 13:24:30 - [MESSAGE][PASSED] - Object: 'Object Repository/GRN/Page_KDMC - CMS/input_txtexpdate' is right clicked on

2018-05-14 13:24:30 - [TEST_STEP][PASSED] - selectOptionByIndex: All options with index in [2] are selected on object 'Object Repository/GRN/Page_KDMC - CMS/select_20182019202020212022202'

2018-05-14 13:24:31 - [MESSAGE][PASSED] - All options with index in [2] are selected on object 'Object Repository/GRN/Page_KDMC - CMS/select_20182019202020212022202'

2018-05-14 13:24:31 - [TEST_STEP][PASSED] - selectOptionByIndex: All options with index in [2] are selected on object 'Object Repository/GRN/Page_KDMC - CMS/select_JanFebMarAprMayJunJulAu'

2018-05-14 13:24:31 - [MESSAGE][PASSED] - All options with index in [2] are selected on object 'Object Repository/GRN/Page_KDMC - CMS/select_JanFebMarAprMayJunJulAu'

2018-05-14 13:24:31 - [TEST_STEP][PASSED] - click: Object: 'Object Repository/MOH AND GRN/Page_KDMC - CMS/a_12' is clicked on

2018-05-14 13:24:31 - [MESSAGE][PASSED] - Object: 'Object Repository/MOH AND GRN/Page_KDMC - CMS/a_12' is clicked on

2018-05-14 13:24:31 - [TEST_STEP][PASSED] - click: Object: 'Object Repository/MOH AND GRN/Page_KDMC - CMS/input_btnadd' is clicked on

2018-05-14 13:24:31 - [MESSAGE][PASSED] - Object: 'Object Repository/MOH AND GRN/Page_KDMC - CMS/input_btnadd' is clicked on

2018-05-14 13:24:31 - [TEST_STEP][PASSED] - Statement - If (s == 10): null

2018-05-14 13:24:31 - [TEST_STEP][PASSED] - Statement - Else: null

2018-05-14 13:24:31 - [TEST_STEP][PASSED] - Statement - (s++): null

2018-05-14 13:24:31 - [TEST_STEP][PASSED] - delay: Delayed 1 second(s)

2018-05-14 13:24:32 - [MESSAGE][PASSED] - Delayed 1 second(s)

2018-05-14 13:24:32 - [TEST_STEP][PASSED] - selectOptionByIndex: All options with index in [13] are selected on object 'Object Repository/MOH AND GRN/Page_KDMC - CMS/select_--Select--Amikacin -500'

2018-05-14 13:24:32 - [MESSAGE][PASSED] - All options with index in [13] are selected on object 'Object Repository/MOH AND GRN/Page_KDMC - CMS/select_--Select--Amikacin -500'

2018-05-14 13:24:32 - [TEST_STEP][PASSED] - setText: Text '5000' is set on object 'Object Repository/MOH AND GRN/Page_KDMC - CMS/input_txtqty'

2018-05-14 13:24:32 - [MESSAGE][PASSED] - Text '5000' is set on object 'Object Repository/MOH AND GRN/Page_KDMC - CMS/input_txtqty'

2018-05-14 13:24:32 - [TEST_STEP][PASSED] - selectOptionByIndex: All options with index in [1] are selected on object 'Object Repository/MOH AND GRN/Page_KDMC - CMS/select_--Select--No Tax0'

2018-05-14 13:24:32 - [MESSAGE][PASSED] - All options with index in [1] are selected on object 'Object Repository/MOH AND GRN/Page_KDMC - CMS/select_--Select--No Tax0'

2018-05-14 13:24:32 - [TEST_STEP][PASSED] - setText: Finding Test Object with id 'Object Repository/MOH AND GRN/Page_KDMC - CMS/input_txtmrp'

2018-05-14 13:24:32 - [TEST_STEP][PASSED] - Statement - switch (id): Finding Test Object with id 'Object Repository/MOH AND GRN/Page_KDMC - CMS/input_txtdeal'

2018-05-14 13:24:32 - [TEST_STEP][PASSED] - Statement - case 4:: Text '18.0' is set on object 'Object Repository/MOH AND GRN/Page_KDMC - CMS/input_txtmrp'

2018-05-14 13:24:32 - [TEST_STEP][PASSED] - Statement - return (java.lang.Math.floor((java.lang.Math.random() * ((max - min) + 1))) + min): Text '18.0' is set on object 'Object Repository/MOH AND GRN/Page_KDMC - CMS/input_txtmrp'

2018-05-14 13:24:33 - [MESSAGE][PASSED] - Text '18.0' is set on object 'Object Repository/MOH AND GRN/Page_KDMC - CMS/input_txtmrp'

2018-05-14 13:24:33 - [TEST_STEP][PASSED] - setText: Finding Test Object with id 'Object Repository/MOH AND GRN/Page_KDMC - CMS/input_txtdeal'

2018-05-14 13:24:33 - [TEST_STEP][PASSED] - Statement - switch (id): Finding Test Object with id 'Object Repository/MOH AND GRN/Page_KDMC - CMS/input_txtbatchno'

2018-05-14 13:24:33 - [TEST_STEP][PASSED] - Statement - case 5:: Text '2.0' is set on object 'Object Repository/MOH AND GRN/Page_KDMC - CMS/input_txtdeal'

2018-05-14 13:24:33 - [TEST_STEP][PASSED] - Statement - return (java.lang.Math.floor((java.lang.Math.random() * ((max - min) + 1))) + min): Text '2.0' is set on object 'Object Repository/MOH AND GRN/Page_KDMC - CMS/input_txtdeal'

2018-05-14 13:24:33 - [MESSAGE][PASSED] - Text '2.0' is set on object 'Object Repository/MOH AND GRN/Page_KDMC - CMS/input_txtdeal'

2018-05-14 13:24:33 - [TEST_STEP][PASSED] - setText: Finding Test Object with id 'Object Repository/MOH AND GRN/Page_KDMC - CMS/input_txtbatchno'

2018-05-14 13:24:33 - [TEST_STEP][PASSED] - Statement - switch (id): Finding Test Object with id 'Object Repository/MOH AND GRN/Page_KDMC - CMS/input_txtmrp'

2018-05-14 13:24:33 - [TEST_STEP][PASSED] - Statement - case 1:: Text 'BA115.0' is set on object 'Object Repository/MOH AND GRN/Page_KDMC - CMS/input_txtbatchno'

2018-05-14 13:24:33 - [TEST_STEP][PASSED] - Statement - return (java.lang.Math.floor((java.lang.Math.random() * ((max - min) + 1))) + min): Text 'BA115.0' is set on object 'Object Repository/MOH AND GRN/Page_KDMC - CMS/input_txtbatchno'

2018-05-14 13:24:33 - [MESSAGE][PASSED] - Text 'BA115.0' is set on object 'Object Repository/MOH AND GRN/Page_KDMC - CMS/input_txtbatchno'

2018-05-14 13:24:33 - [TEST_STEP][PASSED] - rightClick: Object: 'Object Repository/GRN/Page_KDMC - CMS/input_txtexpdate' is right clicked on

2018-05-14 13:24:33 - [MESSAGE][PASSED] - Object: 'Object Repository/GRN/Page_KDMC - CMS/input_txtexpdate' is right clicked on

2018-05-14 13:24:33 - [TEST_STEP][PASSED] - selectOptionByIndex: All options with index in [3] are selected on object 'Object Repository/GRN/Page_KDMC - CMS/select_20182019202020212022202'

2018-05-14 13:24:33 - [MESSAGE][PASSED] - All options with index in [3] are selected on object 'Object Repository/GRN/Page_KDMC - CMS/select_20182019202020212022202'

2018-05-14 13:24:33 - [TEST_STEP][PASSED] - selectOptionByIndex: All options with index in [3] are selected on object 'Object Repository/GRN/Page_KDMC - CMS/select_JanFebMarAprMayJunJulAu'

2018-05-14 13:24:33 - [MESSAGE][PASSED] - All options with index in [3] are selected on object 'Object Repository/GRN/Page_KDMC - CMS/select_JanFebMarAprMayJunJulAu'

2018-05-14 13:24:33 - [TEST_STEP][PASSED] - click: Object: 'Object Repository/MOH AND GRN/Page_KDMC - CMS/a_12' is clicked on

2018-05-14 13:24:33 - [MESSAGE][PASSED] - Object: 'Object Repository/MOH AND GRN/Page_KDMC - CMS/a_12' is clicked on

2018-05-14 13:24:33 - [TEST_STEP][PASSED] - click: Object: 'Object Repository/MOH AND GRN/Page_KDMC - CMS/input_btnadd' is clicked on

2018-05-14 13:24:33 - [MESSAGE][PASSED] - Object: 'Object Repository/MOH AND GRN/Page_KDMC - CMS/input_btnadd' is clicked on

2018-05-14 13:24:33 - [TEST_STEP][PASSED] - Statement - If (s == 10): null

2018-05-14 13:24:33 - [TEST_STEP][PASSED] - Statement - Else: null

2018-05-14 13:24:33 - [TEST_STEP][PASSED] - Statement - (s++): null

2018-05-14 13:24:33 - [TEST_STEP][PASSED] - delay: Delayed 1 second(s)

2018-05-14 13:24:34 - [MESSAGE][PASSED] - Delayed 1 second(s)

2018-05-14 13:24:34 - [TEST_STEP][PASSED] - selectOptionByIndex: All options with index in [14] are selected on object 'Object Repository/MOH AND GRN/Page_KDMC - CMS/select_--Select--Amikacin -500'

2018-05-14 13:24:35 - [MESSAGE][PASSED] - All options with index in [14] are selected on object 'Object Repository/MOH AND GRN/Page_KDMC - CMS/select_--Select--Amikacin -500'

2018-05-14 13:24:35 - [TEST_STEP][PASSED] - setText: Text '5000' is set on object 'Object Repository/MOH AND GRN/Page_KDMC - CMS/input_txtqty'

2018-05-14 13:24:35 - [MESSAGE][PASSED] - Text '5000' is set on object 'Object Repository/MOH AND GRN/Page_KDMC - CMS/input_txtqty'

2018-05-14 13:24:35 - [TEST_STEP][PASSED] - selectOptionByIndex: All options with index in [1] are selected on object 'Object Repository/MOH AND GRN/Page_KDMC - CMS/select_--Select--No Tax0'

2018-05-14 13:24:35 - [MESSAGE][PASSED] - All options with index in [1] are selected on object 'Object Repository/MOH AND GRN/Page_KDMC - CMS/select_--Select--No Tax0'

2018-05-14 13:24:35 - [TEST_STEP][PASSED] - setText: Finding Test Object with id 'Object Repository/MOH AND GRN/Page_KDMC - CMS/input_txtmrp'

2018-05-14 13:24:35 - [TEST_STEP][PASSED] - Statement - switch (id): Finding Test Object with id 'Object Repository/MOH AND GRN/Page_KDMC - CMS/input_txtdeal'

2018-05-14 13:24:35 - [TEST_STEP][PASSED] - Statement - case 4:: Text '34.0' is set on object 'Object Repository/MOH AND GRN/Page_KDMC - CMS/input_txtmrp'

2018-05-14 13:24:35 - [TEST_STEP][PASSED] - Statement - return (java.lang.Math.floor((java.lang.Math.random() * ((max - min) + 1))) + min): Text '34.0' is set on object 'Object Repository/MOH AND GRN/Page_KDMC - CMS/input_txtmrp'

2018-05-14 13:24:35 - [MESSAGE][PASSED] - Text '34.0' is set on object 'Object Repository/MOH AND GRN/Page_KDMC - CMS/input_txtmrp'

2018-05-14 13:24:35 - [TEST_STEP][PASSED] - setText: Finding Test Object with id 'Object Repository/MOH AND GRN/Page_KDMC - CMS/input_txtdeal'

2018-05-14 13:24:35 - [TEST_STEP][PASSED] - Statement - switch (id): Finding Test Object with id 'Object Repository/MOH AND GRN/Page_KDMC - CMS/input_txtbatchno'

2018-05-14 13:24:35 - [TEST_STEP][PASSED] - Statement - case 5:: Text '12.0' is set on object 'Object Repository/MOH AND GRN/Page_KDMC - CMS/input_txtdeal'

2018-05-14 13:24:35 - [TEST_STEP][PASSED] - Statement - return (java.lang.Math.floor((java.lang.Math.random() * ((max - min) + 1))) + min): Text '12.0' is set on object 'Object Repository/MOH AND GRN/Page_KDMC - CMS/input_txtdeal'

2018-05-14 13:24:35 - [MESSAGE][PASSED] - Text '12.0' is set on object 'Object Repository/MOH AND GRN/Page_KDMC - CMS/input_txtdeal'

2018-05-14 13:24:35 - [TEST_STEP][PASSED] - setText: Finding Test Object with id 'Object Repository/MOH AND GRN/Page_KDMC - CMS/input_txtbatchno'

2018-05-14 13:24:35 - [TEST_STEP][PASSED] - Statement - switch (id): Finding Test Object with id 'Object Repository/MOH AND GRN/Page_KDMC - CMS/input_txtmrp'

2018-05-14 13:24:35 - [TEST_STEP][PASSED] - Statement - case 1:: Text 'BA677.0' is set on object 'Object Repository/MOH AND GRN/Page_KDMC - CMS/input_txtbatchno'

2018-05-14 13:24:35 - [TEST_STEP][PASSED] - Statement - return (java.lang.Math.floor((java.lang.Math.random() * ((max - min) + 1))) + min): Text 'BA677.0' is set on object 'Object Repository/MOH AND GRN/Page_KDMC - CMS/input_txtbatchno'

2018-05-14 13:24:35 - [MESSAGE][PASSED] - Text 'BA677.0' is set on object 'Object Repository/MOH AND GRN/Page_KDMC - CMS/input_txtbatchno'

2018-05-14 13:24:35 - [TEST_STEP][PASSED] - rightClick: Object: 'Object Repository/GRN/Page_KDMC - CMS/input_txtexpdate' is right clicked on

2018-05-14 13:24:35 - [MESSAGE][PASSED] - Object: 'Object Repository/GRN/Page_KDMC - CMS/input_txtexpdate' is right clicked on

2018-05-14 13:24:35 - [TEST_STEP][PASSED] - selectOptionByIndex: All options with index in [4] are selected on object 'Object Repository/GRN/Page_KDMC - CMS/select_20182019202020212022202'

2018-05-14 13:24:35 - [MESSAGE][PASSED] - All options with index in [4] are selected on object 'Object Repository/GRN/Page_KDMC - CMS/select_20182019202020212022202'

2018-05-14 13:24:35 - [TEST_STEP][PASSED] - selectOptionByIndex: All options with index in [4] are selected on object 'Object Repository/GRN/Page_KDMC - CMS/select_JanFebMarAprMayJunJulAu'

2018-05-14 13:24:36 - [MESSAGE][PASSED] - All options with index in [4] are selected on object 'Object Repository/GRN/Page_KDMC - CMS/select_JanFebMarAprMayJunJulAu'

2018-05-14 13:24:36 - [TEST_STEP][PASSED] - click: Object: 'Object Repository/MOH AND GRN/Page_KDMC - CMS/a_12' is clicked on

2018-05-14 13:24:36 - [MESSAGE][PASSED] - Object: 'Object Repository/MOH AND GRN/Page_KDMC - CMS/a_12' is clicked on

2018-05-14 13:24:36 - [TEST_STEP][PASSED] - click: Object: 'Object Repository/MOH AND GRN/Page_KDMC - CMS/input_btnadd' is clicked on

2018-05-14 13:24:36 - [MESSAGE][PASSED] - Object: 'Object Repository/MOH AND GRN/Page_KDMC - CMS/input_btnadd' is clicked on

2018-05-14 13:24:36 - [TEST_STEP][PASSED] - Statement - If (s == 10): null

2018-05-14 13:24:36 - [TEST_STEP][PASSED] - Statement - Else: null

2018-05-14 13:24:36 - [TEST_STEP][PASSED] - Statement - (s++): null

2018-05-14 13:24:36 - [TEST_STEP][PASSED] - delay: Delayed 1 second(s)

2018-05-14 13:24:37 - [MESSAGE][PASSED] - Delayed 1 second(s)

2018-05-14 13:24:37 - [TEST_STEP][PASSED] - selectOptionByIndex: All options with index in [15] are selected on object 'Object Repository/MOH AND GRN/Page_KDMC - CMS/select_--Select--Amikacin -500'

2018-05-14 13:24:37 - [MESSAGE][PASSED] - All options with index in [15] are selected on object 'Object Repository/MOH AND GRN/Page_KDMC - CMS/select_--Select--Amikacin -500'

2018-05-14 13:24:37 - [TEST_STEP][PASSED] - setText: Text '5000' is set on object 'Object Repository/MOH AND GRN/Page_KDMC - CMS/input_txtqty'

2018-05-14 13:24:37 - [MESSAGE][PASSED] - Text '5000' is set on object 'Object Repository/MOH AND GRN/Page_KDMC - CMS/input_txtqty'

2018-05-14 13:24:37 - [TEST_STEP][PASSED] - selectOptionByIndex: All options with index in [1] are selected on object 'Object Repository/MOH AND GRN/Page_KDMC - CMS/select_--Select--No Tax0'

2018-05-14 13:24:37 - [MESSAGE][PASSED] - All options with index in [1] are selected on object 'Object Repository/MOH AND GRN/Page_KDMC - CMS/select_--Select--No Tax0'

2018-05-14 13:24:37 - [TEST_STEP][PASSED] - setText: Finding Test Object with id 'Object Repository/MOH AND GRN/Page_KDMC - CMS/input_txtmrp'

2018-05-14 13:24:37 - [TEST_STEP][PASSED] - Statement - switch (id): Finding Test Object with id 'Object Repository/MOH AND GRN/Page_KDMC - CMS/input_txtdeal'

2018-05-14 13:24:37 - [TEST_STEP][PASSED] - Statement - case 4:: Text '23.0' is set on object 'Object Repository/MOH AND GRN/Page_KDMC - CMS/input_txtmrp'

2018-05-14 13:24:37 - [TEST_STEP][PASSED] - Statement - return (java.lang.Math.floor((java.lang.Math.random() * ((max - min) + 1))) + min): Text '23.0' is set on object 'Object Repository/MOH AND GRN/Page_KDMC - CMS/input_txtmrp'

2018-05-14 13:24:37 - [MESSAGE][PASSED] - Text '23.0' is set on object 'Object Repository/MOH AND GRN/Page_KDMC - CMS/input_txtmrp'

2018-05-14 13:24:37 - [TEST_STEP][PASSED] - setText: Finding Test Object with id 'Object Repository/MOH AND GRN/Page_KDMC - CMS/input_txtdeal'

2018-05-14 13:24:37 - [TEST_STEP][PASSED] - Statement - switch (id): Finding Test Object with id 'Object Repository/MOH AND GRN/Page_KDMC - CMS/input_txtbatchno'

2018-05-14 13:24:37 - [TEST_STEP][PASSED] - Statement - case 5:: Text '4.0' is set on object 'Object Repository/MOH AND GRN/Page_KDMC - CMS/input_txtdeal'

2018-05-14 13:24:37 - [TEST_STEP][PASSED] - Statement - return (java.lang.Math.floor((java.lang.Math.random() * ((max - min) + 1))) + min): Text '4.0' is set on object 'Object Repository/MOH AND GRN/Page_KDMC - CMS/input_txtdeal'

2018-05-14 13:24:37 - [MESSAGE][PASSED] - Text '4.0' is set on object 'Object Repository/MOH AND GRN/Page_KDMC - CMS/input_txtdeal'

2018-05-14 13:24:38 - [TEST_STEP][PASSED] - setText: Finding Test Object with id 'Object Repository/MOH AND GRN/Page_KDMC - CMS/input_txtbatchno'

2018-05-14 13:24:38 - [TEST_STEP][PASSED] - Statement - switch (id): Finding Test Object with id 'Object Repository/MOH AND GRN/Page_KDMC - CMS/input_txtmrp'

2018-05-14 13:24:38 - [TEST_STEP][PASSED] - Statement - case 1:: Text 'BA989.0' is set on object 'Object Repository/MOH AND GRN/Page_KDMC - CMS/input_txtbatchno'

2018-05-14 13:24:38 - [TEST_STEP][PASSED] - Statement - return (java.lang.Math.floor((java.lang.Math.random() * ((max - min) + 1))) + min): Text 'BA989.0' is set on object 'Object Repository/MOH AND GRN/Page_KDMC - CMS/input_txtbatchno'

2018-05-14 13:24:38 - [MESSAGE][PASSED] - Text 'BA989.0' is set on object 'Object Repository/MOH AND GRN/Page_KDMC - CMS/input_txtbatchno'

2018-05-14 13:24:38 - [TEST_STEP][PASSED] - rightClick: Object: 'Object Repository/GRN/Page_KDMC - CMS/input_txtexpdate' is right clicked on

2018-05-14 13:24:38 - [MESSAGE][PASSED] - Object: 'Object Repository/GRN/Page_KDMC - CMS/input_txtexpdate' is right clicked on

2018-05-14 13:24:38 - [TEST_STEP][PASSED] - selectOptionByIndex: All options with index in [5] are selected on object 'Object Repository/GRN/Page_KDMC - CMS/select_20182019202020212022202'

2018-05-14 13:24:38 - [MESSAGE][PASSED] - All options with index in [5] are selected on object 'Object Repository/GRN/Page_KDMC - CMS/select_20182019202020212022202'

2018-05-14 13:24:38 - [TEST_STEP][PASSED] - selectOptionByIndex: All options with index in [5] are selected on object 'Object Repository/GRN/Page_KDMC - CMS/select_JanFebMarAprMayJunJulAu'

2018-05-14 13:24:38 - [MESSAGE][PASSED] - All options with index in [5] are selected on object 'Object Repository/GRN/Page_KDMC - CMS/select_JanFebMarAprMayJunJulAu'

2018-05-14 13:24:38 - [TEST_STEP][PASSED] - click: Object: 'Object Repository/MOH AND GRN/Page_KDMC - CMS/a_12' is clicked on

2018-05-14 13:24:38 - [MESSAGE][PASSED] - Object: 'Object Repository/MOH AND GRN/Page_KDMC - CMS/a_12' is clicked on

2018-05-14 13:24:38 - [TEST_STEP][PASSED] - click: Object: 'Object Repository/MOH AND GRN/Page_KDMC - CMS/input_btnadd' is clicked on

2018-05-14 13:24:38 - [MESSAGE][PASSED] - Object: 'Object Repository/MOH AND GRN/Page_KDMC - CMS/input_btnadd' is clicked on

2018-05-14 13:24:38 - [TEST_STEP][PASSED] - Statement - If (s == 10): null

2018-05-14 13:24:38 - [TEST_STEP][PASSED] - Statement - Else: null

2018-05-14 13:24:38 - [TEST_STEP][PASSED] - Statement - (s++): null

2018-05-14 13:24:38 - [TEST_STEP][PASSED] - delay: Delayed 1 second(s)

2018-05-14 13:24:39 - [MESSAGE][PASSED] - Delayed 1 second(s)

2018-05-14 13:24:39 - [TEST_STEP][PASSED] - selectOptionByIndex: All options with index in [16] are selected on object 'Object Repository/MOH AND GRN/Page_KDMC - CMS/select_--Select--Amikacin -500'

2018-05-14 13:24:40 - [MESSAGE][PASSED] - All options with index in [16] are selected on object 'Object Repository/MOH AND GRN/Page_KDMC - CMS/select_--Select--Amikacin -500'

2018-05-14 13:24:40 - [TEST_STEP][PASSED] - setText: Text '5000' is set on object 'Object Repository/MOH AND GRN/Page_KDMC - CMS/input_txtqty'

2018-05-14 13:24:40 - [MESSAGE][PASSED] - Text '5000' is set on object 'Object Repository/MOH AND GRN/Page_KDMC - CMS/input_txtqty'

2018-05-14 13:24:40 - [TEST_STEP][PASSED] - selectOptionByIndex: All options with index in [1] are selected on object 'Object Repository/MOH AND GRN/Page_KDMC - CMS/select_--Select--No Tax0'

2018-05-14 13:24:40 - [MESSAGE][PASSED] - All options with index in [1] are selected on object 'Object Repository/MOH AND GRN/Page_KDMC - CMS/select_--Select--No Tax0'

2018-05-14 13:24:40 - [TEST_STEP][PASSED] - setText: Finding Test Object with id 'Object Repository/MOH AND GRN/Page_KDMC - CMS/input_txtmrp'

2018-05-14 13:24:40 - [TEST_STEP][PASSED] - Statement - switch (id): Finding Test Object with id 'Object Repository/MOH AND GRN/Page_KDMC - CMS/input_txtdeal'

2018-05-14 13:24:40 - [TEST_STEP][PASSED] - Statement - case 4:: Text '40.0' is set on object 'Object Repository/MOH AND GRN/Page_KDMC - CMS/input_txtmrp'

2018-05-14 13:24:40 - [TEST_STEP][PASSED] - Statement - return (java.lang.Math.floor((java.lang.Math.random() * ((max - min) + 1))) + min): Text '40.0' is set on object 'Object Repository/MOH AND GRN/Page_KDMC - CMS/input_txtmrp'

2018-05-14 13:24:40 - [MESSAGE][PASSED] - Text '40.0' is set on object 'Object Repository/MOH AND GRN/Page_KDMC - CMS/input_txtmrp'

2018-05-14 13:24:40 - [TEST_STEP][PASSED] - setText: Finding Test Object with id 'Object Repository/MOH AND GRN/Page_KDMC - CMS/input_txtdeal'

2018-05-14 13:24:40 - [TEST_STEP][PASSED] - Statement - switch (id): Finding Test Object with id 'Object Repository/MOH AND GRN/Page_KDMC - CMS/input_txtbatchno'

2018-05-14 13:24:40 - [TEST_STEP][PASSED] - Statement - case 5:: Text '1.0' is set on object 'Object Repository/MOH AND GRN/Page_KDMC - CMS/input_txtdeal'

2018-05-14 13:24:40 - [TEST_STEP][PASSED] - Statement - return (java.lang.Math.floor((java.lang.Math.random() * ((max - min) + 1))) + min): Text '1.0' is set on object 'Object Repository/MOH AND GRN/Page_KDMC - CMS/input_txtdeal'

2018-05-14 13:24:40 - [MESSAGE][PASSED] - Text '1.0' is set on object 'Object Repository/MOH AND GRN/Page_KDMC - CMS/input_txtdeal'

2018-05-14 13:24:40 - [TEST_STEP][PASSED] - setText: Finding Test Object with id 'Object Repository/MOH AND GRN/Page_KDMC - CMS/input_txtbatchno'

2018-05-14 13:24:40 - [TEST_STEP][PASSED] - Statement - switch (id): Finding Test Object with id 'Object Repository/MOH AND GRN/Page_KDMC - CMS/input_txtmrp'

2018-05-14 13:24:40 - [TEST_STEP][PASSED] - Statement - case 1:: Text 'BA733.0' is set on object 'Object Repository/MOH AND GRN/Page_KDMC - CMS/input_txtbatchno'

2018-05-14 13:24:40 - [TEST_STEP][PASSED] - Statement - return (java.lang.Math.floor((java.lang.Math.random() * ((max - min) + 1))) + min): Text 'BA733.0' is set on object 'Object Repository/MOH AND GRN/Page_KDMC - CMS/input_txtbatchno'

2018-05-14 13:24:40 - [MESSAGE][PASSED] - Text 'BA733.0' is set on object 'Object Repository/MOH AND GRN/Page_KDMC - CMS/input_txtbatchno'

2018-05-14 13:24:40 - [TEST_STEP][PASSED] - rightClick: Object: 'Object Repository/GRN/Page_KDMC - CMS/input_txtexpdate' is right clicked on

2018-05-14 13:24:40 - [MESSAGE][PASSED] - Object: 'Object Repository/GRN/Page_KDMC - CMS/input_txtexpdate' is right clicked on

2018-05-14 13:24:40 - [TEST_STEP][PASSED] - selectOptionByIndex: All options with index in [6] are selected on object 'Object Repository/GRN/Page_KDMC - CMS/select_20182019202020212022202'

2018-05-14 13:24:40 - [MESSAGE][PASSED] - All options with index in [6] are selected on object 'Object Repository/GRN/Page_KDMC - CMS/select_20182019202020212022202'

2018-05-14 13:24:40 - [TEST_STEP][PASSED] - selectOptionByIndex: All options with index in [6] are selected on object 'Object Repository/GRN/Page_KDMC - CMS/select_JanFebMarAprMayJunJulAu'

2018-05-14 13:24:41 - [MESSAGE][PASSED] - All options with index in [6] are selected on object 'Object Repository/GRN/Page_KDMC - CMS/select_JanFebMarAprMayJunJulAu'

2018-05-14 13:24:41 - [TEST_STEP][PASSED] - click: Object: 'Object Repository/MOH AND GRN/Page_KDMC - CMS/a_12' is clicked on

2018-05-14 13:24:41 - [MESSAGE][PASSED] - Object: 'Object Repository/MOH AND GRN/Page_KDMC - CMS/a_12' is clicked on

2018-05-14 13:24:41 - [TEST_STEP][PASSED] - click: Object: 'Object Repository/MOH AND GRN/Page_KDMC - CMS/input_btnadd' is clicked on

2018-05-14 13:24:41 - [MESSAGE][PASSED] - Object: 'Object Repository/MOH AND GRN/Page_KDMC - CMS/input_btnadd' is clicked on

2018-05-14 13:24:41 - [TEST_STEP][PASSED] - Statement - If (s == 10): null

2018-05-14 13:24:41 - [TEST_STEP][PASSED] - Statement - Else: null

2018-05-14 13:24:41 - [TEST_STEP][PASSED] - Statement - (s++): null

2018-05-14 13:24:41 - [TEST_STEP][PASSED] - delay: Delayed 1 second(s)

2018-05-14 13:24:42 - [MESSAGE][PASSED] - Delayed 1 second(s)

2018-05-14 13:24:42 - [TEST_STEP][PASSED] - selectOptionByIndex: All options with index in [17] are selected on object 'Object Repository/MOH AND GRN/Page_KDMC - CMS/select_--Select--Amikacin -500'

2018-05-14 13:24:42 - [MESSAGE][PASSED] - All options with index in [17] are selected on object 'Object Repository/MOH AND GRN/Page_KDMC - CMS/select_--Select--Amikacin -500'

2018-05-14 13:24:42 - [TEST_STEP][PASSED] - setText: Text '5000' is set on object 'Object Repository/MOH AND GRN/Page_KDMC - CMS/input_txtqty'

2018-05-14 13:24:42 - [MESSAGE][PASSED] - Text '5000' is set on object 'Object Repository/MOH AND GRN/Page_KDMC - CMS/input_txtqty'

2018-05-14 13:24:42 - [TEST_STEP][PASSED] - selectOptionByIndex: All options with index in [1] are selected on object 'Object Repository/MOH AND GRN/Page_KDMC - CMS/select_--Select--No Tax0'

2018-05-14 13:24:42 - [MESSAGE][PASSED] - All options with index in [1] are selected on object 'Object Repository/MOH AND GRN/Page_KDMC - CMS/select_--Select--No Tax0'

2018-05-14 13:24:42 - [TEST_STEP][PASSED] - setText: Finding Test Object with id 'Object Repository/MOH AND GRN/Page_KDMC - CMS/input_txtmrp'

2018-05-14 13:24:42 - [TEST_STEP][PASSED] - Statement - switch (id): Finding Test Object with id 'Object Repository/MOH AND GRN/Page_KDMC - CMS/input_txtdeal'

2018-05-14 13:24:42 - [TEST_STEP][PASSED] - Statement - case 4:: Text '39.0' is set on object 'Object Repository/MOH AND GRN/Page_KDMC - CMS/input_txtmrp'

2018-05-14 13:24:42 - [TEST_STEP][PASSED] - Statement - return (java.lang.Math.floor((java.lang.Math.random() * ((max - min) + 1))) + min): Text '39.0' is set on object 'Object Repository/MOH AND GRN/Page_KDMC - CMS/input_txtmrp'

2018-05-14 13:24:42 - [MESSAGE][PASSED] - Text '39.0' is set on object 'Object Repository/MOH AND GRN/Page_KDMC - CMS/input_txtmrp'

2018-05-14 13:24:42 - [TEST_STEP][PASSED] - setText: Finding Test Object with id 'Object Repository/MOH AND GRN/Page_KDMC - CMS/input_txtdeal'

2018-05-14 13:24:42 - [TEST_STEP][PASSED] - Statement - switch (id): Finding Test Object with id 'Object Repository/MOH AND GRN/Page_KDMC - CMS/input_txtbatchno'

2018-05-14 13:24:42 - [TEST_STEP][PASSED] - Statement - case 5:: Text '7.0' is set on object 'Object Repository/MOH AND GRN/Page_KDMC - CMS/input_txtdeal'

2018-05-14 13:24:42 - [TEST_STEP][PASSED] - Statement - return (java.lang.Math.floor((java.lang.Math.random() * ((max - min) + 1))) + min): Text '7.0' is set on object 'Object Repository/MOH AND GRN/Page_KDMC - CMS/input_txtdeal'

2018-05-14 13:24:42 - [MESSAGE][PASSED] - Text '7.0' is set on object 'Object Repository/MOH AND GRN/Page_KDMC - CMS/input_txtdeal'

2018-05-14 13:24:42 - [TEST_STEP][PASSED] - setText: Finding Test Object with id 'Object Repository/MOH AND GRN/Page_KDMC - CMS/input_txtbatchno'

2018-05-14 13:24:42 - [TEST_STEP][PASSED] - Statement - switch (id): Finding Test Object with id 'Object Repository/MOH AND GRN/Page_KDMC - CMS/input_txtmrp'

2018-05-14 13:24:42 - [TEST_STEP][PASSED] - Statement - case 1:: Text 'BA55.0' is set on object 'Object Repository/MOH AND GRN/Page_KDMC - CMS/input_txtbatchno'

2018-05-14 13:24:42 - [TEST_STEP][PASSED] - Statement - return (java.lang.Math.floor((java.lang.Math.random() * ((max - min) + 1))) + min): Text 'BA55.0' is set on object 'Object Repository/MOH AND GRN/Page_KDMC - CMS/input_txtbatchno'

2018-05-14 13:24:43 - [MESSAGE][PASSED] - Text 'BA55.0' is set on object 'Object Repository/MOH AND GRN/Page_KDMC - CMS/input_txtbatchno'

2018-05-14 13:24:43 - [TEST_STEP][PASSED] - rightClick: Object: 'Object Repository/GRN/Page_KDMC - CMS/input_txtexpdate' is right clicked on

2018-05-14 13:24:43 - [MESSAGE][PASSED] - Object: 'Object Repository/GRN/Page_KDMC - CMS/input_txtexpdate' is right clicked on

2018-05-14 13:24:43 - [TEST_STEP][PASSED] - selectOptionByIndex: All options with index in [7] are selected on object 'Object Repository/GRN/Page_KDMC - CMS/select_20182019202020212022202'

2018-05-14 13:24:43 - [MESSAGE][PASSED] - All options with index in [7] are selected on object 'Object Repository/GRN/Page_KDMC - CMS/select_20182019202020212022202'

2018-05-14 13:24:43 - [TEST_STEP][PASSED] - selectOptionByIndex: All options with index in [7] are selected on object 'Object Repository/GRN/Page_KDMC - CMS/select_JanFebMarAprMayJunJulAu'

2018-05-14 13:24:43 - [MESSAGE][PASSED] - All options with index in [7] are selected on object 'Object Repository/GRN/Page_KDMC - CMS/select_JanFebMarAprMayJunJulAu'

2018-05-14 13:24:43 - [TEST_STEP][PASSED] - click: Object: 'Object Repository/MOH AND GRN/Page_KDMC - CMS/a_12' is clicked on

2018-05-14 13:24:43 - [MESSAGE][PASSED] - Object: 'Object Repository/MOH AND GRN/Page_KDMC - CMS/a_12' is clicked on

2018-05-14 13:24:43 - [TEST_STEP][PASSED] - click: Object: 'Object Repository/MOH AND GRN/Page_KDMC - CMS/input_btnadd' is clicked on

2018-05-14 13:24:43 - [MESSAGE][PASSED] - Object: 'Object Repository/MOH AND GRN/Page_KDMC - CMS/input_btnadd' is clicked on

2018-05-14 13:24:43 - [TEST_STEP][PASSED] - Statement - If (s == 10): null

2018-05-14 13:24:43 - [TEST_STEP][PASSED] - Statement - Else: null

2018-05-14 13:24:43 - [TEST_STEP][PASSED] - Statement - (s++): null

2018-05-14 13:24:43 - [TEST_STEP][PASSED] - delay: Delayed 1 second(s)

2018-05-14 13:24:44 - [MESSAGE][PASSED] - Delayed 1 second(s)

2018-05-14 13:24:44 - [TEST_STEP][PASSED] - selectOptionByIndex: All options with index in [18] are selected on object 'Object Repository/MOH AND GRN/Page_KDMC - CMS/select_--Select--Amikacin -500'

2018-05-14 13:24:45 - [MESSAGE][PASSED] - All options with index in [18] are selected on object 'Object Repository/MOH AND GRN/Page_KDMC - CMS/select_--Select--Amikacin -500'

2018-05-14 13:24:45 - [TEST_STEP][PASSED] - setText: Text '5000' is set on object 'Object Repository/MOH AND GRN/Page_KDMC - CMS/input_txtqty'

2018-05-14 13:24:45 - [MESSAGE][PASSED] - Text '5000' is set on object 'Object Repository/MOH AND GRN/Page_KDMC - CMS/input_txtqty'

2018-05-14 13:24:45 - [TEST_STEP][PASSED] - selectOptionByIndex: All options with index in [1] are selected on object 'Object Repository/MOH AND GRN/Page_KDMC - CMS/select_--Select--No Tax0'

2018-05-14 13:24:45 - [MESSAGE][PASSED] - All options with index in [1] are selected on object 'Object Repository/MOH AND GRN/Page_KDMC - CMS/select_--Select--No Tax0'

2018-05-14 13:24:45 - [TEST_STEP][PASSED] - setText: Finding Test Object with id 'Object Repository/MOH AND GRN/Page_KDMC - CMS/input_txtmrp'

2018-05-14 13:24:45 - [TEST_STEP][PASSED] - Statement - switch (id): Finding Test Object with id 'Object Repository/MOH AND GRN/Page_KDMC - CMS/input_txtdeal'

2018-05-14 13:24:45 - [TEST_STEP][PASSED] - Statement - case 4:: Text '15.0' is set on object 'Object Repository/MOH AND GRN/Page_KDMC - CMS/input_txtmrp'

2018-05-14 13:24:45 - [TEST_STEP][PASSED] - Statement - return (java.lang.Math.floor((java.lang.Math.random() * ((max - min) + 1))) + min): Text '15.0' is set on object 'Object Repository/MOH AND GRN/Page_KDMC - CMS/input_txtmrp'

2018-05-14 13:24:45 - [MESSAGE][PASSED] - Text '15.0' is set on object 'Object Repository/MOH AND GRN/Page_KDMC - CMS/input_txtmrp'

2018-05-14 13:24:45 - [TEST_STEP][PASSED] - setText: Finding Test Object with id 'Object Repository/MOH AND GRN/Page_KDMC - CMS/input_txtdeal'

2018-05-14 13:24:45 - [TEST_STEP][PASSED] - Statement - switch (id): Finding Test Object with id 'Object Repository/MOH AND GRN/Page_KDMC - CMS/input_txtbatchno'

2018-05-14 13:24:45 - [TEST_STEP][PASSED] - Statement - case 5:: Text '10.0' is set on object 'Object Repository/MOH AND GRN/Page_KDMC - CMS/input_txtdeal'

2018-05-14 13:24:45 - [TEST_STEP][PASSED] - Statement - return (java.lang.Math.floor((java.lang.Math.random() * ((max - min) + 1))) + min): Text '10.0' is set on object 'Object Repository/MOH AND GRN/Page_KDMC - CMS/input_txtdeal'

2018-05-14 13:24:45 - [MESSAGE][PASSED] - Text '10.0' is set on object 'Object Repository/MOH AND GRN/Page_KDMC - CMS/input_txtdeal'

2018-05-14 13:24:45 - [TEST_STEP][PASSED] - setText: Finding Test Object with id 'Object Repository/MOH AND GRN/Page_KDMC - CMS/input_txtbatchno'

2018-05-14 13:24:45 - [TEST_STEP][PASSED] - Statement - switch (id): Finding Test Object with id 'Object Repository/MOH AND GRN/Page_KDMC - CMS/input_txtmrp'

2018-05-14 13:24:45 - [TEST_STEP][PASSED] - Statement - case 1:: Text 'BA916.0' is set on object 'Object Repository/MOH AND GRN/Page_KDMC - CMS/input_txtbatchno'

2018-05-14 13:24:45 - [TEST_STEP][PASSED] - Statement - return (java.lang.Math.floor((java.lang.Math.random() * ((max - min) + 1))) + min): Text 'BA916.0' is set on object 'Object Repository/MOH AND GRN/Page_KDMC - CMS/input_txtbatchno'

2018-05-14 13:24:45 - [MESSAGE][PASSED] - Text 'BA916.0' is set on object 'Object Repository/MOH AND GRN/Page_KDMC - CMS/input_txtbatchno'

2018-05-14 13:24:45 - [TEST_STEP][PASSED] - rightClick: Object: 'Object Repository/GRN/Page_KDMC - CMS/input_txtexpdate' is right clicked on

2018-05-14 13:24:45 - [MESSAGE][PASSED] - Object: 'Object Repository/GRN/Page_KDMC - CMS/input_txtexpdate' is right clicked on

2018-05-14 13:24:45 - [TEST_STEP][PASSED] - selectOptionByIndex: All options with index in [8] are selected on object 'Object Repository/GRN/Page_KDMC - CMS/select_20182019202020212022202'

2018-05-14 13:24:46 - [MESSAGE][PASSED] - All options with index in [8] are selected on object 'Object Repository/GRN/Page_KDMC - CMS/select_20182019202020212022202'

2018-05-14 13:24:46 - [TEST_STEP][PASSED] - selectOptionByIndex: All options with index in [8] are selected on object 'Object Repository/GRN/Page_KDMC - CMS/select_JanFebMarAprMayJunJulAu'

2018-05-14 13:24:46 - [MESSAGE][PASSED] - All options with index in [8] are selected on object 'Object Repository/GRN/Page_KDMC - CMS/select_JanFebMarAprMayJunJulAu'

2018-05-14 13:24:46 - [TEST_STEP][PASSED] - click: Object: 'Object Repository/MOH AND GRN/Page_KDMC - CMS/a_12' is clicked on

2018-05-14 13:24:46 - [MESSAGE][PASSED] - Object: 'Object Repository/MOH AND GRN/Page_KDMC - CMS/a_12' is clicked on

2018-05-14 13:24:46 - [TEST_STEP][PASSED] - click: Object: 'Object Repository/MOH AND GRN/Page_KDMC - CMS/input_btnadd' is clicked on

2018-05-14 13:24:46 - [MESSAGE][PASSED] - Object: 'Object Repository/MOH AND GRN/Page_KDMC - CMS/input_btnadd' is clicked on

2018-05-14 13:24:46 - [TEST_STEP][PASSED] - Statement - If (s == 10): null

2018-05-14 13:24:46 - [TEST_STEP][PASSED] - Statement - Else: null

2018-05-14 13:24:46 - [TEST_STEP][PASSED] - Statement - (s++): null

2018-05-14 13:24:46 - [TEST_STEP][PASSED] - delay: Delayed 1 second(s)

2018-05-14 13:24:47 - [MESSAGE][PASSED] - Delayed 1 second(s)

2018-05-14 13:24:47 - [TEST_STEP][PASSED] - selectOptionByIndex: All options with index in [19] are selected on object 'Object Repository/MOH AND GRN/Page_KDMC - CMS/select_--Select--Amikacin -500'

2018-05-14 13:24:48 - [MESSAGE][PASSED] - All options with index in [19] are selected on object 'Object Repository/MOH AND GRN/Page_KDMC - CMS/select_--Select--Amikacin -500'

2018-05-14 13:24:48 - [TEST_STEP][PASSED] - setText: Text '5000' is set on object 'Object Repository/MOH AND GRN/Page_KDMC - CMS/input_txtqty'

2018-05-14 13:24:48 - [MESSAGE][PASSED] - Text '5000' is set on object 'Object Repository/MOH AND GRN/Page_KDMC - CMS/input_txtqty'

2018-05-14 13:24:48 - [TEST_STEP][PASSED] - selectOptionByIndex: All options with index in [1] are selected on object 'Object Repository/MOH AND GRN/Page_KDMC - CMS/select_--Select--No Tax0'

2018-05-14 13:24:48 - [MESSAGE][PASSED] - All options with index in [1] are selected on object 'Object Repository/MOH AND GRN/Page_KDMC - CMS/select_--Select--No Tax0'

2018-05-14 13:24:48 - [TEST_STEP][PASSED] - setText: Finding Test Object with id 'Object Repository/MOH AND GRN/Page_KDMC - CMS/input_txtmrp'

2018-05-14 13:24:48 - [TEST_STEP][PASSED] - Statement - switch (id): Finding Test Object with id 'Object Repository/MOH AND GRN/Page_KDMC - CMS/input_txtdeal'

2018-05-14 13:24:48 - [TEST_STEP][PASSED] - Statement - case 4:: Text '34.0' is set on object 'Object Repository/MOH AND GRN/Page_KDMC - CMS/input_txtmrp'

2018-05-14 13:24:48 - [TEST_STEP][PASSED] - Statement - return (java.lang.Math.floor((java.lang.Math.random() * ((max - min) + 1))) + min): Text '34.0' is set on object 'Object Repository/MOH AND GRN/Page_KDMC - CMS/input_txtmrp'

2018-05-14 13:24:48 - [MESSAGE][PASSED] - Text '34.0' is set on object 'Object Repository/MOH AND GRN/Page_KDMC - CMS/input_txtmrp'

2018-05-14 13:24:48 - [TEST_STEP][PASSED] - setText: Finding Test Object with id 'Object Repository/MOH AND GRN/Page_KDMC - CMS/input_txtdeal'

2018-05-14 13:24:48 - [TEST_STEP][PASSED] - Statement - switch (id): Finding Test Object with id 'Object Repository/MOH AND GRN/Page_KDMC - CMS/input_txtbatchno'

2018-05-14 13:24:48 - [TEST_STEP][PASSED] - Statement - case 5:: Text '8.0' is set on object 'Object Repository/MOH AND GRN/Page_KDMC - CMS/input_txtdeal'

2018-05-14 13:24:48 - [TEST_STEP][PASSED] - Statement - return (java.lang.Math.floor((java.lang.Math.random() * ((max - min) + 1))) + min): Text '8.0' is set on object 'Object Repository/MOH AND GRN/Page_KDMC - CMS/input_txtdeal'

2018-05-14 13:24:48 - [MESSAGE][PASSED] - Text '8.0' is set on object 'Object Repository/MOH AND GRN/Page_KDMC - CMS/input_txtdeal'

2018-05-14 13:24:48 - [TEST_STEP][PASSED] - setText: Finding Test Object with id 'Object Repository/MOH AND GRN/Page_KDMC - CMS/input_txtbatchno'

2018-05-14 13:24:48 - [TEST_STEP][PASSED] - Statement - switch (id): Finding Test Object with id 'Object Repository/MOH AND GRN/Page_KDMC - CMS/input_txtmrp'

2018-05-14 13:24:48 - [TEST_STEP][PASSED] - Statement - case 1:: Text 'BA315.0' is set on object 'Object Repository/MOH AND GRN/Page_KDMC - CMS/input_txtbatchno'

2018-05-14 13:24:48 - [TEST_STEP][PASSED] - Statement - return (java.lang.Math.floor((java.lang.Math.random() * ((max - min) + 1))) + min): Text 'BA315.0' is set on object 'Object Repository/MOH AND GRN/Page_KDMC - CMS/input_txtbatchno'

2018-05-14 13:24:48 - [MESSAGE][PASSED] - Text 'BA315.0' is set on object 'Object Repository/MOH AND GRN/Page_KDMC - CMS/input_txtbatchno'

2018-05-14 13:24:48 - [TEST_STEP][PASSED] - rightClick: Object: 'Object Repository/GRN/Page_KDMC - CMS/input_txtexpdate' is right clicked on

2018-05-14 13:24:48 - [MESSAGE][PASSED] - Object: 'Object Repository/GRN/Page_KDMC - CMS/input_txtexpdate' is right clicked on

2018-05-14 13:24:48 - [TEST_STEP][PASSED] - selectOptionByIndex: All options with index in [9] are selected on object 'Object Repository/GRN/Page_KDMC - CMS/select_20182019202020212022202'

2018-05-14 13:24:48 - [MESSAGE][PASSED] - All options with index in [9] are selected on object 'Object Repository/GRN/Page_KDMC - CMS/select_20182019202020212022202'

2018-05-14 13:24:48 - [TEST_STEP][PASSED] - selectOptionByIndex: All options with index in [9] are selected on object 'Object Repository/GRN/Page_KDMC - CMS/select_JanFebMarAprMayJunJulAu'

2018-05-14 13:24:49 - [MESSAGE][PASSED] - All options with index in [9] are selected on object 'Object Repository/GRN/Page_KDMC - CMS/select_JanFebMarAprMayJunJulAu'

2018-05-14 13:24:49 - [TEST_STEP][PASSED] - click: Object: 'Object Repository/MOH AND GRN/Page_KDMC - CMS/a_12' is clicked on

2018-05-14 13:24:49 - [MESSAGE][PASSED] - Object: 'Object Repository/MOH AND GRN/Page_KDMC - CMS/a_12' is clicked on

2018-05-14 13:24:49 - [TEST_STEP][PASSED] - click: Object: 'Object Repository/MOH AND GRN/Page_KDMC - CMS/input_btnadd' is clicked on

2018-05-14 13:24:49 - [MESSAGE][PASSED] - Object: 'Object Repository/MOH AND GRN/Page_KDMC - CMS/input_btnadd' is clicked on

2018-05-14 13:24:49 - [TEST_STEP][PASSED] - Statement - If (s == 10): null

2018-05-14 13:24:49 - [TEST_STEP][PASSED] - Statement - Else: null

2018-05-14 13:24:49 - [TEST_STEP][PASSED] - Statement - (s++): null

2018-05-14 13:24:49 - [TEST_STEP][PASSED] - delay: Delayed 1 second(s)

2018-05-14 13:24:50 - [MESSAGE][PASSED] - Delayed 1 second(s)

2018-05-14 13:24:50 - [TEST_STEP][PASSED] - selectOptionByIndex: All options with index in [20] are selected on object 'Object Repository/MOH AND GRN/Page_KDMC - CMS/select_--Select--Amikacin -500'

2018-05-14 13:24:50 - [MESSAGE][PASSED] - All options with index in [20] are selected on object 'Object Repository/MOH AND GRN/Page_KDMC - CMS/select_--Select--Amikacin -500'

2018-05-14 13:24:50 - [TEST_STEP][PASSED] - setText: Text '5000' is set on object 'Object Repository/MOH AND GRN/Page_KDMC - CMS/input_txtqty'

2018-05-14 13:24:50 - [MESSAGE][PASSED] - Text '5000' is set on object 'Object Repository/MOH AND GRN/Page_KDMC - CMS/input_txtqty'

2018-05-14 13:24:50 - [TEST_STEP][PASSED] - selectOptionByIndex: All options with index in [1] are selected on object 'Object Repository/MOH AND GRN/Page_KDMC - CMS/select_--Select--No Tax0'

2018-05-14 13:24:50 - [MESSAGE][PASSED] - All options with index in [1] are selected on object 'Object Repository/MOH AND GRN/Page_KDMC - CMS/select_--Select--No Tax0'

2018-05-14 13:24:50 - [TEST_STEP][PASSED] - setText: Finding Test Object with id 'Object Repository/MOH AND GRN/Page_KDMC - CMS/input_txtmrp'

2018-05-14 13:24:50 - [TEST_STEP][PASSED] - Statement - switch (id): Finding Test Object with id 'Object Repository/MOH AND GRN/Page_KDMC - CMS/input_txtdeal'

2018-05-14 13:24:50 - [TEST_STEP][PASSED] - Statement - case 4:: Text '26.0' is set on object 'Object Repository/MOH AND GRN/Page_KDMC - CMS/input_txtmrp'

2018-05-14 13:24:50 - [TEST_STEP][PASSED] - Statement - return (java.lang.Math.floor((java.lang.Math.random() * ((max - min) + 1))) + min): Text '26.0' is set on object 'Object Repository/MOH AND GRN/Page_KDMC - CMS/input_txtmrp'

2018-05-14 13:24:51 - [MESSAGE][PASSED] - Text '26.0' is set on object 'Object Repository/MOH AND GRN/Page_KDMC - CMS/input_txtmrp'

2018-05-14 13:24:51 - [TEST_STEP][PASSED] - setText: Finding Test Object with id 'Object Repository/MOH AND GRN/Page_KDMC - CMS/input_txtdeal'

2018-05-14 13:24:51 - [TEST_STEP][PASSED] - Statement - switch (id): Finding Test Object with id 'Object Repository/MOH AND GRN/Page_KDMC - CMS/input_txtbatchno'

2018-05-14 13:24:51 - [TEST_STEP][PASSED] - Statement - case 5:: Text '9.0' is set on object 'Object Repository/MOH AND GRN/Page_KDMC - CMS/input_txtdeal'

2018-05-14 13:24:51 - [TEST_STEP][PASSED] - Statement - return (java.lang.Math.floor((java.lang.Math.random() * ((max - min) + 1))) + min): Text '9.0' is set on object 'Object Repository/MOH AND GRN/Page_KDMC - CMS/input_txtdeal'

2018-05-14 13:24:51 - [MESSAGE][PASSED] - Text '9.0' is set on object 'Object Repository/MOH AND GRN/Page_KDMC - CMS/input_txtdeal'

2018-05-14 13:24:51 - [TEST_STEP][PASSED] - setText: Finding Test Object with id 'Object Repository/MOH AND GRN/Page_KDMC - CMS/input_txtbatchno'

2018-05-14 13:24:51 - [TEST_STEP][PASSED] - Statement - switch (id): Finding Test Object with id 'Object Repository/MOH AND GRN/Page_KDMC - CMS/input_txtmrp'

2018-05-14 13:24:51 - [TEST_STEP][PASSED] - Statement - case 1:: Text 'BA820.0' is set on object 'Object Repository/MOH AND GRN/Page_KDMC - CMS/input_txtbatchno'

2018-05-14 13:24:51 - [TEST_STEP][PASSED] - Statement - return (java.lang.Math.floor((java.lang.Math.random() * ((max - min) + 1))) + min): Text 'BA820.0' is set on object 'Object Repository/MOH AND GRN/Page_KDMC - CMS/input_txtbatchno'

2018-05-14 13:24:51 - [MESSAGE][PASSED] - Text 'BA820.0' is set on object 'Object Repository/MOH AND GRN/Page_KDMC - CMS/input_txtbatchno'

2018-05-14 13:24:51 - [TEST_STEP][PASSED] - rightClick: Object: 'Object Repository/GRN/Page_KDMC - CMS/input_txtexpdate' is right clicked on

2018-05-14 13:24:51 - [MESSAGE][PASSED] - Object: 'Object Repository/GRN/Page_KDMC - CMS/input_txtexpdate' is right clicked on

2018-05-14 13:24:51 - [TEST_STEP][PASSED] - selectOptionByIndex: All options with index in [10] are selected on object 'Object Repository/GRN/Page_KDMC - CMS/select_20182019202020212022202'

2018-05-14 13:24:51 - [MESSAGE][PASSED] - All options with index in [10] are selected on object 'Object Repository/GRN/Page_KDMC - CMS/select_20182019202020212022202'

2018-05-14 13:24:51 - [TEST_STEP][PASSED] - selectOptionByIndex: All options with index in [10] are selected on object 'Object Repository/GRN/Page_KDMC - CMS/select_JanFebMarAprMayJunJulAu'

2018-05-14 13:24:51 - [MESSAGE][PASSED] - All options with index in [10] are selected on object 'Object Repository/GRN/Page_KDMC - CMS/select_JanFebMarAprMayJunJulAu'

2018-05-14 13:24:51 - [TEST_STEP][PASSED] - click: Object: 'Object Repository/MOH AND GRN/Page_KDMC - CMS/a_12' is clicked on

2018-05-14 13:24:51 - [MESSAGE][PASSED] - Object: 'Object Repository/MOH AND GRN/Page_KDMC - CMS/a_12' is clicked on

2018-05-14 13:24:51 - [TEST_STEP][PASSED] - click: Object: 'Object Repository/MOH AND GRN/Page_KDMC - CMS/input_btnadd' is clicked on

2018-05-14 13:24:51 - [MESSAGE][PASSED] - Object: 'Object Repository/MOH AND GRN/Page_KDMC - CMS/input_btnadd' is clicked on

2018-05-14 13:24:51 - [TEST_STEP][PASSED] - Statement - If (s == 10): null

2018-05-14 13:24:51 - [TEST_STEP][PASSED] - Statement - s = 1: null

2018-05-14 13:24:51 - [TEST_STEP][PASSED] - delay: Delayed 1 second(s)

2018-05-14 13:24:52 - [MESSAGE][PASSED] - Delayed 1 second(s)

2018-05-14 13:24:52 - [TEST_STEP][PASSED] - selectOptionByIndex: All options with index in [21] are selected on object 'Object Repository/MOH AND GRN/Page_KDMC - CMS/select_--Select--Amikacin -500'

2018-05-14 13:24:53 - [MESSAGE][PASSED] - All options with index in [21] are selected on object 'Object Repository/MOH AND GRN/Page_KDMC - CMS/select_--Select--Amikacin -500'

2018-05-14 13:24:53 - [TEST_STEP][PASSED] - setText: Text '5000' is set on object 'Object Repository/MOH AND GRN/Page_KDMC - CMS/input_txtqty'

2018-05-14 13:24:53 - [MESSAGE][PASSED] - Text '5000' is set on object 'Object Repository/MOH AND GRN/Page_KDMC - CMS/input_txtqty'

2018-05-14 13:24:53 - [TEST_STEP][PASSED] - selectOptionByIndex: All options with index in [1] are selected on object 'Object Repository/MOH AND GRN/Page_KDMC - CMS/select_--Select--No Tax0'

2018-05-14 13:24:53 - [MESSAGE][PASSED] - All options with index in [1] are selected on object 'Object Repository/MOH AND GRN/Page_KDMC - CMS/select_--Select--No Tax0'

2018-05-14 13:24:53 - [TEST_STEP][PASSED] - setText: Finding Test Object with id 'Object Repository/MOH AND GRN/Page_KDMC - CMS/input_txtmrp'

2018-05-14 13:24:53 - [TEST_STEP][PASSED] - Statement - switch (id): Finding Test Object with id 'Object Repository/MOH AND GRN/Page_KDMC - CMS/input_txtdeal'

2018-05-14 13:24:53 - [TEST_STEP][PASSED] - Statement - case 4:: Text '19.0' is set on object 'Object Repository/MOH AND GRN/Page_KDMC - CMS/input_txtmrp'

2018-05-14 13:24:53 - [TEST_STEP][PASSED] - Statement - return (java.lang.Math.floor((java.lang.Math.random() * ((max - min) + 1))) + min): Text '19.0' is set on object 'Object Repository/MOH AND GRN/Page_KDMC - CMS/input_txtmrp'

2018-05-14 13:24:53 - [MESSAGE][PASSED] - Text '19.0' is set on object 'Object Repository/MOH AND GRN/Page_KDMC - CMS/input_txtmrp'

2018-05-14 13:24:53 - [TEST_STEP][PASSED] - setText: Finding Test Object with id 'Object Repository/MOH AND GRN/Page_KDMC - CMS/input_txtdeal'

2018-05-14 13:24:53 - [TEST_STEP][PASSED] - Statement - switch (id): Finding Test Object with id 'Object Repository/MOH AND GRN/Page_KDMC - CMS/input_txtbatchno'

2018-05-14 13:24:53 - [TEST_STEP][PASSED] - Statement - case 5:: Text '5.0' is set on object 'Object Repository/MOH AND GRN/Page_KDMC - CMS/input_txtdeal'

2018-05-14 13:24:53 - [TEST_STEP][PASSED] - Statement - return (java.lang.Math.floor((java.lang.Math.random() * ((max - min) + 1))) + min): Text '5.0' is set on object 'Object Repository/MOH AND GRN/Page_KDMC - CMS/input_txtdeal'

2018-05-14 13:24:53 - [MESSAGE][PASSED] - Text '5.0' is set on object 'Object Repository/MOH AND GRN/Page_KDMC - CMS/input_txtdeal'

2018-05-14 13:24:53 - [TEST_STEP][PASSED] - setText: Finding Test Object with id 'Object Repository/MOH AND GRN/Page_KDMC - CMS/input_txtbatchno'

2018-05-14 13:24:53 - [TEST_STEP][PASSED] - Statement - switch (id): Finding Test Object with id 'Object Repository/MOH AND GRN/Page_KDMC - CMS/input_txtmrp'

2018-05-14 13:24:53 - [TEST_STEP][PASSED] - Statement - case 1:: Text 'BA433.0' is set on object 'Object Repository/MOH AND GRN/Page_KDMC - CMS/input_txtbatchno'

2018-05-14 13:24:53 - [TEST_STEP][PASSED] - Statement - return (java.lang.Math.floor((java.lang.Math.random() * ((max - min) + 1))) + min): Text 'BA433.0' is set on object 'Object Repository/MOH AND GRN/Page_KDMC - CMS/input_txtbatchno'

2018-05-14 13:24:53 - [MESSAGE][PASSED] - Text 'BA433.0' is set on object 'Object Repository/MOH AND GRN/Page_KDMC - CMS/input_txtbatchno'

2018-05-14 13:24:53 - [TEST_STEP][PASSED] - rightClick: Object: 'Object Repository/GRN/Page_KDMC - CMS/input_txtexpdate' is right clicked on

2018-05-14 13:24:54 - [MESSAGE][PASSED] - Object: 'Object Repository/GRN/Page_KDMC - CMS/input_txtexpdate' is right clicked on

2018-05-14 13:24:54 - [TEST_STEP][PASSED] - selectOptionByIndex: All options with index in [1] are selected on object 'Object Repository/GRN/Page_KDMC - CMS/select_20182019202020212022202'

2018-05-14 13:24:54 - [MESSAGE][PASSED] - All options with index in [1] are selected on object 'Object Repository/GRN/Page_KDMC - CMS/select_20182019202020212022202'

2018-05-14 13:24:54 - [TEST_STEP][PASSED] - selectOptionByIndex: All options with index in [1] are selected on object 'Object Repository/GRN/Page_KDMC - CMS/select_JanFebMarAprMayJunJulAu'

2018-05-14 13:24:54 - [MESSAGE][PASSED] - All options with index in [1] are selected on object 'Object Repository/GRN/Page_KDMC - CMS/select_JanFebMarAprMayJunJulAu'

2018-05-14 13:24:54 - [TEST_STEP][PASSED] - click: Object: 'Object Repository/MOH AND GRN/Page_KDMC - CMS/a_12' is clicked on

2018-05-14 13:24:54 - [MESSAGE][PASSED] - Object: 'Object Repository/MOH AND GRN/Page_KDMC - CMS/a_12' is clicked on

2018-05-14 13:24:54 - [TEST_STEP][PASSED] - click: Object: 'Object Repository/MOH AND GRN/Page_KDMC - CMS/input_btnadd' is clicked on

2018-05-14 13:24:54 - [MESSAGE][PASSED] - Object: 'Object Repository/MOH AND GRN/Page_KDMC - CMS/input_btnadd' is clicked on

2018-05-14 13:24:54 - [TEST_STEP][PASSED] - Statement - If (s == 10): null

2018-05-14 13:24:54 - [TEST_STEP][PASSED] - Statement - Else: null

2018-05-14 13:24:54 - [TEST_STEP][PASSED] - Statement - (s++): null

2018-05-14 13:24:54 - [TEST_STEP][PASSED] - delay: Delayed 1 second(s)

2018-05-14 13:24:55 - [MESSAGE][PASSED] - Delayed 1 second(s)

2018-05-14 13:24:55 - [TEST_STEP][PASSED] - selectOptionByIndex: All options with index in [22] are selected on object 'Object Repository/MOH AND GRN/Page_KDMC - CMS/select_--Select--Amikacin -500'

2018-05-14 13:24:55 - [MESSAGE][PASSED] - All options with index in [22] are selected on object 'Object Repository/MOH AND GRN/Page_KDMC - CMS/select_--Select--Amikacin -500'

2018-05-14 13:24:55 - [TEST_STEP][PASSED] - setText: Text '5000' is set on object 'Object Repository/MOH AND GRN/Page_KDMC - CMS/input_txtqty'

2018-05-14 13:24:56 - [MESSAGE][PASSED] - Text '5000' is set on object 'Object Repository/MOH AND GRN/Page_KDMC - CMS/input_txtqty'

2018-05-14 13:24:56 - [TEST_STEP][PASSED] - selectOptionByIndex: All options with index in [1] are selected on object 'Object Repository/MOH AND GRN/Page_KDMC - CMS/select_--Select--No Tax0'

2018-05-14 13:24:56 - [MESSAGE][PASSED] - All options with index in [1] are selected on object 'Object Repository/MOH AND GRN/Page_KDMC - CMS/select_--Select--No Tax0'

2018-05-14 13:24:56 - [TEST_STEP][PASSED] - setText: Finding Test Object with id 'Object Repository/MOH AND GRN/Page_KDMC - CMS/input_txtmrp'

2018-05-14 13:24:56 - [TEST_STEP][PASSED] - Statement - switch (id): Finding Test Object with id 'Object Repository/MOH AND GRN/Page_KDMC - CMS/input_txtdeal'

2018-05-14 13:24:56 - [TEST_STEP][PASSED] - Statement - case 4:: Text '28.0' is set on object 'Object Repository/MOH AND GRN/Page_KDMC - CMS/input_txtmrp'

2018-05-14 13:24:56 - [TEST_STEP][PASSED] - Statement - return (java.lang.Math.floor((java.lang.Math.random() * ((max - min) + 1))) + min): Text '28.0' is set on object 'Object Repository/MOH AND GRN/Page_KDMC - CMS/input_txtmrp'

2018-05-14 13:24:56 - [MESSAGE][PASSED] - Text '28.0' is set on object 'Object Repository/MOH AND GRN/Page_KDMC - CMS/input_txtmrp'

2018-05-14 13:24:56 - [TEST_STEP][PASSED] - setText: Finding Test Object with id 'Object Repository/MOH AND GRN/Page_KDMC - CMS/input_txtdeal'

2018-05-14 13:24:56 - [TEST_STEP][PASSED] - Statement - switch (id): Finding Test Object with id 'Object Repository/MOH AND GRN/Page_KDMC - CMS/input_txtbatchno'

2018-05-14 13:24:56 - [TEST_STEP][PASSED] - Statement - case 5:: Text '3.0' is set on object 'Object Repository/MOH AND GRN/Page_KDMC - CMS/input_txtdeal'

2018-05-14 13:24:56 - [TEST_STEP][PASSED] - Statement - return (java.lang.Math.floor((java.lang.Math.random() * ((max - min) + 1))) + min): Text '3.0' is set on object 'Object Repository/MOH AND GRN/Page_KDMC - CMS/input_txtdeal'

2018-05-14 13:24:56 - [MESSAGE][PASSED] - Text '3.0' is set on object 'Object Repository/MOH AND GRN/Page_KDMC - CMS/input_txtdeal'

2018-05-14 13:24:56 - [TEST_STEP][PASSED] - setText: Finding Test Object with id 'Object Repository/MOH AND GRN/Page_KDMC - CMS/input_txtbatchno'

2018-05-14 13:24:56 - [TEST_STEP][PASSED] - Statement - switch (id): Finding Test Object with id 'Object Repository/MOH AND GRN/Page_KDMC - CMS/input_txtmrp'

2018-05-14 13:24:56 - [TEST_STEP][PASSED] - Statement - case 1:: Text 'BA931.0' is set on object 'Object Repository/MOH AND GRN/Page_KDMC - CMS/input_txtbatchno'

2018-05-14 13:24:56 - [TEST_STEP][PASSED] - Statement - return (java.lang.Math.floor((java.lang.Math.random() * ((max - min) + 1))) + min): Text 'BA931.0' is set on object 'Object Repository/MOH AND GRN/Page_KDMC - CMS/input_txtbatchno'

2018-05-14 13:24:56 - [MESSAGE][PASSED] - Text 'BA931.0' is set on object 'Object Repository/MOH AND GRN/Page_KDMC - CMS/input_txtbatchno'

2018-05-14 13:24:56 - [TEST_STEP][PASSED] - rightClick: Object: 'Object Repository/GRN/Page_KDMC - CMS/input_txtexpdate' is right clicked on

2018-05-14 13:24:56 - [MESSAGE][PASSED] - Object: 'Object Repository/GRN/Page_KDMC - CMS/input_txtexpdate' is right clicked on

2018-05-14 13:24:56 - [TEST_STEP][PASSED] - selectOptionByIndex: All options with index in [2] are selected on object 'Object Repository/GRN/Page_KDMC - CMS/select_20182019202020212022202'

2018-05-14 13:24:56 - [MESSAGE][PASSED] - All options with index in [2] are selected on object 'Object Repository/GRN/Page_KDMC - CMS/select_20182019202020212022202'

2018-05-14 13:24:56 - [TEST_STEP][PASSED] - selectOptionByIndex: All options with index in [2] are selected on object 'Object Repository/GRN/Page_KDMC - CMS/select_JanFebMarAprMayJunJulAu'

2018-05-14 13:24:56 - [MESSAGE][PASSED] - All options with index in [2] are selected on object 'Object Repository/GRN/Page_KDMC - CMS/select_JanFebMarAprMayJunJulAu'

2018-05-14 13:24:56 - [TEST_STEP][PASSED] - click: Object: 'Object Repository/MOH AND GRN/Page_KDMC - CMS/a_12' is clicked on

2018-05-14 13:24:57 - [MESSAGE][PASSED] - Object: 'Object Repository/MOH AND GRN/Page_KDMC - CMS/a_12' is clicked on

2018-05-14 13:24:57 - [TEST_STEP][PASSED] - click: Object: 'Object Repository/MOH AND GRN/Page_KDMC - CMS/input_btnadd' is clicked on

2018-05-14 13:24:57 - [MESSAGE][PASSED] - Object: 'Object Repository/MOH AND GRN/Page_KDMC - CMS/input_btnadd' is clicked on

2018-05-14 13:24:57 - [TEST_STEP][PASSED] - Statement - If (s == 10): null

2018-05-14 13:24:57 - [TEST_STEP][PASSED] - Statement - Else: null

2018-05-14 13:24:57 - [TEST_STEP][PASSED] - Statement - (s++): null

2018-05-14 13:24:57 - [TEST_STEP][PASSED] - delay: Delayed 1 second(s)

2018-05-14 13:24:58 - [MESSAGE][PASSED] - Delayed 1 second(s)

2018-05-14 13:24:58 - [TEST_STEP][PASSED] - selectOptionByIndex: All options with index in [23] are selected on object 'Object Repository/MOH AND GRN/Page_KDMC - CMS/select_--Select--Amikacin -500'

2018-05-14 13:24:58 - [MESSAGE][PASSED] - All options with index in [23] are selected on object 'Object Repository/MOH AND GRN/Page_KDMC - CMS/select_--Select--Amikacin -500'

2018-05-14 13:24:58 - [TEST_STEP][PASSED] - setText: Text '5000' is set on object 'Object Repository/MOH AND GRN/Page_KDMC - CMS/input_txtqty'

2018-05-14 13:24:58 - [MESSAGE][PASSED] - Text '5000' is set on object 'Object Repository/MOH AND GRN/Page_KDMC - CMS/input_txtqty'

2018-05-14 13:24:58 - [TEST_STEP][PASSED] - selectOptionByIndex: All options with index in [1] are selected on object 'Object Repository/MOH AND GRN/Page_KDMC - CMS/select_--Select--No Tax0'

2018-05-14 13:24:58 - [MESSAGE][PASSED] - All options with index in [1] are selected on object 'Object Repository/MOH AND GRN/Page_KDMC - CMS/select_--Select--No Tax0'

2018-05-14 13:24:58 - [TEST_STEP][PASSED] - setText: Finding Test Object with id 'Object Repository/MOH AND GRN/Page_KDMC - CMS/input_txtmrp'

2018-05-14 13:24:58 - [TEST_STEP][PASSED] - Statement - switch (id): Finding Test Object with id 'Object Repository/MOH AND GRN/Page_KDMC - CMS/input_txtdeal'

2018-05-14 13:24:58 - [TEST_STEP][PASSED] - Statement - case 4:: Text '16.0' is set on object 'Object Repository/MOH AND GRN/Page_KDMC - CMS/input_txtmrp'

2018-05-14 13:24:58 - [TEST_STEP][PASSED] - Statement - return (java.lang.Math.floor((java.lang.Math.random() * ((max - min) + 1))) + min): Text '16.0' is set on object 'Object Repository/MOH AND GRN/Page_KDMC - CMS/input_txtmrp'

2018-05-14 13:24:58 - [MESSAGE][PASSED] - Text '16.0' is set on object 'Object Repository/MOH AND GRN/Page_KDMC - CMS/input_txtmrp'

2018-05-14 13:24:58 - [TEST_STEP][PASSED] - setText: Finding Test Object with id 'Object Repository/MOH AND GRN/Page_KDMC - CMS/input_txtdeal'

2018-05-14 13:24:58 - [TEST_STEP][PASSED] - Statement - switch (id): Finding Test Object with id 'Object Repository/MOH AND GRN/Page_KDMC - CMS/input_txtbatchno'

2018-05-14 13:24:58 - [TEST_STEP][PASSED] - Statement - case 5:: Text '12.0' is set on object 'Object Repository/MOH AND GRN/Page_KDMC - CMS/input_txtdeal'

2018-05-14 13:24:58 - [TEST_STEP][PASSED] - Statement - return (java.lang.Math.floor((java.lang.Math.random() * ((max - min) + 1))) + min): Text '12.0' is set on object 'Object Repository/MOH AND GRN/Page_KDMC - CMS/input_txtdeal'

2018-05-14 13:24:59 - [MESSAGE][PASSED] - Text '12.0' is set on object 'Object Repository/MOH AND GRN/Page_KDMC - CMS/input_txtdeal'

2018-05-14 13:24:59 - [TEST_STEP][PASSED] - setText: Finding Test Object with id 'Object Repository/MOH AND GRN/Page_KDMC - CMS/input_txtbatchno'

2018-05-14 13:24:59 - [TEST_STEP][PASSED] - Statement - switch (id): Finding Test Object with id 'Object Repository/MOH AND GRN/Page_KDMC - CMS/input_txtmrp'

2018-05-14 13:24:59 - [TEST_STEP][PASSED] - Statement - case 1:: Text 'BA338.0' is set on object 'Object Repository/MOH AND GRN/Page_KDMC - CMS/input_txtbatchno'

2018-05-14 13:24:59 - [TEST_STEP][PASSED] - Statement - return (java.lang.Math.floor((java.lang.Math.random() * ((max - min) + 1))) + min): Text 'BA338.0' is set on object 'Object Repository/MOH AND GRN/Page_KDMC - CMS/input_txtbatchno'

2018-05-14 13:24:59 - [MESSAGE][PASSED] - Text 'BA338.0' is set on object 'Object Repository/MOH AND GRN/Page_KDMC - CMS/input_txtbatchno'

2018-05-14 13:24:59 - [TEST_STEP][PASSED] - rightClick: Object: 'Object Repository/GRN/Page_KDMC - CMS/input_txtexpdate' is right clicked on

2018-05-14 13:24:59 - [MESSAGE][PASSED] - Object: 'Object Repository/GRN/Page_KDMC - CMS/input_txtexpdate' is right clicked on

2018-05-14 13:24:59 - [TEST_STEP][PASSED] - selectOptionByIndex: All options with index in [3] are selected on object 'Object Repository/GRN/Page_KDMC - CMS/select_20182019202020212022202'

2018-05-14 13:24:59 - [MESSAGE][PASSED] - All options with index in [3] are selected on object 'Object Repository/GRN/Page_KDMC - CMS/select_20182019202020212022202'

2018-05-14 13:24:59 - [TEST_STEP][PASSED] - selectOptionByIndex: All options with index in [3] are selected on object 'Object Repository/GRN/Page_KDMC - CMS/select_JanFebMarAprMayJunJulAu'

2018-05-14 13:24:59 - [MESSAGE][PASSED] - All options with index in [3] are selected on object 'Object Repository/GRN/Page_KDMC - CMS/select_JanFebMarAprMayJunJulAu'

2018-05-14 13:24:59 - [TEST_STEP][PASSED] - click: Object: 'Object Repository/MOH AND GRN/Page_KDMC - CMS/a_12' is clicked on

2018-05-14 13:24:59 - [MESSAGE][PASSED] - Object: 'Object Repository/MOH AND GRN/Page_KDMC - CMS/a_12' is clicked on

2018-05-14 13:24:59 - [TEST_STEP][PASSED] - click: Object: 'Object Repository/MOH AND GRN/Page_KDMC - CMS/input_btnadd' is clicked on

2018-05-14 13:24:59 - [MESSAGE][PASSED] - Object: 'Object Repository/MOH AND GRN/Page_KDMC - CMS/input_btnadd' is clicked on

2018-05-14 13:24:59 - [TEST_STEP][PASSED] - Statement - If (s == 10): null

2018-05-14 13:24:59 - [TEST_STEP][PASSED] - Statement - Else: null

2018-05-14 13:24:59 - [TEST_STEP][PASSED] - Statement - (s++): null

2018-05-14 13:24:59 - [TEST_STEP][PASSED] - delay: Delayed 1 second(s)

2018-05-14 13:25:00 - [MESSAGE][PASSED] - Delayed 1 second(s)

2018-05-14 13:25:00 - [TEST_STEP][PASSED] - selectOptionByIndex: All options with index in [24] are selected on object 'Object Repository/MOH AND GRN/Page_KDMC - CMS/select_--Select--Amikacin -500'

2018-05-14 13:25:01 - [MESSAGE][PASSED] - All options with index in [24] are selected on object 'Object Repository/MOH AND GRN/Page_KDMC - CMS/select_--Select--Amikacin -500'

2018-05-14 13:25:01 - [TEST_STEP][PASSED] - setText: Text '5000' is set on object 'Object Repository/MOH AND GRN/Page_KDMC - CMS/input_txtqty'

2018-05-14 13:25:01 - [MESSAGE][PASSED] - Text '5000' is set on object 'Object Repository/MOH AND GRN/Page_KDMC - CMS/input_txtqty'

2018-05-14 13:25:01 - [TEST_STEP][PASSED] - selectOptionByIndex: All options with index in [1] are selected on object 'Object Repository/MOH AND GRN/Page_KDMC - CMS/select_--Select--No Tax0'

2018-05-14 13:25:01 - [MESSAGE][PASSED] - All options with index in [1] are selected on object 'Object Repository/MOH AND GRN/Page_KDMC - CMS/select_--Select--No Tax0'

2018-05-14 13:25:01 - [TEST_STEP][PASSED] - setText: Finding Test Object with id 'Object Repository/MOH AND GRN/Page_KDMC - CMS/input_txtmrp'

2018-05-14 13:25:01 - [TEST_STEP][PASSED] - Statement - switch (id): Finding Test Object with id 'Object Repository/MOH AND GRN/Page_KDMC - CMS/input_txtdeal'

2018-05-14 13:25:01 - [TEST_STEP][PASSED] - Statement - case 4:: Text '16.0' is set on object 'Object Repository/MOH AND GRN/Page_KDMC - CMS/input_txtmrp'

2018-05-14 13:25:01 - [TEST_STEP][PASSED] - Statement - return (java.lang.Math.floor((java.lang.Math.random() * ((max - min) + 1))) + min): Text '16.0' is set on object 'Object Repository/MOH AND GRN/Page_KDMC - CMS/input_txtmrp'

2018-05-14 13:25:01 - [MESSAGE][PASSED] - Text '16.0' is set on object 'Object Repository/MOH AND GRN/Page_KDMC - CMS/input_txtmrp'

2018-05-14 13:25:01 - [TEST_STEP][PASSED] - setText: Finding Test Object with id 'Object Repository/MOH AND GRN/Page_KDMC - CMS/input_txtdeal'

2018-05-14 13:25:01 - [TEST_STEP][PASSED] - Statement - switch (id): Finding Test Object with id 'Object Repository/MOH AND GRN/Page_KDMC - CMS/input_txtbatchno'

2018-05-14 13:25:01 - [TEST_STEP][PASSED] - Statement - case 5:: Text '12.0' is set on object 'Object Repository/MOH AND GRN/Page_KDMC - CMS/input_txtdeal'

2018-05-14 13:25:01 - [TEST_STEP][PASSED] - Statement - return (java.lang.Math.floor((java.lang.Math.random() * ((max - min) + 1))) + min): Text '12.0' is set on object 'Object Repository/MOH AND GRN/Page_KDMC - CMS/input_txtdeal'

2018-05-14 13:25:01 - [MESSAGE][PASSED] - Text '12.0' is set on object 'Object Repository/MOH AND GRN/Page_KDMC - CMS/input_txtdeal'

2018-05-14 13:25:01 - [TEST_STEP][PASSED] - setText: Finding Test Object with id 'Object Repository/MOH AND GRN/Page_KDMC - CMS/input_txtbatchno'

2018-05-14 13:25:01 - [TEST_STEP][PASSED] - Statement - switch (id): Finding Test Object with id 'Object Repository/MOH AND GRN/Page_KDMC - CMS/input_txtmrp'

2018-05-14 13:25:01 - [TEST_STEP][PASSED] - Statement - case 1:: Text 'BA854.0' is set on object 'Object Repository/MOH AND GRN/Page_KDMC - CMS/input_txtbatchno'

2018-05-14 13:25:01 - [TEST_STEP][PASSED] - Statement - return (java.lang.Math.floor((java.lang.Math.random() * ((max - min) + 1))) + min): Text 'BA854.0' is set on object 'Object Repository/MOH AND GRN/Page_KDMC - CMS/input_txtbatchno'

2018-05-14 13:25:01 - [MESSAGE][PASSED] - Text 'BA854.0' is set on object 'Object Repository/MOH AND GRN/Page_KDMC - CMS/input_txtbatchno'

2018-05-14 13:25:01 - [TEST_STEP][PASSED] - rightClick: Object: 'Object Repository/GRN/Page_KDMC - CMS/input_txtexpdate' is right clicked on

2018-05-14 13:25:01 - [MESSAGE][PASSED] - Object: 'Object Repository/GRN/Page_KDMC - CMS/input_txtexpdate' is right clicked on

2018-05-14 13:25:01 - [TEST_STEP][PASSED] - selectOptionByIndex: All options with index in [4] are selected on object 'Object Repository/GRN/Page_KDMC - CMS/select_20182019202020212022202'

2018-05-14 13:25:02 - [MESSAGE][PASSED] - All options with index in [4] are selected on object 'Object Repository/GRN/Page_KDMC - CMS/select_20182019202020212022202'

2018-05-14 13:25:02 - [TEST_STEP][PASSED] - selectOptionByIndex: All options with index in [4] are selected on object 'Object Repository/GRN/Page_KDMC - CMS/select_JanFebMarAprMayJunJulAu'

2018-05-14 13:25:02 - [MESSAGE][PASSED] - All options with index in [4] are selected on object 'Object Repository/GRN/Page_KDMC - CMS/select_JanFebMarAprMayJunJulAu'

2018-05-14 13:25:02 - [TEST_STEP][PASSED] - click: Object: 'Object Repository/MOH AND GRN/Page_KDMC - CMS/a_12' is clicked on

2018-05-14 13:25:02 - [MESSAGE][PASSED] - Object: 'Object Repository/MOH AND GRN/Page_KDMC - CMS/a_12' is clicked on

2018-05-14 13:25:02 - [TEST_STEP][PASSED] - click: Object: 'Object Repository/MOH AND GRN/Page_KDMC - CMS/input_btnadd' is clicked on

2018-05-14 13:25:02 - [MESSAGE][PASSED] - Object: 'Object Repository/MOH AND GRN/Page_KDMC - CMS/input_btnadd' is clicked on

2018-05-14 13:25:02 - [TEST_STEP][PASSED] - Statement - If (s == 10): null

2018-05-14 13:25:02 - [TEST_STEP][PASSED] - Statement - Else: null

2018-05-14 13:25:02 - [TEST_STEP][PASSED] - Statement - (s++): null

2018-05-14 13:25:02 - [TEST_STEP][PASSED] - delay: Delayed 1 second(s)

2018-05-14 13:25:03 - [MESSAGE][PASSED] - Delayed 1 second(s)

2018-05-14 13:25:03 - [TEST_STEP][PASSED] - selectOptionByIndex: All options with index in [25] are selected on object 'Object Repository/MOH AND GRN/Page_KDMC - CMS/select_--Select--Amikacin -500'

2018-05-14 13:25:03 - [MESSAGE][PASSED] - All options with index in [25] are selected on object 'Object Repository/MOH AND GRN/Page_KDMC - CMS/select_--Select--Amikacin -500'

2018-05-14 13:25:03 - [TEST_STEP][PASSED] - setText: Text '5000' is set on object 'Object Repository/MOH AND GRN/Page_KDMC - CMS/input_txtqty'

2018-05-14 13:25:03 - [MESSAGE][PASSED] - Text '5000' is set on object 'Object Repository/MOH AND GRN/Page_KDMC - CMS/input_txtqty'

2018-05-14 13:25:03 - [TEST_STEP][PASSED] - selectOptionByIndex: All options with index in [1] are selected on object 'Object Repository/MOH AND GRN/Page_KDMC - CMS/select_--Select--No Tax0'

2018-05-14 13:25:04 - [MESSAGE][PASSED] - All options with index in [1] are selected on object 'Object Repository/MOH AND GRN/Page_KDMC - CMS/select_--Select--No Tax0'

2018-05-14 13:25:04 - [TEST_STEP][PASSED] - setText: Finding Test Object with id 'Object Repository/MOH AND GRN/Page_KDMC - CMS/input_txtmrp'

2018-05-14 13:25:04 - [TEST_STEP][PASSED] - Statement - switch (id): Finding Test Object with id 'Object Repository/MOH AND GRN/Page_KDMC - CMS/input_txtdeal'

2018-05-14 13:25:04 - [TEST_STEP][PASSED] - Statement - case 4:: Text '17.0' is set on object 'Object Repository/MOH AND GRN/Page_KDMC - CMS/input_txtmrp'

2018-05-14 13:25:04 - [TEST_STEP][PASSED] - Statement - return (java.lang.Math.floor((java.lang.Math.random() * ((max - min) + 1))) + min): Text '17.0' is set on object 'Object Repository/MOH AND GRN/Page_KDMC - CMS/input_txtmrp'

2018-05-14 13:25:04 - [MESSAGE][PASSED] - Text '17.0' is set on object 'Object Repository/MOH AND GRN/Page_KDMC - CMS/input_txtmrp'

2018-05-14 13:25:04 - [TEST_STEP][PASSED] - setText: Finding Test Object with id 'Object Repository/MOH AND GRN/Page_KDMC - CMS/input_txtdeal'

2018-05-14 13:25:04 - [TEST_STEP][PASSED] - Statement - switch (id): Finding Test Object with id 'Object Repository/MOH AND GRN/Page_KDMC - CMS/input_txtbatchno'

2018-05-14 13:25:04 - [TEST_STEP][PASSED] - Statement - case 5:: Text '9.0' is set on object 'Object Repository/MOH AND GRN/Page_KDMC - CMS/input_txtdeal'

2018-05-14 13:25:04 - [TEST_STEP][PASSED] - Statement - return (java.lang.Math.floor((java.lang.Math.random() * ((max - min) + 1))) + min): Text '9.0' is set on object 'Object Repository/MOH AND GRN/Page_KDMC - CMS/input_txtdeal'

2018-05-14 13:25:04 - [MESSAGE][PASSED] - Text '9.0' is set on object 'Object Repository/MOH AND GRN/Page_KDMC - CMS/input_txtdeal'

2018-05-14 13:25:04 - [TEST_STEP][PASSED] - setText: Finding Test Object with id 'Object Repository/MOH AND GRN/Page_KDMC - CMS/input_txtbatchno'

2018-05-14 13:25:04 - [TEST_STEP][PASSED] - Statement - switch (id): Finding Test Object with id 'Object Repository/MOH AND GRN/Page_KDMC - CMS/input_txtmrp'

2018-05-14 13:25:04 - [TEST_STEP][PASSED] - Statement - case 1:: Text 'BA633.0' is set on object 'Object Repository/MOH AND GRN/Page_KDMC - CMS/input_txtbatchno'

2018-05-14 13:25:04 - [TEST_STEP][PASSED] - Statement - return (java.lang.Math.floor((java.lang.Math.random() * ((max - min) + 1))) + min): Text 'BA633.0' is set on object 'Object Repository/MOH AND GRN/Page_KDMC - CMS/input_txtbatchno'

2018-05-14 13:25:04 - [MESSAGE][PASSED] - Text 'BA633.0' is set on object 'Object Repository/MOH AND GRN/Page_KDMC - CMS/input_txtbatchno'

2018-05-14 13:25:04 - [TEST_STEP][PASSED] - rightClick: Object: 'Object Repository/GRN/Page_KDMC - CMS/input_txtexpdate' is right clicked on

2018-05-14 13:25:04 - [MESSAGE][PASSED] - Object: 'Object Repository/GRN/Page_KDMC - CMS/input_txtexpdate' is right clicked on

2018-05-14 13:25:04 - [TEST_STEP][PASSED] - selectOptionByIndex: All options with index in [5] are selected on object 'Object Repository/GRN/Page_KDMC - CMS/select_20182019202020212022202'

2018-05-14 13:25:04 - [MESSAGE][PASSED] - All options with index in [5] are selected on object 'Object Repository/GRN/Page_KDMC - CMS/select_20182019202020212022202'

2018-05-14 13:25:04 - [TEST_STEP][PASSED] - selectOptionByIndex: All options with index in [5] are selected on object 'Object Repository/GRN/Page_KDMC - CMS/select_JanFebMarAprMayJunJulAu'

2018-05-14 13:25:04 - [MESSAGE][PASSED] - All options with index in [5] are selected on object 'Object Repository/GRN/Page_KDMC - CMS/select_JanFebMarAprMayJunJulAu'

2018-05-14 13:25:04 - [TEST_STEP][PASSED] - click: Object: 'Object Repository/MOH AND GRN/Page_KDMC - CMS/a_12' is clicked on

2018-05-14 13:25:05 - [MESSAGE][PASSED] - Object: 'Object Repository/MOH AND GRN/Page_KDMC - CMS/a_12' is clicked on

2018-05-14 13:25:05 - [TEST_STEP][PASSED] - click: Object: 'Object Repository/MOH AND GRN/Page_KDMC - CMS/input_btnadd' is clicked on

2018-05-14 13:25:05 - [MESSAGE][PASSED] - Object: 'Object Repository/MOH AND GRN/Page_KDMC - CMS/input_btnadd' is clicked on

2018-05-14 13:25:05 - [TEST_STEP][PASSED] - Statement - If (s == 10): null

2018-05-14 13:25:05 - [TEST_STEP][PASSED] - Statement - Else: null

2018-05-14 13:25:05 - [TEST_STEP][PASSED] - Statement - (s++): null

2018-05-14 13:25:05 - [TEST_STEP][PASSED] - delay: Delayed 1 second(s)

2018-05-14 13:25:06 - [MESSAGE][PASSED] - Delayed 1 second(s)

2018-05-14 13:25:06 - [TEST_STEP][PASSED] - selectOptionByIndex: All options with index in [26] are selected on object 'Object Repository/MOH AND GRN/Page_KDMC - CMS/select_--Select--Amikacin -500'

2018-05-14 13:25:06 - [MESSAGE][PASSED] - All options with index in [26] are selected on object 'Object Repository/MOH AND GRN/Page_KDMC - CMS/select_--Select--Amikacin -500'

2018-05-14 13:25:06 - [TEST_STEP][PASSED] - setText: Text '5000' is set on object 'Object Repository/MOH AND GRN/Page_KDMC - CMS/input_txtqty'

2018-05-14 13:25:06 - [MESSAGE][PASSED] - Text '5000' is set on object 'Object Repository/MOH AND GRN/Page_KDMC - CMS/input_txtqty'

2018-05-14 13:25:06 - [TEST_STEP][PASSED] - selectOptionByIndex: All options with index in [1] are selected on object 'Object Repository/MOH AND GRN/Page_KDMC - CMS/select_--Select--No Tax0'

2018-05-14 13:25:06 - [MESSAGE][PASSED] - All options with index in [1] are selected on object 'Object Repository/MOH AND GRN/Page_KDMC - CMS/select_--Select--No Tax0'

2018-05-14 13:25:06 - [TEST_STEP][PASSED] - setText: Finding Test Object with id 'Object Repository/MOH AND GRN/Page_KDMC - CMS/input_txtmrp'

2018-05-14 13:25:06 - [TEST_STEP][PASSED] - Statement - switch (id): Finding Test Object with id 'Object Repository/MOH AND GRN/Page_KDMC - CMS/input_txtdeal'

2018-05-14 13:25:06 - [TEST_STEP][PASSED] - Statement - case 4:: Text '24.0' is set on object 'Object Repository/MOH AND GRN/Page_KDMC - CMS/input_txtmrp'

2018-05-14 13:25:06 - [TEST_STEP][PASSED] - Statement - return (java.lang.Math.floor((java.lang.Math.random() * ((max - min) + 1))) + min): Text '24.0' is set on object 'Object Repository/MOH AND GRN/Page_KDMC - CMS/input_txtmrp'

2018-05-14 13:25:06 - [MESSAGE][PASSED] - Text '24.0' is set on object 'Object Repository/MOH AND GRN/Page_KDMC - CMS/input_txtmrp'

2018-05-14 13:25:06 - [TEST_STEP][PASSED] - setText: Finding Test Object with id 'Object Repository/MOH AND GRN/Page_KDMC - CMS/input_txtdeal'

2018-05-14 13:25:06 - [TEST_STEP][PASSED] - Statement - switch (id): Finding Test Object with id 'Object Repository/MOH AND GRN/Page_KDMC - CMS/input_txtbatchno'

2018-05-14 13:25:06 - [TEST_STEP][PASSED] - Statement - case 5:: Text '12.0' is set on object 'Object Repository/MOH AND GRN/Page_KDMC - CMS/input_txtdeal'

2018-05-14 13:25:06 - [TEST_STEP][PASSED] - Statement - return (java.lang.Math.floor((java.lang.Math.random() * ((max - min) + 1))) + min): Text '12.0' is set on object 'Object Repository/MOH AND GRN/Page_KDMC - CMS/input_txtdeal'

2018-05-14 13:25:07 - [MESSAGE][PASSED] - Text '12.0' is set on object 'Object Repository/MOH AND GRN/Page_KDMC - CMS/input_txtdeal'

2018-05-14 13:25:07 - [TEST_STEP][PASSED] - setText: Finding Test Object with id 'Object Repository/MOH AND GRN/Page_KDMC - CMS/input_txtbatchno'

2018-05-14 13:25:07 - [TEST_STEP][PASSED] - Statement - switch (id): Finding Test Object with id 'Object Repository/MOH AND GRN/Page_KDMC - CMS/input_txtmrp'

2018-05-14 13:25:07 - [TEST_STEP][PASSED] - Statement - case 1:: Text 'BA572.0' is set on object 'Object Repository/MOH AND GRN/Page_KDMC - CMS/input_txtbatchno'

2018-05-14 13:25:07 - [TEST_STEP][PASSED] - Statement - return (java.lang.Math.floor((java.lang.Math.random() * ((max - min) + 1))) + min): Text 'BA572.0' is set on object 'Object Repository/MOH AND GRN/Page_KDMC - CMS/input_txtbatchno'

2018-05-14 13:25:07 - [MESSAGE][PASSED] - Text 'BA572.0' is set on object 'Object Repository/MOH AND GRN/Page_KDMC - CMS/input_txtbatchno'

2018-05-14 13:25:07 - [TEST_STEP][PASSED] - rightClick: Object: 'Object Repository/GRN/Page_KDMC - CMS/input_txtexpdate' is right clicked on

2018-05-14 13:25:17 - [MESSAGE][PASSED] - Object: 'Object Repository/GRN/Page_KDMC - CMS/input_txtexpdate' is right clicked on

2018-05-14 13:25:17 - [TEST_STEP][PASSED] - selectOptionByIndex: All options with index in [6] are selected on object 'Object Repository/GRN/Page_KDMC - CMS/select_20182019202020212022202'

2018-05-14 13:25:17 - [MESSAGE][PASSED] - All options with index in [6] are selected on object 'Object Repository/GRN/Page_KDMC - CMS/select_20182019202020212022202'

2018-05-14 13:25:17 - [TEST_STEP][PASSED] - selectOptionByIndex: All options with index in [6] are selected on object 'Object Repository/GRN/Page_KDMC - CMS/select_JanFebMarAprMayJunJulAu'

2018-05-14 13:25:17 - [MESSAGE][PASSED] - All options with index in [6] are selected on object 'Object Repository/GRN/Page_KDMC - CMS/select_JanFebMarAprMayJunJulAu'

2018-05-14 13:25:17 - [TEST_STEP][PASSED] - click: Object: 'Object Repository/MOH AND GRN/Page_KDMC - CMS/a_12' is clicked on

2018-05-14 13:25:22 - [MESSAGE][PASSED] - Object: 'Object Repository/MOH AND GRN/Page_KDMC - CMS/a_12' is clicked on

2018-05-14 13:25:22 - [TEST_STEP][PASSED] - click: Object: 'Object Repository/MOH AND GRN/Page_KDMC - CMS/input_btnadd' is clicked on

2018-05-14 13:25:27 - [MESSAGE][PASSED] - Object: 'Object Repository/MOH AND GRN/Page_KDMC - CMS/input_btnadd' is clicked on

2018-05-14 13:25:27 - [TEST_STEP][PASSED] - Statement - If (s == 10): null

2018-05-14 13:25:27 - [TEST_STEP][PASSED] - Statement - Else: null

2018-05-14 13:25:27 - [TEST_STEP][PASSED] - Statement - (s++): null

2018-05-14 13:25:27 - [TEST_STEP][PASSED] - delay: Delayed 1 second(s)

2018-05-14 13:25:28 - [MESSAGE][PASSED] - Delayed 1 second(s)

2018-05-14 13:25:28 - [TEST_STEP][PASSED] - selectOptionByIndex: All options with index in [27] are selected on object 'Object Repository/MOH AND GRN/Page_KDMC - CMS/select_--Select--Amikacin -500'

2018-05-14 13:25:29 - [MESSAGE][PASSED] - All options with index in [27] are selected on object 'Object Repository/MOH AND GRN/Page_KDMC - CMS/select_--Select--Amikacin -500'

2018-05-14 13:25:29 - [TEST_STEP][PASSED] - setText: Text '5000' is set on object 'Object Repository/MOH AND GRN/Page_KDMC - CMS/input_txtqty'

2018-05-14 13:25:29 - [MESSAGE][PASSED] - Text '5000' is set on object 'Object Repository/MOH AND GRN/Page_KDMC - CMS/input_txtqty'

2018-05-14 13:25:29 - [TEST_STEP][PASSED] - selectOptionByIndex: All options with index in [1] are selected on object 'Object Repository/MOH AND GRN/Page_KDMC - CMS/select_--Select--No Tax0'

2018-05-14 13:25:29 - [MESSAGE][PASSED] - All options with index in [1] are selected on object 'Object Repository/MOH AND GRN/Page_KDMC - CMS/select_--Select--No Tax0'

2018-05-14 13:25:29 - [TEST_STEP][PASSED] - setText: Finding Test Object with id 'Object Repository/MOH AND GRN/Page_KDMC - CMS/input_txtmrp'

2018-05-14 13:25:29 - [TEST_STEP][PASSED] - Statement - switch (id): Finding Test Object with id 'Object Repository/MOH AND GRN/Page_KDMC - CMS/input_txtdeal'

2018-05-14 13:25:29 - [TEST_STEP][PASSED] - Statement - case 4:: Text '45.0' is set on object 'Object Repository/MOH AND GRN/Page_KDMC - CMS/input_txtmrp'

2018-05-14 13:25:29 - [TEST_STEP][PASSED] - Statement - return (java.lang.Math.floor((java.lang.Math.random() * ((max - min) + 1))) + min): Text '45.0' is set on object 'Object Repository/MOH AND GRN/Page_KDMC - CMS/input_txtmrp'

2018-05-14 13:25:29 - [MESSAGE][PASSED] - Text '45.0' is set on object 'Object Repository/MOH AND GRN/Page_KDMC - CMS/input_txtmrp'

2018-05-14 13:25:29 - [TEST_STEP][PASSED] - setText: Finding Test Object with id 'Object Repository/MOH AND GRN/Page_KDMC - CMS/input_txtdeal'

2018-05-14 13:25:29 - [TEST_STEP][PASSED] - Statement - switch (id): Finding Test Object with id 'Object Repository/MOH AND GRN/Page_KDMC - CMS/input_txtbatchno'

2018-05-14 13:25:29 - [TEST_STEP][PASSED] - Statement - case 5:: Text '1.0' is set on object 'Object Repository/MOH AND GRN/Page_KDMC - CMS/input_txtdeal'

2018-05-14 13:25:29 - [TEST_STEP][PASSED] - Statement - return (java.lang.Math.floor((java.lang.Math.random() * ((max - min) + 1))) + min): Text '1.0' is set on object 'Object Repository/MOH AND GRN/Page_KDMC - CMS/input_txtdeal'

2018-05-14 13:25:29 - [MESSAGE][PASSED] - Text '1.0' is set on object 'Object Repository/MOH AND GRN/Page_KDMC - CMS/input_txtdeal'

2018-05-14 13:25:29 - [TEST_STEP][PASSED] - setText: Finding Test Object with id 'Object Repository/MOH AND GRN/Page_KDMC - CMS/input_txtbatchno'

2018-05-14 13:25:29 - [TEST_STEP][PASSED] - Statement - switch (id): Finding Test Object with id 'Object Repository/MOH AND GRN/Page_KDMC - CMS/input_txtmrp'

2018-05-14 13:25:29 - [TEST_STEP][PASSED] - Statement - case 1:: Text 'BA776.0' is set on object 'Object Repository/MOH AND GRN/Page_KDMC - CMS/input_txtbatchno'

2018-05-14 13:25:29 - [TEST_STEP][PASSED] - Statement - return (java.lang.Math.floor((java.lang.Math.random() * ((max - min) + 1))) + min): Text 'BA776.0' is set on object 'Object Repository/MOH AND GRN/Page_KDMC - CMS/input_txtbatchno'

2018-05-14 13:25:29 - [MESSAGE][PASSED] - Text 'BA776.0' is set on object 'Object Repository/MOH AND GRN/Page_KDMC - CMS/input_txtbatchno'

2018-05-14 13:25:29 - [TEST_STEP][PASSED] - rightClick: Object: 'Object Repository/GRN/Page_KDMC - CMS/input_txtexpdate' is right clicked on

2018-05-14 13:25:39 - [MESSAGE][PASSED] - Object: 'Object Repository/GRN/Page_KDMC - CMS/input_txtexpdate' is right clicked on

2018-05-14 13:25:39 - [TEST_STEP][PASSED] - selectOptionByIndex: All options with index in [7] are selected on object 'Object Repository/GRN/Page_KDMC - CMS/select_20182019202020212022202'

2018-05-14 13:25:40 - [MESSAGE][PASSED] - All options with index in [7] are selected on object 'Object Repository/GRN/Page_KDMC - CMS/select_20182019202020212022202'

2018-05-14 13:25:40 - [TEST_STEP][PASSED] - selectOptionByIndex: All options with index in [7] are selected on object 'Object Repository/GRN/Page_KDMC - CMS/select_JanFebMarAprMayJunJulAu'

2018-05-14 13:25:40 - [MESSAGE][PASSED] - All options with index in [7] are selected on object 'Object Repository/GRN/Page_KDMC - CMS/select_JanFebMarAprMayJunJulAu'

2018-05-14 13:25:40 - [TEST_STEP][PASSED] - click: Object: 'Object Repository/MOH AND GRN/Page_KDMC - CMS/a_12' is clicked on

2018-05-14 13:25:45 - [MESSAGE][PASSED] - Object: 'Object Repository/MOH AND GRN/Page_KDMC - CMS/a_12' is clicked on

2018-05-14 13:25:45 - [TEST_STEP][PASSED] - click: Object: 'Object Repository/MOH AND GRN/Page_KDMC - CMS/input_btnadd' is clicked on

2018-05-14 13:25:50 - [MESSAGE][PASSED] - Object: 'Object Repository/MOH AND GRN/Page_KDMC - CMS/input_btnadd' is clicked on

2018-05-14 13:25:50 - [TEST_STEP][PASSED] - Statement - If (s == 10): null

2018-05-14 13:25:50 - [TEST_STEP][PASSED] - Statement - Else: null

2018-05-14 13:25:50 - [TEST_STEP][PASSED] - Statement - (s++): null

2018-05-14 13:25:50 - [TEST_STEP][PASSED] - delay: Delayed 1 second(s)

2018-05-14 13:25:51 - [MESSAGE][PASSED] - Delayed 1 second(s)

2018-05-14 13:25:51 - [TEST_STEP][PASSED] - selectOptionByIndex: All options with index in [28] are selected on object 'Object Repository/MOH AND GRN/Page_KDMC - CMS/select_--Select--Amikacin -500'

2018-05-14 13:25:52 - [MESSAGE][PASSED] - All options with index in [28] are selected on object 'Object Repository/MOH AND GRN/Page_KDMC - CMS/select_--Select--Amikacin -500'

2018-05-14 13:25:52 - [TEST_STEP][PASSED] - setText: Text '5000' is set on object 'Object Repository/MOH AND GRN/Page_KDMC - CMS/input_txtqty'

2018-05-14 13:25:52 - [MESSAGE][PASSED] - Text '5000' is set on object 'Object Repository/MOH AND GRN/Page_KDMC - CMS/input_txtqty'

2018-05-14 13:25:52 - [TEST_STEP][PASSED] - selectOptionByIndex: All options with index in [1] are selected on object 'Object Repository/MOH AND GRN/Page_KDMC - CMS/select_--Select--No Tax0'

2018-05-14 13:25:52 - [MESSAGE][PASSED] - All options with index in [1] are selected on object 'Object Repository/MOH AND GRN/Page_KDMC - CMS/select_--Select--No Tax0'

2018-05-14 13:25:52 - [TEST_STEP][PASSED] - setText: Finding Test Object with id 'Object Repository/MOH AND GRN/Page_KDMC - CMS/input_txtmrp'

2018-05-14 13:25:52 - [TEST_STEP][PASSED] - Statement - switch (id): Finding Test Object with id 'Object Repository/MOH AND GRN/Page_KDMC - CMS/input_txtdeal'

2018-05-14 13:25:52 - [TEST_STEP][PASSED] - Statement - case 4:: Text '30.0' is set on object 'Object Repository/MOH AND GRN/Page_KDMC - CMS/input_txtmrp'

2018-05-14 13:25:52 - [TEST_STEP][PASSED] - Statement - return (java.lang.Math.floor((java.lang.Math.random() * ((max - min) + 1))) + min): Text '30.0' is set on object 'Object Repository/MOH AND GRN/Page_KDMC - CMS/input_txtmrp'

2018-05-14 13:25:52 - [MESSAGE][PASSED] - Text '30.0' is set on object 'Object Repository/MOH AND GRN/Page_KDMC - CMS/input_txtmrp'

2018-05-14 13:25:52 - [TEST_STEP][PASSED] - setText: Finding Test Object with id 'Object Repository/MOH AND GRN/Page_KDMC - CMS/input_txtdeal'

2018-05-14 13:25:52 - [TEST_STEP][PASSED] - Statement - switch (id): Finding Test Object with id 'Object Repository/MOH AND GRN/Page_KDMC - CMS/input_txtbatchno'

2018-05-14 13:25:52 - [TEST_STEP][PASSED] - Statement - case 5:: Text '8.0' is set on object 'Object Repository/MOH AND GRN/Page_KDMC - CMS/input_txtdeal'

2018-05-14 13:25:52 - [TEST_STEP][PASSED] - Statement - return (java.lang.Math.floor((java.lang.Math.random() * ((max - min) + 1))) + min): Text '8.0' is set on object 'Object Repository/MOH AND GRN/Page_KDMC - CMS/input_txtdeal'

2018-05-14 13:25:52 - [MESSAGE][PASSED] - Text '8.0' is set on object 'Object Repository/MOH AND GRN/Page_KDMC - CMS/input_txtdeal'

2018-05-14 13:25:52 - [TEST_STEP][PASSED] - setText: Finding Test Object with id 'Object Repository/MOH AND GRN/Page_KDMC - CMS/input_txtbatchno'

2018-05-14 13:25:52 - [TEST_STEP][PASSED] - Statement - switch (id): Finding Test Object with id 'Object Repository/MOH AND GRN/Page_KDMC - CMS/input_txtmrp'

2018-05-14 13:25:52 - [TEST_STEP][PASSED] - Statement - case 1:: Text 'BA917.0' is set on object 'Object Repository/MOH AND GRN/Page_KDMC - CMS/input_txtbatchno'

2018-05-14 13:25:52 - [TEST_STEP][PASSED] - Statement - return (java.lang.Math.floor((java.lang.Math.random() * ((max - min) + 1))) + min): Text 'BA917.0' is set on object 'Object Repository/MOH AND GRN/Page_KDMC - CMS/input_txtbatchno'

2018-05-14 13:25:52 - [MESSAGE][PASSED] - Text 'BA917.0' is set on object 'Object Repository/MOH AND GRN/Page_KDMC - CMS/input_txtbatchno'

2018-05-14 13:25:52 - [TEST_STEP][PASSED] - rightClick: Object: 'Object Repository/GRN/Page_KDMC - CMS/input_txtexpdate' is right clicked on

2018-05-14 13:26:02 - [MESSAGE][PASSED] - Object: 'Object Repository/GRN/Page_KDMC - CMS/input_txtexpdate' is right clicked on

2018-05-14 13:26:02 - [TEST_STEP][PASSED] - selectOptionByIndex: All options with index in [8] are selected on object 'Object Repository/GRN/Page_KDMC - CMS/select_20182019202020212022202'

2018-05-14 13:26:02 - [MESSAGE][PASSED] - All options with index in [8] are selected on object 'Object Repository/GRN/Page_KDMC - CMS/select_20182019202020212022202'

2018-05-14 13:26:02 - [TEST_STEP][PASSED] - selectOptionByIndex: All options with index in [8] are selected on object 'Object Repository/GRN/Page_KDMC - CMS/select_JanFebMarAprMayJunJulAu'

2018-05-14 13:26:03 - [MESSAGE][PASSED] - All options with index in [8] are selected on object 'Object Repository/GRN/Page_KDMC - CMS/select_JanFebMarAprMayJunJulAu'

2018-05-14 13:26:03 - [TEST_STEP][PASSED] - click: Object: 'Object Repository/MOH AND GRN/Page_KDMC - CMS/a_12' is clicked on

2018-05-14 13:26:08 - [MESSAGE][PASSED] - Object: 'Object Repository/MOH AND GRN/Page_KDMC - CMS/a_12' is clicked on

2018-05-14 13:26:08 - [TEST_STEP][PASSED] - click: Object: 'Object Repository/MOH AND GRN/Page_KDMC - CMS/input_btnadd' is clicked on

2018-05-14 13:26:13 - [MESSAGE][PASSED] - Object: 'Object Repository/MOH AND GRN/Page_KDMC - CMS/input_btnadd' is clicked on

2018-05-14 13:26:13 - [TEST_STEP][PASSED] - Statement - If (s == 10): null

2018-05-14 13:26:13 - [TEST_STEP][PASSED] - Statement - Else: null

2018-05-14 13:26:13 - [TEST_STEP][PASSED] - Statement - (s++): null

2018-05-14 13:26:13 - [TEST_STEP][PASSED] - delay: Delayed 1 second(s)

2018-05-14 13:26:14 - [MESSAGE][PASSED] - Delayed 1 second(s)

2018-05-14 13:26:14 - [TEST_STEP][PASSED] - selectOptionByIndex: All options with index in [29] are selected on object 'Object Repository/MOH AND GRN/Page_KDMC - CMS/select_--Select--Amikacin -500'

2018-05-14 13:26:14 - [MESSAGE][PASSED] - All options with index in [29] are selected on object 'Object Repository/MOH AND GRN/Page_KDMC - CMS/select_--Select--Amikacin -500'

2018-05-14 13:26:14 - [TEST_STEP][PASSED] - setText: Text '5000' is set on object 'Object Repository/MOH AND GRN/Page_KDMC - CMS/input_txtqty'

2018-05-14 13:26:15 - [MESSAGE][PASSED] - Text '5000' is set on object 'Object Repository/MOH AND GRN/Page_KDMC - CMS/input_txtqty'

2018-05-14 13:26:15 - [TEST_STEP][PASSED] - selectOptionByIndex: All options with index in [1] are selected on object 'Object Repository/MOH AND GRN/Page_KDMC - CMS/select_--Select--No Tax0'

2018-05-14 13:26:15 - [MESSAGE][PASSED] - All options with index in [1] are selected on object 'Object Repository/MOH AND GRN/Page_KDMC - CMS/select_--Select--No Tax0'

2018-05-14 13:26:15 - [TEST_STEP][PASSED] - setText: Finding Test Object with id 'Object Repository/MOH AND GRN/Page_KDMC - CMS/input_txtmrp'

2018-05-14 13:26:15 - [TEST_STEP][PASSED] - Statement - switch (id): Finding Test Object with id 'Object Repository/MOH AND GRN/Page_KDMC - CMS/input_txtdeal'

2018-05-14 13:26:15 - [TEST_STEP][PASSED] - Statement - case 4:: Text '34.0' is set on object 'Object Repository/MOH AND GRN/Page_KDMC - CMS/input_txtmrp'

2018-05-14 13:26:15 - [TEST_STEP][PASSED] - Statement - return (java.lang.Math.floor((java.lang.Math.random() * ((max - min) + 1))) + min): Text '34.0' is set on object 'Object Repository/MOH AND GRN/Page_KDMC - CMS/input_txtmrp'

2018-05-14 13:26:15 - [MESSAGE][PASSED] - Text '34.0' is set on object 'Object Repository/MOH AND GRN/Page_KDMC - CMS/input_txtmrp'

2018-05-14 13:26:15 - [TEST_STEP][PASSED] - setText: Finding Test Object with id 'Object Repository/MOH AND GRN/Page_KDMC - CMS/input_txtdeal'

2018-05-14 13:26:15 - [TEST_STEP][PASSED] - Statement - switch (id): Finding Test Object with id 'Object Repository/MOH AND GRN/Page_KDMC - CMS/input_txtbatchno'

2018-05-14 13:26:15 - [TEST_STEP][PASSED] - Statement - case 5:: Text '5.0' is set on object 'Object Repository/MOH AND GRN/Page_KDMC - CMS/input_txtdeal'

2018-05-14 13:26:15 - [TEST_STEP][PASSED] - Statement - return (java.lang.Math.floor((java.lang.Math.random() * ((max - min) + 1))) + min): Text '5.0' is set on object 'Object Repository/MOH AND GRN/Page_KDMC - CMS/input_txtdeal'

2018-05-14 13:26:15 - [MESSAGE][PASSED] - Text '5.0' is set on object 'Object Repository/MOH AND GRN/Page_KDMC - CMS/input_txtdeal'

2018-05-14 13:26:15 - [TEST_STEP][PASSED] - setText: Finding Test Object with id 'Object Repository/MOH AND GRN/Page_KDMC - CMS/input_txtbatchno'

2018-05-14 13:26:15 - [TEST_STEP][PASSED] - Statement - switch (id): Finding Test Object with id 'Object Repository/MOH AND GRN/Page_KDMC - CMS/input_txtmrp'

2018-05-14 13:26:15 - [TEST_STEP][PASSED] - Statement - case 1:: Text 'BA602.0' is set on object 'Object Repository/MOH AND GRN/Page_KDMC - CMS/input_txtbatchno'

2018-05-14 13:26:15 - [TEST_STEP][PASSED] - Statement - return (java.lang.Math.floor((java.lang.Math.random() * ((max - min) + 1))) + min): Text 'BA602.0' is set on object 'Object Repository/MOH AND GRN/Page_KDMC - CMS/input_txtbatchno'

2018-05-14 13:26:15 - [MESSAGE][PASSED] - Text 'BA602.0' is set on object 'Object Repository/MOH AND GRN/Page_KDMC - CMS/input_txtbatchno'

2018-05-14 13:26:15 - [TEST_STEP][PASSED] - rightClick: Object: 'Object Repository/GRN/Page_KDMC - CMS/input_txtexpdate' is right clicked on

2018-05-14 13:26:25 - [MESSAGE][PASSED] - Object: 'Object Repository/GRN/Page_KDMC - CMS/input_txtexpdate' is right clicked on

2018-05-14 13:26:25 - [TEST_STEP][PASSED] - selectOptionByIndex: All options with index in [9] are selected on object 'Object Repository/GRN/Page_KDMC - CMS/select_20182019202020212022202'

2018-05-14 13:26:25 - [MESSAGE][PASSED] - All options with index in [9] are selected on object 'Object Repository/GRN/Page_KDMC - CMS/select_20182019202020212022202'

2018-05-14 13:26:25 - [TEST_STEP][PASSED] - selectOptionByIndex: All options with index in [9] are selected on object 'Object Repository/GRN/Page_KDMC - CMS/select_JanFebMarAprMayJunJulAu'

2018-05-14 13:26:26 - [MESSAGE][PASSED] - All options with index in [9] are selected on object 'Object Repository/GRN/Page_KDMC - CMS/select_JanFebMarAprMayJunJulAu'

2018-05-14 13:26:26 - [TEST_STEP][PASSED] - click: Object: 'Object Repository/MOH AND GRN/Page_KDMC - CMS/a_12' is clicked on

2018-05-14 13:26:31 - [MESSAGE][PASSED] - Object: 'Object Repository/MOH AND GRN/Page_KDMC - CMS/a_12' is clicked on

2018-05-14 13:26:31 - [TEST_STEP][PASSED] - click: Object: 'Object Repository/MOH AND GRN/Page_KDMC - CMS/input_btnadd' is clicked on

2018-05-14 13:26:36 - [MESSAGE][PASSED] - Object: 'Object Repository/MOH AND GRN/Page_KDMC - CMS/input_btnadd' is clicked on

2018-05-14 13:26:36 - [TEST_STEP][PASSED] - Statement - If (s == 10): null

2018-05-14 13:26:36 - [TEST_STEP][PASSED] - Statement - Else: null

2018-05-14 13:26:36 - [TEST_STEP][PASSED] - Statement - (s++): null

2018-05-14 13:26:36 - [TEST_STEP][PASSED] - delay: Delayed 1 second(s)

2018-05-14 13:26:37 - [MESSAGE][PASSED] - Delayed 1 second(s)

2018-05-14 13:26:37 - [TEST_STEP][PASSED] - selectOptionByIndex: All options with index in [30] are selected on object 'Object Repository/MOH AND GRN/Page_KDMC - CMS/select_--Select--Amikacin -500'

2018-05-14 13:26:37 - [MESSAGE][PASSED] - All options with index in [30] are selected on object 'Object Repository/MOH AND GRN/Page_KDMC - CMS/select_--Select--Amikacin -500'

2018-05-14 13:26:37 - [TEST_STEP][PASSED] - setText: Text '5000' is set on object 'Object Repository/MOH AND GRN/Page_KDMC - CMS/input_txtqty'

2018-05-14 13:26:37 - [MESSAGE][PASSED] - Text '5000' is set on object 'Object Repository/MOH AND GRN/Page_KDMC - CMS/input_txtqty'

2018-05-14 13:26:37 - [TEST_STEP][PASSED] - selectOptionByIndex: All options with index in [1] are selected on object 'Object Repository/MOH AND GRN/Page_KDMC - CMS/select_--Select--No Tax0'

2018-05-14 13:26:38 - [MESSAGE][PASSED] - All options with index in [1] are selected on object 'Object Repository/MOH AND GRN/Page_KDMC - CMS/select_--Select--No Tax0'

2018-05-14 13:26:38 - [TEST_STEP][PASSED] - setText: Finding Test Object with id 'Object Repository/MOH AND GRN/Page_KDMC - CMS/input_txtmrp'

2018-05-14 13:26:38 - [TEST_STEP][PASSED] - Statement - switch (id): Finding Test Object with id 'Object Repository/MOH AND GRN/Page_KDMC - CMS/input_txtdeal'

2018-05-14 13:26:38 - [TEST_STEP][PASSED] - Statement - case 4:: Text '22.0' is set on object 'Object Repository/MOH AND GRN/Page_KDMC - CMS/input_txtmrp'

2018-05-14 13:26:38 - [TEST_STEP][PASSED] - Statement - return (java.lang.Math.floor((java.lang.Math.random() * ((max - min) + 1))) + min): Text '22.0' is set on object 'Object Repository/MOH AND GRN/Page_KDMC - CMS/input_txtmrp'

2018-05-14 13:26:38 - [MESSAGE][PASSED] - Text '22.0' is set on object 'Object Repository/MOH AND GRN/Page_KDMC - CMS/input_txtmrp'

2018-05-14 13:26:38 - [TEST_STEP][PASSED] - setText: Finding Test Object with id 'Object Repository/MOH AND GRN/Page_KDMC - CMS/input_txtdeal'

2018-05-14 13:26:38 - [TEST_STEP][PASSED] - Statement - switch (id): Finding Test Object with id 'Object Repository/MOH AND GRN/Page_KDMC - CMS/input_txtbatchno'

2018-05-14 13:26:38 - [TEST_STEP][PASSED] - Statement - case 5:: Text '9.0' is set on object 'Object Repository/MOH AND GRN/Page_KDMC - CMS/input_txtdeal'

2018-05-14 13:26:38 - [TEST_STEP][PASSED] - Statement - return (java.lang.Math.floor((java.lang.Math.random() * ((max - min) + 1))) + min): Text '9.0' is set on object 'Object Repository/MOH AND GRN/Page_KDMC - CMS/input_txtdeal'

2018-05-14 13:26:38 - [MESSAGE][PASSED] - Text '9.0' is set on object 'Object Repository/MOH AND GRN/Page_KDMC - CMS/input_txtdeal'

2018-05-14 13:26:38 - [TEST_STEP][PASSED] - setText: Finding Test Object with id 'Object Repository/MOH AND GRN/Page_KDMC - CMS/input_txtbatchno'

2018-05-14 13:26:38 - [TEST_STEP][PASSED] - Statement - switch (id): Finding Test Object with id 'Object Repository/MOH AND GRN/Page_KDMC - CMS/input_txtmrp'

2018-05-14 13:26:38 - [TEST_STEP][PASSED] - Statement - case 1:: Text 'BA607.0' is set on object 'Object Repository/MOH AND GRN/Page_KDMC - CMS/input_txtbatchno'

2018-05-14 13:26:38 - [TEST_STEP][PASSED] - Statement - return (java.lang.Math.floor((java.lang.Math.random() * ((max - min) + 1))) + min): Text 'BA607.0' is set on object 'Object Repository/MOH AND GRN/Page_KDMC - CMS/input_txtbatchno'

2018-05-14 13:26:38 - [MESSAGE][PASSED] - Text 'BA607.0' is set on object 'Object Repository/MOH AND GRN/Page_KDMC - CMS/input_txtbatchno'

2018-05-14 13:26:38 - [TEST_STEP][PASSED] - rightClick: Object: 'Object Repository/GRN/Page_KDMC - CMS/input_txtexpdate' is right clicked on

2018-05-14 13:26:48 - [MESSAGE][PASSED] - Object: 'Object Repository/GRN/Page_KDMC - CMS/input_txtexpdate' is right clicked on

2018-05-14 13:26:48 - [TEST_STEP][PASSED] - selectOptionByIndex: All options with index in [10] are selected on object 'Object Repository/GRN/Page_KDMC - CMS/select_20182019202020212022202'

2018-05-14 13:26:48 - [MESSAGE][PASSED] - All options with index in [10] are selected on object 'Object Repository/GRN/Page_KDMC - CMS/select_20182019202020212022202'

2018-05-14 13:26:48 - [TEST_STEP][PASSED] - selectOptionByIndex: All options with index in [10] are selected on object 'Object Repository/GRN/Page_KDMC - CMS/select_JanFebMarAprMayJunJulAu'

2018-05-14 13:26:49 - [MESSAGE][PASSED] - All options with index in [10] are selected on object 'Object Repository/GRN/Page_KDMC - CMS/select_JanFebMarAprMayJunJulAu'

2018-05-14 13:26:49 - [TEST_STEP][PASSED] - click: Object: 'Object Repository/MOH AND GRN/Page_KDMC - CMS/a_12' is clicked on

2018-05-14 13:26:54 - [MESSAGE][PASSED] - Object: 'Object Repository/MOH AND GRN/Page_KDMC - CMS/a_12' is clicked on

2018-05-14 13:26:54 - [TEST_STEP][PASSED] - click: Object: 'Object Repository/MOH AND GRN/Page_KDMC - CMS/input_btnadd' is clicked on

2018-05-14 13:26:59 - [MESSAGE][PASSED] - Object: 'Object Repository/MOH AND GRN/Page_KDMC - CMS/input_btnadd' is clicked on

2018-05-14 13:26:59 - [TEST_STEP][PASSED] - Statement - If (s == 10): null

2018-05-14 13:26:59 - [TEST_STEP][PASSED] - Statement - s = 1: null

2018-05-14 13:26:59 - [TEST_STEP][PASSED] - delay: Delayed 1 second(s)

2018-05-14 13:27:00 - [MESSAGE][PASSED] - Delayed 1 second(s)

2018-05-14 13:27:00 - [TEST_STEP][PASSED] - selectOptionByIndex: All options with index in [31] are selected on object 'Object Repository/MOH AND GRN/Page_KDMC - CMS/select_--Select--Amikacin -500'

2018-05-14 13:27:00 - [MESSAGE][PASSED] - All options with index in [31] are selected on object 'Object Repository/MOH AND GRN/Page_KDMC - CMS/select_--Select--Amikacin -500'

2018-05-14 13:27:00 - [TEST_STEP][PASSED] - setText: Text '5000' is set on object 'Object Repository/MOH AND GRN/Page_KDMC - CMS/input_txtqty'

2018-05-14 13:27:01 - [MESSAGE][PASSED] - Text '5000' is set on object 'Object Repository/MOH AND GRN/Page_KDMC - CMS/input_txtqty'

2018-05-14 13:27:01 - [TEST_STEP][PASSED] - selectOptionByIndex: All options with index in [1] are selected on object 'Object Repository/MOH AND GRN/Page_KDMC - CMS/select_--Select--No Tax0'

2018-05-14 13:27:01 - [MESSAGE][PASSED] - All options with index in [1] are selected on object 'Object Repository/MOH AND GRN/Page_KDMC - CMS/select_--Select--No Tax0'

2018-05-14 13:27:01 - [TEST_STEP][PASSED] - setText: Finding Test Object with id 'Object Repository/MOH AND GRN/Page_KDMC - CMS/input_txtmrp'

2018-05-14 13:27:01 - [TEST_STEP][PASSED] - Statement - switch (id): Finding Test Object with id 'Object Repository/MOH AND GRN/Page_KDMC - CMS/input_txtdeal'

2018-05-14 13:27:01 - [TEST_STEP][PASSED] - Statement - case 4:: Text '38.0' is set on object 'Object Repository/MOH AND GRN/Page_KDMC - CMS/input_txtmrp'

2018-05-14 13:27:01 - [TEST_STEP][PASSED] - Statement - return (java.lang.Math.floor((java.lang.Math.random() * ((max - min) + 1))) + min): Text '38.0' is set on object 'Object Repository/MOH AND GRN/Page_KDMC - CMS/input_txtmrp'

2018-05-14 13:27:01 - [MESSAGE][PASSED] - Text '38.0' is set on object 'Object Repository/MOH AND GRN/Page_KDMC - CMS/input_txtmrp'

2018-05-14 13:27:01 - [TEST_STEP][PASSED] - setText: Finding Test Object with id 'Object Repository/MOH AND GRN/Page_KDMC - CMS/input_txtdeal'

2018-05-14 13:27:01 - [TEST_STEP][PASSED] - Statement - switch (id): Finding Test Object with id 'Object Repository/MOH AND GRN/Page_KDMC - CMS/input_txtbatchno'

2018-05-14 13:27:01 - [TEST_STEP][PASSED] - Statement - case 5:: Text '5.0' is set on object 'Object Repository/MOH AND GRN/Page_KDMC - CMS/input_txtdeal'

2018-05-14 13:27:01 - [TEST_STEP][PASSED] - Statement - return (java.lang.Math.floor((java.lang.Math.random() * ((max - min) + 1))) + min): Text '5.0' is set on object 'Object Repository/MOH AND GRN/Page_KDMC - CMS/input_txtdeal'

2018-05-14 13:27:01 - [MESSAGE][PASSED] - Text '5.0' is set on object 'Object Repository/MOH AND GRN/Page_KDMC - CMS/input_txtdeal'

2018-05-14 13:27:01 - [TEST_STEP][PASSED] - setText: Finding Test Object with id 'Object Repository/MOH AND GRN/Page_KDMC - CMS/input_txtbatchno'

2018-05-14 13:27:01 - [TEST_STEP][PASSED] - Statement - switch (id): Finding Test Object with id 'Object Repository/MOH AND GRN/Page_KDMC - CMS/input_txtmrp'

2018-05-14 13:27:01 - [TEST_STEP][PASSED] - Statement - case 1:: Text 'BA21.0' is set on object 'Object Repository/MOH AND GRN/Page_KDMC - CMS/input_txtbatchno'

2018-05-14 13:27:01 - [TEST_STEP][PASSED] - Statement - return (java.lang.Math.floor((java.lang.Math.random() * ((max - min) + 1))) + min): Text 'BA21.0' is set on object 'Object Repository/MOH AND GRN/Page_KDMC - CMS/input_txtbatchno'

2018-05-14 13:27:01 - [MESSAGE][PASSED] - Text 'BA21.0' is set on object 'Object Repository/MOH AND GRN/Page_KDMC - CMS/input_txtbatchno'

2018-05-14 13:27:01 - [TEST_STEP][PASSED] - rightClick: Object: 'Object Repository/GRN/Page_KDMC - CMS/input_txtexpdate' is right clicked on

2018-05-14 13:27:11 - [MESSAGE][PASSED] - Object: 'Object Repository/GRN/Page_KDMC - CMS/input_txtexpdate' is right clicked on

2018-05-14 13:27:11 - [TEST_STEP][PASSED] - selectOptionByIndex: All options with index in [1] are selected on object 'Object Repository/GRN/Page_KDMC - CMS/select_20182019202020212022202'

2018-05-14 13:27:11 - [MESSAGE][PASSED] - All options with index in [1] are selected on object 'Object Repository/GRN/Page_KDMC - CMS/select_20182019202020212022202'

2018-05-14 13:27:11 - [TEST_STEP][PASSED] - selectOptionByIndex: All options with index in [1] are selected on object 'Object Repository/GRN/Page_KDMC - CMS/select_JanFebMarAprMayJunJulAu'

2018-05-14 13:27:12 - [MESSAGE][PASSED] - All options with index in [1] are selected on object 'Object Repository/GRN/Page_KDMC - CMS/select_JanFebMarAprMayJunJulAu'

2018-05-14 13:27:12 - [TEST_STEP][PASSED] - click: Object: 'Object Repository/MOH AND GRN/Page_KDMC - CMS/a_12' is clicked on

2018-05-14 13:27:17 - [MESSAGE][PASSED] - Object: 'Object Repository/MOH AND GRN/Page_KDMC - CMS/a_12' is clicked on

2018-05-14 13:27:17 - [TEST_STEP][PASSED] - click: Object: 'Object Repository/MOH AND GRN/Page_KDMC - CMS/input_btnadd' is clicked on

2018-05-14 13:27:22 - [MESSAGE][PASSED] - Object: 'Object Repository/MOH AND GRN/Page_KDMC - CMS/input_btnadd' is clicked on

2018-05-14 13:27:22 - [TEST_STEP][PASSED] - Statement - If (s == 10): null

2018-05-14 13:27:22 - [TEST_STEP][PASSED] - Statement - Else: null

2018-05-14 13:27:22 - [TEST_STEP][PASSED] - Statement - (s++): null

2018-05-14 13:27:22 - [TEST_STEP][PASSED] - delay: Delayed 1 second(s)

2018-05-14 13:27:23 - [MESSAGE][PASSED] - Delayed 1 second(s)

2018-05-14 13:27:23 - [TEST_STEP][PASSED] - selectOptionByIndex: All options with index in [32] are selected on object 'Object Repository/MOH AND GRN/Page_KDMC - CMS/select_--Select--Amikacin -500'

2018-05-14 13:27:23 - [MESSAGE][PASSED] - All options with index in [32] are selected on object 'Object Repository/MOH AND GRN/Page_KDMC - CMS/select_--Select--Amikacin -500'

2018-05-14 13:27:23 - [TEST_STEP][PASSED] - setText: Text '5000' is set on object 'Object Repository/MOH AND GRN/Page_KDMC - CMS/input_txtqty'

2018-05-14 13:27:23 - [MESSAGE][PASSED] - Text '5000' is set on object 'Object Repository/MOH AND GRN/Page_KDMC - CMS/input_txtqty'

2018-05-14 13:27:23 - [TEST_STEP][PASSED] - selectOptionByIndex: All options with index in [1] are selected on object 'Object Repository/MOH AND GRN/Page_KDMC - CMS/select_--Select--No Tax0'

2018-05-14 13:27:24 - [MESSAGE][PASSED] - All options with index in [1] are selected on object 'Object Repository/MOH AND GRN/Page_KDMC - CMS/select_--Select--No Tax0'

2018-05-14 13:27:24 - [TEST_STEP][PASSED] - setText: Finding Test Object with id 'Object Repository/MOH AND GRN/Page_KDMC - CMS/input_txtmrp'

2018-05-14 13:27:24 - [TEST_STEP][PASSED] - Statement - switch (id): Finding Test Object with id 'Object Repository/MOH AND GRN/Page_KDMC - CMS/input_txtdeal'

2018-05-14 13:27:24 - [TEST_STEP][PASSED] - Statement - case 4:: Text '39.0' is set on object 'Object Repository/MOH AND GRN/Page_KDMC - CMS/input_txtmrp'

2018-05-14 13:27:24 - [TEST_STEP][PASSED] - Statement - return (java.lang.Math.floor((java.lang.Math.random() * ((max - min) + 1))) + min): Text '39.0' is set on object 'Object Repository/MOH AND GRN/Page_KDMC - CMS/input_txtmrp'

2018-05-14 13:27:24 - [MESSAGE][PASSED] - Text '39.0' is set on object 'Object Repository/MOH AND GRN/Page_KDMC - CMS/input_txtmrp'

2018-05-14 13:27:24 - [TEST_STEP][PASSED] - setText: Finding Test Object with id 'Object Repository/MOH AND GRN/Page_KDMC - CMS/input_txtdeal'

2018-05-14 13:27:24 - [TEST_STEP][PASSED] - Statement - switch (id): Finding Test Object with id 'Object Repository/MOH AND GRN/Page_KDMC - CMS/input_txtbatchno'

2018-05-14 13:27:24 - [TEST_STEP][PASSED] - Statement - case 5:: Text '5.0' is set on object 'Object Repository/MOH AND GRN/Page_KDMC - CMS/input_txtdeal'

2018-05-14 13:27:24 - [TEST_STEP][PASSED] - Statement - return (java.lang.Math.floor((java.lang.Math.random() * ((max - min) + 1))) + min): Text '5.0' is set on object 'Object Repository/MOH AND GRN/Page_KDMC - CMS/input_txtdeal'

2018-05-14 13:27:24 - [MESSAGE][PASSED] - Text '5.0' is set on object 'Object Repository/MOH AND GRN/Page_KDMC - CMS/input_txtdeal'

2018-05-14 13:27:24 - [TEST_STEP][PASSED] - setText: Finding Test Object with id 'Object Repository/MOH AND GRN/Page_KDMC - CMS/input_txtbatchno'

2018-05-14 13:27:24 - [TEST_STEP][PASSED] - Statement - switch (id): Finding Test Object with id 'Object Repository/MOH AND GRN/Page_KDMC - CMS/input_txtmrp'

2018-05-14 13:27:24 - [TEST_STEP][PASSED] - Statement - case 1:: Text 'BA875.0' is set on object 'Object Repository/MOH AND GRN/Page_KDMC - CMS/input_txtbatchno'

2018-05-14 13:27:24 - [TEST_STEP][PASSED] - Statement - return (java.lang.Math.floor((java.lang.Math.random() * ((max - min) + 1))) + min): Text 'BA875.0' is set on object 'Object Repository/MOH AND GRN/Page_KDMC - CMS/input_txtbatchno'

2018-05-14 13:27:24 - [MESSAGE][PASSED] - Text 'BA875.0' is set on object 'Object Repository/MOH AND GRN/Page_KDMC - CMS/input_txtbatchno'

2018-05-14 13:27:24 - [TEST_STEP][PASSED] - rightClick: Object: 'Object Repository/GRN/Page_KDMC - CMS/input_txtexpdate' is right clicked on

2018-05-14 13:27:34 - [MESSAGE][PASSED] - Object: 'Object Repository/GRN/Page_KDMC - CMS/input_txtexpdate' is right clicked on

2018-05-14 13:27:34 - [TEST_STEP][PASSED] - selectOptionByIndex: All options with index in [2] are selected on object 'Object Repository/GRN/Page_KDMC - CMS/select_20182019202020212022202'

2018-05-14 13:27:34 - [MESSAGE][PASSED] - All options with index in [2] are selected on object 'Object Repository/GRN/Page_KDMC - CMS/select_20182019202020212022202'

2018-05-14 13:27:34 - [TEST_STEP][PASSED] - selectOptionByIndex: All options with index in [2] are selected on object 'Object Repository/GRN/Page_KDMC - CMS/select_JanFebMarAprMayJunJulAu'

2018-05-14 13:27:34 - [MESSAGE][PASSED] - All options with index in [2] are selected on object 'Object Repository/GRN/Page_KDMC - CMS/select_JanFebMarAprMayJunJulAu'

2018-05-14 13:27:34 - [TEST_STEP][PASSED] - click: Object: 'Object Repository/MOH AND GRN/Page_KDMC - CMS/a_12' is clicked on

2018-05-14 13:27:39 - [MESSAGE][PASSED] - Object: 'Object Repository/MOH AND GRN/Page_KDMC - CMS/a_12' is clicked on

2018-05-14 13:27:39 - [TEST_STEP][PASSED] - click: Object: 'Object Repository/MOH AND GRN/Page_KDMC - CMS/input_btnadd' is clicked on

2018-05-14 13:27:45 - [MESSAGE][PASSED] - Object: 'Object Repository/MOH AND GRN/Page_KDMC - CMS/input_btnadd' is clicked on

2018-05-14 13:27:45 - [TEST_STEP][PASSED] - Statement - If (s == 10): null

2018-05-14 13:27:45 - [TEST_STEP][PASSED] - Statement - Else: null

2018-05-14 13:27:45 - [TEST_STEP][PASSED] - Statement - (s++): null

2018-05-14 13:27:45 - [TEST_STEP][PASSED] - delay: Delayed 1 second(s)

2018-05-14 13:27:46 - [MESSAGE][PASSED] - Delayed 1 second(s)

2018-05-14 13:27:46 - [TEST_STEP][PASSED] - selectOptionByIndex: All options with index in [33] are selected on object 'Object Repository/MOH AND GRN/Page_KDMC - CMS/select_--Select--Amikacin -500'

2018-05-14 13:27:46 - [MESSAGE][PASSED] - All options with index in [33] are selected on object 'Object Repository/MOH AND GRN/Page_KDMC - CMS/select_--Select--Amikacin -500'

2018-05-14 13:27:46 - [TEST_STEP][PASSED] - setText: Text '5000' is set on object 'Object Repository/MOH AND GRN/Page_KDMC - CMS/input_txtqty'

2018-05-14 13:27:46 - [MESSAGE][PASSED] - Text '5000' is set on object 'Object Repository/MOH AND GRN/Page_KDMC - CMS/input_txtqty'

2018-05-14 13:27:46 - [TEST_STEP][PASSED] - selectOptionByIndex: All options with index in [1] are selected on object 'Object Repository/MOH AND GRN/Page_KDMC - CMS/select_--Select--No Tax0'

2018-05-14 13:27:46 - [MESSAGE][PASSED] - All options with index in [1] are selected on object 'Object Repository/MOH AND GRN/Page_KDMC - CMS/select_--Select--No Tax0'

2018-05-14 13:27:46 - [TEST_STEP][PASSED] - setText: Finding Test Object with id 'Object Repository/MOH AND GRN/Page_KDMC - CMS/input_txtmrp'

2018-05-14 13:27:46 - [TEST_STEP][PASSED] - Statement - switch (id): Finding Test Object with id 'Object Repository/MOH AND GRN/Page_KDMC - CMS/input_txtdeal'

2018-05-14 13:27:46 - [TEST_STEP][PASSED] - Statement - case 4:: Text '29.0' is set on object 'Object Repository/MOH AND GRN/Page_KDMC - CMS/input_txtmrp'

2018-05-14 13:27:46 - [TEST_STEP][PASSED] - Statement - return (java.lang.Math.floor((java.lang.Math.random() * ((max - min) + 1))) + min): Text '29.0' is set on object 'Object Repository/MOH AND GRN/Page_KDMC - CMS/input_txtmrp'

2018-05-14 13:27:46 - [MESSAGE][PASSED] - Text '29.0' is set on object 'Object Repository/MOH AND GRN/Page_KDMC - CMS/input_txtmrp'

2018-05-14 13:27:46 - [TEST_STEP][PASSED] - setText: Finding Test Object with id 'Object Repository/MOH AND GRN/Page_KDMC - CMS/input_txtdeal'

2018-05-14 13:27:46 - [TEST_STEP][PASSED] - Statement - switch (id): Finding Test Object with id 'Object Repository/MOH AND GRN/Page_KDMC - CMS/input_txtbatchno'

2018-05-14 13:27:46 - [TEST_STEP][PASSED] - Statement - case 5:: Text '6.0' is set on object 'Object Repository/MOH AND GRN/Page_KDMC - CMS/input_txtdeal'

2018-05-14 13:27:46 - [TEST_STEP][PASSED] - Statement - return (java.lang.Math.floor((java.lang.Math.random() * ((max - min) + 1))) + min): Text '6.0' is set on object 'Object Repository/MOH AND GRN/Page_KDMC - CMS/input_txtdeal'

2018-05-14 13:27:47 - [MESSAGE][PASSED] - Text '6.0' is set on object 'Object Repository/MOH AND GRN/Page_KDMC - CMS/input_txtdeal'

2018-05-14 13:27:47 - [TEST_STEP][PASSED] - setText: Finding Test Object with id 'Object Repository/MOH AND GRN/Page_KDMC - CMS/input_txtbatchno'

2018-05-14 13:27:47 - [TEST_STEP][PASSED] - Statement - switch (id): Finding Test Object with id 'Object Repository/MOH AND GRN/Page_KDMC - CMS/input_txtmrp'

2018-05-14 13:27:47 - [TEST_STEP][PASSED] - Statement - case 1:: Text 'BA638.0' is set on object 'Object Repository/MOH AND GRN/Page_KDMC - CMS/input_txtbatchno'

2018-05-14 13:27:47 - [TEST_STEP][PASSED] - Statement - return (java.lang.Math.floor((java.lang.Math.random() * ((max - min) + 1))) + min): Text 'BA638.0' is set on object 'Object Repository/MOH AND GRN/Page_KDMC - CMS/input_txtbatchno'

2018-05-14 13:27:47 - [MESSAGE][PASSED] - Text 'BA638.0' is set on object 'Object Repository/MOH AND GRN/Page_KDMC - CMS/input_txtbatchno'

2018-05-14 13:27:47 - [TEST_STEP][PASSED] - rightClick: Object: 'Object Repository/GRN/Page_KDMC - CMS/input_txtexpdate' is right clicked on

2018-05-14 13:27:57 - [MESSAGE][PASSED] - Object: 'Object Repository/GRN/Page_KDMC - CMS/input_txtexpdate' is right clicked on

2018-05-14 13:27:57 - [TEST_STEP][PASSED] - selectOptionByIndex: All options with index in [3] are selected on object 'Object Repository/GRN/Page_KDMC - CMS/select_20182019202020212022202'

2018-05-14 13:27:57 - [MESSAGE][PASSED] - All options with index in [3] are selected on object 'Object Repository/GRN/Page_KDMC - CMS/select_20182019202020212022202'

2018-05-14 13:27:57 - [TEST_STEP][PASSED] - selectOptionByIndex: All options with index in [3] are selected on object 'Object Repository/GRN/Page_KDMC - CMS/select_JanFebMarAprMayJunJulAu'

2018-05-14 13:27:57 - [MESSAGE][PASSED] - All options with index in [3] are selected on object 'Object Repository/GRN/Page_KDMC - CMS/select_JanFebMarAprMayJunJulAu'

2018-05-14 13:27:57 - [TEST_STEP][PASSED] - click: Object: 'Object Repository/MOH AND GRN/Page_KDMC - CMS/a_12' is clicked on

2018-05-14 13:28:02 - [MESSAGE][PASSED] - Object: 'Object Repository/MOH AND GRN/Page_KDMC - CMS/a_12' is clicked on

2018-05-14 13:28:02 - [TEST_STEP][PASSED] - click: Object: 'Object Repository/MOH AND GRN/Page_KDMC - CMS/input_btnadd' is clicked on

2018-05-14 13:28:07 - [MESSAGE][PASSED] - Object: 'Object Repository/MOH AND GRN/Page_KDMC - CMS/input_btnadd' is clicked on

2018-05-14 13:28:07 - [TEST_STEP][PASSED] - Statement - If (s == 10): null

2018-05-14 13:28:07 - [TEST_STEP][PASSED] - Statement - Else: null

2018-05-14 13:28:07 - [TEST_STEP][PASSED] - Statement - (s++): null

2018-05-14 13:28:07 - [TEST_STEP][PASSED] - delay: Delayed 1 second(s)

2018-05-14 13:28:08 - [MESSAGE][PASSED] - Delayed 1 second(s)

2018-05-14 13:28:08 - [TEST_STEP][PASSED] - selectOptionByIndex: All options with index in [34] are selected on object 'Object Repository/MOH AND GRN/Page_KDMC - CMS/select_--Select--Amikacin -500'

2018-05-14 13:28:09 - [MESSAGE][PASSED] - All options with index in [34] are selected on object 'Object Repository/MOH AND GRN/Page_KDMC - CMS/select_--Select--Amikacin -500'

2018-05-14 13:28:09 - [TEST_STEP][PASSED] - setText: Text '5000' is set on object 'Object Repository/MOH AND GRN/Page_KDMC - CMS/input_txtqty'

2018-05-14 13:28:09 - [MESSAGE][PASSED] - Text '5000' is set on object 'Object Repository/MOH AND GRN/Page_KDMC - CMS/input_txtqty'

2018-05-14 13:28:09 - [TEST_STEP][PASSED] - selectOptionByIndex: All options with index in [1] are selected on object 'Object Repository/MOH AND GRN/Page_KDMC - CMS/select_--Select--No Tax0'

2018-05-14 13:28:09 - [MESSAGE][PASSED] - All options with index in [1] are selected on object 'Object Repository/MOH AND GRN/Page_KDMC - CMS/select_--Select--No Tax0'

2018-05-14 13:28:09 - [TEST_STEP][PASSED] - setText: Finding Test Object with id 'Object Repository/MOH AND GRN/Page_KDMC - CMS/input_txtmrp'

2018-05-14 13:28:09 - [TEST_STEP][PASSED] - Statement - switch (id): Finding Test Object with id 'Object Repository/MOH AND GRN/Page_KDMC - CMS/input_txtdeal'

2018-05-14 13:28:09 - [TEST_STEP][PASSED] - Statement - case 4:: Text '34.0' is set on object 'Object Repository/MOH AND GRN/Page_KDMC - CMS/input_txtmrp'

2018-05-14 13:28:09 - [TEST_STEP][PASSED] - Statement - return (java.lang.Math.floor((java.lang.Math.random() * ((max - min) + 1))) + min): Text '34.0' is set on object 'Object Repository/MOH AND GRN/Page_KDMC - CMS/input_txtmrp'

2018-05-14 13:28:09 - [MESSAGE][PASSED] - Text '34.0' is set on object 'Object Repository/MOH AND GRN/Page_KDMC - CMS/input_txtmrp'

2018-05-14 13:28:09 - [TEST_STEP][PASSED] - setText: Finding Test Object with id 'Object Repository/MOH AND GRN/Page_KDMC - CMS/input_txtdeal'

2018-05-14 13:28:09 - [TEST_STEP][PASSED] - Statement - switch (id): Finding Test Object with id 'Object Repository/MOH AND GRN/Page_KDMC - CMS/input_txtbatchno'

2018-05-14 13:28:09 - [TEST_STEP][PASSED] - Statement - case 5:: Text '6.0' is set on object 'Object Repository/MOH AND GRN/Page_KDMC - CMS/input_txtdeal'

2018-05-14 13:28:09 - [TEST_STEP][PASSED] - Statement - return (java.lang.Math.floor((java.lang.Math.random() * ((max - min) + 1))) + min): Text '6.0' is set on object 'Object Repository/MOH AND GRN/Page_KDMC - CMS/input_txtdeal'

2018-05-14 13:28:10 - [MESSAGE][PASSED] - Text '6.0' is set on object 'Object Repository/MOH AND GRN/Page_KDMC - CMS/input_txtdeal'

2018-05-14 13:28:10 - [TEST_STEP][PASSED] - setText: Finding Test Object with id 'Object Repository/MOH AND GRN/Page_KDMC - CMS/input_txtbatchno'

2018-05-14 13:28:10 - [TEST_STEP][PASSED] - Statement - switch (id): Finding Test Object with id 'Object Repository/MOH AND GRN/Page_KDMC - CMS/input_txtmrp'

2018-05-14 13:28:10 - [TEST_STEP][PASSED] - Statement - case 1:: Text 'BA865.0' is set on object 'Object Repository/MOH AND GRN/Page_KDMC - CMS/input_txtbatchno'

2018-05-14 13:28:10 - [TEST_STEP][PASSED] - Statement - return (java.lang.Math.floor((java.lang.Math.random() * ((max - min) + 1))) + min): Text 'BA865.0' is set on object 'Object Repository/MOH AND GRN/Page_KDMC - CMS/input_txtbatchno'

2018-05-14 13:28:10 - [MESSAGE][PASSED] - Text 'BA865.0' is set on object 'Object Repository/MOH AND GRN/Page_KDMC - CMS/input_txtbatchno'

2018-05-14 13:28:10 - [TEST_STEP][PASSED] - rightClick: Object: 'Object Repository/GRN/Page_KDMC - CMS/input_txtexpdate' is right clicked on

2018-05-14 13:28:20 - [MESSAGE][PASSED] - Object: 'Object Repository/GRN/Page_KDMC - CMS/input_txtexpdate' is right clicked on

2018-05-14 13:28:20 - [TEST_STEP][PASSED] - selectOptionByIndex: All options with index in [4] are selected on object 'Object Repository/GRN/Page_KDMC - CMS/select_20182019202020212022202'

2018-05-14 13:28:20 - [MESSAGE][PASSED] - All options with index in [4] are selected on object 'Object Repository/GRN/Page_KDMC - CMS/select_20182019202020212022202'

2018-05-14 13:28:20 - [TEST_STEP][PASSED] - selectOptionByIndex: All options with index in [4] are selected on object 'Object Repository/GRN/Page_KDMC - CMS/select_JanFebMarAprMayJunJulAu'

2018-05-14 13:28:20 - [MESSAGE][PASSED] - All options with index in [4] are selected on object 'Object Repository/GRN/Page_KDMC - CMS/select_JanFebMarAprMayJunJulAu'

2018-05-14 13:28:20 - [TEST_STEP][PASSED] - click: Object: 'Object Repository/MOH AND GRN/Page_KDMC - CMS/a_12' is clicked on

2018-05-14 13:28:25 - [MESSAGE][PASSED] - Object: 'Object Repository/MOH AND GRN/Page_KDMC - CMS/a_12' is clicked on

2018-05-14 13:28:25 - [TEST_STEP][PASSED] - click: Object: 'Object Repository/MOH AND GRN/Page_KDMC - CMS/input_btnadd' is clicked on

2018-05-14 13:28:30 - [MESSAGE][PASSED] - Object: 'Object Repository/MOH AND GRN/Page_KDMC - CMS/input_btnadd' is clicked on

2018-05-14 13:28:30 - [TEST_STEP][PASSED] - Statement - If (s == 10): null

2018-05-14 13:28:30 - [TEST_STEP][PASSED] - Statement - Else: null

2018-05-14 13:28:30 - [TEST_STEP][PASSED] - Statement - (s++): null

2018-05-14 13:28:30 - [TEST_STEP][PASSED] - delay: Delayed 1 second(s)

2018-05-14 13:28:31 - [MESSAGE][PASSED] - Delayed 1 second(s)

2018-05-14 13:28:31 - [TEST_STEP][PASSED] - selectOptionByIndex: All options with index in [35] are selected on object 'Object Repository/MOH AND GRN/Page_KDMC - CMS/select_--Select--Amikacin -500'

2018-05-14 13:28:32 - [MESSAGE][PASSED] - All options with index in [35] are selected on object 'Object Repository/MOH AND GRN/Page_KDMC - CMS/select_--Select--Amikacin -500'

2018-05-14 13:28:32 - [TEST_STEP][PASSED] - setText: Text '5000' is set on object 'Object Repository/MOH AND GRN/Page_KDMC - CMS/input_txtqty'

2018-05-14 13:28:32 - [MESSAGE][PASSED] - Text '5000' is set on object 'Object Repository/MOH AND GRN/Page_KDMC - CMS/input_txtqty'

2018-05-14 13:28:32 - [TEST_STEP][PASSED] - selectOptionByIndex: All options with index in [1] are selected on object 'Object Repository/MOH AND GRN/Page_KDMC - CMS/select_--Select--No Tax0'

2018-05-14 13:28:32 - [MESSAGE][PASSED] - All options with index in [1] are selected on object 'Object Repository/MOH AND GRN/Page_KDMC - CMS/select_--Select--No Tax0'

2018-05-14 13:28:32 - [TEST_STEP][PASSED] - setText: Finding Test Object with id 'Object Repository/MOH AND GRN/Page_KDMC - CMS/input_txtmrp'

2018-05-14 13:28:32 - [TEST_STEP][PASSED] - Statement - switch (id): Finding Test Object with id 'Object Repository/MOH AND GRN/Page_KDMC - CMS/input_txtdeal'

2018-05-14 13:28:32 - [TEST_STEP][PASSED] - Statement - case 4:: Text '33.0' is set on object 'Object Repository/MOH AND GRN/Page_KDMC - CMS/input_txtmrp'

2018-05-14 13:28:32 - [TEST_STEP][PASSED] - Statement - return (java.lang.Math.floor((java.lang.Math.random() * ((max - min) + 1))) + min): Text '33.0' is set on object 'Object Repository/MOH AND GRN/Page_KDMC - CMS/input_txtmrp'

2018-05-14 13:28:32 - [MESSAGE][PASSED] - Text '33.0' is set on object 'Object Repository/MOH AND GRN/Page_KDMC - CMS/input_txtmrp'

2018-05-14 13:28:32 - [TEST_STEP][PASSED] - setText: Finding Test Object with id 'Object Repository/MOH AND GRN/Page_KDMC - CMS/input_txtdeal'

2018-05-14 13:28:32 - [TEST_STEP][PASSED] - Statement - switch (id): Finding Test Object with id 'Object Repository/MOH AND GRN/Page_KDMC - CMS/input_txtbatchno'

2018-05-14 13:28:32 - [TEST_STEP][PASSED] - Statement - case 5:: Text '11.0' is set on object 'Object Repository/MOH AND GRN/Page_KDMC - CMS/input_txtdeal'

2018-05-14 13:28:32 - [TEST_STEP][PASSED] - Statement - return (java.lang.Math.floor((java.lang.Math.random() * ((max - min) + 1))) + min): Text '11.0' is set on object 'Object Repository/MOH AND GRN/Page_KDMC - CMS/input_txtdeal'

2018-05-14 13:28:32 - [MESSAGE][PASSED] - Text '11.0' is set on object 'Object Repository/MOH AND GRN/Page_KDMC - CMS/input_txtdeal'

2018-05-14 13:28:32 - [TEST_STEP][PASSED] - setText: Finding Test Object with id 'Object Repository/MOH AND GRN/Page_KDMC - CMS/input_txtbatchno'

2018-05-14 13:28:32 - [TEST_STEP][PASSED] - Statement - switch (id): Finding Test Object with id 'Object Repository/MOH AND GRN/Page_KDMC - CMS/input_txtmrp'

2018-05-14 13:28:32 - [TEST_STEP][PASSED] - Statement - case 1:: Text 'BA352.0' is set on object 'Object Repository/MOH AND GRN/Page_KDMC - CMS/input_txtbatchno'

2018-05-14 13:28:32 - [TEST_STEP][PASSED] - Statement - return (java.lang.Math.floor((java.lang.Math.random() * ((max - min) + 1))) + min): Text 'BA352.0' is set on object 'Object Repository/MOH AND GRN/Page_KDMC - CMS/input_txtbatchno'

2018-05-14 13:28:33 - [MESSAGE][PASSED] - Text 'BA352.0' is set on object 'Object Repository/MOH AND GRN/Page_KDMC - CMS/input_txtbatchno'

2018-05-14 13:28:33 - [TEST_STEP][PASSED] - rightClick: Object: 'Object Repository/GRN/Page_KDMC - CMS/input_txtexpdate' is right clicked on

2018-05-14 13:28:43 - [MESSAGE][PASSED] - Object: 'Object Repository/GRN/Page_KDMC - CMS/input_txtexpdate' is right clicked on

2018-05-14 13:28:43 - [TEST_STEP][PASSED] - selectOptionByIndex: All options with index in [5] are selected on object 'Object Repository/GRN/Page_KDMC - CMS/select_20182019202020212022202'

2018-05-14 13:28:43 - [MESSAGE][PASSED] - All options with index in [5] are selected on object 'Object Repository/GRN/Page_KDMC - CMS/select_20182019202020212022202'

2018-05-14 13:28:43 - [TEST_STEP][PASSED] - selectOptionByIndex: All options with index in [5] are selected on object 'Object Repository/GRN/Page_KDMC - CMS/select_JanFebMarAprMayJunJulAu'

2018-05-14 13:28:43 - [MESSAGE][PASSED] - All options with index in [5] are selected on object 'Object Repository/GRN/Page_KDMC - CMS/select_JanFebMarAprMayJunJulAu'

2018-05-14 13:28:43 - [TEST_STEP][PASSED] - click: Object: 'Object Repository/MOH AND GRN/Page_KDMC - CMS/a_12' is clicked on

2018-05-14 13:28:48 - [MESSAGE][PASSED] - Object: 'Object Repository/MOH AND GRN/Page_KDMC - CMS/a_12' is clicked on

2018-05-14 13:28:48 - [TEST_STEP][PASSED] - click: Object: 'Object Repository/MOH AND GRN/Page_KDMC - CMS/input_btnadd' is clicked on

2018-05-14 13:28:53 - [MESSAGE][PASSED] - Object: 'Object Repository/MOH AND GRN/Page_KDMC - CMS/input_btnadd' is clicked on

2018-05-14 13:28:53 - [TEST_STEP][PASSED] - Statement - If (s == 10): null

2018-05-14 13:28:53 - [TEST_STEP][PASSED] - Statement - Else: null

2018-05-14 13:28:53 - [TEST_STEP][PASSED] - Statement - (s++): null

2018-05-14 13:28:53 - [TEST_STEP][PASSED] - delay: Delayed 1 second(s)

2018-05-14 13:28:54 - [MESSAGE][PASSED] - Delayed 1 second(s)

2018-05-14 13:28:54 - [TEST_STEP][PASSED] - selectOptionByIndex: All options with index in [36] are selected on object 'Object Repository/MOH AND GRN/Page_KDMC - CMS/select_--Select--Amikacin -500'

2018-05-14 13:28:55 - [MESSAGE][PASSED] - All options with index in [36] are selected on object 'Object Repository/MOH AND GRN/Page_KDMC - CMS/select_--Select--Amikacin -500'

2018-05-14 13:28:55 - [TEST_STEP][PASSED] - setText: Text '5000' is set on object 'Object Repository/MOH AND GRN/Page_KDMC - CMS/input_txtqty'

2018-05-14 13:28:55 - [MESSAGE][PASSED] - Text '5000' is set on object 'Object Repository/MOH AND GRN/Page_KDMC - CMS/input_txtqty'

2018-05-14 13:28:55 - [TEST_STEP][PASSED] - selectOptionByIndex: All options with index in [1] are selected on object 'Object Repository/MOH AND GRN/Page_KDMC - CMS/select_--Select--No Tax0'

2018-05-14 13:28:55 - [MESSAGE][PASSED] - All options with index in [1] are selected on object 'Object Repository/MOH AND GRN/Page_KDMC - CMS/select_--Select--No Tax0'

2018-05-14 13:28:55 - [TEST_STEP][PASSED] - setText: Finding Test Object with id 'Object Repository/MOH AND GRN/Page_KDMC - CMS/input_txtmrp'

2018-05-14 13:28:55 - [TEST_STEP][PASSED] - Statement - switch (id): Finding Test Object with id 'Object Repository/MOH AND GRN/Page_KDMC - CMS/input_txtdeal'

2018-05-14 13:28:55 - [TEST_STEP][PASSED] - Statement - case 4:: Text '28.0' is set on object 'Object Repository/MOH AND GRN/Page_KDMC - CMS/input_txtmrp'

2018-05-14 13:28:55 - [TEST_STEP][PASSED] - Statement - return (java.lang.Math.floor((java.lang.Math.random() * ((max - min) + 1))) + min): Text '28.0' is set on object 'Object Repository/MOH AND GRN/Page_KDMC - CMS/input_txtmrp'

2018-05-14 13:28:55 - [MESSAGE][PASSED] - Text '28.0' is set on object 'Object Repository/MOH AND GRN/Page_KDMC - CMS/input_txtmrp'

2018-05-14 13:28:55 - [TEST_STEP][PASSED] - setText: Finding Test Object with id 'Object Repository/MOH AND GRN/Page_KDMC - CMS/input_txtdeal'

2018-05-14 13:28:55 - [TEST_STEP][PASSED] - Statement - switch (id): Finding Test Object with id 'Object Repository/MOH AND GRN/Page_KDMC - CMS/input_txtbatchno'

2018-05-14 13:28:55 - [TEST_STEP][PASSED] - Statement - case 5:: Text '7.0' is set on object 'Object Repository/MOH AND GRN/Page_KDMC - CMS/input_txtdeal'

2018-05-14 13:28:55 - [TEST_STEP][PASSED] - Statement - return (java.lang.Math.floor((java.lang.Math.random() * ((max - min) + 1))) + min): Text '7.0' is set on object 'Object Repository/MOH AND GRN/Page_KDMC - CMS/input_txtdeal'

2018-05-14 13:28:55 - [MESSAGE][PASSED] - Text '7.0' is set on object 'Object Repository/MOH AND GRN/Page_KDMC - CMS/input_txtdeal'

2018-05-14 13:28:55 - [TEST_STEP][PASSED] - setText: Finding Test Object with id 'Object Repository/MOH AND GRN/Page_KDMC - CMS/input_txtbatchno'

2018-05-14 13:28:55 - [TEST_STEP][PASSED] - Statement - switch (id): Finding Test Object with id 'Object Repository/MOH AND GRN/Page_KDMC - CMS/input_txtmrp'

2018-05-14 13:28:55 - [TEST_STEP][PASSED] - Statement - case 1:: Text 'BA329.0' is set on object 'Object Repository/MOH AND GRN/Page_KDMC - CMS/input_txtbatchno'

2018-05-14 13:28:55 - [TEST_STEP][PASSED] - Statement - return (java.lang.Math.floor((java.lang.Math.random() * ((max - min) + 1))) + min): Text 'BA329.0' is set on object 'Object Repository/MOH AND GRN/Page_KDMC - CMS/input_txtbatchno'

2018-05-14 13:28:55 - [MESSAGE][PASSED] - Text 'BA329.0' is set on object 'Object Repository/MOH AND GRN/Page_KDMC - CMS/input_txtbatchno'

2018-05-14 13:28:55 - [TEST_STEP][PASSED] - rightClick: Object: 'Object Repository/GRN/Page_KDMC - CMS/input_txtexpdate' is right clicked on

2018-05-14 13:29:06 - [MESSAGE][PASSED] - Object: 'Object Repository/GRN/Page_KDMC - CMS/input_txtexpdate' is right clicked on

2018-05-14 13:29:06 - [TEST_STEP][PASSED] - selectOptionByIndex: All options with index in [6] are selected on object 'Object Repository/GRN/Page_KDMC - CMS/select_20182019202020212022202'

2018-05-14 13:29:06 - [MESSAGE][PASSED] - All options with index in [6] are selected on object 'Object Repository/GRN/Page_KDMC - CMS/select_20182019202020212022202'

2018-05-14 13:29:06 - [TEST_STEP][PASSED] - selectOptionByIndex: All options with index in [6] are selected on object 'Object Repository/GRN/Page_KDMC - CMS/select_JanFebMarAprMayJunJulAu'

2018-05-14 13:29:06 - [MESSAGE][PASSED] - All options with index in [6] are selected on object 'Object Repository/GRN/Page_KDMC - CMS/select_JanFebMarAprMayJunJulAu'

2018-05-14 13:29:06 - [TEST_STEP][PASSED] - click: Object: 'Object Repository/MOH AND GRN/Page_KDMC - CMS/a_12' is clicked on

2018-05-14 13:29:11 - [MESSAGE][PASSED] - Object: 'Object Repository/MOH AND GRN/Page_KDMC - CMS/a_12' is clicked on

2018-05-14 13:29:11 - [TEST_STEP][PASSED] - click: Object: 'Object Repository/MOH AND GRN/Page_KDMC - CMS/input_btnadd' is clicked on

2018-05-14 13:29:16 - [MESSAGE][PASSED] - Object: 'Object Repository/MOH AND GRN/Page_KDMC - CMS/input_btnadd' is clicked on

2018-05-14 13:29:16 - [TEST_STEP][PASSED] - Statement - If (s == 10): null

2018-05-14 13:29:16 - [TEST_STEP][PASSED] - Statement - Else: null

2018-05-14 13:29:16 - [TEST_STEP][PASSED] - Statement - (s++): null

2018-05-14 13:29:16 - [TEST_STEP][PASSED] - delay: Delayed 1 second(s)

2018-05-14 13:29:17 - [MESSAGE][PASSED] - Delayed 1 second(s)

2018-05-14 13:29:17 - [TEST_STEP][PASSED] - selectOptionByIndex: All options with index in [37] are selected on object 'Object Repository/MOH AND GRN/Page_KDMC - CMS/select_--Select--Amikacin -500'

2018-05-14 13:29:18 - [MESSAGE][PASSED] - All options with index in [37] are selected on object 'Object Repository/MOH AND GRN/Page_KDMC - CMS/select_--Select--Amikacin -500'

2018-05-14 13:29:18 - [TEST_STEP][PASSED] - setText: Text '5000' is set on object 'Object Repository/MOH AND GRN/Page_KDMC - CMS/input_txtqty'

2018-05-14 13:29:18 - [MESSAGE][PASSED] - Text '5000' is set on object 'Object Repository/MOH AND GRN/Page_KDMC - CMS/input_txtqty'

2018-05-14 13:29:18 - [TEST_STEP][PASSED] - selectOptionByIndex: All options with index in [1] are selected on object 'Object Repository/MOH AND GRN/Page_KDMC - CMS/select_--Select--No Tax0'

2018-05-14 13:29:18 - [MESSAGE][PASSED] - All options with index in [1] are selected on object 'Object Repository/MOH AND GRN/Page_KDMC - CMS/select_--Select--No Tax0'

2018-05-14 13:29:18 - [TEST_STEP][PASSED] - setText: Finding Test Object with id 'Object Repository/MOH AND GRN/Page_KDMC - CMS/input_txtmrp'

2018-05-14 13:29:18 - [TEST_STEP][PASSED] - Statement - switch (id): Finding Test Object with id 'Object Repository/MOH AND GRN/Page_KDMC - CMS/input_txtdeal'

2018-05-14 13:29:18 - [TEST_STEP][PASSED] - Statement - case 4:: Text '41.0' is set on object 'Object Repository/MOH AND GRN/Page_KDMC - CMS/input_txtmrp'

2018-05-14 13:29:18 - [TEST_STEP][PASSED] - Statement - return (java.lang.Math.floor((java.lang.Math.random() * ((max - min) + 1))) + min): Text '41.0' is set on object 'Object Repository/MOH AND GRN/Page_KDMC - CMS/input_txtmrp'

2018-05-14 13:29:18 - [MESSAGE][PASSED] - Text '41.0' is set on object 'Object Repository/MOH AND GRN/Page_KDMC - CMS/input_txtmrp'

2018-05-14 13:29:18 - [TEST_STEP][PASSED] - setText: Finding Test Object with id 'Object Repository/MOH AND GRN/Page_KDMC - CMS/input_txtdeal'

2018-05-14 13:29:18 - [TEST_STEP][PASSED] - Statement - switch (id): Finding Test Object with id 'Object Repository/MOH AND GRN/Page_KDMC - CMS/input_txtbatchno'

2018-05-14 13:29:18 - [TEST_STEP][PASSED] - Statement - case 5:: Text '3.0' is set on object 'Object Repository/MOH AND GRN/Page_KDMC - CMS/input_txtdeal'

2018-05-14 13:29:18 - [TEST_STEP][PASSED] - Statement - return (java.lang.Math.floor((java.lang.Math.random() * ((max - min) + 1))) + min): Text '3.0' is set on object 'Object Repository/MOH AND GRN/Page_KDMC - CMS/input_txtdeal'

2018-05-14 13:29:18 - [MESSAGE][PASSED] - Text '3.0' is set on object 'Object Repository/MOH AND GRN/Page_KDMC - CMS/input_txtdeal'

2018-05-14 13:29:18 - [TEST_STEP][PASSED] - setText: Finding Test Object with id 'Object Repository/MOH AND GRN/Page_KDMC - CMS/input_txtbatchno'

2018-05-14 13:29:18 - [TEST_STEP][PASSED] - Statement - switch (id): Finding Test Object with id 'Object Repository/MOH AND GRN/Page_KDMC - CMS/input_txtmrp'

2018-05-14 13:29:18 - [TEST_STEP][PASSED] - Statement - case 1:: Text 'BA184.0' is set on object 'Object Repository/MOH AND GRN/Page_KDMC - CMS/input_txtbatchno'

2018-05-14 13:29:18 - [TEST_STEP][PASSED] - Statement - return (java.lang.Math.floor((java.lang.Math.random() * ((max - min) + 1))) + min): Text 'BA184.0' is set on object 'Object Repository/MOH AND GRN/Page_KDMC - CMS/input_txtbatchno'

2018-05-14 13:29:18 - [MESSAGE][PASSED] - Text 'BA184.0' is set on object 'Object Repository/MOH AND GRN/Page_KDMC - CMS/input_txtbatchno'

2018-05-14 13:29:18 - [TEST_STEP][PASSED] - rightClick: Object: 'Object Repository/GRN/Page_KDMC - CMS/input_txtexpdate' is right clicked on

2018-05-14 13:29:28 - [MESSAGE][PASSED] - Object: 'Object Repository/GRN/Page_KDMC - CMS/input_txtexpdate' is right clicked on

2018-05-14 13:29:28 - [TEST_STEP][PASSED] - selectOptionByIndex: All options with index in [7] are selected on object 'Object Repository/GRN/Page_KDMC - CMS/select_20182019202020212022202'

2018-05-14 13:29:29 - [MESSAGE][PASSED] - All options with index in [7] are selected on object 'Object Repository/GRN/Page_KDMC - CMS/select_20182019202020212022202'

2018-05-14 13:29:29 - [TEST_STEP][PASSED] - selectOptionByIndex: All options with index in [7] are selected on object 'Object Repository/GRN/Page_KDMC - CMS/select_JanFebMarAprMayJunJulAu'

2018-05-14 13:29:29 - [MESSAGE][PASSED] - All options with index in [7] are selected on object 'Object Repository/GRN/Page_KDMC - CMS/select_JanFebMarAprMayJunJulAu'

2018-05-14 13:29:29 - [TEST_STEP][PASSED] - click: Object: 'Object Repository/MOH AND GRN/Page_KDMC - CMS/a_12' is clicked on

2018-05-14 13:29:34 - [MESSAGE][PASSED] - Object: 'Object Repository/MOH AND GRN/Page_KDMC - CMS/a_12' is clicked on

2018-05-14 13:29:34 - [TEST_STEP][PASSED] - click: Object: 'Object Repository/MOH AND GRN/Page_KDMC - CMS/input_btnadd' is clicked on

2018-05-14 13:29:39 - [MESSAGE][PASSED] - Object: 'Object Repository/MOH AND GRN/Page_KDMC - CMS/input_btnadd' is clicked on

2018-05-14 13:29:39 - [TEST_STEP][PASSED] - Statement - If (s == 10): null

2018-05-14 13:29:39 - [TEST_STEP][PASSED] - Statement - Else: null

2018-05-14 13:29:39 - [TEST_STEP][PASSED] - Statement - (s++): null

2018-05-14 13:29:39 - [TEST_STEP][PASSED] - delay: Delayed 1 second(s)

2018-05-14 13:29:40 - [MESSAGE][PASSED] - Delayed 1 second(s)

2018-05-14 13:29:40 - [TEST_STEP][PASSED] - selectOptionByIndex: All options with index in [38] are selected on object 'Object Repository/MOH AND GRN/Page_KDMC - CMS/select_--Select--Amikacin -500'

2018-05-14 13:29:41 - [MESSAGE][PASSED] - All options with index in [38] are selected on object 'Object Repository/MOH AND GRN/Page_KDMC - CMS/select_--Select--Amikacin -500'

2018-05-14 13:29:41 - [TEST_STEP][PASSED] - setText: Text '5000' is set on object 'Object Repository/MOH AND GRN/Page_KDMC - CMS/input_txtqty'

2018-05-14 13:29:41 - [MESSAGE][PASSED] - Text '5000' is set on object 'Object Repository/MOH AND GRN/Page_KDMC - CMS/input_txtqty'

2018-05-14 13:29:41 - [TEST_STEP][PASSED] - selectOptionByIndex: All options with index in [1] are selected on object 'Object Repository/MOH AND GRN/Page_KDMC - CMS/select_--Select--No Tax0'

2018-05-14 13:29:41 - [MESSAGE][PASSED] - All options with index in [1] are selected on object 'Object Repository/MOH AND GRN/Page_KDMC - CMS/select_--Select--No Tax0'

2018-05-14 13:29:41 - [TEST_STEP][PASSED] - setText: Finding Test Object with id 'Object Repository/MOH AND GRN/Page_KDMC - CMS/input_txtmrp'

2018-05-14 13:29:41 - [TEST_STEP][PASSED] - Statement - switch (id): Finding Test Object with id 'Object Repository/MOH AND GRN/Page_KDMC - CMS/input_txtdeal'

2018-05-14 13:29:41 - [TEST_STEP][PASSED] - Statement - case 4:: Text '17.0' is set on object 'Object Repository/MOH AND GRN/Page_KDMC - CMS/input_txtmrp'

2018-05-14 13:29:41 - [TEST_STEP][PASSED] - Statement - return (java.lang.Math.floor((java.lang.Math.random() * ((max - min) + 1))) + min): Text '17.0' is set on object 'Object Repository/MOH AND GRN/Page_KDMC - CMS/input_txtmrp'

2018-05-14 13:29:41 - [MESSAGE][PASSED] - Text '17.0' is set on object 'Object Repository/MOH AND GRN/Page_KDMC - CMS/input_txtmrp'

2018-05-14 13:29:41 - [TEST_STEP][PASSED] - setText: Finding Test Object with id 'Object Repository/MOH AND GRN/Page_KDMC - CMS/input_txtdeal'

2018-05-14 13:29:41 - [TEST_STEP][PASSED] - Statement - switch (id): Finding Test Object with id 'Object Repository/MOH AND GRN/Page_KDMC - CMS/input_txtbatchno'

2018-05-14 13:29:41 - [TEST_STEP][PASSED] - Statement - case 5:: Text '2.0' is set on object 'Object Repository/MOH AND GRN/Page_KDMC - CMS/input_txtdeal'

2018-05-14 13:29:41 - [TEST_STEP][PASSED] - Statement - return (java.lang.Math.floor((java.lang.Math.random() * ((max - min) + 1))) + min): Text '2.0' is set on object 'Object Repository/MOH AND GRN/Page_KDMC - CMS/input_txtdeal'

2018-05-14 13:29:41 - [MESSAGE][PASSED] - Text '2.0' is set on object 'Object Repository/MOH AND GRN/Page_KDMC - CMS/input_txtdeal'

2018-05-14 13:29:41 - [TEST_STEP][PASSED] - setText: Finding Test Object with id 'Object Repository/MOH AND GRN/Page_KDMC - CMS/input_txtbatchno'

2018-05-14 13:29:41 - [TEST_STEP][PASSED] - Statement - switch (id): Finding Test Object with id 'Object Repository/MOH AND GRN/Page_KDMC - CMS/input_txtmrp'

2018-05-14 13:29:41 - [TEST_STEP][PASSED] - Statement - case 1:: Text 'BA613.0' is set on object 'Object Repository/MOH AND GRN/Page_KDMC - CMS/input_txtbatchno'

2018-05-14 13:29:41 - [TEST_STEP][PASSED] - Statement - return (java.lang.Math.floor((java.lang.Math.random() * ((max - min) + 1))) + min): Text 'BA613.0' is set on object 'Object Repository/MOH AND GRN/Page_KDMC - CMS/input_txtbatchno'

2018-05-14 13:29:41 - [MESSAGE][PASSED] - Text 'BA613.0' is set on object 'Object Repository/MOH AND GRN/Page_KDMC - CMS/input_txtbatchno'

2018-05-14 13:29:41 - [TEST_STEP][PASSED] - rightClick: Object: 'Object Repository/GRN/Page_KDMC - CMS/input_txtexpdate' is right clicked on

2018-05-14 13:29:51 - [MESSAGE][PASSED] - Object: 'Object Repository/GRN/Page_KDMC - CMS/input_txtexpdate' is right clicked on

2018-05-14 13:29:51 - [TEST_STEP][PASSED] - selectOptionByIndex: All options with index in [8] are selected on object 'Object Repository/GRN/Page_KDMC - CMS/select_20182019202020212022202'

2018-05-14 13:29:52 - [MESSAGE][PASSED] - All options with index in [8] are selected on object 'Object Repository/GRN/Page_KDMC - CMS/select_20182019202020212022202'

2018-05-14 13:29:52 - [TEST_STEP][PASSED] - selectOptionByIndex: All options with index in [8] are selected on object 'Object Repository/GRN/Page_KDMC - CMS/select_JanFebMarAprMayJunJulAu'

2018-05-14 13:29:52 - [MESSAGE][PASSED] - All options with index in [8] are selected on object 'Object Repository/GRN/Page_KDMC - CMS/select_JanFebMarAprMayJunJulAu'

2018-05-14 13:29:52 - [TEST_STEP][PASSED] - click: Object: 'Object Repository/MOH AND GRN/Page_KDMC - CMS/a_12' is clicked on

2018-05-14 13:29:57 - [MESSAGE][PASSED] - Object: 'Object Repository/MOH AND GRN/Page_KDMC - CMS/a_12' is clicked on

2018-05-14 13:29:57 - [TEST_STEP][PASSED] - click: Object: 'Object Repository/MOH AND GRN/Page_KDMC - CMS/input_btnadd' is clicked on

2018-05-14 13:30:02 - [MESSAGE][PASSED] - Object: 'Object Repository/MOH AND GRN/Page_KDMC - CMS/input_btnadd' is clicked on

2018-05-14 13:30:02 - [TEST_STEP][PASSED] - Statement - If (s == 10): null

2018-05-14 13:30:02 - [TEST_STEP][PASSED] - Statement - Else: null

2018-05-14 13:30:02 - [TEST_STEP][PASSED] - Statement - (s++): null

2018-05-14 13:30:02 - [TEST_STEP][PASSED] - delay: Delayed 1 second(s)

2018-05-14 13:30:03 - [MESSAGE][PASSED] - Delayed 1 second(s)

2018-05-14 13:30:03 - [TEST_STEP][PASSED] - selectOptionByIndex: All options with index in [39] are selected on object 'Object Repository/MOH AND GRN/Page_KDMC - CMS/select_--Select--Amikacin -500'

2018-05-14 13:30:04 - [MESSAGE][PASSED] - All options with index in [39] are selected on object 'Object Repository/MOH AND GRN/Page_KDMC - CMS/select_--Select--Amikacin -500'

2018-05-14 13:30:04 - [TEST_STEP][PASSED] - setText: Text '5000' is set on object 'Object Repository/MOH AND GRN/Page_KDMC - CMS/input_txtqty'

2018-05-14 13:30:04 - [MESSAGE][PASSED] - Text '5000' is set on object 'Object Repository/MOH AND GRN/Page_KDMC - CMS/input_txtqty'

2018-05-14 13:30:04 - [TEST_STEP][PASSED] - selectOptionByIndex: All options with index in [1] are selected on object 'Object Repository/MOH AND GRN/Page_KDMC - CMS/select_--Select--No Tax0'

2018-05-14 13:30:04 - [MESSAGE][PASSED] - All options with index in [1] are selected on object 'Object Repository/MOH AND GRN/Page_KDMC - CMS/select_--Select--No Tax0'

2018-05-14 13:30:04 - [TEST_STEP][PASSED] - setText: Finding Test Object with id 'Object Repository/MOH AND GRN/Page_KDMC - CMS/input_txtmrp'

2018-05-14 13:30:04 - [TEST_STEP][PASSED] - Statement - switch (id): Finding Test Object with id 'Object Repository/MOH AND GRN/Page_KDMC - CMS/input_txtdeal'

2018-05-14 13:30:04 - [TEST_STEP][PASSED] - Statement - case 4:: Text '18.0' is set on object 'Object Repository/MOH AND GRN/Page_KDMC - CMS/input_txtmrp'

2018-05-14 13:30:04 - [TEST_STEP][PASSED] - Statement - return (java.lang.Math.floor((java.lang.Math.random() * ((max - min) + 1))) + min): Text '18.0' is set on object 'Object Repository/MOH AND GRN/Page_KDMC - CMS/input_txtmrp'

2018-05-14 13:30:04 - [MESSAGE][PASSED] - Text '18.0' is set on object 'Object Repository/MOH AND GRN/Page_KDMC - CMS/input_txtmrp'

2018-05-14 13:30:04 - [TEST_STEP][PASSED] - setText: Finding Test Object with id 'Object Repository/MOH AND GRN/Page_KDMC - CMS/input_txtdeal'

2018-05-14 13:30:04 - [TEST_STEP][PASSED] - Statement - switch (id): Finding Test Object with id 'Object Repository/MOH AND GRN/Page_KDMC - CMS/input_txtbatchno'

2018-05-14 13:30:04 - [TEST_STEP][PASSED] - Statement - case 5:: Text '4.0' is set on object 'Object Repository/MOH AND GRN/Page_KDMC - CMS/input_txtdeal'

2018-05-14 13:30:04 - [TEST_STEP][PASSED] - Statement - return (java.lang.Math.floor((java.lang.Math.random() * ((max - min) + 1))) + min): Text '4.0' is set on object 'Object Repository/MOH AND GRN/Page_KDMC - CMS/input_txtdeal'

2018-05-14 13:30:04 - [MESSAGE][PASSED] - Text '4.0' is set on object 'Object Repository/MOH AND GRN/Page_KDMC - CMS/input_txtdeal'

2018-05-14 13:30:04 - [TEST_STEP][PASSED] - setText: Finding Test Object with id 'Object Repository/MOH AND GRN/Page_KDMC - CMS/input_txtbatchno'

2018-05-14 13:30:04 - [TEST_STEP][PASSED] - Statement - switch (id): Finding Test Object with id 'Object Repository/MOH AND GRN/Page_KDMC - CMS/input_txtmrp'

2018-05-14 13:30:04 - [TEST_STEP][PASSED] - Statement - case 1:: Text 'BA656.0' is set on object 'Object Repository/MOH AND GRN/Page_KDMC - CMS/input_txtbatchno'

2018-05-14 13:30:04 - [TEST_STEP][PASSED] - Statement - return (java.lang.Math.floor((java.lang.Math.random() * ((max - min) + 1))) + min): Text 'BA656.0' is set on object 'Object Repository/MOH AND GRN/Page_KDMC - CMS/input_txtbatchno'

2018-05-14 13:30:04 - [MESSAGE][PASSED] - Text 'BA656.0' is set on object 'Object Repository/MOH AND GRN/Page_KDMC - CMS/input_txtbatchno'

2018-05-14 13:30:04 - [TEST_STEP][PASSED] - rightClick: Object: 'Object Repository/GRN/Page_KDMC - CMS/input_txtexpdate' is right clicked on

2018-05-14 13:30:14 - [MESSAGE][PASSED] - Object: 'Object Repository/GRN/Page_KDMC - CMS/input_txtexpdate' is right clicked on

2018-05-14 13:30:14 - [TEST_STEP][PASSED] - selectOptionByIndex: All options with index in [9] are selected on object 'Object Repository/GRN/Page_KDMC - CMS/select_20182019202020212022202'

2018-05-14 13:30:15 - [MESSAGE][PASSED] - All options with index in [9] are selected on object 'Object Repository/GRN/Page_KDMC - CMS/select_20182019202020212022202'

2018-05-14 13:30:15 - [TEST_STEP][PASSED] - selectOptionByIndex: All options with index in [9] are selected on object 'Object Repository/GRN/Page_KDMC - CMS/select_JanFebMarAprMayJunJulAu'

2018-05-14 13:30:15 - [MESSAGE][PASSED] - All options with index in [9] are selected on object 'Object Repository/GRN/Page_KDMC - CMS/select_JanFebMarAprMayJunJulAu'

2018-05-14 13:30:15 - [TEST_STEP][PASSED] - click: Object: 'Object Repository/MOH AND GRN/Page_KDMC - CMS/a_12' is clicked on

2018-05-14 13:30:20 - [MESSAGE][PASSED] - Object: 'Object Repository/MOH AND GRN/Page_KDMC - CMS/a_12' is clicked on

2018-05-14 13:30:20 - [TEST_STEP][PASSED] - click: Object: 'Object Repository/MOH AND GRN/Page_KDMC - CMS/input_btnadd' is clicked on

2018-05-14 13:30:25 - [MESSAGE][PASSED] - Object: 'Object Repository/MOH AND GRN/Page_KDMC - CMS/input_btnadd' is clicked on

2018-05-14 13:30:25 - [TEST_STEP][PASSED] - Statement - If (s == 10): null

2018-05-14 13:30:25 - [TEST_STEP][PASSED] - Statement - Else: null

2018-05-14 13:30:25 - [TEST_STEP][PASSED] - Statement - (s++): null

2018-05-14 13:30:25 - [TEST_STEP][PASSED] - delay: Delayed 1 second(s)

2018-05-14 13:30:26 - [MESSAGE][PASSED] - Delayed 1 second(s)

2018-05-14 13:30:26 - [TEST_STEP][PASSED] - selectOptionByIndex: All options with index in [40] are selected on object 'Object Repository/MOH AND GRN/Page_KDMC - CMS/select_--Select--Amikacin -500'

2018-05-14 13:30:27 - [MESSAGE][PASSED] - All options with index in [40] are selected on object 'Object Repository/MOH AND GRN/Page_KDMC - CMS/select_--Select--Amikacin -500'

2018-05-14 13:30:27 - [TEST_STEP][PASSED] - setText: Text '5000' is set on object 'Object Repository/MOH AND GRN/Page_KDMC - CMS/input_txtqty'

2018-05-14 13:30:27 - [MESSAGE][PASSED] - Text '5000' is set on object 'Object Repository/MOH AND GRN/Page_KDMC - CMS/input_txtqty'

2018-05-14 13:30:27 - [TEST_STEP][PASSED] - selectOptionByIndex: All options with index in [1] are selected on object 'Object Repository/MOH AND GRN/Page_KDMC - CMS/select_--Select--No Tax0'

2018-05-14 13:30:27 - [MESSAGE][PASSED] - All options with index in [1] are selected on object 'Object Repository/MOH AND GRN/Page_KDMC - CMS/select_--Select--No Tax0'

2018-05-14 13:30:27 - [TEST_STEP][PASSED] - setText: Finding Test Object with id 'Object Repository/MOH AND GRN/Page_KDMC - CMS/input_txtmrp'

2018-05-14 13:30:27 - [TEST_STEP][PASSED] - Statement - switch (id): Finding Test Object with id 'Object Repository/MOH AND GRN/Page_KDMC - CMS/input_txtdeal'

2018-05-14 13:30:27 - [TEST_STEP][PASSED] - Statement - case 4:: Text '33.0' is set on object 'Object Repository/MOH AND GRN/Page_KDMC - CMS/input_txtmrp'

2018-05-14 13:30:27 - [TEST_STEP][PASSED] - Statement - return (java.lang.Math.floor((java.lang.Math.random() * ((max - min) + 1))) + min): Text '33.0' is set on object 'Object Repository/MOH AND GRN/Page_KDMC - CMS/input_txtmrp'

2018-05-14 13:30:27 - [MESSAGE][PASSED] - Text '33.0' is set on object 'Object Repository/MOH AND GRN/Page_KDMC - CMS/input_txtmrp'

2018-05-14 13:30:27 - [TEST_STEP][PASSED] - setText: Finding Test Object with id 'Object Repository/MOH AND GRN/Page_KDMC - CMS/input_txtdeal'

2018-05-14 13:30:27 - [TEST_STEP][PASSED] - Statement - switch (id): Finding Test Object with id 'Object Repository/MOH AND GRN/Page_KDMC - CMS/input_txtbatchno'

2018-05-14 13:30:27 - [TEST_STEP][PASSED] - Statement - case 5:: Text '10.0' is set on object 'Object Repository/MOH AND GRN/Page_KDMC - CMS/input_txtdeal'

2018-05-14 13:30:27 - [TEST_STEP][PASSED] - Statement - return (java.lang.Math.floor((java.lang.Math.random() * ((max - min) + 1))) + min): Text '10.0' is set on object 'Object Repository/MOH AND GRN/Page_KDMC - CMS/input_txtdeal'

2018-05-14 13:30:27 - [MESSAGE][PASSED] - Text '10.0' is set on object 'Object Repository/MOH AND GRN/Page_KDMC - CMS/input_txtdeal'

2018-05-14 13:30:27 - [TEST_STEP][PASSED] - setText: Finding Test Object with id 'Object Repository/MOH AND GRN/Page_KDMC - CMS/input_txtbatchno'

2018-05-14 13:30:27 - [TEST_STEP][PASSED] - Statement - switch (id): Finding Test Object with id 'Object Repository/MOH AND GRN/Page_KDMC - CMS/input_txtmrp'

2018-05-14 13:30:27 - [TEST_STEP][PASSED] - Statement - case 1:: Text 'BA51.0' is set on object 'Object Repository/MOH AND GRN/Page_KDMC - CMS/input_txtbatchno'

2018-05-14 13:30:27 - [TEST_STEP][PASSED] - Statement - return (java.lang.Math.floor((java.lang.Math.random() * ((max - min) + 1))) + min): Text 'BA51.0' is set on object 'Object Repository/MOH AND GRN/Page_KDMC - CMS/input_txtbatchno'

2018-05-14 13:30:27 - [MESSAGE][PASSED] - Text 'BA51.0' is set on object 'Object Repository/MOH AND GRN/Page_KDMC - CMS/input_txtbatchno'

2018-05-14 13:30:27 - [TEST_STEP][PASSED] - rightClick: Object: 'Object Repository/GRN/Page_KDMC - CMS/input_txtexpdate' is right clicked on

2018-05-14 13:30:38 - [MESSAGE][PASSED] - Object: 'Object Repository/GRN/Page_KDMC - CMS/input_txtexpdate' is right clicked on

2018-05-14 13:30:38 - [TEST_STEP][PASSED] - selectOptionByIndex: All options with index in [10] are selected on object 'Object Repository/GRN/Page_KDMC - CMS/select_20182019202020212022202'

2018-05-14 13:30:38 - [MESSAGE][PASSED] - All options with index in [10] are selected on object 'Object Repository/GRN/Page_KDMC - CMS/select_20182019202020212022202'

2018-05-14 13:30:38 - [TEST_STEP][PASSED] - selectOptionByIndex: All options with index in [10] are selected on object 'Object Repository/GRN/Page_KDMC - CMS/select_JanFebMarAprMayJunJulAu'

2018-05-14 13:30:38 - [MESSAGE][PASSED] - All options with index in [10] are selected on object 'Object Repository/GRN/Page_KDMC - CMS/select_JanFebMarAprMayJunJulAu'

2018-05-14 13:30:38 - [TEST_STEP][PASSED] - click: Object: 'Object Repository/MOH AND GRN/Page_KDMC - CMS/a_12' is clicked on

2018-05-14 13:30:43 - [MESSAGE][PASSED] - Object: 'Object Repository/MOH AND GRN/Page_KDMC - CMS/a_12' is clicked on

2018-05-14 13:30:43 - [TEST_STEP][PASSED] - click: Object: 'Object Repository/MOH AND GRN/Page_KDMC - CMS/input_btnadd' is clicked on

2018-05-14 13:30:48 - [MESSAGE][PASSED] - Object: 'Object Repository/MOH AND GRN/Page_KDMC - CMS/input_btnadd' is clicked on

2018-05-14 13:30:48 - [TEST_STEP][PASSED] - Statement - If (s == 10): null

2018-05-14 13:30:48 - [TEST_STEP][PASSED] - Statement - s = 1: null

2018-05-14 13:30:48 - [TEST_STEP][PASSED] - delay: Delayed 1 second(s)

2018-05-14 13:30:49 - [MESSAGE][PASSED] - Delayed 1 second(s)

2018-05-14 13:30:49 - [TEST_STEP][PASSED] - selectOptionByIndex: All options with index in [41] are selected on object 'Object Repository/MOH AND GRN/Page_KDMC - CMS/select_--Select--Amikacin -500'

2018-05-14 13:30:50 - [MESSAGE][PASSED] - All options with index in [41] are selected on object 'Object Repository/MOH AND GRN/Page_KDMC - CMS/select_--Select--Amikacin -500'

2018-05-14 13:30:50 - [TEST_STEP][PASSED] - setText: Text '5000' is set on object 'Object Repository/MOH AND GRN/Page_KDMC - CMS/input_txtqty'

2018-05-14 13:30:50 - [MESSAGE][PASSED] - Text '5000' is set on object 'Object Repository/MOH AND GRN/Page_KDMC - CMS/input_txtqty'

2018-05-14 13:30:50 - [TEST_STEP][PASSED] - selectOptionByIndex: All options with index in [1] are selected on object 'Object Repository/MOH AND GRN/Page_KDMC - CMS/select_--Select--No Tax0'

2018-05-14 13:30:50 - [MESSAGE][PASSED] - All options with index in [1] are selected on object 'Object Repository/MOH AND GRN/Page_KDMC - CMS/select_--Select--No Tax0'

2018-05-14 13:30:50 - [TEST_STEP][PASSED] - setText: Finding Test Object with id 'Object Repository/MOH AND GRN/Page_KDMC - CMS/input_txtmrp'

2018-05-14 13:30:50 - [TEST_STEP][PASSED] - Statement - switch (id): Finding Test Object with id 'Object Repository/MOH AND GRN/Page_KDMC - CMS/input_txtdeal'

2018-05-14 13:30:50 - [TEST_STEP][PASSED] - Statement - case 4:: Text '32.0' is set on object 'Object Repository/MOH AND GRN/Page_KDMC - CMS/input_txtmrp'

2018-05-14 13:30:50 - [TEST_STEP][PASSED] - Statement - return (java.lang.Math.floor((java.lang.Math.random() * ((max - min) + 1))) + min): Text '32.0' is set on object 'Object Repository/MOH AND GRN/Page_KDMC - CMS/input_txtmrp'

2018-05-14 13:30:50 - [MESSAGE][PASSED] - Text '32.0' is set on object 'Object Repository/MOH AND GRN/Page_KDMC - CMS/input_txtmrp'

2018-05-14 13:30:50 - [TEST_STEP][PASSED] - setText: Finding Test Object with id 'Object Repository/MOH AND GRN/Page_KDMC - CMS/input_txtdeal'

2018-05-14 13:30:50 - [TEST_STEP][PASSED] - Statement - switch (id): Finding Test Object with id 'Object Repository/MOH AND GRN/Page_KDMC - CMS/input_txtbatchno'

2018-05-14 13:30:50 - [TEST_STEP][PASSED] - Statement - case 5:: Text '4.0' is set on object 'Object Repository/MOH AND GRN/Page_KDMC - CMS/input_txtdeal'

2018-05-14 13:30:50 - [TEST_STEP][PASSED] - Statement - return (java.lang.Math.floor((java.lang.Math.random() * ((max - min) + 1))) + min): Text '4.0' is set on object 'Object Repository/MOH AND GRN/Page_KDMC - CMS/input_txtdeal'

2018-05-14 13:30:50 - [MESSAGE][PASSED] - Text '4.0' is set on object 'Object Repository/MOH AND GRN/Page_KDMC - CMS/input_txtdeal'

2018-05-14 13:30:50 - [TEST_STEP][PASSED] - setText: Finding Test Object with id 'Object Repository/MOH AND GRN/Page_KDMC - CMS/input_txtbatchno'

2018-05-14 13:30:51 - [TEST_STEP][PASSED] - Statement - switch (id): Finding Test Object with id 'Object Repository/MOH AND GRN/Page_KDMC - CMS/input_txtmrp'

2018-05-14 13:30:51 - [TEST_STEP][PASSED] - Statement - case 1:: Text 'BA573.0' is set on object 'Object Repository/MOH AND GRN/Page_KDMC - CMS/input_txtbatchno'

2018-05-14 13:30:51 - [TEST_STEP][PASSED] - Statement - return (java.lang.Math.floor((java.lang.Math.random() * ((max - min) + 1))) + min): Text 'BA573.0' is set on object 'Object Repository/MOH AND GRN/Page_KDMC - CMS/input_txtbatchno'

2018-05-14 13:30:51 - [MESSAGE][PASSED] - Text 'BA573.0' is set on object 'Object Repository/MOH AND GRN/Page_KDMC - CMS/input_txtbatchno'

2018-05-14 13:30:51 - [TEST_STEP][PASSED] - rightClick: Object: 'Object Repository/GRN/Page_KDMC - CMS/input_txtexpdate' is right clicked on

2018-05-14 13:31:01 - [MESSAGE][PASSED] - Object: 'Object Repository/GRN/Page_KDMC - CMS/input_txtexpdate' is right clicked on

2018-05-14 13:31:01 - [TEST_STEP][PASSED] - selectOptionByIndex: All options with index in [1] are selected on object 'Object Repository/GRN/Page_KDMC - CMS/select_20182019202020212022202'

2018-05-14 13:31:01 - [MESSAGE][PASSED] - All options with index in [1] are selected on object 'Object Repository/GRN/Page_KDMC - CMS/select_20182019202020212022202'

2018-05-14 13:31:01 - [TEST_STEP][PASSED] - selectOptionByIndex: All options with index in [1] are selected on object 'Object Repository/GRN/Page_KDMC - CMS/select_JanFebMarAprMayJunJulAu'

2018-05-14 13:31:01 - [MESSAGE][PASSED] - All options with index in [1] are selected on object 'Object Repository/GRN/Page_KDMC - CMS/select_JanFebMarAprMayJunJulAu'

2018-05-14 13:31:01 - [TEST_STEP][PASSED] - click: Object: 'Object Repository/MOH AND GRN/Page_KDMC - CMS/a_12' is clicked on

2018-05-14 13:31:06 - [MESSAGE][PASSED] - Object: 'Object Repository/MOH AND GRN/Page_KDMC - CMS/a_12' is clicked on

2018-05-14 13:31:06 - [TEST_STEP][PASSED] - click: Object: 'Object Repository/MOH AND GRN/Page_KDMC - CMS/input_btnadd' is clicked on

2018-05-14 13:31:11 - [MESSAGE][PASSED] - Object: 'Object Repository/MOH AND GRN/Page_KDMC - CMS/input_btnadd' is clicked on

2018-05-14 13:31:11 - [TEST_STEP][PASSED] - Statement - If (s == 10): null

2018-05-14 13:31:11 - [TEST_STEP][PASSED] - Statement - Else: null

2018-05-14 13:31:11 - [TEST_STEP][PASSED] - Statement - (s++): null

2018-05-14 13:31:11 - [TEST_STEP][PASSED] - delay: Delayed 1 second(s)

2018-05-14 13:31:12 - [MESSAGE][PASSED] - Delayed 1 second(s)

2018-05-14 13:31:12 - [TEST_STEP][PASSED] - selectOptionByIndex: All options with index in [42] are selected on object 'Object Repository/MOH AND GRN/Page_KDMC - CMS/select_--Select--Amikacin -500'

2018-05-14 13:31:13 - [MESSAGE][PASSED] - All options with index in [42] are selected on object 'Object Repository/MOH AND GRN/Page_KDMC - CMS/select_--Select--Amikacin -500'

2018-05-14 13:31:13 - [TEST_STEP][PASSED] - setText: Text '5000' is set on object 'Object Repository/MOH AND GRN/Page_KDMC - CMS/input_txtqty'

2018-05-14 13:31:13 - [MESSAGE][PASSED] - Text '5000' is set on object 'Object Repository/MOH AND GRN/Page_KDMC - CMS/input_txtqty'

2018-05-14 13:31:13 - [TEST_STEP][PASSED] - selectOptionByIndex: All options with index in [1] are selected on object 'Object Repository/MOH AND GRN/Page_KDMC - CMS/select_--Select--No Tax0'

2018-05-14 13:31:13 - [MESSAGE][PASSED] - All options with index in [1] are selected on object 'Object Repository/MOH AND GRN/Page_KDMC - CMS/select_--Select--No Tax0'

2018-05-14 13:31:13 - [TEST_STEP][PASSED] - setText: Finding Test Object with id 'Object Repository/MOH AND GRN/Page_KDMC - CMS/input_txtmrp'

2018-05-14 13:31:13 - [TEST_STEP][PASSED] - Statement - switch (id): Finding Test Object with id 'Object Repository/MOH AND GRN/Page_KDMC - CMS/input_txtdeal'

2018-05-14 13:31:13 - [TEST_STEP][PASSED] - Statement - case 4:: Text '29.0' is set on object 'Object Repository/MOH AND GRN/Page_KDMC - CMS/input_txtmrp'

2018-05-14 13:31:13 - [TEST_STEP][PASSED] - Statement - return (java.lang.Math.floor((java.lang.Math.random() * ((max - min) + 1))) + min): Text '29.0' is set on object 'Object Repository/MOH AND GRN/Page_KDMC - CMS/input_txtmrp'

2018-05-14 13:31:13 - [MESSAGE][PASSED] - Text '29.0' is set on object 'Object Repository/MOH AND GRN/Page_KDMC - CMS/input_txtmrp'

2018-05-14 13:31:13 - [TEST_STEP][PASSED] - setText: Finding Test Object with id 'Object Repository/MOH AND GRN/Page_KDMC - CMS/input_txtdeal'

2018-05-14 13:31:13 - [TEST_STEP][PASSED] - Statement - switch (id): Finding Test Object with id 'Object Repository/MOH AND GRN/Page_KDMC - CMS/input_txtbatchno'

2018-05-14 13:31:13 - [TEST_STEP][PASSED] - Statement - case 5:: Text '1.0' is set on object 'Object Repository/MOH AND GRN/Page_KDMC - CMS/input_txtdeal'

2018-05-14 13:31:13 - [TEST_STEP][PASSED] - Statement - return (java.lang.Math.floor((java.lang.Math.random() * ((max - min) + 1))) + min): Text '1.0' is set on object 'Object Repository/MOH AND GRN/Page_KDMC - CMS/input_txtdeal'

2018-05-14 13:31:13 - [MESSAGE][PASSED] - Text '1.0' is set on object 'Object Repository/MOH AND GRN/Page_KDMC - CMS/input_txtdeal'

2018-05-14 13:31:13 - [TEST_STEP][PASSED] - setText: Finding Test Object with id 'Object Repository/MOH AND GRN/Page_KDMC - CMS/input_txtbatchno'

2018-05-14 13:31:13 - [TEST_STEP][PASSED] - Statement - switch (id): Finding Test Object with id 'Object Repository/MOH AND GRN/Page_KDMC - CMS/input_txtmrp'

2018-05-14 13:31:13 - [TEST_STEP][PASSED] - Statement - case 1:: Text 'BA712.0' is set on object 'Object Repository/MOH AND GRN/Page_KDMC - CMS/input_txtbatchno'

2018-05-14 13:31:13 - [TEST_STEP][PASSED] - Statement - return (java.lang.Math.floor((java.lang.Math.random() * ((max - min) + 1))) + min): Text 'BA712.0' is set on object 'Object Repository/MOH AND GRN/Page_KDMC - CMS/input_txtbatchno'

2018-05-14 13:31:14 - [MESSAGE][PASSED] - Text 'BA712.0' is set on object 'Object Repository/MOH AND GRN/Page_KDMC - CMS/input_txtbatchno'

2018-05-14 13:31:14 - [TEST_STEP][PASSED] - rightClick: Object: 'Object Repository/GRN/Page_KDMC - CMS/input_txtexpdate' is right clicked on

2018-05-14 13:31:24 - [MESSAGE][PASSED] - Object: 'Object Repository/GRN/Page_KDMC - CMS/input_txtexpdate' is right clicked on

2018-05-14 13:31:24 - [TEST_STEP][PASSED] - selectOptionByIndex: All options with index in [2] are selected on object 'Object Repository/GRN/Page_KDMC - CMS/select_20182019202020212022202'

2018-05-14 13:31:24 - [MESSAGE][PASSED] - All options with index in [2] are selected on object 'Object Repository/GRN/Page_KDMC - CMS/select_20182019202020212022202'

2018-05-14 13:31:24 - [TEST_STEP][PASSED] - selectOptionByIndex: All options with index in [2] are selected on object 'Object Repository/GRN/Page_KDMC - CMS/select_JanFebMarAprMayJunJulAu'

2018-05-14 13:31:24 - [MESSAGE][PASSED] - All options with index in [2] are selected on object 'Object Repository/GRN/Page_KDMC - CMS/select_JanFebMarAprMayJunJulAu'

2018-05-14 13:31:24 - [TEST_STEP][PASSED] - click: Object: 'Object Repository/MOH AND GRN/Page_KDMC - CMS/a_12' is clicked on

2018-05-14 13:31:29 - [MESSAGE][PASSED] - Object: 'Object Repository/MOH AND GRN/Page_KDMC - CMS/a_12' is clicked on

2018-05-14 13:31:29 - [TEST_STEP][PASSED] - click: Object: 'Object Repository/MOH AND GRN/Page_KDMC - CMS/input_btnadd' is clicked on

2018-05-14 13:31:34 - [MESSAGE][PASSED] - Object: 'Object Repository/MOH AND GRN/Page_KDMC - CMS/input_btnadd' is clicked on

2018-05-14 13:31:34 - [TEST_STEP][PASSED] - Statement - If (s == 10): null

2018-05-14 13:31:34 - [TEST_STEP][PASSED] - Statement - Else: null

2018-05-14 13:31:34 - [TEST_STEP][PASSED] - Statement - (s++): null

2018-05-14 13:31:34 - [TEST_STEP][PASSED] - delay: Delayed 1 second(s)

2018-05-14 13:31:35 - [MESSAGE][PASSED] - Delayed 1 second(s)

2018-05-14 13:31:35 - [TEST_STEP][PASSED] - selectOptionByIndex: All options with index in [43] are selected on object 'Object Repository/MOH AND GRN/Page_KDMC - CMS/select_--Select--Amikacin -500'

2018-05-14 13:31:36 - [MESSAGE][PASSED] - All options with index in [43] are selected on object 'Object Repository/MOH AND GRN/Page_KDMC - CMS/select_--Select--Amikacin -500'

2018-05-14 13:31:36 - [TEST_STEP][PASSED] - setText: Text '5000' is set on object 'Object Repository/MOH AND GRN/Page_KDMC - CMS/input_txtqty'

2018-05-14 13:31:36 - [MESSAGE][PASSED] - Text '5000' is set on object 'Object Repository/MOH AND GRN/Page_KDMC - CMS/input_txtqty'

2018-05-14 13:31:36 - [TEST_STEP][PASSED] - selectOptionByIndex: All options with index in [1] are selected on object 'Object Repository/MOH AND GRN/Page_KDMC - CMS/select_--Select--No Tax0'

2018-05-14 13:31:36 - [MESSAGE][PASSED] - All options with index in [1] are selected on object 'Object Repository/MOH AND GRN/Page_KDMC - CMS/select_--Select--No Tax0'

2018-05-14 13:31:36 - [TEST_STEP][PASSED] - setText: Finding Test Object with id 'Object Repository/MOH AND GRN/Page_KDMC - CMS/input_txtmrp'

2018-05-14 13:31:36 - [TEST_STEP][PASSED] - Statement - switch (id): Finding Test Object with id 'Object Repository/MOH AND GRN/Page_KDMC - CMS/input_txtdeal'

2018-05-14 13:31:36 - [TEST_STEP][PASSED] - Statement - case 4:: Text '18.0' is set on object 'Object Repository/MOH AND GRN/Page_KDMC - CMS/input_txtmrp'

2018-05-14 13:31:36 - [TEST_STEP][PASSED] - Statement - return (java.lang.Math.floor((java.lang.Math.random() * ((max - min) + 1))) + min): Text '18.0' is set on object 'Object Repository/MOH AND GRN/Page_KDMC - CMS/input_txtmrp'

2018-05-14 13:31:36 - [MESSAGE][PASSED] - Text '18.0' is set on object 'Object Repository/MOH AND GRN/Page_KDMC - CMS/input_txtmrp'

2018-05-14 13:31:36 - [TEST_STEP][PASSED] - setText: Finding Test Object with id 'Object Repository/MOH AND GRN/Page_KDMC - CMS/input_txtdeal'

2018-05-14 13:31:36 - [TEST_STEP][PASSED] - Statement - switch (id): Finding Test Object with id 'Object Repository/MOH AND GRN/Page_KDMC - CMS/input_txtbatchno'

2018-05-14 13:31:36 - [TEST_STEP][PASSED] - Statement - case 5:: Text '6.0' is set on object 'Object Repository/MOH AND GRN/Page_KDMC - CMS/input_txtdeal'

2018-05-14 13:31:36 - [TEST_STEP][PASSED] - Statement - return (java.lang.Math.floor((java.lang.Math.random() * ((max - min) + 1))) + min): Text '6.0' is set on object 'Object Repository/MOH AND GRN/Page_KDMC - CMS/input_txtdeal'

2018-05-14 13:31:36 - [MESSAGE][PASSED] - Text '6.0' is set on object 'Object Repository/MOH AND GRN/Page_KDMC - CMS/input_txtdeal'

2018-05-14 13:31:36 - [TEST_STEP][PASSED] - setText: Finding Test Object with id 'Object Repository/MOH AND GRN/Page_KDMC - CMS/input_txtbatchno'

2018-05-14 13:31:36 - [TEST_STEP][PASSED] - Statement - switch (id): Finding Test Object with id 'Object Repository/MOH AND GRN/Page_KDMC - CMS/input_txtmrp'

2018-05-14 13:31:36 - [TEST_STEP][PASSED] - Statement - case 1:: Text 'BA659.0' is set on object 'Object Repository/MOH AND GRN/Page_KDMC - CMS/input_txtbatchno'

2018-05-14 13:31:36 - [TEST_STEP][PASSED] - Statement - return (java.lang.Math.floor((java.lang.Math.random() * ((max - min) + 1))) + min): Text 'BA659.0' is set on object 'Object Repository/MOH AND GRN/Page_KDMC - CMS/input_txtbatchno'

2018-05-14 13:31:36 - [MESSAGE][PASSED] - Text 'BA659.0' is set on object 'Object Repository/MOH AND GRN/Page_KDMC - CMS/input_txtbatchno'

2018-05-14 13:31:36 - [TEST_STEP][PASSED] - rightClick: Object: 'Object Repository/GRN/Page_KDMC - CMS/input_txtexpdate' is right clicked on

2018-05-14 13:31:47 - [MESSAGE][PASSED] - Object: 'Object Repository/GRN/Page_KDMC - CMS/input_txtexpdate' is right clicked on

2018-05-14 13:31:47 - [TEST_STEP][PASSED] - selectOptionByIndex: All options with index in [3] are selected on object 'Object Repository/GRN/Page_KDMC - CMS/select_20182019202020212022202'

2018-05-14 13:31:47 - [MESSAGE][PASSED] - All options with index in [3] are selected on object 'Object Repository/GRN/Page_KDMC - CMS/select_20182019202020212022202'

2018-05-14 13:31:47 - [TEST_STEP][PASSED] - selectOptionByIndex: All options with index in [3] are selected on object 'Object Repository/GRN/Page_KDMC - CMS/select_JanFebMarAprMayJunJulAu'

2018-05-14 13:31:47 - [MESSAGE][PASSED] - All options with index in [3] are selected on object 'Object Repository/GRN/Page_KDMC - CMS/select_JanFebMarAprMayJunJulAu'

2018-05-14 13:31:47 - [TEST_STEP][PASSED] - click: Object: 'Object Repository/MOH AND GRN/Page_KDMC - CMS/a_12' is clicked on

2018-05-14 13:31:52 - [MESSAGE][PASSED] - Object: 'Object Repository/MOH AND GRN/Page_KDMC - CMS/a_12' is clicked on

2018-05-14 13:31:52 - [TEST_STEP][PASSED] - click: Object: 'Object Repository/MOH AND GRN/Page_KDMC - CMS/input_btnadd' is clicked on

2018-05-14 13:31:57 - [MESSAGE][PASSED] - Object: 'Object Repository/MOH AND GRN/Page_KDMC - CMS/input_btnadd' is clicked on

2018-05-14 13:31:57 - [TEST_STEP][PASSED] - Statement - If (s == 10): null

2018-05-14 13:31:57 - [TEST_STEP][PASSED] - Statement - Else: null

2018-05-14 13:31:57 - [TEST_STEP][PASSED] - Statement - (s++): null

2018-05-14 13:31:57 - [TEST_STEP][PASSED] - delay: Delayed 1 second(s)

2018-05-14 13:31:58 - [MESSAGE][PASSED] - Delayed 1 second(s)

2018-05-14 13:31:58 - [TEST_STEP][PASSED] - selectOptionByIndex: All options with index in [44] are selected on object 'Object Repository/MOH AND GRN/Page_KDMC - CMS/select_--Select--Amikacin -500'

2018-05-14 13:31:59 - [MESSAGE][PASSED] - All options with index in [44] are selected on object 'Object Repository/MOH AND GRN/Page_KDMC - CMS/select_--Select--Amikacin -500'

2018-05-14 13:31:59 - [TEST_STEP][PASSED] - setText: Text '5000' is set on object 'Object Repository/MOH AND GRN/Page_KDMC - CMS/input_txtqty'

2018-05-14 13:31:59 - [MESSAGE][PASSED] - Text '5000' is set on object 'Object Repository/MOH AND GRN/Page_KDMC - CMS/input_txtqty'

2018-05-14 13:31:59 - [TEST_STEP][PASSED] - selectOptionByIndex: All options with index in [1] are selected on object 'Object Repository/MOH AND GRN/Page_KDMC - CMS/select_--Select--No Tax0'

2018-05-14 13:31:59 - [MESSAGE][PASSED] - All options with index in [1] are selected on object 'Object Repository/MOH AND GRN/Page_KDMC - CMS/select_--Select--No Tax0'

2018-05-14 13:31:59 - [TEST_STEP][PASSED] - setText: Finding Test Object with id 'Object Repository/MOH AND GRN/Page_KDMC - CMS/input_txtmrp'

2018-05-14 13:31:59 - [TEST_STEP][PASSED] - Statement - switch (id): Finding Test Object with id 'Object Repository/MOH AND GRN/Page_KDMC - CMS/input_txtdeal'

2018-05-14 13:31:59 - [TEST_STEP][PASSED] - Statement - case 4:: Text '24.0' is set on object 'Object Repository/MOH AND GRN/Page_KDMC - CMS/input_txtmrp'

2018-05-14 13:31:59 - [TEST_STEP][PASSED] - Statement - return (java.lang.Math.floor((java.lang.Math.random() * ((max - min) + 1))) + min): Text '24.0' is set on object 'Object Repository/MOH AND GRN/Page_KDMC - CMS/input_txtmrp'

2018-05-14 13:31:59 - [MESSAGE][PASSED] - Text '24.0' is set on object 'Object Repository/MOH AND GRN/Page_KDMC - CMS/input_txtmrp'

2018-05-14 13:31:59 - [TEST_STEP][PASSED] - setText: Finding Test Object with id 'Object Repository/MOH AND GRN/Page_KDMC - CMS/input_txtdeal'

2018-05-14 13:31:59 - [TEST_STEP][PASSED] - Statement - switch (id): Finding Test Object with id 'Object Repository/MOH AND GRN/Page_KDMC - CMS/input_txtbatchno'

2018-05-14 13:31:59 - [TEST_STEP][PASSED] - Statement - case 5:: Text '1.0' is set on object 'Object Repository/MOH AND GRN/Page_KDMC - CMS/input_txtdeal'

2018-05-14 13:31:59 - [TEST_STEP][PASSED] - Statement - return (java.lang.Math.floor((java.lang.Math.random() * ((max - min) + 1))) + min): Text '1.0' is set on object 'Object Repository/MOH AND GRN/Page_KDMC - CMS/input_txtdeal'

2018-05-14 13:31:59 - [MESSAGE][PASSED] - Text '1.0' is set on object 'Object Repository/MOH AND GRN/Page_KDMC - CMS/input_txtdeal'

2018-05-14 13:31:59 - [TEST_STEP][PASSED] - setText: Finding Test Object with id 'Object Repository/MOH AND GRN/Page_KDMC - CMS/input_txtbatchno'

2018-05-14 13:31:59 - [TEST_STEP][PASSED] - Statement - switch (id): Finding Test Object with id 'Object Repository/MOH AND GRN/Page_KDMC - CMS/input_txtmrp'

2018-05-14 13:31:59 - [TEST_STEP][PASSED] - Statement - case 1:: Text 'BA971.0' is set on object 'Object Repository/MOH AND GRN/Page_KDMC - CMS/input_txtbatchno'

2018-05-14 13:31:59 - [TEST_STEP][PASSED] - Statement - return (java.lang.Math.floor((java.lang.Math.random() * ((max - min) + 1))) + min): Text 'BA971.0' is set on object 'Object Repository/MOH AND GRN/Page_KDMC - CMS/input_txtbatchno'

2018-05-14 13:32:00 - [MESSAGE][PASSED] - Text 'BA971.0' is set on object 'Object Repository/MOH AND GRN/Page_KDMC - CMS/input_txtbatchno'

2018-05-14 13:32:00 - [TEST_STEP][PASSED] - rightClick: Object: 'Object Repository/GRN/Page_KDMC - CMS/input_txtexpdate' is right clicked on

2018-05-14 13:32:10 - [MESSAGE][PASSED] - Object: 'Object Repository/GRN/Page_KDMC - CMS/input_txtexpdate' is right clicked on

2018-05-14 13:32:10 - [TEST_STEP][PASSED] - selectOptionByIndex: All options with index in [4] are selected on object 'Object Repository/GRN/Page_KDMC - CMS/select_20182019202020212022202'

2018-05-14 13:32:10 - [MESSAGE][PASSED] - All options with index in [4] are selected on object 'Object Repository/GRN/Page_KDMC - CMS/select_20182019202020212022202'

2018-05-14 13:32:10 - [TEST_STEP][PASSED] - selectOptionByIndex: All options with index in [4] are selected on object 'Object Repository/GRN/Page_KDMC - CMS/select_JanFebMarAprMayJunJulAu'

2018-05-14 13:32:10 - [MESSAGE][PASSED] - All options with index in [4] are selected on object 'Object Repository/GRN/Page_KDMC - CMS/select_JanFebMarAprMayJunJulAu'

2018-05-14 13:32:10 - [TEST_STEP][PASSED] - click: Object: 'Object Repository/MOH AND GRN/Page_KDMC - CMS/a_12' is clicked on

2018-05-14 13:32:15 - [MESSAGE][PASSED] - Object: 'Object Repository/MOH AND GRN/Page_KDMC - CMS/a_12' is clicked on

2018-05-14 13:32:15 - [TEST_STEP][PASSED] - click: Object: 'Object Repository/MOH AND GRN/Page_KDMC - CMS/input_btnadd' is clicked on

2018-05-14 13:32:20 - [MESSAGE][PASSED] - Object: 'Object Repository/MOH AND GRN/Page_KDMC - CMS/input_btnadd' is clicked on

2018-05-14 13:32:20 - [TEST_STEP][PASSED] - Statement - If (s == 10): null

2018-05-14 13:32:20 - [TEST_STEP][PASSED] - Statement - Else: null

2018-05-14 13:32:20 - [TEST_STEP][PASSED] - Statement - (s++): null

2018-05-14 13:32:20 - [TEST_STEP][PASSED] - delay: Delayed 1 second(s)

2018-05-14 13:32:21 - [MESSAGE][PASSED] - Delayed 1 second(s)

2018-05-14 13:32:21 - [TEST_STEP][PASSED] - selectOptionByIndex: All options with index in [45] are selected on object 'Object Repository/MOH AND GRN/Page_KDMC - CMS/select_--Select--Amikacin -500'

2018-05-14 13:32:22 - [MESSAGE][PASSED] - All options with index in [45] are selected on object 'Object Repository/MOH AND GRN/Page_KDMC - CMS/select_--Select--Amikacin -500'

2018-05-14 13:32:22 - [TEST_STEP][PASSED] - setText: Text '5000' is set on object 'Object Repository/MOH AND GRN/Page_KDMC - CMS/input_txtqty'

2018-05-14 13:32:22 - [MESSAGE][PASSED] - Text '5000' is set on object 'Object Repository/MOH AND GRN/Page_KDMC - CMS/input_txtqty'

2018-05-14 13:32:22 - [TEST_STEP][PASSED] - selectOptionByIndex: All options with index in [1] are selected on object 'Object Repository/MOH AND GRN/Page_KDMC - CMS/select_--Select--No Tax0'

2018-05-14 13:32:22 - [MESSAGE][PASSED] - All options with index in [1] are selected on object 'Object Repository/MOH AND GRN/Page_KDMC - CMS/select_--Select--No Tax0'

2018-05-14 13:32:22 - [TEST_STEP][PASSED] - setText: Finding Test Object with id 'Object Repository/MOH AND GRN/Page_KDMC - CMS/input_txtmrp'

2018-05-14 13:32:22 - [TEST_STEP][PASSED] - Statement - switch (id): Finding Test Object with id 'Object Repository/MOH AND GRN/Page_KDMC - CMS/input_txtdeal'

2018-05-14 13:32:22 - [TEST_STEP][PASSED] - Statement - case 4:: Text '31.0' is set on object 'Object Repository/MOH AND GRN/Page_KDMC - CMS/input_txtmrp'

2018-05-14 13:32:22 - [TEST_STEP][PASSED] - Statement - return (java.lang.Math.floor((java.lang.Math.random() * ((max - min) + 1))) + min): Text '31.0' is set on object 'Object Repository/MOH AND GRN/Page_KDMC - CMS/input_txtmrp'

2018-05-14 13:32:22 - [MESSAGE][PASSED] - Text '31.0' is set on object 'Object Repository/MOH AND GRN/Page_KDMC - CMS/input_txtmrp'

2018-05-14 13:32:22 - [TEST_STEP][PASSED] - setText: Finding Test Object with id 'Object Repository/MOH AND GRN/Page_KDMC - CMS/input_txtdeal'

2018-05-14 13:32:22 - [TEST_STEP][PASSED] - Statement - switch (id): Finding Test Object with id 'Object Repository/MOH AND GRN/Page_KDMC - CMS/input_txtbatchno'

2018-05-14 13:32:22 - [TEST_STEP][PASSED] - Statement - case 5:: Text '3.0' is set on object 'Object Repository/MOH AND GRN/Page_KDMC - CMS/input_txtdeal'

2018-05-14 13:32:22 - [TEST_STEP][PASSED] - Statement - return (java.lang.Math.floor((java.lang.Math.random() * ((max - min) + 1))) + min): Text '3.0' is set on object 'Object Repository/MOH AND GRN/Page_KDMC - CMS/input_txtdeal'

2018-05-14 13:32:22 - [MESSAGE][PASSED] - Text '3.0' is set on object 'Object Repository/MOH AND GRN/Page_KDMC - CMS/input_txtdeal'

2018-05-14 13:32:22 - [TEST_STEP][PASSED] - setText: Finding Test Object with id 'Object Repository/MOH AND GRN/Page_KDMC - CMS/input_txtbatchno'

2018-05-14 13:32:22 - [TEST_STEP][PASSED] - Statement - switch (id): Finding Test Object with id 'Object Repository/MOH AND GRN/Page_KDMC - CMS/input_txtmrp'

2018-05-14 13:32:22 - [TEST_STEP][PASSED] - Statement - case 1:: Text 'BA728.0' is set on object 'Object Repository/MOH AND GRN/Page_KDMC - CMS/input_txtbatchno'

2018-05-14 13:32:22 - [TEST_STEP][PASSED] - Statement - return (java.lang.Math.floor((java.lang.Math.random() * ((max - min) + 1))) + min): Text 'BA728.0' is set on object 'Object Repository/MOH AND GRN/Page_KDMC - CMS/input_txtbatchno'

2018-05-14 13:32:23 - [MESSAGE][PASSED] - Text 'BA728.0' is set on object 'Object Repository/MOH AND GRN/Page_KDMC - CMS/input_txtbatchno'

2018-05-14 13:32:23 - [TEST_STEP][PASSED] - rightClick: Object: 'Object Repository/GRN/Page_KDMC - CMS/input_txtexpdate' is right clicked on

2018-05-14 13:32:33 - [MESSAGE][PASSED] - Object: 'Object Repository/GRN/Page_KDMC - CMS/input_txtexpdate' is right clicked on

2018-05-14 13:32:33 - [TEST_STEP][PASSED] - selectOptionByIndex: All options with index in [5] are selected on object 'Object Repository/GRN/Page_KDMC - CMS/select_20182019202020212022202'

2018-05-14 13:32:33 - [MESSAGE][PASSED] - All options with index in [5] are selected on object 'Object Repository/GRN/Page_KDMC - CMS/select_20182019202020212022202'

2018-05-14 13:32:33 - [TEST_STEP][PASSED] - selectOptionByIndex: All options with index in [5] are selected on object 'Object Repository/GRN/Page_KDMC - CMS/select_JanFebMarAprMayJunJulAu'

2018-05-14 13:32:33 - [MESSAGE][PASSED] - All options with index in [5] are selected on object 'Object Repository/GRN/Page_KDMC - CMS/select_JanFebMarAprMayJunJulAu'

2018-05-14 13:32:33 - [TEST_STEP][PASSED] - click: Object: 'Object Repository/MOH AND GRN/Page_KDMC - CMS/a_12' is clicked on

2018-05-14 13:32:38 - [MESSAGE][PASSED] - Object: 'Object Repository/MOH AND GRN/Page_KDMC - CMS/a_12' is clicked on

2018-05-14 13:32:38 - [TEST_STEP][PASSED] - click: Object: 'Object Repository/MOH AND GRN/Page_KDMC - CMS/input_btnadd' is clicked on

2018-05-14 13:32:43 - [MESSAGE][PASSED] - Object: 'Object Repository/MOH AND GRN/Page_KDMC - CMS/input_btnadd' is clicked on

2018-05-14 13:32:43 - [TEST_STEP][PASSED] - Statement - If (s == 10): null

2018-05-14 13:32:43 - [TEST_STEP][PASSED] - Statement - Else: null

2018-05-14 13:32:43 - [TEST_STEP][PASSED] - Statement - (s++): null

2018-05-14 13:32:43 - [TEST_STEP][PASSED] - delay: Delayed 1 second(s)

2018-05-14 13:32:44 - [MESSAGE][PASSED] - Delayed 1 second(s)

2018-05-14 13:32:44 - [TEST_STEP][PASSED] - selectOptionByIndex: All options with index in [46] are selected on object 'Object Repository/MOH AND GRN/Page_KDMC - CMS/select_--Select--Amikacin -500'

2018-05-14 13:32:45 - [MESSAGE][PASSED] - All options with index in [46] are selected on object 'Object Repository/MOH AND GRN/Page_KDMC - CMS/select_--Select--Amikacin -500'

2018-05-14 13:32:45 - [TEST_STEP][PASSED] - setText: Text '5000' is set on object 'Object Repository/MOH AND GRN/Page_KDMC - CMS/input_txtqty'

2018-05-14 13:32:45 - [MESSAGE][PASSED] - Text '5000' is set on object 'Object Repository/MOH AND GRN/Page_KDMC - CMS/input_txtqty'

2018-05-14 13:32:45 - [TEST_STEP][PASSED] - selectOptionByIndex: All options with index in [1] are selected on object 'Object Repository/MOH AND GRN/Page_KDMC - CMS/select_--Select--No Tax0'

2018-05-14 13:32:45 - [MESSAGE][PASSED] - All options with index in [1] are selected on object 'Object Repository/MOH AND GRN/Page_KDMC - CMS/select_--Select--No Tax0'

2018-05-14 13:32:45 - [TEST_STEP][PASSED] - setText: Finding Test Object with id 'Object Repository/MOH AND GRN/Page_KDMC - CMS/input_txtmrp'

2018-05-14 13:32:45 - [TEST_STEP][PASSED] - Statement - switch (id): Finding Test Object with id 'Object Repository/MOH AND GRN/Page_KDMC - CMS/input_txtdeal'

2018-05-14 13:32:45 - [TEST_STEP][PASSED] - Statement - case 4:: Text '17.0' is set on object 'Object Repository/MOH AND GRN/Page_KDMC - CMS/input_txtmrp'

2018-05-14 13:32:45 - [TEST_STEP][PASSED] - Statement - return (java.lang.Math.floor((java.lang.Math.random() * ((max - min) + 1))) + min): Text '17.0' is set on object 'Object Repository/MOH AND GRN/Page_KDMC - CMS/input_txtmrp'

2018-05-14 13:32:45 - [MESSAGE][PASSED] - Text '17.0' is set on object 'Object Repository/MOH AND GRN/Page_KDMC - CMS/input_txtmrp'

2018-05-14 13:32:45 - [TEST_STEP][PASSED] - setText: Finding Test Object with id 'Object Repository/MOH AND GRN/Page_KDMC - CMS/input_txtdeal'

2018-05-14 13:32:45 - [TEST_STEP][PASSED] - Statement - switch (id): Finding Test Object with id 'Object Repository/MOH AND GRN/Page_KDMC - CMS/input_txtbatchno'

2018-05-14 13:32:45 - [TEST_STEP][PASSED] - Statement - case 5:: Text '11.0' is set on object 'Object Repository/MOH AND GRN/Page_KDMC - CMS/input_txtdeal'

2018-05-14 13:32:45 - [TEST_STEP][PASSED] - Statement - return (java.lang.Math.floor((java.lang.Math.random() * ((max - min) + 1))) + min): Text '11.0' is set on object 'Object Repository/MOH AND GRN/Page_KDMC - CMS/input_txtdeal'

2018-05-14 13:32:46 - [MESSAGE][PASSED] - Text '11.0' is set on object 'Object Repository/MOH AND GRN/Page_KDMC - CMS/input_txtdeal'

2018-05-14 13:32:46 - [TEST_STEP][PASSED] - setText: Finding Test Object with id 'Object Repository/MOH AND GRN/Page_KDMC - CMS/input_txtbatchno'

2018-05-14 13:32:46 - [TEST_STEP][PASSED] - Statement - switch (id): Finding Test Object with id 'Object Repository/MOH AND GRN/Page_KDMC - CMS/input_txtmrp'

2018-05-14 13:32:46 - [TEST_STEP][PASSED] - Statement - case 1:: Text 'BA166.0' is set on object 'Object Repository/MOH AND GRN/Page_KDMC - CMS/input_txtbatchno'

2018-05-14 13:32:46 - [TEST_STEP][PASSED] - Statement - return (java.lang.Math.floor((java.lang.Math.random() * ((max - min) + 1))) + min): Text 'BA166.0' is set on object 'Object Repository/MOH AND GRN/Page_KDMC - CMS/input_txtbatchno'

2018-05-14 13:32:46 - [MESSAGE][PASSED] - Text 'BA166.0' is set on object 'Object Repository/MOH AND GRN/Page_KDMC - CMS/input_txtbatchno'

2018-05-14 13:32:46 - [TEST_STEP][PASSED] - rightClick: Object: 'Object Repository/GRN/Page_KDMC - CMS/input_txtexpdate' is right clicked on

2018-05-14 13:32:56 - [MESSAGE][PASSED] - Object: 'Object Repository/GRN/Page_KDMC - CMS/input_txtexpdate' is right clicked on

2018-05-14 13:32:56 - [TEST_STEP][PASSED] - selectOptionByIndex: All options with index in [6] are selected on object 'Object Repository/GRN/Page_KDMC - CMS/select_20182019202020212022202'

2018-05-14 13:32:56 - [MESSAGE][PASSED] - All options with index in [6] are selected on object 'Object Repository/GRN/Page_KDMC - CMS/select_20182019202020212022202'

2018-05-14 13:32:56 - [TEST_STEP][PASSED] - selectOptionByIndex: All options with index in [6] are selected on object 'Object Repository/GRN/Page_KDMC - CMS/select_JanFebMarAprMayJunJulAu'

2018-05-14 13:32:56 - [MESSAGE][PASSED] - All options with index in [6] are selected on object 'Object Repository/GRN/Page_KDMC - CMS/select_JanFebMarAprMayJunJulAu'

2018-05-14 13:32:56 - [TEST_STEP][PASSED] - click: Object: 'Object Repository/MOH AND GRN/Page_KDMC - CMS/a_12' is clicked on

2018-05-14 13:33:01 - [MESSAGE][PASSED] - Object: 'Object Repository/MOH AND GRN/Page_KDMC - CMS/a_12' is clicked on

2018-05-14 13:33:01 - [TEST_STEP][PASSED] - click: Object: 'Object Repository/MOH AND GRN/Page_KDMC - CMS/input_btnadd' is clicked on

2018-05-14 13:33:07 - [MESSAGE][PASSED] - Object: 'Object Repository/MOH AND GRN/Page_KDMC - CMS/input_btnadd' is clicked on

2018-05-14 13:33:07 - [TEST_STEP][PASSED] - Statement - If (s == 10): null

2018-05-14 13:33:07 - [TEST_STEP][PASSED] - Statement - Else: null

2018-05-14 13:33:07 - [TEST_STEP][PASSED] - Statement - (s++): null

2018-05-14 13:33:07 - [TEST_STEP][PASSED] - delay: Delayed 1 second(s)

2018-05-14 13:33:08 - [MESSAGE][PASSED] - Delayed 1 second(s)

2018-05-14 13:33:08 - [TEST_STEP][PASSED] - selectOptionByIndex: All options with index in [47] are selected on object 'Object Repository/MOH AND GRN/Page_KDMC - CMS/select_--Select--Amikacin -500'

2018-05-14 13:33:08 - [MESSAGE][PASSED] - All options with index in [47] are selected on object 'Object Repository/MOH AND GRN/Page_KDMC - CMS/select_--Select--Amikacin -500'

2018-05-14 13:33:08 - [TEST_STEP][PASSED] - setText: Text '5000' is set on object 'Object Repository/MOH AND GRN/Page_KDMC - CMS/input_txtqty'

2018-05-14 13:33:08 - [MESSAGE][PASSED] - Text '5000' is set on object 'Object Repository/MOH AND GRN/Page_KDMC - CMS/input_txtqty'

2018-05-14 13:33:08 - [TEST_STEP][PASSED] - selectOptionByIndex: All options with index in [1] are selected on object 'Object Repository/MOH AND GRN/Page_KDMC - CMS/select_--Select--No Tax0'

2018-05-14 13:33:08 - [MESSAGE][PASSED] - All options with index in [1] are selected on object 'Object Repository/MOH AND GRN/Page_KDMC - CMS/select_--Select--No Tax0'

2018-05-14 13:33:08 - [TEST_STEP][PASSED] - setText: Finding Test Object with id 'Object Repository/MOH AND GRN/Page_KDMC - CMS/input_txtmrp'

2018-05-14 13:33:08 - [TEST_STEP][PASSED] - Statement - switch (id): Finding Test Object with id 'Object Repository/MOH AND GRN/Page_KDMC - CMS/input_txtdeal'

2018-05-14 13:33:08 - [TEST_STEP][PASSED] - Statement - case 4:: Text '45.0' is set on object 'Object Repository/MOH AND GRN/Page_KDMC - CMS/input_txtmrp'

2018-05-14 13:33:08 - [TEST_STEP][PASSED] - Statement - return (java.lang.Math.floor((java.lang.Math.random() * ((max - min) + 1))) + min): Text '45.0' is set on object 'Object Repository/MOH AND GRN/Page_KDMC - CMS/input_txtmrp'

2018-05-14 13:33:09 - [MESSAGE][PASSED] - Text '45.0' is set on object 'Object Repository/MOH AND GRN/Page_KDMC - CMS/input_txtmrp'

2018-05-14 13:33:09 - [TEST_STEP][PASSED] - setText: Finding Test Object with id 'Object Repository/MOH AND GRN/Page_KDMC - CMS/input_txtdeal'

2018-05-14 13:33:09 - [TEST_STEP][PASSED] - Statement - switch (id): Finding Test Object with id 'Object Repository/MOH AND GRN/Page_KDMC - CMS/input_txtbatchno'

2018-05-14 13:33:09 - [TEST_STEP][PASSED] - Statement - case 5:: Text '12.0' is set on object 'Object Repository/MOH AND GRN/Page_KDMC - CMS/input_txtdeal'

2018-05-14 13:33:09 - [TEST_STEP][PASSED] - Statement - return (java.lang.Math.floor((java.lang.Math.random() * ((max - min) + 1))) + min): Text '12.0' is set on object 'Object Repository/MOH AND GRN/Page_KDMC - CMS/input_txtdeal'

2018-05-14 13:33:09 - [MESSAGE][PASSED] - Text '12.0' is set on object 'Object Repository/MOH AND GRN/Page_KDMC - CMS/input_txtdeal'

2018-05-14 13:33:09 - [TEST_STEP][PASSED] - setText: Finding Test Object with id 'Object Repository/MOH AND GRN/Page_KDMC - CMS/input_txtbatchno'

2018-05-14 13:33:09 - [TEST_STEP][PASSED] - Statement - switch (id): Finding Test Object with id 'Object Repository/MOH AND GRN/Page_KDMC - CMS/input_txtmrp'

2018-05-14 13:33:09 - [TEST_STEP][PASSED] - Statement - case 1:: Text 'BA416.0' is set on object 'Object Repository/MOH AND GRN/Page_KDMC - CMS/input_txtbatchno'

2018-05-14 13:33:09 - [TEST_STEP][PASSED] - Statement - return (java.lang.Math.floor((java.lang.Math.random() * ((max - min) + 1))) + min): Text 'BA416.0' is set on object 'Object Repository/MOH AND GRN/Page_KDMC - CMS/input_txtbatchno'

2018-05-14 13:33:09 - [MESSAGE][PASSED] - Text 'BA416.0' is set on object 'Object Repository/MOH AND GRN/Page_KDMC - CMS/input_txtbatchno'

2018-05-14 13:33:09 - [TEST_STEP][PASSED] - rightClick: Object: 'Object Repository/GRN/Page_KDMC - CMS/input_txtexpdate' is right clicked on

2018-05-14 13:33:19 - [MESSAGE][PASSED] - Object: 'Object Repository/GRN/Page_KDMC - CMS/input_txtexpdate' is right clicked on

2018-05-14 13:33:19 - [TEST_STEP][PASSED] - selectOptionByIndex: All options with index in [7] are selected on object 'Object Repository/GRN/Page_KDMC - CMS/select_20182019202020212022202'

2018-05-14 13:33:19 - [MESSAGE][PASSED] - All options with index in [7] are selected on object 'Object Repository/GRN/Page_KDMC - CMS/select_20182019202020212022202'

2018-05-14 13:33:19 - [TEST_STEP][PASSED] - selectOptionByIndex: All options with index in [7] are selected on object 'Object Repository/GRN/Page_KDMC - CMS/select_JanFebMarAprMayJunJulAu'

2018-05-14 13:33:19 - [MESSAGE][PASSED] - All options with index in [7] are selected on object 'Object Repository/GRN/Page_KDMC - CMS/select_JanFebMarAprMayJunJulAu'

2018-05-14 13:33:19 - [TEST_STEP][PASSED] - click: Object: 'Object Repository/MOH AND GRN/Page_KDMC - CMS/a_12' is clicked on

2018-05-14 13:33:24 - [MESSAGE][PASSED] - Object: 'Object Repository/MOH AND GRN/Page_KDMC - CMS/a_12' is clicked on

2018-05-14 13:33:24 - [TEST_STEP][PASSED] - click: Object: 'Object Repository/MOH AND GRN/Page_KDMC - CMS/input_btnadd' is clicked on

2018-05-14 13:33:30 - [MESSAGE][PASSED] - Object: 'Object Repository/MOH AND GRN/Page_KDMC - CMS/input_btnadd' is clicked on

2018-05-14 13:33:30 - [TEST_STEP][PASSED] - Statement - If (s == 10): null

2018-05-14 13:33:30 - [TEST_STEP][PASSED] - Statement - Else: null

2018-05-14 13:33:30 - [TEST_STEP][PASSED] - Statement - (s++): null

2018-05-14 13:33:30 - [TEST_STEP][PASSED] - delay: Delayed 1 second(s)

2018-05-14 13:33:31 - [MESSAGE][PASSED] - Delayed 1 second(s)

2018-05-14 13:33:31 - [TEST_STEP][PASSED] - selectOptionByIndex: All options with index in [48] are selected on object 'Object Repository/MOH AND GRN/Page_KDMC - CMS/select_--Select--Amikacin -500'

2018-05-14 13:33:31 - [MESSAGE][PASSED] - All options with index in [48] are selected on object 'Object Repository/MOH AND GRN/Page_KDMC - CMS/select_--Select--Amikacin -500'

2018-05-14 13:33:31 - [TEST_STEP][PASSED] - setText: Text '5000' is set on object 'Object Repository/MOH AND GRN/Page_KDMC - CMS/input_txtqty'

2018-05-14 13:33:31 - [MESSAGE][PASSED] - Text '5000' is set on object 'Object Repository/MOH AND GRN/Page_KDMC - CMS/input_txtqty'

2018-05-14 13:33:31 - [TEST_STEP][PASSED] - selectOptionByIndex: All options with index in [1] are selected on object 'Object Repository/MOH AND GRN/Page_KDMC - CMS/select_--Select--No Tax0'

2018-05-14 13:33:32 - [MESSAGE][PASSED] - All options with index in [1] are selected on object 'Object Repository/MOH AND GRN/Page_KDMC - CMS/select_--Select--No Tax0'

2018-05-14 13:33:32 - [TEST_STEP][PASSED] - setText: Finding Test Object with id 'Object Repository/MOH AND GRN/Page_KDMC - CMS/input_txtmrp'

2018-05-14 13:33:32 - [TEST_STEP][PASSED] - Statement - switch (id): Finding Test Object with id 'Object Repository/MOH AND GRN/Page_KDMC - CMS/input_txtdeal'

2018-05-14 13:33:32 - [TEST_STEP][PASSED] - Statement - case 4:: Text '19.0' is set on object 'Object Repository/MOH AND GRN/Page_KDMC - CMS/input_txtmrp'

2018-05-14 13:33:32 - [TEST_STEP][PASSED] - Statement - return (java.lang.Math.floor((java.lang.Math.random() * ((max - min) + 1))) + min): Text '19.0' is set on object 'Object Repository/MOH AND GRN/Page_KDMC - CMS/input_txtmrp'

2018-05-14 13:33:32 - [MESSAGE][PASSED] - Text '19.0' is set on object 'Object Repository/MOH AND GRN/Page_KDMC - CMS/input_txtmrp'

2018-05-14 13:33:32 - [TEST_STEP][PASSED] - setText: Finding Test Object with id 'Object Repository/MOH AND GRN/Page_KDMC - CMS/input_txtdeal'

2018-05-14 13:33:32 - [TEST_STEP][PASSED] - Statement - switch (id): Finding Test Object with id 'Object Repository/MOH AND GRN/Page_KDMC - CMS/input_txtbatchno'

2018-05-14 13:33:32 - [TEST_STEP][PASSED] - Statement - case 5:: Text '5.0' is set on object 'Object Repository/MOH AND GRN/Page_KDMC - CMS/input_txtdeal'

2018-05-14 13:33:32 - [TEST_STEP][PASSED] - Statement - return (java.lang.Math.floor((java.lang.Math.random() * ((max - min) + 1))) + min): Text '5.0' is set on object 'Object Repository/MOH AND GRN/Page_KDMC - CMS/input_txtdeal'

2018-05-14 13:33:32 - [MESSAGE][PASSED] - Text '5.0' is set on object 'Object Repository/MOH AND GRN/Page_KDMC - CMS/input_txtdeal'

2018-05-14 13:33:32 - [TEST_STEP][PASSED] - setText: Finding Test Object with id 'Object Repository/MOH AND GRN/Page_KDMC - CMS/input_txtbatchno'

2018-05-14 13:33:32 - [TEST_STEP][PASSED] - Statement - switch (id): Finding Test Object with id 'Object Repository/MOH AND GRN/Page_KDMC - CMS/input_txtmrp'

2018-05-14 13:33:32 - [TEST_STEP][PASSED] - Statement - case 1:: Text 'BA344.0' is set on object 'Object Repository/MOH AND GRN/Page_KDMC - CMS/input_txtbatchno'

2018-05-14 13:33:32 - [TEST_STEP][PASSED] - Statement - return (java.lang.Math.floor((java.lang.Math.random() * ((max - min) + 1))) + min): Text 'BA344.0' is set on object 'Object Repository/MOH AND GRN/Page_KDMC - CMS/input_txtbatchno'

2018-05-14 13:33:32 - [MESSAGE][PASSED] - Text 'BA344.0' is set on object 'Object Repository/MOH AND GRN/Page_KDMC - CMS/input_txtbatchno'

2018-05-14 13:33:32 - [TEST_STEP][PASSED] - rightClick: Object: 'Object Repository/GRN/Page_KDMC - CMS/input_txtexpdate' is right clicked on

2018-05-14 13:33:42 - [MESSAGE][PASSED] - Object: 'Object Repository/GRN/Page_KDMC - CMS/input_txtexpdate' is right clicked on

2018-05-14 13:33:42 - [TEST_STEP][PASSED] - selectOptionByIndex: All options with index in [8] are selected on object 'Object Repository/GRN/Page_KDMC - CMS/select_20182019202020212022202'

2018-05-14 13:33:42 - [MESSAGE][PASSED] - All options with index in [8] are selected on object 'Object Repository/GRN/Page_KDMC - CMS/select_20182019202020212022202'

2018-05-14 13:33:42 - [TEST_STEP][PASSED] - selectOptionByIndex: All options with index in [8] are selected on object 'Object Repository/GRN/Page_KDMC - CMS/select_JanFebMarAprMayJunJulAu'

2018-05-14 13:33:43 - [MESSAGE][PASSED] - All options with index in [8] are selected on object 'Object Repository/GRN/Page_KDMC - CMS/select_JanFebMarAprMayJunJulAu'

2018-05-14 13:33:43 - [TEST_STEP][PASSED] - click: Object: 'Object Repository/MOH AND GRN/Page_KDMC - CMS/a_12' is clicked on

2018-05-14 13:33:48 - [MESSAGE][PASSED] - Object: 'Object Repository/MOH AND GRN/Page_KDMC - CMS/a_12' is clicked on

2018-05-14 13:33:48 - [TEST_STEP][PASSED] - click: Object: 'Object Repository/MOH AND GRN/Page_KDMC - CMS/input_btnadd' is clicked on

2018-05-14 13:33:53 - [MESSAGE][PASSED] - Object: 'Object Repository/MOH AND GRN/Page_KDMC - CMS/input_btnadd' is clicked on

2018-05-14 13:33:53 - [TEST_STEP][PASSED] - Statement - If (s == 10): null

2018-05-14 13:33:53 - [TEST_STEP][PASSED] - Statement - Else: null

2018-05-14 13:33:53 - [TEST_STEP][PASSED] - Statement - (s++): null

2018-05-14 13:33:53 - [TEST_STEP][PASSED] - delay: Delayed 1 second(s)

2018-05-14 13:33:54 - [MESSAGE][PASSED] - Delayed 1 second(s)

2018-05-14 13:33:54 - [TEST_STEP][PASSED] - selectOptionByIndex: All options with index in [49] are selected on object 'Object Repository/MOH AND GRN/Page_KDMC - CMS/select_--Select--Amikacin -500'

2018-05-14 13:33:54 - [MESSAGE][PASSED] - All options with index in [49] are selected on object 'Object Repository/MOH AND GRN/Page_KDMC - CMS/select_--Select--Amikacin -500'

2018-05-14 13:33:54 - [TEST_STEP][PASSED] - setText: Text '5000' is set on object 'Object Repository/MOH AND GRN/Page_KDMC - CMS/input_txtqty'

2018-05-14 13:33:55 - [MESSAGE][PASSED] - Text '5000' is set on object 'Object Repository/MOH AND GRN/Page_KDMC - CMS/input_txtqty'

2018-05-14 13:33:55 - [TEST_STEP][PASSED] - selectOptionByIndex: All options with index in [1] are selected on object 'Object Repository/MOH AND GRN/Page_KDMC - CMS/select_--Select--No Tax0'

2018-05-14 13:33:55 - [MESSAGE][PASSED] - All options with index in [1] are selected on object 'Object Repository/MOH AND GRN/Page_KDMC - CMS/select_--Select--No Tax0'

2018-05-14 13:33:55 - [TEST_STEP][PASSED] - setText: Finding Test Object with id 'Object Repository/MOH AND GRN/Page_KDMC - CMS/input_txtmrp'

2018-05-14 13:33:55 - [TEST_STEP][PASSED] - Statement - switch (id): Finding Test Object with id 'Object Repository/MOH AND GRN/Page_KDMC - CMS/input_txtdeal'

2018-05-14 13:33:55 - [TEST_STEP][PASSED] - Statement - case 4:: Text '34.0' is set on object 'Object Repository/MOH AND GRN/Page_KDMC - CMS/input_txtmrp'

2018-05-14 13:33:55 - [TEST_STEP][PASSED] - Statement - return (java.lang.Math.floor((java.lang.Math.random() * ((max - min) + 1))) + min): Text '34.0' is set on object 'Object Repository/MOH AND GRN/Page_KDMC - CMS/input_txtmrp'

2018-05-14 13:33:55 - [MESSAGE][PASSED] - Text '34.0' is set on object 'Object Repository/MOH AND GRN/Page_KDMC - CMS/input_txtmrp'

2018-05-14 13:33:55 - [TEST_STEP][PASSED] - setText: Finding Test Object with id 'Object Repository/MOH AND GRN/Page_KDMC - CMS/input_txtdeal'

2018-05-14 13:33:55 - [TEST_STEP][PASSED] - Statement - switch (id): Finding Test Object with id 'Object Repository/MOH AND GRN/Page_KDMC - CMS/input_txtbatchno'

2018-05-14 13:33:55 - [TEST_STEP][PASSED] - Statement - case 5:: Text '8.0' is set on object 'Object Repository/MOH AND GRN/Page_KDMC - CMS/input_txtdeal'

2018-05-14 13:33:55 - [TEST_STEP][PASSED] - Statement - return (java.lang.Math.floor((java.lang.Math.random() * ((max - min) + 1))) + min): Text '8.0' is set on object 'Object Repository/MOH AND GRN/Page_KDMC - CMS/input_txtdeal'

2018-05-14 13:33:55 - [MESSAGE][PASSED] - Text '8.0' is set on object 'Object Repository/MOH AND GRN/Page_KDMC - CMS/input_txtdeal'

2018-05-14 13:33:55 - [TEST_STEP][PASSED] - setText: Finding Test Object with id 'Object Repository/MOH AND GRN/Page_KDMC - CMS/input_txtbatchno'

2018-05-14 13:33:55 - [TEST_STEP][PASSED] - Statement - switch (id): Finding Test Object with id 'Object Repository/MOH AND GRN/Page_KDMC - CMS/input_txtmrp'

2018-05-14 13:33:55 - [TEST_STEP][PASSED] - Statement - case 1:: Text 'BA635.0' is set on object 'Object Repository/MOH AND GRN/Page_KDMC - CMS/input_txtbatchno'

2018-05-14 13:33:55 - [TEST_STEP][PASSED] - Statement - return (java.lang.Math.floor((java.lang.Math.random() * ((max - min) + 1))) + min): Text 'BA635.0' is set on object 'Object Repository/MOH AND GRN/Page_KDMC - CMS/input_txtbatchno'

2018-05-14 13:33:55 - [MESSAGE][PASSED] - Text 'BA635.0' is set on object 'Object Repository/MOH AND GRN/Page_KDMC - CMS/input_txtbatchno'

2018-05-14 13:33:55 - [TEST_STEP][PASSED] - rightClick: Object: 'Object Repository/GRN/Page_KDMC - CMS/input_txtexpdate' is right clicked on

2018-05-14 13:34:05 - [MESSAGE][PASSED] - Object: 'Object Repository/GRN/Page_KDMC - CMS/input_txtexpdate' is right clicked on

2018-05-14 13:34:05 - [TEST_STEP][PASSED] - selectOptionByIndex: All options with index in [9] are selected on object 'Object Repository/GRN/Page_KDMC - CMS/select_20182019202020212022202'

2018-05-14 13:34:05 - [MESSAGE][PASSED] - All options with index in [9] are selected on object 'Object Repository/GRN/Page_KDMC - CMS/select_20182019202020212022202'

2018-05-14 13:34:05 - [TEST_STEP][PASSED] - selectOptionByIndex: All options with index in [9] are selected on object 'Object Repository/GRN/Page_KDMC - CMS/select_JanFebMarAprMayJunJulAu'

2018-05-14 13:34:06 - [MESSAGE][PASSED] - All options with index in [9] are selected on object 'Object Repository/GRN/Page_KDMC - CMS/select_JanFebMarAprMayJunJulAu'

2018-05-14 13:34:06 - [TEST_STEP][PASSED] - click: Object: 'Object Repository/MOH AND GRN/Page_KDMC - CMS/a_12' is clicked on

2018-05-14 13:34:11 - [MESSAGE][PASSED] - Object: 'Object Repository/MOH AND GRN/Page_KDMC - CMS/a_12' is clicked on

2018-05-14 13:34:11 - [TEST_STEP][PASSED] - click: Object: 'Object Repository/MOH AND GRN/Page_KDMC - CMS/input_btnadd' is clicked on

2018-05-14 13:34:16 - [MESSAGE][PASSED] - Object: 'Object Repository/MOH AND GRN/Page_KDMC - CMS/input_btnadd' is clicked on

2018-05-14 13:34:16 - [TEST_STEP][PASSED] - Statement - If (s == 10): null

2018-05-14 13:34:16 - [TEST_STEP][PASSED] - Statement - Else: null

2018-05-14 13:34:16 - [TEST_STEP][PASSED] - Statement - (s++): null

2018-05-14 13:34:16 - [TEST_STEP][PASSED] - delay: Delayed 1 second(s)

2018-05-14 13:34:17 - [MESSAGE][PASSED] - Delayed 1 second(s)

2018-05-14 13:34:17 - [TEST_STEP][PASSED] - selectOptionByIndex: All options with index in [50] are selected on object 'Object Repository/MOH AND GRN/Page_KDMC - CMS/select_--Select--Amikacin -500'

2018-05-14 13:34:18 - [MESSAGE][PASSED] - All options with index in [50] are selected on object 'Object Repository/MOH AND GRN/Page_KDMC - CMS/select_--Select--Amikacin -500'

2018-05-14 13:34:18 - [TEST_STEP][PASSED] - setText: Text '5000' is set on object 'Object Repository/MOH AND GRN/Page_KDMC - CMS/input_txtqty'

2018-05-14 13:34:18 - [MESSAGE][PASSED] - Text '5000' is set on object 'Object Repository/MOH AND GRN/Page_KDMC - CMS/input_txtqty'

2018-05-14 13:34:18 - [TEST_STEP][PASSED] - selectOptionByIndex: All options with index in [1] are selected on object 'Object Repository/MOH AND GRN/Page_KDMC - CMS/select_--Select--No Tax0'

2018-05-14 13:34:18 - [MESSAGE][PASSED] - All options with index in [1] are selected on object 'Object Repository/MOH AND GRN/Page_KDMC - CMS/select_--Select--No Tax0'

2018-05-14 13:34:18 - [TEST_STEP][PASSED] - setText: Finding Test Object with id 'Object Repository/MOH AND GRN/Page_KDMC - CMS/input_txtmrp'

2018-05-14 13:34:18 - [TEST_STEP][PASSED] - Statement - switch (id): Finding Test Object with id 'Object Repository/MOH AND GRN/Page_KDMC - CMS/input_txtdeal'

2018-05-14 13:34:18 - [TEST_STEP][PASSED] - Statement - case 4:: Text '38.0' is set on object 'Object Repository/MOH AND GRN/Page_KDMC - CMS/input_txtmrp'

2018-05-14 13:34:18 - [TEST_STEP][PASSED] - Statement - return (java.lang.Math.floor((java.lang.Math.random() * ((max - min) + 1))) + min): Text '38.0' is set on object 'Object Repository/MOH AND GRN/Page_KDMC - CMS/input_txtmrp'

2018-05-14 13:34:18 - [MESSAGE][PASSED] - Text '38.0' is set on object 'Object Repository/MOH AND GRN/Page_KDMC - CMS/input_txtmrp'

2018-05-14 13:34:18 - [TEST_STEP][PASSED] - setText: Finding Test Object with id 'Object Repository/MOH AND GRN/Page_KDMC - CMS/input_txtdeal'

2018-05-14 13:34:18 - [TEST_STEP][PASSED] - Statement - switch (id): Finding Test Object with id 'Object Repository/MOH AND GRN/Page_KDMC - CMS/input_txtbatchno'

2018-05-14 13:34:18 - [TEST_STEP][PASSED] - Statement - case 5:: Text '4.0' is set on object 'Object Repository/MOH AND GRN/Page_KDMC - CMS/input_txtdeal'

2018-05-14 13:34:18 - [TEST_STEP][PASSED] - Statement - return (java.lang.Math.floor((java.lang.Math.random() * ((max - min) + 1))) + min): Text '4.0' is set on object 'Object Repository/MOH AND GRN/Page_KDMC - CMS/input_txtdeal'

2018-05-14 13:34:18 - [MESSAGE][PASSED] - Text '4.0' is set on object 'Object Repository/MOH AND GRN/Page_KDMC - CMS/input_txtdeal'

2018-05-14 13:34:18 - [TEST_STEP][PASSED] - setText: Finding Test Object with id 'Object Repository/MOH AND GRN/Page_KDMC - CMS/input_txtbatchno'

2018-05-14 13:34:18 - [TEST_STEP][PASSED] - Statement - switch (id): Finding Test Object with id 'Object Repository/MOH AND GRN/Page_KDMC - CMS/input_txtmrp'

2018-05-14 13:34:18 - [TEST_STEP][PASSED] - Statement - case 1:: Text 'BA843.0' is set on object 'Object Repository/MOH AND GRN/Page_KDMC - CMS/input_txtbatchno'

2018-05-14 13:34:18 - [TEST_STEP][PASSED] - Statement - return (java.lang.Math.floor((java.lang.Math.random() * ((max - min) + 1))) + min): Text 'BA843.0' is set on object 'Object Repository/MOH AND GRN/Page_KDMC - CMS/input_txtbatchno'

2018-05-14 13:34:18 - [MESSAGE][PASSED] - Text 'BA843.0' is set on object 'Object Repository/MOH AND GRN/Page_KDMC - CMS/input_txtbatchno'

2018-05-14 13:34:18 - [TEST_STEP][PASSED] - rightClick: Object: 'Object Repository/GRN/Page_KDMC - CMS/input_txtexpdate' is right clicked on

2018-05-14 13:34:22 - [MESSAGE][PASSED] - Object: 'Object Repository/GRN/Page_KDMC - CMS/input_txtexpdate' is right clicked on

2018-05-14 13:34:22 - [TEST_STEP][PASSED] - selectOptionByIndex: All options with index in [10] are selected on object 'Object Repository/GRN/Page_KDMC - CMS/select_20182019202020212022202'

2018-05-14 13:34:22 - [MESSAGE][PASSED] - All options with index in [10] are selected on object 'Object Repository/GRN/Page_KDMC - CMS/select_20182019202020212022202'

2018-05-14 13:34:22 - [TEST_STEP][PASSED] - selectOptionByIndex: All options with index in [10] are selected on object 'Object Repository/GRN/Page_KDMC - CMS/select_JanFebMarAprMayJunJulAu'

2018-05-14 13:34:23 - [MESSAGE][PASSED] - All options with index in [10] are selected on object 'Object Repository/GRN/Page_KDMC - CMS/select_JanFebMarAprMayJunJulAu'

2018-05-14 13:34:23 - [TEST_STEP][PASSED] - click: Object: 'Object Repository/MOH AND GRN/Page_KDMC - CMS/a_12' is clicked on

2018-05-14 13:34:23 - [MESSAGE][PASSED] - Object: 'Object Repository/MOH AND GRN/Page_KDMC - CMS/a_12' is clicked on

2018-05-14 13:34:23 - [TEST_STEP][PASSED] - click: Object: 'Object Repository/MOH AND GRN/Page_KDMC - CMS/input_btnadd' is clicked on

2018-05-14 13:34:23 - [MESSAGE][PASSED] - Object: 'Object Repository/MOH AND GRN/Page_KDMC - CMS/input_btnadd' is clicked on

2018-05-14 13:34:23 - [TEST_STEP][PASSED] - Statement - If (s == 10): null

2018-05-14 13:34:23 - [TEST_STEP][PASSED] - Statement - s = 1: null

2018-05-14 13:34:23 - [TEST_STEP][PASSED] - delay: Delayed 1 second(s)

2018-05-14 13:34:24 - [MESSAGE][PASSED] - Delayed 1 second(s)

2018-05-14 13:34:24 - [TEST_STEP][PASSED] - selectOptionByIndex: All options with index in [51] are selected on object 'Object Repository/MOH AND GRN/Page_KDMC - CMS/select_--Select--Amikacin -500'

2018-05-14 13:34:24 - [MESSAGE][PASSED] - All options with index in [51] are selected on object 'Object Repository/MOH AND GRN/Page_KDMC - CMS/select_--Select--Amikacin -500'

2018-05-14 13:34:24 - [TEST_STEP][PASSED] - setText: Text '5000' is set on object 'Object Repository/MOH AND GRN/Page_KDMC - CMS/input_txtqty'

2018-05-14 13:34:25 - [MESSAGE][PASSED] - Text '5000' is set on object 'Object Repository/MOH AND GRN/Page_KDMC - CMS/input_txtqty'

2018-05-14 13:34:25 - [TEST_STEP][PASSED] - selectOptionByIndex: All options with index in [1] are selected on object 'Object Repository/MOH AND GRN/Page_KDMC - CMS/select_--Select--No Tax0'

2018-05-14 13:34:25 - [MESSAGE][PASSED] - All options with index in [1] are selected on object 'Object Repository/MOH AND GRN/Page_KDMC - CMS/select_--Select--No Tax0'

2018-05-14 13:34:25 - [TEST_STEP][PASSED] - setText: Finding Test Object with id 'Object Repository/MOH AND GRN/Page_KDMC - CMS/input_txtmrp'

2018-05-14 13:34:25 - [TEST_STEP][PASSED] - Statement - switch (id): Finding Test Object with id 'Object Repository/MOH AND GRN/Page_KDMC - CMS/input_txtdeal'

2018-05-14 13:34:25 - [TEST_STEP][PASSED] - Statement - case 4:: Text '42.0' is set on object 'Object Repository/MOH AND GRN/Page_KDMC - CMS/input_txtmrp'

2018-05-14 13:34:25 - [TEST_STEP][PASSED] - Statement - return (java.lang.Math.floor((java.lang.Math.random() * ((max - min) + 1))) + min): Text '42.0' is set on object 'Object Repository/MOH AND GRN/Page_KDMC - CMS/input_txtmrp'

2018-05-14 13:34:25 - [MESSAGE][PASSED] - Text '42.0' is set on object 'Object Repository/MOH AND GRN/Page_KDMC - CMS/input_txtmrp'

2018-05-14 13:34:25 - [TEST_STEP][PASSED] - setText: Finding Test Object with id 'Object Repository/MOH AND GRN/Page_KDMC - CMS/input_txtdeal'

2018-05-14 13:34:25 - [TEST_STEP][PASSED] - Statement - switch (id): Finding Test Object with id 'Object Repository/MOH AND GRN/Page_KDMC - CMS/input_txtbatchno'

2018-05-14 13:34:25 - [TEST_STEP][PASSED] - Statement - case 5:: Text '1.0' is set on object 'Object Repository/MOH AND GRN/Page_KDMC - CMS/input_txtdeal'

2018-05-14 13:34:25 - [TEST_STEP][PASSED] - Statement - return (java.lang.Math.floor((java.lang.Math.random() * ((max - min) + 1))) + min): Text '1.0' is set on object 'Object Repository/MOH AND GRN/Page_KDMC - CMS/input_txtdeal'

2018-05-14 13:34:25 - [MESSAGE][PASSED] - Text '1.0' is set on object 'Object Repository/MOH AND GRN/Page_KDMC - CMS/input_txtdeal'

2018-05-14 13:34:25 - [TEST_STEP][PASSED] - setText: Finding Test Object with id 'Object Repository/MOH AND GRN/Page_KDMC - CMS/input_txtbatchno'

2018-05-14 13:34:25 - [TEST_STEP][PASSED] - Statement - switch (id): Finding Test Object with id 'Object Repository/MOH AND GRN/Page_KDMC - CMS/input_txtmrp'

2018-05-14 13:34:25 - [TEST_STEP][PASSED] - Statement - case 1:: Text 'BA648.0' is set on object 'Object Repository/MOH AND GRN/Page_KDMC - CMS/input_txtbatchno'

2018-05-14 13:34:25 - [TEST_STEP][PASSED] - Statement - return (java.lang.Math.floor((java.lang.Math.random() * ((max - min) + 1))) + min): Text 'BA648.0' is set on object 'Object Repository/MOH AND GRN/Page_KDMC - CMS/input_txtbatchno'

2018-05-14 13:34:25 - [MESSAGE][PASSED] - Text 'BA648.0' is set on object 'Object Repository/MOH AND GRN/Page_KDMC - CMS/input_txtbatchno'

2018-05-14 13:34:25 - [TEST_STEP][PASSED] - rightClick: Object: 'Object Repository/GRN/Page_KDMC - CMS/input_txtexpdate' is right clicked on

2018-05-14 13:34:25 - [MESSAGE][PASSED] - Object: 'Object Repository/GRN/Page_KDMC - CMS/input_txtexpdate' is right clicked on

2018-05-14 13:34:25 - [TEST_STEP][PASSED] - selectOptionByIndex: All options with index in [1] are selected on object 'Object Repository/GRN/Page_KDMC - CMS/select_20182019202020212022202'

2018-05-14 13:34:25 - [MESSAGE][PASSED] - All options with index in [1] are selected on object 'Object Repository/GRN/Page_KDMC - CMS/select_20182019202020212022202'

2018-05-14 13:34:25 - [TEST_STEP][PASSED] - selectOptionByIndex: All options with index in [1] are selected on object 'Object Repository/GRN/Page_KDMC - CMS/select_JanFebMarAprMayJunJulAu'

2018-05-14 13:34:25 - [MESSAGE][PASSED] - All options with index in [1] are selected on object 'Object Repository/GRN/Page_KDMC - CMS/select_JanFebMarAprMayJunJulAu'

2018-05-14 13:34:25 - [TEST_STEP][PASSED] - click: Object: 'Object Repository/MOH AND GRN/Page_KDMC - CMS/a_12' is clicked on

2018-05-14 13:34:26 - [MESSAGE][PASSED] - Object: 'Object Repository/MOH AND GRN/Page_KDMC - CMS/a_12' is clicked on

2018-05-14 13:34:26 - [TEST_STEP][PASSED] - click: Object: 'Object Repository/MOH AND GRN/Page_KDMC - CMS/input_btnadd' is clicked on

2018-05-14 13:34:26 - [MESSAGE][PASSED] - Object: 'Object Repository/MOH AND GRN/Page_KDMC - CMS/input_btnadd' is clicked on

2018-05-14 13:34:26 - [TEST_STEP][PASSED] - Statement - If (s == 10): null

2018-05-14 13:34:26 - [TEST_STEP][PASSED] - Statement - Else: null

2018-05-14 13:34:26 - [TEST_STEP][PASSED] - Statement - (s++): null

2018-05-14 13:34:26 - [TEST_STEP][PASSED] - delay: Delayed 1 second(s)

2018-05-14 13:34:27 - [MESSAGE][PASSED] - Delayed 1 second(s)

2018-05-14 13:34:27 - [TEST_STEP][PASSED] - selectOptionByIndex: All options with index in [52] are selected on object 'Object Repository/MOH AND GRN/Page_KDMC - CMS/select_--Select--Amikacin -500'

2018-05-14 13:34:27 - [MESSAGE][PASSED] - All options with index in [52] are selected on object 'Object Repository/MOH AND GRN/Page_KDMC - CMS/select_--Select--Amikacin -500'

2018-05-14 13:34:27 - [TEST_STEP][PASSED] - setText: Text '5000' is set on object 'Object Repository/MOH AND GRN/Page_KDMC - CMS/input_txtqty'

2018-05-14 13:34:27 - [MESSAGE][PASSED] - Text '5000' is set on object 'Object Repository/MOH AND GRN/Page_KDMC - CMS/input_txtqty'

2018-05-14 13:34:27 - [TEST_STEP][PASSED] - selectOptionByIndex: All options with index in [1] are selected on object 'Object Repository/MOH AND GRN/Page_KDMC - CMS/select_--Select--No Tax0'

2018-05-14 13:34:28 - [MESSAGE][PASSED] - All options with index in [1] are selected on object 'Object Repository/MOH AND GRN/Page_KDMC - CMS/select_--Select--No Tax0'

2018-05-14 13:34:28 - [TEST_STEP][PASSED] - setText: Finding Test Object with id 'Object Repository/MOH AND GRN/Page_KDMC - CMS/input_txtmrp'

2018-05-14 13:34:28 - [TEST_STEP][PASSED] - Statement - switch (id): Finding Test Object with id 'Object Repository/MOH AND GRN/Page_KDMC - CMS/input_txtdeal'

2018-05-14 13:34:28 - [TEST_STEP][PASSED] - Statement - case 4:: Text '40.0' is set on object 'Object Repository/MOH AND GRN/Page_KDMC - CMS/input_txtmrp'

2018-05-14 13:34:28 - [TEST_STEP][PASSED] - Statement - return (java.lang.Math.floor((java.lang.Math.random() * ((max - min) + 1))) + min): Text '40.0' is set on object 'Object Repository/MOH AND GRN/Page_KDMC - CMS/input_txtmrp'

2018-05-14 13:34:28 - [MESSAGE][PASSED] - Text '40.0' is set on object 'Object Repository/MOH AND GRN/Page_KDMC - CMS/input_txtmrp'

2018-05-14 13:34:28 - [TEST_STEP][PASSED] - setText: Finding Test Object with id 'Object Repository/MOH AND GRN/Page_KDMC - CMS/input_txtdeal'

2018-05-14 13:34:28 - [TEST_STEP][PASSED] - Statement - switch (id): Finding Test Object with id 'Object Repository/MOH AND GRN/Page_KDMC - CMS/input_txtbatchno'

2018-05-14 13:34:28 - [TEST_STEP][PASSED] - Statement - case 5:: Text '9.0' is set on object 'Object Repository/MOH AND GRN/Page_KDMC - CMS/input_txtdeal'

2018-05-14 13:34:28 - [TEST_STEP][PASSED] - Statement - return (java.lang.Math.floor((java.lang.Math.random() * ((max - min) + 1))) + min): Text '9.0' is set on object 'Object Repository/MOH AND GRN/Page_KDMC - CMS/input_txtdeal'

2018-05-14 13:34:28 - [MESSAGE][PASSED] - Text '9.0' is set on object 'Object Repository/MOH AND GRN/Page_KDMC - CMS/input_txtdeal'

2018-05-14 13:34:28 - [TEST_STEP][PASSED] - setText: Finding Test Object with id 'Object Repository/MOH AND GRN/Page_KDMC - CMS/input_txtbatchno'

2018-05-14 13:34:28 - [TEST_STEP][PASSED] - Statement - switch (id): Finding Test Object with id 'Object Repository/MOH AND GRN/Page_KDMC - CMS/input_txtmrp'

2018-05-14 13:34:28 - [TEST_STEP][PASSED] - Statement - case 1:: Text 'BA56.0' is set on object 'Object Repository/MOH AND GRN/Page_KDMC - CMS/input_txtbatchno'

2018-05-14 13:34:28 - [TEST_STEP][PASSED] - Statement - return (java.lang.Math.floor((java.lang.Math.random() * ((max - min) + 1))) + min): Text 'BA56.0' is set on object 'Object Repository/MOH AND GRN/Page_KDMC - CMS/input_txtbatchno'

2018-05-14 13:34:28 - [MESSAGE][PASSED] - Text 'BA56.0' is set on object 'Object Repository/MOH AND GRN/Page_KDMC - CMS/input_txtbatchno'

2018-05-14 13:34:28 - [TEST_STEP][PASSED] - rightClick: Object: 'Object Repository/GRN/Page_KDMC - CMS/input_txtexpdate' is right clicked on

2018-05-14 13:34:28 - [MESSAGE][PASSED] - Object: 'Object Repository/GRN/Page_KDMC - CMS/input_txtexpdate' is right clicked on

2018-05-14 13:34:28 - [TEST_STEP][PASSED] - selectOptionByIndex: All options with index in [2] are selected on object 'Object Repository/GRN/Page_KDMC - CMS/select_20182019202020212022202'

2018-05-14 13:34:28 - [MESSAGE][PASSED] - All options with index in [2] are selected on object 'Object Repository/GRN/Page_KDMC - CMS/select_20182019202020212022202'

2018-05-14 13:34:28 - [TEST_STEP][PASSED] - selectOptionByIndex: All options with index in [2] are selected on object 'Object Repository/GRN/Page_KDMC - CMS/select_JanFebMarAprMayJunJulAu'

2018-05-14 13:34:28 - [MESSAGE][PASSED] - All options with index in [2] are selected on object 'Object Repository/GRN/Page_KDMC - CMS/select_JanFebMarAprMayJunJulAu'

2018-05-14 13:34:28 - [TEST_STEP][PASSED] - click: Object: 'Object Repository/MOH AND GRN/Page_KDMC - CMS/a_12' is clicked on

2018-05-14 13:34:28 - [MESSAGE][PASSED] - Object: 'Object Repository/MOH AND GRN/Page_KDMC - CMS/a_12' is clicked on

2018-05-14 13:34:28 - [TEST_STEP][PASSED] - click: Object: 'Object Repository/MOH AND GRN/Page_KDMC - CMS/input_btnadd' is clicked on

2018-05-14 13:34:29 - [MESSAGE][PASSED] - Object: 'Object Repository/MOH AND GRN/Page_KDMC - CMS/input_btnadd' is clicked on

2018-05-14 13:34:29 - [TEST_STEP][PASSED] - Statement - If (s == 10): null

2018-05-14 13:34:29 - [TEST_STEP][PASSED] - Statement - Else: null

2018-05-14 13:34:29 - [TEST_STEP][PASSED] - Statement - (s++): null

2018-05-14 13:34:29 - [TEST_STEP][PASSED] - delay: Delayed 1 second(s)

2018-05-14 13:34:30 - [MESSAGE][PASSED] - Delayed 1 second(s)

2018-05-14 13:34:30 - [TEST_STEP][PASSED] - selectOptionByIndex: All options with index in [53] are selected on object 'Object Repository/MOH AND GRN/Page_KDMC - CMS/select_--Select--Amikacin -500'

2018-05-14 13:34:30 - [MESSAGE][PASSED] - All options with index in [53] are selected on object 'Object Repository/MOH AND GRN/Page_KDMC - CMS/select_--Select--Amikacin -500'

2018-05-14 13:34:30 - [TEST_STEP][PASSED] - setText: Text '5000' is set on object 'Object Repository/MOH AND GRN/Page_KDMC - CMS/input_txtqty'

2018-05-14 13:34:30 - [MESSAGE][PASSED] - Text '5000' is set on object 'Object Repository/MOH AND GRN/Page_KDMC - CMS/input_txtqty'

2018-05-14 13:34:30 - [TEST_STEP][PASSED] - selectOptionByIndex: All options with index in [1] are selected on object 'Object Repository/MOH AND GRN/Page_KDMC - CMS/select_--Select--No Tax0'

2018-05-14 13:34:30 - [MESSAGE][PASSED] - All options with index in [1] are selected on object 'Object Repository/MOH AND GRN/Page_KDMC - CMS/select_--Select--No Tax0'

2018-05-14 13:34:30 - [TEST_STEP][PASSED] - setText: Finding Test Object with id 'Object Repository/MOH AND GRN/Page_KDMC - CMS/input_txtmrp'

2018-05-14 13:34:30 - [TEST_STEP][PASSED] - Statement - switch (id): Finding Test Object with id 'Object Repository/MOH AND GRN/Page_KDMC - CMS/input_txtdeal'

2018-05-14 13:34:30 - [TEST_STEP][PASSED] - Statement - case 4:: Text '24.0' is set on object 'Object Repository/MOH AND GRN/Page_KDMC - CMS/input_txtmrp'

2018-05-14 13:34:30 - [TEST_STEP][PASSED] - Statement - return (java.lang.Math.floor((java.lang.Math.random() * ((max - min) + 1))) + min): Text '24.0' is set on object 'Object Repository/MOH AND GRN/Page_KDMC - CMS/input_txtmrp'

2018-05-14 13:34:31 - [MESSAGE][PASSED] - Text '24.0' is set on object 'Object Repository/MOH AND GRN/Page_KDMC - CMS/input_txtmrp'

2018-05-14 13:34:31 - [TEST_STEP][PASSED] - setText: Finding Test Object with id 'Object Repository/MOH AND GRN/Page_KDMC - CMS/input_txtdeal'

2018-05-14 13:34:31 - [TEST_STEP][PASSED] - Statement - switch (id): Finding Test Object with id 'Object Repository/MOH AND GRN/Page_KDMC - CMS/input_txtbatchno'

2018-05-14 13:34:31 - [TEST_STEP][PASSED] - Statement - case 5:: Text '10.0' is set on object 'Object Repository/MOH AND GRN/Page_KDMC - CMS/input_txtdeal'

2018-05-14 13:34:31 - [TEST_STEP][PASSED] - Statement - return (java.lang.Math.floor((java.lang.Math.random() * ((max - min) + 1))) + min): Text '10.0' is set on object 'Object Repository/MOH AND GRN/Page_KDMC - CMS/input_txtdeal'

2018-05-14 13:34:31 - [MESSAGE][PASSED] - Text '10.0' is set on object 'Object Repository/MOH AND GRN/Page_KDMC - CMS/input_txtdeal'

2018-05-14 13:34:31 - [TEST_STEP][PASSED] - setText: Finding Test Object with id 'Object Repository/MOH AND GRN/Page_KDMC - CMS/input_txtbatchno'

2018-05-14 13:34:31 - [TEST_STEP][PASSED] - Statement - switch (id): Finding Test Object with id 'Object Repository/MOH AND GRN/Page_KDMC - CMS/input_txtmrp'

2018-05-14 13:34:31 - [TEST_STEP][PASSED] - Statement - case 1:: Text 'BA967.0' is set on object 'Object Repository/MOH AND GRN/Page_KDMC - CMS/input_txtbatchno'

2018-05-14 13:34:31 - [TEST_STEP][PASSED] - Statement - return (java.lang.Math.floor((java.lang.Math.random() * ((max - min) + 1))) + min): Text 'BA967.0' is set on object 'Object Repository/MOH AND GRN/Page_KDMC - CMS/input_txtbatchno'

2018-05-14 13:34:31 - [MESSAGE][PASSED] - Text 'BA967.0' is set on object 'Object Repository/MOH AND GRN/Page_KDMC - CMS/input_txtbatchno'

2018-05-14 13:34:31 - [TEST_STEP][PASSED] - rightClick: Object: 'Object Repository/GRN/Page_KDMC - CMS/input_txtexpdate' is right clicked on

2018-05-14 13:34:31 - [MESSAGE][PASSED] - Object: 'Object Repository/GRN/Page_KDMC - CMS/input_txtexpdate' is right clicked on

2018-05-14 13:34:31 - [TEST_STEP][PASSED] - selectOptionByIndex: All options with index in [3] are selected on object 'Object Repository/GRN/Page_KDMC - CMS/select_20182019202020212022202'

2018-05-14 13:34:31 - [MESSAGE][PASSED] - All options with index in [3] are selected on object 'Object Repository/GRN/Page_KDMC - CMS/select_20182019202020212022202'

2018-05-14 13:34:31 - [TEST_STEP][PASSED] - selectOptionByIndex: All options with index in [3] are selected on object 'Object Repository/GRN/Page_KDMC - CMS/select_JanFebMarAprMayJunJulAu'

2018-05-14 13:34:31 - [MESSAGE][PASSED] - All options with index in [3] are selected on object 'Object Repository/GRN/Page_KDMC - CMS/select_JanFebMarAprMayJunJulAu'

2018-05-14 13:34:31 - [TEST_STEP][PASSED] - click: Object: 'Object Repository/MOH AND GRN/Page_KDMC - CMS/a_12' is clicked on

2018-05-14 13:34:31 - [MESSAGE][PASSED] - Object: 'Object Repository/MOH AND GRN/Page_KDMC - CMS/a_12' is clicked on

2018-05-14 13:34:31 - [TEST_STEP][PASSED] - click: Object: 'Object Repository/MOH AND GRN/Page_KDMC - CMS/input_btnadd' is clicked on

2018-05-14 13:34:31 - [MESSAGE][PASSED] - Object: 'Object Repository/MOH AND GRN/Page_KDMC - CMS/input_btnadd' is clicked on

2018-05-14 13:34:31 - [TEST_STEP][PASSED] - Statement - If (s == 10): null

2018-05-14 13:34:31 - [TEST_STEP][PASSED] - Statement - Else: null

2018-05-14 13:34:31 - [TEST_STEP][PASSED] - Statement - (s++): null

2018-05-14 13:34:31 - [TEST_STEP][PASSED] - delay: Delayed 1 second(s)

2018-05-14 13:34:32 - [MESSAGE][PASSED] - Delayed 1 second(s)

2018-05-14 13:34:32 - [TEST_STEP][PASSED] - selectOptionByIndex: All options with index in [54] are selected on object 'Object Repository/MOH AND GRN/Page_KDMC - CMS/select_--Select--Amikacin -500'

2018-05-14 13:34:33 - [MESSAGE][PASSED] - All options with index in [54] are selected on object 'Object Repository/MOH AND GRN/Page_KDMC - CMS/select_--Select--Amikacin -500'

2018-05-14 13:34:33 - [TEST_STEP][PASSED] - setText: Text '5000' is set on object 'Object Repository/MOH AND GRN/Page_KDMC - CMS/input_txtqty'

2018-05-14 13:34:33 - [MESSAGE][PASSED] - Text '5000' is set on object 'Object Repository/MOH AND GRN/Page_KDMC - CMS/input_txtqty'

2018-05-14 13:34:33 - [TEST_STEP][PASSED] - selectOptionByIndex: All options with index in [1] are selected on object 'Object Repository/MOH AND GRN/Page_KDMC - CMS/select_--Select--No Tax0'

2018-05-14 13:34:33 - [MESSAGE][PASSED] - All options with index in [1] are selected on object 'Object Repository/MOH AND GRN/Page_KDMC - CMS/select_--Select--No Tax0'

2018-05-14 13:34:33 - [TEST_STEP][PASSED] - setText: Finding Test Object with id 'Object Repository/MOH AND GRN/Page_KDMC - CMS/input_txtmrp'

2018-05-14 13:34:33 - [TEST_STEP][PASSED] - Statement - switch (id): Finding Test Object with id 'Object Repository/MOH AND GRN/Page_KDMC - CMS/input_txtdeal'

2018-05-14 13:34:33 - [TEST_STEP][PASSED] - Statement - case 4:: Text '20.0' is set on object 'Object Repository/MOH AND GRN/Page_KDMC - CMS/input_txtmrp'

2018-05-14 13:34:33 - [TEST_STEP][PASSED] - Statement - return (java.lang.Math.floor((java.lang.Math.random() * ((max - min) + 1))) + min): Text '20.0' is set on object 'Object Repository/MOH AND GRN/Page_KDMC - CMS/input_txtmrp'

2018-05-14 13:34:33 - [MESSAGE][PASSED] - Text '20.0' is set on object 'Object Repository/MOH AND GRN/Page_KDMC - CMS/input_txtmrp'

2018-05-14 13:34:33 - [TEST_STEP][PASSED] - setText: Finding Test Object with id 'Object Repository/MOH AND GRN/Page_KDMC - CMS/input_txtdeal'

2018-05-14 13:34:33 - [TEST_STEP][PASSED] - Statement - switch (id): Finding Test Object with id 'Object Repository/MOH AND GRN/Page_KDMC - CMS/input_txtbatchno'

2018-05-14 13:34:33 - [TEST_STEP][PASSED] - Statement - case 5:: Text '6.0' is set on object 'Object Repository/MOH AND GRN/Page_KDMC - CMS/input_txtdeal'

2018-05-14 13:34:33 - [TEST_STEP][PASSED] - Statement - return (java.lang.Math.floor((java.lang.Math.random() * ((max - min) + 1))) + min): Text '6.0' is set on object 'Object Repository/MOH AND GRN/Page_KDMC - CMS/input_txtdeal'

2018-05-14 13:34:34 - [MESSAGE][PASSED] - Text '6.0' is set on object 'Object Repository/MOH AND GRN/Page_KDMC - CMS/input_txtdeal'

2018-05-14 13:34:34 - [TEST_STEP][PASSED] - setText: Finding Test Object with id 'Object Repository/MOH AND GRN/Page_KDMC - CMS/input_txtbatchno'

2018-05-14 13:34:34 - [TEST_STEP][PASSED] - Statement - switch (id): Finding Test Object with id 'Object Repository/MOH AND GRN/Page_KDMC - CMS/input_txtmrp'

2018-05-14 13:34:34 - [TEST_STEP][PASSED] - Statement - case 1:: Text 'BA395.0' is set on object 'Object Repository/MOH AND GRN/Page_KDMC - CMS/input_txtbatchno'

2018-05-14 13:34:34 - [TEST_STEP][PASSED] - Statement - return (java.lang.Math.floor((java.lang.Math.random() * ((max - min) + 1))) + min): Text 'BA395.0' is set on object 'Object Repository/MOH AND GRN/Page_KDMC - CMS/input_txtbatchno'

2018-05-14 13:34:34 - [MESSAGE][PASSED] - Text 'BA395.0' is set on object 'Object Repository/MOH AND GRN/Page_KDMC - CMS/input_txtbatchno'

2018-05-14 13:34:34 - [TEST_STEP][PASSED] - rightClick: Object: 'Object Repository/GRN/Page_KDMC - CMS/input_txtexpdate' is right clicked on

2018-05-14 13:34:34 - [MESSAGE][PASSED] - Object: 'Object Repository/GRN/Page_KDMC - CMS/input_txtexpdate' is right clicked on

2018-05-14 13:34:34 - [TEST_STEP][PASSED] - selectOptionByIndex: All options with index in [4] are selected on object 'Object Repository/GRN/Page_KDMC - CMS/select_20182019202020212022202'

2018-05-14 13:34:34 - [MESSAGE][PASSED] - All options with index in [4] are selected on object 'Object Repository/GRN/Page_KDMC - CMS/select_20182019202020212022202'

2018-05-14 13:34:34 - [TEST_STEP][PASSED] - selectOptionByIndex: All options with index in [4] are selected on object 'Object Repository/GRN/Page_KDMC - CMS/select_JanFebMarAprMayJunJulAu'

2018-05-14 13:34:34 - [MESSAGE][PASSED] - All options with index in [4] are selected on object 'Object Repository/GRN/Page_KDMC - CMS/select_JanFebMarAprMayJunJulAu'

2018-05-14 13:34:34 - [TEST_STEP][PASSED] - click: Object: 'Object Repository/MOH AND GRN/Page_KDMC - CMS/a_12' is clicked on

2018-05-14 13:34:34 - [MESSAGE][PASSED] - Object: 'Object Repository/MOH AND GRN/Page_KDMC - CMS/a_12' is clicked on

2018-05-14 13:34:34 - [TEST_STEP][PASSED] - click: Object: 'Object Repository/MOH AND GRN/Page_KDMC - CMS/input_btnadd' is clicked on

2018-05-14 13:34:34 - [MESSAGE][PASSED] - Object: 'Object Repository/MOH AND GRN/Page_KDMC - CMS/input_btnadd' is clicked on

2018-05-14 13:34:34 - [TEST_STEP][PASSED] - Statement - If (s == 10): null

2018-05-14 13:34:34 - [TEST_STEP][PASSED] - Statement - Else: null

2018-05-14 13:34:34 - [TEST_STEP][PASSED] - Statement - (s++): null

2018-05-14 13:34:34 - [TEST_STEP][PASSED] - delay: Delayed 1 second(s)

2018-05-14 13:34:35 - [MESSAGE][PASSED] - Delayed 1 second(s)

2018-05-14 13:34:35 - [TEST_STEP][PASSED] - selectOptionByIndex: All options with index in [55] are selected on object 'Object Repository/MOH AND GRN/Page_KDMC - CMS/select_--Select--Amikacin -500'

2018-05-14 13:34:36 - [MESSAGE][PASSED] - All options with index in [55] are selected on object 'Object Repository/MOH AND GRN/Page_KDMC - CMS/select_--Select--Amikacin -500'

2018-05-14 13:34:36 - [TEST_STEP][PASSED] - setText: Text '5000' is set on object 'Object Repository/MOH AND GRN/Page_KDMC - CMS/input_txtqty'

2018-05-14 13:34:36 - [MESSAGE][PASSED] - Text '5000' is set on object 'Object Repository/MOH AND GRN/Page_KDMC - CMS/input_txtqty'

2018-05-14 13:34:36 - [TEST_STEP][PASSED] - selectOptionByIndex: All options with index in [1] are selected on object 'Object Repository/MOH AND GRN/Page_KDMC - CMS/select_--Select--No Tax0'

2018-05-14 13:34:36 - [MESSAGE][PASSED] - All options with index in [1] are selected on object 'Object Repository/MOH AND GRN/Page_KDMC - CMS/select_--Select--No Tax0'

2018-05-14 13:34:36 - [TEST_STEP][PASSED] - setText: Finding Test Object with id 'Object Repository/MOH AND GRN/Page_KDMC - CMS/input_txtmrp'

2018-05-14 13:34:36 - [TEST_STEP][PASSED] - Statement - switch (id): Finding Test Object with id 'Object Repository/MOH AND GRN/Page_KDMC - CMS/input_txtdeal'

2018-05-14 13:34:36 - [TEST_STEP][PASSED] - Statement - case 4:: Text '29.0' is set on object 'Object Repository/MOH AND GRN/Page_KDMC - CMS/input_txtmrp'

2018-05-14 13:34:36 - [TEST_STEP][PASSED] - Statement - return (java.lang.Math.floor((java.lang.Math.random() * ((max - min) + 1))) + min): Text '29.0' is set on object 'Object Repository/MOH AND GRN/Page_KDMC - CMS/input_txtmrp'

2018-05-14 13:34:36 - [MESSAGE][PASSED] - Text '29.0' is set on object 'Object Repository/MOH AND GRN/Page_KDMC - CMS/input_txtmrp'

2018-05-14 13:34:36 - [TEST_STEP][PASSED] - setText: Finding Test Object with id 'Object Repository/MOH AND GRN/Page_KDMC - CMS/input_txtdeal'

2018-05-14 13:34:36 - [TEST_STEP][PASSED] - Statement - switch (id): Finding Test Object with id 'Object Repository/MOH AND GRN/Page_KDMC - CMS/input_txtbatchno'

2018-05-14 13:34:36 - [TEST_STEP][PASSED] - Statement - case 5:: Text '4.0' is set on object 'Object Repository/MOH AND GRN/Page_KDMC - CMS/input_txtdeal'

2018-05-14 13:34:36 - [TEST_STEP][PASSED] - Statement - return (java.lang.Math.floor((java.lang.Math.random() * ((max - min) + 1))) + min): Text '4.0' is set on object 'Object Repository/MOH AND GRN/Page_KDMC - CMS/input_txtdeal'

2018-05-14 13:34:36 - [MESSAGE][PASSED] - Text '4.0' is set on object 'Object Repository/MOH AND GRN/Page_KDMC - CMS/input_txtdeal'

2018-05-14 13:34:36 - [TEST_STEP][PASSED] - setText: Finding Test Object with id 'Object Repository/MOH AND GRN/Page_KDMC - CMS/input_txtbatchno'

2018-05-14 13:34:37 - [TEST_STEP][PASSED] - Statement - switch (id): Finding Test Object with id 'Object Repository/MOH AND GRN/Page_KDMC - CMS/input_txtmrp'

2018-05-14 13:34:37 - [TEST_STEP][PASSED] - Statement - case 1:: Text 'BA402.0' is set on object 'Object Repository/MOH AND GRN/Page_KDMC - CMS/input_txtbatchno'

2018-05-14 13:34:37 - [TEST_STEP][PASSED] - Statement - return (java.lang.Math.floor((java.lang.Math.random() * ((max - min) + 1))) + min): Text 'BA402.0' is set on object 'Object Repository/MOH AND GRN/Page_KDMC - CMS/input_txtbatchno'

2018-05-14 13:34:37 - [MESSAGE][PASSED] - Text 'BA402.0' is set on object 'Object Repository/MOH AND GRN/Page_KDMC - CMS/input_txtbatchno'

2018-05-14 13:34:37 - [TEST_STEP][PASSED] - rightClick: Object: 'Object Repository/GRN/Page_KDMC - CMS/input_txtexpdate' is right clicked on

2018-05-14 13:34:37 - [MESSAGE][PASSED] - Object: 'Object Repository/GRN/Page_KDMC - CMS/input_txtexpdate' is right clicked on

2018-05-14 13:34:37 - [TEST_STEP][PASSED] - selectOptionByIndex: All options with index in [5] are selected on object 'Object Repository/GRN/Page_KDMC - CMS/select_20182019202020212022202'

2018-05-14 13:34:37 - [MESSAGE][PASSED] - All options with index in [5] are selected on object 'Object Repository/GRN/Page_KDMC - CMS/select_20182019202020212022202'

2018-05-14 13:34:37 - [TEST_STEP][PASSED] - selectOptionByIndex: All options with index in [5] are selected on object 'Object Repository/GRN/Page_KDMC - CMS/select_JanFebMarAprMayJunJulAu'

2018-05-14 13:34:37 - [MESSAGE][PASSED] - All options with index in [5] are selected on object 'Object Repository/GRN/Page_KDMC - CMS/select_JanFebMarAprMayJunJulAu'

2018-05-14 13:34:37 - [TEST_STEP][PASSED] - click: Object: 'Object Repository/MOH AND GRN/Page_KDMC - CMS/a_12' is clicked on

2018-05-14 13:34:37 - [MESSAGE][PASSED] - Object: 'Object Repository/MOH AND GRN/Page_KDMC - CMS/a_12' is clicked on

2018-05-14 13:34:37 - [TEST_STEP][PASSED] - click: Object: 'Object Repository/MOH AND GRN/Page_KDMC - CMS/input_btnadd' is clicked on

2018-05-14 13:34:37 - [MESSAGE][PASSED] - Object: 'Object Repository/MOH AND GRN/Page_KDMC - CMS/input_btnadd' is clicked on

2018-05-14 13:34:37 - [TEST_STEP][PASSED] - Statement - If (s == 10): null

2018-05-14 13:34:37 - [TEST_STEP][PASSED] - Statement - Else: null

2018-05-14 13:34:37 - [TEST_STEP][PASSED] - Statement - (s++): null

2018-05-14 13:34:37 - [TEST_STEP][PASSED] - delay: Delayed 1 second(s)

2018-05-14 13:34:38 - [MESSAGE][PASSED] - Delayed 1 second(s)

2018-05-14 13:34:38 - [TEST_STEP][PASSED] - selectOptionByIndex: All options with index in [56] are selected on object 'Object Repository/MOH AND GRN/Page_KDMC - CMS/select_--Select--Amikacin -500'

2018-05-14 13:34:39 - [MESSAGE][PASSED] - All options with index in [56] are selected on object 'Object Repository/MOH AND GRN/Page_KDMC - CMS/select_--Select--Amikacin -500'

2018-05-14 13:34:39 - [TEST_STEP][PASSED] - setText: Text '5000' is set on object 'Object Repository/MOH AND GRN/Page_KDMC - CMS/input_txtqty'

2018-05-14 13:34:39 - [MESSAGE][PASSED] - Text '5000' is set on object 'Object Repository/MOH AND GRN/Page_KDMC - CMS/input_txtqty'

2018-05-14 13:34:39 - [TEST_STEP][PASSED] - selectOptionByIndex: All options with index in [1] are selected on object 'Object Repository/MOH AND GRN/Page_KDMC - CMS/select_--Select--No Tax0'

2018-05-14 13:34:39 - [MESSAGE][PASSED] - All options with index in [1] are selected on object 'Object Repository/MOH AND GRN/Page_KDMC - CMS/select_--Select--No Tax0'

2018-05-14 13:34:39 - [TEST_STEP][PASSED] - setText: Finding Test Object with id 'Object Repository/MOH AND GRN/Page_KDMC - CMS/input_txtmrp'

2018-05-14 13:34:39 - [TEST_STEP][PASSED] - Statement - switch (id): Finding Test Object with id 'Object Repository/MOH AND GRN/Page_KDMC - CMS/input_txtdeal'

2018-05-14 13:34:39 - [TEST_STEP][PASSED] - Statement - case 4:: Text '35.0' is set on object 'Object Repository/MOH AND GRN/Page_KDMC - CMS/input_txtmrp'

2018-05-14 13:34:39 - [TEST_STEP][PASSED] - Statement - return (java.lang.Math.floor((java.lang.Math.random() * ((max - min) + 1))) + min): Text '35.0' is set on object 'Object Repository/MOH AND GRN/Page_KDMC - CMS/input_txtmrp'

2018-05-14 13:34:39 - [MESSAGE][PASSED] - Text '35.0' is set on object 'Object Repository/MOH AND GRN/Page_KDMC - CMS/input_txtmrp'

2018-05-14 13:34:39 - [TEST_STEP][PASSED] - setText: Finding Test Object with id 'Object Repository/MOH AND GRN/Page_KDMC - CMS/input_txtdeal'

2018-05-14 13:34:39 - [TEST_STEP][PASSED] - Statement - switch (id): Finding Test Object with id 'Object Repository/MOH AND GRN/Page_KDMC - CMS/input_txtbatchno'

2018-05-14 13:34:39 - [TEST_STEP][PASSED] - Statement - case 5:: Text '7.0' is set on object 'Object Repository/MOH AND GRN/Page_KDMC - CMS/input_txtdeal'

2018-05-14 13:34:39 - [TEST_STEP][PASSED] - Statement - return (java.lang.Math.floor((java.lang.Math.random() * ((max - min) + 1))) + min): Text '7.0' is set on object 'Object Repository/MOH AND GRN/Page_KDMC - CMS/input_txtdeal'

2018-05-14 13:34:39 - [MESSAGE][PASSED] - Text '7.0' is set on object 'Object Repository/MOH AND GRN/Page_KDMC - CMS/input_txtdeal'

2018-05-14 13:34:39 - [TEST_STEP][PASSED] - setText: Finding Test Object with id 'Object Repository/MOH AND GRN/Page_KDMC - CMS/input_txtbatchno'

2018-05-14 13:34:39 - [TEST_STEP][PASSED] - Statement - switch (id): Finding Test Object with id 'Object Repository/MOH AND GRN/Page_KDMC - CMS/input_txtmrp'

2018-05-14 13:34:39 - [TEST_STEP][PASSED] - Statement - case 1:: Text 'BA980.0' is set on object 'Object Repository/MOH AND GRN/Page_KDMC - CMS/input_txtbatchno'

2018-05-14 13:34:39 - [TEST_STEP][PASSED] - Statement - return (java.lang.Math.floor((java.lang.Math.random() * ((max - min) + 1))) + min): Text 'BA980.0' is set on object 'Object Repository/MOH AND GRN/Page_KDMC - CMS/input_txtbatchno'

2018-05-14 13:34:40 - [MESSAGE][PASSED] - Text 'BA980.0' is set on object 'Object Repository/MOH AND GRN/Page_KDMC - CMS/input_txtbatchno'

2018-05-14 13:34:40 - [TEST_STEP][PASSED] - rightClick: Object: 'Object Repository/GRN/Page_KDMC - CMS/input_txtexpdate' is right clicked on

2018-05-14 13:34:40 - [MESSAGE][PASSED] - Object: 'Object Repository/GRN/Page_KDMC - CMS/input_txtexpdate' is right clicked on

2018-05-14 13:34:40 - [TEST_STEP][PASSED] - selectOptionByIndex: All options with index in [6] are selected on object 'Object Repository/GRN/Page_KDMC - CMS/select_20182019202020212022202'

2018-05-14 13:34:40 - [MESSAGE][PASSED] - All options with index in [6] are selected on object 'Object Repository/GRN/Page_KDMC - CMS/select_20182019202020212022202'

2018-05-14 13:34:40 - [TEST_STEP][PASSED] - selectOptionByIndex: All options with index in [6] are selected on object 'Object Repository/GRN/Page_KDMC - CMS/select_JanFebMarAprMayJunJulAu'

2018-05-14 13:34:40 - [MESSAGE][PASSED] - All options with index in [6] are selected on object 'Object Repository/GRN/Page_KDMC - CMS/select_JanFebMarAprMayJunJulAu'

2018-05-14 13:34:40 - [TEST_STEP][PASSED] - click: Object: 'Object Repository/MOH AND GRN/Page_KDMC - CMS/a_12' is clicked on

2018-05-14 13:34:40 - [MESSAGE][PASSED] - Object: 'Object Repository/MOH AND GRN/Page_KDMC - CMS/a_12' is clicked on

2018-05-14 13:34:40 - [TEST_STEP][PASSED] - click: Object: 'Object Repository/MOH AND GRN/Page_KDMC - CMS/input_btnadd' is clicked on

2018-05-14 13:34:40 - [MESSAGE][PASSED] - Object: 'Object Repository/MOH AND GRN/Page_KDMC - CMS/input_btnadd' is clicked on

2018-05-14 13:34:40 - [TEST_STEP][PASSED] - Statement - If (s == 10): null

2018-05-14 13:34:40 - [TEST_STEP][PASSED] - Statement - Else: null

2018-05-14 13:34:40 - [TEST_STEP][PASSED] - Statement - (s++): null

2018-05-14 13:34:40 - [TEST_STEP][PASSED] - delay: Delayed 1 second(s)

2018-05-14 13:34:41 - [MESSAGE][PASSED] - Delayed 1 second(s)

2018-05-14 13:34:41 - [TEST_STEP][PASSED] - selectOptionByIndex: All options with index in [57] are selected on object 'Object Repository/MOH AND GRN/Page_KDMC - CMS/select_--Select--Amikacin -500'

2018-05-14 13:34:42 - [MESSAGE][PASSED] - All options with index in [57] are selected on object 'Object Repository/MOH AND GRN/Page_KDMC - CMS/select_--Select--Amikacin -500'

2018-05-14 13:34:42 - [TEST_STEP][PASSED] - setText: Text '5000' is set on object 'Object Repository/MOH AND GRN/Page_KDMC - CMS/input_txtqty'

2018-05-14 13:34:42 - [MESSAGE][PASSED] - Text '5000' is set on object 'Object Repository/MOH AND GRN/Page_KDMC - CMS/input_txtqty'

2018-05-14 13:34:42 - [TEST_STEP][PASSED] - selectOptionByIndex: All options with index in [1] are selected on object 'Object Repository/MOH AND GRN/Page_KDMC - CMS/select_--Select--No Tax0'

2018-05-14 13:34:42 - [MESSAGE][PASSED] - All options with index in [1] are selected on object 'Object Repository/MOH AND GRN/Page_KDMC - CMS/select_--Select--No Tax0'

2018-05-14 13:34:42 - [TEST_STEP][PASSED] - setText: Finding Test Object with id 'Object Repository/MOH AND GRN/Page_KDMC - CMS/input_txtmrp'

2018-05-14 13:34:42 - [TEST_STEP][PASSED] - Statement - switch (id): Finding Test Object with id 'Object Repository/MOH AND GRN/Page_KDMC - CMS/input_txtdeal'

2018-05-14 13:34:42 - [TEST_STEP][PASSED] - Statement - case 4:: Text '29.0' is set on object 'Object Repository/MOH AND GRN/Page_KDMC - CMS/input_txtmrp'

2018-05-14 13:34:42 - [TEST_STEP][PASSED] - Statement - return (java.lang.Math.floor((java.lang.Math.random() * ((max - min) + 1))) + min): Text '29.0' is set on object 'Object Repository/MOH AND GRN/Page_KDMC - CMS/input_txtmrp'

2018-05-14 13:34:42 - [MESSAGE][PASSED] - Text '29.0' is set on object 'Object Repository/MOH AND GRN/Page_KDMC - CMS/input_txtmrp'

2018-05-14 13:34:42 - [TEST_STEP][PASSED] - setText: Finding Test Object with id 'Object Repository/MOH AND GRN/Page_KDMC - CMS/input_txtdeal'

2018-05-14 13:34:42 - [TEST_STEP][PASSED] - Statement - switch (id): Finding Test Object with id 'Object Repository/MOH AND GRN/Page_KDMC - CMS/input_txtbatchno'

2018-05-14 13:34:42 - [TEST_STEP][PASSED] - Statement - case 5:: Text '3.0' is set on object 'Object Repository/MOH AND GRN/Page_KDMC - CMS/input_txtdeal'

2018-05-14 13:34:42 - [TEST_STEP][PASSED] - Statement - return (java.lang.Math.floor((java.lang.Math.random() * ((max - min) + 1))) + min): Text '3.0' is set on object 'Object Repository/MOH AND GRN/Page_KDMC - CMS/input_txtdeal'

2018-05-14 13:34:42 - [MESSAGE][PASSED] - Text '3.0' is set on object 'Object Repository/MOH AND GRN/Page_KDMC - CMS/input_txtdeal'

2018-05-14 13:34:42 - [TEST_STEP][PASSED] - setText: Finding Test Object with id 'Object Repository/MOH AND GRN/Page_KDMC - CMS/input_txtbatchno'

2018-05-14 13:34:42 - [TEST_STEP][PASSED] - Statement - switch (id): Finding Test Object with id 'Object Repository/MOH AND GRN/Page_KDMC - CMS/input_txtmrp'

2018-05-14 13:34:42 - [TEST_STEP][PASSED] - Statement - case 1:: Text 'BA624.0' is set on object 'Object Repository/MOH AND GRN/Page_KDMC - CMS/input_txtbatchno'

2018-05-14 13:34:42 - [TEST_STEP][PASSED] - Statement - return (java.lang.Math.floor((java.lang.Math.random() * ((max - min) + 1))) + min): Text 'BA624.0' is set on object 'Object Repository/MOH AND GRN/Page_KDMC - CMS/input_txtbatchno'

2018-05-14 13:34:43 - [MESSAGE][PASSED] - Text 'BA624.0' is set on object 'Object Repository/MOH AND GRN/Page_KDMC - CMS/input_txtbatchno'

2018-05-14 13:34:43 - [TEST_STEP][PASSED] - rightClick: Object: 'Object Repository/GRN/Page_KDMC - CMS/input_txtexpdate' is right clicked on

2018-05-14 13:34:43 - [MESSAGE][PASSED] - Object: 'Object Repository/GRN/Page_KDMC - CMS/input_txtexpdate' is right clicked on

2018-05-14 13:34:43 - [TEST_STEP][PASSED] - selectOptionByIndex: All options with index in [7] are selected on object 'Object Repository/GRN/Page_KDMC - CMS/select_20182019202020212022202'

2018-05-14 13:34:43 - [MESSAGE][PASSED] - All options with index in [7] are selected on object 'Object Repository/GRN/Page_KDMC - CMS/select_20182019202020212022202'

2018-05-14 13:34:43 - [TEST_STEP][PASSED] - selectOptionByIndex: All options with index in [7] are selected on object 'Object Repository/GRN/Page_KDMC - CMS/select_JanFebMarAprMayJunJulAu'

2018-05-14 13:34:43 - [MESSAGE][PASSED] - All options with index in [7] are selected on object 'Object Repository/GRN/Page_KDMC - CMS/select_JanFebMarAprMayJunJulAu'

2018-05-14 13:34:43 - [TEST_STEP][PASSED] - click: Object: 'Object Repository/MOH AND GRN/Page_KDMC - CMS/a_12' is clicked on

2018-05-14 13:34:43 - [MESSAGE][PASSED] - Object: 'Object Repository/MOH AND GRN/Page_KDMC - CMS/a_12' is clicked on

2018-05-14 13:34:43 - [TEST_STEP][PASSED] - click: Object: 'Object Repository/MOH AND GRN/Page_KDMC - CMS/input_btnadd' is clicked on

2018-05-14 13:34:43 - [MESSAGE][PASSED] - Object: 'Object Repository/MOH AND GRN/Page_KDMC - CMS/input_btnadd' is clicked on

2018-05-14 13:34:43 - [TEST_STEP][PASSED] - Statement - If (s == 10): null

2018-05-14 13:34:43 - [TEST_STEP][PASSED] - Statement - Else: null

2018-05-14 13:34:43 - [TEST_STEP][PASSED] - Statement - (s++): null

2018-05-14 13:34:43 - [TEST_STEP][PASSED] - delay: Delayed 1 second(s)

2018-05-14 13:34:44 - [MESSAGE][PASSED] - Delayed 1 second(s)

2018-05-14 13:34:44 - [TEST_STEP][PASSED] - selectOptionByIndex: All options with index in [58] are selected on object 'Object Repository/MOH AND GRN/Page_KDMC - CMS/select_--Select--Amikacin -500'

2018-05-14 13:34:45 - [MESSAGE][PASSED] - All options with index in [58] are selected on object 'Object Repository/MOH AND GRN/Page_KDMC - CMS/select_--Select--Amikacin -500'

2018-05-14 13:34:45 - [TEST_STEP][PASSED] - setText: Text '5000' is set on object 'Object Repository/MOH AND GRN/Page_KDMC - CMS/input_txtqty'

2018-05-14 13:34:45 - [MESSAGE][PASSED] - Text '5000' is set on object 'Object Repository/MOH AND GRN/Page_KDMC - CMS/input_txtqty'

2018-05-14 13:34:45 - [TEST_STEP][PASSED] - selectOptionByIndex: All options with index in [1] are selected on object 'Object Repository/MOH AND GRN/Page_KDMC - CMS/select_--Select--No Tax0'

2018-05-14 13:34:45 - [MESSAGE][PASSED] - All options with index in [1] are selected on object 'Object Repository/MOH AND GRN/Page_KDMC - CMS/select_--Select--No Tax0'

2018-05-14 13:34:45 - [TEST_STEP][PASSED] - setText: Finding Test Object with id 'Object Repository/MOH AND GRN/Page_KDMC - CMS/input_txtmrp'

2018-05-14 13:34:45 - [TEST_STEP][PASSED] - Statement - switch (id): Finding Test Object with id 'Object Repository/MOH AND GRN/Page_KDMC - CMS/input_txtdeal'

2018-05-14 13:34:45 - [TEST_STEP][PASSED] - Statement - case 4:: Text '29.0' is set on object 'Object Repository/MOH AND GRN/Page_KDMC - CMS/input_txtmrp'

2018-05-14 13:34:45 - [TEST_STEP][PASSED] - Statement - return (java.lang.Math.floor((java.lang.Math.random() * ((max - min) + 1))) + min): Text '29.0' is set on object 'Object Repository/MOH AND GRN/Page_KDMC - CMS/input_txtmrp'

2018-05-14 13:34:45 - [MESSAGE][PASSED] - Text '29.0' is set on object 'Object Repository/MOH AND GRN/Page_KDMC - CMS/input_txtmrp'

2018-05-14 13:34:45 - [TEST_STEP][PASSED] - setText: Finding Test Object with id 'Object Repository/MOH AND GRN/Page_KDMC - CMS/input_txtdeal'

2018-05-14 13:34:45 - [TEST_STEP][PASSED] - Statement - switch (id): Finding Test Object with id 'Object Repository/MOH AND GRN/Page_KDMC - CMS/input_txtbatchno'

2018-05-14 13:34:45 - [TEST_STEP][PASSED] - Statement - case 5:: Text '7.0' is set on object 'Object Repository/MOH AND GRN/Page_KDMC - CMS/input_txtdeal'

2018-05-14 13:34:45 - [TEST_STEP][PASSED] - Statement - return (java.lang.Math.floor((java.lang.Math.random() * ((max - min) + 1))) + min): Text '7.0' is set on object 'Object Repository/MOH AND GRN/Page_KDMC - CMS/input_txtdeal'

2018-05-14 13:34:45 - [MESSAGE][PASSED] - Text '7.0' is set on object 'Object Repository/MOH AND GRN/Page_KDMC - CMS/input_txtdeal'

2018-05-14 13:34:45 - [TEST_STEP][PASSED] - setText: Finding Test Object with id 'Object Repository/MOH AND GRN/Page_KDMC - CMS/input_txtbatchno'

2018-05-14 13:34:45 - [TEST_STEP][PASSED] - Statement - switch (id): Finding Test Object with id 'Object Repository/MOH AND GRN/Page_KDMC - CMS/input_txtmrp'

2018-05-14 13:34:45 - [TEST_STEP][PASSED] - Statement - case 1:: Text 'BA290.0' is set on object 'Object Repository/MOH AND GRN/Page_KDMC - CMS/input_txtbatchno'

2018-05-14 13:34:45 - [TEST_STEP][PASSED] - Statement - return (java.lang.Math.floor((java.lang.Math.random() * ((max - min) + 1))) + min): Text 'BA290.0' is set on object 'Object Repository/MOH AND GRN/Page_KDMC - CMS/input_txtbatchno'

2018-05-14 13:34:46 - [MESSAGE][PASSED] - Text 'BA290.0' is set on object 'Object Repository/MOH AND GRN/Page_KDMC - CMS/input_txtbatchno'

2018-05-14 13:34:46 - [TEST_STEP][PASSED] - rightClick: Object: 'Object Repository/GRN/Page_KDMC - CMS/input_txtexpdate' is right clicked on

2018-05-14 13:34:46 - [MESSAGE][PASSED] - Object: 'Object Repository/GRN/Page_KDMC - CMS/input_txtexpdate' is right clicked on

2018-05-14 13:34:46 - [TEST_STEP][PASSED] - selectOptionByIndex: All options with index in [8] are selected on object 'Object Repository/GRN/Page_KDMC - CMS/select_20182019202020212022202'

2018-05-14 13:34:46 - [MESSAGE][PASSED] - All options with index in [8] are selected on object 'Object Repository/GRN/Page_KDMC - CMS/select_20182019202020212022202'

2018-05-14 13:34:46 - [TEST_STEP][PASSED] - selectOptionByIndex: All options with index in [8] are selected on object 'Object Repository/GRN/Page_KDMC - CMS/select_JanFebMarAprMayJunJulAu'

2018-05-14 13:34:46 - [MESSAGE][PASSED] - All options with index in [8] are selected on object 'Object Repository/GRN/Page_KDMC - CMS/select_JanFebMarAprMayJunJulAu'

2018-05-14 13:34:46 - [TEST_STEP][PASSED] - click: Object: 'Object Repository/MOH AND GRN/Page_KDMC - CMS/a_12' is clicked on

2018-05-14 13:34:46 - [MESSAGE][PASSED] - Object: 'Object Repository/MOH AND GRN/Page_KDMC - CMS/a_12' is clicked on

2018-05-14 13:34:46 - [TEST_STEP][PASSED] - click: Object: 'Object Repository/MOH AND GRN/Page_KDMC - CMS/input_btnadd' is clicked on

2018-05-14 13:34:46 - [MESSAGE][PASSED] - Object: 'Object Repository/MOH AND GRN/Page_KDMC - CMS/input_btnadd' is clicked on

2018-05-14 13:34:46 - [TEST_STEP][PASSED] - Statement - If (s == 10): null

2018-05-14 13:34:46 - [TEST_STEP][PASSED] - Statement - Else: null

2018-05-14 13:34:46 - [TEST_STEP][PASSED] - Statement - (s++): null

2018-05-14 13:34:46 - [TEST_STEP][PASSED] - delay: Delayed 1 second(s)

2018-05-14 13:34:47 - [MESSAGE][PASSED] - Delayed 1 second(s)

2018-05-14 13:34:47 - [TEST_STEP][PASSED] - selectOptionByIndex: All options with index in [59] are selected on object 'Object Repository/MOH AND GRN/Page_KDMC - CMS/select_--Select--Amikacin -500'

2018-05-14 13:34:48 - [MESSAGE][PASSED] - All options with index in [59] are selected on object 'Object Repository/MOH AND GRN/Page_KDMC - CMS/select_--Select--Amikacin -500'

2018-05-14 13:34:48 - [TEST_STEP][PASSED] - setText: Text '5000' is set on object 'Object Repository/MOH AND GRN/Page_KDMC - CMS/input_txtqty'

2018-05-14 13:34:48 - [MESSAGE][PASSED] - Text '5000' is set on object 'Object Repository/MOH AND GRN/Page_KDMC - CMS/input_txtqty'

2018-05-14 13:34:48 - [TEST_STEP][PASSED] - selectOptionByIndex: All options with index in [1] are selected on object 'Object Repository/MOH AND GRN/Page_KDMC - CMS/select_--Select--No Tax0'

2018-05-14 13:34:48 - [MESSAGE][PASSED] - All options with index in [1] are selected on object 'Object Repository/MOH AND GRN/Page_KDMC - CMS/select_--Select--No Tax0'

2018-05-14 13:34:48 - [TEST_STEP][PASSED] - setText: Finding Test Object with id 'Object Repository/MOH AND GRN/Page_KDMC - CMS/input_txtmrp'

2018-05-14 13:34:48 - [TEST_STEP][PASSED] - Statement - switch (id): Finding Test Object with id 'Object Repository/MOH AND GRN/Page_KDMC - CMS/input_txtdeal'

2018-05-14 13:34:48 - [TEST_STEP][PASSED] - Statement - case 4:: Text '45.0' is set on object 'Object Repository/MOH AND GRN/Page_KDMC - CMS/input_txtmrp'

2018-05-14 13:34:48 - [TEST_STEP][PASSED] - Statement - return (java.lang.Math.floor((java.lang.Math.random() * ((max - min) + 1))) + min): Text '45.0' is set on object 'Object Repository/MOH AND GRN/Page_KDMC - CMS/input_txtmrp'

2018-05-14 13:34:48 - [MESSAGE][PASSED] - Text '45.0' is set on object 'Object Repository/MOH AND GRN/Page_KDMC - CMS/input_txtmrp'

2018-05-14 13:34:48 - [TEST_STEP][PASSED] - setText: Finding Test Object with id 'Object Repository/MOH AND GRN/Page_KDMC - CMS/input_txtdeal'

2018-05-14 13:34:48 - [TEST_STEP][PASSED] - Statement - switch (id): Finding Test Object with id 'Object Repository/MOH AND GRN/Page_KDMC - CMS/input_txtbatchno'

2018-05-14 13:34:48 - [TEST_STEP][PASSED] - Statement - case 5:: Text '10.0' is set on object 'Object Repository/MOH AND GRN/Page_KDMC - CMS/input_txtdeal'

2018-05-14 13:34:48 - [TEST_STEP][PASSED] - Statement - return (java.lang.Math.floor((java.lang.Math.random() * ((max - min) + 1))) + min): Text '10.0' is set on object 'Object Repository/MOH AND GRN/Page_KDMC - CMS/input_txtdeal'

2018-05-14 13:34:48 - [MESSAGE][PASSED] - Text '10.0' is set on object 'Object Repository/MOH AND GRN/Page_KDMC - CMS/input_txtdeal'

2018-05-14 13:34:48 - [TEST_STEP][PASSED] - setText: Finding Test Object with id 'Object Repository/MOH AND GRN/Page_KDMC - CMS/input_txtbatchno'

2018-05-14 13:34:48 - [TEST_STEP][PASSED] - Statement - switch (id): Finding Test Object with id 'Object Repository/MOH AND GRN/Page_KDMC - CMS/input_txtmrp'

2018-05-14 13:34:48 - [TEST_STEP][PASSED] - Statement - case 1:: Text 'BA887.0' is set on object 'Object Repository/MOH AND GRN/Page_KDMC - CMS/input_txtbatchno'

2018-05-14 13:34:48 - [TEST_STEP][PASSED] - Statement - return (java.lang.Math.floor((java.lang.Math.random() * ((max - min) + 1))) + min): Text 'BA887.0' is set on object 'Object Repository/MOH AND GRN/Page_KDMC - CMS/input_txtbatchno'

2018-05-14 13:34:49 - [MESSAGE][PASSED] - Text 'BA887.0' is set on object 'Object Repository/MOH AND GRN/Page_KDMC - CMS/input_txtbatchno'

2018-05-14 13:34:49 - [TEST_STEP][PASSED] - rightClick: Object: 'Object Repository/GRN/Page_KDMC - CMS/input_txtexpdate' is right clicked on

2018-05-14 13:34:49 - [MESSAGE][PASSED] - Object: 'Object Repository/GRN/Page_KDMC - CMS/input_txtexpdate' is right clicked on

2018-05-14 13:34:49 - [TEST_STEP][PASSED] - selectOptionByIndex: All options with index in [9] are selected on object 'Object Repository/GRN/Page_KDMC - CMS/select_20182019202020212022202'

2018-05-14 13:34:49 - [MESSAGE][PASSED] - All options with index in [9] are selected on object 'Object Repository/GRN/Page_KDMC - CMS/select_20182019202020212022202'

2018-05-14 13:34:49 - [TEST_STEP][PASSED] - selectOptionByIndex: All options with index in [9] are selected on object 'Object Repository/GRN/Page_KDMC - CMS/select_JanFebMarAprMayJunJulAu'

2018-05-14 13:34:49 - [MESSAGE][PASSED] - All options with index in [9] are selected on object 'Object Repository/GRN/Page_KDMC - CMS/select_JanFebMarAprMayJunJulAu'

2018-05-14 13:34:49 - [TEST_STEP][PASSED] - click: Object: 'Object Repository/MOH AND GRN/Page_KDMC - CMS/a_12' is clicked on

2018-05-14 13:34:49 - [MESSAGE][PASSED] - Object: 'Object Repository/MOH AND GRN/Page_KDMC - CMS/a_12' is clicked on

2018-05-14 13:34:49 - [TEST_STEP][PASSED] - click: Object: 'Object Repository/MOH AND GRN/Page_KDMC - CMS/input_btnadd' is clicked on

2018-05-14 13:34:49 - [MESSAGE][PASSED] - Object: 'Object Repository/MOH AND GRN/Page_KDMC - CMS/input_btnadd' is clicked on

2018-05-14 13:34:49 - [TEST_STEP][PASSED] - Statement - If (s == 10): null

2018-05-14 13:34:49 - [TEST_STEP][PASSED] - Statement - Else: null

2018-05-14 13:34:49 - [TEST_STEP][PASSED] - Statement - (s++): null

2018-05-14 13:34:49 - [TEST_STEP][PASSED] - delay: Delayed 1 second(s)

2018-05-14 13:34:50 - [MESSAGE][PASSED] - Delayed 1 second(s)

2018-05-14 13:34:50 - [TEST_STEP][PASSED] - selectOptionByIndex: All options with index in [60] are selected on object 'Object Repository/MOH AND GRN/Page_KDMC - CMS/select_--Select--Amikacin -500'

2018-05-14 13:34:51 - [MESSAGE][PASSED] - All options with index in [60] are selected on object 'Object Repository/MOH AND GRN/Page_KDMC - CMS/select_--Select--Amikacin -500'

2018-05-14 13:34:51 - [TEST_STEP][PASSED] - setText: Text '5000' is set on object 'Object Repository/MOH AND GRN/Page_KDMC - CMS/input_txtqty'

2018-05-14 13:34:51 - [MESSAGE][PASSED] - Text '5000' is set on object 'Object Repository/MOH AND GRN/Page_KDMC - CMS/input_txtqty'

2018-05-14 13:34:51 - [TEST_STEP][PASSED] - selectOptionByIndex: All options with index in [1] are selected on object 'Object Repository/MOH AND GRN/Page_KDMC - CMS/select_--Select--No Tax0'

2018-05-14 13:34:51 - [MESSAGE][PASSED] - All options with index in [1] are selected on object 'Object Repository/MOH AND GRN/Page_KDMC - CMS/select_--Select--No Tax0'

2018-05-14 13:34:51 - [TEST_STEP][PASSED] - setText: Finding Test Object with id 'Object Repository/MOH AND GRN/Page_KDMC - CMS/input_txtmrp'

2018-05-14 13:34:51 - [TEST_STEP][PASSED] - Statement - switch (id): Finding Test Object with id 'Object Repository/MOH AND GRN/Page_KDMC - CMS/input_txtdeal'

2018-05-14 13:34:51 - [TEST_STEP][PASSED] - Statement - case 4:: Text '30.0' is set on object 'Object Repository/MOH AND GRN/Page_KDMC - CMS/input_txtmrp'

2018-05-14 13:34:51 - [TEST_STEP][PASSED] - Statement - return (java.lang.Math.floor((java.lang.Math.random() * ((max - min) + 1))) + min): Text '30.0' is set on object 'Object Repository/MOH AND GRN/Page_KDMC - CMS/input_txtmrp'

2018-05-14 13:34:52 - [MESSAGE][PASSED] - Text '30.0' is set on object 'Object Repository/MOH AND GRN/Page_KDMC - CMS/input_txtmrp'

2018-05-14 13:34:52 - [TEST_STEP][PASSED] - setText: Finding Test Object with id 'Object Repository/MOH AND GRN/Page_KDMC - CMS/input_txtdeal'

2018-05-14 13:34:52 - [TEST_STEP][PASSED] - Statement - switch (id): Finding Test Object with id 'Object Repository/MOH AND GRN/Page_KDMC - CMS/input_txtbatchno'

2018-05-14 13:34:52 - [TEST_STEP][PASSED] - Statement - case 5:: Text '12.0' is set on object 'Object Repository/MOH AND GRN/Page_KDMC - CMS/input_txtdeal'

2018-05-14 13:34:52 - [TEST_STEP][PASSED] - Statement - return (java.lang.Math.floor((java.lang.Math.random() * ((max - min) + 1))) + min): Text '12.0' is set on object 'Object Repository/MOH AND GRN/Page_KDMC - CMS/input_txtdeal'

2018-05-14 13:34:52 - [MESSAGE][PASSED] - Text '12.0' is set on object 'Object Repository/MOH AND GRN/Page_KDMC - CMS/input_txtdeal'

2018-05-14 13:34:52 - [TEST_STEP][PASSED] - setText: Finding Test Object with id 'Object Repository/MOH AND GRN/Page_KDMC - CMS/input_txtbatchno'

2018-05-14 13:34:52 - [TEST_STEP][PASSED] - Statement - switch (id): Finding Test Object with id 'Object Repository/MOH AND GRN/Page_KDMC - CMS/input_txtmrp'

2018-05-14 13:34:52 - [TEST_STEP][PASSED] - Statement - case 1:: Text 'BA294.0' is set on object 'Object Repository/MOH AND GRN/Page_KDMC - CMS/input_txtbatchno'

2018-05-14 13:34:52 - [TEST_STEP][PASSED] - Statement - return (java.lang.Math.floor((java.lang.Math.random() * ((max - min) + 1))) + min): Text 'BA294.0' is set on object 'Object Repository/MOH AND GRN/Page_KDMC - CMS/input_txtbatchno'

2018-05-14 13:34:52 - [MESSAGE][PASSED] - Text 'BA294.0' is set on object 'Object Repository/MOH AND GRN/Page_KDMC - CMS/input_txtbatchno'

2018-05-14 13:34:52 - [TEST_STEP][PASSED] - rightClick: Object: 'Object Repository/GRN/Page_KDMC - CMS/input_txtexpdate' is right clicked on

2018-05-14 13:34:52 - [MESSAGE][PASSED] - Object: 'Object Repository/GRN/Page_KDMC - CMS/input_txtexpdate' is right clicked on

2018-05-14 13:34:52 - [TEST_STEP][PASSED] - selectOptionByIndex: All options with index in [10] are selected on object 'Object Repository/GRN/Page_KDMC - CMS/select_20182019202020212022202'

2018-05-14 13:34:52 - [MESSAGE][PASSED] - All options with index in [10] are selected on object 'Object Repository/GRN/Page_KDMC - CMS/select_20182019202020212022202'

2018-05-14 13:34:52 - [TEST_STEP][PASSED] - selectOptionByIndex: All options with index in [10] are selected on object 'Object Repository/GRN/Page_KDMC - CMS/select_JanFebMarAprMayJunJulAu'

2018-05-14 13:34:52 - [MESSAGE][PASSED] - All options with index in [10] are selected on object 'Object Repository/GRN/Page_KDMC - CMS/select_JanFebMarAprMayJunJulAu'

2018-05-14 13:34:52 - [TEST_STEP][PASSED] - click: Object: 'Object Repository/MOH AND GRN/Page_KDMC - CMS/a_12' is clicked on

2018-05-14 13:34:52 - [MESSAGE][PASSED] - Object: 'Object Repository/MOH AND GRN/Page_KDMC - CMS/a_12' is clicked on

2018-05-14 13:34:52 - [TEST_STEP][PASSED] - click: Object: 'Object Repository/MOH AND GRN/Page_KDMC - CMS/input_btnadd' is clicked on

2018-05-14 13:34:53 - [MESSAGE][PASSED] - Object: 'Object Repository/MOH AND GRN/Page_KDMC - CMS/input_btnadd' is clicked on

2018-05-14 13:34:53 - [TEST_STEP][PASSED] - Statement - If (s == 10): null

2018-05-14 13:34:53 - [TEST_STEP][PASSED] - Statement - s = 1: null

2018-05-14 13:34:53 - [TEST_STEP][PASSED] - delay: Delayed 1 second(s)

2018-05-14 13:34:54 - [MESSAGE][PASSED] - Delayed 1 second(s)

2018-05-14 13:34:54 - [TEST_STEP][PASSED] - selectOptionByIndex: All options with index in [61] are selected on object 'Object Repository/MOH AND GRN/Page_KDMC - CMS/select_--Select--Amikacin -500'

2018-05-14 13:34:54 - [MESSAGE][PASSED] - All options with index in [61] are selected on object 'Object Repository/MOH AND GRN/Page_KDMC - CMS/select_--Select--Amikacin -500'

2018-05-14 13:34:54 - [TEST_STEP][PASSED] - setText: Text '5000' is set on object 'Object Repository/MOH AND GRN/Page_KDMC - CMS/input_txtqty'

2018-05-14 13:34:54 - [MESSAGE][PASSED] - Text '5000' is set on object 'Object Repository/MOH AND GRN/Page_KDMC - CMS/input_txtqty'

2018-05-14 13:34:54 - [TEST_STEP][PASSED] - selectOptionByIndex: All options with index in [1] are selected on object 'Object Repository/MOH AND GRN/Page_KDMC - CMS/select_--Select--No Tax0'

2018-05-14 13:34:55 - [MESSAGE][PASSED] - All options with index in [1] are selected on object 'Object Repository/MOH AND GRN/Page_KDMC - CMS/select_--Select--No Tax0'

2018-05-14 13:34:55 - [TEST_STEP][PASSED] - setText: Finding Test Object with id 'Object Repository/MOH AND GRN/Page_KDMC - CMS/input_txtmrp'

2018-05-14 13:34:55 - [TEST_STEP][PASSED] - Statement - switch (id): Finding Test Object with id 'Object Repository/MOH AND GRN/Page_KDMC - CMS/input_txtdeal'

2018-05-14 13:34:55 - [TEST_STEP][PASSED] - Statement - case 4:: Text '41.0' is set on object 'Object Repository/MOH AND GRN/Page_KDMC - CMS/input_txtmrp'

2018-05-14 13:34:55 - [TEST_STEP][PASSED] - Statement - return (java.lang.Math.floor((java.lang.Math.random() * ((max - min) + 1))) + min): Text '41.0' is set on object 'Object Repository/MOH AND GRN/Page_KDMC - CMS/input_txtmrp'

2018-05-14 13:34:55 - [MESSAGE][PASSED] - Text '41.0' is set on object 'Object Repository/MOH AND GRN/Page_KDMC - CMS/input_txtmrp'

2018-05-14 13:34:55 - [TEST_STEP][PASSED] - setText: Finding Test Object with id 'Object Repository/MOH AND GRN/Page_KDMC - CMS/input_txtdeal'

2018-05-14 13:34:55 - [TEST_STEP][PASSED] - Statement - switch (id): Finding Test Object with id 'Object Repository/MOH AND GRN/Page_KDMC - CMS/input_txtbatchno'

2018-05-14 13:34:55 - [TEST_STEP][PASSED] - Statement - case 5:: Text '8.0' is set on object 'Object Repository/MOH AND GRN/Page_KDMC - CMS/input_txtdeal'

2018-05-14 13:34:55 - [TEST_STEP][PASSED] - Statement - return (java.lang.Math.floor((java.lang.Math.random() * ((max - min) + 1))) + min): Text '8.0' is set on object 'Object Repository/MOH AND GRN/Page_KDMC - CMS/input_txtdeal'

2018-05-14 13:34:55 - [MESSAGE][PASSED] - Text '8.0' is set on object 'Object Repository/MOH AND GRN/Page_KDMC - CMS/input_txtdeal'

2018-05-14 13:34:55 - [TEST_STEP][PASSED] - setText: Finding Test Object with id 'Object Repository/MOH AND GRN/Page_KDMC - CMS/input_txtbatchno'

2018-05-14 13:34:55 - [TEST_STEP][PASSED] - Statement - switch (id): Finding Test Object with id 'Object Repository/MOH AND GRN/Page_KDMC - CMS/input_txtmrp'

2018-05-14 13:34:55 - [TEST_STEP][PASSED] - Statement - case 1:: Text 'BA645.0' is set on object 'Object Repository/MOH AND GRN/Page_KDMC - CMS/input_txtbatchno'

2018-05-14 13:34:55 - [TEST_STEP][PASSED] - Statement - return (java.lang.Math.floor((java.lang.Math.random() * ((max - min) + 1))) + min): Text 'BA645.0' is set on object 'Object Repository/MOH AND GRN/Page_KDMC - CMS/input_txtbatchno'

2018-05-14 13:34:55 - [MESSAGE][PASSED] - Text 'BA645.0' is set on object 'Object Repository/MOH AND GRN/Page_KDMC - CMS/input_txtbatchno'

2018-05-14 13:34:55 - [TEST_STEP][PASSED] - rightClick: Object: 'Object Repository/GRN/Page_KDMC - CMS/input_txtexpdate' is right clicked on

2018-05-14 13:34:55 - [MESSAGE][PASSED] - Object: 'Object Repository/GRN/Page_KDMC - CMS/input_txtexpdate' is right clicked on

2018-05-14 13:34:55 - [TEST_STEP][PASSED] - selectOptionByIndex: All options with index in [1] are selected on object 'Object Repository/GRN/Page_KDMC - CMS/select_20182019202020212022202'

2018-05-14 13:34:55 - [MESSAGE][PASSED] - All options with index in [1] are selected on object 'Object Repository/GRN/Page_KDMC - CMS/select_20182019202020212022202'

2018-05-14 13:34:55 - [TEST_STEP][PASSED] - selectOptionByIndex: All options with index in [1] are selected on object 'Object Repository/GRN/Page_KDMC - CMS/select_JanFebMarAprMayJunJulAu'

2018-05-14 13:34:55 - [MESSAGE][PASSED] - All options with index in [1] are selected on object 'Object Repository/GRN/Page_KDMC - CMS/select_JanFebMarAprMayJunJulAu'

2018-05-14 13:34:55 - [TEST_STEP][PASSED] - click: Object: 'Object Repository/MOH AND GRN/Page_KDMC - CMS/a_12' is clicked on

2018-05-14 13:34:55 - [MESSAGE][PASSED] - Object: 'Object Repository/MOH AND GRN/Page_KDMC - CMS/a_12' is clicked on

2018-05-14 13:34:55 - [TEST_STEP][PASSED] - click: Object: 'Object Repository/MOH AND GRN/Page_KDMC - CMS/input_btnadd' is clicked on

2018-05-14 13:34:56 - [MESSAGE][PASSED] - Object: 'Object Repository/MOH AND GRN/Page_KDMC - CMS/input_btnadd' is clicked on

2018-05-14 13:34:56 - [TEST_STEP][PASSED] - Statement - If (s == 10): null

2018-05-14 13:34:56 - [TEST_STEP][PASSED] - Statement - Else: null

2018-05-14 13:34:56 - [TEST_STEP][PASSED] - Statement - (s++): null

2018-05-14 13:34:56 - [TEST_STEP][PASSED] - delay: Delayed 1 second(s)

2018-05-14 13:34:57 - [MESSAGE][PASSED] - Delayed 1 second(s)

2018-05-14 13:34:57 - [TEST_STEP][PASSED] - selectOptionByIndex: All options with index in [62] are selected on object 'Object Repository/MOH AND GRN/Page_KDMC - CMS/select_--Select--Amikacin -500'

2018-05-14 13:34:57 - [MESSAGE][PASSED] - All options with index in [62] are selected on object 'Object Repository/MOH AND GRN/Page_KDMC - CMS/select_--Select--Amikacin -500'

2018-05-14 13:34:57 - [TEST_STEP][PASSED] - setText: Text '5000' is set on object 'Object Repository/MOH AND GRN/Page_KDMC - CMS/input_txtqty'

2018-05-14 13:34:57 - [MESSAGE][PASSED] - Text '5000' is set on object 'Object Repository/MOH AND GRN/Page_KDMC - CMS/input_txtqty'

2018-05-14 13:34:57 - [TEST_STEP][PASSED] - selectOptionByIndex: All options with index in [1] are selected on object 'Object Repository/MOH AND GRN/Page_KDMC - CMS/select_--Select--No Tax0'

2018-05-14 13:34:57 - [MESSAGE][PASSED] - All options with index in [1] are selected on object 'Object Repository/MOH AND GRN/Page_KDMC - CMS/select_--Select--No Tax0'

2018-05-14 13:34:57 - [TEST_STEP][PASSED] - setText: Finding Test Object with id 'Object Repository/MOH AND GRN/Page_KDMC - CMS/input_txtmrp'

2018-05-14 13:34:58 - [TEST_STEP][PASSED] - Statement - switch (id): Finding Test Object with id 'Object Repository/MOH AND GRN/Page_KDMC - CMS/input_txtdeal'

2018-05-14 13:34:58 - [TEST_STEP][PASSED] - Statement - case 4:: Text '31.0' is set on object 'Object Repository/MOH AND GRN/Page_KDMC - CMS/input_txtmrp'

2018-05-14 13:34:58 - [TEST_STEP][PASSED] - Statement - return (java.lang.Math.floor((java.lang.Math.random() * ((max - min) + 1))) + min): Text '31.0' is set on object 'Object Repository/MOH AND GRN/Page_KDMC - CMS/input_txtmrp'

2018-05-14 13:34:58 - [MESSAGE][PASSED] - Text '31.0' is set on object 'Object Repository/MOH AND GRN/Page_KDMC - CMS/input_txtmrp'

2018-05-14 13:34:58 - [TEST_STEP][PASSED] - setText: Finding Test Object with id 'Object Repository/MOH AND GRN/Page_KDMC - CMS/input_txtdeal'

2018-05-14 13:34:58 - [TEST_STEP][PASSED] - Statement - switch (id): Finding Test Object with id 'Object Repository/MOH AND GRN/Page_KDMC - CMS/input_txtbatchno'

2018-05-14 13:34:58 - [TEST_STEP][PASSED] - Statement - case 5:: Text '7.0' is set on object 'Object Repository/MOH AND GRN/Page_KDMC - CMS/input_txtdeal'

2018-05-14 13:34:58 - [TEST_STEP][PASSED] - Statement - return (java.lang.Math.floor((java.lang.Math.random() * ((max - min) + 1))) + min): Text '7.0' is set on object 'Object Repository/MOH AND GRN/Page_KDMC - CMS/input_txtdeal'

2018-05-14 13:34:58 - [MESSAGE][PASSED] - Text '7.0' is set on object 'Object Repository/MOH AND GRN/Page_KDMC - CMS/input_txtdeal'

2018-05-14 13:34:58 - [TEST_STEP][PASSED] - setText: Finding Test Object with id 'Object Repository/MOH AND GRN/Page_KDMC - CMS/input_txtbatchno'

2018-05-14 13:34:58 - [TEST_STEP][PASSED] - Statement - switch (id): Finding Test Object with id 'Object Repository/MOH AND GRN/Page_KDMC - CMS/input_txtmrp'

2018-05-14 13:34:58 - [TEST_STEP][PASSED] - Statement - case 1:: Text 'BA232.0' is set on object 'Object Repository/MOH AND GRN/Page_KDMC - CMS/input_txtbatchno'

2018-05-14 13:34:58 - [TEST_STEP][PASSED] - Statement - return (java.lang.Math.floor((java.lang.Math.random() * ((max - min) + 1))) + min): Text 'BA232.0' is set on object 'Object Repository/MOH AND GRN/Page_KDMC - CMS/input_txtbatchno'

2018-05-14 13:34:58 - [MESSAGE][PASSED] - Text 'BA232.0' is set on object 'Object Repository/MOH AND GRN/Page_KDMC - CMS/input_txtbatchno'

2018-05-14 13:34:58 - [TEST_STEP][PASSED] - rightClick: Object: 'Object Repository/GRN/Page_KDMC - CMS/input_txtexpdate' is right clicked on

2018-05-14 13:34:58 - [MESSAGE][PASSED] - Object: 'Object Repository/GRN/Page_KDMC - CMS/input_txtexpdate' is right clicked on

2018-05-14 13:34:58 - [TEST_STEP][PASSED] - selectOptionByIndex: All options with index in [2] are selected on object 'Object Repository/GRN/Page_KDMC - CMS/select_20182019202020212022202'

2018-05-14 13:34:58 - [MESSAGE][PASSED] - All options with index in [2] are selected on object 'Object Repository/GRN/Page_KDMC - CMS/select_20182019202020212022202'

2018-05-14 13:34:58 - [TEST_STEP][PASSED] - selectOptionByIndex: All options with index in [2] are selected on object 'Object Repository/GRN/Page_KDMC - CMS/select_JanFebMarAprMayJunJulAu'

2018-05-14 13:34:58 - [MESSAGE][PASSED] - All options with index in [2] are selected on object 'Object Repository/GRN/Page_KDMC - CMS/select_JanFebMarAprMayJunJulAu'

2018-05-14 13:34:58 - [TEST_STEP][PASSED] - click: Object: 'Object Repository/MOH AND GRN/Page_KDMC - CMS/a_12' is clicked on

2018-05-14 13:34:58 - [MESSAGE][PASSED] - Object: 'Object Repository/MOH AND GRN/Page_KDMC - CMS/a_12' is clicked on

2018-05-14 13:34:58 - [TEST_STEP][PASSED] - click: Object: 'Object Repository/MOH AND GRN/Page_KDMC - CMS/input_btnadd' is clicked on

2018-05-14 13:34:58 - [MESSAGE][PASSED] - Object: 'Object Repository/MOH AND GRN/Page_KDMC - CMS/input_btnadd' is clicked on

2018-05-14 13:34:58 - [TEST_STEP][PASSED] - Statement - If (s == 10): null

2018-05-14 13:34:58 - [TEST_STEP][PASSED] - Statement - Else: null

2018-05-14 13:34:58 - [TEST_STEP][PASSED] - Statement - (s++): null

2018-05-14 13:34:58 - [TEST_STEP][PASSED] - delay: Delayed 1 second(s)

2018-05-14 13:34:59 - [MESSAGE][PASSED] - Delayed 1 second(s)

2018-05-14 13:34:59 - [TEST_STEP][PASSED] - selectOptionByIndex: All options with index in [63] are selected on object 'Object Repository/MOH AND GRN/Page_KDMC - CMS/select_--Select--Amikacin -500'

2018-05-14 13:35:00 - [MESSAGE][PASSED] - All options with index in [63] are selected on object 'Object Repository/MOH AND GRN/Page_KDMC - CMS/select_--Select--Amikacin -500'

2018-05-14 13:35:00 - [TEST_STEP][PASSED] - setText: Text '5000' is set on object 'Object Repository/MOH AND GRN/Page_KDMC - CMS/input_txtqty'

2018-05-14 13:35:00 - [MESSAGE][PASSED] - Text '5000' is set on object 'Object Repository/MOH AND GRN/Page_KDMC - CMS/input_txtqty'

2018-05-14 13:35:00 - [TEST_STEP][PASSED] - selectOptionByIndex: All options with index in [1] are selected on object 'Object Repository/MOH AND GRN/Page_KDMC - CMS/select_--Select--No Tax0'

2018-05-14 13:35:00 - [MESSAGE][PASSED] - All options with index in [1] are selected on object 'Object Repository/MOH AND GRN/Page_KDMC - CMS/select_--Select--No Tax0'

2018-05-14 13:35:00 - [TEST_STEP][PASSED] - setText: Finding Test Object with id 'Object Repository/MOH AND GRN/Page_KDMC - CMS/input_txtmrp'

2018-05-14 13:35:00 - [TEST_STEP][PASSED] - Statement - switch (id): Finding Test Object with id 'Object Repository/MOH AND GRN/Page_KDMC - CMS/input_txtdeal'

2018-05-14 13:35:00 - [TEST_STEP][PASSED] - Statement - case 4:: Text '30.0' is set on object 'Object Repository/MOH AND GRN/Page_KDMC - CMS/input_txtmrp'

2018-05-14 13:35:00 - [TEST_STEP][PASSED] - Statement - return (java.lang.Math.floor((java.lang.Math.random() * ((max - min) + 1))) + min): Text '30.0' is set on object 'Object Repository/MOH AND GRN/Page_KDMC - CMS/input_txtmrp'

2018-05-14 13:35:01 - [MESSAGE][PASSED] - Text '30.0' is set on object 'Object Repository/MOH AND GRN/Page_KDMC - CMS/input_txtmrp'

2018-05-14 13:35:01 - [TEST_STEP][PASSED] - setText: Finding Test Object with id 'Object Repository/MOH AND GRN/Page_KDMC - CMS/input_txtdeal'

2018-05-14 13:35:01 - [TEST_STEP][PASSED] - Statement - switch (id): Finding Test Object with id 'Object Repository/MOH AND GRN/Page_KDMC - CMS/input_txtbatchno'

2018-05-14 13:35:01 - [TEST_STEP][PASSED] - Statement - case 5:: Text '9.0' is set on object 'Object Repository/MOH AND GRN/Page_KDMC - CMS/input_txtdeal'

2018-05-14 13:35:01 - [TEST_STEP][PASSED] - Statement - return (java.lang.Math.floor((java.lang.Math.random() * ((max - min) + 1))) + min): Text '9.0' is set on object 'Object Repository/MOH AND GRN/Page_KDMC - CMS/input_txtdeal'

2018-05-14 13:35:01 - [MESSAGE][PASSED] - Text '9.0' is set on object 'Object Repository/MOH AND GRN/Page_KDMC - CMS/input_txtdeal'

2018-05-14 13:35:01 - [TEST_STEP][PASSED] - setText: Finding Test Object with id 'Object Repository/MOH AND GRN/Page_KDMC - CMS/input_txtbatchno'

2018-05-14 13:35:01 - [TEST_STEP][PASSED] - Statement - switch (id): Delayed 1 second(s)

2018-05-14 13:35:01 - [TEST_STEP][PASSED] - Statement - case 1:: Text 'BA802.0' is set on object 'Object Repository/MOH AND GRN/Page_KDMC - CMS/input_txtbatchno'

2018-05-14 13:35:01 - [TEST_STEP][PASSED] - Statement - return (java.lang.Math.floor((java.lang.Math.random() * ((max - min) + 1))) + min): Text 'BA802.0' is set on object 'Object Repository/MOH AND GRN/Page_KDMC - CMS/input_txtbatchno'

2018-05-14 13:35:01 - [MESSAGE][PASSED] - Text 'BA802.0' is set on object 'Object Repository/MOH AND GRN/Page_KDMC - CMS/input_txtbatchno'

2018-05-14 13:35:01 - [TEST_STEP][PASSED] - rightClick: Object: 'Object Repository/GRN/Page_KDMC - CMS/input_txtexpdate' is right clicked on

2018-05-14 13:35:01 - [MESSAGE][PASSED] - Object: 'Object Repository/GRN/Page_KDMC - CMS/input_txtexpdate' is right clicked on

2018-05-14 13:35:01 - [TEST_STEP][PASSED] - selectOptionByIndex: All options with index in [3] are selected on object 'Object Repository/GRN/Page_KDMC - CMS/select_20182019202020212022202'

2018-05-14 13:35:01 - [MESSAGE][PASSED] - All options with index in [3] are selected on object 'Object Repository/GRN/Page_KDMC - CMS/select_20182019202020212022202'

2018-05-14 13:35:01 - [TEST_STEP][PASSED] - selectOptionByIndex: All options with index in [3] are selected on object 'Object Repository/GRN/Page_KDMC - CMS/select_JanFebMarAprMayJunJulAu'

2018-05-14 13:35:01 - [MESSAGE][PASSED] - All options with index in [3] are selected on object 'Object Repository/GRN/Page_KDMC - CMS/select_JanFebMarAprMayJunJulAu'

2018-05-14 13:35:01 - [TEST_STEP][PASSED] - click: Object: 'Object Repository/MOH AND GRN/Page_KDMC - CMS/a_12' is clicked on

2018-05-14 13:35:01 - [MESSAGE][PASSED] - Object: 'Object Repository/MOH AND GRN/Page_KDMC - CMS/a_12' is clicked on

2018-05-14 13:35:01 - [TEST_STEP][PASSED] - click: Object: 'Object Repository/MOH AND GRN/Page_KDMC - CMS/input_btnadd' is clicked on

2018-05-14 13:35:01 - [MESSAGE][PASSED] - Object: 'Object Repository/MOH AND GRN/Page_KDMC - CMS/input_btnadd' is clicked on

2018-05-14 13:35:01 - [TEST_STEP][PASSED] - Statement - If (s == 10): null

2018-05-14 13:35:01 - [TEST_STEP][PASSED] - Statement - Else: null

2018-05-14 13:35:01 - [TEST_STEP][PASSED] - Statement - (s++): null

2018-05-14 13:35:01 - [TEST_STEP][PASSED] - delay: Delayed 1 second(s)

2018-05-14 13:35:02 - [MESSAGE][PASSED] - Delayed 1 second(s)

2018-05-14 13:35:02 - [TEST_STEP][PASSED] - scrollToElement: Scroll to object 'Object Repository/MOH AND GRN/Page_KDMC - CMS/input_btnSubmit' successfully

2018-05-14 13:35:03 - [MESSAGE][PASSED] - Scroll to object 'Object Repository/MOH AND GRN/Page_KDMC - CMS/input_btnSubmit' successfully

2018-05-14 13:35:03 - [TEST_STEP][PASSED] - click: Object: 'Object Repository/MOH AND GRN/Page_KDMC - CMS/input_btnSubmit' is clicked on

2018-05-14 13:35:03 - [MESSAGE][PASSED] - Object: 'Object Repository/MOH AND GRN/Page_KDMC - CMS/input_btnSubmit' is clicked on

2018-05-14 13:35:03 - [TEST_STEP][PASSED] - delay: Delayed 3 second(s)

2018-05-14 13:35:06 - [MESSAGE][PASSED] - Delayed 3 second(s)

2018-05-14 13:35:06 - [TEST_STEP][PASSED] - click: Object: 'Object Repository/MOH AND GRN/Page_KDMC - CMS/button_OK' is clicked on

2018-05-14 13:35:07 - [MESSAGE][PASSED] - Object: 'Object Repository/MOH AND GRN/Page_KDMC - CMS/button_OK' is clicked on

2018-05-14 13:35:07 - [TEST_STEP][PASSED] - delay: Delayed 2 second(s)

2018-05-14 13:35:09 - [MESSAGE][PASSED] - Delayed 2 second(s)

2018-05-14 13:35:09 - [TEST_STEP][PASSED] - delay: Delayed 3 second(s)

2018-05-14 13:35:12 - [MESSAGE][PASSED] - Delayed 3 second(s)

2018-05-14 13:35:12 - [TEST_STEP][PASSED] - click: Object: 'Object Repository/MOH AND GRN/Page_KDMC - CMS/a_dropdown-toggle' is clicked on

2018-05-14 13:35:12 - [MESSAGE][PASSED] - Object: 'Object Repository/MOH AND GRN/Page_KDMC - CMS/a_dropdown-toggle' is clicked on

2018-05-14 13:35:12 - [TEST_STEP][PASSED] - click: Object: 'Object Repository/MOH AND GRN/Page_KDMC - CMS/a_Sign out' is clicked on

2018-05-14 13:35:12 - [MESSAGE][PASSED] - Object: 'Object Repository/MOH AND GRN/Page_KDMC - CMS/a_Sign out' is clicked on

2018-05-14 13:35:12 - [TEST_STEP][PASSED] - closeBrowser: Browser is closed

2018-05-14 13:35:13 - [MESSAGE][PASSED] - Browser is closed]]></system-out>
         <system-err><![CDATA[]]></system-err>
      </testcase>
      <testcase name="Test Cases/TEST/MOH REQUEST AND GRN/Moh Request GRN  Schedule 2" classname="Test Cases/TEST/MOH REQUEST AND GRN/Moh Request GRN  Schedule 2" status="PASSED">
         <system-out><![CDATA[2018-05-14 13:35:13 - [TEST_CASE][PASSED] - Test Cases/TEST/MOH REQUEST AND GRN/Moh Request GRN  Schedule 2: Test Cases/TEST/MOH REQUEST AND GRN/Moh Request GRN  Schedule 2

2018-05-14 13:35:13 - [TEST_STEP][PASSED] - openBrowser: Browser is opened with url: ''

2018-05-14 13:35:15 - [MESSAGE][PASSED] - Browser is opened with url: ''

2018-05-14 13:35:15 - [TEST_STEP][PASSED] - navigateToUrl: Navigate to 'http://192.168.137.1/multihospital_new/' successfully

2018-05-14 13:35:17 - [MESSAGE][PASSED] - Navigate to 'http://192.168.137.1/multihospital_new/' successfully

2018-05-14 13:35:17 - [TEST_STEP][PASSED] - maximizeWindow: Current window maximized

2018-05-14 13:35:18 - [MESSAGE][PASSED] - Current window maximized

2018-05-14 13:35:18 - [TEST_STEP][PASSED] - click: Object: 'Object Repository/MOH AND GRN/Page_KDMC/a_CMS' is clicked on

2018-05-14 13:35:19 - [MESSAGE][PASSED] - Object: 'Object Repository/MOH AND GRN/Page_KDMC/a_CMS' is clicked on

2018-05-14 13:35:19 - [TEST_STEP][PASSED] - setText: Text 'bala' is set on object 'Object Repository/MOH AND GRN/Page_CMS login/input_txtusername'

2018-05-14 13:35:19 - [MESSAGE][PASSED] - Text 'bala' is set on object 'Object Repository/MOH AND GRN/Page_CMS login/input_txtusername'

2018-05-14 13:35:19 - [TEST_STEP][PASSED] - setText: Text '123' is set on object 'Object Repository/MOH AND GRN/Page_CMS login/input_txtpassword'

2018-05-14 13:35:19 - [MESSAGE][PASSED] - Text '123' is set on object 'Object Repository/MOH AND GRN/Page_CMS login/input_txtpassword'

2018-05-14 13:35:19 - [TEST_STEP][PASSED] - delay: Delayed 3 second(s)

2018-05-14 13:35:22 - [MESSAGE][PASSED] - Delayed 3 second(s)

2018-05-14 13:35:22 - [TEST_STEP][PASSED] - click: Object: 'Object Repository/MOH AND GRN/Page_CMS login/button_Sign in' is clicked on

2018-05-14 13:35:23 - [MESSAGE][PASSED] - Object: 'Object Repository/MOH AND GRN/Page_CMS login/button_Sign in' is clicked on

2018-05-14 13:35:23 - [TEST_STEP][PASSED] - click: Object: 'Object Repository/MOH AND GRN/Page_KDMC - CMS/a_Request to MOH' is clicked on

2018-05-14 13:35:24 - [MESSAGE][PASSED] - Object: 'Object Repository/MOH AND GRN/Page_KDMC - CMS/a_Request to MOH' is clicked on

2018-05-14 13:35:24 - [TEST_STEP][PASSED] - selectOptionByIndex: All options with index in [2] are selected on object 'Object Repository/MOH AND GRN/Page_KDMC - CMS/select_--Select--'

2018-05-14 13:35:24 - [MESSAGE][PASSED] - All options with index in [2] are selected on object 'Object Repository/MOH AND GRN/Page_KDMC - CMS/select_--Select--'

2018-05-14 13:35:24 - [TEST_STEP][PASSED] - selectOptionByIndex: All options with index in [2] are selected on object 'Object Repository/MOH AND GRN/Page_KDMC - CMS/select_--Select--Schedule 1Inj'

2018-05-14 13:35:24 - [MESSAGE][PASSED] - All options with index in [2] are selected on object 'Object Repository/MOH AND GRN/Page_KDMC - CMS/select_--Select--Schedule 1Inj'

2018-05-14 13:35:24 - [TEST_STEP][PASSED] - Statement - selectedoptions = com.kms.katalon.core.webui.keyword.WebUiBuiltInKeywords.getNumberOfTotalOption(com.kms.katalon.core.testobject.ObjectRepository.findTestObject(MOH AND GRN/Page_KDMC - CMS/select_--Select--Adernaline 0.)): 73 options of object 'Object Repository/MOH AND GRN/Page_KDMC - CMS/select_--Select--Adernaline 0.' counted

2018-05-14 13:35:24 - [MESSAGE][PASSED] - 73 options of object 'Object Repository/MOH AND GRN/Page_KDMC - CMS/select_--Select--Adernaline 0.' counted

2018-05-14 13:35:24 - [TEST_STEP][PASSED] - Statement - For ([j = 1, j <= selectedoptions - 1, (j++)]): Object: 'Object Repository/MOH AND GRN/Page_KDMC - CMS/button_Add' is clicked on

2018-05-14 13:35:24 - [TEST_STEP][PASSED] - selectOptionByIndex: All options with index in [2] are selected on object 'Object Repository/MOH AND GRN/Page_KDMC - CMS/select_--Select--Schedule 1Inj'

2018-05-14 13:35:24 - [MESSAGE][PASSED] - All options with index in [2] are selected on object 'Object Repository/MOH AND GRN/Page_KDMC - CMS/select_--Select--Schedule 1Inj'

2018-05-14 13:35:24 - [TEST_STEP][PASSED] - selectOptionByIndex: All options with index in [1] are selected on object 'Object Repository/MOH AND GRN/Page_KDMC - CMS/select_--Select--Adernaline 0.'

2018-05-14 13:35:24 - [MESSAGE][PASSED] - All options with index in [1] are selected on object 'Object Repository/MOH AND GRN/Page_KDMC - CMS/select_--Select--Adernaline 0.'

2018-05-14 13:35:24 - [TEST_STEP][PASSED] - setText: Text '5000' is set on object 'Object Repository/MOH AND GRN/Page_KDMC - CMS/input_txttreat'

2018-05-14 13:35:25 - [MESSAGE][PASSED] - Text '5000' is set on object 'Object Repository/MOH AND GRN/Page_KDMC - CMS/input_txttreat'

2018-05-14 13:35:25 - [TEST_STEP][PASSED] - click: Object: 'Object Repository/MOH AND GRN/Page_KDMC - CMS/button_Add' is clicked on

2018-05-14 13:35:25 - [MESSAGE][PASSED] - Object: 'Object Repository/MOH AND GRN/Page_KDMC - CMS/button_Add' is clicked on

2018-05-14 13:35:25 - [TEST_STEP][PASSED] - selectOptionByIndex: All options with index in [2] are selected on object 'Object Repository/MOH AND GRN/Page_KDMC - CMS/select_--Select--Schedule 1Inj'

2018-05-14 13:35:25 - [MESSAGE][PASSED] - All options with index in [2] are selected on object 'Object Repository/MOH AND GRN/Page_KDMC - CMS/select_--Select--Schedule 1Inj'

2018-05-14 13:35:25 - [TEST_STEP][PASSED] - selectOptionByIndex: All options with index in [2] are selected on object 'Object Repository/MOH AND GRN/Page_KDMC - CMS/select_--Select--Adernaline 0.'

2018-05-14 13:35:25 - [MESSAGE][PASSED] - All options with index in [2] are selected on object 'Object Repository/MOH AND GRN/Page_KDMC - CMS/select_--Select--Adernaline 0.'

2018-05-14 13:35:25 - [TEST_STEP][PASSED] - setText: Text '5000' is set on object 'Object Repository/MOH AND GRN/Page_KDMC - CMS/input_txttreat'

2018-05-14 13:35:25 - [MESSAGE][PASSED] - Text '5000' is set on object 'Object Repository/MOH AND GRN/Page_KDMC - CMS/input_txttreat'

2018-05-14 13:35:25 - [TEST_STEP][PASSED] - click: Object: 'Object Repository/MOH AND GRN/Page_KDMC - CMS/button_Add' is clicked on

2018-05-14 13:35:25 - [MESSAGE][PASSED] - Object: 'Object Repository/MOH AND GRN/Page_KDMC - CMS/button_Add' is clicked on

2018-05-14 13:35:25 - [TEST_STEP][PASSED] - selectOptionByIndex: All options with index in [2] are selected on object 'Object Repository/MOH AND GRN/Page_KDMC - CMS/select_--Select--Schedule 1Inj'

2018-05-14 13:35:25 - [MESSAGE][PASSED] - All options with index in [2] are selected on object 'Object Repository/MOH AND GRN/Page_KDMC - CMS/select_--Select--Schedule 1Inj'

2018-05-14 13:35:25 - [TEST_STEP][PASSED] - selectOptionByIndex: All options with index in [3] are selected on object 'Object Repository/MOH AND GRN/Page_KDMC - CMS/select_--Select--Adernaline 0.'

2018-05-14 13:35:26 - [MESSAGE][PASSED] - All options with index in [3] are selected on object 'Object Repository/MOH AND GRN/Page_KDMC - CMS/select_--Select--Adernaline 0.'

2018-05-14 13:35:26 - [TEST_STEP][PASSED] - setText: Text '5000' is set on object 'Object Repository/MOH AND GRN/Page_KDMC - CMS/input_txttreat'

2018-05-14 13:35:26 - [MESSAGE][PASSED] - Text '5000' is set on object 'Object Repository/MOH AND GRN/Page_KDMC - CMS/input_txttreat'

2018-05-14 13:35:26 - [TEST_STEP][PASSED] - click: Object: 'Object Repository/MOH AND GRN/Page_KDMC - CMS/button_Add' is clicked on

2018-05-14 13:35:26 - [MESSAGE][PASSED] - Object: 'Object Repository/MOH AND GRN/Page_KDMC - CMS/button_Add' is clicked on

2018-05-14 13:35:26 - [TEST_STEP][PASSED] - selectOptionByIndex: All options with index in [2] are selected on object 'Object Repository/MOH AND GRN/Page_KDMC - CMS/select_--Select--Schedule 1Inj'

2018-05-14 13:35:26 - [MESSAGE][PASSED] - All options with index in [2] are selected on object 'Object Repository/MOH AND GRN/Page_KDMC - CMS/select_--Select--Schedule 1Inj'

2018-05-14 13:35:26 - [TEST_STEP][PASSED] - selectOptionByIndex: All options with index in [4] are selected on object 'Object Repository/MOH AND GRN/Page_KDMC - CMS/select_--Select--Adernaline 0.'

2018-05-14 13:35:26 - [MESSAGE][PASSED] - All options with index in [4] are selected on object 'Object Repository/MOH AND GRN/Page_KDMC - CMS/select_--Select--Adernaline 0.'

2018-05-14 13:35:26 - [TEST_STEP][PASSED] - setText: Text '5000' is set on object 'Object Repository/MOH AND GRN/Page_KDMC - CMS/input_txttreat'

2018-05-14 13:35:26 - [MESSAGE][PASSED] - Text '5000' is set on object 'Object Repository/MOH AND GRN/Page_KDMC - CMS/input_txttreat'

2018-05-14 13:35:26 - [TEST_STEP][PASSED] - click: Object: 'Object Repository/MOH AND GRN/Page_KDMC - CMS/button_Add' is clicked on

2018-05-14 13:35:26 - [MESSAGE][PASSED] - Object: 'Object Repository/MOH AND GRN/Page_KDMC - CMS/button_Add' is clicked on

2018-05-14 13:35:26 - [TEST_STEP][PASSED] - selectOptionByIndex: All options with index in [2] are selected on object 'Object Repository/MOH AND GRN/Page_KDMC - CMS/select_--Select--Schedule 1Inj'

2018-05-14 13:35:26 - [MESSAGE][PASSED] - All options with index in [2] are selected on object 'Object Repository/MOH AND GRN/Page_KDMC - CMS/select_--Select--Schedule 1Inj'

2018-05-14 13:35:26 - [TEST_STEP][PASSED] - selectOptionByIndex: All options with index in [5] are selected on object 'Object Repository/MOH AND GRN/Page_KDMC - CMS/select_--Select--Adernaline 0.'

2018-05-14 13:35:27 - [MESSAGE][PASSED] - All options with index in [5] are selected on object 'Object Repository/MOH AND GRN/Page_KDMC - CMS/select_--Select--Adernaline 0.'

2018-05-14 13:35:27 - [TEST_STEP][PASSED] - setText: Text '5000' is set on object 'Object Repository/MOH AND GRN/Page_KDMC - CMS/input_txttreat'

2018-05-14 13:35:27 - [MESSAGE][PASSED] - Text '5000' is set on object 'Object Repository/MOH AND GRN/Page_KDMC - CMS/input_txttreat'

2018-05-14 13:35:27 - [TEST_STEP][PASSED] - click: Object: 'Object Repository/MOH AND GRN/Page_KDMC - CMS/button_Add' is clicked on

2018-05-14 13:35:27 - [MESSAGE][PASSED] - Object: 'Object Repository/MOH AND GRN/Page_KDMC - CMS/button_Add' is clicked on

2018-05-14 13:35:27 - [TEST_STEP][PASSED] - selectOptionByIndex: All options with index in [2] are selected on object 'Object Repository/MOH AND GRN/Page_KDMC - CMS/select_--Select--Schedule 1Inj'

2018-05-14 13:35:27 - [MESSAGE][PASSED] - All options with index in [2] are selected on object 'Object Repository/MOH AND GRN/Page_KDMC - CMS/select_--Select--Schedule 1Inj'

2018-05-14 13:35:27 - [TEST_STEP][PASSED] - selectOptionByIndex: All options with index in [6] are selected on object 'Object Repository/MOH AND GRN/Page_KDMC - CMS/select_--Select--Adernaline 0.'

2018-05-14 13:35:27 - [MESSAGE][PASSED] - All options with index in [6] are selected on object 'Object Repository/MOH AND GRN/Page_KDMC - CMS/select_--Select--Adernaline 0.'

2018-05-14 13:35:27 - [TEST_STEP][PASSED] - setText: Text '5000' is set on object 'Object Repository/MOH AND GRN/Page_KDMC - CMS/input_txttreat'

2018-05-14 13:35:27 - [MESSAGE][PASSED] - Text '5000' is set on object 'Object Repository/MOH AND GRN/Page_KDMC - CMS/input_txttreat'

2018-05-14 13:35:27 - [TEST_STEP][PASSED] - click: Object: 'Object Repository/MOH AND GRN/Page_KDMC - CMS/button_Add' is clicked on

2018-05-14 13:35:27 - [MESSAGE][PASSED] - Object: 'Object Repository/MOH AND GRN/Page_KDMC - CMS/button_Add' is clicked on

2018-05-14 13:35:27 - [TEST_STEP][PASSED] - selectOptionByIndex: All options with index in [2] are selected on object 'Object Repository/MOH AND GRN/Page_KDMC - CMS/select_--Select--Schedule 1Inj'

2018-05-14 13:35:27 - [MESSAGE][PASSED] - All options with index in [2] are selected on object 'Object Repository/MOH AND GRN/Page_KDMC - CMS/select_--Select--Schedule 1Inj'

2018-05-14 13:35:27 - [TEST_STEP][PASSED] - selectOptionByIndex: All options with index in [7] are selected on object 'Object Repository/MOH AND GRN/Page_KDMC - CMS/select_--Select--Adernaline 0.'

2018-05-14 13:35:28 - [MESSAGE][PASSED] - All options with index in [7] are selected on object 'Object Repository/MOH AND GRN/Page_KDMC - CMS/select_--Select--Adernaline 0.'

2018-05-14 13:35:28 - [TEST_STEP][PASSED] - setText: Text '5000' is set on object 'Object Repository/MOH AND GRN/Page_KDMC - CMS/input_txttreat'

2018-05-14 13:35:28 - [MESSAGE][PASSED] - Text '5000' is set on object 'Object Repository/MOH AND GRN/Page_KDMC - CMS/input_txttreat'

2018-05-14 13:35:28 - [TEST_STEP][PASSED] - click: Object: 'Object Repository/MOH AND GRN/Page_KDMC - CMS/button_Add' is clicked on

2018-05-14 13:35:28 - [MESSAGE][PASSED] - Object: 'Object Repository/MOH AND GRN/Page_KDMC - CMS/button_Add' is clicked on

2018-05-14 13:35:28 - [TEST_STEP][PASSED] - selectOptionByIndex: All options with index in [2] are selected on object 'Object Repository/MOH AND GRN/Page_KDMC - CMS/select_--Select--Schedule 1Inj'

2018-05-14 13:35:28 - [MESSAGE][PASSED] - All options with index in [2] are selected on object 'Object Repository/MOH AND GRN/Page_KDMC - CMS/select_--Select--Schedule 1Inj'

2018-05-14 13:35:28 - [TEST_STEP][PASSED] - selectOptionByIndex: All options with index in [8] are selected on object 'Object Repository/MOH AND GRN/Page_KDMC - CMS/select_--Select--Adernaline 0.'

2018-05-14 13:35:28 - [MESSAGE][PASSED] - All options with index in [8] are selected on object 'Object Repository/MOH AND GRN/Page_KDMC - CMS/select_--Select--Adernaline 0.'

2018-05-14 13:35:28 - [TEST_STEP][PASSED] - setText: Text '5000' is set on object 'Object Repository/MOH AND GRN/Page_KDMC - CMS/input_txttreat'

2018-05-14 13:35:28 - [MESSAGE][PASSED] - Text '5000' is set on object 'Object Repository/MOH AND GRN/Page_KDMC - CMS/input_txttreat'

2018-05-14 13:35:28 - [TEST_STEP][PASSED] - click: Object: 'Object Repository/MOH AND GRN/Page_KDMC - CMS/button_Add' is clicked on

2018-05-14 13:35:28 - [MESSAGE][PASSED] - Object: 'Object Repository/MOH AND GRN/Page_KDMC - CMS/button_Add' is clicked on

2018-05-14 13:35:28 - [TEST_STEP][PASSED] - selectOptionByIndex: All options with index in [2] are selected on object 'Object Repository/MOH AND GRN/Page_KDMC - CMS/select_--Select--Schedule 1Inj'

2018-05-14 13:35:28 - [MESSAGE][PASSED] - All options with index in [2] are selected on object 'Object Repository/MOH AND GRN/Page_KDMC - CMS/select_--Select--Schedule 1Inj'

2018-05-14 13:35:28 - [TEST_STEP][PASSED] - selectOptionByIndex: All options with index in [9] are selected on object 'Object Repository/MOH AND GRN/Page_KDMC - CMS/select_--Select--Adernaline 0.'

2018-05-14 13:35:29 - [MESSAGE][PASSED] - All options with index in [9] are selected on object 'Object Repository/MOH AND GRN/Page_KDMC - CMS/select_--Select--Adernaline 0.'

2018-05-14 13:35:29 - [TEST_STEP][PASSED] - setText: Text '5000' is set on object 'Object Repository/MOH AND GRN/Page_KDMC - CMS/input_txttreat'

2018-05-14 13:35:29 - [MESSAGE][PASSED] - Text '5000' is set on object 'Object Repository/MOH AND GRN/Page_KDMC - CMS/input_txttreat'

2018-05-14 13:35:29 - [TEST_STEP][PASSED] - click: Object: 'Object Repository/MOH AND GRN/Page_KDMC - CMS/button_Add' is clicked on

2018-05-14 13:35:29 - [MESSAGE][PASSED] - Object: 'Object Repository/MOH AND GRN/Page_KDMC - CMS/button_Add' is clicked on

2018-05-14 13:35:29 - [TEST_STEP][PASSED] - selectOptionByIndex: All options with index in [2] are selected on object 'Object Repository/MOH AND GRN/Page_KDMC - CMS/select_--Select--Schedule 1Inj'

2018-05-14 13:35:29 - [MESSAGE][PASSED] - All options with index in [2] are selected on object 'Object Repository/MOH AND GRN/Page_KDMC - CMS/select_--Select--Schedule 1Inj'

2018-05-14 13:35:29 - [TEST_STEP][PASSED] - selectOptionByIndex: All options with index in [10] are selected on object 'Object Repository/MOH AND GRN/Page_KDMC - CMS/select_--Select--Adernaline 0.'

2018-05-14 13:35:29 - [MESSAGE][PASSED] - All options with index in [10] are selected on object 'Object Repository/MOH AND GRN/Page_KDMC - CMS/select_--Select--Adernaline 0.'

2018-05-14 13:35:29 - [TEST_STEP][PASSED] - setText: Text '5000' is set on object 'Object Repository/MOH AND GRN/Page_KDMC - CMS/input_txttreat'

2018-05-14 13:35:29 - [MESSAGE][PASSED] - Text '5000' is set on object 'Object Repository/MOH AND GRN/Page_KDMC - CMS/input_txttreat'

2018-05-14 13:35:29 - [TEST_STEP][PASSED] - click: Object: 'Object Repository/MOH AND GRN/Page_KDMC - CMS/button_Add' is clicked on

2018-05-14 13:35:29 - [MESSAGE][PASSED] - Object: 'Object Repository/MOH AND GRN/Page_KDMC - CMS/button_Add' is clicked on

2018-05-14 13:35:29 - [TEST_STEP][PASSED] - selectOptionByIndex: All options with index in [2] are selected on object 'Object Repository/MOH AND GRN/Page_KDMC - CMS/select_--Select--Schedule 1Inj'

2018-05-14 13:35:30 - [MESSAGE][PASSED] - All options with index in [2] are selected on object 'Object Repository/MOH AND GRN/Page_KDMC - CMS/select_--Select--Schedule 1Inj'

2018-05-14 13:35:30 - [TEST_STEP][PASSED] - selectOptionByIndex: All options with index in [11] are selected on object 'Object Repository/MOH AND GRN/Page_KDMC - CMS/select_--Select--Adernaline 0.'

2018-05-14 13:35:30 - [MESSAGE][PASSED] - All options with index in [11] are selected on object 'Object Repository/MOH AND GRN/Page_KDMC - CMS/select_--Select--Adernaline 0.'

2018-05-14 13:35:30 - [TEST_STEP][PASSED] - setText: Text '5000' is set on object 'Object Repository/MOH AND GRN/Page_KDMC - CMS/input_txttreat'

2018-05-14 13:35:30 - [MESSAGE][PASSED] - Text '5000' is set on object 'Object Repository/MOH AND GRN/Page_KDMC - CMS/input_txttreat'

2018-05-14 13:35:30 - [TEST_STEP][PASSED] - click: Object: 'Object Repository/MOH AND GRN/Page_KDMC - CMS/button_Add' is clicked on

2018-05-14 13:35:30 - [MESSAGE][PASSED] - Object: 'Object Repository/MOH AND GRN/Page_KDMC - CMS/button_Add' is clicked on

2018-05-14 13:35:30 - [TEST_STEP][PASSED] - selectOptionByIndex: All options with index in [2] are selected on object 'Object Repository/MOH AND GRN/Page_KDMC - CMS/select_--Select--Schedule 1Inj'

2018-05-14 13:35:30 - [MESSAGE][PASSED] - All options with index in [2] are selected on object 'Object Repository/MOH AND GRN/Page_KDMC - CMS/select_--Select--Schedule 1Inj'

2018-05-14 13:35:30 - [TEST_STEP][PASSED] - selectOptionByIndex: All options with index in [12] are selected on object 'Object Repository/MOH AND GRN/Page_KDMC - CMS/select_--Select--Adernaline 0.'

2018-05-14 13:35:30 - [MESSAGE][PASSED] - All options with index in [12] are selected on object 'Object Repository/MOH AND GRN/Page_KDMC - CMS/select_--Select--Adernaline 0.'

2018-05-14 13:35:30 - [TEST_STEP][PASSED] - setText: Text '5000' is set on object 'Object Repository/MOH AND GRN/Page_KDMC - CMS/input_txttreat'

2018-05-14 13:35:30 - [MESSAGE][PASSED] - Text '5000' is set on object 'Object Repository/MOH AND GRN/Page_KDMC - CMS/input_txttreat'

2018-05-14 13:35:30 - [TEST_STEP][PASSED] - click: Object: 'Object Repository/MOH AND GRN/Page_KDMC - CMS/button_Add' is clicked on

2018-05-14 13:35:30 - [MESSAGE][PASSED] - Object: 'Object Repository/MOH AND GRN/Page_KDMC - CMS/button_Add' is clicked on

2018-05-14 13:35:30 - [TEST_STEP][PASSED] - selectOptionByIndex: All options with index in [2] are selected on object 'Object Repository/MOH AND GRN/Page_KDMC - CMS/select_--Select--Schedule 1Inj'

2018-05-14 13:35:31 - [MESSAGE][PASSED] - All options with index in [2] are selected on object 'Object Repository/MOH AND GRN/Page_KDMC - CMS/select_--Select--Schedule 1Inj'

2018-05-14 13:35:31 - [TEST_STEP][PASSED] - selectOptionByIndex: All options with index in [13] are selected on object 'Object Repository/MOH AND GRN/Page_KDMC - CMS/select_--Select--Adernaline 0.'

2018-05-14 13:35:31 - [MESSAGE][PASSED] - All options with index in [13] are selected on object 'Object Repository/MOH AND GRN/Page_KDMC - CMS/select_--Select--Adernaline 0.'

2018-05-14 13:35:31 - [TEST_STEP][PASSED] - setText: Text '5000' is set on object 'Object Repository/MOH AND GRN/Page_KDMC - CMS/input_txttreat'

2018-05-14 13:35:31 - [MESSAGE][PASSED] - Text '5000' is set on object 'Object Repository/MOH AND GRN/Page_KDMC - CMS/input_txttreat'

2018-05-14 13:35:31 - [TEST_STEP][PASSED] - click: Object: 'Object Repository/MOH AND GRN/Page_KDMC - CMS/button_Add' is clicked on

2018-05-14 13:35:31 - [MESSAGE][PASSED] - Object: 'Object Repository/MOH AND GRN/Page_KDMC - CMS/button_Add' is clicked on

2018-05-14 13:35:31 - [TEST_STEP][PASSED] - selectOptionByIndex: All options with index in [2] are selected on object 'Object Repository/MOH AND GRN/Page_KDMC - CMS/select_--Select--Schedule 1Inj'

2018-05-14 13:35:31 - [MESSAGE][PASSED] - All options with index in [2] are selected on object 'Object Repository/MOH AND GRN/Page_KDMC - CMS/select_--Select--Schedule 1Inj'

2018-05-14 13:35:31 - [TEST_STEP][PASSED] - selectOptionByIndex: All options with index in [14] are selected on object 'Object Repository/MOH AND GRN/Page_KDMC - CMS/select_--Select--Adernaline 0.'

2018-05-14 13:35:31 - [MESSAGE][PASSED] - All options with index in [14] are selected on object 'Object Repository/MOH AND GRN/Page_KDMC - CMS/select_--Select--Adernaline 0.'

2018-05-14 13:35:31 - [TEST_STEP][PASSED] - setText: Text '5000' is set on object 'Object Repository/MOH AND GRN/Page_KDMC - CMS/input_txttreat'

2018-05-14 13:35:31 - [MESSAGE][PASSED] - Text '5000' is set on object 'Object Repository/MOH AND GRN/Page_KDMC - CMS/input_txttreat'

2018-05-14 13:35:31 - [TEST_STEP][PASSED] - click: Object: 'Object Repository/MOH AND GRN/Page_KDMC - CMS/button_Add' is clicked on

2018-05-14 13:35:32 - [MESSAGE][PASSED] - Object: 'Object Repository/MOH AND GRN/Page_KDMC - CMS/button_Add' is clicked on

2018-05-14 13:35:32 - [TEST_STEP][PASSED] - selectOptionByIndex: All options with index in [2] are selected on object 'Object Repository/MOH AND GRN/Page_KDMC - CMS/select_--Select--Schedule 1Inj'

2018-05-14 13:35:32 - [MESSAGE][PASSED] - All options with index in [2] are selected on object 'Object Repository/MOH AND GRN/Page_KDMC - CMS/select_--Select--Schedule 1Inj'

2018-05-14 13:35:32 - [TEST_STEP][PASSED] - selectOptionByIndex: All options with index in [15] are selected on object 'Object Repository/MOH AND GRN/Page_KDMC - CMS/select_--Select--Adernaline 0.'

2018-05-14 13:35:32 - [MESSAGE][PASSED] - All options with index in [15] are selected on object 'Object Repository/MOH AND GRN/Page_KDMC - CMS/select_--Select--Adernaline 0.'

2018-05-14 13:35:32 - [TEST_STEP][PASSED] - setText: Text '5000' is set on object 'Object Repository/MOH AND GRN/Page_KDMC - CMS/input_txttreat'

2018-05-14 13:35:32 - [MESSAGE][PASSED] - Text '5000' is set on object 'Object Repository/MOH AND GRN/Page_KDMC - CMS/input_txttreat'

2018-05-14 13:35:32 - [TEST_STEP][PASSED] - click: Object: 'Object Repository/MOH AND GRN/Page_KDMC - CMS/button_Add' is clicked on

2018-05-14 13:35:32 - [MESSAGE][PASSED] - Object: 'Object Repository/MOH AND GRN/Page_KDMC - CMS/button_Add' is clicked on

2018-05-14 13:35:32 - [TEST_STEP][PASSED] - selectOptionByIndex: All options with index in [2] are selected on object 'Object Repository/MOH AND GRN/Page_KDMC - CMS/select_--Select--Schedule 1Inj'

2018-05-14 13:35:32 - [MESSAGE][PASSED] - All options with index in [2] are selected on object 'Object Repository/MOH AND GRN/Page_KDMC - CMS/select_--Select--Schedule 1Inj'

2018-05-14 13:35:32 - [TEST_STEP][PASSED] - selectOptionByIndex: All options with index in [16] are selected on object 'Object Repository/MOH AND GRN/Page_KDMC - CMS/select_--Select--Adernaline 0.'

2018-05-14 13:35:33 - [MESSAGE][PASSED] - All options with index in [16] are selected on object 'Object Repository/MOH AND GRN/Page_KDMC - CMS/select_--Select--Adernaline 0.'

2018-05-14 13:35:33 - [TEST_STEP][PASSED] - setText: Text '5000' is set on object 'Object Repository/MOH AND GRN/Page_KDMC - CMS/input_txttreat'

2018-05-14 13:35:33 - [MESSAGE][PASSED] - Text '5000' is set on object 'Object Repository/MOH AND GRN/Page_KDMC - CMS/input_txttreat'

2018-05-14 13:35:33 - [TEST_STEP][PASSED] - click: Object: 'Object Repository/MOH AND GRN/Page_KDMC - CMS/button_Add' is clicked on

2018-05-14 13:35:33 - [MESSAGE][PASSED] - Object: 'Object Repository/MOH AND GRN/Page_KDMC - CMS/button_Add' is clicked on

2018-05-14 13:35:33 - [TEST_STEP][PASSED] - selectOptionByIndex: All options with index in [2] are selected on object 'Object Repository/MOH AND GRN/Page_KDMC - CMS/select_--Select--Schedule 1Inj'

2018-05-14 13:35:33 - [MESSAGE][PASSED] - All options with index in [2] are selected on object 'Object Repository/MOH AND GRN/Page_KDMC - CMS/select_--Select--Schedule 1Inj'

2018-05-14 13:35:33 - [TEST_STEP][PASSED] - selectOptionByIndex: All options with index in [17] are selected on object 'Object Repository/MOH AND GRN/Page_KDMC - CMS/select_--Select--Adernaline 0.'

2018-05-14 13:35:33 - [MESSAGE][PASSED] - All options with index in [17] are selected on object 'Object Repository/MOH AND GRN/Page_KDMC - CMS/select_--Select--Adernaline 0.'

2018-05-14 13:35:33 - [TEST_STEP][PASSED] - setText: Text '5000' is set on object 'Object Repository/MOH AND GRN/Page_KDMC - CMS/input_txttreat'

2018-05-14 13:35:33 - [MESSAGE][PASSED] - Text '5000' is set on object 'Object Repository/MOH AND GRN/Page_KDMC - CMS/input_txttreat'

2018-05-14 13:35:33 - [TEST_STEP][PASSED] - click: Object: 'Object Repository/MOH AND GRN/Page_KDMC - CMS/button_Add' is clicked on

2018-05-14 13:35:33 - [MESSAGE][PASSED] - Object: 'Object Repository/MOH AND GRN/Page_KDMC - CMS/button_Add' is clicked on

2018-05-14 13:35:33 - [TEST_STEP][PASSED] - selectOptionByIndex: All options with index in [2] are selected on object 'Object Repository/MOH AND GRN/Page_KDMC - CMS/select_--Select--Schedule 1Inj'

2018-05-14 13:35:33 - [MESSAGE][PASSED] - All options with index in [2] are selected on object 'Object Repository/MOH AND GRN/Page_KDMC - CMS/select_--Select--Schedule 1Inj'

2018-05-14 13:35:33 - [TEST_STEP][PASSED] - selectOptionByIndex: All options with index in [18] are selected on object 'Object Repository/MOH AND GRN/Page_KDMC - CMS/select_--Select--Adernaline 0.'

2018-05-14 13:35:34 - [MESSAGE][PASSED] - All options with index in [18] are selected on object 'Object Repository/MOH AND GRN/Page_KDMC - CMS/select_--Select--Adernaline 0.'

2018-05-14 13:35:34 - [TEST_STEP][PASSED] - setText: Text '5000' is set on object 'Object Repository/MOH AND GRN/Page_KDMC - CMS/input_txttreat'

2018-05-14 13:35:34 - [MESSAGE][PASSED] - Text '5000' is set on object 'Object Repository/MOH AND GRN/Page_KDMC - CMS/input_txttreat'

2018-05-14 13:35:34 - [TEST_STEP][PASSED] - click: Object: 'Object Repository/MOH AND GRN/Page_KDMC - CMS/button_Add' is clicked on

2018-05-14 13:35:34 - [MESSAGE][PASSED] - Object: 'Object Repository/MOH AND GRN/Page_KDMC - CMS/button_Add' is clicked on

2018-05-14 13:35:34 - [TEST_STEP][PASSED] - selectOptionByIndex: All options with index in [2] are selected on object 'Object Repository/MOH AND GRN/Page_KDMC - CMS/select_--Select--Schedule 1Inj'

2018-05-14 13:35:34 - [MESSAGE][PASSED] - All options with index in [2] are selected on object 'Object Repository/MOH AND GRN/Page_KDMC - CMS/select_--Select--Schedule 1Inj'

2018-05-14 13:35:34 - [TEST_STEP][PASSED] - selectOptionByIndex: All options with index in [19] are selected on object 'Object Repository/MOH AND GRN/Page_KDMC - CMS/select_--Select--Adernaline 0.'

2018-05-14 13:35:34 - [MESSAGE][PASSED] - All options with index in [19] are selected on object 'Object Repository/MOH AND GRN/Page_KDMC - CMS/select_--Select--Adernaline 0.'

2018-05-14 13:35:34 - [TEST_STEP][PASSED] - setText: Text '5000' is set on object 'Object Repository/MOH AND GRN/Page_KDMC - CMS/input_txttreat'

2018-05-14 13:35:34 - [MESSAGE][PASSED] - Text '5000' is set on object 'Object Repository/MOH AND GRN/Page_KDMC - CMS/input_txttreat'

2018-05-14 13:35:34 - [TEST_STEP][PASSED] - click: Object: 'Object Repository/MOH AND GRN/Page_KDMC - CMS/button_Add' is clicked on

2018-05-14 13:35:34 - [MESSAGE][PASSED] - Object: 'Object Repository/MOH AND GRN/Page_KDMC - CMS/button_Add' is clicked on

2018-05-14 13:35:34 - [TEST_STEP][PASSED] - selectOptionByIndex: All options with index in [2] are selected on object 'Object Repository/MOH AND GRN/Page_KDMC - CMS/select_--Select--Schedule 1Inj'

2018-05-14 13:35:35 - [MESSAGE][PASSED] - All options with index in [2] are selected on object 'Object Repository/MOH AND GRN/Page_KDMC - CMS/select_--Select--Schedule 1Inj'

2018-05-14 13:35:35 - [TEST_STEP][PASSED] - selectOptionByIndex: All options with index in [20] are selected on object 'Object Repository/MOH AND GRN/Page_KDMC - CMS/select_--Select--Adernaline 0.'

2018-05-14 13:35:35 - [MESSAGE][PASSED] - All options with index in [20] are selected on object 'Object Repository/MOH AND GRN/Page_KDMC - CMS/select_--Select--Adernaline 0.'

2018-05-14 13:35:35 - [TEST_STEP][PASSED] - setText: Text '5000' is set on object 'Object Repository/MOH AND GRN/Page_KDMC - CMS/input_txttreat'

2018-05-14 13:35:35 - [MESSAGE][PASSED] - Text '5000' is set on object 'Object Repository/MOH AND GRN/Page_KDMC - CMS/input_txttreat'

2018-05-14 13:35:35 - [TEST_STEP][PASSED] - click: Object: 'Object Repository/MOH AND GRN/Page_KDMC - CMS/button_Add' is clicked on

2018-05-14 13:35:35 - [MESSAGE][PASSED] - Object: 'Object Repository/MOH AND GRN/Page_KDMC - CMS/button_Add' is clicked on

2018-05-14 13:35:35 - [TEST_STEP][PASSED] - selectOptionByIndex: All options with index in [2] are selected on object 'Object Repository/MOH AND GRN/Page_KDMC - CMS/select_--Select--Schedule 1Inj'

2018-05-14 13:35:35 - [MESSAGE][PASSED] - All options with index in [2] are selected on object 'Object Repository/MOH AND GRN/Page_KDMC - CMS/select_--Select--Schedule 1Inj'

2018-05-14 13:35:35 - [TEST_STEP][PASSED] - selectOptionByIndex: All options with index in [21] are selected on object 'Object Repository/MOH AND GRN/Page_KDMC - CMS/select_--Select--Adernaline 0.'

2018-05-14 13:35:36 - [MESSAGE][PASSED] - All options with index in [21] are selected on object 'Object Repository/MOH AND GRN/Page_KDMC - CMS/select_--Select--Adernaline 0.'

2018-05-14 13:35:36 - [TEST_STEP][PASSED] - setText: Text '5000' is set on object 'Object Repository/MOH AND GRN/Page_KDMC - CMS/input_txttreat'

2018-05-14 13:35:36 - [MESSAGE][PASSED] - Text '5000' is set on object 'Object Repository/MOH AND GRN/Page_KDMC - CMS/input_txttreat'

2018-05-14 13:35:36 - [TEST_STEP][PASSED] - click: Object: 'Object Repository/MOH AND GRN/Page_KDMC - CMS/button_Add' is clicked on

2018-05-14 13:35:36 - [MESSAGE][PASSED] - Object: 'Object Repository/MOH AND GRN/Page_KDMC - CMS/button_Add' is clicked on

2018-05-14 13:35:36 - [TEST_STEP][PASSED] - selectOptionByIndex: All options with index in [2] are selected on object 'Object Repository/MOH AND GRN/Page_KDMC - CMS/select_--Select--Schedule 1Inj'

2018-05-14 13:35:36 - [MESSAGE][PASSED] - All options with index in [2] are selected on object 'Object Repository/MOH AND GRN/Page_KDMC - CMS/select_--Select--Schedule 1Inj'

2018-05-14 13:35:36 - [TEST_STEP][PASSED] - selectOptionByIndex: All options with index in [22] are selected on object 'Object Repository/MOH AND GRN/Page_KDMC - CMS/select_--Select--Adernaline 0.'

2018-05-14 13:35:36 - [MESSAGE][PASSED] - All options with index in [22] are selected on object 'Object Repository/MOH AND GRN/Page_KDMC - CMS/select_--Select--Adernaline 0.'

2018-05-14 13:35:36 - [TEST_STEP][PASSED] - setText: Text '5000' is set on object 'Object Repository/MOH AND GRN/Page_KDMC - CMS/input_txttreat'

2018-05-14 13:35:36 - [MESSAGE][PASSED] - Text '5000' is set on object 'Object Repository/MOH AND GRN/Page_KDMC - CMS/input_txttreat'

2018-05-14 13:35:36 - [TEST_STEP][PASSED] - click: Object: 'Object Repository/MOH AND GRN/Page_KDMC - CMS/button_Add' is clicked on

2018-05-14 13:35:36 - [MESSAGE][PASSED] - Object: 'Object Repository/MOH AND GRN/Page_KDMC - CMS/button_Add' is clicked on

2018-05-14 13:35:36 - [TEST_STEP][PASSED] - selectOptionByIndex: All options with index in [2] are selected on object 'Object Repository/MOH AND GRN/Page_KDMC - CMS/select_--Select--Schedule 1Inj'

2018-05-14 13:35:36 - [MESSAGE][PASSED] - All options with index in [2] are selected on object 'Object Repository/MOH AND GRN/Page_KDMC - CMS/select_--Select--Schedule 1Inj'

2018-05-14 13:35:36 - [TEST_STEP][PASSED] - selectOptionByIndex: All options with index in [23] are selected on object 'Object Repository/MOH AND GRN/Page_KDMC - CMS/select_--Select--Adernaline 0.'

2018-05-14 13:35:37 - [MESSAGE][PASSED] - All options with index in [23] are selected on object 'Object Repository/MOH AND GRN/Page_KDMC - CMS/select_--Select--Adernaline 0.'

2018-05-14 13:35:37 - [TEST_STEP][PASSED] - setText: Text '5000' is set on object 'Object Repository/MOH AND GRN/Page_KDMC - CMS/input_txttreat'

2018-05-14 13:35:37 - [MESSAGE][PASSED] - Text '5000' is set on object 'Object Repository/MOH AND GRN/Page_KDMC - CMS/input_txttreat'

2018-05-14 13:35:37 - [TEST_STEP][PASSED] - click: Object: 'Object Repository/MOH AND GRN/Page_KDMC - CMS/button_Add' is clicked on

2018-05-14 13:35:37 - [MESSAGE][PASSED] - Object: 'Object Repository/MOH AND GRN/Page_KDMC - CMS/button_Add' is clicked on

2018-05-14 13:35:37 - [TEST_STEP][PASSED] - selectOptionByIndex: All options with index in [2] are selected on object 'Object Repository/MOH AND GRN/Page_KDMC - CMS/select_--Select--Schedule 1Inj'

2018-05-14 13:35:37 - [MESSAGE][PASSED] - All options with index in [2] are selected on object 'Object Repository/MOH AND GRN/Page_KDMC - CMS/select_--Select--Schedule 1Inj'

2018-05-14 13:35:37 - [TEST_STEP][PASSED] - selectOptionByIndex: All options with index in [24] are selected on object 'Object Repository/MOH AND GRN/Page_KDMC - CMS/select_--Select--Adernaline 0.'

2018-05-14 13:35:37 - [MESSAGE][PASSED] - All options with index in [24] are selected on object 'Object Repository/MOH AND GRN/Page_KDMC - CMS/select_--Select--Adernaline 0.'

2018-05-14 13:35:37 - [TEST_STEP][PASSED] - setText: Text '5000' is set on object 'Object Repository/MOH AND GRN/Page_KDMC - CMS/input_txttreat'

2018-05-14 13:35:38 - [MESSAGE][PASSED] - Text '5000' is set on object 'Object Repository/MOH AND GRN/Page_KDMC - CMS/input_txttreat'

2018-05-14 13:35:38 - [TEST_STEP][PASSED] - click: Object: 'Object Repository/MOH AND GRN/Page_KDMC - CMS/button_Add' is clicked on

2018-05-14 13:35:38 - [MESSAGE][PASSED] - Object: 'Object Repository/MOH AND GRN/Page_KDMC - CMS/button_Add' is clicked on

2018-05-14 13:35:38 - [TEST_STEP][PASSED] - selectOptionByIndex: All options with index in [2] are selected on object 'Object Repository/MOH AND GRN/Page_KDMC - CMS/select_--Select--Schedule 1Inj'

2018-05-14 13:35:38 - [MESSAGE][PASSED] - All options with index in [2] are selected on object 'Object Repository/MOH AND GRN/Page_KDMC - CMS/select_--Select--Schedule 1Inj'

2018-05-14 13:35:38 - [TEST_STEP][PASSED] - selectOptionByIndex: All options with index in [25] are selected on object 'Object Repository/MOH AND GRN/Page_KDMC - CMS/select_--Select--Adernaline 0.'

2018-05-14 13:35:38 - [MESSAGE][PASSED] - All options with index in [25] are selected on object 'Object Repository/MOH AND GRN/Page_KDMC - CMS/select_--Select--Adernaline 0.'

2018-05-14 13:35:38 - [TEST_STEP][PASSED] - setText: Text '5000' is set on object 'Object Repository/MOH AND GRN/Page_KDMC - CMS/input_txttreat'

2018-05-14 13:35:38 - [MESSAGE][PASSED] - Text '5000' is set on object 'Object Repository/MOH AND GRN/Page_KDMC - CMS/input_txttreat'

2018-05-14 13:35:38 - [TEST_STEP][PASSED] - click: Object: 'Object Repository/MOH AND GRN/Page_KDMC - CMS/button_Add' is clicked on

2018-05-14 13:35:38 - [MESSAGE][PASSED] - Object: 'Object Repository/MOH AND GRN/Page_KDMC - CMS/button_Add' is clicked on

2018-05-14 13:35:38 - [TEST_STEP][PASSED] - selectOptionByIndex: All options with index in [2] are selected on object 'Object Repository/MOH AND GRN/Page_KDMC - CMS/select_--Select--Schedule 1Inj'

2018-05-14 13:35:38 - [MESSAGE][PASSED] - All options with index in [2] are selected on object 'Object Repository/MOH AND GRN/Page_KDMC - CMS/select_--Select--Schedule 1Inj'

2018-05-14 13:35:38 - [TEST_STEP][PASSED] - selectOptionByIndex: All options with index in [26] are selected on object 'Object Repository/MOH AND GRN/Page_KDMC - CMS/select_--Select--Adernaline 0.'

2018-05-14 13:35:39 - [MESSAGE][PASSED] - All options with index in [26] are selected on object 'Object Repository/MOH AND GRN/Page_KDMC - CMS/select_--Select--Adernaline 0.'

2018-05-14 13:35:39 - [TEST_STEP][PASSED] - setText: Text '5000' is set on object 'Object Repository/MOH AND GRN/Page_KDMC - CMS/input_txttreat'

2018-05-14 13:35:39 - [MESSAGE][PASSED] - Text '5000' is set on object 'Object Repository/MOH AND GRN/Page_KDMC - CMS/input_txttreat'

2018-05-14 13:35:39 - [TEST_STEP][PASSED] - click: Object: 'Object Repository/MOH AND GRN/Page_KDMC - CMS/button_Add' is clicked on

2018-05-14 13:35:39 - [MESSAGE][PASSED] - Object: 'Object Repository/MOH AND GRN/Page_KDMC - CMS/button_Add' is clicked on

2018-05-14 13:35:39 - [TEST_STEP][PASSED] - selectOptionByIndex: All options with index in [2] are selected on object 'Object Repository/MOH AND GRN/Page_KDMC - CMS/select_--Select--Schedule 1Inj'

2018-05-14 13:35:39 - [MESSAGE][PASSED] - All options with index in [2] are selected on object 'Object Repository/MOH AND GRN/Page_KDMC - CMS/select_--Select--Schedule 1Inj'

2018-05-14 13:35:39 - [TEST_STEP][PASSED] - selectOptionByIndex: All options with index in [27] are selected on object 'Object Repository/MOH AND GRN/Page_KDMC - CMS/select_--Select--Adernaline 0.'

2018-05-14 13:35:40 - [MESSAGE][PASSED] - All options with index in [27] are selected on object 'Object Repository/MOH AND GRN/Page_KDMC - CMS/select_--Select--Adernaline 0.'

2018-05-14 13:35:40 - [TEST_STEP][PASSED] - setText: Text '5000' is set on object 'Object Repository/MOH AND GRN/Page_KDMC - CMS/input_txttreat'

2018-05-14 13:35:40 - [MESSAGE][PASSED] - Text '5000' is set on object 'Object Repository/MOH AND GRN/Page_KDMC - CMS/input_txttreat'

2018-05-14 13:35:40 - [TEST_STEP][PASSED] - click: Object: 'Object Repository/MOH AND GRN/Page_KDMC - CMS/button_Add' is clicked on

2018-05-14 13:35:40 - [MESSAGE][PASSED] - Object: 'Object Repository/MOH AND GRN/Page_KDMC - CMS/button_Add' is clicked on

2018-05-14 13:35:40 - [TEST_STEP][PASSED] - selectOptionByIndex: All options with index in [2] are selected on object 'Object Repository/MOH AND GRN/Page_KDMC - CMS/select_--Select--Schedule 1Inj'

2018-05-14 13:35:40 - [MESSAGE][PASSED] - All options with index in [2] are selected on object 'Object Repository/MOH AND GRN/Page_KDMC - CMS/select_--Select--Schedule 1Inj'

2018-05-14 13:35:40 - [TEST_STEP][PASSED] - selectOptionByIndex: All options with index in [28] are selected on object 'Object Repository/MOH AND GRN/Page_KDMC - CMS/select_--Select--Adernaline 0.'

2018-05-14 13:35:40 - [MESSAGE][PASSED] - All options with index in [28] are selected on object 'Object Repository/MOH AND GRN/Page_KDMC - CMS/select_--Select--Adernaline 0.'

2018-05-14 13:35:40 - [TEST_STEP][PASSED] - setText: Text '5000' is set on object 'Object Repository/MOH AND GRN/Page_KDMC - CMS/input_txttreat'

2018-05-14 13:35:40 - [MESSAGE][PASSED] - Text '5000' is set on object 'Object Repository/MOH AND GRN/Page_KDMC - CMS/input_txttreat'

2018-05-14 13:35:40 - [TEST_STEP][PASSED] - click: Object: 'Object Repository/MOH AND GRN/Page_KDMC - CMS/button_Add' is clicked on

2018-05-14 13:35:40 - [MESSAGE][PASSED] - Object: 'Object Repository/MOH AND GRN/Page_KDMC - CMS/button_Add' is clicked on

2018-05-14 13:35:40 - [TEST_STEP][PASSED] - selectOptionByIndex: All options with index in [2] are selected on object 'Object Repository/MOH AND GRN/Page_KDMC - CMS/select_--Select--Schedule 1Inj'

2018-05-14 13:35:40 - [MESSAGE][PASSED] - All options with index in [2] are selected on object 'Object Repository/MOH AND GRN/Page_KDMC - CMS/select_--Select--Schedule 1Inj'

2018-05-14 13:35:40 - [TEST_STEP][PASSED] - selectOptionByIndex: All options with index in [29] are selected on object 'Object Repository/MOH AND GRN/Page_KDMC - CMS/select_--Select--Adernaline 0.'

2018-05-14 13:35:41 - [MESSAGE][PASSED] - All options with index in [29] are selected on object 'Object Repository/MOH AND GRN/Page_KDMC - CMS/select_--Select--Adernaline 0.'

2018-05-14 13:35:41 - [TEST_STEP][PASSED] - setText: Text '5000' is set on object 'Object Repository/MOH AND GRN/Page_KDMC - CMS/input_txttreat'

2018-05-14 13:35:41 - [MESSAGE][PASSED] - Text '5000' is set on object 'Object Repository/MOH AND GRN/Page_KDMC - CMS/input_txttreat'

2018-05-14 13:35:41 - [TEST_STEP][PASSED] - click: Object: 'Object Repository/MOH AND GRN/Page_KDMC - CMS/button_Add' is clicked on

2018-05-14 13:35:41 - [MESSAGE][PASSED] - Object: 'Object Repository/MOH AND GRN/Page_KDMC - CMS/button_Add' is clicked on

2018-05-14 13:35:41 - [TEST_STEP][PASSED] - selectOptionByIndex: All options with index in [2] are selected on object 'Object Repository/MOH AND GRN/Page_KDMC - CMS/select_--Select--Schedule 1Inj'

2018-05-14 13:35:41 - [MESSAGE][PASSED] - All options with index in [2] are selected on object 'Object Repository/MOH AND GRN/Page_KDMC - CMS/select_--Select--Schedule 1Inj'

2018-05-14 13:35:41 - [TEST_STEP][PASSED] - selectOptionByIndex: All options with index in [30] are selected on object 'Object Repository/MOH AND GRN/Page_KDMC - CMS/select_--Select--Adernaline 0.'

2018-05-14 13:35:42 - [MESSAGE][PASSED] - All options with index in [30] are selected on object 'Object Repository/MOH AND GRN/Page_KDMC - CMS/select_--Select--Adernaline 0.'

2018-05-14 13:35:42 - [TEST_STEP][PASSED] - setText: Text '5000' is set on object 'Object Repository/MOH AND GRN/Page_KDMC - CMS/input_txttreat'

2018-05-14 13:35:42 - [MESSAGE][PASSED] - Text '5000' is set on object 'Object Repository/MOH AND GRN/Page_KDMC - CMS/input_txttreat'

2018-05-14 13:35:42 - [TEST_STEP][PASSED] - click: Object: 'Object Repository/MOH AND GRN/Page_KDMC - CMS/button_Add' is clicked on

2018-05-14 13:35:42 - [MESSAGE][PASSED] - Object: 'Object Repository/MOH AND GRN/Page_KDMC - CMS/button_Add' is clicked on

2018-05-14 13:35:42 - [TEST_STEP][PASSED] - selectOptionByIndex: All options with index in [2] are selected on object 'Object Repository/MOH AND GRN/Page_KDMC - CMS/select_--Select--Schedule 1Inj'

2018-05-14 13:35:42 - [MESSAGE][PASSED] - All options with index in [2] are selected on object 'Object Repository/MOH AND GRN/Page_KDMC - CMS/select_--Select--Schedule 1Inj'

2018-05-14 13:35:42 - [TEST_STEP][PASSED] - selectOptionByIndex: All options with index in [31] are selected on object 'Object Repository/MOH AND GRN/Page_KDMC - CMS/select_--Select--Adernaline 0.'

2018-05-14 13:35:42 - [MESSAGE][PASSED] - All options with index in [31] are selected on object 'Object Repository/MOH AND GRN/Page_KDMC - CMS/select_--Select--Adernaline 0.'

2018-05-14 13:35:42 - [TEST_STEP][PASSED] - setText: Text '5000' is set on object 'Object Repository/MOH AND GRN/Page_KDMC - CMS/input_txttreat'

2018-05-14 13:35:42 - [MESSAGE][PASSED] - Text '5000' is set on object 'Object Repository/MOH AND GRN/Page_KDMC - CMS/input_txttreat'

2018-05-14 13:35:42 - [TEST_STEP][PASSED] - click: Object: 'Object Repository/MOH AND GRN/Page_KDMC - CMS/button_Add' is clicked on

2018-05-14 13:35:43 - [MESSAGE][PASSED] - Object: 'Object Repository/MOH AND GRN/Page_KDMC - CMS/button_Add' is clicked on

2018-05-14 13:35:43 - [TEST_STEP][PASSED] - selectOptionByIndex: All options with index in [2] are selected on object 'Object Repository/MOH AND GRN/Page_KDMC - CMS/select_--Select--Schedule 1Inj'

2018-05-14 13:35:43 - [MESSAGE][PASSED] - All options with index in [2] are selected on object 'Object Repository/MOH AND GRN/Page_KDMC - CMS/select_--Select--Schedule 1Inj'

2018-05-14 13:35:43 - [TEST_STEP][PASSED] - selectOptionByIndex: All options with index in [32] are selected on object 'Object Repository/MOH AND GRN/Page_KDMC - CMS/select_--Select--Adernaline 0.'

2018-05-14 13:35:43 - [MESSAGE][PASSED] - All options with index in [32] are selected on object 'Object Repository/MOH AND GRN/Page_KDMC - CMS/select_--Select--Adernaline 0.'

2018-05-14 13:35:43 - [TEST_STEP][PASSED] - setText: Text '5000' is set on object 'Object Repository/MOH AND GRN/Page_KDMC - CMS/input_txttreat'

2018-05-14 13:35:43 - [MESSAGE][PASSED] - Text '5000' is set on object 'Object Repository/MOH AND GRN/Page_KDMC - CMS/input_txttreat'

2018-05-14 13:35:43 - [TEST_STEP][PASSED] - click: Object: 'Object Repository/MOH AND GRN/Page_KDMC - CMS/button_Add' is clicked on

2018-05-14 13:35:43 - [MESSAGE][PASSED] - Object: 'Object Repository/MOH AND GRN/Page_KDMC - CMS/button_Add' is clicked on

2018-05-14 13:35:43 - [TEST_STEP][PASSED] - selectOptionByIndex: All options with index in [2] are selected on object 'Object Repository/MOH AND GRN/Page_KDMC - CMS/select_--Select--Schedule 1Inj'

2018-05-14 13:35:43 - [MESSAGE][PASSED] - All options with index in [2] are selected on object 'Object Repository/MOH AND GRN/Page_KDMC - CMS/select_--Select--Schedule 1Inj'

2018-05-14 13:35:43 - [TEST_STEP][PASSED] - selectOptionByIndex: All options with index in [33] are selected on object 'Object Repository/MOH AND GRN/Page_KDMC - CMS/select_--Select--Adernaline 0.'

2018-05-14 13:35:44 - [MESSAGE][PASSED] - All options with index in [33] are selected on object 'Object Repository/MOH AND GRN/Page_KDMC - CMS/select_--Select--Adernaline 0.'

2018-05-14 13:35:44 - [TEST_STEP][PASSED] - setText: Text '5000' is set on object 'Object Repository/MOH AND GRN/Page_KDMC - CMS/input_txttreat'

2018-05-14 13:35:44 - [MESSAGE][PASSED] - Text '5000' is set on object 'Object Repository/MOH AND GRN/Page_KDMC - CMS/input_txttreat'

2018-05-14 13:35:44 - [TEST_STEP][PASSED] - click: Object: 'Object Repository/MOH AND GRN/Page_KDMC - CMS/button_Add' is clicked on

2018-05-14 13:35:44 - [MESSAGE][PASSED] - Object: 'Object Repository/MOH AND GRN/Page_KDMC - CMS/button_Add' is clicked on

2018-05-14 13:35:44 - [TEST_STEP][PASSED] - selectOptionByIndex: All options with index in [2] are selected on object 'Object Repository/MOH AND GRN/Page_KDMC - CMS/select_--Select--Schedule 1Inj'

2018-05-14 13:35:44 - [MESSAGE][PASSED] - All options with index in [2] are selected on object 'Object Repository/MOH AND GRN/Page_KDMC - CMS/select_--Select--Schedule 1Inj'

2018-05-14 13:35:44 - [TEST_STEP][PASSED] - selectOptionByIndex: All options with index in [34] are selected on object 'Object Repository/MOH AND GRN/Page_KDMC - CMS/select_--Select--Adernaline 0.'

2018-05-14 13:35:45 - [MESSAGE][PASSED] - All options with index in [34] are selected on object 'Object Repository/MOH AND GRN/Page_KDMC - CMS/select_--Select--Adernaline 0.'

2018-05-14 13:35:45 - [TEST_STEP][PASSED] - setText: Text '5000' is set on object 'Object Repository/MOH AND GRN/Page_KDMC - CMS/input_txttreat'

2018-05-14 13:35:45 - [MESSAGE][PASSED] - Text '5000' is set on object 'Object Repository/MOH AND GRN/Page_KDMC - CMS/input_txttreat'

2018-05-14 13:35:45 - [TEST_STEP][PASSED] - click: Object: 'Object Repository/MOH AND GRN/Page_KDMC - CMS/button_Add' is clicked on

2018-05-14 13:35:45 - [MESSAGE][PASSED] - Object: 'Object Repository/MOH AND GRN/Page_KDMC - CMS/button_Add' is clicked on

2018-05-14 13:35:45 - [TEST_STEP][PASSED] - selectOptionByIndex: All options with index in [2] are selected on object 'Object Repository/MOH AND GRN/Page_KDMC - CMS/select_--Select--Schedule 1Inj'

2018-05-14 13:35:45 - [MESSAGE][PASSED] - All options with index in [2] are selected on object 'Object Repository/MOH AND GRN/Page_KDMC - CMS/select_--Select--Schedule 1Inj'

2018-05-14 13:35:45 - [TEST_STEP][PASSED] - selectOptionByIndex: All options with index in [35] are selected on object 'Object Repository/MOH AND GRN/Page_KDMC - CMS/select_--Select--Adernaline 0.'

2018-05-14 13:35:45 - [MESSAGE][PASSED] - All options with index in [35] are selected on object 'Object Repository/MOH AND GRN/Page_KDMC - CMS/select_--Select--Adernaline 0.'

2018-05-14 13:35:45 - [TEST_STEP][PASSED] - setText: Text '5000' is set on object 'Object Repository/MOH AND GRN/Page_KDMC - CMS/input_txttreat'

2018-05-14 13:35:45 - [MESSAGE][PASSED] - Text '5000' is set on object 'Object Repository/MOH AND GRN/Page_KDMC - CMS/input_txttreat'

2018-05-14 13:35:45 - [TEST_STEP][PASSED] - click: Object: 'Object Repository/MOH AND GRN/Page_KDMC - CMS/button_Add' is clicked on

2018-05-14 13:35:46 - [MESSAGE][PASSED] - Object: 'Object Repository/MOH AND GRN/Page_KDMC - CMS/button_Add' is clicked on

2018-05-14 13:35:46 - [TEST_STEP][PASSED] - selectOptionByIndex: All options with index in [2] are selected on object 'Object Repository/MOH AND GRN/Page_KDMC - CMS/select_--Select--Schedule 1Inj'

2018-05-14 13:35:46 - [MESSAGE][PASSED] - All options with index in [2] are selected on object 'Object Repository/MOH AND GRN/Page_KDMC - CMS/select_--Select--Schedule 1Inj'

2018-05-14 13:35:46 - [TEST_STEP][PASSED] - selectOptionByIndex: All options with index in [36] are selected on object 'Object Repository/MOH AND GRN/Page_KDMC - CMS/select_--Select--Adernaline 0.'

2018-05-14 13:35:46 - [MESSAGE][PASSED] - All options with index in [36] are selected on object 'Object Repository/MOH AND GRN/Page_KDMC - CMS/select_--Select--Adernaline 0.'

2018-05-14 13:35:46 - [TEST_STEP][PASSED] - setText: Text '5000' is set on object 'Object Repository/MOH AND GRN/Page_KDMC - CMS/input_txttreat'

2018-05-14 13:35:46 - [MESSAGE][PASSED] - Text '5000' is set on object 'Object Repository/MOH AND GRN/Page_KDMC - CMS/input_txttreat'

2018-05-14 13:35:46 - [TEST_STEP][PASSED] - click: Object: 'Object Repository/MOH AND GRN/Page_KDMC - CMS/button_Add' is clicked on

2018-05-14 13:35:46 - [MESSAGE][PASSED] - Object: 'Object Repository/MOH AND GRN/Page_KDMC - CMS/button_Add' is clicked on

2018-05-14 13:35:46 - [TEST_STEP][PASSED] - selectOptionByIndex: All options with index in [2] are selected on object 'Object Repository/MOH AND GRN/Page_KDMC - CMS/select_--Select--Schedule 1Inj'

2018-05-14 13:35:46 - [MESSAGE][PASSED] - All options with index in [2] are selected on object 'Object Repository/MOH AND GRN/Page_KDMC - CMS/select_--Select--Schedule 1Inj'

2018-05-14 13:35:46 - [TEST_STEP][PASSED] - selectOptionByIndex: All options with index in [37] are selected on object 'Object Repository/MOH AND GRN/Page_KDMC - CMS/select_--Select--Adernaline 0.'

2018-05-14 13:35:47 - [MESSAGE][PASSED] - All options with index in [37] are selected on object 'Object Repository/MOH AND GRN/Page_KDMC - CMS/select_--Select--Adernaline 0.'

2018-05-14 13:35:47 - [TEST_STEP][PASSED] - setText: Text '5000' is set on object 'Object Repository/MOH AND GRN/Page_KDMC - CMS/input_txttreat'

2018-05-14 13:35:47 - [MESSAGE][PASSED] - Text '5000' is set on object 'Object Repository/MOH AND GRN/Page_KDMC - CMS/input_txttreat'

2018-05-14 13:35:47 - [TEST_STEP][PASSED] - click: Object: 'Object Repository/MOH AND GRN/Page_KDMC - CMS/button_Add' is clicked on

2018-05-14 13:35:47 - [MESSAGE][PASSED] - Object: 'Object Repository/MOH AND GRN/Page_KDMC - CMS/button_Add' is clicked on

2018-05-14 13:35:47 - [TEST_STEP][PASSED] - selectOptionByIndex: All options with index in [2] are selected on object 'Object Repository/MOH AND GRN/Page_KDMC - CMS/select_--Select--Schedule 1Inj'

2018-05-14 13:35:47 - [MESSAGE][PASSED] - All options with index in [2] are selected on object 'Object Repository/MOH AND GRN/Page_KDMC - CMS/select_--Select--Schedule 1Inj'

2018-05-14 13:35:47 - [TEST_STEP][PASSED] - selectOptionByIndex: All options with index in [38] are selected on object 'Object Repository/MOH AND GRN/Page_KDMC - CMS/select_--Select--Adernaline 0.'

2018-05-14 13:35:48 - [MESSAGE][PASSED] - All options with index in [38] are selected on object 'Object Repository/MOH AND GRN/Page_KDMC - CMS/select_--Select--Adernaline 0.'

2018-05-14 13:35:48 - [TEST_STEP][PASSED] - setText: Text '5000' is set on object 'Object Repository/MOH AND GRN/Page_KDMC - CMS/input_txttreat'

2018-05-14 13:35:48 - [MESSAGE][PASSED] - Text '5000' is set on object 'Object Repository/MOH AND GRN/Page_KDMC - CMS/input_txttreat'

2018-05-14 13:35:48 - [TEST_STEP][PASSED] - click: Object: 'Object Repository/MOH AND GRN/Page_KDMC - CMS/button_Add' is clicked on

2018-05-14 13:35:48 - [MESSAGE][PASSED] - Object: 'Object Repository/MOH AND GRN/Page_KDMC - CMS/button_Add' is clicked on

2018-05-14 13:35:48 - [TEST_STEP][PASSED] - selectOptionByIndex: All options with index in [2] are selected on object 'Object Repository/MOH AND GRN/Page_KDMC - CMS/select_--Select--Schedule 1Inj'

2018-05-14 13:35:48 - [MESSAGE][PASSED] - All options with index in [2] are selected on object 'Object Repository/MOH AND GRN/Page_KDMC - CMS/select_--Select--Schedule 1Inj'

2018-05-14 13:35:48 - [TEST_STEP][PASSED] - selectOptionByIndex: All options with index in [39] are selected on object 'Object Repository/MOH AND GRN/Page_KDMC - CMS/select_--Select--Adernaline 0.'

2018-05-14 13:35:49 - [MESSAGE][PASSED] - All options with index in [39] are selected on object 'Object Repository/MOH AND GRN/Page_KDMC - CMS/select_--Select--Adernaline 0.'

2018-05-14 13:35:49 - [TEST_STEP][PASSED] - setText: Text '5000' is set on object 'Object Repository/MOH AND GRN/Page_KDMC - CMS/input_txttreat'

2018-05-14 13:35:49 - [MESSAGE][PASSED] - Text '5000' is set on object 'Object Repository/MOH AND GRN/Page_KDMC - CMS/input_txttreat'

2018-05-14 13:35:49 - [TEST_STEP][PASSED] - click: Object: 'Object Repository/MOH AND GRN/Page_KDMC - CMS/button_Add' is clicked on

2018-05-14 13:35:49 - [MESSAGE][PASSED] - Object: 'Object Repository/MOH AND GRN/Page_KDMC - CMS/button_Add' is clicked on

2018-05-14 13:35:49 - [TEST_STEP][PASSED] - selectOptionByIndex: All options with index in [2] are selected on object 'Object Repository/MOH AND GRN/Page_KDMC - CMS/select_--Select--Schedule 1Inj'

2018-05-14 13:35:49 - [MESSAGE][PASSED] - All options with index in [2] are selected on object 'Object Repository/MOH AND GRN/Page_KDMC - CMS/select_--Select--Schedule 1Inj'

2018-05-14 13:35:49 - [TEST_STEP][PASSED] - selectOptionByIndex: All options with index in [40] are selected on object 'Object Repository/MOH AND GRN/Page_KDMC - CMS/select_--Select--Adernaline 0.'

2018-05-14 13:35:49 - [MESSAGE][PASSED] - All options with index in [40] are selected on object 'Object Repository/MOH AND GRN/Page_KDMC - CMS/select_--Select--Adernaline 0.'

2018-05-14 13:35:49 - [TEST_STEP][PASSED] - setText: Text '5000' is set on object 'Object Repository/MOH AND GRN/Page_KDMC - CMS/input_txttreat'

2018-05-14 13:35:49 - [MESSAGE][PASSED] - Text '5000' is set on object 'Object Repository/MOH AND GRN/Page_KDMC - CMS/input_txttreat'

2018-05-14 13:35:49 - [TEST_STEP][PASSED] - click: Object: 'Object Repository/MOH AND GRN/Page_KDMC - CMS/button_Add' is clicked on

2018-05-14 13:35:50 - [MESSAGE][PASSED] - Object: 'Object Repository/MOH AND GRN/Page_KDMC - CMS/button_Add' is clicked on

2018-05-14 13:35:50 - [TEST_STEP][PASSED] - selectOptionByIndex: All options with index in [2] are selected on object 'Object Repository/MOH AND GRN/Page_KDMC - CMS/select_--Select--Schedule 1Inj'

2018-05-14 13:35:50 - [MESSAGE][PASSED] - All options with index in [2] are selected on object 'Object Repository/MOH AND GRN/Page_KDMC - CMS/select_--Select--Schedule 1Inj'

2018-05-14 13:35:50 - [TEST_STEP][PASSED] - selectOptionByIndex: All options with index in [41] are selected on object 'Object Repository/MOH AND GRN/Page_KDMC - CMS/select_--Select--Adernaline 0.'

2018-05-14 13:35:50 - [MESSAGE][PASSED] - All options with index in [41] are selected on object 'Object Repository/MOH AND GRN/Page_KDMC - CMS/select_--Select--Adernaline 0.'

2018-05-14 13:35:50 - [TEST_STEP][PASSED] - setText: Text '5000' is set on object 'Object Repository/MOH AND GRN/Page_KDMC - CMS/input_txttreat'

2018-05-14 13:35:50 - [MESSAGE][PASSED] - Text '5000' is set on object 'Object Repository/MOH AND GRN/Page_KDMC - CMS/input_txttreat'

2018-05-14 13:35:50 - [TEST_STEP][PASSED] - click: Object: 'Object Repository/MOH AND GRN/Page_KDMC - CMS/button_Add' is clicked on

2018-05-14 13:35:50 - [MESSAGE][PASSED] - Object: 'Object Repository/MOH AND GRN/Page_KDMC - CMS/button_Add' is clicked on

2018-05-14 13:35:50 - [TEST_STEP][PASSED] - selectOptionByIndex: All options with index in [2] are selected on object 'Object Repository/MOH AND GRN/Page_KDMC - CMS/select_--Select--Schedule 1Inj'

2018-05-14 13:35:50 - [MESSAGE][PASSED] - All options with index in [2] are selected on object 'Object Repository/MOH AND GRN/Page_KDMC - CMS/select_--Select--Schedule 1Inj'

2018-05-14 13:35:50 - [TEST_STEP][PASSED] - selectOptionByIndex: All options with index in [42] are selected on object 'Object Repository/MOH AND GRN/Page_KDMC - CMS/select_--Select--Adernaline 0.'

2018-05-14 13:35:51 - [MESSAGE][PASSED] - All options with index in [42] are selected on object 'Object Repository/MOH AND GRN/Page_KDMC - CMS/select_--Select--Adernaline 0.'

2018-05-14 13:35:51 - [TEST_STEP][PASSED] - setText: Text '5000' is set on object 'Object Repository/MOH AND GRN/Page_KDMC - CMS/input_txttreat'

2018-05-14 13:35:51 - [MESSAGE][PASSED] - Text '5000' is set on object 'Object Repository/MOH AND GRN/Page_KDMC - CMS/input_txttreat'

2018-05-14 13:35:51 - [TEST_STEP][PASSED] - click: Object: 'Object Repository/MOH AND GRN/Page_KDMC - CMS/button_Add' is clicked on

2018-05-14 13:35:51 - [MESSAGE][PASSED] - Object: 'Object Repository/MOH AND GRN/Page_KDMC - CMS/button_Add' is clicked on

2018-05-14 13:35:51 - [TEST_STEP][PASSED] - selectOptionByIndex: All options with index in [2] are selected on object 'Object Repository/MOH AND GRN/Page_KDMC - CMS/select_--Select--Schedule 1Inj'

2018-05-14 13:35:51 - [MESSAGE][PASSED] - All options with index in [2] are selected on object 'Object Repository/MOH AND GRN/Page_KDMC - CMS/select_--Select--Schedule 1Inj'

2018-05-14 13:35:51 - [TEST_STEP][PASSED] - selectOptionByIndex: All options with index in [43] are selected on object 'Object Repository/MOH AND GRN/Page_KDMC - CMS/select_--Select--Adernaline 0.'

2018-05-14 13:35:52 - [MESSAGE][PASSED] - All options with index in [43] are selected on object 'Object Repository/MOH AND GRN/Page_KDMC - CMS/select_--Select--Adernaline 0.'

2018-05-14 13:35:52 - [TEST_STEP][PASSED] - setText: Text '5000' is set on object 'Object Repository/MOH AND GRN/Page_KDMC - CMS/input_txttreat'

2018-05-14 13:35:52 - [MESSAGE][PASSED] - Text '5000' is set on object 'Object Repository/MOH AND GRN/Page_KDMC - CMS/input_txttreat'

2018-05-14 13:35:52 - [TEST_STEP][PASSED] - click: Object: 'Object Repository/MOH AND GRN/Page_KDMC - CMS/button_Add' is clicked on

2018-05-14 13:35:52 - [MESSAGE][PASSED] - Object: 'Object Repository/MOH AND GRN/Page_KDMC - CMS/button_Add' is clicked on

2018-05-14 13:35:52 - [TEST_STEP][PASSED] - selectOptionByIndex: All options with index in [2] are selected on object 'Object Repository/MOH AND GRN/Page_KDMC - CMS/select_--Select--Schedule 1Inj'

2018-05-14 13:35:52 - [MESSAGE][PASSED] - All options with index in [2] are selected on object 'Object Repository/MOH AND GRN/Page_KDMC - CMS/select_--Select--Schedule 1Inj'

2018-05-14 13:35:52 - [TEST_STEP][PASSED] - selectOptionByIndex: All options with index in [44] are selected on object 'Object Repository/MOH AND GRN/Page_KDMC - CMS/select_--Select--Adernaline 0.'

2018-05-14 13:35:53 - [MESSAGE][PASSED] - All options with index in [44] are selected on object 'Object Repository/MOH AND GRN/Page_KDMC - CMS/select_--Select--Adernaline 0.'

2018-05-14 13:35:53 - [TEST_STEP][PASSED] - setText: Text '5000' is set on object 'Object Repository/MOH AND GRN/Page_KDMC - CMS/input_txttreat'

2018-05-14 13:35:53 - [MESSAGE][PASSED] - Text '5000' is set on object 'Object Repository/MOH AND GRN/Page_KDMC - CMS/input_txttreat'

2018-05-14 13:35:53 - [TEST_STEP][PASSED] - click: Object: 'Object Repository/MOH AND GRN/Page_KDMC - CMS/button_Add' is clicked on

2018-05-14 13:35:53 - [MESSAGE][PASSED] - Object: 'Object Repository/MOH AND GRN/Page_KDMC - CMS/button_Add' is clicked on

2018-05-14 13:35:53 - [TEST_STEP][PASSED] - selectOptionByIndex: All options with index in [2] are selected on object 'Object Repository/MOH AND GRN/Page_KDMC - CMS/select_--Select--Schedule 1Inj'

2018-05-14 13:35:53 - [MESSAGE][PASSED] - All options with index in [2] are selected on object 'Object Repository/MOH AND GRN/Page_KDMC - CMS/select_--Select--Schedule 1Inj'

2018-05-14 13:35:53 - [TEST_STEP][PASSED] - selectOptionByIndex: All options with index in [45] are selected on object 'Object Repository/MOH AND GRN/Page_KDMC - CMS/select_--Select--Adernaline 0.'

2018-05-14 13:35:54 - [MESSAGE][PASSED] - All options with index in [45] are selected on object 'Object Repository/MOH AND GRN/Page_KDMC - CMS/select_--Select--Adernaline 0.'

2018-05-14 13:35:54 - [TEST_STEP][PASSED] - setText: Text '5000' is set on object 'Object Repository/MOH AND GRN/Page_KDMC - CMS/input_txttreat'

2018-05-14 13:35:54 - [MESSAGE][PASSED] - Text '5000' is set on object 'Object Repository/MOH AND GRN/Page_KDMC - CMS/input_txttreat'

2018-05-14 13:35:54 - [TEST_STEP][PASSED] - click: Object: 'Object Repository/MOH AND GRN/Page_KDMC - CMS/button_Add' is clicked on

2018-05-14 13:35:54 - [MESSAGE][PASSED] - Object: 'Object Repository/MOH AND GRN/Page_KDMC - CMS/button_Add' is clicked on

2018-05-14 13:35:54 - [TEST_STEP][PASSED] - selectOptionByIndex: All options with index in [2] are selected on object 'Object Repository/MOH AND GRN/Page_KDMC - CMS/select_--Select--Schedule 1Inj'

2018-05-14 13:35:54 - [MESSAGE][PASSED] - All options with index in [2] are selected on object 'Object Repository/MOH AND GRN/Page_KDMC - CMS/select_--Select--Schedule 1Inj'

2018-05-14 13:35:54 - [TEST_STEP][PASSED] - selectOptionByIndex: All options with index in [46] are selected on object 'Object Repository/MOH AND GRN/Page_KDMC - CMS/select_--Select--Adernaline 0.'

2018-05-14 13:35:55 - [MESSAGE][PASSED] - All options with index in [46] are selected on object 'Object Repository/MOH AND GRN/Page_KDMC - CMS/select_--Select--Adernaline 0.'

2018-05-14 13:35:55 - [TEST_STEP][PASSED] - setText: Text '5000' is set on object 'Object Repository/MOH AND GRN/Page_KDMC - CMS/input_txttreat'

2018-05-14 13:35:55 - [MESSAGE][PASSED] - Text '5000' is set on object 'Object Repository/MOH AND GRN/Page_KDMC - CMS/input_txttreat'

2018-05-14 13:35:55 - [TEST_STEP][PASSED] - click: Object: 'Object Repository/MOH AND GRN/Page_KDMC - CMS/button_Add' is clicked on

2018-05-14 13:35:55 - [MESSAGE][PASSED] - Object: 'Object Repository/MOH AND GRN/Page_KDMC - CMS/button_Add' is clicked on

2018-05-14 13:35:55 - [TEST_STEP][PASSED] - selectOptionByIndex: All options with index in [2] are selected on object 'Object Repository/MOH AND GRN/Page_KDMC - CMS/select_--Select--Schedule 1Inj'

2018-05-14 13:35:55 - [MESSAGE][PASSED] - All options with index in [2] are selected on object 'Object Repository/MOH AND GRN/Page_KDMC - CMS/select_--Select--Schedule 1Inj'

2018-05-14 13:35:55 - [TEST_STEP][PASSED] - selectOptionByIndex: All options with index in [47] are selected on object 'Object Repository/MOH AND GRN/Page_KDMC - CMS/select_--Select--Adernaline 0.'

2018-05-14 13:35:55 - [MESSAGE][PASSED] - All options with index in [47] are selected on object 'Object Repository/MOH AND GRN/Page_KDMC - CMS/select_--Select--Adernaline 0.'

2018-05-14 13:35:55 - [TEST_STEP][PASSED] - setText: Text '5000' is set on object 'Object Repository/MOH AND GRN/Page_KDMC - CMS/input_txttreat'

2018-05-14 13:35:56 - [MESSAGE][PASSED] - Text '5000' is set on object 'Object Repository/MOH AND GRN/Page_KDMC - CMS/input_txttreat'

2018-05-14 13:35:56 - [TEST_STEP][PASSED] - click: Object: 'Object Repository/MOH AND GRN/Page_KDMC - CMS/button_Add' is clicked on

2018-05-14 13:35:56 - [MESSAGE][PASSED] - Object: 'Object Repository/MOH AND GRN/Page_KDMC - CMS/button_Add' is clicked on

2018-05-14 13:35:56 - [TEST_STEP][PASSED] - selectOptionByIndex: All options with index in [2] are selected on object 'Object Repository/MOH AND GRN/Page_KDMC - CMS/select_--Select--Schedule 1Inj'

2018-05-14 13:35:56 - [MESSAGE][PASSED] - All options with index in [2] are selected on object 'Object Repository/MOH AND GRN/Page_KDMC - CMS/select_--Select--Schedule 1Inj'

2018-05-14 13:35:56 - [TEST_STEP][PASSED] - selectOptionByIndex: All options with index in [48] are selected on object 'Object Repository/MOH AND GRN/Page_KDMC - CMS/select_--Select--Adernaline 0.'

2018-05-14 13:35:56 - [MESSAGE][PASSED] - All options with index in [48] are selected on object 'Object Repository/MOH AND GRN/Page_KDMC - CMS/select_--Select--Adernaline 0.'

2018-05-14 13:35:56 - [TEST_STEP][PASSED] - setText: Text '5000' is set on object 'Object Repository/MOH AND GRN/Page_KDMC - CMS/input_txttreat'

2018-05-14 13:35:56 - [MESSAGE][PASSED] - Text '5000' is set on object 'Object Repository/MOH AND GRN/Page_KDMC - CMS/input_txttreat'

2018-05-14 13:35:56 - [TEST_STEP][PASSED] - click: Object: 'Object Repository/MOH AND GRN/Page_KDMC - CMS/button_Add' is clicked on

2018-05-14 13:35:57 - [MESSAGE][PASSED] - Object: 'Object Repository/MOH AND GRN/Page_KDMC - CMS/button_Add' is clicked on

2018-05-14 13:35:57 - [TEST_STEP][PASSED] - selectOptionByIndex: All options with index in [2] are selected on object 'Object Repository/MOH AND GRN/Page_KDMC - CMS/select_--Select--Schedule 1Inj'

2018-05-14 13:35:57 - [MESSAGE][PASSED] - All options with index in [2] are selected on object 'Object Repository/MOH AND GRN/Page_KDMC - CMS/select_--Select--Schedule 1Inj'

2018-05-14 13:35:57 - [TEST_STEP][PASSED] - selectOptionByIndex: All options with index in [49] are selected on object 'Object Repository/MOH AND GRN/Page_KDMC - CMS/select_--Select--Adernaline 0.'

2018-05-14 13:35:57 - [MESSAGE][PASSED] - All options with index in [49] are selected on object 'Object Repository/MOH AND GRN/Page_KDMC - CMS/select_--Select--Adernaline 0.'

2018-05-14 13:35:57 - [TEST_STEP][PASSED] - setText: Text '5000' is set on object 'Object Repository/MOH AND GRN/Page_KDMC - CMS/input_txttreat'

2018-05-14 13:35:57 - [MESSAGE][PASSED] - Text '5000' is set on object 'Object Repository/MOH AND GRN/Page_KDMC - CMS/input_txttreat'

2018-05-14 13:35:57 - [TEST_STEP][PASSED] - click: Object: 'Object Repository/MOH AND GRN/Page_KDMC - CMS/button_Add' is clicked on

2018-05-14 13:35:57 - [MESSAGE][PASSED] - Object: 'Object Repository/MOH AND GRN/Page_KDMC - CMS/button_Add' is clicked on

2018-05-14 13:35:57 - [TEST_STEP][PASSED] - selectOptionByIndex: All options with index in [2] are selected on object 'Object Repository/MOH AND GRN/Page_KDMC - CMS/select_--Select--Schedule 1Inj'

2018-05-14 13:35:58 - [MESSAGE][PASSED] - All options with index in [2] are selected on object 'Object Repository/MOH AND GRN/Page_KDMC - CMS/select_--Select--Schedule 1Inj'

2018-05-14 13:35:58 - [TEST_STEP][PASSED] - selectOptionByIndex: All options with index in [50] are selected on object 'Object Repository/MOH AND GRN/Page_KDMC - CMS/select_--Select--Adernaline 0.'

2018-05-14 13:35:58 - [MESSAGE][PASSED] - All options with index in [50] are selected on object 'Object Repository/MOH AND GRN/Page_KDMC - CMS/select_--Select--Adernaline 0.'

2018-05-14 13:35:58 - [TEST_STEP][PASSED] - setText: Text '5000' is set on object 'Object Repository/MOH AND GRN/Page_KDMC - CMS/input_txttreat'

2018-05-14 13:35:58 - [MESSAGE][PASSED] - Text '5000' is set on object 'Object Repository/MOH AND GRN/Page_KDMC - CMS/input_txttreat'

2018-05-14 13:35:58 - [TEST_STEP][PASSED] - click: Object: 'Object Repository/MOH AND GRN/Page_KDMC - CMS/button_Add' is clicked on

2018-05-14 13:35:58 - [MESSAGE][PASSED] - Object: 'Object Repository/MOH AND GRN/Page_KDMC - CMS/button_Add' is clicked on

2018-05-14 13:35:58 - [TEST_STEP][PASSED] - selectOptionByIndex: All options with index in [2] are selected on object 'Object Repository/MOH AND GRN/Page_KDMC - CMS/select_--Select--Schedule 1Inj'

2018-05-14 13:35:59 - [MESSAGE][PASSED] - All options with index in [2] are selected on object 'Object Repository/MOH AND GRN/Page_KDMC - CMS/select_--Select--Schedule 1Inj'

2018-05-14 13:35:59 - [TEST_STEP][PASSED] - selectOptionByIndex: All options with index in [51] are selected on object 'Object Repository/MOH AND GRN/Page_KDMC - CMS/select_--Select--Adernaline 0.'

2018-05-14 13:35:59 - [MESSAGE][PASSED] - All options with index in [51] are selected on object 'Object Repository/MOH AND GRN/Page_KDMC - CMS/select_--Select--Adernaline 0.'

2018-05-14 13:35:59 - [TEST_STEP][PASSED] - setText: Text '5000' is set on object 'Object Repository/MOH AND GRN/Page_KDMC - CMS/input_txttreat'

2018-05-14 13:35:59 - [MESSAGE][PASSED] - Text '5000' is set on object 'Object Repository/MOH AND GRN/Page_KDMC - CMS/input_txttreat'

2018-05-14 13:35:59 - [TEST_STEP][PASSED] - click: Object: 'Object Repository/MOH AND GRN/Page_KDMC - CMS/button_Add' is clicked on

2018-05-14 13:35:59 - [MESSAGE][PASSED] - Object: 'Object Repository/MOH AND GRN/Page_KDMC - CMS/button_Add' is clicked on

2018-05-14 13:35:59 - [TEST_STEP][PASSED] - selectOptionByIndex: All options with index in [2] are selected on object 'Object Repository/MOH AND GRN/Page_KDMC - CMS/select_--Select--Schedule 1Inj'

2018-05-14 13:35:59 - [MESSAGE][PASSED] - All options with index in [2] are selected on object 'Object Repository/MOH AND GRN/Page_KDMC - CMS/select_--Select--Schedule 1Inj'

2018-05-14 13:35:59 - [TEST_STEP][PASSED] - selectOptionByIndex: All options with index in [52] are selected on object 'Object Repository/MOH AND GRN/Page_KDMC - CMS/select_--Select--Adernaline 0.'

2018-05-14 13:36:00 - [MESSAGE][PASSED] - All options with index in [52] are selected on object 'Object Repository/MOH AND GRN/Page_KDMC - CMS/select_--Select--Adernaline 0.'

2018-05-14 13:36:00 - [TEST_STEP][PASSED] - setText: Text '5000' is set on object 'Object Repository/MOH AND GRN/Page_KDMC - CMS/input_txttreat'

2018-05-14 13:36:00 - [MESSAGE][PASSED] - Text '5000' is set on object 'Object Repository/MOH AND GRN/Page_KDMC - CMS/input_txttreat'

2018-05-14 13:36:00 - [TEST_STEP][PASSED] - click: Object: 'Object Repository/MOH AND GRN/Page_KDMC - CMS/button_Add' is clicked on

2018-05-14 13:36:00 - [MESSAGE][PASSED] - Object: 'Object Repository/MOH AND GRN/Page_KDMC - CMS/button_Add' is clicked on

2018-05-14 13:36:00 - [TEST_STEP][PASSED] - selectOptionByIndex: All options with index in [2] are selected on object 'Object Repository/MOH AND GRN/Page_KDMC - CMS/select_--Select--Schedule 1Inj'

2018-05-14 13:36:00 - [MESSAGE][PASSED] - All options with index in [2] are selected on object 'Object Repository/MOH AND GRN/Page_KDMC - CMS/select_--Select--Schedule 1Inj'

2018-05-14 13:36:00 - [TEST_STEP][PASSED] - selectOptionByIndex: All options with index in [53] are selected on object 'Object Repository/MOH AND GRN/Page_KDMC - CMS/select_--Select--Adernaline 0.'

2018-05-14 13:36:01 - [MESSAGE][PASSED] - All options with index in [53] are selected on object 'Object Repository/MOH AND GRN/Page_KDMC - CMS/select_--Select--Adernaline 0.'

2018-05-14 13:36:01 - [TEST_STEP][PASSED] - setText: Text '5000' is set on object 'Object Repository/MOH AND GRN/Page_KDMC - CMS/input_txttreat'

2018-05-14 13:36:01 - [MESSAGE][PASSED] - Text '5000' is set on object 'Object Repository/MOH AND GRN/Page_KDMC - CMS/input_txttreat'

2018-05-14 13:36:01 - [TEST_STEP][PASSED] - click: Object: 'Object Repository/MOH AND GRN/Page_KDMC - CMS/button_Add' is clicked on

2018-05-14 13:36:01 - [MESSAGE][PASSED] - Object: 'Object Repository/MOH AND GRN/Page_KDMC - CMS/button_Add' is clicked on

2018-05-14 13:36:01 - [TEST_STEP][PASSED] - selectOptionByIndex: All options with index in [2] are selected on object 'Object Repository/MOH AND GRN/Page_KDMC - CMS/select_--Select--Schedule 1Inj'

2018-05-14 13:36:01 - [MESSAGE][PASSED] - All options with index in [2] are selected on object 'Object Repository/MOH AND GRN/Page_KDMC - CMS/select_--Select--Schedule 1Inj'

2018-05-14 13:36:01 - [TEST_STEP][PASSED] - selectOptionByIndex: All options with index in [54] are selected on object 'Object Repository/MOH AND GRN/Page_KDMC - CMS/select_--Select--Adernaline 0.'

2018-05-14 13:36:02 - [MESSAGE][PASSED] - All options with index in [54] are selected on object 'Object Repository/MOH AND GRN/Page_KDMC - CMS/select_--Select--Adernaline 0.'

2018-05-14 13:36:02 - [TEST_STEP][PASSED] - setText: Text '5000' is set on object 'Object Repository/MOH AND GRN/Page_KDMC - CMS/input_txttreat'

2018-05-14 13:36:02 - [MESSAGE][PASSED] - Text '5000' is set on object 'Object Repository/MOH AND GRN/Page_KDMC - CMS/input_txttreat'

2018-05-14 13:36:02 - [TEST_STEP][PASSED] - click: Object: 'Object Repository/MOH AND GRN/Page_KDMC - CMS/button_Add' is clicked on

2018-05-14 13:36:02 - [MESSAGE][PASSED] - Object: 'Object Repository/MOH AND GRN/Page_KDMC - CMS/button_Add' is clicked on

2018-05-14 13:36:02 - [TEST_STEP][PASSED] - selectOptionByIndex: All options with index in [2] are selected on object 'Object Repository/MOH AND GRN/Page_KDMC - CMS/select_--Select--Schedule 1Inj'

2018-05-14 13:36:02 - [MESSAGE][PASSED] - All options with index in [2] are selected on object 'Object Repository/MOH AND GRN/Page_KDMC - CMS/select_--Select--Schedule 1Inj'

2018-05-14 13:36:02 - [TEST_STEP][PASSED] - selectOptionByIndex: All options with index in [55] are selected on object 'Object Repository/MOH AND GRN/Page_KDMC - CMS/select_--Select--Adernaline 0.'

2018-05-14 13:36:03 - [MESSAGE][PASSED] - All options with index in [55] are selected on object 'Object Repository/MOH AND GRN/Page_KDMC - CMS/select_--Select--Adernaline 0.'

2018-05-14 13:36:03 - [TEST_STEP][PASSED] - setText: Text '5000' is set on object 'Object Repository/MOH AND GRN/Page_KDMC - CMS/input_txttreat'

2018-05-14 13:36:03 - [MESSAGE][PASSED] - Text '5000' is set on object 'Object Repository/MOH AND GRN/Page_KDMC - CMS/input_txttreat'

2018-05-14 13:36:03 - [TEST_STEP][PASSED] - click: Object: 'Object Repository/MOH AND GRN/Page_KDMC - CMS/button_Add' is clicked on

2018-05-14 13:36:03 - [MESSAGE][PASSED] - Object: 'Object Repository/MOH AND GRN/Page_KDMC - CMS/button_Add' is clicked on

2018-05-14 13:36:03 - [TEST_STEP][PASSED] - selectOptionByIndex: All options with index in [2] are selected on object 'Object Repository/MOH AND GRN/Page_KDMC - CMS/select_--Select--Schedule 1Inj'

2018-05-14 13:36:03 - [MESSAGE][PASSED] - All options with index in [2] are selected on object 'Object Repository/MOH AND GRN/Page_KDMC - CMS/select_--Select--Schedule 1Inj'

2018-05-14 13:36:03 - [TEST_STEP][PASSED] - selectOptionByIndex: All options with index in [56] are selected on object 'Object Repository/MOH AND GRN/Page_KDMC - CMS/select_--Select--Adernaline 0.'

2018-05-14 13:36:04 - [MESSAGE][PASSED] - All options with index in [56] are selected on object 'Object Repository/MOH AND GRN/Page_KDMC - CMS/select_--Select--Adernaline 0.'

2018-05-14 13:36:04 - [TEST_STEP][PASSED] - setText: Text '5000' is set on object 'Object Repository/MOH AND GRN/Page_KDMC - CMS/input_txttreat'

2018-05-14 13:36:04 - [MESSAGE][PASSED] - Text '5000' is set on object 'Object Repository/MOH AND GRN/Page_KDMC - CMS/input_txttreat'

2018-05-14 13:36:04 - [TEST_STEP][PASSED] - click: Object: 'Object Repository/MOH AND GRN/Page_KDMC - CMS/button_Add' is clicked on

2018-05-14 13:36:04 - [MESSAGE][PASSED] - Object: 'Object Repository/MOH AND GRN/Page_KDMC - CMS/button_Add' is clicked on

2018-05-14 13:36:04 - [TEST_STEP][PASSED] - selectOptionByIndex: All options with index in [2] are selected on object 'Object Repository/MOH AND GRN/Page_KDMC - CMS/select_--Select--Schedule 1Inj'

2018-05-14 13:36:04 - [MESSAGE][PASSED] - All options with index in [2] are selected on object 'Object Repository/MOH AND GRN/Page_KDMC - CMS/select_--Select--Schedule 1Inj'

2018-05-14 13:36:04 - [TEST_STEP][PASSED] - selectOptionByIndex: All options with index in [57] are selected on object 'Object Repository/MOH AND GRN/Page_KDMC - CMS/select_--Select--Adernaline 0.'

2018-05-14 13:36:05 - [MESSAGE][PASSED] - All options with index in [57] are selected on object 'Object Repository/MOH AND GRN/Page_KDMC - CMS/select_--Select--Adernaline 0.'

2018-05-14 13:36:05 - [TEST_STEP][PASSED] - setText: Text '5000' is set on object 'Object Repository/MOH AND GRN/Page_KDMC - CMS/input_txttreat'

2018-05-14 13:36:05 - [MESSAGE][PASSED] - Text '5000' is set on object 'Object Repository/MOH AND GRN/Page_KDMC - CMS/input_txttreat'

2018-05-14 13:36:05 - [TEST_STEP][PASSED] - click: Object: 'Object Repository/MOH AND GRN/Page_KDMC - CMS/button_Add' is clicked on

2018-05-14 13:36:05 - [MESSAGE][PASSED] - Object: 'Object Repository/MOH AND GRN/Page_KDMC - CMS/button_Add' is clicked on

2018-05-14 13:36:05 - [TEST_STEP][PASSED] - selectOptionByIndex: All options with index in [2] are selected on object 'Object Repository/MOH AND GRN/Page_KDMC - CMS/select_--Select--Schedule 1Inj'

2018-05-14 13:36:05 - [MESSAGE][PASSED] - All options with index in [2] are selected on object 'Object Repository/MOH AND GRN/Page_KDMC - CMS/select_--Select--Schedule 1Inj'

2018-05-14 13:36:05 - [TEST_STEP][PASSED] - selectOptionByIndex: All options with index in [58] are selected on object 'Object Repository/MOH AND GRN/Page_KDMC - CMS/select_--Select--Adernaline 0.'

2018-05-14 13:36:06 - [MESSAGE][PASSED] - All options with index in [58] are selected on object 'Object Repository/MOH AND GRN/Page_KDMC - CMS/select_--Select--Adernaline 0.'

2018-05-14 13:36:06 - [TEST_STEP][PASSED] - setText: Text '5000' is set on object 'Object Repository/MOH AND GRN/Page_KDMC - CMS/input_txttreat'

2018-05-14 13:36:06 - [MESSAGE][PASSED] - Text '5000' is set on object 'Object Repository/MOH AND GRN/Page_KDMC - CMS/input_txttreat'

2018-05-14 13:36:06 - [TEST_STEP][PASSED] - click: Object: 'Object Repository/MOH AND GRN/Page_KDMC - CMS/button_Add' is clicked on

2018-05-14 13:36:06 - [MESSAGE][PASSED] - Object: 'Object Repository/MOH AND GRN/Page_KDMC - CMS/button_Add' is clicked on

2018-05-14 13:36:06 - [TEST_STEP][PASSED] - selectOptionByIndex: All options with index in [2] are selected on object 'Object Repository/MOH AND GRN/Page_KDMC - CMS/select_--Select--Schedule 1Inj'

2018-05-14 13:36:06 - [MESSAGE][PASSED] - All options with index in [2] are selected on object 'Object Repository/MOH AND GRN/Page_KDMC - CMS/select_--Select--Schedule 1Inj'

2018-05-14 13:36:06 - [TEST_STEP][PASSED] - selectOptionByIndex: All options with index in [59] are selected on object 'Object Repository/MOH AND GRN/Page_KDMC - CMS/select_--Select--Adernaline 0.'

2018-05-14 13:36:07 - [MESSAGE][PASSED] - All options with index in [59] are selected on object 'Object Repository/MOH AND GRN/Page_KDMC - CMS/select_--Select--Adernaline 0.'

2018-05-14 13:36:07 - [TEST_STEP][PASSED] - setText: Text '5000' is set on object 'Object Repository/MOH AND GRN/Page_KDMC - CMS/input_txttreat'

2018-05-14 13:36:07 - [MESSAGE][PASSED] - Text '5000' is set on object 'Object Repository/MOH AND GRN/Page_KDMC - CMS/input_txttreat'

2018-05-14 13:36:07 - [TEST_STEP][PASSED] - click: Object: 'Object Repository/MOH AND GRN/Page_KDMC - CMS/button_Add' is clicked on

2018-05-14 13:36:07 - [MESSAGE][PASSED] - Object: 'Object Repository/MOH AND GRN/Page_KDMC - CMS/button_Add' is clicked on

2018-05-14 13:36:07 - [TEST_STEP][PASSED] - selectOptionByIndex: All options with index in [2] are selected on object 'Object Repository/MOH AND GRN/Page_KDMC - CMS/select_--Select--Schedule 1Inj'

2018-05-14 13:36:07 - [MESSAGE][PASSED] - All options with index in [2] are selected on object 'Object Repository/MOH AND GRN/Page_KDMC - CMS/select_--Select--Schedule 1Inj'

2018-05-14 13:36:07 - [TEST_STEP][PASSED] - selectOptionByIndex: All options with index in [60] are selected on object 'Object Repository/MOH AND GRN/Page_KDMC - CMS/select_--Select--Adernaline 0.'

2018-05-14 13:36:08 - [MESSAGE][PASSED] - All options with index in [60] are selected on object 'Object Repository/MOH AND GRN/Page_KDMC - CMS/select_--Select--Adernaline 0.'

2018-05-14 13:36:08 - [TEST_STEP][PASSED] - setText: Text '5000' is set on object 'Object Repository/MOH AND GRN/Page_KDMC - CMS/input_txttreat'

2018-05-14 13:36:08 - [MESSAGE][PASSED] - Text '5000' is set on object 'Object Repository/MOH AND GRN/Page_KDMC - CMS/input_txttreat'

2018-05-14 13:36:08 - [TEST_STEP][PASSED] - click: Object: 'Object Repository/MOH AND GRN/Page_KDMC - CMS/button_Add' is clicked on

2018-05-14 13:36:08 - [MESSAGE][PASSED] - Object: 'Object Repository/MOH AND GRN/Page_KDMC - CMS/button_Add' is clicked on

2018-05-14 13:36:08 - [TEST_STEP][PASSED] - selectOptionByIndex: All options with index in [2] are selected on object 'Object Repository/MOH AND GRN/Page_KDMC - CMS/select_--Select--Schedule 1Inj'

2018-05-14 13:36:08 - [MESSAGE][PASSED] - All options with index in [2] are selected on object 'Object Repository/MOH AND GRN/Page_KDMC - CMS/select_--Select--Schedule 1Inj'

2018-05-14 13:36:08 - [TEST_STEP][PASSED] - selectOptionByIndex: All options with index in [61] are selected on object 'Object Repository/MOH AND GRN/Page_KDMC - CMS/select_--Select--Adernaline 0.'

2018-05-14 13:36:09 - [MESSAGE][PASSED] - All options with index in [61] are selected on object 'Object Repository/MOH AND GRN/Page_KDMC - CMS/select_--Select--Adernaline 0.'

2018-05-14 13:36:09 - [TEST_STEP][PASSED] - setText: Text '5000' is set on object 'Object Repository/MOH AND GRN/Page_KDMC - CMS/input_txttreat'

2018-05-14 13:36:09 - [MESSAGE][PASSED] - Text '5000' is set on object 'Object Repository/MOH AND GRN/Page_KDMC - CMS/input_txttreat'

2018-05-14 13:36:09 - [TEST_STEP][PASSED] - click: Object: 'Object Repository/MOH AND GRN/Page_KDMC - CMS/button_Add' is clicked on

2018-05-14 13:36:09 - [MESSAGE][PASSED] - Object: 'Object Repository/MOH AND GRN/Page_KDMC - CMS/button_Add' is clicked on

2018-05-14 13:36:09 - [TEST_STEP][PASSED] - selectOptionByIndex: All options with index in [2] are selected on object 'Object Repository/MOH AND GRN/Page_KDMC - CMS/select_--Select--Schedule 1Inj'

2018-05-14 13:36:10 - [MESSAGE][PASSED] - All options with index in [2] are selected on object 'Object Repository/MOH AND GRN/Page_KDMC - CMS/select_--Select--Schedule 1Inj'

2018-05-14 13:36:10 - [TEST_STEP][PASSED] - selectOptionByIndex: All options with index in [62] are selected on object 'Object Repository/MOH AND GRN/Page_KDMC - CMS/select_--Select--Adernaline 0.'

2018-05-14 13:36:11 - [MESSAGE][PASSED] - All options with index in [62] are selected on object 'Object Repository/MOH AND GRN/Page_KDMC - CMS/select_--Select--Adernaline 0.'

2018-05-14 13:36:11 - [TEST_STEP][PASSED] - setText: Text '5000' is set on object 'Object Repository/MOH AND GRN/Page_KDMC - CMS/input_txttreat'

2018-05-14 13:36:11 - [MESSAGE][PASSED] - Text '5000' is set on object 'Object Repository/MOH AND GRN/Page_KDMC - CMS/input_txttreat'

2018-05-14 13:36:11 - [TEST_STEP][PASSED] - click: Object: 'Object Repository/MOH AND GRN/Page_KDMC - CMS/button_Add' is clicked on

2018-05-14 13:36:11 - [MESSAGE][PASSED] - Object: 'Object Repository/MOH AND GRN/Page_KDMC - CMS/button_Add' is clicked on

2018-05-14 13:36:11 - [TEST_STEP][PASSED] - selectOptionByIndex: All options with index in [2] are selected on object 'Object Repository/MOH AND GRN/Page_KDMC - CMS/select_--Select--Schedule 1Inj'

2018-05-14 13:36:11 - [MESSAGE][PASSED] - All options with index in [2] are selected on object 'Object Repository/MOH AND GRN/Page_KDMC - CMS/select_--Select--Schedule 1Inj'

2018-05-14 13:36:11 - [TEST_STEP][PASSED] - selectOptionByIndex: All options with index in [63] are selected on object 'Object Repository/MOH AND GRN/Page_KDMC - CMS/select_--Select--Adernaline 0.'

2018-05-14 13:36:12 - [MESSAGE][PASSED] - All options with index in [63] are selected on object 'Object Repository/MOH AND GRN/Page_KDMC - CMS/select_--Select--Adernaline 0.'

2018-05-14 13:36:12 - [TEST_STEP][PASSED] - setText: Text '5000' is set on object 'Object Repository/MOH AND GRN/Page_KDMC - CMS/input_txttreat'

2018-05-14 13:36:12 - [MESSAGE][PASSED] - Text '5000' is set on object 'Object Repository/MOH AND GRN/Page_KDMC - CMS/input_txttreat'

2018-05-14 13:36:12 - [TEST_STEP][PASSED] - click: Object: 'Object Repository/MOH AND GRN/Page_KDMC - CMS/button_Add' is clicked on

2018-05-14 13:36:12 - [MESSAGE][PASSED] - Object: 'Object Repository/MOH AND GRN/Page_KDMC - CMS/button_Add' is clicked on

2018-05-14 13:36:12 - [TEST_STEP][PASSED] - selectOptionByIndex: All options with index in [2] are selected on object 'Object Repository/MOH AND GRN/Page_KDMC - CMS/select_--Select--Schedule 1Inj'

2018-05-14 13:36:12 - [MESSAGE][PASSED] - All options with index in [2] are selected on object 'Object Repository/MOH AND GRN/Page_KDMC - CMS/select_--Select--Schedule 1Inj'

2018-05-14 13:36:12 - [TEST_STEP][PASSED] - selectOptionByIndex: All options with index in [64] are selected on object 'Object Repository/MOH AND GRN/Page_KDMC - CMS/select_--Select--Adernaline 0.'

2018-05-14 13:36:13 - [MESSAGE][PASSED] - All options with index in [64] are selected on object 'Object Repository/MOH AND GRN/Page_KDMC - CMS/select_--Select--Adernaline 0.'

2018-05-14 13:36:13 - [TEST_STEP][PASSED] - setText: Text '5000' is set on object 'Object Repository/MOH AND GRN/Page_KDMC - CMS/input_txttreat'

2018-05-14 13:36:13 - [MESSAGE][PASSED] - Text '5000' is set on object 'Object Repository/MOH AND GRN/Page_KDMC - CMS/input_txttreat'

2018-05-14 13:36:13 - [TEST_STEP][PASSED] - click: Object: 'Object Repository/MOH AND GRN/Page_KDMC - CMS/button_Add' is clicked on

2018-05-14 13:36:13 - [MESSAGE][PASSED] - Object: 'Object Repository/MOH AND GRN/Page_KDMC - CMS/button_Add' is clicked on

2018-05-14 13:36:13 - [TEST_STEP][PASSED] - selectOptionByIndex: All options with index in [2] are selected on object 'Object Repository/MOH AND GRN/Page_KDMC - CMS/select_--Select--Schedule 1Inj'

2018-05-14 13:36:14 - [MESSAGE][PASSED] - All options with index in [2] are selected on object 'Object Repository/MOH AND GRN/Page_KDMC - CMS/select_--Select--Schedule 1Inj'

2018-05-14 13:36:14 - [TEST_STEP][PASSED] - selectOptionByIndex: All options with index in [65] are selected on object 'Object Repository/MOH AND GRN/Page_KDMC - CMS/select_--Select--Adernaline 0.'

2018-05-14 13:36:15 - [MESSAGE][PASSED] - All options with index in [65] are selected on object 'Object Repository/MOH AND GRN/Page_KDMC - CMS/select_--Select--Adernaline 0.'

2018-05-14 13:36:15 - [TEST_STEP][PASSED] - setText: Text '5000' is set on object 'Object Repository/MOH AND GRN/Page_KDMC - CMS/input_txttreat'

2018-05-14 13:36:15 - [MESSAGE][PASSED] - Text '5000' is set on object 'Object Repository/MOH AND GRN/Page_KDMC - CMS/input_txttreat'

2018-05-14 13:36:15 - [TEST_STEP][PASSED] - click: Object: 'Object Repository/MOH AND GRN/Page_KDMC - CMS/button_Add' is clicked on

2018-05-14 13:36:15 - [MESSAGE][PASSED] - Object: 'Object Repository/MOH AND GRN/Page_KDMC - CMS/button_Add' is clicked on

2018-05-14 13:36:15 - [TEST_STEP][PASSED] - selectOptionByIndex: All options with index in [2] are selected on object 'Object Repository/MOH AND GRN/Page_KDMC - CMS/select_--Select--Schedule 1Inj'

2018-05-14 13:36:15 - [MESSAGE][PASSED] - All options with index in [2] are selected on object 'Object Repository/MOH AND GRN/Page_KDMC - CMS/select_--Select--Schedule 1Inj'

2018-05-14 13:36:15 - [TEST_STEP][PASSED] - selectOptionByIndex: All options with index in [66] are selected on object 'Object Repository/MOH AND GRN/Page_KDMC - CMS/select_--Select--Adernaline 0.'

2018-05-14 13:36:16 - [MESSAGE][PASSED] - All options with index in [66] are selected on object 'Object Repository/MOH AND GRN/Page_KDMC - CMS/select_--Select--Adernaline 0.'

2018-05-14 13:36:16 - [TEST_STEP][PASSED] - setText: Text '5000' is set on object 'Object Repository/MOH AND GRN/Page_KDMC - CMS/input_txttreat'

2018-05-14 13:36:16 - [MESSAGE][PASSED] - Text '5000' is set on object 'Object Repository/MOH AND GRN/Page_KDMC - CMS/input_txttreat'

2018-05-14 13:36:16 - [TEST_STEP][PASSED] - click: Object: 'Object Repository/MOH AND GRN/Page_KDMC - CMS/button_Add' is clicked on

2018-05-14 13:36:16 - [MESSAGE][PASSED] - Object: 'Object Repository/MOH AND GRN/Page_KDMC - CMS/button_Add' is clicked on

2018-05-14 13:36:16 - [TEST_STEP][PASSED] - selectOptionByIndex: All options with index in [2] are selected on object 'Object Repository/MOH AND GRN/Page_KDMC - CMS/select_--Select--Schedule 1Inj'

2018-05-14 13:36:16 - [MESSAGE][PASSED] - All options with index in [2] are selected on object 'Object Repository/MOH AND GRN/Page_KDMC - CMS/select_--Select--Schedule 1Inj'

2018-05-14 13:36:16 - [TEST_STEP][PASSED] - selectOptionByIndex: All options with index in [67] are selected on object 'Object Repository/MOH AND GRN/Page_KDMC - CMS/select_--Select--Adernaline 0.'

2018-05-14 13:36:17 - [MESSAGE][PASSED] - All options with index in [67] are selected on object 'Object Repository/MOH AND GRN/Page_KDMC - CMS/select_--Select--Adernaline 0.'

2018-05-14 13:36:17 - [TEST_STEP][PASSED] - setText: Text '5000' is set on object 'Object Repository/MOH AND GRN/Page_KDMC - CMS/input_txttreat'

2018-05-14 13:36:17 - [MESSAGE][PASSED] - Text '5000' is set on object 'Object Repository/MOH AND GRN/Page_KDMC - CMS/input_txttreat'

2018-05-14 13:36:17 - [TEST_STEP][PASSED] - click: Object: 'Object Repository/MOH AND GRN/Page_KDMC - CMS/button_Add' is clicked on

2018-05-14 13:36:17 - [MESSAGE][PASSED] - Object: 'Object Repository/MOH AND GRN/Page_KDMC - CMS/button_Add' is clicked on

2018-05-14 13:36:17 - [TEST_STEP][PASSED] - selectOptionByIndex: All options with index in [2] are selected on object 'Object Repository/MOH AND GRN/Page_KDMC - CMS/select_--Select--Schedule 1Inj'

2018-05-14 13:36:17 - [MESSAGE][PASSED] - All options with index in [2] are selected on object 'Object Repository/MOH AND GRN/Page_KDMC - CMS/select_--Select--Schedule 1Inj'

2018-05-14 13:36:17 - [TEST_STEP][PASSED] - selectOptionByIndex: All options with index in [68] are selected on object 'Object Repository/MOH AND GRN/Page_KDMC - CMS/select_--Select--Adernaline 0.'

2018-05-14 13:36:18 - [MESSAGE][PASSED] - All options with index in [68] are selected on object 'Object Repository/MOH AND GRN/Page_KDMC - CMS/select_--Select--Adernaline 0.'

2018-05-14 13:36:18 - [TEST_STEP][PASSED] - setText: Text '5000' is set on object 'Object Repository/MOH AND GRN/Page_KDMC - CMS/input_txttreat'

2018-05-14 13:36:18 - [MESSAGE][PASSED] - Text '5000' is set on object 'Object Repository/MOH AND GRN/Page_KDMC - CMS/input_txttreat'

2018-05-14 13:36:18 - [TEST_STEP][PASSED] - click: Object: 'Object Repository/MOH AND GRN/Page_KDMC - CMS/button_Add' is clicked on

2018-05-14 13:36:18 - [MESSAGE][PASSED] - Object: 'Object Repository/MOH AND GRN/Page_KDMC - CMS/button_Add' is clicked on

2018-05-14 13:36:18 - [TEST_STEP][PASSED] - selectOptionByIndex: All options with index in [2] are selected on object 'Object Repository/MOH AND GRN/Page_KDMC - CMS/select_--Select--Schedule 1Inj'

2018-05-14 13:36:19 - [MESSAGE][PASSED] - All options with index in [2] are selected on object 'Object Repository/MOH AND GRN/Page_KDMC - CMS/select_--Select--Schedule 1Inj'

2018-05-14 13:36:19 - [TEST_STEP][PASSED] - selectOptionByIndex: All options with index in [69] are selected on object 'Object Repository/MOH AND GRN/Page_KDMC - CMS/select_--Select--Adernaline 0.'

2018-05-14 13:36:19 - [MESSAGE][PASSED] - All options with index in [69] are selected on object 'Object Repository/MOH AND GRN/Page_KDMC - CMS/select_--Select--Adernaline 0.'

2018-05-14 13:36:19 - [TEST_STEP][PASSED] - setText: Text '5000' is set on object 'Object Repository/MOH AND GRN/Page_KDMC - CMS/input_txttreat'

2018-05-14 13:36:20 - [MESSAGE][PASSED] - Text '5000' is set on object 'Object Repository/MOH AND GRN/Page_KDMC - CMS/input_txttreat'

2018-05-14 13:36:20 - [TEST_STEP][PASSED] - click: Object: 'Object Repository/MOH AND GRN/Page_KDMC - CMS/button_Add' is clicked on

2018-05-14 13:36:20 - [MESSAGE][PASSED] - Object: 'Object Repository/MOH AND GRN/Page_KDMC - CMS/button_Add' is clicked on

2018-05-14 13:36:20 - [TEST_STEP][PASSED] - selectOptionByIndex: All options with index in [2] are selected on object 'Object Repository/MOH AND GRN/Page_KDMC - CMS/select_--Select--Schedule 1Inj'

2018-05-14 13:36:20 - [MESSAGE][PASSED] - All options with index in [2] are selected on object 'Object Repository/MOH AND GRN/Page_KDMC - CMS/select_--Select--Schedule 1Inj'

2018-05-14 13:36:20 - [TEST_STEP][PASSED] - selectOptionByIndex: All options with index in [70] are selected on object 'Object Repository/MOH AND GRN/Page_KDMC - CMS/select_--Select--Adernaline 0.'

2018-05-14 13:36:21 - [MESSAGE][PASSED] - All options with index in [70] are selected on object 'Object Repository/MOH AND GRN/Page_KDMC - CMS/select_--Select--Adernaline 0.'

2018-05-14 13:36:21 - [TEST_STEP][PASSED] - setText: Text '5000' is set on object 'Object Repository/MOH AND GRN/Page_KDMC - CMS/input_txttreat'

2018-05-14 13:36:21 - [MESSAGE][PASSED] - Text '5000' is set on object 'Object Repository/MOH AND GRN/Page_KDMC - CMS/input_txttreat'

2018-05-14 13:36:21 - [TEST_STEP][PASSED] - click: Object: 'Object Repository/MOH AND GRN/Page_KDMC - CMS/button_Add' is clicked on

2018-05-14 13:36:21 - [MESSAGE][PASSED] - Object: 'Object Repository/MOH AND GRN/Page_KDMC - CMS/button_Add' is clicked on

2018-05-14 13:36:21 - [TEST_STEP][PASSED] - selectOptionByIndex: All options with index in [2] are selected on object 'Object Repository/MOH AND GRN/Page_KDMC - CMS/select_--Select--Schedule 1Inj'

2018-05-14 13:36:21 - [MESSAGE][PASSED] - All options with index in [2] are selected on object 'Object Repository/MOH AND GRN/Page_KDMC - CMS/select_--Select--Schedule 1Inj'

2018-05-14 13:36:21 - [TEST_STEP][PASSED] - selectOptionByIndex: All options with index in [71] are selected on object 'Object Repository/MOH AND GRN/Page_KDMC - CMS/select_--Select--Adernaline 0.'

2018-05-14 13:36:22 - [MESSAGE][PASSED] - All options with index in [71] are selected on object 'Object Repository/MOH AND GRN/Page_KDMC - CMS/select_--Select--Adernaline 0.'

2018-05-14 13:36:22 - [TEST_STEP][PASSED] - setText: Text '5000' is set on object 'Object Repository/MOH AND GRN/Page_KDMC - CMS/input_txttreat'

2018-05-14 13:36:22 - [MESSAGE][PASSED] - Text '5000' is set on object 'Object Repository/MOH AND GRN/Page_KDMC - CMS/input_txttreat'

2018-05-14 13:36:22 - [TEST_STEP][PASSED] - click: Object: 'Object Repository/MOH AND GRN/Page_KDMC - CMS/button_Add' is clicked on

2018-05-14 13:36:22 - [MESSAGE][PASSED] - Object: 'Object Repository/MOH AND GRN/Page_KDMC - CMS/button_Add' is clicked on

2018-05-14 13:36:22 - [TEST_STEP][PASSED] - selectOptionByIndex: All options with index in [2] are selected on object 'Object Repository/MOH AND GRN/Page_KDMC - CMS/select_--Select--Schedule 1Inj'

2018-05-14 13:36:22 - [MESSAGE][PASSED] - All options with index in [2] are selected on object 'Object Repository/MOH AND GRN/Page_KDMC - CMS/select_--Select--Schedule 1Inj'

2018-05-14 13:36:22 - [TEST_STEP][PASSED] - selectOptionByIndex: All options with index in [72] are selected on object 'Object Repository/MOH AND GRN/Page_KDMC - CMS/select_--Select--Adernaline 0.'

2018-05-14 13:36:23 - [MESSAGE][PASSED] - All options with index in [72] are selected on object 'Object Repository/MOH AND GRN/Page_KDMC - CMS/select_--Select--Adernaline 0.'

2018-05-14 13:36:23 - [TEST_STEP][PASSED] - setText: Text '5000' is set on object 'Object Repository/MOH AND GRN/Page_KDMC - CMS/input_txttreat'

2018-05-14 13:36:23 - [MESSAGE][PASSED] - Text '5000' is set on object 'Object Repository/MOH AND GRN/Page_KDMC - CMS/input_txttreat'

2018-05-14 13:36:23 - [TEST_STEP][PASSED] - click: Object: 'Object Repository/MOH AND GRN/Page_KDMC - CMS/button_Add' is clicked on

2018-05-14 13:36:23 - [MESSAGE][PASSED] - Object: 'Object Repository/MOH AND GRN/Page_KDMC - CMS/button_Add' is clicked on

2018-05-14 13:36:23 - [TEST_STEP][PASSED] - scrollToElement: Scroll to object 'Object Repository/MOH AND GRN/Page_KDMC - CMS/input_btnsave' successfully

2018-05-14 13:36:23 - [MESSAGE][PASSED] - Scroll to object 'Object Repository/MOH AND GRN/Page_KDMC - CMS/input_btnsave' successfully

2018-05-14 13:36:23 - [TEST_STEP][PASSED] - click: Object: 'Object Repository/MOH AND GRN/Page_KDMC - CMS/input_btnsave' is clicked on

2018-05-14 13:36:23 - [MESSAGE][PASSED] - Object: 'Object Repository/MOH AND GRN/Page_KDMC - CMS/input_btnsave' is clicked on

2018-05-14 13:36:23 - [TEST_STEP][PASSED] - delay: Delayed 3 second(s)

2018-05-14 13:36:26 - [MESSAGE][PASSED] - Delayed 3 second(s)

2018-05-14 13:36:26 - [TEST_STEP][PASSED] - Statement - Request1 = com.kms.katalon.core.webui.keyword.WebUiBuiltInKeywords.getText(com.kms.katalon.core.testobject.ObjectRepository.findTestObject(MOH AND GRN/Page_KDMC - CMS/font_PRNO0505201876)): Text of object 'Object Repository/MOH AND GRN/Page_KDMC - CMS/font_PRNO0505201876' is: 'PRNO/14052018/234'

2018-05-14 13:36:26 - [MESSAGE][PASSED] - Text of object 'Object Repository/MOH AND GRN/Page_KDMC - CMS/font_PRNO0505201876' is: 'PRNO/14052018/234'

2018-05-14 13:36:26 - [TEST_STEP][PASSED] - Statement - out.println("Length OF The Medicine " + Request1): null

2018-05-14 13:36:26 - [TEST_STEP][PASSED] - Statement - RequestNUmber = Request1.split("/")[2].trim(): null

2018-05-14 13:36:26 - [TEST_STEP][PASSED] - Statement - out.println("ID IS " + RequestNUmber): null

2018-05-14 13:36:26 - [TEST_STEP][PASSED] - delay: Delayed 3 second(s)

2018-05-14 13:36:29 - [MESSAGE][PASSED] - Delayed 3 second(s)

2018-05-14 13:36:29 - [TEST_STEP][PASSED] - click: Object: 'Object Repository/MOH AND GRN/Page_KDMC - CMS/button_OK' is clicked on

2018-05-14 13:36:30 - [MESSAGE][PASSED] - Object: 'Object Repository/MOH AND GRN/Page_KDMC - CMS/button_OK' is clicked on

2018-05-14 13:36:30 - [TEST_STEP][PASSED] - click: Object: 'Object Repository/MOH AND GRN/Page_KDMC - CMS/a_dropdown-toggle' is clicked on

2018-05-14 13:36:31 - [MESSAGE][PASSED] - Object: 'Object Repository/MOH AND GRN/Page_KDMC - CMS/a_dropdown-toggle' is clicked on

2018-05-14 13:36:31 - [TEST_STEP][PASSED] - click: Object: 'Object Repository/MOH AND GRN/Page_KDMC - CMS/a_Sign out' is clicked on

2018-05-14 13:36:32 - [MESSAGE][PASSED] - Object: 'Object Repository/MOH AND GRN/Page_KDMC - CMS/a_Sign out' is clicked on

2018-05-14 13:36:32 - [TEST_STEP][PASSED] - delay: Delayed 4 second(s)

2018-05-14 13:36:36 - [MESSAGE][PASSED] - Delayed 4 second(s)

2018-05-14 13:36:36 - [TEST_STEP][PASSED] - click: Object: 'Object Repository/MOH AND GRN/Page_KDMC/a_Admin Master' is clicked on

2018-05-14 13:36:36 - [MESSAGE][PASSED] - Object: 'Object Repository/MOH AND GRN/Page_KDMC/a_Admin Master' is clicked on

2018-05-14 13:36:36 - [TEST_STEP][PASSED] - setText: Text 'admin' is set on object 'Object Repository/MOH AND GRN/Page_Admin login/input_txtusername'

2018-05-14 13:36:36 - [MESSAGE][PASSED] - Text 'admin' is set on object 'Object Repository/MOH AND GRN/Page_Admin login/input_txtusername'

2018-05-14 13:36:36 - [TEST_STEP][PASSED] - setText: Text 'admin123' is set on object 'Object Repository/MOH AND GRN/Page_Admin login/input_txtpassword'

2018-05-14 13:36:36 - [MESSAGE][PASSED] - Text 'admin123' is set on object 'Object Repository/MOH AND GRN/Page_Admin login/input_txtpassword'

2018-05-14 13:36:36 - [TEST_STEP][PASSED] - delay: Delayed 3 second(s)

2018-05-14 13:36:39 - [MESSAGE][PASSED] - Delayed 3 second(s)

2018-05-14 13:36:39 - [TEST_STEP][PASSED] - click: Object: 'Object Repository/MOH AND GRN/Page_Admin login/button_Sign in' is clicked on

2018-05-14 13:36:41 - [MESSAGE][PASSED] - Object: 'Object Repository/MOH AND GRN/Page_Admin login/button_Sign in' is clicked on

2018-05-14 13:36:41 - [TEST_STEP][PASSED] - delay: Delayed 20 second(s)

2018-05-14 13:37:01 - [MESSAGE][PASSED] - Delayed 20 second(s)

2018-05-14 13:37:01 - [TEST_STEP][PASSED] - scrollToPosition: Browser is scrolled to position x = 200, y = 200

2018-05-14 13:37:01 - [MESSAGE][PASSED] - Browser is scrolled to position x = 200, y = 200

2018-05-14 13:37:01 - [TEST_STEP][PASSED] - click: Object: 'Object Repository/MOH AND GRN/Page_KDMC/a_CMS_1' is clicked on

2018-05-14 13:37:01 - [MESSAGE][PASSED] - Object: 'Object Repository/MOH AND GRN/Page_KDMC/a_CMS_1' is clicked on

2018-05-14 13:37:01 - [TEST_STEP][PASSED] - click: Object: 'Object Repository/MOH AND GRN/Page_KDMC/a_Request List' is clicked on

2018-05-14 13:37:03 - [MESSAGE][PASSED] - Object: 'Object Repository/MOH AND GRN/Page_KDMC/a_Request List' is clicked on

2018-05-14 13:37:03 - [TEST_STEP][PASSED] - Statement - RequestNumberId = com.kms.katalon.core.webui.keyword.WebUiBuiltInKeywords.modifyObjectProperty(com.kms.katalon.core.testobject.ObjectRepository.findTestObject(MOH AND GRN/Page_KDMC - CMS/input_PO0032), "xpath", "equals", "//*[@id =" + RequestNUmber + "]", true): Modify property of object successfully

2018-05-14 13:37:03 - [MESSAGE][PASSED] - Modify property of object successfully

2018-05-14 13:37:03 - [TEST_STEP][PASSED] - click: Object: 'Object Repository/MOH AND GRN/Page_KDMC - CMS/input_PO0032' is clicked on

2018-05-14 13:37:03 - [MESSAGE][PASSED] - Object: 'Object Repository/MOH AND GRN/Page_KDMC - CMS/input_PO0032' is clicked on

2018-05-14 13:37:03 - [TEST_STEP][PASSED] - delay: Delayed 3 second(s)

2018-05-14 13:37:06 - [MESSAGE][PASSED] - Delayed 3 second(s)

2018-05-14 13:37:06 - [TEST_STEP][PASSED] - selectOptionByIndex: All options with index in [1] are selected on object 'Object Repository/MOH AND GRN/Page_KDMC/select_--Select--'

2018-05-14 13:37:06 - [MESSAGE][PASSED] - All options with index in [1] are selected on object 'Object Repository/MOH AND GRN/Page_KDMC/select_--Select--'

2018-05-14 13:37:06 - [TEST_STEP][PASSED] - click: Object: 'Object Repository/MOH AND GRN/Page_KDMC/input_btnupdate' is clicked on

2018-05-14 13:37:06 - [MESSAGE][PASSED] - Object: 'Object Repository/MOH AND GRN/Page_KDMC/input_btnupdate' is clicked on

2018-05-14 13:37:06 - [TEST_STEP][PASSED] - delay: Delayed 3 second(s)

2018-05-14 13:37:09 - [MESSAGE][PASSED] - Delayed 3 second(s)

2018-05-14 13:37:09 - [TEST_STEP][PASSED] - click: Object: 'Object Repository/MOH AND GRN/Page_KDMC/button_OK' is clicked on

2018-05-14 13:37:10 - [MESSAGE][PASSED] - Object: 'Object Repository/MOH AND GRN/Page_KDMC/button_OK' is clicked on

2018-05-14 13:37:10 - [TEST_STEP][PASSED] - delay: Delayed 3 second(s)

2018-05-14 13:37:13 - [MESSAGE][PASSED] - Delayed 3 second(s)

2018-05-14 13:37:13 - [TEST_STEP][PASSED] - scrollToPosition: Browser is scrolled to position x = 200, y = 200

2018-05-14 13:37:13 - [MESSAGE][PASSED] - Browser is scrolled to position x = 200, y = 200

2018-05-14 13:37:13 - [TEST_STEP][PASSED] - click: Object: 'Object Repository/MOH AND GRN/Page_KDMC/a_CMS_2' is clicked on

2018-05-14 13:37:13 - [MESSAGE][PASSED] - Object: 'Object Repository/MOH AND GRN/Page_KDMC/a_CMS_2' is clicked on

2018-05-14 13:37:13 - [TEST_STEP][PASSED] - delay: Delayed 2 second(s)

2018-05-14 13:37:15 - [MESSAGE][PASSED] - Delayed 2 second(s)

2018-05-14 13:37:15 - [TEST_STEP][PASSED] - click: Object: 'Object Repository/MOH AND GRN/Page_KDMC/a_Generate P.O' is clicked on

2018-05-14 13:37:16 - [MESSAGE][PASSED] - Object: 'Object Repository/MOH AND GRN/Page_KDMC/a_Generate P.O' is clicked on

2018-05-14 13:37:16 - [TEST_STEP][PASSED] - delay: Delayed 2 second(s)

2018-05-14 13:37:18 - [MESSAGE][PASSED] - Delayed 2 second(s)

2018-05-14 13:37:18 - [TEST_STEP][PASSED] - selectOptionByIndex: All options with index in [1] are selected on object 'Object Repository/MOH AND GRN/Page_KDMC/select_--Select--PRNO040520183'

2018-05-14 13:37:18 - [MESSAGE][PASSED] - All options with index in [1] are selected on object 'Object Repository/MOH AND GRN/Page_KDMC/select_--Select--PRNO040520183'

2018-05-14 13:37:18 - [TEST_STEP][PASSED] - selectOptionByIndex: All options with index in [4] are selected on object 'Object Repository/MOH AND GRN/Page_KDMC/select_--Select--Hamen Chandra'

2018-05-14 13:37:18 - [MESSAGE][PASSED] - All options with index in [4] are selected on object 'Object Repository/MOH AND GRN/Page_KDMC/select_--Select--Hamen Chandra'

2018-05-14 13:37:18 - [TEST_STEP][PASSED] - Statement - PONumber = com.kms.katalon.core.webui.keyword.WebUiBuiltInKeywords.getText(com.kms.katalon.core.testobject.ObjectRepository.findTestObject(MOH AND GRN/Page_KDMC/input_lblpono)).trim(): Text of object 'Object Repository/MOH AND GRN/Page_KDMC/input_lblpono' is: ''

2018-05-14 13:37:18 - [MESSAGE][PASSED] - Text of object 'Object Repository/MOH AND GRN/Page_KDMC/input_lblpono' is: ''

2018-05-14 13:37:18 - [TEST_STEP][PASSED] - Statement - PONumber1 = com.kms.katalon.core.webui.keyword.WebUiBuiltInKeywords.getAttribute(com.kms.katalon.core.testobject.ObjectRepository.findTestObject(MOH AND GRN/Page_KDMC/input_lblpono), "value").trim(): Attribute 'value' of object 'Object Repository/MOH AND GRN/Page_KDMC/input_lblpono' is: 'PO00115'

2018-05-14 13:37:18 - [MESSAGE][PASSED] - Attribute 'value' of object 'Object Repository/MOH AND GRN/Page_KDMC/input_lblpono' is: 'PO00115'

2018-05-14 13:37:18 - [TEST_STEP][PASSED] - Statement - out.println("PO NUMBER :" + PONumber): null

2018-05-14 13:37:18 - [TEST_STEP][PASSED] - Statement - out.println("PO NUMBER :" + PONumber1): null

2018-05-14 13:37:18 - [TEST_STEP][PASSED] - click: Object: 'Object Repository/MOH AND GRN/Page_KDMC/input_chkrem' is clicked on

2018-05-14 13:37:18 - [MESSAGE][PASSED] - Object: 'Object Repository/MOH AND GRN/Page_KDMC/input_chkrem' is clicked on

2018-05-14 13:37:18 - [TEST_STEP][PASSED] - scrollToElement: Scroll to object 'Object Repository/MOH AND GRN/Page_KDMC/input_btnreturn' successfully

2018-05-14 13:37:18 - [MESSAGE][PASSED] - Scroll to object 'Object Repository/MOH AND GRN/Page_KDMC/input_btnreturn' successfully

2018-05-14 13:37:18 - [TEST_STEP][PASSED] - click: Object: 'Object Repository/MOH AND GRN/Page_KDMC/input_btnreturn' is clicked on

2018-05-14 13:37:18 - [MESSAGE][PASSED] - Object: 'Object Repository/MOH AND GRN/Page_KDMC/input_btnreturn' is clicked on

2018-05-14 13:37:18 - [TEST_STEP][PASSED] - delay: Delayed 3 second(s)

2018-05-14 13:37:21 - [MESSAGE][PASSED] - Delayed 3 second(s)

2018-05-14 13:37:21 - [TEST_STEP][PASSED] - click: Object: 'Object Repository/MOH AND GRN/Page_KDMC/button_Yes' is clicked on

2018-05-14 13:37:22 - [MESSAGE][PASSED] - Object: 'Object Repository/MOH AND GRN/Page_KDMC/button_Yes' is clicked on

2018-05-14 13:37:22 - [TEST_STEP][PASSED] - delay: Delayed 3 second(s)

2018-05-14 13:37:25 - [MESSAGE][PASSED] - Delayed 3 second(s)

2018-05-14 13:37:25 - [TEST_STEP][PASSED] - click: Object: 'Object Repository/MOH AND GRN/Page_KDMC/button_OK' is clicked on

2018-05-14 13:37:26 - [MESSAGE][PASSED] - Object: 'Object Repository/MOH AND GRN/Page_KDMC/button_OK' is clicked on

2018-05-14 13:37:26 - [TEST_STEP][PASSED] - delay: Delayed 3 second(s)

2018-05-14 13:37:29 - [MESSAGE][PASSED] - Delayed 3 second(s)

2018-05-14 13:37:29 - [TEST_STEP][PASSED] - click: Object: 'Object Repository/MOH AND GRN/Page_KDMC/a_dropdown-toggle' is clicked on

2018-05-14 13:37:29 - [MESSAGE][PASSED] - Object: 'Object Repository/MOH AND GRN/Page_KDMC/a_dropdown-toggle' is clicked on

2018-05-14 13:37:29 - [TEST_STEP][PASSED] - click: Object: 'Object Repository/MOH AND GRN/Page_KDMC/a_Sign out' is clicked on

2018-05-14 13:37:29 - [MESSAGE][PASSED] - Object: 'Object Repository/MOH AND GRN/Page_KDMC/a_Sign out' is clicked on

2018-05-14 13:37:29 - [TEST_STEP][PASSED] - delay: Delayed 4 second(s)

2018-05-14 13:37:33 - [MESSAGE][PASSED] - Delayed 4 second(s)

2018-05-14 13:37:33 - [TEST_STEP][PASSED] - click: Object: 'Object Repository/MOH AND GRN/Page_KDMC/a_CMS' is clicked on

2018-05-14 13:37:34 - [MESSAGE][PASSED] - Object: 'Object Repository/MOH AND GRN/Page_KDMC/a_CMS' is clicked on

2018-05-14 13:37:34 - [TEST_STEP][PASSED] - setText: Text 'bala' is set on object 'Object Repository/MOH AND GRN/Page_CMS login/input_txtusername'

2018-05-14 13:37:34 - [MESSAGE][PASSED] - Text 'bala' is set on object 'Object Repository/MOH AND GRN/Page_CMS login/input_txtusername'

2018-05-14 13:37:34 - [TEST_STEP][PASSED] - setText: Text '123' is set on object 'Object Repository/MOH AND GRN/Page_CMS login/input_txtpassword'

2018-05-14 13:37:34 - [MESSAGE][PASSED] - Text '123' is set on object 'Object Repository/MOH AND GRN/Page_CMS login/input_txtpassword'

2018-05-14 13:37:34 - [TEST_STEP][PASSED] - delay: Delayed 3 second(s)

2018-05-14 13:37:37 - [MESSAGE][PASSED] - Delayed 3 second(s)

2018-05-14 13:37:37 - [TEST_STEP][PASSED] - click: Object: 'Object Repository/MOH AND GRN/Page_CMS login/button_Sign in' is clicked on

2018-05-14 13:37:38 - [MESSAGE][PASSED] - Object: 'Object Repository/MOH AND GRN/Page_CMS login/button_Sign in' is clicked on

2018-05-14 13:37:38 - [TEST_STEP][PASSED] - click: Object: 'Object Repository/MOH AND GRN/Page_KDMC - CMS/a_CMS Details' is clicked on

2018-05-14 13:37:38 - [MESSAGE][PASSED] - Object: 'Object Repository/MOH AND GRN/Page_KDMC - CMS/a_CMS Details' is clicked on

2018-05-14 13:37:38 - [TEST_STEP][PASSED] - delay: Delayed 2 second(s)

2018-05-14 13:37:40 - [MESSAGE][PASSED] - Delayed 2 second(s)

2018-05-14 13:37:40 - [TEST_STEP][PASSED] - click: Object: 'Object Repository/MOH AND GRN/Page_KDMC - CMS/a_Goods Receive' is clicked on

2018-05-14 13:37:40 - [MESSAGE][PASSED] - Object: 'Object Repository/MOH AND GRN/Page_KDMC - CMS/a_Goods Receive' is clicked on

2018-05-14 13:37:40 - [TEST_STEP][PASSED] - delay: Delayed 2 second(s)

2018-05-14 13:37:42 - [MESSAGE][PASSED] - Delayed 2 second(s)

2018-05-14 13:37:42 - [TEST_STEP][PASSED] - selectOptionByLabel: All options with label 'PO00115' are selected in object 'Object Repository/MOH AND GRN/Page_KDMC - CMS/select_--Select--PO0032PO0031P' 

2018-05-14 13:37:43 - [MESSAGE][PASSED] - All options with label 'PO00115' are selected in object 'Object Repository/MOH AND GRN/Page_KDMC - CMS/select_--Select--PO0032PO0031P' 

2018-05-14 13:37:43 - [TEST_STEP][PASSED] - setText: Finding Test Object with id 'Object Repository/MOH AND GRN/Page_KDMC - CMS/input_txtgrnno'

2018-05-14 13:37:43 - [TEST_STEP][PASSED] - Statement - switch (id): Text 'INV411.0' is set on object 'Object Repository/MOH AND GRN/Page_KDMC - CMS/input_txtgrnno'

2018-05-14 13:37:43 - [TEST_STEP][PASSED] - Statement - case 2:: Text 'INV411.0' is set on object 'Object Repository/MOH AND GRN/Page_KDMC - CMS/input_txtgrnno'

2018-05-14 13:37:43 - [TEST_STEP][PASSED] - Statement - return (java.lang.Math.floor((java.lang.Math.random() * ((max - min) + 1))) + min): Text 'INV411.0' is set on object 'Object Repository/MOH AND GRN/Page_KDMC - CMS/input_txtgrnno'

2018-05-14 13:37:43 - [MESSAGE][PASSED] - Text 'INV411.0' is set on object 'Object Repository/MOH AND GRN/Page_KDMC - CMS/input_txtgrnno'

2018-05-14 13:37:43 - [TEST_STEP][PASSED] - selectOptionByIndex: All options with index in [1] are selected on object 'Object Repository/MOH AND GRN/Page_KDMC - CMS/select_--Select--PERUMAL PHARM'

2018-05-14 13:37:43 - [MESSAGE][PASSED] - All options with index in [1] are selected on object 'Object Repository/MOH AND GRN/Page_KDMC - CMS/select_--Select--PERUMAL PHARM'

2018-05-14 13:37:43 - [TEST_STEP][PASSED] - setText: Text '15000' is set on object 'Object Repository/MOH AND GRN/Page_KDMC - CMS/input_txtgrnno_1'

2018-05-14 13:37:43 - [MESSAGE][PASSED] - Text '15000' is set on object 'Object Repository/MOH AND GRN/Page_KDMC - CMS/input_txtgrnno_1'

2018-05-14 13:37:43 - [TEST_STEP][PASSED] - setText: Text '350' is set on object 'Object Repository/MOH AND GRN/Page_KDMC - CMS/input_txtgrnno_2'

2018-05-14 13:37:43 - [MESSAGE][PASSED] - Text '350' is set on object 'Object Repository/MOH AND GRN/Page_KDMC - CMS/input_txtgrnno_2'

2018-05-14 13:37:43 - [TEST_STEP][PASSED] - setText: Finding Test Object with id 'Object Repository/MOH AND GRN/Page_KDMC - CMS/input_txtgrnno_3'

2018-05-14 13:37:43 - [TEST_STEP][PASSED] - Statement - switch (id): Text 'CH53.0' is set on object 'Object Repository/MOH AND GRN/Page_KDMC - CMS/input_txtgrnno_3'

2018-05-14 13:37:43 - [TEST_STEP][PASSED] - Statement - case 3:: Text 'CH53.0' is set on object 'Object Repository/MOH AND GRN/Page_KDMC - CMS/input_txtgrnno_3'

2018-05-14 13:37:43 - [TEST_STEP][PASSED] - Statement - return (java.lang.Math.floor((java.lang.Math.random() * ((max - min) + 1))) + min): Text 'CH53.0' is set on object 'Object Repository/MOH AND GRN/Page_KDMC - CMS/input_txtgrnno_3'

2018-05-14 13:37:43 - [MESSAGE][PASSED] - Text 'CH53.0' is set on object 'Object Repository/MOH AND GRN/Page_KDMC - CMS/input_txtgrnno_3'

2018-05-14 13:37:43 - [TEST_STEP][PASSED] - scrollToPosition: Browser is scrolled to position x = 200, y = 200

2018-05-14 13:37:43 - [MESSAGE][PASSED] - Browser is scrolled to position x = 200, y = 200

2018-05-14 13:37:43 - [TEST_STEP][PASSED] - Statement - GrnLength = com.kms.katalon.core.webui.keyword.WebUiBuiltInKeywords.getNumberOfTotalOption(com.kms.katalon.core.testobject.ObjectRepository.findTestObject(MOH AND GRN/Page_KDMC - CMS/select_--Select--Amikacin -500)): 73 options of object 'Object Repository/MOH AND GRN/Page_KDMC - CMS/select_--Select--Amikacin -500' counted

2018-05-14 13:37:43 - [MESSAGE][PASSED] - 73 options of object 'Object Repository/MOH AND GRN/Page_KDMC - CMS/select_--Select--Amikacin -500' counted

2018-05-14 13:37:43 - [TEST_STEP][PASSED] - Statement - out.println("Length OF The Medicine " + GrnLength): null

2018-05-14 13:37:43 - [TEST_STEP][PASSED] - Statement - s = 1: null

2018-05-14 13:37:43 - [TEST_STEP][PASSED] - Statement - For ([t = 1, t < GrnLength, (t++)]): Finding Test Object with id 'Object Repository/MOH AND GRN/Page_KDMC - CMS/input_txtmrp'

2018-05-14 13:37:43 - [TEST_STEP][PASSED] - selectOptionByIndex: All options with index in [1] are selected on object 'Object Repository/MOH AND GRN/Page_KDMC - CMS/select_--Select--Amikacin -500'

2018-05-14 13:37:44 - [MESSAGE][PASSED] - All options with index in [1] are selected on object 'Object Repository/MOH AND GRN/Page_KDMC - CMS/select_--Select--Amikacin -500'

2018-05-14 13:37:44 - [TEST_STEP][PASSED] - setText: Text '5000' is set on object 'Object Repository/MOH AND GRN/Page_KDMC - CMS/input_txtqty'

2018-05-14 13:37:44 - [MESSAGE][PASSED] - Text '5000' is set on object 'Object Repository/MOH AND GRN/Page_KDMC - CMS/input_txtqty'

2018-05-14 13:37:44 - [TEST_STEP][PASSED] - selectOptionByIndex: All options with index in [1] are selected on object 'Object Repository/MOH AND GRN/Page_KDMC - CMS/select_--Select--No Tax0'

2018-05-14 13:37:44 - [MESSAGE][PASSED] - All options with index in [1] are selected on object 'Object Repository/MOH AND GRN/Page_KDMC - CMS/select_--Select--No Tax0'

2018-05-14 13:37:44 - [TEST_STEP][PASSED] - setText: Finding Test Object with id 'Object Repository/MOH AND GRN/Page_KDMC - CMS/input_txtmrp'

2018-05-14 13:37:44 - [TEST_STEP][PASSED] - Statement - switch (id): Finding Test Object with id 'Object Repository/MOH AND GRN/Page_KDMC - CMS/input_txtdeal'

2018-05-14 13:37:44 - [TEST_STEP][PASSED] - Statement - case 4:: Text '21.0' is set on object 'Object Repository/MOH AND GRN/Page_KDMC - CMS/input_txtmrp'

2018-05-14 13:37:44 - [TEST_STEP][PASSED] - Statement - return (java.lang.Math.floor((java.lang.Math.random() * ((max - min) + 1))) + min): Text '21.0' is set on object 'Object Repository/MOH AND GRN/Page_KDMC - CMS/input_txtmrp'

2018-05-14 13:37:44 - [MESSAGE][PASSED] - Text '21.0' is set on object 'Object Repository/MOH AND GRN/Page_KDMC - CMS/input_txtmrp'

2018-05-14 13:37:44 - [TEST_STEP][PASSED] - setText: Finding Test Object with id 'Object Repository/MOH AND GRN/Page_KDMC - CMS/input_txtdeal'

2018-05-14 13:37:44 - [TEST_STEP][PASSED] - Statement - switch (id): Finding Test Object with id 'Object Repository/MOH AND GRN/Page_KDMC - CMS/input_txtbatchno'

2018-05-14 13:37:44 - [TEST_STEP][PASSED] - Statement - case 5:: Text '6.0' is set on object 'Object Repository/MOH AND GRN/Page_KDMC - CMS/input_txtdeal'

2018-05-14 13:37:44 - [TEST_STEP][PASSED] - Statement - return (java.lang.Math.floor((java.lang.Math.random() * ((max - min) + 1))) + min): Text '6.0' is set on object 'Object Repository/MOH AND GRN/Page_KDMC - CMS/input_txtdeal'

2018-05-14 13:37:44 - [MESSAGE][PASSED] - Text '6.0' is set on object 'Object Repository/MOH AND GRN/Page_KDMC - CMS/input_txtdeal'

2018-05-14 13:37:44 - [TEST_STEP][PASSED] - setText: Finding Test Object with id 'Object Repository/MOH AND GRN/Page_KDMC - CMS/input_txtbatchno'

2018-05-14 13:37:44 - [TEST_STEP][PASSED] - Statement - switch (id): Finding Test Object with id 'Object Repository/MOH AND GRN/Page_KDMC - CMS/input_txtmrp'

2018-05-14 13:37:44 - [TEST_STEP][PASSED] - Statement - case 1:: Text 'BA44.0' is set on object 'Object Repository/MOH AND GRN/Page_KDMC - CMS/input_txtbatchno'

2018-05-14 13:37:44 - [TEST_STEP][PASSED] - Statement - return (java.lang.Math.floor((java.lang.Math.random() * ((max - min) + 1))) + min): Text 'BA44.0' is set on object 'Object Repository/MOH AND GRN/Page_KDMC - CMS/input_txtbatchno'

2018-05-14 13:37:44 - [MESSAGE][PASSED] - Text 'BA44.0' is set on object 'Object Repository/MOH AND GRN/Page_KDMC - CMS/input_txtbatchno'

2018-05-14 13:37:44 - [TEST_STEP][PASSED] - rightClick: Object: 'Object Repository/GRN/Page_KDMC - CMS/input_txtexpdate' is right clicked on

2018-05-14 13:37:44 - [MESSAGE][PASSED] - Object: 'Object Repository/GRN/Page_KDMC - CMS/input_txtexpdate' is right clicked on

2018-05-14 13:37:44 - [TEST_STEP][PASSED] - selectOptionByIndex: All options with index in [1] are selected on object 'Object Repository/GRN/Page_KDMC - CMS/select_20182019202020212022202'

2018-05-14 13:37:45 - [MESSAGE][PASSED] - All options with index in [1] are selected on object 'Object Repository/GRN/Page_KDMC - CMS/select_20182019202020212022202'

2018-05-14 13:37:45 - [TEST_STEP][PASSED] - selectOptionByIndex: All options with index in [1] are selected on object 'Object Repository/GRN/Page_KDMC - CMS/select_JanFebMarAprMayJunJulAu'

2018-05-14 13:37:45 - [MESSAGE][PASSED] - All options with index in [1] are selected on object 'Object Repository/GRN/Page_KDMC - CMS/select_JanFebMarAprMayJunJulAu'

2018-05-14 13:37:45 - [TEST_STEP][PASSED] - click: Object: 'Object Repository/MOH AND GRN/Page_KDMC - CMS/a_12' is clicked on

2018-05-14 13:37:45 - [MESSAGE][PASSED] - Object: 'Object Repository/MOH AND GRN/Page_KDMC - CMS/a_12' is clicked on

2018-05-14 13:37:45 - [TEST_STEP][PASSED] - click: Object: 'Object Repository/MOH AND GRN/Page_KDMC - CMS/input_btnadd' is clicked on

2018-05-14 13:37:45 - [MESSAGE][PASSED] - Object: 'Object Repository/MOH AND GRN/Page_KDMC - CMS/input_btnadd' is clicked on

2018-05-14 13:37:45 - [TEST_STEP][PASSED] - Statement - If (s == 10): null

2018-05-14 13:37:45 - [TEST_STEP][PASSED] - Statement - Else: null

2018-05-14 13:37:45 - [TEST_STEP][PASSED] - Statement - (s++): null

2018-05-14 13:37:45 - [TEST_STEP][PASSED] - delay: Delayed 1 second(s)

2018-05-14 13:37:46 - [MESSAGE][PASSED] - Delayed 1 second(s)

2018-05-14 13:37:46 - [TEST_STEP][PASSED] - selectOptionByIndex: All options with index in [2] are selected on object 'Object Repository/MOH AND GRN/Page_KDMC - CMS/select_--Select--Amikacin -500'

2018-05-14 13:37:46 - [MESSAGE][PASSED] - All options with index in [2] are selected on object 'Object Repository/MOH AND GRN/Page_KDMC - CMS/select_--Select--Amikacin -500'

2018-05-14 13:37:46 - [TEST_STEP][PASSED] - setText: Text '5000' is set on object 'Object Repository/MOH AND GRN/Page_KDMC - CMS/input_txtqty'

2018-05-14 13:37:46 - [MESSAGE][PASSED] - Text '5000' is set on object 'Object Repository/MOH AND GRN/Page_KDMC - CMS/input_txtqty'

2018-05-14 13:37:46 - [TEST_STEP][PASSED] - selectOptionByIndex: All options with index in [1] are selected on object 'Object Repository/MOH AND GRN/Page_KDMC - CMS/select_--Select--No Tax0'

2018-05-14 13:37:46 - [MESSAGE][PASSED] - All options with index in [1] are selected on object 'Object Repository/MOH AND GRN/Page_KDMC - CMS/select_--Select--No Tax0'

2018-05-14 13:37:46 - [TEST_STEP][PASSED] - setText: Finding Test Object with id 'Object Repository/MOH AND GRN/Page_KDMC - CMS/input_txtmrp'

2018-05-14 13:37:46 - [TEST_STEP][PASSED] - Statement - switch (id): Finding Test Object with id 'Object Repository/MOH AND GRN/Page_KDMC - CMS/input_txtdeal'

2018-05-14 13:37:46 - [TEST_STEP][PASSED] - Statement - case 4:: Text '17.0' is set on object 'Object Repository/MOH AND GRN/Page_KDMC - CMS/input_txtmrp'

2018-05-14 13:37:46 - [TEST_STEP][PASSED] - Statement - return (java.lang.Math.floor((java.lang.Math.random() * ((max - min) + 1))) + min): Text '17.0' is set on object 'Object Repository/MOH AND GRN/Page_KDMC - CMS/input_txtmrp'

2018-05-14 13:37:46 - [MESSAGE][PASSED] - Text '17.0' is set on object 'Object Repository/MOH AND GRN/Page_KDMC - CMS/input_txtmrp'

2018-05-14 13:37:46 - [TEST_STEP][PASSED] - setText: Finding Test Object with id 'Object Repository/MOH AND GRN/Page_KDMC - CMS/input_txtdeal'

2018-05-14 13:37:46 - [TEST_STEP][PASSED] - Statement - switch (id): Finding Test Object with id 'Object Repository/MOH AND GRN/Page_KDMC - CMS/input_txtbatchno'

2018-05-14 13:37:46 - [TEST_STEP][PASSED] - Statement - case 5:: Text '6.0' is set on object 'Object Repository/MOH AND GRN/Page_KDMC - CMS/input_txtdeal'

2018-05-14 13:37:46 - [TEST_STEP][PASSED] - Statement - return (java.lang.Math.floor((java.lang.Math.random() * ((max - min) + 1))) + min): Text '6.0' is set on object 'Object Repository/MOH AND GRN/Page_KDMC - CMS/input_txtdeal'

2018-05-14 13:37:46 - [MESSAGE][PASSED] - Text '6.0' is set on object 'Object Repository/MOH AND GRN/Page_KDMC - CMS/input_txtdeal'

2018-05-14 13:37:46 - [TEST_STEP][PASSED] - setText: Finding Test Object with id 'Object Repository/MOH AND GRN/Page_KDMC - CMS/input_txtbatchno'

2018-05-14 13:37:46 - [TEST_STEP][PASSED] - Statement - switch (id): Finding Test Object with id 'Object Repository/MOH AND GRN/Page_KDMC - CMS/input_txtmrp'

2018-05-14 13:37:46 - [TEST_STEP][PASSED] - Statement - case 1:: Text 'BA472.0' is set on object 'Object Repository/MOH AND GRN/Page_KDMC - CMS/input_txtbatchno'

2018-05-14 13:37:46 - [TEST_STEP][PASSED] - Statement - return (java.lang.Math.floor((java.lang.Math.random() * ((max - min) + 1))) + min): Text 'BA472.0' is set on object 'Object Repository/MOH AND GRN/Page_KDMC - CMS/input_txtbatchno'

2018-05-14 13:37:47 - [MESSAGE][PASSED] - Text 'BA472.0' is set on object 'Object Repository/MOH AND GRN/Page_KDMC - CMS/input_txtbatchno'

2018-05-14 13:37:47 - [TEST_STEP][PASSED] - rightClick: Object: 'Object Repository/GRN/Page_KDMC - CMS/input_txtexpdate' is right clicked on

2018-05-14 13:37:47 - [MESSAGE][PASSED] - Object: 'Object Repository/GRN/Page_KDMC - CMS/input_txtexpdate' is right clicked on

2018-05-14 13:37:47 - [TEST_STEP][PASSED] - selectOptionByIndex: All options with index in [2] are selected on object 'Object Repository/GRN/Page_KDMC - CMS/select_20182019202020212022202'

2018-05-14 13:37:47 - [MESSAGE][PASSED] - All options with index in [2] are selected on object 'Object Repository/GRN/Page_KDMC - CMS/select_20182019202020212022202'

2018-05-14 13:37:47 - [TEST_STEP][PASSED] - selectOptionByIndex: All options with index in [2] are selected on object 'Object Repository/GRN/Page_KDMC - CMS/select_JanFebMarAprMayJunJulAu'

2018-05-14 13:37:47 - [MESSAGE][PASSED] - All options with index in [2] are selected on object 'Object Repository/GRN/Page_KDMC - CMS/select_JanFebMarAprMayJunJulAu'

2018-05-14 13:37:47 - [TEST_STEP][PASSED] - click: Object: 'Object Repository/MOH AND GRN/Page_KDMC - CMS/a_12' is clicked on

2018-05-14 13:37:47 - [MESSAGE][PASSED] - Object: 'Object Repository/MOH AND GRN/Page_KDMC - CMS/a_12' is clicked on

2018-05-14 13:37:47 - [TEST_STEP][PASSED] - click: Object: 'Object Repository/MOH AND GRN/Page_KDMC - CMS/input_btnadd' is clicked on

2018-05-14 13:37:47 - [MESSAGE][PASSED] - Object: 'Object Repository/MOH AND GRN/Page_KDMC - CMS/input_btnadd' is clicked on

2018-05-14 13:37:47 - [TEST_STEP][PASSED] - Statement - If (s == 10): null

2018-05-14 13:37:47 - [TEST_STEP][PASSED] - Statement - Else: null

2018-05-14 13:37:47 - [TEST_STEP][PASSED] - Statement - (s++): null

2018-05-14 13:37:47 - [TEST_STEP][PASSED] - delay: Delayed 1 second(s)

2018-05-14 13:37:48 - [MESSAGE][PASSED] - Delayed 1 second(s)

2018-05-14 13:37:48 - [TEST_STEP][PASSED] - selectOptionByIndex: All options with index in [3] are selected on object 'Object Repository/MOH AND GRN/Page_KDMC - CMS/select_--Select--Amikacin -500'

2018-05-14 13:37:48 - [MESSAGE][PASSED] - All options with index in [3] are selected on object 'Object Repository/MOH AND GRN/Page_KDMC - CMS/select_--Select--Amikacin -500'

2018-05-14 13:37:48 - [TEST_STEP][PASSED] - setText: Text '5000' is set on object 'Object Repository/MOH AND GRN/Page_KDMC - CMS/input_txtqty'

2018-05-14 13:37:48 - [MESSAGE][PASSED] - Text '5000' is set on object 'Object Repository/MOH AND GRN/Page_KDMC - CMS/input_txtqty'

2018-05-14 13:37:48 - [TEST_STEP][PASSED] - selectOptionByIndex: All options with index in [1] are selected on object 'Object Repository/MOH AND GRN/Page_KDMC - CMS/select_--Select--No Tax0'

2018-05-14 13:37:48 - [MESSAGE][PASSED] - All options with index in [1] are selected on object 'Object Repository/MOH AND GRN/Page_KDMC - CMS/select_--Select--No Tax0'

2018-05-14 13:37:48 - [TEST_STEP][PASSED] - setText: Finding Test Object with id 'Object Repository/MOH AND GRN/Page_KDMC - CMS/input_txtmrp'

2018-05-14 13:37:48 - [TEST_STEP][PASSED] - Statement - switch (id): Finding Test Object with id 'Object Repository/MOH AND GRN/Page_KDMC - CMS/input_txtdeal'

2018-05-14 13:37:48 - [TEST_STEP][PASSED] - Statement - case 4:: Text '17.0' is set on object 'Object Repository/MOH AND GRN/Page_KDMC - CMS/input_txtmrp'

2018-05-14 13:37:48 - [TEST_STEP][PASSED] - Statement - return (java.lang.Math.floor((java.lang.Math.random() * ((max - min) + 1))) + min): Text '17.0' is set on object 'Object Repository/MOH AND GRN/Page_KDMC - CMS/input_txtmrp'

2018-05-14 13:37:49 - [MESSAGE][PASSED] - Text '17.0' is set on object 'Object Repository/MOH AND GRN/Page_KDMC - CMS/input_txtmrp'

2018-05-14 13:37:49 - [TEST_STEP][PASSED] - setText: Finding Test Object with id 'Object Repository/MOH AND GRN/Page_KDMC - CMS/input_txtdeal'

2018-05-14 13:37:49 - [TEST_STEP][PASSED] - Statement - switch (id): Finding Test Object with id 'Object Repository/MOH AND GRN/Page_KDMC - CMS/input_txtbatchno'

2018-05-14 13:37:49 - [TEST_STEP][PASSED] - Statement - case 5:: Text '9.0' is set on object 'Object Repository/MOH AND GRN/Page_KDMC - CMS/input_txtdeal'

2018-05-14 13:37:49 - [TEST_STEP][PASSED] - Statement - return (java.lang.Math.floor((java.lang.Math.random() * ((max - min) + 1))) + min): Text '9.0' is set on object 'Object Repository/MOH AND GRN/Page_KDMC - CMS/input_txtdeal'

2018-05-14 13:37:49 - [MESSAGE][PASSED] - Text '9.0' is set on object 'Object Repository/MOH AND GRN/Page_KDMC - CMS/input_txtdeal'

2018-05-14 13:37:49 - [TEST_STEP][PASSED] - setText: Finding Test Object with id 'Object Repository/MOH AND GRN/Page_KDMC - CMS/input_txtbatchno'

2018-05-14 13:37:49 - [TEST_STEP][PASSED] - Statement - switch (id): Finding Test Object with id 'Object Repository/MOH AND GRN/Page_KDMC - CMS/input_txtmrp'

2018-05-14 13:37:49 - [TEST_STEP][PASSED] - Statement - case 1:: Text 'BA619.0' is set on object 'Object Repository/MOH AND GRN/Page_KDMC - CMS/input_txtbatchno'

2018-05-14 13:37:49 - [TEST_STEP][PASSED] - Statement - return (java.lang.Math.floor((java.lang.Math.random() * ((max - min) + 1))) + min): Text 'BA619.0' is set on object 'Object Repository/MOH AND GRN/Page_KDMC - CMS/input_txtbatchno'

2018-05-14 13:37:49 - [MESSAGE][PASSED] - Text 'BA619.0' is set on object 'Object Repository/MOH AND GRN/Page_KDMC - CMS/input_txtbatchno'

2018-05-14 13:37:49 - [TEST_STEP][PASSED] - rightClick: Object: 'Object Repository/GRN/Page_KDMC - CMS/input_txtexpdate' is right clicked on

2018-05-14 13:37:49 - [MESSAGE][PASSED] - Object: 'Object Repository/GRN/Page_KDMC - CMS/input_txtexpdate' is right clicked on

2018-05-14 13:37:49 - [TEST_STEP][PASSED] - selectOptionByIndex: All options with index in [3] are selected on object 'Object Repository/GRN/Page_KDMC - CMS/select_20182019202020212022202'

2018-05-14 13:37:49 - [MESSAGE][PASSED] - All options with index in [3] are selected on object 'Object Repository/GRN/Page_KDMC - CMS/select_20182019202020212022202'

2018-05-14 13:37:49 - [TEST_STEP][PASSED] - selectOptionByIndex: All options with index in [3] are selected on object 'Object Repository/GRN/Page_KDMC - CMS/select_JanFebMarAprMayJunJulAu'

2018-05-14 13:37:49 - [MESSAGE][PASSED] - All options with index in [3] are selected on object 'Object Repository/GRN/Page_KDMC - CMS/select_JanFebMarAprMayJunJulAu'

2018-05-14 13:37:49 - [TEST_STEP][PASSED] - click: Object: 'Object Repository/MOH AND GRN/Page_KDMC - CMS/a_12' is clicked on

2018-05-14 13:37:49 - [MESSAGE][PASSED] - Object: 'Object Repository/MOH AND GRN/Page_KDMC - CMS/a_12' is clicked on

2018-05-14 13:37:49 - [TEST_STEP][PASSED] - click: Object: 'Object Repository/MOH AND GRN/Page_KDMC - CMS/input_btnadd' is clicked on

2018-05-14 13:37:49 - [MESSAGE][PASSED] - Object: 'Object Repository/MOH AND GRN/Page_KDMC - CMS/input_btnadd' is clicked on

2018-05-14 13:37:49 - [TEST_STEP][PASSED] - Statement - If (s == 10): null

2018-05-14 13:37:49 - [TEST_STEP][PASSED] - Statement - Else: null

2018-05-14 13:37:49 - [TEST_STEP][PASSED] - Statement - (s++): null

2018-05-14 13:37:49 - [TEST_STEP][PASSED] - delay: Delayed 1 second(s)

2018-05-14 13:37:50 - [MESSAGE][PASSED] - Delayed 1 second(s)

2018-05-14 13:37:50 - [TEST_STEP][PASSED] - selectOptionByIndex: All options with index in [4] are selected on object 'Object Repository/MOH AND GRN/Page_KDMC - CMS/select_--Select--Amikacin -500'

2018-05-14 13:37:51 - [MESSAGE][PASSED] - All options with index in [4] are selected on object 'Object Repository/MOH AND GRN/Page_KDMC - CMS/select_--Select--Amikacin -500'

2018-05-14 13:37:51 - [TEST_STEP][PASSED] - setText: Text '5000' is set on object 'Object Repository/MOH AND GRN/Page_KDMC - CMS/input_txtqty'

2018-05-14 13:37:51 - [MESSAGE][PASSED] - Text '5000' is set on object 'Object Repository/MOH AND GRN/Page_KDMC - CMS/input_txtqty'

2018-05-14 13:37:51 - [TEST_STEP][PASSED] - selectOptionByIndex: All options with index in [1] are selected on object 'Object Repository/MOH AND GRN/Page_KDMC - CMS/select_--Select--No Tax0'

2018-05-14 13:37:51 - [MESSAGE][PASSED] - All options with index in [1] are selected on object 'Object Repository/MOH AND GRN/Page_KDMC - CMS/select_--Select--No Tax0'

2018-05-14 13:37:51 - [TEST_STEP][PASSED] - setText: Finding Test Object with id 'Object Repository/MOH AND GRN/Page_KDMC - CMS/input_txtmrp'

2018-05-14 13:37:51 - [TEST_STEP][PASSED] - Statement - switch (id): Finding Test Object with id 'Object Repository/MOH AND GRN/Page_KDMC - CMS/input_txtdeal'

2018-05-14 13:37:51 - [TEST_STEP][PASSED] - Statement - case 4:: Text '17.0' is set on object 'Object Repository/MOH AND GRN/Page_KDMC - CMS/input_txtmrp'

2018-05-14 13:37:51 - [TEST_STEP][PASSED] - Statement - return (java.lang.Math.floor((java.lang.Math.random() * ((max - min) + 1))) + min): Text '17.0' is set on object 'Object Repository/MOH AND GRN/Page_KDMC - CMS/input_txtmrp'

2018-05-14 13:37:51 - [MESSAGE][PASSED] - Text '17.0' is set on object 'Object Repository/MOH AND GRN/Page_KDMC - CMS/input_txtmrp'

2018-05-14 13:37:51 - [TEST_STEP][PASSED] - setText: Finding Test Object with id 'Object Repository/MOH AND GRN/Page_KDMC - CMS/input_txtdeal'

2018-05-14 13:37:51 - [TEST_STEP][PASSED] - Statement - switch (id): Finding Test Object with id 'Object Repository/MOH AND GRN/Page_KDMC - CMS/input_txtbatchno'

2018-05-14 13:37:51 - [TEST_STEP][PASSED] - Statement - case 5:: Text '8.0' is set on object 'Object Repository/MOH AND GRN/Page_KDMC - CMS/input_txtdeal'

2018-05-14 13:37:51 - [TEST_STEP][PASSED] - Statement - return (java.lang.Math.floor((java.lang.Math.random() * ((max - min) + 1))) + min): Text '8.0' is set on object 'Object Repository/MOH AND GRN/Page_KDMC - CMS/input_txtdeal'

2018-05-14 13:37:51 - [MESSAGE][PASSED] - Text '8.0' is set on object 'Object Repository/MOH AND GRN/Page_KDMC - CMS/input_txtdeal'

2018-05-14 13:37:51 - [TEST_STEP][PASSED] - setText: Finding Test Object with id 'Object Repository/MOH AND GRN/Page_KDMC - CMS/input_txtbatchno'

2018-05-14 13:37:51 - [TEST_STEP][PASSED] - Statement - switch (id): Finding Test Object with id 'Object Repository/MOH AND GRN/Page_KDMC - CMS/input_txtmrp'

2018-05-14 13:37:51 - [TEST_STEP][PASSED] - Statement - case 1:: Text 'BA66.0' is set on object 'Object Repository/MOH AND GRN/Page_KDMC - CMS/input_txtbatchno'

2018-05-14 13:37:51 - [TEST_STEP][PASSED] - Statement - return (java.lang.Math.floor((java.lang.Math.random() * ((max - min) + 1))) + min): Text 'BA66.0' is set on object 'Object Repository/MOH AND GRN/Page_KDMC - CMS/input_txtbatchno'

2018-05-14 13:37:51 - [MESSAGE][PASSED] - Text 'BA66.0' is set on object 'Object Repository/MOH AND GRN/Page_KDMC - CMS/input_txtbatchno'

2018-05-14 13:37:51 - [TEST_STEP][PASSED] - rightClick: Object: 'Object Repository/GRN/Page_KDMC - CMS/input_txtexpdate' is right clicked on

2018-05-14 13:37:51 - [MESSAGE][PASSED] - Object: 'Object Repository/GRN/Page_KDMC - CMS/input_txtexpdate' is right clicked on

2018-05-14 13:37:51 - [TEST_STEP][PASSED] - selectOptionByIndex: All options with index in [4] are selected on object 'Object Repository/GRN/Page_KDMC - CMS/select_20182019202020212022202'

2018-05-14 13:37:51 - [MESSAGE][PASSED] - All options with index in [4] are selected on object 'Object Repository/GRN/Page_KDMC - CMS/select_20182019202020212022202'

2018-05-14 13:37:51 - [TEST_STEP][PASSED] - selectOptionByIndex: All options with index in [4] are selected on object 'Object Repository/GRN/Page_KDMC - CMS/select_JanFebMarAprMayJunJulAu'

2018-05-14 13:37:52 - [MESSAGE][PASSED] - All options with index in [4] are selected on object 'Object Repository/GRN/Page_KDMC - CMS/select_JanFebMarAprMayJunJulAu'

2018-05-14 13:37:52 - [TEST_STEP][PASSED] - click: Object: 'Object Repository/MOH AND GRN/Page_KDMC - CMS/a_12' is clicked on

2018-05-14 13:37:52 - [MESSAGE][PASSED] - Object: 'Object Repository/MOH AND GRN/Page_KDMC - CMS/a_12' is clicked on

2018-05-14 13:37:52 - [TEST_STEP][PASSED] - click: Object: 'Object Repository/MOH AND GRN/Page_KDMC - CMS/input_btnadd' is clicked on

2018-05-14 13:37:52 - [MESSAGE][PASSED] - Object: 'Object Repository/MOH AND GRN/Page_KDMC - CMS/input_btnadd' is clicked on

2018-05-14 13:37:52 - [TEST_STEP][PASSED] - Statement - If (s == 10): null

2018-05-14 13:37:52 - [TEST_STEP][PASSED] - Statement - Else: null

2018-05-14 13:37:52 - [TEST_STEP][PASSED] - Statement - (s++): null

2018-05-14 13:37:52 - [TEST_STEP][PASSED] - delay: Delayed 1 second(s)

2018-05-14 13:37:53 - [MESSAGE][PASSED] - Delayed 1 second(s)

2018-05-14 13:37:53 - [TEST_STEP][PASSED] - selectOptionByIndex: All options with index in [5] are selected on object 'Object Repository/MOH AND GRN/Page_KDMC - CMS/select_--Select--Amikacin -500'

2018-05-14 13:37:53 - [MESSAGE][PASSED] - All options with index in [5] are selected on object 'Object Repository/MOH AND GRN/Page_KDMC - CMS/select_--Select--Amikacin -500'

2018-05-14 13:37:53 - [TEST_STEP][PASSED] - setText: Text '5000' is set on object 'Object Repository/MOH AND GRN/Page_KDMC - CMS/input_txtqty'

2018-05-14 13:37:53 - [MESSAGE][PASSED] - Text '5000' is set on object 'Object Repository/MOH AND GRN/Page_KDMC - CMS/input_txtqty'

2018-05-14 13:37:53 - [TEST_STEP][PASSED] - selectOptionByIndex: All options with index in [1] are selected on object 'Object Repository/MOH AND GRN/Page_KDMC - CMS/select_--Select--No Tax0'

2018-05-14 13:37:53 - [MESSAGE][PASSED] - All options with index in [1] are selected on object 'Object Repository/MOH AND GRN/Page_KDMC - CMS/select_--Select--No Tax0'

2018-05-14 13:37:53 - [TEST_STEP][PASSED] - setText: Finding Test Object with id 'Object Repository/MOH AND GRN/Page_KDMC - CMS/input_txtmrp'

2018-05-14 13:37:53 - [TEST_STEP][PASSED] - Statement - switch (id): Finding Test Object with id 'Object Repository/MOH AND GRN/Page_KDMC - CMS/input_txtdeal'

2018-05-14 13:37:53 - [TEST_STEP][PASSED] - Statement - case 4:: Text '24.0' is set on object 'Object Repository/MOH AND GRN/Page_KDMC - CMS/input_txtmrp'

2018-05-14 13:37:53 - [TEST_STEP][PASSED] - Statement - return (java.lang.Math.floor((java.lang.Math.random() * ((max - min) + 1))) + min): Text '24.0' is set on object 'Object Repository/MOH AND GRN/Page_KDMC - CMS/input_txtmrp'

2018-05-14 13:37:53 - [MESSAGE][PASSED] - Text '24.0' is set on object 'Object Repository/MOH AND GRN/Page_KDMC - CMS/input_txtmrp'

2018-05-14 13:37:53 - [TEST_STEP][PASSED] - setText: Finding Test Object with id 'Object Repository/MOH AND GRN/Page_KDMC - CMS/input_txtdeal'

2018-05-14 13:37:53 - [TEST_STEP][PASSED] - Statement - switch (id): Finding Test Object with id 'Object Repository/MOH AND GRN/Page_KDMC - CMS/input_txtbatchno'

2018-05-14 13:37:53 - [TEST_STEP][PASSED] - Statement - case 5:: Text '2.0' is set on object 'Object Repository/MOH AND GRN/Page_KDMC - CMS/input_txtdeal'

2018-05-14 13:37:53 - [TEST_STEP][PASSED] - Statement - return (java.lang.Math.floor((java.lang.Math.random() * ((max - min) + 1))) + min): Text '2.0' is set on object 'Object Repository/MOH AND GRN/Page_KDMC - CMS/input_txtdeal'

2018-05-14 13:37:53 - [MESSAGE][PASSED] - Text '2.0' is set on object 'Object Repository/MOH AND GRN/Page_KDMC - CMS/input_txtdeal'

2018-05-14 13:37:53 - [TEST_STEP][PASSED] - setText: Finding Test Object with id 'Object Repository/MOH AND GRN/Page_KDMC - CMS/input_txtbatchno'

2018-05-14 13:37:53 - [TEST_STEP][PASSED] - Statement - switch (id): Finding Test Object with id 'Object Repository/MOH AND GRN/Page_KDMC - CMS/input_txtmrp'

2018-05-14 13:37:53 - [TEST_STEP][PASSED] - Statement - case 1:: Text 'BA204.0' is set on object 'Object Repository/MOH AND GRN/Page_KDMC - CMS/input_txtbatchno'

2018-05-14 13:37:53 - [TEST_STEP][PASSED] - Statement - return (java.lang.Math.floor((java.lang.Math.random() * ((max - min) + 1))) + min): Text 'BA204.0' is set on object 'Object Repository/MOH AND GRN/Page_KDMC - CMS/input_txtbatchno'

2018-05-14 13:37:53 - [MESSAGE][PASSED] - Text 'BA204.0' is set on object 'Object Repository/MOH AND GRN/Page_KDMC - CMS/input_txtbatchno'

2018-05-14 13:37:53 - [TEST_STEP][PASSED] - rightClick: Object: 'Object Repository/GRN/Page_KDMC - CMS/input_txtexpdate' is right clicked on

2018-05-14 13:37:54 - [MESSAGE][PASSED] - Object: 'Object Repository/GRN/Page_KDMC - CMS/input_txtexpdate' is right clicked on

2018-05-14 13:37:54 - [TEST_STEP][PASSED] - selectOptionByIndex: All options with index in [5] are selected on object 'Object Repository/GRN/Page_KDMC - CMS/select_20182019202020212022202'

2018-05-14 13:37:54 - [MESSAGE][PASSED] - All options with index in [5] are selected on object 'Object Repository/GRN/Page_KDMC - CMS/select_20182019202020212022202'

2018-05-14 13:37:54 - [TEST_STEP][PASSED] - selectOptionByIndex: All options with index in [5] are selected on object 'Object Repository/GRN/Page_KDMC - CMS/select_JanFebMarAprMayJunJulAu'

2018-05-14 13:37:54 - [MESSAGE][PASSED] - All options with index in [5] are selected on object 'Object Repository/GRN/Page_KDMC - CMS/select_JanFebMarAprMayJunJulAu'

2018-05-14 13:37:54 - [TEST_STEP][PASSED] - click: Object: 'Object Repository/MOH AND GRN/Page_KDMC - CMS/a_12' is clicked on

2018-05-14 13:37:54 - [MESSAGE][PASSED] - Object: 'Object Repository/MOH AND GRN/Page_KDMC - CMS/a_12' is clicked on

2018-05-14 13:37:54 - [TEST_STEP][PASSED] - click: Object: 'Object Repository/MOH AND GRN/Page_KDMC - CMS/input_btnadd' is clicked on

2018-05-14 13:37:54 - [MESSAGE][PASSED] - Object: 'Object Repository/MOH AND GRN/Page_KDMC - CMS/input_btnadd' is clicked on

2018-05-14 13:37:54 - [TEST_STEP][PASSED] - Statement - If (s == 10): null

2018-05-14 13:37:54 - [TEST_STEP][PASSED] - Statement - Else: null

2018-05-14 13:37:54 - [TEST_STEP][PASSED] - Statement - (s++): null

2018-05-14 13:37:54 - [TEST_STEP][PASSED] - delay: Delayed 1 second(s)

2018-05-14 13:37:55 - [MESSAGE][PASSED] - Delayed 1 second(s)

2018-05-14 13:37:55 - [TEST_STEP][PASSED] - selectOptionByIndex: All options with index in [6] are selected on object 'Object Repository/MOH AND GRN/Page_KDMC - CMS/select_--Select--Amikacin -500'

2018-05-14 13:37:55 - [MESSAGE][PASSED] - All options with index in [6] are selected on object 'Object Repository/MOH AND GRN/Page_KDMC - CMS/select_--Select--Amikacin -500'

2018-05-14 13:37:55 - [TEST_STEP][PASSED] - setText: Text '5000' is set on object 'Object Repository/MOH AND GRN/Page_KDMC - CMS/input_txtqty'

2018-05-14 13:37:55 - [MESSAGE][PASSED] - Text '5000' is set on object 'Object Repository/MOH AND GRN/Page_KDMC - CMS/input_txtqty'

2018-05-14 13:37:55 - [TEST_STEP][PASSED] - selectOptionByIndex: All options with index in [1] are selected on object 'Object Repository/MOH AND GRN/Page_KDMC - CMS/select_--Select--No Tax0'

2018-05-14 13:37:56 - [MESSAGE][PASSED] - All options with index in [1] are selected on object 'Object Repository/MOH AND GRN/Page_KDMC - CMS/select_--Select--No Tax0'

2018-05-14 13:37:56 - [TEST_STEP][PASSED] - setText: Finding Test Object with id 'Object Repository/MOH AND GRN/Page_KDMC - CMS/input_txtmrp'

2018-05-14 13:37:56 - [TEST_STEP][PASSED] - Statement - switch (id): Finding Test Object with id 'Object Repository/MOH AND GRN/Page_KDMC - CMS/input_txtdeal'

2018-05-14 13:37:56 - [TEST_STEP][PASSED] - Statement - case 4:: Text '30.0' is set on object 'Object Repository/MOH AND GRN/Page_KDMC - CMS/input_txtmrp'

2018-05-14 13:37:56 - [TEST_STEP][PASSED] - Statement - return (java.lang.Math.floor((java.lang.Math.random() * ((max - min) + 1))) + min): Text '30.0' is set on object 'Object Repository/MOH AND GRN/Page_KDMC - CMS/input_txtmrp'

2018-05-14 13:37:56 - [MESSAGE][PASSED] - Text '30.0' is set on object 'Object Repository/MOH AND GRN/Page_KDMC - CMS/input_txtmrp'

2018-05-14 13:37:56 - [TEST_STEP][PASSED] - setText: Finding Test Object with id 'Object Repository/MOH AND GRN/Page_KDMC - CMS/input_txtdeal'

2018-05-14 13:37:56 - [TEST_STEP][PASSED] - Statement - switch (id): Finding Test Object with id 'Object Repository/MOH AND GRN/Page_KDMC - CMS/input_txtbatchno'

2018-05-14 13:37:56 - [TEST_STEP][PASSED] - Statement - case 5:: Text '7.0' is set on object 'Object Repository/MOH AND GRN/Page_KDMC - CMS/input_txtdeal'

2018-05-14 13:37:56 - [TEST_STEP][PASSED] - Statement - return (java.lang.Math.floor((java.lang.Math.random() * ((max - min) + 1))) + min): Text '7.0' is set on object 'Object Repository/MOH AND GRN/Page_KDMC - CMS/input_txtdeal'

2018-05-14 13:37:56 - [MESSAGE][PASSED] - Text '7.0' is set on object 'Object Repository/MOH AND GRN/Page_KDMC - CMS/input_txtdeal'

2018-05-14 13:37:56 - [TEST_STEP][PASSED] - setText: Finding Test Object with id 'Object Repository/MOH AND GRN/Page_KDMC - CMS/input_txtbatchno'

2018-05-14 13:37:56 - [TEST_STEP][PASSED] - Statement - switch (id): Finding Test Object with id 'Object Repository/MOH AND GRN/Page_KDMC - CMS/input_txtmrp'

2018-05-14 13:37:56 - [TEST_STEP][PASSED] - Statement - case 1:: Text 'BA688.0' is set on object 'Object Repository/MOH AND GRN/Page_KDMC - CMS/input_txtbatchno'

2018-05-14 13:37:56 - [TEST_STEP][PASSED] - Statement - return (java.lang.Math.floor((java.lang.Math.random() * ((max - min) + 1))) + min): Text 'BA688.0' is set on object 'Object Repository/MOH AND GRN/Page_KDMC - CMS/input_txtbatchno'

2018-05-14 13:37:56 - [MESSAGE][PASSED] - Text 'BA688.0' is set on object 'Object Repository/MOH AND GRN/Page_KDMC - CMS/input_txtbatchno'

2018-05-14 13:37:56 - [TEST_STEP][PASSED] - rightClick: Object: 'Object Repository/GRN/Page_KDMC - CMS/input_txtexpdate' is right clicked on

2018-05-14 13:37:56 - [MESSAGE][PASSED] - Object: 'Object Repository/GRN/Page_KDMC - CMS/input_txtexpdate' is right clicked on

2018-05-14 13:37:56 - [TEST_STEP][PASSED] - selectOptionByIndex: All options with index in [6] are selected on object 'Object Repository/GRN/Page_KDMC - CMS/select_20182019202020212022202'

2018-05-14 13:37:56 - [MESSAGE][PASSED] - All options with index in [6] are selected on object 'Object Repository/GRN/Page_KDMC - CMS/select_20182019202020212022202'

2018-05-14 13:37:56 - [TEST_STEP][PASSED] - selectOptionByIndex: All options with index in [6] are selected on object 'Object Repository/GRN/Page_KDMC - CMS/select_JanFebMarAprMayJunJulAu'

2018-05-14 13:37:56 - [MESSAGE][PASSED] - All options with index in [6] are selected on object 'Object Repository/GRN/Page_KDMC - CMS/select_JanFebMarAprMayJunJulAu'

2018-05-14 13:37:56 - [TEST_STEP][PASSED] - click: Object: 'Object Repository/MOH AND GRN/Page_KDMC - CMS/a_12' is clicked on

2018-05-14 13:37:56 - [MESSAGE][PASSED] - Object: 'Object Repository/MOH AND GRN/Page_KDMC - CMS/a_12' is clicked on

2018-05-14 13:37:56 - [TEST_STEP][PASSED] - click: Object: 'Object Repository/MOH AND GRN/Page_KDMC - CMS/input_btnadd' is clicked on

2018-05-14 13:37:57 - [MESSAGE][PASSED] - Object: 'Object Repository/MOH AND GRN/Page_KDMC - CMS/input_btnadd' is clicked on

2018-05-14 13:37:57 - [TEST_STEP][PASSED] - Statement - If (s == 10): null

2018-05-14 13:37:57 - [TEST_STEP][PASSED] - Statement - Else: null

2018-05-14 13:37:57 - [TEST_STEP][PASSED] - Statement - (s++): null

2018-05-14 13:37:57 - [TEST_STEP][PASSED] - delay: Delayed 1 second(s)

2018-05-14 13:37:58 - [MESSAGE][PASSED] - Delayed 1 second(s)

2018-05-14 13:37:58 - [TEST_STEP][PASSED] - selectOptionByIndex: All options with index in [7] are selected on object 'Object Repository/MOH AND GRN/Page_KDMC - CMS/select_--Select--Amikacin -500'

2018-05-14 13:37:58 - [MESSAGE][PASSED] - All options with index in [7] are selected on object 'Object Repository/MOH AND GRN/Page_KDMC - CMS/select_--Select--Amikacin -500'

2018-05-14 13:37:58 - [TEST_STEP][PASSED] - setText: Text '5000' is set on object 'Object Repository/MOH AND GRN/Page_KDMC - CMS/input_txtqty'

2018-05-14 13:37:58 - [MESSAGE][PASSED] - Text '5000' is set on object 'Object Repository/MOH AND GRN/Page_KDMC - CMS/input_txtqty'

2018-05-14 13:37:58 - [TEST_STEP][PASSED] - selectOptionByIndex: All options with index in [1] are selected on object 'Object Repository/MOH AND GRN/Page_KDMC - CMS/select_--Select--No Tax0'

2018-05-14 13:37:58 - [MESSAGE][PASSED] - All options with index in [1] are selected on object 'Object Repository/MOH AND GRN/Page_KDMC - CMS/select_--Select--No Tax0'

2018-05-14 13:37:58 - [TEST_STEP][PASSED] - setText: Finding Test Object with id 'Object Repository/MOH AND GRN/Page_KDMC - CMS/input_txtmrp'

2018-05-14 13:37:58 - [TEST_STEP][PASSED] - Statement - switch (id): Finding Test Object with id 'Object Repository/MOH AND GRN/Page_KDMC - CMS/input_txtdeal'

2018-05-14 13:37:58 - [TEST_STEP][PASSED] - Statement - case 4:: Text '26.0' is set on object 'Object Repository/MOH AND GRN/Page_KDMC - CMS/input_txtmrp'

2018-05-14 13:37:58 - [TEST_STEP][PASSED] - Statement - return (java.lang.Math.floor((java.lang.Math.random() * ((max - min) + 1))) + min): Text '26.0' is set on object 'Object Repository/MOH AND GRN/Page_KDMC - CMS/input_txtmrp'

2018-05-14 13:37:58 - [MESSAGE][PASSED] - Text '26.0' is set on object 'Object Repository/MOH AND GRN/Page_KDMC - CMS/input_txtmrp'

2018-05-14 13:37:58 - [TEST_STEP][PASSED] - setText: Finding Test Object with id 'Object Repository/MOH AND GRN/Page_KDMC - CMS/input_txtdeal'

2018-05-14 13:37:58 - [TEST_STEP][PASSED] - Statement - switch (id): Finding Test Object with id 'Object Repository/MOH AND GRN/Page_KDMC - CMS/input_txtbatchno'

2018-05-14 13:37:58 - [TEST_STEP][PASSED] - Statement - case 5:: Text '9.0' is set on object 'Object Repository/MOH AND GRN/Page_KDMC - CMS/input_txtdeal'

2018-05-14 13:37:58 - [TEST_STEP][PASSED] - Statement - return (java.lang.Math.floor((java.lang.Math.random() * ((max - min) + 1))) + min): Text '9.0' is set on object 'Object Repository/MOH AND GRN/Page_KDMC - CMS/input_txtdeal'

2018-05-14 13:37:58 - [MESSAGE][PASSED] - Text '9.0' is set on object 'Object Repository/MOH AND GRN/Page_KDMC - CMS/input_txtdeal'

2018-05-14 13:37:58 - [TEST_STEP][PASSED] - setText: Finding Test Object with id 'Object Repository/MOH AND GRN/Page_KDMC - CMS/input_txtbatchno'

2018-05-14 13:37:58 - [TEST_STEP][PASSED] - Statement - switch (id): Finding Test Object with id 'Object Repository/MOH AND GRN/Page_KDMC - CMS/input_txtmrp'

2018-05-14 13:37:58 - [TEST_STEP][PASSED] - Statement - case 1:: Text 'BA368.0' is set on object 'Object Repository/MOH AND GRN/Page_KDMC - CMS/input_txtbatchno'

2018-05-14 13:37:58 - [TEST_STEP][PASSED] - Statement - return (java.lang.Math.floor((java.lang.Math.random() * ((max - min) + 1))) + min): Text 'BA368.0' is set on object 'Object Repository/MOH AND GRN/Page_KDMC - CMS/input_txtbatchno'

2018-05-14 13:37:58 - [MESSAGE][PASSED] - Text 'BA368.0' is set on object 'Object Repository/MOH AND GRN/Page_KDMC - CMS/input_txtbatchno'

2018-05-14 13:37:58 - [TEST_STEP][PASSED] - rightClick: Object: 'Object Repository/GRN/Page_KDMC - CMS/input_txtexpdate' is right clicked on

2018-05-14 13:37:58 - [MESSAGE][PASSED] - Object: 'Object Repository/GRN/Page_KDMC - CMS/input_txtexpdate' is right clicked on

2018-05-14 13:37:58 - [TEST_STEP][PASSED] - selectOptionByIndex: All options with index in [7] are selected on object 'Object Repository/GRN/Page_KDMC - CMS/select_20182019202020212022202'

2018-05-14 13:37:59 - [MESSAGE][PASSED] - All options with index in [7] are selected on object 'Object Repository/GRN/Page_KDMC - CMS/select_20182019202020212022202'

2018-05-14 13:37:59 - [TEST_STEP][PASSED] - selectOptionByIndex: All options with index in [7] are selected on object 'Object Repository/GRN/Page_KDMC - CMS/select_JanFebMarAprMayJunJulAu'

2018-05-14 13:37:59 - [MESSAGE][PASSED] - All options with index in [7] are selected on object 'Object Repository/GRN/Page_KDMC - CMS/select_JanFebMarAprMayJunJulAu'

2018-05-14 13:37:59 - [TEST_STEP][PASSED] - click: Object: 'Object Repository/MOH AND GRN/Page_KDMC - CMS/a_12' is clicked on

2018-05-14 13:37:59 - [MESSAGE][PASSED] - Object: 'Object Repository/MOH AND GRN/Page_KDMC - CMS/a_12' is clicked on

2018-05-14 13:37:59 - [TEST_STEP][PASSED] - click: Object: 'Object Repository/MOH AND GRN/Page_KDMC - CMS/input_btnadd' is clicked on

2018-05-14 13:37:59 - [MESSAGE][PASSED] - Object: 'Object Repository/MOH AND GRN/Page_KDMC - CMS/input_btnadd' is clicked on

2018-05-14 13:37:59 - [TEST_STEP][PASSED] - Statement - If (s == 10): null

2018-05-14 13:37:59 - [TEST_STEP][PASSED] - Statement - Else: null

2018-05-14 13:37:59 - [TEST_STEP][PASSED] - Statement - (s++): null

2018-05-14 13:37:59 - [TEST_STEP][PASSED] - delay: Delayed 1 second(s)

2018-05-14 13:38:00 - [MESSAGE][PASSED] - Delayed 1 second(s)

2018-05-14 13:38:00 - [TEST_STEP][PASSED] - selectOptionByIndex: All options with index in [8] are selected on object 'Object Repository/MOH AND GRN/Page_KDMC - CMS/select_--Select--Amikacin -500'

2018-05-14 13:38:00 - [MESSAGE][PASSED] - All options with index in [8] are selected on object 'Object Repository/MOH AND GRN/Page_KDMC - CMS/select_--Select--Amikacin -500'

2018-05-14 13:38:00 - [TEST_STEP][PASSED] - setText: Text '5000' is set on object 'Object Repository/MOH AND GRN/Page_KDMC - CMS/input_txtqty'

2018-05-14 13:38:00 - [MESSAGE][PASSED] - Text '5000' is set on object 'Object Repository/MOH AND GRN/Page_KDMC - CMS/input_txtqty'

2018-05-14 13:38:00 - [TEST_STEP][PASSED] - selectOptionByIndex: All options with index in [1] are selected on object 'Object Repository/MOH AND GRN/Page_KDMC - CMS/select_--Select--No Tax0'

2018-05-14 13:38:01 - [MESSAGE][PASSED] - All options with index in [1] are selected on object 'Object Repository/MOH AND GRN/Page_KDMC - CMS/select_--Select--No Tax0'

2018-05-14 13:38:01 - [TEST_STEP][PASSED] - setText: Finding Test Object with id 'Object Repository/MOH AND GRN/Page_KDMC - CMS/input_txtmrp'

2018-05-14 13:38:01 - [TEST_STEP][PASSED] - Statement - switch (id): Finding Test Object with id 'Object Repository/MOH AND GRN/Page_KDMC - CMS/input_txtdeal'

2018-05-14 13:38:01 - [TEST_STEP][PASSED] - Statement - case 4:: Text '44.0' is set on object 'Object Repository/MOH AND GRN/Page_KDMC - CMS/input_txtmrp'

2018-05-14 13:38:01 - [TEST_STEP][PASSED] - Statement - return (java.lang.Math.floor((java.lang.Math.random() * ((max - min) + 1))) + min): Text '44.0' is set on object 'Object Repository/MOH AND GRN/Page_KDMC - CMS/input_txtmrp'

2018-05-14 13:38:01 - [MESSAGE][PASSED] - Text '44.0' is set on object 'Object Repository/MOH AND GRN/Page_KDMC - CMS/input_txtmrp'

2018-05-14 13:38:01 - [TEST_STEP][PASSED] - setText: Finding Test Object with id 'Object Repository/MOH AND GRN/Page_KDMC - CMS/input_txtdeal'

2018-05-14 13:38:01 - [TEST_STEP][PASSED] - Statement - switch (id): Finding Test Object with id 'Object Repository/MOH AND GRN/Page_KDMC - CMS/input_txtbatchno'

2018-05-14 13:38:01 - [TEST_STEP][PASSED] - Statement - case 5:: Text '5.0' is set on object 'Object Repository/MOH AND GRN/Page_KDMC - CMS/input_txtdeal'

2018-05-14 13:38:01 - [TEST_STEP][PASSED] - Statement - return (java.lang.Math.floor((java.lang.Math.random() * ((max - min) + 1))) + min): Text '5.0' is set on object 'Object Repository/MOH AND GRN/Page_KDMC - CMS/input_txtdeal'

2018-05-14 13:38:01 - [MESSAGE][PASSED] - Text '5.0' is set on object 'Object Repository/MOH AND GRN/Page_KDMC - CMS/input_txtdeal'

2018-05-14 13:38:01 - [TEST_STEP][PASSED] - setText: Finding Test Object with id 'Object Repository/MOH AND GRN/Page_KDMC - CMS/input_txtbatchno'

2018-05-14 13:38:01 - [TEST_STEP][PASSED] - Statement - switch (id): Finding Test Object with id 'Object Repository/MOH AND GRN/Page_KDMC - CMS/input_txtmrp'

2018-05-14 13:38:01 - [TEST_STEP][PASSED] - Statement - case 1:: Text 'BA605.0' is set on object 'Object Repository/MOH AND GRN/Page_KDMC - CMS/input_txtbatchno'

2018-05-14 13:38:01 - [TEST_STEP][PASSED] - Statement - return (java.lang.Math.floor((java.lang.Math.random() * ((max - min) + 1))) + min): Text 'BA605.0' is set on object 'Object Repository/MOH AND GRN/Page_KDMC - CMS/input_txtbatchno'

2018-05-14 13:38:01 - [MESSAGE][PASSED] - Text 'BA605.0' is set on object 'Object Repository/MOH AND GRN/Page_KDMC - CMS/input_txtbatchno'

2018-05-14 13:38:01 - [TEST_STEP][PASSED] - rightClick: Object: 'Object Repository/GRN/Page_KDMC - CMS/input_txtexpdate' is right clicked on

2018-05-14 13:38:01 - [MESSAGE][PASSED] - Object: 'Object Repository/GRN/Page_KDMC - CMS/input_txtexpdate' is right clicked on

2018-05-14 13:38:01 - [TEST_STEP][PASSED] - selectOptionByIndex: All options with index in [8] are selected on object 'Object Repository/GRN/Page_KDMC - CMS/select_20182019202020212022202'

2018-05-14 13:38:02 - [MESSAGE][PASSED] - All options with index in [8] are selected on object 'Object Repository/GRN/Page_KDMC - CMS/select_20182019202020212022202'

2018-05-14 13:38:02 - [TEST_STEP][PASSED] - selectOptionByIndex: All options with index in [8] are selected on object 'Object Repository/GRN/Page_KDMC - CMS/select_JanFebMarAprMayJunJulAu'

2018-05-14 13:38:02 - [MESSAGE][PASSED] - All options with index in [8] are selected on object 'Object Repository/GRN/Page_KDMC - CMS/select_JanFebMarAprMayJunJulAu'

2018-05-14 13:38:02 - [TEST_STEP][PASSED] - click: Object: 'Object Repository/MOH AND GRN/Page_KDMC - CMS/a_12' is clicked on

2018-05-14 13:38:02 - [MESSAGE][PASSED] - Object: 'Object Repository/MOH AND GRN/Page_KDMC - CMS/a_12' is clicked on

2018-05-14 13:38:02 - [TEST_STEP][PASSED] - click: Object: 'Object Repository/MOH AND GRN/Page_KDMC - CMS/input_btnadd' is clicked on

2018-05-14 13:38:02 - [MESSAGE][PASSED] - Object: 'Object Repository/MOH AND GRN/Page_KDMC - CMS/input_btnadd' is clicked on

2018-05-14 13:38:02 - [TEST_STEP][PASSED] - Statement - If (s == 10): null

2018-05-14 13:38:02 - [TEST_STEP][PASSED] - Statement - Else: null

2018-05-14 13:38:02 - [TEST_STEP][PASSED] - Statement - (s++): null

2018-05-14 13:38:02 - [TEST_STEP][PASSED] - delay: Delayed 1 second(s)

2018-05-14 13:38:03 - [MESSAGE][PASSED] - Delayed 1 second(s)

2018-05-14 13:38:03 - [TEST_STEP][PASSED] - selectOptionByIndex: All options with index in [9] are selected on object 'Object Repository/MOH AND GRN/Page_KDMC - CMS/select_--Select--Amikacin -500'

2018-05-14 13:38:03 - [MESSAGE][PASSED] - All options with index in [9] are selected on object 'Object Repository/MOH AND GRN/Page_KDMC - CMS/select_--Select--Amikacin -500'

2018-05-14 13:38:03 - [TEST_STEP][PASSED] - setText: Text '5000' is set on object 'Object Repository/MOH AND GRN/Page_KDMC - CMS/input_txtqty'

2018-05-14 13:38:04 - [MESSAGE][PASSED] - Text '5000' is set on object 'Object Repository/MOH AND GRN/Page_KDMC - CMS/input_txtqty'

2018-05-14 13:38:04 - [TEST_STEP][PASSED] - selectOptionByIndex: All options with index in [1] are selected on object 'Object Repository/MOH AND GRN/Page_KDMC - CMS/select_--Select--No Tax0'

2018-05-14 13:38:04 - [MESSAGE][PASSED] - All options with index in [1] are selected on object 'Object Repository/MOH AND GRN/Page_KDMC - CMS/select_--Select--No Tax0'

2018-05-14 13:38:04 - [TEST_STEP][PASSED] - setText: Finding Test Object with id 'Object Repository/MOH AND GRN/Page_KDMC - CMS/input_txtmrp'

2018-05-14 13:38:04 - [TEST_STEP][PASSED] - Statement - switch (id): Finding Test Object with id 'Object Repository/MOH AND GRN/Page_KDMC - CMS/input_txtdeal'

2018-05-14 13:38:04 - [TEST_STEP][PASSED] - Statement - case 4:: Text '32.0' is set on object 'Object Repository/MOH AND GRN/Page_KDMC - CMS/input_txtmrp'

2018-05-14 13:38:04 - [TEST_STEP][PASSED] - Statement - return (java.lang.Math.floor((java.lang.Math.random() * ((max - min) + 1))) + min): Text '32.0' is set on object 'Object Repository/MOH AND GRN/Page_KDMC - CMS/input_txtmrp'

2018-05-14 13:38:04 - [MESSAGE][PASSED] - Text '32.0' is set on object 'Object Repository/MOH AND GRN/Page_KDMC - CMS/input_txtmrp'

2018-05-14 13:38:04 - [TEST_STEP][PASSED] - setText: Finding Test Object with id 'Object Repository/MOH AND GRN/Page_KDMC - CMS/input_txtdeal'

2018-05-14 13:38:04 - [TEST_STEP][PASSED] - Statement - switch (id): Finding Test Object with id 'Object Repository/MOH AND GRN/Page_KDMC - CMS/input_txtbatchno'

2018-05-14 13:38:04 - [TEST_STEP][PASSED] - Statement - case 5:: Text '11.0' is set on object 'Object Repository/MOH AND GRN/Page_KDMC - CMS/input_txtdeal'

2018-05-14 13:38:04 - [TEST_STEP][PASSED] - Statement - return (java.lang.Math.floor((java.lang.Math.random() * ((max - min) + 1))) + min): Text '11.0' is set on object 'Object Repository/MOH AND GRN/Page_KDMC - CMS/input_txtdeal'

2018-05-14 13:38:04 - [MESSAGE][PASSED] - Text '11.0' is set on object 'Object Repository/MOH AND GRN/Page_KDMC - CMS/input_txtdeal'

2018-05-14 13:38:04 - [TEST_STEP][PASSED] - setText: Finding Test Object with id 'Object Repository/MOH AND GRN/Page_KDMC - CMS/input_txtbatchno'

2018-05-14 13:38:04 - [TEST_STEP][PASSED] - Statement - switch (id): Finding Test Object with id 'Object Repository/MOH AND GRN/Page_KDMC - CMS/input_txtmrp'

2018-05-14 13:38:04 - [TEST_STEP][PASSED] - Statement - case 1:: Text 'BA984.0' is set on object 'Object Repository/MOH AND GRN/Page_KDMC - CMS/input_txtbatchno'

2018-05-14 13:38:04 - [TEST_STEP][PASSED] - Statement - return (java.lang.Math.floor((java.lang.Math.random() * ((max - min) + 1))) + min): Text 'BA984.0' is set on object 'Object Repository/MOH AND GRN/Page_KDMC - CMS/input_txtbatchno'

2018-05-14 13:38:04 - [MESSAGE][PASSED] - Text 'BA984.0' is set on object 'Object Repository/MOH AND GRN/Page_KDMC - CMS/input_txtbatchno'

2018-05-14 13:38:04 - [TEST_STEP][PASSED] - rightClick: Object: 'Object Repository/GRN/Page_KDMC - CMS/input_txtexpdate' is right clicked on

2018-05-14 13:38:04 - [MESSAGE][PASSED] - Object: 'Object Repository/GRN/Page_KDMC - CMS/input_txtexpdate' is right clicked on

2018-05-14 13:38:04 - [TEST_STEP][PASSED] - selectOptionByIndex: All options with index in [9] are selected on object 'Object Repository/GRN/Page_KDMC - CMS/select_20182019202020212022202'

2018-05-14 13:38:05 - [MESSAGE][PASSED] - All options with index in [9] are selected on object 'Object Repository/GRN/Page_KDMC - CMS/select_20182019202020212022202'

2018-05-14 13:38:05 - [TEST_STEP][PASSED] - selectOptionByIndex: All options with index in [9] are selected on object 'Object Repository/GRN/Page_KDMC - CMS/select_JanFebMarAprMayJunJulAu'

2018-05-14 13:38:05 - [MESSAGE][PASSED] - All options with index in [9] are selected on object 'Object Repository/GRN/Page_KDMC - CMS/select_JanFebMarAprMayJunJulAu'

2018-05-14 13:38:05 - [TEST_STEP][PASSED] - click: Object: 'Object Repository/MOH AND GRN/Page_KDMC - CMS/a_12' is clicked on

2018-05-14 13:38:05 - [MESSAGE][PASSED] - Object: 'Object Repository/MOH AND GRN/Page_KDMC - CMS/a_12' is clicked on

2018-05-14 13:38:05 - [TEST_STEP][PASSED] - click: Object: 'Object Repository/MOH AND GRN/Page_KDMC - CMS/input_btnadd' is clicked on

2018-05-14 13:38:05 - [MESSAGE][PASSED] - Object: 'Object Repository/MOH AND GRN/Page_KDMC - CMS/input_btnadd' is clicked on

2018-05-14 13:38:05 - [TEST_STEP][PASSED] - Statement - If (s == 10): null

2018-05-14 13:38:05 - [TEST_STEP][PASSED] - Statement - Else: null

2018-05-14 13:38:05 - [TEST_STEP][PASSED] - Statement - (s++): null

2018-05-14 13:38:05 - [TEST_STEP][PASSED] - delay: Delayed 1 second(s)

2018-05-14 13:38:06 - [MESSAGE][PASSED] - Delayed 1 second(s)

2018-05-14 13:38:06 - [TEST_STEP][PASSED] - selectOptionByIndex: All options with index in [10] are selected on object 'Object Repository/MOH AND GRN/Page_KDMC - CMS/select_--Select--Amikacin -500'

2018-05-14 13:38:07 - [MESSAGE][PASSED] - All options with index in [10] are selected on object 'Object Repository/MOH AND GRN/Page_KDMC - CMS/select_--Select--Amikacin -500'

2018-05-14 13:38:07 - [TEST_STEP][PASSED] - setText: Text '5000' is set on object 'Object Repository/MOH AND GRN/Page_KDMC - CMS/input_txtqty'

2018-05-14 13:38:07 - [MESSAGE][PASSED] - Text '5000' is set on object 'Object Repository/MOH AND GRN/Page_KDMC - CMS/input_txtqty'

2018-05-14 13:38:07 - [TEST_STEP][PASSED] - selectOptionByIndex: All options with index in [1] are selected on object 'Object Repository/MOH AND GRN/Page_KDMC - CMS/select_--Select--No Tax0'

2018-05-14 13:38:07 - [MESSAGE][PASSED] - All options with index in [1] are selected on object 'Object Repository/MOH AND GRN/Page_KDMC - CMS/select_--Select--No Tax0'

2018-05-14 13:38:07 - [TEST_STEP][PASSED] - setText: Finding Test Object with id 'Object Repository/MOH AND GRN/Page_KDMC - CMS/input_txtmrp'

2018-05-14 13:38:07 - [TEST_STEP][PASSED] - Statement - switch (id): Finding Test Object with id 'Object Repository/MOH AND GRN/Page_KDMC - CMS/input_txtdeal'

2018-05-14 13:38:07 - [TEST_STEP][PASSED] - Statement - case 4:: Text '42.0' is set on object 'Object Repository/MOH AND GRN/Page_KDMC - CMS/input_txtmrp'

2018-05-14 13:38:07 - [TEST_STEP][PASSED] - Statement - return (java.lang.Math.floor((java.lang.Math.random() * ((max - min) + 1))) + min): Text '42.0' is set on object 'Object Repository/MOH AND GRN/Page_KDMC - CMS/input_txtmrp'

2018-05-14 13:38:07 - [MESSAGE][PASSED] - Text '42.0' is set on object 'Object Repository/MOH AND GRN/Page_KDMC - CMS/input_txtmrp'

2018-05-14 13:38:07 - [TEST_STEP][PASSED] - setText: Finding Test Object with id 'Object Repository/MOH AND GRN/Page_KDMC - CMS/input_txtdeal'

2018-05-14 13:38:07 - [TEST_STEP][PASSED] - Statement - switch (id): Finding Test Object with id 'Object Repository/MOH AND GRN/Page_KDMC - CMS/input_txtbatchno'

2018-05-14 13:38:07 - [TEST_STEP][PASSED] - Statement - case 5:: Text '10.0' is set on object 'Object Repository/MOH AND GRN/Page_KDMC - CMS/input_txtdeal'

2018-05-14 13:38:07 - [TEST_STEP][PASSED] - Statement - return (java.lang.Math.floor((java.lang.Math.random() * ((max - min) + 1))) + min): Text '10.0' is set on object 'Object Repository/MOH AND GRN/Page_KDMC - CMS/input_txtdeal'

2018-05-14 13:38:07 - [MESSAGE][PASSED] - Text '10.0' is set on object 'Object Repository/MOH AND GRN/Page_KDMC - CMS/input_txtdeal'

2018-05-14 13:38:07 - [TEST_STEP][PASSED] - setText: Finding Test Object with id 'Object Repository/MOH AND GRN/Page_KDMC - CMS/input_txtbatchno'

2018-05-14 13:38:07 - [TEST_STEP][PASSED] - Statement - switch (id): Finding Test Object with id 'Object Repository/MOH AND GRN/Page_KDMC - CMS/input_txtmrp'

2018-05-14 13:38:07 - [TEST_STEP][PASSED] - Statement - case 1:: Text 'BA691.0' is set on object 'Object Repository/MOH AND GRN/Page_KDMC - CMS/input_txtbatchno'

2018-05-14 13:38:07 - [TEST_STEP][PASSED] - Statement - return (java.lang.Math.floor((java.lang.Math.random() * ((max - min) + 1))) + min): Text 'BA691.0' is set on object 'Object Repository/MOH AND GRN/Page_KDMC - CMS/input_txtbatchno'

2018-05-14 13:38:07 - [MESSAGE][PASSED] - Text 'BA691.0' is set on object 'Object Repository/MOH AND GRN/Page_KDMC - CMS/input_txtbatchno'

2018-05-14 13:38:07 - [TEST_STEP][PASSED] - rightClick: Object: 'Object Repository/GRN/Page_KDMC - CMS/input_txtexpdate' is right clicked on

2018-05-14 13:38:07 - [MESSAGE][PASSED] - Object: 'Object Repository/GRN/Page_KDMC - CMS/input_txtexpdate' is right clicked on

2018-05-14 13:38:07 - [TEST_STEP][PASSED] - selectOptionByIndex: All options with index in [10] are selected on object 'Object Repository/GRN/Page_KDMC - CMS/select_20182019202020212022202'

2018-05-14 13:38:08 - [MESSAGE][PASSED] - All options with index in [10] are selected on object 'Object Repository/GRN/Page_KDMC - CMS/select_20182019202020212022202'

2018-05-14 13:38:08 - [TEST_STEP][PASSED] - selectOptionByIndex: All options with index in [10] are selected on object 'Object Repository/GRN/Page_KDMC - CMS/select_JanFebMarAprMayJunJulAu'

2018-05-14 13:38:08 - [MESSAGE][PASSED] - All options with index in [10] are selected on object 'Object Repository/GRN/Page_KDMC - CMS/select_JanFebMarAprMayJunJulAu'

2018-05-14 13:38:08 - [TEST_STEP][PASSED] - click: Object: 'Object Repository/MOH AND GRN/Page_KDMC - CMS/a_12' is clicked on

2018-05-14 13:38:08 - [MESSAGE][PASSED] - Object: 'Object Repository/MOH AND GRN/Page_KDMC - CMS/a_12' is clicked on

2018-05-14 13:38:08 - [TEST_STEP][PASSED] - click: Object: 'Object Repository/MOH AND GRN/Page_KDMC - CMS/input_btnadd' is clicked on

2018-05-14 13:38:08 - [MESSAGE][PASSED] - Object: 'Object Repository/MOH AND GRN/Page_KDMC - CMS/input_btnadd' is clicked on

2018-05-14 13:38:08 - [TEST_STEP][PASSED] - Statement - If (s == 10): null

2018-05-14 13:38:08 - [TEST_STEP][PASSED] - Statement - s = 1: null

2018-05-14 13:38:08 - [TEST_STEP][PASSED] - delay: Delayed 1 second(s)

2018-05-14 13:38:09 - [MESSAGE][PASSED] - Delayed 1 second(s)

2018-05-14 13:38:09 - [TEST_STEP][PASSED] - selectOptionByIndex: All options with index in [11] are selected on object 'Object Repository/MOH AND GRN/Page_KDMC - CMS/select_--Select--Amikacin -500'

2018-05-14 13:38:09 - [MESSAGE][PASSED] - All options with index in [11] are selected on object 'Object Repository/MOH AND GRN/Page_KDMC - CMS/select_--Select--Amikacin -500'

2018-05-14 13:38:09 - [TEST_STEP][PASSED] - setText: Text '5000' is set on object 'Object Repository/MOH AND GRN/Page_KDMC - CMS/input_txtqty'

2018-05-14 13:38:09 - [MESSAGE][PASSED] - Text '5000' is set on object 'Object Repository/MOH AND GRN/Page_KDMC - CMS/input_txtqty'

2018-05-14 13:38:09 - [TEST_STEP][PASSED] - selectOptionByIndex: All options with index in [1] are selected on object 'Object Repository/MOH AND GRN/Page_KDMC - CMS/select_--Select--No Tax0'

2018-05-14 13:38:09 - [MESSAGE][PASSED] - All options with index in [1] are selected on object 'Object Repository/MOH AND GRN/Page_KDMC - CMS/select_--Select--No Tax0'

2018-05-14 13:38:09 - [TEST_STEP][PASSED] - setText: Finding Test Object with id 'Object Repository/MOH AND GRN/Page_KDMC - CMS/input_txtmrp'

2018-05-14 13:38:09 - [TEST_STEP][PASSED] - Statement - switch (id): Finding Test Object with id 'Object Repository/MOH AND GRN/Page_KDMC - CMS/input_txtdeal'

2018-05-14 13:38:09 - [TEST_STEP][PASSED] - Statement - case 4:: Text '41.0' is set on object 'Object Repository/MOH AND GRN/Page_KDMC - CMS/input_txtmrp'

2018-05-14 13:38:09 - [TEST_STEP][PASSED] - Statement - return (java.lang.Math.floor((java.lang.Math.random() * ((max - min) + 1))) + min): Text '41.0' is set on object 'Object Repository/MOH AND GRN/Page_KDMC - CMS/input_txtmrp'

2018-05-14 13:38:10 - [MESSAGE][PASSED] - Text '41.0' is set on object 'Object Repository/MOH AND GRN/Page_KDMC - CMS/input_txtmrp'

2018-05-14 13:38:10 - [TEST_STEP][PASSED] - setText: Finding Test Object with id 'Object Repository/MOH AND GRN/Page_KDMC - CMS/input_txtdeal'

2018-05-14 13:38:10 - [TEST_STEP][PASSED] - Statement - switch (id): Finding Test Object with id 'Object Repository/MOH AND GRN/Page_KDMC - CMS/input_txtbatchno'

2018-05-14 13:38:10 - [TEST_STEP][PASSED] - Statement - case 5:: Text '1.0' is set on object 'Object Repository/MOH AND GRN/Page_KDMC - CMS/input_txtdeal'

2018-05-14 13:38:10 - [TEST_STEP][PASSED] - Statement - return (java.lang.Math.floor((java.lang.Math.random() * ((max - min) + 1))) + min): Text '1.0' is set on object 'Object Repository/MOH AND GRN/Page_KDMC - CMS/input_txtdeal'

2018-05-14 13:38:10 - [MESSAGE][PASSED] - Text '1.0' is set on object 'Object Repository/MOH AND GRN/Page_KDMC - CMS/input_txtdeal'

2018-05-14 13:38:10 - [TEST_STEP][PASSED] - setText: Finding Test Object with id 'Object Repository/MOH AND GRN/Page_KDMC - CMS/input_txtbatchno'

2018-05-14 13:38:10 - [TEST_STEP][PASSED] - Statement - switch (id): Finding Test Object with id 'Object Repository/MOH AND GRN/Page_KDMC - CMS/input_txtmrp'

2018-05-14 13:38:10 - [TEST_STEP][PASSED] - Statement - case 1:: Text 'BA310.0' is set on object 'Object Repository/MOH AND GRN/Page_KDMC - CMS/input_txtbatchno'

2018-05-14 13:38:10 - [TEST_STEP][PASSED] - Statement - return (java.lang.Math.floor((java.lang.Math.random() * ((max - min) + 1))) + min): Text 'BA310.0' is set on object 'Object Repository/MOH AND GRN/Page_KDMC - CMS/input_txtbatchno'

2018-05-14 13:38:10 - [MESSAGE][PASSED] - Text 'BA310.0' is set on object 'Object Repository/MOH AND GRN/Page_KDMC - CMS/input_txtbatchno'

2018-05-14 13:38:10 - [TEST_STEP][PASSED] - rightClick: Object: 'Object Repository/GRN/Page_KDMC - CMS/input_txtexpdate' is right clicked on

2018-05-14 13:38:10 - [MESSAGE][PASSED] - Object: 'Object Repository/GRN/Page_KDMC - CMS/input_txtexpdate' is right clicked on

2018-05-14 13:38:10 - [TEST_STEP][PASSED] - selectOptionByIndex: All options with index in [1] are selected on object 'Object Repository/GRN/Page_KDMC - CMS/select_20182019202020212022202'

2018-05-14 13:38:10 - [MESSAGE][PASSED] - All options with index in [1] are selected on object 'Object Repository/GRN/Page_KDMC - CMS/select_20182019202020212022202'

2018-05-14 13:38:10 - [TEST_STEP][PASSED] - selectOptionByIndex: All options with index in [1] are selected on object 'Object Repository/GRN/Page_KDMC - CMS/select_JanFebMarAprMayJunJulAu'

2018-05-14 13:38:10 - [MESSAGE][PASSED] - All options with index in [1] are selected on object 'Object Repository/GRN/Page_KDMC - CMS/select_JanFebMarAprMayJunJulAu'

2018-05-14 13:38:10 - [TEST_STEP][PASSED] - click: Object: 'Object Repository/MOH AND GRN/Page_KDMC - CMS/a_12' is clicked on

2018-05-14 13:38:10 - [MESSAGE][PASSED] - Object: 'Object Repository/MOH AND GRN/Page_KDMC - CMS/a_12' is clicked on

2018-05-14 13:38:10 - [TEST_STEP][PASSED] - click: Object: 'Object Repository/MOH AND GRN/Page_KDMC - CMS/input_btnadd' is clicked on

2018-05-14 13:38:10 - [MESSAGE][PASSED] - Object: 'Object Repository/MOH AND GRN/Page_KDMC - CMS/input_btnadd' is clicked on

2018-05-14 13:38:10 - [TEST_STEP][PASSED] - Statement - If (s == 10): null

2018-05-14 13:38:10 - [TEST_STEP][PASSED] - Statement - Else: null

2018-05-14 13:38:10 - [TEST_STEP][PASSED] - Statement - (s++): null

2018-05-14 13:38:10 - [TEST_STEP][PASSED] - delay: Delayed 1 second(s)

2018-05-14 13:38:11 - [MESSAGE][PASSED] - Delayed 1 second(s)

2018-05-14 13:38:11 - [TEST_STEP][PASSED] - selectOptionByIndex: All options with index in [12] are selected on object 'Object Repository/MOH AND GRN/Page_KDMC - CMS/select_--Select--Amikacin -500'

2018-05-14 13:38:12 - [MESSAGE][PASSED] - All options with index in [12] are selected on object 'Object Repository/MOH AND GRN/Page_KDMC - CMS/select_--Select--Amikacin -500'

2018-05-14 13:38:12 - [TEST_STEP][PASSED] - setText: Text '5000' is set on object 'Object Repository/MOH AND GRN/Page_KDMC - CMS/input_txtqty'

2018-05-14 13:38:12 - [MESSAGE][PASSED] - Text '5000' is set on object 'Object Repository/MOH AND GRN/Page_KDMC - CMS/input_txtqty'

2018-05-14 13:38:12 - [TEST_STEP][PASSED] - selectOptionByIndex: All options with index in [1] are selected on object 'Object Repository/MOH AND GRN/Page_KDMC - CMS/select_--Select--No Tax0'

2018-05-14 13:38:12 - [MESSAGE][PASSED] - All options with index in [1] are selected on object 'Object Repository/MOH AND GRN/Page_KDMC - CMS/select_--Select--No Tax0'

2018-05-14 13:38:12 - [TEST_STEP][PASSED] - setText: Finding Test Object with id 'Object Repository/MOH AND GRN/Page_KDMC - CMS/input_txtmrp'

2018-05-14 13:38:12 - [TEST_STEP][PASSED] - Statement - switch (id): Finding Test Object with id 'Object Repository/MOH AND GRN/Page_KDMC - CMS/input_txtdeal'

2018-05-14 13:38:12 - [TEST_STEP][PASSED] - Statement - case 4:: Text '31.0' is set on object 'Object Repository/MOH AND GRN/Page_KDMC - CMS/input_txtmrp'

2018-05-14 13:38:12 - [TEST_STEP][PASSED] - Statement - return (java.lang.Math.floor((java.lang.Math.random() * ((max - min) + 1))) + min): Text '31.0' is set on object 'Object Repository/MOH AND GRN/Page_KDMC - CMS/input_txtmrp'

2018-05-14 13:38:12 - [MESSAGE][PASSED] - Text '31.0' is set on object 'Object Repository/MOH AND GRN/Page_KDMC - CMS/input_txtmrp'

2018-05-14 13:38:12 - [TEST_STEP][PASSED] - setText: Finding Test Object with id 'Object Repository/MOH AND GRN/Page_KDMC - CMS/input_txtdeal'

2018-05-14 13:38:12 - [TEST_STEP][PASSED] - Statement - switch (id): Finding Test Object with id 'Object Repository/MOH AND GRN/Page_KDMC - CMS/input_txtbatchno'

2018-05-14 13:38:12 - [TEST_STEP][PASSED] - Statement - case 5:: Text '10.0' is set on object 'Object Repository/MOH AND GRN/Page_KDMC - CMS/input_txtdeal'

2018-05-14 13:38:12 - [TEST_STEP][PASSED] - Statement - return (java.lang.Math.floor((java.lang.Math.random() * ((max - min) + 1))) + min): Text '10.0' is set on object 'Object Repository/MOH AND GRN/Page_KDMC - CMS/input_txtdeal'

2018-05-14 13:38:12 - [MESSAGE][PASSED] - Text '10.0' is set on object 'Object Repository/MOH AND GRN/Page_KDMC - CMS/input_txtdeal'

2018-05-14 13:38:12 - [TEST_STEP][PASSED] - setText: Finding Test Object with id 'Object Repository/MOH AND GRN/Page_KDMC - CMS/input_txtbatchno'

2018-05-14 13:38:12 - [TEST_STEP][PASSED] - Statement - switch (id): Finding Test Object with id 'Object Repository/MOH AND GRN/Page_KDMC - CMS/input_txtmrp'

2018-05-14 13:38:12 - [TEST_STEP][PASSED] - Statement - case 1:: Text 'BA783.0' is set on object 'Object Repository/MOH AND GRN/Page_KDMC - CMS/input_txtbatchno'

2018-05-14 13:38:12 - [TEST_STEP][PASSED] - Statement - return (java.lang.Math.floor((java.lang.Math.random() * ((max - min) + 1))) + min): Text 'BA783.0' is set on object 'Object Repository/MOH AND GRN/Page_KDMC - CMS/input_txtbatchno'

2018-05-14 13:38:12 - [MESSAGE][PASSED] - Text 'BA783.0' is set on object 'Object Repository/MOH AND GRN/Page_KDMC - CMS/input_txtbatchno'

2018-05-14 13:38:12 - [TEST_STEP][PASSED] - rightClick: Object: 'Object Repository/GRN/Page_KDMC - CMS/input_txtexpdate' is right clicked on

2018-05-14 13:38:12 - [MESSAGE][PASSED] - Object: 'Object Repository/GRN/Page_KDMC - CMS/input_txtexpdate' is right clicked on

2018-05-14 13:38:12 - [TEST_STEP][PASSED] - selectOptionByIndex: All options with index in [2] are selected on object 'Object Repository/GRN/Page_KDMC - CMS/select_20182019202020212022202'

2018-05-14 13:38:12 - [MESSAGE][PASSED] - All options with index in [2] are selected on object 'Object Repository/GRN/Page_KDMC - CMS/select_20182019202020212022202'

2018-05-14 13:38:12 - [TEST_STEP][PASSED] - selectOptionByIndex: All options with index in [2] are selected on object 'Object Repository/GRN/Page_KDMC - CMS/select_JanFebMarAprMayJunJulAu'

2018-05-14 13:38:13 - [MESSAGE][PASSED] - All options with index in [2] are selected on object 'Object Repository/GRN/Page_KDMC - CMS/select_JanFebMarAprMayJunJulAu'

2018-05-14 13:38:13 - [TEST_STEP][PASSED] - click: Object: 'Object Repository/MOH AND GRN/Page_KDMC - CMS/a_12' is clicked on

2018-05-14 13:38:13 - [MESSAGE][PASSED] - Object: 'Object Repository/MOH AND GRN/Page_KDMC - CMS/a_12' is clicked on

2018-05-14 13:38:13 - [TEST_STEP][PASSED] - click: Object: 'Object Repository/MOH AND GRN/Page_KDMC - CMS/input_btnadd' is clicked on

2018-05-14 13:38:13 - [MESSAGE][PASSED] - Object: 'Object Repository/MOH AND GRN/Page_KDMC - CMS/input_btnadd' is clicked on

2018-05-14 13:38:13 - [TEST_STEP][PASSED] - Statement - If (s == 10): null

2018-05-14 13:38:13 - [TEST_STEP][PASSED] - Statement - Else: null

2018-05-14 13:38:13 - [TEST_STEP][PASSED] - Statement - (s++): null

2018-05-14 13:38:13 - [TEST_STEP][PASSED] - delay: Delayed 1 second(s)

2018-05-14 13:38:14 - [MESSAGE][PASSED] - Delayed 1 second(s)

2018-05-14 13:38:14 - [TEST_STEP][PASSED] - selectOptionByIndex: All options with index in [13] are selected on object 'Object Repository/MOH AND GRN/Page_KDMC - CMS/select_--Select--Amikacin -500'

2018-05-14 13:38:14 - [MESSAGE][PASSED] - All options with index in [13] are selected on object 'Object Repository/MOH AND GRN/Page_KDMC - CMS/select_--Select--Amikacin -500'

2018-05-14 13:38:14 - [TEST_STEP][PASSED] - setText: Text '5000' is set on object 'Object Repository/MOH AND GRN/Page_KDMC - CMS/input_txtqty'

2018-05-14 13:38:14 - [MESSAGE][PASSED] - Text '5000' is set on object 'Object Repository/MOH AND GRN/Page_KDMC - CMS/input_txtqty'

2018-05-14 13:38:14 - [TEST_STEP][PASSED] - selectOptionByIndex: All options with index in [1] are selected on object 'Object Repository/MOH AND GRN/Page_KDMC - CMS/select_--Select--No Tax0'

2018-05-14 13:38:14 - [MESSAGE][PASSED] - All options with index in [1] are selected on object 'Object Repository/MOH AND GRN/Page_KDMC - CMS/select_--Select--No Tax0'

2018-05-14 13:38:14 - [TEST_STEP][PASSED] - setText: Finding Test Object with id 'Object Repository/MOH AND GRN/Page_KDMC - CMS/input_txtmrp'

2018-05-14 13:38:14 - [TEST_STEP][PASSED] - Statement - switch (id): Finding Test Object with id 'Object Repository/MOH AND GRN/Page_KDMC - CMS/input_txtdeal'

2018-05-14 13:38:14 - [TEST_STEP][PASSED] - Statement - case 4:: Text '38.0' is set on object 'Object Repository/MOH AND GRN/Page_KDMC - CMS/input_txtmrp'

2018-05-14 13:38:14 - [TEST_STEP][PASSED] - Statement - return (java.lang.Math.floor((java.lang.Math.random() * ((max - min) + 1))) + min): Text '38.0' is set on object 'Object Repository/MOH AND GRN/Page_KDMC - CMS/input_txtmrp'

2018-05-14 13:38:14 - [MESSAGE][PASSED] - Text '38.0' is set on object 'Object Repository/MOH AND GRN/Page_KDMC - CMS/input_txtmrp'

2018-05-14 13:38:14 - [TEST_STEP][PASSED] - setText: Finding Test Object with id 'Object Repository/MOH AND GRN/Page_KDMC - CMS/input_txtdeal'

2018-05-14 13:38:14 - [TEST_STEP][PASSED] - Statement - switch (id): Finding Test Object with id 'Object Repository/MOH AND GRN/Page_KDMC - CMS/input_txtbatchno'

2018-05-14 13:38:14 - [TEST_STEP][PASSED] - Statement - case 5:: Text '4.0' is set on object 'Object Repository/MOH AND GRN/Page_KDMC - CMS/input_txtdeal'

2018-05-14 13:38:14 - [TEST_STEP][PASSED] - Statement - return (java.lang.Math.floor((java.lang.Math.random() * ((max - min) + 1))) + min): Text '4.0' is set on object 'Object Repository/MOH AND GRN/Page_KDMC - CMS/input_txtdeal'

2018-05-14 13:38:15 - [MESSAGE][PASSED] - Text '4.0' is set on object 'Object Repository/MOH AND GRN/Page_KDMC - CMS/input_txtdeal'

2018-05-14 13:38:15 - [TEST_STEP][PASSED] - setText: Finding Test Object with id 'Object Repository/MOH AND GRN/Page_KDMC - CMS/input_txtbatchno'

2018-05-14 13:38:15 - [TEST_STEP][PASSED] - Statement - switch (id): Finding Test Object with id 'Object Repository/MOH AND GRN/Page_KDMC - CMS/input_txtmrp'

2018-05-14 13:38:15 - [TEST_STEP][PASSED] - Statement - case 1:: Text 'BA634.0' is set on object 'Object Repository/MOH AND GRN/Page_KDMC - CMS/input_txtbatchno'

2018-05-14 13:38:15 - [TEST_STEP][PASSED] - Statement - return (java.lang.Math.floor((java.lang.Math.random() * ((max - min) + 1))) + min): Text 'BA634.0' is set on object 'Object Repository/MOH AND GRN/Page_KDMC - CMS/input_txtbatchno'

2018-05-14 13:38:15 - [MESSAGE][PASSED] - Text 'BA634.0' is set on object 'Object Repository/MOH AND GRN/Page_KDMC - CMS/input_txtbatchno'

2018-05-14 13:38:15 - [TEST_STEP][PASSED] - rightClick: Object: 'Object Repository/GRN/Page_KDMC - CMS/input_txtexpdate' is right clicked on

2018-05-14 13:38:15 - [MESSAGE][PASSED] - Object: 'Object Repository/GRN/Page_KDMC - CMS/input_txtexpdate' is right clicked on

2018-05-14 13:38:15 - [TEST_STEP][PASSED] - selectOptionByIndex: All options with index in [3] are selected on object 'Object Repository/GRN/Page_KDMC - CMS/select_20182019202020212022202'

2018-05-14 13:38:15 - [MESSAGE][PASSED] - All options with index in [3] are selected on object 'Object Repository/GRN/Page_KDMC - CMS/select_20182019202020212022202'

2018-05-14 13:38:15 - [TEST_STEP][PASSED] - selectOptionByIndex: All options with index in [3] are selected on object 'Object Repository/GRN/Page_KDMC - CMS/select_JanFebMarAprMayJunJulAu'

2018-05-14 13:38:15 - [MESSAGE][PASSED] - All options with index in [3] are selected on object 'Object Repository/GRN/Page_KDMC - CMS/select_JanFebMarAprMayJunJulAu'

2018-05-14 13:38:15 - [TEST_STEP][PASSED] - click: Object: 'Object Repository/MOH AND GRN/Page_KDMC - CMS/a_12' is clicked on

2018-05-14 13:38:15 - [MESSAGE][PASSED] - Object: 'Object Repository/MOH AND GRN/Page_KDMC - CMS/a_12' is clicked on

2018-05-14 13:38:15 - [TEST_STEP][PASSED] - click: Object: 'Object Repository/MOH AND GRN/Page_KDMC - CMS/input_btnadd' is clicked on

2018-05-14 13:38:15 - [MESSAGE][PASSED] - Object: 'Object Repository/MOH AND GRN/Page_KDMC - CMS/input_btnadd' is clicked on

2018-05-14 13:38:15 - [TEST_STEP][PASSED] - Statement - If (s == 10): null

2018-05-14 13:38:15 - [TEST_STEP][PASSED] - Statement - Else: null

2018-05-14 13:38:15 - [TEST_STEP][PASSED] - Statement - (s++): null

2018-05-14 13:38:15 - [TEST_STEP][PASSED] - delay: Delayed 1 second(s)

2018-05-14 13:38:16 - [MESSAGE][PASSED] - Delayed 1 second(s)

2018-05-14 13:38:16 - [TEST_STEP][PASSED] - selectOptionByIndex: All options with index in [14] are selected on object 'Object Repository/MOH AND GRN/Page_KDMC - CMS/select_--Select--Amikacin -500'

2018-05-14 13:38:17 - [MESSAGE][PASSED] - All options with index in [14] are selected on object 'Object Repository/MOH AND GRN/Page_KDMC - CMS/select_--Select--Amikacin -500'

2018-05-14 13:38:17 - [TEST_STEP][PASSED] - setText: Text '5000' is set on object 'Object Repository/MOH AND GRN/Page_KDMC - CMS/input_txtqty'

2018-05-14 13:38:17 - [MESSAGE][PASSED] - Text '5000' is set on object 'Object Repository/MOH AND GRN/Page_KDMC - CMS/input_txtqty'

2018-05-14 13:38:17 - [TEST_STEP][PASSED] - selectOptionByIndex: All options with index in [1] are selected on object 'Object Repository/MOH AND GRN/Page_KDMC - CMS/select_--Select--No Tax0'

2018-05-14 13:38:17 - [MESSAGE][PASSED] - All options with index in [1] are selected on object 'Object Repository/MOH AND GRN/Page_KDMC - CMS/select_--Select--No Tax0'

2018-05-14 13:38:17 - [TEST_STEP][PASSED] - setText: Finding Test Object with id 'Object Repository/MOH AND GRN/Page_KDMC - CMS/input_txtmrp'

2018-05-14 13:38:17 - [TEST_STEP][PASSED] - Statement - switch (id): Finding Test Object with id 'Object Repository/MOH AND GRN/Page_KDMC - CMS/input_txtdeal'

2018-05-14 13:38:17 - [TEST_STEP][PASSED] - Statement - case 4:: Text '18.0' is set on object 'Object Repository/MOH AND GRN/Page_KDMC - CMS/input_txtmrp'

2018-05-14 13:38:17 - [TEST_STEP][PASSED] - Statement - return (java.lang.Math.floor((java.lang.Math.random() * ((max - min) + 1))) + min): Text '18.0' is set on object 'Object Repository/MOH AND GRN/Page_KDMC - CMS/input_txtmrp'

2018-05-14 13:38:17 - [MESSAGE][PASSED] - Text '18.0' is set on object 'Object Repository/MOH AND GRN/Page_KDMC - CMS/input_txtmrp'

2018-05-14 13:38:17 - [TEST_STEP][PASSED] - setText: Finding Test Object with id 'Object Repository/MOH AND GRN/Page_KDMC - CMS/input_txtdeal'

2018-05-14 13:38:17 - [TEST_STEP][PASSED] - Statement - switch (id): Finding Test Object with id 'Object Repository/MOH AND GRN/Page_KDMC - CMS/input_txtbatchno'

2018-05-14 13:38:17 - [TEST_STEP][PASSED] - Statement - case 5:: Text '6.0' is set on object 'Object Repository/MOH AND GRN/Page_KDMC - CMS/input_txtdeal'

2018-05-14 13:38:17 - [TEST_STEP][PASSED] - Statement - return (java.lang.Math.floor((java.lang.Math.random() * ((max - min) + 1))) + min): Text '6.0' is set on object 'Object Repository/MOH AND GRN/Page_KDMC - CMS/input_txtdeal'

2018-05-14 13:38:17 - [MESSAGE][PASSED] - Text '6.0' is set on object 'Object Repository/MOH AND GRN/Page_KDMC - CMS/input_txtdeal'

2018-05-14 13:38:17 - [TEST_STEP][PASSED] - setText: Finding Test Object with id 'Object Repository/MOH AND GRN/Page_KDMC - CMS/input_txtbatchno'

2018-05-14 13:38:17 - [TEST_STEP][PASSED] - Statement - switch (id): Finding Test Object with id 'Object Repository/MOH AND GRN/Page_KDMC - CMS/input_txtmrp'

2018-05-14 13:38:17 - [TEST_STEP][PASSED] - Statement - case 1:: Text 'BA866.0' is set on object 'Object Repository/MOH AND GRN/Page_KDMC - CMS/input_txtbatchno'

2018-05-14 13:38:17 - [TEST_STEP][PASSED] - Statement - return (java.lang.Math.floor((java.lang.Math.random() * ((max - min) + 1))) + min): Text 'BA866.0' is set on object 'Object Repository/MOH AND GRN/Page_KDMC - CMS/input_txtbatchno'

2018-05-14 13:38:17 - [MESSAGE][PASSED] - Text 'BA866.0' is set on object 'Object Repository/MOH AND GRN/Page_KDMC - CMS/input_txtbatchno'

2018-05-14 13:38:17 - [TEST_STEP][PASSED] - rightClick: Object: 'Object Repository/GRN/Page_KDMC - CMS/input_txtexpdate' is right clicked on

2018-05-14 13:38:17 - [MESSAGE][PASSED] - Object: 'Object Repository/GRN/Page_KDMC - CMS/input_txtexpdate' is right clicked on

2018-05-14 13:38:17 - [TEST_STEP][PASSED] - selectOptionByIndex: All options with index in [4] are selected on object 'Object Repository/GRN/Page_KDMC - CMS/select_20182019202020212022202'

2018-05-14 13:38:17 - [MESSAGE][PASSED] - All options with index in [4] are selected on object 'Object Repository/GRN/Page_KDMC - CMS/select_20182019202020212022202'

2018-05-14 13:38:17 - [TEST_STEP][PASSED] - selectOptionByIndex: All options with index in [4] are selected on object 'Object Repository/GRN/Page_KDMC - CMS/select_JanFebMarAprMayJunJulAu'

2018-05-14 13:38:18 - [MESSAGE][PASSED] - All options with index in [4] are selected on object 'Object Repository/GRN/Page_KDMC - CMS/select_JanFebMarAprMayJunJulAu'

2018-05-14 13:38:18 - [TEST_STEP][PASSED] - click: Object: 'Object Repository/MOH AND GRN/Page_KDMC - CMS/a_12' is clicked on

2018-05-14 13:38:18 - [MESSAGE][PASSED] - Object: 'Object Repository/MOH AND GRN/Page_KDMC - CMS/a_12' is clicked on

2018-05-14 13:38:18 - [TEST_STEP][PASSED] - click: Object: 'Object Repository/MOH AND GRN/Page_KDMC - CMS/input_btnadd' is clicked on

2018-05-14 13:38:18 - [MESSAGE][PASSED] - Object: 'Object Repository/MOH AND GRN/Page_KDMC - CMS/input_btnadd' is clicked on

2018-05-14 13:38:18 - [TEST_STEP][PASSED] - Statement - If (s == 10): null

2018-05-14 13:38:18 - [TEST_STEP][PASSED] - Statement - Else: null

2018-05-14 13:38:18 - [TEST_STEP][PASSED] - Statement - (s++): null

2018-05-14 13:38:18 - [TEST_STEP][PASSED] - delay: Delayed 1 second(s)

2018-05-14 13:38:19 - [MESSAGE][PASSED] - Delayed 1 second(s)

2018-05-14 13:38:19 - [TEST_STEP][PASSED] - selectOptionByIndex: All options with index in [15] are selected on object 'Object Repository/MOH AND GRN/Page_KDMC - CMS/select_--Select--Amikacin -500'

2018-05-14 13:38:19 - [MESSAGE][PASSED] - All options with index in [15] are selected on object 'Object Repository/MOH AND GRN/Page_KDMC - CMS/select_--Select--Amikacin -500'

2018-05-14 13:38:19 - [TEST_STEP][PASSED] - setText: Text '5000' is set on object 'Object Repository/MOH AND GRN/Page_KDMC - CMS/input_txtqty'

2018-05-14 13:38:19 - [MESSAGE][PASSED] - Text '5000' is set on object 'Object Repository/MOH AND GRN/Page_KDMC - CMS/input_txtqty'

2018-05-14 13:38:19 - [TEST_STEP][PASSED] - selectOptionByIndex: All options with index in [1] are selected on object 'Object Repository/MOH AND GRN/Page_KDMC - CMS/select_--Select--No Tax0'

2018-05-14 13:38:19 - [MESSAGE][PASSED] - All options with index in [1] are selected on object 'Object Repository/MOH AND GRN/Page_KDMC - CMS/select_--Select--No Tax0'

2018-05-14 13:38:19 - [TEST_STEP][PASSED] - setText: Finding Test Object with id 'Object Repository/MOH AND GRN/Page_KDMC - CMS/input_txtmrp'

2018-05-14 13:38:19 - [TEST_STEP][PASSED] - Statement - switch (id): Finding Test Object with id 'Object Repository/MOH AND GRN/Page_KDMC - CMS/input_txtdeal'

2018-05-14 13:38:19 - [TEST_STEP][PASSED] - Statement - case 4:: Text '38.0' is set on object 'Object Repository/MOH AND GRN/Page_KDMC - CMS/input_txtmrp'

2018-05-14 13:38:19 - [TEST_STEP][PASSED] - Statement - return (java.lang.Math.floor((java.lang.Math.random() * ((max - min) + 1))) + min): Text '38.0' is set on object 'Object Repository/MOH AND GRN/Page_KDMC - CMS/input_txtmrp'

2018-05-14 13:38:19 - [MESSAGE][PASSED] - Text '38.0' is set on object 'Object Repository/MOH AND GRN/Page_KDMC - CMS/input_txtmrp'

2018-05-14 13:38:19 - [TEST_STEP][PASSED] - setText: Finding Test Object with id 'Object Repository/MOH AND GRN/Page_KDMC - CMS/input_txtdeal'

2018-05-14 13:38:19 - [TEST_STEP][PASSED] - Statement - switch (id): Finding Test Object with id 'Object Repository/MOH AND GRN/Page_KDMC - CMS/input_txtbatchno'

2018-05-14 13:38:19 - [TEST_STEP][PASSED] - Statement - case 5:: Text '11.0' is set on object 'Object Repository/MOH AND GRN/Page_KDMC - CMS/input_txtdeal'

2018-05-14 13:38:19 - [TEST_STEP][PASSED] - Statement - return (java.lang.Math.floor((java.lang.Math.random() * ((max - min) + 1))) + min): Text '11.0' is set on object 'Object Repository/MOH AND GRN/Page_KDMC - CMS/input_txtdeal'

2018-05-14 13:38:19 - [MESSAGE][PASSED] - Text '11.0' is set on object 'Object Repository/MOH AND GRN/Page_KDMC - CMS/input_txtdeal'

2018-05-14 13:38:19 - [TEST_STEP][PASSED] - setText: Finding Test Object with id 'Object Repository/MOH AND GRN/Page_KDMC - CMS/input_txtbatchno'

2018-05-14 13:38:19 - [TEST_STEP][PASSED] - Statement - switch (id): Finding Test Object with id 'Object Repository/MOH AND GRN/Page_KDMC - CMS/input_txtmrp'

2018-05-14 13:38:19 - [TEST_STEP][PASSED] - Statement - case 1:: Text 'BA948.0' is set on object 'Object Repository/MOH AND GRN/Page_KDMC - CMS/input_txtbatchno'

2018-05-14 13:38:19 - [TEST_STEP][PASSED] - Statement - return (java.lang.Math.floor((java.lang.Math.random() * ((max - min) + 1))) + min): Text 'BA948.0' is set on object 'Object Repository/MOH AND GRN/Page_KDMC - CMS/input_txtbatchno'

2018-05-14 13:38:20 - [MESSAGE][PASSED] - Text 'BA948.0' is set on object 'Object Repository/MOH AND GRN/Page_KDMC - CMS/input_txtbatchno'

2018-05-14 13:38:20 - [TEST_STEP][PASSED] - rightClick: Object: 'Object Repository/GRN/Page_KDMC - CMS/input_txtexpdate' is right clicked on

2018-05-14 13:38:20 - [MESSAGE][PASSED] - Object: 'Object Repository/GRN/Page_KDMC - CMS/input_txtexpdate' is right clicked on

2018-05-14 13:38:20 - [TEST_STEP][PASSED] - selectOptionByIndex: All options with index in [5] are selected on object 'Object Repository/GRN/Page_KDMC - CMS/select_20182019202020212022202'

2018-05-14 13:38:20 - [MESSAGE][PASSED] - All options with index in [5] are selected on object 'Object Repository/GRN/Page_KDMC - CMS/select_20182019202020212022202'

2018-05-14 13:38:20 - [TEST_STEP][PASSED] - selectOptionByIndex: All options with index in [5] are selected on object 'Object Repository/GRN/Page_KDMC - CMS/select_JanFebMarAprMayJunJulAu'

2018-05-14 13:38:20 - [MESSAGE][PASSED] - All options with index in [5] are selected on object 'Object Repository/GRN/Page_KDMC - CMS/select_JanFebMarAprMayJunJulAu'

2018-05-14 13:38:20 - [TEST_STEP][PASSED] - click: Object: 'Object Repository/MOH AND GRN/Page_KDMC - CMS/a_12' is clicked on

2018-05-14 13:38:20 - [MESSAGE][PASSED] - Object: 'Object Repository/MOH AND GRN/Page_KDMC - CMS/a_12' is clicked on

2018-05-14 13:38:20 - [TEST_STEP][PASSED] - click: Object: 'Object Repository/MOH AND GRN/Page_KDMC - CMS/input_btnadd' is clicked on

2018-05-14 13:38:20 - [MESSAGE][PASSED] - Object: 'Object Repository/MOH AND GRN/Page_KDMC - CMS/input_btnadd' is clicked on

2018-05-14 13:38:20 - [TEST_STEP][PASSED] - Statement - If (s == 10): null

2018-05-14 13:38:20 - [TEST_STEP][PASSED] - Statement - Else: null

2018-05-14 13:38:20 - [TEST_STEP][PASSED] - Statement - (s++): null

2018-05-14 13:38:20 - [TEST_STEP][PASSED] - delay: Delayed 1 second(s)

2018-05-14 13:38:21 - [MESSAGE][PASSED] - Delayed 1 second(s)

2018-05-14 13:38:21 - [TEST_STEP][PASSED] - selectOptionByIndex: All options with index in [16] are selected on object 'Object Repository/MOH AND GRN/Page_KDMC - CMS/select_--Select--Amikacin -500'

2018-05-14 13:38:21 - [MESSAGE][PASSED] - All options with index in [16] are selected on object 'Object Repository/MOH AND GRN/Page_KDMC - CMS/select_--Select--Amikacin -500'

2018-05-14 13:38:21 - [TEST_STEP][PASSED] - setText: Text '5000' is set on object 'Object Repository/MOH AND GRN/Page_KDMC - CMS/input_txtqty'

2018-05-14 13:38:22 - [MESSAGE][PASSED] - Text '5000' is set on object 'Object Repository/MOH AND GRN/Page_KDMC - CMS/input_txtqty'

2018-05-14 13:38:22 - [TEST_STEP][PASSED] - selectOptionByIndex: All options with index in [1] are selected on object 'Object Repository/MOH AND GRN/Page_KDMC - CMS/select_--Select--No Tax0'

2018-05-14 13:38:22 - [MESSAGE][PASSED] - All options with index in [1] are selected on object 'Object Repository/MOH AND GRN/Page_KDMC - CMS/select_--Select--No Tax0'

2018-05-14 13:38:22 - [TEST_STEP][PASSED] - setText: Finding Test Object with id 'Object Repository/MOH AND GRN/Page_KDMC - CMS/input_txtmrp'

2018-05-14 13:38:22 - [TEST_STEP][PASSED] - Statement - switch (id): Finding Test Object with id 'Object Repository/MOH AND GRN/Page_KDMC - CMS/input_txtdeal'

2018-05-14 13:38:22 - [TEST_STEP][PASSED] - Statement - case 4:: Text '40.0' is set on object 'Object Repository/MOH AND GRN/Page_KDMC - CMS/input_txtmrp'

2018-05-14 13:38:22 - [TEST_STEP][PASSED] - Statement - return (java.lang.Math.floor((java.lang.Math.random() * ((max - min) + 1))) + min): Text '40.0' is set on object 'Object Repository/MOH AND GRN/Page_KDMC - CMS/input_txtmrp'

2018-05-14 13:38:22 - [MESSAGE][PASSED] - Text '40.0' is set on object 'Object Repository/MOH AND GRN/Page_KDMC - CMS/input_txtmrp'

2018-05-14 13:38:22 - [TEST_STEP][PASSED] - setText: Finding Test Object with id 'Object Repository/MOH AND GRN/Page_KDMC - CMS/input_txtdeal'

2018-05-14 13:38:22 - [TEST_STEP][PASSED] - Statement - switch (id): Finding Test Object with id 'Object Repository/MOH AND GRN/Page_KDMC - CMS/input_txtbatchno'

2018-05-14 13:38:22 - [TEST_STEP][PASSED] - Statement - case 5:: Text '1.0' is set on object 'Object Repository/MOH AND GRN/Page_KDMC - CMS/input_txtdeal'

2018-05-14 13:38:22 - [TEST_STEP][PASSED] - Statement - return (java.lang.Math.floor((java.lang.Math.random() * ((max - min) + 1))) + min): Text '1.0' is set on object 'Object Repository/MOH AND GRN/Page_KDMC - CMS/input_txtdeal'

2018-05-14 13:38:22 - [MESSAGE][PASSED] - Text '1.0' is set on object 'Object Repository/MOH AND GRN/Page_KDMC - CMS/input_txtdeal'

2018-05-14 13:38:22 - [TEST_STEP][PASSED] - setText: Finding Test Object with id 'Object Repository/MOH AND GRN/Page_KDMC - CMS/input_txtbatchno'

2018-05-14 13:38:22 - [TEST_STEP][PASSED] - Statement - switch (id): Finding Test Object with id 'Object Repository/MOH AND GRN/Page_KDMC - CMS/input_txtmrp'

2018-05-14 13:38:22 - [TEST_STEP][PASSED] - Statement - case 1:: Text 'BA906.0' is set on object 'Object Repository/MOH AND GRN/Page_KDMC - CMS/input_txtbatchno'

2018-05-14 13:38:22 - [TEST_STEP][PASSED] - Statement - return (java.lang.Math.floor((java.lang.Math.random() * ((max - min) + 1))) + min): Text 'BA906.0' is set on object 'Object Repository/MOH AND GRN/Page_KDMC - CMS/input_txtbatchno'

2018-05-14 13:38:22 - [MESSAGE][PASSED] - Text 'BA906.0' is set on object 'Object Repository/MOH AND GRN/Page_KDMC - CMS/input_txtbatchno'

2018-05-14 13:38:22 - [TEST_STEP][PASSED] - rightClick: Object: 'Object Repository/GRN/Page_KDMC - CMS/input_txtexpdate' is right clicked on

2018-05-14 13:38:22 - [MESSAGE][PASSED] - Object: 'Object Repository/GRN/Page_KDMC - CMS/input_txtexpdate' is right clicked on

2018-05-14 13:38:22 - [TEST_STEP][PASSED] - selectOptionByIndex: All options with index in [6] are selected on object 'Object Repository/GRN/Page_KDMC - CMS/select_20182019202020212022202'

2018-05-14 13:38:22 - [MESSAGE][PASSED] - All options with index in [6] are selected on object 'Object Repository/GRN/Page_KDMC - CMS/select_20182019202020212022202'

2018-05-14 13:38:22 - [TEST_STEP][PASSED] - selectOptionByIndex: All options with index in [6] are selected on object 'Object Repository/GRN/Page_KDMC - CMS/select_JanFebMarAprMayJunJulAu'

2018-05-14 13:38:22 - [MESSAGE][PASSED] - All options with index in [6] are selected on object 'Object Repository/GRN/Page_KDMC - CMS/select_JanFebMarAprMayJunJulAu'

2018-05-14 13:38:22 - [TEST_STEP][PASSED] - click: Object: 'Object Repository/MOH AND GRN/Page_KDMC - CMS/a_12' is clicked on

2018-05-14 13:38:23 - [MESSAGE][PASSED] - Object: 'Object Repository/MOH AND GRN/Page_KDMC - CMS/a_12' is clicked on

2018-05-14 13:38:23 - [TEST_STEP][PASSED] - click: Object: 'Object Repository/MOH AND GRN/Page_KDMC - CMS/input_btnadd' is clicked on

2018-05-14 13:38:23 - [MESSAGE][PASSED] - Object: 'Object Repository/MOH AND GRN/Page_KDMC - CMS/input_btnadd' is clicked on

2018-05-14 13:38:23 - [TEST_STEP][PASSED] - Statement - If (s == 10): null

2018-05-14 13:38:23 - [TEST_STEP][PASSED] - Statement - Else: null

2018-05-14 13:38:23 - [TEST_STEP][PASSED] - Statement - (s++): null

2018-05-14 13:38:23 - [TEST_STEP][PASSED] - delay: Delayed 1 second(s)

2018-05-14 13:38:24 - [MESSAGE][PASSED] - Delayed 1 second(s)

2018-05-14 13:38:24 - [TEST_STEP][PASSED] - selectOptionByIndex: All options with index in [17] are selected on object 'Object Repository/MOH AND GRN/Page_KDMC - CMS/select_--Select--Amikacin -500'

2018-05-14 13:38:24 - [MESSAGE][PASSED] - All options with index in [17] are selected on object 'Object Repository/MOH AND GRN/Page_KDMC - CMS/select_--Select--Amikacin -500'

2018-05-14 13:38:24 - [TEST_STEP][PASSED] - setText: Text '5000' is set on object 'Object Repository/MOH AND GRN/Page_KDMC - CMS/input_txtqty'

2018-05-14 13:38:24 - [MESSAGE][PASSED] - Text '5000' is set on object 'Object Repository/MOH AND GRN/Page_KDMC - CMS/input_txtqty'

2018-05-14 13:38:24 - [TEST_STEP][PASSED] - selectOptionByIndex: All options with index in [1] are selected on object 'Object Repository/MOH AND GRN/Page_KDMC - CMS/select_--Select--No Tax0'

2018-05-14 13:38:24 - [MESSAGE][PASSED] - All options with index in [1] are selected on object 'Object Repository/MOH AND GRN/Page_KDMC - CMS/select_--Select--No Tax0'

2018-05-14 13:38:24 - [TEST_STEP][PASSED] - setText: Finding Test Object with id 'Object Repository/MOH AND GRN/Page_KDMC - CMS/input_txtmrp'

2018-05-14 13:38:24 - [TEST_STEP][PASSED] - Statement - switch (id): Finding Test Object with id 'Object Repository/MOH AND GRN/Page_KDMC - CMS/input_txtdeal'

2018-05-14 13:38:24 - [TEST_STEP][PASSED] - Statement - case 4:: Text '24.0' is set on object 'Object Repository/MOH AND GRN/Page_KDMC - CMS/input_txtmrp'

2018-05-14 13:38:24 - [TEST_STEP][PASSED] - Statement - return (java.lang.Math.floor((java.lang.Math.random() * ((max - min) + 1))) + min): Text '24.0' is set on object 'Object Repository/MOH AND GRN/Page_KDMC - CMS/input_txtmrp'

2018-05-14 13:38:24 - [MESSAGE][PASSED] - Text '24.0' is set on object 'Object Repository/MOH AND GRN/Page_KDMC - CMS/input_txtmrp'

2018-05-14 13:38:24 - [TEST_STEP][PASSED] - setText: Finding Test Object with id 'Object Repository/MOH AND GRN/Page_KDMC - CMS/input_txtdeal'

2018-05-14 13:38:24 - [TEST_STEP][PASSED] - Statement - switch (id): Finding Test Object with id 'Object Repository/MOH AND GRN/Page_KDMC - CMS/input_txtbatchno'

2018-05-14 13:38:24 - [TEST_STEP][PASSED] - Statement - case 5:: Text '12.0' is set on object 'Object Repository/MOH AND GRN/Page_KDMC - CMS/input_txtdeal'

2018-05-14 13:38:24 - [TEST_STEP][PASSED] - Statement - return (java.lang.Math.floor((java.lang.Math.random() * ((max - min) + 1))) + min): Text '12.0' is set on object 'Object Repository/MOH AND GRN/Page_KDMC - CMS/input_txtdeal'

2018-05-14 13:38:24 - [MESSAGE][PASSED] - Text '12.0' is set on object 'Object Repository/MOH AND GRN/Page_KDMC - CMS/input_txtdeal'

2018-05-14 13:38:24 - [TEST_STEP][PASSED] - setText: Finding Test Object with id 'Object Repository/MOH AND GRN/Page_KDMC - CMS/input_txtbatchno'

2018-05-14 13:38:24 - [TEST_STEP][PASSED] - Statement - switch (id): Finding Test Object with id 'Object Repository/MOH AND GRN/Page_KDMC - CMS/input_txtmrp'

2018-05-14 13:38:24 - [TEST_STEP][PASSED] - Statement - case 1:: Text 'BA507.0' is set on object 'Object Repository/MOH AND GRN/Page_KDMC - CMS/input_txtbatchno'

2018-05-14 13:38:24 - [TEST_STEP][PASSED] - Statement - return (java.lang.Math.floor((java.lang.Math.random() * ((max - min) + 1))) + min): Text 'BA507.0' is set on object 'Object Repository/MOH AND GRN/Page_KDMC - CMS/input_txtbatchno'

2018-05-14 13:38:24 - [MESSAGE][PASSED] - Text 'BA507.0' is set on object 'Object Repository/MOH AND GRN/Page_KDMC - CMS/input_txtbatchno'

2018-05-14 13:38:24 - [TEST_STEP][PASSED] - rightClick: Object: 'Object Repository/GRN/Page_KDMC - CMS/input_txtexpdate' is right clicked on

2018-05-14 13:38:25 - [MESSAGE][PASSED] - Object: 'Object Repository/GRN/Page_KDMC - CMS/input_txtexpdate' is right clicked on

2018-05-14 13:38:25 - [TEST_STEP][PASSED] - selectOptionByIndex: All options with index in [7] are selected on object 'Object Repository/GRN/Page_KDMC - CMS/select_20182019202020212022202'

2018-05-14 13:38:25 - [MESSAGE][PASSED] - All options with index in [7] are selected on object 'Object Repository/GRN/Page_KDMC - CMS/select_20182019202020212022202'

2018-05-14 13:38:25 - [TEST_STEP][PASSED] - selectOptionByIndex: All options with index in [7] are selected on object 'Object Repository/GRN/Page_KDMC - CMS/select_JanFebMarAprMayJunJulAu'

2018-05-14 13:38:25 - [MESSAGE][PASSED] - All options with index in [7] are selected on object 'Object Repository/GRN/Page_KDMC - CMS/select_JanFebMarAprMayJunJulAu'

2018-05-14 13:38:25 - [TEST_STEP][PASSED] - click: Object: 'Object Repository/MOH AND GRN/Page_KDMC - CMS/a_12' is clicked on

2018-05-14 13:38:25 - [MESSAGE][PASSED] - Object: 'Object Repository/MOH AND GRN/Page_KDMC - CMS/a_12' is clicked on

2018-05-14 13:38:25 - [TEST_STEP][PASSED] - click: Object: 'Object Repository/MOH AND GRN/Page_KDMC - CMS/input_btnadd' is clicked on

2018-05-14 13:38:25 - [MESSAGE][PASSED] - Object: 'Object Repository/MOH AND GRN/Page_KDMC - CMS/input_btnadd' is clicked on

2018-05-14 13:38:25 - [TEST_STEP][PASSED] - Statement - If (s == 10): null

2018-05-14 13:38:25 - [TEST_STEP][PASSED] - Statement - Else: null

2018-05-14 13:38:25 - [TEST_STEP][PASSED] - Statement - (s++): null

2018-05-14 13:38:25 - [TEST_STEP][PASSED] - delay: Delayed 1 second(s)

2018-05-14 13:38:26 - [MESSAGE][PASSED] - Delayed 1 second(s)

2018-05-14 13:38:26 - [TEST_STEP][PASSED] - selectOptionByIndex: All options with index in [18] are selected on object 'Object Repository/MOH AND GRN/Page_KDMC - CMS/select_--Select--Amikacin -500'

2018-05-14 13:38:27 - [MESSAGE][PASSED] - All options with index in [18] are selected on object 'Object Repository/MOH AND GRN/Page_KDMC - CMS/select_--Select--Amikacin -500'

2018-05-14 13:38:27 - [TEST_STEP][PASSED] - setText: Text '5000' is set on object 'Object Repository/MOH AND GRN/Page_KDMC - CMS/input_txtqty'

2018-05-14 13:38:27 - [MESSAGE][PASSED] - Text '5000' is set on object 'Object Repository/MOH AND GRN/Page_KDMC - CMS/input_txtqty'

2018-05-14 13:38:27 - [TEST_STEP][PASSED] - selectOptionByIndex: All options with index in [1] are selected on object 'Object Repository/MOH AND GRN/Page_KDMC - CMS/select_--Select--No Tax0'

2018-05-14 13:38:27 - [MESSAGE][PASSED] - All options with index in [1] are selected on object 'Object Repository/MOH AND GRN/Page_KDMC - CMS/select_--Select--No Tax0'

2018-05-14 13:38:27 - [TEST_STEP][PASSED] - setText: Finding Test Object with id 'Object Repository/MOH AND GRN/Page_KDMC - CMS/input_txtmrp'

2018-05-14 13:38:27 - [TEST_STEP][PASSED] - Statement - switch (id): Finding Test Object with id 'Object Repository/MOH AND GRN/Page_KDMC - CMS/input_txtdeal'

2018-05-14 13:38:27 - [TEST_STEP][PASSED] - Statement - case 4:: Text '19.0' is set on object 'Object Repository/MOH AND GRN/Page_KDMC - CMS/input_txtmrp'

2018-05-14 13:38:27 - [TEST_STEP][PASSED] - Statement - return (java.lang.Math.floor((java.lang.Math.random() * ((max - min) + 1))) + min): Text '19.0' is set on object 'Object Repository/MOH AND GRN/Page_KDMC - CMS/input_txtmrp'

2018-05-14 13:38:27 - [MESSAGE][PASSED] - Text '19.0' is set on object 'Object Repository/MOH AND GRN/Page_KDMC - CMS/input_txtmrp'

2018-05-14 13:38:27 - [TEST_STEP][PASSED] - setText: Finding Test Object with id 'Object Repository/MOH AND GRN/Page_KDMC - CMS/input_txtdeal'

2018-05-14 13:38:27 - [TEST_STEP][PASSED] - Statement - switch (id): Finding Test Object with id 'Object Repository/MOH AND GRN/Page_KDMC - CMS/input_txtbatchno'

2018-05-14 13:38:27 - [TEST_STEP][PASSED] - Statement - case 5:: Text '9.0' is set on object 'Object Repository/MOH AND GRN/Page_KDMC - CMS/input_txtdeal'

2018-05-14 13:38:27 - [TEST_STEP][PASSED] - Statement - return (java.lang.Math.floor((java.lang.Math.random() * ((max - min) + 1))) + min): Text '9.0' is set on object 'Object Repository/MOH AND GRN/Page_KDMC - CMS/input_txtdeal'

2018-05-14 13:38:27 - [MESSAGE][PASSED] - Text '9.0' is set on object 'Object Repository/MOH AND GRN/Page_KDMC - CMS/input_txtdeal'

2018-05-14 13:38:27 - [TEST_STEP][PASSED] - setText: Finding Test Object with id 'Object Repository/MOH AND GRN/Page_KDMC - CMS/input_txtbatchno'

2018-05-14 13:38:27 - [TEST_STEP][PASSED] - Statement - switch (id): Finding Test Object with id 'Object Repository/MOH AND GRN/Page_KDMC - CMS/input_txtmrp'

2018-05-14 13:38:27 - [TEST_STEP][PASSED] - Statement - case 1:: Text 'BA699.0' is set on object 'Object Repository/MOH AND GRN/Page_KDMC - CMS/input_txtbatchno'

2018-05-14 13:38:27 - [TEST_STEP][PASSED] - Statement - return (java.lang.Math.floor((java.lang.Math.random() * ((max - min) + 1))) + min): Text 'BA699.0' is set on object 'Object Repository/MOH AND GRN/Page_KDMC - CMS/input_txtbatchno'

2018-05-14 13:38:27 - [MESSAGE][PASSED] - Text 'BA699.0' is set on object 'Object Repository/MOH AND GRN/Page_KDMC - CMS/input_txtbatchno'

2018-05-14 13:38:27 - [TEST_STEP][PASSED] - rightClick: Object: 'Object Repository/GRN/Page_KDMC - CMS/input_txtexpdate' is right clicked on

2018-05-14 13:38:27 - [MESSAGE][PASSED] - Object: 'Object Repository/GRN/Page_KDMC - CMS/input_txtexpdate' is right clicked on

2018-05-14 13:38:27 - [TEST_STEP][PASSED] - selectOptionByIndex: All options with index in [8] are selected on object 'Object Repository/GRN/Page_KDMC - CMS/select_20182019202020212022202'

2018-05-14 13:38:27 - [MESSAGE][PASSED] - All options with index in [8] are selected on object 'Object Repository/GRN/Page_KDMC - CMS/select_20182019202020212022202'

2018-05-14 13:38:27 - [TEST_STEP][PASSED] - selectOptionByIndex: All options with index in [8] are selected on object 'Object Repository/GRN/Page_KDMC - CMS/select_JanFebMarAprMayJunJulAu'

2018-05-14 13:38:28 - [MESSAGE][PASSED] - All options with index in [8] are selected on object 'Object Repository/GRN/Page_KDMC - CMS/select_JanFebMarAprMayJunJulAu'

2018-05-14 13:38:28 - [TEST_STEP][PASSED] - click: Object: 'Object Repository/MOH AND GRN/Page_KDMC - CMS/a_12' is clicked on

2018-05-14 13:38:28 - [MESSAGE][PASSED] - Object: 'Object Repository/MOH AND GRN/Page_KDMC - CMS/a_12' is clicked on

2018-05-14 13:38:28 - [TEST_STEP][PASSED] - click: Object: 'Object Repository/MOH AND GRN/Page_KDMC - CMS/input_btnadd' is clicked on

2018-05-14 13:38:28 - [MESSAGE][PASSED] - Object: 'Object Repository/MOH AND GRN/Page_KDMC - CMS/input_btnadd' is clicked on

2018-05-14 13:38:28 - [TEST_STEP][PASSED] - Statement - If (s == 10): null

2018-05-14 13:38:28 - [TEST_STEP][PASSED] - Statement - Else: null

2018-05-14 13:38:28 - [TEST_STEP][PASSED] - Statement - (s++): null

2018-05-14 13:38:28 - [TEST_STEP][PASSED] - delay: Delayed 1 second(s)

2018-05-14 13:38:29 - [MESSAGE][PASSED] - Delayed 1 second(s)

2018-05-14 13:38:29 - [TEST_STEP][PASSED] - selectOptionByIndex: All options with index in [19] are selected on object 'Object Repository/MOH AND GRN/Page_KDMC - CMS/select_--Select--Amikacin -500'

2018-05-14 13:38:29 - [MESSAGE][PASSED] - All options with index in [19] are selected on object 'Object Repository/MOH AND GRN/Page_KDMC - CMS/select_--Select--Amikacin -500'

2018-05-14 13:38:29 - [TEST_STEP][PASSED] - setText: Text '5000' is set on object 'Object Repository/MOH AND GRN/Page_KDMC - CMS/input_txtqty'

2018-05-14 13:38:29 - [MESSAGE][PASSED] - Text '5000' is set on object 'Object Repository/MOH AND GRN/Page_KDMC - CMS/input_txtqty'

2018-05-14 13:38:29 - [TEST_STEP][PASSED] - selectOptionByIndex: All options with index in [1] are selected on object 'Object Repository/MOH AND GRN/Page_KDMC - CMS/select_--Select--No Tax0'

2018-05-14 13:38:29 - [MESSAGE][PASSED] - All options with index in [1] are selected on object 'Object Repository/MOH AND GRN/Page_KDMC - CMS/select_--Select--No Tax0'

2018-05-14 13:38:29 - [TEST_STEP][PASSED] - setText: Finding Test Object with id 'Object Repository/MOH AND GRN/Page_KDMC - CMS/input_txtmrp'

2018-05-14 13:38:29 - [TEST_STEP][PASSED] - Statement - switch (id): Finding Test Object with id 'Object Repository/MOH AND GRN/Page_KDMC - CMS/input_txtdeal'

2018-05-14 13:38:29 - [TEST_STEP][PASSED] - Statement - case 4:: Text '23.0' is set on object 'Object Repository/MOH AND GRN/Page_KDMC - CMS/input_txtmrp'

2018-05-14 13:38:29 - [TEST_STEP][PASSED] - Statement - return (java.lang.Math.floor((java.lang.Math.random() * ((max - min) + 1))) + min): Text '23.0' is set on object 'Object Repository/MOH AND GRN/Page_KDMC - CMS/input_txtmrp'

2018-05-14 13:38:30 - [MESSAGE][PASSED] - Text '23.0' is set on object 'Object Repository/MOH AND GRN/Page_KDMC - CMS/input_txtmrp'

2018-05-14 13:38:30 - [TEST_STEP][PASSED] - setText: Finding Test Object with id 'Object Repository/MOH AND GRN/Page_KDMC - CMS/input_txtdeal'

2018-05-14 13:38:30 - [TEST_STEP][PASSED] - Statement - switch (id): Finding Test Object with id 'Object Repository/MOH AND GRN/Page_KDMC - CMS/input_txtbatchno'

2018-05-14 13:38:30 - [TEST_STEP][PASSED] - Statement - case 5:: Text '12.0' is set on object 'Object Repository/MOH AND GRN/Page_KDMC - CMS/input_txtdeal'

2018-05-14 13:38:30 - [TEST_STEP][PASSED] - Statement - return (java.lang.Math.floor((java.lang.Math.random() * ((max - min) + 1))) + min): Text '12.0' is set on object 'Object Repository/MOH AND GRN/Page_KDMC - CMS/input_txtdeal'

2018-05-14 13:38:30 - [MESSAGE][PASSED] - Text '12.0' is set on object 'Object Repository/MOH AND GRN/Page_KDMC - CMS/input_txtdeal'

2018-05-14 13:38:30 - [TEST_STEP][PASSED] - setText: Finding Test Object with id 'Object Repository/MOH AND GRN/Page_KDMC - CMS/input_txtbatchno'

2018-05-14 13:38:30 - [TEST_STEP][PASSED] - Statement - switch (id): Finding Test Object with id 'Object Repository/MOH AND GRN/Page_KDMC - CMS/input_txtmrp'

2018-05-14 13:38:30 - [TEST_STEP][PASSED] - Statement - case 1:: Text 'BA161.0' is set on object 'Object Repository/MOH AND GRN/Page_KDMC - CMS/input_txtbatchno'

2018-05-14 13:38:30 - [TEST_STEP][PASSED] - Statement - return (java.lang.Math.floor((java.lang.Math.random() * ((max - min) + 1))) + min): Text 'BA161.0' is set on object 'Object Repository/MOH AND GRN/Page_KDMC - CMS/input_txtbatchno'

2018-05-14 13:38:30 - [MESSAGE][PASSED] - Text 'BA161.0' is set on object 'Object Repository/MOH AND GRN/Page_KDMC - CMS/input_txtbatchno'

2018-05-14 13:38:30 - [TEST_STEP][PASSED] - rightClick: Object: 'Object Repository/GRN/Page_KDMC - CMS/input_txtexpdate' is right clicked on

2018-05-14 13:38:30 - [MESSAGE][PASSED] - Object: 'Object Repository/GRN/Page_KDMC - CMS/input_txtexpdate' is right clicked on

2018-05-14 13:38:30 - [TEST_STEP][PASSED] - selectOptionByIndex: All options with index in [9] are selected on object 'Object Repository/GRN/Page_KDMC - CMS/select_20182019202020212022202'

2018-05-14 13:38:30 - [MESSAGE][PASSED] - All options with index in [9] are selected on object 'Object Repository/GRN/Page_KDMC - CMS/select_20182019202020212022202'

2018-05-14 13:38:30 - [TEST_STEP][PASSED] - selectOptionByIndex: All options with index in [9] are selected on object 'Object Repository/GRN/Page_KDMC - CMS/select_JanFebMarAprMayJunJulAu'

2018-05-14 13:38:30 - [MESSAGE][PASSED] - All options with index in [9] are selected on object 'Object Repository/GRN/Page_KDMC - CMS/select_JanFebMarAprMayJunJulAu'

2018-05-14 13:38:30 - [TEST_STEP][PASSED] - click: Object: 'Object Repository/MOH AND GRN/Page_KDMC - CMS/a_12' is clicked on

2018-05-14 13:38:31 - [MESSAGE][PASSED] - Object: 'Object Repository/MOH AND GRN/Page_KDMC - CMS/a_12' is clicked on

2018-05-14 13:38:31 - [TEST_STEP][PASSED] - click: Object: 'Object Repository/MOH AND GRN/Page_KDMC - CMS/input_btnadd' is clicked on

2018-05-14 13:38:31 - [MESSAGE][PASSED] - Object: 'Object Repository/MOH AND GRN/Page_KDMC - CMS/input_btnadd' is clicked on

2018-05-14 13:38:31 - [TEST_STEP][PASSED] - Statement - If (s == 10): null

2018-05-14 13:38:31 - [TEST_STEP][PASSED] - Statement - Else: null

2018-05-14 13:38:31 - [TEST_STEP][PASSED] - Statement - (s++): null

2018-05-14 13:38:31 - [TEST_STEP][PASSED] - delay: Delayed 1 second(s)

2018-05-14 13:38:32 - [MESSAGE][PASSED] - Delayed 1 second(s)

2018-05-14 13:38:32 - [TEST_STEP][PASSED] - selectOptionByIndex: All options with index in [20] are selected on object 'Object Repository/MOH AND GRN/Page_KDMC - CMS/select_--Select--Amikacin -500'

2018-05-14 13:38:32 - [MESSAGE][PASSED] - All options with index in [20] are selected on object 'Object Repository/MOH AND GRN/Page_KDMC - CMS/select_--Select--Amikacin -500'

2018-05-14 13:38:32 - [TEST_STEP][PASSED] - setText: Text '5000' is set on object 'Object Repository/MOH AND GRN/Page_KDMC - CMS/input_txtqty'

2018-05-14 13:38:32 - [MESSAGE][PASSED] - Text '5000' is set on object 'Object Repository/MOH AND GRN/Page_KDMC - CMS/input_txtqty'

2018-05-14 13:38:32 - [TEST_STEP][PASSED] - selectOptionByIndex: All options with index in [1] are selected on object 'Object Repository/MOH AND GRN/Page_KDMC - CMS/select_--Select--No Tax0'

2018-05-14 13:38:32 - [MESSAGE][PASSED] - All options with index in [1] are selected on object 'Object Repository/MOH AND GRN/Page_KDMC - CMS/select_--Select--No Tax0'

2018-05-14 13:38:32 - [TEST_STEP][PASSED] - setText: Finding Test Object with id 'Object Repository/MOH AND GRN/Page_KDMC - CMS/input_txtmrp'

2018-05-14 13:38:32 - [TEST_STEP][PASSED] - Statement - switch (id): Finding Test Object with id 'Object Repository/MOH AND GRN/Page_KDMC - CMS/input_txtdeal'

2018-05-14 13:38:32 - [TEST_STEP][PASSED] - Statement - case 4:: Text '41.0' is set on object 'Object Repository/MOH AND GRN/Page_KDMC - CMS/input_txtmrp'

2018-05-14 13:38:32 - [TEST_STEP][PASSED] - Statement - return (java.lang.Math.floor((java.lang.Math.random() * ((max - min) + 1))) + min): Text '41.0' is set on object 'Object Repository/MOH AND GRN/Page_KDMC - CMS/input_txtmrp'

2018-05-14 13:38:32 - [MESSAGE][PASSED] - Text '41.0' is set on object 'Object Repository/MOH AND GRN/Page_KDMC - CMS/input_txtmrp'

2018-05-14 13:38:32 - [TEST_STEP][PASSED] - setText: Finding Test Object with id 'Object Repository/MOH AND GRN/Page_KDMC - CMS/input_txtdeal'

2018-05-14 13:38:32 - [TEST_STEP][PASSED] - Statement - switch (id): Finding Test Object with id 'Object Repository/MOH AND GRN/Page_KDMC - CMS/input_txtbatchno'

2018-05-14 13:38:32 - [TEST_STEP][PASSED] - Statement - case 5:: Text '7.0' is set on object 'Object Repository/MOH AND GRN/Page_KDMC - CMS/input_txtdeal'

2018-05-14 13:38:32 - [TEST_STEP][PASSED] - Statement - return (java.lang.Math.floor((java.lang.Math.random() * ((max - min) + 1))) + min): Text '7.0' is set on object 'Object Repository/MOH AND GRN/Page_KDMC - CMS/input_txtdeal'

2018-05-14 13:38:32 - [MESSAGE][PASSED] - Text '7.0' is set on object 'Object Repository/MOH AND GRN/Page_KDMC - CMS/input_txtdeal'

2018-05-14 13:38:32 - [TEST_STEP][PASSED] - setText: Finding Test Object with id 'Object Repository/MOH AND GRN/Page_KDMC - CMS/input_txtbatchno'

2018-05-14 13:38:32 - [TEST_STEP][PASSED] - Statement - switch (id): Finding Test Object with id 'Object Repository/MOH AND GRN/Page_KDMC - CMS/input_txtmrp'

2018-05-14 13:38:32 - [TEST_STEP][PASSED] - Statement - case 1:: Text 'BA303.0' is set on object 'Object Repository/MOH AND GRN/Page_KDMC - CMS/input_txtbatchno'

2018-05-14 13:38:32 - [TEST_STEP][PASSED] - Statement - return (java.lang.Math.floor((java.lang.Math.random() * ((max - min) + 1))) + min): Text 'BA303.0' is set on object 'Object Repository/MOH AND GRN/Page_KDMC - CMS/input_txtbatchno'

2018-05-14 13:38:32 - [MESSAGE][PASSED] - Text 'BA303.0' is set on object 'Object Repository/MOH AND GRN/Page_KDMC - CMS/input_txtbatchno'

2018-05-14 13:38:32 - [TEST_STEP][PASSED] - rightClick: Object: 'Object Repository/GRN/Page_KDMC - CMS/input_txtexpdate' is right clicked on

2018-05-14 13:38:33 - [MESSAGE][PASSED] - Object: 'Object Repository/GRN/Page_KDMC - CMS/input_txtexpdate' is right clicked on

2018-05-14 13:38:33 - [TEST_STEP][PASSED] - selectOptionByIndex: All options with index in [10] are selected on object 'Object Repository/GRN/Page_KDMC - CMS/select_20182019202020212022202'

2018-05-14 13:38:33 - [MESSAGE][PASSED] - All options with index in [10] are selected on object 'Object Repository/GRN/Page_KDMC - CMS/select_20182019202020212022202'

2018-05-14 13:38:33 - [TEST_STEP][PASSED] - selectOptionByIndex: All options with index in [10] are selected on object 'Object Repository/GRN/Page_KDMC - CMS/select_JanFebMarAprMayJunJulAu'

2018-05-14 13:38:33 - [MESSAGE][PASSED] - All options with index in [10] are selected on object 'Object Repository/GRN/Page_KDMC - CMS/select_JanFebMarAprMayJunJulAu'

2018-05-14 13:38:33 - [TEST_STEP][PASSED] - click: Object: 'Object Repository/MOH AND GRN/Page_KDMC - CMS/a_12' is clicked on

2018-05-14 13:38:33 - [MESSAGE][PASSED] - Object: 'Object Repository/MOH AND GRN/Page_KDMC - CMS/a_12' is clicked on

2018-05-14 13:38:33 - [TEST_STEP][PASSED] - click: Object: 'Object Repository/MOH AND GRN/Page_KDMC - CMS/input_btnadd' is clicked on

2018-05-14 13:38:33 - [MESSAGE][PASSED] - Object: 'Object Repository/MOH AND GRN/Page_KDMC - CMS/input_btnadd' is clicked on

2018-05-14 13:38:33 - [TEST_STEP][PASSED] - Statement - If (s == 10): null

2018-05-14 13:38:33 - [TEST_STEP][PASSED] - Statement - s = 1: null

2018-05-14 13:38:33 - [TEST_STEP][PASSED] - delay: Delayed 1 second(s)

2018-05-14 13:38:34 - [MESSAGE][PASSED] - Delayed 1 second(s)

2018-05-14 13:38:34 - [TEST_STEP][PASSED] - selectOptionByIndex: All options with index in [21] are selected on object 'Object Repository/MOH AND GRN/Page_KDMC - CMS/select_--Select--Amikacin -500'

2018-05-14 13:38:35 - [MESSAGE][PASSED] - All options with index in [21] are selected on object 'Object Repository/MOH AND GRN/Page_KDMC - CMS/select_--Select--Amikacin -500'

2018-05-14 13:38:35 - [TEST_STEP][PASSED] - setText: Text '5000' is set on object 'Object Repository/MOH AND GRN/Page_KDMC - CMS/input_txtqty'

2018-05-14 13:38:35 - [MESSAGE][PASSED] - Text '5000' is set on object 'Object Repository/MOH AND GRN/Page_KDMC - CMS/input_txtqty'

2018-05-14 13:38:35 - [TEST_STEP][PASSED] - selectOptionByIndex: All options with index in [1] are selected on object 'Object Repository/MOH AND GRN/Page_KDMC - CMS/select_--Select--No Tax0'

2018-05-14 13:38:35 - [MESSAGE][PASSED] - All options with index in [1] are selected on object 'Object Repository/MOH AND GRN/Page_KDMC - CMS/select_--Select--No Tax0'

2018-05-14 13:38:35 - [TEST_STEP][PASSED] - setText: Finding Test Object with id 'Object Repository/MOH AND GRN/Page_KDMC - CMS/input_txtmrp'

2018-05-14 13:38:35 - [TEST_STEP][PASSED] - Statement - switch (id): Finding Test Object with id 'Object Repository/MOH AND GRN/Page_KDMC - CMS/input_txtdeal'

2018-05-14 13:38:35 - [TEST_STEP][PASSED] - Statement - case 4:: Text '35.0' is set on object 'Object Repository/MOH AND GRN/Page_KDMC - CMS/input_txtmrp'

2018-05-14 13:38:35 - [TEST_STEP][PASSED] - Statement - return (java.lang.Math.floor((java.lang.Math.random() * ((max - min) + 1))) + min): Text '35.0' is set on object 'Object Repository/MOH AND GRN/Page_KDMC - CMS/input_txtmrp'

2018-05-14 13:38:35 - [MESSAGE][PASSED] - Text '35.0' is set on object 'Object Repository/MOH AND GRN/Page_KDMC - CMS/input_txtmrp'

2018-05-14 13:38:35 - [TEST_STEP][PASSED] - setText: Finding Test Object with id 'Object Repository/MOH AND GRN/Page_KDMC - CMS/input_txtdeal'

2018-05-14 13:38:35 - [TEST_STEP][PASSED] - Statement - switch (id): Finding Test Object with id 'Object Repository/MOH AND GRN/Page_KDMC - CMS/input_txtbatchno'

2018-05-14 13:38:35 - [TEST_STEP][PASSED] - Statement - case 5:: Text '2.0' is set on object 'Object Repository/MOH AND GRN/Page_KDMC - CMS/input_txtdeal'

2018-05-14 13:38:35 - [TEST_STEP][PASSED] - Statement - return (java.lang.Math.floor((java.lang.Math.random() * ((max - min) + 1))) + min): Text '2.0' is set on object 'Object Repository/MOH AND GRN/Page_KDMC - CMS/input_txtdeal'

2018-05-14 13:38:35 - [MESSAGE][PASSED] - Text '2.0' is set on object 'Object Repository/MOH AND GRN/Page_KDMC - CMS/input_txtdeal'

2018-05-14 13:38:35 - [TEST_STEP][PASSED] - setText: Finding Test Object with id 'Object Repository/MOH AND GRN/Page_KDMC - CMS/input_txtbatchno'

2018-05-14 13:38:35 - [TEST_STEP][PASSED] - Statement - switch (id): Finding Test Object with id 'Object Repository/MOH AND GRN/Page_KDMC - CMS/input_txtmrp'

2018-05-14 13:38:35 - [TEST_STEP][PASSED] - Statement - case 1:: Text 'BA749.0' is set on object 'Object Repository/MOH AND GRN/Page_KDMC - CMS/input_txtbatchno'

2018-05-14 13:38:35 - [TEST_STEP][PASSED] - Statement - return (java.lang.Math.floor((java.lang.Math.random() * ((max - min) + 1))) + min): Text 'BA749.0' is set on object 'Object Repository/MOH AND GRN/Page_KDMC - CMS/input_txtbatchno'

2018-05-14 13:38:35 - [MESSAGE][PASSED] - Text 'BA749.0' is set on object 'Object Repository/MOH AND GRN/Page_KDMC - CMS/input_txtbatchno'

2018-05-14 13:38:35 - [TEST_STEP][PASSED] - rightClick: Object: 'Object Repository/GRN/Page_KDMC - CMS/input_txtexpdate' is right clicked on

2018-05-14 13:38:35 - [MESSAGE][PASSED] - Object: 'Object Repository/GRN/Page_KDMC - CMS/input_txtexpdate' is right clicked on

2018-05-14 13:38:35 - [TEST_STEP][PASSED] - selectOptionByIndex: All options with index in [1] are selected on object 'Object Repository/GRN/Page_KDMC - CMS/select_20182019202020212022202'

2018-05-14 13:38:35 - [MESSAGE][PASSED] - All options with index in [1] are selected on object 'Object Repository/GRN/Page_KDMC - CMS/select_20182019202020212022202'

2018-05-14 13:38:35 - [TEST_STEP][PASSED] - selectOptionByIndex: All options with index in [1] are selected on object 'Object Repository/GRN/Page_KDMC - CMS/select_JanFebMarAprMayJunJulAu'

2018-05-14 13:38:36 - [MESSAGE][PASSED] - All options with index in [1] are selected on object 'Object Repository/GRN/Page_KDMC - CMS/select_JanFebMarAprMayJunJulAu'

2018-05-14 13:38:36 - [TEST_STEP][PASSED] - click: Object: 'Object Repository/MOH AND GRN/Page_KDMC - CMS/a_12' is clicked on

2018-05-14 13:38:36 - [MESSAGE][PASSED] - Object: 'Object Repository/MOH AND GRN/Page_KDMC - CMS/a_12' is clicked on

2018-05-14 13:38:36 - [TEST_STEP][PASSED] - click: Object: 'Object Repository/MOH AND GRN/Page_KDMC - CMS/input_btnadd' is clicked on

2018-05-14 13:38:36 - [MESSAGE][PASSED] - Object: 'Object Repository/MOH AND GRN/Page_KDMC - CMS/input_btnadd' is clicked on

2018-05-14 13:38:36 - [TEST_STEP][PASSED] - Statement - If (s == 10): null

2018-05-14 13:38:36 - [TEST_STEP][PASSED] - Statement - Else: null

2018-05-14 13:38:36 - [TEST_STEP][PASSED] - Statement - (s++): null

2018-05-14 13:38:36 - [TEST_STEP][PASSED] - delay: Delayed 1 second(s)

2018-05-14 13:38:37 - [MESSAGE][PASSED] - Delayed 1 second(s)

2018-05-14 13:38:37 - [TEST_STEP][PASSED] - selectOptionByIndex: All options with index in [22] are selected on object 'Object Repository/MOH AND GRN/Page_KDMC - CMS/select_--Select--Amikacin -500'

2018-05-14 13:38:37 - [MESSAGE][PASSED] - All options with index in [22] are selected on object 'Object Repository/MOH AND GRN/Page_KDMC - CMS/select_--Select--Amikacin -500'

2018-05-14 13:38:37 - [TEST_STEP][PASSED] - setText: Text '5000' is set on object 'Object Repository/MOH AND GRN/Page_KDMC - CMS/input_txtqty'

2018-05-14 13:38:37 - [MESSAGE][PASSED] - Text '5000' is set on object 'Object Repository/MOH AND GRN/Page_KDMC - CMS/input_txtqty'

2018-05-14 13:38:37 - [TEST_STEP][PASSED] - selectOptionByIndex: All options with index in [1] are selected on object 'Object Repository/MOH AND GRN/Page_KDMC - CMS/select_--Select--No Tax0'

2018-05-14 13:38:37 - [MESSAGE][PASSED] - All options with index in [1] are selected on object 'Object Repository/MOH AND GRN/Page_KDMC - CMS/select_--Select--No Tax0'

2018-05-14 13:38:37 - [TEST_STEP][PASSED] - setText: Finding Test Object with id 'Object Repository/MOH AND GRN/Page_KDMC - CMS/input_txtmrp'

2018-05-14 13:38:37 - [TEST_STEP][PASSED] - Statement - switch (id): Finding Test Object with id 'Object Repository/MOH AND GRN/Page_KDMC - CMS/input_txtdeal'

2018-05-14 13:38:37 - [TEST_STEP][PASSED] - Statement - case 4:: Text '28.0' is set on object 'Object Repository/MOH AND GRN/Page_KDMC - CMS/input_txtmrp'

2018-05-14 13:38:37 - [TEST_STEP][PASSED] - Statement - return (java.lang.Math.floor((java.lang.Math.random() * ((max - min) + 1))) + min): Text '28.0' is set on object 'Object Repository/MOH AND GRN/Page_KDMC - CMS/input_txtmrp'

2018-05-14 13:38:37 - [MESSAGE][PASSED] - Text '28.0' is set on object 'Object Repository/MOH AND GRN/Page_KDMC - CMS/input_txtmrp'

2018-05-14 13:38:37 - [TEST_STEP][PASSED] - setText: Finding Test Object with id 'Object Repository/MOH AND GRN/Page_KDMC - CMS/input_txtdeal'

2018-05-14 13:38:37 - [TEST_STEP][PASSED] - Statement - switch (id): Finding Test Object with id 'Object Repository/MOH AND GRN/Page_KDMC - CMS/input_txtbatchno'

2018-05-14 13:38:37 - [TEST_STEP][PASSED] - Statement - case 5:: Text '12.0' is set on object 'Object Repository/MOH AND GRN/Page_KDMC - CMS/input_txtdeal'

2018-05-14 13:38:37 - [TEST_STEP][PASSED] - Statement - return (java.lang.Math.floor((java.lang.Math.random() * ((max - min) + 1))) + min): Text '12.0' is set on object 'Object Repository/MOH AND GRN/Page_KDMC - CMS/input_txtdeal'

2018-05-14 13:38:38 - [MESSAGE][PASSED] - Text '12.0' is set on object 'Object Repository/MOH AND GRN/Page_KDMC - CMS/input_txtdeal'

2018-05-14 13:38:38 - [TEST_STEP][PASSED] - setText: Finding Test Object with id 'Object Repository/MOH AND GRN/Page_KDMC - CMS/input_txtbatchno'

2018-05-14 13:38:38 - [TEST_STEP][PASSED] - Statement - switch (id): Finding Test Object with id 'Object Repository/MOH AND GRN/Page_KDMC - CMS/input_txtmrp'

2018-05-14 13:38:38 - [TEST_STEP][PASSED] - Statement - case 1:: Text 'BA966.0' is set on object 'Object Repository/MOH AND GRN/Page_KDMC - CMS/input_txtbatchno'

2018-05-14 13:38:38 - [TEST_STEP][PASSED] - Statement - return (java.lang.Math.floor((java.lang.Math.random() * ((max - min) + 1))) + min): Text 'BA966.0' is set on object 'Object Repository/MOH AND GRN/Page_KDMC - CMS/input_txtbatchno'

2018-05-14 13:38:38 - [MESSAGE][PASSED] - Text 'BA966.0' is set on object 'Object Repository/MOH AND GRN/Page_KDMC - CMS/input_txtbatchno'

2018-05-14 13:38:38 - [TEST_STEP][PASSED] - rightClick: Object: 'Object Repository/GRN/Page_KDMC - CMS/input_txtexpdate' is right clicked on

2018-05-14 13:38:38 - [MESSAGE][PASSED] - Object: 'Object Repository/GRN/Page_KDMC - CMS/input_txtexpdate' is right clicked on

2018-05-14 13:38:38 - [TEST_STEP][PASSED] - selectOptionByIndex: All options with index in [2] are selected on object 'Object Repository/GRN/Page_KDMC - CMS/select_20182019202020212022202'

2018-05-14 13:38:38 - [MESSAGE][PASSED] - All options with index in [2] are selected on object 'Object Repository/GRN/Page_KDMC - CMS/select_20182019202020212022202'

2018-05-14 13:38:38 - [TEST_STEP][PASSED] - selectOptionByIndex: All options with index in [2] are selected on object 'Object Repository/GRN/Page_KDMC - CMS/select_JanFebMarAprMayJunJulAu'

2018-05-14 13:38:38 - [MESSAGE][PASSED] - All options with index in [2] are selected on object 'Object Repository/GRN/Page_KDMC - CMS/select_JanFebMarAprMayJunJulAu'

2018-05-14 13:38:38 - [TEST_STEP][PASSED] - click: Object: 'Object Repository/MOH AND GRN/Page_KDMC - CMS/a_12' is clicked on

2018-05-14 13:38:38 - [MESSAGE][PASSED] - Object: 'Object Repository/MOH AND GRN/Page_KDMC - CMS/a_12' is clicked on

2018-05-14 13:38:38 - [TEST_STEP][PASSED] - click: Object: 'Object Repository/MOH AND GRN/Page_KDMC - CMS/input_btnadd' is clicked on

2018-05-14 13:38:38 - [MESSAGE][PASSED] - Object: 'Object Repository/MOH AND GRN/Page_KDMC - CMS/input_btnadd' is clicked on

2018-05-14 13:38:38 - [TEST_STEP][PASSED] - Statement - If (s == 10): null

2018-05-14 13:38:38 - [TEST_STEP][PASSED] - Statement - Else: null

2018-05-14 13:38:38 - [TEST_STEP][PASSED] - Statement - (s++): null

2018-05-14 13:38:38 - [TEST_STEP][PASSED] - delay: Delayed 1 second(s)

2018-05-14 13:38:39 - [MESSAGE][PASSED] - Delayed 1 second(s)

2018-05-14 13:38:39 - [TEST_STEP][PASSED] - selectOptionByIndex: All options with index in [23] are selected on object 'Object Repository/MOH AND GRN/Page_KDMC - CMS/select_--Select--Amikacin -500'

2018-05-14 13:38:40 - [MESSAGE][PASSED] - All options with index in [23] are selected on object 'Object Repository/MOH AND GRN/Page_KDMC - CMS/select_--Select--Amikacin -500'

2018-05-14 13:38:40 - [TEST_STEP][PASSED] - setText: Text '5000' is set on object 'Object Repository/MOH AND GRN/Page_KDMC - CMS/input_txtqty'

2018-05-14 13:38:40 - [MESSAGE][PASSED] - Text '5000' is set on object 'Object Repository/MOH AND GRN/Page_KDMC - CMS/input_txtqty'

2018-05-14 13:38:40 - [TEST_STEP][PASSED] - selectOptionByIndex: All options with index in [1] are selected on object 'Object Repository/MOH AND GRN/Page_KDMC - CMS/select_--Select--No Tax0'

2018-05-14 13:38:40 - [MESSAGE][PASSED] - All options with index in [1] are selected on object 'Object Repository/MOH AND GRN/Page_KDMC - CMS/select_--Select--No Tax0'

2018-05-14 13:38:40 - [TEST_STEP][PASSED] - setText: Finding Test Object with id 'Object Repository/MOH AND GRN/Page_KDMC - CMS/input_txtmrp'

2018-05-14 13:38:40 - [TEST_STEP][PASSED] - Statement - switch (id): Finding Test Object with id 'Object Repository/MOH AND GRN/Page_KDMC - CMS/input_txtdeal'

2018-05-14 13:38:40 - [TEST_STEP][PASSED] - Statement - case 4:: Text '38.0' is set on object 'Object Repository/MOH AND GRN/Page_KDMC - CMS/input_txtmrp'

2018-05-14 13:38:40 - [TEST_STEP][PASSED] - Statement - return (java.lang.Math.floor((java.lang.Math.random() * ((max - min) + 1))) + min): Text '38.0' is set on object 'Object Repository/MOH AND GRN/Page_KDMC - CMS/input_txtmrp'

2018-05-14 13:38:40 - [MESSAGE][PASSED] - Text '38.0' is set on object 'Object Repository/MOH AND GRN/Page_KDMC - CMS/input_txtmrp'

2018-05-14 13:38:40 - [TEST_STEP][PASSED] - setText: Finding Test Object with id 'Object Repository/MOH AND GRN/Page_KDMC - CMS/input_txtdeal'

2018-05-14 13:38:40 - [TEST_STEP][PASSED] - Statement - switch (id): Finding Test Object with id 'Object Repository/MOH AND GRN/Page_KDMC - CMS/input_txtbatchno'

2018-05-14 13:38:40 - [TEST_STEP][PASSED] - Statement - case 5:: Text '10.0' is set on object 'Object Repository/MOH AND GRN/Page_KDMC - CMS/input_txtdeal'

2018-05-14 13:38:40 - [TEST_STEP][PASSED] - Statement - return (java.lang.Math.floor((java.lang.Math.random() * ((max - min) + 1))) + min): Text '10.0' is set on object 'Object Repository/MOH AND GRN/Page_KDMC - CMS/input_txtdeal'

2018-05-14 13:38:40 - [MESSAGE][PASSED] - Text '10.0' is set on object 'Object Repository/MOH AND GRN/Page_KDMC - CMS/input_txtdeal'

2018-05-14 13:38:40 - [TEST_STEP][PASSED] - setText: Finding Test Object with id 'Object Repository/MOH AND GRN/Page_KDMC - CMS/input_txtbatchno'

2018-05-14 13:38:40 - [TEST_STEP][PASSED] - Statement - switch (id): Finding Test Object with id 'Object Repository/MOH AND GRN/Page_KDMC - CMS/input_txtmrp'

2018-05-14 13:38:40 - [TEST_STEP][PASSED] - Statement - case 1:: Text 'BA302.0' is set on object 'Object Repository/MOH AND GRN/Page_KDMC - CMS/input_txtbatchno'

2018-05-14 13:38:40 - [TEST_STEP][PASSED] - Statement - return (java.lang.Math.floor((java.lang.Math.random() * ((max - min) + 1))) + min): Text 'BA302.0' is set on object 'Object Repository/MOH AND GRN/Page_KDMC - CMS/input_txtbatchno'

2018-05-14 13:38:40 - [MESSAGE][PASSED] - Text 'BA302.0' is set on object 'Object Repository/MOH AND GRN/Page_KDMC - CMS/input_txtbatchno'

2018-05-14 13:38:40 - [TEST_STEP][PASSED] - rightClick: Object: 'Object Repository/GRN/Page_KDMC - CMS/input_txtexpdate' is right clicked on

2018-05-14 13:38:40 - [MESSAGE][PASSED] - Object: 'Object Repository/GRN/Page_KDMC - CMS/input_txtexpdate' is right clicked on

2018-05-14 13:38:40 - [TEST_STEP][PASSED] - selectOptionByIndex: All options with index in [3] are selected on object 'Object Repository/GRN/Page_KDMC - CMS/select_20182019202020212022202'

2018-05-14 13:38:41 - [MESSAGE][PASSED] - All options with index in [3] are selected on object 'Object Repository/GRN/Page_KDMC - CMS/select_20182019202020212022202'

2018-05-14 13:38:41 - [TEST_STEP][PASSED] - selectOptionByIndex: All options with index in [3] are selected on object 'Object Repository/GRN/Page_KDMC - CMS/select_JanFebMarAprMayJunJulAu'

2018-05-14 13:38:41 - [MESSAGE][PASSED] - All options with index in [3] are selected on object 'Object Repository/GRN/Page_KDMC - CMS/select_JanFebMarAprMayJunJulAu'

2018-05-14 13:38:41 - [TEST_STEP][PASSED] - click: Object: 'Object Repository/MOH AND GRN/Page_KDMC - CMS/a_12' is clicked on

2018-05-14 13:38:41 - [MESSAGE][PASSED] - Object: 'Object Repository/MOH AND GRN/Page_KDMC - CMS/a_12' is clicked on

2018-05-14 13:38:41 - [TEST_STEP][PASSED] - click: Object: 'Object Repository/MOH AND GRN/Page_KDMC - CMS/input_btnadd' is clicked on

2018-05-14 13:38:41 - [MESSAGE][PASSED] - Object: 'Object Repository/MOH AND GRN/Page_KDMC - CMS/input_btnadd' is clicked on

2018-05-14 13:38:41 - [TEST_STEP][PASSED] - Statement - If (s == 10): null

2018-05-14 13:38:41 - [TEST_STEP][PASSED] - Statement - Else: null

2018-05-14 13:38:41 - [TEST_STEP][PASSED] - Statement - (s++): null

2018-05-14 13:38:41 - [TEST_STEP][PASSED] - delay: Delayed 1 second(s)

2018-05-14 13:38:42 - [MESSAGE][PASSED] - Delayed 1 second(s)

2018-05-14 13:38:42 - [TEST_STEP][PASSED] - selectOptionByIndex: All options with index in [24] are selected on object 'Object Repository/MOH AND GRN/Page_KDMC - CMS/select_--Select--Amikacin -500'

2018-05-14 13:38:42 - [MESSAGE][PASSED] - All options with index in [24] are selected on object 'Object Repository/MOH AND GRN/Page_KDMC - CMS/select_--Select--Amikacin -500'

2018-05-14 13:38:42 - [TEST_STEP][PASSED] - setText: Text '5000' is set on object 'Object Repository/MOH AND GRN/Page_KDMC - CMS/input_txtqty'

2018-05-14 13:38:42 - [MESSAGE][PASSED] - Text '5000' is set on object 'Object Repository/MOH AND GRN/Page_KDMC - CMS/input_txtqty'

2018-05-14 13:38:42 - [TEST_STEP][PASSED] - selectOptionByIndex: All options with index in [1] are selected on object 'Object Repository/MOH AND GRN/Page_KDMC - CMS/select_--Select--No Tax0'

2018-05-14 13:38:43 - [MESSAGE][PASSED] - All options with index in [1] are selected on object 'Object Repository/MOH AND GRN/Page_KDMC - CMS/select_--Select--No Tax0'

2018-05-14 13:38:43 - [TEST_STEP][PASSED] - setText: Finding Test Object with id 'Object Repository/MOH AND GRN/Page_KDMC - CMS/input_txtmrp'

2018-05-14 13:38:43 - [TEST_STEP][PASSED] - Statement - switch (id): Finding Test Object with id 'Object Repository/MOH AND GRN/Page_KDMC - CMS/input_txtdeal'

2018-05-14 13:38:43 - [TEST_STEP][PASSED] - Statement - case 4:: Text '37.0' is set on object 'Object Repository/MOH AND GRN/Page_KDMC - CMS/input_txtmrp'

2018-05-14 13:38:43 - [TEST_STEP][PASSED] - Statement - return (java.lang.Math.floor((java.lang.Math.random() * ((max - min) + 1))) + min): Text '37.0' is set on object 'Object Repository/MOH AND GRN/Page_KDMC - CMS/input_txtmrp'

2018-05-14 13:38:43 - [MESSAGE][PASSED] - Text '37.0' is set on object 'Object Repository/MOH AND GRN/Page_KDMC - CMS/input_txtmrp'

2018-05-14 13:38:43 - [TEST_STEP][PASSED] - setText: Finding Test Object with id 'Object Repository/MOH AND GRN/Page_KDMC - CMS/input_txtdeal'

2018-05-14 13:38:43 - [TEST_STEP][PASSED] - Statement - switch (id): Finding Test Object with id 'Object Repository/MOH AND GRN/Page_KDMC - CMS/input_txtbatchno'

2018-05-14 13:38:43 - [TEST_STEP][PASSED] - Statement - case 5:: Text '7.0' is set on object 'Object Repository/MOH AND GRN/Page_KDMC - CMS/input_txtdeal'

2018-05-14 13:38:43 - [TEST_STEP][PASSED] - Statement - return (java.lang.Math.floor((java.lang.Math.random() * ((max - min) + 1))) + min): Text '7.0' is set on object 'Object Repository/MOH AND GRN/Page_KDMC - CMS/input_txtdeal'

2018-05-14 13:38:43 - [MESSAGE][PASSED] - Text '7.0' is set on object 'Object Repository/MOH AND GRN/Page_KDMC - CMS/input_txtdeal'

2018-05-14 13:38:43 - [TEST_STEP][PASSED] - setText: Finding Test Object with id 'Object Repository/MOH AND GRN/Page_KDMC - CMS/input_txtbatchno'

2018-05-14 13:38:43 - [TEST_STEP][PASSED] - Statement - switch (id): Finding Test Object with id 'Object Repository/MOH AND GRN/Page_KDMC - CMS/input_txtmrp'

2018-05-14 13:38:43 - [TEST_STEP][PASSED] - Statement - case 1:: Text 'BA834.0' is set on object 'Object Repository/MOH AND GRN/Page_KDMC - CMS/input_txtbatchno'

2018-05-14 13:38:43 - [TEST_STEP][PASSED] - Statement - return (java.lang.Math.floor((java.lang.Math.random() * ((max - min) + 1))) + min): Text 'BA834.0' is set on object 'Object Repository/MOH AND GRN/Page_KDMC - CMS/input_txtbatchno'

2018-05-14 13:38:43 - [MESSAGE][PASSED] - Text 'BA834.0' is set on object 'Object Repository/MOH AND GRN/Page_KDMC - CMS/input_txtbatchno'

2018-05-14 13:38:43 - [TEST_STEP][PASSED] - rightClick: Object: 'Object Repository/GRN/Page_KDMC - CMS/input_txtexpdate' is right clicked on

2018-05-14 13:38:43 - [MESSAGE][PASSED] - Object: 'Object Repository/GRN/Page_KDMC - CMS/input_txtexpdate' is right clicked on

2018-05-14 13:38:43 - [TEST_STEP][PASSED] - selectOptionByIndex: All options with index in [4] are selected on object 'Object Repository/GRN/Page_KDMC - CMS/select_20182019202020212022202'

2018-05-14 13:38:43 - [MESSAGE][PASSED] - All options with index in [4] are selected on object 'Object Repository/GRN/Page_KDMC - CMS/select_20182019202020212022202'

2018-05-14 13:38:43 - [TEST_STEP][PASSED] - selectOptionByIndex: All options with index in [4] are selected on object 'Object Repository/GRN/Page_KDMC - CMS/select_JanFebMarAprMayJunJulAu'

2018-05-14 13:38:43 - [MESSAGE][PASSED] - All options with index in [4] are selected on object 'Object Repository/GRN/Page_KDMC - CMS/select_JanFebMarAprMayJunJulAu'

2018-05-14 13:38:43 - [TEST_STEP][PASSED] - click: Object: 'Object Repository/MOH AND GRN/Page_KDMC - CMS/a_12' is clicked on

2018-05-14 13:38:43 - [MESSAGE][PASSED] - Object: 'Object Repository/MOH AND GRN/Page_KDMC - CMS/a_12' is clicked on

2018-05-14 13:38:43 - [TEST_STEP][PASSED] - click: Object: 'Object Repository/MOH AND GRN/Page_KDMC - CMS/input_btnadd' is clicked on

2018-05-14 13:38:43 - [MESSAGE][PASSED] - Object: 'Object Repository/MOH AND GRN/Page_KDMC - CMS/input_btnadd' is clicked on

2018-05-14 13:38:43 - [TEST_STEP][PASSED] - Statement - If (s == 10): null

2018-05-14 13:38:43 - [TEST_STEP][PASSED] - Statement - Else: null

2018-05-14 13:38:43 - [TEST_STEP][PASSED] - Statement - (s++): null

2018-05-14 13:38:43 - [TEST_STEP][PASSED] - delay: Delayed 1 second(s)

2018-05-14 13:38:44 - [MESSAGE][PASSED] - Delayed 1 second(s)

2018-05-14 13:38:44 - [TEST_STEP][PASSED] - selectOptionByIndex: All options with index in [25] are selected on object 'Object Repository/MOH AND GRN/Page_KDMC - CMS/select_--Select--Amikacin -500'

2018-05-14 13:38:45 - [MESSAGE][PASSED] - All options with index in [25] are selected on object 'Object Repository/MOH AND GRN/Page_KDMC - CMS/select_--Select--Amikacin -500'

2018-05-14 13:38:45 - [TEST_STEP][PASSED] - setText: Text '5000' is set on object 'Object Repository/MOH AND GRN/Page_KDMC - CMS/input_txtqty'

2018-05-14 13:38:45 - [MESSAGE][PASSED] - Text '5000' is set on object 'Object Repository/MOH AND GRN/Page_KDMC - CMS/input_txtqty'

2018-05-14 13:38:45 - [TEST_STEP][PASSED] - selectOptionByIndex: All options with index in [1] are selected on object 'Object Repository/MOH AND GRN/Page_KDMC - CMS/select_--Select--No Tax0'

2018-05-14 13:38:45 - [MESSAGE][PASSED] - All options with index in [1] are selected on object 'Object Repository/MOH AND GRN/Page_KDMC - CMS/select_--Select--No Tax0'

2018-05-14 13:38:45 - [TEST_STEP][PASSED] - setText: Finding Test Object with id 'Object Repository/MOH AND GRN/Page_KDMC - CMS/input_txtmrp'

2018-05-14 13:38:45 - [TEST_STEP][PASSED] - Statement - switch (id): Finding Test Object with id 'Object Repository/MOH AND GRN/Page_KDMC - CMS/input_txtdeal'

2018-05-14 13:38:45 - [TEST_STEP][PASSED] - Statement - case 4:: Text '37.0' is set on object 'Object Repository/MOH AND GRN/Page_KDMC - CMS/input_txtmrp'

2018-05-14 13:38:45 - [TEST_STEP][PASSED] - Statement - return (java.lang.Math.floor((java.lang.Math.random() * ((max - min) + 1))) + min): Text '37.0' is set on object 'Object Repository/MOH AND GRN/Page_KDMC - CMS/input_txtmrp'

2018-05-14 13:38:45 - [MESSAGE][PASSED] - Text '37.0' is set on object 'Object Repository/MOH AND GRN/Page_KDMC - CMS/input_txtmrp'

2018-05-14 13:38:45 - [TEST_STEP][PASSED] - setText: Finding Test Object with id 'Object Repository/MOH AND GRN/Page_KDMC - CMS/input_txtdeal'

2018-05-14 13:38:45 - [TEST_STEP][PASSED] - Statement - switch (id): Finding Test Object with id 'Object Repository/MOH AND GRN/Page_KDMC - CMS/input_txtbatchno'

2018-05-14 13:38:45 - [TEST_STEP][PASSED] - Statement - case 5:: Text '4.0' is set on object 'Object Repository/MOH AND GRN/Page_KDMC - CMS/input_txtdeal'

2018-05-14 13:38:45 - [TEST_STEP][PASSED] - Statement - return (java.lang.Math.floor((java.lang.Math.random() * ((max - min) + 1))) + min): Text '4.0' is set on object 'Object Repository/MOH AND GRN/Page_KDMC - CMS/input_txtdeal'

2018-05-14 13:38:45 - [MESSAGE][PASSED] - Text '4.0' is set on object 'Object Repository/MOH AND GRN/Page_KDMC - CMS/input_txtdeal'

2018-05-14 13:38:45 - [TEST_STEP][PASSED] - setText: Finding Test Object with id 'Object Repository/MOH AND GRN/Page_KDMC - CMS/input_txtbatchno'

2018-05-14 13:38:45 - [TEST_STEP][PASSED] - Statement - switch (id): Finding Test Object with id 'Object Repository/MOH AND GRN/Page_KDMC - CMS/input_txtmrp'

2018-05-14 13:38:45 - [TEST_STEP][PASSED] - Statement - case 1:: Text 'BA340.0' is set on object 'Object Repository/MOH AND GRN/Page_KDMC - CMS/input_txtbatchno'

2018-05-14 13:38:45 - [TEST_STEP][PASSED] - Statement - return (java.lang.Math.floor((java.lang.Math.random() * ((max - min) + 1))) + min): Text 'BA340.0' is set on object 'Object Repository/MOH AND GRN/Page_KDMC - CMS/input_txtbatchno'

2018-05-14 13:38:45 - [MESSAGE][PASSED] - Text 'BA340.0' is set on object 'Object Repository/MOH AND GRN/Page_KDMC - CMS/input_txtbatchno'

2018-05-14 13:38:45 - [TEST_STEP][PASSED] - rightClick: Object: 'Object Repository/GRN/Page_KDMC - CMS/input_txtexpdate' is right clicked on

2018-05-14 13:38:46 - [MESSAGE][PASSED] - Object: 'Object Repository/GRN/Page_KDMC - CMS/input_txtexpdate' is right clicked on

2018-05-14 13:38:46 - [TEST_STEP][PASSED] - selectOptionByIndex: All options with index in [5] are selected on object 'Object Repository/GRN/Page_KDMC - CMS/select_20182019202020212022202'

2018-05-14 13:38:46 - [MESSAGE][PASSED] - All options with index in [5] are selected on object 'Object Repository/GRN/Page_KDMC - CMS/select_20182019202020212022202'

2018-05-14 13:38:46 - [TEST_STEP][PASSED] - selectOptionByIndex: All options with index in [5] are selected on object 'Object Repository/GRN/Page_KDMC - CMS/select_JanFebMarAprMayJunJulAu'

2018-05-14 13:38:46 - [MESSAGE][PASSED] - All options with index in [5] are selected on object 'Object Repository/GRN/Page_KDMC - CMS/select_JanFebMarAprMayJunJulAu'

2018-05-14 13:38:46 - [TEST_STEP][PASSED] - click: Object: 'Object Repository/MOH AND GRN/Page_KDMC - CMS/a_12' is clicked on

2018-05-14 13:38:46 - [MESSAGE][PASSED] - Object: 'Object Repository/MOH AND GRN/Page_KDMC - CMS/a_12' is clicked on

2018-05-14 13:38:46 - [TEST_STEP][PASSED] - click: Object: 'Object Repository/MOH AND GRN/Page_KDMC - CMS/input_btnadd' is clicked on

2018-05-14 13:38:46 - [MESSAGE][PASSED] - Object: 'Object Repository/MOH AND GRN/Page_KDMC - CMS/input_btnadd' is clicked on

2018-05-14 13:38:46 - [TEST_STEP][PASSED] - Statement - If (s == 10): null

2018-05-14 13:38:46 - [TEST_STEP][PASSED] - Statement - Else: null

2018-05-14 13:38:46 - [TEST_STEP][PASSED] - Statement - (s++): null

2018-05-14 13:38:46 - [TEST_STEP][PASSED] - delay: Delayed 1 second(s)

2018-05-14 13:38:47 - [MESSAGE][PASSED] - Delayed 1 second(s)

2018-05-14 13:38:47 - [TEST_STEP][PASSED] - selectOptionByIndex: All options with index in [26] are selected on object 'Object Repository/MOH AND GRN/Page_KDMC - CMS/select_--Select--Amikacin -500'

2018-05-14 13:38:47 - [MESSAGE][PASSED] - All options with index in [26] are selected on object 'Object Repository/MOH AND GRN/Page_KDMC - CMS/select_--Select--Amikacin -500'

2018-05-14 13:38:47 - [TEST_STEP][PASSED] - setText: Text '5000' is set on object 'Object Repository/MOH AND GRN/Page_KDMC - CMS/input_txtqty'

2018-05-14 13:38:48 - [MESSAGE][PASSED] - Text '5000' is set on object 'Object Repository/MOH AND GRN/Page_KDMC - CMS/input_txtqty'

2018-05-14 13:38:48 - [TEST_STEP][PASSED] - selectOptionByIndex: All options with index in [1] are selected on object 'Object Repository/MOH AND GRN/Page_KDMC - CMS/select_--Select--No Tax0'

2018-05-14 13:38:48 - [MESSAGE][PASSED] - All options with index in [1] are selected on object 'Object Repository/MOH AND GRN/Page_KDMC - CMS/select_--Select--No Tax0'

2018-05-14 13:38:48 - [TEST_STEP][PASSED] - setText: Finding Test Object with id 'Object Repository/MOH AND GRN/Page_KDMC - CMS/input_txtmrp'

2018-05-14 13:38:48 - [TEST_STEP][PASSED] - Statement - switch (id): Finding Test Object with id 'Object Repository/MOH AND GRN/Page_KDMC - CMS/input_txtdeal'

2018-05-14 13:38:48 - [TEST_STEP][PASSED] - Statement - case 4:: Text '39.0' is set on object 'Object Repository/MOH AND GRN/Page_KDMC - CMS/input_txtmrp'

2018-05-14 13:38:48 - [TEST_STEP][PASSED] - Statement - return (java.lang.Math.floor((java.lang.Math.random() * ((max - min) + 1))) + min): Text '39.0' is set on object 'Object Repository/MOH AND GRN/Page_KDMC - CMS/input_txtmrp'

2018-05-14 13:38:48 - [MESSAGE][PASSED] - Text '39.0' is set on object 'Object Repository/MOH AND GRN/Page_KDMC - CMS/input_txtmrp'

2018-05-14 13:38:48 - [TEST_STEP][PASSED] - setText: Finding Test Object with id 'Object Repository/MOH AND GRN/Page_KDMC - CMS/input_txtdeal'

2018-05-14 13:38:48 - [TEST_STEP][PASSED] - Statement - switch (id): Finding Test Object with id 'Object Repository/MOH AND GRN/Page_KDMC - CMS/input_txtbatchno'

2018-05-14 13:38:48 - [TEST_STEP][PASSED] - Statement - case 5:: Text '11.0' is set on object 'Object Repository/MOH AND GRN/Page_KDMC - CMS/input_txtdeal'

2018-05-14 13:38:48 - [TEST_STEP][PASSED] - Statement - return (java.lang.Math.floor((java.lang.Math.random() * ((max - min) + 1))) + min): Text '11.0' is set on object 'Object Repository/MOH AND GRN/Page_KDMC - CMS/input_txtdeal'

2018-05-14 13:38:48 - [MESSAGE][PASSED] - Text '11.0' is set on object 'Object Repository/MOH AND GRN/Page_KDMC - CMS/input_txtdeal'

2018-05-14 13:38:48 - [TEST_STEP][PASSED] - setText: Finding Test Object with id 'Object Repository/MOH AND GRN/Page_KDMC - CMS/input_txtbatchno'

2018-05-14 13:38:48 - [TEST_STEP][PASSED] - Statement - switch (id): Finding Test Object with id 'Object Repository/MOH AND GRN/Page_KDMC - CMS/input_txtmrp'

2018-05-14 13:38:48 - [TEST_STEP][PASSED] - Statement - case 1:: Text 'BA748.0' is set on object 'Object Repository/MOH AND GRN/Page_KDMC - CMS/input_txtbatchno'

2018-05-14 13:38:48 - [TEST_STEP][PASSED] - Statement - return (java.lang.Math.floor((java.lang.Math.random() * ((max - min) + 1))) + min): Text 'BA748.0' is set on object 'Object Repository/MOH AND GRN/Page_KDMC - CMS/input_txtbatchno'

2018-05-14 13:38:48 - [MESSAGE][PASSED] - Text 'BA748.0' is set on object 'Object Repository/MOH AND GRN/Page_KDMC - CMS/input_txtbatchno'

2018-05-14 13:38:48 - [TEST_STEP][PASSED] - rightClick: Object: 'Object Repository/GRN/Page_KDMC - CMS/input_txtexpdate' is right clicked on

2018-05-14 13:38:48 - [MESSAGE][PASSED] - Object: 'Object Repository/GRN/Page_KDMC - CMS/input_txtexpdate' is right clicked on

2018-05-14 13:38:48 - [TEST_STEP][PASSED] - selectOptionByIndex: All options with index in [6] are selected on object 'Object Repository/GRN/Page_KDMC - CMS/select_20182019202020212022202'

2018-05-14 13:38:48 - [MESSAGE][PASSED] - All options with index in [6] are selected on object 'Object Repository/GRN/Page_KDMC - CMS/select_20182019202020212022202'

2018-05-14 13:38:48 - [TEST_STEP][PASSED] - selectOptionByIndex: All options with index in [6] are selected on object 'Object Repository/GRN/Page_KDMC - CMS/select_JanFebMarAprMayJunJulAu'

2018-05-14 13:38:49 - [MESSAGE][PASSED] - All options with index in [6] are selected on object 'Object Repository/GRN/Page_KDMC - CMS/select_JanFebMarAprMayJunJulAu'

2018-05-14 13:38:49 - [TEST_STEP][PASSED] - click: Object: 'Object Repository/MOH AND GRN/Page_KDMC - CMS/a_12' is clicked on

2018-05-14 13:38:49 - [MESSAGE][PASSED] - Object: 'Object Repository/MOH AND GRN/Page_KDMC - CMS/a_12' is clicked on

2018-05-14 13:38:49 - [TEST_STEP][PASSED] - click: Object: 'Object Repository/MOH AND GRN/Page_KDMC - CMS/input_btnadd' is clicked on

2018-05-14 13:38:49 - [MESSAGE][PASSED] - Object: 'Object Repository/MOH AND GRN/Page_KDMC - CMS/input_btnadd' is clicked on

2018-05-14 13:38:49 - [TEST_STEP][PASSED] - Statement - If (s == 10): null

2018-05-14 13:38:49 - [TEST_STEP][PASSED] - Statement - Else: null

2018-05-14 13:38:49 - [TEST_STEP][PASSED] - Statement - (s++): null

2018-05-14 13:38:49 - [TEST_STEP][PASSED] - delay: Delayed 1 second(s)

2018-05-14 13:38:50 - [MESSAGE][PASSED] - Delayed 1 second(s)

2018-05-14 13:38:50 - [TEST_STEP][PASSED] - selectOptionByIndex: All options with index in [27] are selected on object 'Object Repository/MOH AND GRN/Page_KDMC - CMS/select_--Select--Amikacin -500'

2018-05-14 13:38:50 - [MESSAGE][PASSED] - All options with index in [27] are selected on object 'Object Repository/MOH AND GRN/Page_KDMC - CMS/select_--Select--Amikacin -500'

2018-05-14 13:38:50 - [TEST_STEP][PASSED] - setText: Text '5000' is set on object 'Object Repository/MOH AND GRN/Page_KDMC - CMS/input_txtqty'

2018-05-14 13:38:50 - [MESSAGE][PASSED] - Text '5000' is set on object 'Object Repository/MOH AND GRN/Page_KDMC - CMS/input_txtqty'

2018-05-14 13:38:50 - [TEST_STEP][PASSED] - selectOptionByIndex: All options with index in [1] are selected on object 'Object Repository/MOH AND GRN/Page_KDMC - CMS/select_--Select--No Tax0'

2018-05-14 13:38:50 - [MESSAGE][PASSED] - All options with index in [1] are selected on object 'Object Repository/MOH AND GRN/Page_KDMC - CMS/select_--Select--No Tax0'

2018-05-14 13:38:50 - [TEST_STEP][PASSED] - setText: Finding Test Object with id 'Object Repository/MOH AND GRN/Page_KDMC - CMS/input_txtmrp'

2018-05-14 13:38:50 - [TEST_STEP][PASSED] - Statement - switch (id): Finding Test Object with id 'Object Repository/MOH AND GRN/Page_KDMC - CMS/input_txtdeal'

2018-05-14 13:38:50 - [TEST_STEP][PASSED] - Statement - case 4:: Text '42.0' is set on object 'Object Repository/MOH AND GRN/Page_KDMC - CMS/input_txtmrp'

2018-05-14 13:38:50 - [TEST_STEP][PASSED] - Statement - return (java.lang.Math.floor((java.lang.Math.random() * ((max - min) + 1))) + min): Text '42.0' is set on object 'Object Repository/MOH AND GRN/Page_KDMC - CMS/input_txtmrp'

2018-05-14 13:38:50 - [MESSAGE][PASSED] - Text '42.0' is set on object 'Object Repository/MOH AND GRN/Page_KDMC - CMS/input_txtmrp'

2018-05-14 13:38:50 - [TEST_STEP][PASSED] - setText: Finding Test Object with id 'Object Repository/MOH AND GRN/Page_KDMC - CMS/input_txtdeal'

2018-05-14 13:38:50 - [TEST_STEP][PASSED] - Statement - switch (id): Finding Test Object with id 'Object Repository/MOH AND GRN/Page_KDMC - CMS/input_txtbatchno'

2018-05-14 13:38:50 - [TEST_STEP][PASSED] - Statement - case 5:: Text '6.0' is set on object 'Object Repository/MOH AND GRN/Page_KDMC - CMS/input_txtdeal'

2018-05-14 13:38:50 - [TEST_STEP][PASSED] - Statement - return (java.lang.Math.floor((java.lang.Math.random() * ((max - min) + 1))) + min): Text '6.0' is set on object 'Object Repository/MOH AND GRN/Page_KDMC - CMS/input_txtdeal'

2018-05-14 13:38:50 - [MESSAGE][PASSED] - Text '6.0' is set on object 'Object Repository/MOH AND GRN/Page_KDMC - CMS/input_txtdeal'

2018-05-14 13:38:51 - [TEST_STEP][PASSED] - setText: Finding Test Object with id 'Object Repository/MOH AND GRN/Page_KDMC - CMS/input_txtbatchno'

2018-05-14 13:38:51 - [TEST_STEP][PASSED] - Statement - switch (id): Finding Test Object with id 'Object Repository/MOH AND GRN/Page_KDMC - CMS/input_txtmrp'

2018-05-14 13:38:51 - [TEST_STEP][PASSED] - Statement - case 1:: Text 'BA507.0' is set on object 'Object Repository/MOH AND GRN/Page_KDMC - CMS/input_txtbatchno'

2018-05-14 13:38:51 - [TEST_STEP][PASSED] - Statement - return (java.lang.Math.floor((java.lang.Math.random() * ((max - min) + 1))) + min): Text 'BA507.0' is set on object 'Object Repository/MOH AND GRN/Page_KDMC - CMS/input_txtbatchno'

2018-05-14 13:38:51 - [MESSAGE][PASSED] - Text 'BA507.0' is set on object 'Object Repository/MOH AND GRN/Page_KDMC - CMS/input_txtbatchno'

2018-05-14 13:38:51 - [TEST_STEP][PASSED] - rightClick: Object: 'Object Repository/GRN/Page_KDMC - CMS/input_txtexpdate' is right clicked on

2018-05-14 13:38:51 - [MESSAGE][PASSED] - Object: 'Object Repository/GRN/Page_KDMC - CMS/input_txtexpdate' is right clicked on

2018-05-14 13:38:51 - [TEST_STEP][PASSED] - selectOptionByIndex: All options with index in [7] are selected on object 'Object Repository/GRN/Page_KDMC - CMS/select_20182019202020212022202'

2018-05-14 13:38:51 - [MESSAGE][PASSED] - All options with index in [7] are selected on object 'Object Repository/GRN/Page_KDMC - CMS/select_20182019202020212022202'

2018-05-14 13:38:51 - [TEST_STEP][PASSED] - selectOptionByIndex: All options with index in [7] are selected on object 'Object Repository/GRN/Page_KDMC - CMS/select_JanFebMarAprMayJunJulAu'

2018-05-14 13:38:51 - [MESSAGE][PASSED] - All options with index in [7] are selected on object 'Object Repository/GRN/Page_KDMC - CMS/select_JanFebMarAprMayJunJulAu'

2018-05-14 13:38:51 - [TEST_STEP][PASSED] - click: Object: 'Object Repository/MOH AND GRN/Page_KDMC - CMS/a_12' is clicked on

2018-05-14 13:38:51 - [MESSAGE][PASSED] - Object: 'Object Repository/MOH AND GRN/Page_KDMC - CMS/a_12' is clicked on

2018-05-14 13:38:51 - [TEST_STEP][PASSED] - click: Object: 'Object Repository/MOH AND GRN/Page_KDMC - CMS/input_btnadd' is clicked on

2018-05-14 13:38:51 - [MESSAGE][PASSED] - Object: 'Object Repository/MOH AND GRN/Page_KDMC - CMS/input_btnadd' is clicked on

2018-05-14 13:38:51 - [TEST_STEP][PASSED] - Statement - If (s == 10): null

2018-05-14 13:38:51 - [TEST_STEP][PASSED] - Statement - Else: null

2018-05-14 13:38:51 - [TEST_STEP][PASSED] - Statement - (s++): null

2018-05-14 13:38:51 - [TEST_STEP][PASSED] - delay: Delayed 1 second(s)

2018-05-14 13:38:52 - [MESSAGE][PASSED] - Delayed 1 second(s)

2018-05-14 13:38:52 - [TEST_STEP][PASSED] - selectOptionByIndex: All options with index in [28] are selected on object 'Object Repository/MOH AND GRN/Page_KDMC - CMS/select_--Select--Amikacin -500'

2018-05-14 13:38:53 - [MESSAGE][PASSED] - All options with index in [28] are selected on object 'Object Repository/MOH AND GRN/Page_KDMC - CMS/select_--Select--Amikacin -500'

2018-05-14 13:38:53 - [TEST_STEP][PASSED] - setText: Text '5000' is set on object 'Object Repository/MOH AND GRN/Page_KDMC - CMS/input_txtqty'

2018-05-14 13:38:53 - [MESSAGE][PASSED] - Text '5000' is set on object 'Object Repository/MOH AND GRN/Page_KDMC - CMS/input_txtqty'

2018-05-14 13:38:53 - [TEST_STEP][PASSED] - selectOptionByIndex: All options with index in [1] are selected on object 'Object Repository/MOH AND GRN/Page_KDMC - CMS/select_--Select--No Tax0'

2018-05-14 13:38:53 - [MESSAGE][PASSED] - All options with index in [1] are selected on object 'Object Repository/MOH AND GRN/Page_KDMC - CMS/select_--Select--No Tax0'

2018-05-14 13:38:53 - [TEST_STEP][PASSED] - setText: Finding Test Object with id 'Object Repository/MOH AND GRN/Page_KDMC - CMS/input_txtmrp'

2018-05-14 13:38:53 - [TEST_STEP][PASSED] - Statement - switch (id): Finding Test Object with id 'Object Repository/MOH AND GRN/Page_KDMC - CMS/input_txtdeal'

2018-05-14 13:38:53 - [TEST_STEP][PASSED] - Statement - case 4:: Text '21.0' is set on object 'Object Repository/MOH AND GRN/Page_KDMC - CMS/input_txtmrp'

2018-05-14 13:38:53 - [TEST_STEP][PASSED] - Statement - return (java.lang.Math.floor((java.lang.Math.random() * ((max - min) + 1))) + min): Text '21.0' is set on object 'Object Repository/MOH AND GRN/Page_KDMC - CMS/input_txtmrp'

2018-05-14 13:38:53 - [MESSAGE][PASSED] - Text '21.0' is set on object 'Object Repository/MOH AND GRN/Page_KDMC - CMS/input_txtmrp'

2018-05-14 13:38:53 - [TEST_STEP][PASSED] - setText: Finding Test Object with id 'Object Repository/MOH AND GRN/Page_KDMC - CMS/input_txtdeal'

2018-05-14 13:38:53 - [TEST_STEP][PASSED] - Statement - switch (id): Finding Test Object with id 'Object Repository/MOH AND GRN/Page_KDMC - CMS/input_txtbatchno'

2018-05-14 13:38:53 - [TEST_STEP][PASSED] - Statement - case 5:: Text '9.0' is set on object 'Object Repository/MOH AND GRN/Page_KDMC - CMS/input_txtdeal'

2018-05-14 13:38:53 - [TEST_STEP][PASSED] - Statement - return (java.lang.Math.floor((java.lang.Math.random() * ((max - min) + 1))) + min): Text '9.0' is set on object 'Object Repository/MOH AND GRN/Page_KDMC - CMS/input_txtdeal'

2018-05-14 13:38:53 - [MESSAGE][PASSED] - Text '9.0' is set on object 'Object Repository/MOH AND GRN/Page_KDMC - CMS/input_txtdeal'

2018-05-14 13:38:53 - [TEST_STEP][PASSED] - setText: Finding Test Object with id 'Object Repository/MOH AND GRN/Page_KDMC - CMS/input_txtbatchno'

2018-05-14 13:38:53 - [TEST_STEP][PASSED] - Statement - switch (id): Finding Test Object with id 'Object Repository/MOH AND GRN/Page_KDMC - CMS/input_txtmrp'

2018-05-14 13:38:53 - [TEST_STEP][PASSED] - Statement - case 1:: Text 'BA897.0' is set on object 'Object Repository/MOH AND GRN/Page_KDMC - CMS/input_txtbatchno'

2018-05-14 13:38:53 - [TEST_STEP][PASSED] - Statement - return (java.lang.Math.floor((java.lang.Math.random() * ((max - min) + 1))) + min): Text 'BA897.0' is set on object 'Object Repository/MOH AND GRN/Page_KDMC - CMS/input_txtbatchno'

2018-05-14 13:38:53 - [MESSAGE][PASSED] - Text 'BA897.0' is set on object 'Object Repository/MOH AND GRN/Page_KDMC - CMS/input_txtbatchno'

2018-05-14 13:38:53 - [TEST_STEP][PASSED] - rightClick: Object: 'Object Repository/GRN/Page_KDMC - CMS/input_txtexpdate' is right clicked on

2018-05-14 13:38:53 - [MESSAGE][PASSED] - Object: 'Object Repository/GRN/Page_KDMC - CMS/input_txtexpdate' is right clicked on

2018-05-14 13:38:53 - [TEST_STEP][PASSED] - selectOptionByIndex: All options with index in [8] are selected on object 'Object Repository/GRN/Page_KDMC - CMS/select_20182019202020212022202'

2018-05-14 13:38:54 - [MESSAGE][PASSED] - All options with index in [8] are selected on object 'Object Repository/GRN/Page_KDMC - CMS/select_20182019202020212022202'

2018-05-14 13:38:54 - [TEST_STEP][PASSED] - selectOptionByIndex: All options with index in [8] are selected on object 'Object Repository/GRN/Page_KDMC - CMS/select_JanFebMarAprMayJunJulAu'

2018-05-14 13:38:54 - [MESSAGE][PASSED] - All options with index in [8] are selected on object 'Object Repository/GRN/Page_KDMC - CMS/select_JanFebMarAprMayJunJulAu'

2018-05-14 13:38:54 - [TEST_STEP][PASSED] - click: Object: 'Object Repository/MOH AND GRN/Page_KDMC - CMS/a_12' is clicked on

2018-05-14 13:38:54 - [MESSAGE][PASSED] - Object: 'Object Repository/MOH AND GRN/Page_KDMC - CMS/a_12' is clicked on

2018-05-14 13:38:54 - [TEST_STEP][PASSED] - click: Object: 'Object Repository/MOH AND GRN/Page_KDMC - CMS/input_btnadd' is clicked on

2018-05-14 13:38:54 - [MESSAGE][PASSED] - Object: 'Object Repository/MOH AND GRN/Page_KDMC - CMS/input_btnadd' is clicked on

2018-05-14 13:38:54 - [TEST_STEP][PASSED] - Statement - If (s == 10): null

2018-05-14 13:38:54 - [TEST_STEP][PASSED] - Statement - Else: null

2018-05-14 13:38:54 - [TEST_STEP][PASSED] - Statement - (s++): null

2018-05-14 13:38:54 - [TEST_STEP][PASSED] - delay: Delayed 1 second(s)

2018-05-14 13:38:55 - [MESSAGE][PASSED] - Delayed 1 second(s)

2018-05-14 13:38:55 - [TEST_STEP][PASSED] - selectOptionByIndex: All options with index in [29] are selected on object 'Object Repository/MOH AND GRN/Page_KDMC - CMS/select_--Select--Amikacin -500'

2018-05-14 13:38:55 - [MESSAGE][PASSED] - All options with index in [29] are selected on object 'Object Repository/MOH AND GRN/Page_KDMC - CMS/select_--Select--Amikacin -500'

2018-05-14 13:38:55 - [TEST_STEP][PASSED] - setText: Text '5000' is set on object 'Object Repository/MOH AND GRN/Page_KDMC - CMS/input_txtqty'

2018-05-14 13:38:56 - [MESSAGE][PASSED] - Text '5000' is set on object 'Object Repository/MOH AND GRN/Page_KDMC - CMS/input_txtqty'

2018-05-14 13:38:56 - [TEST_STEP][PASSED] - selectOptionByIndex: All options with index in [1] are selected on object 'Object Repository/MOH AND GRN/Page_KDMC - CMS/select_--Select--No Tax0'

2018-05-14 13:38:56 - [MESSAGE][PASSED] - All options with index in [1] are selected on object 'Object Repository/MOH AND GRN/Page_KDMC - CMS/select_--Select--No Tax0'

2018-05-14 13:38:56 - [TEST_STEP][PASSED] - setText: Finding Test Object with id 'Object Repository/MOH AND GRN/Page_KDMC - CMS/input_txtmrp'

2018-05-14 13:38:56 - [TEST_STEP][PASSED] - Statement - switch (id): Finding Test Object with id 'Object Repository/MOH AND GRN/Page_KDMC - CMS/input_txtdeal'

2018-05-14 13:38:56 - [TEST_STEP][PASSED] - Statement - case 4:: Text '18.0' is set on object 'Object Repository/MOH AND GRN/Page_KDMC - CMS/input_txtmrp'

2018-05-14 13:38:56 - [TEST_STEP][PASSED] - Statement - return (java.lang.Math.floor((java.lang.Math.random() * ((max - min) + 1))) + min): Text '18.0' is set on object 'Object Repository/MOH AND GRN/Page_KDMC - CMS/input_txtmrp'

2018-05-14 13:38:56 - [MESSAGE][PASSED] - Text '18.0' is set on object 'Object Repository/MOH AND GRN/Page_KDMC - CMS/input_txtmrp'

2018-05-14 13:38:56 - [TEST_STEP][PASSED] - setText: Finding Test Object with id 'Object Repository/MOH AND GRN/Page_KDMC - CMS/input_txtdeal'

2018-05-14 13:38:56 - [TEST_STEP][PASSED] - Statement - switch (id): Finding Test Object with id 'Object Repository/MOH AND GRN/Page_KDMC - CMS/input_txtbatchno'

2018-05-14 13:38:56 - [TEST_STEP][PASSED] - Statement - case 5:: Text '4.0' is set on object 'Object Repository/MOH AND GRN/Page_KDMC - CMS/input_txtdeal'

2018-05-14 13:38:56 - [TEST_STEP][PASSED] - Statement - return (java.lang.Math.floor((java.lang.Math.random() * ((max - min) + 1))) + min): Text '4.0' is set on object 'Object Repository/MOH AND GRN/Page_KDMC - CMS/input_txtdeal'

2018-05-14 13:38:56 - [MESSAGE][PASSED] - Text '4.0' is set on object 'Object Repository/MOH AND GRN/Page_KDMC - CMS/input_txtdeal'

2018-05-14 13:38:56 - [TEST_STEP][PASSED] - setText: Finding Test Object with id 'Object Repository/MOH AND GRN/Page_KDMC - CMS/input_txtbatchno'

2018-05-14 13:38:56 - [TEST_STEP][PASSED] - Statement - switch (id): Finding Test Object with id 'Object Repository/MOH AND GRN/Page_KDMC - CMS/input_txtmrp'

2018-05-14 13:38:56 - [TEST_STEP][PASSED] - Statement - case 1:: Text 'BA377.0' is set on object 'Object Repository/MOH AND GRN/Page_KDMC - CMS/input_txtbatchno'

2018-05-14 13:38:56 - [TEST_STEP][PASSED] - Statement - return (java.lang.Math.floor((java.lang.Math.random() * ((max - min) + 1))) + min): Text 'BA377.0' is set on object 'Object Repository/MOH AND GRN/Page_KDMC - CMS/input_txtbatchno'

2018-05-14 13:38:56 - [MESSAGE][PASSED] - Text 'BA377.0' is set on object 'Object Repository/MOH AND GRN/Page_KDMC - CMS/input_txtbatchno'

2018-05-14 13:38:56 - [TEST_STEP][PASSED] - rightClick: Object: 'Object Repository/GRN/Page_KDMC - CMS/input_txtexpdate' is right clicked on

2018-05-14 13:38:56 - [MESSAGE][PASSED] - Object: 'Object Repository/GRN/Page_KDMC - CMS/input_txtexpdate' is right clicked on

2018-05-14 13:38:56 - [TEST_STEP][PASSED] - selectOptionByIndex: All options with index in [9] are selected on object 'Object Repository/GRN/Page_KDMC - CMS/select_20182019202020212022202'

2018-05-14 13:38:56 - [MESSAGE][PASSED] - All options with index in [9] are selected on object 'Object Repository/GRN/Page_KDMC - CMS/select_20182019202020212022202'

2018-05-14 13:38:56 - [TEST_STEP][PASSED] - selectOptionByIndex: All options with index in [9] are selected on object 'Object Repository/GRN/Page_KDMC - CMS/select_JanFebMarAprMayJunJulAu'

2018-05-14 13:38:57 - [MESSAGE][PASSED] - All options with index in [9] are selected on object 'Object Repository/GRN/Page_KDMC - CMS/select_JanFebMarAprMayJunJulAu'

2018-05-14 13:38:57 - [TEST_STEP][PASSED] - click: Object: 'Object Repository/MOH AND GRN/Page_KDMC - CMS/a_12' is clicked on

2018-05-14 13:38:57 - [MESSAGE][PASSED] - Object: 'Object Repository/MOH AND GRN/Page_KDMC - CMS/a_12' is clicked on

2018-05-14 13:38:57 - [TEST_STEP][PASSED] - click: Object: 'Object Repository/MOH AND GRN/Page_KDMC - CMS/input_btnadd' is clicked on

2018-05-14 13:38:57 - [MESSAGE][PASSED] - Object: 'Object Repository/MOH AND GRN/Page_KDMC - CMS/input_btnadd' is clicked on

2018-05-14 13:38:57 - [TEST_STEP][PASSED] - Statement - If (s == 10): null

2018-05-14 13:38:57 - [TEST_STEP][PASSED] - Statement - Else: null

2018-05-14 13:38:57 - [TEST_STEP][PASSED] - Statement - (s++): null

2018-05-14 13:38:57 - [TEST_STEP][PASSED] - delay: Delayed 1 second(s)

2018-05-14 13:38:58 - [MESSAGE][PASSED] - Delayed 1 second(s)

2018-05-14 13:38:58 - [TEST_STEP][PASSED] - selectOptionByIndex: All options with index in [30] are selected on object 'Object Repository/MOH AND GRN/Page_KDMC - CMS/select_--Select--Amikacin -500'

2018-05-14 13:38:58 - [MESSAGE][PASSED] - All options with index in [30] are selected on object 'Object Repository/MOH AND GRN/Page_KDMC - CMS/select_--Select--Amikacin -500'

2018-05-14 13:38:58 - [TEST_STEP][PASSED] - setText: Text '5000' is set on object 'Object Repository/MOH AND GRN/Page_KDMC - CMS/input_txtqty'

2018-05-14 13:38:58 - [MESSAGE][PASSED] - Text '5000' is set on object 'Object Repository/MOH AND GRN/Page_KDMC - CMS/input_txtqty'

2018-05-14 13:38:58 - [TEST_STEP][PASSED] - selectOptionByIndex: All options with index in [1] are selected on object 'Object Repository/MOH AND GRN/Page_KDMC - CMS/select_--Select--No Tax0'

2018-05-14 13:38:58 - [MESSAGE][PASSED] - All options with index in [1] are selected on object 'Object Repository/MOH AND GRN/Page_KDMC - CMS/select_--Select--No Tax0'

2018-05-14 13:38:58 - [TEST_STEP][PASSED] - setText: Finding Test Object with id 'Object Repository/MOH AND GRN/Page_KDMC - CMS/input_txtmrp'

2018-05-14 13:38:58 - [TEST_STEP][PASSED] - Statement - switch (id): Finding Test Object with id 'Object Repository/MOH AND GRN/Page_KDMC - CMS/input_txtdeal'

2018-05-14 13:38:58 - [TEST_STEP][PASSED] - Statement - case 4:: Text '26.0' is set on object 'Object Repository/MOH AND GRN/Page_KDMC - CMS/input_txtmrp'

2018-05-14 13:38:58 - [TEST_STEP][PASSED] - Statement - return (java.lang.Math.floor((java.lang.Math.random() * ((max - min) + 1))) + min): Text '26.0' is set on object 'Object Repository/MOH AND GRN/Page_KDMC - CMS/input_txtmrp'

2018-05-14 13:38:58 - [MESSAGE][PASSED] - Text '26.0' is set on object 'Object Repository/MOH AND GRN/Page_KDMC - CMS/input_txtmrp'

2018-05-14 13:38:58 - [TEST_STEP][PASSED] - setText: Finding Test Object with id 'Object Repository/MOH AND GRN/Page_KDMC - CMS/input_txtdeal'

2018-05-14 13:38:58 - [TEST_STEP][PASSED] - Statement - switch (id): Finding Test Object with id 'Object Repository/MOH AND GRN/Page_KDMC - CMS/input_txtbatchno'

2018-05-14 13:38:58 - [TEST_STEP][PASSED] - Statement - case 5:: Text '4.0' is set on object 'Object Repository/MOH AND GRN/Page_KDMC - CMS/input_txtdeal'

2018-05-14 13:38:58 - [TEST_STEP][PASSED] - Statement - return (java.lang.Math.floor((java.lang.Math.random() * ((max - min) + 1))) + min): Text '4.0' is set on object 'Object Repository/MOH AND GRN/Page_KDMC - CMS/input_txtdeal'

2018-05-14 13:38:59 - [MESSAGE][PASSED] - Text '4.0' is set on object 'Object Repository/MOH AND GRN/Page_KDMC - CMS/input_txtdeal'

2018-05-14 13:38:59 - [TEST_STEP][PASSED] - setText: Finding Test Object with id 'Object Repository/MOH AND GRN/Page_KDMC - CMS/input_txtbatchno'

2018-05-14 13:38:59 - [TEST_STEP][PASSED] - Statement - switch (id): Finding Test Object with id 'Object Repository/MOH AND GRN/Page_KDMC - CMS/input_txtmrp'

2018-05-14 13:38:59 - [TEST_STEP][PASSED] - Statement - case 1:: Text 'BA66.0' is set on object 'Object Repository/MOH AND GRN/Page_KDMC - CMS/input_txtbatchno'

2018-05-14 13:38:59 - [TEST_STEP][PASSED] - Statement - return (java.lang.Math.floor((java.lang.Math.random() * ((max - min) + 1))) + min): Text 'BA66.0' is set on object 'Object Repository/MOH AND GRN/Page_KDMC - CMS/input_txtbatchno'

2018-05-14 13:38:59 - [MESSAGE][PASSED] - Text 'BA66.0' is set on object 'Object Repository/MOH AND GRN/Page_KDMC - CMS/input_txtbatchno'

2018-05-14 13:38:59 - [TEST_STEP][PASSED] - rightClick: Object: 'Object Repository/GRN/Page_KDMC - CMS/input_txtexpdate' is right clicked on

2018-05-14 13:38:59 - [MESSAGE][PASSED] - Object: 'Object Repository/GRN/Page_KDMC - CMS/input_txtexpdate' is right clicked on

2018-05-14 13:38:59 - [TEST_STEP][PASSED] - selectOptionByIndex: All options with index in [10] are selected on object 'Object Repository/GRN/Page_KDMC - CMS/select_20182019202020212022202'

2018-05-14 13:38:59 - [MESSAGE][PASSED] - All options with index in [10] are selected on object 'Object Repository/GRN/Page_KDMC - CMS/select_20182019202020212022202'

2018-05-14 13:38:59 - [TEST_STEP][PASSED] - selectOptionByIndex: All options with index in [10] are selected on object 'Object Repository/GRN/Page_KDMC - CMS/select_JanFebMarAprMayJunJulAu'

2018-05-14 13:38:59 - [MESSAGE][PASSED] - All options with index in [10] are selected on object 'Object Repository/GRN/Page_KDMC - CMS/select_JanFebMarAprMayJunJulAu'

2018-05-14 13:38:59 - [TEST_STEP][PASSED] - click: Object: 'Object Repository/MOH AND GRN/Page_KDMC - CMS/a_12' is clicked on

2018-05-14 13:38:59 - [MESSAGE][PASSED] - Object: 'Object Repository/MOH AND GRN/Page_KDMC - CMS/a_12' is clicked on

2018-05-14 13:38:59 - [TEST_STEP][PASSED] - click: Object: 'Object Repository/MOH AND GRN/Page_KDMC - CMS/input_btnadd' is clicked on

2018-05-14 13:38:59 - [MESSAGE][PASSED] - Object: 'Object Repository/MOH AND GRN/Page_KDMC - CMS/input_btnadd' is clicked on

2018-05-14 13:38:59 - [TEST_STEP][PASSED] - Statement - If (s == 10): null

2018-05-14 13:38:59 - [TEST_STEP][PASSED] - Statement - s = 1: null

2018-05-14 13:38:59 - [TEST_STEP][PASSED] - delay: Delayed 1 second(s)

2018-05-14 13:39:00 - [MESSAGE][PASSED] - Delayed 1 second(s)

2018-05-14 13:39:00 - [TEST_STEP][PASSED] - selectOptionByIndex: All options with index in [31] are selected on object 'Object Repository/MOH AND GRN/Page_KDMC - CMS/select_--Select--Amikacin -500'

2018-05-14 13:39:01 - [MESSAGE][PASSED] - All options with index in [31] are selected on object 'Object Repository/MOH AND GRN/Page_KDMC - CMS/select_--Select--Amikacin -500'

2018-05-14 13:39:01 - [TEST_STEP][PASSED] - setText: Text '5000' is set on object 'Object Repository/MOH AND GRN/Page_KDMC - CMS/input_txtqty'

2018-05-14 13:39:01 - [MESSAGE][PASSED] - Text '5000' is set on object 'Object Repository/MOH AND GRN/Page_KDMC - CMS/input_txtqty'

2018-05-14 13:39:01 - [TEST_STEP][PASSED] - selectOptionByIndex: All options with index in [1] are selected on object 'Object Repository/MOH AND GRN/Page_KDMC - CMS/select_--Select--No Tax0'

2018-05-14 13:39:01 - [MESSAGE][PASSED] - All options with index in [1] are selected on object 'Object Repository/MOH AND GRN/Page_KDMC - CMS/select_--Select--No Tax0'

2018-05-14 13:39:01 - [TEST_STEP][PASSED] - setText: Finding Test Object with id 'Object Repository/MOH AND GRN/Page_KDMC - CMS/input_txtmrp'

2018-05-14 13:39:01 - [TEST_STEP][PASSED] - Statement - switch (id): Finding Test Object with id 'Object Repository/MOH AND GRN/Page_KDMC - CMS/input_txtdeal'

2018-05-14 13:39:01 - [TEST_STEP][PASSED] - Statement - case 4:: Text '43.0' is set on object 'Object Repository/MOH AND GRN/Page_KDMC - CMS/input_txtmrp'

2018-05-14 13:39:01 - [TEST_STEP][PASSED] - Statement - return (java.lang.Math.floor((java.lang.Math.random() * ((max - min) + 1))) + min): Text '43.0' is set on object 'Object Repository/MOH AND GRN/Page_KDMC - CMS/input_txtmrp'

2018-05-14 13:39:01 - [MESSAGE][PASSED] - Text '43.0' is set on object 'Object Repository/MOH AND GRN/Page_KDMC - CMS/input_txtmrp'

2018-05-14 13:39:01 - [TEST_STEP][PASSED] - setText: Finding Test Object with id 'Object Repository/MOH AND GRN/Page_KDMC - CMS/input_txtdeal'

2018-05-14 13:39:01 - [TEST_STEP][PASSED] - Statement - switch (id): Finding Test Object with id 'Object Repository/MOH AND GRN/Page_KDMC - CMS/input_txtbatchno'

2018-05-14 13:39:01 - [TEST_STEP][PASSED] - Statement - case 5:: Text '3.0' is set on object 'Object Repository/MOH AND GRN/Page_KDMC - CMS/input_txtdeal'

2018-05-14 13:39:01 - [TEST_STEP][PASSED] - Statement - return (java.lang.Math.floor((java.lang.Math.random() * ((max - min) + 1))) + min): Text '3.0' is set on object 'Object Repository/MOH AND GRN/Page_KDMC - CMS/input_txtdeal'

2018-05-14 13:39:01 - [MESSAGE][PASSED] - Text '3.0' is set on object 'Object Repository/MOH AND GRN/Page_KDMC - CMS/input_txtdeal'

2018-05-14 13:39:01 - [TEST_STEP][PASSED] - setText: Finding Test Object with id 'Object Repository/MOH AND GRN/Page_KDMC - CMS/input_txtbatchno'

2018-05-14 13:39:01 - [TEST_STEP][PASSED] - Statement - switch (id): Finding Test Object with id 'Object Repository/MOH AND GRN/Page_KDMC - CMS/input_txtmrp'

2018-05-14 13:39:01 - [TEST_STEP][PASSED] - Statement - case 1:: Text 'BA538.0' is set on object 'Object Repository/MOH AND GRN/Page_KDMC - CMS/input_txtbatchno'

2018-05-14 13:39:01 - [TEST_STEP][PASSED] - Statement - return (java.lang.Math.floor((java.lang.Math.random() * ((max - min) + 1))) + min): Text 'BA538.0' is set on object 'Object Repository/MOH AND GRN/Page_KDMC - CMS/input_txtbatchno'

2018-05-14 13:39:01 - [MESSAGE][PASSED] - Text 'BA538.0' is set on object 'Object Repository/MOH AND GRN/Page_KDMC - CMS/input_txtbatchno'

2018-05-14 13:39:01 - [TEST_STEP][PASSED] - rightClick: Object: 'Object Repository/GRN/Page_KDMC - CMS/input_txtexpdate' is right clicked on

2018-05-14 13:39:02 - [MESSAGE][PASSED] - Object: 'Object Repository/GRN/Page_KDMC - CMS/input_txtexpdate' is right clicked on

2018-05-14 13:39:02 - [TEST_STEP][PASSED] - selectOptionByIndex: All options with index in [1] are selected on object 'Object Repository/GRN/Page_KDMC - CMS/select_20182019202020212022202'

2018-05-14 13:39:02 - [MESSAGE][PASSED] - All options with index in [1] are selected on object 'Object Repository/GRN/Page_KDMC - CMS/select_20182019202020212022202'

2018-05-14 13:39:02 - [TEST_STEP][PASSED] - selectOptionByIndex: All options with index in [1] are selected on object 'Object Repository/GRN/Page_KDMC - CMS/select_JanFebMarAprMayJunJulAu'

2018-05-14 13:39:02 - [MESSAGE][PASSED] - All options with index in [1] are selected on object 'Object Repository/GRN/Page_KDMC - CMS/select_JanFebMarAprMayJunJulAu'

2018-05-14 13:39:02 - [TEST_STEP][PASSED] - click: Object: 'Object Repository/MOH AND GRN/Page_KDMC - CMS/a_12' is clicked on

2018-05-14 13:39:02 - [MESSAGE][PASSED] - Object: 'Object Repository/MOH AND GRN/Page_KDMC - CMS/a_12' is clicked on

2018-05-14 13:39:02 - [TEST_STEP][PASSED] - click: Object: 'Object Repository/MOH AND GRN/Page_KDMC - CMS/input_btnadd' is clicked on

2018-05-14 13:39:02 - [MESSAGE][PASSED] - Object: 'Object Repository/MOH AND GRN/Page_KDMC - CMS/input_btnadd' is clicked on

2018-05-14 13:39:02 - [TEST_STEP][PASSED] - Statement - If (s == 10): null

2018-05-14 13:39:02 - [TEST_STEP][PASSED] - Statement - Else: null

2018-05-14 13:39:02 - [TEST_STEP][PASSED] - Statement - (s++): null

2018-05-14 13:39:02 - [TEST_STEP][PASSED] - delay: Delayed 1 second(s)

2018-05-14 13:39:03 - [MESSAGE][PASSED] - Delayed 1 second(s)

2018-05-14 13:39:03 - [TEST_STEP][PASSED] - selectOptionByIndex: All options with index in [32] are selected on object 'Object Repository/MOH AND GRN/Page_KDMC - CMS/select_--Select--Amikacin -500'

2018-05-14 13:39:03 - [MESSAGE][PASSED] - All options with index in [32] are selected on object 'Object Repository/MOH AND GRN/Page_KDMC - CMS/select_--Select--Amikacin -500'

2018-05-14 13:39:03 - [TEST_STEP][PASSED] - setText: Text '5000' is set on object 'Object Repository/MOH AND GRN/Page_KDMC - CMS/input_txtqty'

2018-05-14 13:39:04 - [MESSAGE][PASSED] - Text '5000' is set on object 'Object Repository/MOH AND GRN/Page_KDMC - CMS/input_txtqty'

2018-05-14 13:39:04 - [TEST_STEP][PASSED] - selectOptionByIndex: All options with index in [1] are selected on object 'Object Repository/MOH AND GRN/Page_KDMC - CMS/select_--Select--No Tax0'

2018-05-14 13:39:04 - [MESSAGE][PASSED] - All options with index in [1] are selected on object 'Object Repository/MOH AND GRN/Page_KDMC - CMS/select_--Select--No Tax0'

2018-05-14 13:39:04 - [TEST_STEP][PASSED] - setText: Finding Test Object with id 'Object Repository/MOH AND GRN/Page_KDMC - CMS/input_txtmrp'

2018-05-14 13:39:04 - [TEST_STEP][PASSED] - Statement - switch (id): Finding Test Object with id 'Object Repository/MOH AND GRN/Page_KDMC - CMS/input_txtdeal'

2018-05-14 13:39:04 - [TEST_STEP][PASSED] - Statement - case 4:: Text '18.0' is set on object 'Object Repository/MOH AND GRN/Page_KDMC - CMS/input_txtmrp'

2018-05-14 13:39:04 - [TEST_STEP][PASSED] - Statement - return (java.lang.Math.floor((java.lang.Math.random() * ((max - min) + 1))) + min): Text '18.0' is set on object 'Object Repository/MOH AND GRN/Page_KDMC - CMS/input_txtmrp'

2018-05-14 13:39:04 - [MESSAGE][PASSED] - Text '18.0' is set on object 'Object Repository/MOH AND GRN/Page_KDMC - CMS/input_txtmrp'

2018-05-14 13:39:04 - [TEST_STEP][PASSED] - setText: Finding Test Object with id 'Object Repository/MOH AND GRN/Page_KDMC - CMS/input_txtdeal'

2018-05-14 13:39:04 - [TEST_STEP][PASSED] - Statement - switch (id): Finding Test Object with id 'Object Repository/MOH AND GRN/Page_KDMC - CMS/input_txtbatchno'

2018-05-14 13:39:04 - [TEST_STEP][PASSED] - Statement - case 5:: Text '4.0' is set on object 'Object Repository/MOH AND GRN/Page_KDMC - CMS/input_txtdeal'

2018-05-14 13:39:04 - [TEST_STEP][PASSED] - Statement - return (java.lang.Math.floor((java.lang.Math.random() * ((max - min) + 1))) + min): Text '4.0' is set on object 'Object Repository/MOH AND GRN/Page_KDMC - CMS/input_txtdeal'

2018-05-14 13:39:04 - [MESSAGE][PASSED] - Text '4.0' is set on object 'Object Repository/MOH AND GRN/Page_KDMC - CMS/input_txtdeal'

2018-05-14 13:39:04 - [TEST_STEP][PASSED] - setText: Finding Test Object with id 'Object Repository/MOH AND GRN/Page_KDMC - CMS/input_txtbatchno'

2018-05-14 13:39:04 - [TEST_STEP][PASSED] - Statement - switch (id): Finding Test Object with id 'Object Repository/MOH AND GRN/Page_KDMC - CMS/input_txtmrp'

2018-05-14 13:39:04 - [TEST_STEP][PASSED] - Statement - case 1:: Text 'BA733.0' is set on object 'Object Repository/MOH AND GRN/Page_KDMC - CMS/input_txtbatchno'

2018-05-14 13:39:04 - [TEST_STEP][PASSED] - Statement - return (java.lang.Math.floor((java.lang.Math.random() * ((max - min) + 1))) + min): Text 'BA733.0' is set on object 'Object Repository/MOH AND GRN/Page_KDMC - CMS/input_txtbatchno'

2018-05-14 13:39:04 - [MESSAGE][PASSED] - Text 'BA733.0' is set on object 'Object Repository/MOH AND GRN/Page_KDMC - CMS/input_txtbatchno'

2018-05-14 13:39:04 - [TEST_STEP][PASSED] - rightClick: Object: 'Object Repository/GRN/Page_KDMC - CMS/input_txtexpdate' is right clicked on

2018-05-14 13:39:04 - [MESSAGE][PASSED] - Object: 'Object Repository/GRN/Page_KDMC - CMS/input_txtexpdate' is right clicked on

2018-05-14 13:39:04 - [TEST_STEP][PASSED] - selectOptionByIndex: All options with index in [2] are selected on object 'Object Repository/GRN/Page_KDMC - CMS/select_20182019202020212022202'

2018-05-14 13:39:04 - [MESSAGE][PASSED] - All options with index in [2] are selected on object 'Object Repository/GRN/Page_KDMC - CMS/select_20182019202020212022202'

2018-05-14 13:39:04 - [TEST_STEP][PASSED] - selectOptionByIndex: All options with index in [2] are selected on object 'Object Repository/GRN/Page_KDMC - CMS/select_JanFebMarAprMayJunJulAu'

2018-05-14 13:39:04 - [MESSAGE][PASSED] - All options with index in [2] are selected on object 'Object Repository/GRN/Page_KDMC - CMS/select_JanFebMarAprMayJunJulAu'

2018-05-14 13:39:04 - [TEST_STEP][PASSED] - click: Object: 'Object Repository/MOH AND GRN/Page_KDMC - CMS/a_12' is clicked on

2018-05-14 13:39:04 - [MESSAGE][PASSED] - Object: 'Object Repository/MOH AND GRN/Page_KDMC - CMS/a_12' is clicked on

2018-05-14 13:39:04 - [TEST_STEP][PASSED] - click: Object: 'Object Repository/MOH AND GRN/Page_KDMC - CMS/input_btnadd' is clicked on

2018-05-14 13:39:05 - [MESSAGE][PASSED] - Object: 'Object Repository/MOH AND GRN/Page_KDMC - CMS/input_btnadd' is clicked on

2018-05-14 13:39:05 - [TEST_STEP][PASSED] - Statement - If (s == 10): null

2018-05-14 13:39:05 - [TEST_STEP][PASSED] - Statement - Else: null

2018-05-14 13:39:05 - [TEST_STEP][PASSED] - Statement - (s++): null

2018-05-14 13:39:05 - [TEST_STEP][PASSED] - delay: Delayed 1 second(s)

2018-05-14 13:39:06 - [MESSAGE][PASSED] - Delayed 1 second(s)

2018-05-14 13:39:06 - [TEST_STEP][PASSED] - selectOptionByIndex: All options with index in [33] are selected on object 'Object Repository/MOH AND GRN/Page_KDMC - CMS/select_--Select--Amikacin -500'

2018-05-14 13:39:06 - [MESSAGE][PASSED] - All options with index in [33] are selected on object 'Object Repository/MOH AND GRN/Page_KDMC - CMS/select_--Select--Amikacin -500'

2018-05-14 13:39:06 - [TEST_STEP][PASSED] - setText: Text '5000' is set on object 'Object Repository/MOH AND GRN/Page_KDMC - CMS/input_txtqty'

2018-05-14 13:39:06 - [MESSAGE][PASSED] - Text '5000' is set on object 'Object Repository/MOH AND GRN/Page_KDMC - CMS/input_txtqty'

2018-05-14 13:39:06 - [TEST_STEP][PASSED] - selectOptionByIndex: All options with index in [1] are selected on object 'Object Repository/MOH AND GRN/Page_KDMC - CMS/select_--Select--No Tax0'

2018-05-14 13:39:06 - [MESSAGE][PASSED] - All options with index in [1] are selected on object 'Object Repository/MOH AND GRN/Page_KDMC - CMS/select_--Select--No Tax0'

2018-05-14 13:39:06 - [TEST_STEP][PASSED] - setText: Finding Test Object with id 'Object Repository/MOH AND GRN/Page_KDMC - CMS/input_txtmrp'

2018-05-14 13:39:06 - [TEST_STEP][PASSED] - Statement - switch (id): Finding Test Object with id 'Object Repository/MOH AND GRN/Page_KDMC - CMS/input_txtdeal'

2018-05-14 13:39:06 - [TEST_STEP][PASSED] - Statement - case 4:: Text '17.0' is set on object 'Object Repository/MOH AND GRN/Page_KDMC - CMS/input_txtmrp'

2018-05-14 13:39:06 - [TEST_STEP][PASSED] - Statement - return (java.lang.Math.floor((java.lang.Math.random() * ((max - min) + 1))) + min): Text '17.0' is set on object 'Object Repository/MOH AND GRN/Page_KDMC - CMS/input_txtmrp'

2018-05-14 13:39:06 - [MESSAGE][PASSED] - Text '17.0' is set on object 'Object Repository/MOH AND GRN/Page_KDMC - CMS/input_txtmrp'

2018-05-14 13:39:06 - [TEST_STEP][PASSED] - setText: Finding Test Object with id 'Object Repository/MOH AND GRN/Page_KDMC - CMS/input_txtdeal'

2018-05-14 13:39:06 - [TEST_STEP][PASSED] - Statement - switch (id): Finding Test Object with id 'Object Repository/MOH AND GRN/Page_KDMC - CMS/input_txtbatchno'

2018-05-14 13:39:06 - [TEST_STEP][PASSED] - Statement - case 5:: Text '5.0' is set on object 'Object Repository/MOH AND GRN/Page_KDMC - CMS/input_txtdeal'

2018-05-14 13:39:06 - [TEST_STEP][PASSED] - Statement - return (java.lang.Math.floor((java.lang.Math.random() * ((max - min) + 1))) + min): Text '5.0' is set on object 'Object Repository/MOH AND GRN/Page_KDMC - CMS/input_txtdeal'

2018-05-14 13:39:06 - [MESSAGE][PASSED] - Text '5.0' is set on object 'Object Repository/MOH AND GRN/Page_KDMC - CMS/input_txtdeal'

2018-05-14 13:39:06 - [TEST_STEP][PASSED] - setText: Finding Test Object with id 'Object Repository/MOH AND GRN/Page_KDMC - CMS/input_txtbatchno'

2018-05-14 13:39:06 - [TEST_STEP][PASSED] - Statement - switch (id): Finding Test Object with id 'Object Repository/MOH AND GRN/Page_KDMC - CMS/input_txtmrp'

2018-05-14 13:39:06 - [TEST_STEP][PASSED] - Statement - case 1:: Text 'BA515.0' is set on object 'Object Repository/MOH AND GRN/Page_KDMC - CMS/input_txtbatchno'

2018-05-14 13:39:06 - [TEST_STEP][PASSED] - Statement - return (java.lang.Math.floor((java.lang.Math.random() * ((max - min) + 1))) + min): Text 'BA515.0' is set on object 'Object Repository/MOH AND GRN/Page_KDMC - CMS/input_txtbatchno'

2018-05-14 13:39:07 - [MESSAGE][PASSED] - Text 'BA515.0' is set on object 'Object Repository/MOH AND GRN/Page_KDMC - CMS/input_txtbatchno'

2018-05-14 13:39:07 - [TEST_STEP][PASSED] - rightClick: Object: 'Object Repository/GRN/Page_KDMC - CMS/input_txtexpdate' is right clicked on

2018-05-14 13:39:07 - [MESSAGE][PASSED] - Object: 'Object Repository/GRN/Page_KDMC - CMS/input_txtexpdate' is right clicked on

2018-05-14 13:39:07 - [TEST_STEP][PASSED] - selectOptionByIndex: All options with index in [3] are selected on object 'Object Repository/GRN/Page_KDMC - CMS/select_20182019202020212022202'

2018-05-14 13:39:07 - [MESSAGE][PASSED] - All options with index in [3] are selected on object 'Object Repository/GRN/Page_KDMC - CMS/select_20182019202020212022202'

2018-05-14 13:39:07 - [TEST_STEP][PASSED] - selectOptionByIndex: All options with index in [3] are selected on object 'Object Repository/GRN/Page_KDMC - CMS/select_JanFebMarAprMayJunJulAu'

2018-05-14 13:39:07 - [MESSAGE][PASSED] - All options with index in [3] are selected on object 'Object Repository/GRN/Page_KDMC - CMS/select_JanFebMarAprMayJunJulAu'

2018-05-14 13:39:07 - [TEST_STEP][PASSED] - click: Object: 'Object Repository/MOH AND GRN/Page_KDMC - CMS/a_12' is clicked on

2018-05-14 13:39:07 - [MESSAGE][PASSED] - Object: 'Object Repository/MOH AND GRN/Page_KDMC - CMS/a_12' is clicked on

2018-05-14 13:39:07 - [TEST_STEP][PASSED] - click: Object: 'Object Repository/MOH AND GRN/Page_KDMC - CMS/input_btnadd' is clicked on

2018-05-14 13:39:07 - [MESSAGE][PASSED] - Object: 'Object Repository/MOH AND GRN/Page_KDMC - CMS/input_btnadd' is clicked on

2018-05-14 13:39:07 - [TEST_STEP][PASSED] - Statement - If (s == 10): null

2018-05-14 13:39:07 - [TEST_STEP][PASSED] - Statement - Else: null

2018-05-14 13:39:07 - [TEST_STEP][PASSED] - Statement - (s++): null

2018-05-14 13:39:07 - [TEST_STEP][PASSED] - delay: Delayed 1 second(s)

2018-05-14 13:39:08 - [MESSAGE][PASSED] - Delayed 1 second(s)

2018-05-14 13:39:08 - [TEST_STEP][PASSED] - selectOptionByIndex: All options with index in [34] are selected on object 'Object Repository/MOH AND GRN/Page_KDMC - CMS/select_--Select--Amikacin -500'

2018-05-14 13:39:09 - [MESSAGE][PASSED] - All options with index in [34] are selected on object 'Object Repository/MOH AND GRN/Page_KDMC - CMS/select_--Select--Amikacin -500'

2018-05-14 13:39:09 - [TEST_STEP][PASSED] - setText: Text '5000' is set on object 'Object Repository/MOH AND GRN/Page_KDMC - CMS/input_txtqty'

2018-05-14 13:39:09 - [MESSAGE][PASSED] - Text '5000' is set on object 'Object Repository/MOH AND GRN/Page_KDMC - CMS/input_txtqty'

2018-05-14 13:39:09 - [TEST_STEP][PASSED] - selectOptionByIndex: All options with index in [1] are selected on object 'Object Repository/MOH AND GRN/Page_KDMC - CMS/select_--Select--No Tax0'

2018-05-14 13:39:09 - [MESSAGE][PASSED] - All options with index in [1] are selected on object 'Object Repository/MOH AND GRN/Page_KDMC - CMS/select_--Select--No Tax0'

2018-05-14 13:39:09 - [TEST_STEP][PASSED] - setText: Finding Test Object with id 'Object Repository/MOH AND GRN/Page_KDMC - CMS/input_txtmrp'

2018-05-14 13:39:09 - [TEST_STEP][PASSED] - Statement - switch (id): Finding Test Object with id 'Object Repository/MOH AND GRN/Page_KDMC - CMS/input_txtdeal'

2018-05-14 13:39:09 - [TEST_STEP][PASSED] - Statement - case 4:: Text '35.0' is set on object 'Object Repository/MOH AND GRN/Page_KDMC - CMS/input_txtmrp'

2018-05-14 13:39:09 - [TEST_STEP][PASSED] - Statement - return (java.lang.Math.floor((java.lang.Math.random() * ((max - min) + 1))) + min): Text '35.0' is set on object 'Object Repository/MOH AND GRN/Page_KDMC - CMS/input_txtmrp'

2018-05-14 13:39:09 - [MESSAGE][PASSED] - Text '35.0' is set on object 'Object Repository/MOH AND GRN/Page_KDMC - CMS/input_txtmrp'

2018-05-14 13:39:09 - [TEST_STEP][PASSED] - setText: Finding Test Object with id 'Object Repository/MOH AND GRN/Page_KDMC - CMS/input_txtdeal'

2018-05-14 13:39:09 - [TEST_STEP][PASSED] - Statement - switch (id): Finding Test Object with id 'Object Repository/MOH AND GRN/Page_KDMC - CMS/input_txtbatchno'

2018-05-14 13:39:09 - [TEST_STEP][PASSED] - Statement - case 5:: Text '4.0' is set on object 'Object Repository/MOH AND GRN/Page_KDMC - CMS/input_txtdeal'

2018-05-14 13:39:09 - [TEST_STEP][PASSED] - Statement - return (java.lang.Math.floor((java.lang.Math.random() * ((max - min) + 1))) + min): Text '4.0' is set on object 'Object Repository/MOH AND GRN/Page_KDMC - CMS/input_txtdeal'

2018-05-14 13:39:09 - [MESSAGE][PASSED] - Text '4.0' is set on object 'Object Repository/MOH AND GRN/Page_KDMC - CMS/input_txtdeal'

2018-05-14 13:39:09 - [TEST_STEP][PASSED] - setText: Finding Test Object with id 'Object Repository/MOH AND GRN/Page_KDMC - CMS/input_txtbatchno'

2018-05-14 13:39:09 - [TEST_STEP][PASSED] - Statement - switch (id): Finding Test Object with id 'Object Repository/MOH AND GRN/Page_KDMC - CMS/input_txtmrp'

2018-05-14 13:39:09 - [TEST_STEP][PASSED] - Statement - case 1:: Text 'BA837.0' is set on object 'Object Repository/MOH AND GRN/Page_KDMC - CMS/input_txtbatchno'

2018-05-14 13:39:09 - [TEST_STEP][PASSED] - Statement - return (java.lang.Math.floor((java.lang.Math.random() * ((max - min) + 1))) + min): Text 'BA837.0' is set on object 'Object Repository/MOH AND GRN/Page_KDMC - CMS/input_txtbatchno'

2018-05-14 13:39:09 - [MESSAGE][PASSED] - Text 'BA837.0' is set on object 'Object Repository/MOH AND GRN/Page_KDMC - CMS/input_txtbatchno'

2018-05-14 13:39:09 - [TEST_STEP][PASSED] - rightClick: Object: 'Object Repository/GRN/Page_KDMC - CMS/input_txtexpdate' is right clicked on

2018-05-14 13:39:09 - [MESSAGE][PASSED] - Object: 'Object Repository/GRN/Page_KDMC - CMS/input_txtexpdate' is right clicked on

2018-05-14 13:39:09 - [TEST_STEP][PASSED] - selectOptionByIndex: All options with index in [4] are selected on object 'Object Repository/GRN/Page_KDMC - CMS/select_20182019202020212022202'

2018-05-14 13:39:09 - [MESSAGE][PASSED] - All options with index in [4] are selected on object 'Object Repository/GRN/Page_KDMC - CMS/select_20182019202020212022202'

2018-05-14 13:39:09 - [TEST_STEP][PASSED] - selectOptionByIndex: All options with index in [4] are selected on object 'Object Repository/GRN/Page_KDMC - CMS/select_JanFebMarAprMayJunJulAu'

2018-05-14 13:39:10 - [MESSAGE][PASSED] - All options with index in [4] are selected on object 'Object Repository/GRN/Page_KDMC - CMS/select_JanFebMarAprMayJunJulAu'

2018-05-14 13:39:10 - [TEST_STEP][PASSED] - click: Object: 'Object Repository/MOH AND GRN/Page_KDMC - CMS/a_12' is clicked on

2018-05-14 13:39:10 - [MESSAGE][PASSED] - Object: 'Object Repository/MOH AND GRN/Page_KDMC - CMS/a_12' is clicked on

2018-05-14 13:39:10 - [TEST_STEP][PASSED] - click: Object: 'Object Repository/MOH AND GRN/Page_KDMC - CMS/input_btnadd' is clicked on

2018-05-14 13:39:10 - [MESSAGE][PASSED] - Object: 'Object Repository/MOH AND GRN/Page_KDMC - CMS/input_btnadd' is clicked on

2018-05-14 13:39:10 - [TEST_STEP][PASSED] - Statement - If (s == 10): null

2018-05-14 13:39:10 - [TEST_STEP][PASSED] - Statement - Else: null

2018-05-14 13:39:10 - [TEST_STEP][PASSED] - Statement - (s++): null

2018-05-14 13:39:10 - [TEST_STEP][PASSED] - delay: Delayed 1 second(s)

2018-05-14 13:39:11 - [MESSAGE][PASSED] - Delayed 1 second(s)

2018-05-14 13:39:11 - [TEST_STEP][PASSED] - selectOptionByIndex: All options with index in [35] are selected on object 'Object Repository/MOH AND GRN/Page_KDMC - CMS/select_--Select--Amikacin -500'

2018-05-14 13:39:11 - [MESSAGE][PASSED] - All options with index in [35] are selected on object 'Object Repository/MOH AND GRN/Page_KDMC - CMS/select_--Select--Amikacin -500'

2018-05-14 13:39:11 - [TEST_STEP][PASSED] - setText: Text '5000' is set on object 'Object Repository/MOH AND GRN/Page_KDMC - CMS/input_txtqty'

2018-05-14 13:39:11 - [MESSAGE][PASSED] - Text '5000' is set on object 'Object Repository/MOH AND GRN/Page_KDMC - CMS/input_txtqty'

2018-05-14 13:39:11 - [TEST_STEP][PASSED] - selectOptionByIndex: All options with index in [1] are selected on object 'Object Repository/MOH AND GRN/Page_KDMC - CMS/select_--Select--No Tax0'

2018-05-14 13:39:11 - [MESSAGE][PASSED] - All options with index in [1] are selected on object 'Object Repository/MOH AND GRN/Page_KDMC - CMS/select_--Select--No Tax0'

2018-05-14 13:39:11 - [TEST_STEP][PASSED] - setText: Finding Test Object with id 'Object Repository/MOH AND GRN/Page_KDMC - CMS/input_txtmrp'

2018-05-14 13:39:11 - [TEST_STEP][PASSED] - Statement - switch (id): Finding Test Object with id 'Object Repository/MOH AND GRN/Page_KDMC - CMS/input_txtdeal'

2018-05-14 13:39:11 - [TEST_STEP][PASSED] - Statement - case 4:: Text '36.0' is set on object 'Object Repository/MOH AND GRN/Page_KDMC - CMS/input_txtmrp'

2018-05-14 13:39:11 - [TEST_STEP][PASSED] - Statement - return (java.lang.Math.floor((java.lang.Math.random() * ((max - min) + 1))) + min): Text '36.0' is set on object 'Object Repository/MOH AND GRN/Page_KDMC - CMS/input_txtmrp'

2018-05-14 13:39:11 - [MESSAGE][PASSED] - Text '36.0' is set on object 'Object Repository/MOH AND GRN/Page_KDMC - CMS/input_txtmrp'

2018-05-14 13:39:11 - [TEST_STEP][PASSED] - setText: Finding Test Object with id 'Object Repository/MOH AND GRN/Page_KDMC - CMS/input_txtdeal'

2018-05-14 13:39:12 - [TEST_STEP][PASSED] - Statement - switch (id): Finding Test Object with id 'Object Repository/MOH AND GRN/Page_KDMC - CMS/input_txtbatchno'

2018-05-14 13:39:12 - [TEST_STEP][PASSED] - Statement - case 5:: Text '6.0' is set on object 'Object Repository/MOH AND GRN/Page_KDMC - CMS/input_txtdeal'

2018-05-14 13:39:12 - [TEST_STEP][PASSED] - Statement - return (java.lang.Math.floor((java.lang.Math.random() * ((max - min) + 1))) + min): Text '6.0' is set on object 'Object Repository/MOH AND GRN/Page_KDMC - CMS/input_txtdeal'

2018-05-14 13:39:12 - [MESSAGE][PASSED] - Text '6.0' is set on object 'Object Repository/MOH AND GRN/Page_KDMC - CMS/input_txtdeal'

2018-05-14 13:39:12 - [TEST_STEP][PASSED] - setText: Finding Test Object with id 'Object Repository/MOH AND GRN/Page_KDMC - CMS/input_txtbatchno'

2018-05-14 13:39:12 - [TEST_STEP][PASSED] - Statement - switch (id): Finding Test Object with id 'Object Repository/MOH AND GRN/Page_KDMC - CMS/input_txtmrp'

2018-05-14 13:39:12 - [TEST_STEP][PASSED] - Statement - case 1:: Text 'BA442.0' is set on object 'Object Repository/MOH AND GRN/Page_KDMC - CMS/input_txtbatchno'

2018-05-14 13:39:12 - [TEST_STEP][PASSED] - Statement - return (java.lang.Math.floor((java.lang.Math.random() * ((max - min) + 1))) + min): Text 'BA442.0' is set on object 'Object Repository/MOH AND GRN/Page_KDMC - CMS/input_txtbatchno'

2018-05-14 13:39:12 - [MESSAGE][PASSED] - Text 'BA442.0' is set on object 'Object Repository/MOH AND GRN/Page_KDMC - CMS/input_txtbatchno'

2018-05-14 13:39:12 - [TEST_STEP][PASSED] - rightClick: Object: 'Object Repository/GRN/Page_KDMC - CMS/input_txtexpdate' is right clicked on

2018-05-14 13:39:12 - [MESSAGE][PASSED] - Object: 'Object Repository/GRN/Page_KDMC - CMS/input_txtexpdate' is right clicked on

2018-05-14 13:39:12 - [TEST_STEP][PASSED] - selectOptionByIndex: All options with index in [5] are selected on object 'Object Repository/GRN/Page_KDMC - CMS/select_20182019202020212022202'

2018-05-14 13:39:12 - [MESSAGE][PASSED] - All options with index in [5] are selected on object 'Object Repository/GRN/Page_KDMC - CMS/select_20182019202020212022202'

2018-05-14 13:39:12 - [TEST_STEP][PASSED] - selectOptionByIndex: All options with index in [5] are selected on object 'Object Repository/GRN/Page_KDMC - CMS/select_JanFebMarAprMayJunJulAu'

2018-05-14 13:39:12 - [MESSAGE][PASSED] - All options with index in [5] are selected on object 'Object Repository/GRN/Page_KDMC - CMS/select_JanFebMarAprMayJunJulAu'

2018-05-14 13:39:12 - [TEST_STEP][PASSED] - click: Object: 'Object Repository/MOH AND GRN/Page_KDMC - CMS/a_12' is clicked on

2018-05-14 13:39:12 - [MESSAGE][PASSED] - Object: 'Object Repository/MOH AND GRN/Page_KDMC - CMS/a_12' is clicked on

2018-05-14 13:39:12 - [TEST_STEP][PASSED] - click: Object: 'Object Repository/MOH AND GRN/Page_KDMC - CMS/input_btnadd' is clicked on

2018-05-14 13:39:12 - [MESSAGE][PASSED] - Object: 'Object Repository/MOH AND GRN/Page_KDMC - CMS/input_btnadd' is clicked on

2018-05-14 13:39:12 - [TEST_STEP][PASSED] - Statement - If (s == 10): null

2018-05-14 13:39:12 - [TEST_STEP][PASSED] - Statement - Else: null

2018-05-14 13:39:12 - [TEST_STEP][PASSED] - Statement - (s++): null

2018-05-14 13:39:12 - [TEST_STEP][PASSED] - delay: Delayed 1 second(s)

2018-05-14 13:39:13 - [MESSAGE][PASSED] - Delayed 1 second(s)

2018-05-14 13:39:13 - [TEST_STEP][PASSED] - selectOptionByIndex: All options with index in [36] are selected on object 'Object Repository/MOH AND GRN/Page_KDMC - CMS/select_--Select--Amikacin -500'

2018-05-14 13:39:14 - [MESSAGE][PASSED] - All options with index in [36] are selected on object 'Object Repository/MOH AND GRN/Page_KDMC - CMS/select_--Select--Amikacin -500'

2018-05-14 13:39:14 - [TEST_STEP][PASSED] - setText: Text '5000' is set on object 'Object Repository/MOH AND GRN/Page_KDMC - CMS/input_txtqty'

2018-05-14 13:39:14 - [MESSAGE][PASSED] - Text '5000' is set on object 'Object Repository/MOH AND GRN/Page_KDMC - CMS/input_txtqty'

2018-05-14 13:39:14 - [TEST_STEP][PASSED] - selectOptionByIndex: All options with index in [1] are selected on object 'Object Repository/MOH AND GRN/Page_KDMC - CMS/select_--Select--No Tax0'

2018-05-14 13:39:14 - [MESSAGE][PASSED] - All options with index in [1] are selected on object 'Object Repository/MOH AND GRN/Page_KDMC - CMS/select_--Select--No Tax0'

2018-05-14 13:39:14 - [TEST_STEP][PASSED] - setText: Finding Test Object with id 'Object Repository/MOH AND GRN/Page_KDMC - CMS/input_txtmrp'

2018-05-14 13:39:14 - [TEST_STEP][PASSED] - Statement - switch (id): Finding Test Object with id 'Object Repository/MOH AND GRN/Page_KDMC - CMS/input_txtdeal'

2018-05-14 13:39:14 - [TEST_STEP][PASSED] - Statement - case 4:: Text '30.0' is set on object 'Object Repository/MOH AND GRN/Page_KDMC - CMS/input_txtmrp'

2018-05-14 13:39:14 - [TEST_STEP][PASSED] - Statement - return (java.lang.Math.floor((java.lang.Math.random() * ((max - min) + 1))) + min): Text '30.0' is set on object 'Object Repository/MOH AND GRN/Page_KDMC - CMS/input_txtmrp'

2018-05-14 13:39:14 - [MESSAGE][PASSED] - Text '30.0' is set on object 'Object Repository/MOH AND GRN/Page_KDMC - CMS/input_txtmrp'

2018-05-14 13:39:14 - [TEST_STEP][PASSED] - setText: Finding Test Object with id 'Object Repository/MOH AND GRN/Page_KDMC - CMS/input_txtdeal'

2018-05-14 13:39:14 - [TEST_STEP][PASSED] - Statement - switch (id): Finding Test Object with id 'Object Repository/MOH AND GRN/Page_KDMC - CMS/input_txtbatchno'

2018-05-14 13:39:14 - [TEST_STEP][PASSED] - Statement - case 5:: Text '7.0' is set on object 'Object Repository/MOH AND GRN/Page_KDMC - CMS/input_txtdeal'

2018-05-14 13:39:14 - [TEST_STEP][PASSED] - Statement - return (java.lang.Math.floor((java.lang.Math.random() * ((max - min) + 1))) + min): Text '7.0' is set on object 'Object Repository/MOH AND GRN/Page_KDMC - CMS/input_txtdeal'

2018-05-14 13:39:14 - [MESSAGE][PASSED] - Text '7.0' is set on object 'Object Repository/MOH AND GRN/Page_KDMC - CMS/input_txtdeal'

2018-05-14 13:39:14 - [TEST_STEP][PASSED] - setText: Finding Test Object with id 'Object Repository/MOH AND GRN/Page_KDMC - CMS/input_txtbatchno'

2018-05-14 13:39:14 - [TEST_STEP][PASSED] - Statement - switch (id): Finding Test Object with id 'Object Repository/MOH AND GRN/Page_KDMC - CMS/input_txtmrp'

2018-05-14 13:39:14 - [TEST_STEP][PASSED] - Statement - case 1:: Text 'BA699.0' is set on object 'Object Repository/MOH AND GRN/Page_KDMC - CMS/input_txtbatchno'

2018-05-14 13:39:14 - [TEST_STEP][PASSED] - Statement - return (java.lang.Math.floor((java.lang.Math.random() * ((max - min) + 1))) + min): Text 'BA699.0' is set on object 'Object Repository/MOH AND GRN/Page_KDMC - CMS/input_txtbatchno'

2018-05-14 13:39:14 - [MESSAGE][PASSED] - Text 'BA699.0' is set on object 'Object Repository/MOH AND GRN/Page_KDMC - CMS/input_txtbatchno'

2018-05-14 13:39:14 - [TEST_STEP][PASSED] - rightClick: Object: 'Object Repository/GRN/Page_KDMC - CMS/input_txtexpdate' is right clicked on

2018-05-14 13:39:15 - [MESSAGE][PASSED] - Object: 'Object Repository/GRN/Page_KDMC - CMS/input_txtexpdate' is right clicked on

2018-05-14 13:39:15 - [TEST_STEP][PASSED] - selectOptionByIndex: All options with index in [6] are selected on object 'Object Repository/GRN/Page_KDMC - CMS/select_20182019202020212022202'

2018-05-14 13:39:15 - [MESSAGE][PASSED] - All options with index in [6] are selected on object 'Object Repository/GRN/Page_KDMC - CMS/select_20182019202020212022202'

2018-05-14 13:39:15 - [TEST_STEP][PASSED] - selectOptionByIndex: All options with index in [6] are selected on object 'Object Repository/GRN/Page_KDMC - CMS/select_JanFebMarAprMayJunJulAu'

2018-05-14 13:39:15 - [MESSAGE][PASSED] - All options with index in [6] are selected on object 'Object Repository/GRN/Page_KDMC - CMS/select_JanFebMarAprMayJunJulAu'

2018-05-14 13:39:15 - [TEST_STEP][PASSED] - click: Object: 'Object Repository/MOH AND GRN/Page_KDMC - CMS/a_12' is clicked on

2018-05-14 13:39:15 - [MESSAGE][PASSED] - Object: 'Object Repository/MOH AND GRN/Page_KDMC - CMS/a_12' is clicked on

2018-05-14 13:39:15 - [TEST_STEP][PASSED] - click: Object: 'Object Repository/MOH AND GRN/Page_KDMC - CMS/input_btnadd' is clicked on

2018-05-14 13:39:15 - [MESSAGE][PASSED] - Object: 'Object Repository/MOH AND GRN/Page_KDMC - CMS/input_btnadd' is clicked on

2018-05-14 13:39:15 - [TEST_STEP][PASSED] - Statement - If (s == 10): null

2018-05-14 13:39:15 - [TEST_STEP][PASSED] - Statement - Else: null

2018-05-14 13:39:15 - [TEST_STEP][PASSED] - Statement - (s++): null

2018-05-14 13:39:15 - [TEST_STEP][PASSED] - delay: Delayed 1 second(s)

2018-05-14 13:39:16 - [MESSAGE][PASSED] - Delayed 1 second(s)

2018-05-14 13:39:16 - [TEST_STEP][PASSED] - selectOptionByIndex: All options with index in [37] are selected on object 'Object Repository/MOH AND GRN/Page_KDMC - CMS/select_--Select--Amikacin -500'

2018-05-14 13:39:17 - [MESSAGE][PASSED] - All options with index in [37] are selected on object 'Object Repository/MOH AND GRN/Page_KDMC - CMS/select_--Select--Amikacin -500'

2018-05-14 13:39:17 - [TEST_STEP][PASSED] - setText: Text '5000' is set on object 'Object Repository/MOH AND GRN/Page_KDMC - CMS/input_txtqty'

2018-05-14 13:39:17 - [MESSAGE][PASSED] - Text '5000' is set on object 'Object Repository/MOH AND GRN/Page_KDMC - CMS/input_txtqty'

2018-05-14 13:39:17 - [TEST_STEP][PASSED] - selectOptionByIndex: All options with index in [1] are selected on object 'Object Repository/MOH AND GRN/Page_KDMC - CMS/select_--Select--No Tax0'

2018-05-14 13:39:17 - [MESSAGE][PASSED] - All options with index in [1] are selected on object 'Object Repository/MOH AND GRN/Page_KDMC - CMS/select_--Select--No Tax0'

2018-05-14 13:39:17 - [TEST_STEP][PASSED] - setText: Finding Test Object with id 'Object Repository/MOH AND GRN/Page_KDMC - CMS/input_txtmrp'

2018-05-14 13:39:17 - [TEST_STEP][PASSED] - Statement - switch (id): Finding Test Object with id 'Object Repository/MOH AND GRN/Page_KDMC - CMS/input_txtdeal'

2018-05-14 13:39:17 - [TEST_STEP][PASSED] - Statement - case 4:: Text '15.0' is set on object 'Object Repository/MOH AND GRN/Page_KDMC - CMS/input_txtmrp'

2018-05-14 13:39:17 - [TEST_STEP][PASSED] - Statement - return (java.lang.Math.floor((java.lang.Math.random() * ((max - min) + 1))) + min): Text '15.0' is set on object 'Object Repository/MOH AND GRN/Page_KDMC - CMS/input_txtmrp'

2018-05-14 13:39:17 - [MESSAGE][PASSED] - Text '15.0' is set on object 'Object Repository/MOH AND GRN/Page_KDMC - CMS/input_txtmrp'

2018-05-14 13:39:17 - [TEST_STEP][PASSED] - setText: Finding Test Object with id 'Object Repository/MOH AND GRN/Page_KDMC - CMS/input_txtdeal'

2018-05-14 13:39:17 - [TEST_STEP][PASSED] - Statement - switch (id): Finding Test Object with id 'Object Repository/MOH AND GRN/Page_KDMC - CMS/input_txtbatchno'

2018-05-14 13:39:17 - [TEST_STEP][PASSED] - Statement - case 5:: Text '8.0' is set on object 'Object Repository/MOH AND GRN/Page_KDMC - CMS/input_txtdeal'

2018-05-14 13:39:17 - [TEST_STEP][PASSED] - Statement - return (java.lang.Math.floor((java.lang.Math.random() * ((max - min) + 1))) + min): Text '8.0' is set on object 'Object Repository/MOH AND GRN/Page_KDMC - CMS/input_txtdeal'

2018-05-14 13:39:17 - [MESSAGE][PASSED] - Text '8.0' is set on object 'Object Repository/MOH AND GRN/Page_KDMC - CMS/input_txtdeal'

2018-05-14 13:39:17 - [TEST_STEP][PASSED] - setText: Finding Test Object with id 'Object Repository/MOH AND GRN/Page_KDMC - CMS/input_txtbatchno'

2018-05-14 13:39:17 - [TEST_STEP][PASSED] - Statement - switch (id): Finding Test Object with id 'Object Repository/MOH AND GRN/Page_KDMC - CMS/input_txtmrp'

2018-05-14 13:39:17 - [TEST_STEP][PASSED] - Statement - case 1:: Text 'BA576.0' is set on object 'Object Repository/MOH AND GRN/Page_KDMC - CMS/input_txtbatchno'

2018-05-14 13:39:17 - [TEST_STEP][PASSED] - Statement - return (java.lang.Math.floor((java.lang.Math.random() * ((max - min) + 1))) + min): Text 'BA576.0' is set on object 'Object Repository/MOH AND GRN/Page_KDMC - CMS/input_txtbatchno'

2018-05-14 13:39:17 - [MESSAGE][PASSED] - Text 'BA576.0' is set on object 'Object Repository/MOH AND GRN/Page_KDMC - CMS/input_txtbatchno'

2018-05-14 13:39:17 - [TEST_STEP][PASSED] - rightClick: Object: 'Object Repository/GRN/Page_KDMC - CMS/input_txtexpdate' is right clicked on

2018-05-14 13:39:17 - [MESSAGE][PASSED] - Object: 'Object Repository/GRN/Page_KDMC - CMS/input_txtexpdate' is right clicked on

2018-05-14 13:39:17 - [TEST_STEP][PASSED] - selectOptionByIndex: All options with index in [7] are selected on object 'Object Repository/GRN/Page_KDMC - CMS/select_20182019202020212022202'

2018-05-14 13:39:17 - [MESSAGE][PASSED] - All options with index in [7] are selected on object 'Object Repository/GRN/Page_KDMC - CMS/select_20182019202020212022202'

2018-05-14 13:39:17 - [TEST_STEP][PASSED] - selectOptionByIndex: All options with index in [7] are selected on object 'Object Repository/GRN/Page_KDMC - CMS/select_JanFebMarAprMayJunJulAu'

2018-05-14 13:39:18 - [MESSAGE][PASSED] - All options with index in [7] are selected on object 'Object Repository/GRN/Page_KDMC - CMS/select_JanFebMarAprMayJunJulAu'

2018-05-14 13:39:18 - [TEST_STEP][PASSED] - click: Object: 'Object Repository/MOH AND GRN/Page_KDMC - CMS/a_12' is clicked on

2018-05-14 13:39:18 - [MESSAGE][PASSED] - Object: 'Object Repository/MOH AND GRN/Page_KDMC - CMS/a_12' is clicked on

2018-05-14 13:39:18 - [TEST_STEP][PASSED] - click: Object: 'Object Repository/MOH AND GRN/Page_KDMC - CMS/input_btnadd' is clicked on

2018-05-14 13:39:18 - [MESSAGE][PASSED] - Object: 'Object Repository/MOH AND GRN/Page_KDMC - CMS/input_btnadd' is clicked on

2018-05-14 13:39:18 - [TEST_STEP][PASSED] - Statement - If (s == 10): null

2018-05-14 13:39:18 - [TEST_STEP][PASSED] - Statement - Else: null

2018-05-14 13:39:18 - [TEST_STEP][PASSED] - Statement - (s++): null

2018-05-14 13:39:18 - [TEST_STEP][PASSED] - delay: Delayed 1 second(s)

2018-05-14 13:39:19 - [MESSAGE][PASSED] - Delayed 1 second(s)

2018-05-14 13:39:19 - [TEST_STEP][PASSED] - selectOptionByIndex: All options with index in [38] are selected on object 'Object Repository/MOH AND GRN/Page_KDMC - CMS/select_--Select--Amikacin -500'

2018-05-14 13:39:19 - [MESSAGE][PASSED] - All options with index in [38] are selected on object 'Object Repository/MOH AND GRN/Page_KDMC - CMS/select_--Select--Amikacin -500'

2018-05-14 13:39:19 - [TEST_STEP][PASSED] - setText: Text '5000' is set on object 'Object Repository/MOH AND GRN/Page_KDMC - CMS/input_txtqty'

2018-05-14 13:39:19 - [MESSAGE][PASSED] - Text '5000' is set on object 'Object Repository/MOH AND GRN/Page_KDMC - CMS/input_txtqty'

2018-05-14 13:39:19 - [TEST_STEP][PASSED] - selectOptionByIndex: All options with index in [1] are selected on object 'Object Repository/MOH AND GRN/Page_KDMC - CMS/select_--Select--No Tax0'

2018-05-14 13:39:20 - [MESSAGE][PASSED] - All options with index in [1] are selected on object 'Object Repository/MOH AND GRN/Page_KDMC - CMS/select_--Select--No Tax0'

2018-05-14 13:39:20 - [TEST_STEP][PASSED] - setText: Finding Test Object with id 'Object Repository/MOH AND GRN/Page_KDMC - CMS/input_txtmrp'

2018-05-14 13:39:20 - [TEST_STEP][PASSED] - Statement - switch (id): Finding Test Object with id 'Object Repository/MOH AND GRN/Page_KDMC - CMS/input_txtdeal'

2018-05-14 13:39:20 - [TEST_STEP][PASSED] - Statement - case 4:: Text '31.0' is set on object 'Object Repository/MOH AND GRN/Page_KDMC - CMS/input_txtmrp'

2018-05-14 13:39:20 - [TEST_STEP][PASSED] - Statement - return (java.lang.Math.floor((java.lang.Math.random() * ((max - min) + 1))) + min): Text '31.0' is set on object 'Object Repository/MOH AND GRN/Page_KDMC - CMS/input_txtmrp'

2018-05-14 13:39:20 - [MESSAGE][PASSED] - Text '31.0' is set on object 'Object Repository/MOH AND GRN/Page_KDMC - CMS/input_txtmrp'

2018-05-14 13:39:20 - [TEST_STEP][PASSED] - setText: Finding Test Object with id 'Object Repository/MOH AND GRN/Page_KDMC - CMS/input_txtdeal'

2018-05-14 13:39:20 - [TEST_STEP][PASSED] - Statement - switch (id): Finding Test Object with id 'Object Repository/MOH AND GRN/Page_KDMC - CMS/input_txtbatchno'

2018-05-14 13:39:20 - [TEST_STEP][PASSED] - Statement - case 5:: Text '4.0' is set on object 'Object Repository/MOH AND GRN/Page_KDMC - CMS/input_txtdeal'

2018-05-14 13:39:20 - [TEST_STEP][PASSED] - Statement - return (java.lang.Math.floor((java.lang.Math.random() * ((max - min) + 1))) + min): Text '4.0' is set on object 'Object Repository/MOH AND GRN/Page_KDMC - CMS/input_txtdeal'

2018-05-14 13:39:20 - [MESSAGE][PASSED] - Text '4.0' is set on object 'Object Repository/MOH AND GRN/Page_KDMC - CMS/input_txtdeal'

2018-05-14 13:39:20 - [TEST_STEP][PASSED] - setText: Finding Test Object with id 'Object Repository/MOH AND GRN/Page_KDMC - CMS/input_txtbatchno'

2018-05-14 13:39:20 - [TEST_STEP][PASSED] - Statement - switch (id): Finding Test Object with id 'Object Repository/MOH AND GRN/Page_KDMC - CMS/input_txtmrp'

2018-05-14 13:39:20 - [TEST_STEP][PASSED] - Statement - case 1:: Text 'BA394.0' is set on object 'Object Repository/MOH AND GRN/Page_KDMC - CMS/input_txtbatchno'

2018-05-14 13:39:20 - [TEST_STEP][PASSED] - Statement - return (java.lang.Math.floor((java.lang.Math.random() * ((max - min) + 1))) + min): Text 'BA394.0' is set on object 'Object Repository/MOH AND GRN/Page_KDMC - CMS/input_txtbatchno'

2018-05-14 13:39:20 - [MESSAGE][PASSED] - Text 'BA394.0' is set on object 'Object Repository/MOH AND GRN/Page_KDMC - CMS/input_txtbatchno'

2018-05-14 13:39:20 - [TEST_STEP][PASSED] - rightClick: Object: 'Object Repository/GRN/Page_KDMC - CMS/input_txtexpdate' is right clicked on

2018-05-14 13:39:20 - [MESSAGE][PASSED] - Object: 'Object Repository/GRN/Page_KDMC - CMS/input_txtexpdate' is right clicked on

2018-05-14 13:39:20 - [TEST_STEP][PASSED] - selectOptionByIndex: All options with index in [8] are selected on object 'Object Repository/GRN/Page_KDMC - CMS/select_20182019202020212022202'

2018-05-14 13:39:20 - [MESSAGE][PASSED] - All options with index in [8] are selected on object 'Object Repository/GRN/Page_KDMC - CMS/select_20182019202020212022202'

2018-05-14 13:39:20 - [TEST_STEP][PASSED] - selectOptionByIndex: All options with index in [8] are selected on object 'Object Repository/GRN/Page_KDMC - CMS/select_JanFebMarAprMayJunJulAu'

2018-05-14 13:39:21 - [MESSAGE][PASSED] - All options with index in [8] are selected on object 'Object Repository/GRN/Page_KDMC - CMS/select_JanFebMarAprMayJunJulAu'

2018-05-14 13:39:21 - [TEST_STEP][PASSED] - click: Object: 'Object Repository/MOH AND GRN/Page_KDMC - CMS/a_12' is clicked on

2018-05-14 13:39:21 - [MESSAGE][PASSED] - Object: 'Object Repository/MOH AND GRN/Page_KDMC - CMS/a_12' is clicked on

2018-05-14 13:39:21 - [TEST_STEP][PASSED] - click: Object: 'Object Repository/MOH AND GRN/Page_KDMC - CMS/input_btnadd' is clicked on

2018-05-14 13:39:21 - [MESSAGE][PASSED] - Object: 'Object Repository/MOH AND GRN/Page_KDMC - CMS/input_btnadd' is clicked on

2018-05-14 13:39:21 - [TEST_STEP][PASSED] - Statement - If (s == 10): null

2018-05-14 13:39:21 - [TEST_STEP][PASSED] - Statement - Else: null

2018-05-14 13:39:21 - [TEST_STEP][PASSED] - Statement - (s++): null

2018-05-14 13:39:21 - [TEST_STEP][PASSED] - delay: Delayed 1 second(s)

2018-05-14 13:39:22 - [MESSAGE][PASSED] - Delayed 1 second(s)

2018-05-14 13:39:22 - [TEST_STEP][PASSED] - selectOptionByIndex: All options with index in [39] are selected on object 'Object Repository/MOH AND GRN/Page_KDMC - CMS/select_--Select--Amikacin -500'

2018-05-14 13:39:22 - [MESSAGE][PASSED] - All options with index in [39] are selected on object 'Object Repository/MOH AND GRN/Page_KDMC - CMS/select_--Select--Amikacin -500'

2018-05-14 13:39:22 - [TEST_STEP][PASSED] - setText: Text '5000' is set on object 'Object Repository/MOH AND GRN/Page_KDMC - CMS/input_txtqty'

2018-05-14 13:39:22 - [MESSAGE][PASSED] - Text '5000' is set on object 'Object Repository/MOH AND GRN/Page_KDMC - CMS/input_txtqty'

2018-05-14 13:39:22 - [TEST_STEP][PASSED] - selectOptionByIndex: All options with index in [1] are selected on object 'Object Repository/MOH AND GRN/Page_KDMC - CMS/select_--Select--No Tax0'

2018-05-14 13:39:22 - [MESSAGE][PASSED] - All options with index in [1] are selected on object 'Object Repository/MOH AND GRN/Page_KDMC - CMS/select_--Select--No Tax0'

2018-05-14 13:39:22 - [TEST_STEP][PASSED] - setText: Finding Test Object with id 'Object Repository/MOH AND GRN/Page_KDMC - CMS/input_txtmrp'

2018-05-14 13:39:22 - [TEST_STEP][PASSED] - Statement - switch (id): Finding Test Object with id 'Object Repository/MOH AND GRN/Page_KDMC - CMS/input_txtdeal'

2018-05-14 13:39:22 - [TEST_STEP][PASSED] - Statement - case 4:: Text '31.0' is set on object 'Object Repository/MOH AND GRN/Page_KDMC - CMS/input_txtmrp'

2018-05-14 13:39:22 - [TEST_STEP][PASSED] - Statement - return (java.lang.Math.floor((java.lang.Math.random() * ((max - min) + 1))) + min): Text '31.0' is set on object 'Object Repository/MOH AND GRN/Page_KDMC - CMS/input_txtmrp'

2018-05-14 13:39:23 - [MESSAGE][PASSED] - Text '31.0' is set on object 'Object Repository/MOH AND GRN/Page_KDMC - CMS/input_txtmrp'

2018-05-14 13:39:23 - [TEST_STEP][PASSED] - setText: Finding Test Object with id 'Object Repository/MOH AND GRN/Page_KDMC - CMS/input_txtdeal'

2018-05-14 13:39:23 - [TEST_STEP][PASSED] - Statement - switch (id): Finding Test Object with id 'Object Repository/MOH AND GRN/Page_KDMC - CMS/input_txtbatchno'

2018-05-14 13:39:23 - [TEST_STEP][PASSED] - Statement - case 5:: Text '6.0' is set on object 'Object Repository/MOH AND GRN/Page_KDMC - CMS/input_txtdeal'

2018-05-14 13:39:23 - [TEST_STEP][PASSED] - Statement - return (java.lang.Math.floor((java.lang.Math.random() * ((max - min) + 1))) + min): Text '6.0' is set on object 'Object Repository/MOH AND GRN/Page_KDMC - CMS/input_txtdeal'

2018-05-14 13:39:23 - [MESSAGE][PASSED] - Text '6.0' is set on object 'Object Repository/MOH AND GRN/Page_KDMC - CMS/input_txtdeal'

2018-05-14 13:39:23 - [TEST_STEP][PASSED] - setText: Finding Test Object with id 'Object Repository/MOH AND GRN/Page_KDMC - CMS/input_txtbatchno'

2018-05-14 13:39:23 - [TEST_STEP][PASSED] - Statement - switch (id): Finding Test Object with id 'Object Repository/MOH AND GRN/Page_KDMC - CMS/input_txtmrp'

2018-05-14 13:39:23 - [TEST_STEP][PASSED] - Statement - case 1:: Text 'BA506.0' is set on object 'Object Repository/MOH AND GRN/Page_KDMC - CMS/input_txtbatchno'

2018-05-14 13:39:23 - [TEST_STEP][PASSED] - Statement - return (java.lang.Math.floor((java.lang.Math.random() * ((max - min) + 1))) + min): Text 'BA506.0' is set on object 'Object Repository/MOH AND GRN/Page_KDMC - CMS/input_txtbatchno'

2018-05-14 13:39:23 - [MESSAGE][PASSED] - Text 'BA506.0' is set on object 'Object Repository/MOH AND GRN/Page_KDMC - CMS/input_txtbatchno'

2018-05-14 13:39:23 - [TEST_STEP][PASSED] - rightClick: Object: 'Object Repository/GRN/Page_KDMC - CMS/input_txtexpdate' is right clicked on

2018-05-14 13:39:23 - [MESSAGE][PASSED] - Object: 'Object Repository/GRN/Page_KDMC - CMS/input_txtexpdate' is right clicked on

2018-05-14 13:39:23 - [TEST_STEP][PASSED] - selectOptionByIndex: All options with index in [9] are selected on object 'Object Repository/GRN/Page_KDMC - CMS/select_20182019202020212022202'

2018-05-14 13:39:23 - [MESSAGE][PASSED] - All options with index in [9] are selected on object 'Object Repository/GRN/Page_KDMC - CMS/select_20182019202020212022202'

2018-05-14 13:39:23 - [TEST_STEP][PASSED] - selectOptionByIndex: All options with index in [9] are selected on object 'Object Repository/GRN/Page_KDMC - CMS/select_JanFebMarAprMayJunJulAu'

2018-05-14 13:39:23 - [MESSAGE][PASSED] - All options with index in [9] are selected on object 'Object Repository/GRN/Page_KDMC - CMS/select_JanFebMarAprMayJunJulAu'

2018-05-14 13:39:23 - [TEST_STEP][PASSED] - click: Object: 'Object Repository/MOH AND GRN/Page_KDMC - CMS/a_12' is clicked on

2018-05-14 13:39:23 - [MESSAGE][PASSED] - Object: 'Object Repository/MOH AND GRN/Page_KDMC - CMS/a_12' is clicked on

2018-05-14 13:39:23 - [TEST_STEP][PASSED] - click: Object: 'Object Repository/MOH AND GRN/Page_KDMC - CMS/input_btnadd' is clicked on

2018-05-14 13:39:24 - [MESSAGE][PASSED] - Object: 'Object Repository/MOH AND GRN/Page_KDMC - CMS/input_btnadd' is clicked on

2018-05-14 13:39:24 - [TEST_STEP][PASSED] - Statement - If (s == 10): null

2018-05-14 13:39:24 - [TEST_STEP][PASSED] - Statement - Else: null

2018-05-14 13:39:24 - [TEST_STEP][PASSED] - Statement - (s++): null

2018-05-14 13:39:24 - [TEST_STEP][PASSED] - delay: Delayed 1 second(s)

2018-05-14 13:39:25 - [MESSAGE][PASSED] - Delayed 1 second(s)

2018-05-14 13:39:25 - [TEST_STEP][PASSED] - selectOptionByIndex: All options with index in [40] are selected on object 'Object Repository/MOH AND GRN/Page_KDMC - CMS/select_--Select--Amikacin -500'

2018-05-14 13:39:25 - [MESSAGE][PASSED] - All options with index in [40] are selected on object 'Object Repository/MOH AND GRN/Page_KDMC - CMS/select_--Select--Amikacin -500'

2018-05-14 13:39:25 - [TEST_STEP][PASSED] - setText: Text '5000' is set on object 'Object Repository/MOH AND GRN/Page_KDMC - CMS/input_txtqty'

2018-05-14 13:39:25 - [MESSAGE][PASSED] - Text '5000' is set on object 'Object Repository/MOH AND GRN/Page_KDMC - CMS/input_txtqty'

2018-05-14 13:39:25 - [TEST_STEP][PASSED] - selectOptionByIndex: All options with index in [1] are selected on object 'Object Repository/MOH AND GRN/Page_KDMC - CMS/select_--Select--No Tax0'

2018-05-14 13:39:25 - [MESSAGE][PASSED] - All options with index in [1] are selected on object 'Object Repository/MOH AND GRN/Page_KDMC - CMS/select_--Select--No Tax0'

2018-05-14 13:39:25 - [TEST_STEP][PASSED] - setText: Finding Test Object with id 'Object Repository/MOH AND GRN/Page_KDMC - CMS/input_txtmrp'

2018-05-14 13:39:25 - [TEST_STEP][PASSED] - Statement - switch (id): Finding Test Object with id 'Object Repository/MOH AND GRN/Page_KDMC - CMS/input_txtdeal'

2018-05-14 13:39:25 - [TEST_STEP][PASSED] - Statement - case 4:: Text '44.0' is set on object 'Object Repository/MOH AND GRN/Page_KDMC - CMS/input_txtmrp'

2018-05-14 13:39:25 - [TEST_STEP][PASSED] - Statement - return (java.lang.Math.floor((java.lang.Math.random() * ((max - min) + 1))) + min): Text '44.0' is set on object 'Object Repository/MOH AND GRN/Page_KDMC - CMS/input_txtmrp'

2018-05-14 13:39:25 - [MESSAGE][PASSED] - Text '44.0' is set on object 'Object Repository/MOH AND GRN/Page_KDMC - CMS/input_txtmrp'

2018-05-14 13:39:25 - [TEST_STEP][PASSED] - setText: Finding Test Object with id 'Object Repository/MOH AND GRN/Page_KDMC - CMS/input_txtdeal'

2018-05-14 13:39:25 - [TEST_STEP][PASSED] - Statement - switch (id): Finding Test Object with id 'Object Repository/MOH AND GRN/Page_KDMC - CMS/input_txtbatchno'

2018-05-14 13:39:25 - [TEST_STEP][PASSED] - Statement - case 5:: Text '4.0' is set on object 'Object Repository/MOH AND GRN/Page_KDMC - CMS/input_txtdeal'

2018-05-14 13:39:25 - [TEST_STEP][PASSED] - Statement - return (java.lang.Math.floor((java.lang.Math.random() * ((max - min) + 1))) + min): Text '4.0' is set on object 'Object Repository/MOH AND GRN/Page_KDMC - CMS/input_txtdeal'

2018-05-14 13:39:26 - [MESSAGE][PASSED] - Text '4.0' is set on object 'Object Repository/MOH AND GRN/Page_KDMC - CMS/input_txtdeal'

2018-05-14 13:39:26 - [TEST_STEP][PASSED] - setText: Finding Test Object with id 'Object Repository/MOH AND GRN/Page_KDMC - CMS/input_txtbatchno'

2018-05-14 13:39:26 - [TEST_STEP][PASSED] - Statement - switch (id): Finding Test Object with id 'Object Repository/MOH AND GRN/Page_KDMC - CMS/input_txtmrp'

2018-05-14 13:39:26 - [TEST_STEP][PASSED] - Statement - case 1:: Text 'BA683.0' is set on object 'Object Repository/MOH AND GRN/Page_KDMC - CMS/input_txtbatchno'

2018-05-14 13:39:26 - [TEST_STEP][PASSED] - Statement - return (java.lang.Math.floor((java.lang.Math.random() * ((max - min) + 1))) + min): Text 'BA683.0' is set on object 'Object Repository/MOH AND GRN/Page_KDMC - CMS/input_txtbatchno'

2018-05-14 13:39:26 - [MESSAGE][PASSED] - Text 'BA683.0' is set on object 'Object Repository/MOH AND GRN/Page_KDMC - CMS/input_txtbatchno'

2018-05-14 13:39:26 - [TEST_STEP][PASSED] - rightClick: Object: 'Object Repository/GRN/Page_KDMC - CMS/input_txtexpdate' is right clicked on

2018-05-14 13:39:26 - [MESSAGE][PASSED] - Object: 'Object Repository/GRN/Page_KDMC - CMS/input_txtexpdate' is right clicked on

2018-05-14 13:39:26 - [TEST_STEP][PASSED] - selectOptionByIndex: All options with index in [10] are selected on object 'Object Repository/GRN/Page_KDMC - CMS/select_20182019202020212022202'

2018-05-14 13:39:26 - [MESSAGE][PASSED] - All options with index in [10] are selected on object 'Object Repository/GRN/Page_KDMC - CMS/select_20182019202020212022202'

2018-05-14 13:39:26 - [TEST_STEP][PASSED] - selectOptionByIndex: All options with index in [10] are selected on object 'Object Repository/GRN/Page_KDMC - CMS/select_JanFebMarAprMayJunJulAu'

2018-05-14 13:39:26 - [MESSAGE][PASSED] - All options with index in [10] are selected on object 'Object Repository/GRN/Page_KDMC - CMS/select_JanFebMarAprMayJunJulAu'

2018-05-14 13:39:26 - [TEST_STEP][PASSED] - click: Object: 'Object Repository/MOH AND GRN/Page_KDMC - CMS/a_12' is clicked on

2018-05-14 13:39:26 - [MESSAGE][PASSED] - Object: 'Object Repository/MOH AND GRN/Page_KDMC - CMS/a_12' is clicked on

2018-05-14 13:39:26 - [TEST_STEP][PASSED] - click: Object: 'Object Repository/MOH AND GRN/Page_KDMC - CMS/input_btnadd' is clicked on

2018-05-14 13:39:26 - [MESSAGE][PASSED] - Object: 'Object Repository/MOH AND GRN/Page_KDMC - CMS/input_btnadd' is clicked on

2018-05-14 13:39:26 - [TEST_STEP][PASSED] - Statement - If (s == 10): null

2018-05-14 13:39:26 - [TEST_STEP][PASSED] - Statement - s = 1: null

2018-05-14 13:39:26 - [TEST_STEP][PASSED] - delay: Delayed 1 second(s)

2018-05-14 13:39:27 - [MESSAGE][PASSED] - Delayed 1 second(s)

2018-05-14 13:39:27 - [TEST_STEP][PASSED] - selectOptionByIndex: All options with index in [41] are selected on object 'Object Repository/MOH AND GRN/Page_KDMC - CMS/select_--Select--Amikacin -500'

2018-05-14 13:39:28 - [MESSAGE][PASSED] - All options with index in [41] are selected on object 'Object Repository/MOH AND GRN/Page_KDMC - CMS/select_--Select--Amikacin -500'

2018-05-14 13:39:28 - [TEST_STEP][PASSED] - setText: Text '5000' is set on object 'Object Repository/MOH AND GRN/Page_KDMC - CMS/input_txtqty'

2018-05-14 13:39:28 - [MESSAGE][PASSED] - Text '5000' is set on object 'Object Repository/MOH AND GRN/Page_KDMC - CMS/input_txtqty'

2018-05-14 13:39:28 - [TEST_STEP][PASSED] - selectOptionByIndex: All options with index in [1] are selected on object 'Object Repository/MOH AND GRN/Page_KDMC - CMS/select_--Select--No Tax0'

2018-05-14 13:39:28 - [MESSAGE][PASSED] - All options with index in [1] are selected on object 'Object Repository/MOH AND GRN/Page_KDMC - CMS/select_--Select--No Tax0'

2018-05-14 13:39:28 - [TEST_STEP][PASSED] - setText: Finding Test Object with id 'Object Repository/MOH AND GRN/Page_KDMC - CMS/input_txtmrp'

2018-05-14 13:39:28 - [TEST_STEP][PASSED] - Statement - switch (id): Finding Test Object with id 'Object Repository/MOH AND GRN/Page_KDMC - CMS/input_txtdeal'

2018-05-14 13:39:28 - [TEST_STEP][PASSED] - Statement - case 4:: Text '44.0' is set on object 'Object Repository/MOH AND GRN/Page_KDMC - CMS/input_txtmrp'

2018-05-14 13:39:28 - [TEST_STEP][PASSED] - Statement - return (java.lang.Math.floor((java.lang.Math.random() * ((max - min) + 1))) + min): Text '44.0' is set on object 'Object Repository/MOH AND GRN/Page_KDMC - CMS/input_txtmrp'

2018-05-14 13:39:28 - [MESSAGE][PASSED] - Text '44.0' is set on object 'Object Repository/MOH AND GRN/Page_KDMC - CMS/input_txtmrp'

2018-05-14 13:39:28 - [TEST_STEP][PASSED] - setText: Finding Test Object with id 'Object Repository/MOH AND GRN/Page_KDMC - CMS/input_txtdeal'

2018-05-14 13:39:28 - [TEST_STEP][PASSED] - Statement - switch (id): Finding Test Object with id 'Object Repository/MOH AND GRN/Page_KDMC - CMS/input_txtbatchno'

2018-05-14 13:39:28 - [TEST_STEP][PASSED] - Statement - case 5:: Text '5.0' is set on object 'Object Repository/MOH AND GRN/Page_KDMC - CMS/input_txtdeal'

2018-05-14 13:39:28 - [TEST_STEP][PASSED] - Statement - return (java.lang.Math.floor((java.lang.Math.random() * ((max - min) + 1))) + min): Text '5.0' is set on object 'Object Repository/MOH AND GRN/Page_KDMC - CMS/input_txtdeal'

2018-05-14 13:39:28 - [MESSAGE][PASSED] - Text '5.0' is set on object 'Object Repository/MOH AND GRN/Page_KDMC - CMS/input_txtdeal'

2018-05-14 13:39:28 - [TEST_STEP][PASSED] - setText: Finding Test Object with id 'Object Repository/MOH AND GRN/Page_KDMC - CMS/input_txtbatchno'

2018-05-14 13:39:28 - [TEST_STEP][PASSED] - Statement - switch (id): Finding Test Object with id 'Object Repository/MOH AND GRN/Page_KDMC - CMS/input_txtmrp'

2018-05-14 13:39:28 - [TEST_STEP][PASSED] - Statement - case 1:: Text 'BA370.0' is set on object 'Object Repository/MOH AND GRN/Page_KDMC - CMS/input_txtbatchno'

2018-05-14 13:39:28 - [TEST_STEP][PASSED] - Statement - return (java.lang.Math.floor((java.lang.Math.random() * ((max - min) + 1))) + min): Text 'BA370.0' is set on object 'Object Repository/MOH AND GRN/Page_KDMC - CMS/input_txtbatchno'

2018-05-14 13:39:28 - [MESSAGE][PASSED] - Text 'BA370.0' is set on object 'Object Repository/MOH AND GRN/Page_KDMC - CMS/input_txtbatchno'

2018-05-14 13:39:28 - [TEST_STEP][PASSED] - rightClick: Object: 'Object Repository/GRN/Page_KDMC - CMS/input_txtexpdate' is right clicked on

2018-05-14 13:39:29 - [MESSAGE][PASSED] - Object: 'Object Repository/GRN/Page_KDMC - CMS/input_txtexpdate' is right clicked on

2018-05-14 13:39:29 - [TEST_STEP][PASSED] - selectOptionByIndex: All options with index in [1] are selected on object 'Object Repository/GRN/Page_KDMC - CMS/select_20182019202020212022202'

2018-05-14 13:39:29 - [MESSAGE][PASSED] - All options with index in [1] are selected on object 'Object Repository/GRN/Page_KDMC - CMS/select_20182019202020212022202'

2018-05-14 13:39:29 - [TEST_STEP][PASSED] - selectOptionByIndex: All options with index in [1] are selected on object 'Object Repository/GRN/Page_KDMC - CMS/select_JanFebMarAprMayJunJulAu'

2018-05-14 13:39:29 - [MESSAGE][PASSED] - All options with index in [1] are selected on object 'Object Repository/GRN/Page_KDMC - CMS/select_JanFebMarAprMayJunJulAu'

2018-05-14 13:39:29 - [TEST_STEP][PASSED] - click: Object: 'Object Repository/MOH AND GRN/Page_KDMC - CMS/a_12' is clicked on

2018-05-14 13:39:29 - [MESSAGE][PASSED] - Object: 'Object Repository/MOH AND GRN/Page_KDMC - CMS/a_12' is clicked on

2018-05-14 13:39:29 - [TEST_STEP][PASSED] - click: Object: 'Object Repository/MOH AND GRN/Page_KDMC - CMS/input_btnadd' is clicked on

2018-05-14 13:39:29 - [MESSAGE][PASSED] - Object: 'Object Repository/MOH AND GRN/Page_KDMC - CMS/input_btnadd' is clicked on

2018-05-14 13:39:29 - [TEST_STEP][PASSED] - Statement - If (s == 10): null

2018-05-14 13:39:29 - [TEST_STEP][PASSED] - Statement - Else: null

2018-05-14 13:39:29 - [TEST_STEP][PASSED] - Statement - (s++): null

2018-05-14 13:39:29 - [TEST_STEP][PASSED] - delay: Delayed 1 second(s)

2018-05-14 13:39:30 - [MESSAGE][PASSED] - Delayed 1 second(s)

2018-05-14 13:39:30 - [TEST_STEP][PASSED] - selectOptionByIndex: All options with index in [42] are selected on object 'Object Repository/MOH AND GRN/Page_KDMC - CMS/select_--Select--Amikacin -500'

2018-05-14 13:39:31 - [MESSAGE][PASSED] - All options with index in [42] are selected on object 'Object Repository/MOH AND GRN/Page_KDMC - CMS/select_--Select--Amikacin -500'

2018-05-14 13:39:31 - [TEST_STEP][PASSED] - setText: Text '5000' is set on object 'Object Repository/MOH AND GRN/Page_KDMC - CMS/input_txtqty'

2018-05-14 13:39:31 - [MESSAGE][PASSED] - Text '5000' is set on object 'Object Repository/MOH AND GRN/Page_KDMC - CMS/input_txtqty'

2018-05-14 13:39:31 - [TEST_STEP][PASSED] - selectOptionByIndex: All options with index in [1] are selected on object 'Object Repository/MOH AND GRN/Page_KDMC - CMS/select_--Select--No Tax0'

2018-05-14 13:39:31 - [MESSAGE][PASSED] - All options with index in [1] are selected on object 'Object Repository/MOH AND GRN/Page_KDMC - CMS/select_--Select--No Tax0'

2018-05-14 13:39:31 - [TEST_STEP][PASSED] - setText: Finding Test Object with id 'Object Repository/MOH AND GRN/Page_KDMC - CMS/input_txtmrp'

2018-05-14 13:39:31 - [TEST_STEP][PASSED] - Statement - switch (id): Finding Test Object with id 'Object Repository/MOH AND GRN/Page_KDMC - CMS/input_txtdeal'

2018-05-14 13:39:31 - [TEST_STEP][PASSED] - Statement - case 4:: Text '16.0' is set on object 'Object Repository/MOH AND GRN/Page_KDMC - CMS/input_txtmrp'

2018-05-14 13:39:31 - [TEST_STEP][PASSED] - Statement - return (java.lang.Math.floor((java.lang.Math.random() * ((max - min) + 1))) + min): Text '16.0' is set on object 'Object Repository/MOH AND GRN/Page_KDMC - CMS/input_txtmrp'

2018-05-14 13:39:31 - [MESSAGE][PASSED] - Text '16.0' is set on object 'Object Repository/MOH AND GRN/Page_KDMC - CMS/input_txtmrp'

2018-05-14 13:39:31 - [TEST_STEP][PASSED] - setText: Finding Test Object with id 'Object Repository/MOH AND GRN/Page_KDMC - CMS/input_txtdeal'

2018-05-14 13:39:31 - [TEST_STEP][PASSED] - Statement - switch (id): Finding Test Object with id 'Object Repository/MOH AND GRN/Page_KDMC - CMS/input_txtbatchno'

2018-05-14 13:39:31 - [TEST_STEP][PASSED] - Statement - case 5:: Text '3.0' is set on object 'Object Repository/MOH AND GRN/Page_KDMC - CMS/input_txtdeal'

2018-05-14 13:39:31 - [TEST_STEP][PASSED] - Statement - return (java.lang.Math.floor((java.lang.Math.random() * ((max - min) + 1))) + min): Text '3.0' is set on object 'Object Repository/MOH AND GRN/Page_KDMC - CMS/input_txtdeal'

2018-05-14 13:39:31 - [MESSAGE][PASSED] - Text '3.0' is set on object 'Object Repository/MOH AND GRN/Page_KDMC - CMS/input_txtdeal'

2018-05-14 13:39:31 - [TEST_STEP][PASSED] - setText: Finding Test Object with id 'Object Repository/MOH AND GRN/Page_KDMC - CMS/input_txtbatchno'

2018-05-14 13:39:31 - [TEST_STEP][PASSED] - Statement - switch (id): Finding Test Object with id 'Object Repository/MOH AND GRN/Page_KDMC - CMS/input_txtmrp'

2018-05-14 13:39:31 - [TEST_STEP][PASSED] - Statement - case 1:: Text 'BA696.0' is set on object 'Object Repository/MOH AND GRN/Page_KDMC - CMS/input_txtbatchno'

2018-05-14 13:39:31 - [TEST_STEP][PASSED] - Statement - return (java.lang.Math.floor((java.lang.Math.random() * ((max - min) + 1))) + min): Text 'BA696.0' is set on object 'Object Repository/MOH AND GRN/Page_KDMC - CMS/input_txtbatchno'

2018-05-14 13:39:31 - [MESSAGE][PASSED] - Text 'BA696.0' is set on object 'Object Repository/MOH AND GRN/Page_KDMC - CMS/input_txtbatchno'

2018-05-14 13:39:31 - [TEST_STEP][PASSED] - rightClick: Object: 'Object Repository/GRN/Page_KDMC - CMS/input_txtexpdate' is right clicked on

2018-05-14 13:39:31 - [MESSAGE][PASSED] - Object: 'Object Repository/GRN/Page_KDMC - CMS/input_txtexpdate' is right clicked on

2018-05-14 13:39:31 - [TEST_STEP][PASSED] - selectOptionByIndex: All options with index in [2] are selected on object 'Object Repository/GRN/Page_KDMC - CMS/select_20182019202020212022202'

2018-05-14 13:39:31 - [MESSAGE][PASSED] - All options with index in [2] are selected on object 'Object Repository/GRN/Page_KDMC - CMS/select_20182019202020212022202'

2018-05-14 13:39:31 - [TEST_STEP][PASSED] - selectOptionByIndex: All options with index in [2] are selected on object 'Object Repository/GRN/Page_KDMC - CMS/select_JanFebMarAprMayJunJulAu'

2018-05-14 13:39:32 - [MESSAGE][PASSED] - All options with index in [2] are selected on object 'Object Repository/GRN/Page_KDMC - CMS/select_JanFebMarAprMayJunJulAu'

2018-05-14 13:39:32 - [TEST_STEP][PASSED] - click: Object: 'Object Repository/MOH AND GRN/Page_KDMC - CMS/a_12' is clicked on

2018-05-14 13:39:32 - [MESSAGE][PASSED] - Object: 'Object Repository/MOH AND GRN/Page_KDMC - CMS/a_12' is clicked on

2018-05-14 13:39:32 - [TEST_STEP][PASSED] - click: Object: 'Object Repository/MOH AND GRN/Page_KDMC - CMS/input_btnadd' is clicked on

2018-05-14 13:39:32 - [MESSAGE][PASSED] - Object: 'Object Repository/MOH AND GRN/Page_KDMC - CMS/input_btnadd' is clicked on

2018-05-14 13:39:32 - [TEST_STEP][PASSED] - Statement - If (s == 10): null

2018-05-14 13:39:32 - [TEST_STEP][PASSED] - Statement - Else: null

2018-05-14 13:39:32 - [TEST_STEP][PASSED] - Statement - (s++): null

2018-05-14 13:39:32 - [TEST_STEP][PASSED] - delay: Delayed 1 second(s)

2018-05-14 13:39:33 - [MESSAGE][PASSED] - Delayed 1 second(s)

2018-05-14 13:39:33 - [TEST_STEP][PASSED] - selectOptionByIndex: All options with index in [43] are selected on object 'Object Repository/MOH AND GRN/Page_KDMC - CMS/select_--Select--Amikacin -500'

2018-05-14 13:39:33 - [MESSAGE][PASSED] - All options with index in [43] are selected on object 'Object Repository/MOH AND GRN/Page_KDMC - CMS/select_--Select--Amikacin -500'

2018-05-14 13:39:33 - [TEST_STEP][PASSED] - setText: Text '5000' is set on object 'Object Repository/MOH AND GRN/Page_KDMC - CMS/input_txtqty'

2018-05-14 13:39:33 - [MESSAGE][PASSED] - Text '5000' is set on object 'Object Repository/MOH AND GRN/Page_KDMC - CMS/input_txtqty'

2018-05-14 13:39:33 - [TEST_STEP][PASSED] - selectOptionByIndex: All options with index in [1] are selected on object 'Object Repository/MOH AND GRN/Page_KDMC - CMS/select_--Select--No Tax0'

2018-05-14 13:39:34 - [MESSAGE][PASSED] - All options with index in [1] are selected on object 'Object Repository/MOH AND GRN/Page_KDMC - CMS/select_--Select--No Tax0'

2018-05-14 13:39:34 - [TEST_STEP][PASSED] - setText: Finding Test Object with id 'Object Repository/MOH AND GRN/Page_KDMC - CMS/input_txtmrp'

2018-05-14 13:39:34 - [TEST_STEP][PASSED] - Statement - switch (id): Finding Test Object with id 'Object Repository/MOH AND GRN/Page_KDMC - CMS/input_txtdeal'

2018-05-14 13:39:34 - [TEST_STEP][PASSED] - Statement - case 4:: Text '43.0' is set on object 'Object Repository/MOH AND GRN/Page_KDMC - CMS/input_txtmrp'

2018-05-14 13:39:34 - [TEST_STEP][PASSED] - Statement - return (java.lang.Math.floor((java.lang.Math.random() * ((max - min) + 1))) + min): Text '43.0' is set on object 'Object Repository/MOH AND GRN/Page_KDMC - CMS/input_txtmrp'

2018-05-14 13:39:34 - [MESSAGE][PASSED] - Text '43.0' is set on object 'Object Repository/MOH AND GRN/Page_KDMC - CMS/input_txtmrp'

2018-05-14 13:39:34 - [TEST_STEP][PASSED] - setText: Finding Test Object with id 'Object Repository/MOH AND GRN/Page_KDMC - CMS/input_txtdeal'

2018-05-14 13:39:34 - [TEST_STEP][PASSED] - Statement - switch (id): Finding Test Object with id 'Object Repository/MOH AND GRN/Page_KDMC - CMS/input_txtbatchno'

2018-05-14 13:39:34 - [TEST_STEP][PASSED] - Statement - case 5:: Text '2.0' is set on object 'Object Repository/MOH AND GRN/Page_KDMC - CMS/input_txtdeal'

2018-05-14 13:39:34 - [TEST_STEP][PASSED] - Statement - return (java.lang.Math.floor((java.lang.Math.random() * ((max - min) + 1))) + min): Text '2.0' is set on object 'Object Repository/MOH AND GRN/Page_KDMC - CMS/input_txtdeal'

2018-05-14 13:39:34 - [MESSAGE][PASSED] - Text '2.0' is set on object 'Object Repository/MOH AND GRN/Page_KDMC - CMS/input_txtdeal'

2018-05-14 13:39:34 - [TEST_STEP][PASSED] - setText: Finding Test Object with id 'Object Repository/MOH AND GRN/Page_KDMC - CMS/input_txtbatchno'

2018-05-14 13:39:34 - [TEST_STEP][PASSED] - Statement - switch (id): Finding Test Object with id 'Object Repository/MOH AND GRN/Page_KDMC - CMS/input_txtmrp'

2018-05-14 13:39:34 - [TEST_STEP][PASSED] - Statement - case 1:: Text 'BA557.0' is set on object 'Object Repository/MOH AND GRN/Page_KDMC - CMS/input_txtbatchno'

2018-05-14 13:39:34 - [TEST_STEP][PASSED] - Statement - return (java.lang.Math.floor((java.lang.Math.random() * ((max - min) + 1))) + min): Text 'BA557.0' is set on object 'Object Repository/MOH AND GRN/Page_KDMC - CMS/input_txtbatchno'

2018-05-14 13:39:34 - [MESSAGE][PASSED] - Text 'BA557.0' is set on object 'Object Repository/MOH AND GRN/Page_KDMC - CMS/input_txtbatchno'

2018-05-14 13:39:34 - [TEST_STEP][PASSED] - rightClick: Object: 'Object Repository/GRN/Page_KDMC - CMS/input_txtexpdate' is right clicked on

2018-05-14 13:39:34 - [MESSAGE][PASSED] - Object: 'Object Repository/GRN/Page_KDMC - CMS/input_txtexpdate' is right clicked on

2018-05-14 13:39:34 - [TEST_STEP][PASSED] - selectOptionByIndex: All options with index in [3] are selected on object 'Object Repository/GRN/Page_KDMC - CMS/select_20182019202020212022202'

2018-05-14 13:39:34 - [MESSAGE][PASSED] - All options with index in [3] are selected on object 'Object Repository/GRN/Page_KDMC - CMS/select_20182019202020212022202'

2018-05-14 13:39:34 - [TEST_STEP][PASSED] - selectOptionByIndex: All options with index in [3] are selected on object 'Object Repository/GRN/Page_KDMC - CMS/select_JanFebMarAprMayJunJulAu'

2018-05-14 13:39:34 - [MESSAGE][PASSED] - All options with index in [3] are selected on object 'Object Repository/GRN/Page_KDMC - CMS/select_JanFebMarAprMayJunJulAu'

2018-05-14 13:39:34 - [TEST_STEP][PASSED] - click: Object: 'Object Repository/MOH AND GRN/Page_KDMC - CMS/a_12' is clicked on

2018-05-14 13:39:34 - [MESSAGE][PASSED] - Object: 'Object Repository/MOH AND GRN/Page_KDMC - CMS/a_12' is clicked on

2018-05-14 13:39:34 - [TEST_STEP][PASSED] - click: Object: 'Object Repository/MOH AND GRN/Page_KDMC - CMS/input_btnadd' is clicked on

2018-05-14 13:39:35 - [MESSAGE][PASSED] - Object: 'Object Repository/MOH AND GRN/Page_KDMC - CMS/input_btnadd' is clicked on

2018-05-14 13:39:35 - [TEST_STEP][PASSED] - Statement - If (s == 10): null

2018-05-14 13:39:35 - [TEST_STEP][PASSED] - Statement - Else: null

2018-05-14 13:39:35 - [TEST_STEP][PASSED] - Statement - (s++): null

2018-05-14 13:39:35 - [TEST_STEP][PASSED] - delay: Delayed 1 second(s)

2018-05-14 13:39:36 - [MESSAGE][PASSED] - Delayed 1 second(s)

2018-05-14 13:39:36 - [TEST_STEP][PASSED] - selectOptionByIndex: All options with index in [44] are selected on object 'Object Repository/MOH AND GRN/Page_KDMC - CMS/select_--Select--Amikacin -500'

2018-05-14 13:39:36 - [MESSAGE][PASSED] - All options with index in [44] are selected on object 'Object Repository/MOH AND GRN/Page_KDMC - CMS/select_--Select--Amikacin -500'

2018-05-14 13:39:36 - [TEST_STEP][PASSED] - setText: Text '5000' is set on object 'Object Repository/MOH AND GRN/Page_KDMC - CMS/input_txtqty'

2018-05-14 13:39:36 - [MESSAGE][PASSED] - Text '5000' is set on object 'Object Repository/MOH AND GRN/Page_KDMC - CMS/input_txtqty'

2018-05-14 13:39:36 - [TEST_STEP][PASSED] - selectOptionByIndex: All options with index in [1] are selected on object 'Object Repository/MOH AND GRN/Page_KDMC - CMS/select_--Select--No Tax0'

2018-05-14 13:39:36 - [MESSAGE][PASSED] - All options with index in [1] are selected on object 'Object Repository/MOH AND GRN/Page_KDMC - CMS/select_--Select--No Tax0'

2018-05-14 13:39:36 - [TEST_STEP][PASSED] - setText: Finding Test Object with id 'Object Repository/MOH AND GRN/Page_KDMC - CMS/input_txtmrp'

2018-05-14 13:39:36 - [TEST_STEP][PASSED] - Statement - switch (id): Finding Test Object with id 'Object Repository/MOH AND GRN/Page_KDMC - CMS/input_txtdeal'

2018-05-14 13:39:36 - [TEST_STEP][PASSED] - Statement - case 4:: Text '42.0' is set on object 'Object Repository/MOH AND GRN/Page_KDMC - CMS/input_txtmrp'

2018-05-14 13:39:36 - [TEST_STEP][PASSED] - Statement - return (java.lang.Math.floor((java.lang.Math.random() * ((max - min) + 1))) + min): Text '42.0' is set on object 'Object Repository/MOH AND GRN/Page_KDMC - CMS/input_txtmrp'

2018-05-14 13:39:36 - [MESSAGE][PASSED] - Text '42.0' is set on object 'Object Repository/MOH AND GRN/Page_KDMC - CMS/input_txtmrp'

2018-05-14 13:39:36 - [TEST_STEP][PASSED] - setText: Finding Test Object with id 'Object Repository/MOH AND GRN/Page_KDMC - CMS/input_txtdeal'

2018-05-14 13:39:36 - [TEST_STEP][PASSED] - Statement - switch (id): Finding Test Object with id 'Object Repository/MOH AND GRN/Page_KDMC - CMS/input_txtbatchno'

2018-05-14 13:39:36 - [TEST_STEP][PASSED] - Statement - case 5:: Text '4.0' is set on object 'Object Repository/MOH AND GRN/Page_KDMC - CMS/input_txtdeal'

2018-05-14 13:39:36 - [TEST_STEP][PASSED] - Statement - return (java.lang.Math.floor((java.lang.Math.random() * ((max - min) + 1))) + min): Text '4.0' is set on object 'Object Repository/MOH AND GRN/Page_KDMC - CMS/input_txtdeal'

2018-05-14 13:39:37 - [MESSAGE][PASSED] - Text '4.0' is set on object 'Object Repository/MOH AND GRN/Page_KDMC - CMS/input_txtdeal'

2018-05-14 13:39:37 - [TEST_STEP][PASSED] - setText: Finding Test Object with id 'Object Repository/MOH AND GRN/Page_KDMC - CMS/input_txtbatchno'

2018-05-14 13:39:37 - [TEST_STEP][PASSED] - Statement - switch (id): Finding Test Object with id 'Object Repository/MOH AND GRN/Page_KDMC - CMS/input_txtmrp'

2018-05-14 13:39:37 - [TEST_STEP][PASSED] - Statement - case 1:: Text 'BA862.0' is set on object 'Object Repository/MOH AND GRN/Page_KDMC - CMS/input_txtbatchno'

2018-05-14 13:39:37 - [TEST_STEP][PASSED] - Statement - return (java.lang.Math.floor((java.lang.Math.random() * ((max - min) + 1))) + min): Text 'BA862.0' is set on object 'Object Repository/MOH AND GRN/Page_KDMC - CMS/input_txtbatchno'

2018-05-14 13:39:37 - [MESSAGE][PASSED] - Text 'BA862.0' is set on object 'Object Repository/MOH AND GRN/Page_KDMC - CMS/input_txtbatchno'

2018-05-14 13:39:37 - [TEST_STEP][PASSED] - rightClick: Object: 'Object Repository/GRN/Page_KDMC - CMS/input_txtexpdate' is right clicked on

2018-05-14 13:39:37 - [MESSAGE][PASSED] - Object: 'Object Repository/GRN/Page_KDMC - CMS/input_txtexpdate' is right clicked on

2018-05-14 13:39:37 - [TEST_STEP][PASSED] - selectOptionByIndex: All options with index in [4] are selected on object 'Object Repository/GRN/Page_KDMC - CMS/select_20182019202020212022202'

2018-05-14 13:39:37 - [MESSAGE][PASSED] - All options with index in [4] are selected on object 'Object Repository/GRN/Page_KDMC - CMS/select_20182019202020212022202'

2018-05-14 13:39:37 - [TEST_STEP][PASSED] - selectOptionByIndex: All options with index in [4] are selected on object 'Object Repository/GRN/Page_KDMC - CMS/select_JanFebMarAprMayJunJulAu'

2018-05-14 13:39:37 - [MESSAGE][PASSED] - All options with index in [4] are selected on object 'Object Repository/GRN/Page_KDMC - CMS/select_JanFebMarAprMayJunJulAu'

2018-05-14 13:39:37 - [TEST_STEP][PASSED] - click: Object: 'Object Repository/MOH AND GRN/Page_KDMC - CMS/a_12' is clicked on

2018-05-14 13:39:37 - [MESSAGE][PASSED] - Object: 'Object Repository/MOH AND GRN/Page_KDMC - CMS/a_12' is clicked on

2018-05-14 13:39:37 - [TEST_STEP][PASSED] - click: Object: 'Object Repository/MOH AND GRN/Page_KDMC - CMS/input_btnadd' is clicked on

2018-05-14 13:39:37 - [MESSAGE][PASSED] - Object: 'Object Repository/MOH AND GRN/Page_KDMC - CMS/input_btnadd' is clicked on

2018-05-14 13:39:37 - [TEST_STEP][PASSED] - Statement - If (s == 10): null

2018-05-14 13:39:37 - [TEST_STEP][PASSED] - Statement - Else: null

2018-05-14 13:39:37 - [TEST_STEP][PASSED] - Statement - (s++): null

2018-05-14 13:39:37 - [TEST_STEP][PASSED] - delay: Delayed 1 second(s)

2018-05-14 13:39:38 - [MESSAGE][PASSED] - Delayed 1 second(s)

2018-05-14 13:39:38 - [TEST_STEP][PASSED] - selectOptionByIndex: All options with index in [45] are selected on object 'Object Repository/MOH AND GRN/Page_KDMC - CMS/select_--Select--Amikacin -500'

2018-05-14 13:39:39 - [MESSAGE][PASSED] - All options with index in [45] are selected on object 'Object Repository/MOH AND GRN/Page_KDMC - CMS/select_--Select--Amikacin -500'

2018-05-14 13:39:39 - [TEST_STEP][PASSED] - setText: Text '5000' is set on object 'Object Repository/MOH AND GRN/Page_KDMC - CMS/input_txtqty'

2018-05-14 13:39:39 - [MESSAGE][PASSED] - Text '5000' is set on object 'Object Repository/MOH AND GRN/Page_KDMC - CMS/input_txtqty'

2018-05-14 13:39:39 - [TEST_STEP][PASSED] - selectOptionByIndex: All options with index in [1] are selected on object 'Object Repository/MOH AND GRN/Page_KDMC - CMS/select_--Select--No Tax0'

2018-05-14 13:39:39 - [MESSAGE][PASSED] - All options with index in [1] are selected on object 'Object Repository/MOH AND GRN/Page_KDMC - CMS/select_--Select--No Tax0'

2018-05-14 13:39:39 - [TEST_STEP][PASSED] - setText: Finding Test Object with id 'Object Repository/MOH AND GRN/Page_KDMC - CMS/input_txtmrp'

2018-05-14 13:39:39 - [TEST_STEP][PASSED] - Statement - switch (id): Finding Test Object with id 'Object Repository/MOH AND GRN/Page_KDMC - CMS/input_txtdeal'

2018-05-14 13:39:39 - [TEST_STEP][PASSED] - Statement - case 4:: Text '15.0' is set on object 'Object Repository/MOH AND GRN/Page_KDMC - CMS/input_txtmrp'

2018-05-14 13:39:39 - [TEST_STEP][PASSED] - Statement - return (java.lang.Math.floor((java.lang.Math.random() * ((max - min) + 1))) + min): Text '15.0' is set on object 'Object Repository/MOH AND GRN/Page_KDMC - CMS/input_txtmrp'

2018-05-14 13:39:39 - [MESSAGE][PASSED] - Text '15.0' is set on object 'Object Repository/MOH AND GRN/Page_KDMC - CMS/input_txtmrp'

2018-05-14 13:39:39 - [TEST_STEP][PASSED] - setText: Finding Test Object with id 'Object Repository/MOH AND GRN/Page_KDMC - CMS/input_txtdeal'

2018-05-14 13:39:39 - [TEST_STEP][PASSED] - Statement - switch (id): Finding Test Object with id 'Object Repository/MOH AND GRN/Page_KDMC - CMS/input_txtbatchno'

2018-05-14 13:39:39 - [TEST_STEP][PASSED] - Statement - case 5:: Text '9.0' is set on object 'Object Repository/MOH AND GRN/Page_KDMC - CMS/input_txtdeal'

2018-05-14 13:39:39 - [TEST_STEP][PASSED] - Statement - return (java.lang.Math.floor((java.lang.Math.random() * ((max - min) + 1))) + min): Text '9.0' is set on object 'Object Repository/MOH AND GRN/Page_KDMC - CMS/input_txtdeal'

2018-05-14 13:39:39 - [MESSAGE][PASSED] - Text '9.0' is set on object 'Object Repository/MOH AND GRN/Page_KDMC - CMS/input_txtdeal'

2018-05-14 13:39:39 - [TEST_STEP][PASSED] - setText: Finding Test Object with id 'Object Repository/MOH AND GRN/Page_KDMC - CMS/input_txtbatchno'

2018-05-14 13:39:39 - [TEST_STEP][PASSED] - Statement - switch (id): Finding Test Object with id 'Object Repository/MOH AND GRN/Page_KDMC - CMS/input_txtmrp'

2018-05-14 13:39:39 - [TEST_STEP][PASSED] - Statement - case 1:: Text 'BA969.0' is set on object 'Object Repository/MOH AND GRN/Page_KDMC - CMS/input_txtbatchno'

2018-05-14 13:39:39 - [TEST_STEP][PASSED] - Statement - return (java.lang.Math.floor((java.lang.Math.random() * ((max - min) + 1))) + min): Text 'BA969.0' is set on object 'Object Repository/MOH AND GRN/Page_KDMC - CMS/input_txtbatchno'

2018-05-14 13:39:39 - [MESSAGE][PASSED] - Text 'BA969.0' is set on object 'Object Repository/MOH AND GRN/Page_KDMC - CMS/input_txtbatchno'

2018-05-14 13:39:39 - [TEST_STEP][PASSED] - rightClick: Object: 'Object Repository/GRN/Page_KDMC - CMS/input_txtexpdate' is right clicked on

2018-05-14 13:39:40 - [MESSAGE][PASSED] - Object: 'Object Repository/GRN/Page_KDMC - CMS/input_txtexpdate' is right clicked on

2018-05-14 13:39:40 - [TEST_STEP][PASSED] - selectOptionByIndex: All options with index in [5] are selected on object 'Object Repository/GRN/Page_KDMC - CMS/select_20182019202020212022202'

2018-05-14 13:39:40 - [MESSAGE][PASSED] - All options with index in [5] are selected on object 'Object Repository/GRN/Page_KDMC - CMS/select_20182019202020212022202'

2018-05-14 13:39:40 - [TEST_STEP][PASSED] - selectOptionByIndex: All options with index in [5] are selected on object 'Object Repository/GRN/Page_KDMC - CMS/select_JanFebMarAprMayJunJulAu'

2018-05-14 13:39:40 - [MESSAGE][PASSED] - All options with index in [5] are selected on object 'Object Repository/GRN/Page_KDMC - CMS/select_JanFebMarAprMayJunJulAu'

2018-05-14 13:39:40 - [TEST_STEP][PASSED] - click: Object: 'Object Repository/MOH AND GRN/Page_KDMC - CMS/a_12' is clicked on

2018-05-14 13:39:40 - [MESSAGE][PASSED] - Object: 'Object Repository/MOH AND GRN/Page_KDMC - CMS/a_12' is clicked on

2018-05-14 13:39:40 - [TEST_STEP][PASSED] - click: Object: 'Object Repository/MOH AND GRN/Page_KDMC - CMS/input_btnadd' is clicked on

2018-05-14 13:39:40 - [MESSAGE][PASSED] - Object: 'Object Repository/MOH AND GRN/Page_KDMC - CMS/input_btnadd' is clicked on

2018-05-14 13:39:40 - [TEST_STEP][PASSED] - Statement - If (s == 10): null

2018-05-14 13:39:40 - [TEST_STEP][PASSED] - Statement - Else: null

2018-05-14 13:39:40 - [TEST_STEP][PASSED] - Statement - (s++): null

2018-05-14 13:39:40 - [TEST_STEP][PASSED] - delay: Delayed 1 second(s)

2018-05-14 13:39:41 - [MESSAGE][PASSED] - Delayed 1 second(s)

2018-05-14 13:39:41 - [TEST_STEP][PASSED] - selectOptionByIndex: All options with index in [46] are selected on object 'Object Repository/MOH AND GRN/Page_KDMC - CMS/select_--Select--Amikacin -500'

2018-05-14 13:39:42 - [MESSAGE][PASSED] - All options with index in [46] are selected on object 'Object Repository/MOH AND GRN/Page_KDMC - CMS/select_--Select--Amikacin -500'

2018-05-14 13:39:42 - [TEST_STEP][PASSED] - setText: Text '5000' is set on object 'Object Repository/MOH AND GRN/Page_KDMC - CMS/input_txtqty'

2018-05-14 13:39:42 - [MESSAGE][PASSED] - Text '5000' is set on object 'Object Repository/MOH AND GRN/Page_KDMC - CMS/input_txtqty'

2018-05-14 13:39:42 - [TEST_STEP][PASSED] - selectOptionByIndex: All options with index in [1] are selected on object 'Object Repository/MOH AND GRN/Page_KDMC - CMS/select_--Select--No Tax0'

2018-05-14 13:39:42 - [MESSAGE][PASSED] - All options with index in [1] are selected on object 'Object Repository/MOH AND GRN/Page_KDMC - CMS/select_--Select--No Tax0'

2018-05-14 13:39:42 - [TEST_STEP][PASSED] - setText: Finding Test Object with id 'Object Repository/MOH AND GRN/Page_KDMC - CMS/input_txtmrp'

2018-05-14 13:39:42 - [TEST_STEP][PASSED] - Statement - switch (id): Finding Test Object with id 'Object Repository/MOH AND GRN/Page_KDMC - CMS/input_txtdeal'

2018-05-14 13:39:42 - [TEST_STEP][PASSED] - Statement - case 4:: Text '23.0' is set on object 'Object Repository/MOH AND GRN/Page_KDMC - CMS/input_txtmrp'

2018-05-14 13:39:42 - [TEST_STEP][PASSED] - Statement - return (java.lang.Math.floor((java.lang.Math.random() * ((max - min) + 1))) + min): Text '23.0' is set on object 'Object Repository/MOH AND GRN/Page_KDMC - CMS/input_txtmrp'

2018-05-14 13:39:42 - [MESSAGE][PASSED] - Text '23.0' is set on object 'Object Repository/MOH AND GRN/Page_KDMC - CMS/input_txtmrp'

2018-05-14 13:39:42 - [TEST_STEP][PASSED] - setText: Finding Test Object with id 'Object Repository/MOH AND GRN/Page_KDMC - CMS/input_txtdeal'

2018-05-14 13:39:42 - [TEST_STEP][PASSED] - Statement - switch (id): Finding Test Object with id 'Object Repository/MOH AND GRN/Page_KDMC - CMS/input_txtbatchno'

2018-05-14 13:39:42 - [TEST_STEP][PASSED] - Statement - case 5:: Text '4.0' is set on object 'Object Repository/MOH AND GRN/Page_KDMC - CMS/input_txtdeal'

2018-05-14 13:39:42 - [TEST_STEP][PASSED] - Statement - return (java.lang.Math.floor((java.lang.Math.random() * ((max - min) + 1))) + min): Text '4.0' is set on object 'Object Repository/MOH AND GRN/Page_KDMC - CMS/input_txtdeal'

2018-05-14 13:39:42 - [MESSAGE][PASSED] - Text '4.0' is set on object 'Object Repository/MOH AND GRN/Page_KDMC - CMS/input_txtdeal'

2018-05-14 13:39:42 - [TEST_STEP][PASSED] - setText: Finding Test Object with id 'Object Repository/MOH AND GRN/Page_KDMC - CMS/input_txtbatchno'

2018-05-14 13:39:42 - [TEST_STEP][PASSED] - Statement - switch (id): Finding Test Object with id 'Object Repository/MOH AND GRN/Page_KDMC - CMS/input_txtmrp'

2018-05-14 13:39:42 - [TEST_STEP][PASSED] - Statement - case 1:: Text 'BA901.0' is set on object 'Object Repository/MOH AND GRN/Page_KDMC - CMS/input_txtbatchno'

2018-05-14 13:39:42 - [TEST_STEP][PASSED] - Statement - return (java.lang.Math.floor((java.lang.Math.random() * ((max - min) + 1))) + min): Text 'BA901.0' is set on object 'Object Repository/MOH AND GRN/Page_KDMC - CMS/input_txtbatchno'

2018-05-14 13:39:42 - [MESSAGE][PASSED] - Text 'BA901.0' is set on object 'Object Repository/MOH AND GRN/Page_KDMC - CMS/input_txtbatchno'

2018-05-14 13:39:42 - [TEST_STEP][PASSED] - rightClick: Object: 'Object Repository/GRN/Page_KDMC - CMS/input_txtexpdate' is right clicked on

2018-05-14 13:39:42 - [MESSAGE][PASSED] - Object: 'Object Repository/GRN/Page_KDMC - CMS/input_txtexpdate' is right clicked on

2018-05-14 13:39:42 - [TEST_STEP][PASSED] - selectOptionByIndex: All options with index in [6] are selected on object 'Object Repository/GRN/Page_KDMC - CMS/select_20182019202020212022202'

2018-05-14 13:39:43 - [MESSAGE][PASSED] - All options with index in [6] are selected on object 'Object Repository/GRN/Page_KDMC - CMS/select_20182019202020212022202'

2018-05-14 13:39:43 - [TEST_STEP][PASSED] - selectOptionByIndex: All options with index in [6] are selected on object 'Object Repository/GRN/Page_KDMC - CMS/select_JanFebMarAprMayJunJulAu'

2018-05-14 13:39:43 - [MESSAGE][PASSED] - All options with index in [6] are selected on object 'Object Repository/GRN/Page_KDMC - CMS/select_JanFebMarAprMayJunJulAu'

2018-05-14 13:39:43 - [TEST_STEP][PASSED] - click: Object: 'Object Repository/MOH AND GRN/Page_KDMC - CMS/a_12' is clicked on

2018-05-14 13:39:43 - [MESSAGE][PASSED] - Object: 'Object Repository/MOH AND GRN/Page_KDMC - CMS/a_12' is clicked on

2018-05-14 13:39:43 - [TEST_STEP][PASSED] - click: Object: 'Object Repository/MOH AND GRN/Page_KDMC - CMS/input_btnadd' is clicked on

2018-05-14 13:39:43 - [MESSAGE][PASSED] - Object: 'Object Repository/MOH AND GRN/Page_KDMC - CMS/input_btnadd' is clicked on

2018-05-14 13:39:43 - [TEST_STEP][PASSED] - Statement - If (s == 10): null

2018-05-14 13:39:43 - [TEST_STEP][PASSED] - Statement - Else: null

2018-05-14 13:39:43 - [TEST_STEP][PASSED] - Statement - (s++): null

2018-05-14 13:39:43 - [TEST_STEP][PASSED] - delay: Delayed 1 second(s)

2018-05-14 13:39:44 - [MESSAGE][PASSED] - Delayed 1 second(s)

2018-05-14 13:39:44 - [TEST_STEP][PASSED] - selectOptionByIndex: All options with index in [47] are selected on object 'Object Repository/MOH AND GRN/Page_KDMC - CMS/select_--Select--Amikacin -500'

2018-05-14 13:39:45 - [MESSAGE][PASSED] - All options with index in [47] are selected on object 'Object Repository/MOH AND GRN/Page_KDMC - CMS/select_--Select--Amikacin -500'

2018-05-14 13:39:45 - [TEST_STEP][PASSED] - setText: Text '5000' is set on object 'Object Repository/MOH AND GRN/Page_KDMC - CMS/input_txtqty'

2018-05-14 13:39:45 - [MESSAGE][PASSED] - Text '5000' is set on object 'Object Repository/MOH AND GRN/Page_KDMC - CMS/input_txtqty'

2018-05-14 13:39:45 - [TEST_STEP][PASSED] - selectOptionByIndex: All options with index in [1] are selected on object 'Object Repository/MOH AND GRN/Page_KDMC - CMS/select_--Select--No Tax0'

2018-05-14 13:39:45 - [MESSAGE][PASSED] - All options with index in [1] are selected on object 'Object Repository/MOH AND GRN/Page_KDMC - CMS/select_--Select--No Tax0'

2018-05-14 13:39:45 - [TEST_STEP][PASSED] - setText: Finding Test Object with id 'Object Repository/MOH AND GRN/Page_KDMC - CMS/input_txtmrp'

2018-05-14 13:39:45 - [TEST_STEP][PASSED] - Statement - switch (id): Finding Test Object with id 'Object Repository/MOH AND GRN/Page_KDMC - CMS/input_txtdeal'

2018-05-14 13:39:45 - [TEST_STEP][PASSED] - Statement - case 4:: Text '29.0' is set on object 'Object Repository/MOH AND GRN/Page_KDMC - CMS/input_txtmrp'

2018-05-14 13:39:45 - [TEST_STEP][PASSED] - Statement - return (java.lang.Math.floor((java.lang.Math.random() * ((max - min) + 1))) + min): Text '29.0' is set on object 'Object Repository/MOH AND GRN/Page_KDMC - CMS/input_txtmrp'

2018-05-14 13:39:45 - [MESSAGE][PASSED] - Text '29.0' is set on object 'Object Repository/MOH AND GRN/Page_KDMC - CMS/input_txtmrp'

2018-05-14 13:39:45 - [TEST_STEP][PASSED] - setText: Finding Test Object with id 'Object Repository/MOH AND GRN/Page_KDMC - CMS/input_txtdeal'

2018-05-14 13:39:45 - [TEST_STEP][PASSED] - Statement - switch (id): Finding Test Object with id 'Object Repository/MOH AND GRN/Page_KDMC - CMS/input_txtbatchno'

2018-05-14 13:39:45 - [TEST_STEP][PASSED] - Statement - case 5:: Text '8.0' is set on object 'Object Repository/MOH AND GRN/Page_KDMC - CMS/input_txtdeal'

2018-05-14 13:39:45 - [TEST_STEP][PASSED] - Statement - return (java.lang.Math.floor((java.lang.Math.random() * ((max - min) + 1))) + min): Text '8.0' is set on object 'Object Repository/MOH AND GRN/Page_KDMC - CMS/input_txtdeal'

2018-05-14 13:39:45 - [MESSAGE][PASSED] - Text '8.0' is set on object 'Object Repository/MOH AND GRN/Page_KDMC - CMS/input_txtdeal'

2018-05-14 13:39:45 - [TEST_STEP][PASSED] - setText: Finding Test Object with id 'Object Repository/MOH AND GRN/Page_KDMC - CMS/input_txtbatchno'

2018-05-14 13:39:45 - [TEST_STEP][PASSED] - Statement - switch (id): Finding Test Object with id 'Object Repository/MOH AND GRN/Page_KDMC - CMS/input_txtmrp'

2018-05-14 13:39:45 - [TEST_STEP][PASSED] - Statement - case 1:: Text 'BA950.0' is set on object 'Object Repository/MOH AND GRN/Page_KDMC - CMS/input_txtbatchno'

2018-05-14 13:39:45 - [TEST_STEP][PASSED] - Statement - return (java.lang.Math.floor((java.lang.Math.random() * ((max - min) + 1))) + min): Text 'BA950.0' is set on object 'Object Repository/MOH AND GRN/Page_KDMC - CMS/input_txtbatchno'

2018-05-14 13:39:45 - [MESSAGE][PASSED] - Text 'BA950.0' is set on object 'Object Repository/MOH AND GRN/Page_KDMC - CMS/input_txtbatchno'

2018-05-14 13:39:45 - [TEST_STEP][PASSED] - rightClick: Object: 'Object Repository/GRN/Page_KDMC - CMS/input_txtexpdate' is right clicked on

2018-05-14 13:39:45 - [MESSAGE][PASSED] - Object: 'Object Repository/GRN/Page_KDMC - CMS/input_txtexpdate' is right clicked on

2018-05-14 13:39:45 - [TEST_STEP][PASSED] - selectOptionByIndex: All options with index in [7] are selected on object 'Object Repository/GRN/Page_KDMC - CMS/select_20182019202020212022202'

2018-05-14 13:39:46 - [MESSAGE][PASSED] - All options with index in [7] are selected on object 'Object Repository/GRN/Page_KDMC - CMS/select_20182019202020212022202'

2018-05-14 13:39:46 - [TEST_STEP][PASSED] - selectOptionByIndex: All options with index in [7] are selected on object 'Object Repository/GRN/Page_KDMC - CMS/select_JanFebMarAprMayJunJulAu'

2018-05-14 13:39:46 - [MESSAGE][PASSED] - All options with index in [7] are selected on object 'Object Repository/GRN/Page_KDMC - CMS/select_JanFebMarAprMayJunJulAu'

2018-05-14 13:39:46 - [TEST_STEP][PASSED] - click: Object: 'Object Repository/MOH AND GRN/Page_KDMC - CMS/a_12' is clicked on

2018-05-14 13:39:46 - [MESSAGE][PASSED] - Object: 'Object Repository/MOH AND GRN/Page_KDMC - CMS/a_12' is clicked on

2018-05-14 13:39:46 - [TEST_STEP][PASSED] - click: Object: 'Object Repository/MOH AND GRN/Page_KDMC - CMS/input_btnadd' is clicked on

2018-05-14 13:39:46 - [MESSAGE][PASSED] - Object: 'Object Repository/MOH AND GRN/Page_KDMC - CMS/input_btnadd' is clicked on

2018-05-14 13:39:46 - [TEST_STEP][PASSED] - Statement - If (s == 10): null

2018-05-14 13:39:46 - [TEST_STEP][PASSED] - Statement - Else: null

2018-05-14 13:39:46 - [TEST_STEP][PASSED] - Statement - (s++): null

2018-05-14 13:39:46 - [TEST_STEP][PASSED] - delay: Delayed 1 second(s)

2018-05-14 13:39:47 - [MESSAGE][PASSED] - Delayed 1 second(s)

2018-05-14 13:39:47 - [TEST_STEP][PASSED] - selectOptionByIndex: All options with index in [48] are selected on object 'Object Repository/MOH AND GRN/Page_KDMC - CMS/select_--Select--Amikacin -500'

2018-05-14 13:39:48 - [MESSAGE][PASSED] - All options with index in [48] are selected on object 'Object Repository/MOH AND GRN/Page_KDMC - CMS/select_--Select--Amikacin -500'

2018-05-14 13:39:48 - [TEST_STEP][PASSED] - setText: Text '5000' is set on object 'Object Repository/MOH AND GRN/Page_KDMC - CMS/input_txtqty'

2018-05-14 13:39:48 - [MESSAGE][PASSED] - Text '5000' is set on object 'Object Repository/MOH AND GRN/Page_KDMC - CMS/input_txtqty'

2018-05-14 13:39:48 - [TEST_STEP][PASSED] - selectOptionByIndex: All options with index in [1] are selected on object 'Object Repository/MOH AND GRN/Page_KDMC - CMS/select_--Select--No Tax0'

2018-05-14 13:39:48 - [MESSAGE][PASSED] - All options with index in [1] are selected on object 'Object Repository/MOH AND GRN/Page_KDMC - CMS/select_--Select--No Tax0'

2018-05-14 13:39:48 - [TEST_STEP][PASSED] - setText: Finding Test Object with id 'Object Repository/MOH AND GRN/Page_KDMC - CMS/input_txtmrp'

2018-05-14 13:39:48 - [TEST_STEP][PASSED] - Statement - switch (id): Finding Test Object with id 'Object Repository/MOH AND GRN/Page_KDMC - CMS/input_txtdeal'

2018-05-14 13:39:48 - [TEST_STEP][PASSED] - Statement - case 4:: Text '41.0' is set on object 'Object Repository/MOH AND GRN/Page_KDMC - CMS/input_txtmrp'

2018-05-14 13:39:48 - [TEST_STEP][PASSED] - Statement - return (java.lang.Math.floor((java.lang.Math.random() * ((max - min) + 1))) + min): Text '41.0' is set on object 'Object Repository/MOH AND GRN/Page_KDMC - CMS/input_txtmrp'

2018-05-14 13:39:48 - [MESSAGE][PASSED] - Text '41.0' is set on object 'Object Repository/MOH AND GRN/Page_KDMC - CMS/input_txtmrp'

2018-05-14 13:39:48 - [TEST_STEP][PASSED] - setText: Finding Test Object with id 'Object Repository/MOH AND GRN/Page_KDMC - CMS/input_txtdeal'

2018-05-14 13:39:48 - [TEST_STEP][PASSED] - Statement - switch (id): Finding Test Object with id 'Object Repository/MOH AND GRN/Page_KDMC - CMS/input_txtbatchno'

2018-05-14 13:39:48 - [TEST_STEP][PASSED] - Statement - case 5:: Text '4.0' is set on object 'Object Repository/MOH AND GRN/Page_KDMC - CMS/input_txtdeal'

2018-05-14 13:39:48 - [TEST_STEP][PASSED] - Statement - return (java.lang.Math.floor((java.lang.Math.random() * ((max - min) + 1))) + min): Text '4.0' is set on object 'Object Repository/MOH AND GRN/Page_KDMC - CMS/input_txtdeal'

2018-05-14 13:39:48 - [MESSAGE][PASSED] - Text '4.0' is set on object 'Object Repository/MOH AND GRN/Page_KDMC - CMS/input_txtdeal'

2018-05-14 13:39:48 - [TEST_STEP][PASSED] - setText: Finding Test Object with id 'Object Repository/MOH AND GRN/Page_KDMC - CMS/input_txtbatchno'

2018-05-14 13:39:48 - [TEST_STEP][PASSED] - Statement - switch (id): Finding Test Object with id 'Object Repository/MOH AND GRN/Page_KDMC - CMS/input_txtmrp'

2018-05-14 13:39:48 - [TEST_STEP][PASSED] - Statement - case 1:: Text 'BA213.0' is set on object 'Object Repository/MOH AND GRN/Page_KDMC - CMS/input_txtbatchno'

2018-05-14 13:39:48 - [TEST_STEP][PASSED] - Statement - return (java.lang.Math.floor((java.lang.Math.random() * ((max - min) + 1))) + min): Text 'BA213.0' is set on object 'Object Repository/MOH AND GRN/Page_KDMC - CMS/input_txtbatchno'

2018-05-14 13:39:48 - [MESSAGE][PASSED] - Text 'BA213.0' is set on object 'Object Repository/MOH AND GRN/Page_KDMC - CMS/input_txtbatchno'

2018-05-14 13:39:48 - [TEST_STEP][PASSED] - rightClick: Object: 'Object Repository/GRN/Page_KDMC - CMS/input_txtexpdate' is right clicked on

2018-05-14 13:39:48 - [MESSAGE][PASSED] - Object: 'Object Repository/GRN/Page_KDMC - CMS/input_txtexpdate' is right clicked on

2018-05-14 13:39:48 - [TEST_STEP][PASSED] - selectOptionByIndex: All options with index in [8] are selected on object 'Object Repository/GRN/Page_KDMC - CMS/select_20182019202020212022202'

2018-05-14 13:39:48 - [MESSAGE][PASSED] - All options with index in [8] are selected on object 'Object Repository/GRN/Page_KDMC - CMS/select_20182019202020212022202'

2018-05-14 13:39:48 - [TEST_STEP][PASSED] - selectOptionByIndex: All options with index in [8] are selected on object 'Object Repository/GRN/Page_KDMC - CMS/select_JanFebMarAprMayJunJulAu'

2018-05-14 13:39:49 - [MESSAGE][PASSED] - All options with index in [8] are selected on object 'Object Repository/GRN/Page_KDMC - CMS/select_JanFebMarAprMayJunJulAu'

2018-05-14 13:39:49 - [TEST_STEP][PASSED] - click: Object: 'Object Repository/MOH AND GRN/Page_KDMC - CMS/a_12' is clicked on

2018-05-14 13:39:49 - [MESSAGE][PASSED] - Object: 'Object Repository/MOH AND GRN/Page_KDMC - CMS/a_12' is clicked on

2018-05-14 13:39:49 - [TEST_STEP][PASSED] - click: Object: 'Object Repository/MOH AND GRN/Page_KDMC - CMS/input_btnadd' is clicked on

2018-05-14 13:39:49 - [MESSAGE][PASSED] - Object: 'Object Repository/MOH AND GRN/Page_KDMC - CMS/input_btnadd' is clicked on

2018-05-14 13:39:49 - [TEST_STEP][PASSED] - Statement - If (s == 10): null

2018-05-14 13:39:49 - [TEST_STEP][PASSED] - Statement - Else: null

2018-05-14 13:39:49 - [TEST_STEP][PASSED] - Statement - (s++): null

2018-05-14 13:39:49 - [TEST_STEP][PASSED] - delay: Delayed 1 second(s)

2018-05-14 13:39:50 - [MESSAGE][PASSED] - Delayed 1 second(s)

2018-05-14 13:39:50 - [TEST_STEP][PASSED] - selectOptionByIndex: All options with index in [49] are selected on object 'Object Repository/MOH AND GRN/Page_KDMC - CMS/select_--Select--Amikacin -500'

2018-05-14 13:39:51 - [MESSAGE][PASSED] - All options with index in [49] are selected on object 'Object Repository/MOH AND GRN/Page_KDMC - CMS/select_--Select--Amikacin -500'

2018-05-14 13:39:51 - [TEST_STEP][PASSED] - setText: Text '5000' is set on object 'Object Repository/MOH AND GRN/Page_KDMC - CMS/input_txtqty'

2018-05-14 13:39:51 - [MESSAGE][PASSED] - Text '5000' is set on object 'Object Repository/MOH AND GRN/Page_KDMC - CMS/input_txtqty'

2018-05-14 13:39:51 - [TEST_STEP][PASSED] - selectOptionByIndex: All options with index in [1] are selected on object 'Object Repository/MOH AND GRN/Page_KDMC - CMS/select_--Select--No Tax0'

2018-05-14 13:39:51 - [MESSAGE][PASSED] - All options with index in [1] are selected on object 'Object Repository/MOH AND GRN/Page_KDMC - CMS/select_--Select--No Tax0'

2018-05-14 13:39:51 - [TEST_STEP][PASSED] - setText: Finding Test Object with id 'Object Repository/MOH AND GRN/Page_KDMC - CMS/input_txtmrp'

2018-05-14 13:39:51 - [TEST_STEP][PASSED] - Statement - switch (id): Finding Test Object with id 'Object Repository/MOH AND GRN/Page_KDMC - CMS/input_txtdeal'

2018-05-14 13:39:51 - [TEST_STEP][PASSED] - Statement - case 4:: Text '23.0' is set on object 'Object Repository/MOH AND GRN/Page_KDMC - CMS/input_txtmrp'

2018-05-14 13:39:51 - [TEST_STEP][PASSED] - Statement - return (java.lang.Math.floor((java.lang.Math.random() * ((max - min) + 1))) + min): Text '23.0' is set on object 'Object Repository/MOH AND GRN/Page_KDMC - CMS/input_txtmrp'

2018-05-14 13:39:51 - [MESSAGE][PASSED] - Text '23.0' is set on object 'Object Repository/MOH AND GRN/Page_KDMC - CMS/input_txtmrp'

2018-05-14 13:39:51 - [TEST_STEP][PASSED] - setText: Finding Test Object with id 'Object Repository/MOH AND GRN/Page_KDMC - CMS/input_txtdeal'

2018-05-14 13:39:51 - [TEST_STEP][PASSED] - Statement - switch (id): Finding Test Object with id 'Object Repository/MOH AND GRN/Page_KDMC - CMS/input_txtbatchno'

2018-05-14 13:39:51 - [TEST_STEP][PASSED] - Statement - case 5:: Text '9.0' is set on object 'Object Repository/MOH AND GRN/Page_KDMC - CMS/input_txtdeal'

2018-05-14 13:39:51 - [TEST_STEP][PASSED] - Statement - return (java.lang.Math.floor((java.lang.Math.random() * ((max - min) + 1))) + min): Text '9.0' is set on object 'Object Repository/MOH AND GRN/Page_KDMC - CMS/input_txtdeal'

2018-05-14 13:39:51 - [MESSAGE][PASSED] - Text '9.0' is set on object 'Object Repository/MOH AND GRN/Page_KDMC - CMS/input_txtdeal'

2018-05-14 13:39:51 - [TEST_STEP][PASSED] - setText: Finding Test Object with id 'Object Repository/MOH AND GRN/Page_KDMC - CMS/input_txtbatchno'

2018-05-14 13:39:51 - [TEST_STEP][PASSED] - Statement - switch (id): Finding Test Object with id 'Object Repository/MOH AND GRN/Page_KDMC - CMS/input_txtmrp'

2018-05-14 13:39:51 - [TEST_STEP][PASSED] - Statement - case 1:: Text 'BA521.0' is set on object 'Object Repository/MOH AND GRN/Page_KDMC - CMS/input_txtbatchno'

2018-05-14 13:39:51 - [TEST_STEP][PASSED] - Statement - return (java.lang.Math.floor((java.lang.Math.random() * ((max - min) + 1))) + min): Text 'BA521.0' is set on object 'Object Repository/MOH AND GRN/Page_KDMC - CMS/input_txtbatchno'

2018-05-14 13:39:51 - [MESSAGE][PASSED] - Text 'BA521.0' is set on object 'Object Repository/MOH AND GRN/Page_KDMC - CMS/input_txtbatchno'

2018-05-14 13:39:51 - [TEST_STEP][PASSED] - rightClick: Object: 'Object Repository/GRN/Page_KDMC - CMS/input_txtexpdate' is right clicked on

2018-05-14 13:39:51 - [MESSAGE][PASSED] - Object: 'Object Repository/GRN/Page_KDMC - CMS/input_txtexpdate' is right clicked on

2018-05-14 13:39:51 - [TEST_STEP][PASSED] - selectOptionByIndex: All options with index in [9] are selected on object 'Object Repository/GRN/Page_KDMC - CMS/select_20182019202020212022202'

2018-05-14 13:39:51 - [MESSAGE][PASSED] - All options with index in [9] are selected on object 'Object Repository/GRN/Page_KDMC - CMS/select_20182019202020212022202'

2018-05-14 13:39:51 - [TEST_STEP][PASSED] - selectOptionByIndex: All options with index in [9] are selected on object 'Object Repository/GRN/Page_KDMC - CMS/select_JanFebMarAprMayJunJulAu'

2018-05-14 13:39:52 - [MESSAGE][PASSED] - All options with index in [9] are selected on object 'Object Repository/GRN/Page_KDMC - CMS/select_JanFebMarAprMayJunJulAu'

2018-05-14 13:39:52 - [TEST_STEP][PASSED] - click: Object: 'Object Repository/MOH AND GRN/Page_KDMC - CMS/a_12' is clicked on

2018-05-14 13:39:52 - [MESSAGE][PASSED] - Object: 'Object Repository/MOH AND GRN/Page_KDMC - CMS/a_12' is clicked on

2018-05-14 13:39:52 - [TEST_STEP][PASSED] - click: Object: 'Object Repository/MOH AND GRN/Page_KDMC - CMS/input_btnadd' is clicked on

2018-05-14 13:39:52 - [MESSAGE][PASSED] - Object: 'Object Repository/MOH AND GRN/Page_KDMC - CMS/input_btnadd' is clicked on

2018-05-14 13:39:52 - [TEST_STEP][PASSED] - Statement - If (s == 10): null

2018-05-14 13:39:52 - [TEST_STEP][PASSED] - Statement - Else: null

2018-05-14 13:39:52 - [TEST_STEP][PASSED] - Statement - (s++): null

2018-05-14 13:39:52 - [TEST_STEP][PASSED] - delay: Delayed 1 second(s)

2018-05-14 13:39:53 - [MESSAGE][PASSED] - Delayed 1 second(s)

2018-05-14 13:39:53 - [TEST_STEP][PASSED] - selectOptionByIndex: All options with index in [50] are selected on object 'Object Repository/MOH AND GRN/Page_KDMC - CMS/select_--Select--Amikacin -500'

2018-05-14 13:39:53 - [MESSAGE][PASSED] - All options with index in [50] are selected on object 'Object Repository/MOH AND GRN/Page_KDMC - CMS/select_--Select--Amikacin -500'

2018-05-14 13:39:53 - [TEST_STEP][PASSED] - setText: Text '5000' is set on object 'Object Repository/MOH AND GRN/Page_KDMC - CMS/input_txtqty'

2018-05-14 13:39:54 - [MESSAGE][PASSED] - Text '5000' is set on object 'Object Repository/MOH AND GRN/Page_KDMC - CMS/input_txtqty'

2018-05-14 13:39:54 - [TEST_STEP][PASSED] - selectOptionByIndex: All options with index in [1] are selected on object 'Object Repository/MOH AND GRN/Page_KDMC - CMS/select_--Select--No Tax0'

2018-05-14 13:39:54 - [MESSAGE][PASSED] - All options with index in [1] are selected on object 'Object Repository/MOH AND GRN/Page_KDMC - CMS/select_--Select--No Tax0'

2018-05-14 13:39:54 - [TEST_STEP][PASSED] - setText: Finding Test Object with id 'Object Repository/MOH AND GRN/Page_KDMC - CMS/input_txtmrp'

2018-05-14 13:39:54 - [TEST_STEP][PASSED] - Statement - switch (id): Finding Test Object with id 'Object Repository/MOH AND GRN/Page_KDMC - CMS/input_txtdeal'

2018-05-14 13:39:54 - [TEST_STEP][PASSED] - Statement - case 4:: Text '21.0' is set on object 'Object Repository/MOH AND GRN/Page_KDMC - CMS/input_txtmrp'

2018-05-14 13:39:54 - [TEST_STEP][PASSED] - Statement - return (java.lang.Math.floor((java.lang.Math.random() * ((max - min) + 1))) + min): Text '21.0' is set on object 'Object Repository/MOH AND GRN/Page_KDMC - CMS/input_txtmrp'

2018-05-14 13:39:54 - [MESSAGE][PASSED] - Text '21.0' is set on object 'Object Repository/MOH AND GRN/Page_KDMC - CMS/input_txtmrp'

2018-05-14 13:39:54 - [TEST_STEP][PASSED] - setText: Finding Test Object with id 'Object Repository/MOH AND GRN/Page_KDMC - CMS/input_txtdeal'

2018-05-14 13:39:54 - [TEST_STEP][PASSED] - Statement - switch (id): Finding Test Object with id 'Object Repository/MOH AND GRN/Page_KDMC - CMS/input_txtbatchno'

2018-05-14 13:39:54 - [TEST_STEP][PASSED] - Statement - case 5:: Text '4.0' is set on object 'Object Repository/MOH AND GRN/Page_KDMC - CMS/input_txtdeal'

2018-05-14 13:39:54 - [TEST_STEP][PASSED] - Statement - return (java.lang.Math.floor((java.lang.Math.random() * ((max - min) + 1))) + min): Text '4.0' is set on object 'Object Repository/MOH AND GRN/Page_KDMC - CMS/input_txtdeal'

2018-05-14 13:39:54 - [MESSAGE][PASSED] - Text '4.0' is set on object 'Object Repository/MOH AND GRN/Page_KDMC - CMS/input_txtdeal'

2018-05-14 13:39:54 - [TEST_STEP][PASSED] - setText: Finding Test Object with id 'Object Repository/MOH AND GRN/Page_KDMC - CMS/input_txtbatchno'

2018-05-14 13:39:54 - [TEST_STEP][PASSED] - Statement - switch (id): Finding Test Object with id 'Object Repository/MOH AND GRN/Page_KDMC - CMS/input_txtmrp'

2018-05-14 13:39:54 - [TEST_STEP][PASSED] - Statement - case 1:: Text 'BA13.0' is set on object 'Object Repository/MOH AND GRN/Page_KDMC - CMS/input_txtbatchno'

2018-05-14 13:39:54 - [TEST_STEP][PASSED] - Statement - return (java.lang.Math.floor((java.lang.Math.random() * ((max - min) + 1))) + min): Text 'BA13.0' is set on object 'Object Repository/MOH AND GRN/Page_KDMC - CMS/input_txtbatchno'

2018-05-14 13:39:54 - [MESSAGE][PASSED] - Text 'BA13.0' is set on object 'Object Repository/MOH AND GRN/Page_KDMC - CMS/input_txtbatchno'

2018-05-14 13:39:54 - [TEST_STEP][PASSED] - rightClick: Object: 'Object Repository/GRN/Page_KDMC - CMS/input_txtexpdate' is right clicked on

2018-05-14 13:39:54 - [MESSAGE][PASSED] - Object: 'Object Repository/GRN/Page_KDMC - CMS/input_txtexpdate' is right clicked on

2018-05-14 13:39:54 - [TEST_STEP][PASSED] - selectOptionByIndex: All options with index in [10] are selected on object 'Object Repository/GRN/Page_KDMC - CMS/select_20182019202020212022202'

2018-05-14 13:39:54 - [MESSAGE][PASSED] - All options with index in [10] are selected on object 'Object Repository/GRN/Page_KDMC - CMS/select_20182019202020212022202'

2018-05-14 13:39:54 - [TEST_STEP][PASSED] - selectOptionByIndex: All options with index in [10] are selected on object 'Object Repository/GRN/Page_KDMC - CMS/select_JanFebMarAprMayJunJulAu'

2018-05-14 13:39:55 - [MESSAGE][PASSED] - All options with index in [10] are selected on object 'Object Repository/GRN/Page_KDMC - CMS/select_JanFebMarAprMayJunJulAu'

2018-05-14 13:39:55 - [TEST_STEP][PASSED] - click: Object: 'Object Repository/MOH AND GRN/Page_KDMC - CMS/a_12' is clicked on

2018-05-14 13:39:55 - [MESSAGE][PASSED] - Object: 'Object Repository/MOH AND GRN/Page_KDMC - CMS/a_12' is clicked on

2018-05-14 13:39:55 - [TEST_STEP][PASSED] - click: Object: 'Object Repository/MOH AND GRN/Page_KDMC - CMS/input_btnadd' is clicked on

2018-05-14 13:39:55 - [MESSAGE][PASSED] - Object: 'Object Repository/MOH AND GRN/Page_KDMC - CMS/input_btnadd' is clicked on

2018-05-14 13:39:55 - [TEST_STEP][PASSED] - Statement - If (s == 10): null

2018-05-14 13:39:55 - [TEST_STEP][PASSED] - Statement - s = 1: null

2018-05-14 13:39:55 - [TEST_STEP][PASSED] - delay: Delayed 1 second(s)

2018-05-14 13:39:56 - [MESSAGE][PASSED] - Delayed 1 second(s)

2018-05-14 13:39:56 - [TEST_STEP][PASSED] - selectOptionByIndex: All options with index in [51] are selected on object 'Object Repository/MOH AND GRN/Page_KDMC - CMS/select_--Select--Amikacin -500'

2018-05-14 13:39:56 - [MESSAGE][PASSED] - All options with index in [51] are selected on object 'Object Repository/MOH AND GRN/Page_KDMC - CMS/select_--Select--Amikacin -500'

2018-05-14 13:39:56 - [TEST_STEP][PASSED] - setText: Text '5000' is set on object 'Object Repository/MOH AND GRN/Page_KDMC - CMS/input_txtqty'

2018-05-14 13:39:57 - [MESSAGE][PASSED] - Text '5000' is set on object 'Object Repository/MOH AND GRN/Page_KDMC - CMS/input_txtqty'

2018-05-14 13:39:57 - [TEST_STEP][PASSED] - selectOptionByIndex: All options with index in [1] are selected on object 'Object Repository/MOH AND GRN/Page_KDMC - CMS/select_--Select--No Tax0'

2018-05-14 13:39:57 - [MESSAGE][PASSED] - All options with index in [1] are selected on object 'Object Repository/MOH AND GRN/Page_KDMC - CMS/select_--Select--No Tax0'

2018-05-14 13:39:57 - [TEST_STEP][PASSED] - setText: Finding Test Object with id 'Object Repository/MOH AND GRN/Page_KDMC - CMS/input_txtmrp'

2018-05-14 13:39:57 - [TEST_STEP][PASSED] - Statement - switch (id): Finding Test Object with id 'Object Repository/MOH AND GRN/Page_KDMC - CMS/input_txtdeal'

2018-05-14 13:39:57 - [TEST_STEP][PASSED] - Statement - case 4:: Text '34.0' is set on object 'Object Repository/MOH AND GRN/Page_KDMC - CMS/input_txtmrp'

2018-05-14 13:39:57 - [TEST_STEP][PASSED] - Statement - return (java.lang.Math.floor((java.lang.Math.random() * ((max - min) + 1))) + min): Text '34.0' is set on object 'Object Repository/MOH AND GRN/Page_KDMC - CMS/input_txtmrp'

2018-05-14 13:39:57 - [MESSAGE][PASSED] - Text '34.0' is set on object 'Object Repository/MOH AND GRN/Page_KDMC - CMS/input_txtmrp'

2018-05-14 13:39:57 - [TEST_STEP][PASSED] - setText: Finding Test Object with id 'Object Repository/MOH AND GRN/Page_KDMC - CMS/input_txtdeal'

2018-05-14 13:39:57 - [TEST_STEP][PASSED] - Statement - switch (id): Finding Test Object with id 'Object Repository/MOH AND GRN/Page_KDMC - CMS/input_txtbatchno'

2018-05-14 13:39:57 - [TEST_STEP][PASSED] - Statement - case 5:: Text '1.0' is set on object 'Object Repository/MOH AND GRN/Page_KDMC - CMS/input_txtdeal'

2018-05-14 13:39:57 - [TEST_STEP][PASSED] - Statement - return (java.lang.Math.floor((java.lang.Math.random() * ((max - min) + 1))) + min): Text '1.0' is set on object 'Object Repository/MOH AND GRN/Page_KDMC - CMS/input_txtdeal'

2018-05-14 13:39:57 - [MESSAGE][PASSED] - Text '1.0' is set on object 'Object Repository/MOH AND GRN/Page_KDMC - CMS/input_txtdeal'

2018-05-14 13:39:57 - [TEST_STEP][PASSED] - setText: Finding Test Object with id 'Object Repository/MOH AND GRN/Page_KDMC - CMS/input_txtbatchno'

2018-05-14 13:39:57 - [TEST_STEP][PASSED] - Statement - switch (id): Finding Test Object with id 'Object Repository/MOH AND GRN/Page_KDMC - CMS/input_txtmrp'

2018-05-14 13:39:57 - [TEST_STEP][PASSED] - Statement - case 1:: Text 'BA90.0' is set on object 'Object Repository/MOH AND GRN/Page_KDMC - CMS/input_txtbatchno'

2018-05-14 13:39:57 - [TEST_STEP][PASSED] - Statement - return (java.lang.Math.floor((java.lang.Math.random() * ((max - min) + 1))) + min): Text 'BA90.0' is set on object 'Object Repository/MOH AND GRN/Page_KDMC - CMS/input_txtbatchno'

2018-05-14 13:39:57 - [MESSAGE][PASSED] - Text 'BA90.0' is set on object 'Object Repository/MOH AND GRN/Page_KDMC - CMS/input_txtbatchno'

2018-05-14 13:39:57 - [TEST_STEP][PASSED] - rightClick: Object: 'Object Repository/GRN/Page_KDMC - CMS/input_txtexpdate' is right clicked on

2018-05-14 13:39:57 - [MESSAGE][PASSED] - Object: 'Object Repository/GRN/Page_KDMC - CMS/input_txtexpdate' is right clicked on

2018-05-14 13:39:57 - [TEST_STEP][PASSED] - selectOptionByIndex: All options with index in [1] are selected on object 'Object Repository/GRN/Page_KDMC - CMS/select_20182019202020212022202'

2018-05-14 13:39:57 - [MESSAGE][PASSED] - All options with index in [1] are selected on object 'Object Repository/GRN/Page_KDMC - CMS/select_20182019202020212022202'

2018-05-14 13:39:57 - [TEST_STEP][PASSED] - selectOptionByIndex: All options with index in [1] are selected on object 'Object Repository/GRN/Page_KDMC - CMS/select_JanFebMarAprMayJunJulAu'

2018-05-14 13:39:57 - [MESSAGE][PASSED] - All options with index in [1] are selected on object 'Object Repository/GRN/Page_KDMC - CMS/select_JanFebMarAprMayJunJulAu'

2018-05-14 13:39:57 - [TEST_STEP][PASSED] - click: Object: 'Object Repository/MOH AND GRN/Page_KDMC - CMS/a_12' is clicked on

2018-05-14 13:39:58 - [MESSAGE][PASSED] - Object: 'Object Repository/MOH AND GRN/Page_KDMC - CMS/a_12' is clicked on

2018-05-14 13:39:58 - [TEST_STEP][PASSED] - click: Object: 'Object Repository/MOH AND GRN/Page_KDMC - CMS/input_btnadd' is clicked on

2018-05-14 13:39:58 - [MESSAGE][PASSED] - Object: 'Object Repository/MOH AND GRN/Page_KDMC - CMS/input_btnadd' is clicked on

2018-05-14 13:39:58 - [TEST_STEP][PASSED] - Statement - If (s == 10): null

2018-05-14 13:39:58 - [TEST_STEP][PASSED] - Statement - Else: null

2018-05-14 13:39:58 - [TEST_STEP][PASSED] - Statement - (s++): null

2018-05-14 13:39:58 - [TEST_STEP][PASSED] - delay: Delayed 1 second(s)

2018-05-14 13:39:59 - [MESSAGE][PASSED] - Delayed 1 second(s)

2018-05-14 13:39:59 - [TEST_STEP][PASSED] - selectOptionByIndex: All options with index in [52] are selected on object 'Object Repository/MOH AND GRN/Page_KDMC - CMS/select_--Select--Amikacin -500'

2018-05-14 13:39:59 - [MESSAGE][PASSED] - All options with index in [52] are selected on object 'Object Repository/MOH AND GRN/Page_KDMC - CMS/select_--Select--Amikacin -500'

2018-05-14 13:39:59 - [TEST_STEP][PASSED] - setText: Text '5000' is set on object 'Object Repository/MOH AND GRN/Page_KDMC - CMS/input_txtqty'

2018-05-14 13:39:59 - [MESSAGE][PASSED] - Text '5000' is set on object 'Object Repository/MOH AND GRN/Page_KDMC - CMS/input_txtqty'

2018-05-14 13:39:59 - [TEST_STEP][PASSED] - selectOptionByIndex: All options with index in [1] are selected on object 'Object Repository/MOH AND GRN/Page_KDMC - CMS/select_--Select--No Tax0'

2018-05-14 13:40:00 - [MESSAGE][PASSED] - All options with index in [1] are selected on object 'Object Repository/MOH AND GRN/Page_KDMC - CMS/select_--Select--No Tax0'

2018-05-14 13:40:00 - [TEST_STEP][PASSED] - setText: Finding Test Object with id 'Object Repository/MOH AND GRN/Page_KDMC - CMS/input_txtmrp'

2018-05-14 13:40:00 - [TEST_STEP][PASSED] - Statement - switch (id): Finding Test Object with id 'Object Repository/MOH AND GRN/Page_KDMC - CMS/input_txtdeal'

2018-05-14 13:40:00 - [TEST_STEP][PASSED] - Statement - case 4:: Text '20.0' is set on object 'Object Repository/MOH AND GRN/Page_KDMC - CMS/input_txtmrp'

2018-05-14 13:40:00 - [TEST_STEP][PASSED] - Statement - return (java.lang.Math.floor((java.lang.Math.random() * ((max - min) + 1))) + min): Text '20.0' is set on object 'Object Repository/MOH AND GRN/Page_KDMC - CMS/input_txtmrp'

2018-05-14 13:40:00 - [MESSAGE][PASSED] - Text '20.0' is set on object 'Object Repository/MOH AND GRN/Page_KDMC - CMS/input_txtmrp'

2018-05-14 13:40:00 - [TEST_STEP][PASSED] - setText: Finding Test Object with id 'Object Repository/MOH AND GRN/Page_KDMC - CMS/input_txtdeal'

2018-05-14 13:40:00 - [TEST_STEP][PASSED] - Statement - switch (id): Finding Test Object with id 'Object Repository/MOH AND GRN/Page_KDMC - CMS/input_txtbatchno'

2018-05-14 13:40:00 - [TEST_STEP][PASSED] - Statement - case 5:: Text '8.0' is set on object 'Object Repository/MOH AND GRN/Page_KDMC - CMS/input_txtdeal'

2018-05-14 13:40:00 - [TEST_STEP][PASSED] - Statement - return (java.lang.Math.floor((java.lang.Math.random() * ((max - min) + 1))) + min): Text '8.0' is set on object 'Object Repository/MOH AND GRN/Page_KDMC - CMS/input_txtdeal'

2018-05-14 13:40:00 - [MESSAGE][PASSED] - Text '8.0' is set on object 'Object Repository/MOH AND GRN/Page_KDMC - CMS/input_txtdeal'

2018-05-14 13:40:00 - [TEST_STEP][PASSED] - setText: Finding Test Object with id 'Object Repository/MOH AND GRN/Page_KDMC - CMS/input_txtbatchno'

2018-05-14 13:40:00 - [TEST_STEP][PASSED] - Statement - switch (id): Finding Test Object with id 'Object Repository/MOH AND GRN/Page_KDMC - CMS/input_txtmrp'

2018-05-14 13:40:00 - [TEST_STEP][PASSED] - Statement - case 1:: Text 'BA477.0' is set on object 'Object Repository/MOH AND GRN/Page_KDMC - CMS/input_txtbatchno'

2018-05-14 13:40:00 - [TEST_STEP][PASSED] - Statement - return (java.lang.Math.floor((java.lang.Math.random() * ((max - min) + 1))) + min): Text 'BA477.0' is set on object 'Object Repository/MOH AND GRN/Page_KDMC - CMS/input_txtbatchno'

2018-05-14 13:40:00 - [MESSAGE][PASSED] - Text 'BA477.0' is set on object 'Object Repository/MOH AND GRN/Page_KDMC - CMS/input_txtbatchno'

2018-05-14 13:40:00 - [TEST_STEP][PASSED] - rightClick: Object: 'Object Repository/GRN/Page_KDMC - CMS/input_txtexpdate' is right clicked on

2018-05-14 13:40:00 - [MESSAGE][PASSED] - Object: 'Object Repository/GRN/Page_KDMC - CMS/input_txtexpdate' is right clicked on

2018-05-14 13:40:00 - [TEST_STEP][PASSED] - selectOptionByIndex: All options with index in [2] are selected on object 'Object Repository/GRN/Page_KDMC - CMS/select_20182019202020212022202'

2018-05-14 13:40:00 - [MESSAGE][PASSED] - All options with index in [2] are selected on object 'Object Repository/GRN/Page_KDMC - CMS/select_20182019202020212022202'

2018-05-14 13:40:00 - [TEST_STEP][PASSED] - selectOptionByIndex: All options with index in [2] are selected on object 'Object Repository/GRN/Page_KDMC - CMS/select_JanFebMarAprMayJunJulAu'

2018-05-14 13:40:00 - [MESSAGE][PASSED] - All options with index in [2] are selected on object 'Object Repository/GRN/Page_KDMC - CMS/select_JanFebMarAprMayJunJulAu'

2018-05-14 13:40:00 - [TEST_STEP][PASSED] - click: Object: 'Object Repository/MOH AND GRN/Page_KDMC - CMS/a_12' is clicked on

2018-05-14 13:40:00 - [MESSAGE][PASSED] - Object: 'Object Repository/MOH AND GRN/Page_KDMC - CMS/a_12' is clicked on

2018-05-14 13:40:00 - [TEST_STEP][PASSED] - click: Object: 'Object Repository/MOH AND GRN/Page_KDMC - CMS/input_btnadd' is clicked on

2018-05-14 13:40:00 - [MESSAGE][PASSED] - Object: 'Object Repository/MOH AND GRN/Page_KDMC - CMS/input_btnadd' is clicked on

2018-05-14 13:40:00 - [TEST_STEP][PASSED] - Statement - If (s == 10): null

2018-05-14 13:40:00 - [TEST_STEP][PASSED] - Statement - Else: null

2018-05-14 13:40:00 - [TEST_STEP][PASSED] - Statement - (s++): null

2018-05-14 13:40:00 - [TEST_STEP][PASSED] - delay: Delayed 1 second(s)

2018-05-14 13:40:01 - [MESSAGE][PASSED] - Delayed 1 second(s)

2018-05-14 13:40:01 - [TEST_STEP][PASSED] - selectOptionByIndex: All options with index in [53] are selected on object 'Object Repository/MOH AND GRN/Page_KDMC - CMS/select_--Select--Amikacin -500'

2018-05-14 13:40:02 - [MESSAGE][PASSED] - All options with index in [53] are selected on object 'Object Repository/MOH AND GRN/Page_KDMC - CMS/select_--Select--Amikacin -500'

2018-05-14 13:40:02 - [TEST_STEP][PASSED] - setText: Text '5000' is set on object 'Object Repository/MOH AND GRN/Page_KDMC - CMS/input_txtqty'

2018-05-14 13:40:02 - [MESSAGE][PASSED] - Text '5000' is set on object 'Object Repository/MOH AND GRN/Page_KDMC - CMS/input_txtqty'

2018-05-14 13:40:02 - [TEST_STEP][PASSED] - selectOptionByIndex: All options with index in [1] are selected on object 'Object Repository/MOH AND GRN/Page_KDMC - CMS/select_--Select--No Tax0'

2018-05-14 13:40:02 - [MESSAGE][PASSED] - All options with index in [1] are selected on object 'Object Repository/MOH AND GRN/Page_KDMC - CMS/select_--Select--No Tax0'

2018-05-14 13:40:02 - [TEST_STEP][PASSED] - setText: Finding Test Object with id 'Object Repository/MOH AND GRN/Page_KDMC - CMS/input_txtmrp'

2018-05-14 13:40:02 - [TEST_STEP][PASSED] - Statement - switch (id): Finding Test Object with id 'Object Repository/MOH AND GRN/Page_KDMC - CMS/input_txtdeal'

2018-05-14 13:40:02 - [TEST_STEP][PASSED] - Statement - case 4:: Text '29.0' is set on object 'Object Repository/MOH AND GRN/Page_KDMC - CMS/input_txtmrp'

2018-05-14 13:40:02 - [TEST_STEP][PASSED] - Statement - return (java.lang.Math.floor((java.lang.Math.random() * ((max - min) + 1))) + min): Text '29.0' is set on object 'Object Repository/MOH AND GRN/Page_KDMC - CMS/input_txtmrp'

2018-05-14 13:40:02 - [MESSAGE][PASSED] - Text '29.0' is set on object 'Object Repository/MOH AND GRN/Page_KDMC - CMS/input_txtmrp'

2018-05-14 13:40:02 - [TEST_STEP][PASSED] - setText: Finding Test Object with id 'Object Repository/MOH AND GRN/Page_KDMC - CMS/input_txtdeal'

2018-05-14 13:40:02 - [TEST_STEP][PASSED] - Statement - switch (id): Finding Test Object with id 'Object Repository/MOH AND GRN/Page_KDMC - CMS/input_txtbatchno'

2018-05-14 13:40:02 - [TEST_STEP][PASSED] - Statement - case 5:: Text '4.0' is set on object 'Object Repository/MOH AND GRN/Page_KDMC - CMS/input_txtdeal'

2018-05-14 13:40:02 - [TEST_STEP][PASSED] - Statement - return (java.lang.Math.floor((java.lang.Math.random() * ((max - min) + 1))) + min): Text '4.0' is set on object 'Object Repository/MOH AND GRN/Page_KDMC - CMS/input_txtdeal'

2018-05-14 13:40:02 - [MESSAGE][PASSED] - Text '4.0' is set on object 'Object Repository/MOH AND GRN/Page_KDMC - CMS/input_txtdeal'

2018-05-14 13:40:02 - [TEST_STEP][PASSED] - setText: Finding Test Object with id 'Object Repository/MOH AND GRN/Page_KDMC - CMS/input_txtbatchno'

2018-05-14 13:40:03 - [TEST_STEP][PASSED] - Statement - switch (id): Finding Test Object with id 'Object Repository/MOH AND GRN/Page_KDMC - CMS/input_txtmrp'

2018-05-14 13:40:03 - [TEST_STEP][PASSED] - Statement - case 1:: Text 'BA713.0' is set on object 'Object Repository/MOH AND GRN/Page_KDMC - CMS/input_txtbatchno'

2018-05-14 13:40:03 - [TEST_STEP][PASSED] - Statement - return (java.lang.Math.floor((java.lang.Math.random() * ((max - min) + 1))) + min): Text 'BA713.0' is set on object 'Object Repository/MOH AND GRN/Page_KDMC - CMS/input_txtbatchno'

2018-05-14 13:40:03 - [MESSAGE][PASSED] - Text 'BA713.0' is set on object 'Object Repository/MOH AND GRN/Page_KDMC - CMS/input_txtbatchno'

2018-05-14 13:40:03 - [TEST_STEP][PASSED] - rightClick: Object: 'Object Repository/GRN/Page_KDMC - CMS/input_txtexpdate' is right clicked on

2018-05-14 13:40:03 - [MESSAGE][PASSED] - Object: 'Object Repository/GRN/Page_KDMC - CMS/input_txtexpdate' is right clicked on

2018-05-14 13:40:03 - [TEST_STEP][PASSED] - selectOptionByIndex: All options with index in [3] are selected on object 'Object Repository/GRN/Page_KDMC - CMS/select_20182019202020212022202'

2018-05-14 13:40:03 - [MESSAGE][PASSED] - All options with index in [3] are selected on object 'Object Repository/GRN/Page_KDMC - CMS/select_20182019202020212022202'

2018-05-14 13:40:03 - [TEST_STEP][PASSED] - selectOptionByIndex: All options with index in [3] are selected on object 'Object Repository/GRN/Page_KDMC - CMS/select_JanFebMarAprMayJunJulAu'

2018-05-14 13:40:03 - [MESSAGE][PASSED] - All options with index in [3] are selected on object 'Object Repository/GRN/Page_KDMC - CMS/select_JanFebMarAprMayJunJulAu'

2018-05-14 13:40:03 - [TEST_STEP][PASSED] - click: Object: 'Object Repository/MOH AND GRN/Page_KDMC - CMS/a_12' is clicked on

2018-05-14 13:40:03 - [MESSAGE][PASSED] - Object: 'Object Repository/MOH AND GRN/Page_KDMC - CMS/a_12' is clicked on

2018-05-14 13:40:03 - [TEST_STEP][PASSED] - click: Object: 'Object Repository/MOH AND GRN/Page_KDMC - CMS/input_btnadd' is clicked on

2018-05-14 13:40:03 - [MESSAGE][PASSED] - Object: 'Object Repository/MOH AND GRN/Page_KDMC - CMS/input_btnadd' is clicked on

2018-05-14 13:40:03 - [TEST_STEP][PASSED] - Statement - If (s == 10): null

2018-05-14 13:40:03 - [TEST_STEP][PASSED] - Statement - Else: null

2018-05-14 13:40:03 - [TEST_STEP][PASSED] - Statement - (s++): null

2018-05-14 13:40:03 - [TEST_STEP][PASSED] - delay: Delayed 1 second(s)

2018-05-14 13:40:04 - [MESSAGE][PASSED] - Delayed 1 second(s)

2018-05-14 13:40:04 - [TEST_STEP][PASSED] - selectOptionByIndex: All options with index in [54] are selected on object 'Object Repository/MOH AND GRN/Page_KDMC - CMS/select_--Select--Amikacin -500'

2018-05-14 13:40:05 - [MESSAGE][PASSED] - All options with index in [54] are selected on object 'Object Repository/MOH AND GRN/Page_KDMC - CMS/select_--Select--Amikacin -500'

2018-05-14 13:40:05 - [TEST_STEP][PASSED] - setText: Text '5000' is set on object 'Object Repository/MOH AND GRN/Page_KDMC - CMS/input_txtqty'

2018-05-14 13:40:05 - [MESSAGE][PASSED] - Text '5000' is set on object 'Object Repository/MOH AND GRN/Page_KDMC - CMS/input_txtqty'

2018-05-14 13:40:05 - [TEST_STEP][PASSED] - selectOptionByIndex: All options with index in [1] are selected on object 'Object Repository/MOH AND GRN/Page_KDMC - CMS/select_--Select--No Tax0'

2018-05-14 13:40:05 - [MESSAGE][PASSED] - All options with index in [1] are selected on object 'Object Repository/MOH AND GRN/Page_KDMC - CMS/select_--Select--No Tax0'

2018-05-14 13:40:05 - [TEST_STEP][PASSED] - setText: Finding Test Object with id 'Object Repository/MOH AND GRN/Page_KDMC - CMS/input_txtmrp'

2018-05-14 13:40:05 - [TEST_STEP][PASSED] - Statement - switch (id): Finding Test Object with id 'Object Repository/MOH AND GRN/Page_KDMC - CMS/input_txtdeal'

2018-05-14 13:40:05 - [TEST_STEP][PASSED] - Statement - case 4:: Text '31.0' is set on object 'Object Repository/MOH AND GRN/Page_KDMC - CMS/input_txtmrp'

2018-05-14 13:40:05 - [TEST_STEP][PASSED] - Statement - return (java.lang.Math.floor((java.lang.Math.random() * ((max - min) + 1))) + min): Text '31.0' is set on object 'Object Repository/MOH AND GRN/Page_KDMC - CMS/input_txtmrp'

2018-05-14 13:40:05 - [MESSAGE][PASSED] - Text '31.0' is set on object 'Object Repository/MOH AND GRN/Page_KDMC - CMS/input_txtmrp'

2018-05-14 13:40:05 - [TEST_STEP][PASSED] - setText: Finding Test Object with id 'Object Repository/MOH AND GRN/Page_KDMC - CMS/input_txtdeal'

2018-05-14 13:40:05 - [TEST_STEP][PASSED] - Statement - switch (id): Finding Test Object with id 'Object Repository/MOH AND GRN/Page_KDMC - CMS/input_txtbatchno'

2018-05-14 13:40:05 - [TEST_STEP][PASSED] - Statement - case 5:: Text '8.0' is set on object 'Object Repository/MOH AND GRN/Page_KDMC - CMS/input_txtdeal'

2018-05-14 13:40:05 - [TEST_STEP][PASSED] - Statement - return (java.lang.Math.floor((java.lang.Math.random() * ((max - min) + 1))) + min): Text '8.0' is set on object 'Object Repository/MOH AND GRN/Page_KDMC - CMS/input_txtdeal'

2018-05-14 13:40:05 - [MESSAGE][PASSED] - Text '8.0' is set on object 'Object Repository/MOH AND GRN/Page_KDMC - CMS/input_txtdeal'

2018-05-14 13:40:05 - [TEST_STEP][PASSED] - setText: Finding Test Object with id 'Object Repository/MOH AND GRN/Page_KDMC - CMS/input_txtbatchno'

2018-05-14 13:40:05 - [TEST_STEP][PASSED] - Statement - switch (id): Finding Test Object with id 'Object Repository/MOH AND GRN/Page_KDMC - CMS/input_txtmrp'

2018-05-14 13:40:05 - [TEST_STEP][PASSED] - Statement - case 1:: Text 'BA66.0' is set on object 'Object Repository/MOH AND GRN/Page_KDMC - CMS/input_txtbatchno'

2018-05-14 13:40:05 - [TEST_STEP][PASSED] - Statement - return (java.lang.Math.floor((java.lang.Math.random() * ((max - min) + 1))) + min): Text 'BA66.0' is set on object 'Object Repository/MOH AND GRN/Page_KDMC - CMS/input_txtbatchno'

2018-05-14 13:40:05 - [MESSAGE][PASSED] - Text 'BA66.0' is set on object 'Object Repository/MOH AND GRN/Page_KDMC - CMS/input_txtbatchno'

2018-05-14 13:40:05 - [TEST_STEP][PASSED] - rightClick: Object: 'Object Repository/GRN/Page_KDMC - CMS/input_txtexpdate' is right clicked on

2018-05-14 13:40:06 - [MESSAGE][PASSED] - Object: 'Object Repository/GRN/Page_KDMC - CMS/input_txtexpdate' is right clicked on

2018-05-14 13:40:06 - [TEST_STEP][PASSED] - selectOptionByIndex: All options with index in [4] are selected on object 'Object Repository/GRN/Page_KDMC - CMS/select_20182019202020212022202'

2018-05-14 13:40:06 - [MESSAGE][PASSED] - All options with index in [4] are selected on object 'Object Repository/GRN/Page_KDMC - CMS/select_20182019202020212022202'

2018-05-14 13:40:06 - [TEST_STEP][PASSED] - selectOptionByIndex: All options with index in [4] are selected on object 'Object Repository/GRN/Page_KDMC - CMS/select_JanFebMarAprMayJunJulAu'

2018-05-14 13:40:06 - [MESSAGE][PASSED] - All options with index in [4] are selected on object 'Object Repository/GRN/Page_KDMC - CMS/select_JanFebMarAprMayJunJulAu'

2018-05-14 13:40:06 - [TEST_STEP][PASSED] - click: Object: 'Object Repository/MOH AND GRN/Page_KDMC - CMS/a_12' is clicked on

2018-05-14 13:40:06 - [MESSAGE][PASSED] - Object: 'Object Repository/MOH AND GRN/Page_KDMC - CMS/a_12' is clicked on

2018-05-14 13:40:06 - [TEST_STEP][PASSED] - click: Object: 'Object Repository/MOH AND GRN/Page_KDMC - CMS/input_btnadd' is clicked on

2018-05-14 13:40:06 - [MESSAGE][PASSED] - Object: 'Object Repository/MOH AND GRN/Page_KDMC - CMS/input_btnadd' is clicked on

2018-05-14 13:40:06 - [TEST_STEP][PASSED] - Statement - If (s == 10): null

2018-05-14 13:40:06 - [TEST_STEP][PASSED] - Statement - Else: null

2018-05-14 13:40:06 - [TEST_STEP][PASSED] - Statement - (s++): null

2018-05-14 13:40:06 - [TEST_STEP][PASSED] - delay: Delayed 1 second(s)

2018-05-14 13:40:07 - [MESSAGE][PASSED] - Delayed 1 second(s)

2018-05-14 13:40:07 - [TEST_STEP][PASSED] - selectOptionByIndex: All options with index in [55] are selected on object 'Object Repository/MOH AND GRN/Page_KDMC - CMS/select_--Select--Amikacin -500'

2018-05-14 13:40:08 - [MESSAGE][PASSED] - All options with index in [55] are selected on object 'Object Repository/MOH AND GRN/Page_KDMC - CMS/select_--Select--Amikacin -500'

2018-05-14 13:40:08 - [TEST_STEP][PASSED] - setText: Text '5000' is set on object 'Object Repository/MOH AND GRN/Page_KDMC - CMS/input_txtqty'

2018-05-14 13:40:08 - [MESSAGE][PASSED] - Text '5000' is set on object 'Object Repository/MOH AND GRN/Page_KDMC - CMS/input_txtqty'

2018-05-14 13:40:08 - [TEST_STEP][PASSED] - selectOptionByIndex: All options with index in [1] are selected on object 'Object Repository/MOH AND GRN/Page_KDMC - CMS/select_--Select--No Tax0'

2018-05-14 13:40:08 - [MESSAGE][PASSED] - All options with index in [1] are selected on object 'Object Repository/MOH AND GRN/Page_KDMC - CMS/select_--Select--No Tax0'

2018-05-14 13:40:08 - [TEST_STEP][PASSED] - setText: Finding Test Object with id 'Object Repository/MOH AND GRN/Page_KDMC - CMS/input_txtmrp'

2018-05-14 13:40:08 - [TEST_STEP][PASSED] - Statement - switch (id): Finding Test Object with id 'Object Repository/MOH AND GRN/Page_KDMC - CMS/input_txtdeal'

2018-05-14 13:40:08 - [TEST_STEP][PASSED] - Statement - case 4:: Text '34.0' is set on object 'Object Repository/MOH AND GRN/Page_KDMC - CMS/input_txtmrp'

2018-05-14 13:40:08 - [TEST_STEP][PASSED] - Statement - return (java.lang.Math.floor((java.lang.Math.random() * ((max - min) + 1))) + min): Text '34.0' is set on object 'Object Repository/MOH AND GRN/Page_KDMC - CMS/input_txtmrp'

2018-05-14 13:40:08 - [MESSAGE][PASSED] - Text '34.0' is set on object 'Object Repository/MOH AND GRN/Page_KDMC - CMS/input_txtmrp'

2018-05-14 13:40:08 - [TEST_STEP][PASSED] - setText: Finding Test Object with id 'Object Repository/MOH AND GRN/Page_KDMC - CMS/input_txtdeal'

2018-05-14 13:40:08 - [TEST_STEP][PASSED] - Statement - switch (id): Finding Test Object with id 'Object Repository/MOH AND GRN/Page_KDMC - CMS/input_txtbatchno'

2018-05-14 13:40:08 - [TEST_STEP][PASSED] - Statement - case 5:: Text '11.0' is set on object 'Object Repository/MOH AND GRN/Page_KDMC - CMS/input_txtdeal'

2018-05-14 13:40:08 - [TEST_STEP][PASSED] - Statement - return (java.lang.Math.floor((java.lang.Math.random() * ((max - min) + 1))) + min): Text '11.0' is set on object 'Object Repository/MOH AND GRN/Page_KDMC - CMS/input_txtdeal'

2018-05-14 13:40:08 - [MESSAGE][PASSED] - Text '11.0' is set on object 'Object Repository/MOH AND GRN/Page_KDMC - CMS/input_txtdeal'

2018-05-14 13:40:08 - [TEST_STEP][PASSED] - setText: Finding Test Object with id 'Object Repository/MOH AND GRN/Page_KDMC - CMS/input_txtbatchno'

2018-05-14 13:40:08 - [TEST_STEP][PASSED] - Statement - switch (id): Finding Test Object with id 'Object Repository/MOH AND GRN/Page_KDMC - CMS/input_txtmrp'

2018-05-14 13:40:08 - [TEST_STEP][PASSED] - Statement - case 1:: Text 'BA470.0' is set on object 'Object Repository/MOH AND GRN/Page_KDMC - CMS/input_txtbatchno'

2018-05-14 13:40:08 - [TEST_STEP][PASSED] - Statement - return (java.lang.Math.floor((java.lang.Math.random() * ((max - min) + 1))) + min): Text 'BA470.0' is set on object 'Object Repository/MOH AND GRN/Page_KDMC - CMS/input_txtbatchno'

2018-05-14 13:40:08 - [MESSAGE][PASSED] - Text 'BA470.0' is set on object 'Object Repository/MOH AND GRN/Page_KDMC - CMS/input_txtbatchno'

2018-05-14 13:40:08 - [TEST_STEP][PASSED] - rightClick: Object: 'Object Repository/GRN/Page_KDMC - CMS/input_txtexpdate' is right clicked on

2018-05-14 13:40:08 - [MESSAGE][PASSED] - Object: 'Object Repository/GRN/Page_KDMC - CMS/input_txtexpdate' is right clicked on

2018-05-14 13:40:08 - [TEST_STEP][PASSED] - selectOptionByIndex: All options with index in [5] are selected on object 'Object Repository/GRN/Page_KDMC - CMS/select_20182019202020212022202'

2018-05-14 13:40:09 - [MESSAGE][PASSED] - All options with index in [5] are selected on object 'Object Repository/GRN/Page_KDMC - CMS/select_20182019202020212022202'

2018-05-14 13:40:09 - [TEST_STEP][PASSED] - selectOptionByIndex: All options with index in [5] are selected on object 'Object Repository/GRN/Page_KDMC - CMS/select_JanFebMarAprMayJunJulAu'

2018-05-14 13:40:09 - [MESSAGE][PASSED] - All options with index in [5] are selected on object 'Object Repository/GRN/Page_KDMC - CMS/select_JanFebMarAprMayJunJulAu'

2018-05-14 13:40:09 - [TEST_STEP][PASSED] - click: Object: 'Object Repository/MOH AND GRN/Page_KDMC - CMS/a_12' is clicked on

2018-05-14 13:40:09 - [MESSAGE][PASSED] - Object: 'Object Repository/MOH AND GRN/Page_KDMC - CMS/a_12' is clicked on

2018-05-14 13:40:09 - [TEST_STEP][PASSED] - click: Object: 'Object Repository/MOH AND GRN/Page_KDMC - CMS/input_btnadd' is clicked on

2018-05-14 13:40:09 - [MESSAGE][PASSED] - Object: 'Object Repository/MOH AND GRN/Page_KDMC - CMS/input_btnadd' is clicked on

2018-05-14 13:40:09 - [TEST_STEP][PASSED] - Statement - If (s == 10): null

2018-05-14 13:40:09 - [TEST_STEP][PASSED] - Statement - Else: null

2018-05-14 13:40:09 - [TEST_STEP][PASSED] - Statement - (s++): null

2018-05-14 13:40:09 - [TEST_STEP][PASSED] - delay: Delayed 1 second(s)

2018-05-14 13:40:10 - [MESSAGE][PASSED] - Delayed 1 second(s)

2018-05-14 13:40:10 - [TEST_STEP][PASSED] - selectOptionByIndex: All options with index in [56] are selected on object 'Object Repository/MOH AND GRN/Page_KDMC - CMS/select_--Select--Amikacin -500'

2018-05-14 13:40:11 - [MESSAGE][PASSED] - All options with index in [56] are selected on object 'Object Repository/MOH AND GRN/Page_KDMC - CMS/select_--Select--Amikacin -500'

2018-05-14 13:40:11 - [TEST_STEP][PASSED] - setText: Text '5000' is set on object 'Object Repository/MOH AND GRN/Page_KDMC - CMS/input_txtqty'

2018-05-14 13:40:11 - [MESSAGE][PASSED] - Text '5000' is set on object 'Object Repository/MOH AND GRN/Page_KDMC - CMS/input_txtqty'

2018-05-14 13:40:11 - [TEST_STEP][PASSED] - selectOptionByIndex: All options with index in [1] are selected on object 'Object Repository/MOH AND GRN/Page_KDMC - CMS/select_--Select--No Tax0'

2018-05-14 13:40:11 - [MESSAGE][PASSED] - All options with index in [1] are selected on object 'Object Repository/MOH AND GRN/Page_KDMC - CMS/select_--Select--No Tax0'

2018-05-14 13:40:11 - [TEST_STEP][PASSED] - setText: Finding Test Object with id 'Object Repository/MOH AND GRN/Page_KDMC - CMS/input_txtmrp'

2018-05-14 13:40:11 - [TEST_STEP][PASSED] - Statement - switch (id): Finding Test Object with id 'Object Repository/MOH AND GRN/Page_KDMC - CMS/input_txtdeal'

2018-05-14 13:40:11 - [TEST_STEP][PASSED] - Statement - case 4:: Text '45.0' is set on object 'Object Repository/MOH AND GRN/Page_KDMC - CMS/input_txtmrp'

2018-05-14 13:40:11 - [TEST_STEP][PASSED] - Statement - return (java.lang.Math.floor((java.lang.Math.random() * ((max - min) + 1))) + min): Text '45.0' is set on object 'Object Repository/MOH AND GRN/Page_KDMC - CMS/input_txtmrp'

2018-05-14 13:40:11 - [MESSAGE][PASSED] - Text '45.0' is set on object 'Object Repository/MOH AND GRN/Page_KDMC - CMS/input_txtmrp'

2018-05-14 13:40:11 - [TEST_STEP][PASSED] - setText: Finding Test Object with id 'Object Repository/MOH AND GRN/Page_KDMC - CMS/input_txtdeal'

2018-05-14 13:40:11 - [TEST_STEP][PASSED] - Statement - switch (id): Finding Test Object with id 'Object Repository/MOH AND GRN/Page_KDMC - CMS/input_txtbatchno'

2018-05-14 13:40:11 - [TEST_STEP][PASSED] - Statement - case 5:: Text '4.0' is set on object 'Object Repository/MOH AND GRN/Page_KDMC - CMS/input_txtdeal'

2018-05-14 13:40:11 - [TEST_STEP][PASSED] - Statement - return (java.lang.Math.floor((java.lang.Math.random() * ((max - min) + 1))) + min): Text '4.0' is set on object 'Object Repository/MOH AND GRN/Page_KDMC - CMS/input_txtdeal'

2018-05-14 13:40:11 - [MESSAGE][PASSED] - Text '4.0' is set on object 'Object Repository/MOH AND GRN/Page_KDMC - CMS/input_txtdeal'

2018-05-14 13:40:11 - [TEST_STEP][PASSED] - setText: Finding Test Object with id 'Object Repository/MOH AND GRN/Page_KDMC - CMS/input_txtbatchno'

2018-05-14 13:40:11 - [TEST_STEP][PASSED] - Statement - switch (id): Finding Test Object with id 'Object Repository/MOH AND GRN/Page_KDMC - CMS/input_txtmrp'

2018-05-14 13:40:11 - [TEST_STEP][PASSED] - Statement - case 1:: Text 'BA129.0' is set on object 'Object Repository/MOH AND GRN/Page_KDMC - CMS/input_txtbatchno'

2018-05-14 13:40:11 - [TEST_STEP][PASSED] - Statement - return (java.lang.Math.floor((java.lang.Math.random() * ((max - min) + 1))) + min): Text 'BA129.0' is set on object 'Object Repository/MOH AND GRN/Page_KDMC - CMS/input_txtbatchno'

2018-05-14 13:40:11 - [MESSAGE][PASSED] - Text 'BA129.0' is set on object 'Object Repository/MOH AND GRN/Page_KDMC - CMS/input_txtbatchno'

2018-05-14 13:40:11 - [TEST_STEP][PASSED] - rightClick: Object: 'Object Repository/GRN/Page_KDMC - CMS/input_txtexpdate' is right clicked on

2018-05-14 13:40:11 - [MESSAGE][PASSED] - Object: 'Object Repository/GRN/Page_KDMC - CMS/input_txtexpdate' is right clicked on

2018-05-14 13:40:11 - [TEST_STEP][PASSED] - selectOptionByIndex: All options with index in [6] are selected on object 'Object Repository/GRN/Page_KDMC - CMS/select_20182019202020212022202'

2018-05-14 13:40:12 - [MESSAGE][PASSED] - All options with index in [6] are selected on object 'Object Repository/GRN/Page_KDMC - CMS/select_20182019202020212022202'

2018-05-14 13:40:12 - [TEST_STEP][PASSED] - selectOptionByIndex: All options with index in [6] are selected on object 'Object Repository/GRN/Page_KDMC - CMS/select_JanFebMarAprMayJunJulAu'

2018-05-14 13:40:12 - [MESSAGE][PASSED] - All options with index in [6] are selected on object 'Object Repository/GRN/Page_KDMC - CMS/select_JanFebMarAprMayJunJulAu'

2018-05-14 13:40:12 - [TEST_STEP][PASSED] - click: Object: 'Object Repository/MOH AND GRN/Page_KDMC - CMS/a_12' is clicked on

2018-05-14 13:40:12 - [MESSAGE][PASSED] - Object: 'Object Repository/MOH AND GRN/Page_KDMC - CMS/a_12' is clicked on

2018-05-14 13:40:12 - [TEST_STEP][PASSED] - click: Object: 'Object Repository/MOH AND GRN/Page_KDMC - CMS/input_btnadd' is clicked on

2018-05-14 13:40:12 - [MESSAGE][PASSED] - Object: 'Object Repository/MOH AND GRN/Page_KDMC - CMS/input_btnadd' is clicked on

2018-05-14 13:40:12 - [TEST_STEP][PASSED] - Statement - If (s == 10): null

2018-05-14 13:40:12 - [TEST_STEP][PASSED] - Statement - Else: null

2018-05-14 13:40:12 - [TEST_STEP][PASSED] - Statement - (s++): null

2018-05-14 13:40:12 - [TEST_STEP][PASSED] - delay: Delayed 1 second(s)

2018-05-14 13:40:13 - [MESSAGE][PASSED] - Delayed 1 second(s)

2018-05-14 13:40:13 - [TEST_STEP][PASSED] - selectOptionByIndex: All options with index in [57] are selected on object 'Object Repository/MOH AND GRN/Page_KDMC - CMS/select_--Select--Amikacin -500'

2018-05-14 13:40:14 - [MESSAGE][PASSED] - All options with index in [57] are selected on object 'Object Repository/MOH AND GRN/Page_KDMC - CMS/select_--Select--Amikacin -500'

2018-05-14 13:40:14 - [TEST_STEP][PASSED] - setText: Text '5000' is set on object 'Object Repository/MOH AND GRN/Page_KDMC - CMS/input_txtqty'

2018-05-14 13:40:14 - [MESSAGE][PASSED] - Text '5000' is set on object 'Object Repository/MOH AND GRN/Page_KDMC - CMS/input_txtqty'

2018-05-14 13:40:14 - [TEST_STEP][PASSED] - selectOptionByIndex: All options with index in [1] are selected on object 'Object Repository/MOH AND GRN/Page_KDMC - CMS/select_--Select--No Tax0'

2018-05-14 13:40:14 - [MESSAGE][PASSED] - All options with index in [1] are selected on object 'Object Repository/MOH AND GRN/Page_KDMC - CMS/select_--Select--No Tax0'

2018-05-14 13:40:14 - [TEST_STEP][PASSED] - setText: Finding Test Object with id 'Object Repository/MOH AND GRN/Page_KDMC - CMS/input_txtmrp'

2018-05-14 13:40:14 - [TEST_STEP][PASSED] - Statement - switch (id): Finding Test Object with id 'Object Repository/MOH AND GRN/Page_KDMC - CMS/input_txtdeal'

2018-05-14 13:40:14 - [TEST_STEP][PASSED] - Statement - case 4:: Text '33.0' is set on object 'Object Repository/MOH AND GRN/Page_KDMC - CMS/input_txtmrp'

2018-05-14 13:40:14 - [TEST_STEP][PASSED] - Statement - return (java.lang.Math.floor((java.lang.Math.random() * ((max - min) + 1))) + min): Text '33.0' is set on object 'Object Repository/MOH AND GRN/Page_KDMC - CMS/input_txtmrp'

2018-05-14 13:40:14 - [MESSAGE][PASSED] - Text '33.0' is set on object 'Object Repository/MOH AND GRN/Page_KDMC - CMS/input_txtmrp'

2018-05-14 13:40:14 - [TEST_STEP][PASSED] - setText: Finding Test Object with id 'Object Repository/MOH AND GRN/Page_KDMC - CMS/input_txtdeal'

2018-05-14 13:40:14 - [TEST_STEP][PASSED] - Statement - switch (id): Finding Test Object with id 'Object Repository/MOH AND GRN/Page_KDMC - CMS/input_txtbatchno'

2018-05-14 13:40:14 - [TEST_STEP][PASSED] - Statement - case 5:: Text '2.0' is set on object 'Object Repository/MOH AND GRN/Page_KDMC - CMS/input_txtdeal'

2018-05-14 13:40:14 - [TEST_STEP][PASSED] - Statement - return (java.lang.Math.floor((java.lang.Math.random() * ((max - min) + 1))) + min): Text '2.0' is set on object 'Object Repository/MOH AND GRN/Page_KDMC - CMS/input_txtdeal'

2018-05-14 13:40:14 - [MESSAGE][PASSED] - Text '2.0' is set on object 'Object Repository/MOH AND GRN/Page_KDMC - CMS/input_txtdeal'

2018-05-14 13:40:14 - [TEST_STEP][PASSED] - setText: Finding Test Object with id 'Object Repository/MOH AND GRN/Page_KDMC - CMS/input_txtbatchno'

2018-05-14 13:40:14 - [TEST_STEP][PASSED] - Statement - switch (id): Finding Test Object with id 'Object Repository/MOH AND GRN/Page_KDMC - CMS/input_txtmrp'

2018-05-14 13:40:14 - [TEST_STEP][PASSED] - Statement - case 1:: Text 'BA76.0' is set on object 'Object Repository/MOH AND GRN/Page_KDMC - CMS/input_txtbatchno'

2018-05-14 13:40:14 - [TEST_STEP][PASSED] - Statement - return (java.lang.Math.floor((java.lang.Math.random() * ((max - min) + 1))) + min): Text 'BA76.0' is set on object 'Object Repository/MOH AND GRN/Page_KDMC - CMS/input_txtbatchno'

2018-05-14 13:40:14 - [MESSAGE][PASSED] - Text 'BA76.0' is set on object 'Object Repository/MOH AND GRN/Page_KDMC - CMS/input_txtbatchno'

2018-05-14 13:40:14 - [TEST_STEP][PASSED] - rightClick: Object: 'Object Repository/GRN/Page_KDMC - CMS/input_txtexpdate' is right clicked on

2018-05-14 13:40:14 - [MESSAGE][PASSED] - Object: 'Object Repository/GRN/Page_KDMC - CMS/input_txtexpdate' is right clicked on

2018-05-14 13:40:14 - [TEST_STEP][PASSED] - selectOptionByIndex: All options with index in [7] are selected on object 'Object Repository/GRN/Page_KDMC - CMS/select_20182019202020212022202'

2018-05-14 13:40:15 - [MESSAGE][PASSED] - All options with index in [7] are selected on object 'Object Repository/GRN/Page_KDMC - CMS/select_20182019202020212022202'

2018-05-14 13:40:15 - [TEST_STEP][PASSED] - selectOptionByIndex: All options with index in [7] are selected on object 'Object Repository/GRN/Page_KDMC - CMS/select_JanFebMarAprMayJunJulAu'

2018-05-14 13:40:15 - [MESSAGE][PASSED] - All options with index in [7] are selected on object 'Object Repository/GRN/Page_KDMC - CMS/select_JanFebMarAprMayJunJulAu'

2018-05-14 13:40:15 - [TEST_STEP][PASSED] - click: Object: 'Object Repository/MOH AND GRN/Page_KDMC - CMS/a_12' is clicked on

2018-05-14 13:40:15 - [MESSAGE][PASSED] - Object: 'Object Repository/MOH AND GRN/Page_KDMC - CMS/a_12' is clicked on

2018-05-14 13:40:15 - [TEST_STEP][PASSED] - click: Object: 'Object Repository/MOH AND GRN/Page_KDMC - CMS/input_btnadd' is clicked on

2018-05-14 13:40:15 - [MESSAGE][PASSED] - Object: 'Object Repository/MOH AND GRN/Page_KDMC - CMS/input_btnadd' is clicked on

2018-05-14 13:40:15 - [TEST_STEP][PASSED] - Statement - If (s == 10): null

2018-05-14 13:40:15 - [TEST_STEP][PASSED] - Statement - Else: null

2018-05-14 13:40:15 - [TEST_STEP][PASSED] - Statement - (s++): null

2018-05-14 13:40:15 - [TEST_STEP][PASSED] - delay: Delayed 1 second(s)

2018-05-14 13:40:16 - [MESSAGE][PASSED] - Delayed 1 second(s)

2018-05-14 13:40:16 - [TEST_STEP][PASSED] - selectOptionByIndex: All options with index in [58] are selected on object 'Object Repository/MOH AND GRN/Page_KDMC - CMS/select_--Select--Amikacin -500'

2018-05-14 13:40:17 - [MESSAGE][PASSED] - All options with index in [58] are selected on object 'Object Repository/MOH AND GRN/Page_KDMC - CMS/select_--Select--Amikacin -500'

2018-05-14 13:40:17 - [TEST_STEP][PASSED] - setText: Text '5000' is set on object 'Object Repository/MOH AND GRN/Page_KDMC - CMS/input_txtqty'

2018-05-14 13:40:17 - [MESSAGE][PASSED] - Text '5000' is set on object 'Object Repository/MOH AND GRN/Page_KDMC - CMS/input_txtqty'

2018-05-14 13:40:17 - [TEST_STEP][PASSED] - selectOptionByIndex: All options with index in [1] are selected on object 'Object Repository/MOH AND GRN/Page_KDMC - CMS/select_--Select--No Tax0'

2018-05-14 13:40:17 - [MESSAGE][PASSED] - All options with index in [1] are selected on object 'Object Repository/MOH AND GRN/Page_KDMC - CMS/select_--Select--No Tax0'

2018-05-14 13:40:17 - [TEST_STEP][PASSED] - setText: Finding Test Object with id 'Object Repository/MOH AND GRN/Page_KDMC - CMS/input_txtmrp'

2018-05-14 13:40:17 - [TEST_STEP][PASSED] - Statement - switch (id): Finding Test Object with id 'Object Repository/MOH AND GRN/Page_KDMC - CMS/input_txtdeal'

2018-05-14 13:40:17 - [TEST_STEP][PASSED] - Statement - case 4:: Text '22.0' is set on object 'Object Repository/MOH AND GRN/Page_KDMC - CMS/input_txtmrp'

2018-05-14 13:40:17 - [TEST_STEP][PASSED] - Statement - return (java.lang.Math.floor((java.lang.Math.random() * ((max - min) + 1))) + min): Text '22.0' is set on object 'Object Repository/MOH AND GRN/Page_KDMC - CMS/input_txtmrp'

2018-05-14 13:40:17 - [MESSAGE][PASSED] - Text '22.0' is set on object 'Object Repository/MOH AND GRN/Page_KDMC - CMS/input_txtmrp'

2018-05-14 13:40:17 - [TEST_STEP][PASSED] - setText: Finding Test Object with id 'Object Repository/MOH AND GRN/Page_KDMC - CMS/input_txtdeal'

2018-05-14 13:40:17 - [TEST_STEP][PASSED] - Statement - switch (id): Finding Test Object with id 'Object Repository/MOH AND GRN/Page_KDMC - CMS/input_txtbatchno'

2018-05-14 13:40:17 - [TEST_STEP][PASSED] - Statement - case 5:: Text '1.0' is set on object 'Object Repository/MOH AND GRN/Page_KDMC - CMS/input_txtdeal'

2018-05-14 13:40:17 - [TEST_STEP][PASSED] - Statement - return (java.lang.Math.floor((java.lang.Math.random() * ((max - min) + 1))) + min): Text '1.0' is set on object 'Object Repository/MOH AND GRN/Page_KDMC - CMS/input_txtdeal'

2018-05-14 13:40:17 - [MESSAGE][PASSED] - Text '1.0' is set on object 'Object Repository/MOH AND GRN/Page_KDMC - CMS/input_txtdeal'

2018-05-14 13:40:17 - [TEST_STEP][PASSED] - setText: Finding Test Object with id 'Object Repository/MOH AND GRN/Page_KDMC - CMS/input_txtbatchno'

2018-05-14 13:40:17 - [TEST_STEP][PASSED] - Statement - switch (id): Finding Test Object with id 'Object Repository/MOH AND GRN/Page_KDMC - CMS/input_txtmrp'

2018-05-14 13:40:17 - [TEST_STEP][PASSED] - Statement - case 1:: Text 'BA403.0' is set on object 'Object Repository/MOH AND GRN/Page_KDMC - CMS/input_txtbatchno'

2018-05-14 13:40:17 - [TEST_STEP][PASSED] - Statement - return (java.lang.Math.floor((java.lang.Math.random() * ((max - min) + 1))) + min): Text 'BA403.0' is set on object 'Object Repository/MOH AND GRN/Page_KDMC - CMS/input_txtbatchno'

2018-05-14 13:40:17 - [MESSAGE][PASSED] - Text 'BA403.0' is set on object 'Object Repository/MOH AND GRN/Page_KDMC - CMS/input_txtbatchno'

2018-05-14 13:40:17 - [TEST_STEP][PASSED] - rightClick: Object: 'Object Repository/GRN/Page_KDMC - CMS/input_txtexpdate' is right clicked on

2018-05-14 13:40:17 - [MESSAGE][PASSED] - Object: 'Object Repository/GRN/Page_KDMC - CMS/input_txtexpdate' is right clicked on

2018-05-14 13:40:17 - [TEST_STEP][PASSED] - selectOptionByIndex: All options with index in [8] are selected on object 'Object Repository/GRN/Page_KDMC - CMS/select_20182019202020212022202'

2018-05-14 13:40:18 - [MESSAGE][PASSED] - All options with index in [8] are selected on object 'Object Repository/GRN/Page_KDMC - CMS/select_20182019202020212022202'

2018-05-14 13:40:18 - [TEST_STEP][PASSED] - selectOptionByIndex: All options with index in [8] are selected on object 'Object Repository/GRN/Page_KDMC - CMS/select_JanFebMarAprMayJunJulAu'

2018-05-14 13:40:18 - [MESSAGE][PASSED] - All options with index in [8] are selected on object 'Object Repository/GRN/Page_KDMC - CMS/select_JanFebMarAprMayJunJulAu'

2018-05-14 13:40:18 - [TEST_STEP][PASSED] - click: Object: 'Object Repository/MOH AND GRN/Page_KDMC - CMS/a_12' is clicked on

2018-05-14 13:40:18 - [MESSAGE][PASSED] - Object: 'Object Repository/MOH AND GRN/Page_KDMC - CMS/a_12' is clicked on

2018-05-14 13:40:18 - [TEST_STEP][PASSED] - click: Object: 'Object Repository/MOH AND GRN/Page_KDMC - CMS/input_btnadd' is clicked on

2018-05-14 13:40:18 - [MESSAGE][PASSED] - Object: 'Object Repository/MOH AND GRN/Page_KDMC - CMS/input_btnadd' is clicked on

2018-05-14 13:40:18 - [TEST_STEP][PASSED] - Statement - If (s == 10): null

2018-05-14 13:40:18 - [TEST_STEP][PASSED] - Statement - Else: null

2018-05-14 13:40:18 - [TEST_STEP][PASSED] - Statement - (s++): null

2018-05-14 13:40:18 - [TEST_STEP][PASSED] - delay: Delayed 1 second(s)

2018-05-14 13:40:19 - [MESSAGE][PASSED] - Delayed 1 second(s)

2018-05-14 13:40:19 - [TEST_STEP][PASSED] - selectOptionByIndex: All options with index in [59] are selected on object 'Object Repository/MOH AND GRN/Page_KDMC - CMS/select_--Select--Amikacin -500'

2018-05-14 13:40:20 - [MESSAGE][PASSED] - All options with index in [59] are selected on object 'Object Repository/MOH AND GRN/Page_KDMC - CMS/select_--Select--Amikacin -500'

2018-05-14 13:40:20 - [TEST_STEP][PASSED] - setText: Text '5000' is set on object 'Object Repository/MOH AND GRN/Page_KDMC - CMS/input_txtqty'

2018-05-14 13:40:20 - [MESSAGE][PASSED] - Text '5000' is set on object 'Object Repository/MOH AND GRN/Page_KDMC - CMS/input_txtqty'

2018-05-14 13:40:20 - [TEST_STEP][PASSED] - selectOptionByIndex: All options with index in [1] are selected on object 'Object Repository/MOH AND GRN/Page_KDMC - CMS/select_--Select--No Tax0'

2018-05-14 13:40:20 - [MESSAGE][PASSED] - All options with index in [1] are selected on object 'Object Repository/MOH AND GRN/Page_KDMC - CMS/select_--Select--No Tax0'

2018-05-14 13:40:20 - [TEST_STEP][PASSED] - setText: Finding Test Object with id 'Object Repository/MOH AND GRN/Page_KDMC - CMS/input_txtmrp'

2018-05-14 13:40:20 - [TEST_STEP][PASSED] - Statement - switch (id): Finding Test Object with id 'Object Repository/MOH AND GRN/Page_KDMC - CMS/input_txtdeal'

2018-05-14 13:40:20 - [TEST_STEP][PASSED] - Statement - case 4:: Text '42.0' is set on object 'Object Repository/MOH AND GRN/Page_KDMC - CMS/input_txtmrp'

2018-05-14 13:40:20 - [TEST_STEP][PASSED] - Statement - return (java.lang.Math.floor((java.lang.Math.random() * ((max - min) + 1))) + min): Text '42.0' is set on object 'Object Repository/MOH AND GRN/Page_KDMC - CMS/input_txtmrp'

2018-05-14 13:40:20 - [MESSAGE][PASSED] - Text '42.0' is set on object 'Object Repository/MOH AND GRN/Page_KDMC - CMS/input_txtmrp'

2018-05-14 13:40:20 - [TEST_STEP][PASSED] - setText: Finding Test Object with id 'Object Repository/MOH AND GRN/Page_KDMC - CMS/input_txtdeal'

2018-05-14 13:40:20 - [TEST_STEP][PASSED] - Statement - switch (id): Finding Test Object with id 'Object Repository/MOH AND GRN/Page_KDMC - CMS/input_txtbatchno'

2018-05-14 13:40:20 - [TEST_STEP][PASSED] - Statement - case 5:: Text '5.0' is set on object 'Object Repository/MOH AND GRN/Page_KDMC - CMS/input_txtdeal'

2018-05-14 13:40:20 - [TEST_STEP][PASSED] - Statement - return (java.lang.Math.floor((java.lang.Math.random() * ((max - min) + 1))) + min): Text '5.0' is set on object 'Object Repository/MOH AND GRN/Page_KDMC - CMS/input_txtdeal'

2018-05-14 13:40:20 - [MESSAGE][PASSED] - Text '5.0' is set on object 'Object Repository/MOH AND GRN/Page_KDMC - CMS/input_txtdeal'

2018-05-14 13:40:20 - [TEST_STEP][PASSED] - setText: Finding Test Object with id 'Object Repository/MOH AND GRN/Page_KDMC - CMS/input_txtbatchno'

2018-05-14 13:40:20 - [TEST_STEP][PASSED] - Statement - switch (id): Finding Test Object with id 'Object Repository/MOH AND GRN/Page_KDMC - CMS/input_txtmrp'

2018-05-14 13:40:20 - [TEST_STEP][PASSED] - Statement - case 1:: Text 'BA886.0' is set on object 'Object Repository/MOH AND GRN/Page_KDMC - CMS/input_txtbatchno'

2018-05-14 13:40:20 - [TEST_STEP][PASSED] - Statement - return (java.lang.Math.floor((java.lang.Math.random() * ((max - min) + 1))) + min): Text 'BA886.0' is set on object 'Object Repository/MOH AND GRN/Page_KDMC - CMS/input_txtbatchno'

2018-05-14 13:40:20 - [MESSAGE][PASSED] - Text 'BA886.0' is set on object 'Object Repository/MOH AND GRN/Page_KDMC - CMS/input_txtbatchno'

2018-05-14 13:40:20 - [TEST_STEP][PASSED] - rightClick: Object: 'Object Repository/GRN/Page_KDMC - CMS/input_txtexpdate' is right clicked on

2018-05-14 13:40:20 - [MESSAGE][PASSED] - Object: 'Object Repository/GRN/Page_KDMC - CMS/input_txtexpdate' is right clicked on

2018-05-14 13:40:20 - [TEST_STEP][PASSED] - selectOptionByIndex: All options with index in [9] are selected on object 'Object Repository/GRN/Page_KDMC - CMS/select_20182019202020212022202'

2018-05-14 13:40:21 - [MESSAGE][PASSED] - All options with index in [9] are selected on object 'Object Repository/GRN/Page_KDMC - CMS/select_20182019202020212022202'

2018-05-14 13:40:21 - [TEST_STEP][PASSED] - selectOptionByIndex: All options with index in [9] are selected on object 'Object Repository/GRN/Page_KDMC - CMS/select_JanFebMarAprMayJunJulAu'

2018-05-14 13:40:21 - [MESSAGE][PASSED] - All options with index in [9] are selected on object 'Object Repository/GRN/Page_KDMC - CMS/select_JanFebMarAprMayJunJulAu'

2018-05-14 13:40:21 - [TEST_STEP][PASSED] - click: Object: 'Object Repository/MOH AND GRN/Page_KDMC - CMS/a_12' is clicked on

2018-05-14 13:40:21 - [MESSAGE][PASSED] - Object: 'Object Repository/MOH AND GRN/Page_KDMC - CMS/a_12' is clicked on

2018-05-14 13:40:21 - [TEST_STEP][PASSED] - click: Object: 'Object Repository/MOH AND GRN/Page_KDMC - CMS/input_btnadd' is clicked on

2018-05-14 13:40:21 - [MESSAGE][PASSED] - Object: 'Object Repository/MOH AND GRN/Page_KDMC - CMS/input_btnadd' is clicked on

2018-05-14 13:40:21 - [TEST_STEP][PASSED] - Statement - If (s == 10): null

2018-05-14 13:40:21 - [TEST_STEP][PASSED] - Statement - Else: null

2018-05-14 13:40:21 - [TEST_STEP][PASSED] - Statement - (s++): null

2018-05-14 13:40:21 - [TEST_STEP][PASSED] - delay: Delayed 1 second(s)

2018-05-14 13:40:22 - [MESSAGE][PASSED] - Delayed 1 second(s)

2018-05-14 13:40:22 - [TEST_STEP][PASSED] - selectOptionByIndex: All options with index in [60] are selected on object 'Object Repository/MOH AND GRN/Page_KDMC - CMS/select_--Select--Amikacin -500'

2018-05-14 13:40:23 - [MESSAGE][PASSED] - All options with index in [60] are selected on object 'Object Repository/MOH AND GRN/Page_KDMC - CMS/select_--Select--Amikacin -500'

2018-05-14 13:40:23 - [TEST_STEP][PASSED] - setText: Text '5000' is set on object 'Object Repository/MOH AND GRN/Page_KDMC - CMS/input_txtqty'

2018-05-14 13:40:23 - [MESSAGE][PASSED] - Text '5000' is set on object 'Object Repository/MOH AND GRN/Page_KDMC - CMS/input_txtqty'

2018-05-14 13:40:23 - [TEST_STEP][PASSED] - selectOptionByIndex: All options with index in [1] are selected on object 'Object Repository/MOH AND GRN/Page_KDMC - CMS/select_--Select--No Tax0'

2018-05-14 13:40:23 - [MESSAGE][PASSED] - All options with index in [1] are selected on object 'Object Repository/MOH AND GRN/Page_KDMC - CMS/select_--Select--No Tax0'

2018-05-14 13:40:23 - [TEST_STEP][PASSED] - setText: Finding Test Object with id 'Object Repository/MOH AND GRN/Page_KDMC - CMS/input_txtmrp'

2018-05-14 13:40:23 - [TEST_STEP][PASSED] - Statement - switch (id): Finding Test Object with id 'Object Repository/MOH AND GRN/Page_KDMC - CMS/input_txtdeal'

2018-05-14 13:40:23 - [TEST_STEP][PASSED] - Statement - case 4:: Text '41.0' is set on object 'Object Repository/MOH AND GRN/Page_KDMC - CMS/input_txtmrp'

2018-05-14 13:40:23 - [TEST_STEP][PASSED] - Statement - return (java.lang.Math.floor((java.lang.Math.random() * ((max - min) + 1))) + min): Text '41.0' is set on object 'Object Repository/MOH AND GRN/Page_KDMC - CMS/input_txtmrp'

2018-05-14 13:40:23 - [MESSAGE][PASSED] - Text '41.0' is set on object 'Object Repository/MOH AND GRN/Page_KDMC - CMS/input_txtmrp'

2018-05-14 13:40:23 - [TEST_STEP][PASSED] - setText: Finding Test Object with id 'Object Repository/MOH AND GRN/Page_KDMC - CMS/input_txtdeal'

2018-05-14 13:40:23 - [TEST_STEP][PASSED] - Statement - switch (id): Finding Test Object with id 'Object Repository/MOH AND GRN/Page_KDMC - CMS/input_txtbatchno'

2018-05-14 13:40:23 - [TEST_STEP][PASSED] - Statement - case 5:: Text '8.0' is set on object 'Object Repository/MOH AND GRN/Page_KDMC - CMS/input_txtdeal'

2018-05-14 13:40:23 - [TEST_STEP][PASSED] - Statement - return (java.lang.Math.floor((java.lang.Math.random() * ((max - min) + 1))) + min): Text '8.0' is set on object 'Object Repository/MOH AND GRN/Page_KDMC - CMS/input_txtdeal'

2018-05-14 13:40:23 - [MESSAGE][PASSED] - Text '8.0' is set on object 'Object Repository/MOH AND GRN/Page_KDMC - CMS/input_txtdeal'

2018-05-14 13:40:23 - [TEST_STEP][PASSED] - setText: Finding Test Object with id 'Object Repository/MOH AND GRN/Page_KDMC - CMS/input_txtbatchno'

2018-05-14 13:40:23 - [TEST_STEP][PASSED] - Statement - switch (id): Finding Test Object with id 'Object Repository/MOH AND GRN/Page_KDMC - CMS/input_txtmrp'

2018-05-14 13:40:23 - [TEST_STEP][PASSED] - Statement - case 1:: Text 'BA338.0' is set on object 'Object Repository/MOH AND GRN/Page_KDMC - CMS/input_txtbatchno'

2018-05-14 13:40:23 - [TEST_STEP][PASSED] - Statement - return (java.lang.Math.floor((java.lang.Math.random() * ((max - min) + 1))) + min): Text 'BA338.0' is set on object 'Object Repository/MOH AND GRN/Page_KDMC - CMS/input_txtbatchno'

2018-05-14 13:40:23 - [MESSAGE][PASSED] - Text 'BA338.0' is set on object 'Object Repository/MOH AND GRN/Page_KDMC - CMS/input_txtbatchno'

2018-05-14 13:40:23 - [TEST_STEP][PASSED] - rightClick: Object: 'Object Repository/GRN/Page_KDMC - CMS/input_txtexpdate' is right clicked on

2018-05-14 13:40:23 - [MESSAGE][PASSED] - Object: 'Object Repository/GRN/Page_KDMC - CMS/input_txtexpdate' is right clicked on

2018-05-14 13:40:23 - [TEST_STEP][PASSED] - selectOptionByIndex: All options with index in [10] are selected on object 'Object Repository/GRN/Page_KDMC - CMS/select_20182019202020212022202'

2018-05-14 13:40:24 - [MESSAGE][PASSED] - All options with index in [10] are selected on object 'Object Repository/GRN/Page_KDMC - CMS/select_20182019202020212022202'

2018-05-14 13:40:24 - [TEST_STEP][PASSED] - selectOptionByIndex: All options with index in [10] are selected on object 'Object Repository/GRN/Page_KDMC - CMS/select_JanFebMarAprMayJunJulAu'

2018-05-14 13:40:24 - [MESSAGE][PASSED] - All options with index in [10] are selected on object 'Object Repository/GRN/Page_KDMC - CMS/select_JanFebMarAprMayJunJulAu'

2018-05-14 13:40:24 - [TEST_STEP][PASSED] - click: Object: 'Object Repository/MOH AND GRN/Page_KDMC - CMS/a_12' is clicked on

2018-05-14 13:40:24 - [MESSAGE][PASSED] - Object: 'Object Repository/MOH AND GRN/Page_KDMC - CMS/a_12' is clicked on

2018-05-14 13:40:24 - [TEST_STEP][PASSED] - click: Object: 'Object Repository/MOH AND GRN/Page_KDMC - CMS/input_btnadd' is clicked on

2018-05-14 13:40:24 - [MESSAGE][PASSED] - Object: 'Object Repository/MOH AND GRN/Page_KDMC - CMS/input_btnadd' is clicked on

2018-05-14 13:40:24 - [TEST_STEP][PASSED] - Statement - If (s == 10): null

2018-05-14 13:40:24 - [TEST_STEP][PASSED] - Statement - s = 1: null

2018-05-14 13:40:24 - [TEST_STEP][PASSED] - delay: Delayed 1 second(s)

2018-05-14 13:40:25 - [MESSAGE][PASSED] - Delayed 1 second(s)

2018-05-14 13:40:25 - [TEST_STEP][PASSED] - selectOptionByIndex: All options with index in [61] are selected on object 'Object Repository/MOH AND GRN/Page_KDMC - CMS/select_--Select--Amikacin -500'

2018-05-14 13:40:26 - [MESSAGE][PASSED] - All options with index in [61] are selected on object 'Object Repository/MOH AND GRN/Page_KDMC - CMS/select_--Select--Amikacin -500'

2018-05-14 13:40:26 - [TEST_STEP][PASSED] - setText: Text '5000' is set on object 'Object Repository/MOH AND GRN/Page_KDMC - CMS/input_txtqty'

2018-05-14 13:40:26 - [MESSAGE][PASSED] - Text '5000' is set on object 'Object Repository/MOH AND GRN/Page_KDMC - CMS/input_txtqty'

2018-05-14 13:40:26 - [TEST_STEP][PASSED] - selectOptionByIndex: All options with index in [1] are selected on object 'Object Repository/MOH AND GRN/Page_KDMC - CMS/select_--Select--No Tax0'

2018-05-14 13:40:26 - [MESSAGE][PASSED] - All options with index in [1] are selected on object 'Object Repository/MOH AND GRN/Page_KDMC - CMS/select_--Select--No Tax0'

2018-05-14 13:40:26 - [TEST_STEP][PASSED] - setText: Finding Test Object with id 'Object Repository/MOH AND GRN/Page_KDMC - CMS/input_txtmrp'

2018-05-14 13:40:26 - [TEST_STEP][PASSED] - Statement - switch (id): Finding Test Object with id 'Object Repository/MOH AND GRN/Page_KDMC - CMS/input_txtdeal'

2018-05-14 13:40:26 - [TEST_STEP][PASSED] - Statement - case 4:: Text '15.0' is set on object 'Object Repository/MOH AND GRN/Page_KDMC - CMS/input_txtmrp'

2018-05-14 13:40:26 - [TEST_STEP][PASSED] - Statement - return (java.lang.Math.floor((java.lang.Math.random() * ((max - min) + 1))) + min): Text '15.0' is set on object 'Object Repository/MOH AND GRN/Page_KDMC - CMS/input_txtmrp'

2018-05-14 13:40:26 - [MESSAGE][PASSED] - Text '15.0' is set on object 'Object Repository/MOH AND GRN/Page_KDMC - CMS/input_txtmrp'

2018-05-14 13:40:26 - [TEST_STEP][PASSED] - setText: Finding Test Object with id 'Object Repository/MOH AND GRN/Page_KDMC - CMS/input_txtdeal'

2018-05-14 13:40:26 - [TEST_STEP][PASSED] - Statement - switch (id): Finding Test Object with id 'Object Repository/MOH AND GRN/Page_KDMC - CMS/input_txtbatchno'

2018-05-14 13:40:26 - [TEST_STEP][PASSED] - Statement - case 5:: Text '3.0' is set on object 'Object Repository/MOH AND GRN/Page_KDMC - CMS/input_txtdeal'

2018-05-14 13:40:26 - [TEST_STEP][PASSED] - Statement - return (java.lang.Math.floor((java.lang.Math.random() * ((max - min) + 1))) + min): Text '3.0' is set on object 'Object Repository/MOH AND GRN/Page_KDMC - CMS/input_txtdeal'

2018-05-14 13:40:26 - [MESSAGE][PASSED] - Text '3.0' is set on object 'Object Repository/MOH AND GRN/Page_KDMC - CMS/input_txtdeal'

2018-05-14 13:40:26 - [TEST_STEP][PASSED] - setText: Finding Test Object with id 'Object Repository/MOH AND GRN/Page_KDMC - CMS/input_txtbatchno'

2018-05-14 13:40:26 - [TEST_STEP][PASSED] - Statement - switch (id): Finding Test Object with id 'Object Repository/MOH AND GRN/Page_KDMC - CMS/input_txtmrp'

2018-05-14 13:40:26 - [TEST_STEP][PASSED] - Statement - case 1:: Text 'BA988.0' is set on object 'Object Repository/MOH AND GRN/Page_KDMC - CMS/input_txtbatchno'

2018-05-14 13:40:26 - [TEST_STEP][PASSED] - Statement - return (java.lang.Math.floor((java.lang.Math.random() * ((max - min) + 1))) + min): Text 'BA988.0' is set on object 'Object Repository/MOH AND GRN/Page_KDMC - CMS/input_txtbatchno'

2018-05-14 13:40:26 - [MESSAGE][PASSED] - Text 'BA988.0' is set on object 'Object Repository/MOH AND GRN/Page_KDMC - CMS/input_txtbatchno'

2018-05-14 13:40:26 - [TEST_STEP][PASSED] - rightClick: Object: 'Object Repository/GRN/Page_KDMC - CMS/input_txtexpdate' is right clicked on

2018-05-14 13:40:26 - [MESSAGE][PASSED] - Object: 'Object Repository/GRN/Page_KDMC - CMS/input_txtexpdate' is right clicked on

2018-05-14 13:40:26 - [TEST_STEP][PASSED] - selectOptionByIndex: All options with index in [1] are selected on object 'Object Repository/GRN/Page_KDMC - CMS/select_20182019202020212022202'

2018-05-14 13:40:27 - [MESSAGE][PASSED] - All options with index in [1] are selected on object 'Object Repository/GRN/Page_KDMC - CMS/select_20182019202020212022202'

2018-05-14 13:40:27 - [TEST_STEP][PASSED] - selectOptionByIndex: All options with index in [1] are selected on object 'Object Repository/GRN/Page_KDMC - CMS/select_JanFebMarAprMayJunJulAu'

2018-05-14 13:40:27 - [MESSAGE][PASSED] - All options with index in [1] are selected on object 'Object Repository/GRN/Page_KDMC - CMS/select_JanFebMarAprMayJunJulAu'

2018-05-14 13:40:27 - [TEST_STEP][PASSED] - click: Object: 'Object Repository/MOH AND GRN/Page_KDMC - CMS/a_12' is clicked on

2018-05-14 13:40:27 - [MESSAGE][PASSED] - Object: 'Object Repository/MOH AND GRN/Page_KDMC - CMS/a_12' is clicked on

2018-05-14 13:40:27 - [TEST_STEP][PASSED] - click: Object: 'Object Repository/MOH AND GRN/Page_KDMC - CMS/input_btnadd' is clicked on

2018-05-14 13:40:27 - [MESSAGE][PASSED] - Object: 'Object Repository/MOH AND GRN/Page_KDMC - CMS/input_btnadd' is clicked on

2018-05-14 13:40:27 - [TEST_STEP][PASSED] - Statement - If (s == 10): null

2018-05-14 13:40:27 - [TEST_STEP][PASSED] - Statement - Else: null

2018-05-14 13:40:27 - [TEST_STEP][PASSED] - Statement - (s++): null

2018-05-14 13:40:27 - [TEST_STEP][PASSED] - delay: Delayed 1 second(s)

2018-05-14 13:40:28 - [MESSAGE][PASSED] - Delayed 1 second(s)

2018-05-14 13:40:28 - [TEST_STEP][PASSED] - selectOptionByIndex: All options with index in [62] are selected on object 'Object Repository/MOH AND GRN/Page_KDMC - CMS/select_--Select--Amikacin -500'

2018-05-14 13:40:29 - [MESSAGE][PASSED] - All options with index in [62] are selected on object 'Object Repository/MOH AND GRN/Page_KDMC - CMS/select_--Select--Amikacin -500'

2018-05-14 13:40:29 - [TEST_STEP][PASSED] - setText: Text '5000' is set on object 'Object Repository/MOH AND GRN/Page_KDMC - CMS/input_txtqty'

2018-05-14 13:40:29 - [MESSAGE][PASSED] - Text '5000' is set on object 'Object Repository/MOH AND GRN/Page_KDMC - CMS/input_txtqty'

2018-05-14 13:40:29 - [TEST_STEP][PASSED] - selectOptionByIndex: All options with index in [1] are selected on object 'Object Repository/MOH AND GRN/Page_KDMC - CMS/select_--Select--No Tax0'

2018-05-14 13:40:29 - [MESSAGE][PASSED] - All options with index in [1] are selected on object 'Object Repository/MOH AND GRN/Page_KDMC - CMS/select_--Select--No Tax0'

2018-05-14 13:40:29 - [TEST_STEP][PASSED] - setText: Finding Test Object with id 'Object Repository/MOH AND GRN/Page_KDMC - CMS/input_txtmrp'

2018-05-14 13:40:29 - [TEST_STEP][PASSED] - Statement - switch (id): Finding Test Object with id 'Object Repository/MOH AND GRN/Page_KDMC - CMS/input_txtdeal'

2018-05-14 13:40:29 - [TEST_STEP][PASSED] - Statement - case 4:: Text '16.0' is set on object 'Object Repository/MOH AND GRN/Page_KDMC - CMS/input_txtmrp'

2018-05-14 13:40:29 - [TEST_STEP][PASSED] - Statement - return (java.lang.Math.floor((java.lang.Math.random() * ((max - min) + 1))) + min): Text '16.0' is set on object 'Object Repository/MOH AND GRN/Page_KDMC - CMS/input_txtmrp'

2018-05-14 13:40:29 - [MESSAGE][PASSED] - Text '16.0' is set on object 'Object Repository/MOH AND GRN/Page_KDMC - CMS/input_txtmrp'

2018-05-14 13:40:29 - [TEST_STEP][PASSED] - setText: Finding Test Object with id 'Object Repository/MOH AND GRN/Page_KDMC - CMS/input_txtdeal'

2018-05-14 13:40:29 - [TEST_STEP][PASSED] - Statement - switch (id): Finding Test Object with id 'Object Repository/MOH AND GRN/Page_KDMC - CMS/input_txtbatchno'

2018-05-14 13:40:29 - [TEST_STEP][PASSED] - Statement - case 5:: Text '5.0' is set on object 'Object Repository/MOH AND GRN/Page_KDMC - CMS/input_txtdeal'

2018-05-14 13:40:29 - [TEST_STEP][PASSED] - Statement - return (java.lang.Math.floor((java.lang.Math.random() * ((max - min) + 1))) + min): Text '5.0' is set on object 'Object Repository/MOH AND GRN/Page_KDMC - CMS/input_txtdeal'

2018-05-14 13:40:29 - [MESSAGE][PASSED] - Text '5.0' is set on object 'Object Repository/MOH AND GRN/Page_KDMC - CMS/input_txtdeal'

2018-05-14 13:40:29 - [TEST_STEP][PASSED] - setText: Finding Test Object with id 'Object Repository/MOH AND GRN/Page_KDMC - CMS/input_txtbatchno'

2018-05-14 13:40:29 - [TEST_STEP][PASSED] - Statement - switch (id): Finding Test Object with id 'Object Repository/MOH AND GRN/Page_KDMC - CMS/input_txtmrp'

2018-05-14 13:40:29 - [TEST_STEP][PASSED] - Statement - case 1:: Text 'BA170.0' is set on object 'Object Repository/MOH AND GRN/Page_KDMC - CMS/input_txtbatchno'

2018-05-14 13:40:29 - [TEST_STEP][PASSED] - Statement - return (java.lang.Math.floor((java.lang.Math.random() * ((max - min) + 1))) + min): Text 'BA170.0' is set on object 'Object Repository/MOH AND GRN/Page_KDMC - CMS/input_txtbatchno'

2018-05-14 13:40:29 - [MESSAGE][PASSED] - Text 'BA170.0' is set on object 'Object Repository/MOH AND GRN/Page_KDMC - CMS/input_txtbatchno'

2018-05-14 13:40:29 - [TEST_STEP][PASSED] - rightClick: Object: 'Object Repository/GRN/Page_KDMC - CMS/input_txtexpdate' is right clicked on

2018-05-14 13:40:29 - [MESSAGE][PASSED] - Object: 'Object Repository/GRN/Page_KDMC - CMS/input_txtexpdate' is right clicked on

2018-05-14 13:40:29 - [TEST_STEP][PASSED] - selectOptionByIndex: All options with index in [2] are selected on object 'Object Repository/GRN/Page_KDMC - CMS/select_20182019202020212022202'

2018-05-14 13:40:30 - [MESSAGE][PASSED] - All options with index in [2] are selected on object 'Object Repository/GRN/Page_KDMC - CMS/select_20182019202020212022202'

2018-05-14 13:40:30 - [TEST_STEP][PASSED] - selectOptionByIndex: All options with index in [2] are selected on object 'Object Repository/GRN/Page_KDMC - CMS/select_JanFebMarAprMayJunJulAu'

2018-05-14 13:40:30 - [MESSAGE][PASSED] - All options with index in [2] are selected on object 'Object Repository/GRN/Page_KDMC - CMS/select_JanFebMarAprMayJunJulAu'

2018-05-14 13:40:30 - [TEST_STEP][PASSED] - click: Object: 'Object Repository/MOH AND GRN/Page_KDMC - CMS/a_12' is clicked on

2018-05-14 13:40:30 - [MESSAGE][PASSED] - Object: 'Object Repository/MOH AND GRN/Page_KDMC - CMS/a_12' is clicked on

2018-05-14 13:40:30 - [TEST_STEP][PASSED] - click: Object: 'Object Repository/MOH AND GRN/Page_KDMC - CMS/input_btnadd' is clicked on

2018-05-14 13:40:30 - [MESSAGE][PASSED] - Object: 'Object Repository/MOH AND GRN/Page_KDMC - CMS/input_btnadd' is clicked on

2018-05-14 13:40:30 - [TEST_STEP][PASSED] - Statement - If (s == 10): null

2018-05-14 13:40:30 - [TEST_STEP][PASSED] - Statement - Else: null

2018-05-14 13:40:30 - [TEST_STEP][PASSED] - Statement - (s++): null

2018-05-14 13:40:30 - [TEST_STEP][PASSED] - delay: Delayed 1 second(s)

2018-05-14 13:40:31 - [MESSAGE][PASSED] - Delayed 1 second(s)

2018-05-14 13:40:31 - [TEST_STEP][PASSED] - selectOptionByIndex: All options with index in [63] are selected on object 'Object Repository/MOH AND GRN/Page_KDMC - CMS/select_--Select--Amikacin -500'

2018-05-14 13:40:32 - [MESSAGE][PASSED] - All options with index in [63] are selected on object 'Object Repository/MOH AND GRN/Page_KDMC - CMS/select_--Select--Amikacin -500'

2018-05-14 13:40:32 - [TEST_STEP][PASSED] - setText: Text '5000' is set on object 'Object Repository/MOH AND GRN/Page_KDMC - CMS/input_txtqty'

2018-05-14 13:40:32 - [MESSAGE][PASSED] - Text '5000' is set on object 'Object Repository/MOH AND GRN/Page_KDMC - CMS/input_txtqty'

2018-05-14 13:40:32 - [TEST_STEP][PASSED] - selectOptionByIndex: All options with index in [1] are selected on object 'Object Repository/MOH AND GRN/Page_KDMC - CMS/select_--Select--No Tax0'

2018-05-14 13:40:32 - [MESSAGE][PASSED] - All options with index in [1] are selected on object 'Object Repository/MOH AND GRN/Page_KDMC - CMS/select_--Select--No Tax0'

2018-05-14 13:40:32 - [TEST_STEP][PASSED] - setText: Finding Test Object with id 'Object Repository/MOH AND GRN/Page_KDMC - CMS/input_txtmrp'

2018-05-14 13:40:32 - [TEST_STEP][PASSED] - Statement - switch (id): Finding Test Object with id 'Object Repository/MOH AND GRN/Page_KDMC - CMS/input_txtdeal'

2018-05-14 13:40:32 - [TEST_STEP][PASSED] - Statement - case 4:: Text '17.0' is set on object 'Object Repository/MOH AND GRN/Page_KDMC - CMS/input_txtmrp'

2018-05-14 13:40:32 - [TEST_STEP][PASSED] - Statement - return (java.lang.Math.floor((java.lang.Math.random() * ((max - min) + 1))) + min): Text '17.0' is set on object 'Object Repository/MOH AND GRN/Page_KDMC - CMS/input_txtmrp'

2018-05-14 13:40:32 - [MESSAGE][PASSED] - Text '17.0' is set on object 'Object Repository/MOH AND GRN/Page_KDMC - CMS/input_txtmrp'

2018-05-14 13:40:32 - [TEST_STEP][PASSED] - setText: Finding Test Object with id 'Object Repository/MOH AND GRN/Page_KDMC - CMS/input_txtdeal'

2018-05-14 13:40:32 - [TEST_STEP][PASSED] - Statement - switch (id): Finding Test Object with id 'Object Repository/MOH AND GRN/Page_KDMC - CMS/input_txtbatchno'

2018-05-14 13:40:32 - [TEST_STEP][PASSED] - Statement - case 5:: Text '11.0' is set on object 'Object Repository/MOH AND GRN/Page_KDMC - CMS/input_txtdeal'

2018-05-14 13:40:32 - [TEST_STEP][PASSED] - Statement - return (java.lang.Math.floor((java.lang.Math.random() * ((max - min) + 1))) + min): Text '11.0' is set on object 'Object Repository/MOH AND GRN/Page_KDMC - CMS/input_txtdeal'

2018-05-14 13:40:32 - [MESSAGE][PASSED] - Text '11.0' is set on object 'Object Repository/MOH AND GRN/Page_KDMC - CMS/input_txtdeal'

2018-05-14 13:40:32 - [TEST_STEP][PASSED] - setText: Finding Test Object with id 'Object Repository/MOH AND GRN/Page_KDMC - CMS/input_txtbatchno'

2018-05-14 13:40:32 - [TEST_STEP][PASSED] - Statement - switch (id): Finding Test Object with id 'Object Repository/MOH AND GRN/Page_KDMC - CMS/input_txtmrp'

2018-05-14 13:40:32 - [TEST_STEP][PASSED] - Statement - case 1:: Text 'BA255.0' is set on object 'Object Repository/MOH AND GRN/Page_KDMC - CMS/input_txtbatchno'

2018-05-14 13:40:32 - [TEST_STEP][PASSED] - Statement - return (java.lang.Math.floor((java.lang.Math.random() * ((max - min) + 1))) + min): Text 'BA255.0' is set on object 'Object Repository/MOH AND GRN/Page_KDMC - CMS/input_txtbatchno'

2018-05-14 13:40:32 - [MESSAGE][PASSED] - Text 'BA255.0' is set on object 'Object Repository/MOH AND GRN/Page_KDMC - CMS/input_txtbatchno'

2018-05-14 13:40:32 - [TEST_STEP][PASSED] - rightClick: Object: 'Object Repository/GRN/Page_KDMC - CMS/input_txtexpdate' is right clicked on

2018-05-14 13:40:32 - [MESSAGE][PASSED] - Object: 'Object Repository/GRN/Page_KDMC - CMS/input_txtexpdate' is right clicked on

2018-05-14 13:40:32 - [TEST_STEP][PASSED] - selectOptionByIndex: All options with index in [3] are selected on object 'Object Repository/GRN/Page_KDMC - CMS/select_20182019202020212022202'

2018-05-14 13:40:32 - [MESSAGE][PASSED] - All options with index in [3] are selected on object 'Object Repository/GRN/Page_KDMC - CMS/select_20182019202020212022202'

2018-05-14 13:40:32 - [TEST_STEP][PASSED] - selectOptionByIndex: All options with index in [3] are selected on object 'Object Repository/GRN/Page_KDMC - CMS/select_JanFebMarAprMayJunJulAu'

2018-05-14 13:40:33 - [MESSAGE][PASSED] - All options with index in [3] are selected on object 'Object Repository/GRN/Page_KDMC - CMS/select_JanFebMarAprMayJunJulAu'

2018-05-14 13:40:33 - [TEST_STEP][PASSED] - click: Object: 'Object Repository/MOH AND GRN/Page_KDMC - CMS/a_12' is clicked on

2018-05-14 13:40:33 - [MESSAGE][PASSED] - Object: 'Object Repository/MOH AND GRN/Page_KDMC - CMS/a_12' is clicked on

2018-05-14 13:40:33 - [TEST_STEP][PASSED] - click: Object: 'Object Repository/MOH AND GRN/Page_KDMC - CMS/input_btnadd' is clicked on

2018-05-14 13:40:33 - [MESSAGE][PASSED] - Object: 'Object Repository/MOH AND GRN/Page_KDMC - CMS/input_btnadd' is clicked on

2018-05-14 13:40:33 - [TEST_STEP][PASSED] - Statement - If (s == 10): null

2018-05-14 13:40:33 - [TEST_STEP][PASSED] - Statement - Else: null

2018-05-14 13:40:33 - [TEST_STEP][PASSED] - Statement - (s++): null

2018-05-14 13:40:33 - [TEST_STEP][PASSED] - delay: Delayed 1 second(s)

2018-05-14 13:40:34 - [MESSAGE][PASSED] - Delayed 1 second(s)

2018-05-14 13:40:34 - [TEST_STEP][PASSED] - selectOptionByIndex: All options with index in [64] are selected on object 'Object Repository/MOH AND GRN/Page_KDMC - CMS/select_--Select--Amikacin -500'

2018-05-14 13:40:34 - [MESSAGE][PASSED] - All options with index in [64] are selected on object 'Object Repository/MOH AND GRN/Page_KDMC - CMS/select_--Select--Amikacin -500'

2018-05-14 13:40:34 - [TEST_STEP][PASSED] - setText: Text '5000' is set on object 'Object Repository/MOH AND GRN/Page_KDMC - CMS/input_txtqty'

2018-05-14 13:40:35 - [MESSAGE][PASSED] - Text '5000' is set on object 'Object Repository/MOH AND GRN/Page_KDMC - CMS/input_txtqty'

2018-05-14 13:40:35 - [TEST_STEP][PASSED] - selectOptionByIndex: All options with index in [1] are selected on object 'Object Repository/MOH AND GRN/Page_KDMC - CMS/select_--Select--No Tax0'

2018-05-14 13:40:35 - [MESSAGE][PASSED] - All options with index in [1] are selected on object 'Object Repository/MOH AND GRN/Page_KDMC - CMS/select_--Select--No Tax0'

2018-05-14 13:40:35 - [TEST_STEP][PASSED] - setText: Finding Test Object with id 'Object Repository/MOH AND GRN/Page_KDMC - CMS/input_txtmrp'

2018-05-14 13:40:35 - [TEST_STEP][PASSED] - Statement - switch (id): Finding Test Object with id 'Object Repository/MOH AND GRN/Page_KDMC - CMS/input_txtdeal'

2018-05-14 13:40:35 - [TEST_STEP][PASSED] - Statement - case 4:: Text '31.0' is set on object 'Object Repository/MOH AND GRN/Page_KDMC - CMS/input_txtmrp'

2018-05-14 13:40:35 - [TEST_STEP][PASSED] - Statement - return (java.lang.Math.floor((java.lang.Math.random() * ((max - min) + 1))) + min): Text '31.0' is set on object 'Object Repository/MOH AND GRN/Page_KDMC - CMS/input_txtmrp'

2018-05-14 13:40:35 - [MESSAGE][PASSED] - Text '31.0' is set on object 'Object Repository/MOH AND GRN/Page_KDMC - CMS/input_txtmrp'

2018-05-14 13:40:35 - [TEST_STEP][PASSED] - setText: Finding Test Object with id 'Object Repository/MOH AND GRN/Page_KDMC - CMS/input_txtdeal'

2018-05-14 13:40:35 - [TEST_STEP][PASSED] - Statement - switch (id): Finding Test Object with id 'Object Repository/MOH AND GRN/Page_KDMC - CMS/input_txtbatchno'

2018-05-14 13:40:35 - [TEST_STEP][PASSED] - Statement - case 5:: Text '2.0' is set on object 'Object Repository/MOH AND GRN/Page_KDMC - CMS/input_txtdeal'

2018-05-14 13:40:35 - [TEST_STEP][PASSED] - Statement - return (java.lang.Math.floor((java.lang.Math.random() * ((max - min) + 1))) + min): Text '2.0' is set on object 'Object Repository/MOH AND GRN/Page_KDMC - CMS/input_txtdeal'

2018-05-14 13:40:35 - [MESSAGE][PASSED] - Text '2.0' is set on object 'Object Repository/MOH AND GRN/Page_KDMC - CMS/input_txtdeal'

2018-05-14 13:40:35 - [TEST_STEP][PASSED] - setText: Finding Test Object with id 'Object Repository/MOH AND GRN/Page_KDMC - CMS/input_txtbatchno'

2018-05-14 13:40:35 - [TEST_STEP][PASSED] - Statement - switch (id): Finding Test Object with id 'Object Repository/MOH AND GRN/Page_KDMC - CMS/input_txtmrp'

2018-05-14 13:40:35 - [TEST_STEP][PASSED] - Statement - case 1:: Text 'BA443.0' is set on object 'Object Repository/MOH AND GRN/Page_KDMC - CMS/input_txtbatchno'

2018-05-14 13:40:35 - [TEST_STEP][PASSED] - Statement - return (java.lang.Math.floor((java.lang.Math.random() * ((max - min) + 1))) + min): Text 'BA443.0' is set on object 'Object Repository/MOH AND GRN/Page_KDMC - CMS/input_txtbatchno'

2018-05-14 13:40:35 - [MESSAGE][PASSED] - Text 'BA443.0' is set on object 'Object Repository/MOH AND GRN/Page_KDMC - CMS/input_txtbatchno'

2018-05-14 13:40:35 - [TEST_STEP][PASSED] - rightClick: Object: 'Object Repository/GRN/Page_KDMC - CMS/input_txtexpdate' is right clicked on

2018-05-14 13:40:35 - [MESSAGE][PASSED] - Object: 'Object Repository/GRN/Page_KDMC - CMS/input_txtexpdate' is right clicked on

2018-05-14 13:40:35 - [TEST_STEP][PASSED] - selectOptionByIndex: All options with index in [4] are selected on object 'Object Repository/GRN/Page_KDMC - CMS/select_20182019202020212022202'

2018-05-14 13:40:35 - [MESSAGE][PASSED] - All options with index in [4] are selected on object 'Object Repository/GRN/Page_KDMC - CMS/select_20182019202020212022202'

2018-05-14 13:40:35 - [TEST_STEP][PASSED] - selectOptionByIndex: All options with index in [4] are selected on object 'Object Repository/GRN/Page_KDMC - CMS/select_JanFebMarAprMayJunJulAu'

2018-05-14 13:40:36 - [MESSAGE][PASSED] - All options with index in [4] are selected on object 'Object Repository/GRN/Page_KDMC - CMS/select_JanFebMarAprMayJunJulAu'

2018-05-14 13:40:36 - [TEST_STEP][PASSED] - click: Object: 'Object Repository/MOH AND GRN/Page_KDMC - CMS/a_12' is clicked on

2018-05-14 13:40:36 - [MESSAGE][PASSED] - Object: 'Object Repository/MOH AND GRN/Page_KDMC - CMS/a_12' is clicked on

2018-05-14 13:40:36 - [TEST_STEP][PASSED] - click: Object: 'Object Repository/MOH AND GRN/Page_KDMC - CMS/input_btnadd' is clicked on

2018-05-14 13:40:36 - [MESSAGE][PASSED] - Object: 'Object Repository/MOH AND GRN/Page_KDMC - CMS/input_btnadd' is clicked on

2018-05-14 13:40:36 - [TEST_STEP][PASSED] - Statement - If (s == 10): null

2018-05-14 13:40:36 - [TEST_STEP][PASSED] - Statement - Else: null

2018-05-14 13:40:36 - [TEST_STEP][PASSED] - Statement - (s++): null

2018-05-14 13:40:36 - [TEST_STEP][PASSED] - delay: Delayed 1 second(s)

2018-05-14 13:40:37 - [MESSAGE][PASSED] - Delayed 1 second(s)

2018-05-14 13:40:37 - [TEST_STEP][PASSED] - selectOptionByIndex: All options with index in [65] are selected on object 'Object Repository/MOH AND GRN/Page_KDMC - CMS/select_--Select--Amikacin -500'

2018-05-14 13:40:37 - [MESSAGE][PASSED] - All options with index in [65] are selected on object 'Object Repository/MOH AND GRN/Page_KDMC - CMS/select_--Select--Amikacin -500'

2018-05-14 13:40:37 - [TEST_STEP][PASSED] - setText: Text '5000' is set on object 'Object Repository/MOH AND GRN/Page_KDMC - CMS/input_txtqty'

2018-05-14 13:40:38 - [MESSAGE][PASSED] - Text '5000' is set on object 'Object Repository/MOH AND GRN/Page_KDMC - CMS/input_txtqty'

2018-05-14 13:40:38 - [TEST_STEP][PASSED] - selectOptionByIndex: All options with index in [1] are selected on object 'Object Repository/MOH AND GRN/Page_KDMC - CMS/select_--Select--No Tax0'

2018-05-14 13:40:38 - [MESSAGE][PASSED] - All options with index in [1] are selected on object 'Object Repository/MOH AND GRN/Page_KDMC - CMS/select_--Select--No Tax0'

2018-05-14 13:40:38 - [TEST_STEP][PASSED] - setText: Finding Test Object with id 'Object Repository/MOH AND GRN/Page_KDMC - CMS/input_txtmrp'

2018-05-14 13:40:38 - [TEST_STEP][PASSED] - Statement - switch (id): Finding Test Object with id 'Object Repository/MOH AND GRN/Page_KDMC - CMS/input_txtdeal'

2018-05-14 13:40:38 - [TEST_STEP][PASSED] - Statement - case 4:: Text '16.0' is set on object 'Object Repository/MOH AND GRN/Page_KDMC - CMS/input_txtmrp'

2018-05-14 13:40:38 - [TEST_STEP][PASSED] - Statement - return (java.lang.Math.floor((java.lang.Math.random() * ((max - min) + 1))) + min): Text '16.0' is set on object 'Object Repository/MOH AND GRN/Page_KDMC - CMS/input_txtmrp'

2018-05-14 13:40:38 - [MESSAGE][PASSED] - Text '16.0' is set on object 'Object Repository/MOH AND GRN/Page_KDMC - CMS/input_txtmrp'

2018-05-14 13:40:38 - [TEST_STEP][PASSED] - setText: Finding Test Object with id 'Object Repository/MOH AND GRN/Page_KDMC - CMS/input_txtdeal'

2018-05-14 13:40:38 - [TEST_STEP][PASSED] - Statement - switch (id): Finding Test Object with id 'Object Repository/MOH AND GRN/Page_KDMC - CMS/input_txtbatchno'

2018-05-14 13:40:38 - [TEST_STEP][PASSED] - Statement - case 5:: Text '6.0' is set on object 'Object Repository/MOH AND GRN/Page_KDMC - CMS/input_txtdeal'

2018-05-14 13:40:38 - [TEST_STEP][PASSED] - Statement - return (java.lang.Math.floor((java.lang.Math.random() * ((max - min) + 1))) + min): Text '6.0' is set on object 'Object Repository/MOH AND GRN/Page_KDMC - CMS/input_txtdeal'

2018-05-14 13:40:38 - [MESSAGE][PASSED] - Text '6.0' is set on object 'Object Repository/MOH AND GRN/Page_KDMC - CMS/input_txtdeal'

2018-05-14 13:40:38 - [TEST_STEP][PASSED] - setText: Finding Test Object with id 'Object Repository/MOH AND GRN/Page_KDMC - CMS/input_txtbatchno'

2018-05-14 13:40:38 - [TEST_STEP][PASSED] - Statement - switch (id): Finding Test Object with id 'Object Repository/MOH AND GRN/Page_KDMC - CMS/input_txtmrp'

2018-05-14 13:40:38 - [TEST_STEP][PASSED] - Statement - case 1:: Text 'BA452.0' is set on object 'Object Repository/MOH AND GRN/Page_KDMC - CMS/input_txtbatchno'

2018-05-14 13:40:38 - [TEST_STEP][PASSED] - Statement - return (java.lang.Math.floor((java.lang.Math.random() * ((max - min) + 1))) + min): Text 'BA452.0' is set on object 'Object Repository/MOH AND GRN/Page_KDMC - CMS/input_txtbatchno'

2018-05-14 13:40:38 - [MESSAGE][PASSED] - Text 'BA452.0' is set on object 'Object Repository/MOH AND GRN/Page_KDMC - CMS/input_txtbatchno'

2018-05-14 13:40:38 - [TEST_STEP][PASSED] - rightClick: Object: 'Object Repository/GRN/Page_KDMC - CMS/input_txtexpdate' is right clicked on

2018-05-14 13:40:38 - [MESSAGE][PASSED] - Object: 'Object Repository/GRN/Page_KDMC - CMS/input_txtexpdate' is right clicked on

2018-05-14 13:40:38 - [TEST_STEP][PASSED] - selectOptionByIndex: All options with index in [5] are selected on object 'Object Repository/GRN/Page_KDMC - CMS/select_20182019202020212022202'

2018-05-14 13:40:38 - [MESSAGE][PASSED] - All options with index in [5] are selected on object 'Object Repository/GRN/Page_KDMC - CMS/select_20182019202020212022202'

2018-05-14 13:40:38 - [TEST_STEP][PASSED] - selectOptionByIndex: All options with index in [5] are selected on object 'Object Repository/GRN/Page_KDMC - CMS/select_JanFebMarAprMayJunJulAu'

2018-05-14 13:40:39 - [MESSAGE][PASSED] - All options with index in [5] are selected on object 'Object Repository/GRN/Page_KDMC - CMS/select_JanFebMarAprMayJunJulAu'

2018-05-14 13:40:39 - [TEST_STEP][PASSED] - click: Object: 'Object Repository/MOH AND GRN/Page_KDMC - CMS/a_12' is clicked on

2018-05-14 13:40:39 - [MESSAGE][PASSED] - Object: 'Object Repository/MOH AND GRN/Page_KDMC - CMS/a_12' is clicked on

2018-05-14 13:40:39 - [TEST_STEP][PASSED] - click: Object: 'Object Repository/MOH AND GRN/Page_KDMC - CMS/input_btnadd' is clicked on

2018-05-14 13:40:39 - [MESSAGE][PASSED] - Object: 'Object Repository/MOH AND GRN/Page_KDMC - CMS/input_btnadd' is clicked on

2018-05-14 13:40:39 - [TEST_STEP][PASSED] - Statement - If (s == 10): null

2018-05-14 13:40:39 - [TEST_STEP][PASSED] - Statement - Else: null

2018-05-14 13:40:39 - [TEST_STEP][PASSED] - Statement - (s++): null

2018-05-14 13:40:39 - [TEST_STEP][PASSED] - delay: Delayed 1 second(s)

2018-05-14 13:40:40 - [MESSAGE][PASSED] - Delayed 1 second(s)

2018-05-14 13:40:40 - [TEST_STEP][PASSED] - selectOptionByIndex: All options with index in [66] are selected on object 'Object Repository/MOH AND GRN/Page_KDMC - CMS/select_--Select--Amikacin -500'

2018-05-14 13:40:41 - [MESSAGE][PASSED] - All options with index in [66] are selected on object 'Object Repository/MOH AND GRN/Page_KDMC - CMS/select_--Select--Amikacin -500'

2018-05-14 13:40:41 - [TEST_STEP][PASSED] - setText: Text '5000' is set on object 'Object Repository/MOH AND GRN/Page_KDMC - CMS/input_txtqty'

2018-05-14 13:40:41 - [MESSAGE][PASSED] - Text '5000' is set on object 'Object Repository/MOH AND GRN/Page_KDMC - CMS/input_txtqty'

2018-05-14 13:40:41 - [TEST_STEP][PASSED] - selectOptionByIndex: All options with index in [1] are selected on object 'Object Repository/MOH AND GRN/Page_KDMC - CMS/select_--Select--No Tax0'

2018-05-14 13:40:41 - [MESSAGE][PASSED] - All options with index in [1] are selected on object 'Object Repository/MOH AND GRN/Page_KDMC - CMS/select_--Select--No Tax0'

2018-05-14 13:40:41 - [TEST_STEP][PASSED] - setText: Finding Test Object with id 'Object Repository/MOH AND GRN/Page_KDMC - CMS/input_txtmrp'

2018-05-14 13:40:41 - [TEST_STEP][PASSED] - Statement - switch (id): Finding Test Object with id 'Object Repository/MOH AND GRN/Page_KDMC - CMS/input_txtdeal'

2018-05-14 13:40:41 - [TEST_STEP][PASSED] - Statement - case 4:: Text '25.0' is set on object 'Object Repository/MOH AND GRN/Page_KDMC - CMS/input_txtmrp'

2018-05-14 13:40:41 - [TEST_STEP][PASSED] - Statement - return (java.lang.Math.floor((java.lang.Math.random() * ((max - min) + 1))) + min): Text '25.0' is set on object 'Object Repository/MOH AND GRN/Page_KDMC - CMS/input_txtmrp'

2018-05-14 13:40:41 - [MESSAGE][PASSED] - Text '25.0' is set on object 'Object Repository/MOH AND GRN/Page_KDMC - CMS/input_txtmrp'

2018-05-14 13:40:41 - [TEST_STEP][PASSED] - setText: Finding Test Object with id 'Object Repository/MOH AND GRN/Page_KDMC - CMS/input_txtdeal'

2018-05-14 13:40:41 - [TEST_STEP][PASSED] - Statement - switch (id): Finding Test Object with id 'Object Repository/MOH AND GRN/Page_KDMC - CMS/input_txtbatchno'

2018-05-14 13:40:41 - [TEST_STEP][PASSED] - Statement - case 5:: Text '11.0' is set on object 'Object Repository/MOH AND GRN/Page_KDMC - CMS/input_txtdeal'

2018-05-14 13:40:41 - [TEST_STEP][PASSED] - Statement - return (java.lang.Math.floor((java.lang.Math.random() * ((max - min) + 1))) + min): Text '11.0' is set on object 'Object Repository/MOH AND GRN/Page_KDMC - CMS/input_txtdeal'

2018-05-14 13:40:41 - [MESSAGE][PASSED] - Text '11.0' is set on object 'Object Repository/MOH AND GRN/Page_KDMC - CMS/input_txtdeal'

2018-05-14 13:40:41 - [TEST_STEP][PASSED] - setText: Finding Test Object with id 'Object Repository/MOH AND GRN/Page_KDMC - CMS/input_txtbatchno'

2018-05-14 13:40:41 - [TEST_STEP][PASSED] - Statement - switch (id): Finding Test Object with id 'Object Repository/MOH AND GRN/Page_KDMC - CMS/input_txtmrp'

2018-05-14 13:40:41 - [TEST_STEP][PASSED] - Statement - case 1:: Text 'BA923.0' is set on object 'Object Repository/MOH AND GRN/Page_KDMC - CMS/input_txtbatchno'

2018-05-14 13:40:41 - [TEST_STEP][PASSED] - Statement - return (java.lang.Math.floor((java.lang.Math.random() * ((max - min) + 1))) + min): Text 'BA923.0' is set on object 'Object Repository/MOH AND GRN/Page_KDMC - CMS/input_txtbatchno'

2018-05-14 13:40:41 - [MESSAGE][PASSED] - Text 'BA923.0' is set on object 'Object Repository/MOH AND GRN/Page_KDMC - CMS/input_txtbatchno'

2018-05-14 13:40:41 - [TEST_STEP][PASSED] - rightClick: Object: 'Object Repository/GRN/Page_KDMC - CMS/input_txtexpdate' is right clicked on

2018-05-14 13:40:41 - [MESSAGE][PASSED] - Object: 'Object Repository/GRN/Page_KDMC - CMS/input_txtexpdate' is right clicked on

2018-05-14 13:40:41 - [TEST_STEP][PASSED] - selectOptionByIndex: All options with index in [6] are selected on object 'Object Repository/GRN/Page_KDMC - CMS/select_20182019202020212022202'

2018-05-14 13:40:41 - [MESSAGE][PASSED] - All options with index in [6] are selected on object 'Object Repository/GRN/Page_KDMC - CMS/select_20182019202020212022202'

2018-05-14 13:40:41 - [TEST_STEP][PASSED] - selectOptionByIndex: All options with index in [6] are selected on object 'Object Repository/GRN/Page_KDMC - CMS/select_JanFebMarAprMayJunJulAu'

2018-05-14 13:40:42 - [MESSAGE][PASSED] - All options with index in [6] are selected on object 'Object Repository/GRN/Page_KDMC - CMS/select_JanFebMarAprMayJunJulAu'

2018-05-14 13:40:42 - [TEST_STEP][PASSED] - click: Object: 'Object Repository/MOH AND GRN/Page_KDMC - CMS/a_12' is clicked on

2018-05-14 13:40:42 - [MESSAGE][PASSED] - Object: 'Object Repository/MOH AND GRN/Page_KDMC - CMS/a_12' is clicked on

2018-05-14 13:40:42 - [TEST_STEP][PASSED] - click: Object: 'Object Repository/MOH AND GRN/Page_KDMC - CMS/input_btnadd' is clicked on

2018-05-14 13:40:42 - [MESSAGE][PASSED] - Object: 'Object Repository/MOH AND GRN/Page_KDMC - CMS/input_btnadd' is clicked on

2018-05-14 13:40:42 - [TEST_STEP][PASSED] - Statement - If (s == 10): null

2018-05-14 13:40:42 - [TEST_STEP][PASSED] - Statement - Else: null

2018-05-14 13:40:42 - [TEST_STEP][PASSED] - Statement - (s++): null

2018-05-14 13:40:42 - [TEST_STEP][PASSED] - delay: Delayed 1 second(s)

2018-05-14 13:40:43 - [MESSAGE][PASSED] - Delayed 1 second(s)

2018-05-14 13:40:43 - [TEST_STEP][PASSED] - selectOptionByIndex: All options with index in [67] are selected on object 'Object Repository/MOH AND GRN/Page_KDMC - CMS/select_--Select--Amikacin -500'

2018-05-14 13:40:44 - [MESSAGE][PASSED] - All options with index in [67] are selected on object 'Object Repository/MOH AND GRN/Page_KDMC - CMS/select_--Select--Amikacin -500'

2018-05-14 13:40:44 - [TEST_STEP][PASSED] - setText: Text '5000' is set on object 'Object Repository/MOH AND GRN/Page_KDMC - CMS/input_txtqty'

2018-05-14 13:40:44 - [MESSAGE][PASSED] - Text '5000' is set on object 'Object Repository/MOH AND GRN/Page_KDMC - CMS/input_txtqty'

2018-05-14 13:40:44 - [TEST_STEP][PASSED] - selectOptionByIndex: All options with index in [1] are selected on object 'Object Repository/MOH AND GRN/Page_KDMC - CMS/select_--Select--No Tax0'

2018-05-14 13:40:44 - [MESSAGE][PASSED] - All options with index in [1] are selected on object 'Object Repository/MOH AND GRN/Page_KDMC - CMS/select_--Select--No Tax0'

2018-05-14 13:40:44 - [TEST_STEP][PASSED] - setText: Finding Test Object with id 'Object Repository/MOH AND GRN/Page_KDMC - CMS/input_txtmrp'

2018-05-14 13:40:44 - [TEST_STEP][PASSED] - Statement - switch (id): Finding Test Object with id 'Object Repository/MOH AND GRN/Page_KDMC - CMS/input_txtdeal'

2018-05-14 13:40:44 - [TEST_STEP][PASSED] - Statement - case 4:: Text '19.0' is set on object 'Object Repository/MOH AND GRN/Page_KDMC - CMS/input_txtmrp'

2018-05-14 13:40:44 - [TEST_STEP][PASSED] - Statement - return (java.lang.Math.floor((java.lang.Math.random() * ((max - min) + 1))) + min): Text '19.0' is set on object 'Object Repository/MOH AND GRN/Page_KDMC - CMS/input_txtmrp'

2018-05-14 13:40:44 - [MESSAGE][PASSED] - Text '19.0' is set on object 'Object Repository/MOH AND GRN/Page_KDMC - CMS/input_txtmrp'

2018-05-14 13:40:44 - [TEST_STEP][PASSED] - setText: Finding Test Object with id 'Object Repository/MOH AND GRN/Page_KDMC - CMS/input_txtdeal'

2018-05-14 13:40:44 - [TEST_STEP][PASSED] - Statement - switch (id): Finding Test Object with id 'Object Repository/MOH AND GRN/Page_KDMC - CMS/input_txtbatchno'

2018-05-14 13:40:44 - [TEST_STEP][PASSED] - Statement - case 5:: Text '3.0' is set on object 'Object Repository/MOH AND GRN/Page_KDMC - CMS/input_txtdeal'

2018-05-14 13:40:44 - [TEST_STEP][PASSED] - Statement - return (java.lang.Math.floor((java.lang.Math.random() * ((max - min) + 1))) + min): Text '3.0' is set on object 'Object Repository/MOH AND GRN/Page_KDMC - CMS/input_txtdeal'

2018-05-14 13:40:44 - [MESSAGE][PASSED] - Text '3.0' is set on object 'Object Repository/MOH AND GRN/Page_KDMC - CMS/input_txtdeal'

2018-05-14 13:40:44 - [TEST_STEP][PASSED] - setText: Finding Test Object with id 'Object Repository/MOH AND GRN/Page_KDMC - CMS/input_txtbatchno'

2018-05-14 13:40:44 - [TEST_STEP][PASSED] - Statement - switch (id): Finding Test Object with id 'Object Repository/MOH AND GRN/Page_KDMC - CMS/input_txtmrp'

2018-05-14 13:40:44 - [TEST_STEP][PASSED] - Statement - case 1:: Text 'BA139.0' is set on object 'Object Repository/MOH AND GRN/Page_KDMC - CMS/input_txtbatchno'

2018-05-14 13:40:44 - [TEST_STEP][PASSED] - Statement - return (java.lang.Math.floor((java.lang.Math.random() * ((max - min) + 1))) + min): Text 'BA139.0' is set on object 'Object Repository/MOH AND GRN/Page_KDMC - CMS/input_txtbatchno'

2018-05-14 13:40:44 - [MESSAGE][PASSED] - Text 'BA139.0' is set on object 'Object Repository/MOH AND GRN/Page_KDMC - CMS/input_txtbatchno'

2018-05-14 13:40:44 - [TEST_STEP][PASSED] - rightClick: Object: 'Object Repository/GRN/Page_KDMC - CMS/input_txtexpdate' is right clicked on

2018-05-14 13:40:44 - [MESSAGE][PASSED] - Object: 'Object Repository/GRN/Page_KDMC - CMS/input_txtexpdate' is right clicked on

2018-05-14 13:40:44 - [TEST_STEP][PASSED] - selectOptionByIndex: All options with index in [7] are selected on object 'Object Repository/GRN/Page_KDMC - CMS/select_20182019202020212022202'

2018-05-14 13:40:45 - [MESSAGE][PASSED] - All options with index in [7] are selected on object 'Object Repository/GRN/Page_KDMC - CMS/select_20182019202020212022202'

2018-05-14 13:40:45 - [TEST_STEP][PASSED] - selectOptionByIndex: All options with index in [7] are selected on object 'Object Repository/GRN/Page_KDMC - CMS/select_JanFebMarAprMayJunJulAu'

2018-05-14 13:40:45 - [MESSAGE][PASSED] - All options with index in [7] are selected on object 'Object Repository/GRN/Page_KDMC - CMS/select_JanFebMarAprMayJunJulAu'

2018-05-14 13:40:45 - [TEST_STEP][PASSED] - click: Object: 'Object Repository/MOH AND GRN/Page_KDMC - CMS/a_12' is clicked on

2018-05-14 13:40:45 - [MESSAGE][PASSED] - Object: 'Object Repository/MOH AND GRN/Page_KDMC - CMS/a_12' is clicked on

2018-05-14 13:40:45 - [TEST_STEP][PASSED] - click: Object: 'Object Repository/MOH AND GRN/Page_KDMC - CMS/input_btnadd' is clicked on

2018-05-14 13:40:45 - [MESSAGE][PASSED] - Object: 'Object Repository/MOH AND GRN/Page_KDMC - CMS/input_btnadd' is clicked on

2018-05-14 13:40:45 - [TEST_STEP][PASSED] - Statement - If (s == 10): null

2018-05-14 13:40:45 - [TEST_STEP][PASSED] - Statement - Else: null

2018-05-14 13:40:45 - [TEST_STEP][PASSED] - Statement - (s++): null

2018-05-14 13:40:45 - [TEST_STEP][PASSED] - delay: Delayed 1 second(s)

2018-05-14 13:40:46 - [MESSAGE][PASSED] - Delayed 1 second(s)

2018-05-14 13:40:46 - [TEST_STEP][PASSED] - selectOptionByIndex: All options with index in [68] are selected on object 'Object Repository/MOH AND GRN/Page_KDMC - CMS/select_--Select--Amikacin -500'

2018-05-14 13:40:47 - [MESSAGE][PASSED] - All options with index in [68] are selected on object 'Object Repository/MOH AND GRN/Page_KDMC - CMS/select_--Select--Amikacin -500'

2018-05-14 13:40:47 - [TEST_STEP][PASSED] - setText: Text '5000' is set on object 'Object Repository/MOH AND GRN/Page_KDMC - CMS/input_txtqty'

2018-05-14 13:40:47 - [MESSAGE][PASSED] - Text '5000' is set on object 'Object Repository/MOH AND GRN/Page_KDMC - CMS/input_txtqty'

2018-05-14 13:40:47 - [TEST_STEP][PASSED] - selectOptionByIndex: All options with index in [1] are selected on object 'Object Repository/MOH AND GRN/Page_KDMC - CMS/select_--Select--No Tax0'

2018-05-14 13:40:47 - [MESSAGE][PASSED] - All options with index in [1] are selected on object 'Object Repository/MOH AND GRN/Page_KDMC - CMS/select_--Select--No Tax0'

2018-05-14 13:40:47 - [TEST_STEP][PASSED] - setText: Finding Test Object with id 'Object Repository/MOH AND GRN/Page_KDMC - CMS/input_txtmrp'

2018-05-14 13:40:47 - [TEST_STEP][PASSED] - Statement - switch (id): Finding Test Object with id 'Object Repository/MOH AND GRN/Page_KDMC - CMS/input_txtdeal'

2018-05-14 13:40:47 - [TEST_STEP][PASSED] - Statement - case 4:: Text '23.0' is set on object 'Object Repository/MOH AND GRN/Page_KDMC - CMS/input_txtmrp'

2018-05-14 13:40:47 - [TEST_STEP][PASSED] - Statement - return (java.lang.Math.floor((java.lang.Math.random() * ((max - min) + 1))) + min): Text '23.0' is set on object 'Object Repository/MOH AND GRN/Page_KDMC - CMS/input_txtmrp'

2018-05-14 13:40:47 - [MESSAGE][PASSED] - Text '23.0' is set on object 'Object Repository/MOH AND GRN/Page_KDMC - CMS/input_txtmrp'

2018-05-14 13:40:47 - [TEST_STEP][PASSED] - setText: Finding Test Object with id 'Object Repository/MOH AND GRN/Page_KDMC - CMS/input_txtdeal'

2018-05-14 13:40:47 - [TEST_STEP][PASSED] - Statement - switch (id): Finding Test Object with id 'Object Repository/MOH AND GRN/Page_KDMC - CMS/input_txtbatchno'

2018-05-14 13:40:47 - [TEST_STEP][PASSED] - Statement - case 5:: Text '10.0' is set on object 'Object Repository/MOH AND GRN/Page_KDMC - CMS/input_txtdeal'

2018-05-14 13:40:47 - [TEST_STEP][PASSED] - Statement - return (java.lang.Math.floor((java.lang.Math.random() * ((max - min) + 1))) + min): Text '10.0' is set on object 'Object Repository/MOH AND GRN/Page_KDMC - CMS/input_txtdeal'

2018-05-14 13:40:47 - [MESSAGE][PASSED] - Text '10.0' is set on object 'Object Repository/MOH AND GRN/Page_KDMC - CMS/input_txtdeal'

2018-05-14 13:40:47 - [TEST_STEP][PASSED] - setText: Finding Test Object with id 'Object Repository/MOH AND GRN/Page_KDMC - CMS/input_txtbatchno'

2018-05-14 13:40:47 - [TEST_STEP][PASSED] - Statement - switch (id): Finding Test Object with id 'Object Repository/MOH AND GRN/Page_KDMC - CMS/input_txtmrp'

2018-05-14 13:40:47 - [TEST_STEP][PASSED] - Statement - case 1:: Text 'BA283.0' is set on object 'Object Repository/MOH AND GRN/Page_KDMC - CMS/input_txtbatchno'

2018-05-14 13:40:47 - [TEST_STEP][PASSED] - Statement - return (java.lang.Math.floor((java.lang.Math.random() * ((max - min) + 1))) + min): Text 'BA283.0' is set on object 'Object Repository/MOH AND GRN/Page_KDMC - CMS/input_txtbatchno'

2018-05-14 13:40:47 - [MESSAGE][PASSED] - Text 'BA283.0' is set on object 'Object Repository/MOH AND GRN/Page_KDMC - CMS/input_txtbatchno'

2018-05-14 13:40:47 - [TEST_STEP][PASSED] - rightClick: Object: 'Object Repository/GRN/Page_KDMC - CMS/input_txtexpdate' is right clicked on

2018-05-14 13:40:47 - [MESSAGE][PASSED] - Object: 'Object Repository/GRN/Page_KDMC - CMS/input_txtexpdate' is right clicked on

2018-05-14 13:40:47 - [TEST_STEP][PASSED] - selectOptionByIndex: All options with index in [8] are selected on object 'Object Repository/GRN/Page_KDMC - CMS/select_20182019202020212022202'

2018-05-14 13:40:48 - [MESSAGE][PASSED] - All options with index in [8] are selected on object 'Object Repository/GRN/Page_KDMC - CMS/select_20182019202020212022202'

2018-05-14 13:40:48 - [TEST_STEP][PASSED] - selectOptionByIndex: All options with index in [8] are selected on object 'Object Repository/GRN/Page_KDMC - CMS/select_JanFebMarAprMayJunJulAu'

2018-05-14 13:40:48 - [MESSAGE][PASSED] - All options with index in [8] are selected on object 'Object Repository/GRN/Page_KDMC - CMS/select_JanFebMarAprMayJunJulAu'

2018-05-14 13:40:48 - [TEST_STEP][PASSED] - click: Object: 'Object Repository/MOH AND GRN/Page_KDMC - CMS/a_12' is clicked on

2018-05-14 13:40:48 - [MESSAGE][PASSED] - Object: 'Object Repository/MOH AND GRN/Page_KDMC - CMS/a_12' is clicked on

2018-05-14 13:40:48 - [TEST_STEP][PASSED] - click: Object: 'Object Repository/MOH AND GRN/Page_KDMC - CMS/input_btnadd' is clicked on

2018-05-14 13:40:48 - [MESSAGE][PASSED] - Object: 'Object Repository/MOH AND GRN/Page_KDMC - CMS/input_btnadd' is clicked on

2018-05-14 13:40:48 - [TEST_STEP][PASSED] - Statement - If (s == 10): null

2018-05-14 13:40:48 - [TEST_STEP][PASSED] - Statement - Else: null

2018-05-14 13:40:48 - [TEST_STEP][PASSED] - Statement - (s++): null

2018-05-14 13:40:48 - [TEST_STEP][PASSED] - delay: Delayed 1 second(s)

2018-05-14 13:40:49 - [MESSAGE][PASSED] - Delayed 1 second(s)

2018-05-14 13:40:49 - [TEST_STEP][PASSED] - selectOptionByIndex: All options with index in [69] are selected on object 'Object Repository/MOH AND GRN/Page_KDMC - CMS/select_--Select--Amikacin -500'

2018-05-14 13:40:50 - [MESSAGE][PASSED] - All options with index in [69] are selected on object 'Object Repository/MOH AND GRN/Page_KDMC - CMS/select_--Select--Amikacin -500'

2018-05-14 13:40:50 - [TEST_STEP][PASSED] - setText: Text '5000' is set on object 'Object Repository/MOH AND GRN/Page_KDMC - CMS/input_txtqty'

2018-05-14 13:40:50 - [MESSAGE][PASSED] - Text '5000' is set on object 'Object Repository/MOH AND GRN/Page_KDMC - CMS/input_txtqty'

2018-05-14 13:40:50 - [TEST_STEP][PASSED] - selectOptionByIndex: All options with index in [1] are selected on object 'Object Repository/MOH AND GRN/Page_KDMC - CMS/select_--Select--No Tax0'

2018-05-14 13:40:50 - [MESSAGE][PASSED] - All options with index in [1] are selected on object 'Object Repository/MOH AND GRN/Page_KDMC - CMS/select_--Select--No Tax0'

2018-05-14 13:40:50 - [TEST_STEP][PASSED] - setText: Finding Test Object with id 'Object Repository/MOH AND GRN/Page_KDMC - CMS/input_txtmrp'

2018-05-14 13:40:50 - [TEST_STEP][PASSED] - Statement - switch (id): Finding Test Object with id 'Object Repository/MOH AND GRN/Page_KDMC - CMS/input_txtdeal'

2018-05-14 13:40:50 - [TEST_STEP][PASSED] - Statement - case 4:: Text '24.0' is set on object 'Object Repository/MOH AND GRN/Page_KDMC - CMS/input_txtmrp'

2018-05-14 13:40:50 - [TEST_STEP][PASSED] - Statement - return (java.lang.Math.floor((java.lang.Math.random() * ((max - min) + 1))) + min): Text '24.0' is set on object 'Object Repository/MOH AND GRN/Page_KDMC - CMS/input_txtmrp'

2018-05-14 13:40:50 - [MESSAGE][PASSED] - Text '24.0' is set on object 'Object Repository/MOH AND GRN/Page_KDMC - CMS/input_txtmrp'

2018-05-14 13:40:50 - [TEST_STEP][PASSED] - setText: Finding Test Object with id 'Object Repository/MOH AND GRN/Page_KDMC - CMS/input_txtdeal'

2018-05-14 13:40:50 - [TEST_STEP][PASSED] - Statement - switch (id): Finding Test Object with id 'Object Repository/MOH AND GRN/Page_KDMC - CMS/input_txtbatchno'

2018-05-14 13:40:50 - [TEST_STEP][PASSED] - Statement - case 5:: Text '3.0' is set on object 'Object Repository/MOH AND GRN/Page_KDMC - CMS/input_txtdeal'

2018-05-14 13:40:50 - [TEST_STEP][PASSED] - Statement - return (java.lang.Math.floor((java.lang.Math.random() * ((max - min) + 1))) + min): Text '3.0' is set on object 'Object Repository/MOH AND GRN/Page_KDMC - CMS/input_txtdeal'

2018-05-14 13:40:50 - [MESSAGE][PASSED] - Text '3.0' is set on object 'Object Repository/MOH AND GRN/Page_KDMC - CMS/input_txtdeal'

2018-05-14 13:40:50 - [TEST_STEP][PASSED] - setText: Finding Test Object with id 'Object Repository/MOH AND GRN/Page_KDMC - CMS/input_txtbatchno'

2018-05-14 13:40:50 - [TEST_STEP][PASSED] - Statement - switch (id): Finding Test Object with id 'Object Repository/MOH AND GRN/Page_KDMC - CMS/input_txtmrp'

2018-05-14 13:40:50 - [TEST_STEP][PASSED] - Statement - case 1:: Text 'BA160.0' is set on object 'Object Repository/MOH AND GRN/Page_KDMC - CMS/input_txtbatchno'

2018-05-14 13:40:50 - [TEST_STEP][PASSED] - Statement - return (java.lang.Math.floor((java.lang.Math.random() * ((max - min) + 1))) + min): Text 'BA160.0' is set on object 'Object Repository/MOH AND GRN/Page_KDMC - CMS/input_txtbatchno'

2018-05-14 13:40:50 - [MESSAGE][PASSED] - Text 'BA160.0' is set on object 'Object Repository/MOH AND GRN/Page_KDMC - CMS/input_txtbatchno'

2018-05-14 13:40:50 - [TEST_STEP][PASSED] - rightClick: Object: 'Object Repository/GRN/Page_KDMC - CMS/input_txtexpdate' is right clicked on

2018-05-14 13:40:50 - [MESSAGE][PASSED] - Object: 'Object Repository/GRN/Page_KDMC - CMS/input_txtexpdate' is right clicked on

2018-05-14 13:40:50 - [TEST_STEP][PASSED] - selectOptionByIndex: All options with index in [9] are selected on object 'Object Repository/GRN/Page_KDMC - CMS/select_20182019202020212022202'

2018-05-14 13:40:51 - [MESSAGE][PASSED] - All options with index in [9] are selected on object 'Object Repository/GRN/Page_KDMC - CMS/select_20182019202020212022202'

2018-05-14 13:40:51 - [TEST_STEP][PASSED] - selectOptionByIndex: All options with index in [9] are selected on object 'Object Repository/GRN/Page_KDMC - CMS/select_JanFebMarAprMayJunJulAu'

2018-05-14 13:40:51 - [MESSAGE][PASSED] - All options with index in [9] are selected on object 'Object Repository/GRN/Page_KDMC - CMS/select_JanFebMarAprMayJunJulAu'

2018-05-14 13:40:51 - [TEST_STEP][PASSED] - click: Object: 'Object Repository/MOH AND GRN/Page_KDMC - CMS/a_12' is clicked on

2018-05-14 13:40:51 - [MESSAGE][PASSED] - Object: 'Object Repository/MOH AND GRN/Page_KDMC - CMS/a_12' is clicked on

2018-05-14 13:40:51 - [TEST_STEP][PASSED] - click: Object: 'Object Repository/MOH AND GRN/Page_KDMC - CMS/input_btnadd' is clicked on

2018-05-14 13:40:51 - [MESSAGE][PASSED] - Object: 'Object Repository/MOH AND GRN/Page_KDMC - CMS/input_btnadd' is clicked on

2018-05-14 13:40:51 - [TEST_STEP][PASSED] - Statement - If (s == 10): null

2018-05-14 13:40:51 - [TEST_STEP][PASSED] - Statement - Else: null

2018-05-14 13:40:51 - [TEST_STEP][PASSED] - Statement - (s++): null

2018-05-14 13:40:51 - [TEST_STEP][PASSED] - delay: Delayed 1 second(s)

2018-05-14 13:40:52 - [MESSAGE][PASSED] - Delayed 1 second(s)

2018-05-14 13:40:52 - [TEST_STEP][PASSED] - selectOptionByIndex: All options with index in [70] are selected on object 'Object Repository/MOH AND GRN/Page_KDMC - CMS/select_--Select--Amikacin -500'

2018-05-14 13:40:53 - [MESSAGE][PASSED] - All options with index in [70] are selected on object 'Object Repository/MOH AND GRN/Page_KDMC - CMS/select_--Select--Amikacin -500'

2018-05-14 13:40:53 - [TEST_STEP][PASSED] - setText: Text '5000' is set on object 'Object Repository/MOH AND GRN/Page_KDMC - CMS/input_txtqty'

2018-05-14 13:40:53 - [MESSAGE][PASSED] - Text '5000' is set on object 'Object Repository/MOH AND GRN/Page_KDMC - CMS/input_txtqty'

2018-05-14 13:40:53 - [TEST_STEP][PASSED] - selectOptionByIndex: All options with index in [1] are selected on object 'Object Repository/MOH AND GRN/Page_KDMC - CMS/select_--Select--No Tax0'

2018-05-14 13:40:53 - [MESSAGE][PASSED] - All options with index in [1] are selected on object 'Object Repository/MOH AND GRN/Page_KDMC - CMS/select_--Select--No Tax0'

2018-05-14 13:40:53 - [TEST_STEP][PASSED] - setText: Finding Test Object with id 'Object Repository/MOH AND GRN/Page_KDMC - CMS/input_txtmrp'

2018-05-14 13:40:53 - [TEST_STEP][PASSED] - Statement - switch (id): Finding Test Object with id 'Object Repository/MOH AND GRN/Page_KDMC - CMS/input_txtdeal'

2018-05-14 13:40:53 - [TEST_STEP][PASSED] - Statement - case 4:: Text '41.0' is set on object 'Object Repository/MOH AND GRN/Page_KDMC - CMS/input_txtmrp'

2018-05-14 13:40:53 - [TEST_STEP][PASSED] - Statement - return (java.lang.Math.floor((java.lang.Math.random() * ((max - min) + 1))) + min): Text '41.0' is set on object 'Object Repository/MOH AND GRN/Page_KDMC - CMS/input_txtmrp'

2018-05-14 13:40:53 - [MESSAGE][PASSED] - Text '41.0' is set on object 'Object Repository/MOH AND GRN/Page_KDMC - CMS/input_txtmrp'

2018-05-14 13:40:53 - [TEST_STEP][PASSED] - setText: Finding Test Object with id 'Object Repository/MOH AND GRN/Page_KDMC - CMS/input_txtdeal'

2018-05-14 13:40:53 - [TEST_STEP][PASSED] - Statement - switch (id): Finding Test Object with id 'Object Repository/MOH AND GRN/Page_KDMC - CMS/input_txtbatchno'

2018-05-14 13:40:53 - [TEST_STEP][PASSED] - Statement - case 5:: Text '7.0' is set on object 'Object Repository/MOH AND GRN/Page_KDMC - CMS/input_txtdeal'

2018-05-14 13:40:53 - [TEST_STEP][PASSED] - Statement - return (java.lang.Math.floor((java.lang.Math.random() * ((max - min) + 1))) + min): Text '7.0' is set on object 'Object Repository/MOH AND GRN/Page_KDMC - CMS/input_txtdeal'

2018-05-14 13:40:53 - [MESSAGE][PASSED] - Text '7.0' is set on object 'Object Repository/MOH AND GRN/Page_KDMC - CMS/input_txtdeal'

2018-05-14 13:40:53 - [TEST_STEP][PASSED] - setText: Finding Test Object with id 'Object Repository/MOH AND GRN/Page_KDMC - CMS/input_txtbatchno'

2018-05-14 13:40:53 - [TEST_STEP][PASSED] - Statement - switch (id): Finding Test Object with id 'Object Repository/MOH AND GRN/Page_KDMC - CMS/input_txtmrp'

2018-05-14 13:40:53 - [TEST_STEP][PASSED] - Statement - case 1:: Text 'BA504.0' is set on object 'Object Repository/MOH AND GRN/Page_KDMC - CMS/input_txtbatchno'

2018-05-14 13:40:53 - [TEST_STEP][PASSED] - Statement - return (java.lang.Math.floor((java.lang.Math.random() * ((max - min) + 1))) + min): Text 'BA504.0' is set on object 'Object Repository/MOH AND GRN/Page_KDMC - CMS/input_txtbatchno'

2018-05-14 13:40:54 - [MESSAGE][PASSED] - Text 'BA504.0' is set on object 'Object Repository/MOH AND GRN/Page_KDMC - CMS/input_txtbatchno'

2018-05-14 13:40:54 - [TEST_STEP][PASSED] - rightClick: Object: 'Object Repository/GRN/Page_KDMC - CMS/input_txtexpdate' is right clicked on

2018-05-14 13:40:54 - [MESSAGE][PASSED] - Object: 'Object Repository/GRN/Page_KDMC - CMS/input_txtexpdate' is right clicked on

2018-05-14 13:40:54 - [TEST_STEP][PASSED] - selectOptionByIndex: All options with index in [10] are selected on object 'Object Repository/GRN/Page_KDMC - CMS/select_20182019202020212022202'

2018-05-14 13:40:54 - [MESSAGE][PASSED] - All options with index in [10] are selected on object 'Object Repository/GRN/Page_KDMC - CMS/select_20182019202020212022202'

2018-05-14 13:40:54 - [TEST_STEP][PASSED] - selectOptionByIndex: All options with index in [10] are selected on object 'Object Repository/GRN/Page_KDMC - CMS/select_JanFebMarAprMayJunJulAu'

2018-05-14 13:40:54 - [MESSAGE][PASSED] - All options with index in [10] are selected on object 'Object Repository/GRN/Page_KDMC - CMS/select_JanFebMarAprMayJunJulAu'

2018-05-14 13:40:54 - [TEST_STEP][PASSED] - click: Object: 'Object Repository/MOH AND GRN/Page_KDMC - CMS/a_12' is clicked on

2018-05-14 13:40:54 - [MESSAGE][PASSED] - Object: 'Object Repository/MOH AND GRN/Page_KDMC - CMS/a_12' is clicked on

2018-05-14 13:40:54 - [TEST_STEP][PASSED] - click: Object: 'Object Repository/MOH AND GRN/Page_KDMC - CMS/input_btnadd' is clicked on

2018-05-14 13:40:54 - [MESSAGE][PASSED] - Object: 'Object Repository/MOH AND GRN/Page_KDMC - CMS/input_btnadd' is clicked on

2018-05-14 13:40:54 - [TEST_STEP][PASSED] - Statement - If (s == 10): null

2018-05-14 13:40:54 - [TEST_STEP][PASSED] - Statement - s = 1: null

2018-05-14 13:40:54 - [TEST_STEP][PASSED] - delay: Delayed 1 second(s)

2018-05-14 13:40:55 - [MESSAGE][PASSED] - Delayed 1 second(s)

2018-05-14 13:40:55 - [TEST_STEP][PASSED] - selectOptionByIndex: All options with index in [71] are selected on object 'Object Repository/MOH AND GRN/Page_KDMC - CMS/select_--Select--Amikacin -500'

2018-05-14 13:40:56 - [MESSAGE][PASSED] - All options with index in [71] are selected on object 'Object Repository/MOH AND GRN/Page_KDMC - CMS/select_--Select--Amikacin -500'

2018-05-14 13:40:56 - [TEST_STEP][PASSED] - setText: Text '5000' is set on object 'Object Repository/MOH AND GRN/Page_KDMC - CMS/input_txtqty'

2018-05-14 13:40:56 - [MESSAGE][PASSED] - Text '5000' is set on object 'Object Repository/MOH AND GRN/Page_KDMC - CMS/input_txtqty'

2018-05-14 13:40:56 - [TEST_STEP][PASSED] - selectOptionByIndex: All options with index in [1] are selected on object 'Object Repository/MOH AND GRN/Page_KDMC - CMS/select_--Select--No Tax0'

2018-05-14 13:40:56 - [MESSAGE][PASSED] - All options with index in [1] are selected on object 'Object Repository/MOH AND GRN/Page_KDMC - CMS/select_--Select--No Tax0'

2018-05-14 13:40:56 - [TEST_STEP][PASSED] - setText: Finding Test Object with id 'Object Repository/MOH AND GRN/Page_KDMC - CMS/input_txtmrp'

2018-05-14 13:40:56 - [TEST_STEP][PASSED] - Statement - switch (id): Finding Test Object with id 'Object Repository/MOH AND GRN/Page_KDMC - CMS/input_txtdeal'

2018-05-14 13:40:56 - [TEST_STEP][PASSED] - Statement - case 4:: Text '21.0' is set on object 'Object Repository/MOH AND GRN/Page_KDMC - CMS/input_txtmrp'

2018-05-14 13:40:56 - [TEST_STEP][PASSED] - Statement - return (java.lang.Math.floor((java.lang.Math.random() * ((max - min) + 1))) + min): Text '21.0' is set on object 'Object Repository/MOH AND GRN/Page_KDMC - CMS/input_txtmrp'

2018-05-14 13:40:57 - [MESSAGE][PASSED] - Text '21.0' is set on object 'Object Repository/MOH AND GRN/Page_KDMC - CMS/input_txtmrp'

2018-05-14 13:40:57 - [TEST_STEP][PASSED] - setText: Finding Test Object with id 'Object Repository/MOH AND GRN/Page_KDMC - CMS/input_txtdeal'

2018-05-14 13:40:57 - [TEST_STEP][PASSED] - Statement - switch (id): Finding Test Object with id 'Object Repository/MOH AND GRN/Page_KDMC - CMS/input_txtbatchno'

2018-05-14 13:40:57 - [TEST_STEP][PASSED] - Statement - case 5:: Text '6.0' is set on object 'Object Repository/MOH AND GRN/Page_KDMC - CMS/input_txtdeal'

2018-05-14 13:40:57 - [TEST_STEP][PASSED] - Statement - return (java.lang.Math.floor((java.lang.Math.random() * ((max - min) + 1))) + min): Text '6.0' is set on object 'Object Repository/MOH AND GRN/Page_KDMC - CMS/input_txtdeal'

2018-05-14 13:40:57 - [MESSAGE][PASSED] - Text '6.0' is set on object 'Object Repository/MOH AND GRN/Page_KDMC - CMS/input_txtdeal'

2018-05-14 13:40:57 - [TEST_STEP][PASSED] - setText: Finding Test Object with id 'Object Repository/MOH AND GRN/Page_KDMC - CMS/input_txtbatchno'

2018-05-14 13:40:57 - [TEST_STEP][PASSED] - Statement - switch (id): Finding Test Object with id 'Object Repository/MOH AND GRN/Page_KDMC - CMS/input_txtmrp'

2018-05-14 13:40:57 - [TEST_STEP][PASSED] - Statement - case 1:: Text 'BA175.0' is set on object 'Object Repository/MOH AND GRN/Page_KDMC - CMS/input_txtbatchno'

2018-05-14 13:40:57 - [TEST_STEP][PASSED] - Statement - return (java.lang.Math.floor((java.lang.Math.random() * ((max - min) + 1))) + min): Text 'BA175.0' is set on object 'Object Repository/MOH AND GRN/Page_KDMC - CMS/input_txtbatchno'

2018-05-14 13:40:57 - [MESSAGE][PASSED] - Text 'BA175.0' is set on object 'Object Repository/MOH AND GRN/Page_KDMC - CMS/input_txtbatchno'

2018-05-14 13:40:57 - [TEST_STEP][PASSED] - rightClick: Object: 'Object Repository/GRN/Page_KDMC - CMS/input_txtexpdate' is right clicked on

2018-05-14 13:40:57 - [MESSAGE][PASSED] - Object: 'Object Repository/GRN/Page_KDMC - CMS/input_txtexpdate' is right clicked on

2018-05-14 13:40:57 - [TEST_STEP][PASSED] - selectOptionByIndex: All options with index in [1] are selected on object 'Object Repository/GRN/Page_KDMC - CMS/select_20182019202020212022202'

2018-05-14 13:40:57 - [MESSAGE][PASSED] - All options with index in [1] are selected on object 'Object Repository/GRN/Page_KDMC - CMS/select_20182019202020212022202'

2018-05-14 13:40:57 - [TEST_STEP][PASSED] - selectOptionByIndex: All options with index in [1] are selected on object 'Object Repository/GRN/Page_KDMC - CMS/select_JanFebMarAprMayJunJulAu'

2018-05-14 13:40:57 - [MESSAGE][PASSED] - All options with index in [1] are selected on object 'Object Repository/GRN/Page_KDMC - CMS/select_JanFebMarAprMayJunJulAu'

2018-05-14 13:40:57 - [TEST_STEP][PASSED] - click: Object: 'Object Repository/MOH AND GRN/Page_KDMC - CMS/a_12' is clicked on

2018-05-14 13:40:57 - [MESSAGE][PASSED] - Object: 'Object Repository/MOH AND GRN/Page_KDMC - CMS/a_12' is clicked on

2018-05-14 13:40:57 - [TEST_STEP][PASSED] - click: Object: 'Object Repository/MOH AND GRN/Page_KDMC - CMS/input_btnadd' is clicked on

2018-05-14 13:40:57 - [MESSAGE][PASSED] - Object: 'Object Repository/MOH AND GRN/Page_KDMC - CMS/input_btnadd' is clicked on

2018-05-14 13:40:57 - [TEST_STEP][PASSED] - Statement - If (s == 10): null

2018-05-14 13:40:57 - [TEST_STEP][PASSED] - Statement - Else: null

2018-05-14 13:40:57 - [TEST_STEP][PASSED] - Statement - (s++): null

2018-05-14 13:40:57 - [TEST_STEP][PASSED] - delay: Delayed 1 second(s)

2018-05-14 13:40:58 - [MESSAGE][PASSED] - Delayed 1 second(s)

2018-05-14 13:40:58 - [TEST_STEP][PASSED] - selectOptionByIndex: All options with index in [72] are selected on object 'Object Repository/MOH AND GRN/Page_KDMC - CMS/select_--Select--Amikacin -500'

2018-05-14 13:40:59 - [MESSAGE][PASSED] - All options with index in [72] are selected on object 'Object Repository/MOH AND GRN/Page_KDMC - CMS/select_--Select--Amikacin -500'

2018-05-14 13:40:59 - [TEST_STEP][PASSED] - setText: Text '5000' is set on object 'Object Repository/MOH AND GRN/Page_KDMC - CMS/input_txtqty'

2018-05-14 13:40:59 - [MESSAGE][PASSED] - Text '5000' is set on object 'Object Repository/MOH AND GRN/Page_KDMC - CMS/input_txtqty'

2018-05-14 13:40:59 - [TEST_STEP][PASSED] - selectOptionByIndex: All options with index in [1] are selected on object 'Object Repository/MOH AND GRN/Page_KDMC - CMS/select_--Select--No Tax0'

2018-05-14 13:41:00 - [MESSAGE][PASSED] - All options with index in [1] are selected on object 'Object Repository/MOH AND GRN/Page_KDMC - CMS/select_--Select--No Tax0'

2018-05-14 13:41:00 - [TEST_STEP][PASSED] - setText: Finding Test Object with id 'Object Repository/MOH AND GRN/Page_KDMC - CMS/input_txtmrp'

2018-05-14 13:41:00 - [TEST_STEP][PASSED] - Statement - switch (id): Finding Test Object with id 'Object Repository/MOH AND GRN/Page_KDMC - CMS/input_txtdeal'

2018-05-14 13:41:00 - [TEST_STEP][PASSED] - Statement - case 4:: Text '25.0' is set on object 'Object Repository/MOH AND GRN/Page_KDMC - CMS/input_txtmrp'

2018-05-14 13:41:00 - [TEST_STEP][PASSED] - Statement - return (java.lang.Math.floor((java.lang.Math.random() * ((max - min) + 1))) + min): Text '25.0' is set on object 'Object Repository/MOH AND GRN/Page_KDMC - CMS/input_txtmrp'

2018-05-14 13:41:00 - [MESSAGE][PASSED] - Text '25.0' is set on object 'Object Repository/MOH AND GRN/Page_KDMC - CMS/input_txtmrp'

2018-05-14 13:41:00 - [TEST_STEP][PASSED] - setText: Finding Test Object with id 'Object Repository/MOH AND GRN/Page_KDMC - CMS/input_txtdeal'

2018-05-14 13:41:00 - [TEST_STEP][PASSED] - Statement - switch (id): Finding Test Object with id 'Object Repository/MOH AND GRN/Page_KDMC - CMS/input_txtbatchno'

2018-05-14 13:41:00 - [TEST_STEP][PASSED] - Statement - case 5:: Text '3.0' is set on object 'Object Repository/MOH AND GRN/Page_KDMC - CMS/input_txtdeal'

2018-05-14 13:41:00 - [TEST_STEP][PASSED] - Statement - return (java.lang.Math.floor((java.lang.Math.random() * ((max - min) + 1))) + min): Text '3.0' is set on object 'Object Repository/MOH AND GRN/Page_KDMC - CMS/input_txtdeal'

2018-05-14 13:41:00 - [MESSAGE][PASSED] - Text '3.0' is set on object 'Object Repository/MOH AND GRN/Page_KDMC - CMS/input_txtdeal'

2018-05-14 13:41:00 - [TEST_STEP][PASSED] - setText: Finding Test Object with id 'Object Repository/MOH AND GRN/Page_KDMC - CMS/input_txtbatchno'

2018-05-14 13:41:00 - [TEST_STEP][PASSED] - Statement - switch (id): Delayed 1 second(s)

2018-05-14 13:41:00 - [TEST_STEP][PASSED] - Statement - case 1:: Text 'BA537.0' is set on object 'Object Repository/MOH AND GRN/Page_KDMC - CMS/input_txtbatchno'

2018-05-14 13:41:00 - [TEST_STEP][PASSED] - Statement - return (java.lang.Math.floor((java.lang.Math.random() * ((max - min) + 1))) + min): Text 'BA537.0' is set on object 'Object Repository/MOH AND GRN/Page_KDMC - CMS/input_txtbatchno'

2018-05-14 13:41:00 - [MESSAGE][PASSED] - Text 'BA537.0' is set on object 'Object Repository/MOH AND GRN/Page_KDMC - CMS/input_txtbatchno'

2018-05-14 13:41:00 - [TEST_STEP][PASSED] - rightClick: Object: 'Object Repository/GRN/Page_KDMC - CMS/input_txtexpdate' is right clicked on

2018-05-14 13:41:00 - [MESSAGE][PASSED] - Object: 'Object Repository/GRN/Page_KDMC - CMS/input_txtexpdate' is right clicked on

2018-05-14 13:41:00 - [TEST_STEP][PASSED] - selectOptionByIndex: All options with index in [2] are selected on object 'Object Repository/GRN/Page_KDMC - CMS/select_20182019202020212022202'

2018-05-14 13:41:00 - [MESSAGE][PASSED] - All options with index in [2] are selected on object 'Object Repository/GRN/Page_KDMC - CMS/select_20182019202020212022202'

2018-05-14 13:41:00 - [TEST_STEP][PASSED] - selectOptionByIndex: All options with index in [2] are selected on object 'Object Repository/GRN/Page_KDMC - CMS/select_JanFebMarAprMayJunJulAu'

2018-05-14 13:41:00 - [MESSAGE][PASSED] - All options with index in [2] are selected on object 'Object Repository/GRN/Page_KDMC - CMS/select_JanFebMarAprMayJunJulAu'

2018-05-14 13:41:00 - [TEST_STEP][PASSED] - click: Object: 'Object Repository/MOH AND GRN/Page_KDMC - CMS/a_12' is clicked on

2018-05-14 13:41:00 - [MESSAGE][PASSED] - Object: 'Object Repository/MOH AND GRN/Page_KDMC - CMS/a_12' is clicked on

2018-05-14 13:41:00 - [TEST_STEP][PASSED] - click: Object: 'Object Repository/MOH AND GRN/Page_KDMC - CMS/input_btnadd' is clicked on

2018-05-14 13:41:01 - [MESSAGE][PASSED] - Object: 'Object Repository/MOH AND GRN/Page_KDMC - CMS/input_btnadd' is clicked on

2018-05-14 13:41:01 - [TEST_STEP][PASSED] - Statement - If (s == 10): null

2018-05-14 13:41:01 - [TEST_STEP][PASSED] - Statement - Else: null

2018-05-14 13:41:01 - [TEST_STEP][PASSED] - Statement - (s++): null

2018-05-14 13:41:01 - [TEST_STEP][PASSED] - delay: Delayed 1 second(s)

2018-05-14 13:41:02 - [MESSAGE][PASSED] - Delayed 1 second(s)

2018-05-14 13:41:02 - [TEST_STEP][PASSED] - scrollToElement: Scroll to object 'Object Repository/MOH AND GRN/Page_KDMC - CMS/input_btnSubmit' successfully

2018-05-14 13:41:02 - [MESSAGE][PASSED] - Scroll to object 'Object Repository/MOH AND GRN/Page_KDMC - CMS/input_btnSubmit' successfully

2018-05-14 13:41:02 - [TEST_STEP][PASSED] - click: Object: 'Object Repository/MOH AND GRN/Page_KDMC - CMS/input_btnSubmit' is clicked on

2018-05-14 13:41:02 - [MESSAGE][PASSED] - Object: 'Object Repository/MOH AND GRN/Page_KDMC - CMS/input_btnSubmit' is clicked on

2018-05-14 13:41:02 - [TEST_STEP][PASSED] - delay: Delayed 3 second(s)

2018-05-14 13:41:05 - [MESSAGE][PASSED] - Delayed 3 second(s)

2018-05-14 13:41:05 - [TEST_STEP][PASSED] - click: Object: 'Object Repository/MOH AND GRN/Page_KDMC - CMS/button_OK' is clicked on

2018-05-14 13:41:39 - [MESSAGE][PASSED] - Object: 'Object Repository/MOH AND GRN/Page_KDMC - CMS/button_OK' is clicked on

2018-05-14 13:41:39 - [TEST_STEP][PASSED] - delay: Delayed 2 second(s)

2018-05-14 13:41:41 - [MESSAGE][PASSED] - Delayed 2 second(s)

2018-05-14 13:41:41 - [TEST_STEP][PASSED] - delay: Delayed 3 second(s)

2018-05-14 13:41:44 - [MESSAGE][PASSED] - Delayed 3 second(s)

2018-05-14 13:41:44 - [TEST_STEP][PASSED] - click: Object: 'Object Repository/MOH AND GRN/Page_KDMC - CMS/a_dropdown-toggle' is clicked on

2018-05-14 13:41:44 - [MESSAGE][PASSED] - Object: 'Object Repository/MOH AND GRN/Page_KDMC - CMS/a_dropdown-toggle' is clicked on

2018-05-14 13:41:44 - [TEST_STEP][PASSED] - click: Object: 'Object Repository/MOH AND GRN/Page_KDMC - CMS/a_Sign out' is clicked on

2018-05-14 13:41:48 - [MESSAGE][PASSED] - Object: 'Object Repository/MOH AND GRN/Page_KDMC - CMS/a_Sign out' is clicked on

2018-05-14 13:41:48 - [TEST_STEP][PASSED] - closeBrowser: Browser is closed

2018-05-14 13:41:49 - [MESSAGE][PASSED] - Browser is closed]]></system-out>
         <system-err><![CDATA[]]></system-err>
      </testcase>
      <testcase name="Test Cases/TEST/MOH REQUEST AND GRN/Moh Request GRN  Schedule 3" classname="Test Cases/TEST/MOH REQUEST AND GRN/Moh Request GRN  Schedule 3" status="PASSED">
         <system-out><![CDATA[2018-05-14 13:41:49 - [TEST_CASE][PASSED] - Test Cases/TEST/MOH REQUEST AND GRN/Moh Request GRN  Schedule 3: Test Cases/TEST/MOH REQUEST AND GRN/Moh Request GRN  Schedule 3

2018-05-14 13:41:49 - [TEST_STEP][PASSED] - openBrowser: Browser is opened with url: ''

2018-05-14 13:41:51 - [MESSAGE][PASSED] - Browser is opened with url: ''

2018-05-14 13:41:51 - [TEST_STEP][PASSED] - navigateToUrl: Navigate to 'http://192.168.137.1/multihospital_new/' successfully

2018-05-14 13:42:01 - [MESSAGE][PASSED] - Navigate to 'http://192.168.137.1/multihospital_new/' successfully

2018-05-14 13:42:01 - [TEST_STEP][PASSED] - maximizeWindow: Current window maximized

2018-05-14 13:42:02 - [MESSAGE][PASSED] - Current window maximized

2018-05-14 13:42:02 - [TEST_STEP][PASSED] - click: Object: 'Object Repository/MOH AND GRN/Page_KDMC/a_CMS' is clicked on

2018-05-14 13:42:10 - [MESSAGE][PASSED] - Object: 'Object Repository/MOH AND GRN/Page_KDMC/a_CMS' is clicked on

2018-05-14 13:42:10 - [TEST_STEP][PASSED] - setText: Text 'bala' is set on object 'Object Repository/MOH AND GRN/Page_CMS login/input_txtusername'

2018-05-14 13:42:10 - [MESSAGE][PASSED] - Text 'bala' is set on object 'Object Repository/MOH AND GRN/Page_CMS login/input_txtusername'

2018-05-14 13:42:10 - [TEST_STEP][PASSED] - setText: Text '123' is set on object 'Object Repository/MOH AND GRN/Page_CMS login/input_txtpassword'

2018-05-14 13:42:10 - [MESSAGE][PASSED] - Text '123' is set on object 'Object Repository/MOH AND GRN/Page_CMS login/input_txtpassword'

2018-05-14 13:42:10 - [TEST_STEP][PASSED] - delay: Delayed 3 second(s)

2018-05-14 13:42:13 - [MESSAGE][PASSED] - Delayed 3 second(s)

2018-05-14 13:42:13 - [TEST_STEP][PASSED] - click: Object: 'Object Repository/MOH AND GRN/Page_CMS login/button_Sign in' is clicked on

2018-05-14 13:42:25 - [MESSAGE][PASSED] - Object: 'Object Repository/MOH AND GRN/Page_CMS login/button_Sign in' is clicked on

2018-05-14 13:42:25 - [TEST_STEP][PASSED] - click: Object: 'Object Repository/MOH AND GRN/Page_KDMC - CMS/a_Request to MOH' is clicked on

2018-05-14 13:42:37 - [MESSAGE][PASSED] - Object: 'Object Repository/MOH AND GRN/Page_KDMC - CMS/a_Request to MOH' is clicked on

2018-05-14 13:42:37 - [TEST_STEP][PASSED] - selectOptionByIndex: All options with index in [2] are selected on object 'Object Repository/MOH AND GRN/Page_KDMC - CMS/select_--Select--'

2018-05-14 13:42:37 - [MESSAGE][PASSED] - All options with index in [2] are selected on object 'Object Repository/MOH AND GRN/Page_KDMC - CMS/select_--Select--'

2018-05-14 13:42:37 - [TEST_STEP][PASSED] - selectOptionByIndex: All options with index in [3] are selected on object 'Object Repository/MOH AND GRN/Page_KDMC - CMS/select_--Select--Schedule 1Inj'

2018-05-14 13:42:37 - [MESSAGE][PASSED] - All options with index in [3] are selected on object 'Object Repository/MOH AND GRN/Page_KDMC - CMS/select_--Select--Schedule 1Inj'

2018-05-14 13:42:37 - [TEST_STEP][PASSED] - Statement - selectedoptions = com.kms.katalon.core.webui.keyword.WebUiBuiltInKeywords.getNumberOfTotalOption(com.kms.katalon.core.testobject.ObjectRepository.findTestObject(MOH AND GRN/Page_KDMC - CMS/select_--Select--Adernaline 0.)): 37 options of object 'Object Repository/MOH AND GRN/Page_KDMC - CMS/select_--Select--Adernaline 0.' counted

2018-05-14 13:42:37 - [MESSAGE][PASSED] - 37 options of object 'Object Repository/MOH AND GRN/Page_KDMC - CMS/select_--Select--Adernaline 0.' counted

2018-05-14 13:42:37 - [TEST_STEP][PASSED] - Statement - For ([j = 1, j <= selectedoptions - 1, (j++)]): Object: 'Object Repository/MOH AND GRN/Page_KDMC - CMS/button_Add' is clicked on

2018-05-14 13:42:37 - [TEST_STEP][PASSED] - selectOptionByIndex: All options with index in [3] are selected on object 'Object Repository/MOH AND GRN/Page_KDMC - CMS/select_--Select--Schedule 1Inj'

2018-05-14 13:42:37 - [MESSAGE][PASSED] - All options with index in [3] are selected on object 'Object Repository/MOH AND GRN/Page_KDMC - CMS/select_--Select--Schedule 1Inj'

2018-05-14 13:42:37 - [TEST_STEP][PASSED] - selectOptionByIndex: All options with index in [1] are selected on object 'Object Repository/MOH AND GRN/Page_KDMC - CMS/select_--Select--Adernaline 0.'

2018-05-14 13:42:38 - [MESSAGE][PASSED] - All options with index in [1] are selected on object 'Object Repository/MOH AND GRN/Page_KDMC - CMS/select_--Select--Adernaline 0.'

2018-05-14 13:42:38 - [TEST_STEP][PASSED] - setText: Text '5000' is set on object 'Object Repository/MOH AND GRN/Page_KDMC - CMS/input_txttreat'

2018-05-14 13:42:38 - [MESSAGE][PASSED] - Text '5000' is set on object 'Object Repository/MOH AND GRN/Page_KDMC - CMS/input_txttreat'

2018-05-14 13:42:38 - [TEST_STEP][PASSED] - click: Object: 'Object Repository/MOH AND GRN/Page_KDMC - CMS/button_Add' is clicked on

2018-05-14 13:42:38 - [MESSAGE][PASSED] - Object: 'Object Repository/MOH AND GRN/Page_KDMC - CMS/button_Add' is clicked on

2018-05-14 13:42:38 - [TEST_STEP][PASSED] - selectOptionByIndex: All options with index in [3] are selected on object 'Object Repository/MOH AND GRN/Page_KDMC - CMS/select_--Select--Schedule 1Inj'

2018-05-14 13:42:38 - [MESSAGE][PASSED] - All options with index in [3] are selected on object 'Object Repository/MOH AND GRN/Page_KDMC - CMS/select_--Select--Schedule 1Inj'

2018-05-14 13:42:38 - [TEST_STEP][PASSED] - selectOptionByIndex: All options with index in [2] are selected on object 'Object Repository/MOH AND GRN/Page_KDMC - CMS/select_--Select--Adernaline 0.'

2018-05-14 13:42:38 - [MESSAGE][PASSED] - All options with index in [2] are selected on object 'Object Repository/MOH AND GRN/Page_KDMC - CMS/select_--Select--Adernaline 0.'

2018-05-14 13:42:38 - [TEST_STEP][PASSED] - setText: Text '5000' is set on object 'Object Repository/MOH AND GRN/Page_KDMC - CMS/input_txttreat'

2018-05-14 13:42:38 - [MESSAGE][PASSED] - Text '5000' is set on object 'Object Repository/MOH AND GRN/Page_KDMC - CMS/input_txttreat'

2018-05-14 13:42:38 - [TEST_STEP][PASSED] - click: Object: 'Object Repository/MOH AND GRN/Page_KDMC - CMS/button_Add' is clicked on

2018-05-14 13:42:38 - [MESSAGE][PASSED] - Object: 'Object Repository/MOH AND GRN/Page_KDMC - CMS/button_Add' is clicked on

2018-05-14 13:42:38 - [TEST_STEP][PASSED] - selectOptionByIndex: All options with index in [3] are selected on object 'Object Repository/MOH AND GRN/Page_KDMC - CMS/select_--Select--Schedule 1Inj'

2018-05-14 13:42:38 - [MESSAGE][PASSED] - All options with index in [3] are selected on object 'Object Repository/MOH AND GRN/Page_KDMC - CMS/select_--Select--Schedule 1Inj'

2018-05-14 13:42:38 - [TEST_STEP][PASSED] - selectOptionByIndex: All options with index in [3] are selected on object 'Object Repository/MOH AND GRN/Page_KDMC - CMS/select_--Select--Adernaline 0.'

2018-05-14 13:42:39 - [MESSAGE][PASSED] - All options with index in [3] are selected on object 'Object Repository/MOH AND GRN/Page_KDMC - CMS/select_--Select--Adernaline 0.'

2018-05-14 13:42:39 - [TEST_STEP][PASSED] - setText: Text '5000' is set on object 'Object Repository/MOH AND GRN/Page_KDMC - CMS/input_txttreat'

2018-05-14 13:42:39 - [MESSAGE][PASSED] - Text '5000' is set on object 'Object Repository/MOH AND GRN/Page_KDMC - CMS/input_txttreat'

2018-05-14 13:42:39 - [TEST_STEP][PASSED] - click: Object: 'Object Repository/MOH AND GRN/Page_KDMC - CMS/button_Add' is clicked on

2018-05-14 13:42:39 - [MESSAGE][PASSED] - Object: 'Object Repository/MOH AND GRN/Page_KDMC - CMS/button_Add' is clicked on

2018-05-14 13:42:39 - [TEST_STEP][PASSED] - selectOptionByIndex: All options with index in [3] are selected on object 'Object Repository/MOH AND GRN/Page_KDMC - CMS/select_--Select--Schedule 1Inj'

2018-05-14 13:42:39 - [MESSAGE][PASSED] - All options with index in [3] are selected on object 'Object Repository/MOH AND GRN/Page_KDMC - CMS/select_--Select--Schedule 1Inj'

2018-05-14 13:42:39 - [TEST_STEP][PASSED] - selectOptionByIndex: All options with index in [4] are selected on object 'Object Repository/MOH AND GRN/Page_KDMC - CMS/select_--Select--Adernaline 0.'

2018-05-14 13:42:39 - [MESSAGE][PASSED] - All options with index in [4] are selected on object 'Object Repository/MOH AND GRN/Page_KDMC - CMS/select_--Select--Adernaline 0.'

2018-05-14 13:42:39 - [TEST_STEP][PASSED] - setText: Text '5000' is set on object 'Object Repository/MOH AND GRN/Page_KDMC - CMS/input_txttreat'

2018-05-14 13:42:39 - [MESSAGE][PASSED] - Text '5000' is set on object 'Object Repository/MOH AND GRN/Page_KDMC - CMS/input_txttreat'

2018-05-14 13:42:39 - [TEST_STEP][PASSED] - click: Object: 'Object Repository/MOH AND GRN/Page_KDMC - CMS/button_Add' is clicked on

2018-05-14 13:42:39 - [MESSAGE][PASSED] - Object: 'Object Repository/MOH AND GRN/Page_KDMC - CMS/button_Add' is clicked on

2018-05-14 13:42:39 - [TEST_STEP][PASSED] - selectOptionByIndex: All options with index in [3] are selected on object 'Object Repository/MOH AND GRN/Page_KDMC - CMS/select_--Select--Schedule 1Inj'

2018-05-14 13:42:39 - [MESSAGE][PASSED] - All options with index in [3] are selected on object 'Object Repository/MOH AND GRN/Page_KDMC - CMS/select_--Select--Schedule 1Inj'

2018-05-14 13:42:39 - [TEST_STEP][PASSED] - selectOptionByIndex: All options with index in [5] are selected on object 'Object Repository/MOH AND GRN/Page_KDMC - CMS/select_--Select--Adernaline 0.'

2018-05-14 13:42:40 - [MESSAGE][PASSED] - All options with index in [5] are selected on object 'Object Repository/MOH AND GRN/Page_KDMC - CMS/select_--Select--Adernaline 0.'

2018-05-14 13:42:40 - [TEST_STEP][PASSED] - setText: Text '5000' is set on object 'Object Repository/MOH AND GRN/Page_KDMC - CMS/input_txttreat'

2018-05-14 13:42:40 - [MESSAGE][PASSED] - Text '5000' is set on object 'Object Repository/MOH AND GRN/Page_KDMC - CMS/input_txttreat'

2018-05-14 13:42:40 - [TEST_STEP][PASSED] - click: Object: 'Object Repository/MOH AND GRN/Page_KDMC - CMS/button_Add' is clicked on

2018-05-14 13:42:40 - [MESSAGE][PASSED] - Object: 'Object Repository/MOH AND GRN/Page_KDMC - CMS/button_Add' is clicked on

2018-05-14 13:42:40 - [TEST_STEP][PASSED] - selectOptionByIndex: All options with index in [3] are selected on object 'Object Repository/MOH AND GRN/Page_KDMC - CMS/select_--Select--Schedule 1Inj'

2018-05-14 13:42:40 - [MESSAGE][PASSED] - All options with index in [3] are selected on object 'Object Repository/MOH AND GRN/Page_KDMC - CMS/select_--Select--Schedule 1Inj'

2018-05-14 13:42:40 - [TEST_STEP][PASSED] - selectOptionByIndex: All options with index in [6] are selected on object 'Object Repository/MOH AND GRN/Page_KDMC - CMS/select_--Select--Adernaline 0.'

2018-05-14 13:42:40 - [MESSAGE][PASSED] - All options with index in [6] are selected on object 'Object Repository/MOH AND GRN/Page_KDMC - CMS/select_--Select--Adernaline 0.'

2018-05-14 13:42:40 - [TEST_STEP][PASSED] - setText: Text '5000' is set on object 'Object Repository/MOH AND GRN/Page_KDMC - CMS/input_txttreat'

2018-05-14 13:42:40 - [MESSAGE][PASSED] - Text '5000' is set on object 'Object Repository/MOH AND GRN/Page_KDMC - CMS/input_txttreat'

2018-05-14 13:42:40 - [TEST_STEP][PASSED] - click: Object: 'Object Repository/MOH AND GRN/Page_KDMC - CMS/button_Add' is clicked on

2018-05-14 13:42:40 - [MESSAGE][PASSED] - Object: 'Object Repository/MOH AND GRN/Page_KDMC - CMS/button_Add' is clicked on

2018-05-14 13:42:40 - [TEST_STEP][PASSED] - selectOptionByIndex: All options with index in [3] are selected on object 'Object Repository/MOH AND GRN/Page_KDMC - CMS/select_--Select--Schedule 1Inj'

2018-05-14 13:42:40 - [MESSAGE][PASSED] - All options with index in [3] are selected on object 'Object Repository/MOH AND GRN/Page_KDMC - CMS/select_--Select--Schedule 1Inj'

2018-05-14 13:42:40 - [TEST_STEP][PASSED] - selectOptionByIndex: All options with index in [7] are selected on object 'Object Repository/MOH AND GRN/Page_KDMC - CMS/select_--Select--Adernaline 0.'

2018-05-14 13:42:41 - [MESSAGE][PASSED] - All options with index in [7] are selected on object 'Object Repository/MOH AND GRN/Page_KDMC - CMS/select_--Select--Adernaline 0.'

2018-05-14 13:42:41 - [TEST_STEP][PASSED] - setText: Text '5000' is set on object 'Object Repository/MOH AND GRN/Page_KDMC - CMS/input_txttreat'

2018-05-14 13:42:41 - [MESSAGE][PASSED] - Text '5000' is set on object 'Object Repository/MOH AND GRN/Page_KDMC - CMS/input_txttreat'

2018-05-14 13:42:41 - [TEST_STEP][PASSED] - click: Object: 'Object Repository/MOH AND GRN/Page_KDMC - CMS/button_Add' is clicked on

2018-05-14 13:42:41 - [MESSAGE][PASSED] - Object: 'Object Repository/MOH AND GRN/Page_KDMC - CMS/button_Add' is clicked on

2018-05-14 13:42:41 - [TEST_STEP][PASSED] - selectOptionByIndex: All options with index in [3] are selected on object 'Object Repository/MOH AND GRN/Page_KDMC - CMS/select_--Select--Schedule 1Inj'

2018-05-14 13:42:41 - [MESSAGE][PASSED] - All options with index in [3] are selected on object 'Object Repository/MOH AND GRN/Page_KDMC - CMS/select_--Select--Schedule 1Inj'

2018-05-14 13:42:41 - [TEST_STEP][PASSED] - selectOptionByIndex: All options with index in [8] are selected on object 'Object Repository/MOH AND GRN/Page_KDMC - CMS/select_--Select--Adernaline 0.'

2018-05-14 13:42:41 - [MESSAGE][PASSED] - All options with index in [8] are selected on object 'Object Repository/MOH AND GRN/Page_KDMC - CMS/select_--Select--Adernaline 0.'

2018-05-14 13:42:41 - [TEST_STEP][PASSED] - setText: Text '5000' is set on object 'Object Repository/MOH AND GRN/Page_KDMC - CMS/input_txttreat'

2018-05-14 13:42:41 - [MESSAGE][PASSED] - Text '5000' is set on object 'Object Repository/MOH AND GRN/Page_KDMC - CMS/input_txttreat'

2018-05-14 13:42:41 - [TEST_STEP][PASSED] - click: Object: 'Object Repository/MOH AND GRN/Page_KDMC - CMS/button_Add' is clicked on

2018-05-14 13:42:41 - [MESSAGE][PASSED] - Object: 'Object Repository/MOH AND GRN/Page_KDMC - CMS/button_Add' is clicked on

2018-05-14 13:42:41 - [TEST_STEP][PASSED] - selectOptionByIndex: All options with index in [3] are selected on object 'Object Repository/MOH AND GRN/Page_KDMC - CMS/select_--Select--Schedule 1Inj'

2018-05-14 13:42:41 - [MESSAGE][PASSED] - All options with index in [3] are selected on object 'Object Repository/MOH AND GRN/Page_KDMC - CMS/select_--Select--Schedule 1Inj'

2018-05-14 13:42:41 - [TEST_STEP][PASSED] - selectOptionByIndex: All options with index in [9] are selected on object 'Object Repository/MOH AND GRN/Page_KDMC - CMS/select_--Select--Adernaline 0.'

2018-05-14 13:42:42 - [MESSAGE][PASSED] - All options with index in [9] are selected on object 'Object Repository/MOH AND GRN/Page_KDMC - CMS/select_--Select--Adernaline 0.'

2018-05-14 13:42:42 - [TEST_STEP][PASSED] - setText: Text '5000' is set on object 'Object Repository/MOH AND GRN/Page_KDMC - CMS/input_txttreat'

2018-05-14 13:42:42 - [MESSAGE][PASSED] - Text '5000' is set on object 'Object Repository/MOH AND GRN/Page_KDMC - CMS/input_txttreat'

2018-05-14 13:42:42 - [TEST_STEP][PASSED] - click: Object: 'Object Repository/MOH AND GRN/Page_KDMC - CMS/button_Add' is clicked on

2018-05-14 13:42:42 - [MESSAGE][PASSED] - Object: 'Object Repository/MOH AND GRN/Page_KDMC - CMS/button_Add' is clicked on

2018-05-14 13:42:42 - [TEST_STEP][PASSED] - selectOptionByIndex: All options with index in [3] are selected on object 'Object Repository/MOH AND GRN/Page_KDMC - CMS/select_--Select--Schedule 1Inj'

2018-05-14 13:42:42 - [MESSAGE][PASSED] - All options with index in [3] are selected on object 'Object Repository/MOH AND GRN/Page_KDMC - CMS/select_--Select--Schedule 1Inj'

2018-05-14 13:42:42 - [TEST_STEP][PASSED] - selectOptionByIndex: All options with index in [10] are selected on object 'Object Repository/MOH AND GRN/Page_KDMC - CMS/select_--Select--Adernaline 0.'

2018-05-14 13:42:42 - [MESSAGE][PASSED] - All options with index in [10] are selected on object 'Object Repository/MOH AND GRN/Page_KDMC - CMS/select_--Select--Adernaline 0.'

2018-05-14 13:42:42 - [TEST_STEP][PASSED] - setText: Text '5000' is set on object 'Object Repository/MOH AND GRN/Page_KDMC - CMS/input_txttreat'

2018-05-14 13:42:42 - [MESSAGE][PASSED] - Text '5000' is set on object 'Object Repository/MOH AND GRN/Page_KDMC - CMS/input_txttreat'

2018-05-14 13:42:42 - [TEST_STEP][PASSED] - click: Object: 'Object Repository/MOH AND GRN/Page_KDMC - CMS/button_Add' is clicked on

2018-05-14 13:42:42 - [MESSAGE][PASSED] - Object: 'Object Repository/MOH AND GRN/Page_KDMC - CMS/button_Add' is clicked on

2018-05-14 13:42:42 - [TEST_STEP][PASSED] - selectOptionByIndex: All options with index in [3] are selected on object 'Object Repository/MOH AND GRN/Page_KDMC - CMS/select_--Select--Schedule 1Inj'

2018-05-14 13:42:43 - [MESSAGE][PASSED] - All options with index in [3] are selected on object 'Object Repository/MOH AND GRN/Page_KDMC - CMS/select_--Select--Schedule 1Inj'

2018-05-14 13:42:43 - [TEST_STEP][PASSED] - selectOptionByIndex: All options with index in [11] are selected on object 'Object Repository/MOH AND GRN/Page_KDMC - CMS/select_--Select--Adernaline 0.'

2018-05-14 13:42:43 - [MESSAGE][PASSED] - All options with index in [11] are selected on object 'Object Repository/MOH AND GRN/Page_KDMC - CMS/select_--Select--Adernaline 0.'

2018-05-14 13:42:43 - [TEST_STEP][PASSED] - setText: Text '5000' is set on object 'Object Repository/MOH AND GRN/Page_KDMC - CMS/input_txttreat'

2018-05-14 13:42:43 - [MESSAGE][PASSED] - Text '5000' is set on object 'Object Repository/MOH AND GRN/Page_KDMC - CMS/input_txttreat'

2018-05-14 13:42:43 - [TEST_STEP][PASSED] - click: Object: 'Object Repository/MOH AND GRN/Page_KDMC - CMS/button_Add' is clicked on

2018-05-14 13:42:43 - [MESSAGE][PASSED] - Object: 'Object Repository/MOH AND GRN/Page_KDMC - CMS/button_Add' is clicked on

2018-05-14 13:42:43 - [TEST_STEP][PASSED] - selectOptionByIndex: All options with index in [3] are selected on object 'Object Repository/MOH AND GRN/Page_KDMC - CMS/select_--Select--Schedule 1Inj'

2018-05-14 13:42:43 - [MESSAGE][PASSED] - All options with index in [3] are selected on object 'Object Repository/MOH AND GRN/Page_KDMC - CMS/select_--Select--Schedule 1Inj'

2018-05-14 13:42:43 - [TEST_STEP][PASSED] - selectOptionByIndex: All options with index in [12] are selected on object 'Object Repository/MOH AND GRN/Page_KDMC - CMS/select_--Select--Adernaline 0.'

2018-05-14 13:42:43 - [MESSAGE][PASSED] - All options with index in [12] are selected on object 'Object Repository/MOH AND GRN/Page_KDMC - CMS/select_--Select--Adernaline 0.'

2018-05-14 13:42:43 - [TEST_STEP][PASSED] - setText: Text '5000' is set on object 'Object Repository/MOH AND GRN/Page_KDMC - CMS/input_txttreat'

2018-05-14 13:42:43 - [MESSAGE][PASSED] - Text '5000' is set on object 'Object Repository/MOH AND GRN/Page_KDMC - CMS/input_txttreat'

2018-05-14 13:42:43 - [TEST_STEP][PASSED] - click: Object: 'Object Repository/MOH AND GRN/Page_KDMC - CMS/button_Add' is clicked on

2018-05-14 13:42:44 - [MESSAGE][PASSED] - Object: 'Object Repository/MOH AND GRN/Page_KDMC - CMS/button_Add' is clicked on

2018-05-14 13:42:44 - [TEST_STEP][PASSED] - selectOptionByIndex: All options with index in [3] are selected on object 'Object Repository/MOH AND GRN/Page_KDMC - CMS/select_--Select--Schedule 1Inj'

2018-05-14 13:42:44 - [MESSAGE][PASSED] - All options with index in [3] are selected on object 'Object Repository/MOH AND GRN/Page_KDMC - CMS/select_--Select--Schedule 1Inj'

2018-05-14 13:42:44 - [TEST_STEP][PASSED] - selectOptionByIndex: All options with index in [13] are selected on object 'Object Repository/MOH AND GRN/Page_KDMC - CMS/select_--Select--Adernaline 0.'

2018-05-14 13:42:44 - [MESSAGE][PASSED] - All options with index in [13] are selected on object 'Object Repository/MOH AND GRN/Page_KDMC - CMS/select_--Select--Adernaline 0.'

2018-05-14 13:42:44 - [TEST_STEP][PASSED] - setText: Text '5000' is set on object 'Object Repository/MOH AND GRN/Page_KDMC - CMS/input_txttreat'

2018-05-14 13:42:44 - [MESSAGE][PASSED] - Text '5000' is set on object 'Object Repository/MOH AND GRN/Page_KDMC - CMS/input_txttreat'

2018-05-14 13:42:44 - [TEST_STEP][PASSED] - click: Object: 'Object Repository/MOH AND GRN/Page_KDMC - CMS/button_Add' is clicked on

2018-05-14 13:42:44 - [MESSAGE][PASSED] - Object: 'Object Repository/MOH AND GRN/Page_KDMC - CMS/button_Add' is clicked on

2018-05-14 13:42:44 - [TEST_STEP][PASSED] - selectOptionByIndex: All options with index in [3] are selected on object 'Object Repository/MOH AND GRN/Page_KDMC - CMS/select_--Select--Schedule 1Inj'

2018-05-14 13:42:44 - [MESSAGE][PASSED] - All options with index in [3] are selected on object 'Object Repository/MOH AND GRN/Page_KDMC - CMS/select_--Select--Schedule 1Inj'

2018-05-14 13:42:44 - [TEST_STEP][PASSED] - selectOptionByIndex: All options with index in [14] are selected on object 'Object Repository/MOH AND GRN/Page_KDMC - CMS/select_--Select--Adernaline 0.'

2018-05-14 13:42:45 - [MESSAGE][PASSED] - All options with index in [14] are selected on object 'Object Repository/MOH AND GRN/Page_KDMC - CMS/select_--Select--Adernaline 0.'

2018-05-14 13:42:45 - [TEST_STEP][PASSED] - setText: Text '5000' is set on object 'Object Repository/MOH AND GRN/Page_KDMC - CMS/input_txttreat'

2018-05-14 13:42:45 - [MESSAGE][PASSED] - Text '5000' is set on object 'Object Repository/MOH AND GRN/Page_KDMC - CMS/input_txttreat'

2018-05-14 13:42:45 - [TEST_STEP][PASSED] - click: Object: 'Object Repository/MOH AND GRN/Page_KDMC - CMS/button_Add' is clicked on

2018-05-14 13:42:45 - [MESSAGE][PASSED] - Object: 'Object Repository/MOH AND GRN/Page_KDMC - CMS/button_Add' is clicked on

2018-05-14 13:42:45 - [TEST_STEP][PASSED] - selectOptionByIndex: All options with index in [3] are selected on object 'Object Repository/MOH AND GRN/Page_KDMC - CMS/select_--Select--Schedule 1Inj'

2018-05-14 13:42:45 - [MESSAGE][PASSED] - All options with index in [3] are selected on object 'Object Repository/MOH AND GRN/Page_KDMC - CMS/select_--Select--Schedule 1Inj'

2018-05-14 13:42:45 - [TEST_STEP][PASSED] - selectOptionByIndex: All options with index in [15] are selected on object 'Object Repository/MOH AND GRN/Page_KDMC - CMS/select_--Select--Adernaline 0.'

2018-05-14 13:42:45 - [MESSAGE][PASSED] - All options with index in [15] are selected on object 'Object Repository/MOH AND GRN/Page_KDMC - CMS/select_--Select--Adernaline 0.'

2018-05-14 13:42:45 - [TEST_STEP][PASSED] - setText: Text '5000' is set on object 'Object Repository/MOH AND GRN/Page_KDMC - CMS/input_txttreat'

2018-05-14 13:42:45 - [MESSAGE][PASSED] - Text '5000' is set on object 'Object Repository/MOH AND GRN/Page_KDMC - CMS/input_txttreat'

2018-05-14 13:42:45 - [TEST_STEP][PASSED] - click: Object: 'Object Repository/MOH AND GRN/Page_KDMC - CMS/button_Add' is clicked on

2018-05-14 13:42:45 - [MESSAGE][PASSED] - Object: 'Object Repository/MOH AND GRN/Page_KDMC - CMS/button_Add' is clicked on

2018-05-14 13:42:45 - [TEST_STEP][PASSED] - selectOptionByIndex: All options with index in [3] are selected on object 'Object Repository/MOH AND GRN/Page_KDMC - CMS/select_--Select--Schedule 1Inj'

2018-05-14 13:42:45 - [MESSAGE][PASSED] - All options with index in [3] are selected on object 'Object Repository/MOH AND GRN/Page_KDMC - CMS/select_--Select--Schedule 1Inj'

2018-05-14 13:42:45 - [TEST_STEP][PASSED] - selectOptionByIndex: All options with index in [16] are selected on object 'Object Repository/MOH AND GRN/Page_KDMC - CMS/select_--Select--Adernaline 0.'

2018-05-14 13:42:46 - [MESSAGE][PASSED] - All options with index in [16] are selected on object 'Object Repository/MOH AND GRN/Page_KDMC - CMS/select_--Select--Adernaline 0.'

2018-05-14 13:42:46 - [TEST_STEP][PASSED] - setText: Text '5000' is set on object 'Object Repository/MOH AND GRN/Page_KDMC - CMS/input_txttreat'

2018-05-14 13:42:46 - [MESSAGE][PASSED] - Text '5000' is set on object 'Object Repository/MOH AND GRN/Page_KDMC - CMS/input_txttreat'

2018-05-14 13:42:46 - [TEST_STEP][PASSED] - click: Object: 'Object Repository/MOH AND GRN/Page_KDMC - CMS/button_Add' is clicked on

2018-05-14 13:42:46 - [MESSAGE][PASSED] - Object: 'Object Repository/MOH AND GRN/Page_KDMC - CMS/button_Add' is clicked on

2018-05-14 13:42:46 - [TEST_STEP][PASSED] - selectOptionByIndex: All options with index in [3] are selected on object 'Object Repository/MOH AND GRN/Page_KDMC - CMS/select_--Select--Schedule 1Inj'

2018-05-14 13:42:46 - [MESSAGE][PASSED] - All options with index in [3] are selected on object 'Object Repository/MOH AND GRN/Page_KDMC - CMS/select_--Select--Schedule 1Inj'

2018-05-14 13:42:46 - [TEST_STEP][PASSED] - selectOptionByIndex: All options with index in [17] are selected on object 'Object Repository/MOH AND GRN/Page_KDMC - CMS/select_--Select--Adernaline 0.'

2018-05-14 13:42:46 - [MESSAGE][PASSED] - All options with index in [17] are selected on object 'Object Repository/MOH AND GRN/Page_KDMC - CMS/select_--Select--Adernaline 0.'

2018-05-14 13:42:46 - [TEST_STEP][PASSED] - setText: Text '5000' is set on object 'Object Repository/MOH AND GRN/Page_KDMC - CMS/input_txttreat'

2018-05-14 13:42:46 - [MESSAGE][PASSED] - Text '5000' is set on object 'Object Repository/MOH AND GRN/Page_KDMC - CMS/input_txttreat'

2018-05-14 13:42:46 - [TEST_STEP][PASSED] - click: Object: 'Object Repository/MOH AND GRN/Page_KDMC - CMS/button_Add' is clicked on

2018-05-14 13:42:47 - [MESSAGE][PASSED] - Object: 'Object Repository/MOH AND GRN/Page_KDMC - CMS/button_Add' is clicked on

2018-05-14 13:42:47 - [TEST_STEP][PASSED] - selectOptionByIndex: All options with index in [3] are selected on object 'Object Repository/MOH AND GRN/Page_KDMC - CMS/select_--Select--Schedule 1Inj'

2018-05-14 13:42:47 - [MESSAGE][PASSED] - All options with index in [3] are selected on object 'Object Repository/MOH AND GRN/Page_KDMC - CMS/select_--Select--Schedule 1Inj'

2018-05-14 13:42:47 - [TEST_STEP][PASSED] - selectOptionByIndex: All options with index in [18] are selected on object 'Object Repository/MOH AND GRN/Page_KDMC - CMS/select_--Select--Adernaline 0.'

2018-05-14 13:42:47 - [MESSAGE][PASSED] - All options with index in [18] are selected on object 'Object Repository/MOH AND GRN/Page_KDMC - CMS/select_--Select--Adernaline 0.'

2018-05-14 13:42:47 - [TEST_STEP][PASSED] - setText: Text '5000' is set on object 'Object Repository/MOH AND GRN/Page_KDMC - CMS/input_txttreat'

2018-05-14 13:42:47 - [MESSAGE][PASSED] - Text '5000' is set on object 'Object Repository/MOH AND GRN/Page_KDMC - CMS/input_txttreat'

2018-05-14 13:42:47 - [TEST_STEP][PASSED] - click: Object: 'Object Repository/MOH AND GRN/Page_KDMC - CMS/button_Add' is clicked on

2018-05-14 13:42:47 - [MESSAGE][PASSED] - Object: 'Object Repository/MOH AND GRN/Page_KDMC - CMS/button_Add' is clicked on

2018-05-14 13:42:47 - [TEST_STEP][PASSED] - selectOptionByIndex: All options with index in [3] are selected on object 'Object Repository/MOH AND GRN/Page_KDMC - CMS/select_--Select--Schedule 1Inj'

2018-05-14 13:42:47 - [MESSAGE][PASSED] - All options with index in [3] are selected on object 'Object Repository/MOH AND GRN/Page_KDMC - CMS/select_--Select--Schedule 1Inj'

2018-05-14 13:42:47 - [TEST_STEP][PASSED] - selectOptionByIndex: All options with index in [19] are selected on object 'Object Repository/MOH AND GRN/Page_KDMC - CMS/select_--Select--Adernaline 0.'

2018-05-14 13:42:48 - [MESSAGE][PASSED] - All options with index in [19] are selected on object 'Object Repository/MOH AND GRN/Page_KDMC - CMS/select_--Select--Adernaline 0.'

2018-05-14 13:42:48 - [TEST_STEP][PASSED] - setText: Text '5000' is set on object 'Object Repository/MOH AND GRN/Page_KDMC - CMS/input_txttreat'

2018-05-14 13:42:48 - [MESSAGE][PASSED] - Text '5000' is set on object 'Object Repository/MOH AND GRN/Page_KDMC - CMS/input_txttreat'

2018-05-14 13:42:48 - [TEST_STEP][PASSED] - click: Object: 'Object Repository/MOH AND GRN/Page_KDMC - CMS/button_Add' is clicked on

2018-05-14 13:42:48 - [MESSAGE][PASSED] - Object: 'Object Repository/MOH AND GRN/Page_KDMC - CMS/button_Add' is clicked on

2018-05-14 13:42:48 - [TEST_STEP][PASSED] - selectOptionByIndex: All options with index in [3] are selected on object 'Object Repository/MOH AND GRN/Page_KDMC - CMS/select_--Select--Schedule 1Inj'

2018-05-14 13:42:48 - [MESSAGE][PASSED] - All options with index in [3] are selected on object 'Object Repository/MOH AND GRN/Page_KDMC - CMS/select_--Select--Schedule 1Inj'

2018-05-14 13:42:48 - [TEST_STEP][PASSED] - selectOptionByIndex: All options with index in [20] are selected on object 'Object Repository/MOH AND GRN/Page_KDMC - CMS/select_--Select--Adernaline 0.'

2018-05-14 13:42:48 - [MESSAGE][PASSED] - All options with index in [20] are selected on object 'Object Repository/MOH AND GRN/Page_KDMC - CMS/select_--Select--Adernaline 0.'

2018-05-14 13:42:48 - [TEST_STEP][PASSED] - setText: Text '5000' is set on object 'Object Repository/MOH AND GRN/Page_KDMC - CMS/input_txttreat'

2018-05-14 13:42:48 - [MESSAGE][PASSED] - Text '5000' is set on object 'Object Repository/MOH AND GRN/Page_KDMC - CMS/input_txttreat'

2018-05-14 13:42:48 - [TEST_STEP][PASSED] - click: Object: 'Object Repository/MOH AND GRN/Page_KDMC - CMS/button_Add' is clicked on

2018-05-14 13:42:48 - [MESSAGE][PASSED] - Object: 'Object Repository/MOH AND GRN/Page_KDMC - CMS/button_Add' is clicked on

2018-05-14 13:42:48 - [TEST_STEP][PASSED] - selectOptionByIndex: All options with index in [3] are selected on object 'Object Repository/MOH AND GRN/Page_KDMC - CMS/select_--Select--Schedule 1Inj'

2018-05-14 13:42:49 - [MESSAGE][PASSED] - All options with index in [3] are selected on object 'Object Repository/MOH AND GRN/Page_KDMC - CMS/select_--Select--Schedule 1Inj'

2018-05-14 13:42:49 - [TEST_STEP][PASSED] - selectOptionByIndex: All options with index in [21] are selected on object 'Object Repository/MOH AND GRN/Page_KDMC - CMS/select_--Select--Adernaline 0.'

2018-05-14 13:42:49 - [MESSAGE][PASSED] - All options with index in [21] are selected on object 'Object Repository/MOH AND GRN/Page_KDMC - CMS/select_--Select--Adernaline 0.'

2018-05-14 13:42:49 - [TEST_STEP][PASSED] - setText: Text '5000' is set on object 'Object Repository/MOH AND GRN/Page_KDMC - CMS/input_txttreat'

2018-05-14 13:42:49 - [MESSAGE][PASSED] - Text '5000' is set on object 'Object Repository/MOH AND GRN/Page_KDMC - CMS/input_txttreat'

2018-05-14 13:42:49 - [TEST_STEP][PASSED] - click: Object: 'Object Repository/MOH AND GRN/Page_KDMC - CMS/button_Add' is clicked on

2018-05-14 13:42:49 - [MESSAGE][PASSED] - Object: 'Object Repository/MOH AND GRN/Page_KDMC - CMS/button_Add' is clicked on

2018-05-14 13:42:49 - [TEST_STEP][PASSED] - selectOptionByIndex: All options with index in [3] are selected on object 'Object Repository/MOH AND GRN/Page_KDMC - CMS/select_--Select--Schedule 1Inj'

2018-05-14 13:42:49 - [MESSAGE][PASSED] - All options with index in [3] are selected on object 'Object Repository/MOH AND GRN/Page_KDMC - CMS/select_--Select--Schedule 1Inj'

2018-05-14 13:42:49 - [TEST_STEP][PASSED] - selectOptionByIndex: All options with index in [22] are selected on object 'Object Repository/MOH AND GRN/Page_KDMC - CMS/select_--Select--Adernaline 0.'

2018-05-14 13:42:50 - [MESSAGE][PASSED] - All options with index in [22] are selected on object 'Object Repository/MOH AND GRN/Page_KDMC - CMS/select_--Select--Adernaline 0.'

2018-05-14 13:42:50 - [TEST_STEP][PASSED] - setText: Text '5000' is set on object 'Object Repository/MOH AND GRN/Page_KDMC - CMS/input_txttreat'

2018-05-14 13:42:50 - [MESSAGE][PASSED] - Text '5000' is set on object 'Object Repository/MOH AND GRN/Page_KDMC - CMS/input_txttreat'

2018-05-14 13:42:50 - [TEST_STEP][PASSED] - click: Object: 'Object Repository/MOH AND GRN/Page_KDMC - CMS/button_Add' is clicked on

2018-05-14 13:42:50 - [MESSAGE][PASSED] - Object: 'Object Repository/MOH AND GRN/Page_KDMC - CMS/button_Add' is clicked on

2018-05-14 13:42:50 - [TEST_STEP][PASSED] - selectOptionByIndex: All options with index in [3] are selected on object 'Object Repository/MOH AND GRN/Page_KDMC - CMS/select_--Select--Schedule 1Inj'

2018-05-14 13:42:50 - [MESSAGE][PASSED] - All options with index in [3] are selected on object 'Object Repository/MOH AND GRN/Page_KDMC - CMS/select_--Select--Schedule 1Inj'

2018-05-14 13:42:50 - [TEST_STEP][PASSED] - selectOptionByIndex: All options with index in [23] are selected on object 'Object Repository/MOH AND GRN/Page_KDMC - CMS/select_--Select--Adernaline 0.'

2018-05-14 13:42:50 - [MESSAGE][PASSED] - All options with index in [23] are selected on object 'Object Repository/MOH AND GRN/Page_KDMC - CMS/select_--Select--Adernaline 0.'

2018-05-14 13:42:50 - [TEST_STEP][PASSED] - setText: Text '5000' is set on object 'Object Repository/MOH AND GRN/Page_KDMC - CMS/input_txttreat'

2018-05-14 13:42:50 - [MESSAGE][PASSED] - Text '5000' is set on object 'Object Repository/MOH AND GRN/Page_KDMC - CMS/input_txttreat'

2018-05-14 13:42:50 - [TEST_STEP][PASSED] - click: Object: 'Object Repository/MOH AND GRN/Page_KDMC - CMS/button_Add' is clicked on

2018-05-14 13:42:51 - [MESSAGE][PASSED] - Object: 'Object Repository/MOH AND GRN/Page_KDMC - CMS/button_Add' is clicked on

2018-05-14 13:42:51 - [TEST_STEP][PASSED] - selectOptionByIndex: All options with index in [3] are selected on object 'Object Repository/MOH AND GRN/Page_KDMC - CMS/select_--Select--Schedule 1Inj'

2018-05-14 13:42:51 - [MESSAGE][PASSED] - All options with index in [3] are selected on object 'Object Repository/MOH AND GRN/Page_KDMC - CMS/select_--Select--Schedule 1Inj'

2018-05-14 13:42:51 - [TEST_STEP][PASSED] - selectOptionByIndex: All options with index in [24] are selected on object 'Object Repository/MOH AND GRN/Page_KDMC - CMS/select_--Select--Adernaline 0.'

2018-05-14 13:42:51 - [MESSAGE][PASSED] - All options with index in [24] are selected on object 'Object Repository/MOH AND GRN/Page_KDMC - CMS/select_--Select--Adernaline 0.'

2018-05-14 13:42:51 - [TEST_STEP][PASSED] - setText: Text '5000' is set on object 'Object Repository/MOH AND GRN/Page_KDMC - CMS/input_txttreat'

2018-05-14 13:42:51 - [MESSAGE][PASSED] - Text '5000' is set on object 'Object Repository/MOH AND GRN/Page_KDMC - CMS/input_txttreat'

2018-05-14 13:42:51 - [TEST_STEP][PASSED] - click: Object: 'Object Repository/MOH AND GRN/Page_KDMC - CMS/button_Add' is clicked on

2018-05-14 13:42:51 - [MESSAGE][PASSED] - Object: 'Object Repository/MOH AND GRN/Page_KDMC - CMS/button_Add' is clicked on

2018-05-14 13:42:51 - [TEST_STEP][PASSED] - selectOptionByIndex: All options with index in [3] are selected on object 'Object Repository/MOH AND GRN/Page_KDMC - CMS/select_--Select--Schedule 1Inj'

2018-05-14 13:42:51 - [MESSAGE][PASSED] - All options with index in [3] are selected on object 'Object Repository/MOH AND GRN/Page_KDMC - CMS/select_--Select--Schedule 1Inj'

2018-05-14 13:42:51 - [TEST_STEP][PASSED] - selectOptionByIndex: All options with index in [25] are selected on object 'Object Repository/MOH AND GRN/Page_KDMC - CMS/select_--Select--Adernaline 0.'

2018-05-14 13:42:52 - [MESSAGE][PASSED] - All options with index in [25] are selected on object 'Object Repository/MOH AND GRN/Page_KDMC - CMS/select_--Select--Adernaline 0.'

2018-05-14 13:42:52 - [TEST_STEP][PASSED] - setText: Text '5000' is set on object 'Object Repository/MOH AND GRN/Page_KDMC - CMS/input_txttreat'

2018-05-14 13:42:52 - [MESSAGE][PASSED] - Text '5000' is set on object 'Object Repository/MOH AND GRN/Page_KDMC - CMS/input_txttreat'

2018-05-14 13:42:52 - [TEST_STEP][PASSED] - click: Object: 'Object Repository/MOH AND GRN/Page_KDMC - CMS/button_Add' is clicked on

2018-05-14 13:42:52 - [MESSAGE][PASSED] - Object: 'Object Repository/MOH AND GRN/Page_KDMC - CMS/button_Add' is clicked on

2018-05-14 13:42:52 - [TEST_STEP][PASSED] - selectOptionByIndex: All options with index in [3] are selected on object 'Object Repository/MOH AND GRN/Page_KDMC - CMS/select_--Select--Schedule 1Inj'

2018-05-14 13:42:52 - [MESSAGE][PASSED] - All options with index in [3] are selected on object 'Object Repository/MOH AND GRN/Page_KDMC - CMS/select_--Select--Schedule 1Inj'

2018-05-14 13:42:52 - [TEST_STEP][PASSED] - selectOptionByIndex: All options with index in [26] are selected on object 'Object Repository/MOH AND GRN/Page_KDMC - CMS/select_--Select--Adernaline 0.'

2018-05-14 13:42:53 - [MESSAGE][PASSED] - All options with index in [26] are selected on object 'Object Repository/MOH AND GRN/Page_KDMC - CMS/select_--Select--Adernaline 0.'

2018-05-14 13:42:53 - [TEST_STEP][PASSED] - setText: Text '5000' is set on object 'Object Repository/MOH AND GRN/Page_KDMC - CMS/input_txttreat'

2018-05-14 13:42:53 - [MESSAGE][PASSED] - Text '5000' is set on object 'Object Repository/MOH AND GRN/Page_KDMC - CMS/input_txttreat'

2018-05-14 13:42:53 - [TEST_STEP][PASSED] - click: Object: 'Object Repository/MOH AND GRN/Page_KDMC - CMS/button_Add' is clicked on

2018-05-14 13:42:53 - [MESSAGE][PASSED] - Object: 'Object Repository/MOH AND GRN/Page_KDMC - CMS/button_Add' is clicked on

2018-05-14 13:42:53 - [TEST_STEP][PASSED] - selectOptionByIndex: All options with index in [3] are selected on object 'Object Repository/MOH AND GRN/Page_KDMC - CMS/select_--Select--Schedule 1Inj'

2018-05-14 13:42:53 - [MESSAGE][PASSED] - All options with index in [3] are selected on object 'Object Repository/MOH AND GRN/Page_KDMC - CMS/select_--Select--Schedule 1Inj'

2018-05-14 13:42:53 - [TEST_STEP][PASSED] - selectOptionByIndex: All options with index in [27] are selected on object 'Object Repository/MOH AND GRN/Page_KDMC - CMS/select_--Select--Adernaline 0.'

2018-05-14 13:42:53 - [MESSAGE][PASSED] - All options with index in [27] are selected on object 'Object Repository/MOH AND GRN/Page_KDMC - CMS/select_--Select--Adernaline 0.'

2018-05-14 13:42:53 - [TEST_STEP][PASSED] - setText: Text '5000' is set on object 'Object Repository/MOH AND GRN/Page_KDMC - CMS/input_txttreat'

2018-05-14 13:42:53 - [MESSAGE][PASSED] - Text '5000' is set on object 'Object Repository/MOH AND GRN/Page_KDMC - CMS/input_txttreat'

2018-05-14 13:42:53 - [TEST_STEP][PASSED] - click: Object: 'Object Repository/MOH AND GRN/Page_KDMC - CMS/button_Add' is clicked on

2018-05-14 13:42:53 - [MESSAGE][PASSED] - Object: 'Object Repository/MOH AND GRN/Page_KDMC - CMS/button_Add' is clicked on

2018-05-14 13:42:53 - [TEST_STEP][PASSED] - selectOptionByIndex: All options with index in [3] are selected on object 'Object Repository/MOH AND GRN/Page_KDMC - CMS/select_--Select--Schedule 1Inj'

2018-05-14 13:42:54 - [MESSAGE][PASSED] - All options with index in [3] are selected on object 'Object Repository/MOH AND GRN/Page_KDMC - CMS/select_--Select--Schedule 1Inj'

2018-05-14 13:42:54 - [TEST_STEP][PASSED] - selectOptionByIndex: All options with index in [28] are selected on object 'Object Repository/MOH AND GRN/Page_KDMC - CMS/select_--Select--Adernaline 0.'

2018-05-14 13:42:54 - [MESSAGE][PASSED] - All options with index in [28] are selected on object 'Object Repository/MOH AND GRN/Page_KDMC - CMS/select_--Select--Adernaline 0.'

2018-05-14 13:42:54 - [TEST_STEP][PASSED] - setText: Text '5000' is set on object 'Object Repository/MOH AND GRN/Page_KDMC - CMS/input_txttreat'

2018-05-14 13:42:54 - [MESSAGE][PASSED] - Text '5000' is set on object 'Object Repository/MOH AND GRN/Page_KDMC - CMS/input_txttreat'

2018-05-14 13:42:54 - [TEST_STEP][PASSED] - click: Object: 'Object Repository/MOH AND GRN/Page_KDMC - CMS/button_Add' is clicked on

2018-05-14 13:42:54 - [MESSAGE][PASSED] - Object: 'Object Repository/MOH AND GRN/Page_KDMC - CMS/button_Add' is clicked on

2018-05-14 13:42:54 - [TEST_STEP][PASSED] - selectOptionByIndex: All options with index in [3] are selected on object 'Object Repository/MOH AND GRN/Page_KDMC - CMS/select_--Select--Schedule 1Inj'

2018-05-14 13:42:54 - [MESSAGE][PASSED] - All options with index in [3] are selected on object 'Object Repository/MOH AND GRN/Page_KDMC - CMS/select_--Select--Schedule 1Inj'

2018-05-14 13:42:54 - [TEST_STEP][PASSED] - selectOptionByIndex: All options with index in [29] are selected on object 'Object Repository/MOH AND GRN/Page_KDMC - CMS/select_--Select--Adernaline 0.'

2018-05-14 13:42:55 - [MESSAGE][PASSED] - All options with index in [29] are selected on object 'Object Repository/MOH AND GRN/Page_KDMC - CMS/select_--Select--Adernaline 0.'

2018-05-14 13:42:55 - [TEST_STEP][PASSED] - setText: Text '5000' is set on object 'Object Repository/MOH AND GRN/Page_KDMC - CMS/input_txttreat'

2018-05-14 13:42:55 - [MESSAGE][PASSED] - Text '5000' is set on object 'Object Repository/MOH AND GRN/Page_KDMC - CMS/input_txttreat'

2018-05-14 13:42:55 - [TEST_STEP][PASSED] - click: Object: 'Object Repository/MOH AND GRN/Page_KDMC - CMS/button_Add' is clicked on

2018-05-14 13:42:55 - [MESSAGE][PASSED] - Object: 'Object Repository/MOH AND GRN/Page_KDMC - CMS/button_Add' is clicked on

2018-05-14 13:42:55 - [TEST_STEP][PASSED] - selectOptionByIndex: All options with index in [3] are selected on object 'Object Repository/MOH AND GRN/Page_KDMC - CMS/select_--Select--Schedule 1Inj'

2018-05-14 13:42:55 - [MESSAGE][PASSED] - All options with index in [3] are selected on object 'Object Repository/MOH AND GRN/Page_KDMC - CMS/select_--Select--Schedule 1Inj'

2018-05-14 13:42:55 - [TEST_STEP][PASSED] - selectOptionByIndex: All options with index in [30] are selected on object 'Object Repository/MOH AND GRN/Page_KDMC - CMS/select_--Select--Adernaline 0.'

2018-05-14 13:42:56 - [MESSAGE][PASSED] - All options with index in [30] are selected on object 'Object Repository/MOH AND GRN/Page_KDMC - CMS/select_--Select--Adernaline 0.'

2018-05-14 13:42:56 - [TEST_STEP][PASSED] - setText: Text '5000' is set on object 'Object Repository/MOH AND GRN/Page_KDMC - CMS/input_txttreat'

2018-05-14 13:42:56 - [MESSAGE][PASSED] - Text '5000' is set on object 'Object Repository/MOH AND GRN/Page_KDMC - CMS/input_txttreat'

2018-05-14 13:42:56 - [TEST_STEP][PASSED] - click: Object: 'Object Repository/MOH AND GRN/Page_KDMC - CMS/button_Add' is clicked on

2018-05-14 13:42:56 - [MESSAGE][PASSED] - Object: 'Object Repository/MOH AND GRN/Page_KDMC - CMS/button_Add' is clicked on

2018-05-14 13:42:56 - [TEST_STEP][PASSED] - selectOptionByIndex: All options with index in [3] are selected on object 'Object Repository/MOH AND GRN/Page_KDMC - CMS/select_--Select--Schedule 1Inj'

2018-05-14 13:42:56 - [MESSAGE][PASSED] - All options with index in [3] are selected on object 'Object Repository/MOH AND GRN/Page_KDMC - CMS/select_--Select--Schedule 1Inj'

2018-05-14 13:42:56 - [TEST_STEP][PASSED] - selectOptionByIndex: All options with index in [31] are selected on object 'Object Repository/MOH AND GRN/Page_KDMC - CMS/select_--Select--Adernaline 0.'

2018-05-14 13:42:56 - [MESSAGE][PASSED] - All options with index in [31] are selected on object 'Object Repository/MOH AND GRN/Page_KDMC - CMS/select_--Select--Adernaline 0.'

2018-05-14 13:42:56 - [TEST_STEP][PASSED] - setText: Text '5000' is set on object 'Object Repository/MOH AND GRN/Page_KDMC - CMS/input_txttreat'

2018-05-14 13:42:56 - [MESSAGE][PASSED] - Text '5000' is set on object 'Object Repository/MOH AND GRN/Page_KDMC - CMS/input_txttreat'

2018-05-14 13:42:56 - [TEST_STEP][PASSED] - click: Object: 'Object Repository/MOH AND GRN/Page_KDMC - CMS/button_Add' is clicked on

2018-05-14 13:42:56 - [MESSAGE][PASSED] - Object: 'Object Repository/MOH AND GRN/Page_KDMC - CMS/button_Add' is clicked on

2018-05-14 13:42:56 - [TEST_STEP][PASSED] - selectOptionByIndex: All options with index in [3] are selected on object 'Object Repository/MOH AND GRN/Page_KDMC - CMS/select_--Select--Schedule 1Inj'

2018-05-14 13:42:57 - [MESSAGE][PASSED] - All options with index in [3] are selected on object 'Object Repository/MOH AND GRN/Page_KDMC - CMS/select_--Select--Schedule 1Inj'

2018-05-14 13:42:57 - [TEST_STEP][PASSED] - selectOptionByIndex: All options with index in [32] are selected on object 'Object Repository/MOH AND GRN/Page_KDMC - CMS/select_--Select--Adernaline 0.'

2018-05-14 13:42:57 - [MESSAGE][PASSED] - All options with index in [32] are selected on object 'Object Repository/MOH AND GRN/Page_KDMC - CMS/select_--Select--Adernaline 0.'

2018-05-14 13:42:57 - [TEST_STEP][PASSED] - setText: Text '5000' is set on object 'Object Repository/MOH AND GRN/Page_KDMC - CMS/input_txttreat'

2018-05-14 13:42:57 - [MESSAGE][PASSED] - Text '5000' is set on object 'Object Repository/MOH AND GRN/Page_KDMC - CMS/input_txttreat'

2018-05-14 13:42:57 - [TEST_STEP][PASSED] - click: Object: 'Object Repository/MOH AND GRN/Page_KDMC - CMS/button_Add' is clicked on

2018-05-14 13:42:57 - [MESSAGE][PASSED] - Object: 'Object Repository/MOH AND GRN/Page_KDMC - CMS/button_Add' is clicked on

2018-05-14 13:42:57 - [TEST_STEP][PASSED] - selectOptionByIndex: All options with index in [3] are selected on object 'Object Repository/MOH AND GRN/Page_KDMC - CMS/select_--Select--Schedule 1Inj'

2018-05-14 13:42:57 - [MESSAGE][PASSED] - All options with index in [3] are selected on object 'Object Repository/MOH AND GRN/Page_KDMC - CMS/select_--Select--Schedule 1Inj'

2018-05-14 13:42:57 - [TEST_STEP][PASSED] - selectOptionByIndex: All options with index in [33] are selected on object 'Object Repository/MOH AND GRN/Page_KDMC - CMS/select_--Select--Adernaline 0.'

2018-05-14 13:42:58 - [MESSAGE][PASSED] - All options with index in [33] are selected on object 'Object Repository/MOH AND GRN/Page_KDMC - CMS/select_--Select--Adernaline 0.'

2018-05-14 13:42:58 - [TEST_STEP][PASSED] - setText: Text '5000' is set on object 'Object Repository/MOH AND GRN/Page_KDMC - CMS/input_txttreat'

2018-05-14 13:42:58 - [MESSAGE][PASSED] - Text '5000' is set on object 'Object Repository/MOH AND GRN/Page_KDMC - CMS/input_txttreat'

2018-05-14 13:42:58 - [TEST_STEP][PASSED] - click: Object: 'Object Repository/MOH AND GRN/Page_KDMC - CMS/button_Add' is clicked on

2018-05-14 13:42:58 - [MESSAGE][PASSED] - Object: 'Object Repository/MOH AND GRN/Page_KDMC - CMS/button_Add' is clicked on

2018-05-14 13:42:58 - [TEST_STEP][PASSED] - selectOptionByIndex: All options with index in [3] are selected on object 'Object Repository/MOH AND GRN/Page_KDMC - CMS/select_--Select--Schedule 1Inj'

2018-05-14 13:42:58 - [MESSAGE][PASSED] - All options with index in [3] are selected on object 'Object Repository/MOH AND GRN/Page_KDMC - CMS/select_--Select--Schedule 1Inj'

2018-05-14 13:42:58 - [TEST_STEP][PASSED] - selectOptionByIndex: All options with index in [34] are selected on object 'Object Repository/MOH AND GRN/Page_KDMC - CMS/select_--Select--Adernaline 0.'

2018-05-14 13:42:59 - [MESSAGE][PASSED] - All options with index in [34] are selected on object 'Object Repository/MOH AND GRN/Page_KDMC - CMS/select_--Select--Adernaline 0.'

2018-05-14 13:42:59 - [TEST_STEP][PASSED] - setText: Text '5000' is set on object 'Object Repository/MOH AND GRN/Page_KDMC - CMS/input_txttreat'

2018-05-14 13:42:59 - [MESSAGE][PASSED] - Text '5000' is set on object 'Object Repository/MOH AND GRN/Page_KDMC - CMS/input_txttreat'

2018-05-14 13:42:59 - [TEST_STEP][PASSED] - click: Object: 'Object Repository/MOH AND GRN/Page_KDMC - CMS/button_Add' is clicked on

2018-05-14 13:42:59 - [MESSAGE][PASSED] - Object: 'Object Repository/MOH AND GRN/Page_KDMC - CMS/button_Add' is clicked on

2018-05-14 13:42:59 - [TEST_STEP][PASSED] - selectOptionByIndex: All options with index in [3] are selected on object 'Object Repository/MOH AND GRN/Page_KDMC - CMS/select_--Select--Schedule 1Inj'

2018-05-14 13:42:59 - [MESSAGE][PASSED] - All options with index in [3] are selected on object 'Object Repository/MOH AND GRN/Page_KDMC - CMS/select_--Select--Schedule 1Inj'

2018-05-14 13:42:59 - [TEST_STEP][PASSED] - selectOptionByIndex: All options with index in [35] are selected on object 'Object Repository/MOH AND GRN/Page_KDMC - CMS/select_--Select--Adernaline 0.'

2018-05-14 13:42:59 - [MESSAGE][PASSED] - All options with index in [35] are selected on object 'Object Repository/MOH AND GRN/Page_KDMC - CMS/select_--Select--Adernaline 0.'

2018-05-14 13:42:59 - [TEST_STEP][PASSED] - setText: Text '5000' is set on object 'Object Repository/MOH AND GRN/Page_KDMC - CMS/input_txttreat'

2018-05-14 13:43:00 - [MESSAGE][PASSED] - Text '5000' is set on object 'Object Repository/MOH AND GRN/Page_KDMC - CMS/input_txttreat'

2018-05-14 13:43:00 - [TEST_STEP][PASSED] - click: Object: 'Object Repository/MOH AND GRN/Page_KDMC - CMS/button_Add' is clicked on

2018-05-14 13:43:00 - [MESSAGE][PASSED] - Object: 'Object Repository/MOH AND GRN/Page_KDMC - CMS/button_Add' is clicked on

2018-05-14 13:43:00 - [TEST_STEP][PASSED] - selectOptionByIndex: All options with index in [3] are selected on object 'Object Repository/MOH AND GRN/Page_KDMC - CMS/select_--Select--Schedule 1Inj'

2018-05-14 13:43:00 - [MESSAGE][PASSED] - All options with index in [3] are selected on object 'Object Repository/MOH AND GRN/Page_KDMC - CMS/select_--Select--Schedule 1Inj'

2018-05-14 13:43:00 - [TEST_STEP][PASSED] - selectOptionByIndex: All options with index in [36] are selected on object 'Object Repository/MOH AND GRN/Page_KDMC - CMS/select_--Select--Adernaline 0.'

2018-05-14 13:43:00 - [MESSAGE][PASSED] - All options with index in [36] are selected on object 'Object Repository/MOH AND GRN/Page_KDMC - CMS/select_--Select--Adernaline 0.'

2018-05-14 13:43:00 - [TEST_STEP][PASSED] - setText: Text '5000' is set on object 'Object Repository/MOH AND GRN/Page_KDMC - CMS/input_txttreat'

2018-05-14 13:43:00 - [MESSAGE][PASSED] - Text '5000' is set on object 'Object Repository/MOH AND GRN/Page_KDMC - CMS/input_txttreat'

2018-05-14 13:43:00 - [TEST_STEP][PASSED] - click: Object: 'Object Repository/MOH AND GRN/Page_KDMC - CMS/button_Add' is clicked on

2018-05-14 13:43:00 - [MESSAGE][PASSED] - Object: 'Object Repository/MOH AND GRN/Page_KDMC - CMS/button_Add' is clicked on

2018-05-14 13:43:00 - [TEST_STEP][PASSED] - scrollToElement: Scroll to object 'Object Repository/MOH AND GRN/Page_KDMC - CMS/input_btnsave' successfully

2018-05-14 13:43:01 - [MESSAGE][PASSED] - Scroll to object 'Object Repository/MOH AND GRN/Page_KDMC - CMS/input_btnsave' successfully

2018-05-14 13:43:01 - [TEST_STEP][PASSED] - click: Object: 'Object Repository/MOH AND GRN/Page_KDMC - CMS/input_btnsave' is clicked on

2018-05-14 13:43:01 - [MESSAGE][PASSED] - Object: 'Object Repository/MOH AND GRN/Page_KDMC - CMS/input_btnsave' is clicked on

2018-05-14 13:43:01 - [TEST_STEP][PASSED] - delay: Delayed 3 second(s)

2018-05-14 13:43:04 - [MESSAGE][PASSED] - Delayed 3 second(s)

2018-05-14 13:43:04 - [TEST_STEP][PASSED] - Statement - Request1 = com.kms.katalon.core.webui.keyword.WebUiBuiltInKeywords.getText(com.kms.katalon.core.testobject.ObjectRepository.findTestObject(MOH AND GRN/Page_KDMC - CMS/font_PRNO0505201876)): Text of object 'Object Repository/MOH AND GRN/Page_KDMC - CMS/font_PRNO0505201876' is: 'PRNO/14052018/235'

2018-05-14 13:43:04 - [MESSAGE][PASSED] - Text of object 'Object Repository/MOH AND GRN/Page_KDMC - CMS/font_PRNO0505201876' is: 'PRNO/14052018/235'

2018-05-14 13:43:04 - [TEST_STEP][PASSED] - Statement - out.println("Length OF The Medicine " + Request1): null

2018-05-14 13:43:04 - [TEST_STEP][PASSED] - Statement - RequestNUmber = Request1.split("/")[2].trim(): null

2018-05-14 13:43:04 - [TEST_STEP][PASSED] - Statement - out.println("ID IS " + RequestNUmber): null

2018-05-14 13:43:04 - [TEST_STEP][PASSED] - delay: Delayed 3 second(s)

2018-05-14 13:43:07 - [MESSAGE][PASSED] - Delayed 3 second(s)

2018-05-14 13:43:07 - [TEST_STEP][PASSED] - click: Object: 'Object Repository/MOH AND GRN/Page_KDMC - CMS/button_OK' is clicked on

2018-05-14 13:43:12 - [MESSAGE][PASSED] - Object: 'Object Repository/MOH AND GRN/Page_KDMC - CMS/button_OK' is clicked on

2018-05-14 13:43:12 - [TEST_STEP][PASSED] - click: Object: 'Object Repository/MOH AND GRN/Page_KDMC - CMS/a_dropdown-toggle' is clicked on

2018-05-14 13:43:13 - [MESSAGE][PASSED] - Object: 'Object Repository/MOH AND GRN/Page_KDMC - CMS/a_dropdown-toggle' is clicked on

2018-05-14 13:43:13 - [TEST_STEP][PASSED] - click: Object: 'Object Repository/MOH AND GRN/Page_KDMC - CMS/a_Sign out' is clicked on

2018-05-14 13:43:14 - [MESSAGE][PASSED] - Object: 'Object Repository/MOH AND GRN/Page_KDMC - CMS/a_Sign out' is clicked on

2018-05-14 13:43:14 - [TEST_STEP][PASSED] - delay: Delayed 4 second(s)

2018-05-14 13:43:18 - [MESSAGE][PASSED] - Delayed 4 second(s)

2018-05-14 13:43:18 - [TEST_STEP][PASSED] - click: Object: 'Object Repository/MOH AND GRN/Page_KDMC/a_Admin Master' is clicked on

2018-05-14 13:43:19 - [MESSAGE][PASSED] - Object: 'Object Repository/MOH AND GRN/Page_KDMC/a_Admin Master' is clicked on

2018-05-14 13:43:19 - [TEST_STEP][PASSED] - setText: Text 'admin' is set on object 'Object Repository/MOH AND GRN/Page_Admin login/input_txtusername'

2018-05-14 13:43:19 - [MESSAGE][PASSED] - Text 'admin' is set on object 'Object Repository/MOH AND GRN/Page_Admin login/input_txtusername'

2018-05-14 13:43:19 - [TEST_STEP][PASSED] - setText: Text 'admin123' is set on object 'Object Repository/MOH AND GRN/Page_Admin login/input_txtpassword'

2018-05-14 13:43:19 - [MESSAGE][PASSED] - Text 'admin123' is set on object 'Object Repository/MOH AND GRN/Page_Admin login/input_txtpassword'

2018-05-14 13:43:19 - [TEST_STEP][PASSED] - delay: Delayed 3 second(s)

2018-05-14 13:43:22 - [MESSAGE][PASSED] - Delayed 3 second(s)

2018-05-14 13:43:22 - [TEST_STEP][PASSED] - click: Object: 'Object Repository/MOH AND GRN/Page_Admin login/button_Sign in' is clicked on

2018-05-14 13:43:23 - [MESSAGE][PASSED] - Object: 'Object Repository/MOH AND GRN/Page_Admin login/button_Sign in' is clicked on

2018-05-14 13:43:23 - [TEST_STEP][PASSED] - delay: Delayed 20 second(s)

2018-05-14 13:43:43 - [MESSAGE][PASSED] - Delayed 20 second(s)

2018-05-14 13:43:43 - [TEST_STEP][PASSED] - scrollToPosition: Browser is scrolled to position x = 200, y = 200

2018-05-14 13:43:43 - [MESSAGE][PASSED] - Browser is scrolled to position x = 200, y = 200

2018-05-14 13:43:43 - [TEST_STEP][PASSED] - click: Object: 'Object Repository/MOH AND GRN/Page_KDMC/a_CMS_1' is clicked on

2018-05-14 13:43:43 - [MESSAGE][PASSED] - Object: 'Object Repository/MOH AND GRN/Page_KDMC/a_CMS_1' is clicked on

2018-05-14 13:43:43 - [TEST_STEP][PASSED] - click: Object: 'Object Repository/MOH AND GRN/Page_KDMC/a_Request List' is clicked on

2018-05-14 13:43:44 - [MESSAGE][PASSED] - Object: 'Object Repository/MOH AND GRN/Page_KDMC/a_Request List' is clicked on

2018-05-14 13:43:44 - [TEST_STEP][PASSED] - Statement - RequestNumberId = com.kms.katalon.core.webui.keyword.WebUiBuiltInKeywords.modifyObjectProperty(com.kms.katalon.core.testobject.ObjectRepository.findTestObject(MOH AND GRN/Page_KDMC - CMS/input_PO0032), "xpath", "equals", "//*[@id =" + RequestNUmber + "]", true): Modify property of object successfully

2018-05-14 13:43:44 - [MESSAGE][PASSED] - Modify property of object successfully

2018-05-14 13:43:44 - [TEST_STEP][PASSED] - click: Object: 'Object Repository/MOH AND GRN/Page_KDMC - CMS/input_PO0032' is clicked on

2018-05-14 13:43:45 - [MESSAGE][PASSED] - Object: 'Object Repository/MOH AND GRN/Page_KDMC - CMS/input_PO0032' is clicked on

2018-05-14 13:43:45 - [TEST_STEP][PASSED] - delay: Delayed 3 second(s)

2018-05-14 13:43:48 - [MESSAGE][PASSED] - Delayed 3 second(s)

2018-05-14 13:43:48 - [TEST_STEP][PASSED] - selectOptionByIndex: All options with index in [1] are selected on object 'Object Repository/MOH AND GRN/Page_KDMC/select_--Select--'

2018-05-14 13:43:48 - [MESSAGE][PASSED] - All options with index in [1] are selected on object 'Object Repository/MOH AND GRN/Page_KDMC/select_--Select--'

2018-05-14 13:43:48 - [TEST_STEP][PASSED] - click: Object: 'Object Repository/MOH AND GRN/Page_KDMC/input_btnupdate' is clicked on

2018-05-14 13:43:48 - [MESSAGE][PASSED] - Object: 'Object Repository/MOH AND GRN/Page_KDMC/input_btnupdate' is clicked on

2018-05-14 13:43:48 - [TEST_STEP][PASSED] - delay: Delayed 3 second(s)

2018-05-14 13:43:51 - [MESSAGE][PASSED] - Delayed 3 second(s)

2018-05-14 13:43:51 - [TEST_STEP][PASSED] - click: Object: 'Object Repository/MOH AND GRN/Page_KDMC/button_OK' is clicked on

2018-05-14 13:43:52 - [MESSAGE][PASSED] - Object: 'Object Repository/MOH AND GRN/Page_KDMC/button_OK' is clicked on

2018-05-14 13:43:52 - [TEST_STEP][PASSED] - delay: Delayed 3 second(s)

2018-05-14 13:43:55 - [MESSAGE][PASSED] - Delayed 3 second(s)

2018-05-14 13:43:55 - [TEST_STEP][PASSED] - scrollToPosition: Browser is scrolled to position x = 200, y = 200

2018-05-14 13:43:55 - [MESSAGE][PASSED] - Browser is scrolled to position x = 200, y = 200

2018-05-14 13:43:55 - [TEST_STEP][PASSED] - click: Object: 'Object Repository/MOH AND GRN/Page_KDMC/a_CMS_2' is clicked on

2018-05-14 13:43:55 - [MESSAGE][PASSED] - Object: 'Object Repository/MOH AND GRN/Page_KDMC/a_CMS_2' is clicked on

2018-05-14 13:43:55 - [TEST_STEP][PASSED] - delay: Delayed 2 second(s)

2018-05-14 13:43:57 - [MESSAGE][PASSED] - Delayed 2 second(s)

2018-05-14 13:43:57 - [TEST_STEP][PASSED] - click: Object: 'Object Repository/MOH AND GRN/Page_KDMC/a_Generate P.O' is clicked on

2018-05-14 13:43:57 - [MESSAGE][PASSED] - Object: 'Object Repository/MOH AND GRN/Page_KDMC/a_Generate P.O' is clicked on

2018-05-14 13:43:57 - [TEST_STEP][PASSED] - delay: Delayed 2 second(s)

2018-05-14 13:43:59 - [MESSAGE][PASSED] - Delayed 2 second(s)

2018-05-14 13:43:59 - [TEST_STEP][PASSED] - selectOptionByIndex: All options with index in [1] are selected on object 'Object Repository/MOH AND GRN/Page_KDMC/select_--Select--PRNO040520183'

2018-05-14 13:43:59 - [MESSAGE][PASSED] - All options with index in [1] are selected on object 'Object Repository/MOH AND GRN/Page_KDMC/select_--Select--PRNO040520183'

2018-05-14 13:43:59 - [TEST_STEP][PASSED] - selectOptionByIndex: All options with index in [6] are selected on object 'Object Repository/MOH AND GRN/Page_KDMC/select_--Select--Hamen Chandra'

2018-05-14 13:44:00 - [MESSAGE][PASSED] - All options with index in [6] are selected on object 'Object Repository/MOH AND GRN/Page_KDMC/select_--Select--Hamen Chandra'

2018-05-14 13:44:00 - [TEST_STEP][PASSED] - Statement - PONumber = com.kms.katalon.core.webui.keyword.WebUiBuiltInKeywords.getText(com.kms.katalon.core.testobject.ObjectRepository.findTestObject(MOH AND GRN/Page_KDMC/input_lblpono)).trim(): Text of object 'Object Repository/MOH AND GRN/Page_KDMC/input_lblpono' is: ''

2018-05-14 13:44:00 - [MESSAGE][PASSED] - Text of object 'Object Repository/MOH AND GRN/Page_KDMC/input_lblpono' is: ''

2018-05-14 13:44:00 - [TEST_STEP][PASSED] - Statement - PONumber1 = com.kms.katalon.core.webui.keyword.WebUiBuiltInKeywords.getAttribute(com.kms.katalon.core.testobject.ObjectRepository.findTestObject(MOH AND GRN/Page_KDMC/input_lblpono), "value").trim(): Attribute 'value' of object 'Object Repository/MOH AND GRN/Page_KDMC/input_lblpono' is: 'PO00116'

2018-05-14 13:44:00 - [MESSAGE][PASSED] - Attribute 'value' of object 'Object Repository/MOH AND GRN/Page_KDMC/input_lblpono' is: 'PO00116'

2018-05-14 13:44:00 - [TEST_STEP][PASSED] - Statement - out.println("PO NUMBER :" + PONumber): null

2018-05-14 13:44:00 - [TEST_STEP][PASSED] - Statement - out.println("PO NUMBER :" + PONumber1): null

2018-05-14 13:44:00 - [TEST_STEP][PASSED] - click: Object: 'Object Repository/MOH AND GRN/Page_KDMC/input_chkrem' is clicked on

2018-05-14 13:44:00 - [MESSAGE][PASSED] - Object: 'Object Repository/MOH AND GRN/Page_KDMC/input_chkrem' is clicked on

2018-05-14 13:44:00 - [TEST_STEP][PASSED] - scrollToElement: Scroll to object 'Object Repository/MOH AND GRN/Page_KDMC/input_btnreturn' successfully

2018-05-14 13:44:00 - [MESSAGE][PASSED] - Scroll to object 'Object Repository/MOH AND GRN/Page_KDMC/input_btnreturn' successfully

2018-05-14 13:44:00 - [TEST_STEP][PASSED] - click: Object: 'Object Repository/MOH AND GRN/Page_KDMC/input_btnreturn' is clicked on

2018-05-14 13:44:00 - [MESSAGE][PASSED] - Object: 'Object Repository/MOH AND GRN/Page_KDMC/input_btnreturn' is clicked on

2018-05-14 13:44:00 - [TEST_STEP][PASSED] - delay: Delayed 3 second(s)

2018-05-14 13:44:03 - [MESSAGE][PASSED] - Delayed 3 second(s)

2018-05-14 13:44:03 - [TEST_STEP][PASSED] - click: Object: 'Object Repository/MOH AND GRN/Page_KDMC/button_Yes' is clicked on

2018-05-14 13:44:03 - [MESSAGE][PASSED] - Object: 'Object Repository/MOH AND GRN/Page_KDMC/button_Yes' is clicked on

2018-05-14 13:44:03 - [TEST_STEP][PASSED] - delay: Delayed 3 second(s)

2018-05-14 13:44:06 - [MESSAGE][PASSED] - Delayed 3 second(s)

2018-05-14 13:44:06 - [TEST_STEP][PASSED] - click: Object: 'Object Repository/MOH AND GRN/Page_KDMC/button_OK' is clicked on

2018-05-14 13:44:07 - [MESSAGE][PASSED] - Object: 'Object Repository/MOH AND GRN/Page_KDMC/button_OK' is clicked on

2018-05-14 13:44:07 - [TEST_STEP][PASSED] - delay: Delayed 3 second(s)

2018-05-14 13:44:10 - [MESSAGE][PASSED] - Delayed 3 second(s)

2018-05-14 13:44:10 - [TEST_STEP][PASSED] - click: Object: 'Object Repository/MOH AND GRN/Page_KDMC/a_dropdown-toggle' is clicked on

2018-05-14 13:44:10 - [MESSAGE][PASSED] - Object: 'Object Repository/MOH AND GRN/Page_KDMC/a_dropdown-toggle' is clicked on

2018-05-14 13:44:10 - [TEST_STEP][PASSED] - click: Object: 'Object Repository/MOH AND GRN/Page_KDMC/a_Sign out' is clicked on

2018-05-14 13:44:10 - [MESSAGE][PASSED] - Object: 'Object Repository/MOH AND GRN/Page_KDMC/a_Sign out' is clicked on

2018-05-14 13:44:10 - [TEST_STEP][PASSED] - delay: Delayed 4 second(s)

2018-05-14 13:44:14 - [MESSAGE][PASSED] - Delayed 4 second(s)

2018-05-14 13:44:14 - [TEST_STEP][PASSED] - click: Object: 'Object Repository/MOH AND GRN/Page_KDMC/a_CMS' is clicked on

2018-05-14 13:44:15 - [MESSAGE][PASSED] - Object: 'Object Repository/MOH AND GRN/Page_KDMC/a_CMS' is clicked on

2018-05-14 13:44:15 - [TEST_STEP][PASSED] - setText: Text 'bala' is set on object 'Object Repository/MOH AND GRN/Page_CMS login/input_txtusername'

2018-05-14 13:44:15 - [MESSAGE][PASSED] - Text 'bala' is set on object 'Object Repository/MOH AND GRN/Page_CMS login/input_txtusername'

2018-05-14 13:44:15 - [TEST_STEP][PASSED] - setText: Text '123' is set on object 'Object Repository/MOH AND GRN/Page_CMS login/input_txtpassword'

2018-05-14 13:44:15 - [MESSAGE][PASSED] - Text '123' is set on object 'Object Repository/MOH AND GRN/Page_CMS login/input_txtpassword'

2018-05-14 13:44:15 - [TEST_STEP][PASSED] - delay: Delayed 3 second(s)

2018-05-14 13:44:18 - [MESSAGE][PASSED] - Delayed 3 second(s)

2018-05-14 13:44:18 - [TEST_STEP][PASSED] - click: Object: 'Object Repository/MOH AND GRN/Page_CMS login/button_Sign in' is clicked on

2018-05-14 13:44:19 - [MESSAGE][PASSED] - Object: 'Object Repository/MOH AND GRN/Page_CMS login/button_Sign in' is clicked on

2018-05-14 13:44:19 - [TEST_STEP][PASSED] - click: Object: 'Object Repository/MOH AND GRN/Page_KDMC - CMS/a_CMS Details' is clicked on

2018-05-14 13:44:19 - [MESSAGE][PASSED] - Object: 'Object Repository/MOH AND GRN/Page_KDMC - CMS/a_CMS Details' is clicked on

2018-05-14 13:44:19 - [TEST_STEP][PASSED] - delay: Delayed 2 second(s)

2018-05-14 13:44:21 - [MESSAGE][PASSED] - Delayed 2 second(s)

2018-05-14 13:44:21 - [TEST_STEP][PASSED] - click: Object: 'Object Repository/MOH AND GRN/Page_KDMC - CMS/a_Goods Receive' is clicked on

2018-05-14 13:44:21 - [MESSAGE][PASSED] - Object: 'Object Repository/MOH AND GRN/Page_KDMC - CMS/a_Goods Receive' is clicked on

2018-05-14 13:44:21 - [TEST_STEP][PASSED] - delay: Delayed 2 second(s)

2018-05-14 13:44:23 - [MESSAGE][PASSED] - Delayed 2 second(s)

2018-05-14 13:44:23 - [TEST_STEP][PASSED] - selectOptionByLabel: All options with label 'PO00116' are selected in object 'Object Repository/MOH AND GRN/Page_KDMC - CMS/select_--Select--PO0032PO0031P' 

2018-05-14 13:44:24 - [MESSAGE][PASSED] - All options with label 'PO00116' are selected in object 'Object Repository/MOH AND GRN/Page_KDMC - CMS/select_--Select--PO0032PO0031P' 

2018-05-14 13:44:24 - [TEST_STEP][PASSED] - setText: Finding Test Object with id 'Object Repository/MOH AND GRN/Page_KDMC - CMS/input_txtgrnno'

2018-05-14 13:44:24 - [TEST_STEP][PASSED] - Statement - switch (id): Text 'INV907.0' is set on object 'Object Repository/MOH AND GRN/Page_KDMC - CMS/input_txtgrnno'

2018-05-14 13:44:24 - [TEST_STEP][PASSED] - Statement - case 2:: Text 'INV907.0' is set on object 'Object Repository/MOH AND GRN/Page_KDMC - CMS/input_txtgrnno'

2018-05-14 13:44:24 - [TEST_STEP][PASSED] - Statement - return (java.lang.Math.floor((java.lang.Math.random() * ((max - min) + 1))) + min): Text 'INV907.0' is set on object 'Object Repository/MOH AND GRN/Page_KDMC - CMS/input_txtgrnno'

2018-05-14 13:44:24 - [MESSAGE][PASSED] - Text 'INV907.0' is set on object 'Object Repository/MOH AND GRN/Page_KDMC - CMS/input_txtgrnno'

2018-05-14 13:44:24 - [TEST_STEP][PASSED] - selectOptionByIndex: All options with index in [1] are selected on object 'Object Repository/MOH AND GRN/Page_KDMC - CMS/select_--Select--PERUMAL PHARM'

2018-05-14 13:44:24 - [MESSAGE][PASSED] - All options with index in [1] are selected on object 'Object Repository/MOH AND GRN/Page_KDMC - CMS/select_--Select--PERUMAL PHARM'

2018-05-14 13:44:24 - [TEST_STEP][PASSED] - setText: Text '10000' is set on object 'Object Repository/MOH AND GRN/Page_KDMC - CMS/input_txtgrnno_1'

2018-05-14 13:44:24 - [MESSAGE][PASSED] - Text '10000' is set on object 'Object Repository/MOH AND GRN/Page_KDMC - CMS/input_txtgrnno_1'

2018-05-14 13:44:24 - [TEST_STEP][PASSED] - setText: Text '550' is set on object 'Object Repository/MOH AND GRN/Page_KDMC - CMS/input_txtgrnno_2'

2018-05-14 13:44:24 - [MESSAGE][PASSED] - Text '550' is set on object 'Object Repository/MOH AND GRN/Page_KDMC - CMS/input_txtgrnno_2'

2018-05-14 13:44:24 - [TEST_STEP][PASSED] - setText: Finding Test Object with id 'Object Repository/MOH AND GRN/Page_KDMC - CMS/input_txtgrnno_3'

2018-05-14 13:44:24 - [TEST_STEP][PASSED] - Statement - switch (id): Text 'CH789.0' is set on object 'Object Repository/MOH AND GRN/Page_KDMC - CMS/input_txtgrnno_3'

2018-05-14 13:44:24 - [TEST_STEP][PASSED] - Statement - case 3:: Text 'CH789.0' is set on object 'Object Repository/MOH AND GRN/Page_KDMC - CMS/input_txtgrnno_3'

2018-05-14 13:44:24 - [TEST_STEP][PASSED] - Statement - return (java.lang.Math.floor((java.lang.Math.random() * ((max - min) + 1))) + min): Text 'CH789.0' is set on object 'Object Repository/MOH AND GRN/Page_KDMC - CMS/input_txtgrnno_3'

2018-05-14 13:44:24 - [MESSAGE][PASSED] - Text 'CH789.0' is set on object 'Object Repository/MOH AND GRN/Page_KDMC - CMS/input_txtgrnno_3'

2018-05-14 13:44:24 - [TEST_STEP][PASSED] - scrollToPosition: Browser is scrolled to position x = 200, y = 200

2018-05-14 13:44:24 - [MESSAGE][PASSED] - Browser is scrolled to position x = 200, y = 200

2018-05-14 13:44:24 - [TEST_STEP][PASSED] - Statement - GrnLength = com.kms.katalon.core.webui.keyword.WebUiBuiltInKeywords.getNumberOfTotalOption(com.kms.katalon.core.testobject.ObjectRepository.findTestObject(MOH AND GRN/Page_KDMC - CMS/select_--Select--Amikacin -500)): 37 options of object 'Object Repository/MOH AND GRN/Page_KDMC - CMS/select_--Select--Amikacin -500' counted

2018-05-14 13:44:25 - [MESSAGE][PASSED] - 37 options of object 'Object Repository/MOH AND GRN/Page_KDMC - CMS/select_--Select--Amikacin -500' counted

2018-05-14 13:44:25 - [TEST_STEP][PASSED] - Statement - out.println("Length OF The Medicine " + GrnLength): null

2018-05-14 13:44:25 - [TEST_STEP][PASSED] - Statement - s = 1: null

2018-05-14 13:44:25 - [TEST_STEP][PASSED] - Statement - For ([t = 1, t < GrnLength, (t++)]): Finding Test Object with id 'Object Repository/MOH AND GRN/Page_KDMC - CMS/input_txtmrp'

2018-05-14 13:44:25 - [TEST_STEP][PASSED] - selectOptionByIndex: All options with index in [1] are selected on object 'Object Repository/MOH AND GRN/Page_KDMC - CMS/select_--Select--Amikacin -500'

2018-05-14 13:44:25 - [MESSAGE][PASSED] - All options with index in [1] are selected on object 'Object Repository/MOH AND GRN/Page_KDMC - CMS/select_--Select--Amikacin -500'

2018-05-14 13:44:25 - [TEST_STEP][PASSED] - setText: Text '5000' is set on object 'Object Repository/MOH AND GRN/Page_KDMC - CMS/input_txtqty'

2018-05-14 13:44:25 - [MESSAGE][PASSED] - Text '5000' is set on object 'Object Repository/MOH AND GRN/Page_KDMC - CMS/input_txtqty'

2018-05-14 13:44:25 - [TEST_STEP][PASSED] - selectOptionByIndex: All options with index in [1] are selected on object 'Object Repository/MOH AND GRN/Page_KDMC - CMS/select_--Select--No Tax0'

2018-05-14 13:44:25 - [MESSAGE][PASSED] - All options with index in [1] are selected on object 'Object Repository/MOH AND GRN/Page_KDMC - CMS/select_--Select--No Tax0'

2018-05-14 13:44:25 - [TEST_STEP][PASSED] - setText: Finding Test Object with id 'Object Repository/MOH AND GRN/Page_KDMC - CMS/input_txtmrp'

2018-05-14 13:44:25 - [TEST_STEP][PASSED] - Statement - switch (id): Finding Test Object with id 'Object Repository/MOH AND GRN/Page_KDMC - CMS/input_txtdeal'

2018-05-14 13:44:25 - [TEST_STEP][PASSED] - Statement - case 4:: Text '34.0' is set on object 'Object Repository/MOH AND GRN/Page_KDMC - CMS/input_txtmrp'

2018-05-14 13:44:25 - [TEST_STEP][PASSED] - Statement - return (java.lang.Math.floor((java.lang.Math.random() * ((max - min) + 1))) + min): Text '34.0' is set on object 'Object Repository/MOH AND GRN/Page_KDMC - CMS/input_txtmrp'

2018-05-14 13:44:25 - [MESSAGE][PASSED] - Text '34.0' is set on object 'Object Repository/MOH AND GRN/Page_KDMC - CMS/input_txtmrp'

2018-05-14 13:44:25 - [TEST_STEP][PASSED] - setText: Finding Test Object with id 'Object Repository/MOH AND GRN/Page_KDMC - CMS/input_txtdeal'

2018-05-14 13:44:25 - [TEST_STEP][PASSED] - Statement - switch (id): Finding Test Object with id 'Object Repository/MOH AND GRN/Page_KDMC - CMS/input_txtbatchno'

2018-05-14 13:44:25 - [TEST_STEP][PASSED] - Statement - case 5:: Text '1.0' is set on object 'Object Repository/MOH AND GRN/Page_KDMC - CMS/input_txtdeal'

2018-05-14 13:44:25 - [TEST_STEP][PASSED] - Statement - return (java.lang.Math.floor((java.lang.Math.random() * ((max - min) + 1))) + min): Text '1.0' is set on object 'Object Repository/MOH AND GRN/Page_KDMC - CMS/input_txtdeal'

2018-05-14 13:44:25 - [MESSAGE][PASSED] - Text '1.0' is set on object 'Object Repository/MOH AND GRN/Page_KDMC - CMS/input_txtdeal'

2018-05-14 13:44:25 - [TEST_STEP][PASSED] - setText: Finding Test Object with id 'Object Repository/MOH AND GRN/Page_KDMC - CMS/input_txtbatchno'

2018-05-14 13:44:25 - [TEST_STEP][PASSED] - Statement - switch (id): Finding Test Object with id 'Object Repository/MOH AND GRN/Page_KDMC - CMS/input_txtmrp'

2018-05-14 13:44:25 - [TEST_STEP][PASSED] - Statement - case 1:: Text 'BA416.0' is set on object 'Object Repository/MOH AND GRN/Page_KDMC - CMS/input_txtbatchno'

2018-05-14 13:44:25 - [TEST_STEP][PASSED] - Statement - return (java.lang.Math.floor((java.lang.Math.random() * ((max - min) + 1))) + min): Text 'BA416.0' is set on object 'Object Repository/MOH AND GRN/Page_KDMC - CMS/input_txtbatchno'

2018-05-14 13:44:25 - [MESSAGE][PASSED] - Text 'BA416.0' is set on object 'Object Repository/MOH AND GRN/Page_KDMC - CMS/input_txtbatchno'

2018-05-14 13:44:25 - [TEST_STEP][PASSED] - rightClick: Object: 'Object Repository/GRN/Page_KDMC - CMS/input_txtexpdate' is right clicked on

2018-05-14 13:44:26 - [MESSAGE][PASSED] - Object: 'Object Repository/GRN/Page_KDMC - CMS/input_txtexpdate' is right clicked on

2018-05-14 13:44:26 - [TEST_STEP][PASSED] - selectOptionByIndex: All options with index in [1] are selected on object 'Object Repository/GRN/Page_KDMC - CMS/select_20182019202020212022202'

2018-05-14 13:44:26 - [MESSAGE][PASSED] - All options with index in [1] are selected on object 'Object Repository/GRN/Page_KDMC - CMS/select_20182019202020212022202'

2018-05-14 13:44:26 - [TEST_STEP][PASSED] - selectOptionByIndex: All options with index in [1] are selected on object 'Object Repository/GRN/Page_KDMC - CMS/select_JanFebMarAprMayJunJulAu'

2018-05-14 13:44:26 - [MESSAGE][PASSED] - All options with index in [1] are selected on object 'Object Repository/GRN/Page_KDMC - CMS/select_JanFebMarAprMayJunJulAu'

2018-05-14 13:44:26 - [TEST_STEP][PASSED] - click: Object: 'Object Repository/MOH AND GRN/Page_KDMC - CMS/a_12' is clicked on

2018-05-14 13:44:26 - [MESSAGE][PASSED] - Object: 'Object Repository/MOH AND GRN/Page_KDMC - CMS/a_12' is clicked on

2018-05-14 13:44:26 - [TEST_STEP][PASSED] - click: Object: 'Object Repository/MOH AND GRN/Page_KDMC - CMS/input_btnadd' is clicked on

2018-05-14 13:44:26 - [MESSAGE][PASSED] - Object: 'Object Repository/MOH AND GRN/Page_KDMC - CMS/input_btnadd' is clicked on

2018-05-14 13:44:26 - [TEST_STEP][PASSED] - Statement - If (s == 10): null

2018-05-14 13:44:26 - [TEST_STEP][PASSED] - Statement - Else: null

2018-05-14 13:44:26 - [TEST_STEP][PASSED] - Statement - (s++): null

2018-05-14 13:44:26 - [TEST_STEP][PASSED] - delay: Delayed 1 second(s)

2018-05-14 13:44:27 - [MESSAGE][PASSED] - Delayed 1 second(s)

2018-05-14 13:44:27 - [TEST_STEP][PASSED] - selectOptionByIndex: All options with index in [2] are selected on object 'Object Repository/MOH AND GRN/Page_KDMC - CMS/select_--Select--Amikacin -500'

2018-05-14 13:44:27 - [MESSAGE][PASSED] - All options with index in [2] are selected on object 'Object Repository/MOH AND GRN/Page_KDMC - CMS/select_--Select--Amikacin -500'

2018-05-14 13:44:27 - [TEST_STEP][PASSED] - setText: Text '5000' is set on object 'Object Repository/MOH AND GRN/Page_KDMC - CMS/input_txtqty'

2018-05-14 13:44:27 - [MESSAGE][PASSED] - Text '5000' is set on object 'Object Repository/MOH AND GRN/Page_KDMC - CMS/input_txtqty'

2018-05-14 13:44:27 - [TEST_STEP][PASSED] - selectOptionByIndex: All options with index in [1] are selected on object 'Object Repository/MOH AND GRN/Page_KDMC - CMS/select_--Select--No Tax0'

2018-05-14 13:44:28 - [MESSAGE][PASSED] - All options with index in [1] are selected on object 'Object Repository/MOH AND GRN/Page_KDMC - CMS/select_--Select--No Tax0'

2018-05-14 13:44:28 - [TEST_STEP][PASSED] - setText: Finding Test Object with id 'Object Repository/MOH AND GRN/Page_KDMC - CMS/input_txtmrp'

2018-05-14 13:44:28 - [TEST_STEP][PASSED] - Statement - switch (id): Finding Test Object with id 'Object Repository/MOH AND GRN/Page_KDMC - CMS/input_txtdeal'

2018-05-14 13:44:28 - [TEST_STEP][PASSED] - Statement - case 4:: Text '15.0' is set on object 'Object Repository/MOH AND GRN/Page_KDMC - CMS/input_txtmrp'

2018-05-14 13:44:28 - [TEST_STEP][PASSED] - Statement - return (java.lang.Math.floor((java.lang.Math.random() * ((max - min) + 1))) + min): Text '15.0' is set on object 'Object Repository/MOH AND GRN/Page_KDMC - CMS/input_txtmrp'

2018-05-14 13:44:28 - [MESSAGE][PASSED] - Text '15.0' is set on object 'Object Repository/MOH AND GRN/Page_KDMC - CMS/input_txtmrp'

2018-05-14 13:44:28 - [TEST_STEP][PASSED] - setText: Finding Test Object with id 'Object Repository/MOH AND GRN/Page_KDMC - CMS/input_txtdeal'

2018-05-14 13:44:28 - [TEST_STEP][PASSED] - Statement - switch (id): Finding Test Object with id 'Object Repository/MOH AND GRN/Page_KDMC - CMS/input_txtbatchno'

2018-05-14 13:44:28 - [TEST_STEP][PASSED] - Statement - case 5:: Text '11.0' is set on object 'Object Repository/MOH AND GRN/Page_KDMC - CMS/input_txtdeal'

2018-05-14 13:44:28 - [TEST_STEP][PASSED] - Statement - return (java.lang.Math.floor((java.lang.Math.random() * ((max - min) + 1))) + min): Text '11.0' is set on object 'Object Repository/MOH AND GRN/Page_KDMC - CMS/input_txtdeal'

2018-05-14 13:44:28 - [MESSAGE][PASSED] - Text '11.0' is set on object 'Object Repository/MOH AND GRN/Page_KDMC - CMS/input_txtdeal'

2018-05-14 13:44:28 - [TEST_STEP][PASSED] - setText: Finding Test Object with id 'Object Repository/MOH AND GRN/Page_KDMC - CMS/input_txtbatchno'

2018-05-14 13:44:28 - [TEST_STEP][PASSED] - Statement - switch (id): Finding Test Object with id 'Object Repository/MOH AND GRN/Page_KDMC - CMS/input_txtmrp'

2018-05-14 13:44:28 - [TEST_STEP][PASSED] - Statement - case 1:: Text 'BA476.0' is set on object 'Object Repository/MOH AND GRN/Page_KDMC - CMS/input_txtbatchno'

2018-05-14 13:44:28 - [TEST_STEP][PASSED] - Statement - return (java.lang.Math.floor((java.lang.Math.random() * ((max - min) + 1))) + min): Text 'BA476.0' is set on object 'Object Repository/MOH AND GRN/Page_KDMC - CMS/input_txtbatchno'

2018-05-14 13:44:28 - [MESSAGE][PASSED] - Text 'BA476.0' is set on object 'Object Repository/MOH AND GRN/Page_KDMC - CMS/input_txtbatchno'

2018-05-14 13:44:28 - [TEST_STEP][PASSED] - rightClick: Object: 'Object Repository/GRN/Page_KDMC - CMS/input_txtexpdate' is right clicked on

2018-05-14 13:44:28 - [MESSAGE][PASSED] - Object: 'Object Repository/GRN/Page_KDMC - CMS/input_txtexpdate' is right clicked on

2018-05-14 13:44:28 - [TEST_STEP][PASSED] - selectOptionByIndex: All options with index in [2] are selected on object 'Object Repository/GRN/Page_KDMC - CMS/select_20182019202020212022202'

2018-05-14 13:44:28 - [MESSAGE][PASSED] - All options with index in [2] are selected on object 'Object Repository/GRN/Page_KDMC - CMS/select_20182019202020212022202'

2018-05-14 13:44:28 - [TEST_STEP][PASSED] - selectOptionByIndex: All options with index in [2] are selected on object 'Object Repository/GRN/Page_KDMC - CMS/select_JanFebMarAprMayJunJulAu'

2018-05-14 13:44:28 - [MESSAGE][PASSED] - All options with index in [2] are selected on object 'Object Repository/GRN/Page_KDMC - CMS/select_JanFebMarAprMayJunJulAu'

2018-05-14 13:44:28 - [TEST_STEP][PASSED] - click: Object: 'Object Repository/MOH AND GRN/Page_KDMC - CMS/a_12' is clicked on

2018-05-14 13:44:28 - [MESSAGE][PASSED] - Object: 'Object Repository/MOH AND GRN/Page_KDMC - CMS/a_12' is clicked on

2018-05-14 13:44:28 - [TEST_STEP][PASSED] - click: Object: 'Object Repository/MOH AND GRN/Page_KDMC - CMS/input_btnadd' is clicked on

2018-05-14 13:44:28 - [MESSAGE][PASSED] - Object: 'Object Repository/MOH AND GRN/Page_KDMC - CMS/input_btnadd' is clicked on

2018-05-14 13:44:28 - [TEST_STEP][PASSED] - Statement - If (s == 10): null

2018-05-14 13:44:28 - [TEST_STEP][PASSED] - Statement - Else: null

2018-05-14 13:44:28 - [TEST_STEP][PASSED] - Statement - (s++): null

2018-05-14 13:44:28 - [TEST_STEP][PASSED] - delay: Delayed 1 second(s)

2018-05-14 13:44:29 - [MESSAGE][PASSED] - Delayed 1 second(s)

2018-05-14 13:44:29 - [TEST_STEP][PASSED] - selectOptionByIndex: All options with index in [3] are selected on object 'Object Repository/MOH AND GRN/Page_KDMC - CMS/select_--Select--Amikacin -500'

2018-05-14 13:44:30 - [MESSAGE][PASSED] - All options with index in [3] are selected on object 'Object Repository/MOH AND GRN/Page_KDMC - CMS/select_--Select--Amikacin -500'

2018-05-14 13:44:30 - [TEST_STEP][PASSED] - setText: Text '5000' is set on object 'Object Repository/MOH AND GRN/Page_KDMC - CMS/input_txtqty'

2018-05-14 13:44:30 - [MESSAGE][PASSED] - Text '5000' is set on object 'Object Repository/MOH AND GRN/Page_KDMC - CMS/input_txtqty'

2018-05-14 13:44:30 - [TEST_STEP][PASSED] - selectOptionByIndex: All options with index in [1] are selected on object 'Object Repository/MOH AND GRN/Page_KDMC - CMS/select_--Select--No Tax0'

2018-05-14 13:44:30 - [MESSAGE][PASSED] - All options with index in [1] are selected on object 'Object Repository/MOH AND GRN/Page_KDMC - CMS/select_--Select--No Tax0'

2018-05-14 13:44:30 - [TEST_STEP][PASSED] - setText: Finding Test Object with id 'Object Repository/MOH AND GRN/Page_KDMC - CMS/input_txtmrp'

2018-05-14 13:44:30 - [TEST_STEP][PASSED] - Statement - switch (id): Finding Test Object with id 'Object Repository/MOH AND GRN/Page_KDMC - CMS/input_txtdeal'

2018-05-14 13:44:30 - [TEST_STEP][PASSED] - Statement - case 4:: Text '34.0' is set on object 'Object Repository/MOH AND GRN/Page_KDMC - CMS/input_txtmrp'

2018-05-14 13:44:30 - [TEST_STEP][PASSED] - Statement - return (java.lang.Math.floor((java.lang.Math.random() * ((max - min) + 1))) + min): Text '34.0' is set on object 'Object Repository/MOH AND GRN/Page_KDMC - CMS/input_txtmrp'

2018-05-14 13:44:30 - [MESSAGE][PASSED] - Text '34.0' is set on object 'Object Repository/MOH AND GRN/Page_KDMC - CMS/input_txtmrp'

2018-05-14 13:44:30 - [TEST_STEP][PASSED] - setText: Finding Test Object with id 'Object Repository/MOH AND GRN/Page_KDMC - CMS/input_txtdeal'

2018-05-14 13:44:30 - [TEST_STEP][PASSED] - Statement - switch (id): Finding Test Object with id 'Object Repository/MOH AND GRN/Page_KDMC - CMS/input_txtbatchno'

2018-05-14 13:44:30 - [TEST_STEP][PASSED] - Statement - case 5:: Text '8.0' is set on object 'Object Repository/MOH AND GRN/Page_KDMC - CMS/input_txtdeal'

2018-05-14 13:44:30 - [TEST_STEP][PASSED] - Statement - return (java.lang.Math.floor((java.lang.Math.random() * ((max - min) + 1))) + min): Text '8.0' is set on object 'Object Repository/MOH AND GRN/Page_KDMC - CMS/input_txtdeal'

2018-05-14 13:44:30 - [MESSAGE][PASSED] - Text '8.0' is set on object 'Object Repository/MOH AND GRN/Page_KDMC - CMS/input_txtdeal'

2018-05-14 13:44:30 - [TEST_STEP][PASSED] - setText: Finding Test Object with id 'Object Repository/MOH AND GRN/Page_KDMC - CMS/input_txtbatchno'

2018-05-14 13:44:30 - [TEST_STEP][PASSED] - Statement - switch (id): Finding Test Object with id 'Object Repository/MOH AND GRN/Page_KDMC - CMS/input_txtmrp'

2018-05-14 13:44:30 - [TEST_STEP][PASSED] - Statement - case 1:: Text 'BA584.0' is set on object 'Object Repository/MOH AND GRN/Page_KDMC - CMS/input_txtbatchno'

2018-05-14 13:44:30 - [TEST_STEP][PASSED] - Statement - return (java.lang.Math.floor((java.lang.Math.random() * ((max - min) + 1))) + min): Text 'BA584.0' is set on object 'Object Repository/MOH AND GRN/Page_KDMC - CMS/input_txtbatchno'

2018-05-14 13:44:30 - [MESSAGE][PASSED] - Text 'BA584.0' is set on object 'Object Repository/MOH AND GRN/Page_KDMC - CMS/input_txtbatchno'

2018-05-14 13:44:30 - [TEST_STEP][PASSED] - rightClick: Object: 'Object Repository/GRN/Page_KDMC - CMS/input_txtexpdate' is right clicked on

2018-05-14 13:44:30 - [MESSAGE][PASSED] - Object: 'Object Repository/GRN/Page_KDMC - CMS/input_txtexpdate' is right clicked on

2018-05-14 13:44:30 - [TEST_STEP][PASSED] - selectOptionByIndex: All options with index in [3] are selected on object 'Object Repository/GRN/Page_KDMC - CMS/select_20182019202020212022202'

2018-05-14 13:44:31 - [MESSAGE][PASSED] - All options with index in [3] are selected on object 'Object Repository/GRN/Page_KDMC - CMS/select_20182019202020212022202'

2018-05-14 13:44:31 - [TEST_STEP][PASSED] - selectOptionByIndex: All options with index in [3] are selected on object 'Object Repository/GRN/Page_KDMC - CMS/select_JanFebMarAprMayJunJulAu'

2018-05-14 13:44:31 - [MESSAGE][PASSED] - All options with index in [3] are selected on object 'Object Repository/GRN/Page_KDMC - CMS/select_JanFebMarAprMayJunJulAu'

2018-05-14 13:44:31 - [TEST_STEP][PASSED] - click: Object: 'Object Repository/MOH AND GRN/Page_KDMC - CMS/a_12' is clicked on

2018-05-14 13:44:31 - [MESSAGE][PASSED] - Object: 'Object Repository/MOH AND GRN/Page_KDMC - CMS/a_12' is clicked on

2018-05-14 13:44:31 - [TEST_STEP][PASSED] - click: Object: 'Object Repository/MOH AND GRN/Page_KDMC - CMS/input_btnadd' is clicked on

2018-05-14 13:44:31 - [MESSAGE][PASSED] - Object: 'Object Repository/MOH AND GRN/Page_KDMC - CMS/input_btnadd' is clicked on

2018-05-14 13:44:31 - [TEST_STEP][PASSED] - Statement - If (s == 10): null

2018-05-14 13:44:31 - [TEST_STEP][PASSED] - Statement - Else: null

2018-05-14 13:44:31 - [TEST_STEP][PASSED] - Statement - (s++): null

2018-05-14 13:44:31 - [TEST_STEP][PASSED] - delay: Delayed 1 second(s)

2018-05-14 13:44:32 - [MESSAGE][PASSED] - Delayed 1 second(s)

2018-05-14 13:44:32 - [TEST_STEP][PASSED] - selectOptionByIndex: All options with index in [4] are selected on object 'Object Repository/MOH AND GRN/Page_KDMC - CMS/select_--Select--Amikacin -500'

2018-05-14 13:44:32 - [MESSAGE][PASSED] - All options with index in [4] are selected on object 'Object Repository/MOH AND GRN/Page_KDMC - CMS/select_--Select--Amikacin -500'

2018-05-14 13:44:32 - [TEST_STEP][PASSED] - setText: Text '5000' is set on object 'Object Repository/MOH AND GRN/Page_KDMC - CMS/input_txtqty'

2018-05-14 13:44:32 - [MESSAGE][PASSED] - Text '5000' is set on object 'Object Repository/MOH AND GRN/Page_KDMC - CMS/input_txtqty'

2018-05-14 13:44:32 - [TEST_STEP][PASSED] - selectOptionByIndex: All options with index in [1] are selected on object 'Object Repository/MOH AND GRN/Page_KDMC - CMS/select_--Select--No Tax0'

2018-05-14 13:44:32 - [MESSAGE][PASSED] - All options with index in [1] are selected on object 'Object Repository/MOH AND GRN/Page_KDMC - CMS/select_--Select--No Tax0'

2018-05-14 13:44:32 - [TEST_STEP][PASSED] - setText: Finding Test Object with id 'Object Repository/MOH AND GRN/Page_KDMC - CMS/input_txtmrp'

2018-05-14 13:44:32 - [TEST_STEP][PASSED] - Statement - switch (id): Finding Test Object with id 'Object Repository/MOH AND GRN/Page_KDMC - CMS/input_txtdeal'

2018-05-14 13:44:32 - [TEST_STEP][PASSED] - Statement - case 4:: Text '39.0' is set on object 'Object Repository/MOH AND GRN/Page_KDMC - CMS/input_txtmrp'

2018-05-14 13:44:32 - [TEST_STEP][PASSED] - Statement - return (java.lang.Math.floor((java.lang.Math.random() * ((max - min) + 1))) + min): Text '39.0' is set on object 'Object Repository/MOH AND GRN/Page_KDMC - CMS/input_txtmrp'

2018-05-14 13:44:32 - [MESSAGE][PASSED] - Text '39.0' is set on object 'Object Repository/MOH AND GRN/Page_KDMC - CMS/input_txtmrp'

2018-05-14 13:44:32 - [TEST_STEP][PASSED] - setText: Finding Test Object with id 'Object Repository/MOH AND GRN/Page_KDMC - CMS/input_txtdeal'

2018-05-14 13:44:32 - [TEST_STEP][PASSED] - Statement - switch (id): Finding Test Object with id 'Object Repository/MOH AND GRN/Page_KDMC - CMS/input_txtbatchno'

2018-05-14 13:44:32 - [TEST_STEP][PASSED] - Statement - case 5:: Text '12.0' is set on object 'Object Repository/MOH AND GRN/Page_KDMC - CMS/input_txtdeal'

2018-05-14 13:44:32 - [TEST_STEP][PASSED] - Statement - return (java.lang.Math.floor((java.lang.Math.random() * ((max - min) + 1))) + min): Text '12.0' is set on object 'Object Repository/MOH AND GRN/Page_KDMC - CMS/input_txtdeal'

2018-05-14 13:44:33 - [MESSAGE][PASSED] - Text '12.0' is set on object 'Object Repository/MOH AND GRN/Page_KDMC - CMS/input_txtdeal'

2018-05-14 13:44:33 - [TEST_STEP][PASSED] - setText: Finding Test Object with id 'Object Repository/MOH AND GRN/Page_KDMC - CMS/input_txtbatchno'

2018-05-14 13:44:33 - [TEST_STEP][PASSED] - Statement - switch (id): Finding Test Object with id 'Object Repository/MOH AND GRN/Page_KDMC - CMS/input_txtmrp'

2018-05-14 13:44:33 - [TEST_STEP][PASSED] - Statement - case 1:: Text 'BA657.0' is set on object 'Object Repository/MOH AND GRN/Page_KDMC - CMS/input_txtbatchno'

2018-05-14 13:44:33 - [TEST_STEP][PASSED] - Statement - return (java.lang.Math.floor((java.lang.Math.random() * ((max - min) + 1))) + min): Text 'BA657.0' is set on object 'Object Repository/MOH AND GRN/Page_KDMC - CMS/input_txtbatchno'

2018-05-14 13:44:33 - [MESSAGE][PASSED] - Text 'BA657.0' is set on object 'Object Repository/MOH AND GRN/Page_KDMC - CMS/input_txtbatchno'

2018-05-14 13:44:33 - [TEST_STEP][PASSED] - rightClick: Object: 'Object Repository/GRN/Page_KDMC - CMS/input_txtexpdate' is right clicked on

2018-05-14 13:44:33 - [MESSAGE][PASSED] - Object: 'Object Repository/GRN/Page_KDMC - CMS/input_txtexpdate' is right clicked on

2018-05-14 13:44:33 - [TEST_STEP][PASSED] - selectOptionByIndex: All options with index in [4] are selected on object 'Object Repository/GRN/Page_KDMC - CMS/select_20182019202020212022202'

2018-05-14 13:44:33 - [MESSAGE][PASSED] - All options with index in [4] are selected on object 'Object Repository/GRN/Page_KDMC - CMS/select_20182019202020212022202'

2018-05-14 13:44:33 - [TEST_STEP][PASSED] - selectOptionByIndex: All options with index in [4] are selected on object 'Object Repository/GRN/Page_KDMC - CMS/select_JanFebMarAprMayJunJulAu'

2018-05-14 13:44:33 - [MESSAGE][PASSED] - All options with index in [4] are selected on object 'Object Repository/GRN/Page_KDMC - CMS/select_JanFebMarAprMayJunJulAu'

2018-05-14 13:44:33 - [TEST_STEP][PASSED] - click: Object: 'Object Repository/MOH AND GRN/Page_KDMC - CMS/a_12' is clicked on

2018-05-14 13:44:33 - [MESSAGE][PASSED] - Object: 'Object Repository/MOH AND GRN/Page_KDMC - CMS/a_12' is clicked on

2018-05-14 13:44:33 - [TEST_STEP][PASSED] - click: Object: 'Object Repository/MOH AND GRN/Page_KDMC - CMS/input_btnadd' is clicked on

2018-05-14 13:44:33 - [MESSAGE][PASSED] - Object: 'Object Repository/MOH AND GRN/Page_KDMC - CMS/input_btnadd' is clicked on

2018-05-14 13:44:33 - [TEST_STEP][PASSED] - Statement - If (s == 10): null

2018-05-14 13:44:33 - [TEST_STEP][PASSED] - Statement - Else: null

2018-05-14 13:44:33 - [TEST_STEP][PASSED] - Statement - (s++): null

2018-05-14 13:44:33 - [TEST_STEP][PASSED] - delay: Delayed 1 second(s)

2018-05-14 13:44:34 - [MESSAGE][PASSED] - Delayed 1 second(s)

2018-05-14 13:44:34 - [TEST_STEP][PASSED] - selectOptionByIndex: All options with index in [5] are selected on object 'Object Repository/MOH AND GRN/Page_KDMC - CMS/select_--Select--Amikacin -500'

2018-05-14 13:44:34 - [MESSAGE][PASSED] - All options with index in [5] are selected on object 'Object Repository/MOH AND GRN/Page_KDMC - CMS/select_--Select--Amikacin -500'

2018-05-14 13:44:34 - [TEST_STEP][PASSED] - setText: Text '5000' is set on object 'Object Repository/MOH AND GRN/Page_KDMC - CMS/input_txtqty'

2018-05-14 13:44:35 - [MESSAGE][PASSED] - Text '5000' is set on object 'Object Repository/MOH AND GRN/Page_KDMC - CMS/input_txtqty'

2018-05-14 13:44:35 - [TEST_STEP][PASSED] - selectOptionByIndex: All options with index in [1] are selected on object 'Object Repository/MOH AND GRN/Page_KDMC - CMS/select_--Select--No Tax0'

2018-05-14 13:44:35 - [MESSAGE][PASSED] - All options with index in [1] are selected on object 'Object Repository/MOH AND GRN/Page_KDMC - CMS/select_--Select--No Tax0'

2018-05-14 13:44:35 - [TEST_STEP][PASSED] - setText: Finding Test Object with id 'Object Repository/MOH AND GRN/Page_KDMC - CMS/input_txtmrp'

2018-05-14 13:44:35 - [TEST_STEP][PASSED] - Statement - switch (id): Finding Test Object with id 'Object Repository/MOH AND GRN/Page_KDMC - CMS/input_txtdeal'

2018-05-14 13:44:35 - [TEST_STEP][PASSED] - Statement - case 4:: Text '39.0' is set on object 'Object Repository/MOH AND GRN/Page_KDMC - CMS/input_txtmrp'

2018-05-14 13:44:35 - [TEST_STEP][PASSED] - Statement - return (java.lang.Math.floor((java.lang.Math.random() * ((max - min) + 1))) + min): Text '39.0' is set on object 'Object Repository/MOH AND GRN/Page_KDMC - CMS/input_txtmrp'

2018-05-14 13:44:35 - [MESSAGE][PASSED] - Text '39.0' is set on object 'Object Repository/MOH AND GRN/Page_KDMC - CMS/input_txtmrp'

2018-05-14 13:44:35 - [TEST_STEP][PASSED] - setText: Finding Test Object with id 'Object Repository/MOH AND GRN/Page_KDMC - CMS/input_txtdeal'

2018-05-14 13:44:35 - [TEST_STEP][PASSED] - Statement - switch (id): Finding Test Object with id 'Object Repository/MOH AND GRN/Page_KDMC - CMS/input_txtbatchno'

2018-05-14 13:44:35 - [TEST_STEP][PASSED] - Statement - case 5:: Text '6.0' is set on object 'Object Repository/MOH AND GRN/Page_KDMC - CMS/input_txtdeal'

2018-05-14 13:44:35 - [TEST_STEP][PASSED] - Statement - return (java.lang.Math.floor((java.lang.Math.random() * ((max - min) + 1))) + min): Text '6.0' is set on object 'Object Repository/MOH AND GRN/Page_KDMC - CMS/input_txtdeal'

2018-05-14 13:44:35 - [MESSAGE][PASSED] - Text '6.0' is set on object 'Object Repository/MOH AND GRN/Page_KDMC - CMS/input_txtdeal'

2018-05-14 13:44:35 - [TEST_STEP][PASSED] - setText: Finding Test Object with id 'Object Repository/MOH AND GRN/Page_KDMC - CMS/input_txtbatchno'

2018-05-14 13:44:35 - [TEST_STEP][PASSED] - Statement - switch (id): Finding Test Object with id 'Object Repository/MOH AND GRN/Page_KDMC - CMS/input_txtmrp'

2018-05-14 13:44:35 - [TEST_STEP][PASSED] - Statement - case 1:: Text 'BA724.0' is set on object 'Object Repository/MOH AND GRN/Page_KDMC - CMS/input_txtbatchno'

2018-05-14 13:44:35 - [TEST_STEP][PASSED] - Statement - return (java.lang.Math.floor((java.lang.Math.random() * ((max - min) + 1))) + min): Text 'BA724.0' is set on object 'Object Repository/MOH AND GRN/Page_KDMC - CMS/input_txtbatchno'

2018-05-14 13:44:35 - [MESSAGE][PASSED] - Text 'BA724.0' is set on object 'Object Repository/MOH AND GRN/Page_KDMC - CMS/input_txtbatchno'

2018-05-14 13:44:35 - [TEST_STEP][PASSED] - rightClick: Object: 'Object Repository/GRN/Page_KDMC - CMS/input_txtexpdate' is right clicked on

2018-05-14 13:44:35 - [MESSAGE][PASSED] - Object: 'Object Repository/GRN/Page_KDMC - CMS/input_txtexpdate' is right clicked on

2018-05-14 13:44:35 - [TEST_STEP][PASSED] - selectOptionByIndex: All options with index in [5] are selected on object 'Object Repository/GRN/Page_KDMC - CMS/select_20182019202020212022202'

2018-05-14 13:44:35 - [MESSAGE][PASSED] - All options with index in [5] are selected on object 'Object Repository/GRN/Page_KDMC - CMS/select_20182019202020212022202'

2018-05-14 13:44:35 - [TEST_STEP][PASSED] - selectOptionByIndex: All options with index in [5] are selected on object 'Object Repository/GRN/Page_KDMC - CMS/select_JanFebMarAprMayJunJulAu'

2018-05-14 13:44:36 - [MESSAGE][PASSED] - All options with index in [5] are selected on object 'Object Repository/GRN/Page_KDMC - CMS/select_JanFebMarAprMayJunJulAu'

2018-05-14 13:44:36 - [TEST_STEP][PASSED] - click: Object: 'Object Repository/MOH AND GRN/Page_KDMC - CMS/a_12' is clicked on

2018-05-14 13:44:36 - [MESSAGE][PASSED] - Object: 'Object Repository/MOH AND GRN/Page_KDMC - CMS/a_12' is clicked on

2018-05-14 13:44:36 - [TEST_STEP][PASSED] - click: Object: 'Object Repository/MOH AND GRN/Page_KDMC - CMS/input_btnadd' is clicked on

2018-05-14 13:44:36 - [MESSAGE][PASSED] - Object: 'Object Repository/MOH AND GRN/Page_KDMC - CMS/input_btnadd' is clicked on

2018-05-14 13:44:36 - [TEST_STEP][PASSED] - Statement - If (s == 10): null

2018-05-14 13:44:36 - [TEST_STEP][PASSED] - Statement - Else: null

2018-05-14 13:44:36 - [TEST_STEP][PASSED] - Statement - (s++): null

2018-05-14 13:44:36 - [TEST_STEP][PASSED] - delay: Delayed 1 second(s)

2018-05-14 13:44:37 - [MESSAGE][PASSED] - Delayed 1 second(s)

2018-05-14 13:44:37 - [TEST_STEP][PASSED] - selectOptionByIndex: All options with index in [6] are selected on object 'Object Repository/MOH AND GRN/Page_KDMC - CMS/select_--Select--Amikacin -500'

2018-05-14 13:44:37 - [MESSAGE][PASSED] - All options with index in [6] are selected on object 'Object Repository/MOH AND GRN/Page_KDMC - CMS/select_--Select--Amikacin -500'

2018-05-14 13:44:37 - [TEST_STEP][PASSED] - setText: Text '5000' is set on object 'Object Repository/MOH AND GRN/Page_KDMC - CMS/input_txtqty'

2018-05-14 13:44:37 - [MESSAGE][PASSED] - Text '5000' is set on object 'Object Repository/MOH AND GRN/Page_KDMC - CMS/input_txtqty'

2018-05-14 13:44:37 - [TEST_STEP][PASSED] - selectOptionByIndex: All options with index in [1] are selected on object 'Object Repository/MOH AND GRN/Page_KDMC - CMS/select_--Select--No Tax0'

2018-05-14 13:44:37 - [MESSAGE][PASSED] - All options with index in [1] are selected on object 'Object Repository/MOH AND GRN/Page_KDMC - CMS/select_--Select--No Tax0'

2018-05-14 13:44:37 - [TEST_STEP][PASSED] - setText: Finding Test Object with id 'Object Repository/MOH AND GRN/Page_KDMC - CMS/input_txtmrp'

2018-05-14 13:44:37 - [TEST_STEP][PASSED] - Statement - switch (id): Finding Test Object with id 'Object Repository/MOH AND GRN/Page_KDMC - CMS/input_txtdeal'

2018-05-14 13:44:37 - [TEST_STEP][PASSED] - Statement - case 4:: Text '44.0' is set on object 'Object Repository/MOH AND GRN/Page_KDMC - CMS/input_txtmrp'

2018-05-14 13:44:37 - [TEST_STEP][PASSED] - Statement - return (java.lang.Math.floor((java.lang.Math.random() * ((max - min) + 1))) + min): Text '44.0' is set on object 'Object Repository/MOH AND GRN/Page_KDMC - CMS/input_txtmrp'

2018-05-14 13:44:37 - [MESSAGE][PASSED] - Text '44.0' is set on object 'Object Repository/MOH AND GRN/Page_KDMC - CMS/input_txtmrp'

2018-05-14 13:44:37 - [TEST_STEP][PASSED] - setText: Finding Test Object with id 'Object Repository/MOH AND GRN/Page_KDMC - CMS/input_txtdeal'

2018-05-14 13:44:37 - [TEST_STEP][PASSED] - Statement - switch (id): Finding Test Object with id 'Object Repository/MOH AND GRN/Page_KDMC - CMS/input_txtbatchno'

2018-05-14 13:44:37 - [TEST_STEP][PASSED] - Statement - case 5:: Text '12.0' is set on object 'Object Repository/MOH AND GRN/Page_KDMC - CMS/input_txtdeal'

2018-05-14 13:44:37 - [TEST_STEP][PASSED] - Statement - return (java.lang.Math.floor((java.lang.Math.random() * ((max - min) + 1))) + min): Text '12.0' is set on object 'Object Repository/MOH AND GRN/Page_KDMC - CMS/input_txtdeal'

2018-05-14 13:44:37 - [MESSAGE][PASSED] - Text '12.0' is set on object 'Object Repository/MOH AND GRN/Page_KDMC - CMS/input_txtdeal'

2018-05-14 13:44:37 - [TEST_STEP][PASSED] - setText: Finding Test Object with id 'Object Repository/MOH AND GRN/Page_KDMC - CMS/input_txtbatchno'

2018-05-14 13:44:37 - [TEST_STEP][PASSED] - Statement - switch (id): Finding Test Object with id 'Object Repository/MOH AND GRN/Page_KDMC - CMS/input_txtmrp'

2018-05-14 13:44:37 - [TEST_STEP][PASSED] - Statement - case 1:: Text 'BA586.0' is set on object 'Object Repository/MOH AND GRN/Page_KDMC - CMS/input_txtbatchno'

2018-05-14 13:44:37 - [TEST_STEP][PASSED] - Statement - return (java.lang.Math.floor((java.lang.Math.random() * ((max - min) + 1))) + min): Text 'BA586.0' is set on object 'Object Repository/MOH AND GRN/Page_KDMC - CMS/input_txtbatchno'

2018-05-14 13:44:38 - [MESSAGE][PASSED] - Text 'BA586.0' is set on object 'Object Repository/MOH AND GRN/Page_KDMC - CMS/input_txtbatchno'

2018-05-14 13:44:38 - [TEST_STEP][PASSED] - rightClick: Object: 'Object Repository/GRN/Page_KDMC - CMS/input_txtexpdate' is right clicked on

2018-05-14 13:44:38 - [MESSAGE][PASSED] - Object: 'Object Repository/GRN/Page_KDMC - CMS/input_txtexpdate' is right clicked on

2018-05-14 13:44:38 - [TEST_STEP][PASSED] - selectOptionByIndex: All options with index in [6] are selected on object 'Object Repository/GRN/Page_KDMC - CMS/select_20182019202020212022202'

2018-05-14 13:44:38 - [MESSAGE][PASSED] - All options with index in [6] are selected on object 'Object Repository/GRN/Page_KDMC - CMS/select_20182019202020212022202'

2018-05-14 13:44:38 - [TEST_STEP][PASSED] - selectOptionByIndex: All options with index in [6] are selected on object 'Object Repository/GRN/Page_KDMC - CMS/select_JanFebMarAprMayJunJulAu'

2018-05-14 13:44:38 - [MESSAGE][PASSED] - All options with index in [6] are selected on object 'Object Repository/GRN/Page_KDMC - CMS/select_JanFebMarAprMayJunJulAu'

2018-05-14 13:44:38 - [TEST_STEP][PASSED] - click: Object: 'Object Repository/MOH AND GRN/Page_KDMC - CMS/a_12' is clicked on

2018-05-14 13:44:38 - [MESSAGE][PASSED] - Object: 'Object Repository/MOH AND GRN/Page_KDMC - CMS/a_12' is clicked on

2018-05-14 13:44:38 - [TEST_STEP][PASSED] - click: Object: 'Object Repository/MOH AND GRN/Page_KDMC - CMS/input_btnadd' is clicked on

2018-05-14 13:44:38 - [MESSAGE][PASSED] - Object: 'Object Repository/MOH AND GRN/Page_KDMC - CMS/input_btnadd' is clicked on

2018-05-14 13:44:38 - [TEST_STEP][PASSED] - Statement - If (s == 10): null

2018-05-14 13:44:38 - [TEST_STEP][PASSED] - Statement - Else: null

2018-05-14 13:44:38 - [TEST_STEP][PASSED] - Statement - (s++): null

2018-05-14 13:44:38 - [TEST_STEP][PASSED] - delay: Delayed 1 second(s)

2018-05-14 13:44:39 - [MESSAGE][PASSED] - Delayed 1 second(s)

2018-05-14 13:44:39 - [TEST_STEP][PASSED] - selectOptionByIndex: All options with index in [7] are selected on object 'Object Repository/MOH AND GRN/Page_KDMC - CMS/select_--Select--Amikacin -500'

2018-05-14 13:44:39 - [MESSAGE][PASSED] - All options with index in [7] are selected on object 'Object Repository/MOH AND GRN/Page_KDMC - CMS/select_--Select--Amikacin -500'

2018-05-14 13:44:39 - [TEST_STEP][PASSED] - setText: Text '5000' is set on object 'Object Repository/MOH AND GRN/Page_KDMC - CMS/input_txtqty'

2018-05-14 13:44:40 - [MESSAGE][PASSED] - Text '5000' is set on object 'Object Repository/MOH AND GRN/Page_KDMC - CMS/input_txtqty'

2018-05-14 13:44:40 - [TEST_STEP][PASSED] - selectOptionByIndex: All options with index in [1] are selected on object 'Object Repository/MOH AND GRN/Page_KDMC - CMS/select_--Select--No Tax0'

2018-05-14 13:44:40 - [MESSAGE][PASSED] - All options with index in [1] are selected on object 'Object Repository/MOH AND GRN/Page_KDMC - CMS/select_--Select--No Tax0'

2018-05-14 13:44:40 - [TEST_STEP][PASSED] - setText: Finding Test Object with id 'Object Repository/MOH AND GRN/Page_KDMC - CMS/input_txtmrp'

2018-05-14 13:44:40 - [TEST_STEP][PASSED] - Statement - switch (id): Finding Test Object with id 'Object Repository/MOH AND GRN/Page_KDMC - CMS/input_txtdeal'

2018-05-14 13:44:40 - [TEST_STEP][PASSED] - Statement - case 4:: Text '37.0' is set on object 'Object Repository/MOH AND GRN/Page_KDMC - CMS/input_txtmrp'

2018-05-14 13:44:40 - [TEST_STEP][PASSED] - Statement - return (java.lang.Math.floor((java.lang.Math.random() * ((max - min) + 1))) + min): Text '37.0' is set on object 'Object Repository/MOH AND GRN/Page_KDMC - CMS/input_txtmrp'

2018-05-14 13:44:40 - [MESSAGE][PASSED] - Text '37.0' is set on object 'Object Repository/MOH AND GRN/Page_KDMC - CMS/input_txtmrp'

2018-05-14 13:44:40 - [TEST_STEP][PASSED] - setText: Finding Test Object with id 'Object Repository/MOH AND GRN/Page_KDMC - CMS/input_txtdeal'

2018-05-14 13:44:40 - [TEST_STEP][PASSED] - Statement - switch (id): Finding Test Object with id 'Object Repository/MOH AND GRN/Page_KDMC - CMS/input_txtbatchno'

2018-05-14 13:44:40 - [TEST_STEP][PASSED] - Statement - case 5:: Text '7.0' is set on object 'Object Repository/MOH AND GRN/Page_KDMC - CMS/input_txtdeal'

2018-05-14 13:44:40 - [TEST_STEP][PASSED] - Statement - return (java.lang.Math.floor((java.lang.Math.random() * ((max - min) + 1))) + min): Text '7.0' is set on object 'Object Repository/MOH AND GRN/Page_KDMC - CMS/input_txtdeal'

2018-05-14 13:44:40 - [MESSAGE][PASSED] - Text '7.0' is set on object 'Object Repository/MOH AND GRN/Page_KDMC - CMS/input_txtdeal'

2018-05-14 13:44:40 - [TEST_STEP][PASSED] - setText: Finding Test Object with id 'Object Repository/MOH AND GRN/Page_KDMC - CMS/input_txtbatchno'

2018-05-14 13:44:40 - [TEST_STEP][PASSED] - Statement - switch (id): Finding Test Object with id 'Object Repository/MOH AND GRN/Page_KDMC - CMS/input_txtmrp'

2018-05-14 13:44:40 - [TEST_STEP][PASSED] - Statement - case 1:: Text 'BA411.0' is set on object 'Object Repository/MOH AND GRN/Page_KDMC - CMS/input_txtbatchno'

2018-05-14 13:44:40 - [TEST_STEP][PASSED] - Statement - return (java.lang.Math.floor((java.lang.Math.random() * ((max - min) + 1))) + min): Text 'BA411.0' is set on object 'Object Repository/MOH AND GRN/Page_KDMC - CMS/input_txtbatchno'

2018-05-14 13:44:40 - [MESSAGE][PASSED] - Text 'BA411.0' is set on object 'Object Repository/MOH AND GRN/Page_KDMC - CMS/input_txtbatchno'

2018-05-14 13:44:40 - [TEST_STEP][PASSED] - rightClick: Object: 'Object Repository/GRN/Page_KDMC - CMS/input_txtexpdate' is right clicked on

2018-05-14 13:44:40 - [MESSAGE][PASSED] - Object: 'Object Repository/GRN/Page_KDMC - CMS/input_txtexpdate' is right clicked on

2018-05-14 13:44:40 - [TEST_STEP][PASSED] - selectOptionByIndex: All options with index in [7] are selected on object 'Object Repository/GRN/Page_KDMC - CMS/select_20182019202020212022202'

2018-05-14 13:44:40 - [MESSAGE][PASSED] - All options with index in [7] are selected on object 'Object Repository/GRN/Page_KDMC - CMS/select_20182019202020212022202'

2018-05-14 13:44:40 - [TEST_STEP][PASSED] - selectOptionByIndex: All options with index in [7] are selected on object 'Object Repository/GRN/Page_KDMC - CMS/select_JanFebMarAprMayJunJulAu'

2018-05-14 13:44:41 - [MESSAGE][PASSED] - All options with index in [7] are selected on object 'Object Repository/GRN/Page_KDMC - CMS/select_JanFebMarAprMayJunJulAu'

2018-05-14 13:44:41 - [TEST_STEP][PASSED] - click: Object: 'Object Repository/MOH AND GRN/Page_KDMC - CMS/a_12' is clicked on

2018-05-14 13:44:41 - [MESSAGE][PASSED] - Object: 'Object Repository/MOH AND GRN/Page_KDMC - CMS/a_12' is clicked on

2018-05-14 13:44:41 - [TEST_STEP][PASSED] - click: Object: 'Object Repository/MOH AND GRN/Page_KDMC - CMS/input_btnadd' is clicked on

2018-05-14 13:44:41 - [MESSAGE][PASSED] - Object: 'Object Repository/MOH AND GRN/Page_KDMC - CMS/input_btnadd' is clicked on

2018-05-14 13:44:41 - [TEST_STEP][PASSED] - Statement - If (s == 10): null

2018-05-14 13:44:41 - [TEST_STEP][PASSED] - Statement - Else: null

2018-05-14 13:44:41 - [TEST_STEP][PASSED] - Statement - (s++): null

2018-05-14 13:44:41 - [TEST_STEP][PASSED] - delay: Delayed 1 second(s)

2018-05-14 13:44:42 - [MESSAGE][PASSED] - Delayed 1 second(s)

2018-05-14 13:44:42 - [TEST_STEP][PASSED] - selectOptionByIndex: All options with index in [8] are selected on object 'Object Repository/MOH AND GRN/Page_KDMC - CMS/select_--Select--Amikacin -500'

2018-05-14 13:44:42 - [MESSAGE][PASSED] - All options with index in [8] are selected on object 'Object Repository/MOH AND GRN/Page_KDMC - CMS/select_--Select--Amikacin -500'

2018-05-14 13:44:42 - [TEST_STEP][PASSED] - setText: Text '5000' is set on object 'Object Repository/MOH AND GRN/Page_KDMC - CMS/input_txtqty'

2018-05-14 13:44:42 - [MESSAGE][PASSED] - Text '5000' is set on object 'Object Repository/MOH AND GRN/Page_KDMC - CMS/input_txtqty'

2018-05-14 13:44:42 - [TEST_STEP][PASSED] - selectOptionByIndex: All options with index in [1] are selected on object 'Object Repository/MOH AND GRN/Page_KDMC - CMS/select_--Select--No Tax0'

2018-05-14 13:44:42 - [MESSAGE][PASSED] - All options with index in [1] are selected on object 'Object Repository/MOH AND GRN/Page_KDMC - CMS/select_--Select--No Tax0'

2018-05-14 13:44:42 - [TEST_STEP][PASSED] - setText: Finding Test Object with id 'Object Repository/MOH AND GRN/Page_KDMC - CMS/input_txtmrp'

2018-05-14 13:44:42 - [TEST_STEP][PASSED] - Statement - switch (id): Finding Test Object with id 'Object Repository/MOH AND GRN/Page_KDMC - CMS/input_txtdeal'

2018-05-14 13:44:42 - [TEST_STEP][PASSED] - Statement - case 4:: Text '45.0' is set on object 'Object Repository/MOH AND GRN/Page_KDMC - CMS/input_txtmrp'

2018-05-14 13:44:42 - [TEST_STEP][PASSED] - Statement - return (java.lang.Math.floor((java.lang.Math.random() * ((max - min) + 1))) + min): Text '45.0' is set on object 'Object Repository/MOH AND GRN/Page_KDMC - CMS/input_txtmrp'

2018-05-14 13:44:42 - [MESSAGE][PASSED] - Text '45.0' is set on object 'Object Repository/MOH AND GRN/Page_KDMC - CMS/input_txtmrp'

2018-05-14 13:44:42 - [TEST_STEP][PASSED] - setText: Finding Test Object with id 'Object Repository/MOH AND GRN/Page_KDMC - CMS/input_txtdeal'

2018-05-14 13:44:42 - [TEST_STEP][PASSED] - Statement - switch (id): Finding Test Object with id 'Object Repository/MOH AND GRN/Page_KDMC - CMS/input_txtbatchno'

2018-05-14 13:44:42 - [TEST_STEP][PASSED] - Statement - case 5:: Text '8.0' is set on object 'Object Repository/MOH AND GRN/Page_KDMC - CMS/input_txtdeal'

2018-05-14 13:44:42 - [TEST_STEP][PASSED] - Statement - return (java.lang.Math.floor((java.lang.Math.random() * ((max - min) + 1))) + min): Text '8.0' is set on object 'Object Repository/MOH AND GRN/Page_KDMC - CMS/input_txtdeal'

2018-05-14 13:44:42 - [MESSAGE][PASSED] - Text '8.0' is set on object 'Object Repository/MOH AND GRN/Page_KDMC - CMS/input_txtdeal'

2018-05-14 13:44:42 - [TEST_STEP][PASSED] - setText: Finding Test Object with id 'Object Repository/MOH AND GRN/Page_KDMC - CMS/input_txtbatchno'

2018-05-14 13:44:42 - [TEST_STEP][PASSED] - Statement - switch (id): Finding Test Object with id 'Object Repository/MOH AND GRN/Page_KDMC - CMS/input_txtmrp'

2018-05-14 13:44:42 - [TEST_STEP][PASSED] - Statement - case 1:: Text 'BA911.0' is set on object 'Object Repository/MOH AND GRN/Page_KDMC - CMS/input_txtbatchno'

2018-05-14 13:44:42 - [TEST_STEP][PASSED] - Statement - return (java.lang.Math.floor((java.lang.Math.random() * ((max - min) + 1))) + min): Text 'BA911.0' is set on object 'Object Repository/MOH AND GRN/Page_KDMC - CMS/input_txtbatchno'

2018-05-14 13:44:43 - [MESSAGE][PASSED] - Text 'BA911.0' is set on object 'Object Repository/MOH AND GRN/Page_KDMC - CMS/input_txtbatchno'

2018-05-14 13:44:43 - [TEST_STEP][PASSED] - rightClick: Object: 'Object Repository/GRN/Page_KDMC - CMS/input_txtexpdate' is right clicked on

2018-05-14 13:44:43 - [MESSAGE][PASSED] - Object: 'Object Repository/GRN/Page_KDMC - CMS/input_txtexpdate' is right clicked on

2018-05-14 13:44:43 - [TEST_STEP][PASSED] - selectOptionByIndex: All options with index in [8] are selected on object 'Object Repository/GRN/Page_KDMC - CMS/select_20182019202020212022202'

2018-05-14 13:44:43 - [MESSAGE][PASSED] - All options with index in [8] are selected on object 'Object Repository/GRN/Page_KDMC - CMS/select_20182019202020212022202'

2018-05-14 13:44:43 - [TEST_STEP][PASSED] - selectOptionByIndex: All options with index in [8] are selected on object 'Object Repository/GRN/Page_KDMC - CMS/select_JanFebMarAprMayJunJulAu'

2018-05-14 13:44:43 - [MESSAGE][PASSED] - All options with index in [8] are selected on object 'Object Repository/GRN/Page_KDMC - CMS/select_JanFebMarAprMayJunJulAu'

2018-05-14 13:44:43 - [TEST_STEP][PASSED] - click: Object: 'Object Repository/MOH AND GRN/Page_KDMC - CMS/a_12' is clicked on

2018-05-14 13:44:43 - [MESSAGE][PASSED] - Object: 'Object Repository/MOH AND GRN/Page_KDMC - CMS/a_12' is clicked on

2018-05-14 13:44:43 - [TEST_STEP][PASSED] - click: Object: 'Object Repository/MOH AND GRN/Page_KDMC - CMS/input_btnadd' is clicked on

2018-05-14 13:44:43 - [MESSAGE][PASSED] - Object: 'Object Repository/MOH AND GRN/Page_KDMC - CMS/input_btnadd' is clicked on

2018-05-14 13:44:43 - [TEST_STEP][PASSED] - Statement - If (s == 10): null

2018-05-14 13:44:43 - [TEST_STEP][PASSED] - Statement - Else: null

2018-05-14 13:44:43 - [TEST_STEP][PASSED] - Statement - (s++): null

2018-05-14 13:44:43 - [TEST_STEP][PASSED] - delay: Delayed 1 second(s)

2018-05-14 13:44:44 - [MESSAGE][PASSED] - Delayed 1 second(s)

2018-05-14 13:44:44 - [TEST_STEP][PASSED] - selectOptionByIndex: All options with index in [9] are selected on object 'Object Repository/MOH AND GRN/Page_KDMC - CMS/select_--Select--Amikacin -500'

2018-05-14 13:44:45 - [MESSAGE][PASSED] - All options with index in [9] are selected on object 'Object Repository/MOH AND GRN/Page_KDMC - CMS/select_--Select--Amikacin -500'

2018-05-14 13:44:45 - [TEST_STEP][PASSED] - setText: Text '5000' is set on object 'Object Repository/MOH AND GRN/Page_KDMC - CMS/input_txtqty'

2018-05-14 13:44:45 - [MESSAGE][PASSED] - Text '5000' is set on object 'Object Repository/MOH AND GRN/Page_KDMC - CMS/input_txtqty'

2018-05-14 13:44:45 - [TEST_STEP][PASSED] - selectOptionByIndex: All options with index in [1] are selected on object 'Object Repository/MOH AND GRN/Page_KDMC - CMS/select_--Select--No Tax0'

2018-05-14 13:44:45 - [MESSAGE][PASSED] - All options with index in [1] are selected on object 'Object Repository/MOH AND GRN/Page_KDMC - CMS/select_--Select--No Tax0'

2018-05-14 13:44:45 - [TEST_STEP][PASSED] - setText: Finding Test Object with id 'Object Repository/MOH AND GRN/Page_KDMC - CMS/input_txtmrp'

2018-05-14 13:44:45 - [TEST_STEP][PASSED] - Statement - switch (id): Finding Test Object with id 'Object Repository/MOH AND GRN/Page_KDMC - CMS/input_txtdeal'

2018-05-14 13:44:45 - [TEST_STEP][PASSED] - Statement - case 4:: Text '38.0' is set on object 'Object Repository/MOH AND GRN/Page_KDMC - CMS/input_txtmrp'

2018-05-14 13:44:45 - [TEST_STEP][PASSED] - Statement - return (java.lang.Math.floor((java.lang.Math.random() * ((max - min) + 1))) + min): Text '38.0' is set on object 'Object Repository/MOH AND GRN/Page_KDMC - CMS/input_txtmrp'

2018-05-14 13:44:45 - [MESSAGE][PASSED] - Text '38.0' is set on object 'Object Repository/MOH AND GRN/Page_KDMC - CMS/input_txtmrp'

2018-05-14 13:44:45 - [TEST_STEP][PASSED] - setText: Finding Test Object with id 'Object Repository/MOH AND GRN/Page_KDMC - CMS/input_txtdeal'

2018-05-14 13:44:45 - [TEST_STEP][PASSED] - Statement - switch (id): Finding Test Object with id 'Object Repository/MOH AND GRN/Page_KDMC - CMS/input_txtbatchno'

2018-05-14 13:44:45 - [TEST_STEP][PASSED] - Statement - case 5:: Text '4.0' is set on object 'Object Repository/MOH AND GRN/Page_KDMC - CMS/input_txtdeal'

2018-05-14 13:44:45 - [TEST_STEP][PASSED] - Statement - return (java.lang.Math.floor((java.lang.Math.random() * ((max - min) + 1))) + min): Text '4.0' is set on object 'Object Repository/MOH AND GRN/Page_KDMC - CMS/input_txtdeal'

2018-05-14 13:44:45 - [MESSAGE][PASSED] - Text '4.0' is set on object 'Object Repository/MOH AND GRN/Page_KDMC - CMS/input_txtdeal'

2018-05-14 13:44:45 - [TEST_STEP][PASSED] - setText: Finding Test Object with id 'Object Repository/MOH AND GRN/Page_KDMC - CMS/input_txtbatchno'

2018-05-14 13:44:45 - [TEST_STEP][PASSED] - Statement - switch (id): Finding Test Object with id 'Object Repository/MOH AND GRN/Page_KDMC - CMS/input_txtmrp'

2018-05-14 13:44:45 - [TEST_STEP][PASSED] - Statement - case 1:: Text 'BA252.0' is set on object 'Object Repository/MOH AND GRN/Page_KDMC - CMS/input_txtbatchno'

2018-05-14 13:44:45 - [TEST_STEP][PASSED] - Statement - return (java.lang.Math.floor((java.lang.Math.random() * ((max - min) + 1))) + min): Text 'BA252.0' is set on object 'Object Repository/MOH AND GRN/Page_KDMC - CMS/input_txtbatchno'

2018-05-14 13:44:45 - [MESSAGE][PASSED] - Text 'BA252.0' is set on object 'Object Repository/MOH AND GRN/Page_KDMC - CMS/input_txtbatchno'

2018-05-14 13:44:45 - [TEST_STEP][PASSED] - rightClick: Object: 'Object Repository/GRN/Page_KDMC - CMS/input_txtexpdate' is right clicked on

2018-05-14 13:44:45 - [MESSAGE][PASSED] - Object: 'Object Repository/GRN/Page_KDMC - CMS/input_txtexpdate' is right clicked on

2018-05-14 13:44:45 - [TEST_STEP][PASSED] - selectOptionByIndex: All options with index in [9] are selected on object 'Object Repository/GRN/Page_KDMC - CMS/select_20182019202020212022202'

2018-05-14 13:44:46 - [MESSAGE][PASSED] - All options with index in [9] are selected on object 'Object Repository/GRN/Page_KDMC - CMS/select_20182019202020212022202'

2018-05-14 13:44:46 - [TEST_STEP][PASSED] - selectOptionByIndex: All options with index in [9] are selected on object 'Object Repository/GRN/Page_KDMC - CMS/select_JanFebMarAprMayJunJulAu'

2018-05-14 13:44:46 - [MESSAGE][PASSED] - All options with index in [9] are selected on object 'Object Repository/GRN/Page_KDMC - CMS/select_JanFebMarAprMayJunJulAu'

2018-05-14 13:44:46 - [TEST_STEP][PASSED] - click: Object: 'Object Repository/MOH AND GRN/Page_KDMC - CMS/a_12' is clicked on

2018-05-14 13:44:46 - [MESSAGE][PASSED] - Object: 'Object Repository/MOH AND GRN/Page_KDMC - CMS/a_12' is clicked on

2018-05-14 13:44:46 - [TEST_STEP][PASSED] - click: Object: 'Object Repository/MOH AND GRN/Page_KDMC - CMS/input_btnadd' is clicked on

2018-05-14 13:44:46 - [MESSAGE][PASSED] - Object: 'Object Repository/MOH AND GRN/Page_KDMC - CMS/input_btnadd' is clicked on

2018-05-14 13:44:46 - [TEST_STEP][PASSED] - Statement - If (s == 10): null

2018-05-14 13:44:46 - [TEST_STEP][PASSED] - Statement - Else: null

2018-05-14 13:44:46 - [TEST_STEP][PASSED] - Statement - (s++): null

2018-05-14 13:44:46 - [TEST_STEP][PASSED] - delay: Delayed 1 second(s)

2018-05-14 13:44:47 - [MESSAGE][PASSED] - Delayed 1 second(s)

2018-05-14 13:44:47 - [TEST_STEP][PASSED] - selectOptionByIndex: All options with index in [10] are selected on object 'Object Repository/MOH AND GRN/Page_KDMC - CMS/select_--Select--Amikacin -500'

2018-05-14 13:44:47 - [MESSAGE][PASSED] - All options with index in [10] are selected on object 'Object Repository/MOH AND GRN/Page_KDMC - CMS/select_--Select--Amikacin -500'

2018-05-14 13:44:47 - [TEST_STEP][PASSED] - setText: Text '5000' is set on object 'Object Repository/MOH AND GRN/Page_KDMC - CMS/input_txtqty'

2018-05-14 13:44:47 - [MESSAGE][PASSED] - Text '5000' is set on object 'Object Repository/MOH AND GRN/Page_KDMC - CMS/input_txtqty'

2018-05-14 13:44:47 - [TEST_STEP][PASSED] - selectOptionByIndex: All options with index in [1] are selected on object 'Object Repository/MOH AND GRN/Page_KDMC - CMS/select_--Select--No Tax0'

2018-05-14 13:44:47 - [MESSAGE][PASSED] - All options with index in [1] are selected on object 'Object Repository/MOH AND GRN/Page_KDMC - CMS/select_--Select--No Tax0'

2018-05-14 13:44:47 - [TEST_STEP][PASSED] - setText: Finding Test Object with id 'Object Repository/MOH AND GRN/Page_KDMC - CMS/input_txtmrp'

2018-05-14 13:44:47 - [TEST_STEP][PASSED] - Statement - switch (id): Finding Test Object with id 'Object Repository/MOH AND GRN/Page_KDMC - CMS/input_txtdeal'

2018-05-14 13:44:47 - [TEST_STEP][PASSED] - Statement - case 4:: Text '21.0' is set on object 'Object Repository/MOH AND GRN/Page_KDMC - CMS/input_txtmrp'

2018-05-14 13:44:47 - [TEST_STEP][PASSED] - Statement - return (java.lang.Math.floor((java.lang.Math.random() * ((max - min) + 1))) + min): Text '21.0' is set on object 'Object Repository/MOH AND GRN/Page_KDMC - CMS/input_txtmrp'

2018-05-14 13:44:48 - [MESSAGE][PASSED] - Text '21.0' is set on object 'Object Repository/MOH AND GRN/Page_KDMC - CMS/input_txtmrp'

2018-05-14 13:44:48 - [TEST_STEP][PASSED] - setText: Finding Test Object with id 'Object Repository/MOH AND GRN/Page_KDMC - CMS/input_txtdeal'

2018-05-14 13:44:48 - [TEST_STEP][PASSED] - Statement - switch (id): Finding Test Object with id 'Object Repository/MOH AND GRN/Page_KDMC - CMS/input_txtbatchno'

2018-05-14 13:44:48 - [TEST_STEP][PASSED] - Statement - case 5:: Text '9.0' is set on object 'Object Repository/MOH AND GRN/Page_KDMC - CMS/input_txtdeal'

2018-05-14 13:44:48 - [TEST_STEP][PASSED] - Statement - return (java.lang.Math.floor((java.lang.Math.random() * ((max - min) + 1))) + min): Text '9.0' is set on object 'Object Repository/MOH AND GRN/Page_KDMC - CMS/input_txtdeal'

2018-05-14 13:44:48 - [MESSAGE][PASSED] - Text '9.0' is set on object 'Object Repository/MOH AND GRN/Page_KDMC - CMS/input_txtdeal'

2018-05-14 13:44:48 - [TEST_STEP][PASSED] - setText: Finding Test Object with id 'Object Repository/MOH AND GRN/Page_KDMC - CMS/input_txtbatchno'

2018-05-14 13:44:48 - [TEST_STEP][PASSED] - Statement - switch (id): Finding Test Object with id 'Object Repository/MOH AND GRN/Page_KDMC - CMS/input_txtmrp'

2018-05-14 13:44:48 - [TEST_STEP][PASSED] - Statement - case 1:: Text 'BA137.0' is set on object 'Object Repository/MOH AND GRN/Page_KDMC - CMS/input_txtbatchno'

2018-05-14 13:44:48 - [TEST_STEP][PASSED] - Statement - return (java.lang.Math.floor((java.lang.Math.random() * ((max - min) + 1))) + min): Text 'BA137.0' is set on object 'Object Repository/MOH AND GRN/Page_KDMC - CMS/input_txtbatchno'

2018-05-14 13:44:48 - [MESSAGE][PASSED] - Text 'BA137.0' is set on object 'Object Repository/MOH AND GRN/Page_KDMC - CMS/input_txtbatchno'

2018-05-14 13:44:48 - [TEST_STEP][PASSED] - rightClick: Object: 'Object Repository/GRN/Page_KDMC - CMS/input_txtexpdate' is right clicked on

2018-05-14 13:44:48 - [MESSAGE][PASSED] - Object: 'Object Repository/GRN/Page_KDMC - CMS/input_txtexpdate' is right clicked on

2018-05-14 13:44:48 - [TEST_STEP][PASSED] - selectOptionByIndex: All options with index in [10] are selected on object 'Object Repository/GRN/Page_KDMC - CMS/select_20182019202020212022202'

2018-05-14 13:44:48 - [MESSAGE][PASSED] - All options with index in [10] are selected on object 'Object Repository/GRN/Page_KDMC - CMS/select_20182019202020212022202'

2018-05-14 13:44:48 - [TEST_STEP][PASSED] - selectOptionByIndex: All options with index in [10] are selected on object 'Object Repository/GRN/Page_KDMC - CMS/select_JanFebMarAprMayJunJulAu'

2018-05-14 13:44:48 - [MESSAGE][PASSED] - All options with index in [10] are selected on object 'Object Repository/GRN/Page_KDMC - CMS/select_JanFebMarAprMayJunJulAu'

2018-05-14 13:44:48 - [TEST_STEP][PASSED] - click: Object: 'Object Repository/MOH AND GRN/Page_KDMC - CMS/a_12' is clicked on

2018-05-14 13:44:48 - [MESSAGE][PASSED] - Object: 'Object Repository/MOH AND GRN/Page_KDMC - CMS/a_12' is clicked on

2018-05-14 13:44:48 - [TEST_STEP][PASSED] - click: Object: 'Object Repository/MOH AND GRN/Page_KDMC - CMS/input_btnadd' is clicked on

2018-05-14 13:44:49 - [MESSAGE][PASSED] - Object: 'Object Repository/MOH AND GRN/Page_KDMC - CMS/input_btnadd' is clicked on

2018-05-14 13:44:49 - [TEST_STEP][PASSED] - Statement - If (s == 10): null

2018-05-14 13:44:49 - [TEST_STEP][PASSED] - Statement - s = 1: null

2018-05-14 13:44:49 - [TEST_STEP][PASSED] - delay: Delayed 1 second(s)

2018-05-14 13:44:50 - [MESSAGE][PASSED] - Delayed 1 second(s)

2018-05-14 13:44:50 - [TEST_STEP][PASSED] - selectOptionByIndex: All options with index in [11] are selected on object 'Object Repository/MOH AND GRN/Page_KDMC - CMS/select_--Select--Amikacin -500'

2018-05-14 13:44:50 - [MESSAGE][PASSED] - All options with index in [11] are selected on object 'Object Repository/MOH AND GRN/Page_KDMC - CMS/select_--Select--Amikacin -500'

2018-05-14 13:44:50 - [TEST_STEP][PASSED] - setText: Text '5000' is set on object 'Object Repository/MOH AND GRN/Page_KDMC - CMS/input_txtqty'

2018-05-14 13:44:50 - [MESSAGE][PASSED] - Text '5000' is set on object 'Object Repository/MOH AND GRN/Page_KDMC - CMS/input_txtqty'

2018-05-14 13:44:50 - [TEST_STEP][PASSED] - selectOptionByIndex: All options with index in [1] are selected on object 'Object Repository/MOH AND GRN/Page_KDMC - CMS/select_--Select--No Tax0'

2018-05-14 13:44:50 - [MESSAGE][PASSED] - All options with index in [1] are selected on object 'Object Repository/MOH AND GRN/Page_KDMC - CMS/select_--Select--No Tax0'

2018-05-14 13:44:50 - [TEST_STEP][PASSED] - setText: Finding Test Object with id 'Object Repository/MOH AND GRN/Page_KDMC - CMS/input_txtmrp'

2018-05-14 13:44:50 - [TEST_STEP][PASSED] - Statement - switch (id): Finding Test Object with id 'Object Repository/MOH AND GRN/Page_KDMC - CMS/input_txtdeal'

2018-05-14 13:44:50 - [TEST_STEP][PASSED] - Statement - case 4:: Text '20.0' is set on object 'Object Repository/MOH AND GRN/Page_KDMC - CMS/input_txtmrp'

2018-05-14 13:44:50 - [TEST_STEP][PASSED] - Statement - return (java.lang.Math.floor((java.lang.Math.random() * ((max - min) + 1))) + min): Text '20.0' is set on object 'Object Repository/MOH AND GRN/Page_KDMC - CMS/input_txtmrp'

2018-05-14 13:44:50 - [MESSAGE][PASSED] - Text '20.0' is set on object 'Object Repository/MOH AND GRN/Page_KDMC - CMS/input_txtmrp'

2018-05-14 13:44:50 - [TEST_STEP][PASSED] - setText: Finding Test Object with id 'Object Repository/MOH AND GRN/Page_KDMC - CMS/input_txtdeal'

2018-05-14 13:44:50 - [TEST_STEP][PASSED] - Statement - switch (id): Finding Test Object with id 'Object Repository/MOH AND GRN/Page_KDMC - CMS/input_txtbatchno'

2018-05-14 13:44:50 - [TEST_STEP][PASSED] - Statement - case 5:: Text '5.0' is set on object 'Object Repository/MOH AND GRN/Page_KDMC - CMS/input_txtdeal'

2018-05-14 13:44:50 - [TEST_STEP][PASSED] - Statement - return (java.lang.Math.floor((java.lang.Math.random() * ((max - min) + 1))) + min): Text '5.0' is set on object 'Object Repository/MOH AND GRN/Page_KDMC - CMS/input_txtdeal'

2018-05-14 13:44:50 - [MESSAGE][PASSED] - Text '5.0' is set on object 'Object Repository/MOH AND GRN/Page_KDMC - CMS/input_txtdeal'

2018-05-14 13:44:50 - [TEST_STEP][PASSED] - setText: Finding Test Object with id 'Object Repository/MOH AND GRN/Page_KDMC - CMS/input_txtbatchno'

2018-05-14 13:44:50 - [TEST_STEP][PASSED] - Statement - switch (id): Finding Test Object with id 'Object Repository/MOH AND GRN/Page_KDMC - CMS/input_txtmrp'

2018-05-14 13:44:50 - [TEST_STEP][PASSED] - Statement - case 1:: Text 'BA242.0' is set on object 'Object Repository/MOH AND GRN/Page_KDMC - CMS/input_txtbatchno'

2018-05-14 13:44:50 - [TEST_STEP][PASSED] - Statement - return (java.lang.Math.floor((java.lang.Math.random() * ((max - min) + 1))) + min): Text 'BA242.0' is set on object 'Object Repository/MOH AND GRN/Page_KDMC - CMS/input_txtbatchno'

2018-05-14 13:44:50 - [MESSAGE][PASSED] - Text 'BA242.0' is set on object 'Object Repository/MOH AND GRN/Page_KDMC - CMS/input_txtbatchno'

2018-05-14 13:44:50 - [TEST_STEP][PASSED] - rightClick: Object: 'Object Repository/GRN/Page_KDMC - CMS/input_txtexpdate' is right clicked on

2018-05-14 13:44:51 - [MESSAGE][PASSED] - Object: 'Object Repository/GRN/Page_KDMC - CMS/input_txtexpdate' is right clicked on

2018-05-14 13:44:51 - [TEST_STEP][PASSED] - selectOptionByIndex: All options with index in [1] are selected on object 'Object Repository/GRN/Page_KDMC - CMS/select_20182019202020212022202'

2018-05-14 13:44:51 - [MESSAGE][PASSED] - All options with index in [1] are selected on object 'Object Repository/GRN/Page_KDMC - CMS/select_20182019202020212022202'

2018-05-14 13:44:51 - [TEST_STEP][PASSED] - selectOptionByIndex: All options with index in [1] are selected on object 'Object Repository/GRN/Page_KDMC - CMS/select_JanFebMarAprMayJunJulAu'

2018-05-14 13:44:51 - [MESSAGE][PASSED] - All options with index in [1] are selected on object 'Object Repository/GRN/Page_KDMC - CMS/select_JanFebMarAprMayJunJulAu'

2018-05-14 13:44:51 - [TEST_STEP][PASSED] - click: Object: 'Object Repository/MOH AND GRN/Page_KDMC - CMS/a_12' is clicked on

2018-05-14 13:44:51 - [MESSAGE][PASSED] - Object: 'Object Repository/MOH AND GRN/Page_KDMC - CMS/a_12' is clicked on

2018-05-14 13:44:51 - [TEST_STEP][PASSED] - click: Object: 'Object Repository/MOH AND GRN/Page_KDMC - CMS/input_btnadd' is clicked on

2018-05-14 13:44:51 - [MESSAGE][PASSED] - Object: 'Object Repository/MOH AND GRN/Page_KDMC - CMS/input_btnadd' is clicked on

2018-05-14 13:44:51 - [TEST_STEP][PASSED] - Statement - If (s == 10): null

2018-05-14 13:44:51 - [TEST_STEP][PASSED] - Statement - Else: null

2018-05-14 13:44:51 - [TEST_STEP][PASSED] - Statement - (s++): null

2018-05-14 13:44:51 - [TEST_STEP][PASSED] - delay: Delayed 1 second(s)

2018-05-14 13:44:52 - [MESSAGE][PASSED] - Delayed 1 second(s)

2018-05-14 13:44:52 - [TEST_STEP][PASSED] - selectOptionByIndex: All options with index in [12] are selected on object 'Object Repository/MOH AND GRN/Page_KDMC - CMS/select_--Select--Amikacin -500'

2018-05-14 13:44:52 - [MESSAGE][PASSED] - All options with index in [12] are selected on object 'Object Repository/MOH AND GRN/Page_KDMC - CMS/select_--Select--Amikacin -500'

2018-05-14 13:44:52 - [TEST_STEP][PASSED] - setText: Text '5000' is set on object 'Object Repository/MOH AND GRN/Page_KDMC - CMS/input_txtqty'

2018-05-14 13:44:52 - [MESSAGE][PASSED] - Text '5000' is set on object 'Object Repository/MOH AND GRN/Page_KDMC - CMS/input_txtqty'

2018-05-14 13:44:52 - [TEST_STEP][PASSED] - selectOptionByIndex: All options with index in [1] are selected on object 'Object Repository/MOH AND GRN/Page_KDMC - CMS/select_--Select--No Tax0'

2018-05-14 13:44:53 - [MESSAGE][PASSED] - All options with index in [1] are selected on object 'Object Repository/MOH AND GRN/Page_KDMC - CMS/select_--Select--No Tax0'

2018-05-14 13:44:53 - [TEST_STEP][PASSED] - setText: Finding Test Object with id 'Object Repository/MOH AND GRN/Page_KDMC - CMS/input_txtmrp'

2018-05-14 13:44:53 - [TEST_STEP][PASSED] - Statement - switch (id): Finding Test Object with id 'Object Repository/MOH AND GRN/Page_KDMC - CMS/input_txtdeal'

2018-05-14 13:44:53 - [TEST_STEP][PASSED] - Statement - case 4:: Text '15.0' is set on object 'Object Repository/MOH AND GRN/Page_KDMC - CMS/input_txtmrp'

2018-05-14 13:44:53 - [TEST_STEP][PASSED] - Statement - return (java.lang.Math.floor((java.lang.Math.random() * ((max - min) + 1))) + min): Text '15.0' is set on object 'Object Repository/MOH AND GRN/Page_KDMC - CMS/input_txtmrp'

2018-05-14 13:44:53 - [MESSAGE][PASSED] - Text '15.0' is set on object 'Object Repository/MOH AND GRN/Page_KDMC - CMS/input_txtmrp'

2018-05-14 13:44:53 - [TEST_STEP][PASSED] - setText: Finding Test Object with id 'Object Repository/MOH AND GRN/Page_KDMC - CMS/input_txtdeal'

2018-05-14 13:44:53 - [TEST_STEP][PASSED] - Statement - switch (id): Finding Test Object with id 'Object Repository/MOH AND GRN/Page_KDMC - CMS/input_txtbatchno'

2018-05-14 13:44:53 - [TEST_STEP][PASSED] - Statement - case 5:: Text '9.0' is set on object 'Object Repository/MOH AND GRN/Page_KDMC - CMS/input_txtdeal'

2018-05-14 13:44:53 - [TEST_STEP][PASSED] - Statement - return (java.lang.Math.floor((java.lang.Math.random() * ((max - min) + 1))) + min): Text '9.0' is set on object 'Object Repository/MOH AND GRN/Page_KDMC - CMS/input_txtdeal'

2018-05-14 13:44:53 - [MESSAGE][PASSED] - Text '9.0' is set on object 'Object Repository/MOH AND GRN/Page_KDMC - CMS/input_txtdeal'

2018-05-14 13:44:53 - [TEST_STEP][PASSED] - setText: Finding Test Object with id 'Object Repository/MOH AND GRN/Page_KDMC - CMS/input_txtbatchno'

2018-05-14 13:44:53 - [TEST_STEP][PASSED] - Statement - switch (id): Finding Test Object with id 'Object Repository/MOH AND GRN/Page_KDMC - CMS/input_txtmrp'

2018-05-14 13:44:53 - [TEST_STEP][PASSED] - Statement - case 1:: Text 'BA538.0' is set on object 'Object Repository/MOH AND GRN/Page_KDMC - CMS/input_txtbatchno'

2018-05-14 13:44:53 - [TEST_STEP][PASSED] - Statement - return (java.lang.Math.floor((java.lang.Math.random() * ((max - min) + 1))) + min): Text 'BA538.0' is set on object 'Object Repository/MOH AND GRN/Page_KDMC - CMS/input_txtbatchno'

2018-05-14 13:44:53 - [MESSAGE][PASSED] - Text 'BA538.0' is set on object 'Object Repository/MOH AND GRN/Page_KDMC - CMS/input_txtbatchno'

2018-05-14 13:44:53 - [TEST_STEP][PASSED] - rightClick: Object: 'Object Repository/GRN/Page_KDMC - CMS/input_txtexpdate' is right clicked on

2018-05-14 13:44:53 - [MESSAGE][PASSED] - Object: 'Object Repository/GRN/Page_KDMC - CMS/input_txtexpdate' is right clicked on

2018-05-14 13:44:53 - [TEST_STEP][PASSED] - selectOptionByIndex: All options with index in [2] are selected on object 'Object Repository/GRN/Page_KDMC - CMS/select_20182019202020212022202'

2018-05-14 13:44:53 - [MESSAGE][PASSED] - All options with index in [2] are selected on object 'Object Repository/GRN/Page_KDMC - CMS/select_20182019202020212022202'

2018-05-14 13:44:53 - [TEST_STEP][PASSED] - selectOptionByIndex: All options with index in [2] are selected on object 'Object Repository/GRN/Page_KDMC - CMS/select_JanFebMarAprMayJunJulAu'

2018-05-14 13:44:53 - [MESSAGE][PASSED] - All options with index in [2] are selected on object 'Object Repository/GRN/Page_KDMC - CMS/select_JanFebMarAprMayJunJulAu'

2018-05-14 13:44:53 - [TEST_STEP][PASSED] - click: Object: 'Object Repository/MOH AND GRN/Page_KDMC - CMS/a_12' is clicked on

2018-05-14 13:44:53 - [MESSAGE][PASSED] - Object: 'Object Repository/MOH AND GRN/Page_KDMC - CMS/a_12' is clicked on

2018-05-14 13:44:53 - [TEST_STEP][PASSED] - click: Object: 'Object Repository/MOH AND GRN/Page_KDMC - CMS/input_btnadd' is clicked on

2018-05-14 13:44:53 - [MESSAGE][PASSED] - Object: 'Object Repository/MOH AND GRN/Page_KDMC - CMS/input_btnadd' is clicked on

2018-05-14 13:44:53 - [TEST_STEP][PASSED] - Statement - If (s == 10): null

2018-05-14 13:44:53 - [TEST_STEP][PASSED] - Statement - Else: null

2018-05-14 13:44:53 - [TEST_STEP][PASSED] - Statement - (s++): null

2018-05-14 13:44:53 - [TEST_STEP][PASSED] - delay: Delayed 1 second(s)

2018-05-14 13:44:54 - [MESSAGE][PASSED] - Delayed 1 second(s)

2018-05-14 13:44:54 - [TEST_STEP][PASSED] - selectOptionByIndex: All options with index in [13] are selected on object 'Object Repository/MOH AND GRN/Page_KDMC - CMS/select_--Select--Amikacin -500'

2018-05-14 13:44:55 - [MESSAGE][PASSED] - All options with index in [13] are selected on object 'Object Repository/MOH AND GRN/Page_KDMC - CMS/select_--Select--Amikacin -500'

2018-05-14 13:44:55 - [TEST_STEP][PASSED] - setText: Text '5000' is set on object 'Object Repository/MOH AND GRN/Page_KDMC - CMS/input_txtqty'

2018-05-14 13:44:55 - [MESSAGE][PASSED] - Text '5000' is set on object 'Object Repository/MOH AND GRN/Page_KDMC - CMS/input_txtqty'

2018-05-14 13:44:55 - [TEST_STEP][PASSED] - selectOptionByIndex: All options with index in [1] are selected on object 'Object Repository/MOH AND GRN/Page_KDMC - CMS/select_--Select--No Tax0'

2018-05-14 13:44:55 - [MESSAGE][PASSED] - All options with index in [1] are selected on object 'Object Repository/MOH AND GRN/Page_KDMC - CMS/select_--Select--No Tax0'

2018-05-14 13:44:55 - [TEST_STEP][PASSED] - setText: Finding Test Object with id 'Object Repository/MOH AND GRN/Page_KDMC - CMS/input_txtmrp'

2018-05-14 13:44:55 - [TEST_STEP][PASSED] - Statement - switch (id): Finding Test Object with id 'Object Repository/MOH AND GRN/Page_KDMC - CMS/input_txtdeal'

2018-05-14 13:44:55 - [TEST_STEP][PASSED] - Statement - case 4:: Text '25.0' is set on object 'Object Repository/MOH AND GRN/Page_KDMC - CMS/input_txtmrp'

2018-05-14 13:44:55 - [TEST_STEP][PASSED] - Statement - return (java.lang.Math.floor((java.lang.Math.random() * ((max - min) + 1))) + min): Text '25.0' is set on object 'Object Repository/MOH AND GRN/Page_KDMC - CMS/input_txtmrp'

2018-05-14 13:44:55 - [MESSAGE][PASSED] - Text '25.0' is set on object 'Object Repository/MOH AND GRN/Page_KDMC - CMS/input_txtmrp'

2018-05-14 13:44:55 - [TEST_STEP][PASSED] - setText: Finding Test Object with id 'Object Repository/MOH AND GRN/Page_KDMC - CMS/input_txtdeal'

2018-05-14 13:44:55 - [TEST_STEP][PASSED] - Statement - switch (id): Finding Test Object with id 'Object Repository/MOH AND GRN/Page_KDMC - CMS/input_txtbatchno'

2018-05-14 13:44:55 - [TEST_STEP][PASSED] - Statement - case 5:: Text '12.0' is set on object 'Object Repository/MOH AND GRN/Page_KDMC - CMS/input_txtdeal'

2018-05-14 13:44:55 - [TEST_STEP][PASSED] - Statement - return (java.lang.Math.floor((java.lang.Math.random() * ((max - min) + 1))) + min): Text '12.0' is set on object 'Object Repository/MOH AND GRN/Page_KDMC - CMS/input_txtdeal'

2018-05-14 13:44:55 - [MESSAGE][PASSED] - Text '12.0' is set on object 'Object Repository/MOH AND GRN/Page_KDMC - CMS/input_txtdeal'

2018-05-14 13:44:55 - [TEST_STEP][PASSED] - setText: Finding Test Object with id 'Object Repository/MOH AND GRN/Page_KDMC - CMS/input_txtbatchno'

2018-05-14 13:44:55 - [TEST_STEP][PASSED] - Statement - switch (id): Finding Test Object with id 'Object Repository/MOH AND GRN/Page_KDMC - CMS/input_txtmrp'

2018-05-14 13:44:55 - [TEST_STEP][PASSED] - Statement - case 1:: Text 'BA180.0' is set on object 'Object Repository/MOH AND GRN/Page_KDMC - CMS/input_txtbatchno'

2018-05-14 13:44:55 - [TEST_STEP][PASSED] - Statement - return (java.lang.Math.floor((java.lang.Math.random() * ((max - min) + 1))) + min): Text 'BA180.0' is set on object 'Object Repository/MOH AND GRN/Page_KDMC - CMS/input_txtbatchno'

2018-05-14 13:44:55 - [MESSAGE][PASSED] - Text 'BA180.0' is set on object 'Object Repository/MOH AND GRN/Page_KDMC - CMS/input_txtbatchno'

2018-05-14 13:44:55 - [TEST_STEP][PASSED] - rightClick: Object: 'Object Repository/GRN/Page_KDMC - CMS/input_txtexpdate' is right clicked on

2018-05-14 13:44:55 - [MESSAGE][PASSED] - Object: 'Object Repository/GRN/Page_KDMC - CMS/input_txtexpdate' is right clicked on

2018-05-14 13:44:55 - [TEST_STEP][PASSED] - selectOptionByIndex: All options with index in [3] are selected on object 'Object Repository/GRN/Page_KDMC - CMS/select_20182019202020212022202'

2018-05-14 13:44:56 - [MESSAGE][PASSED] - All options with index in [3] are selected on object 'Object Repository/GRN/Page_KDMC - CMS/select_20182019202020212022202'

2018-05-14 13:44:56 - [TEST_STEP][PASSED] - selectOptionByIndex: All options with index in [3] are selected on object 'Object Repository/GRN/Page_KDMC - CMS/select_JanFebMarAprMayJunJulAu'

2018-05-14 13:44:56 - [MESSAGE][PASSED] - All options with index in [3] are selected on object 'Object Repository/GRN/Page_KDMC - CMS/select_JanFebMarAprMayJunJulAu'

2018-05-14 13:44:56 - [TEST_STEP][PASSED] - click: Object: 'Object Repository/MOH AND GRN/Page_KDMC - CMS/a_12' is clicked on

2018-05-14 13:44:56 - [MESSAGE][PASSED] - Object: 'Object Repository/MOH AND GRN/Page_KDMC - CMS/a_12' is clicked on

2018-05-14 13:44:56 - [TEST_STEP][PASSED] - click: Object: 'Object Repository/MOH AND GRN/Page_KDMC - CMS/input_btnadd' is clicked on

2018-05-14 13:44:56 - [MESSAGE][PASSED] - Object: 'Object Repository/MOH AND GRN/Page_KDMC - CMS/input_btnadd' is clicked on

2018-05-14 13:44:56 - [TEST_STEP][PASSED] - Statement - If (s == 10): null

2018-05-14 13:44:56 - [TEST_STEP][PASSED] - Statement - Else: null

2018-05-14 13:44:56 - [TEST_STEP][PASSED] - Statement - (s++): null

2018-05-14 13:44:56 - [TEST_STEP][PASSED] - delay: Delayed 1 second(s)

2018-05-14 13:44:57 - [MESSAGE][PASSED] - Delayed 1 second(s)

2018-05-14 13:44:57 - [TEST_STEP][PASSED] - selectOptionByIndex: All options with index in [14] are selected on object 'Object Repository/MOH AND GRN/Page_KDMC - CMS/select_--Select--Amikacin -500'

2018-05-14 13:44:57 - [MESSAGE][PASSED] - All options with index in [14] are selected on object 'Object Repository/MOH AND GRN/Page_KDMC - CMS/select_--Select--Amikacin -500'

2018-05-14 13:44:57 - [TEST_STEP][PASSED] - setText: Text '5000' is set on object 'Object Repository/MOH AND GRN/Page_KDMC - CMS/input_txtqty'

2018-05-14 13:44:57 - [MESSAGE][PASSED] - Text '5000' is set on object 'Object Repository/MOH AND GRN/Page_KDMC - CMS/input_txtqty'

2018-05-14 13:44:57 - [TEST_STEP][PASSED] - selectOptionByIndex: All options with index in [1] are selected on object 'Object Repository/MOH AND GRN/Page_KDMC - CMS/select_--Select--No Tax0'

2018-05-14 13:44:57 - [MESSAGE][PASSED] - All options with index in [1] are selected on object 'Object Repository/MOH AND GRN/Page_KDMC - CMS/select_--Select--No Tax0'

2018-05-14 13:44:57 - [TEST_STEP][PASSED] - setText: Finding Test Object with id 'Object Repository/MOH AND GRN/Page_KDMC - CMS/input_txtmrp'

2018-05-14 13:44:57 - [TEST_STEP][PASSED] - Statement - switch (id): Finding Test Object with id 'Object Repository/MOH AND GRN/Page_KDMC - CMS/input_txtdeal'

2018-05-14 13:44:57 - [TEST_STEP][PASSED] - Statement - case 4:: Text '41.0' is set on object 'Object Repository/MOH AND GRN/Page_KDMC - CMS/input_txtmrp'

2018-05-14 13:44:57 - [TEST_STEP][PASSED] - Statement - return (java.lang.Math.floor((java.lang.Math.random() * ((max - min) + 1))) + min): Text '41.0' is set on object 'Object Repository/MOH AND GRN/Page_KDMC - CMS/input_txtmrp'

2018-05-14 13:44:58 - [MESSAGE][PASSED] - Text '41.0' is set on object 'Object Repository/MOH AND GRN/Page_KDMC - CMS/input_txtmrp'

2018-05-14 13:44:58 - [TEST_STEP][PASSED] - setText: Finding Test Object with id 'Object Repository/MOH AND GRN/Page_KDMC - CMS/input_txtdeal'

2018-05-14 13:44:58 - [TEST_STEP][PASSED] - Statement - switch (id): Finding Test Object with id 'Object Repository/MOH AND GRN/Page_KDMC - CMS/input_txtbatchno'

2018-05-14 13:44:58 - [TEST_STEP][PASSED] - Statement - case 5:: Text '5.0' is set on object 'Object Repository/MOH AND GRN/Page_KDMC - CMS/input_txtdeal'

2018-05-14 13:44:58 - [TEST_STEP][PASSED] - Statement - return (java.lang.Math.floor((java.lang.Math.random() * ((max - min) + 1))) + min): Text '5.0' is set on object 'Object Repository/MOH AND GRN/Page_KDMC - CMS/input_txtdeal'

2018-05-14 13:44:58 - [MESSAGE][PASSED] - Text '5.0' is set on object 'Object Repository/MOH AND GRN/Page_KDMC - CMS/input_txtdeal'

2018-05-14 13:44:58 - [TEST_STEP][PASSED] - setText: Finding Test Object with id 'Object Repository/MOH AND GRN/Page_KDMC - CMS/input_txtbatchno'

2018-05-14 13:44:58 - [TEST_STEP][PASSED] - Statement - switch (id): Finding Test Object with id 'Object Repository/MOH AND GRN/Page_KDMC - CMS/input_txtmrp'

2018-05-14 13:44:58 - [TEST_STEP][PASSED] - Statement - case 1:: Text 'BA162.0' is set on object 'Object Repository/MOH AND GRN/Page_KDMC - CMS/input_txtbatchno'

2018-05-14 13:44:58 - [TEST_STEP][PASSED] - Statement - return (java.lang.Math.floor((java.lang.Math.random() * ((max - min) + 1))) + min): Text 'BA162.0' is set on object 'Object Repository/MOH AND GRN/Page_KDMC - CMS/input_txtbatchno'

2018-05-14 13:44:58 - [MESSAGE][PASSED] - Text 'BA162.0' is set on object 'Object Repository/MOH AND GRN/Page_KDMC - CMS/input_txtbatchno'

2018-05-14 13:44:58 - [TEST_STEP][PASSED] - rightClick: Object: 'Object Repository/GRN/Page_KDMC - CMS/input_txtexpdate' is right clicked on

2018-05-14 13:44:58 - [MESSAGE][PASSED] - Object: 'Object Repository/GRN/Page_KDMC - CMS/input_txtexpdate' is right clicked on

2018-05-14 13:44:58 - [TEST_STEP][PASSED] - selectOptionByIndex: All options with index in [4] are selected on object 'Object Repository/GRN/Page_KDMC - CMS/select_20182019202020212022202'

2018-05-14 13:44:58 - [MESSAGE][PASSED] - All options with index in [4] are selected on object 'Object Repository/GRN/Page_KDMC - CMS/select_20182019202020212022202'

2018-05-14 13:44:58 - [TEST_STEP][PASSED] - selectOptionByIndex: All options with index in [4] are selected on object 'Object Repository/GRN/Page_KDMC - CMS/select_JanFebMarAprMayJunJulAu'

2018-05-14 13:44:58 - [MESSAGE][PASSED] - All options with index in [4] are selected on object 'Object Repository/GRN/Page_KDMC - CMS/select_JanFebMarAprMayJunJulAu'

2018-05-14 13:44:58 - [TEST_STEP][PASSED] - click: Object: 'Object Repository/MOH AND GRN/Page_KDMC - CMS/a_12' is clicked on

2018-05-14 13:44:58 - [MESSAGE][PASSED] - Object: 'Object Repository/MOH AND GRN/Page_KDMC - CMS/a_12' is clicked on

2018-05-14 13:44:58 - [TEST_STEP][PASSED] - click: Object: 'Object Repository/MOH AND GRN/Page_KDMC - CMS/input_btnadd' is clicked on

2018-05-14 13:44:58 - [MESSAGE][PASSED] - Object: 'Object Repository/MOH AND GRN/Page_KDMC - CMS/input_btnadd' is clicked on

2018-05-14 13:44:58 - [TEST_STEP][PASSED] - Statement - If (s == 10): null

2018-05-14 13:44:58 - [TEST_STEP][PASSED] - Statement - Else: null

2018-05-14 13:44:58 - [TEST_STEP][PASSED] - Statement - (s++): null

2018-05-14 13:44:58 - [TEST_STEP][PASSED] - delay: Delayed 1 second(s)

2018-05-14 13:44:59 - [MESSAGE][PASSED] - Delayed 1 second(s)

2018-05-14 13:44:59 - [TEST_STEP][PASSED] - selectOptionByIndex: All options with index in [15] are selected on object 'Object Repository/MOH AND GRN/Page_KDMC - CMS/select_--Select--Amikacin -500'

2018-05-14 13:45:00 - [MESSAGE][PASSED] - All options with index in [15] are selected on object 'Object Repository/MOH AND GRN/Page_KDMC - CMS/select_--Select--Amikacin -500'

2018-05-14 13:45:00 - [TEST_STEP][PASSED] - setText: Text '5000' is set on object 'Object Repository/MOH AND GRN/Page_KDMC - CMS/input_txtqty'

2018-05-14 13:45:00 - [MESSAGE][PASSED] - Text '5000' is set on object 'Object Repository/MOH AND GRN/Page_KDMC - CMS/input_txtqty'

2018-05-14 13:45:00 - [TEST_STEP][PASSED] - selectOptionByIndex: All options with index in [1] are selected on object 'Object Repository/MOH AND GRN/Page_KDMC - CMS/select_--Select--No Tax0'

2018-05-14 13:45:00 - [MESSAGE][PASSED] - All options with index in [1] are selected on object 'Object Repository/MOH AND GRN/Page_KDMC - CMS/select_--Select--No Tax0'

2018-05-14 13:45:00 - [TEST_STEP][PASSED] - setText: Finding Test Object with id 'Object Repository/MOH AND GRN/Page_KDMC - CMS/input_txtmrp'

2018-05-14 13:45:00 - [TEST_STEP][PASSED] - Statement - switch (id): Finding Test Object with id 'Object Repository/MOH AND GRN/Page_KDMC - CMS/input_txtdeal'

2018-05-14 13:45:00 - [TEST_STEP][PASSED] - Statement - case 4:: Text '42.0' is set on object 'Object Repository/MOH AND GRN/Page_KDMC - CMS/input_txtmrp'

2018-05-14 13:45:00 - [TEST_STEP][PASSED] - Statement - return (java.lang.Math.floor((java.lang.Math.random() * ((max - min) + 1))) + min): Text '42.0' is set on object 'Object Repository/MOH AND GRN/Page_KDMC - CMS/input_txtmrp'

2018-05-14 13:45:00 - [MESSAGE][PASSED] - Text '42.0' is set on object 'Object Repository/MOH AND GRN/Page_KDMC - CMS/input_txtmrp'

2018-05-14 13:45:00 - [TEST_STEP][PASSED] - setText: Finding Test Object with id 'Object Repository/MOH AND GRN/Page_KDMC - CMS/input_txtdeal'

2018-05-14 13:45:00 - [TEST_STEP][PASSED] - Statement - switch (id): Finding Test Object with id 'Object Repository/MOH AND GRN/Page_KDMC - CMS/input_txtbatchno'

2018-05-14 13:45:00 - [TEST_STEP][PASSED] - Statement - case 5:: Text '7.0' is set on object 'Object Repository/MOH AND GRN/Page_KDMC - CMS/input_txtdeal'

2018-05-14 13:45:00 - [TEST_STEP][PASSED] - Statement - return (java.lang.Math.floor((java.lang.Math.random() * ((max - min) + 1))) + min): Text '7.0' is set on object 'Object Repository/MOH AND GRN/Page_KDMC - CMS/input_txtdeal'

2018-05-14 13:45:00 - [MESSAGE][PASSED] - Text '7.0' is set on object 'Object Repository/MOH AND GRN/Page_KDMC - CMS/input_txtdeal'

2018-05-14 13:45:00 - [TEST_STEP][PASSED] - setText: Finding Test Object with id 'Object Repository/MOH AND GRN/Page_KDMC - CMS/input_txtbatchno'

2018-05-14 13:45:00 - [TEST_STEP][PASSED] - Statement - switch (id): Finding Test Object with id 'Object Repository/MOH AND GRN/Page_KDMC - CMS/input_txtmrp'

2018-05-14 13:45:00 - [TEST_STEP][PASSED] - Statement - case 1:: Text 'BA781.0' is set on object 'Object Repository/MOH AND GRN/Page_KDMC - CMS/input_txtbatchno'

2018-05-14 13:45:00 - [TEST_STEP][PASSED] - Statement - return (java.lang.Math.floor((java.lang.Math.random() * ((max - min) + 1))) + min): Text 'BA781.0' is set on object 'Object Repository/MOH AND GRN/Page_KDMC - CMS/input_txtbatchno'

2018-05-14 13:45:00 - [MESSAGE][PASSED] - Text 'BA781.0' is set on object 'Object Repository/MOH AND GRN/Page_KDMC - CMS/input_txtbatchno'

2018-05-14 13:45:00 - [TEST_STEP][PASSED] - rightClick: Object: 'Object Repository/GRN/Page_KDMC - CMS/input_txtexpdate' is right clicked on

2018-05-14 13:45:00 - [MESSAGE][PASSED] - Object: 'Object Repository/GRN/Page_KDMC - CMS/input_txtexpdate' is right clicked on

2018-05-14 13:45:00 - [TEST_STEP][PASSED] - selectOptionByIndex: All options with index in [5] are selected on object 'Object Repository/GRN/Page_KDMC - CMS/select_20182019202020212022202'

2018-05-14 13:45:01 - [MESSAGE][PASSED] - All options with index in [5] are selected on object 'Object Repository/GRN/Page_KDMC - CMS/select_20182019202020212022202'

2018-05-14 13:45:01 - [TEST_STEP][PASSED] - selectOptionByIndex: All options with index in [5] are selected on object 'Object Repository/GRN/Page_KDMC - CMS/select_JanFebMarAprMayJunJulAu'

2018-05-14 13:45:01 - [MESSAGE][PASSED] - All options with index in [5] are selected on object 'Object Repository/GRN/Page_KDMC - CMS/select_JanFebMarAprMayJunJulAu'

2018-05-14 13:45:01 - [TEST_STEP][PASSED] - click: Object: 'Object Repository/MOH AND GRN/Page_KDMC - CMS/a_12' is clicked on

2018-05-14 13:45:01 - [MESSAGE][PASSED] - Object: 'Object Repository/MOH AND GRN/Page_KDMC - CMS/a_12' is clicked on

2018-05-14 13:45:01 - [TEST_STEP][PASSED] - click: Object: 'Object Repository/MOH AND GRN/Page_KDMC - CMS/input_btnadd' is clicked on

2018-05-14 13:45:01 - [MESSAGE][PASSED] - Object: 'Object Repository/MOH AND GRN/Page_KDMC - CMS/input_btnadd' is clicked on

2018-05-14 13:45:01 - [TEST_STEP][PASSED] - Statement - If (s == 10): null

2018-05-14 13:45:01 - [TEST_STEP][PASSED] - Statement - Else: null

2018-05-14 13:45:01 - [TEST_STEP][PASSED] - Statement - (s++): null

2018-05-14 13:45:01 - [TEST_STEP][PASSED] - delay: Delayed 1 second(s)

2018-05-14 13:45:02 - [MESSAGE][PASSED] - Delayed 1 second(s)

2018-05-14 13:45:02 - [TEST_STEP][PASSED] - selectOptionByIndex: All options with index in [16] are selected on object 'Object Repository/MOH AND GRN/Page_KDMC - CMS/select_--Select--Amikacin -500'

2018-05-14 13:45:02 - [MESSAGE][PASSED] - All options with index in [16] are selected on object 'Object Repository/MOH AND GRN/Page_KDMC - CMS/select_--Select--Amikacin -500'

2018-05-14 13:45:02 - [TEST_STEP][PASSED] - setText: Text '5000' is set on object 'Object Repository/MOH AND GRN/Page_KDMC - CMS/input_txtqty'

2018-05-14 13:45:02 - [MESSAGE][PASSED] - Text '5000' is set on object 'Object Repository/MOH AND GRN/Page_KDMC - CMS/input_txtqty'

2018-05-14 13:45:02 - [TEST_STEP][PASSED] - selectOptionByIndex: All options with index in [1] are selected on object 'Object Repository/MOH AND GRN/Page_KDMC - CMS/select_--Select--No Tax0'

2018-05-14 13:45:03 - [MESSAGE][PASSED] - All options with index in [1] are selected on object 'Object Repository/MOH AND GRN/Page_KDMC - CMS/select_--Select--No Tax0'

2018-05-14 13:45:03 - [TEST_STEP][PASSED] - setText: Finding Test Object with id 'Object Repository/MOH AND GRN/Page_KDMC - CMS/input_txtmrp'

2018-05-14 13:45:03 - [TEST_STEP][PASSED] - Statement - switch (id): Finding Test Object with id 'Object Repository/MOH AND GRN/Page_KDMC - CMS/input_txtdeal'

2018-05-14 13:45:03 - [TEST_STEP][PASSED] - Statement - case 4:: Text '39.0' is set on object 'Object Repository/MOH AND GRN/Page_KDMC - CMS/input_txtmrp'

2018-05-14 13:45:03 - [TEST_STEP][PASSED] - Statement - return (java.lang.Math.floor((java.lang.Math.random() * ((max - min) + 1))) + min): Text '39.0' is set on object 'Object Repository/MOH AND GRN/Page_KDMC - CMS/input_txtmrp'

2018-05-14 13:45:03 - [MESSAGE][PASSED] - Text '39.0' is set on object 'Object Repository/MOH AND GRN/Page_KDMC - CMS/input_txtmrp'

2018-05-14 13:45:03 - [TEST_STEP][PASSED] - setText: Finding Test Object with id 'Object Repository/MOH AND GRN/Page_KDMC - CMS/input_txtdeal'

2018-05-14 13:45:03 - [TEST_STEP][PASSED] - Statement - switch (id): Finding Test Object with id 'Object Repository/MOH AND GRN/Page_KDMC - CMS/input_txtbatchno'

2018-05-14 13:45:03 - [TEST_STEP][PASSED] - Statement - case 5:: Text '11.0' is set on object 'Object Repository/MOH AND GRN/Page_KDMC - CMS/input_txtdeal'

2018-05-14 13:45:03 - [TEST_STEP][PASSED] - Statement - return (java.lang.Math.floor((java.lang.Math.random() * ((max - min) + 1))) + min): Text '11.0' is set on object 'Object Repository/MOH AND GRN/Page_KDMC - CMS/input_txtdeal'

2018-05-14 13:45:03 - [MESSAGE][PASSED] - Text '11.0' is set on object 'Object Repository/MOH AND GRN/Page_KDMC - CMS/input_txtdeal'

2018-05-14 13:45:03 - [TEST_STEP][PASSED] - setText: Finding Test Object with id 'Object Repository/MOH AND GRN/Page_KDMC - CMS/input_txtbatchno'

2018-05-14 13:45:03 - [TEST_STEP][PASSED] - Statement - switch (id): Finding Test Object with id 'Object Repository/MOH AND GRN/Page_KDMC - CMS/input_txtmrp'

2018-05-14 13:45:03 - [TEST_STEP][PASSED] - Statement - case 1:: Text 'BA260.0' is set on object 'Object Repository/MOH AND GRN/Page_KDMC - CMS/input_txtbatchno'

2018-05-14 13:45:03 - [TEST_STEP][PASSED] - Statement - return (java.lang.Math.floor((java.lang.Math.random() * ((max - min) + 1))) + min): Text 'BA260.0' is set on object 'Object Repository/MOH AND GRN/Page_KDMC - CMS/input_txtbatchno'

2018-05-14 13:45:03 - [MESSAGE][PASSED] - Text 'BA260.0' is set on object 'Object Repository/MOH AND GRN/Page_KDMC - CMS/input_txtbatchno'

2018-05-14 13:45:03 - [TEST_STEP][PASSED] - rightClick: Object: 'Object Repository/GRN/Page_KDMC - CMS/input_txtexpdate' is right clicked on

2018-05-14 13:45:03 - [MESSAGE][PASSED] - Object: 'Object Repository/GRN/Page_KDMC - CMS/input_txtexpdate' is right clicked on

2018-05-14 13:45:03 - [TEST_STEP][PASSED] - selectOptionByIndex: All options with index in [6] are selected on object 'Object Repository/GRN/Page_KDMC - CMS/select_20182019202020212022202'

2018-05-14 13:45:03 - [MESSAGE][PASSED] - All options with index in [6] are selected on object 'Object Repository/GRN/Page_KDMC - CMS/select_20182019202020212022202'

2018-05-14 13:45:03 - [TEST_STEP][PASSED] - selectOptionByIndex: All options with index in [6] are selected on object 'Object Repository/GRN/Page_KDMC - CMS/select_JanFebMarAprMayJunJulAu'

2018-05-14 13:45:03 - [MESSAGE][PASSED] - All options with index in [6] are selected on object 'Object Repository/GRN/Page_KDMC - CMS/select_JanFebMarAprMayJunJulAu'

2018-05-14 13:45:03 - [TEST_STEP][PASSED] - click: Object: 'Object Repository/MOH AND GRN/Page_KDMC - CMS/a_12' is clicked on

2018-05-14 13:45:04 - [MESSAGE][PASSED] - Object: 'Object Repository/MOH AND GRN/Page_KDMC - CMS/a_12' is clicked on

2018-05-14 13:45:04 - [TEST_STEP][PASSED] - click: Object: 'Object Repository/MOH AND GRN/Page_KDMC - CMS/input_btnadd' is clicked on

2018-05-14 13:45:04 - [MESSAGE][PASSED] - Object: 'Object Repository/MOH AND GRN/Page_KDMC - CMS/input_btnadd' is clicked on

2018-05-14 13:45:04 - [TEST_STEP][PASSED] - Statement - If (s == 10): null

2018-05-14 13:45:04 - [TEST_STEP][PASSED] - Statement - Else: null

2018-05-14 13:45:04 - [TEST_STEP][PASSED] - Statement - (s++): null

2018-05-14 13:45:04 - [TEST_STEP][PASSED] - delay: Delayed 1 second(s)

2018-05-14 13:45:05 - [MESSAGE][PASSED] - Delayed 1 second(s)

2018-05-14 13:45:05 - [TEST_STEP][PASSED] - selectOptionByIndex: All options with index in [17] are selected on object 'Object Repository/MOH AND GRN/Page_KDMC - CMS/select_--Select--Amikacin -500'

2018-05-14 13:45:05 - [MESSAGE][PASSED] - All options with index in [17] are selected on object 'Object Repository/MOH AND GRN/Page_KDMC - CMS/select_--Select--Amikacin -500'

2018-05-14 13:45:05 - [TEST_STEP][PASSED] - setText: Text '5000' is set on object 'Object Repository/MOH AND GRN/Page_KDMC - CMS/input_txtqty'

2018-05-14 13:45:05 - [MESSAGE][PASSED] - Text '5000' is set on object 'Object Repository/MOH AND GRN/Page_KDMC - CMS/input_txtqty'

2018-05-14 13:45:05 - [TEST_STEP][PASSED] - selectOptionByIndex: All options with index in [1] are selected on object 'Object Repository/MOH AND GRN/Page_KDMC - CMS/select_--Select--No Tax0'

2018-05-14 13:45:05 - [MESSAGE][PASSED] - All options with index in [1] are selected on object 'Object Repository/MOH AND GRN/Page_KDMC - CMS/select_--Select--No Tax0'

2018-05-14 13:45:05 - [TEST_STEP][PASSED] - setText: Finding Test Object with id 'Object Repository/MOH AND GRN/Page_KDMC - CMS/input_txtmrp'

2018-05-14 13:45:05 - [TEST_STEP][PASSED] - Statement - switch (id): Finding Test Object with id 'Object Repository/MOH AND GRN/Page_KDMC - CMS/input_txtdeal'

2018-05-14 13:45:05 - [TEST_STEP][PASSED] - Statement - case 4:: Text '19.0' is set on object 'Object Repository/MOH AND GRN/Page_KDMC - CMS/input_txtmrp'

2018-05-14 13:45:05 - [TEST_STEP][PASSED] - Statement - return (java.lang.Math.floor((java.lang.Math.random() * ((max - min) + 1))) + min): Text '19.0' is set on object 'Object Repository/MOH AND GRN/Page_KDMC - CMS/input_txtmrp'

2018-05-14 13:45:05 - [MESSAGE][PASSED] - Text '19.0' is set on object 'Object Repository/MOH AND GRN/Page_KDMC - CMS/input_txtmrp'

2018-05-14 13:45:05 - [TEST_STEP][PASSED] - setText: Finding Test Object with id 'Object Repository/MOH AND GRN/Page_KDMC - CMS/input_txtdeal'

2018-05-14 13:45:05 - [TEST_STEP][PASSED] - Statement - switch (id): Finding Test Object with id 'Object Repository/MOH AND GRN/Page_KDMC - CMS/input_txtbatchno'

2018-05-14 13:45:05 - [TEST_STEP][PASSED] - Statement - case 5:: Text '11.0' is set on object 'Object Repository/MOH AND GRN/Page_KDMC - CMS/input_txtdeal'

2018-05-14 13:45:05 - [TEST_STEP][PASSED] - Statement - return (java.lang.Math.floor((java.lang.Math.random() * ((max - min) + 1))) + min): Text '11.0' is set on object 'Object Repository/MOH AND GRN/Page_KDMC - CMS/input_txtdeal'

2018-05-14 13:45:05 - [MESSAGE][PASSED] - Text '11.0' is set on object 'Object Repository/MOH AND GRN/Page_KDMC - CMS/input_txtdeal'

2018-05-14 13:45:05 - [TEST_STEP][PASSED] - setText: Finding Test Object with id 'Object Repository/MOH AND GRN/Page_KDMC - CMS/input_txtbatchno'

2018-05-14 13:45:05 - [TEST_STEP][PASSED] - Statement - switch (id): Finding Test Object with id 'Object Repository/MOH AND GRN/Page_KDMC - CMS/input_txtmrp'

2018-05-14 13:45:05 - [TEST_STEP][PASSED] - Statement - case 1:: Text 'BA788.0' is set on object 'Object Repository/MOH AND GRN/Page_KDMC - CMS/input_txtbatchno'

2018-05-14 13:45:05 - [TEST_STEP][PASSED] - Statement - return (java.lang.Math.floor((java.lang.Math.random() * ((max - min) + 1))) + min): Text 'BA788.0' is set on object 'Object Repository/MOH AND GRN/Page_KDMC - CMS/input_txtbatchno'

2018-05-14 13:45:06 - [MESSAGE][PASSED] - Text 'BA788.0' is set on object 'Object Repository/MOH AND GRN/Page_KDMC - CMS/input_txtbatchno'

2018-05-14 13:45:06 - [TEST_STEP][PASSED] - rightClick: Object: 'Object Repository/GRN/Page_KDMC - CMS/input_txtexpdate' is right clicked on

2018-05-14 13:45:06 - [MESSAGE][PASSED] - Object: 'Object Repository/GRN/Page_KDMC - CMS/input_txtexpdate' is right clicked on

2018-05-14 13:45:06 - [TEST_STEP][PASSED] - selectOptionByIndex: All options with index in [7] are selected on object 'Object Repository/GRN/Page_KDMC - CMS/select_20182019202020212022202'

2018-05-14 13:45:06 - [MESSAGE][PASSED] - All options with index in [7] are selected on object 'Object Repository/GRN/Page_KDMC - CMS/select_20182019202020212022202'

2018-05-14 13:45:06 - [TEST_STEP][PASSED] - selectOptionByIndex: All options with index in [7] are selected on object 'Object Repository/GRN/Page_KDMC - CMS/select_JanFebMarAprMayJunJulAu'

2018-05-14 13:45:06 - [MESSAGE][PASSED] - All options with index in [7] are selected on object 'Object Repository/GRN/Page_KDMC - CMS/select_JanFebMarAprMayJunJulAu'

2018-05-14 13:45:06 - [TEST_STEP][PASSED] - click: Object: 'Object Repository/MOH AND GRN/Page_KDMC - CMS/a_12' is clicked on

2018-05-14 13:45:06 - [MESSAGE][PASSED] - Object: 'Object Repository/MOH AND GRN/Page_KDMC - CMS/a_12' is clicked on

2018-05-14 13:45:06 - [TEST_STEP][PASSED] - click: Object: 'Object Repository/MOH AND GRN/Page_KDMC - CMS/input_btnadd' is clicked on

2018-05-14 13:45:06 - [MESSAGE][PASSED] - Object: 'Object Repository/MOH AND GRN/Page_KDMC - CMS/input_btnadd' is clicked on

2018-05-14 13:45:06 - [TEST_STEP][PASSED] - Statement - If (s == 10): null

2018-05-14 13:45:06 - [TEST_STEP][PASSED] - Statement - Else: null

2018-05-14 13:45:06 - [TEST_STEP][PASSED] - Statement - (s++): null

2018-05-14 13:45:06 - [TEST_STEP][PASSED] - delay: Delayed 1 second(s)

2018-05-14 13:45:07 - [MESSAGE][PASSED] - Delayed 1 second(s)

2018-05-14 13:45:07 - [TEST_STEP][PASSED] - selectOptionByIndex: All options with index in [18] are selected on object 'Object Repository/MOH AND GRN/Page_KDMC - CMS/select_--Select--Amikacin -500'

2018-05-14 13:45:08 - [MESSAGE][PASSED] - All options with index in [18] are selected on object 'Object Repository/MOH AND GRN/Page_KDMC - CMS/select_--Select--Amikacin -500'

2018-05-14 13:45:08 - [TEST_STEP][PASSED] - setText: Text '5000' is set on object 'Object Repository/MOH AND GRN/Page_KDMC - CMS/input_txtqty'

2018-05-14 13:45:08 - [MESSAGE][PASSED] - Text '5000' is set on object 'Object Repository/MOH AND GRN/Page_KDMC - CMS/input_txtqty'

2018-05-14 13:45:08 - [TEST_STEP][PASSED] - selectOptionByIndex: All options with index in [1] are selected on object 'Object Repository/MOH AND GRN/Page_KDMC - CMS/select_--Select--No Tax0'

2018-05-14 13:45:08 - [MESSAGE][PASSED] - All options with index in [1] are selected on object 'Object Repository/MOH AND GRN/Page_KDMC - CMS/select_--Select--No Tax0'

2018-05-14 13:45:08 - [TEST_STEP][PASSED] - setText: Finding Test Object with id 'Object Repository/MOH AND GRN/Page_KDMC - CMS/input_txtmrp'

2018-05-14 13:45:08 - [TEST_STEP][PASSED] - Statement - switch (id): Finding Test Object with id 'Object Repository/MOH AND GRN/Page_KDMC - CMS/input_txtdeal'

2018-05-14 13:45:08 - [TEST_STEP][PASSED] - Statement - case 4:: Text '17.0' is set on object 'Object Repository/MOH AND GRN/Page_KDMC - CMS/input_txtmrp'

2018-05-14 13:45:08 - [TEST_STEP][PASSED] - Statement - return (java.lang.Math.floor((java.lang.Math.random() * ((max - min) + 1))) + min): Text '17.0' is set on object 'Object Repository/MOH AND GRN/Page_KDMC - CMS/input_txtmrp'

2018-05-14 13:45:08 - [MESSAGE][PASSED] - Text '17.0' is set on object 'Object Repository/MOH AND GRN/Page_KDMC - CMS/input_txtmrp'

2018-05-14 13:45:08 - [TEST_STEP][PASSED] - setText: Finding Test Object with id 'Object Repository/MOH AND GRN/Page_KDMC - CMS/input_txtdeal'

2018-05-14 13:45:08 - [TEST_STEP][PASSED] - Statement - switch (id): Finding Test Object with id 'Object Repository/MOH AND GRN/Page_KDMC - CMS/input_txtbatchno'

2018-05-14 13:45:08 - [TEST_STEP][PASSED] - Statement - case 5:: Text '6.0' is set on object 'Object Repository/MOH AND GRN/Page_KDMC - CMS/input_txtdeal'

2018-05-14 13:45:08 - [TEST_STEP][PASSED] - Statement - return (java.lang.Math.floor((java.lang.Math.random() * ((max - min) + 1))) + min): Text '6.0' is set on object 'Object Repository/MOH AND GRN/Page_KDMC - CMS/input_txtdeal'

2018-05-14 13:45:08 - [MESSAGE][PASSED] - Text '6.0' is set on object 'Object Repository/MOH AND GRN/Page_KDMC - CMS/input_txtdeal'

2018-05-14 13:45:08 - [TEST_STEP][PASSED] - setText: Finding Test Object with id 'Object Repository/MOH AND GRN/Page_KDMC - CMS/input_txtbatchno'

2018-05-14 13:45:08 - [TEST_STEP][PASSED] - Statement - switch (id): Finding Test Object with id 'Object Repository/MOH AND GRN/Page_KDMC - CMS/input_txtmrp'

2018-05-14 13:45:08 - [TEST_STEP][PASSED] - Statement - case 1:: Text 'BA234.0' is set on object 'Object Repository/MOH AND GRN/Page_KDMC - CMS/input_txtbatchno'

2018-05-14 13:45:08 - [TEST_STEP][PASSED] - Statement - return (java.lang.Math.floor((java.lang.Math.random() * ((max - min) + 1))) + min): Text 'BA234.0' is set on object 'Object Repository/MOH AND GRN/Page_KDMC - CMS/input_txtbatchno'

2018-05-14 13:45:08 - [MESSAGE][PASSED] - Text 'BA234.0' is set on object 'Object Repository/MOH AND GRN/Page_KDMC - CMS/input_txtbatchno'

2018-05-14 13:45:08 - [TEST_STEP][PASSED] - rightClick: Object: 'Object Repository/GRN/Page_KDMC - CMS/input_txtexpdate' is right clicked on

2018-05-14 13:45:08 - [MESSAGE][PASSED] - Object: 'Object Repository/GRN/Page_KDMC - CMS/input_txtexpdate' is right clicked on

2018-05-14 13:45:08 - [TEST_STEP][PASSED] - selectOptionByIndex: All options with index in [8] are selected on object 'Object Repository/GRN/Page_KDMC - CMS/select_20182019202020212022202'

2018-05-14 13:45:09 - [MESSAGE][PASSED] - All options with index in [8] are selected on object 'Object Repository/GRN/Page_KDMC - CMS/select_20182019202020212022202'

2018-05-14 13:45:09 - [TEST_STEP][PASSED] - selectOptionByIndex: All options with index in [8] are selected on object 'Object Repository/GRN/Page_KDMC - CMS/select_JanFebMarAprMayJunJulAu'

2018-05-14 13:45:09 - [MESSAGE][PASSED] - All options with index in [8] are selected on object 'Object Repository/GRN/Page_KDMC - CMS/select_JanFebMarAprMayJunJulAu'

2018-05-14 13:45:09 - [TEST_STEP][PASSED] - click: Object: 'Object Repository/MOH AND GRN/Page_KDMC - CMS/a_12' is clicked on

2018-05-14 13:45:09 - [MESSAGE][PASSED] - Object: 'Object Repository/MOH AND GRN/Page_KDMC - CMS/a_12' is clicked on

2018-05-14 13:45:09 - [TEST_STEP][PASSED] - click: Object: 'Object Repository/MOH AND GRN/Page_KDMC - CMS/input_btnadd' is clicked on

2018-05-14 13:45:09 - [MESSAGE][PASSED] - Object: 'Object Repository/MOH AND GRN/Page_KDMC - CMS/input_btnadd' is clicked on

2018-05-14 13:45:09 - [TEST_STEP][PASSED] - Statement - If (s == 10): null

2018-05-14 13:45:09 - [TEST_STEP][PASSED] - Statement - Else: null

2018-05-14 13:45:09 - [TEST_STEP][PASSED] - Statement - (s++): null

2018-05-14 13:45:09 - [TEST_STEP][PASSED] - delay: Delayed 1 second(s)

2018-05-14 13:45:10 - [MESSAGE][PASSED] - Delayed 1 second(s)

2018-05-14 13:45:10 - [TEST_STEP][PASSED] - selectOptionByIndex: All options with index in [19] are selected on object 'Object Repository/MOH AND GRN/Page_KDMC - CMS/select_--Select--Amikacin -500'

2018-05-14 13:45:10 - [MESSAGE][PASSED] - All options with index in [19] are selected on object 'Object Repository/MOH AND GRN/Page_KDMC - CMS/select_--Select--Amikacin -500'

2018-05-14 13:45:10 - [TEST_STEP][PASSED] - setText: Text '5000' is set on object 'Object Repository/MOH AND GRN/Page_KDMC - CMS/input_txtqty'

2018-05-14 13:45:10 - [MESSAGE][PASSED] - Text '5000' is set on object 'Object Repository/MOH AND GRN/Page_KDMC - CMS/input_txtqty'

2018-05-14 13:45:10 - [TEST_STEP][PASSED] - selectOptionByIndex: All options with index in [1] are selected on object 'Object Repository/MOH AND GRN/Page_KDMC - CMS/select_--Select--No Tax0'

2018-05-14 13:45:11 - [MESSAGE][PASSED] - All options with index in [1] are selected on object 'Object Repository/MOH AND GRN/Page_KDMC - CMS/select_--Select--No Tax0'

2018-05-14 13:45:11 - [TEST_STEP][PASSED] - setText: Finding Test Object with id 'Object Repository/MOH AND GRN/Page_KDMC - CMS/input_txtmrp'

2018-05-14 13:45:11 - [TEST_STEP][PASSED] - Statement - switch (id): Finding Test Object with id 'Object Repository/MOH AND GRN/Page_KDMC - CMS/input_txtdeal'

2018-05-14 13:45:11 - [TEST_STEP][PASSED] - Statement - case 4:: Text '25.0' is set on object 'Object Repository/MOH AND GRN/Page_KDMC - CMS/input_txtmrp'

2018-05-14 13:45:11 - [TEST_STEP][PASSED] - Statement - return (java.lang.Math.floor((java.lang.Math.random() * ((max - min) + 1))) + min): Text '25.0' is set on object 'Object Repository/MOH AND GRN/Page_KDMC - CMS/input_txtmrp'

2018-05-14 13:45:11 - [MESSAGE][PASSED] - Text '25.0' is set on object 'Object Repository/MOH AND GRN/Page_KDMC - CMS/input_txtmrp'

2018-05-14 13:45:11 - [TEST_STEP][PASSED] - setText: Finding Test Object with id 'Object Repository/MOH AND GRN/Page_KDMC - CMS/input_txtdeal'

2018-05-14 13:45:11 - [TEST_STEP][PASSED] - Statement - switch (id): Finding Test Object with id 'Object Repository/MOH AND GRN/Page_KDMC - CMS/input_txtbatchno'

2018-05-14 13:45:11 - [TEST_STEP][PASSED] - Statement - case 5:: Text '12.0' is set on object 'Object Repository/MOH AND GRN/Page_KDMC - CMS/input_txtdeal'

2018-05-14 13:45:11 - [TEST_STEP][PASSED] - Statement - return (java.lang.Math.floor((java.lang.Math.random() * ((max - min) + 1))) + min): Text '12.0' is set on object 'Object Repository/MOH AND GRN/Page_KDMC - CMS/input_txtdeal'

2018-05-14 13:45:11 - [MESSAGE][PASSED] - Text '12.0' is set on object 'Object Repository/MOH AND GRN/Page_KDMC - CMS/input_txtdeal'

2018-05-14 13:45:11 - [TEST_STEP][PASSED] - setText: Finding Test Object with id 'Object Repository/MOH AND GRN/Page_KDMC - CMS/input_txtbatchno'

2018-05-14 13:45:11 - [TEST_STEP][PASSED] - Statement - switch (id): Finding Test Object with id 'Object Repository/MOH AND GRN/Page_KDMC - CMS/input_txtmrp'

2018-05-14 13:45:11 - [TEST_STEP][PASSED] - Statement - case 1:: Text 'BA382.0' is set on object 'Object Repository/MOH AND GRN/Page_KDMC - CMS/input_txtbatchno'

2018-05-14 13:45:11 - [TEST_STEP][PASSED] - Statement - return (java.lang.Math.floor((java.lang.Math.random() * ((max - min) + 1))) + min): Text 'BA382.0' is set on object 'Object Repository/MOH AND GRN/Page_KDMC - CMS/input_txtbatchno'

2018-05-14 13:45:11 - [MESSAGE][PASSED] - Text 'BA382.0' is set on object 'Object Repository/MOH AND GRN/Page_KDMC - CMS/input_txtbatchno'

2018-05-14 13:45:11 - [TEST_STEP][PASSED] - rightClick: Object: 'Object Repository/GRN/Page_KDMC - CMS/input_txtexpdate' is right clicked on

2018-05-14 13:45:11 - [MESSAGE][PASSED] - Object: 'Object Repository/GRN/Page_KDMC - CMS/input_txtexpdate' is right clicked on

2018-05-14 13:45:11 - [TEST_STEP][PASSED] - selectOptionByIndex: All options with index in [9] are selected on object 'Object Repository/GRN/Page_KDMC - CMS/select_20182019202020212022202'

2018-05-14 13:45:11 - [MESSAGE][PASSED] - All options with index in [9] are selected on object 'Object Repository/GRN/Page_KDMC - CMS/select_20182019202020212022202'

2018-05-14 13:45:11 - [TEST_STEP][PASSED] - selectOptionByIndex: All options with index in [9] are selected on object 'Object Repository/GRN/Page_KDMC - CMS/select_JanFebMarAprMayJunJulAu'

2018-05-14 13:45:11 - [MESSAGE][PASSED] - All options with index in [9] are selected on object 'Object Repository/GRN/Page_KDMC - CMS/select_JanFebMarAprMayJunJulAu'

2018-05-14 13:45:11 - [TEST_STEP][PASSED] - click: Object: 'Object Repository/MOH AND GRN/Page_KDMC - CMS/a_12' is clicked on

2018-05-14 13:45:12 - [MESSAGE][PASSED] - Object: 'Object Repository/MOH AND GRN/Page_KDMC - CMS/a_12' is clicked on

2018-05-14 13:45:12 - [TEST_STEP][PASSED] - click: Object: 'Object Repository/MOH AND GRN/Page_KDMC - CMS/input_btnadd' is clicked on

2018-05-14 13:45:12 - [MESSAGE][PASSED] - Object: 'Object Repository/MOH AND GRN/Page_KDMC - CMS/input_btnadd' is clicked on

2018-05-14 13:45:12 - [TEST_STEP][PASSED] - Statement - If (s == 10): null

2018-05-14 13:45:12 - [TEST_STEP][PASSED] - Statement - Else: null

2018-05-14 13:45:12 - [TEST_STEP][PASSED] - Statement - (s++): null

2018-05-14 13:45:12 - [TEST_STEP][PASSED] - delay: Delayed 1 second(s)

2018-05-14 13:45:13 - [MESSAGE][PASSED] - Delayed 1 second(s)

2018-05-14 13:45:13 - [TEST_STEP][PASSED] - selectOptionByIndex: All options with index in [20] are selected on object 'Object Repository/MOH AND GRN/Page_KDMC - CMS/select_--Select--Amikacin -500'

2018-05-14 13:45:13 - [MESSAGE][PASSED] - All options with index in [20] are selected on object 'Object Repository/MOH AND GRN/Page_KDMC - CMS/select_--Select--Amikacin -500'

2018-05-14 13:45:13 - [TEST_STEP][PASSED] - setText: Text '5000' is set on object 'Object Repository/MOH AND GRN/Page_KDMC - CMS/input_txtqty'

2018-05-14 13:45:13 - [MESSAGE][PASSED] - Text '5000' is set on object 'Object Repository/MOH AND GRN/Page_KDMC - CMS/input_txtqty'

2018-05-14 13:45:13 - [TEST_STEP][PASSED] - selectOptionByIndex: All options with index in [1] are selected on object 'Object Repository/MOH AND GRN/Page_KDMC - CMS/select_--Select--No Tax0'

2018-05-14 13:45:13 - [MESSAGE][PASSED] - All options with index in [1] are selected on object 'Object Repository/MOH AND GRN/Page_KDMC - CMS/select_--Select--No Tax0'

2018-05-14 13:45:13 - [TEST_STEP][PASSED] - setText: Finding Test Object with id 'Object Repository/MOH AND GRN/Page_KDMC - CMS/input_txtmrp'

2018-05-14 13:45:13 - [TEST_STEP][PASSED] - Statement - switch (id): Finding Test Object with id 'Object Repository/MOH AND GRN/Page_KDMC - CMS/input_txtdeal'

2018-05-14 13:45:13 - [TEST_STEP][PASSED] - Statement - case 4:: Text '26.0' is set on object 'Object Repository/MOH AND GRN/Page_KDMC - CMS/input_txtmrp'

2018-05-14 13:45:13 - [TEST_STEP][PASSED] - Statement - return (java.lang.Math.floor((java.lang.Math.random() * ((max - min) + 1))) + min): Text '26.0' is set on object 'Object Repository/MOH AND GRN/Page_KDMC - CMS/input_txtmrp'

2018-05-14 13:45:13 - [MESSAGE][PASSED] - Text '26.0' is set on object 'Object Repository/MOH AND GRN/Page_KDMC - CMS/input_txtmrp'

2018-05-14 13:45:13 - [TEST_STEP][PASSED] - setText: Finding Test Object with id 'Object Repository/MOH AND GRN/Page_KDMC - CMS/input_txtdeal'

2018-05-14 13:45:13 - [TEST_STEP][PASSED] - Statement - switch (id): Finding Test Object with id 'Object Repository/MOH AND GRN/Page_KDMC - CMS/input_txtbatchno'

2018-05-14 13:45:13 - [TEST_STEP][PASSED] - Statement - case 5:: Text '3.0' is set on object 'Object Repository/MOH AND GRN/Page_KDMC - CMS/input_txtdeal'

2018-05-14 13:45:13 - [TEST_STEP][PASSED] - Statement - return (java.lang.Math.floor((java.lang.Math.random() * ((max - min) + 1))) + min): Text '3.0' is set on object 'Object Repository/MOH AND GRN/Page_KDMC - CMS/input_txtdeal'

2018-05-14 13:45:13 - [MESSAGE][PASSED] - Text '3.0' is set on object 'Object Repository/MOH AND GRN/Page_KDMC - CMS/input_txtdeal'

2018-05-14 13:45:13 - [TEST_STEP][PASSED] - setText: Finding Test Object with id 'Object Repository/MOH AND GRN/Page_KDMC - CMS/input_txtbatchno'

2018-05-14 13:45:13 - [TEST_STEP][PASSED] - Statement - switch (id): Finding Test Object with id 'Object Repository/MOH AND GRN/Page_KDMC - CMS/input_txtmrp'

2018-05-14 13:45:13 - [TEST_STEP][PASSED] - Statement - case 1:: Text 'BA548.0' is set on object 'Object Repository/MOH AND GRN/Page_KDMC - CMS/input_txtbatchno'

2018-05-14 13:45:13 - [TEST_STEP][PASSED] - Statement - return (java.lang.Math.floor((java.lang.Math.random() * ((max - min) + 1))) + min): Text 'BA548.0' is set on object 'Object Repository/MOH AND GRN/Page_KDMC - CMS/input_txtbatchno'

2018-05-14 13:45:14 - [MESSAGE][PASSED] - Text 'BA548.0' is set on object 'Object Repository/MOH AND GRN/Page_KDMC - CMS/input_txtbatchno'

2018-05-14 13:45:14 - [TEST_STEP][PASSED] - rightClick: Object: 'Object Repository/GRN/Page_KDMC - CMS/input_txtexpdate' is right clicked on

2018-05-14 13:45:14 - [MESSAGE][PASSED] - Object: 'Object Repository/GRN/Page_KDMC - CMS/input_txtexpdate' is right clicked on

2018-05-14 13:45:14 - [TEST_STEP][PASSED] - selectOptionByIndex: All options with index in [10] are selected on object 'Object Repository/GRN/Page_KDMC - CMS/select_20182019202020212022202'

2018-05-14 13:45:14 - [MESSAGE][PASSED] - All options with index in [10] are selected on object 'Object Repository/GRN/Page_KDMC - CMS/select_20182019202020212022202'

2018-05-14 13:45:14 - [TEST_STEP][PASSED] - selectOptionByIndex: All options with index in [10] are selected on object 'Object Repository/GRN/Page_KDMC - CMS/select_JanFebMarAprMayJunJulAu'

2018-05-14 13:45:14 - [MESSAGE][PASSED] - All options with index in [10] are selected on object 'Object Repository/GRN/Page_KDMC - CMS/select_JanFebMarAprMayJunJulAu'

2018-05-14 13:45:14 - [TEST_STEP][PASSED] - click: Object: 'Object Repository/MOH AND GRN/Page_KDMC - CMS/a_12' is clicked on

2018-05-14 13:45:14 - [MESSAGE][PASSED] - Object: 'Object Repository/MOH AND GRN/Page_KDMC - CMS/a_12' is clicked on

2018-05-14 13:45:14 - [TEST_STEP][PASSED] - click: Object: 'Object Repository/MOH AND GRN/Page_KDMC - CMS/input_btnadd' is clicked on

2018-05-14 13:45:14 - [MESSAGE][PASSED] - Object: 'Object Repository/MOH AND GRN/Page_KDMC - CMS/input_btnadd' is clicked on

2018-05-14 13:45:14 - [TEST_STEP][PASSED] - Statement - If (s == 10): null

2018-05-14 13:45:14 - [TEST_STEP][PASSED] - Statement - s = 1: null

2018-05-14 13:45:14 - [TEST_STEP][PASSED] - delay: Delayed 1 second(s)

2018-05-14 13:45:15 - [MESSAGE][PASSED] - Delayed 1 second(s)

2018-05-14 13:45:15 - [TEST_STEP][PASSED] - selectOptionByIndex: All options with index in [21] are selected on object 'Object Repository/MOH AND GRN/Page_KDMC - CMS/select_--Select--Amikacin -500'

2018-05-14 13:45:16 - [MESSAGE][PASSED] - All options with index in [21] are selected on object 'Object Repository/MOH AND GRN/Page_KDMC - CMS/select_--Select--Amikacin -500'

2018-05-14 13:45:16 - [TEST_STEP][PASSED] - setText: Text '5000' is set on object 'Object Repository/MOH AND GRN/Page_KDMC - CMS/input_txtqty'

2018-05-14 13:45:16 - [MESSAGE][PASSED] - Text '5000' is set on object 'Object Repository/MOH AND GRN/Page_KDMC - CMS/input_txtqty'

2018-05-14 13:45:16 - [TEST_STEP][PASSED] - selectOptionByIndex: All options with index in [1] are selected on object 'Object Repository/MOH AND GRN/Page_KDMC - CMS/select_--Select--No Tax0'

2018-05-14 13:45:16 - [MESSAGE][PASSED] - All options with index in [1] are selected on object 'Object Repository/MOH AND GRN/Page_KDMC - CMS/select_--Select--No Tax0'

2018-05-14 13:45:16 - [TEST_STEP][PASSED] - setText: Finding Test Object with id 'Object Repository/MOH AND GRN/Page_KDMC - CMS/input_txtmrp'

2018-05-14 13:45:16 - [TEST_STEP][PASSED] - Statement - switch (id): Finding Test Object with id 'Object Repository/MOH AND GRN/Page_KDMC - CMS/input_txtdeal'

2018-05-14 13:45:16 - [TEST_STEP][PASSED] - Statement - case 4:: Text '17.0' is set on object 'Object Repository/MOH AND GRN/Page_KDMC - CMS/input_txtmrp'

2018-05-14 13:45:16 - [TEST_STEP][PASSED] - Statement - return (java.lang.Math.floor((java.lang.Math.random() * ((max - min) + 1))) + min): Text '17.0' is set on object 'Object Repository/MOH AND GRN/Page_KDMC - CMS/input_txtmrp'

2018-05-14 13:45:16 - [MESSAGE][PASSED] - Text '17.0' is set on object 'Object Repository/MOH AND GRN/Page_KDMC - CMS/input_txtmrp'

2018-05-14 13:45:16 - [TEST_STEP][PASSED] - setText: Finding Test Object with id 'Object Repository/MOH AND GRN/Page_KDMC - CMS/input_txtdeal'

2018-05-14 13:45:16 - [TEST_STEP][PASSED] - Statement - switch (id): Finding Test Object with id 'Object Repository/MOH AND GRN/Page_KDMC - CMS/input_txtbatchno'

2018-05-14 13:45:16 - [TEST_STEP][PASSED] - Statement - case 5:: Text '8.0' is set on object 'Object Repository/MOH AND GRN/Page_KDMC - CMS/input_txtdeal'

2018-05-14 13:45:16 - [TEST_STEP][PASSED] - Statement - return (java.lang.Math.floor((java.lang.Math.random() * ((max - min) + 1))) + min): Text '8.0' is set on object 'Object Repository/MOH AND GRN/Page_KDMC - CMS/input_txtdeal'

2018-05-14 13:45:16 - [MESSAGE][PASSED] - Text '8.0' is set on object 'Object Repository/MOH AND GRN/Page_KDMC - CMS/input_txtdeal'

2018-05-14 13:45:16 - [TEST_STEP][PASSED] - setText: Finding Test Object with id 'Object Repository/MOH AND GRN/Page_KDMC - CMS/input_txtbatchno'

2018-05-14 13:45:16 - [TEST_STEP][PASSED] - Statement - switch (id): Finding Test Object with id 'Object Repository/MOH AND GRN/Page_KDMC - CMS/input_txtmrp'

2018-05-14 13:45:16 - [TEST_STEP][PASSED] - Statement - case 1:: Text 'BA390.0' is set on object 'Object Repository/MOH AND GRN/Page_KDMC - CMS/input_txtbatchno'

2018-05-14 13:45:16 - [TEST_STEP][PASSED] - Statement - return (java.lang.Math.floor((java.lang.Math.random() * ((max - min) + 1))) + min): Text 'BA390.0' is set on object 'Object Repository/MOH AND GRN/Page_KDMC - CMS/input_txtbatchno'

2018-05-14 13:45:16 - [MESSAGE][PASSED] - Text 'BA390.0' is set on object 'Object Repository/MOH AND GRN/Page_KDMC - CMS/input_txtbatchno'

2018-05-14 13:45:16 - [TEST_STEP][PASSED] - rightClick: Object: 'Object Repository/GRN/Page_KDMC - CMS/input_txtexpdate' is right clicked on

2018-05-14 13:45:16 - [MESSAGE][PASSED] - Object: 'Object Repository/GRN/Page_KDMC - CMS/input_txtexpdate' is right clicked on

2018-05-14 13:45:16 - [TEST_STEP][PASSED] - selectOptionByIndex: All options with index in [1] are selected on object 'Object Repository/GRN/Page_KDMC - CMS/select_20182019202020212022202'

2018-05-14 13:45:17 - [MESSAGE][PASSED] - All options with index in [1] are selected on object 'Object Repository/GRN/Page_KDMC - CMS/select_20182019202020212022202'

2018-05-14 13:45:17 - [TEST_STEP][PASSED] - selectOptionByIndex: All options with index in [1] are selected on object 'Object Repository/GRN/Page_KDMC - CMS/select_JanFebMarAprMayJunJulAu'

2018-05-14 13:45:17 - [MESSAGE][PASSED] - All options with index in [1] are selected on object 'Object Repository/GRN/Page_KDMC - CMS/select_JanFebMarAprMayJunJulAu'

2018-05-14 13:45:17 - [TEST_STEP][PASSED] - click: Object: 'Object Repository/MOH AND GRN/Page_KDMC - CMS/a_12' is clicked on

2018-05-14 13:45:17 - [MESSAGE][PASSED] - Object: 'Object Repository/MOH AND GRN/Page_KDMC - CMS/a_12' is clicked on

2018-05-14 13:45:17 - [TEST_STEP][PASSED] - click: Object: 'Object Repository/MOH AND GRN/Page_KDMC - CMS/input_btnadd' is clicked on

2018-05-14 13:45:17 - [MESSAGE][PASSED] - Object: 'Object Repository/MOH AND GRN/Page_KDMC - CMS/input_btnadd' is clicked on

2018-05-14 13:45:17 - [TEST_STEP][PASSED] - Statement - If (s == 10): null

2018-05-14 13:45:17 - [TEST_STEP][PASSED] - Statement - Else: null

2018-05-14 13:45:17 - [TEST_STEP][PASSED] - Statement - (s++): null

2018-05-14 13:45:17 - [TEST_STEP][PASSED] - delay: Delayed 1 second(s)

2018-05-14 13:45:18 - [MESSAGE][PASSED] - Delayed 1 second(s)

2018-05-14 13:45:18 - [TEST_STEP][PASSED] - selectOptionByIndex: All options with index in [22] are selected on object 'Object Repository/MOH AND GRN/Page_KDMC - CMS/select_--Select--Amikacin -500'

2018-05-14 13:45:18 - [MESSAGE][PASSED] - All options with index in [22] are selected on object 'Object Repository/MOH AND GRN/Page_KDMC - CMS/select_--Select--Amikacin -500'

2018-05-14 13:45:18 - [TEST_STEP][PASSED] - setText: Text '5000' is set on object 'Object Repository/MOH AND GRN/Page_KDMC - CMS/input_txtqty'

2018-05-14 13:45:18 - [MESSAGE][PASSED] - Text '5000' is set on object 'Object Repository/MOH AND GRN/Page_KDMC - CMS/input_txtqty'

2018-05-14 13:45:18 - [TEST_STEP][PASSED] - selectOptionByIndex: All options with index in [1] are selected on object 'Object Repository/MOH AND GRN/Page_KDMC - CMS/select_--Select--No Tax0'

2018-05-14 13:45:19 - [MESSAGE][PASSED] - All options with index in [1] are selected on object 'Object Repository/MOH AND GRN/Page_KDMC - CMS/select_--Select--No Tax0'

2018-05-14 13:45:19 - [TEST_STEP][PASSED] - setText: Finding Test Object with id 'Object Repository/MOH AND GRN/Page_KDMC - CMS/input_txtmrp'

2018-05-14 13:45:19 - [TEST_STEP][PASSED] - Statement - switch (id): Finding Test Object with id 'Object Repository/MOH AND GRN/Page_KDMC - CMS/input_txtdeal'

2018-05-14 13:45:19 - [TEST_STEP][PASSED] - Statement - case 4:: Text '32.0' is set on object 'Object Repository/MOH AND GRN/Page_KDMC - CMS/input_txtmrp'

2018-05-14 13:45:19 - [TEST_STEP][PASSED] - Statement - return (java.lang.Math.floor((java.lang.Math.random() * ((max - min) + 1))) + min): Text '32.0' is set on object 'Object Repository/MOH AND GRN/Page_KDMC - CMS/input_txtmrp'

2018-05-14 13:45:19 - [MESSAGE][PASSED] - Text '32.0' is set on object 'Object Repository/MOH AND GRN/Page_KDMC - CMS/input_txtmrp'

2018-05-14 13:45:19 - [TEST_STEP][PASSED] - setText: Finding Test Object with id 'Object Repository/MOH AND GRN/Page_KDMC - CMS/input_txtdeal'

2018-05-14 13:45:19 - [TEST_STEP][PASSED] - Statement - switch (id): Finding Test Object with id 'Object Repository/MOH AND GRN/Page_KDMC - CMS/input_txtbatchno'

2018-05-14 13:45:19 - [TEST_STEP][PASSED] - Statement - case 5:: Text '2.0' is set on object 'Object Repository/MOH AND GRN/Page_KDMC - CMS/input_txtdeal'

2018-05-14 13:45:19 - [TEST_STEP][PASSED] - Statement - return (java.lang.Math.floor((java.lang.Math.random() * ((max - min) + 1))) + min): Text '2.0' is set on object 'Object Repository/MOH AND GRN/Page_KDMC - CMS/input_txtdeal'

2018-05-14 13:45:19 - [MESSAGE][PASSED] - Text '2.0' is set on object 'Object Repository/MOH AND GRN/Page_KDMC - CMS/input_txtdeal'

2018-05-14 13:45:19 - [TEST_STEP][PASSED] - setText: Finding Test Object with id 'Object Repository/MOH AND GRN/Page_KDMC - CMS/input_txtbatchno'

2018-05-14 13:45:19 - [TEST_STEP][PASSED] - Statement - switch (id): Finding Test Object with id 'Object Repository/MOH AND GRN/Page_KDMC - CMS/input_txtmrp'

2018-05-14 13:45:19 - [TEST_STEP][PASSED] - Statement - case 1:: Text 'BA611.0' is set on object 'Object Repository/MOH AND GRN/Page_KDMC - CMS/input_txtbatchno'

2018-05-14 13:45:19 - [TEST_STEP][PASSED] - Statement - return (java.lang.Math.floor((java.lang.Math.random() * ((max - min) + 1))) + min): Text 'BA611.0' is set on object 'Object Repository/MOH AND GRN/Page_KDMC - CMS/input_txtbatchno'

2018-05-14 13:45:19 - [MESSAGE][PASSED] - Text 'BA611.0' is set on object 'Object Repository/MOH AND GRN/Page_KDMC - CMS/input_txtbatchno'

2018-05-14 13:45:19 - [TEST_STEP][PASSED] - rightClick: Object: 'Object Repository/GRN/Page_KDMC - CMS/input_txtexpdate' is right clicked on

2018-05-14 13:45:19 - [MESSAGE][PASSED] - Object: 'Object Repository/GRN/Page_KDMC - CMS/input_txtexpdate' is right clicked on

2018-05-14 13:45:19 - [TEST_STEP][PASSED] - selectOptionByIndex: All options with index in [2] are selected on object 'Object Repository/GRN/Page_KDMC - CMS/select_20182019202020212022202'

2018-05-14 13:45:19 - [MESSAGE][PASSED] - All options with index in [2] are selected on object 'Object Repository/GRN/Page_KDMC - CMS/select_20182019202020212022202'

2018-05-14 13:45:19 - [TEST_STEP][PASSED] - selectOptionByIndex: All options with index in [2] are selected on object 'Object Repository/GRN/Page_KDMC - CMS/select_JanFebMarAprMayJunJulAu'

2018-05-14 13:45:19 - [MESSAGE][PASSED] - All options with index in [2] are selected on object 'Object Repository/GRN/Page_KDMC - CMS/select_JanFebMarAprMayJunJulAu'

2018-05-14 13:45:19 - [TEST_STEP][PASSED] - click: Object: 'Object Repository/MOH AND GRN/Page_KDMC - CMS/a_12' is clicked on

2018-05-14 13:45:19 - [MESSAGE][PASSED] - Object: 'Object Repository/MOH AND GRN/Page_KDMC - CMS/a_12' is clicked on

2018-05-14 13:45:19 - [TEST_STEP][PASSED] - click: Object: 'Object Repository/MOH AND GRN/Page_KDMC - CMS/input_btnadd' is clicked on

2018-05-14 13:45:20 - [MESSAGE][PASSED] - Object: 'Object Repository/MOH AND GRN/Page_KDMC - CMS/input_btnadd' is clicked on

2018-05-14 13:45:20 - [TEST_STEP][PASSED] - Statement - If (s == 10): null

2018-05-14 13:45:20 - [TEST_STEP][PASSED] - Statement - Else: null

2018-05-14 13:45:20 - [TEST_STEP][PASSED] - Statement - (s++): null

2018-05-14 13:45:20 - [TEST_STEP][PASSED] - delay: Delayed 1 second(s)

2018-05-14 13:45:21 - [MESSAGE][PASSED] - Delayed 1 second(s)

2018-05-14 13:45:21 - [TEST_STEP][PASSED] - selectOptionByIndex: All options with index in [23] are selected on object 'Object Repository/MOH AND GRN/Page_KDMC - CMS/select_--Select--Amikacin -500'

2018-05-14 13:45:21 - [MESSAGE][PASSED] - All options with index in [23] are selected on object 'Object Repository/MOH AND GRN/Page_KDMC - CMS/select_--Select--Amikacin -500'

2018-05-14 13:45:21 - [TEST_STEP][PASSED] - setText: Text '5000' is set on object 'Object Repository/MOH AND GRN/Page_KDMC - CMS/input_txtqty'

2018-05-14 13:45:21 - [MESSAGE][PASSED] - Text '5000' is set on object 'Object Repository/MOH AND GRN/Page_KDMC - CMS/input_txtqty'

2018-05-14 13:45:21 - [TEST_STEP][PASSED] - selectOptionByIndex: All options with index in [1] are selected on object 'Object Repository/MOH AND GRN/Page_KDMC - CMS/select_--Select--No Tax0'

2018-05-14 13:45:21 - [MESSAGE][PASSED] - All options with index in [1] are selected on object 'Object Repository/MOH AND GRN/Page_KDMC - CMS/select_--Select--No Tax0'

2018-05-14 13:45:21 - [TEST_STEP][PASSED] - setText: Finding Test Object with id 'Object Repository/MOH AND GRN/Page_KDMC - CMS/input_txtmrp'

2018-05-14 13:45:21 - [TEST_STEP][PASSED] - Statement - switch (id): Finding Test Object with id 'Object Repository/MOH AND GRN/Page_KDMC - CMS/input_txtdeal'

2018-05-14 13:45:21 - [TEST_STEP][PASSED] - Statement - case 4:: Text '38.0' is set on object 'Object Repository/MOH AND GRN/Page_KDMC - CMS/input_txtmrp'

2018-05-14 13:45:21 - [TEST_STEP][PASSED] - Statement - return (java.lang.Math.floor((java.lang.Math.random() * ((max - min) + 1))) + min): Text '38.0' is set on object 'Object Repository/MOH AND GRN/Page_KDMC - CMS/input_txtmrp'

2018-05-14 13:45:21 - [MESSAGE][PASSED] - Text '38.0' is set on object 'Object Repository/MOH AND GRN/Page_KDMC - CMS/input_txtmrp'

2018-05-14 13:45:21 - [TEST_STEP][PASSED] - setText: Finding Test Object with id 'Object Repository/MOH AND GRN/Page_KDMC - CMS/input_txtdeal'

2018-05-14 13:45:21 - [TEST_STEP][PASSED] - Statement - switch (id): Finding Test Object with id 'Object Repository/MOH AND GRN/Page_KDMC - CMS/input_txtbatchno'

2018-05-14 13:45:21 - [TEST_STEP][PASSED] - Statement - case 5:: Text '7.0' is set on object 'Object Repository/MOH AND GRN/Page_KDMC - CMS/input_txtdeal'

2018-05-14 13:45:21 - [TEST_STEP][PASSED] - Statement - return (java.lang.Math.floor((java.lang.Math.random() * ((max - min) + 1))) + min): Text '7.0' is set on object 'Object Repository/MOH AND GRN/Page_KDMC - CMS/input_txtdeal'

2018-05-14 13:45:21 - [MESSAGE][PASSED] - Text '7.0' is set on object 'Object Repository/MOH AND GRN/Page_KDMC - CMS/input_txtdeal'

2018-05-14 13:45:21 - [TEST_STEP][PASSED] - setText: Finding Test Object with id 'Object Repository/MOH AND GRN/Page_KDMC - CMS/input_txtbatchno'

2018-05-14 13:45:21 - [TEST_STEP][PASSED] - Statement - switch (id): Finding Test Object with id 'Object Repository/MOH AND GRN/Page_KDMC - CMS/input_txtmrp'

2018-05-14 13:45:21 - [TEST_STEP][PASSED] - Statement - case 1:: Text 'BA64.0' is set on object 'Object Repository/MOH AND GRN/Page_KDMC - CMS/input_txtbatchno'

2018-05-14 13:45:21 - [TEST_STEP][PASSED] - Statement - return (java.lang.Math.floor((java.lang.Math.random() * ((max - min) + 1))) + min): Text 'BA64.0' is set on object 'Object Repository/MOH AND GRN/Page_KDMC - CMS/input_txtbatchno'

2018-05-14 13:45:21 - [MESSAGE][PASSED] - Text 'BA64.0' is set on object 'Object Repository/MOH AND GRN/Page_KDMC - CMS/input_txtbatchno'

2018-05-14 13:45:21 - [TEST_STEP][PASSED] - rightClick: Object: 'Object Repository/GRN/Page_KDMC - CMS/input_txtexpdate' is right clicked on

2018-05-14 13:45:22 - [MESSAGE][PASSED] - Object: 'Object Repository/GRN/Page_KDMC - CMS/input_txtexpdate' is right clicked on

2018-05-14 13:45:22 - [TEST_STEP][PASSED] - selectOptionByIndex: All options with index in [3] are selected on object 'Object Repository/GRN/Page_KDMC - CMS/select_20182019202020212022202'

2018-05-14 13:45:22 - [MESSAGE][PASSED] - All options with index in [3] are selected on object 'Object Repository/GRN/Page_KDMC - CMS/select_20182019202020212022202'

2018-05-14 13:45:22 - [TEST_STEP][PASSED] - selectOptionByIndex: All options with index in [3] are selected on object 'Object Repository/GRN/Page_KDMC - CMS/select_JanFebMarAprMayJunJulAu'

2018-05-14 13:45:22 - [MESSAGE][PASSED] - All options with index in [3] are selected on object 'Object Repository/GRN/Page_KDMC - CMS/select_JanFebMarAprMayJunJulAu'

2018-05-14 13:45:22 - [TEST_STEP][PASSED] - click: Object: 'Object Repository/MOH AND GRN/Page_KDMC - CMS/a_12' is clicked on

2018-05-14 13:45:22 - [MESSAGE][PASSED] - Object: 'Object Repository/MOH AND GRN/Page_KDMC - CMS/a_12' is clicked on

2018-05-14 13:45:22 - [TEST_STEP][PASSED] - click: Object: 'Object Repository/MOH AND GRN/Page_KDMC - CMS/input_btnadd' is clicked on

2018-05-14 13:45:22 - [MESSAGE][PASSED] - Object: 'Object Repository/MOH AND GRN/Page_KDMC - CMS/input_btnadd' is clicked on

2018-05-14 13:45:22 - [TEST_STEP][PASSED] - Statement - If (s == 10): null

2018-05-14 13:45:22 - [TEST_STEP][PASSED] - Statement - Else: null

2018-05-14 13:45:22 - [TEST_STEP][PASSED] - Statement - (s++): null

2018-05-14 13:45:22 - [TEST_STEP][PASSED] - delay: Delayed 1 second(s)

2018-05-14 13:45:23 - [MESSAGE][PASSED] - Delayed 1 second(s)

2018-05-14 13:45:23 - [TEST_STEP][PASSED] - selectOptionByIndex: All options with index in [24] are selected on object 'Object Repository/MOH AND GRN/Page_KDMC - CMS/select_--Select--Amikacin -500'

2018-05-14 13:45:24 - [MESSAGE][PASSED] - All options with index in [24] are selected on object 'Object Repository/MOH AND GRN/Page_KDMC - CMS/select_--Select--Amikacin -500'

2018-05-14 13:45:24 - [TEST_STEP][PASSED] - setText: Text '5000' is set on object 'Object Repository/MOH AND GRN/Page_KDMC - CMS/input_txtqty'

2018-05-14 13:45:24 - [MESSAGE][PASSED] - Text '5000' is set on object 'Object Repository/MOH AND GRN/Page_KDMC - CMS/input_txtqty'

2018-05-14 13:45:24 - [TEST_STEP][PASSED] - selectOptionByIndex: All options with index in [1] are selected on object 'Object Repository/MOH AND GRN/Page_KDMC - CMS/select_--Select--No Tax0'

2018-05-14 13:45:24 - [MESSAGE][PASSED] - All options with index in [1] are selected on object 'Object Repository/MOH AND GRN/Page_KDMC - CMS/select_--Select--No Tax0'

2018-05-14 13:45:24 - [TEST_STEP][PASSED] - setText: Finding Test Object with id 'Object Repository/MOH AND GRN/Page_KDMC - CMS/input_txtmrp'

2018-05-14 13:45:24 - [TEST_STEP][PASSED] - Statement - switch (id): Finding Test Object with id 'Object Repository/MOH AND GRN/Page_KDMC - CMS/input_txtdeal'

2018-05-14 13:45:24 - [TEST_STEP][PASSED] - Statement - case 4:: Text '40.0' is set on object 'Object Repository/MOH AND GRN/Page_KDMC - CMS/input_txtmrp'

2018-05-14 13:45:24 - [TEST_STEP][PASSED] - Statement - return (java.lang.Math.floor((java.lang.Math.random() * ((max - min) + 1))) + min): Text '40.0' is set on object 'Object Repository/MOH AND GRN/Page_KDMC - CMS/input_txtmrp'

2018-05-14 13:45:24 - [MESSAGE][PASSED] - Text '40.0' is set on object 'Object Repository/MOH AND GRN/Page_KDMC - CMS/input_txtmrp'

2018-05-14 13:45:24 - [TEST_STEP][PASSED] - setText: Finding Test Object with id 'Object Repository/MOH AND GRN/Page_KDMC - CMS/input_txtdeal'

2018-05-14 13:45:24 - [TEST_STEP][PASSED] - Statement - switch (id): Finding Test Object with id 'Object Repository/MOH AND GRN/Page_KDMC - CMS/input_txtbatchno'

2018-05-14 13:45:24 - [TEST_STEP][PASSED] - Statement - case 5:: Text '5.0' is set on object 'Object Repository/MOH AND GRN/Page_KDMC - CMS/input_txtdeal'

2018-05-14 13:45:24 - [TEST_STEP][PASSED] - Statement - return (java.lang.Math.floor((java.lang.Math.random() * ((max - min) + 1))) + min): Text '5.0' is set on object 'Object Repository/MOH AND GRN/Page_KDMC - CMS/input_txtdeal'

2018-05-14 13:45:24 - [MESSAGE][PASSED] - Text '5.0' is set on object 'Object Repository/MOH AND GRN/Page_KDMC - CMS/input_txtdeal'

2018-05-14 13:45:24 - [TEST_STEP][PASSED] - setText: Finding Test Object with id 'Object Repository/MOH AND GRN/Page_KDMC - CMS/input_txtbatchno'

2018-05-14 13:45:24 - [TEST_STEP][PASSED] - Statement - switch (id): Finding Test Object with id 'Object Repository/MOH AND GRN/Page_KDMC - CMS/input_txtmrp'

2018-05-14 13:45:24 - [TEST_STEP][PASSED] - Statement - case 1:: Text 'BA290.0' is set on object 'Object Repository/MOH AND GRN/Page_KDMC - CMS/input_txtbatchno'

2018-05-14 13:45:24 - [TEST_STEP][PASSED] - Statement - return (java.lang.Math.floor((java.lang.Math.random() * ((max - min) + 1))) + min): Text 'BA290.0' is set on object 'Object Repository/MOH AND GRN/Page_KDMC - CMS/input_txtbatchno'

2018-05-14 13:45:24 - [MESSAGE][PASSED] - Text 'BA290.0' is set on object 'Object Repository/MOH AND GRN/Page_KDMC - CMS/input_txtbatchno'

2018-05-14 13:45:24 - [TEST_STEP][PASSED] - rightClick: Object: 'Object Repository/GRN/Page_KDMC - CMS/input_txtexpdate' is right clicked on

2018-05-14 13:45:24 - [MESSAGE][PASSED] - Object: 'Object Repository/GRN/Page_KDMC - CMS/input_txtexpdate' is right clicked on

2018-05-14 13:45:24 - [TEST_STEP][PASSED] - selectOptionByIndex: All options with index in [4] are selected on object 'Object Repository/GRN/Page_KDMC - CMS/select_20182019202020212022202'

2018-05-14 13:45:24 - [MESSAGE][PASSED] - All options with index in [4] are selected on object 'Object Repository/GRN/Page_KDMC - CMS/select_20182019202020212022202'

2018-05-14 13:45:24 - [TEST_STEP][PASSED] - selectOptionByIndex: All options with index in [4] are selected on object 'Object Repository/GRN/Page_KDMC - CMS/select_JanFebMarAprMayJunJulAu'

2018-05-14 13:45:25 - [MESSAGE][PASSED] - All options with index in [4] are selected on object 'Object Repository/GRN/Page_KDMC - CMS/select_JanFebMarAprMayJunJulAu'

2018-05-14 13:45:25 - [TEST_STEP][PASSED] - click: Object: 'Object Repository/MOH AND GRN/Page_KDMC - CMS/a_12' is clicked on

2018-05-14 13:45:25 - [MESSAGE][PASSED] - Object: 'Object Repository/MOH AND GRN/Page_KDMC - CMS/a_12' is clicked on

2018-05-14 13:45:25 - [TEST_STEP][PASSED] - click: Object: 'Object Repository/MOH AND GRN/Page_KDMC - CMS/input_btnadd' is clicked on

2018-05-14 13:45:25 - [MESSAGE][PASSED] - Object: 'Object Repository/MOH AND GRN/Page_KDMC - CMS/input_btnadd' is clicked on

2018-05-14 13:45:25 - [TEST_STEP][PASSED] - Statement - If (s == 10): null

2018-05-14 13:45:25 - [TEST_STEP][PASSED] - Statement - Else: null

2018-05-14 13:45:25 - [TEST_STEP][PASSED] - Statement - (s++): null

2018-05-14 13:45:25 - [TEST_STEP][PASSED] - delay: Delayed 1 second(s)

2018-05-14 13:45:26 - [MESSAGE][PASSED] - Delayed 1 second(s)

2018-05-14 13:45:26 - [TEST_STEP][PASSED] - selectOptionByIndex: All options with index in [25] are selected on object 'Object Repository/MOH AND GRN/Page_KDMC - CMS/select_--Select--Amikacin -500'

2018-05-14 13:45:26 - [MESSAGE][PASSED] - All options with index in [25] are selected on object 'Object Repository/MOH AND GRN/Page_KDMC - CMS/select_--Select--Amikacin -500'

2018-05-14 13:45:26 - [TEST_STEP][PASSED] - setText: Text '5000' is set on object 'Object Repository/MOH AND GRN/Page_KDMC - CMS/input_txtqty'

2018-05-14 13:45:26 - [MESSAGE][PASSED] - Text '5000' is set on object 'Object Repository/MOH AND GRN/Page_KDMC - CMS/input_txtqty'

2018-05-14 13:45:26 - [TEST_STEP][PASSED] - selectOptionByIndex: All options with index in [1] are selected on object 'Object Repository/MOH AND GRN/Page_KDMC - CMS/select_--Select--No Tax0'

2018-05-14 13:45:26 - [MESSAGE][PASSED] - All options with index in [1] are selected on object 'Object Repository/MOH AND GRN/Page_KDMC - CMS/select_--Select--No Tax0'

2018-05-14 13:45:26 - [TEST_STEP][PASSED] - setText: Finding Test Object with id 'Object Repository/MOH AND GRN/Page_KDMC - CMS/input_txtmrp'

2018-05-14 13:45:26 - [TEST_STEP][PASSED] - Statement - switch (id): Finding Test Object with id 'Object Repository/MOH AND GRN/Page_KDMC - CMS/input_txtdeal'

2018-05-14 13:45:26 - [TEST_STEP][PASSED] - Statement - case 4:: Text '32.0' is set on object 'Object Repository/MOH AND GRN/Page_KDMC - CMS/input_txtmrp'

2018-05-14 13:45:26 - [TEST_STEP][PASSED] - Statement - return (java.lang.Math.floor((java.lang.Math.random() * ((max - min) + 1))) + min): Text '32.0' is set on object 'Object Repository/MOH AND GRN/Page_KDMC - CMS/input_txtmrp'

2018-05-14 13:45:26 - [MESSAGE][PASSED] - Text '32.0' is set on object 'Object Repository/MOH AND GRN/Page_KDMC - CMS/input_txtmrp'

2018-05-14 13:45:26 - [TEST_STEP][PASSED] - setText: Finding Test Object with id 'Object Repository/MOH AND GRN/Page_KDMC - CMS/input_txtdeal'

2018-05-14 13:45:26 - [TEST_STEP][PASSED] - Statement - switch (id): Finding Test Object with id 'Object Repository/MOH AND GRN/Page_KDMC - CMS/input_txtbatchno'

2018-05-14 13:45:26 - [TEST_STEP][PASSED] - Statement - case 5:: Text '3.0' is set on object 'Object Repository/MOH AND GRN/Page_KDMC - CMS/input_txtdeal'

2018-05-14 13:45:26 - [TEST_STEP][PASSED] - Statement - return (java.lang.Math.floor((java.lang.Math.random() * ((max - min) + 1))) + min): Text '3.0' is set on object 'Object Repository/MOH AND GRN/Page_KDMC - CMS/input_txtdeal'

2018-05-14 13:45:27 - [MESSAGE][PASSED] - Text '3.0' is set on object 'Object Repository/MOH AND GRN/Page_KDMC - CMS/input_txtdeal'

2018-05-14 13:45:27 - [TEST_STEP][PASSED] - setText: Finding Test Object with id 'Object Repository/MOH AND GRN/Page_KDMC - CMS/input_txtbatchno'

2018-05-14 13:45:27 - [TEST_STEP][PASSED] - Statement - switch (id): Finding Test Object with id 'Object Repository/MOH AND GRN/Page_KDMC - CMS/input_txtmrp'

2018-05-14 13:45:27 - [TEST_STEP][PASSED] - Statement - case 1:: Text 'BA22.0' is set on object 'Object Repository/MOH AND GRN/Page_KDMC - CMS/input_txtbatchno'

2018-05-14 13:45:27 - [TEST_STEP][PASSED] - Statement - return (java.lang.Math.floor((java.lang.Math.random() * ((max - min) + 1))) + min): Text 'BA22.0' is set on object 'Object Repository/MOH AND GRN/Page_KDMC - CMS/input_txtbatchno'

2018-05-14 13:45:27 - [MESSAGE][PASSED] - Text 'BA22.0' is set on object 'Object Repository/MOH AND GRN/Page_KDMC - CMS/input_txtbatchno'

2018-05-14 13:45:27 - [TEST_STEP][PASSED] - rightClick: Object: 'Object Repository/GRN/Page_KDMC - CMS/input_txtexpdate' is right clicked on

2018-05-14 13:45:27 - [MESSAGE][PASSED] - Object: 'Object Repository/GRN/Page_KDMC - CMS/input_txtexpdate' is right clicked on

2018-05-14 13:45:27 - [TEST_STEP][PASSED] - selectOptionByIndex: All options with index in [5] are selected on object 'Object Repository/GRN/Page_KDMC - CMS/select_20182019202020212022202'

2018-05-14 13:45:27 - [MESSAGE][PASSED] - All options with index in [5] are selected on object 'Object Repository/GRN/Page_KDMC - CMS/select_20182019202020212022202'

2018-05-14 13:45:27 - [TEST_STEP][PASSED] - selectOptionByIndex: All options with index in [5] are selected on object 'Object Repository/GRN/Page_KDMC - CMS/select_JanFebMarAprMayJunJulAu'

2018-05-14 13:45:27 - [MESSAGE][PASSED] - All options with index in [5] are selected on object 'Object Repository/GRN/Page_KDMC - CMS/select_JanFebMarAprMayJunJulAu'

2018-05-14 13:45:27 - [TEST_STEP][PASSED] - click: Object: 'Object Repository/MOH AND GRN/Page_KDMC - CMS/a_12' is clicked on

2018-05-14 13:45:27 - [MESSAGE][PASSED] - Object: 'Object Repository/MOH AND GRN/Page_KDMC - CMS/a_12' is clicked on

2018-05-14 13:45:27 - [TEST_STEP][PASSED] - click: Object: 'Object Repository/MOH AND GRN/Page_KDMC - CMS/input_btnadd' is clicked on

2018-05-14 13:45:27 - [MESSAGE][PASSED] - Object: 'Object Repository/MOH AND GRN/Page_KDMC - CMS/input_btnadd' is clicked on

2018-05-14 13:45:27 - [TEST_STEP][PASSED] - Statement - If (s == 10): null

2018-05-14 13:45:27 - [TEST_STEP][PASSED] - Statement - Else: null

2018-05-14 13:45:27 - [TEST_STEP][PASSED] - Statement - (s++): null

2018-05-14 13:45:27 - [TEST_STEP][PASSED] - delay: Delayed 1 second(s)

2018-05-14 13:45:28 - [MESSAGE][PASSED] - Delayed 1 second(s)

2018-05-14 13:45:28 - [TEST_STEP][PASSED] - selectOptionByIndex: All options with index in [26] are selected on object 'Object Repository/MOH AND GRN/Page_KDMC - CMS/select_--Select--Amikacin -500'

2018-05-14 13:45:29 - [MESSAGE][PASSED] - All options with index in [26] are selected on object 'Object Repository/MOH AND GRN/Page_KDMC - CMS/select_--Select--Amikacin -500'

2018-05-14 13:45:29 - [TEST_STEP][PASSED] - setText: Text '5000' is set on object 'Object Repository/MOH AND GRN/Page_KDMC - CMS/input_txtqty'

2018-05-14 13:45:29 - [MESSAGE][PASSED] - Text '5000' is set on object 'Object Repository/MOH AND GRN/Page_KDMC - CMS/input_txtqty'

2018-05-14 13:45:29 - [TEST_STEP][PASSED] - selectOptionByIndex: All options with index in [1] are selected on object 'Object Repository/MOH AND GRN/Page_KDMC - CMS/select_--Select--No Tax0'

2018-05-14 13:45:29 - [MESSAGE][PASSED] - All options with index in [1] are selected on object 'Object Repository/MOH AND GRN/Page_KDMC - CMS/select_--Select--No Tax0'

2018-05-14 13:45:29 - [TEST_STEP][PASSED] - setText: Finding Test Object with id 'Object Repository/MOH AND GRN/Page_KDMC - CMS/input_txtmrp'

2018-05-14 13:45:29 - [TEST_STEP][PASSED] - Statement - switch (id): Finding Test Object with id 'Object Repository/MOH AND GRN/Page_KDMC - CMS/input_txtdeal'

2018-05-14 13:45:29 - [TEST_STEP][PASSED] - Statement - case 4:: Text '18.0' is set on object 'Object Repository/MOH AND GRN/Page_KDMC - CMS/input_txtmrp'

2018-05-14 13:45:29 - [TEST_STEP][PASSED] - Statement - return (java.lang.Math.floor((java.lang.Math.random() * ((max - min) + 1))) + min): Text '18.0' is set on object 'Object Repository/MOH AND GRN/Page_KDMC - CMS/input_txtmrp'

2018-05-14 13:45:29 - [MESSAGE][PASSED] - Text '18.0' is set on object 'Object Repository/MOH AND GRN/Page_KDMC - CMS/input_txtmrp'

2018-05-14 13:45:29 - [TEST_STEP][PASSED] - setText: Finding Test Object with id 'Object Repository/MOH AND GRN/Page_KDMC - CMS/input_txtdeal'

2018-05-14 13:45:29 - [TEST_STEP][PASSED] - Statement - switch (id): Finding Test Object with id 'Object Repository/MOH AND GRN/Page_KDMC - CMS/input_txtbatchno'

2018-05-14 13:45:29 - [TEST_STEP][PASSED] - Statement - case 5:: Text '8.0' is set on object 'Object Repository/MOH AND GRN/Page_KDMC - CMS/input_txtdeal'

2018-05-14 13:45:29 - [TEST_STEP][PASSED] - Statement - return (java.lang.Math.floor((java.lang.Math.random() * ((max - min) + 1))) + min): Text '8.0' is set on object 'Object Repository/MOH AND GRN/Page_KDMC - CMS/input_txtdeal'

2018-05-14 13:45:29 - [MESSAGE][PASSED] - Text '8.0' is set on object 'Object Repository/MOH AND GRN/Page_KDMC - CMS/input_txtdeal'

2018-05-14 13:45:29 - [TEST_STEP][PASSED] - setText: Finding Test Object with id 'Object Repository/MOH AND GRN/Page_KDMC - CMS/input_txtbatchno'

2018-05-14 13:45:29 - [TEST_STEP][PASSED] - Statement - switch (id): Finding Test Object with id 'Object Repository/MOH AND GRN/Page_KDMC - CMS/input_txtmrp'

2018-05-14 13:45:29 - [TEST_STEP][PASSED] - Statement - case 1:: Text 'BA916.0' is set on object 'Object Repository/MOH AND GRN/Page_KDMC - CMS/input_txtbatchno'

2018-05-14 13:45:29 - [TEST_STEP][PASSED] - Statement - return (java.lang.Math.floor((java.lang.Math.random() * ((max - min) + 1))) + min): Text 'BA916.0' is set on object 'Object Repository/MOH AND GRN/Page_KDMC - CMS/input_txtbatchno'

2018-05-14 13:45:29 - [MESSAGE][PASSED] - Text 'BA916.0' is set on object 'Object Repository/MOH AND GRN/Page_KDMC - CMS/input_txtbatchno'

2018-05-14 13:45:29 - [TEST_STEP][PASSED] - rightClick: Object: 'Object Repository/GRN/Page_KDMC - CMS/input_txtexpdate' is right clicked on

2018-05-14 13:45:30 - [MESSAGE][PASSED] - Object: 'Object Repository/GRN/Page_KDMC - CMS/input_txtexpdate' is right clicked on

2018-05-14 13:45:30 - [TEST_STEP][PASSED] - selectOptionByIndex: All options with index in [6] are selected on object 'Object Repository/GRN/Page_KDMC - CMS/select_20182019202020212022202'

2018-05-14 13:45:30 - [MESSAGE][PASSED] - All options with index in [6] are selected on object 'Object Repository/GRN/Page_KDMC - CMS/select_20182019202020212022202'

2018-05-14 13:45:30 - [TEST_STEP][PASSED] - selectOptionByIndex: All options with index in [6] are selected on object 'Object Repository/GRN/Page_KDMC - CMS/select_JanFebMarAprMayJunJulAu'

2018-05-14 13:45:30 - [MESSAGE][PASSED] - All options with index in [6] are selected on object 'Object Repository/GRN/Page_KDMC - CMS/select_JanFebMarAprMayJunJulAu'

2018-05-14 13:45:30 - [TEST_STEP][PASSED] - click: Object: 'Object Repository/MOH AND GRN/Page_KDMC - CMS/a_12' is clicked on

2018-05-14 13:45:30 - [MESSAGE][PASSED] - Object: 'Object Repository/MOH AND GRN/Page_KDMC - CMS/a_12' is clicked on

2018-05-14 13:45:30 - [TEST_STEP][PASSED] - click: Object: 'Object Repository/MOH AND GRN/Page_KDMC - CMS/input_btnadd' is clicked on

2018-05-14 13:45:30 - [MESSAGE][PASSED] - Object: 'Object Repository/MOH AND GRN/Page_KDMC - CMS/input_btnadd' is clicked on

2018-05-14 13:45:30 - [TEST_STEP][PASSED] - Statement - If (s == 10): null

2018-05-14 13:45:30 - [TEST_STEP][PASSED] - Statement - Else: null

2018-05-14 13:45:30 - [TEST_STEP][PASSED] - Statement - (s++): null

2018-05-14 13:45:30 - [TEST_STEP][PASSED] - delay: Delayed 1 second(s)

2018-05-14 13:45:31 - [MESSAGE][PASSED] - Delayed 1 second(s)

2018-05-14 13:45:31 - [TEST_STEP][PASSED] - selectOptionByIndex: All options with index in [27] are selected on object 'Object Repository/MOH AND GRN/Page_KDMC - CMS/select_--Select--Amikacin -500'

2018-05-14 13:45:32 - [MESSAGE][PASSED] - All options with index in [27] are selected on object 'Object Repository/MOH AND GRN/Page_KDMC - CMS/select_--Select--Amikacin -500'

2018-05-14 13:45:32 - [TEST_STEP][PASSED] - setText: Text '5000' is set on object 'Object Repository/MOH AND GRN/Page_KDMC - CMS/input_txtqty'

2018-05-14 13:45:32 - [MESSAGE][PASSED] - Text '5000' is set on object 'Object Repository/MOH AND GRN/Page_KDMC - CMS/input_txtqty'

2018-05-14 13:45:32 - [TEST_STEP][PASSED] - selectOptionByIndex: All options with index in [1] are selected on object 'Object Repository/MOH AND GRN/Page_KDMC - CMS/select_--Select--No Tax0'

2018-05-14 13:45:32 - [MESSAGE][PASSED] - All options with index in [1] are selected on object 'Object Repository/MOH AND GRN/Page_KDMC - CMS/select_--Select--No Tax0'

2018-05-14 13:45:32 - [TEST_STEP][PASSED] - setText: Finding Test Object with id 'Object Repository/MOH AND GRN/Page_KDMC - CMS/input_txtmrp'

2018-05-14 13:45:32 - [TEST_STEP][PASSED] - Statement - switch (id): Finding Test Object with id 'Object Repository/MOH AND GRN/Page_KDMC - CMS/input_txtdeal'

2018-05-14 13:45:32 - [TEST_STEP][PASSED] - Statement - case 4:: Text '31.0' is set on object 'Object Repository/MOH AND GRN/Page_KDMC - CMS/input_txtmrp'

2018-05-14 13:45:32 - [TEST_STEP][PASSED] - Statement - return (java.lang.Math.floor((java.lang.Math.random() * ((max - min) + 1))) + min): Text '31.0' is set on object 'Object Repository/MOH AND GRN/Page_KDMC - CMS/input_txtmrp'

2018-05-14 13:45:32 - [MESSAGE][PASSED] - Text '31.0' is set on object 'Object Repository/MOH AND GRN/Page_KDMC - CMS/input_txtmrp'

2018-05-14 13:45:32 - [TEST_STEP][PASSED] - setText: Finding Test Object with id 'Object Repository/MOH AND GRN/Page_KDMC - CMS/input_txtdeal'

2018-05-14 13:45:32 - [TEST_STEP][PASSED] - Statement - switch (id): Finding Test Object with id 'Object Repository/MOH AND GRN/Page_KDMC - CMS/input_txtbatchno'

2018-05-14 13:45:32 - [TEST_STEP][PASSED] - Statement - case 5:: Text '7.0' is set on object 'Object Repository/MOH AND GRN/Page_KDMC - CMS/input_txtdeal'

2018-05-14 13:45:32 - [TEST_STEP][PASSED] - Statement - return (java.lang.Math.floor((java.lang.Math.random() * ((max - min) + 1))) + min): Text '7.0' is set on object 'Object Repository/MOH AND GRN/Page_KDMC - CMS/input_txtdeal'

2018-05-14 13:45:32 - [MESSAGE][PASSED] - Text '7.0' is set on object 'Object Repository/MOH AND GRN/Page_KDMC - CMS/input_txtdeal'

2018-05-14 13:45:32 - [TEST_STEP][PASSED] - setText: Finding Test Object with id 'Object Repository/MOH AND GRN/Page_KDMC - CMS/input_txtbatchno'

2018-05-14 13:45:32 - [TEST_STEP][PASSED] - Statement - switch (id): Finding Test Object with id 'Object Repository/MOH AND GRN/Page_KDMC - CMS/input_txtmrp'

2018-05-14 13:45:32 - [TEST_STEP][PASSED] - Statement - case 1:: Text 'BA121.0' is set on object 'Object Repository/MOH AND GRN/Page_KDMC - CMS/input_txtbatchno'

2018-05-14 13:45:32 - [TEST_STEP][PASSED] - Statement - return (java.lang.Math.floor((java.lang.Math.random() * ((max - min) + 1))) + min): Text 'BA121.0' is set on object 'Object Repository/MOH AND GRN/Page_KDMC - CMS/input_txtbatchno'

2018-05-14 13:45:32 - [MESSAGE][PASSED] - Text 'BA121.0' is set on object 'Object Repository/MOH AND GRN/Page_KDMC - CMS/input_txtbatchno'

2018-05-14 13:45:32 - [TEST_STEP][PASSED] - rightClick: Object: 'Object Repository/GRN/Page_KDMC - CMS/input_txtexpdate' is right clicked on

2018-05-14 13:45:32 - [MESSAGE][PASSED] - Object: 'Object Repository/GRN/Page_KDMC - CMS/input_txtexpdate' is right clicked on

2018-05-14 13:45:32 - [TEST_STEP][PASSED] - selectOptionByIndex: All options with index in [7] are selected on object 'Object Repository/GRN/Page_KDMC - CMS/select_20182019202020212022202'

2018-05-14 13:45:33 - [MESSAGE][PASSED] - All options with index in [7] are selected on object 'Object Repository/GRN/Page_KDMC - CMS/select_20182019202020212022202'

2018-05-14 13:45:33 - [TEST_STEP][PASSED] - selectOptionByIndex: All options with index in [7] are selected on object 'Object Repository/GRN/Page_KDMC - CMS/select_JanFebMarAprMayJunJulAu'

2018-05-14 13:45:33 - [MESSAGE][PASSED] - All options with index in [7] are selected on object 'Object Repository/GRN/Page_KDMC - CMS/select_JanFebMarAprMayJunJulAu'

2018-05-14 13:45:33 - [TEST_STEP][PASSED] - click: Object: 'Object Repository/MOH AND GRN/Page_KDMC - CMS/a_12' is clicked on

2018-05-14 13:45:33 - [MESSAGE][PASSED] - Object: 'Object Repository/MOH AND GRN/Page_KDMC - CMS/a_12' is clicked on

2018-05-14 13:45:33 - [TEST_STEP][PASSED] - click: Object: 'Object Repository/MOH AND GRN/Page_KDMC - CMS/input_btnadd' is clicked on

2018-05-14 13:45:33 - [MESSAGE][PASSED] - Object: 'Object Repository/MOH AND GRN/Page_KDMC - CMS/input_btnadd' is clicked on

2018-05-14 13:45:33 - [TEST_STEP][PASSED] - Statement - If (s == 10): null

2018-05-14 13:45:33 - [TEST_STEP][PASSED] - Statement - Else: null

2018-05-14 13:45:33 - [TEST_STEP][PASSED] - Statement - (s++): null

2018-05-14 13:45:33 - [TEST_STEP][PASSED] - delay: Delayed 1 second(s)

2018-05-14 13:45:34 - [MESSAGE][PASSED] - Delayed 1 second(s)

2018-05-14 13:45:34 - [TEST_STEP][PASSED] - selectOptionByIndex: All options with index in [28] are selected on object 'Object Repository/MOH AND GRN/Page_KDMC - CMS/select_--Select--Amikacin -500'

2018-05-14 13:45:34 - [MESSAGE][PASSED] - All options with index in [28] are selected on object 'Object Repository/MOH AND GRN/Page_KDMC - CMS/select_--Select--Amikacin -500'

2018-05-14 13:45:34 - [TEST_STEP][PASSED] - setText: Text '5000' is set on object 'Object Repository/MOH AND GRN/Page_KDMC - CMS/input_txtqty'

2018-05-14 13:45:34 - [MESSAGE][PASSED] - Text '5000' is set on object 'Object Repository/MOH AND GRN/Page_KDMC - CMS/input_txtqty'

2018-05-14 13:45:34 - [TEST_STEP][PASSED] - selectOptionByIndex: All options with index in [1] are selected on object 'Object Repository/MOH AND GRN/Page_KDMC - CMS/select_--Select--No Tax0'

2018-05-14 13:45:35 - [MESSAGE][PASSED] - All options with index in [1] are selected on object 'Object Repository/MOH AND GRN/Page_KDMC - CMS/select_--Select--No Tax0'

2018-05-14 13:45:35 - [TEST_STEP][PASSED] - setText: Finding Test Object with id 'Object Repository/MOH AND GRN/Page_KDMC - CMS/input_txtmrp'

2018-05-14 13:45:35 - [TEST_STEP][PASSED] - Statement - switch (id): Finding Test Object with id 'Object Repository/MOH AND GRN/Page_KDMC - CMS/input_txtdeal'

2018-05-14 13:45:35 - [TEST_STEP][PASSED] - Statement - case 4:: Text '29.0' is set on object 'Object Repository/MOH AND GRN/Page_KDMC - CMS/input_txtmrp'

2018-05-14 13:45:35 - [TEST_STEP][PASSED] - Statement - return (java.lang.Math.floor((java.lang.Math.random() * ((max - min) + 1))) + min): Text '29.0' is set on object 'Object Repository/MOH AND GRN/Page_KDMC - CMS/input_txtmrp'

2018-05-14 13:45:35 - [MESSAGE][PASSED] - Text '29.0' is set on object 'Object Repository/MOH AND GRN/Page_KDMC - CMS/input_txtmrp'

2018-05-14 13:45:35 - [TEST_STEP][PASSED] - setText: Finding Test Object with id 'Object Repository/MOH AND GRN/Page_KDMC - CMS/input_txtdeal'

2018-05-14 13:45:35 - [TEST_STEP][PASSED] - Statement - switch (id): Finding Test Object with id 'Object Repository/MOH AND GRN/Page_KDMC - CMS/input_txtbatchno'

2018-05-14 13:45:35 - [TEST_STEP][PASSED] - Statement - case 5:: Text '4.0' is set on object 'Object Repository/MOH AND GRN/Page_KDMC - CMS/input_txtdeal'

2018-05-14 13:45:35 - [TEST_STEP][PASSED] - Statement - return (java.lang.Math.floor((java.lang.Math.random() * ((max - min) + 1))) + min): Text '4.0' is set on object 'Object Repository/MOH AND GRN/Page_KDMC - CMS/input_txtdeal'

2018-05-14 13:45:35 - [MESSAGE][PASSED] - Text '4.0' is set on object 'Object Repository/MOH AND GRN/Page_KDMC - CMS/input_txtdeal'

2018-05-14 13:45:35 - [TEST_STEP][PASSED] - setText: Finding Test Object with id 'Object Repository/MOH AND GRN/Page_KDMC - CMS/input_txtbatchno'

2018-05-14 13:45:35 - [TEST_STEP][PASSED] - Statement - switch (id): Finding Test Object with id 'Object Repository/MOH AND GRN/Page_KDMC - CMS/input_txtmrp'

2018-05-14 13:45:35 - [TEST_STEP][PASSED] - Statement - case 1:: Text 'BA743.0' is set on object 'Object Repository/MOH AND GRN/Page_KDMC - CMS/input_txtbatchno'

2018-05-14 13:45:35 - [TEST_STEP][PASSED] - Statement - return (java.lang.Math.floor((java.lang.Math.random() * ((max - min) + 1))) + min): Text 'BA743.0' is set on object 'Object Repository/MOH AND GRN/Page_KDMC - CMS/input_txtbatchno'

2018-05-14 13:45:35 - [MESSAGE][PASSED] - Text 'BA743.0' is set on object 'Object Repository/MOH AND GRN/Page_KDMC - CMS/input_txtbatchno'

2018-05-14 13:45:35 - [TEST_STEP][PASSED] - rightClick: Object: 'Object Repository/GRN/Page_KDMC - CMS/input_txtexpdate' is right clicked on

2018-05-14 13:45:35 - [MESSAGE][PASSED] - Object: 'Object Repository/GRN/Page_KDMC - CMS/input_txtexpdate' is right clicked on

2018-05-14 13:45:35 - [TEST_STEP][PASSED] - selectOptionByIndex: All options with index in [8] are selected on object 'Object Repository/GRN/Page_KDMC - CMS/select_20182019202020212022202'

2018-05-14 13:45:35 - [MESSAGE][PASSED] - All options with index in [8] are selected on object 'Object Repository/GRN/Page_KDMC - CMS/select_20182019202020212022202'

2018-05-14 13:45:35 - [TEST_STEP][PASSED] - selectOptionByIndex: All options with index in [8] are selected on object 'Object Repository/GRN/Page_KDMC - CMS/select_JanFebMarAprMayJunJulAu'

2018-05-14 13:45:36 - [MESSAGE][PASSED] - All options with index in [8] are selected on object 'Object Repository/GRN/Page_KDMC - CMS/select_JanFebMarAprMayJunJulAu'

2018-05-14 13:45:36 - [TEST_STEP][PASSED] - click: Object: 'Object Repository/MOH AND GRN/Page_KDMC - CMS/a_12' is clicked on

2018-05-14 13:45:36 - [MESSAGE][PASSED] - Object: 'Object Repository/MOH AND GRN/Page_KDMC - CMS/a_12' is clicked on

2018-05-14 13:45:36 - [TEST_STEP][PASSED] - click: Object: 'Object Repository/MOH AND GRN/Page_KDMC - CMS/input_btnadd' is clicked on

2018-05-14 13:45:36 - [MESSAGE][PASSED] - Object: 'Object Repository/MOH AND GRN/Page_KDMC - CMS/input_btnadd' is clicked on

2018-05-14 13:45:36 - [TEST_STEP][PASSED] - Statement - If (s == 10): null

2018-05-14 13:45:36 - [TEST_STEP][PASSED] - Statement - Else: null

2018-05-14 13:45:36 - [TEST_STEP][PASSED] - Statement - (s++): null

2018-05-14 13:45:36 - [TEST_STEP][PASSED] - delay: Delayed 1 second(s)

2018-05-14 13:45:37 - [MESSAGE][PASSED] - Delayed 1 second(s)

2018-05-14 13:45:37 - [TEST_STEP][PASSED] - selectOptionByIndex: All options with index in [29] are selected on object 'Object Repository/MOH AND GRN/Page_KDMC - CMS/select_--Select--Amikacin -500'

2018-05-14 13:45:37 - [MESSAGE][PASSED] - All options with index in [29] are selected on object 'Object Repository/MOH AND GRN/Page_KDMC - CMS/select_--Select--Amikacin -500'

2018-05-14 13:45:37 - [TEST_STEP][PASSED] - setText: Text '5000' is set on object 'Object Repository/MOH AND GRN/Page_KDMC - CMS/input_txtqty'

2018-05-14 13:45:37 - [MESSAGE][PASSED] - Text '5000' is set on object 'Object Repository/MOH AND GRN/Page_KDMC - CMS/input_txtqty'

2018-05-14 13:45:37 - [TEST_STEP][PASSED] - selectOptionByIndex: All options with index in [1] are selected on object 'Object Repository/MOH AND GRN/Page_KDMC - CMS/select_--Select--No Tax0'

2018-05-14 13:45:37 - [MESSAGE][PASSED] - All options with index in [1] are selected on object 'Object Repository/MOH AND GRN/Page_KDMC - CMS/select_--Select--No Tax0'

2018-05-14 13:45:37 - [TEST_STEP][PASSED] - setText: Finding Test Object with id 'Object Repository/MOH AND GRN/Page_KDMC - CMS/input_txtmrp'

2018-05-14 13:45:37 - [TEST_STEP][PASSED] - Statement - switch (id): Finding Test Object with id 'Object Repository/MOH AND GRN/Page_KDMC - CMS/input_txtdeal'

2018-05-14 13:45:37 - [TEST_STEP][PASSED] - Statement - case 4:: Text '33.0' is set on object 'Object Repository/MOH AND GRN/Page_KDMC - CMS/input_txtmrp'

2018-05-14 13:45:37 - [TEST_STEP][PASSED] - Statement - return (java.lang.Math.floor((java.lang.Math.random() * ((max - min) + 1))) + min): Text '33.0' is set on object 'Object Repository/MOH AND GRN/Page_KDMC - CMS/input_txtmrp'

2018-05-14 13:45:37 - [MESSAGE][PASSED] - Text '33.0' is set on object 'Object Repository/MOH AND GRN/Page_KDMC - CMS/input_txtmrp'

2018-05-14 13:45:37 - [TEST_STEP][PASSED] - setText: Finding Test Object with id 'Object Repository/MOH AND GRN/Page_KDMC - CMS/input_txtdeal'

2018-05-14 13:45:37 - [TEST_STEP][PASSED] - Statement - switch (id): Finding Test Object with id 'Object Repository/MOH AND GRN/Page_KDMC - CMS/input_txtbatchno'

2018-05-14 13:45:37 - [TEST_STEP][PASSED] - Statement - case 5:: Text '7.0' is set on object 'Object Repository/MOH AND GRN/Page_KDMC - CMS/input_txtdeal'

2018-05-14 13:45:37 - [TEST_STEP][PASSED] - Statement - return (java.lang.Math.floor((java.lang.Math.random() * ((max - min) + 1))) + min): Text '7.0' is set on object 'Object Repository/MOH AND GRN/Page_KDMC - CMS/input_txtdeal'

2018-05-14 13:45:38 - [MESSAGE][PASSED] - Text '7.0' is set on object 'Object Repository/MOH AND GRN/Page_KDMC - CMS/input_txtdeal'

2018-05-14 13:45:38 - [TEST_STEP][PASSED] - setText: Finding Test Object with id 'Object Repository/MOH AND GRN/Page_KDMC - CMS/input_txtbatchno'

2018-05-14 13:45:38 - [TEST_STEP][PASSED] - Statement - switch (id): Finding Test Object with id 'Object Repository/MOH AND GRN/Page_KDMC - CMS/input_txtmrp'

2018-05-14 13:45:38 - [TEST_STEP][PASSED] - Statement - case 1:: Text 'BA900.0' is set on object 'Object Repository/MOH AND GRN/Page_KDMC - CMS/input_txtbatchno'

2018-05-14 13:45:38 - [TEST_STEP][PASSED] - Statement - return (java.lang.Math.floor((java.lang.Math.random() * ((max - min) + 1))) + min): Text 'BA900.0' is set on object 'Object Repository/MOH AND GRN/Page_KDMC - CMS/input_txtbatchno'

2018-05-14 13:45:38 - [MESSAGE][PASSED] - Text 'BA900.0' is set on object 'Object Repository/MOH AND GRN/Page_KDMC - CMS/input_txtbatchno'

2018-05-14 13:45:38 - [TEST_STEP][PASSED] - rightClick: Object: 'Object Repository/GRN/Page_KDMC - CMS/input_txtexpdate' is right clicked on

2018-05-14 13:45:38 - [MESSAGE][PASSED] - Object: 'Object Repository/GRN/Page_KDMC - CMS/input_txtexpdate' is right clicked on

2018-05-14 13:45:38 - [TEST_STEP][PASSED] - selectOptionByIndex: All options with index in [9] are selected on object 'Object Repository/GRN/Page_KDMC - CMS/select_20182019202020212022202'

2018-05-14 13:45:38 - [MESSAGE][PASSED] - All options with index in [9] are selected on object 'Object Repository/GRN/Page_KDMC - CMS/select_20182019202020212022202'

2018-05-14 13:45:38 - [TEST_STEP][PASSED] - selectOptionByIndex: All options with index in [9] are selected on object 'Object Repository/GRN/Page_KDMC - CMS/select_JanFebMarAprMayJunJulAu'

2018-05-14 13:45:38 - [MESSAGE][PASSED] - All options with index in [9] are selected on object 'Object Repository/GRN/Page_KDMC - CMS/select_JanFebMarAprMayJunJulAu'

2018-05-14 13:45:38 - [TEST_STEP][PASSED] - click: Object: 'Object Repository/MOH AND GRN/Page_KDMC - CMS/a_12' is clicked on

2018-05-14 13:45:38 - [MESSAGE][PASSED] - Object: 'Object Repository/MOH AND GRN/Page_KDMC - CMS/a_12' is clicked on

2018-05-14 13:45:38 - [TEST_STEP][PASSED] - click: Object: 'Object Repository/MOH AND GRN/Page_KDMC - CMS/input_btnadd' is clicked on

2018-05-14 13:45:38 - [MESSAGE][PASSED] - Object: 'Object Repository/MOH AND GRN/Page_KDMC - CMS/input_btnadd' is clicked on

2018-05-14 13:45:38 - [TEST_STEP][PASSED] - Statement - If (s == 10): null

2018-05-14 13:45:38 - [TEST_STEP][PASSED] - Statement - Else: null

2018-05-14 13:45:38 - [TEST_STEP][PASSED] - Statement - (s++): null

2018-05-14 13:45:38 - [TEST_STEP][PASSED] - delay: Delayed 1 second(s)

2018-05-14 13:45:39 - [MESSAGE][PASSED] - Delayed 1 second(s)

2018-05-14 13:45:39 - [TEST_STEP][PASSED] - selectOptionByIndex: All options with index in [30] are selected on object 'Object Repository/MOH AND GRN/Page_KDMC - CMS/select_--Select--Amikacin -500'

2018-05-14 13:45:40 - [MESSAGE][PASSED] - All options with index in [30] are selected on object 'Object Repository/MOH AND GRN/Page_KDMC - CMS/select_--Select--Amikacin -500'

2018-05-14 13:45:40 - [TEST_STEP][PASSED] - setText: Text '5000' is set on object 'Object Repository/MOH AND GRN/Page_KDMC - CMS/input_txtqty'

2018-05-14 13:45:40 - [MESSAGE][PASSED] - Text '5000' is set on object 'Object Repository/MOH AND GRN/Page_KDMC - CMS/input_txtqty'

2018-05-14 13:45:40 - [TEST_STEP][PASSED] - selectOptionByIndex: All options with index in [1] are selected on object 'Object Repository/MOH AND GRN/Page_KDMC - CMS/select_--Select--No Tax0'

2018-05-14 13:45:40 - [MESSAGE][PASSED] - All options with index in [1] are selected on object 'Object Repository/MOH AND GRN/Page_KDMC - CMS/select_--Select--No Tax0'

2018-05-14 13:45:40 - [TEST_STEP][PASSED] - setText: Finding Test Object with id 'Object Repository/MOH AND GRN/Page_KDMC - CMS/input_txtmrp'

2018-05-14 13:45:40 - [TEST_STEP][PASSED] - Statement - switch (id): Finding Test Object with id 'Object Repository/MOH AND GRN/Page_KDMC - CMS/input_txtdeal'

2018-05-14 13:45:40 - [TEST_STEP][PASSED] - Statement - case 4:: Text '27.0' is set on object 'Object Repository/MOH AND GRN/Page_KDMC - CMS/input_txtmrp'

2018-05-14 13:45:40 - [TEST_STEP][PASSED] - Statement - return (java.lang.Math.floor((java.lang.Math.random() * ((max - min) + 1))) + min): Text '27.0' is set on object 'Object Repository/MOH AND GRN/Page_KDMC - CMS/input_txtmrp'

2018-05-14 13:45:40 - [MESSAGE][PASSED] - Text '27.0' is set on object 'Object Repository/MOH AND GRN/Page_KDMC - CMS/input_txtmrp'

2018-05-14 13:45:40 - [TEST_STEP][PASSED] - setText: Finding Test Object with id 'Object Repository/MOH AND GRN/Page_KDMC - CMS/input_txtdeal'

2018-05-14 13:45:40 - [TEST_STEP][PASSED] - Statement - switch (id): Finding Test Object with id 'Object Repository/MOH AND GRN/Page_KDMC - CMS/input_txtbatchno'

2018-05-14 13:45:40 - [TEST_STEP][PASSED] - Statement - case 5:: Text '3.0' is set on object 'Object Repository/MOH AND GRN/Page_KDMC - CMS/input_txtdeal'

2018-05-14 13:45:40 - [TEST_STEP][PASSED] - Statement - return (java.lang.Math.floor((java.lang.Math.random() * ((max - min) + 1))) + min): Text '3.0' is set on object 'Object Repository/MOH AND GRN/Page_KDMC - CMS/input_txtdeal'

2018-05-14 13:45:40 - [MESSAGE][PASSED] - Text '3.0' is set on object 'Object Repository/MOH AND GRN/Page_KDMC - CMS/input_txtdeal'

2018-05-14 13:45:40 - [TEST_STEP][PASSED] - setText: Finding Test Object with id 'Object Repository/MOH AND GRN/Page_KDMC - CMS/input_txtbatchno'

2018-05-14 13:45:40 - [TEST_STEP][PASSED] - Statement - switch (id): Finding Test Object with id 'Object Repository/MOH AND GRN/Page_KDMC - CMS/input_txtmrp'

2018-05-14 13:45:40 - [TEST_STEP][PASSED] - Statement - case 1:: Text 'BA250.0' is set on object 'Object Repository/MOH AND GRN/Page_KDMC - CMS/input_txtbatchno'

2018-05-14 13:45:40 - [TEST_STEP][PASSED] - Statement - return (java.lang.Math.floor((java.lang.Math.random() * ((max - min) + 1))) + min): Text 'BA250.0' is set on object 'Object Repository/MOH AND GRN/Page_KDMC - CMS/input_txtbatchno'

2018-05-14 13:45:41 - [MESSAGE][PASSED] - Text 'BA250.0' is set on object 'Object Repository/MOH AND GRN/Page_KDMC - CMS/input_txtbatchno'

2018-05-14 13:45:41 - [TEST_STEP][PASSED] - rightClick: Object: 'Object Repository/GRN/Page_KDMC - CMS/input_txtexpdate' is right clicked on

2018-05-14 13:45:41 - [MESSAGE][PASSED] - Object: 'Object Repository/GRN/Page_KDMC - CMS/input_txtexpdate' is right clicked on

2018-05-14 13:45:41 - [TEST_STEP][PASSED] - selectOptionByIndex: All options with index in [10] are selected on object 'Object Repository/GRN/Page_KDMC - CMS/select_20182019202020212022202'

2018-05-14 13:45:41 - [MESSAGE][PASSED] - All options with index in [10] are selected on object 'Object Repository/GRN/Page_KDMC - CMS/select_20182019202020212022202'

2018-05-14 13:45:41 - [TEST_STEP][PASSED] - selectOptionByIndex: All options with index in [10] are selected on object 'Object Repository/GRN/Page_KDMC - CMS/select_JanFebMarAprMayJunJulAu'

2018-05-14 13:45:41 - [MESSAGE][PASSED] - All options with index in [10] are selected on object 'Object Repository/GRN/Page_KDMC - CMS/select_JanFebMarAprMayJunJulAu'

2018-05-14 13:45:41 - [TEST_STEP][PASSED] - click: Object: 'Object Repository/MOH AND GRN/Page_KDMC - CMS/a_12' is clicked on

2018-05-14 13:45:41 - [MESSAGE][PASSED] - Object: 'Object Repository/MOH AND GRN/Page_KDMC - CMS/a_12' is clicked on

2018-05-14 13:45:41 - [TEST_STEP][PASSED] - click: Object: 'Object Repository/MOH AND GRN/Page_KDMC - CMS/input_btnadd' is clicked on

2018-05-14 13:45:41 - [MESSAGE][PASSED] - Object: 'Object Repository/MOH AND GRN/Page_KDMC - CMS/input_btnadd' is clicked on

2018-05-14 13:45:41 - [TEST_STEP][PASSED] - Statement - If (s == 10): null

2018-05-14 13:45:41 - [TEST_STEP][PASSED] - Statement - s = 1: null

2018-05-14 13:45:41 - [TEST_STEP][PASSED] - delay: Delayed 1 second(s)

2018-05-14 13:45:42 - [MESSAGE][PASSED] - Delayed 1 second(s)

2018-05-14 13:45:42 - [TEST_STEP][PASSED] - selectOptionByIndex: All options with index in [31] are selected on object 'Object Repository/MOH AND GRN/Page_KDMC - CMS/select_--Select--Amikacin -500'

2018-05-14 13:45:43 - [MESSAGE][PASSED] - All options with index in [31] are selected on object 'Object Repository/MOH AND GRN/Page_KDMC - CMS/select_--Select--Amikacin -500'

2018-05-14 13:45:43 - [TEST_STEP][PASSED] - setText: Text '5000' is set on object 'Object Repository/MOH AND GRN/Page_KDMC - CMS/input_txtqty'

2018-05-14 13:45:43 - [MESSAGE][PASSED] - Text '5000' is set on object 'Object Repository/MOH AND GRN/Page_KDMC - CMS/input_txtqty'

2018-05-14 13:45:43 - [TEST_STEP][PASSED] - selectOptionByIndex: All options with index in [1] are selected on object 'Object Repository/MOH AND GRN/Page_KDMC - CMS/select_--Select--No Tax0'

2018-05-14 13:45:43 - [MESSAGE][PASSED] - All options with index in [1] are selected on object 'Object Repository/MOH AND GRN/Page_KDMC - CMS/select_--Select--No Tax0'

2018-05-14 13:45:43 - [TEST_STEP][PASSED] - setText: Finding Test Object with id 'Object Repository/MOH AND GRN/Page_KDMC - CMS/input_txtmrp'

2018-05-14 13:45:43 - [TEST_STEP][PASSED] - Statement - switch (id): Finding Test Object with id 'Object Repository/MOH AND GRN/Page_KDMC - CMS/input_txtdeal'

2018-05-14 13:45:43 - [TEST_STEP][PASSED] - Statement - case 4:: Text '41.0' is set on object 'Object Repository/MOH AND GRN/Page_KDMC - CMS/input_txtmrp'

2018-05-14 13:45:43 - [TEST_STEP][PASSED] - Statement - return (java.lang.Math.floor((java.lang.Math.random() * ((max - min) + 1))) + min): Text '41.0' is set on object 'Object Repository/MOH AND GRN/Page_KDMC - CMS/input_txtmrp'

2018-05-14 13:45:43 - [MESSAGE][PASSED] - Text '41.0' is set on object 'Object Repository/MOH AND GRN/Page_KDMC - CMS/input_txtmrp'

2018-05-14 13:45:43 - [TEST_STEP][PASSED] - setText: Finding Test Object with id 'Object Repository/MOH AND GRN/Page_KDMC - CMS/input_txtdeal'

2018-05-14 13:45:43 - [TEST_STEP][PASSED] - Statement - switch (id): Finding Test Object with id 'Object Repository/MOH AND GRN/Page_KDMC - CMS/input_txtbatchno'

2018-05-14 13:45:43 - [TEST_STEP][PASSED] - Statement - case 5:: Text '6.0' is set on object 'Object Repository/MOH AND GRN/Page_KDMC - CMS/input_txtdeal'

2018-05-14 13:45:43 - [TEST_STEP][PASSED] - Statement - return (java.lang.Math.floor((java.lang.Math.random() * ((max - min) + 1))) + min): Text '6.0' is set on object 'Object Repository/MOH AND GRN/Page_KDMC - CMS/input_txtdeal'

2018-05-14 13:45:43 - [MESSAGE][PASSED] - Text '6.0' is set on object 'Object Repository/MOH AND GRN/Page_KDMC - CMS/input_txtdeal'

2018-05-14 13:45:43 - [TEST_STEP][PASSED] - setText: Finding Test Object with id 'Object Repository/MOH AND GRN/Page_KDMC - CMS/input_txtbatchno'

2018-05-14 13:45:43 - [TEST_STEP][PASSED] - Statement - switch (id): Finding Test Object with id 'Object Repository/MOH AND GRN/Page_KDMC - CMS/input_txtmrp'

2018-05-14 13:45:43 - [TEST_STEP][PASSED] - Statement - case 1:: Text 'BA325.0' is set on object 'Object Repository/MOH AND GRN/Page_KDMC - CMS/input_txtbatchno'

2018-05-14 13:45:43 - [TEST_STEP][PASSED] - Statement - return (java.lang.Math.floor((java.lang.Math.random() * ((max - min) + 1))) + min): Text 'BA325.0' is set on object 'Object Repository/MOH AND GRN/Page_KDMC - CMS/input_txtbatchno'

2018-05-14 13:45:43 - [MESSAGE][PASSED] - Text 'BA325.0' is set on object 'Object Repository/MOH AND GRN/Page_KDMC - CMS/input_txtbatchno'

2018-05-14 13:45:43 - [TEST_STEP][PASSED] - rightClick: Object: 'Object Repository/GRN/Page_KDMC - CMS/input_txtexpdate' is right clicked on

2018-05-14 13:45:43 - [MESSAGE][PASSED] - Object: 'Object Repository/GRN/Page_KDMC - CMS/input_txtexpdate' is right clicked on

2018-05-14 13:45:43 - [TEST_STEP][PASSED] - selectOptionByIndex: All options with index in [1] are selected on object 'Object Repository/GRN/Page_KDMC - CMS/select_20182019202020212022202'

2018-05-14 13:45:44 - [MESSAGE][PASSED] - All options with index in [1] are selected on object 'Object Repository/GRN/Page_KDMC - CMS/select_20182019202020212022202'

2018-05-14 13:45:44 - [TEST_STEP][PASSED] - selectOptionByIndex: All options with index in [1] are selected on object 'Object Repository/GRN/Page_KDMC - CMS/select_JanFebMarAprMayJunJulAu'

2018-05-14 13:45:44 - [MESSAGE][PASSED] - All options with index in [1] are selected on object 'Object Repository/GRN/Page_KDMC - CMS/select_JanFebMarAprMayJunJulAu'

2018-05-14 13:45:44 - [TEST_STEP][PASSED] - click: Object: 'Object Repository/MOH AND GRN/Page_KDMC - CMS/a_12' is clicked on

2018-05-14 13:45:44 - [MESSAGE][PASSED] - Object: 'Object Repository/MOH AND GRN/Page_KDMC - CMS/a_12' is clicked on

2018-05-14 13:45:44 - [TEST_STEP][PASSED] - click: Object: 'Object Repository/MOH AND GRN/Page_KDMC - CMS/input_btnadd' is clicked on

2018-05-14 13:45:44 - [MESSAGE][PASSED] - Object: 'Object Repository/MOH AND GRN/Page_KDMC - CMS/input_btnadd' is clicked on

2018-05-14 13:45:44 - [TEST_STEP][PASSED] - Statement - If (s == 10): null

2018-05-14 13:45:44 - [TEST_STEP][PASSED] - Statement - Else: null

2018-05-14 13:45:44 - [TEST_STEP][PASSED] - Statement - (s++): null

2018-05-14 13:45:44 - [TEST_STEP][PASSED] - delay: Delayed 1 second(s)

2018-05-14 13:45:45 - [MESSAGE][PASSED] - Delayed 1 second(s)

2018-05-14 13:45:45 - [TEST_STEP][PASSED] - selectOptionByIndex: All options with index in [32] are selected on object 'Object Repository/MOH AND GRN/Page_KDMC - CMS/select_--Select--Amikacin -500'

2018-05-14 13:45:45 - [MESSAGE][PASSED] - All options with index in [32] are selected on object 'Object Repository/MOH AND GRN/Page_KDMC - CMS/select_--Select--Amikacin -500'

2018-05-14 13:45:45 - [TEST_STEP][PASSED] - setText: Text '5000' is set on object 'Object Repository/MOH AND GRN/Page_KDMC - CMS/input_txtqty'

2018-05-14 13:45:46 - [MESSAGE][PASSED] - Text '5000' is set on object 'Object Repository/MOH AND GRN/Page_KDMC - CMS/input_txtqty'

2018-05-14 13:45:46 - [TEST_STEP][PASSED] - selectOptionByIndex: All options with index in [1] are selected on object 'Object Repository/MOH AND GRN/Page_KDMC - CMS/select_--Select--No Tax0'

2018-05-14 13:45:46 - [MESSAGE][PASSED] - All options with index in [1] are selected on object 'Object Repository/MOH AND GRN/Page_KDMC - CMS/select_--Select--No Tax0'

2018-05-14 13:45:46 - [TEST_STEP][PASSED] - setText: Finding Test Object with id 'Object Repository/MOH AND GRN/Page_KDMC - CMS/input_txtmrp'

2018-05-14 13:45:46 - [TEST_STEP][PASSED] - Statement - switch (id): Finding Test Object with id 'Object Repository/MOH AND GRN/Page_KDMC - CMS/input_txtdeal'

2018-05-14 13:45:46 - [TEST_STEP][PASSED] - Statement - case 4:: Text '15.0' is set on object 'Object Repository/MOH AND GRN/Page_KDMC - CMS/input_txtmrp'

2018-05-14 13:45:46 - [TEST_STEP][PASSED] - Statement - return (java.lang.Math.floor((java.lang.Math.random() * ((max - min) + 1))) + min): Text '15.0' is set on object 'Object Repository/MOH AND GRN/Page_KDMC - CMS/input_txtmrp'

2018-05-14 13:45:46 - [MESSAGE][PASSED] - Text '15.0' is set on object 'Object Repository/MOH AND GRN/Page_KDMC - CMS/input_txtmrp'

2018-05-14 13:45:46 - [TEST_STEP][PASSED] - setText: Finding Test Object with id 'Object Repository/MOH AND GRN/Page_KDMC - CMS/input_txtdeal'

2018-05-14 13:45:46 - [TEST_STEP][PASSED] - Statement - switch (id): Finding Test Object with id 'Object Repository/MOH AND GRN/Page_KDMC - CMS/input_txtbatchno'

2018-05-14 13:45:46 - [TEST_STEP][PASSED] - Statement - case 5:: Text '11.0' is set on object 'Object Repository/MOH AND GRN/Page_KDMC - CMS/input_txtdeal'

2018-05-14 13:45:46 - [TEST_STEP][PASSED] - Statement - return (java.lang.Math.floor((java.lang.Math.random() * ((max - min) + 1))) + min): Text '11.0' is set on object 'Object Repository/MOH AND GRN/Page_KDMC - CMS/input_txtdeal'

2018-05-14 13:45:46 - [MESSAGE][PASSED] - Text '11.0' is set on object 'Object Repository/MOH AND GRN/Page_KDMC - CMS/input_txtdeal'

2018-05-14 13:45:46 - [TEST_STEP][PASSED] - setText: Finding Test Object with id 'Object Repository/MOH AND GRN/Page_KDMC - CMS/input_txtbatchno'

2018-05-14 13:45:46 - [TEST_STEP][PASSED] - Statement - switch (id): Finding Test Object with id 'Object Repository/MOH AND GRN/Page_KDMC - CMS/input_txtmrp'

2018-05-14 13:45:46 - [TEST_STEP][PASSED] - Statement - case 1:: Text 'BA426.0' is set on object 'Object Repository/MOH AND GRN/Page_KDMC - CMS/input_txtbatchno'

2018-05-14 13:45:46 - [TEST_STEP][PASSED] - Statement - return (java.lang.Math.floor((java.lang.Math.random() * ((max - min) + 1))) + min): Text 'BA426.0' is set on object 'Object Repository/MOH AND GRN/Page_KDMC - CMS/input_txtbatchno'

2018-05-14 13:45:46 - [MESSAGE][PASSED] - Text 'BA426.0' is set on object 'Object Repository/MOH AND GRN/Page_KDMC - CMS/input_txtbatchno'

2018-05-14 13:45:46 - [TEST_STEP][PASSED] - rightClick: Object: 'Object Repository/GRN/Page_KDMC - CMS/input_txtexpdate' is right clicked on

2018-05-14 13:45:46 - [MESSAGE][PASSED] - Object: 'Object Repository/GRN/Page_KDMC - CMS/input_txtexpdate' is right clicked on

2018-05-14 13:45:46 - [TEST_STEP][PASSED] - selectOptionByIndex: All options with index in [2] are selected on object 'Object Repository/GRN/Page_KDMC - CMS/select_20182019202020212022202'

2018-05-14 13:45:46 - [MESSAGE][PASSED] - All options with index in [2] are selected on object 'Object Repository/GRN/Page_KDMC - CMS/select_20182019202020212022202'

2018-05-14 13:45:46 - [TEST_STEP][PASSED] - selectOptionByIndex: All options with index in [2] are selected on object 'Object Repository/GRN/Page_KDMC - CMS/select_JanFebMarAprMayJunJulAu'

2018-05-14 13:45:46 - [MESSAGE][PASSED] - All options with index in [2] are selected on object 'Object Repository/GRN/Page_KDMC - CMS/select_JanFebMarAprMayJunJulAu'

2018-05-14 13:45:46 - [TEST_STEP][PASSED] - click: Object: 'Object Repository/MOH AND GRN/Page_KDMC - CMS/a_12' is clicked on

2018-05-14 13:45:47 - [MESSAGE][PASSED] - Object: 'Object Repository/MOH AND GRN/Page_KDMC - CMS/a_12' is clicked on

2018-05-14 13:45:47 - [TEST_STEP][PASSED] - click: Object: 'Object Repository/MOH AND GRN/Page_KDMC - CMS/input_btnadd' is clicked on

2018-05-14 13:45:47 - [MESSAGE][PASSED] - Object: 'Object Repository/MOH AND GRN/Page_KDMC - CMS/input_btnadd' is clicked on

2018-05-14 13:45:47 - [TEST_STEP][PASSED] - Statement - If (s == 10): null

2018-05-14 13:45:47 - [TEST_STEP][PASSED] - Statement - Else: null

2018-05-14 13:45:47 - [TEST_STEP][PASSED] - Statement - (s++): null

2018-05-14 13:45:47 - [TEST_STEP][PASSED] - delay: Delayed 1 second(s)

2018-05-14 13:45:48 - [MESSAGE][PASSED] - Delayed 1 second(s)

2018-05-14 13:45:48 - [TEST_STEP][PASSED] - selectOptionByIndex: All options with index in [33] are selected on object 'Object Repository/MOH AND GRN/Page_KDMC - CMS/select_--Select--Amikacin -500'

2018-05-14 13:45:48 - [MESSAGE][PASSED] - All options with index in [33] are selected on object 'Object Repository/MOH AND GRN/Page_KDMC - CMS/select_--Select--Amikacin -500'

2018-05-14 13:45:48 - [TEST_STEP][PASSED] - setText: Text '5000' is set on object 'Object Repository/MOH AND GRN/Page_KDMC - CMS/input_txtqty'

2018-05-14 13:45:48 - [MESSAGE][PASSED] - Text '5000' is set on object 'Object Repository/MOH AND GRN/Page_KDMC - CMS/input_txtqty'

2018-05-14 13:45:48 - [TEST_STEP][PASSED] - selectOptionByIndex: All options with index in [1] are selected on object 'Object Repository/MOH AND GRN/Page_KDMC - CMS/select_--Select--No Tax0'

2018-05-14 13:45:48 - [MESSAGE][PASSED] - All options with index in [1] are selected on object 'Object Repository/MOH AND GRN/Page_KDMC - CMS/select_--Select--No Tax0'

2018-05-14 13:45:48 - [TEST_STEP][PASSED] - setText: Finding Test Object with id 'Object Repository/MOH AND GRN/Page_KDMC - CMS/input_txtmrp'

2018-05-14 13:45:48 - [TEST_STEP][PASSED] - Statement - switch (id): Finding Test Object with id 'Object Repository/MOH AND GRN/Page_KDMC - CMS/input_txtdeal'

2018-05-14 13:45:48 - [TEST_STEP][PASSED] - Statement - case 4:: Text '15.0' is set on object 'Object Repository/MOH AND GRN/Page_KDMC - CMS/input_txtmrp'

2018-05-14 13:45:48 - [TEST_STEP][PASSED] - Statement - return (java.lang.Math.floor((java.lang.Math.random() * ((max - min) + 1))) + min): Text '15.0' is set on object 'Object Repository/MOH AND GRN/Page_KDMC - CMS/input_txtmrp'

2018-05-14 13:45:49 - [MESSAGE][PASSED] - Text '15.0' is set on object 'Object Repository/MOH AND GRN/Page_KDMC - CMS/input_txtmrp'

2018-05-14 13:45:49 - [TEST_STEP][PASSED] - setText: Finding Test Object with id 'Object Repository/MOH AND GRN/Page_KDMC - CMS/input_txtdeal'

2018-05-14 13:45:49 - [TEST_STEP][PASSED] - Statement - switch (id): Finding Test Object with id 'Object Repository/MOH AND GRN/Page_KDMC - CMS/input_txtbatchno'

2018-05-14 13:45:49 - [TEST_STEP][PASSED] - Statement - case 5:: Text '8.0' is set on object 'Object Repository/MOH AND GRN/Page_KDMC - CMS/input_txtdeal'

2018-05-14 13:45:49 - [TEST_STEP][PASSED] - Statement - return (java.lang.Math.floor((java.lang.Math.random() * ((max - min) + 1))) + min): Text '8.0' is set on object 'Object Repository/MOH AND GRN/Page_KDMC - CMS/input_txtdeal'

2018-05-14 13:45:49 - [MESSAGE][PASSED] - Text '8.0' is set on object 'Object Repository/MOH AND GRN/Page_KDMC - CMS/input_txtdeal'

2018-05-14 13:45:49 - [TEST_STEP][PASSED] - setText: Finding Test Object with id 'Object Repository/MOH AND GRN/Page_KDMC - CMS/input_txtbatchno'

2018-05-14 13:45:49 - [TEST_STEP][PASSED] - Statement - switch (id): Finding Test Object with id 'Object Repository/MOH AND GRN/Page_KDMC - CMS/input_txtmrp'

2018-05-14 13:45:49 - [TEST_STEP][PASSED] - Statement - case 1:: Text 'BA756.0' is set on object 'Object Repository/MOH AND GRN/Page_KDMC - CMS/input_txtbatchno'

2018-05-14 13:45:49 - [TEST_STEP][PASSED] - Statement - return (java.lang.Math.floor((java.lang.Math.random() * ((max - min) + 1))) + min): Text 'BA756.0' is set on object 'Object Repository/MOH AND GRN/Page_KDMC - CMS/input_txtbatchno'

2018-05-14 13:45:49 - [MESSAGE][PASSED] - Text 'BA756.0' is set on object 'Object Repository/MOH AND GRN/Page_KDMC - CMS/input_txtbatchno'

2018-05-14 13:45:49 - [TEST_STEP][PASSED] - rightClick: Object: 'Object Repository/GRN/Page_KDMC - CMS/input_txtexpdate' is right clicked on

2018-05-14 13:45:49 - [MESSAGE][PASSED] - Object: 'Object Repository/GRN/Page_KDMC - CMS/input_txtexpdate' is right clicked on

2018-05-14 13:45:49 - [TEST_STEP][PASSED] - selectOptionByIndex: All options with index in [3] are selected on object 'Object Repository/GRN/Page_KDMC - CMS/select_20182019202020212022202'

2018-05-14 13:45:49 - [MESSAGE][PASSED] - All options with index in [3] are selected on object 'Object Repository/GRN/Page_KDMC - CMS/select_20182019202020212022202'

2018-05-14 13:45:49 - [TEST_STEP][PASSED] - selectOptionByIndex: All options with index in [3] are selected on object 'Object Repository/GRN/Page_KDMC - CMS/select_JanFebMarAprMayJunJulAu'

2018-05-14 13:45:49 - [MESSAGE][PASSED] - All options with index in [3] are selected on object 'Object Repository/GRN/Page_KDMC - CMS/select_JanFebMarAprMayJunJulAu'

2018-05-14 13:45:49 - [TEST_STEP][PASSED] - click: Object: 'Object Repository/MOH AND GRN/Page_KDMC - CMS/a_12' is clicked on

2018-05-14 13:45:49 - [MESSAGE][PASSED] - Object: 'Object Repository/MOH AND GRN/Page_KDMC - CMS/a_12' is clicked on

2018-05-14 13:45:49 - [TEST_STEP][PASSED] - click: Object: 'Object Repository/MOH AND GRN/Page_KDMC - CMS/input_btnadd' is clicked on

2018-05-14 13:45:49 - [MESSAGE][PASSED] - Object: 'Object Repository/MOH AND GRN/Page_KDMC - CMS/input_btnadd' is clicked on

2018-05-14 13:45:49 - [TEST_STEP][PASSED] - Statement - If (s == 10): null

2018-05-14 13:45:49 - [TEST_STEP][PASSED] - Statement - Else: null

2018-05-14 13:45:49 - [TEST_STEP][PASSED] - Statement - (s++): null

2018-05-14 13:45:49 - [TEST_STEP][PASSED] - delay: Delayed 1 second(s)

2018-05-14 13:45:50 - [MESSAGE][PASSED] - Delayed 1 second(s)

2018-05-14 13:45:50 - [TEST_STEP][PASSED] - selectOptionByIndex: All options with index in [34] are selected on object 'Object Repository/MOH AND GRN/Page_KDMC - CMS/select_--Select--Amikacin -500'

2018-05-14 13:45:51 - [MESSAGE][PASSED] - All options with index in [34] are selected on object 'Object Repository/MOH AND GRN/Page_KDMC - CMS/select_--Select--Amikacin -500'

2018-05-14 13:45:51 - [TEST_STEP][PASSED] - setText: Text '5000' is set on object 'Object Repository/MOH AND GRN/Page_KDMC - CMS/input_txtqty'

2018-05-14 13:45:51 - [MESSAGE][PASSED] - Text '5000' is set on object 'Object Repository/MOH AND GRN/Page_KDMC - CMS/input_txtqty'

2018-05-14 13:45:51 - [TEST_STEP][PASSED] - selectOptionByIndex: All options with index in [1] are selected on object 'Object Repository/MOH AND GRN/Page_KDMC - CMS/select_--Select--No Tax0'

2018-05-14 13:45:51 - [MESSAGE][PASSED] - All options with index in [1] are selected on object 'Object Repository/MOH AND GRN/Page_KDMC - CMS/select_--Select--No Tax0'

2018-05-14 13:45:51 - [TEST_STEP][PASSED] - setText: Finding Test Object with id 'Object Repository/MOH AND GRN/Page_KDMC - CMS/input_txtmrp'

2018-05-14 13:45:51 - [TEST_STEP][PASSED] - Statement - switch (id): Finding Test Object with id 'Object Repository/MOH AND GRN/Page_KDMC - CMS/input_txtdeal'

2018-05-14 13:45:51 - [TEST_STEP][PASSED] - Statement - case 4:: Text '36.0' is set on object 'Object Repository/MOH AND GRN/Page_KDMC - CMS/input_txtmrp'

2018-05-14 13:45:51 - [TEST_STEP][PASSED] - Statement - return (java.lang.Math.floor((java.lang.Math.random() * ((max - min) + 1))) + min): Text '36.0' is set on object 'Object Repository/MOH AND GRN/Page_KDMC - CMS/input_txtmrp'

2018-05-14 13:45:51 - [MESSAGE][PASSED] - Text '36.0' is set on object 'Object Repository/MOH AND GRN/Page_KDMC - CMS/input_txtmrp'

2018-05-14 13:45:51 - [TEST_STEP][PASSED] - setText: Finding Test Object with id 'Object Repository/MOH AND GRN/Page_KDMC - CMS/input_txtdeal'

2018-05-14 13:45:51 - [TEST_STEP][PASSED] - Statement - switch (id): Finding Test Object with id 'Object Repository/MOH AND GRN/Page_KDMC - CMS/input_txtbatchno'

2018-05-14 13:45:51 - [TEST_STEP][PASSED] - Statement - case 5:: Text '4.0' is set on object 'Object Repository/MOH AND GRN/Page_KDMC - CMS/input_txtdeal'

2018-05-14 13:45:51 - [TEST_STEP][PASSED] - Statement - return (java.lang.Math.floor((java.lang.Math.random() * ((max - min) + 1))) + min): Text '4.0' is set on object 'Object Repository/MOH AND GRN/Page_KDMC - CMS/input_txtdeal'

2018-05-14 13:45:51 - [MESSAGE][PASSED] - Text '4.0' is set on object 'Object Repository/MOH AND GRN/Page_KDMC - CMS/input_txtdeal'

2018-05-14 13:45:51 - [TEST_STEP][PASSED] - setText: Finding Test Object with id 'Object Repository/MOH AND GRN/Page_KDMC - CMS/input_txtbatchno'

2018-05-14 13:45:51 - [TEST_STEP][PASSED] - Statement - switch (id): Finding Test Object with id 'Object Repository/MOH AND GRN/Page_KDMC - CMS/input_txtmrp'

2018-05-14 13:45:51 - [TEST_STEP][PASSED] - Statement - case 1:: Text 'BA684.0' is set on object 'Object Repository/MOH AND GRN/Page_KDMC - CMS/input_txtbatchno'

2018-05-14 13:45:51 - [TEST_STEP][PASSED] - Statement - return (java.lang.Math.floor((java.lang.Math.random() * ((max - min) + 1))) + min): Text 'BA684.0' is set on object 'Object Repository/MOH AND GRN/Page_KDMC - CMS/input_txtbatchno'

2018-05-14 13:45:51 - [MESSAGE][PASSED] - Text 'BA684.0' is set on object 'Object Repository/MOH AND GRN/Page_KDMC - CMS/input_txtbatchno'

2018-05-14 13:45:51 - [TEST_STEP][PASSED] - rightClick: Object: 'Object Repository/GRN/Page_KDMC - CMS/input_txtexpdate' is right clicked on

2018-05-14 13:45:52 - [MESSAGE][PASSED] - Object: 'Object Repository/GRN/Page_KDMC - CMS/input_txtexpdate' is right clicked on

2018-05-14 13:45:52 - [TEST_STEP][PASSED] - selectOptionByIndex: All options with index in [4] are selected on object 'Object Repository/GRN/Page_KDMC - CMS/select_20182019202020212022202'

2018-05-14 13:45:52 - [MESSAGE][PASSED] - All options with index in [4] are selected on object 'Object Repository/GRN/Page_KDMC - CMS/select_20182019202020212022202'

2018-05-14 13:45:52 - [TEST_STEP][PASSED] - selectOptionByIndex: All options with index in [4] are selected on object 'Object Repository/GRN/Page_KDMC - CMS/select_JanFebMarAprMayJunJulAu'

2018-05-14 13:45:52 - [MESSAGE][PASSED] - All options with index in [4] are selected on object 'Object Repository/GRN/Page_KDMC - CMS/select_JanFebMarAprMayJunJulAu'

2018-05-14 13:45:52 - [TEST_STEP][PASSED] - click: Object: 'Object Repository/MOH AND GRN/Page_KDMC - CMS/a_12' is clicked on

2018-05-14 13:45:52 - [MESSAGE][PASSED] - Object: 'Object Repository/MOH AND GRN/Page_KDMC - CMS/a_12' is clicked on

2018-05-14 13:45:52 - [TEST_STEP][PASSED] - click: Object: 'Object Repository/MOH AND GRN/Page_KDMC - CMS/input_btnadd' is clicked on

2018-05-14 13:45:52 - [MESSAGE][PASSED] - Object: 'Object Repository/MOH AND GRN/Page_KDMC - CMS/input_btnadd' is clicked on

2018-05-14 13:45:52 - [TEST_STEP][PASSED] - Statement - If (s == 10): null

2018-05-14 13:45:52 - [TEST_STEP][PASSED] - Statement - Else: null

2018-05-14 13:45:52 - [TEST_STEP][PASSED] - Statement - (s++): null

2018-05-14 13:45:52 - [TEST_STEP][PASSED] - delay: Delayed 1 second(s)

2018-05-14 13:45:53 - [MESSAGE][PASSED] - Delayed 1 second(s)

2018-05-14 13:45:53 - [TEST_STEP][PASSED] - selectOptionByIndex: All options with index in [35] are selected on object 'Object Repository/MOH AND GRN/Page_KDMC - CMS/select_--Select--Amikacin -500'

2018-05-14 13:45:54 - [MESSAGE][PASSED] - All options with index in [35] are selected on object 'Object Repository/MOH AND GRN/Page_KDMC - CMS/select_--Select--Amikacin -500'

2018-05-14 13:45:54 - [TEST_STEP][PASSED] - setText: Text '5000' is set on object 'Object Repository/MOH AND GRN/Page_KDMC - CMS/input_txtqty'

2018-05-14 13:45:54 - [MESSAGE][PASSED] - Text '5000' is set on object 'Object Repository/MOH AND GRN/Page_KDMC - CMS/input_txtqty'

2018-05-14 13:45:54 - [TEST_STEP][PASSED] - selectOptionByIndex: All options with index in [1] are selected on object 'Object Repository/MOH AND GRN/Page_KDMC - CMS/select_--Select--No Tax0'

2018-05-14 13:45:54 - [MESSAGE][PASSED] - All options with index in [1] are selected on object 'Object Repository/MOH AND GRN/Page_KDMC - CMS/select_--Select--No Tax0'

2018-05-14 13:45:54 - [TEST_STEP][PASSED] - setText: Finding Test Object with id 'Object Repository/MOH AND GRN/Page_KDMC - CMS/input_txtmrp'

2018-05-14 13:45:54 - [TEST_STEP][PASSED] - Statement - switch (id): Finding Test Object with id 'Object Repository/MOH AND GRN/Page_KDMC - CMS/input_txtdeal'

2018-05-14 13:45:54 - [TEST_STEP][PASSED] - Statement - case 4:: Text '27.0' is set on object 'Object Repository/MOH AND GRN/Page_KDMC - CMS/input_txtmrp'

2018-05-14 13:45:54 - [TEST_STEP][PASSED] - Statement - return (java.lang.Math.floor((java.lang.Math.random() * ((max - min) + 1))) + min): Text '27.0' is set on object 'Object Repository/MOH AND GRN/Page_KDMC - CMS/input_txtmrp'

2018-05-14 13:45:54 - [MESSAGE][PASSED] - Text '27.0' is set on object 'Object Repository/MOH AND GRN/Page_KDMC - CMS/input_txtmrp'

2018-05-14 13:45:54 - [TEST_STEP][PASSED] - setText: Finding Test Object with id 'Object Repository/MOH AND GRN/Page_KDMC - CMS/input_txtdeal'

2018-05-14 13:45:54 - [TEST_STEP][PASSED] - Statement - switch (id): Finding Test Object with id 'Object Repository/MOH AND GRN/Page_KDMC - CMS/input_txtbatchno'

2018-05-14 13:45:54 - [TEST_STEP][PASSED] - Statement - case 5:: Text '12.0' is set on object 'Object Repository/MOH AND GRN/Page_KDMC - CMS/input_txtdeal'

2018-05-14 13:45:54 - [TEST_STEP][PASSED] - Statement - return (java.lang.Math.floor((java.lang.Math.random() * ((max - min) + 1))) + min): Text '12.0' is set on object 'Object Repository/MOH AND GRN/Page_KDMC - CMS/input_txtdeal'

2018-05-14 13:45:54 - [MESSAGE][PASSED] - Text '12.0' is set on object 'Object Repository/MOH AND GRN/Page_KDMC - CMS/input_txtdeal'

2018-05-14 13:45:54 - [TEST_STEP][PASSED] - setText: Finding Test Object with id 'Object Repository/MOH AND GRN/Page_KDMC - CMS/input_txtbatchno'

2018-05-14 13:45:54 - [TEST_STEP][PASSED] - Statement - switch (id): Finding Test Object with id 'Object Repository/MOH AND GRN/Page_KDMC - CMS/input_txtmrp'

2018-05-14 13:45:54 - [TEST_STEP][PASSED] - Statement - case 1:: Text 'BA471.0' is set on object 'Object Repository/MOH AND GRN/Page_KDMC - CMS/input_txtbatchno'

2018-05-14 13:45:54 - [TEST_STEP][PASSED] - Statement - return (java.lang.Math.floor((java.lang.Math.random() * ((max - min) + 1))) + min): Text 'BA471.0' is set on object 'Object Repository/MOH AND GRN/Page_KDMC - CMS/input_txtbatchno'

2018-05-14 13:45:54 - [MESSAGE][PASSED] - Text 'BA471.0' is set on object 'Object Repository/MOH AND GRN/Page_KDMC - CMS/input_txtbatchno'

2018-05-14 13:45:54 - [TEST_STEP][PASSED] - rightClick: Object: 'Object Repository/GRN/Page_KDMC - CMS/input_txtexpdate' is right clicked on

2018-05-14 13:45:54 - [MESSAGE][PASSED] - Object: 'Object Repository/GRN/Page_KDMC - CMS/input_txtexpdate' is right clicked on

2018-05-14 13:45:54 - [TEST_STEP][PASSED] - selectOptionByIndex: All options with index in [5] are selected on object 'Object Repository/GRN/Page_KDMC - CMS/select_20182019202020212022202'

2018-05-14 13:45:54 - [MESSAGE][PASSED] - All options with index in [5] are selected on object 'Object Repository/GRN/Page_KDMC - CMS/select_20182019202020212022202'

2018-05-14 13:45:54 - [TEST_STEP][PASSED] - selectOptionByIndex: All options with index in [5] are selected on object 'Object Repository/GRN/Page_KDMC - CMS/select_JanFebMarAprMayJunJulAu'

2018-05-14 13:45:55 - [MESSAGE][PASSED] - All options with index in [5] are selected on object 'Object Repository/GRN/Page_KDMC - CMS/select_JanFebMarAprMayJunJulAu'

2018-05-14 13:45:55 - [TEST_STEP][PASSED] - click: Object: 'Object Repository/MOH AND GRN/Page_KDMC - CMS/a_12' is clicked on

2018-05-14 13:45:55 - [MESSAGE][PASSED] - Object: 'Object Repository/MOH AND GRN/Page_KDMC - CMS/a_12' is clicked on

2018-05-14 13:45:55 - [TEST_STEP][PASSED] - click: Object: 'Object Repository/MOH AND GRN/Page_KDMC - CMS/input_btnadd' is clicked on

2018-05-14 13:45:55 - [MESSAGE][PASSED] - Object: 'Object Repository/MOH AND GRN/Page_KDMC - CMS/input_btnadd' is clicked on

2018-05-14 13:45:55 - [TEST_STEP][PASSED] - Statement - If (s == 10): null

2018-05-14 13:45:55 - [TEST_STEP][PASSED] - Statement - Else: null

2018-05-14 13:45:55 - [TEST_STEP][PASSED] - Statement - (s++): null

2018-05-14 13:45:55 - [TEST_STEP][PASSED] - delay: Delayed 1 second(s)

2018-05-14 13:45:56 - [MESSAGE][PASSED] - Delayed 1 second(s)

2018-05-14 13:45:56 - [TEST_STEP][PASSED] - selectOptionByIndex: All options with index in [36] are selected on object 'Object Repository/MOH AND GRN/Page_KDMC - CMS/select_--Select--Amikacin -500'

2018-05-14 13:45:56 - [MESSAGE][PASSED] - All options with index in [36] are selected on object 'Object Repository/MOH AND GRN/Page_KDMC - CMS/select_--Select--Amikacin -500'

2018-05-14 13:45:56 - [TEST_STEP][PASSED] - setText: Text '5000' is set on object 'Object Repository/MOH AND GRN/Page_KDMC - CMS/input_txtqty'

2018-05-14 13:45:56 - [MESSAGE][PASSED] - Text '5000' is set on object 'Object Repository/MOH AND GRN/Page_KDMC - CMS/input_txtqty'

2018-05-14 13:45:56 - [TEST_STEP][PASSED] - selectOptionByIndex: All options with index in [1] are selected on object 'Object Repository/MOH AND GRN/Page_KDMC - CMS/select_--Select--No Tax0'

2018-05-14 13:45:57 - [MESSAGE][PASSED] - All options with index in [1] are selected on object 'Object Repository/MOH AND GRN/Page_KDMC - CMS/select_--Select--No Tax0'

2018-05-14 13:45:57 - [TEST_STEP][PASSED] - setText: Finding Test Object with id 'Object Repository/MOH AND GRN/Page_KDMC - CMS/input_txtmrp'

2018-05-14 13:45:57 - [TEST_STEP][PASSED] - Statement - switch (id): Finding Test Object with id 'Object Repository/MOH AND GRN/Page_KDMC - CMS/input_txtdeal'

2018-05-14 13:45:57 - [TEST_STEP][PASSED] - Statement - case 4:: Text '20.0' is set on object 'Object Repository/MOH AND GRN/Page_KDMC - CMS/input_txtmrp'

2018-05-14 13:45:57 - [TEST_STEP][PASSED] - Statement - return (java.lang.Math.floor((java.lang.Math.random() * ((max - min) + 1))) + min): Text '20.0' is set on object 'Object Repository/MOH AND GRN/Page_KDMC - CMS/input_txtmrp'

2018-05-14 13:45:57 - [MESSAGE][PASSED] - Text '20.0' is set on object 'Object Repository/MOH AND GRN/Page_KDMC - CMS/input_txtmrp'

2018-05-14 13:45:57 - [TEST_STEP][PASSED] - setText: Finding Test Object with id 'Object Repository/MOH AND GRN/Page_KDMC - CMS/input_txtdeal'

2018-05-14 13:45:57 - [TEST_STEP][PASSED] - Statement - switch (id): Finding Test Object with id 'Object Repository/MOH AND GRN/Page_KDMC - CMS/input_txtbatchno'

2018-05-14 13:45:57 - [TEST_STEP][PASSED] - Statement - case 5:: Text '4.0' is set on object 'Object Repository/MOH AND GRN/Page_KDMC - CMS/input_txtdeal'

2018-05-14 13:45:57 - [TEST_STEP][PASSED] - Statement - return (java.lang.Math.floor((java.lang.Math.random() * ((max - min) + 1))) + min): Text '4.0' is set on object 'Object Repository/MOH AND GRN/Page_KDMC - CMS/input_txtdeal'

2018-05-14 13:45:57 - [MESSAGE][PASSED] - Text '4.0' is set on object 'Object Repository/MOH AND GRN/Page_KDMC - CMS/input_txtdeal'

2018-05-14 13:45:57 - [TEST_STEP][PASSED] - setText: Finding Test Object with id 'Object Repository/MOH AND GRN/Page_KDMC - CMS/input_txtbatchno'

2018-05-14 13:45:57 - [TEST_STEP][PASSED] - Statement - switch (id): Delayed 1 second(s)

2018-05-14 13:45:57 - [TEST_STEP][PASSED] - Statement - case 1:: Text 'BA782.0' is set on object 'Object Repository/MOH AND GRN/Page_KDMC - CMS/input_txtbatchno'

2018-05-14 13:45:57 - [TEST_STEP][PASSED] - Statement - return (java.lang.Math.floor((java.lang.Math.random() * ((max - min) + 1))) + min): Text 'BA782.0' is set on object 'Object Repository/MOH AND GRN/Page_KDMC - CMS/input_txtbatchno'

2018-05-14 13:45:57 - [MESSAGE][PASSED] - Text 'BA782.0' is set on object 'Object Repository/MOH AND GRN/Page_KDMC - CMS/input_txtbatchno'

2018-05-14 13:45:57 - [TEST_STEP][PASSED] - rightClick: Object: 'Object Repository/GRN/Page_KDMC - CMS/input_txtexpdate' is right clicked on

2018-05-14 13:45:57 - [MESSAGE][PASSED] - Object: 'Object Repository/GRN/Page_KDMC - CMS/input_txtexpdate' is right clicked on

2018-05-14 13:45:57 - [TEST_STEP][PASSED] - selectOptionByIndex: All options with index in [6] are selected on object 'Object Repository/GRN/Page_KDMC - CMS/select_20182019202020212022202'

2018-05-14 13:45:57 - [MESSAGE][PASSED] - All options with index in [6] are selected on object 'Object Repository/GRN/Page_KDMC - CMS/select_20182019202020212022202'

2018-05-14 13:45:57 - [TEST_STEP][PASSED] - selectOptionByIndex: All options with index in [6] are selected on object 'Object Repository/GRN/Page_KDMC - CMS/select_JanFebMarAprMayJunJulAu'

2018-05-14 13:45:57 - [MESSAGE][PASSED] - All options with index in [6] are selected on object 'Object Repository/GRN/Page_KDMC - CMS/select_JanFebMarAprMayJunJulAu'

2018-05-14 13:45:57 - [TEST_STEP][PASSED] - click: Object: 'Object Repository/MOH AND GRN/Page_KDMC - CMS/a_12' is clicked on

2018-05-14 13:45:57 - [MESSAGE][PASSED] - Object: 'Object Repository/MOH AND GRN/Page_KDMC - CMS/a_12' is clicked on

2018-05-14 13:45:57 - [TEST_STEP][PASSED] - click: Object: 'Object Repository/MOH AND GRN/Page_KDMC - CMS/input_btnadd' is clicked on

2018-05-14 13:45:57 - [MESSAGE][PASSED] - Object: 'Object Repository/MOH AND GRN/Page_KDMC - CMS/input_btnadd' is clicked on

2018-05-14 13:45:57 - [TEST_STEP][PASSED] - Statement - If (s == 10): null

2018-05-14 13:45:57 - [TEST_STEP][PASSED] - Statement - Else: null

2018-05-14 13:45:57 - [TEST_STEP][PASSED] - Statement - (s++): null

2018-05-14 13:45:57 - [TEST_STEP][PASSED] - delay: Delayed 1 second(s)

2018-05-14 13:45:58 - [MESSAGE][PASSED] - Delayed 1 second(s)

2018-05-14 13:45:58 - [TEST_STEP][PASSED] - scrollToElement: Scroll to object 'Object Repository/MOH AND GRN/Page_KDMC - CMS/input_btnSubmit' successfully

2018-05-14 13:45:58 - [MESSAGE][PASSED] - Scroll to object 'Object Repository/MOH AND GRN/Page_KDMC - CMS/input_btnSubmit' successfully

2018-05-14 13:45:58 - [TEST_STEP][PASSED] - click: Object: 'Object Repository/MOH AND GRN/Page_KDMC - CMS/input_btnSubmit' is clicked on

2018-05-14 13:45:59 - [MESSAGE][PASSED] - Object: 'Object Repository/MOH AND GRN/Page_KDMC - CMS/input_btnSubmit' is clicked on

2018-05-14 13:45:59 - [TEST_STEP][PASSED] - delay: Delayed 3 second(s)

2018-05-14 13:46:02 - [MESSAGE][PASSED] - Delayed 3 second(s)

2018-05-14 13:46:02 - [TEST_STEP][PASSED] - click: Object: 'Object Repository/MOH AND GRN/Page_KDMC - CMS/button_OK' is clicked on

2018-05-14 13:46:02 - [MESSAGE][PASSED] - Object: 'Object Repository/MOH AND GRN/Page_KDMC - CMS/button_OK' is clicked on

2018-05-14 13:46:02 - [TEST_STEP][PASSED] - delay: Delayed 2 second(s)

2018-05-14 13:46:04 - [MESSAGE][PASSED] - Delayed 2 second(s)

2018-05-14 13:46:04 - [TEST_STEP][PASSED] - delay: Delayed 3 second(s)

2018-05-14 13:46:07 - [MESSAGE][PASSED] - Delayed 3 second(s)

2018-05-14 13:46:07 - [TEST_STEP][PASSED] - click: Object: 'Object Repository/MOH AND GRN/Page_KDMC - CMS/a_dropdown-toggle' is clicked on

2018-05-14 13:46:07 - [MESSAGE][PASSED] - Object: 'Object Repository/MOH AND GRN/Page_KDMC - CMS/a_dropdown-toggle' is clicked on

2018-05-14 13:46:07 - [TEST_STEP][PASSED] - click: Object: 'Object Repository/MOH AND GRN/Page_KDMC - CMS/a_Sign out' is clicked on

2018-05-14 13:46:08 - [MESSAGE][PASSED] - Object: 'Object Repository/MOH AND GRN/Page_KDMC - CMS/a_Sign out' is clicked on

2018-05-14 13:46:08 - [TEST_STEP][PASSED] - closeBrowser: Browser is closed

2018-05-14 13:46:09 - [MESSAGE][PASSED] - Browser is closed]]></system-out>
         <system-err><![CDATA[]]></system-err>
      </testcase>
      <testcase name="Test Cases/TEST/MOH REQUEST AND GRN/Moh Request GRN  Schedule 4" classname="Test Cases/TEST/MOH REQUEST AND GRN/Moh Request GRN  Schedule 4" status="FAILED">
         <failure type="FAILED" message="Unable to click on object 'Object Repository/MOH AND GRN/Page_KDMC - CMS/input_btnSubmit' (Root cause: org.openqa.selenium.WebDriverException: unknown error: Element &lt;input type=&quot;button&quot; id=&quot;btnSubmit&quot; class=&quot;btn btn-primary &quot; value=&quot;Submit&quot;> is not clickable at point (864, 17). Other element would receive the click: &lt;div class=&quot;bootbox modal fade bootbox-alert in&quot; tabindex=&quot;-1&quot; role=&quot;dialog&quot; aria-hidden=&quot;false&quot; style=&quot;display: block;&quot;>...&lt;/div>
  (Session info: chrome=66.0.3359.139)
  (Driver info: chromedriver=2.35.528161 (5b82f2d2aae0ca24b877009200ced9065a772e73),platform=Windows NT 10.0.16299 x86_64) (WARNING: The server did not provide any stacktrace information)
Command duration or timeout: 0 milliseconds
Build info: version: '3.7.1', revision: '8a0099a', time: '2017-11-06T21:07:36.161Z'
System info: host: 'DESKTOP-BLFTK83', ip: '192.168.71.2', os.name: 'Windows 10', os.arch: 'amd64', os.version: '10.0', java.version: '1.8.0_102'
Driver info: com.kms.katalon.selenium.driver.CChromeDriver
Capabilities {acceptInsecureCerts: false, acceptSslCerts: false, applicationCacheEnabled: false, browserConnectionEnabled: false, browserName: chrome, chrome: {chromedriverVersion: 2.35.528161 (5b82f2d2aae0ca..., userDataDir: C:\Users\QUALIT~1\AppData\L...}, cssSelectorsEnabled: true, databaseEnabled: false, handlesAlerts: true, hasTouchScreen: false, javascriptEnabled: true, locationContextEnabled: true, mobileEmulationEnabled: false, nativeEvents: true, networkConnectionEnabled: false, pageLoadStrategy: normal, platform: XP, platformName: XP, rotatable: false, setWindowRect: true, takesHeapSnapshot: true, takesScreenshot: true, unexpectedAlertBehaviour: , unhandledPromptBehavior: , version: 66.0.3359.139, webStorageEnabled: true}
Session ID: 4010e54671f0c208a3559d77d4e05dcb)"/>
         <system-out><![CDATA[2018-05-14 13:46:09 - [TEST_CASE][FAILED] - Test Cases/TEST/MOH REQUEST AND GRN/Moh Request GRN  Schedule 4: Test Cases/TEST/MOH REQUEST AND GRN/Moh Request GRN  Schedule 4 FAILED because (of) Unable to click on object 'Object Repository/MOH AND GRN/Page_KDMC - CMS/input_btnSubmit' (Root cause: org.openqa.selenium.WebDriverException: unknown error: Element <input type="button" id="btnSubmit" class="btn btn-primary " value="Submit"> is not clickable at point (864, 17). Other element would receive the click: <div class="bootbox modal fade bootbox-alert in" tabindex="-1" role="dialog" aria-hidden="false" style="display: block;">...</div>
  (Session info: chrome=66.0.3359.139)
  (Driver info: chromedriver=2.35.528161 (5b82f2d2aae0ca24b877009200ced9065a772e73),platform=Windows NT 10.0.16299 x86_64) (WARNING: The server did not provide any stacktrace information)
Command duration or timeout: 0 milliseconds
Build info: version: '3.7.1', revision: '8a0099a', time: '2017-11-06T21:07:36.161Z'
System info: host: 'DESKTOP-BLFTK83', ip: '192.168.71.2', os.name: 'Windows 10', os.arch: 'amd64', os.version: '10.0', java.version: '1.8.0_102'
Driver info: com.kms.katalon.selenium.driver.CChromeDriver
Capabilities {acceptInsecureCerts: false, acceptSslCerts: false, applicationCacheEnabled: false, browserConnectionEnabled: false, browserName: chrome, chrome: {chromedriverVersion: 2.35.528161 (5b82f2d2aae0ca..., userDataDir: C:\Users\QUALIT~1\AppData\L...}, cssSelectorsEnabled: true, databaseEnabled: false, handlesAlerts: true, hasTouchScreen: false, javascriptEnabled: true, locationContextEnabled: true, mobileEmulationEnabled: false, nativeEvents: true, networkConnectionEnabled: false, pageLoadStrategy: normal, platform: XP, platformName: XP, rotatable: false, setWindowRect: true, takesHeapSnapshot: true, takesScreenshot: true, unexpectedAlertBehaviour: , unhandledPromptBehavior: , version: 66.0.3359.139, webStorageEnabled: true}
Session ID: 4010e54671f0c208a3559d77d4e05dcb)

2018-05-14 13:46:09 - [TEST_STEP][PASSED] - openBrowser: Browser is opened with url: ''

2018-05-14 13:46:11 - [MESSAGE][PASSED] - Browser is opened with url: ''

2018-05-14 13:46:11 - [TEST_STEP][PASSED] - navigateToUrl: Navigate to 'http://192.168.137.1/multihospital_new/' successfully

2018-05-14 13:46:14 - [MESSAGE][PASSED] - Navigate to 'http://192.168.137.1/multihospital_new/' successfully

2018-05-14 13:46:14 - [TEST_STEP][PASSED] - maximizeWindow: Current window maximized

2018-05-14 13:46:16 - [MESSAGE][PASSED] - Current window maximized

2018-05-14 13:46:16 - [TEST_STEP][PASSED] - click: Object: 'Object Repository/MOH AND GRN/Page_KDMC/a_CMS' is clicked on

2018-05-14 13:46:16 - [MESSAGE][PASSED] - Object: 'Object Repository/MOH AND GRN/Page_KDMC/a_CMS' is clicked on

2018-05-14 13:46:16 - [TEST_STEP][PASSED] - setText: Text 'bala' is set on object 'Object Repository/MOH AND GRN/Page_CMS login/input_txtusername'

2018-05-14 13:46:16 - [MESSAGE][PASSED] - Text 'bala' is set on object 'Object Repository/MOH AND GRN/Page_CMS login/input_txtusername'

2018-05-14 13:46:16 - [TEST_STEP][PASSED] - setText: Text '123' is set on object 'Object Repository/MOH AND GRN/Page_CMS login/input_txtpassword'

2018-05-14 13:46:16 - [MESSAGE][PASSED] - Text '123' is set on object 'Object Repository/MOH AND GRN/Page_CMS login/input_txtpassword'

2018-05-14 13:46:16 - [TEST_STEP][PASSED] - delay: Delayed 3 second(s)

2018-05-14 13:46:19 - [MESSAGE][PASSED] - Delayed 3 second(s)

2018-05-14 13:46:19 - [TEST_STEP][PASSED] - click: Object: 'Object Repository/MOH AND GRN/Page_CMS login/button_Sign in' is clicked on

2018-05-14 13:46:20 - [MESSAGE][PASSED] - Object: 'Object Repository/MOH AND GRN/Page_CMS login/button_Sign in' is clicked on

2018-05-14 13:46:20 - [TEST_STEP][PASSED] - click: Object: 'Object Repository/MOH AND GRN/Page_KDMC - CMS/a_Request to MOH' is clicked on

2018-05-14 13:46:21 - [MESSAGE][PASSED] - Object: 'Object Repository/MOH AND GRN/Page_KDMC - CMS/a_Request to MOH' is clicked on

2018-05-14 13:46:21 - [TEST_STEP][PASSED] - selectOptionByIndex: All options with index in [2] are selected on object 'Object Repository/MOH AND GRN/Page_KDMC - CMS/select_--Select--'

2018-05-14 13:46:21 - [MESSAGE][PASSED] - All options with index in [2] are selected on object 'Object Repository/MOH AND GRN/Page_KDMC - CMS/select_--Select--'

2018-05-14 13:46:21 - [TEST_STEP][PASSED] - selectOptionByIndex: All options with index in [4] are selected on object 'Object Repository/MOH AND GRN/Page_KDMC - CMS/select_--Select--Schedule 1Inj'

2018-05-14 13:46:21 - [MESSAGE][PASSED] - All options with index in [4] are selected on object 'Object Repository/MOH AND GRN/Page_KDMC - CMS/select_--Select--Schedule 1Inj'

2018-05-14 13:46:21 - [TEST_STEP][PASSED] - Statement - selectedoptions = com.kms.katalon.core.webui.keyword.WebUiBuiltInKeywords.getNumberOfTotalOption(com.kms.katalon.core.testobject.ObjectRepository.findTestObject(MOH AND GRN/Page_KDMC - CMS/select_--Select--Adernaline 0.)): 16 options of object 'Object Repository/MOH AND GRN/Page_KDMC - CMS/select_--Select--Adernaline 0.' counted

2018-05-14 13:46:21 - [MESSAGE][PASSED] - 16 options of object 'Object Repository/MOH AND GRN/Page_KDMC - CMS/select_--Select--Adernaline 0.' counted

2018-05-14 13:46:21 - [TEST_STEP][PASSED] - Statement - For ([j = 1, j <= selectedoptions - 1, (j++)]): Object: 'Object Repository/MOH AND GRN/Page_KDMC - CMS/button_Add' is clicked on

2018-05-14 13:46:21 - [TEST_STEP][PASSED] - selectOptionByIndex: All options with index in [4] are selected on object 'Object Repository/MOH AND GRN/Page_KDMC - CMS/select_--Select--Schedule 1Inj'

2018-05-14 13:46:22 - [MESSAGE][PASSED] - All options with index in [4] are selected on object 'Object Repository/MOH AND GRN/Page_KDMC - CMS/select_--Select--Schedule 1Inj'

2018-05-14 13:46:22 - [TEST_STEP][PASSED] - selectOptionByIndex: All options with index in [1] are selected on object 'Object Repository/MOH AND GRN/Page_KDMC - CMS/select_--Select--Adernaline 0.'

2018-05-14 13:46:22 - [MESSAGE][PASSED] - All options with index in [1] are selected on object 'Object Repository/MOH AND GRN/Page_KDMC - CMS/select_--Select--Adernaline 0.'

2018-05-14 13:46:22 - [TEST_STEP][PASSED] - setText: Text '5000' is set on object 'Object Repository/MOH AND GRN/Page_KDMC - CMS/input_txttreat'

2018-05-14 13:46:22 - [MESSAGE][PASSED] - Text '5000' is set on object 'Object Repository/MOH AND GRN/Page_KDMC - CMS/input_txttreat'

2018-05-14 13:46:22 - [TEST_STEP][PASSED] - click: Object: 'Object Repository/MOH AND GRN/Page_KDMC - CMS/button_Add' is clicked on

2018-05-14 13:46:22 - [MESSAGE][PASSED] - Object: 'Object Repository/MOH AND GRN/Page_KDMC - CMS/button_Add' is clicked on

2018-05-14 13:46:22 - [TEST_STEP][PASSED] - selectOptionByIndex: All options with index in [4] are selected on object 'Object Repository/MOH AND GRN/Page_KDMC - CMS/select_--Select--Schedule 1Inj'

2018-05-14 13:46:22 - [MESSAGE][PASSED] - All options with index in [4] are selected on object 'Object Repository/MOH AND GRN/Page_KDMC - CMS/select_--Select--Schedule 1Inj'

2018-05-14 13:46:22 - [TEST_STEP][PASSED] - selectOptionByIndex: All options with index in [2] are selected on object 'Object Repository/MOH AND GRN/Page_KDMC - CMS/select_--Select--Adernaline 0.'

2018-05-14 13:46:22 - [MESSAGE][PASSED] - All options with index in [2] are selected on object 'Object Repository/MOH AND GRN/Page_KDMC - CMS/select_--Select--Adernaline 0.'

2018-05-14 13:46:22 - [TEST_STEP][PASSED] - setText: Text '5000' is set on object 'Object Repository/MOH AND GRN/Page_KDMC - CMS/input_txttreat'

2018-05-14 13:46:22 - [MESSAGE][PASSED] - Text '5000' is set on object 'Object Repository/MOH AND GRN/Page_KDMC - CMS/input_txttreat'

2018-05-14 13:46:22 - [TEST_STEP][PASSED] - click: Object: 'Object Repository/MOH AND GRN/Page_KDMC - CMS/button_Add' is clicked on

2018-05-14 13:46:22 - [MESSAGE][PASSED] - Object: 'Object Repository/MOH AND GRN/Page_KDMC - CMS/button_Add' is clicked on

2018-05-14 13:46:22 - [TEST_STEP][PASSED] - selectOptionByIndex: All options with index in [4] are selected on object 'Object Repository/MOH AND GRN/Page_KDMC - CMS/select_--Select--Schedule 1Inj'

2018-05-14 13:46:23 - [MESSAGE][PASSED] - All options with index in [4] are selected on object 'Object Repository/MOH AND GRN/Page_KDMC - CMS/select_--Select--Schedule 1Inj'

2018-05-14 13:46:23 - [TEST_STEP][PASSED] - selectOptionByIndex: All options with index in [3] are selected on object 'Object Repository/MOH AND GRN/Page_KDMC - CMS/select_--Select--Adernaline 0.'

2018-05-14 13:46:23 - [MESSAGE][PASSED] - All options with index in [3] are selected on object 'Object Repository/MOH AND GRN/Page_KDMC - CMS/select_--Select--Adernaline 0.'

2018-05-14 13:46:23 - [TEST_STEP][PASSED] - setText: Text '5000' is set on object 'Object Repository/MOH AND GRN/Page_KDMC - CMS/input_txttreat'

2018-05-14 13:46:23 - [MESSAGE][PASSED] - Text '5000' is set on object 'Object Repository/MOH AND GRN/Page_KDMC - CMS/input_txttreat'

2018-05-14 13:46:23 - [TEST_STEP][PASSED] - click: Object: 'Object Repository/MOH AND GRN/Page_KDMC - CMS/button_Add' is clicked on

2018-05-14 13:46:23 - [MESSAGE][PASSED] - Object: 'Object Repository/MOH AND GRN/Page_KDMC - CMS/button_Add' is clicked on

2018-05-14 13:46:23 - [TEST_STEP][PASSED] - selectOptionByIndex: All options with index in [4] are selected on object 'Object Repository/MOH AND GRN/Page_KDMC - CMS/select_--Select--Schedule 1Inj'

2018-05-14 13:46:23 - [MESSAGE][PASSED] - All options with index in [4] are selected on object 'Object Repository/MOH AND GRN/Page_KDMC - CMS/select_--Select--Schedule 1Inj'

2018-05-14 13:46:23 - [TEST_STEP][PASSED] - selectOptionByIndex: All options with index in [4] are selected on object 'Object Repository/MOH AND GRN/Page_KDMC - CMS/select_--Select--Adernaline 0.'

2018-05-14 13:46:24 - [MESSAGE][PASSED] - All options with index in [4] are selected on object 'Object Repository/MOH AND GRN/Page_KDMC - CMS/select_--Select--Adernaline 0.'

2018-05-14 13:46:24 - [TEST_STEP][PASSED] - setText: Text '5000' is set on object 'Object Repository/MOH AND GRN/Page_KDMC - CMS/input_txttreat'

2018-05-14 13:46:24 - [MESSAGE][PASSED] - Text '5000' is set on object 'Object Repository/MOH AND GRN/Page_KDMC - CMS/input_txttreat'

2018-05-14 13:46:24 - [TEST_STEP][PASSED] - click: Object: 'Object Repository/MOH AND GRN/Page_KDMC - CMS/button_Add' is clicked on

2018-05-14 13:46:24 - [MESSAGE][PASSED] - Object: 'Object Repository/MOH AND GRN/Page_KDMC - CMS/button_Add' is clicked on

2018-05-14 13:46:24 - [TEST_STEP][PASSED] - selectOptionByIndex: All options with index in [4] are selected on object 'Object Repository/MOH AND GRN/Page_KDMC - CMS/select_--Select--Schedule 1Inj'

2018-05-14 13:46:24 - [MESSAGE][PASSED] - All options with index in [4] are selected on object 'Object Repository/MOH AND GRN/Page_KDMC - CMS/select_--Select--Schedule 1Inj'

2018-05-14 13:46:24 - [TEST_STEP][PASSED] - selectOptionByIndex: All options with index in [5] are selected on object 'Object Repository/MOH AND GRN/Page_KDMC - CMS/select_--Select--Adernaline 0.'

2018-05-14 13:46:24 - [MESSAGE][PASSED] - All options with index in [5] are selected on object 'Object Repository/MOH AND GRN/Page_KDMC - CMS/select_--Select--Adernaline 0.'

2018-05-14 13:46:24 - [TEST_STEP][PASSED] - setText: Text '5000' is set on object 'Object Repository/MOH AND GRN/Page_KDMC - CMS/input_txttreat'

2018-05-14 13:46:24 - [MESSAGE][PASSED] - Text '5000' is set on object 'Object Repository/MOH AND GRN/Page_KDMC - CMS/input_txttreat'

2018-05-14 13:46:24 - [TEST_STEP][PASSED] - click: Object: 'Object Repository/MOH AND GRN/Page_KDMC - CMS/button_Add' is clicked on

2018-05-14 13:46:24 - [MESSAGE][PASSED] - Object: 'Object Repository/MOH AND GRN/Page_KDMC - CMS/button_Add' is clicked on

2018-05-14 13:46:24 - [TEST_STEP][PASSED] - selectOptionByIndex: All options with index in [4] are selected on object 'Object Repository/MOH AND GRN/Page_KDMC - CMS/select_--Select--Schedule 1Inj'

2018-05-14 13:46:24 - [MESSAGE][PASSED] - All options with index in [4] are selected on object 'Object Repository/MOH AND GRN/Page_KDMC - CMS/select_--Select--Schedule 1Inj'

2018-05-14 13:46:24 - [TEST_STEP][PASSED] - selectOptionByIndex: All options with index in [6] are selected on object 'Object Repository/MOH AND GRN/Page_KDMC - CMS/select_--Select--Adernaline 0.'

2018-05-14 13:46:25 - [MESSAGE][PASSED] - All options with index in [6] are selected on object 'Object Repository/MOH AND GRN/Page_KDMC - CMS/select_--Select--Adernaline 0.'

2018-05-14 13:46:25 - [TEST_STEP][PASSED] - setText: Text '5000' is set on object 'Object Repository/MOH AND GRN/Page_KDMC - CMS/input_txttreat'

2018-05-14 13:46:25 - [MESSAGE][PASSED] - Text '5000' is set on object 'Object Repository/MOH AND GRN/Page_KDMC - CMS/input_txttreat'

2018-05-14 13:46:25 - [TEST_STEP][PASSED] - click: Object: 'Object Repository/MOH AND GRN/Page_KDMC - CMS/button_Add' is clicked on

2018-05-14 13:46:25 - [MESSAGE][PASSED] - Object: 'Object Repository/MOH AND GRN/Page_KDMC - CMS/button_Add' is clicked on

2018-05-14 13:46:25 - [TEST_STEP][PASSED] - selectOptionByIndex: All options with index in [4] are selected on object 'Object Repository/MOH AND GRN/Page_KDMC - CMS/select_--Select--Schedule 1Inj'

2018-05-14 13:46:25 - [MESSAGE][PASSED] - All options with index in [4] are selected on object 'Object Repository/MOH AND GRN/Page_KDMC - CMS/select_--Select--Schedule 1Inj'

2018-05-14 13:46:25 - [TEST_STEP][PASSED] - selectOptionByIndex: All options with index in [7] are selected on object 'Object Repository/MOH AND GRN/Page_KDMC - CMS/select_--Select--Adernaline 0.'

2018-05-14 13:46:25 - [MESSAGE][PASSED] - All options with index in [7] are selected on object 'Object Repository/MOH AND GRN/Page_KDMC - CMS/select_--Select--Adernaline 0.'

2018-05-14 13:46:25 - [TEST_STEP][PASSED] - setText: Text '5000' is set on object 'Object Repository/MOH AND GRN/Page_KDMC - CMS/input_txttreat'

2018-05-14 13:46:25 - [MESSAGE][PASSED] - Text '5000' is set on object 'Object Repository/MOH AND GRN/Page_KDMC - CMS/input_txttreat'

2018-05-14 13:46:25 - [TEST_STEP][PASSED] - click: Object: 'Object Repository/MOH AND GRN/Page_KDMC - CMS/button_Add' is clicked on

2018-05-14 13:46:25 - [MESSAGE][PASSED] - Object: 'Object Repository/MOH AND GRN/Page_KDMC - CMS/button_Add' is clicked on

2018-05-14 13:46:25 - [TEST_STEP][PASSED] - selectOptionByIndex: All options with index in [4] are selected on object 'Object Repository/MOH AND GRN/Page_KDMC - CMS/select_--Select--Schedule 1Inj'

2018-05-14 13:46:26 - [MESSAGE][PASSED] - All options with index in [4] are selected on object 'Object Repository/MOH AND GRN/Page_KDMC - CMS/select_--Select--Schedule 1Inj'

2018-05-14 13:46:26 - [TEST_STEP][PASSED] - selectOptionByIndex: All options with index in [8] are selected on object 'Object Repository/MOH AND GRN/Page_KDMC - CMS/select_--Select--Adernaline 0.'

2018-05-14 13:46:26 - [MESSAGE][PASSED] - All options with index in [8] are selected on object 'Object Repository/MOH AND GRN/Page_KDMC - CMS/select_--Select--Adernaline 0.'

2018-05-14 13:46:26 - [TEST_STEP][PASSED] - setText: Text '5000' is set on object 'Object Repository/MOH AND GRN/Page_KDMC - CMS/input_txttreat'

2018-05-14 13:46:26 - [MESSAGE][PASSED] - Text '5000' is set on object 'Object Repository/MOH AND GRN/Page_KDMC - CMS/input_txttreat'

2018-05-14 13:46:26 - [TEST_STEP][PASSED] - click: Object: 'Object Repository/MOH AND GRN/Page_KDMC - CMS/button_Add' is clicked on

2018-05-14 13:46:26 - [MESSAGE][PASSED] - Object: 'Object Repository/MOH AND GRN/Page_KDMC - CMS/button_Add' is clicked on

2018-05-14 13:46:26 - [TEST_STEP][PASSED] - selectOptionByIndex: All options with index in [4] are selected on object 'Object Repository/MOH AND GRN/Page_KDMC - CMS/select_--Select--Schedule 1Inj'

2018-05-14 13:46:26 - [MESSAGE][PASSED] - All options with index in [4] are selected on object 'Object Repository/MOH AND GRN/Page_KDMC - CMS/select_--Select--Schedule 1Inj'

2018-05-14 13:46:26 - [TEST_STEP][PASSED] - selectOptionByIndex: All options with index in [9] are selected on object 'Object Repository/MOH AND GRN/Page_KDMC - CMS/select_--Select--Adernaline 0.'

2018-05-14 13:46:26 - [MESSAGE][PASSED] - All options with index in [9] are selected on object 'Object Repository/MOH AND GRN/Page_KDMC - CMS/select_--Select--Adernaline 0.'

2018-05-14 13:46:26 - [TEST_STEP][PASSED] - setText: Text '5000' is set on object 'Object Repository/MOH AND GRN/Page_KDMC - CMS/input_txttreat'

2018-05-14 13:46:26 - [MESSAGE][PASSED] - Text '5000' is set on object 'Object Repository/MOH AND GRN/Page_KDMC - CMS/input_txttreat'

2018-05-14 13:46:26 - [TEST_STEP][PASSED] - click: Object: 'Object Repository/MOH AND GRN/Page_KDMC - CMS/button_Add' is clicked on

2018-05-14 13:46:26 - [MESSAGE][PASSED] - Object: 'Object Repository/MOH AND GRN/Page_KDMC - CMS/button_Add' is clicked on

2018-05-14 13:46:26 - [TEST_STEP][PASSED] - selectOptionByIndex: All options with index in [4] are selected on object 'Object Repository/MOH AND GRN/Page_KDMC - CMS/select_--Select--Schedule 1Inj'

2018-05-14 13:46:27 - [MESSAGE][PASSED] - All options with index in [4] are selected on object 'Object Repository/MOH AND GRN/Page_KDMC - CMS/select_--Select--Schedule 1Inj'

2018-05-14 13:46:27 - [TEST_STEP][PASSED] - selectOptionByIndex: All options with index in [10] are selected on object 'Object Repository/MOH AND GRN/Page_KDMC - CMS/select_--Select--Adernaline 0.'

2018-05-14 13:46:27 - [MESSAGE][PASSED] - All options with index in [10] are selected on object 'Object Repository/MOH AND GRN/Page_KDMC - CMS/select_--Select--Adernaline 0.'

2018-05-14 13:46:27 - [TEST_STEP][PASSED] - setText: Text '5000' is set on object 'Object Repository/MOH AND GRN/Page_KDMC - CMS/input_txttreat'

2018-05-14 13:46:27 - [MESSAGE][PASSED] - Text '5000' is set on object 'Object Repository/MOH AND GRN/Page_KDMC - CMS/input_txttreat'

2018-05-14 13:46:27 - [TEST_STEP][PASSED] - click: Object: 'Object Repository/MOH AND GRN/Page_KDMC - CMS/button_Add' is clicked on

2018-05-14 13:46:27 - [MESSAGE][PASSED] - Object: 'Object Repository/MOH AND GRN/Page_KDMC - CMS/button_Add' is clicked on

2018-05-14 13:46:27 - [TEST_STEP][PASSED] - selectOptionByIndex: All options with index in [4] are selected on object 'Object Repository/MOH AND GRN/Page_KDMC - CMS/select_--Select--Schedule 1Inj'

2018-05-14 13:46:27 - [MESSAGE][PASSED] - All options with index in [4] are selected on object 'Object Repository/MOH AND GRN/Page_KDMC - CMS/select_--Select--Schedule 1Inj'

2018-05-14 13:46:27 - [TEST_STEP][PASSED] - selectOptionByIndex: All options with index in [11] are selected on object 'Object Repository/MOH AND GRN/Page_KDMC - CMS/select_--Select--Adernaline 0.'

2018-05-14 13:46:28 - [MESSAGE][PASSED] - All options with index in [11] are selected on object 'Object Repository/MOH AND GRN/Page_KDMC - CMS/select_--Select--Adernaline 0.'

2018-05-14 13:46:28 - [TEST_STEP][PASSED] - setText: Text '5000' is set on object 'Object Repository/MOH AND GRN/Page_KDMC - CMS/input_txttreat'

2018-05-14 13:46:28 - [MESSAGE][PASSED] - Text '5000' is set on object 'Object Repository/MOH AND GRN/Page_KDMC - CMS/input_txttreat'

2018-05-14 13:46:28 - [TEST_STEP][PASSED] - click: Object: 'Object Repository/MOH AND GRN/Page_KDMC - CMS/button_Add' is clicked on

2018-05-14 13:46:28 - [MESSAGE][PASSED] - Object: 'Object Repository/MOH AND GRN/Page_KDMC - CMS/button_Add' is clicked on

2018-05-14 13:46:28 - [TEST_STEP][PASSED] - selectOptionByIndex: All options with index in [4] are selected on object 'Object Repository/MOH AND GRN/Page_KDMC - CMS/select_--Select--Schedule 1Inj'

2018-05-14 13:46:28 - [MESSAGE][PASSED] - All options with index in [4] are selected on object 'Object Repository/MOH AND GRN/Page_KDMC - CMS/select_--Select--Schedule 1Inj'

2018-05-14 13:46:28 - [TEST_STEP][PASSED] - selectOptionByIndex: All options with index in [12] are selected on object 'Object Repository/MOH AND GRN/Page_KDMC - CMS/select_--Select--Adernaline 0.'

2018-05-14 13:46:28 - [MESSAGE][PASSED] - All options with index in [12] are selected on object 'Object Repository/MOH AND GRN/Page_KDMC - CMS/select_--Select--Adernaline 0.'

2018-05-14 13:46:28 - [TEST_STEP][PASSED] - setText: Text '5000' is set on object 'Object Repository/MOH AND GRN/Page_KDMC - CMS/input_txttreat'

2018-05-14 13:46:28 - [MESSAGE][PASSED] - Text '5000' is set on object 'Object Repository/MOH AND GRN/Page_KDMC - CMS/input_txttreat'

2018-05-14 13:46:28 - [TEST_STEP][PASSED] - click: Object: 'Object Repository/MOH AND GRN/Page_KDMC - CMS/button_Add' is clicked on

2018-05-14 13:46:28 - [MESSAGE][PASSED] - Object: 'Object Repository/MOH AND GRN/Page_KDMC - CMS/button_Add' is clicked on

2018-05-14 13:46:28 - [TEST_STEP][PASSED] - selectOptionByIndex: All options with index in [4] are selected on object 'Object Repository/MOH AND GRN/Page_KDMC - CMS/select_--Select--Schedule 1Inj'

2018-05-14 13:46:28 - [MESSAGE][PASSED] - All options with index in [4] are selected on object 'Object Repository/MOH AND GRN/Page_KDMC - CMS/select_--Select--Schedule 1Inj'

2018-05-14 13:46:28 - [TEST_STEP][PASSED] - selectOptionByIndex: All options with index in [13] are selected on object 'Object Repository/MOH AND GRN/Page_KDMC - CMS/select_--Select--Adernaline 0.'

2018-05-14 13:46:29 - [MESSAGE][PASSED] - All options with index in [13] are selected on object 'Object Repository/MOH AND GRN/Page_KDMC - CMS/select_--Select--Adernaline 0.'

2018-05-14 13:46:29 - [TEST_STEP][PASSED] - setText: Text '5000' is set on object 'Object Repository/MOH AND GRN/Page_KDMC - CMS/input_txttreat'

2018-05-14 13:46:29 - [MESSAGE][PASSED] - Text '5000' is set on object 'Object Repository/MOH AND GRN/Page_KDMC - CMS/input_txttreat'

2018-05-14 13:46:29 - [TEST_STEP][PASSED] - click: Object: 'Object Repository/MOH AND GRN/Page_KDMC - CMS/button_Add' is clicked on

2018-05-14 13:46:29 - [MESSAGE][PASSED] - Object: 'Object Repository/MOH AND GRN/Page_KDMC - CMS/button_Add' is clicked on

2018-05-14 13:46:29 - [TEST_STEP][PASSED] - selectOptionByIndex: All options with index in [4] are selected on object 'Object Repository/MOH AND GRN/Page_KDMC - CMS/select_--Select--Schedule 1Inj'

2018-05-14 13:46:29 - [MESSAGE][PASSED] - All options with index in [4] are selected on object 'Object Repository/MOH AND GRN/Page_KDMC - CMS/select_--Select--Schedule 1Inj'

2018-05-14 13:46:29 - [TEST_STEP][PASSED] - selectOptionByIndex: All options with index in [14] are selected on object 'Object Repository/MOH AND GRN/Page_KDMC - CMS/select_--Select--Adernaline 0.'

2018-05-14 13:46:29 - [MESSAGE][PASSED] - All options with index in [14] are selected on object 'Object Repository/MOH AND GRN/Page_KDMC - CMS/select_--Select--Adernaline 0.'

2018-05-14 13:46:29 - [TEST_STEP][PASSED] - setText: Text '5000' is set on object 'Object Repository/MOH AND GRN/Page_KDMC - CMS/input_txttreat'

2018-05-14 13:46:29 - [MESSAGE][PASSED] - Text '5000' is set on object 'Object Repository/MOH AND GRN/Page_KDMC - CMS/input_txttreat'

2018-05-14 13:46:29 - [TEST_STEP][PASSED] - click: Object: 'Object Repository/MOH AND GRN/Page_KDMC - CMS/button_Add' is clicked on

2018-05-14 13:46:29 - [MESSAGE][PASSED] - Object: 'Object Repository/MOH AND GRN/Page_KDMC - CMS/button_Add' is clicked on

2018-05-14 13:46:29 - [TEST_STEP][PASSED] - selectOptionByIndex: All options with index in [4] are selected on object 'Object Repository/MOH AND GRN/Page_KDMC - CMS/select_--Select--Schedule 1Inj'

2018-05-14 13:46:30 - [MESSAGE][PASSED] - All options with index in [4] are selected on object 'Object Repository/MOH AND GRN/Page_KDMC - CMS/select_--Select--Schedule 1Inj'

2018-05-14 13:46:30 - [TEST_STEP][PASSED] - selectOptionByIndex: All options with index in [15] are selected on object 'Object Repository/MOH AND GRN/Page_KDMC - CMS/select_--Select--Adernaline 0.'

2018-05-14 13:46:30 - [MESSAGE][PASSED] - All options with index in [15] are selected on object 'Object Repository/MOH AND GRN/Page_KDMC - CMS/select_--Select--Adernaline 0.'

2018-05-14 13:46:30 - [TEST_STEP][PASSED] - setText: Text '5000' is set on object 'Object Repository/MOH AND GRN/Page_KDMC - CMS/input_txttreat'

2018-05-14 13:46:30 - [MESSAGE][PASSED] - Text '5000' is set on object 'Object Repository/MOH AND GRN/Page_KDMC - CMS/input_txttreat'

2018-05-14 13:46:30 - [TEST_STEP][PASSED] - click: Object: 'Object Repository/MOH AND GRN/Page_KDMC - CMS/button_Add' is clicked on

2018-05-14 13:46:30 - [MESSAGE][PASSED] - Object: 'Object Repository/MOH AND GRN/Page_KDMC - CMS/button_Add' is clicked on

2018-05-14 13:46:30 - [TEST_STEP][PASSED] - scrollToElement: Scroll to object 'Object Repository/MOH AND GRN/Page_KDMC - CMS/input_btnsave' successfully

2018-05-14 13:46:30 - [MESSAGE][PASSED] - Scroll to object 'Object Repository/MOH AND GRN/Page_KDMC - CMS/input_btnsave' successfully

2018-05-14 13:46:30 - [TEST_STEP][PASSED] - click: Object: 'Object Repository/MOH AND GRN/Page_KDMC - CMS/input_btnsave' is clicked on

2018-05-14 13:46:30 - [MESSAGE][PASSED] - Object: 'Object Repository/MOH AND GRN/Page_KDMC - CMS/input_btnsave' is clicked on

2018-05-14 13:46:30 - [TEST_STEP][PASSED] - delay: Delayed 3 second(s)

2018-05-14 13:46:33 - [MESSAGE][PASSED] - Delayed 3 second(s)

2018-05-14 13:46:33 - [TEST_STEP][PASSED] - Statement - Request1 = com.kms.katalon.core.webui.keyword.WebUiBuiltInKeywords.getText(com.kms.katalon.core.testobject.ObjectRepository.findTestObject(MOH AND GRN/Page_KDMC - CMS/font_PRNO0505201876)): Text of object 'Object Repository/MOH AND GRN/Page_KDMC - CMS/font_PRNO0505201876' is: 'PRNO/14052018/236'

2018-05-14 13:46:33 - [MESSAGE][PASSED] - Text of object 'Object Repository/MOH AND GRN/Page_KDMC - CMS/font_PRNO0505201876' is: 'PRNO/14052018/236'

2018-05-14 13:46:33 - [TEST_STEP][PASSED] - Statement - out.println("Length OF The Medicine " + Request1): null

2018-05-14 13:46:33 - [TEST_STEP][PASSED] - Statement - RequestNUmber = Request1.split("/")[2].trim(): null

2018-05-14 13:46:33 - [TEST_STEP][PASSED] - Statement - out.println("ID IS " + RequestNUmber): null

2018-05-14 13:46:33 - [TEST_STEP][PASSED] - delay: Delayed 3 second(s)

2018-05-14 13:46:36 - [MESSAGE][PASSED] - Delayed 3 second(s)

2018-05-14 13:46:36 - [TEST_STEP][PASSED] - click: Object: 'Object Repository/MOH AND GRN/Page_KDMC - CMS/button_OK' is clicked on

2018-05-14 13:46:37 - [MESSAGE][PASSED] - Object: 'Object Repository/MOH AND GRN/Page_KDMC - CMS/button_OK' is clicked on

2018-05-14 13:46:37 - [TEST_STEP][PASSED] - click: Object: 'Object Repository/MOH AND GRN/Page_KDMC - CMS/a_dropdown-toggle' is clicked on

2018-05-14 13:46:38 - [MESSAGE][PASSED] - Object: 'Object Repository/MOH AND GRN/Page_KDMC - CMS/a_dropdown-toggle' is clicked on

2018-05-14 13:46:38 - [TEST_STEP][PASSED] - click: Object: 'Object Repository/MOH AND GRN/Page_KDMC - CMS/a_Sign out' is clicked on

2018-05-14 13:46:39 - [MESSAGE][PASSED] - Object: 'Object Repository/MOH AND GRN/Page_KDMC - CMS/a_Sign out' is clicked on

2018-05-14 13:46:39 - [TEST_STEP][PASSED] - delay: Delayed 4 second(s)

2018-05-14 13:46:43 - [MESSAGE][PASSED] - Delayed 4 second(s)

2018-05-14 13:46:43 - [TEST_STEP][PASSED] - click: Object: 'Object Repository/MOH AND GRN/Page_KDMC/a_Admin Master' is clicked on

2018-05-14 13:46:43 - [MESSAGE][PASSED] - Object: 'Object Repository/MOH AND GRN/Page_KDMC/a_Admin Master' is clicked on

2018-05-14 13:46:43 - [TEST_STEP][PASSED] - setText: Text 'admin' is set on object 'Object Repository/MOH AND GRN/Page_Admin login/input_txtusername'

2018-05-14 13:46:43 - [MESSAGE][PASSED] - Text 'admin' is set on object 'Object Repository/MOH AND GRN/Page_Admin login/input_txtusername'

2018-05-14 13:46:43 - [TEST_STEP][PASSED] - setText: Text 'admin123' is set on object 'Object Repository/MOH AND GRN/Page_Admin login/input_txtpassword'

2018-05-14 13:46:43 - [MESSAGE][PASSED] - Text 'admin123' is set on object 'Object Repository/MOH AND GRN/Page_Admin login/input_txtpassword'

2018-05-14 13:46:43 - [TEST_STEP][PASSED] - delay: Delayed 3 second(s)

2018-05-14 13:46:46 - [MESSAGE][PASSED] - Delayed 3 second(s)

2018-05-14 13:46:46 - [TEST_STEP][PASSED] - click: Object: 'Object Repository/MOH AND GRN/Page_Admin login/button_Sign in' is clicked on

2018-05-14 13:46:47 - [MESSAGE][PASSED] - Object: 'Object Repository/MOH AND GRN/Page_Admin login/button_Sign in' is clicked on

2018-05-14 13:46:47 - [TEST_STEP][PASSED] - delay: Delayed 20 second(s)

2018-05-14 13:47:07 - [MESSAGE][PASSED] - Delayed 20 second(s)

2018-05-14 13:47:07 - [TEST_STEP][PASSED] - scrollToPosition: Browser is scrolled to position x = 200, y = 200

2018-05-14 13:47:07 - [MESSAGE][PASSED] - Browser is scrolled to position x = 200, y = 200

2018-05-14 13:47:07 - [TEST_STEP][PASSED] - click: Object: 'Object Repository/MOH AND GRN/Page_KDMC/a_CMS_1' is clicked on

2018-05-14 13:47:07 - [MESSAGE][PASSED] - Object: 'Object Repository/MOH AND GRN/Page_KDMC/a_CMS_1' is clicked on

2018-05-14 13:47:07 - [TEST_STEP][PASSED] - click: Object: 'Object Repository/MOH AND GRN/Page_KDMC/a_Request List' is clicked on

2018-05-14 13:47:29 - [MESSAGE][PASSED] - Object: 'Object Repository/MOH AND GRN/Page_KDMC/a_Request List' is clicked on

2018-05-14 13:47:29 - [TEST_STEP][PASSED] - Statement - RequestNumberId = com.kms.katalon.core.webui.keyword.WebUiBuiltInKeywords.modifyObjectProperty(com.kms.katalon.core.testobject.ObjectRepository.findTestObject(MOH AND GRN/Page_KDMC - CMS/input_PO0032), "xpath", "equals", "//*[@id =" + RequestNUmber + "]", true): Modify property of object successfully

2018-05-14 13:47:29 - [MESSAGE][PASSED] - Modify property of object successfully

2018-05-14 13:47:29 - [TEST_STEP][PASSED] - click: Object: 'Object Repository/MOH AND GRN/Page_KDMC - CMS/input_PO0032' is clicked on

2018-05-14 13:47:29 - [MESSAGE][PASSED] - Object: 'Object Repository/MOH AND GRN/Page_KDMC - CMS/input_PO0032' is clicked on

2018-05-14 13:47:29 - [TEST_STEP][PASSED] - delay: Delayed 3 second(s)

2018-05-14 13:47:32 - [MESSAGE][PASSED] - Delayed 3 second(s)

2018-05-14 13:47:32 - [TEST_STEP][PASSED] - selectOptionByIndex: All options with index in [1] are selected on object 'Object Repository/MOH AND GRN/Page_KDMC/select_--Select--'

2018-05-14 13:47:32 - [MESSAGE][PASSED] - All options with index in [1] are selected on object 'Object Repository/MOH AND GRN/Page_KDMC/select_--Select--'

2018-05-14 13:47:32 - [TEST_STEP][PASSED] - click: Object: 'Object Repository/MOH AND GRN/Page_KDMC/input_btnupdate' is clicked on

2018-05-14 13:47:32 - [MESSAGE][PASSED] - Object: 'Object Repository/MOH AND GRN/Page_KDMC/input_btnupdate' is clicked on

2018-05-14 13:47:32 - [TEST_STEP][PASSED] - delay: Delayed 3 second(s)

2018-05-14 13:47:35 - [MESSAGE][PASSED] - Delayed 3 second(s)

2018-05-14 13:47:35 - [TEST_STEP][PASSED] - click: Object: 'Object Repository/MOH AND GRN/Page_KDMC/button_OK' is clicked on

2018-05-14 13:47:57 - [MESSAGE][PASSED] - Object: 'Object Repository/MOH AND GRN/Page_KDMC/button_OK' is clicked on

2018-05-14 13:47:57 - [TEST_STEP][PASSED] - delay: Delayed 3 second(s)

2018-05-14 13:48:00 - [MESSAGE][PASSED] - Delayed 3 second(s)

2018-05-14 13:48:00 - [TEST_STEP][PASSED] - scrollToPosition: Browser is scrolled to position x = 200, y = 200

2018-05-14 13:48:00 - [MESSAGE][PASSED] - Browser is scrolled to position x = 200, y = 200

2018-05-14 13:48:00 - [TEST_STEP][PASSED] - click: Object: 'Object Repository/MOH AND GRN/Page_KDMC/a_CMS_2' is clicked on

2018-05-14 13:48:00 - [MESSAGE][PASSED] - Object: 'Object Repository/MOH AND GRN/Page_KDMC/a_CMS_2' is clicked on

2018-05-14 13:48:00 - [TEST_STEP][PASSED] - delay: Delayed 2 second(s)

2018-05-14 13:48:02 - [MESSAGE][PASSED] - Delayed 2 second(s)

2018-05-14 13:48:02 - [TEST_STEP][PASSED] - click: Object: 'Object Repository/MOH AND GRN/Page_KDMC/a_Generate P.O' is clicked on

2018-05-14 13:48:23 - [MESSAGE][PASSED] - Object: 'Object Repository/MOH AND GRN/Page_KDMC/a_Generate P.O' is clicked on

2018-05-14 13:48:23 - [TEST_STEP][PASSED] - delay: Delayed 2 second(s)

2018-05-14 13:48:25 - [MESSAGE][PASSED] - Delayed 2 second(s)

2018-05-14 13:48:25 - [TEST_STEP][PASSED] - selectOptionByIndex: All options with index in [1] are selected on object 'Object Repository/MOH AND GRN/Page_KDMC/select_--Select--PRNO040520183'

2018-05-14 13:48:25 - [MESSAGE][PASSED] - All options with index in [1] are selected on object 'Object Repository/MOH AND GRN/Page_KDMC/select_--Select--PRNO040520183'

2018-05-14 13:48:25 - [TEST_STEP][PASSED] - selectOptionByIndex: All options with index in [2] are selected on object 'Object Repository/MOH AND GRN/Page_KDMC/select_--Select--Hamen Chandra'

2018-05-14 13:48:25 - [MESSAGE][PASSED] - All options with index in [2] are selected on object 'Object Repository/MOH AND GRN/Page_KDMC/select_--Select--Hamen Chandra'

2018-05-14 13:48:25 - [TEST_STEP][PASSED] - Statement - PONumber = com.kms.katalon.core.webui.keyword.WebUiBuiltInKeywords.getText(com.kms.katalon.core.testobject.ObjectRepository.findTestObject(MOH AND GRN/Page_KDMC/input_lblpono)).trim(): Text of object 'Object Repository/MOH AND GRN/Page_KDMC/input_lblpono' is: ''

2018-05-14 13:48:25 - [MESSAGE][PASSED] - Text of object 'Object Repository/MOH AND GRN/Page_KDMC/input_lblpono' is: ''

2018-05-14 13:48:25 - [TEST_STEP][PASSED] - Statement - PONumber1 = com.kms.katalon.core.webui.keyword.WebUiBuiltInKeywords.getAttribute(com.kms.katalon.core.testobject.ObjectRepository.findTestObject(MOH AND GRN/Page_KDMC/input_lblpono), "value").trim(): Attribute 'value' of object 'Object Repository/MOH AND GRN/Page_KDMC/input_lblpono' is: 'PO00117'

2018-05-14 13:48:25 - [MESSAGE][PASSED] - Attribute 'value' of object 'Object Repository/MOH AND GRN/Page_KDMC/input_lblpono' is: 'PO00117'

2018-05-14 13:48:25 - [TEST_STEP][PASSED] - Statement - out.println("PO NUMBER :" + PONumber): null

2018-05-14 13:48:25 - [TEST_STEP][PASSED] - Statement - out.println("PO NUMBER :" + PONumber1): null

2018-05-14 13:48:25 - [TEST_STEP][PASSED] - click: Object: 'Object Repository/MOH AND GRN/Page_KDMC/input_chkrem' is clicked on

2018-05-14 13:48:26 - [MESSAGE][PASSED] - Object: 'Object Repository/MOH AND GRN/Page_KDMC/input_chkrem' is clicked on

2018-05-14 13:48:26 - [TEST_STEP][PASSED] - scrollToElement: Scroll to object 'Object Repository/MOH AND GRN/Page_KDMC/input_btnreturn' successfully

2018-05-14 13:48:26 - [MESSAGE][PASSED] - Scroll to object 'Object Repository/MOH AND GRN/Page_KDMC/input_btnreturn' successfully

2018-05-14 13:48:26 - [TEST_STEP][PASSED] - click: Object: 'Object Repository/MOH AND GRN/Page_KDMC/input_btnreturn' is clicked on

2018-05-14 13:48:26 - [MESSAGE][PASSED] - Object: 'Object Repository/MOH AND GRN/Page_KDMC/input_btnreturn' is clicked on

2018-05-14 13:48:26 - [TEST_STEP][PASSED] - delay: Delayed 3 second(s)

2018-05-14 13:48:29 - [MESSAGE][PASSED] - Delayed 3 second(s)

2018-05-14 13:48:29 - [TEST_STEP][PASSED] - click: Object: 'Object Repository/MOH AND GRN/Page_KDMC/button_Yes' is clicked on

2018-05-14 13:48:29 - [MESSAGE][PASSED] - Object: 'Object Repository/MOH AND GRN/Page_KDMC/button_Yes' is clicked on

2018-05-14 13:48:29 - [TEST_STEP][PASSED] - delay: Delayed 3 second(s)

2018-05-14 13:48:32 - [MESSAGE][PASSED] - Delayed 3 second(s)

2018-05-14 13:48:32 - [TEST_STEP][PASSED] - click: Object: 'Object Repository/MOH AND GRN/Page_KDMC/button_OK' is clicked on

2018-05-14 13:48:53 - [MESSAGE][PASSED] - Object: 'Object Repository/MOH AND GRN/Page_KDMC/button_OK' is clicked on

2018-05-14 13:48:53 - [TEST_STEP][PASSED] - delay: Delayed 3 second(s)

2018-05-14 13:48:56 - [MESSAGE][PASSED] - Delayed 3 second(s)

2018-05-14 13:48:56 - [TEST_STEP][PASSED] - click: Object: 'Object Repository/MOH AND GRN/Page_KDMC/a_dropdown-toggle' is clicked on

2018-05-14 13:48:56 - [MESSAGE][PASSED] - Object: 'Object Repository/MOH AND GRN/Page_KDMC/a_dropdown-toggle' is clicked on

2018-05-14 13:48:56 - [TEST_STEP][PASSED] - click: Object: 'Object Repository/MOH AND GRN/Page_KDMC/a_Sign out' is clicked on

2018-05-14 13:49:17 - [MESSAGE][PASSED] - Object: 'Object Repository/MOH AND GRN/Page_KDMC/a_Sign out' is clicked on

2018-05-14 13:49:17 - [TEST_STEP][PASSED] - delay: Delayed 4 second(s)

2018-05-14 13:49:21 - [MESSAGE][PASSED] - Delayed 4 second(s)

2018-05-14 13:49:21 - [TEST_STEP][PASSED] - click: Object: 'Object Repository/MOH AND GRN/Page_KDMC/a_CMS' is clicked on

2018-05-14 13:49:22 - [MESSAGE][PASSED] - Object: 'Object Repository/MOH AND GRN/Page_KDMC/a_CMS' is clicked on

2018-05-14 13:49:22 - [TEST_STEP][PASSED] - setText: Text 'bala' is set on object 'Object Repository/MOH AND GRN/Page_CMS login/input_txtusername'

2018-05-14 13:49:22 - [MESSAGE][PASSED] - Text 'bala' is set on object 'Object Repository/MOH AND GRN/Page_CMS login/input_txtusername'

2018-05-14 13:49:22 - [TEST_STEP][PASSED] - setText: Text '123' is set on object 'Object Repository/MOH AND GRN/Page_CMS login/input_txtpassword'

2018-05-14 13:49:22 - [MESSAGE][PASSED] - Text '123' is set on object 'Object Repository/MOH AND GRN/Page_CMS login/input_txtpassword'

2018-05-14 13:49:22 - [TEST_STEP][PASSED] - delay: Delayed 3 second(s)

2018-05-14 13:49:25 - [MESSAGE][PASSED] - Delayed 3 second(s)

2018-05-14 13:49:25 - [TEST_STEP][PASSED] - click: Object: 'Object Repository/MOH AND GRN/Page_CMS login/button_Sign in' is clicked on

2018-05-14 13:50:08 - [MESSAGE][PASSED] - Object: 'Object Repository/MOH AND GRN/Page_CMS login/button_Sign in' is clicked on

2018-05-14 13:50:08 - [TEST_STEP][PASSED] - click: Object: 'Object Repository/MOH AND GRN/Page_KDMC - CMS/a_CMS Details' is clicked on

2018-05-14 13:50:08 - [MESSAGE][PASSED] - Object: 'Object Repository/MOH AND GRN/Page_KDMC - CMS/a_CMS Details' is clicked on

2018-05-14 13:50:08 - [TEST_STEP][PASSED] - delay: Delayed 2 second(s)

2018-05-14 13:50:10 - [MESSAGE][PASSED] - Delayed 2 second(s)

2018-05-14 13:50:10 - [TEST_STEP][PASSED] - click: Object: 'Object Repository/MOH AND GRN/Page_KDMC - CMS/a_Goods Receive' is clicked on

2018-05-14 13:50:11 - [MESSAGE][PASSED] - Object: 'Object Repository/MOH AND GRN/Page_KDMC - CMS/a_Goods Receive' is clicked on

2018-05-14 13:50:11 - [TEST_STEP][PASSED] - delay: Delayed 2 second(s)

2018-05-14 13:50:13 - [MESSAGE][PASSED] - Delayed 2 second(s)

2018-05-14 13:50:13 - [TEST_STEP][PASSED] - selectOptionByLabel: All options with label 'PO00117' are selected in object 'Object Repository/MOH AND GRN/Page_KDMC - CMS/select_--Select--PO0032PO0031P' 

2018-05-14 13:50:13 - [MESSAGE][PASSED] - All options with label 'PO00117' are selected in object 'Object Repository/MOH AND GRN/Page_KDMC - CMS/select_--Select--PO0032PO0031P' 

2018-05-14 13:50:13 - [TEST_STEP][PASSED] - setText: Finding Test Object with id 'Object Repository/MOH AND GRN/Page_KDMC - CMS/input_txtgrnno'

2018-05-14 13:50:13 - [TEST_STEP][PASSED] - Statement - switch (id): Text 'INV215.0' is set on object 'Object Repository/MOH AND GRN/Page_KDMC - CMS/input_txtgrnno'

2018-05-14 13:50:13 - [TEST_STEP][PASSED] - Statement - case 2:: Text 'INV215.0' is set on object 'Object Repository/MOH AND GRN/Page_KDMC - CMS/input_txtgrnno'

2018-05-14 13:50:13 - [TEST_STEP][PASSED] - Statement - return (java.lang.Math.floor((java.lang.Math.random() * ((max - min) + 1))) + min): Text 'INV215.0' is set on object 'Object Repository/MOH AND GRN/Page_KDMC - CMS/input_txtgrnno'

2018-05-14 13:50:13 - [MESSAGE][PASSED] - Text 'INV215.0' is set on object 'Object Repository/MOH AND GRN/Page_KDMC - CMS/input_txtgrnno'

2018-05-14 13:50:13 - [TEST_STEP][PASSED] - selectOptionByIndex: All options with index in [1] are selected on object 'Object Repository/MOH AND GRN/Page_KDMC - CMS/select_--Select--PERUMAL PHARM'

2018-05-14 13:50:13 - [MESSAGE][PASSED] - All options with index in [1] are selected on object 'Object Repository/MOH AND GRN/Page_KDMC - CMS/select_--Select--PERUMAL PHARM'

2018-05-14 13:50:13 - [TEST_STEP][PASSED] - setText: Text '1700' is set on object 'Object Repository/MOH AND GRN/Page_KDMC - CMS/input_txtgrnno_1'

2018-05-14 13:50:13 - [MESSAGE][PASSED] - Text '1700' is set on object 'Object Repository/MOH AND GRN/Page_KDMC - CMS/input_txtgrnno_1'

2018-05-14 13:50:13 - [TEST_STEP][PASSED] - setText: Text '560' is set on object 'Object Repository/MOH AND GRN/Page_KDMC - CMS/input_txtgrnno_2'

2018-05-14 13:50:14 - [MESSAGE][PASSED] - Text '560' is set on object 'Object Repository/MOH AND GRN/Page_KDMC - CMS/input_txtgrnno_2'

2018-05-14 13:50:14 - [TEST_STEP][PASSED] - setText: Finding Test Object with id 'Object Repository/MOH AND GRN/Page_KDMC - CMS/input_txtgrnno_3'

2018-05-14 13:50:14 - [TEST_STEP][PASSED] - Statement - switch (id): Text 'CH123.0' is set on object 'Object Repository/MOH AND GRN/Page_KDMC - CMS/input_txtgrnno_3'

2018-05-14 13:50:14 - [TEST_STEP][PASSED] - Statement - case 3:: Text 'CH123.0' is set on object 'Object Repository/MOH AND GRN/Page_KDMC - CMS/input_txtgrnno_3'

2018-05-14 13:50:14 - [TEST_STEP][PASSED] - Statement - return (java.lang.Math.floor((java.lang.Math.random() * ((max - min) + 1))) + min): Text 'CH123.0' is set on object 'Object Repository/MOH AND GRN/Page_KDMC - CMS/input_txtgrnno_3'

2018-05-14 13:50:14 - [MESSAGE][PASSED] - Text 'CH123.0' is set on object 'Object Repository/MOH AND GRN/Page_KDMC - CMS/input_txtgrnno_3'

2018-05-14 13:50:14 - [TEST_STEP][PASSED] - scrollToPosition: Browser is scrolled to position x = 200, y = 200

2018-05-14 13:50:14 - [MESSAGE][PASSED] - Browser is scrolled to position x = 200, y = 200

2018-05-14 13:50:14 - [TEST_STEP][PASSED] - Statement - GrnLength = com.kms.katalon.core.webui.keyword.WebUiBuiltInKeywords.getNumberOfTotalOption(com.kms.katalon.core.testobject.ObjectRepository.findTestObject(MOH AND GRN/Page_KDMC - CMS/select_--Select--Amikacin -500)): 16 options of object 'Object Repository/MOH AND GRN/Page_KDMC - CMS/select_--Select--Amikacin -500' counted

2018-05-14 13:50:14 - [MESSAGE][PASSED] - 16 options of object 'Object Repository/MOH AND GRN/Page_KDMC - CMS/select_--Select--Amikacin -500' counted

2018-05-14 13:50:14 - [TEST_STEP][PASSED] - Statement - out.println("Length OF The Medicine " + GrnLength): null

2018-05-14 13:50:14 - [TEST_STEP][PASSED] - Statement - s = 1: null

2018-05-14 13:50:14 - [TEST_STEP][PASSED] - Statement - For ([t = 1, t < GrnLength, (t++)]): Finding Test Object with id 'Object Repository/MOH AND GRN/Page_KDMC - CMS/input_txtmrp'

2018-05-14 13:50:14 - [TEST_STEP][PASSED] - selectOptionByIndex: All options with index in [1] are selected on object 'Object Repository/MOH AND GRN/Page_KDMC - CMS/select_--Select--Amikacin -500'

2018-05-14 13:50:14 - [MESSAGE][PASSED] - All options with index in [1] are selected on object 'Object Repository/MOH AND GRN/Page_KDMC - CMS/select_--Select--Amikacin -500'

2018-05-14 13:50:14 - [TEST_STEP][PASSED] - setText: Text '5000' is set on object 'Object Repository/MOH AND GRN/Page_KDMC - CMS/input_txtqty'

2018-05-14 13:50:14 - [MESSAGE][PASSED] - Text '5000' is set on object 'Object Repository/MOH AND GRN/Page_KDMC - CMS/input_txtqty'

2018-05-14 13:50:14 - [TEST_STEP][PASSED] - selectOptionByIndex: All options with index in [1] are selected on object 'Object Repository/MOH AND GRN/Page_KDMC - CMS/select_--Select--No Tax0'

2018-05-14 13:50:14 - [MESSAGE][PASSED] - All options with index in [1] are selected on object 'Object Repository/MOH AND GRN/Page_KDMC - CMS/select_--Select--No Tax0'

2018-05-14 13:50:14 - [TEST_STEP][PASSED] - setText: Finding Test Object with id 'Object Repository/MOH AND GRN/Page_KDMC - CMS/input_txtmrp'

2018-05-14 13:50:14 - [TEST_STEP][PASSED] - Statement - switch (id): Finding Test Object with id 'Object Repository/MOH AND GRN/Page_KDMC - CMS/input_txtdeal'

2018-05-14 13:50:14 - [TEST_STEP][PASSED] - Statement - case 4:: Text '26.0' is set on object 'Object Repository/MOH AND GRN/Page_KDMC - CMS/input_txtmrp'

2018-05-14 13:50:14 - [TEST_STEP][PASSED] - Statement - return (java.lang.Math.floor((java.lang.Math.random() * ((max - min) + 1))) + min): Text '26.0' is set on object 'Object Repository/MOH AND GRN/Page_KDMC - CMS/input_txtmrp'

2018-05-14 13:50:14 - [MESSAGE][PASSED] - Text '26.0' is set on object 'Object Repository/MOH AND GRN/Page_KDMC - CMS/input_txtmrp'

2018-05-14 13:50:14 - [TEST_STEP][PASSED] - setText: Finding Test Object with id 'Object Repository/MOH AND GRN/Page_KDMC - CMS/input_txtdeal'

2018-05-14 13:50:14 - [TEST_STEP][PASSED] - Statement - switch (id): Finding Test Object with id 'Object Repository/MOH AND GRN/Page_KDMC - CMS/input_txtbatchno'

2018-05-14 13:50:14 - [TEST_STEP][PASSED] - Statement - case 5:: Text '7.0' is set on object 'Object Repository/MOH AND GRN/Page_KDMC - CMS/input_txtdeal'

2018-05-14 13:50:14 - [TEST_STEP][PASSED] - Statement - return (java.lang.Math.floor((java.lang.Math.random() * ((max - min) + 1))) + min): Text '7.0' is set on object 'Object Repository/MOH AND GRN/Page_KDMC - CMS/input_txtdeal'

2018-05-14 13:50:14 - [MESSAGE][PASSED] - Text '7.0' is set on object 'Object Repository/MOH AND GRN/Page_KDMC - CMS/input_txtdeal'

2018-05-14 13:50:14 - [TEST_STEP][PASSED] - setText: Finding Test Object with id 'Object Repository/MOH AND GRN/Page_KDMC - CMS/input_txtbatchno'

2018-05-14 13:50:14 - [TEST_STEP][PASSED] - Statement - switch (id): Finding Test Object with id 'Object Repository/MOH AND GRN/Page_KDMC - CMS/input_txtmrp'

2018-05-14 13:50:14 - [TEST_STEP][PASSED] - Statement - case 1:: Text 'BA428.0' is set on object 'Object Repository/MOH AND GRN/Page_KDMC - CMS/input_txtbatchno'

2018-05-14 13:50:14 - [TEST_STEP][PASSED] - Statement - return (java.lang.Math.floor((java.lang.Math.random() * ((max - min) + 1))) + min): Text 'BA428.0' is set on object 'Object Repository/MOH AND GRN/Page_KDMC - CMS/input_txtbatchno'

2018-05-14 13:50:15 - [MESSAGE][PASSED] - Text 'BA428.0' is set on object 'Object Repository/MOH AND GRN/Page_KDMC - CMS/input_txtbatchno'

2018-05-14 13:50:15 - [TEST_STEP][PASSED] - rightClick: Object: 'Object Repository/GRN/Page_KDMC - CMS/input_txtexpdate' is right clicked on

2018-05-14 13:50:15 - [MESSAGE][PASSED] - Object: 'Object Repository/GRN/Page_KDMC - CMS/input_txtexpdate' is right clicked on

2018-05-14 13:50:15 - [TEST_STEP][PASSED] - selectOptionByIndex: All options with index in [1] are selected on object 'Object Repository/GRN/Page_KDMC - CMS/select_20182019202020212022202'

2018-05-14 13:50:15 - [MESSAGE][PASSED] - All options with index in [1] are selected on object 'Object Repository/GRN/Page_KDMC - CMS/select_20182019202020212022202'

2018-05-14 13:50:15 - [TEST_STEP][PASSED] - selectOptionByIndex: All options with index in [1] are selected on object 'Object Repository/GRN/Page_KDMC - CMS/select_JanFebMarAprMayJunJulAu'

2018-05-14 13:50:15 - [MESSAGE][PASSED] - All options with index in [1] are selected on object 'Object Repository/GRN/Page_KDMC - CMS/select_JanFebMarAprMayJunJulAu'

2018-05-14 13:50:15 - [TEST_STEP][PASSED] - click: Object: 'Object Repository/MOH AND GRN/Page_KDMC - CMS/a_12' is clicked on

2018-05-14 13:50:15 - [MESSAGE][PASSED] - Object: 'Object Repository/MOH AND GRN/Page_KDMC - CMS/a_12' is clicked on

2018-05-14 13:50:15 - [TEST_STEP][PASSED] - click: Object: 'Object Repository/MOH AND GRN/Page_KDMC - CMS/input_btnadd' is clicked on

2018-05-14 13:50:15 - [MESSAGE][PASSED] - Object: 'Object Repository/MOH AND GRN/Page_KDMC - CMS/input_btnadd' is clicked on

2018-05-14 13:50:15 - [TEST_STEP][PASSED] - Statement - If (s == 10): null

2018-05-14 13:50:15 - [TEST_STEP][PASSED] - Statement - Else: null

2018-05-14 13:50:15 - [TEST_STEP][PASSED] - Statement - (s++): null

2018-05-14 13:50:15 - [TEST_STEP][PASSED] - delay: Delayed 1 second(s)

2018-05-14 13:50:16 - [MESSAGE][PASSED] - Delayed 1 second(s)

2018-05-14 13:50:16 - [TEST_STEP][PASSED] - selectOptionByIndex: All options with index in [2] are selected on object 'Object Repository/MOH AND GRN/Page_KDMC - CMS/select_--Select--Amikacin -500'

2018-05-14 13:50:16 - [MESSAGE][PASSED] - All options with index in [2] are selected on object 'Object Repository/MOH AND GRN/Page_KDMC - CMS/select_--Select--Amikacin -500'

2018-05-14 13:50:16 - [TEST_STEP][PASSED] - setText: Text '5000' is set on object 'Object Repository/MOH AND GRN/Page_KDMC - CMS/input_txtqty'

2018-05-14 13:50:17 - [MESSAGE][PASSED] - Text '5000' is set on object 'Object Repository/MOH AND GRN/Page_KDMC - CMS/input_txtqty'

2018-05-14 13:50:17 - [TEST_STEP][PASSED] - selectOptionByIndex: All options with index in [1] are selected on object 'Object Repository/MOH AND GRN/Page_KDMC - CMS/select_--Select--No Tax0'

2018-05-14 13:50:17 - [MESSAGE][PASSED] - All options with index in [1] are selected on object 'Object Repository/MOH AND GRN/Page_KDMC - CMS/select_--Select--No Tax0'

2018-05-14 13:50:17 - [TEST_STEP][PASSED] - setText: Finding Test Object with id 'Object Repository/MOH AND GRN/Page_KDMC - CMS/input_txtmrp'

2018-05-14 13:50:17 - [TEST_STEP][PASSED] - Statement - switch (id): Finding Test Object with id 'Object Repository/MOH AND GRN/Page_KDMC - CMS/input_txtdeal'

2018-05-14 13:50:17 - [TEST_STEP][PASSED] - Statement - case 4:: Text '32.0' is set on object 'Object Repository/MOH AND GRN/Page_KDMC - CMS/input_txtmrp'

2018-05-14 13:50:17 - [TEST_STEP][PASSED] - Statement - return (java.lang.Math.floor((java.lang.Math.random() * ((max - min) + 1))) + min): Text '32.0' is set on object 'Object Repository/MOH AND GRN/Page_KDMC - CMS/input_txtmrp'

2018-05-14 13:50:17 - [MESSAGE][PASSED] - Text '32.0' is set on object 'Object Repository/MOH AND GRN/Page_KDMC - CMS/input_txtmrp'

2018-05-14 13:50:17 - [TEST_STEP][PASSED] - setText: Finding Test Object with id 'Object Repository/MOH AND GRN/Page_KDMC - CMS/input_txtdeal'

2018-05-14 13:50:17 - [TEST_STEP][PASSED] - Statement - switch (id): Finding Test Object with id 'Object Repository/MOH AND GRN/Page_KDMC - CMS/input_txtbatchno'

2018-05-14 13:50:17 - [TEST_STEP][PASSED] - Statement - case 5:: Text '3.0' is set on object 'Object Repository/MOH AND GRN/Page_KDMC - CMS/input_txtdeal'

2018-05-14 13:50:17 - [TEST_STEP][PASSED] - Statement - return (java.lang.Math.floor((java.lang.Math.random() * ((max - min) + 1))) + min): Text '3.0' is set on object 'Object Repository/MOH AND GRN/Page_KDMC - CMS/input_txtdeal'

2018-05-14 13:50:17 - [MESSAGE][PASSED] - Text '3.0' is set on object 'Object Repository/MOH AND GRN/Page_KDMC - CMS/input_txtdeal'

2018-05-14 13:50:17 - [TEST_STEP][PASSED] - setText: Finding Test Object with id 'Object Repository/MOH AND GRN/Page_KDMC - CMS/input_txtbatchno'

2018-05-14 13:50:17 - [TEST_STEP][PASSED] - Statement - switch (id): Finding Test Object with id 'Object Repository/MOH AND GRN/Page_KDMC - CMS/input_txtmrp'

2018-05-14 13:50:17 - [TEST_STEP][PASSED] - Statement - case 1:: Text 'BA27.0' is set on object 'Object Repository/MOH AND GRN/Page_KDMC - CMS/input_txtbatchno'

2018-05-14 13:50:17 - [TEST_STEP][PASSED] - Statement - return (java.lang.Math.floor((java.lang.Math.random() * ((max - min) + 1))) + min): Text 'BA27.0' is set on object 'Object Repository/MOH AND GRN/Page_KDMC - CMS/input_txtbatchno'

2018-05-14 13:50:17 - [MESSAGE][PASSED] - Text 'BA27.0' is set on object 'Object Repository/MOH AND GRN/Page_KDMC - CMS/input_txtbatchno'

2018-05-14 13:50:17 - [TEST_STEP][PASSED] - rightClick: Object: 'Object Repository/GRN/Page_KDMC - CMS/input_txtexpdate' is right clicked on

2018-05-14 13:50:17 - [MESSAGE][PASSED] - Object: 'Object Repository/GRN/Page_KDMC - CMS/input_txtexpdate' is right clicked on

2018-05-14 13:50:17 - [TEST_STEP][PASSED] - selectOptionByIndex: All options with index in [2] are selected on object 'Object Repository/GRN/Page_KDMC - CMS/select_20182019202020212022202'

2018-05-14 13:50:17 - [MESSAGE][PASSED] - All options with index in [2] are selected on object 'Object Repository/GRN/Page_KDMC - CMS/select_20182019202020212022202'

2018-05-14 13:50:17 - [TEST_STEP][PASSED] - selectOptionByIndex: All options with index in [2] are selected on object 'Object Repository/GRN/Page_KDMC - CMS/select_JanFebMarAprMayJunJulAu'

2018-05-14 13:50:17 - [MESSAGE][PASSED] - All options with index in [2] are selected on object 'Object Repository/GRN/Page_KDMC - CMS/select_JanFebMarAprMayJunJulAu'

2018-05-14 13:50:17 - [TEST_STEP][PASSED] - click: Object: 'Object Repository/MOH AND GRN/Page_KDMC - CMS/a_12' is clicked on

2018-05-14 13:50:17 - [MESSAGE][PASSED] - Object: 'Object Repository/MOH AND GRN/Page_KDMC - CMS/a_12' is clicked on

2018-05-14 13:50:17 - [TEST_STEP][PASSED] - click: Object: 'Object Repository/MOH AND GRN/Page_KDMC - CMS/input_btnadd' is clicked on

2018-05-14 13:50:18 - [MESSAGE][PASSED] - Object: 'Object Repository/MOH AND GRN/Page_KDMC - CMS/input_btnadd' is clicked on

2018-05-14 13:50:18 - [TEST_STEP][PASSED] - Statement - If (s == 10): null

2018-05-14 13:50:18 - [TEST_STEP][PASSED] - Statement - Else: null

2018-05-14 13:50:18 - [TEST_STEP][PASSED] - Statement - (s++): null

2018-05-14 13:50:18 - [TEST_STEP][PASSED] - delay: Delayed 1 second(s)

2018-05-14 13:50:19 - [MESSAGE][PASSED] - Delayed 1 second(s)

2018-05-14 13:50:19 - [TEST_STEP][PASSED] - selectOptionByIndex: All options with index in [3] are selected on object 'Object Repository/MOH AND GRN/Page_KDMC - CMS/select_--Select--Amikacin -500'

2018-05-14 13:50:19 - [MESSAGE][PASSED] - All options with index in [3] are selected on object 'Object Repository/MOH AND GRN/Page_KDMC - CMS/select_--Select--Amikacin -500'

2018-05-14 13:50:19 - [TEST_STEP][PASSED] - setText: Text '5000' is set on object 'Object Repository/MOH AND GRN/Page_KDMC - CMS/input_txtqty'

2018-05-14 13:50:19 - [MESSAGE][PASSED] - Text '5000' is set on object 'Object Repository/MOH AND GRN/Page_KDMC - CMS/input_txtqty'

2018-05-14 13:50:19 - [TEST_STEP][PASSED] - selectOptionByIndex: All options with index in [1] are selected on object 'Object Repository/MOH AND GRN/Page_KDMC - CMS/select_--Select--No Tax0'

2018-05-14 13:50:19 - [MESSAGE][PASSED] - All options with index in [1] are selected on object 'Object Repository/MOH AND GRN/Page_KDMC - CMS/select_--Select--No Tax0'

2018-05-14 13:50:19 - [TEST_STEP][PASSED] - setText: Finding Test Object with id 'Object Repository/MOH AND GRN/Page_KDMC - CMS/input_txtmrp'

2018-05-14 13:50:19 - [TEST_STEP][PASSED] - Statement - switch (id): Finding Test Object with id 'Object Repository/MOH AND GRN/Page_KDMC - CMS/input_txtdeal'

2018-05-14 13:50:19 - [TEST_STEP][PASSED] - Statement - case 4:: Text '18.0' is set on object 'Object Repository/MOH AND GRN/Page_KDMC - CMS/input_txtmrp'

2018-05-14 13:50:19 - [TEST_STEP][PASSED] - Statement - return (java.lang.Math.floor((java.lang.Math.random() * ((max - min) + 1))) + min): Text '18.0' is set on object 'Object Repository/MOH AND GRN/Page_KDMC - CMS/input_txtmrp'

2018-05-14 13:50:19 - [MESSAGE][PASSED] - Text '18.0' is set on object 'Object Repository/MOH AND GRN/Page_KDMC - CMS/input_txtmrp'

2018-05-14 13:50:19 - [TEST_STEP][PASSED] - setText: Finding Test Object with id 'Object Repository/MOH AND GRN/Page_KDMC - CMS/input_txtdeal'

2018-05-14 13:50:19 - [TEST_STEP][PASSED] - Statement - switch (id): Finding Test Object with id 'Object Repository/MOH AND GRN/Page_KDMC - CMS/input_txtbatchno'

2018-05-14 13:50:19 - [TEST_STEP][PASSED] - Statement - case 5:: Text '12.0' is set on object 'Object Repository/MOH AND GRN/Page_KDMC - CMS/input_txtdeal'

2018-05-14 13:50:19 - [TEST_STEP][PASSED] - Statement - return (java.lang.Math.floor((java.lang.Math.random() * ((max - min) + 1))) + min): Text '12.0' is set on object 'Object Repository/MOH AND GRN/Page_KDMC - CMS/input_txtdeal'

2018-05-14 13:50:19 - [MESSAGE][PASSED] - Text '12.0' is set on object 'Object Repository/MOH AND GRN/Page_KDMC - CMS/input_txtdeal'

2018-05-14 13:50:19 - [TEST_STEP][PASSED] - setText: Finding Test Object with id 'Object Repository/MOH AND GRN/Page_KDMC - CMS/input_txtbatchno'

2018-05-14 13:50:19 - [TEST_STEP][PASSED] - Statement - switch (id): Finding Test Object with id 'Object Repository/MOH AND GRN/Page_KDMC - CMS/input_txtmrp'

2018-05-14 13:50:19 - [TEST_STEP][PASSED] - Statement - case 1:: Text 'BA792.0' is set on object 'Object Repository/MOH AND GRN/Page_KDMC - CMS/input_txtbatchno'

2018-05-14 13:50:19 - [TEST_STEP][PASSED] - Statement - return (java.lang.Math.floor((java.lang.Math.random() * ((max - min) + 1))) + min): Text 'BA792.0' is set on object 'Object Repository/MOH AND GRN/Page_KDMC - CMS/input_txtbatchno'

2018-05-14 13:50:19 - [MESSAGE][PASSED] - Text 'BA792.0' is set on object 'Object Repository/MOH AND GRN/Page_KDMC - CMS/input_txtbatchno'

2018-05-14 13:50:19 - [TEST_STEP][PASSED] - rightClick: Object: 'Object Repository/GRN/Page_KDMC - CMS/input_txtexpdate' is right clicked on

2018-05-14 13:50:19 - [MESSAGE][PASSED] - Object: 'Object Repository/GRN/Page_KDMC - CMS/input_txtexpdate' is right clicked on

2018-05-14 13:50:19 - [TEST_STEP][PASSED] - selectOptionByIndex: All options with index in [3] are selected on object 'Object Repository/GRN/Page_KDMC - CMS/select_20182019202020212022202'

2018-05-14 13:50:20 - [MESSAGE][PASSED] - All options with index in [3] are selected on object 'Object Repository/GRN/Page_KDMC - CMS/select_20182019202020212022202'

2018-05-14 13:50:20 - [TEST_STEP][PASSED] - selectOptionByIndex: All options with index in [3] are selected on object 'Object Repository/GRN/Page_KDMC - CMS/select_JanFebMarAprMayJunJulAu'

2018-05-14 13:50:20 - [MESSAGE][PASSED] - All options with index in [3] are selected on object 'Object Repository/GRN/Page_KDMC - CMS/select_JanFebMarAprMayJunJulAu'

2018-05-14 13:50:20 - [TEST_STEP][PASSED] - click: Object: 'Object Repository/MOH AND GRN/Page_KDMC - CMS/a_12' is clicked on

2018-05-14 13:50:20 - [MESSAGE][PASSED] - Object: 'Object Repository/MOH AND GRN/Page_KDMC - CMS/a_12' is clicked on

2018-05-14 13:50:20 - [TEST_STEP][PASSED] - click: Object: 'Object Repository/MOH AND GRN/Page_KDMC - CMS/input_btnadd' is clicked on

2018-05-14 13:50:20 - [MESSAGE][PASSED] - Object: 'Object Repository/MOH AND GRN/Page_KDMC - CMS/input_btnadd' is clicked on

2018-05-14 13:50:20 - [TEST_STEP][PASSED] - Statement - If (s == 10): null

2018-05-14 13:50:20 - [TEST_STEP][PASSED] - Statement - Else: null

2018-05-14 13:50:20 - [TEST_STEP][PASSED] - Statement - (s++): null

2018-05-14 13:50:20 - [TEST_STEP][PASSED] - delay: Delayed 1 second(s)

2018-05-14 13:50:21 - [MESSAGE][PASSED] - Delayed 1 second(s)

2018-05-14 13:50:21 - [TEST_STEP][PASSED] - selectOptionByIndex: All options with index in [4] are selected on object 'Object Repository/MOH AND GRN/Page_KDMC - CMS/select_--Select--Amikacin -500'

2018-05-14 13:50:21 - [MESSAGE][PASSED] - All options with index in [4] are selected on object 'Object Repository/MOH AND GRN/Page_KDMC - CMS/select_--Select--Amikacin -500'

2018-05-14 13:50:21 - [TEST_STEP][PASSED] - setText: Text '5000' is set on object 'Object Repository/MOH AND GRN/Page_KDMC - CMS/input_txtqty'

2018-05-14 13:50:21 - [MESSAGE][PASSED] - Text '5000' is set on object 'Object Repository/MOH AND GRN/Page_KDMC - CMS/input_txtqty'

2018-05-14 13:50:21 - [TEST_STEP][PASSED] - selectOptionByIndex: All options with index in [1] are selected on object 'Object Repository/MOH AND GRN/Page_KDMC - CMS/select_--Select--No Tax0'

2018-05-14 13:50:21 - [MESSAGE][PASSED] - All options with index in [1] are selected on object 'Object Repository/MOH AND GRN/Page_KDMC - CMS/select_--Select--No Tax0'

2018-05-14 13:50:21 - [TEST_STEP][PASSED] - setText: Finding Test Object with id 'Object Repository/MOH AND GRN/Page_KDMC - CMS/input_txtmrp'

2018-05-14 13:50:21 - [TEST_STEP][PASSED] - Statement - switch (id): Finding Test Object with id 'Object Repository/MOH AND GRN/Page_KDMC - CMS/input_txtdeal'

2018-05-14 13:50:21 - [TEST_STEP][PASSED] - Statement - case 4:: Text '19.0' is set on object 'Object Repository/MOH AND GRN/Page_KDMC - CMS/input_txtmrp'

2018-05-14 13:50:21 - [TEST_STEP][PASSED] - Statement - return (java.lang.Math.floor((java.lang.Math.random() * ((max - min) + 1))) + min): Text '19.0' is set on object 'Object Repository/MOH AND GRN/Page_KDMC - CMS/input_txtmrp'

2018-05-14 13:50:21 - [MESSAGE][PASSED] - Text '19.0' is set on object 'Object Repository/MOH AND GRN/Page_KDMC - CMS/input_txtmrp'

2018-05-14 13:50:21 - [TEST_STEP][PASSED] - setText: Finding Test Object with id 'Object Repository/MOH AND GRN/Page_KDMC - CMS/input_txtdeal'

2018-05-14 13:50:21 - [TEST_STEP][PASSED] - Statement - switch (id): Finding Test Object with id 'Object Repository/MOH AND GRN/Page_KDMC - CMS/input_txtbatchno'

2018-05-14 13:50:21 - [TEST_STEP][PASSED] - Statement - case 5:: Text '5.0' is set on object 'Object Repository/MOH AND GRN/Page_KDMC - CMS/input_txtdeal'

2018-05-14 13:50:21 - [TEST_STEP][PASSED] - Statement - return (java.lang.Math.floor((java.lang.Math.random() * ((max - min) + 1))) + min): Text '5.0' is set on object 'Object Repository/MOH AND GRN/Page_KDMC - CMS/input_txtdeal'

2018-05-14 13:50:22 - [MESSAGE][PASSED] - Text '5.0' is set on object 'Object Repository/MOH AND GRN/Page_KDMC - CMS/input_txtdeal'

2018-05-14 13:50:22 - [TEST_STEP][PASSED] - setText: Finding Test Object with id 'Object Repository/MOH AND GRN/Page_KDMC - CMS/input_txtbatchno'

2018-05-14 13:50:22 - [TEST_STEP][PASSED] - Statement - switch (id): Finding Test Object with id 'Object Repository/MOH AND GRN/Page_KDMC - CMS/input_txtmrp'

2018-05-14 13:50:22 - [TEST_STEP][PASSED] - Statement - case 1:: Text 'BA78.0' is set on object 'Object Repository/MOH AND GRN/Page_KDMC - CMS/input_txtbatchno'

2018-05-14 13:50:22 - [TEST_STEP][PASSED] - Statement - return (java.lang.Math.floor((java.lang.Math.random() * ((max - min) + 1))) + min): Text 'BA78.0' is set on object 'Object Repository/MOH AND GRN/Page_KDMC - CMS/input_txtbatchno'

2018-05-14 13:50:22 - [MESSAGE][PASSED] - Text 'BA78.0' is set on object 'Object Repository/MOH AND GRN/Page_KDMC - CMS/input_txtbatchno'

2018-05-14 13:50:22 - [TEST_STEP][PASSED] - rightClick: Object: 'Object Repository/GRN/Page_KDMC - CMS/input_txtexpdate' is right clicked on

2018-05-14 13:50:22 - [MESSAGE][PASSED] - Object: 'Object Repository/GRN/Page_KDMC - CMS/input_txtexpdate' is right clicked on

2018-05-14 13:50:22 - [TEST_STEP][PASSED] - selectOptionByIndex: All options with index in [4] are selected on object 'Object Repository/GRN/Page_KDMC - CMS/select_20182019202020212022202'

2018-05-14 13:50:22 - [MESSAGE][PASSED] - All options with index in [4] are selected on object 'Object Repository/GRN/Page_KDMC - CMS/select_20182019202020212022202'

2018-05-14 13:50:22 - [TEST_STEP][PASSED] - selectOptionByIndex: All options with index in [4] are selected on object 'Object Repository/GRN/Page_KDMC - CMS/select_JanFebMarAprMayJunJulAu'

2018-05-14 13:50:22 - [MESSAGE][PASSED] - All options with index in [4] are selected on object 'Object Repository/GRN/Page_KDMC - CMS/select_JanFebMarAprMayJunJulAu'

2018-05-14 13:50:22 - [TEST_STEP][PASSED] - click: Object: 'Object Repository/MOH AND GRN/Page_KDMC - CMS/a_12' is clicked on

2018-05-14 13:50:22 - [MESSAGE][PASSED] - Object: 'Object Repository/MOH AND GRN/Page_KDMC - CMS/a_12' is clicked on

2018-05-14 13:50:22 - [TEST_STEP][PASSED] - click: Object: 'Object Repository/MOH AND GRN/Page_KDMC - CMS/input_btnadd' is clicked on

2018-05-14 13:50:22 - [MESSAGE][PASSED] - Object: 'Object Repository/MOH AND GRN/Page_KDMC - CMS/input_btnadd' is clicked on

2018-05-14 13:50:22 - [TEST_STEP][PASSED] - Statement - If (s == 10): null

2018-05-14 13:50:22 - [TEST_STEP][PASSED] - Statement - Else: null

2018-05-14 13:50:22 - [TEST_STEP][PASSED] - Statement - (s++): null

2018-05-14 13:50:22 - [TEST_STEP][PASSED] - delay: Delayed 1 second(s)

2018-05-14 13:50:23 - [MESSAGE][PASSED] - Delayed 1 second(s)

2018-05-14 13:50:23 - [TEST_STEP][PASSED] - selectOptionByIndex: All options with index in [5] are selected on object 'Object Repository/MOH AND GRN/Page_KDMC - CMS/select_--Select--Amikacin -500'

2018-05-14 13:50:23 - [MESSAGE][PASSED] - All options with index in [5] are selected on object 'Object Repository/MOH AND GRN/Page_KDMC - CMS/select_--Select--Amikacin -500'

2018-05-14 13:50:23 - [TEST_STEP][PASSED] - setText: Text '5000' is set on object 'Object Repository/MOH AND GRN/Page_KDMC - CMS/input_txtqty'

2018-05-14 13:50:24 - [MESSAGE][PASSED] - Text '5000' is set on object 'Object Repository/MOH AND GRN/Page_KDMC - CMS/input_txtqty'

2018-05-14 13:50:24 - [TEST_STEP][PASSED] - selectOptionByIndex: All options with index in [1] are selected on object 'Object Repository/MOH AND GRN/Page_KDMC - CMS/select_--Select--No Tax0'

2018-05-14 13:50:24 - [MESSAGE][PASSED] - All options with index in [1] are selected on object 'Object Repository/MOH AND GRN/Page_KDMC - CMS/select_--Select--No Tax0'

2018-05-14 13:50:24 - [TEST_STEP][PASSED] - setText: Finding Test Object with id 'Object Repository/MOH AND GRN/Page_KDMC - CMS/input_txtmrp'

2018-05-14 13:50:24 - [TEST_STEP][PASSED] - Statement - switch (id): Finding Test Object with id 'Object Repository/MOH AND GRN/Page_KDMC - CMS/input_txtdeal'

2018-05-14 13:50:24 - [TEST_STEP][PASSED] - Statement - case 4:: Text '17.0' is set on object 'Object Repository/MOH AND GRN/Page_KDMC - CMS/input_txtmrp'

2018-05-14 13:50:24 - [TEST_STEP][PASSED] - Statement - return (java.lang.Math.floor((java.lang.Math.random() * ((max - min) + 1))) + min): Text '17.0' is set on object 'Object Repository/MOH AND GRN/Page_KDMC - CMS/input_txtmrp'

2018-05-14 13:50:24 - [MESSAGE][PASSED] - Text '17.0' is set on object 'Object Repository/MOH AND GRN/Page_KDMC - CMS/input_txtmrp'

2018-05-14 13:50:24 - [TEST_STEP][PASSED] - setText: Finding Test Object with id 'Object Repository/MOH AND GRN/Page_KDMC - CMS/input_txtdeal'

2018-05-14 13:50:24 - [TEST_STEP][PASSED] - Statement - switch (id): Finding Test Object with id 'Object Repository/MOH AND GRN/Page_KDMC - CMS/input_txtbatchno'

2018-05-14 13:50:24 - [TEST_STEP][PASSED] - Statement - case 5:: Text '2.0' is set on object 'Object Repository/MOH AND GRN/Page_KDMC - CMS/input_txtdeal'

2018-05-14 13:50:24 - [TEST_STEP][PASSED] - Statement - return (java.lang.Math.floor((java.lang.Math.random() * ((max - min) + 1))) + min): Text '2.0' is set on object 'Object Repository/MOH AND GRN/Page_KDMC - CMS/input_txtdeal'

2018-05-14 13:50:24 - [MESSAGE][PASSED] - Text '2.0' is set on object 'Object Repository/MOH AND GRN/Page_KDMC - CMS/input_txtdeal'

2018-05-14 13:50:24 - [TEST_STEP][PASSED] - setText: Finding Test Object with id 'Object Repository/MOH AND GRN/Page_KDMC - CMS/input_txtbatchno'

2018-05-14 13:50:24 - [TEST_STEP][PASSED] - Statement - switch (id): Finding Test Object with id 'Object Repository/MOH AND GRN/Page_KDMC - CMS/input_txtmrp'

2018-05-14 13:50:24 - [TEST_STEP][PASSED] - Statement - case 1:: Text 'BA689.0' is set on object 'Object Repository/MOH AND GRN/Page_KDMC - CMS/input_txtbatchno'

2018-05-14 13:50:24 - [TEST_STEP][PASSED] - Statement - return (java.lang.Math.floor((java.lang.Math.random() * ((max - min) + 1))) + min): Text 'BA689.0' is set on object 'Object Repository/MOH AND GRN/Page_KDMC - CMS/input_txtbatchno'

2018-05-14 13:50:24 - [MESSAGE][PASSED] - Text 'BA689.0' is set on object 'Object Repository/MOH AND GRN/Page_KDMC - CMS/input_txtbatchno'

2018-05-14 13:50:24 - [TEST_STEP][PASSED] - rightClick: Object: 'Object Repository/GRN/Page_KDMC - CMS/input_txtexpdate' is right clicked on

2018-05-14 13:50:24 - [MESSAGE][PASSED] - Object: 'Object Repository/GRN/Page_KDMC - CMS/input_txtexpdate' is right clicked on

2018-05-14 13:50:24 - [TEST_STEP][PASSED] - selectOptionByIndex: All options with index in [5] are selected on object 'Object Repository/GRN/Page_KDMC - CMS/select_20182019202020212022202'

2018-05-14 13:50:24 - [MESSAGE][PASSED] - All options with index in [5] are selected on object 'Object Repository/GRN/Page_KDMC - CMS/select_20182019202020212022202'

2018-05-14 13:50:24 - [TEST_STEP][PASSED] - selectOptionByIndex: All options with index in [5] are selected on object 'Object Repository/GRN/Page_KDMC - CMS/select_JanFebMarAprMayJunJulAu'

2018-05-14 13:50:24 - [MESSAGE][PASSED] - All options with index in [5] are selected on object 'Object Repository/GRN/Page_KDMC - CMS/select_JanFebMarAprMayJunJulAu'

2018-05-14 13:50:24 - [TEST_STEP][PASSED] - click: Object: 'Object Repository/MOH AND GRN/Page_KDMC - CMS/a_12' is clicked on

2018-05-14 13:50:25 - [MESSAGE][PASSED] - Object: 'Object Repository/MOH AND GRN/Page_KDMC - CMS/a_12' is clicked on

2018-05-14 13:50:25 - [TEST_STEP][PASSED] - click: Object: 'Object Repository/MOH AND GRN/Page_KDMC - CMS/input_btnadd' is clicked on

2018-05-14 13:50:25 - [MESSAGE][PASSED] - Object: 'Object Repository/MOH AND GRN/Page_KDMC - CMS/input_btnadd' is clicked on

2018-05-14 13:50:25 - [TEST_STEP][PASSED] - Statement - If (s == 10): null

2018-05-14 13:50:25 - [TEST_STEP][PASSED] - Statement - Else: null

2018-05-14 13:50:25 - [TEST_STEP][PASSED] - Statement - (s++): null

2018-05-14 13:50:25 - [TEST_STEP][PASSED] - delay: Delayed 1 second(s)

2018-05-14 13:50:26 - [MESSAGE][PASSED] - Delayed 1 second(s)

2018-05-14 13:50:26 - [TEST_STEP][PASSED] - selectOptionByIndex: All options with index in [6] are selected on object 'Object Repository/MOH AND GRN/Page_KDMC - CMS/select_--Select--Amikacin -500'

2018-05-14 13:50:26 - [MESSAGE][PASSED] - All options with index in [6] are selected on object 'Object Repository/MOH AND GRN/Page_KDMC - CMS/select_--Select--Amikacin -500'

2018-05-14 13:50:26 - [TEST_STEP][PASSED] - setText: Text '5000' is set on object 'Object Repository/MOH AND GRN/Page_KDMC - CMS/input_txtqty'

2018-05-14 13:50:26 - [MESSAGE][PASSED] - Text '5000' is set on object 'Object Repository/MOH AND GRN/Page_KDMC - CMS/input_txtqty'

2018-05-14 13:50:26 - [TEST_STEP][PASSED] - selectOptionByIndex: All options with index in [1] are selected on object 'Object Repository/MOH AND GRN/Page_KDMC - CMS/select_--Select--No Tax0'

2018-05-14 13:50:26 - [MESSAGE][PASSED] - All options with index in [1] are selected on object 'Object Repository/MOH AND GRN/Page_KDMC - CMS/select_--Select--No Tax0'

2018-05-14 13:50:26 - [TEST_STEP][PASSED] - setText: Finding Test Object with id 'Object Repository/MOH AND GRN/Page_KDMC - CMS/input_txtmrp'

2018-05-14 13:50:26 - [TEST_STEP][PASSED] - Statement - switch (id): Finding Test Object with id 'Object Repository/MOH AND GRN/Page_KDMC - CMS/input_txtdeal'

2018-05-14 13:50:26 - [TEST_STEP][PASSED] - Statement - case 4:: Text '19.0' is set on object 'Object Repository/MOH AND GRN/Page_KDMC - CMS/input_txtmrp'

2018-05-14 13:50:26 - [TEST_STEP][PASSED] - Statement - return (java.lang.Math.floor((java.lang.Math.random() * ((max - min) + 1))) + min): Text '19.0' is set on object 'Object Repository/MOH AND GRN/Page_KDMC - CMS/input_txtmrp'

2018-05-14 13:50:26 - [MESSAGE][PASSED] - Text '19.0' is set on object 'Object Repository/MOH AND GRN/Page_KDMC - CMS/input_txtmrp'

2018-05-14 13:50:26 - [TEST_STEP][PASSED] - setText: Finding Test Object with id 'Object Repository/MOH AND GRN/Page_KDMC - CMS/input_txtdeal'

2018-05-14 13:50:26 - [TEST_STEP][PASSED] - Statement - switch (id): Finding Test Object with id 'Object Repository/MOH AND GRN/Page_KDMC - CMS/input_txtbatchno'

2018-05-14 13:50:26 - [TEST_STEP][PASSED] - Statement - case 5:: Text '10.0' is set on object 'Object Repository/MOH AND GRN/Page_KDMC - CMS/input_txtdeal'

2018-05-14 13:50:26 - [TEST_STEP][PASSED] - Statement - return (java.lang.Math.floor((java.lang.Math.random() * ((max - min) + 1))) + min): Text '10.0' is set on object 'Object Repository/MOH AND GRN/Page_KDMC - CMS/input_txtdeal'

2018-05-14 13:50:26 - [MESSAGE][PASSED] - Text '10.0' is set on object 'Object Repository/MOH AND GRN/Page_KDMC - CMS/input_txtdeal'

2018-05-14 13:50:26 - [TEST_STEP][PASSED] - setText: Finding Test Object with id 'Object Repository/MOH AND GRN/Page_KDMC - CMS/input_txtbatchno'

2018-05-14 13:50:26 - [TEST_STEP][PASSED] - Statement - switch (id): Finding Test Object with id 'Object Repository/MOH AND GRN/Page_KDMC - CMS/input_txtmrp'

2018-05-14 13:50:26 - [TEST_STEP][PASSED] - Statement - case 1:: Text 'BA614.0' is set on object 'Object Repository/MOH AND GRN/Page_KDMC - CMS/input_txtbatchno'

2018-05-14 13:50:26 - [TEST_STEP][PASSED] - Statement - return (java.lang.Math.floor((java.lang.Math.random() * ((max - min) + 1))) + min): Text 'BA614.0' is set on object 'Object Repository/MOH AND GRN/Page_KDMC - CMS/input_txtbatchno'

2018-05-14 13:50:26 - [MESSAGE][PASSED] - Text 'BA614.0' is set on object 'Object Repository/MOH AND GRN/Page_KDMC - CMS/input_txtbatchno'

2018-05-14 13:50:26 - [TEST_STEP][PASSED] - rightClick: Object: 'Object Repository/GRN/Page_KDMC - CMS/input_txtexpdate' is right clicked on

2018-05-14 13:50:26 - [MESSAGE][PASSED] - Object: 'Object Repository/GRN/Page_KDMC - CMS/input_txtexpdate' is right clicked on

2018-05-14 13:50:26 - [TEST_STEP][PASSED] - selectOptionByIndex: All options with index in [6] are selected on object 'Object Repository/GRN/Page_KDMC - CMS/select_20182019202020212022202'

2018-05-14 13:50:27 - [MESSAGE][PASSED] - All options with index in [6] are selected on object 'Object Repository/GRN/Page_KDMC - CMS/select_20182019202020212022202'

2018-05-14 13:50:27 - [TEST_STEP][PASSED] - selectOptionByIndex: All options with index in [6] are selected on object 'Object Repository/GRN/Page_KDMC - CMS/select_JanFebMarAprMayJunJulAu'

2018-05-14 13:50:27 - [MESSAGE][PASSED] - All options with index in [6] are selected on object 'Object Repository/GRN/Page_KDMC - CMS/select_JanFebMarAprMayJunJulAu'

2018-05-14 13:50:27 - [TEST_STEP][PASSED] - click: Object: 'Object Repository/MOH AND GRN/Page_KDMC - CMS/a_12' is clicked on

2018-05-14 13:50:27 - [MESSAGE][PASSED] - Object: 'Object Repository/MOH AND GRN/Page_KDMC - CMS/a_12' is clicked on

2018-05-14 13:50:27 - [TEST_STEP][PASSED] - click: Object: 'Object Repository/MOH AND GRN/Page_KDMC - CMS/input_btnadd' is clicked on

2018-05-14 13:50:27 - [MESSAGE][PASSED] - Object: 'Object Repository/MOH AND GRN/Page_KDMC - CMS/input_btnadd' is clicked on

2018-05-14 13:50:27 - [TEST_STEP][PASSED] - Statement - If (s == 10): null

2018-05-14 13:50:27 - [TEST_STEP][PASSED] - Statement - Else: null

2018-05-14 13:50:27 - [TEST_STEP][PASSED] - Statement - (s++): null

2018-05-14 13:50:27 - [TEST_STEP][PASSED] - delay: Delayed 1 second(s)

2018-05-14 13:50:28 - [MESSAGE][PASSED] - Delayed 1 second(s)

2018-05-14 13:50:28 - [TEST_STEP][PASSED] - selectOptionByIndex: All options with index in [7] are selected on object 'Object Repository/MOH AND GRN/Page_KDMC - CMS/select_--Select--Amikacin -500'

2018-05-14 13:50:28 - [MESSAGE][PASSED] - All options with index in [7] are selected on object 'Object Repository/MOH AND GRN/Page_KDMC - CMS/select_--Select--Amikacin -500'

2018-05-14 13:50:28 - [TEST_STEP][PASSED] - setText: Text '5000' is set on object 'Object Repository/MOH AND GRN/Page_KDMC - CMS/input_txtqty'

2018-05-14 13:50:28 - [MESSAGE][PASSED] - Text '5000' is set on object 'Object Repository/MOH AND GRN/Page_KDMC - CMS/input_txtqty'

2018-05-14 13:50:28 - [TEST_STEP][PASSED] - selectOptionByIndex: All options with index in [1] are selected on object 'Object Repository/MOH AND GRN/Page_KDMC - CMS/select_--Select--No Tax0'

2018-05-14 13:50:29 - [MESSAGE][PASSED] - All options with index in [1] are selected on object 'Object Repository/MOH AND GRN/Page_KDMC - CMS/select_--Select--No Tax0'

2018-05-14 13:50:29 - [TEST_STEP][PASSED] - setText: Finding Test Object with id 'Object Repository/MOH AND GRN/Page_KDMC - CMS/input_txtmrp'

2018-05-14 13:50:29 - [TEST_STEP][PASSED] - Statement - switch (id): Finding Test Object with id 'Object Repository/MOH AND GRN/Page_KDMC - CMS/input_txtdeal'

2018-05-14 13:50:29 - [TEST_STEP][PASSED] - Statement - case 4:: Text '15.0' is set on object 'Object Repository/MOH AND GRN/Page_KDMC - CMS/input_txtmrp'

2018-05-14 13:50:29 - [TEST_STEP][PASSED] - Statement - return (java.lang.Math.floor((java.lang.Math.random() * ((max - min) + 1))) + min): Text '15.0' is set on object 'Object Repository/MOH AND GRN/Page_KDMC - CMS/input_txtmrp'

2018-05-14 13:50:29 - [MESSAGE][PASSED] - Text '15.0' is set on object 'Object Repository/MOH AND GRN/Page_KDMC - CMS/input_txtmrp'

2018-05-14 13:50:29 - [TEST_STEP][PASSED] - setText: Finding Test Object with id 'Object Repository/MOH AND GRN/Page_KDMC - CMS/input_txtdeal'

2018-05-14 13:50:29 - [TEST_STEP][PASSED] - Statement - switch (id): Finding Test Object with id 'Object Repository/MOH AND GRN/Page_KDMC - CMS/input_txtbatchno'

2018-05-14 13:50:29 - [TEST_STEP][PASSED] - Statement - case 5:: Text '6.0' is set on object 'Object Repository/MOH AND GRN/Page_KDMC - CMS/input_txtdeal'

2018-05-14 13:50:29 - [TEST_STEP][PASSED] - Statement - return (java.lang.Math.floor((java.lang.Math.random() * ((max - min) + 1))) + min): Text '6.0' is set on object 'Object Repository/MOH AND GRN/Page_KDMC - CMS/input_txtdeal'

2018-05-14 13:50:29 - [MESSAGE][PASSED] - Text '6.0' is set on object 'Object Repository/MOH AND GRN/Page_KDMC - CMS/input_txtdeal'

2018-05-14 13:50:29 - [TEST_STEP][PASSED] - setText: Finding Test Object with id 'Object Repository/MOH AND GRN/Page_KDMC - CMS/input_txtbatchno'

2018-05-14 13:50:29 - [TEST_STEP][PASSED] - Statement - switch (id): Finding Test Object with id 'Object Repository/MOH AND GRN/Page_KDMC - CMS/input_txtmrp'

2018-05-14 13:50:29 - [TEST_STEP][PASSED] - Statement - case 1:: Text 'BA827.0' is set on object 'Object Repository/MOH AND GRN/Page_KDMC - CMS/input_txtbatchno'

2018-05-14 13:50:29 - [TEST_STEP][PASSED] - Statement - return (java.lang.Math.floor((java.lang.Math.random() * ((max - min) + 1))) + min): Text 'BA827.0' is set on object 'Object Repository/MOH AND GRN/Page_KDMC - CMS/input_txtbatchno'

2018-05-14 13:50:29 - [MESSAGE][PASSED] - Text 'BA827.0' is set on object 'Object Repository/MOH AND GRN/Page_KDMC - CMS/input_txtbatchno'

2018-05-14 13:50:29 - [TEST_STEP][PASSED] - rightClick: Object: 'Object Repository/GRN/Page_KDMC - CMS/input_txtexpdate' is right clicked on

2018-05-14 13:50:29 - [MESSAGE][PASSED] - Object: 'Object Repository/GRN/Page_KDMC - CMS/input_txtexpdate' is right clicked on

2018-05-14 13:50:29 - [TEST_STEP][PASSED] - selectOptionByIndex: All options with index in [7] are selected on object 'Object Repository/GRN/Page_KDMC - CMS/select_20182019202020212022202'

2018-05-14 13:50:29 - [MESSAGE][PASSED] - All options with index in [7] are selected on object 'Object Repository/GRN/Page_KDMC - CMS/select_20182019202020212022202'

2018-05-14 13:50:29 - [TEST_STEP][PASSED] - selectOptionByIndex: All options with index in [7] are selected on object 'Object Repository/GRN/Page_KDMC - CMS/select_JanFebMarAprMayJunJulAu'

2018-05-14 13:50:29 - [MESSAGE][PASSED] - All options with index in [7] are selected on object 'Object Repository/GRN/Page_KDMC - CMS/select_JanFebMarAprMayJunJulAu'

2018-05-14 13:50:29 - [TEST_STEP][PASSED] - click: Object: 'Object Repository/MOH AND GRN/Page_KDMC - CMS/a_12' is clicked on

2018-05-14 13:50:29 - [MESSAGE][PASSED] - Object: 'Object Repository/MOH AND GRN/Page_KDMC - CMS/a_12' is clicked on

2018-05-14 13:50:29 - [TEST_STEP][PASSED] - click: Object: 'Object Repository/MOH AND GRN/Page_KDMC - CMS/input_btnadd' is clicked on

2018-05-14 13:50:30 - [MESSAGE][PASSED] - Object: 'Object Repository/MOH AND GRN/Page_KDMC - CMS/input_btnadd' is clicked on

2018-05-14 13:50:30 - [TEST_STEP][PASSED] - Statement - If (s == 10): null

2018-05-14 13:50:30 - [TEST_STEP][PASSED] - Statement - Else: null

2018-05-14 13:50:30 - [TEST_STEP][PASSED] - Statement - (s++): null

2018-05-14 13:50:30 - [TEST_STEP][PASSED] - delay: Delayed 1 second(s)

2018-05-14 13:50:31 - [MESSAGE][PASSED] - Delayed 1 second(s)

2018-05-14 13:50:31 - [TEST_STEP][PASSED] - selectOptionByIndex: All options with index in [8] are selected on object 'Object Repository/MOH AND GRN/Page_KDMC - CMS/select_--Select--Amikacin -500'

2018-05-14 13:50:31 - [MESSAGE][PASSED] - All options with index in [8] are selected on object 'Object Repository/MOH AND GRN/Page_KDMC - CMS/select_--Select--Amikacin -500'

2018-05-14 13:50:31 - [TEST_STEP][PASSED] - setText: Text '5000' is set on object 'Object Repository/MOH AND GRN/Page_KDMC - CMS/input_txtqty'

2018-05-14 13:50:31 - [MESSAGE][PASSED] - Text '5000' is set on object 'Object Repository/MOH AND GRN/Page_KDMC - CMS/input_txtqty'

2018-05-14 13:50:31 - [TEST_STEP][PASSED] - selectOptionByIndex: All options with index in [1] are selected on object 'Object Repository/MOH AND GRN/Page_KDMC - CMS/select_--Select--No Tax0'

2018-05-14 13:50:31 - [MESSAGE][PASSED] - All options with index in [1] are selected on object 'Object Repository/MOH AND GRN/Page_KDMC - CMS/select_--Select--No Tax0'

2018-05-14 13:50:31 - [TEST_STEP][PASSED] - setText: Finding Test Object with id 'Object Repository/MOH AND GRN/Page_KDMC - CMS/input_txtmrp'

2018-05-14 13:50:31 - [TEST_STEP][PASSED] - Statement - switch (id): Finding Test Object with id 'Object Repository/MOH AND GRN/Page_KDMC - CMS/input_txtdeal'

2018-05-14 13:50:31 - [TEST_STEP][PASSED] - Statement - case 4:: Text '45.0' is set on object 'Object Repository/MOH AND GRN/Page_KDMC - CMS/input_txtmrp'

2018-05-14 13:50:31 - [TEST_STEP][PASSED] - Statement - return (java.lang.Math.floor((java.lang.Math.random() * ((max - min) + 1))) + min): Text '45.0' is set on object 'Object Repository/MOH AND GRN/Page_KDMC - CMS/input_txtmrp'

2018-05-14 13:50:31 - [MESSAGE][PASSED] - Text '45.0' is set on object 'Object Repository/MOH AND GRN/Page_KDMC - CMS/input_txtmrp'

2018-05-14 13:50:31 - [TEST_STEP][PASSED] - setText: Finding Test Object with id 'Object Repository/MOH AND GRN/Page_KDMC - CMS/input_txtdeal'

2018-05-14 13:50:31 - [TEST_STEP][PASSED] - Statement - switch (id): Finding Test Object with id 'Object Repository/MOH AND GRN/Page_KDMC - CMS/input_txtbatchno'

2018-05-14 13:50:31 - [TEST_STEP][PASSED] - Statement - case 5:: Text '2.0' is set on object 'Object Repository/MOH AND GRN/Page_KDMC - CMS/input_txtdeal'

2018-05-14 13:50:31 - [TEST_STEP][PASSED] - Statement - return (java.lang.Math.floor((java.lang.Math.random() * ((max - min) + 1))) + min): Text '2.0' is set on object 'Object Repository/MOH AND GRN/Page_KDMC - CMS/input_txtdeal'

2018-05-14 13:50:31 - [MESSAGE][PASSED] - Text '2.0' is set on object 'Object Repository/MOH AND GRN/Page_KDMC - CMS/input_txtdeal'

2018-05-14 13:50:31 - [TEST_STEP][PASSED] - setText: Finding Test Object with id 'Object Repository/MOH AND GRN/Page_KDMC - CMS/input_txtbatchno'

2018-05-14 13:50:31 - [TEST_STEP][PASSED] - Statement - switch (id): Finding Test Object with id 'Object Repository/MOH AND GRN/Page_KDMC - CMS/input_txtmrp'

2018-05-14 13:50:31 - [TEST_STEP][PASSED] - Statement - case 1:: Text 'BA188.0' is set on object 'Object Repository/MOH AND GRN/Page_KDMC - CMS/input_txtbatchno'

2018-05-14 13:50:31 - [TEST_STEP][PASSED] - Statement - return (java.lang.Math.floor((java.lang.Math.random() * ((max - min) + 1))) + min): Text 'BA188.0' is set on object 'Object Repository/MOH AND GRN/Page_KDMC - CMS/input_txtbatchno'

2018-05-14 13:50:31 - [MESSAGE][PASSED] - Text 'BA188.0' is set on object 'Object Repository/MOH AND GRN/Page_KDMC - CMS/input_txtbatchno'

2018-05-14 13:50:31 - [TEST_STEP][PASSED] - rightClick: Object: 'Object Repository/GRN/Page_KDMC - CMS/input_txtexpdate' is right clicked on

2018-05-14 13:50:31 - [MESSAGE][PASSED] - Object: 'Object Repository/GRN/Page_KDMC - CMS/input_txtexpdate' is right clicked on

2018-05-14 13:50:31 - [TEST_STEP][PASSED] - selectOptionByIndex: All options with index in [8] are selected on object 'Object Repository/GRN/Page_KDMC - CMS/select_20182019202020212022202'

2018-05-14 13:50:32 - [MESSAGE][PASSED] - All options with index in [8] are selected on object 'Object Repository/GRN/Page_KDMC - CMS/select_20182019202020212022202'

2018-05-14 13:50:32 - [TEST_STEP][PASSED] - selectOptionByIndex: All options with index in [8] are selected on object 'Object Repository/GRN/Page_KDMC - CMS/select_JanFebMarAprMayJunJulAu'

2018-05-14 13:50:32 - [MESSAGE][PASSED] - All options with index in [8] are selected on object 'Object Repository/GRN/Page_KDMC - CMS/select_JanFebMarAprMayJunJulAu'

2018-05-14 13:50:32 - [TEST_STEP][PASSED] - click: Object: 'Object Repository/MOH AND GRN/Page_KDMC - CMS/a_12' is clicked on

2018-05-14 13:50:32 - [MESSAGE][PASSED] - Object: 'Object Repository/MOH AND GRN/Page_KDMC - CMS/a_12' is clicked on

2018-05-14 13:50:32 - [TEST_STEP][PASSED] - click: Object: 'Object Repository/MOH AND GRN/Page_KDMC - CMS/input_btnadd' is clicked on

2018-05-14 13:50:32 - [MESSAGE][PASSED] - Object: 'Object Repository/MOH AND GRN/Page_KDMC - CMS/input_btnadd' is clicked on

2018-05-14 13:50:32 - [TEST_STEP][PASSED] - Statement - If (s == 10): null

2018-05-14 13:50:32 - [TEST_STEP][PASSED] - Statement - Else: null

2018-05-14 13:50:32 - [TEST_STEP][PASSED] - Statement - (s++): null

2018-05-14 13:50:32 - [TEST_STEP][PASSED] - delay: Delayed 1 second(s)

2018-05-14 13:50:33 - [MESSAGE][PASSED] - Delayed 1 second(s)

2018-05-14 13:50:33 - [TEST_STEP][PASSED] - selectOptionByIndex: All options with index in [9] are selected on object 'Object Repository/MOH AND GRN/Page_KDMC - CMS/select_--Select--Amikacin -500'

2018-05-14 13:50:33 - [MESSAGE][PASSED] - All options with index in [9] are selected on object 'Object Repository/MOH AND GRN/Page_KDMC - CMS/select_--Select--Amikacin -500'

2018-05-14 13:50:33 - [TEST_STEP][PASSED] - setText: Text '5000' is set on object 'Object Repository/MOH AND GRN/Page_KDMC - CMS/input_txtqty'

2018-05-14 13:50:33 - [MESSAGE][PASSED] - Text '5000' is set on object 'Object Repository/MOH AND GRN/Page_KDMC - CMS/input_txtqty'

2018-05-14 13:50:33 - [TEST_STEP][PASSED] - selectOptionByIndex: All options with index in [1] are selected on object 'Object Repository/MOH AND GRN/Page_KDMC - CMS/select_--Select--No Tax0'

2018-05-14 13:50:33 - [MESSAGE][PASSED] - All options with index in [1] are selected on object 'Object Repository/MOH AND GRN/Page_KDMC - CMS/select_--Select--No Tax0'

2018-05-14 13:50:33 - [TEST_STEP][PASSED] - setText: Finding Test Object with id 'Object Repository/MOH AND GRN/Page_KDMC - CMS/input_txtmrp'

2018-05-14 13:50:33 - [TEST_STEP][PASSED] - Statement - switch (id): Finding Test Object with id 'Object Repository/MOH AND GRN/Page_KDMC - CMS/input_txtdeal'

2018-05-14 13:50:33 - [TEST_STEP][PASSED] - Statement - case 4:: Text '18.0' is set on object 'Object Repository/MOH AND GRN/Page_KDMC - CMS/input_txtmrp'

2018-05-14 13:50:33 - [TEST_STEP][PASSED] - Statement - return (java.lang.Math.floor((java.lang.Math.random() * ((max - min) + 1))) + min): Text '18.0' is set on object 'Object Repository/MOH AND GRN/Page_KDMC - CMS/input_txtmrp'

2018-05-14 13:50:34 - [MESSAGE][PASSED] - Text '18.0' is set on object 'Object Repository/MOH AND GRN/Page_KDMC - CMS/input_txtmrp'

2018-05-14 13:50:34 - [TEST_STEP][PASSED] - setText: Finding Test Object with id 'Object Repository/MOH AND GRN/Page_KDMC - CMS/input_txtdeal'

2018-05-14 13:50:34 - [TEST_STEP][PASSED] - Statement - switch (id): Finding Test Object with id 'Object Repository/MOH AND GRN/Page_KDMC - CMS/input_txtbatchno'

2018-05-14 13:50:34 - [TEST_STEP][PASSED] - Statement - case 5:: Text '11.0' is set on object 'Object Repository/MOH AND GRN/Page_KDMC - CMS/input_txtdeal'

2018-05-14 13:50:34 - [TEST_STEP][PASSED] - Statement - return (java.lang.Math.floor((java.lang.Math.random() * ((max - min) + 1))) + min): Text '11.0' is set on object 'Object Repository/MOH AND GRN/Page_KDMC - CMS/input_txtdeal'

2018-05-14 13:50:34 - [MESSAGE][PASSED] - Text '11.0' is set on object 'Object Repository/MOH AND GRN/Page_KDMC - CMS/input_txtdeal'

2018-05-14 13:50:34 - [TEST_STEP][PASSED] - setText: Finding Test Object with id 'Object Repository/MOH AND GRN/Page_KDMC - CMS/input_txtbatchno'

2018-05-14 13:50:34 - [TEST_STEP][PASSED] - Statement - switch (id): Finding Test Object with id 'Object Repository/MOH AND GRN/Page_KDMC - CMS/input_txtmrp'

2018-05-14 13:50:34 - [TEST_STEP][PASSED] - Statement - case 1:: Text 'BA312.0' is set on object 'Object Repository/MOH AND GRN/Page_KDMC - CMS/input_txtbatchno'

2018-05-14 13:50:34 - [TEST_STEP][PASSED] - Statement - return (java.lang.Math.floor((java.lang.Math.random() * ((max - min) + 1))) + min): Text 'BA312.0' is set on object 'Object Repository/MOH AND GRN/Page_KDMC - CMS/input_txtbatchno'

2018-05-14 13:50:34 - [MESSAGE][PASSED] - Text 'BA312.0' is set on object 'Object Repository/MOH AND GRN/Page_KDMC - CMS/input_txtbatchno'

2018-05-14 13:50:34 - [TEST_STEP][PASSED] - rightClick: Object: 'Object Repository/GRN/Page_KDMC - CMS/input_txtexpdate' is right clicked on

2018-05-14 13:50:34 - [MESSAGE][PASSED] - Object: 'Object Repository/GRN/Page_KDMC - CMS/input_txtexpdate' is right clicked on

2018-05-14 13:50:34 - [TEST_STEP][PASSED] - selectOptionByIndex: All options with index in [9] are selected on object 'Object Repository/GRN/Page_KDMC - CMS/select_20182019202020212022202'

2018-05-14 13:50:34 - [MESSAGE][PASSED] - All options with index in [9] are selected on object 'Object Repository/GRN/Page_KDMC - CMS/select_20182019202020212022202'

2018-05-14 13:50:34 - [TEST_STEP][PASSED] - selectOptionByIndex: All options with index in [9] are selected on object 'Object Repository/GRN/Page_KDMC - CMS/select_JanFebMarAprMayJunJulAu'

2018-05-14 13:50:34 - [MESSAGE][PASSED] - All options with index in [9] are selected on object 'Object Repository/GRN/Page_KDMC - CMS/select_JanFebMarAprMayJunJulAu'

2018-05-14 13:50:34 - [TEST_STEP][PASSED] - click: Object: 'Object Repository/MOH AND GRN/Page_KDMC - CMS/a_12' is clicked on

2018-05-14 13:50:34 - [MESSAGE][PASSED] - Object: 'Object Repository/MOH AND GRN/Page_KDMC - CMS/a_12' is clicked on

2018-05-14 13:50:34 - [TEST_STEP][PASSED] - click: Object: 'Object Repository/MOH AND GRN/Page_KDMC - CMS/input_btnadd' is clicked on

2018-05-14 13:50:35 - [MESSAGE][PASSED] - Object: 'Object Repository/MOH AND GRN/Page_KDMC - CMS/input_btnadd' is clicked on

2018-05-14 13:50:35 - [TEST_STEP][PASSED] - Statement - If (s == 10): null

2018-05-14 13:50:35 - [TEST_STEP][PASSED] - Statement - Else: null

2018-05-14 13:50:35 - [TEST_STEP][PASSED] - Statement - (s++): null

2018-05-14 13:50:35 - [TEST_STEP][PASSED] - delay: Delayed 1 second(s)

2018-05-14 13:50:36 - [MESSAGE][PASSED] - Delayed 1 second(s)

2018-05-14 13:50:36 - [TEST_STEP][PASSED] - selectOptionByIndex: All options with index in [10] are selected on object 'Object Repository/MOH AND GRN/Page_KDMC - CMS/select_--Select--Amikacin -500'

2018-05-14 13:50:36 - [MESSAGE][PASSED] - All options with index in [10] are selected on object 'Object Repository/MOH AND GRN/Page_KDMC - CMS/select_--Select--Amikacin -500'

2018-05-14 13:50:36 - [TEST_STEP][PASSED] - setText: Text '5000' is set on object 'Object Repository/MOH AND GRN/Page_KDMC - CMS/input_txtqty'

2018-05-14 13:50:36 - [MESSAGE][PASSED] - Text '5000' is set on object 'Object Repository/MOH AND GRN/Page_KDMC - CMS/input_txtqty'

2018-05-14 13:50:36 - [TEST_STEP][PASSED] - selectOptionByIndex: All options with index in [1] are selected on object 'Object Repository/MOH AND GRN/Page_KDMC - CMS/select_--Select--No Tax0'

2018-05-14 13:50:36 - [MESSAGE][PASSED] - All options with index in [1] are selected on object 'Object Repository/MOH AND GRN/Page_KDMC - CMS/select_--Select--No Tax0'

2018-05-14 13:50:36 - [TEST_STEP][PASSED] - setText: Finding Test Object with id 'Object Repository/MOH AND GRN/Page_KDMC - CMS/input_txtmrp'

2018-05-14 13:50:36 - [TEST_STEP][PASSED] - Statement - switch (id): Finding Test Object with id 'Object Repository/MOH AND GRN/Page_KDMC - CMS/input_txtdeal'

2018-05-14 13:50:36 - [TEST_STEP][PASSED] - Statement - case 4:: Text '21.0' is set on object 'Object Repository/MOH AND GRN/Page_KDMC - CMS/input_txtmrp'

2018-05-14 13:50:36 - [TEST_STEP][PASSED] - Statement - return (java.lang.Math.floor((java.lang.Math.random() * ((max - min) + 1))) + min): Text '21.0' is set on object 'Object Repository/MOH AND GRN/Page_KDMC - CMS/input_txtmrp'

2018-05-14 13:50:36 - [MESSAGE][PASSED] - Text '21.0' is set on object 'Object Repository/MOH AND GRN/Page_KDMC - CMS/input_txtmrp'

2018-05-14 13:50:36 - [TEST_STEP][PASSED] - setText: Finding Test Object with id 'Object Repository/MOH AND GRN/Page_KDMC - CMS/input_txtdeal'

2018-05-14 13:50:36 - [TEST_STEP][PASSED] - Statement - switch (id): Finding Test Object with id 'Object Repository/MOH AND GRN/Page_KDMC - CMS/input_txtbatchno'

2018-05-14 13:50:36 - [TEST_STEP][PASSED] - Statement - case 5:: Text '6.0' is set on object 'Object Repository/MOH AND GRN/Page_KDMC - CMS/input_txtdeal'

2018-05-14 13:50:36 - [TEST_STEP][PASSED] - Statement - return (java.lang.Math.floor((java.lang.Math.random() * ((max - min) + 1))) + min): Text '6.0' is set on object 'Object Repository/MOH AND GRN/Page_KDMC - CMS/input_txtdeal'

2018-05-14 13:50:36 - [MESSAGE][PASSED] - Text '6.0' is set on object 'Object Repository/MOH AND GRN/Page_KDMC - CMS/input_txtdeal'

2018-05-14 13:50:36 - [TEST_STEP][PASSED] - setText: Finding Test Object with id 'Object Repository/MOH AND GRN/Page_KDMC - CMS/input_txtbatchno'

2018-05-14 13:50:36 - [TEST_STEP][PASSED] - Statement - switch (id): Finding Test Object with id 'Object Repository/MOH AND GRN/Page_KDMC - CMS/input_txtmrp'

2018-05-14 13:50:36 - [TEST_STEP][PASSED] - Statement - case 1:: Text 'BA296.0' is set on object 'Object Repository/MOH AND GRN/Page_KDMC - CMS/input_txtbatchno'

2018-05-14 13:50:36 - [TEST_STEP][PASSED] - Statement - return (java.lang.Math.floor((java.lang.Math.random() * ((max - min) + 1))) + min): Text 'BA296.0' is set on object 'Object Repository/MOH AND GRN/Page_KDMC - CMS/input_txtbatchno'

2018-05-14 13:50:36 - [MESSAGE][PASSED] - Text 'BA296.0' is set on object 'Object Repository/MOH AND GRN/Page_KDMC - CMS/input_txtbatchno'

2018-05-14 13:50:36 - [TEST_STEP][PASSED] - rightClick: Object: 'Object Repository/GRN/Page_KDMC - CMS/input_txtexpdate' is right clicked on

2018-05-14 13:50:36 - [MESSAGE][PASSED] - Object: 'Object Repository/GRN/Page_KDMC - CMS/input_txtexpdate' is right clicked on

2018-05-14 13:50:36 - [TEST_STEP][PASSED] - selectOptionByIndex: All options with index in [10] are selected on object 'Object Repository/GRN/Page_KDMC - CMS/select_20182019202020212022202'

2018-05-14 13:50:37 - [MESSAGE][PASSED] - All options with index in [10] are selected on object 'Object Repository/GRN/Page_KDMC - CMS/select_20182019202020212022202'

2018-05-14 13:50:37 - [TEST_STEP][PASSED] - selectOptionByIndex: All options with index in [10] are selected on object 'Object Repository/GRN/Page_KDMC - CMS/select_JanFebMarAprMayJunJulAu'

2018-05-14 13:50:37 - [MESSAGE][PASSED] - All options with index in [10] are selected on object 'Object Repository/GRN/Page_KDMC - CMS/select_JanFebMarAprMayJunJulAu'

2018-05-14 13:50:37 - [TEST_STEP][PASSED] - click: Object: 'Object Repository/MOH AND GRN/Page_KDMC - CMS/a_12' is clicked on

2018-05-14 13:50:37 - [MESSAGE][PASSED] - Object: 'Object Repository/MOH AND GRN/Page_KDMC - CMS/a_12' is clicked on

2018-05-14 13:50:37 - [TEST_STEP][PASSED] - click: Object: 'Object Repository/MOH AND GRN/Page_KDMC - CMS/input_btnadd' is clicked on

2018-05-14 13:50:37 - [MESSAGE][PASSED] - Object: 'Object Repository/MOH AND GRN/Page_KDMC - CMS/input_btnadd' is clicked on

2018-05-14 13:50:37 - [TEST_STEP][PASSED] - Statement - If (s == 10): null

2018-05-14 13:50:37 - [TEST_STEP][PASSED] - Statement - s = 1: null

2018-05-14 13:50:37 - [TEST_STEP][PASSED] - delay: Delayed 1 second(s)

2018-05-14 13:50:38 - [MESSAGE][PASSED] - Delayed 1 second(s)

2018-05-14 13:50:38 - [TEST_STEP][PASSED] - selectOptionByIndex: All options with index in [11] are selected on object 'Object Repository/MOH AND GRN/Page_KDMC - CMS/select_--Select--Amikacin -500'

2018-05-14 13:50:38 - [MESSAGE][PASSED] - All options with index in [11] are selected on object 'Object Repository/MOH AND GRN/Page_KDMC - CMS/select_--Select--Amikacin -500'

2018-05-14 13:50:38 - [TEST_STEP][PASSED] - setText: Text '5000' is set on object 'Object Repository/MOH AND GRN/Page_KDMC - CMS/input_txtqty'

2018-05-14 13:50:38 - [MESSAGE][PASSED] - Text '5000' is set on object 'Object Repository/MOH AND GRN/Page_KDMC - CMS/input_txtqty'

2018-05-14 13:50:38 - [TEST_STEP][PASSED] - selectOptionByIndex: All options with index in [1] are selected on object 'Object Repository/MOH AND GRN/Page_KDMC - CMS/select_--Select--No Tax0'

2018-05-14 13:50:39 - [MESSAGE][PASSED] - All options with index in [1] are selected on object 'Object Repository/MOH AND GRN/Page_KDMC - CMS/select_--Select--No Tax0'

2018-05-14 13:50:39 - [TEST_STEP][PASSED] - setText: Finding Test Object with id 'Object Repository/MOH AND GRN/Page_KDMC - CMS/input_txtmrp'

2018-05-14 13:50:39 - [TEST_STEP][PASSED] - Statement - switch (id): Finding Test Object with id 'Object Repository/MOH AND GRN/Page_KDMC - CMS/input_txtdeal'

2018-05-14 13:50:39 - [TEST_STEP][PASSED] - Statement - case 4:: Text '27.0' is set on object 'Object Repository/MOH AND GRN/Page_KDMC - CMS/input_txtmrp'

2018-05-14 13:50:39 - [TEST_STEP][PASSED] - Statement - return (java.lang.Math.floor((java.lang.Math.random() * ((max - min) + 1))) + min): Text '27.0' is set on object 'Object Repository/MOH AND GRN/Page_KDMC - CMS/input_txtmrp'

2018-05-14 13:50:39 - [MESSAGE][PASSED] - Text '27.0' is set on object 'Object Repository/MOH AND GRN/Page_KDMC - CMS/input_txtmrp'

2018-05-14 13:50:39 - [TEST_STEP][PASSED] - setText: Finding Test Object with id 'Object Repository/MOH AND GRN/Page_KDMC - CMS/input_txtdeal'

2018-05-14 13:50:39 - [TEST_STEP][PASSED] - Statement - switch (id): Finding Test Object with id 'Object Repository/MOH AND GRN/Page_KDMC - CMS/input_txtbatchno'

2018-05-14 13:50:39 - [TEST_STEP][PASSED] - Statement - case 5:: Text '9.0' is set on object 'Object Repository/MOH AND GRN/Page_KDMC - CMS/input_txtdeal'

2018-05-14 13:50:39 - [TEST_STEP][PASSED] - Statement - return (java.lang.Math.floor((java.lang.Math.random() * ((max - min) + 1))) + min): Text '9.0' is set on object 'Object Repository/MOH AND GRN/Page_KDMC - CMS/input_txtdeal'

2018-05-14 13:50:39 - [MESSAGE][PASSED] - Text '9.0' is set on object 'Object Repository/MOH AND GRN/Page_KDMC - CMS/input_txtdeal'

2018-05-14 13:50:39 - [TEST_STEP][PASSED] - setText: Finding Test Object with id 'Object Repository/MOH AND GRN/Page_KDMC - CMS/input_txtbatchno'

2018-05-14 13:50:39 - [TEST_STEP][PASSED] - Statement - switch (id): Finding Test Object with id 'Object Repository/MOH AND GRN/Page_KDMC - CMS/input_txtmrp'

2018-05-14 13:50:39 - [TEST_STEP][PASSED] - Statement - case 1:: Text 'BA16.0' is set on object 'Object Repository/MOH AND GRN/Page_KDMC - CMS/input_txtbatchno'

2018-05-14 13:50:39 - [TEST_STEP][PASSED] - Statement - return (java.lang.Math.floor((java.lang.Math.random() * ((max - min) + 1))) + min): Text 'BA16.0' is set on object 'Object Repository/MOH AND GRN/Page_KDMC - CMS/input_txtbatchno'

2018-05-14 13:50:39 - [MESSAGE][PASSED] - Text 'BA16.0' is set on object 'Object Repository/MOH AND GRN/Page_KDMC - CMS/input_txtbatchno'

2018-05-14 13:50:39 - [TEST_STEP][PASSED] - rightClick: Object: 'Object Repository/GRN/Page_KDMC - CMS/input_txtexpdate' is right clicked on

2018-05-14 13:50:39 - [MESSAGE][PASSED] - Object: 'Object Repository/GRN/Page_KDMC - CMS/input_txtexpdate' is right clicked on

2018-05-14 13:50:39 - [TEST_STEP][PASSED] - selectOptionByIndex: All options with index in [1] are selected on object 'Object Repository/GRN/Page_KDMC - CMS/select_20182019202020212022202'

2018-05-14 13:50:39 - [MESSAGE][PASSED] - All options with index in [1] are selected on object 'Object Repository/GRN/Page_KDMC - CMS/select_20182019202020212022202'

2018-05-14 13:50:39 - [TEST_STEP][PASSED] - selectOptionByIndex: All options with index in [1] are selected on object 'Object Repository/GRN/Page_KDMC - CMS/select_JanFebMarAprMayJunJulAu'

2018-05-14 13:50:39 - [MESSAGE][PASSED] - All options with index in [1] are selected on object 'Object Repository/GRN/Page_KDMC - CMS/select_JanFebMarAprMayJunJulAu'

2018-05-14 13:50:39 - [TEST_STEP][PASSED] - click: Object: 'Object Repository/MOH AND GRN/Page_KDMC - CMS/a_12' is clicked on

2018-05-14 13:50:39 - [MESSAGE][PASSED] - Object: 'Object Repository/MOH AND GRN/Page_KDMC - CMS/a_12' is clicked on

2018-05-14 13:50:39 - [TEST_STEP][PASSED] - click: Object: 'Object Repository/MOH AND GRN/Page_KDMC - CMS/input_btnadd' is clicked on

2018-05-14 13:50:39 - [MESSAGE][PASSED] - Object: 'Object Repository/MOH AND GRN/Page_KDMC - CMS/input_btnadd' is clicked on

2018-05-14 13:50:39 - [TEST_STEP][PASSED] - Statement - If (s == 10): null

2018-05-14 13:50:39 - [TEST_STEP][PASSED] - Statement - Else: null

2018-05-14 13:50:39 - [TEST_STEP][PASSED] - Statement - (s++): null

2018-05-14 13:50:39 - [TEST_STEP][PASSED] - delay: Delayed 1 second(s)

2018-05-14 13:50:40 - [MESSAGE][PASSED] - Delayed 1 second(s)

2018-05-14 13:50:40 - [TEST_STEP][PASSED] - selectOptionByIndex: All options with index in [12] are selected on object 'Object Repository/MOH AND GRN/Page_KDMC - CMS/select_--Select--Amikacin -500'

2018-05-14 13:50:41 - [MESSAGE][PASSED] - All options with index in [12] are selected on object 'Object Repository/MOH AND GRN/Page_KDMC - CMS/select_--Select--Amikacin -500'

2018-05-14 13:50:41 - [TEST_STEP][PASSED] - setText: Text '5000' is set on object 'Object Repository/MOH AND GRN/Page_KDMC - CMS/input_txtqty'

2018-05-14 13:50:41 - [MESSAGE][PASSED] - Text '5000' is set on object 'Object Repository/MOH AND GRN/Page_KDMC - CMS/input_txtqty'

2018-05-14 13:50:41 - [TEST_STEP][PASSED] - selectOptionByIndex: All options with index in [1] are selected on object 'Object Repository/MOH AND GRN/Page_KDMC - CMS/select_--Select--No Tax0'

2018-05-14 13:50:41 - [MESSAGE][PASSED] - All options with index in [1] are selected on object 'Object Repository/MOH AND GRN/Page_KDMC - CMS/select_--Select--No Tax0'

2018-05-14 13:50:41 - [TEST_STEP][PASSED] - setText: Finding Test Object with id 'Object Repository/MOH AND GRN/Page_KDMC - CMS/input_txtmrp'

2018-05-14 13:50:41 - [TEST_STEP][PASSED] - Statement - switch (id): Finding Test Object with id 'Object Repository/MOH AND GRN/Page_KDMC - CMS/input_txtdeal'

2018-05-14 13:50:41 - [TEST_STEP][PASSED] - Statement - case 4:: Text '39.0' is set on object 'Object Repository/MOH AND GRN/Page_KDMC - CMS/input_txtmrp'

2018-05-14 13:50:41 - [TEST_STEP][PASSED] - Statement - return (java.lang.Math.floor((java.lang.Math.random() * ((max - min) + 1))) + min): Text '39.0' is set on object 'Object Repository/MOH AND GRN/Page_KDMC - CMS/input_txtmrp'

2018-05-14 13:50:41 - [MESSAGE][PASSED] - Text '39.0' is set on object 'Object Repository/MOH AND GRN/Page_KDMC - CMS/input_txtmrp'

2018-05-14 13:50:41 - [TEST_STEP][PASSED] - setText: Finding Test Object with id 'Object Repository/MOH AND GRN/Page_KDMC - CMS/input_txtdeal'

2018-05-14 13:50:41 - [TEST_STEP][PASSED] - Statement - switch (id): Finding Test Object with id 'Object Repository/MOH AND GRN/Page_KDMC - CMS/input_txtbatchno'

2018-05-14 13:50:41 - [TEST_STEP][PASSED] - Statement - case 5:: Text '11.0' is set on object 'Object Repository/MOH AND GRN/Page_KDMC - CMS/input_txtdeal'

2018-05-14 13:50:41 - [TEST_STEP][PASSED] - Statement - return (java.lang.Math.floor((java.lang.Math.random() * ((max - min) + 1))) + min): Text '11.0' is set on object 'Object Repository/MOH AND GRN/Page_KDMC - CMS/input_txtdeal'

2018-05-14 13:50:41 - [MESSAGE][PASSED] - Text '11.0' is set on object 'Object Repository/MOH AND GRN/Page_KDMC - CMS/input_txtdeal'

2018-05-14 13:50:41 - [TEST_STEP][PASSED] - setText: Finding Test Object with id 'Object Repository/MOH AND GRN/Page_KDMC - CMS/input_txtbatchno'

2018-05-14 13:50:41 - [TEST_STEP][PASSED] - Statement - switch (id): Finding Test Object with id 'Object Repository/MOH AND GRN/Page_KDMC - CMS/input_txtmrp'

2018-05-14 13:50:41 - [TEST_STEP][PASSED] - Statement - case 1:: Text 'BA335.0' is set on object 'Object Repository/MOH AND GRN/Page_KDMC - CMS/input_txtbatchno'

2018-05-14 13:50:41 - [TEST_STEP][PASSED] - Statement - return (java.lang.Math.floor((java.lang.Math.random() * ((max - min) + 1))) + min): Text 'BA335.0' is set on object 'Object Repository/MOH AND GRN/Page_KDMC - CMS/input_txtbatchno'

2018-05-14 13:50:41 - [MESSAGE][PASSED] - Text 'BA335.0' is set on object 'Object Repository/MOH AND GRN/Page_KDMC - CMS/input_txtbatchno'

2018-05-14 13:50:41 - [TEST_STEP][PASSED] - rightClick: Object: 'Object Repository/GRN/Page_KDMC - CMS/input_txtexpdate' is right clicked on

2018-05-14 13:50:41 - [MESSAGE][PASSED] - Object: 'Object Repository/GRN/Page_KDMC - CMS/input_txtexpdate' is right clicked on

2018-05-14 13:50:41 - [TEST_STEP][PASSED] - selectOptionByIndex: All options with index in [2] are selected on object 'Object Repository/GRN/Page_KDMC - CMS/select_20182019202020212022202'

2018-05-14 13:50:41 - [MESSAGE][PASSED] - All options with index in [2] are selected on object 'Object Repository/GRN/Page_KDMC - CMS/select_20182019202020212022202'

2018-05-14 13:50:41 - [TEST_STEP][PASSED] - selectOptionByIndex: All options with index in [2] are selected on object 'Object Repository/GRN/Page_KDMC - CMS/select_JanFebMarAprMayJunJulAu'

2018-05-14 13:50:42 - [MESSAGE][PASSED] - All options with index in [2] are selected on object 'Object Repository/GRN/Page_KDMC - CMS/select_JanFebMarAprMayJunJulAu'

2018-05-14 13:50:42 - [TEST_STEP][PASSED] - click: Object: 'Object Repository/MOH AND GRN/Page_KDMC - CMS/a_12' is clicked on

2018-05-14 13:50:42 - [MESSAGE][PASSED] - Object: 'Object Repository/MOH AND GRN/Page_KDMC - CMS/a_12' is clicked on

2018-05-14 13:50:42 - [TEST_STEP][PASSED] - click: Object: 'Object Repository/MOH AND GRN/Page_KDMC - CMS/input_btnadd' is clicked on

2018-05-14 13:50:42 - [MESSAGE][PASSED] - Object: 'Object Repository/MOH AND GRN/Page_KDMC - CMS/input_btnadd' is clicked on

2018-05-14 13:50:42 - [TEST_STEP][PASSED] - Statement - If (s == 10): null

2018-05-14 13:50:42 - [TEST_STEP][PASSED] - Statement - Else: null

2018-05-14 13:50:42 - [TEST_STEP][PASSED] - Statement - (s++): null

2018-05-14 13:50:42 - [TEST_STEP][PASSED] - delay: Delayed 1 second(s)

2018-05-14 13:50:43 - [MESSAGE][PASSED] - Delayed 1 second(s)

2018-05-14 13:50:43 - [TEST_STEP][PASSED] - selectOptionByIndex: All options with index in [13] are selected on object 'Object Repository/MOH AND GRN/Page_KDMC - CMS/select_--Select--Amikacin -500'

2018-05-14 13:50:43 - [MESSAGE][PASSED] - All options with index in [13] are selected on object 'Object Repository/MOH AND GRN/Page_KDMC - CMS/select_--Select--Amikacin -500'

2018-05-14 13:50:43 - [TEST_STEP][PASSED] - setText: Text '5000' is set on object 'Object Repository/MOH AND GRN/Page_KDMC - CMS/input_txtqty'

2018-05-14 13:50:43 - [MESSAGE][PASSED] - Text '5000' is set on object 'Object Repository/MOH AND GRN/Page_KDMC - CMS/input_txtqty'

2018-05-14 13:50:43 - [TEST_STEP][PASSED] - selectOptionByIndex: All options with index in [1] are selected on object 'Object Repository/MOH AND GRN/Page_KDMC - CMS/select_--Select--No Tax0'

2018-05-14 13:50:43 - [MESSAGE][PASSED] - All options with index in [1] are selected on object 'Object Repository/MOH AND GRN/Page_KDMC - CMS/select_--Select--No Tax0'

2018-05-14 13:50:43 - [TEST_STEP][PASSED] - setText: Finding Test Object with id 'Object Repository/MOH AND GRN/Page_KDMC - CMS/input_txtmrp'

2018-05-14 13:50:43 - [TEST_STEP][PASSED] - Statement - switch (id): Finding Test Object with id 'Object Repository/MOH AND GRN/Page_KDMC - CMS/input_txtdeal'

2018-05-14 13:50:43 - [TEST_STEP][PASSED] - Statement - case 4:: Text '27.0' is set on object 'Object Repository/MOH AND GRN/Page_KDMC - CMS/input_txtmrp'

2018-05-14 13:50:43 - [TEST_STEP][PASSED] - Statement - return (java.lang.Math.floor((java.lang.Math.random() * ((max - min) + 1))) + min): Text '27.0' is set on object 'Object Repository/MOH AND GRN/Page_KDMC - CMS/input_txtmrp'

2018-05-14 13:50:43 - [MESSAGE][PASSED] - Text '27.0' is set on object 'Object Repository/MOH AND GRN/Page_KDMC - CMS/input_txtmrp'

2018-05-14 13:50:43 - [TEST_STEP][PASSED] - setText: Finding Test Object with id 'Object Repository/MOH AND GRN/Page_KDMC - CMS/input_txtdeal'

2018-05-14 13:50:43 - [TEST_STEP][PASSED] - Statement - switch (id): Finding Test Object with id 'Object Repository/MOH AND GRN/Page_KDMC - CMS/input_txtbatchno'

2018-05-14 13:50:43 - [TEST_STEP][PASSED] - Statement - case 5:: Text '7.0' is set on object 'Object Repository/MOH AND GRN/Page_KDMC - CMS/input_txtdeal'

2018-05-14 13:50:43 - [TEST_STEP][PASSED] - Statement - return (java.lang.Math.floor((java.lang.Math.random() * ((max - min) + 1))) + min): Text '7.0' is set on object 'Object Repository/MOH AND GRN/Page_KDMC - CMS/input_txtdeal'

2018-05-14 13:50:43 - [MESSAGE][PASSED] - Text '7.0' is set on object 'Object Repository/MOH AND GRN/Page_KDMC - CMS/input_txtdeal'

2018-05-14 13:50:43 - [TEST_STEP][PASSED] - setText: Finding Test Object with id 'Object Repository/MOH AND GRN/Page_KDMC - CMS/input_txtbatchno'

2018-05-14 13:50:43 - [TEST_STEP][PASSED] - Statement - switch (id): Finding Test Object with id 'Object Repository/MOH AND GRN/Page_KDMC - CMS/input_txtmrp'

2018-05-14 13:50:43 - [TEST_STEP][PASSED] - Statement - case 1:: Text 'BA787.0' is set on object 'Object Repository/MOH AND GRN/Page_KDMC - CMS/input_txtbatchno'

2018-05-14 13:50:43 - [TEST_STEP][PASSED] - Statement - return (java.lang.Math.floor((java.lang.Math.random() * ((max - min) + 1))) + min): Text 'BA787.0' is set on object 'Object Repository/MOH AND GRN/Page_KDMC - CMS/input_txtbatchno'

2018-05-14 13:50:44 - [MESSAGE][PASSED] - Text 'BA787.0' is set on object 'Object Repository/MOH AND GRN/Page_KDMC - CMS/input_txtbatchno'

2018-05-14 13:50:44 - [TEST_STEP][PASSED] - rightClick: Object: 'Object Repository/GRN/Page_KDMC - CMS/input_txtexpdate' is right clicked on

2018-05-14 13:50:44 - [MESSAGE][PASSED] - Object: 'Object Repository/GRN/Page_KDMC - CMS/input_txtexpdate' is right clicked on

2018-05-14 13:50:44 - [TEST_STEP][PASSED] - selectOptionByIndex: All options with index in [3] are selected on object 'Object Repository/GRN/Page_KDMC - CMS/select_20182019202020212022202'

2018-05-14 13:50:44 - [MESSAGE][PASSED] - All options with index in [3] are selected on object 'Object Repository/GRN/Page_KDMC - CMS/select_20182019202020212022202'

2018-05-14 13:50:44 - [TEST_STEP][PASSED] - selectOptionByIndex: All options with index in [3] are selected on object 'Object Repository/GRN/Page_KDMC - CMS/select_JanFebMarAprMayJunJulAu'

2018-05-14 13:50:44 - [MESSAGE][PASSED] - All options with index in [3] are selected on object 'Object Repository/GRN/Page_KDMC - CMS/select_JanFebMarAprMayJunJulAu'

2018-05-14 13:50:44 - [TEST_STEP][PASSED] - click: Object: 'Object Repository/MOH AND GRN/Page_KDMC - CMS/a_12' is clicked on

2018-05-14 13:50:44 - [MESSAGE][PASSED] - Object: 'Object Repository/MOH AND GRN/Page_KDMC - CMS/a_12' is clicked on

2018-05-14 13:50:44 - [TEST_STEP][PASSED] - click: Object: 'Object Repository/MOH AND GRN/Page_KDMC - CMS/input_btnadd' is clicked on

2018-05-14 13:50:44 - [MESSAGE][PASSED] - Object: 'Object Repository/MOH AND GRN/Page_KDMC - CMS/input_btnadd' is clicked on

2018-05-14 13:50:44 - [TEST_STEP][PASSED] - Statement - If (s == 10): null

2018-05-14 13:50:44 - [TEST_STEP][PASSED] - Statement - Else: null

2018-05-14 13:50:44 - [TEST_STEP][PASSED] - Statement - (s++): null

2018-05-14 13:50:44 - [TEST_STEP][PASSED] - delay: Delayed 1 second(s)

2018-05-14 13:50:45 - [MESSAGE][PASSED] - Delayed 1 second(s)

2018-05-14 13:50:45 - [TEST_STEP][PASSED] - selectOptionByIndex: All options with index in [14] are selected on object 'Object Repository/MOH AND GRN/Page_KDMC - CMS/select_--Select--Amikacin -500'

2018-05-14 13:50:45 - [MESSAGE][PASSED] - All options with index in [14] are selected on object 'Object Repository/MOH AND GRN/Page_KDMC - CMS/select_--Select--Amikacin -500'

2018-05-14 13:50:45 - [TEST_STEP][PASSED] - setText: Text '5000' is set on object 'Object Repository/MOH AND GRN/Page_KDMC - CMS/input_txtqty'

2018-05-14 13:50:46 - [MESSAGE][PASSED] - Text '5000' is set on object 'Object Repository/MOH AND GRN/Page_KDMC - CMS/input_txtqty'

2018-05-14 13:50:46 - [TEST_STEP][PASSED] - selectOptionByIndex: All options with index in [1] are selected on object 'Object Repository/MOH AND GRN/Page_KDMC - CMS/select_--Select--No Tax0'

2018-05-14 13:50:46 - [MESSAGE][PASSED] - All options with index in [1] are selected on object 'Object Repository/MOH AND GRN/Page_KDMC - CMS/select_--Select--No Tax0'

2018-05-14 13:50:46 - [TEST_STEP][PASSED] - setText: Finding Test Object with id 'Object Repository/MOH AND GRN/Page_KDMC - CMS/input_txtmrp'

2018-05-14 13:50:46 - [TEST_STEP][PASSED] - Statement - switch (id): Finding Test Object with id 'Object Repository/MOH AND GRN/Page_KDMC - CMS/input_txtdeal'

2018-05-14 13:50:46 - [TEST_STEP][PASSED] - Statement - case 4:: Text '44.0' is set on object 'Object Repository/MOH AND GRN/Page_KDMC - CMS/input_txtmrp'

2018-05-14 13:50:46 - [TEST_STEP][PASSED] - Statement - return (java.lang.Math.floor((java.lang.Math.random() * ((max - min) + 1))) + min): Text '44.0' is set on object 'Object Repository/MOH AND GRN/Page_KDMC - CMS/input_txtmrp'

2018-05-14 13:50:46 - [MESSAGE][PASSED] - Text '44.0' is set on object 'Object Repository/MOH AND GRN/Page_KDMC - CMS/input_txtmrp'

2018-05-14 13:50:46 - [TEST_STEP][PASSED] - setText: Finding Test Object with id 'Object Repository/MOH AND GRN/Page_KDMC - CMS/input_txtdeal'

2018-05-14 13:50:46 - [TEST_STEP][PASSED] - Statement - switch (id): Finding Test Object with id 'Object Repository/MOH AND GRN/Page_KDMC - CMS/input_txtbatchno'

2018-05-14 13:50:46 - [TEST_STEP][PASSED] - Statement - case 5:: Text '11.0' is set on object 'Object Repository/MOH AND GRN/Page_KDMC - CMS/input_txtdeal'

2018-05-14 13:50:46 - [TEST_STEP][PASSED] - Statement - return (java.lang.Math.floor((java.lang.Math.random() * ((max - min) + 1))) + min): Text '11.0' is set on object 'Object Repository/MOH AND GRN/Page_KDMC - CMS/input_txtdeal'

2018-05-14 13:50:46 - [MESSAGE][PASSED] - Text '11.0' is set on object 'Object Repository/MOH AND GRN/Page_KDMC - CMS/input_txtdeal'

2018-05-14 13:50:46 - [TEST_STEP][PASSED] - setText: Finding Test Object with id 'Object Repository/MOH AND GRN/Page_KDMC - CMS/input_txtbatchno'

2018-05-14 13:50:46 - [TEST_STEP][PASSED] - Statement - switch (id): Finding Test Object with id 'Object Repository/MOH AND GRN/Page_KDMC - CMS/input_txtmrp'

2018-05-14 13:50:46 - [TEST_STEP][PASSED] - Statement - case 1:: Text 'BA27.0' is set on object 'Object Repository/MOH AND GRN/Page_KDMC - CMS/input_txtbatchno'

2018-05-14 13:50:46 - [TEST_STEP][PASSED] - Statement - return (java.lang.Math.floor((java.lang.Math.random() * ((max - min) + 1))) + min): Text 'BA27.0' is set on object 'Object Repository/MOH AND GRN/Page_KDMC - CMS/input_txtbatchno'

2018-05-14 13:50:46 - [MESSAGE][PASSED] - Text 'BA27.0' is set on object 'Object Repository/MOH AND GRN/Page_KDMC - CMS/input_txtbatchno'

2018-05-14 13:50:46 - [TEST_STEP][PASSED] - rightClick: Object: 'Object Repository/GRN/Page_KDMC - CMS/input_txtexpdate' is right clicked on

2018-05-14 13:50:46 - [MESSAGE][PASSED] - Object: 'Object Repository/GRN/Page_KDMC - CMS/input_txtexpdate' is right clicked on

2018-05-14 13:50:46 - [TEST_STEP][PASSED] - selectOptionByIndex: All options with index in [4] are selected on object 'Object Repository/GRN/Page_KDMC - CMS/select_20182019202020212022202'

2018-05-14 13:50:46 - [MESSAGE][PASSED] - All options with index in [4] are selected on object 'Object Repository/GRN/Page_KDMC - CMS/select_20182019202020212022202'

2018-05-14 13:50:46 - [TEST_STEP][PASSED] - selectOptionByIndex: All options with index in [4] are selected on object 'Object Repository/GRN/Page_KDMC - CMS/select_JanFebMarAprMayJunJulAu'

2018-05-14 13:50:47 - [MESSAGE][PASSED] - All options with index in [4] are selected on object 'Object Repository/GRN/Page_KDMC - CMS/select_JanFebMarAprMayJunJulAu'

2018-05-14 13:50:47 - [TEST_STEP][PASSED] - click: Object: 'Object Repository/MOH AND GRN/Page_KDMC - CMS/a_12' is clicked on

2018-05-14 13:50:47 - [MESSAGE][PASSED] - Object: 'Object Repository/MOH AND GRN/Page_KDMC - CMS/a_12' is clicked on

2018-05-14 13:50:47 - [TEST_STEP][PASSED] - click: Object: 'Object Repository/MOH AND GRN/Page_KDMC - CMS/input_btnadd' is clicked on

2018-05-14 13:50:47 - [MESSAGE][PASSED] - Object: 'Object Repository/MOH AND GRN/Page_KDMC - CMS/input_btnadd' is clicked on

2018-05-14 13:50:47 - [TEST_STEP][PASSED] - Statement - If (s == 10): null

2018-05-14 13:50:47 - [TEST_STEP][PASSED] - Statement - Else: null

2018-05-14 13:50:47 - [TEST_STEP][PASSED] - Statement - (s++): null

2018-05-14 13:50:47 - [TEST_STEP][PASSED] - delay: Delayed 1 second(s)

2018-05-14 13:50:48 - [MESSAGE][PASSED] - Delayed 1 second(s)

2018-05-14 13:50:48 - [TEST_STEP][PASSED] - selectOptionByIndex: All options with index in [15] are selected on object 'Object Repository/MOH AND GRN/Page_KDMC - CMS/select_--Select--Amikacin -500'

2018-05-14 13:50:48 - [MESSAGE][PASSED] - All options with index in [15] are selected on object 'Object Repository/MOH AND GRN/Page_KDMC - CMS/select_--Select--Amikacin -500'

2018-05-14 13:50:48 - [TEST_STEP][PASSED] - setText: Text '5000' is set on object 'Object Repository/MOH AND GRN/Page_KDMC - CMS/input_txtqty'

2018-05-14 13:50:48 - [MESSAGE][PASSED] - Text '5000' is set on object 'Object Repository/MOH AND GRN/Page_KDMC - CMS/input_txtqty'

2018-05-14 13:50:48 - [TEST_STEP][PASSED] - selectOptionByIndex: All options with index in [1] are selected on object 'Object Repository/MOH AND GRN/Page_KDMC - CMS/select_--Select--No Tax0'

2018-05-14 13:50:48 - [MESSAGE][PASSED] - All options with index in [1] are selected on object 'Object Repository/MOH AND GRN/Page_KDMC - CMS/select_--Select--No Tax0'

2018-05-14 13:50:48 - [TEST_STEP][PASSED] - setText: Finding Test Object with id 'Object Repository/MOH AND GRN/Page_KDMC - CMS/input_txtmrp'

2018-05-14 13:50:48 - [TEST_STEP][PASSED] - Statement - switch (id): Finding Test Object with id 'Object Repository/MOH AND GRN/Page_KDMC - CMS/input_txtdeal'

2018-05-14 13:50:48 - [TEST_STEP][PASSED] - Statement - case 4:: Text '36.0' is set on object 'Object Repository/MOH AND GRN/Page_KDMC - CMS/input_txtmrp'

2018-05-14 13:50:48 - [TEST_STEP][PASSED] - Statement - return (java.lang.Math.floor((java.lang.Math.random() * ((max - min) + 1))) + min): Text '36.0' is set on object 'Object Repository/MOH AND GRN/Page_KDMC - CMS/input_txtmrp'

2018-05-14 13:50:48 - [MESSAGE][PASSED] - Text '36.0' is set on object 'Object Repository/MOH AND GRN/Page_KDMC - CMS/input_txtmrp'

2018-05-14 13:50:48 - [TEST_STEP][PASSED] - setText: Finding Test Object with id 'Object Repository/MOH AND GRN/Page_KDMC - CMS/input_txtdeal'

2018-05-14 13:50:48 - [TEST_STEP][PASSED] - Statement - switch (id): Finding Test Object with id 'Object Repository/MOH AND GRN/Page_KDMC - CMS/input_txtbatchno'

2018-05-14 13:50:48 - [TEST_STEP][PASSED] - Statement - case 5:: Text '1.0' is set on object 'Object Repository/MOH AND GRN/Page_KDMC - CMS/input_txtdeal'

2018-05-14 13:50:48 - [TEST_STEP][PASSED] - Statement - return (java.lang.Math.floor((java.lang.Math.random() * ((max - min) + 1))) + min): Text '1.0' is set on object 'Object Repository/MOH AND GRN/Page_KDMC - CMS/input_txtdeal'

2018-05-14 13:50:48 - [MESSAGE][PASSED] - Text '1.0' is set on object 'Object Repository/MOH AND GRN/Page_KDMC - CMS/input_txtdeal'

2018-05-14 13:50:48 - [TEST_STEP][PASSED] - setText: Finding Test Object with id 'Object Repository/MOH AND GRN/Page_KDMC - CMS/input_txtbatchno'

2018-05-14 13:50:48 - [TEST_STEP][PASSED] - Statement - switch (id): Delayed 1 second(s)

2018-05-14 13:50:48 - [TEST_STEP][PASSED] - Statement - case 1:: Text 'BA504.0' is set on object 'Object Repository/MOH AND GRN/Page_KDMC - CMS/input_txtbatchno'

2018-05-14 13:50:48 - [TEST_STEP][PASSED] - Statement - return (java.lang.Math.floor((java.lang.Math.random() * ((max - min) + 1))) + min): Text 'BA504.0' is set on object 'Object Repository/MOH AND GRN/Page_KDMC - CMS/input_txtbatchno'

2018-05-14 13:50:48 - [MESSAGE][PASSED] - Text 'BA504.0' is set on object 'Object Repository/MOH AND GRN/Page_KDMC - CMS/input_txtbatchno'

2018-05-14 13:50:48 - [TEST_STEP][PASSED] - rightClick: Object: 'Object Repository/GRN/Page_KDMC - CMS/input_txtexpdate' is right clicked on

2018-05-14 13:50:49 - [MESSAGE][PASSED] - Object: 'Object Repository/GRN/Page_KDMC - CMS/input_txtexpdate' is right clicked on

2018-05-14 13:50:49 - [TEST_STEP][PASSED] - selectOptionByIndex: All options with index in [5] are selected on object 'Object Repository/GRN/Page_KDMC - CMS/select_20182019202020212022202'

2018-05-14 13:50:49 - [MESSAGE][PASSED] - All options with index in [5] are selected on object 'Object Repository/GRN/Page_KDMC - CMS/select_20182019202020212022202'

2018-05-14 13:50:49 - [TEST_STEP][PASSED] - selectOptionByIndex: All options with index in [5] are selected on object 'Object Repository/GRN/Page_KDMC - CMS/select_JanFebMarAprMayJunJulAu'

2018-05-14 13:50:49 - [MESSAGE][PASSED] - All options with index in [5] are selected on object 'Object Repository/GRN/Page_KDMC - CMS/select_JanFebMarAprMayJunJulAu'

2018-05-14 13:50:49 - [TEST_STEP][PASSED] - click: Object: 'Object Repository/MOH AND GRN/Page_KDMC - CMS/a_12' is clicked on

2018-05-14 13:50:49 - [MESSAGE][PASSED] - Object: 'Object Repository/MOH AND GRN/Page_KDMC - CMS/a_12' is clicked on

2018-05-14 13:50:49 - [TEST_STEP][PASSED] - click: Object: 'Object Repository/MOH AND GRN/Page_KDMC - CMS/input_btnadd' is clicked on

2018-05-14 13:50:49 - [MESSAGE][PASSED] - Object: 'Object Repository/MOH AND GRN/Page_KDMC - CMS/input_btnadd' is clicked on

2018-05-14 13:50:49 - [TEST_STEP][PASSED] - Statement - If (s == 10): null

2018-05-14 13:50:49 - [TEST_STEP][PASSED] - Statement - Else: null

2018-05-14 13:50:49 - [TEST_STEP][PASSED] - Statement - (s++): null

2018-05-14 13:50:49 - [TEST_STEP][PASSED] - delay: Delayed 1 second(s)

2018-05-14 13:50:50 - [MESSAGE][PASSED] - Delayed 1 second(s)

2018-05-14 13:50:50 - [TEST_STEP][PASSED] - scrollToElement: Scroll to object 'Object Repository/MOH AND GRN/Page_KDMC - CMS/input_btnSubmit' successfully

2018-05-14 13:50:50 - [MESSAGE][PASSED] - Scroll to object 'Object Repository/MOH AND GRN/Page_KDMC - CMS/input_btnSubmit' successfully

2018-05-14 13:50:50 - [TEST_STEP][FAILED] - click: Unable to click on object 'Object Repository/MOH AND GRN/Page_KDMC - CMS/input_btnSubmit' (Root cause: org.openqa.selenium.WebDriverException: unknown error: Element <input type="button" id="btnSubmit" class="btn btn-primary " value="Submit"> is not clickable at point (864, 17). Other element would receive the click: <div class="bootbox modal fade bootbox-alert in" tabindex="-1" role="dialog" aria-hidden="false" style="display: block;">...</div>
  (Session info: chrome=66.0.3359.139)
  (Driver info: chromedriver=2.35.528161 (5b82f2d2aae0ca24b877009200ced9065a772e73),platform=Windows NT 10.0.16299 x86_64) (WARNING: The server did not provide any stacktrace information)
Command duration or timeout: 0 milliseconds
Build info: version: '3.7.1', revision: '8a0099a', time: '2017-11-06T21:07:36.161Z'
System info: host: 'DESKTOP-BLFTK83', ip: '192.168.71.2', os.name: 'Windows 10', os.arch: 'amd64', os.version: '10.0', java.version: '1.8.0_102'
Driver info: com.kms.katalon.selenium.driver.CChromeDriver
Capabilities {acceptInsecureCerts: false, acceptSslCerts: false, applicationCacheEnabled: false, browserConnectionEnabled: false, browserName: chrome, chrome: {chromedriverVersion: 2.35.528161 (5b82f2d2aae0ca..., userDataDir: C:\Users\QUALIT~1\AppData\L...}, cssSelectorsEnabled: true, databaseEnabled: false, handlesAlerts: true, hasTouchScreen: false, javascriptEnabled: true, locationContextEnabled: true, mobileEmulationEnabled: false, nativeEvents: true, networkConnectionEnabled: false, pageLoadStrategy: normal, platform: XP, platformName: XP, rotatable: false, setWindowRect: true, takesHeapSnapshot: true, takesScreenshot: true, unexpectedAlertBehaviour: , unhandledPromptBehavior: , version: 66.0.3359.139, webStorageEnabled: true}
Session ID: 4010e54671f0c208a3559d77d4e05dcb)

2018-05-14 13:50:50 - [MESSAGE][FAILED] - Unable to click on object 'Object Repository/MOH AND GRN/Page_KDMC - CMS/input_btnSubmit' (Root cause: org.openqa.selenium.WebDriverException: unknown error: Element <input type="button" id="btnSubmit" class="btn btn-primary " value="Submit"> is not clickable at point (864, 17). Other element would receive the click: <div class="bootbox modal fade bootbox-alert in" tabindex="-1" role="dialog" aria-hidden="false" style="display: block;">...</div>
  (Session info: chrome=66.0.3359.139)
  (Driver info: chromedriver=2.35.528161 (5b82f2d2aae0ca24b877009200ced9065a772e73),platform=Windows NT 10.0.16299 x86_64) (WARNING: The server did not provide any stacktrace information)
Command duration or timeout: 0 milliseconds
Build info: version: '3.7.1', revision: '8a0099a', time: '2017-11-06T21:07:36.161Z'
System info: host: 'DESKTOP-BLFTK83', ip: '192.168.71.2', os.name: 'Windows 10', os.arch: 'amd64', os.version: '10.0', java.version: '1.8.0_102'
Driver info: com.kms.katalon.selenium.driver.CChromeDriver
Capabilities {acceptInsecureCerts: false, acceptSslCerts: false, applicationCacheEnabled: false, browserConnectionEnabled: false, browserName: chrome, chrome: {chromedriverVersion: 2.35.528161 (5b82f2d2aae0ca..., userDataDir: C:\Users\QUALIT~1\AppData\L...}, cssSelectorsEnabled: true, databaseEnabled: false, handlesAlerts: true, hasTouchScreen: false, javascriptEnabled: true, locationContextEnabled: true, mobileEmulationEnabled: false, nativeEvents: true, networkConnectionEnabled: false, pageLoadStrategy: normal, platform: XP, platformName: XP, rotatable: false, setWindowRect: true, takesHeapSnapshot: true, takesScreenshot: true, unexpectedAlertBehaviour: , unhandledPromptBehavior: , version: 66.0.3359.139, webStorageEnabled: true}
Session ID: 4010e54671f0c208a3559d77d4e05dcb)
[[ATTACHMENT|C:\\Users\\Quality Analyst\\Katalon Studio\\ds\\Reports\\MOH REQUEST AND GRN\\20180514_132131\\1526286050666.png]]]]></system-out>
         <system-err><![CDATA[2018-05-14 13:46:09 - [TEST_CASE][FAILED] - Test Cases/TEST/MOH REQUEST AND GRN/Moh Request GRN  Schedule 4: Test Cases/TEST/MOH REQUEST AND GRN/Moh Request GRN  Schedule 4 FAILED because (of) Unable to click on object 'Object Repository/MOH AND GRN/Page_KDMC - CMS/input_btnSubmit' (Root cause: org.openqa.selenium.WebDriverException: unknown error: Element <input type="button" id="btnSubmit" class="btn btn-primary " value="Submit"> is not clickable at point (864, 17). Other element would receive the click: <div class="bootbox modal fade bootbox-alert in" tabindex="-1" role="dialog" aria-hidden="false" style="display: block;">...</div>
  (Session info: chrome=66.0.3359.139)
  (Driver info: chromedriver=2.35.528161 (5b82f2d2aae0ca24b877009200ced9065a772e73),platform=Windows NT 10.0.16299 x86_64) (WARNING: The server did not provide any stacktrace information)
Command duration or timeout: 0 milliseconds
Build info: version: '3.7.1', revision: '8a0099a', time: '2017-11-06T21:07:36.161Z'
System info: host: 'DESKTOP-BLFTK83', ip: '192.168.71.2', os.name: 'Windows 10', os.arch: 'amd64', os.version: '10.0', java.version: '1.8.0_102'
Driver info: com.kms.katalon.selenium.driver.CChromeDriver
Capabilities {acceptInsecureCerts: false, acceptSslCerts: false, applicationCacheEnabled: false, browserConnectionEnabled: false, browserName: chrome, chrome: {chromedriverVersion: 2.35.528161 (5b82f2d2aae0ca..., userDataDir: C:\Users\QUALIT~1\AppData\L...}, cssSelectorsEnabled: true, databaseEnabled: false, handlesAlerts: true, hasTouchScreen: false, javascriptEnabled: true, locationContextEnabled: true, mobileEmulationEnabled: false, nativeEvents: true, networkConnectionEnabled: false, pageLoadStrategy: normal, platform: XP, platformName: XP, rotatable: false, setWindowRect: true, takesHeapSnapshot: true, takesScreenshot: true, unexpectedAlertBehaviour: , unhandledPromptBehavior: , version: 66.0.3359.139, webStorageEnabled: true}
Session ID: 4010e54671f0c208a3559d77d4e05dcb)]]></system-err>
      </testcase>
      <testcase name="Test Cases/TEST/MOH REQUEST AND GRN/Moh Request GRN  Schedule 5" classname="Test Cases/TEST/MOH REQUEST AND GRN/Moh Request GRN  Schedule 5" status="PASSED">
         <system-out><![CDATA[2018-05-14 13:50:50 - [TEST_CASE][PASSED] - Test Cases/TEST/MOH REQUEST AND GRN/Moh Request GRN  Schedule 5: Test Cases/TEST/MOH REQUEST AND GRN/Moh Request GRN  Schedule 5

2018-05-14 13:50:51 - [TEST_STEP][PASSED] - openBrowser: Browser is opened with url: ''

2018-05-14 13:50:51 - [MESSAGE][WARNING] - A browser is already opened. Closing browser and opening a new one

2018-05-14 13:50:53 - [MESSAGE][PASSED] - Browser is opened with url: ''

2018-05-14 13:50:53 - [TEST_STEP][PASSED] - navigateToUrl: Navigate to 'http://192.168.137.1/multihospital_new/' successfully

2018-05-14 13:51:15 - [MESSAGE][PASSED] - Navigate to 'http://192.168.137.1/multihospital_new/' successfully

2018-05-14 13:51:15 - [TEST_STEP][PASSED] - maximizeWindow: Current window maximized

2018-05-14 13:51:16 - [MESSAGE][PASSED] - Current window maximized

2018-05-14 13:51:16 - [TEST_STEP][PASSED] - click: Object: 'Object Repository/MOH AND GRN/Page_KDMC/a_CMS' is clicked on

2018-05-14 13:51:43 - [MESSAGE][PASSED] - Object: 'Object Repository/MOH AND GRN/Page_KDMC/a_CMS' is clicked on

2018-05-14 13:51:43 - [TEST_STEP][PASSED] - setText: Text 'bala' is set on object 'Object Repository/MOH AND GRN/Page_CMS login/input_txtusername'

2018-05-14 13:51:43 - [MESSAGE][PASSED] - Text 'bala' is set on object 'Object Repository/MOH AND GRN/Page_CMS login/input_txtusername'

2018-05-14 13:51:43 - [TEST_STEP][PASSED] - setText: Text '123' is set on object 'Object Repository/MOH AND GRN/Page_CMS login/input_txtpassword'

2018-05-14 13:51:43 - [MESSAGE][PASSED] - Text '123' is set on object 'Object Repository/MOH AND GRN/Page_CMS login/input_txtpassword'

2018-05-14 13:51:43 - [TEST_STEP][PASSED] - delay: Delayed 3 second(s)

2018-05-14 13:51:46 - [MESSAGE][PASSED] - Delayed 3 second(s)

2018-05-14 13:51:46 - [TEST_STEP][PASSED] - click: Object: 'Object Repository/MOH AND GRN/Page_CMS login/button_Sign in' is clicked on

2018-05-14 13:51:47 - [MESSAGE][PASSED] - Object: 'Object Repository/MOH AND GRN/Page_CMS login/button_Sign in' is clicked on

2018-05-14 13:51:47 - [TEST_STEP][PASSED] - click: Object: 'Object Repository/MOH AND GRN/Page_KDMC - CMS/a_Request to MOH' is clicked on

2018-05-14 13:51:48 - [MESSAGE][PASSED] - Object: 'Object Repository/MOH AND GRN/Page_KDMC - CMS/a_Request to MOH' is clicked on

2018-05-14 13:51:48 - [TEST_STEP][PASSED] - selectOptionByIndex: All options with index in [2] are selected on object 'Object Repository/MOH AND GRN/Page_KDMC - CMS/select_--Select--'

2018-05-14 13:51:48 - [MESSAGE][PASSED] - All options with index in [2] are selected on object 'Object Repository/MOH AND GRN/Page_KDMC - CMS/select_--Select--'

2018-05-14 13:51:48 - [TEST_STEP][PASSED] - selectOptionByIndex: All options with index in [5] are selected on object 'Object Repository/MOH AND GRN/Page_KDMC - CMS/select_--Select--Schedule 1Inj'

2018-05-14 13:51:48 - [MESSAGE][PASSED] - All options with index in [5] are selected on object 'Object Repository/MOH AND GRN/Page_KDMC - CMS/select_--Select--Schedule 1Inj'

2018-05-14 13:51:48 - [TEST_STEP][PASSED] - Statement - selectedoptions = com.kms.katalon.core.webui.keyword.WebUiBuiltInKeywords.getNumberOfTotalOption(com.kms.katalon.core.testobject.ObjectRepository.findTestObject(MOH AND GRN/Page_KDMC - CMS/select_--Select--Adernaline 0.)): 17 options of object 'Object Repository/MOH AND GRN/Page_KDMC - CMS/select_--Select--Adernaline 0.' counted

2018-05-14 13:51:48 - [MESSAGE][PASSED] - 17 options of object 'Object Repository/MOH AND GRN/Page_KDMC - CMS/select_--Select--Adernaline 0.' counted

2018-05-14 13:51:48 - [TEST_STEP][PASSED] - Statement - For ([j = 1, j <= selectedoptions - 1, (j++)]): Object: 'Object Repository/MOH AND GRN/Page_KDMC - CMS/button_Add' is clicked on

2018-05-14 13:51:48 - [TEST_STEP][PASSED] - selectOptionByIndex: All options with index in [5] are selected on object 'Object Repository/MOH AND GRN/Page_KDMC - CMS/select_--Select--Schedule 1Inj'

2018-05-14 13:51:48 - [MESSAGE][PASSED] - All options with index in [5] are selected on object 'Object Repository/MOH AND GRN/Page_KDMC - CMS/select_--Select--Schedule 1Inj'

2018-05-14 13:51:48 - [TEST_STEP][PASSED] - selectOptionByIndex: All options with index in [1] are selected on object 'Object Repository/MOH AND GRN/Page_KDMC - CMS/select_--Select--Adernaline 0.'

2018-05-14 13:51:48 - [MESSAGE][PASSED] - All options with index in [1] are selected on object 'Object Repository/MOH AND GRN/Page_KDMC - CMS/select_--Select--Adernaline 0.'

2018-05-14 13:51:48 - [TEST_STEP][PASSED] - setText: Text '5000' is set on object 'Object Repository/MOH AND GRN/Page_KDMC - CMS/input_txttreat'

2018-05-14 13:51:48 - [MESSAGE][PASSED] - Text '5000' is set on object 'Object Repository/MOH AND GRN/Page_KDMC - CMS/input_txttreat'

2018-05-14 13:51:48 - [TEST_STEP][PASSED] - click: Object: 'Object Repository/MOH AND GRN/Page_KDMC - CMS/button_Add' is clicked on

2018-05-14 13:51:49 - [MESSAGE][PASSED] - Object: 'Object Repository/MOH AND GRN/Page_KDMC - CMS/button_Add' is clicked on

2018-05-14 13:51:49 - [TEST_STEP][PASSED] - selectOptionByIndex: All options with index in [5] are selected on object 'Object Repository/MOH AND GRN/Page_KDMC - CMS/select_--Select--Schedule 1Inj'

2018-05-14 13:51:49 - [MESSAGE][PASSED] - All options with index in [5] are selected on object 'Object Repository/MOH AND GRN/Page_KDMC - CMS/select_--Select--Schedule 1Inj'

2018-05-14 13:51:49 - [TEST_STEP][PASSED] - selectOptionByIndex: All options with index in [2] are selected on object 'Object Repository/MOH AND GRN/Page_KDMC - CMS/select_--Select--Adernaline 0.'

2018-05-14 13:51:49 - [MESSAGE][PASSED] - All options with index in [2] are selected on object 'Object Repository/MOH AND GRN/Page_KDMC - CMS/select_--Select--Adernaline 0.'

2018-05-14 13:51:49 - [TEST_STEP][PASSED] - setText: Text '5000' is set on object 'Object Repository/MOH AND GRN/Page_KDMC - CMS/input_txttreat'

2018-05-14 13:51:49 - [MESSAGE][PASSED] - Text '5000' is set on object 'Object Repository/MOH AND GRN/Page_KDMC - CMS/input_txttreat'

2018-05-14 13:51:49 - [TEST_STEP][PASSED] - click: Object: 'Object Repository/MOH AND GRN/Page_KDMC - CMS/button_Add' is clicked on

2018-05-14 13:51:49 - [MESSAGE][PASSED] - Object: 'Object Repository/MOH AND GRN/Page_KDMC - CMS/button_Add' is clicked on

2018-05-14 13:51:49 - [TEST_STEP][PASSED] - selectOptionByIndex: All options with index in [5] are selected on object 'Object Repository/MOH AND GRN/Page_KDMC - CMS/select_--Select--Schedule 1Inj'

2018-05-14 13:51:49 - [MESSAGE][PASSED] - All options with index in [5] are selected on object 'Object Repository/MOH AND GRN/Page_KDMC - CMS/select_--Select--Schedule 1Inj'

2018-05-14 13:51:49 - [TEST_STEP][PASSED] - selectOptionByIndex: All options with index in [3] are selected on object 'Object Repository/MOH AND GRN/Page_KDMC - CMS/select_--Select--Adernaline 0.'

2018-05-14 13:51:49 - [MESSAGE][PASSED] - All options with index in [3] are selected on object 'Object Repository/MOH AND GRN/Page_KDMC - CMS/select_--Select--Adernaline 0.'

2018-05-14 13:51:49 - [TEST_STEP][PASSED] - setText: Text '5000' is set on object 'Object Repository/MOH AND GRN/Page_KDMC - CMS/input_txttreat'

2018-05-14 13:51:50 - [MESSAGE][PASSED] - Text '5000' is set on object 'Object Repository/MOH AND GRN/Page_KDMC - CMS/input_txttreat'

2018-05-14 13:51:50 - [TEST_STEP][PASSED] - click: Object: 'Object Repository/MOH AND GRN/Page_KDMC - CMS/button_Add' is clicked on

2018-05-14 13:51:50 - [MESSAGE][PASSED] - Object: 'Object Repository/MOH AND GRN/Page_KDMC - CMS/button_Add' is clicked on

2018-05-14 13:51:50 - [TEST_STEP][PASSED] - selectOptionByIndex: All options with index in [5] are selected on object 'Object Repository/MOH AND GRN/Page_KDMC - CMS/select_--Select--Schedule 1Inj'

2018-05-14 13:51:50 - [MESSAGE][PASSED] - All options with index in [5] are selected on object 'Object Repository/MOH AND GRN/Page_KDMC - CMS/select_--Select--Schedule 1Inj'

2018-05-14 13:51:50 - [TEST_STEP][PASSED] - selectOptionByIndex: All options with index in [4] are selected on object 'Object Repository/MOH AND GRN/Page_KDMC - CMS/select_--Select--Adernaline 0.'

2018-05-14 13:51:50 - [MESSAGE][PASSED] - All options with index in [4] are selected on object 'Object Repository/MOH AND GRN/Page_KDMC - CMS/select_--Select--Adernaline 0.'

2018-05-14 13:51:50 - [TEST_STEP][PASSED] - setText: Text '5000' is set on object 'Object Repository/MOH AND GRN/Page_KDMC - CMS/input_txttreat'

2018-05-14 13:51:50 - [MESSAGE][PASSED] - Text '5000' is set on object 'Object Repository/MOH AND GRN/Page_KDMC - CMS/input_txttreat'

2018-05-14 13:51:50 - [TEST_STEP][PASSED] - click: Object: 'Object Repository/MOH AND GRN/Page_KDMC - CMS/button_Add' is clicked on

2018-05-14 13:51:50 - [MESSAGE][PASSED] - Object: 'Object Repository/MOH AND GRN/Page_KDMC - CMS/button_Add' is clicked on

2018-05-14 13:51:50 - [TEST_STEP][PASSED] - selectOptionByIndex: All options with index in [5] are selected on object 'Object Repository/MOH AND GRN/Page_KDMC - CMS/select_--Select--Schedule 1Inj'

2018-05-14 13:51:50 - [MESSAGE][PASSED] - All options with index in [5] are selected on object 'Object Repository/MOH AND GRN/Page_KDMC - CMS/select_--Select--Schedule 1Inj'

2018-05-14 13:51:50 - [TEST_STEP][PASSED] - selectOptionByIndex: All options with index in [5] are selected on object 'Object Repository/MOH AND GRN/Page_KDMC - CMS/select_--Select--Adernaline 0.'

2018-05-14 13:51:50 - [MESSAGE][PASSED] - All options with index in [5] are selected on object 'Object Repository/MOH AND GRN/Page_KDMC - CMS/select_--Select--Adernaline 0.'

2018-05-14 13:51:50 - [TEST_STEP][PASSED] - setText: Text '5000' is set on object 'Object Repository/MOH AND GRN/Page_KDMC - CMS/input_txttreat'

2018-05-14 13:51:51 - [MESSAGE][PASSED] - Text '5000' is set on object 'Object Repository/MOH AND GRN/Page_KDMC - CMS/input_txttreat'

2018-05-14 13:51:51 - [TEST_STEP][PASSED] - click: Object: 'Object Repository/MOH AND GRN/Page_KDMC - CMS/button_Add' is clicked on

2018-05-14 13:51:51 - [MESSAGE][PASSED] - Object: 'Object Repository/MOH AND GRN/Page_KDMC - CMS/button_Add' is clicked on

2018-05-14 13:51:51 - [TEST_STEP][PASSED] - selectOptionByIndex: All options with index in [5] are selected on object 'Object Repository/MOH AND GRN/Page_KDMC - CMS/select_--Select--Schedule 1Inj'

2018-05-14 13:51:51 - [MESSAGE][PASSED] - All options with index in [5] are selected on object 'Object Repository/MOH AND GRN/Page_KDMC - CMS/select_--Select--Schedule 1Inj'

2018-05-14 13:51:51 - [TEST_STEP][PASSED] - selectOptionByIndex: All options with index in [6] are selected on object 'Object Repository/MOH AND GRN/Page_KDMC - CMS/select_--Select--Adernaline 0.'

2018-05-14 13:51:51 - [MESSAGE][PASSED] - All options with index in [6] are selected on object 'Object Repository/MOH AND GRN/Page_KDMC - CMS/select_--Select--Adernaline 0.'

2018-05-14 13:51:51 - [TEST_STEP][PASSED] - setText: Text '5000' is set on object 'Object Repository/MOH AND GRN/Page_KDMC - CMS/input_txttreat'

2018-05-14 13:51:51 - [MESSAGE][PASSED] - Text '5000' is set on object 'Object Repository/MOH AND GRN/Page_KDMC - CMS/input_txttreat'

2018-05-14 13:51:51 - [TEST_STEP][PASSED] - click: Object: 'Object Repository/MOH AND GRN/Page_KDMC - CMS/button_Add' is clicked on

2018-05-14 13:51:51 - [MESSAGE][PASSED] - Object: 'Object Repository/MOH AND GRN/Page_KDMC - CMS/button_Add' is clicked on

2018-05-14 13:51:51 - [TEST_STEP][PASSED] - selectOptionByIndex: All options with index in [5] are selected on object 'Object Repository/MOH AND GRN/Page_KDMC - CMS/select_--Select--Schedule 1Inj'

2018-05-14 13:51:51 - [MESSAGE][PASSED] - All options with index in [5] are selected on object 'Object Repository/MOH AND GRN/Page_KDMC - CMS/select_--Select--Schedule 1Inj'

2018-05-14 13:51:51 - [TEST_STEP][PASSED] - selectOptionByIndex: All options with index in [7] are selected on object 'Object Repository/MOH AND GRN/Page_KDMC - CMS/select_--Select--Adernaline 0.'

2018-05-14 13:51:51 - [MESSAGE][PASSED] - All options with index in [7] are selected on object 'Object Repository/MOH AND GRN/Page_KDMC - CMS/select_--Select--Adernaline 0.'

2018-05-14 13:51:51 - [TEST_STEP][PASSED] - setText: Text '5000' is set on object 'Object Repository/MOH AND GRN/Page_KDMC - CMS/input_txttreat'

2018-05-14 13:51:52 - [MESSAGE][PASSED] - Text '5000' is set on object 'Object Repository/MOH AND GRN/Page_KDMC - CMS/input_txttreat'

2018-05-14 13:51:52 - [TEST_STEP][PASSED] - click: Object: 'Object Repository/MOH AND GRN/Page_KDMC - CMS/button_Add' is clicked on

2018-05-14 13:51:52 - [MESSAGE][PASSED] - Object: 'Object Repository/MOH AND GRN/Page_KDMC - CMS/button_Add' is clicked on

2018-05-14 13:51:52 - [TEST_STEP][PASSED] - selectOptionByIndex: All options with index in [5] are selected on object 'Object Repository/MOH AND GRN/Page_KDMC - CMS/select_--Select--Schedule 1Inj'

2018-05-14 13:51:52 - [MESSAGE][PASSED] - All options with index in [5] are selected on object 'Object Repository/MOH AND GRN/Page_KDMC - CMS/select_--Select--Schedule 1Inj'

2018-05-14 13:51:52 - [TEST_STEP][PASSED] - selectOptionByIndex: All options with index in [8] are selected on object 'Object Repository/MOH AND GRN/Page_KDMC - CMS/select_--Select--Adernaline 0.'

2018-05-14 13:51:52 - [MESSAGE][PASSED] - All options with index in [8] are selected on object 'Object Repository/MOH AND GRN/Page_KDMC - CMS/select_--Select--Adernaline 0.'

2018-05-14 13:51:52 - [TEST_STEP][PASSED] - setText: Text '5000' is set on object 'Object Repository/MOH AND GRN/Page_KDMC - CMS/input_txttreat'

2018-05-14 13:51:52 - [MESSAGE][PASSED] - Text '5000' is set on object 'Object Repository/MOH AND GRN/Page_KDMC - CMS/input_txttreat'

2018-05-14 13:51:52 - [TEST_STEP][PASSED] - click: Object: 'Object Repository/MOH AND GRN/Page_KDMC - CMS/button_Add' is clicked on

2018-05-14 13:51:52 - [MESSAGE][PASSED] - Object: 'Object Repository/MOH AND GRN/Page_KDMC - CMS/button_Add' is clicked on

2018-05-14 13:51:52 - [TEST_STEP][PASSED] - selectOptionByIndex: All options with index in [5] are selected on object 'Object Repository/MOH AND GRN/Page_KDMC - CMS/select_--Select--Schedule 1Inj'

2018-05-14 13:51:52 - [MESSAGE][PASSED] - All options with index in [5] are selected on object 'Object Repository/MOH AND GRN/Page_KDMC - CMS/select_--Select--Schedule 1Inj'

2018-05-14 13:51:52 - [TEST_STEP][PASSED] - selectOptionByIndex: All options with index in [9] are selected on object 'Object Repository/MOH AND GRN/Page_KDMC - CMS/select_--Select--Adernaline 0.'

2018-05-14 13:51:52 - [MESSAGE][PASSED] - All options with index in [9] are selected on object 'Object Repository/MOH AND GRN/Page_KDMC - CMS/select_--Select--Adernaline 0.'

2018-05-14 13:51:52 - [TEST_STEP][PASSED] - setText: Text '5000' is set on object 'Object Repository/MOH AND GRN/Page_KDMC - CMS/input_txttreat'

2018-05-14 13:51:53 - [MESSAGE][PASSED] - Text '5000' is set on object 'Object Repository/MOH AND GRN/Page_KDMC - CMS/input_txttreat'

2018-05-14 13:51:53 - [TEST_STEP][PASSED] - click: Object: 'Object Repository/MOH AND GRN/Page_KDMC - CMS/button_Add' is clicked on

2018-05-14 13:51:53 - [MESSAGE][PASSED] - Object: 'Object Repository/MOH AND GRN/Page_KDMC - CMS/button_Add' is clicked on

2018-05-14 13:51:53 - [TEST_STEP][PASSED] - selectOptionByIndex: All options with index in [5] are selected on object 'Object Repository/MOH AND GRN/Page_KDMC - CMS/select_--Select--Schedule 1Inj'

2018-05-14 13:51:53 - [MESSAGE][PASSED] - All options with index in [5] are selected on object 'Object Repository/MOH AND GRN/Page_KDMC - CMS/select_--Select--Schedule 1Inj'

2018-05-14 13:51:53 - [TEST_STEP][PASSED] - selectOptionByIndex: All options with index in [10] are selected on object 'Object Repository/MOH AND GRN/Page_KDMC - CMS/select_--Select--Adernaline 0.'

2018-05-14 13:51:53 - [MESSAGE][PASSED] - All options with index in [10] are selected on object 'Object Repository/MOH AND GRN/Page_KDMC - CMS/select_--Select--Adernaline 0.'

2018-05-14 13:51:53 - [TEST_STEP][PASSED] - setText: Text '5000' is set on object 'Object Repository/MOH AND GRN/Page_KDMC - CMS/input_txttreat'

2018-05-14 13:51:53 - [MESSAGE][PASSED] - Text '5000' is set on object 'Object Repository/MOH AND GRN/Page_KDMC - CMS/input_txttreat'

2018-05-14 13:51:53 - [TEST_STEP][PASSED] - click: Object: 'Object Repository/MOH AND GRN/Page_KDMC - CMS/button_Add' is clicked on

2018-05-14 13:51:53 - [MESSAGE][PASSED] - Object: 'Object Repository/MOH AND GRN/Page_KDMC - CMS/button_Add' is clicked on

2018-05-14 13:51:53 - [TEST_STEP][PASSED] - selectOptionByIndex: All options with index in [5] are selected on object 'Object Repository/MOH AND GRN/Page_KDMC - CMS/select_--Select--Schedule 1Inj'

2018-05-14 13:51:53 - [MESSAGE][PASSED] - All options with index in [5] are selected on object 'Object Repository/MOH AND GRN/Page_KDMC - CMS/select_--Select--Schedule 1Inj'

2018-05-14 13:51:53 - [TEST_STEP][PASSED] - selectOptionByIndex: All options with index in [11] are selected on object 'Object Repository/MOH AND GRN/Page_KDMC - CMS/select_--Select--Adernaline 0.'

2018-05-14 13:51:54 - [MESSAGE][PASSED] - All options with index in [11] are selected on object 'Object Repository/MOH AND GRN/Page_KDMC - CMS/select_--Select--Adernaline 0.'

2018-05-14 13:51:54 - [TEST_STEP][PASSED] - setText: Text '5000' is set on object 'Object Repository/MOH AND GRN/Page_KDMC - CMS/input_txttreat'

2018-05-14 13:51:54 - [MESSAGE][PASSED] - Text '5000' is set on object 'Object Repository/MOH AND GRN/Page_KDMC - CMS/input_txttreat'

2018-05-14 13:51:54 - [TEST_STEP][PASSED] - click: Object: 'Object Repository/MOH AND GRN/Page_KDMC - CMS/button_Add' is clicked on

2018-05-14 13:51:54 - [MESSAGE][PASSED] - Object: 'Object Repository/MOH AND GRN/Page_KDMC - CMS/button_Add' is clicked on

2018-05-14 13:51:54 - [TEST_STEP][PASSED] - selectOptionByIndex: All options with index in [5] are selected on object 'Object Repository/MOH AND GRN/Page_KDMC - CMS/select_--Select--Schedule 1Inj'

2018-05-14 13:51:54 - [MESSAGE][PASSED] - All options with index in [5] are selected on object 'Object Repository/MOH AND GRN/Page_KDMC - CMS/select_--Select--Schedule 1Inj'

2018-05-14 13:51:54 - [TEST_STEP][PASSED] - selectOptionByIndex: All options with index in [12] are selected on object 'Object Repository/MOH AND GRN/Page_KDMC - CMS/select_--Select--Adernaline 0.'

2018-05-14 13:51:54 - [MESSAGE][PASSED] - All options with index in [12] are selected on object 'Object Repository/MOH AND GRN/Page_KDMC - CMS/select_--Select--Adernaline 0.'

2018-05-14 13:51:54 - [TEST_STEP][PASSED] - setText: Text '5000' is set on object 'Object Repository/MOH AND GRN/Page_KDMC - CMS/input_txttreat'

2018-05-14 13:51:54 - [MESSAGE][PASSED] - Text '5000' is set on object 'Object Repository/MOH AND GRN/Page_KDMC - CMS/input_txttreat'

2018-05-14 13:51:54 - [TEST_STEP][PASSED] - click: Object: 'Object Repository/MOH AND GRN/Page_KDMC - CMS/button_Add' is clicked on

2018-05-14 13:51:54 - [MESSAGE][PASSED] - Object: 'Object Repository/MOH AND GRN/Page_KDMC - CMS/button_Add' is clicked on

2018-05-14 13:51:54 - [TEST_STEP][PASSED] - selectOptionByIndex: All options with index in [5] are selected on object 'Object Repository/MOH AND GRN/Page_KDMC - CMS/select_--Select--Schedule 1Inj'

2018-05-14 13:51:54 - [MESSAGE][PASSED] - All options with index in [5] are selected on object 'Object Repository/MOH AND GRN/Page_KDMC - CMS/select_--Select--Schedule 1Inj'

2018-05-14 13:51:54 - [TEST_STEP][PASSED] - selectOptionByIndex: All options with index in [13] are selected on object 'Object Repository/MOH AND GRN/Page_KDMC - CMS/select_--Select--Adernaline 0.'

2018-05-14 13:51:55 - [MESSAGE][PASSED] - All options with index in [13] are selected on object 'Object Repository/MOH AND GRN/Page_KDMC - CMS/select_--Select--Adernaline 0.'

2018-05-14 13:51:55 - [TEST_STEP][PASSED] - setText: Text '5000' is set on object 'Object Repository/MOH AND GRN/Page_KDMC - CMS/input_txttreat'

2018-05-14 13:51:55 - [MESSAGE][PASSED] - Text '5000' is set on object 'Object Repository/MOH AND GRN/Page_KDMC - CMS/input_txttreat'

2018-05-14 13:51:55 - [TEST_STEP][PASSED] - click: Object: 'Object Repository/MOH AND GRN/Page_KDMC - CMS/button_Add' is clicked on

2018-05-14 13:51:55 - [MESSAGE][PASSED] - Object: 'Object Repository/MOH AND GRN/Page_KDMC - CMS/button_Add' is clicked on

2018-05-14 13:51:55 - [TEST_STEP][PASSED] - selectOptionByIndex: All options with index in [5] are selected on object 'Object Repository/MOH AND GRN/Page_KDMC - CMS/select_--Select--Schedule 1Inj'

2018-05-14 13:51:55 - [MESSAGE][PASSED] - All options with index in [5] are selected on object 'Object Repository/MOH AND GRN/Page_KDMC - CMS/select_--Select--Schedule 1Inj'

2018-05-14 13:51:55 - [TEST_STEP][PASSED] - selectOptionByIndex: All options with index in [14] are selected on object 'Object Repository/MOH AND GRN/Page_KDMC - CMS/select_--Select--Adernaline 0.'

2018-05-14 13:51:55 - [MESSAGE][PASSED] - All options with index in [14] are selected on object 'Object Repository/MOH AND GRN/Page_KDMC - CMS/select_--Select--Adernaline 0.'

2018-05-14 13:51:55 - [TEST_STEP][PASSED] - setText: Text '5000' is set on object 'Object Repository/MOH AND GRN/Page_KDMC - CMS/input_txttreat'

2018-05-14 13:51:55 - [MESSAGE][PASSED] - Text '5000' is set on object 'Object Repository/MOH AND GRN/Page_KDMC - CMS/input_txttreat'

2018-05-14 13:51:55 - [TEST_STEP][PASSED] - click: Object: 'Object Repository/MOH AND GRN/Page_KDMC - CMS/button_Add' is clicked on

2018-05-14 13:51:55 - [MESSAGE][PASSED] - Object: 'Object Repository/MOH AND GRN/Page_KDMC - CMS/button_Add' is clicked on

2018-05-14 13:51:55 - [TEST_STEP][PASSED] - selectOptionByIndex: All options with index in [5] are selected on object 'Object Repository/MOH AND GRN/Page_KDMC - CMS/select_--Select--Schedule 1Inj'

2018-05-14 13:51:55 - [MESSAGE][PASSED] - All options with index in [5] are selected on object 'Object Repository/MOH AND GRN/Page_KDMC - CMS/select_--Select--Schedule 1Inj'

2018-05-14 13:51:55 - [TEST_STEP][PASSED] - selectOptionByIndex: All options with index in [15] are selected on object 'Object Repository/MOH AND GRN/Page_KDMC - CMS/select_--Select--Adernaline 0.'

2018-05-14 13:51:56 - [MESSAGE][PASSED] - All options with index in [15] are selected on object 'Object Repository/MOH AND GRN/Page_KDMC - CMS/select_--Select--Adernaline 0.'

2018-05-14 13:51:56 - [TEST_STEP][PASSED] - setText: Text '5000' is set on object 'Object Repository/MOH AND GRN/Page_KDMC - CMS/input_txttreat'

2018-05-14 13:51:56 - [MESSAGE][PASSED] - Text '5000' is set on object 'Object Repository/MOH AND GRN/Page_KDMC - CMS/input_txttreat'

2018-05-14 13:51:56 - [TEST_STEP][PASSED] - click: Object: 'Object Repository/MOH AND GRN/Page_KDMC - CMS/button_Add' is clicked on

2018-05-14 13:51:56 - [MESSAGE][PASSED] - Object: 'Object Repository/MOH AND GRN/Page_KDMC - CMS/button_Add' is clicked on

2018-05-14 13:51:56 - [TEST_STEP][PASSED] - selectOptionByIndex: All options with index in [5] are selected on object 'Object Repository/MOH AND GRN/Page_KDMC - CMS/select_--Select--Schedule 1Inj'

2018-05-14 13:51:56 - [MESSAGE][PASSED] - All options with index in [5] are selected on object 'Object Repository/MOH AND GRN/Page_KDMC - CMS/select_--Select--Schedule 1Inj'

2018-05-14 13:51:56 - [TEST_STEP][PASSED] - selectOptionByIndex: All options with index in [16] are selected on object 'Object Repository/MOH AND GRN/Page_KDMC - CMS/select_--Select--Adernaline 0.'

2018-05-14 13:51:56 - [MESSAGE][PASSED] - All options with index in [16] are selected on object 'Object Repository/MOH AND GRN/Page_KDMC - CMS/select_--Select--Adernaline 0.'

2018-05-14 13:51:56 - [TEST_STEP][PASSED] - setText: Text '5000' is set on object 'Object Repository/MOH AND GRN/Page_KDMC - CMS/input_txttreat'

2018-05-14 13:51:56 - [MESSAGE][PASSED] - Text '5000' is set on object 'Object Repository/MOH AND GRN/Page_KDMC - CMS/input_txttreat'

2018-05-14 13:51:56 - [TEST_STEP][PASSED] - click: Object: 'Object Repository/MOH AND GRN/Page_KDMC - CMS/button_Add' is clicked on

2018-05-14 13:51:57 - [MESSAGE][PASSED] - Object: 'Object Repository/MOH AND GRN/Page_KDMC - CMS/button_Add' is clicked on

2018-05-14 13:51:57 - [TEST_STEP][PASSED] - scrollToElement: Scroll to object 'Object Repository/MOH AND GRN/Page_KDMC - CMS/input_btnsave' successfully

2018-05-14 13:51:57 - [MESSAGE][PASSED] - Scroll to object 'Object Repository/MOH AND GRN/Page_KDMC - CMS/input_btnsave' successfully

2018-05-14 13:51:57 - [TEST_STEP][PASSED] - click: Object: 'Object Repository/MOH AND GRN/Page_KDMC - CMS/input_btnsave' is clicked on

2018-05-14 13:51:57 - [MESSAGE][PASSED] - Object: 'Object Repository/MOH AND GRN/Page_KDMC - CMS/input_btnsave' is clicked on

2018-05-14 13:51:57 - [TEST_STEP][PASSED] - delay: Delayed 3 second(s)

2018-05-14 13:52:00 - [MESSAGE][PASSED] - Delayed 3 second(s)

2018-05-14 13:52:00 - [TEST_STEP][PASSED] - Statement - Request1 = com.kms.katalon.core.webui.keyword.WebUiBuiltInKeywords.getText(com.kms.katalon.core.testobject.ObjectRepository.findTestObject(MOH AND GRN/Page_KDMC - CMS/font_PRNO0505201876)): Text of object 'Object Repository/MOH AND GRN/Page_KDMC - CMS/font_PRNO0505201876' is: 'PRNO/14052018/237'

2018-05-14 13:52:00 - [MESSAGE][PASSED] - Text of object 'Object Repository/MOH AND GRN/Page_KDMC - CMS/font_PRNO0505201876' is: 'PRNO/14052018/237'

2018-05-14 13:52:00 - [TEST_STEP][PASSED] - Statement - out.println("Length OF The Medicine " + Request1): null

2018-05-14 13:52:00 - [TEST_STEP][PASSED] - Statement - RequestNUmber = Request1.split("/")[2].trim(): null

2018-05-14 13:52:00 - [TEST_STEP][PASSED] - Statement - out.println("ID IS " + RequestNUmber): null

2018-05-14 13:52:00 - [TEST_STEP][PASSED] - delay: Delayed 3 second(s)

2018-05-14 13:52:03 - [MESSAGE][PASSED] - Delayed 3 second(s)

2018-05-14 13:52:03 - [TEST_STEP][PASSED] - click: Object: 'Object Repository/MOH AND GRN/Page_KDMC - CMS/button_OK' is clicked on

2018-05-14 13:52:03 - [MESSAGE][PASSED] - Object: 'Object Repository/MOH AND GRN/Page_KDMC - CMS/button_OK' is clicked on

2018-05-14 13:52:03 - [TEST_STEP][PASSED] - click: Object: 'Object Repository/MOH AND GRN/Page_KDMC - CMS/a_dropdown-toggle' is clicked on

2018-05-14 13:52:04 - [MESSAGE][PASSED] - Object: 'Object Repository/MOH AND GRN/Page_KDMC - CMS/a_dropdown-toggle' is clicked on

2018-05-14 13:52:04 - [TEST_STEP][PASSED] - click: Object: 'Object Repository/MOH AND GRN/Page_KDMC - CMS/a_Sign out' is clicked on

2018-05-14 13:52:05 - [MESSAGE][PASSED] - Object: 'Object Repository/MOH AND GRN/Page_KDMC - CMS/a_Sign out' is clicked on

2018-05-14 13:52:05 - [TEST_STEP][PASSED] - delay: Delayed 4 second(s)

2018-05-14 13:52:09 - [MESSAGE][PASSED] - Delayed 4 second(s)

2018-05-14 13:52:09 - [TEST_STEP][PASSED] - click: Object: 'Object Repository/MOH AND GRN/Page_KDMC/a_Admin Master' is clicked on

2018-05-14 13:52:09 - [MESSAGE][PASSED] - Object: 'Object Repository/MOH AND GRN/Page_KDMC/a_Admin Master' is clicked on

2018-05-14 13:52:09 - [TEST_STEP][PASSED] - setText: Text 'admin' is set on object 'Object Repository/MOH AND GRN/Page_Admin login/input_txtusername'

2018-05-14 13:52:09 - [MESSAGE][PASSED] - Text 'admin' is set on object 'Object Repository/MOH AND GRN/Page_Admin login/input_txtusername'

2018-05-14 13:52:09 - [TEST_STEP][PASSED] - setText: Text 'admin123' is set on object 'Object Repository/MOH AND GRN/Page_Admin login/input_txtpassword'

2018-05-14 13:52:10 - [MESSAGE][PASSED] - Text 'admin123' is set on object 'Object Repository/MOH AND GRN/Page_Admin login/input_txtpassword'

2018-05-14 13:52:10 - [TEST_STEP][PASSED] - delay: Delayed 3 second(s)

2018-05-14 13:52:13 - [MESSAGE][PASSED] - Delayed 3 second(s)

2018-05-14 13:52:13 - [TEST_STEP][PASSED] - click: Object: 'Object Repository/MOH AND GRN/Page_Admin login/button_Sign in' is clicked on

2018-05-14 13:52:14 - [MESSAGE][PASSED] - Object: 'Object Repository/MOH AND GRN/Page_Admin login/button_Sign in' is clicked on

2018-05-14 13:52:14 - [TEST_STEP][PASSED] - delay: Delayed 20 second(s)

2018-05-14 13:52:34 - [MESSAGE][PASSED] - Delayed 20 second(s)

2018-05-14 13:52:34 - [TEST_STEP][PASSED] - scrollToPosition: Browser is scrolled to position x = 200, y = 200

2018-05-14 13:52:34 - [MESSAGE][PASSED] - Browser is scrolled to position x = 200, y = 200

2018-05-14 13:52:34 - [TEST_STEP][PASSED] - click: Object: 'Object Repository/MOH AND GRN/Page_KDMC/a_CMS_1' is clicked on

2018-05-14 13:52:34 - [MESSAGE][PASSED] - Object: 'Object Repository/MOH AND GRN/Page_KDMC/a_CMS_1' is clicked on

2018-05-14 13:52:34 - [TEST_STEP][PASSED] - click: Object: 'Object Repository/MOH AND GRN/Page_KDMC/a_Request List' is clicked on

2018-05-14 13:52:35 - [MESSAGE][PASSED] - Object: 'Object Repository/MOH AND GRN/Page_KDMC/a_Request List' is clicked on

2018-05-14 13:52:35 - [TEST_STEP][PASSED] - Statement - RequestNumberId = com.kms.katalon.core.webui.keyword.WebUiBuiltInKeywords.modifyObjectProperty(com.kms.katalon.core.testobject.ObjectRepository.findTestObject(MOH AND GRN/Page_KDMC - CMS/input_PO0032), "xpath", "equals", "//*[@id =" + RequestNUmber + "]", true): Modify property of object successfully

2018-05-14 13:52:35 - [MESSAGE][PASSED] - Modify property of object successfully

2018-05-14 13:52:35 - [TEST_STEP][PASSED] - click: Object: 'Object Repository/MOH AND GRN/Page_KDMC - CMS/input_PO0032' is clicked on

2018-05-14 13:52:35 - [MESSAGE][PASSED] - Object: 'Object Repository/MOH AND GRN/Page_KDMC - CMS/input_PO0032' is clicked on

2018-05-14 13:52:35 - [TEST_STEP][PASSED] - delay: Delayed 3 second(s)

2018-05-14 13:52:38 - [MESSAGE][PASSED] - Delayed 3 second(s)

2018-05-14 13:52:38 - [TEST_STEP][PASSED] - selectOptionByIndex: All options with index in [1] are selected on object 'Object Repository/MOH AND GRN/Page_KDMC/select_--Select--'

2018-05-14 13:52:38 - [MESSAGE][PASSED] - All options with index in [1] are selected on object 'Object Repository/MOH AND GRN/Page_KDMC/select_--Select--'

2018-05-14 13:52:38 - [TEST_STEP][PASSED] - click: Object: 'Object Repository/MOH AND GRN/Page_KDMC/input_btnupdate' is clicked on

2018-05-14 13:52:38 - [MESSAGE][PASSED] - Object: 'Object Repository/MOH AND GRN/Page_KDMC/input_btnupdate' is clicked on

2018-05-14 13:52:38 - [TEST_STEP][PASSED] - delay: Delayed 3 second(s)

2018-05-14 13:52:41 - [MESSAGE][PASSED] - Delayed 3 second(s)

2018-05-14 13:52:41 - [TEST_STEP][PASSED] - click: Object: 'Object Repository/MOH AND GRN/Page_KDMC/button_OK' is clicked on

2018-05-14 13:52:42 - [MESSAGE][PASSED] - Object: 'Object Repository/MOH AND GRN/Page_KDMC/button_OK' is clicked on

2018-05-14 13:52:42 - [TEST_STEP][PASSED] - delay: Delayed 3 second(s)

2018-05-14 13:52:45 - [MESSAGE][PASSED] - Delayed 3 second(s)

2018-05-14 13:52:45 - [TEST_STEP][PASSED] - scrollToPosition: Browser is scrolled to position x = 200, y = 200

2018-05-14 13:52:45 - [MESSAGE][PASSED] - Browser is scrolled to position x = 200, y = 200

2018-05-14 13:52:45 - [TEST_STEP][PASSED] - click: Object: 'Object Repository/MOH AND GRN/Page_KDMC/a_CMS_2' is clicked on

2018-05-14 13:52:45 - [MESSAGE][PASSED] - Object: 'Object Repository/MOH AND GRN/Page_KDMC/a_CMS_2' is clicked on

2018-05-14 13:52:45 - [TEST_STEP][PASSED] - delay: Delayed 2 second(s)

2018-05-14 13:52:47 - [MESSAGE][PASSED] - Delayed 2 second(s)

2018-05-14 13:52:47 - [TEST_STEP][PASSED] - click: Object: 'Object Repository/MOH AND GRN/Page_KDMC/a_Generate P.O' is clicked on

2018-05-14 13:52:48 - [MESSAGE][PASSED] - Object: 'Object Repository/MOH AND GRN/Page_KDMC/a_Generate P.O' is clicked on

2018-05-14 13:52:48 - [TEST_STEP][PASSED] - delay: Delayed 2 second(s)

2018-05-14 13:52:50 - [MESSAGE][PASSED] - Delayed 2 second(s)

2018-05-14 13:52:50 - [TEST_STEP][PASSED] - selectOptionByIndex: All options with index in [1] are selected on object 'Object Repository/MOH AND GRN/Page_KDMC/select_--Select--PRNO040520183'

2018-05-14 13:52:50 - [MESSAGE][PASSED] - All options with index in [1] are selected on object 'Object Repository/MOH AND GRN/Page_KDMC/select_--Select--PRNO040520183'

2018-05-14 13:52:50 - [TEST_STEP][PASSED] - selectOptionByIndex: All options with index in [7] are selected on object 'Object Repository/MOH AND GRN/Page_KDMC/select_--Select--Hamen Chandra'

2018-05-14 13:52:50 - [MESSAGE][PASSED] - All options with index in [7] are selected on object 'Object Repository/MOH AND GRN/Page_KDMC/select_--Select--Hamen Chandra'

2018-05-14 13:52:50 - [TEST_STEP][PASSED] - Statement - PONumber = com.kms.katalon.core.webui.keyword.WebUiBuiltInKeywords.getText(com.kms.katalon.core.testobject.ObjectRepository.findTestObject(MOH AND GRN/Page_KDMC/input_lblpono)).trim(): Text of object 'Object Repository/MOH AND GRN/Page_KDMC/input_lblpono' is: ''

2018-05-14 13:52:50 - [MESSAGE][PASSED] - Text of object 'Object Repository/MOH AND GRN/Page_KDMC/input_lblpono' is: ''

2018-05-14 13:52:50 - [TEST_STEP][PASSED] - Statement - PONumber1 = com.kms.katalon.core.webui.keyword.WebUiBuiltInKeywords.getAttribute(com.kms.katalon.core.testobject.ObjectRepository.findTestObject(MOH AND GRN/Page_KDMC/input_lblpono), "value").trim(): Attribute 'value' of object 'Object Repository/MOH AND GRN/Page_KDMC/input_lblpono' is: 'PO00118'

2018-05-14 13:52:50 - [MESSAGE][PASSED] - Attribute 'value' of object 'Object Repository/MOH AND GRN/Page_KDMC/input_lblpono' is: 'PO00118'

2018-05-14 13:52:50 - [TEST_STEP][PASSED] - Statement - out.println("PO NUMBER :" + PONumber): null

2018-05-14 13:52:50 - [TEST_STEP][PASSED] - Statement - out.println("PO NUMBER :" + PONumber1): null

2018-05-14 13:52:50 - [TEST_STEP][PASSED] - click: Object: 'Object Repository/MOH AND GRN/Page_KDMC/input_chkrem' is clicked on

2018-05-14 13:52:50 - [MESSAGE][PASSED] - Object: 'Object Repository/MOH AND GRN/Page_KDMC/input_chkrem' is clicked on

2018-05-14 13:52:50 - [TEST_STEP][PASSED] - scrollToElement: Scroll to object 'Object Repository/MOH AND GRN/Page_KDMC/input_btnreturn' successfully

2018-05-14 13:52:50 - [MESSAGE][PASSED] - Scroll to object 'Object Repository/MOH AND GRN/Page_KDMC/input_btnreturn' successfully

2018-05-14 13:52:50 - [TEST_STEP][PASSED] - click: Object: 'Object Repository/MOH AND GRN/Page_KDMC/input_btnreturn' is clicked on

2018-05-14 13:52:50 - [MESSAGE][PASSED] - Object: 'Object Repository/MOH AND GRN/Page_KDMC/input_btnreturn' is clicked on

2018-05-14 13:52:50 - [TEST_STEP][PASSED] - delay: Delayed 3 second(s)

2018-05-14 13:52:53 - [MESSAGE][PASSED] - Delayed 3 second(s)

2018-05-14 13:52:53 - [TEST_STEP][PASSED] - click: Object: 'Object Repository/MOH AND GRN/Page_KDMC/button_Yes' is clicked on

2018-05-14 13:52:54 - [MESSAGE][PASSED] - Object: 'Object Repository/MOH AND GRN/Page_KDMC/button_Yes' is clicked on

2018-05-14 13:52:54 - [TEST_STEP][PASSED] - delay: Delayed 3 second(s)

2018-05-14 13:52:57 - [MESSAGE][PASSED] - Delayed 3 second(s)

2018-05-14 13:52:57 - [TEST_STEP][PASSED] - click: Object: 'Object Repository/MOH AND GRN/Page_KDMC/button_OK' is clicked on

2018-05-14 13:52:57 - [MESSAGE][PASSED] - Object: 'Object Repository/MOH AND GRN/Page_KDMC/button_OK' is clicked on

2018-05-14 13:52:57 - [TEST_STEP][PASSED] - delay: Delayed 3 second(s)

2018-05-14 13:53:00 - [MESSAGE][PASSED] - Delayed 3 second(s)

2018-05-14 13:53:00 - [TEST_STEP][PASSED] - click: Object: 'Object Repository/MOH AND GRN/Page_KDMC/a_dropdown-toggle' is clicked on

2018-05-14 13:53:00 - [MESSAGE][PASSED] - Object: 'Object Repository/MOH AND GRN/Page_KDMC/a_dropdown-toggle' is clicked on

2018-05-14 13:53:00 - [TEST_STEP][PASSED] - click: Object: 'Object Repository/MOH AND GRN/Page_KDMC/a_Sign out' is clicked on

2018-05-14 13:53:01 - [MESSAGE][PASSED] - Object: 'Object Repository/MOH AND GRN/Page_KDMC/a_Sign out' is clicked on

2018-05-14 13:53:01 - [TEST_STEP][PASSED] - delay: Delayed 4 second(s)

2018-05-14 13:53:05 - [MESSAGE][PASSED] - Delayed 4 second(s)

2018-05-14 13:53:05 - [TEST_STEP][PASSED] - click: Object: 'Object Repository/MOH AND GRN/Page_KDMC/a_CMS' is clicked on

2018-05-14 13:53:05 - [MESSAGE][PASSED] - Object: 'Object Repository/MOH AND GRN/Page_KDMC/a_CMS' is clicked on

2018-05-14 13:53:05 - [TEST_STEP][PASSED] - setText: Text 'bala' is set on object 'Object Repository/MOH AND GRN/Page_CMS login/input_txtusername'

2018-05-14 13:53:05 - [MESSAGE][PASSED] - Text 'bala' is set on object 'Object Repository/MOH AND GRN/Page_CMS login/input_txtusername'

2018-05-14 13:53:05 - [TEST_STEP][PASSED] - setText: Text '123' is set on object 'Object Repository/MOH AND GRN/Page_CMS login/input_txtpassword'

2018-05-14 13:53:05 - [MESSAGE][PASSED] - Text '123' is set on object 'Object Repository/MOH AND GRN/Page_CMS login/input_txtpassword'

2018-05-14 13:53:05 - [TEST_STEP][PASSED] - delay: Delayed 3 second(s)

2018-05-14 13:53:08 - [MESSAGE][PASSED] - Delayed 3 second(s)

2018-05-14 13:53:08 - [TEST_STEP][PASSED] - click: Object: 'Object Repository/MOH AND GRN/Page_CMS login/button_Sign in' is clicked on

2018-05-14 13:53:09 - [MESSAGE][PASSED] - Object: 'Object Repository/MOH AND GRN/Page_CMS login/button_Sign in' is clicked on

2018-05-14 13:53:09 - [TEST_STEP][PASSED] - click: Object: 'Object Repository/MOH AND GRN/Page_KDMC - CMS/a_CMS Details' is clicked on

2018-05-14 13:53:09 - [MESSAGE][PASSED] - Object: 'Object Repository/MOH AND GRN/Page_KDMC - CMS/a_CMS Details' is clicked on

2018-05-14 13:53:09 - [TEST_STEP][PASSED] - delay: Delayed 2 second(s)

2018-05-14 13:53:11 - [MESSAGE][PASSED] - Delayed 2 second(s)

2018-05-14 13:53:11 - [TEST_STEP][PASSED] - click: Object: 'Object Repository/MOH AND GRN/Page_KDMC - CMS/a_Goods Receive' is clicked on

2018-05-14 13:53:11 - [MESSAGE][PASSED] - Object: 'Object Repository/MOH AND GRN/Page_KDMC - CMS/a_Goods Receive' is clicked on

2018-05-14 13:53:11 - [TEST_STEP][PASSED] - delay: Delayed 2 second(s)

2018-05-14 13:53:13 - [MESSAGE][PASSED] - Delayed 2 second(s)

2018-05-14 13:53:13 - [TEST_STEP][PASSED] - selectOptionByLabel: All options with label 'PO00118' are selected in object 'Object Repository/MOH AND GRN/Page_KDMC - CMS/select_--Select--PO0032PO0031P' 

2018-05-14 13:53:13 - [MESSAGE][PASSED] - All options with label 'PO00118' are selected in object 'Object Repository/MOH AND GRN/Page_KDMC - CMS/select_--Select--PO0032PO0031P' 

2018-05-14 13:53:13 - [TEST_STEP][PASSED] - setText: Finding Test Object with id 'Object Repository/MOH AND GRN/Page_KDMC - CMS/input_txtgrnno'

2018-05-14 13:53:13 - [TEST_STEP][PASSED] - Statement - switch (id): Text 'INV542.0' is set on object 'Object Repository/MOH AND GRN/Page_KDMC - CMS/input_txtgrnno'

2018-05-14 13:53:13 - [TEST_STEP][PASSED] - Statement - case 2:: Text 'INV542.0' is set on object 'Object Repository/MOH AND GRN/Page_KDMC - CMS/input_txtgrnno'

2018-05-14 13:53:13 - [TEST_STEP][PASSED] - Statement - return (java.lang.Math.floor((java.lang.Math.random() * ((max - min) + 1))) + min): Text 'INV542.0' is set on object 'Object Repository/MOH AND GRN/Page_KDMC - CMS/input_txtgrnno'

2018-05-14 13:53:14 - [MESSAGE][PASSED] - Text 'INV542.0' is set on object 'Object Repository/MOH AND GRN/Page_KDMC - CMS/input_txtgrnno'

2018-05-14 13:53:14 - [TEST_STEP][PASSED] - selectOptionByIndex: All options with index in [1] are selected on object 'Object Repository/MOH AND GRN/Page_KDMC - CMS/select_--Select--PERUMAL PHARM'

2018-05-14 13:53:14 - [MESSAGE][PASSED] - All options with index in [1] are selected on object 'Object Repository/MOH AND GRN/Page_KDMC - CMS/select_--Select--PERUMAL PHARM'

2018-05-14 13:53:14 - [TEST_STEP][PASSED] - setText: Text '12500' is set on object 'Object Repository/MOH AND GRN/Page_KDMC - CMS/input_txtgrnno_1'

2018-05-14 13:53:14 - [MESSAGE][PASSED] - Text '12500' is set on object 'Object Repository/MOH AND GRN/Page_KDMC - CMS/input_txtgrnno_1'

2018-05-14 13:53:14 - [TEST_STEP][PASSED] - setText: Text '200' is set on object 'Object Repository/MOH AND GRN/Page_KDMC - CMS/input_txtgrnno_2'

2018-05-14 13:53:14 - [MESSAGE][PASSED] - Text '200' is set on object 'Object Repository/MOH AND GRN/Page_KDMC - CMS/input_txtgrnno_2'

2018-05-14 13:53:14 - [TEST_STEP][PASSED] - setText: Finding Test Object with id 'Object Repository/MOH AND GRN/Page_KDMC - CMS/input_txtgrnno_3'

2018-05-14 13:53:14 - [TEST_STEP][PASSED] - Statement - switch (id): Text 'CH284.0' is set on object 'Object Repository/MOH AND GRN/Page_KDMC - CMS/input_txtgrnno_3'

2018-05-14 13:53:14 - [TEST_STEP][PASSED] - Statement - case 3:: Text 'CH284.0' is set on object 'Object Repository/MOH AND GRN/Page_KDMC - CMS/input_txtgrnno_3'

2018-05-14 13:53:14 - [TEST_STEP][PASSED] - Statement - return (java.lang.Math.floor((java.lang.Math.random() * ((max - min) + 1))) + min): Text 'CH284.0' is set on object 'Object Repository/MOH AND GRN/Page_KDMC - CMS/input_txtgrnno_3'

2018-05-14 13:53:14 - [MESSAGE][PASSED] - Text 'CH284.0' is set on object 'Object Repository/MOH AND GRN/Page_KDMC - CMS/input_txtgrnno_3'

2018-05-14 13:53:14 - [TEST_STEP][PASSED] - scrollToPosition: Browser is scrolled to position x = 200, y = 200

2018-05-14 13:53:14 - [MESSAGE][PASSED] - Browser is scrolled to position x = 200, y = 200

2018-05-14 13:53:14 - [TEST_STEP][PASSED] - Statement - GrnLength = com.kms.katalon.core.webui.keyword.WebUiBuiltInKeywords.getNumberOfTotalOption(com.kms.katalon.core.testobject.ObjectRepository.findTestObject(MOH AND GRN/Page_KDMC - CMS/select_--Select--Amikacin -500)): 17 options of object 'Object Repository/MOH AND GRN/Page_KDMC - CMS/select_--Select--Amikacin -500' counted

2018-05-14 13:53:14 - [MESSAGE][PASSED] - 17 options of object 'Object Repository/MOH AND GRN/Page_KDMC - CMS/select_--Select--Amikacin -500' counted

2018-05-14 13:53:14 - [TEST_STEP][PASSED] - Statement - out.println("Length OF The Medicine " + GrnLength): null

2018-05-14 13:53:14 - [TEST_STEP][PASSED] - Statement - s = 1: null

2018-05-14 13:53:14 - [TEST_STEP][PASSED] - Statement - For ([t = 1, t < GrnLength, (t++)]): Finding Test Object with id 'Object Repository/MOH AND GRN/Page_KDMC - CMS/input_txtmrp'

2018-05-14 13:53:14 - [TEST_STEP][PASSED] - selectOptionByIndex: All options with index in [1] are selected on object 'Object Repository/MOH AND GRN/Page_KDMC - CMS/select_--Select--Amikacin -500'

2018-05-14 13:53:14 - [MESSAGE][PASSED] - All options with index in [1] are selected on object 'Object Repository/MOH AND GRN/Page_KDMC - CMS/select_--Select--Amikacin -500'

2018-05-14 13:53:14 - [TEST_STEP][PASSED] - setText: Text '5000' is set on object 'Object Repository/MOH AND GRN/Page_KDMC - CMS/input_txtqty'

2018-05-14 13:53:14 - [MESSAGE][PASSED] - Text '5000' is set on object 'Object Repository/MOH AND GRN/Page_KDMC - CMS/input_txtqty'

2018-05-14 13:53:14 - [TEST_STEP][PASSED] - selectOptionByIndex: All options with index in [1] are selected on object 'Object Repository/MOH AND GRN/Page_KDMC - CMS/select_--Select--No Tax0'

2018-05-14 13:53:15 - [MESSAGE][PASSED] - All options with index in [1] are selected on object 'Object Repository/MOH AND GRN/Page_KDMC - CMS/select_--Select--No Tax0'

2018-05-14 13:53:15 - [TEST_STEP][PASSED] - setText: Finding Test Object with id 'Object Repository/MOH AND GRN/Page_KDMC - CMS/input_txtmrp'

2018-05-14 13:53:15 - [TEST_STEP][PASSED] - Statement - switch (id): Finding Test Object with id 'Object Repository/MOH AND GRN/Page_KDMC - CMS/input_txtdeal'

2018-05-14 13:53:15 - [TEST_STEP][PASSED] - Statement - case 4:: Text '31.0' is set on object 'Object Repository/MOH AND GRN/Page_KDMC - CMS/input_txtmrp'

2018-05-14 13:53:15 - [TEST_STEP][PASSED] - Statement - return (java.lang.Math.floor((java.lang.Math.random() * ((max - min) + 1))) + min): Text '31.0' is set on object 'Object Repository/MOH AND GRN/Page_KDMC - CMS/input_txtmrp'

2018-05-14 13:53:15 - [MESSAGE][PASSED] - Text '31.0' is set on object 'Object Repository/MOH AND GRN/Page_KDMC - CMS/input_txtmrp'

2018-05-14 13:53:15 - [TEST_STEP][PASSED] - setText: Finding Test Object with id 'Object Repository/MOH AND GRN/Page_KDMC - CMS/input_txtdeal'

2018-05-14 13:53:15 - [TEST_STEP][PASSED] - Statement - switch (id): Finding Test Object with id 'Object Repository/MOH AND GRN/Page_KDMC - CMS/input_txtbatchno'

2018-05-14 13:53:15 - [TEST_STEP][PASSED] - Statement - case 5:: Text '7.0' is set on object 'Object Repository/MOH AND GRN/Page_KDMC - CMS/input_txtdeal'

2018-05-14 13:53:15 - [TEST_STEP][PASSED] - Statement - return (java.lang.Math.floor((java.lang.Math.random() * ((max - min) + 1))) + min): Text '7.0' is set on object 'Object Repository/MOH AND GRN/Page_KDMC - CMS/input_txtdeal'

2018-05-14 13:53:15 - [MESSAGE][PASSED] - Text '7.0' is set on object 'Object Repository/MOH AND GRN/Page_KDMC - CMS/input_txtdeal'

2018-05-14 13:53:15 - [TEST_STEP][PASSED] - setText: Finding Test Object with id 'Object Repository/MOH AND GRN/Page_KDMC - CMS/input_txtbatchno'

2018-05-14 13:53:15 - [TEST_STEP][PASSED] - Statement - switch (id): Finding Test Object with id 'Object Repository/MOH AND GRN/Page_KDMC - CMS/input_txtmrp'

2018-05-14 13:53:15 - [TEST_STEP][PASSED] - Statement - case 1:: Text 'BA201.0' is set on object 'Object Repository/MOH AND GRN/Page_KDMC - CMS/input_txtbatchno'

2018-05-14 13:53:15 - [TEST_STEP][PASSED] - Statement - return (java.lang.Math.floor((java.lang.Math.random() * ((max - min) + 1))) + min): Text 'BA201.0' is set on object 'Object Repository/MOH AND GRN/Page_KDMC - CMS/input_txtbatchno'

2018-05-14 13:53:15 - [MESSAGE][PASSED] - Text 'BA201.0' is set on object 'Object Repository/MOH AND GRN/Page_KDMC - CMS/input_txtbatchno'

2018-05-14 13:53:15 - [TEST_STEP][PASSED] - rightClick: Object: 'Object Repository/GRN/Page_KDMC - CMS/input_txtexpdate' is right clicked on

2018-05-14 13:53:15 - [MESSAGE][PASSED] - Object: 'Object Repository/GRN/Page_KDMC - CMS/input_txtexpdate' is right clicked on

2018-05-14 13:53:15 - [TEST_STEP][PASSED] - selectOptionByIndex: All options with index in [1] are selected on object 'Object Repository/GRN/Page_KDMC - CMS/select_20182019202020212022202'

2018-05-14 13:53:15 - [MESSAGE][PASSED] - All options with index in [1] are selected on object 'Object Repository/GRN/Page_KDMC - CMS/select_20182019202020212022202'

2018-05-14 13:53:15 - [TEST_STEP][PASSED] - selectOptionByIndex: All options with index in [1] are selected on object 'Object Repository/GRN/Page_KDMC - CMS/select_JanFebMarAprMayJunJulAu'

2018-05-14 13:53:15 - [MESSAGE][PASSED] - All options with index in [1] are selected on object 'Object Repository/GRN/Page_KDMC - CMS/select_JanFebMarAprMayJunJulAu'

2018-05-14 13:53:15 - [TEST_STEP][PASSED] - click: Object: 'Object Repository/MOH AND GRN/Page_KDMC - CMS/a_12' is clicked on

2018-05-14 13:53:16 - [MESSAGE][PASSED] - Object: 'Object Repository/MOH AND GRN/Page_KDMC - CMS/a_12' is clicked on

2018-05-14 13:53:16 - [TEST_STEP][PASSED] - click: Object: 'Object Repository/MOH AND GRN/Page_KDMC - CMS/input_btnadd' is clicked on

2018-05-14 13:53:16 - [MESSAGE][PASSED] - Object: 'Object Repository/MOH AND GRN/Page_KDMC - CMS/input_btnadd' is clicked on

2018-05-14 13:53:16 - [TEST_STEP][PASSED] - Statement - If (s == 10): null

2018-05-14 13:53:16 - [TEST_STEP][PASSED] - Statement - Else: null

2018-05-14 13:53:16 - [TEST_STEP][PASSED] - Statement - (s++): null

2018-05-14 13:53:16 - [TEST_STEP][PASSED] - delay: Delayed 1 second(s)

2018-05-14 13:53:17 - [MESSAGE][PASSED] - Delayed 1 second(s)

2018-05-14 13:53:17 - [TEST_STEP][PASSED] - selectOptionByIndex: All options with index in [2] are selected on object 'Object Repository/MOH AND GRN/Page_KDMC - CMS/select_--Select--Amikacin -500'

2018-05-14 13:53:17 - [MESSAGE][PASSED] - All options with index in [2] are selected on object 'Object Repository/MOH AND GRN/Page_KDMC - CMS/select_--Select--Amikacin -500'

2018-05-14 13:53:17 - [TEST_STEP][PASSED] - setText: Text '5000' is set on object 'Object Repository/MOH AND GRN/Page_KDMC - CMS/input_txtqty'

2018-05-14 13:53:17 - [MESSAGE][PASSED] - Text '5000' is set on object 'Object Repository/MOH AND GRN/Page_KDMC - CMS/input_txtqty'

2018-05-14 13:53:17 - [TEST_STEP][PASSED] - selectOptionByIndex: All options with index in [1] are selected on object 'Object Repository/MOH AND GRN/Page_KDMC - CMS/select_--Select--No Tax0'

2018-05-14 13:53:17 - [MESSAGE][PASSED] - All options with index in [1] are selected on object 'Object Repository/MOH AND GRN/Page_KDMC - CMS/select_--Select--No Tax0'

2018-05-14 13:53:17 - [TEST_STEP][PASSED] - setText: Finding Test Object with id 'Object Repository/MOH AND GRN/Page_KDMC - CMS/input_txtmrp'

2018-05-14 13:53:17 - [TEST_STEP][PASSED] - Statement - switch (id): Finding Test Object with id 'Object Repository/MOH AND GRN/Page_KDMC - CMS/input_txtdeal'

2018-05-14 13:53:17 - [TEST_STEP][PASSED] - Statement - case 4:: Text '16.0' is set on object 'Object Repository/MOH AND GRN/Page_KDMC - CMS/input_txtmrp'

2018-05-14 13:53:17 - [TEST_STEP][PASSED] - Statement - return (java.lang.Math.floor((java.lang.Math.random() * ((max - min) + 1))) + min): Text '16.0' is set on object 'Object Repository/MOH AND GRN/Page_KDMC - CMS/input_txtmrp'

2018-05-14 13:53:17 - [MESSAGE][PASSED] - Text '16.0' is set on object 'Object Repository/MOH AND GRN/Page_KDMC - CMS/input_txtmrp'

2018-05-14 13:53:17 - [TEST_STEP][PASSED] - setText: Finding Test Object with id 'Object Repository/MOH AND GRN/Page_KDMC - CMS/input_txtdeal'

2018-05-14 13:53:17 - [TEST_STEP][PASSED] - Statement - switch (id): Finding Test Object with id 'Object Repository/MOH AND GRN/Page_KDMC - CMS/input_txtbatchno'

2018-05-14 13:53:17 - [TEST_STEP][PASSED] - Statement - case 5:: Text '8.0' is set on object 'Object Repository/MOH AND GRN/Page_KDMC - CMS/input_txtdeal'

2018-05-14 13:53:17 - [TEST_STEP][PASSED] - Statement - return (java.lang.Math.floor((java.lang.Math.random() * ((max - min) + 1))) + min): Text '8.0' is set on object 'Object Repository/MOH AND GRN/Page_KDMC - CMS/input_txtdeal'

2018-05-14 13:53:17 - [MESSAGE][PASSED] - Text '8.0' is set on object 'Object Repository/MOH AND GRN/Page_KDMC - CMS/input_txtdeal'

2018-05-14 13:53:17 - [TEST_STEP][PASSED] - setText: Finding Test Object with id 'Object Repository/MOH AND GRN/Page_KDMC - CMS/input_txtbatchno'

2018-05-14 13:53:17 - [TEST_STEP][PASSED] - Statement - switch (id): Finding Test Object with id 'Object Repository/MOH AND GRN/Page_KDMC - CMS/input_txtmrp'

2018-05-14 13:53:17 - [TEST_STEP][PASSED] - Statement - case 1:: Text 'BA121.0' is set on object 'Object Repository/MOH AND GRN/Page_KDMC - CMS/input_txtbatchno'

2018-05-14 13:53:17 - [TEST_STEP][PASSED] - Statement - return (java.lang.Math.floor((java.lang.Math.random() * ((max - min) + 1))) + min): Text 'BA121.0' is set on object 'Object Repository/MOH AND GRN/Page_KDMC - CMS/input_txtbatchno'

2018-05-14 13:53:17 - [MESSAGE][PASSED] - Text 'BA121.0' is set on object 'Object Repository/MOH AND GRN/Page_KDMC - CMS/input_txtbatchno'

2018-05-14 13:53:17 - [TEST_STEP][PASSED] - rightClick: Object: 'Object Repository/GRN/Page_KDMC - CMS/input_txtexpdate' is right clicked on

2018-05-14 13:53:17 - [MESSAGE][PASSED] - Object: 'Object Repository/GRN/Page_KDMC - CMS/input_txtexpdate' is right clicked on

2018-05-14 13:53:17 - [TEST_STEP][PASSED] - selectOptionByIndex: All options with index in [2] are selected on object 'Object Repository/GRN/Page_KDMC - CMS/select_20182019202020212022202'

2018-05-14 13:53:18 - [MESSAGE][PASSED] - All options with index in [2] are selected on object 'Object Repository/GRN/Page_KDMC - CMS/select_20182019202020212022202'

2018-05-14 13:53:18 - [TEST_STEP][PASSED] - selectOptionByIndex: All options with index in [2] are selected on object 'Object Repository/GRN/Page_KDMC - CMS/select_JanFebMarAprMayJunJulAu'

2018-05-14 13:53:18 - [MESSAGE][PASSED] - All options with index in [2] are selected on object 'Object Repository/GRN/Page_KDMC - CMS/select_JanFebMarAprMayJunJulAu'

2018-05-14 13:53:18 - [TEST_STEP][PASSED] - click: Object: 'Object Repository/MOH AND GRN/Page_KDMC - CMS/a_12' is clicked on

2018-05-14 13:53:18 - [MESSAGE][PASSED] - Object: 'Object Repository/MOH AND GRN/Page_KDMC - CMS/a_12' is clicked on

2018-05-14 13:53:18 - [TEST_STEP][PASSED] - click: Object: 'Object Repository/MOH AND GRN/Page_KDMC - CMS/input_btnadd' is clicked on

2018-05-14 13:53:18 - [MESSAGE][PASSED] - Object: 'Object Repository/MOH AND GRN/Page_KDMC - CMS/input_btnadd' is clicked on

2018-05-14 13:53:18 - [TEST_STEP][PASSED] - Statement - If (s == 10): null

2018-05-14 13:53:18 - [TEST_STEP][PASSED] - Statement - Else: null

2018-05-14 13:53:18 - [TEST_STEP][PASSED] - Statement - (s++): null

2018-05-14 13:53:18 - [TEST_STEP][PASSED] - delay: Delayed 1 second(s)

2018-05-14 13:53:19 - [MESSAGE][PASSED] - Delayed 1 second(s)

2018-05-14 13:53:19 - [TEST_STEP][PASSED] - selectOptionByIndex: All options with index in [3] are selected on object 'Object Repository/MOH AND GRN/Page_KDMC - CMS/select_--Select--Amikacin -500'

2018-05-14 13:53:19 - [MESSAGE][PASSED] - All options with index in [3] are selected on object 'Object Repository/MOH AND GRN/Page_KDMC - CMS/select_--Select--Amikacin -500'

2018-05-14 13:53:19 - [TEST_STEP][PASSED] - setText: Text '5000' is set on object 'Object Repository/MOH AND GRN/Page_KDMC - CMS/input_txtqty'

2018-05-14 13:53:19 - [MESSAGE][PASSED] - Text '5000' is set on object 'Object Repository/MOH AND GRN/Page_KDMC - CMS/input_txtqty'

2018-05-14 13:53:19 - [TEST_STEP][PASSED] - selectOptionByIndex: All options with index in [1] are selected on object 'Object Repository/MOH AND GRN/Page_KDMC - CMS/select_--Select--No Tax0'

2018-05-14 13:53:19 - [MESSAGE][PASSED] - All options with index in [1] are selected on object 'Object Repository/MOH AND GRN/Page_KDMC - CMS/select_--Select--No Tax0'

2018-05-14 13:53:19 - [TEST_STEP][PASSED] - setText: Finding Test Object with id 'Object Repository/MOH AND GRN/Page_KDMC - CMS/input_txtmrp'

2018-05-14 13:53:19 - [TEST_STEP][PASSED] - Statement - switch (id): Finding Test Object with id 'Object Repository/MOH AND GRN/Page_KDMC - CMS/input_txtdeal'

2018-05-14 13:53:19 - [TEST_STEP][PASSED] - Statement - case 4:: Text '36.0' is set on object 'Object Repository/MOH AND GRN/Page_KDMC - CMS/input_txtmrp'

2018-05-14 13:53:19 - [TEST_STEP][PASSED] - Statement - return (java.lang.Math.floor((java.lang.Math.random() * ((max - min) + 1))) + min): Text '36.0' is set on object 'Object Repository/MOH AND GRN/Page_KDMC - CMS/input_txtmrp'

2018-05-14 13:53:19 - [MESSAGE][PASSED] - Text '36.0' is set on object 'Object Repository/MOH AND GRN/Page_KDMC - CMS/input_txtmrp'

2018-05-14 13:53:19 - [TEST_STEP][PASSED] - setText: Finding Test Object with id 'Object Repository/MOH AND GRN/Page_KDMC - CMS/input_txtdeal'

2018-05-14 13:53:19 - [TEST_STEP][PASSED] - Statement - switch (id): Finding Test Object with id 'Object Repository/MOH AND GRN/Page_KDMC - CMS/input_txtbatchno'

2018-05-14 13:53:19 - [TEST_STEP][PASSED] - Statement - case 5:: Text '9.0' is set on object 'Object Repository/MOH AND GRN/Page_KDMC - CMS/input_txtdeal'

2018-05-14 13:53:19 - [TEST_STEP][PASSED] - Statement - return (java.lang.Math.floor((java.lang.Math.random() * ((max - min) + 1))) + min): Text '9.0' is set on object 'Object Repository/MOH AND GRN/Page_KDMC - CMS/input_txtdeal'

2018-05-14 13:53:20 - [MESSAGE][PASSED] - Text '9.0' is set on object 'Object Repository/MOH AND GRN/Page_KDMC - CMS/input_txtdeal'

2018-05-14 13:53:20 - [TEST_STEP][PASSED] - setText: Finding Test Object with id 'Object Repository/MOH AND GRN/Page_KDMC - CMS/input_txtbatchno'

2018-05-14 13:53:20 - [TEST_STEP][PASSED] - Statement - switch (id): Finding Test Object with id 'Object Repository/MOH AND GRN/Page_KDMC - CMS/input_txtmrp'

2018-05-14 13:53:20 - [TEST_STEP][PASSED] - Statement - case 1:: Text 'BA706.0' is set on object 'Object Repository/MOH AND GRN/Page_KDMC - CMS/input_txtbatchno'

2018-05-14 13:53:20 - [TEST_STEP][PASSED] - Statement - return (java.lang.Math.floor((java.lang.Math.random() * ((max - min) + 1))) + min): Text 'BA706.0' is set on object 'Object Repository/MOH AND GRN/Page_KDMC - CMS/input_txtbatchno'

2018-05-14 13:53:20 - [MESSAGE][PASSED] - Text 'BA706.0' is set on object 'Object Repository/MOH AND GRN/Page_KDMC - CMS/input_txtbatchno'

2018-05-14 13:53:20 - [TEST_STEP][PASSED] - rightClick: Object: 'Object Repository/GRN/Page_KDMC - CMS/input_txtexpdate' is right clicked on

2018-05-14 13:53:20 - [MESSAGE][PASSED] - Object: 'Object Repository/GRN/Page_KDMC - CMS/input_txtexpdate' is right clicked on

2018-05-14 13:53:20 - [TEST_STEP][PASSED] - selectOptionByIndex: All options with index in [3] are selected on object 'Object Repository/GRN/Page_KDMC - CMS/select_20182019202020212022202'

2018-05-14 13:53:20 - [MESSAGE][PASSED] - All options with index in [3] are selected on object 'Object Repository/GRN/Page_KDMC - CMS/select_20182019202020212022202'

2018-05-14 13:53:20 - [TEST_STEP][PASSED] - selectOptionByIndex: All options with index in [3] are selected on object 'Object Repository/GRN/Page_KDMC - CMS/select_JanFebMarAprMayJunJulAu'

2018-05-14 13:53:20 - [MESSAGE][PASSED] - All options with index in [3] are selected on object 'Object Repository/GRN/Page_KDMC - CMS/select_JanFebMarAprMayJunJulAu'

2018-05-14 13:53:20 - [TEST_STEP][PASSED] - click: Object: 'Object Repository/MOH AND GRN/Page_KDMC - CMS/a_12' is clicked on

2018-05-14 13:53:20 - [MESSAGE][PASSED] - Object: 'Object Repository/MOH AND GRN/Page_KDMC - CMS/a_12' is clicked on

2018-05-14 13:53:20 - [TEST_STEP][PASSED] - click: Object: 'Object Repository/MOH AND GRN/Page_KDMC - CMS/input_btnadd' is clicked on

2018-05-14 13:53:20 - [MESSAGE][PASSED] - Object: 'Object Repository/MOH AND GRN/Page_KDMC - CMS/input_btnadd' is clicked on

2018-05-14 13:53:20 - [TEST_STEP][PASSED] - Statement - If (s == 10): null

2018-05-14 13:53:20 - [TEST_STEP][PASSED] - Statement - Else: null

2018-05-14 13:53:20 - [TEST_STEP][PASSED] - Statement - (s++): null

2018-05-14 13:53:20 - [TEST_STEP][PASSED] - delay: Delayed 1 second(s)

2018-05-14 13:53:21 - [MESSAGE][PASSED] - Delayed 1 second(s)

2018-05-14 13:53:21 - [TEST_STEP][PASSED] - selectOptionByIndex: All options with index in [4] are selected on object 'Object Repository/MOH AND GRN/Page_KDMC - CMS/select_--Select--Amikacin -500'

2018-05-14 13:53:21 - [MESSAGE][PASSED] - All options with index in [4] are selected on object 'Object Repository/MOH AND GRN/Page_KDMC - CMS/select_--Select--Amikacin -500'

2018-05-14 13:53:21 - [TEST_STEP][PASSED] - setText: Text '5000' is set on object 'Object Repository/MOH AND GRN/Page_KDMC - CMS/input_txtqty'

2018-05-14 13:53:22 - [MESSAGE][PASSED] - Text '5000' is set on object 'Object Repository/MOH AND GRN/Page_KDMC - CMS/input_txtqty'

2018-05-14 13:53:22 - [TEST_STEP][PASSED] - selectOptionByIndex: All options with index in [1] are selected on object 'Object Repository/MOH AND GRN/Page_KDMC - CMS/select_--Select--No Tax0'

2018-05-14 13:53:22 - [MESSAGE][PASSED] - All options with index in [1] are selected on object 'Object Repository/MOH AND GRN/Page_KDMC - CMS/select_--Select--No Tax0'

2018-05-14 13:53:22 - [TEST_STEP][PASSED] - setText: Finding Test Object with id 'Object Repository/MOH AND GRN/Page_KDMC - CMS/input_txtmrp'

2018-05-14 13:53:22 - [TEST_STEP][PASSED] - Statement - switch (id): Finding Test Object with id 'Object Repository/MOH AND GRN/Page_KDMC - CMS/input_txtdeal'

2018-05-14 13:53:22 - [TEST_STEP][PASSED] - Statement - case 4:: Text '18.0' is set on object 'Object Repository/MOH AND GRN/Page_KDMC - CMS/input_txtmrp'

2018-05-14 13:53:22 - [TEST_STEP][PASSED] - Statement - return (java.lang.Math.floor((java.lang.Math.random() * ((max - min) + 1))) + min): Text '18.0' is set on object 'Object Repository/MOH AND GRN/Page_KDMC - CMS/input_txtmrp'

2018-05-14 13:53:22 - [MESSAGE][PASSED] - Text '18.0' is set on object 'Object Repository/MOH AND GRN/Page_KDMC - CMS/input_txtmrp'

2018-05-14 13:53:22 - [TEST_STEP][PASSED] - setText: Finding Test Object with id 'Object Repository/MOH AND GRN/Page_KDMC - CMS/input_txtdeal'

2018-05-14 13:53:22 - [TEST_STEP][PASSED] - Statement - switch (id): Finding Test Object with id 'Object Repository/MOH AND GRN/Page_KDMC - CMS/input_txtbatchno'

2018-05-14 13:53:22 - [TEST_STEP][PASSED] - Statement - case 5:: Text '3.0' is set on object 'Object Repository/MOH AND GRN/Page_KDMC - CMS/input_txtdeal'

2018-05-14 13:53:22 - [TEST_STEP][PASSED] - Statement - return (java.lang.Math.floor((java.lang.Math.random() * ((max - min) + 1))) + min): Text '3.0' is set on object 'Object Repository/MOH AND GRN/Page_KDMC - CMS/input_txtdeal'

2018-05-14 13:53:22 - [MESSAGE][PASSED] - Text '3.0' is set on object 'Object Repository/MOH AND GRN/Page_KDMC - CMS/input_txtdeal'

2018-05-14 13:53:22 - [TEST_STEP][PASSED] - setText: Finding Test Object with id 'Object Repository/MOH AND GRN/Page_KDMC - CMS/input_txtbatchno'

2018-05-14 13:53:22 - [TEST_STEP][PASSED] - Statement - switch (id): Finding Test Object with id 'Object Repository/MOH AND GRN/Page_KDMC - CMS/input_txtmrp'

2018-05-14 13:53:22 - [TEST_STEP][PASSED] - Statement - case 1:: Text 'BA922.0' is set on object 'Object Repository/MOH AND GRN/Page_KDMC - CMS/input_txtbatchno'

2018-05-14 13:53:22 - [TEST_STEP][PASSED] - Statement - return (java.lang.Math.floor((java.lang.Math.random() * ((max - min) + 1))) + min): Text 'BA922.0' is set on object 'Object Repository/MOH AND GRN/Page_KDMC - CMS/input_txtbatchno'

2018-05-14 13:53:22 - [MESSAGE][PASSED] - Text 'BA922.0' is set on object 'Object Repository/MOH AND GRN/Page_KDMC - CMS/input_txtbatchno'

2018-05-14 13:53:22 - [TEST_STEP][PASSED] - rightClick: Object: 'Object Repository/GRN/Page_KDMC - CMS/input_txtexpdate' is right clicked on

2018-05-14 13:53:22 - [MESSAGE][PASSED] - Object: 'Object Repository/GRN/Page_KDMC - CMS/input_txtexpdate' is right clicked on

2018-05-14 13:53:22 - [TEST_STEP][PASSED] - selectOptionByIndex: All options with index in [4] are selected on object 'Object Repository/GRN/Page_KDMC - CMS/select_20182019202020212022202'

2018-05-14 13:53:22 - [MESSAGE][PASSED] - All options with index in [4] are selected on object 'Object Repository/GRN/Page_KDMC - CMS/select_20182019202020212022202'

2018-05-14 13:53:22 - [TEST_STEP][PASSED] - selectOptionByIndex: All options with index in [4] are selected on object 'Object Repository/GRN/Page_KDMC - CMS/select_JanFebMarAprMayJunJulAu'

2018-05-14 13:53:22 - [MESSAGE][PASSED] - All options with index in [4] are selected on object 'Object Repository/GRN/Page_KDMC - CMS/select_JanFebMarAprMayJunJulAu'

2018-05-14 13:53:22 - [TEST_STEP][PASSED] - click: Object: 'Object Repository/MOH AND GRN/Page_KDMC - CMS/a_12' is clicked on

2018-05-14 13:53:22 - [MESSAGE][PASSED] - Object: 'Object Repository/MOH AND GRN/Page_KDMC - CMS/a_12' is clicked on

2018-05-14 13:53:22 - [TEST_STEP][PASSED] - click: Object: 'Object Repository/MOH AND GRN/Page_KDMC - CMS/input_btnadd' is clicked on

2018-05-14 13:53:22 - [MESSAGE][PASSED] - Object: 'Object Repository/MOH AND GRN/Page_KDMC - CMS/input_btnadd' is clicked on

2018-05-14 13:53:22 - [TEST_STEP][PASSED] - Statement - If (s == 10): null

2018-05-14 13:53:22 - [TEST_STEP][PASSED] - Statement - Else: null

2018-05-14 13:53:22 - [TEST_STEP][PASSED] - Statement - (s++): null

2018-05-14 13:53:22 - [TEST_STEP][PASSED] - delay: Delayed 1 second(s)

2018-05-14 13:53:23 - [MESSAGE][PASSED] - Delayed 1 second(s)

2018-05-14 13:53:23 - [TEST_STEP][PASSED] - selectOptionByIndex: All options with index in [5] are selected on object 'Object Repository/MOH AND GRN/Page_KDMC - CMS/select_--Select--Amikacin -500'

2018-05-14 13:53:24 - [MESSAGE][PASSED] - All options with index in [5] are selected on object 'Object Repository/MOH AND GRN/Page_KDMC - CMS/select_--Select--Amikacin -500'

2018-05-14 13:53:24 - [TEST_STEP][PASSED] - setText: Text '5000' is set on object 'Object Repository/MOH AND GRN/Page_KDMC - CMS/input_txtqty'

2018-05-14 13:53:24 - [MESSAGE][PASSED] - Text '5000' is set on object 'Object Repository/MOH AND GRN/Page_KDMC - CMS/input_txtqty'

2018-05-14 13:53:24 - [TEST_STEP][PASSED] - selectOptionByIndex: All options with index in [1] are selected on object 'Object Repository/MOH AND GRN/Page_KDMC - CMS/select_--Select--No Tax0'

2018-05-14 13:53:24 - [MESSAGE][PASSED] - All options with index in [1] are selected on object 'Object Repository/MOH AND GRN/Page_KDMC - CMS/select_--Select--No Tax0'

2018-05-14 13:53:24 - [TEST_STEP][PASSED] - setText: Finding Test Object with id 'Object Repository/MOH AND GRN/Page_KDMC - CMS/input_txtmrp'

2018-05-14 13:53:24 - [TEST_STEP][PASSED] - Statement - switch (id): Finding Test Object with id 'Object Repository/MOH AND GRN/Page_KDMC - CMS/input_txtdeal'

2018-05-14 13:53:24 - [TEST_STEP][PASSED] - Statement - case 4:: Text '20.0' is set on object 'Object Repository/MOH AND GRN/Page_KDMC - CMS/input_txtmrp'

2018-05-14 13:53:24 - [TEST_STEP][PASSED] - Statement - return (java.lang.Math.floor((java.lang.Math.random() * ((max - min) + 1))) + min): Text '20.0' is set on object 'Object Repository/MOH AND GRN/Page_KDMC - CMS/input_txtmrp'

2018-05-14 13:53:24 - [MESSAGE][PASSED] - Text '20.0' is set on object 'Object Repository/MOH AND GRN/Page_KDMC - CMS/input_txtmrp'

2018-05-14 13:53:24 - [TEST_STEP][PASSED] - setText: Finding Test Object with id 'Object Repository/MOH AND GRN/Page_KDMC - CMS/input_txtdeal'

2018-05-14 13:53:24 - [TEST_STEP][PASSED] - Statement - switch (id): Finding Test Object with id 'Object Repository/MOH AND GRN/Page_KDMC - CMS/input_txtbatchno'

2018-05-14 13:53:24 - [TEST_STEP][PASSED] - Statement - case 5:: Text '4.0' is set on object 'Object Repository/MOH AND GRN/Page_KDMC - CMS/input_txtdeal'

2018-05-14 13:53:24 - [TEST_STEP][PASSED] - Statement - return (java.lang.Math.floor((java.lang.Math.random() * ((max - min) + 1))) + min): Text '4.0' is set on object 'Object Repository/MOH AND GRN/Page_KDMC - CMS/input_txtdeal'

2018-05-14 13:53:24 - [MESSAGE][PASSED] - Text '4.0' is set on object 'Object Repository/MOH AND GRN/Page_KDMC - CMS/input_txtdeal'

2018-05-14 13:53:24 - [TEST_STEP][PASSED] - setText: Finding Test Object with id 'Object Repository/MOH AND GRN/Page_KDMC - CMS/input_txtbatchno'

2018-05-14 13:53:24 - [TEST_STEP][PASSED] - Statement - switch (id): Finding Test Object with id 'Object Repository/MOH AND GRN/Page_KDMC - CMS/input_txtmrp'

2018-05-14 13:53:24 - [TEST_STEP][PASSED] - Statement - case 1:: Text 'BA124.0' is set on object 'Object Repository/MOH AND GRN/Page_KDMC - CMS/input_txtbatchno'

2018-05-14 13:53:24 - [TEST_STEP][PASSED] - Statement - return (java.lang.Math.floor((java.lang.Math.random() * ((max - min) + 1))) + min): Text 'BA124.0' is set on object 'Object Repository/MOH AND GRN/Page_KDMC - CMS/input_txtbatchno'

2018-05-14 13:53:24 - [MESSAGE][PASSED] - Text 'BA124.0' is set on object 'Object Repository/MOH AND GRN/Page_KDMC - CMS/input_txtbatchno'

2018-05-14 13:53:24 - [TEST_STEP][PASSED] - rightClick: Object: 'Object Repository/GRN/Page_KDMC - CMS/input_txtexpdate' is right clicked on

2018-05-14 13:53:24 - [MESSAGE][PASSED] - Object: 'Object Repository/GRN/Page_KDMC - CMS/input_txtexpdate' is right clicked on

2018-05-14 13:53:24 - [TEST_STEP][PASSED] - selectOptionByIndex: All options with index in [5] are selected on object 'Object Repository/GRN/Page_KDMC - CMS/select_20182019202020212022202'

2018-05-14 13:53:24 - [MESSAGE][PASSED] - All options with index in [5] are selected on object 'Object Repository/GRN/Page_KDMC - CMS/select_20182019202020212022202'

2018-05-14 13:53:24 - [TEST_STEP][PASSED] - selectOptionByIndex: All options with index in [5] are selected on object 'Object Repository/GRN/Page_KDMC - CMS/select_JanFebMarAprMayJunJulAu'

2018-05-14 13:53:25 - [MESSAGE][PASSED] - All options with index in [5] are selected on object 'Object Repository/GRN/Page_KDMC - CMS/select_JanFebMarAprMayJunJulAu'

2018-05-14 13:53:25 - [TEST_STEP][PASSED] - click: Object: 'Object Repository/MOH AND GRN/Page_KDMC - CMS/a_12' is clicked on

2018-05-14 13:53:25 - [MESSAGE][PASSED] - Object: 'Object Repository/MOH AND GRN/Page_KDMC - CMS/a_12' is clicked on

2018-05-14 13:53:25 - [TEST_STEP][PASSED] - click: Object: 'Object Repository/MOH AND GRN/Page_KDMC - CMS/input_btnadd' is clicked on

2018-05-14 13:53:25 - [MESSAGE][PASSED] - Object: 'Object Repository/MOH AND GRN/Page_KDMC - CMS/input_btnadd' is clicked on

2018-05-14 13:53:25 - [TEST_STEP][PASSED] - Statement - If (s == 10): null

2018-05-14 13:53:25 - [TEST_STEP][PASSED] - Statement - Else: null

2018-05-14 13:53:25 - [TEST_STEP][PASSED] - Statement - (s++): null

2018-05-14 13:53:25 - [TEST_STEP][PASSED] - delay: Delayed 1 second(s)

2018-05-14 13:53:26 - [MESSAGE][PASSED] - Delayed 1 second(s)

2018-05-14 13:53:26 - [TEST_STEP][PASSED] - selectOptionByIndex: All options with index in [6] are selected on object 'Object Repository/MOH AND GRN/Page_KDMC - CMS/select_--Select--Amikacin -500'

2018-05-14 13:53:26 - [MESSAGE][PASSED] - All options with index in [6] are selected on object 'Object Repository/MOH AND GRN/Page_KDMC - CMS/select_--Select--Amikacin -500'

2018-05-14 13:53:26 - [TEST_STEP][PASSED] - setText: Text '5000' is set on object 'Object Repository/MOH AND GRN/Page_KDMC - CMS/input_txtqty'

2018-05-14 13:53:26 - [MESSAGE][PASSED] - Text '5000' is set on object 'Object Repository/MOH AND GRN/Page_KDMC - CMS/input_txtqty'

2018-05-14 13:53:26 - [TEST_STEP][PASSED] - selectOptionByIndex: All options with index in [1] are selected on object 'Object Repository/MOH AND GRN/Page_KDMC - CMS/select_--Select--No Tax0'

2018-05-14 13:53:26 - [MESSAGE][PASSED] - All options with index in [1] are selected on object 'Object Repository/MOH AND GRN/Page_KDMC - CMS/select_--Select--No Tax0'

2018-05-14 13:53:26 - [TEST_STEP][PASSED] - setText: Finding Test Object with id 'Object Repository/MOH AND GRN/Page_KDMC - CMS/input_txtmrp'

2018-05-14 13:53:26 - [TEST_STEP][PASSED] - Statement - switch (id): Finding Test Object with id 'Object Repository/MOH AND GRN/Page_KDMC - CMS/input_txtdeal'

2018-05-14 13:53:26 - [TEST_STEP][PASSED] - Statement - case 4:: Text '38.0' is set on object 'Object Repository/MOH AND GRN/Page_KDMC - CMS/input_txtmrp'

2018-05-14 13:53:26 - [TEST_STEP][PASSED] - Statement - return (java.lang.Math.floor((java.lang.Math.random() * ((max - min) + 1))) + min): Text '38.0' is set on object 'Object Repository/MOH AND GRN/Page_KDMC - CMS/input_txtmrp'

2018-05-14 13:53:26 - [MESSAGE][PASSED] - Text '38.0' is set on object 'Object Repository/MOH AND GRN/Page_KDMC - CMS/input_txtmrp'

2018-05-14 13:53:26 - [TEST_STEP][PASSED] - setText: Finding Test Object with id 'Object Repository/MOH AND GRN/Page_KDMC - CMS/input_txtdeal'

2018-05-14 13:53:26 - [TEST_STEP][PASSED] - Statement - switch (id): Finding Test Object with id 'Object Repository/MOH AND GRN/Page_KDMC - CMS/input_txtbatchno'

2018-05-14 13:53:26 - [TEST_STEP][PASSED] - Statement - case 5:: Text '1.0' is set on object 'Object Repository/MOH AND GRN/Page_KDMC - CMS/input_txtdeal'

2018-05-14 13:53:26 - [TEST_STEP][PASSED] - Statement - return (java.lang.Math.floor((java.lang.Math.random() * ((max - min) + 1))) + min): Text '1.0' is set on object 'Object Repository/MOH AND GRN/Page_KDMC - CMS/input_txtdeal'

2018-05-14 13:53:26 - [MESSAGE][PASSED] - Text '1.0' is set on object 'Object Repository/MOH AND GRN/Page_KDMC - CMS/input_txtdeal'

2018-05-14 13:53:26 - [TEST_STEP][PASSED] - setText: Finding Test Object with id 'Object Repository/MOH AND GRN/Page_KDMC - CMS/input_txtbatchno'

2018-05-14 13:53:26 - [TEST_STEP][PASSED] - Statement - switch (id): Finding Test Object with id 'Object Repository/MOH AND GRN/Page_KDMC - CMS/input_txtmrp'

2018-05-14 13:53:26 - [TEST_STEP][PASSED] - Statement - case 1:: Text 'BA776.0' is set on object 'Object Repository/MOH AND GRN/Page_KDMC - CMS/input_txtbatchno'

2018-05-14 13:53:26 - [TEST_STEP][PASSED] - Statement - return (java.lang.Math.floor((java.lang.Math.random() * ((max - min) + 1))) + min): Text 'BA776.0' is set on object 'Object Repository/MOH AND GRN/Page_KDMC - CMS/input_txtbatchno'

2018-05-14 13:53:27 - [MESSAGE][PASSED] - Text 'BA776.0' is set on object 'Object Repository/MOH AND GRN/Page_KDMC - CMS/input_txtbatchno'

2018-05-14 13:53:27 - [TEST_STEP][PASSED] - rightClick: Object: 'Object Repository/GRN/Page_KDMC - CMS/input_txtexpdate' is right clicked on

2018-05-14 13:53:27 - [MESSAGE][PASSED] - Object: 'Object Repository/GRN/Page_KDMC - CMS/input_txtexpdate' is right clicked on

2018-05-14 13:53:27 - [TEST_STEP][PASSED] - selectOptionByIndex: All options with index in [6] are selected on object 'Object Repository/GRN/Page_KDMC - CMS/select_20182019202020212022202'

2018-05-14 13:53:27 - [MESSAGE][PASSED] - All options with index in [6] are selected on object 'Object Repository/GRN/Page_KDMC - CMS/select_20182019202020212022202'

2018-05-14 13:53:27 - [TEST_STEP][PASSED] - selectOptionByIndex: All options with index in [6] are selected on object 'Object Repository/GRN/Page_KDMC - CMS/select_JanFebMarAprMayJunJulAu'

2018-05-14 13:53:27 - [MESSAGE][PASSED] - All options with index in [6] are selected on object 'Object Repository/GRN/Page_KDMC - CMS/select_JanFebMarAprMayJunJulAu'

2018-05-14 13:53:27 - [TEST_STEP][PASSED] - click: Object: 'Object Repository/MOH AND GRN/Page_KDMC - CMS/a_12' is clicked on

2018-05-14 13:53:27 - [MESSAGE][PASSED] - Object: 'Object Repository/MOH AND GRN/Page_KDMC - CMS/a_12' is clicked on

2018-05-14 13:53:27 - [TEST_STEP][PASSED] - click: Object: 'Object Repository/MOH AND GRN/Page_KDMC - CMS/input_btnadd' is clicked on

2018-05-14 13:53:27 - [MESSAGE][PASSED] - Object: 'Object Repository/MOH AND GRN/Page_KDMC - CMS/input_btnadd' is clicked on

2018-05-14 13:53:27 - [TEST_STEP][PASSED] - Statement - If (s == 10): null

2018-05-14 13:53:27 - [TEST_STEP][PASSED] - Statement - Else: null

2018-05-14 13:53:27 - [TEST_STEP][PASSED] - Statement - (s++): null

2018-05-14 13:53:27 - [TEST_STEP][PASSED] - delay: Delayed 1 second(s)

2018-05-14 13:53:28 - [MESSAGE][PASSED] - Delayed 1 second(s)

2018-05-14 13:53:28 - [TEST_STEP][PASSED] - selectOptionByIndex: All options with index in [7] are selected on object 'Object Repository/MOH AND GRN/Page_KDMC - CMS/select_--Select--Amikacin -500'

2018-05-14 13:53:28 - [MESSAGE][PASSED] - All options with index in [7] are selected on object 'Object Repository/MOH AND GRN/Page_KDMC - CMS/select_--Select--Amikacin -500'

2018-05-14 13:53:28 - [TEST_STEP][PASSED] - setText: Text '5000' is set on object 'Object Repository/MOH AND GRN/Page_KDMC - CMS/input_txtqty'

2018-05-14 13:53:29 - [MESSAGE][PASSED] - Text '5000' is set on object 'Object Repository/MOH AND GRN/Page_KDMC - CMS/input_txtqty'

2018-05-14 13:53:29 - [TEST_STEP][PASSED] - selectOptionByIndex: All options with index in [1] are selected on object 'Object Repository/MOH AND GRN/Page_KDMC - CMS/select_--Select--No Tax0'

2018-05-14 13:53:29 - [MESSAGE][PASSED] - All options with index in [1] are selected on object 'Object Repository/MOH AND GRN/Page_KDMC - CMS/select_--Select--No Tax0'

2018-05-14 13:53:29 - [TEST_STEP][PASSED] - setText: Finding Test Object with id 'Object Repository/MOH AND GRN/Page_KDMC - CMS/input_txtmrp'

2018-05-14 13:53:29 - [TEST_STEP][PASSED] - Statement - switch (id): Finding Test Object with id 'Object Repository/MOH AND GRN/Page_KDMC - CMS/input_txtdeal'

2018-05-14 13:53:29 - [TEST_STEP][PASSED] - Statement - case 4:: Text '20.0' is set on object 'Object Repository/MOH AND GRN/Page_KDMC - CMS/input_txtmrp'

2018-05-14 13:53:29 - [TEST_STEP][PASSED] - Statement - return (java.lang.Math.floor((java.lang.Math.random() * ((max - min) + 1))) + min): Text '20.0' is set on object 'Object Repository/MOH AND GRN/Page_KDMC - CMS/input_txtmrp'

2018-05-14 13:53:29 - [MESSAGE][PASSED] - Text '20.0' is set on object 'Object Repository/MOH AND GRN/Page_KDMC - CMS/input_txtmrp'

2018-05-14 13:53:29 - [TEST_STEP][PASSED] - setText: Finding Test Object with id 'Object Repository/MOH AND GRN/Page_KDMC - CMS/input_txtdeal'

2018-05-14 13:53:29 - [TEST_STEP][PASSED] - Statement - switch (id): Finding Test Object with id 'Object Repository/MOH AND GRN/Page_KDMC - CMS/input_txtbatchno'

2018-05-14 13:53:29 - [TEST_STEP][PASSED] - Statement - case 5:: Text '11.0' is set on object 'Object Repository/MOH AND GRN/Page_KDMC - CMS/input_txtdeal'

2018-05-14 13:53:29 - [TEST_STEP][PASSED] - Statement - return (java.lang.Math.floor((java.lang.Math.random() * ((max - min) + 1))) + min): Text '11.0' is set on object 'Object Repository/MOH AND GRN/Page_KDMC - CMS/input_txtdeal'

2018-05-14 13:53:29 - [MESSAGE][PASSED] - Text '11.0' is set on object 'Object Repository/MOH AND GRN/Page_KDMC - CMS/input_txtdeal'

2018-05-14 13:53:29 - [TEST_STEP][PASSED] - setText: Finding Test Object with id 'Object Repository/MOH AND GRN/Page_KDMC - CMS/input_txtbatchno'

2018-05-14 13:53:29 - [TEST_STEP][PASSED] - Statement - switch (id): Finding Test Object with id 'Object Repository/MOH AND GRN/Page_KDMC - CMS/input_txtmrp'

2018-05-14 13:53:29 - [TEST_STEP][PASSED] - Statement - case 1:: Text 'BA676.0' is set on object 'Object Repository/MOH AND GRN/Page_KDMC - CMS/input_txtbatchno'

2018-05-14 13:53:29 - [TEST_STEP][PASSED] - Statement - return (java.lang.Math.floor((java.lang.Math.random() * ((max - min) + 1))) + min): Text 'BA676.0' is set on object 'Object Repository/MOH AND GRN/Page_KDMC - CMS/input_txtbatchno'

2018-05-14 13:53:29 - [MESSAGE][PASSED] - Text 'BA676.0' is set on object 'Object Repository/MOH AND GRN/Page_KDMC - CMS/input_txtbatchno'

2018-05-14 13:53:29 - [TEST_STEP][PASSED] - rightClick: Object: 'Object Repository/GRN/Page_KDMC - CMS/input_txtexpdate' is right clicked on

2018-05-14 13:53:29 - [MESSAGE][PASSED] - Object: 'Object Repository/GRN/Page_KDMC - CMS/input_txtexpdate' is right clicked on

2018-05-14 13:53:29 - [TEST_STEP][PASSED] - selectOptionByIndex: All options with index in [7] are selected on object 'Object Repository/GRN/Page_KDMC - CMS/select_20182019202020212022202'

2018-05-14 13:53:29 - [MESSAGE][PASSED] - All options with index in [7] are selected on object 'Object Repository/GRN/Page_KDMC - CMS/select_20182019202020212022202'

2018-05-14 13:53:29 - [TEST_STEP][PASSED] - selectOptionByIndex: All options with index in [7] are selected on object 'Object Repository/GRN/Page_KDMC - CMS/select_JanFebMarAprMayJunJulAu'

2018-05-14 13:53:30 - [MESSAGE][PASSED] - All options with index in [7] are selected on object 'Object Repository/GRN/Page_KDMC - CMS/select_JanFebMarAprMayJunJulAu'

2018-05-14 13:53:30 - [TEST_STEP][PASSED] - click: Object: 'Object Repository/MOH AND GRN/Page_KDMC - CMS/a_12' is clicked on

2018-05-14 13:53:30 - [MESSAGE][PASSED] - Object: 'Object Repository/MOH AND GRN/Page_KDMC - CMS/a_12' is clicked on

2018-05-14 13:53:30 - [TEST_STEP][PASSED] - click: Object: 'Object Repository/MOH AND GRN/Page_KDMC - CMS/input_btnadd' is clicked on

2018-05-14 13:53:30 - [MESSAGE][PASSED] - Object: 'Object Repository/MOH AND GRN/Page_KDMC - CMS/input_btnadd' is clicked on

2018-05-14 13:53:30 - [TEST_STEP][PASSED] - Statement - If (s == 10): null

2018-05-14 13:53:30 - [TEST_STEP][PASSED] - Statement - Else: null

2018-05-14 13:53:30 - [TEST_STEP][PASSED] - Statement - (s++): null

2018-05-14 13:53:30 - [TEST_STEP][PASSED] - delay: Delayed 1 second(s)

2018-05-14 13:53:31 - [MESSAGE][PASSED] - Delayed 1 second(s)

2018-05-14 13:53:31 - [TEST_STEP][PASSED] - selectOptionByIndex: All options with index in [8] are selected on object 'Object Repository/MOH AND GRN/Page_KDMC - CMS/select_--Select--Amikacin -500'

2018-05-14 13:53:31 - [MESSAGE][PASSED] - All options with index in [8] are selected on object 'Object Repository/MOH AND GRN/Page_KDMC - CMS/select_--Select--Amikacin -500'

2018-05-14 13:53:31 - [TEST_STEP][PASSED] - setText: Text '5000' is set on object 'Object Repository/MOH AND GRN/Page_KDMC - CMS/input_txtqty'

2018-05-14 13:53:31 - [MESSAGE][PASSED] - Text '5000' is set on object 'Object Repository/MOH AND GRN/Page_KDMC - CMS/input_txtqty'

2018-05-14 13:53:31 - [TEST_STEP][PASSED] - selectOptionByIndex: All options with index in [1] are selected on object 'Object Repository/MOH AND GRN/Page_KDMC - CMS/select_--Select--No Tax0'

2018-05-14 13:53:31 - [MESSAGE][PASSED] - All options with index in [1] are selected on object 'Object Repository/MOH AND GRN/Page_KDMC - CMS/select_--Select--No Tax0'

2018-05-14 13:53:31 - [TEST_STEP][PASSED] - setText: Finding Test Object with id 'Object Repository/MOH AND GRN/Page_KDMC - CMS/input_txtmrp'

2018-05-14 13:53:31 - [TEST_STEP][PASSED] - Statement - switch (id): Finding Test Object with id 'Object Repository/MOH AND GRN/Page_KDMC - CMS/input_txtdeal'

2018-05-14 13:53:31 - [TEST_STEP][PASSED] - Statement - case 4:: Text '35.0' is set on object 'Object Repository/MOH AND GRN/Page_KDMC - CMS/input_txtmrp'

2018-05-14 13:53:31 - [TEST_STEP][PASSED] - Statement - return (java.lang.Math.floor((java.lang.Math.random() * ((max - min) + 1))) + min): Text '35.0' is set on object 'Object Repository/MOH AND GRN/Page_KDMC - CMS/input_txtmrp'

2018-05-14 13:53:31 - [MESSAGE][PASSED] - Text '35.0' is set on object 'Object Repository/MOH AND GRN/Page_KDMC - CMS/input_txtmrp'

2018-05-14 13:53:31 - [TEST_STEP][PASSED] - setText: Finding Test Object with id 'Object Repository/MOH AND GRN/Page_KDMC - CMS/input_txtdeal'

2018-05-14 13:53:31 - [TEST_STEP][PASSED] - Statement - switch (id): Finding Test Object with id 'Object Repository/MOH AND GRN/Page_KDMC - CMS/input_txtbatchno'

2018-05-14 13:53:31 - [TEST_STEP][PASSED] - Statement - case 5:: Text '11.0' is set on object 'Object Repository/MOH AND GRN/Page_KDMC - CMS/input_txtdeal'

2018-05-14 13:53:31 - [TEST_STEP][PASSED] - Statement - return (java.lang.Math.floor((java.lang.Math.random() * ((max - min) + 1))) + min): Text '11.0' is set on object 'Object Repository/MOH AND GRN/Page_KDMC - CMS/input_txtdeal'

2018-05-14 13:53:31 - [MESSAGE][PASSED] - Text '11.0' is set on object 'Object Repository/MOH AND GRN/Page_KDMC - CMS/input_txtdeal'

2018-05-14 13:53:31 - [TEST_STEP][PASSED] - setText: Finding Test Object with id 'Object Repository/MOH AND GRN/Page_KDMC - CMS/input_txtbatchno'

2018-05-14 13:53:31 - [TEST_STEP][PASSED] - Statement - switch (id): Finding Test Object with id 'Object Repository/MOH AND GRN/Page_KDMC - CMS/input_txtmrp'

2018-05-14 13:53:31 - [TEST_STEP][PASSED] - Statement - case 1:: Text 'BA741.0' is set on object 'Object Repository/MOH AND GRN/Page_KDMC - CMS/input_txtbatchno'

2018-05-14 13:53:31 - [TEST_STEP][PASSED] - Statement - return (java.lang.Math.floor((java.lang.Math.random() * ((max - min) + 1))) + min): Text 'BA741.0' is set on object 'Object Repository/MOH AND GRN/Page_KDMC - CMS/input_txtbatchno'

2018-05-14 13:53:32 - [MESSAGE][PASSED] - Text 'BA741.0' is set on object 'Object Repository/MOH AND GRN/Page_KDMC - CMS/input_txtbatchno'

2018-05-14 13:53:32 - [TEST_STEP][PASSED] - rightClick: Object: 'Object Repository/GRN/Page_KDMC - CMS/input_txtexpdate' is right clicked on

2018-05-14 13:53:32 - [MESSAGE][PASSED] - Object: 'Object Repository/GRN/Page_KDMC - CMS/input_txtexpdate' is right clicked on

2018-05-14 13:53:32 - [TEST_STEP][PASSED] - selectOptionByIndex: All options with index in [8] are selected on object 'Object Repository/GRN/Page_KDMC - CMS/select_20182019202020212022202'

2018-05-14 13:53:32 - [MESSAGE][PASSED] - All options with index in [8] are selected on object 'Object Repository/GRN/Page_KDMC - CMS/select_20182019202020212022202'

2018-05-14 13:53:32 - [TEST_STEP][PASSED] - selectOptionByIndex: All options with index in [8] are selected on object 'Object Repository/GRN/Page_KDMC - CMS/select_JanFebMarAprMayJunJulAu'

2018-05-14 13:53:32 - [MESSAGE][PASSED] - All options with index in [8] are selected on object 'Object Repository/GRN/Page_KDMC - CMS/select_JanFebMarAprMayJunJulAu'

2018-05-14 13:53:32 - [TEST_STEP][PASSED] - click: Object: 'Object Repository/MOH AND GRN/Page_KDMC - CMS/a_12' is clicked on

2018-05-14 13:53:32 - [MESSAGE][PASSED] - Object: 'Object Repository/MOH AND GRN/Page_KDMC - CMS/a_12' is clicked on

2018-05-14 13:53:32 - [TEST_STEP][PASSED] - click: Object: 'Object Repository/MOH AND GRN/Page_KDMC - CMS/input_btnadd' is clicked on

2018-05-14 13:53:32 - [MESSAGE][PASSED] - Object: 'Object Repository/MOH AND GRN/Page_KDMC - CMS/input_btnadd' is clicked on

2018-05-14 13:53:32 - [TEST_STEP][PASSED] - Statement - If (s == 10): null

2018-05-14 13:53:32 - [TEST_STEP][PASSED] - Statement - Else: null

2018-05-14 13:53:32 - [TEST_STEP][PASSED] - Statement - (s++): null

2018-05-14 13:53:32 - [TEST_STEP][PASSED] - delay: Delayed 1 second(s)

2018-05-14 13:53:33 - [MESSAGE][PASSED] - Delayed 1 second(s)

2018-05-14 13:53:33 - [TEST_STEP][PASSED] - selectOptionByIndex: All options with index in [9] are selected on object 'Object Repository/MOH AND GRN/Page_KDMC - CMS/select_--Select--Amikacin -500'

2018-05-14 13:53:33 - [MESSAGE][PASSED] - All options with index in [9] are selected on object 'Object Repository/MOH AND GRN/Page_KDMC - CMS/select_--Select--Amikacin -500'

2018-05-14 13:53:33 - [TEST_STEP][PASSED] - setText: Text '5000' is set on object 'Object Repository/MOH AND GRN/Page_KDMC - CMS/input_txtqty'

2018-05-14 13:53:34 - [MESSAGE][PASSED] - Text '5000' is set on object 'Object Repository/MOH AND GRN/Page_KDMC - CMS/input_txtqty'

2018-05-14 13:53:34 - [TEST_STEP][PASSED] - selectOptionByIndex: All options with index in [1] are selected on object 'Object Repository/MOH AND GRN/Page_KDMC - CMS/select_--Select--No Tax0'

2018-05-14 13:53:34 - [MESSAGE][PASSED] - All options with index in [1] are selected on object 'Object Repository/MOH AND GRN/Page_KDMC - CMS/select_--Select--No Tax0'

2018-05-14 13:53:34 - [TEST_STEP][PASSED] - setText: Finding Test Object with id 'Object Repository/MOH AND GRN/Page_KDMC - CMS/input_txtmrp'

2018-05-14 13:53:34 - [TEST_STEP][PASSED] - Statement - switch (id): Finding Test Object with id 'Object Repository/MOH AND GRN/Page_KDMC - CMS/input_txtdeal'

2018-05-14 13:53:34 - [TEST_STEP][PASSED] - Statement - case 4:: Text '24.0' is set on object 'Object Repository/MOH AND GRN/Page_KDMC - CMS/input_txtmrp'

2018-05-14 13:53:34 - [TEST_STEP][PASSED] - Statement - return (java.lang.Math.floor((java.lang.Math.random() * ((max - min) + 1))) + min): Text '24.0' is set on object 'Object Repository/MOH AND GRN/Page_KDMC - CMS/input_txtmrp'

2018-05-14 13:53:34 - [MESSAGE][PASSED] - Text '24.0' is set on object 'Object Repository/MOH AND GRN/Page_KDMC - CMS/input_txtmrp'

2018-05-14 13:53:34 - [TEST_STEP][PASSED] - setText: Finding Test Object with id 'Object Repository/MOH AND GRN/Page_KDMC - CMS/input_txtdeal'

2018-05-14 13:53:34 - [TEST_STEP][PASSED] - Statement - switch (id): Finding Test Object with id 'Object Repository/MOH AND GRN/Page_KDMC - CMS/input_txtbatchno'

2018-05-14 13:53:34 - [TEST_STEP][PASSED] - Statement - case 5:: Text '10.0' is set on object 'Object Repository/MOH AND GRN/Page_KDMC - CMS/input_txtdeal'

2018-05-14 13:53:34 - [TEST_STEP][PASSED] - Statement - return (java.lang.Math.floor((java.lang.Math.random() * ((max - min) + 1))) + min): Text '10.0' is set on object 'Object Repository/MOH AND GRN/Page_KDMC - CMS/input_txtdeal'

2018-05-14 13:53:34 - [MESSAGE][PASSED] - Text '10.0' is set on object 'Object Repository/MOH AND GRN/Page_KDMC - CMS/input_txtdeal'

2018-05-14 13:53:34 - [TEST_STEP][PASSED] - setText: Finding Test Object with id 'Object Repository/MOH AND GRN/Page_KDMC - CMS/input_txtbatchno'

2018-05-14 13:53:34 - [TEST_STEP][PASSED] - Statement - switch (id): Finding Test Object with id 'Object Repository/MOH AND GRN/Page_KDMC - CMS/input_txtmrp'

2018-05-14 13:53:34 - [TEST_STEP][PASSED] - Statement - case 1:: Text 'BA850.0' is set on object 'Object Repository/MOH AND GRN/Page_KDMC - CMS/input_txtbatchno'

2018-05-14 13:53:34 - [TEST_STEP][PASSED] - Statement - return (java.lang.Math.floor((java.lang.Math.random() * ((max - min) + 1))) + min): Text 'BA850.0' is set on object 'Object Repository/MOH AND GRN/Page_KDMC - CMS/input_txtbatchno'

2018-05-14 13:53:34 - [MESSAGE][PASSED] - Text 'BA850.0' is set on object 'Object Repository/MOH AND GRN/Page_KDMC - CMS/input_txtbatchno'

2018-05-14 13:53:34 - [TEST_STEP][PASSED] - rightClick: Object: 'Object Repository/GRN/Page_KDMC - CMS/input_txtexpdate' is right clicked on

2018-05-14 13:53:34 - [MESSAGE][PASSED] - Object: 'Object Repository/GRN/Page_KDMC - CMS/input_txtexpdate' is right clicked on

2018-05-14 13:53:34 - [TEST_STEP][PASSED] - selectOptionByIndex: All options with index in [9] are selected on object 'Object Repository/GRN/Page_KDMC - CMS/select_20182019202020212022202'

2018-05-14 13:53:34 - [MESSAGE][PASSED] - All options with index in [9] are selected on object 'Object Repository/GRN/Page_KDMC - CMS/select_20182019202020212022202'

2018-05-14 13:53:34 - [TEST_STEP][PASSED] - selectOptionByIndex: All options with index in [9] are selected on object 'Object Repository/GRN/Page_KDMC - CMS/select_JanFebMarAprMayJunJulAu'

2018-05-14 13:53:35 - [MESSAGE][PASSED] - All options with index in [9] are selected on object 'Object Repository/GRN/Page_KDMC - CMS/select_JanFebMarAprMayJunJulAu'

2018-05-14 13:53:35 - [TEST_STEP][PASSED] - click: Object: 'Object Repository/MOH AND GRN/Page_KDMC - CMS/a_12' is clicked on

2018-05-14 13:53:35 - [MESSAGE][PASSED] - Object: 'Object Repository/MOH AND GRN/Page_KDMC - CMS/a_12' is clicked on

2018-05-14 13:53:35 - [TEST_STEP][PASSED] - click: Object: 'Object Repository/MOH AND GRN/Page_KDMC - CMS/input_btnadd' is clicked on

2018-05-14 13:53:35 - [MESSAGE][PASSED] - Object: 'Object Repository/MOH AND GRN/Page_KDMC - CMS/input_btnadd' is clicked on

2018-05-14 13:53:35 - [TEST_STEP][PASSED] - Statement - If (s == 10): null

2018-05-14 13:53:35 - [TEST_STEP][PASSED] - Statement - Else: null

2018-05-14 13:53:35 - [TEST_STEP][PASSED] - Statement - (s++): null

2018-05-14 13:53:35 - [TEST_STEP][PASSED] - delay: Delayed 1 second(s)

2018-05-14 13:53:36 - [MESSAGE][PASSED] - Delayed 1 second(s)

2018-05-14 13:53:36 - [TEST_STEP][PASSED] - selectOptionByIndex: All options with index in [10] are selected on object 'Object Repository/MOH AND GRN/Page_KDMC - CMS/select_--Select--Amikacin -500'

2018-05-14 13:53:36 - [MESSAGE][PASSED] - All options with index in [10] are selected on object 'Object Repository/MOH AND GRN/Page_KDMC - CMS/select_--Select--Amikacin -500'

2018-05-14 13:53:36 - [TEST_STEP][PASSED] - setText: Text '5000' is set on object 'Object Repository/MOH AND GRN/Page_KDMC - CMS/input_txtqty'

2018-05-14 13:53:36 - [MESSAGE][PASSED] - Text '5000' is set on object 'Object Repository/MOH AND GRN/Page_KDMC - CMS/input_txtqty'

2018-05-14 13:53:36 - [TEST_STEP][PASSED] - selectOptionByIndex: All options with index in [1] are selected on object 'Object Repository/MOH AND GRN/Page_KDMC - CMS/select_--Select--No Tax0'

2018-05-14 13:53:36 - [MESSAGE][PASSED] - All options with index in [1] are selected on object 'Object Repository/MOH AND GRN/Page_KDMC - CMS/select_--Select--No Tax0'

2018-05-14 13:53:36 - [TEST_STEP][PASSED] - setText: Finding Test Object with id 'Object Repository/MOH AND GRN/Page_KDMC - CMS/input_txtmrp'

2018-05-14 13:53:36 - [TEST_STEP][PASSED] - Statement - switch (id): Finding Test Object with id 'Object Repository/MOH AND GRN/Page_KDMC - CMS/input_txtdeal'

2018-05-14 13:53:36 - [TEST_STEP][PASSED] - Statement - case 4:: Text '19.0' is set on object 'Object Repository/MOH AND GRN/Page_KDMC - CMS/input_txtmrp'

2018-05-14 13:53:36 - [TEST_STEP][PASSED] - Statement - return (java.lang.Math.floor((java.lang.Math.random() * ((max - min) + 1))) + min): Text '19.0' is set on object 'Object Repository/MOH AND GRN/Page_KDMC - CMS/input_txtmrp'

2018-05-14 13:53:36 - [MESSAGE][PASSED] - Text '19.0' is set on object 'Object Repository/MOH AND GRN/Page_KDMC - CMS/input_txtmrp'

2018-05-14 13:53:36 - [TEST_STEP][PASSED] - setText: Finding Test Object with id 'Object Repository/MOH AND GRN/Page_KDMC - CMS/input_txtdeal'

2018-05-14 13:53:36 - [TEST_STEP][PASSED] - Statement - switch (id): Finding Test Object with id 'Object Repository/MOH AND GRN/Page_KDMC - CMS/input_txtbatchno'

2018-05-14 13:53:36 - [TEST_STEP][PASSED] - Statement - case 5:: Text '6.0' is set on object 'Object Repository/MOH AND GRN/Page_KDMC - CMS/input_txtdeal'

2018-05-14 13:53:36 - [TEST_STEP][PASSED] - Statement - return (java.lang.Math.floor((java.lang.Math.random() * ((max - min) + 1))) + min): Text '6.0' is set on object 'Object Repository/MOH AND GRN/Page_KDMC - CMS/input_txtdeal'

2018-05-14 13:53:36 - [MESSAGE][PASSED] - Text '6.0' is set on object 'Object Repository/MOH AND GRN/Page_KDMC - CMS/input_txtdeal'

2018-05-14 13:53:36 - [TEST_STEP][PASSED] - setText: Finding Test Object with id 'Object Repository/MOH AND GRN/Page_KDMC - CMS/input_txtbatchno'

2018-05-14 13:53:36 - [TEST_STEP][PASSED] - Statement - switch (id): Finding Test Object with id 'Object Repository/MOH AND GRN/Page_KDMC - CMS/input_txtmrp'

2018-05-14 13:53:36 - [TEST_STEP][PASSED] - Statement - case 1:: Text 'BA126.0' is set on object 'Object Repository/MOH AND GRN/Page_KDMC - CMS/input_txtbatchno'

2018-05-14 13:53:36 - [TEST_STEP][PASSED] - Statement - return (java.lang.Math.floor((java.lang.Math.random() * ((max - min) + 1))) + min): Text 'BA126.0' is set on object 'Object Repository/MOH AND GRN/Page_KDMC - CMS/input_txtbatchno'

2018-05-14 13:53:36 - [MESSAGE][PASSED] - Text 'BA126.0' is set on object 'Object Repository/MOH AND GRN/Page_KDMC - CMS/input_txtbatchno'

2018-05-14 13:53:36 - [TEST_STEP][PASSED] - rightClick: Object: 'Object Repository/GRN/Page_KDMC - CMS/input_txtexpdate' is right clicked on

2018-05-14 13:53:37 - [MESSAGE][PASSED] - Object: 'Object Repository/GRN/Page_KDMC - CMS/input_txtexpdate' is right clicked on

2018-05-14 13:53:37 - [TEST_STEP][PASSED] - selectOptionByIndex: All options with index in [10] are selected on object 'Object Repository/GRN/Page_KDMC - CMS/select_20182019202020212022202'

2018-05-14 13:53:37 - [MESSAGE][PASSED] - All options with index in [10] are selected on object 'Object Repository/GRN/Page_KDMC - CMS/select_20182019202020212022202'

2018-05-14 13:53:37 - [TEST_STEP][PASSED] - selectOptionByIndex: All options with index in [10] are selected on object 'Object Repository/GRN/Page_KDMC - CMS/select_JanFebMarAprMayJunJulAu'

2018-05-14 13:53:37 - [MESSAGE][PASSED] - All options with index in [10] are selected on object 'Object Repository/GRN/Page_KDMC - CMS/select_JanFebMarAprMayJunJulAu'

2018-05-14 13:53:37 - [TEST_STEP][PASSED] - click: Object: 'Object Repository/MOH AND GRN/Page_KDMC - CMS/a_12' is clicked on

2018-05-14 13:53:37 - [MESSAGE][PASSED] - Object: 'Object Repository/MOH AND GRN/Page_KDMC - CMS/a_12' is clicked on

2018-05-14 13:53:37 - [TEST_STEP][PASSED] - click: Object: 'Object Repository/MOH AND GRN/Page_KDMC - CMS/input_btnadd' is clicked on

2018-05-14 13:53:37 - [MESSAGE][PASSED] - Object: 'Object Repository/MOH AND GRN/Page_KDMC - CMS/input_btnadd' is clicked on

2018-05-14 13:53:37 - [TEST_STEP][PASSED] - Statement - If (s == 10): null

2018-05-14 13:53:37 - [TEST_STEP][PASSED] - Statement - s = 1: null

2018-05-14 13:53:37 - [TEST_STEP][PASSED] - delay: Delayed 1 second(s)

2018-05-14 13:53:38 - [MESSAGE][PASSED] - Delayed 1 second(s)

2018-05-14 13:53:38 - [TEST_STEP][PASSED] - selectOptionByIndex: All options with index in [11] are selected on object 'Object Repository/MOH AND GRN/Page_KDMC - CMS/select_--Select--Amikacin -500'

2018-05-14 13:53:38 - [MESSAGE][PASSED] - All options with index in [11] are selected on object 'Object Repository/MOH AND GRN/Page_KDMC - CMS/select_--Select--Amikacin -500'

2018-05-14 13:53:38 - [TEST_STEP][PASSED] - setText: Text '5000' is set on object 'Object Repository/MOH AND GRN/Page_KDMC - CMS/input_txtqty'

2018-05-14 13:53:39 - [MESSAGE][PASSED] - Text '5000' is set on object 'Object Repository/MOH AND GRN/Page_KDMC - CMS/input_txtqty'

2018-05-14 13:53:39 - [TEST_STEP][PASSED] - selectOptionByIndex: All options with index in [1] are selected on object 'Object Repository/MOH AND GRN/Page_KDMC - CMS/select_--Select--No Tax0'

2018-05-14 13:53:39 - [MESSAGE][PASSED] - All options with index in [1] are selected on object 'Object Repository/MOH AND GRN/Page_KDMC - CMS/select_--Select--No Tax0'

2018-05-14 13:53:39 - [TEST_STEP][PASSED] - setText: Finding Test Object with id 'Object Repository/MOH AND GRN/Page_KDMC - CMS/input_txtmrp'

2018-05-14 13:53:39 - [TEST_STEP][PASSED] - Statement - switch (id): Finding Test Object with id 'Object Repository/MOH AND GRN/Page_KDMC - CMS/input_txtdeal'

2018-05-14 13:53:39 - [TEST_STEP][PASSED] - Statement - case 4:: Text '28.0' is set on object 'Object Repository/MOH AND GRN/Page_KDMC - CMS/input_txtmrp'

2018-05-14 13:53:39 - [TEST_STEP][PASSED] - Statement - return (java.lang.Math.floor((java.lang.Math.random() * ((max - min) + 1))) + min): Text '28.0' is set on object 'Object Repository/MOH AND GRN/Page_KDMC - CMS/input_txtmrp'

2018-05-14 13:53:39 - [MESSAGE][PASSED] - Text '28.0' is set on object 'Object Repository/MOH AND GRN/Page_KDMC - CMS/input_txtmrp'

2018-05-14 13:53:39 - [TEST_STEP][PASSED] - setText: Finding Test Object with id 'Object Repository/MOH AND GRN/Page_KDMC - CMS/input_txtdeal'

2018-05-14 13:53:39 - [TEST_STEP][PASSED] - Statement - switch (id): Finding Test Object with id 'Object Repository/MOH AND GRN/Page_KDMC - CMS/input_txtbatchno'

2018-05-14 13:53:39 - [TEST_STEP][PASSED] - Statement - case 5:: Text '9.0' is set on object 'Object Repository/MOH AND GRN/Page_KDMC - CMS/input_txtdeal'

2018-05-14 13:53:39 - [TEST_STEP][PASSED] - Statement - return (java.lang.Math.floor((java.lang.Math.random() * ((max - min) + 1))) + min): Text '9.0' is set on object 'Object Repository/MOH AND GRN/Page_KDMC - CMS/input_txtdeal'

2018-05-14 13:53:39 - [MESSAGE][PASSED] - Text '9.0' is set on object 'Object Repository/MOH AND GRN/Page_KDMC - CMS/input_txtdeal'

2018-05-14 13:53:39 - [TEST_STEP][PASSED] - setText: Finding Test Object with id 'Object Repository/MOH AND GRN/Page_KDMC - CMS/input_txtbatchno'

2018-05-14 13:53:39 - [TEST_STEP][PASSED] - Statement - switch (id): Finding Test Object with id 'Object Repository/MOH AND GRN/Page_KDMC - CMS/input_txtmrp'

2018-05-14 13:53:39 - [TEST_STEP][PASSED] - Statement - case 1:: Text 'BA533.0' is set on object 'Object Repository/MOH AND GRN/Page_KDMC - CMS/input_txtbatchno'

2018-05-14 13:53:39 - [TEST_STEP][PASSED] - Statement - return (java.lang.Math.floor((java.lang.Math.random() * ((max - min) + 1))) + min): Text 'BA533.0' is set on object 'Object Repository/MOH AND GRN/Page_KDMC - CMS/input_txtbatchno'

2018-05-14 13:53:39 - [MESSAGE][PASSED] - Text 'BA533.0' is set on object 'Object Repository/MOH AND GRN/Page_KDMC - CMS/input_txtbatchno'

2018-05-14 13:53:39 - [TEST_STEP][PASSED] - rightClick: Object: 'Object Repository/GRN/Page_KDMC - CMS/input_txtexpdate' is right clicked on

2018-05-14 13:53:39 - [MESSAGE][PASSED] - Object: 'Object Repository/GRN/Page_KDMC - CMS/input_txtexpdate' is right clicked on

2018-05-14 13:53:39 - [TEST_STEP][PASSED] - selectOptionByIndex: All options with index in [1] are selected on object 'Object Repository/GRN/Page_KDMC - CMS/select_20182019202020212022202'

2018-05-14 13:53:39 - [MESSAGE][PASSED] - All options with index in [1] are selected on object 'Object Repository/GRN/Page_KDMC - CMS/select_20182019202020212022202'

2018-05-14 13:53:39 - [TEST_STEP][PASSED] - selectOptionByIndex: All options with index in [1] are selected on object 'Object Repository/GRN/Page_KDMC - CMS/select_JanFebMarAprMayJunJulAu'

2018-05-14 13:53:39 - [MESSAGE][PASSED] - All options with index in [1] are selected on object 'Object Repository/GRN/Page_KDMC - CMS/select_JanFebMarAprMayJunJulAu'

2018-05-14 13:53:39 - [TEST_STEP][PASSED] - click: Object: 'Object Repository/MOH AND GRN/Page_KDMC - CMS/a_12' is clicked on

2018-05-14 13:53:39 - [MESSAGE][PASSED] - Object: 'Object Repository/MOH AND GRN/Page_KDMC - CMS/a_12' is clicked on

2018-05-14 13:53:39 - [TEST_STEP][PASSED] - click: Object: 'Object Repository/MOH AND GRN/Page_KDMC - CMS/input_btnadd' is clicked on

2018-05-14 13:53:40 - [MESSAGE][PASSED] - Object: 'Object Repository/MOH AND GRN/Page_KDMC - CMS/input_btnadd' is clicked on

2018-05-14 13:53:40 - [TEST_STEP][PASSED] - Statement - If (s == 10): null

2018-05-14 13:53:40 - [TEST_STEP][PASSED] - Statement - Else: null

2018-05-14 13:53:40 - [TEST_STEP][PASSED] - Statement - (s++): null

2018-05-14 13:53:40 - [TEST_STEP][PASSED] - delay: Delayed 1 second(s)

2018-05-14 13:53:41 - [MESSAGE][PASSED] - Delayed 1 second(s)

2018-05-14 13:53:41 - [TEST_STEP][PASSED] - selectOptionByIndex: All options with index in [12] are selected on object 'Object Repository/MOH AND GRN/Page_KDMC - CMS/select_--Select--Amikacin -500'

2018-05-14 13:53:41 - [MESSAGE][PASSED] - All options with index in [12] are selected on object 'Object Repository/MOH AND GRN/Page_KDMC - CMS/select_--Select--Amikacin -500'

2018-05-14 13:53:41 - [TEST_STEP][PASSED] - setText: Text '5000' is set on object 'Object Repository/MOH AND GRN/Page_KDMC - CMS/input_txtqty'

2018-05-14 13:53:41 - [MESSAGE][PASSED] - Text '5000' is set on object 'Object Repository/MOH AND GRN/Page_KDMC - CMS/input_txtqty'

2018-05-14 13:53:41 - [TEST_STEP][PASSED] - selectOptionByIndex: All options with index in [1] are selected on object 'Object Repository/MOH AND GRN/Page_KDMC - CMS/select_--Select--No Tax0'

2018-05-14 13:53:41 - [MESSAGE][PASSED] - All options with index in [1] are selected on object 'Object Repository/MOH AND GRN/Page_KDMC - CMS/select_--Select--No Tax0'

2018-05-14 13:53:41 - [TEST_STEP][PASSED] - setText: Finding Test Object with id 'Object Repository/MOH AND GRN/Page_KDMC - CMS/input_txtmrp'

2018-05-14 13:53:41 - [TEST_STEP][PASSED] - Statement - switch (id): Finding Test Object with id 'Object Repository/MOH AND GRN/Page_KDMC - CMS/input_txtdeal'

2018-05-14 13:53:41 - [TEST_STEP][PASSED] - Statement - case 4:: Text '25.0' is set on object 'Object Repository/MOH AND GRN/Page_KDMC - CMS/input_txtmrp'

2018-05-14 13:53:41 - [TEST_STEP][PASSED] - Statement - return (java.lang.Math.floor((java.lang.Math.random() * ((max - min) + 1))) + min): Text '25.0' is set on object 'Object Repository/MOH AND GRN/Page_KDMC - CMS/input_txtmrp'

2018-05-14 13:53:41 - [MESSAGE][PASSED] - Text '25.0' is set on object 'Object Repository/MOH AND GRN/Page_KDMC - CMS/input_txtmrp'

2018-05-14 13:53:41 - [TEST_STEP][PASSED] - setText: Finding Test Object with id 'Object Repository/MOH AND GRN/Page_KDMC - CMS/input_txtdeal'

2018-05-14 13:53:41 - [TEST_STEP][PASSED] - Statement - switch (id): Finding Test Object with id 'Object Repository/MOH AND GRN/Page_KDMC - CMS/input_txtbatchno'

2018-05-14 13:53:41 - [TEST_STEP][PASSED] - Statement - case 5:: Text '12.0' is set on object 'Object Repository/MOH AND GRN/Page_KDMC - CMS/input_txtdeal'

2018-05-14 13:53:41 - [TEST_STEP][PASSED] - Statement - return (java.lang.Math.floor((java.lang.Math.random() * ((max - min) + 1))) + min): Text '12.0' is set on object 'Object Repository/MOH AND GRN/Page_KDMC - CMS/input_txtdeal'

2018-05-14 13:53:41 - [MESSAGE][PASSED] - Text '12.0' is set on object 'Object Repository/MOH AND GRN/Page_KDMC - CMS/input_txtdeal'

2018-05-14 13:53:41 - [TEST_STEP][PASSED] - setText: Finding Test Object with id 'Object Repository/MOH AND GRN/Page_KDMC - CMS/input_txtbatchno'

2018-05-14 13:53:41 - [TEST_STEP][PASSED] - Statement - switch (id): Finding Test Object with id 'Object Repository/MOH AND GRN/Page_KDMC - CMS/input_txtmrp'

2018-05-14 13:53:41 - [TEST_STEP][PASSED] - Statement - case 1:: Text 'BA162.0' is set on object 'Object Repository/MOH AND GRN/Page_KDMC - CMS/input_txtbatchno'

2018-05-14 13:53:41 - [TEST_STEP][PASSED] - Statement - return (java.lang.Math.floor((java.lang.Math.random() * ((max - min) + 1))) + min): Text 'BA162.0' is set on object 'Object Repository/MOH AND GRN/Page_KDMC - CMS/input_txtbatchno'

2018-05-14 13:53:41 - [MESSAGE][PASSED] - Text 'BA162.0' is set on object 'Object Repository/MOH AND GRN/Page_KDMC - CMS/input_txtbatchno'

2018-05-14 13:53:41 - [TEST_STEP][PASSED] - rightClick: Object: 'Object Repository/GRN/Page_KDMC - CMS/input_txtexpdate' is right clicked on

2018-05-14 13:53:41 - [MESSAGE][PASSED] - Object: 'Object Repository/GRN/Page_KDMC - CMS/input_txtexpdate' is right clicked on

2018-05-14 13:53:41 - [TEST_STEP][PASSED] - selectOptionByIndex: All options with index in [2] are selected on object 'Object Repository/GRN/Page_KDMC - CMS/select_20182019202020212022202'

2018-05-14 13:53:42 - [MESSAGE][PASSED] - All options with index in [2] are selected on object 'Object Repository/GRN/Page_KDMC - CMS/select_20182019202020212022202'

2018-05-14 13:53:42 - [TEST_STEP][PASSED] - selectOptionByIndex: All options with index in [2] are selected on object 'Object Repository/GRN/Page_KDMC - CMS/select_JanFebMarAprMayJunJulAu'

2018-05-14 13:53:42 - [MESSAGE][PASSED] - All options with index in [2] are selected on object 'Object Repository/GRN/Page_KDMC - CMS/select_JanFebMarAprMayJunJulAu'

2018-05-14 13:53:42 - [TEST_STEP][PASSED] - click: Object: 'Object Repository/MOH AND GRN/Page_KDMC - CMS/a_12' is clicked on

2018-05-14 13:53:42 - [MESSAGE][PASSED] - Object: 'Object Repository/MOH AND GRN/Page_KDMC - CMS/a_12' is clicked on

2018-05-14 13:53:42 - [TEST_STEP][PASSED] - click: Object: 'Object Repository/MOH AND GRN/Page_KDMC - CMS/input_btnadd' is clicked on

2018-05-14 13:53:42 - [MESSAGE][PASSED] - Object: 'Object Repository/MOH AND GRN/Page_KDMC - CMS/input_btnadd' is clicked on

2018-05-14 13:53:42 - [TEST_STEP][PASSED] - Statement - If (s == 10): null

2018-05-14 13:53:42 - [TEST_STEP][PASSED] - Statement - Else: null

2018-05-14 13:53:42 - [TEST_STEP][PASSED] - Statement - (s++): null

2018-05-14 13:53:42 - [TEST_STEP][PASSED] - delay: Delayed 1 second(s)

2018-05-14 13:53:43 - [MESSAGE][PASSED] - Delayed 1 second(s)

2018-05-14 13:53:43 - [TEST_STEP][PASSED] - selectOptionByIndex: All options with index in [13] are selected on object 'Object Repository/MOH AND GRN/Page_KDMC - CMS/select_--Select--Amikacin -500'

2018-05-14 13:53:43 - [MESSAGE][PASSED] - All options with index in [13] are selected on object 'Object Repository/MOH AND GRN/Page_KDMC - CMS/select_--Select--Amikacin -500'

2018-05-14 13:53:43 - [TEST_STEP][PASSED] - setText: Text '5000' is set on object 'Object Repository/MOH AND GRN/Page_KDMC - CMS/input_txtqty'

2018-05-14 13:53:43 - [MESSAGE][PASSED] - Text '5000' is set on object 'Object Repository/MOH AND GRN/Page_KDMC - CMS/input_txtqty'

2018-05-14 13:53:43 - [TEST_STEP][PASSED] - selectOptionByIndex: All options with index in [1] are selected on object 'Object Repository/MOH AND GRN/Page_KDMC - CMS/select_--Select--No Tax0'

2018-05-14 13:53:43 - [MESSAGE][PASSED] - All options with index in [1] are selected on object 'Object Repository/MOH AND GRN/Page_KDMC - CMS/select_--Select--No Tax0'

2018-05-14 13:53:43 - [TEST_STEP][PASSED] - setText: Finding Test Object with id 'Object Repository/MOH AND GRN/Page_KDMC - CMS/input_txtmrp'

2018-05-14 13:53:43 - [TEST_STEP][PASSED] - Statement - switch (id): Finding Test Object with id 'Object Repository/MOH AND GRN/Page_KDMC - CMS/input_txtdeal'

2018-05-14 13:53:43 - [TEST_STEP][PASSED] - Statement - case 4:: Text '19.0' is set on object 'Object Repository/MOH AND GRN/Page_KDMC - CMS/input_txtmrp'

2018-05-14 13:53:43 - [TEST_STEP][PASSED] - Statement - return (java.lang.Math.floor((java.lang.Math.random() * ((max - min) + 1))) + min): Text '19.0' is set on object 'Object Repository/MOH AND GRN/Page_KDMC - CMS/input_txtmrp'

2018-05-14 13:53:44 - [MESSAGE][PASSED] - Text '19.0' is set on object 'Object Repository/MOH AND GRN/Page_KDMC - CMS/input_txtmrp'

2018-05-14 13:53:44 - [TEST_STEP][PASSED] - setText: Finding Test Object with id 'Object Repository/MOH AND GRN/Page_KDMC - CMS/input_txtdeal'

2018-05-14 13:53:44 - [TEST_STEP][PASSED] - Statement - switch (id): Finding Test Object with id 'Object Repository/MOH AND GRN/Page_KDMC - CMS/input_txtbatchno'

2018-05-14 13:53:44 - [TEST_STEP][PASSED] - Statement - case 5:: Text '11.0' is set on object 'Object Repository/MOH AND GRN/Page_KDMC - CMS/input_txtdeal'

2018-05-14 13:53:44 - [TEST_STEP][PASSED] - Statement - return (java.lang.Math.floor((java.lang.Math.random() * ((max - min) + 1))) + min): Text '11.0' is set on object 'Object Repository/MOH AND GRN/Page_KDMC - CMS/input_txtdeal'

2018-05-14 13:53:44 - [MESSAGE][PASSED] - Text '11.0' is set on object 'Object Repository/MOH AND GRN/Page_KDMC - CMS/input_txtdeal'

2018-05-14 13:53:44 - [TEST_STEP][PASSED] - setText: Finding Test Object with id 'Object Repository/MOH AND GRN/Page_KDMC - CMS/input_txtbatchno'

2018-05-14 13:53:44 - [TEST_STEP][PASSED] - Statement - switch (id): Finding Test Object with id 'Object Repository/MOH AND GRN/Page_KDMC - CMS/input_txtmrp'

2018-05-14 13:53:44 - [TEST_STEP][PASSED] - Statement - case 1:: Text 'BA895.0' is set on object 'Object Repository/MOH AND GRN/Page_KDMC - CMS/input_txtbatchno'

2018-05-14 13:53:44 - [TEST_STEP][PASSED] - Statement - return (java.lang.Math.floor((java.lang.Math.random() * ((max - min) + 1))) + min): Text 'BA895.0' is set on object 'Object Repository/MOH AND GRN/Page_KDMC - CMS/input_txtbatchno'

2018-05-14 13:53:44 - [MESSAGE][PASSED] - Text 'BA895.0' is set on object 'Object Repository/MOH AND GRN/Page_KDMC - CMS/input_txtbatchno'

2018-05-14 13:53:44 - [TEST_STEP][PASSED] - rightClick: Object: 'Object Repository/GRN/Page_KDMC - CMS/input_txtexpdate' is right clicked on

2018-05-14 13:53:44 - [MESSAGE][PASSED] - Object: 'Object Repository/GRN/Page_KDMC - CMS/input_txtexpdate' is right clicked on

2018-05-14 13:53:44 - [TEST_STEP][PASSED] - selectOptionByIndex: All options with index in [3] are selected on object 'Object Repository/GRN/Page_KDMC - CMS/select_20182019202020212022202'

2018-05-14 13:53:44 - [MESSAGE][PASSED] - All options with index in [3] are selected on object 'Object Repository/GRN/Page_KDMC - CMS/select_20182019202020212022202'

2018-05-14 13:53:44 - [TEST_STEP][PASSED] - selectOptionByIndex: All options with index in [3] are selected on object 'Object Repository/GRN/Page_KDMC - CMS/select_JanFebMarAprMayJunJulAu'

2018-05-14 13:53:44 - [MESSAGE][PASSED] - All options with index in [3] are selected on object 'Object Repository/GRN/Page_KDMC - CMS/select_JanFebMarAprMayJunJulAu'

2018-05-14 13:53:44 - [TEST_STEP][PASSED] - click: Object: 'Object Repository/MOH AND GRN/Page_KDMC - CMS/a_12' is clicked on

2018-05-14 13:53:44 - [MESSAGE][PASSED] - Object: 'Object Repository/MOH AND GRN/Page_KDMC - CMS/a_12' is clicked on

2018-05-14 13:53:44 - [TEST_STEP][PASSED] - click: Object: 'Object Repository/MOH AND GRN/Page_KDMC - CMS/input_btnadd' is clicked on

2018-05-14 13:53:44 - [MESSAGE][PASSED] - Object: 'Object Repository/MOH AND GRN/Page_KDMC - CMS/input_btnadd' is clicked on

2018-05-14 13:53:44 - [TEST_STEP][PASSED] - Statement - If (s == 10): null

2018-05-14 13:53:44 - [TEST_STEP][PASSED] - Statement - Else: null

2018-05-14 13:53:44 - [TEST_STEP][PASSED] - Statement - (s++): null

2018-05-14 13:53:44 - [TEST_STEP][PASSED] - delay: Delayed 1 second(s)

2018-05-14 13:53:45 - [MESSAGE][PASSED] - Delayed 1 second(s)

2018-05-14 13:53:45 - [TEST_STEP][PASSED] - selectOptionByIndex: All options with index in [14] are selected on object 'Object Repository/MOH AND GRN/Page_KDMC - CMS/select_--Select--Amikacin -500'

2018-05-14 13:53:46 - [MESSAGE][PASSED] - All options with index in [14] are selected on object 'Object Repository/MOH AND GRN/Page_KDMC - CMS/select_--Select--Amikacin -500'

2018-05-14 13:53:46 - [TEST_STEP][PASSED] - setText: Text '5000' is set on object 'Object Repository/MOH AND GRN/Page_KDMC - CMS/input_txtqty'

2018-05-14 13:53:46 - [MESSAGE][PASSED] - Text '5000' is set on object 'Object Repository/MOH AND GRN/Page_KDMC - CMS/input_txtqty'

2018-05-14 13:53:46 - [TEST_STEP][PASSED] - selectOptionByIndex: All options with index in [1] are selected on object 'Object Repository/MOH AND GRN/Page_KDMC - CMS/select_--Select--No Tax0'

2018-05-14 13:53:46 - [MESSAGE][PASSED] - All options with index in [1] are selected on object 'Object Repository/MOH AND GRN/Page_KDMC - CMS/select_--Select--No Tax0'

2018-05-14 13:53:46 - [TEST_STEP][PASSED] - setText: Finding Test Object with id 'Object Repository/MOH AND GRN/Page_KDMC - CMS/input_txtmrp'

2018-05-14 13:53:46 - [TEST_STEP][PASSED] - Statement - switch (id): Finding Test Object with id 'Object Repository/MOH AND GRN/Page_KDMC - CMS/input_txtdeal'

2018-05-14 13:53:46 - [TEST_STEP][PASSED] - Statement - case 4:: Text '39.0' is set on object 'Object Repository/MOH AND GRN/Page_KDMC - CMS/input_txtmrp'

2018-05-14 13:53:46 - [TEST_STEP][PASSED] - Statement - return (java.lang.Math.floor((java.lang.Math.random() * ((max - min) + 1))) + min): Text '39.0' is set on object 'Object Repository/MOH AND GRN/Page_KDMC - CMS/input_txtmrp'

2018-05-14 13:53:46 - [MESSAGE][PASSED] - Text '39.0' is set on object 'Object Repository/MOH AND GRN/Page_KDMC - CMS/input_txtmrp'

2018-05-14 13:53:46 - [TEST_STEP][PASSED] - setText: Finding Test Object with id 'Object Repository/MOH AND GRN/Page_KDMC - CMS/input_txtdeal'

2018-05-14 13:53:46 - [TEST_STEP][PASSED] - Statement - switch (id): Finding Test Object with id 'Object Repository/MOH AND GRN/Page_KDMC - CMS/input_txtbatchno'

2018-05-14 13:53:46 - [TEST_STEP][PASSED] - Statement - case 5:: Text '3.0' is set on object 'Object Repository/MOH AND GRN/Page_KDMC - CMS/input_txtdeal'

2018-05-14 13:53:46 - [TEST_STEP][PASSED] - Statement - return (java.lang.Math.floor((java.lang.Math.random() * ((max - min) + 1))) + min): Text '3.0' is set on object 'Object Repository/MOH AND GRN/Page_KDMC - CMS/input_txtdeal'

2018-05-14 13:53:46 - [MESSAGE][PASSED] - Text '3.0' is set on object 'Object Repository/MOH AND GRN/Page_KDMC - CMS/input_txtdeal'

2018-05-14 13:53:46 - [TEST_STEP][PASSED] - setText: Finding Test Object with id 'Object Repository/MOH AND GRN/Page_KDMC - CMS/input_txtbatchno'

2018-05-14 13:53:46 - [TEST_STEP][PASSED] - Statement - switch (id): Finding Test Object with id 'Object Repository/MOH AND GRN/Page_KDMC - CMS/input_txtmrp'

2018-05-14 13:53:46 - [TEST_STEP][PASSED] - Statement - case 1:: Text 'BA830.0' is set on object 'Object Repository/MOH AND GRN/Page_KDMC - CMS/input_txtbatchno'

2018-05-14 13:53:46 - [TEST_STEP][PASSED] - Statement - return (java.lang.Math.floor((java.lang.Math.random() * ((max - min) + 1))) + min): Text 'BA830.0' is set on object 'Object Repository/MOH AND GRN/Page_KDMC - CMS/input_txtbatchno'

2018-05-14 13:53:46 - [MESSAGE][PASSED] - Text 'BA830.0' is set on object 'Object Repository/MOH AND GRN/Page_KDMC - CMS/input_txtbatchno'

2018-05-14 13:53:46 - [TEST_STEP][PASSED] - rightClick: Object: 'Object Repository/GRN/Page_KDMC - CMS/input_txtexpdate' is right clicked on

2018-05-14 13:53:46 - [MESSAGE][PASSED] - Object: 'Object Repository/GRN/Page_KDMC - CMS/input_txtexpdate' is right clicked on

2018-05-14 13:53:46 - [TEST_STEP][PASSED] - selectOptionByIndex: All options with index in [4] are selected on object 'Object Repository/GRN/Page_KDMC - CMS/select_20182019202020212022202'

2018-05-14 13:53:47 - [MESSAGE][PASSED] - All options with index in [4] are selected on object 'Object Repository/GRN/Page_KDMC - CMS/select_20182019202020212022202'

2018-05-14 13:53:47 - [TEST_STEP][PASSED] - selectOptionByIndex: All options with index in [4] are selected on object 'Object Repository/GRN/Page_KDMC - CMS/select_JanFebMarAprMayJunJulAu'

2018-05-14 13:53:47 - [MESSAGE][PASSED] - All options with index in [4] are selected on object 'Object Repository/GRN/Page_KDMC - CMS/select_JanFebMarAprMayJunJulAu'

2018-05-14 13:53:47 - [TEST_STEP][PASSED] - click: Object: 'Object Repository/MOH AND GRN/Page_KDMC - CMS/a_12' is clicked on

2018-05-14 13:53:47 - [MESSAGE][PASSED] - Object: 'Object Repository/MOH AND GRN/Page_KDMC - CMS/a_12' is clicked on

2018-05-14 13:53:47 - [TEST_STEP][PASSED] - click: Object: 'Object Repository/MOH AND GRN/Page_KDMC - CMS/input_btnadd' is clicked on

2018-05-14 13:53:47 - [MESSAGE][PASSED] - Object: 'Object Repository/MOH AND GRN/Page_KDMC - CMS/input_btnadd' is clicked on

2018-05-14 13:53:47 - [TEST_STEP][PASSED] - Statement - If (s == 10): null

2018-05-14 13:53:47 - [TEST_STEP][PASSED] - Statement - Else: null

2018-05-14 13:53:47 - [TEST_STEP][PASSED] - Statement - (s++): null

2018-05-14 13:53:47 - [TEST_STEP][PASSED] - delay: Delayed 1 second(s)

2018-05-14 13:53:48 - [MESSAGE][PASSED] - Delayed 1 second(s)

2018-05-14 13:53:48 - [TEST_STEP][PASSED] - selectOptionByIndex: All options with index in [15] are selected on object 'Object Repository/MOH AND GRN/Page_KDMC - CMS/select_--Select--Amikacin -500'

2018-05-14 13:53:48 - [MESSAGE][PASSED] - All options with index in [15] are selected on object 'Object Repository/MOH AND GRN/Page_KDMC - CMS/select_--Select--Amikacin -500'

2018-05-14 13:53:48 - [TEST_STEP][PASSED] - setText: Text '5000' is set on object 'Object Repository/MOH AND GRN/Page_KDMC - CMS/input_txtqty'

2018-05-14 13:53:48 - [MESSAGE][PASSED] - Text '5000' is set on object 'Object Repository/MOH AND GRN/Page_KDMC - CMS/input_txtqty'

2018-05-14 13:53:48 - [TEST_STEP][PASSED] - selectOptionByIndex: All options with index in [1] are selected on object 'Object Repository/MOH AND GRN/Page_KDMC - CMS/select_--Select--No Tax0'

2018-05-14 13:53:48 - [MESSAGE][PASSED] - All options with index in [1] are selected on object 'Object Repository/MOH AND GRN/Page_KDMC - CMS/select_--Select--No Tax0'

2018-05-14 13:53:48 - [TEST_STEP][PASSED] - setText: Finding Test Object with id 'Object Repository/MOH AND GRN/Page_KDMC - CMS/input_txtmrp'

2018-05-14 13:53:48 - [TEST_STEP][PASSED] - Statement - switch (id): Finding Test Object with id 'Object Repository/MOH AND GRN/Page_KDMC - CMS/input_txtdeal'

2018-05-14 13:53:48 - [TEST_STEP][PASSED] - Statement - case 4:: Text '21.0' is set on object 'Object Repository/MOH AND GRN/Page_KDMC - CMS/input_txtmrp'

2018-05-14 13:53:48 - [TEST_STEP][PASSED] - Statement - return (java.lang.Math.floor((java.lang.Math.random() * ((max - min) + 1))) + min): Text '21.0' is set on object 'Object Repository/MOH AND GRN/Page_KDMC - CMS/input_txtmrp'

2018-05-14 13:53:49 - [MESSAGE][PASSED] - Text '21.0' is set on object 'Object Repository/MOH AND GRN/Page_KDMC - CMS/input_txtmrp'

2018-05-14 13:53:49 - [TEST_STEP][PASSED] - setText: Finding Test Object with id 'Object Repository/MOH AND GRN/Page_KDMC - CMS/input_txtdeal'

2018-05-14 13:53:49 - [TEST_STEP][PASSED] - Statement - switch (id): Finding Test Object with id 'Object Repository/MOH AND GRN/Page_KDMC - CMS/input_txtbatchno'

2018-05-14 13:53:49 - [TEST_STEP][PASSED] - Statement - case 5:: Text '8.0' is set on object 'Object Repository/MOH AND GRN/Page_KDMC - CMS/input_txtdeal'

2018-05-14 13:53:49 - [TEST_STEP][PASSED] - Statement - return (java.lang.Math.floor((java.lang.Math.random() * ((max - min) + 1))) + min): Text '8.0' is set on object 'Object Repository/MOH AND GRN/Page_KDMC - CMS/input_txtdeal'

2018-05-14 13:53:49 - [MESSAGE][PASSED] - Text '8.0' is set on object 'Object Repository/MOH AND GRN/Page_KDMC - CMS/input_txtdeal'

2018-05-14 13:53:49 - [TEST_STEP][PASSED] - setText: Finding Test Object with id 'Object Repository/MOH AND GRN/Page_KDMC - CMS/input_txtbatchno'

2018-05-14 13:53:49 - [TEST_STEP][PASSED] - Statement - switch (id): Finding Test Object with id 'Object Repository/MOH AND GRN/Page_KDMC - CMS/input_txtmrp'

2018-05-14 13:53:49 - [TEST_STEP][PASSED] - Statement - case 1:: Text 'BA443.0' is set on object 'Object Repository/MOH AND GRN/Page_KDMC - CMS/input_txtbatchno'

2018-05-14 13:53:49 - [TEST_STEP][PASSED] - Statement - return (java.lang.Math.floor((java.lang.Math.random() * ((max - min) + 1))) + min): Text 'BA443.0' is set on object 'Object Repository/MOH AND GRN/Page_KDMC - CMS/input_txtbatchno'

2018-05-14 13:53:49 - [MESSAGE][PASSED] - Text 'BA443.0' is set on object 'Object Repository/MOH AND GRN/Page_KDMC - CMS/input_txtbatchno'

2018-05-14 13:53:49 - [TEST_STEP][PASSED] - rightClick: Object: 'Object Repository/GRN/Page_KDMC - CMS/input_txtexpdate' is right clicked on

2018-05-14 13:53:49 - [MESSAGE][PASSED] - Object: 'Object Repository/GRN/Page_KDMC - CMS/input_txtexpdate' is right clicked on

2018-05-14 13:53:49 - [TEST_STEP][PASSED] - selectOptionByIndex: All options with index in [5] are selected on object 'Object Repository/GRN/Page_KDMC - CMS/select_20182019202020212022202'

2018-05-14 13:53:49 - [MESSAGE][PASSED] - All options with index in [5] are selected on object 'Object Repository/GRN/Page_KDMC - CMS/select_20182019202020212022202'

2018-05-14 13:53:49 - [TEST_STEP][PASSED] - selectOptionByIndex: All options with index in [5] are selected on object 'Object Repository/GRN/Page_KDMC - CMS/select_JanFebMarAprMayJunJulAu'

2018-05-14 13:53:49 - [MESSAGE][PASSED] - All options with index in [5] are selected on object 'Object Repository/GRN/Page_KDMC - CMS/select_JanFebMarAprMayJunJulAu'

2018-05-14 13:53:49 - [TEST_STEP][PASSED] - click: Object: 'Object Repository/MOH AND GRN/Page_KDMC - CMS/a_12' is clicked on

2018-05-14 13:53:49 - [MESSAGE][PASSED] - Object: 'Object Repository/MOH AND GRN/Page_KDMC - CMS/a_12' is clicked on

2018-05-14 13:53:49 - [TEST_STEP][PASSED] - click: Object: 'Object Repository/MOH AND GRN/Page_KDMC - CMS/input_btnadd' is clicked on

2018-05-14 13:53:49 - [MESSAGE][PASSED] - Object: 'Object Repository/MOH AND GRN/Page_KDMC - CMS/input_btnadd' is clicked on

2018-05-14 13:53:49 - [TEST_STEP][PASSED] - Statement - If (s == 10): null

2018-05-14 13:53:49 - [TEST_STEP][PASSED] - Statement - Else: null

2018-05-14 13:53:49 - [TEST_STEP][PASSED] - Statement - (s++): null

2018-05-14 13:53:49 - [TEST_STEP][PASSED] - delay: Delayed 1 second(s)

2018-05-14 13:53:50 - [MESSAGE][PASSED] - Delayed 1 second(s)

2018-05-14 13:53:50 - [TEST_STEP][PASSED] - selectOptionByIndex: All options with index in [16] are selected on object 'Object Repository/MOH AND GRN/Page_KDMC - CMS/select_--Select--Amikacin -500'

2018-05-14 13:53:51 - [MESSAGE][PASSED] - All options with index in [16] are selected on object 'Object Repository/MOH AND GRN/Page_KDMC - CMS/select_--Select--Amikacin -500'

2018-05-14 13:53:51 - [TEST_STEP][PASSED] - setText: Text '5000' is set on object 'Object Repository/MOH AND GRN/Page_KDMC - CMS/input_txtqty'

2018-05-14 13:53:51 - [MESSAGE][PASSED] - Text '5000' is set on object 'Object Repository/MOH AND GRN/Page_KDMC - CMS/input_txtqty'

2018-05-14 13:53:51 - [TEST_STEP][PASSED] - selectOptionByIndex: All options with index in [1] are selected on object 'Object Repository/MOH AND GRN/Page_KDMC - CMS/select_--Select--No Tax0'

2018-05-14 13:53:51 - [MESSAGE][PASSED] - All options with index in [1] are selected on object 'Object Repository/MOH AND GRN/Page_KDMC - CMS/select_--Select--No Tax0'

2018-05-14 13:53:51 - [TEST_STEP][PASSED] - setText: Finding Test Object with id 'Object Repository/MOH AND GRN/Page_KDMC - CMS/input_txtmrp'

2018-05-14 13:53:51 - [TEST_STEP][PASSED] - Statement - switch (id): Finding Test Object with id 'Object Repository/MOH AND GRN/Page_KDMC - CMS/input_txtdeal'

2018-05-14 13:53:51 - [TEST_STEP][PASSED] - Statement - case 4:: Text '44.0' is set on object 'Object Repository/MOH AND GRN/Page_KDMC - CMS/input_txtmrp'

2018-05-14 13:53:51 - [TEST_STEP][PASSED] - Statement - return (java.lang.Math.floor((java.lang.Math.random() * ((max - min) + 1))) + min): Text '44.0' is set on object 'Object Repository/MOH AND GRN/Page_KDMC - CMS/input_txtmrp'

2018-05-14 13:53:51 - [MESSAGE][PASSED] - Text '44.0' is set on object 'Object Repository/MOH AND GRN/Page_KDMC - CMS/input_txtmrp'

2018-05-14 13:53:51 - [TEST_STEP][PASSED] - setText: Finding Test Object with id 'Object Repository/MOH AND GRN/Page_KDMC - CMS/input_txtdeal'

2018-05-14 13:53:51 - [TEST_STEP][PASSED] - Statement - switch (id): Finding Test Object with id 'Object Repository/MOH AND GRN/Page_KDMC - CMS/input_txtbatchno'

2018-05-14 13:53:51 - [TEST_STEP][PASSED] - Statement - case 5:: Text '3.0' is set on object 'Object Repository/MOH AND GRN/Page_KDMC - CMS/input_txtdeal'

2018-05-14 13:53:51 - [TEST_STEP][PASSED] - Statement - return (java.lang.Math.floor((java.lang.Math.random() * ((max - min) + 1))) + min): Text '3.0' is set on object 'Object Repository/MOH AND GRN/Page_KDMC - CMS/input_txtdeal'

2018-05-14 13:53:51 - [MESSAGE][PASSED] - Text '3.0' is set on object 'Object Repository/MOH AND GRN/Page_KDMC - CMS/input_txtdeal'

2018-05-14 13:53:51 - [TEST_STEP][PASSED] - setText: Finding Test Object with id 'Object Repository/MOH AND GRN/Page_KDMC - CMS/input_txtbatchno'

2018-05-14 13:53:51 - [TEST_STEP][PASSED] - Statement - switch (id): Delayed 1 second(s)

2018-05-14 13:53:51 - [TEST_STEP][PASSED] - Statement - case 1:: Text 'BA54.0' is set on object 'Object Repository/MOH AND GRN/Page_KDMC - CMS/input_txtbatchno'

2018-05-14 13:53:51 - [TEST_STEP][PASSED] - Statement - return (java.lang.Math.floor((java.lang.Math.random() * ((max - min) + 1))) + min): Text 'BA54.0' is set on object 'Object Repository/MOH AND GRN/Page_KDMC - CMS/input_txtbatchno'

2018-05-14 13:53:51 - [MESSAGE][PASSED] - Text 'BA54.0' is set on object 'Object Repository/MOH AND GRN/Page_KDMC - CMS/input_txtbatchno'

2018-05-14 13:53:51 - [TEST_STEP][PASSED] - rightClick: Object: 'Object Repository/GRN/Page_KDMC - CMS/input_txtexpdate' is right clicked on

2018-05-14 13:53:51 - [MESSAGE][PASSED] - Object: 'Object Repository/GRN/Page_KDMC - CMS/input_txtexpdate' is right clicked on

2018-05-14 13:53:51 - [TEST_STEP][PASSED] - selectOptionByIndex: All options with index in [6] are selected on object 'Object Repository/GRN/Page_KDMC - CMS/select_20182019202020212022202'

2018-05-14 13:53:52 - [MESSAGE][PASSED] - All options with index in [6] are selected on object 'Object Repository/GRN/Page_KDMC - CMS/select_20182019202020212022202'

2018-05-14 13:53:52 - [TEST_STEP][PASSED] - selectOptionByIndex: All options with index in [6] are selected on object 'Object Repository/GRN/Page_KDMC - CMS/select_JanFebMarAprMayJunJulAu'

2018-05-14 13:53:52 - [MESSAGE][PASSED] - All options with index in [6] are selected on object 'Object Repository/GRN/Page_KDMC - CMS/select_JanFebMarAprMayJunJulAu'

2018-05-14 13:53:52 - [TEST_STEP][PASSED] - click: Object: 'Object Repository/MOH AND GRN/Page_KDMC - CMS/a_12' is clicked on

2018-05-14 13:53:52 - [MESSAGE][PASSED] - Object: 'Object Repository/MOH AND GRN/Page_KDMC - CMS/a_12' is clicked on

2018-05-14 13:53:52 - [TEST_STEP][PASSED] - click: Object: 'Object Repository/MOH AND GRN/Page_KDMC - CMS/input_btnadd' is clicked on

2018-05-14 13:53:52 - [MESSAGE][PASSED] - Object: 'Object Repository/MOH AND GRN/Page_KDMC - CMS/input_btnadd' is clicked on

2018-05-14 13:53:52 - [TEST_STEP][PASSED] - Statement - If (s == 10): null

2018-05-14 13:53:52 - [TEST_STEP][PASSED] - Statement - Else: null

2018-05-14 13:53:52 - [TEST_STEP][PASSED] - Statement - (s++): null

2018-05-14 13:53:52 - [TEST_STEP][PASSED] - delay: Delayed 1 second(s)

2018-05-14 13:53:53 - [MESSAGE][PASSED] - Delayed 1 second(s)

2018-05-14 13:53:53 - [TEST_STEP][PASSED] - scrollToElement: Scroll to object 'Object Repository/MOH AND GRN/Page_KDMC - CMS/input_btnSubmit' successfully

2018-05-14 13:53:53 - [MESSAGE][PASSED] - Scroll to object 'Object Repository/MOH AND GRN/Page_KDMC - CMS/input_btnSubmit' successfully

2018-05-14 13:53:53 - [TEST_STEP][PASSED] - click: Object: 'Object Repository/MOH AND GRN/Page_KDMC - CMS/input_btnSubmit' is clicked on

2018-05-14 13:53:53 - [MESSAGE][PASSED] - Object: 'Object Repository/MOH AND GRN/Page_KDMC - CMS/input_btnSubmit' is clicked on

2018-05-14 13:53:53 - [TEST_STEP][PASSED] - delay: Delayed 3 second(s)

2018-05-14 13:53:56 - [MESSAGE][PASSED] - Delayed 3 second(s)

2018-05-14 13:53:56 - [TEST_STEP][PASSED] - click: Object: 'Object Repository/MOH AND GRN/Page_KDMC - CMS/button_OK' is clicked on

2018-05-14 13:53:57 - [MESSAGE][PASSED] - Object: 'Object Repository/MOH AND GRN/Page_KDMC - CMS/button_OK' is clicked on

2018-05-14 13:53:57 - [TEST_STEP][PASSED] - delay: Delayed 2 second(s)

2018-05-14 13:53:59 - [MESSAGE][PASSED] - Delayed 2 second(s)

2018-05-14 13:53:59 - [TEST_STEP][PASSED] - delay: Delayed 3 second(s)

2018-05-14 13:54:02 - [MESSAGE][PASSED] - Delayed 3 second(s)

2018-05-14 13:54:02 - [TEST_STEP][PASSED] - click: Object: 'Object Repository/MOH AND GRN/Page_KDMC - CMS/a_dropdown-toggle' is clicked on

2018-05-14 13:54:02 - [MESSAGE][PASSED] - Object: 'Object Repository/MOH AND GRN/Page_KDMC - CMS/a_dropdown-toggle' is clicked on

2018-05-14 13:54:02 - [TEST_STEP][PASSED] - click: Object: 'Object Repository/MOH AND GRN/Page_KDMC - CMS/a_Sign out' is clicked on

2018-05-14 13:54:02 - [MESSAGE][PASSED] - Object: 'Object Repository/MOH AND GRN/Page_KDMC - CMS/a_Sign out' is clicked on

2018-05-14 13:54:02 - [TEST_STEP][PASSED] - closeBrowser: Browser is closed

2018-05-14 13:54:03 - [MESSAGE][PASSED] - Browser is closed]]></system-out>
         <system-err><![CDATA[]]></system-err>
      </testcase>
      <testcase name="Test Cases/TEST/MOH REQUEST AND GRN/Moh Request GRN  Schedule 6" classname="Test Cases/TEST/MOH REQUEST AND GRN/Moh Request GRN  Schedule 6" status="FAILED">
         <failure type="FAILED" message="Unable to set text 'INV855.0' of object 'Object Repository/MOH AND GRN/Page_KDMC - CMS/input_txtgrnno' (Root cause: org.openqa.selenium.UnhandledAlertException: unexpected alert open: {Alert text : function Error() { [native code] }}
  (Session info: chrome=66.0.3359.139)
  (Driver info: chromedriver=2.35.528161 (5b82f2d2aae0ca24b877009200ced9065a772e73),platform=Windows NT 10.0.16299 x86_64) (WARNING: The server did not provide any stacktrace information)
Command duration or timeout: 0 milliseconds: null
Build info: version: '3.7.1', revision: '8a0099a', time: '2017-11-06T21:07:36.161Z'
System info: host: 'DESKTOP-BLFTK83', ip: '192.168.71.2', os.name: 'Windows 10', os.arch: 'amd64', os.version: '10.0', java.version: '1.8.0_102'
Driver info: com.kms.katalon.selenium.driver.CChromeDriver
Capabilities {acceptInsecureCerts: false, acceptSslCerts: false, applicationCacheEnabled: false, browserConnectionEnabled: false, browserName: chrome, chrome: {chromedriverVersion: 2.35.528161 (5b82f2d2aae0ca..., userDataDir: C:\Users\QUALIT~1\AppData\L...}, cssSelectorsEnabled: true, databaseEnabled: false, handlesAlerts: true, hasTouchScreen: false, javascriptEnabled: true, locationContextEnabled: true, mobileEmulationEnabled: false, nativeEvents: true, networkConnectionEnabled: false, pageLoadStrategy: normal, platform: XP, platformName: XP, rotatable: false, setWindowRect: true, takesHeapSnapshot: true, takesScreenshot: true, unexpectedAlertBehaviour: , unhandledPromptBehavior: , version: 66.0.3359.139, webStorageEnabled: true}
Session ID: d18125f8179b0342f30ebd20296c4679
*** Element info: {Using=xpath, value=//input[@type = 'text' and @name = 'txtgrnno' and @id = 'txtgrnno' and @placeholder = 'Enter Invoice No']})"/>
         <system-out><![CDATA[2018-05-14 13:54:03 - [TEST_CASE][FAILED] - Test Cases/TEST/MOH REQUEST AND GRN/Moh Request GRN  Schedule 6: Test Cases/TEST/MOH REQUEST AND GRN/Moh Request GRN  Schedule 6 FAILED because (of) Unable to set text 'INV855.0' of object 'Object Repository/MOH AND GRN/Page_KDMC - CMS/input_txtgrnno' (Root cause: org.openqa.selenium.UnhandledAlertException: unexpected alert open: {Alert text : function Error() { [native code] }}
  (Session info: chrome=66.0.3359.139)
  (Driver info: chromedriver=2.35.528161 (5b82f2d2aae0ca24b877009200ced9065a772e73),platform=Windows NT 10.0.16299 x86_64) (WARNING: The server did not provide any stacktrace information)
Command duration or timeout: 0 milliseconds: null
Build info: version: '3.7.1', revision: '8a0099a', time: '2017-11-06T21:07:36.161Z'
System info: host: 'DESKTOP-BLFTK83', ip: '192.168.71.2', os.name: 'Windows 10', os.arch: 'amd64', os.version: '10.0', java.version: '1.8.0_102'
Driver info: com.kms.katalon.selenium.driver.CChromeDriver
Capabilities {acceptInsecureCerts: false, acceptSslCerts: false, applicationCacheEnabled: false, browserConnectionEnabled: false, browserName: chrome, chrome: {chromedriverVersion: 2.35.528161 (5b82f2d2aae0ca..., userDataDir: C:\Users\QUALIT~1\AppData\L...}, cssSelectorsEnabled: true, databaseEnabled: false, handlesAlerts: true, hasTouchScreen: false, javascriptEnabled: true, locationContextEnabled: true, mobileEmulationEnabled: false, nativeEvents: true, networkConnectionEnabled: false, pageLoadStrategy: normal, platform: XP, platformName: XP, rotatable: false, setWindowRect: true, takesHeapSnapshot: true, takesScreenshot: true, unexpectedAlertBehaviour: , unhandledPromptBehavior: , version: 66.0.3359.139, webStorageEnabled: true}
Session ID: d18125f8179b0342f30ebd20296c4679
*** Element info: {Using=xpath, value=//input[@type = 'text' and @name = 'txtgrnno' and @id = 'txtgrnno' and @placeholder = 'Enter Invoice No']})

2018-05-14 13:54:03 - [TEST_STEP][PASSED] - openBrowser: Browser is opened with url: ''

2018-05-14 13:54:05 - [MESSAGE][PASSED] - Browser is opened with url: ''

2018-05-14 13:54:05 - [TEST_STEP][PASSED] - navigateToUrl: Navigate to 'http://192.168.137.1/multihospital_new/' successfully

2018-05-14 13:54:07 - [MESSAGE][PASSED] - Navigate to 'http://192.168.137.1/multihospital_new/' successfully

2018-05-14 13:54:07 - [TEST_STEP][PASSED] - maximizeWindow: Current window maximized

2018-05-14 13:54:08 - [MESSAGE][PASSED] - Current window maximized

2018-05-14 13:54:08 - [TEST_STEP][PASSED] - click: Object: 'Object Repository/MOH AND GRN/Page_KDMC/a_CMS' is clicked on

2018-05-14 13:54:08 - [MESSAGE][PASSED] - Object: 'Object Repository/MOH AND GRN/Page_KDMC/a_CMS' is clicked on

2018-05-14 13:54:08 - [TEST_STEP][PASSED] - setText: Text 'bala' is set on object 'Object Repository/MOH AND GRN/Page_CMS login/input_txtusername'

2018-05-14 13:54:09 - [MESSAGE][PASSED] - Text 'bala' is set on object 'Object Repository/MOH AND GRN/Page_CMS login/input_txtusername'

2018-05-14 13:54:09 - [TEST_STEP][PASSED] - setText: Text '123' is set on object 'Object Repository/MOH AND GRN/Page_CMS login/input_txtpassword'

2018-05-14 13:54:09 - [MESSAGE][PASSED] - Text '123' is set on object 'Object Repository/MOH AND GRN/Page_CMS login/input_txtpassword'

2018-05-14 13:54:09 - [TEST_STEP][PASSED] - delay: Delayed 3 second(s)

2018-05-14 13:54:12 - [MESSAGE][PASSED] - Delayed 3 second(s)

2018-05-14 13:54:12 - [TEST_STEP][PASSED] - click: Object: 'Object Repository/MOH AND GRN/Page_CMS login/button_Sign in' is clicked on

2018-05-14 13:54:13 - [MESSAGE][PASSED] - Object: 'Object Repository/MOH AND GRN/Page_CMS login/button_Sign in' is clicked on

2018-05-14 13:54:13 - [TEST_STEP][PASSED] - click: Object: 'Object Repository/MOH AND GRN/Page_KDMC - CMS/a_Request to MOH' is clicked on

2018-05-14 13:54:13 - [MESSAGE][PASSED] - Object: 'Object Repository/MOH AND GRN/Page_KDMC - CMS/a_Request to MOH' is clicked on

2018-05-14 13:54:13 - [TEST_STEP][PASSED] - selectOptionByIndex: All options with index in [2] are selected on object 'Object Repository/MOH AND GRN/Page_KDMC - CMS/select_--Select--'

2018-05-14 13:54:13 - [MESSAGE][PASSED] - All options with index in [2] are selected on object 'Object Repository/MOH AND GRN/Page_KDMC - CMS/select_--Select--'

2018-05-14 13:54:13 - [TEST_STEP][PASSED] - selectOptionByIndex: All options with index in [6] are selected on object 'Object Repository/MOH AND GRN/Page_KDMC - CMS/select_--Select--Schedule 1Inj'

2018-05-14 13:54:14 - [MESSAGE][PASSED] - All options with index in [6] are selected on object 'Object Repository/MOH AND GRN/Page_KDMC - CMS/select_--Select--Schedule 1Inj'

2018-05-14 13:54:14 - [TEST_STEP][PASSED] - Statement - selectedoptions = com.kms.katalon.core.webui.keyword.WebUiBuiltInKeywords.getNumberOfTotalOption(com.kms.katalon.core.testobject.ObjectRepository.findTestObject(MOH AND GRN/Page_KDMC - CMS/select_--Select--Adernaline 0.)): 14 options of object 'Object Repository/MOH AND GRN/Page_KDMC - CMS/select_--Select--Adernaline 0.' counted

2018-05-14 13:54:14 - [MESSAGE][PASSED] - 14 options of object 'Object Repository/MOH AND GRN/Page_KDMC - CMS/select_--Select--Adernaline 0.' counted

2018-05-14 13:54:14 - [TEST_STEP][PASSED] - Statement - For ([j = 1, j <= selectedoptions - 1, (j++)]): Object: 'Object Repository/MOH AND GRN/Page_KDMC - CMS/button_Add' is clicked on

2018-05-14 13:54:14 - [TEST_STEP][PASSED] - selectOptionByIndex: All options with index in [6] are selected on object 'Object Repository/MOH AND GRN/Page_KDMC - CMS/select_--Select--Schedule 1Inj'

2018-05-14 13:54:14 - [MESSAGE][PASSED] - All options with index in [6] are selected on object 'Object Repository/MOH AND GRN/Page_KDMC - CMS/select_--Select--Schedule 1Inj'

2018-05-14 13:54:14 - [TEST_STEP][PASSED] - selectOptionByIndex: All options with index in [1] are selected on object 'Object Repository/MOH AND GRN/Page_KDMC - CMS/select_--Select--Adernaline 0.'

2018-05-14 13:54:14 - [MESSAGE][PASSED] - All options with index in [1] are selected on object 'Object Repository/MOH AND GRN/Page_KDMC - CMS/select_--Select--Adernaline 0.'

2018-05-14 13:54:14 - [TEST_STEP][PASSED] - setText: Text '5000' is set on object 'Object Repository/MOH AND GRN/Page_KDMC - CMS/input_txttreat'

2018-05-14 13:54:14 - [MESSAGE][PASSED] - Text '5000' is set on object 'Object Repository/MOH AND GRN/Page_KDMC - CMS/input_txttreat'

2018-05-14 13:54:14 - [TEST_STEP][PASSED] - click: Object: 'Object Repository/MOH AND GRN/Page_KDMC - CMS/button_Add' is clicked on

2018-05-14 13:54:14 - [MESSAGE][PASSED] - Object: 'Object Repository/MOH AND GRN/Page_KDMC - CMS/button_Add' is clicked on

2018-05-14 13:54:14 - [TEST_STEP][PASSED] - selectOptionByIndex: All options with index in [6] are selected on object 'Object Repository/MOH AND GRN/Page_KDMC - CMS/select_--Select--Schedule 1Inj'

2018-05-14 13:54:14 - [MESSAGE][PASSED] - All options with index in [6] are selected on object 'Object Repository/MOH AND GRN/Page_KDMC - CMS/select_--Select--Schedule 1Inj'

2018-05-14 13:54:14 - [TEST_STEP][PASSED] - selectOptionByIndex: All options with index in [2] are selected on object 'Object Repository/MOH AND GRN/Page_KDMC - CMS/select_--Select--Adernaline 0.'

2018-05-14 13:54:15 - [MESSAGE][PASSED] - All options with index in [2] are selected on object 'Object Repository/MOH AND GRN/Page_KDMC - CMS/select_--Select--Adernaline 0.'

2018-05-14 13:54:15 - [TEST_STEP][PASSED] - setText: Text '5000' is set on object 'Object Repository/MOH AND GRN/Page_KDMC - CMS/input_txttreat'

2018-05-14 13:54:15 - [MESSAGE][PASSED] - Text '5000' is set on object 'Object Repository/MOH AND GRN/Page_KDMC - CMS/input_txttreat'

2018-05-14 13:54:15 - [TEST_STEP][PASSED] - click: Object: 'Object Repository/MOH AND GRN/Page_KDMC - CMS/button_Add' is clicked on

2018-05-14 13:54:15 - [MESSAGE][PASSED] - Object: 'Object Repository/MOH AND GRN/Page_KDMC - CMS/button_Add' is clicked on

2018-05-14 13:54:15 - [TEST_STEP][PASSED] - selectOptionByIndex: All options with index in [6] are selected on object 'Object Repository/MOH AND GRN/Page_KDMC - CMS/select_--Select--Schedule 1Inj'

2018-05-14 13:54:15 - [MESSAGE][PASSED] - All options with index in [6] are selected on object 'Object Repository/MOH AND GRN/Page_KDMC - CMS/select_--Select--Schedule 1Inj'

2018-05-14 13:54:15 - [TEST_STEP][PASSED] - selectOptionByIndex: All options with index in [3] are selected on object 'Object Repository/MOH AND GRN/Page_KDMC - CMS/select_--Select--Adernaline 0.'

2018-05-14 13:54:15 - [MESSAGE][PASSED] - All options with index in [3] are selected on object 'Object Repository/MOH AND GRN/Page_KDMC - CMS/select_--Select--Adernaline 0.'

2018-05-14 13:54:15 - [TEST_STEP][PASSED] - setText: Text '5000' is set on object 'Object Repository/MOH AND GRN/Page_KDMC - CMS/input_txttreat'

2018-05-14 13:54:15 - [MESSAGE][PASSED] - Text '5000' is set on object 'Object Repository/MOH AND GRN/Page_KDMC - CMS/input_txttreat'

2018-05-14 13:54:15 - [TEST_STEP][PASSED] - click: Object: 'Object Repository/MOH AND GRN/Page_KDMC - CMS/button_Add' is clicked on

2018-05-14 13:54:15 - [MESSAGE][PASSED] - Object: 'Object Repository/MOH AND GRN/Page_KDMC - CMS/button_Add' is clicked on

2018-05-14 13:54:15 - [TEST_STEP][PASSED] - selectOptionByIndex: All options with index in [6] are selected on object 'Object Repository/MOH AND GRN/Page_KDMC - CMS/select_--Select--Schedule 1Inj'

2018-05-14 13:54:15 - [MESSAGE][PASSED] - All options with index in [6] are selected on object 'Object Repository/MOH AND GRN/Page_KDMC - CMS/select_--Select--Schedule 1Inj'

2018-05-14 13:54:15 - [TEST_STEP][PASSED] - selectOptionByIndex: All options with index in [4] are selected on object 'Object Repository/MOH AND GRN/Page_KDMC - CMS/select_--Select--Adernaline 0.'

2018-05-14 13:54:16 - [MESSAGE][PASSED] - All options with index in [4] are selected on object 'Object Repository/MOH AND GRN/Page_KDMC - CMS/select_--Select--Adernaline 0.'

2018-05-14 13:54:16 - [TEST_STEP][PASSED] - setText: Text '5000' is set on object 'Object Repository/MOH AND GRN/Page_KDMC - CMS/input_txttreat'

2018-05-14 13:54:16 - [MESSAGE][PASSED] - Text '5000' is set on object 'Object Repository/MOH AND GRN/Page_KDMC - CMS/input_txttreat'

2018-05-14 13:54:16 - [TEST_STEP][PASSED] - click: Object: 'Object Repository/MOH AND GRN/Page_KDMC - CMS/button_Add' is clicked on

2018-05-14 13:54:16 - [MESSAGE][PASSED] - Object: 'Object Repository/MOH AND GRN/Page_KDMC - CMS/button_Add' is clicked on

2018-05-14 13:54:16 - [TEST_STEP][PASSED] - selectOptionByIndex: All options with index in [6] are selected on object 'Object Repository/MOH AND GRN/Page_KDMC - CMS/select_--Select--Schedule 1Inj'

2018-05-14 13:54:16 - [MESSAGE][PASSED] - All options with index in [6] are selected on object 'Object Repository/MOH AND GRN/Page_KDMC - CMS/select_--Select--Schedule 1Inj'

2018-05-14 13:54:16 - [TEST_STEP][PASSED] - selectOptionByIndex: All options with index in [5] are selected on object 'Object Repository/MOH AND GRN/Page_KDMC - CMS/select_--Select--Adernaline 0.'

2018-05-14 13:54:16 - [MESSAGE][PASSED] - All options with index in [5] are selected on object 'Object Repository/MOH AND GRN/Page_KDMC - CMS/select_--Select--Adernaline 0.'

2018-05-14 13:54:16 - [TEST_STEP][PASSED] - setText: Text '5000' is set on object 'Object Repository/MOH AND GRN/Page_KDMC - CMS/input_txttreat'

2018-05-14 13:54:16 - [MESSAGE][PASSED] - Text '5000' is set on object 'Object Repository/MOH AND GRN/Page_KDMC - CMS/input_txttreat'

2018-05-14 13:54:16 - [TEST_STEP][PASSED] - click: Object: 'Object Repository/MOH AND GRN/Page_KDMC - CMS/button_Add' is clicked on

2018-05-14 13:54:16 - [MESSAGE][PASSED] - Object: 'Object Repository/MOH AND GRN/Page_KDMC - CMS/button_Add' is clicked on

2018-05-14 13:54:16 - [TEST_STEP][PASSED] - selectOptionByIndex: All options with index in [6] are selected on object 'Object Repository/MOH AND GRN/Page_KDMC - CMS/select_--Select--Schedule 1Inj'

2018-05-14 13:54:16 - [MESSAGE][PASSED] - All options with index in [6] are selected on object 'Object Repository/MOH AND GRN/Page_KDMC - CMS/select_--Select--Schedule 1Inj'

2018-05-14 13:54:16 - [TEST_STEP][PASSED] - selectOptionByIndex: All options with index in [6] are selected on object 'Object Repository/MOH AND GRN/Page_KDMC - CMS/select_--Select--Adernaline 0.'

2018-05-14 13:54:16 - [MESSAGE][PASSED] - All options with index in [6] are selected on object 'Object Repository/MOH AND GRN/Page_KDMC - CMS/select_--Select--Adernaline 0.'

2018-05-14 13:54:16 - [TEST_STEP][PASSED] - setText: Text '5000' is set on object 'Object Repository/MOH AND GRN/Page_KDMC - CMS/input_txttreat'

2018-05-14 13:54:17 - [MESSAGE][PASSED] - Text '5000' is set on object 'Object Repository/MOH AND GRN/Page_KDMC - CMS/input_txttreat'

2018-05-14 13:54:17 - [TEST_STEP][PASSED] - click: Object: 'Object Repository/MOH AND GRN/Page_KDMC - CMS/button_Add' is clicked on

2018-05-14 13:54:17 - [MESSAGE][PASSED] - Object: 'Object Repository/MOH AND GRN/Page_KDMC - CMS/button_Add' is clicked on

2018-05-14 13:54:17 - [TEST_STEP][PASSED] - selectOptionByIndex: All options with index in [6] are selected on object 'Object Repository/MOH AND GRN/Page_KDMC - CMS/select_--Select--Schedule 1Inj'

2018-05-14 13:54:17 - [MESSAGE][PASSED] - All options with index in [6] are selected on object 'Object Repository/MOH AND GRN/Page_KDMC - CMS/select_--Select--Schedule 1Inj'

2018-05-14 13:54:17 - [TEST_STEP][PASSED] - selectOptionByIndex: All options with index in [7] are selected on object 'Object Repository/MOH AND GRN/Page_KDMC - CMS/select_--Select--Adernaline 0.'

2018-05-14 13:54:17 - [MESSAGE][PASSED] - All options with index in [7] are selected on object 'Object Repository/MOH AND GRN/Page_KDMC - CMS/select_--Select--Adernaline 0.'

2018-05-14 13:54:17 - [TEST_STEP][PASSED] - setText: Text '5000' is set on object 'Object Repository/MOH AND GRN/Page_KDMC - CMS/input_txttreat'

2018-05-14 13:54:17 - [MESSAGE][PASSED] - Text '5000' is set on object 'Object Repository/MOH AND GRN/Page_KDMC - CMS/input_txttreat'

2018-05-14 13:54:17 - [TEST_STEP][PASSED] - click: Object: 'Object Repository/MOH AND GRN/Page_KDMC - CMS/button_Add' is clicked on

2018-05-14 13:54:17 - [MESSAGE][PASSED] - Object: 'Object Repository/MOH AND GRN/Page_KDMC - CMS/button_Add' is clicked on

2018-05-14 13:54:17 - [TEST_STEP][PASSED] - selectOptionByIndex: All options with index in [6] are selected on object 'Object Repository/MOH AND GRN/Page_KDMC - CMS/select_--Select--Schedule 1Inj'

2018-05-14 13:54:17 - [MESSAGE][PASSED] - All options with index in [6] are selected on object 'Object Repository/MOH AND GRN/Page_KDMC - CMS/select_--Select--Schedule 1Inj'

2018-05-14 13:54:17 - [TEST_STEP][PASSED] - selectOptionByIndex: All options with index in [8] are selected on object 'Object Repository/MOH AND GRN/Page_KDMC - CMS/select_--Select--Adernaline 0.'

2018-05-14 13:54:18 - [MESSAGE][PASSED] - All options with index in [8] are selected on object 'Object Repository/MOH AND GRN/Page_KDMC - CMS/select_--Select--Adernaline 0.'

2018-05-14 13:54:18 - [TEST_STEP][PASSED] - setText: Text '5000' is set on object 'Object Repository/MOH AND GRN/Page_KDMC - CMS/input_txttreat'

2018-05-14 13:54:18 - [MESSAGE][PASSED] - Text '5000' is set on object 'Object Repository/MOH AND GRN/Page_KDMC - CMS/input_txttreat'

2018-05-14 13:54:18 - [TEST_STEP][PASSED] - click: Object: 'Object Repository/MOH AND GRN/Page_KDMC - CMS/button_Add' is clicked on

2018-05-14 13:54:18 - [MESSAGE][PASSED] - Object: 'Object Repository/MOH AND GRN/Page_KDMC - CMS/button_Add' is clicked on

2018-05-14 13:54:18 - [TEST_STEP][PASSED] - selectOptionByIndex: All options with index in [6] are selected on object 'Object Repository/MOH AND GRN/Page_KDMC - CMS/select_--Select--Schedule 1Inj'

2018-05-14 13:54:18 - [MESSAGE][PASSED] - All options with index in [6] are selected on object 'Object Repository/MOH AND GRN/Page_KDMC - CMS/select_--Select--Schedule 1Inj'

2018-05-14 13:54:18 - [TEST_STEP][PASSED] - selectOptionByIndex: All options with index in [9] are selected on object 'Object Repository/MOH AND GRN/Page_KDMC - CMS/select_--Select--Adernaline 0.'

2018-05-14 13:54:18 - [MESSAGE][PASSED] - All options with index in [9] are selected on object 'Object Repository/MOH AND GRN/Page_KDMC - CMS/select_--Select--Adernaline 0.'

2018-05-14 13:54:18 - [TEST_STEP][PASSED] - setText: Text '5000' is set on object 'Object Repository/MOH AND GRN/Page_KDMC - CMS/input_txttreat'

2018-05-14 13:54:18 - [MESSAGE][PASSED] - Text '5000' is set on object 'Object Repository/MOH AND GRN/Page_KDMC - CMS/input_txttreat'

2018-05-14 13:54:18 - [TEST_STEP][PASSED] - click: Object: 'Object Repository/MOH AND GRN/Page_KDMC - CMS/button_Add' is clicked on

2018-05-14 13:54:18 - [MESSAGE][PASSED] - Object: 'Object Repository/MOH AND GRN/Page_KDMC - CMS/button_Add' is clicked on

2018-05-14 13:54:18 - [TEST_STEP][PASSED] - selectOptionByIndex: All options with index in [6] are selected on object 'Object Repository/MOH AND GRN/Page_KDMC - CMS/select_--Select--Schedule 1Inj'

2018-05-14 13:54:18 - [MESSAGE][PASSED] - All options with index in [6] are selected on object 'Object Repository/MOH AND GRN/Page_KDMC - CMS/select_--Select--Schedule 1Inj'

2018-05-14 13:54:18 - [TEST_STEP][PASSED] - selectOptionByIndex: All options with index in [10] are selected on object 'Object Repository/MOH AND GRN/Page_KDMC - CMS/select_--Select--Adernaline 0.'

2018-05-14 13:54:19 - [MESSAGE][PASSED] - All options with index in [10] are selected on object 'Object Repository/MOH AND GRN/Page_KDMC - CMS/select_--Select--Adernaline 0.'

2018-05-14 13:54:19 - [TEST_STEP][PASSED] - setText: Text '5000' is set on object 'Object Repository/MOH AND GRN/Page_KDMC - CMS/input_txttreat'

2018-05-14 13:54:19 - [MESSAGE][PASSED] - Text '5000' is set on object 'Object Repository/MOH AND GRN/Page_KDMC - CMS/input_txttreat'

2018-05-14 13:54:19 - [TEST_STEP][PASSED] - click: Object: 'Object Repository/MOH AND GRN/Page_KDMC - CMS/button_Add' is clicked on

2018-05-14 13:54:19 - [MESSAGE][PASSED] - Object: 'Object Repository/MOH AND GRN/Page_KDMC - CMS/button_Add' is clicked on

2018-05-14 13:54:19 - [TEST_STEP][PASSED] - selectOptionByIndex: All options with index in [6] are selected on object 'Object Repository/MOH AND GRN/Page_KDMC - CMS/select_--Select--Schedule 1Inj'

2018-05-14 13:54:19 - [MESSAGE][PASSED] - All options with index in [6] are selected on object 'Object Repository/MOH AND GRN/Page_KDMC - CMS/select_--Select--Schedule 1Inj'

2018-05-14 13:54:19 - [TEST_STEP][PASSED] - selectOptionByIndex: All options with index in [11] are selected on object 'Object Repository/MOH AND GRN/Page_KDMC - CMS/select_--Select--Adernaline 0.'

2018-05-14 13:54:19 - [MESSAGE][PASSED] - All options with index in [11] are selected on object 'Object Repository/MOH AND GRN/Page_KDMC - CMS/select_--Select--Adernaline 0.'

2018-05-14 13:54:19 - [TEST_STEP][PASSED] - setText: Text '5000' is set on object 'Object Repository/MOH AND GRN/Page_KDMC - CMS/input_txttreat'

2018-05-14 13:54:19 - [MESSAGE][PASSED] - Text '5000' is set on object 'Object Repository/MOH AND GRN/Page_KDMC - CMS/input_txttreat'

2018-05-14 13:54:19 - [TEST_STEP][PASSED] - click: Object: 'Object Repository/MOH AND GRN/Page_KDMC - CMS/button_Add' is clicked on

2018-05-14 13:54:19 - [MESSAGE][PASSED] - Object: 'Object Repository/MOH AND GRN/Page_KDMC - CMS/button_Add' is clicked on

2018-05-14 13:54:19 - [TEST_STEP][PASSED] - selectOptionByIndex: All options with index in [6] are selected on object 'Object Repository/MOH AND GRN/Page_KDMC - CMS/select_--Select--Schedule 1Inj'

2018-05-14 13:54:19 - [MESSAGE][PASSED] - All options with index in [6] are selected on object 'Object Repository/MOH AND GRN/Page_KDMC - CMS/select_--Select--Schedule 1Inj'

2018-05-14 13:54:19 - [TEST_STEP][PASSED] - selectOptionByIndex: All options with index in [12] are selected on object 'Object Repository/MOH AND GRN/Page_KDMC - CMS/select_--Select--Adernaline 0.'

2018-05-14 13:54:20 - [MESSAGE][PASSED] - All options with index in [12] are selected on object 'Object Repository/MOH AND GRN/Page_KDMC - CMS/select_--Select--Adernaline 0.'

2018-05-14 13:54:20 - [TEST_STEP][PASSED] - setText: Text '5000' is set on object 'Object Repository/MOH AND GRN/Page_KDMC - CMS/input_txttreat'

2018-05-14 13:54:20 - [MESSAGE][PASSED] - Text '5000' is set on object 'Object Repository/MOH AND GRN/Page_KDMC - CMS/input_txttreat'

2018-05-14 13:54:20 - [TEST_STEP][PASSED] - click: Object: 'Object Repository/MOH AND GRN/Page_KDMC - CMS/button_Add' is clicked on

2018-05-14 13:54:20 - [MESSAGE][PASSED] - Object: 'Object Repository/MOH AND GRN/Page_KDMC - CMS/button_Add' is clicked on

2018-05-14 13:54:20 - [TEST_STEP][PASSED] - selectOptionByIndex: All options with index in [6] are selected on object 'Object Repository/MOH AND GRN/Page_KDMC - CMS/select_--Select--Schedule 1Inj'

2018-05-14 13:54:20 - [MESSAGE][PASSED] - All options with index in [6] are selected on object 'Object Repository/MOH AND GRN/Page_KDMC - CMS/select_--Select--Schedule 1Inj'

2018-05-14 13:54:20 - [TEST_STEP][PASSED] - selectOptionByIndex: All options with index in [13] are selected on object 'Object Repository/MOH AND GRN/Page_KDMC - CMS/select_--Select--Adernaline 0.'

2018-05-14 13:54:20 - [MESSAGE][PASSED] - All options with index in [13] are selected on object 'Object Repository/MOH AND GRN/Page_KDMC - CMS/select_--Select--Adernaline 0.'

2018-05-14 13:54:20 - [TEST_STEP][PASSED] - setText: Text '5000' is set on object 'Object Repository/MOH AND GRN/Page_KDMC - CMS/input_txttreat'

2018-05-14 13:54:20 - [MESSAGE][PASSED] - Text '5000' is set on object 'Object Repository/MOH AND GRN/Page_KDMC - CMS/input_txttreat'

2018-05-14 13:54:20 - [TEST_STEP][PASSED] - click: Object: 'Object Repository/MOH AND GRN/Page_KDMC - CMS/button_Add' is clicked on

2018-05-14 13:54:20 - [MESSAGE][PASSED] - Object: 'Object Repository/MOH AND GRN/Page_KDMC - CMS/button_Add' is clicked on

2018-05-14 13:54:20 - [TEST_STEP][PASSED] - scrollToElement: Scroll to object 'Object Repository/MOH AND GRN/Page_KDMC - CMS/input_btnsave' successfully

2018-05-14 13:54:20 - [MESSAGE][PASSED] - Scroll to object 'Object Repository/MOH AND GRN/Page_KDMC - CMS/input_btnsave' successfully

2018-05-14 13:54:20 - [TEST_STEP][PASSED] - click: Object: 'Object Repository/MOH AND GRN/Page_KDMC - CMS/input_btnsave' is clicked on

2018-05-14 13:54:21 - [MESSAGE][PASSED] - Object: 'Object Repository/MOH AND GRN/Page_KDMC - CMS/input_btnsave' is clicked on

2018-05-14 13:54:21 - [TEST_STEP][PASSED] - delay: Delayed 3 second(s)

2018-05-14 13:54:24 - [MESSAGE][PASSED] - Delayed 3 second(s)

2018-05-14 13:54:24 - [TEST_STEP][PASSED] - Statement - Request1 = com.kms.katalon.core.webui.keyword.WebUiBuiltInKeywords.getText(com.kms.katalon.core.testobject.ObjectRepository.findTestObject(MOH AND GRN/Page_KDMC - CMS/font_PRNO0505201876)): Text of object 'Object Repository/MOH AND GRN/Page_KDMC - CMS/font_PRNO0505201876' is: 'PRNO/14052018/238'

2018-05-14 13:54:24 - [MESSAGE][PASSED] - Text of object 'Object Repository/MOH AND GRN/Page_KDMC - CMS/font_PRNO0505201876' is: 'PRNO/14052018/238'

2018-05-14 13:54:24 - [TEST_STEP][PASSED] - Statement - out.println("Length OF The Medicine " + Request1): null

2018-05-14 13:54:24 - [TEST_STEP][PASSED] - Statement - RequestNUmber = Request1.split("/")[2].trim(): null

2018-05-14 13:54:24 - [TEST_STEP][PASSED] - Statement - out.println("ID IS " + RequestNUmber): null

2018-05-14 13:54:24 - [TEST_STEP][PASSED] - delay: Delayed 3 second(s)

2018-05-14 13:54:27 - [MESSAGE][PASSED] - Delayed 3 second(s)

2018-05-14 13:54:27 - [TEST_STEP][PASSED] - click: Object: 'Object Repository/MOH AND GRN/Page_KDMC - CMS/button_OK' is clicked on

2018-05-14 13:54:27 - [MESSAGE][PASSED] - Object: 'Object Repository/MOH AND GRN/Page_KDMC - CMS/button_OK' is clicked on

2018-05-14 13:54:27 - [TEST_STEP][PASSED] - click: Object: 'Object Repository/MOH AND GRN/Page_KDMC - CMS/a_dropdown-toggle' is clicked on

2018-05-14 13:54:28 - [MESSAGE][PASSED] - Object: 'Object Repository/MOH AND GRN/Page_KDMC - CMS/a_dropdown-toggle' is clicked on

2018-05-14 13:54:28 - [TEST_STEP][PASSED] - click: Object: 'Object Repository/MOH AND GRN/Page_KDMC - CMS/a_Sign out' is clicked on

2018-05-14 13:54:29 - [MESSAGE][PASSED] - Object: 'Object Repository/MOH AND GRN/Page_KDMC - CMS/a_Sign out' is clicked on

2018-05-14 13:54:29 - [TEST_STEP][PASSED] - delay: Delayed 4 second(s)

2018-05-14 13:54:33 - [MESSAGE][PASSED] - Delayed 4 second(s)

2018-05-14 13:54:33 - [TEST_STEP][PASSED] - click: Object: 'Object Repository/MOH AND GRN/Page_KDMC/a_Admin Master' is clicked on

2018-05-14 13:54:33 - [MESSAGE][PASSED] - Object: 'Object Repository/MOH AND GRN/Page_KDMC/a_Admin Master' is clicked on

2018-05-14 13:54:33 - [TEST_STEP][PASSED] - setText: Text 'admin' is set on object 'Object Repository/MOH AND GRN/Page_Admin login/input_txtusername'

2018-05-14 13:54:33 - [MESSAGE][PASSED] - Text 'admin' is set on object 'Object Repository/MOH AND GRN/Page_Admin login/input_txtusername'

2018-05-14 13:54:33 - [TEST_STEP][PASSED] - setText: Text 'admin123' is set on object 'Object Repository/MOH AND GRN/Page_Admin login/input_txtpassword'

2018-05-14 13:54:33 - [MESSAGE][PASSED] - Text 'admin123' is set on object 'Object Repository/MOH AND GRN/Page_Admin login/input_txtpassword'

2018-05-14 13:54:33 - [TEST_STEP][PASSED] - delay: Delayed 3 second(s)

2018-05-14 13:54:36 - [MESSAGE][PASSED] - Delayed 3 second(s)

2018-05-14 13:54:36 - [TEST_STEP][PASSED] - click: Object: 'Object Repository/MOH AND GRN/Page_Admin login/button_Sign in' is clicked on

2018-05-14 13:54:37 - [MESSAGE][PASSED] - Object: 'Object Repository/MOH AND GRN/Page_Admin login/button_Sign in' is clicked on

2018-05-14 13:54:37 - [TEST_STEP][PASSED] - delay: Delayed 20 second(s)

2018-05-14 13:54:57 - [MESSAGE][PASSED] - Delayed 20 second(s)

2018-05-14 13:54:57 - [TEST_STEP][PASSED] - scrollToPosition: Browser is scrolled to position x = 200, y = 200

2018-05-14 13:54:57 - [MESSAGE][PASSED] - Browser is scrolled to position x = 200, y = 200

2018-05-14 13:54:57 - [TEST_STEP][PASSED] - click: Object: 'Object Repository/MOH AND GRN/Page_KDMC/a_CMS_1' is clicked on

2018-05-14 13:54:58 - [MESSAGE][PASSED] - Object: 'Object Repository/MOH AND GRN/Page_KDMC/a_CMS_1' is clicked on

2018-05-14 13:54:58 - [TEST_STEP][PASSED] - click: Object: 'Object Repository/MOH AND GRN/Page_KDMC/a_Request List' is clicked on

2018-05-14 13:54:59 - [MESSAGE][PASSED] - Object: 'Object Repository/MOH AND GRN/Page_KDMC/a_Request List' is clicked on

2018-05-14 13:54:59 - [TEST_STEP][PASSED] - Statement - RequestNumberId = com.kms.katalon.core.webui.keyword.WebUiBuiltInKeywords.modifyObjectProperty(com.kms.katalon.core.testobject.ObjectRepository.findTestObject(MOH AND GRN/Page_KDMC - CMS/input_PO0032), "xpath", "equals", "//*[@id =" + RequestNUmber + "]", true): Modify property of object successfully

2018-05-14 13:54:59 - [MESSAGE][PASSED] - Modify property of object successfully

2018-05-14 13:54:59 - [TEST_STEP][PASSED] - click: Object: 'Object Repository/MOH AND GRN/Page_KDMC - CMS/input_PO0032' is clicked on

2018-05-14 13:54:59 - [MESSAGE][PASSED] - Object: 'Object Repository/MOH AND GRN/Page_KDMC - CMS/input_PO0032' is clicked on

2018-05-14 13:54:59 - [TEST_STEP][PASSED] - delay: Delayed 3 second(s)

2018-05-14 13:55:02 - [MESSAGE][PASSED] - Delayed 3 second(s)

2018-05-14 13:55:02 - [TEST_STEP][PASSED] - selectOptionByIndex: All options with index in [1] are selected on object 'Object Repository/MOH AND GRN/Page_KDMC/select_--Select--'

2018-05-14 13:55:02 - [MESSAGE][PASSED] - All options with index in [1] are selected on object 'Object Repository/MOH AND GRN/Page_KDMC/select_--Select--'

2018-05-14 13:55:02 - [TEST_STEP][PASSED] - click: Object: 'Object Repository/MOH AND GRN/Page_KDMC/input_btnupdate' is clicked on

2018-05-14 13:55:02 - [MESSAGE][PASSED] - Object: 'Object Repository/MOH AND GRN/Page_KDMC/input_btnupdate' is clicked on

2018-05-14 13:55:02 - [TEST_STEP][PASSED] - delay: Delayed 3 second(s)

2018-05-14 13:55:05 - [MESSAGE][PASSED] - Delayed 3 second(s)

2018-05-14 13:55:05 - [TEST_STEP][PASSED] - click: Object: 'Object Repository/MOH AND GRN/Page_KDMC/button_OK' is clicked on

2018-05-14 13:55:06 - [MESSAGE][PASSED] - Object: 'Object Repository/MOH AND GRN/Page_KDMC/button_OK' is clicked on

2018-05-14 13:55:06 - [TEST_STEP][PASSED] - delay: Delayed 3 second(s)

2018-05-14 13:55:09 - [MESSAGE][PASSED] - Delayed 3 second(s)

2018-05-14 13:55:09 - [TEST_STEP][PASSED] - scrollToPosition: Browser is scrolled to position x = 200, y = 200

2018-05-14 13:55:09 - [MESSAGE][PASSED] - Browser is scrolled to position x = 200, y = 200

2018-05-14 13:55:09 - [TEST_STEP][PASSED] - click: Object: 'Object Repository/MOH AND GRN/Page_KDMC/a_CMS_2' is clicked on

2018-05-14 13:55:09 - [MESSAGE][PASSED] - Object: 'Object Repository/MOH AND GRN/Page_KDMC/a_CMS_2' is clicked on

2018-05-14 13:55:09 - [TEST_STEP][PASSED] - delay: Delayed 2 second(s)

2018-05-14 13:55:11 - [MESSAGE][PASSED] - Delayed 2 second(s)

2018-05-14 13:55:11 - [TEST_STEP][PASSED] - click: Object: 'Object Repository/MOH AND GRN/Page_KDMC/a_Generate P.O' is clicked on

2018-05-14 13:55:11 - [MESSAGE][PASSED] - Object: 'Object Repository/MOH AND GRN/Page_KDMC/a_Generate P.O' is clicked on

2018-05-14 13:55:11 - [TEST_STEP][PASSED] - delay: Delayed 2 second(s)

2018-05-14 13:55:13 - [MESSAGE][PASSED] - Delayed 2 second(s)

2018-05-14 13:55:13 - [TEST_STEP][PASSED] - selectOptionByIndex: All options with index in [1] are selected on object 'Object Repository/MOH AND GRN/Page_KDMC/select_--Select--PRNO040520183'

2018-05-14 13:55:14 - [MESSAGE][PASSED] - All options with index in [1] are selected on object 'Object Repository/MOH AND GRN/Page_KDMC/select_--Select--PRNO040520183'

2018-05-14 13:55:14 - [TEST_STEP][PASSED] - selectOptionByIndex: All options with index in [9] are selected on object 'Object Repository/MOH AND GRN/Page_KDMC/select_--Select--Hamen Chandra'

2018-05-14 13:55:14 - [MESSAGE][PASSED] - All options with index in [9] are selected on object 'Object Repository/MOH AND GRN/Page_KDMC/select_--Select--Hamen Chandra'

2018-05-14 13:55:14 - [TEST_STEP][PASSED] - Statement - PONumber = com.kms.katalon.core.webui.keyword.WebUiBuiltInKeywords.getText(com.kms.katalon.core.testobject.ObjectRepository.findTestObject(MOH AND GRN/Page_KDMC/input_lblpono)).trim(): Text of object 'Object Repository/MOH AND GRN/Page_KDMC/input_lblpono' is: ''

2018-05-14 13:55:14 - [MESSAGE][PASSED] - Text of object 'Object Repository/MOH AND GRN/Page_KDMC/input_lblpono' is: ''

2018-05-14 13:55:14 - [TEST_STEP][PASSED] - Statement - PONumber1 = com.kms.katalon.core.webui.keyword.WebUiBuiltInKeywords.getAttribute(com.kms.katalon.core.testobject.ObjectRepository.findTestObject(MOH AND GRN/Page_KDMC/input_lblpono), "value").trim(): Attribute 'value' of object 'Object Repository/MOH AND GRN/Page_KDMC/input_lblpono' is: 'PO00119'

2018-05-14 13:55:14 - [MESSAGE][PASSED] - Attribute 'value' of object 'Object Repository/MOH AND GRN/Page_KDMC/input_lblpono' is: 'PO00119'

2018-05-14 13:55:14 - [TEST_STEP][PASSED] - Statement - out.println("PO NUMBER :" + PONumber): null

2018-05-14 13:55:14 - [TEST_STEP][PASSED] - Statement - out.println("PO NUMBER :" + PONumber1): null

2018-05-14 13:55:14 - [TEST_STEP][PASSED] - click: Object: 'Object Repository/MOH AND GRN/Page_KDMC/input_chkrem' is clicked on

2018-05-14 13:55:14 - [MESSAGE][PASSED] - Object: 'Object Repository/MOH AND GRN/Page_KDMC/input_chkrem' is clicked on

2018-05-14 13:55:14 - [TEST_STEP][PASSED] - scrollToElement: Scroll to object 'Object Repository/MOH AND GRN/Page_KDMC/input_btnreturn' successfully

2018-05-14 13:55:14 - [MESSAGE][PASSED] - Scroll to object 'Object Repository/MOH AND GRN/Page_KDMC/input_btnreturn' successfully

2018-05-14 13:55:14 - [TEST_STEP][PASSED] - click: Object: 'Object Repository/MOH AND GRN/Page_KDMC/input_btnreturn' is clicked on

2018-05-14 13:55:14 - [MESSAGE][PASSED] - Object: 'Object Repository/MOH AND GRN/Page_KDMC/input_btnreturn' is clicked on

2018-05-14 13:55:14 - [TEST_STEP][PASSED] - delay: Delayed 3 second(s)

2018-05-14 13:55:17 - [MESSAGE][PASSED] - Delayed 3 second(s)

2018-05-14 13:55:17 - [TEST_STEP][PASSED] - click: Object: 'Object Repository/MOH AND GRN/Page_KDMC/button_Yes' is clicked on

2018-05-14 13:55:17 - [MESSAGE][PASSED] - Object: 'Object Repository/MOH AND GRN/Page_KDMC/button_Yes' is clicked on

2018-05-14 13:55:17 - [TEST_STEP][PASSED] - delay: Delayed 3 second(s)

2018-05-14 13:55:20 - [MESSAGE][PASSED] - Delayed 3 second(s)

2018-05-14 13:55:20 - [TEST_STEP][PASSED] - click: Object: 'Object Repository/MOH AND GRN/Page_KDMC/button_OK' is clicked on

2018-05-14 13:55:21 - [MESSAGE][PASSED] - Object: 'Object Repository/MOH AND GRN/Page_KDMC/button_OK' is clicked on

2018-05-14 13:55:21 - [TEST_STEP][PASSED] - delay: Delayed 3 second(s)

2018-05-14 13:55:24 - [MESSAGE][PASSED] - Delayed 3 second(s)

2018-05-14 13:55:24 - [TEST_STEP][PASSED] - click: Object: 'Object Repository/MOH AND GRN/Page_KDMC/a_dropdown-toggle' is clicked on

2018-05-14 13:55:24 - [MESSAGE][PASSED] - Object: 'Object Repository/MOH AND GRN/Page_KDMC/a_dropdown-toggle' is clicked on

2018-05-14 13:55:24 - [TEST_STEP][PASSED] - click: Object: 'Object Repository/MOH AND GRN/Page_KDMC/a_Sign out' is clicked on

2018-05-14 13:55:24 - [MESSAGE][PASSED] - Object: 'Object Repository/MOH AND GRN/Page_KDMC/a_Sign out' is clicked on

2018-05-14 13:55:24 - [TEST_STEP][PASSED] - delay: Delayed 4 second(s)

2018-05-14 13:55:28 - [MESSAGE][PASSED] - Delayed 4 second(s)

2018-05-14 13:55:28 - [TEST_STEP][PASSED] - click: Object: 'Object Repository/MOH AND GRN/Page_KDMC/a_CMS' is clicked on

2018-05-14 13:55:29 - [MESSAGE][PASSED] - Object: 'Object Repository/MOH AND GRN/Page_KDMC/a_CMS' is clicked on

2018-05-14 13:55:29 - [TEST_STEP][PASSED] - setText: Text 'bala' is set on object 'Object Repository/MOH AND GRN/Page_CMS login/input_txtusername'

2018-05-14 13:55:29 - [MESSAGE][PASSED] - Text 'bala' is set on object 'Object Repository/MOH AND GRN/Page_CMS login/input_txtusername'

2018-05-14 13:55:29 - [TEST_STEP][PASSED] - setText: Text '123' is set on object 'Object Repository/MOH AND GRN/Page_CMS login/input_txtpassword'

2018-05-14 13:55:29 - [MESSAGE][PASSED] - Text '123' is set on object 'Object Repository/MOH AND GRN/Page_CMS login/input_txtpassword'

2018-05-14 13:55:29 - [TEST_STEP][PASSED] - delay: Delayed 3 second(s)

2018-05-14 13:55:32 - [MESSAGE][PASSED] - Delayed 3 second(s)

2018-05-14 13:55:32 - [TEST_STEP][PASSED] - click: Object: 'Object Repository/MOH AND GRN/Page_CMS login/button_Sign in' is clicked on

2018-05-14 13:55:33 - [MESSAGE][PASSED] - Object: 'Object Repository/MOH AND GRN/Page_CMS login/button_Sign in' is clicked on

2018-05-14 13:55:33 - [TEST_STEP][PASSED] - click: Object: 'Object Repository/MOH AND GRN/Page_KDMC - CMS/a_CMS Details' is clicked on

2018-05-14 13:55:33 - [MESSAGE][PASSED] - Object: 'Object Repository/MOH AND GRN/Page_KDMC - CMS/a_CMS Details' is clicked on

2018-05-14 13:55:33 - [TEST_STEP][PASSED] - delay: Delayed 2 second(s)

2018-05-14 13:55:35 - [MESSAGE][PASSED] - Delayed 2 second(s)

2018-05-14 13:55:35 - [TEST_STEP][PASSED] - click: Object: 'Object Repository/MOH AND GRN/Page_KDMC - CMS/a_Goods Receive' is clicked on

2018-05-14 13:55:35 - [MESSAGE][PASSED] - Object: 'Object Repository/MOH AND GRN/Page_KDMC - CMS/a_Goods Receive' is clicked on

2018-05-14 13:55:35 - [TEST_STEP][PASSED] - delay: Delayed 2 second(s)

2018-05-14 13:55:37 - [MESSAGE][PASSED] - Delayed 2 second(s)

2018-05-14 13:55:37 - [TEST_STEP][PASSED] - selectOptionByLabel: All options with label 'PO00119' are selected in object 'Object Repository/MOH AND GRN/Page_KDMC - CMS/select_--Select--PO0032PO0031P' 

2018-05-14 13:55:37 - [MESSAGE][PASSED] - All options with label 'PO00119' are selected in object 'Object Repository/MOH AND GRN/Page_KDMC - CMS/select_--Select--PO0032PO0031P' 

2018-05-14 13:55:37 - [TEST_STEP][PASSED] - setText: Finding Test Object with id 'Object Repository/MOH AND GRN/Page_KDMC - CMS/input_txtgrnno'

2018-05-14 13:55:37 - [TEST_STEP][FAILED] - Statement - switch (id): Unable to set text 'INV855.0' of object 'Object Repository/MOH AND GRN/Page_KDMC - CMS/input_txtgrnno' (Root cause: org.openqa.selenium.UnhandledAlertException: unexpected alert open: {Alert text : function Error() { [native code] }}
  (Session info: chrome=66.0.3359.139)
  (Driver info: chromedriver=2.35.528161 (5b82f2d2aae0ca24b877009200ced9065a772e73),platform=Windows NT 10.0.16299 x86_64) (WARNING: The server did not provide any stacktrace information)
Command duration or timeout: 0 milliseconds: null
Build info: version: '3.7.1', revision: '8a0099a', time: '2017-11-06T21:07:36.161Z'
System info: host: 'DESKTOP-BLFTK83', ip: '192.168.71.2', os.name: 'Windows 10', os.arch: 'amd64', os.version: '10.0', java.version: '1.8.0_102'
Driver info: com.kms.katalon.selenium.driver.CChromeDriver
Capabilities {acceptInsecureCerts: false, acceptSslCerts: false, applicationCacheEnabled: false, browserConnectionEnabled: false, browserName: chrome, chrome: {chromedriverVersion: 2.35.528161 (5b82f2d2aae0ca..., userDataDir: C:\Users\QUALIT~1\AppData\L...}, cssSelectorsEnabled: true, databaseEnabled: false, handlesAlerts: true, hasTouchScreen: false, javascriptEnabled: true, locationContextEnabled: true, mobileEmulationEnabled: false, nativeEvents: true, networkConnectionEnabled: false, pageLoadStrategy: normal, platform: XP, platformName: XP, rotatable: false, setWindowRect: true, takesHeapSnapshot: true, takesScreenshot: true, unexpectedAlertBehaviour: , unhandledPromptBehavior: , version: 66.0.3359.139, webStorageEnabled: true}
Session ID: d18125f8179b0342f30ebd20296c4679
*** Element info: {Using=xpath, value=//input[@type = 'text' and @name = 'txtgrnno' and @id = 'txtgrnno' and @placeholder = 'Enter Invoice No']})

2018-05-14 13:55:37 - [TEST_STEP][FAILED] - Statement - case 2:: Unable to set text 'INV855.0' of object 'Object Repository/MOH AND GRN/Page_KDMC - CMS/input_txtgrnno' (Root cause: org.openqa.selenium.UnhandledAlertException: unexpected alert open: {Alert text : function Error() { [native code] }}
  (Session info: chrome=66.0.3359.139)
  (Driver info: chromedriver=2.35.528161 (5b82f2d2aae0ca24b877009200ced9065a772e73),platform=Windows NT 10.0.16299 x86_64) (WARNING: The server did not provide any stacktrace information)
Command duration or timeout: 0 milliseconds: null
Build info: version: '3.7.1', revision: '8a0099a', time: '2017-11-06T21:07:36.161Z'
System info: host: 'DESKTOP-BLFTK83', ip: '192.168.71.2', os.name: 'Windows 10', os.arch: 'amd64', os.version: '10.0', java.version: '1.8.0_102'
Driver info: com.kms.katalon.selenium.driver.CChromeDriver
Capabilities {acceptInsecureCerts: false, acceptSslCerts: false, applicationCacheEnabled: false, browserConnectionEnabled: false, browserName: chrome, chrome: {chromedriverVersion: 2.35.528161 (5b82f2d2aae0ca..., userDataDir: C:\Users\QUALIT~1\AppData\L...}, cssSelectorsEnabled: true, databaseEnabled: false, handlesAlerts: true, hasTouchScreen: false, javascriptEnabled: true, locationContextEnabled: true, mobileEmulationEnabled: false, nativeEvents: true, networkConnectionEnabled: false, pageLoadStrategy: normal, platform: XP, platformName: XP, rotatable: false, setWindowRect: true, takesHeapSnapshot: true, takesScreenshot: true, unexpectedAlertBehaviour: , unhandledPromptBehavior: , version: 66.0.3359.139, webStorageEnabled: true}
Session ID: d18125f8179b0342f30ebd20296c4679
*** Element info: {Using=xpath, value=//input[@type = 'text' and @name = 'txtgrnno' and @id = 'txtgrnno' and @placeholder = 'Enter Invoice No']})

2018-05-14 13:55:37 - [TEST_STEP][FAILED] - Statement - return (java.lang.Math.floor((java.lang.Math.random() * ((max - min) + 1))) + min): Unable to set text 'INV855.0' of object 'Object Repository/MOH AND GRN/Page_KDMC - CMS/input_txtgrnno' (Root cause: org.openqa.selenium.UnhandledAlertException: unexpected alert open: {Alert text : function Error() { [native code] }}
  (Session info: chrome=66.0.3359.139)
  (Driver info: chromedriver=2.35.528161 (5b82f2d2aae0ca24b877009200ced9065a772e73),platform=Windows NT 10.0.16299 x86_64) (WARNING: The server did not provide any stacktrace information)
Command duration or timeout: 0 milliseconds: null
Build info: version: '3.7.1', revision: '8a0099a', time: '2017-11-06T21:07:36.161Z'
System info: host: 'DESKTOP-BLFTK83', ip: '192.168.71.2', os.name: 'Windows 10', os.arch: 'amd64', os.version: '10.0', java.version: '1.8.0_102'
Driver info: com.kms.katalon.selenium.driver.CChromeDriver
Capabilities {acceptInsecureCerts: false, acceptSslCerts: false, applicationCacheEnabled: false, browserConnectionEnabled: false, browserName: chrome, chrome: {chromedriverVersion: 2.35.528161 (5b82f2d2aae0ca..., userDataDir: C:\Users\QUALIT~1\AppData\L...}, cssSelectorsEnabled: true, databaseEnabled: false, handlesAlerts: true, hasTouchScreen: false, javascriptEnabled: true, locationContextEnabled: true, mobileEmulationEnabled: false, nativeEvents: true, networkConnectionEnabled: false, pageLoadStrategy: normal, platform: XP, platformName: XP, rotatable: false, setWindowRect: true, takesHeapSnapshot: true, takesScreenshot: true, unexpectedAlertBehaviour: , unhandledPromptBehavior: , version: 66.0.3359.139, webStorageEnabled: true}
Session ID: d18125f8179b0342f30ebd20296c4679
*** Element info: {Using=xpath, value=//input[@type = 'text' and @name = 'txtgrnno' and @id = 'txtgrnno' and @placeholder = 'Enter Invoice No']})

2018-05-14 13:55:37 - [MESSAGE][WARNING] - Cannot take screenshot

2018-05-14 13:55:37 - [MESSAGE][FAILED] - Unable to set text 'INV855.0' of object 'Object Repository/MOH AND GRN/Page_KDMC - CMS/input_txtgrnno' (Root cause: org.openqa.selenium.UnhandledAlertException: unexpected alert open: {Alert text : function Error() { [native code] }}
  (Session info: chrome=66.0.3359.139)
  (Driver info: chromedriver=2.35.528161 (5b82f2d2aae0ca24b877009200ced9065a772e73),platform=Windows NT 10.0.16299 x86_64) (WARNING: The server did not provide any stacktrace information)
Command duration or timeout: 0 milliseconds: null
Build info: version: '3.7.1', revision: '8a0099a', time: '2017-11-06T21:07:36.161Z'
System info: host: 'DESKTOP-BLFTK83', ip: '192.168.71.2', os.name: 'Windows 10', os.arch: 'amd64', os.version: '10.0', java.version: '1.8.0_102'
Driver info: com.kms.katalon.selenium.driver.CChromeDriver
Capabilities {acceptInsecureCerts: false, acceptSslCerts: false, applicationCacheEnabled: false, browserConnectionEnabled: false, browserName: chrome, chrome: {chromedriverVersion: 2.35.528161 (5b82f2d2aae0ca..., userDataDir: C:\Users\QUALIT~1\AppData\L...}, cssSelectorsEnabled: true, databaseEnabled: false, handlesAlerts: true, hasTouchScreen: false, javascriptEnabled: true, locationContextEnabled: true, mobileEmulationEnabled: false, nativeEvents: true, networkConnectionEnabled: false, pageLoadStrategy: normal, platform: XP, platformName: XP, rotatable: false, setWindowRect: true, takesHeapSnapshot: true, takesScreenshot: true, unexpectedAlertBehaviour: , unhandledPromptBehavior: , version: 66.0.3359.139, webStorageEnabled: true}
Session ID: d18125f8179b0342f30ebd20296c4679
*** Element info: {Using=xpath, value=//input[@type = 'text' and @name = 'txtgrnno' and @id = 'txtgrnno' and @placeholder = 'Enter Invoice No']})]]></system-out>
         <system-err><![CDATA[2018-05-14 13:54:03 - [TEST_CASE][FAILED] - Test Cases/TEST/MOH REQUEST AND GRN/Moh Request GRN  Schedule 6: Test Cases/TEST/MOH REQUEST AND GRN/Moh Request GRN  Schedule 6 FAILED because (of) Unable to set text 'INV855.0' of object 'Object Repository/MOH AND GRN/Page_KDMC - CMS/input_txtgrnno' (Root cause: org.openqa.selenium.UnhandledAlertException: unexpected alert open: {Alert text : function Error() { [native code] }}
  (Session info: chrome=66.0.3359.139)
  (Driver info: chromedriver=2.35.528161 (5b82f2d2aae0ca24b877009200ced9065a772e73),platform=Windows NT 10.0.16299 x86_64) (WARNING: The server did not provide any stacktrace information)
Command duration or timeout: 0 milliseconds: null
Build info: version: '3.7.1', revision: '8a0099a', time: '2017-11-06T21:07:36.161Z'
System info: host: 'DESKTOP-BLFTK83', ip: '192.168.71.2', os.name: 'Windows 10', os.arch: 'amd64', os.version: '10.0', java.version: '1.8.0_102'
Driver info: com.kms.katalon.selenium.driver.CChromeDriver
Capabilities {acceptInsecureCerts: false, acceptSslCerts: false, applicationCacheEnabled: false, browserConnectionEnabled: false, browserName: chrome, chrome: {chromedriverVersion: 2.35.528161 (5b82f2d2aae0ca..., userDataDir: C:\Users\QUALIT~1\AppData\L...}, cssSelectorsEnabled: true, databaseEnabled: false, handlesAlerts: true, hasTouchScreen: false, javascriptEnabled: true, locationContextEnabled: true, mobileEmulationEnabled: false, nativeEvents: true, networkConnectionEnabled: false, pageLoadStrategy: normal, platform: XP, platformName: XP, rotatable: false, setWindowRect: true, takesHeapSnapshot: true, takesScreenshot: true, unexpectedAlertBehaviour: , unhandledPromptBehavior: , version: 66.0.3359.139, webStorageEnabled: true}
Session ID: d18125f8179b0342f30ebd20296c4679
*** Element info: {Using=xpath, value=//input[@type = 'text' and @name = 'txtgrnno' and @id = 'txtgrnno' and @placeholder = 'Enter Invoice No']})]]></system-err>
      </testcase>
      <testcase name="Test Cases/TEST/MOH REQUEST AND GRN/Moh Request GRN  Schedule 7" classname="Test Cases/TEST/MOH REQUEST AND GRN/Moh Request GRN  Schedule 7" status="PASSED">
         <system-out><![CDATA[2018-05-14 13:55:37 - [TEST_CASE][PASSED] - Test Cases/TEST/MOH REQUEST AND GRN/Moh Request GRN  Schedule 7: Test Cases/TEST/MOH REQUEST AND GRN/Moh Request GRN  Schedule 7

2018-05-14 13:55:38 - [TEST_STEP][PASSED] - openBrowser: Browser is opened with url: ''

2018-05-14 13:55:38 - [MESSAGE][WARNING] - A browser is already opened. Closing browser and opening a new one

2018-05-14 13:55:40 - [MESSAGE][PASSED] - Browser is opened with url: ''

2018-05-14 13:55:40 - [TEST_STEP][PASSED] - navigateToUrl: Navigate to 'http://192.168.137.1/multihospital_new/' successfully

2018-05-14 13:55:41 - [MESSAGE][PASSED] - Navigate to 'http://192.168.137.1/multihospital_new/' successfully

2018-05-14 13:55:41 - [TEST_STEP][PASSED] - maximizeWindow: Current window maximized

2018-05-14 13:55:42 - [MESSAGE][PASSED] - Current window maximized

2018-05-14 13:55:42 - [TEST_STEP][PASSED] - click: Object: 'Object Repository/MOH AND GRN/Page_KDMC/a_CMS' is clicked on

2018-05-14 13:56:11 - [MESSAGE][PASSED] - Object: 'Object Repository/MOH AND GRN/Page_KDMC/a_CMS' is clicked on

2018-05-14 13:56:11 - [TEST_STEP][PASSED] - setText: Text 'bala' is set on object 'Object Repository/MOH AND GRN/Page_CMS login/input_txtusername'

2018-05-14 13:56:11 - [MESSAGE][PASSED] - Text 'bala' is set on object 'Object Repository/MOH AND GRN/Page_CMS login/input_txtusername'

2018-05-14 13:56:11 - [TEST_STEP][PASSED] - setText: Text '123' is set on object 'Object Repository/MOH AND GRN/Page_CMS login/input_txtpassword'

2018-05-14 13:56:11 - [MESSAGE][PASSED] - Text '123' is set on object 'Object Repository/MOH AND GRN/Page_CMS login/input_txtpassword'

2018-05-14 13:56:11 - [TEST_STEP][PASSED] - delay: Delayed 3 second(s)

2018-05-14 13:56:14 - [MESSAGE][PASSED] - Delayed 3 second(s)

2018-05-14 13:56:14 - [TEST_STEP][PASSED] - click: Object: 'Object Repository/MOH AND GRN/Page_CMS login/button_Sign in' is clicked on

2018-05-14 13:56:15 - [MESSAGE][PASSED] - Object: 'Object Repository/MOH AND GRN/Page_CMS login/button_Sign in' is clicked on

2018-05-14 13:56:15 - [TEST_STEP][PASSED] - click: Object: 'Object Repository/MOH AND GRN/Page_KDMC - CMS/a_Request to MOH' is clicked on

2018-05-14 13:56:15 - [MESSAGE][PASSED] - Object: 'Object Repository/MOH AND GRN/Page_KDMC - CMS/a_Request to MOH' is clicked on

2018-05-14 13:56:15 - [TEST_STEP][PASSED] - selectOptionByIndex: All options with index in [2] are selected on object 'Object Repository/MOH AND GRN/Page_KDMC - CMS/select_--Select--'

2018-05-14 13:56:15 - [MESSAGE][PASSED] - All options with index in [2] are selected on object 'Object Repository/MOH AND GRN/Page_KDMC - CMS/select_--Select--'

2018-05-14 13:56:15 - [TEST_STEP][PASSED] - selectOptionByIndex: All options with index in [7] are selected on object 'Object Repository/MOH AND GRN/Page_KDMC - CMS/select_--Select--Schedule 1Inj'

2018-05-14 13:56:16 - [MESSAGE][PASSED] - All options with index in [7] are selected on object 'Object Repository/MOH AND GRN/Page_KDMC - CMS/select_--Select--Schedule 1Inj'

2018-05-14 13:56:16 - [TEST_STEP][PASSED] - Statement - selectedoptions = com.kms.katalon.core.webui.keyword.WebUiBuiltInKeywords.getNumberOfTotalOption(com.kms.katalon.core.testobject.ObjectRepository.findTestObject(MOH AND GRN/Page_KDMC - CMS/select_--Select--Adernaline 0.)): 24 options of object 'Object Repository/MOH AND GRN/Page_KDMC - CMS/select_--Select--Adernaline 0.' counted

2018-05-14 13:56:16 - [MESSAGE][PASSED] - 24 options of object 'Object Repository/MOH AND GRN/Page_KDMC - CMS/select_--Select--Adernaline 0.' counted

2018-05-14 13:56:16 - [TEST_STEP][PASSED] - Statement - For ([j = 1, j <= selectedoptions - 1, (j++)]): Object: 'Object Repository/MOH AND GRN/Page_KDMC - CMS/button_Add' is clicked on

2018-05-14 13:56:16 - [TEST_STEP][PASSED] - selectOptionByIndex: All options with index in [7] are selected on object 'Object Repository/MOH AND GRN/Page_KDMC - CMS/select_--Select--Schedule 1Inj'

2018-05-14 13:56:16 - [MESSAGE][PASSED] - All options with index in [7] are selected on object 'Object Repository/MOH AND GRN/Page_KDMC - CMS/select_--Select--Schedule 1Inj'

2018-05-14 13:56:16 - [TEST_STEP][PASSED] - selectOptionByIndex: All options with index in [1] are selected on object 'Object Repository/MOH AND GRN/Page_KDMC - CMS/select_--Select--Adernaline 0.'

2018-05-14 13:56:16 - [MESSAGE][PASSED] - All options with index in [1] are selected on object 'Object Repository/MOH AND GRN/Page_KDMC - CMS/select_--Select--Adernaline 0.'

2018-05-14 13:56:16 - [TEST_STEP][PASSED] - setText: Text '5000' is set on object 'Object Repository/MOH AND GRN/Page_KDMC - CMS/input_txttreat'

2018-05-14 13:56:16 - [MESSAGE][PASSED] - Text '5000' is set on object 'Object Repository/MOH AND GRN/Page_KDMC - CMS/input_txttreat'

2018-05-14 13:56:16 - [TEST_STEP][PASSED] - click: Object: 'Object Repository/MOH AND GRN/Page_KDMC - CMS/button_Add' is clicked on

2018-05-14 13:56:16 - [MESSAGE][PASSED] - Object: 'Object Repository/MOH AND GRN/Page_KDMC - CMS/button_Add' is clicked on

2018-05-14 13:56:16 - [TEST_STEP][PASSED] - selectOptionByIndex: All options with index in [7] are selected on object 'Object Repository/MOH AND GRN/Page_KDMC - CMS/select_--Select--Schedule 1Inj'

2018-05-14 13:56:17 - [MESSAGE][PASSED] - All options with index in [7] are selected on object 'Object Repository/MOH AND GRN/Page_KDMC - CMS/select_--Select--Schedule 1Inj'

2018-05-14 13:56:17 - [TEST_STEP][PASSED] - selectOptionByIndex: All options with index in [2] are selected on object 'Object Repository/MOH AND GRN/Page_KDMC - CMS/select_--Select--Adernaline 0.'

2018-05-14 13:56:17 - [MESSAGE][PASSED] - All options with index in [2] are selected on object 'Object Repository/MOH AND GRN/Page_KDMC - CMS/select_--Select--Adernaline 0.'

2018-05-14 13:56:17 - [TEST_STEP][PASSED] - setText: Text '5000' is set on object 'Object Repository/MOH AND GRN/Page_KDMC - CMS/input_txttreat'

2018-05-14 13:56:17 - [MESSAGE][PASSED] - Text '5000' is set on object 'Object Repository/MOH AND GRN/Page_KDMC - CMS/input_txttreat'

2018-05-14 13:56:17 - [TEST_STEP][PASSED] - click: Object: 'Object Repository/MOH AND GRN/Page_KDMC - CMS/button_Add' is clicked on

2018-05-14 13:56:17 - [MESSAGE][PASSED] - Object: 'Object Repository/MOH AND GRN/Page_KDMC - CMS/button_Add' is clicked on

2018-05-14 13:56:17 - [TEST_STEP][PASSED] - selectOptionByIndex: All options with index in [7] are selected on object 'Object Repository/MOH AND GRN/Page_KDMC - CMS/select_--Select--Schedule 1Inj'

2018-05-14 13:56:17 - [MESSAGE][PASSED] - All options with index in [7] are selected on object 'Object Repository/MOH AND GRN/Page_KDMC - CMS/select_--Select--Schedule 1Inj'

2018-05-14 13:56:17 - [TEST_STEP][PASSED] - selectOptionByIndex: All options with index in [3] are selected on object 'Object Repository/MOH AND GRN/Page_KDMC - CMS/select_--Select--Adernaline 0.'

2018-05-14 13:56:17 - [MESSAGE][PASSED] - All options with index in [3] are selected on object 'Object Repository/MOH AND GRN/Page_KDMC - CMS/select_--Select--Adernaline 0.'

2018-05-14 13:56:17 - [TEST_STEP][PASSED] - setText: Text '5000' is set on object 'Object Repository/MOH AND GRN/Page_KDMC - CMS/input_txttreat'

2018-05-14 13:56:17 - [MESSAGE][PASSED] - Text '5000' is set on object 'Object Repository/MOH AND GRN/Page_KDMC - CMS/input_txttreat'

2018-05-14 13:56:17 - [TEST_STEP][PASSED] - click: Object: 'Object Repository/MOH AND GRN/Page_KDMC - CMS/button_Add' is clicked on

2018-05-14 13:56:17 - [MESSAGE][PASSED] - Object: 'Object Repository/MOH AND GRN/Page_KDMC - CMS/button_Add' is clicked on

2018-05-14 13:56:17 - [TEST_STEP][PASSED] - selectOptionByIndex: All options with index in [7] are selected on object 'Object Repository/MOH AND GRN/Page_KDMC - CMS/select_--Select--Schedule 1Inj'

2018-05-14 13:56:18 - [MESSAGE][PASSED] - All options with index in [7] are selected on object 'Object Repository/MOH AND GRN/Page_KDMC - CMS/select_--Select--Schedule 1Inj'

2018-05-14 13:56:18 - [TEST_STEP][PASSED] - selectOptionByIndex: All options with index in [4] are selected on object 'Object Repository/MOH AND GRN/Page_KDMC - CMS/select_--Select--Adernaline 0.'

2018-05-14 13:56:18 - [MESSAGE][PASSED] - All options with index in [4] are selected on object 'Object Repository/MOH AND GRN/Page_KDMC - CMS/select_--Select--Adernaline 0.'

2018-05-14 13:56:18 - [TEST_STEP][PASSED] - setText: Text '5000' is set on object 'Object Repository/MOH AND GRN/Page_KDMC - CMS/input_txttreat'

2018-05-14 13:56:18 - [MESSAGE][PASSED] - Text '5000' is set on object 'Object Repository/MOH AND GRN/Page_KDMC - CMS/input_txttreat'

2018-05-14 13:56:18 - [TEST_STEP][PASSED] - click: Object: 'Object Repository/MOH AND GRN/Page_KDMC - CMS/button_Add' is clicked on

2018-05-14 13:56:18 - [MESSAGE][PASSED] - Object: 'Object Repository/MOH AND GRN/Page_KDMC - CMS/button_Add' is clicked on

2018-05-14 13:56:18 - [TEST_STEP][PASSED] - selectOptionByIndex: All options with index in [7] are selected on object 'Object Repository/MOH AND GRN/Page_KDMC - CMS/select_--Select--Schedule 1Inj'

2018-05-14 13:56:18 - [MESSAGE][PASSED] - All options with index in [7] are selected on object 'Object Repository/MOH AND GRN/Page_KDMC - CMS/select_--Select--Schedule 1Inj'

2018-05-14 13:56:18 - [TEST_STEP][PASSED] - selectOptionByIndex: All options with index in [5] are selected on object 'Object Repository/MOH AND GRN/Page_KDMC - CMS/select_--Select--Adernaline 0.'

2018-05-14 13:56:18 - [MESSAGE][PASSED] - All options with index in [5] are selected on object 'Object Repository/MOH AND GRN/Page_KDMC - CMS/select_--Select--Adernaline 0.'

2018-05-14 13:56:18 - [TEST_STEP][PASSED] - setText: Text '5000' is set on object 'Object Repository/MOH AND GRN/Page_KDMC - CMS/input_txttreat'

2018-05-14 13:56:18 - [MESSAGE][PASSED] - Text '5000' is set on object 'Object Repository/MOH AND GRN/Page_KDMC - CMS/input_txttreat'

2018-05-14 13:56:18 - [TEST_STEP][PASSED] - click: Object: 'Object Repository/MOH AND GRN/Page_KDMC - CMS/button_Add' is clicked on

2018-05-14 13:56:18 - [MESSAGE][PASSED] - Object: 'Object Repository/MOH AND GRN/Page_KDMC - CMS/button_Add' is clicked on

2018-05-14 13:56:18 - [TEST_STEP][PASSED] - selectOptionByIndex: All options with index in [7] are selected on object 'Object Repository/MOH AND GRN/Page_KDMC - CMS/select_--Select--Schedule 1Inj'

2018-05-14 13:56:19 - [MESSAGE][PASSED] - All options with index in [7] are selected on object 'Object Repository/MOH AND GRN/Page_KDMC - CMS/select_--Select--Schedule 1Inj'

2018-05-14 13:56:19 - [TEST_STEP][PASSED] - selectOptionByIndex: All options with index in [6] are selected on object 'Object Repository/MOH AND GRN/Page_KDMC - CMS/select_--Select--Adernaline 0.'

2018-05-14 13:56:19 - [MESSAGE][PASSED] - All options with index in [6] are selected on object 'Object Repository/MOH AND GRN/Page_KDMC - CMS/select_--Select--Adernaline 0.'

2018-05-14 13:56:19 - [TEST_STEP][PASSED] - setText: Text '5000' is set on object 'Object Repository/MOH AND GRN/Page_KDMC - CMS/input_txttreat'

2018-05-14 13:56:19 - [MESSAGE][PASSED] - Text '5000' is set on object 'Object Repository/MOH AND GRN/Page_KDMC - CMS/input_txttreat'

2018-05-14 13:56:19 - [TEST_STEP][PASSED] - click: Object: 'Object Repository/MOH AND GRN/Page_KDMC - CMS/button_Add' is clicked on

2018-05-14 13:56:19 - [MESSAGE][PASSED] - Object: 'Object Repository/MOH AND GRN/Page_KDMC - CMS/button_Add' is clicked on

2018-05-14 13:56:19 - [TEST_STEP][PASSED] - selectOptionByIndex: All options with index in [7] are selected on object 'Object Repository/MOH AND GRN/Page_KDMC - CMS/select_--Select--Schedule 1Inj'

2018-05-14 13:56:19 - [MESSAGE][PASSED] - All options with index in [7] are selected on object 'Object Repository/MOH AND GRN/Page_KDMC - CMS/select_--Select--Schedule 1Inj'

2018-05-14 13:56:19 - [TEST_STEP][PASSED] - selectOptionByIndex: All options with index in [7] are selected on object 'Object Repository/MOH AND GRN/Page_KDMC - CMS/select_--Select--Adernaline 0.'

2018-05-14 13:56:19 - [MESSAGE][PASSED] - All options with index in [7] are selected on object 'Object Repository/MOH AND GRN/Page_KDMC - CMS/select_--Select--Adernaline 0.'

2018-05-14 13:56:19 - [TEST_STEP][PASSED] - setText: Text '5000' is set on object 'Object Repository/MOH AND GRN/Page_KDMC - CMS/input_txttreat'

2018-05-14 13:56:19 - [MESSAGE][PASSED] - Text '5000' is set on object 'Object Repository/MOH AND GRN/Page_KDMC - CMS/input_txttreat'

2018-05-14 13:56:19 - [TEST_STEP][PASSED] - click: Object: 'Object Repository/MOH AND GRN/Page_KDMC - CMS/button_Add' is clicked on

2018-05-14 13:56:20 - [MESSAGE][PASSED] - Object: 'Object Repository/MOH AND GRN/Page_KDMC - CMS/button_Add' is clicked on

2018-05-14 13:56:20 - [TEST_STEP][PASSED] - selectOptionByIndex: All options with index in [7] are selected on object 'Object Repository/MOH AND GRN/Page_KDMC - CMS/select_--Select--Schedule 1Inj'

2018-05-14 13:56:20 - [MESSAGE][PASSED] - All options with index in [7] are selected on object 'Object Repository/MOH AND GRN/Page_KDMC - CMS/select_--Select--Schedule 1Inj'

2018-05-14 13:56:20 - [TEST_STEP][PASSED] - selectOptionByIndex: All options with index in [8] are selected on object 'Object Repository/MOH AND GRN/Page_KDMC - CMS/select_--Select--Adernaline 0.'

2018-05-14 13:56:20 - [MESSAGE][PASSED] - All options with index in [8] are selected on object 'Object Repository/MOH AND GRN/Page_KDMC - CMS/select_--Select--Adernaline 0.'

2018-05-14 13:56:20 - [TEST_STEP][PASSED] - setText: Text '5000' is set on object 'Object Repository/MOH AND GRN/Page_KDMC - CMS/input_txttreat'

2018-05-14 13:56:20 - [MESSAGE][PASSED] - Text '5000' is set on object 'Object Repository/MOH AND GRN/Page_KDMC - CMS/input_txttreat'

2018-05-14 13:56:20 - [TEST_STEP][PASSED] - click: Object: 'Object Repository/MOH AND GRN/Page_KDMC - CMS/button_Add' is clicked on

2018-05-14 13:56:20 - [MESSAGE][PASSED] - Object: 'Object Repository/MOH AND GRN/Page_KDMC - CMS/button_Add' is clicked on

2018-05-14 13:56:20 - [TEST_STEP][PASSED] - selectOptionByIndex: All options with index in [7] are selected on object 'Object Repository/MOH AND GRN/Page_KDMC - CMS/select_--Select--Schedule 1Inj'

2018-05-14 13:56:20 - [MESSAGE][PASSED] - All options with index in [7] are selected on object 'Object Repository/MOH AND GRN/Page_KDMC - CMS/select_--Select--Schedule 1Inj'

2018-05-14 13:56:20 - [TEST_STEP][PASSED] - selectOptionByIndex: All options with index in [9] are selected on object 'Object Repository/MOH AND GRN/Page_KDMC - CMS/select_--Select--Adernaline 0.'

2018-05-14 13:56:20 - [MESSAGE][PASSED] - All options with index in [9] are selected on object 'Object Repository/MOH AND GRN/Page_KDMC - CMS/select_--Select--Adernaline 0.'

2018-05-14 13:56:20 - [TEST_STEP][PASSED] - setText: Text '5000' is set on object 'Object Repository/MOH AND GRN/Page_KDMC - CMS/input_txttreat'

2018-05-14 13:56:20 - [MESSAGE][PASSED] - Text '5000' is set on object 'Object Repository/MOH AND GRN/Page_KDMC - CMS/input_txttreat'

2018-05-14 13:56:20 - [TEST_STEP][PASSED] - click: Object: 'Object Repository/MOH AND GRN/Page_KDMC - CMS/button_Add' is clicked on

2018-05-14 13:56:21 - [MESSAGE][PASSED] - Object: 'Object Repository/MOH AND GRN/Page_KDMC - CMS/button_Add' is clicked on

2018-05-14 13:56:21 - [TEST_STEP][PASSED] - selectOptionByIndex: All options with index in [7] are selected on object 'Object Repository/MOH AND GRN/Page_KDMC - CMS/select_--Select--Schedule 1Inj'

2018-05-14 13:56:21 - [MESSAGE][PASSED] - All options with index in [7] are selected on object 'Object Repository/MOH AND GRN/Page_KDMC - CMS/select_--Select--Schedule 1Inj'

2018-05-14 13:56:21 - [TEST_STEP][PASSED] - selectOptionByIndex: All options with index in [10] are selected on object 'Object Repository/MOH AND GRN/Page_KDMC - CMS/select_--Select--Adernaline 0.'

2018-05-14 13:56:21 - [MESSAGE][PASSED] - All options with index in [10] are selected on object 'Object Repository/MOH AND GRN/Page_KDMC - CMS/select_--Select--Adernaline 0.'

2018-05-14 13:56:21 - [TEST_STEP][PASSED] - setText: Text '5000' is set on object 'Object Repository/MOH AND GRN/Page_KDMC - CMS/input_txttreat'

2018-05-14 13:56:21 - [MESSAGE][PASSED] - Text '5000' is set on object 'Object Repository/MOH AND GRN/Page_KDMC - CMS/input_txttreat'

2018-05-14 13:56:21 - [TEST_STEP][PASSED] - click: Object: 'Object Repository/MOH AND GRN/Page_KDMC - CMS/button_Add' is clicked on

2018-05-14 13:56:21 - [MESSAGE][PASSED] - Object: 'Object Repository/MOH AND GRN/Page_KDMC - CMS/button_Add' is clicked on

2018-05-14 13:56:21 - [TEST_STEP][PASSED] - selectOptionByIndex: All options with index in [7] are selected on object 'Object Repository/MOH AND GRN/Page_KDMC - CMS/select_--Select--Schedule 1Inj'

2018-05-14 13:56:21 - [MESSAGE][PASSED] - All options with index in [7] are selected on object 'Object Repository/MOH AND GRN/Page_KDMC - CMS/select_--Select--Schedule 1Inj'

2018-05-14 13:56:21 - [TEST_STEP][PASSED] - selectOptionByIndex: All options with index in [11] are selected on object 'Object Repository/MOH AND GRN/Page_KDMC - CMS/select_--Select--Adernaline 0.'

2018-05-14 13:56:22 - [MESSAGE][PASSED] - All options with index in [11] are selected on object 'Object Repository/MOH AND GRN/Page_KDMC - CMS/select_--Select--Adernaline 0.'

2018-05-14 13:56:22 - [TEST_STEP][PASSED] - setText: Text '5000' is set on object 'Object Repository/MOH AND GRN/Page_KDMC - CMS/input_txttreat'

2018-05-14 13:56:22 - [MESSAGE][PASSED] - Text '5000' is set on object 'Object Repository/MOH AND GRN/Page_KDMC - CMS/input_txttreat'

2018-05-14 13:56:22 - [TEST_STEP][PASSED] - click: Object: 'Object Repository/MOH AND GRN/Page_KDMC - CMS/button_Add' is clicked on

2018-05-14 13:56:22 - [MESSAGE][PASSED] - Object: 'Object Repository/MOH AND GRN/Page_KDMC - CMS/button_Add' is clicked on

2018-05-14 13:56:22 - [TEST_STEP][PASSED] - selectOptionByIndex: All options with index in [7] are selected on object 'Object Repository/MOH AND GRN/Page_KDMC - CMS/select_--Select--Schedule 1Inj'

2018-05-14 13:56:22 - [MESSAGE][PASSED] - All options with index in [7] are selected on object 'Object Repository/MOH AND GRN/Page_KDMC - CMS/select_--Select--Schedule 1Inj'

2018-05-14 13:56:22 - [TEST_STEP][PASSED] - selectOptionByIndex: All options with index in [12] are selected on object 'Object Repository/MOH AND GRN/Page_KDMC - CMS/select_--Select--Adernaline 0.'

2018-05-14 13:56:22 - [MESSAGE][PASSED] - All options with index in [12] are selected on object 'Object Repository/MOH AND GRN/Page_KDMC - CMS/select_--Select--Adernaline 0.'

2018-05-14 13:56:22 - [TEST_STEP][PASSED] - setText: Text '5000' is set on object 'Object Repository/MOH AND GRN/Page_KDMC - CMS/input_txttreat'

2018-05-14 13:56:22 - [MESSAGE][PASSED] - Text '5000' is set on object 'Object Repository/MOH AND GRN/Page_KDMC - CMS/input_txttreat'

2018-05-14 13:56:22 - [TEST_STEP][PASSED] - click: Object: 'Object Repository/MOH AND GRN/Page_KDMC - CMS/button_Add' is clicked on

2018-05-14 13:56:22 - [MESSAGE][PASSED] - Object: 'Object Repository/MOH AND GRN/Page_KDMC - CMS/button_Add' is clicked on

2018-05-14 13:56:22 - [TEST_STEP][PASSED] - selectOptionByIndex: All options with index in [7] are selected on object 'Object Repository/MOH AND GRN/Page_KDMC - CMS/select_--Select--Schedule 1Inj'

2018-05-14 13:56:22 - [MESSAGE][PASSED] - All options with index in [7] are selected on object 'Object Repository/MOH AND GRN/Page_KDMC - CMS/select_--Select--Schedule 1Inj'

2018-05-14 13:56:22 - [TEST_STEP][PASSED] - selectOptionByIndex: All options with index in [13] are selected on object 'Object Repository/MOH AND GRN/Page_KDMC - CMS/select_--Select--Adernaline 0.'

2018-05-14 13:56:23 - [MESSAGE][PASSED] - All options with index in [13] are selected on object 'Object Repository/MOH AND GRN/Page_KDMC - CMS/select_--Select--Adernaline 0.'

2018-05-14 13:56:23 - [TEST_STEP][PASSED] - setText: Text '5000' is set on object 'Object Repository/MOH AND GRN/Page_KDMC - CMS/input_txttreat'

2018-05-14 13:56:23 - [MESSAGE][PASSED] - Text '5000' is set on object 'Object Repository/MOH AND GRN/Page_KDMC - CMS/input_txttreat'

2018-05-14 13:56:23 - [TEST_STEP][PASSED] - click: Object: 'Object Repository/MOH AND GRN/Page_KDMC - CMS/button_Add' is clicked on

2018-05-14 13:56:23 - [MESSAGE][PASSED] - Object: 'Object Repository/MOH AND GRN/Page_KDMC - CMS/button_Add' is clicked on

2018-05-14 13:56:23 - [TEST_STEP][PASSED] - selectOptionByIndex: All options with index in [7] are selected on object 'Object Repository/MOH AND GRN/Page_KDMC - CMS/select_--Select--Schedule 1Inj'

2018-05-14 13:56:23 - [MESSAGE][PASSED] - All options with index in [7] are selected on object 'Object Repository/MOH AND GRN/Page_KDMC - CMS/select_--Select--Schedule 1Inj'

2018-05-14 13:56:23 - [TEST_STEP][PASSED] - selectOptionByIndex: All options with index in [14] are selected on object 'Object Repository/MOH AND GRN/Page_KDMC - CMS/select_--Select--Adernaline 0.'

2018-05-14 13:56:23 - [MESSAGE][PASSED] - All options with index in [14] are selected on object 'Object Repository/MOH AND GRN/Page_KDMC - CMS/select_--Select--Adernaline 0.'

2018-05-14 13:56:23 - [TEST_STEP][PASSED] - setText: Text '5000' is set on object 'Object Repository/MOH AND GRN/Page_KDMC - CMS/input_txttreat'

2018-05-14 13:56:23 - [MESSAGE][PASSED] - Text '5000' is set on object 'Object Repository/MOH AND GRN/Page_KDMC - CMS/input_txttreat'

2018-05-14 13:56:23 - [TEST_STEP][PASSED] - click: Object: 'Object Repository/MOH AND GRN/Page_KDMC - CMS/button_Add' is clicked on

2018-05-14 13:56:23 - [MESSAGE][PASSED] - Object: 'Object Repository/MOH AND GRN/Page_KDMC - CMS/button_Add' is clicked on

2018-05-14 13:56:23 - [TEST_STEP][PASSED] - selectOptionByIndex: All options with index in [7] are selected on object 'Object Repository/MOH AND GRN/Page_KDMC - CMS/select_--Select--Schedule 1Inj'

2018-05-14 13:56:24 - [MESSAGE][PASSED] - All options with index in [7] are selected on object 'Object Repository/MOH AND GRN/Page_KDMC - CMS/select_--Select--Schedule 1Inj'

2018-05-14 13:56:24 - [TEST_STEP][PASSED] - selectOptionByIndex: All options with index in [15] are selected on object 'Object Repository/MOH AND GRN/Page_KDMC - CMS/select_--Select--Adernaline 0.'

2018-05-14 13:56:24 - [MESSAGE][PASSED] - All options with index in [15] are selected on object 'Object Repository/MOH AND GRN/Page_KDMC - CMS/select_--Select--Adernaline 0.'

2018-05-14 13:56:24 - [TEST_STEP][PASSED] - setText: Text '5000' is set on object 'Object Repository/MOH AND GRN/Page_KDMC - CMS/input_txttreat'

2018-05-14 13:56:24 - [MESSAGE][PASSED] - Text '5000' is set on object 'Object Repository/MOH AND GRN/Page_KDMC - CMS/input_txttreat'

2018-05-14 13:56:24 - [TEST_STEP][PASSED] - click: Object: 'Object Repository/MOH AND GRN/Page_KDMC - CMS/button_Add' is clicked on

2018-05-14 13:56:24 - [MESSAGE][PASSED] - Object: 'Object Repository/MOH AND GRN/Page_KDMC - CMS/button_Add' is clicked on

2018-05-14 13:56:24 - [TEST_STEP][PASSED] - selectOptionByIndex: All options with index in [7] are selected on object 'Object Repository/MOH AND GRN/Page_KDMC - CMS/select_--Select--Schedule 1Inj'

2018-05-14 13:56:24 - [MESSAGE][PASSED] - All options with index in [7] are selected on object 'Object Repository/MOH AND GRN/Page_KDMC - CMS/select_--Select--Schedule 1Inj'

2018-05-14 13:56:24 - [TEST_STEP][PASSED] - selectOptionByIndex: All options with index in [16] are selected on object 'Object Repository/MOH AND GRN/Page_KDMC - CMS/select_--Select--Adernaline 0.'

2018-05-14 13:56:24 - [MESSAGE][PASSED] - All options with index in [16] are selected on object 'Object Repository/MOH AND GRN/Page_KDMC - CMS/select_--Select--Adernaline 0.'

2018-05-14 13:56:24 - [TEST_STEP][PASSED] - setText: Text '5000' is set on object 'Object Repository/MOH AND GRN/Page_KDMC - CMS/input_txttreat'

2018-05-14 13:56:25 - [MESSAGE][PASSED] - Text '5000' is set on object 'Object Repository/MOH AND GRN/Page_KDMC - CMS/input_txttreat'

2018-05-14 13:56:25 - [TEST_STEP][PASSED] - click: Object: 'Object Repository/MOH AND GRN/Page_KDMC - CMS/button_Add' is clicked on

2018-05-14 13:56:25 - [MESSAGE][PASSED] - Object: 'Object Repository/MOH AND GRN/Page_KDMC - CMS/button_Add' is clicked on

2018-05-14 13:56:25 - [TEST_STEP][PASSED] - selectOptionByIndex: All options with index in [7] are selected on object 'Object Repository/MOH AND GRN/Page_KDMC - CMS/select_--Select--Schedule 1Inj'

2018-05-14 13:56:25 - [MESSAGE][PASSED] - All options with index in [7] are selected on object 'Object Repository/MOH AND GRN/Page_KDMC - CMS/select_--Select--Schedule 1Inj'

2018-05-14 13:56:25 - [TEST_STEP][PASSED] - selectOptionByIndex: All options with index in [17] are selected on object 'Object Repository/MOH AND GRN/Page_KDMC - CMS/select_--Select--Adernaline 0.'

2018-05-14 13:56:25 - [MESSAGE][PASSED] - All options with index in [17] are selected on object 'Object Repository/MOH AND GRN/Page_KDMC - CMS/select_--Select--Adernaline 0.'

2018-05-14 13:56:25 - [TEST_STEP][PASSED] - setText: Text '5000' is set on object 'Object Repository/MOH AND GRN/Page_KDMC - CMS/input_txttreat'

2018-05-14 13:56:25 - [MESSAGE][PASSED] - Text '5000' is set on object 'Object Repository/MOH AND GRN/Page_KDMC - CMS/input_txttreat'

2018-05-14 13:56:25 - [TEST_STEP][PASSED] - click: Object: 'Object Repository/MOH AND GRN/Page_KDMC - CMS/button_Add' is clicked on

2018-05-14 13:56:25 - [MESSAGE][PASSED] - Object: 'Object Repository/MOH AND GRN/Page_KDMC - CMS/button_Add' is clicked on

2018-05-14 13:56:25 - [TEST_STEP][PASSED] - selectOptionByIndex: All options with index in [7] are selected on object 'Object Repository/MOH AND GRN/Page_KDMC - CMS/select_--Select--Schedule 1Inj'

2018-05-14 13:56:25 - [MESSAGE][PASSED] - All options with index in [7] are selected on object 'Object Repository/MOH AND GRN/Page_KDMC - CMS/select_--Select--Schedule 1Inj'

2018-05-14 13:56:25 - [TEST_STEP][PASSED] - selectOptionByIndex: All options with index in [18] are selected on object 'Object Repository/MOH AND GRN/Page_KDMC - CMS/select_--Select--Adernaline 0.'

2018-05-14 13:56:26 - [MESSAGE][PASSED] - All options with index in [18] are selected on object 'Object Repository/MOH AND GRN/Page_KDMC - CMS/select_--Select--Adernaline 0.'

2018-05-14 13:56:26 - [TEST_STEP][PASSED] - setText: Text '5000' is set on object 'Object Repository/MOH AND GRN/Page_KDMC - CMS/input_txttreat'

2018-05-14 13:56:26 - [MESSAGE][PASSED] - Text '5000' is set on object 'Object Repository/MOH AND GRN/Page_KDMC - CMS/input_txttreat'

2018-05-14 13:56:26 - [TEST_STEP][PASSED] - click: Object: 'Object Repository/MOH AND GRN/Page_KDMC - CMS/button_Add' is clicked on

2018-05-14 13:56:26 - [MESSAGE][PASSED] - Object: 'Object Repository/MOH AND GRN/Page_KDMC - CMS/button_Add' is clicked on

2018-05-14 13:56:26 - [TEST_STEP][PASSED] - selectOptionByIndex: All options with index in [7] are selected on object 'Object Repository/MOH AND GRN/Page_KDMC - CMS/select_--Select--Schedule 1Inj'

2018-05-14 13:56:26 - [MESSAGE][PASSED] - All options with index in [7] are selected on object 'Object Repository/MOH AND GRN/Page_KDMC - CMS/select_--Select--Schedule 1Inj'

2018-05-14 13:56:26 - [TEST_STEP][PASSED] - selectOptionByIndex: All options with index in [19] are selected on object 'Object Repository/MOH AND GRN/Page_KDMC - CMS/select_--Select--Adernaline 0.'

2018-05-14 13:56:26 - [MESSAGE][PASSED] - All options with index in [19] are selected on object 'Object Repository/MOH AND GRN/Page_KDMC - CMS/select_--Select--Adernaline 0.'

2018-05-14 13:56:26 - [TEST_STEP][PASSED] - setText: Text '5000' is set on object 'Object Repository/MOH AND GRN/Page_KDMC - CMS/input_txttreat'

2018-05-14 13:56:26 - [MESSAGE][PASSED] - Text '5000' is set on object 'Object Repository/MOH AND GRN/Page_KDMC - CMS/input_txttreat'

2018-05-14 13:56:26 - [TEST_STEP][PASSED] - click: Object: 'Object Repository/MOH AND GRN/Page_KDMC - CMS/button_Add' is clicked on

2018-05-14 13:56:26 - [MESSAGE][PASSED] - Object: 'Object Repository/MOH AND GRN/Page_KDMC - CMS/button_Add' is clicked on

2018-05-14 13:56:26 - [TEST_STEP][PASSED] - selectOptionByIndex: All options with index in [7] are selected on object 'Object Repository/MOH AND GRN/Page_KDMC - CMS/select_--Select--Schedule 1Inj'

2018-05-14 13:56:27 - [MESSAGE][PASSED] - All options with index in [7] are selected on object 'Object Repository/MOH AND GRN/Page_KDMC - CMS/select_--Select--Schedule 1Inj'

2018-05-14 13:56:27 - [TEST_STEP][PASSED] - selectOptionByIndex: All options with index in [20] are selected on object 'Object Repository/MOH AND GRN/Page_KDMC - CMS/select_--Select--Adernaline 0.'

2018-05-14 13:56:27 - [MESSAGE][PASSED] - All options with index in [20] are selected on object 'Object Repository/MOH AND GRN/Page_KDMC - CMS/select_--Select--Adernaline 0.'

2018-05-14 13:56:27 - [TEST_STEP][PASSED] - setText: Text '5000' is set on object 'Object Repository/MOH AND GRN/Page_KDMC - CMS/input_txttreat'

2018-05-14 13:56:27 - [MESSAGE][PASSED] - Text '5000' is set on object 'Object Repository/MOH AND GRN/Page_KDMC - CMS/input_txttreat'

2018-05-14 13:56:27 - [TEST_STEP][PASSED] - click: Object: 'Object Repository/MOH AND GRN/Page_KDMC - CMS/button_Add' is clicked on

2018-05-14 13:56:27 - [MESSAGE][PASSED] - Object: 'Object Repository/MOH AND GRN/Page_KDMC - CMS/button_Add' is clicked on

2018-05-14 13:56:27 - [TEST_STEP][PASSED] - selectOptionByIndex: All options with index in [7] are selected on object 'Object Repository/MOH AND GRN/Page_KDMC - CMS/select_--Select--Schedule 1Inj'

2018-05-14 13:56:27 - [MESSAGE][PASSED] - All options with index in [7] are selected on object 'Object Repository/MOH AND GRN/Page_KDMC - CMS/select_--Select--Schedule 1Inj'

2018-05-14 13:56:27 - [TEST_STEP][PASSED] - selectOptionByIndex: All options with index in [21] are selected on object 'Object Repository/MOH AND GRN/Page_KDMC - CMS/select_--Select--Adernaline 0.'

2018-05-14 13:56:28 - [MESSAGE][PASSED] - All options with index in [21] are selected on object 'Object Repository/MOH AND GRN/Page_KDMC - CMS/select_--Select--Adernaline 0.'

2018-05-14 13:56:28 - [TEST_STEP][PASSED] - setText: Text '5000' is set on object 'Object Repository/MOH AND GRN/Page_KDMC - CMS/input_txttreat'

2018-05-14 13:56:28 - [MESSAGE][PASSED] - Text '5000' is set on object 'Object Repository/MOH AND GRN/Page_KDMC - CMS/input_txttreat'

2018-05-14 13:56:28 - [TEST_STEP][PASSED] - click: Object: 'Object Repository/MOH AND GRN/Page_KDMC - CMS/button_Add' is clicked on

2018-05-14 13:56:28 - [MESSAGE][PASSED] - Object: 'Object Repository/MOH AND GRN/Page_KDMC - CMS/button_Add' is clicked on

2018-05-14 13:56:28 - [TEST_STEP][PASSED] - selectOptionByIndex: All options with index in [7] are selected on object 'Object Repository/MOH AND GRN/Page_KDMC - CMS/select_--Select--Schedule 1Inj'

2018-05-14 13:56:28 - [MESSAGE][PASSED] - All options with index in [7] are selected on object 'Object Repository/MOH AND GRN/Page_KDMC - CMS/select_--Select--Schedule 1Inj'

2018-05-14 13:56:28 - [TEST_STEP][PASSED] - selectOptionByIndex: All options with index in [22] are selected on object 'Object Repository/MOH AND GRN/Page_KDMC - CMS/select_--Select--Adernaline 0.'

2018-05-14 13:56:28 - [MESSAGE][PASSED] - All options with index in [22] are selected on object 'Object Repository/MOH AND GRN/Page_KDMC - CMS/select_--Select--Adernaline 0.'

2018-05-14 13:56:28 - [TEST_STEP][PASSED] - setText: Text '5000' is set on object 'Object Repository/MOH AND GRN/Page_KDMC - CMS/input_txttreat'

2018-05-14 13:56:28 - [MESSAGE][PASSED] - Text '5000' is set on object 'Object Repository/MOH AND GRN/Page_KDMC - CMS/input_txttreat'

2018-05-14 13:56:28 - [TEST_STEP][PASSED] - click: Object: 'Object Repository/MOH AND GRN/Page_KDMC - CMS/button_Add' is clicked on

2018-05-14 13:56:28 - [MESSAGE][PASSED] - Object: 'Object Repository/MOH AND GRN/Page_KDMC - CMS/button_Add' is clicked on

2018-05-14 13:56:28 - [TEST_STEP][PASSED] - selectOptionByIndex: All options with index in [7] are selected on object 'Object Repository/MOH AND GRN/Page_KDMC - CMS/select_--Select--Schedule 1Inj'

2018-05-14 13:56:29 - [MESSAGE][PASSED] - All options with index in [7] are selected on object 'Object Repository/MOH AND GRN/Page_KDMC - CMS/select_--Select--Schedule 1Inj'

2018-05-14 13:56:29 - [TEST_STEP][PASSED] - selectOptionByIndex: All options with index in [23] are selected on object 'Object Repository/MOH AND GRN/Page_KDMC - CMS/select_--Select--Adernaline 0.'

2018-05-14 13:56:29 - [MESSAGE][PASSED] - All options with index in [23] are selected on object 'Object Repository/MOH AND GRN/Page_KDMC - CMS/select_--Select--Adernaline 0.'

2018-05-14 13:56:29 - [TEST_STEP][PASSED] - setText: Text '5000' is set on object 'Object Repository/MOH AND GRN/Page_KDMC - CMS/input_txttreat'

2018-05-14 13:56:29 - [MESSAGE][PASSED] - Text '5000' is set on object 'Object Repository/MOH AND GRN/Page_KDMC - CMS/input_txttreat'

2018-05-14 13:56:29 - [TEST_STEP][PASSED] - click: Object: 'Object Repository/MOH AND GRN/Page_KDMC - CMS/button_Add' is clicked on

2018-05-14 13:56:29 - [MESSAGE][PASSED] - Object: 'Object Repository/MOH AND GRN/Page_KDMC - CMS/button_Add' is clicked on

2018-05-14 13:56:29 - [TEST_STEP][PASSED] - scrollToElement: Scroll to object 'Object Repository/MOH AND GRN/Page_KDMC - CMS/input_btnsave' successfully

2018-05-14 13:56:29 - [MESSAGE][PASSED] - Scroll to object 'Object Repository/MOH AND GRN/Page_KDMC - CMS/input_btnsave' successfully

2018-05-14 13:56:29 - [TEST_STEP][PASSED] - click: Object: 'Object Repository/MOH AND GRN/Page_KDMC - CMS/input_btnsave' is clicked on

2018-05-14 13:56:29 - [MESSAGE][PASSED] - Object: 'Object Repository/MOH AND GRN/Page_KDMC - CMS/input_btnsave' is clicked on

2018-05-14 13:56:29 - [TEST_STEP][PASSED] - delay: Delayed 3 second(s)

2018-05-14 13:56:32 - [MESSAGE][PASSED] - Delayed 3 second(s)

2018-05-14 13:56:32 - [TEST_STEP][PASSED] - Statement - Request1 = com.kms.katalon.core.webui.keyword.WebUiBuiltInKeywords.getText(com.kms.katalon.core.testobject.ObjectRepository.findTestObject(MOH AND GRN/Page_KDMC - CMS/font_PRNO0505201876)): Text of object 'Object Repository/MOH AND GRN/Page_KDMC - CMS/font_PRNO0505201876' is: 'PRNO/14052018/239'

2018-05-14 13:56:32 - [MESSAGE][PASSED] - Text of object 'Object Repository/MOH AND GRN/Page_KDMC - CMS/font_PRNO0505201876' is: 'PRNO/14052018/239'

2018-05-14 13:56:32 - [TEST_STEP][PASSED] - Statement - out.println("Length OF The Medicine " + Request1): null

2018-05-14 13:56:32 - [TEST_STEP][PASSED] - Statement - RequestNUmber = Request1.split("/")[2].trim(): null

2018-05-14 13:56:32 - [TEST_STEP][PASSED] - Statement - out.println("ID IS " + RequestNUmber): null

2018-05-14 13:56:32 - [TEST_STEP][PASSED] - delay: Delayed 3 second(s)

2018-05-14 13:56:35 - [MESSAGE][PASSED] - Delayed 3 second(s)

2018-05-14 13:56:35 - [TEST_STEP][PASSED] - click: Object: 'Object Repository/MOH AND GRN/Page_KDMC - CMS/button_OK' is clicked on

2018-05-14 13:56:36 - [MESSAGE][PASSED] - Object: 'Object Repository/MOH AND GRN/Page_KDMC - CMS/button_OK' is clicked on

2018-05-14 13:56:36 - [TEST_STEP][PASSED] - click: Object: 'Object Repository/MOH AND GRN/Page_KDMC - CMS/a_dropdown-toggle' is clicked on

2018-05-14 13:56:37 - [MESSAGE][PASSED] - Object: 'Object Repository/MOH AND GRN/Page_KDMC - CMS/a_dropdown-toggle' is clicked on

2018-05-14 13:56:37 - [TEST_STEP][PASSED] - click: Object: 'Object Repository/MOH AND GRN/Page_KDMC - CMS/a_Sign out' is clicked on

2018-05-14 13:56:37 - [MESSAGE][PASSED] - Object: 'Object Repository/MOH AND GRN/Page_KDMC - CMS/a_Sign out' is clicked on

2018-05-14 13:56:37 - [TEST_STEP][PASSED] - delay: Delayed 4 second(s)

2018-05-14 13:56:41 - [MESSAGE][PASSED] - Delayed 4 second(s)

2018-05-14 13:56:41 - [TEST_STEP][PASSED] - click: Object: 'Object Repository/MOH AND GRN/Page_KDMC/a_Admin Master' is clicked on

2018-05-14 13:56:42 - [MESSAGE][PASSED] - Object: 'Object Repository/MOH AND GRN/Page_KDMC/a_Admin Master' is clicked on

2018-05-14 13:56:42 - [TEST_STEP][PASSED] - setText: Text 'admin' is set on object 'Object Repository/MOH AND GRN/Page_Admin login/input_txtusername'

2018-05-14 13:56:42 - [MESSAGE][PASSED] - Text 'admin' is set on object 'Object Repository/MOH AND GRN/Page_Admin login/input_txtusername'

2018-05-14 13:56:42 - [TEST_STEP][PASSED] - setText: Text 'admin123' is set on object 'Object Repository/MOH AND GRN/Page_Admin login/input_txtpassword'

2018-05-14 13:56:42 - [MESSAGE][PASSED] - Text 'admin123' is set on object 'Object Repository/MOH AND GRN/Page_Admin login/input_txtpassword'

2018-05-14 13:56:42 - [TEST_STEP][PASSED] - delay: Delayed 3 second(s)

2018-05-14 13:56:45 - [MESSAGE][PASSED] - Delayed 3 second(s)

2018-05-14 13:56:45 - [TEST_STEP][PASSED] - click: Object: 'Object Repository/MOH AND GRN/Page_Admin login/button_Sign in' is clicked on

2018-05-14 13:56:46 - [MESSAGE][PASSED] - Object: 'Object Repository/MOH AND GRN/Page_Admin login/button_Sign in' is clicked on

2018-05-14 13:56:46 - [TEST_STEP][PASSED] - delay: Delayed 20 second(s)

2018-05-14 13:57:06 - [MESSAGE][PASSED] - Delayed 20 second(s)

2018-05-14 13:57:06 - [TEST_STEP][PASSED] - scrollToPosition: Browser is scrolled to position x = 200, y = 200

2018-05-14 13:57:06 - [MESSAGE][PASSED] - Browser is scrolled to position x = 200, y = 200

2018-05-14 13:57:06 - [TEST_STEP][PASSED] - click: Object: 'Object Repository/MOH AND GRN/Page_KDMC/a_CMS_1' is clicked on

2018-05-14 13:57:06 - [MESSAGE][PASSED] - Object: 'Object Repository/MOH AND GRN/Page_KDMC/a_CMS_1' is clicked on

2018-05-14 13:57:06 - [TEST_STEP][PASSED] - click: Object: 'Object Repository/MOH AND GRN/Page_KDMC/a_Request List' is clicked on

2018-05-14 13:57:07 - [MESSAGE][PASSED] - Object: 'Object Repository/MOH AND GRN/Page_KDMC/a_Request List' is clicked on

2018-05-14 13:57:07 - [TEST_STEP][PASSED] - Statement - RequestNumberId = com.kms.katalon.core.webui.keyword.WebUiBuiltInKeywords.modifyObjectProperty(com.kms.katalon.core.testobject.ObjectRepository.findTestObject(MOH AND GRN/Page_KDMC - CMS/input_PO0032), "xpath", "equals", "//*[@id =" + RequestNUmber + "]", true): Modify property of object successfully

2018-05-14 13:57:07 - [MESSAGE][PASSED] - Modify property of object successfully

2018-05-14 13:57:07 - [TEST_STEP][PASSED] - click: Object: 'Object Repository/MOH AND GRN/Page_KDMC - CMS/input_PO0032' is clicked on

2018-05-14 13:57:07 - [MESSAGE][PASSED] - Object: 'Object Repository/MOH AND GRN/Page_KDMC - CMS/input_PO0032' is clicked on

2018-05-14 13:57:07 - [TEST_STEP][PASSED] - delay: Delayed 3 second(s)

2018-05-14 13:57:10 - [MESSAGE][PASSED] - Delayed 3 second(s)

2018-05-14 13:57:10 - [TEST_STEP][PASSED] - selectOptionByIndex: All options with index in [1] are selected on object 'Object Repository/MOH AND GRN/Page_KDMC/select_--Select--'

2018-05-14 13:57:11 - [MESSAGE][PASSED] - All options with index in [1] are selected on object 'Object Repository/MOH AND GRN/Page_KDMC/select_--Select--'

2018-05-14 13:57:11 - [TEST_STEP][PASSED] - click: Object: 'Object Repository/MOH AND GRN/Page_KDMC/input_btnupdate' is clicked on

2018-05-14 13:57:11 - [MESSAGE][PASSED] - Object: 'Object Repository/MOH AND GRN/Page_KDMC/input_btnupdate' is clicked on

2018-05-14 13:57:11 - [TEST_STEP][PASSED] - delay: Delayed 3 second(s)

2018-05-14 13:57:14 - [MESSAGE][PASSED] - Delayed 3 second(s)

2018-05-14 13:57:14 - [TEST_STEP][PASSED] - click: Object: 'Object Repository/MOH AND GRN/Page_KDMC/button_OK' is clicked on

2018-05-14 13:57:14 - [MESSAGE][PASSED] - Object: 'Object Repository/MOH AND GRN/Page_KDMC/button_OK' is clicked on

2018-05-14 13:57:14 - [TEST_STEP][PASSED] - delay: Delayed 3 second(s)

2018-05-14 13:57:17 - [MESSAGE][PASSED] - Delayed 3 second(s)

2018-05-14 13:57:17 - [TEST_STEP][PASSED] - scrollToPosition: Browser is scrolled to position x = 200, y = 200

2018-05-14 13:57:17 - [MESSAGE][PASSED] - Browser is scrolled to position x = 200, y = 200

2018-05-14 13:57:17 - [TEST_STEP][PASSED] - click: Object: 'Object Repository/MOH AND GRN/Page_KDMC/a_CMS_2' is clicked on

2018-05-14 13:57:17 - [MESSAGE][PASSED] - Object: 'Object Repository/MOH AND GRN/Page_KDMC/a_CMS_2' is clicked on

2018-05-14 13:57:17 - [TEST_STEP][PASSED] - delay: Delayed 2 second(s)

2018-05-14 13:57:19 - [MESSAGE][PASSED] - Delayed 2 second(s)

2018-05-14 13:57:19 - [TEST_STEP][PASSED] - click: Object: 'Object Repository/MOH AND GRN/Page_KDMC/a_Generate P.O' is clicked on

2018-05-14 13:57:20 - [MESSAGE][PASSED] - Object: 'Object Repository/MOH AND GRN/Page_KDMC/a_Generate P.O' is clicked on

2018-05-14 13:57:20 - [TEST_STEP][PASSED] - delay: Delayed 2 second(s)

2018-05-14 13:57:22 - [MESSAGE][PASSED] - Delayed 2 second(s)

2018-05-14 13:57:22 - [TEST_STEP][PASSED] - selectOptionByIndex: All options with index in [1] are selected on object 'Object Repository/MOH AND GRN/Page_KDMC/select_--Select--PRNO040520183'

2018-05-14 13:57:22 - [MESSAGE][PASSED] - All options with index in [1] are selected on object 'Object Repository/MOH AND GRN/Page_KDMC/select_--Select--PRNO040520183'

2018-05-14 13:57:22 - [TEST_STEP][PASSED] - selectOptionByIndex: All options with index in [7] are selected on object 'Object Repository/MOH AND GRN/Page_KDMC/select_--Select--Hamen Chandra'

2018-05-14 13:57:22 - [MESSAGE][PASSED] - All options with index in [7] are selected on object 'Object Repository/MOH AND GRN/Page_KDMC/select_--Select--Hamen Chandra'

2018-05-14 13:57:22 - [TEST_STEP][PASSED] - Statement - PONumber = com.kms.katalon.core.webui.keyword.WebUiBuiltInKeywords.getText(com.kms.katalon.core.testobject.ObjectRepository.findTestObject(MOH AND GRN/Page_KDMC/input_lblpono)).trim(): Text of object 'Object Repository/MOH AND GRN/Page_KDMC/input_lblpono' is: ''

2018-05-14 13:57:22 - [MESSAGE][PASSED] - Text of object 'Object Repository/MOH AND GRN/Page_KDMC/input_lblpono' is: ''

2018-05-14 13:57:22 - [TEST_STEP][PASSED] - Statement - PONumber1 = com.kms.katalon.core.webui.keyword.WebUiBuiltInKeywords.getAttribute(com.kms.katalon.core.testobject.ObjectRepository.findTestObject(MOH AND GRN/Page_KDMC/input_lblpono), "value").trim(): Attribute 'value' of object 'Object Repository/MOH AND GRN/Page_KDMC/input_lblpono' is: 'PO00120'

2018-05-14 13:57:22 - [MESSAGE][PASSED] - Attribute 'value' of object 'Object Repository/MOH AND GRN/Page_KDMC/input_lblpono' is: 'PO00120'

2018-05-14 13:57:22 - [TEST_STEP][PASSED] - Statement - out.println("PO NUMBER :" + PONumber): null

2018-05-14 13:57:22 - [TEST_STEP][PASSED] - Statement - out.println("PO NUMBER :" + PONumber1): null

2018-05-14 13:57:22 - [TEST_STEP][PASSED] - click: Object: 'Object Repository/MOH AND GRN/Page_KDMC/input_chkrem' is clicked on

2018-05-14 13:57:22 - [MESSAGE][PASSED] - Object: 'Object Repository/MOH AND GRN/Page_KDMC/input_chkrem' is clicked on

2018-05-14 13:57:22 - [TEST_STEP][PASSED] - scrollToElement: Scroll to object 'Object Repository/MOH AND GRN/Page_KDMC/input_btnreturn' successfully

2018-05-14 13:57:22 - [MESSAGE][PASSED] - Scroll to object 'Object Repository/MOH AND GRN/Page_KDMC/input_btnreturn' successfully

2018-05-14 13:57:22 - [TEST_STEP][PASSED] - click: Object: 'Object Repository/MOH AND GRN/Page_KDMC/input_btnreturn' is clicked on

2018-05-14 13:57:23 - [MESSAGE][PASSED] - Object: 'Object Repository/MOH AND GRN/Page_KDMC/input_btnreturn' is clicked on

2018-05-14 13:57:23 - [TEST_STEP][PASSED] - delay: Delayed 3 second(s)

2018-05-14 13:57:26 - [MESSAGE][PASSED] - Delayed 3 second(s)

2018-05-14 13:57:26 - [TEST_STEP][PASSED] - click: Object: 'Object Repository/MOH AND GRN/Page_KDMC/button_Yes' is clicked on

2018-05-14 13:57:26 - [MESSAGE][PASSED] - Object: 'Object Repository/MOH AND GRN/Page_KDMC/button_Yes' is clicked on

2018-05-14 13:57:26 - [TEST_STEP][PASSED] - delay: Delayed 3 second(s)

2018-05-14 13:57:29 - [MESSAGE][PASSED] - Delayed 3 second(s)

2018-05-14 13:57:29 - [TEST_STEP][PASSED] - click: Object: 'Object Repository/MOH AND GRN/Page_KDMC/button_OK' is clicked on

2018-05-14 13:57:29 - [MESSAGE][PASSED] - Object: 'Object Repository/MOH AND GRN/Page_KDMC/button_OK' is clicked on

2018-05-14 13:57:29 - [TEST_STEP][PASSED] - delay: Delayed 3 second(s)

2018-05-14 13:57:32 - [MESSAGE][PASSED] - Delayed 3 second(s)

2018-05-14 13:57:32 - [TEST_STEP][PASSED] - click: Object: 'Object Repository/MOH AND GRN/Page_KDMC/a_dropdown-toggle' is clicked on

2018-05-14 13:57:32 - [MESSAGE][PASSED] - Object: 'Object Repository/MOH AND GRN/Page_KDMC/a_dropdown-toggle' is clicked on

2018-05-14 13:57:32 - [TEST_STEP][PASSED] - click: Object: 'Object Repository/MOH AND GRN/Page_KDMC/a_Sign out' is clicked on

2018-05-14 13:57:33 - [MESSAGE][PASSED] - Object: 'Object Repository/MOH AND GRN/Page_KDMC/a_Sign out' is clicked on

2018-05-14 13:57:33 - [TEST_STEP][PASSED] - delay: Delayed 4 second(s)

2018-05-14 13:57:37 - [MESSAGE][PASSED] - Delayed 4 second(s)

2018-05-14 13:57:37 - [TEST_STEP][PASSED] - click: Object: 'Object Repository/MOH AND GRN/Page_KDMC/a_CMS' is clicked on

2018-05-14 13:57:38 - [MESSAGE][PASSED] - Object: 'Object Repository/MOH AND GRN/Page_KDMC/a_CMS' is clicked on

2018-05-14 13:57:38 - [TEST_STEP][PASSED] - setText: Text 'bala' is set on object 'Object Repository/MOH AND GRN/Page_CMS login/input_txtusername'

2018-05-14 13:57:38 - [MESSAGE][PASSED] - Text 'bala' is set on object 'Object Repository/MOH AND GRN/Page_CMS login/input_txtusername'

2018-05-14 13:57:38 - [TEST_STEP][PASSED] - setText: Text '123' is set on object 'Object Repository/MOH AND GRN/Page_CMS login/input_txtpassword'

2018-05-14 13:57:38 - [MESSAGE][PASSED] - Text '123' is set on object 'Object Repository/MOH AND GRN/Page_CMS login/input_txtpassword'

2018-05-14 13:57:38 - [TEST_STEP][PASSED] - delay: Delayed 3 second(s)

2018-05-14 13:57:41 - [MESSAGE][PASSED] - Delayed 3 second(s)

2018-05-14 13:57:41 - [TEST_STEP][PASSED] - click: Object: 'Object Repository/MOH AND GRN/Page_CMS login/button_Sign in' is clicked on

2018-05-14 13:57:42 - [MESSAGE][PASSED] - Object: 'Object Repository/MOH AND GRN/Page_CMS login/button_Sign in' is clicked on

2018-05-14 13:57:42 - [TEST_STEP][PASSED] - click: Object: 'Object Repository/MOH AND GRN/Page_KDMC - CMS/a_CMS Details' is clicked on

2018-05-14 13:57:42 - [MESSAGE][PASSED] - Object: 'Object Repository/MOH AND GRN/Page_KDMC - CMS/a_CMS Details' is clicked on

2018-05-14 13:57:42 - [TEST_STEP][PASSED] - delay: Delayed 2 second(s)

2018-05-14 13:57:44 - [MESSAGE][PASSED] - Delayed 2 second(s)

2018-05-14 13:57:44 - [TEST_STEP][PASSED] - click: Object: 'Object Repository/MOH AND GRN/Page_KDMC - CMS/a_Goods Receive' is clicked on

2018-05-14 13:57:44 - [MESSAGE][PASSED] - Object: 'Object Repository/MOH AND GRN/Page_KDMC - CMS/a_Goods Receive' is clicked on

2018-05-14 13:57:44 - [TEST_STEP][PASSED] - delay: Delayed 2 second(s)

2018-05-14 13:57:46 - [MESSAGE][PASSED] - Delayed 2 second(s)

2018-05-14 13:57:46 - [TEST_STEP][PASSED] - selectOptionByLabel: All options with label 'PO00120' are selected in object 'Object Repository/MOH AND GRN/Page_KDMC - CMS/select_--Select--PO0032PO0031P' 

2018-05-14 13:57:47 - [MESSAGE][PASSED] - All options with label 'PO00120' are selected in object 'Object Repository/MOH AND GRN/Page_KDMC - CMS/select_--Select--PO0032PO0031P' 

2018-05-14 13:57:47 - [TEST_STEP][PASSED] - setText: Finding Test Object with id 'Object Repository/MOH AND GRN/Page_KDMC - CMS/input_txtgrnno'

2018-05-14 13:57:47 - [TEST_STEP][PASSED] - Statement - switch (id): Text 'INV553.0' is set on object 'Object Repository/MOH AND GRN/Page_KDMC - CMS/input_txtgrnno'

2018-05-14 13:57:47 - [TEST_STEP][PASSED] - Statement - case 2:: Text 'INV553.0' is set on object 'Object Repository/MOH AND GRN/Page_KDMC - CMS/input_txtgrnno'

2018-05-14 13:57:47 - [TEST_STEP][PASSED] - Statement - return (java.lang.Math.floor((java.lang.Math.random() * ((max - min) + 1))) + min): Text 'INV553.0' is set on object 'Object Repository/MOH AND GRN/Page_KDMC - CMS/input_txtgrnno'

2018-05-14 13:57:47 - [MESSAGE][PASSED] - Text 'INV553.0' is set on object 'Object Repository/MOH AND GRN/Page_KDMC - CMS/input_txtgrnno'

2018-05-14 13:57:47 - [TEST_STEP][PASSED] - selectOptionByIndex: All options with index in [1] are selected on object 'Object Repository/MOH AND GRN/Page_KDMC - CMS/select_--Select--PERUMAL PHARM'

2018-05-14 13:57:47 - [MESSAGE][PASSED] - All options with index in [1] are selected on object 'Object Repository/MOH AND GRN/Page_KDMC - CMS/select_--Select--PERUMAL PHARM'

2018-05-14 13:57:47 - [TEST_STEP][PASSED] - setText: Text '20000' is set on object 'Object Repository/MOH AND GRN/Page_KDMC - CMS/input_txtgrnno_1'

2018-05-14 13:57:47 - [MESSAGE][PASSED] - Text '20000' is set on object 'Object Repository/MOH AND GRN/Page_KDMC - CMS/input_txtgrnno_1'

2018-05-14 13:57:47 - [TEST_STEP][PASSED] - setText: Text '900' is set on object 'Object Repository/MOH AND GRN/Page_KDMC - CMS/input_txtgrnno_2'

2018-05-14 13:57:47 - [MESSAGE][PASSED] - Text '900' is set on object 'Object Repository/MOH AND GRN/Page_KDMC - CMS/input_txtgrnno_2'

2018-05-14 13:57:47 - [TEST_STEP][PASSED] - setText: Finding Test Object with id 'Object Repository/MOH AND GRN/Page_KDMC - CMS/input_txtgrnno_3'

2018-05-14 13:57:47 - [TEST_STEP][PASSED] - Statement - switch (id): Text 'CH969.0' is set on object 'Object Repository/MOH AND GRN/Page_KDMC - CMS/input_txtgrnno_3'

2018-05-14 13:57:47 - [TEST_STEP][PASSED] - Statement - case 3:: Text 'CH969.0' is set on object 'Object Repository/MOH AND GRN/Page_KDMC - CMS/input_txtgrnno_3'

2018-05-14 13:57:47 - [TEST_STEP][PASSED] - Statement - return (java.lang.Math.floor((java.lang.Math.random() * ((max - min) + 1))) + min): Text 'CH969.0' is set on object 'Object Repository/MOH AND GRN/Page_KDMC - CMS/input_txtgrnno_3'

2018-05-14 13:57:47 - [MESSAGE][PASSED] - Text 'CH969.0' is set on object 'Object Repository/MOH AND GRN/Page_KDMC - CMS/input_txtgrnno_3'

2018-05-14 13:57:47 - [TEST_STEP][PASSED] - scrollToPosition: Browser is scrolled to position x = 200, y = 200

2018-05-14 13:57:47 - [MESSAGE][PASSED] - Browser is scrolled to position x = 200, y = 200

2018-05-14 13:57:47 - [TEST_STEP][PASSED] - Statement - GrnLength = com.kms.katalon.core.webui.keyword.WebUiBuiltInKeywords.getNumberOfTotalOption(com.kms.katalon.core.testobject.ObjectRepository.findTestObject(MOH AND GRN/Page_KDMC - CMS/select_--Select--Amikacin -500)): 24 options of object 'Object Repository/MOH AND GRN/Page_KDMC - CMS/select_--Select--Amikacin -500' counted

2018-05-14 13:57:47 - [MESSAGE][PASSED] - 24 options of object 'Object Repository/MOH AND GRN/Page_KDMC - CMS/select_--Select--Amikacin -500' counted

2018-05-14 13:57:47 - [TEST_STEP][PASSED] - Statement - out.println("Length OF The Medicine " + GrnLength): null

2018-05-14 13:57:47 - [TEST_STEP][PASSED] - Statement - s = 1: null

2018-05-14 13:57:47 - [TEST_STEP][PASSED] - Statement - For ([t = 1, t < GrnLength, (t++)]): Finding Test Object with id 'Object Repository/MOH AND GRN/Page_KDMC - CMS/input_txtmrp'

2018-05-14 13:57:47 - [TEST_STEP][PASSED] - selectOptionByIndex: All options with index in [1] are selected on object 'Object Repository/MOH AND GRN/Page_KDMC - CMS/select_--Select--Amikacin -500'

2018-05-14 13:57:48 - [MESSAGE][PASSED] - All options with index in [1] are selected on object 'Object Repository/MOH AND GRN/Page_KDMC - CMS/select_--Select--Amikacin -500'

2018-05-14 13:57:48 - [TEST_STEP][PASSED] - setText: Text '5000' is set on object 'Object Repository/MOH AND GRN/Page_KDMC - CMS/input_txtqty'

2018-05-14 13:57:48 - [MESSAGE][PASSED] - Text '5000' is set on object 'Object Repository/MOH AND GRN/Page_KDMC - CMS/input_txtqty'

2018-05-14 13:57:48 - [TEST_STEP][PASSED] - selectOptionByIndex: All options with index in [1] are selected on object 'Object Repository/MOH AND GRN/Page_KDMC - CMS/select_--Select--No Tax0'

2018-05-14 13:57:48 - [MESSAGE][PASSED] - All options with index in [1] are selected on object 'Object Repository/MOH AND GRN/Page_KDMC - CMS/select_--Select--No Tax0'

2018-05-14 13:57:48 - [TEST_STEP][PASSED] - setText: Finding Test Object with id 'Object Repository/MOH AND GRN/Page_KDMC - CMS/input_txtmrp'

2018-05-14 13:57:48 - [TEST_STEP][PASSED] - Statement - switch (id): Finding Test Object with id 'Object Repository/MOH AND GRN/Page_KDMC - CMS/input_txtdeal'

2018-05-14 13:57:48 - [TEST_STEP][PASSED] - Statement - case 4:: Text '24.0' is set on object 'Object Repository/MOH AND GRN/Page_KDMC - CMS/input_txtmrp'

2018-05-14 13:57:48 - [TEST_STEP][PASSED] - Statement - return (java.lang.Math.floor((java.lang.Math.random() * ((max - min) + 1))) + min): Text '24.0' is set on object 'Object Repository/MOH AND GRN/Page_KDMC - CMS/input_txtmrp'

2018-05-14 13:57:48 - [MESSAGE][PASSED] - Text '24.0' is set on object 'Object Repository/MOH AND GRN/Page_KDMC - CMS/input_txtmrp'

2018-05-14 13:57:48 - [TEST_STEP][PASSED] - setText: Finding Test Object with id 'Object Repository/MOH AND GRN/Page_KDMC - CMS/input_txtdeal'

2018-05-14 13:57:48 - [TEST_STEP][PASSED] - Statement - switch (id): Finding Test Object with id 'Object Repository/MOH AND GRN/Page_KDMC - CMS/input_txtbatchno'

2018-05-14 13:57:48 - [TEST_STEP][PASSED] - Statement - case 5:: Text '1.0' is set on object 'Object Repository/MOH AND GRN/Page_KDMC - CMS/input_txtdeal'

2018-05-14 13:57:48 - [TEST_STEP][PASSED] - Statement - return (java.lang.Math.floor((java.lang.Math.random() * ((max - min) + 1))) + min): Text '1.0' is set on object 'Object Repository/MOH AND GRN/Page_KDMC - CMS/input_txtdeal'

2018-05-14 13:57:48 - [MESSAGE][PASSED] - Text '1.0' is set on object 'Object Repository/MOH AND GRN/Page_KDMC - CMS/input_txtdeal'

2018-05-14 13:57:48 - [TEST_STEP][PASSED] - setText: Finding Test Object with id 'Object Repository/MOH AND GRN/Page_KDMC - CMS/input_txtbatchno'

2018-05-14 13:57:48 - [TEST_STEP][PASSED] - Statement - switch (id): Finding Test Object with id 'Object Repository/MOH AND GRN/Page_KDMC - CMS/input_txtmrp'

2018-05-14 13:57:48 - [TEST_STEP][PASSED] - Statement - case 1:: Text 'BA800.0' is set on object 'Object Repository/MOH AND GRN/Page_KDMC - CMS/input_txtbatchno'

2018-05-14 13:57:48 - [TEST_STEP][PASSED] - Statement - return (java.lang.Math.floor((java.lang.Math.random() * ((max - min) + 1))) + min): Text 'BA800.0' is set on object 'Object Repository/MOH AND GRN/Page_KDMC - CMS/input_txtbatchno'

2018-05-14 13:57:48 - [MESSAGE][PASSED] - Text 'BA800.0' is set on object 'Object Repository/MOH AND GRN/Page_KDMC - CMS/input_txtbatchno'

2018-05-14 13:57:48 - [TEST_STEP][PASSED] - rightClick: Object: 'Object Repository/GRN/Page_KDMC - CMS/input_txtexpdate' is right clicked on

2018-05-14 13:57:48 - [MESSAGE][PASSED] - Object: 'Object Repository/GRN/Page_KDMC - CMS/input_txtexpdate' is right clicked on

2018-05-14 13:57:48 - [TEST_STEP][PASSED] - selectOptionByIndex: All options with index in [1] are selected on object 'Object Repository/GRN/Page_KDMC - CMS/select_20182019202020212022202'

2018-05-14 13:57:49 - [MESSAGE][PASSED] - All options with index in [1] are selected on object 'Object Repository/GRN/Page_KDMC - CMS/select_20182019202020212022202'

2018-05-14 13:57:49 - [TEST_STEP][PASSED] - selectOptionByIndex: All options with index in [1] are selected on object 'Object Repository/GRN/Page_KDMC - CMS/select_JanFebMarAprMayJunJulAu'

2018-05-14 13:57:49 - [MESSAGE][PASSED] - All options with index in [1] are selected on object 'Object Repository/GRN/Page_KDMC - CMS/select_JanFebMarAprMayJunJulAu'

2018-05-14 13:57:49 - [TEST_STEP][PASSED] - click: Object: 'Object Repository/MOH AND GRN/Page_KDMC - CMS/a_12' is clicked on

2018-05-14 13:57:49 - [MESSAGE][PASSED] - Object: 'Object Repository/MOH AND GRN/Page_KDMC - CMS/a_12' is clicked on

2018-05-14 13:57:49 - [TEST_STEP][PASSED] - click: Object: 'Object Repository/MOH AND GRN/Page_KDMC - CMS/input_btnadd' is clicked on

2018-05-14 13:57:49 - [MESSAGE][PASSED] - Object: 'Object Repository/MOH AND GRN/Page_KDMC - CMS/input_btnadd' is clicked on

2018-05-14 13:57:49 - [TEST_STEP][PASSED] - Statement - If (s == 10): null

2018-05-14 13:57:49 - [TEST_STEP][PASSED] - Statement - Else: null

2018-05-14 13:57:49 - [TEST_STEP][PASSED] - Statement - (s++): null

2018-05-14 13:57:49 - [TEST_STEP][PASSED] - delay: Delayed 1 second(s)

2018-05-14 13:57:50 - [MESSAGE][PASSED] - Delayed 1 second(s)

2018-05-14 13:57:50 - [TEST_STEP][PASSED] - selectOptionByIndex: All options with index in [2] are selected on object 'Object Repository/MOH AND GRN/Page_KDMC - CMS/select_--Select--Amikacin -500'

2018-05-14 13:57:50 - [MESSAGE][PASSED] - All options with index in [2] are selected on object 'Object Repository/MOH AND GRN/Page_KDMC - CMS/select_--Select--Amikacin -500'

2018-05-14 13:57:50 - [TEST_STEP][PASSED] - setText: Text '5000' is set on object 'Object Repository/MOH AND GRN/Page_KDMC - CMS/input_txtqty'

2018-05-14 13:57:50 - [MESSAGE][PASSED] - Text '5000' is set on object 'Object Repository/MOH AND GRN/Page_KDMC - CMS/input_txtqty'

2018-05-14 13:57:50 - [TEST_STEP][PASSED] - selectOptionByIndex: All options with index in [1] are selected on object 'Object Repository/MOH AND GRN/Page_KDMC - CMS/select_--Select--No Tax0'

2018-05-14 13:57:50 - [MESSAGE][PASSED] - All options with index in [1] are selected on object 'Object Repository/MOH AND GRN/Page_KDMC - CMS/select_--Select--No Tax0'

2018-05-14 13:57:50 - [TEST_STEP][PASSED] - setText: Finding Test Object with id 'Object Repository/MOH AND GRN/Page_KDMC - CMS/input_txtmrp'

2018-05-14 13:57:50 - [TEST_STEP][PASSED] - Statement - switch (id): Finding Test Object with id 'Object Repository/MOH AND GRN/Page_KDMC - CMS/input_txtdeal'

2018-05-14 13:57:50 - [TEST_STEP][PASSED] - Statement - case 4:: Text '32.0' is set on object 'Object Repository/MOH AND GRN/Page_KDMC - CMS/input_txtmrp'

2018-05-14 13:57:50 - [TEST_STEP][PASSED] - Statement - return (java.lang.Math.floor((java.lang.Math.random() * ((max - min) + 1))) + min): Text '32.0' is set on object 'Object Repository/MOH AND GRN/Page_KDMC - CMS/input_txtmrp'

2018-05-14 13:57:50 - [MESSAGE][PASSED] - Text '32.0' is set on object 'Object Repository/MOH AND GRN/Page_KDMC - CMS/input_txtmrp'

2018-05-14 13:57:50 - [TEST_STEP][PASSED] - setText: Finding Test Object with id 'Object Repository/MOH AND GRN/Page_KDMC - CMS/input_txtdeal'

2018-05-14 13:57:50 - [TEST_STEP][PASSED] - Statement - switch (id): Finding Test Object with id 'Object Repository/MOH AND GRN/Page_KDMC - CMS/input_txtbatchno'

2018-05-14 13:57:50 - [TEST_STEP][PASSED] - Statement - case 5:: Text '8.0' is set on object 'Object Repository/MOH AND GRN/Page_KDMC - CMS/input_txtdeal'

2018-05-14 13:57:50 - [TEST_STEP][PASSED] - Statement - return (java.lang.Math.floor((java.lang.Math.random() * ((max - min) + 1))) + min): Text '8.0' is set on object 'Object Repository/MOH AND GRN/Page_KDMC - CMS/input_txtdeal'

2018-05-14 13:57:50 - [MESSAGE][PASSED] - Text '8.0' is set on object 'Object Repository/MOH AND GRN/Page_KDMC - CMS/input_txtdeal'

2018-05-14 13:57:50 - [TEST_STEP][PASSED] - setText: Finding Test Object with id 'Object Repository/MOH AND GRN/Page_KDMC - CMS/input_txtbatchno'

2018-05-14 13:57:50 - [TEST_STEP][PASSED] - Statement - switch (id): Finding Test Object with id 'Object Repository/MOH AND GRN/Page_KDMC - CMS/input_txtmrp'

2018-05-14 13:57:50 - [TEST_STEP][PASSED] - Statement - case 1:: Text 'BA871.0' is set on object 'Object Repository/MOH AND GRN/Page_KDMC - CMS/input_txtbatchno'

2018-05-14 13:57:50 - [TEST_STEP][PASSED] - Statement - return (java.lang.Math.floor((java.lang.Math.random() * ((max - min) + 1))) + min): Text 'BA871.0' is set on object 'Object Repository/MOH AND GRN/Page_KDMC - CMS/input_txtbatchno'

2018-05-14 13:57:51 - [MESSAGE][PASSED] - Text 'BA871.0' is set on object 'Object Repository/MOH AND GRN/Page_KDMC - CMS/input_txtbatchno'

2018-05-14 13:57:51 - [TEST_STEP][PASSED] - rightClick: Object: 'Object Repository/GRN/Page_KDMC - CMS/input_txtexpdate' is right clicked on

2018-05-14 13:57:51 - [MESSAGE][PASSED] - Object: 'Object Repository/GRN/Page_KDMC - CMS/input_txtexpdate' is right clicked on

2018-05-14 13:57:51 - [TEST_STEP][PASSED] - selectOptionByIndex: All options with index in [2] are selected on object 'Object Repository/GRN/Page_KDMC - CMS/select_20182019202020212022202'

2018-05-14 13:57:51 - [MESSAGE][PASSED] - All options with index in [2] are selected on object 'Object Repository/GRN/Page_KDMC - CMS/select_20182019202020212022202'

2018-05-14 13:57:51 - [TEST_STEP][PASSED] - selectOptionByIndex: All options with index in [2] are selected on object 'Object Repository/GRN/Page_KDMC - CMS/select_JanFebMarAprMayJunJulAu'

2018-05-14 13:57:51 - [MESSAGE][PASSED] - All options with index in [2] are selected on object 'Object Repository/GRN/Page_KDMC - CMS/select_JanFebMarAprMayJunJulAu'

2018-05-14 13:57:51 - [TEST_STEP][PASSED] - click: Object: 'Object Repository/MOH AND GRN/Page_KDMC - CMS/a_12' is clicked on

2018-05-14 13:57:51 - [MESSAGE][PASSED] - Object: 'Object Repository/MOH AND GRN/Page_KDMC - CMS/a_12' is clicked on

2018-05-14 13:57:51 - [TEST_STEP][PASSED] - click: Object: 'Object Repository/MOH AND GRN/Page_KDMC - CMS/input_btnadd' is clicked on

2018-05-14 13:57:51 - [MESSAGE][PASSED] - Object: 'Object Repository/MOH AND GRN/Page_KDMC - CMS/input_btnadd' is clicked on

2018-05-14 13:57:51 - [TEST_STEP][PASSED] - Statement - If (s == 10): null

2018-05-14 13:57:51 - [TEST_STEP][PASSED] - Statement - Else: null

2018-05-14 13:57:51 - [TEST_STEP][PASSED] - Statement - (s++): null

2018-05-14 13:57:51 - [TEST_STEP][PASSED] - delay: Delayed 1 second(s)

2018-05-14 13:57:52 - [MESSAGE][PASSED] - Delayed 1 second(s)

2018-05-14 13:57:52 - [TEST_STEP][PASSED] - selectOptionByIndex: All options with index in [3] are selected on object 'Object Repository/MOH AND GRN/Page_KDMC - CMS/select_--Select--Amikacin -500'

2018-05-14 13:57:52 - [MESSAGE][PASSED] - All options with index in [3] are selected on object 'Object Repository/MOH AND GRN/Page_KDMC - CMS/select_--Select--Amikacin -500'

2018-05-14 13:57:52 - [TEST_STEP][PASSED] - setText: Text '5000' is set on object 'Object Repository/MOH AND GRN/Page_KDMC - CMS/input_txtqty'

2018-05-14 13:57:52 - [MESSAGE][PASSED] - Text '5000' is set on object 'Object Repository/MOH AND GRN/Page_KDMC - CMS/input_txtqty'

2018-05-14 13:57:52 - [TEST_STEP][PASSED] - selectOptionByIndex: All options with index in [1] are selected on object 'Object Repository/MOH AND GRN/Page_KDMC - CMS/select_--Select--No Tax0'

2018-05-14 13:57:53 - [MESSAGE][PASSED] - All options with index in [1] are selected on object 'Object Repository/MOH AND GRN/Page_KDMC - CMS/select_--Select--No Tax0'

2018-05-14 13:57:53 - [TEST_STEP][PASSED] - setText: Finding Test Object with id 'Object Repository/MOH AND GRN/Page_KDMC - CMS/input_txtmrp'

2018-05-14 13:57:53 - [TEST_STEP][PASSED] - Statement - switch (id): Finding Test Object with id 'Object Repository/MOH AND GRN/Page_KDMC - CMS/input_txtdeal'

2018-05-14 13:57:53 - [TEST_STEP][PASSED] - Statement - case 4:: Text '37.0' is set on object 'Object Repository/MOH AND GRN/Page_KDMC - CMS/input_txtmrp'

2018-05-14 13:57:53 - [TEST_STEP][PASSED] - Statement - return (java.lang.Math.floor((java.lang.Math.random() * ((max - min) + 1))) + min): Text '37.0' is set on object 'Object Repository/MOH AND GRN/Page_KDMC - CMS/input_txtmrp'

2018-05-14 13:57:53 - [MESSAGE][PASSED] - Text '37.0' is set on object 'Object Repository/MOH AND GRN/Page_KDMC - CMS/input_txtmrp'

2018-05-14 13:57:53 - [TEST_STEP][PASSED] - setText: Finding Test Object with id 'Object Repository/MOH AND GRN/Page_KDMC - CMS/input_txtdeal'

2018-05-14 13:57:53 - [TEST_STEP][PASSED] - Statement - switch (id): Finding Test Object with id 'Object Repository/MOH AND GRN/Page_KDMC - CMS/input_txtbatchno'

2018-05-14 13:57:53 - [TEST_STEP][PASSED] - Statement - case 5:: Text '7.0' is set on object 'Object Repository/MOH AND GRN/Page_KDMC - CMS/input_txtdeal'

2018-05-14 13:57:53 - [TEST_STEP][PASSED] - Statement - return (java.lang.Math.floor((java.lang.Math.random() * ((max - min) + 1))) + min): Text '7.0' is set on object 'Object Repository/MOH AND GRN/Page_KDMC - CMS/input_txtdeal'

2018-05-14 13:57:53 - [MESSAGE][PASSED] - Text '7.0' is set on object 'Object Repository/MOH AND GRN/Page_KDMC - CMS/input_txtdeal'

2018-05-14 13:57:53 - [TEST_STEP][PASSED] - setText: Finding Test Object with id 'Object Repository/MOH AND GRN/Page_KDMC - CMS/input_txtbatchno'

2018-05-14 13:57:53 - [TEST_STEP][PASSED] - Statement - switch (id): Finding Test Object with id 'Object Repository/MOH AND GRN/Page_KDMC - CMS/input_txtmrp'

2018-05-14 13:57:53 - [TEST_STEP][PASSED] - Statement - case 1:: Text 'BA433.0' is set on object 'Object Repository/MOH AND GRN/Page_KDMC - CMS/input_txtbatchno'

2018-05-14 13:57:53 - [TEST_STEP][PASSED] - Statement - return (java.lang.Math.floor((java.lang.Math.random() * ((max - min) + 1))) + min): Text 'BA433.0' is set on object 'Object Repository/MOH AND GRN/Page_KDMC - CMS/input_txtbatchno'

2018-05-14 13:57:53 - [MESSAGE][PASSED] - Text 'BA433.0' is set on object 'Object Repository/MOH AND GRN/Page_KDMC - CMS/input_txtbatchno'

2018-05-14 13:57:53 - [TEST_STEP][PASSED] - rightClick: Object: 'Object Repository/GRN/Page_KDMC - CMS/input_txtexpdate' is right clicked on

2018-05-14 13:57:53 - [MESSAGE][PASSED] - Object: 'Object Repository/GRN/Page_KDMC - CMS/input_txtexpdate' is right clicked on

2018-05-14 13:57:53 - [TEST_STEP][PASSED] - selectOptionByIndex: All options with index in [3] are selected on object 'Object Repository/GRN/Page_KDMC - CMS/select_20182019202020212022202'

2018-05-14 13:57:53 - [MESSAGE][PASSED] - All options with index in [3] are selected on object 'Object Repository/GRN/Page_KDMC - CMS/select_20182019202020212022202'

2018-05-14 13:57:53 - [TEST_STEP][PASSED] - selectOptionByIndex: All options with index in [3] are selected on object 'Object Repository/GRN/Page_KDMC - CMS/select_JanFebMarAprMayJunJulAu'

2018-05-14 13:57:53 - [MESSAGE][PASSED] - All options with index in [3] are selected on object 'Object Repository/GRN/Page_KDMC - CMS/select_JanFebMarAprMayJunJulAu'

2018-05-14 13:57:53 - [TEST_STEP][PASSED] - click: Object: 'Object Repository/MOH AND GRN/Page_KDMC - CMS/a_12' is clicked on

2018-05-14 13:57:53 - [MESSAGE][PASSED] - Object: 'Object Repository/MOH AND GRN/Page_KDMC - CMS/a_12' is clicked on

2018-05-14 13:57:53 - [TEST_STEP][PASSED] - click: Object: 'Object Repository/MOH AND GRN/Page_KDMC - CMS/input_btnadd' is clicked on

2018-05-14 13:57:53 - [MESSAGE][PASSED] - Object: 'Object Repository/MOH AND GRN/Page_KDMC - CMS/input_btnadd' is clicked on

2018-05-14 13:57:53 - [TEST_STEP][PASSED] - Statement - If (s == 10): null

2018-05-14 13:57:53 - [TEST_STEP][PASSED] - Statement - Else: null

2018-05-14 13:57:53 - [TEST_STEP][PASSED] - Statement - (s++): null

2018-05-14 13:57:53 - [TEST_STEP][PASSED] - delay: Delayed 1 second(s)

2018-05-14 13:57:54 - [MESSAGE][PASSED] - Delayed 1 second(s)

2018-05-14 13:57:54 - [TEST_STEP][PASSED] - selectOptionByIndex: All options with index in [4] are selected on object 'Object Repository/MOH AND GRN/Page_KDMC - CMS/select_--Select--Amikacin -500'

2018-05-14 13:57:55 - [MESSAGE][PASSED] - All options with index in [4] are selected on object 'Object Repository/MOH AND GRN/Page_KDMC - CMS/select_--Select--Amikacin -500'

2018-05-14 13:57:55 - [TEST_STEP][PASSED] - setText: Text '5000' is set on object 'Object Repository/MOH AND GRN/Page_KDMC - CMS/input_txtqty'

2018-05-14 13:57:55 - [MESSAGE][PASSED] - Text '5000' is set on object 'Object Repository/MOH AND GRN/Page_KDMC - CMS/input_txtqty'

2018-05-14 13:57:55 - [TEST_STEP][PASSED] - selectOptionByIndex: All options with index in [1] are selected on object 'Object Repository/MOH AND GRN/Page_KDMC - CMS/select_--Select--No Tax0'

2018-05-14 13:57:55 - [MESSAGE][PASSED] - All options with index in [1] are selected on object 'Object Repository/MOH AND GRN/Page_KDMC - CMS/select_--Select--No Tax0'

2018-05-14 13:57:55 - [TEST_STEP][PASSED] - setText: Finding Test Object with id 'Object Repository/MOH AND GRN/Page_KDMC - CMS/input_txtmrp'

2018-05-14 13:57:55 - [TEST_STEP][PASSED] - Statement - switch (id): Finding Test Object with id 'Object Repository/MOH AND GRN/Page_KDMC - CMS/input_txtdeal'

2018-05-14 13:57:55 - [TEST_STEP][PASSED] - Statement - case 4:: Text '36.0' is set on object 'Object Repository/MOH AND GRN/Page_KDMC - CMS/input_txtmrp'

2018-05-14 13:57:55 - [TEST_STEP][PASSED] - Statement - return (java.lang.Math.floor((java.lang.Math.random() * ((max - min) + 1))) + min): Text '36.0' is set on object 'Object Repository/MOH AND GRN/Page_KDMC - CMS/input_txtmrp'

2018-05-14 13:57:55 - [MESSAGE][PASSED] - Text '36.0' is set on object 'Object Repository/MOH AND GRN/Page_KDMC - CMS/input_txtmrp'

2018-05-14 13:57:55 - [TEST_STEP][PASSED] - setText: Finding Test Object with id 'Object Repository/MOH AND GRN/Page_KDMC - CMS/input_txtdeal'

2018-05-14 13:57:55 - [TEST_STEP][PASSED] - Statement - switch (id): Finding Test Object with id 'Object Repository/MOH AND GRN/Page_KDMC - CMS/input_txtbatchno'

2018-05-14 13:57:55 - [TEST_STEP][PASSED] - Statement - case 5:: Text '10.0' is set on object 'Object Repository/MOH AND GRN/Page_KDMC - CMS/input_txtdeal'

2018-05-14 13:57:55 - [TEST_STEP][PASSED] - Statement - return (java.lang.Math.floor((java.lang.Math.random() * ((max - min) + 1))) + min): Text '10.0' is set on object 'Object Repository/MOH AND GRN/Page_KDMC - CMS/input_txtdeal'

2018-05-14 13:57:55 - [MESSAGE][PASSED] - Text '10.0' is set on object 'Object Repository/MOH AND GRN/Page_KDMC - CMS/input_txtdeal'

2018-05-14 13:57:55 - [TEST_STEP][PASSED] - setText: Finding Test Object with id 'Object Repository/MOH AND GRN/Page_KDMC - CMS/input_txtbatchno'

2018-05-14 13:57:55 - [TEST_STEP][PASSED] - Statement - switch (id): Finding Test Object with id 'Object Repository/MOH AND GRN/Page_KDMC - CMS/input_txtmrp'

2018-05-14 13:57:55 - [TEST_STEP][PASSED] - Statement - case 1:: Text 'BA235.0' is set on object 'Object Repository/MOH AND GRN/Page_KDMC - CMS/input_txtbatchno'

2018-05-14 13:57:55 - [TEST_STEP][PASSED] - Statement - return (java.lang.Math.floor((java.lang.Math.random() * ((max - min) + 1))) + min): Text 'BA235.0' is set on object 'Object Repository/MOH AND GRN/Page_KDMC - CMS/input_txtbatchno'

2018-05-14 13:57:55 - [MESSAGE][PASSED] - Text 'BA235.0' is set on object 'Object Repository/MOH AND GRN/Page_KDMC - CMS/input_txtbatchno'

2018-05-14 13:57:55 - [TEST_STEP][PASSED] - rightClick: Object: 'Object Repository/GRN/Page_KDMC - CMS/input_txtexpdate' is right clicked on

2018-05-14 13:57:55 - [MESSAGE][PASSED] - Object: 'Object Repository/GRN/Page_KDMC - CMS/input_txtexpdate' is right clicked on

2018-05-14 13:57:55 - [TEST_STEP][PASSED] - selectOptionByIndex: All options with index in [4] are selected on object 'Object Repository/GRN/Page_KDMC - CMS/select_20182019202020212022202'

2018-05-14 13:57:55 - [MESSAGE][PASSED] - All options with index in [4] are selected on object 'Object Repository/GRN/Page_KDMC - CMS/select_20182019202020212022202'

2018-05-14 13:57:55 - [TEST_STEP][PASSED] - selectOptionByIndex: All options with index in [4] are selected on object 'Object Repository/GRN/Page_KDMC - CMS/select_JanFebMarAprMayJunJulAu'

2018-05-14 13:57:56 - [MESSAGE][PASSED] - All options with index in [4] are selected on object 'Object Repository/GRN/Page_KDMC - CMS/select_JanFebMarAprMayJunJulAu'

2018-05-14 13:57:56 - [TEST_STEP][PASSED] - click: Object: 'Object Repository/MOH AND GRN/Page_KDMC - CMS/a_12' is clicked on

2018-05-14 13:57:56 - [MESSAGE][PASSED] - Object: 'Object Repository/MOH AND GRN/Page_KDMC - CMS/a_12' is clicked on

2018-05-14 13:57:56 - [TEST_STEP][PASSED] - click: Object: 'Object Repository/MOH AND GRN/Page_KDMC - CMS/input_btnadd' is clicked on

2018-05-14 13:57:56 - [MESSAGE][PASSED] - Object: 'Object Repository/MOH AND GRN/Page_KDMC - CMS/input_btnadd' is clicked on

2018-05-14 13:57:56 - [TEST_STEP][PASSED] - Statement - If (s == 10): null

2018-05-14 13:57:56 - [TEST_STEP][PASSED] - Statement - Else: null

2018-05-14 13:57:56 - [TEST_STEP][PASSED] - Statement - (s++): null

2018-05-14 13:57:56 - [TEST_STEP][PASSED] - delay: Delayed 1 second(s)

2018-05-14 13:57:57 - [MESSAGE][PASSED] - Delayed 1 second(s)

2018-05-14 13:57:57 - [TEST_STEP][PASSED] - selectOptionByIndex: All options with index in [5] are selected on object 'Object Repository/MOH AND GRN/Page_KDMC - CMS/select_--Select--Amikacin -500'

2018-05-14 13:57:57 - [MESSAGE][PASSED] - All options with index in [5] are selected on object 'Object Repository/MOH AND GRN/Page_KDMC - CMS/select_--Select--Amikacin -500'

2018-05-14 13:57:57 - [TEST_STEP][PASSED] - setText: Text '5000' is set on object 'Object Repository/MOH AND GRN/Page_KDMC - CMS/input_txtqty'

2018-05-14 13:57:57 - [MESSAGE][PASSED] - Text '5000' is set on object 'Object Repository/MOH AND GRN/Page_KDMC - CMS/input_txtqty'

2018-05-14 13:57:57 - [TEST_STEP][PASSED] - selectOptionByIndex: All options with index in [1] are selected on object 'Object Repository/MOH AND GRN/Page_KDMC - CMS/select_--Select--No Tax0'

2018-05-14 13:57:57 - [MESSAGE][PASSED] - All options with index in [1] are selected on object 'Object Repository/MOH AND GRN/Page_KDMC - CMS/select_--Select--No Tax0'

2018-05-14 13:57:57 - [TEST_STEP][PASSED] - setText: Finding Test Object with id 'Object Repository/MOH AND GRN/Page_KDMC - CMS/input_txtmrp'

2018-05-14 13:57:57 - [TEST_STEP][PASSED] - Statement - switch (id): Finding Test Object with id 'Object Repository/MOH AND GRN/Page_KDMC - CMS/input_txtdeal'

2018-05-14 13:57:57 - [TEST_STEP][PASSED] - Statement - case 4:: Text '42.0' is set on object 'Object Repository/MOH AND GRN/Page_KDMC - CMS/input_txtmrp'

2018-05-14 13:57:57 - [TEST_STEP][PASSED] - Statement - return (java.lang.Math.floor((java.lang.Math.random() * ((max - min) + 1))) + min): Text '42.0' is set on object 'Object Repository/MOH AND GRN/Page_KDMC - CMS/input_txtmrp'

2018-05-14 13:57:57 - [MESSAGE][PASSED] - Text '42.0' is set on object 'Object Repository/MOH AND GRN/Page_KDMC - CMS/input_txtmrp'

2018-05-14 13:57:57 - [TEST_STEP][PASSED] - setText: Finding Test Object with id 'Object Repository/MOH AND GRN/Page_KDMC - CMS/input_txtdeal'

2018-05-14 13:57:57 - [TEST_STEP][PASSED] - Statement - switch (id): Finding Test Object with id 'Object Repository/MOH AND GRN/Page_KDMC - CMS/input_txtbatchno'

2018-05-14 13:57:57 - [TEST_STEP][PASSED] - Statement - case 5:: Text '4.0' is set on object 'Object Repository/MOH AND GRN/Page_KDMC - CMS/input_txtdeal'

2018-05-14 13:57:57 - [TEST_STEP][PASSED] - Statement - return (java.lang.Math.floor((java.lang.Math.random() * ((max - min) + 1))) + min): Text '4.0' is set on object 'Object Repository/MOH AND GRN/Page_KDMC - CMS/input_txtdeal'

2018-05-14 13:57:57 - [MESSAGE][PASSED] - Text '4.0' is set on object 'Object Repository/MOH AND GRN/Page_KDMC - CMS/input_txtdeal'

2018-05-14 13:57:57 - [TEST_STEP][PASSED] - setText: Finding Test Object with id 'Object Repository/MOH AND GRN/Page_KDMC - CMS/input_txtbatchno'

2018-05-14 13:57:57 - [TEST_STEP][PASSED] - Statement - switch (id): Finding Test Object with id 'Object Repository/MOH AND GRN/Page_KDMC - CMS/input_txtmrp'

2018-05-14 13:57:57 - [TEST_STEP][PASSED] - Statement - case 1:: Text 'BA330.0' is set on object 'Object Repository/MOH AND GRN/Page_KDMC - CMS/input_txtbatchno'

2018-05-14 13:57:57 - [TEST_STEP][PASSED] - Statement - return (java.lang.Math.floor((java.lang.Math.random() * ((max - min) + 1))) + min): Text 'BA330.0' is set on object 'Object Repository/MOH AND GRN/Page_KDMC - CMS/input_txtbatchno'

2018-05-14 13:57:57 - [MESSAGE][PASSED] - Text 'BA330.0' is set on object 'Object Repository/MOH AND GRN/Page_KDMC - CMS/input_txtbatchno'

2018-05-14 13:57:57 - [TEST_STEP][PASSED] - rightClick: Object: 'Object Repository/GRN/Page_KDMC - CMS/input_txtexpdate' is right clicked on

2018-05-14 13:57:57 - [MESSAGE][PASSED] - Object: 'Object Repository/GRN/Page_KDMC - CMS/input_txtexpdate' is right clicked on

2018-05-14 13:57:57 - [TEST_STEP][PASSED] - selectOptionByIndex: All options with index in [5] are selected on object 'Object Repository/GRN/Page_KDMC - CMS/select_20182019202020212022202'

2018-05-14 13:57:58 - [MESSAGE][PASSED] - All options with index in [5] are selected on object 'Object Repository/GRN/Page_KDMC - CMS/select_20182019202020212022202'

2018-05-14 13:57:58 - [TEST_STEP][PASSED] - selectOptionByIndex: All options with index in [5] are selected on object 'Object Repository/GRN/Page_KDMC - CMS/select_JanFebMarAprMayJunJulAu'

2018-05-14 13:57:58 - [MESSAGE][PASSED] - All options with index in [5] are selected on object 'Object Repository/GRN/Page_KDMC - CMS/select_JanFebMarAprMayJunJulAu'

2018-05-14 13:57:58 - [TEST_STEP][PASSED] - click: Object: 'Object Repository/MOH AND GRN/Page_KDMC - CMS/a_12' is clicked on

2018-05-14 13:57:58 - [MESSAGE][PASSED] - Object: 'Object Repository/MOH AND GRN/Page_KDMC - CMS/a_12' is clicked on

2018-05-14 13:57:58 - [TEST_STEP][PASSED] - click: Object: 'Object Repository/MOH AND GRN/Page_KDMC - CMS/input_btnadd' is clicked on

2018-05-14 13:57:58 - [MESSAGE][PASSED] - Object: 'Object Repository/MOH AND GRN/Page_KDMC - CMS/input_btnadd' is clicked on

2018-05-14 13:57:58 - [TEST_STEP][PASSED] - Statement - If (s == 10): null

2018-05-14 13:57:58 - [TEST_STEP][PASSED] - Statement - Else: null

2018-05-14 13:57:58 - [TEST_STEP][PASSED] - Statement - (s++): null

2018-05-14 13:57:58 - [TEST_STEP][PASSED] - delay: Delayed 1 second(s)

2018-05-14 13:57:59 - [MESSAGE][PASSED] - Delayed 1 second(s)

2018-05-14 13:57:59 - [TEST_STEP][PASSED] - selectOptionByIndex: All options with index in [6] are selected on object 'Object Repository/MOH AND GRN/Page_KDMC - CMS/select_--Select--Amikacin -500'

2018-05-14 13:57:59 - [MESSAGE][PASSED] - All options with index in [6] are selected on object 'Object Repository/MOH AND GRN/Page_KDMC - CMS/select_--Select--Amikacin -500'

2018-05-14 13:57:59 - [TEST_STEP][PASSED] - setText: Text '5000' is set on object 'Object Repository/MOH AND GRN/Page_KDMC - CMS/input_txtqty'

2018-05-14 13:57:59 - [MESSAGE][PASSED] - Text '5000' is set on object 'Object Repository/MOH AND GRN/Page_KDMC - CMS/input_txtqty'

2018-05-14 13:57:59 - [TEST_STEP][PASSED] - selectOptionByIndex: All options with index in [1] are selected on object 'Object Repository/MOH AND GRN/Page_KDMC - CMS/select_--Select--No Tax0'

2018-05-14 13:57:59 - [MESSAGE][PASSED] - All options with index in [1] are selected on object 'Object Repository/MOH AND GRN/Page_KDMC - CMS/select_--Select--No Tax0'

2018-05-14 13:57:59 - [TEST_STEP][PASSED] - setText: Finding Test Object with id 'Object Repository/MOH AND GRN/Page_KDMC - CMS/input_txtmrp'

2018-05-14 13:57:59 - [TEST_STEP][PASSED] - Statement - switch (id): Finding Test Object with id 'Object Repository/MOH AND GRN/Page_KDMC - CMS/input_txtdeal'

2018-05-14 13:57:59 - [TEST_STEP][PASSED] - Statement - case 4:: Text '40.0' is set on object 'Object Repository/MOH AND GRN/Page_KDMC - CMS/input_txtmrp'

2018-05-14 13:57:59 - [TEST_STEP][PASSED] - Statement - return (java.lang.Math.floor((java.lang.Math.random() * ((max - min) + 1))) + min): Text '40.0' is set on object 'Object Repository/MOH AND GRN/Page_KDMC - CMS/input_txtmrp'

2018-05-14 13:58:00 - [MESSAGE][PASSED] - Text '40.0' is set on object 'Object Repository/MOH AND GRN/Page_KDMC - CMS/input_txtmrp'

2018-05-14 13:58:00 - [TEST_STEP][PASSED] - setText: Finding Test Object with id 'Object Repository/MOH AND GRN/Page_KDMC - CMS/input_txtdeal'

2018-05-14 13:58:00 - [TEST_STEP][PASSED] - Statement - switch (id): Finding Test Object with id 'Object Repository/MOH AND GRN/Page_KDMC - CMS/input_txtbatchno'

2018-05-14 13:58:00 - [TEST_STEP][PASSED] - Statement - case 5:: Text '11.0' is set on object 'Object Repository/MOH AND GRN/Page_KDMC - CMS/input_txtdeal'

2018-05-14 13:58:00 - [TEST_STEP][PASSED] - Statement - return (java.lang.Math.floor((java.lang.Math.random() * ((max - min) + 1))) + min): Text '11.0' is set on object 'Object Repository/MOH AND GRN/Page_KDMC - CMS/input_txtdeal'

2018-05-14 13:58:00 - [MESSAGE][PASSED] - Text '11.0' is set on object 'Object Repository/MOH AND GRN/Page_KDMC - CMS/input_txtdeal'

2018-05-14 13:58:00 - [TEST_STEP][PASSED] - setText: Finding Test Object with id 'Object Repository/MOH AND GRN/Page_KDMC - CMS/input_txtbatchno'

2018-05-14 13:58:00 - [TEST_STEP][PASSED] - Statement - switch (id): Finding Test Object with id 'Object Repository/MOH AND GRN/Page_KDMC - CMS/input_txtmrp'

2018-05-14 13:58:00 - [TEST_STEP][PASSED] - Statement - case 1:: Text 'BA813.0' is set on object 'Object Repository/MOH AND GRN/Page_KDMC - CMS/input_txtbatchno'

2018-05-14 13:58:00 - [TEST_STEP][PASSED] - Statement - return (java.lang.Math.floor((java.lang.Math.random() * ((max - min) + 1))) + min): Text 'BA813.0' is set on object 'Object Repository/MOH AND GRN/Page_KDMC - CMS/input_txtbatchno'

2018-05-14 13:58:00 - [MESSAGE][PASSED] - Text 'BA813.0' is set on object 'Object Repository/MOH AND GRN/Page_KDMC - CMS/input_txtbatchno'

2018-05-14 13:58:00 - [TEST_STEP][PASSED] - rightClick: Object: 'Object Repository/GRN/Page_KDMC - CMS/input_txtexpdate' is right clicked on

2018-05-14 13:58:00 - [MESSAGE][PASSED] - Object: 'Object Repository/GRN/Page_KDMC - CMS/input_txtexpdate' is right clicked on

2018-05-14 13:58:00 - [TEST_STEP][PASSED] - selectOptionByIndex: All options with index in [6] are selected on object 'Object Repository/GRN/Page_KDMC - CMS/select_20182019202020212022202'

2018-05-14 13:58:00 - [MESSAGE][PASSED] - All options with index in [6] are selected on object 'Object Repository/GRN/Page_KDMC - CMS/select_20182019202020212022202'

2018-05-14 13:58:00 - [TEST_STEP][PASSED] - selectOptionByIndex: All options with index in [6] are selected on object 'Object Repository/GRN/Page_KDMC - CMS/select_JanFebMarAprMayJunJulAu'

2018-05-14 13:58:00 - [MESSAGE][PASSED] - All options with index in [6] are selected on object 'Object Repository/GRN/Page_KDMC - CMS/select_JanFebMarAprMayJunJulAu'

2018-05-14 13:58:00 - [TEST_STEP][PASSED] - click: Object: 'Object Repository/MOH AND GRN/Page_KDMC - CMS/a_12' is clicked on

2018-05-14 13:58:00 - [MESSAGE][PASSED] - Object: 'Object Repository/MOH AND GRN/Page_KDMC - CMS/a_12' is clicked on

2018-05-14 13:58:00 - [TEST_STEP][PASSED] - click: Object: 'Object Repository/MOH AND GRN/Page_KDMC - CMS/input_btnadd' is clicked on

2018-05-14 13:58:00 - [MESSAGE][PASSED] - Object: 'Object Repository/MOH AND GRN/Page_KDMC - CMS/input_btnadd' is clicked on

2018-05-14 13:58:00 - [TEST_STEP][PASSED] - Statement - If (s == 10): null

2018-05-14 13:58:00 - [TEST_STEP][PASSED] - Statement - Else: null

2018-05-14 13:58:00 - [TEST_STEP][PASSED] - Statement - (s++): null

2018-05-14 13:58:00 - [TEST_STEP][PASSED] - delay: Delayed 1 second(s)

2018-05-14 13:58:01 - [MESSAGE][PASSED] - Delayed 1 second(s)

2018-05-14 13:58:01 - [TEST_STEP][PASSED] - selectOptionByIndex: All options with index in [7] are selected on object 'Object Repository/MOH AND GRN/Page_KDMC - CMS/select_--Select--Amikacin -500'

2018-05-14 13:58:02 - [MESSAGE][PASSED] - All options with index in [7] are selected on object 'Object Repository/MOH AND GRN/Page_KDMC - CMS/select_--Select--Amikacin -500'

2018-05-14 13:58:02 - [TEST_STEP][PASSED] - setText: Text '5000' is set on object 'Object Repository/MOH AND GRN/Page_KDMC - CMS/input_txtqty'

2018-05-14 13:58:02 - [MESSAGE][PASSED] - Text '5000' is set on object 'Object Repository/MOH AND GRN/Page_KDMC - CMS/input_txtqty'

2018-05-14 13:58:02 - [TEST_STEP][PASSED] - selectOptionByIndex: All options with index in [1] are selected on object 'Object Repository/MOH AND GRN/Page_KDMC - CMS/select_--Select--No Tax0'

2018-05-14 13:58:02 - [MESSAGE][PASSED] - All options with index in [1] are selected on object 'Object Repository/MOH AND GRN/Page_KDMC - CMS/select_--Select--No Tax0'

2018-05-14 13:58:02 - [TEST_STEP][PASSED] - setText: Finding Test Object with id 'Object Repository/MOH AND GRN/Page_KDMC - CMS/input_txtmrp'

2018-05-14 13:58:02 - [TEST_STEP][PASSED] - Statement - switch (id): Finding Test Object with id 'Object Repository/MOH AND GRN/Page_KDMC - CMS/input_txtdeal'

2018-05-14 13:58:02 - [TEST_STEP][PASSED] - Statement - case 4:: Text '45.0' is set on object 'Object Repository/MOH AND GRN/Page_KDMC - CMS/input_txtmrp'

2018-05-14 13:58:02 - [TEST_STEP][PASSED] - Statement - return (java.lang.Math.floor((java.lang.Math.random() * ((max - min) + 1))) + min): Text '45.0' is set on object 'Object Repository/MOH AND GRN/Page_KDMC - CMS/input_txtmrp'

2018-05-14 13:58:02 - [MESSAGE][PASSED] - Text '45.0' is set on object 'Object Repository/MOH AND GRN/Page_KDMC - CMS/input_txtmrp'

2018-05-14 13:58:02 - [TEST_STEP][PASSED] - setText: Finding Test Object with id 'Object Repository/MOH AND GRN/Page_KDMC - CMS/input_txtdeal'

2018-05-14 13:58:02 - [TEST_STEP][PASSED] - Statement - switch (id): Finding Test Object with id 'Object Repository/MOH AND GRN/Page_KDMC - CMS/input_txtbatchno'

2018-05-14 13:58:02 - [TEST_STEP][PASSED] - Statement - case 5:: Text '2.0' is set on object 'Object Repository/MOH AND GRN/Page_KDMC - CMS/input_txtdeal'

2018-05-14 13:58:02 - [TEST_STEP][PASSED] - Statement - return (java.lang.Math.floor((java.lang.Math.random() * ((max - min) + 1))) + min): Text '2.0' is set on object 'Object Repository/MOH AND GRN/Page_KDMC - CMS/input_txtdeal'

2018-05-14 13:58:02 - [MESSAGE][PASSED] - Text '2.0' is set on object 'Object Repository/MOH AND GRN/Page_KDMC - CMS/input_txtdeal'

2018-05-14 13:58:02 - [TEST_STEP][PASSED] - setText: Finding Test Object with id 'Object Repository/MOH AND GRN/Page_KDMC - CMS/input_txtbatchno'

2018-05-14 13:58:02 - [TEST_STEP][PASSED] - Statement - switch (id): Finding Test Object with id 'Object Repository/MOH AND GRN/Page_KDMC - CMS/input_txtmrp'

2018-05-14 13:58:02 - [TEST_STEP][PASSED] - Statement - case 1:: Text 'BA319.0' is set on object 'Object Repository/MOH AND GRN/Page_KDMC - CMS/input_txtbatchno'

2018-05-14 13:58:02 - [TEST_STEP][PASSED] - Statement - return (java.lang.Math.floor((java.lang.Math.random() * ((max - min) + 1))) + min): Text 'BA319.0' is set on object 'Object Repository/MOH AND GRN/Page_KDMC - CMS/input_txtbatchno'

2018-05-14 13:58:02 - [MESSAGE][PASSED] - Text 'BA319.0' is set on object 'Object Repository/MOH AND GRN/Page_KDMC - CMS/input_txtbatchno'

2018-05-14 13:58:02 - [TEST_STEP][PASSED] - rightClick: Object: 'Object Repository/GRN/Page_KDMC - CMS/input_txtexpdate' is right clicked on

2018-05-14 13:58:02 - [MESSAGE][PASSED] - Object: 'Object Repository/GRN/Page_KDMC - CMS/input_txtexpdate' is right clicked on

2018-05-14 13:58:02 - [TEST_STEP][PASSED] - selectOptionByIndex: All options with index in [7] are selected on object 'Object Repository/GRN/Page_KDMC - CMS/select_20182019202020212022202'

2018-05-14 13:58:02 - [MESSAGE][PASSED] - All options with index in [7] are selected on object 'Object Repository/GRN/Page_KDMC - CMS/select_20182019202020212022202'

2018-05-14 13:58:02 - [TEST_STEP][PASSED] - selectOptionByIndex: All options with index in [7] are selected on object 'Object Repository/GRN/Page_KDMC - CMS/select_JanFebMarAprMayJunJulAu'

2018-05-14 13:58:03 - [MESSAGE][PASSED] - All options with index in [7] are selected on object 'Object Repository/GRN/Page_KDMC - CMS/select_JanFebMarAprMayJunJulAu'

2018-05-14 13:58:03 - [TEST_STEP][PASSED] - click: Object: 'Object Repository/MOH AND GRN/Page_KDMC - CMS/a_12' is clicked on

2018-05-14 13:58:03 - [MESSAGE][PASSED] - Object: 'Object Repository/MOH AND GRN/Page_KDMC - CMS/a_12' is clicked on

2018-05-14 13:58:03 - [TEST_STEP][PASSED] - click: Object: 'Object Repository/MOH AND GRN/Page_KDMC - CMS/input_btnadd' is clicked on

2018-05-14 13:58:03 - [MESSAGE][PASSED] - Object: 'Object Repository/MOH AND GRN/Page_KDMC - CMS/input_btnadd' is clicked on

2018-05-14 13:58:03 - [TEST_STEP][PASSED] - Statement - If (s == 10): null

2018-05-14 13:58:03 - [TEST_STEP][PASSED] - Statement - Else: null

2018-05-14 13:58:03 - [TEST_STEP][PASSED] - Statement - (s++): null

2018-05-14 13:58:03 - [TEST_STEP][PASSED] - delay: Delayed 1 second(s)

2018-05-14 13:58:04 - [MESSAGE][PASSED] - Delayed 1 second(s)

2018-05-14 13:58:04 - [TEST_STEP][PASSED] - selectOptionByIndex: All options with index in [8] are selected on object 'Object Repository/MOH AND GRN/Page_KDMC - CMS/select_--Select--Amikacin -500'

2018-05-14 13:58:04 - [MESSAGE][PASSED] - All options with index in [8] are selected on object 'Object Repository/MOH AND GRN/Page_KDMC - CMS/select_--Select--Amikacin -500'

2018-05-14 13:58:04 - [TEST_STEP][PASSED] - setText: Text '5000' is set on object 'Object Repository/MOH AND GRN/Page_KDMC - CMS/input_txtqty'

2018-05-14 13:58:04 - [MESSAGE][PASSED] - Text '5000' is set on object 'Object Repository/MOH AND GRN/Page_KDMC - CMS/input_txtqty'

2018-05-14 13:58:04 - [TEST_STEP][PASSED] - selectOptionByIndex: All options with index in [1] are selected on object 'Object Repository/MOH AND GRN/Page_KDMC - CMS/select_--Select--No Tax0'

2018-05-14 13:58:04 - [MESSAGE][PASSED] - All options with index in [1] are selected on object 'Object Repository/MOH AND GRN/Page_KDMC - CMS/select_--Select--No Tax0'

2018-05-14 13:58:04 - [TEST_STEP][PASSED] - setText: Finding Test Object with id 'Object Repository/MOH AND GRN/Page_KDMC - CMS/input_txtmrp'

2018-05-14 13:58:04 - [TEST_STEP][PASSED] - Statement - switch (id): Finding Test Object with id 'Object Repository/MOH AND GRN/Page_KDMC - CMS/input_txtdeal'

2018-05-14 13:58:04 - [TEST_STEP][PASSED] - Statement - case 4:: Text '22.0' is set on object 'Object Repository/MOH AND GRN/Page_KDMC - CMS/input_txtmrp'

2018-05-14 13:58:04 - [TEST_STEP][PASSED] - Statement - return (java.lang.Math.floor((java.lang.Math.random() * ((max - min) + 1))) + min): Text '22.0' is set on object 'Object Repository/MOH AND GRN/Page_KDMC - CMS/input_txtmrp'

2018-05-14 13:58:04 - [MESSAGE][PASSED] - Text '22.0' is set on object 'Object Repository/MOH AND GRN/Page_KDMC - CMS/input_txtmrp'

2018-05-14 13:58:04 - [TEST_STEP][PASSED] - setText: Finding Test Object with id 'Object Repository/MOH AND GRN/Page_KDMC - CMS/input_txtdeal'

2018-05-14 13:58:04 - [TEST_STEP][PASSED] - Statement - switch (id): Finding Test Object with id 'Object Repository/MOH AND GRN/Page_KDMC - CMS/input_txtbatchno'

2018-05-14 13:58:04 - [TEST_STEP][PASSED] - Statement - case 5:: Text '9.0' is set on object 'Object Repository/MOH AND GRN/Page_KDMC - CMS/input_txtdeal'

2018-05-14 13:58:04 - [TEST_STEP][PASSED] - Statement - return (java.lang.Math.floor((java.lang.Math.random() * ((max - min) + 1))) + min): Text '9.0' is set on object 'Object Repository/MOH AND GRN/Page_KDMC - CMS/input_txtdeal'

2018-05-14 13:58:04 - [MESSAGE][PASSED] - Text '9.0' is set on object 'Object Repository/MOH AND GRN/Page_KDMC - CMS/input_txtdeal'

2018-05-14 13:58:04 - [TEST_STEP][PASSED] - setText: Finding Test Object with id 'Object Repository/MOH AND GRN/Page_KDMC - CMS/input_txtbatchno'

2018-05-14 13:58:04 - [TEST_STEP][PASSED] - Statement - switch (id): Finding Test Object with id 'Object Repository/MOH AND GRN/Page_KDMC - CMS/input_txtmrp'

2018-05-14 13:58:04 - [TEST_STEP][PASSED] - Statement - case 1:: Text 'BA562.0' is set on object 'Object Repository/MOH AND GRN/Page_KDMC - CMS/input_txtbatchno'

2018-05-14 13:58:04 - [TEST_STEP][PASSED] - Statement - return (java.lang.Math.floor((java.lang.Math.random() * ((max - min) + 1))) + min): Text 'BA562.0' is set on object 'Object Repository/MOH AND GRN/Page_KDMC - CMS/input_txtbatchno'

2018-05-14 13:58:05 - [MESSAGE][PASSED] - Text 'BA562.0' is set on object 'Object Repository/MOH AND GRN/Page_KDMC - CMS/input_txtbatchno'

2018-05-14 13:58:05 - [TEST_STEP][PASSED] - rightClick: Object: 'Object Repository/GRN/Page_KDMC - CMS/input_txtexpdate' is right clicked on

2018-05-14 13:58:05 - [MESSAGE][PASSED] - Object: 'Object Repository/GRN/Page_KDMC - CMS/input_txtexpdate' is right clicked on

2018-05-14 13:58:05 - [TEST_STEP][PASSED] - selectOptionByIndex: All options with index in [8] are selected on object 'Object Repository/GRN/Page_KDMC - CMS/select_20182019202020212022202'

2018-05-14 13:58:05 - [MESSAGE][PASSED] - All options with index in [8] are selected on object 'Object Repository/GRN/Page_KDMC - CMS/select_20182019202020212022202'

2018-05-14 13:58:05 - [TEST_STEP][PASSED] - selectOptionByIndex: All options with index in [8] are selected on object 'Object Repository/GRN/Page_KDMC - CMS/select_JanFebMarAprMayJunJulAu'

2018-05-14 13:58:05 - [MESSAGE][PASSED] - All options with index in [8] are selected on object 'Object Repository/GRN/Page_KDMC - CMS/select_JanFebMarAprMayJunJulAu'

2018-05-14 13:58:05 - [TEST_STEP][PASSED] - click: Object: 'Object Repository/MOH AND GRN/Page_KDMC - CMS/a_12' is clicked on

2018-05-14 13:58:05 - [MESSAGE][PASSED] - Object: 'Object Repository/MOH AND GRN/Page_KDMC - CMS/a_12' is clicked on

2018-05-14 13:58:05 - [TEST_STEP][PASSED] - click: Object: 'Object Repository/MOH AND GRN/Page_KDMC - CMS/input_btnadd' is clicked on

2018-05-14 13:58:05 - [MESSAGE][PASSED] - Object: 'Object Repository/MOH AND GRN/Page_KDMC - CMS/input_btnadd' is clicked on

2018-05-14 13:58:05 - [TEST_STEP][PASSED] - Statement - If (s == 10): null

2018-05-14 13:58:05 - [TEST_STEP][PASSED] - Statement - Else: null

2018-05-14 13:58:05 - [TEST_STEP][PASSED] - Statement - (s++): null

2018-05-14 13:58:05 - [TEST_STEP][PASSED] - delay: Delayed 1 second(s)

2018-05-14 13:58:06 - [MESSAGE][PASSED] - Delayed 1 second(s)

2018-05-14 13:58:06 - [TEST_STEP][PASSED] - selectOptionByIndex: All options with index in [9] are selected on object 'Object Repository/MOH AND GRN/Page_KDMC - CMS/select_--Select--Amikacin -500'

2018-05-14 13:58:06 - [MESSAGE][PASSED] - All options with index in [9] are selected on object 'Object Repository/MOH AND GRN/Page_KDMC - CMS/select_--Select--Amikacin -500'

2018-05-14 13:58:06 - [TEST_STEP][PASSED] - setText: Text '5000' is set on object 'Object Repository/MOH AND GRN/Page_KDMC - CMS/input_txtqty'

2018-05-14 13:58:07 - [MESSAGE][PASSED] - Text '5000' is set on object 'Object Repository/MOH AND GRN/Page_KDMC - CMS/input_txtqty'

2018-05-14 13:58:07 - [TEST_STEP][PASSED] - selectOptionByIndex: All options with index in [1] are selected on object 'Object Repository/MOH AND GRN/Page_KDMC - CMS/select_--Select--No Tax0'

2018-05-14 13:58:07 - [MESSAGE][PASSED] - All options with index in [1] are selected on object 'Object Repository/MOH AND GRN/Page_KDMC - CMS/select_--Select--No Tax0'

2018-05-14 13:58:07 - [TEST_STEP][PASSED] - setText: Finding Test Object with id 'Object Repository/MOH AND GRN/Page_KDMC - CMS/input_txtmrp'

2018-05-14 13:58:07 - [TEST_STEP][PASSED] - Statement - switch (id): Finding Test Object with id 'Object Repository/MOH AND GRN/Page_KDMC - CMS/input_txtdeal'

2018-05-14 13:58:07 - [TEST_STEP][PASSED] - Statement - case 4:: Text '27.0' is set on object 'Object Repository/MOH AND GRN/Page_KDMC - CMS/input_txtmrp'

2018-05-14 13:58:07 - [TEST_STEP][PASSED] - Statement - return (java.lang.Math.floor((java.lang.Math.random() * ((max - min) + 1))) + min): Text '27.0' is set on object 'Object Repository/MOH AND GRN/Page_KDMC - CMS/input_txtmrp'

2018-05-14 13:58:07 - [MESSAGE][PASSED] - Text '27.0' is set on object 'Object Repository/MOH AND GRN/Page_KDMC - CMS/input_txtmrp'

2018-05-14 13:58:07 - [TEST_STEP][PASSED] - setText: Finding Test Object with id 'Object Repository/MOH AND GRN/Page_KDMC - CMS/input_txtdeal'

2018-05-14 13:58:07 - [TEST_STEP][PASSED] - Statement - switch (id): Finding Test Object with id 'Object Repository/MOH AND GRN/Page_KDMC - CMS/input_txtbatchno'

2018-05-14 13:58:07 - [TEST_STEP][PASSED] - Statement - case 5:: Text '8.0' is set on object 'Object Repository/MOH AND GRN/Page_KDMC - CMS/input_txtdeal'

2018-05-14 13:58:07 - [TEST_STEP][PASSED] - Statement - return (java.lang.Math.floor((java.lang.Math.random() * ((max - min) + 1))) + min): Text '8.0' is set on object 'Object Repository/MOH AND GRN/Page_KDMC - CMS/input_txtdeal'

2018-05-14 13:58:07 - [MESSAGE][PASSED] - Text '8.0' is set on object 'Object Repository/MOH AND GRN/Page_KDMC - CMS/input_txtdeal'

2018-05-14 13:58:07 - [TEST_STEP][PASSED] - setText: Finding Test Object with id 'Object Repository/MOH AND GRN/Page_KDMC - CMS/input_txtbatchno'

2018-05-14 13:58:07 - [TEST_STEP][PASSED] - Statement - switch (id): Finding Test Object with id 'Object Repository/MOH AND GRN/Page_KDMC - CMS/input_txtmrp'

2018-05-14 13:58:07 - [TEST_STEP][PASSED] - Statement - case 1:: Text 'BA652.0' is set on object 'Object Repository/MOH AND GRN/Page_KDMC - CMS/input_txtbatchno'

2018-05-14 13:58:07 - [TEST_STEP][PASSED] - Statement - return (java.lang.Math.floor((java.lang.Math.random() * ((max - min) + 1))) + min): Text 'BA652.0' is set on object 'Object Repository/MOH AND GRN/Page_KDMC - CMS/input_txtbatchno'

2018-05-14 13:58:07 - [MESSAGE][PASSED] - Text 'BA652.0' is set on object 'Object Repository/MOH AND GRN/Page_KDMC - CMS/input_txtbatchno'

2018-05-14 13:58:07 - [TEST_STEP][PASSED] - rightClick: Object: 'Object Repository/GRN/Page_KDMC - CMS/input_txtexpdate' is right clicked on

2018-05-14 13:58:07 - [MESSAGE][PASSED] - Object: 'Object Repository/GRN/Page_KDMC - CMS/input_txtexpdate' is right clicked on

2018-05-14 13:58:07 - [TEST_STEP][PASSED] - selectOptionByIndex: All options with index in [9] are selected on object 'Object Repository/GRN/Page_KDMC - CMS/select_20182019202020212022202'

2018-05-14 13:58:07 - [MESSAGE][PASSED] - All options with index in [9] are selected on object 'Object Repository/GRN/Page_KDMC - CMS/select_20182019202020212022202'

2018-05-14 13:58:07 - [TEST_STEP][PASSED] - selectOptionByIndex: All options with index in [9] are selected on object 'Object Repository/GRN/Page_KDMC - CMS/select_JanFebMarAprMayJunJulAu'

2018-05-14 13:58:08 - [MESSAGE][PASSED] - All options with index in [9] are selected on object 'Object Repository/GRN/Page_KDMC - CMS/select_JanFebMarAprMayJunJulAu'

2018-05-14 13:58:08 - [TEST_STEP][PASSED] - click: Object: 'Object Repository/MOH AND GRN/Page_KDMC - CMS/a_12' is clicked on

2018-05-14 13:58:08 - [MESSAGE][PASSED] - Object: 'Object Repository/MOH AND GRN/Page_KDMC - CMS/a_12' is clicked on

2018-05-14 13:58:08 - [TEST_STEP][PASSED] - click: Object: 'Object Repository/MOH AND GRN/Page_KDMC - CMS/input_btnadd' is clicked on

2018-05-14 13:58:08 - [MESSAGE][PASSED] - Object: 'Object Repository/MOH AND GRN/Page_KDMC - CMS/input_btnadd' is clicked on

2018-05-14 13:58:08 - [TEST_STEP][PASSED] - Statement - If (s == 10): null

2018-05-14 13:58:08 - [TEST_STEP][PASSED] - Statement - Else: null

2018-05-14 13:58:08 - [TEST_STEP][PASSED] - Statement - (s++): null

2018-05-14 13:58:08 - [TEST_STEP][PASSED] - delay: Delayed 1 second(s)

2018-05-14 13:58:09 - [MESSAGE][PASSED] - Delayed 1 second(s)

2018-05-14 13:58:09 - [TEST_STEP][PASSED] - selectOptionByIndex: All options with index in [10] are selected on object 'Object Repository/MOH AND GRN/Page_KDMC - CMS/select_--Select--Amikacin -500'

2018-05-14 13:58:09 - [MESSAGE][PASSED] - All options with index in [10] are selected on object 'Object Repository/MOH AND GRN/Page_KDMC - CMS/select_--Select--Amikacin -500'

2018-05-14 13:58:09 - [TEST_STEP][PASSED] - setText: Text '5000' is set on object 'Object Repository/MOH AND GRN/Page_KDMC - CMS/input_txtqty'

2018-05-14 13:58:09 - [MESSAGE][PASSED] - Text '5000' is set on object 'Object Repository/MOH AND GRN/Page_KDMC - CMS/input_txtqty'

2018-05-14 13:58:09 - [TEST_STEP][PASSED] - selectOptionByIndex: All options with index in [1] are selected on object 'Object Repository/MOH AND GRN/Page_KDMC - CMS/select_--Select--No Tax0'

2018-05-14 13:58:09 - [MESSAGE][PASSED] - All options with index in [1] are selected on object 'Object Repository/MOH AND GRN/Page_KDMC - CMS/select_--Select--No Tax0'

2018-05-14 13:58:09 - [TEST_STEP][PASSED] - setText: Finding Test Object with id 'Object Repository/MOH AND GRN/Page_KDMC - CMS/input_txtmrp'

2018-05-14 13:58:09 - [TEST_STEP][PASSED] - Statement - switch (id): Finding Test Object with id 'Object Repository/MOH AND GRN/Page_KDMC - CMS/input_txtdeal'

2018-05-14 13:58:09 - [TEST_STEP][PASSED] - Statement - case 4:: Text '44.0' is set on object 'Object Repository/MOH AND GRN/Page_KDMC - CMS/input_txtmrp'

2018-05-14 13:58:09 - [TEST_STEP][PASSED] - Statement - return (java.lang.Math.floor((java.lang.Math.random() * ((max - min) + 1))) + min): Text '44.0' is set on object 'Object Repository/MOH AND GRN/Page_KDMC - CMS/input_txtmrp'

2018-05-14 13:58:09 - [MESSAGE][PASSED] - Text '44.0' is set on object 'Object Repository/MOH AND GRN/Page_KDMC - CMS/input_txtmrp'

2018-05-14 13:58:09 - [TEST_STEP][PASSED] - setText: Finding Test Object with id 'Object Repository/MOH AND GRN/Page_KDMC - CMS/input_txtdeal'

2018-05-14 13:58:09 - [TEST_STEP][PASSED] - Statement - switch (id): Finding Test Object with id 'Object Repository/MOH AND GRN/Page_KDMC - CMS/input_txtbatchno'

2018-05-14 13:58:09 - [TEST_STEP][PASSED] - Statement - case 5:: Text '3.0' is set on object 'Object Repository/MOH AND GRN/Page_KDMC - CMS/input_txtdeal'

2018-05-14 13:58:09 - [TEST_STEP][PASSED] - Statement - return (java.lang.Math.floor((java.lang.Math.random() * ((max - min) + 1))) + min): Text '3.0' is set on object 'Object Repository/MOH AND GRN/Page_KDMC - CMS/input_txtdeal'

2018-05-14 13:58:09 - [MESSAGE][PASSED] - Text '3.0' is set on object 'Object Repository/MOH AND GRN/Page_KDMC - CMS/input_txtdeal'

2018-05-14 13:58:09 - [TEST_STEP][PASSED] - setText: Finding Test Object with id 'Object Repository/MOH AND GRN/Page_KDMC - CMS/input_txtbatchno'

2018-05-14 13:58:09 - [TEST_STEP][PASSED] - Statement - switch (id): Finding Test Object with id 'Object Repository/MOH AND GRN/Page_KDMC - CMS/input_txtmrp'

2018-05-14 13:58:09 - [TEST_STEP][PASSED] - Statement - case 1:: Text 'BA264.0' is set on object 'Object Repository/MOH AND GRN/Page_KDMC - CMS/input_txtbatchno'

2018-05-14 13:58:09 - [TEST_STEP][PASSED] - Statement - return (java.lang.Math.floor((java.lang.Math.random() * ((max - min) + 1))) + min): Text 'BA264.0' is set on object 'Object Repository/MOH AND GRN/Page_KDMC - CMS/input_txtbatchno'

2018-05-14 13:58:09 - [MESSAGE][PASSED] - Text 'BA264.0' is set on object 'Object Repository/MOH AND GRN/Page_KDMC - CMS/input_txtbatchno'

2018-05-14 13:58:09 - [TEST_STEP][PASSED] - rightClick: Object: 'Object Repository/GRN/Page_KDMC - CMS/input_txtexpdate' is right clicked on

2018-05-14 13:58:10 - [MESSAGE][PASSED] - Object: 'Object Repository/GRN/Page_KDMC - CMS/input_txtexpdate' is right clicked on

2018-05-14 13:58:10 - [TEST_STEP][PASSED] - selectOptionByIndex: All options with index in [10] are selected on object 'Object Repository/GRN/Page_KDMC - CMS/select_20182019202020212022202'

2018-05-14 13:58:10 - [MESSAGE][PASSED] - All options with index in [10] are selected on object 'Object Repository/GRN/Page_KDMC - CMS/select_20182019202020212022202'

2018-05-14 13:58:10 - [TEST_STEP][PASSED] - selectOptionByIndex: All options with index in [10] are selected on object 'Object Repository/GRN/Page_KDMC - CMS/select_JanFebMarAprMayJunJulAu'

2018-05-14 13:58:10 - [MESSAGE][PASSED] - All options with index in [10] are selected on object 'Object Repository/GRN/Page_KDMC - CMS/select_JanFebMarAprMayJunJulAu'

2018-05-14 13:58:10 - [TEST_STEP][PASSED] - click: Object: 'Object Repository/MOH AND GRN/Page_KDMC - CMS/a_12' is clicked on

2018-05-14 13:58:10 - [MESSAGE][PASSED] - Object: 'Object Repository/MOH AND GRN/Page_KDMC - CMS/a_12' is clicked on

2018-05-14 13:58:10 - [TEST_STEP][PASSED] - click: Object: 'Object Repository/MOH AND GRN/Page_KDMC - CMS/input_btnadd' is clicked on

2018-05-14 13:58:10 - [MESSAGE][PASSED] - Object: 'Object Repository/MOH AND GRN/Page_KDMC - CMS/input_btnadd' is clicked on

2018-05-14 13:58:10 - [TEST_STEP][PASSED] - Statement - If (s == 10): null

2018-05-14 13:58:10 - [TEST_STEP][PASSED] - Statement - s = 1: null

2018-05-14 13:58:10 - [TEST_STEP][PASSED] - delay: Delayed 1 second(s)

2018-05-14 13:58:11 - [MESSAGE][PASSED] - Delayed 1 second(s)

2018-05-14 13:58:11 - [TEST_STEP][PASSED] - selectOptionByIndex: All options with index in [11] are selected on object 'Object Repository/MOH AND GRN/Page_KDMC - CMS/select_--Select--Amikacin -500'

2018-05-14 13:58:11 - [MESSAGE][PASSED] - All options with index in [11] are selected on object 'Object Repository/MOH AND GRN/Page_KDMC - CMS/select_--Select--Amikacin -500'

2018-05-14 13:58:11 - [TEST_STEP][PASSED] - setText: Text '5000' is set on object 'Object Repository/MOH AND GRN/Page_KDMC - CMS/input_txtqty'

2018-05-14 13:58:11 - [MESSAGE][PASSED] - Text '5000' is set on object 'Object Repository/MOH AND GRN/Page_KDMC - CMS/input_txtqty'

2018-05-14 13:58:11 - [TEST_STEP][PASSED] - selectOptionByIndex: All options with index in [1] are selected on object 'Object Repository/MOH AND GRN/Page_KDMC - CMS/select_--Select--No Tax0'

2018-05-14 13:58:12 - [MESSAGE][PASSED] - All options with index in [1] are selected on object 'Object Repository/MOH AND GRN/Page_KDMC - CMS/select_--Select--No Tax0'

2018-05-14 13:58:12 - [TEST_STEP][PASSED] - setText: Finding Test Object with id 'Object Repository/MOH AND GRN/Page_KDMC - CMS/input_txtmrp'

2018-05-14 13:58:12 - [TEST_STEP][PASSED] - Statement - switch (id): Finding Test Object with id 'Object Repository/MOH AND GRN/Page_KDMC - CMS/input_txtdeal'

2018-05-14 13:58:12 - [TEST_STEP][PASSED] - Statement - case 4:: Text '36.0' is set on object 'Object Repository/MOH AND GRN/Page_KDMC - CMS/input_txtmrp'

2018-05-14 13:58:12 - [TEST_STEP][PASSED] - Statement - return (java.lang.Math.floor((java.lang.Math.random() * ((max - min) + 1))) + min): Text '36.0' is set on object 'Object Repository/MOH AND GRN/Page_KDMC - CMS/input_txtmrp'

2018-05-14 13:58:12 - [MESSAGE][PASSED] - Text '36.0' is set on object 'Object Repository/MOH AND GRN/Page_KDMC - CMS/input_txtmrp'

2018-05-14 13:58:12 - [TEST_STEP][PASSED] - setText: Finding Test Object with id 'Object Repository/MOH AND GRN/Page_KDMC - CMS/input_txtdeal'

2018-05-14 13:58:12 - [TEST_STEP][PASSED] - Statement - switch (id): Finding Test Object with id 'Object Repository/MOH AND GRN/Page_KDMC - CMS/input_txtbatchno'

2018-05-14 13:58:12 - [TEST_STEP][PASSED] - Statement - case 5:: Text '10.0' is set on object 'Object Repository/MOH AND GRN/Page_KDMC - CMS/input_txtdeal'

2018-05-14 13:58:12 - [TEST_STEP][PASSED] - Statement - return (java.lang.Math.floor((java.lang.Math.random() * ((max - min) + 1))) + min): Text '10.0' is set on object 'Object Repository/MOH AND GRN/Page_KDMC - CMS/input_txtdeal'

2018-05-14 13:58:12 - [MESSAGE][PASSED] - Text '10.0' is set on object 'Object Repository/MOH AND GRN/Page_KDMC - CMS/input_txtdeal'

2018-05-14 13:58:12 - [TEST_STEP][PASSED] - setText: Finding Test Object with id 'Object Repository/MOH AND GRN/Page_KDMC - CMS/input_txtbatchno'

2018-05-14 13:58:12 - [TEST_STEP][PASSED] - Statement - switch (id): Finding Test Object with id 'Object Repository/MOH AND GRN/Page_KDMC - CMS/input_txtmrp'

2018-05-14 13:58:12 - [TEST_STEP][PASSED] - Statement - case 1:: Text 'BA138.0' is set on object 'Object Repository/MOH AND GRN/Page_KDMC - CMS/input_txtbatchno'

2018-05-14 13:58:12 - [TEST_STEP][PASSED] - Statement - return (java.lang.Math.floor((java.lang.Math.random() * ((max - min) + 1))) + min): Text 'BA138.0' is set on object 'Object Repository/MOH AND GRN/Page_KDMC - CMS/input_txtbatchno'

2018-05-14 13:58:12 - [MESSAGE][PASSED] - Text 'BA138.0' is set on object 'Object Repository/MOH AND GRN/Page_KDMC - CMS/input_txtbatchno'

2018-05-14 13:58:12 - [TEST_STEP][PASSED] - rightClick: Object: 'Object Repository/GRN/Page_KDMC - CMS/input_txtexpdate' is right clicked on

2018-05-14 13:58:12 - [MESSAGE][PASSED] - Object: 'Object Repository/GRN/Page_KDMC - CMS/input_txtexpdate' is right clicked on

2018-05-14 13:58:12 - [TEST_STEP][PASSED] - selectOptionByIndex: All options with index in [1] are selected on object 'Object Repository/GRN/Page_KDMC - CMS/select_20182019202020212022202'

2018-05-14 13:58:12 - [MESSAGE][PASSED] - All options with index in [1] are selected on object 'Object Repository/GRN/Page_KDMC - CMS/select_20182019202020212022202'

2018-05-14 13:58:12 - [TEST_STEP][PASSED] - selectOptionByIndex: All options with index in [1] are selected on object 'Object Repository/GRN/Page_KDMC - CMS/select_JanFebMarAprMayJunJulAu'

2018-05-14 13:58:12 - [MESSAGE][PASSED] - All options with index in [1] are selected on object 'Object Repository/GRN/Page_KDMC - CMS/select_JanFebMarAprMayJunJulAu'

2018-05-14 13:58:12 - [TEST_STEP][PASSED] - click: Object: 'Object Repository/MOH AND GRN/Page_KDMC - CMS/a_12' is clicked on

2018-05-14 13:58:12 - [MESSAGE][PASSED] - Object: 'Object Repository/MOH AND GRN/Page_KDMC - CMS/a_12' is clicked on

2018-05-14 13:58:12 - [TEST_STEP][PASSED] - click: Object: 'Object Repository/MOH AND GRN/Page_KDMC - CMS/input_btnadd' is clicked on

2018-05-14 13:58:13 - [MESSAGE][PASSED] - Object: 'Object Repository/MOH AND GRN/Page_KDMC - CMS/input_btnadd' is clicked on

2018-05-14 13:58:13 - [TEST_STEP][PASSED] - Statement - If (s == 10): null

2018-05-14 13:58:13 - [TEST_STEP][PASSED] - Statement - Else: null

2018-05-14 13:58:13 - [TEST_STEP][PASSED] - Statement - (s++): null

2018-05-14 13:58:13 - [TEST_STEP][PASSED] - delay: Delayed 1 second(s)

2018-05-14 13:58:14 - [MESSAGE][PASSED] - Delayed 1 second(s)

2018-05-14 13:58:14 - [TEST_STEP][PASSED] - selectOptionByIndex: All options with index in [12] are selected on object 'Object Repository/MOH AND GRN/Page_KDMC - CMS/select_--Select--Amikacin -500'

2018-05-14 13:58:14 - [MESSAGE][PASSED] - All options with index in [12] are selected on object 'Object Repository/MOH AND GRN/Page_KDMC - CMS/select_--Select--Amikacin -500'

2018-05-14 13:58:14 - [TEST_STEP][PASSED] - setText: Text '5000' is set on object 'Object Repository/MOH AND GRN/Page_KDMC - CMS/input_txtqty'

2018-05-14 13:58:14 - [MESSAGE][PASSED] - Text '5000' is set on object 'Object Repository/MOH AND GRN/Page_KDMC - CMS/input_txtqty'

2018-05-14 13:58:14 - [TEST_STEP][PASSED] - selectOptionByIndex: All options with index in [1] are selected on object 'Object Repository/MOH AND GRN/Page_KDMC - CMS/select_--Select--No Tax0'

2018-05-14 13:58:14 - [MESSAGE][PASSED] - All options with index in [1] are selected on object 'Object Repository/MOH AND GRN/Page_KDMC - CMS/select_--Select--No Tax0'

2018-05-14 13:58:14 - [TEST_STEP][PASSED] - setText: Finding Test Object with id 'Object Repository/MOH AND GRN/Page_KDMC - CMS/input_txtmrp'

2018-05-14 13:58:14 - [TEST_STEP][PASSED] - Statement - switch (id): Finding Test Object with id 'Object Repository/MOH AND GRN/Page_KDMC - CMS/input_txtdeal'

2018-05-14 13:58:14 - [TEST_STEP][PASSED] - Statement - case 4:: Text '29.0' is set on object 'Object Repository/MOH AND GRN/Page_KDMC - CMS/input_txtmrp'

2018-05-14 13:58:14 - [TEST_STEP][PASSED] - Statement - return (java.lang.Math.floor((java.lang.Math.random() * ((max - min) + 1))) + min): Text '29.0' is set on object 'Object Repository/MOH AND GRN/Page_KDMC - CMS/input_txtmrp'

2018-05-14 13:58:14 - [MESSAGE][PASSED] - Text '29.0' is set on object 'Object Repository/MOH AND GRN/Page_KDMC - CMS/input_txtmrp'

2018-05-14 13:58:14 - [TEST_STEP][PASSED] - setText: Finding Test Object with id 'Object Repository/MOH AND GRN/Page_KDMC - CMS/input_txtdeal'

2018-05-14 13:58:14 - [TEST_STEP][PASSED] - Statement - switch (id): Finding Test Object with id 'Object Repository/MOH AND GRN/Page_KDMC - CMS/input_txtbatchno'

2018-05-14 13:58:14 - [TEST_STEP][PASSED] - Statement - case 5:: Text '7.0' is set on object 'Object Repository/MOH AND GRN/Page_KDMC - CMS/input_txtdeal'

2018-05-14 13:58:14 - [TEST_STEP][PASSED] - Statement - return (java.lang.Math.floor((java.lang.Math.random() * ((max - min) + 1))) + min): Text '7.0' is set on object 'Object Repository/MOH AND GRN/Page_KDMC - CMS/input_txtdeal'

2018-05-14 13:58:14 - [MESSAGE][PASSED] - Text '7.0' is set on object 'Object Repository/MOH AND GRN/Page_KDMC - CMS/input_txtdeal'

2018-05-14 13:58:14 - [TEST_STEP][PASSED] - setText: Finding Test Object with id 'Object Repository/MOH AND GRN/Page_KDMC - CMS/input_txtbatchno'

2018-05-14 13:58:14 - [TEST_STEP][PASSED] - Statement - switch (id): Finding Test Object with id 'Object Repository/MOH AND GRN/Page_KDMC - CMS/input_txtmrp'

2018-05-14 13:58:14 - [TEST_STEP][PASSED] - Statement - case 1:: Text 'BA437.0' is set on object 'Object Repository/MOH AND GRN/Page_KDMC - CMS/input_txtbatchno'

2018-05-14 13:58:14 - [TEST_STEP][PASSED] - Statement - return (java.lang.Math.floor((java.lang.Math.random() * ((max - min) + 1))) + min): Text 'BA437.0' is set on object 'Object Repository/MOH AND GRN/Page_KDMC - CMS/input_txtbatchno'

2018-05-14 13:58:14 - [MESSAGE][PASSED] - Text 'BA437.0' is set on object 'Object Repository/MOH AND GRN/Page_KDMC - CMS/input_txtbatchno'

2018-05-14 13:58:14 - [TEST_STEP][PASSED] - rightClick: Object: 'Object Repository/GRN/Page_KDMC - CMS/input_txtexpdate' is right clicked on

2018-05-14 13:58:14 - [MESSAGE][PASSED] - Object: 'Object Repository/GRN/Page_KDMC - CMS/input_txtexpdate' is right clicked on

2018-05-14 13:58:14 - [TEST_STEP][PASSED] - selectOptionByIndex: All options with index in [2] are selected on object 'Object Repository/GRN/Page_KDMC - CMS/select_20182019202020212022202'

2018-05-14 13:58:15 - [MESSAGE][PASSED] - All options with index in [2] are selected on object 'Object Repository/GRN/Page_KDMC - CMS/select_20182019202020212022202'

2018-05-14 13:58:15 - [TEST_STEP][PASSED] - selectOptionByIndex: All options with index in [2] are selected on object 'Object Repository/GRN/Page_KDMC - CMS/select_JanFebMarAprMayJunJulAu'

2018-05-14 13:58:15 - [MESSAGE][PASSED] - All options with index in [2] are selected on object 'Object Repository/GRN/Page_KDMC - CMS/select_JanFebMarAprMayJunJulAu'

2018-05-14 13:58:15 - [TEST_STEP][PASSED] - click: Object: 'Object Repository/MOH AND GRN/Page_KDMC - CMS/a_12' is clicked on

2018-05-14 13:58:15 - [MESSAGE][PASSED] - Object: 'Object Repository/MOH AND GRN/Page_KDMC - CMS/a_12' is clicked on

2018-05-14 13:58:15 - [TEST_STEP][PASSED] - click: Object: 'Object Repository/MOH AND GRN/Page_KDMC - CMS/input_btnadd' is clicked on

2018-05-14 13:58:15 - [MESSAGE][PASSED] - Object: 'Object Repository/MOH AND GRN/Page_KDMC - CMS/input_btnadd' is clicked on

2018-05-14 13:58:15 - [TEST_STEP][PASSED] - Statement - If (s == 10): null

2018-05-14 13:58:15 - [TEST_STEP][PASSED] - Statement - Else: null

2018-05-14 13:58:15 - [TEST_STEP][PASSED] - Statement - (s++): null

2018-05-14 13:58:15 - [TEST_STEP][PASSED] - delay: Delayed 1 second(s)

2018-05-14 13:58:16 - [MESSAGE][PASSED] - Delayed 1 second(s)

2018-05-14 13:58:16 - [TEST_STEP][PASSED] - selectOptionByIndex: All options with index in [13] are selected on object 'Object Repository/MOH AND GRN/Page_KDMC - CMS/select_--Select--Amikacin -500'

2018-05-14 13:58:16 - [MESSAGE][PASSED] - All options with index in [13] are selected on object 'Object Repository/MOH AND GRN/Page_KDMC - CMS/select_--Select--Amikacin -500'

2018-05-14 13:58:16 - [TEST_STEP][PASSED] - setText: Text '5000' is set on object 'Object Repository/MOH AND GRN/Page_KDMC - CMS/input_txtqty'

2018-05-14 13:58:16 - [MESSAGE][PASSED] - Text '5000' is set on object 'Object Repository/MOH AND GRN/Page_KDMC - CMS/input_txtqty'

2018-05-14 13:58:16 - [TEST_STEP][PASSED] - selectOptionByIndex: All options with index in [1] are selected on object 'Object Repository/MOH AND GRN/Page_KDMC - CMS/select_--Select--No Tax0'

2018-05-14 13:58:16 - [MESSAGE][PASSED] - All options with index in [1] are selected on object 'Object Repository/MOH AND GRN/Page_KDMC - CMS/select_--Select--No Tax0'

2018-05-14 13:58:16 - [TEST_STEP][PASSED] - setText: Finding Test Object with id 'Object Repository/MOH AND GRN/Page_KDMC - CMS/input_txtmrp'

2018-05-14 13:58:16 - [TEST_STEP][PASSED] - Statement - switch (id): Finding Test Object with id 'Object Repository/MOH AND GRN/Page_KDMC - CMS/input_txtdeal'

2018-05-14 13:58:16 - [TEST_STEP][PASSED] - Statement - case 4:: Text '17.0' is set on object 'Object Repository/MOH AND GRN/Page_KDMC - CMS/input_txtmrp'

2018-05-14 13:58:16 - [TEST_STEP][PASSED] - Statement - return (java.lang.Math.floor((java.lang.Math.random() * ((max - min) + 1))) + min): Text '17.0' is set on object 'Object Repository/MOH AND GRN/Page_KDMC - CMS/input_txtmrp'

2018-05-14 13:58:16 - [MESSAGE][PASSED] - Text '17.0' is set on object 'Object Repository/MOH AND GRN/Page_KDMC - CMS/input_txtmrp'

2018-05-14 13:58:16 - [TEST_STEP][PASSED] - setText: Finding Test Object with id 'Object Repository/MOH AND GRN/Page_KDMC - CMS/input_txtdeal'

2018-05-14 13:58:16 - [TEST_STEP][PASSED] - Statement - switch (id): Finding Test Object with id 'Object Repository/MOH AND GRN/Page_KDMC - CMS/input_txtbatchno'

2018-05-14 13:58:16 - [TEST_STEP][PASSED] - Statement - case 5:: Text '2.0' is set on object 'Object Repository/MOH AND GRN/Page_KDMC - CMS/input_txtdeal'

2018-05-14 13:58:16 - [TEST_STEP][PASSED] - Statement - return (java.lang.Math.floor((java.lang.Math.random() * ((max - min) + 1))) + min): Text '2.0' is set on object 'Object Repository/MOH AND GRN/Page_KDMC - CMS/input_txtdeal'

2018-05-14 13:58:17 - [MESSAGE][PASSED] - Text '2.0' is set on object 'Object Repository/MOH AND GRN/Page_KDMC - CMS/input_txtdeal'

2018-05-14 13:58:17 - [TEST_STEP][PASSED] - setText: Finding Test Object with id 'Object Repository/MOH AND GRN/Page_KDMC - CMS/input_txtbatchno'

2018-05-14 13:58:17 - [TEST_STEP][PASSED] - Statement - switch (id): Finding Test Object with id 'Object Repository/MOH AND GRN/Page_KDMC - CMS/input_txtmrp'

2018-05-14 13:58:17 - [TEST_STEP][PASSED] - Statement - case 1:: Text 'BA333.0' is set on object 'Object Repository/MOH AND GRN/Page_KDMC - CMS/input_txtbatchno'

2018-05-14 13:58:17 - [TEST_STEP][PASSED] - Statement - return (java.lang.Math.floor((java.lang.Math.random() * ((max - min) + 1))) + min): Text 'BA333.0' is set on object 'Object Repository/MOH AND GRN/Page_KDMC - CMS/input_txtbatchno'

2018-05-14 13:58:17 - [MESSAGE][PASSED] - Text 'BA333.0' is set on object 'Object Repository/MOH AND GRN/Page_KDMC - CMS/input_txtbatchno'

2018-05-14 13:58:17 - [TEST_STEP][PASSED] - rightClick: Object: 'Object Repository/GRN/Page_KDMC - CMS/input_txtexpdate' is right clicked on

2018-05-14 13:58:17 - [MESSAGE][PASSED] - Object: 'Object Repository/GRN/Page_KDMC - CMS/input_txtexpdate' is right clicked on

2018-05-14 13:58:17 - [TEST_STEP][PASSED] - selectOptionByIndex: All options with index in [3] are selected on object 'Object Repository/GRN/Page_KDMC - CMS/select_20182019202020212022202'

2018-05-14 13:58:17 - [MESSAGE][PASSED] - All options with index in [3] are selected on object 'Object Repository/GRN/Page_KDMC - CMS/select_20182019202020212022202'

2018-05-14 13:58:17 - [TEST_STEP][PASSED] - selectOptionByIndex: All options with index in [3] are selected on object 'Object Repository/GRN/Page_KDMC - CMS/select_JanFebMarAprMayJunJulAu'

2018-05-14 13:58:17 - [MESSAGE][PASSED] - All options with index in [3] are selected on object 'Object Repository/GRN/Page_KDMC - CMS/select_JanFebMarAprMayJunJulAu'

2018-05-14 13:58:17 - [TEST_STEP][PASSED] - click: Object: 'Object Repository/MOH AND GRN/Page_KDMC - CMS/a_12' is clicked on

2018-05-14 13:58:17 - [MESSAGE][PASSED] - Object: 'Object Repository/MOH AND GRN/Page_KDMC - CMS/a_12' is clicked on

2018-05-14 13:58:17 - [TEST_STEP][PASSED] - click: Object: 'Object Repository/MOH AND GRN/Page_KDMC - CMS/input_btnadd' is clicked on

2018-05-14 13:58:17 - [MESSAGE][PASSED] - Object: 'Object Repository/MOH AND GRN/Page_KDMC - CMS/input_btnadd' is clicked on

2018-05-14 13:58:17 - [TEST_STEP][PASSED] - Statement - If (s == 10): null

2018-05-14 13:58:17 - [TEST_STEP][PASSED] - Statement - Else: null

2018-05-14 13:58:17 - [TEST_STEP][PASSED] - Statement - (s++): null

2018-05-14 13:58:17 - [TEST_STEP][PASSED] - delay: Delayed 1 second(s)

2018-05-14 13:58:18 - [MESSAGE][PASSED] - Delayed 1 second(s)

2018-05-14 13:58:18 - [TEST_STEP][PASSED] - selectOptionByIndex: All options with index in [14] are selected on object 'Object Repository/MOH AND GRN/Page_KDMC - CMS/select_--Select--Amikacin -500'

2018-05-14 13:58:19 - [MESSAGE][PASSED] - All options with index in [14] are selected on object 'Object Repository/MOH AND GRN/Page_KDMC - CMS/select_--Select--Amikacin -500'

2018-05-14 13:58:19 - [TEST_STEP][PASSED] - setText: Text '5000' is set on object 'Object Repository/MOH AND GRN/Page_KDMC - CMS/input_txtqty'

2018-05-14 13:58:19 - [MESSAGE][PASSED] - Text '5000' is set on object 'Object Repository/MOH AND GRN/Page_KDMC - CMS/input_txtqty'

2018-05-14 13:58:19 - [TEST_STEP][PASSED] - selectOptionByIndex: All options with index in [1] are selected on object 'Object Repository/MOH AND GRN/Page_KDMC - CMS/select_--Select--No Tax0'

2018-05-14 13:58:19 - [MESSAGE][PASSED] - All options with index in [1] are selected on object 'Object Repository/MOH AND GRN/Page_KDMC - CMS/select_--Select--No Tax0'

2018-05-14 13:58:19 - [TEST_STEP][PASSED] - setText: Finding Test Object with id 'Object Repository/MOH AND GRN/Page_KDMC - CMS/input_txtmrp'

2018-05-14 13:58:19 - [TEST_STEP][PASSED] - Statement - switch (id): Finding Test Object with id 'Object Repository/MOH AND GRN/Page_KDMC - CMS/input_txtdeal'

2018-05-14 13:58:19 - [TEST_STEP][PASSED] - Statement - case 4:: Text '27.0' is set on object 'Object Repository/MOH AND GRN/Page_KDMC - CMS/input_txtmrp'

2018-05-14 13:58:19 - [TEST_STEP][PASSED] - Statement - return (java.lang.Math.floor((java.lang.Math.random() * ((max - min) + 1))) + min): Text '27.0' is set on object 'Object Repository/MOH AND GRN/Page_KDMC - CMS/input_txtmrp'

2018-05-14 13:58:19 - [MESSAGE][PASSED] - Text '27.0' is set on object 'Object Repository/MOH AND GRN/Page_KDMC - CMS/input_txtmrp'

2018-05-14 13:58:19 - [TEST_STEP][PASSED] - setText: Finding Test Object with id 'Object Repository/MOH AND GRN/Page_KDMC - CMS/input_txtdeal'

2018-05-14 13:58:19 - [TEST_STEP][PASSED] - Statement - switch (id): Finding Test Object with id 'Object Repository/MOH AND GRN/Page_KDMC - CMS/input_txtbatchno'

2018-05-14 13:58:19 - [TEST_STEP][PASSED] - Statement - case 5:: Text '8.0' is set on object 'Object Repository/MOH AND GRN/Page_KDMC - CMS/input_txtdeal'

2018-05-14 13:58:19 - [TEST_STEP][PASSED] - Statement - return (java.lang.Math.floor((java.lang.Math.random() * ((max - min) + 1))) + min): Text '8.0' is set on object 'Object Repository/MOH AND GRN/Page_KDMC - CMS/input_txtdeal'

2018-05-14 13:58:19 - [MESSAGE][PASSED] - Text '8.0' is set on object 'Object Repository/MOH AND GRN/Page_KDMC - CMS/input_txtdeal'

2018-05-14 13:58:19 - [TEST_STEP][PASSED] - setText: Finding Test Object with id 'Object Repository/MOH AND GRN/Page_KDMC - CMS/input_txtbatchno'

2018-05-14 13:58:19 - [TEST_STEP][PASSED] - Statement - switch (id): Finding Test Object with id 'Object Repository/MOH AND GRN/Page_KDMC - CMS/input_txtmrp'

2018-05-14 13:58:19 - [TEST_STEP][PASSED] - Statement - case 1:: Text 'BA819.0' is set on object 'Object Repository/MOH AND GRN/Page_KDMC - CMS/input_txtbatchno'

2018-05-14 13:58:19 - [TEST_STEP][PASSED] - Statement - return (java.lang.Math.floor((java.lang.Math.random() * ((max - min) + 1))) + min): Text 'BA819.0' is set on object 'Object Repository/MOH AND GRN/Page_KDMC - CMS/input_txtbatchno'

2018-05-14 13:58:19 - [MESSAGE][PASSED] - Text 'BA819.0' is set on object 'Object Repository/MOH AND GRN/Page_KDMC - CMS/input_txtbatchno'

2018-05-14 13:58:19 - [TEST_STEP][PASSED] - rightClick: Object: 'Object Repository/GRN/Page_KDMC - CMS/input_txtexpdate' is right clicked on

2018-05-14 13:58:19 - [MESSAGE][PASSED] - Object: 'Object Repository/GRN/Page_KDMC - CMS/input_txtexpdate' is right clicked on

2018-05-14 13:58:19 - [TEST_STEP][PASSED] - selectOptionByIndex: All options with index in [4] are selected on object 'Object Repository/GRN/Page_KDMC - CMS/select_20182019202020212022202'

2018-05-14 13:58:19 - [MESSAGE][PASSED] - All options with index in [4] are selected on object 'Object Repository/GRN/Page_KDMC - CMS/select_20182019202020212022202'

2018-05-14 13:58:19 - [TEST_STEP][PASSED] - selectOptionByIndex: All options with index in [4] are selected on object 'Object Repository/GRN/Page_KDMC - CMS/select_JanFebMarAprMayJunJulAu'

2018-05-14 13:58:20 - [MESSAGE][PASSED] - All options with index in [4] are selected on object 'Object Repository/GRN/Page_KDMC - CMS/select_JanFebMarAprMayJunJulAu'

2018-05-14 13:58:20 - [TEST_STEP][PASSED] - click: Object: 'Object Repository/MOH AND GRN/Page_KDMC - CMS/a_12' is clicked on

2018-05-14 13:58:20 - [MESSAGE][PASSED] - Object: 'Object Repository/MOH AND GRN/Page_KDMC - CMS/a_12' is clicked on

2018-05-14 13:58:20 - [TEST_STEP][PASSED] - click: Object: 'Object Repository/MOH AND GRN/Page_KDMC - CMS/input_btnadd' is clicked on

2018-05-14 13:58:20 - [MESSAGE][PASSED] - Object: 'Object Repository/MOH AND GRN/Page_KDMC - CMS/input_btnadd' is clicked on

2018-05-14 13:58:20 - [TEST_STEP][PASSED] - Statement - If (s == 10): null

2018-05-14 13:58:20 - [TEST_STEP][PASSED] - Statement - Else: null

2018-05-14 13:58:20 - [TEST_STEP][PASSED] - Statement - (s++): null

2018-05-14 13:58:20 - [TEST_STEP][PASSED] - delay: Delayed 1 second(s)

2018-05-14 13:58:21 - [MESSAGE][PASSED] - Delayed 1 second(s)

2018-05-14 13:58:21 - [TEST_STEP][PASSED] - selectOptionByIndex: All options with index in [15] are selected on object 'Object Repository/MOH AND GRN/Page_KDMC - CMS/select_--Select--Amikacin -500'

2018-05-14 13:58:21 - [MESSAGE][PASSED] - All options with index in [15] are selected on object 'Object Repository/MOH AND GRN/Page_KDMC - CMS/select_--Select--Amikacin -500'

2018-05-14 13:58:21 - [TEST_STEP][PASSED] - setText: Text '5000' is set on object 'Object Repository/MOH AND GRN/Page_KDMC - CMS/input_txtqty'

2018-05-14 13:58:21 - [MESSAGE][PASSED] - Text '5000' is set on object 'Object Repository/MOH AND GRN/Page_KDMC - CMS/input_txtqty'

2018-05-14 13:58:21 - [TEST_STEP][PASSED] - selectOptionByIndex: All options with index in [1] are selected on object 'Object Repository/MOH AND GRN/Page_KDMC - CMS/select_--Select--No Tax0'

2018-05-14 13:58:21 - [MESSAGE][PASSED] - All options with index in [1] are selected on object 'Object Repository/MOH AND GRN/Page_KDMC - CMS/select_--Select--No Tax0'

2018-05-14 13:58:21 - [TEST_STEP][PASSED] - setText: Finding Test Object with id 'Object Repository/MOH AND GRN/Page_KDMC - CMS/input_txtmrp'

2018-05-14 13:58:21 - [TEST_STEP][PASSED] - Statement - switch (id): Finding Test Object with id 'Object Repository/MOH AND GRN/Page_KDMC - CMS/input_txtdeal'

2018-05-14 13:58:21 - [TEST_STEP][PASSED] - Statement - case 4:: Text '20.0' is set on object 'Object Repository/MOH AND GRN/Page_KDMC - CMS/input_txtmrp'

2018-05-14 13:58:21 - [TEST_STEP][PASSED] - Statement - return (java.lang.Math.floor((java.lang.Math.random() * ((max - min) + 1))) + min): Text '20.0' is set on object 'Object Repository/MOH AND GRN/Page_KDMC - CMS/input_txtmrp'

2018-05-14 13:58:21 - [MESSAGE][PASSED] - Text '20.0' is set on object 'Object Repository/MOH AND GRN/Page_KDMC - CMS/input_txtmrp'

2018-05-14 13:58:21 - [TEST_STEP][PASSED] - setText: Finding Test Object with id 'Object Repository/MOH AND GRN/Page_KDMC - CMS/input_txtdeal'

2018-05-14 13:58:21 - [TEST_STEP][PASSED] - Statement - switch (id): Finding Test Object with id 'Object Repository/MOH AND GRN/Page_KDMC - CMS/input_txtbatchno'

2018-05-14 13:58:21 - [TEST_STEP][PASSED] - Statement - case 5:: Text '12.0' is set on object 'Object Repository/MOH AND GRN/Page_KDMC - CMS/input_txtdeal'

2018-05-14 13:58:21 - [TEST_STEP][PASSED] - Statement - return (java.lang.Math.floor((java.lang.Math.random() * ((max - min) + 1))) + min): Text '12.0' is set on object 'Object Repository/MOH AND GRN/Page_KDMC - CMS/input_txtdeal'

2018-05-14 13:58:21 - [MESSAGE][PASSED] - Text '12.0' is set on object 'Object Repository/MOH AND GRN/Page_KDMC - CMS/input_txtdeal'

2018-05-14 13:58:21 - [TEST_STEP][PASSED] - setText: Finding Test Object with id 'Object Repository/MOH AND GRN/Page_KDMC - CMS/input_txtbatchno'

2018-05-14 13:58:21 - [TEST_STEP][PASSED] - Statement - switch (id): Finding Test Object with id 'Object Repository/MOH AND GRN/Page_KDMC - CMS/input_txtmrp'

2018-05-14 13:58:21 - [TEST_STEP][PASSED] - Statement - case 1:: Text 'BA528.0' is set on object 'Object Repository/MOH AND GRN/Page_KDMC - CMS/input_txtbatchno'

2018-05-14 13:58:21 - [TEST_STEP][PASSED] - Statement - return (java.lang.Math.floor((java.lang.Math.random() * ((max - min) + 1))) + min): Text 'BA528.0' is set on object 'Object Repository/MOH AND GRN/Page_KDMC - CMS/input_txtbatchno'

2018-05-14 13:58:21 - [MESSAGE][PASSED] - Text 'BA528.0' is set on object 'Object Repository/MOH AND GRN/Page_KDMC - CMS/input_txtbatchno'

2018-05-14 13:58:21 - [TEST_STEP][PASSED] - rightClick: Object: 'Object Repository/GRN/Page_KDMC - CMS/input_txtexpdate' is right clicked on

2018-05-14 13:58:22 - [MESSAGE][PASSED] - Object: 'Object Repository/GRN/Page_KDMC - CMS/input_txtexpdate' is right clicked on

2018-05-14 13:58:22 - [TEST_STEP][PASSED] - selectOptionByIndex: All options with index in [5] are selected on object 'Object Repository/GRN/Page_KDMC - CMS/select_20182019202020212022202'

2018-05-14 13:58:22 - [MESSAGE][PASSED] - All options with index in [5] are selected on object 'Object Repository/GRN/Page_KDMC - CMS/select_20182019202020212022202'

2018-05-14 13:58:22 - [TEST_STEP][PASSED] - selectOptionByIndex: All options with index in [5] are selected on object 'Object Repository/GRN/Page_KDMC - CMS/select_JanFebMarAprMayJunJulAu'

2018-05-14 13:58:22 - [MESSAGE][PASSED] - All options with index in [5] are selected on object 'Object Repository/GRN/Page_KDMC - CMS/select_JanFebMarAprMayJunJulAu'

2018-05-14 13:58:22 - [TEST_STEP][PASSED] - click: Object: 'Object Repository/MOH AND GRN/Page_KDMC - CMS/a_12' is clicked on

2018-05-14 13:58:22 - [MESSAGE][PASSED] - Object: 'Object Repository/MOH AND GRN/Page_KDMC - CMS/a_12' is clicked on

2018-05-14 13:58:22 - [TEST_STEP][PASSED] - click: Object: 'Object Repository/MOH AND GRN/Page_KDMC - CMS/input_btnadd' is clicked on

2018-05-14 13:58:22 - [MESSAGE][PASSED] - Object: 'Object Repository/MOH AND GRN/Page_KDMC - CMS/input_btnadd' is clicked on

2018-05-14 13:58:22 - [TEST_STEP][PASSED] - Statement - If (s == 10): null

2018-05-14 13:58:22 - [TEST_STEP][PASSED] - Statement - Else: null

2018-05-14 13:58:22 - [TEST_STEP][PASSED] - Statement - (s++): null

2018-05-14 13:58:22 - [TEST_STEP][PASSED] - delay: Delayed 1 second(s)

2018-05-14 13:58:23 - [MESSAGE][PASSED] - Delayed 1 second(s)

2018-05-14 13:58:23 - [TEST_STEP][PASSED] - selectOptionByIndex: All options with index in [16] are selected on object 'Object Repository/MOH AND GRN/Page_KDMC - CMS/select_--Select--Amikacin -500'

2018-05-14 13:58:23 - [MESSAGE][PASSED] - All options with index in [16] are selected on object 'Object Repository/MOH AND GRN/Page_KDMC - CMS/select_--Select--Amikacin -500'

2018-05-14 13:58:23 - [TEST_STEP][PASSED] - setText: Text '5000' is set on object 'Object Repository/MOH AND GRN/Page_KDMC - CMS/input_txtqty'

2018-05-14 13:58:24 - [MESSAGE][PASSED] - Text '5000' is set on object 'Object Repository/MOH AND GRN/Page_KDMC - CMS/input_txtqty'

2018-05-14 13:58:24 - [TEST_STEP][PASSED] - selectOptionByIndex: All options with index in [1] are selected on object 'Object Repository/MOH AND GRN/Page_KDMC - CMS/select_--Select--No Tax0'

2018-05-14 13:58:24 - [MESSAGE][PASSED] - All options with index in [1] are selected on object 'Object Repository/MOH AND GRN/Page_KDMC - CMS/select_--Select--No Tax0'

2018-05-14 13:58:24 - [TEST_STEP][PASSED] - setText: Finding Test Object with id 'Object Repository/MOH AND GRN/Page_KDMC - CMS/input_txtmrp'

2018-05-14 13:58:24 - [TEST_STEP][PASSED] - Statement - switch (id): Finding Test Object with id 'Object Repository/MOH AND GRN/Page_KDMC - CMS/input_txtdeal'

2018-05-14 13:58:24 - [TEST_STEP][PASSED] - Statement - case 4:: Text '44.0' is set on object 'Object Repository/MOH AND GRN/Page_KDMC - CMS/input_txtmrp'

2018-05-14 13:58:24 - [TEST_STEP][PASSED] - Statement - return (java.lang.Math.floor((java.lang.Math.random() * ((max - min) + 1))) + min): Text '44.0' is set on object 'Object Repository/MOH AND GRN/Page_KDMC - CMS/input_txtmrp'

2018-05-14 13:58:24 - [MESSAGE][PASSED] - Text '44.0' is set on object 'Object Repository/MOH AND GRN/Page_KDMC - CMS/input_txtmrp'

2018-05-14 13:58:24 - [TEST_STEP][PASSED] - setText: Finding Test Object with id 'Object Repository/MOH AND GRN/Page_KDMC - CMS/input_txtdeal'

2018-05-14 13:58:24 - [TEST_STEP][PASSED] - Statement - switch (id): Finding Test Object with id 'Object Repository/MOH AND GRN/Page_KDMC - CMS/input_txtbatchno'

2018-05-14 13:58:24 - [TEST_STEP][PASSED] - Statement - case 5:: Text '1.0' is set on object 'Object Repository/MOH AND GRN/Page_KDMC - CMS/input_txtdeal'

2018-05-14 13:58:24 - [TEST_STEP][PASSED] - Statement - return (java.lang.Math.floor((java.lang.Math.random() * ((max - min) + 1))) + min): Text '1.0' is set on object 'Object Repository/MOH AND GRN/Page_KDMC - CMS/input_txtdeal'

2018-05-14 13:58:24 - [MESSAGE][PASSED] - Text '1.0' is set on object 'Object Repository/MOH AND GRN/Page_KDMC - CMS/input_txtdeal'

2018-05-14 13:58:24 - [TEST_STEP][PASSED] - setText: Finding Test Object with id 'Object Repository/MOH AND GRN/Page_KDMC - CMS/input_txtbatchno'

2018-05-14 13:58:24 - [TEST_STEP][PASSED] - Statement - switch (id): Finding Test Object with id 'Object Repository/MOH AND GRN/Page_KDMC - CMS/input_txtmrp'

2018-05-14 13:58:24 - [TEST_STEP][PASSED] - Statement - case 1:: Text 'BA807.0' is set on object 'Object Repository/MOH AND GRN/Page_KDMC - CMS/input_txtbatchno'

2018-05-14 13:58:24 - [TEST_STEP][PASSED] - Statement - return (java.lang.Math.floor((java.lang.Math.random() * ((max - min) + 1))) + min): Text 'BA807.0' is set on object 'Object Repository/MOH AND GRN/Page_KDMC - CMS/input_txtbatchno'

2018-05-14 13:58:24 - [MESSAGE][PASSED] - Text 'BA807.0' is set on object 'Object Repository/MOH AND GRN/Page_KDMC - CMS/input_txtbatchno'

2018-05-14 13:58:24 - [TEST_STEP][PASSED] - rightClick: Object: 'Object Repository/GRN/Page_KDMC - CMS/input_txtexpdate' is right clicked on

2018-05-14 13:58:24 - [MESSAGE][PASSED] - Object: 'Object Repository/GRN/Page_KDMC - CMS/input_txtexpdate' is right clicked on

2018-05-14 13:58:24 - [TEST_STEP][PASSED] - selectOptionByIndex: All options with index in [6] are selected on object 'Object Repository/GRN/Page_KDMC - CMS/select_20182019202020212022202'

2018-05-14 13:58:24 - [MESSAGE][PASSED] - All options with index in [6] are selected on object 'Object Repository/GRN/Page_KDMC - CMS/select_20182019202020212022202'

2018-05-14 13:58:24 - [TEST_STEP][PASSED] - selectOptionByIndex: All options with index in [6] are selected on object 'Object Repository/GRN/Page_KDMC - CMS/select_JanFebMarAprMayJunJulAu'

2018-05-14 13:58:24 - [MESSAGE][PASSED] - All options with index in [6] are selected on object 'Object Repository/GRN/Page_KDMC - CMS/select_JanFebMarAprMayJunJulAu'

2018-05-14 13:58:24 - [TEST_STEP][PASSED] - click: Object: 'Object Repository/MOH AND GRN/Page_KDMC - CMS/a_12' is clicked on

2018-05-14 13:58:24 - [MESSAGE][PASSED] - Object: 'Object Repository/MOH AND GRN/Page_KDMC - CMS/a_12' is clicked on

2018-05-14 13:58:24 - [TEST_STEP][PASSED] - click: Object: 'Object Repository/MOH AND GRN/Page_KDMC - CMS/input_btnadd' is clicked on

2018-05-14 13:58:25 - [MESSAGE][PASSED] - Object: 'Object Repository/MOH AND GRN/Page_KDMC - CMS/input_btnadd' is clicked on

2018-05-14 13:58:25 - [TEST_STEP][PASSED] - Statement - If (s == 10): null

2018-05-14 13:58:25 - [TEST_STEP][PASSED] - Statement - Else: null

2018-05-14 13:58:25 - [TEST_STEP][PASSED] - Statement - (s++): null

2018-05-14 13:58:25 - [TEST_STEP][PASSED] - delay: Delayed 1 second(s)

2018-05-14 13:58:26 - [MESSAGE][PASSED] - Delayed 1 second(s)

2018-05-14 13:58:26 - [TEST_STEP][PASSED] - selectOptionByIndex: All options with index in [17] are selected on object 'Object Repository/MOH AND GRN/Page_KDMC - CMS/select_--Select--Amikacin -500'

2018-05-14 13:58:26 - [MESSAGE][PASSED] - All options with index in [17] are selected on object 'Object Repository/MOH AND GRN/Page_KDMC - CMS/select_--Select--Amikacin -500'

2018-05-14 13:58:26 - [TEST_STEP][PASSED] - setText: Text '5000' is set on object 'Object Repository/MOH AND GRN/Page_KDMC - CMS/input_txtqty'

2018-05-14 13:58:26 - [MESSAGE][PASSED] - Text '5000' is set on object 'Object Repository/MOH AND GRN/Page_KDMC - CMS/input_txtqty'

2018-05-14 13:58:26 - [TEST_STEP][PASSED] - selectOptionByIndex: All options with index in [1] are selected on object 'Object Repository/MOH AND GRN/Page_KDMC - CMS/select_--Select--No Tax0'

2018-05-14 13:58:26 - [MESSAGE][PASSED] - All options with index in [1] are selected on object 'Object Repository/MOH AND GRN/Page_KDMC - CMS/select_--Select--No Tax0'

2018-05-14 13:58:26 - [TEST_STEP][PASSED] - setText: Finding Test Object with id 'Object Repository/MOH AND GRN/Page_KDMC - CMS/input_txtmrp'

2018-05-14 13:58:26 - [TEST_STEP][PASSED] - Statement - switch (id): Finding Test Object with id 'Object Repository/MOH AND GRN/Page_KDMC - CMS/input_txtdeal'

2018-05-14 13:58:26 - [TEST_STEP][PASSED] - Statement - case 4:: Text '33.0' is set on object 'Object Repository/MOH AND GRN/Page_KDMC - CMS/input_txtmrp'

2018-05-14 13:58:26 - [TEST_STEP][PASSED] - Statement - return (java.lang.Math.floor((java.lang.Math.random() * ((max - min) + 1))) + min): Text '33.0' is set on object 'Object Repository/MOH AND GRN/Page_KDMC - CMS/input_txtmrp'

2018-05-14 13:58:26 - [MESSAGE][PASSED] - Text '33.0' is set on object 'Object Repository/MOH AND GRN/Page_KDMC - CMS/input_txtmrp'

2018-05-14 13:58:26 - [TEST_STEP][PASSED] - setText: Finding Test Object with id 'Object Repository/MOH AND GRN/Page_KDMC - CMS/input_txtdeal'

2018-05-14 13:58:26 - [TEST_STEP][PASSED] - Statement - switch (id): Finding Test Object with id 'Object Repository/MOH AND GRN/Page_KDMC - CMS/input_txtbatchno'

2018-05-14 13:58:26 - [TEST_STEP][PASSED] - Statement - case 5:: Text '5.0' is set on object 'Object Repository/MOH AND GRN/Page_KDMC - CMS/input_txtdeal'

2018-05-14 13:58:26 - [TEST_STEP][PASSED] - Statement - return (java.lang.Math.floor((java.lang.Math.random() * ((max - min) + 1))) + min): Text '5.0' is set on object 'Object Repository/MOH AND GRN/Page_KDMC - CMS/input_txtdeal'

2018-05-14 13:58:26 - [MESSAGE][PASSED] - Text '5.0' is set on object 'Object Repository/MOH AND GRN/Page_KDMC - CMS/input_txtdeal'

2018-05-14 13:58:26 - [TEST_STEP][PASSED] - setText: Finding Test Object with id 'Object Repository/MOH AND GRN/Page_KDMC - CMS/input_txtbatchno'

2018-05-14 13:58:26 - [TEST_STEP][PASSED] - Statement - switch (id): Finding Test Object with id 'Object Repository/MOH AND GRN/Page_KDMC - CMS/input_txtmrp'

2018-05-14 13:58:26 - [TEST_STEP][PASSED] - Statement - case 1:: Text 'BA402.0' is set on object 'Object Repository/MOH AND GRN/Page_KDMC - CMS/input_txtbatchno'

2018-05-14 13:58:26 - [TEST_STEP][PASSED] - Statement - return (java.lang.Math.floor((java.lang.Math.random() * ((max - min) + 1))) + min): Text 'BA402.0' is set on object 'Object Repository/MOH AND GRN/Page_KDMC - CMS/input_txtbatchno'

2018-05-14 13:58:26 - [MESSAGE][PASSED] - Text 'BA402.0' is set on object 'Object Repository/MOH AND GRN/Page_KDMC - CMS/input_txtbatchno'

2018-05-14 13:58:26 - [TEST_STEP][PASSED] - rightClick: Object: 'Object Repository/GRN/Page_KDMC - CMS/input_txtexpdate' is right clicked on

2018-05-14 13:58:26 - [MESSAGE][PASSED] - Object: 'Object Repository/GRN/Page_KDMC - CMS/input_txtexpdate' is right clicked on

2018-05-14 13:58:26 - [TEST_STEP][PASSED] - selectOptionByIndex: All options with index in [7] are selected on object 'Object Repository/GRN/Page_KDMC - CMS/select_20182019202020212022202'

2018-05-14 13:58:27 - [MESSAGE][PASSED] - All options with index in [7] are selected on object 'Object Repository/GRN/Page_KDMC - CMS/select_20182019202020212022202'

2018-05-14 13:58:27 - [TEST_STEP][PASSED] - selectOptionByIndex: All options with index in [7] are selected on object 'Object Repository/GRN/Page_KDMC - CMS/select_JanFebMarAprMayJunJulAu'

2018-05-14 13:58:27 - [MESSAGE][PASSED] - All options with index in [7] are selected on object 'Object Repository/GRN/Page_KDMC - CMS/select_JanFebMarAprMayJunJulAu'

2018-05-14 13:58:27 - [TEST_STEP][PASSED] - click: Object: 'Object Repository/MOH AND GRN/Page_KDMC - CMS/a_12' is clicked on

2018-05-14 13:58:27 - [MESSAGE][PASSED] - Object: 'Object Repository/MOH AND GRN/Page_KDMC - CMS/a_12' is clicked on

2018-05-14 13:58:27 - [TEST_STEP][PASSED] - click: Object: 'Object Repository/MOH AND GRN/Page_KDMC - CMS/input_btnadd' is clicked on

2018-05-14 13:58:27 - [MESSAGE][PASSED] - Object: 'Object Repository/MOH AND GRN/Page_KDMC - CMS/input_btnadd' is clicked on

2018-05-14 13:58:27 - [TEST_STEP][PASSED] - Statement - If (s == 10): null

2018-05-14 13:58:27 - [TEST_STEP][PASSED] - Statement - Else: null

2018-05-14 13:58:27 - [TEST_STEP][PASSED] - Statement - (s++): null

2018-05-14 13:58:27 - [TEST_STEP][PASSED] - delay: Delayed 1 second(s)

2018-05-14 13:58:28 - [MESSAGE][PASSED] - Delayed 1 second(s)

2018-05-14 13:58:28 - [TEST_STEP][PASSED] - selectOptionByIndex: All options with index in [18] are selected on object 'Object Repository/MOH AND GRN/Page_KDMC - CMS/select_--Select--Amikacin -500'

2018-05-14 13:58:28 - [MESSAGE][PASSED] - All options with index in [18] are selected on object 'Object Repository/MOH AND GRN/Page_KDMC - CMS/select_--Select--Amikacin -500'

2018-05-14 13:58:28 - [TEST_STEP][PASSED] - setText: Text '5000' is set on object 'Object Repository/MOH AND GRN/Page_KDMC - CMS/input_txtqty'

2018-05-14 13:58:28 - [MESSAGE][PASSED] - Text '5000' is set on object 'Object Repository/MOH AND GRN/Page_KDMC - CMS/input_txtqty'

2018-05-14 13:58:28 - [TEST_STEP][PASSED] - selectOptionByIndex: All options with index in [1] are selected on object 'Object Repository/MOH AND GRN/Page_KDMC - CMS/select_--Select--No Tax0'

2018-05-14 13:58:29 - [MESSAGE][PASSED] - All options with index in [1] are selected on object 'Object Repository/MOH AND GRN/Page_KDMC - CMS/select_--Select--No Tax0'

2018-05-14 13:58:29 - [TEST_STEP][PASSED] - setText: Finding Test Object with id 'Object Repository/MOH AND GRN/Page_KDMC - CMS/input_txtmrp'

2018-05-14 13:58:29 - [TEST_STEP][PASSED] - Statement - switch (id): Finding Test Object with id 'Object Repository/MOH AND GRN/Page_KDMC - CMS/input_txtdeal'

2018-05-14 13:58:29 - [TEST_STEP][PASSED] - Statement - case 4:: Text '28.0' is set on object 'Object Repository/MOH AND GRN/Page_KDMC - CMS/input_txtmrp'

2018-05-14 13:58:29 - [TEST_STEP][PASSED] - Statement - return (java.lang.Math.floor((java.lang.Math.random() * ((max - min) + 1))) + min): Text '28.0' is set on object 'Object Repository/MOH AND GRN/Page_KDMC - CMS/input_txtmrp'

2018-05-14 13:58:29 - [MESSAGE][PASSED] - Text '28.0' is set on object 'Object Repository/MOH AND GRN/Page_KDMC - CMS/input_txtmrp'

2018-05-14 13:58:29 - [TEST_STEP][PASSED] - setText: Finding Test Object with id 'Object Repository/MOH AND GRN/Page_KDMC - CMS/input_txtdeal'

2018-05-14 13:58:29 - [TEST_STEP][PASSED] - Statement - switch (id): Finding Test Object with id 'Object Repository/MOH AND GRN/Page_KDMC - CMS/input_txtbatchno'

2018-05-14 13:58:29 - [TEST_STEP][PASSED] - Statement - case 5:: Text '7.0' is set on object 'Object Repository/MOH AND GRN/Page_KDMC - CMS/input_txtdeal'

2018-05-14 13:58:29 - [TEST_STEP][PASSED] - Statement - return (java.lang.Math.floor((java.lang.Math.random() * ((max - min) + 1))) + min): Text '7.0' is set on object 'Object Repository/MOH AND GRN/Page_KDMC - CMS/input_txtdeal'

2018-05-14 13:58:29 - [MESSAGE][PASSED] - Text '7.0' is set on object 'Object Repository/MOH AND GRN/Page_KDMC - CMS/input_txtdeal'

2018-05-14 13:58:29 - [TEST_STEP][PASSED] - setText: Finding Test Object with id 'Object Repository/MOH AND GRN/Page_KDMC - CMS/input_txtbatchno'

2018-05-14 13:58:29 - [TEST_STEP][PASSED] - Statement - switch (id): Finding Test Object with id 'Object Repository/MOH AND GRN/Page_KDMC - CMS/input_txtmrp'

2018-05-14 13:58:29 - [TEST_STEP][PASSED] - Statement - case 1:: Text 'BA594.0' is set on object 'Object Repository/MOH AND GRN/Page_KDMC - CMS/input_txtbatchno'

2018-05-14 13:58:29 - [TEST_STEP][PASSED] - Statement - return (java.lang.Math.floor((java.lang.Math.random() * ((max - min) + 1))) + min): Text 'BA594.0' is set on object 'Object Repository/MOH AND GRN/Page_KDMC - CMS/input_txtbatchno'

2018-05-14 13:58:29 - [MESSAGE][PASSED] - Text 'BA594.0' is set on object 'Object Repository/MOH AND GRN/Page_KDMC - CMS/input_txtbatchno'

2018-05-14 13:58:29 - [TEST_STEP][PASSED] - rightClick: Object: 'Object Repository/GRN/Page_KDMC - CMS/input_txtexpdate' is right clicked on

2018-05-14 13:58:29 - [MESSAGE][PASSED] - Object: 'Object Repository/GRN/Page_KDMC - CMS/input_txtexpdate' is right clicked on

2018-05-14 13:58:29 - [TEST_STEP][PASSED] - selectOptionByIndex: All options with index in [8] are selected on object 'Object Repository/GRN/Page_KDMC - CMS/select_20182019202020212022202'

2018-05-14 13:58:29 - [MESSAGE][PASSED] - All options with index in [8] are selected on object 'Object Repository/GRN/Page_KDMC - CMS/select_20182019202020212022202'

2018-05-14 13:58:29 - [TEST_STEP][PASSED] - selectOptionByIndex: All options with index in [8] are selected on object 'Object Repository/GRN/Page_KDMC - CMS/select_JanFebMarAprMayJunJulAu'

2018-05-14 13:58:29 - [MESSAGE][PASSED] - All options with index in [8] are selected on object 'Object Repository/GRN/Page_KDMC - CMS/select_JanFebMarAprMayJunJulAu'

2018-05-14 13:58:29 - [TEST_STEP][PASSED] - click: Object: 'Object Repository/MOH AND GRN/Page_KDMC - CMS/a_12' is clicked on

2018-05-14 13:58:30 - [MESSAGE][PASSED] - Object: 'Object Repository/MOH AND GRN/Page_KDMC - CMS/a_12' is clicked on

2018-05-14 13:58:30 - [TEST_STEP][PASSED] - click: Object: 'Object Repository/MOH AND GRN/Page_KDMC - CMS/input_btnadd' is clicked on

2018-05-14 13:58:30 - [MESSAGE][PASSED] - Object: 'Object Repository/MOH AND GRN/Page_KDMC - CMS/input_btnadd' is clicked on

2018-05-14 13:58:30 - [TEST_STEP][PASSED] - Statement - If (s == 10): null

2018-05-14 13:58:30 - [TEST_STEP][PASSED] - Statement - Else: null

2018-05-14 13:58:30 - [TEST_STEP][PASSED] - Statement - (s++): null

2018-05-14 13:58:30 - [TEST_STEP][PASSED] - delay: Delayed 1 second(s)

2018-05-14 13:58:31 - [MESSAGE][PASSED] - Delayed 1 second(s)

2018-05-14 13:58:31 - [TEST_STEP][PASSED] - selectOptionByIndex: All options with index in [19] are selected on object 'Object Repository/MOH AND GRN/Page_KDMC - CMS/select_--Select--Amikacin -500'

2018-05-14 13:58:31 - [MESSAGE][PASSED] - All options with index in [19] are selected on object 'Object Repository/MOH AND GRN/Page_KDMC - CMS/select_--Select--Amikacin -500'

2018-05-14 13:58:31 - [TEST_STEP][PASSED] - setText: Text '5000' is set on object 'Object Repository/MOH AND GRN/Page_KDMC - CMS/input_txtqty'

2018-05-14 13:58:31 - [MESSAGE][PASSED] - Text '5000' is set on object 'Object Repository/MOH AND GRN/Page_KDMC - CMS/input_txtqty'

2018-05-14 13:58:31 - [TEST_STEP][PASSED] - selectOptionByIndex: All options with index in [1] are selected on object 'Object Repository/MOH AND GRN/Page_KDMC - CMS/select_--Select--No Tax0'

2018-05-14 13:58:31 - [MESSAGE][PASSED] - All options with index in [1] are selected on object 'Object Repository/MOH AND GRN/Page_KDMC - CMS/select_--Select--No Tax0'

2018-05-14 13:58:31 - [TEST_STEP][PASSED] - setText: Finding Test Object with id 'Object Repository/MOH AND GRN/Page_KDMC - CMS/input_txtmrp'

2018-05-14 13:58:31 - [TEST_STEP][PASSED] - Statement - switch (id): Finding Test Object with id 'Object Repository/MOH AND GRN/Page_KDMC - CMS/input_txtdeal'

2018-05-14 13:58:31 - [TEST_STEP][PASSED] - Statement - case 4:: Text '41.0' is set on object 'Object Repository/MOH AND GRN/Page_KDMC - CMS/input_txtmrp'

2018-05-14 13:58:31 - [TEST_STEP][PASSED] - Statement - return (java.lang.Math.floor((java.lang.Math.random() * ((max - min) + 1))) + min): Text '41.0' is set on object 'Object Repository/MOH AND GRN/Page_KDMC - CMS/input_txtmrp'

2018-05-14 13:58:31 - [MESSAGE][PASSED] - Text '41.0' is set on object 'Object Repository/MOH AND GRN/Page_KDMC - CMS/input_txtmrp'

2018-05-14 13:58:31 - [TEST_STEP][PASSED] - setText: Finding Test Object with id 'Object Repository/MOH AND GRN/Page_KDMC - CMS/input_txtdeal'

2018-05-14 13:58:31 - [TEST_STEP][PASSED] - Statement - switch (id): Finding Test Object with id 'Object Repository/MOH AND GRN/Page_KDMC - CMS/input_txtbatchno'

2018-05-14 13:58:31 - [TEST_STEP][PASSED] - Statement - case 5:: Text '10.0' is set on object 'Object Repository/MOH AND GRN/Page_KDMC - CMS/input_txtdeal'

2018-05-14 13:58:31 - [TEST_STEP][PASSED] - Statement - return (java.lang.Math.floor((java.lang.Math.random() * ((max - min) + 1))) + min): Text '10.0' is set on object 'Object Repository/MOH AND GRN/Page_KDMC - CMS/input_txtdeal'

2018-05-14 13:58:31 - [MESSAGE][PASSED] - Text '10.0' is set on object 'Object Repository/MOH AND GRN/Page_KDMC - CMS/input_txtdeal'

2018-05-14 13:58:31 - [TEST_STEP][PASSED] - setText: Finding Test Object with id 'Object Repository/MOH AND GRN/Page_KDMC - CMS/input_txtbatchno'

2018-05-14 13:58:31 - [TEST_STEP][PASSED] - Statement - switch (id): Finding Test Object with id 'Object Repository/MOH AND GRN/Page_KDMC - CMS/input_txtmrp'

2018-05-14 13:58:31 - [TEST_STEP][PASSED] - Statement - case 1:: Text 'BA226.0' is set on object 'Object Repository/MOH AND GRN/Page_KDMC - CMS/input_txtbatchno'

2018-05-14 13:58:31 - [TEST_STEP][PASSED] - Statement - return (java.lang.Math.floor((java.lang.Math.random() * ((max - min) + 1))) + min): Text 'BA226.0' is set on object 'Object Repository/MOH AND GRN/Page_KDMC - CMS/input_txtbatchno'

2018-05-14 13:58:31 - [MESSAGE][PASSED] - Text 'BA226.0' is set on object 'Object Repository/MOH AND GRN/Page_KDMC - CMS/input_txtbatchno'

2018-05-14 13:58:31 - [TEST_STEP][PASSED] - rightClick: Object: 'Object Repository/GRN/Page_KDMC - CMS/input_txtexpdate' is right clicked on

2018-05-14 13:58:32 - [MESSAGE][PASSED] - Object: 'Object Repository/GRN/Page_KDMC - CMS/input_txtexpdate' is right clicked on

2018-05-14 13:58:32 - [TEST_STEP][PASSED] - selectOptionByIndex: All options with index in [9] are selected on object 'Object Repository/GRN/Page_KDMC - CMS/select_20182019202020212022202'

2018-05-14 13:58:32 - [MESSAGE][PASSED] - All options with index in [9] are selected on object 'Object Repository/GRN/Page_KDMC - CMS/select_20182019202020212022202'

2018-05-14 13:58:32 - [TEST_STEP][PASSED] - selectOptionByIndex: All options with index in [9] are selected on object 'Object Repository/GRN/Page_KDMC - CMS/select_JanFebMarAprMayJunJulAu'

2018-05-14 13:58:32 - [MESSAGE][PASSED] - All options with index in [9] are selected on object 'Object Repository/GRN/Page_KDMC - CMS/select_JanFebMarAprMayJunJulAu'

2018-05-14 13:58:32 - [TEST_STEP][PASSED] - click: Object: 'Object Repository/MOH AND GRN/Page_KDMC - CMS/a_12' is clicked on

2018-05-14 13:58:32 - [MESSAGE][PASSED] - Object: 'Object Repository/MOH AND GRN/Page_KDMC - CMS/a_12' is clicked on

2018-05-14 13:58:32 - [TEST_STEP][PASSED] - click: Object: 'Object Repository/MOH AND GRN/Page_KDMC - CMS/input_btnadd' is clicked on

2018-05-14 13:58:32 - [MESSAGE][PASSED] - Object: 'Object Repository/MOH AND GRN/Page_KDMC - CMS/input_btnadd' is clicked on

2018-05-14 13:58:32 - [TEST_STEP][PASSED] - Statement - If (s == 10): null

2018-05-14 13:58:32 - [TEST_STEP][PASSED] - Statement - Else: null

2018-05-14 13:58:32 - [TEST_STEP][PASSED] - Statement - (s++): null

2018-05-14 13:58:32 - [TEST_STEP][PASSED] - delay: Delayed 1 second(s)

2018-05-14 13:58:33 - [MESSAGE][PASSED] - Delayed 1 second(s)

2018-05-14 13:58:33 - [TEST_STEP][PASSED] - selectOptionByIndex: All options with index in [20] are selected on object 'Object Repository/MOH AND GRN/Page_KDMC - CMS/select_--Select--Amikacin -500'

2018-05-14 13:58:33 - [MESSAGE][PASSED] - All options with index in [20] are selected on object 'Object Repository/MOH AND GRN/Page_KDMC - CMS/select_--Select--Amikacin -500'

2018-05-14 13:58:33 - [TEST_STEP][PASSED] - setText: Text '5000' is set on object 'Object Repository/MOH AND GRN/Page_KDMC - CMS/input_txtqty'

2018-05-14 13:58:34 - [MESSAGE][PASSED] - Text '5000' is set on object 'Object Repository/MOH AND GRN/Page_KDMC - CMS/input_txtqty'

2018-05-14 13:58:34 - [TEST_STEP][PASSED] - selectOptionByIndex: All options with index in [1] are selected on object 'Object Repository/MOH AND GRN/Page_KDMC - CMS/select_--Select--No Tax0'

2018-05-14 13:58:34 - [MESSAGE][PASSED] - All options with index in [1] are selected on object 'Object Repository/MOH AND GRN/Page_KDMC - CMS/select_--Select--No Tax0'

2018-05-14 13:58:34 - [TEST_STEP][PASSED] - setText: Finding Test Object with id 'Object Repository/MOH AND GRN/Page_KDMC - CMS/input_txtmrp'

2018-05-14 13:58:34 - [TEST_STEP][PASSED] - Statement - switch (id): Finding Test Object with id 'Object Repository/MOH AND GRN/Page_KDMC - CMS/input_txtdeal'

2018-05-14 13:58:34 - [TEST_STEP][PASSED] - Statement - case 4:: Text '30.0' is set on object 'Object Repository/MOH AND GRN/Page_KDMC - CMS/input_txtmrp'

2018-05-14 13:58:34 - [TEST_STEP][PASSED] - Statement - return (java.lang.Math.floor((java.lang.Math.random() * ((max - min) + 1))) + min): Text '30.0' is set on object 'Object Repository/MOH AND GRN/Page_KDMC - CMS/input_txtmrp'

2018-05-14 13:58:34 - [MESSAGE][PASSED] - Text '30.0' is set on object 'Object Repository/MOH AND GRN/Page_KDMC - CMS/input_txtmrp'

2018-05-14 13:58:34 - [TEST_STEP][PASSED] - setText: Finding Test Object with id 'Object Repository/MOH AND GRN/Page_KDMC - CMS/input_txtdeal'

2018-05-14 13:58:34 - [TEST_STEP][PASSED] - Statement - switch (id): Finding Test Object with id 'Object Repository/MOH AND GRN/Page_KDMC - CMS/input_txtbatchno'

2018-05-14 13:58:34 - [TEST_STEP][PASSED] - Statement - case 5:: Text '12.0' is set on object 'Object Repository/MOH AND GRN/Page_KDMC - CMS/input_txtdeal'

2018-05-14 13:58:34 - [TEST_STEP][PASSED] - Statement - return (java.lang.Math.floor((java.lang.Math.random() * ((max - min) + 1))) + min): Text '12.0' is set on object 'Object Repository/MOH AND GRN/Page_KDMC - CMS/input_txtdeal'

2018-05-14 13:58:34 - [MESSAGE][PASSED] - Text '12.0' is set on object 'Object Repository/MOH AND GRN/Page_KDMC - CMS/input_txtdeal'

2018-05-14 13:58:34 - [TEST_STEP][PASSED] - setText: Finding Test Object with id 'Object Repository/MOH AND GRN/Page_KDMC - CMS/input_txtbatchno'

2018-05-14 13:58:34 - [TEST_STEP][PASSED] - Statement - switch (id): Finding Test Object with id 'Object Repository/MOH AND GRN/Page_KDMC - CMS/input_txtmrp'

2018-05-14 13:58:34 - [TEST_STEP][PASSED] - Statement - case 1:: Text 'BA412.0' is set on object 'Object Repository/MOH AND GRN/Page_KDMC - CMS/input_txtbatchno'

2018-05-14 13:58:34 - [TEST_STEP][PASSED] - Statement - return (java.lang.Math.floor((java.lang.Math.random() * ((max - min) + 1))) + min): Text 'BA412.0' is set on object 'Object Repository/MOH AND GRN/Page_KDMC - CMS/input_txtbatchno'

2018-05-14 13:58:34 - [MESSAGE][PASSED] - Text 'BA412.0' is set on object 'Object Repository/MOH AND GRN/Page_KDMC - CMS/input_txtbatchno'

2018-05-14 13:58:34 - [TEST_STEP][PASSED] - rightClick: Object: 'Object Repository/GRN/Page_KDMC - CMS/input_txtexpdate' is right clicked on

2018-05-14 13:58:34 - [MESSAGE][PASSED] - Object: 'Object Repository/GRN/Page_KDMC - CMS/input_txtexpdate' is right clicked on

2018-05-14 13:58:34 - [TEST_STEP][PASSED] - selectOptionByIndex: All options with index in [10] are selected on object 'Object Repository/GRN/Page_KDMC - CMS/select_20182019202020212022202'

2018-05-14 13:58:34 - [MESSAGE][PASSED] - All options with index in [10] are selected on object 'Object Repository/GRN/Page_KDMC - CMS/select_20182019202020212022202'

2018-05-14 13:58:34 - [TEST_STEP][PASSED] - selectOptionByIndex: All options with index in [10] are selected on object 'Object Repository/GRN/Page_KDMC - CMS/select_JanFebMarAprMayJunJulAu'

2018-05-14 13:58:35 - [MESSAGE][PASSED] - All options with index in [10] are selected on object 'Object Repository/GRN/Page_KDMC - CMS/select_JanFebMarAprMayJunJulAu'

2018-05-14 13:58:35 - [TEST_STEP][PASSED] - click: Object: 'Object Repository/MOH AND GRN/Page_KDMC - CMS/a_12' is clicked on

2018-05-14 13:58:35 - [MESSAGE][PASSED] - Object: 'Object Repository/MOH AND GRN/Page_KDMC - CMS/a_12' is clicked on

2018-05-14 13:58:35 - [TEST_STEP][PASSED] - click: Object: 'Object Repository/MOH AND GRN/Page_KDMC - CMS/input_btnadd' is clicked on

2018-05-14 13:58:35 - [MESSAGE][PASSED] - Object: 'Object Repository/MOH AND GRN/Page_KDMC - CMS/input_btnadd' is clicked on

2018-05-14 13:58:35 - [TEST_STEP][PASSED] - Statement - If (s == 10): null

2018-05-14 13:58:35 - [TEST_STEP][PASSED] - Statement - s = 1: null

2018-05-14 13:58:35 - [TEST_STEP][PASSED] - delay: Delayed 1 second(s)

2018-05-14 13:58:36 - [MESSAGE][PASSED] - Delayed 1 second(s)

2018-05-14 13:58:36 - [TEST_STEP][PASSED] - selectOptionByIndex: All options with index in [21] are selected on object 'Object Repository/MOH AND GRN/Page_KDMC - CMS/select_--Select--Amikacin -500'

2018-05-14 13:58:36 - [MESSAGE][PASSED] - All options with index in [21] are selected on object 'Object Repository/MOH AND GRN/Page_KDMC - CMS/select_--Select--Amikacin -500'

2018-05-14 13:58:36 - [TEST_STEP][PASSED] - setText: Text '5000' is set on object 'Object Repository/MOH AND GRN/Page_KDMC - CMS/input_txtqty'

2018-05-14 13:58:36 - [MESSAGE][PASSED] - Text '5000' is set on object 'Object Repository/MOH AND GRN/Page_KDMC - CMS/input_txtqty'

2018-05-14 13:58:36 - [TEST_STEP][PASSED] - selectOptionByIndex: All options with index in [1] are selected on object 'Object Repository/MOH AND GRN/Page_KDMC - CMS/select_--Select--No Tax0'

2018-05-14 13:58:36 - [MESSAGE][PASSED] - All options with index in [1] are selected on object 'Object Repository/MOH AND GRN/Page_KDMC - CMS/select_--Select--No Tax0'

2018-05-14 13:58:36 - [TEST_STEP][PASSED] - setText: Finding Test Object with id 'Object Repository/MOH AND GRN/Page_KDMC - CMS/input_txtmrp'

2018-05-14 13:58:36 - [TEST_STEP][PASSED] - Statement - switch (id): Finding Test Object with id 'Object Repository/MOH AND GRN/Page_KDMC - CMS/input_txtdeal'

2018-05-14 13:58:36 - [TEST_STEP][PASSED] - Statement - case 4:: Text '16.0' is set on object 'Object Repository/MOH AND GRN/Page_KDMC - CMS/input_txtmrp'

2018-05-14 13:58:36 - [TEST_STEP][PASSED] - Statement - return (java.lang.Math.floor((java.lang.Math.random() * ((max - min) + 1))) + min): Text '16.0' is set on object 'Object Repository/MOH AND GRN/Page_KDMC - CMS/input_txtmrp'

2018-05-14 13:58:36 - [MESSAGE][PASSED] - Text '16.0' is set on object 'Object Repository/MOH AND GRN/Page_KDMC - CMS/input_txtmrp'

2018-05-14 13:58:36 - [TEST_STEP][PASSED] - setText: Finding Test Object with id 'Object Repository/MOH AND GRN/Page_KDMC - CMS/input_txtdeal'

2018-05-14 13:58:36 - [TEST_STEP][PASSED] - Statement - switch (id): Finding Test Object with id 'Object Repository/MOH AND GRN/Page_KDMC - CMS/input_txtbatchno'

2018-05-14 13:58:36 - [TEST_STEP][PASSED] - Statement - case 5:: Text '12.0' is set on object 'Object Repository/MOH AND GRN/Page_KDMC - CMS/input_txtdeal'

2018-05-14 13:58:36 - [TEST_STEP][PASSED] - Statement - return (java.lang.Math.floor((java.lang.Math.random() * ((max - min) + 1))) + min): Text '12.0' is set on object 'Object Repository/MOH AND GRN/Page_KDMC - CMS/input_txtdeal'

2018-05-14 13:58:37 - [MESSAGE][PASSED] - Text '12.0' is set on object 'Object Repository/MOH AND GRN/Page_KDMC - CMS/input_txtdeal'

2018-05-14 13:58:37 - [TEST_STEP][PASSED] - setText: Finding Test Object with id 'Object Repository/MOH AND GRN/Page_KDMC - CMS/input_txtbatchno'

2018-05-14 13:58:37 - [TEST_STEP][PASSED] - Statement - switch (id): Finding Test Object with id 'Object Repository/MOH AND GRN/Page_KDMC - CMS/input_txtmrp'

2018-05-14 13:58:37 - [TEST_STEP][PASSED] - Statement - case 1:: Text 'BA894.0' is set on object 'Object Repository/MOH AND GRN/Page_KDMC - CMS/input_txtbatchno'

2018-05-14 13:58:37 - [TEST_STEP][PASSED] - Statement - return (java.lang.Math.floor((java.lang.Math.random() * ((max - min) + 1))) + min): Text 'BA894.0' is set on object 'Object Repository/MOH AND GRN/Page_KDMC - CMS/input_txtbatchno'

2018-05-14 13:58:37 - [MESSAGE][PASSED] - Text 'BA894.0' is set on object 'Object Repository/MOH AND GRN/Page_KDMC - CMS/input_txtbatchno'

2018-05-14 13:58:37 - [TEST_STEP][PASSED] - rightClick: Object: 'Object Repository/GRN/Page_KDMC - CMS/input_txtexpdate' is right clicked on

2018-05-14 13:58:37 - [MESSAGE][PASSED] - Object: 'Object Repository/GRN/Page_KDMC - CMS/input_txtexpdate' is right clicked on

2018-05-14 13:58:37 - [TEST_STEP][PASSED] - selectOptionByIndex: All options with index in [1] are selected on object 'Object Repository/GRN/Page_KDMC - CMS/select_20182019202020212022202'

2018-05-14 13:58:37 - [MESSAGE][PASSED] - All options with index in [1] are selected on object 'Object Repository/GRN/Page_KDMC - CMS/select_20182019202020212022202'

2018-05-14 13:58:37 - [TEST_STEP][PASSED] - selectOptionByIndex: All options with index in [1] are selected on object 'Object Repository/GRN/Page_KDMC - CMS/select_JanFebMarAprMayJunJulAu'

2018-05-14 13:58:37 - [MESSAGE][PASSED] - All options with index in [1] are selected on object 'Object Repository/GRN/Page_KDMC - CMS/select_JanFebMarAprMayJunJulAu'

2018-05-14 13:58:37 - [TEST_STEP][PASSED] - click: Object: 'Object Repository/MOH AND GRN/Page_KDMC - CMS/a_12' is clicked on

2018-05-14 13:58:37 - [MESSAGE][PASSED] - Object: 'Object Repository/MOH AND GRN/Page_KDMC - CMS/a_12' is clicked on

2018-05-14 13:58:37 - [TEST_STEP][PASSED] - click: Object: 'Object Repository/MOH AND GRN/Page_KDMC - CMS/input_btnadd' is clicked on

2018-05-14 13:58:37 - [MESSAGE][PASSED] - Object: 'Object Repository/MOH AND GRN/Page_KDMC - CMS/input_btnadd' is clicked on

2018-05-14 13:58:37 - [TEST_STEP][PASSED] - Statement - If (s == 10): null

2018-05-14 13:58:37 - [TEST_STEP][PASSED] - Statement - Else: null

2018-05-14 13:58:37 - [TEST_STEP][PASSED] - Statement - (s++): null

2018-05-14 13:58:37 - [TEST_STEP][PASSED] - delay: Delayed 1 second(s)

2018-05-14 13:58:38 - [MESSAGE][PASSED] - Delayed 1 second(s)

2018-05-14 13:58:38 - [TEST_STEP][PASSED] - selectOptionByIndex: All options with index in [22] are selected on object 'Object Repository/MOH AND GRN/Page_KDMC - CMS/select_--Select--Amikacin -500'

2018-05-14 13:58:39 - [MESSAGE][PASSED] - All options with index in [22] are selected on object 'Object Repository/MOH AND GRN/Page_KDMC - CMS/select_--Select--Amikacin -500'

2018-05-14 13:58:39 - [TEST_STEP][PASSED] - setText: Text '5000' is set on object 'Object Repository/MOH AND GRN/Page_KDMC - CMS/input_txtqty'

2018-05-14 13:58:39 - [MESSAGE][PASSED] - Text '5000' is set on object 'Object Repository/MOH AND GRN/Page_KDMC - CMS/input_txtqty'

2018-05-14 13:58:39 - [TEST_STEP][PASSED] - selectOptionByIndex: All options with index in [1] are selected on object 'Object Repository/MOH AND GRN/Page_KDMC - CMS/select_--Select--No Tax0'

2018-05-14 13:58:39 - [MESSAGE][PASSED] - All options with index in [1] are selected on object 'Object Repository/MOH AND GRN/Page_KDMC - CMS/select_--Select--No Tax0'

2018-05-14 13:58:39 - [TEST_STEP][PASSED] - setText: Finding Test Object with id 'Object Repository/MOH AND GRN/Page_KDMC - CMS/input_txtmrp'

2018-05-14 13:58:39 - [TEST_STEP][PASSED] - Statement - switch (id): Finding Test Object with id 'Object Repository/MOH AND GRN/Page_KDMC - CMS/input_txtdeal'

2018-05-14 13:58:39 - [TEST_STEP][PASSED] - Statement - case 4:: Text '21.0' is set on object 'Object Repository/MOH AND GRN/Page_KDMC - CMS/input_txtmrp'

2018-05-14 13:58:39 - [TEST_STEP][PASSED] - Statement - return (java.lang.Math.floor((java.lang.Math.random() * ((max - min) + 1))) + min): Text '21.0' is set on object 'Object Repository/MOH AND GRN/Page_KDMC - CMS/input_txtmrp'

2018-05-14 13:58:39 - [MESSAGE][PASSED] - Text '21.0' is set on object 'Object Repository/MOH AND GRN/Page_KDMC - CMS/input_txtmrp'

2018-05-14 13:58:39 - [TEST_STEP][PASSED] - setText: Finding Test Object with id 'Object Repository/MOH AND GRN/Page_KDMC - CMS/input_txtdeal'

2018-05-14 13:58:39 - [TEST_STEP][PASSED] - Statement - switch (id): Finding Test Object with id 'Object Repository/MOH AND GRN/Page_KDMC - CMS/input_txtbatchno'

2018-05-14 13:58:39 - [TEST_STEP][PASSED] - Statement - case 5:: Text '12.0' is set on object 'Object Repository/MOH AND GRN/Page_KDMC - CMS/input_txtdeal'

2018-05-14 13:58:39 - [TEST_STEP][PASSED] - Statement - return (java.lang.Math.floor((java.lang.Math.random() * ((max - min) + 1))) + min): Text '12.0' is set on object 'Object Repository/MOH AND GRN/Page_KDMC - CMS/input_txtdeal'

2018-05-14 13:58:39 - [MESSAGE][PASSED] - Text '12.0' is set on object 'Object Repository/MOH AND GRN/Page_KDMC - CMS/input_txtdeal'

2018-05-14 13:58:39 - [TEST_STEP][PASSED] - setText: Finding Test Object with id 'Object Repository/MOH AND GRN/Page_KDMC - CMS/input_txtbatchno'

2018-05-14 13:58:39 - [TEST_STEP][PASSED] - Statement - switch (id): Finding Test Object with id 'Object Repository/MOH AND GRN/Page_KDMC - CMS/input_txtmrp'

2018-05-14 13:58:39 - [TEST_STEP][PASSED] - Statement - case 1:: Text 'BA942.0' is set on object 'Object Repository/MOH AND GRN/Page_KDMC - CMS/input_txtbatchno'

2018-05-14 13:58:39 - [TEST_STEP][PASSED] - Statement - return (java.lang.Math.floor((java.lang.Math.random() * ((max - min) + 1))) + min): Text 'BA942.0' is set on object 'Object Repository/MOH AND GRN/Page_KDMC - CMS/input_txtbatchno'

2018-05-14 13:58:39 - [MESSAGE][PASSED] - Text 'BA942.0' is set on object 'Object Repository/MOH AND GRN/Page_KDMC - CMS/input_txtbatchno'

2018-05-14 13:58:39 - [TEST_STEP][PASSED] - rightClick: Object: 'Object Repository/GRN/Page_KDMC - CMS/input_txtexpdate' is right clicked on

2018-05-14 13:58:39 - [MESSAGE][PASSED] - Object: 'Object Repository/GRN/Page_KDMC - CMS/input_txtexpdate' is right clicked on

2018-05-14 13:58:39 - [TEST_STEP][PASSED] - selectOptionByIndex: All options with index in [2] are selected on object 'Object Repository/GRN/Page_KDMC - CMS/select_20182019202020212022202'

2018-05-14 13:58:39 - [MESSAGE][PASSED] - All options with index in [2] are selected on object 'Object Repository/GRN/Page_KDMC - CMS/select_20182019202020212022202'

2018-05-14 13:58:39 - [TEST_STEP][PASSED] - selectOptionByIndex: All options with index in [2] are selected on object 'Object Repository/GRN/Page_KDMC - CMS/select_JanFebMarAprMayJunJulAu'

2018-05-14 13:58:39 - [MESSAGE][PASSED] - All options with index in [2] are selected on object 'Object Repository/GRN/Page_KDMC - CMS/select_JanFebMarAprMayJunJulAu'

2018-05-14 13:58:39 - [TEST_STEP][PASSED] - click: Object: 'Object Repository/MOH AND GRN/Page_KDMC - CMS/a_12' is clicked on

2018-05-14 13:58:40 - [MESSAGE][PASSED] - Object: 'Object Repository/MOH AND GRN/Page_KDMC - CMS/a_12' is clicked on

2018-05-14 13:58:40 - [TEST_STEP][PASSED] - click: Object: 'Object Repository/MOH AND GRN/Page_KDMC - CMS/input_btnadd' is clicked on

2018-05-14 13:58:40 - [MESSAGE][PASSED] - Object: 'Object Repository/MOH AND GRN/Page_KDMC - CMS/input_btnadd' is clicked on

2018-05-14 13:58:40 - [TEST_STEP][PASSED] - Statement - If (s == 10): null

2018-05-14 13:58:40 - [TEST_STEP][PASSED] - Statement - Else: null

2018-05-14 13:58:40 - [TEST_STEP][PASSED] - Statement - (s++): null

2018-05-14 13:58:40 - [TEST_STEP][PASSED] - delay: Delayed 1 second(s)

2018-05-14 13:58:41 - [MESSAGE][PASSED] - Delayed 1 second(s)

2018-05-14 13:58:41 - [TEST_STEP][PASSED] - selectOptionByIndex: All options with index in [23] are selected on object 'Object Repository/MOH AND GRN/Page_KDMC - CMS/select_--Select--Amikacin -500'

2018-05-14 13:58:41 - [MESSAGE][PASSED] - All options with index in [23] are selected on object 'Object Repository/MOH AND GRN/Page_KDMC - CMS/select_--Select--Amikacin -500'

2018-05-14 13:58:41 - [TEST_STEP][PASSED] - setText: Text '5000' is set on object 'Object Repository/MOH AND GRN/Page_KDMC - CMS/input_txtqty'

2018-05-14 13:58:41 - [MESSAGE][PASSED] - Text '5000' is set on object 'Object Repository/MOH AND GRN/Page_KDMC - CMS/input_txtqty'

2018-05-14 13:58:41 - [TEST_STEP][PASSED] - selectOptionByIndex: All options with index in [1] are selected on object 'Object Repository/MOH AND GRN/Page_KDMC - CMS/select_--Select--No Tax0'

2018-05-14 13:58:41 - [MESSAGE][PASSED] - All options with index in [1] are selected on object 'Object Repository/MOH AND GRN/Page_KDMC - CMS/select_--Select--No Tax0'

2018-05-14 13:58:41 - [TEST_STEP][PASSED] - setText: Finding Test Object with id 'Object Repository/MOH AND GRN/Page_KDMC - CMS/input_txtmrp'

2018-05-14 13:58:41 - [TEST_STEP][PASSED] - Statement - switch (id): Finding Test Object with id 'Object Repository/MOH AND GRN/Page_KDMC - CMS/input_txtdeal'

2018-05-14 13:58:41 - [TEST_STEP][PASSED] - Statement - case 4:: Text '44.0' is set on object 'Object Repository/MOH AND GRN/Page_KDMC - CMS/input_txtmrp'

2018-05-14 13:58:41 - [TEST_STEP][PASSED] - Statement - return (java.lang.Math.floor((java.lang.Math.random() * ((max - min) + 1))) + min): Text '44.0' is set on object 'Object Repository/MOH AND GRN/Page_KDMC - CMS/input_txtmrp'

2018-05-14 13:58:41 - [MESSAGE][PASSED] - Text '44.0' is set on object 'Object Repository/MOH AND GRN/Page_KDMC - CMS/input_txtmrp'

2018-05-14 13:58:41 - [TEST_STEP][PASSED] - setText: Finding Test Object with id 'Object Repository/MOH AND GRN/Page_KDMC - CMS/input_txtdeal'

2018-05-14 13:58:41 - [TEST_STEP][PASSED] - Statement - switch (id): Finding Test Object with id 'Object Repository/MOH AND GRN/Page_KDMC - CMS/input_txtbatchno'

2018-05-14 13:58:41 - [TEST_STEP][PASSED] - Statement - case 5:: Text '1.0' is set on object 'Object Repository/MOH AND GRN/Page_KDMC - CMS/input_txtdeal'

2018-05-14 13:58:41 - [TEST_STEP][PASSED] - Statement - return (java.lang.Math.floor((java.lang.Math.random() * ((max - min) + 1))) + min): Text '1.0' is set on object 'Object Repository/MOH AND GRN/Page_KDMC - CMS/input_txtdeal'

2018-05-14 13:58:41 - [MESSAGE][PASSED] - Text '1.0' is set on object 'Object Repository/MOH AND GRN/Page_KDMC - CMS/input_txtdeal'

2018-05-14 13:58:41 - [TEST_STEP][PASSED] - setText: Finding Test Object with id 'Object Repository/MOH AND GRN/Page_KDMC - CMS/input_txtbatchno'

2018-05-14 13:58:41 - [TEST_STEP][PASSED] - Statement - switch (id): Delayed 1 second(s)

2018-05-14 13:58:41 - [TEST_STEP][PASSED] - Statement - case 1:: Text 'BA16.0' is set on object 'Object Repository/MOH AND GRN/Page_KDMC - CMS/input_txtbatchno'

2018-05-14 13:58:41 - [TEST_STEP][PASSED] - Statement - return (java.lang.Math.floor((java.lang.Math.random() * ((max - min) + 1))) + min): Text 'BA16.0' is set on object 'Object Repository/MOH AND GRN/Page_KDMC - CMS/input_txtbatchno'

2018-05-14 13:58:42 - [MESSAGE][PASSED] - Text 'BA16.0' is set on object 'Object Repository/MOH AND GRN/Page_KDMC - CMS/input_txtbatchno'

2018-05-14 13:58:42 - [TEST_STEP][PASSED] - rightClick: Object: 'Object Repository/GRN/Page_KDMC - CMS/input_txtexpdate' is right clicked on

2018-05-14 13:58:42 - [MESSAGE][PASSED] - Object: 'Object Repository/GRN/Page_KDMC - CMS/input_txtexpdate' is right clicked on

2018-05-14 13:58:42 - [TEST_STEP][PASSED] - selectOptionByIndex: All options with index in [3] are selected on object 'Object Repository/GRN/Page_KDMC - CMS/select_20182019202020212022202'

2018-05-14 13:58:42 - [MESSAGE][PASSED] - All options with index in [3] are selected on object 'Object Repository/GRN/Page_KDMC - CMS/select_20182019202020212022202'

2018-05-14 13:58:42 - [TEST_STEP][PASSED] - selectOptionByIndex: All options with index in [3] are selected on object 'Object Repository/GRN/Page_KDMC - CMS/select_JanFebMarAprMayJunJulAu'

2018-05-14 13:58:42 - [MESSAGE][PASSED] - All options with index in [3] are selected on object 'Object Repository/GRN/Page_KDMC - CMS/select_JanFebMarAprMayJunJulAu'

2018-05-14 13:58:42 - [TEST_STEP][PASSED] - click: Object: 'Object Repository/MOH AND GRN/Page_KDMC - CMS/a_12' is clicked on

2018-05-14 13:58:42 - [MESSAGE][PASSED] - Object: 'Object Repository/MOH AND GRN/Page_KDMC - CMS/a_12' is clicked on

2018-05-14 13:58:42 - [TEST_STEP][PASSED] - click: Object: 'Object Repository/MOH AND GRN/Page_KDMC - CMS/input_btnadd' is clicked on

2018-05-14 13:58:42 - [MESSAGE][PASSED] - Object: 'Object Repository/MOH AND GRN/Page_KDMC - CMS/input_btnadd' is clicked on

2018-05-14 13:58:42 - [TEST_STEP][PASSED] - Statement - If (s == 10): null

2018-05-14 13:58:42 - [TEST_STEP][PASSED] - Statement - Else: null

2018-05-14 13:58:42 - [TEST_STEP][PASSED] - Statement - (s++): null

2018-05-14 13:58:42 - [TEST_STEP][PASSED] - delay: Delayed 1 second(s)

2018-05-14 13:58:43 - [MESSAGE][PASSED] - Delayed 1 second(s)

2018-05-14 13:58:43 - [TEST_STEP][PASSED] - scrollToElement: Scroll to object 'Object Repository/MOH AND GRN/Page_KDMC - CMS/input_btnSubmit' successfully

2018-05-14 13:58:43 - [MESSAGE][PASSED] - Scroll to object 'Object Repository/MOH AND GRN/Page_KDMC - CMS/input_btnSubmit' successfully

2018-05-14 13:58:43 - [TEST_STEP][PASSED] - click: Object: 'Object Repository/MOH AND GRN/Page_KDMC - CMS/input_btnSubmit' is clicked on

2018-05-14 13:58:43 - [MESSAGE][PASSED] - Object: 'Object Repository/MOH AND GRN/Page_KDMC - CMS/input_btnSubmit' is clicked on

2018-05-14 13:58:43 - [TEST_STEP][PASSED] - delay: Delayed 3 second(s)

2018-05-14 13:58:46 - [MESSAGE][PASSED] - Delayed 3 second(s)

2018-05-14 13:58:46 - [TEST_STEP][PASSED] - click: Object: 'Object Repository/MOH AND GRN/Page_KDMC - CMS/button_OK' is clicked on

2018-05-14 13:58:47 - [MESSAGE][PASSED] - Object: 'Object Repository/MOH AND GRN/Page_KDMC - CMS/button_OK' is clicked on

2018-05-14 13:58:47 - [TEST_STEP][PASSED] - delay: Delayed 2 second(s)

2018-05-14 13:58:49 - [MESSAGE][PASSED] - Delayed 2 second(s)

2018-05-14 13:58:49 - [TEST_STEP][PASSED] - delay: Delayed 3 second(s)

2018-05-14 13:58:52 - [MESSAGE][PASSED] - Delayed 3 second(s)

2018-05-14 13:58:52 - [TEST_STEP][PASSED] - click: Object: 'Object Repository/MOH AND GRN/Page_KDMC - CMS/a_dropdown-toggle' is clicked on

2018-05-14 13:58:52 - [MESSAGE][PASSED] - Object: 'Object Repository/MOH AND GRN/Page_KDMC - CMS/a_dropdown-toggle' is clicked on

2018-05-14 13:58:52 - [TEST_STEP][PASSED] - click: Object: 'Object Repository/MOH AND GRN/Page_KDMC - CMS/a_Sign out' is clicked on

2018-05-14 13:58:53 - [MESSAGE][PASSED] - Object: 'Object Repository/MOH AND GRN/Page_KDMC - CMS/a_Sign out' is clicked on

2018-05-14 13:58:53 - [TEST_STEP][PASSED] - closeBrowser: Browser is closed

2018-05-14 13:58:53 - [MESSAGE][PASSED] - Browser is closed]]></system-out>
         <system-err><![CDATA[]]></system-err>
      </testcase>
      <testcase name="Test Cases/TEST/MOH REQUEST AND GRN/Moh Request GRN  Schedule 8" classname="Test Cases/TEST/MOH REQUEST AND GRN/Moh Request GRN  Schedule 8" status="PASSED">
         <system-out><![CDATA[2018-05-14 13:58:53 - [TEST_CASE][PASSED] - Test Cases/TEST/MOH REQUEST AND GRN/Moh Request GRN  Schedule 8: Test Cases/TEST/MOH REQUEST AND GRN/Moh Request GRN  Schedule 8

2018-05-14 13:58:54 - [TEST_STEP][PASSED] - openBrowser: Browser is opened with url: ''

2018-05-14 13:58:56 - [MESSAGE][PASSED] - Browser is opened with url: ''

2018-05-14 13:58:56 - [TEST_STEP][PASSED] - navigateToUrl: Navigate to 'http://192.168.137.1/multihospital_new/' successfully

2018-05-14 13:58:58 - [MESSAGE][PASSED] - Navigate to 'http://192.168.137.1/multihospital_new/' successfully

2018-05-14 13:58:58 - [TEST_STEP][PASSED] - maximizeWindow: Current window maximized

2018-05-14 13:58:59 - [MESSAGE][PASSED] - Current window maximized

2018-05-14 13:58:59 - [TEST_STEP][PASSED] - click: Object: 'Object Repository/MOH AND GRN/Page_KDMC/a_CMS' is clicked on

2018-05-14 13:59:00 - [MESSAGE][PASSED] - Object: 'Object Repository/MOH AND GRN/Page_KDMC/a_CMS' is clicked on

2018-05-14 13:59:00 - [TEST_STEP][PASSED] - setText: Text 'bala' is set on object 'Object Repository/MOH AND GRN/Page_CMS login/input_txtusername'

2018-05-14 13:59:00 - [MESSAGE][PASSED] - Text 'bala' is set on object 'Object Repository/MOH AND GRN/Page_CMS login/input_txtusername'

2018-05-14 13:59:00 - [TEST_STEP][PASSED] - setText: Text '123' is set on object 'Object Repository/MOH AND GRN/Page_CMS login/input_txtpassword'

2018-05-14 13:59:00 - [MESSAGE][PASSED] - Text '123' is set on object 'Object Repository/MOH AND GRN/Page_CMS login/input_txtpassword'

2018-05-14 13:59:00 - [TEST_STEP][PASSED] - delay: Delayed 3 second(s)

2018-05-14 13:59:03 - [MESSAGE][PASSED] - Delayed 3 second(s)

2018-05-14 13:59:03 - [TEST_STEP][PASSED] - click: Object: 'Object Repository/MOH AND GRN/Page_CMS login/button_Sign in' is clicked on

2018-05-14 13:59:04 - [MESSAGE][PASSED] - Object: 'Object Repository/MOH AND GRN/Page_CMS login/button_Sign in' is clicked on

2018-05-14 13:59:04 - [TEST_STEP][PASSED] - click: Object: 'Object Repository/MOH AND GRN/Page_KDMC - CMS/a_Request to MOH' is clicked on

2018-05-14 13:59:05 - [MESSAGE][PASSED] - Object: 'Object Repository/MOH AND GRN/Page_KDMC - CMS/a_Request to MOH' is clicked on

2018-05-14 13:59:05 - [TEST_STEP][PASSED] - selectOptionByIndex: All options with index in [2] are selected on object 'Object Repository/MOH AND GRN/Page_KDMC - CMS/select_--Select--'

2018-05-14 13:59:05 - [MESSAGE][PASSED] - All options with index in [2] are selected on object 'Object Repository/MOH AND GRN/Page_KDMC - CMS/select_--Select--'

2018-05-14 13:59:05 - [TEST_STEP][PASSED] - selectOptionByIndex: All options with index in [8] are selected on object 'Object Repository/MOH AND GRN/Page_KDMC - CMS/select_--Select--Schedule 1Inj'

2018-05-14 13:59:05 - [MESSAGE][PASSED] - All options with index in [8] are selected on object 'Object Repository/MOH AND GRN/Page_KDMC - CMS/select_--Select--Schedule 1Inj'

2018-05-14 13:59:05 - [TEST_STEP][PASSED] - Statement - selectedoptions = com.kms.katalon.core.webui.keyword.WebUiBuiltInKeywords.getNumberOfTotalOption(com.kms.katalon.core.testobject.ObjectRepository.findTestObject(MOH AND GRN/Page_KDMC - CMS/select_--Select--Adernaline 0.)): 18 options of object 'Object Repository/MOH AND GRN/Page_KDMC - CMS/select_--Select--Adernaline 0.' counted

2018-05-14 13:59:05 - [MESSAGE][PASSED] - 18 options of object 'Object Repository/MOH AND GRN/Page_KDMC - CMS/select_--Select--Adernaline 0.' counted

2018-05-14 13:59:05 - [TEST_STEP][PASSED] - Statement - For ([j = 1, j <= selectedoptions - 1, (j++)]): Object: 'Object Repository/MOH AND GRN/Page_KDMC - CMS/button_Add' is clicked on

2018-05-14 13:59:05 - [TEST_STEP][PASSED] - selectOptionByIndex: All options with index in [8] are selected on object 'Object Repository/MOH AND GRN/Page_KDMC - CMS/select_--Select--Schedule 1Inj'

2018-05-14 13:59:05 - [MESSAGE][PASSED] - All options with index in [8] are selected on object 'Object Repository/MOH AND GRN/Page_KDMC - CMS/select_--Select--Schedule 1Inj'

2018-05-14 13:59:05 - [TEST_STEP][PASSED] - selectOptionByIndex: All options with index in [1] are selected on object 'Object Repository/MOH AND GRN/Page_KDMC - CMS/select_--Select--Adernaline 0.'

2018-05-14 13:59:05 - [MESSAGE][PASSED] - All options with index in [1] are selected on object 'Object Repository/MOH AND GRN/Page_KDMC - CMS/select_--Select--Adernaline 0.'

2018-05-14 13:59:05 - [TEST_STEP][PASSED] - setText: Text '5000' is set on object 'Object Repository/MOH AND GRN/Page_KDMC - CMS/input_txttreat'

2018-05-14 13:59:06 - [MESSAGE][PASSED] - Text '5000' is set on object 'Object Repository/MOH AND GRN/Page_KDMC - CMS/input_txttreat'

2018-05-14 13:59:06 - [TEST_STEP][PASSED] - click: Object: 'Object Repository/MOH AND GRN/Page_KDMC - CMS/button_Add' is clicked on

2018-05-14 13:59:06 - [MESSAGE][PASSED] - Object: 'Object Repository/MOH AND GRN/Page_KDMC - CMS/button_Add' is clicked on

2018-05-14 13:59:06 - [TEST_STEP][PASSED] - selectOptionByIndex: All options with index in [8] are selected on object 'Object Repository/MOH AND GRN/Page_KDMC - CMS/select_--Select--Schedule 1Inj'

2018-05-14 13:59:06 - [MESSAGE][PASSED] - All options with index in [8] are selected on object 'Object Repository/MOH AND GRN/Page_KDMC - CMS/select_--Select--Schedule 1Inj'

2018-05-14 13:59:06 - [TEST_STEP][PASSED] - selectOptionByIndex: All options with index in [2] are selected on object 'Object Repository/MOH AND GRN/Page_KDMC - CMS/select_--Select--Adernaline 0.'

2018-05-14 13:59:06 - [MESSAGE][PASSED] - All options with index in [2] are selected on object 'Object Repository/MOH AND GRN/Page_KDMC - CMS/select_--Select--Adernaline 0.'

2018-05-14 13:59:06 - [TEST_STEP][PASSED] - setText: Text '5000' is set on object 'Object Repository/MOH AND GRN/Page_KDMC - CMS/input_txttreat'

2018-05-14 13:59:06 - [MESSAGE][PASSED] - Text '5000' is set on object 'Object Repository/MOH AND GRN/Page_KDMC - CMS/input_txttreat'

2018-05-14 13:59:06 - [TEST_STEP][PASSED] - click: Object: 'Object Repository/MOH AND GRN/Page_KDMC - CMS/button_Add' is clicked on

2018-05-14 13:59:06 - [MESSAGE][PASSED] - Object: 'Object Repository/MOH AND GRN/Page_KDMC - CMS/button_Add' is clicked on

2018-05-14 13:59:06 - [TEST_STEP][PASSED] - selectOptionByIndex: All options with index in [8] are selected on object 'Object Repository/MOH AND GRN/Page_KDMC - CMS/select_--Select--Schedule 1Inj'

2018-05-14 13:59:06 - [MESSAGE][PASSED] - All options with index in [8] are selected on object 'Object Repository/MOH AND GRN/Page_KDMC - CMS/select_--Select--Schedule 1Inj'

2018-05-14 13:59:06 - [TEST_STEP][PASSED] - selectOptionByIndex: All options with index in [3] are selected on object 'Object Repository/MOH AND GRN/Page_KDMC - CMS/select_--Select--Adernaline 0.'

2018-05-14 13:59:07 - [MESSAGE][PASSED] - All options with index in [3] are selected on object 'Object Repository/MOH AND GRN/Page_KDMC - CMS/select_--Select--Adernaline 0.'

2018-05-14 13:59:07 - [TEST_STEP][PASSED] - setText: Text '5000' is set on object 'Object Repository/MOH AND GRN/Page_KDMC - CMS/input_txttreat'

2018-05-14 13:59:07 - [MESSAGE][PASSED] - Text '5000' is set on object 'Object Repository/MOH AND GRN/Page_KDMC - CMS/input_txttreat'

2018-05-14 13:59:07 - [TEST_STEP][PASSED] - click: Object: 'Object Repository/MOH AND GRN/Page_KDMC - CMS/button_Add' is clicked on

2018-05-14 13:59:07 - [MESSAGE][PASSED] - Object: 'Object Repository/MOH AND GRN/Page_KDMC - CMS/button_Add' is clicked on

2018-05-14 13:59:07 - [TEST_STEP][PASSED] - selectOptionByIndex: All options with index in [8] are selected on object 'Object Repository/MOH AND GRN/Page_KDMC - CMS/select_--Select--Schedule 1Inj'

2018-05-14 13:59:07 - [MESSAGE][PASSED] - All options with index in [8] are selected on object 'Object Repository/MOH AND GRN/Page_KDMC - CMS/select_--Select--Schedule 1Inj'

2018-05-14 13:59:07 - [TEST_STEP][PASSED] - selectOptionByIndex: All options with index in [4] are selected on object 'Object Repository/MOH AND GRN/Page_KDMC - CMS/select_--Select--Adernaline 0.'

2018-05-14 13:59:07 - [MESSAGE][PASSED] - All options with index in [4] are selected on object 'Object Repository/MOH AND GRN/Page_KDMC - CMS/select_--Select--Adernaline 0.'

2018-05-14 13:59:07 - [TEST_STEP][PASSED] - setText: Text '5000' is set on object 'Object Repository/MOH AND GRN/Page_KDMC - CMS/input_txttreat'

2018-05-14 13:59:07 - [MESSAGE][PASSED] - Text '5000' is set on object 'Object Repository/MOH AND GRN/Page_KDMC - CMS/input_txttreat'

2018-05-14 13:59:07 - [TEST_STEP][PASSED] - click: Object: 'Object Repository/MOH AND GRN/Page_KDMC - CMS/button_Add' is clicked on

2018-05-14 13:59:07 - [MESSAGE][PASSED] - Object: 'Object Repository/MOH AND GRN/Page_KDMC - CMS/button_Add' is clicked on

2018-05-14 13:59:07 - [TEST_STEP][PASSED] - selectOptionByIndex: All options with index in [8] are selected on object 'Object Repository/MOH AND GRN/Page_KDMC - CMS/select_--Select--Schedule 1Inj'

2018-05-14 13:59:07 - [MESSAGE][PASSED] - All options with index in [8] are selected on object 'Object Repository/MOH AND GRN/Page_KDMC - CMS/select_--Select--Schedule 1Inj'

2018-05-14 13:59:07 - [TEST_STEP][PASSED] - selectOptionByIndex: All options with index in [5] are selected on object 'Object Repository/MOH AND GRN/Page_KDMC - CMS/select_--Select--Adernaline 0.'

2018-05-14 13:59:08 - [MESSAGE][PASSED] - All options with index in [5] are selected on object 'Object Repository/MOH AND GRN/Page_KDMC - CMS/select_--Select--Adernaline 0.'

2018-05-14 13:59:08 - [TEST_STEP][PASSED] - setText: Text '5000' is set on object 'Object Repository/MOH AND GRN/Page_KDMC - CMS/input_txttreat'

2018-05-14 13:59:08 - [MESSAGE][PASSED] - Text '5000' is set on object 'Object Repository/MOH AND GRN/Page_KDMC - CMS/input_txttreat'

2018-05-14 13:59:08 - [TEST_STEP][PASSED] - click: Object: 'Object Repository/MOH AND GRN/Page_KDMC - CMS/button_Add' is clicked on

2018-05-14 13:59:08 - [MESSAGE][PASSED] - Object: 'Object Repository/MOH AND GRN/Page_KDMC - CMS/button_Add' is clicked on

2018-05-14 13:59:08 - [TEST_STEP][PASSED] - selectOptionByIndex: All options with index in [8] are selected on object 'Object Repository/MOH AND GRN/Page_KDMC - CMS/select_--Select--Schedule 1Inj'

2018-05-14 13:59:08 - [MESSAGE][PASSED] - All options with index in [8] are selected on object 'Object Repository/MOH AND GRN/Page_KDMC - CMS/select_--Select--Schedule 1Inj'

2018-05-14 13:59:08 - [TEST_STEP][PASSED] - selectOptionByIndex: All options with index in [6] are selected on object 'Object Repository/MOH AND GRN/Page_KDMC - CMS/select_--Select--Adernaline 0.'

2018-05-14 13:59:08 - [MESSAGE][PASSED] - All options with index in [6] are selected on object 'Object Repository/MOH AND GRN/Page_KDMC - CMS/select_--Select--Adernaline 0.'

2018-05-14 13:59:08 - [TEST_STEP][PASSED] - setText: Text '5000' is set on object 'Object Repository/MOH AND GRN/Page_KDMC - CMS/input_txttreat'

2018-05-14 13:59:08 - [MESSAGE][PASSED] - Text '5000' is set on object 'Object Repository/MOH AND GRN/Page_KDMC - CMS/input_txttreat'

2018-05-14 13:59:08 - [TEST_STEP][PASSED] - click: Object: 'Object Repository/MOH AND GRN/Page_KDMC - CMS/button_Add' is clicked on

2018-05-14 13:59:08 - [MESSAGE][PASSED] - Object: 'Object Repository/MOH AND GRN/Page_KDMC - CMS/button_Add' is clicked on

2018-05-14 13:59:08 - [TEST_STEP][PASSED] - selectOptionByIndex: All options with index in [8] are selected on object 'Object Repository/MOH AND GRN/Page_KDMC - CMS/select_--Select--Schedule 1Inj'

2018-05-14 13:59:09 - [MESSAGE][PASSED] - All options with index in [8] are selected on object 'Object Repository/MOH AND GRN/Page_KDMC - CMS/select_--Select--Schedule 1Inj'

2018-05-14 13:59:09 - [TEST_STEP][PASSED] - selectOptionByIndex: All options with index in [7] are selected on object 'Object Repository/MOH AND GRN/Page_KDMC - CMS/select_--Select--Adernaline 0.'

2018-05-14 13:59:09 - [MESSAGE][PASSED] - All options with index in [7] are selected on object 'Object Repository/MOH AND GRN/Page_KDMC - CMS/select_--Select--Adernaline 0.'

2018-05-14 13:59:09 - [TEST_STEP][PASSED] - setText: Text '5000' is set on object 'Object Repository/MOH AND GRN/Page_KDMC - CMS/input_txttreat'

2018-05-14 13:59:09 - [MESSAGE][PASSED] - Text '5000' is set on object 'Object Repository/MOH AND GRN/Page_KDMC - CMS/input_txttreat'

2018-05-14 13:59:09 - [TEST_STEP][PASSED] - click: Object: 'Object Repository/MOH AND GRN/Page_KDMC - CMS/button_Add' is clicked on

2018-05-14 13:59:09 - [MESSAGE][PASSED] - Object: 'Object Repository/MOH AND GRN/Page_KDMC - CMS/button_Add' is clicked on

2018-05-14 13:59:09 - [TEST_STEP][PASSED] - selectOptionByIndex: All options with index in [8] are selected on object 'Object Repository/MOH AND GRN/Page_KDMC - CMS/select_--Select--Schedule 1Inj'

2018-05-14 13:59:09 - [MESSAGE][PASSED] - All options with index in [8] are selected on object 'Object Repository/MOH AND GRN/Page_KDMC - CMS/select_--Select--Schedule 1Inj'

2018-05-14 13:59:09 - [TEST_STEP][PASSED] - selectOptionByIndex: All options with index in [8] are selected on object 'Object Repository/MOH AND GRN/Page_KDMC - CMS/select_--Select--Adernaline 0.'

2018-05-14 13:59:09 - [MESSAGE][PASSED] - All options with index in [8] are selected on object 'Object Repository/MOH AND GRN/Page_KDMC - CMS/select_--Select--Adernaline 0.'

2018-05-14 13:59:09 - [TEST_STEP][PASSED] - setText: Text '5000' is set on object 'Object Repository/MOH AND GRN/Page_KDMC - CMS/input_txttreat'

2018-05-14 13:59:10 - [MESSAGE][PASSED] - Text '5000' is set on object 'Object Repository/MOH AND GRN/Page_KDMC - CMS/input_txttreat'

2018-05-14 13:59:10 - [TEST_STEP][PASSED] - click: Object: 'Object Repository/MOH AND GRN/Page_KDMC - CMS/button_Add' is clicked on

2018-05-14 13:59:10 - [MESSAGE][PASSED] - Object: 'Object Repository/MOH AND GRN/Page_KDMC - CMS/button_Add' is clicked on

2018-05-14 13:59:10 - [TEST_STEP][PASSED] - selectOptionByIndex: All options with index in [8] are selected on object 'Object Repository/MOH AND GRN/Page_KDMC - CMS/select_--Select--Schedule 1Inj'

2018-05-14 13:59:10 - [MESSAGE][PASSED] - All options with index in [8] are selected on object 'Object Repository/MOH AND GRN/Page_KDMC - CMS/select_--Select--Schedule 1Inj'

2018-05-14 13:59:10 - [TEST_STEP][PASSED] - selectOptionByIndex: All options with index in [9] are selected on object 'Object Repository/MOH AND GRN/Page_KDMC - CMS/select_--Select--Adernaline 0.'

2018-05-14 13:59:10 - [MESSAGE][PASSED] - All options with index in [9] are selected on object 'Object Repository/MOH AND GRN/Page_KDMC - CMS/select_--Select--Adernaline 0.'

2018-05-14 13:59:10 - [TEST_STEP][PASSED] - setText: Text '5000' is set on object 'Object Repository/MOH AND GRN/Page_KDMC - CMS/input_txttreat'

2018-05-14 13:59:10 - [MESSAGE][PASSED] - Text '5000' is set on object 'Object Repository/MOH AND GRN/Page_KDMC - CMS/input_txttreat'

2018-05-14 13:59:10 - [TEST_STEP][PASSED] - click: Object: 'Object Repository/MOH AND GRN/Page_KDMC - CMS/button_Add' is clicked on

2018-05-14 13:59:10 - [MESSAGE][PASSED] - Object: 'Object Repository/MOH AND GRN/Page_KDMC - CMS/button_Add' is clicked on

2018-05-14 13:59:10 - [TEST_STEP][PASSED] - selectOptionByIndex: All options with index in [8] are selected on object 'Object Repository/MOH AND GRN/Page_KDMC - CMS/select_--Select--Schedule 1Inj'

2018-05-14 13:59:10 - [MESSAGE][PASSED] - All options with index in [8] are selected on object 'Object Repository/MOH AND GRN/Page_KDMC - CMS/select_--Select--Schedule 1Inj'

2018-05-14 13:59:10 - [TEST_STEP][PASSED] - selectOptionByIndex: All options with index in [10] are selected on object 'Object Repository/MOH AND GRN/Page_KDMC - CMS/select_--Select--Adernaline 0.'

2018-05-14 13:59:11 - [MESSAGE][PASSED] - All options with index in [10] are selected on object 'Object Repository/MOH AND GRN/Page_KDMC - CMS/select_--Select--Adernaline 0.'

2018-05-14 13:59:11 - [TEST_STEP][PASSED] - setText: Text '5000' is set on object 'Object Repository/MOH AND GRN/Page_KDMC - CMS/input_txttreat'

2018-05-14 13:59:11 - [MESSAGE][PASSED] - Text '5000' is set on object 'Object Repository/MOH AND GRN/Page_KDMC - CMS/input_txttreat'

2018-05-14 13:59:11 - [TEST_STEP][PASSED] - click: Object: 'Object Repository/MOH AND GRN/Page_KDMC - CMS/button_Add' is clicked on

2018-05-14 13:59:11 - [MESSAGE][PASSED] - Object: 'Object Repository/MOH AND GRN/Page_KDMC - CMS/button_Add' is clicked on

2018-05-14 13:59:11 - [TEST_STEP][PASSED] - selectOptionByIndex: All options with index in [8] are selected on object 'Object Repository/MOH AND GRN/Page_KDMC - CMS/select_--Select--Schedule 1Inj'

2018-05-14 13:59:11 - [MESSAGE][PASSED] - All options with index in [8] are selected on object 'Object Repository/MOH AND GRN/Page_KDMC - CMS/select_--Select--Schedule 1Inj'

2018-05-14 13:59:11 - [TEST_STEP][PASSED] - selectOptionByIndex: All options with index in [11] are selected on object 'Object Repository/MOH AND GRN/Page_KDMC - CMS/select_--Select--Adernaline 0.'

2018-05-14 13:59:11 - [MESSAGE][PASSED] - All options with index in [11] are selected on object 'Object Repository/MOH AND GRN/Page_KDMC - CMS/select_--Select--Adernaline 0.'

2018-05-14 13:59:11 - [TEST_STEP][PASSED] - setText: Text '5000' is set on object 'Object Repository/MOH AND GRN/Page_KDMC - CMS/input_txttreat'

2018-05-14 13:59:11 - [MESSAGE][PASSED] - Text '5000' is set on object 'Object Repository/MOH AND GRN/Page_KDMC - CMS/input_txttreat'

2018-05-14 13:59:11 - [TEST_STEP][PASSED] - click: Object: 'Object Repository/MOH AND GRN/Page_KDMC - CMS/button_Add' is clicked on

2018-05-14 13:59:11 - [MESSAGE][PASSED] - Object: 'Object Repository/MOH AND GRN/Page_KDMC - CMS/button_Add' is clicked on

2018-05-14 13:59:11 - [TEST_STEP][PASSED] - selectOptionByIndex: All options with index in [8] are selected on object 'Object Repository/MOH AND GRN/Page_KDMC - CMS/select_--Select--Schedule 1Inj'

2018-05-14 13:59:11 - [MESSAGE][PASSED] - All options with index in [8] are selected on object 'Object Repository/MOH AND GRN/Page_KDMC - CMS/select_--Select--Schedule 1Inj'

2018-05-14 13:59:11 - [TEST_STEP][PASSED] - selectOptionByIndex: All options with index in [12] are selected on object 'Object Repository/MOH AND GRN/Page_KDMC - CMS/select_--Select--Adernaline 0.'

2018-05-14 13:59:12 - [MESSAGE][PASSED] - All options with index in [12] are selected on object 'Object Repository/MOH AND GRN/Page_KDMC - CMS/select_--Select--Adernaline 0.'

2018-05-14 13:59:12 - [TEST_STEP][PASSED] - setText: Text '5000' is set on object 'Object Repository/MOH AND GRN/Page_KDMC - CMS/input_txttreat'

2018-05-14 13:59:12 - [MESSAGE][PASSED] - Text '5000' is set on object 'Object Repository/MOH AND GRN/Page_KDMC - CMS/input_txttreat'

2018-05-14 13:59:12 - [TEST_STEP][PASSED] - click: Object: 'Object Repository/MOH AND GRN/Page_KDMC - CMS/button_Add' is clicked on

2018-05-14 13:59:12 - [MESSAGE][PASSED] - Object: 'Object Repository/MOH AND GRN/Page_KDMC - CMS/button_Add' is clicked on

2018-05-14 13:59:12 - [TEST_STEP][PASSED] - selectOptionByIndex: All options with index in [8] are selected on object 'Object Repository/MOH AND GRN/Page_KDMC - CMS/select_--Select--Schedule 1Inj'

2018-05-14 13:59:12 - [MESSAGE][PASSED] - All options with index in [8] are selected on object 'Object Repository/MOH AND GRN/Page_KDMC - CMS/select_--Select--Schedule 1Inj'

2018-05-14 13:59:12 - [TEST_STEP][PASSED] - selectOptionByIndex: All options with index in [13] are selected on object 'Object Repository/MOH AND GRN/Page_KDMC - CMS/select_--Select--Adernaline 0.'

2018-05-14 13:59:12 - [MESSAGE][PASSED] - All options with index in [13] are selected on object 'Object Repository/MOH AND GRN/Page_KDMC - CMS/select_--Select--Adernaline 0.'

2018-05-14 13:59:12 - [TEST_STEP][PASSED] - setText: Text '5000' is set on object 'Object Repository/MOH AND GRN/Page_KDMC - CMS/input_txttreat'

2018-05-14 13:59:12 - [MESSAGE][PASSED] - Text '5000' is set on object 'Object Repository/MOH AND GRN/Page_KDMC - CMS/input_txttreat'

2018-05-14 13:59:12 - [TEST_STEP][PASSED] - click: Object: 'Object Repository/MOH AND GRN/Page_KDMC - CMS/button_Add' is clicked on

2018-05-14 13:59:12 - [MESSAGE][PASSED] - Object: 'Object Repository/MOH AND GRN/Page_KDMC - CMS/button_Add' is clicked on

2018-05-14 13:59:12 - [TEST_STEP][PASSED] - selectOptionByIndex: All options with index in [8] are selected on object 'Object Repository/MOH AND GRN/Page_KDMC - CMS/select_--Select--Schedule 1Inj'

2018-05-14 13:59:13 - [MESSAGE][PASSED] - All options with index in [8] are selected on object 'Object Repository/MOH AND GRN/Page_KDMC - CMS/select_--Select--Schedule 1Inj'

2018-05-14 13:59:13 - [TEST_STEP][PASSED] - selectOptionByIndex: All options with index in [14] are selected on object 'Object Repository/MOH AND GRN/Page_KDMC - CMS/select_--Select--Adernaline 0.'

2018-05-14 13:59:13 - [MESSAGE][PASSED] - All options with index in [14] are selected on object 'Object Repository/MOH AND GRN/Page_KDMC - CMS/select_--Select--Adernaline 0.'

2018-05-14 13:59:13 - [TEST_STEP][PASSED] - setText: Text '5000' is set on object 'Object Repository/MOH AND GRN/Page_KDMC - CMS/input_txttreat'

2018-05-14 13:59:13 - [MESSAGE][PASSED] - Text '5000' is set on object 'Object Repository/MOH AND GRN/Page_KDMC - CMS/input_txttreat'

2018-05-14 13:59:13 - [TEST_STEP][PASSED] - click: Object: 'Object Repository/MOH AND GRN/Page_KDMC - CMS/button_Add' is clicked on

2018-05-14 13:59:13 - [MESSAGE][PASSED] - Object: 'Object Repository/MOH AND GRN/Page_KDMC - CMS/button_Add' is clicked on

2018-05-14 13:59:13 - [TEST_STEP][PASSED] - selectOptionByIndex: All options with index in [8] are selected on object 'Object Repository/MOH AND GRN/Page_KDMC - CMS/select_--Select--Schedule 1Inj'

2018-05-14 13:59:13 - [MESSAGE][PASSED] - All options with index in [8] are selected on object 'Object Repository/MOH AND GRN/Page_KDMC - CMS/select_--Select--Schedule 1Inj'

2018-05-14 13:59:13 - [TEST_STEP][PASSED] - selectOptionByIndex: All options with index in [15] are selected on object 'Object Repository/MOH AND GRN/Page_KDMC - CMS/select_--Select--Adernaline 0.'

2018-05-14 13:59:14 - [MESSAGE][PASSED] - All options with index in [15] are selected on object 'Object Repository/MOH AND GRN/Page_KDMC - CMS/select_--Select--Adernaline 0.'

2018-05-14 13:59:14 - [TEST_STEP][PASSED] - setText: Text '5000' is set on object 'Object Repository/MOH AND GRN/Page_KDMC - CMS/input_txttreat'

2018-05-14 13:59:14 - [MESSAGE][PASSED] - Text '5000' is set on object 'Object Repository/MOH AND GRN/Page_KDMC - CMS/input_txttreat'

2018-05-14 13:59:14 - [TEST_STEP][PASSED] - click: Object: 'Object Repository/MOH AND GRN/Page_KDMC - CMS/button_Add' is clicked on

2018-05-14 13:59:14 - [MESSAGE][PASSED] - Object: 'Object Repository/MOH AND GRN/Page_KDMC - CMS/button_Add' is clicked on

2018-05-14 13:59:14 - [TEST_STEP][PASSED] - selectOptionByIndex: All options with index in [8] are selected on object 'Object Repository/MOH AND GRN/Page_KDMC - CMS/select_--Select--Schedule 1Inj'

2018-05-14 13:59:14 - [MESSAGE][PASSED] - All options with index in [8] are selected on object 'Object Repository/MOH AND GRN/Page_KDMC - CMS/select_--Select--Schedule 1Inj'

2018-05-14 13:59:14 - [TEST_STEP][PASSED] - selectOptionByIndex: All options with index in [16] are selected on object 'Object Repository/MOH AND GRN/Page_KDMC - CMS/select_--Select--Adernaline 0.'

2018-05-14 13:59:14 - [MESSAGE][PASSED] - All options with index in [16] are selected on object 'Object Repository/MOH AND GRN/Page_KDMC - CMS/select_--Select--Adernaline 0.'

2018-05-14 13:59:14 - [TEST_STEP][PASSED] - setText: Text '5000' is set on object 'Object Repository/MOH AND GRN/Page_KDMC - CMS/input_txttreat'

2018-05-14 13:59:14 - [MESSAGE][PASSED] - Text '5000' is set on object 'Object Repository/MOH AND GRN/Page_KDMC - CMS/input_txttreat'

2018-05-14 13:59:14 - [TEST_STEP][PASSED] - click: Object: 'Object Repository/MOH AND GRN/Page_KDMC - CMS/button_Add' is clicked on

2018-05-14 13:59:14 - [MESSAGE][PASSED] - Object: 'Object Repository/MOH AND GRN/Page_KDMC - CMS/button_Add' is clicked on

2018-05-14 13:59:14 - [TEST_STEP][PASSED] - selectOptionByIndex: All options with index in [8] are selected on object 'Object Repository/MOH AND GRN/Page_KDMC - CMS/select_--Select--Schedule 1Inj'

2018-05-14 13:59:15 - [MESSAGE][PASSED] - All options with index in [8] are selected on object 'Object Repository/MOH AND GRN/Page_KDMC - CMS/select_--Select--Schedule 1Inj'

2018-05-14 13:59:15 - [TEST_STEP][PASSED] - selectOptionByIndex: All options with index in [17] are selected on object 'Object Repository/MOH AND GRN/Page_KDMC - CMS/select_--Select--Adernaline 0.'

2018-05-14 13:59:15 - [MESSAGE][PASSED] - All options with index in [17] are selected on object 'Object Repository/MOH AND GRN/Page_KDMC - CMS/select_--Select--Adernaline 0.'

2018-05-14 13:59:15 - [TEST_STEP][PASSED] - setText: Text '5000' is set on object 'Object Repository/MOH AND GRN/Page_KDMC - CMS/input_txttreat'

2018-05-14 13:59:15 - [MESSAGE][PASSED] - Text '5000' is set on object 'Object Repository/MOH AND GRN/Page_KDMC - CMS/input_txttreat'

2018-05-14 13:59:15 - [TEST_STEP][PASSED] - click: Object: 'Object Repository/MOH AND GRN/Page_KDMC - CMS/button_Add' is clicked on

2018-05-14 13:59:15 - [MESSAGE][PASSED] - Object: 'Object Repository/MOH AND GRN/Page_KDMC - CMS/button_Add' is clicked on

2018-05-14 13:59:15 - [TEST_STEP][PASSED] - scrollToElement: Scroll to object 'Object Repository/MOH AND GRN/Page_KDMC - CMS/input_btnsave' successfully

2018-05-14 13:59:15 - [MESSAGE][PASSED] - Scroll to object 'Object Repository/MOH AND GRN/Page_KDMC - CMS/input_btnsave' successfully

2018-05-14 13:59:15 - [TEST_STEP][PASSED] - click: Object: 'Object Repository/MOH AND GRN/Page_KDMC - CMS/input_btnsave' is clicked on

2018-05-14 13:59:15 - [MESSAGE][PASSED] - Object: 'Object Repository/MOH AND GRN/Page_KDMC - CMS/input_btnsave' is clicked on

2018-05-14 13:59:15 - [TEST_STEP][PASSED] - delay: Delayed 3 second(s)

2018-05-14 13:59:18 - [MESSAGE][PASSED] - Delayed 3 second(s)

2018-05-14 13:59:18 - [TEST_STEP][PASSED] - Statement - Request1 = com.kms.katalon.core.webui.keyword.WebUiBuiltInKeywords.getText(com.kms.katalon.core.testobject.ObjectRepository.findTestObject(MOH AND GRN/Page_KDMC - CMS/font_PRNO0505201876)): Text of object 'Object Repository/MOH AND GRN/Page_KDMC - CMS/font_PRNO0505201876' is: 'PRNO/14052018/240'

2018-05-14 13:59:18 - [MESSAGE][PASSED] - Text of object 'Object Repository/MOH AND GRN/Page_KDMC - CMS/font_PRNO0505201876' is: 'PRNO/14052018/240'

2018-05-14 13:59:18 - [TEST_STEP][PASSED] - Statement - out.println("Length OF The Medicine " + Request1): null

2018-05-14 13:59:18 - [TEST_STEP][PASSED] - Statement - RequestNUmber = Request1.split("/")[2].trim(): null

2018-05-14 13:59:18 - [TEST_STEP][PASSED] - Statement - out.println("ID IS " + RequestNUmber): null

2018-05-14 13:59:18 - [TEST_STEP][PASSED] - delay: Delayed 3 second(s)

2018-05-14 13:59:21 - [MESSAGE][PASSED] - Delayed 3 second(s)

2018-05-14 13:59:21 - [TEST_STEP][PASSED] - click: Object: 'Object Repository/MOH AND GRN/Page_KDMC - CMS/button_OK' is clicked on

2018-05-14 13:59:22 - [MESSAGE][PASSED] - Object: 'Object Repository/MOH AND GRN/Page_KDMC - CMS/button_OK' is clicked on

2018-05-14 13:59:22 - [TEST_STEP][PASSED] - click: Object: 'Object Repository/MOH AND GRN/Page_KDMC - CMS/a_dropdown-toggle' is clicked on

2018-05-14 13:59:24 - [MESSAGE][PASSED] - Object: 'Object Repository/MOH AND GRN/Page_KDMC - CMS/a_dropdown-toggle' is clicked on

2018-05-14 13:59:24 - [TEST_STEP][PASSED] - click: Object: 'Object Repository/MOH AND GRN/Page_KDMC - CMS/a_Sign out' is clicked on

2018-05-14 13:59:24 - [MESSAGE][PASSED] - Object: 'Object Repository/MOH AND GRN/Page_KDMC - CMS/a_Sign out' is clicked on

2018-05-14 13:59:24 - [TEST_STEP][PASSED] - delay: Delayed 4 second(s)

2018-05-14 13:59:28 - [MESSAGE][PASSED] - Delayed 4 second(s)

2018-05-14 13:59:28 - [TEST_STEP][PASSED] - click: Object: 'Object Repository/MOH AND GRN/Page_KDMC/a_Admin Master' is clicked on

2018-05-14 13:59:29 - [MESSAGE][PASSED] - Object: 'Object Repository/MOH AND GRN/Page_KDMC/a_Admin Master' is clicked on

2018-05-14 13:59:29 - [TEST_STEP][PASSED] - setText: Text 'admin' is set on object 'Object Repository/MOH AND GRN/Page_Admin login/input_txtusername'

2018-05-14 13:59:29 - [MESSAGE][PASSED] - Text 'admin' is set on object 'Object Repository/MOH AND GRN/Page_Admin login/input_txtusername'

2018-05-14 13:59:29 - [TEST_STEP][PASSED] - setText: Text 'admin123' is set on object 'Object Repository/MOH AND GRN/Page_Admin login/input_txtpassword'

2018-05-14 13:59:29 - [MESSAGE][PASSED] - Text 'admin123' is set on object 'Object Repository/MOH AND GRN/Page_Admin login/input_txtpassword'

2018-05-14 13:59:29 - [TEST_STEP][PASSED] - delay: Delayed 3 second(s)

2018-05-14 13:59:32 - [MESSAGE][PASSED] - Delayed 3 second(s)

2018-05-14 13:59:32 - [TEST_STEP][PASSED] - click: Object: 'Object Repository/MOH AND GRN/Page_Admin login/button_Sign in' is clicked on

2018-05-14 13:59:33 - [MESSAGE][PASSED] - Object: 'Object Repository/MOH AND GRN/Page_Admin login/button_Sign in' is clicked on

2018-05-14 13:59:33 - [TEST_STEP][PASSED] - delay: Delayed 20 second(s)

2018-05-14 13:59:53 - [MESSAGE][PASSED] - Delayed 20 second(s)

2018-05-14 13:59:53 - [TEST_STEP][PASSED] - scrollToPosition: Browser is scrolled to position x = 200, y = 200

2018-05-14 13:59:53 - [MESSAGE][PASSED] - Browser is scrolled to position x = 200, y = 200

2018-05-14 13:59:53 - [TEST_STEP][PASSED] - click: Object: 'Object Repository/MOH AND GRN/Page_KDMC/a_CMS_1' is clicked on

2018-05-14 13:59:53 - [MESSAGE][PASSED] - Object: 'Object Repository/MOH AND GRN/Page_KDMC/a_CMS_1' is clicked on

2018-05-14 13:59:53 - [TEST_STEP][PASSED] - click: Object: 'Object Repository/MOH AND GRN/Page_KDMC/a_Request List' is clicked on

2018-05-14 13:59:54 - [MESSAGE][PASSED] - Object: 'Object Repository/MOH AND GRN/Page_KDMC/a_Request List' is clicked on

2018-05-14 13:59:54 - [TEST_STEP][PASSED] - Statement - RequestNumberId = com.kms.katalon.core.webui.keyword.WebUiBuiltInKeywords.modifyObjectProperty(com.kms.katalon.core.testobject.ObjectRepository.findTestObject(MOH AND GRN/Page_KDMC - CMS/input_PO0032), "xpath", "equals", "//*[@id =" + RequestNUmber + "]", true): Modify property of object successfully

2018-05-14 13:59:54 - [MESSAGE][PASSED] - Modify property of object successfully

2018-05-14 13:59:54 - [TEST_STEP][PASSED] - click: Object: 'Object Repository/MOH AND GRN/Page_KDMC - CMS/input_PO0032' is clicked on

2018-05-14 13:59:55 - [MESSAGE][PASSED] - Object: 'Object Repository/MOH AND GRN/Page_KDMC - CMS/input_PO0032' is clicked on

2018-05-14 13:59:55 - [TEST_STEP][PASSED] - delay: Delayed 3 second(s)

2018-05-14 13:59:58 - [MESSAGE][PASSED] - Delayed 3 second(s)

2018-05-14 13:59:58 - [TEST_STEP][PASSED] - selectOptionByIndex: All options with index in [1] are selected on object 'Object Repository/MOH AND GRN/Page_KDMC/select_--Select--'

2018-05-14 13:59:58 - [MESSAGE][PASSED] - All options with index in [1] are selected on object 'Object Repository/MOH AND GRN/Page_KDMC/select_--Select--'

2018-05-14 13:59:58 - [TEST_STEP][PASSED] - click: Object: 'Object Repository/MOH AND GRN/Page_KDMC/input_btnupdate' is clicked on

2018-05-14 13:59:58 - [MESSAGE][PASSED] - Object: 'Object Repository/MOH AND GRN/Page_KDMC/input_btnupdate' is clicked on

2018-05-14 13:59:58 - [TEST_STEP][PASSED] - delay: Delayed 3 second(s)

2018-05-14 14:00:01 - [MESSAGE][PASSED] - Delayed 3 second(s)

2018-05-14 14:00:01 - [TEST_STEP][PASSED] - click: Object: 'Object Repository/MOH AND GRN/Page_KDMC/button_OK' is clicked on

2018-05-14 14:00:01 - [MESSAGE][PASSED] - Object: 'Object Repository/MOH AND GRN/Page_KDMC/button_OK' is clicked on

2018-05-14 14:00:01 - [TEST_STEP][PASSED] - delay: Delayed 3 second(s)

2018-05-14 14:00:04 - [MESSAGE][PASSED] - Delayed 3 second(s)

2018-05-14 14:00:04 - [TEST_STEP][PASSED] - scrollToPosition: Browser is scrolled to position x = 200, y = 200

2018-05-14 14:00:05 - [MESSAGE][PASSED] - Browser is scrolled to position x = 200, y = 200

2018-05-14 14:00:05 - [TEST_STEP][PASSED] - click: Object: 'Object Repository/MOH AND GRN/Page_KDMC/a_CMS_2' is clicked on

2018-05-14 14:00:05 - [MESSAGE][PASSED] - Object: 'Object Repository/MOH AND GRN/Page_KDMC/a_CMS_2' is clicked on

2018-05-14 14:00:05 - [TEST_STEP][PASSED] - delay: Delayed 2 second(s)

2018-05-14 14:00:07 - [MESSAGE][PASSED] - Delayed 2 second(s)

2018-05-14 14:00:07 - [TEST_STEP][PASSED] - click: Object: 'Object Repository/MOH AND GRN/Page_KDMC/a_Generate P.O' is clicked on

2018-05-14 14:00:08 - [MESSAGE][PASSED] - Object: 'Object Repository/MOH AND GRN/Page_KDMC/a_Generate P.O' is clicked on

2018-05-14 14:00:08 - [TEST_STEP][PASSED] - delay: Delayed 2 second(s)

2018-05-14 14:00:10 - [MESSAGE][PASSED] - Delayed 2 second(s)

2018-05-14 14:00:10 - [TEST_STEP][PASSED] - selectOptionByIndex: All options with index in [1] are selected on object 'Object Repository/MOH AND GRN/Page_KDMC/select_--Select--PRNO040520183'

2018-05-14 14:00:10 - [MESSAGE][PASSED] - All options with index in [1] are selected on object 'Object Repository/MOH AND GRN/Page_KDMC/select_--Select--PRNO040520183'

2018-05-14 14:00:10 - [TEST_STEP][PASSED] - selectOptionByIndex: All options with index in [10] are selected on object 'Object Repository/MOH AND GRN/Page_KDMC/select_--Select--Hamen Chandra'

2018-05-14 14:00:10 - [MESSAGE][PASSED] - All options with index in [10] are selected on object 'Object Repository/MOH AND GRN/Page_KDMC/select_--Select--Hamen Chandra'

2018-05-14 14:00:10 - [TEST_STEP][PASSED] - Statement - PONumber = com.kms.katalon.core.webui.keyword.WebUiBuiltInKeywords.getText(com.kms.katalon.core.testobject.ObjectRepository.findTestObject(MOH AND GRN/Page_KDMC/input_lblpono)).trim(): Text of object 'Object Repository/MOH AND GRN/Page_KDMC/input_lblpono' is: ''

2018-05-14 14:00:10 - [MESSAGE][PASSED] - Text of object 'Object Repository/MOH AND GRN/Page_KDMC/input_lblpono' is: ''

2018-05-14 14:00:10 - [TEST_STEP][PASSED] - Statement - PONumber1 = com.kms.katalon.core.webui.keyword.WebUiBuiltInKeywords.getAttribute(com.kms.katalon.core.testobject.ObjectRepository.findTestObject(MOH AND GRN/Page_KDMC/input_lblpono), "value").trim(): Attribute 'value' of object 'Object Repository/MOH AND GRN/Page_KDMC/input_lblpono' is: 'PO00121'

2018-05-14 14:00:10 - [MESSAGE][PASSED] - Attribute 'value' of object 'Object Repository/MOH AND GRN/Page_KDMC/input_lblpono' is: 'PO00121'

2018-05-14 14:00:10 - [TEST_STEP][PASSED] - Statement - out.println("PO NUMBER :" + PONumber): null

2018-05-14 14:00:10 - [TEST_STEP][PASSED] - Statement - out.println("PO NUMBER :" + PONumber1): null

2018-05-14 14:00:10 - [TEST_STEP][PASSED] - click: Object: 'Object Repository/MOH AND GRN/Page_KDMC/input_chkrem' is clicked on

2018-05-14 14:00:10 - [MESSAGE][PASSED] - Object: 'Object Repository/MOH AND GRN/Page_KDMC/input_chkrem' is clicked on

2018-05-14 14:00:10 - [TEST_STEP][PASSED] - scrollToElement: Scroll to object 'Object Repository/MOH AND GRN/Page_KDMC/input_btnreturn' successfully

2018-05-14 14:00:10 - [MESSAGE][PASSED] - Scroll to object 'Object Repository/MOH AND GRN/Page_KDMC/input_btnreturn' successfully

2018-05-14 14:00:10 - [TEST_STEP][PASSED] - click: Object: 'Object Repository/MOH AND GRN/Page_KDMC/input_btnreturn' is clicked on

2018-05-14 14:00:11 - [MESSAGE][PASSED] - Object: 'Object Repository/MOH AND GRN/Page_KDMC/input_btnreturn' is clicked on

2018-05-14 14:00:11 - [TEST_STEP][PASSED] - delay: Delayed 3 second(s)

2018-05-14 14:00:14 - [MESSAGE][PASSED] - Delayed 3 second(s)

2018-05-14 14:00:14 - [TEST_STEP][PASSED] - click: Object: 'Object Repository/MOH AND GRN/Page_KDMC/button_Yes' is clicked on

2018-05-14 14:00:14 - [MESSAGE][PASSED] - Object: 'Object Repository/MOH AND GRN/Page_KDMC/button_Yes' is clicked on

2018-05-14 14:00:14 - [TEST_STEP][PASSED] - delay: Delayed 3 second(s)

2018-05-14 14:00:17 - [MESSAGE][PASSED] - Delayed 3 second(s)

2018-05-14 14:00:17 - [TEST_STEP][PASSED] - click: Object: 'Object Repository/MOH AND GRN/Page_KDMC/button_OK' is clicked on

2018-05-14 14:00:17 - [MESSAGE][PASSED] - Object: 'Object Repository/MOH AND GRN/Page_KDMC/button_OK' is clicked on

2018-05-14 14:00:17 - [TEST_STEP][PASSED] - delay: Delayed 3 second(s)

2018-05-14 14:00:20 - [MESSAGE][PASSED] - Delayed 3 second(s)

2018-05-14 14:00:20 - [TEST_STEP][PASSED] - click: Object: 'Object Repository/MOH AND GRN/Page_KDMC/a_dropdown-toggle' is clicked on

2018-05-14 14:00:20 - [MESSAGE][PASSED] - Object: 'Object Repository/MOH AND GRN/Page_KDMC/a_dropdown-toggle' is clicked on

2018-05-14 14:00:20 - [TEST_STEP][PASSED] - click: Object: 'Object Repository/MOH AND GRN/Page_KDMC/a_Sign out' is clicked on

2018-05-14 14:00:23 - [MESSAGE][PASSED] - Object: 'Object Repository/MOH AND GRN/Page_KDMC/a_Sign out' is clicked on

2018-05-14 14:00:23 - [TEST_STEP][PASSED] - delay: Delayed 4 second(s)

2018-05-14 14:00:27 - [MESSAGE][PASSED] - Delayed 4 second(s)

2018-05-14 14:00:27 - [TEST_STEP][PASSED] - click: Object: 'Object Repository/MOH AND GRN/Page_KDMC/a_CMS' is clicked on

2018-05-14 14:00:27 - [MESSAGE][PASSED] - Object: 'Object Repository/MOH AND GRN/Page_KDMC/a_CMS' is clicked on

2018-05-14 14:00:27 - [TEST_STEP][PASSED] - setText: Text 'bala' is set on object 'Object Repository/MOH AND GRN/Page_CMS login/input_txtusername'

2018-05-14 14:00:27 - [MESSAGE][PASSED] - Text 'bala' is set on object 'Object Repository/MOH AND GRN/Page_CMS login/input_txtusername'

2018-05-14 14:00:27 - [TEST_STEP][PASSED] - setText: Text '123' is set on object 'Object Repository/MOH AND GRN/Page_CMS login/input_txtpassword'

2018-05-14 14:00:27 - [MESSAGE][PASSED] - Text '123' is set on object 'Object Repository/MOH AND GRN/Page_CMS login/input_txtpassword'

2018-05-14 14:00:27 - [TEST_STEP][PASSED] - delay: Delayed 3 second(s)

2018-05-14 14:00:30 - [MESSAGE][PASSED] - Delayed 3 second(s)

2018-05-14 14:00:30 - [TEST_STEP][PASSED] - click: Object: 'Object Repository/MOH AND GRN/Page_CMS login/button_Sign in' is clicked on

2018-05-14 14:00:31 - [MESSAGE][PASSED] - Object: 'Object Repository/MOH AND GRN/Page_CMS login/button_Sign in' is clicked on

2018-05-14 14:00:31 - [TEST_STEP][PASSED] - click: Object: 'Object Repository/MOH AND GRN/Page_KDMC - CMS/a_CMS Details' is clicked on

2018-05-14 14:00:31 - [MESSAGE][PASSED] - Object: 'Object Repository/MOH AND GRN/Page_KDMC - CMS/a_CMS Details' is clicked on

2018-05-14 14:00:31 - [TEST_STEP][PASSED] - delay: Delayed 2 second(s)

2018-05-14 14:00:33 - [MESSAGE][PASSED] - Delayed 2 second(s)

2018-05-14 14:00:33 - [TEST_STEP][PASSED] - click: Object: 'Object Repository/MOH AND GRN/Page_KDMC - CMS/a_Goods Receive' is clicked on

2018-05-14 14:00:34 - [MESSAGE][PASSED] - Object: 'Object Repository/MOH AND GRN/Page_KDMC - CMS/a_Goods Receive' is clicked on

2018-05-14 14:00:34 - [TEST_STEP][PASSED] - delay: Delayed 2 second(s)

2018-05-14 14:00:36 - [MESSAGE][PASSED] - Delayed 2 second(s)

2018-05-14 14:00:36 - [TEST_STEP][PASSED] - selectOptionByLabel: All options with label 'PO00121' are selected in object 'Object Repository/MOH AND GRN/Page_KDMC - CMS/select_--Select--PO0032PO0031P' 

2018-05-14 14:00:36 - [MESSAGE][PASSED] - All options with label 'PO00121' are selected in object 'Object Repository/MOH AND GRN/Page_KDMC - CMS/select_--Select--PO0032PO0031P' 

2018-05-14 14:00:36 - [TEST_STEP][PASSED] - setText: Finding Test Object with id 'Object Repository/MOH AND GRN/Page_KDMC - CMS/input_txtgrnno'

2018-05-14 14:00:36 - [TEST_STEP][PASSED] - Statement - switch (id): Text 'INV458.0' is set on object 'Object Repository/MOH AND GRN/Page_KDMC - CMS/input_txtgrnno'

2018-05-14 14:00:36 - [TEST_STEP][PASSED] - Statement - case 2:: Text 'INV458.0' is set on object 'Object Repository/MOH AND GRN/Page_KDMC - CMS/input_txtgrnno'

2018-05-14 14:00:36 - [TEST_STEP][PASSED] - Statement - return (java.lang.Math.floor((java.lang.Math.random() * ((max - min) + 1))) + min): Text 'INV458.0' is set on object 'Object Repository/MOH AND GRN/Page_KDMC - CMS/input_txtgrnno'

2018-05-14 14:00:36 - [MESSAGE][PASSED] - Text 'INV458.0' is set on object 'Object Repository/MOH AND GRN/Page_KDMC - CMS/input_txtgrnno'

2018-05-14 14:00:36 - [TEST_STEP][PASSED] - selectOptionByIndex: All options with index in [1] are selected on object 'Object Repository/MOH AND GRN/Page_KDMC - CMS/select_--Select--PERUMAL PHARM'

2018-05-14 14:00:36 - [MESSAGE][PASSED] - All options with index in [1] are selected on object 'Object Repository/MOH AND GRN/Page_KDMC - CMS/select_--Select--PERUMAL PHARM'

2018-05-14 14:00:36 - [TEST_STEP][PASSED] - setText: Text '14000' is set on object 'Object Repository/MOH AND GRN/Page_KDMC - CMS/input_txtgrnno_1'

2018-05-14 14:00:37 - [MESSAGE][PASSED] - Text '14000' is set on object 'Object Repository/MOH AND GRN/Page_KDMC - CMS/input_txtgrnno_1'

2018-05-14 14:00:37 - [TEST_STEP][PASSED] - setText: Text '400' is set on object 'Object Repository/MOH AND GRN/Page_KDMC - CMS/input_txtgrnno_2'

2018-05-14 14:00:37 - [MESSAGE][PASSED] - Text '400' is set on object 'Object Repository/MOH AND GRN/Page_KDMC - CMS/input_txtgrnno_2'

2018-05-14 14:00:37 - [TEST_STEP][PASSED] - setText: Finding Test Object with id 'Object Repository/MOH AND GRN/Page_KDMC - CMS/input_txtgrnno_3'

2018-05-14 14:00:37 - [TEST_STEP][PASSED] - Statement - switch (id): Text 'CH863.0' is set on object 'Object Repository/MOH AND GRN/Page_KDMC - CMS/input_txtgrnno_3'

2018-05-14 14:00:37 - [TEST_STEP][PASSED] - Statement - case 3:: Text 'CH863.0' is set on object 'Object Repository/MOH AND GRN/Page_KDMC - CMS/input_txtgrnno_3'

2018-05-14 14:00:37 - [TEST_STEP][PASSED] - Statement - return (java.lang.Math.floor((java.lang.Math.random() * ((max - min) + 1))) + min): Text 'CH863.0' is set on object 'Object Repository/MOH AND GRN/Page_KDMC - CMS/input_txtgrnno_3'

2018-05-14 14:00:37 - [MESSAGE][PASSED] - Text 'CH863.0' is set on object 'Object Repository/MOH AND GRN/Page_KDMC - CMS/input_txtgrnno_3'

2018-05-14 14:00:37 - [TEST_STEP][PASSED] - scrollToPosition: Browser is scrolled to position x = 200, y = 200

2018-05-14 14:00:37 - [MESSAGE][PASSED] - Browser is scrolled to position x = 200, y = 200

2018-05-14 14:00:37 - [TEST_STEP][PASSED] - Statement - GrnLength = com.kms.katalon.core.webui.keyword.WebUiBuiltInKeywords.getNumberOfTotalOption(com.kms.katalon.core.testobject.ObjectRepository.findTestObject(MOH AND GRN/Page_KDMC - CMS/select_--Select--Amikacin -500)): 18 options of object 'Object Repository/MOH AND GRN/Page_KDMC - CMS/select_--Select--Amikacin -500' counted

2018-05-14 14:00:37 - [MESSAGE][PASSED] - 18 options of object 'Object Repository/MOH AND GRN/Page_KDMC - CMS/select_--Select--Amikacin -500' counted

2018-05-14 14:00:37 - [TEST_STEP][PASSED] - Statement - out.println("Length OF The Medicine " + GrnLength): null

2018-05-14 14:00:37 - [TEST_STEP][PASSED] - Statement - s = 1: null

2018-05-14 14:00:37 - [TEST_STEP][PASSED] - Statement - For ([t = 1, t < GrnLength, (t++)]): Finding Test Object with id 'Object Repository/MOH AND GRN/Page_KDMC - CMS/input_txtmrp'

2018-05-14 14:00:37 - [TEST_STEP][PASSED] - selectOptionByIndex: All options with index in [1] are selected on object 'Object Repository/MOH AND GRN/Page_KDMC - CMS/select_--Select--Amikacin -500'

2018-05-14 14:00:37 - [MESSAGE][PASSED] - All options with index in [1] are selected on object 'Object Repository/MOH AND GRN/Page_KDMC - CMS/select_--Select--Amikacin -500'

2018-05-14 14:00:37 - [TEST_STEP][PASSED] - setText: Text '5000' is set on object 'Object Repository/MOH AND GRN/Page_KDMC - CMS/input_txtqty'

2018-05-14 14:00:37 - [MESSAGE][PASSED] - Text '5000' is set on object 'Object Repository/MOH AND GRN/Page_KDMC - CMS/input_txtqty'

2018-05-14 14:00:37 - [TEST_STEP][PASSED] - selectOptionByIndex: All options with index in [1] are selected on object 'Object Repository/MOH AND GRN/Page_KDMC - CMS/select_--Select--No Tax0'

2018-05-14 14:00:37 - [MESSAGE][PASSED] - All options with index in [1] are selected on object 'Object Repository/MOH AND GRN/Page_KDMC - CMS/select_--Select--No Tax0'

2018-05-14 14:00:37 - [TEST_STEP][PASSED] - setText: Finding Test Object with id 'Object Repository/MOH AND GRN/Page_KDMC - CMS/input_txtmrp'

2018-05-14 14:00:37 - [TEST_STEP][PASSED] - Statement - switch (id): Finding Test Object with id 'Object Repository/MOH AND GRN/Page_KDMC - CMS/input_txtdeal'

2018-05-14 14:00:37 - [TEST_STEP][PASSED] - Statement - case 4:: Text '21.0' is set on object 'Object Repository/MOH AND GRN/Page_KDMC - CMS/input_txtmrp'

2018-05-14 14:00:37 - [TEST_STEP][PASSED] - Statement - return (java.lang.Math.floor((java.lang.Math.random() * ((max - min) + 1))) + min): Text '21.0' is set on object 'Object Repository/MOH AND GRN/Page_KDMC - CMS/input_txtmrp'

2018-05-14 14:00:37 - [MESSAGE][PASSED] - Text '21.0' is set on object 'Object Repository/MOH AND GRN/Page_KDMC - CMS/input_txtmrp'

2018-05-14 14:00:37 - [TEST_STEP][PASSED] - setText: Finding Test Object with id 'Object Repository/MOH AND GRN/Page_KDMC - CMS/input_txtdeal'

2018-05-14 14:00:37 - [TEST_STEP][PASSED] - Statement - switch (id): Finding Test Object with id 'Object Repository/MOH AND GRN/Page_KDMC - CMS/input_txtbatchno'

2018-05-14 14:00:37 - [TEST_STEP][PASSED] - Statement - case 5:: Text '4.0' is set on object 'Object Repository/MOH AND GRN/Page_KDMC - CMS/input_txtdeal'

2018-05-14 14:00:37 - [TEST_STEP][PASSED] - Statement - return (java.lang.Math.floor((java.lang.Math.random() * ((max - min) + 1))) + min): Text '4.0' is set on object 'Object Repository/MOH AND GRN/Page_KDMC - CMS/input_txtdeal'

2018-05-14 14:00:38 - [MESSAGE][PASSED] - Text '4.0' is set on object 'Object Repository/MOH AND GRN/Page_KDMC - CMS/input_txtdeal'

2018-05-14 14:00:38 - [TEST_STEP][PASSED] - setText: Finding Test Object with id 'Object Repository/MOH AND GRN/Page_KDMC - CMS/input_txtbatchno'

2018-05-14 14:00:38 - [TEST_STEP][PASSED] - Statement - switch (id): Finding Test Object with id 'Object Repository/MOH AND GRN/Page_KDMC - CMS/input_txtmrp'

2018-05-14 14:00:38 - [TEST_STEP][PASSED] - Statement - case 1:: Text 'BA67.0' is set on object 'Object Repository/MOH AND GRN/Page_KDMC - CMS/input_txtbatchno'

2018-05-14 14:00:38 - [TEST_STEP][PASSED] - Statement - return (java.lang.Math.floor((java.lang.Math.random() * ((max - min) + 1))) + min): Text 'BA67.0' is set on object 'Object Repository/MOH AND GRN/Page_KDMC - CMS/input_txtbatchno'

2018-05-14 14:00:38 - [MESSAGE][PASSED] - Text 'BA67.0' is set on object 'Object Repository/MOH AND GRN/Page_KDMC - CMS/input_txtbatchno'

2018-05-14 14:00:38 - [TEST_STEP][PASSED] - rightClick: Object: 'Object Repository/GRN/Page_KDMC - CMS/input_txtexpdate' is right clicked on

2018-05-14 14:00:38 - [MESSAGE][PASSED] - Object: 'Object Repository/GRN/Page_KDMC - CMS/input_txtexpdate' is right clicked on

2018-05-14 14:00:38 - [TEST_STEP][PASSED] - selectOptionByIndex: All options with index in [1] are selected on object 'Object Repository/GRN/Page_KDMC - CMS/select_20182019202020212022202'

2018-05-14 14:00:38 - [MESSAGE][PASSED] - All options with index in [1] are selected on object 'Object Repository/GRN/Page_KDMC - CMS/select_20182019202020212022202'

2018-05-14 14:00:38 - [TEST_STEP][PASSED] - selectOptionByIndex: All options with index in [1] are selected on object 'Object Repository/GRN/Page_KDMC - CMS/select_JanFebMarAprMayJunJulAu'

2018-05-14 14:00:38 - [MESSAGE][PASSED] - All options with index in [1] are selected on object 'Object Repository/GRN/Page_KDMC - CMS/select_JanFebMarAprMayJunJulAu'

2018-05-14 14:00:38 - [TEST_STEP][PASSED] - click: Object: 'Object Repository/MOH AND GRN/Page_KDMC - CMS/a_12' is clicked on

2018-05-14 14:00:38 - [MESSAGE][PASSED] - Object: 'Object Repository/MOH AND GRN/Page_KDMC - CMS/a_12' is clicked on

2018-05-14 14:00:38 - [TEST_STEP][PASSED] - click: Object: 'Object Repository/MOH AND GRN/Page_KDMC - CMS/input_btnadd' is clicked on

2018-05-14 14:00:38 - [MESSAGE][PASSED] - Object: 'Object Repository/MOH AND GRN/Page_KDMC - CMS/input_btnadd' is clicked on

2018-05-14 14:00:38 - [TEST_STEP][PASSED] - Statement - If (s == 10): null

2018-05-14 14:00:38 - [TEST_STEP][PASSED] - Statement - Else: null

2018-05-14 14:00:38 - [TEST_STEP][PASSED] - Statement - (s++): null

2018-05-14 14:00:38 - [TEST_STEP][PASSED] - delay: Delayed 1 second(s)

2018-05-14 14:00:39 - [MESSAGE][PASSED] - Delayed 1 second(s)

2018-05-14 14:00:39 - [TEST_STEP][PASSED] - selectOptionByIndex: All options with index in [2] are selected on object 'Object Repository/MOH AND GRN/Page_KDMC - CMS/select_--Select--Amikacin -500'

2018-05-14 14:00:39 - [MESSAGE][PASSED] - All options with index in [2] are selected on object 'Object Repository/MOH AND GRN/Page_KDMC - CMS/select_--Select--Amikacin -500'

2018-05-14 14:00:39 - [TEST_STEP][PASSED] - setText: Text '5000' is set on object 'Object Repository/MOH AND GRN/Page_KDMC - CMS/input_txtqty'

2018-05-14 14:00:40 - [MESSAGE][PASSED] - Text '5000' is set on object 'Object Repository/MOH AND GRN/Page_KDMC - CMS/input_txtqty'

2018-05-14 14:00:40 - [TEST_STEP][PASSED] - selectOptionByIndex: All options with index in [1] are selected on object 'Object Repository/MOH AND GRN/Page_KDMC - CMS/select_--Select--No Tax0'

2018-05-14 14:00:40 - [MESSAGE][PASSED] - All options with index in [1] are selected on object 'Object Repository/MOH AND GRN/Page_KDMC - CMS/select_--Select--No Tax0'

2018-05-14 14:00:40 - [TEST_STEP][PASSED] - setText: Finding Test Object with id 'Object Repository/MOH AND GRN/Page_KDMC - CMS/input_txtmrp'

2018-05-14 14:00:40 - [TEST_STEP][PASSED] - Statement - switch (id): Finding Test Object with id 'Object Repository/MOH AND GRN/Page_KDMC - CMS/input_txtdeal'

2018-05-14 14:00:40 - [TEST_STEP][PASSED] - Statement - case 4:: Text '35.0' is set on object 'Object Repository/MOH AND GRN/Page_KDMC - CMS/input_txtmrp'

2018-05-14 14:00:40 - [TEST_STEP][PASSED] - Statement - return (java.lang.Math.floor((java.lang.Math.random() * ((max - min) + 1))) + min): Text '35.0' is set on object 'Object Repository/MOH AND GRN/Page_KDMC - CMS/input_txtmrp'

2018-05-14 14:00:40 - [MESSAGE][PASSED] - Text '35.0' is set on object 'Object Repository/MOH AND GRN/Page_KDMC - CMS/input_txtmrp'

2018-05-14 14:00:40 - [TEST_STEP][PASSED] - setText: Finding Test Object with id 'Object Repository/MOH AND GRN/Page_KDMC - CMS/input_txtdeal'

2018-05-14 14:00:40 - [TEST_STEP][PASSED] - Statement - switch (id): Finding Test Object with id 'Object Repository/MOH AND GRN/Page_KDMC - CMS/input_txtbatchno'

2018-05-14 14:00:40 - [TEST_STEP][PASSED] - Statement - case 5:: Text '7.0' is set on object 'Object Repository/MOH AND GRN/Page_KDMC - CMS/input_txtdeal'

2018-05-14 14:00:40 - [TEST_STEP][PASSED] - Statement - return (java.lang.Math.floor((java.lang.Math.random() * ((max - min) + 1))) + min): Text '7.0' is set on object 'Object Repository/MOH AND GRN/Page_KDMC - CMS/input_txtdeal'

2018-05-14 14:00:40 - [MESSAGE][PASSED] - Text '7.0' is set on object 'Object Repository/MOH AND GRN/Page_KDMC - CMS/input_txtdeal'

2018-05-14 14:00:40 - [TEST_STEP][PASSED] - setText: Finding Test Object with id 'Object Repository/MOH AND GRN/Page_KDMC - CMS/input_txtbatchno'

2018-05-14 14:00:40 - [TEST_STEP][PASSED] - Statement - switch (id): Finding Test Object with id 'Object Repository/MOH AND GRN/Page_KDMC - CMS/input_txtmrp'

2018-05-14 14:00:40 - [TEST_STEP][PASSED] - Statement - case 1:: Text 'BA190.0' is set on object 'Object Repository/MOH AND GRN/Page_KDMC - CMS/input_txtbatchno'

2018-05-14 14:00:40 - [TEST_STEP][PASSED] - Statement - return (java.lang.Math.floor((java.lang.Math.random() * ((max - min) + 1))) + min): Text 'BA190.0' is set on object 'Object Repository/MOH AND GRN/Page_KDMC - CMS/input_txtbatchno'

2018-05-14 14:00:40 - [MESSAGE][PASSED] - Text 'BA190.0' is set on object 'Object Repository/MOH AND GRN/Page_KDMC - CMS/input_txtbatchno'

2018-05-14 14:00:40 - [TEST_STEP][PASSED] - rightClick: Object: 'Object Repository/GRN/Page_KDMC - CMS/input_txtexpdate' is right clicked on

2018-05-14 14:00:40 - [MESSAGE][PASSED] - Object: 'Object Repository/GRN/Page_KDMC - CMS/input_txtexpdate' is right clicked on

2018-05-14 14:00:40 - [TEST_STEP][PASSED] - selectOptionByIndex: All options with index in [2] are selected on object 'Object Repository/GRN/Page_KDMC - CMS/select_20182019202020212022202'

2018-05-14 14:00:40 - [MESSAGE][PASSED] - All options with index in [2] are selected on object 'Object Repository/GRN/Page_KDMC - CMS/select_20182019202020212022202'

2018-05-14 14:00:40 - [TEST_STEP][PASSED] - selectOptionByIndex: All options with index in [2] are selected on object 'Object Repository/GRN/Page_KDMC - CMS/select_JanFebMarAprMayJunJulAu'

2018-05-14 14:00:40 - [MESSAGE][PASSED] - All options with index in [2] are selected on object 'Object Repository/GRN/Page_KDMC - CMS/select_JanFebMarAprMayJunJulAu'

2018-05-14 14:00:40 - [TEST_STEP][PASSED] - click: Object: 'Object Repository/MOH AND GRN/Page_KDMC - CMS/a_12' is clicked on

2018-05-14 14:00:40 - [MESSAGE][PASSED] - Object: 'Object Repository/MOH AND GRN/Page_KDMC - CMS/a_12' is clicked on

2018-05-14 14:00:41 - [TEST_STEP][PASSED] - click: Object: 'Object Repository/MOH AND GRN/Page_KDMC - CMS/input_btnadd' is clicked on

2018-05-14 14:00:41 - [MESSAGE][PASSED] - Object: 'Object Repository/MOH AND GRN/Page_KDMC - CMS/input_btnadd' is clicked on

2018-05-14 14:00:41 - [TEST_STEP][PASSED] - Statement - If (s == 10): null

2018-05-14 14:00:41 - [TEST_STEP][PASSED] - Statement - Else: null

2018-05-14 14:00:41 - [TEST_STEP][PASSED] - Statement - (s++): null

2018-05-14 14:00:41 - [TEST_STEP][PASSED] - delay: Delayed 1 second(s)

2018-05-14 14:00:42 - [MESSAGE][PASSED] - Delayed 1 second(s)

2018-05-14 14:00:42 - [TEST_STEP][PASSED] - selectOptionByIndex: All options with index in [3] are selected on object 'Object Repository/MOH AND GRN/Page_KDMC - CMS/select_--Select--Amikacin -500'

2018-05-14 14:00:42 - [MESSAGE][PASSED] - All options with index in [3] are selected on object 'Object Repository/MOH AND GRN/Page_KDMC - CMS/select_--Select--Amikacin -500'

2018-05-14 14:00:42 - [TEST_STEP][PASSED] - setText: Text '5000' is set on object 'Object Repository/MOH AND GRN/Page_KDMC - CMS/input_txtqty'

2018-05-14 14:00:42 - [MESSAGE][PASSED] - Text '5000' is set on object 'Object Repository/MOH AND GRN/Page_KDMC - CMS/input_txtqty'

2018-05-14 14:00:42 - [TEST_STEP][PASSED] - selectOptionByIndex: All options with index in [1] are selected on object 'Object Repository/MOH AND GRN/Page_KDMC - CMS/select_--Select--No Tax0'

2018-05-14 14:00:42 - [MESSAGE][PASSED] - All options with index in [1] are selected on object 'Object Repository/MOH AND GRN/Page_KDMC - CMS/select_--Select--No Tax0'

2018-05-14 14:00:42 - [TEST_STEP][PASSED] - setText: Finding Test Object with id 'Object Repository/MOH AND GRN/Page_KDMC - CMS/input_txtmrp'

2018-05-14 14:00:42 - [TEST_STEP][PASSED] - Statement - switch (id): Finding Test Object with id 'Object Repository/MOH AND GRN/Page_KDMC - CMS/input_txtdeal'

2018-05-14 14:00:42 - [TEST_STEP][PASSED] - Statement - case 4:: Text '34.0' is set on object 'Object Repository/MOH AND GRN/Page_KDMC - CMS/input_txtmrp'

2018-05-14 14:00:42 - [TEST_STEP][PASSED] - Statement - return (java.lang.Math.floor((java.lang.Math.random() * ((max - min) + 1))) + min): Text '34.0' is set on object 'Object Repository/MOH AND GRN/Page_KDMC - CMS/input_txtmrp'

2018-05-14 14:00:42 - [MESSAGE][PASSED] - Text '34.0' is set on object 'Object Repository/MOH AND GRN/Page_KDMC - CMS/input_txtmrp'

2018-05-14 14:00:42 - [TEST_STEP][PASSED] - setText: Finding Test Object with id 'Object Repository/MOH AND GRN/Page_KDMC - CMS/input_txtdeal'

2018-05-14 14:00:42 - [TEST_STEP][PASSED] - Statement - switch (id): Finding Test Object with id 'Object Repository/MOH AND GRN/Page_KDMC - CMS/input_txtbatchno'

2018-05-14 14:00:42 - [TEST_STEP][PASSED] - Statement - case 5:: Text '5.0' is set on object 'Object Repository/MOH AND GRN/Page_KDMC - CMS/input_txtdeal'

2018-05-14 14:00:42 - [TEST_STEP][PASSED] - Statement - return (java.lang.Math.floor((java.lang.Math.random() * ((max - min) + 1))) + min): Text '5.0' is set on object 'Object Repository/MOH AND GRN/Page_KDMC - CMS/input_txtdeal'

2018-05-14 14:00:42 - [MESSAGE][PASSED] - Text '5.0' is set on object 'Object Repository/MOH AND GRN/Page_KDMC - CMS/input_txtdeal'

2018-05-14 14:00:42 - [TEST_STEP][PASSED] - setText: Finding Test Object with id 'Object Repository/MOH AND GRN/Page_KDMC - CMS/input_txtbatchno'

2018-05-14 14:00:42 - [TEST_STEP][PASSED] - Statement - switch (id): Finding Test Object with id 'Object Repository/MOH AND GRN/Page_KDMC - CMS/input_txtmrp'

2018-05-14 14:00:42 - [TEST_STEP][PASSED] - Statement - case 1:: Text 'BA860.0' is set on object 'Object Repository/MOH AND GRN/Page_KDMC - CMS/input_txtbatchno'

2018-05-14 14:00:42 - [TEST_STEP][PASSED] - Statement - return (java.lang.Math.floor((java.lang.Math.random() * ((max - min) + 1))) + min): Text 'BA860.0' is set on object 'Object Repository/MOH AND GRN/Page_KDMC - CMS/input_txtbatchno'

2018-05-14 14:00:42 - [MESSAGE][PASSED] - Text 'BA860.0' is set on object 'Object Repository/MOH AND GRN/Page_KDMC - CMS/input_txtbatchno'

2018-05-14 14:00:42 - [TEST_STEP][PASSED] - rightClick: Object: 'Object Repository/GRN/Page_KDMC - CMS/input_txtexpdate' is right clicked on

2018-05-14 14:00:42 - [MESSAGE][PASSED] - Object: 'Object Repository/GRN/Page_KDMC - CMS/input_txtexpdate' is right clicked on

2018-05-14 14:00:42 - [TEST_STEP][PASSED] - selectOptionByIndex: All options with index in [3] are selected on object 'Object Repository/GRN/Page_KDMC - CMS/select_20182019202020212022202'

2018-05-14 14:00:43 - [MESSAGE][PASSED] - All options with index in [3] are selected on object 'Object Repository/GRN/Page_KDMC - CMS/select_20182019202020212022202'

2018-05-14 14:00:43 - [TEST_STEP][PASSED] - selectOptionByIndex: All options with index in [3] are selected on object 'Object Repository/GRN/Page_KDMC - CMS/select_JanFebMarAprMayJunJulAu'

2018-05-14 14:00:43 - [MESSAGE][PASSED] - All options with index in [3] are selected on object 'Object Repository/GRN/Page_KDMC - CMS/select_JanFebMarAprMayJunJulAu'

2018-05-14 14:00:43 - [TEST_STEP][PASSED] - click: Object: 'Object Repository/MOH AND GRN/Page_KDMC - CMS/a_12' is clicked on

2018-05-14 14:00:43 - [MESSAGE][PASSED] - Object: 'Object Repository/MOH AND GRN/Page_KDMC - CMS/a_12' is clicked on

2018-05-14 14:00:43 - [TEST_STEP][PASSED] - click: Object: 'Object Repository/MOH AND GRN/Page_KDMC - CMS/input_btnadd' is clicked on

2018-05-14 14:00:43 - [MESSAGE][PASSED] - Object: 'Object Repository/MOH AND GRN/Page_KDMC - CMS/input_btnadd' is clicked on

2018-05-14 14:00:43 - [TEST_STEP][PASSED] - Statement - If (s == 10): null

2018-05-14 14:00:43 - [TEST_STEP][PASSED] - Statement - Else: null

2018-05-14 14:00:43 - [TEST_STEP][PASSED] - Statement - (s++): null

2018-05-14 14:00:43 - [TEST_STEP][PASSED] - delay: Delayed 1 second(s)

2018-05-14 14:00:44 - [MESSAGE][PASSED] - Delayed 1 second(s)

2018-05-14 14:00:44 - [TEST_STEP][PASSED] - selectOptionByIndex: All options with index in [4] are selected on object 'Object Repository/MOH AND GRN/Page_KDMC - CMS/select_--Select--Amikacin -500'

2018-05-14 14:00:44 - [MESSAGE][PASSED] - All options with index in [4] are selected on object 'Object Repository/MOH AND GRN/Page_KDMC - CMS/select_--Select--Amikacin -500'

2018-05-14 14:00:44 - [TEST_STEP][PASSED] - setText: Text '5000' is set on object 'Object Repository/MOH AND GRN/Page_KDMC - CMS/input_txtqty'

2018-05-14 14:00:44 - [MESSAGE][PASSED] - Text '5000' is set on object 'Object Repository/MOH AND GRN/Page_KDMC - CMS/input_txtqty'

2018-05-14 14:00:44 - [TEST_STEP][PASSED] - selectOptionByIndex: All options with index in [1] are selected on object 'Object Repository/MOH AND GRN/Page_KDMC - CMS/select_--Select--No Tax0'

2018-05-14 14:00:44 - [MESSAGE][PASSED] - All options with index in [1] are selected on object 'Object Repository/MOH AND GRN/Page_KDMC - CMS/select_--Select--No Tax0'

2018-05-14 14:00:44 - [TEST_STEP][PASSED] - setText: Finding Test Object with id 'Object Repository/MOH AND GRN/Page_KDMC - CMS/input_txtmrp'

2018-05-14 14:00:44 - [TEST_STEP][PASSED] - Statement - switch (id): Finding Test Object with id 'Object Repository/MOH AND GRN/Page_KDMC - CMS/input_txtdeal'

2018-05-14 14:00:44 - [TEST_STEP][PASSED] - Statement - case 4:: Text '37.0' is set on object 'Object Repository/MOH AND GRN/Page_KDMC - CMS/input_txtmrp'

2018-05-14 14:00:44 - [TEST_STEP][PASSED] - Statement - return (java.lang.Math.floor((java.lang.Math.random() * ((max - min) + 1))) + min): Text '37.0' is set on object 'Object Repository/MOH AND GRN/Page_KDMC - CMS/input_txtmrp'

2018-05-14 14:00:44 - [MESSAGE][PASSED] - Text '37.0' is set on object 'Object Repository/MOH AND GRN/Page_KDMC - CMS/input_txtmrp'

2018-05-14 14:00:44 - [TEST_STEP][PASSED] - setText: Finding Test Object with id 'Object Repository/MOH AND GRN/Page_KDMC - CMS/input_txtdeal'

2018-05-14 14:00:44 - [TEST_STEP][PASSED] - Statement - switch (id): Finding Test Object with id 'Object Repository/MOH AND GRN/Page_KDMC - CMS/input_txtbatchno'

2018-05-14 14:00:44 - [TEST_STEP][PASSED] - Statement - case 5:: Text '8.0' is set on object 'Object Repository/MOH AND GRN/Page_KDMC - CMS/input_txtdeal'

2018-05-14 14:00:44 - [TEST_STEP][PASSED] - Statement - return (java.lang.Math.floor((java.lang.Math.random() * ((max - min) + 1))) + min): Text '8.0' is set on object 'Object Repository/MOH AND GRN/Page_KDMC - CMS/input_txtdeal'

2018-05-14 14:00:44 - [MESSAGE][PASSED] - Text '8.0' is set on object 'Object Repository/MOH AND GRN/Page_KDMC - CMS/input_txtdeal'

2018-05-14 14:00:44 - [TEST_STEP][PASSED] - setText: Finding Test Object with id 'Object Repository/MOH AND GRN/Page_KDMC - CMS/input_txtbatchno'

2018-05-14 14:00:44 - [TEST_STEP][PASSED] - Statement - switch (id): Finding Test Object with id 'Object Repository/MOH AND GRN/Page_KDMC - CMS/input_txtmrp'

2018-05-14 14:00:44 - [TEST_STEP][PASSED] - Statement - case 1:: Text 'BA302.0' is set on object 'Object Repository/MOH AND GRN/Page_KDMC - CMS/input_txtbatchno'

2018-05-14 14:00:44 - [TEST_STEP][PASSED] - Statement - return (java.lang.Math.floor((java.lang.Math.random() * ((max - min) + 1))) + min): Text 'BA302.0' is set on object 'Object Repository/MOH AND GRN/Page_KDMC - CMS/input_txtbatchno'

2018-05-14 14:00:45 - [MESSAGE][PASSED] - Text 'BA302.0' is set on object 'Object Repository/MOH AND GRN/Page_KDMC - CMS/input_txtbatchno'

2018-05-14 14:00:45 - [TEST_STEP][PASSED] - rightClick: Object: 'Object Repository/GRN/Page_KDMC - CMS/input_txtexpdate' is right clicked on

2018-05-14 14:00:45 - [MESSAGE][PASSED] - Object: 'Object Repository/GRN/Page_KDMC - CMS/input_txtexpdate' is right clicked on

2018-05-14 14:00:45 - [TEST_STEP][PASSED] - selectOptionByIndex: All options with index in [4] are selected on object 'Object Repository/GRN/Page_KDMC - CMS/select_20182019202020212022202'

2018-05-14 14:00:45 - [MESSAGE][PASSED] - All options with index in [4] are selected on object 'Object Repository/GRN/Page_KDMC - CMS/select_20182019202020212022202'

2018-05-14 14:00:45 - [TEST_STEP][PASSED] - selectOptionByIndex: All options with index in [4] are selected on object 'Object Repository/GRN/Page_KDMC - CMS/select_JanFebMarAprMayJunJulAu'

2018-05-14 14:00:45 - [MESSAGE][PASSED] - All options with index in [4] are selected on object 'Object Repository/GRN/Page_KDMC - CMS/select_JanFebMarAprMayJunJulAu'

2018-05-14 14:00:45 - [TEST_STEP][PASSED] - click: Object: 'Object Repository/MOH AND GRN/Page_KDMC - CMS/a_12' is clicked on

2018-05-14 14:00:45 - [MESSAGE][PASSED] - Object: 'Object Repository/MOH AND GRN/Page_KDMC - CMS/a_12' is clicked on

2018-05-14 14:00:45 - [TEST_STEP][PASSED] - click: Object: 'Object Repository/MOH AND GRN/Page_KDMC - CMS/input_btnadd' is clicked on

2018-05-14 14:00:45 - [MESSAGE][PASSED] - Object: 'Object Repository/MOH AND GRN/Page_KDMC - CMS/input_btnadd' is clicked on

2018-05-14 14:00:45 - [TEST_STEP][PASSED] - Statement - If (s == 10): null

2018-05-14 14:00:45 - [TEST_STEP][PASSED] - Statement - Else: null

2018-05-14 14:00:45 - [TEST_STEP][PASSED] - Statement - (s++): null

2018-05-14 14:00:45 - [TEST_STEP][PASSED] - delay: Delayed 1 second(s)

2018-05-14 14:00:46 - [MESSAGE][PASSED] - Delayed 1 second(s)

2018-05-14 14:00:46 - [TEST_STEP][PASSED] - selectOptionByIndex: All options with index in [5] are selected on object 'Object Repository/MOH AND GRN/Page_KDMC - CMS/select_--Select--Amikacin -500'

2018-05-14 14:00:46 - [MESSAGE][PASSED] - All options with index in [5] are selected on object 'Object Repository/MOH AND GRN/Page_KDMC - CMS/select_--Select--Amikacin -500'

2018-05-14 14:00:46 - [TEST_STEP][PASSED] - setText: Text '5000' is set on object 'Object Repository/MOH AND GRN/Page_KDMC - CMS/input_txtqty'

2018-05-14 14:00:46 - [MESSAGE][PASSED] - Text '5000' is set on object 'Object Repository/MOH AND GRN/Page_KDMC - CMS/input_txtqty'

2018-05-14 14:00:46 - [TEST_STEP][PASSED] - selectOptionByIndex: All options with index in [1] are selected on object 'Object Repository/MOH AND GRN/Page_KDMC - CMS/select_--Select--No Tax0'

2018-05-14 14:00:47 - [MESSAGE][PASSED] - All options with index in [1] are selected on object 'Object Repository/MOH AND GRN/Page_KDMC - CMS/select_--Select--No Tax0'

2018-05-14 14:00:47 - [TEST_STEP][PASSED] - setText: Finding Test Object with id 'Object Repository/MOH AND GRN/Page_KDMC - CMS/input_txtmrp'

2018-05-14 14:00:47 - [TEST_STEP][PASSED] - Statement - switch (id): Finding Test Object with id 'Object Repository/MOH AND GRN/Page_KDMC - CMS/input_txtdeal'

2018-05-14 14:00:47 - [TEST_STEP][PASSED] - Statement - case 4:: Text '20.0' is set on object 'Object Repository/MOH AND GRN/Page_KDMC - CMS/input_txtmrp'

2018-05-14 14:00:47 - [TEST_STEP][PASSED] - Statement - return (java.lang.Math.floor((java.lang.Math.random() * ((max - min) + 1))) + min): Text '20.0' is set on object 'Object Repository/MOH AND GRN/Page_KDMC - CMS/input_txtmrp'

2018-05-14 14:00:47 - [MESSAGE][PASSED] - Text '20.0' is set on object 'Object Repository/MOH AND GRN/Page_KDMC - CMS/input_txtmrp'

2018-05-14 14:00:47 - [TEST_STEP][PASSED] - setText: Finding Test Object with id 'Object Repository/MOH AND GRN/Page_KDMC - CMS/input_txtdeal'

2018-05-14 14:00:47 - [TEST_STEP][PASSED] - Statement - switch (id): Finding Test Object with id 'Object Repository/MOH AND GRN/Page_KDMC - CMS/input_txtbatchno'

2018-05-14 14:00:47 - [TEST_STEP][PASSED] - Statement - case 5:: Text '2.0' is set on object 'Object Repository/MOH AND GRN/Page_KDMC - CMS/input_txtdeal'

2018-05-14 14:00:47 - [TEST_STEP][PASSED] - Statement - return (java.lang.Math.floor((java.lang.Math.random() * ((max - min) + 1))) + min): Text '2.0' is set on object 'Object Repository/MOH AND GRN/Page_KDMC - CMS/input_txtdeal'

2018-05-14 14:00:47 - [MESSAGE][PASSED] - Text '2.0' is set on object 'Object Repository/MOH AND GRN/Page_KDMC - CMS/input_txtdeal'

2018-05-14 14:00:47 - [TEST_STEP][PASSED] - setText: Finding Test Object with id 'Object Repository/MOH AND GRN/Page_KDMC - CMS/input_txtbatchno'

2018-05-14 14:00:47 - [TEST_STEP][PASSED] - Statement - switch (id): Finding Test Object with id 'Object Repository/MOH AND GRN/Page_KDMC - CMS/input_txtmrp'

2018-05-14 14:00:47 - [TEST_STEP][PASSED] - Statement - case 1:: Text 'BA560.0' is set on object 'Object Repository/MOH AND GRN/Page_KDMC - CMS/input_txtbatchno'

2018-05-14 14:00:47 - [TEST_STEP][PASSED] - Statement - return (java.lang.Math.floor((java.lang.Math.random() * ((max - min) + 1))) + min): Text 'BA560.0' is set on object 'Object Repository/MOH AND GRN/Page_KDMC - CMS/input_txtbatchno'

2018-05-14 14:00:47 - [MESSAGE][PASSED] - Text 'BA560.0' is set on object 'Object Repository/MOH AND GRN/Page_KDMC - CMS/input_txtbatchno'

2018-05-14 14:00:47 - [TEST_STEP][PASSED] - rightClick: Object: 'Object Repository/GRN/Page_KDMC - CMS/input_txtexpdate' is right clicked on

2018-05-14 14:00:47 - [MESSAGE][PASSED] - Object: 'Object Repository/GRN/Page_KDMC - CMS/input_txtexpdate' is right clicked on

2018-05-14 14:00:47 - [TEST_STEP][PASSED] - selectOptionByIndex: All options with index in [5] are selected on object 'Object Repository/GRN/Page_KDMC - CMS/select_20182019202020212022202'

2018-05-14 14:00:47 - [MESSAGE][PASSED] - All options with index in [5] are selected on object 'Object Repository/GRN/Page_KDMC - CMS/select_20182019202020212022202'

2018-05-14 14:00:47 - [TEST_STEP][PASSED] - selectOptionByIndex: All options with index in [5] are selected on object 'Object Repository/GRN/Page_KDMC - CMS/select_JanFebMarAprMayJunJulAu'

2018-05-14 14:00:47 - [MESSAGE][PASSED] - All options with index in [5] are selected on object 'Object Repository/GRN/Page_KDMC - CMS/select_JanFebMarAprMayJunJulAu'

2018-05-14 14:00:47 - [TEST_STEP][PASSED] - click: Object: 'Object Repository/MOH AND GRN/Page_KDMC - CMS/a_12' is clicked on

2018-05-14 14:00:47 - [MESSAGE][PASSED] - Object: 'Object Repository/MOH AND GRN/Page_KDMC - CMS/a_12' is clicked on

2018-05-14 14:00:47 - [TEST_STEP][PASSED] - click: Object: 'Object Repository/MOH AND GRN/Page_KDMC - CMS/input_btnadd' is clicked on

2018-05-14 14:00:47 - [MESSAGE][PASSED] - Object: 'Object Repository/MOH AND GRN/Page_KDMC - CMS/input_btnadd' is clicked on

2018-05-14 14:00:47 - [TEST_STEP][PASSED] - Statement - If (s == 10): null

2018-05-14 14:00:47 - [TEST_STEP][PASSED] - Statement - Else: null

2018-05-14 14:00:47 - [TEST_STEP][PASSED] - Statement - (s++): null

2018-05-14 14:00:47 - [TEST_STEP][PASSED] - delay: Delayed 1 second(s)

2018-05-14 14:00:48 - [MESSAGE][PASSED] - Delayed 1 second(s)

2018-05-14 14:00:48 - [TEST_STEP][PASSED] - selectOptionByIndex: All options with index in [6] are selected on object 'Object Repository/MOH AND GRN/Page_KDMC - CMS/select_--Select--Amikacin -500'

2018-05-14 14:00:49 - [MESSAGE][PASSED] - All options with index in [6] are selected on object 'Object Repository/MOH AND GRN/Page_KDMC - CMS/select_--Select--Amikacin -500'

2018-05-14 14:00:49 - [TEST_STEP][PASSED] - setText: Text '5000' is set on object 'Object Repository/MOH AND GRN/Page_KDMC - CMS/input_txtqty'

2018-05-14 14:00:49 - [MESSAGE][PASSED] - Text '5000' is set on object 'Object Repository/MOH AND GRN/Page_KDMC - CMS/input_txtqty'

2018-05-14 14:00:49 - [TEST_STEP][PASSED] - selectOptionByIndex: All options with index in [1] are selected on object 'Object Repository/MOH AND GRN/Page_KDMC - CMS/select_--Select--No Tax0'

2018-05-14 14:00:49 - [MESSAGE][PASSED] - All options with index in [1] are selected on object 'Object Repository/MOH AND GRN/Page_KDMC - CMS/select_--Select--No Tax0'

2018-05-14 14:00:49 - [TEST_STEP][PASSED] - setText: Finding Test Object with id 'Object Repository/MOH AND GRN/Page_KDMC - CMS/input_txtmrp'

2018-05-14 14:00:49 - [TEST_STEP][PASSED] - Statement - switch (id): Finding Test Object with id 'Object Repository/MOH AND GRN/Page_KDMC - CMS/input_txtdeal'

2018-05-14 14:00:49 - [TEST_STEP][PASSED] - Statement - case 4:: Text '40.0' is set on object 'Object Repository/MOH AND GRN/Page_KDMC - CMS/input_txtmrp'

2018-05-14 14:00:49 - [TEST_STEP][PASSED] - Statement - return (java.lang.Math.floor((java.lang.Math.random() * ((max - min) + 1))) + min): Text '40.0' is set on object 'Object Repository/MOH AND GRN/Page_KDMC - CMS/input_txtmrp'

2018-05-14 14:00:49 - [MESSAGE][PASSED] - Text '40.0' is set on object 'Object Repository/MOH AND GRN/Page_KDMC - CMS/input_txtmrp'

2018-05-14 14:00:49 - [TEST_STEP][PASSED] - setText: Finding Test Object with id 'Object Repository/MOH AND GRN/Page_KDMC - CMS/input_txtdeal'

2018-05-14 14:00:49 - [TEST_STEP][PASSED] - Statement - switch (id): Finding Test Object with id 'Object Repository/MOH AND GRN/Page_KDMC - CMS/input_txtbatchno'

2018-05-14 14:00:49 - [TEST_STEP][PASSED] - Statement - case 5:: Text '5.0' is set on object 'Object Repository/MOH AND GRN/Page_KDMC - CMS/input_txtdeal'

2018-05-14 14:00:49 - [TEST_STEP][PASSED] - Statement - return (java.lang.Math.floor((java.lang.Math.random() * ((max - min) + 1))) + min): Text '5.0' is set on object 'Object Repository/MOH AND GRN/Page_KDMC - CMS/input_txtdeal'

2018-05-14 14:00:49 - [MESSAGE][PASSED] - Text '5.0' is set on object 'Object Repository/MOH AND GRN/Page_KDMC - CMS/input_txtdeal'

2018-05-14 14:00:49 - [TEST_STEP][PASSED] - setText: Finding Test Object with id 'Object Repository/MOH AND GRN/Page_KDMC - CMS/input_txtbatchno'

2018-05-14 14:00:49 - [TEST_STEP][PASSED] - Statement - switch (id): Finding Test Object with id 'Object Repository/MOH AND GRN/Page_KDMC - CMS/input_txtmrp'

2018-05-14 14:00:49 - [TEST_STEP][PASSED] - Statement - case 1:: Text 'BA728.0' is set on object 'Object Repository/MOH AND GRN/Page_KDMC - CMS/input_txtbatchno'

2018-05-14 14:00:49 - [TEST_STEP][PASSED] - Statement - return (java.lang.Math.floor((java.lang.Math.random() * ((max - min) + 1))) + min): Text 'BA728.0' is set on object 'Object Repository/MOH AND GRN/Page_KDMC - CMS/input_txtbatchno'

2018-05-14 14:00:49 - [MESSAGE][PASSED] - Text 'BA728.0' is set on object 'Object Repository/MOH AND GRN/Page_KDMC - CMS/input_txtbatchno'

2018-05-14 14:00:49 - [TEST_STEP][PASSED] - rightClick: Object: 'Object Repository/GRN/Page_KDMC - CMS/input_txtexpdate' is right clicked on

2018-05-14 14:00:49 - [MESSAGE][PASSED] - Object: 'Object Repository/GRN/Page_KDMC - CMS/input_txtexpdate' is right clicked on

2018-05-14 14:00:49 - [TEST_STEP][PASSED] - selectOptionByIndex: All options with index in [6] are selected on object 'Object Repository/GRN/Page_KDMC - CMS/select_20182019202020212022202'

2018-05-14 14:00:49 - [MESSAGE][PASSED] - All options with index in [6] are selected on object 'Object Repository/GRN/Page_KDMC - CMS/select_20182019202020212022202'

2018-05-14 14:00:49 - [TEST_STEP][PASSED] - selectOptionByIndex: All options with index in [6] are selected on object 'Object Repository/GRN/Page_KDMC - CMS/select_JanFebMarAprMayJunJulAu'

2018-05-14 14:00:50 - [MESSAGE][PASSED] - All options with index in [6] are selected on object 'Object Repository/GRN/Page_KDMC - CMS/select_JanFebMarAprMayJunJulAu'

2018-05-14 14:00:50 - [TEST_STEP][PASSED] - click: Object: 'Object Repository/MOH AND GRN/Page_KDMC - CMS/a_12' is clicked on

2018-05-14 14:00:50 - [MESSAGE][PASSED] - Object: 'Object Repository/MOH AND GRN/Page_KDMC - CMS/a_12' is clicked on

2018-05-14 14:00:50 - [TEST_STEP][PASSED] - click: Object: 'Object Repository/MOH AND GRN/Page_KDMC - CMS/input_btnadd' is clicked on

2018-05-14 14:00:50 - [MESSAGE][PASSED] - Object: 'Object Repository/MOH AND GRN/Page_KDMC - CMS/input_btnadd' is clicked on

2018-05-14 14:00:50 - [TEST_STEP][PASSED] - Statement - If (s == 10): null

2018-05-14 14:00:50 - [TEST_STEP][PASSED] - Statement - Else: null

2018-05-14 14:00:50 - [TEST_STEP][PASSED] - Statement - (s++): null

2018-05-14 14:00:50 - [TEST_STEP][PASSED] - delay: Delayed 1 second(s)

2018-05-14 14:00:51 - [MESSAGE][PASSED] - Delayed 1 second(s)

2018-05-14 14:00:51 - [TEST_STEP][PASSED] - selectOptionByIndex: All options with index in [7] are selected on object 'Object Repository/MOH AND GRN/Page_KDMC - CMS/select_--Select--Amikacin -500'

2018-05-14 14:00:51 - [MESSAGE][PASSED] - All options with index in [7] are selected on object 'Object Repository/MOH AND GRN/Page_KDMC - CMS/select_--Select--Amikacin -500'

2018-05-14 14:00:51 - [TEST_STEP][PASSED] - setText: Text '5000' is set on object 'Object Repository/MOH AND GRN/Page_KDMC - CMS/input_txtqty'

2018-05-14 14:00:51 - [MESSAGE][PASSED] - Text '5000' is set on object 'Object Repository/MOH AND GRN/Page_KDMC - CMS/input_txtqty'

2018-05-14 14:00:51 - [TEST_STEP][PASSED] - selectOptionByIndex: All options with index in [1] are selected on object 'Object Repository/MOH AND GRN/Page_KDMC - CMS/select_--Select--No Tax0'

2018-05-14 14:00:51 - [MESSAGE][PASSED] - All options with index in [1] are selected on object 'Object Repository/MOH AND GRN/Page_KDMC - CMS/select_--Select--No Tax0'

2018-05-14 14:00:51 - [TEST_STEP][PASSED] - setText: Finding Test Object with id 'Object Repository/MOH AND GRN/Page_KDMC - CMS/input_txtmrp'

2018-05-14 14:00:51 - [TEST_STEP][PASSED] - Statement - switch (id): Finding Test Object with id 'Object Repository/MOH AND GRN/Page_KDMC - CMS/input_txtdeal'

2018-05-14 14:00:51 - [TEST_STEP][PASSED] - Statement - case 4:: Text '31.0' is set on object 'Object Repository/MOH AND GRN/Page_KDMC - CMS/input_txtmrp'

2018-05-14 14:00:51 - [TEST_STEP][PASSED] - Statement - return (java.lang.Math.floor((java.lang.Math.random() * ((max - min) + 1))) + min): Text '31.0' is set on object 'Object Repository/MOH AND GRN/Page_KDMC - CMS/input_txtmrp'

2018-05-14 14:00:51 - [MESSAGE][PASSED] - Text '31.0' is set on object 'Object Repository/MOH AND GRN/Page_KDMC - CMS/input_txtmrp'

2018-05-14 14:00:51 - [TEST_STEP][PASSED] - setText: Finding Test Object with id 'Object Repository/MOH AND GRN/Page_KDMC - CMS/input_txtdeal'

2018-05-14 14:00:51 - [TEST_STEP][PASSED] - Statement - switch (id): Finding Test Object with id 'Object Repository/MOH AND GRN/Page_KDMC - CMS/input_txtbatchno'

2018-05-14 14:00:51 - [TEST_STEP][PASSED] - Statement - case 5:: Text '7.0' is set on object 'Object Repository/MOH AND GRN/Page_KDMC - CMS/input_txtdeal'

2018-05-14 14:00:51 - [TEST_STEP][PASSED] - Statement - return (java.lang.Math.floor((java.lang.Math.random() * ((max - min) + 1))) + min): Text '7.0' is set on object 'Object Repository/MOH AND GRN/Page_KDMC - CMS/input_txtdeal'

2018-05-14 14:00:51 - [MESSAGE][PASSED] - Text '7.0' is set on object 'Object Repository/MOH AND GRN/Page_KDMC - CMS/input_txtdeal'

2018-05-14 14:00:51 - [TEST_STEP][PASSED] - setText: Finding Test Object with id 'Object Repository/MOH AND GRN/Page_KDMC - CMS/input_txtbatchno'

2018-05-14 14:00:51 - [TEST_STEP][PASSED] - Statement - switch (id): Finding Test Object with id 'Object Repository/MOH AND GRN/Page_KDMC - CMS/input_txtmrp'

2018-05-14 14:00:51 - [TEST_STEP][PASSED] - Statement - case 1:: Text 'BA840.0' is set on object 'Object Repository/MOH AND GRN/Page_KDMC - CMS/input_txtbatchno'

2018-05-14 14:00:51 - [TEST_STEP][PASSED] - Statement - return (java.lang.Math.floor((java.lang.Math.random() * ((max - min) + 1))) + min): Text 'BA840.0' is set on object 'Object Repository/MOH AND GRN/Page_KDMC - CMS/input_txtbatchno'

2018-05-14 14:00:51 - [MESSAGE][PASSED] - Text 'BA840.0' is set on object 'Object Repository/MOH AND GRN/Page_KDMC - CMS/input_txtbatchno'

2018-05-14 14:00:51 - [TEST_STEP][PASSED] - rightClick: Object: 'Object Repository/GRN/Page_KDMC - CMS/input_txtexpdate' is right clicked on

2018-05-14 14:00:52 - [MESSAGE][PASSED] - Object: 'Object Repository/GRN/Page_KDMC - CMS/input_txtexpdate' is right clicked on

2018-05-14 14:00:52 - [TEST_STEP][PASSED] - selectOptionByIndex: All options with index in [7] are selected on object 'Object Repository/GRN/Page_KDMC - CMS/select_20182019202020212022202'

2018-05-14 14:00:52 - [MESSAGE][PASSED] - All options with index in [7] are selected on object 'Object Repository/GRN/Page_KDMC - CMS/select_20182019202020212022202'

2018-05-14 14:00:52 - [TEST_STEP][PASSED] - selectOptionByIndex: All options with index in [7] are selected on object 'Object Repository/GRN/Page_KDMC - CMS/select_JanFebMarAprMayJunJulAu'

2018-05-14 14:00:52 - [MESSAGE][PASSED] - All options with index in [7] are selected on object 'Object Repository/GRN/Page_KDMC - CMS/select_JanFebMarAprMayJunJulAu'

2018-05-14 14:00:52 - [TEST_STEP][PASSED] - click: Object: 'Object Repository/MOH AND GRN/Page_KDMC - CMS/a_12' is clicked on

2018-05-14 14:00:52 - [MESSAGE][PASSED] - Object: 'Object Repository/MOH AND GRN/Page_KDMC - CMS/a_12' is clicked on

2018-05-14 14:00:52 - [TEST_STEP][PASSED] - click: Object: 'Object Repository/MOH AND GRN/Page_KDMC - CMS/input_btnadd' is clicked on

2018-05-14 14:00:52 - [MESSAGE][PASSED] - Object: 'Object Repository/MOH AND GRN/Page_KDMC - CMS/input_btnadd' is clicked on

2018-05-14 14:00:52 - [TEST_STEP][PASSED] - Statement - If (s == 10): null

2018-05-14 14:00:52 - [TEST_STEP][PASSED] - Statement - Else: null

2018-05-14 14:00:52 - [TEST_STEP][PASSED] - Statement - (s++): null

2018-05-14 14:00:52 - [TEST_STEP][PASSED] - delay: Delayed 1 second(s)

2018-05-14 14:00:53 - [MESSAGE][PASSED] - Delayed 1 second(s)

2018-05-14 14:00:53 - [TEST_STEP][PASSED] - selectOptionByIndex: All options with index in [8] are selected on object 'Object Repository/MOH AND GRN/Page_KDMC - CMS/select_--Select--Amikacin -500'

2018-05-14 14:00:53 - [MESSAGE][PASSED] - All options with index in [8] are selected on object 'Object Repository/MOH AND GRN/Page_KDMC - CMS/select_--Select--Amikacin -500'

2018-05-14 14:00:53 - [TEST_STEP][PASSED] - setText: Text '5000' is set on object 'Object Repository/MOH AND GRN/Page_KDMC - CMS/input_txtqty'

2018-05-14 14:00:53 - [MESSAGE][PASSED] - Text '5000' is set on object 'Object Repository/MOH AND GRN/Page_KDMC - CMS/input_txtqty'

2018-05-14 14:00:53 - [TEST_STEP][PASSED] - selectOptionByIndex: All options with index in [1] are selected on object 'Object Repository/MOH AND GRN/Page_KDMC - CMS/select_--Select--No Tax0'

2018-05-14 14:00:54 - [MESSAGE][PASSED] - All options with index in [1] are selected on object 'Object Repository/MOH AND GRN/Page_KDMC - CMS/select_--Select--No Tax0'

2018-05-14 14:00:54 - [TEST_STEP][PASSED] - setText: Finding Test Object with id 'Object Repository/MOH AND GRN/Page_KDMC - CMS/input_txtmrp'

2018-05-14 14:00:54 - [TEST_STEP][PASSED] - Statement - switch (id): Finding Test Object with id 'Object Repository/MOH AND GRN/Page_KDMC - CMS/input_txtdeal'

2018-05-14 14:00:54 - [TEST_STEP][PASSED] - Statement - case 4:: Text '28.0' is set on object 'Object Repository/MOH AND GRN/Page_KDMC - CMS/input_txtmrp'

2018-05-14 14:00:54 - [TEST_STEP][PASSED] - Statement - return (java.lang.Math.floor((java.lang.Math.random() * ((max - min) + 1))) + min): Text '28.0' is set on object 'Object Repository/MOH AND GRN/Page_KDMC - CMS/input_txtmrp'

2018-05-14 14:00:54 - [MESSAGE][PASSED] - Text '28.0' is set on object 'Object Repository/MOH AND GRN/Page_KDMC - CMS/input_txtmrp'

2018-05-14 14:00:54 - [TEST_STEP][PASSED] - setText: Finding Test Object with id 'Object Repository/MOH AND GRN/Page_KDMC - CMS/input_txtdeal'

2018-05-14 14:00:54 - [TEST_STEP][PASSED] - Statement - switch (id): Finding Test Object with id 'Object Repository/MOH AND GRN/Page_KDMC - CMS/input_txtbatchno'

2018-05-14 14:00:54 - [TEST_STEP][PASSED] - Statement - case 5:: Text '11.0' is set on object 'Object Repository/MOH AND GRN/Page_KDMC - CMS/input_txtdeal'

2018-05-14 14:00:54 - [TEST_STEP][PASSED] - Statement - return (java.lang.Math.floor((java.lang.Math.random() * ((max - min) + 1))) + min): Text '11.0' is set on object 'Object Repository/MOH AND GRN/Page_KDMC - CMS/input_txtdeal'

2018-05-14 14:00:54 - [MESSAGE][PASSED] - Text '11.0' is set on object 'Object Repository/MOH AND GRN/Page_KDMC - CMS/input_txtdeal'

2018-05-14 14:00:54 - [TEST_STEP][PASSED] - setText: Finding Test Object with id 'Object Repository/MOH AND GRN/Page_KDMC - CMS/input_txtbatchno'

2018-05-14 14:00:54 - [TEST_STEP][PASSED] - Statement - switch (id): Finding Test Object with id 'Object Repository/MOH AND GRN/Page_KDMC - CMS/input_txtmrp'

2018-05-14 14:00:54 - [TEST_STEP][PASSED] - Statement - case 1:: Text 'BA323.0' is set on object 'Object Repository/MOH AND GRN/Page_KDMC - CMS/input_txtbatchno'

2018-05-14 14:00:54 - [TEST_STEP][PASSED] - Statement - return (java.lang.Math.floor((java.lang.Math.random() * ((max - min) + 1))) + min): Text 'BA323.0' is set on object 'Object Repository/MOH AND GRN/Page_KDMC - CMS/input_txtbatchno'

2018-05-14 14:00:54 - [MESSAGE][PASSED] - Text 'BA323.0' is set on object 'Object Repository/MOH AND GRN/Page_KDMC - CMS/input_txtbatchno'

2018-05-14 14:00:54 - [TEST_STEP][PASSED] - rightClick: Object: 'Object Repository/GRN/Page_KDMC - CMS/input_txtexpdate' is right clicked on

2018-05-14 14:00:54 - [MESSAGE][PASSED] - Object: 'Object Repository/GRN/Page_KDMC - CMS/input_txtexpdate' is right clicked on

2018-05-14 14:00:54 - [TEST_STEP][PASSED] - selectOptionByIndex: All options with index in [8] are selected on object 'Object Repository/GRN/Page_KDMC - CMS/select_20182019202020212022202'

2018-05-14 14:00:54 - [MESSAGE][PASSED] - All options with index in [8] are selected on object 'Object Repository/GRN/Page_KDMC - CMS/select_20182019202020212022202'

2018-05-14 14:00:54 - [TEST_STEP][PASSED] - selectOptionByIndex: All options with index in [8] are selected on object 'Object Repository/GRN/Page_KDMC - CMS/select_JanFebMarAprMayJunJulAu'

2018-05-14 14:00:54 - [MESSAGE][PASSED] - All options with index in [8] are selected on object 'Object Repository/GRN/Page_KDMC - CMS/select_JanFebMarAprMayJunJulAu'

2018-05-14 14:00:54 - [TEST_STEP][PASSED] - click: Object: 'Object Repository/MOH AND GRN/Page_KDMC - CMS/a_12' is clicked on

2018-05-14 14:00:55 - [MESSAGE][PASSED] - Object: 'Object Repository/MOH AND GRN/Page_KDMC - CMS/a_12' is clicked on

2018-05-14 14:00:55 - [TEST_STEP][PASSED] - click: Object: 'Object Repository/MOH AND GRN/Page_KDMC - CMS/input_btnadd' is clicked on

2018-05-14 14:00:55 - [MESSAGE][PASSED] - Object: 'Object Repository/MOH AND GRN/Page_KDMC - CMS/input_btnadd' is clicked on

2018-05-14 14:00:55 - [TEST_STEP][PASSED] - Statement - If (s == 10): null

2018-05-14 14:00:55 - [TEST_STEP][PASSED] - Statement - Else: null

2018-05-14 14:00:55 - [TEST_STEP][PASSED] - Statement - (s++): null

2018-05-14 14:00:55 - [TEST_STEP][PASSED] - delay: Delayed 1 second(s)

2018-05-14 14:00:56 - [MESSAGE][PASSED] - Delayed 1 second(s)

2018-05-14 14:00:56 - [TEST_STEP][PASSED] - selectOptionByIndex: All options with index in [9] are selected on object 'Object Repository/MOH AND GRN/Page_KDMC - CMS/select_--Select--Amikacin -500'

2018-05-14 14:00:56 - [MESSAGE][PASSED] - All options with index in [9] are selected on object 'Object Repository/MOH AND GRN/Page_KDMC - CMS/select_--Select--Amikacin -500'

2018-05-14 14:00:56 - [TEST_STEP][PASSED] - setText: Text '5000' is set on object 'Object Repository/MOH AND GRN/Page_KDMC - CMS/input_txtqty'

2018-05-14 14:00:56 - [MESSAGE][PASSED] - Text '5000' is set on object 'Object Repository/MOH AND GRN/Page_KDMC - CMS/input_txtqty'

2018-05-14 14:00:56 - [TEST_STEP][PASSED] - selectOptionByIndex: All options with index in [1] are selected on object 'Object Repository/MOH AND GRN/Page_KDMC - CMS/select_--Select--No Tax0'

2018-05-14 14:00:56 - [MESSAGE][PASSED] - All options with index in [1] are selected on object 'Object Repository/MOH AND GRN/Page_KDMC - CMS/select_--Select--No Tax0'

2018-05-14 14:00:56 - [TEST_STEP][PASSED] - setText: Finding Test Object with id 'Object Repository/MOH AND GRN/Page_KDMC - CMS/input_txtmrp'

2018-05-14 14:00:56 - [TEST_STEP][PASSED] - Statement - switch (id): Finding Test Object with id 'Object Repository/MOH AND GRN/Page_KDMC - CMS/input_txtdeal'

2018-05-14 14:00:56 - [TEST_STEP][PASSED] - Statement - case 4:: Text '20.0' is set on object 'Object Repository/MOH AND GRN/Page_KDMC - CMS/input_txtmrp'

2018-05-14 14:00:56 - [TEST_STEP][PASSED] - Statement - return (java.lang.Math.floor((java.lang.Math.random() * ((max - min) + 1))) + min): Text '20.0' is set on object 'Object Repository/MOH AND GRN/Page_KDMC - CMS/input_txtmrp'

2018-05-14 14:00:56 - [MESSAGE][PASSED] - Text '20.0' is set on object 'Object Repository/MOH AND GRN/Page_KDMC - CMS/input_txtmrp'

2018-05-14 14:00:56 - [TEST_STEP][PASSED] - setText: Finding Test Object with id 'Object Repository/MOH AND GRN/Page_KDMC - CMS/input_txtdeal'

2018-05-14 14:00:56 - [TEST_STEP][PASSED] - Statement - switch (id): Finding Test Object with id 'Object Repository/MOH AND GRN/Page_KDMC - CMS/input_txtbatchno'

2018-05-14 14:00:56 - [TEST_STEP][PASSED] - Statement - case 5:: Text '6.0' is set on object 'Object Repository/MOH AND GRN/Page_KDMC - CMS/input_txtdeal'

2018-05-14 14:00:56 - [TEST_STEP][PASSED] - Statement - return (java.lang.Math.floor((java.lang.Math.random() * ((max - min) + 1))) + min): Text '6.0' is set on object 'Object Repository/MOH AND GRN/Page_KDMC - CMS/input_txtdeal'

2018-05-14 14:00:56 - [MESSAGE][PASSED] - Text '6.0' is set on object 'Object Repository/MOH AND GRN/Page_KDMC - CMS/input_txtdeal'

2018-05-14 14:00:56 - [TEST_STEP][PASSED] - setText: Finding Test Object with id 'Object Repository/MOH AND GRN/Page_KDMC - CMS/input_txtbatchno'

2018-05-14 14:00:56 - [TEST_STEP][PASSED] - Statement - switch (id): Finding Test Object with id 'Object Repository/MOH AND GRN/Page_KDMC - CMS/input_txtmrp'

2018-05-14 14:00:56 - [TEST_STEP][PASSED] - Statement - case 1:: Text 'BA67.0' is set on object 'Object Repository/MOH AND GRN/Page_KDMC - CMS/input_txtbatchno'

2018-05-14 14:00:56 - [TEST_STEP][PASSED] - Statement - return (java.lang.Math.floor((java.lang.Math.random() * ((max - min) + 1))) + min): Text 'BA67.0' is set on object 'Object Repository/MOH AND GRN/Page_KDMC - CMS/input_txtbatchno'

2018-05-14 14:00:56 - [MESSAGE][PASSED] - Text 'BA67.0' is set on object 'Object Repository/MOH AND GRN/Page_KDMC - CMS/input_txtbatchno'

2018-05-14 14:00:56 - [TEST_STEP][PASSED] - rightClick: Object: 'Object Repository/GRN/Page_KDMC - CMS/input_txtexpdate' is right clicked on

2018-05-14 14:00:56 - [MESSAGE][PASSED] - Object: 'Object Repository/GRN/Page_KDMC - CMS/input_txtexpdate' is right clicked on

2018-05-14 14:00:56 - [TEST_STEP][PASSED] - selectOptionByIndex: All options with index in [9] are selected on object 'Object Repository/GRN/Page_KDMC - CMS/select_20182019202020212022202'

2018-05-14 14:00:57 - [MESSAGE][PASSED] - All options with index in [9] are selected on object 'Object Repository/GRN/Page_KDMC - CMS/select_20182019202020212022202'

2018-05-14 14:00:57 - [TEST_STEP][PASSED] - selectOptionByIndex: All options with index in [9] are selected on object 'Object Repository/GRN/Page_KDMC - CMS/select_JanFebMarAprMayJunJulAu'

2018-05-14 14:00:57 - [MESSAGE][PASSED] - All options with index in [9] are selected on object 'Object Repository/GRN/Page_KDMC - CMS/select_JanFebMarAprMayJunJulAu'

2018-05-14 14:00:57 - [TEST_STEP][PASSED] - click: Object: 'Object Repository/MOH AND GRN/Page_KDMC - CMS/a_12' is clicked on

2018-05-14 14:00:57 - [MESSAGE][PASSED] - Object: 'Object Repository/MOH AND GRN/Page_KDMC - CMS/a_12' is clicked on

2018-05-14 14:00:57 - [TEST_STEP][PASSED] - click: Object: 'Object Repository/MOH AND GRN/Page_KDMC - CMS/input_btnadd' is clicked on

2018-05-14 14:00:57 - [MESSAGE][PASSED] - Object: 'Object Repository/MOH AND GRN/Page_KDMC - CMS/input_btnadd' is clicked on

2018-05-14 14:00:57 - [TEST_STEP][PASSED] - Statement - If (s == 10): null

2018-05-14 14:00:57 - [TEST_STEP][PASSED] - Statement - Else: null

2018-05-14 14:00:57 - [TEST_STEP][PASSED] - Statement - (s++): null

2018-05-14 14:00:57 - [TEST_STEP][PASSED] - delay: Delayed 1 second(s)

2018-05-14 14:00:58 - [MESSAGE][PASSED] - Delayed 1 second(s)

2018-05-14 14:00:58 - [TEST_STEP][PASSED] - selectOptionByIndex: All options with index in [10] are selected on object 'Object Repository/MOH AND GRN/Page_KDMC - CMS/select_--Select--Amikacin -500'

2018-05-14 14:00:58 - [MESSAGE][PASSED] - All options with index in [10] are selected on object 'Object Repository/MOH AND GRN/Page_KDMC - CMS/select_--Select--Amikacin -500'

2018-05-14 14:00:58 - [TEST_STEP][PASSED] - setText: Text '5000' is set on object 'Object Repository/MOH AND GRN/Page_KDMC - CMS/input_txtqty'

2018-05-14 14:00:58 - [MESSAGE][PASSED] - Text '5000' is set on object 'Object Repository/MOH AND GRN/Page_KDMC - CMS/input_txtqty'

2018-05-14 14:00:58 - [TEST_STEP][PASSED] - selectOptionByIndex: All options with index in [1] are selected on object 'Object Repository/MOH AND GRN/Page_KDMC - CMS/select_--Select--No Tax0'

2018-05-14 14:00:59 - [MESSAGE][PASSED] - All options with index in [1] are selected on object 'Object Repository/MOH AND GRN/Page_KDMC - CMS/select_--Select--No Tax0'

2018-05-14 14:00:59 - [TEST_STEP][PASSED] - setText: Finding Test Object with id 'Object Repository/MOH AND GRN/Page_KDMC - CMS/input_txtmrp'

2018-05-14 14:00:59 - [TEST_STEP][PASSED] - Statement - switch (id): Finding Test Object with id 'Object Repository/MOH AND GRN/Page_KDMC - CMS/input_txtdeal'

2018-05-14 14:00:59 - [TEST_STEP][PASSED] - Statement - case 4:: Text '40.0' is set on object 'Object Repository/MOH AND GRN/Page_KDMC - CMS/input_txtmrp'

2018-05-14 14:00:59 - [TEST_STEP][PASSED] - Statement - return (java.lang.Math.floor((java.lang.Math.random() * ((max - min) + 1))) + min): Text '40.0' is set on object 'Object Repository/MOH AND GRN/Page_KDMC - CMS/input_txtmrp'

2018-05-14 14:00:59 - [MESSAGE][PASSED] - Text '40.0' is set on object 'Object Repository/MOH AND GRN/Page_KDMC - CMS/input_txtmrp'

2018-05-14 14:00:59 - [TEST_STEP][PASSED] - setText: Finding Test Object with id 'Object Repository/MOH AND GRN/Page_KDMC - CMS/input_txtdeal'

2018-05-14 14:00:59 - [TEST_STEP][PASSED] - Statement - switch (id): Finding Test Object with id 'Object Repository/MOH AND GRN/Page_KDMC - CMS/input_txtbatchno'

2018-05-14 14:00:59 - [TEST_STEP][PASSED] - Statement - case 5:: Text '9.0' is set on object 'Object Repository/MOH AND GRN/Page_KDMC - CMS/input_txtdeal'

2018-05-14 14:00:59 - [TEST_STEP][PASSED] - Statement - return (java.lang.Math.floor((java.lang.Math.random() * ((max - min) + 1))) + min): Text '9.0' is set on object 'Object Repository/MOH AND GRN/Page_KDMC - CMS/input_txtdeal'

2018-05-14 14:00:59 - [MESSAGE][PASSED] - Text '9.0' is set on object 'Object Repository/MOH AND GRN/Page_KDMC - CMS/input_txtdeal'

2018-05-14 14:00:59 - [TEST_STEP][PASSED] - setText: Finding Test Object with id 'Object Repository/MOH AND GRN/Page_KDMC - CMS/input_txtbatchno'

2018-05-14 14:00:59 - [TEST_STEP][PASSED] - Statement - switch (id): Finding Test Object with id 'Object Repository/MOH AND GRN/Page_KDMC - CMS/input_txtmrp'

2018-05-14 14:00:59 - [TEST_STEP][PASSED] - Statement - case 1:: Text 'BA830.0' is set on object 'Object Repository/MOH AND GRN/Page_KDMC - CMS/input_txtbatchno'

2018-05-14 14:00:59 - [TEST_STEP][PASSED] - Statement - return (java.lang.Math.floor((java.lang.Math.random() * ((max - min) + 1))) + min): Text 'BA830.0' is set on object 'Object Repository/MOH AND GRN/Page_KDMC - CMS/input_txtbatchno'

2018-05-14 14:00:59 - [MESSAGE][PASSED] - Text 'BA830.0' is set on object 'Object Repository/MOH AND GRN/Page_KDMC - CMS/input_txtbatchno'

2018-05-14 14:00:59 - [TEST_STEP][PASSED] - rightClick: Object: 'Object Repository/GRN/Page_KDMC - CMS/input_txtexpdate' is right clicked on

2018-05-14 14:00:59 - [MESSAGE][PASSED] - Object: 'Object Repository/GRN/Page_KDMC - CMS/input_txtexpdate' is right clicked on

2018-05-14 14:00:59 - [TEST_STEP][PASSED] - selectOptionByIndex: All options with index in [10] are selected on object 'Object Repository/GRN/Page_KDMC - CMS/select_20182019202020212022202'

2018-05-14 14:00:59 - [MESSAGE][PASSED] - All options with index in [10] are selected on object 'Object Repository/GRN/Page_KDMC - CMS/select_20182019202020212022202'

2018-05-14 14:00:59 - [TEST_STEP][PASSED] - selectOptionByIndex: All options with index in [10] are selected on object 'Object Repository/GRN/Page_KDMC - CMS/select_JanFebMarAprMayJunJulAu'

2018-05-14 14:00:59 - [MESSAGE][PASSED] - All options with index in [10] are selected on object 'Object Repository/GRN/Page_KDMC - CMS/select_JanFebMarAprMayJunJulAu'

2018-05-14 14:00:59 - [TEST_STEP][PASSED] - click: Object: 'Object Repository/MOH AND GRN/Page_KDMC - CMS/a_12' is clicked on

2018-05-14 14:00:59 - [MESSAGE][PASSED] - Object: 'Object Repository/MOH AND GRN/Page_KDMC - CMS/a_12' is clicked on

2018-05-14 14:00:59 - [TEST_STEP][PASSED] - click: Object: 'Object Repository/MOH AND GRN/Page_KDMC - CMS/input_btnadd' is clicked on

2018-05-14 14:01:00 - [MESSAGE][PASSED] - Object: 'Object Repository/MOH AND GRN/Page_KDMC - CMS/input_btnadd' is clicked on

2018-05-14 14:01:00 - [TEST_STEP][PASSED] - Statement - If (s == 10): null

2018-05-14 14:01:00 - [TEST_STEP][PASSED] - Statement - s = 1: null

2018-05-14 14:01:00 - [TEST_STEP][PASSED] - delay: Delayed 1 second(s)

2018-05-14 14:01:01 - [MESSAGE][PASSED] - Delayed 1 second(s)

2018-05-14 14:01:01 - [TEST_STEP][PASSED] - selectOptionByIndex: All options with index in [11] are selected on object 'Object Repository/MOH AND GRN/Page_KDMC - CMS/select_--Select--Amikacin -500'

2018-05-14 14:01:01 - [MESSAGE][PASSED] - All options with index in [11] are selected on object 'Object Repository/MOH AND GRN/Page_KDMC - CMS/select_--Select--Amikacin -500'

2018-05-14 14:01:01 - [TEST_STEP][PASSED] - setText: Text '5000' is set on object 'Object Repository/MOH AND GRN/Page_KDMC - CMS/input_txtqty'

2018-05-14 14:01:01 - [MESSAGE][PASSED] - Text '5000' is set on object 'Object Repository/MOH AND GRN/Page_KDMC - CMS/input_txtqty'

2018-05-14 14:01:01 - [TEST_STEP][PASSED] - selectOptionByIndex: All options with index in [1] are selected on object 'Object Repository/MOH AND GRN/Page_KDMC - CMS/select_--Select--No Tax0'

2018-05-14 14:01:01 - [MESSAGE][PASSED] - All options with index in [1] are selected on object 'Object Repository/MOH AND GRN/Page_KDMC - CMS/select_--Select--No Tax0'

2018-05-14 14:01:01 - [TEST_STEP][PASSED] - setText: Finding Test Object with id 'Object Repository/MOH AND GRN/Page_KDMC - CMS/input_txtmrp'

2018-05-14 14:01:01 - [TEST_STEP][PASSED] - Statement - switch (id): Finding Test Object with id 'Object Repository/MOH AND GRN/Page_KDMC - CMS/input_txtdeal'

2018-05-14 14:01:01 - [TEST_STEP][PASSED] - Statement - case 4:: Text '40.0' is set on object 'Object Repository/MOH AND GRN/Page_KDMC - CMS/input_txtmrp'

2018-05-14 14:01:01 - [TEST_STEP][PASSED] - Statement - return (java.lang.Math.floor((java.lang.Math.random() * ((max - min) + 1))) + min): Text '40.0' is set on object 'Object Repository/MOH AND GRN/Page_KDMC - CMS/input_txtmrp'

2018-05-14 14:01:01 - [MESSAGE][PASSED] - Text '40.0' is set on object 'Object Repository/MOH AND GRN/Page_KDMC - CMS/input_txtmrp'

2018-05-14 14:01:01 - [TEST_STEP][PASSED] - setText: Finding Test Object with id 'Object Repository/MOH AND GRN/Page_KDMC - CMS/input_txtdeal'

2018-05-14 14:01:01 - [TEST_STEP][PASSED] - Statement - switch (id): Finding Test Object with id 'Object Repository/MOH AND GRN/Page_KDMC - CMS/input_txtbatchno'

2018-05-14 14:01:01 - [TEST_STEP][PASSED] - Statement - case 5:: Text '9.0' is set on object 'Object Repository/MOH AND GRN/Page_KDMC - CMS/input_txtdeal'

2018-05-14 14:01:01 - [TEST_STEP][PASSED] - Statement - return (java.lang.Math.floor((java.lang.Math.random() * ((max - min) + 1))) + min): Text '9.0' is set on object 'Object Repository/MOH AND GRN/Page_KDMC - CMS/input_txtdeal'

2018-05-14 14:01:01 - [MESSAGE][PASSED] - Text '9.0' is set on object 'Object Repository/MOH AND GRN/Page_KDMC - CMS/input_txtdeal'

2018-05-14 14:01:01 - [TEST_STEP][PASSED] - setText: Finding Test Object with id 'Object Repository/MOH AND GRN/Page_KDMC - CMS/input_txtbatchno'

2018-05-14 14:01:01 - [TEST_STEP][PASSED] - Statement - switch (id): Finding Test Object with id 'Object Repository/MOH AND GRN/Page_KDMC - CMS/input_txtmrp'

2018-05-14 14:01:01 - [TEST_STEP][PASSED] - Statement - case 1:: Text 'BA822.0' is set on object 'Object Repository/MOH AND GRN/Page_KDMC - CMS/input_txtbatchno'

2018-05-14 14:01:01 - [TEST_STEP][PASSED] - Statement - return (java.lang.Math.floor((java.lang.Math.random() * ((max - min) + 1))) + min): Text 'BA822.0' is set on object 'Object Repository/MOH AND GRN/Page_KDMC - CMS/input_txtbatchno'

2018-05-14 14:01:01 - [MESSAGE][PASSED] - Text 'BA822.0' is set on object 'Object Repository/MOH AND GRN/Page_KDMC - CMS/input_txtbatchno'

2018-05-14 14:01:01 - [TEST_STEP][PASSED] - rightClick: Object: 'Object Repository/GRN/Page_KDMC - CMS/input_txtexpdate' is right clicked on

2018-05-14 14:01:01 - [MESSAGE][PASSED] - Object: 'Object Repository/GRN/Page_KDMC - CMS/input_txtexpdate' is right clicked on

2018-05-14 14:01:01 - [TEST_STEP][PASSED] - selectOptionByIndex: All options with index in [1] are selected on object 'Object Repository/GRN/Page_KDMC - CMS/select_20182019202020212022202'

2018-05-14 14:01:02 - [MESSAGE][PASSED] - All options with index in [1] are selected on object 'Object Repository/GRN/Page_KDMC - CMS/select_20182019202020212022202'

2018-05-14 14:01:02 - [TEST_STEP][PASSED] - selectOptionByIndex: All options with index in [1] are selected on object 'Object Repository/GRN/Page_KDMC - CMS/select_JanFebMarAprMayJunJulAu'

2018-05-14 14:01:02 - [MESSAGE][PASSED] - All options with index in [1] are selected on object 'Object Repository/GRN/Page_KDMC - CMS/select_JanFebMarAprMayJunJulAu'

2018-05-14 14:01:02 - [TEST_STEP][PASSED] - click: Object: 'Object Repository/MOH AND GRN/Page_KDMC - CMS/a_12' is clicked on

2018-05-14 14:01:02 - [MESSAGE][PASSED] - Object: 'Object Repository/MOH AND GRN/Page_KDMC - CMS/a_12' is clicked on

2018-05-14 14:01:02 - [TEST_STEP][PASSED] - click: Object: 'Object Repository/MOH AND GRN/Page_KDMC - CMS/input_btnadd' is clicked on

2018-05-14 14:01:02 - [MESSAGE][PASSED] - Object: 'Object Repository/MOH AND GRN/Page_KDMC - CMS/input_btnadd' is clicked on

2018-05-14 14:01:02 - [TEST_STEP][PASSED] - Statement - If (s == 10): null

2018-05-14 14:01:02 - [TEST_STEP][PASSED] - Statement - Else: null

2018-05-14 14:01:02 - [TEST_STEP][PASSED] - Statement - (s++): null

2018-05-14 14:01:02 - [TEST_STEP][PASSED] - delay: Delayed 1 second(s)

2018-05-14 14:01:03 - [MESSAGE][PASSED] - Delayed 1 second(s)

2018-05-14 14:01:03 - [TEST_STEP][PASSED] - selectOptionByIndex: All options with index in [12] are selected on object 'Object Repository/MOH AND GRN/Page_KDMC - CMS/select_--Select--Amikacin -500'

2018-05-14 14:01:03 - [MESSAGE][PASSED] - All options with index in [12] are selected on object 'Object Repository/MOH AND GRN/Page_KDMC - CMS/select_--Select--Amikacin -500'

2018-05-14 14:01:03 - [TEST_STEP][PASSED] - setText: Text '5000' is set on object 'Object Repository/MOH AND GRN/Page_KDMC - CMS/input_txtqty'

2018-05-14 14:01:03 - [MESSAGE][PASSED] - Text '5000' is set on object 'Object Repository/MOH AND GRN/Page_KDMC - CMS/input_txtqty'

2018-05-14 14:01:03 - [TEST_STEP][PASSED] - selectOptionByIndex: All options with index in [1] are selected on object 'Object Repository/MOH AND GRN/Page_KDMC - CMS/select_--Select--No Tax0'

2018-05-14 14:01:04 - [MESSAGE][PASSED] - All options with index in [1] are selected on object 'Object Repository/MOH AND GRN/Page_KDMC - CMS/select_--Select--No Tax0'

2018-05-14 14:01:04 - [TEST_STEP][PASSED] - setText: Finding Test Object with id 'Object Repository/MOH AND GRN/Page_KDMC - CMS/input_txtmrp'

2018-05-14 14:01:04 - [TEST_STEP][PASSED] - Statement - switch (id): Finding Test Object with id 'Object Repository/MOH AND GRN/Page_KDMC - CMS/input_txtdeal'

2018-05-14 14:01:04 - [TEST_STEP][PASSED] - Statement - case 4:: Text '36.0' is set on object 'Object Repository/MOH AND GRN/Page_KDMC - CMS/input_txtmrp'

2018-05-14 14:01:04 - [TEST_STEP][PASSED] - Statement - return (java.lang.Math.floor((java.lang.Math.random() * ((max - min) + 1))) + min): Text '36.0' is set on object 'Object Repository/MOH AND GRN/Page_KDMC - CMS/input_txtmrp'

2018-05-14 14:01:04 - [MESSAGE][PASSED] - Text '36.0' is set on object 'Object Repository/MOH AND GRN/Page_KDMC - CMS/input_txtmrp'

2018-05-14 14:01:04 - [TEST_STEP][PASSED] - setText: Finding Test Object with id 'Object Repository/MOH AND GRN/Page_KDMC - CMS/input_txtdeal'

2018-05-14 14:01:04 - [TEST_STEP][PASSED] - Statement - switch (id): Finding Test Object with id 'Object Repository/MOH AND GRN/Page_KDMC - CMS/input_txtbatchno'

2018-05-14 14:01:04 - [TEST_STEP][PASSED] - Statement - case 5:: Text '10.0' is set on object 'Object Repository/MOH AND GRN/Page_KDMC - CMS/input_txtdeal'

2018-05-14 14:01:04 - [TEST_STEP][PASSED] - Statement - return (java.lang.Math.floor((java.lang.Math.random() * ((max - min) + 1))) + min): Text '10.0' is set on object 'Object Repository/MOH AND GRN/Page_KDMC - CMS/input_txtdeal'

2018-05-14 14:01:04 - [MESSAGE][PASSED] - Text '10.0' is set on object 'Object Repository/MOH AND GRN/Page_KDMC - CMS/input_txtdeal'

2018-05-14 14:01:04 - [TEST_STEP][PASSED] - setText: Finding Test Object with id 'Object Repository/MOH AND GRN/Page_KDMC - CMS/input_txtbatchno'

2018-05-14 14:01:04 - [TEST_STEP][PASSED] - Statement - switch (id): Finding Test Object with id 'Object Repository/MOH AND GRN/Page_KDMC - CMS/input_txtmrp'

2018-05-14 14:01:04 - [TEST_STEP][PASSED] - Statement - case 1:: Text 'BA890.0' is set on object 'Object Repository/MOH AND GRN/Page_KDMC - CMS/input_txtbatchno'

2018-05-14 14:01:04 - [TEST_STEP][PASSED] - Statement - return (java.lang.Math.floor((java.lang.Math.random() * ((max - min) + 1))) + min): Text 'BA890.0' is set on object 'Object Repository/MOH AND GRN/Page_KDMC - CMS/input_txtbatchno'

2018-05-14 14:01:04 - [MESSAGE][PASSED] - Text 'BA890.0' is set on object 'Object Repository/MOH AND GRN/Page_KDMC - CMS/input_txtbatchno'

2018-05-14 14:01:04 - [TEST_STEP][PASSED] - rightClick: Object: 'Object Repository/GRN/Page_KDMC - CMS/input_txtexpdate' is right clicked on

2018-05-14 14:01:04 - [MESSAGE][PASSED] - Object: 'Object Repository/GRN/Page_KDMC - CMS/input_txtexpdate' is right clicked on

2018-05-14 14:01:04 - [TEST_STEP][PASSED] - selectOptionByIndex: All options with index in [2] are selected on object 'Object Repository/GRN/Page_KDMC - CMS/select_20182019202020212022202'

2018-05-14 14:01:04 - [MESSAGE][PASSED] - All options with index in [2] are selected on object 'Object Repository/GRN/Page_KDMC - CMS/select_20182019202020212022202'

2018-05-14 14:01:04 - [TEST_STEP][PASSED] - selectOptionByIndex: All options with index in [2] are selected on object 'Object Repository/GRN/Page_KDMC - CMS/select_JanFebMarAprMayJunJulAu'

2018-05-14 14:01:04 - [MESSAGE][PASSED] - All options with index in [2] are selected on object 'Object Repository/GRN/Page_KDMC - CMS/select_JanFebMarAprMayJunJulAu'

2018-05-14 14:01:04 - [TEST_STEP][PASSED] - click: Object: 'Object Repository/MOH AND GRN/Page_KDMC - CMS/a_12' is clicked on

2018-05-14 14:01:04 - [MESSAGE][PASSED] - Object: 'Object Repository/MOH AND GRN/Page_KDMC - CMS/a_12' is clicked on

2018-05-14 14:01:04 - [TEST_STEP][PASSED] - click: Object: 'Object Repository/MOH AND GRN/Page_KDMC - CMS/input_btnadd' is clicked on

2018-05-14 14:01:05 - [MESSAGE][PASSED] - Object: 'Object Repository/MOH AND GRN/Page_KDMC - CMS/input_btnadd' is clicked on

2018-05-14 14:01:05 - [TEST_STEP][PASSED] - Statement - If (s == 10): null

2018-05-14 14:01:05 - [TEST_STEP][PASSED] - Statement - Else: null

2018-05-14 14:01:05 - [TEST_STEP][PASSED] - Statement - (s++): null

2018-05-14 14:01:05 - [TEST_STEP][PASSED] - delay: Delayed 1 second(s)

2018-05-14 14:01:06 - [MESSAGE][PASSED] - Delayed 1 second(s)

2018-05-14 14:01:06 - [TEST_STEP][PASSED] - selectOptionByIndex: All options with index in [13] are selected on object 'Object Repository/MOH AND GRN/Page_KDMC - CMS/select_--Select--Amikacin -500'

2018-05-14 14:01:06 - [MESSAGE][PASSED] - All options with index in [13] are selected on object 'Object Repository/MOH AND GRN/Page_KDMC - CMS/select_--Select--Amikacin -500'

2018-05-14 14:01:06 - [TEST_STEP][PASSED] - setText: Text '5000' is set on object 'Object Repository/MOH AND GRN/Page_KDMC - CMS/input_txtqty'

2018-05-14 14:01:06 - [MESSAGE][PASSED] - Text '5000' is set on object 'Object Repository/MOH AND GRN/Page_KDMC - CMS/input_txtqty'

2018-05-14 14:01:06 - [TEST_STEP][PASSED] - selectOptionByIndex: All options with index in [1] are selected on object 'Object Repository/MOH AND GRN/Page_KDMC - CMS/select_--Select--No Tax0'

2018-05-14 14:01:06 - [MESSAGE][PASSED] - All options with index in [1] are selected on object 'Object Repository/MOH AND GRN/Page_KDMC - CMS/select_--Select--No Tax0'

2018-05-14 14:01:06 - [TEST_STEP][PASSED] - setText: Finding Test Object with id 'Object Repository/MOH AND GRN/Page_KDMC - CMS/input_txtmrp'

2018-05-14 14:01:06 - [TEST_STEP][PASSED] - Statement - switch (id): Finding Test Object with id 'Object Repository/MOH AND GRN/Page_KDMC - CMS/input_txtdeal'

2018-05-14 14:01:06 - [TEST_STEP][PASSED] - Statement - case 4:: Text '36.0' is set on object 'Object Repository/MOH AND GRN/Page_KDMC - CMS/input_txtmrp'

2018-05-14 14:01:06 - [TEST_STEP][PASSED] - Statement - return (java.lang.Math.floor((java.lang.Math.random() * ((max - min) + 1))) + min): Text '36.0' is set on object 'Object Repository/MOH AND GRN/Page_KDMC - CMS/input_txtmrp'

2018-05-14 14:01:06 - [MESSAGE][PASSED] - Text '36.0' is set on object 'Object Repository/MOH AND GRN/Page_KDMC - CMS/input_txtmrp'

2018-05-14 14:01:06 - [TEST_STEP][PASSED] - setText: Finding Test Object with id 'Object Repository/MOH AND GRN/Page_KDMC - CMS/input_txtdeal'

2018-05-14 14:01:06 - [TEST_STEP][PASSED] - Statement - switch (id): Finding Test Object with id 'Object Repository/MOH AND GRN/Page_KDMC - CMS/input_txtbatchno'

2018-05-14 14:01:06 - [TEST_STEP][PASSED] - Statement - case 5:: Text '3.0' is set on object 'Object Repository/MOH AND GRN/Page_KDMC - CMS/input_txtdeal'

2018-05-14 14:01:06 - [TEST_STEP][PASSED] - Statement - return (java.lang.Math.floor((java.lang.Math.random() * ((max - min) + 1))) + min): Text '3.0' is set on object 'Object Repository/MOH AND GRN/Page_KDMC - CMS/input_txtdeal'

2018-05-14 14:01:06 - [MESSAGE][PASSED] - Text '3.0' is set on object 'Object Repository/MOH AND GRN/Page_KDMC - CMS/input_txtdeal'

2018-05-14 14:01:06 - [TEST_STEP][PASSED] - setText: Finding Test Object with id 'Object Repository/MOH AND GRN/Page_KDMC - CMS/input_txtbatchno'

2018-05-14 14:01:06 - [TEST_STEP][PASSED] - Statement - switch (id): Finding Test Object with id 'Object Repository/MOH AND GRN/Page_KDMC - CMS/input_txtmrp'

2018-05-14 14:01:06 - [TEST_STEP][PASSED] - Statement - case 1:: Text 'BA228.0' is set on object 'Object Repository/MOH AND GRN/Page_KDMC - CMS/input_txtbatchno'

2018-05-14 14:01:06 - [TEST_STEP][PASSED] - Statement - return (java.lang.Math.floor((java.lang.Math.random() * ((max - min) + 1))) + min): Text 'BA228.0' is set on object 'Object Repository/MOH AND GRN/Page_KDMC - CMS/input_txtbatchno'

2018-05-14 14:01:06 - [MESSAGE][PASSED] - Text 'BA228.0' is set on object 'Object Repository/MOH AND GRN/Page_KDMC - CMS/input_txtbatchno'

2018-05-14 14:01:06 - [TEST_STEP][PASSED] - rightClick: Object: 'Object Repository/GRN/Page_KDMC - CMS/input_txtexpdate' is right clicked on

2018-05-14 14:01:06 - [MESSAGE][PASSED] - Object: 'Object Repository/GRN/Page_KDMC - CMS/input_txtexpdate' is right clicked on

2018-05-14 14:01:06 - [TEST_STEP][PASSED] - selectOptionByIndex: All options with index in [3] are selected on object 'Object Repository/GRN/Page_KDMC - CMS/select_20182019202020212022202'

2018-05-14 14:01:07 - [MESSAGE][PASSED] - All options with index in [3] are selected on object 'Object Repository/GRN/Page_KDMC - CMS/select_20182019202020212022202'

2018-05-14 14:01:07 - [TEST_STEP][PASSED] - selectOptionByIndex: All options with index in [3] are selected on object 'Object Repository/GRN/Page_KDMC - CMS/select_JanFebMarAprMayJunJulAu'

2018-05-14 14:01:07 - [MESSAGE][PASSED] - All options with index in [3] are selected on object 'Object Repository/GRN/Page_KDMC - CMS/select_JanFebMarAprMayJunJulAu'

2018-05-14 14:01:07 - [TEST_STEP][PASSED] - click: Object: 'Object Repository/MOH AND GRN/Page_KDMC - CMS/a_12' is clicked on

2018-05-14 14:01:07 - [MESSAGE][PASSED] - Object: 'Object Repository/MOH AND GRN/Page_KDMC - CMS/a_12' is clicked on

2018-05-14 14:01:07 - [TEST_STEP][PASSED] - click: Object: 'Object Repository/MOH AND GRN/Page_KDMC - CMS/input_btnadd' is clicked on

2018-05-14 14:01:07 - [MESSAGE][PASSED] - Object: 'Object Repository/MOH AND GRN/Page_KDMC - CMS/input_btnadd' is clicked on

2018-05-14 14:01:07 - [TEST_STEP][PASSED] - Statement - If (s == 10): null

2018-05-14 14:01:07 - [TEST_STEP][PASSED] - Statement - Else: null

2018-05-14 14:01:07 - [TEST_STEP][PASSED] - Statement - (s++): null

2018-05-14 14:01:07 - [TEST_STEP][PASSED] - delay: Delayed 1 second(s)

2018-05-14 14:01:08 - [MESSAGE][PASSED] - Delayed 1 second(s)

2018-05-14 14:01:08 - [TEST_STEP][PASSED] - selectOptionByIndex: All options with index in [14] are selected on object 'Object Repository/MOH AND GRN/Page_KDMC - CMS/select_--Select--Amikacin -500'

2018-05-14 14:01:08 - [MESSAGE][PASSED] - All options with index in [14] are selected on object 'Object Repository/MOH AND GRN/Page_KDMC - CMS/select_--Select--Amikacin -500'

2018-05-14 14:01:08 - [TEST_STEP][PASSED] - setText: Text '5000' is set on object 'Object Repository/MOH AND GRN/Page_KDMC - CMS/input_txtqty'

2018-05-14 14:01:09 - [MESSAGE][PASSED] - Text '5000' is set on object 'Object Repository/MOH AND GRN/Page_KDMC - CMS/input_txtqty'

2018-05-14 14:01:09 - [TEST_STEP][PASSED] - selectOptionByIndex: All options with index in [1] are selected on object 'Object Repository/MOH AND GRN/Page_KDMC - CMS/select_--Select--No Tax0'

2018-05-14 14:01:09 - [MESSAGE][PASSED] - All options with index in [1] are selected on object 'Object Repository/MOH AND GRN/Page_KDMC - CMS/select_--Select--No Tax0'

2018-05-14 14:01:09 - [TEST_STEP][PASSED] - setText: Finding Test Object with id 'Object Repository/MOH AND GRN/Page_KDMC - CMS/input_txtmrp'

2018-05-14 14:01:09 - [TEST_STEP][PASSED] - Statement - switch (id): Finding Test Object with id 'Object Repository/MOH AND GRN/Page_KDMC - CMS/input_txtdeal'

2018-05-14 14:01:09 - [TEST_STEP][PASSED] - Statement - case 4:: Text '18.0' is set on object 'Object Repository/MOH AND GRN/Page_KDMC - CMS/input_txtmrp'

2018-05-14 14:01:09 - [TEST_STEP][PASSED] - Statement - return (java.lang.Math.floor((java.lang.Math.random() * ((max - min) + 1))) + min): Text '18.0' is set on object 'Object Repository/MOH AND GRN/Page_KDMC - CMS/input_txtmrp'

2018-05-14 14:01:09 - [MESSAGE][PASSED] - Text '18.0' is set on object 'Object Repository/MOH AND GRN/Page_KDMC - CMS/input_txtmrp'

2018-05-14 14:01:09 - [TEST_STEP][PASSED] - setText: Finding Test Object with id 'Object Repository/MOH AND GRN/Page_KDMC - CMS/input_txtdeal'

2018-05-14 14:01:09 - [TEST_STEP][PASSED] - Statement - switch (id): Finding Test Object with id 'Object Repository/MOH AND GRN/Page_KDMC - CMS/input_txtbatchno'

2018-05-14 14:01:09 - [TEST_STEP][PASSED] - Statement - case 5:: Text '3.0' is set on object 'Object Repository/MOH AND GRN/Page_KDMC - CMS/input_txtdeal'

2018-05-14 14:01:09 - [TEST_STEP][PASSED] - Statement - return (java.lang.Math.floor((java.lang.Math.random() * ((max - min) + 1))) + min): Text '3.0' is set on object 'Object Repository/MOH AND GRN/Page_KDMC - CMS/input_txtdeal'

2018-05-14 14:01:09 - [MESSAGE][PASSED] - Text '3.0' is set on object 'Object Repository/MOH AND GRN/Page_KDMC - CMS/input_txtdeal'

2018-05-14 14:01:09 - [TEST_STEP][PASSED] - setText: Finding Test Object with id 'Object Repository/MOH AND GRN/Page_KDMC - CMS/input_txtbatchno'

2018-05-14 14:01:09 - [TEST_STEP][PASSED] - Statement - switch (id): Finding Test Object with id 'Object Repository/MOH AND GRN/Page_KDMC - CMS/input_txtmrp'

2018-05-14 14:01:09 - [TEST_STEP][PASSED] - Statement - case 1:: Text 'BA464.0' is set on object 'Object Repository/MOH AND GRN/Page_KDMC - CMS/input_txtbatchno'

2018-05-14 14:01:09 - [TEST_STEP][PASSED] - Statement - return (java.lang.Math.floor((java.lang.Math.random() * ((max - min) + 1))) + min): Text 'BA464.0' is set on object 'Object Repository/MOH AND GRN/Page_KDMC - CMS/input_txtbatchno'

2018-05-14 14:01:09 - [MESSAGE][PASSED] - Text 'BA464.0' is set on object 'Object Repository/MOH AND GRN/Page_KDMC - CMS/input_txtbatchno'

2018-05-14 14:01:09 - [TEST_STEP][PASSED] - rightClick: Object: 'Object Repository/GRN/Page_KDMC - CMS/input_txtexpdate' is right clicked on

2018-05-14 14:01:09 - [MESSAGE][PASSED] - Object: 'Object Repository/GRN/Page_KDMC - CMS/input_txtexpdate' is right clicked on

2018-05-14 14:01:09 - [TEST_STEP][PASSED] - selectOptionByIndex: All options with index in [4] are selected on object 'Object Repository/GRN/Page_KDMC - CMS/select_20182019202020212022202'

2018-05-14 14:01:09 - [MESSAGE][PASSED] - All options with index in [4] are selected on object 'Object Repository/GRN/Page_KDMC - CMS/select_20182019202020212022202'

2018-05-14 14:01:09 - [TEST_STEP][PASSED] - selectOptionByIndex: All options with index in [4] are selected on object 'Object Repository/GRN/Page_KDMC - CMS/select_JanFebMarAprMayJunJulAu'

2018-05-14 14:01:10 - [MESSAGE][PASSED] - All options with index in [4] are selected on object 'Object Repository/GRN/Page_KDMC - CMS/select_JanFebMarAprMayJunJulAu'

2018-05-14 14:01:10 - [TEST_STEP][PASSED] - click: Object: 'Object Repository/MOH AND GRN/Page_KDMC - CMS/a_12' is clicked on

2018-05-14 14:01:10 - [MESSAGE][PASSED] - Object: 'Object Repository/MOH AND GRN/Page_KDMC - CMS/a_12' is clicked on

2018-05-14 14:01:10 - [TEST_STEP][PASSED] - click: Object: 'Object Repository/MOH AND GRN/Page_KDMC - CMS/input_btnadd' is clicked on

2018-05-14 14:01:10 - [MESSAGE][PASSED] - Object: 'Object Repository/MOH AND GRN/Page_KDMC - CMS/input_btnadd' is clicked on

2018-05-14 14:01:10 - [TEST_STEP][PASSED] - Statement - If (s == 10): null

2018-05-14 14:01:10 - [TEST_STEP][PASSED] - Statement - Else: null

2018-05-14 14:01:10 - [TEST_STEP][PASSED] - Statement - (s++): null

2018-05-14 14:01:10 - [TEST_STEP][PASSED] - delay: Delayed 1 second(s)

2018-05-14 14:01:11 - [MESSAGE][PASSED] - Delayed 1 second(s)

2018-05-14 14:01:11 - [TEST_STEP][PASSED] - selectOptionByIndex: All options with index in [15] are selected on object 'Object Repository/MOH AND GRN/Page_KDMC - CMS/select_--Select--Amikacin -500'

2018-05-14 14:01:11 - [MESSAGE][PASSED] - All options with index in [15] are selected on object 'Object Repository/MOH AND GRN/Page_KDMC - CMS/select_--Select--Amikacin -500'

2018-05-14 14:01:11 - [TEST_STEP][PASSED] - setText: Text '5000' is set on object 'Object Repository/MOH AND GRN/Page_KDMC - CMS/input_txtqty'

2018-05-14 14:01:11 - [MESSAGE][PASSED] - Text '5000' is set on object 'Object Repository/MOH AND GRN/Page_KDMC - CMS/input_txtqty'

2018-05-14 14:01:11 - [TEST_STEP][PASSED] - selectOptionByIndex: All options with index in [1] are selected on object 'Object Repository/MOH AND GRN/Page_KDMC - CMS/select_--Select--No Tax0'

2018-05-14 14:01:11 - [MESSAGE][PASSED] - All options with index in [1] are selected on object 'Object Repository/MOH AND GRN/Page_KDMC - CMS/select_--Select--No Tax0'

2018-05-14 14:01:11 - [TEST_STEP][PASSED] - setText: Finding Test Object with id 'Object Repository/MOH AND GRN/Page_KDMC - CMS/input_txtmrp'

2018-05-14 14:01:11 - [TEST_STEP][PASSED] - Statement - switch (id): Finding Test Object with id 'Object Repository/MOH AND GRN/Page_KDMC - CMS/input_txtdeal'

2018-05-14 14:01:11 - [TEST_STEP][PASSED] - Statement - case 4:: Text '41.0' is set on object 'Object Repository/MOH AND GRN/Page_KDMC - CMS/input_txtmrp'

2018-05-14 14:01:11 - [TEST_STEP][PASSED] - Statement - return (java.lang.Math.floor((java.lang.Math.random() * ((max - min) + 1))) + min): Text '41.0' is set on object 'Object Repository/MOH AND GRN/Page_KDMC - CMS/input_txtmrp'

2018-05-14 14:01:11 - [MESSAGE][PASSED] - Text '41.0' is set on object 'Object Repository/MOH AND GRN/Page_KDMC - CMS/input_txtmrp'

2018-05-14 14:01:11 - [TEST_STEP][PASSED] - setText: Finding Test Object with id 'Object Repository/MOH AND GRN/Page_KDMC - CMS/input_txtdeal'

2018-05-14 14:01:11 - [TEST_STEP][PASSED] - Statement - switch (id): Finding Test Object with id 'Object Repository/MOH AND GRN/Page_KDMC - CMS/input_txtbatchno'

2018-05-14 14:01:11 - [TEST_STEP][PASSED] - Statement - case 5:: Text '2.0' is set on object 'Object Repository/MOH AND GRN/Page_KDMC - CMS/input_txtdeal'

2018-05-14 14:01:11 - [TEST_STEP][PASSED] - Statement - return (java.lang.Math.floor((java.lang.Math.random() * ((max - min) + 1))) + min): Text '2.0' is set on object 'Object Repository/MOH AND GRN/Page_KDMC - CMS/input_txtdeal'

2018-05-14 14:01:11 - [MESSAGE][PASSED] - Text '2.0' is set on object 'Object Repository/MOH AND GRN/Page_KDMC - CMS/input_txtdeal'

2018-05-14 14:01:11 - [TEST_STEP][PASSED] - setText: Finding Test Object with id 'Object Repository/MOH AND GRN/Page_KDMC - CMS/input_txtbatchno'

2018-05-14 14:01:11 - [TEST_STEP][PASSED] - Statement - switch (id): Finding Test Object with id 'Object Repository/MOH AND GRN/Page_KDMC - CMS/input_txtmrp'

2018-05-14 14:01:11 - [TEST_STEP][PASSED] - Statement - case 1:: Text 'BA900.0' is set on object 'Object Repository/MOH AND GRN/Page_KDMC - CMS/input_txtbatchno'

2018-05-14 14:01:11 - [TEST_STEP][PASSED] - Statement - return (java.lang.Math.floor((java.lang.Math.random() * ((max - min) + 1))) + min): Text 'BA900.0' is set on object 'Object Repository/MOH AND GRN/Page_KDMC - CMS/input_txtbatchno'

2018-05-14 14:01:12 - [MESSAGE][PASSED] - Text 'BA900.0' is set on object 'Object Repository/MOH AND GRN/Page_KDMC - CMS/input_txtbatchno'

2018-05-14 14:01:12 - [TEST_STEP][PASSED] - rightClick: Object: 'Object Repository/GRN/Page_KDMC - CMS/input_txtexpdate' is right clicked on

2018-05-14 14:01:12 - [MESSAGE][PASSED] - Object: 'Object Repository/GRN/Page_KDMC - CMS/input_txtexpdate' is right clicked on

2018-05-14 14:01:12 - [TEST_STEP][PASSED] - selectOptionByIndex: All options with index in [5] are selected on object 'Object Repository/GRN/Page_KDMC - CMS/select_20182019202020212022202'

2018-05-14 14:01:12 - [MESSAGE][PASSED] - All options with index in [5] are selected on object 'Object Repository/GRN/Page_KDMC - CMS/select_20182019202020212022202'

2018-05-14 14:01:12 - [TEST_STEP][PASSED] - selectOptionByIndex: All options with index in [5] are selected on object 'Object Repository/GRN/Page_KDMC - CMS/select_JanFebMarAprMayJunJulAu'

2018-05-14 14:01:12 - [MESSAGE][PASSED] - All options with index in [5] are selected on object 'Object Repository/GRN/Page_KDMC - CMS/select_JanFebMarAprMayJunJulAu'

2018-05-14 14:01:12 - [TEST_STEP][PASSED] - click: Object: 'Object Repository/MOH AND GRN/Page_KDMC - CMS/a_12' is clicked on

2018-05-14 14:01:12 - [MESSAGE][PASSED] - Object: 'Object Repository/MOH AND GRN/Page_KDMC - CMS/a_12' is clicked on

2018-05-14 14:01:12 - [TEST_STEP][PASSED] - click: Object: 'Object Repository/MOH AND GRN/Page_KDMC - CMS/input_btnadd' is clicked on

2018-05-14 14:01:12 - [MESSAGE][PASSED] - Object: 'Object Repository/MOH AND GRN/Page_KDMC - CMS/input_btnadd' is clicked on

2018-05-14 14:01:12 - [TEST_STEP][PASSED] - Statement - If (s == 10): null

2018-05-14 14:01:12 - [TEST_STEP][PASSED] - Statement - Else: null

2018-05-14 14:01:12 - [TEST_STEP][PASSED] - Statement - (s++): null

2018-05-14 14:01:12 - [TEST_STEP][PASSED] - delay: Delayed 1 second(s)

2018-05-14 14:01:13 - [MESSAGE][PASSED] - Delayed 1 second(s)

2018-05-14 14:01:13 - [TEST_STEP][PASSED] - selectOptionByIndex: All options with index in [16] are selected on object 'Object Repository/MOH AND GRN/Page_KDMC - CMS/select_--Select--Amikacin -500'

2018-05-14 14:01:13 - [MESSAGE][PASSED] - All options with index in [16] are selected on object 'Object Repository/MOH AND GRN/Page_KDMC - CMS/select_--Select--Amikacin -500'

2018-05-14 14:01:13 - [TEST_STEP][PASSED] - setText: Text '5000' is set on object 'Object Repository/MOH AND GRN/Page_KDMC - CMS/input_txtqty'

2018-05-14 14:01:14 - [MESSAGE][PASSED] - Text '5000' is set on object 'Object Repository/MOH AND GRN/Page_KDMC - CMS/input_txtqty'

2018-05-14 14:01:14 - [TEST_STEP][PASSED] - selectOptionByIndex: All options with index in [1] are selected on object 'Object Repository/MOH AND GRN/Page_KDMC - CMS/select_--Select--No Tax0'

2018-05-14 14:01:14 - [MESSAGE][PASSED] - All options with index in [1] are selected on object 'Object Repository/MOH AND GRN/Page_KDMC - CMS/select_--Select--No Tax0'

2018-05-14 14:01:14 - [TEST_STEP][PASSED] - setText: Finding Test Object with id 'Object Repository/MOH AND GRN/Page_KDMC - CMS/input_txtmrp'

2018-05-14 14:01:14 - [TEST_STEP][PASSED] - Statement - switch (id): Finding Test Object with id 'Object Repository/MOH AND GRN/Page_KDMC - CMS/input_txtdeal'

2018-05-14 14:01:14 - [TEST_STEP][PASSED] - Statement - case 4:: Text '15.0' is set on object 'Object Repository/MOH AND GRN/Page_KDMC - CMS/input_txtmrp'

2018-05-14 14:01:14 - [TEST_STEP][PASSED] - Statement - return (java.lang.Math.floor((java.lang.Math.random() * ((max - min) + 1))) + min): Text '15.0' is set on object 'Object Repository/MOH AND GRN/Page_KDMC - CMS/input_txtmrp'

2018-05-14 14:01:14 - [MESSAGE][PASSED] - Text '15.0' is set on object 'Object Repository/MOH AND GRN/Page_KDMC - CMS/input_txtmrp'

2018-05-14 14:01:14 - [TEST_STEP][PASSED] - setText: Finding Test Object with id 'Object Repository/MOH AND GRN/Page_KDMC - CMS/input_txtdeal'

2018-05-14 14:01:14 - [TEST_STEP][PASSED] - Statement - switch (id): Finding Test Object with id 'Object Repository/MOH AND GRN/Page_KDMC - CMS/input_txtbatchno'

2018-05-14 14:01:14 - [TEST_STEP][PASSED] - Statement - case 5:: Text '1.0' is set on object 'Object Repository/MOH AND GRN/Page_KDMC - CMS/input_txtdeal'

2018-05-14 14:01:14 - [TEST_STEP][PASSED] - Statement - return (java.lang.Math.floor((java.lang.Math.random() * ((max - min) + 1))) + min): Text '1.0' is set on object 'Object Repository/MOH AND GRN/Page_KDMC - CMS/input_txtdeal'

2018-05-14 14:01:14 - [MESSAGE][PASSED] - Text '1.0' is set on object 'Object Repository/MOH AND GRN/Page_KDMC - CMS/input_txtdeal'

2018-05-14 14:01:14 - [TEST_STEP][PASSED] - setText: Finding Test Object with id 'Object Repository/MOH AND GRN/Page_KDMC - CMS/input_txtbatchno'

2018-05-14 14:01:14 - [TEST_STEP][PASSED] - Statement - switch (id): Finding Test Object with id 'Object Repository/MOH AND GRN/Page_KDMC - CMS/input_txtmrp'

2018-05-14 14:01:14 - [TEST_STEP][PASSED] - Statement - case 1:: Text 'BA691.0' is set on object 'Object Repository/MOH AND GRN/Page_KDMC - CMS/input_txtbatchno'

2018-05-14 14:01:14 - [TEST_STEP][PASSED] - Statement - return (java.lang.Math.floor((java.lang.Math.random() * ((max - min) + 1))) + min): Text 'BA691.0' is set on object 'Object Repository/MOH AND GRN/Page_KDMC - CMS/input_txtbatchno'

2018-05-14 14:01:14 - [MESSAGE][PASSED] - Text 'BA691.0' is set on object 'Object Repository/MOH AND GRN/Page_KDMC - CMS/input_txtbatchno'

2018-05-14 14:01:14 - [TEST_STEP][PASSED] - rightClick: Object: 'Object Repository/GRN/Page_KDMC - CMS/input_txtexpdate' is right clicked on

2018-05-14 14:01:14 - [MESSAGE][PASSED] - Object: 'Object Repository/GRN/Page_KDMC - CMS/input_txtexpdate' is right clicked on

2018-05-14 14:01:14 - [TEST_STEP][PASSED] - selectOptionByIndex: All options with index in [6] are selected on object 'Object Repository/GRN/Page_KDMC - CMS/select_20182019202020212022202'

2018-05-14 14:01:14 - [MESSAGE][PASSED] - All options with index in [6] are selected on object 'Object Repository/GRN/Page_KDMC - CMS/select_20182019202020212022202'

2018-05-14 14:01:14 - [TEST_STEP][PASSED] - selectOptionByIndex: All options with index in [6] are selected on object 'Object Repository/GRN/Page_KDMC - CMS/select_JanFebMarAprMayJunJulAu'

2018-05-14 14:01:15 - [MESSAGE][PASSED] - All options with index in [6] are selected on object 'Object Repository/GRN/Page_KDMC - CMS/select_JanFebMarAprMayJunJulAu'

2018-05-14 14:01:15 - [TEST_STEP][PASSED] - click: Object: 'Object Repository/MOH AND GRN/Page_KDMC - CMS/a_12' is clicked on

2018-05-14 14:01:15 - [MESSAGE][PASSED] - Object: 'Object Repository/MOH AND GRN/Page_KDMC - CMS/a_12' is clicked on

2018-05-14 14:01:15 - [TEST_STEP][PASSED] - click: Object: 'Object Repository/MOH AND GRN/Page_KDMC - CMS/input_btnadd' is clicked on

2018-05-14 14:01:15 - [MESSAGE][PASSED] - Object: 'Object Repository/MOH AND GRN/Page_KDMC - CMS/input_btnadd' is clicked on

2018-05-14 14:01:15 - [TEST_STEP][PASSED] - Statement - If (s == 10): null

2018-05-14 14:01:15 - [TEST_STEP][PASSED] - Statement - Else: null

2018-05-14 14:01:15 - [TEST_STEP][PASSED] - Statement - (s++): null

2018-05-14 14:01:15 - [TEST_STEP][PASSED] - delay: Delayed 1 second(s)

2018-05-14 14:01:16 - [MESSAGE][PASSED] - Delayed 1 second(s)

2018-05-14 14:01:16 - [TEST_STEP][PASSED] - selectOptionByIndex: All options with index in [17] are selected on object 'Object Repository/MOH AND GRN/Page_KDMC - CMS/select_--Select--Amikacin -500'

2018-05-14 14:01:16 - [MESSAGE][PASSED] - All options with index in [17] are selected on object 'Object Repository/MOH AND GRN/Page_KDMC - CMS/select_--Select--Amikacin -500'

2018-05-14 14:01:16 - [TEST_STEP][PASSED] - setText: Text '5000' is set on object 'Object Repository/MOH AND GRN/Page_KDMC - CMS/input_txtqty'

2018-05-14 14:01:16 - [MESSAGE][PASSED] - Text '5000' is set on object 'Object Repository/MOH AND GRN/Page_KDMC - CMS/input_txtqty'

2018-05-14 14:01:16 - [TEST_STEP][PASSED] - selectOptionByIndex: All options with index in [1] are selected on object 'Object Repository/MOH AND GRN/Page_KDMC - CMS/select_--Select--No Tax0'

2018-05-14 14:01:16 - [MESSAGE][PASSED] - All options with index in [1] are selected on object 'Object Repository/MOH AND GRN/Page_KDMC - CMS/select_--Select--No Tax0'

2018-05-14 14:01:16 - [TEST_STEP][PASSED] - setText: Finding Test Object with id 'Object Repository/MOH AND GRN/Page_KDMC - CMS/input_txtmrp'

2018-05-14 14:01:16 - [TEST_STEP][PASSED] - Statement - switch (id): Finding Test Object with id 'Object Repository/MOH AND GRN/Page_KDMC - CMS/input_txtdeal'

2018-05-14 14:01:16 - [TEST_STEP][PASSED] - Statement - case 4:: Text '36.0' is set on object 'Object Repository/MOH AND GRN/Page_KDMC - CMS/input_txtmrp'

2018-05-14 14:01:16 - [TEST_STEP][PASSED] - Statement - return (java.lang.Math.floor((java.lang.Math.random() * ((max - min) + 1))) + min): Text '36.0' is set on object 'Object Repository/MOH AND GRN/Page_KDMC - CMS/input_txtmrp'

2018-05-14 14:01:16 - [MESSAGE][PASSED] - Text '36.0' is set on object 'Object Repository/MOH AND GRN/Page_KDMC - CMS/input_txtmrp'

2018-05-14 14:01:16 - [TEST_STEP][PASSED] - setText: Finding Test Object with id 'Object Repository/MOH AND GRN/Page_KDMC - CMS/input_txtdeal'

2018-05-14 14:01:16 - [TEST_STEP][PASSED] - Statement - switch (id): Finding Test Object with id 'Object Repository/MOH AND GRN/Page_KDMC - CMS/input_txtbatchno'

2018-05-14 14:01:16 - [TEST_STEP][PASSED] - Statement - case 5:: Text '2.0' is set on object 'Object Repository/MOH AND GRN/Page_KDMC - CMS/input_txtdeal'

2018-05-14 14:01:16 - [TEST_STEP][PASSED] - Statement - return (java.lang.Math.floor((java.lang.Math.random() * ((max - min) + 1))) + min): Text '2.0' is set on object 'Object Repository/MOH AND GRN/Page_KDMC - CMS/input_txtdeal'

2018-05-14 14:01:17 - [MESSAGE][PASSED] - Text '2.0' is set on object 'Object Repository/MOH AND GRN/Page_KDMC - CMS/input_txtdeal'

2018-05-14 14:01:17 - [TEST_STEP][PASSED] - setText: Finding Test Object with id 'Object Repository/MOH AND GRN/Page_KDMC - CMS/input_txtbatchno'

2018-05-14 14:01:17 - [TEST_STEP][PASSED] - Statement - switch (id): Delayed 1 second(s)

2018-05-14 14:01:17 - [TEST_STEP][PASSED] - Statement - case 1:: Text 'BA194.0' is set on object 'Object Repository/MOH AND GRN/Page_KDMC - CMS/input_txtbatchno'

2018-05-14 14:01:17 - [TEST_STEP][PASSED] - Statement - return (java.lang.Math.floor((java.lang.Math.random() * ((max - min) + 1))) + min): Text 'BA194.0' is set on object 'Object Repository/MOH AND GRN/Page_KDMC - CMS/input_txtbatchno'

2018-05-14 14:01:17 - [MESSAGE][PASSED] - Text 'BA194.0' is set on object 'Object Repository/MOH AND GRN/Page_KDMC - CMS/input_txtbatchno'

2018-05-14 14:01:17 - [TEST_STEP][PASSED] - rightClick: Object: 'Object Repository/GRN/Page_KDMC - CMS/input_txtexpdate' is right clicked on

2018-05-14 14:01:17 - [MESSAGE][PASSED] - Object: 'Object Repository/GRN/Page_KDMC - CMS/input_txtexpdate' is right clicked on

2018-05-14 14:01:17 - [TEST_STEP][PASSED] - selectOptionByIndex: All options with index in [7] are selected on object 'Object Repository/GRN/Page_KDMC - CMS/select_20182019202020212022202'

2018-05-14 14:01:17 - [MESSAGE][PASSED] - All options with index in [7] are selected on object 'Object Repository/GRN/Page_KDMC - CMS/select_20182019202020212022202'

2018-05-14 14:01:17 - [TEST_STEP][PASSED] - selectOptionByIndex: All options with index in [7] are selected on object 'Object Repository/GRN/Page_KDMC - CMS/select_JanFebMarAprMayJunJulAu'

2018-05-14 14:01:17 - [MESSAGE][PASSED] - All options with index in [7] are selected on object 'Object Repository/GRN/Page_KDMC - CMS/select_JanFebMarAprMayJunJulAu'

2018-05-14 14:01:17 - [TEST_STEP][PASSED] - click: Object: 'Object Repository/MOH AND GRN/Page_KDMC - CMS/a_12' is clicked on

2018-05-14 14:01:17 - [MESSAGE][PASSED] - Object: 'Object Repository/MOH AND GRN/Page_KDMC - CMS/a_12' is clicked on

2018-05-14 14:01:17 - [TEST_STEP][PASSED] - click: Object: 'Object Repository/MOH AND GRN/Page_KDMC - CMS/input_btnadd' is clicked on

2018-05-14 14:01:17 - [MESSAGE][PASSED] - Object: 'Object Repository/MOH AND GRN/Page_KDMC - CMS/input_btnadd' is clicked on

2018-05-14 14:01:17 - [TEST_STEP][PASSED] - Statement - If (s == 10): null

2018-05-14 14:01:17 - [TEST_STEP][PASSED] - Statement - Else: null

2018-05-14 14:01:17 - [TEST_STEP][PASSED] - Statement - (s++): null

2018-05-14 14:01:17 - [TEST_STEP][PASSED] - delay: Delayed 1 second(s)

2018-05-14 14:01:18 - [MESSAGE][PASSED] - Delayed 1 second(s)

2018-05-14 14:01:18 - [TEST_STEP][PASSED] - scrollToElement: Scroll to object 'Object Repository/MOH AND GRN/Page_KDMC - CMS/input_btnSubmit' successfully

2018-05-14 14:01:18 - [MESSAGE][PASSED] - Scroll to object 'Object Repository/MOH AND GRN/Page_KDMC - CMS/input_btnSubmit' successfully

2018-05-14 14:01:18 - [TEST_STEP][PASSED] - click: Object: 'Object Repository/MOH AND GRN/Page_KDMC - CMS/input_btnSubmit' is clicked on

2018-05-14 14:01:19 - [MESSAGE][PASSED] - Object: 'Object Repository/MOH AND GRN/Page_KDMC - CMS/input_btnSubmit' is clicked on

2018-05-14 14:01:19 - [TEST_STEP][PASSED] - delay: Delayed 3 second(s)

2018-05-14 14:01:22 - [MESSAGE][PASSED] - Delayed 3 second(s)

2018-05-14 14:01:22 - [TEST_STEP][PASSED] - click: Object: 'Object Repository/MOH AND GRN/Page_KDMC - CMS/button_OK' is clicked on

2018-05-14 14:01:22 - [MESSAGE][PASSED] - Object: 'Object Repository/MOH AND GRN/Page_KDMC - CMS/button_OK' is clicked on

2018-05-14 14:01:22 - [TEST_STEP][PASSED] - delay: Delayed 2 second(s)

2018-05-14 14:01:24 - [MESSAGE][PASSED] - Delayed 2 second(s)

2018-05-14 14:01:24 - [TEST_STEP][PASSED] - delay: Delayed 3 second(s)

2018-05-14 14:01:27 - [MESSAGE][PASSED] - Delayed 3 second(s)

2018-05-14 14:01:27 - [TEST_STEP][PASSED] - click: Object: 'Object Repository/MOH AND GRN/Page_KDMC - CMS/a_dropdown-toggle' is clicked on

2018-05-14 14:01:27 - [MESSAGE][PASSED] - Object: 'Object Repository/MOH AND GRN/Page_KDMC - CMS/a_dropdown-toggle' is clicked on

2018-05-14 14:01:27 - [TEST_STEP][PASSED] - click: Object: 'Object Repository/MOH AND GRN/Page_KDMC - CMS/a_Sign out' is clicked on

2018-05-14 14:01:28 - [MESSAGE][PASSED] - Object: 'Object Repository/MOH AND GRN/Page_KDMC - CMS/a_Sign out' is clicked on

2018-05-14 14:01:28 - [TEST_STEP][PASSED] - closeBrowser: Browser is closed

2018-05-14 14:01:29 - [MESSAGE][PASSED] - Browser is closed]]></system-out>
         <system-err><![CDATA[]]></system-err>
      </testcase>
      <testcase name="Test Cases/TEST/MOH REQUEST AND GRN/Moh Request GRN  Schedule 9" classname="Test Cases/TEST/MOH REQUEST AND GRN/Moh Request GRN  Schedule 9" status="FAILED">
         <failure type="FAILED" message="Unable to set text '5000' of object 'Object Repository/MOH AND GRN/Page_KDMC - CMS/input_txttreat' (Root cause: org.openqa.selenium.WebDriverException: unknown error: cannot focus element
  (Session info: chrome=66.0.3359.139)
  (Driver info: chromedriver=2.35.528161 (5b82f2d2aae0ca24b877009200ced9065a772e73),platform=Windows NT 10.0.16299 x86_64) (WARNING: The server did not provide any stacktrace information)
Command duration or timeout: 0 milliseconds
Build info: version: '3.7.1', revision: '8a0099a', time: '2017-11-06T21:07:36.161Z'
System info: host: 'DESKTOP-BLFTK83', ip: '192.168.71.2', os.name: 'Windows 10', os.arch: 'amd64', os.version: '10.0', java.version: '1.8.0_102'
Driver info: com.kms.katalon.selenium.driver.CChromeDriver
Capabilities {acceptInsecureCerts: false, acceptSslCerts: false, applicationCacheEnabled: false, browserConnectionEnabled: false, browserName: chrome, chrome: {chromedriverVersion: 2.35.528161 (5b82f2d2aae0ca..., userDataDir: C:\Users\QUALIT~1\AppData\L...}, cssSelectorsEnabled: true, databaseEnabled: false, handlesAlerts: true, hasTouchScreen: false, javascriptEnabled: true, locationContextEnabled: true, mobileEmulationEnabled: false, nativeEvents: true, networkConnectionEnabled: false, pageLoadStrategy: normal, platform: XP, platformName: XP, rotatable: false, setWindowRect: true, takesHeapSnapshot: true, takesScreenshot: true, unexpectedAlertBehaviour: , unhandledPromptBehavior: , version: 66.0.3359.139, webStorageEnabled: true}
Session ID: 121b15ff353ef71d148c55ee48c1e847)"/>
         <system-out><![CDATA[2018-05-14 14:01:29 - [TEST_CASE][FAILED] - Test Cases/TEST/MOH REQUEST AND GRN/Moh Request GRN  Schedule 9: Test Cases/TEST/MOH REQUEST AND GRN/Moh Request GRN  Schedule 9 FAILED because (of) Unable to set text '5000' of object 'Object Repository/MOH AND GRN/Page_KDMC - CMS/input_txttreat' (Root cause: org.openqa.selenium.WebDriverException: unknown error: cannot focus element
  (Session info: chrome=66.0.3359.139)
  (Driver info: chromedriver=2.35.528161 (5b82f2d2aae0ca24b877009200ced9065a772e73),platform=Windows NT 10.0.16299 x86_64) (WARNING: The server did not provide any stacktrace information)
Command duration or timeout: 0 milliseconds
Build info: version: '3.7.1', revision: '8a0099a', time: '2017-11-06T21:07:36.161Z'
System info: host: 'DESKTOP-BLFTK83', ip: '192.168.71.2', os.name: 'Windows 10', os.arch: 'amd64', os.version: '10.0', java.version: '1.8.0_102'
Driver info: com.kms.katalon.selenium.driver.CChromeDriver
Capabilities {acceptInsecureCerts: false, acceptSslCerts: false, applicationCacheEnabled: false, browserConnectionEnabled: false, browserName: chrome, chrome: {chromedriverVersion: 2.35.528161 (5b82f2d2aae0ca..., userDataDir: C:\Users\QUALIT~1\AppData\L...}, cssSelectorsEnabled: true, databaseEnabled: false, handlesAlerts: true, hasTouchScreen: false, javascriptEnabled: true, locationContextEnabled: true, mobileEmulationEnabled: false, nativeEvents: true, networkConnectionEnabled: false, pageLoadStrategy: normal, platform: XP, platformName: XP, rotatable: false, setWindowRect: true, takesHeapSnapshot: true, takesScreenshot: true, unexpectedAlertBehaviour: , unhandledPromptBehavior: , version: 66.0.3359.139, webStorageEnabled: true}
Session ID: 121b15ff353ef71d148c55ee48c1e847)

2018-05-14 14:01:29 - [TEST_STEP][PASSED] - openBrowser: Browser is opened with url: ''

2018-05-14 14:01:32 - [MESSAGE][PASSED] - Browser is opened with url: ''

2018-05-14 14:01:32 - [TEST_STEP][PASSED] - navigateToUrl: Navigate to 'http://192.168.137.1/multihospital_new/' successfully

2018-05-14 14:01:36 - [MESSAGE][PASSED] - Navigate to 'http://192.168.137.1/multihospital_new/' successfully

2018-05-14 14:01:36 - [TEST_STEP][PASSED] - maximizeWindow: Current window maximized

2018-05-14 14:01:38 - [MESSAGE][PASSED] - Current window maximized

2018-05-14 14:01:38 - [TEST_STEP][PASSED] - click: Object: 'Object Repository/MOH AND GRN/Page_KDMC/a_CMS' is clicked on

2018-05-14 14:01:38 - [MESSAGE][PASSED] - Object: 'Object Repository/MOH AND GRN/Page_KDMC/a_CMS' is clicked on

2018-05-14 14:01:38 - [TEST_STEP][PASSED] - setText: Text 'bala' is set on object 'Object Repository/MOH AND GRN/Page_CMS login/input_txtusername'

2018-05-14 14:01:39 - [MESSAGE][PASSED] - Text 'bala' is set on object 'Object Repository/MOH AND GRN/Page_CMS login/input_txtusername'

2018-05-14 14:01:39 - [TEST_STEP][PASSED] - setText: Text '123' is set on object 'Object Repository/MOH AND GRN/Page_CMS login/input_txtpassword'

2018-05-14 14:01:39 - [MESSAGE][PASSED] - Text '123' is set on object 'Object Repository/MOH AND GRN/Page_CMS login/input_txtpassword'

2018-05-14 14:01:39 - [TEST_STEP][PASSED] - delay: Delayed 3 second(s)

2018-05-14 14:01:42 - [MESSAGE][PASSED] - Delayed 3 second(s)

2018-05-14 14:01:42 - [TEST_STEP][PASSED] - click: Object: 'Object Repository/MOH AND GRN/Page_CMS login/button_Sign in' is clicked on

2018-05-14 14:01:43 - [MESSAGE][PASSED] - Object: 'Object Repository/MOH AND GRN/Page_CMS login/button_Sign in' is clicked on

2018-05-14 14:01:43 - [TEST_STEP][PASSED] - click: Object: 'Object Repository/MOH AND GRN/Page_KDMC - CMS/a_Request to MOH' is clicked on

2018-05-14 14:01:43 - [MESSAGE][PASSED] - Object: 'Object Repository/MOH AND GRN/Page_KDMC - CMS/a_Request to MOH' is clicked on

2018-05-14 14:01:43 - [TEST_STEP][PASSED] - selectOptionByIndex: All options with index in [2] are selected on object 'Object Repository/MOH AND GRN/Page_KDMC - CMS/select_--Select--'

2018-05-14 14:01:43 - [MESSAGE][PASSED] - All options with index in [2] are selected on object 'Object Repository/MOH AND GRN/Page_KDMC - CMS/select_--Select--'

2018-05-14 14:01:43 - [TEST_STEP][PASSED] - selectOptionByIndex: All options with index in [9] are selected on object 'Object Repository/MOH AND GRN/Page_KDMC - CMS/select_--Select--Schedule 1Inj'

2018-05-14 14:01:44 - [MESSAGE][PASSED] - All options with index in [9] are selected on object 'Object Repository/MOH AND GRN/Page_KDMC - CMS/select_--Select--Schedule 1Inj'

2018-05-14 14:01:44 - [TEST_STEP][PASSED] - Statement - selectedoptions = com.kms.katalon.core.webui.keyword.WebUiBuiltInKeywords.getNumberOfTotalOption(com.kms.katalon.core.testobject.ObjectRepository.findTestObject(MOH AND GRN/Page_KDMC - CMS/select_--Select--Adernaline 0.)): 36 options of object 'Object Repository/MOH AND GRN/Page_KDMC - CMS/select_--Select--Adernaline 0.' counted

2018-05-14 14:01:44 - [MESSAGE][PASSED] - 36 options of object 'Object Repository/MOH AND GRN/Page_KDMC - CMS/select_--Select--Adernaline 0.' counted

2018-05-14 14:01:44 - [TEST_STEP][FAILED] - Statement - For ([j = 1, j <= selectedoptions - 1, (j++)]): Unable to set text '5000' of object 'Object Repository/MOH AND GRN/Page_KDMC - CMS/input_txttreat' (Root cause: org.openqa.selenium.WebDriverException: unknown error: cannot focus element
  (Session info: chrome=66.0.3359.139)
  (Driver info: chromedriver=2.35.528161 (5b82f2d2aae0ca24b877009200ced9065a772e73),platform=Windows NT 10.0.16299 x86_64) (WARNING: The server did not provide any stacktrace information)
Command duration or timeout: 0 milliseconds
Build info: version: '3.7.1', revision: '8a0099a', time: '2017-11-06T21:07:36.161Z'
System info: host: 'DESKTOP-BLFTK83', ip: '192.168.71.2', os.name: 'Windows 10', os.arch: 'amd64', os.version: '10.0', java.version: '1.8.0_102'
Driver info: com.kms.katalon.selenium.driver.CChromeDriver
Capabilities {acceptInsecureCerts: false, acceptSslCerts: false, applicationCacheEnabled: false, browserConnectionEnabled: false, browserName: chrome, chrome: {chromedriverVersion: 2.35.528161 (5b82f2d2aae0ca..., userDataDir: C:\Users\QUALIT~1\AppData\L...}, cssSelectorsEnabled: true, databaseEnabled: false, handlesAlerts: true, hasTouchScreen: false, javascriptEnabled: true, locationContextEnabled: true, mobileEmulationEnabled: false, nativeEvents: true, networkConnectionEnabled: false, pageLoadStrategy: normal, platform: XP, platformName: XP, rotatable: false, setWindowRect: true, takesHeapSnapshot: true, takesScreenshot: true, unexpectedAlertBehaviour: , unhandledPromptBehavior: , version: 66.0.3359.139, webStorageEnabled: true}
Session ID: 121b15ff353ef71d148c55ee48c1e847)

2018-05-14 14:01:44 - [TEST_STEP][PASSED] - selectOptionByIndex: All options with index in [9] are selected on object 'Object Repository/MOH AND GRN/Page_KDMC - CMS/select_--Select--Schedule 1Inj'

2018-05-14 14:01:44 - [MESSAGE][PASSED] - All options with index in [9] are selected on object 'Object Repository/MOH AND GRN/Page_KDMC - CMS/select_--Select--Schedule 1Inj'

2018-05-14 14:01:44 - [TEST_STEP][PASSED] - selectOptionByIndex: All options with index in [1] are selected on object 'Object Repository/MOH AND GRN/Page_KDMC - CMS/select_--Select--Adernaline 0.'

2018-05-14 14:01:44 - [MESSAGE][PASSED] - All options with index in [1] are selected on object 'Object Repository/MOH AND GRN/Page_KDMC - CMS/select_--Select--Adernaline 0.'

2018-05-14 14:01:44 - [TEST_STEP][PASSED] - setText: Text '5000' is set on object 'Object Repository/MOH AND GRN/Page_KDMC - CMS/input_txttreat'

2018-05-14 14:01:44 - [MESSAGE][PASSED] - Text '5000' is set on object 'Object Repository/MOH AND GRN/Page_KDMC - CMS/input_txttreat'

2018-05-14 14:01:44 - [TEST_STEP][PASSED] - click: Object: 'Object Repository/MOH AND GRN/Page_KDMC - CMS/button_Add' is clicked on

2018-05-14 14:01:44 - [MESSAGE][PASSED] - Object: 'Object Repository/MOH AND GRN/Page_KDMC - CMS/button_Add' is clicked on

2018-05-14 14:01:44 - [TEST_STEP][PASSED] - selectOptionByIndex: All options with index in [9] are selected on object 'Object Repository/MOH AND GRN/Page_KDMC - CMS/select_--Select--Schedule 1Inj'

2018-05-14 14:01:44 - [MESSAGE][PASSED] - All options with index in [9] are selected on object 'Object Repository/MOH AND GRN/Page_KDMC - CMS/select_--Select--Schedule 1Inj'

2018-05-14 14:01:44 - [TEST_STEP][PASSED] - selectOptionByIndex: All options with index in [2] are selected on object 'Object Repository/MOH AND GRN/Page_KDMC - CMS/select_--Select--Adernaline 0.'

2018-05-14 14:01:45 - [MESSAGE][PASSED] - All options with index in [2] are selected on object 'Object Repository/MOH AND GRN/Page_KDMC - CMS/select_--Select--Adernaline 0.'

2018-05-14 14:01:45 - [TEST_STEP][PASSED] - setText: Text '5000' is set on object 'Object Repository/MOH AND GRN/Page_KDMC - CMS/input_txttreat'

2018-05-14 14:01:45 - [MESSAGE][PASSED] - Text '5000' is set on object 'Object Repository/MOH AND GRN/Page_KDMC - CMS/input_txttreat'

2018-05-14 14:01:45 - [TEST_STEP][PASSED] - click: Object: 'Object Repository/MOH AND GRN/Page_KDMC - CMS/button_Add' is clicked on

2018-05-14 14:01:45 - [MESSAGE][PASSED] - Object: 'Object Repository/MOH AND GRN/Page_KDMC - CMS/button_Add' is clicked on

2018-05-14 14:01:45 - [TEST_STEP][PASSED] - selectOptionByIndex: All options with index in [9] are selected on object 'Object Repository/MOH AND GRN/Page_KDMC - CMS/select_--Select--Schedule 1Inj'

2018-05-14 14:01:45 - [MESSAGE][PASSED] - All options with index in [9] are selected on object 'Object Repository/MOH AND GRN/Page_KDMC - CMS/select_--Select--Schedule 1Inj'

2018-05-14 14:01:45 - [TEST_STEP][PASSED] - selectOptionByIndex: All options with index in [3] are selected on object 'Object Repository/MOH AND GRN/Page_KDMC - CMS/select_--Select--Adernaline 0.'

2018-05-14 14:01:45 - [MESSAGE][PASSED] - All options with index in [3] are selected on object 'Object Repository/MOH AND GRN/Page_KDMC - CMS/select_--Select--Adernaline 0.'

2018-05-14 14:01:45 - [TEST_STEP][PASSED] - setText: Text '5000' is set on object 'Object Repository/MOH AND GRN/Page_KDMC - CMS/input_txttreat'

2018-05-14 14:01:45 - [MESSAGE][PASSED] - Text '5000' is set on object 'Object Repository/MOH AND GRN/Page_KDMC - CMS/input_txttreat'

2018-05-14 14:01:45 - [TEST_STEP][PASSED] - click: Object: 'Object Repository/MOH AND GRN/Page_KDMC - CMS/button_Add' is clicked on

2018-05-14 14:01:45 - [MESSAGE][PASSED] - Object: 'Object Repository/MOH AND GRN/Page_KDMC - CMS/button_Add' is clicked on

2018-05-14 14:01:45 - [TEST_STEP][PASSED] - selectOptionByIndex: All options with index in [9] are selected on object 'Object Repository/MOH AND GRN/Page_KDMC - CMS/select_--Select--Schedule 1Inj'

2018-05-14 14:01:45 - [MESSAGE][PASSED] - All options with index in [9] are selected on object 'Object Repository/MOH AND GRN/Page_KDMC - CMS/select_--Select--Schedule 1Inj'

2018-05-14 14:01:45 - [TEST_STEP][PASSED] - selectOptionByIndex: All options with index in [4] are selected on object 'Object Repository/MOH AND GRN/Page_KDMC - CMS/select_--Select--Adernaline 0.'

2018-05-14 14:01:46 - [MESSAGE][PASSED] - All options with index in [4] are selected on object 'Object Repository/MOH AND GRN/Page_KDMC - CMS/select_--Select--Adernaline 0.'

2018-05-14 14:01:46 - [TEST_STEP][PASSED] - setText: Text '5000' is set on object 'Object Repository/MOH AND GRN/Page_KDMC - CMS/input_txttreat'

2018-05-14 14:01:46 - [MESSAGE][PASSED] - Text '5000' is set on object 'Object Repository/MOH AND GRN/Page_KDMC - CMS/input_txttreat'

2018-05-14 14:01:46 - [TEST_STEP][PASSED] - click: Object: 'Object Repository/MOH AND GRN/Page_KDMC - CMS/button_Add' is clicked on

2018-05-14 14:01:46 - [MESSAGE][PASSED] - Object: 'Object Repository/MOH AND GRN/Page_KDMC - CMS/button_Add' is clicked on

2018-05-14 14:01:46 - [TEST_STEP][PASSED] - selectOptionByIndex: All options with index in [9] are selected on object 'Object Repository/MOH AND GRN/Page_KDMC - CMS/select_--Select--Schedule 1Inj'

2018-05-14 14:01:46 - [MESSAGE][PASSED] - All options with index in [9] are selected on object 'Object Repository/MOH AND GRN/Page_KDMC - CMS/select_--Select--Schedule 1Inj'

2018-05-14 14:01:46 - [TEST_STEP][PASSED] - selectOptionByIndex: All options with index in [5] are selected on object 'Object Repository/MOH AND GRN/Page_KDMC - CMS/select_--Select--Adernaline 0.'

2018-05-14 14:01:46 - [MESSAGE][PASSED] - All options with index in [5] are selected on object 'Object Repository/MOH AND GRN/Page_KDMC - CMS/select_--Select--Adernaline 0.'

2018-05-14 14:01:46 - [TEST_STEP][PASSED] - setText: Text '5000' is set on object 'Object Repository/MOH AND GRN/Page_KDMC - CMS/input_txttreat'

2018-05-14 14:01:46 - [MESSAGE][PASSED] - Text '5000' is set on object 'Object Repository/MOH AND GRN/Page_KDMC - CMS/input_txttreat'

2018-05-14 14:01:46 - [TEST_STEP][PASSED] - click: Object: 'Object Repository/MOH AND GRN/Page_KDMC - CMS/button_Add' is clicked on

2018-05-14 14:01:46 - [MESSAGE][PASSED] - Object: 'Object Repository/MOH AND GRN/Page_KDMC - CMS/button_Add' is clicked on

2018-05-14 14:01:46 - [TEST_STEP][PASSED] - selectOptionByIndex: All options with index in [9] are selected on object 'Object Repository/MOH AND GRN/Page_KDMC - CMS/select_--Select--Schedule 1Inj'

2018-05-14 14:01:46 - [MESSAGE][PASSED] - All options with index in [9] are selected on object 'Object Repository/MOH AND GRN/Page_KDMC - CMS/select_--Select--Schedule 1Inj'

2018-05-14 14:01:46 - [TEST_STEP][PASSED] - selectOptionByIndex: All options with index in [6] are selected on object 'Object Repository/MOH AND GRN/Page_KDMC - CMS/select_--Select--Adernaline 0.'

2018-05-14 14:01:47 - [MESSAGE][PASSED] - All options with index in [6] are selected on object 'Object Repository/MOH AND GRN/Page_KDMC - CMS/select_--Select--Adernaline 0.'

2018-05-14 14:01:47 - [TEST_STEP][PASSED] - setText: Text '5000' is set on object 'Object Repository/MOH AND GRN/Page_KDMC - CMS/input_txttreat'

2018-05-14 14:01:47 - [MESSAGE][PASSED] - Text '5000' is set on object 'Object Repository/MOH AND GRN/Page_KDMC - CMS/input_txttreat'

2018-05-14 14:01:47 - [TEST_STEP][PASSED] - click: Object: 'Object Repository/MOH AND GRN/Page_KDMC - CMS/button_Add' is clicked on

2018-05-14 14:01:47 - [MESSAGE][PASSED] - Object: 'Object Repository/MOH AND GRN/Page_KDMC - CMS/button_Add' is clicked on

2018-05-14 14:01:47 - [TEST_STEP][PASSED] - selectOptionByIndex: All options with index in [9] are selected on object 'Object Repository/MOH AND GRN/Page_KDMC - CMS/select_--Select--Schedule 1Inj'

2018-05-14 14:01:47 - [MESSAGE][PASSED] - All options with index in [9] are selected on object 'Object Repository/MOH AND GRN/Page_KDMC - CMS/select_--Select--Schedule 1Inj'

2018-05-14 14:01:47 - [TEST_STEP][PASSED] - selectOptionByIndex: All options with index in [7] are selected on object 'Object Repository/MOH AND GRN/Page_KDMC - CMS/select_--Select--Adernaline 0.'

2018-05-14 14:01:47 - [MESSAGE][PASSED] - All options with index in [7] are selected on object 'Object Repository/MOH AND GRN/Page_KDMC - CMS/select_--Select--Adernaline 0.'

2018-05-14 14:01:47 - [TEST_STEP][PASSED] - setText: Text '5000' is set on object 'Object Repository/MOH AND GRN/Page_KDMC - CMS/input_txttreat'

2018-05-14 14:01:47 - [MESSAGE][PASSED] - Text '5000' is set on object 'Object Repository/MOH AND GRN/Page_KDMC - CMS/input_txttreat'

2018-05-14 14:01:47 - [TEST_STEP][PASSED] - click: Object: 'Object Repository/MOH AND GRN/Page_KDMC - CMS/button_Add' is clicked on

2018-05-14 14:01:47 - [MESSAGE][PASSED] - Object: 'Object Repository/MOH AND GRN/Page_KDMC - CMS/button_Add' is clicked on

2018-05-14 14:01:47 - [TEST_STEP][PASSED] - selectOptionByIndex: All options with index in [9] are selected on object 'Object Repository/MOH AND GRN/Page_KDMC - CMS/select_--Select--Schedule 1Inj'

2018-05-14 14:01:48 - [MESSAGE][PASSED] - All options with index in [9] are selected on object 'Object Repository/MOH AND GRN/Page_KDMC - CMS/select_--Select--Schedule 1Inj'

2018-05-14 14:01:48 - [TEST_STEP][PASSED] - selectOptionByIndex: All options with index in [8] are selected on object 'Object Repository/MOH AND GRN/Page_KDMC - CMS/select_--Select--Adernaline 0.'

2018-05-14 14:01:48 - [MESSAGE][PASSED] - All options with index in [8] are selected on object 'Object Repository/MOH AND GRN/Page_KDMC - CMS/select_--Select--Adernaline 0.'

2018-05-14 14:01:48 - [TEST_STEP][PASSED] - setText: Text '5000' is set on object 'Object Repository/MOH AND GRN/Page_KDMC - CMS/input_txttreat'

2018-05-14 14:01:48 - [MESSAGE][PASSED] - Text '5000' is set on object 'Object Repository/MOH AND GRN/Page_KDMC - CMS/input_txttreat'

2018-05-14 14:01:48 - [TEST_STEP][PASSED] - click: Object: 'Object Repository/MOH AND GRN/Page_KDMC - CMS/button_Add' is clicked on

2018-05-14 14:01:48 - [MESSAGE][PASSED] - Object: 'Object Repository/MOH AND GRN/Page_KDMC - CMS/button_Add' is clicked on

2018-05-14 14:01:48 - [TEST_STEP][PASSED] - selectOptionByIndex: All options with index in [9] are selected on object 'Object Repository/MOH AND GRN/Page_KDMC - CMS/select_--Select--Schedule 1Inj'

2018-05-14 14:01:48 - [MESSAGE][PASSED] - All options with index in [9] are selected on object 'Object Repository/MOH AND GRN/Page_KDMC - CMS/select_--Select--Schedule 1Inj'

2018-05-14 14:01:48 - [TEST_STEP][PASSED] - selectOptionByIndex: All options with index in [9] are selected on object 'Object Repository/MOH AND GRN/Page_KDMC - CMS/select_--Select--Adernaline 0.'

2018-05-14 14:01:48 - [MESSAGE][PASSED] - All options with index in [9] are selected on object 'Object Repository/MOH AND GRN/Page_KDMC - CMS/select_--Select--Adernaline 0.'

2018-05-14 14:01:48 - [TEST_STEP][PASSED] - setText: Text '5000' is set on object 'Object Repository/MOH AND GRN/Page_KDMC - CMS/input_txttreat'

2018-05-14 14:01:48 - [MESSAGE][PASSED] - Text '5000' is set on object 'Object Repository/MOH AND GRN/Page_KDMC - CMS/input_txttreat'

2018-05-14 14:01:48 - [TEST_STEP][PASSED] - click: Object: 'Object Repository/MOH AND GRN/Page_KDMC - CMS/button_Add' is clicked on

2018-05-14 14:01:48 - [MESSAGE][PASSED] - Object: 'Object Repository/MOH AND GRN/Page_KDMC - CMS/button_Add' is clicked on

2018-05-14 14:01:48 - [TEST_STEP][PASSED] - selectOptionByIndex: All options with index in [9] are selected on object 'Object Repository/MOH AND GRN/Page_KDMC - CMS/select_--Select--Schedule 1Inj'

2018-05-14 14:01:49 - [MESSAGE][PASSED] - All options with index in [9] are selected on object 'Object Repository/MOH AND GRN/Page_KDMC - CMS/select_--Select--Schedule 1Inj'

2018-05-14 14:01:49 - [TEST_STEP][PASSED] - selectOptionByIndex: All options with index in [10] are selected on object 'Object Repository/MOH AND GRN/Page_KDMC - CMS/select_--Select--Adernaline 0.'

2018-05-14 14:01:49 - [MESSAGE][PASSED] - All options with index in [10] are selected on object 'Object Repository/MOH AND GRN/Page_KDMC - CMS/select_--Select--Adernaline 0.'

2018-05-14 14:01:49 - [TEST_STEP][PASSED] - setText: Text '5000' is set on object 'Object Repository/MOH AND GRN/Page_KDMC - CMS/input_txttreat'

2018-05-14 14:01:49 - [MESSAGE][PASSED] - Text '5000' is set on object 'Object Repository/MOH AND GRN/Page_KDMC - CMS/input_txttreat'

2018-05-14 14:01:49 - [TEST_STEP][PASSED] - click: Object: 'Object Repository/MOH AND GRN/Page_KDMC - CMS/button_Add' is clicked on

2018-05-14 14:01:49 - [MESSAGE][PASSED] - Object: 'Object Repository/MOH AND GRN/Page_KDMC - CMS/button_Add' is clicked on

2018-05-14 14:01:49 - [TEST_STEP][PASSED] - selectOptionByIndex: All options with index in [9] are selected on object 'Object Repository/MOH AND GRN/Page_KDMC - CMS/select_--Select--Schedule 1Inj'

2018-05-14 14:01:49 - [MESSAGE][PASSED] - All options with index in [9] are selected on object 'Object Repository/MOH AND GRN/Page_KDMC - CMS/select_--Select--Schedule 1Inj'

2018-05-14 14:01:49 - [TEST_STEP][PASSED] - selectOptionByIndex: All options with index in [11] are selected on object 'Object Repository/MOH AND GRN/Page_KDMC - CMS/select_--Select--Adernaline 0.'

2018-05-14 14:01:49 - [MESSAGE][PASSED] - All options with index in [11] are selected on object 'Object Repository/MOH AND GRN/Page_KDMC - CMS/select_--Select--Adernaline 0.'

2018-05-14 14:01:49 - [TEST_STEP][PASSED] - setText: Text '5000' is set on object 'Object Repository/MOH AND GRN/Page_KDMC - CMS/input_txttreat'

2018-05-14 14:01:50 - [MESSAGE][PASSED] - Text '5000' is set on object 'Object Repository/MOH AND GRN/Page_KDMC - CMS/input_txttreat'

2018-05-14 14:01:50 - [TEST_STEP][PASSED] - click: Object: 'Object Repository/MOH AND GRN/Page_KDMC - CMS/button_Add' is clicked on

2018-05-14 14:01:50 - [MESSAGE][PASSED] - Object: 'Object Repository/MOH AND GRN/Page_KDMC - CMS/button_Add' is clicked on

2018-05-14 14:01:50 - [TEST_STEP][PASSED] - selectOptionByIndex: All options with index in [9] are selected on object 'Object Repository/MOH AND GRN/Page_KDMC - CMS/select_--Select--Schedule 1Inj'

2018-05-14 14:01:50 - [MESSAGE][PASSED] - All options with index in [9] are selected on object 'Object Repository/MOH AND GRN/Page_KDMC - CMS/select_--Select--Schedule 1Inj'

2018-05-14 14:01:50 - [TEST_STEP][PASSED] - selectOptionByIndex: All options with index in [12] are selected on object 'Object Repository/MOH AND GRN/Page_KDMC - CMS/select_--Select--Adernaline 0.'

2018-05-14 14:01:50 - [MESSAGE][PASSED] - All options with index in [12] are selected on object 'Object Repository/MOH AND GRN/Page_KDMC - CMS/select_--Select--Adernaline 0.'

2018-05-14 14:01:50 - [TEST_STEP][PASSED] - setText: Text '5000' is set on object 'Object Repository/MOH AND GRN/Page_KDMC - CMS/input_txttreat'

2018-05-14 14:01:50 - [MESSAGE][PASSED] - Text '5000' is set on object 'Object Repository/MOH AND GRN/Page_KDMC - CMS/input_txttreat'

2018-05-14 14:01:50 - [TEST_STEP][PASSED] - click: Object: 'Object Repository/MOH AND GRN/Page_KDMC - CMS/button_Add' is clicked on

2018-05-14 14:01:50 - [MESSAGE][PASSED] - Object: 'Object Repository/MOH AND GRN/Page_KDMC - CMS/button_Add' is clicked on

2018-05-14 14:01:50 - [TEST_STEP][PASSED] - selectOptionByIndex: All options with index in [9] are selected on object 'Object Repository/MOH AND GRN/Page_KDMC - CMS/select_--Select--Schedule 1Inj'

2018-05-14 14:01:50 - [MESSAGE][PASSED] - All options with index in [9] are selected on object 'Object Repository/MOH AND GRN/Page_KDMC - CMS/select_--Select--Schedule 1Inj'

2018-05-14 14:01:50 - [TEST_STEP][PASSED] - selectOptionByIndex: All options with index in [13] are selected on object 'Object Repository/MOH AND GRN/Page_KDMC - CMS/select_--Select--Adernaline 0.'

2018-05-14 14:01:51 - [MESSAGE][PASSED] - All options with index in [13] are selected on object 'Object Repository/MOH AND GRN/Page_KDMC - CMS/select_--Select--Adernaline 0.'

2018-05-14 14:01:51 - [TEST_STEP][PASSED] - setText: Text '5000' is set on object 'Object Repository/MOH AND GRN/Page_KDMC - CMS/input_txttreat'

2018-05-14 14:01:51 - [MESSAGE][PASSED] - Text '5000' is set on object 'Object Repository/MOH AND GRN/Page_KDMC - CMS/input_txttreat'

2018-05-14 14:01:51 - [TEST_STEP][PASSED] - click: Object: 'Object Repository/MOH AND GRN/Page_KDMC - CMS/button_Add' is clicked on

2018-05-14 14:01:51 - [MESSAGE][PASSED] - Object: 'Object Repository/MOH AND GRN/Page_KDMC - CMS/button_Add' is clicked on

2018-05-14 14:01:51 - [TEST_STEP][PASSED] - selectOptionByIndex: All options with index in [9] are selected on object 'Object Repository/MOH AND GRN/Page_KDMC - CMS/select_--Select--Schedule 1Inj'

2018-05-14 14:01:51 - [MESSAGE][PASSED] - All options with index in [9] are selected on object 'Object Repository/MOH AND GRN/Page_KDMC - CMS/select_--Select--Schedule 1Inj'

2018-05-14 14:01:51 - [TEST_STEP][PASSED] - selectOptionByIndex: All options with index in [14] are selected on object 'Object Repository/MOH AND GRN/Page_KDMC - CMS/select_--Select--Adernaline 0.'

2018-05-14 14:01:51 - [MESSAGE][PASSED] - All options with index in [14] are selected on object 'Object Repository/MOH AND GRN/Page_KDMC - CMS/select_--Select--Adernaline 0.'

2018-05-14 14:01:51 - [TEST_STEP][PASSED] - setText: Text '5000' is set on object 'Object Repository/MOH AND GRN/Page_KDMC - CMS/input_txttreat'

2018-05-14 14:01:51 - [MESSAGE][PASSED] - Text '5000' is set on object 'Object Repository/MOH AND GRN/Page_KDMC - CMS/input_txttreat'

2018-05-14 14:01:51 - [TEST_STEP][PASSED] - click: Object: 'Object Repository/MOH AND GRN/Page_KDMC - CMS/button_Add' is clicked on

2018-05-14 14:01:51 - [MESSAGE][PASSED] - Object: 'Object Repository/MOH AND GRN/Page_KDMC - CMS/button_Add' is clicked on

2018-05-14 14:01:51 - [TEST_STEP][PASSED] - selectOptionByIndex: All options with index in [9] are selected on object 'Object Repository/MOH AND GRN/Page_KDMC - CMS/select_--Select--Schedule 1Inj'

2018-05-14 14:01:52 - [MESSAGE][PASSED] - All options with index in [9] are selected on object 'Object Repository/MOH AND GRN/Page_KDMC - CMS/select_--Select--Schedule 1Inj'

2018-05-14 14:01:52 - [TEST_STEP][PASSED] - selectOptionByIndex: All options with index in [15] are selected on object 'Object Repository/MOH AND GRN/Page_KDMC - CMS/select_--Select--Adernaline 0.'

2018-05-14 14:01:52 - [MESSAGE][PASSED] - All options with index in [15] are selected on object 'Object Repository/MOH AND GRN/Page_KDMC - CMS/select_--Select--Adernaline 0.'

2018-05-14 14:01:52 - [TEST_STEP][PASSED] - setText: Text '5000' is set on object 'Object Repository/MOH AND GRN/Page_KDMC - CMS/input_txttreat'

2018-05-14 14:01:52 - [MESSAGE][PASSED] - Text '5000' is set on object 'Object Repository/MOH AND GRN/Page_KDMC - CMS/input_txttreat'

2018-05-14 14:01:52 - [TEST_STEP][PASSED] - click: Object: 'Object Repository/MOH AND GRN/Page_KDMC - CMS/button_Add' is clicked on

2018-05-14 14:01:52 - [MESSAGE][PASSED] - Object: 'Object Repository/MOH AND GRN/Page_KDMC - CMS/button_Add' is clicked on

2018-05-14 14:01:52 - [TEST_STEP][PASSED] - selectOptionByIndex: All options with index in [9] are selected on object 'Object Repository/MOH AND GRN/Page_KDMC - CMS/select_--Select--Schedule 1Inj'

2018-05-14 14:01:52 - [MESSAGE][PASSED] - All options with index in [9] are selected on object 'Object Repository/MOH AND GRN/Page_KDMC - CMS/select_--Select--Schedule 1Inj'

2018-05-14 14:01:52 - [TEST_STEP][PASSED] - selectOptionByIndex: All options with index in [16] are selected on object 'Object Repository/MOH AND GRN/Page_KDMC - CMS/select_--Select--Adernaline 0.'

2018-05-14 14:01:53 - [MESSAGE][PASSED] - All options with index in [16] are selected on object 'Object Repository/MOH AND GRN/Page_KDMC - CMS/select_--Select--Adernaline 0.'

2018-05-14 14:01:53 - [TEST_STEP][PASSED] - setText: Text '5000' is set on object 'Object Repository/MOH AND GRN/Page_KDMC - CMS/input_txttreat'

2018-05-14 14:01:53 - [MESSAGE][PASSED] - Text '5000' is set on object 'Object Repository/MOH AND GRN/Page_KDMC - CMS/input_txttreat'

2018-05-14 14:01:53 - [TEST_STEP][PASSED] - click: Object: 'Object Repository/MOH AND GRN/Page_KDMC - CMS/button_Add' is clicked on

2018-05-14 14:01:53 - [MESSAGE][PASSED] - Object: 'Object Repository/MOH AND GRN/Page_KDMC - CMS/button_Add' is clicked on

2018-05-14 14:01:53 - [TEST_STEP][PASSED] - selectOptionByIndex: All options with index in [9] are selected on object 'Object Repository/MOH AND GRN/Page_KDMC - CMS/select_--Select--Schedule 1Inj'

2018-05-14 14:01:53 - [MESSAGE][PASSED] - All options with index in [9] are selected on object 'Object Repository/MOH AND GRN/Page_KDMC - CMS/select_--Select--Schedule 1Inj'

2018-05-14 14:01:53 - [TEST_STEP][PASSED] - selectOptionByIndex: All options with index in [17] are selected on object 'Object Repository/MOH AND GRN/Page_KDMC - CMS/select_--Select--Adernaline 0.'

2018-05-14 14:01:53 - [MESSAGE][PASSED] - All options with index in [17] are selected on object 'Object Repository/MOH AND GRN/Page_KDMC - CMS/select_--Select--Adernaline 0.'

2018-05-14 14:01:53 - [TEST_STEP][PASSED] - setText: Text '5000' is set on object 'Object Repository/MOH AND GRN/Page_KDMC - CMS/input_txttreat'

2018-05-14 14:01:53 - [MESSAGE][PASSED] - Text '5000' is set on object 'Object Repository/MOH AND GRN/Page_KDMC - CMS/input_txttreat'

2018-05-14 14:01:53 - [TEST_STEP][PASSED] - click: Object: 'Object Repository/MOH AND GRN/Page_KDMC - CMS/button_Add' is clicked on

2018-05-14 14:01:53 - [MESSAGE][PASSED] - Object: 'Object Repository/MOH AND GRN/Page_KDMC - CMS/button_Add' is clicked on

2018-05-14 14:01:53 - [TEST_STEP][PASSED] - selectOptionByIndex: All options with index in [9] are selected on object 'Object Repository/MOH AND GRN/Page_KDMC - CMS/select_--Select--Schedule 1Inj'

2018-05-14 14:01:53 - [MESSAGE][PASSED] - All options with index in [9] are selected on object 'Object Repository/MOH AND GRN/Page_KDMC - CMS/select_--Select--Schedule 1Inj'

2018-05-14 14:01:53 - [TEST_STEP][PASSED] - selectOptionByIndex: All options with index in [18] are selected on object 'Object Repository/MOH AND GRN/Page_KDMC - CMS/select_--Select--Adernaline 0.'

2018-05-14 14:01:54 - [MESSAGE][PASSED] - All options with index in [18] are selected on object 'Object Repository/MOH AND GRN/Page_KDMC - CMS/select_--Select--Adernaline 0.'

2018-05-14 14:01:54 - [TEST_STEP][PASSED] - setText: Text '5000' is set on object 'Object Repository/MOH AND GRN/Page_KDMC - CMS/input_txttreat'

2018-05-14 14:01:54 - [MESSAGE][PASSED] - Text '5000' is set on object 'Object Repository/MOH AND GRN/Page_KDMC - CMS/input_txttreat'

2018-05-14 14:01:54 - [TEST_STEP][PASSED] - click: Object: 'Object Repository/MOH AND GRN/Page_KDMC - CMS/button_Add' is clicked on

2018-05-14 14:01:54 - [MESSAGE][PASSED] - Object: 'Object Repository/MOH AND GRN/Page_KDMC - CMS/button_Add' is clicked on

2018-05-14 14:01:54 - [TEST_STEP][PASSED] - selectOptionByIndex: All options with index in [9] are selected on object 'Object Repository/MOH AND GRN/Page_KDMC - CMS/select_--Select--Schedule 1Inj'

2018-05-14 14:01:54 - [MESSAGE][PASSED] - All options with index in [9] are selected on object 'Object Repository/MOH AND GRN/Page_KDMC - CMS/select_--Select--Schedule 1Inj'

2018-05-14 14:01:54 - [TEST_STEP][PASSED] - selectOptionByIndex: All options with index in [19] are selected on object 'Object Repository/MOH AND GRN/Page_KDMC - CMS/select_--Select--Adernaline 0.'

2018-05-14 14:01:54 - [MESSAGE][PASSED] - All options with index in [19] are selected on object 'Object Repository/MOH AND GRN/Page_KDMC - CMS/select_--Select--Adernaline 0.'

2018-05-14 14:01:54 - [TEST_STEP][PASSED] - setText: Text '5000' is set on object 'Object Repository/MOH AND GRN/Page_KDMC - CMS/input_txttreat'

2018-05-14 14:01:54 - [MESSAGE][PASSED] - Text '5000' is set on object 'Object Repository/MOH AND GRN/Page_KDMC - CMS/input_txttreat'

2018-05-14 14:01:54 - [TEST_STEP][PASSED] - click: Object: 'Object Repository/MOH AND GRN/Page_KDMC - CMS/button_Add' is clicked on

2018-05-14 14:01:55 - [MESSAGE][PASSED] - Object: 'Object Repository/MOH AND GRN/Page_KDMC - CMS/button_Add' is clicked on

2018-05-14 14:01:55 - [TEST_STEP][PASSED] - selectOptionByIndex: All options with index in [9] are selected on object 'Object Repository/MOH AND GRN/Page_KDMC - CMS/select_--Select--Schedule 1Inj'

2018-05-14 14:01:55 - [MESSAGE][PASSED] - All options with index in [9] are selected on object 'Object Repository/MOH AND GRN/Page_KDMC - CMS/select_--Select--Schedule 1Inj'

2018-05-14 14:01:55 - [TEST_STEP][PASSED] - selectOptionByIndex: All options with index in [20] are selected on object 'Object Repository/MOH AND GRN/Page_KDMC - CMS/select_--Select--Adernaline 0.'

2018-05-14 14:01:55 - [MESSAGE][PASSED] - All options with index in [20] are selected on object 'Object Repository/MOH AND GRN/Page_KDMC - CMS/select_--Select--Adernaline 0.'

2018-05-14 14:01:55 - [TEST_STEP][PASSED] - setText: Text '5000' is set on object 'Object Repository/MOH AND GRN/Page_KDMC - CMS/input_txttreat'

2018-05-14 14:01:55 - [MESSAGE][PASSED] - Text '5000' is set on object 'Object Repository/MOH AND GRN/Page_KDMC - CMS/input_txttreat'

2018-05-14 14:01:55 - [TEST_STEP][PASSED] - click: Object: 'Object Repository/MOH AND GRN/Page_KDMC - CMS/button_Add' is clicked on

2018-05-14 14:01:55 - [MESSAGE][PASSED] - Object: 'Object Repository/MOH AND GRN/Page_KDMC - CMS/button_Add' is clicked on

2018-05-14 14:01:55 - [TEST_STEP][PASSED] - selectOptionByIndex: All options with index in [9] are selected on object 'Object Repository/MOH AND GRN/Page_KDMC - CMS/select_--Select--Schedule 1Inj'

2018-05-14 14:01:55 - [MESSAGE][PASSED] - All options with index in [9] are selected on object 'Object Repository/MOH AND GRN/Page_KDMC - CMS/select_--Select--Schedule 1Inj'

2018-05-14 14:01:55 - [TEST_STEP][PASSED] - selectOptionByIndex: All options with index in [21] are selected on object 'Object Repository/MOH AND GRN/Page_KDMC - CMS/select_--Select--Adernaline 0.'

2018-05-14 14:01:56 - [MESSAGE][PASSED] - All options with index in [21] are selected on object 'Object Repository/MOH AND GRN/Page_KDMC - CMS/select_--Select--Adernaline 0.'

2018-05-14 14:01:56 - [TEST_STEP][PASSED] - setText: Text '5000' is set on object 'Object Repository/MOH AND GRN/Page_KDMC - CMS/input_txttreat'

2018-05-14 14:01:56 - [MESSAGE][PASSED] - Text '5000' is set on object 'Object Repository/MOH AND GRN/Page_KDMC - CMS/input_txttreat'

2018-05-14 14:01:56 - [TEST_STEP][PASSED] - click: Object: 'Object Repository/MOH AND GRN/Page_KDMC - CMS/button_Add' is clicked on

2018-05-14 14:01:56 - [MESSAGE][PASSED] - Object: 'Object Repository/MOH AND GRN/Page_KDMC - CMS/button_Add' is clicked on

2018-05-14 14:01:56 - [TEST_STEP][PASSED] - selectOptionByIndex: All options with index in [9] are selected on object 'Object Repository/MOH AND GRN/Page_KDMC - CMS/select_--Select--Schedule 1Inj'

2018-05-14 14:01:56 - [MESSAGE][PASSED] - All options with index in [9] are selected on object 'Object Repository/MOH AND GRN/Page_KDMC - CMS/select_--Select--Schedule 1Inj'

2018-05-14 14:01:56 - [TEST_STEP][PASSED] - selectOptionByIndex: All options with index in [22] are selected on object 'Object Repository/MOH AND GRN/Page_KDMC - CMS/select_--Select--Adernaline 0.'

2018-05-14 14:01:56 - [MESSAGE][PASSED] - All options with index in [22] are selected on object 'Object Repository/MOH AND GRN/Page_KDMC - CMS/select_--Select--Adernaline 0.'

2018-05-14 14:01:56 - [TEST_STEP][PASSED] - setText: Text '5000' is set on object 'Object Repository/MOH AND GRN/Page_KDMC - CMS/input_txttreat'

2018-05-14 14:01:57 - [MESSAGE][PASSED] - Text '5000' is set on object 'Object Repository/MOH AND GRN/Page_KDMC - CMS/input_txttreat'

2018-05-14 14:01:57 - [TEST_STEP][PASSED] - click: Object: 'Object Repository/MOH AND GRN/Page_KDMC - CMS/button_Add' is clicked on

2018-05-14 14:01:57 - [MESSAGE][PASSED] - Object: 'Object Repository/MOH AND GRN/Page_KDMC - CMS/button_Add' is clicked on

2018-05-14 14:01:57 - [TEST_STEP][PASSED] - selectOptionByIndex: All options with index in [9] are selected on object 'Object Repository/MOH AND GRN/Page_KDMC - CMS/select_--Select--Schedule 1Inj'

2018-05-14 14:01:57 - [MESSAGE][PASSED] - All options with index in [9] are selected on object 'Object Repository/MOH AND GRN/Page_KDMC - CMS/select_--Select--Schedule 1Inj'

2018-05-14 14:01:57 - [TEST_STEP][PASSED] - selectOptionByIndex: All options with index in [23] are selected on object 'Object Repository/MOH AND GRN/Page_KDMC - CMS/select_--Select--Adernaline 0.'

2018-05-14 14:01:57 - [MESSAGE][PASSED] - All options with index in [23] are selected on object 'Object Repository/MOH AND GRN/Page_KDMC - CMS/select_--Select--Adernaline 0.'

2018-05-14 14:01:57 - [TEST_STEP][PASSED] - setText: Text '5000' is set on object 'Object Repository/MOH AND GRN/Page_KDMC - CMS/input_txttreat'

2018-05-14 14:01:57 - [MESSAGE][PASSED] - Text '5000' is set on object 'Object Repository/MOH AND GRN/Page_KDMC - CMS/input_txttreat'

2018-05-14 14:01:57 - [TEST_STEP][PASSED] - click: Object: 'Object Repository/MOH AND GRN/Page_KDMC - CMS/button_Add' is clicked on

2018-05-14 14:01:57 - [MESSAGE][PASSED] - Object: 'Object Repository/MOH AND GRN/Page_KDMC - CMS/button_Add' is clicked on

2018-05-14 14:01:57 - [TEST_STEP][PASSED] - selectOptionByIndex: All options with index in [9] are selected on object 'Object Repository/MOH AND GRN/Page_KDMC - CMS/select_--Select--Schedule 1Inj'

2018-05-14 14:01:58 - [MESSAGE][PASSED] - All options with index in [9] are selected on object 'Object Repository/MOH AND GRN/Page_KDMC - CMS/select_--Select--Schedule 1Inj'

2018-05-14 14:01:58 - [TEST_STEP][PASSED] - selectOptionByIndex: All options with index in [24] are selected on object 'Object Repository/MOH AND GRN/Page_KDMC - CMS/select_--Select--Adernaline 0.'

2018-05-14 14:01:58 - [MESSAGE][PASSED] - All options with index in [24] are selected on object 'Object Repository/MOH AND GRN/Page_KDMC - CMS/select_--Select--Adernaline 0.'

2018-05-14 14:01:58 - [TEST_STEP][PASSED] - setText: Text '5000' is set on object 'Object Repository/MOH AND GRN/Page_KDMC - CMS/input_txttreat'

2018-05-14 14:01:58 - [MESSAGE][PASSED] - Text '5000' is set on object 'Object Repository/MOH AND GRN/Page_KDMC - CMS/input_txttreat'

2018-05-14 14:01:58 - [TEST_STEP][PASSED] - click: Object: 'Object Repository/MOH AND GRN/Page_KDMC - CMS/button_Add' is clicked on

2018-05-14 14:01:58 - [MESSAGE][PASSED] - Object: 'Object Repository/MOH AND GRN/Page_KDMC - CMS/button_Add' is clicked on

2018-05-14 14:01:58 - [TEST_STEP][PASSED] - selectOptionByIndex: All options with index in [9] are selected on object 'Object Repository/MOH AND GRN/Page_KDMC - CMS/select_--Select--Schedule 1Inj'

2018-05-14 14:01:58 - [MESSAGE][PASSED] - All options with index in [9] are selected on object 'Object Repository/MOH AND GRN/Page_KDMC - CMS/select_--Select--Schedule 1Inj'

2018-05-14 14:01:58 - [TEST_STEP][PASSED] - selectOptionByIndex: All options with index in [25] are selected on object 'Object Repository/MOH AND GRN/Page_KDMC - CMS/select_--Select--Adernaline 0.'

2018-05-14 14:01:59 - [MESSAGE][PASSED] - All options with index in [25] are selected on object 'Object Repository/MOH AND GRN/Page_KDMC - CMS/select_--Select--Adernaline 0.'

2018-05-14 14:01:59 - [TEST_STEP][PASSED] - setText: Text '5000' is set on object 'Object Repository/MOH AND GRN/Page_KDMC - CMS/input_txttreat'

2018-05-14 14:01:59 - [MESSAGE][PASSED] - Text '5000' is set on object 'Object Repository/MOH AND GRN/Page_KDMC - CMS/input_txttreat'

2018-05-14 14:01:59 - [TEST_STEP][PASSED] - click: Object: 'Object Repository/MOH AND GRN/Page_KDMC - CMS/button_Add' is clicked on

2018-05-14 14:01:59 - [MESSAGE][PASSED] - Object: 'Object Repository/MOH AND GRN/Page_KDMC - CMS/button_Add' is clicked on

2018-05-14 14:01:59 - [TEST_STEP][PASSED] - selectOptionByIndex: All options with index in [9] are selected on object 'Object Repository/MOH AND GRN/Page_KDMC - CMS/select_--Select--Schedule 1Inj'

2018-05-14 14:01:59 - [MESSAGE][PASSED] - All options with index in [9] are selected on object 'Object Repository/MOH AND GRN/Page_KDMC - CMS/select_--Select--Schedule 1Inj'

2018-05-14 14:01:59 - [TEST_STEP][PASSED] - selectOptionByIndex: All options with index in [26] are selected on object 'Object Repository/MOH AND GRN/Page_KDMC - CMS/select_--Select--Adernaline 0.'

2018-05-14 14:01:59 - [MESSAGE][PASSED] - All options with index in [26] are selected on object 'Object Repository/MOH AND GRN/Page_KDMC - CMS/select_--Select--Adernaline 0.'

2018-05-14 14:01:59 - [TEST_STEP][FAILED] - setText: Unable to set text '5000' of object 'Object Repository/MOH AND GRN/Page_KDMC - CMS/input_txttreat' (Root cause: org.openqa.selenium.WebDriverException: unknown error: cannot focus element
  (Session info: chrome=66.0.3359.139)
  (Driver info: chromedriver=2.35.528161 (5b82f2d2aae0ca24b877009200ced9065a772e73),platform=Windows NT 10.0.16299 x86_64) (WARNING: The server did not provide any stacktrace information)
Command duration or timeout: 0 milliseconds
Build info: version: '3.7.1', revision: '8a0099a', time: '2017-11-06T21:07:36.161Z'
System info: host: 'DESKTOP-BLFTK83', ip: '192.168.71.2', os.name: 'Windows 10', os.arch: 'amd64', os.version: '10.0', java.version: '1.8.0_102'
Driver info: com.kms.katalon.selenium.driver.CChromeDriver
Capabilities {acceptInsecureCerts: false, acceptSslCerts: false, applicationCacheEnabled: false, browserConnectionEnabled: false, browserName: chrome, chrome: {chromedriverVersion: 2.35.528161 (5b82f2d2aae0ca..., userDataDir: C:\Users\QUALIT~1\AppData\L...}, cssSelectorsEnabled: true, databaseEnabled: false, handlesAlerts: true, hasTouchScreen: false, javascriptEnabled: true, locationContextEnabled: true, mobileEmulationEnabled: false, nativeEvents: true, networkConnectionEnabled: false, pageLoadStrategy: normal, platform: XP, platformName: XP, rotatable: false, setWindowRect: true, takesHeapSnapshot: true, takesScreenshot: true, unexpectedAlertBehaviour: , unhandledPromptBehavior: , version: 66.0.3359.139, webStorageEnabled: true}
Session ID: 121b15ff353ef71d148c55ee48c1e847)

2018-05-14 14:02:00 - [MESSAGE][FAILED] - Unable to set text '5000' of object 'Object Repository/MOH AND GRN/Page_KDMC - CMS/input_txttreat' (Root cause: org.openqa.selenium.WebDriverException: unknown error: cannot focus element
  (Session info: chrome=66.0.3359.139)
  (Driver info: chromedriver=2.35.528161 (5b82f2d2aae0ca24b877009200ced9065a772e73),platform=Windows NT 10.0.16299 x86_64) (WARNING: The server did not provide any stacktrace information)
Command duration or timeout: 0 milliseconds
Build info: version: '3.7.1', revision: '8a0099a', time: '2017-11-06T21:07:36.161Z'
System info: host: 'DESKTOP-BLFTK83', ip: '192.168.71.2', os.name: 'Windows 10', os.arch: 'amd64', os.version: '10.0', java.version: '1.8.0_102'
Driver info: com.kms.katalon.selenium.driver.CChromeDriver
Capabilities {acceptInsecureCerts: false, acceptSslCerts: false, applicationCacheEnabled: false, browserConnectionEnabled: false, browserName: chrome, chrome: {chromedriverVersion: 2.35.528161 (5b82f2d2aae0ca..., userDataDir: C:\Users\QUALIT~1\AppData\L...}, cssSelectorsEnabled: true, databaseEnabled: false, handlesAlerts: true, hasTouchScreen: false, javascriptEnabled: true, locationContextEnabled: true, mobileEmulationEnabled: false, nativeEvents: true, networkConnectionEnabled: false, pageLoadStrategy: normal, platform: XP, platformName: XP, rotatable: false, setWindowRect: true, takesHeapSnapshot: true, takesScreenshot: true, unexpectedAlertBehaviour: , unhandledPromptBehavior: , version: 66.0.3359.139, webStorageEnabled: true}
Session ID: 121b15ff353ef71d148c55ee48c1e847)
[[ATTACHMENT|C:\\Users\\Quality Analyst\\Katalon Studio\\ds\\Reports\\MOH REQUEST AND GRN\\20180514_132131\\1526286719894.png]]]]></system-out>
         <system-err><![CDATA[2018-05-14 14:01:29 - [TEST_CASE][FAILED] - Test Cases/TEST/MOH REQUEST AND GRN/Moh Request GRN  Schedule 9: Test Cases/TEST/MOH REQUEST AND GRN/Moh Request GRN  Schedule 9 FAILED because (of) Unable to set text '5000' of object 'Object Repository/MOH AND GRN/Page_KDMC - CMS/input_txttreat' (Root cause: org.openqa.selenium.WebDriverException: unknown error: cannot focus element
  (Session info: chrome=66.0.3359.139)
  (Driver info: chromedriver=2.35.528161 (5b82f2d2aae0ca24b877009200ced9065a772e73),platform=Windows NT 10.0.16299 x86_64) (WARNING: The server did not provide any stacktrace information)
Command duration or timeout: 0 milliseconds
Build info: version: '3.7.1', revision: '8a0099a', time: '2017-11-06T21:07:36.161Z'
System info: host: 'DESKTOP-BLFTK83', ip: '192.168.71.2', os.name: 'Windows 10', os.arch: 'amd64', os.version: '10.0', java.version: '1.8.0_102'
Driver info: com.kms.katalon.selenium.driver.CChromeDriver
Capabilities {acceptInsecureCerts: false, acceptSslCerts: false, applicationCacheEnabled: false, browserConnectionEnabled: false, browserName: chrome, chrome: {chromedriverVersion: 2.35.528161 (5b82f2d2aae0ca..., userDataDir: C:\Users\QUALIT~1\AppData\L...}, cssSelectorsEnabled: true, databaseEnabled: false, handlesAlerts: true, hasTouchScreen: false, javascriptEnabled: true, locationContextEnabled: true, mobileEmulationEnabled: false, nativeEvents: true, networkConnectionEnabled: false, pageLoadStrategy: normal, platform: XP, platformName: XP, rotatable: false, setWindowRect: true, takesHeapSnapshot: true, takesScreenshot: true, unexpectedAlertBehaviour: , unhandledPromptBehavior: , version: 66.0.3359.139, webStorageEnabled: true}
Session ID: 121b15ff353ef71d148c55ee48c1e847)]]></system-err>
      </testcase>
      <testcase name="Test Cases/TEST/MOH REQUEST AND GRN/Moh Request GRN  Schedule 10" classname="Test Cases/TEST/MOH REQUEST AND GRN/Moh Request GRN  Schedule 10" status="FAILED">
         <failure type="FAILED" message="Unable to select option by index '6' of object 'Object Repository/MOH AND GRN/Page_KDMC - CMS/select_--Select--Adernaline 0.' (Root cause: org.openqa.selenium.NoSuchElementException: Cannot locate option with index: 6
For documentation on this error, please visit: http://seleniumhq.org/exceptions/no_such_element.html
Build info: version: '3.7.1', revision: '8a0099a', time: '2017-11-06T21:07:36.161Z'
System info: host: 'DESKTOP-BLFTK83', ip: '192.168.71.2', os.name: 'Windows 10', os.arch: 'amd64', os.version: '10.0', java.version: '1.8.0_102'
Driver info: driver.version: unknown)"/>
         <system-out><![CDATA[2018-05-14 14:02:00 - [TEST_CASE][FAILED] - Test Cases/TEST/MOH REQUEST AND GRN/Moh Request GRN  Schedule 10: Test Cases/TEST/MOH REQUEST AND GRN/Moh Request GRN  Schedule 10 FAILED because (of) Unable to select option by index '6' of object 'Object Repository/MOH AND GRN/Page_KDMC - CMS/select_--Select--Adernaline 0.' (Root cause: org.openqa.selenium.NoSuchElementException: Cannot locate option with index: 6
For documentation on this error, please visit: http://seleniumhq.org/exceptions/no_such_element.html
Build info: version: '3.7.1', revision: '8a0099a', time: '2017-11-06T21:07:36.161Z'
System info: host: 'DESKTOP-BLFTK83', ip: '192.168.71.2', os.name: 'Windows 10', os.arch: 'amd64', os.version: '10.0', java.version: '1.8.0_102'
Driver info: driver.version: unknown)

2018-05-14 14:02:00 - [TEST_STEP][PASSED] - openBrowser: Browser is opened with url: ''

2018-05-14 14:02:00 - [MESSAGE][WARNING] - A browser is already opened. Closing browser and opening a new one

2018-05-14 14:02:04 - [MESSAGE][PASSED] - Browser is opened with url: ''

2018-05-14 14:02:04 - [TEST_STEP][PASSED] - navigateToUrl: Navigate to 'http://192.168.137.1/multihospital_new/' successfully

2018-05-14 14:02:07 - [MESSAGE][PASSED] - Navigate to 'http://192.168.137.1/multihospital_new/' successfully

2018-05-14 14:02:07 - [TEST_STEP][PASSED] - maximizeWindow: Current window maximized

2018-05-14 14:02:08 - [MESSAGE][PASSED] - Current window maximized

2018-05-14 14:02:08 - [TEST_STEP][PASSED] - click: Object: 'Object Repository/MOH AND GRN/Page_KDMC/a_CMS' is clicked on

2018-05-14 14:02:09 - [MESSAGE][PASSED] - Object: 'Object Repository/MOH AND GRN/Page_KDMC/a_CMS' is clicked on

2018-05-14 14:02:09 - [TEST_STEP][PASSED] - setText: Text 'bala' is set on object 'Object Repository/MOH AND GRN/Page_CMS login/input_txtusername'

2018-05-14 14:02:09 - [MESSAGE][PASSED] - Text 'bala' is set on object 'Object Repository/MOH AND GRN/Page_CMS login/input_txtusername'

2018-05-14 14:02:09 - [TEST_STEP][PASSED] - setText: Text '123' is set on object 'Object Repository/MOH AND GRN/Page_CMS login/input_txtpassword'

2018-05-14 14:02:09 - [MESSAGE][PASSED] - Text '123' is set on object 'Object Repository/MOH AND GRN/Page_CMS login/input_txtpassword'

2018-05-14 14:02:09 - [TEST_STEP][PASSED] - delay: Delayed 3 second(s)

2018-05-14 14:02:12 - [MESSAGE][PASSED] - Delayed 3 second(s)

2018-05-14 14:02:12 - [TEST_STEP][PASSED] - click: Object: 'Object Repository/MOH AND GRN/Page_CMS login/button_Sign in' is clicked on

2018-05-14 14:02:13 - [MESSAGE][PASSED] - Object: 'Object Repository/MOH AND GRN/Page_CMS login/button_Sign in' is clicked on

2018-05-14 14:02:13 - [TEST_STEP][PASSED] - click: Object: 'Object Repository/MOH AND GRN/Page_KDMC - CMS/a_Request to MOH' is clicked on

2018-05-14 14:02:14 - [MESSAGE][PASSED] - Object: 'Object Repository/MOH AND GRN/Page_KDMC - CMS/a_Request to MOH' is clicked on

2018-05-14 14:02:14 - [TEST_STEP][PASSED] - selectOptionByIndex: All options with index in [2] are selected on object 'Object Repository/MOH AND GRN/Page_KDMC - CMS/select_--Select--'

2018-05-14 14:02:14 - [MESSAGE][PASSED] - All options with index in [2] are selected on object 'Object Repository/MOH AND GRN/Page_KDMC - CMS/select_--Select--'

2018-05-14 14:02:14 - [TEST_STEP][PASSED] - selectOptionByIndex: All options with index in [10] are selected on object 'Object Repository/MOH AND GRN/Page_KDMC - CMS/select_--Select--Schedule 1Inj'

2018-05-14 14:02:14 - [MESSAGE][PASSED] - All options with index in [10] are selected on object 'Object Repository/MOH AND GRN/Page_KDMC - CMS/select_--Select--Schedule 1Inj'

2018-05-14 14:02:14 - [TEST_STEP][PASSED] - Statement - selectedoptions = com.kms.katalon.core.webui.keyword.WebUiBuiltInKeywords.getNumberOfTotalOption(com.kms.katalon.core.testobject.ObjectRepository.findTestObject(MOH AND GRN/Page_KDMC - CMS/select_--Select--Adernaline 0.)): 19 options of object 'Object Repository/MOH AND GRN/Page_KDMC - CMS/select_--Select--Adernaline 0.' counted

2018-05-14 14:02:14 - [MESSAGE][PASSED] - 19 options of object 'Object Repository/MOH AND GRN/Page_KDMC - CMS/select_--Select--Adernaline 0.' counted

2018-05-14 14:02:14 - [TEST_STEP][FAILED] - Statement - For ([j = 1, j <= selectedoptions - 1, (j++)]): Unable to select option by index '6' of object 'Object Repository/MOH AND GRN/Page_KDMC - CMS/select_--Select--Adernaline 0.' (Root cause: org.openqa.selenium.NoSuchElementException: Cannot locate option with index: 6
For documentation on this error, please visit: http://seleniumhq.org/exceptions/no_such_element.html
Build info: version: '3.7.1', revision: '8a0099a', time: '2017-11-06T21:07:36.161Z'
System info: host: 'DESKTOP-BLFTK83', ip: '192.168.71.2', os.name: 'Windows 10', os.arch: 'amd64', os.version: '10.0', java.version: '1.8.0_102'
Driver info: driver.version: unknown)

2018-05-14 14:02:14 - [TEST_STEP][PASSED] - selectOptionByIndex: All options with index in [10] are selected on object 'Object Repository/MOH AND GRN/Page_KDMC - CMS/select_--Select--Schedule 1Inj'

2018-05-14 14:02:15 - [MESSAGE][PASSED] - All options with index in [10] are selected on object 'Object Repository/MOH AND GRN/Page_KDMC - CMS/select_--Select--Schedule 1Inj'

2018-05-14 14:02:15 - [TEST_STEP][PASSED] - selectOptionByIndex: All options with index in [1] are selected on object 'Object Repository/MOH AND GRN/Page_KDMC - CMS/select_--Select--Adernaline 0.'

2018-05-14 14:02:15 - [MESSAGE][PASSED] - All options with index in [1] are selected on object 'Object Repository/MOH AND GRN/Page_KDMC - CMS/select_--Select--Adernaline 0.'

2018-05-14 14:02:15 - [TEST_STEP][PASSED] - setText: Text '5000' is set on object 'Object Repository/MOH AND GRN/Page_KDMC - CMS/input_txttreat'

2018-05-14 14:02:15 - [MESSAGE][PASSED] - Text '5000' is set on object 'Object Repository/MOH AND GRN/Page_KDMC - CMS/input_txttreat'

2018-05-14 14:02:15 - [TEST_STEP][PASSED] - click: Object: 'Object Repository/MOH AND GRN/Page_KDMC - CMS/button_Add' is clicked on

2018-05-14 14:02:15 - [MESSAGE][PASSED] - Object: 'Object Repository/MOH AND GRN/Page_KDMC - CMS/button_Add' is clicked on

2018-05-14 14:02:15 - [TEST_STEP][PASSED] - selectOptionByIndex: All options with index in [10] are selected on object 'Object Repository/MOH AND GRN/Page_KDMC - CMS/select_--Select--Schedule 1Inj'

2018-05-14 14:02:15 - [MESSAGE][PASSED] - All options with index in [10] are selected on object 'Object Repository/MOH AND GRN/Page_KDMC - CMS/select_--Select--Schedule 1Inj'

2018-05-14 14:02:15 - [TEST_STEP][PASSED] - selectOptionByIndex: All options with index in [2] are selected on object 'Object Repository/MOH AND GRN/Page_KDMC - CMS/select_--Select--Adernaline 0.'

2018-05-14 14:02:15 - [MESSAGE][PASSED] - All options with index in [2] are selected on object 'Object Repository/MOH AND GRN/Page_KDMC - CMS/select_--Select--Adernaline 0.'

2018-05-14 14:02:15 - [TEST_STEP][PASSED] - setText: Text '5000' is set on object 'Object Repository/MOH AND GRN/Page_KDMC - CMS/input_txttreat'

2018-05-14 14:02:15 - [MESSAGE][PASSED] - Text '5000' is set on object 'Object Repository/MOH AND GRN/Page_KDMC - CMS/input_txttreat'

2018-05-14 14:02:15 - [TEST_STEP][PASSED] - click: Object: 'Object Repository/MOH AND GRN/Page_KDMC - CMS/button_Add' is clicked on

2018-05-14 14:02:15 - [MESSAGE][PASSED] - Object: 'Object Repository/MOH AND GRN/Page_KDMC - CMS/button_Add' is clicked on

2018-05-14 14:02:15 - [TEST_STEP][PASSED] - selectOptionByIndex: All options with index in [10] are selected on object 'Object Repository/MOH AND GRN/Page_KDMC - CMS/select_--Select--Schedule 1Inj'

2018-05-14 14:02:16 - [MESSAGE][PASSED] - All options with index in [10] are selected on object 'Object Repository/MOH AND GRN/Page_KDMC - CMS/select_--Select--Schedule 1Inj'

2018-05-14 14:02:16 - [TEST_STEP][PASSED] - selectOptionByIndex: All options with index in [3] are selected on object 'Object Repository/MOH AND GRN/Page_KDMC - CMS/select_--Select--Adernaline 0.'

2018-05-14 14:02:16 - [MESSAGE][PASSED] - All options with index in [3] are selected on object 'Object Repository/MOH AND GRN/Page_KDMC - CMS/select_--Select--Adernaline 0.'

2018-05-14 14:02:16 - [TEST_STEP][PASSED] - setText: Text '5000' is set on object 'Object Repository/MOH AND GRN/Page_KDMC - CMS/input_txttreat'

2018-05-14 14:02:16 - [MESSAGE][PASSED] - Text '5000' is set on object 'Object Repository/MOH AND GRN/Page_KDMC - CMS/input_txttreat'

2018-05-14 14:02:16 - [TEST_STEP][PASSED] - click: Object: 'Object Repository/MOH AND GRN/Page_KDMC - CMS/button_Add' is clicked on

2018-05-14 14:02:16 - [MESSAGE][PASSED] - Object: 'Object Repository/MOH AND GRN/Page_KDMC - CMS/button_Add' is clicked on

2018-05-14 14:02:16 - [TEST_STEP][PASSED] - selectOptionByIndex: All options with index in [10] are selected on object 'Object Repository/MOH AND GRN/Page_KDMC - CMS/select_--Select--Schedule 1Inj'

2018-05-14 14:02:16 - [MESSAGE][PASSED] - All options with index in [10] are selected on object 'Object Repository/MOH AND GRN/Page_KDMC - CMS/select_--Select--Schedule 1Inj'

2018-05-14 14:02:16 - [TEST_STEP][PASSED] - selectOptionByIndex: All options with index in [4] are selected on object 'Object Repository/MOH AND GRN/Page_KDMC - CMS/select_--Select--Adernaline 0.'

2018-05-14 14:02:16 - [MESSAGE][PASSED] - All options with index in [4] are selected on object 'Object Repository/MOH AND GRN/Page_KDMC - CMS/select_--Select--Adernaline 0.'

2018-05-14 14:02:16 - [TEST_STEP][PASSED] - setText: Text '5000' is set on object 'Object Repository/MOH AND GRN/Page_KDMC - CMS/input_txttreat'

2018-05-14 14:02:16 - [MESSAGE][PASSED] - Text '5000' is set on object 'Object Repository/MOH AND GRN/Page_KDMC - CMS/input_txttreat'

2018-05-14 14:02:16 - [TEST_STEP][PASSED] - click: Object: 'Object Repository/MOH AND GRN/Page_KDMC - CMS/button_Add' is clicked on

2018-05-14 14:02:16 - [MESSAGE][PASSED] - Object: 'Object Repository/MOH AND GRN/Page_KDMC - CMS/button_Add' is clicked on

2018-05-14 14:02:16 - [TEST_STEP][PASSED] - selectOptionByIndex: All options with index in [10] are selected on object 'Object Repository/MOH AND GRN/Page_KDMC - CMS/select_--Select--Schedule 1Inj'

2018-05-14 14:02:17 - [MESSAGE][PASSED] - All options with index in [10] are selected on object 'Object Repository/MOH AND GRN/Page_KDMC - CMS/select_--Select--Schedule 1Inj'

2018-05-14 14:02:17 - [TEST_STEP][PASSED] - selectOptionByIndex: All options with index in [5] are selected on object 'Object Repository/MOH AND GRN/Page_KDMC - CMS/select_--Select--Adernaline 0.'

2018-05-14 14:02:17 - [MESSAGE][PASSED] - All options with index in [5] are selected on object 'Object Repository/MOH AND GRN/Page_KDMC - CMS/select_--Select--Adernaline 0.'

2018-05-14 14:02:17 - [TEST_STEP][PASSED] - setText: Text '5000' is set on object 'Object Repository/MOH AND GRN/Page_KDMC - CMS/input_txttreat'

2018-05-14 14:02:17 - [MESSAGE][PASSED] - Text '5000' is set on object 'Object Repository/MOH AND GRN/Page_KDMC - CMS/input_txttreat'

2018-05-14 14:02:17 - [TEST_STEP][PASSED] - click: Object: 'Object Repository/MOH AND GRN/Page_KDMC - CMS/button_Add' is clicked on

2018-05-14 14:02:17 - [MESSAGE][PASSED] - Object: 'Object Repository/MOH AND GRN/Page_KDMC - CMS/button_Add' is clicked on

2018-05-14 14:02:17 - [TEST_STEP][PASSED] - selectOptionByIndex: All options with index in [10] are selected on object 'Object Repository/MOH AND GRN/Page_KDMC - CMS/select_--Select--Schedule 1Inj'

2018-05-14 14:02:17 - [MESSAGE][PASSED] - All options with index in [10] are selected on object 'Object Repository/MOH AND GRN/Page_KDMC - CMS/select_--Select--Schedule 1Inj'

2018-05-14 14:02:17 - [TEST_STEP][FAILED] - selectOptionByIndex: Unable to select option by index '6' of object 'Object Repository/MOH AND GRN/Page_KDMC - CMS/select_--Select--Adernaline 0.' (Root cause: org.openqa.selenium.NoSuchElementException: Cannot locate option with index: 6
For documentation on this error, please visit: http://seleniumhq.org/exceptions/no_such_element.html
Build info: version: '3.7.1', revision: '8a0099a', time: '2017-11-06T21:07:36.161Z'
System info: host: 'DESKTOP-BLFTK83', ip: '192.168.71.2', os.name: 'Windows 10', os.arch: 'amd64', os.version: '10.0', java.version: '1.8.0_102'
Driver info: driver.version: unknown)

2018-05-14 14:02:17 - [MESSAGE][FAILED] - Unable to select option by index '6' of object 'Object Repository/MOH AND GRN/Page_KDMC - CMS/select_--Select--Adernaline 0.' (Root cause: org.openqa.selenium.NoSuchElementException: Cannot locate option with index: 6
For documentation on this error, please visit: http://seleniumhq.org/exceptions/no_such_element.html
Build info: version: '3.7.1', revision: '8a0099a', time: '2017-11-06T21:07:36.161Z'
System info: host: 'DESKTOP-BLFTK83', ip: '192.168.71.2', os.name: 'Windows 10', os.arch: 'amd64', os.version: '10.0', java.version: '1.8.0_102'
Driver info: driver.version: unknown)
[[ATTACHMENT|C:\\Users\\Quality Analyst\\Katalon Studio\\ds\\Reports\\MOH REQUEST AND GRN\\20180514_132131\\1526286737661.png]]]]></system-out>
         <system-err><![CDATA[2018-05-14 14:02:00 - [TEST_CASE][FAILED] - Test Cases/TEST/MOH REQUEST AND GRN/Moh Request GRN  Schedule 10: Test Cases/TEST/MOH REQUEST AND GRN/Moh Request GRN  Schedule 10 FAILED because (of) Unable to select option by index '6' of object 'Object Repository/MOH AND GRN/Page_KDMC - CMS/select_--Select--Adernaline 0.' (Root cause: org.openqa.selenium.NoSuchElementException: Cannot locate option with index: 6
For documentation on this error, please visit: http://seleniumhq.org/exceptions/no_such_element.html
Build info: version: '3.7.1', revision: '8a0099a', time: '2017-11-06T21:07:36.161Z'
System info: host: 'DESKTOP-BLFTK83', ip: '192.168.71.2', os.name: 'Windows 10', os.arch: 'amd64', os.version: '10.0', java.version: '1.8.0_102'
Driver info: driver.version: unknown)]]></system-err>
      </testcase>
      <testcase name="Test Cases/TEST/MOH REQUEST AND GRN/Moh Request GRN  Schedule 11" classname="Test Cases/TEST/MOH REQUEST AND GRN/Moh Request GRN  Schedule 11" status="FAILED">
         <failure type="FAILED" message="Unable to select option by index '60' of object 'Object Repository/MOH AND GRN/Page_KDMC - CMS/select_--Select--Adernaline 0.' (Root cause: org.openqa.selenium.NoSuchElementException: Cannot locate option with index: 60
For documentation on this error, please visit: http://seleniumhq.org/exceptions/no_such_element.html
Build info: version: '3.7.1', revision: '8a0099a', time: '2017-11-06T21:07:36.161Z'
System info: host: 'DESKTOP-BLFTK83', ip: '192.168.71.2', os.name: 'Windows 10', os.arch: 'amd64', os.version: '10.0', java.version: '1.8.0_102'
Driver info: driver.version: unknown)"/>
         <system-out><![CDATA[2018-05-14 14:02:17 - [TEST_CASE][FAILED] - Test Cases/TEST/MOH REQUEST AND GRN/Moh Request GRN  Schedule 11: Test Cases/TEST/MOH REQUEST AND GRN/Moh Request GRN  Schedule 11 FAILED because (of) Unable to select option by index '60' of object 'Object Repository/MOH AND GRN/Page_KDMC - CMS/select_--Select--Adernaline 0.' (Root cause: org.openqa.selenium.NoSuchElementException: Cannot locate option with index: 60
For documentation on this error, please visit: http://seleniumhq.org/exceptions/no_such_element.html
Build info: version: '3.7.1', revision: '8a0099a', time: '2017-11-06T21:07:36.161Z'
System info: host: 'DESKTOP-BLFTK83', ip: '192.168.71.2', os.name: 'Windows 10', os.arch: 'amd64', os.version: '10.0', java.version: '1.8.0_102'
Driver info: driver.version: unknown)

2018-05-14 14:02:18 - [TEST_STEP][PASSED] - openBrowser: Browser is opened with url: ''

2018-05-14 14:02:18 - [MESSAGE][WARNING] - A browser is already opened. Closing browser and opening a new one

2018-05-14 14:02:21 - [MESSAGE][PASSED] - Browser is opened with url: ''

2018-05-14 14:02:21 - [TEST_STEP][PASSED] - navigateToUrl: Navigate to 'http://192.168.137.1/multihospital_new/' successfully

2018-05-14 14:02:27 - [MESSAGE][PASSED] - Navigate to 'http://192.168.137.1/multihospital_new/' successfully

2018-05-14 14:02:27 - [TEST_STEP][PASSED] - maximizeWindow: Current window maximized

2018-05-14 14:02:28 - [MESSAGE][PASSED] - Current window maximized

2018-05-14 14:02:28 - [TEST_STEP][PASSED] - click: Object: 'Object Repository/MOH AND GRN/Page_KDMC/a_CMS' is clicked on

2018-05-14 14:02:29 - [MESSAGE][PASSED] - Object: 'Object Repository/MOH AND GRN/Page_KDMC/a_CMS' is clicked on

2018-05-14 14:02:29 - [TEST_STEP][PASSED] - setText: Text 'bala' is set on object 'Object Repository/MOH AND GRN/Page_CMS login/input_txtusername'

2018-05-14 14:02:29 - [MESSAGE][PASSED] - Text 'bala' is set on object 'Object Repository/MOH AND GRN/Page_CMS login/input_txtusername'

2018-05-14 14:02:29 - [TEST_STEP][PASSED] - setText: Text '123' is set on object 'Object Repository/MOH AND GRN/Page_CMS login/input_txtpassword'

2018-05-14 14:02:29 - [MESSAGE][PASSED] - Text '123' is set on object 'Object Repository/MOH AND GRN/Page_CMS login/input_txtpassword'

2018-05-14 14:02:29 - [TEST_STEP][PASSED] - delay: Delayed 3 second(s)

2018-05-14 14:02:32 - [MESSAGE][PASSED] - Delayed 3 second(s)

2018-05-14 14:02:32 - [TEST_STEP][PASSED] - click: Object: 'Object Repository/MOH AND GRN/Page_CMS login/button_Sign in' is clicked on

2018-05-14 14:02:33 - [MESSAGE][PASSED] - Object: 'Object Repository/MOH AND GRN/Page_CMS login/button_Sign in' is clicked on

2018-05-14 14:02:33 - [TEST_STEP][PASSED] - click: Object: 'Object Repository/MOH AND GRN/Page_KDMC - CMS/a_Request to MOH' is clicked on

2018-05-14 14:02:34 - [MESSAGE][PASSED] - Object: 'Object Repository/MOH AND GRN/Page_KDMC - CMS/a_Request to MOH' is clicked on

2018-05-14 14:02:34 - [TEST_STEP][PASSED] - selectOptionByIndex: All options with index in [2] are selected on object 'Object Repository/MOH AND GRN/Page_KDMC - CMS/select_--Select--'

2018-05-14 14:02:34 - [MESSAGE][PASSED] - All options with index in [2] are selected on object 'Object Repository/MOH AND GRN/Page_KDMC - CMS/select_--Select--'

2018-05-14 14:02:34 - [TEST_STEP][PASSED] - selectOptionByIndex: All options with index in [11] are selected on object 'Object Repository/MOH AND GRN/Page_KDMC - CMS/select_--Select--Schedule 1Inj'

2018-05-14 14:02:34 - [MESSAGE][PASSED] - All options with index in [11] are selected on object 'Object Repository/MOH AND GRN/Page_KDMC - CMS/select_--Select--Schedule 1Inj'

2018-05-14 14:02:34 - [TEST_STEP][PASSED] - Statement - selectedoptions = com.kms.katalon.core.webui.keyword.WebUiBuiltInKeywords.getNumberOfTotalOption(com.kms.katalon.core.testobject.ObjectRepository.findTestObject(MOH AND GRN/Page_KDMC - CMS/select_--Select--Adernaline 0.)): 81 options of object 'Object Repository/MOH AND GRN/Page_KDMC - CMS/select_--Select--Adernaline 0.' counted

2018-05-14 14:02:34 - [MESSAGE][PASSED] - 81 options of object 'Object Repository/MOH AND GRN/Page_KDMC - CMS/select_--Select--Adernaline 0.' counted

2018-05-14 14:02:34 - [TEST_STEP][FAILED] - Statement - For ([j = 1, j <= selectedoptions - 1, (j++)]): Unable to select option by index '60' of object 'Object Repository/MOH AND GRN/Page_KDMC - CMS/select_--Select--Adernaline 0.' (Root cause: org.openqa.selenium.NoSuchElementException: Cannot locate option with index: 60
For documentation on this error, please visit: http://seleniumhq.org/exceptions/no_such_element.html
Build info: version: '3.7.1', revision: '8a0099a', time: '2017-11-06T21:07:36.161Z'
System info: host: 'DESKTOP-BLFTK83', ip: '192.168.71.2', os.name: 'Windows 10', os.arch: 'amd64', os.version: '10.0', java.version: '1.8.0_102'
Driver info: driver.version: unknown)

2018-05-14 14:02:34 - [TEST_STEP][PASSED] - selectOptionByIndex: All options with index in [11] are selected on object 'Object Repository/MOH AND GRN/Page_KDMC - CMS/select_--Select--Schedule 1Inj'

2018-05-14 14:02:35 - [MESSAGE][PASSED] - All options with index in [11] are selected on object 'Object Repository/MOH AND GRN/Page_KDMC - CMS/select_--Select--Schedule 1Inj'

2018-05-14 14:02:35 - [TEST_STEP][PASSED] - selectOptionByIndex: All options with index in [1] are selected on object 'Object Repository/MOH AND GRN/Page_KDMC - CMS/select_--Select--Adernaline 0.'

2018-05-14 14:02:35 - [MESSAGE][PASSED] - All options with index in [1] are selected on object 'Object Repository/MOH AND GRN/Page_KDMC - CMS/select_--Select--Adernaline 0.'

2018-05-14 14:02:35 - [TEST_STEP][PASSED] - setText: Text '5000' is set on object 'Object Repository/MOH AND GRN/Page_KDMC - CMS/input_txttreat'

2018-05-14 14:02:35 - [MESSAGE][PASSED] - Text '5000' is set on object 'Object Repository/MOH AND GRN/Page_KDMC - CMS/input_txttreat'

2018-05-14 14:02:35 - [TEST_STEP][PASSED] - click: Object: 'Object Repository/MOH AND GRN/Page_KDMC - CMS/button_Add' is clicked on

2018-05-14 14:02:35 - [MESSAGE][PASSED] - Object: 'Object Repository/MOH AND GRN/Page_KDMC - CMS/button_Add' is clicked on

2018-05-14 14:02:35 - [TEST_STEP][PASSED] - selectOptionByIndex: All options with index in [11] are selected on object 'Object Repository/MOH AND GRN/Page_KDMC - CMS/select_--Select--Schedule 1Inj'

2018-05-14 14:02:35 - [MESSAGE][PASSED] - All options with index in [11] are selected on object 'Object Repository/MOH AND GRN/Page_KDMC - CMS/select_--Select--Schedule 1Inj'

2018-05-14 14:02:35 - [TEST_STEP][PASSED] - selectOptionByIndex: All options with index in [2] are selected on object 'Object Repository/MOH AND GRN/Page_KDMC - CMS/select_--Select--Adernaline 0.'

2018-05-14 14:02:35 - [MESSAGE][PASSED] - All options with index in [2] are selected on object 'Object Repository/MOH AND GRN/Page_KDMC - CMS/select_--Select--Adernaline 0.'

2018-05-14 14:02:35 - [TEST_STEP][PASSED] - setText: Text '5000' is set on object 'Object Repository/MOH AND GRN/Page_KDMC - CMS/input_txttreat'

2018-05-14 14:02:35 - [MESSAGE][PASSED] - Text '5000' is set on object 'Object Repository/MOH AND GRN/Page_KDMC - CMS/input_txttreat'

2018-05-14 14:02:35 - [TEST_STEP][PASSED] - click: Object: 'Object Repository/MOH AND GRN/Page_KDMC - CMS/button_Add' is clicked on

2018-05-14 14:02:36 - [MESSAGE][PASSED] - Object: 'Object Repository/MOH AND GRN/Page_KDMC - CMS/button_Add' is clicked on

2018-05-14 14:02:36 - [TEST_STEP][PASSED] - selectOptionByIndex: All options with index in [11] are selected on object 'Object Repository/MOH AND GRN/Page_KDMC - CMS/select_--Select--Schedule 1Inj'

2018-05-14 14:02:36 - [MESSAGE][PASSED] - All options with index in [11] are selected on object 'Object Repository/MOH AND GRN/Page_KDMC - CMS/select_--Select--Schedule 1Inj'

2018-05-14 14:02:36 - [TEST_STEP][PASSED] - selectOptionByIndex: All options with index in [3] are selected on object 'Object Repository/MOH AND GRN/Page_KDMC - CMS/select_--Select--Adernaline 0.'

2018-05-14 14:02:36 - [MESSAGE][PASSED] - All options with index in [3] are selected on object 'Object Repository/MOH AND GRN/Page_KDMC - CMS/select_--Select--Adernaline 0.'

2018-05-14 14:02:36 - [TEST_STEP][PASSED] - setText: Text '5000' is set on object 'Object Repository/MOH AND GRN/Page_KDMC - CMS/input_txttreat'

2018-05-14 14:02:36 - [MESSAGE][PASSED] - Text '5000' is set on object 'Object Repository/MOH AND GRN/Page_KDMC - CMS/input_txttreat'

2018-05-14 14:02:36 - [TEST_STEP][PASSED] - click: Object: 'Object Repository/MOH AND GRN/Page_KDMC - CMS/button_Add' is clicked on

2018-05-14 14:02:36 - [MESSAGE][PASSED] - Object: 'Object Repository/MOH AND GRN/Page_KDMC - CMS/button_Add' is clicked on

2018-05-14 14:02:36 - [TEST_STEP][PASSED] - selectOptionByIndex: All options with index in [11] are selected on object 'Object Repository/MOH AND GRN/Page_KDMC - CMS/select_--Select--Schedule 1Inj'

2018-05-14 14:02:36 - [MESSAGE][PASSED] - All options with index in [11] are selected on object 'Object Repository/MOH AND GRN/Page_KDMC - CMS/select_--Select--Schedule 1Inj'

2018-05-14 14:02:36 - [TEST_STEP][PASSED] - selectOptionByIndex: All options with index in [4] are selected on object 'Object Repository/MOH AND GRN/Page_KDMC - CMS/select_--Select--Adernaline 0.'

2018-05-14 14:02:36 - [MESSAGE][PASSED] - All options with index in [4] are selected on object 'Object Repository/MOH AND GRN/Page_KDMC - CMS/select_--Select--Adernaline 0.'

2018-05-14 14:02:36 - [TEST_STEP][PASSED] - setText: Text '5000' is set on object 'Object Repository/MOH AND GRN/Page_KDMC - CMS/input_txttreat'

2018-05-14 14:02:36 - [MESSAGE][PASSED] - Text '5000' is set on object 'Object Repository/MOH AND GRN/Page_KDMC - CMS/input_txttreat'

2018-05-14 14:02:36 - [TEST_STEP][PASSED] - click: Object: 'Object Repository/MOH AND GRN/Page_KDMC - CMS/button_Add' is clicked on

2018-05-14 14:02:37 - [MESSAGE][PASSED] - Object: 'Object Repository/MOH AND GRN/Page_KDMC - CMS/button_Add' is clicked on

2018-05-14 14:02:37 - [TEST_STEP][PASSED] - selectOptionByIndex: All options with index in [11] are selected on object 'Object Repository/MOH AND GRN/Page_KDMC - CMS/select_--Select--Schedule 1Inj'

2018-05-14 14:02:37 - [MESSAGE][PASSED] - All options with index in [11] are selected on object 'Object Repository/MOH AND GRN/Page_KDMC - CMS/select_--Select--Schedule 1Inj'

2018-05-14 14:02:37 - [TEST_STEP][PASSED] - selectOptionByIndex: All options with index in [5] are selected on object 'Object Repository/MOH AND GRN/Page_KDMC - CMS/select_--Select--Adernaline 0.'

2018-05-14 14:02:37 - [MESSAGE][PASSED] - All options with index in [5] are selected on object 'Object Repository/MOH AND GRN/Page_KDMC - CMS/select_--Select--Adernaline 0.'

2018-05-14 14:02:37 - [TEST_STEP][PASSED] - setText: Text '5000' is set on object 'Object Repository/MOH AND GRN/Page_KDMC - CMS/input_txttreat'

2018-05-14 14:02:37 - [MESSAGE][PASSED] - Text '5000' is set on object 'Object Repository/MOH AND GRN/Page_KDMC - CMS/input_txttreat'

2018-05-14 14:02:37 - [TEST_STEP][PASSED] - click: Object: 'Object Repository/MOH AND GRN/Page_KDMC - CMS/button_Add' is clicked on

2018-05-14 14:02:37 - [MESSAGE][PASSED] - Object: 'Object Repository/MOH AND GRN/Page_KDMC - CMS/button_Add' is clicked on

2018-05-14 14:02:37 - [TEST_STEP][PASSED] - selectOptionByIndex: All options with index in [11] are selected on object 'Object Repository/MOH AND GRN/Page_KDMC - CMS/select_--Select--Schedule 1Inj'

2018-05-14 14:02:37 - [MESSAGE][PASSED] - All options with index in [11] are selected on object 'Object Repository/MOH AND GRN/Page_KDMC - CMS/select_--Select--Schedule 1Inj'

2018-05-14 14:02:37 - [TEST_STEP][PASSED] - selectOptionByIndex: All options with index in [6] are selected on object 'Object Repository/MOH AND GRN/Page_KDMC - CMS/select_--Select--Adernaline 0.'

2018-05-14 14:02:37 - [MESSAGE][PASSED] - All options with index in [6] are selected on object 'Object Repository/MOH AND GRN/Page_KDMC - CMS/select_--Select--Adernaline 0.'

2018-05-14 14:02:37 - [TEST_STEP][PASSED] - setText: Text '5000' is set on object 'Object Repository/MOH AND GRN/Page_KDMC - CMS/input_txttreat'

2018-05-14 14:02:38 - [MESSAGE][PASSED] - Text '5000' is set on object 'Object Repository/MOH AND GRN/Page_KDMC - CMS/input_txttreat'

2018-05-14 14:02:38 - [TEST_STEP][PASSED] - click: Object: 'Object Repository/MOH AND GRN/Page_KDMC - CMS/button_Add' is clicked on

2018-05-14 14:02:38 - [MESSAGE][PASSED] - Object: 'Object Repository/MOH AND GRN/Page_KDMC - CMS/button_Add' is clicked on

2018-05-14 14:02:38 - [TEST_STEP][PASSED] - selectOptionByIndex: All options with index in [11] are selected on object 'Object Repository/MOH AND GRN/Page_KDMC - CMS/select_--Select--Schedule 1Inj'

2018-05-14 14:02:38 - [MESSAGE][PASSED] - All options with index in [11] are selected on object 'Object Repository/MOH AND GRN/Page_KDMC - CMS/select_--Select--Schedule 1Inj'

2018-05-14 14:02:38 - [TEST_STEP][PASSED] - selectOptionByIndex: All options with index in [7] are selected on object 'Object Repository/MOH AND GRN/Page_KDMC - CMS/select_--Select--Adernaline 0.'

2018-05-14 14:02:38 - [MESSAGE][PASSED] - All options with index in [7] are selected on object 'Object Repository/MOH AND GRN/Page_KDMC - CMS/select_--Select--Adernaline 0.'

2018-05-14 14:02:38 - [TEST_STEP][PASSED] - setText: Text '5000' is set on object 'Object Repository/MOH AND GRN/Page_KDMC - CMS/input_txttreat'

2018-05-14 14:02:38 - [MESSAGE][PASSED] - Text '5000' is set on object 'Object Repository/MOH AND GRN/Page_KDMC - CMS/input_txttreat'

2018-05-14 14:02:38 - [TEST_STEP][PASSED] - click: Object: 'Object Repository/MOH AND GRN/Page_KDMC - CMS/button_Add' is clicked on

2018-05-14 14:02:38 - [MESSAGE][PASSED] - Object: 'Object Repository/MOH AND GRN/Page_KDMC - CMS/button_Add' is clicked on

2018-05-14 14:02:38 - [TEST_STEP][PASSED] - selectOptionByIndex: All options with index in [11] are selected on object 'Object Repository/MOH AND GRN/Page_KDMC - CMS/select_--Select--Schedule 1Inj'

2018-05-14 14:02:38 - [MESSAGE][PASSED] - All options with index in [11] are selected on object 'Object Repository/MOH AND GRN/Page_KDMC - CMS/select_--Select--Schedule 1Inj'

2018-05-14 14:02:38 - [TEST_STEP][PASSED] - selectOptionByIndex: All options with index in [8] are selected on object 'Object Repository/MOH AND GRN/Page_KDMC - CMS/select_--Select--Adernaline 0.'

2018-05-14 14:02:39 - [MESSAGE][PASSED] - All options with index in [8] are selected on object 'Object Repository/MOH AND GRN/Page_KDMC - CMS/select_--Select--Adernaline 0.'

2018-05-14 14:02:39 - [TEST_STEP][PASSED] - setText: Text '5000' is set on object 'Object Repository/MOH AND GRN/Page_KDMC - CMS/input_txttreat'

2018-05-14 14:02:39 - [MESSAGE][PASSED] - Text '5000' is set on object 'Object Repository/MOH AND GRN/Page_KDMC - CMS/input_txttreat'

2018-05-14 14:02:39 - [TEST_STEP][PASSED] - click: Object: 'Object Repository/MOH AND GRN/Page_KDMC - CMS/button_Add' is clicked on

2018-05-14 14:02:39 - [MESSAGE][PASSED] - Object: 'Object Repository/MOH AND GRN/Page_KDMC - CMS/button_Add' is clicked on

2018-05-14 14:02:39 - [TEST_STEP][PASSED] - selectOptionByIndex: All options with index in [11] are selected on object 'Object Repository/MOH AND GRN/Page_KDMC - CMS/select_--Select--Schedule 1Inj'

2018-05-14 14:02:39 - [MESSAGE][PASSED] - All options with index in [11] are selected on object 'Object Repository/MOH AND GRN/Page_KDMC - CMS/select_--Select--Schedule 1Inj'

2018-05-14 14:02:39 - [TEST_STEP][PASSED] - selectOptionByIndex: All options with index in [9] are selected on object 'Object Repository/MOH AND GRN/Page_KDMC - CMS/select_--Select--Adernaline 0.'

2018-05-14 14:02:39 - [MESSAGE][PASSED] - All options with index in [9] are selected on object 'Object Repository/MOH AND GRN/Page_KDMC - CMS/select_--Select--Adernaline 0.'

2018-05-14 14:02:39 - [TEST_STEP][PASSED] - setText: Text '5000' is set on object 'Object Repository/MOH AND GRN/Page_KDMC - CMS/input_txttreat'

2018-05-14 14:02:39 - [MESSAGE][PASSED] - Text '5000' is set on object 'Object Repository/MOH AND GRN/Page_KDMC - CMS/input_txttreat'

2018-05-14 14:02:39 - [TEST_STEP][PASSED] - click: Object: 'Object Repository/MOH AND GRN/Page_KDMC - CMS/button_Add' is clicked on

2018-05-14 14:02:39 - [MESSAGE][PASSED] - Object: 'Object Repository/MOH AND GRN/Page_KDMC - CMS/button_Add' is clicked on

2018-05-14 14:02:39 - [TEST_STEP][PASSED] - selectOptionByIndex: All options with index in [11] are selected on object 'Object Repository/MOH AND GRN/Page_KDMC - CMS/select_--Select--Schedule 1Inj'

2018-05-14 14:02:40 - [MESSAGE][PASSED] - All options with index in [11] are selected on object 'Object Repository/MOH AND GRN/Page_KDMC - CMS/select_--Select--Schedule 1Inj'

2018-05-14 14:02:40 - [TEST_STEP][PASSED] - selectOptionByIndex: All options with index in [10] are selected on object 'Object Repository/MOH AND GRN/Page_KDMC - CMS/select_--Select--Adernaline 0.'

2018-05-14 14:02:40 - [MESSAGE][PASSED] - All options with index in [10] are selected on object 'Object Repository/MOH AND GRN/Page_KDMC - CMS/select_--Select--Adernaline 0.'

2018-05-14 14:02:40 - [TEST_STEP][PASSED] - setText: Text '5000' is set on object 'Object Repository/MOH AND GRN/Page_KDMC - CMS/input_txttreat'

2018-05-14 14:02:40 - [MESSAGE][PASSED] - Text '5000' is set on object 'Object Repository/MOH AND GRN/Page_KDMC - CMS/input_txttreat'

2018-05-14 14:02:40 - [TEST_STEP][PASSED] - click: Object: 'Object Repository/MOH AND GRN/Page_KDMC - CMS/button_Add' is clicked on

2018-05-14 14:02:40 - [MESSAGE][PASSED] - Object: 'Object Repository/MOH AND GRN/Page_KDMC - CMS/button_Add' is clicked on

2018-05-14 14:02:40 - [TEST_STEP][PASSED] - selectOptionByIndex: All options with index in [11] are selected on object 'Object Repository/MOH AND GRN/Page_KDMC - CMS/select_--Select--Schedule 1Inj'

2018-05-14 14:02:40 - [MESSAGE][PASSED] - All options with index in [11] are selected on object 'Object Repository/MOH AND GRN/Page_KDMC - CMS/select_--Select--Schedule 1Inj'

2018-05-14 14:02:40 - [TEST_STEP][PASSED] - selectOptionByIndex: All options with index in [11] are selected on object 'Object Repository/MOH AND GRN/Page_KDMC - CMS/select_--Select--Adernaline 0.'

2018-05-14 14:02:41 - [MESSAGE][PASSED] - All options with index in [11] are selected on object 'Object Repository/MOH AND GRN/Page_KDMC - CMS/select_--Select--Adernaline 0.'

2018-05-14 14:02:41 - [TEST_STEP][PASSED] - setText: Text '5000' is set on object 'Object Repository/MOH AND GRN/Page_KDMC - CMS/input_txttreat'

2018-05-14 14:02:41 - [MESSAGE][PASSED] - Text '5000' is set on object 'Object Repository/MOH AND GRN/Page_KDMC - CMS/input_txttreat'

2018-05-14 14:02:41 - [TEST_STEP][PASSED] - click: Object: 'Object Repository/MOH AND GRN/Page_KDMC - CMS/button_Add' is clicked on

2018-05-14 14:02:41 - [MESSAGE][PASSED] - Object: 'Object Repository/MOH AND GRN/Page_KDMC - CMS/button_Add' is clicked on

2018-05-14 14:02:41 - [TEST_STEP][PASSED] - selectOptionByIndex: All options with index in [11] are selected on object 'Object Repository/MOH AND GRN/Page_KDMC - CMS/select_--Select--Schedule 1Inj'

2018-05-14 14:02:41 - [MESSAGE][PASSED] - All options with index in [11] are selected on object 'Object Repository/MOH AND GRN/Page_KDMC - CMS/select_--Select--Schedule 1Inj'

2018-05-14 14:02:41 - [TEST_STEP][PASSED] - selectOptionByIndex: All options with index in [12] are selected on object 'Object Repository/MOH AND GRN/Page_KDMC - CMS/select_--Select--Adernaline 0.'

2018-05-14 14:02:41 - [MESSAGE][PASSED] - All options with index in [12] are selected on object 'Object Repository/MOH AND GRN/Page_KDMC - CMS/select_--Select--Adernaline 0.'

2018-05-14 14:02:41 - [TEST_STEP][PASSED] - setText: Text '5000' is set on object 'Object Repository/MOH AND GRN/Page_KDMC - CMS/input_txttreat'

2018-05-14 14:02:41 - [MESSAGE][PASSED] - Text '5000' is set on object 'Object Repository/MOH AND GRN/Page_KDMC - CMS/input_txttreat'

2018-05-14 14:02:41 - [TEST_STEP][PASSED] - click: Object: 'Object Repository/MOH AND GRN/Page_KDMC - CMS/button_Add' is clicked on

2018-05-14 14:02:41 - [MESSAGE][PASSED] - Object: 'Object Repository/MOH AND GRN/Page_KDMC - CMS/button_Add' is clicked on

2018-05-14 14:02:41 - [TEST_STEP][PASSED] - selectOptionByIndex: All options with index in [11] are selected on object 'Object Repository/MOH AND GRN/Page_KDMC - CMS/select_--Select--Schedule 1Inj'

2018-05-14 14:02:42 - [MESSAGE][PASSED] - All options with index in [11] are selected on object 'Object Repository/MOH AND GRN/Page_KDMC - CMS/select_--Select--Schedule 1Inj'

2018-05-14 14:02:42 - [TEST_STEP][PASSED] - selectOptionByIndex: All options with index in [13] are selected on object 'Object Repository/MOH AND GRN/Page_KDMC - CMS/select_--Select--Adernaline 0.'

2018-05-14 14:02:42 - [MESSAGE][PASSED] - All options with index in [13] are selected on object 'Object Repository/MOH AND GRN/Page_KDMC - CMS/select_--Select--Adernaline 0.'

2018-05-14 14:02:42 - [TEST_STEP][PASSED] - setText: Text '5000' is set on object 'Object Repository/MOH AND GRN/Page_KDMC - CMS/input_txttreat'

2018-05-14 14:02:42 - [MESSAGE][PASSED] - Text '5000' is set on object 'Object Repository/MOH AND GRN/Page_KDMC - CMS/input_txttreat'

2018-05-14 14:02:42 - [TEST_STEP][PASSED] - click: Object: 'Object Repository/MOH AND GRN/Page_KDMC - CMS/button_Add' is clicked on

2018-05-14 14:02:42 - [MESSAGE][PASSED] - Object: 'Object Repository/MOH AND GRN/Page_KDMC - CMS/button_Add' is clicked on

2018-05-14 14:02:42 - [TEST_STEP][PASSED] - selectOptionByIndex: All options with index in [11] are selected on object 'Object Repository/MOH AND GRN/Page_KDMC - CMS/select_--Select--Schedule 1Inj'

2018-05-14 14:02:42 - [MESSAGE][PASSED] - All options with index in [11] are selected on object 'Object Repository/MOH AND GRN/Page_KDMC - CMS/select_--Select--Schedule 1Inj'

2018-05-14 14:02:42 - [TEST_STEP][PASSED] - selectOptionByIndex: All options with index in [14] are selected on object 'Object Repository/MOH AND GRN/Page_KDMC - CMS/select_--Select--Adernaline 0.'

2018-05-14 14:02:42 - [MESSAGE][PASSED] - All options with index in [14] are selected on object 'Object Repository/MOH AND GRN/Page_KDMC - CMS/select_--Select--Adernaline 0.'

2018-05-14 14:02:42 - [TEST_STEP][PASSED] - setText: Text '5000' is set on object 'Object Repository/MOH AND GRN/Page_KDMC - CMS/input_txttreat'

2018-05-14 14:02:43 - [MESSAGE][PASSED] - Text '5000' is set on object 'Object Repository/MOH AND GRN/Page_KDMC - CMS/input_txttreat'

2018-05-14 14:02:43 - [TEST_STEP][PASSED] - click: Object: 'Object Repository/MOH AND GRN/Page_KDMC - CMS/button_Add' is clicked on

2018-05-14 14:02:43 - [MESSAGE][PASSED] - Object: 'Object Repository/MOH AND GRN/Page_KDMC - CMS/button_Add' is clicked on

2018-05-14 14:02:43 - [TEST_STEP][PASSED] - selectOptionByIndex: All options with index in [11] are selected on object 'Object Repository/MOH AND GRN/Page_KDMC - CMS/select_--Select--Schedule 1Inj'

2018-05-14 14:02:43 - [MESSAGE][PASSED] - All options with index in [11] are selected on object 'Object Repository/MOH AND GRN/Page_KDMC - CMS/select_--Select--Schedule 1Inj'

2018-05-14 14:02:43 - [TEST_STEP][PASSED] - selectOptionByIndex: All options with index in [15] are selected on object 'Object Repository/MOH AND GRN/Page_KDMC - CMS/select_--Select--Adernaline 0.'

2018-05-14 14:02:43 - [MESSAGE][PASSED] - All options with index in [15] are selected on object 'Object Repository/MOH AND GRN/Page_KDMC - CMS/select_--Select--Adernaline 0.'

2018-05-14 14:02:43 - [TEST_STEP][PASSED] - setText: Text '5000' is set on object 'Object Repository/MOH AND GRN/Page_KDMC - CMS/input_txttreat'

2018-05-14 14:02:43 - [MESSAGE][PASSED] - Text '5000' is set on object 'Object Repository/MOH AND GRN/Page_KDMC - CMS/input_txttreat'

2018-05-14 14:02:43 - [TEST_STEP][PASSED] - click: Object: 'Object Repository/MOH AND GRN/Page_KDMC - CMS/button_Add' is clicked on

2018-05-14 14:02:43 - [MESSAGE][PASSED] - Object: 'Object Repository/MOH AND GRN/Page_KDMC - CMS/button_Add' is clicked on

2018-05-14 14:02:43 - [TEST_STEP][PASSED] - selectOptionByIndex: All options with index in [11] are selected on object 'Object Repository/MOH AND GRN/Page_KDMC - CMS/select_--Select--Schedule 1Inj'

2018-05-14 14:02:43 - [MESSAGE][PASSED] - All options with index in [11] are selected on object 'Object Repository/MOH AND GRN/Page_KDMC - CMS/select_--Select--Schedule 1Inj'

2018-05-14 14:02:43 - [TEST_STEP][PASSED] - selectOptionByIndex: All options with index in [16] are selected on object 'Object Repository/MOH AND GRN/Page_KDMC - CMS/select_--Select--Adernaline 0.'

2018-05-14 14:02:44 - [MESSAGE][PASSED] - All options with index in [16] are selected on object 'Object Repository/MOH AND GRN/Page_KDMC - CMS/select_--Select--Adernaline 0.'

2018-05-14 14:02:44 - [TEST_STEP][PASSED] - setText: Text '5000' is set on object 'Object Repository/MOH AND GRN/Page_KDMC - CMS/input_txttreat'

2018-05-14 14:02:44 - [MESSAGE][PASSED] - Text '5000' is set on object 'Object Repository/MOH AND GRN/Page_KDMC - CMS/input_txttreat'

2018-05-14 14:02:44 - [TEST_STEP][PASSED] - click: Object: 'Object Repository/MOH AND GRN/Page_KDMC - CMS/button_Add' is clicked on

2018-05-14 14:02:44 - [MESSAGE][PASSED] - Object: 'Object Repository/MOH AND GRN/Page_KDMC - CMS/button_Add' is clicked on

2018-05-14 14:02:44 - [TEST_STEP][PASSED] - selectOptionByIndex: All options with index in [11] are selected on object 'Object Repository/MOH AND GRN/Page_KDMC - CMS/select_--Select--Schedule 1Inj'

2018-05-14 14:02:44 - [MESSAGE][PASSED] - All options with index in [11] are selected on object 'Object Repository/MOH AND GRN/Page_KDMC - CMS/select_--Select--Schedule 1Inj'

2018-05-14 14:02:44 - [TEST_STEP][PASSED] - selectOptionByIndex: All options with index in [17] are selected on object 'Object Repository/MOH AND GRN/Page_KDMC - CMS/select_--Select--Adernaline 0.'

2018-05-14 14:02:44 - [MESSAGE][PASSED] - All options with index in [17] are selected on object 'Object Repository/MOH AND GRN/Page_KDMC - CMS/select_--Select--Adernaline 0.'

2018-05-14 14:02:44 - [TEST_STEP][PASSED] - setText: Text '5000' is set on object 'Object Repository/MOH AND GRN/Page_KDMC - CMS/input_txttreat'

2018-05-14 14:02:45 - [MESSAGE][PASSED] - Text '5000' is set on object 'Object Repository/MOH AND GRN/Page_KDMC - CMS/input_txttreat'

2018-05-14 14:02:45 - [TEST_STEP][PASSED] - click: Object: 'Object Repository/MOH AND GRN/Page_KDMC - CMS/button_Add' is clicked on

2018-05-14 14:02:45 - [MESSAGE][PASSED] - Object: 'Object Repository/MOH AND GRN/Page_KDMC - CMS/button_Add' is clicked on

2018-05-14 14:02:45 - [TEST_STEP][PASSED] - selectOptionByIndex: All options with index in [11] are selected on object 'Object Repository/MOH AND GRN/Page_KDMC - CMS/select_--Select--Schedule 1Inj'

2018-05-14 14:02:45 - [MESSAGE][PASSED] - All options with index in [11] are selected on object 'Object Repository/MOH AND GRN/Page_KDMC - CMS/select_--Select--Schedule 1Inj'

2018-05-14 14:02:45 - [TEST_STEP][PASSED] - selectOptionByIndex: All options with index in [18] are selected on object 'Object Repository/MOH AND GRN/Page_KDMC - CMS/select_--Select--Adernaline 0.'

2018-05-14 14:02:45 - [MESSAGE][PASSED] - All options with index in [18] are selected on object 'Object Repository/MOH AND GRN/Page_KDMC - CMS/select_--Select--Adernaline 0.'

2018-05-14 14:02:45 - [TEST_STEP][PASSED] - setText: Text '5000' is set on object 'Object Repository/MOH AND GRN/Page_KDMC - CMS/input_txttreat'

2018-05-14 14:02:45 - [MESSAGE][PASSED] - Text '5000' is set on object 'Object Repository/MOH AND GRN/Page_KDMC - CMS/input_txttreat'

2018-05-14 14:02:45 - [TEST_STEP][PASSED] - click: Object: 'Object Repository/MOH AND GRN/Page_KDMC - CMS/button_Add' is clicked on

2018-05-14 14:02:45 - [MESSAGE][PASSED] - Object: 'Object Repository/MOH AND GRN/Page_KDMC - CMS/button_Add' is clicked on

2018-05-14 14:02:45 - [TEST_STEP][PASSED] - selectOptionByIndex: All options with index in [11] are selected on object 'Object Repository/MOH AND GRN/Page_KDMC - CMS/select_--Select--Schedule 1Inj'

2018-05-14 14:02:45 - [MESSAGE][PASSED] - All options with index in [11] are selected on object 'Object Repository/MOH AND GRN/Page_KDMC - CMS/select_--Select--Schedule 1Inj'

2018-05-14 14:02:45 - [TEST_STEP][PASSED] - selectOptionByIndex: All options with index in [19] are selected on object 'Object Repository/MOH AND GRN/Page_KDMC - CMS/select_--Select--Adernaline 0.'

2018-05-14 14:02:46 - [MESSAGE][PASSED] - All options with index in [19] are selected on object 'Object Repository/MOH AND GRN/Page_KDMC - CMS/select_--Select--Adernaline 0.'

2018-05-14 14:02:46 - [TEST_STEP][PASSED] - setText: Text '5000' is set on object 'Object Repository/MOH AND GRN/Page_KDMC - CMS/input_txttreat'

2018-05-14 14:02:46 - [MESSAGE][PASSED] - Text '5000' is set on object 'Object Repository/MOH AND GRN/Page_KDMC - CMS/input_txttreat'

2018-05-14 14:02:46 - [TEST_STEP][PASSED] - click: Object: 'Object Repository/MOH AND GRN/Page_KDMC - CMS/button_Add' is clicked on

2018-05-14 14:02:46 - [MESSAGE][PASSED] - Object: 'Object Repository/MOH AND GRN/Page_KDMC - CMS/button_Add' is clicked on

2018-05-14 14:02:46 - [TEST_STEP][PASSED] - selectOptionByIndex: All options with index in [11] are selected on object 'Object Repository/MOH AND GRN/Page_KDMC - CMS/select_--Select--Schedule 1Inj'

2018-05-14 14:02:46 - [MESSAGE][PASSED] - All options with index in [11] are selected on object 'Object Repository/MOH AND GRN/Page_KDMC - CMS/select_--Select--Schedule 1Inj'

2018-05-14 14:02:46 - [TEST_STEP][PASSED] - selectOptionByIndex: All options with index in [20] are selected on object 'Object Repository/MOH AND GRN/Page_KDMC - CMS/select_--Select--Adernaline 0.'

2018-05-14 14:02:46 - [MESSAGE][PASSED] - All options with index in [20] are selected on object 'Object Repository/MOH AND GRN/Page_KDMC - CMS/select_--Select--Adernaline 0.'

2018-05-14 14:02:46 - [TEST_STEP][PASSED] - setText: Text '5000' is set on object 'Object Repository/MOH AND GRN/Page_KDMC - CMS/input_txttreat'

2018-05-14 14:02:47 - [MESSAGE][PASSED] - Text '5000' is set on object 'Object Repository/MOH AND GRN/Page_KDMC - CMS/input_txttreat'

2018-05-14 14:02:47 - [TEST_STEP][PASSED] - click: Object: 'Object Repository/MOH AND GRN/Page_KDMC - CMS/button_Add' is clicked on

2018-05-14 14:02:47 - [MESSAGE][PASSED] - Object: 'Object Repository/MOH AND GRN/Page_KDMC - CMS/button_Add' is clicked on

2018-05-14 14:02:47 - [TEST_STEP][PASSED] - selectOptionByIndex: All options with index in [11] are selected on object 'Object Repository/MOH AND GRN/Page_KDMC - CMS/select_--Select--Schedule 1Inj'

2018-05-14 14:02:47 - [MESSAGE][PASSED] - All options with index in [11] are selected on object 'Object Repository/MOH AND GRN/Page_KDMC - CMS/select_--Select--Schedule 1Inj'

2018-05-14 14:02:47 - [TEST_STEP][PASSED] - selectOptionByIndex: All options with index in [21] are selected on object 'Object Repository/MOH AND GRN/Page_KDMC - CMS/select_--Select--Adernaline 0.'

2018-05-14 14:02:47 - [MESSAGE][PASSED] - All options with index in [21] are selected on object 'Object Repository/MOH AND GRN/Page_KDMC - CMS/select_--Select--Adernaline 0.'

2018-05-14 14:02:47 - [TEST_STEP][PASSED] - setText: Text '5000' is set on object 'Object Repository/MOH AND GRN/Page_KDMC - CMS/input_txttreat'

2018-05-14 14:02:47 - [MESSAGE][PASSED] - Text '5000' is set on object 'Object Repository/MOH AND GRN/Page_KDMC - CMS/input_txttreat'

2018-05-14 14:02:47 - [TEST_STEP][PASSED] - click: Object: 'Object Repository/MOH AND GRN/Page_KDMC - CMS/button_Add' is clicked on

2018-05-14 14:02:47 - [MESSAGE][PASSED] - Object: 'Object Repository/MOH AND GRN/Page_KDMC - CMS/button_Add' is clicked on

2018-05-14 14:02:47 - [TEST_STEP][PASSED] - selectOptionByIndex: All options with index in [11] are selected on object 'Object Repository/MOH AND GRN/Page_KDMC - CMS/select_--Select--Schedule 1Inj'

2018-05-14 14:02:48 - [MESSAGE][PASSED] - All options with index in [11] are selected on object 'Object Repository/MOH AND GRN/Page_KDMC - CMS/select_--Select--Schedule 1Inj'

2018-05-14 14:02:48 - [TEST_STEP][PASSED] - selectOptionByIndex: All options with index in [22] are selected on object 'Object Repository/MOH AND GRN/Page_KDMC - CMS/select_--Select--Adernaline 0.'

2018-05-14 14:02:48 - [MESSAGE][PASSED] - All options with index in [22] are selected on object 'Object Repository/MOH AND GRN/Page_KDMC - CMS/select_--Select--Adernaline 0.'

2018-05-14 14:02:48 - [TEST_STEP][PASSED] - setText: Text '5000' is set on object 'Object Repository/MOH AND GRN/Page_KDMC - CMS/input_txttreat'

2018-05-14 14:02:48 - [MESSAGE][PASSED] - Text '5000' is set on object 'Object Repository/MOH AND GRN/Page_KDMC - CMS/input_txttreat'

2018-05-14 14:02:48 - [TEST_STEP][PASSED] - click: Object: 'Object Repository/MOH AND GRN/Page_KDMC - CMS/button_Add' is clicked on

2018-05-14 14:02:48 - [MESSAGE][PASSED] - Object: 'Object Repository/MOH AND GRN/Page_KDMC - CMS/button_Add' is clicked on

2018-05-14 14:02:48 - [TEST_STEP][PASSED] - selectOptionByIndex: All options with index in [11] are selected on object 'Object Repository/MOH AND GRN/Page_KDMC - CMS/select_--Select--Schedule 1Inj'

2018-05-14 14:02:48 - [MESSAGE][PASSED] - All options with index in [11] are selected on object 'Object Repository/MOH AND GRN/Page_KDMC - CMS/select_--Select--Schedule 1Inj'

2018-05-14 14:02:48 - [TEST_STEP][PASSED] - selectOptionByIndex: All options with index in [23] are selected on object 'Object Repository/MOH AND GRN/Page_KDMC - CMS/select_--Select--Adernaline 0.'

2018-05-14 14:02:49 - [MESSAGE][PASSED] - All options with index in [23] are selected on object 'Object Repository/MOH AND GRN/Page_KDMC - CMS/select_--Select--Adernaline 0.'

2018-05-14 14:02:49 - [TEST_STEP][PASSED] - setText: Text '5000' is set on object 'Object Repository/MOH AND GRN/Page_KDMC - CMS/input_txttreat'

2018-05-14 14:02:49 - [MESSAGE][PASSED] - Text '5000' is set on object 'Object Repository/MOH AND GRN/Page_KDMC - CMS/input_txttreat'

2018-05-14 14:02:49 - [TEST_STEP][PASSED] - click: Object: 'Object Repository/MOH AND GRN/Page_KDMC - CMS/button_Add' is clicked on

2018-05-14 14:02:49 - [MESSAGE][PASSED] - Object: 'Object Repository/MOH AND GRN/Page_KDMC - CMS/button_Add' is clicked on

2018-05-14 14:02:49 - [TEST_STEP][PASSED] - selectOptionByIndex: All options with index in [11] are selected on object 'Object Repository/MOH AND GRN/Page_KDMC - CMS/select_--Select--Schedule 1Inj'

2018-05-14 14:02:49 - [MESSAGE][PASSED] - All options with index in [11] are selected on object 'Object Repository/MOH AND GRN/Page_KDMC - CMS/select_--Select--Schedule 1Inj'

2018-05-14 14:02:49 - [TEST_STEP][PASSED] - selectOptionByIndex: All options with index in [24] are selected on object 'Object Repository/MOH AND GRN/Page_KDMC - CMS/select_--Select--Adernaline 0.'

2018-05-14 14:02:49 - [MESSAGE][PASSED] - All options with index in [24] are selected on object 'Object Repository/MOH AND GRN/Page_KDMC - CMS/select_--Select--Adernaline 0.'

2018-05-14 14:02:49 - [TEST_STEP][PASSED] - setText: Text '5000' is set on object 'Object Repository/MOH AND GRN/Page_KDMC - CMS/input_txttreat'

2018-05-14 14:02:49 - [MESSAGE][PASSED] - Text '5000' is set on object 'Object Repository/MOH AND GRN/Page_KDMC - CMS/input_txttreat'

2018-05-14 14:02:49 - [TEST_STEP][PASSED] - click: Object: 'Object Repository/MOH AND GRN/Page_KDMC - CMS/button_Add' is clicked on

2018-05-14 14:02:49 - [MESSAGE][PASSED] - Object: 'Object Repository/MOH AND GRN/Page_KDMC - CMS/button_Add' is clicked on

2018-05-14 14:02:49 - [TEST_STEP][PASSED] - selectOptionByIndex: All options with index in [11] are selected on object 'Object Repository/MOH AND GRN/Page_KDMC - CMS/select_--Select--Schedule 1Inj'

2018-05-14 14:02:50 - [MESSAGE][PASSED] - All options with index in [11] are selected on object 'Object Repository/MOH AND GRN/Page_KDMC - CMS/select_--Select--Schedule 1Inj'

2018-05-14 14:02:50 - [TEST_STEP][PASSED] - selectOptionByIndex: All options with index in [25] are selected on object 'Object Repository/MOH AND GRN/Page_KDMC - CMS/select_--Select--Adernaline 0.'

2018-05-14 14:02:50 - [MESSAGE][PASSED] - All options with index in [25] are selected on object 'Object Repository/MOH AND GRN/Page_KDMC - CMS/select_--Select--Adernaline 0.'

2018-05-14 14:02:50 - [TEST_STEP][PASSED] - setText: Text '5000' is set on object 'Object Repository/MOH AND GRN/Page_KDMC - CMS/input_txttreat'

2018-05-14 14:02:50 - [MESSAGE][PASSED] - Text '5000' is set on object 'Object Repository/MOH AND GRN/Page_KDMC - CMS/input_txttreat'

2018-05-14 14:02:50 - [TEST_STEP][PASSED] - click: Object: 'Object Repository/MOH AND GRN/Page_KDMC - CMS/button_Add' is clicked on

2018-05-14 14:02:50 - [MESSAGE][PASSED] - Object: 'Object Repository/MOH AND GRN/Page_KDMC - CMS/button_Add' is clicked on

2018-05-14 14:02:50 - [TEST_STEP][PASSED] - selectOptionByIndex: All options with index in [11] are selected on object 'Object Repository/MOH AND GRN/Page_KDMC - CMS/select_--Select--Schedule 1Inj'

2018-05-14 14:02:50 - [MESSAGE][PASSED] - All options with index in [11] are selected on object 'Object Repository/MOH AND GRN/Page_KDMC - CMS/select_--Select--Schedule 1Inj'

2018-05-14 14:02:50 - [TEST_STEP][PASSED] - selectOptionByIndex: All options with index in [26] are selected on object 'Object Repository/MOH AND GRN/Page_KDMC - CMS/select_--Select--Adernaline 0.'

2018-05-14 14:02:51 - [MESSAGE][PASSED] - All options with index in [26] are selected on object 'Object Repository/MOH AND GRN/Page_KDMC - CMS/select_--Select--Adernaline 0.'

2018-05-14 14:02:51 - [TEST_STEP][PASSED] - setText: Text '5000' is set on object 'Object Repository/MOH AND GRN/Page_KDMC - CMS/input_txttreat'

2018-05-14 14:02:51 - [MESSAGE][PASSED] - Text '5000' is set on object 'Object Repository/MOH AND GRN/Page_KDMC - CMS/input_txttreat'

2018-05-14 14:02:51 - [TEST_STEP][PASSED] - click: Object: 'Object Repository/MOH AND GRN/Page_KDMC - CMS/button_Add' is clicked on

2018-05-14 14:02:51 - [MESSAGE][PASSED] - Object: 'Object Repository/MOH AND GRN/Page_KDMC - CMS/button_Add' is clicked on

2018-05-14 14:02:51 - [TEST_STEP][PASSED] - selectOptionByIndex: All options with index in [11] are selected on object 'Object Repository/MOH AND GRN/Page_KDMC - CMS/select_--Select--Schedule 1Inj'

2018-05-14 14:02:51 - [MESSAGE][PASSED] - All options with index in [11] are selected on object 'Object Repository/MOH AND GRN/Page_KDMC - CMS/select_--Select--Schedule 1Inj'

2018-05-14 14:02:51 - [TEST_STEP][PASSED] - selectOptionByIndex: All options with index in [27] are selected on object 'Object Repository/MOH AND GRN/Page_KDMC - CMS/select_--Select--Adernaline 0.'

2018-05-14 14:02:52 - [MESSAGE][PASSED] - All options with index in [27] are selected on object 'Object Repository/MOH AND GRN/Page_KDMC - CMS/select_--Select--Adernaline 0.'

2018-05-14 14:02:52 - [TEST_STEP][PASSED] - setText: Text '5000' is set on object 'Object Repository/MOH AND GRN/Page_KDMC - CMS/input_txttreat'

2018-05-14 14:02:52 - [MESSAGE][PASSED] - Text '5000' is set on object 'Object Repository/MOH AND GRN/Page_KDMC - CMS/input_txttreat'

2018-05-14 14:02:52 - [TEST_STEP][PASSED] - click: Object: 'Object Repository/MOH AND GRN/Page_KDMC - CMS/button_Add' is clicked on

2018-05-14 14:02:52 - [MESSAGE][PASSED] - Object: 'Object Repository/MOH AND GRN/Page_KDMC - CMS/button_Add' is clicked on

2018-05-14 14:02:52 - [TEST_STEP][PASSED] - selectOptionByIndex: All options with index in [11] are selected on object 'Object Repository/MOH AND GRN/Page_KDMC - CMS/select_--Select--Schedule 1Inj'

2018-05-14 14:02:52 - [MESSAGE][PASSED] - All options with index in [11] are selected on object 'Object Repository/MOH AND GRN/Page_KDMC - CMS/select_--Select--Schedule 1Inj'

2018-05-14 14:02:52 - [TEST_STEP][PASSED] - selectOptionByIndex: All options with index in [28] are selected on object 'Object Repository/MOH AND GRN/Page_KDMC - CMS/select_--Select--Adernaline 0.'

2018-05-14 14:02:52 - [MESSAGE][PASSED] - All options with index in [28] are selected on object 'Object Repository/MOH AND GRN/Page_KDMC - CMS/select_--Select--Adernaline 0.'

2018-05-14 14:02:52 - [TEST_STEP][PASSED] - setText: Text '5000' is set on object 'Object Repository/MOH AND GRN/Page_KDMC - CMS/input_txttreat'

2018-05-14 14:02:52 - [MESSAGE][PASSED] - Text '5000' is set on object 'Object Repository/MOH AND GRN/Page_KDMC - CMS/input_txttreat'

2018-05-14 14:02:52 - [TEST_STEP][PASSED] - click: Object: 'Object Repository/MOH AND GRN/Page_KDMC - CMS/button_Add' is clicked on

2018-05-14 14:02:53 - [MESSAGE][PASSED] - Object: 'Object Repository/MOH AND GRN/Page_KDMC - CMS/button_Add' is clicked on

2018-05-14 14:02:53 - [TEST_STEP][PASSED] - selectOptionByIndex: All options with index in [11] are selected on object 'Object Repository/MOH AND GRN/Page_KDMC - CMS/select_--Select--Schedule 1Inj'

2018-05-14 14:02:53 - [MESSAGE][PASSED] - All options with index in [11] are selected on object 'Object Repository/MOH AND GRN/Page_KDMC - CMS/select_--Select--Schedule 1Inj'

2018-05-14 14:02:53 - [TEST_STEP][PASSED] - selectOptionByIndex: All options with index in [29] are selected on object 'Object Repository/MOH AND GRN/Page_KDMC - CMS/select_--Select--Adernaline 0.'

2018-05-14 14:02:53 - [MESSAGE][PASSED] - All options with index in [29] are selected on object 'Object Repository/MOH AND GRN/Page_KDMC - CMS/select_--Select--Adernaline 0.'

2018-05-14 14:02:53 - [TEST_STEP][PASSED] - setText: Text '5000' is set on object 'Object Repository/MOH AND GRN/Page_KDMC - CMS/input_txttreat'

2018-05-14 14:02:53 - [MESSAGE][PASSED] - Text '5000' is set on object 'Object Repository/MOH AND GRN/Page_KDMC - CMS/input_txttreat'

2018-05-14 14:02:53 - [TEST_STEP][PASSED] - click: Object: 'Object Repository/MOH AND GRN/Page_KDMC - CMS/button_Add' is clicked on

2018-05-14 14:02:53 - [MESSAGE][PASSED] - Object: 'Object Repository/MOH AND GRN/Page_KDMC - CMS/button_Add' is clicked on

2018-05-14 14:02:53 - [TEST_STEP][PASSED] - selectOptionByIndex: All options with index in [11] are selected on object 'Object Repository/MOH AND GRN/Page_KDMC - CMS/select_--Select--Schedule 1Inj'

2018-05-14 14:02:54 - [MESSAGE][PASSED] - All options with index in [11] are selected on object 'Object Repository/MOH AND GRN/Page_KDMC - CMS/select_--Select--Schedule 1Inj'

2018-05-14 14:02:54 - [TEST_STEP][PASSED] - selectOptionByIndex: All options with index in [30] are selected on object 'Object Repository/MOH AND GRN/Page_KDMC - CMS/select_--Select--Adernaline 0.'

2018-05-14 14:02:54 - [MESSAGE][PASSED] - All options with index in [30] are selected on object 'Object Repository/MOH AND GRN/Page_KDMC - CMS/select_--Select--Adernaline 0.'

2018-05-14 14:02:54 - [TEST_STEP][PASSED] - setText: Text '5000' is set on object 'Object Repository/MOH AND GRN/Page_KDMC - CMS/input_txttreat'

2018-05-14 14:02:54 - [MESSAGE][PASSED] - Text '5000' is set on object 'Object Repository/MOH AND GRN/Page_KDMC - CMS/input_txttreat'

2018-05-14 14:02:54 - [TEST_STEP][PASSED] - click: Object: 'Object Repository/MOH AND GRN/Page_KDMC - CMS/button_Add' is clicked on

2018-05-14 14:02:54 - [MESSAGE][PASSED] - Object: 'Object Repository/MOH AND GRN/Page_KDMC - CMS/button_Add' is clicked on

2018-05-14 14:02:54 - [TEST_STEP][PASSED] - selectOptionByIndex: All options with index in [11] are selected on object 'Object Repository/MOH AND GRN/Page_KDMC - CMS/select_--Select--Schedule 1Inj'

2018-05-14 14:02:54 - [MESSAGE][PASSED] - All options with index in [11] are selected on object 'Object Repository/MOH AND GRN/Page_KDMC - CMS/select_--Select--Schedule 1Inj'

2018-05-14 14:02:54 - [TEST_STEP][PASSED] - selectOptionByIndex: All options with index in [31] are selected on object 'Object Repository/MOH AND GRN/Page_KDMC - CMS/select_--Select--Adernaline 0.'

2018-05-14 14:02:55 - [MESSAGE][PASSED] - All options with index in [31] are selected on object 'Object Repository/MOH AND GRN/Page_KDMC - CMS/select_--Select--Adernaline 0.'

2018-05-14 14:02:55 - [TEST_STEP][PASSED] - setText: Text '5000' is set on object 'Object Repository/MOH AND GRN/Page_KDMC - CMS/input_txttreat'

2018-05-14 14:02:55 - [MESSAGE][PASSED] - Text '5000' is set on object 'Object Repository/MOH AND GRN/Page_KDMC - CMS/input_txttreat'

2018-05-14 14:02:55 - [TEST_STEP][PASSED] - click: Object: 'Object Repository/MOH AND GRN/Page_KDMC - CMS/button_Add' is clicked on

2018-05-14 14:02:55 - [MESSAGE][PASSED] - Object: 'Object Repository/MOH AND GRN/Page_KDMC - CMS/button_Add' is clicked on

2018-05-14 14:02:55 - [TEST_STEP][PASSED] - selectOptionByIndex: All options with index in [11] are selected on object 'Object Repository/MOH AND GRN/Page_KDMC - CMS/select_--Select--Schedule 1Inj'

2018-05-14 14:02:55 - [MESSAGE][PASSED] - All options with index in [11] are selected on object 'Object Repository/MOH AND GRN/Page_KDMC - CMS/select_--Select--Schedule 1Inj'

2018-05-14 14:02:55 - [TEST_STEP][PASSED] - selectOptionByIndex: All options with index in [32] are selected on object 'Object Repository/MOH AND GRN/Page_KDMC - CMS/select_--Select--Adernaline 0.'

2018-05-14 14:02:56 - [MESSAGE][PASSED] - All options with index in [32] are selected on object 'Object Repository/MOH AND GRN/Page_KDMC - CMS/select_--Select--Adernaline 0.'

2018-05-14 14:02:56 - [TEST_STEP][PASSED] - setText: Text '5000' is set on object 'Object Repository/MOH AND GRN/Page_KDMC - CMS/input_txttreat'

2018-05-14 14:02:56 - [MESSAGE][PASSED] - Text '5000' is set on object 'Object Repository/MOH AND GRN/Page_KDMC - CMS/input_txttreat'

2018-05-14 14:02:56 - [TEST_STEP][PASSED] - click: Object: 'Object Repository/MOH AND GRN/Page_KDMC - CMS/button_Add' is clicked on

2018-05-14 14:02:56 - [MESSAGE][PASSED] - Object: 'Object Repository/MOH AND GRN/Page_KDMC - CMS/button_Add' is clicked on

2018-05-14 14:02:56 - [TEST_STEP][PASSED] - selectOptionByIndex: All options with index in [11] are selected on object 'Object Repository/MOH AND GRN/Page_KDMC - CMS/select_--Select--Schedule 1Inj'

2018-05-14 14:02:56 - [MESSAGE][PASSED] - All options with index in [11] are selected on object 'Object Repository/MOH AND GRN/Page_KDMC - CMS/select_--Select--Schedule 1Inj'

2018-05-14 14:02:56 - [TEST_STEP][PASSED] - selectOptionByIndex: All options with index in [33] are selected on object 'Object Repository/MOH AND GRN/Page_KDMC - CMS/select_--Select--Adernaline 0.'

2018-05-14 14:02:56 - [MESSAGE][PASSED] - All options with index in [33] are selected on object 'Object Repository/MOH AND GRN/Page_KDMC - CMS/select_--Select--Adernaline 0.'

2018-05-14 14:02:56 - [TEST_STEP][PASSED] - setText: Text '5000' is set on object 'Object Repository/MOH AND GRN/Page_KDMC - CMS/input_txttreat'

2018-05-14 14:02:57 - [MESSAGE][PASSED] - Text '5000' is set on object 'Object Repository/MOH AND GRN/Page_KDMC - CMS/input_txttreat'

2018-05-14 14:02:57 - [TEST_STEP][PASSED] - click: Object: 'Object Repository/MOH AND GRN/Page_KDMC - CMS/button_Add' is clicked on

2018-05-14 14:02:57 - [MESSAGE][PASSED] - Object: 'Object Repository/MOH AND GRN/Page_KDMC - CMS/button_Add' is clicked on

2018-05-14 14:02:57 - [TEST_STEP][PASSED] - selectOptionByIndex: All options with index in [11] are selected on object 'Object Repository/MOH AND GRN/Page_KDMC - CMS/select_--Select--Schedule 1Inj'

2018-05-14 14:02:57 - [MESSAGE][PASSED] - All options with index in [11] are selected on object 'Object Repository/MOH AND GRN/Page_KDMC - CMS/select_--Select--Schedule 1Inj'

2018-05-14 14:02:57 - [TEST_STEP][PASSED] - selectOptionByIndex: All options with index in [34] are selected on object 'Object Repository/MOH AND GRN/Page_KDMC - CMS/select_--Select--Adernaline 0.'

2018-05-14 14:02:57 - [MESSAGE][PASSED] - All options with index in [34] are selected on object 'Object Repository/MOH AND GRN/Page_KDMC - CMS/select_--Select--Adernaline 0.'

2018-05-14 14:02:57 - [TEST_STEP][PASSED] - setText: Text '5000' is set on object 'Object Repository/MOH AND GRN/Page_KDMC - CMS/input_txttreat'

2018-05-14 14:02:57 - [MESSAGE][PASSED] - Text '5000' is set on object 'Object Repository/MOH AND GRN/Page_KDMC - CMS/input_txttreat'

2018-05-14 14:02:57 - [TEST_STEP][PASSED] - click: Object: 'Object Repository/MOH AND GRN/Page_KDMC - CMS/button_Add' is clicked on

2018-05-14 14:02:57 - [MESSAGE][PASSED] - Object: 'Object Repository/MOH AND GRN/Page_KDMC - CMS/button_Add' is clicked on

2018-05-14 14:02:57 - [TEST_STEP][PASSED] - selectOptionByIndex: All options with index in [11] are selected on object 'Object Repository/MOH AND GRN/Page_KDMC - CMS/select_--Select--Schedule 1Inj'

2018-05-14 14:02:58 - [MESSAGE][PASSED] - All options with index in [11] are selected on object 'Object Repository/MOH AND GRN/Page_KDMC - CMS/select_--Select--Schedule 1Inj'

2018-05-14 14:02:58 - [TEST_STEP][PASSED] - selectOptionByIndex: All options with index in [35] are selected on object 'Object Repository/MOH AND GRN/Page_KDMC - CMS/select_--Select--Adernaline 0.'

2018-05-14 14:02:58 - [MESSAGE][PASSED] - All options with index in [35] are selected on object 'Object Repository/MOH AND GRN/Page_KDMC - CMS/select_--Select--Adernaline 0.'

2018-05-14 14:02:58 - [TEST_STEP][PASSED] - setText: Text '5000' is set on object 'Object Repository/MOH AND GRN/Page_KDMC - CMS/input_txttreat'

2018-05-14 14:02:58 - [MESSAGE][PASSED] - Text '5000' is set on object 'Object Repository/MOH AND GRN/Page_KDMC - CMS/input_txttreat'

2018-05-14 14:02:58 - [TEST_STEP][PASSED] - click: Object: 'Object Repository/MOH AND GRN/Page_KDMC - CMS/button_Add' is clicked on

2018-05-14 14:02:58 - [MESSAGE][PASSED] - Object: 'Object Repository/MOH AND GRN/Page_KDMC - CMS/button_Add' is clicked on

2018-05-14 14:02:58 - [TEST_STEP][PASSED] - selectOptionByIndex: All options with index in [11] are selected on object 'Object Repository/MOH AND GRN/Page_KDMC - CMS/select_--Select--Schedule 1Inj'

2018-05-14 14:02:59 - [MESSAGE][PASSED] - All options with index in [11] are selected on object 'Object Repository/MOH AND GRN/Page_KDMC - CMS/select_--Select--Schedule 1Inj'

2018-05-14 14:02:59 - [TEST_STEP][PASSED] - selectOptionByIndex: All options with index in [36] are selected on object 'Object Repository/MOH AND GRN/Page_KDMC - CMS/select_--Select--Adernaline 0.'

2018-05-14 14:02:59 - [MESSAGE][PASSED] - All options with index in [36] are selected on object 'Object Repository/MOH AND GRN/Page_KDMC - CMS/select_--Select--Adernaline 0.'

2018-05-14 14:02:59 - [TEST_STEP][PASSED] - setText: Text '5000' is set on object 'Object Repository/MOH AND GRN/Page_KDMC - CMS/input_txttreat'

2018-05-14 14:02:59 - [MESSAGE][PASSED] - Text '5000' is set on object 'Object Repository/MOH AND GRN/Page_KDMC - CMS/input_txttreat'

2018-05-14 14:02:59 - [TEST_STEP][PASSED] - click: Object: 'Object Repository/MOH AND GRN/Page_KDMC - CMS/button_Add' is clicked on

2018-05-14 14:02:59 - [MESSAGE][PASSED] - Object: 'Object Repository/MOH AND GRN/Page_KDMC - CMS/button_Add' is clicked on

2018-05-14 14:02:59 - [TEST_STEP][PASSED] - selectOptionByIndex: All options with index in [11] are selected on object 'Object Repository/MOH AND GRN/Page_KDMC - CMS/select_--Select--Schedule 1Inj'

2018-05-14 14:02:59 - [MESSAGE][PASSED] - All options with index in [11] are selected on object 'Object Repository/MOH AND GRN/Page_KDMC - CMS/select_--Select--Schedule 1Inj'

2018-05-14 14:02:59 - [TEST_STEP][PASSED] - selectOptionByIndex: All options with index in [37] are selected on object 'Object Repository/MOH AND GRN/Page_KDMC - CMS/select_--Select--Adernaline 0.'

2018-05-14 14:03:00 - [MESSAGE][PASSED] - All options with index in [37] are selected on object 'Object Repository/MOH AND GRN/Page_KDMC - CMS/select_--Select--Adernaline 0.'

2018-05-14 14:03:00 - [TEST_STEP][PASSED] - setText: Text '5000' is set on object 'Object Repository/MOH AND GRN/Page_KDMC - CMS/input_txttreat'

2018-05-14 14:03:00 - [MESSAGE][PASSED] - Text '5000' is set on object 'Object Repository/MOH AND GRN/Page_KDMC - CMS/input_txttreat'

2018-05-14 14:03:00 - [TEST_STEP][PASSED] - click: Object: 'Object Repository/MOH AND GRN/Page_KDMC - CMS/button_Add' is clicked on

2018-05-14 14:03:00 - [MESSAGE][PASSED] - Object: 'Object Repository/MOH AND GRN/Page_KDMC - CMS/button_Add' is clicked on

2018-05-14 14:03:00 - [TEST_STEP][PASSED] - selectOptionByIndex: All options with index in [11] are selected on object 'Object Repository/MOH AND GRN/Page_KDMC - CMS/select_--Select--Schedule 1Inj'

2018-05-14 14:03:00 - [MESSAGE][PASSED] - All options with index in [11] are selected on object 'Object Repository/MOH AND GRN/Page_KDMC - CMS/select_--Select--Schedule 1Inj'

2018-05-14 14:03:00 - [TEST_STEP][PASSED] - selectOptionByIndex: All options with index in [38] are selected on object 'Object Repository/MOH AND GRN/Page_KDMC - CMS/select_--Select--Adernaline 0.'

2018-05-14 14:03:01 - [MESSAGE][PASSED] - All options with index in [38] are selected on object 'Object Repository/MOH AND GRN/Page_KDMC - CMS/select_--Select--Adernaline 0.'

2018-05-14 14:03:01 - [TEST_STEP][PASSED] - setText: Text '5000' is set on object 'Object Repository/MOH AND GRN/Page_KDMC - CMS/input_txttreat'

2018-05-14 14:03:01 - [MESSAGE][PASSED] - Text '5000' is set on object 'Object Repository/MOH AND GRN/Page_KDMC - CMS/input_txttreat'

2018-05-14 14:03:01 - [TEST_STEP][PASSED] - click: Object: 'Object Repository/MOH AND GRN/Page_KDMC - CMS/button_Add' is clicked on

2018-05-14 14:03:01 - [MESSAGE][PASSED] - Object: 'Object Repository/MOH AND GRN/Page_KDMC - CMS/button_Add' is clicked on

2018-05-14 14:03:01 - [TEST_STEP][PASSED] - selectOptionByIndex: All options with index in [11] are selected on object 'Object Repository/MOH AND GRN/Page_KDMC - CMS/select_--Select--Schedule 1Inj'

2018-05-14 14:03:01 - [MESSAGE][PASSED] - All options with index in [11] are selected on object 'Object Repository/MOH AND GRN/Page_KDMC - CMS/select_--Select--Schedule 1Inj'

2018-05-14 14:03:01 - [TEST_STEP][PASSED] - selectOptionByIndex: All options with index in [39] are selected on object 'Object Repository/MOH AND GRN/Page_KDMC - CMS/select_--Select--Adernaline 0.'

2018-05-14 14:03:02 - [MESSAGE][PASSED] - All options with index in [39] are selected on object 'Object Repository/MOH AND GRN/Page_KDMC - CMS/select_--Select--Adernaline 0.'

2018-05-14 14:03:02 - [TEST_STEP][PASSED] - setText: Text '5000' is set on object 'Object Repository/MOH AND GRN/Page_KDMC - CMS/input_txttreat'

2018-05-14 14:03:02 - [MESSAGE][PASSED] - Text '5000' is set on object 'Object Repository/MOH AND GRN/Page_KDMC - CMS/input_txttreat'

2018-05-14 14:03:02 - [TEST_STEP][PASSED] - click: Object: 'Object Repository/MOH AND GRN/Page_KDMC - CMS/button_Add' is clicked on

2018-05-14 14:03:02 - [MESSAGE][PASSED] - Object: 'Object Repository/MOH AND GRN/Page_KDMC - CMS/button_Add' is clicked on

2018-05-14 14:03:02 - [TEST_STEP][PASSED] - selectOptionByIndex: All options with index in [11] are selected on object 'Object Repository/MOH AND GRN/Page_KDMC - CMS/select_--Select--Schedule 1Inj'

2018-05-14 14:03:02 - [MESSAGE][PASSED] - All options with index in [11] are selected on object 'Object Repository/MOH AND GRN/Page_KDMC - CMS/select_--Select--Schedule 1Inj'

2018-05-14 14:03:02 - [TEST_STEP][PASSED] - selectOptionByIndex: All options with index in [40] are selected on object 'Object Repository/MOH AND GRN/Page_KDMC - CMS/select_--Select--Adernaline 0.'

2018-05-14 14:03:03 - [MESSAGE][PASSED] - All options with index in [40] are selected on object 'Object Repository/MOH AND GRN/Page_KDMC - CMS/select_--Select--Adernaline 0.'

2018-05-14 14:03:03 - [TEST_STEP][PASSED] - setText: Text '5000' is set on object 'Object Repository/MOH AND GRN/Page_KDMC - CMS/input_txttreat'

2018-05-14 14:03:03 - [MESSAGE][PASSED] - Text '5000' is set on object 'Object Repository/MOH AND GRN/Page_KDMC - CMS/input_txttreat'

2018-05-14 14:03:03 - [TEST_STEP][PASSED] - click: Object: 'Object Repository/MOH AND GRN/Page_KDMC - CMS/button_Add' is clicked on

2018-05-14 14:03:03 - [MESSAGE][PASSED] - Object: 'Object Repository/MOH AND GRN/Page_KDMC - CMS/button_Add' is clicked on

2018-05-14 14:03:03 - [TEST_STEP][PASSED] - selectOptionByIndex: All options with index in [11] are selected on object 'Object Repository/MOH AND GRN/Page_KDMC - CMS/select_--Select--Schedule 1Inj'

2018-05-14 14:03:03 - [MESSAGE][PASSED] - All options with index in [11] are selected on object 'Object Repository/MOH AND GRN/Page_KDMC - CMS/select_--Select--Schedule 1Inj'

2018-05-14 14:03:03 - [TEST_STEP][PASSED] - selectOptionByIndex: All options with index in [41] are selected on object 'Object Repository/MOH AND GRN/Page_KDMC - CMS/select_--Select--Adernaline 0.'

2018-05-14 14:03:04 - [MESSAGE][PASSED] - All options with index in [41] are selected on object 'Object Repository/MOH AND GRN/Page_KDMC - CMS/select_--Select--Adernaline 0.'

2018-05-14 14:03:04 - [TEST_STEP][PASSED] - setText: Text '5000' is set on object 'Object Repository/MOH AND GRN/Page_KDMC - CMS/input_txttreat'

2018-05-14 14:03:04 - [MESSAGE][PASSED] - Text '5000' is set on object 'Object Repository/MOH AND GRN/Page_KDMC - CMS/input_txttreat'

2018-05-14 14:03:04 - [TEST_STEP][PASSED] - click: Object: 'Object Repository/MOH AND GRN/Page_KDMC - CMS/button_Add' is clicked on

2018-05-14 14:03:04 - [MESSAGE][PASSED] - Object: 'Object Repository/MOH AND GRN/Page_KDMC - CMS/button_Add' is clicked on

2018-05-14 14:03:04 - [TEST_STEP][PASSED] - selectOptionByIndex: All options with index in [11] are selected on object 'Object Repository/MOH AND GRN/Page_KDMC - CMS/select_--Select--Schedule 1Inj'

2018-05-14 14:03:04 - [MESSAGE][PASSED] - All options with index in [11] are selected on object 'Object Repository/MOH AND GRN/Page_KDMC - CMS/select_--Select--Schedule 1Inj'

2018-05-14 14:03:04 - [TEST_STEP][PASSED] - selectOptionByIndex: All options with index in [42] are selected on object 'Object Repository/MOH AND GRN/Page_KDMC - CMS/select_--Select--Adernaline 0.'

2018-05-14 14:03:05 - [MESSAGE][PASSED] - All options with index in [42] are selected on object 'Object Repository/MOH AND GRN/Page_KDMC - CMS/select_--Select--Adernaline 0.'

2018-05-14 14:03:05 - [TEST_STEP][PASSED] - setText: Text '5000' is set on object 'Object Repository/MOH AND GRN/Page_KDMC - CMS/input_txttreat'

2018-05-14 14:03:05 - [MESSAGE][PASSED] - Text '5000' is set on object 'Object Repository/MOH AND GRN/Page_KDMC - CMS/input_txttreat'

2018-05-14 14:03:05 - [TEST_STEP][PASSED] - click: Object: 'Object Repository/MOH AND GRN/Page_KDMC - CMS/button_Add' is clicked on

2018-05-14 14:03:05 - [MESSAGE][PASSED] - Object: 'Object Repository/MOH AND GRN/Page_KDMC - CMS/button_Add' is clicked on

2018-05-14 14:03:05 - [TEST_STEP][PASSED] - selectOptionByIndex: All options with index in [11] are selected on object 'Object Repository/MOH AND GRN/Page_KDMC - CMS/select_--Select--Schedule 1Inj'

2018-05-14 14:03:05 - [MESSAGE][PASSED] - All options with index in [11] are selected on object 'Object Repository/MOH AND GRN/Page_KDMC - CMS/select_--Select--Schedule 1Inj'

2018-05-14 14:03:05 - [TEST_STEP][PASSED] - selectOptionByIndex: All options with index in [43] are selected on object 'Object Repository/MOH AND GRN/Page_KDMC - CMS/select_--Select--Adernaline 0.'

2018-05-14 14:03:06 - [MESSAGE][PASSED] - All options with index in [43] are selected on object 'Object Repository/MOH AND GRN/Page_KDMC - CMS/select_--Select--Adernaline 0.'

2018-05-14 14:03:06 - [TEST_STEP][PASSED] - setText: Text '5000' is set on object 'Object Repository/MOH AND GRN/Page_KDMC - CMS/input_txttreat'

2018-05-14 14:03:06 - [MESSAGE][PASSED] - Text '5000' is set on object 'Object Repository/MOH AND GRN/Page_KDMC - CMS/input_txttreat'

2018-05-14 14:03:06 - [TEST_STEP][PASSED] - click: Object: 'Object Repository/MOH AND GRN/Page_KDMC - CMS/button_Add' is clicked on

2018-05-14 14:03:06 - [MESSAGE][PASSED] - Object: 'Object Repository/MOH AND GRN/Page_KDMC - CMS/button_Add' is clicked on

2018-05-14 14:03:06 - [TEST_STEP][PASSED] - selectOptionByIndex: All options with index in [11] are selected on object 'Object Repository/MOH AND GRN/Page_KDMC - CMS/select_--Select--Schedule 1Inj'

2018-05-14 14:03:06 - [MESSAGE][PASSED] - All options with index in [11] are selected on object 'Object Repository/MOH AND GRN/Page_KDMC - CMS/select_--Select--Schedule 1Inj'

2018-05-14 14:03:06 - [TEST_STEP][PASSED] - selectOptionByIndex: All options with index in [44] are selected on object 'Object Repository/MOH AND GRN/Page_KDMC - CMS/select_--Select--Adernaline 0.'

2018-05-14 14:03:07 - [MESSAGE][PASSED] - All options with index in [44] are selected on object 'Object Repository/MOH AND GRN/Page_KDMC - CMS/select_--Select--Adernaline 0.'

2018-05-14 14:03:07 - [TEST_STEP][PASSED] - setText: Text '5000' is set on object 'Object Repository/MOH AND GRN/Page_KDMC - CMS/input_txttreat'

2018-05-14 14:03:07 - [MESSAGE][PASSED] - Text '5000' is set on object 'Object Repository/MOH AND GRN/Page_KDMC - CMS/input_txttreat'

2018-05-14 14:03:07 - [TEST_STEP][PASSED] - click: Object: 'Object Repository/MOH AND GRN/Page_KDMC - CMS/button_Add' is clicked on

2018-05-14 14:03:07 - [MESSAGE][PASSED] - Object: 'Object Repository/MOH AND GRN/Page_KDMC - CMS/button_Add' is clicked on

2018-05-14 14:03:07 - [TEST_STEP][PASSED] - selectOptionByIndex: All options with index in [11] are selected on object 'Object Repository/MOH AND GRN/Page_KDMC - CMS/select_--Select--Schedule 1Inj'

2018-05-14 14:03:07 - [MESSAGE][PASSED] - All options with index in [11] are selected on object 'Object Repository/MOH AND GRN/Page_KDMC - CMS/select_--Select--Schedule 1Inj'

2018-05-14 14:03:07 - [TEST_STEP][PASSED] - selectOptionByIndex: All options with index in [45] are selected on object 'Object Repository/MOH AND GRN/Page_KDMC - CMS/select_--Select--Adernaline 0.'

2018-05-14 14:03:07 - [MESSAGE][PASSED] - All options with index in [45] are selected on object 'Object Repository/MOH AND GRN/Page_KDMC - CMS/select_--Select--Adernaline 0.'

2018-05-14 14:03:07 - [TEST_STEP][PASSED] - setText: Text '5000' is set on object 'Object Repository/MOH AND GRN/Page_KDMC - CMS/input_txttreat'

2018-05-14 14:03:08 - [MESSAGE][PASSED] - Text '5000' is set on object 'Object Repository/MOH AND GRN/Page_KDMC - CMS/input_txttreat'

2018-05-14 14:03:08 - [TEST_STEP][PASSED] - click: Object: 'Object Repository/MOH AND GRN/Page_KDMC - CMS/button_Add' is clicked on

2018-05-14 14:03:08 - [MESSAGE][PASSED] - Object: 'Object Repository/MOH AND GRN/Page_KDMC - CMS/button_Add' is clicked on

2018-05-14 14:03:08 - [TEST_STEP][PASSED] - selectOptionByIndex: All options with index in [11] are selected on object 'Object Repository/MOH AND GRN/Page_KDMC - CMS/select_--Select--Schedule 1Inj'

2018-05-14 14:03:08 - [MESSAGE][PASSED] - All options with index in [11] are selected on object 'Object Repository/MOH AND GRN/Page_KDMC - CMS/select_--Select--Schedule 1Inj'

2018-05-14 14:03:08 - [TEST_STEP][PASSED] - selectOptionByIndex: All options with index in [46] are selected on object 'Object Repository/MOH AND GRN/Page_KDMC - CMS/select_--Select--Adernaline 0.'

2018-05-14 14:03:08 - [MESSAGE][PASSED] - All options with index in [46] are selected on object 'Object Repository/MOH AND GRN/Page_KDMC - CMS/select_--Select--Adernaline 0.'

2018-05-14 14:03:08 - [TEST_STEP][PASSED] - setText: Text '5000' is set on object 'Object Repository/MOH AND GRN/Page_KDMC - CMS/input_txttreat'

2018-05-14 14:03:09 - [MESSAGE][PASSED] - Text '5000' is set on object 'Object Repository/MOH AND GRN/Page_KDMC - CMS/input_txttreat'

2018-05-14 14:03:09 - [TEST_STEP][PASSED] - click: Object: 'Object Repository/MOH AND GRN/Page_KDMC - CMS/button_Add' is clicked on

2018-05-14 14:03:09 - [MESSAGE][PASSED] - Object: 'Object Repository/MOH AND GRN/Page_KDMC - CMS/button_Add' is clicked on

2018-05-14 14:03:09 - [TEST_STEP][PASSED] - selectOptionByIndex: All options with index in [11] are selected on object 'Object Repository/MOH AND GRN/Page_KDMC - CMS/select_--Select--Schedule 1Inj'

2018-05-14 14:03:09 - [MESSAGE][PASSED] - All options with index in [11] are selected on object 'Object Repository/MOH AND GRN/Page_KDMC - CMS/select_--Select--Schedule 1Inj'

2018-05-14 14:03:09 - [TEST_STEP][PASSED] - selectOptionByIndex: All options with index in [47] are selected on object 'Object Repository/MOH AND GRN/Page_KDMC - CMS/select_--Select--Adernaline 0.'

2018-05-14 14:03:09 - [MESSAGE][PASSED] - All options with index in [47] are selected on object 'Object Repository/MOH AND GRN/Page_KDMC - CMS/select_--Select--Adernaline 0.'

2018-05-14 14:03:09 - [TEST_STEP][PASSED] - setText: Text '5000' is set on object 'Object Repository/MOH AND GRN/Page_KDMC - CMS/input_txttreat'

2018-05-14 14:03:09 - [MESSAGE][PASSED] - Text '5000' is set on object 'Object Repository/MOH AND GRN/Page_KDMC - CMS/input_txttreat'

2018-05-14 14:03:09 - [TEST_STEP][PASSED] - click: Object: 'Object Repository/MOH AND GRN/Page_KDMC - CMS/button_Add' is clicked on

2018-05-14 14:03:10 - [MESSAGE][PASSED] - Object: 'Object Repository/MOH AND GRN/Page_KDMC - CMS/button_Add' is clicked on

2018-05-14 14:03:10 - [TEST_STEP][PASSED] - selectOptionByIndex: All options with index in [11] are selected on object 'Object Repository/MOH AND GRN/Page_KDMC - CMS/select_--Select--Schedule 1Inj'

2018-05-14 14:03:10 - [MESSAGE][PASSED] - All options with index in [11] are selected on object 'Object Repository/MOH AND GRN/Page_KDMC - CMS/select_--Select--Schedule 1Inj'

2018-05-14 14:03:10 - [TEST_STEP][PASSED] - selectOptionByIndex: All options with index in [48] are selected on object 'Object Repository/MOH AND GRN/Page_KDMC - CMS/select_--Select--Adernaline 0.'

2018-05-14 14:03:10 - [MESSAGE][PASSED] - All options with index in [48] are selected on object 'Object Repository/MOH AND GRN/Page_KDMC - CMS/select_--Select--Adernaline 0.'

2018-05-14 14:03:10 - [TEST_STEP][PASSED] - setText: Text '5000' is set on object 'Object Repository/MOH AND GRN/Page_KDMC - CMS/input_txttreat'

2018-05-14 14:03:10 - [MESSAGE][PASSED] - Text '5000' is set on object 'Object Repository/MOH AND GRN/Page_KDMC - CMS/input_txttreat'

2018-05-14 14:03:10 - [TEST_STEP][PASSED] - click: Object: 'Object Repository/MOH AND GRN/Page_KDMC - CMS/button_Add' is clicked on

2018-05-14 14:03:11 - [MESSAGE][PASSED] - Object: 'Object Repository/MOH AND GRN/Page_KDMC - CMS/button_Add' is clicked on

2018-05-14 14:03:11 - [TEST_STEP][PASSED] - selectOptionByIndex: All options with index in [11] are selected on object 'Object Repository/MOH AND GRN/Page_KDMC - CMS/select_--Select--Schedule 1Inj'

2018-05-14 14:03:11 - [MESSAGE][PASSED] - All options with index in [11] are selected on object 'Object Repository/MOH AND GRN/Page_KDMC - CMS/select_--Select--Schedule 1Inj'

2018-05-14 14:03:11 - [TEST_STEP][PASSED] - selectOptionByIndex: All options with index in [49] are selected on object 'Object Repository/MOH AND GRN/Page_KDMC - CMS/select_--Select--Adernaline 0.'

2018-05-14 14:03:11 - [MESSAGE][PASSED] - All options with index in [49] are selected on object 'Object Repository/MOH AND GRN/Page_KDMC - CMS/select_--Select--Adernaline 0.'

2018-05-14 14:03:11 - [TEST_STEP][PASSED] - setText: Text '5000' is set on object 'Object Repository/MOH AND GRN/Page_KDMC - CMS/input_txttreat'

2018-05-14 14:03:11 - [MESSAGE][PASSED] - Text '5000' is set on object 'Object Repository/MOH AND GRN/Page_KDMC - CMS/input_txttreat'

2018-05-14 14:03:11 - [TEST_STEP][PASSED] - click: Object: 'Object Repository/MOH AND GRN/Page_KDMC - CMS/button_Add' is clicked on

2018-05-14 14:03:12 - [MESSAGE][PASSED] - Object: 'Object Repository/MOH AND GRN/Page_KDMC - CMS/button_Add' is clicked on

2018-05-14 14:03:12 - [TEST_STEP][PASSED] - selectOptionByIndex: All options with index in [11] are selected on object 'Object Repository/MOH AND GRN/Page_KDMC - CMS/select_--Select--Schedule 1Inj'

2018-05-14 14:03:12 - [MESSAGE][PASSED] - All options with index in [11] are selected on object 'Object Repository/MOH AND GRN/Page_KDMC - CMS/select_--Select--Schedule 1Inj'

2018-05-14 14:03:12 - [TEST_STEP][PASSED] - selectOptionByIndex: All options with index in [50] are selected on object 'Object Repository/MOH AND GRN/Page_KDMC - CMS/select_--Select--Adernaline 0.'

2018-05-14 14:03:12 - [MESSAGE][PASSED] - All options with index in [50] are selected on object 'Object Repository/MOH AND GRN/Page_KDMC - CMS/select_--Select--Adernaline 0.'

2018-05-14 14:03:12 - [TEST_STEP][PASSED] - setText: Text '5000' is set on object 'Object Repository/MOH AND GRN/Page_KDMC - CMS/input_txttreat'

2018-05-14 14:03:12 - [MESSAGE][PASSED] - Text '5000' is set on object 'Object Repository/MOH AND GRN/Page_KDMC - CMS/input_txttreat'

2018-05-14 14:03:12 - [TEST_STEP][PASSED] - click: Object: 'Object Repository/MOH AND GRN/Page_KDMC - CMS/button_Add' is clicked on

2018-05-14 14:03:13 - [MESSAGE][PASSED] - Object: 'Object Repository/MOH AND GRN/Page_KDMC - CMS/button_Add' is clicked on

2018-05-14 14:03:13 - [TEST_STEP][PASSED] - selectOptionByIndex: All options with index in [11] are selected on object 'Object Repository/MOH AND GRN/Page_KDMC - CMS/select_--Select--Schedule 1Inj'

2018-05-14 14:03:13 - [MESSAGE][PASSED] - All options with index in [11] are selected on object 'Object Repository/MOH AND GRN/Page_KDMC - CMS/select_--Select--Schedule 1Inj'

2018-05-14 14:03:13 - [TEST_STEP][PASSED] - selectOptionByIndex: All options with index in [51] are selected on object 'Object Repository/MOH AND GRN/Page_KDMC - CMS/select_--Select--Adernaline 0.'

2018-05-14 14:03:13 - [MESSAGE][PASSED] - All options with index in [51] are selected on object 'Object Repository/MOH AND GRN/Page_KDMC - CMS/select_--Select--Adernaline 0.'

2018-05-14 14:03:13 - [TEST_STEP][PASSED] - setText: Text '5000' is set on object 'Object Repository/MOH AND GRN/Page_KDMC - CMS/input_txttreat'

2018-05-14 14:03:13 - [MESSAGE][PASSED] - Text '5000' is set on object 'Object Repository/MOH AND GRN/Page_KDMC - CMS/input_txttreat'

2018-05-14 14:03:13 - [TEST_STEP][PASSED] - click: Object: 'Object Repository/MOH AND GRN/Page_KDMC - CMS/button_Add' is clicked on

2018-05-14 14:03:14 - [MESSAGE][PASSED] - Object: 'Object Repository/MOH AND GRN/Page_KDMC - CMS/button_Add' is clicked on

2018-05-14 14:03:14 - [TEST_STEP][PASSED] - selectOptionByIndex: All options with index in [11] are selected on object 'Object Repository/MOH AND GRN/Page_KDMC - CMS/select_--Select--Schedule 1Inj'

2018-05-14 14:03:14 - [MESSAGE][PASSED] - All options with index in [11] are selected on object 'Object Repository/MOH AND GRN/Page_KDMC - CMS/select_--Select--Schedule 1Inj'

2018-05-14 14:03:14 - [TEST_STEP][PASSED] - selectOptionByIndex: All options with index in [52] are selected on object 'Object Repository/MOH AND GRN/Page_KDMC - CMS/select_--Select--Adernaline 0.'

2018-05-14 14:03:14 - [MESSAGE][PASSED] - All options with index in [52] are selected on object 'Object Repository/MOH AND GRN/Page_KDMC - CMS/select_--Select--Adernaline 0.'

2018-05-14 14:03:14 - [TEST_STEP][PASSED] - setText: Text '5000' is set on object 'Object Repository/MOH AND GRN/Page_KDMC - CMS/input_txttreat'

2018-05-14 14:03:15 - [MESSAGE][PASSED] - Text '5000' is set on object 'Object Repository/MOH AND GRN/Page_KDMC - CMS/input_txttreat'

2018-05-14 14:03:15 - [TEST_STEP][PASSED] - click: Object: 'Object Repository/MOH AND GRN/Page_KDMC - CMS/button_Add' is clicked on

2018-05-14 14:03:15 - [MESSAGE][PASSED] - Object: 'Object Repository/MOH AND GRN/Page_KDMC - CMS/button_Add' is clicked on

2018-05-14 14:03:15 - [TEST_STEP][PASSED] - selectOptionByIndex: All options with index in [11] are selected on object 'Object Repository/MOH AND GRN/Page_KDMC - CMS/select_--Select--Schedule 1Inj'

2018-05-14 14:03:15 - [MESSAGE][PASSED] - All options with index in [11] are selected on object 'Object Repository/MOH AND GRN/Page_KDMC - CMS/select_--Select--Schedule 1Inj'

2018-05-14 14:03:15 - [TEST_STEP][PASSED] - selectOptionByIndex: All options with index in [53] are selected on object 'Object Repository/MOH AND GRN/Page_KDMC - CMS/select_--Select--Adernaline 0.'

2018-05-14 14:03:16 - [MESSAGE][PASSED] - All options with index in [53] are selected on object 'Object Repository/MOH AND GRN/Page_KDMC - CMS/select_--Select--Adernaline 0.'

2018-05-14 14:03:16 - [TEST_STEP][PASSED] - setText: Text '5000' is set on object 'Object Repository/MOH AND GRN/Page_KDMC - CMS/input_txttreat'

2018-05-14 14:03:16 - [MESSAGE][PASSED] - Text '5000' is set on object 'Object Repository/MOH AND GRN/Page_KDMC - CMS/input_txttreat'

2018-05-14 14:03:16 - [TEST_STEP][PASSED] - click: Object: 'Object Repository/MOH AND GRN/Page_KDMC - CMS/button_Add' is clicked on

2018-05-14 14:03:16 - [MESSAGE][PASSED] - Object: 'Object Repository/MOH AND GRN/Page_KDMC - CMS/button_Add' is clicked on

2018-05-14 14:03:16 - [TEST_STEP][PASSED] - selectOptionByIndex: All options with index in [11] are selected on object 'Object Repository/MOH AND GRN/Page_KDMC - CMS/select_--Select--Schedule 1Inj'

2018-05-14 14:03:16 - [MESSAGE][PASSED] - All options with index in [11] are selected on object 'Object Repository/MOH AND GRN/Page_KDMC - CMS/select_--Select--Schedule 1Inj'

2018-05-14 14:03:16 - [TEST_STEP][PASSED] - selectOptionByIndex: All options with index in [54] are selected on object 'Object Repository/MOH AND GRN/Page_KDMC - CMS/select_--Select--Adernaline 0.'

2018-05-14 14:03:17 - [MESSAGE][PASSED] - All options with index in [54] are selected on object 'Object Repository/MOH AND GRN/Page_KDMC - CMS/select_--Select--Adernaline 0.'

2018-05-14 14:03:17 - [TEST_STEP][PASSED] - setText: Text '5000' is set on object 'Object Repository/MOH AND GRN/Page_KDMC - CMS/input_txttreat'

2018-05-14 14:03:17 - [MESSAGE][PASSED] - Text '5000' is set on object 'Object Repository/MOH AND GRN/Page_KDMC - CMS/input_txttreat'

2018-05-14 14:03:17 - [TEST_STEP][PASSED] - click: Object: 'Object Repository/MOH AND GRN/Page_KDMC - CMS/button_Add' is clicked on

2018-05-14 14:03:17 - [MESSAGE][PASSED] - Object: 'Object Repository/MOH AND GRN/Page_KDMC - CMS/button_Add' is clicked on

2018-05-14 14:03:17 - [TEST_STEP][PASSED] - selectOptionByIndex: All options with index in [11] are selected on object 'Object Repository/MOH AND GRN/Page_KDMC - CMS/select_--Select--Schedule 1Inj'

2018-05-14 14:03:17 - [MESSAGE][PASSED] - All options with index in [11] are selected on object 'Object Repository/MOH AND GRN/Page_KDMC - CMS/select_--Select--Schedule 1Inj'

2018-05-14 14:03:17 - [TEST_STEP][PASSED] - selectOptionByIndex: All options with index in [55] are selected on object 'Object Repository/MOH AND GRN/Page_KDMC - CMS/select_--Select--Adernaline 0.'

2018-05-14 14:03:18 - [MESSAGE][PASSED] - All options with index in [55] are selected on object 'Object Repository/MOH AND GRN/Page_KDMC - CMS/select_--Select--Adernaline 0.'

2018-05-14 14:03:18 - [TEST_STEP][PASSED] - setText: Text '5000' is set on object 'Object Repository/MOH AND GRN/Page_KDMC - CMS/input_txttreat'

2018-05-14 14:03:18 - [MESSAGE][PASSED] - Text '5000' is set on object 'Object Repository/MOH AND GRN/Page_KDMC - CMS/input_txttreat'

2018-05-14 14:03:18 - [TEST_STEP][PASSED] - click: Object: 'Object Repository/MOH AND GRN/Page_KDMC - CMS/button_Add' is clicked on

2018-05-14 14:03:18 - [MESSAGE][PASSED] - Object: 'Object Repository/MOH AND GRN/Page_KDMC - CMS/button_Add' is clicked on

2018-05-14 14:03:18 - [TEST_STEP][PASSED] - selectOptionByIndex: All options with index in [11] are selected on object 'Object Repository/MOH AND GRN/Page_KDMC - CMS/select_--Select--Schedule 1Inj'

2018-05-14 14:03:18 - [MESSAGE][PASSED] - All options with index in [11] are selected on object 'Object Repository/MOH AND GRN/Page_KDMC - CMS/select_--Select--Schedule 1Inj'

2018-05-14 14:03:18 - [TEST_STEP][PASSED] - selectOptionByIndex: All options with index in [56] are selected on object 'Object Repository/MOH AND GRN/Page_KDMC - CMS/select_--Select--Adernaline 0.'

2018-05-14 14:03:19 - [MESSAGE][PASSED] - All options with index in [56] are selected on object 'Object Repository/MOH AND GRN/Page_KDMC - CMS/select_--Select--Adernaline 0.'

2018-05-14 14:03:19 - [TEST_STEP][PASSED] - setText: Text '5000' is set on object 'Object Repository/MOH AND GRN/Page_KDMC - CMS/input_txttreat'

2018-05-14 14:03:19 - [MESSAGE][PASSED] - Text '5000' is set on object 'Object Repository/MOH AND GRN/Page_KDMC - CMS/input_txttreat'

2018-05-14 14:03:19 - [TEST_STEP][PASSED] - click: Object: 'Object Repository/MOH AND GRN/Page_KDMC - CMS/button_Add' is clicked on

2018-05-14 14:03:19 - [MESSAGE][PASSED] - Object: 'Object Repository/MOH AND GRN/Page_KDMC - CMS/button_Add' is clicked on

2018-05-14 14:03:19 - [TEST_STEP][PASSED] - selectOptionByIndex: All options with index in [11] are selected on object 'Object Repository/MOH AND GRN/Page_KDMC - CMS/select_--Select--Schedule 1Inj'

2018-05-14 14:03:19 - [MESSAGE][PASSED] - All options with index in [11] are selected on object 'Object Repository/MOH AND GRN/Page_KDMC - CMS/select_--Select--Schedule 1Inj'

2018-05-14 14:03:19 - [TEST_STEP][PASSED] - selectOptionByIndex: All options with index in [57] are selected on object 'Object Repository/MOH AND GRN/Page_KDMC - CMS/select_--Select--Adernaline 0.'

2018-05-14 14:03:20 - [MESSAGE][PASSED] - All options with index in [57] are selected on object 'Object Repository/MOH AND GRN/Page_KDMC - CMS/select_--Select--Adernaline 0.'

2018-05-14 14:03:20 - [TEST_STEP][PASSED] - setText: Text '5000' is set on object 'Object Repository/MOH AND GRN/Page_KDMC - CMS/input_txttreat'

2018-05-14 14:03:20 - [MESSAGE][PASSED] - Text '5000' is set on object 'Object Repository/MOH AND GRN/Page_KDMC - CMS/input_txttreat'

2018-05-14 14:03:20 - [TEST_STEP][PASSED] - click: Object: 'Object Repository/MOH AND GRN/Page_KDMC - CMS/button_Add' is clicked on

2018-05-14 14:03:20 - [MESSAGE][PASSED] - Object: 'Object Repository/MOH AND GRN/Page_KDMC - CMS/button_Add' is clicked on

2018-05-14 14:03:20 - [TEST_STEP][PASSED] - selectOptionByIndex: All options with index in [11] are selected on object 'Object Repository/MOH AND GRN/Page_KDMC - CMS/select_--Select--Schedule 1Inj'

2018-05-14 14:03:20 - [MESSAGE][PASSED] - All options with index in [11] are selected on object 'Object Repository/MOH AND GRN/Page_KDMC - CMS/select_--Select--Schedule 1Inj'

2018-05-14 14:03:20 - [TEST_STEP][PASSED] - selectOptionByIndex: All options with index in [58] are selected on object 'Object Repository/MOH AND GRN/Page_KDMC - CMS/select_--Select--Adernaline 0.'

2018-05-14 14:03:21 - [MESSAGE][PASSED] - All options with index in [58] are selected on object 'Object Repository/MOH AND GRN/Page_KDMC - CMS/select_--Select--Adernaline 0.'

2018-05-14 14:03:21 - [TEST_STEP][PASSED] - setText: Text '5000' is set on object 'Object Repository/MOH AND GRN/Page_KDMC - CMS/input_txttreat'

2018-05-14 14:03:21 - [MESSAGE][PASSED] - Text '5000' is set on object 'Object Repository/MOH AND GRN/Page_KDMC - CMS/input_txttreat'

2018-05-14 14:03:21 - [TEST_STEP][PASSED] - click: Object: 'Object Repository/MOH AND GRN/Page_KDMC - CMS/button_Add' is clicked on

2018-05-14 14:03:21 - [MESSAGE][PASSED] - Object: 'Object Repository/MOH AND GRN/Page_KDMC - CMS/button_Add' is clicked on

2018-05-14 14:03:21 - [TEST_STEP][PASSED] - selectOptionByIndex: All options with index in [11] are selected on object 'Object Repository/MOH AND GRN/Page_KDMC - CMS/select_--Select--Schedule 1Inj'

2018-05-14 14:03:21 - [MESSAGE][PASSED] - All options with index in [11] are selected on object 'Object Repository/MOH AND GRN/Page_KDMC - CMS/select_--Select--Schedule 1Inj'

2018-05-14 14:03:21 - [TEST_STEP][PASSED] - selectOptionByIndex: All options with index in [59] are selected on object 'Object Repository/MOH AND GRN/Page_KDMC - CMS/select_--Select--Adernaline 0.'

2018-05-14 14:03:22 - [MESSAGE][PASSED] - All options with index in [59] are selected on object 'Object Repository/MOH AND GRN/Page_KDMC - CMS/select_--Select--Adernaline 0.'

2018-05-14 14:03:22 - [TEST_STEP][PASSED] - setText: Text '5000' is set on object 'Object Repository/MOH AND GRN/Page_KDMC - CMS/input_txttreat'

2018-05-14 14:03:22 - [MESSAGE][PASSED] - Text '5000' is set on object 'Object Repository/MOH AND GRN/Page_KDMC - CMS/input_txttreat'

2018-05-14 14:03:22 - [TEST_STEP][PASSED] - click: Object: 'Object Repository/MOH AND GRN/Page_KDMC - CMS/button_Add' is clicked on

2018-05-14 14:03:22 - [MESSAGE][PASSED] - Object: 'Object Repository/MOH AND GRN/Page_KDMC - CMS/button_Add' is clicked on

2018-05-14 14:03:22 - [TEST_STEP][PASSED] - selectOptionByIndex: All options with index in [11] are selected on object 'Object Repository/MOH AND GRN/Page_KDMC - CMS/select_--Select--Schedule 1Inj'

2018-05-14 14:03:22 - [MESSAGE][PASSED] - All options with index in [11] are selected on object 'Object Repository/MOH AND GRN/Page_KDMC - CMS/select_--Select--Schedule 1Inj'

2018-05-14 14:03:22 - [TEST_STEP][FAILED] - selectOptionByIndex: Unable to select option by index '60' of object 'Object Repository/MOH AND GRN/Page_KDMC - CMS/select_--Select--Adernaline 0.' (Root cause: org.openqa.selenium.NoSuchElementException: Cannot locate option with index: 60
For documentation on this error, please visit: http://seleniumhq.org/exceptions/no_such_element.html
Build info: version: '3.7.1', revision: '8a0099a', time: '2017-11-06T21:07:36.161Z'
System info: host: 'DESKTOP-BLFTK83', ip: '192.168.71.2', os.name: 'Windows 10', os.arch: 'amd64', os.version: '10.0', java.version: '1.8.0_102'
Driver info: driver.version: unknown)

2018-05-14 14:03:23 - [MESSAGE][FAILED] - Unable to select option by index '60' of object 'Object Repository/MOH AND GRN/Page_KDMC - CMS/select_--Select--Adernaline 0.' (Root cause: org.openqa.selenium.NoSuchElementException: Cannot locate option with index: 60
For documentation on this error, please visit: http://seleniumhq.org/exceptions/no_such_element.html
Build info: version: '3.7.1', revision: '8a0099a', time: '2017-11-06T21:07:36.161Z'
System info: host: 'DESKTOP-BLFTK83', ip: '192.168.71.2', os.name: 'Windows 10', os.arch: 'amd64', os.version: '10.0', java.version: '1.8.0_102'
Driver info: driver.version: unknown)
[[ATTACHMENT|C:\\Users\\Quality Analyst\\Katalon Studio\\ds\\Reports\\MOH REQUEST AND GRN\\20180514_132131\\1526286802931.png]]]]></system-out>
         <system-err><![CDATA[2018-05-14 14:02:17 - [TEST_CASE][FAILED] - Test Cases/TEST/MOH REQUEST AND GRN/Moh Request GRN  Schedule 11: Test Cases/TEST/MOH REQUEST AND GRN/Moh Request GRN  Schedule 11 FAILED because (of) Unable to select option by index '60' of object 'Object Repository/MOH AND GRN/Page_KDMC - CMS/select_--Select--Adernaline 0.' (Root cause: org.openqa.selenium.NoSuchElementException: Cannot locate option with index: 60
For documentation on this error, please visit: http://seleniumhq.org/exceptions/no_such_element.html
Build info: version: '3.7.1', revision: '8a0099a', time: '2017-11-06T21:07:36.161Z'
System info: host: 'DESKTOP-BLFTK83', ip: '192.168.71.2', os.name: 'Windows 10', os.arch: 'amd64', os.version: '10.0', java.version: '1.8.0_102'
Driver info: driver.version: unknown)]]></system-err>
      </testcase>
      <testcase name="Test Cases/TEST/MOH REQUEST AND GRN/Moh Request GRN Schedule 12" classname="Test Cases/TEST/MOH REQUEST AND GRN/Moh Request GRN Schedule 12" status="PASSED">
         <system-out><![CDATA[2018-05-14 14:03:23 - [TEST_CASE][PASSED] - Test Cases/TEST/MOH REQUEST AND GRN/Moh Request GRN Schedule 12: Test Cases/TEST/MOH REQUEST AND GRN/Moh Request GRN Schedule 12

2018-05-14 14:03:23 - [TEST_STEP][PASSED] - openBrowser: Browser is opened with url: ''

2018-05-14 14:03:23 - [MESSAGE][WARNING] - A browser is already opened. Closing browser and opening a new one

2018-05-14 14:03:26 - [MESSAGE][PASSED] - Browser is opened with url: ''

2018-05-14 14:03:26 - [TEST_STEP][PASSED] - navigateToUrl: Navigate to 'http://192.168.137.1/multihospital_new/' successfully

2018-05-14 14:03:36 - [MESSAGE][PASSED] - Navigate to 'http://192.168.137.1/multihospital_new/' successfully

2018-05-14 14:03:36 - [TEST_STEP][PASSED] - maximizeWindow: Current window maximized

2018-05-14 14:03:37 - [MESSAGE][PASSED] - Current window maximized

2018-05-14 14:03:37 - [TEST_STEP][PASSED] - click: Object: 'Object Repository/MOH AND GRN/Page_KDMC/a_CMS' is clicked on

2018-05-14 14:03:52 - [MESSAGE][PASSED] - Object: 'Object Repository/MOH AND GRN/Page_KDMC/a_CMS' is clicked on

2018-05-14 14:03:52 - [TEST_STEP][PASSED] - setText: Text 'bala' is set on object 'Object Repository/MOH AND GRN/Page_CMS login/input_txtusername'

2018-05-14 14:03:52 - [MESSAGE][PASSED] - Text 'bala' is set on object 'Object Repository/MOH AND GRN/Page_CMS login/input_txtusername'

2018-05-14 14:03:52 - [TEST_STEP][PASSED] - setText: Text '123' is set on object 'Object Repository/MOH AND GRN/Page_CMS login/input_txtpassword'

2018-05-14 14:03:52 - [MESSAGE][PASSED] - Text '123' is set on object 'Object Repository/MOH AND GRN/Page_CMS login/input_txtpassword'

2018-05-14 14:03:52 - [TEST_STEP][PASSED] - delay: Delayed 3 second(s)

2018-05-14 14:03:55 - [MESSAGE][PASSED] - Delayed 3 second(s)

2018-05-14 14:03:55 - [TEST_STEP][PASSED] - click: Object: 'Object Repository/MOH AND GRN/Page_CMS login/button_Sign in' is clicked on

2018-05-14 14:03:57 - [MESSAGE][PASSED] - Object: 'Object Repository/MOH AND GRN/Page_CMS login/button_Sign in' is clicked on

2018-05-14 14:03:57 - [TEST_STEP][PASSED] - click: Object: 'Object Repository/MOH AND GRN/Page_KDMC - CMS/a_Request to MOH' is clicked on

2018-05-14 14:03:58 - [MESSAGE][PASSED] - Object: 'Object Repository/MOH AND GRN/Page_KDMC - CMS/a_Request to MOH' is clicked on

2018-05-14 14:03:58 - [TEST_STEP][PASSED] - selectOptionByIndex: All options with index in [2] are selected on object 'Object Repository/MOH AND GRN/Page_KDMC - CMS/select_--Select--'

2018-05-14 14:03:59 - [MESSAGE][PASSED] - All options with index in [2] are selected on object 'Object Repository/MOH AND GRN/Page_KDMC - CMS/select_--Select--'

2018-05-14 14:03:59 - [TEST_STEP][PASSED] - selectOptionByIndex: All options with index in [12] are selected on object 'Object Repository/MOH AND GRN/Page_KDMC - CMS/select_--Select--Schedule 1Inj'

2018-05-14 14:03:59 - [MESSAGE][PASSED] - All options with index in [12] are selected on object 'Object Repository/MOH AND GRN/Page_KDMC - CMS/select_--Select--Schedule 1Inj'

2018-05-14 14:03:59 - [TEST_STEP][PASSED] - Statement - selectedoptions = com.kms.katalon.core.webui.keyword.WebUiBuiltInKeywords.getNumberOfTotalOption(com.kms.katalon.core.testobject.ObjectRepository.findTestObject(MOH AND GRN/Page_KDMC - CMS/select_--Select--Adernaline 0.)): 20 options of object 'Object Repository/MOH AND GRN/Page_KDMC - CMS/select_--Select--Adernaline 0.' counted

2018-05-14 14:03:59 - [MESSAGE][PASSED] - 20 options of object 'Object Repository/MOH AND GRN/Page_KDMC - CMS/select_--Select--Adernaline 0.' counted

2018-05-14 14:03:59 - [TEST_STEP][PASSED] - Statement - For ([j = 1, j <= selectedoptions - 1, (j++)]): Object: 'Object Repository/MOH AND GRN/Page_KDMC - CMS/button_Add' is clicked on

2018-05-14 14:03:59 - [TEST_STEP][PASSED] - selectOptionByIndex: All options with index in [12] are selected on object 'Object Repository/MOH AND GRN/Page_KDMC - CMS/select_--Select--Schedule 1Inj'

2018-05-14 14:03:59 - [MESSAGE][PASSED] - All options with index in [12] are selected on object 'Object Repository/MOH AND GRN/Page_KDMC - CMS/select_--Select--Schedule 1Inj'

2018-05-14 14:03:59 - [TEST_STEP][PASSED] - selectOptionByIndex: All options with index in [1] are selected on object 'Object Repository/MOH AND GRN/Page_KDMC - CMS/select_--Select--Adernaline 0.'

2018-05-14 14:03:59 - [MESSAGE][PASSED] - All options with index in [1] are selected on object 'Object Repository/MOH AND GRN/Page_KDMC - CMS/select_--Select--Adernaline 0.'

2018-05-14 14:03:59 - [TEST_STEP][PASSED] - setText: Text '50000' is set on object 'Object Repository/MOH AND GRN/Page_KDMC - CMS/input_txttreat'

2018-05-14 14:03:59 - [MESSAGE][PASSED] - Text '50000' is set on object 'Object Repository/MOH AND GRN/Page_KDMC - CMS/input_txttreat'

2018-05-14 14:03:59 - [TEST_STEP][PASSED] - click: Object: 'Object Repository/MOH AND GRN/Page_KDMC - CMS/button_Add' is clicked on

2018-05-14 14:03:59 - [MESSAGE][PASSED] - Object: 'Object Repository/MOH AND GRN/Page_KDMC - CMS/button_Add' is clicked on

2018-05-14 14:03:59 - [TEST_STEP][PASSED] - selectOptionByIndex: All options with index in [12] are selected on object 'Object Repository/MOH AND GRN/Page_KDMC - CMS/select_--Select--Schedule 1Inj'

2018-05-14 14:04:00 - [MESSAGE][PASSED] - All options with index in [12] are selected on object 'Object Repository/MOH AND GRN/Page_KDMC - CMS/select_--Select--Schedule 1Inj'

2018-05-14 14:04:00 - [TEST_STEP][PASSED] - selectOptionByIndex: All options with index in [2] are selected on object 'Object Repository/MOH AND GRN/Page_KDMC - CMS/select_--Select--Adernaline 0.'

2018-05-14 14:04:00 - [MESSAGE][PASSED] - All options with index in [2] are selected on object 'Object Repository/MOH AND GRN/Page_KDMC - CMS/select_--Select--Adernaline 0.'

2018-05-14 14:04:00 - [TEST_STEP][PASSED] - setText: Text '50000' is set on object 'Object Repository/MOH AND GRN/Page_KDMC - CMS/input_txttreat'

2018-05-14 14:04:00 - [MESSAGE][PASSED] - Text '50000' is set on object 'Object Repository/MOH AND GRN/Page_KDMC - CMS/input_txttreat'

2018-05-14 14:04:00 - [TEST_STEP][PASSED] - click: Object: 'Object Repository/MOH AND GRN/Page_KDMC - CMS/button_Add' is clicked on

2018-05-14 14:04:00 - [MESSAGE][PASSED] - Object: 'Object Repository/MOH AND GRN/Page_KDMC - CMS/button_Add' is clicked on

2018-05-14 14:04:00 - [TEST_STEP][PASSED] - selectOptionByIndex: All options with index in [12] are selected on object 'Object Repository/MOH AND GRN/Page_KDMC - CMS/select_--Select--Schedule 1Inj'

2018-05-14 14:04:00 - [MESSAGE][PASSED] - All options with index in [12] are selected on object 'Object Repository/MOH AND GRN/Page_KDMC - CMS/select_--Select--Schedule 1Inj'

2018-05-14 14:04:00 - [TEST_STEP][PASSED] - selectOptionByIndex: All options with index in [3] are selected on object 'Object Repository/MOH AND GRN/Page_KDMC - CMS/select_--Select--Adernaline 0.'

2018-05-14 14:04:00 - [MESSAGE][PASSED] - All options with index in [3] are selected on object 'Object Repository/MOH AND GRN/Page_KDMC - CMS/select_--Select--Adernaline 0.'

2018-05-14 14:04:00 - [TEST_STEP][PASSED] - setText: Text '50000' is set on object 'Object Repository/MOH AND GRN/Page_KDMC - CMS/input_txttreat'

2018-05-14 14:04:00 - [MESSAGE][PASSED] - Text '50000' is set on object 'Object Repository/MOH AND GRN/Page_KDMC - CMS/input_txttreat'

2018-05-14 14:04:00 - [TEST_STEP][PASSED] - click: Object: 'Object Repository/MOH AND GRN/Page_KDMC - CMS/button_Add' is clicked on

2018-05-14 14:04:01 - [MESSAGE][PASSED] - Object: 'Object Repository/MOH AND GRN/Page_KDMC - CMS/button_Add' is clicked on

2018-05-14 14:04:01 - [TEST_STEP][PASSED] - selectOptionByIndex: All options with index in [12] are selected on object 'Object Repository/MOH AND GRN/Page_KDMC - CMS/select_--Select--Schedule 1Inj'

2018-05-14 14:04:01 - [MESSAGE][PASSED] - All options with index in [12] are selected on object 'Object Repository/MOH AND GRN/Page_KDMC - CMS/select_--Select--Schedule 1Inj'

2018-05-14 14:04:01 - [TEST_STEP][PASSED] - selectOptionByIndex: All options with index in [4] are selected on object 'Object Repository/MOH AND GRN/Page_KDMC - CMS/select_--Select--Adernaline 0.'

2018-05-14 14:04:01 - [MESSAGE][PASSED] - All options with index in [4] are selected on object 'Object Repository/MOH AND GRN/Page_KDMC - CMS/select_--Select--Adernaline 0.'

2018-05-14 14:04:01 - [TEST_STEP][PASSED] - setText: Text '50000' is set on object 'Object Repository/MOH AND GRN/Page_KDMC - CMS/input_txttreat'

2018-05-14 14:04:01 - [MESSAGE][PASSED] - Text '50000' is set on object 'Object Repository/MOH AND GRN/Page_KDMC - CMS/input_txttreat'

2018-05-14 14:04:01 - [TEST_STEP][PASSED] - click: Object: 'Object Repository/MOH AND GRN/Page_KDMC - CMS/button_Add' is clicked on

2018-05-14 14:04:01 - [MESSAGE][PASSED] - Object: 'Object Repository/MOH AND GRN/Page_KDMC - CMS/button_Add' is clicked on

2018-05-14 14:04:01 - [TEST_STEP][PASSED] - selectOptionByIndex: All options with index in [12] are selected on object 'Object Repository/MOH AND GRN/Page_KDMC - CMS/select_--Select--Schedule 1Inj'

2018-05-14 14:04:01 - [MESSAGE][PASSED] - All options with index in [12] are selected on object 'Object Repository/MOH AND GRN/Page_KDMC - CMS/select_--Select--Schedule 1Inj'

2018-05-14 14:04:01 - [TEST_STEP][PASSED] - selectOptionByIndex: All options with index in [5] are selected on object 'Object Repository/MOH AND GRN/Page_KDMC - CMS/select_--Select--Adernaline 0.'

2018-05-14 14:04:02 - [MESSAGE][PASSED] - All options with index in [5] are selected on object 'Object Repository/MOH AND GRN/Page_KDMC - CMS/select_--Select--Adernaline 0.'

2018-05-14 14:04:02 - [TEST_STEP][PASSED] - setText: Text '50000' is set on object 'Object Repository/MOH AND GRN/Page_KDMC - CMS/input_txttreat'

2018-05-14 14:04:02 - [MESSAGE][PASSED] - Text '50000' is set on object 'Object Repository/MOH AND GRN/Page_KDMC - CMS/input_txttreat'

2018-05-14 14:04:02 - [TEST_STEP][PASSED] - click: Object: 'Object Repository/MOH AND GRN/Page_KDMC - CMS/button_Add' is clicked on

2018-05-14 14:04:02 - [MESSAGE][PASSED] - Object: 'Object Repository/MOH AND GRN/Page_KDMC - CMS/button_Add' is clicked on

2018-05-14 14:04:02 - [TEST_STEP][PASSED] - selectOptionByIndex: All options with index in [12] are selected on object 'Object Repository/MOH AND GRN/Page_KDMC - CMS/select_--Select--Schedule 1Inj'

2018-05-14 14:04:02 - [MESSAGE][PASSED] - All options with index in [12] are selected on object 'Object Repository/MOH AND GRN/Page_KDMC - CMS/select_--Select--Schedule 1Inj'

2018-05-14 14:04:02 - [TEST_STEP][PASSED] - selectOptionByIndex: All options with index in [6] are selected on object 'Object Repository/MOH AND GRN/Page_KDMC - CMS/select_--Select--Adernaline 0.'

2018-05-14 14:04:02 - [MESSAGE][PASSED] - All options with index in [6] are selected on object 'Object Repository/MOH AND GRN/Page_KDMC - CMS/select_--Select--Adernaline 0.'

2018-05-14 14:04:02 - [TEST_STEP][PASSED] - setText: Text '50000' is set on object 'Object Repository/MOH AND GRN/Page_KDMC - CMS/input_txttreat'

2018-05-14 14:04:02 - [MESSAGE][PASSED] - Text '50000' is set on object 'Object Repository/MOH AND GRN/Page_KDMC - CMS/input_txttreat'

2018-05-14 14:04:02 - [TEST_STEP][PASSED] - click: Object: 'Object Repository/MOH AND GRN/Page_KDMC - CMS/button_Add' is clicked on

2018-05-14 14:04:02 - [MESSAGE][PASSED] - Object: 'Object Repository/MOH AND GRN/Page_KDMC - CMS/button_Add' is clicked on

2018-05-14 14:04:02 - [TEST_STEP][PASSED] - selectOptionByIndex: All options with index in [12] are selected on object 'Object Repository/MOH AND GRN/Page_KDMC - CMS/select_--Select--Schedule 1Inj'

2018-05-14 14:04:02 - [MESSAGE][PASSED] - All options with index in [12] are selected on object 'Object Repository/MOH AND GRN/Page_KDMC - CMS/select_--Select--Schedule 1Inj'

2018-05-14 14:04:02 - [TEST_STEP][PASSED] - selectOptionByIndex: All options with index in [7] are selected on object 'Object Repository/MOH AND GRN/Page_KDMC - CMS/select_--Select--Adernaline 0.'

2018-05-14 14:04:03 - [MESSAGE][PASSED] - All options with index in [7] are selected on object 'Object Repository/MOH AND GRN/Page_KDMC - CMS/select_--Select--Adernaline 0.'

2018-05-14 14:04:03 - [TEST_STEP][PASSED] - setText: Text '50000' is set on object 'Object Repository/MOH AND GRN/Page_KDMC - CMS/input_txttreat'

2018-05-14 14:04:03 - [MESSAGE][PASSED] - Text '50000' is set on object 'Object Repository/MOH AND GRN/Page_KDMC - CMS/input_txttreat'

2018-05-14 14:04:03 - [TEST_STEP][PASSED] - click: Object: 'Object Repository/MOH AND GRN/Page_KDMC - CMS/button_Add' is clicked on

2018-05-14 14:04:03 - [MESSAGE][PASSED] - Object: 'Object Repository/MOH AND GRN/Page_KDMC - CMS/button_Add' is clicked on

2018-05-14 14:04:03 - [TEST_STEP][PASSED] - selectOptionByIndex: All options with index in [12] are selected on object 'Object Repository/MOH AND GRN/Page_KDMC - CMS/select_--Select--Schedule 1Inj'

2018-05-14 14:04:03 - [MESSAGE][PASSED] - All options with index in [12] are selected on object 'Object Repository/MOH AND GRN/Page_KDMC - CMS/select_--Select--Schedule 1Inj'

2018-05-14 14:04:03 - [TEST_STEP][PASSED] - selectOptionByIndex: All options with index in [8] are selected on object 'Object Repository/MOH AND GRN/Page_KDMC - CMS/select_--Select--Adernaline 0.'

2018-05-14 14:04:03 - [MESSAGE][PASSED] - All options with index in [8] are selected on object 'Object Repository/MOH AND GRN/Page_KDMC - CMS/select_--Select--Adernaline 0.'

2018-05-14 14:04:03 - [TEST_STEP][PASSED] - setText: Text '50000' is set on object 'Object Repository/MOH AND GRN/Page_KDMC - CMS/input_txttreat'

2018-05-14 14:04:03 - [MESSAGE][PASSED] - Text '50000' is set on object 'Object Repository/MOH AND GRN/Page_KDMC - CMS/input_txttreat'

2018-05-14 14:04:03 - [TEST_STEP][PASSED] - click: Object: 'Object Repository/MOH AND GRN/Page_KDMC - CMS/button_Add' is clicked on

2018-05-14 14:04:03 - [MESSAGE][PASSED] - Object: 'Object Repository/MOH AND GRN/Page_KDMC - CMS/button_Add' is clicked on

2018-05-14 14:04:03 - [TEST_STEP][PASSED] - selectOptionByIndex: All options with index in [12] are selected on object 'Object Repository/MOH AND GRN/Page_KDMC - CMS/select_--Select--Schedule 1Inj'

2018-05-14 14:04:04 - [MESSAGE][PASSED] - All options with index in [12] are selected on object 'Object Repository/MOH AND GRN/Page_KDMC - CMS/select_--Select--Schedule 1Inj'

2018-05-14 14:04:04 - [TEST_STEP][PASSED] - selectOptionByIndex: All options with index in [9] are selected on object 'Object Repository/MOH AND GRN/Page_KDMC - CMS/select_--Select--Adernaline 0.'

2018-05-14 14:04:04 - [MESSAGE][PASSED] - All options with index in [9] are selected on object 'Object Repository/MOH AND GRN/Page_KDMC - CMS/select_--Select--Adernaline 0.'

2018-05-14 14:04:04 - [TEST_STEP][PASSED] - setText: Text '50000' is set on object 'Object Repository/MOH AND GRN/Page_KDMC - CMS/input_txttreat'

2018-05-14 14:04:04 - [MESSAGE][PASSED] - Text '50000' is set on object 'Object Repository/MOH AND GRN/Page_KDMC - CMS/input_txttreat'

2018-05-14 14:04:04 - [TEST_STEP][PASSED] - click: Object: 'Object Repository/MOH AND GRN/Page_KDMC - CMS/button_Add' is clicked on

2018-05-14 14:04:04 - [MESSAGE][PASSED] - Object: 'Object Repository/MOH AND GRN/Page_KDMC - CMS/button_Add' is clicked on

2018-05-14 14:04:04 - [TEST_STEP][PASSED] - selectOptionByIndex: All options with index in [12] are selected on object 'Object Repository/MOH AND GRN/Page_KDMC - CMS/select_--Select--Schedule 1Inj'

2018-05-14 14:04:04 - [MESSAGE][PASSED] - All options with index in [12] are selected on object 'Object Repository/MOH AND GRN/Page_KDMC - CMS/select_--Select--Schedule 1Inj'

2018-05-14 14:04:04 - [TEST_STEP][PASSED] - selectOptionByIndex: All options with index in [10] are selected on object 'Object Repository/MOH AND GRN/Page_KDMC - CMS/select_--Select--Adernaline 0.'

2018-05-14 14:04:04 - [MESSAGE][PASSED] - All options with index in [10] are selected on object 'Object Repository/MOH AND GRN/Page_KDMC - CMS/select_--Select--Adernaline 0.'

2018-05-14 14:04:04 - [TEST_STEP][PASSED] - setText: Text '50000' is set on object 'Object Repository/MOH AND GRN/Page_KDMC - CMS/input_txttreat'

2018-05-14 14:04:04 - [MESSAGE][PASSED] - Text '50000' is set on object 'Object Repository/MOH AND GRN/Page_KDMC - CMS/input_txttreat'

2018-05-14 14:04:04 - [TEST_STEP][PASSED] - click: Object: 'Object Repository/MOH AND GRN/Page_KDMC - CMS/button_Add' is clicked on

2018-05-14 14:04:05 - [MESSAGE][PASSED] - Object: 'Object Repository/MOH AND GRN/Page_KDMC - CMS/button_Add' is clicked on

2018-05-14 14:04:05 - [TEST_STEP][PASSED] - selectOptionByIndex: All options with index in [12] are selected on object 'Object Repository/MOH AND GRN/Page_KDMC - CMS/select_--Select--Schedule 1Inj'

2018-05-14 14:04:05 - [MESSAGE][PASSED] - All options with index in [12] are selected on object 'Object Repository/MOH AND GRN/Page_KDMC - CMS/select_--Select--Schedule 1Inj'

2018-05-14 14:04:05 - [TEST_STEP][PASSED] - selectOptionByIndex: All options with index in [11] are selected on object 'Object Repository/MOH AND GRN/Page_KDMC - CMS/select_--Select--Adernaline 0.'

2018-05-14 14:04:05 - [MESSAGE][PASSED] - All options with index in [11] are selected on object 'Object Repository/MOH AND GRN/Page_KDMC - CMS/select_--Select--Adernaline 0.'

2018-05-14 14:04:05 - [TEST_STEP][PASSED] - setText: Text '50000' is set on object 'Object Repository/MOH AND GRN/Page_KDMC - CMS/input_txttreat'

2018-05-14 14:04:05 - [MESSAGE][PASSED] - Text '50000' is set on object 'Object Repository/MOH AND GRN/Page_KDMC - CMS/input_txttreat'

2018-05-14 14:04:05 - [TEST_STEP][PASSED] - click: Object: 'Object Repository/MOH AND GRN/Page_KDMC - CMS/button_Add' is clicked on

2018-05-14 14:04:05 - [MESSAGE][PASSED] - Object: 'Object Repository/MOH AND GRN/Page_KDMC - CMS/button_Add' is clicked on

2018-05-14 14:04:05 - [TEST_STEP][PASSED] - selectOptionByIndex: All options with index in [12] are selected on object 'Object Repository/MOH AND GRN/Page_KDMC - CMS/select_--Select--Schedule 1Inj'

2018-05-14 14:04:05 - [MESSAGE][PASSED] - All options with index in [12] are selected on object 'Object Repository/MOH AND GRN/Page_KDMC - CMS/select_--Select--Schedule 1Inj'

2018-05-14 14:04:05 - [TEST_STEP][PASSED] - selectOptionByIndex: All options with index in [12] are selected on object 'Object Repository/MOH AND GRN/Page_KDMC - CMS/select_--Select--Adernaline 0.'

2018-05-14 14:04:06 - [MESSAGE][PASSED] - All options with index in [12] are selected on object 'Object Repository/MOH AND GRN/Page_KDMC - CMS/select_--Select--Adernaline 0.'

2018-05-14 14:04:06 - [TEST_STEP][PASSED] - setText: Text '50000' is set on object 'Object Repository/MOH AND GRN/Page_KDMC - CMS/input_txttreat'

2018-05-14 14:04:06 - [MESSAGE][PASSED] - Text '50000' is set on object 'Object Repository/MOH AND GRN/Page_KDMC - CMS/input_txttreat'

2018-05-14 14:04:06 - [TEST_STEP][PASSED] - click: Object: 'Object Repository/MOH AND GRN/Page_KDMC - CMS/button_Add' is clicked on

2018-05-14 14:04:06 - [MESSAGE][PASSED] - Object: 'Object Repository/MOH AND GRN/Page_KDMC - CMS/button_Add' is clicked on

2018-05-14 14:04:06 - [TEST_STEP][PASSED] - selectOptionByIndex: All options with index in [12] are selected on object 'Object Repository/MOH AND GRN/Page_KDMC - CMS/select_--Select--Schedule 1Inj'

2018-05-14 14:04:06 - [MESSAGE][PASSED] - All options with index in [12] are selected on object 'Object Repository/MOH AND GRN/Page_KDMC - CMS/select_--Select--Schedule 1Inj'

2018-05-14 14:04:06 - [TEST_STEP][PASSED] - selectOptionByIndex: All options with index in [13] are selected on object 'Object Repository/MOH AND GRN/Page_KDMC - CMS/select_--Select--Adernaline 0.'

2018-05-14 14:04:06 - [MESSAGE][PASSED] - All options with index in [13] are selected on object 'Object Repository/MOH AND GRN/Page_KDMC - CMS/select_--Select--Adernaline 0.'

2018-05-14 14:04:06 - [TEST_STEP][PASSED] - setText: Text '50000' is set on object 'Object Repository/MOH AND GRN/Page_KDMC - CMS/input_txttreat'

2018-05-14 14:04:06 - [MESSAGE][PASSED] - Text '50000' is set on object 'Object Repository/MOH AND GRN/Page_KDMC - CMS/input_txttreat'

2018-05-14 14:04:06 - [TEST_STEP][PASSED] - click: Object: 'Object Repository/MOH AND GRN/Page_KDMC - CMS/button_Add' is clicked on

2018-05-14 14:04:06 - [MESSAGE][PASSED] - Object: 'Object Repository/MOH AND GRN/Page_KDMC - CMS/button_Add' is clicked on

2018-05-14 14:04:06 - [TEST_STEP][PASSED] - selectOptionByIndex: All options with index in [12] are selected on object 'Object Repository/MOH AND GRN/Page_KDMC - CMS/select_--Select--Schedule 1Inj'

2018-05-14 14:04:07 - [MESSAGE][PASSED] - All options with index in [12] are selected on object 'Object Repository/MOH AND GRN/Page_KDMC - CMS/select_--Select--Schedule 1Inj'

2018-05-14 14:04:07 - [TEST_STEP][PASSED] - selectOptionByIndex: All options with index in [14] are selected on object 'Object Repository/MOH AND GRN/Page_KDMC - CMS/select_--Select--Adernaline 0.'

2018-05-14 14:04:07 - [MESSAGE][PASSED] - All options with index in [14] are selected on object 'Object Repository/MOH AND GRN/Page_KDMC - CMS/select_--Select--Adernaline 0.'

2018-05-14 14:04:07 - [TEST_STEP][PASSED] - setText: Text '50000' is set on object 'Object Repository/MOH AND GRN/Page_KDMC - CMS/input_txttreat'

2018-05-14 14:04:07 - [MESSAGE][PASSED] - Text '50000' is set on object 'Object Repository/MOH AND GRN/Page_KDMC - CMS/input_txttreat'

2018-05-14 14:04:07 - [TEST_STEP][PASSED] - click: Object: 'Object Repository/MOH AND GRN/Page_KDMC - CMS/button_Add' is clicked on

2018-05-14 14:04:07 - [MESSAGE][PASSED] - Object: 'Object Repository/MOH AND GRN/Page_KDMC - CMS/button_Add' is clicked on

2018-05-14 14:04:07 - [TEST_STEP][PASSED] - selectOptionByIndex: All options with index in [12] are selected on object 'Object Repository/MOH AND GRN/Page_KDMC - CMS/select_--Select--Schedule 1Inj'

2018-05-14 14:04:07 - [MESSAGE][PASSED] - All options with index in [12] are selected on object 'Object Repository/MOH AND GRN/Page_KDMC - CMS/select_--Select--Schedule 1Inj'

2018-05-14 14:04:07 - [TEST_STEP][PASSED] - selectOptionByIndex: All options with index in [15] are selected on object 'Object Repository/MOH AND GRN/Page_KDMC - CMS/select_--Select--Adernaline 0.'

2018-05-14 14:04:08 - [MESSAGE][PASSED] - All options with index in [15] are selected on object 'Object Repository/MOH AND GRN/Page_KDMC - CMS/select_--Select--Adernaline 0.'

2018-05-14 14:04:08 - [TEST_STEP][PASSED] - setText: Text '50000' is set on object 'Object Repository/MOH AND GRN/Page_KDMC - CMS/input_txttreat'

2018-05-14 14:04:08 - [MESSAGE][PASSED] - Text '50000' is set on object 'Object Repository/MOH AND GRN/Page_KDMC - CMS/input_txttreat'

2018-05-14 14:04:08 - [TEST_STEP][PASSED] - click: Object: 'Object Repository/MOH AND GRN/Page_KDMC - CMS/button_Add' is clicked on

2018-05-14 14:04:08 - [MESSAGE][PASSED] - Object: 'Object Repository/MOH AND GRN/Page_KDMC - CMS/button_Add' is clicked on

2018-05-14 14:04:08 - [TEST_STEP][PASSED] - selectOptionByIndex: All options with index in [12] are selected on object 'Object Repository/MOH AND GRN/Page_KDMC - CMS/select_--Select--Schedule 1Inj'

2018-05-14 14:04:08 - [MESSAGE][PASSED] - All options with index in [12] are selected on object 'Object Repository/MOH AND GRN/Page_KDMC - CMS/select_--Select--Schedule 1Inj'

2018-05-14 14:04:08 - [TEST_STEP][PASSED] - selectOptionByIndex: All options with index in [16] are selected on object 'Object Repository/MOH AND GRN/Page_KDMC - CMS/select_--Select--Adernaline 0.'

2018-05-14 14:04:08 - [MESSAGE][PASSED] - All options with index in [16] are selected on object 'Object Repository/MOH AND GRN/Page_KDMC - CMS/select_--Select--Adernaline 0.'

2018-05-14 14:04:08 - [TEST_STEP][PASSED] - setText: Text '50000' is set on object 'Object Repository/MOH AND GRN/Page_KDMC - CMS/input_txttreat'

2018-05-14 14:04:08 - [MESSAGE][PASSED] - Text '50000' is set on object 'Object Repository/MOH AND GRN/Page_KDMC - CMS/input_txttreat'

2018-05-14 14:04:08 - [TEST_STEP][PASSED] - click: Object: 'Object Repository/MOH AND GRN/Page_KDMC - CMS/button_Add' is clicked on

2018-05-14 14:04:08 - [MESSAGE][PASSED] - Object: 'Object Repository/MOH AND GRN/Page_KDMC - CMS/button_Add' is clicked on

2018-05-14 14:04:08 - [TEST_STEP][PASSED] - selectOptionByIndex: All options with index in [12] are selected on object 'Object Repository/MOH AND GRN/Page_KDMC - CMS/select_--Select--Schedule 1Inj'

2018-05-14 14:04:09 - [MESSAGE][PASSED] - All options with index in [12] are selected on object 'Object Repository/MOH AND GRN/Page_KDMC - CMS/select_--Select--Schedule 1Inj'

2018-05-14 14:04:09 - [TEST_STEP][PASSED] - selectOptionByIndex: All options with index in [17] are selected on object 'Object Repository/MOH AND GRN/Page_KDMC - CMS/select_--Select--Adernaline 0.'

2018-05-14 14:04:09 - [MESSAGE][PASSED] - All options with index in [17] are selected on object 'Object Repository/MOH AND GRN/Page_KDMC - CMS/select_--Select--Adernaline 0.'

2018-05-14 14:04:09 - [TEST_STEP][PASSED] - setText: Text '50000' is set on object 'Object Repository/MOH AND GRN/Page_KDMC - CMS/input_txttreat'

2018-05-14 14:04:09 - [MESSAGE][PASSED] - Text '50000' is set on object 'Object Repository/MOH AND GRN/Page_KDMC - CMS/input_txttreat'

2018-05-14 14:04:09 - [TEST_STEP][PASSED] - click: Object: 'Object Repository/MOH AND GRN/Page_KDMC - CMS/button_Add' is clicked on

2018-05-14 14:04:09 - [MESSAGE][PASSED] - Object: 'Object Repository/MOH AND GRN/Page_KDMC - CMS/button_Add' is clicked on

2018-05-14 14:04:09 - [TEST_STEP][PASSED] - selectOptionByIndex: All options with index in [12] are selected on object 'Object Repository/MOH AND GRN/Page_KDMC - CMS/select_--Select--Schedule 1Inj'

2018-05-14 14:04:09 - [MESSAGE][PASSED] - All options with index in [12] are selected on object 'Object Repository/MOH AND GRN/Page_KDMC - CMS/select_--Select--Schedule 1Inj'

2018-05-14 14:04:09 - [TEST_STEP][PASSED] - selectOptionByIndex: All options with index in [18] are selected on object 'Object Repository/MOH AND GRN/Page_KDMC - CMS/select_--Select--Adernaline 0.'

2018-05-14 14:04:09 - [MESSAGE][PASSED] - All options with index in [18] are selected on object 'Object Repository/MOH AND GRN/Page_KDMC - CMS/select_--Select--Adernaline 0.'

2018-05-14 14:04:09 - [TEST_STEP][PASSED] - setText: Text '50000' is set on object 'Object Repository/MOH AND GRN/Page_KDMC - CMS/input_txttreat'

2018-05-14 14:04:10 - [MESSAGE][PASSED] - Text '50000' is set on object 'Object Repository/MOH AND GRN/Page_KDMC - CMS/input_txttreat'

2018-05-14 14:04:10 - [TEST_STEP][PASSED] - click: Object: 'Object Repository/MOH AND GRN/Page_KDMC - CMS/button_Add' is clicked on

2018-05-14 14:04:10 - [MESSAGE][PASSED] - Object: 'Object Repository/MOH AND GRN/Page_KDMC - CMS/button_Add' is clicked on

2018-05-14 14:04:10 - [TEST_STEP][PASSED] - selectOptionByIndex: All options with index in [12] are selected on object 'Object Repository/MOH AND GRN/Page_KDMC - CMS/select_--Select--Schedule 1Inj'

2018-05-14 14:04:10 - [MESSAGE][PASSED] - All options with index in [12] are selected on object 'Object Repository/MOH AND GRN/Page_KDMC - CMS/select_--Select--Schedule 1Inj'

2018-05-14 14:04:10 - [TEST_STEP][PASSED] - selectOptionByIndex: All options with index in [19] are selected on object 'Object Repository/MOH AND GRN/Page_KDMC - CMS/select_--Select--Adernaline 0.'

2018-05-14 14:04:10 - [MESSAGE][PASSED] - All options with index in [19] are selected on object 'Object Repository/MOH AND GRN/Page_KDMC - CMS/select_--Select--Adernaline 0.'

2018-05-14 14:04:10 - [TEST_STEP][PASSED] - setText: Text '50000' is set on object 'Object Repository/MOH AND GRN/Page_KDMC - CMS/input_txttreat'

2018-05-14 14:04:10 - [MESSAGE][PASSED] - Text '50000' is set on object 'Object Repository/MOH AND GRN/Page_KDMC - CMS/input_txttreat'

2018-05-14 14:04:10 - [TEST_STEP][PASSED] - click: Object: 'Object Repository/MOH AND GRN/Page_KDMC - CMS/button_Add' is clicked on

2018-05-14 14:04:10 - [MESSAGE][PASSED] - Object: 'Object Repository/MOH AND GRN/Page_KDMC - CMS/button_Add' is clicked on

2018-05-14 14:04:10 - [TEST_STEP][PASSED] - scrollToElement: Scroll to object 'Object Repository/MOH AND GRN/Page_KDMC - CMS/input_btnsave' successfully

2018-05-14 14:04:10 - [MESSAGE][PASSED] - Scroll to object 'Object Repository/MOH AND GRN/Page_KDMC - CMS/input_btnsave' successfully

2018-05-14 14:04:10 - [TEST_STEP][PASSED] - click: Object: 'Object Repository/MOH AND GRN/Page_KDMC - CMS/input_btnsave' is clicked on

2018-05-14 14:04:11 - [MESSAGE][PASSED] - Object: 'Object Repository/MOH AND GRN/Page_KDMC - CMS/input_btnsave' is clicked on

2018-05-14 14:04:11 - [TEST_STEP][PASSED] - delay: Delayed 3 second(s)

2018-05-14 14:04:14 - [MESSAGE][PASSED] - Delayed 3 second(s)

2018-05-14 14:04:14 - [TEST_STEP][PASSED] - Statement - Request1 = com.kms.katalon.core.webui.keyword.WebUiBuiltInKeywords.getText(com.kms.katalon.core.testobject.ObjectRepository.findTestObject(MOH AND GRN/Page_KDMC - CMS/font_PRNO0505201876)): Text of object 'Object Repository/MOH AND GRN/Page_KDMC - CMS/font_PRNO0505201876' is: 'PRNO/14052018/241'

2018-05-14 14:04:14 - [MESSAGE][PASSED] - Text of object 'Object Repository/MOH AND GRN/Page_KDMC - CMS/font_PRNO0505201876' is: 'PRNO/14052018/241'

2018-05-14 14:04:14 - [TEST_STEP][PASSED] - Statement - out.println("Length OF The Medicine " + Request1): null

2018-05-14 14:04:14 - [TEST_STEP][PASSED] - Statement - RequestNUmber = Request1.split("/")[2].trim(): null

2018-05-14 14:04:14 - [TEST_STEP][PASSED] - Statement - out.println("ID IS " + RequestNUmber): null

2018-05-14 14:04:14 - [TEST_STEP][PASSED] - delay: Delayed 3 second(s)

2018-05-14 14:04:17 - [MESSAGE][PASSED] - Delayed 3 second(s)

2018-05-14 14:04:17 - [TEST_STEP][PASSED] - click: Object: 'Object Repository/MOH AND GRN/Page_KDMC - CMS/button_OK' is clicked on

2018-05-14 14:04:17 - [MESSAGE][PASSED] - Object: 'Object Repository/MOH AND GRN/Page_KDMC - CMS/button_OK' is clicked on

2018-05-14 14:04:17 - [TEST_STEP][PASSED] - click: Object: 'Object Repository/MOH AND GRN/Page_KDMC - CMS/a_dropdown-toggle' is clicked on

2018-05-14 14:04:18 - [MESSAGE][PASSED] - Object: 'Object Repository/MOH AND GRN/Page_KDMC - CMS/a_dropdown-toggle' is clicked on

2018-05-14 14:04:18 - [TEST_STEP][PASSED] - click: Object: 'Object Repository/MOH AND GRN/Page_KDMC - CMS/a_Sign out' is clicked on

2018-05-14 14:04:19 - [MESSAGE][PASSED] - Object: 'Object Repository/MOH AND GRN/Page_KDMC - CMS/a_Sign out' is clicked on

2018-05-14 14:04:19 - [TEST_STEP][PASSED] - delay: Delayed 4 second(s)

2018-05-14 14:04:23 - [MESSAGE][PASSED] - Delayed 4 second(s)

2018-05-14 14:04:23 - [TEST_STEP][PASSED] - click: Object: 'Object Repository/MOH AND GRN/Page_KDMC/a_Admin Master' is clicked on

2018-05-14 14:04:24 - [MESSAGE][PASSED] - Object: 'Object Repository/MOH AND GRN/Page_KDMC/a_Admin Master' is clicked on

2018-05-14 14:04:24 - [TEST_STEP][PASSED] - setText: Text 'admin' is set on object 'Object Repository/MOH AND GRN/Page_Admin login/input_txtusername'

2018-05-14 14:04:25 - [MESSAGE][PASSED] - Text 'admin' is set on object 'Object Repository/MOH AND GRN/Page_Admin login/input_txtusername'

2018-05-14 14:04:25 - [TEST_STEP][PASSED] - setText: Text 'admin123' is set on object 'Object Repository/MOH AND GRN/Page_Admin login/input_txtpassword'

2018-05-14 14:04:25 - [MESSAGE][PASSED] - Text 'admin123' is set on object 'Object Repository/MOH AND GRN/Page_Admin login/input_txtpassword'

2018-05-14 14:04:25 - [TEST_STEP][PASSED] - delay: Delayed 3 second(s)

2018-05-14 14:04:28 - [MESSAGE][PASSED] - Delayed 3 second(s)

2018-05-14 14:04:28 - [TEST_STEP][PASSED] - click: Object: 'Object Repository/MOH AND GRN/Page_Admin login/button_Sign in' is clicked on

2018-05-14 14:04:29 - [MESSAGE][PASSED] - Object: 'Object Repository/MOH AND GRN/Page_Admin login/button_Sign in' is clicked on

2018-05-14 14:04:29 - [TEST_STEP][PASSED] - delay: Delayed 20 second(s)

2018-05-14 14:04:49 - [MESSAGE][PASSED] - Delayed 20 second(s)

2018-05-14 14:04:49 - [TEST_STEP][PASSED] - scrollToPosition: Browser is scrolled to position x = 200, y = 200

2018-05-14 14:04:49 - [MESSAGE][PASSED] - Browser is scrolled to position x = 200, y = 200

2018-05-14 14:04:49 - [TEST_STEP][PASSED] - click: Object: 'Object Repository/MOH AND GRN/Page_KDMC/a_CMS_1' is clicked on

2018-05-14 14:04:49 - [MESSAGE][PASSED] - Object: 'Object Repository/MOH AND GRN/Page_KDMC/a_CMS_1' is clicked on

2018-05-14 14:04:49 - [TEST_STEP][PASSED] - click: Object: 'Object Repository/MOH AND GRN/Page_KDMC/a_Request List' is clicked on

2018-05-14 14:04:50 - [MESSAGE][PASSED] - Object: 'Object Repository/MOH AND GRN/Page_KDMC/a_Request List' is clicked on

2018-05-14 14:04:50 - [TEST_STEP][PASSED] - Statement - RequestNumberId = com.kms.katalon.core.webui.keyword.WebUiBuiltInKeywords.modifyObjectProperty(com.kms.katalon.core.testobject.ObjectRepository.findTestObject(MOH AND GRN/Page_KDMC - CMS/input_PO0032), "xpath", "equals", "//*[@id =" + RequestNUmber + "]", true): Modify property of object successfully

2018-05-14 14:04:50 - [MESSAGE][PASSED] - Modify property of object successfully

2018-05-14 14:04:50 - [TEST_STEP][PASSED] - click: Object: 'Object Repository/MOH AND GRN/Page_KDMC - CMS/input_PO0032' is clicked on

2018-05-14 14:04:50 - [MESSAGE][PASSED] - Object: 'Object Repository/MOH AND GRN/Page_KDMC - CMS/input_PO0032' is clicked on

2018-05-14 14:04:50 - [TEST_STEP][PASSED] - delay: Delayed 3 second(s)

2018-05-14 14:04:53 - [MESSAGE][PASSED] - Delayed 3 second(s)

2018-05-14 14:04:53 - [TEST_STEP][PASSED] - selectOptionByIndex: All options with index in [1] are selected on object 'Object Repository/MOH AND GRN/Page_KDMC/select_--Select--'

2018-05-14 14:04:53 - [MESSAGE][PASSED] - All options with index in [1] are selected on object 'Object Repository/MOH AND GRN/Page_KDMC/select_--Select--'

2018-05-14 14:04:53 - [TEST_STEP][PASSED] - click: Object: 'Object Repository/MOH AND GRN/Page_KDMC/input_btnupdate' is clicked on

2018-05-14 14:04:53 - [MESSAGE][PASSED] - Object: 'Object Repository/MOH AND GRN/Page_KDMC/input_btnupdate' is clicked on

2018-05-14 14:04:53 - [TEST_STEP][PASSED] - delay: Delayed 3 second(s)

2018-05-14 14:04:56 - [MESSAGE][PASSED] - Delayed 3 second(s)

2018-05-14 14:04:56 - [TEST_STEP][PASSED] - click: Object: 'Object Repository/MOH AND GRN/Page_KDMC/button_OK' is clicked on

2018-05-14 14:04:57 - [MESSAGE][PASSED] - Object: 'Object Repository/MOH AND GRN/Page_KDMC/button_OK' is clicked on

2018-05-14 14:04:57 - [TEST_STEP][PASSED] - delay: Delayed 3 second(s)

2018-05-14 14:05:00 - [MESSAGE][PASSED] - Delayed 3 second(s)

2018-05-14 14:05:00 - [TEST_STEP][PASSED] - scrollToPosition: Browser is scrolled to position x = 200, y = 200

2018-05-14 14:05:00 - [MESSAGE][PASSED] - Browser is scrolled to position x = 200, y = 200

2018-05-14 14:05:00 - [TEST_STEP][PASSED] - click: Object: 'Object Repository/MOH AND GRN/Page_KDMC/a_CMS_2' is clicked on

2018-05-14 14:05:00 - [MESSAGE][PASSED] - Object: 'Object Repository/MOH AND GRN/Page_KDMC/a_CMS_2' is clicked on

2018-05-14 14:05:00 - [TEST_STEP][PASSED] - delay: Delayed 2 second(s)

2018-05-14 14:05:02 - [MESSAGE][PASSED] - Delayed 2 second(s)

2018-05-14 14:05:02 - [TEST_STEP][PASSED] - click: Object: 'Object Repository/MOH AND GRN/Page_KDMC/a_Generate P.O' is clicked on

2018-05-14 14:05:02 - [MESSAGE][PASSED] - Object: 'Object Repository/MOH AND GRN/Page_KDMC/a_Generate P.O' is clicked on

2018-05-14 14:05:02 - [TEST_STEP][PASSED] - delay: Delayed 2 second(s)

2018-05-14 14:05:04 - [MESSAGE][PASSED] - Delayed 2 second(s)

2018-05-14 14:05:04 - [TEST_STEP][PASSED] - selectOptionByIndex: All options with index in [1] are selected on object 'Object Repository/MOH AND GRN/Page_KDMC/select_--Select--PRNO040520183'

2018-05-14 14:05:05 - [MESSAGE][PASSED] - All options with index in [1] are selected on object 'Object Repository/MOH AND GRN/Page_KDMC/select_--Select--PRNO040520183'

2018-05-14 14:05:05 - [TEST_STEP][PASSED] - selectOptionByIndex: All options with index in [1] are selected on object 'Object Repository/MOH AND GRN/Page_KDMC/select_--Select--Hamen Chandra'

2018-05-14 14:05:05 - [MESSAGE][PASSED] - All options with index in [1] are selected on object 'Object Repository/MOH AND GRN/Page_KDMC/select_--Select--Hamen Chandra'

2018-05-14 14:05:05 - [TEST_STEP][PASSED] - Statement - PONumber = com.kms.katalon.core.webui.keyword.WebUiBuiltInKeywords.getText(com.kms.katalon.core.testobject.ObjectRepository.findTestObject(MOH AND GRN/Page_KDMC/input_lblpono)).trim(): Text of object 'Object Repository/MOH AND GRN/Page_KDMC/input_lblpono' is: ''

2018-05-14 14:05:05 - [MESSAGE][PASSED] - Text of object 'Object Repository/MOH AND GRN/Page_KDMC/input_lblpono' is: ''

2018-05-14 14:05:05 - [TEST_STEP][PASSED] - Statement - PONumber1 = com.kms.katalon.core.webui.keyword.WebUiBuiltInKeywords.getAttribute(com.kms.katalon.core.testobject.ObjectRepository.findTestObject(MOH AND GRN/Page_KDMC/input_lblpono), "value").trim(): Attribute 'value' of object 'Object Repository/MOH AND GRN/Page_KDMC/input_lblpono' is: 'PO00122'

2018-05-14 14:05:05 - [MESSAGE][PASSED] - Attribute 'value' of object 'Object Repository/MOH AND GRN/Page_KDMC/input_lblpono' is: 'PO00122'

2018-05-14 14:05:05 - [TEST_STEP][PASSED] - Statement - out.println("PO NUMBER :" + PONumber): null

2018-05-14 14:05:05 - [TEST_STEP][PASSED] - Statement - out.println("PO NUMBER :" + PONumber1): null

2018-05-14 14:05:05 - [TEST_STEP][PASSED] - click: Object: 'Object Repository/MOH AND GRN/Page_KDMC/input_chkrem' is clicked on

2018-05-14 14:05:05 - [MESSAGE][PASSED] - Object: 'Object Repository/MOH AND GRN/Page_KDMC/input_chkrem' is clicked on

2018-05-14 14:05:05 - [TEST_STEP][PASSED] - scrollToElement: Scroll to object 'Object Repository/MOH AND GRN/Page_KDMC/input_btnreturn' successfully

2018-05-14 14:05:05 - [MESSAGE][PASSED] - Scroll to object 'Object Repository/MOH AND GRN/Page_KDMC/input_btnreturn' successfully

2018-05-14 14:05:05 - [TEST_STEP][PASSED] - click: Object: 'Object Repository/MOH AND GRN/Page_KDMC/input_btnreturn' is clicked on

2018-05-14 14:05:05 - [MESSAGE][PASSED] - Object: 'Object Repository/MOH AND GRN/Page_KDMC/input_btnreturn' is clicked on

2018-05-14 14:05:05 - [TEST_STEP][PASSED] - delay: Delayed 3 second(s)

2018-05-14 14:05:08 - [MESSAGE][PASSED] - Delayed 3 second(s)

2018-05-14 14:05:08 - [TEST_STEP][PASSED] - click: Object: 'Object Repository/MOH AND GRN/Page_KDMC/button_Yes' is clicked on

2018-05-14 14:05:08 - [MESSAGE][PASSED] - Object: 'Object Repository/MOH AND GRN/Page_KDMC/button_Yes' is clicked on

2018-05-14 14:05:08 - [TEST_STEP][PASSED] - delay: Delayed 3 second(s)

2018-05-14 14:05:11 - [MESSAGE][PASSED] - Delayed 3 second(s)

2018-05-14 14:05:11 - [TEST_STEP][PASSED] - click: Object: 'Object Repository/MOH AND GRN/Page_KDMC/button_OK' is clicked on

2018-05-14 14:05:12 - [MESSAGE][PASSED] - Object: 'Object Repository/MOH AND GRN/Page_KDMC/button_OK' is clicked on

2018-05-14 14:05:12 - [TEST_STEP][PASSED] - delay: Delayed 3 second(s)

2018-05-14 14:05:15 - [MESSAGE][PASSED] - Delayed 3 second(s)

2018-05-14 14:05:15 - [TEST_STEP][PASSED] - click: Object: 'Object Repository/MOH AND GRN/Page_KDMC/a_dropdown-toggle' is clicked on

2018-05-14 14:05:15 - [MESSAGE][PASSED] - Object: 'Object Repository/MOH AND GRN/Page_KDMC/a_dropdown-toggle' is clicked on

2018-05-14 14:05:15 - [TEST_STEP][PASSED] - click: Object: 'Object Repository/MOH AND GRN/Page_KDMC/a_Sign out' is clicked on

2018-05-14 14:05:15 - [MESSAGE][PASSED] - Object: 'Object Repository/MOH AND GRN/Page_KDMC/a_Sign out' is clicked on

2018-05-14 14:05:15 - [TEST_STEP][PASSED] - delay: Delayed 4 second(s)

2018-05-14 14:05:19 - [MESSAGE][PASSED] - Delayed 4 second(s)

2018-05-14 14:05:19 - [TEST_STEP][PASSED] - click: Object: 'Object Repository/MOH AND GRN/Page_KDMC/a_CMS' is clicked on

2018-05-14 14:05:20 - [MESSAGE][PASSED] - Object: 'Object Repository/MOH AND GRN/Page_KDMC/a_CMS' is clicked on

2018-05-14 14:05:20 - [TEST_STEP][PASSED] - setText: Text 'bala' is set on object 'Object Repository/MOH AND GRN/Page_CMS login/input_txtusername'

2018-05-14 14:05:20 - [MESSAGE][PASSED] - Text 'bala' is set on object 'Object Repository/MOH AND GRN/Page_CMS login/input_txtusername'

2018-05-14 14:05:20 - [TEST_STEP][PASSED] - setText: Text '123' is set on object 'Object Repository/MOH AND GRN/Page_CMS login/input_txtpassword'

2018-05-14 14:05:20 - [MESSAGE][PASSED] - Text '123' is set on object 'Object Repository/MOH AND GRN/Page_CMS login/input_txtpassword'

2018-05-14 14:05:20 - [TEST_STEP][PASSED] - delay: Delayed 3 second(s)

2018-05-14 14:05:23 - [MESSAGE][PASSED] - Delayed 3 second(s)

2018-05-14 14:05:23 - [TEST_STEP][PASSED] - click: Object: 'Object Repository/MOH AND GRN/Page_CMS login/button_Sign in' is clicked on

2018-05-14 14:05:24 - [MESSAGE][PASSED] - Object: 'Object Repository/MOH AND GRN/Page_CMS login/button_Sign in' is clicked on

2018-05-14 14:05:24 - [TEST_STEP][PASSED] - click: Object: 'Object Repository/MOH AND GRN/Page_KDMC - CMS/a_CMS Details' is clicked on

2018-05-14 14:05:24 - [MESSAGE][PASSED] - Object: 'Object Repository/MOH AND GRN/Page_KDMC - CMS/a_CMS Details' is clicked on

2018-05-14 14:05:24 - [TEST_STEP][PASSED] - delay: Delayed 2 second(s)

2018-05-14 14:05:26 - [MESSAGE][PASSED] - Delayed 2 second(s)

2018-05-14 14:05:26 - [TEST_STEP][PASSED] - click: Object: 'Object Repository/MOH AND GRN/Page_KDMC - CMS/a_Goods Receive' is clicked on

2018-05-14 14:05:26 - [MESSAGE][PASSED] - Object: 'Object Repository/MOH AND GRN/Page_KDMC - CMS/a_Goods Receive' is clicked on

2018-05-14 14:05:26 - [TEST_STEP][PASSED] - delay: Delayed 2 second(s)

2018-05-14 14:05:28 - [MESSAGE][PASSED] - Delayed 2 second(s)

2018-05-14 14:05:28 - [TEST_STEP][PASSED] - selectOptionByLabel: All options with label 'PO00122' are selected in object 'Object Repository/MOH AND GRN/Page_KDMC - CMS/select_--Select--PO0032PO0031P' 

2018-05-14 14:05:29 - [MESSAGE][PASSED] - All options with label 'PO00122' are selected in object 'Object Repository/MOH AND GRN/Page_KDMC - CMS/select_--Select--PO0032PO0031P' 

2018-05-14 14:05:29 - [TEST_STEP][PASSED] - setText: Finding Test Object with id 'Object Repository/MOH AND GRN/Page_KDMC - CMS/input_txtgrnno'

2018-05-14 14:05:29 - [TEST_STEP][PASSED] - Statement - switch (id): Text 'INV185.0' is set on object 'Object Repository/MOH AND GRN/Page_KDMC - CMS/input_txtgrnno'

2018-05-14 14:05:29 - [TEST_STEP][PASSED] - Statement - case 2:: Text 'INV185.0' is set on object 'Object Repository/MOH AND GRN/Page_KDMC - CMS/input_txtgrnno'

2018-05-14 14:05:29 - [TEST_STEP][PASSED] - Statement - return (java.lang.Math.floor((java.lang.Math.random() * ((max - min) + 1))) + min): Text 'INV185.0' is set on object 'Object Repository/MOH AND GRN/Page_KDMC - CMS/input_txtgrnno'

2018-05-14 14:05:29 - [MESSAGE][PASSED] - Text 'INV185.0' is set on object 'Object Repository/MOH AND GRN/Page_KDMC - CMS/input_txtgrnno'

2018-05-14 14:05:29 - [TEST_STEP][PASSED] - selectOptionByIndex: All options with index in [1] are selected on object 'Object Repository/MOH AND GRN/Page_KDMC - CMS/select_--Select--PERUMAL PHARM'

2018-05-14 14:05:29 - [MESSAGE][PASSED] - All options with index in [1] are selected on object 'Object Repository/MOH AND GRN/Page_KDMC - CMS/select_--Select--PERUMAL PHARM'

2018-05-14 14:05:29 - [TEST_STEP][PASSED] - setText: Text '17000' is set on object 'Object Repository/MOH AND GRN/Page_KDMC - CMS/input_txtgrnno_1'

2018-05-14 14:05:29 - [MESSAGE][PASSED] - Text '17000' is set on object 'Object Repository/MOH AND GRN/Page_KDMC - CMS/input_txtgrnno_1'

2018-05-14 14:05:29 - [TEST_STEP][PASSED] - setText: Text '500' is set on object 'Object Repository/MOH AND GRN/Page_KDMC - CMS/input_txtgrnno_2'

2018-05-14 14:05:29 - [MESSAGE][PASSED] - Text '500' is set on object 'Object Repository/MOH AND GRN/Page_KDMC - CMS/input_txtgrnno_2'

2018-05-14 14:05:29 - [TEST_STEP][PASSED] - setText: Finding Test Object with id 'Object Repository/MOH AND GRN/Page_KDMC - CMS/input_txtgrnno_3'

2018-05-14 14:05:29 - [TEST_STEP][PASSED] - Statement - switch (id): Text 'CH378.0' is set on object 'Object Repository/MOH AND GRN/Page_KDMC - CMS/input_txtgrnno_3'

2018-05-14 14:05:29 - [TEST_STEP][PASSED] - Statement - case 3:: Text 'CH378.0' is set on object 'Object Repository/MOH AND GRN/Page_KDMC - CMS/input_txtgrnno_3'

2018-05-14 14:05:29 - [TEST_STEP][PASSED] - Statement - return (java.lang.Math.floor((java.lang.Math.random() * ((max - min) + 1))) + min): Text 'CH378.0' is set on object 'Object Repository/MOH AND GRN/Page_KDMC - CMS/input_txtgrnno_3'

2018-05-14 14:05:29 - [MESSAGE][PASSED] - Text 'CH378.0' is set on object 'Object Repository/MOH AND GRN/Page_KDMC - CMS/input_txtgrnno_3'

2018-05-14 14:05:29 - [TEST_STEP][PASSED] - scrollToPosition: Browser is scrolled to position x = 200, y = 200

2018-05-14 14:05:29 - [MESSAGE][PASSED] - Browser is scrolled to position x = 200, y = 200

2018-05-14 14:05:29 - [TEST_STEP][PASSED] - Statement - GrnLength = com.kms.katalon.core.webui.keyword.WebUiBuiltInKeywords.getNumberOfTotalOption(com.kms.katalon.core.testobject.ObjectRepository.findTestObject(MOH AND GRN/Page_KDMC - CMS/select_--Select--Amikacin -500)): 20 options of object 'Object Repository/MOH AND GRN/Page_KDMC - CMS/select_--Select--Amikacin -500' counted

2018-05-14 14:05:29 - [MESSAGE][PASSED] - 20 options of object 'Object Repository/MOH AND GRN/Page_KDMC - CMS/select_--Select--Amikacin -500' counted

2018-05-14 14:05:29 - [TEST_STEP][PASSED] - Statement - out.println("Length OF The Medicine " + GrnLength): null

2018-05-14 14:05:29 - [TEST_STEP][PASSED] - Statement - s = 1: null

2018-05-14 14:05:29 - [TEST_STEP][PASSED] - Statement - For ([t = 1, t < GrnLength, (t++)]): Finding Test Object with id 'Object Repository/MOH AND GRN/Page_KDMC - CMS/input_txtmrp'

2018-05-14 14:05:29 - [TEST_STEP][PASSED] - selectOptionByIndex: All options with index in [1] are selected on object 'Object Repository/MOH AND GRN/Page_KDMC - CMS/select_--Select--Amikacin -500'

2018-05-14 14:05:29 - [MESSAGE][PASSED] - All options with index in [1] are selected on object 'Object Repository/MOH AND GRN/Page_KDMC - CMS/select_--Select--Amikacin -500'

2018-05-14 14:05:29 - [TEST_STEP][PASSED] - setText: Text '50000' is set on object 'Object Repository/MOH AND GRN/Page_KDMC - CMS/input_txtqty'

2018-05-14 14:05:30 - [MESSAGE][PASSED] - Text '50000' is set on object 'Object Repository/MOH AND GRN/Page_KDMC - CMS/input_txtqty'

2018-05-14 14:05:30 - [TEST_STEP][PASSED] - selectOptionByIndex: All options with index in [1] are selected on object 'Object Repository/MOH AND GRN/Page_KDMC - CMS/select_--Select--No Tax0'

2018-05-14 14:05:30 - [MESSAGE][PASSED] - All options with index in [1] are selected on object 'Object Repository/MOH AND GRN/Page_KDMC - CMS/select_--Select--No Tax0'

2018-05-14 14:05:30 - [TEST_STEP][PASSED] - setText: Finding Test Object with id 'Object Repository/MOH AND GRN/Page_KDMC - CMS/input_txtmrp'

2018-05-14 14:05:30 - [TEST_STEP][PASSED] - Statement - switch (id): Finding Test Object with id 'Object Repository/MOH AND GRN/Page_KDMC - CMS/input_txtdeal'

2018-05-14 14:05:30 - [TEST_STEP][PASSED] - Statement - case 4:: Text '27.0' is set on object 'Object Repository/MOH AND GRN/Page_KDMC - CMS/input_txtmrp'

2018-05-14 14:05:30 - [TEST_STEP][PASSED] - Statement - return (java.lang.Math.floor((java.lang.Math.random() * ((max - min) + 1))) + min): Text '27.0' is set on object 'Object Repository/MOH AND GRN/Page_KDMC - CMS/input_txtmrp'

2018-05-14 14:05:30 - [MESSAGE][PASSED] - Text '27.0' is set on object 'Object Repository/MOH AND GRN/Page_KDMC - CMS/input_txtmrp'

2018-05-14 14:05:30 - [TEST_STEP][PASSED] - setText: Finding Test Object with id 'Object Repository/MOH AND GRN/Page_KDMC - CMS/input_txtdeal'

2018-05-14 14:05:30 - [TEST_STEP][PASSED] - Statement - switch (id): Finding Test Object with id 'Object Repository/MOH AND GRN/Page_KDMC - CMS/input_txtbatchno'

2018-05-14 14:05:30 - [TEST_STEP][PASSED] - Statement - case 5:: Text '4.0' is set on object 'Object Repository/MOH AND GRN/Page_KDMC - CMS/input_txtdeal'

2018-05-14 14:05:30 - [TEST_STEP][PASSED] - Statement - return (java.lang.Math.floor((java.lang.Math.random() * ((max - min) + 1))) + min): Text '4.0' is set on object 'Object Repository/MOH AND GRN/Page_KDMC - CMS/input_txtdeal'

2018-05-14 14:05:30 - [MESSAGE][PASSED] - Text '4.0' is set on object 'Object Repository/MOH AND GRN/Page_KDMC - CMS/input_txtdeal'

2018-05-14 14:05:30 - [TEST_STEP][PASSED] - setText: Finding Test Object with id 'Object Repository/MOH AND GRN/Page_KDMC - CMS/input_txtbatchno'

2018-05-14 14:05:30 - [TEST_STEP][PASSED] - Statement - switch (id): Finding Test Object with id 'Object Repository/MOH AND GRN/Page_KDMC - CMS/input_txtmrp'

2018-05-14 14:05:30 - [TEST_STEP][PASSED] - Statement - case 1:: Text 'BA736.0' is set on object 'Object Repository/MOH AND GRN/Page_KDMC - CMS/input_txtbatchno'

2018-05-14 14:05:30 - [TEST_STEP][PASSED] - Statement - return (java.lang.Math.floor((java.lang.Math.random() * ((max - min) + 1))) + min): Text 'BA736.0' is set on object 'Object Repository/MOH AND GRN/Page_KDMC - CMS/input_txtbatchno'

2018-05-14 14:05:30 - [MESSAGE][PASSED] - Text 'BA736.0' is set on object 'Object Repository/MOH AND GRN/Page_KDMC - CMS/input_txtbatchno'

2018-05-14 14:05:30 - [TEST_STEP][PASSED] - rightClick: Object: 'Object Repository/GRN/Page_KDMC - CMS/input_txtexpdate' is right clicked on

2018-05-14 14:05:30 - [MESSAGE][PASSED] - Object: 'Object Repository/GRN/Page_KDMC - CMS/input_txtexpdate' is right clicked on

2018-05-14 14:05:30 - [TEST_STEP][PASSED] - selectOptionByIndex: All options with index in [1] are selected on object 'Object Repository/GRN/Page_KDMC - CMS/select_20182019202020212022202'

2018-05-14 14:05:31 - [MESSAGE][PASSED] - All options with index in [1] are selected on object 'Object Repository/GRN/Page_KDMC - CMS/select_20182019202020212022202'

2018-05-14 14:05:31 - [TEST_STEP][PASSED] - selectOptionByIndex: All options with index in [1] are selected on object 'Object Repository/GRN/Page_KDMC - CMS/select_JanFebMarAprMayJunJulAu'

2018-05-14 14:05:31 - [MESSAGE][PASSED] - All options with index in [1] are selected on object 'Object Repository/GRN/Page_KDMC - CMS/select_JanFebMarAprMayJunJulAu'

2018-05-14 14:05:31 - [TEST_STEP][PASSED] - click: Object: 'Object Repository/MOH AND GRN/Page_KDMC - CMS/a_12' is clicked on

2018-05-14 14:05:31 - [MESSAGE][PASSED] - Object: 'Object Repository/MOH AND GRN/Page_KDMC - CMS/a_12' is clicked on

2018-05-14 14:05:31 - [TEST_STEP][PASSED] - click: Object: 'Object Repository/MOH AND GRN/Page_KDMC - CMS/input_btnadd' is clicked on

2018-05-14 14:05:31 - [MESSAGE][PASSED] - Object: 'Object Repository/MOH AND GRN/Page_KDMC - CMS/input_btnadd' is clicked on

2018-05-14 14:05:31 - [TEST_STEP][PASSED] - Statement - If (s == 10): null

2018-05-14 14:05:31 - [TEST_STEP][PASSED] - Statement - Else: null

2018-05-14 14:05:31 - [TEST_STEP][PASSED] - Statement - (s++): null

2018-05-14 14:05:31 - [TEST_STEP][PASSED] - delay: Delayed 1 second(s)

2018-05-14 14:05:32 - [MESSAGE][PASSED] - Delayed 1 second(s)

2018-05-14 14:05:32 - [TEST_STEP][PASSED] - selectOptionByIndex: All options with index in [2] are selected on object 'Object Repository/MOH AND GRN/Page_KDMC - CMS/select_--Select--Amikacin -500'

2018-05-14 14:05:32 - [MESSAGE][PASSED] - All options with index in [2] are selected on object 'Object Repository/MOH AND GRN/Page_KDMC - CMS/select_--Select--Amikacin -500'

2018-05-14 14:05:32 - [TEST_STEP][PASSED] - setText: Text '50000' is set on object 'Object Repository/MOH AND GRN/Page_KDMC - CMS/input_txtqty'

2018-05-14 14:05:32 - [MESSAGE][PASSED] - Text '50000' is set on object 'Object Repository/MOH AND GRN/Page_KDMC - CMS/input_txtqty'

2018-05-14 14:05:32 - [TEST_STEP][PASSED] - selectOptionByIndex: All options with index in [1] are selected on object 'Object Repository/MOH AND GRN/Page_KDMC - CMS/select_--Select--No Tax0'

2018-05-14 14:05:32 - [MESSAGE][PASSED] - All options with index in [1] are selected on object 'Object Repository/MOH AND GRN/Page_KDMC - CMS/select_--Select--No Tax0'

2018-05-14 14:05:32 - [TEST_STEP][PASSED] - setText: Finding Test Object with id 'Object Repository/MOH AND GRN/Page_KDMC - CMS/input_txtmrp'

2018-05-14 14:05:32 - [TEST_STEP][PASSED] - Statement - switch (id): Finding Test Object with id 'Object Repository/MOH AND GRN/Page_KDMC - CMS/input_txtdeal'

2018-05-14 14:05:32 - [TEST_STEP][PASSED] - Statement - case 4:: Text '45.0' is set on object 'Object Repository/MOH AND GRN/Page_KDMC - CMS/input_txtmrp'

2018-05-14 14:05:32 - [TEST_STEP][PASSED] - Statement - return (java.lang.Math.floor((java.lang.Math.random() * ((max - min) + 1))) + min): Text '45.0' is set on object 'Object Repository/MOH AND GRN/Page_KDMC - CMS/input_txtmrp'

2018-05-14 14:05:32 - [MESSAGE][PASSED] - Text '45.0' is set on object 'Object Repository/MOH AND GRN/Page_KDMC - CMS/input_txtmrp'

2018-05-14 14:05:32 - [TEST_STEP][PASSED] - setText: Finding Test Object with id 'Object Repository/MOH AND GRN/Page_KDMC - CMS/input_txtdeal'

2018-05-14 14:05:32 - [TEST_STEP][PASSED] - Statement - switch (id): Finding Test Object with id 'Object Repository/MOH AND GRN/Page_KDMC - CMS/input_txtbatchno'

2018-05-14 14:05:32 - [TEST_STEP][PASSED] - Statement - case 5:: Text '9.0' is set on object 'Object Repository/MOH AND GRN/Page_KDMC - CMS/input_txtdeal'

2018-05-14 14:05:32 - [TEST_STEP][PASSED] - Statement - return (java.lang.Math.floor((java.lang.Math.random() * ((max - min) + 1))) + min): Text '9.0' is set on object 'Object Repository/MOH AND GRN/Page_KDMC - CMS/input_txtdeal'

2018-05-14 14:05:32 - [MESSAGE][PASSED] - Text '9.0' is set on object 'Object Repository/MOH AND GRN/Page_KDMC - CMS/input_txtdeal'

2018-05-14 14:05:32 - [TEST_STEP][PASSED] - setText: Finding Test Object with id 'Object Repository/MOH AND GRN/Page_KDMC - CMS/input_txtbatchno'

2018-05-14 14:05:32 - [TEST_STEP][PASSED] - Statement - switch (id): Finding Test Object with id 'Object Repository/MOH AND GRN/Page_KDMC - CMS/input_txtmrp'

2018-05-14 14:05:32 - [TEST_STEP][PASSED] - Statement - case 1:: Text 'BA750.0' is set on object 'Object Repository/MOH AND GRN/Page_KDMC - CMS/input_txtbatchno'

2018-05-14 14:05:32 - [TEST_STEP][PASSED] - Statement - return (java.lang.Math.floor((java.lang.Math.random() * ((max - min) + 1))) + min): Text 'BA750.0' is set on object 'Object Repository/MOH AND GRN/Page_KDMC - CMS/input_txtbatchno'

2018-05-14 14:05:33 - [MESSAGE][PASSED] - Text 'BA750.0' is set on object 'Object Repository/MOH AND GRN/Page_KDMC - CMS/input_txtbatchno'

2018-05-14 14:05:33 - [TEST_STEP][PASSED] - rightClick: Object: 'Object Repository/GRN/Page_KDMC - CMS/input_txtexpdate' is right clicked on

2018-05-14 14:05:33 - [MESSAGE][PASSED] - Object: 'Object Repository/GRN/Page_KDMC - CMS/input_txtexpdate' is right clicked on

2018-05-14 14:05:33 - [TEST_STEP][PASSED] - selectOptionByIndex: All options with index in [2] are selected on object 'Object Repository/GRN/Page_KDMC - CMS/select_20182019202020212022202'

2018-05-14 14:05:33 - [MESSAGE][PASSED] - All options with index in [2] are selected on object 'Object Repository/GRN/Page_KDMC - CMS/select_20182019202020212022202'

2018-05-14 14:05:33 - [TEST_STEP][PASSED] - selectOptionByIndex: All options with index in [2] are selected on object 'Object Repository/GRN/Page_KDMC - CMS/select_JanFebMarAprMayJunJulAu'

2018-05-14 14:05:33 - [MESSAGE][PASSED] - All options with index in [2] are selected on object 'Object Repository/GRN/Page_KDMC - CMS/select_JanFebMarAprMayJunJulAu'

2018-05-14 14:05:33 - [TEST_STEP][PASSED] - click: Object: 'Object Repository/MOH AND GRN/Page_KDMC - CMS/a_12' is clicked on

2018-05-14 14:05:33 - [MESSAGE][PASSED] - Object: 'Object Repository/MOH AND GRN/Page_KDMC - CMS/a_12' is clicked on

2018-05-14 14:05:33 - [TEST_STEP][PASSED] - click: Object: 'Object Repository/MOH AND GRN/Page_KDMC - CMS/input_btnadd' is clicked on

2018-05-14 14:05:33 - [MESSAGE][PASSED] - Object: 'Object Repository/MOH AND GRN/Page_KDMC - CMS/input_btnadd' is clicked on

2018-05-14 14:05:33 - [TEST_STEP][PASSED] - Statement - If (s == 10): null

2018-05-14 14:05:33 - [TEST_STEP][PASSED] - Statement - Else: null

2018-05-14 14:05:33 - [TEST_STEP][PASSED] - Statement - (s++): null

2018-05-14 14:05:33 - [TEST_STEP][PASSED] - delay: Delayed 1 second(s)

2018-05-14 14:05:34 - [MESSAGE][PASSED] - Delayed 1 second(s)

2018-05-14 14:05:34 - [TEST_STEP][PASSED] - selectOptionByIndex: All options with index in [3] are selected on object 'Object Repository/MOH AND GRN/Page_KDMC - CMS/select_--Select--Amikacin -500'

2018-05-14 14:05:34 - [MESSAGE][PASSED] - All options with index in [3] are selected on object 'Object Repository/MOH AND GRN/Page_KDMC - CMS/select_--Select--Amikacin -500'

2018-05-14 14:05:34 - [TEST_STEP][PASSED] - setText: Text '50000' is set on object 'Object Repository/MOH AND GRN/Page_KDMC - CMS/input_txtqty'

2018-05-14 14:05:34 - [MESSAGE][PASSED] - Text '50000' is set on object 'Object Repository/MOH AND GRN/Page_KDMC - CMS/input_txtqty'

2018-05-14 14:05:34 - [TEST_STEP][PASSED] - selectOptionByIndex: All options with index in [1] are selected on object 'Object Repository/MOH AND GRN/Page_KDMC - CMS/select_--Select--No Tax0'

2018-05-14 14:05:35 - [MESSAGE][PASSED] - All options with index in [1] are selected on object 'Object Repository/MOH AND GRN/Page_KDMC - CMS/select_--Select--No Tax0'

2018-05-14 14:05:35 - [TEST_STEP][PASSED] - setText: Finding Test Object with id 'Object Repository/MOH AND GRN/Page_KDMC - CMS/input_txtmrp'

2018-05-14 14:05:35 - [TEST_STEP][PASSED] - Statement - switch (id): Finding Test Object with id 'Object Repository/MOH AND GRN/Page_KDMC - CMS/input_txtdeal'

2018-05-14 14:05:35 - [TEST_STEP][PASSED] - Statement - case 4:: Text '30.0' is set on object 'Object Repository/MOH AND GRN/Page_KDMC - CMS/input_txtmrp'

2018-05-14 14:05:35 - [TEST_STEP][PASSED] - Statement - return (java.lang.Math.floor((java.lang.Math.random() * ((max - min) + 1))) + min): Text '30.0' is set on object 'Object Repository/MOH AND GRN/Page_KDMC - CMS/input_txtmrp'

2018-05-14 14:05:35 - [MESSAGE][PASSED] - Text '30.0' is set on object 'Object Repository/MOH AND GRN/Page_KDMC - CMS/input_txtmrp'

2018-05-14 14:05:35 - [TEST_STEP][PASSED] - setText: Finding Test Object with id 'Object Repository/MOH AND GRN/Page_KDMC - CMS/input_txtdeal'

2018-05-14 14:05:35 - [TEST_STEP][PASSED] - Statement - switch (id): Finding Test Object with id 'Object Repository/MOH AND GRN/Page_KDMC - CMS/input_txtbatchno'

2018-05-14 14:05:35 - [TEST_STEP][PASSED] - Statement - case 5:: Text '2.0' is set on object 'Object Repository/MOH AND GRN/Page_KDMC - CMS/input_txtdeal'

2018-05-14 14:05:35 - [TEST_STEP][PASSED] - Statement - return (java.lang.Math.floor((java.lang.Math.random() * ((max - min) + 1))) + min): Text '2.0' is set on object 'Object Repository/MOH AND GRN/Page_KDMC - CMS/input_txtdeal'

2018-05-14 14:05:35 - [MESSAGE][PASSED] - Text '2.0' is set on object 'Object Repository/MOH AND GRN/Page_KDMC - CMS/input_txtdeal'

2018-05-14 14:05:35 - [TEST_STEP][PASSED] - setText: Finding Test Object with id 'Object Repository/MOH AND GRN/Page_KDMC - CMS/input_txtbatchno'

2018-05-14 14:05:35 - [TEST_STEP][PASSED] - Statement - switch (id): Finding Test Object with id 'Object Repository/MOH AND GRN/Page_KDMC - CMS/input_txtmrp'

2018-05-14 14:05:35 - [TEST_STEP][PASSED] - Statement - case 1:: Text 'BA373.0' is set on object 'Object Repository/MOH AND GRN/Page_KDMC - CMS/input_txtbatchno'

2018-05-14 14:05:35 - [TEST_STEP][PASSED] - Statement - return (java.lang.Math.floor((java.lang.Math.random() * ((max - min) + 1))) + min): Text 'BA373.0' is set on object 'Object Repository/MOH AND GRN/Page_KDMC - CMS/input_txtbatchno'

2018-05-14 14:05:35 - [MESSAGE][PASSED] - Text 'BA373.0' is set on object 'Object Repository/MOH AND GRN/Page_KDMC - CMS/input_txtbatchno'

2018-05-14 14:05:35 - [TEST_STEP][PASSED] - rightClick: Object: 'Object Repository/GRN/Page_KDMC - CMS/input_txtexpdate' is right clicked on

2018-05-14 14:05:35 - [MESSAGE][PASSED] - Object: 'Object Repository/GRN/Page_KDMC - CMS/input_txtexpdate' is right clicked on

2018-05-14 14:05:35 - [TEST_STEP][PASSED] - selectOptionByIndex: All options with index in [3] are selected on object 'Object Repository/GRN/Page_KDMC - CMS/select_20182019202020212022202'

2018-05-14 14:05:35 - [MESSAGE][PASSED] - All options with index in [3] are selected on object 'Object Repository/GRN/Page_KDMC - CMS/select_20182019202020212022202'

2018-05-14 14:05:35 - [TEST_STEP][PASSED] - selectOptionByIndex: All options with index in [3] are selected on object 'Object Repository/GRN/Page_KDMC - CMS/select_JanFebMarAprMayJunJulAu'

2018-05-14 14:05:35 - [MESSAGE][PASSED] - All options with index in [3] are selected on object 'Object Repository/GRN/Page_KDMC - CMS/select_JanFebMarAprMayJunJulAu'

2018-05-14 14:05:35 - [TEST_STEP][PASSED] - click: Object: 'Object Repository/MOH AND GRN/Page_KDMC - CMS/a_12' is clicked on

2018-05-14 14:05:35 - [MESSAGE][PASSED] - Object: 'Object Repository/MOH AND GRN/Page_KDMC - CMS/a_12' is clicked on

2018-05-14 14:05:35 - [TEST_STEP][PASSED] - click: Object: 'Object Repository/MOH AND GRN/Page_KDMC - CMS/input_btnadd' is clicked on

2018-05-14 14:05:35 - [MESSAGE][PASSED] - Object: 'Object Repository/MOH AND GRN/Page_KDMC - CMS/input_btnadd' is clicked on

2018-05-14 14:05:35 - [TEST_STEP][PASSED] - Statement - If (s == 10): null

2018-05-14 14:05:35 - [TEST_STEP][PASSED] - Statement - Else: null

2018-05-14 14:05:35 - [TEST_STEP][PASSED] - Statement - (s++): null

2018-05-14 14:05:35 - [TEST_STEP][PASSED] - delay: Delayed 1 second(s)

2018-05-14 14:05:36 - [MESSAGE][PASSED] - Delayed 1 second(s)

2018-05-14 14:05:36 - [TEST_STEP][PASSED] - selectOptionByIndex: All options with index in [4] are selected on object 'Object Repository/MOH AND GRN/Page_KDMC - CMS/select_--Select--Amikacin -500'

2018-05-14 14:05:37 - [MESSAGE][PASSED] - All options with index in [4] are selected on object 'Object Repository/MOH AND GRN/Page_KDMC - CMS/select_--Select--Amikacin -500'

2018-05-14 14:05:37 - [TEST_STEP][PASSED] - setText: Text '50000' is set on object 'Object Repository/MOH AND GRN/Page_KDMC - CMS/input_txtqty'

2018-05-14 14:05:37 - [MESSAGE][PASSED] - Text '50000' is set on object 'Object Repository/MOH AND GRN/Page_KDMC - CMS/input_txtqty'

2018-05-14 14:05:37 - [TEST_STEP][PASSED] - selectOptionByIndex: All options with index in [1] are selected on object 'Object Repository/MOH AND GRN/Page_KDMC - CMS/select_--Select--No Tax0'

2018-05-14 14:05:37 - [MESSAGE][PASSED] - All options with index in [1] are selected on object 'Object Repository/MOH AND GRN/Page_KDMC - CMS/select_--Select--No Tax0'

2018-05-14 14:05:37 - [TEST_STEP][PASSED] - setText: Finding Test Object with id 'Object Repository/MOH AND GRN/Page_KDMC - CMS/input_txtmrp'

2018-05-14 14:05:37 - [TEST_STEP][PASSED] - Statement - switch (id): Finding Test Object with id 'Object Repository/MOH AND GRN/Page_KDMC - CMS/input_txtdeal'

2018-05-14 14:05:37 - [TEST_STEP][PASSED] - Statement - case 4:: Text '16.0' is set on object 'Object Repository/MOH AND GRN/Page_KDMC - CMS/input_txtmrp'

2018-05-14 14:05:37 - [TEST_STEP][PASSED] - Statement - return (java.lang.Math.floor((java.lang.Math.random() * ((max - min) + 1))) + min): Text '16.0' is set on object 'Object Repository/MOH AND GRN/Page_KDMC - CMS/input_txtmrp'

2018-05-14 14:05:37 - [MESSAGE][PASSED] - Text '16.0' is set on object 'Object Repository/MOH AND GRN/Page_KDMC - CMS/input_txtmrp'

2018-05-14 14:05:37 - [TEST_STEP][PASSED] - setText: Finding Test Object with id 'Object Repository/MOH AND GRN/Page_KDMC - CMS/input_txtdeal'

2018-05-14 14:05:37 - [TEST_STEP][PASSED] - Statement - switch (id): Finding Test Object with id 'Object Repository/MOH AND GRN/Page_KDMC - CMS/input_txtbatchno'

2018-05-14 14:05:37 - [TEST_STEP][PASSED] - Statement - case 5:: Text '12.0' is set on object 'Object Repository/MOH AND GRN/Page_KDMC - CMS/input_txtdeal'

2018-05-14 14:05:37 - [TEST_STEP][PASSED] - Statement - return (java.lang.Math.floor((java.lang.Math.random() * ((max - min) + 1))) + min): Text '12.0' is set on object 'Object Repository/MOH AND GRN/Page_KDMC - CMS/input_txtdeal'

2018-05-14 14:05:37 - [MESSAGE][PASSED] - Text '12.0' is set on object 'Object Repository/MOH AND GRN/Page_KDMC - CMS/input_txtdeal'

2018-05-14 14:05:37 - [TEST_STEP][PASSED] - setText: Finding Test Object with id 'Object Repository/MOH AND GRN/Page_KDMC - CMS/input_txtbatchno'

2018-05-14 14:05:37 - [TEST_STEP][PASSED] - Statement - switch (id): Finding Test Object with id 'Object Repository/MOH AND GRN/Page_KDMC - CMS/input_txtmrp'

2018-05-14 14:05:37 - [TEST_STEP][PASSED] - Statement - case 1:: Text 'BA481.0' is set on object 'Object Repository/MOH AND GRN/Page_KDMC - CMS/input_txtbatchno'

2018-05-14 14:05:37 - [TEST_STEP][PASSED] - Statement - return (java.lang.Math.floor((java.lang.Math.random() * ((max - min) + 1))) + min): Text 'BA481.0' is set on object 'Object Repository/MOH AND GRN/Page_KDMC - CMS/input_txtbatchno'

2018-05-14 14:05:37 - [MESSAGE][PASSED] - Text 'BA481.0' is set on object 'Object Repository/MOH AND GRN/Page_KDMC - CMS/input_txtbatchno'

2018-05-14 14:05:37 - [TEST_STEP][PASSED] - rightClick: Object: 'Object Repository/GRN/Page_KDMC - CMS/input_txtexpdate' is right clicked on

2018-05-14 14:05:37 - [MESSAGE][PASSED] - Object: 'Object Repository/GRN/Page_KDMC - CMS/input_txtexpdate' is right clicked on

2018-05-14 14:05:37 - [TEST_STEP][PASSED] - selectOptionByIndex: All options with index in [4] are selected on object 'Object Repository/GRN/Page_KDMC - CMS/select_20182019202020212022202'

2018-05-14 14:05:38 - [MESSAGE][PASSED] - All options with index in [4] are selected on object 'Object Repository/GRN/Page_KDMC - CMS/select_20182019202020212022202'

2018-05-14 14:05:38 - [TEST_STEP][PASSED] - selectOptionByIndex: All options with index in [4] are selected on object 'Object Repository/GRN/Page_KDMC - CMS/select_JanFebMarAprMayJunJulAu'

2018-05-14 14:05:38 - [MESSAGE][PASSED] - All options with index in [4] are selected on object 'Object Repository/GRN/Page_KDMC - CMS/select_JanFebMarAprMayJunJulAu'

2018-05-14 14:05:38 - [TEST_STEP][PASSED] - click: Object: 'Object Repository/MOH AND GRN/Page_KDMC - CMS/a_12' is clicked on

2018-05-14 14:05:38 - [MESSAGE][PASSED] - Object: 'Object Repository/MOH AND GRN/Page_KDMC - CMS/a_12' is clicked on

2018-05-14 14:05:38 - [TEST_STEP][PASSED] - click: Object: 'Object Repository/MOH AND GRN/Page_KDMC - CMS/input_btnadd' is clicked on

2018-05-14 14:05:38 - [MESSAGE][PASSED] - Object: 'Object Repository/MOH AND GRN/Page_KDMC - CMS/input_btnadd' is clicked on

2018-05-14 14:05:38 - [TEST_STEP][PASSED] - Statement - If (s == 10): null

2018-05-14 14:05:38 - [TEST_STEP][PASSED] - Statement - Else: null

2018-05-14 14:05:38 - [TEST_STEP][PASSED] - Statement - (s++): null

2018-05-14 14:05:38 - [TEST_STEP][PASSED] - delay: Delayed 1 second(s)

2018-05-14 14:05:39 - [MESSAGE][PASSED] - Delayed 1 second(s)

2018-05-14 14:05:39 - [TEST_STEP][PASSED] - selectOptionByIndex: All options with index in [5] are selected on object 'Object Repository/MOH AND GRN/Page_KDMC - CMS/select_--Select--Amikacin -500'

2018-05-14 14:05:39 - [MESSAGE][PASSED] - All options with index in [5] are selected on object 'Object Repository/MOH AND GRN/Page_KDMC - CMS/select_--Select--Amikacin -500'

2018-05-14 14:05:39 - [TEST_STEP][PASSED] - setText: Text '50000' is set on object 'Object Repository/MOH AND GRN/Page_KDMC - CMS/input_txtqty'

2018-05-14 14:05:39 - [MESSAGE][PASSED] - Text '50000' is set on object 'Object Repository/MOH AND GRN/Page_KDMC - CMS/input_txtqty'

2018-05-14 14:05:39 - [TEST_STEP][PASSED] - selectOptionByIndex: All options with index in [1] are selected on object 'Object Repository/MOH AND GRN/Page_KDMC - CMS/select_--Select--No Tax0'

2018-05-14 14:05:39 - [MESSAGE][PASSED] - All options with index in [1] are selected on object 'Object Repository/MOH AND GRN/Page_KDMC - CMS/select_--Select--No Tax0'

2018-05-14 14:05:39 - [TEST_STEP][PASSED] - setText: Finding Test Object with id 'Object Repository/MOH AND GRN/Page_KDMC - CMS/input_txtmrp'

2018-05-14 14:05:39 - [TEST_STEP][PASSED] - Statement - switch (id): Finding Test Object with id 'Object Repository/MOH AND GRN/Page_KDMC - CMS/input_txtdeal'

2018-05-14 14:05:39 - [TEST_STEP][PASSED] - Statement - case 4:: Text '23.0' is set on object 'Object Repository/MOH AND GRN/Page_KDMC - CMS/input_txtmrp'

2018-05-14 14:05:39 - [TEST_STEP][PASSED] - Statement - return (java.lang.Math.floor((java.lang.Math.random() * ((max - min) + 1))) + min): Text '23.0' is set on object 'Object Repository/MOH AND GRN/Page_KDMC - CMS/input_txtmrp'

2018-05-14 14:05:39 - [MESSAGE][PASSED] - Text '23.0' is set on object 'Object Repository/MOH AND GRN/Page_KDMC - CMS/input_txtmrp'

2018-05-14 14:05:39 - [TEST_STEP][PASSED] - setText: Finding Test Object with id 'Object Repository/MOH AND GRN/Page_KDMC - CMS/input_txtdeal'

2018-05-14 14:05:39 - [TEST_STEP][PASSED] - Statement - switch (id): Finding Test Object with id 'Object Repository/MOH AND GRN/Page_KDMC - CMS/input_txtbatchno'

2018-05-14 14:05:39 - [TEST_STEP][PASSED] - Statement - case 5:: Text '10.0' is set on object 'Object Repository/MOH AND GRN/Page_KDMC - CMS/input_txtdeal'

2018-05-14 14:05:39 - [TEST_STEP][PASSED] - Statement - return (java.lang.Math.floor((java.lang.Math.random() * ((max - min) + 1))) + min): Text '10.0' is set on object 'Object Repository/MOH AND GRN/Page_KDMC - CMS/input_txtdeal'

2018-05-14 14:05:39 - [MESSAGE][PASSED] - Text '10.0' is set on object 'Object Repository/MOH AND GRN/Page_KDMC - CMS/input_txtdeal'

2018-05-14 14:05:39 - [TEST_STEP][PASSED] - setText: Finding Test Object with id 'Object Repository/MOH AND GRN/Page_KDMC - CMS/input_txtbatchno'

2018-05-14 14:05:39 - [TEST_STEP][PASSED] - Statement - switch (id): Finding Test Object with id 'Object Repository/MOH AND GRN/Page_KDMC - CMS/input_txtmrp'

2018-05-14 14:05:39 - [TEST_STEP][PASSED] - Statement - case 1:: Text 'BA298.0' is set on object 'Object Repository/MOH AND GRN/Page_KDMC - CMS/input_txtbatchno'

2018-05-14 14:05:39 - [TEST_STEP][PASSED] - Statement - return (java.lang.Math.floor((java.lang.Math.random() * ((max - min) + 1))) + min): Text 'BA298.0' is set on object 'Object Repository/MOH AND GRN/Page_KDMC - CMS/input_txtbatchno'

2018-05-14 14:05:40 - [MESSAGE][PASSED] - Text 'BA298.0' is set on object 'Object Repository/MOH AND GRN/Page_KDMC - CMS/input_txtbatchno'

2018-05-14 14:05:40 - [TEST_STEP][PASSED] - rightClick: Object: 'Object Repository/GRN/Page_KDMC - CMS/input_txtexpdate' is right clicked on

2018-05-14 14:05:40 - [MESSAGE][PASSED] - Object: 'Object Repository/GRN/Page_KDMC - CMS/input_txtexpdate' is right clicked on

2018-05-14 14:05:40 - [TEST_STEP][PASSED] - selectOptionByIndex: All options with index in [5] are selected on object 'Object Repository/GRN/Page_KDMC - CMS/select_20182019202020212022202'

2018-05-14 14:05:40 - [MESSAGE][PASSED] - All options with index in [5] are selected on object 'Object Repository/GRN/Page_KDMC - CMS/select_20182019202020212022202'

2018-05-14 14:05:40 - [TEST_STEP][PASSED] - selectOptionByIndex: All options with index in [5] are selected on object 'Object Repository/GRN/Page_KDMC - CMS/select_JanFebMarAprMayJunJulAu'

2018-05-14 14:05:40 - [MESSAGE][PASSED] - All options with index in [5] are selected on object 'Object Repository/GRN/Page_KDMC - CMS/select_JanFebMarAprMayJunJulAu'

2018-05-14 14:05:40 - [TEST_STEP][PASSED] - click: Object: 'Object Repository/MOH AND GRN/Page_KDMC - CMS/a_12' is clicked on

2018-05-14 14:05:40 - [MESSAGE][PASSED] - Object: 'Object Repository/MOH AND GRN/Page_KDMC - CMS/a_12' is clicked on

2018-05-14 14:05:40 - [TEST_STEP][PASSED] - click: Object: 'Object Repository/MOH AND GRN/Page_KDMC - CMS/input_btnadd' is clicked on

2018-05-14 14:05:40 - [MESSAGE][PASSED] - Object: 'Object Repository/MOH AND GRN/Page_KDMC - CMS/input_btnadd' is clicked on

2018-05-14 14:05:40 - [TEST_STEP][PASSED] - Statement - If (s == 10): null

2018-05-14 14:05:40 - [TEST_STEP][PASSED] - Statement - Else: null

2018-05-14 14:05:40 - [TEST_STEP][PASSED] - Statement - (s++): null

2018-05-14 14:05:40 - [TEST_STEP][PASSED] - delay: Delayed 1 second(s)

2018-05-14 14:05:41 - [MESSAGE][PASSED] - Delayed 1 second(s)

2018-05-14 14:05:41 - [TEST_STEP][PASSED] - selectOptionByIndex: All options with index in [6] are selected on object 'Object Repository/MOH AND GRN/Page_KDMC - CMS/select_--Select--Amikacin -500'

2018-05-14 14:05:41 - [MESSAGE][PASSED] - All options with index in [6] are selected on object 'Object Repository/MOH AND GRN/Page_KDMC - CMS/select_--Select--Amikacin -500'

2018-05-14 14:05:41 - [TEST_STEP][PASSED] - setText: Text '50000' is set on object 'Object Repository/MOH AND GRN/Page_KDMC - CMS/input_txtqty'

2018-05-14 14:05:41 - [MESSAGE][PASSED] - Text '50000' is set on object 'Object Repository/MOH AND GRN/Page_KDMC - CMS/input_txtqty'

2018-05-14 14:05:41 - [TEST_STEP][PASSED] - selectOptionByIndex: All options with index in [1] are selected on object 'Object Repository/MOH AND GRN/Page_KDMC - CMS/select_--Select--No Tax0'

2018-05-14 14:05:42 - [MESSAGE][PASSED] - All options with index in [1] are selected on object 'Object Repository/MOH AND GRN/Page_KDMC - CMS/select_--Select--No Tax0'

2018-05-14 14:05:42 - [TEST_STEP][PASSED] - setText: Finding Test Object with id 'Object Repository/MOH AND GRN/Page_KDMC - CMS/input_txtmrp'

2018-05-14 14:05:42 - [TEST_STEP][PASSED] - Statement - switch (id): Finding Test Object with id 'Object Repository/MOH AND GRN/Page_KDMC - CMS/input_txtdeal'

2018-05-14 14:05:42 - [TEST_STEP][PASSED] - Statement - case 4:: Text '29.0' is set on object 'Object Repository/MOH AND GRN/Page_KDMC - CMS/input_txtmrp'

2018-05-14 14:05:42 - [TEST_STEP][PASSED] - Statement - return (java.lang.Math.floor((java.lang.Math.random() * ((max - min) + 1))) + min): Text '29.0' is set on object 'Object Repository/MOH AND GRN/Page_KDMC - CMS/input_txtmrp'

2018-05-14 14:05:42 - [MESSAGE][PASSED] - Text '29.0' is set on object 'Object Repository/MOH AND GRN/Page_KDMC - CMS/input_txtmrp'

2018-05-14 14:05:42 - [TEST_STEP][PASSED] - setText: Finding Test Object with id 'Object Repository/MOH AND GRN/Page_KDMC - CMS/input_txtdeal'

2018-05-14 14:05:42 - [TEST_STEP][PASSED] - Statement - switch (id): Finding Test Object with id 'Object Repository/MOH AND GRN/Page_KDMC - CMS/input_txtbatchno'

2018-05-14 14:05:42 - [TEST_STEP][PASSED] - Statement - case 5:: Text '6.0' is set on object 'Object Repository/MOH AND GRN/Page_KDMC - CMS/input_txtdeal'

2018-05-14 14:05:42 - [TEST_STEP][PASSED] - Statement - return (java.lang.Math.floor((java.lang.Math.random() * ((max - min) + 1))) + min): Text '6.0' is set on object 'Object Repository/MOH AND GRN/Page_KDMC - CMS/input_txtdeal'

2018-05-14 14:05:42 - [MESSAGE][PASSED] - Text '6.0' is set on object 'Object Repository/MOH AND GRN/Page_KDMC - CMS/input_txtdeal'

2018-05-14 14:05:42 - [TEST_STEP][PASSED] - setText: Finding Test Object with id 'Object Repository/MOH AND GRN/Page_KDMC - CMS/input_txtbatchno'

2018-05-14 14:05:42 - [TEST_STEP][PASSED] - Statement - switch (id): Finding Test Object with id 'Object Repository/MOH AND GRN/Page_KDMC - CMS/input_txtmrp'

2018-05-14 14:05:42 - [TEST_STEP][PASSED] - Statement - case 1:: Text 'BA205.0' is set on object 'Object Repository/MOH AND GRN/Page_KDMC - CMS/input_txtbatchno'

2018-05-14 14:05:42 - [TEST_STEP][PASSED] - Statement - return (java.lang.Math.floor((java.lang.Math.random() * ((max - min) + 1))) + min): Text 'BA205.0' is set on object 'Object Repository/MOH AND GRN/Page_KDMC - CMS/input_txtbatchno'

2018-05-14 14:05:42 - [MESSAGE][PASSED] - Text 'BA205.0' is set on object 'Object Repository/MOH AND GRN/Page_KDMC - CMS/input_txtbatchno'

2018-05-14 14:05:42 - [TEST_STEP][PASSED] - rightClick: Object: 'Object Repository/GRN/Page_KDMC - CMS/input_txtexpdate' is right clicked on

2018-05-14 14:05:42 - [MESSAGE][PASSED] - Object: 'Object Repository/GRN/Page_KDMC - CMS/input_txtexpdate' is right clicked on

2018-05-14 14:05:42 - [TEST_STEP][PASSED] - selectOptionByIndex: All options with index in [6] are selected on object 'Object Repository/GRN/Page_KDMC - CMS/select_20182019202020212022202'

2018-05-14 14:05:42 - [MESSAGE][PASSED] - All options with index in [6] are selected on object 'Object Repository/GRN/Page_KDMC - CMS/select_20182019202020212022202'

2018-05-14 14:05:42 - [TEST_STEP][PASSED] - selectOptionByIndex: All options with index in [6] are selected on object 'Object Repository/GRN/Page_KDMC - CMS/select_JanFebMarAprMayJunJulAu'

2018-05-14 14:05:42 - [MESSAGE][PASSED] - All options with index in [6] are selected on object 'Object Repository/GRN/Page_KDMC - CMS/select_JanFebMarAprMayJunJulAu'

2018-05-14 14:05:42 - [TEST_STEP][PASSED] - click: Object: 'Object Repository/MOH AND GRN/Page_KDMC - CMS/a_12' is clicked on

2018-05-14 14:05:43 - [MESSAGE][PASSED] - Object: 'Object Repository/MOH AND GRN/Page_KDMC - CMS/a_12' is clicked on

2018-05-14 14:05:43 - [TEST_STEP][PASSED] - click: Object: 'Object Repository/MOH AND GRN/Page_KDMC - CMS/input_btnadd' is clicked on

2018-05-14 14:05:43 - [MESSAGE][PASSED] - Object: 'Object Repository/MOH AND GRN/Page_KDMC - CMS/input_btnadd' is clicked on

2018-05-14 14:05:43 - [TEST_STEP][PASSED] - Statement - If (s == 10): null

2018-05-14 14:05:43 - [TEST_STEP][PASSED] - Statement - Else: null

2018-05-14 14:05:43 - [TEST_STEP][PASSED] - Statement - (s++): null

2018-05-14 14:05:43 - [TEST_STEP][PASSED] - delay: Delayed 1 second(s)

2018-05-14 14:05:44 - [MESSAGE][PASSED] - Delayed 1 second(s)

2018-05-14 14:05:44 - [TEST_STEP][PASSED] - selectOptionByIndex: All options with index in [7] are selected on object 'Object Repository/MOH AND GRN/Page_KDMC - CMS/select_--Select--Amikacin -500'

2018-05-14 14:05:44 - [MESSAGE][PASSED] - All options with index in [7] are selected on object 'Object Repository/MOH AND GRN/Page_KDMC - CMS/select_--Select--Amikacin -500'

2018-05-14 14:05:44 - [TEST_STEP][PASSED] - setText: Text '50000' is set on object 'Object Repository/MOH AND GRN/Page_KDMC - CMS/input_txtqty'

2018-05-14 14:05:44 - [MESSAGE][PASSED] - Text '50000' is set on object 'Object Repository/MOH AND GRN/Page_KDMC - CMS/input_txtqty'

2018-05-14 14:05:44 - [TEST_STEP][PASSED] - selectOptionByIndex: All options with index in [1] are selected on object 'Object Repository/MOH AND GRN/Page_KDMC - CMS/select_--Select--No Tax0'

2018-05-14 14:05:44 - [MESSAGE][PASSED] - All options with index in [1] are selected on object 'Object Repository/MOH AND GRN/Page_KDMC - CMS/select_--Select--No Tax0'

2018-05-14 14:05:44 - [TEST_STEP][PASSED] - setText: Finding Test Object with id 'Object Repository/MOH AND GRN/Page_KDMC - CMS/input_txtmrp'

2018-05-14 14:05:44 - [TEST_STEP][PASSED] - Statement - switch (id): Finding Test Object with id 'Object Repository/MOH AND GRN/Page_KDMC - CMS/input_txtdeal'

2018-05-14 14:05:44 - [TEST_STEP][PASSED] - Statement - case 4:: Text '17.0' is set on object 'Object Repository/MOH AND GRN/Page_KDMC - CMS/input_txtmrp'

2018-05-14 14:05:44 - [TEST_STEP][PASSED] - Statement - return (java.lang.Math.floor((java.lang.Math.random() * ((max - min) + 1))) + min): Text '17.0' is set on object 'Object Repository/MOH AND GRN/Page_KDMC - CMS/input_txtmrp'

2018-05-14 14:05:44 - [MESSAGE][PASSED] - Text '17.0' is set on object 'Object Repository/MOH AND GRN/Page_KDMC - CMS/input_txtmrp'

2018-05-14 14:05:44 - [TEST_STEP][PASSED] - setText: Finding Test Object with id 'Object Repository/MOH AND GRN/Page_KDMC - CMS/input_txtdeal'

2018-05-14 14:05:44 - [TEST_STEP][PASSED] - Statement - switch (id): Finding Test Object with id 'Object Repository/MOH AND GRN/Page_KDMC - CMS/input_txtbatchno'

2018-05-14 14:05:44 - [TEST_STEP][PASSED] - Statement - case 5:: Text '10.0' is set on object 'Object Repository/MOH AND GRN/Page_KDMC - CMS/input_txtdeal'

2018-05-14 14:05:44 - [TEST_STEP][PASSED] - Statement - return (java.lang.Math.floor((java.lang.Math.random() * ((max - min) + 1))) + min): Text '10.0' is set on object 'Object Repository/MOH AND GRN/Page_KDMC - CMS/input_txtdeal'

2018-05-14 14:05:44 - [MESSAGE][PASSED] - Text '10.0' is set on object 'Object Repository/MOH AND GRN/Page_KDMC - CMS/input_txtdeal'

2018-05-14 14:05:44 - [TEST_STEP][PASSED] - setText: Finding Test Object with id 'Object Repository/MOH AND GRN/Page_KDMC - CMS/input_txtbatchno'

2018-05-14 14:05:44 - [TEST_STEP][PASSED] - Statement - switch (id): Finding Test Object with id 'Object Repository/MOH AND GRN/Page_KDMC - CMS/input_txtmrp'

2018-05-14 14:05:44 - [TEST_STEP][PASSED] - Statement - case 1:: Text 'BA276.0' is set on object 'Object Repository/MOH AND GRN/Page_KDMC - CMS/input_txtbatchno'

2018-05-14 14:05:44 - [TEST_STEP][PASSED] - Statement - return (java.lang.Math.floor((java.lang.Math.random() * ((max - min) + 1))) + min): Text 'BA276.0' is set on object 'Object Repository/MOH AND GRN/Page_KDMC - CMS/input_txtbatchno'

2018-05-14 14:05:44 - [MESSAGE][PASSED] - Text 'BA276.0' is set on object 'Object Repository/MOH AND GRN/Page_KDMC - CMS/input_txtbatchno'

2018-05-14 14:05:44 - [TEST_STEP][PASSED] - rightClick: Object: 'Object Repository/GRN/Page_KDMC - CMS/input_txtexpdate' is right clicked on

2018-05-14 14:05:45 - [MESSAGE][PASSED] - Object: 'Object Repository/GRN/Page_KDMC - CMS/input_txtexpdate' is right clicked on

2018-05-14 14:05:45 - [TEST_STEP][PASSED] - selectOptionByIndex: All options with index in [7] are selected on object 'Object Repository/GRN/Page_KDMC - CMS/select_20182019202020212022202'

2018-05-14 14:05:45 - [MESSAGE][PASSED] - All options with index in [7] are selected on object 'Object Repository/GRN/Page_KDMC - CMS/select_20182019202020212022202'

2018-05-14 14:05:45 - [TEST_STEP][PASSED] - selectOptionByIndex: All options with index in [7] are selected on object 'Object Repository/GRN/Page_KDMC - CMS/select_JanFebMarAprMayJunJulAu'

2018-05-14 14:05:45 - [MESSAGE][PASSED] - All options with index in [7] are selected on object 'Object Repository/GRN/Page_KDMC - CMS/select_JanFebMarAprMayJunJulAu'

2018-05-14 14:05:45 - [TEST_STEP][PASSED] - click: Object: 'Object Repository/MOH AND GRN/Page_KDMC - CMS/a_12' is clicked on

2018-05-14 14:05:45 - [MESSAGE][PASSED] - Object: 'Object Repository/MOH AND GRN/Page_KDMC - CMS/a_12' is clicked on

2018-05-14 14:05:45 - [TEST_STEP][PASSED] - click: Object: 'Object Repository/MOH AND GRN/Page_KDMC - CMS/input_btnadd' is clicked on

2018-05-14 14:05:45 - [MESSAGE][PASSED] - Object: 'Object Repository/MOH AND GRN/Page_KDMC - CMS/input_btnadd' is clicked on

2018-05-14 14:05:45 - [TEST_STEP][PASSED] - Statement - If (s == 10): null

2018-05-14 14:05:45 - [TEST_STEP][PASSED] - Statement - Else: null

2018-05-14 14:05:45 - [TEST_STEP][PASSED] - Statement - (s++): null

2018-05-14 14:05:45 - [TEST_STEP][PASSED] - delay: Delayed 1 second(s)

2018-05-14 14:05:46 - [MESSAGE][PASSED] - Delayed 1 second(s)

2018-05-14 14:05:46 - [TEST_STEP][PASSED] - selectOptionByIndex: All options with index in [8] are selected on object 'Object Repository/MOH AND GRN/Page_KDMC - CMS/select_--Select--Amikacin -500'

2018-05-14 14:05:46 - [MESSAGE][PASSED] - All options with index in [8] are selected on object 'Object Repository/MOH AND GRN/Page_KDMC - CMS/select_--Select--Amikacin -500'

2018-05-14 14:05:46 - [TEST_STEP][PASSED] - setText: Text '50000' is set on object 'Object Repository/MOH AND GRN/Page_KDMC - CMS/input_txtqty'

2018-05-14 14:05:47 - [MESSAGE][PASSED] - Text '50000' is set on object 'Object Repository/MOH AND GRN/Page_KDMC - CMS/input_txtqty'

2018-05-14 14:05:47 - [TEST_STEP][PASSED] - selectOptionByIndex: All options with index in [1] are selected on object 'Object Repository/MOH AND GRN/Page_KDMC - CMS/select_--Select--No Tax0'

2018-05-14 14:05:47 - [MESSAGE][PASSED] - All options with index in [1] are selected on object 'Object Repository/MOH AND GRN/Page_KDMC - CMS/select_--Select--No Tax0'

2018-05-14 14:05:47 - [TEST_STEP][PASSED] - setText: Finding Test Object with id 'Object Repository/MOH AND GRN/Page_KDMC - CMS/input_txtmrp'

2018-05-14 14:05:47 - [TEST_STEP][PASSED] - Statement - switch (id): Finding Test Object with id 'Object Repository/MOH AND GRN/Page_KDMC - CMS/input_txtdeal'

2018-05-14 14:05:47 - [TEST_STEP][PASSED] - Statement - case 4:: Text '15.0' is set on object 'Object Repository/MOH AND GRN/Page_KDMC - CMS/input_txtmrp'

2018-05-14 14:05:47 - [TEST_STEP][PASSED] - Statement - return (java.lang.Math.floor((java.lang.Math.random() * ((max - min) + 1))) + min): Text '15.0' is set on object 'Object Repository/MOH AND GRN/Page_KDMC - CMS/input_txtmrp'

2018-05-14 14:05:47 - [MESSAGE][PASSED] - Text '15.0' is set on object 'Object Repository/MOH AND GRN/Page_KDMC - CMS/input_txtmrp'

2018-05-14 14:05:47 - [TEST_STEP][PASSED] - setText: Finding Test Object with id 'Object Repository/MOH AND GRN/Page_KDMC - CMS/input_txtdeal'

2018-05-14 14:05:47 - [TEST_STEP][PASSED] - Statement - switch (id): Finding Test Object with id 'Object Repository/MOH AND GRN/Page_KDMC - CMS/input_txtbatchno'

2018-05-14 14:05:47 - [TEST_STEP][PASSED] - Statement - case 5:: Text '11.0' is set on object 'Object Repository/MOH AND GRN/Page_KDMC - CMS/input_txtdeal'

2018-05-14 14:05:47 - [TEST_STEP][PASSED] - Statement - return (java.lang.Math.floor((java.lang.Math.random() * ((max - min) + 1))) + min): Text '11.0' is set on object 'Object Repository/MOH AND GRN/Page_KDMC - CMS/input_txtdeal'

2018-05-14 14:05:47 - [MESSAGE][PASSED] - Text '11.0' is set on object 'Object Repository/MOH AND GRN/Page_KDMC - CMS/input_txtdeal'

2018-05-14 14:05:47 - [TEST_STEP][PASSED] - setText: Finding Test Object with id 'Object Repository/MOH AND GRN/Page_KDMC - CMS/input_txtbatchno'

2018-05-14 14:05:47 - [TEST_STEP][PASSED] - Statement - switch (id): Finding Test Object with id 'Object Repository/MOH AND GRN/Page_KDMC - CMS/input_txtmrp'

2018-05-14 14:05:47 - [TEST_STEP][PASSED] - Statement - case 1:: Text 'BA668.0' is set on object 'Object Repository/MOH AND GRN/Page_KDMC - CMS/input_txtbatchno'

2018-05-14 14:05:47 - [TEST_STEP][PASSED] - Statement - return (java.lang.Math.floor((java.lang.Math.random() * ((max - min) + 1))) + min): Text 'BA668.0' is set on object 'Object Repository/MOH AND GRN/Page_KDMC - CMS/input_txtbatchno'

2018-05-14 14:05:47 - [MESSAGE][PASSED] - Text 'BA668.0' is set on object 'Object Repository/MOH AND GRN/Page_KDMC - CMS/input_txtbatchno'

2018-05-14 14:05:47 - [TEST_STEP][PASSED] - rightClick: Object: 'Object Repository/GRN/Page_KDMC - CMS/input_txtexpdate' is right clicked on

2018-05-14 14:05:47 - [MESSAGE][PASSED] - Object: 'Object Repository/GRN/Page_KDMC - CMS/input_txtexpdate' is right clicked on

2018-05-14 14:05:47 - [TEST_STEP][PASSED] - selectOptionByIndex: All options with index in [8] are selected on object 'Object Repository/GRN/Page_KDMC - CMS/select_20182019202020212022202'

2018-05-14 14:05:47 - [MESSAGE][PASSED] - All options with index in [8] are selected on object 'Object Repository/GRN/Page_KDMC - CMS/select_20182019202020212022202'

2018-05-14 14:05:47 - [TEST_STEP][PASSED] - selectOptionByIndex: All options with index in [8] are selected on object 'Object Repository/GRN/Page_KDMC - CMS/select_JanFebMarAprMayJunJulAu'

2018-05-14 14:05:48 - [MESSAGE][PASSED] - All options with index in [8] are selected on object 'Object Repository/GRN/Page_KDMC - CMS/select_JanFebMarAprMayJunJulAu'

2018-05-14 14:05:48 - [TEST_STEP][PASSED] - click: Object: 'Object Repository/MOH AND GRN/Page_KDMC - CMS/a_12' is clicked on

2018-05-14 14:05:48 - [MESSAGE][PASSED] - Object: 'Object Repository/MOH AND GRN/Page_KDMC - CMS/a_12' is clicked on

2018-05-14 14:05:48 - [TEST_STEP][PASSED] - click: Object: 'Object Repository/MOH AND GRN/Page_KDMC - CMS/input_btnadd' is clicked on

2018-05-14 14:05:48 - [MESSAGE][PASSED] - Object: 'Object Repository/MOH AND GRN/Page_KDMC - CMS/input_btnadd' is clicked on

2018-05-14 14:05:48 - [TEST_STEP][PASSED] - Statement - If (s == 10): null

2018-05-14 14:05:48 - [TEST_STEP][PASSED] - Statement - Else: null

2018-05-14 14:05:48 - [TEST_STEP][PASSED] - Statement - (s++): null

2018-05-14 14:05:48 - [TEST_STEP][PASSED] - delay: Delayed 1 second(s)

2018-05-14 14:05:49 - [MESSAGE][PASSED] - Delayed 1 second(s)

2018-05-14 14:05:49 - [TEST_STEP][PASSED] - selectOptionByIndex: All options with index in [9] are selected on object 'Object Repository/MOH AND GRN/Page_KDMC - CMS/select_--Select--Amikacin -500'

2018-05-14 14:05:49 - [MESSAGE][PASSED] - All options with index in [9] are selected on object 'Object Repository/MOH AND GRN/Page_KDMC - CMS/select_--Select--Amikacin -500'

2018-05-14 14:05:49 - [TEST_STEP][PASSED] - setText: Text '50000' is set on object 'Object Repository/MOH AND GRN/Page_KDMC - CMS/input_txtqty'

2018-05-14 14:05:49 - [MESSAGE][PASSED] - Text '50000' is set on object 'Object Repository/MOH AND GRN/Page_KDMC - CMS/input_txtqty'

2018-05-14 14:05:49 - [TEST_STEP][PASSED] - selectOptionByIndex: All options with index in [1] are selected on object 'Object Repository/MOH AND GRN/Page_KDMC - CMS/select_--Select--No Tax0'

2018-05-14 14:05:49 - [MESSAGE][PASSED] - All options with index in [1] are selected on object 'Object Repository/MOH AND GRN/Page_KDMC - CMS/select_--Select--No Tax0'

2018-05-14 14:05:49 - [TEST_STEP][PASSED] - setText: Finding Test Object with id 'Object Repository/MOH AND GRN/Page_KDMC - CMS/input_txtmrp'

2018-05-14 14:05:49 - [TEST_STEP][PASSED] - Statement - switch (id): Finding Test Object with id 'Object Repository/MOH AND GRN/Page_KDMC - CMS/input_txtdeal'

2018-05-14 14:05:49 - [TEST_STEP][PASSED] - Statement - case 4:: Text '32.0' is set on object 'Object Repository/MOH AND GRN/Page_KDMC - CMS/input_txtmrp'

2018-05-14 14:05:49 - [TEST_STEP][PASSED] - Statement - return (java.lang.Math.floor((java.lang.Math.random() * ((max - min) + 1))) + min): Text '32.0' is set on object 'Object Repository/MOH AND GRN/Page_KDMC - CMS/input_txtmrp'

2018-05-14 14:05:49 - [MESSAGE][PASSED] - Text '32.0' is set on object 'Object Repository/MOH AND GRN/Page_KDMC - CMS/input_txtmrp'

2018-05-14 14:05:49 - [TEST_STEP][PASSED] - setText: Finding Test Object with id 'Object Repository/MOH AND GRN/Page_KDMC - CMS/input_txtdeal'

2018-05-14 14:05:49 - [TEST_STEP][PASSED] - Statement - switch (id): Finding Test Object with id 'Object Repository/MOH AND GRN/Page_KDMC - CMS/input_txtbatchno'

2018-05-14 14:05:49 - [TEST_STEP][PASSED] - Statement - case 5:: Text '9.0' is set on object 'Object Repository/MOH AND GRN/Page_KDMC - CMS/input_txtdeal'

2018-05-14 14:05:49 - [TEST_STEP][PASSED] - Statement - return (java.lang.Math.floor((java.lang.Math.random() * ((max - min) + 1))) + min): Text '9.0' is set on object 'Object Repository/MOH AND GRN/Page_KDMC - CMS/input_txtdeal'

2018-05-14 14:05:49 - [MESSAGE][PASSED] - Text '9.0' is set on object 'Object Repository/MOH AND GRN/Page_KDMC - CMS/input_txtdeal'

2018-05-14 14:05:49 - [TEST_STEP][PASSED] - setText: Finding Test Object with id 'Object Repository/MOH AND GRN/Page_KDMC - CMS/input_txtbatchno'

2018-05-14 14:05:49 - [TEST_STEP][PASSED] - Statement - switch (id): Finding Test Object with id 'Object Repository/MOH AND GRN/Page_KDMC - CMS/input_txtmrp'

2018-05-14 14:05:49 - [TEST_STEP][PASSED] - Statement - case 1:: Text 'BA425.0' is set on object 'Object Repository/MOH AND GRN/Page_KDMC - CMS/input_txtbatchno'

2018-05-14 14:05:49 - [TEST_STEP][PASSED] - Statement - return (java.lang.Math.floor((java.lang.Math.random() * ((max - min) + 1))) + min): Text 'BA425.0' is set on object 'Object Repository/MOH AND GRN/Page_KDMC - CMS/input_txtbatchno'

2018-05-14 14:05:49 - [MESSAGE][PASSED] - Text 'BA425.0' is set on object 'Object Repository/MOH AND GRN/Page_KDMC - CMS/input_txtbatchno'

2018-05-14 14:05:49 - [TEST_STEP][PASSED] - rightClick: Object: 'Object Repository/GRN/Page_KDMC - CMS/input_txtexpdate' is right clicked on

2018-05-14 14:05:50 - [MESSAGE][PASSED] - Object: 'Object Repository/GRN/Page_KDMC - CMS/input_txtexpdate' is right clicked on

2018-05-14 14:05:50 - [TEST_STEP][PASSED] - selectOptionByIndex: All options with index in [9] are selected on object 'Object Repository/GRN/Page_KDMC - CMS/select_20182019202020212022202'

2018-05-14 14:05:50 - [MESSAGE][PASSED] - All options with index in [9] are selected on object 'Object Repository/GRN/Page_KDMC - CMS/select_20182019202020212022202'

2018-05-14 14:05:50 - [TEST_STEP][PASSED] - selectOptionByIndex: All options with index in [9] are selected on object 'Object Repository/GRN/Page_KDMC - CMS/select_JanFebMarAprMayJunJulAu'

2018-05-14 14:05:50 - [MESSAGE][PASSED] - All options with index in [9] are selected on object 'Object Repository/GRN/Page_KDMC - CMS/select_JanFebMarAprMayJunJulAu'

2018-05-14 14:05:50 - [TEST_STEP][PASSED] - click: Object: 'Object Repository/MOH AND GRN/Page_KDMC - CMS/a_12' is clicked on

2018-05-14 14:05:50 - [MESSAGE][PASSED] - Object: 'Object Repository/MOH AND GRN/Page_KDMC - CMS/a_12' is clicked on

2018-05-14 14:05:50 - [TEST_STEP][PASSED] - click: Object: 'Object Repository/MOH AND GRN/Page_KDMC - CMS/input_btnadd' is clicked on

2018-05-14 14:05:50 - [MESSAGE][PASSED] - Object: 'Object Repository/MOH AND GRN/Page_KDMC - CMS/input_btnadd' is clicked on

2018-05-14 14:05:50 - [TEST_STEP][PASSED] - Statement - If (s == 10): null

2018-05-14 14:05:50 - [TEST_STEP][PASSED] - Statement - Else: null

2018-05-14 14:05:50 - [TEST_STEP][PASSED] - Statement - (s++): null

2018-05-14 14:05:50 - [TEST_STEP][PASSED] - delay: Delayed 1 second(s)

2018-05-14 14:05:51 - [MESSAGE][PASSED] - Delayed 1 second(s)

2018-05-14 14:05:51 - [TEST_STEP][PASSED] - selectOptionByIndex: All options with index in [10] are selected on object 'Object Repository/MOH AND GRN/Page_KDMC - CMS/select_--Select--Amikacin -500'

2018-05-14 14:05:51 - [MESSAGE][PASSED] - All options with index in [10] are selected on object 'Object Repository/MOH AND GRN/Page_KDMC - CMS/select_--Select--Amikacin -500'

2018-05-14 14:05:51 - [TEST_STEP][PASSED] - setText: Text '50000' is set on object 'Object Repository/MOH AND GRN/Page_KDMC - CMS/input_txtqty'

2018-05-14 14:05:52 - [MESSAGE][PASSED] - Text '50000' is set on object 'Object Repository/MOH AND GRN/Page_KDMC - CMS/input_txtqty'

2018-05-14 14:05:52 - [TEST_STEP][PASSED] - selectOptionByIndex: All options with index in [1] are selected on object 'Object Repository/MOH AND GRN/Page_KDMC - CMS/select_--Select--No Tax0'

2018-05-14 14:05:52 - [MESSAGE][PASSED] - All options with index in [1] are selected on object 'Object Repository/MOH AND GRN/Page_KDMC - CMS/select_--Select--No Tax0'

2018-05-14 14:05:52 - [TEST_STEP][PASSED] - setText: Finding Test Object with id 'Object Repository/MOH AND GRN/Page_KDMC - CMS/input_txtmrp'

2018-05-14 14:05:52 - [TEST_STEP][PASSED] - Statement - switch (id): Finding Test Object with id 'Object Repository/MOH AND GRN/Page_KDMC - CMS/input_txtdeal'

2018-05-14 14:05:52 - [TEST_STEP][PASSED] - Statement - case 4:: Text '25.0' is set on object 'Object Repository/MOH AND GRN/Page_KDMC - CMS/input_txtmrp'

2018-05-14 14:05:52 - [TEST_STEP][PASSED] - Statement - return (java.lang.Math.floor((java.lang.Math.random() * ((max - min) + 1))) + min): Text '25.0' is set on object 'Object Repository/MOH AND GRN/Page_KDMC - CMS/input_txtmrp'

2018-05-14 14:05:52 - [MESSAGE][PASSED] - Text '25.0' is set on object 'Object Repository/MOH AND GRN/Page_KDMC - CMS/input_txtmrp'

2018-05-14 14:05:52 - [TEST_STEP][PASSED] - setText: Finding Test Object with id 'Object Repository/MOH AND GRN/Page_KDMC - CMS/input_txtdeal'

2018-05-14 14:05:52 - [TEST_STEP][PASSED] - Statement - switch (id): Finding Test Object with id 'Object Repository/MOH AND GRN/Page_KDMC - CMS/input_txtbatchno'

2018-05-14 14:05:52 - [TEST_STEP][PASSED] - Statement - case 5:: Text '6.0' is set on object 'Object Repository/MOH AND GRN/Page_KDMC - CMS/input_txtdeal'

2018-05-14 14:05:52 - [TEST_STEP][PASSED] - Statement - return (java.lang.Math.floor((java.lang.Math.random() * ((max - min) + 1))) + min): Text '6.0' is set on object 'Object Repository/MOH AND GRN/Page_KDMC - CMS/input_txtdeal'

2018-05-14 14:05:52 - [MESSAGE][PASSED] - Text '6.0' is set on object 'Object Repository/MOH AND GRN/Page_KDMC - CMS/input_txtdeal'

2018-05-14 14:05:52 - [TEST_STEP][PASSED] - setText: Finding Test Object with id 'Object Repository/MOH AND GRN/Page_KDMC - CMS/input_txtbatchno'

2018-05-14 14:05:52 - [TEST_STEP][PASSED] - Statement - switch (id): Finding Test Object with id 'Object Repository/MOH AND GRN/Page_KDMC - CMS/input_txtmrp'

2018-05-14 14:05:52 - [TEST_STEP][PASSED] - Statement - case 1:: Text 'BA718.0' is set on object 'Object Repository/MOH AND GRN/Page_KDMC - CMS/input_txtbatchno'

2018-05-14 14:05:52 - [TEST_STEP][PASSED] - Statement - return (java.lang.Math.floor((java.lang.Math.random() * ((max - min) + 1))) + min): Text 'BA718.0' is set on object 'Object Repository/MOH AND GRN/Page_KDMC - CMS/input_txtbatchno'

2018-05-14 14:05:52 - [MESSAGE][PASSED] - Text 'BA718.0' is set on object 'Object Repository/MOH AND GRN/Page_KDMC - CMS/input_txtbatchno'

2018-05-14 14:05:52 - [TEST_STEP][PASSED] - rightClick: Object: 'Object Repository/GRN/Page_KDMC - CMS/input_txtexpdate' is right clicked on

2018-05-14 14:05:52 - [MESSAGE][PASSED] - Object: 'Object Repository/GRN/Page_KDMC - CMS/input_txtexpdate' is right clicked on

2018-05-14 14:05:52 - [TEST_STEP][PASSED] - selectOptionByIndex: All options with index in [10] are selected on object 'Object Repository/GRN/Page_KDMC - CMS/select_20182019202020212022202'

2018-05-14 14:05:52 - [MESSAGE][PASSED] - All options with index in [10] are selected on object 'Object Repository/GRN/Page_KDMC - CMS/select_20182019202020212022202'

2018-05-14 14:05:52 - [TEST_STEP][PASSED] - selectOptionByIndex: All options with index in [10] are selected on object 'Object Repository/GRN/Page_KDMC - CMS/select_JanFebMarAprMayJunJulAu'

2018-05-14 14:05:53 - [MESSAGE][PASSED] - All options with index in [10] are selected on object 'Object Repository/GRN/Page_KDMC - CMS/select_JanFebMarAprMayJunJulAu'

2018-05-14 14:05:53 - [TEST_STEP][PASSED] - click: Object: 'Object Repository/MOH AND GRN/Page_KDMC - CMS/a_12' is clicked on

2018-05-14 14:05:53 - [MESSAGE][PASSED] - Object: 'Object Repository/MOH AND GRN/Page_KDMC - CMS/a_12' is clicked on

2018-05-14 14:05:53 - [TEST_STEP][PASSED] - click: Object: 'Object Repository/MOH AND GRN/Page_KDMC - CMS/input_btnadd' is clicked on

2018-05-14 14:05:53 - [MESSAGE][PASSED] - Object: 'Object Repository/MOH AND GRN/Page_KDMC - CMS/input_btnadd' is clicked on

2018-05-14 14:05:53 - [TEST_STEP][PASSED] - Statement - If (s == 10): null

2018-05-14 14:05:53 - [TEST_STEP][PASSED] - Statement - s = 1: null

2018-05-14 14:05:53 - [TEST_STEP][PASSED] - delay: Delayed 1 second(s)

2018-05-14 14:05:54 - [MESSAGE][PASSED] - Delayed 1 second(s)

2018-05-14 14:05:54 - [TEST_STEP][PASSED] - selectOptionByIndex: All options with index in [11] are selected on object 'Object Repository/MOH AND GRN/Page_KDMC - CMS/select_--Select--Amikacin -500'

2018-05-14 14:05:54 - [MESSAGE][PASSED] - All options with index in [11] are selected on object 'Object Repository/MOH AND GRN/Page_KDMC - CMS/select_--Select--Amikacin -500'

2018-05-14 14:05:54 - [TEST_STEP][PASSED] - setText: Text '50000' is set on object 'Object Repository/MOH AND GRN/Page_KDMC - CMS/input_txtqty'

2018-05-14 14:05:54 - [MESSAGE][PASSED] - Text '50000' is set on object 'Object Repository/MOH AND GRN/Page_KDMC - CMS/input_txtqty'

2018-05-14 14:05:54 - [TEST_STEP][PASSED] - selectOptionByIndex: All options with index in [1] are selected on object 'Object Repository/MOH AND GRN/Page_KDMC - CMS/select_--Select--No Tax0'

2018-05-14 14:05:54 - [MESSAGE][PASSED] - All options with index in [1] are selected on object 'Object Repository/MOH AND GRN/Page_KDMC - CMS/select_--Select--No Tax0'

2018-05-14 14:05:54 - [TEST_STEP][PASSED] - setText: Finding Test Object with id 'Object Repository/MOH AND GRN/Page_KDMC - CMS/input_txtmrp'

2018-05-14 14:05:54 - [TEST_STEP][PASSED] - Statement - switch (id): Finding Test Object with id 'Object Repository/MOH AND GRN/Page_KDMC - CMS/input_txtdeal'

2018-05-14 14:05:54 - [TEST_STEP][PASSED] - Statement - case 4:: Text '37.0' is set on object 'Object Repository/MOH AND GRN/Page_KDMC - CMS/input_txtmrp'

2018-05-14 14:05:54 - [TEST_STEP][PASSED] - Statement - return (java.lang.Math.floor((java.lang.Math.random() * ((max - min) + 1))) + min): Text '37.0' is set on object 'Object Repository/MOH AND GRN/Page_KDMC - CMS/input_txtmrp'

2018-05-14 14:05:54 - [MESSAGE][PASSED] - Text '37.0' is set on object 'Object Repository/MOH AND GRN/Page_KDMC - CMS/input_txtmrp'

2018-05-14 14:05:54 - [TEST_STEP][PASSED] - setText: Finding Test Object with id 'Object Repository/MOH AND GRN/Page_KDMC - CMS/input_txtdeal'

2018-05-14 14:05:54 - [TEST_STEP][PASSED] - Statement - switch (id): Finding Test Object with id 'Object Repository/MOH AND GRN/Page_KDMC - CMS/input_txtbatchno'

2018-05-14 14:05:54 - [TEST_STEP][PASSED] - Statement - case 5:: Text '1.0' is set on object 'Object Repository/MOH AND GRN/Page_KDMC - CMS/input_txtdeal'

2018-05-14 14:05:54 - [TEST_STEP][PASSED] - Statement - return (java.lang.Math.floor((java.lang.Math.random() * ((max - min) + 1))) + min): Text '1.0' is set on object 'Object Repository/MOH AND GRN/Page_KDMC - CMS/input_txtdeal'

2018-05-14 14:05:54 - [MESSAGE][PASSED] - Text '1.0' is set on object 'Object Repository/MOH AND GRN/Page_KDMC - CMS/input_txtdeal'

2018-05-14 14:05:54 - [TEST_STEP][PASSED] - setText: Finding Test Object with id 'Object Repository/MOH AND GRN/Page_KDMC - CMS/input_txtbatchno'

2018-05-14 14:05:54 - [TEST_STEP][PASSED] - Statement - switch (id): Finding Test Object with id 'Object Repository/MOH AND GRN/Page_KDMC - CMS/input_txtmrp'

2018-05-14 14:05:54 - [TEST_STEP][PASSED] - Statement - case 1:: Text 'BA836.0' is set on object 'Object Repository/MOH AND GRN/Page_KDMC - CMS/input_txtbatchno'

2018-05-14 14:05:54 - [TEST_STEP][PASSED] - Statement - return (java.lang.Math.floor((java.lang.Math.random() * ((max - min) + 1))) + min): Text 'BA836.0' is set on object 'Object Repository/MOH AND GRN/Page_KDMC - CMS/input_txtbatchno'

2018-05-14 14:05:55 - [MESSAGE][PASSED] - Text 'BA836.0' is set on object 'Object Repository/MOH AND GRN/Page_KDMC - CMS/input_txtbatchno'

2018-05-14 14:05:55 - [TEST_STEP][PASSED] - rightClick: Object: 'Object Repository/GRN/Page_KDMC - CMS/input_txtexpdate' is right clicked on

2018-05-14 14:05:55 - [MESSAGE][PASSED] - Object: 'Object Repository/GRN/Page_KDMC - CMS/input_txtexpdate' is right clicked on

2018-05-14 14:05:55 - [TEST_STEP][PASSED] - selectOptionByIndex: All options with index in [1] are selected on object 'Object Repository/GRN/Page_KDMC - CMS/select_20182019202020212022202'

2018-05-14 14:05:55 - [MESSAGE][PASSED] - All options with index in [1] are selected on object 'Object Repository/GRN/Page_KDMC - CMS/select_20182019202020212022202'

2018-05-14 14:05:55 - [TEST_STEP][PASSED] - selectOptionByIndex: All options with index in [1] are selected on object 'Object Repository/GRN/Page_KDMC - CMS/select_JanFebMarAprMayJunJulAu'

2018-05-14 14:05:55 - [MESSAGE][PASSED] - All options with index in [1] are selected on object 'Object Repository/GRN/Page_KDMC - CMS/select_JanFebMarAprMayJunJulAu'

2018-05-14 14:05:55 - [TEST_STEP][PASSED] - click: Object: 'Object Repository/MOH AND GRN/Page_KDMC - CMS/a_12' is clicked on

2018-05-14 14:05:55 - [MESSAGE][PASSED] - Object: 'Object Repository/MOH AND GRN/Page_KDMC - CMS/a_12' is clicked on

2018-05-14 14:05:55 - [TEST_STEP][PASSED] - click: Object: 'Object Repository/MOH AND GRN/Page_KDMC - CMS/input_btnadd' is clicked on

2018-05-14 14:05:55 - [MESSAGE][PASSED] - Object: 'Object Repository/MOH AND GRN/Page_KDMC - CMS/input_btnadd' is clicked on

2018-05-14 14:05:55 - [TEST_STEP][PASSED] - Statement - If (s == 10): null

2018-05-14 14:05:55 - [TEST_STEP][PASSED] - Statement - Else: null

2018-05-14 14:05:55 - [TEST_STEP][PASSED] - Statement - (s++): null

2018-05-14 14:05:55 - [TEST_STEP][PASSED] - delay: Delayed 1 second(s)

2018-05-14 14:05:56 - [MESSAGE][PASSED] - Delayed 1 second(s)

2018-05-14 14:05:56 - [TEST_STEP][PASSED] - selectOptionByIndex: All options with index in [12] are selected on object 'Object Repository/MOH AND GRN/Page_KDMC - CMS/select_--Select--Amikacin -500'

2018-05-14 14:05:56 - [MESSAGE][PASSED] - All options with index in [12] are selected on object 'Object Repository/MOH AND GRN/Page_KDMC - CMS/select_--Select--Amikacin -500'

2018-05-14 14:05:56 - [TEST_STEP][PASSED] - setText: Text '50000' is set on object 'Object Repository/MOH AND GRN/Page_KDMC - CMS/input_txtqty'

2018-05-14 14:05:56 - [MESSAGE][PASSED] - Text '50000' is set on object 'Object Repository/MOH AND GRN/Page_KDMC - CMS/input_txtqty'

2018-05-14 14:05:56 - [TEST_STEP][PASSED] - selectOptionByIndex: All options with index in [1] are selected on object 'Object Repository/MOH AND GRN/Page_KDMC - CMS/select_--Select--No Tax0'

2018-05-14 14:05:57 - [MESSAGE][PASSED] - All options with index in [1] are selected on object 'Object Repository/MOH AND GRN/Page_KDMC - CMS/select_--Select--No Tax0'

2018-05-14 14:05:57 - [TEST_STEP][PASSED] - setText: Finding Test Object with id 'Object Repository/MOH AND GRN/Page_KDMC - CMS/input_txtmrp'

2018-05-14 14:05:57 - [TEST_STEP][PASSED] - Statement - switch (id): Finding Test Object with id 'Object Repository/MOH AND GRN/Page_KDMC - CMS/input_txtdeal'

2018-05-14 14:05:57 - [TEST_STEP][PASSED] - Statement - case 4:: Text '31.0' is set on object 'Object Repository/MOH AND GRN/Page_KDMC - CMS/input_txtmrp'

2018-05-14 14:05:57 - [TEST_STEP][PASSED] - Statement - return (java.lang.Math.floor((java.lang.Math.random() * ((max - min) + 1))) + min): Text '31.0' is set on object 'Object Repository/MOH AND GRN/Page_KDMC - CMS/input_txtmrp'

2018-05-14 14:05:57 - [MESSAGE][PASSED] - Text '31.0' is set on object 'Object Repository/MOH AND GRN/Page_KDMC - CMS/input_txtmrp'

2018-05-14 14:05:57 - [TEST_STEP][PASSED] - setText: Finding Test Object with id 'Object Repository/MOH AND GRN/Page_KDMC - CMS/input_txtdeal'

2018-05-14 14:05:57 - [TEST_STEP][PASSED] - Statement - switch (id): Finding Test Object with id 'Object Repository/MOH AND GRN/Page_KDMC - CMS/input_txtbatchno'

2018-05-14 14:05:57 - [TEST_STEP][PASSED] - Statement - case 5:: Text '8.0' is set on object 'Object Repository/MOH AND GRN/Page_KDMC - CMS/input_txtdeal'

2018-05-14 14:05:57 - [TEST_STEP][PASSED] - Statement - return (java.lang.Math.floor((java.lang.Math.random() * ((max - min) + 1))) + min): Text '8.0' is set on object 'Object Repository/MOH AND GRN/Page_KDMC - CMS/input_txtdeal'

2018-05-14 14:05:57 - [MESSAGE][PASSED] - Text '8.0' is set on object 'Object Repository/MOH AND GRN/Page_KDMC - CMS/input_txtdeal'

2018-05-14 14:05:57 - [TEST_STEP][PASSED] - setText: Finding Test Object with id 'Object Repository/MOH AND GRN/Page_KDMC - CMS/input_txtbatchno'

2018-05-14 14:05:57 - [TEST_STEP][PASSED] - Statement - switch (id): Finding Test Object with id 'Object Repository/MOH AND GRN/Page_KDMC - CMS/input_txtmrp'

2018-05-14 14:05:57 - [TEST_STEP][PASSED] - Statement - case 1:: Text 'BA516.0' is set on object 'Object Repository/MOH AND GRN/Page_KDMC - CMS/input_txtbatchno'

2018-05-14 14:05:57 - [TEST_STEP][PASSED] - Statement - return (java.lang.Math.floor((java.lang.Math.random() * ((max - min) + 1))) + min): Text 'BA516.0' is set on object 'Object Repository/MOH AND GRN/Page_KDMC - CMS/input_txtbatchno'

2018-05-14 14:05:57 - [MESSAGE][PASSED] - Text 'BA516.0' is set on object 'Object Repository/MOH AND GRN/Page_KDMC - CMS/input_txtbatchno'

2018-05-14 14:05:57 - [TEST_STEP][PASSED] - rightClick: Object: 'Object Repository/GRN/Page_KDMC - CMS/input_txtexpdate' is right clicked on

2018-05-14 14:05:57 - [MESSAGE][PASSED] - Object: 'Object Repository/GRN/Page_KDMC - CMS/input_txtexpdate' is right clicked on

2018-05-14 14:05:57 - [TEST_STEP][PASSED] - selectOptionByIndex: All options with index in [2] are selected on object 'Object Repository/GRN/Page_KDMC - CMS/select_20182019202020212022202'

2018-05-14 14:05:57 - [MESSAGE][PASSED] - All options with index in [2] are selected on object 'Object Repository/GRN/Page_KDMC - CMS/select_20182019202020212022202'

2018-05-14 14:05:57 - [TEST_STEP][PASSED] - selectOptionByIndex: All options with index in [2] are selected on object 'Object Repository/GRN/Page_KDMC - CMS/select_JanFebMarAprMayJunJulAu'

2018-05-14 14:05:57 - [MESSAGE][PASSED] - All options with index in [2] are selected on object 'Object Repository/GRN/Page_KDMC - CMS/select_JanFebMarAprMayJunJulAu'

2018-05-14 14:05:57 - [TEST_STEP][PASSED] - click: Object: 'Object Repository/MOH AND GRN/Page_KDMC - CMS/a_12' is clicked on

2018-05-14 14:05:57 - [MESSAGE][PASSED] - Object: 'Object Repository/MOH AND GRN/Page_KDMC - CMS/a_12' is clicked on

2018-05-14 14:05:57 - [TEST_STEP][PASSED] - click: Object: 'Object Repository/MOH AND GRN/Page_KDMC - CMS/input_btnadd' is clicked on

2018-05-14 14:05:58 - [MESSAGE][PASSED] - Object: 'Object Repository/MOH AND GRN/Page_KDMC - CMS/input_btnadd' is clicked on

2018-05-14 14:05:58 - [TEST_STEP][PASSED] - Statement - If (s == 10): null

2018-05-14 14:05:58 - [TEST_STEP][PASSED] - Statement - Else: null

2018-05-14 14:05:58 - [TEST_STEP][PASSED] - Statement - (s++): null

2018-05-14 14:05:58 - [TEST_STEP][PASSED] - delay: Delayed 1 second(s)

2018-05-14 14:05:59 - [MESSAGE][PASSED] - Delayed 1 second(s)

2018-05-14 14:05:59 - [TEST_STEP][PASSED] - selectOptionByIndex: All options with index in [13] are selected on object 'Object Repository/MOH AND GRN/Page_KDMC - CMS/select_--Select--Amikacin -500'

2018-05-14 14:05:59 - [MESSAGE][PASSED] - All options with index in [13] are selected on object 'Object Repository/MOH AND GRN/Page_KDMC - CMS/select_--Select--Amikacin -500'

2018-05-14 14:05:59 - [TEST_STEP][PASSED] - setText: Text '50000' is set on object 'Object Repository/MOH AND GRN/Page_KDMC - CMS/input_txtqty'

2018-05-14 14:05:59 - [MESSAGE][PASSED] - Text '50000' is set on object 'Object Repository/MOH AND GRN/Page_KDMC - CMS/input_txtqty'

2018-05-14 14:05:59 - [TEST_STEP][PASSED] - selectOptionByIndex: All options with index in [1] are selected on object 'Object Repository/MOH AND GRN/Page_KDMC - CMS/select_--Select--No Tax0'

2018-05-14 14:05:59 - [MESSAGE][PASSED] - All options with index in [1] are selected on object 'Object Repository/MOH AND GRN/Page_KDMC - CMS/select_--Select--No Tax0'

2018-05-14 14:05:59 - [TEST_STEP][PASSED] - setText: Finding Test Object with id 'Object Repository/MOH AND GRN/Page_KDMC - CMS/input_txtmrp'

2018-05-14 14:05:59 - [TEST_STEP][PASSED] - Statement - switch (id): Finding Test Object with id 'Object Repository/MOH AND GRN/Page_KDMC - CMS/input_txtdeal'

2018-05-14 14:05:59 - [TEST_STEP][PASSED] - Statement - case 4:: Text '34.0' is set on object 'Object Repository/MOH AND GRN/Page_KDMC - CMS/input_txtmrp'

2018-05-14 14:05:59 - [TEST_STEP][PASSED] - Statement - return (java.lang.Math.floor((java.lang.Math.random() * ((max - min) + 1))) + min): Text '34.0' is set on object 'Object Repository/MOH AND GRN/Page_KDMC - CMS/input_txtmrp'

2018-05-14 14:05:59 - [MESSAGE][PASSED] - Text '34.0' is set on object 'Object Repository/MOH AND GRN/Page_KDMC - CMS/input_txtmrp'

2018-05-14 14:05:59 - [TEST_STEP][PASSED] - setText: Finding Test Object with id 'Object Repository/MOH AND GRN/Page_KDMC - CMS/input_txtdeal'

2018-05-14 14:05:59 - [TEST_STEP][PASSED] - Statement - switch (id): Finding Test Object with id 'Object Repository/MOH AND GRN/Page_KDMC - CMS/input_txtbatchno'

2018-05-14 14:05:59 - [TEST_STEP][PASSED] - Statement - case 5:: Text '6.0' is set on object 'Object Repository/MOH AND GRN/Page_KDMC - CMS/input_txtdeal'

2018-05-14 14:05:59 - [TEST_STEP][PASSED] - Statement - return (java.lang.Math.floor((java.lang.Math.random() * ((max - min) + 1))) + min): Text '6.0' is set on object 'Object Repository/MOH AND GRN/Page_KDMC - CMS/input_txtdeal'

2018-05-14 14:05:59 - [MESSAGE][PASSED] - Text '6.0' is set on object 'Object Repository/MOH AND GRN/Page_KDMC - CMS/input_txtdeal'

2018-05-14 14:05:59 - [TEST_STEP][PASSED] - setText: Finding Test Object with id 'Object Repository/MOH AND GRN/Page_KDMC - CMS/input_txtbatchno'

2018-05-14 14:05:59 - [TEST_STEP][PASSED] - Statement - switch (id): Finding Test Object with id 'Object Repository/MOH AND GRN/Page_KDMC - CMS/input_txtmrp'

2018-05-14 14:05:59 - [TEST_STEP][PASSED] - Statement - case 1:: Text 'BA67.0' is set on object 'Object Repository/MOH AND GRN/Page_KDMC - CMS/input_txtbatchno'

2018-05-14 14:05:59 - [TEST_STEP][PASSED] - Statement - return (java.lang.Math.floor((java.lang.Math.random() * ((max - min) + 1))) + min): Text 'BA67.0' is set on object 'Object Repository/MOH AND GRN/Page_KDMC - CMS/input_txtbatchno'

2018-05-14 14:05:59 - [MESSAGE][PASSED] - Text 'BA67.0' is set on object 'Object Repository/MOH AND GRN/Page_KDMC - CMS/input_txtbatchno'

2018-05-14 14:05:59 - [TEST_STEP][PASSED] - rightClick: Object: 'Object Repository/GRN/Page_KDMC - CMS/input_txtexpdate' is right clicked on

2018-05-14 14:05:59 - [MESSAGE][PASSED] - Object: 'Object Repository/GRN/Page_KDMC - CMS/input_txtexpdate' is right clicked on

2018-05-14 14:05:59 - [TEST_STEP][PASSED] - selectOptionByIndex: All options with index in [3] are selected on object 'Object Repository/GRN/Page_KDMC - CMS/select_20182019202020212022202'

2018-05-14 14:06:00 - [MESSAGE][PASSED] - All options with index in [3] are selected on object 'Object Repository/GRN/Page_KDMC - CMS/select_20182019202020212022202'

2018-05-14 14:06:00 - [TEST_STEP][PASSED] - selectOptionByIndex: All options with index in [3] are selected on object 'Object Repository/GRN/Page_KDMC - CMS/select_JanFebMarAprMayJunJulAu'

2018-05-14 14:06:00 - [MESSAGE][PASSED] - All options with index in [3] are selected on object 'Object Repository/GRN/Page_KDMC - CMS/select_JanFebMarAprMayJunJulAu'

2018-05-14 14:06:00 - [TEST_STEP][PASSED] - click: Object: 'Object Repository/MOH AND GRN/Page_KDMC - CMS/a_12' is clicked on

2018-05-14 14:06:00 - [MESSAGE][PASSED] - Object: 'Object Repository/MOH AND GRN/Page_KDMC - CMS/a_12' is clicked on

2018-05-14 14:06:00 - [TEST_STEP][PASSED] - click: Object: 'Object Repository/MOH AND GRN/Page_KDMC - CMS/input_btnadd' is clicked on

2018-05-14 14:06:00 - [MESSAGE][PASSED] - Object: 'Object Repository/MOH AND GRN/Page_KDMC - CMS/input_btnadd' is clicked on

2018-05-14 14:06:00 - [TEST_STEP][PASSED] - Statement - If (s == 10): null

2018-05-14 14:06:00 - [TEST_STEP][PASSED] - Statement - Else: null

2018-05-14 14:06:00 - [TEST_STEP][PASSED] - Statement - (s++): null

2018-05-14 14:06:00 - [TEST_STEP][PASSED] - delay: Delayed 1 second(s)

2018-05-14 14:06:01 - [MESSAGE][PASSED] - Delayed 1 second(s)

2018-05-14 14:06:01 - [TEST_STEP][PASSED] - selectOptionByIndex: All options with index in [14] are selected on object 'Object Repository/MOH AND GRN/Page_KDMC - CMS/select_--Select--Amikacin -500'

2018-05-14 14:06:01 - [MESSAGE][PASSED] - All options with index in [14] are selected on object 'Object Repository/MOH AND GRN/Page_KDMC - CMS/select_--Select--Amikacin -500'

2018-05-14 14:06:01 - [TEST_STEP][PASSED] - setText: Text '50000' is set on object 'Object Repository/MOH AND GRN/Page_KDMC - CMS/input_txtqty'

2018-05-14 14:06:01 - [MESSAGE][PASSED] - Text '50000' is set on object 'Object Repository/MOH AND GRN/Page_KDMC - CMS/input_txtqty'

2018-05-14 14:06:01 - [TEST_STEP][PASSED] - selectOptionByIndex: All options with index in [1] are selected on object 'Object Repository/MOH AND GRN/Page_KDMC - CMS/select_--Select--No Tax0'

2018-05-14 14:06:01 - [MESSAGE][PASSED] - All options with index in [1] are selected on object 'Object Repository/MOH AND GRN/Page_KDMC - CMS/select_--Select--No Tax0'

2018-05-14 14:06:01 - [TEST_STEP][PASSED] - setText: Finding Test Object with id 'Object Repository/MOH AND GRN/Page_KDMC - CMS/input_txtmrp'

2018-05-14 14:06:01 - [TEST_STEP][PASSED] - Statement - switch (id): Finding Test Object with id 'Object Repository/MOH AND GRN/Page_KDMC - CMS/input_txtdeal'

2018-05-14 14:06:01 - [TEST_STEP][PASSED] - Statement - case 4:: Text '25.0' is set on object 'Object Repository/MOH AND GRN/Page_KDMC - CMS/input_txtmrp'

2018-05-14 14:06:01 - [TEST_STEP][PASSED] - Statement - return (java.lang.Math.floor((java.lang.Math.random() * ((max - min) + 1))) + min): Text '25.0' is set on object 'Object Repository/MOH AND GRN/Page_KDMC - CMS/input_txtmrp'

2018-05-14 14:06:02 - [MESSAGE][PASSED] - Text '25.0' is set on object 'Object Repository/MOH AND GRN/Page_KDMC - CMS/input_txtmrp'

2018-05-14 14:06:02 - [TEST_STEP][PASSED] - setText: Finding Test Object with id 'Object Repository/MOH AND GRN/Page_KDMC - CMS/input_txtdeal'

2018-05-14 14:06:02 - [TEST_STEP][PASSED] - Statement - switch (id): Finding Test Object with id 'Object Repository/MOH AND GRN/Page_KDMC - CMS/input_txtbatchno'

2018-05-14 14:06:02 - [TEST_STEP][PASSED] - Statement - case 5:: Text '4.0' is set on object 'Object Repository/MOH AND GRN/Page_KDMC - CMS/input_txtdeal'

2018-05-14 14:06:02 - [TEST_STEP][PASSED] - Statement - return (java.lang.Math.floor((java.lang.Math.random() * ((max - min) + 1))) + min): Text '4.0' is set on object 'Object Repository/MOH AND GRN/Page_KDMC - CMS/input_txtdeal'

2018-05-14 14:06:02 - [MESSAGE][PASSED] - Text '4.0' is set on object 'Object Repository/MOH AND GRN/Page_KDMC - CMS/input_txtdeal'

2018-05-14 14:06:02 - [TEST_STEP][PASSED] - setText: Finding Test Object with id 'Object Repository/MOH AND GRN/Page_KDMC - CMS/input_txtbatchno'

2018-05-14 14:06:02 - [TEST_STEP][PASSED] - Statement - switch (id): Finding Test Object with id 'Object Repository/MOH AND GRN/Page_KDMC - CMS/input_txtmrp'

2018-05-14 14:06:02 - [TEST_STEP][PASSED] - Statement - case 1:: Text 'BA998.0' is set on object 'Object Repository/MOH AND GRN/Page_KDMC - CMS/input_txtbatchno'

2018-05-14 14:06:02 - [TEST_STEP][PASSED] - Statement - return (java.lang.Math.floor((java.lang.Math.random() * ((max - min) + 1))) + min): Text 'BA998.0' is set on object 'Object Repository/MOH AND GRN/Page_KDMC - CMS/input_txtbatchno'

2018-05-14 14:06:02 - [MESSAGE][PASSED] - Text 'BA998.0' is set on object 'Object Repository/MOH AND GRN/Page_KDMC - CMS/input_txtbatchno'

2018-05-14 14:06:02 - [TEST_STEP][PASSED] - rightClick: Object: 'Object Repository/GRN/Page_KDMC - CMS/input_txtexpdate' is right clicked on

2018-05-14 14:06:02 - [MESSAGE][PASSED] - Object: 'Object Repository/GRN/Page_KDMC - CMS/input_txtexpdate' is right clicked on

2018-05-14 14:06:02 - [TEST_STEP][PASSED] - selectOptionByIndex: All options with index in [4] are selected on object 'Object Repository/GRN/Page_KDMC - CMS/select_20182019202020212022202'

2018-05-14 14:06:02 - [MESSAGE][PASSED] - All options with index in [4] are selected on object 'Object Repository/GRN/Page_KDMC - CMS/select_20182019202020212022202'

2018-05-14 14:06:02 - [TEST_STEP][PASSED] - selectOptionByIndex: All options with index in [4] are selected on object 'Object Repository/GRN/Page_KDMC - CMS/select_JanFebMarAprMayJunJulAu'

2018-05-14 14:06:02 - [MESSAGE][PASSED] - All options with index in [4] are selected on object 'Object Repository/GRN/Page_KDMC - CMS/select_JanFebMarAprMayJunJulAu'

2018-05-14 14:06:02 - [TEST_STEP][PASSED] - click: Object: 'Object Repository/MOH AND GRN/Page_KDMC - CMS/a_12' is clicked on

2018-05-14 14:06:02 - [MESSAGE][PASSED] - Object: 'Object Repository/MOH AND GRN/Page_KDMC - CMS/a_12' is clicked on

2018-05-14 14:06:02 - [TEST_STEP][PASSED] - click: Object: 'Object Repository/MOH AND GRN/Page_KDMC - CMS/input_btnadd' is clicked on

2018-05-14 14:06:02 - [MESSAGE][PASSED] - Object: 'Object Repository/MOH AND GRN/Page_KDMC - CMS/input_btnadd' is clicked on

2018-05-14 14:06:02 - [TEST_STEP][PASSED] - Statement - If (s == 10): null

2018-05-14 14:06:02 - [TEST_STEP][PASSED] - Statement - Else: null

2018-05-14 14:06:02 - [TEST_STEP][PASSED] - Statement - (s++): null

2018-05-14 14:06:02 - [TEST_STEP][PASSED] - delay: Delayed 1 second(s)

2018-05-14 14:06:03 - [MESSAGE][PASSED] - Delayed 1 second(s)

2018-05-14 14:06:03 - [TEST_STEP][PASSED] - selectOptionByIndex: All options with index in [15] are selected on object 'Object Repository/MOH AND GRN/Page_KDMC - CMS/select_--Select--Amikacin -500'

2018-05-14 14:06:04 - [MESSAGE][PASSED] - All options with index in [15] are selected on object 'Object Repository/MOH AND GRN/Page_KDMC - CMS/select_--Select--Amikacin -500'

2018-05-14 14:06:04 - [TEST_STEP][PASSED] - setText: Text '50000' is set on object 'Object Repository/MOH AND GRN/Page_KDMC - CMS/input_txtqty'

2018-05-14 14:06:04 - [MESSAGE][PASSED] - Text '50000' is set on object 'Object Repository/MOH AND GRN/Page_KDMC - CMS/input_txtqty'

2018-05-14 14:06:04 - [TEST_STEP][PASSED] - selectOptionByIndex: All options with index in [1] are selected on object 'Object Repository/MOH AND GRN/Page_KDMC - CMS/select_--Select--No Tax0'

2018-05-14 14:06:04 - [MESSAGE][PASSED] - All options with index in [1] are selected on object 'Object Repository/MOH AND GRN/Page_KDMC - CMS/select_--Select--No Tax0'

2018-05-14 14:06:04 - [TEST_STEP][PASSED] - setText: Finding Test Object with id 'Object Repository/MOH AND GRN/Page_KDMC - CMS/input_txtmrp'

2018-05-14 14:06:04 - [TEST_STEP][PASSED] - Statement - switch (id): Finding Test Object with id 'Object Repository/MOH AND GRN/Page_KDMC - CMS/input_txtdeal'

2018-05-14 14:06:04 - [TEST_STEP][PASSED] - Statement - case 4:: Text '32.0' is set on object 'Object Repository/MOH AND GRN/Page_KDMC - CMS/input_txtmrp'

2018-05-14 14:06:04 - [TEST_STEP][PASSED] - Statement - return (java.lang.Math.floor((java.lang.Math.random() * ((max - min) + 1))) + min): Text '32.0' is set on object 'Object Repository/MOH AND GRN/Page_KDMC - CMS/input_txtmrp'

2018-05-14 14:06:04 - [MESSAGE][PASSED] - Text '32.0' is set on object 'Object Repository/MOH AND GRN/Page_KDMC - CMS/input_txtmrp'

2018-05-14 14:06:04 - [TEST_STEP][PASSED] - setText: Finding Test Object with id 'Object Repository/MOH AND GRN/Page_KDMC - CMS/input_txtdeal'

2018-05-14 14:06:04 - [TEST_STEP][PASSED] - Statement - switch (id): Finding Test Object with id 'Object Repository/MOH AND GRN/Page_KDMC - CMS/input_txtbatchno'

2018-05-14 14:06:04 - [TEST_STEP][PASSED] - Statement - case 5:: Text '4.0' is set on object 'Object Repository/MOH AND GRN/Page_KDMC - CMS/input_txtdeal'

2018-05-14 14:06:04 - [TEST_STEP][PASSED] - Statement - return (java.lang.Math.floor((java.lang.Math.random() * ((max - min) + 1))) + min): Text '4.0' is set on object 'Object Repository/MOH AND GRN/Page_KDMC - CMS/input_txtdeal'

2018-05-14 14:06:04 - [MESSAGE][PASSED] - Text '4.0' is set on object 'Object Repository/MOH AND GRN/Page_KDMC - CMS/input_txtdeal'

2018-05-14 14:06:04 - [TEST_STEP][PASSED] - setText: Finding Test Object with id 'Object Repository/MOH AND GRN/Page_KDMC - CMS/input_txtbatchno'

2018-05-14 14:06:04 - [TEST_STEP][PASSED] - Statement - switch (id): Finding Test Object with id 'Object Repository/MOH AND GRN/Page_KDMC - CMS/input_txtmrp'

2018-05-14 14:06:04 - [TEST_STEP][PASSED] - Statement - case 1:: Text 'BA563.0' is set on object 'Object Repository/MOH AND GRN/Page_KDMC - CMS/input_txtbatchno'

2018-05-14 14:06:04 - [TEST_STEP][PASSED] - Statement - return (java.lang.Math.floor((java.lang.Math.random() * ((max - min) + 1))) + min): Text 'BA563.0' is set on object 'Object Repository/MOH AND GRN/Page_KDMC - CMS/input_txtbatchno'

2018-05-14 14:06:04 - [MESSAGE][PASSED] - Text 'BA563.0' is set on object 'Object Repository/MOH AND GRN/Page_KDMC - CMS/input_txtbatchno'

2018-05-14 14:06:04 - [TEST_STEP][PASSED] - rightClick: Object: 'Object Repository/GRN/Page_KDMC - CMS/input_txtexpdate' is right clicked on

2018-05-14 14:06:04 - [MESSAGE][PASSED] - Object: 'Object Repository/GRN/Page_KDMC - CMS/input_txtexpdate' is right clicked on

2018-05-14 14:06:04 - [TEST_STEP][PASSED] - selectOptionByIndex: All options with index in [5] are selected on object 'Object Repository/GRN/Page_KDMC - CMS/select_20182019202020212022202'

2018-05-14 14:06:05 - [MESSAGE][PASSED] - All options with index in [5] are selected on object 'Object Repository/GRN/Page_KDMC - CMS/select_20182019202020212022202'

2018-05-14 14:06:05 - [TEST_STEP][PASSED] - selectOptionByIndex: All options with index in [5] are selected on object 'Object Repository/GRN/Page_KDMC - CMS/select_JanFebMarAprMayJunJulAu'

2018-05-14 14:06:05 - [MESSAGE][PASSED] - All options with index in [5] are selected on object 'Object Repository/GRN/Page_KDMC - CMS/select_JanFebMarAprMayJunJulAu'

2018-05-14 14:06:05 - [TEST_STEP][PASSED] - click: Object: 'Object Repository/MOH AND GRN/Page_KDMC - CMS/a_12' is clicked on

2018-05-14 14:06:05 - [MESSAGE][PASSED] - Object: 'Object Repository/MOH AND GRN/Page_KDMC - CMS/a_12' is clicked on

2018-05-14 14:06:05 - [TEST_STEP][PASSED] - click: Object: 'Object Repository/MOH AND GRN/Page_KDMC - CMS/input_btnadd' is clicked on

2018-05-14 14:06:05 - [MESSAGE][PASSED] - Object: 'Object Repository/MOH AND GRN/Page_KDMC - CMS/input_btnadd' is clicked on

2018-05-14 14:06:05 - [TEST_STEP][PASSED] - Statement - If (s == 10): null

2018-05-14 14:06:05 - [TEST_STEP][PASSED] - Statement - Else: null

2018-05-14 14:06:05 - [TEST_STEP][PASSED] - Statement - (s++): null

2018-05-14 14:06:05 - [TEST_STEP][PASSED] - delay: Delayed 1 second(s)

2018-05-14 14:06:06 - [MESSAGE][PASSED] - Delayed 1 second(s)

2018-05-14 14:06:06 - [TEST_STEP][PASSED] - selectOptionByIndex: All options with index in [16] are selected on object 'Object Repository/MOH AND GRN/Page_KDMC - CMS/select_--Select--Amikacin -500'

2018-05-14 14:06:06 - [MESSAGE][PASSED] - All options with index in [16] are selected on object 'Object Repository/MOH AND GRN/Page_KDMC - CMS/select_--Select--Amikacin -500'

2018-05-14 14:06:06 - [TEST_STEP][PASSED] - setText: Text '50000' is set on object 'Object Repository/MOH AND GRN/Page_KDMC - CMS/input_txtqty'

2018-05-14 14:06:06 - [MESSAGE][PASSED] - Text '50000' is set on object 'Object Repository/MOH AND GRN/Page_KDMC - CMS/input_txtqty'

2018-05-14 14:06:06 - [TEST_STEP][PASSED] - selectOptionByIndex: All options with index in [1] are selected on object 'Object Repository/MOH AND GRN/Page_KDMC - CMS/select_--Select--No Tax0'

2018-05-14 14:06:06 - [MESSAGE][PASSED] - All options with index in [1] are selected on object 'Object Repository/MOH AND GRN/Page_KDMC - CMS/select_--Select--No Tax0'

2018-05-14 14:06:06 - [TEST_STEP][PASSED] - setText: Finding Test Object with id 'Object Repository/MOH AND GRN/Page_KDMC - CMS/input_txtmrp'

2018-05-14 14:06:06 - [TEST_STEP][PASSED] - Statement - switch (id): Finding Test Object with id 'Object Repository/MOH AND GRN/Page_KDMC - CMS/input_txtdeal'

2018-05-14 14:06:06 - [TEST_STEP][PASSED] - Statement - case 4:: Text '28.0' is set on object 'Object Repository/MOH AND GRN/Page_KDMC - CMS/input_txtmrp'

2018-05-14 14:06:06 - [TEST_STEP][PASSED] - Statement - return (java.lang.Math.floor((java.lang.Math.random() * ((max - min) + 1))) + min): Text '28.0' is set on object 'Object Repository/MOH AND GRN/Page_KDMC - CMS/input_txtmrp'

2018-05-14 14:06:07 - [MESSAGE][PASSED] - Text '28.0' is set on object 'Object Repository/MOH AND GRN/Page_KDMC - CMS/input_txtmrp'

2018-05-14 14:06:07 - [TEST_STEP][PASSED] - setText: Finding Test Object with id 'Object Repository/MOH AND GRN/Page_KDMC - CMS/input_txtdeal'

2018-05-14 14:06:07 - [TEST_STEP][PASSED] - Statement - switch (id): Finding Test Object with id 'Object Repository/MOH AND GRN/Page_KDMC - CMS/input_txtbatchno'

2018-05-14 14:06:07 - [TEST_STEP][PASSED] - Statement - case 5:: Text '11.0' is set on object 'Object Repository/MOH AND GRN/Page_KDMC - CMS/input_txtdeal'

2018-05-14 14:06:07 - [TEST_STEP][PASSED] - Statement - return (java.lang.Math.floor((java.lang.Math.random() * ((max - min) + 1))) + min): Text '11.0' is set on object 'Object Repository/MOH AND GRN/Page_KDMC - CMS/input_txtdeal'

2018-05-14 14:06:07 - [MESSAGE][PASSED] - Text '11.0' is set on object 'Object Repository/MOH AND GRN/Page_KDMC - CMS/input_txtdeal'

2018-05-14 14:06:07 - [TEST_STEP][PASSED] - setText: Finding Test Object with id 'Object Repository/MOH AND GRN/Page_KDMC - CMS/input_txtbatchno'

2018-05-14 14:06:07 - [TEST_STEP][PASSED] - Statement - switch (id): Finding Test Object with id 'Object Repository/MOH AND GRN/Page_KDMC - CMS/input_txtmrp'

2018-05-14 14:06:07 - [TEST_STEP][PASSED] - Statement - case 1:: Text 'BA698.0' is set on object 'Object Repository/MOH AND GRN/Page_KDMC - CMS/input_txtbatchno'

2018-05-14 14:06:07 - [TEST_STEP][PASSED] - Statement - return (java.lang.Math.floor((java.lang.Math.random() * ((max - min) + 1))) + min): Text 'BA698.0' is set on object 'Object Repository/MOH AND GRN/Page_KDMC - CMS/input_txtbatchno'

2018-05-14 14:06:07 - [MESSAGE][PASSED] - Text 'BA698.0' is set on object 'Object Repository/MOH AND GRN/Page_KDMC - CMS/input_txtbatchno'

2018-05-14 14:06:07 - [TEST_STEP][PASSED] - rightClick: Object: 'Object Repository/GRN/Page_KDMC - CMS/input_txtexpdate' is right clicked on

2018-05-14 14:06:07 - [MESSAGE][PASSED] - Object: 'Object Repository/GRN/Page_KDMC - CMS/input_txtexpdate' is right clicked on

2018-05-14 14:06:07 - [TEST_STEP][PASSED] - selectOptionByIndex: All options with index in [6] are selected on object 'Object Repository/GRN/Page_KDMC - CMS/select_20182019202020212022202'

2018-05-14 14:06:07 - [MESSAGE][PASSED] - All options with index in [6] are selected on object 'Object Repository/GRN/Page_KDMC - CMS/select_20182019202020212022202'

2018-05-14 14:06:07 - [TEST_STEP][PASSED] - selectOptionByIndex: All options with index in [6] are selected on object 'Object Repository/GRN/Page_KDMC - CMS/select_JanFebMarAprMayJunJulAu'

2018-05-14 14:06:07 - [MESSAGE][PASSED] - All options with index in [6] are selected on object 'Object Repository/GRN/Page_KDMC - CMS/select_JanFebMarAprMayJunJulAu'

2018-05-14 14:06:07 - [TEST_STEP][PASSED] - click: Object: 'Object Repository/MOH AND GRN/Page_KDMC - CMS/a_12' is clicked on

2018-05-14 14:06:07 - [MESSAGE][PASSED] - Object: 'Object Repository/MOH AND GRN/Page_KDMC - CMS/a_12' is clicked on

2018-05-14 14:06:07 - [TEST_STEP][PASSED] - click: Object: 'Object Repository/MOH AND GRN/Page_KDMC - CMS/input_btnadd' is clicked on

2018-05-14 14:06:08 - [MESSAGE][PASSED] - Object: 'Object Repository/MOH AND GRN/Page_KDMC - CMS/input_btnadd' is clicked on

2018-05-14 14:06:08 - [TEST_STEP][PASSED] - Statement - If (s == 10): null

2018-05-14 14:06:08 - [TEST_STEP][PASSED] - Statement - Else: null

2018-05-14 14:06:08 - [TEST_STEP][PASSED] - Statement - (s++): null

2018-05-14 14:06:08 - [TEST_STEP][PASSED] - delay: Delayed 1 second(s)

2018-05-14 14:06:09 - [MESSAGE][PASSED] - Delayed 1 second(s)

2018-05-14 14:06:09 - [TEST_STEP][PASSED] - selectOptionByIndex: All options with index in [17] are selected on object 'Object Repository/MOH AND GRN/Page_KDMC - CMS/select_--Select--Amikacin -500'

2018-05-14 14:06:09 - [MESSAGE][PASSED] - All options with index in [17] are selected on object 'Object Repository/MOH AND GRN/Page_KDMC - CMS/select_--Select--Amikacin -500'

2018-05-14 14:06:09 - [TEST_STEP][PASSED] - setText: Text '50000' is set on object 'Object Repository/MOH AND GRN/Page_KDMC - CMS/input_txtqty'

2018-05-14 14:06:09 - [MESSAGE][PASSED] - Text '50000' is set on object 'Object Repository/MOH AND GRN/Page_KDMC - CMS/input_txtqty'

2018-05-14 14:06:09 - [TEST_STEP][PASSED] - selectOptionByIndex: All options with index in [1] are selected on object 'Object Repository/MOH AND GRN/Page_KDMC - CMS/select_--Select--No Tax0'

2018-05-14 14:06:09 - [MESSAGE][PASSED] - All options with index in [1] are selected on object 'Object Repository/MOH AND GRN/Page_KDMC - CMS/select_--Select--No Tax0'

2018-05-14 14:06:09 - [TEST_STEP][PASSED] - setText: Finding Test Object with id 'Object Repository/MOH AND GRN/Page_KDMC - CMS/input_txtmrp'

2018-05-14 14:06:09 - [TEST_STEP][PASSED] - Statement - switch (id): Finding Test Object with id 'Object Repository/MOH AND GRN/Page_KDMC - CMS/input_txtdeal'

2018-05-14 14:06:09 - [TEST_STEP][PASSED] - Statement - case 4:: Text '39.0' is set on object 'Object Repository/MOH AND GRN/Page_KDMC - CMS/input_txtmrp'

2018-05-14 14:06:09 - [TEST_STEP][PASSED] - Statement - return (java.lang.Math.floor((java.lang.Math.random() * ((max - min) + 1))) + min): Text '39.0' is set on object 'Object Repository/MOH AND GRN/Page_KDMC - CMS/input_txtmrp'

2018-05-14 14:06:09 - [MESSAGE][PASSED] - Text '39.0' is set on object 'Object Repository/MOH AND GRN/Page_KDMC - CMS/input_txtmrp'

2018-05-14 14:06:09 - [TEST_STEP][PASSED] - setText: Finding Test Object with id 'Object Repository/MOH AND GRN/Page_KDMC - CMS/input_txtdeal'

2018-05-14 14:06:09 - [TEST_STEP][PASSED] - Statement - switch (id): Finding Test Object with id 'Object Repository/MOH AND GRN/Page_KDMC - CMS/input_txtbatchno'

2018-05-14 14:06:09 - [TEST_STEP][PASSED] - Statement - case 5:: Text '7.0' is set on object 'Object Repository/MOH AND GRN/Page_KDMC - CMS/input_txtdeal'

2018-05-14 14:06:09 - [TEST_STEP][PASSED] - Statement - return (java.lang.Math.floor((java.lang.Math.random() * ((max - min) + 1))) + min): Text '7.0' is set on object 'Object Repository/MOH AND GRN/Page_KDMC - CMS/input_txtdeal'

2018-05-14 14:06:09 - [MESSAGE][PASSED] - Text '7.0' is set on object 'Object Repository/MOH AND GRN/Page_KDMC - CMS/input_txtdeal'

2018-05-14 14:06:09 - [TEST_STEP][PASSED] - setText: Finding Test Object with id 'Object Repository/MOH AND GRN/Page_KDMC - CMS/input_txtbatchno'

2018-05-14 14:06:09 - [TEST_STEP][PASSED] - Statement - switch (id): Finding Test Object with id 'Object Repository/MOH AND GRN/Page_KDMC - CMS/input_txtmrp'

2018-05-14 14:06:09 - [TEST_STEP][PASSED] - Statement - case 1:: Text 'BA188.0' is set on object 'Object Repository/MOH AND GRN/Page_KDMC - CMS/input_txtbatchno'

2018-05-14 14:06:09 - [TEST_STEP][PASSED] - Statement - return (java.lang.Math.floor((java.lang.Math.random() * ((max - min) + 1))) + min): Text 'BA188.0' is set on object 'Object Repository/MOH AND GRN/Page_KDMC - CMS/input_txtbatchno'

2018-05-14 14:06:09 - [MESSAGE][PASSED] - Text 'BA188.0' is set on object 'Object Repository/MOH AND GRN/Page_KDMC - CMS/input_txtbatchno'

2018-05-14 14:06:09 - [TEST_STEP][PASSED] - rightClick: Object: 'Object Repository/GRN/Page_KDMC - CMS/input_txtexpdate' is right clicked on

2018-05-14 14:06:10 - [MESSAGE][PASSED] - Object: 'Object Repository/GRN/Page_KDMC - CMS/input_txtexpdate' is right clicked on

2018-05-14 14:06:10 - [TEST_STEP][PASSED] - selectOptionByIndex: All options with index in [7] are selected on object 'Object Repository/GRN/Page_KDMC - CMS/select_20182019202020212022202'

2018-05-14 14:06:10 - [MESSAGE][PASSED] - All options with index in [7] are selected on object 'Object Repository/GRN/Page_KDMC - CMS/select_20182019202020212022202'

2018-05-14 14:06:10 - [TEST_STEP][PASSED] - selectOptionByIndex: All options with index in [7] are selected on object 'Object Repository/GRN/Page_KDMC - CMS/select_JanFebMarAprMayJunJulAu'

2018-05-14 14:06:10 - [MESSAGE][PASSED] - All options with index in [7] are selected on object 'Object Repository/GRN/Page_KDMC - CMS/select_JanFebMarAprMayJunJulAu'

2018-05-14 14:06:10 - [TEST_STEP][PASSED] - click: Object: 'Object Repository/MOH AND GRN/Page_KDMC - CMS/a_12' is clicked on

2018-05-14 14:06:10 - [MESSAGE][PASSED] - Object: 'Object Repository/MOH AND GRN/Page_KDMC - CMS/a_12' is clicked on

2018-05-14 14:06:10 - [TEST_STEP][PASSED] - click: Object: 'Object Repository/MOH AND GRN/Page_KDMC - CMS/input_btnadd' is clicked on

2018-05-14 14:06:10 - [MESSAGE][PASSED] - Object: 'Object Repository/MOH AND GRN/Page_KDMC - CMS/input_btnadd' is clicked on

2018-05-14 14:06:10 - [TEST_STEP][PASSED] - Statement - If (s == 10): null

2018-05-14 14:06:10 - [TEST_STEP][PASSED] - Statement - Else: null

2018-05-14 14:06:10 - [TEST_STEP][PASSED] - Statement - (s++): null

2018-05-14 14:06:10 - [TEST_STEP][PASSED] - delay: Delayed 1 second(s)

2018-05-14 14:06:11 - [MESSAGE][PASSED] - Delayed 1 second(s)

2018-05-14 14:06:11 - [TEST_STEP][PASSED] - selectOptionByIndex: All options with index in [18] are selected on object 'Object Repository/MOH AND GRN/Page_KDMC - CMS/select_--Select--Amikacin -500'

2018-05-14 14:06:11 - [MESSAGE][PASSED] - All options with index in [18] are selected on object 'Object Repository/MOH AND GRN/Page_KDMC - CMS/select_--Select--Amikacin -500'

2018-05-14 14:06:11 - [TEST_STEP][PASSED] - setText: Text '50000' is set on object 'Object Repository/MOH AND GRN/Page_KDMC - CMS/input_txtqty'

2018-05-14 14:06:12 - [MESSAGE][PASSED] - Text '50000' is set on object 'Object Repository/MOH AND GRN/Page_KDMC - CMS/input_txtqty'

2018-05-14 14:06:12 - [TEST_STEP][PASSED] - selectOptionByIndex: All options with index in [1] are selected on object 'Object Repository/MOH AND GRN/Page_KDMC - CMS/select_--Select--No Tax0'

2018-05-14 14:06:12 - [MESSAGE][PASSED] - All options with index in [1] are selected on object 'Object Repository/MOH AND GRN/Page_KDMC - CMS/select_--Select--No Tax0'

2018-05-14 14:06:12 - [TEST_STEP][PASSED] - setText: Finding Test Object with id 'Object Repository/MOH AND GRN/Page_KDMC - CMS/input_txtmrp'

2018-05-14 14:06:12 - [TEST_STEP][PASSED] - Statement - switch (id): Finding Test Object with id 'Object Repository/MOH AND GRN/Page_KDMC - CMS/input_txtdeal'

2018-05-14 14:06:12 - [TEST_STEP][PASSED] - Statement - case 4:: Text '19.0' is set on object 'Object Repository/MOH AND GRN/Page_KDMC - CMS/input_txtmrp'

2018-05-14 14:06:12 - [TEST_STEP][PASSED] - Statement - return (java.lang.Math.floor((java.lang.Math.random() * ((max - min) + 1))) + min): Text '19.0' is set on object 'Object Repository/MOH AND GRN/Page_KDMC - CMS/input_txtmrp'

2018-05-14 14:06:12 - [MESSAGE][PASSED] - Text '19.0' is set on object 'Object Repository/MOH AND GRN/Page_KDMC - CMS/input_txtmrp'

2018-05-14 14:06:12 - [TEST_STEP][PASSED] - setText: Finding Test Object with id 'Object Repository/MOH AND GRN/Page_KDMC - CMS/input_txtdeal'

2018-05-14 14:06:12 - [TEST_STEP][PASSED] - Statement - switch (id): Finding Test Object with id 'Object Repository/MOH AND GRN/Page_KDMC - CMS/input_txtbatchno'

2018-05-14 14:06:12 - [TEST_STEP][PASSED] - Statement - case 5:: Text '6.0' is set on object 'Object Repository/MOH AND GRN/Page_KDMC - CMS/input_txtdeal'

2018-05-14 14:06:12 - [TEST_STEP][PASSED] - Statement - return (java.lang.Math.floor((java.lang.Math.random() * ((max - min) + 1))) + min): Text '6.0' is set on object 'Object Repository/MOH AND GRN/Page_KDMC - CMS/input_txtdeal'

2018-05-14 14:06:12 - [MESSAGE][PASSED] - Text '6.0' is set on object 'Object Repository/MOH AND GRN/Page_KDMC - CMS/input_txtdeal'

2018-05-14 14:06:12 - [TEST_STEP][PASSED] - setText: Finding Test Object with id 'Object Repository/MOH AND GRN/Page_KDMC - CMS/input_txtbatchno'

2018-05-14 14:06:12 - [TEST_STEP][PASSED] - Statement - switch (id): Finding Test Object with id 'Object Repository/MOH AND GRN/Page_KDMC - CMS/input_txtmrp'

2018-05-14 14:06:12 - [TEST_STEP][PASSED] - Statement - case 1:: Text 'BA561.0' is set on object 'Object Repository/MOH AND GRN/Page_KDMC - CMS/input_txtbatchno'

2018-05-14 14:06:12 - [TEST_STEP][PASSED] - Statement - return (java.lang.Math.floor((java.lang.Math.random() * ((max - min) + 1))) + min): Text 'BA561.0' is set on object 'Object Repository/MOH AND GRN/Page_KDMC - CMS/input_txtbatchno'

2018-05-14 14:06:12 - [MESSAGE][PASSED] - Text 'BA561.0' is set on object 'Object Repository/MOH AND GRN/Page_KDMC - CMS/input_txtbatchno'

2018-05-14 14:06:12 - [TEST_STEP][PASSED] - rightClick: Object: 'Object Repository/GRN/Page_KDMC - CMS/input_txtexpdate' is right clicked on

2018-05-14 14:06:12 - [MESSAGE][PASSED] - Object: 'Object Repository/GRN/Page_KDMC - CMS/input_txtexpdate' is right clicked on

2018-05-14 14:06:12 - [TEST_STEP][PASSED] - selectOptionByIndex: All options with index in [8] are selected on object 'Object Repository/GRN/Page_KDMC - CMS/select_20182019202020212022202'

2018-05-14 14:06:12 - [MESSAGE][PASSED] - All options with index in [8] are selected on object 'Object Repository/GRN/Page_KDMC - CMS/select_20182019202020212022202'

2018-05-14 14:06:12 - [TEST_STEP][PASSED] - selectOptionByIndex: All options with index in [8] are selected on object 'Object Repository/GRN/Page_KDMC - CMS/select_JanFebMarAprMayJunJulAu'

2018-05-14 14:06:13 - [MESSAGE][PASSED] - All options with index in [8] are selected on object 'Object Repository/GRN/Page_KDMC - CMS/select_JanFebMarAprMayJunJulAu'

2018-05-14 14:06:13 - [TEST_STEP][PASSED] - click: Object: 'Object Repository/MOH AND GRN/Page_KDMC - CMS/a_12' is clicked on

2018-05-14 14:06:13 - [MESSAGE][PASSED] - Object: 'Object Repository/MOH AND GRN/Page_KDMC - CMS/a_12' is clicked on

2018-05-14 14:06:13 - [TEST_STEP][PASSED] - click: Object: 'Object Repository/MOH AND GRN/Page_KDMC - CMS/input_btnadd' is clicked on

2018-05-14 14:06:13 - [MESSAGE][PASSED] - Object: 'Object Repository/MOH AND GRN/Page_KDMC - CMS/input_btnadd' is clicked on

2018-05-14 14:06:13 - [TEST_STEP][PASSED] - Statement - If (s == 10): null

2018-05-14 14:06:13 - [TEST_STEP][PASSED] - Statement - Else: null

2018-05-14 14:06:13 - [TEST_STEP][PASSED] - Statement - (s++): null

2018-05-14 14:06:13 - [TEST_STEP][PASSED] - delay: Delayed 1 second(s)

2018-05-14 14:06:14 - [MESSAGE][PASSED] - Delayed 1 second(s)

2018-05-14 14:06:14 - [TEST_STEP][PASSED] - selectOptionByIndex: All options with index in [19] are selected on object 'Object Repository/MOH AND GRN/Page_KDMC - CMS/select_--Select--Amikacin -500'

2018-05-14 14:06:14 - [MESSAGE][PASSED] - All options with index in [19] are selected on object 'Object Repository/MOH AND GRN/Page_KDMC - CMS/select_--Select--Amikacin -500'

2018-05-14 14:06:14 - [TEST_STEP][PASSED] - setText: Text '50000' is set on object 'Object Repository/MOH AND GRN/Page_KDMC - CMS/input_txtqty'

2018-05-14 14:06:14 - [MESSAGE][PASSED] - Text '50000' is set on object 'Object Repository/MOH AND GRN/Page_KDMC - CMS/input_txtqty'

2018-05-14 14:06:14 - [TEST_STEP][PASSED] - selectOptionByIndex: All options with index in [1] are selected on object 'Object Repository/MOH AND GRN/Page_KDMC - CMS/select_--Select--No Tax0'

2018-05-14 14:06:14 - [MESSAGE][PASSED] - All options with index in [1] are selected on object 'Object Repository/MOH AND GRN/Page_KDMC - CMS/select_--Select--No Tax0'

2018-05-14 14:06:14 - [TEST_STEP][PASSED] - setText: Finding Test Object with id 'Object Repository/MOH AND GRN/Page_KDMC - CMS/input_txtmrp'

2018-05-14 14:06:14 - [TEST_STEP][PASSED] - Statement - switch (id): Finding Test Object with id 'Object Repository/MOH AND GRN/Page_KDMC - CMS/input_txtdeal'

2018-05-14 14:06:14 - [TEST_STEP][PASSED] - Statement - case 4:: Text '21.0' is set on object 'Object Repository/MOH AND GRN/Page_KDMC - CMS/input_txtmrp'

2018-05-14 14:06:14 - [TEST_STEP][PASSED] - Statement - return (java.lang.Math.floor((java.lang.Math.random() * ((max - min) + 1))) + min): Text '21.0' is set on object 'Object Repository/MOH AND GRN/Page_KDMC - CMS/input_txtmrp'

2018-05-14 14:06:14 - [MESSAGE][PASSED] - Text '21.0' is set on object 'Object Repository/MOH AND GRN/Page_KDMC - CMS/input_txtmrp'

2018-05-14 14:06:14 - [TEST_STEP][PASSED] - setText: Finding Test Object with id 'Object Repository/MOH AND GRN/Page_KDMC - CMS/input_txtdeal'

2018-05-14 14:06:14 - [TEST_STEP][PASSED] - Statement - switch (id): Finding Test Object with id 'Object Repository/MOH AND GRN/Page_KDMC - CMS/input_txtbatchno'

2018-05-14 14:06:14 - [TEST_STEP][PASSED] - Statement - case 5:: Text '2.0' is set on object 'Object Repository/MOH AND GRN/Page_KDMC - CMS/input_txtdeal'

2018-05-14 14:06:14 - [TEST_STEP][PASSED] - Statement - return (java.lang.Math.floor((java.lang.Math.random() * ((max - min) + 1))) + min): Text '2.0' is set on object 'Object Repository/MOH AND GRN/Page_KDMC - CMS/input_txtdeal'

2018-05-14 14:06:15 - [MESSAGE][PASSED] - Text '2.0' is set on object 'Object Repository/MOH AND GRN/Page_KDMC - CMS/input_txtdeal'

2018-05-14 14:06:15 - [TEST_STEP][PASSED] - setText: Finding Test Object with id 'Object Repository/MOH AND GRN/Page_KDMC - CMS/input_txtbatchno'

2018-05-14 14:06:15 - [TEST_STEP][PASSED] - Statement - switch (id): Delayed 1 second(s)

2018-05-14 14:06:15 - [TEST_STEP][PASSED] - Statement - case 1:: Text 'BA48.0' is set on object 'Object Repository/MOH AND GRN/Page_KDMC - CMS/input_txtbatchno'

2018-05-14 14:06:15 - [TEST_STEP][PASSED] - Statement - return (java.lang.Math.floor((java.lang.Math.random() * ((max - min) + 1))) + min): Text 'BA48.0' is set on object 'Object Repository/MOH AND GRN/Page_KDMC - CMS/input_txtbatchno'

2018-05-14 14:06:15 - [MESSAGE][PASSED] - Text 'BA48.0' is set on object 'Object Repository/MOH AND GRN/Page_KDMC - CMS/input_txtbatchno'

2018-05-14 14:06:15 - [TEST_STEP][PASSED] - rightClick: Object: 'Object Repository/GRN/Page_KDMC - CMS/input_txtexpdate' is right clicked on

2018-05-14 14:06:15 - [MESSAGE][PASSED] - Object: 'Object Repository/GRN/Page_KDMC - CMS/input_txtexpdate' is right clicked on

2018-05-14 14:06:15 - [TEST_STEP][PASSED] - selectOptionByIndex: All options with index in [9] are selected on object 'Object Repository/GRN/Page_KDMC - CMS/select_20182019202020212022202'

2018-05-14 14:06:15 - [MESSAGE][PASSED] - All options with index in [9] are selected on object 'Object Repository/GRN/Page_KDMC - CMS/select_20182019202020212022202'

2018-05-14 14:06:15 - [TEST_STEP][PASSED] - selectOptionByIndex: All options with index in [9] are selected on object 'Object Repository/GRN/Page_KDMC - CMS/select_JanFebMarAprMayJunJulAu'

2018-05-14 14:06:15 - [MESSAGE][PASSED] - All options with index in [9] are selected on object 'Object Repository/GRN/Page_KDMC - CMS/select_JanFebMarAprMayJunJulAu'

2018-05-14 14:06:15 - [TEST_STEP][PASSED] - click: Object: 'Object Repository/MOH AND GRN/Page_KDMC - CMS/a_12' is clicked on

2018-05-14 14:06:15 - [MESSAGE][PASSED] - Object: 'Object Repository/MOH AND GRN/Page_KDMC - CMS/a_12' is clicked on

2018-05-14 14:06:15 - [TEST_STEP][PASSED] - click: Object: 'Object Repository/MOH AND GRN/Page_KDMC - CMS/input_btnadd' is clicked on

2018-05-14 14:06:15 - [MESSAGE][PASSED] - Object: 'Object Repository/MOH AND GRN/Page_KDMC - CMS/input_btnadd' is clicked on

2018-05-14 14:06:15 - [TEST_STEP][PASSED] - Statement - If (s == 10): null

2018-05-14 14:06:15 - [TEST_STEP][PASSED] - Statement - Else: null

2018-05-14 14:06:15 - [TEST_STEP][PASSED] - Statement - (s++): null

2018-05-14 14:06:15 - [TEST_STEP][PASSED] - delay: Delayed 1 second(s)

2018-05-14 14:06:16 - [MESSAGE][PASSED] - Delayed 1 second(s)

2018-05-14 14:06:16 - [TEST_STEP][PASSED] - scrollToElement: Scroll to object 'Object Repository/MOH AND GRN/Page_KDMC - CMS/input_btnSubmit' successfully

2018-05-14 14:06:17 - [MESSAGE][PASSED] - Scroll to object 'Object Repository/MOH AND GRN/Page_KDMC - CMS/input_btnSubmit' successfully

2018-05-14 14:06:17 - [TEST_STEP][PASSED] - click: Object: 'Object Repository/MOH AND GRN/Page_KDMC - CMS/input_btnSubmit' is clicked on

2018-05-14 14:06:17 - [MESSAGE][PASSED] - Object: 'Object Repository/MOH AND GRN/Page_KDMC - CMS/input_btnSubmit' is clicked on

2018-05-14 14:06:17 - [TEST_STEP][PASSED] - delay: Delayed 3 second(s)

2018-05-14 14:06:20 - [MESSAGE][PASSED] - Delayed 3 second(s)

2018-05-14 14:06:20 - [TEST_STEP][PASSED] - click: Object: 'Object Repository/MOH AND GRN/Page_KDMC - CMS/button_OK' is clicked on

2018-05-14 14:06:20 - [MESSAGE][PASSED] - Object: 'Object Repository/MOH AND GRN/Page_KDMC - CMS/button_OK' is clicked on

2018-05-14 14:06:20 - [TEST_STEP][PASSED] - delay: Delayed 2 second(s)

2018-05-14 14:06:22 - [MESSAGE][PASSED] - Delayed 2 second(s)

2018-05-14 14:06:22 - [TEST_STEP][PASSED] - delay: Delayed 3 second(s)

2018-05-14 14:06:25 - [MESSAGE][PASSED] - Delayed 3 second(s)

2018-05-14 14:06:25 - [TEST_STEP][PASSED] - click: Object: 'Object Repository/MOH AND GRN/Page_KDMC - CMS/a_dropdown-toggle' is clicked on

2018-05-14 14:06:26 - [MESSAGE][PASSED] - Object: 'Object Repository/MOH AND GRN/Page_KDMC - CMS/a_dropdown-toggle' is clicked on

2018-05-14 14:06:26 - [TEST_STEP][PASSED] - click: Object: 'Object Repository/MOH AND GRN/Page_KDMC - CMS/a_Sign out' is clicked on

2018-05-14 14:06:26 - [MESSAGE][PASSED] - Object: 'Object Repository/MOH AND GRN/Page_KDMC - CMS/a_Sign out' is clicked on

2018-05-14 14:06:26 - [TEST_STEP][PASSED] - closeBrowser: Browser is closed

2018-05-14 14:06:27 - [MESSAGE][PASSED] - Browser is closed]]></system-out>
         <system-err><![CDATA[]]></system-err>
      </testcase>
      <system-out><![CDATA[2018-05-14 13:21:38 - [TEST_SUITE][FAILED] - MOH REQUEST AND GRN: Test Cases/TEST/MOH REQUEST AND GRN/Moh Request GRN  Schedule 4 FAILED because (of) Unable to click on object 'Object Repository/MOH AND GRN/Page_KDMC - CMS/input_btnSubmit' (Root cause: org.openqa.selenium.WebDriverException: unknown error: Element <input type="button" id="btnSubmit" class="btn btn-primary " value="Submit"> is not clickable at point (864, 17). Other element would receive the click: <div class="bootbox modal fade bootbox-alert in" tabindex="-1" role="dialog" aria-hidden="false" style="display: block;">...</div>
  (Session info: chrome=66.0.3359.139)
  (Driver info: chromedriver=2.35.528161 (5b82f2d2aae0ca24b877009200ced9065a772e73),platform=Windows NT 10.0.16299 x86_64) (WARNING: The server did not provide any stacktrace information)
Command duration or timeout: 0 milliseconds
Build info: version: '3.7.1', revision: '8a0099a', time: '2017-11-06T21:07:36.161Z'
System info: host: 'DESKTOP-BLFTK83', ip: '192.168.71.2', os.name: 'Windows 10', os.arch: 'amd64', os.version: '10.0', java.version: '1.8.0_102'
Driver info: com.kms.katalon.selenium.driver.CChromeDriver
Capabilities {acceptInsecureCerts: false, acceptSslCerts: false, applicationCacheEnabled: false, browserConnectionEnabled: false, browserName: chrome, chrome: {chromedriverVersion: 2.35.528161 (5b82f2d2aae0ca..., userDataDir: C:\Users\QUALIT~1\AppData\L...}, cssSelectorsEnabled: true, databaseEnabled: false, handlesAlerts: true, hasTouchScreen: false, javascriptEnabled: true, locationContextEnabled: true, mobileEmulationEnabled: false, nativeEvents: true, networkConnectionEnabled: false, pageLoadStrategy: normal, platform: XP, platformName: XP, rotatable: false, setWindowRect: true, takesHeapSnapshot: true, takesScreenshot: true, unexpectedAlertBehaviour: , unhandledPromptBehavior: , version: 66.0.3359.139, webStorageEnabled: true}
Session ID: 4010e54671f0c208a3559d77d4e05dcb)]]></system-out>
      <system-err><![CDATA[2018-05-14 13:21:38 - [TEST_SUITE][FAILED] - MOH REQUEST AND GRN: Test Cases/TEST/MOH REQUEST AND GRN/Moh Request GRN  Schedule 4 FAILED because (of) Unable to click on object 'Object Repository/MOH AND GRN/Page_KDMC - CMS/input_btnSubmit' (Root cause: org.openqa.selenium.WebDriverException: unknown error: Element <input type="button" id="btnSubmit" class="btn btn-primary " value="Submit"> is not clickable at point (864, 17). Other element would receive the click: <div class="bootbox modal fade bootbox-alert in" tabindex="-1" role="dialog" aria-hidden="false" style="display: block;">...</div>
  (Session info: chrome=66.0.3359.139)
  (Driver info: chromedriver=2.35.528161 (5b82f2d2aae0ca24b877009200ced9065a772e73),platform=Windows NT 10.0.16299 x86_64) (WARNING: The server did not provide any stacktrace information)
Command duration or timeout: 0 milliseconds
Build info: version: '3.7.1', revision: '8a0099a', time: '2017-11-06T21:07:36.161Z'
System info: host: 'DESKTOP-BLFTK83', ip: '192.168.71.2', os.name: 'Windows 10', os.arch: 'amd64', os.version: '10.0', java.version: '1.8.0_102'
Driver info: com.kms.katalon.selenium.driver.CChromeDriver
Capabilities {acceptInsecureCerts: false, acceptSslCerts: false, applicationCacheEnabled: false, browserConnectionEnabled: false, browserName: chrome, chrome: {chromedriverVersion: 2.35.528161 (5b82f2d2aae0ca..., userDataDir: C:\Users\QUALIT~1\AppData\L...}, cssSelectorsEnabled: true, databaseEnabled: false, handlesAlerts: true, hasTouchScreen: false, javascriptEnabled: true, locationContextEnabled: true, mobileEmulationEnabled: false, nativeEvents: true, networkConnectionEnabled: false, pageLoadStrategy: normal, platform: XP, platformName: XP, rotatable: false, setWindowRect: true, takesHeapSnapshot: true, takesScreenshot: true, unexpectedAlertBehaviour: , unhandledPromptBehavior: , version: 66.0.3359.139, webStorageEnabled: true}
Session ID: 4010e54671f0c208a3559d77d4e05dcb)]]></system-err>
   </testsuite>
</testsuites>
