<?xml version="1.0" encoding="UTF-8"?>
<testsuites name="Emergency_Suit" time="1331" tests="4" failures="3" errors="0">
   <testsuite name="Emergency_Suit" tests="4" failures="3" errors="0" time="1331" timestamp="2018-05-17 11:51:39" hostname="Quality Analyst - DESKTOP-BLFTK83" id="Test Suites/Emergency_Suit">
      <properties>
         <property name="deviceName" value=""/>
         <property name="devicePlatform" value=""/>
         <property name="logFolder" value="C:\\Users\\Quality Analyst\\Katalon Studio\\ds\\Reports\\Emergency_Suit\\20180517_115133"/>
         <property name="logFiles" value="C:\\Users\\Quality Analyst\\Katalon Studio\\ds\\Reports\\Emergency_Suit\\20180517_115133\\execution0.log"/>
         <property name="attachments" value="C:\\Users\\Quality Analyst\\Katalon Studio\\ds\\Reports\\Emergency_Suit\\20180517_115133\\1526538126838.png, C:\\Users\\Quality Analyst\\Katalon Studio\\ds\\Reports\\Emergency_Suit\\20180517_115133\\1526538526187.png"/>
         <property name="hostName" value="Quality Analyst - DESKTOP-BLFTK83"/>
         <property name="os" value="Windows 10 64bit"/>
         <property name="katalonVersion" value="5.4.1.1"/>
         <property name="browser" value="Chrome 66.0.3359.139"/>
         <property name="hostAddress" value="192.168.71.2"/>
         <property name="sessionId" value="ca5eee0c80e72f4a49bf4a03f5ae9b4f"/>
         <property name="seleniumVersion" value="3.7.1"/>
         <property name="proxyInformation" value="ProxyInformation{proxyOption=NO_PROXY, proxyServerType=HTTP, password=, proxyServerAddress=, proxyServerPort=0}"/>
         <property name="platform" value="Windows 10"/>
      </properties>
      <testcase name="Test Cases/EMERGENCY TEST CASES/TC_ER_001 Verify Schedule 1 Emergency  Request Are Working Successfully Or Not" classname="Test Cases/EMERGENCY TEST CASES/TC_ER_001 Verify Schedule 1 Emergency  Request Are Working Successfully Or Not" status="FAILED">
         <failure type="FAILED" message="Unable to select option by index '1' of object 'Object Repository/Emergency/Page_KDMC - Emergency/select_--Select--Schedule 1Inj' (Root cause: org.openqa.selenium.NoSuchElementException: Cannot locate option with index: 1
For documentation on this error, please visit: http://seleniumhq.org/exceptions/no_such_element.html
Build info: version: '3.7.1', revision: '8a0099a', time: '2017-11-06T21:07:36.161Z'
System info: host: 'DESKTOP-BLFTK83', ip: '192.168.71.2', os.name: 'Windows 10', os.arch: 'amd64', os.version: '10.0', java.version: '1.8.0_102'
Driver info: driver.version: unknown)"/>
         <system-out><![CDATA[2018-05-17 11:51:39 - [TEST_CASE][FAILED] - Test Cases/EMERGENCY TEST CASES/TC_ER_001 Verify Schedule 1 Emergency  Request Are Working Successfully Or Not: Test Cases/EMERGENCY TEST CASES/TC_ER_001 Verify Schedule 1 Emergency  Request Are Working Successfully Or Not FAILED because (of) Unable to select option by index '1' of object 'Object Repository/Emergency/Page_KDMC - Emergency/select_--Select--Schedule 1Inj' (Root cause: org.openqa.selenium.NoSuchElementException: Cannot locate option with index: 1
For documentation on this error, please visit: http://seleniumhq.org/exceptions/no_such_element.html
Build info: version: '3.7.1', revision: '8a0099a', time: '2017-11-06T21:07:36.161Z'
System info: host: 'DESKTOP-BLFTK83', ip: '192.168.71.2', os.name: 'Windows 10', os.arch: 'amd64', os.version: '10.0', java.version: '1.8.0_102'
Driver info: driver.version: unknown)

2018-05-17 11:51:39 - [TEST_STEP][PASSED] - openBrowser: Browser is opened with url: ''

2018-05-17 11:51:42 - [MESSAGE][PASSED] - Browser is opened with url: ''

2018-05-17 11:51:42 - [TEST_STEP][PASSED] - Statement - out.println("Verify Schedule 1 Emergency  Request Are Working Successfully Or Not"): null

2018-05-17 11:51:42 - [TEST_STEP][PASSED] - navigateToUrl: Navigate to 'http://192.168.137.1/Multihospital_New/EmergencyLogin.aspx' successfully

2018-05-17 11:51:53 - [MESSAGE][PASSED] - Navigate to 'http://192.168.137.1/Multihospital_New/EmergencyLogin.aspx' successfully

2018-05-17 11:51:53 - [TEST_STEP][PASSED] - maximizeWindow: Current window maximized

2018-05-17 11:51:54 - [MESSAGE][PASSED] - Current window maximized

2018-05-17 11:51:54 - [TEST_STEP][PASSED] - setText: Text 'nivetha' is set on object 'Object Repository/Emergency/Page_Emergency login/input_txtusername'

2018-05-17 11:51:54 - [MESSAGE][PASSED] - Text 'nivetha' is set on object 'Object Repository/Emergency/Page_Emergency login/input_txtusername'

2018-05-17 11:51:54 - [TEST_STEP][PASSED] - setText: Text '123' is set on object 'Object Repository/Emergency/Page_Emergency login/input_txtpassword'

2018-05-17 11:51:54 - [MESSAGE][PASSED] - Text '123' is set on object 'Object Repository/Emergency/Page_Emergency login/input_txtpassword'

2018-05-17 11:51:54 - [TEST_STEP][PASSED] - delay: Delayed 3 second(s)

2018-05-17 11:51:57 - [MESSAGE][PASSED] - Delayed 3 second(s)

2018-05-17 11:51:57 - [TEST_STEP][PASSED] - click: Object: 'Object Repository/Emergency/Page_Emergency login/button_Sign in' is clicked on

2018-05-17 11:51:59 - [MESSAGE][PASSED] - Object: 'Object Repository/Emergency/Page_Emergency login/button_Sign in' is clicked on

2018-05-17 11:51:59 - [TEST_STEP][PASSED] - delay: Delayed 3 second(s)

2018-05-17 11:52:02 - [MESSAGE][PASSED] - Delayed 3 second(s)

2018-05-17 11:52:02 - [TEST_STEP][PASSED] - click: Object: 'Object Repository/Emergency/Page_KDMC - Emergency/a_Store Request' is clicked on

2018-05-17 11:52:02 - [MESSAGE][PASSED] - Object: 'Object Repository/Emergency/Page_KDMC - Emergency/a_Store Request' is clicked on

2018-05-17 11:52:02 - [TEST_STEP][PASSED] - delay: Delayed 2 second(s)

2018-05-17 11:52:04 - [MESSAGE][PASSED] - Delayed 2 second(s)

2018-05-17 11:52:04 - [TEST_STEP][PASSED] - click: Object: 'Object Repository/Emergency/Page_KDMC - Emergency/a_Medicine Request' is clicked on

2018-05-17 11:52:04 - [MESSAGE][PASSED] - Object: 'Object Repository/Emergency/Page_KDMC - Emergency/a_Medicine Request' is clicked on

2018-05-17 11:52:04 - [TEST_STEP][PASSED] - delay: Delayed 2 second(s)

2018-05-17 11:52:06 - [MESSAGE][PASSED] - Delayed 2 second(s)

2018-05-17 11:52:06 - [TEST_STEP][FAILED] - selectOptionByIndex: Unable to select option by index '1' of object 'Object Repository/Emergency/Page_KDMC - Emergency/select_--Select--Schedule 1Inj' (Root cause: org.openqa.selenium.NoSuchElementException: Cannot locate option with index: 1
For documentation on this error, please visit: http://seleniumhq.org/exceptions/no_such_element.html
Build info: version: '3.7.1', revision: '8a0099a', time: '2017-11-06T21:07:36.161Z'
System info: host: 'DESKTOP-BLFTK83', ip: '192.168.71.2', os.name: 'Windows 10', os.arch: 'amd64', os.version: '10.0', java.version: '1.8.0_102'
Driver info: driver.version: unknown)

2018-05-17 11:52:07 - [MESSAGE][FAILED] - Unable to select option by index '1' of object 'Object Repository/Emergency/Page_KDMC - Emergency/select_--Select--Schedule 1Inj' (Root cause: org.openqa.selenium.NoSuchElementException: Cannot locate option with index: 1
For documentation on this error, please visit: http://seleniumhq.org/exceptions/no_such_element.html
Build info: version: '3.7.1', revision: '8a0099a', time: '2017-11-06T21:07:36.161Z'
System info: host: 'DESKTOP-BLFTK83', ip: '192.168.71.2', os.name: 'Windows 10', os.arch: 'amd64', os.version: '10.0', java.version: '1.8.0_102'
Driver info: driver.version: unknown)
[[ATTACHMENT|C:\\Users\\Quality Analyst\\Katalon Studio\\ds\\Reports\\Emergency_Suit\\20180517_115133\\1526538126838.png]]]]></system-out>
         <system-err><![CDATA[2018-05-17 11:51:39 - [TEST_CASE][FAILED] - Test Cases/EMERGENCY TEST CASES/TC_ER_001 Verify Schedule 1 Emergency  Request Are Working Successfully Or Not: Test Cases/EMERGENCY TEST CASES/TC_ER_001 Verify Schedule 1 Emergency  Request Are Working Successfully Or Not FAILED because (of) Unable to select option by index '1' of object 'Object Repository/Emergency/Page_KDMC - Emergency/select_--Select--Schedule 1Inj' (Root cause: org.openqa.selenium.NoSuchElementException: Cannot locate option with index: 1
For documentation on this error, please visit: http://seleniumhq.org/exceptions/no_such_element.html
Build info: version: '3.7.1', revision: '8a0099a', time: '2017-11-06T21:07:36.161Z'
System info: host: 'DESKTOP-BLFTK83', ip: '192.168.71.2', os.name: 'Windows 10', os.arch: 'amd64', os.version: '10.0', java.version: '1.8.0_102'
Driver info: driver.version: unknown)]]></system-err>
      </testcase>
      <testcase name="Test Cases/EMERGENCY TEST CASES/TC_ER_002 Verify Schedule 3 Emergency  Request Are Working Successfully Or Not" classname="Test Cases/EMERGENCY TEST CASES/TC_ER_002 Verify Schedule 3 Emergency  Request Are Working Successfully Or Not" status="PASSED">
         <system-out><![CDATA[2018-05-17 11:52:07 - [TEST_CASE][PASSED] - Test Cases/EMERGENCY TEST CASES/TC_ER_002 Verify Schedule 3 Emergency  Request Are Working Successfully Or Not: Test Cases/EMERGENCY TEST CASES/TC_ER_002 Verify Schedule 3 Emergency  Request Are Working Successfully Or Not

2018-05-17 11:52:07 - [TEST_STEP][PASSED] - openBrowser: Browser is opened with url: ''

2018-05-17 11:52:07 - [MESSAGE][WARNING] - A browser is already opened. Closing browser and opening a new one

2018-05-17 11:52:10 - [MESSAGE][PASSED] - Browser is opened with url: ''

2018-05-17 11:52:10 - [TEST_STEP][PASSED] - Statement - out.println("Verify Schedule 3 Emergency  Request Are Working Successfully Or Not"): null

2018-05-17 11:52:10 - [TEST_STEP][PASSED] - navigateToUrl: Navigate to 'http://192.168.137.1/Multihospital_New/EmergencyLogin.aspx' successfully

2018-05-17 11:52:12 - [MESSAGE][PASSED] - Navigate to 'http://192.168.137.1/Multihospital_New/EmergencyLogin.aspx' successfully

2018-05-17 11:52:12 - [TEST_STEP][PASSED] - maximizeWindow: Current window maximized

2018-05-17 11:52:14 - [MESSAGE][PASSED] - Current window maximized

2018-05-17 11:52:14 - [TEST_STEP][PASSED] - setText: Text 'nivetha' is set on object 'Object Repository/Emergency/Page_Emergency login/input_txtusername'

2018-05-17 11:52:14 - [MESSAGE][PASSED] - Text 'nivetha' is set on object 'Object Repository/Emergency/Page_Emergency login/input_txtusername'

2018-05-17 11:52:14 - [TEST_STEP][PASSED] - setText: Text '123' is set on object 'Object Repository/Emergency/Page_Emergency login/input_txtpassword'

2018-05-17 11:52:14 - [MESSAGE][PASSED] - Text '123' is set on object 'Object Repository/Emergency/Page_Emergency login/input_txtpassword'

2018-05-17 11:52:14 - [TEST_STEP][PASSED] - delay: Delayed 3 second(s)

2018-05-17 11:52:17 - [MESSAGE][PASSED] - Delayed 3 second(s)

2018-05-17 11:52:17 - [TEST_STEP][PASSED] - click: Object: 'Object Repository/Emergency/Page_Emergency login/button_Sign in' is clicked on

2018-05-17 11:52:18 - [MESSAGE][PASSED] - Object: 'Object Repository/Emergency/Page_Emergency login/button_Sign in' is clicked on

2018-05-17 11:52:18 - [TEST_STEP][PASSED] - delay: Delayed 3 second(s)

2018-05-17 11:52:21 - [MESSAGE][PASSED] - Delayed 3 second(s)

2018-05-17 11:52:21 - [TEST_STEP][PASSED] - click: Object: 'Object Repository/Emergency/Page_KDMC - Emergency/a_Store Request' is clicked on

2018-05-17 11:52:22 - [MESSAGE][PASSED] - Object: 'Object Repository/Emergency/Page_KDMC - Emergency/a_Store Request' is clicked on

2018-05-17 11:52:22 - [TEST_STEP][PASSED] - delay: Delayed 2 second(s)

2018-05-17 11:52:24 - [MESSAGE][PASSED] - Delayed 2 second(s)

2018-05-17 11:52:24 - [TEST_STEP][PASSED] - click: Object: 'Object Repository/Emergency/Page_KDMC - Emergency/a_Medicine Request' is clicked on

2018-05-17 11:52:24 - [MESSAGE][PASSED] - Object: 'Object Repository/Emergency/Page_KDMC - Emergency/a_Medicine Request' is clicked on

2018-05-17 11:52:24 - [TEST_STEP][PASSED] - delay: Delayed 2 second(s)

2018-05-17 11:52:26 - [MESSAGE][PASSED] - Delayed 2 second(s)

2018-05-17 11:52:26 - [TEST_STEP][PASSED] - selectOptionByIndex: All options with index in [2] are selected on object 'Object Repository/Emergency/Page_KDMC - Emergency/select_--Select--Schedule 1Inj'

2018-05-17 11:52:26 - [MESSAGE][PASSED] - All options with index in [2] are selected on object 'Object Repository/Emergency/Page_KDMC - Emergency/select_--Select--Schedule 1Inj'

2018-05-17 11:52:26 - [TEST_STEP][PASSED] - Statement - seletedoptions = com.kms.katalon.core.webui.keyword.WebUiBuiltInKeywords.getNumberOfTotalOption(com.kms.katalon.core.testobject.ObjectRepository.findTestObject(Emergency/Page_KDMC - Emergency/select_--Select--Adernaline 0.)): 37 options of object 'Object Repository/Emergency/Page_KDMC - Emergency/select_--Select--Adernaline 0.' counted

2018-05-17 11:52:26 - [MESSAGE][PASSED] - 37 options of object 'Object Repository/Emergency/Page_KDMC - Emergency/select_--Select--Adernaline 0.' counted

2018-05-17 11:52:26 - [TEST_STEP][PASSED] - Statement - For ([u = 1, u < seletedoptions - 1, (u++)]): Object: 'Object Repository/Emergency/Page_KDMC - Emergency/button_Add' is clicked on

2018-05-17 11:52:26 - [TEST_STEP][PASSED] - selectOptionByIndex: All options with index in [2] are selected on object 'Object Repository/Emergency/Page_KDMC - Emergency/select_--Select--Schedule 1Inj'

2018-05-17 11:52:27 - [MESSAGE][PASSED] - All options with index in [2] are selected on object 'Object Repository/Emergency/Page_KDMC - Emergency/select_--Select--Schedule 1Inj'

2018-05-17 11:52:27 - [TEST_STEP][PASSED] - selectOptionByIndex: All options with index in [1] are selected on object 'Object Repository/Emergency/Page_KDMC - Emergency/select_--Select--Adernaline 0.'

2018-05-17 11:52:27 - [MESSAGE][PASSED] - All options with index in [1] are selected on object 'Object Repository/Emergency/Page_KDMC - Emergency/select_--Select--Adernaline 0.'

2018-05-17 11:52:27 - [TEST_STEP][PASSED] - setText: Text '10' is set on object 'Object Repository/Emergency/Page_KDMC - Emergency/input_txttreat'

2018-05-17 11:52:27 - [MESSAGE][PASSED] - Text '10' is set on object 'Object Repository/Emergency/Page_KDMC - Emergency/input_txttreat'

2018-05-17 11:52:27 - [TEST_STEP][PASSED] - click: Object: 'Object Repository/Emergency/Page_KDMC - Emergency/button_Add' is clicked on

2018-05-17 11:52:27 - [MESSAGE][PASSED] - Object: 'Object Repository/Emergency/Page_KDMC - Emergency/button_Add' is clicked on

2018-05-17 11:52:27 - [TEST_STEP][PASSED] - selectOptionByIndex: All options with index in [2] are selected on object 'Object Repository/Emergency/Page_KDMC - Emergency/select_--Select--Schedule 1Inj'

2018-05-17 11:52:27 - [MESSAGE][PASSED] - All options with index in [2] are selected on object 'Object Repository/Emergency/Page_KDMC - Emergency/select_--Select--Schedule 1Inj'

2018-05-17 11:52:27 - [TEST_STEP][PASSED] - selectOptionByIndex: All options with index in [2] are selected on object 'Object Repository/Emergency/Page_KDMC - Emergency/select_--Select--Adernaline 0.'

2018-05-17 11:52:27 - [MESSAGE][PASSED] - All options with index in [2] are selected on object 'Object Repository/Emergency/Page_KDMC - Emergency/select_--Select--Adernaline 0.'

2018-05-17 11:52:27 - [TEST_STEP][PASSED] - setText: Text '10' is set on object 'Object Repository/Emergency/Page_KDMC - Emergency/input_txttreat'

2018-05-17 11:52:27 - [MESSAGE][PASSED] - Text '10' is set on object 'Object Repository/Emergency/Page_KDMC - Emergency/input_txttreat'

2018-05-17 11:52:27 - [TEST_STEP][PASSED] - click: Object: 'Object Repository/Emergency/Page_KDMC - Emergency/button_Add' is clicked on

2018-05-17 11:52:27 - [MESSAGE][PASSED] - Object: 'Object Repository/Emergency/Page_KDMC - Emergency/button_Add' is clicked on

2018-05-17 11:52:27 - [TEST_STEP][PASSED] - selectOptionByIndex: All options with index in [2] are selected on object 'Object Repository/Emergency/Page_KDMC - Emergency/select_--Select--Schedule 1Inj'

2018-05-17 11:52:27 - [MESSAGE][PASSED] - All options with index in [2] are selected on object 'Object Repository/Emergency/Page_KDMC - Emergency/select_--Select--Schedule 1Inj'

2018-05-17 11:52:27 - [TEST_STEP][PASSED] - selectOptionByIndex: All options with index in [3] are selected on object 'Object Repository/Emergency/Page_KDMC - Emergency/select_--Select--Adernaline 0.'

2018-05-17 11:52:28 - [MESSAGE][PASSED] - All options with index in [3] are selected on object 'Object Repository/Emergency/Page_KDMC - Emergency/select_--Select--Adernaline 0.'

2018-05-17 11:52:28 - [TEST_STEP][PASSED] - setText: Text '10' is set on object 'Object Repository/Emergency/Page_KDMC - Emergency/input_txttreat'

2018-05-17 11:52:28 - [MESSAGE][PASSED] - Text '10' is set on object 'Object Repository/Emergency/Page_KDMC - Emergency/input_txttreat'

2018-05-17 11:52:28 - [TEST_STEP][PASSED] - click: Object: 'Object Repository/Emergency/Page_KDMC - Emergency/button_Add' is clicked on

2018-05-17 11:52:28 - [MESSAGE][PASSED] - Object: 'Object Repository/Emergency/Page_KDMC - Emergency/button_Add' is clicked on

2018-05-17 11:52:28 - [TEST_STEP][PASSED] - selectOptionByIndex: All options with index in [2] are selected on object 'Object Repository/Emergency/Page_KDMC - Emergency/select_--Select--Schedule 1Inj'

2018-05-17 11:52:28 - [MESSAGE][PASSED] - All options with index in [2] are selected on object 'Object Repository/Emergency/Page_KDMC - Emergency/select_--Select--Schedule 1Inj'

2018-05-17 11:52:28 - [TEST_STEP][PASSED] - selectOptionByIndex: All options with index in [4] are selected on object 'Object Repository/Emergency/Page_KDMC - Emergency/select_--Select--Adernaline 0.'

2018-05-17 11:52:28 - [MESSAGE][PASSED] - All options with index in [4] are selected on object 'Object Repository/Emergency/Page_KDMC - Emergency/select_--Select--Adernaline 0.'

2018-05-17 11:52:28 - [TEST_STEP][PASSED] - setText: Text '10' is set on object 'Object Repository/Emergency/Page_KDMC - Emergency/input_txttreat'

2018-05-17 11:52:28 - [MESSAGE][PASSED] - Text '10' is set on object 'Object Repository/Emergency/Page_KDMC - Emergency/input_txttreat'

2018-05-17 11:52:28 - [TEST_STEP][PASSED] - click: Object: 'Object Repository/Emergency/Page_KDMC - Emergency/button_Add' is clicked on

2018-05-17 11:52:28 - [MESSAGE][PASSED] - Object: 'Object Repository/Emergency/Page_KDMC - Emergency/button_Add' is clicked on

2018-05-17 11:52:28 - [TEST_STEP][PASSED] - selectOptionByIndex: All options with index in [2] are selected on object 'Object Repository/Emergency/Page_KDMC - Emergency/select_--Select--Schedule 1Inj'

2018-05-17 11:52:28 - [MESSAGE][PASSED] - All options with index in [2] are selected on object 'Object Repository/Emergency/Page_KDMC - Emergency/select_--Select--Schedule 1Inj'

2018-05-17 11:52:28 - [TEST_STEP][PASSED] - selectOptionByIndex: All options with index in [5] are selected on object 'Object Repository/Emergency/Page_KDMC - Emergency/select_--Select--Adernaline 0.'

2018-05-17 11:52:28 - [MESSAGE][PASSED] - All options with index in [5] are selected on object 'Object Repository/Emergency/Page_KDMC - Emergency/select_--Select--Adernaline 0.'

2018-05-17 11:52:28 - [TEST_STEP][PASSED] - setText: Text '10' is set on object 'Object Repository/Emergency/Page_KDMC - Emergency/input_txttreat'

2018-05-17 11:52:29 - [MESSAGE][PASSED] - Text '10' is set on object 'Object Repository/Emergency/Page_KDMC - Emergency/input_txttreat'

2018-05-17 11:52:29 - [TEST_STEP][PASSED] - click: Object: 'Object Repository/Emergency/Page_KDMC - Emergency/button_Add' is clicked on

2018-05-17 11:52:29 - [MESSAGE][PASSED] - Object: 'Object Repository/Emergency/Page_KDMC - Emergency/button_Add' is clicked on

2018-05-17 11:52:29 - [TEST_STEP][PASSED] - selectOptionByIndex: All options with index in [2] are selected on object 'Object Repository/Emergency/Page_KDMC - Emergency/select_--Select--Schedule 1Inj'

2018-05-17 11:52:29 - [MESSAGE][PASSED] - All options with index in [2] are selected on object 'Object Repository/Emergency/Page_KDMC - Emergency/select_--Select--Schedule 1Inj'

2018-05-17 11:52:29 - [TEST_STEP][PASSED] - selectOptionByIndex: All options with index in [6] are selected on object 'Object Repository/Emergency/Page_KDMC - Emergency/select_--Select--Adernaline 0.'

2018-05-17 11:52:29 - [MESSAGE][PASSED] - All options with index in [6] are selected on object 'Object Repository/Emergency/Page_KDMC - Emergency/select_--Select--Adernaline 0.'

2018-05-17 11:52:29 - [TEST_STEP][PASSED] - setText: Text '10' is set on object 'Object Repository/Emergency/Page_KDMC - Emergency/input_txttreat'

2018-05-17 11:52:29 - [MESSAGE][PASSED] - Text '10' is set on object 'Object Repository/Emergency/Page_KDMC - Emergency/input_txttreat'

2018-05-17 11:52:29 - [TEST_STEP][PASSED] - click: Object: 'Object Repository/Emergency/Page_KDMC - Emergency/button_Add' is clicked on

2018-05-17 11:52:29 - [MESSAGE][PASSED] - Object: 'Object Repository/Emergency/Page_KDMC - Emergency/button_Add' is clicked on

2018-05-17 11:52:29 - [TEST_STEP][PASSED] - selectOptionByIndex: All options with index in [2] are selected on object 'Object Repository/Emergency/Page_KDMC - Emergency/select_--Select--Schedule 1Inj'

2018-05-17 11:52:29 - [MESSAGE][PASSED] - All options with index in [2] are selected on object 'Object Repository/Emergency/Page_KDMC - Emergency/select_--Select--Schedule 1Inj'

2018-05-17 11:52:29 - [TEST_STEP][PASSED] - selectOptionByIndex: All options with index in [7] are selected on object 'Object Repository/Emergency/Page_KDMC - Emergency/select_--Select--Adernaline 0.'

2018-05-17 11:52:29 - [MESSAGE][PASSED] - All options with index in [7] are selected on object 'Object Repository/Emergency/Page_KDMC - Emergency/select_--Select--Adernaline 0.'

2018-05-17 11:52:29 - [TEST_STEP][PASSED] - setText: Text '10' is set on object 'Object Repository/Emergency/Page_KDMC - Emergency/input_txttreat'

2018-05-17 11:52:30 - [MESSAGE][PASSED] - Text '10' is set on object 'Object Repository/Emergency/Page_KDMC - Emergency/input_txttreat'

2018-05-17 11:52:30 - [TEST_STEP][PASSED] - click: Object: 'Object Repository/Emergency/Page_KDMC - Emergency/button_Add' is clicked on

2018-05-17 11:52:30 - [MESSAGE][PASSED] - Object: 'Object Repository/Emergency/Page_KDMC - Emergency/button_Add' is clicked on

2018-05-17 11:52:30 - [TEST_STEP][PASSED] - selectOptionByIndex: All options with index in [2] are selected on object 'Object Repository/Emergency/Page_KDMC - Emergency/select_--Select--Schedule 1Inj'

2018-05-17 11:52:30 - [MESSAGE][PASSED] - All options with index in [2] are selected on object 'Object Repository/Emergency/Page_KDMC - Emergency/select_--Select--Schedule 1Inj'

2018-05-17 11:52:30 - [TEST_STEP][PASSED] - selectOptionByIndex: All options with index in [8] are selected on object 'Object Repository/Emergency/Page_KDMC - Emergency/select_--Select--Adernaline 0.'

2018-05-17 11:52:30 - [MESSAGE][PASSED] - All options with index in [8] are selected on object 'Object Repository/Emergency/Page_KDMC - Emergency/select_--Select--Adernaline 0.'

2018-05-17 11:52:30 - [TEST_STEP][PASSED] - setText: Text '10' is set on object 'Object Repository/Emergency/Page_KDMC - Emergency/input_txttreat'

2018-05-17 11:52:30 - [MESSAGE][PASSED] - Text '10' is set on object 'Object Repository/Emergency/Page_KDMC - Emergency/input_txttreat'

2018-05-17 11:52:30 - [TEST_STEP][PASSED] - click: Object: 'Object Repository/Emergency/Page_KDMC - Emergency/button_Add' is clicked on

2018-05-17 11:52:30 - [MESSAGE][PASSED] - Object: 'Object Repository/Emergency/Page_KDMC - Emergency/button_Add' is clicked on

2018-05-17 11:52:30 - [TEST_STEP][PASSED] - selectOptionByIndex: All options with index in [2] are selected on object 'Object Repository/Emergency/Page_KDMC - Emergency/select_--Select--Schedule 1Inj'

2018-05-17 11:52:30 - [MESSAGE][PASSED] - All options with index in [2] are selected on object 'Object Repository/Emergency/Page_KDMC - Emergency/select_--Select--Schedule 1Inj'

2018-05-17 11:52:30 - [TEST_STEP][PASSED] - selectOptionByIndex: All options with index in [9] are selected on object 'Object Repository/Emergency/Page_KDMC - Emergency/select_--Select--Adernaline 0.'

2018-05-17 11:52:30 - [MESSAGE][PASSED] - All options with index in [9] are selected on object 'Object Repository/Emergency/Page_KDMC - Emergency/select_--Select--Adernaline 0.'

2018-05-17 11:52:30 - [TEST_STEP][PASSED] - setText: Text '10' is set on object 'Object Repository/Emergency/Page_KDMC - Emergency/input_txttreat'

2018-05-17 11:52:31 - [MESSAGE][PASSED] - Text '10' is set on object 'Object Repository/Emergency/Page_KDMC - Emergency/input_txttreat'

2018-05-17 11:52:31 - [TEST_STEP][PASSED] - click: Object: 'Object Repository/Emergency/Page_KDMC - Emergency/button_Add' is clicked on

2018-05-17 11:52:31 - [MESSAGE][PASSED] - Object: 'Object Repository/Emergency/Page_KDMC - Emergency/button_Add' is clicked on

2018-05-17 11:52:31 - [TEST_STEP][PASSED] - selectOptionByIndex: All options with index in [2] are selected on object 'Object Repository/Emergency/Page_KDMC - Emergency/select_--Select--Schedule 1Inj'

2018-05-17 11:52:31 - [MESSAGE][PASSED] - All options with index in [2] are selected on object 'Object Repository/Emergency/Page_KDMC - Emergency/select_--Select--Schedule 1Inj'

2018-05-17 11:52:31 - [TEST_STEP][PASSED] - selectOptionByIndex: All options with index in [10] are selected on object 'Object Repository/Emergency/Page_KDMC - Emergency/select_--Select--Adernaline 0.'

2018-05-17 11:52:31 - [MESSAGE][PASSED] - All options with index in [10] are selected on object 'Object Repository/Emergency/Page_KDMC - Emergency/select_--Select--Adernaline 0.'

2018-05-17 11:52:31 - [TEST_STEP][PASSED] - setText: Text '10' is set on object 'Object Repository/Emergency/Page_KDMC - Emergency/input_txttreat'

2018-05-17 11:52:31 - [MESSAGE][PASSED] - Text '10' is set on object 'Object Repository/Emergency/Page_KDMC - Emergency/input_txttreat'

2018-05-17 11:52:31 - [TEST_STEP][PASSED] - click: Object: 'Object Repository/Emergency/Page_KDMC - Emergency/button_Add' is clicked on

2018-05-17 11:52:31 - [MESSAGE][PASSED] - Object: 'Object Repository/Emergency/Page_KDMC - Emergency/button_Add' is clicked on

2018-05-17 11:52:31 - [TEST_STEP][PASSED] - selectOptionByIndex: All options with index in [2] are selected on object 'Object Repository/Emergency/Page_KDMC - Emergency/select_--Select--Schedule 1Inj'

2018-05-17 11:52:31 - [MESSAGE][PASSED] - All options with index in [2] are selected on object 'Object Repository/Emergency/Page_KDMC - Emergency/select_--Select--Schedule 1Inj'

2018-05-17 11:52:31 - [TEST_STEP][PASSED] - selectOptionByIndex: All options with index in [11] are selected on object 'Object Repository/Emergency/Page_KDMC - Emergency/select_--Select--Adernaline 0.'

2018-05-17 11:52:31 - [MESSAGE][PASSED] - All options with index in [11] are selected on object 'Object Repository/Emergency/Page_KDMC - Emergency/select_--Select--Adernaline 0.'

2018-05-17 11:52:31 - [TEST_STEP][PASSED] - setText: Text '10' is set on object 'Object Repository/Emergency/Page_KDMC - Emergency/input_txttreat'

2018-05-17 11:52:32 - [MESSAGE][PASSED] - Text '10' is set on object 'Object Repository/Emergency/Page_KDMC - Emergency/input_txttreat'

2018-05-17 11:52:32 - [TEST_STEP][PASSED] - click: Object: 'Object Repository/Emergency/Page_KDMC - Emergency/button_Add' is clicked on

2018-05-17 11:52:32 - [MESSAGE][PASSED] - Object: 'Object Repository/Emergency/Page_KDMC - Emergency/button_Add' is clicked on

2018-05-17 11:52:32 - [TEST_STEP][PASSED] - selectOptionByIndex: All options with index in [2] are selected on object 'Object Repository/Emergency/Page_KDMC - Emergency/select_--Select--Schedule 1Inj'

2018-05-17 11:52:32 - [MESSAGE][PASSED] - All options with index in [2] are selected on object 'Object Repository/Emergency/Page_KDMC - Emergency/select_--Select--Schedule 1Inj'

2018-05-17 11:52:32 - [TEST_STEP][PASSED] - selectOptionByIndex: All options with index in [12] are selected on object 'Object Repository/Emergency/Page_KDMC - Emergency/select_--Select--Adernaline 0.'

2018-05-17 11:52:32 - [MESSAGE][PASSED] - All options with index in [12] are selected on object 'Object Repository/Emergency/Page_KDMC - Emergency/select_--Select--Adernaline 0.'

2018-05-17 11:52:32 - [TEST_STEP][PASSED] - setText: Text '10' is set on object 'Object Repository/Emergency/Page_KDMC - Emergency/input_txttreat'

2018-05-17 11:52:32 - [MESSAGE][PASSED] - Text '10' is set on object 'Object Repository/Emergency/Page_KDMC - Emergency/input_txttreat'

2018-05-17 11:52:32 - [TEST_STEP][PASSED] - click: Object: 'Object Repository/Emergency/Page_KDMC - Emergency/button_Add' is clicked on

2018-05-17 11:52:32 - [MESSAGE][PASSED] - Object: 'Object Repository/Emergency/Page_KDMC - Emergency/button_Add' is clicked on

2018-05-17 11:52:32 - [TEST_STEP][PASSED] - selectOptionByIndex: All options with index in [2] are selected on object 'Object Repository/Emergency/Page_KDMC - Emergency/select_--Select--Schedule 1Inj'

2018-05-17 11:52:32 - [MESSAGE][PASSED] - All options with index in [2] are selected on object 'Object Repository/Emergency/Page_KDMC - Emergency/select_--Select--Schedule 1Inj'

2018-05-17 11:52:32 - [TEST_STEP][PASSED] - selectOptionByIndex: All options with index in [13] are selected on object 'Object Repository/Emergency/Page_KDMC - Emergency/select_--Select--Adernaline 0.'

2018-05-17 11:52:33 - [MESSAGE][PASSED] - All options with index in [13] are selected on object 'Object Repository/Emergency/Page_KDMC - Emergency/select_--Select--Adernaline 0.'

2018-05-17 11:52:33 - [TEST_STEP][PASSED] - setText: Text '10' is set on object 'Object Repository/Emergency/Page_KDMC - Emergency/input_txttreat'

2018-05-17 11:52:33 - [MESSAGE][PASSED] - Text '10' is set on object 'Object Repository/Emergency/Page_KDMC - Emergency/input_txttreat'

2018-05-17 11:52:33 - [TEST_STEP][PASSED] - click: Object: 'Object Repository/Emergency/Page_KDMC - Emergency/button_Add' is clicked on

2018-05-17 11:52:33 - [MESSAGE][PASSED] - Object: 'Object Repository/Emergency/Page_KDMC - Emergency/button_Add' is clicked on

2018-05-17 11:52:33 - [TEST_STEP][PASSED] - selectOptionByIndex: All options with index in [2] are selected on object 'Object Repository/Emergency/Page_KDMC - Emergency/select_--Select--Schedule 1Inj'

2018-05-17 11:52:33 - [MESSAGE][PASSED] - All options with index in [2] are selected on object 'Object Repository/Emergency/Page_KDMC - Emergency/select_--Select--Schedule 1Inj'

2018-05-17 11:52:33 - [TEST_STEP][PASSED] - selectOptionByIndex: All options with index in [14] are selected on object 'Object Repository/Emergency/Page_KDMC - Emergency/select_--Select--Adernaline 0.'

2018-05-17 11:52:33 - [MESSAGE][PASSED] - All options with index in [14] are selected on object 'Object Repository/Emergency/Page_KDMC - Emergency/select_--Select--Adernaline 0.'

2018-05-17 11:52:33 - [TEST_STEP][PASSED] - setText: Text '10' is set on object 'Object Repository/Emergency/Page_KDMC - Emergency/input_txttreat'

2018-05-17 11:52:33 - [MESSAGE][PASSED] - Text '10' is set on object 'Object Repository/Emergency/Page_KDMC - Emergency/input_txttreat'

2018-05-17 11:52:33 - [TEST_STEP][PASSED] - click: Object: 'Object Repository/Emergency/Page_KDMC - Emergency/button_Add' is clicked on

2018-05-17 11:52:33 - [MESSAGE][PASSED] - Object: 'Object Repository/Emergency/Page_KDMC - Emergency/button_Add' is clicked on

2018-05-17 11:52:33 - [TEST_STEP][PASSED] - selectOptionByIndex: All options with index in [2] are selected on object 'Object Repository/Emergency/Page_KDMC - Emergency/select_--Select--Schedule 1Inj'

2018-05-17 11:52:33 - [MESSAGE][PASSED] - All options with index in [2] are selected on object 'Object Repository/Emergency/Page_KDMC - Emergency/select_--Select--Schedule 1Inj'

2018-05-17 11:52:33 - [TEST_STEP][PASSED] - selectOptionByIndex: All options with index in [15] are selected on object 'Object Repository/Emergency/Page_KDMC - Emergency/select_--Select--Adernaline 0.'

2018-05-17 11:52:34 - [MESSAGE][PASSED] - All options with index in [15] are selected on object 'Object Repository/Emergency/Page_KDMC - Emergency/select_--Select--Adernaline 0.'

2018-05-17 11:52:34 - [TEST_STEP][PASSED] - setText: Text '10' is set on object 'Object Repository/Emergency/Page_KDMC - Emergency/input_txttreat'

2018-05-17 11:52:34 - [MESSAGE][PASSED] - Text '10' is set on object 'Object Repository/Emergency/Page_KDMC - Emergency/input_txttreat'

2018-05-17 11:52:34 - [TEST_STEP][PASSED] - click: Object: 'Object Repository/Emergency/Page_KDMC - Emergency/button_Add' is clicked on

2018-05-17 11:52:34 - [MESSAGE][PASSED] - Object: 'Object Repository/Emergency/Page_KDMC - Emergency/button_Add' is clicked on

2018-05-17 11:52:34 - [TEST_STEP][PASSED] - selectOptionByIndex: All options with index in [2] are selected on object 'Object Repository/Emergency/Page_KDMC - Emergency/select_--Select--Schedule 1Inj'

2018-05-17 11:52:34 - [MESSAGE][PASSED] - All options with index in [2] are selected on object 'Object Repository/Emergency/Page_KDMC - Emergency/select_--Select--Schedule 1Inj'

2018-05-17 11:52:34 - [TEST_STEP][PASSED] - selectOptionByIndex: All options with index in [16] are selected on object 'Object Repository/Emergency/Page_KDMC - Emergency/select_--Select--Adernaline 0.'

2018-05-17 11:52:34 - [MESSAGE][PASSED] - All options with index in [16] are selected on object 'Object Repository/Emergency/Page_KDMC - Emergency/select_--Select--Adernaline 0.'

2018-05-17 11:52:34 - [TEST_STEP][PASSED] - setText: Text '10' is set on object 'Object Repository/Emergency/Page_KDMC - Emergency/input_txttreat'

2018-05-17 11:52:34 - [MESSAGE][PASSED] - Text '10' is set on object 'Object Repository/Emergency/Page_KDMC - Emergency/input_txttreat'

2018-05-17 11:52:34 - [TEST_STEP][PASSED] - click: Object: 'Object Repository/Emergency/Page_KDMC - Emergency/button_Add' is clicked on

2018-05-17 11:52:34 - [MESSAGE][PASSED] - Object: 'Object Repository/Emergency/Page_KDMC - Emergency/button_Add' is clicked on

2018-05-17 11:52:34 - [TEST_STEP][PASSED] - selectOptionByIndex: All options with index in [2] are selected on object 'Object Repository/Emergency/Page_KDMC - Emergency/select_--Select--Schedule 1Inj'

2018-05-17 11:52:34 - [MESSAGE][PASSED] - All options with index in [2] are selected on object 'Object Repository/Emergency/Page_KDMC - Emergency/select_--Select--Schedule 1Inj'

2018-05-17 11:52:34 - [TEST_STEP][PASSED] - selectOptionByIndex: All options with index in [17] are selected on object 'Object Repository/Emergency/Page_KDMC - Emergency/select_--Select--Adernaline 0.'

2018-05-17 11:52:35 - [MESSAGE][PASSED] - All options with index in [17] are selected on object 'Object Repository/Emergency/Page_KDMC - Emergency/select_--Select--Adernaline 0.'

2018-05-17 11:52:35 - [TEST_STEP][PASSED] - setText: Text '10' is set on object 'Object Repository/Emergency/Page_KDMC - Emergency/input_txttreat'

2018-05-17 11:52:35 - [MESSAGE][PASSED] - Text '10' is set on object 'Object Repository/Emergency/Page_KDMC - Emergency/input_txttreat'

2018-05-17 11:52:35 - [TEST_STEP][PASSED] - click: Object: 'Object Repository/Emergency/Page_KDMC - Emergency/button_Add' is clicked on

2018-05-17 11:52:35 - [MESSAGE][PASSED] - Object: 'Object Repository/Emergency/Page_KDMC - Emergency/button_Add' is clicked on

2018-05-17 11:52:35 - [TEST_STEP][PASSED] - selectOptionByIndex: All options with index in [2] are selected on object 'Object Repository/Emergency/Page_KDMC - Emergency/select_--Select--Schedule 1Inj'

2018-05-17 11:52:35 - [MESSAGE][PASSED] - All options with index in [2] are selected on object 'Object Repository/Emergency/Page_KDMC - Emergency/select_--Select--Schedule 1Inj'

2018-05-17 11:52:35 - [TEST_STEP][PASSED] - selectOptionByIndex: All options with index in [18] are selected on object 'Object Repository/Emergency/Page_KDMC - Emergency/select_--Select--Adernaline 0.'

2018-05-17 11:52:35 - [MESSAGE][PASSED] - All options with index in [18] are selected on object 'Object Repository/Emergency/Page_KDMC - Emergency/select_--Select--Adernaline 0.'

2018-05-17 11:52:35 - [TEST_STEP][PASSED] - setText: Text '10' is set on object 'Object Repository/Emergency/Page_KDMC - Emergency/input_txttreat'

2018-05-17 11:52:35 - [MESSAGE][PASSED] - Text '10' is set on object 'Object Repository/Emergency/Page_KDMC - Emergency/input_txttreat'

2018-05-17 11:52:35 - [TEST_STEP][PASSED] - click: Object: 'Object Repository/Emergency/Page_KDMC - Emergency/button_Add' is clicked on

2018-05-17 11:52:36 - [MESSAGE][PASSED] - Object: 'Object Repository/Emergency/Page_KDMC - Emergency/button_Add' is clicked on

2018-05-17 11:52:36 - [TEST_STEP][PASSED] - selectOptionByIndex: All options with index in [2] are selected on object 'Object Repository/Emergency/Page_KDMC - Emergency/select_--Select--Schedule 1Inj'

2018-05-17 11:52:36 - [MESSAGE][PASSED] - All options with index in [2] are selected on object 'Object Repository/Emergency/Page_KDMC - Emergency/select_--Select--Schedule 1Inj'

2018-05-17 11:52:36 - [TEST_STEP][PASSED] - selectOptionByIndex: All options with index in [19] are selected on object 'Object Repository/Emergency/Page_KDMC - Emergency/select_--Select--Adernaline 0.'

2018-05-17 11:52:36 - [MESSAGE][PASSED] - All options with index in [19] are selected on object 'Object Repository/Emergency/Page_KDMC - Emergency/select_--Select--Adernaline 0.'

2018-05-17 11:52:36 - [TEST_STEP][PASSED] - setText: Text '10' is set on object 'Object Repository/Emergency/Page_KDMC - Emergency/input_txttreat'

2018-05-17 11:52:36 - [MESSAGE][PASSED] - Text '10' is set on object 'Object Repository/Emergency/Page_KDMC - Emergency/input_txttreat'

2018-05-17 11:52:36 - [TEST_STEP][PASSED] - click: Object: 'Object Repository/Emergency/Page_KDMC - Emergency/button_Add' is clicked on

2018-05-17 11:52:36 - [MESSAGE][PASSED] - Object: 'Object Repository/Emergency/Page_KDMC - Emergency/button_Add' is clicked on

2018-05-17 11:52:36 - [TEST_STEP][PASSED] - selectOptionByIndex: All options with index in [2] are selected on object 'Object Repository/Emergency/Page_KDMC - Emergency/select_--Select--Schedule 1Inj'

2018-05-17 11:52:36 - [MESSAGE][PASSED] - All options with index in [2] are selected on object 'Object Repository/Emergency/Page_KDMC - Emergency/select_--Select--Schedule 1Inj'

2018-05-17 11:52:36 - [TEST_STEP][PASSED] - selectOptionByIndex: All options with index in [20] are selected on object 'Object Repository/Emergency/Page_KDMC - Emergency/select_--Select--Adernaline 0.'

2018-05-17 11:52:37 - [MESSAGE][PASSED] - All options with index in [20] are selected on object 'Object Repository/Emergency/Page_KDMC - Emergency/select_--Select--Adernaline 0.'

2018-05-17 11:52:37 - [TEST_STEP][PASSED] - setText: Text '10' is set on object 'Object Repository/Emergency/Page_KDMC - Emergency/input_txttreat'

2018-05-17 11:52:37 - [MESSAGE][PASSED] - Text '10' is set on object 'Object Repository/Emergency/Page_KDMC - Emergency/input_txttreat'

2018-05-17 11:52:37 - [TEST_STEP][PASSED] - click: Object: 'Object Repository/Emergency/Page_KDMC - Emergency/button_Add' is clicked on

2018-05-17 11:52:37 - [MESSAGE][PASSED] - Object: 'Object Repository/Emergency/Page_KDMC - Emergency/button_Add' is clicked on

2018-05-17 11:52:37 - [TEST_STEP][PASSED] - selectOptionByIndex: All options with index in [2] are selected on object 'Object Repository/Emergency/Page_KDMC - Emergency/select_--Select--Schedule 1Inj'

2018-05-17 11:52:37 - [MESSAGE][PASSED] - All options with index in [2] are selected on object 'Object Repository/Emergency/Page_KDMC - Emergency/select_--Select--Schedule 1Inj'

2018-05-17 11:52:37 - [TEST_STEP][PASSED] - selectOptionByIndex: All options with index in [21] are selected on object 'Object Repository/Emergency/Page_KDMC - Emergency/select_--Select--Adernaline 0.'

2018-05-17 11:52:37 - [MESSAGE][PASSED] - All options with index in [21] are selected on object 'Object Repository/Emergency/Page_KDMC - Emergency/select_--Select--Adernaline 0.'

2018-05-17 11:52:37 - [TEST_STEP][PASSED] - setText: Text '10' is set on object 'Object Repository/Emergency/Page_KDMC - Emergency/input_txttreat'

2018-05-17 11:52:37 - [MESSAGE][PASSED] - Text '10' is set on object 'Object Repository/Emergency/Page_KDMC - Emergency/input_txttreat'

2018-05-17 11:52:37 - [TEST_STEP][PASSED] - click: Object: 'Object Repository/Emergency/Page_KDMC - Emergency/button_Add' is clicked on

2018-05-17 11:52:37 - [MESSAGE][PASSED] - Object: 'Object Repository/Emergency/Page_KDMC - Emergency/button_Add' is clicked on

2018-05-17 11:52:37 - [TEST_STEP][PASSED] - selectOptionByIndex: All options with index in [2] are selected on object 'Object Repository/Emergency/Page_KDMC - Emergency/select_--Select--Schedule 1Inj'

2018-05-17 11:52:37 - [MESSAGE][PASSED] - All options with index in [2] are selected on object 'Object Repository/Emergency/Page_KDMC - Emergency/select_--Select--Schedule 1Inj'

2018-05-17 11:52:37 - [TEST_STEP][PASSED] - selectOptionByIndex: All options with index in [22] are selected on object 'Object Repository/Emergency/Page_KDMC - Emergency/select_--Select--Adernaline 0.'

2018-05-17 11:52:38 - [MESSAGE][PASSED] - All options with index in [22] are selected on object 'Object Repository/Emergency/Page_KDMC - Emergency/select_--Select--Adernaline 0.'

2018-05-17 11:52:38 - [TEST_STEP][PASSED] - setText: Text '10' is set on object 'Object Repository/Emergency/Page_KDMC - Emergency/input_txttreat'

2018-05-17 11:52:38 - [MESSAGE][PASSED] - Text '10' is set on object 'Object Repository/Emergency/Page_KDMC - Emergency/input_txttreat'

2018-05-17 11:52:38 - [TEST_STEP][PASSED] - click: Object: 'Object Repository/Emergency/Page_KDMC - Emergency/button_Add' is clicked on

2018-05-17 11:52:38 - [MESSAGE][PASSED] - Object: 'Object Repository/Emergency/Page_KDMC - Emergency/button_Add' is clicked on

2018-05-17 11:52:38 - [TEST_STEP][PASSED] - selectOptionByIndex: All options with index in [2] are selected on object 'Object Repository/Emergency/Page_KDMC - Emergency/select_--Select--Schedule 1Inj'

2018-05-17 11:52:38 - [MESSAGE][PASSED] - All options with index in [2] are selected on object 'Object Repository/Emergency/Page_KDMC - Emergency/select_--Select--Schedule 1Inj'

2018-05-17 11:52:38 - [TEST_STEP][PASSED] - selectOptionByIndex: All options with index in [23] are selected on object 'Object Repository/Emergency/Page_KDMC - Emergency/select_--Select--Adernaline 0.'

2018-05-17 11:52:38 - [MESSAGE][PASSED] - All options with index in [23] are selected on object 'Object Repository/Emergency/Page_KDMC - Emergency/select_--Select--Adernaline 0.'

2018-05-17 11:52:38 - [TEST_STEP][PASSED] - setText: Text '10' is set on object 'Object Repository/Emergency/Page_KDMC - Emergency/input_txttreat'

2018-05-17 11:52:38 - [MESSAGE][PASSED] - Text '10' is set on object 'Object Repository/Emergency/Page_KDMC - Emergency/input_txttreat'

2018-05-17 11:52:38 - [TEST_STEP][PASSED] - click: Object: 'Object Repository/Emergency/Page_KDMC - Emergency/button_Add' is clicked on

2018-05-17 11:52:39 - [MESSAGE][PASSED] - Object: 'Object Repository/Emergency/Page_KDMC - Emergency/button_Add' is clicked on

2018-05-17 11:52:39 - [TEST_STEP][PASSED] - selectOptionByIndex: All options with index in [2] are selected on object 'Object Repository/Emergency/Page_KDMC - Emergency/select_--Select--Schedule 1Inj'

2018-05-17 11:52:39 - [MESSAGE][PASSED] - All options with index in [2] are selected on object 'Object Repository/Emergency/Page_KDMC - Emergency/select_--Select--Schedule 1Inj'

2018-05-17 11:52:39 - [TEST_STEP][PASSED] - selectOptionByIndex: All options with index in [24] are selected on object 'Object Repository/Emergency/Page_KDMC - Emergency/select_--Select--Adernaline 0.'

2018-05-17 11:52:39 - [MESSAGE][PASSED] - All options with index in [24] are selected on object 'Object Repository/Emergency/Page_KDMC - Emergency/select_--Select--Adernaline 0.'

2018-05-17 11:52:39 - [TEST_STEP][PASSED] - setText: Text '10' is set on object 'Object Repository/Emergency/Page_KDMC - Emergency/input_txttreat'

2018-05-17 11:52:39 - [MESSAGE][PASSED] - Text '10' is set on object 'Object Repository/Emergency/Page_KDMC - Emergency/input_txttreat'

2018-05-17 11:52:39 - [TEST_STEP][PASSED] - click: Object: 'Object Repository/Emergency/Page_KDMC - Emergency/button_Add' is clicked on

2018-05-17 11:52:39 - [MESSAGE][PASSED] - Object: 'Object Repository/Emergency/Page_KDMC - Emergency/button_Add' is clicked on

2018-05-17 11:52:39 - [TEST_STEP][PASSED] - selectOptionByIndex: All options with index in [2] are selected on object 'Object Repository/Emergency/Page_KDMC - Emergency/select_--Select--Schedule 1Inj'

2018-05-17 11:52:39 - [MESSAGE][PASSED] - All options with index in [2] are selected on object 'Object Repository/Emergency/Page_KDMC - Emergency/select_--Select--Schedule 1Inj'

2018-05-17 11:52:39 - [TEST_STEP][PASSED] - selectOptionByIndex: All options with index in [25] are selected on object 'Object Repository/Emergency/Page_KDMC - Emergency/select_--Select--Adernaline 0.'

2018-05-17 11:52:40 - [MESSAGE][PASSED] - All options with index in [25] are selected on object 'Object Repository/Emergency/Page_KDMC - Emergency/select_--Select--Adernaline 0.'

2018-05-17 11:52:40 - [TEST_STEP][PASSED] - setText: Text '10' is set on object 'Object Repository/Emergency/Page_KDMC - Emergency/input_txttreat'

2018-05-17 11:52:40 - [MESSAGE][PASSED] - Text '10' is set on object 'Object Repository/Emergency/Page_KDMC - Emergency/input_txttreat'

2018-05-17 11:52:40 - [TEST_STEP][PASSED] - click: Object: 'Object Repository/Emergency/Page_KDMC - Emergency/button_Add' is clicked on

2018-05-17 11:52:40 - [MESSAGE][PASSED] - Object: 'Object Repository/Emergency/Page_KDMC - Emergency/button_Add' is clicked on

2018-05-17 11:52:40 - [TEST_STEP][PASSED] - selectOptionByIndex: All options with index in [2] are selected on object 'Object Repository/Emergency/Page_KDMC - Emergency/select_--Select--Schedule 1Inj'

2018-05-17 11:52:40 - [MESSAGE][PASSED] - All options with index in [2] are selected on object 'Object Repository/Emergency/Page_KDMC - Emergency/select_--Select--Schedule 1Inj'

2018-05-17 11:52:40 - [TEST_STEP][PASSED] - selectOptionByIndex: All options with index in [26] are selected on object 'Object Repository/Emergency/Page_KDMC - Emergency/select_--Select--Adernaline 0.'

2018-05-17 11:52:40 - [MESSAGE][PASSED] - All options with index in [26] are selected on object 'Object Repository/Emergency/Page_KDMC - Emergency/select_--Select--Adernaline 0.'

2018-05-17 11:52:40 - [TEST_STEP][PASSED] - setText: Text '10' is set on object 'Object Repository/Emergency/Page_KDMC - Emergency/input_txttreat'

2018-05-17 11:52:40 - [MESSAGE][PASSED] - Text '10' is set on object 'Object Repository/Emergency/Page_KDMC - Emergency/input_txttreat'

2018-05-17 11:52:40 - [TEST_STEP][PASSED] - click: Object: 'Object Repository/Emergency/Page_KDMC - Emergency/button_Add' is clicked on

2018-05-17 11:52:40 - [MESSAGE][PASSED] - Object: 'Object Repository/Emergency/Page_KDMC - Emergency/button_Add' is clicked on

2018-05-17 11:52:40 - [TEST_STEP][PASSED] - selectOptionByIndex: All options with index in [2] are selected on object 'Object Repository/Emergency/Page_KDMC - Emergency/select_--Select--Schedule 1Inj'

2018-05-17 11:52:41 - [MESSAGE][PASSED] - All options with index in [2] are selected on object 'Object Repository/Emergency/Page_KDMC - Emergency/select_--Select--Schedule 1Inj'

2018-05-17 11:52:41 - [TEST_STEP][PASSED] - selectOptionByIndex: All options with index in [27] are selected on object 'Object Repository/Emergency/Page_KDMC - Emergency/select_--Select--Adernaline 0.'

2018-05-17 11:52:41 - [MESSAGE][PASSED] - All options with index in [27] are selected on object 'Object Repository/Emergency/Page_KDMC - Emergency/select_--Select--Adernaline 0.'

2018-05-17 11:52:41 - [TEST_STEP][PASSED] - setText: Text '10' is set on object 'Object Repository/Emergency/Page_KDMC - Emergency/input_txttreat'

2018-05-17 11:52:41 - [MESSAGE][PASSED] - Text '10' is set on object 'Object Repository/Emergency/Page_KDMC - Emergency/input_txttreat'

2018-05-17 11:52:41 - [TEST_STEP][PASSED] - click: Object: 'Object Repository/Emergency/Page_KDMC - Emergency/button_Add' is clicked on

2018-05-17 11:52:41 - [MESSAGE][PASSED] - Object: 'Object Repository/Emergency/Page_KDMC - Emergency/button_Add' is clicked on

2018-05-17 11:52:41 - [TEST_STEP][PASSED] - selectOptionByIndex: All options with index in [2] are selected on object 'Object Repository/Emergency/Page_KDMC - Emergency/select_--Select--Schedule 1Inj'

2018-05-17 11:52:41 - [MESSAGE][PASSED] - All options with index in [2] are selected on object 'Object Repository/Emergency/Page_KDMC - Emergency/select_--Select--Schedule 1Inj'

2018-05-17 11:52:41 - [TEST_STEP][PASSED] - selectOptionByIndex: All options with index in [28] are selected on object 'Object Repository/Emergency/Page_KDMC - Emergency/select_--Select--Adernaline 0.'

2018-05-17 11:52:42 - [MESSAGE][PASSED] - All options with index in [28] are selected on object 'Object Repository/Emergency/Page_KDMC - Emergency/select_--Select--Adernaline 0.'

2018-05-17 11:52:42 - [TEST_STEP][PASSED] - setText: Text '10' is set on object 'Object Repository/Emergency/Page_KDMC - Emergency/input_txttreat'

2018-05-17 11:52:42 - [MESSAGE][PASSED] - Text '10' is set on object 'Object Repository/Emergency/Page_KDMC - Emergency/input_txttreat'

2018-05-17 11:52:42 - [TEST_STEP][PASSED] - click: Object: 'Object Repository/Emergency/Page_KDMC - Emergency/button_Add' is clicked on

2018-05-17 11:52:42 - [MESSAGE][PASSED] - Object: 'Object Repository/Emergency/Page_KDMC - Emergency/button_Add' is clicked on

2018-05-17 11:52:42 - [TEST_STEP][PASSED] - selectOptionByIndex: All options with index in [2] are selected on object 'Object Repository/Emergency/Page_KDMC - Emergency/select_--Select--Schedule 1Inj'

2018-05-17 11:52:42 - [MESSAGE][PASSED] - All options with index in [2] are selected on object 'Object Repository/Emergency/Page_KDMC - Emergency/select_--Select--Schedule 1Inj'

2018-05-17 11:52:42 - [TEST_STEP][PASSED] - selectOptionByIndex: All options with index in [29] are selected on object 'Object Repository/Emergency/Page_KDMC - Emergency/select_--Select--Adernaline 0.'

2018-05-17 11:52:42 - [MESSAGE][PASSED] - All options with index in [29] are selected on object 'Object Repository/Emergency/Page_KDMC - Emergency/select_--Select--Adernaline 0.'

2018-05-17 11:52:42 - [TEST_STEP][PASSED] - setText: Text '10' is set on object 'Object Repository/Emergency/Page_KDMC - Emergency/input_txttreat'

2018-05-17 11:52:42 - [MESSAGE][PASSED] - Text '10' is set on object 'Object Repository/Emergency/Page_KDMC - Emergency/input_txttreat'

2018-05-17 11:52:42 - [TEST_STEP][PASSED] - click: Object: 'Object Repository/Emergency/Page_KDMC - Emergency/button_Add' is clicked on

2018-05-17 11:52:42 - [MESSAGE][PASSED] - Object: 'Object Repository/Emergency/Page_KDMC - Emergency/button_Add' is clicked on

2018-05-17 11:52:42 - [TEST_STEP][PASSED] - selectOptionByIndex: All options with index in [2] are selected on object 'Object Repository/Emergency/Page_KDMC - Emergency/select_--Select--Schedule 1Inj'

2018-05-17 11:52:43 - [MESSAGE][PASSED] - All options with index in [2] are selected on object 'Object Repository/Emergency/Page_KDMC - Emergency/select_--Select--Schedule 1Inj'

2018-05-17 11:52:43 - [TEST_STEP][PASSED] - selectOptionByIndex: All options with index in [30] are selected on object 'Object Repository/Emergency/Page_KDMC - Emergency/select_--Select--Adernaline 0.'

2018-05-17 11:52:43 - [MESSAGE][PASSED] - All options with index in [30] are selected on object 'Object Repository/Emergency/Page_KDMC - Emergency/select_--Select--Adernaline 0.'

2018-05-17 11:52:43 - [TEST_STEP][PASSED] - setText: Text '10' is set on object 'Object Repository/Emergency/Page_KDMC - Emergency/input_txttreat'

2018-05-17 11:52:43 - [MESSAGE][PASSED] - Text '10' is set on object 'Object Repository/Emergency/Page_KDMC - Emergency/input_txttreat'

2018-05-17 11:52:43 - [TEST_STEP][PASSED] - click: Object: 'Object Repository/Emergency/Page_KDMC - Emergency/button_Add' is clicked on

2018-05-17 11:52:43 - [MESSAGE][PASSED] - Object: 'Object Repository/Emergency/Page_KDMC - Emergency/button_Add' is clicked on

2018-05-17 11:52:43 - [TEST_STEP][PASSED] - selectOptionByIndex: All options with index in [2] are selected on object 'Object Repository/Emergency/Page_KDMC - Emergency/select_--Select--Schedule 1Inj'

2018-05-17 11:52:43 - [MESSAGE][PASSED] - All options with index in [2] are selected on object 'Object Repository/Emergency/Page_KDMC - Emergency/select_--Select--Schedule 1Inj'

2018-05-17 11:52:43 - [TEST_STEP][PASSED] - selectOptionByIndex: All options with index in [31] are selected on object 'Object Repository/Emergency/Page_KDMC - Emergency/select_--Select--Adernaline 0.'

2018-05-17 11:52:44 - [MESSAGE][PASSED] - All options with index in [31] are selected on object 'Object Repository/Emergency/Page_KDMC - Emergency/select_--Select--Adernaline 0.'

2018-05-17 11:52:44 - [TEST_STEP][PASSED] - setText: Text '10' is set on object 'Object Repository/Emergency/Page_KDMC - Emergency/input_txttreat'

2018-05-17 11:52:44 - [MESSAGE][PASSED] - Text '10' is set on object 'Object Repository/Emergency/Page_KDMC - Emergency/input_txttreat'

2018-05-17 11:52:44 - [TEST_STEP][PASSED] - click: Object: 'Object Repository/Emergency/Page_KDMC - Emergency/button_Add' is clicked on

2018-05-17 11:52:44 - [MESSAGE][PASSED] - Object: 'Object Repository/Emergency/Page_KDMC - Emergency/button_Add' is clicked on

2018-05-17 11:52:44 - [TEST_STEP][PASSED] - selectOptionByIndex: All options with index in [2] are selected on object 'Object Repository/Emergency/Page_KDMC - Emergency/select_--Select--Schedule 1Inj'

2018-05-17 11:52:44 - [MESSAGE][PASSED] - All options with index in [2] are selected on object 'Object Repository/Emergency/Page_KDMC - Emergency/select_--Select--Schedule 1Inj'

2018-05-17 11:52:44 - [TEST_STEP][PASSED] - selectOptionByIndex: All options with index in [32] are selected on object 'Object Repository/Emergency/Page_KDMC - Emergency/select_--Select--Adernaline 0.'

2018-05-17 11:52:44 - [MESSAGE][PASSED] - All options with index in [32] are selected on object 'Object Repository/Emergency/Page_KDMC - Emergency/select_--Select--Adernaline 0.'

2018-05-17 11:52:44 - [TEST_STEP][PASSED] - setText: Text '10' is set on object 'Object Repository/Emergency/Page_KDMC - Emergency/input_txttreat'

2018-05-17 11:52:44 - [MESSAGE][PASSED] - Text '10' is set on object 'Object Repository/Emergency/Page_KDMC - Emergency/input_txttreat'

2018-05-17 11:52:44 - [TEST_STEP][PASSED] - click: Object: 'Object Repository/Emergency/Page_KDMC - Emergency/button_Add' is clicked on

2018-05-17 11:52:45 - [MESSAGE][PASSED] - Object: 'Object Repository/Emergency/Page_KDMC - Emergency/button_Add' is clicked on

2018-05-17 11:52:45 - [TEST_STEP][PASSED] - selectOptionByIndex: All options with index in [2] are selected on object 'Object Repository/Emergency/Page_KDMC - Emergency/select_--Select--Schedule 1Inj'

2018-05-17 11:52:45 - [MESSAGE][PASSED] - All options with index in [2] are selected on object 'Object Repository/Emergency/Page_KDMC - Emergency/select_--Select--Schedule 1Inj'

2018-05-17 11:52:45 - [TEST_STEP][PASSED] - selectOptionByIndex: All options with index in [33] are selected on object 'Object Repository/Emergency/Page_KDMC - Emergency/select_--Select--Adernaline 0.'

2018-05-17 11:52:45 - [MESSAGE][PASSED] - All options with index in [33] are selected on object 'Object Repository/Emergency/Page_KDMC - Emergency/select_--Select--Adernaline 0.'

2018-05-17 11:52:45 - [TEST_STEP][PASSED] - setText: Text '10' is set on object 'Object Repository/Emergency/Page_KDMC - Emergency/input_txttreat'

2018-05-17 11:52:45 - [MESSAGE][PASSED] - Text '10' is set on object 'Object Repository/Emergency/Page_KDMC - Emergency/input_txttreat'

2018-05-17 11:52:45 - [TEST_STEP][PASSED] - click: Object: 'Object Repository/Emergency/Page_KDMC - Emergency/button_Add' is clicked on

2018-05-17 11:52:45 - [MESSAGE][PASSED] - Object: 'Object Repository/Emergency/Page_KDMC - Emergency/button_Add' is clicked on

2018-05-17 11:52:45 - [TEST_STEP][PASSED] - selectOptionByIndex: All options with index in [2] are selected on object 'Object Repository/Emergency/Page_KDMC - Emergency/select_--Select--Schedule 1Inj'

2018-05-17 11:52:45 - [MESSAGE][PASSED] - All options with index in [2] are selected on object 'Object Repository/Emergency/Page_KDMC - Emergency/select_--Select--Schedule 1Inj'

2018-05-17 11:52:45 - [TEST_STEP][PASSED] - selectOptionByIndex: All options with index in [34] are selected on object 'Object Repository/Emergency/Page_KDMC - Emergency/select_--Select--Adernaline 0.'

2018-05-17 11:52:46 - [MESSAGE][PASSED] - All options with index in [34] are selected on object 'Object Repository/Emergency/Page_KDMC - Emergency/select_--Select--Adernaline 0.'

2018-05-17 11:52:46 - [TEST_STEP][PASSED] - setText: Text '10' is set on object 'Object Repository/Emergency/Page_KDMC - Emergency/input_txttreat'

2018-05-17 11:52:46 - [MESSAGE][PASSED] - Text '10' is set on object 'Object Repository/Emergency/Page_KDMC - Emergency/input_txttreat'

2018-05-17 11:52:46 - [TEST_STEP][PASSED] - click: Object: 'Object Repository/Emergency/Page_KDMC - Emergency/button_Add' is clicked on

2018-05-17 11:52:46 - [MESSAGE][PASSED] - Object: 'Object Repository/Emergency/Page_KDMC - Emergency/button_Add' is clicked on

2018-05-17 11:52:46 - [TEST_STEP][PASSED] - selectOptionByIndex: All options with index in [2] are selected on object 'Object Repository/Emergency/Page_KDMC - Emergency/select_--Select--Schedule 1Inj'

2018-05-17 11:52:46 - [MESSAGE][PASSED] - All options with index in [2] are selected on object 'Object Repository/Emergency/Page_KDMC - Emergency/select_--Select--Schedule 1Inj'

2018-05-17 11:52:46 - [TEST_STEP][PASSED] - selectOptionByIndex: All options with index in [35] are selected on object 'Object Repository/Emergency/Page_KDMC - Emergency/select_--Select--Adernaline 0.'

2018-05-17 11:52:47 - [MESSAGE][PASSED] - All options with index in [35] are selected on object 'Object Repository/Emergency/Page_KDMC - Emergency/select_--Select--Adernaline 0.'

2018-05-17 11:52:47 - [TEST_STEP][PASSED] - setText: Text '10' is set on object 'Object Repository/Emergency/Page_KDMC - Emergency/input_txttreat'

2018-05-17 11:52:47 - [MESSAGE][PASSED] - Text '10' is set on object 'Object Repository/Emergency/Page_KDMC - Emergency/input_txttreat'

2018-05-17 11:52:47 - [TEST_STEP][PASSED] - click: Object: 'Object Repository/Emergency/Page_KDMC - Emergency/button_Add' is clicked on

2018-05-17 11:52:47 - [MESSAGE][PASSED] - Object: 'Object Repository/Emergency/Page_KDMC - Emergency/button_Add' is clicked on

2018-05-17 11:52:47 - [TEST_STEP][PASSED] - scrollToElement: Scroll to object 'Object Repository/Emergency/Page_KDMC - Emergency/input_btnsave' successfully

2018-05-17 11:52:47 - [MESSAGE][PASSED] - Scroll to object 'Object Repository/Emergency/Page_KDMC - Emergency/input_btnsave' successfully

2018-05-17 11:52:47 - [TEST_STEP][PASSED] - click: Object: 'Object Repository/Emergency/Page_KDMC - Emergency/input_btnsave' is clicked on

2018-05-17 11:52:47 - [MESSAGE][PASSED] - Object: 'Object Repository/Emergency/Page_KDMC - Emergency/input_btnsave' is clicked on

2018-05-17 11:52:47 - [TEST_STEP][PASSED] - delay: Delayed 3 second(s)

2018-05-17 11:52:50 - [MESSAGE][PASSED] - Delayed 3 second(s)

2018-05-17 11:52:50 - [TEST_STEP][PASSED] - Statement - RequestNumber = com.kms.katalon.core.webui.keyword.WebUiBuiltInKeywords.getText(com.kms.katalon.core.testobject.ObjectRepository.findTestObject(Emergency/Page_KDMC - Emergency/font_ERNO100520183)): Text of object 'Object Repository/Emergency/Page_KDMC - Emergency/font_ERNO100520183' is: 'ERNO/17052018/236'

2018-05-17 11:52:50 - [MESSAGE][PASSED] - Text of object 'Object Repository/Emergency/Page_KDMC - Emergency/font_ERNO100520183' is: 'ERNO/17052018/236'

2018-05-17 11:52:50 - [TEST_STEP][PASSED] - Statement - Rno = RequestNumber.split("/")[2]: null

2018-05-17 11:52:50 - [TEST_STEP][PASSED] - Statement - out.println(Rno): null

2018-05-17 11:52:50 - [TEST_STEP][PASSED] - click: Object: 'Object Repository/Emergency/Page_KDMC - Emergency/button_OK' is clicked on

2018-05-17 11:52:51 - [MESSAGE][PASSED] - Object: 'Object Repository/Emergency/Page_KDMC - Emergency/button_OK' is clicked on

2018-05-17 11:52:51 - [TEST_STEP][PASSED] - delay: Delayed 3 second(s)

2018-05-17 11:52:54 - [MESSAGE][PASSED] - Delayed 3 second(s)

2018-05-17 11:52:54 - [TEST_STEP][PASSED] - click: Object: 'Object Repository/Emergency/Page_KDMC - Emergency/a_dropdown-toggle' is clicked on

2018-05-17 11:52:54 - [MESSAGE][PASSED] - Object: 'Object Repository/Emergency/Page_KDMC - Emergency/a_dropdown-toggle' is clicked on

2018-05-17 11:52:54 - [TEST_STEP][PASSED] - click: Object: 'Object Repository/Emergency/Page_KDMC - Emergency/a_Sign out' is clicked on

2018-05-17 11:52:55 - [MESSAGE][PASSED] - Object: 'Object Repository/Emergency/Page_KDMC - Emergency/a_Sign out' is clicked on

2018-05-17 11:52:55 - [TEST_STEP][PASSED] - delay: Delayed 3 second(s)

2018-05-17 11:52:58 - [MESSAGE][PASSED] - Delayed 3 second(s)

2018-05-17 11:52:58 - [TEST_STEP][PASSED] - click: Object: 'Object Repository/Emergency/Page_KDMC/a_CMO' is clicked on

2018-05-17 11:52:59 - [MESSAGE][PASSED] - Object: 'Object Repository/Emergency/Page_KDMC/a_CMO' is clicked on

2018-05-17 11:52:59 - [TEST_STEP][PASSED] - setText: Text 'guru' is set on object 'Object Repository/Emergency/Page_CMO login/input_txtusername'

2018-05-17 11:52:59 - [MESSAGE][PASSED] - Text 'guru' is set on object 'Object Repository/Emergency/Page_CMO login/input_txtusername'

2018-05-17 11:52:59 - [TEST_STEP][PASSED] - setText: Text '123' is set on object 'Object Repository/Emergency/Page_CMO login/input_txtpassword'

2018-05-17 11:52:59 - [MESSAGE][PASSED] - Text '123' is set on object 'Object Repository/Emergency/Page_CMO login/input_txtpassword'

2018-05-17 11:52:59 - [TEST_STEP][PASSED] - delay: Delayed 3 second(s)

2018-05-17 11:53:02 - [MESSAGE][PASSED] - Delayed 3 second(s)

2018-05-17 11:53:02 - [TEST_STEP][PASSED] - click: Object: 'Object Repository/Emergency/Page_CMO login/button_Sign in' is clicked on

2018-05-17 11:53:02 - [MESSAGE][PASSED] - Object: 'Object Repository/Emergency/Page_CMO login/button_Sign in' is clicked on

2018-05-17 11:53:02 - [TEST_STEP][PASSED] - delay: Delayed 2 second(s)

2018-05-17 11:53:04 - [MESSAGE][PASSED] - Delayed 2 second(s)

2018-05-17 11:53:04 - [TEST_STEP][PASSED] - click: Object: 'Object Repository/Emergency/Page_KDMC - CMO/a_Department Wise Request' is clicked on

2018-05-17 11:53:05 - [MESSAGE][PASSED] - Object: 'Object Repository/Emergency/Page_KDMC - CMO/a_Department Wise Request' is clicked on

2018-05-17 11:53:05 - [TEST_STEP][PASSED] - selectOptionByIndex: All options with index in [7] are selected on object 'Object Repository/Emergency/Page_KDMC - CMO/select_--ALL--'

2018-05-17 11:53:05 - [MESSAGE][PASSED] - All options with index in [7] are selected on object 'Object Repository/Emergency/Page_KDMC - CMO/select_--ALL--'

2018-05-17 11:53:05 - [TEST_STEP][PASSED] - selectOptionByIndex: All options with index in [1] are selected on object 'Object Repository/Emergency/Page_KDMC - CMO/select_--ALL--                _1'

2018-05-17 11:53:05 - [MESSAGE][PASSED] - All options with index in [1] are selected on object 'Object Repository/Emergency/Page_KDMC - CMO/select_--ALL--                _1'

2018-05-17 11:53:05 - [TEST_STEP][PASSED] - click: Object: 'Object Repository/Emergency/Page_KDMC - CMO/input_btnsearch' is clicked on

2018-05-17 11:53:05 - [MESSAGE][PASSED] - Object: 'Object Repository/Emergency/Page_KDMC - CMO/input_btnsearch' is clicked on

2018-05-17 11:53:05 - [TEST_STEP][PASSED] - Statement - ID = com.kms.katalon.core.webui.keyword.WebUiBuiltInKeywords.modifyObjectProperty(com.kms.katalon.core.testobject.ObjectRepository.findTestObject(Emergency/Page_KDMC - CMO/input_3), "xpath", "equals", "//*[@id=" + Rno + "]", true): Modify property of object successfully

2018-05-17 11:53:05 - [MESSAGE][PASSED] - Modify property of object successfully

2018-05-17 11:53:05 - [TEST_STEP][PASSED] - click: Object: 'Object Repository/Emergency/Page_KDMC - CMO/input_3' is clicked on

2018-05-17 11:53:06 - [MESSAGE][PASSED] - Object: 'Object Repository/Emergency/Page_KDMC - CMO/input_3' is clicked on

2018-05-17 11:53:06 - [TEST_STEP][PASSED] - delay: Delayed 2 second(s)

2018-05-17 11:53:08 - [MESSAGE][PASSED] - Delayed 2 second(s)

2018-05-17 11:53:08 - [TEST_STEP][PASSED] - selectOptionByIndex: All options with index in [1] are selected on object 'Object Repository/Emergency/Page_KDMC - CMO/select_--Select--'

2018-05-17 11:53:08 - [MESSAGE][PASSED] - All options with index in [1] are selected on object 'Object Repository/Emergency/Page_KDMC - CMO/select_--Select--'

2018-05-17 11:53:08 - [TEST_STEP][PASSED] - click: Object: 'Object Repository/Emergency/Page_KDMC - CMO/input_btnupdate' is clicked on

2018-05-17 11:53:08 - [MESSAGE][PASSED] - Object: 'Object Repository/Emergency/Page_KDMC - CMO/input_btnupdate' is clicked on

2018-05-17 11:53:08 - [TEST_STEP][PASSED] - delay: Delayed 2 second(s)

2018-05-17 11:53:10 - [MESSAGE][PASSED] - Delayed 2 second(s)

2018-05-17 11:53:10 - [TEST_STEP][PASSED] - click: Object: 'Object Repository/Emergency/Page_KDMC - CMO/button_OK' is clicked on

2018-05-17 11:53:11 - [MESSAGE][PASSED] - Object: 'Object Repository/Emergency/Page_KDMC - CMO/button_OK' is clicked on

2018-05-17 11:53:11 - [TEST_STEP][PASSED] - delay: Delayed 2 second(s)

2018-05-17 11:53:13 - [MESSAGE][PASSED] - Delayed 2 second(s)

2018-05-17 11:53:13 - [TEST_STEP][PASSED] - click: Object: 'Object Repository/Emergency/Page_KDMC - CMO/a_dropdown-toggle' is clicked on

2018-05-17 11:53:13 - [MESSAGE][PASSED] - Object: 'Object Repository/Emergency/Page_KDMC - CMO/a_dropdown-toggle' is clicked on

2018-05-17 11:53:13 - [TEST_STEP][PASSED] - click: Object: 'Object Repository/Emergency/Page_KDMC - CMO/a_Sign out' is clicked on

2018-05-17 11:53:14 - [MESSAGE][PASSED] - Object: 'Object Repository/Emergency/Page_KDMC - CMO/a_Sign out' is clicked on

2018-05-17 11:53:14 - [TEST_STEP][PASSED] - delay: Delayed 3 second(s)

2018-05-17 11:53:17 - [MESSAGE][PASSED] - Delayed 3 second(s)

2018-05-17 11:53:17 - [TEST_STEP][PASSED] - click: Object: 'Object Repository/Emergency/Page_KDMC/a_Divisional Store' is clicked on

2018-05-17 11:53:18 - [MESSAGE][PASSED] - Object: 'Object Repository/Emergency/Page_KDMC/a_Divisional Store' is clicked on

2018-05-17 11:53:18 - [TEST_STEP][PASSED] - setText: Text 'ragu' is set on object 'Object Repository/Emergency/Page_Divisonal Store Login/input_txtusername'

2018-05-17 11:53:18 - [MESSAGE][PASSED] - Text 'ragu' is set on object 'Object Repository/Emergency/Page_Divisonal Store Login/input_txtusername'

2018-05-17 11:53:18 - [TEST_STEP][PASSED] - setText: Text '123' is set on object 'Object Repository/Emergency/Page_Divisonal Store Login/input_txtpassword'

2018-05-17 11:53:18 - [MESSAGE][PASSED] - Text '123' is set on object 'Object Repository/Emergency/Page_Divisonal Store Login/input_txtpassword'

2018-05-17 11:53:18 - [TEST_STEP][PASSED] - delay: Delayed 3 second(s)

2018-05-17 11:53:21 - [MESSAGE][PASSED] - Delayed 3 second(s)

2018-05-17 11:53:21 - [TEST_STEP][PASSED] - click: Object: 'Object Repository/Emergency/Page_Divisonal Store Login/button_Sign in' is clicked on

2018-05-17 11:53:29 - [MESSAGE][PASSED] - Object: 'Object Repository/Emergency/Page_Divisonal Store Login/button_Sign in' is clicked on

2018-05-17 11:53:29 - [TEST_STEP][PASSED] - delay: Delayed 2 second(s)

2018-05-17 11:53:31 - [MESSAGE][PASSED] - Delayed 2 second(s)

2018-05-17 11:53:31 - [TEST_STEP][PASSED] - click: Object: 'Object Repository/Emergency/Page_Store/a_Emergency Request' is clicked on

2018-05-17 11:53:31 - [MESSAGE][PASSED] - Object: 'Object Repository/Emergency/Page_Store/a_Emergency Request' is clicked on

2018-05-17 11:53:31 - [TEST_STEP][PASSED] - click: Object: 'Object Repository/Emergency/Page_Store/a_Request Item Emergency' is clicked on

2018-05-17 11:53:43 - [MESSAGE][PASSED] - Object: 'Object Repository/Emergency/Page_Store/a_Request Item Emergency' is clicked on

2018-05-17 11:53:43 - [TEST_STEP][PASSED] - setText: Text '236' is set on object 'Object Repository/Emergency/Page_Store/input'

2018-05-17 11:53:43 - [MESSAGE][PASSED] - Text '236' is set on object 'Object Repository/Emergency/Page_Store/input'

2018-05-17 11:53:43 - [TEST_STEP][PASSED] - Statement - ChooseRequest = com.kms.katalon.core.webui.keyword.WebUiBuiltInKeywords.modifyObjectProperty(com.kms.katalon.core.testobject.ObjectRepository.findTestObject(Emergency/Page_Store/input_3), "xpath", "equals", "//*[@id=" + Rno + "]", true): Modify property of object successfully

2018-05-17 11:53:43 - [MESSAGE][PASSED] - Modify property of object successfully

2018-05-17 11:53:43 - [TEST_STEP][PASSED] - click: Object: 'Object Repository/Emergency/Page_Store/input_3' is clicked on

2018-05-17 11:53:44 - [MESSAGE][PASSED] - Object: 'Object Repository/Emergency/Page_Store/input_3' is clicked on

2018-05-17 11:53:44 - [TEST_STEP][PASSED] - delay: Delayed 2 second(s)

2018-05-17 11:53:46 - [MESSAGE][PASSED] - Delayed 2 second(s)

2018-05-17 11:53:46 - [TEST_STEP][PASSED] - Statement - selectedoptions1 = com.kms.katalon.core.webui.keyword.WebUiBuiltInKeywords.getNumberOfTotalOption(com.kms.katalon.core.testobject.ObjectRepository.findTestObject(Emergency/Page_Store/select_--Select--Amikacin -500)): 36 options of object 'Object Repository/Emergency/Page_Store/select_--Select--Amikacin -500' counted

2018-05-17 11:53:46 - [MESSAGE][PASSED] - 36 options of object 'Object Repository/Emergency/Page_Store/select_--Select--Amikacin -500' counted

2018-05-17 11:53:46 - [TEST_STEP][PASSED] - Statement - out.println("Soptions : " + selectedoptions1): null

2018-05-17 11:53:46 - [TEST_STEP][PASSED] - Statement - For ([a = 1, a <= selectedoptions1 - 1, (a++)]): null

2018-05-17 11:53:46 - [TEST_STEP][PASSED] - selectOptionByIndex: All options with index in [1] are selected on object 'Object Repository/Emergency/Page_Store/select_--Select--Amikacin -500'

2018-05-17 11:53:46 - [MESSAGE][PASSED] - All options with index in [1] are selected on object 'Object Repository/Emergency/Page_Store/select_--Select--Amikacin -500'

2018-05-17 11:53:46 - [TEST_STEP][PASSED] - delay: Delayed 2 second(s)

2018-05-17 11:53:48 - [MESSAGE][PASSED] - Delayed 2 second(s)

2018-05-17 11:53:48 - [TEST_STEP][PASSED] - Statement - RequestedQty = com.kms.katalon.core.webui.keyword.WebUiBuiltInKeywords.getAttribute(com.kms.katalon.core.testobject.ObjectRepository.findTestObject(Emergency/Page_Store/input_txttotal), "value"): Attribute 'value' of object 'Object Repository/Emergency/Page_Store/input_txttotal' is: '10'

2018-05-17 11:53:48 - [MESSAGE][PASSED] - Attribute 'value' of object 'Object Repository/Emergency/Page_Store/input_txttotal' is: '10'

2018-05-17 11:53:48 - [TEST_STEP][PASSED] - Statement - out.println("Requested QTY : " + RequestedQty): null

2018-05-17 11:53:48 - [TEST_STEP][PASSED] - Statement - BatchNumber = com.kms.katalon.core.webui.keyword.WebUiBuiltInKeywords.getNumberOfTotalOption(com.kms.katalon.core.testobject.ObjectRepository.findTestObject(Emergency/Page_Store/select_--Select--BA1150BA4110)): 3 options of object 'Object Repository/Emergency/Page_Store/select_--Select--BA1150BA4110' counted

2018-05-17 11:53:48 - [MESSAGE][PASSED] - 3 options of object 'Object Repository/Emergency/Page_Store/select_--Select--BA1150BA4110' counted

2018-05-17 11:53:48 - [TEST_STEP][PASSED] - Statement - For ([g = 1, g <= BatchNumber - 1, (g++)]): null

2018-05-17 11:53:48 - [TEST_STEP][PASSED] - selectOptionByIndex: All options with index in [1] are selected on object 'Object Repository/Emergency/Page_Store/select_--Select--BA1150BA4110'

2018-05-17 11:53:48 - [MESSAGE][PASSED] - All options with index in [1] are selected on object 'Object Repository/Emergency/Page_Store/select_--Select--BA1150BA4110'

2018-05-17 11:53:48 - [TEST_STEP][PASSED] - delay: Delayed 2 second(s)

2018-05-17 11:53:50 - [MESSAGE][PASSED] - Delayed 2 second(s)

2018-05-17 11:53:50 - [TEST_STEP][PASSED] - Statement - Try: null

2018-05-17 11:53:50 - [TEST_STEP][PASSED] - Statement - StockQty = com.kms.katalon.core.webui.keyword.WebUiBuiltInKeywords.getAttribute(com.kms.katalon.core.testobject.ObjectRepository.findTestObject(Emergency/Page_Store/input_txtprice), "value"): Attribute 'value' of object 'Object Repository/Emergency/Page_Store/input_txtprice' is: '940'

2018-05-17 11:53:50 - [MESSAGE][PASSED] - Attribute 'value' of object 'Object Repository/Emergency/Page_Store/input_txtprice' is: '940'

2018-05-17 11:53:50 - [TEST_STEP][PASSED] - Statement - out.println("Stock QTY : " + StockQty): null

2018-05-17 11:53:50 - [TEST_STEP][PASSED] - delay: Delayed 2 second(s)

2018-05-17 11:53:52 - [MESSAGE][PASSED] - Delayed 2 second(s)

2018-05-17 11:53:52 - [TEST_STEP][PASSED] - Statement - If (java.lang.Integer.valueOf(StockQty) >= java.lang.Integer.valueOf(RequestedQty)): null

2018-05-17 11:53:52 - [TEST_STEP][PASSED] - delay: Delayed 1 second(s)

2018-05-17 11:53:53 - [MESSAGE][PASSED] - Delayed 1 second(s)

2018-05-17 11:53:53 - [TEST_STEP][PASSED] - setText: Text '10' is set on object 'Object Repository/Emergency/Page_Store/input_txtqty'

2018-05-17 11:53:53 - [MESSAGE][PASSED] - Text '10' is set on object 'Object Repository/Emergency/Page_Store/input_txtqty'

2018-05-17 11:53:53 - [TEST_STEP][PASSED] - click: Object: 'Object Repository/Emergency/Page_Store/button_Add' is clicked on

2018-05-17 11:53:53 - [MESSAGE][PASSED] - Object: 'Object Repository/Emergency/Page_Store/button_Add' is clicked on

2018-05-17 11:53:53 - [TEST_STEP][PASSED] - Statement - Break: null

2018-05-17 11:53:53 - [TEST_STEP][PASSED] - selectOptionByIndex: All options with index in [2] are selected on object 'Object Repository/Emergency/Page_Store/select_--Select--Amikacin -500'

2018-05-17 11:53:54 - [MESSAGE][PASSED] - All options with index in [2] are selected on object 'Object Repository/Emergency/Page_Store/select_--Select--Amikacin -500'

2018-05-17 11:53:54 - [TEST_STEP][PASSED] - delay: Delayed 2 second(s)

2018-05-17 11:53:56 - [MESSAGE][PASSED] - Delayed 2 second(s)

2018-05-17 11:53:56 - [TEST_STEP][PASSED] - Statement - RequestedQty = com.kms.katalon.core.webui.keyword.WebUiBuiltInKeywords.getAttribute(com.kms.katalon.core.testobject.ObjectRepository.findTestObject(Emergency/Page_Store/input_txttotal), "value"): Attribute 'value' of object 'Object Repository/Emergency/Page_Store/input_txttotal' is: '10'

2018-05-17 11:53:56 - [MESSAGE][PASSED] - Attribute 'value' of object 'Object Repository/Emergency/Page_Store/input_txttotal' is: '10'

2018-05-17 11:53:56 - [TEST_STEP][PASSED] - Statement - out.println("Requested QTY : " + RequestedQty): null

2018-05-17 11:53:56 - [TEST_STEP][PASSED] - Statement - BatchNumber = com.kms.katalon.core.webui.keyword.WebUiBuiltInKeywords.getNumberOfTotalOption(com.kms.katalon.core.testobject.ObjectRepository.findTestObject(Emergency/Page_Store/select_--Select--BA1150BA4110)): 3 options of object 'Object Repository/Emergency/Page_Store/select_--Select--BA1150BA4110' counted

2018-05-17 11:53:56 - [MESSAGE][PASSED] - 3 options of object 'Object Repository/Emergency/Page_Store/select_--Select--BA1150BA4110' counted

2018-05-17 11:53:56 - [TEST_STEP][PASSED] - Statement - For ([g = 1, g <= BatchNumber - 1, (g++)]): null

2018-05-17 11:53:56 - [TEST_STEP][PASSED] - selectOptionByIndex: All options with index in [1] are selected on object 'Object Repository/Emergency/Page_Store/select_--Select--BA1150BA4110'

2018-05-17 11:53:56 - [MESSAGE][PASSED] - All options with index in [1] are selected on object 'Object Repository/Emergency/Page_Store/select_--Select--BA1150BA4110'

2018-05-17 11:53:56 - [TEST_STEP][PASSED] - delay: Delayed 2 second(s)

2018-05-17 11:53:58 - [MESSAGE][PASSED] - Delayed 2 second(s)

2018-05-17 11:53:58 - [TEST_STEP][PASSED] - Statement - Try: null

2018-05-17 11:53:58 - [TEST_STEP][PASSED] - Statement - StockQty = com.kms.katalon.core.webui.keyword.WebUiBuiltInKeywords.getAttribute(com.kms.katalon.core.testobject.ObjectRepository.findTestObject(Emergency/Page_Store/input_txtprice), "value"): Attribute 'value' of object 'Object Repository/Emergency/Page_Store/input_txtprice' is: '940'

2018-05-17 11:53:58 - [MESSAGE][PASSED] - Attribute 'value' of object 'Object Repository/Emergency/Page_Store/input_txtprice' is: '940'

2018-05-17 11:53:58 - [TEST_STEP][PASSED] - Statement - out.println("Stock QTY : " + StockQty): null

2018-05-17 11:53:58 - [TEST_STEP][PASSED] - delay: Delayed 2 second(s)

2018-05-17 11:54:00 - [MESSAGE][PASSED] - Delayed 2 second(s)

2018-05-17 11:54:00 - [TEST_STEP][PASSED] - Statement - If (java.lang.Integer.valueOf(StockQty) >= java.lang.Integer.valueOf(RequestedQty)): null

2018-05-17 11:54:00 - [TEST_STEP][PASSED] - delay: Delayed 1 second(s)

2018-05-17 11:54:01 - [MESSAGE][PASSED] - Delayed 1 second(s)

2018-05-17 11:54:01 - [TEST_STEP][PASSED] - setText: Text '10' is set on object 'Object Repository/Emergency/Page_Store/input_txtqty'

2018-05-17 11:54:01 - [MESSAGE][PASSED] - Text '10' is set on object 'Object Repository/Emergency/Page_Store/input_txtqty'

2018-05-17 11:54:01 - [TEST_STEP][PASSED] - click: Object: 'Object Repository/Emergency/Page_Store/button_Add' is clicked on

2018-05-17 11:54:01 - [MESSAGE][PASSED] - Object: 'Object Repository/Emergency/Page_Store/button_Add' is clicked on

2018-05-17 11:54:01 - [TEST_STEP][PASSED] - Statement - Break: null

2018-05-17 11:54:01 - [TEST_STEP][PASSED] - selectOptionByIndex: All options with index in [3] are selected on object 'Object Repository/Emergency/Page_Store/select_--Select--Amikacin -500'

2018-05-17 11:54:01 - [MESSAGE][PASSED] - All options with index in [3] are selected on object 'Object Repository/Emergency/Page_Store/select_--Select--Amikacin -500'

2018-05-17 11:54:01 - [TEST_STEP][PASSED] - delay: Delayed 2 second(s)

2018-05-17 11:54:03 - [MESSAGE][PASSED] - Delayed 2 second(s)

2018-05-17 11:54:03 - [TEST_STEP][PASSED] - Statement - RequestedQty = com.kms.katalon.core.webui.keyword.WebUiBuiltInKeywords.getAttribute(com.kms.katalon.core.testobject.ObjectRepository.findTestObject(Emergency/Page_Store/input_txttotal), "value"): Attribute 'value' of object 'Object Repository/Emergency/Page_Store/input_txttotal' is: '10'

2018-05-17 11:54:03 - [MESSAGE][PASSED] - Attribute 'value' of object 'Object Repository/Emergency/Page_Store/input_txttotal' is: '10'

2018-05-17 11:54:03 - [TEST_STEP][PASSED] - Statement - out.println("Requested QTY : " + RequestedQty): null

2018-05-17 11:54:03 - [TEST_STEP][PASSED] - Statement - BatchNumber = com.kms.katalon.core.webui.keyword.WebUiBuiltInKeywords.getNumberOfTotalOption(com.kms.katalon.core.testobject.ObjectRepository.findTestObject(Emergency/Page_Store/select_--Select--BA1150BA4110)): 2 options of object 'Object Repository/Emergency/Page_Store/select_--Select--BA1150BA4110' counted

2018-05-17 11:54:03 - [MESSAGE][PASSED] - 2 options of object 'Object Repository/Emergency/Page_Store/select_--Select--BA1150BA4110' counted

2018-05-17 11:54:03 - [TEST_STEP][PASSED] - Statement - For ([g = 1, g <= BatchNumber - 1, (g++)]): null

2018-05-17 11:54:03 - [TEST_STEP][PASSED] - selectOptionByIndex: All options with index in [1] are selected on object 'Object Repository/Emergency/Page_Store/select_--Select--BA1150BA4110'

2018-05-17 11:54:03 - [MESSAGE][PASSED] - All options with index in [1] are selected on object 'Object Repository/Emergency/Page_Store/select_--Select--BA1150BA4110'

2018-05-17 11:54:03 - [TEST_STEP][PASSED] - delay: Delayed 2 second(s)

2018-05-17 11:54:05 - [MESSAGE][PASSED] - Delayed 2 second(s)

2018-05-17 11:54:05 - [TEST_STEP][PASSED] - Statement - Try: null

2018-05-17 11:54:05 - [TEST_STEP][PASSED] - Statement - StockQty = com.kms.katalon.core.webui.keyword.WebUiBuiltInKeywords.getAttribute(com.kms.katalon.core.testobject.ObjectRepository.findTestObject(Emergency/Page_Store/input_txtprice), "value"): Attribute 'value' of object 'Object Repository/Emergency/Page_Store/input_txtprice' is: '1020'

2018-05-17 11:54:05 - [MESSAGE][PASSED] - Attribute 'value' of object 'Object Repository/Emergency/Page_Store/input_txtprice' is: '1020'

2018-05-17 11:54:05 - [TEST_STEP][PASSED] - Statement - out.println("Stock QTY : " + StockQty): null

2018-05-17 11:54:05 - [TEST_STEP][PASSED] - delay: Delayed 2 second(s)

2018-05-17 11:54:07 - [MESSAGE][PASSED] - Delayed 2 second(s)

2018-05-17 11:54:07 - [TEST_STEP][PASSED] - Statement - If (java.lang.Integer.valueOf(StockQty) >= java.lang.Integer.valueOf(RequestedQty)): null

2018-05-17 11:54:07 - [TEST_STEP][PASSED] - delay: Delayed 1 second(s)

2018-05-17 11:54:08 - [MESSAGE][PASSED] - Delayed 1 second(s)

2018-05-17 11:54:08 - [TEST_STEP][PASSED] - setText: Text '10' is set on object 'Object Repository/Emergency/Page_Store/input_txtqty'

2018-05-17 11:54:09 - [MESSAGE][PASSED] - Text '10' is set on object 'Object Repository/Emergency/Page_Store/input_txtqty'

2018-05-17 11:54:09 - [TEST_STEP][PASSED] - click: Object: 'Object Repository/Emergency/Page_Store/button_Add' is clicked on

2018-05-17 11:54:09 - [MESSAGE][PASSED] - Object: 'Object Repository/Emergency/Page_Store/button_Add' is clicked on

2018-05-17 11:54:09 - [TEST_STEP][PASSED] - Statement - Break: null

2018-05-17 11:54:09 - [TEST_STEP][PASSED] - selectOptionByIndex: All options with index in [4] are selected on object 'Object Repository/Emergency/Page_Store/select_--Select--Amikacin -500'

2018-05-17 11:54:09 - [MESSAGE][PASSED] - All options with index in [4] are selected on object 'Object Repository/Emergency/Page_Store/select_--Select--Amikacin -500'

2018-05-17 11:54:09 - [TEST_STEP][PASSED] - delay: Delayed 2 second(s)

2018-05-17 11:54:11 - [MESSAGE][PASSED] - Delayed 2 second(s)

2018-05-17 11:54:11 - [TEST_STEP][PASSED] - Statement - RequestedQty = com.kms.katalon.core.webui.keyword.WebUiBuiltInKeywords.getAttribute(com.kms.katalon.core.testobject.ObjectRepository.findTestObject(Emergency/Page_Store/input_txttotal), "value"): Attribute 'value' of object 'Object Repository/Emergency/Page_Store/input_txttotal' is: '10'

2018-05-17 11:54:11 - [MESSAGE][PASSED] - Attribute 'value' of object 'Object Repository/Emergency/Page_Store/input_txttotal' is: '10'

2018-05-17 11:54:11 - [TEST_STEP][PASSED] - Statement - out.println("Requested QTY : " + RequestedQty): null

2018-05-17 11:54:11 - [TEST_STEP][PASSED] - Statement - BatchNumber = com.kms.katalon.core.webui.keyword.WebUiBuiltInKeywords.getNumberOfTotalOption(com.kms.katalon.core.testobject.ObjectRepository.findTestObject(Emergency/Page_Store/select_--Select--BA1150BA4110)): 2 options of object 'Object Repository/Emergency/Page_Store/select_--Select--BA1150BA4110' counted

2018-05-17 11:54:11 - [MESSAGE][PASSED] - 2 options of object 'Object Repository/Emergency/Page_Store/select_--Select--BA1150BA4110' counted

2018-05-17 11:54:11 - [TEST_STEP][PASSED] - Statement - For ([g = 1, g <= BatchNumber - 1, (g++)]): null

2018-05-17 11:54:11 - [TEST_STEP][PASSED] - selectOptionByIndex: All options with index in [1] are selected on object 'Object Repository/Emergency/Page_Store/select_--Select--BA1150BA4110'

2018-05-17 11:54:11 - [MESSAGE][PASSED] - All options with index in [1] are selected on object 'Object Repository/Emergency/Page_Store/select_--Select--BA1150BA4110'

2018-05-17 11:54:11 - [TEST_STEP][PASSED] - delay: Delayed 2 second(s)

2018-05-17 11:54:13 - [MESSAGE][PASSED] - Delayed 2 second(s)

2018-05-17 11:54:13 - [TEST_STEP][PASSED] - Statement - Try: null

2018-05-17 11:54:13 - [TEST_STEP][PASSED] - Statement - StockQty = com.kms.katalon.core.webui.keyword.WebUiBuiltInKeywords.getAttribute(com.kms.katalon.core.testobject.ObjectRepository.findTestObject(Emergency/Page_Store/input_txtprice), "value"): Attribute 'value' of object 'Object Repository/Emergency/Page_Store/input_txtprice' is: '1026'

2018-05-17 11:54:13 - [MESSAGE][PASSED] - Attribute 'value' of object 'Object Repository/Emergency/Page_Store/input_txtprice' is: '1026'

2018-05-17 11:54:13 - [TEST_STEP][PASSED] - Statement - out.println("Stock QTY : " + StockQty): null

2018-05-17 11:54:13 - [TEST_STEP][PASSED] - delay: Delayed 2 second(s)

2018-05-17 11:54:15 - [MESSAGE][PASSED] - Delayed 2 second(s)

2018-05-17 11:54:15 - [TEST_STEP][PASSED] - Statement - If (java.lang.Integer.valueOf(StockQty) >= java.lang.Integer.valueOf(RequestedQty)): null

2018-05-17 11:54:15 - [TEST_STEP][PASSED] - delay: Delayed 1 second(s)

2018-05-17 11:54:16 - [MESSAGE][PASSED] - Delayed 1 second(s)

2018-05-17 11:54:16 - [TEST_STEP][PASSED] - setText: Text '10' is set on object 'Object Repository/Emergency/Page_Store/input_txtqty'

2018-05-17 11:54:16 - [MESSAGE][PASSED] - Text '10' is set on object 'Object Repository/Emergency/Page_Store/input_txtqty'

2018-05-17 11:54:16 - [TEST_STEP][PASSED] - click: Object: 'Object Repository/Emergency/Page_Store/button_Add' is clicked on

2018-05-17 11:54:16 - [MESSAGE][PASSED] - Object: 'Object Repository/Emergency/Page_Store/button_Add' is clicked on

2018-05-17 11:54:16 - [TEST_STEP][PASSED] - Statement - Break: null

2018-05-17 11:54:16 - [TEST_STEP][PASSED] - selectOptionByIndex: All options with index in [5] are selected on object 'Object Repository/Emergency/Page_Store/select_--Select--Amikacin -500'

2018-05-17 11:54:16 - [MESSAGE][PASSED] - All options with index in [5] are selected on object 'Object Repository/Emergency/Page_Store/select_--Select--Amikacin -500'

2018-05-17 11:54:16 - [TEST_STEP][PASSED] - delay: Delayed 2 second(s)

2018-05-17 11:54:18 - [MESSAGE][PASSED] - Delayed 2 second(s)

2018-05-17 11:54:18 - [TEST_STEP][PASSED] - Statement - RequestedQty = com.kms.katalon.core.webui.keyword.WebUiBuiltInKeywords.getAttribute(com.kms.katalon.core.testobject.ObjectRepository.findTestObject(Emergency/Page_Store/input_txttotal), "value"): Attribute 'value' of object 'Object Repository/Emergency/Page_Store/input_txttotal' is: '10'

2018-05-17 11:54:18 - [MESSAGE][PASSED] - Attribute 'value' of object 'Object Repository/Emergency/Page_Store/input_txttotal' is: '10'

2018-05-17 11:54:18 - [TEST_STEP][PASSED] - Statement - out.println("Requested QTY : " + RequestedQty): null

2018-05-17 11:54:18 - [TEST_STEP][PASSED] - Statement - BatchNumber = com.kms.katalon.core.webui.keyword.WebUiBuiltInKeywords.getNumberOfTotalOption(com.kms.katalon.core.testobject.ObjectRepository.findTestObject(Emergency/Page_Store/select_--Select--BA1150BA4110)): 2 options of object 'Object Repository/Emergency/Page_Store/select_--Select--BA1150BA4110' counted

2018-05-17 11:54:18 - [MESSAGE][PASSED] - 2 options of object 'Object Repository/Emergency/Page_Store/select_--Select--BA1150BA4110' counted

2018-05-17 11:54:18 - [TEST_STEP][PASSED] - Statement - For ([g = 1, g <= BatchNumber - 1, (g++)]): null

2018-05-17 11:54:18 - [TEST_STEP][PASSED] - selectOptionByIndex: All options with index in [1] are selected on object 'Object Repository/Emergency/Page_Store/select_--Select--BA1150BA4110'

2018-05-17 11:54:19 - [MESSAGE][PASSED] - All options with index in [1] are selected on object 'Object Repository/Emergency/Page_Store/select_--Select--BA1150BA4110'

2018-05-17 11:54:19 - [TEST_STEP][PASSED] - delay: Delayed 2 second(s)

2018-05-17 11:54:21 - [MESSAGE][PASSED] - Delayed 2 second(s)

2018-05-17 11:54:21 - [TEST_STEP][PASSED] - Statement - Try: null

2018-05-17 11:54:21 - [TEST_STEP][PASSED] - Statement - StockQty = com.kms.katalon.core.webui.keyword.WebUiBuiltInKeywords.getAttribute(com.kms.katalon.core.testobject.ObjectRepository.findTestObject(Emergency/Page_Store/input_txtprice), "value"): Attribute 'value' of object 'Object Repository/Emergency/Page_Store/input_txtprice' is: '1060'

2018-05-17 11:54:21 - [MESSAGE][PASSED] - Attribute 'value' of object 'Object Repository/Emergency/Page_Store/input_txtprice' is: '1060'

2018-05-17 11:54:21 - [TEST_STEP][PASSED] - Statement - out.println("Stock QTY : " + StockQty): null

2018-05-17 11:54:21 - [TEST_STEP][PASSED] - delay: Delayed 2 second(s)

2018-05-17 11:54:23 - [MESSAGE][PASSED] - Delayed 2 second(s)

2018-05-17 11:54:23 - [TEST_STEP][PASSED] - Statement - If (java.lang.Integer.valueOf(StockQty) >= java.lang.Integer.valueOf(RequestedQty)): null

2018-05-17 11:54:23 - [TEST_STEP][PASSED] - delay: Delayed 1 second(s)

2018-05-17 11:54:24 - [MESSAGE][PASSED] - Delayed 1 second(s)

2018-05-17 11:54:24 - [TEST_STEP][PASSED] - setText: Text '10' is set on object 'Object Repository/Emergency/Page_Store/input_txtqty'

2018-05-17 11:54:24 - [MESSAGE][PASSED] - Text '10' is set on object 'Object Repository/Emergency/Page_Store/input_txtqty'

2018-05-17 11:54:24 - [TEST_STEP][PASSED] - click: Object: 'Object Repository/Emergency/Page_Store/button_Add' is clicked on

2018-05-17 11:54:24 - [MESSAGE][PASSED] - Object: 'Object Repository/Emergency/Page_Store/button_Add' is clicked on

2018-05-17 11:54:24 - [TEST_STEP][PASSED] - Statement - Break: null

2018-05-17 11:54:24 - [TEST_STEP][PASSED] - selectOptionByIndex: All options with index in [6] are selected on object 'Object Repository/Emergency/Page_Store/select_--Select--Amikacin -500'

2018-05-17 11:54:24 - [MESSAGE][PASSED] - All options with index in [6] are selected on object 'Object Repository/Emergency/Page_Store/select_--Select--Amikacin -500'

2018-05-17 11:54:24 - [TEST_STEP][PASSED] - delay: Delayed 2 second(s)

2018-05-17 11:54:26 - [MESSAGE][PASSED] - Delayed 2 second(s)

2018-05-17 11:54:26 - [TEST_STEP][PASSED] - Statement - RequestedQty = com.kms.katalon.core.webui.keyword.WebUiBuiltInKeywords.getAttribute(com.kms.katalon.core.testobject.ObjectRepository.findTestObject(Emergency/Page_Store/input_txttotal), "value"): Attribute 'value' of object 'Object Repository/Emergency/Page_Store/input_txttotal' is: '10'

2018-05-17 11:54:26 - [MESSAGE][PASSED] - Attribute 'value' of object 'Object Repository/Emergency/Page_Store/input_txttotal' is: '10'

2018-05-17 11:54:26 - [TEST_STEP][PASSED] - Statement - out.println("Requested QTY : " + RequestedQty): null

2018-05-17 11:54:26 - [TEST_STEP][PASSED] - Statement - BatchNumber = com.kms.katalon.core.webui.keyword.WebUiBuiltInKeywords.getNumberOfTotalOption(com.kms.katalon.core.testobject.ObjectRepository.findTestObject(Emergency/Page_Store/select_--Select--BA1150BA4110)): 3 options of object 'Object Repository/Emergency/Page_Store/select_--Select--BA1150BA4110' counted

2018-05-17 11:54:26 - [MESSAGE][PASSED] - 3 options of object 'Object Repository/Emergency/Page_Store/select_--Select--BA1150BA4110' counted

2018-05-17 11:54:26 - [TEST_STEP][PASSED] - Statement - For ([g = 1, g <= BatchNumber - 1, (g++)]): null

2018-05-17 11:54:26 - [TEST_STEP][PASSED] - selectOptionByIndex: All options with index in [1] are selected on object 'Object Repository/Emergency/Page_Store/select_--Select--BA1150BA4110'

2018-05-17 11:54:26 - [MESSAGE][PASSED] - All options with index in [1] are selected on object 'Object Repository/Emergency/Page_Store/select_--Select--BA1150BA4110'

2018-05-17 11:54:26 - [TEST_STEP][PASSED] - delay: Delayed 2 second(s)

2018-05-17 11:54:28 - [MESSAGE][PASSED] - Delayed 2 second(s)

2018-05-17 11:54:28 - [TEST_STEP][PASSED] - Statement - Try: null

2018-05-17 11:54:28 - [TEST_STEP][PASSED] - Statement - StockQty = com.kms.katalon.core.webui.keyword.WebUiBuiltInKeywords.getAttribute(com.kms.katalon.core.testobject.ObjectRepository.findTestObject(Emergency/Page_Store/input_txtprice), "value"): Attribute 'value' of object 'Object Repository/Emergency/Page_Store/input_txtprice' is: '960'

2018-05-17 11:54:28 - [MESSAGE][PASSED] - Attribute 'value' of object 'Object Repository/Emergency/Page_Store/input_txtprice' is: '960'

2018-05-17 11:54:28 - [TEST_STEP][PASSED] - Statement - out.println("Stock QTY : " + StockQty): null

2018-05-17 11:54:28 - [TEST_STEP][PASSED] - delay: Delayed 2 second(s)

2018-05-17 11:54:30 - [MESSAGE][PASSED] - Delayed 2 second(s)

2018-05-17 11:54:30 - [TEST_STEP][PASSED] - Statement - If (java.lang.Integer.valueOf(StockQty) >= java.lang.Integer.valueOf(RequestedQty)): null

2018-05-17 11:54:30 - [TEST_STEP][PASSED] - delay: Delayed 1 second(s)

2018-05-17 11:54:31 - [MESSAGE][PASSED] - Delayed 1 second(s)

2018-05-17 11:54:31 - [TEST_STEP][PASSED] - setText: Text '10' is set on object 'Object Repository/Emergency/Page_Store/input_txtqty'

2018-05-17 11:54:31 - [MESSAGE][PASSED] - Text '10' is set on object 'Object Repository/Emergency/Page_Store/input_txtqty'

2018-05-17 11:54:31 - [TEST_STEP][PASSED] - click: Object: 'Object Repository/Emergency/Page_Store/button_Add' is clicked on

2018-05-17 11:54:31 - [MESSAGE][PASSED] - Object: 'Object Repository/Emergency/Page_Store/button_Add' is clicked on

2018-05-17 11:54:31 - [TEST_STEP][PASSED] - Statement - Break: null

2018-05-17 11:54:31 - [TEST_STEP][PASSED] - selectOptionByIndex: All options with index in [7] are selected on object 'Object Repository/Emergency/Page_Store/select_--Select--Amikacin -500'

2018-05-17 11:54:32 - [MESSAGE][PASSED] - All options with index in [7] are selected on object 'Object Repository/Emergency/Page_Store/select_--Select--Amikacin -500'

2018-05-17 11:54:32 - [TEST_STEP][PASSED] - delay: Delayed 2 second(s)

2018-05-17 11:54:34 - [MESSAGE][PASSED] - Delayed 2 second(s)

2018-05-17 11:54:34 - [TEST_STEP][PASSED] - Statement - RequestedQty = com.kms.katalon.core.webui.keyword.WebUiBuiltInKeywords.getAttribute(com.kms.katalon.core.testobject.ObjectRepository.findTestObject(Emergency/Page_Store/input_txttotal), "value"): Attribute 'value' of object 'Object Repository/Emergency/Page_Store/input_txttotal' is: '10'

2018-05-17 11:54:34 - [MESSAGE][PASSED] - Attribute 'value' of object 'Object Repository/Emergency/Page_Store/input_txttotal' is: '10'

2018-05-17 11:54:34 - [TEST_STEP][PASSED] - Statement - out.println("Requested QTY : " + RequestedQty): null

2018-05-17 11:54:34 - [TEST_STEP][PASSED] - Statement - BatchNumber = com.kms.katalon.core.webui.keyword.WebUiBuiltInKeywords.getNumberOfTotalOption(com.kms.katalon.core.testobject.ObjectRepository.findTestObject(Emergency/Page_Store/select_--Select--BA1150BA4110)): 3 options of object 'Object Repository/Emergency/Page_Store/select_--Select--BA1150BA4110' counted

2018-05-17 11:54:34 - [MESSAGE][PASSED] - 3 options of object 'Object Repository/Emergency/Page_Store/select_--Select--BA1150BA4110' counted

2018-05-17 11:54:34 - [TEST_STEP][PASSED] - Statement - For ([g = 1, g <= BatchNumber - 1, (g++)]): null

2018-05-17 11:54:34 - [TEST_STEP][PASSED] - selectOptionByIndex: All options with index in [1] are selected on object 'Object Repository/Emergency/Page_Store/select_--Select--BA1150BA4110'

2018-05-17 11:54:34 - [MESSAGE][PASSED] - All options with index in [1] are selected on object 'Object Repository/Emergency/Page_Store/select_--Select--BA1150BA4110'

2018-05-17 11:54:34 - [TEST_STEP][PASSED] - delay: Delayed 2 second(s)

2018-05-17 11:54:36 - [MESSAGE][PASSED] - Delayed 2 second(s)

2018-05-17 11:54:36 - [TEST_STEP][PASSED] - Statement - Try: null

2018-05-17 11:54:36 - [TEST_STEP][PASSED] - Statement - StockQty = com.kms.katalon.core.webui.keyword.WebUiBuiltInKeywords.getAttribute(com.kms.katalon.core.testobject.ObjectRepository.findTestObject(Emergency/Page_Store/input_txtprice), "value"): Attribute 'value' of object 'Object Repository/Emergency/Page_Store/input_txtprice' is: '960'

2018-05-17 11:54:36 - [MESSAGE][PASSED] - Attribute 'value' of object 'Object Repository/Emergency/Page_Store/input_txtprice' is: '960'

2018-05-17 11:54:36 - [TEST_STEP][PASSED] - Statement - out.println("Stock QTY : " + StockQty): null

2018-05-17 11:54:36 - [TEST_STEP][PASSED] - delay: Delayed 2 second(s)

2018-05-17 11:54:38 - [MESSAGE][PASSED] - Delayed 2 second(s)

2018-05-17 11:54:38 - [TEST_STEP][PASSED] - Statement - If (java.lang.Integer.valueOf(StockQty) >= java.lang.Integer.valueOf(RequestedQty)): null

2018-05-17 11:54:38 - [TEST_STEP][PASSED] - delay: Delayed 1 second(s)

2018-05-17 11:54:39 - [MESSAGE][PASSED] - Delayed 1 second(s)

2018-05-17 11:54:39 - [TEST_STEP][PASSED] - setText: Text '10' is set on object 'Object Repository/Emergency/Page_Store/input_txtqty'

2018-05-17 11:54:39 - [MESSAGE][PASSED] - Text '10' is set on object 'Object Repository/Emergency/Page_Store/input_txtqty'

2018-05-17 11:54:39 - [TEST_STEP][PASSED] - click: Object: 'Object Repository/Emergency/Page_Store/button_Add' is clicked on

2018-05-17 11:54:39 - [MESSAGE][PASSED] - Object: 'Object Repository/Emergency/Page_Store/button_Add' is clicked on

2018-05-17 11:54:39 - [TEST_STEP][PASSED] - Statement - Break: null

2018-05-17 11:54:39 - [TEST_STEP][PASSED] - selectOptionByIndex: All options with index in [8] are selected on object 'Object Repository/Emergency/Page_Store/select_--Select--Amikacin -500'

2018-05-17 11:54:39 - [MESSAGE][PASSED] - All options with index in [8] are selected on object 'Object Repository/Emergency/Page_Store/select_--Select--Amikacin -500'

2018-05-17 11:54:39 - [TEST_STEP][PASSED] - delay: Delayed 2 second(s)

2018-05-17 11:54:41 - [MESSAGE][PASSED] - Delayed 2 second(s)

2018-05-17 11:54:41 - [TEST_STEP][PASSED] - Statement - RequestedQty = com.kms.katalon.core.webui.keyword.WebUiBuiltInKeywords.getAttribute(com.kms.katalon.core.testobject.ObjectRepository.findTestObject(Emergency/Page_Store/input_txttotal), "value"): Attribute 'value' of object 'Object Repository/Emergency/Page_Store/input_txttotal' is: '10'

2018-05-17 11:54:41 - [MESSAGE][PASSED] - Attribute 'value' of object 'Object Repository/Emergency/Page_Store/input_txttotal' is: '10'

2018-05-17 11:54:41 - [TEST_STEP][PASSED] - Statement - out.println("Requested QTY : " + RequestedQty): null

2018-05-17 11:54:41 - [TEST_STEP][PASSED] - Statement - BatchNumber = com.kms.katalon.core.webui.keyword.WebUiBuiltInKeywords.getNumberOfTotalOption(com.kms.katalon.core.testobject.ObjectRepository.findTestObject(Emergency/Page_Store/select_--Select--BA1150BA4110)): 2 options of object 'Object Repository/Emergency/Page_Store/select_--Select--BA1150BA4110' counted

2018-05-17 11:54:41 - [MESSAGE][PASSED] - 2 options of object 'Object Repository/Emergency/Page_Store/select_--Select--BA1150BA4110' counted

2018-05-17 11:54:41 - [TEST_STEP][PASSED] - Statement - For ([g = 1, g <= BatchNumber - 1, (g++)]): null

2018-05-17 11:54:41 - [TEST_STEP][PASSED] - selectOptionByIndex: All options with index in [1] are selected on object 'Object Repository/Emergency/Page_Store/select_--Select--BA1150BA4110'

2018-05-17 11:54:41 - [MESSAGE][PASSED] - All options with index in [1] are selected on object 'Object Repository/Emergency/Page_Store/select_--Select--BA1150BA4110'

2018-05-17 11:54:41 - [TEST_STEP][PASSED] - delay: Delayed 2 second(s)

2018-05-17 11:54:43 - [MESSAGE][PASSED] - Delayed 2 second(s)

2018-05-17 11:54:43 - [TEST_STEP][PASSED] - Statement - Try: null

2018-05-17 11:54:43 - [TEST_STEP][PASSED] - Statement - StockQty = com.kms.katalon.core.webui.keyword.WebUiBuiltInKeywords.getAttribute(com.kms.katalon.core.testobject.ObjectRepository.findTestObject(Emergency/Page_Store/input_txtprice), "value"): Attribute 'value' of object 'Object Repository/Emergency/Page_Store/input_txtprice' is: '1060'

2018-05-17 11:54:43 - [MESSAGE][PASSED] - Attribute 'value' of object 'Object Repository/Emergency/Page_Store/input_txtprice' is: '1060'

2018-05-17 11:54:43 - [TEST_STEP][PASSED] - Statement - out.println("Stock QTY : " + StockQty): null

2018-05-17 11:54:43 - [TEST_STEP][PASSED] - delay: Delayed 2 second(s)

2018-05-17 11:54:45 - [MESSAGE][PASSED] - Delayed 2 second(s)

2018-05-17 11:54:45 - [TEST_STEP][PASSED] - Statement - If (java.lang.Integer.valueOf(StockQty) >= java.lang.Integer.valueOf(RequestedQty)): null

2018-05-17 11:54:45 - [TEST_STEP][PASSED] - delay: Delayed 1 second(s)

2018-05-17 11:54:46 - [MESSAGE][PASSED] - Delayed 1 second(s)

2018-05-17 11:54:46 - [TEST_STEP][PASSED] - setText: Text '10' is set on object 'Object Repository/Emergency/Page_Store/input_txtqty'

2018-05-17 11:54:47 - [MESSAGE][PASSED] - Text '10' is set on object 'Object Repository/Emergency/Page_Store/input_txtqty'

2018-05-17 11:54:47 - [TEST_STEP][PASSED] - click: Object: 'Object Repository/Emergency/Page_Store/button_Add' is clicked on

2018-05-17 11:54:47 - [MESSAGE][PASSED] - Object: 'Object Repository/Emergency/Page_Store/button_Add' is clicked on

2018-05-17 11:54:47 - [TEST_STEP][PASSED] - Statement - Break: null

2018-05-17 11:54:47 - [TEST_STEP][PASSED] - selectOptionByIndex: All options with index in [9] are selected on object 'Object Repository/Emergency/Page_Store/select_--Select--Amikacin -500'

2018-05-17 11:54:47 - [MESSAGE][PASSED] - All options with index in [9] are selected on object 'Object Repository/Emergency/Page_Store/select_--Select--Amikacin -500'

2018-05-17 11:54:47 - [TEST_STEP][PASSED] - delay: Delayed 2 second(s)

2018-05-17 11:54:49 - [MESSAGE][PASSED] - Delayed 2 second(s)

2018-05-17 11:54:49 - [TEST_STEP][PASSED] - Statement - RequestedQty = com.kms.katalon.core.webui.keyword.WebUiBuiltInKeywords.getAttribute(com.kms.katalon.core.testobject.ObjectRepository.findTestObject(Emergency/Page_Store/input_txttotal), "value"): Attribute 'value' of object 'Object Repository/Emergency/Page_Store/input_txttotal' is: '10'

2018-05-17 11:54:49 - [MESSAGE][PASSED] - Attribute 'value' of object 'Object Repository/Emergency/Page_Store/input_txttotal' is: '10'

2018-05-17 11:54:49 - [TEST_STEP][PASSED] - Statement - out.println("Requested QTY : " + RequestedQty): null

2018-05-17 11:54:49 - [TEST_STEP][PASSED] - Statement - BatchNumber = com.kms.katalon.core.webui.keyword.WebUiBuiltInKeywords.getNumberOfTotalOption(com.kms.katalon.core.testobject.ObjectRepository.findTestObject(Emergency/Page_Store/select_--Select--BA1150BA4110)): 3 options of object 'Object Repository/Emergency/Page_Store/select_--Select--BA1150BA4110' counted

2018-05-17 11:54:49 - [MESSAGE][PASSED] - 3 options of object 'Object Repository/Emergency/Page_Store/select_--Select--BA1150BA4110' counted

2018-05-17 11:54:49 - [TEST_STEP][PASSED] - Statement - For ([g = 1, g <= BatchNumber - 1, (g++)]): null

2018-05-17 11:54:49 - [TEST_STEP][PASSED] - selectOptionByIndex: All options with index in [1] are selected on object 'Object Repository/Emergency/Page_Store/select_--Select--BA1150BA4110'

2018-05-17 11:54:49 - [MESSAGE][PASSED] - All options with index in [1] are selected on object 'Object Repository/Emergency/Page_Store/select_--Select--BA1150BA4110'

2018-05-17 11:54:49 - [TEST_STEP][PASSED] - delay: Delayed 2 second(s)

2018-05-17 11:54:51 - [MESSAGE][PASSED] - Delayed 2 second(s)

2018-05-17 11:54:51 - [TEST_STEP][PASSED] - Statement - Try: null

2018-05-17 11:54:51 - [TEST_STEP][PASSED] - Statement - StockQty = com.kms.katalon.core.webui.keyword.WebUiBuiltInKeywords.getAttribute(com.kms.katalon.core.testobject.ObjectRepository.findTestObject(Emergency/Page_Store/input_txtprice), "value"): Attribute 'value' of object 'Object Repository/Emergency/Page_Store/input_txtprice' is: '960'

2018-05-17 11:54:51 - [MESSAGE][PASSED] - Attribute 'value' of object 'Object Repository/Emergency/Page_Store/input_txtprice' is: '960'

2018-05-17 11:54:51 - [TEST_STEP][PASSED] - Statement - out.println("Stock QTY : " + StockQty): null

2018-05-17 11:54:51 - [TEST_STEP][PASSED] - delay: Delayed 2 second(s)

2018-05-17 11:54:53 - [MESSAGE][PASSED] - Delayed 2 second(s)

2018-05-17 11:54:53 - [TEST_STEP][PASSED] - Statement - If (java.lang.Integer.valueOf(StockQty) >= java.lang.Integer.valueOf(RequestedQty)): null

2018-05-17 11:54:53 - [TEST_STEP][PASSED] - delay: Delayed 1 second(s)

2018-05-17 11:54:54 - [MESSAGE][PASSED] - Delayed 1 second(s)

2018-05-17 11:54:54 - [TEST_STEP][PASSED] - setText: Text '10' is set on object 'Object Repository/Emergency/Page_Store/input_txtqty'

2018-05-17 11:54:54 - [MESSAGE][PASSED] - Text '10' is set on object 'Object Repository/Emergency/Page_Store/input_txtqty'

2018-05-17 11:54:54 - [TEST_STEP][PASSED] - click: Object: 'Object Repository/Emergency/Page_Store/button_Add' is clicked on

2018-05-17 11:54:54 - [MESSAGE][PASSED] - Object: 'Object Repository/Emergency/Page_Store/button_Add' is clicked on

2018-05-17 11:54:54 - [TEST_STEP][PASSED] - Statement - Break: null

2018-05-17 11:54:54 - [TEST_STEP][PASSED] - selectOptionByIndex: All options with index in [10] are selected on object 'Object Repository/Emergency/Page_Store/select_--Select--Amikacin -500'

2018-05-17 11:54:54 - [MESSAGE][PASSED] - All options with index in [10] are selected on object 'Object Repository/Emergency/Page_Store/select_--Select--Amikacin -500'

2018-05-17 11:54:54 - [TEST_STEP][PASSED] - delay: Delayed 2 second(s)

2018-05-17 11:54:56 - [MESSAGE][PASSED] - Delayed 2 second(s)

2018-05-17 11:54:56 - [TEST_STEP][PASSED] - Statement - RequestedQty = com.kms.katalon.core.webui.keyword.WebUiBuiltInKeywords.getAttribute(com.kms.katalon.core.testobject.ObjectRepository.findTestObject(Emergency/Page_Store/input_txttotal), "value"): Attribute 'value' of object 'Object Repository/Emergency/Page_Store/input_txttotal' is: '10'

2018-05-17 11:54:57 - [MESSAGE][PASSED] - Attribute 'value' of object 'Object Repository/Emergency/Page_Store/input_txttotal' is: '10'

2018-05-17 11:54:57 - [TEST_STEP][PASSED] - Statement - out.println("Requested QTY : " + RequestedQty): null

2018-05-17 11:54:57 - [TEST_STEP][PASSED] - Statement - BatchNumber = com.kms.katalon.core.webui.keyword.WebUiBuiltInKeywords.getNumberOfTotalOption(com.kms.katalon.core.testobject.ObjectRepository.findTestObject(Emergency/Page_Store/select_--Select--BA1150BA4110)): 2 options of object 'Object Repository/Emergency/Page_Store/select_--Select--BA1150BA4110' counted

2018-05-17 11:54:57 - [MESSAGE][PASSED] - 2 options of object 'Object Repository/Emergency/Page_Store/select_--Select--BA1150BA4110' counted

2018-05-17 11:54:57 - [TEST_STEP][PASSED] - Statement - For ([g = 1, g <= BatchNumber - 1, (g++)]): null

2018-05-17 11:54:57 - [TEST_STEP][PASSED] - selectOptionByIndex: All options with index in [1] are selected on object 'Object Repository/Emergency/Page_Store/select_--Select--BA1150BA4110'

2018-05-17 11:54:57 - [MESSAGE][PASSED] - All options with index in [1] are selected on object 'Object Repository/Emergency/Page_Store/select_--Select--BA1150BA4110'

2018-05-17 11:54:57 - [TEST_STEP][PASSED] - delay: Delayed 2 second(s)

2018-05-17 11:54:59 - [MESSAGE][PASSED] - Delayed 2 second(s)

2018-05-17 11:54:59 - [TEST_STEP][PASSED] - Statement - Try: null

2018-05-17 11:54:59 - [TEST_STEP][PASSED] - Statement - StockQty = com.kms.katalon.core.webui.keyword.WebUiBuiltInKeywords.getAttribute(com.kms.katalon.core.testobject.ObjectRepository.findTestObject(Emergency/Page_Store/input_txtprice), "value"): Attribute 'value' of object 'Object Repository/Emergency/Page_Store/input_txtprice' is: '1060'

2018-05-17 11:54:59 - [MESSAGE][PASSED] - Attribute 'value' of object 'Object Repository/Emergency/Page_Store/input_txtprice' is: '1060'

2018-05-17 11:54:59 - [TEST_STEP][PASSED] - Statement - out.println("Stock QTY : " + StockQty): null

2018-05-17 11:54:59 - [TEST_STEP][PASSED] - delay: Delayed 2 second(s)

2018-05-17 11:55:01 - [MESSAGE][PASSED] - Delayed 2 second(s)

2018-05-17 11:55:01 - [TEST_STEP][PASSED] - Statement - If (java.lang.Integer.valueOf(StockQty) >= java.lang.Integer.valueOf(RequestedQty)): null

2018-05-17 11:55:01 - [TEST_STEP][PASSED] - delay: Delayed 1 second(s)

2018-05-17 11:55:02 - [MESSAGE][PASSED] - Delayed 1 second(s)

2018-05-17 11:55:02 - [TEST_STEP][PASSED] - setText: Text '10' is set on object 'Object Repository/Emergency/Page_Store/input_txtqty'

2018-05-17 11:55:02 - [MESSAGE][PASSED] - Text '10' is set on object 'Object Repository/Emergency/Page_Store/input_txtqty'

2018-05-17 11:55:02 - [TEST_STEP][PASSED] - click: Object: 'Object Repository/Emergency/Page_Store/button_Add' is clicked on

2018-05-17 11:55:02 - [MESSAGE][PASSED] - Object: 'Object Repository/Emergency/Page_Store/button_Add' is clicked on

2018-05-17 11:55:02 - [TEST_STEP][PASSED] - Statement - Break: null

2018-05-17 11:55:02 - [TEST_STEP][PASSED] - selectOptionByIndex: All options with index in [11] are selected on object 'Object Repository/Emergency/Page_Store/select_--Select--Amikacin -500'

2018-05-17 11:55:02 - [MESSAGE][PASSED] - All options with index in [11] are selected on object 'Object Repository/Emergency/Page_Store/select_--Select--Amikacin -500'

2018-05-17 11:55:02 - [TEST_STEP][PASSED] - delay: Delayed 2 second(s)

2018-05-17 11:55:04 - [MESSAGE][PASSED] - Delayed 2 second(s)

2018-05-17 11:55:04 - [TEST_STEP][PASSED] - Statement - RequestedQty = com.kms.katalon.core.webui.keyword.WebUiBuiltInKeywords.getAttribute(com.kms.katalon.core.testobject.ObjectRepository.findTestObject(Emergency/Page_Store/input_txttotal), "value"): Attribute 'value' of object 'Object Repository/Emergency/Page_Store/input_txttotal' is: '10'

2018-05-17 11:55:04 - [MESSAGE][PASSED] - Attribute 'value' of object 'Object Repository/Emergency/Page_Store/input_txttotal' is: '10'

2018-05-17 11:55:04 - [TEST_STEP][PASSED] - Statement - out.println("Requested QTY : " + RequestedQty): null

2018-05-17 11:55:04 - [TEST_STEP][PASSED] - Statement - BatchNumber = com.kms.katalon.core.webui.keyword.WebUiBuiltInKeywords.getNumberOfTotalOption(com.kms.katalon.core.testobject.ObjectRepository.findTestObject(Emergency/Page_Store/select_--Select--BA1150BA4110)): 2 options of object 'Object Repository/Emergency/Page_Store/select_--Select--BA1150BA4110' counted

2018-05-17 11:55:04 - [MESSAGE][PASSED] - 2 options of object 'Object Repository/Emergency/Page_Store/select_--Select--BA1150BA4110' counted

2018-05-17 11:55:04 - [TEST_STEP][PASSED] - Statement - For ([g = 1, g <= BatchNumber - 1, (g++)]): null

2018-05-17 11:55:04 - [TEST_STEP][PASSED] - selectOptionByIndex: All options with index in [1] are selected on object 'Object Repository/Emergency/Page_Store/select_--Select--BA1150BA4110'

2018-05-17 11:55:04 - [MESSAGE][PASSED] - All options with index in [1] are selected on object 'Object Repository/Emergency/Page_Store/select_--Select--BA1150BA4110'

2018-05-17 11:55:04 - [TEST_STEP][PASSED] - delay: Delayed 2 second(s)

2018-05-17 11:55:06 - [MESSAGE][PASSED] - Delayed 2 second(s)

2018-05-17 11:55:06 - [TEST_STEP][PASSED] - Statement - Try: null

2018-05-17 11:55:06 - [TEST_STEP][PASSED] - Statement - StockQty = com.kms.katalon.core.webui.keyword.WebUiBuiltInKeywords.getAttribute(com.kms.katalon.core.testobject.ObjectRepository.findTestObject(Emergency/Page_Store/input_txtprice), "value"): Attribute 'value' of object 'Object Repository/Emergency/Page_Store/input_txtprice' is: '1060'

2018-05-17 11:55:06 - [MESSAGE][PASSED] - Attribute 'value' of object 'Object Repository/Emergency/Page_Store/input_txtprice' is: '1060'

2018-05-17 11:55:06 - [TEST_STEP][PASSED] - Statement - out.println("Stock QTY : " + StockQty): null

2018-05-17 11:55:06 - [TEST_STEP][PASSED] - delay: Delayed 2 second(s)

2018-05-17 11:55:08 - [MESSAGE][PASSED] - Delayed 2 second(s)

2018-05-17 11:55:08 - [TEST_STEP][PASSED] - Statement - If (java.lang.Integer.valueOf(StockQty) >= java.lang.Integer.valueOf(RequestedQty)): null

2018-05-17 11:55:08 - [TEST_STEP][PASSED] - delay: Delayed 1 second(s)

2018-05-17 11:55:09 - [MESSAGE][PASSED] - Delayed 1 second(s)

2018-05-17 11:55:09 - [TEST_STEP][PASSED] - setText: Text '10' is set on object 'Object Repository/Emergency/Page_Store/input_txtqty'

2018-05-17 11:55:10 - [MESSAGE][PASSED] - Text '10' is set on object 'Object Repository/Emergency/Page_Store/input_txtqty'

2018-05-17 11:55:10 - [TEST_STEP][PASSED] - click: Object: 'Object Repository/Emergency/Page_Store/button_Add' is clicked on

2018-05-17 11:55:10 - [MESSAGE][PASSED] - Object: 'Object Repository/Emergency/Page_Store/button_Add' is clicked on

2018-05-17 11:55:10 - [TEST_STEP][PASSED] - Statement - Break: null

2018-05-17 11:55:10 - [TEST_STEP][PASSED] - selectOptionByIndex: All options with index in [12] are selected on object 'Object Repository/Emergency/Page_Store/select_--Select--Amikacin -500'

2018-05-17 11:55:10 - [MESSAGE][PASSED] - All options with index in [12] are selected on object 'Object Repository/Emergency/Page_Store/select_--Select--Amikacin -500'

2018-05-17 11:55:10 - [TEST_STEP][PASSED] - delay: Delayed 2 second(s)

2018-05-17 11:55:12 - [MESSAGE][PASSED] - Delayed 2 second(s)

2018-05-17 11:55:12 - [TEST_STEP][PASSED] - Statement - RequestedQty = com.kms.katalon.core.webui.keyword.WebUiBuiltInKeywords.getAttribute(com.kms.katalon.core.testobject.ObjectRepository.findTestObject(Emergency/Page_Store/input_txttotal), "value"): Attribute 'value' of object 'Object Repository/Emergency/Page_Store/input_txttotal' is: '10'

2018-05-17 11:55:12 - [MESSAGE][PASSED] - Attribute 'value' of object 'Object Repository/Emergency/Page_Store/input_txttotal' is: '10'

2018-05-17 11:55:12 - [TEST_STEP][PASSED] - Statement - out.println("Requested QTY : " + RequestedQty): null

2018-05-17 11:55:12 - [TEST_STEP][PASSED] - Statement - BatchNumber = com.kms.katalon.core.webui.keyword.WebUiBuiltInKeywords.getNumberOfTotalOption(com.kms.katalon.core.testobject.ObjectRepository.findTestObject(Emergency/Page_Store/select_--Select--BA1150BA4110)): 2 options of object 'Object Repository/Emergency/Page_Store/select_--Select--BA1150BA4110' counted

2018-05-17 11:55:12 - [MESSAGE][PASSED] - 2 options of object 'Object Repository/Emergency/Page_Store/select_--Select--BA1150BA4110' counted

2018-05-17 11:55:12 - [TEST_STEP][PASSED] - Statement - For ([g = 1, g <= BatchNumber - 1, (g++)]): null

2018-05-17 11:55:12 - [TEST_STEP][PASSED] - selectOptionByIndex: All options with index in [1] are selected on object 'Object Repository/Emergency/Page_Store/select_--Select--BA1150BA4110'

2018-05-17 11:55:12 - [MESSAGE][PASSED] - All options with index in [1] are selected on object 'Object Repository/Emergency/Page_Store/select_--Select--BA1150BA4110'

2018-05-17 11:55:12 - [TEST_STEP][PASSED] - delay: Delayed 2 second(s)

2018-05-17 11:55:14 - [MESSAGE][PASSED] - Delayed 2 second(s)

2018-05-17 11:55:14 - [TEST_STEP][PASSED] - Statement - Try: null

2018-05-17 11:55:14 - [TEST_STEP][PASSED] - Statement - StockQty = com.kms.katalon.core.webui.keyword.WebUiBuiltInKeywords.getAttribute(com.kms.katalon.core.testobject.ObjectRepository.findTestObject(Emergency/Page_Store/input_txtprice), "value"): Attribute 'value' of object 'Object Repository/Emergency/Page_Store/input_txtprice' is: '1060'

2018-05-17 11:55:14 - [MESSAGE][PASSED] - Attribute 'value' of object 'Object Repository/Emergency/Page_Store/input_txtprice' is: '1060'

2018-05-17 11:55:14 - [TEST_STEP][PASSED] - Statement - out.println("Stock QTY : " + StockQty): null

2018-05-17 11:55:14 - [TEST_STEP][PASSED] - delay: Delayed 2 second(s)

2018-05-17 11:55:16 - [MESSAGE][PASSED] - Delayed 2 second(s)

2018-05-17 11:55:16 - [TEST_STEP][PASSED] - Statement - If (java.lang.Integer.valueOf(StockQty) >= java.lang.Integer.valueOf(RequestedQty)): null

2018-05-17 11:55:16 - [TEST_STEP][PASSED] - delay: Delayed 1 second(s)

2018-05-17 11:55:17 - [MESSAGE][PASSED] - Delayed 1 second(s)

2018-05-17 11:55:17 - [TEST_STEP][PASSED] - setText: Text '10' is set on object 'Object Repository/Emergency/Page_Store/input_txtqty'

2018-05-17 11:55:17 - [MESSAGE][PASSED] - Text '10' is set on object 'Object Repository/Emergency/Page_Store/input_txtqty'

2018-05-17 11:55:17 - [TEST_STEP][PASSED] - click: Object: 'Object Repository/Emergency/Page_Store/button_Add' is clicked on

2018-05-17 11:55:17 - [MESSAGE][PASSED] - Object: 'Object Repository/Emergency/Page_Store/button_Add' is clicked on

2018-05-17 11:55:17 - [TEST_STEP][PASSED] - Statement - Break: null

2018-05-17 11:55:17 - [TEST_STEP][PASSED] - selectOptionByIndex: All options with index in [13] are selected on object 'Object Repository/Emergency/Page_Store/select_--Select--Amikacin -500'

2018-05-17 11:55:17 - [MESSAGE][PASSED] - All options with index in [13] are selected on object 'Object Repository/Emergency/Page_Store/select_--Select--Amikacin -500'

2018-05-17 11:55:17 - [TEST_STEP][PASSED] - delay: Delayed 2 second(s)

2018-05-17 11:55:19 - [MESSAGE][PASSED] - Delayed 2 second(s)

2018-05-17 11:55:19 - [TEST_STEP][PASSED] - Statement - RequestedQty = com.kms.katalon.core.webui.keyword.WebUiBuiltInKeywords.getAttribute(com.kms.katalon.core.testobject.ObjectRepository.findTestObject(Emergency/Page_Store/input_txttotal), "value"): Attribute 'value' of object 'Object Repository/Emergency/Page_Store/input_txttotal' is: '10'

2018-05-17 11:55:20 - [MESSAGE][PASSED] - Attribute 'value' of object 'Object Repository/Emergency/Page_Store/input_txttotal' is: '10'

2018-05-17 11:55:20 - [TEST_STEP][PASSED] - Statement - out.println("Requested QTY : " + RequestedQty): null

2018-05-17 11:55:20 - [TEST_STEP][PASSED] - Statement - BatchNumber = com.kms.katalon.core.webui.keyword.WebUiBuiltInKeywords.getNumberOfTotalOption(com.kms.katalon.core.testobject.ObjectRepository.findTestObject(Emergency/Page_Store/select_--Select--BA1150BA4110)): 2 options of object 'Object Repository/Emergency/Page_Store/select_--Select--BA1150BA4110' counted

2018-05-17 11:55:20 - [MESSAGE][PASSED] - 2 options of object 'Object Repository/Emergency/Page_Store/select_--Select--BA1150BA4110' counted

2018-05-17 11:55:20 - [TEST_STEP][PASSED] - Statement - For ([g = 1, g <= BatchNumber - 1, (g++)]): null

2018-05-17 11:55:20 - [TEST_STEP][PASSED] - selectOptionByIndex: All options with index in [1] are selected on object 'Object Repository/Emergency/Page_Store/select_--Select--BA1150BA4110'

2018-05-17 11:55:20 - [MESSAGE][PASSED] - All options with index in [1] are selected on object 'Object Repository/Emergency/Page_Store/select_--Select--BA1150BA4110'

2018-05-17 11:55:20 - [TEST_STEP][PASSED] - delay: Delayed 2 second(s)

2018-05-17 11:55:22 - [MESSAGE][PASSED] - Delayed 2 second(s)

2018-05-17 11:55:22 - [TEST_STEP][PASSED] - Statement - Try: null

2018-05-17 11:55:22 - [TEST_STEP][PASSED] - Statement - StockQty = com.kms.katalon.core.webui.keyword.WebUiBuiltInKeywords.getAttribute(com.kms.katalon.core.testobject.ObjectRepository.findTestObject(Emergency/Page_Store/input_txtprice), "value"): Attribute 'value' of object 'Object Repository/Emergency/Page_Store/input_txtprice' is: '1060'

2018-05-17 11:55:22 - [MESSAGE][PASSED] - Attribute 'value' of object 'Object Repository/Emergency/Page_Store/input_txtprice' is: '1060'

2018-05-17 11:55:22 - [TEST_STEP][PASSED] - Statement - out.println("Stock QTY : " + StockQty): null

2018-05-17 11:55:22 - [TEST_STEP][PASSED] - delay: Delayed 2 second(s)

2018-05-17 11:55:24 - [MESSAGE][PASSED] - Delayed 2 second(s)

2018-05-17 11:55:24 - [TEST_STEP][PASSED] - Statement - If (java.lang.Integer.valueOf(StockQty) >= java.lang.Integer.valueOf(RequestedQty)): null

2018-05-17 11:55:24 - [TEST_STEP][PASSED] - delay: Delayed 1 second(s)

2018-05-17 11:55:25 - [MESSAGE][PASSED] - Delayed 1 second(s)

2018-05-17 11:55:25 - [TEST_STEP][PASSED] - setText: Text '10' is set on object 'Object Repository/Emergency/Page_Store/input_txtqty'

2018-05-17 11:55:25 - [MESSAGE][PASSED] - Text '10' is set on object 'Object Repository/Emergency/Page_Store/input_txtqty'

2018-05-17 11:55:25 - [TEST_STEP][PASSED] - click: Object: 'Object Repository/Emergency/Page_Store/button_Add' is clicked on

2018-05-17 11:55:25 - [MESSAGE][PASSED] - Object: 'Object Repository/Emergency/Page_Store/button_Add' is clicked on

2018-05-17 11:55:25 - [TEST_STEP][PASSED] - Statement - Break: null

2018-05-17 11:55:25 - [TEST_STEP][PASSED] - selectOptionByIndex: All options with index in [14] are selected on object 'Object Repository/Emergency/Page_Store/select_--Select--Amikacin -500'

2018-05-17 11:55:25 - [MESSAGE][PASSED] - All options with index in [14] are selected on object 'Object Repository/Emergency/Page_Store/select_--Select--Amikacin -500'

2018-05-17 11:55:25 - [TEST_STEP][PASSED] - delay: Delayed 2 second(s)

2018-05-17 11:55:27 - [MESSAGE][PASSED] - Delayed 2 second(s)

2018-05-17 11:55:27 - [TEST_STEP][PASSED] - Statement - RequestedQty = com.kms.katalon.core.webui.keyword.WebUiBuiltInKeywords.getAttribute(com.kms.katalon.core.testobject.ObjectRepository.findTestObject(Emergency/Page_Store/input_txttotal), "value"): Attribute 'value' of object 'Object Repository/Emergency/Page_Store/input_txttotal' is: '10'

2018-05-17 11:55:27 - [MESSAGE][PASSED] - Attribute 'value' of object 'Object Repository/Emergency/Page_Store/input_txttotal' is: '10'

2018-05-17 11:55:27 - [TEST_STEP][PASSED] - Statement - out.println("Requested QTY : " + RequestedQty): null

2018-05-17 11:55:27 - [TEST_STEP][PASSED] - Statement - BatchNumber = com.kms.katalon.core.webui.keyword.WebUiBuiltInKeywords.getNumberOfTotalOption(com.kms.katalon.core.testobject.ObjectRepository.findTestObject(Emergency/Page_Store/select_--Select--BA1150BA4110)): 3 options of object 'Object Repository/Emergency/Page_Store/select_--Select--BA1150BA4110' counted

2018-05-17 11:55:27 - [MESSAGE][PASSED] - 3 options of object 'Object Repository/Emergency/Page_Store/select_--Select--BA1150BA4110' counted

2018-05-17 11:55:27 - [TEST_STEP][PASSED] - Statement - For ([g = 1, g <= BatchNumber - 1, (g++)]): null

2018-05-17 11:55:27 - [TEST_STEP][PASSED] - selectOptionByIndex: All options with index in [1] are selected on object 'Object Repository/Emergency/Page_Store/select_--Select--BA1150BA4110'

2018-05-17 11:55:27 - [MESSAGE][PASSED] - All options with index in [1] are selected on object 'Object Repository/Emergency/Page_Store/select_--Select--BA1150BA4110'

2018-05-17 11:55:27 - [TEST_STEP][PASSED] - delay: Delayed 2 second(s)

2018-05-17 11:55:29 - [MESSAGE][PASSED] - Delayed 2 second(s)

2018-05-17 11:55:29 - [TEST_STEP][PASSED] - Statement - Try: null

2018-05-17 11:55:29 - [TEST_STEP][PASSED] - Statement - StockQty = com.kms.katalon.core.webui.keyword.WebUiBuiltInKeywords.getAttribute(com.kms.katalon.core.testobject.ObjectRepository.findTestObject(Emergency/Page_Store/input_txtprice), "value"): Attribute 'value' of object 'Object Repository/Emergency/Page_Store/input_txtprice' is: '960'

2018-05-17 11:55:29 - [MESSAGE][PASSED] - Attribute 'value' of object 'Object Repository/Emergency/Page_Store/input_txtprice' is: '960'

2018-05-17 11:55:29 - [TEST_STEP][PASSED] - Statement - out.println("Stock QTY : " + StockQty): null

2018-05-17 11:55:29 - [TEST_STEP][PASSED] - delay: Delayed 2 second(s)

2018-05-17 11:55:31 - [MESSAGE][PASSED] - Delayed 2 second(s)

2018-05-17 11:55:31 - [TEST_STEP][PASSED] - Statement - If (java.lang.Integer.valueOf(StockQty) >= java.lang.Integer.valueOf(RequestedQty)): null

2018-05-17 11:55:31 - [TEST_STEP][PASSED] - delay: Delayed 1 second(s)

2018-05-17 11:55:32 - [MESSAGE][PASSED] - Delayed 1 second(s)

2018-05-17 11:55:32 - [TEST_STEP][PASSED] - setText: Text '10' is set on object 'Object Repository/Emergency/Page_Store/input_txtqty'

2018-05-17 11:55:32 - [MESSAGE][PASSED] - Text '10' is set on object 'Object Repository/Emergency/Page_Store/input_txtqty'

2018-05-17 11:55:32 - [TEST_STEP][PASSED] - click: Object: 'Object Repository/Emergency/Page_Store/button_Add' is clicked on

2018-05-17 11:55:33 - [MESSAGE][PASSED] - Object: 'Object Repository/Emergency/Page_Store/button_Add' is clicked on

2018-05-17 11:55:33 - [TEST_STEP][PASSED] - Statement - Break: null

2018-05-17 11:55:33 - [TEST_STEP][PASSED] - selectOptionByIndex: All options with index in [15] are selected on object 'Object Repository/Emergency/Page_Store/select_--Select--Amikacin -500'

2018-05-17 11:55:33 - [MESSAGE][PASSED] - All options with index in [15] are selected on object 'Object Repository/Emergency/Page_Store/select_--Select--Amikacin -500'

2018-05-17 11:55:33 - [TEST_STEP][PASSED] - delay: Delayed 2 second(s)

2018-05-17 11:55:35 - [MESSAGE][PASSED] - Delayed 2 second(s)

2018-05-17 11:55:35 - [TEST_STEP][PASSED] - Statement - RequestedQty = com.kms.katalon.core.webui.keyword.WebUiBuiltInKeywords.getAttribute(com.kms.katalon.core.testobject.ObjectRepository.findTestObject(Emergency/Page_Store/input_txttotal), "value"): Attribute 'value' of object 'Object Repository/Emergency/Page_Store/input_txttotal' is: '10'

2018-05-17 11:55:35 - [MESSAGE][PASSED] - Attribute 'value' of object 'Object Repository/Emergency/Page_Store/input_txttotal' is: '10'

2018-05-17 11:55:35 - [TEST_STEP][PASSED] - Statement - out.println("Requested QTY : " + RequestedQty): null

2018-05-17 11:55:35 - [TEST_STEP][PASSED] - Statement - BatchNumber = com.kms.katalon.core.webui.keyword.WebUiBuiltInKeywords.getNumberOfTotalOption(com.kms.katalon.core.testobject.ObjectRepository.findTestObject(Emergency/Page_Store/select_--Select--BA1150BA4110)): 3 options of object 'Object Repository/Emergency/Page_Store/select_--Select--BA1150BA4110' counted

2018-05-17 11:55:35 - [MESSAGE][PASSED] - 3 options of object 'Object Repository/Emergency/Page_Store/select_--Select--BA1150BA4110' counted

2018-05-17 11:55:35 - [TEST_STEP][PASSED] - Statement - For ([g = 1, g <= BatchNumber - 1, (g++)]): null

2018-05-17 11:55:35 - [TEST_STEP][PASSED] - selectOptionByIndex: All options with index in [1] are selected on object 'Object Repository/Emergency/Page_Store/select_--Select--BA1150BA4110'

2018-05-17 11:55:35 - [MESSAGE][PASSED] - All options with index in [1] are selected on object 'Object Repository/Emergency/Page_Store/select_--Select--BA1150BA4110'

2018-05-17 11:55:35 - [TEST_STEP][PASSED] - delay: Delayed 2 second(s)

2018-05-17 11:55:37 - [MESSAGE][PASSED] - Delayed 2 second(s)

2018-05-17 11:55:37 - [TEST_STEP][PASSED] - Statement - Try: null

2018-05-17 11:55:37 - [TEST_STEP][PASSED] - Statement - StockQty = com.kms.katalon.core.webui.keyword.WebUiBuiltInKeywords.getAttribute(com.kms.katalon.core.testobject.ObjectRepository.findTestObject(Emergency/Page_Store/input_txtprice), "value"): Attribute 'value' of object 'Object Repository/Emergency/Page_Store/input_txtprice' is: '960'

2018-05-17 11:55:37 - [MESSAGE][PASSED] - Attribute 'value' of object 'Object Repository/Emergency/Page_Store/input_txtprice' is: '960'

2018-05-17 11:55:37 - [TEST_STEP][PASSED] - Statement - out.println("Stock QTY : " + StockQty): null

2018-05-17 11:55:37 - [TEST_STEP][PASSED] - delay: Delayed 2 second(s)

2018-05-17 11:55:39 - [MESSAGE][PASSED] - Delayed 2 second(s)

2018-05-17 11:55:39 - [TEST_STEP][PASSED] - Statement - If (java.lang.Integer.valueOf(StockQty) >= java.lang.Integer.valueOf(RequestedQty)): null

2018-05-17 11:55:39 - [TEST_STEP][PASSED] - delay: Delayed 1 second(s)

2018-05-17 11:55:40 - [MESSAGE][PASSED] - Delayed 1 second(s)

2018-05-17 11:55:40 - [TEST_STEP][PASSED] - setText: Text '10' is set on object 'Object Repository/Emergency/Page_Store/input_txtqty'

2018-05-17 11:55:40 - [MESSAGE][PASSED] - Text '10' is set on object 'Object Repository/Emergency/Page_Store/input_txtqty'

2018-05-17 11:55:40 - [TEST_STEP][PASSED] - click: Object: 'Object Repository/Emergency/Page_Store/button_Add' is clicked on

2018-05-17 11:55:40 - [MESSAGE][PASSED] - Object: 'Object Repository/Emergency/Page_Store/button_Add' is clicked on

2018-05-17 11:55:40 - [TEST_STEP][PASSED] - Statement - Break: null

2018-05-17 11:55:40 - [TEST_STEP][PASSED] - selectOptionByIndex: All options with index in [16] are selected on object 'Object Repository/Emergency/Page_Store/select_--Select--Amikacin -500'

2018-05-17 11:55:40 - [MESSAGE][PASSED] - All options with index in [16] are selected on object 'Object Repository/Emergency/Page_Store/select_--Select--Amikacin -500'

2018-05-17 11:55:40 - [TEST_STEP][PASSED] - delay: Delayed 2 second(s)

2018-05-17 11:55:42 - [MESSAGE][PASSED] - Delayed 2 second(s)

2018-05-17 11:55:42 - [TEST_STEP][PASSED] - Statement - RequestedQty = com.kms.katalon.core.webui.keyword.WebUiBuiltInKeywords.getAttribute(com.kms.katalon.core.testobject.ObjectRepository.findTestObject(Emergency/Page_Store/input_txttotal), "value"): Attribute 'value' of object 'Object Repository/Emergency/Page_Store/input_txttotal' is: '10'

2018-05-17 11:55:43 - [MESSAGE][PASSED] - Attribute 'value' of object 'Object Repository/Emergency/Page_Store/input_txttotal' is: '10'

2018-05-17 11:55:43 - [TEST_STEP][PASSED] - Statement - out.println("Requested QTY : " + RequestedQty): null

2018-05-17 11:55:43 - [TEST_STEP][PASSED] - Statement - BatchNumber = com.kms.katalon.core.webui.keyword.WebUiBuiltInKeywords.getNumberOfTotalOption(com.kms.katalon.core.testobject.ObjectRepository.findTestObject(Emergency/Page_Store/select_--Select--BA1150BA4110)): 2 options of object 'Object Repository/Emergency/Page_Store/select_--Select--BA1150BA4110' counted

2018-05-17 11:55:43 - [MESSAGE][PASSED] - 2 options of object 'Object Repository/Emergency/Page_Store/select_--Select--BA1150BA4110' counted

2018-05-17 11:55:43 - [TEST_STEP][PASSED] - Statement - For ([g = 1, g <= BatchNumber - 1, (g++)]): null

2018-05-17 11:55:43 - [TEST_STEP][PASSED] - selectOptionByIndex: All options with index in [1] are selected on object 'Object Repository/Emergency/Page_Store/select_--Select--BA1150BA4110'

2018-05-17 11:55:43 - [MESSAGE][PASSED] - All options with index in [1] are selected on object 'Object Repository/Emergency/Page_Store/select_--Select--BA1150BA4110'

2018-05-17 11:55:43 - [TEST_STEP][PASSED] - delay: Delayed 2 second(s)

2018-05-17 11:55:45 - [MESSAGE][PASSED] - Delayed 2 second(s)

2018-05-17 11:55:45 - [TEST_STEP][PASSED] - Statement - Try: null

2018-05-17 11:55:45 - [TEST_STEP][PASSED] - Statement - StockQty = com.kms.katalon.core.webui.keyword.WebUiBuiltInKeywords.getAttribute(com.kms.katalon.core.testobject.ObjectRepository.findTestObject(Emergency/Page_Store/input_txtprice), "value"): Attribute 'value' of object 'Object Repository/Emergency/Page_Store/input_txtprice' is: '1060'

2018-05-17 11:55:45 - [MESSAGE][PASSED] - Attribute 'value' of object 'Object Repository/Emergency/Page_Store/input_txtprice' is: '1060'

2018-05-17 11:55:45 - [TEST_STEP][PASSED] - Statement - out.println("Stock QTY : " + StockQty): null

2018-05-17 11:55:45 - [TEST_STEP][PASSED] - delay: Delayed 2 second(s)

2018-05-17 11:55:47 - [MESSAGE][PASSED] - Delayed 2 second(s)

2018-05-17 11:55:47 - [TEST_STEP][PASSED] - Statement - If (java.lang.Integer.valueOf(StockQty) >= java.lang.Integer.valueOf(RequestedQty)): null

2018-05-17 11:55:47 - [TEST_STEP][PASSED] - delay: Delayed 1 second(s)

2018-05-17 11:55:48 - [MESSAGE][PASSED] - Delayed 1 second(s)

2018-05-17 11:55:48 - [TEST_STEP][PASSED] - setText: Text '10' is set on object 'Object Repository/Emergency/Page_Store/input_txtqty'

2018-05-17 11:55:48 - [MESSAGE][PASSED] - Text '10' is set on object 'Object Repository/Emergency/Page_Store/input_txtqty'

2018-05-17 11:55:48 - [TEST_STEP][PASSED] - click: Object: 'Object Repository/Emergency/Page_Store/button_Add' is clicked on

2018-05-17 11:55:48 - [MESSAGE][PASSED] - Object: 'Object Repository/Emergency/Page_Store/button_Add' is clicked on

2018-05-17 11:55:48 - [TEST_STEP][PASSED] - Statement - Break: null

2018-05-17 11:55:48 - [TEST_STEP][PASSED] - selectOptionByIndex: All options with index in [17] are selected on object 'Object Repository/Emergency/Page_Store/select_--Select--Amikacin -500'

2018-05-17 11:55:48 - [MESSAGE][PASSED] - All options with index in [17] are selected on object 'Object Repository/Emergency/Page_Store/select_--Select--Amikacin -500'

2018-05-17 11:55:48 - [TEST_STEP][PASSED] - delay: Delayed 2 second(s)

2018-05-17 11:55:50 - [MESSAGE][PASSED] - Delayed 2 second(s)

2018-05-17 11:55:50 - [TEST_STEP][PASSED] - Statement - RequestedQty = com.kms.katalon.core.webui.keyword.WebUiBuiltInKeywords.getAttribute(com.kms.katalon.core.testobject.ObjectRepository.findTestObject(Emergency/Page_Store/input_txttotal), "value"): Attribute 'value' of object 'Object Repository/Emergency/Page_Store/input_txttotal' is: '10'

2018-05-17 11:55:50 - [MESSAGE][PASSED] - Attribute 'value' of object 'Object Repository/Emergency/Page_Store/input_txttotal' is: '10'

2018-05-17 11:55:50 - [TEST_STEP][PASSED] - Statement - out.println("Requested QTY : " + RequestedQty): null

2018-05-17 11:55:50 - [TEST_STEP][PASSED] - Statement - BatchNumber = com.kms.katalon.core.webui.keyword.WebUiBuiltInKeywords.getNumberOfTotalOption(com.kms.katalon.core.testobject.ObjectRepository.findTestObject(Emergency/Page_Store/select_--Select--BA1150BA4110)): 2 options of object 'Object Repository/Emergency/Page_Store/select_--Select--BA1150BA4110' counted

2018-05-17 11:55:50 - [MESSAGE][PASSED] - 2 options of object 'Object Repository/Emergency/Page_Store/select_--Select--BA1150BA4110' counted

2018-05-17 11:55:50 - [TEST_STEP][PASSED] - Statement - For ([g = 1, g <= BatchNumber - 1, (g++)]): null

2018-05-17 11:55:50 - [TEST_STEP][PASSED] - selectOptionByIndex: All options with index in [1] are selected on object 'Object Repository/Emergency/Page_Store/select_--Select--BA1150BA4110'

2018-05-17 11:55:50 - [MESSAGE][PASSED] - All options with index in [1] are selected on object 'Object Repository/Emergency/Page_Store/select_--Select--BA1150BA4110'

2018-05-17 11:55:50 - [TEST_STEP][PASSED] - delay: Delayed 2 second(s)

2018-05-17 11:55:52 - [MESSAGE][PASSED] - Delayed 2 second(s)

2018-05-17 11:55:52 - [TEST_STEP][PASSED] - Statement - Try: null

2018-05-17 11:55:52 - [TEST_STEP][PASSED] - Statement - StockQty = com.kms.katalon.core.webui.keyword.WebUiBuiltInKeywords.getAttribute(com.kms.katalon.core.testobject.ObjectRepository.findTestObject(Emergency/Page_Store/input_txtprice), "value"): Attribute 'value' of object 'Object Repository/Emergency/Page_Store/input_txtprice' is: '1060'

2018-05-17 11:55:52 - [MESSAGE][PASSED] - Attribute 'value' of object 'Object Repository/Emergency/Page_Store/input_txtprice' is: '1060'

2018-05-17 11:55:52 - [TEST_STEP][PASSED] - Statement - out.println("Stock QTY : " + StockQty): null

2018-05-17 11:55:52 - [TEST_STEP][PASSED] - delay: Delayed 2 second(s)

2018-05-17 11:55:54 - [MESSAGE][PASSED] - Delayed 2 second(s)

2018-05-17 11:55:54 - [TEST_STEP][PASSED] - Statement - If (java.lang.Integer.valueOf(StockQty) >= java.lang.Integer.valueOf(RequestedQty)): null

2018-05-17 11:55:54 - [TEST_STEP][PASSED] - delay: Delayed 1 second(s)

2018-05-17 11:55:55 - [MESSAGE][PASSED] - Delayed 1 second(s)

2018-05-17 11:55:55 - [TEST_STEP][PASSED] - setText: Text '10' is set on object 'Object Repository/Emergency/Page_Store/input_txtqty'

2018-05-17 11:55:56 - [MESSAGE][PASSED] - Text '10' is set on object 'Object Repository/Emergency/Page_Store/input_txtqty'

2018-05-17 11:55:56 - [TEST_STEP][PASSED] - click: Object: 'Object Repository/Emergency/Page_Store/button_Add' is clicked on

2018-05-17 11:55:56 - [MESSAGE][PASSED] - Object: 'Object Repository/Emergency/Page_Store/button_Add' is clicked on

2018-05-17 11:55:56 - [TEST_STEP][PASSED] - Statement - Break: null

2018-05-17 11:55:56 - [TEST_STEP][PASSED] - selectOptionByIndex: All options with index in [18] are selected on object 'Object Repository/Emergency/Page_Store/select_--Select--Amikacin -500'

2018-05-17 11:55:56 - [MESSAGE][PASSED] - All options with index in [18] are selected on object 'Object Repository/Emergency/Page_Store/select_--Select--Amikacin -500'

2018-05-17 11:55:56 - [TEST_STEP][PASSED] - delay: Delayed 2 second(s)

2018-05-17 11:55:58 - [MESSAGE][PASSED] - Delayed 2 second(s)

2018-05-17 11:55:58 - [TEST_STEP][PASSED] - Statement - RequestedQty = com.kms.katalon.core.webui.keyword.WebUiBuiltInKeywords.getAttribute(com.kms.katalon.core.testobject.ObjectRepository.findTestObject(Emergency/Page_Store/input_txttotal), "value"): Attribute 'value' of object 'Object Repository/Emergency/Page_Store/input_txttotal' is: '10'

2018-05-17 11:55:58 - [MESSAGE][PASSED] - Attribute 'value' of object 'Object Repository/Emergency/Page_Store/input_txttotal' is: '10'

2018-05-17 11:55:58 - [TEST_STEP][PASSED] - Statement - out.println("Requested QTY : " + RequestedQty): null

2018-05-17 11:55:58 - [TEST_STEP][PASSED] - Statement - BatchNumber = com.kms.katalon.core.webui.keyword.WebUiBuiltInKeywords.getNumberOfTotalOption(com.kms.katalon.core.testobject.ObjectRepository.findTestObject(Emergency/Page_Store/select_--Select--BA1150BA4110)): 2 options of object 'Object Repository/Emergency/Page_Store/select_--Select--BA1150BA4110' counted

2018-05-17 11:55:58 - [MESSAGE][PASSED] - 2 options of object 'Object Repository/Emergency/Page_Store/select_--Select--BA1150BA4110' counted

2018-05-17 11:55:58 - [TEST_STEP][PASSED] - Statement - For ([g = 1, g <= BatchNumber - 1, (g++)]): null

2018-05-17 11:55:58 - [TEST_STEP][PASSED] - selectOptionByIndex: All options with index in [1] are selected on object 'Object Repository/Emergency/Page_Store/select_--Select--BA1150BA4110'

2018-05-17 11:55:58 - [MESSAGE][PASSED] - All options with index in [1] are selected on object 'Object Repository/Emergency/Page_Store/select_--Select--BA1150BA4110'

2018-05-17 11:55:58 - [TEST_STEP][PASSED] - delay: Delayed 2 second(s)

2018-05-17 11:56:00 - [MESSAGE][PASSED] - Delayed 2 second(s)

2018-05-17 11:56:00 - [TEST_STEP][PASSED] - Statement - Try: null

2018-05-17 11:56:00 - [TEST_STEP][PASSED] - Statement - StockQty = com.kms.katalon.core.webui.keyword.WebUiBuiltInKeywords.getAttribute(com.kms.katalon.core.testobject.ObjectRepository.findTestObject(Emergency/Page_Store/input_txtprice), "value"): Attribute 'value' of object 'Object Repository/Emergency/Page_Store/input_txtprice' is: '1060'

2018-05-17 11:56:00 - [MESSAGE][PASSED] - Attribute 'value' of object 'Object Repository/Emergency/Page_Store/input_txtprice' is: '1060'

2018-05-17 11:56:00 - [TEST_STEP][PASSED] - Statement - out.println("Stock QTY : " + StockQty): null

2018-05-17 11:56:00 - [TEST_STEP][PASSED] - delay: Delayed 2 second(s)

2018-05-17 11:56:02 - [MESSAGE][PASSED] - Delayed 2 second(s)

2018-05-17 11:56:02 - [TEST_STEP][PASSED] - Statement - If (java.lang.Integer.valueOf(StockQty) >= java.lang.Integer.valueOf(RequestedQty)): null

2018-05-17 11:56:02 - [TEST_STEP][PASSED] - delay: Delayed 1 second(s)

2018-05-17 11:56:03 - [MESSAGE][PASSED] - Delayed 1 second(s)

2018-05-17 11:56:03 - [TEST_STEP][PASSED] - setText: Text '10' is set on object 'Object Repository/Emergency/Page_Store/input_txtqty'

2018-05-17 11:56:03 - [MESSAGE][PASSED] - Text '10' is set on object 'Object Repository/Emergency/Page_Store/input_txtqty'

2018-05-17 11:56:03 - [TEST_STEP][PASSED] - click: Object: 'Object Repository/Emergency/Page_Store/button_Add' is clicked on

2018-05-17 11:56:03 - [MESSAGE][PASSED] - Object: 'Object Repository/Emergency/Page_Store/button_Add' is clicked on

2018-05-17 11:56:03 - [TEST_STEP][PASSED] - Statement - Break: null

2018-05-17 11:56:03 - [TEST_STEP][PASSED] - selectOptionByIndex: All options with index in [19] are selected on object 'Object Repository/Emergency/Page_Store/select_--Select--Amikacin -500'

2018-05-17 11:56:04 - [MESSAGE][PASSED] - All options with index in [19] are selected on object 'Object Repository/Emergency/Page_Store/select_--Select--Amikacin -500'

2018-05-17 11:56:04 - [TEST_STEP][PASSED] - delay: Delayed 2 second(s)

2018-05-17 11:56:06 - [MESSAGE][PASSED] - Delayed 2 second(s)

2018-05-17 11:56:06 - [TEST_STEP][PASSED] - Statement - RequestedQty = com.kms.katalon.core.webui.keyword.WebUiBuiltInKeywords.getAttribute(com.kms.katalon.core.testobject.ObjectRepository.findTestObject(Emergency/Page_Store/input_txttotal), "value"): Attribute 'value' of object 'Object Repository/Emergency/Page_Store/input_txttotal' is: '10'

2018-05-17 11:56:06 - [MESSAGE][PASSED] - Attribute 'value' of object 'Object Repository/Emergency/Page_Store/input_txttotal' is: '10'

2018-05-17 11:56:06 - [TEST_STEP][PASSED] - Statement - out.println("Requested QTY : " + RequestedQty): null

2018-05-17 11:56:06 - [TEST_STEP][PASSED] - Statement - BatchNumber = com.kms.katalon.core.webui.keyword.WebUiBuiltInKeywords.getNumberOfTotalOption(com.kms.katalon.core.testobject.ObjectRepository.findTestObject(Emergency/Page_Store/select_--Select--BA1150BA4110)): 2 options of object 'Object Repository/Emergency/Page_Store/select_--Select--BA1150BA4110' counted

2018-05-17 11:56:06 - [MESSAGE][PASSED] - 2 options of object 'Object Repository/Emergency/Page_Store/select_--Select--BA1150BA4110' counted

2018-05-17 11:56:06 - [TEST_STEP][PASSED] - Statement - For ([g = 1, g <= BatchNumber - 1, (g++)]): null

2018-05-17 11:56:06 - [TEST_STEP][PASSED] - selectOptionByIndex: All options with index in [1] are selected on object 'Object Repository/Emergency/Page_Store/select_--Select--BA1150BA4110'

2018-05-17 11:56:06 - [MESSAGE][PASSED] - All options with index in [1] are selected on object 'Object Repository/Emergency/Page_Store/select_--Select--BA1150BA4110'

2018-05-17 11:56:06 - [TEST_STEP][PASSED] - delay: Delayed 2 second(s)

2018-05-17 11:56:08 - [MESSAGE][PASSED] - Delayed 2 second(s)

2018-05-17 11:56:08 - [TEST_STEP][PASSED] - Statement - Try: null

2018-05-17 11:56:08 - [TEST_STEP][PASSED] - Statement - StockQty = com.kms.katalon.core.webui.keyword.WebUiBuiltInKeywords.getAttribute(com.kms.katalon.core.testobject.ObjectRepository.findTestObject(Emergency/Page_Store/input_txtprice), "value"): Attribute 'value' of object 'Object Repository/Emergency/Page_Store/input_txtprice' is: '1060'

2018-05-17 11:56:08 - [MESSAGE][PASSED] - Attribute 'value' of object 'Object Repository/Emergency/Page_Store/input_txtprice' is: '1060'

2018-05-17 11:56:08 - [TEST_STEP][PASSED] - Statement - out.println("Stock QTY : " + StockQty): null

2018-05-17 11:56:08 - [TEST_STEP][PASSED] - delay: Delayed 2 second(s)

2018-05-17 11:56:10 - [MESSAGE][PASSED] - Delayed 2 second(s)

2018-05-17 11:56:10 - [TEST_STEP][PASSED] - Statement - If (java.lang.Integer.valueOf(StockQty) >= java.lang.Integer.valueOf(RequestedQty)): null

2018-05-17 11:56:10 - [TEST_STEP][PASSED] - delay: Delayed 1 second(s)

2018-05-17 11:56:11 - [MESSAGE][PASSED] - Delayed 1 second(s)

2018-05-17 11:56:11 - [TEST_STEP][PASSED] - setText: Text '10' is set on object 'Object Repository/Emergency/Page_Store/input_txtqty'

2018-05-17 11:56:11 - [MESSAGE][PASSED] - Text '10' is set on object 'Object Repository/Emergency/Page_Store/input_txtqty'

2018-05-17 11:56:11 - [TEST_STEP][PASSED] - click: Object: 'Object Repository/Emergency/Page_Store/button_Add' is clicked on

2018-05-17 11:56:11 - [MESSAGE][PASSED] - Object: 'Object Repository/Emergency/Page_Store/button_Add' is clicked on

2018-05-17 11:56:11 - [TEST_STEP][PASSED] - Statement - Break: null

2018-05-17 11:56:11 - [TEST_STEP][PASSED] - selectOptionByIndex: All options with index in [20] are selected on object 'Object Repository/Emergency/Page_Store/select_--Select--Amikacin -500'

2018-05-17 11:56:11 - [MESSAGE][PASSED] - All options with index in [20] are selected on object 'Object Repository/Emergency/Page_Store/select_--Select--Amikacin -500'

2018-05-17 11:56:11 - [TEST_STEP][PASSED] - delay: Delayed 2 second(s)

2018-05-17 11:56:13 - [MESSAGE][PASSED] - Delayed 2 second(s)

2018-05-17 11:56:13 - [TEST_STEP][PASSED] - Statement - RequestedQty = com.kms.katalon.core.webui.keyword.WebUiBuiltInKeywords.getAttribute(com.kms.katalon.core.testobject.ObjectRepository.findTestObject(Emergency/Page_Store/input_txttotal), "value"): Attribute 'value' of object 'Object Repository/Emergency/Page_Store/input_txttotal' is: '10'

2018-05-17 11:56:13 - [MESSAGE][PASSED] - Attribute 'value' of object 'Object Repository/Emergency/Page_Store/input_txttotal' is: '10'

2018-05-17 11:56:13 - [TEST_STEP][PASSED] - Statement - out.println("Requested QTY : " + RequestedQty): null

2018-05-17 11:56:13 - [TEST_STEP][PASSED] - Statement - BatchNumber = com.kms.katalon.core.webui.keyword.WebUiBuiltInKeywords.getNumberOfTotalOption(com.kms.katalon.core.testobject.ObjectRepository.findTestObject(Emergency/Page_Store/select_--Select--BA1150BA4110)): 2 options of object 'Object Repository/Emergency/Page_Store/select_--Select--BA1150BA4110' counted

2018-05-17 11:56:13 - [MESSAGE][PASSED] - 2 options of object 'Object Repository/Emergency/Page_Store/select_--Select--BA1150BA4110' counted

2018-05-17 11:56:13 - [TEST_STEP][PASSED] - Statement - For ([g = 1, g <= BatchNumber - 1, (g++)]): null

2018-05-17 11:56:13 - [TEST_STEP][PASSED] - selectOptionByIndex: All options with index in [1] are selected on object 'Object Repository/Emergency/Page_Store/select_--Select--BA1150BA4110'

2018-05-17 11:56:14 - [MESSAGE][PASSED] - All options with index in [1] are selected on object 'Object Repository/Emergency/Page_Store/select_--Select--BA1150BA4110'

2018-05-17 11:56:14 - [TEST_STEP][PASSED] - delay: Delayed 2 second(s)

2018-05-17 11:56:16 - [MESSAGE][PASSED] - Delayed 2 second(s)

2018-05-17 11:56:16 - [TEST_STEP][PASSED] - Statement - Try: null

2018-05-17 11:56:16 - [TEST_STEP][PASSED] - Statement - StockQty = com.kms.katalon.core.webui.keyword.WebUiBuiltInKeywords.getAttribute(com.kms.katalon.core.testobject.ObjectRepository.findTestObject(Emergency/Page_Store/input_txtprice), "value"): Attribute 'value' of object 'Object Repository/Emergency/Page_Store/input_txtprice' is: '1060'

2018-05-17 11:56:16 - [MESSAGE][PASSED] - Attribute 'value' of object 'Object Repository/Emergency/Page_Store/input_txtprice' is: '1060'

2018-05-17 11:56:16 - [TEST_STEP][PASSED] - Statement - out.println("Stock QTY : " + StockQty): null

2018-05-17 11:56:16 - [TEST_STEP][PASSED] - delay: Delayed 2 second(s)

2018-05-17 11:56:18 - [MESSAGE][PASSED] - Delayed 2 second(s)

2018-05-17 11:56:18 - [TEST_STEP][PASSED] - Statement - If (java.lang.Integer.valueOf(StockQty) >= java.lang.Integer.valueOf(RequestedQty)): null

2018-05-17 11:56:18 - [TEST_STEP][PASSED] - delay: Delayed 1 second(s)

2018-05-17 11:56:19 - [MESSAGE][PASSED] - Delayed 1 second(s)

2018-05-17 11:56:19 - [TEST_STEP][PASSED] - setText: Text '10' is set on object 'Object Repository/Emergency/Page_Store/input_txtqty'

2018-05-17 11:56:19 - [MESSAGE][PASSED] - Text '10' is set on object 'Object Repository/Emergency/Page_Store/input_txtqty'

2018-05-17 11:56:19 - [TEST_STEP][PASSED] - click: Object: 'Object Repository/Emergency/Page_Store/button_Add' is clicked on

2018-05-17 11:56:19 - [MESSAGE][PASSED] - Object: 'Object Repository/Emergency/Page_Store/button_Add' is clicked on

2018-05-17 11:56:19 - [TEST_STEP][PASSED] - Statement - Break: null

2018-05-17 11:56:19 - [TEST_STEP][PASSED] - selectOptionByIndex: All options with index in [21] are selected on object 'Object Repository/Emergency/Page_Store/select_--Select--Amikacin -500'

2018-05-17 11:56:19 - [MESSAGE][PASSED] - All options with index in [21] are selected on object 'Object Repository/Emergency/Page_Store/select_--Select--Amikacin -500'

2018-05-17 11:56:19 - [TEST_STEP][PASSED] - delay: Delayed 2 second(s)

2018-05-17 11:56:21 - [MESSAGE][PASSED] - Delayed 2 second(s)

2018-05-17 11:56:21 - [TEST_STEP][PASSED] - Statement - RequestedQty = com.kms.katalon.core.webui.keyword.WebUiBuiltInKeywords.getAttribute(com.kms.katalon.core.testobject.ObjectRepository.findTestObject(Emergency/Page_Store/input_txttotal), "value"): Attribute 'value' of object 'Object Repository/Emergency/Page_Store/input_txttotal' is: '10'

2018-05-17 11:56:21 - [MESSAGE][PASSED] - Attribute 'value' of object 'Object Repository/Emergency/Page_Store/input_txttotal' is: '10'

2018-05-17 11:56:21 - [TEST_STEP][PASSED] - Statement - out.println("Requested QTY : " + RequestedQty): null

2018-05-17 11:56:21 - [TEST_STEP][PASSED] - Statement - BatchNumber = com.kms.katalon.core.webui.keyword.WebUiBuiltInKeywords.getNumberOfTotalOption(com.kms.katalon.core.testobject.ObjectRepository.findTestObject(Emergency/Page_Store/select_--Select--BA1150BA4110)): 3 options of object 'Object Repository/Emergency/Page_Store/select_--Select--BA1150BA4110' counted

2018-05-17 11:56:21 - [MESSAGE][PASSED] - 3 options of object 'Object Repository/Emergency/Page_Store/select_--Select--BA1150BA4110' counted

2018-05-17 11:56:21 - [TEST_STEP][PASSED] - Statement - For ([g = 1, g <= BatchNumber - 1, (g++)]): null

2018-05-17 11:56:21 - [TEST_STEP][PASSED] - selectOptionByIndex: All options with index in [1] are selected on object 'Object Repository/Emergency/Page_Store/select_--Select--BA1150BA4110'

2018-05-17 11:56:21 - [MESSAGE][PASSED] - All options with index in [1] are selected on object 'Object Repository/Emergency/Page_Store/select_--Select--BA1150BA4110'

2018-05-17 11:56:21 - [TEST_STEP][PASSED] - delay: Delayed 2 second(s)

2018-05-17 11:56:23 - [MESSAGE][PASSED] - Delayed 2 second(s)

2018-05-17 11:56:23 - [TEST_STEP][PASSED] - Statement - Try: null

2018-05-17 11:56:23 - [TEST_STEP][PASSED] - Statement - StockQty = com.kms.katalon.core.webui.keyword.WebUiBuiltInKeywords.getAttribute(com.kms.katalon.core.testobject.ObjectRepository.findTestObject(Emergency/Page_Store/input_txtprice), "value"): Attribute 'value' of object 'Object Repository/Emergency/Page_Store/input_txtprice' is: '960'

2018-05-17 11:56:23 - [MESSAGE][PASSED] - Attribute 'value' of object 'Object Repository/Emergency/Page_Store/input_txtprice' is: '960'

2018-05-17 11:56:23 - [TEST_STEP][PASSED] - Statement - out.println("Stock QTY : " + StockQty): null

2018-05-17 11:56:23 - [TEST_STEP][PASSED] - delay: Delayed 2 second(s)

2018-05-17 11:56:25 - [MESSAGE][PASSED] - Delayed 2 second(s)

2018-05-17 11:56:25 - [TEST_STEP][PASSED] - Statement - If (java.lang.Integer.valueOf(StockQty) >= java.lang.Integer.valueOf(RequestedQty)): null

2018-05-17 11:56:25 - [TEST_STEP][PASSED] - delay: Delayed 1 second(s)

2018-05-17 11:56:26 - [MESSAGE][PASSED] - Delayed 1 second(s)

2018-05-17 11:56:26 - [TEST_STEP][PASSED] - setText: Text '10' is set on object 'Object Repository/Emergency/Page_Store/input_txtqty'

2018-05-17 11:56:27 - [MESSAGE][PASSED] - Text '10' is set on object 'Object Repository/Emergency/Page_Store/input_txtqty'

2018-05-17 11:56:27 - [TEST_STEP][PASSED] - click: Object: 'Object Repository/Emergency/Page_Store/button_Add' is clicked on

2018-05-17 11:56:27 - [MESSAGE][PASSED] - Object: 'Object Repository/Emergency/Page_Store/button_Add' is clicked on

2018-05-17 11:56:27 - [TEST_STEP][PASSED] - Statement - Break: null

2018-05-17 11:56:27 - [TEST_STEP][PASSED] - selectOptionByIndex: All options with index in [22] are selected on object 'Object Repository/Emergency/Page_Store/select_--Select--Amikacin -500'

2018-05-17 11:56:27 - [MESSAGE][PASSED] - All options with index in [22] are selected on object 'Object Repository/Emergency/Page_Store/select_--Select--Amikacin -500'

2018-05-17 11:56:27 - [TEST_STEP][PASSED] - delay: Delayed 2 second(s)

2018-05-17 11:56:29 - [MESSAGE][PASSED] - Delayed 2 second(s)

2018-05-17 11:56:29 - [TEST_STEP][PASSED] - Statement - RequestedQty = com.kms.katalon.core.webui.keyword.WebUiBuiltInKeywords.getAttribute(com.kms.katalon.core.testobject.ObjectRepository.findTestObject(Emergency/Page_Store/input_txttotal), "value"): Attribute 'value' of object 'Object Repository/Emergency/Page_Store/input_txttotal' is: '10'

2018-05-17 11:56:29 - [MESSAGE][PASSED] - Attribute 'value' of object 'Object Repository/Emergency/Page_Store/input_txttotal' is: '10'

2018-05-17 11:56:29 - [TEST_STEP][PASSED] - Statement - out.println("Requested QTY : " + RequestedQty): null

2018-05-17 11:56:29 - [TEST_STEP][PASSED] - Statement - BatchNumber = com.kms.katalon.core.webui.keyword.WebUiBuiltInKeywords.getNumberOfTotalOption(com.kms.katalon.core.testobject.ObjectRepository.findTestObject(Emergency/Page_Store/select_--Select--BA1150BA4110)): 3 options of object 'Object Repository/Emergency/Page_Store/select_--Select--BA1150BA4110' counted

2018-05-17 11:56:29 - [MESSAGE][PASSED] - 3 options of object 'Object Repository/Emergency/Page_Store/select_--Select--BA1150BA4110' counted

2018-05-17 11:56:29 - [TEST_STEP][PASSED] - Statement - For ([g = 1, g <= BatchNumber - 1, (g++)]): null

2018-05-17 11:56:29 - [TEST_STEP][PASSED] - selectOptionByIndex: All options with index in [1] are selected on object 'Object Repository/Emergency/Page_Store/select_--Select--BA1150BA4110'

2018-05-17 11:56:29 - [MESSAGE][PASSED] - All options with index in [1] are selected on object 'Object Repository/Emergency/Page_Store/select_--Select--BA1150BA4110'

2018-05-17 11:56:29 - [TEST_STEP][PASSED] - delay: Delayed 2 second(s)

2018-05-17 11:56:31 - [MESSAGE][PASSED] - Delayed 2 second(s)

2018-05-17 11:56:31 - [TEST_STEP][PASSED] - Statement - Try: null

2018-05-17 11:56:31 - [TEST_STEP][PASSED] - Statement - StockQty = com.kms.katalon.core.webui.keyword.WebUiBuiltInKeywords.getAttribute(com.kms.katalon.core.testobject.ObjectRepository.findTestObject(Emergency/Page_Store/input_txtprice), "value"): Attribute 'value' of object 'Object Repository/Emergency/Page_Store/input_txtprice' is: '960'

2018-05-17 11:56:31 - [MESSAGE][PASSED] - Attribute 'value' of object 'Object Repository/Emergency/Page_Store/input_txtprice' is: '960'

2018-05-17 11:56:31 - [TEST_STEP][PASSED] - Statement - out.println("Stock QTY : " + StockQty): null

2018-05-17 11:56:31 - [TEST_STEP][PASSED] - delay: Delayed 2 second(s)

2018-05-17 11:56:33 - [MESSAGE][PASSED] - Delayed 2 second(s)

2018-05-17 11:56:33 - [TEST_STEP][PASSED] - Statement - If (java.lang.Integer.valueOf(StockQty) >= java.lang.Integer.valueOf(RequestedQty)): null

2018-05-17 11:56:33 - [TEST_STEP][PASSED] - delay: Delayed 1 second(s)

2018-05-17 11:56:34 - [MESSAGE][PASSED] - Delayed 1 second(s)

2018-05-17 11:56:34 - [TEST_STEP][PASSED] - setText: Text '10' is set on object 'Object Repository/Emergency/Page_Store/input_txtqty'

2018-05-17 11:56:34 - [MESSAGE][PASSED] - Text '10' is set on object 'Object Repository/Emergency/Page_Store/input_txtqty'

2018-05-17 11:56:34 - [TEST_STEP][PASSED] - click: Object: 'Object Repository/Emergency/Page_Store/button_Add' is clicked on

2018-05-17 11:56:34 - [MESSAGE][PASSED] - Object: 'Object Repository/Emergency/Page_Store/button_Add' is clicked on

2018-05-17 11:56:34 - [TEST_STEP][PASSED] - Statement - Break: null

2018-05-17 11:56:34 - [TEST_STEP][PASSED] - selectOptionByIndex: All options with index in [23] are selected on object 'Object Repository/Emergency/Page_Store/select_--Select--Amikacin -500'

2018-05-17 11:56:35 - [MESSAGE][PASSED] - All options with index in [23] are selected on object 'Object Repository/Emergency/Page_Store/select_--Select--Amikacin -500'

2018-05-17 11:56:35 - [TEST_STEP][PASSED] - delay: Delayed 2 second(s)

2018-05-17 11:56:37 - [MESSAGE][PASSED] - Delayed 2 second(s)

2018-05-17 11:56:37 - [TEST_STEP][PASSED] - Statement - RequestedQty = com.kms.katalon.core.webui.keyword.WebUiBuiltInKeywords.getAttribute(com.kms.katalon.core.testobject.ObjectRepository.findTestObject(Emergency/Page_Store/input_txttotal), "value"): Attribute 'value' of object 'Object Repository/Emergency/Page_Store/input_txttotal' is: '10'

2018-05-17 11:56:37 - [MESSAGE][PASSED] - Attribute 'value' of object 'Object Repository/Emergency/Page_Store/input_txttotal' is: '10'

2018-05-17 11:56:37 - [TEST_STEP][PASSED] - Statement - out.println("Requested QTY : " + RequestedQty): null

2018-05-17 11:56:37 - [TEST_STEP][PASSED] - Statement - BatchNumber = com.kms.katalon.core.webui.keyword.WebUiBuiltInKeywords.getNumberOfTotalOption(com.kms.katalon.core.testobject.ObjectRepository.findTestObject(Emergency/Page_Store/select_--Select--BA1150BA4110)): 3 options of object 'Object Repository/Emergency/Page_Store/select_--Select--BA1150BA4110' counted

2018-05-17 11:56:37 - [MESSAGE][PASSED] - 3 options of object 'Object Repository/Emergency/Page_Store/select_--Select--BA1150BA4110' counted

2018-05-17 11:56:37 - [TEST_STEP][PASSED] - Statement - For ([g = 1, g <= BatchNumber - 1, (g++)]): null

2018-05-17 11:56:37 - [TEST_STEP][PASSED] - selectOptionByIndex: All options with index in [1] are selected on object 'Object Repository/Emergency/Page_Store/select_--Select--BA1150BA4110'

2018-05-17 11:56:37 - [MESSAGE][PASSED] - All options with index in [1] are selected on object 'Object Repository/Emergency/Page_Store/select_--Select--BA1150BA4110'

2018-05-17 11:56:37 - [TEST_STEP][PASSED] - delay: Delayed 2 second(s)

2018-05-17 11:56:39 - [MESSAGE][PASSED] - Delayed 2 second(s)

2018-05-17 11:56:39 - [TEST_STEP][PASSED] - Statement - Try: null

2018-05-17 11:56:39 - [TEST_STEP][PASSED] - Statement - StockQty = com.kms.katalon.core.webui.keyword.WebUiBuiltInKeywords.getAttribute(com.kms.katalon.core.testobject.ObjectRepository.findTestObject(Emergency/Page_Store/input_txtprice), "value"): Attribute 'value' of object 'Object Repository/Emergency/Page_Store/input_txtprice' is: '960'

2018-05-17 11:56:39 - [MESSAGE][PASSED] - Attribute 'value' of object 'Object Repository/Emergency/Page_Store/input_txtprice' is: '960'

2018-05-17 11:56:39 - [TEST_STEP][PASSED] - Statement - out.println("Stock QTY : " + StockQty): null

2018-05-17 11:56:39 - [TEST_STEP][PASSED] - delay: Delayed 2 second(s)

2018-05-17 11:56:41 - [MESSAGE][PASSED] - Delayed 2 second(s)

2018-05-17 11:56:41 - [TEST_STEP][PASSED] - Statement - If (java.lang.Integer.valueOf(StockQty) >= java.lang.Integer.valueOf(RequestedQty)): null

2018-05-17 11:56:41 - [TEST_STEP][PASSED] - delay: Delayed 1 second(s)

2018-05-17 11:56:42 - [MESSAGE][PASSED] - Delayed 1 second(s)

2018-05-17 11:56:42 - [TEST_STEP][PASSED] - setText: Text '10' is set on object 'Object Repository/Emergency/Page_Store/input_txtqty'

2018-05-17 11:56:42 - [MESSAGE][PASSED] - Text '10' is set on object 'Object Repository/Emergency/Page_Store/input_txtqty'

2018-05-17 11:56:42 - [TEST_STEP][PASSED] - click: Object: 'Object Repository/Emergency/Page_Store/button_Add' is clicked on

2018-05-17 11:56:42 - [MESSAGE][PASSED] - Object: 'Object Repository/Emergency/Page_Store/button_Add' is clicked on

2018-05-17 11:56:42 - [TEST_STEP][PASSED] - Statement - Break: null

2018-05-17 11:56:42 - [TEST_STEP][PASSED] - selectOptionByIndex: All options with index in [24] are selected on object 'Object Repository/Emergency/Page_Store/select_--Select--Amikacin -500'

2018-05-17 11:56:42 - [MESSAGE][PASSED] - All options with index in [24] are selected on object 'Object Repository/Emergency/Page_Store/select_--Select--Amikacin -500'

2018-05-17 11:56:42 - [TEST_STEP][PASSED] - delay: Delayed 2 second(s)

2018-05-17 11:56:44 - [MESSAGE][PASSED] - Delayed 2 second(s)

2018-05-17 11:56:44 - [TEST_STEP][PASSED] - Statement - RequestedQty = com.kms.katalon.core.webui.keyword.WebUiBuiltInKeywords.getAttribute(com.kms.katalon.core.testobject.ObjectRepository.findTestObject(Emergency/Page_Store/input_txttotal), "value"): Attribute 'value' of object 'Object Repository/Emergency/Page_Store/input_txttotal' is: '10'

2018-05-17 11:56:44 - [MESSAGE][PASSED] - Attribute 'value' of object 'Object Repository/Emergency/Page_Store/input_txttotal' is: '10'

2018-05-17 11:56:44 - [TEST_STEP][PASSED] - Statement - out.println("Requested QTY : " + RequestedQty): null

2018-05-17 11:56:44 - [TEST_STEP][PASSED] - Statement - BatchNumber = com.kms.katalon.core.webui.keyword.WebUiBuiltInKeywords.getNumberOfTotalOption(com.kms.katalon.core.testobject.ObjectRepository.findTestObject(Emergency/Page_Store/select_--Select--BA1150BA4110)): 3 options of object 'Object Repository/Emergency/Page_Store/select_--Select--BA1150BA4110' counted

2018-05-17 11:56:45 - [MESSAGE][PASSED] - 3 options of object 'Object Repository/Emergency/Page_Store/select_--Select--BA1150BA4110' counted

2018-05-17 11:56:45 - [TEST_STEP][PASSED] - Statement - For ([g = 1, g <= BatchNumber - 1, (g++)]): null

2018-05-17 11:56:45 - [TEST_STEP][PASSED] - selectOptionByIndex: All options with index in [1] are selected on object 'Object Repository/Emergency/Page_Store/select_--Select--BA1150BA4110'

2018-05-17 11:56:45 - [MESSAGE][PASSED] - All options with index in [1] are selected on object 'Object Repository/Emergency/Page_Store/select_--Select--BA1150BA4110'

2018-05-17 11:56:45 - [TEST_STEP][PASSED] - delay: Delayed 2 second(s)

2018-05-17 11:56:47 - [MESSAGE][PASSED] - Delayed 2 second(s)

2018-05-17 11:56:47 - [TEST_STEP][PASSED] - Statement - Try: null

2018-05-17 11:56:47 - [TEST_STEP][PASSED] - Statement - StockQty = com.kms.katalon.core.webui.keyword.WebUiBuiltInKeywords.getAttribute(com.kms.katalon.core.testobject.ObjectRepository.findTestObject(Emergency/Page_Store/input_txtprice), "value"): Attribute 'value' of object 'Object Repository/Emergency/Page_Store/input_txtprice' is: '960'

2018-05-17 11:56:47 - [MESSAGE][PASSED] - Attribute 'value' of object 'Object Repository/Emergency/Page_Store/input_txtprice' is: '960'

2018-05-17 11:56:47 - [TEST_STEP][PASSED] - Statement - out.println("Stock QTY : " + StockQty): null

2018-05-17 11:56:47 - [TEST_STEP][PASSED] - delay: Delayed 2 second(s)

2018-05-17 11:56:49 - [MESSAGE][PASSED] - Delayed 2 second(s)

2018-05-17 11:56:49 - [TEST_STEP][PASSED] - Statement - If (java.lang.Integer.valueOf(StockQty) >= java.lang.Integer.valueOf(RequestedQty)): null

2018-05-17 11:56:49 - [TEST_STEP][PASSED] - delay: Delayed 1 second(s)

2018-05-17 11:56:50 - [MESSAGE][PASSED] - Delayed 1 second(s)

2018-05-17 11:56:50 - [TEST_STEP][PASSED] - setText: Text '10' is set on object 'Object Repository/Emergency/Page_Store/input_txtqty'

2018-05-17 11:56:50 - [MESSAGE][PASSED] - Text '10' is set on object 'Object Repository/Emergency/Page_Store/input_txtqty'

2018-05-17 11:56:50 - [TEST_STEP][PASSED] - click: Object: 'Object Repository/Emergency/Page_Store/button_Add' is clicked on

2018-05-17 11:56:50 - [MESSAGE][PASSED] - Object: 'Object Repository/Emergency/Page_Store/button_Add' is clicked on

2018-05-17 11:56:50 - [TEST_STEP][PASSED] - Statement - Break: null

2018-05-17 11:56:50 - [TEST_STEP][PASSED] - selectOptionByIndex: All options with index in [25] are selected on object 'Object Repository/Emergency/Page_Store/select_--Select--Amikacin -500'

2018-05-17 11:56:50 - [MESSAGE][PASSED] - All options with index in [25] are selected on object 'Object Repository/Emergency/Page_Store/select_--Select--Amikacin -500'

2018-05-17 11:56:50 - [TEST_STEP][PASSED] - delay: Delayed 2 second(s)

2018-05-17 11:56:52 - [MESSAGE][PASSED] - Delayed 2 second(s)

2018-05-17 11:56:52 - [TEST_STEP][PASSED] - Statement - RequestedQty = com.kms.katalon.core.webui.keyword.WebUiBuiltInKeywords.getAttribute(com.kms.katalon.core.testobject.ObjectRepository.findTestObject(Emergency/Page_Store/input_txttotal), "value"): Attribute 'value' of object 'Object Repository/Emergency/Page_Store/input_txttotal' is: '10'

2018-05-17 11:56:52 - [MESSAGE][PASSED] - Attribute 'value' of object 'Object Repository/Emergency/Page_Store/input_txttotal' is: '10'

2018-05-17 11:56:52 - [TEST_STEP][PASSED] - Statement - out.println("Requested QTY : " + RequestedQty): null

2018-05-17 11:56:52 - [TEST_STEP][PASSED] - Statement - BatchNumber = com.kms.katalon.core.webui.keyword.WebUiBuiltInKeywords.getNumberOfTotalOption(com.kms.katalon.core.testobject.ObjectRepository.findTestObject(Emergency/Page_Store/select_--Select--BA1150BA4110)): 2 options of object 'Object Repository/Emergency/Page_Store/select_--Select--BA1150BA4110' counted

2018-05-17 11:56:52 - [MESSAGE][PASSED] - 2 options of object 'Object Repository/Emergency/Page_Store/select_--Select--BA1150BA4110' counted

2018-05-17 11:56:52 - [TEST_STEP][PASSED] - Statement - For ([g = 1, g <= BatchNumber - 1, (g++)]): null

2018-05-17 11:56:52 - [TEST_STEP][PASSED] - selectOptionByIndex: All options with index in [1] are selected on object 'Object Repository/Emergency/Page_Store/select_--Select--BA1150BA4110'

2018-05-17 11:56:52 - [MESSAGE][PASSED] - All options with index in [1] are selected on object 'Object Repository/Emergency/Page_Store/select_--Select--BA1150BA4110'

2018-05-17 11:56:52 - [TEST_STEP][PASSED] - delay: Delayed 2 second(s)

2018-05-17 11:56:54 - [MESSAGE][PASSED] - Delayed 2 second(s)

2018-05-17 11:56:54 - [TEST_STEP][PASSED] - Statement - Try: null

2018-05-17 11:56:54 - [TEST_STEP][PASSED] - Statement - StockQty = com.kms.katalon.core.webui.keyword.WebUiBuiltInKeywords.getAttribute(com.kms.katalon.core.testobject.ObjectRepository.findTestObject(Emergency/Page_Store/input_txtprice), "value"): Attribute 'value' of object 'Object Repository/Emergency/Page_Store/input_txtprice' is: '1060'

2018-05-17 11:56:54 - [MESSAGE][PASSED] - Attribute 'value' of object 'Object Repository/Emergency/Page_Store/input_txtprice' is: '1060'

2018-05-17 11:56:54 - [TEST_STEP][PASSED] - Statement - out.println("Stock QTY : " + StockQty): null

2018-05-17 11:56:54 - [TEST_STEP][PASSED] - delay: Delayed 2 second(s)

2018-05-17 11:56:56 - [MESSAGE][PASSED] - Delayed 2 second(s)

2018-05-17 11:56:56 - [TEST_STEP][PASSED] - Statement - If (java.lang.Integer.valueOf(StockQty) >= java.lang.Integer.valueOf(RequestedQty)): null

2018-05-17 11:56:56 - [TEST_STEP][PASSED] - delay: Delayed 1 second(s)

2018-05-17 11:56:57 - [MESSAGE][PASSED] - Delayed 1 second(s)

2018-05-17 11:56:57 - [TEST_STEP][PASSED] - setText: Text '10' is set on object 'Object Repository/Emergency/Page_Store/input_txtqty'

2018-05-17 11:56:58 - [MESSAGE][PASSED] - Text '10' is set on object 'Object Repository/Emergency/Page_Store/input_txtqty'

2018-05-17 11:56:58 - [TEST_STEP][PASSED] - click: Object: 'Object Repository/Emergency/Page_Store/button_Add' is clicked on

2018-05-17 11:56:58 - [MESSAGE][PASSED] - Object: 'Object Repository/Emergency/Page_Store/button_Add' is clicked on

2018-05-17 11:56:58 - [TEST_STEP][PASSED] - Statement - Break: null

2018-05-17 11:56:58 - [TEST_STEP][PASSED] - selectOptionByIndex: All options with index in [26] are selected on object 'Object Repository/Emergency/Page_Store/select_--Select--Amikacin -500'

2018-05-17 11:56:58 - [MESSAGE][PASSED] - All options with index in [26] are selected on object 'Object Repository/Emergency/Page_Store/select_--Select--Amikacin -500'

2018-05-17 11:56:58 - [TEST_STEP][PASSED] - delay: Delayed 2 second(s)

2018-05-17 11:57:00 - [MESSAGE][PASSED] - Delayed 2 second(s)

2018-05-17 11:57:00 - [TEST_STEP][PASSED] - Statement - RequestedQty = com.kms.katalon.core.webui.keyword.WebUiBuiltInKeywords.getAttribute(com.kms.katalon.core.testobject.ObjectRepository.findTestObject(Emergency/Page_Store/input_txttotal), "value"): Attribute 'value' of object 'Object Repository/Emergency/Page_Store/input_txttotal' is: '10'

2018-05-17 11:57:00 - [MESSAGE][PASSED] - Attribute 'value' of object 'Object Repository/Emergency/Page_Store/input_txttotal' is: '10'

2018-05-17 11:57:00 - [TEST_STEP][PASSED] - Statement - out.println("Requested QTY : " + RequestedQty): null

2018-05-17 11:57:00 - [TEST_STEP][PASSED] - Statement - BatchNumber = com.kms.katalon.core.webui.keyword.WebUiBuiltInKeywords.getNumberOfTotalOption(com.kms.katalon.core.testobject.ObjectRepository.findTestObject(Emergency/Page_Store/select_--Select--BA1150BA4110)): 3 options of object 'Object Repository/Emergency/Page_Store/select_--Select--BA1150BA4110' counted

2018-05-17 11:57:00 - [MESSAGE][PASSED] - 3 options of object 'Object Repository/Emergency/Page_Store/select_--Select--BA1150BA4110' counted

2018-05-17 11:57:00 - [TEST_STEP][PASSED] - Statement - For ([g = 1, g <= BatchNumber - 1, (g++)]): null

2018-05-17 11:57:00 - [TEST_STEP][PASSED] - selectOptionByIndex: All options with index in [1] are selected on object 'Object Repository/Emergency/Page_Store/select_--Select--BA1150BA4110'

2018-05-17 11:57:00 - [MESSAGE][PASSED] - All options with index in [1] are selected on object 'Object Repository/Emergency/Page_Store/select_--Select--BA1150BA4110'

2018-05-17 11:57:00 - [TEST_STEP][PASSED] - delay: Delayed 2 second(s)

2018-05-17 11:57:02 - [MESSAGE][PASSED] - Delayed 2 second(s)

2018-05-17 11:57:02 - [TEST_STEP][PASSED] - Statement - Try: null

2018-05-17 11:57:02 - [TEST_STEP][PASSED] - Statement - StockQty = com.kms.katalon.core.webui.keyword.WebUiBuiltInKeywords.getAttribute(com.kms.katalon.core.testobject.ObjectRepository.findTestObject(Emergency/Page_Store/input_txtprice), "value"): Attribute 'value' of object 'Object Repository/Emergency/Page_Store/input_txtprice' is: '960'

2018-05-17 11:57:02 - [MESSAGE][PASSED] - Attribute 'value' of object 'Object Repository/Emergency/Page_Store/input_txtprice' is: '960'

2018-05-17 11:57:02 - [TEST_STEP][PASSED] - Statement - out.println("Stock QTY : " + StockQty): null

2018-05-17 11:57:02 - [TEST_STEP][PASSED] - delay: Delayed 2 second(s)

2018-05-17 11:57:04 - [MESSAGE][PASSED] - Delayed 2 second(s)

2018-05-17 11:57:04 - [TEST_STEP][PASSED] - Statement - If (java.lang.Integer.valueOf(StockQty) >= java.lang.Integer.valueOf(RequestedQty)): null

2018-05-17 11:57:04 - [TEST_STEP][PASSED] - delay: Delayed 1 second(s)

2018-05-17 11:57:05 - [MESSAGE][PASSED] - Delayed 1 second(s)

2018-05-17 11:57:05 - [TEST_STEP][PASSED] - setText: Text '10' is set on object 'Object Repository/Emergency/Page_Store/input_txtqty'

2018-05-17 11:57:05 - [MESSAGE][PASSED] - Text '10' is set on object 'Object Repository/Emergency/Page_Store/input_txtqty'

2018-05-17 11:57:05 - [TEST_STEP][PASSED] - click: Object: 'Object Repository/Emergency/Page_Store/button_Add' is clicked on

2018-05-17 11:57:05 - [MESSAGE][PASSED] - Object: 'Object Repository/Emergency/Page_Store/button_Add' is clicked on

2018-05-17 11:57:05 - [TEST_STEP][PASSED] - Statement - Break: null

2018-05-17 11:57:05 - [TEST_STEP][PASSED] - selectOptionByIndex: All options with index in [27] are selected on object 'Object Repository/Emergency/Page_Store/select_--Select--Amikacin -500'

2018-05-17 11:57:06 - [MESSAGE][PASSED] - All options with index in [27] are selected on object 'Object Repository/Emergency/Page_Store/select_--Select--Amikacin -500'

2018-05-17 11:57:06 - [TEST_STEP][PASSED] - delay: Delayed 2 second(s)

2018-05-17 11:57:08 - [MESSAGE][PASSED] - Delayed 2 second(s)

2018-05-17 11:57:08 - [TEST_STEP][PASSED] - Statement - RequestedQty = com.kms.katalon.core.webui.keyword.WebUiBuiltInKeywords.getAttribute(com.kms.katalon.core.testobject.ObjectRepository.findTestObject(Emergency/Page_Store/input_txttotal), "value"): Attribute 'value' of object 'Object Repository/Emergency/Page_Store/input_txttotal' is: '10'

2018-05-17 11:57:08 - [MESSAGE][PASSED] - Attribute 'value' of object 'Object Repository/Emergency/Page_Store/input_txttotal' is: '10'

2018-05-17 11:57:08 - [TEST_STEP][PASSED] - Statement - out.println("Requested QTY : " + RequestedQty): null

2018-05-17 11:57:08 - [TEST_STEP][PASSED] - Statement - BatchNumber = com.kms.katalon.core.webui.keyword.WebUiBuiltInKeywords.getNumberOfTotalOption(com.kms.katalon.core.testobject.ObjectRepository.findTestObject(Emergency/Page_Store/select_--Select--BA1150BA4110)): 3 options of object 'Object Repository/Emergency/Page_Store/select_--Select--BA1150BA4110' counted

2018-05-17 11:57:08 - [MESSAGE][PASSED] - 3 options of object 'Object Repository/Emergency/Page_Store/select_--Select--BA1150BA4110' counted

2018-05-17 11:57:08 - [TEST_STEP][PASSED] - Statement - For ([g = 1, g <= BatchNumber - 1, (g++)]): null

2018-05-17 11:57:08 - [TEST_STEP][PASSED] - selectOptionByIndex: All options with index in [1] are selected on object 'Object Repository/Emergency/Page_Store/select_--Select--BA1150BA4110'

2018-05-17 11:57:08 - [MESSAGE][PASSED] - All options with index in [1] are selected on object 'Object Repository/Emergency/Page_Store/select_--Select--BA1150BA4110'

2018-05-17 11:57:08 - [TEST_STEP][PASSED] - delay: Delayed 2 second(s)

2018-05-17 11:57:10 - [MESSAGE][PASSED] - Delayed 2 second(s)

2018-05-17 11:57:10 - [TEST_STEP][PASSED] - Statement - Try: null

2018-05-17 11:57:10 - [TEST_STEP][PASSED] - Statement - StockQty = com.kms.katalon.core.webui.keyword.WebUiBuiltInKeywords.getAttribute(com.kms.katalon.core.testobject.ObjectRepository.findTestObject(Emergency/Page_Store/input_txtprice), "value"): Attribute 'value' of object 'Object Repository/Emergency/Page_Store/input_txtprice' is: '960'

2018-05-17 11:57:10 - [MESSAGE][PASSED] - Attribute 'value' of object 'Object Repository/Emergency/Page_Store/input_txtprice' is: '960'

2018-05-17 11:57:10 - [TEST_STEP][PASSED] - Statement - out.println("Stock QTY : " + StockQty): null

2018-05-17 11:57:10 - [TEST_STEP][PASSED] - delay: Delayed 2 second(s)

2018-05-17 11:57:12 - [MESSAGE][PASSED] - Delayed 2 second(s)

2018-05-17 11:57:12 - [TEST_STEP][PASSED] - Statement - If (java.lang.Integer.valueOf(StockQty) >= java.lang.Integer.valueOf(RequestedQty)): null

2018-05-17 11:57:12 - [TEST_STEP][PASSED] - delay: Delayed 1 second(s)

2018-05-17 11:57:13 - [MESSAGE][PASSED] - Delayed 1 second(s)

2018-05-17 11:57:13 - [TEST_STEP][PASSED] - setText: Text '10' is set on object 'Object Repository/Emergency/Page_Store/input_txtqty'

2018-05-17 11:57:13 - [MESSAGE][PASSED] - Text '10' is set on object 'Object Repository/Emergency/Page_Store/input_txtqty'

2018-05-17 11:57:13 - [TEST_STEP][PASSED] - click: Object: 'Object Repository/Emergency/Page_Store/button_Add' is clicked on

2018-05-17 11:57:13 - [MESSAGE][PASSED] - Object: 'Object Repository/Emergency/Page_Store/button_Add' is clicked on

2018-05-17 11:57:13 - [TEST_STEP][PASSED] - Statement - Break: null

2018-05-17 11:57:13 - [TEST_STEP][PASSED] - selectOptionByIndex: All options with index in [28] are selected on object 'Object Repository/Emergency/Page_Store/select_--Select--Amikacin -500'

2018-05-17 11:57:14 - [MESSAGE][PASSED] - All options with index in [28] are selected on object 'Object Repository/Emergency/Page_Store/select_--Select--Amikacin -500'

2018-05-17 11:57:14 - [TEST_STEP][PASSED] - delay: Delayed 2 second(s)

2018-05-17 11:57:16 - [MESSAGE][PASSED] - Delayed 2 second(s)

2018-05-17 11:57:16 - [TEST_STEP][PASSED] - Statement - RequestedQty = com.kms.katalon.core.webui.keyword.WebUiBuiltInKeywords.getAttribute(com.kms.katalon.core.testobject.ObjectRepository.findTestObject(Emergency/Page_Store/input_txttotal), "value"): Attribute 'value' of object 'Object Repository/Emergency/Page_Store/input_txttotal' is: '10'

2018-05-17 11:57:16 - [MESSAGE][PASSED] - Attribute 'value' of object 'Object Repository/Emergency/Page_Store/input_txttotal' is: '10'

2018-05-17 11:57:16 - [TEST_STEP][PASSED] - Statement - out.println("Requested QTY : " + RequestedQty): null

2018-05-17 11:57:16 - [TEST_STEP][PASSED] - Statement - BatchNumber = com.kms.katalon.core.webui.keyword.WebUiBuiltInKeywords.getNumberOfTotalOption(com.kms.katalon.core.testobject.ObjectRepository.findTestObject(Emergency/Page_Store/select_--Select--BA1150BA4110)): 3 options of object 'Object Repository/Emergency/Page_Store/select_--Select--BA1150BA4110' counted

2018-05-17 11:57:16 - [MESSAGE][PASSED] - 3 options of object 'Object Repository/Emergency/Page_Store/select_--Select--BA1150BA4110' counted

2018-05-17 11:57:16 - [TEST_STEP][PASSED] - Statement - For ([g = 1, g <= BatchNumber - 1, (g++)]): null

2018-05-17 11:57:16 - [TEST_STEP][PASSED] - selectOptionByIndex: All options with index in [1] are selected on object 'Object Repository/Emergency/Page_Store/select_--Select--BA1150BA4110'

2018-05-17 11:57:16 - [MESSAGE][PASSED] - All options with index in [1] are selected on object 'Object Repository/Emergency/Page_Store/select_--Select--BA1150BA4110'

2018-05-17 11:57:16 - [TEST_STEP][PASSED] - delay: Delayed 2 second(s)

2018-05-17 11:57:18 - [MESSAGE][PASSED] - Delayed 2 second(s)

2018-05-17 11:57:18 - [TEST_STEP][PASSED] - Statement - Try: null

2018-05-17 11:57:18 - [TEST_STEP][PASSED] - Statement - StockQty = com.kms.katalon.core.webui.keyword.WebUiBuiltInKeywords.getAttribute(com.kms.katalon.core.testobject.ObjectRepository.findTestObject(Emergency/Page_Store/input_txtprice), "value"): Attribute 'value' of object 'Object Repository/Emergency/Page_Store/input_txtprice' is: '960'

2018-05-17 11:57:18 - [MESSAGE][PASSED] - Attribute 'value' of object 'Object Repository/Emergency/Page_Store/input_txtprice' is: '960'

2018-05-17 11:57:18 - [TEST_STEP][PASSED] - Statement - out.println("Stock QTY : " + StockQty): null

2018-05-17 11:57:18 - [TEST_STEP][PASSED] - delay: Delayed 2 second(s)

2018-05-17 11:57:20 - [MESSAGE][PASSED] - Delayed 2 second(s)

2018-05-17 11:57:20 - [TEST_STEP][PASSED] - Statement - If (java.lang.Integer.valueOf(StockQty) >= java.lang.Integer.valueOf(RequestedQty)): null

2018-05-17 11:57:20 - [TEST_STEP][PASSED] - delay: Delayed 1 second(s)

2018-05-17 11:57:21 - [MESSAGE][PASSED] - Delayed 1 second(s)

2018-05-17 11:57:21 - [TEST_STEP][PASSED] - setText: Text '10' is set on object 'Object Repository/Emergency/Page_Store/input_txtqty'

2018-05-17 11:57:21 - [MESSAGE][PASSED] - Text '10' is set on object 'Object Repository/Emergency/Page_Store/input_txtqty'

2018-05-17 11:57:21 - [TEST_STEP][PASSED] - click: Object: 'Object Repository/Emergency/Page_Store/button_Add' is clicked on

2018-05-17 11:57:21 - [MESSAGE][PASSED] - Object: 'Object Repository/Emergency/Page_Store/button_Add' is clicked on

2018-05-17 11:57:21 - [TEST_STEP][PASSED] - Statement - Break: null

2018-05-17 11:57:21 - [TEST_STEP][PASSED] - selectOptionByIndex: All options with index in [29] are selected on object 'Object Repository/Emergency/Page_Store/select_--Select--Amikacin -500'

2018-05-17 11:57:21 - [MESSAGE][PASSED] - All options with index in [29] are selected on object 'Object Repository/Emergency/Page_Store/select_--Select--Amikacin -500'

2018-05-17 11:57:21 - [TEST_STEP][PASSED] - delay: Delayed 2 second(s)

2018-05-17 11:57:23 - [MESSAGE][PASSED] - Delayed 2 second(s)

2018-05-17 11:57:23 - [TEST_STEP][PASSED] - Statement - RequestedQty = com.kms.katalon.core.webui.keyword.WebUiBuiltInKeywords.getAttribute(com.kms.katalon.core.testobject.ObjectRepository.findTestObject(Emergency/Page_Store/input_txttotal), "value"): Attribute 'value' of object 'Object Repository/Emergency/Page_Store/input_txttotal' is: '10'

2018-05-17 11:57:23 - [MESSAGE][PASSED] - Attribute 'value' of object 'Object Repository/Emergency/Page_Store/input_txttotal' is: '10'

2018-05-17 11:57:23 - [TEST_STEP][PASSED] - Statement - out.println("Requested QTY : " + RequestedQty): null

2018-05-17 11:57:23 - [TEST_STEP][PASSED] - Statement - BatchNumber = com.kms.katalon.core.webui.keyword.WebUiBuiltInKeywords.getNumberOfTotalOption(com.kms.katalon.core.testobject.ObjectRepository.findTestObject(Emergency/Page_Store/select_--Select--BA1150BA4110)): 2 options of object 'Object Repository/Emergency/Page_Store/select_--Select--BA1150BA4110' counted

2018-05-17 11:57:24 - [MESSAGE][PASSED] - 2 options of object 'Object Repository/Emergency/Page_Store/select_--Select--BA1150BA4110' counted

2018-05-17 11:57:24 - [TEST_STEP][PASSED] - Statement - For ([g = 1, g <= BatchNumber - 1, (g++)]): null

2018-05-17 11:57:24 - [TEST_STEP][PASSED] - selectOptionByIndex: All options with index in [1] are selected on object 'Object Repository/Emergency/Page_Store/select_--Select--BA1150BA4110'

2018-05-17 11:57:24 - [MESSAGE][PASSED] - All options with index in [1] are selected on object 'Object Repository/Emergency/Page_Store/select_--Select--BA1150BA4110'

2018-05-17 11:57:24 - [TEST_STEP][PASSED] - delay: Delayed 2 second(s)

2018-05-17 11:57:26 - [MESSAGE][PASSED] - Delayed 2 second(s)

2018-05-17 11:57:26 - [TEST_STEP][PASSED] - Statement - Try: null

2018-05-17 11:57:26 - [TEST_STEP][PASSED] - Statement - StockQty = com.kms.katalon.core.webui.keyword.WebUiBuiltInKeywords.getAttribute(com.kms.katalon.core.testobject.ObjectRepository.findTestObject(Emergency/Page_Store/input_txtprice), "value"): Attribute 'value' of object 'Object Repository/Emergency/Page_Store/input_txtprice' is: '1060'

2018-05-17 11:57:26 - [MESSAGE][PASSED] - Attribute 'value' of object 'Object Repository/Emergency/Page_Store/input_txtprice' is: '1060'

2018-05-17 11:57:26 - [TEST_STEP][PASSED] - Statement - out.println("Stock QTY : " + StockQty): null

2018-05-17 11:57:26 - [TEST_STEP][PASSED] - delay: Delayed 2 second(s)

2018-05-17 11:57:28 - [MESSAGE][PASSED] - Delayed 2 second(s)

2018-05-17 11:57:28 - [TEST_STEP][PASSED] - Statement - If (java.lang.Integer.valueOf(StockQty) >= java.lang.Integer.valueOf(RequestedQty)): null

2018-05-17 11:57:28 - [TEST_STEP][PASSED] - delay: Delayed 1 second(s)

2018-05-17 11:57:29 - [MESSAGE][PASSED] - Delayed 1 second(s)

2018-05-17 11:57:29 - [TEST_STEP][PASSED] - setText: Text '10' is set on object 'Object Repository/Emergency/Page_Store/input_txtqty'

2018-05-17 11:57:29 - [MESSAGE][PASSED] - Text '10' is set on object 'Object Repository/Emergency/Page_Store/input_txtqty'

2018-05-17 11:57:29 - [TEST_STEP][PASSED] - click: Object: 'Object Repository/Emergency/Page_Store/button_Add' is clicked on

2018-05-17 11:57:29 - [MESSAGE][PASSED] - Object: 'Object Repository/Emergency/Page_Store/button_Add' is clicked on

2018-05-17 11:57:29 - [TEST_STEP][PASSED] - Statement - Break: null

2018-05-17 11:57:29 - [TEST_STEP][PASSED] - selectOptionByIndex: All options with index in [30] are selected on object 'Object Repository/Emergency/Page_Store/select_--Select--Amikacin -500'

2018-05-17 11:57:29 - [MESSAGE][PASSED] - All options with index in [30] are selected on object 'Object Repository/Emergency/Page_Store/select_--Select--Amikacin -500'

2018-05-17 11:57:29 - [TEST_STEP][PASSED] - delay: Delayed 2 second(s)

2018-05-17 11:57:31 - [MESSAGE][PASSED] - Delayed 2 second(s)

2018-05-17 11:57:31 - [TEST_STEP][PASSED] - Statement - RequestedQty = com.kms.katalon.core.webui.keyword.WebUiBuiltInKeywords.getAttribute(com.kms.katalon.core.testobject.ObjectRepository.findTestObject(Emergency/Page_Store/input_txttotal), "value"): Attribute 'value' of object 'Object Repository/Emergency/Page_Store/input_txttotal' is: '10'

2018-05-17 11:57:31 - [MESSAGE][PASSED] - Attribute 'value' of object 'Object Repository/Emergency/Page_Store/input_txttotal' is: '10'

2018-05-17 11:57:31 - [TEST_STEP][PASSED] - Statement - out.println("Requested QTY : " + RequestedQty): null

2018-05-17 11:57:31 - [TEST_STEP][PASSED] - Statement - BatchNumber = com.kms.katalon.core.webui.keyword.WebUiBuiltInKeywords.getNumberOfTotalOption(com.kms.katalon.core.testobject.ObjectRepository.findTestObject(Emergency/Page_Store/select_--Select--BA1150BA4110)): 3 options of object 'Object Repository/Emergency/Page_Store/select_--Select--BA1150BA4110' counted

2018-05-17 11:57:31 - [MESSAGE][PASSED] - 3 options of object 'Object Repository/Emergency/Page_Store/select_--Select--BA1150BA4110' counted

2018-05-17 11:57:31 - [TEST_STEP][PASSED] - Statement - For ([g = 1, g <= BatchNumber - 1, (g++)]): null

2018-05-17 11:57:31 - [TEST_STEP][PASSED] - selectOptionByIndex: All options with index in [1] are selected on object 'Object Repository/Emergency/Page_Store/select_--Select--BA1150BA4110'

2018-05-17 11:57:31 - [MESSAGE][PASSED] - All options with index in [1] are selected on object 'Object Repository/Emergency/Page_Store/select_--Select--BA1150BA4110'

2018-05-17 11:57:31 - [TEST_STEP][PASSED] - delay: Delayed 2 second(s)

2018-05-17 11:57:33 - [MESSAGE][PASSED] - Delayed 2 second(s)

2018-05-17 11:57:33 - [TEST_STEP][PASSED] - Statement - Try: null

2018-05-17 11:57:33 - [TEST_STEP][PASSED] - Statement - StockQty = com.kms.katalon.core.webui.keyword.WebUiBuiltInKeywords.getAttribute(com.kms.katalon.core.testobject.ObjectRepository.findTestObject(Emergency/Page_Store/input_txtprice), "value"): Attribute 'value' of object 'Object Repository/Emergency/Page_Store/input_txtprice' is: '960'

2018-05-17 11:57:33 - [MESSAGE][PASSED] - Attribute 'value' of object 'Object Repository/Emergency/Page_Store/input_txtprice' is: '960'

2018-05-17 11:57:33 - [TEST_STEP][PASSED] - Statement - out.println("Stock QTY : " + StockQty): null

2018-05-17 11:57:33 - [TEST_STEP][PASSED] - delay: Delayed 2 second(s)

2018-05-17 11:57:35 - [MESSAGE][PASSED] - Delayed 2 second(s)

2018-05-17 11:57:35 - [TEST_STEP][PASSED] - Statement - If (java.lang.Integer.valueOf(StockQty) >= java.lang.Integer.valueOf(RequestedQty)): null

2018-05-17 11:57:35 - [TEST_STEP][PASSED] - delay: Delayed 1 second(s)

2018-05-17 11:57:36 - [MESSAGE][PASSED] - Delayed 1 second(s)

2018-05-17 11:57:36 - [TEST_STEP][PASSED] - setText: Text '10' is set on object 'Object Repository/Emergency/Page_Store/input_txtqty'

2018-05-17 11:57:37 - [MESSAGE][PASSED] - Text '10' is set on object 'Object Repository/Emergency/Page_Store/input_txtqty'

2018-05-17 11:57:37 - [TEST_STEP][PASSED] - click: Object: 'Object Repository/Emergency/Page_Store/button_Add' is clicked on

2018-05-17 11:57:37 - [MESSAGE][PASSED] - Object: 'Object Repository/Emergency/Page_Store/button_Add' is clicked on

2018-05-17 11:57:37 - [TEST_STEP][PASSED] - Statement - Break: null

2018-05-17 11:57:37 - [TEST_STEP][PASSED] - selectOptionByIndex: All options with index in [31] are selected on object 'Object Repository/Emergency/Page_Store/select_--Select--Amikacin -500'

2018-05-17 11:57:37 - [MESSAGE][PASSED] - All options with index in [31] are selected on object 'Object Repository/Emergency/Page_Store/select_--Select--Amikacin -500'

2018-05-17 11:57:37 - [TEST_STEP][PASSED] - delay: Delayed 2 second(s)

2018-05-17 11:57:39 - [MESSAGE][PASSED] - Delayed 2 second(s)

2018-05-17 11:57:39 - [TEST_STEP][PASSED] - Statement - RequestedQty = com.kms.katalon.core.webui.keyword.WebUiBuiltInKeywords.getAttribute(com.kms.katalon.core.testobject.ObjectRepository.findTestObject(Emergency/Page_Store/input_txttotal), "value"): Attribute 'value' of object 'Object Repository/Emergency/Page_Store/input_txttotal' is: '10'

2018-05-17 11:57:39 - [MESSAGE][PASSED] - Attribute 'value' of object 'Object Repository/Emergency/Page_Store/input_txttotal' is: '10'

2018-05-17 11:57:39 - [TEST_STEP][PASSED] - Statement - out.println("Requested QTY : " + RequestedQty): null

2018-05-17 11:57:39 - [TEST_STEP][PASSED] - Statement - BatchNumber = com.kms.katalon.core.webui.keyword.WebUiBuiltInKeywords.getNumberOfTotalOption(com.kms.katalon.core.testobject.ObjectRepository.findTestObject(Emergency/Page_Store/select_--Select--BA1150BA4110)): 3 options of object 'Object Repository/Emergency/Page_Store/select_--Select--BA1150BA4110' counted

2018-05-17 11:57:39 - [MESSAGE][PASSED] - 3 options of object 'Object Repository/Emergency/Page_Store/select_--Select--BA1150BA4110' counted

2018-05-17 11:57:39 - [TEST_STEP][PASSED] - Statement - For ([g = 1, g <= BatchNumber - 1, (g++)]): null

2018-05-17 11:57:39 - [TEST_STEP][PASSED] - selectOptionByIndex: All options with index in [1] are selected on object 'Object Repository/Emergency/Page_Store/select_--Select--BA1150BA4110'

2018-05-17 11:57:39 - [MESSAGE][PASSED] - All options with index in [1] are selected on object 'Object Repository/Emergency/Page_Store/select_--Select--BA1150BA4110'

2018-05-17 11:57:39 - [TEST_STEP][PASSED] - delay: Delayed 2 second(s)

2018-05-17 11:57:41 - [MESSAGE][PASSED] - Delayed 2 second(s)

2018-05-17 11:57:41 - [TEST_STEP][PASSED] - Statement - Try: null

2018-05-17 11:57:41 - [TEST_STEP][PASSED] - Statement - StockQty = com.kms.katalon.core.webui.keyword.WebUiBuiltInKeywords.getAttribute(com.kms.katalon.core.testobject.ObjectRepository.findTestObject(Emergency/Page_Store/input_txtprice), "value"): Attribute 'value' of object 'Object Repository/Emergency/Page_Store/input_txtprice' is: '960'

2018-05-17 11:57:41 - [MESSAGE][PASSED] - Attribute 'value' of object 'Object Repository/Emergency/Page_Store/input_txtprice' is: '960'

2018-05-17 11:57:41 - [TEST_STEP][PASSED] - Statement - out.println("Stock QTY : " + StockQty): null

2018-05-17 11:57:41 - [TEST_STEP][PASSED] - delay: Delayed 2 second(s)

2018-05-17 11:57:43 - [MESSAGE][PASSED] - Delayed 2 second(s)

2018-05-17 11:57:43 - [TEST_STEP][PASSED] - Statement - If (java.lang.Integer.valueOf(StockQty) >= java.lang.Integer.valueOf(RequestedQty)): null

2018-05-17 11:57:43 - [TEST_STEP][PASSED] - delay: Delayed 1 second(s)

2018-05-17 11:57:44 - [MESSAGE][PASSED] - Delayed 1 second(s)

2018-05-17 11:57:44 - [TEST_STEP][PASSED] - setText: Text '10' is set on object 'Object Repository/Emergency/Page_Store/input_txtqty'

2018-05-17 11:57:44 - [MESSAGE][PASSED] - Text '10' is set on object 'Object Repository/Emergency/Page_Store/input_txtqty'

2018-05-17 11:57:44 - [TEST_STEP][PASSED] - click: Object: 'Object Repository/Emergency/Page_Store/button_Add' is clicked on

2018-05-17 11:57:44 - [MESSAGE][PASSED] - Object: 'Object Repository/Emergency/Page_Store/button_Add' is clicked on

2018-05-17 11:57:44 - [TEST_STEP][PASSED] - Statement - Break: null

2018-05-17 11:57:44 - [TEST_STEP][PASSED] - selectOptionByIndex: All options with index in [32] are selected on object 'Object Repository/Emergency/Page_Store/select_--Select--Amikacin -500'

2018-05-17 11:57:45 - [MESSAGE][PASSED] - All options with index in [32] are selected on object 'Object Repository/Emergency/Page_Store/select_--Select--Amikacin -500'

2018-05-17 11:57:45 - [TEST_STEP][PASSED] - delay: Delayed 2 second(s)

2018-05-17 11:57:47 - [MESSAGE][PASSED] - Delayed 2 second(s)

2018-05-17 11:57:47 - [TEST_STEP][PASSED] - Statement - RequestedQty = com.kms.katalon.core.webui.keyword.WebUiBuiltInKeywords.getAttribute(com.kms.katalon.core.testobject.ObjectRepository.findTestObject(Emergency/Page_Store/input_txttotal), "value"): Attribute 'value' of object 'Object Repository/Emergency/Page_Store/input_txttotal' is: '10'

2018-05-17 11:57:47 - [MESSAGE][PASSED] - Attribute 'value' of object 'Object Repository/Emergency/Page_Store/input_txttotal' is: '10'

2018-05-17 11:57:47 - [TEST_STEP][PASSED] - Statement - out.println("Requested QTY : " + RequestedQty): null

2018-05-17 11:57:47 - [TEST_STEP][PASSED] - Statement - BatchNumber = com.kms.katalon.core.webui.keyword.WebUiBuiltInKeywords.getNumberOfTotalOption(com.kms.katalon.core.testobject.ObjectRepository.findTestObject(Emergency/Page_Store/select_--Select--BA1150BA4110)): 2 options of object 'Object Repository/Emergency/Page_Store/select_--Select--BA1150BA4110' counted

2018-05-17 11:57:47 - [MESSAGE][PASSED] - 2 options of object 'Object Repository/Emergency/Page_Store/select_--Select--BA1150BA4110' counted

2018-05-17 11:57:47 - [TEST_STEP][PASSED] - Statement - For ([g = 1, g <= BatchNumber - 1, (g++)]): null

2018-05-17 11:57:47 - [TEST_STEP][PASSED] - selectOptionByIndex: All options with index in [1] are selected on object 'Object Repository/Emergency/Page_Store/select_--Select--BA1150BA4110'

2018-05-17 11:57:47 - [MESSAGE][PASSED] - All options with index in [1] are selected on object 'Object Repository/Emergency/Page_Store/select_--Select--BA1150BA4110'

2018-05-17 11:57:47 - [TEST_STEP][PASSED] - delay: Delayed 2 second(s)

2018-05-17 11:57:49 - [MESSAGE][PASSED] - Delayed 2 second(s)

2018-05-17 11:57:49 - [TEST_STEP][PASSED] - Statement - Try: null

2018-05-17 11:57:49 - [TEST_STEP][PASSED] - Statement - StockQty = com.kms.katalon.core.webui.keyword.WebUiBuiltInKeywords.getAttribute(com.kms.katalon.core.testobject.ObjectRepository.findTestObject(Emergency/Page_Store/input_txtprice), "value"): Attribute 'value' of object 'Object Repository/Emergency/Page_Store/input_txtprice' is: '1060'

2018-05-17 11:57:49 - [MESSAGE][PASSED] - Attribute 'value' of object 'Object Repository/Emergency/Page_Store/input_txtprice' is: '1060'

2018-05-17 11:57:49 - [TEST_STEP][PASSED] - Statement - out.println("Stock QTY : " + StockQty): null

2018-05-17 11:57:49 - [TEST_STEP][PASSED] - delay: Delayed 2 second(s)

2018-05-17 11:57:51 - [MESSAGE][PASSED] - Delayed 2 second(s)

2018-05-17 11:57:51 - [TEST_STEP][PASSED] - Statement - If (java.lang.Integer.valueOf(StockQty) >= java.lang.Integer.valueOf(RequestedQty)): null

2018-05-17 11:57:51 - [TEST_STEP][PASSED] - delay: Delayed 1 second(s)

2018-05-17 11:57:52 - [MESSAGE][PASSED] - Delayed 1 second(s)

2018-05-17 11:57:52 - [TEST_STEP][PASSED] - setText: Text '10' is set on object 'Object Repository/Emergency/Page_Store/input_txtqty'

2018-05-17 11:57:52 - [MESSAGE][PASSED] - Text '10' is set on object 'Object Repository/Emergency/Page_Store/input_txtqty'

2018-05-17 11:57:52 - [TEST_STEP][PASSED] - click: Object: 'Object Repository/Emergency/Page_Store/button_Add' is clicked on

2018-05-17 11:57:52 - [MESSAGE][PASSED] - Object: 'Object Repository/Emergency/Page_Store/button_Add' is clicked on

2018-05-17 11:57:52 - [TEST_STEP][PASSED] - Statement - Break: null

2018-05-17 11:57:52 - [TEST_STEP][PASSED] - selectOptionByIndex: All options with index in [33] are selected on object 'Object Repository/Emergency/Page_Store/select_--Select--Amikacin -500'

2018-05-17 11:57:53 - [MESSAGE][PASSED] - All options with index in [33] are selected on object 'Object Repository/Emergency/Page_Store/select_--Select--Amikacin -500'

2018-05-17 11:57:53 - [TEST_STEP][PASSED] - delay: Delayed 2 second(s)

2018-05-17 11:57:55 - [MESSAGE][PASSED] - Delayed 2 second(s)

2018-05-17 11:57:55 - [TEST_STEP][PASSED] - Statement - RequestedQty = com.kms.katalon.core.webui.keyword.WebUiBuiltInKeywords.getAttribute(com.kms.katalon.core.testobject.ObjectRepository.findTestObject(Emergency/Page_Store/input_txttotal), "value"): Attribute 'value' of object 'Object Repository/Emergency/Page_Store/input_txttotal' is: '10'

2018-05-17 11:57:55 - [MESSAGE][PASSED] - Attribute 'value' of object 'Object Repository/Emergency/Page_Store/input_txttotal' is: '10'

2018-05-17 11:57:55 - [TEST_STEP][PASSED] - Statement - out.println("Requested QTY : " + RequestedQty): null

2018-05-17 11:57:55 - [TEST_STEP][PASSED] - Statement - BatchNumber = com.kms.katalon.core.webui.keyword.WebUiBuiltInKeywords.getNumberOfTotalOption(com.kms.katalon.core.testobject.ObjectRepository.findTestObject(Emergency/Page_Store/select_--Select--BA1150BA4110)): 3 options of object 'Object Repository/Emergency/Page_Store/select_--Select--BA1150BA4110' counted

2018-05-17 11:57:55 - [MESSAGE][PASSED] - 3 options of object 'Object Repository/Emergency/Page_Store/select_--Select--BA1150BA4110' counted

2018-05-17 11:57:55 - [TEST_STEP][PASSED] - Statement - For ([g = 1, g <= BatchNumber - 1, (g++)]): null

2018-05-17 11:57:55 - [TEST_STEP][PASSED] - selectOptionByIndex: All options with index in [1] are selected on object 'Object Repository/Emergency/Page_Store/select_--Select--BA1150BA4110'

2018-05-17 11:57:55 - [MESSAGE][PASSED] - All options with index in [1] are selected on object 'Object Repository/Emergency/Page_Store/select_--Select--BA1150BA4110'

2018-05-17 11:57:55 - [TEST_STEP][PASSED] - delay: Delayed 2 second(s)

2018-05-17 11:57:57 - [MESSAGE][PASSED] - Delayed 2 second(s)

2018-05-17 11:57:57 - [TEST_STEP][PASSED] - Statement - Try: null

2018-05-17 11:57:57 - [TEST_STEP][PASSED] - Statement - StockQty = com.kms.katalon.core.webui.keyword.WebUiBuiltInKeywords.getAttribute(com.kms.katalon.core.testobject.ObjectRepository.findTestObject(Emergency/Page_Store/input_txtprice), "value"): Attribute 'value' of object 'Object Repository/Emergency/Page_Store/input_txtprice' is: '960'

2018-05-17 11:57:57 - [MESSAGE][PASSED] - Attribute 'value' of object 'Object Repository/Emergency/Page_Store/input_txtprice' is: '960'

2018-05-17 11:57:57 - [TEST_STEP][PASSED] - Statement - out.println("Stock QTY : " + StockQty): null

2018-05-17 11:57:57 - [TEST_STEP][PASSED] - delay: Delayed 2 second(s)

2018-05-17 11:57:59 - [MESSAGE][PASSED] - Delayed 2 second(s)

2018-05-17 11:57:59 - [TEST_STEP][PASSED] - Statement - If (java.lang.Integer.valueOf(StockQty) >= java.lang.Integer.valueOf(RequestedQty)): null

2018-05-17 11:57:59 - [TEST_STEP][PASSED] - delay: Delayed 1 second(s)

2018-05-17 11:58:00 - [MESSAGE][PASSED] - Delayed 1 second(s)

2018-05-17 11:58:00 - [TEST_STEP][PASSED] - setText: Text '10' is set on object 'Object Repository/Emergency/Page_Store/input_txtqty'

2018-05-17 11:58:00 - [MESSAGE][PASSED] - Text '10' is set on object 'Object Repository/Emergency/Page_Store/input_txtqty'

2018-05-17 11:58:00 - [TEST_STEP][PASSED] - click: Object: 'Object Repository/Emergency/Page_Store/button_Add' is clicked on

2018-05-17 11:58:00 - [MESSAGE][PASSED] - Object: 'Object Repository/Emergency/Page_Store/button_Add' is clicked on

2018-05-17 11:58:00 - [TEST_STEP][PASSED] - Statement - Break: null

2018-05-17 11:58:00 - [TEST_STEP][PASSED] - selectOptionByIndex: All options with index in [34] are selected on object 'Object Repository/Emergency/Page_Store/select_--Select--Amikacin -500'

2018-05-17 11:58:01 - [MESSAGE][PASSED] - All options with index in [34] are selected on object 'Object Repository/Emergency/Page_Store/select_--Select--Amikacin -500'

2018-05-17 11:58:01 - [TEST_STEP][PASSED] - delay: Delayed 2 second(s)

2018-05-17 11:58:03 - [MESSAGE][PASSED] - Delayed 2 second(s)

2018-05-17 11:58:03 - [TEST_STEP][PASSED] - Statement - RequestedQty = com.kms.katalon.core.webui.keyword.WebUiBuiltInKeywords.getAttribute(com.kms.katalon.core.testobject.ObjectRepository.findTestObject(Emergency/Page_Store/input_txttotal), "value"): Attribute 'value' of object 'Object Repository/Emergency/Page_Store/input_txttotal' is: '10'

2018-05-17 11:58:03 - [MESSAGE][PASSED] - Attribute 'value' of object 'Object Repository/Emergency/Page_Store/input_txttotal' is: '10'

2018-05-17 11:58:03 - [TEST_STEP][PASSED] - Statement - out.println("Requested QTY : " + RequestedQty): null

2018-05-17 11:58:03 - [TEST_STEP][PASSED] - Statement - BatchNumber = com.kms.katalon.core.webui.keyword.WebUiBuiltInKeywords.getNumberOfTotalOption(com.kms.katalon.core.testobject.ObjectRepository.findTestObject(Emergency/Page_Store/select_--Select--BA1150BA4110)): 2 options of object 'Object Repository/Emergency/Page_Store/select_--Select--BA1150BA4110' counted

2018-05-17 11:58:03 - [MESSAGE][PASSED] - 2 options of object 'Object Repository/Emergency/Page_Store/select_--Select--BA1150BA4110' counted

2018-05-17 11:58:03 - [TEST_STEP][PASSED] - Statement - For ([g = 1, g <= BatchNumber - 1, (g++)]): null

2018-05-17 11:58:03 - [TEST_STEP][PASSED] - selectOptionByIndex: All options with index in [1] are selected on object 'Object Repository/Emergency/Page_Store/select_--Select--BA1150BA4110'

2018-05-17 11:58:03 - [MESSAGE][PASSED] - All options with index in [1] are selected on object 'Object Repository/Emergency/Page_Store/select_--Select--BA1150BA4110'

2018-05-17 11:58:03 - [TEST_STEP][PASSED] - delay: Delayed 2 second(s)

2018-05-17 11:58:05 - [MESSAGE][PASSED] - Delayed 2 second(s)

2018-05-17 11:58:05 - [TEST_STEP][PASSED] - Statement - Try: null

2018-05-17 11:58:05 - [TEST_STEP][PASSED] - Statement - StockQty = com.kms.katalon.core.webui.keyword.WebUiBuiltInKeywords.getAttribute(com.kms.katalon.core.testobject.ObjectRepository.findTestObject(Emergency/Page_Store/input_txtprice), "value"): Attribute 'value' of object 'Object Repository/Emergency/Page_Store/input_txtprice' is: '1060'

2018-05-17 11:58:05 - [MESSAGE][PASSED] - Attribute 'value' of object 'Object Repository/Emergency/Page_Store/input_txtprice' is: '1060'

2018-05-17 11:58:05 - [TEST_STEP][PASSED] - Statement - out.println("Stock QTY : " + StockQty): null

2018-05-17 11:58:05 - [TEST_STEP][PASSED] - delay: Delayed 2 second(s)

2018-05-17 11:58:07 - [MESSAGE][PASSED] - Delayed 2 second(s)

2018-05-17 11:58:07 - [TEST_STEP][PASSED] - Statement - If (java.lang.Integer.valueOf(StockQty) >= java.lang.Integer.valueOf(RequestedQty)): null

2018-05-17 11:58:07 - [TEST_STEP][PASSED] - delay: Delayed 1 second(s)

2018-05-17 11:58:08 - [MESSAGE][PASSED] - Delayed 1 second(s)

2018-05-17 11:58:08 - [TEST_STEP][PASSED] - setText: Text '10' is set on object 'Object Repository/Emergency/Page_Store/input_txtqty'

2018-05-17 11:58:08 - [MESSAGE][PASSED] - Text '10' is set on object 'Object Repository/Emergency/Page_Store/input_txtqty'

2018-05-17 11:58:08 - [TEST_STEP][PASSED] - click: Object: 'Object Repository/Emergency/Page_Store/button_Add' is clicked on

2018-05-17 11:58:08 - [MESSAGE][PASSED] - Object: 'Object Repository/Emergency/Page_Store/button_Add' is clicked on

2018-05-17 11:58:08 - [TEST_STEP][PASSED] - Statement - Break: null

2018-05-17 11:58:08 - [TEST_STEP][PASSED] - selectOptionByIndex: All options with index in [35] are selected on object 'Object Repository/Emergency/Page_Store/select_--Select--Amikacin -500'

2018-05-17 11:58:08 - [MESSAGE][PASSED] - All options with index in [35] are selected on object 'Object Repository/Emergency/Page_Store/select_--Select--Amikacin -500'

2018-05-17 11:58:08 - [TEST_STEP][PASSED] - delay: Delayed 2 second(s)

2018-05-17 11:58:10 - [MESSAGE][PASSED] - Delayed 2 second(s)

2018-05-17 11:58:10 - [TEST_STEP][PASSED] - Statement - RequestedQty = com.kms.katalon.core.webui.keyword.WebUiBuiltInKeywords.getAttribute(com.kms.katalon.core.testobject.ObjectRepository.findTestObject(Emergency/Page_Store/input_txttotal), "value"): Attribute 'value' of object 'Object Repository/Emergency/Page_Store/input_txttotal' is: '10'

2018-05-17 11:58:10 - [MESSAGE][PASSED] - Attribute 'value' of object 'Object Repository/Emergency/Page_Store/input_txttotal' is: '10'

2018-05-17 11:58:10 - [TEST_STEP][PASSED] - Statement - out.println("Requested QTY : " + RequestedQty): null

2018-05-17 11:58:10 - [TEST_STEP][PASSED] - Statement - BatchNumber = com.kms.katalon.core.webui.keyword.WebUiBuiltInKeywords.getNumberOfTotalOption(com.kms.katalon.core.testobject.ObjectRepository.findTestObject(Emergency/Page_Store/select_--Select--BA1150BA4110)): 3 options of object 'Object Repository/Emergency/Page_Store/select_--Select--BA1150BA4110' counted

2018-05-17 11:58:11 - [MESSAGE][PASSED] - 3 options of object 'Object Repository/Emergency/Page_Store/select_--Select--BA1150BA4110' counted

2018-05-17 11:58:11 - [TEST_STEP][PASSED] - Statement - For ([g = 1, g <= BatchNumber - 1, (g++)]): null

2018-05-17 11:58:11 - [TEST_STEP][PASSED] - selectOptionByIndex: All options with index in [1] are selected on object 'Object Repository/Emergency/Page_Store/select_--Select--BA1150BA4110'

2018-05-17 11:58:11 - [MESSAGE][PASSED] - All options with index in [1] are selected on object 'Object Repository/Emergency/Page_Store/select_--Select--BA1150BA4110'

2018-05-17 11:58:11 - [TEST_STEP][PASSED] - delay: Delayed 2 second(s)

2018-05-17 11:58:13 - [MESSAGE][PASSED] - Delayed 2 second(s)

2018-05-17 11:58:13 - [TEST_STEP][PASSED] - Statement - Try: null

2018-05-17 11:58:13 - [TEST_STEP][PASSED] - Statement - StockQty = com.kms.katalon.core.webui.keyword.WebUiBuiltInKeywords.getAttribute(com.kms.katalon.core.testobject.ObjectRepository.findTestObject(Emergency/Page_Store/input_txtprice), "value"): Attribute 'value' of object 'Object Repository/Emergency/Page_Store/input_txtprice' is: '970'

2018-05-17 11:58:13 - [MESSAGE][PASSED] - Attribute 'value' of object 'Object Repository/Emergency/Page_Store/input_txtprice' is: '970'

2018-05-17 11:58:13 - [TEST_STEP][PASSED] - Statement - out.println("Stock QTY : " + StockQty): null

2018-05-17 11:58:13 - [TEST_STEP][PASSED] - delay: Delayed 2 second(s)

2018-05-17 11:58:15 - [MESSAGE][PASSED] - Delayed 2 second(s)

2018-05-17 11:58:15 - [TEST_STEP][PASSED] - Statement - If (java.lang.Integer.valueOf(StockQty) >= java.lang.Integer.valueOf(RequestedQty)): null

2018-05-17 11:58:15 - [TEST_STEP][PASSED] - delay: Delayed 1 second(s)

2018-05-17 11:58:16 - [MESSAGE][PASSED] - Delayed 1 second(s)

2018-05-17 11:58:16 - [TEST_STEP][PASSED] - setText: Text '10' is set on object 'Object Repository/Emergency/Page_Store/input_txtqty'

2018-05-17 11:58:16 - [MESSAGE][PASSED] - Text '10' is set on object 'Object Repository/Emergency/Page_Store/input_txtqty'

2018-05-17 11:58:16 - [TEST_STEP][PASSED] - click: Object: 'Object Repository/Emergency/Page_Store/button_Add' is clicked on

2018-05-17 11:58:16 - [MESSAGE][PASSED] - Object: 'Object Repository/Emergency/Page_Store/button_Add' is clicked on

2018-05-17 11:58:16 - [TEST_STEP][PASSED] - Statement - Break: null

2018-05-17 11:58:16 - [TEST_STEP][PASSED] - scrollToElement: Scroll to object 'Object Repository/Emergency/Page_Store/input_btnSubmit' successfully

2018-05-17 11:58:16 - [MESSAGE][PASSED] - Scroll to object 'Object Repository/Emergency/Page_Store/input_btnSubmit' successfully

2018-05-17 11:58:16 - [TEST_STEP][PASSED] - Statement - Try: Object: 'Object Repository/lab/Page_Store/button_OK' is clicked on

2018-05-17 11:58:16 - [TEST_STEP][PASSED] - click: Object: 'Object Repository/Emergency/Page_Store/input_btnSubmit' is clicked on

2018-05-17 11:58:16 - [MESSAGE][PASSED] - Object: 'Object Repository/Emergency/Page_Store/input_btnSubmit' is clicked on

2018-05-17 11:58:16 - [TEST_STEP][PASSED] - delay: Delayed 3 second(s)

2018-05-17 11:58:19 - [MESSAGE][PASSED] - Delayed 3 second(s)

2018-05-17 11:58:19 - [TEST_STEP][PASSED] - click: Object: 'Object Repository/lab/Page_Store/button_OK' is clicked on

2018-05-17 11:58:20 - [MESSAGE][PASSED] - Object: 'Object Repository/lab/Page_Store/button_OK' is clicked on

2018-05-17 11:58:20 - [TEST_STEP][PASSED] - delay: Delayed 3 second(s)

2018-05-17 11:58:23 - [MESSAGE][PASSED] - Delayed 3 second(s)

2018-05-17 11:58:23 - [TEST_STEP][PASSED] - click: Object: 'Object Repository/Emergency/Page_Store/a_dropdown-toggle' is clicked on

2018-05-17 11:58:23 - [MESSAGE][PASSED] - Object: 'Object Repository/Emergency/Page_Store/a_dropdown-toggle' is clicked on

2018-05-17 11:58:23 - [TEST_STEP][PASSED] - click: Object: 'Object Repository/Emergency/Page_Store/a_Sign out' is clicked on

2018-05-17 11:58:24 - [MESSAGE][PASSED] - Object: 'Object Repository/Emergency/Page_Store/a_Sign out' is clicked on

2018-05-17 11:58:24 - [TEST_STEP][PASSED] - closeBrowser: Browser is closed

2018-05-17 11:58:24 - [MESSAGE][PASSED] - Browser is closed

2018-05-17 11:58:24 - [TEST_STEP][PASSED] - Statement - out.println("Schedule 3 Emergency Request Are Working Successfully"): null]]></system-out>
         <system-err><![CDATA[]]></system-err>
      </testcase>
      <testcase name="Test Cases/EMERGENCY TEST CASES/TC_ER_003 Verify Schedule 5 Emergency  Request Are Working Successfully Or Not" classname="Test Cases/EMERGENCY TEST CASES/TC_ER_003 Verify Schedule 5 Emergency  Request Are Working Successfully Or Not" status="FAILED">
         <failure type="FAILED" message="Unable to select option by index '3' of object 'Object Repository/Emergency/Page_KDMC - Emergency/select_--Select--Schedule 1Inj' (Root cause: org.openqa.selenium.NoSuchElementException: Cannot locate option with index: 3
For documentation on this error, please visit: http://seleniumhq.org/exceptions/no_such_element.html
Build info: version: '3.7.1', revision: '8a0099a', time: '2017-11-06T21:07:36.161Z'
System info: host: 'DESKTOP-BLFTK83', ip: '192.168.71.2', os.name: 'Windows 10', os.arch: 'amd64', os.version: '10.0', java.version: '1.8.0_102'
Driver info: driver.version: unknown)"/>
         <system-out><![CDATA[2018-05-17 11:58:24 - [TEST_CASE][FAILED] - Test Cases/EMERGENCY TEST CASES/TC_ER_003 Verify Schedule 5 Emergency  Request Are Working Successfully Or Not: Test Cases/EMERGENCY TEST CASES/TC_ER_003 Verify Schedule 5 Emergency  Request Are Working Successfully Or Not FAILED because (of) Unable to select option by index '3' of object 'Object Repository/Emergency/Page_KDMC - Emergency/select_--Select--Schedule 1Inj' (Root cause: org.openqa.selenium.NoSuchElementException: Cannot locate option with index: 3
For documentation on this error, please visit: http://seleniumhq.org/exceptions/no_such_element.html
Build info: version: '3.7.1', revision: '8a0099a', time: '2017-11-06T21:07:36.161Z'
System info: host: 'DESKTOP-BLFTK83', ip: '192.168.71.2', os.name: 'Windows 10', os.arch: 'amd64', os.version: '10.0', java.version: '1.8.0_102'
Driver info: driver.version: unknown)

2018-05-17 11:58:24 - [TEST_STEP][PASSED] - openBrowser: Browser is opened with url: ''

2018-05-17 11:58:26 - [MESSAGE][PASSED] - Browser is opened with url: ''

2018-05-17 11:58:26 - [TEST_STEP][PASSED] - Statement - out.println("Verify Schedule 5 Emergency  Request Are Working Successfully Or Not"): null

2018-05-17 11:58:26 - [TEST_STEP][PASSED] - navigateToUrl: Navigate to 'http://192.168.137.1/Multihospital_New/EmergencyLogin.aspx' successfully

2018-05-17 11:58:32 - [MESSAGE][PASSED] - Navigate to 'http://192.168.137.1/Multihospital_New/EmergencyLogin.aspx' successfully

2018-05-17 11:58:32 - [TEST_STEP][PASSED] - maximizeWindow: Current window maximized

2018-05-17 11:58:33 - [MESSAGE][PASSED] - Current window maximized

2018-05-17 11:58:33 - [TEST_STEP][PASSED] - setText: Text 'nivetha' is set on object 'Object Repository/Emergency/Page_Emergency login/input_txtusername'

2018-05-17 11:58:33 - [MESSAGE][PASSED] - Text 'nivetha' is set on object 'Object Repository/Emergency/Page_Emergency login/input_txtusername'

2018-05-17 11:58:33 - [TEST_STEP][PASSED] - setText: Text '123' is set on object 'Object Repository/Emergency/Page_Emergency login/input_txtpassword'

2018-05-17 11:58:34 - [MESSAGE][PASSED] - Text '123' is set on object 'Object Repository/Emergency/Page_Emergency login/input_txtpassword'

2018-05-17 11:58:34 - [TEST_STEP][PASSED] - delay: Delayed 3 second(s)

2018-05-17 11:58:37 - [MESSAGE][PASSED] - Delayed 3 second(s)

2018-05-17 11:58:37 - [TEST_STEP][PASSED] - click: Object: 'Object Repository/Emergency/Page_Emergency login/button_Sign in' is clicked on

2018-05-17 11:58:38 - [MESSAGE][PASSED] - Object: 'Object Repository/Emergency/Page_Emergency login/button_Sign in' is clicked on

2018-05-17 11:58:38 - [TEST_STEP][PASSED] - delay: Delayed 3 second(s)

2018-05-17 11:58:41 - [MESSAGE][PASSED] - Delayed 3 second(s)

2018-05-17 11:58:41 - [TEST_STEP][PASSED] - click: Object: 'Object Repository/Emergency/Page_KDMC - Emergency/a_Store Request' is clicked on

2018-05-17 11:58:41 - [MESSAGE][PASSED] - Object: 'Object Repository/Emergency/Page_KDMC - Emergency/a_Store Request' is clicked on

2018-05-17 11:58:41 - [TEST_STEP][PASSED] - delay: Delayed 2 second(s)

2018-05-17 11:58:43 - [MESSAGE][PASSED] - Delayed 2 second(s)

2018-05-17 11:58:43 - [TEST_STEP][PASSED] - click: Object: 'Object Repository/Emergency/Page_KDMC - Emergency/a_Medicine Request' is clicked on

2018-05-17 11:58:44 - [MESSAGE][PASSED] - Object: 'Object Repository/Emergency/Page_KDMC - Emergency/a_Medicine Request' is clicked on

2018-05-17 11:58:44 - [TEST_STEP][PASSED] - delay: Delayed 2 second(s)

2018-05-17 11:58:46 - [MESSAGE][PASSED] - Delayed 2 second(s)

2018-05-17 11:58:46 - [TEST_STEP][FAILED] - selectOptionByIndex: Unable to select option by index '3' of object 'Object Repository/Emergency/Page_KDMC - Emergency/select_--Select--Schedule 1Inj' (Root cause: org.openqa.selenium.NoSuchElementException: Cannot locate option with index: 3
For documentation on this error, please visit: http://seleniumhq.org/exceptions/no_such_element.html
Build info: version: '3.7.1', revision: '8a0099a', time: '2017-11-06T21:07:36.161Z'
System info: host: 'DESKTOP-BLFTK83', ip: '192.168.71.2', os.name: 'Windows 10', os.arch: 'amd64', os.version: '10.0', java.version: '1.8.0_102'
Driver info: driver.version: unknown)

2018-05-17 11:58:46 - [MESSAGE][FAILED] - Unable to select option by index '3' of object 'Object Repository/Emergency/Page_KDMC - Emergency/select_--Select--Schedule 1Inj' (Root cause: org.openqa.selenium.NoSuchElementException: Cannot locate option with index: 3
For documentation on this error, please visit: http://seleniumhq.org/exceptions/no_such_element.html
Build info: version: '3.7.1', revision: '8a0099a', time: '2017-11-06T21:07:36.161Z'
System info: host: 'DESKTOP-BLFTK83', ip: '192.168.71.2', os.name: 'Windows 10', os.arch: 'amd64', os.version: '10.0', java.version: '1.8.0_102'
Driver info: driver.version: unknown)
[[ATTACHMENT|C:\\Users\\Quality Analyst\\Katalon Studio\\ds\\Reports\\Emergency_Suit\\20180517_115133\\1526538526187.png]]]]></system-out>
         <system-err><![CDATA[2018-05-17 11:58:24 - [TEST_CASE][FAILED] - Test Cases/EMERGENCY TEST CASES/TC_ER_003 Verify Schedule 5 Emergency  Request Are Working Successfully Or Not: Test Cases/EMERGENCY TEST CASES/TC_ER_003 Verify Schedule 5 Emergency  Request Are Working Successfully Or Not FAILED because (of) Unable to select option by index '3' of object 'Object Repository/Emergency/Page_KDMC - Emergency/select_--Select--Schedule 1Inj' (Root cause: org.openqa.selenium.NoSuchElementException: Cannot locate option with index: 3
For documentation on this error, please visit: http://seleniumhq.org/exceptions/no_such_element.html
Build info: version: '3.7.1', revision: '8a0099a', time: '2017-11-06T21:07:36.161Z'
System info: host: 'DESKTOP-BLFTK83', ip: '192.168.71.2', os.name: 'Windows 10', os.arch: 'amd64', os.version: '10.0', java.version: '1.8.0_102'
Driver info: driver.version: unknown)]]></system-err>
      </testcase>
      <testcase name="Test Cases/EMERGENCY TEST CASES/TC_ER_004 Verify Schedule 7 Emergency  Request Are Working Successfully Or Not" classname="Test Cases/EMERGENCY TEST CASES/TC_ER_004 Verify Schedule 7 Emergency  Request Are Working Successfully Or Not" status="PASSED">
         <system-out><![CDATA[2018-05-17 11:58:46 - [TEST_CASE][PASSED] - Test Cases/EMERGENCY TEST CASES/TC_ER_004 Verify Schedule 7 Emergency  Request Are Working Successfully Or Not: Test Cases/EMERGENCY TEST CASES/TC_ER_004 Verify Schedule 7 Emergency  Request Are Working Successfully Or Not

2018-05-17 11:58:46 - [TEST_STEP][PASSED] - openBrowser: Browser is opened with url: ''

2018-05-17 11:58:46 - [MESSAGE][WARNING] - A browser is already opened. Closing browser and opening a new one

2018-05-17 11:58:49 - [MESSAGE][PASSED] - Browser is opened with url: ''

2018-05-17 11:58:49 - [TEST_STEP][PASSED] - Statement - out.println("Verify Schedule 7 Emergency  Request Are Working Successfully Or Not"): null

2018-05-17 11:58:49 - [TEST_STEP][PASSED] - navigateToUrl: Navigate to 'http://192.168.137.1/Multihospital_New/EmergencyLogin.aspx' successfully

2018-05-17 11:58:52 - [MESSAGE][PASSED] - Navigate to 'http://192.168.137.1/Multihospital_New/EmergencyLogin.aspx' successfully

2018-05-17 11:58:52 - [TEST_STEP][PASSED] - maximizeWindow: Current window maximized

2018-05-17 11:58:53 - [MESSAGE][PASSED] - Current window maximized

2018-05-17 11:58:53 - [TEST_STEP][PASSED] - setText: Text 'nivetha' is set on object 'Object Repository/Emergency/Page_Emergency login/input_txtusername'

2018-05-17 11:58:53 - [MESSAGE][PASSED] - Text 'nivetha' is set on object 'Object Repository/Emergency/Page_Emergency login/input_txtusername'

2018-05-17 11:58:53 - [TEST_STEP][PASSED] - setText: Text '123' is set on object 'Object Repository/Emergency/Page_Emergency login/input_txtpassword'

2018-05-17 11:58:53 - [MESSAGE][PASSED] - Text '123' is set on object 'Object Repository/Emergency/Page_Emergency login/input_txtpassword'

2018-05-17 11:58:53 - [TEST_STEP][PASSED] - delay: Delayed 3 second(s)

2018-05-17 11:58:56 - [MESSAGE][PASSED] - Delayed 3 second(s)

2018-05-17 11:58:56 - [TEST_STEP][PASSED] - click: Object: 'Object Repository/Emergency/Page_Emergency login/button_Sign in' is clicked on

2018-05-17 11:58:57 - [MESSAGE][PASSED] - Object: 'Object Repository/Emergency/Page_Emergency login/button_Sign in' is clicked on

2018-05-17 11:58:57 - [TEST_STEP][PASSED] - delay: Delayed 3 second(s)

2018-05-17 11:59:00 - [MESSAGE][PASSED] - Delayed 3 second(s)

2018-05-17 11:59:00 - [TEST_STEP][PASSED] - click: Object: 'Object Repository/Emergency/Page_KDMC - Emergency/a_Store Request' is clicked on

2018-05-17 11:59:00 - [MESSAGE][PASSED] - Object: 'Object Repository/Emergency/Page_KDMC - Emergency/a_Store Request' is clicked on

2018-05-17 11:59:00 - [TEST_STEP][PASSED] - delay: Delayed 2 second(s)

2018-05-17 11:59:02 - [MESSAGE][PASSED] - Delayed 2 second(s)

2018-05-17 11:59:02 - [TEST_STEP][PASSED] - click: Object: 'Object Repository/Emergency/Page_KDMC - Emergency/a_Medicine Request' is clicked on

2018-05-17 11:59:03 - [MESSAGE][PASSED] - Object: 'Object Repository/Emergency/Page_KDMC - Emergency/a_Medicine Request' is clicked on

2018-05-17 11:59:03 - [TEST_STEP][PASSED] - delay: Delayed 2 second(s)

2018-05-17 11:59:05 - [MESSAGE][PASSED] - Delayed 2 second(s)

2018-05-17 11:59:05 - [TEST_STEP][PASSED] - selectOptionByIndex: All options with index in [4] are selected on object 'Object Repository/Emergency/Page_KDMC - Emergency/select_--Select--Schedule 1Inj'

2018-05-17 11:59:05 - [MESSAGE][PASSED] - All options with index in [4] are selected on object 'Object Repository/Emergency/Page_KDMC - Emergency/select_--Select--Schedule 1Inj'

2018-05-17 11:59:05 - [TEST_STEP][PASSED] - Statement - seletedoptions = com.kms.katalon.core.webui.keyword.WebUiBuiltInKeywords.getNumberOfTotalOption(com.kms.katalon.core.testobject.ObjectRepository.findTestObject(Emergency/Page_KDMC - Emergency/select_--Select--Adernaline 0.)): 24 options of object 'Object Repository/Emergency/Page_KDMC - Emergency/select_--Select--Adernaline 0.' counted

2018-05-17 11:59:05 - [MESSAGE][PASSED] - 24 options of object 'Object Repository/Emergency/Page_KDMC - Emergency/select_--Select--Adernaline 0.' counted

2018-05-17 11:59:05 - [TEST_STEP][PASSED] - Statement - For ([u = 1, u < seletedoptions, (u++)]): Object: 'Object Repository/Emergency/Page_KDMC - Emergency/button_Add' is clicked on

2018-05-17 11:59:05 - [TEST_STEP][PASSED] - selectOptionByIndex: All options with index in [4] are selected on object 'Object Repository/Emergency/Page_KDMC - Emergency/select_--Select--Schedule 1Inj'

2018-05-17 11:59:06 - [MESSAGE][PASSED] - All options with index in [4] are selected on object 'Object Repository/Emergency/Page_KDMC - Emergency/select_--Select--Schedule 1Inj'

2018-05-17 11:59:06 - [TEST_STEP][PASSED] - selectOptionByIndex: All options with index in [1] are selected on object 'Object Repository/Emergency/Page_KDMC - Emergency/select_--Select--Adernaline 0.'

2018-05-17 11:59:06 - [MESSAGE][PASSED] - All options with index in [1] are selected on object 'Object Repository/Emergency/Page_KDMC - Emergency/select_--Select--Adernaline 0.'

2018-05-17 11:59:06 - [TEST_STEP][PASSED] - setText: Text '10' is set on object 'Object Repository/Emergency/Page_KDMC - Emergency/input_txttreat'

2018-05-17 11:59:06 - [MESSAGE][PASSED] - Text '10' is set on object 'Object Repository/Emergency/Page_KDMC - Emergency/input_txttreat'

2018-05-17 11:59:06 - [TEST_STEP][PASSED] - click: Object: 'Object Repository/Emergency/Page_KDMC - Emergency/button_Add' is clicked on

2018-05-17 11:59:06 - [MESSAGE][PASSED] - Object: 'Object Repository/Emergency/Page_KDMC - Emergency/button_Add' is clicked on

2018-05-17 11:59:06 - [TEST_STEP][PASSED] - selectOptionByIndex: All options with index in [4] are selected on object 'Object Repository/Emergency/Page_KDMC - Emergency/select_--Select--Schedule 1Inj'

2018-05-17 11:59:06 - [MESSAGE][PASSED] - All options with index in [4] are selected on object 'Object Repository/Emergency/Page_KDMC - Emergency/select_--Select--Schedule 1Inj'

2018-05-17 11:59:06 - [TEST_STEP][PASSED] - selectOptionByIndex: All options with index in [2] are selected on object 'Object Repository/Emergency/Page_KDMC - Emergency/select_--Select--Adernaline 0.'

2018-05-17 11:59:06 - [MESSAGE][PASSED] - All options with index in [2] are selected on object 'Object Repository/Emergency/Page_KDMC - Emergency/select_--Select--Adernaline 0.'

2018-05-17 11:59:06 - [TEST_STEP][PASSED] - setText: Text '10' is set on object 'Object Repository/Emergency/Page_KDMC - Emergency/input_txttreat'

2018-05-17 11:59:06 - [MESSAGE][PASSED] - Text '10' is set on object 'Object Repository/Emergency/Page_KDMC - Emergency/input_txttreat'

2018-05-17 11:59:06 - [TEST_STEP][PASSED] - click: Object: 'Object Repository/Emergency/Page_KDMC - Emergency/button_Add' is clicked on

2018-05-17 11:59:06 - [MESSAGE][PASSED] - Object: 'Object Repository/Emergency/Page_KDMC - Emergency/button_Add' is clicked on

2018-05-17 11:59:06 - [TEST_STEP][PASSED] - selectOptionByIndex: All options with index in [4] are selected on object 'Object Repository/Emergency/Page_KDMC - Emergency/select_--Select--Schedule 1Inj'

2018-05-17 11:59:06 - [MESSAGE][PASSED] - All options with index in [4] are selected on object 'Object Repository/Emergency/Page_KDMC - Emergency/select_--Select--Schedule 1Inj'

2018-05-17 11:59:06 - [TEST_STEP][PASSED] - selectOptionByIndex: All options with index in [3] are selected on object 'Object Repository/Emergency/Page_KDMC - Emergency/select_--Select--Adernaline 0.'

2018-05-17 11:59:07 - [MESSAGE][PASSED] - All options with index in [3] are selected on object 'Object Repository/Emergency/Page_KDMC - Emergency/select_--Select--Adernaline 0.'

2018-05-17 11:59:07 - [TEST_STEP][PASSED] - setText: Text '10' is set on object 'Object Repository/Emergency/Page_KDMC - Emergency/input_txttreat'

2018-05-17 11:59:07 - [MESSAGE][PASSED] - Text '10' is set on object 'Object Repository/Emergency/Page_KDMC - Emergency/input_txttreat'

2018-05-17 11:59:07 - [TEST_STEP][PASSED] - click: Object: 'Object Repository/Emergency/Page_KDMC - Emergency/button_Add' is clicked on

2018-05-17 11:59:07 - [MESSAGE][PASSED] - Object: 'Object Repository/Emergency/Page_KDMC - Emergency/button_Add' is clicked on

2018-05-17 11:59:07 - [TEST_STEP][PASSED] - selectOptionByIndex: All options with index in [4] are selected on object 'Object Repository/Emergency/Page_KDMC - Emergency/select_--Select--Schedule 1Inj'

2018-05-17 11:59:07 - [MESSAGE][PASSED] - All options with index in [4] are selected on object 'Object Repository/Emergency/Page_KDMC - Emergency/select_--Select--Schedule 1Inj'

2018-05-17 11:59:07 - [TEST_STEP][PASSED] - selectOptionByIndex: All options with index in [4] are selected on object 'Object Repository/Emergency/Page_KDMC - Emergency/select_--Select--Adernaline 0.'

2018-05-17 11:59:07 - [MESSAGE][PASSED] - All options with index in [4] are selected on object 'Object Repository/Emergency/Page_KDMC - Emergency/select_--Select--Adernaline 0.'

2018-05-17 11:59:07 - [TEST_STEP][PASSED] - setText: Text '10' is set on object 'Object Repository/Emergency/Page_KDMC - Emergency/input_txttreat'

2018-05-17 11:59:07 - [MESSAGE][PASSED] - Text '10' is set on object 'Object Repository/Emergency/Page_KDMC - Emergency/input_txttreat'

2018-05-17 11:59:07 - [TEST_STEP][PASSED] - click: Object: 'Object Repository/Emergency/Page_KDMC - Emergency/button_Add' is clicked on

2018-05-17 11:59:07 - [MESSAGE][PASSED] - Object: 'Object Repository/Emergency/Page_KDMC - Emergency/button_Add' is clicked on

2018-05-17 11:59:07 - [TEST_STEP][PASSED] - selectOptionByIndex: All options with index in [4] are selected on object 'Object Repository/Emergency/Page_KDMC - Emergency/select_--Select--Schedule 1Inj'

2018-05-17 11:59:07 - [MESSAGE][PASSED] - All options with index in [4] are selected on object 'Object Repository/Emergency/Page_KDMC - Emergency/select_--Select--Schedule 1Inj'

2018-05-17 11:59:07 - [TEST_STEP][PASSED] - selectOptionByIndex: All options with index in [5] are selected on object 'Object Repository/Emergency/Page_KDMC - Emergency/select_--Select--Adernaline 0.'

2018-05-17 11:59:08 - [MESSAGE][PASSED] - All options with index in [5] are selected on object 'Object Repository/Emergency/Page_KDMC - Emergency/select_--Select--Adernaline 0.'

2018-05-17 11:59:08 - [TEST_STEP][PASSED] - setText: Text '10' is set on object 'Object Repository/Emergency/Page_KDMC - Emergency/input_txttreat'

2018-05-17 11:59:08 - [MESSAGE][PASSED] - Text '10' is set on object 'Object Repository/Emergency/Page_KDMC - Emergency/input_txttreat'

2018-05-17 11:59:08 - [TEST_STEP][PASSED] - click: Object: 'Object Repository/Emergency/Page_KDMC - Emergency/button_Add' is clicked on

2018-05-17 11:59:08 - [MESSAGE][PASSED] - Object: 'Object Repository/Emergency/Page_KDMC - Emergency/button_Add' is clicked on

2018-05-17 11:59:08 - [TEST_STEP][PASSED] - selectOptionByIndex: All options with index in [4] are selected on object 'Object Repository/Emergency/Page_KDMC - Emergency/select_--Select--Schedule 1Inj'

2018-05-17 11:59:08 - [MESSAGE][PASSED] - All options with index in [4] are selected on object 'Object Repository/Emergency/Page_KDMC - Emergency/select_--Select--Schedule 1Inj'

2018-05-17 11:59:08 - [TEST_STEP][PASSED] - selectOptionByIndex: All options with index in [6] are selected on object 'Object Repository/Emergency/Page_KDMC - Emergency/select_--Select--Adernaline 0.'

2018-05-17 11:59:08 - [MESSAGE][PASSED] - All options with index in [6] are selected on object 'Object Repository/Emergency/Page_KDMC - Emergency/select_--Select--Adernaline 0.'

2018-05-17 11:59:08 - [TEST_STEP][PASSED] - setText: Text '10' is set on object 'Object Repository/Emergency/Page_KDMC - Emergency/input_txttreat'

2018-05-17 11:59:08 - [MESSAGE][PASSED] - Text '10' is set on object 'Object Repository/Emergency/Page_KDMC - Emergency/input_txttreat'

2018-05-17 11:59:08 - [TEST_STEP][PASSED] - click: Object: 'Object Repository/Emergency/Page_KDMC - Emergency/button_Add' is clicked on

2018-05-17 11:59:08 - [MESSAGE][PASSED] - Object: 'Object Repository/Emergency/Page_KDMC - Emergency/button_Add' is clicked on

2018-05-17 11:59:08 - [TEST_STEP][PASSED] - selectOptionByIndex: All options with index in [4] are selected on object 'Object Repository/Emergency/Page_KDMC - Emergency/select_--Select--Schedule 1Inj'

2018-05-17 11:59:08 - [MESSAGE][PASSED] - All options with index in [4] are selected on object 'Object Repository/Emergency/Page_KDMC - Emergency/select_--Select--Schedule 1Inj'

2018-05-17 11:59:08 - [TEST_STEP][PASSED] - selectOptionByIndex: All options with index in [7] are selected on object 'Object Repository/Emergency/Page_KDMC - Emergency/select_--Select--Adernaline 0.'

2018-05-17 11:59:08 - [MESSAGE][PASSED] - All options with index in [7] are selected on object 'Object Repository/Emergency/Page_KDMC - Emergency/select_--Select--Adernaline 0.'

2018-05-17 11:59:08 - [TEST_STEP][PASSED] - setText: Text '10' is set on object 'Object Repository/Emergency/Page_KDMC - Emergency/input_txttreat'

2018-05-17 11:59:09 - [MESSAGE][PASSED] - Text '10' is set on object 'Object Repository/Emergency/Page_KDMC - Emergency/input_txttreat'

2018-05-17 11:59:09 - [TEST_STEP][PASSED] - click: Object: 'Object Repository/Emergency/Page_KDMC - Emergency/button_Add' is clicked on

2018-05-17 11:59:09 - [MESSAGE][PASSED] - Object: 'Object Repository/Emergency/Page_KDMC - Emergency/button_Add' is clicked on

2018-05-17 11:59:09 - [TEST_STEP][PASSED] - selectOptionByIndex: All options with index in [4] are selected on object 'Object Repository/Emergency/Page_KDMC - Emergency/select_--Select--Schedule 1Inj'

2018-05-17 11:59:09 - [MESSAGE][PASSED] - All options with index in [4] are selected on object 'Object Repository/Emergency/Page_KDMC - Emergency/select_--Select--Schedule 1Inj'

2018-05-17 11:59:09 - [TEST_STEP][PASSED] - selectOptionByIndex: All options with index in [8] are selected on object 'Object Repository/Emergency/Page_KDMC - Emergency/select_--Select--Adernaline 0.'

2018-05-17 11:59:09 - [MESSAGE][PASSED] - All options with index in [8] are selected on object 'Object Repository/Emergency/Page_KDMC - Emergency/select_--Select--Adernaline 0.'

2018-05-17 11:59:09 - [TEST_STEP][PASSED] - setText: Text '10' is set on object 'Object Repository/Emergency/Page_KDMC - Emergency/input_txttreat'

2018-05-17 11:59:09 - [MESSAGE][PASSED] - Text '10' is set on object 'Object Repository/Emergency/Page_KDMC - Emergency/input_txttreat'

2018-05-17 11:59:09 - [TEST_STEP][PASSED] - click: Object: 'Object Repository/Emergency/Page_KDMC - Emergency/button_Add' is clicked on

2018-05-17 11:59:09 - [MESSAGE][PASSED] - Object: 'Object Repository/Emergency/Page_KDMC - Emergency/button_Add' is clicked on

2018-05-17 11:59:09 - [TEST_STEP][PASSED] - selectOptionByIndex: All options with index in [4] are selected on object 'Object Repository/Emergency/Page_KDMC - Emergency/select_--Select--Schedule 1Inj'

2018-05-17 11:59:09 - [MESSAGE][PASSED] - All options with index in [4] are selected on object 'Object Repository/Emergency/Page_KDMC - Emergency/select_--Select--Schedule 1Inj'

2018-05-17 11:59:09 - [TEST_STEP][PASSED] - selectOptionByIndex: All options with index in [9] are selected on object 'Object Repository/Emergency/Page_KDMC - Emergency/select_--Select--Adernaline 0.'

2018-05-17 11:59:09 - [MESSAGE][PASSED] - All options with index in [9] are selected on object 'Object Repository/Emergency/Page_KDMC - Emergency/select_--Select--Adernaline 0.'

2018-05-17 11:59:09 - [TEST_STEP][PASSED] - setText: Text '10' is set on object 'Object Repository/Emergency/Page_KDMC - Emergency/input_txttreat'

2018-05-17 11:59:10 - [MESSAGE][PASSED] - Text '10' is set on object 'Object Repository/Emergency/Page_KDMC - Emergency/input_txttreat'

2018-05-17 11:59:10 - [TEST_STEP][PASSED] - click: Object: 'Object Repository/Emergency/Page_KDMC - Emergency/button_Add' is clicked on

2018-05-17 11:59:10 - [MESSAGE][PASSED] - Object: 'Object Repository/Emergency/Page_KDMC - Emergency/button_Add' is clicked on

2018-05-17 11:59:10 - [TEST_STEP][PASSED] - selectOptionByIndex: All options with index in [4] are selected on object 'Object Repository/Emergency/Page_KDMC - Emergency/select_--Select--Schedule 1Inj'

2018-05-17 11:59:10 - [MESSAGE][PASSED] - All options with index in [4] are selected on object 'Object Repository/Emergency/Page_KDMC - Emergency/select_--Select--Schedule 1Inj'

2018-05-17 11:59:10 - [TEST_STEP][PASSED] - selectOptionByIndex: All options with index in [10] are selected on object 'Object Repository/Emergency/Page_KDMC - Emergency/select_--Select--Adernaline 0.'

2018-05-17 11:59:10 - [MESSAGE][PASSED] - All options with index in [10] are selected on object 'Object Repository/Emergency/Page_KDMC - Emergency/select_--Select--Adernaline 0.'

2018-05-17 11:59:10 - [TEST_STEP][PASSED] - setText: Text '10' is set on object 'Object Repository/Emergency/Page_KDMC - Emergency/input_txttreat'

2018-05-17 11:59:10 - [MESSAGE][PASSED] - Text '10' is set on object 'Object Repository/Emergency/Page_KDMC - Emergency/input_txttreat'

2018-05-17 11:59:10 - [TEST_STEP][PASSED] - click: Object: 'Object Repository/Emergency/Page_KDMC - Emergency/button_Add' is clicked on

2018-05-17 11:59:10 - [MESSAGE][PASSED] - Object: 'Object Repository/Emergency/Page_KDMC - Emergency/button_Add' is clicked on

2018-05-17 11:59:10 - [TEST_STEP][PASSED] - selectOptionByIndex: All options with index in [4] are selected on object 'Object Repository/Emergency/Page_KDMC - Emergency/select_--Select--Schedule 1Inj'

2018-05-17 11:59:10 - [MESSAGE][PASSED] - All options with index in [4] are selected on object 'Object Repository/Emergency/Page_KDMC - Emergency/select_--Select--Schedule 1Inj'

2018-05-17 11:59:10 - [TEST_STEP][PASSED] - selectOptionByIndex: All options with index in [11] are selected on object 'Object Repository/Emergency/Page_KDMC - Emergency/select_--Select--Adernaline 0.'

2018-05-17 11:59:10 - [MESSAGE][PASSED] - All options with index in [11] are selected on object 'Object Repository/Emergency/Page_KDMC - Emergency/select_--Select--Adernaline 0.'

2018-05-17 11:59:11 - [TEST_STEP][PASSED] - setText: Text '10' is set on object 'Object Repository/Emergency/Page_KDMC - Emergency/input_txttreat'

2018-05-17 11:59:11 - [MESSAGE][PASSED] - Text '10' is set on object 'Object Repository/Emergency/Page_KDMC - Emergency/input_txttreat'

2018-05-17 11:59:11 - [TEST_STEP][PASSED] - click: Object: 'Object Repository/Emergency/Page_KDMC - Emergency/button_Add' is clicked on

2018-05-17 11:59:11 - [MESSAGE][PASSED] - Object: 'Object Repository/Emergency/Page_KDMC - Emergency/button_Add' is clicked on

2018-05-17 11:59:11 - [TEST_STEP][PASSED] - selectOptionByIndex: All options with index in [4] are selected on object 'Object Repository/Emergency/Page_KDMC - Emergency/select_--Select--Schedule 1Inj'

2018-05-17 11:59:11 - [MESSAGE][PASSED] - All options with index in [4] are selected on object 'Object Repository/Emergency/Page_KDMC - Emergency/select_--Select--Schedule 1Inj'

2018-05-17 11:59:11 - [TEST_STEP][PASSED] - selectOptionByIndex: All options with index in [12] are selected on object 'Object Repository/Emergency/Page_KDMC - Emergency/select_--Select--Adernaline 0.'

2018-05-17 11:59:11 - [MESSAGE][PASSED] - All options with index in [12] are selected on object 'Object Repository/Emergency/Page_KDMC - Emergency/select_--Select--Adernaline 0.'

2018-05-17 11:59:11 - [TEST_STEP][PASSED] - setText: Text '10' is set on object 'Object Repository/Emergency/Page_KDMC - Emergency/input_txttreat'

2018-05-17 11:59:11 - [MESSAGE][PASSED] - Text '10' is set on object 'Object Repository/Emergency/Page_KDMC - Emergency/input_txttreat'

2018-05-17 11:59:11 - [TEST_STEP][PASSED] - click: Object: 'Object Repository/Emergency/Page_KDMC - Emergency/button_Add' is clicked on

2018-05-17 11:59:11 - [MESSAGE][PASSED] - Object: 'Object Repository/Emergency/Page_KDMC - Emergency/button_Add' is clicked on

2018-05-17 11:59:11 - [TEST_STEP][PASSED] - selectOptionByIndex: All options with index in [4] are selected on object 'Object Repository/Emergency/Page_KDMC - Emergency/select_--Select--Schedule 1Inj'

2018-05-17 11:59:11 - [MESSAGE][PASSED] - All options with index in [4] are selected on object 'Object Repository/Emergency/Page_KDMC - Emergency/select_--Select--Schedule 1Inj'

2018-05-17 11:59:11 - [TEST_STEP][PASSED] - selectOptionByIndex: All options with index in [13] are selected on object 'Object Repository/Emergency/Page_KDMC - Emergency/select_--Select--Adernaline 0.'

2018-05-17 11:59:12 - [MESSAGE][PASSED] - All options with index in [13] are selected on object 'Object Repository/Emergency/Page_KDMC - Emergency/select_--Select--Adernaline 0.'

2018-05-17 11:59:12 - [TEST_STEP][PASSED] - setText: Text '10' is set on object 'Object Repository/Emergency/Page_KDMC - Emergency/input_txttreat'

2018-05-17 11:59:12 - [MESSAGE][PASSED] - Text '10' is set on object 'Object Repository/Emergency/Page_KDMC - Emergency/input_txttreat'

2018-05-17 11:59:12 - [TEST_STEP][PASSED] - click: Object: 'Object Repository/Emergency/Page_KDMC - Emergency/button_Add' is clicked on

2018-05-17 11:59:12 - [MESSAGE][PASSED] - Object: 'Object Repository/Emergency/Page_KDMC - Emergency/button_Add' is clicked on

2018-05-17 11:59:12 - [TEST_STEP][PASSED] - selectOptionByIndex: All options with index in [4] are selected on object 'Object Repository/Emergency/Page_KDMC - Emergency/select_--Select--Schedule 1Inj'

2018-05-17 11:59:12 - [MESSAGE][PASSED] - All options with index in [4] are selected on object 'Object Repository/Emergency/Page_KDMC - Emergency/select_--Select--Schedule 1Inj'

2018-05-17 11:59:12 - [TEST_STEP][PASSED] - selectOptionByIndex: All options with index in [14] are selected on object 'Object Repository/Emergency/Page_KDMC - Emergency/select_--Select--Adernaline 0.'

2018-05-17 11:59:12 - [MESSAGE][PASSED] - All options with index in [14] are selected on object 'Object Repository/Emergency/Page_KDMC - Emergency/select_--Select--Adernaline 0.'

2018-05-17 11:59:12 - [TEST_STEP][PASSED] - setText: Text '10' is set on object 'Object Repository/Emergency/Page_KDMC - Emergency/input_txttreat'

2018-05-17 11:59:12 - [MESSAGE][PASSED] - Text '10' is set on object 'Object Repository/Emergency/Page_KDMC - Emergency/input_txttreat'

2018-05-17 11:59:12 - [TEST_STEP][PASSED] - click: Object: 'Object Repository/Emergency/Page_KDMC - Emergency/button_Add' is clicked on

2018-05-17 11:59:12 - [MESSAGE][PASSED] - Object: 'Object Repository/Emergency/Page_KDMC - Emergency/button_Add' is clicked on

2018-05-17 11:59:12 - [TEST_STEP][PASSED] - selectOptionByIndex: All options with index in [4] are selected on object 'Object Repository/Emergency/Page_KDMC - Emergency/select_--Select--Schedule 1Inj'

2018-05-17 11:59:12 - [MESSAGE][PASSED] - All options with index in [4] are selected on object 'Object Repository/Emergency/Page_KDMC - Emergency/select_--Select--Schedule 1Inj'

2018-05-17 11:59:12 - [TEST_STEP][PASSED] - selectOptionByIndex: All options with index in [15] are selected on object 'Object Repository/Emergency/Page_KDMC - Emergency/select_--Select--Adernaline 0.'

2018-05-17 11:59:13 - [MESSAGE][PASSED] - All options with index in [15] are selected on object 'Object Repository/Emergency/Page_KDMC - Emergency/select_--Select--Adernaline 0.'

2018-05-17 11:59:13 - [TEST_STEP][PASSED] - setText: Text '10' is set on object 'Object Repository/Emergency/Page_KDMC - Emergency/input_txttreat'

2018-05-17 11:59:13 - [MESSAGE][PASSED] - Text '10' is set on object 'Object Repository/Emergency/Page_KDMC - Emergency/input_txttreat'

2018-05-17 11:59:13 - [TEST_STEP][PASSED] - click: Object: 'Object Repository/Emergency/Page_KDMC - Emergency/button_Add' is clicked on

2018-05-17 11:59:13 - [MESSAGE][PASSED] - Object: 'Object Repository/Emergency/Page_KDMC - Emergency/button_Add' is clicked on

2018-05-17 11:59:13 - [TEST_STEP][PASSED] - selectOptionByIndex: All options with index in [4] are selected on object 'Object Repository/Emergency/Page_KDMC - Emergency/select_--Select--Schedule 1Inj'

2018-05-17 11:59:13 - [MESSAGE][PASSED] - All options with index in [4] are selected on object 'Object Repository/Emergency/Page_KDMC - Emergency/select_--Select--Schedule 1Inj'

2018-05-17 11:59:13 - [TEST_STEP][PASSED] - selectOptionByIndex: All options with index in [16] are selected on object 'Object Repository/Emergency/Page_KDMC - Emergency/select_--Select--Adernaline 0.'

2018-05-17 11:59:13 - [MESSAGE][PASSED] - All options with index in [16] are selected on object 'Object Repository/Emergency/Page_KDMC - Emergency/select_--Select--Adernaline 0.'

2018-05-17 11:59:13 - [TEST_STEP][PASSED] - setText: Text '10' is set on object 'Object Repository/Emergency/Page_KDMC - Emergency/input_txttreat'

2018-05-17 11:59:13 - [MESSAGE][PASSED] - Text '10' is set on object 'Object Repository/Emergency/Page_KDMC - Emergency/input_txttreat'

2018-05-17 11:59:13 - [TEST_STEP][PASSED] - click: Object: 'Object Repository/Emergency/Page_KDMC - Emergency/button_Add' is clicked on

2018-05-17 11:59:13 - [MESSAGE][PASSED] - Object: 'Object Repository/Emergency/Page_KDMC - Emergency/button_Add' is clicked on

2018-05-17 11:59:13 - [TEST_STEP][PASSED] - selectOptionByIndex: All options with index in [4] are selected on object 'Object Repository/Emergency/Page_KDMC - Emergency/select_--Select--Schedule 1Inj'

2018-05-17 11:59:13 - [MESSAGE][PASSED] - All options with index in [4] are selected on object 'Object Repository/Emergency/Page_KDMC - Emergency/select_--Select--Schedule 1Inj'

2018-05-17 11:59:13 - [TEST_STEP][PASSED] - selectOptionByIndex: All options with index in [17] are selected on object 'Object Repository/Emergency/Page_KDMC - Emergency/select_--Select--Adernaline 0.'

2018-05-17 11:59:14 - [MESSAGE][PASSED] - All options with index in [17] are selected on object 'Object Repository/Emergency/Page_KDMC - Emergency/select_--Select--Adernaline 0.'

2018-05-17 11:59:14 - [TEST_STEP][PASSED] - setText: Text '10' is set on object 'Object Repository/Emergency/Page_KDMC - Emergency/input_txttreat'

2018-05-17 11:59:14 - [MESSAGE][PASSED] - Text '10' is set on object 'Object Repository/Emergency/Page_KDMC - Emergency/input_txttreat'

2018-05-17 11:59:14 - [TEST_STEP][PASSED] - click: Object: 'Object Repository/Emergency/Page_KDMC - Emergency/button_Add' is clicked on

2018-05-17 11:59:14 - [MESSAGE][PASSED] - Object: 'Object Repository/Emergency/Page_KDMC - Emergency/button_Add' is clicked on

2018-05-17 11:59:14 - [TEST_STEP][PASSED] - selectOptionByIndex: All options with index in [4] are selected on object 'Object Repository/Emergency/Page_KDMC - Emergency/select_--Select--Schedule 1Inj'

2018-05-17 11:59:14 - [MESSAGE][PASSED] - All options with index in [4] are selected on object 'Object Repository/Emergency/Page_KDMC - Emergency/select_--Select--Schedule 1Inj'

2018-05-17 11:59:14 - [TEST_STEP][PASSED] - selectOptionByIndex: All options with index in [18] are selected on object 'Object Repository/Emergency/Page_KDMC - Emergency/select_--Select--Adernaline 0.'

2018-05-17 11:59:14 - [MESSAGE][PASSED] - All options with index in [18] are selected on object 'Object Repository/Emergency/Page_KDMC - Emergency/select_--Select--Adernaline 0.'

2018-05-17 11:59:14 - [TEST_STEP][PASSED] - setText: Text '10' is set on object 'Object Repository/Emergency/Page_KDMC - Emergency/input_txttreat'

2018-05-17 11:59:14 - [MESSAGE][PASSED] - Text '10' is set on object 'Object Repository/Emergency/Page_KDMC - Emergency/input_txttreat'

2018-05-17 11:59:14 - [TEST_STEP][PASSED] - click: Object: 'Object Repository/Emergency/Page_KDMC - Emergency/button_Add' is clicked on

2018-05-17 11:59:14 - [MESSAGE][PASSED] - Object: 'Object Repository/Emergency/Page_KDMC - Emergency/button_Add' is clicked on

2018-05-17 11:59:14 - [TEST_STEP][PASSED] - selectOptionByIndex: All options with index in [4] are selected on object 'Object Repository/Emergency/Page_KDMC - Emergency/select_--Select--Schedule 1Inj'

2018-05-17 11:59:15 - [MESSAGE][PASSED] - All options with index in [4] are selected on object 'Object Repository/Emergency/Page_KDMC - Emergency/select_--Select--Schedule 1Inj'

2018-05-17 11:59:15 - [TEST_STEP][PASSED] - selectOptionByIndex: All options with index in [19] are selected on object 'Object Repository/Emergency/Page_KDMC - Emergency/select_--Select--Adernaline 0.'

2018-05-17 11:59:15 - [MESSAGE][PASSED] - All options with index in [19] are selected on object 'Object Repository/Emergency/Page_KDMC - Emergency/select_--Select--Adernaline 0.'

2018-05-17 11:59:15 - [TEST_STEP][PASSED] - setText: Text '10' is set on object 'Object Repository/Emergency/Page_KDMC - Emergency/input_txttreat'

2018-05-17 11:59:15 - [MESSAGE][PASSED] - Text '10' is set on object 'Object Repository/Emergency/Page_KDMC - Emergency/input_txttreat'

2018-05-17 11:59:15 - [TEST_STEP][PASSED] - click: Object: 'Object Repository/Emergency/Page_KDMC - Emergency/button_Add' is clicked on

2018-05-17 11:59:15 - [MESSAGE][PASSED] - Object: 'Object Repository/Emergency/Page_KDMC - Emergency/button_Add' is clicked on

2018-05-17 11:59:15 - [TEST_STEP][PASSED] - selectOptionByIndex: All options with index in [4] are selected on object 'Object Repository/Emergency/Page_KDMC - Emergency/select_--Select--Schedule 1Inj'

2018-05-17 11:59:15 - [MESSAGE][PASSED] - All options with index in [4] are selected on object 'Object Repository/Emergency/Page_KDMC - Emergency/select_--Select--Schedule 1Inj'

2018-05-17 11:59:15 - [TEST_STEP][PASSED] - selectOptionByIndex: All options with index in [20] are selected on object 'Object Repository/Emergency/Page_KDMC - Emergency/select_--Select--Adernaline 0.'

2018-05-17 11:59:16 - [MESSAGE][PASSED] - All options with index in [20] are selected on object 'Object Repository/Emergency/Page_KDMC - Emergency/select_--Select--Adernaline 0.'

2018-05-17 11:59:16 - [TEST_STEP][PASSED] - setText: Text '10' is set on object 'Object Repository/Emergency/Page_KDMC - Emergency/input_txttreat'

2018-05-17 11:59:16 - [MESSAGE][PASSED] - Text '10' is set on object 'Object Repository/Emergency/Page_KDMC - Emergency/input_txttreat'

2018-05-17 11:59:16 - [TEST_STEP][PASSED] - click: Object: 'Object Repository/Emergency/Page_KDMC - Emergency/button_Add' is clicked on

2018-05-17 11:59:16 - [MESSAGE][PASSED] - Object: 'Object Repository/Emergency/Page_KDMC - Emergency/button_Add' is clicked on

2018-05-17 11:59:16 - [TEST_STEP][PASSED] - selectOptionByIndex: All options with index in [4] are selected on object 'Object Repository/Emergency/Page_KDMC - Emergency/select_--Select--Schedule 1Inj'

2018-05-17 11:59:16 - [MESSAGE][PASSED] - All options with index in [4] are selected on object 'Object Repository/Emergency/Page_KDMC - Emergency/select_--Select--Schedule 1Inj'

2018-05-17 11:59:16 - [TEST_STEP][PASSED] - selectOptionByIndex: All options with index in [21] are selected on object 'Object Repository/Emergency/Page_KDMC - Emergency/select_--Select--Adernaline 0.'

2018-05-17 11:59:16 - [MESSAGE][PASSED] - All options with index in [21] are selected on object 'Object Repository/Emergency/Page_KDMC - Emergency/select_--Select--Adernaline 0.'

2018-05-17 11:59:16 - [TEST_STEP][PASSED] - setText: Text '10' is set on object 'Object Repository/Emergency/Page_KDMC - Emergency/input_txttreat'

2018-05-17 11:59:16 - [MESSAGE][PASSED] - Text '10' is set on object 'Object Repository/Emergency/Page_KDMC - Emergency/input_txttreat'

2018-05-17 11:59:16 - [TEST_STEP][PASSED] - click: Object: 'Object Repository/Emergency/Page_KDMC - Emergency/button_Add' is clicked on

2018-05-17 11:59:16 - [MESSAGE][PASSED] - Object: 'Object Repository/Emergency/Page_KDMC - Emergency/button_Add' is clicked on

2018-05-17 11:59:16 - [TEST_STEP][PASSED] - selectOptionByIndex: All options with index in [4] are selected on object 'Object Repository/Emergency/Page_KDMC - Emergency/select_--Select--Schedule 1Inj'

2018-05-17 11:59:16 - [MESSAGE][PASSED] - All options with index in [4] are selected on object 'Object Repository/Emergency/Page_KDMC - Emergency/select_--Select--Schedule 1Inj'

2018-05-17 11:59:16 - [TEST_STEP][PASSED] - selectOptionByIndex: All options with index in [22] are selected on object 'Object Repository/Emergency/Page_KDMC - Emergency/select_--Select--Adernaline 0.'

2018-05-17 11:59:17 - [MESSAGE][PASSED] - All options with index in [22] are selected on object 'Object Repository/Emergency/Page_KDMC - Emergency/select_--Select--Adernaline 0.'

2018-05-17 11:59:17 - [TEST_STEP][PASSED] - setText: Text '10' is set on object 'Object Repository/Emergency/Page_KDMC - Emergency/input_txttreat'

2018-05-17 11:59:17 - [MESSAGE][PASSED] - Text '10' is set on object 'Object Repository/Emergency/Page_KDMC - Emergency/input_txttreat'

2018-05-17 11:59:17 - [TEST_STEP][PASSED] - click: Object: 'Object Repository/Emergency/Page_KDMC - Emergency/button_Add' is clicked on

2018-05-17 11:59:17 - [MESSAGE][PASSED] - Object: 'Object Repository/Emergency/Page_KDMC - Emergency/button_Add' is clicked on

2018-05-17 11:59:17 - [TEST_STEP][PASSED] - selectOptionByIndex: All options with index in [4] are selected on object 'Object Repository/Emergency/Page_KDMC - Emergency/select_--Select--Schedule 1Inj'

2018-05-17 11:59:17 - [MESSAGE][PASSED] - All options with index in [4] are selected on object 'Object Repository/Emergency/Page_KDMC - Emergency/select_--Select--Schedule 1Inj'

2018-05-17 11:59:17 - [TEST_STEP][PASSED] - selectOptionByIndex: All options with index in [23] are selected on object 'Object Repository/Emergency/Page_KDMC - Emergency/select_--Select--Adernaline 0.'

2018-05-17 11:59:18 - [MESSAGE][PASSED] - All options with index in [23] are selected on object 'Object Repository/Emergency/Page_KDMC - Emergency/select_--Select--Adernaline 0.'

2018-05-17 11:59:18 - [TEST_STEP][PASSED] - setText: Text '10' is set on object 'Object Repository/Emergency/Page_KDMC - Emergency/input_txttreat'

2018-05-17 11:59:18 - [MESSAGE][PASSED] - Text '10' is set on object 'Object Repository/Emergency/Page_KDMC - Emergency/input_txttreat'

2018-05-17 11:59:18 - [TEST_STEP][PASSED] - click: Object: 'Object Repository/Emergency/Page_KDMC - Emergency/button_Add' is clicked on

2018-05-17 11:59:18 - [MESSAGE][PASSED] - Object: 'Object Repository/Emergency/Page_KDMC - Emergency/button_Add' is clicked on

2018-05-17 11:59:18 - [TEST_STEP][PASSED] - scrollToElement: Scroll to object 'Object Repository/Emergency/Page_KDMC - Emergency/input_btnsave' successfully

2018-05-17 11:59:18 - [MESSAGE][PASSED] - Scroll to object 'Object Repository/Emergency/Page_KDMC - Emergency/input_btnsave' successfully

2018-05-17 11:59:18 - [TEST_STEP][PASSED] - click: Object: 'Object Repository/Emergency/Page_KDMC - Emergency/input_btnsave' is clicked on

2018-05-17 11:59:18 - [MESSAGE][PASSED] - Object: 'Object Repository/Emergency/Page_KDMC - Emergency/input_btnsave' is clicked on

2018-05-17 11:59:18 - [TEST_STEP][PASSED] - delay: Delayed 3 second(s)

2018-05-17 11:59:21 - [MESSAGE][PASSED] - Delayed 3 second(s)

2018-05-17 11:59:21 - [TEST_STEP][PASSED] - Statement - RequestNumber = com.kms.katalon.core.webui.keyword.WebUiBuiltInKeywords.getText(com.kms.katalon.core.testobject.ObjectRepository.findTestObject(Emergency/Page_KDMC - Emergency/font_ERNO100520183)): Text of object 'Object Repository/Emergency/Page_KDMC - Emergency/font_ERNO100520183' is: 'ERNO/17052018/237'

2018-05-17 11:59:21 - [MESSAGE][PASSED] - Text of object 'Object Repository/Emergency/Page_KDMC - Emergency/font_ERNO100520183' is: 'ERNO/17052018/237'

2018-05-17 11:59:21 - [TEST_STEP][PASSED] - Statement - Rno = RequestNumber.split("/")[2]: null

2018-05-17 11:59:21 - [TEST_STEP][PASSED] - Statement - out.println(Rno): null

2018-05-17 11:59:21 - [TEST_STEP][PASSED] - click: Object: 'Object Repository/Emergency/Page_KDMC - Emergency/button_OK' is clicked on

2018-05-17 11:59:22 - [MESSAGE][PASSED] - Object: 'Object Repository/Emergency/Page_KDMC - Emergency/button_OK' is clicked on

2018-05-17 11:59:22 - [TEST_STEP][PASSED] - delay: Delayed 3 second(s)

2018-05-17 11:59:25 - [MESSAGE][PASSED] - Delayed 3 second(s)

2018-05-17 11:59:25 - [TEST_STEP][PASSED] - click: Object: 'Object Repository/Emergency/Page_KDMC - Emergency/a_dropdown-toggle' is clicked on

2018-05-17 11:59:25 - [MESSAGE][PASSED] - Object: 'Object Repository/Emergency/Page_KDMC - Emergency/a_dropdown-toggle' is clicked on

2018-05-17 11:59:25 - [TEST_STEP][PASSED] - click: Object: 'Object Repository/Emergency/Page_KDMC - Emergency/a_Sign out' is clicked on

2018-05-17 11:59:25 - [MESSAGE][PASSED] - Object: 'Object Repository/Emergency/Page_KDMC - Emergency/a_Sign out' is clicked on

2018-05-17 11:59:25 - [TEST_STEP][PASSED] - delay: Delayed 3 second(s)

2018-05-17 11:59:28 - [MESSAGE][PASSED] - Delayed 3 second(s)

2018-05-17 11:59:28 - [TEST_STEP][PASSED] - click: Object: 'Object Repository/Emergency/Page_KDMC/a_CMO' is clicked on

2018-05-17 11:59:29 - [MESSAGE][PASSED] - Object: 'Object Repository/Emergency/Page_KDMC/a_CMO' is clicked on

2018-05-17 11:59:29 - [TEST_STEP][PASSED] - setText: Text 'guru' is set on object 'Object Repository/Emergency/Page_CMO login/input_txtusername'

2018-05-17 11:59:29 - [MESSAGE][PASSED] - Text 'guru' is set on object 'Object Repository/Emergency/Page_CMO login/input_txtusername'

2018-05-17 11:59:29 - [TEST_STEP][PASSED] - setText: Text '123' is set on object 'Object Repository/Emergency/Page_CMO login/input_txtpassword'

2018-05-17 11:59:29 - [MESSAGE][PASSED] - Text '123' is set on object 'Object Repository/Emergency/Page_CMO login/input_txtpassword'

2018-05-17 11:59:29 - [TEST_STEP][PASSED] - delay: Delayed 3 second(s)

2018-05-17 11:59:32 - [MESSAGE][PASSED] - Delayed 3 second(s)

2018-05-17 11:59:32 - [TEST_STEP][PASSED] - click: Object: 'Object Repository/Emergency/Page_CMO login/button_Sign in' is clicked on

2018-05-17 11:59:33 - [MESSAGE][PASSED] - Object: 'Object Repository/Emergency/Page_CMO login/button_Sign in' is clicked on

2018-05-17 11:59:33 - [TEST_STEP][PASSED] - delay: Delayed 2 second(s)

2018-05-17 11:59:35 - [MESSAGE][PASSED] - Delayed 2 second(s)

2018-05-17 11:59:35 - [TEST_STEP][PASSED] - click: Object: 'Object Repository/Emergency/Page_KDMC - CMO/a_Department Wise Request' is clicked on

2018-05-17 11:59:35 - [MESSAGE][PASSED] - Object: 'Object Repository/Emergency/Page_KDMC - CMO/a_Department Wise Request' is clicked on

2018-05-17 11:59:35 - [TEST_STEP][PASSED] - selectOptionByIndex: All options with index in [7] are selected on object 'Object Repository/Emergency/Page_KDMC - CMO/select_--ALL--'

2018-05-17 11:59:36 - [MESSAGE][PASSED] - All options with index in [7] are selected on object 'Object Repository/Emergency/Page_KDMC - CMO/select_--ALL--'

2018-05-17 11:59:36 - [TEST_STEP][PASSED] - selectOptionByIndex: All options with index in [1] are selected on object 'Object Repository/Emergency/Page_KDMC - CMO/select_--ALL--                _1'

2018-05-17 11:59:36 - [MESSAGE][PASSED] - All options with index in [1] are selected on object 'Object Repository/Emergency/Page_KDMC - CMO/select_--ALL--                _1'

2018-05-17 11:59:36 - [TEST_STEP][PASSED] - click: Object: 'Object Repository/Emergency/Page_KDMC - CMO/input_btnsearch' is clicked on

2018-05-17 11:59:36 - [MESSAGE][PASSED] - Object: 'Object Repository/Emergency/Page_KDMC - CMO/input_btnsearch' is clicked on

2018-05-17 11:59:36 - [TEST_STEP][PASSED] - Statement - ID = com.kms.katalon.core.webui.keyword.WebUiBuiltInKeywords.modifyObjectProperty(com.kms.katalon.core.testobject.ObjectRepository.findTestObject(Emergency/Page_KDMC - CMO/input_3), "xpath", "equals", "//*[@id=" + Rno + "]", true): Modify property of object successfully

2018-05-17 11:59:36 - [MESSAGE][PASSED] - Modify property of object successfully

2018-05-17 11:59:36 - [TEST_STEP][PASSED] - click: Object: 'Object Repository/Emergency/Page_KDMC - CMO/input_3' is clicked on

2018-05-17 11:59:36 - [MESSAGE][PASSED] - Object: 'Object Repository/Emergency/Page_KDMC - CMO/input_3' is clicked on

2018-05-17 11:59:36 - [TEST_STEP][PASSED] - delay: Delayed 2 second(s)

2018-05-17 11:59:38 - [MESSAGE][PASSED] - Delayed 2 second(s)

2018-05-17 11:59:38 - [TEST_STEP][PASSED] - selectOptionByIndex: All options with index in [1] are selected on object 'Object Repository/Emergency/Page_KDMC - CMO/select_--Select--'

2018-05-17 11:59:39 - [MESSAGE][PASSED] - All options with index in [1] are selected on object 'Object Repository/Emergency/Page_KDMC - CMO/select_--Select--'

2018-05-17 11:59:39 - [TEST_STEP][PASSED] - click: Object: 'Object Repository/Emergency/Page_KDMC - CMO/input_btnupdate' is clicked on

2018-05-17 11:59:39 - [MESSAGE][PASSED] - Object: 'Object Repository/Emergency/Page_KDMC - CMO/input_btnupdate' is clicked on

2018-05-17 11:59:39 - [TEST_STEP][PASSED] - delay: Delayed 2 second(s)

2018-05-17 11:59:41 - [MESSAGE][PASSED] - Delayed 2 second(s)

2018-05-17 11:59:41 - [TEST_STEP][PASSED] - click: Object: 'Object Repository/Emergency/Page_KDMC - CMO/button_OK' is clicked on

2018-05-17 11:59:41 - [MESSAGE][PASSED] - Object: 'Object Repository/Emergency/Page_KDMC - CMO/button_OK' is clicked on

2018-05-17 11:59:41 - [TEST_STEP][PASSED] - delay: Delayed 2 second(s)

2018-05-17 11:59:43 - [MESSAGE][PASSED] - Delayed 2 second(s)

2018-05-17 11:59:43 - [TEST_STEP][PASSED] - click: Object: 'Object Repository/Emergency/Page_KDMC - CMO/a_dropdown-toggle' is clicked on

2018-05-17 11:59:43 - [MESSAGE][PASSED] - Object: 'Object Repository/Emergency/Page_KDMC - CMO/a_dropdown-toggle' is clicked on

2018-05-17 11:59:43 - [TEST_STEP][PASSED] - click: Object: 'Object Repository/Emergency/Page_KDMC - CMO/a_Sign out' is clicked on

2018-05-17 11:59:44 - [MESSAGE][PASSED] - Object: 'Object Repository/Emergency/Page_KDMC - CMO/a_Sign out' is clicked on

2018-05-17 11:59:44 - [TEST_STEP][PASSED] - delay: Delayed 3 second(s)

2018-05-17 11:59:47 - [MESSAGE][PASSED] - Delayed 3 second(s)

2018-05-17 11:59:47 - [TEST_STEP][PASSED] - click: Object: 'Object Repository/Emergency/Page_KDMC/a_Divisional Store' is clicked on

2018-05-17 11:59:50 - [MESSAGE][PASSED] - Object: 'Object Repository/Emergency/Page_KDMC/a_Divisional Store' is clicked on

2018-05-17 11:59:50 - [TEST_STEP][PASSED] - setText: Text 'ragu' is set on object 'Object Repository/Emergency/Page_Divisonal Store Login/input_txtusername'

2018-05-17 11:59:50 - [MESSAGE][PASSED] - Text 'ragu' is set on object 'Object Repository/Emergency/Page_Divisonal Store Login/input_txtusername'

2018-05-17 11:59:50 - [TEST_STEP][PASSED] - setText: Text '123' is set on object 'Object Repository/Emergency/Page_Divisonal Store Login/input_txtpassword'

2018-05-17 11:59:50 - [MESSAGE][PASSED] - Text '123' is set on object 'Object Repository/Emergency/Page_Divisonal Store Login/input_txtpassword'

2018-05-17 11:59:50 - [TEST_STEP][PASSED] - delay: Delayed 3 second(s)

2018-05-17 11:59:53 - [MESSAGE][PASSED] - Delayed 3 second(s)

2018-05-17 11:59:53 - [TEST_STEP][PASSED] - click: Object: 'Object Repository/Emergency/Page_Divisonal Store Login/button_Sign in' is clicked on

2018-05-17 11:59:55 - [MESSAGE][PASSED] - Object: 'Object Repository/Emergency/Page_Divisonal Store Login/button_Sign in' is clicked on

2018-05-17 11:59:55 - [TEST_STEP][PASSED] - delay: Delayed 2 second(s)

2018-05-17 11:59:57 - [MESSAGE][PASSED] - Delayed 2 second(s)

2018-05-17 11:59:57 - [TEST_STEP][PASSED] - click: Object: 'Object Repository/Emergency/Page_Store/a_Emergency Request' is clicked on

2018-05-17 11:59:57 - [MESSAGE][PASSED] - Object: 'Object Repository/Emergency/Page_Store/a_Emergency Request' is clicked on

2018-05-17 11:59:57 - [TEST_STEP][PASSED] - click: Object: 'Object Repository/Emergency/Page_Store/a_Request Item Emergency' is clicked on

2018-05-17 11:59:57 - [MESSAGE][PASSED] - Object: 'Object Repository/Emergency/Page_Store/a_Request Item Emergency' is clicked on

2018-05-17 11:59:57 - [TEST_STEP][PASSED] - setText: Text '237' is set on object 'Object Repository/Emergency/Page_Store/input'

2018-05-17 11:59:58 - [MESSAGE][PASSED] - Text '237' is set on object 'Object Repository/Emergency/Page_Store/input'

2018-05-17 11:59:58 - [TEST_STEP][PASSED] - Statement - ChooseRequest = com.kms.katalon.core.webui.keyword.WebUiBuiltInKeywords.modifyObjectProperty(com.kms.katalon.core.testobject.ObjectRepository.findTestObject(Emergency/Page_Store/input_3), "xpath", "equals", "//*[@id=" + Rno + "]", true): Modify property of object successfully

2018-05-17 11:59:58 - [MESSAGE][PASSED] - Modify property of object successfully

2018-05-17 11:59:58 - [TEST_STEP][PASSED] - click: Object: 'Object Repository/Emergency/Page_Store/input_3' is clicked on

2018-05-17 11:59:58 - [MESSAGE][PASSED] - Object: 'Object Repository/Emergency/Page_Store/input_3' is clicked on

2018-05-17 11:59:58 - [TEST_STEP][PASSED] - delay: Delayed 2 second(s)

2018-05-17 12:00:00 - [MESSAGE][PASSED] - Delayed 2 second(s)

2018-05-17 12:00:00 - [TEST_STEP][PASSED] - Statement - selectedoptions1 = com.kms.katalon.core.webui.keyword.WebUiBuiltInKeywords.getNumberOfTotalOption(com.kms.katalon.core.testobject.ObjectRepository.findTestObject(Emergency/Page_Store/select_--Select--Amikacin -500)): 24 options of object 'Object Repository/Emergency/Page_Store/select_--Select--Amikacin -500' counted

2018-05-17 12:00:00 - [MESSAGE][PASSED] - 24 options of object 'Object Repository/Emergency/Page_Store/select_--Select--Amikacin -500' counted

2018-05-17 12:00:00 - [TEST_STEP][PASSED] - Statement - out.println("SOptions : " + selectedoptions1): null

2018-05-17 12:00:00 - [TEST_STEP][PASSED] - Statement - For ([a = 1, a <= selectedoptions1 - 1, (a++)]): null

2018-05-17 12:00:00 - [TEST_STEP][PASSED] - selectOptionByIndex: All options with index in [1] are selected on object 'Object Repository/Emergency/Page_Store/select_--Select--Amikacin -500'

2018-05-17 12:00:00 - [MESSAGE][PASSED] - All options with index in [1] are selected on object 'Object Repository/Emergency/Page_Store/select_--Select--Amikacin -500'

2018-05-17 12:00:00 - [TEST_STEP][PASSED] - delay: Delayed 2 second(s)

2018-05-17 12:00:02 - [MESSAGE][PASSED] - Delayed 2 second(s)

2018-05-17 12:00:02 - [TEST_STEP][PASSED] - Statement - RequestedQty = com.kms.katalon.core.webui.keyword.WebUiBuiltInKeywords.getAttribute(com.kms.katalon.core.testobject.ObjectRepository.findTestObject(Emergency/Page_Store/input_txttotal), "value"): Attribute 'value' of object 'Object Repository/Emergency/Page_Store/input_txttotal' is: '10'

2018-05-17 12:00:02 - [MESSAGE][PASSED] - Attribute 'value' of object 'Object Repository/Emergency/Page_Store/input_txttotal' is: '10'

2018-05-17 12:00:02 - [TEST_STEP][PASSED] - Statement - out.println("Requested QTY : " + RequestedQty): null

2018-05-17 12:00:02 - [TEST_STEP][PASSED] - Statement - BatchNumber = com.kms.katalon.core.webui.keyword.WebUiBuiltInKeywords.getNumberOfTotalOption(com.kms.katalon.core.testobject.ObjectRepository.findTestObject(Emergency/Page_Store/select_--Select--BA1150BA4110)): 3 options of object 'Object Repository/Emergency/Page_Store/select_--Select--BA1150BA4110' counted

2018-05-17 12:00:02 - [MESSAGE][PASSED] - 3 options of object 'Object Repository/Emergency/Page_Store/select_--Select--BA1150BA4110' counted

2018-05-17 12:00:02 - [TEST_STEP][PASSED] - Statement - out.println("BatchNumber : " + BatchNumber): null

2018-05-17 12:00:02 - [TEST_STEP][PASSED] - Statement - For ([g = 1, g <= BatchNumber - 1, (g++)]): null

2018-05-17 12:00:02 - [TEST_STEP][PASSED] - selectOptionByIndex: All options with index in [1] are selected on object 'Object Repository/Emergency/Page_Store/select_--Select--BA1150BA4110'

2018-05-17 12:00:03 - [MESSAGE][PASSED] - All options with index in [1] are selected on object 'Object Repository/Emergency/Page_Store/select_--Select--BA1150BA4110'

2018-05-17 12:00:03 - [TEST_STEP][PASSED] - delay: Delayed 2 second(s)

2018-05-17 12:00:05 - [MESSAGE][PASSED] - Delayed 2 second(s)

2018-05-17 12:00:05 - [TEST_STEP][PASSED] - Statement - Try: null

2018-05-17 12:00:05 - [TEST_STEP][PASSED] - Statement - StockQty = com.kms.katalon.core.webui.keyword.WebUiBuiltInKeywords.getAttribute(com.kms.katalon.core.testobject.ObjectRepository.findTestObject(Emergency/Page_Store/input_txtprice), "value"): Attribute 'value' of object 'Object Repository/Emergency/Page_Store/input_txtprice' is: '90'

2018-05-17 12:00:05 - [MESSAGE][PASSED] - Attribute 'value' of object 'Object Repository/Emergency/Page_Store/input_txtprice' is: '90'

2018-05-17 12:00:05 - [TEST_STEP][PASSED] - Statement - out.println("Stock QTY : " + StockQty): null

2018-05-17 12:00:05 - [TEST_STEP][PASSED] - delay: Delayed 2 second(s)

2018-05-17 12:00:07 - [MESSAGE][PASSED] - Delayed 2 second(s)

2018-05-17 12:00:07 - [TEST_STEP][PASSED] - Statement - If (java.lang.Integer.valueOf(StockQty) >= java.lang.Integer.valueOf(RequestedQty)): null

2018-05-17 12:00:07 - [TEST_STEP][PASSED] - delay: Delayed 1 second(s)

2018-05-17 12:00:08 - [MESSAGE][PASSED] - Delayed 1 second(s)

2018-05-17 12:00:08 - [TEST_STEP][PASSED] - setText: Text '10' is set on object 'Object Repository/Emergency/Page_Store/input_txtqty'

2018-05-17 12:00:08 - [MESSAGE][PASSED] - Text '10' is set on object 'Object Repository/Emergency/Page_Store/input_txtqty'

2018-05-17 12:00:08 - [TEST_STEP][PASSED] - click: Object: 'Object Repository/Emergency/Page_Store/button_Add' is clicked on

2018-05-17 12:00:08 - [MESSAGE][PASSED] - Object: 'Object Repository/Emergency/Page_Store/button_Add' is clicked on

2018-05-17 12:00:08 - [TEST_STEP][PASSED] - Statement - Break: null

2018-05-17 12:00:08 - [TEST_STEP][PASSED] - selectOptionByIndex: All options with index in [2] are selected on object 'Object Repository/Emergency/Page_Store/select_--Select--Amikacin -500'

2018-05-17 12:00:08 - [MESSAGE][PASSED] - All options with index in [2] are selected on object 'Object Repository/Emergency/Page_Store/select_--Select--Amikacin -500'

2018-05-17 12:00:08 - [TEST_STEP][PASSED] - delay: Delayed 2 second(s)

2018-05-17 12:00:10 - [MESSAGE][PASSED] - Delayed 2 second(s)

2018-05-17 12:00:10 - [TEST_STEP][PASSED] - Statement - RequestedQty = com.kms.katalon.core.webui.keyword.WebUiBuiltInKeywords.getAttribute(com.kms.katalon.core.testobject.ObjectRepository.findTestObject(Emergency/Page_Store/input_txttotal), "value"): Attribute 'value' of object 'Object Repository/Emergency/Page_Store/input_txttotal' is: '10'

2018-05-17 12:00:10 - [MESSAGE][PASSED] - Attribute 'value' of object 'Object Repository/Emergency/Page_Store/input_txttotal' is: '10'

2018-05-17 12:00:10 - [TEST_STEP][PASSED] - Statement - out.println("Requested QTY : " + RequestedQty): null

2018-05-17 12:00:10 - [TEST_STEP][PASSED] - Statement - BatchNumber = com.kms.katalon.core.webui.keyword.WebUiBuiltInKeywords.getNumberOfTotalOption(com.kms.katalon.core.testobject.ObjectRepository.findTestObject(Emergency/Page_Store/select_--Select--BA1150BA4110)): 3 options of object 'Object Repository/Emergency/Page_Store/select_--Select--BA1150BA4110' counted

2018-05-17 12:00:10 - [MESSAGE][PASSED] - 3 options of object 'Object Repository/Emergency/Page_Store/select_--Select--BA1150BA4110' counted

2018-05-17 12:00:10 - [TEST_STEP][PASSED] - Statement - out.println("BatchNumber : " + BatchNumber): null

2018-05-17 12:00:10 - [TEST_STEP][PASSED] - Statement - For ([g = 1, g <= BatchNumber - 1, (g++)]): null

2018-05-17 12:00:10 - [TEST_STEP][PASSED] - selectOptionByIndex: All options with index in [1] are selected on object 'Object Repository/Emergency/Page_Store/select_--Select--BA1150BA4110'

2018-05-17 12:00:10 - [MESSAGE][PASSED] - All options with index in [1] are selected on object 'Object Repository/Emergency/Page_Store/select_--Select--BA1150BA4110'

2018-05-17 12:00:10 - [TEST_STEP][PASSED] - delay: Delayed 2 second(s)

2018-05-17 12:00:12 - [MESSAGE][PASSED] - Delayed 2 second(s)

2018-05-17 12:00:12 - [TEST_STEP][PASSED] - Statement - Try: null

2018-05-17 12:00:12 - [TEST_STEP][PASSED] - Statement - StockQty = com.kms.katalon.core.webui.keyword.WebUiBuiltInKeywords.getAttribute(com.kms.katalon.core.testobject.ObjectRepository.findTestObject(Emergency/Page_Store/input_txtprice), "value"): Attribute 'value' of object 'Object Repository/Emergency/Page_Store/input_txtprice' is: '90'

2018-05-17 12:00:12 - [MESSAGE][PASSED] - Attribute 'value' of object 'Object Repository/Emergency/Page_Store/input_txtprice' is: '90'

2018-05-17 12:00:12 - [TEST_STEP][PASSED] - Statement - out.println("Stock QTY : " + StockQty): null

2018-05-17 12:00:12 - [TEST_STEP][PASSED] - delay: Delayed 2 second(s)

2018-05-17 12:00:14 - [MESSAGE][PASSED] - Delayed 2 second(s)

2018-05-17 12:00:14 - [TEST_STEP][PASSED] - Statement - If (java.lang.Integer.valueOf(StockQty) >= java.lang.Integer.valueOf(RequestedQty)): null

2018-05-17 12:00:14 - [TEST_STEP][PASSED] - delay: Delayed 1 second(s)

2018-05-17 12:00:15 - [MESSAGE][PASSED] - Delayed 1 second(s)

2018-05-17 12:00:15 - [TEST_STEP][PASSED] - setText: Text '10' is set on object 'Object Repository/Emergency/Page_Store/input_txtqty'

2018-05-17 12:00:15 - [MESSAGE][PASSED] - Text '10' is set on object 'Object Repository/Emergency/Page_Store/input_txtqty'

2018-05-17 12:00:15 - [TEST_STEP][PASSED] - click: Object: 'Object Repository/Emergency/Page_Store/button_Add' is clicked on

2018-05-17 12:00:15 - [MESSAGE][PASSED] - Object: 'Object Repository/Emergency/Page_Store/button_Add' is clicked on

2018-05-17 12:00:15 - [TEST_STEP][PASSED] - Statement - Break: null

2018-05-17 12:00:15 - [TEST_STEP][PASSED] - selectOptionByIndex: All options with index in [3] are selected on object 'Object Repository/Emergency/Page_Store/select_--Select--Amikacin -500'

2018-05-17 12:00:15 - [MESSAGE][PASSED] - All options with index in [3] are selected on object 'Object Repository/Emergency/Page_Store/select_--Select--Amikacin -500'

2018-05-17 12:00:15 - [TEST_STEP][PASSED] - delay: Delayed 2 second(s)

2018-05-17 12:00:17 - [MESSAGE][PASSED] - Delayed 2 second(s)

2018-05-17 12:00:17 - [TEST_STEP][PASSED] - Statement - RequestedQty = com.kms.katalon.core.webui.keyword.WebUiBuiltInKeywords.getAttribute(com.kms.katalon.core.testobject.ObjectRepository.findTestObject(Emergency/Page_Store/input_txttotal), "value"): Attribute 'value' of object 'Object Repository/Emergency/Page_Store/input_txttotal' is: '10'

2018-05-17 12:00:17 - [MESSAGE][PASSED] - Attribute 'value' of object 'Object Repository/Emergency/Page_Store/input_txttotal' is: '10'

2018-05-17 12:00:17 - [TEST_STEP][PASSED] - Statement - out.println("Requested QTY : " + RequestedQty): null

2018-05-17 12:00:17 - [TEST_STEP][PASSED] - Statement - BatchNumber = com.kms.katalon.core.webui.keyword.WebUiBuiltInKeywords.getNumberOfTotalOption(com.kms.katalon.core.testobject.ObjectRepository.findTestObject(Emergency/Page_Store/select_--Select--BA1150BA4110)): 3 options of object 'Object Repository/Emergency/Page_Store/select_--Select--BA1150BA4110' counted

2018-05-17 12:00:18 - [MESSAGE][PASSED] - 3 options of object 'Object Repository/Emergency/Page_Store/select_--Select--BA1150BA4110' counted

2018-05-17 12:00:18 - [TEST_STEP][PASSED] - Statement - out.println("BatchNumber : " + BatchNumber): null

2018-05-17 12:00:18 - [TEST_STEP][PASSED] - Statement - For ([g = 1, g <= BatchNumber - 1, (g++)]): null

2018-05-17 12:00:18 - [TEST_STEP][PASSED] - selectOptionByIndex: All options with index in [1] are selected on object 'Object Repository/Emergency/Page_Store/select_--Select--BA1150BA4110'

2018-05-17 12:00:18 - [MESSAGE][PASSED] - All options with index in [1] are selected on object 'Object Repository/Emergency/Page_Store/select_--Select--BA1150BA4110'

2018-05-17 12:00:18 - [TEST_STEP][PASSED] - delay: Delayed 2 second(s)

2018-05-17 12:00:20 - [MESSAGE][PASSED] - Delayed 2 second(s)

2018-05-17 12:00:20 - [TEST_STEP][PASSED] - Statement - Try: null

2018-05-17 12:00:20 - [TEST_STEP][PASSED] - Statement - StockQty = com.kms.katalon.core.webui.keyword.WebUiBuiltInKeywords.getAttribute(com.kms.katalon.core.testobject.ObjectRepository.findTestObject(Emergency/Page_Store/input_txtprice), "value"): Attribute 'value' of object 'Object Repository/Emergency/Page_Store/input_txtprice' is: '90'

2018-05-17 12:00:20 - [MESSAGE][PASSED] - Attribute 'value' of object 'Object Repository/Emergency/Page_Store/input_txtprice' is: '90'

2018-05-17 12:00:20 - [TEST_STEP][PASSED] - Statement - out.println("Stock QTY : " + StockQty): null

2018-05-17 12:00:20 - [TEST_STEP][PASSED] - delay: Delayed 2 second(s)

2018-05-17 12:00:22 - [MESSAGE][PASSED] - Delayed 2 second(s)

2018-05-17 12:00:22 - [TEST_STEP][PASSED] - Statement - If (java.lang.Integer.valueOf(StockQty) >= java.lang.Integer.valueOf(RequestedQty)): null

2018-05-17 12:00:22 - [TEST_STEP][PASSED] - delay: Delayed 1 second(s)

2018-05-17 12:00:23 - [MESSAGE][PASSED] - Delayed 1 second(s)

2018-05-17 12:00:23 - [TEST_STEP][PASSED] - setText: Text '10' is set on object 'Object Repository/Emergency/Page_Store/input_txtqty'

2018-05-17 12:00:23 - [MESSAGE][PASSED] - Text '10' is set on object 'Object Repository/Emergency/Page_Store/input_txtqty'

2018-05-17 12:00:23 - [TEST_STEP][PASSED] - click: Object: 'Object Repository/Emergency/Page_Store/button_Add' is clicked on

2018-05-17 12:00:23 - [MESSAGE][PASSED] - Object: 'Object Repository/Emergency/Page_Store/button_Add' is clicked on

2018-05-17 12:00:23 - [TEST_STEP][PASSED] - Statement - Break: null

2018-05-17 12:00:23 - [TEST_STEP][PASSED] - selectOptionByIndex: All options with index in [4] are selected on object 'Object Repository/Emergency/Page_Store/select_--Select--Amikacin -500'

2018-05-17 12:00:23 - [MESSAGE][PASSED] - All options with index in [4] are selected on object 'Object Repository/Emergency/Page_Store/select_--Select--Amikacin -500'

2018-05-17 12:00:23 - [TEST_STEP][PASSED] - delay: Delayed 2 second(s)

2018-05-17 12:00:25 - [MESSAGE][PASSED] - Delayed 2 second(s)

2018-05-17 12:00:25 - [TEST_STEP][PASSED] - Statement - RequestedQty = com.kms.katalon.core.webui.keyword.WebUiBuiltInKeywords.getAttribute(com.kms.katalon.core.testobject.ObjectRepository.findTestObject(Emergency/Page_Store/input_txttotal), "value"): Attribute 'value' of object 'Object Repository/Emergency/Page_Store/input_txttotal' is: '10'

2018-05-17 12:00:25 - [MESSAGE][PASSED] - Attribute 'value' of object 'Object Repository/Emergency/Page_Store/input_txttotal' is: '10'

2018-05-17 12:00:25 - [TEST_STEP][PASSED] - Statement - out.println("Requested QTY : " + RequestedQty): null

2018-05-17 12:00:25 - [TEST_STEP][PASSED] - Statement - BatchNumber = com.kms.katalon.core.webui.keyword.WebUiBuiltInKeywords.getNumberOfTotalOption(com.kms.katalon.core.testobject.ObjectRepository.findTestObject(Emergency/Page_Store/select_--Select--BA1150BA4110)): 3 options of object 'Object Repository/Emergency/Page_Store/select_--Select--BA1150BA4110' counted

2018-05-17 12:00:25 - [MESSAGE][PASSED] - 3 options of object 'Object Repository/Emergency/Page_Store/select_--Select--BA1150BA4110' counted

2018-05-17 12:00:25 - [TEST_STEP][PASSED] - Statement - out.println("BatchNumber : " + BatchNumber): null

2018-05-17 12:00:25 - [TEST_STEP][PASSED] - Statement - For ([g = 1, g <= BatchNumber - 1, (g++)]): null

2018-05-17 12:00:25 - [TEST_STEP][PASSED] - selectOptionByIndex: All options with index in [1] are selected on object 'Object Repository/Emergency/Page_Store/select_--Select--BA1150BA4110'

2018-05-17 12:00:25 - [MESSAGE][PASSED] - All options with index in [1] are selected on object 'Object Repository/Emergency/Page_Store/select_--Select--BA1150BA4110'

2018-05-17 12:00:25 - [TEST_STEP][PASSED] - delay: Delayed 2 second(s)

2018-05-17 12:00:27 - [MESSAGE][PASSED] - Delayed 2 second(s)

2018-05-17 12:00:27 - [TEST_STEP][PASSED] - Statement - Try: null

2018-05-17 12:00:27 - [TEST_STEP][PASSED] - Statement - StockQty = com.kms.katalon.core.webui.keyword.WebUiBuiltInKeywords.getAttribute(com.kms.katalon.core.testobject.ObjectRepository.findTestObject(Emergency/Page_Store/input_txtprice), "value"): Attribute 'value' of object 'Object Repository/Emergency/Page_Store/input_txtprice' is: '90'

2018-05-17 12:00:27 - [MESSAGE][PASSED] - Attribute 'value' of object 'Object Repository/Emergency/Page_Store/input_txtprice' is: '90'

2018-05-17 12:00:27 - [TEST_STEP][PASSED] - Statement - out.println("Stock QTY : " + StockQty): null

2018-05-17 12:00:27 - [TEST_STEP][PASSED] - delay: Delayed 2 second(s)

2018-05-17 12:00:29 - [MESSAGE][PASSED] - Delayed 2 second(s)

2018-05-17 12:00:29 - [TEST_STEP][PASSED] - Statement - If (java.lang.Integer.valueOf(StockQty) >= java.lang.Integer.valueOf(RequestedQty)): null

2018-05-17 12:00:29 - [TEST_STEP][PASSED] - delay: Delayed 1 second(s)

2018-05-17 12:00:30 - [MESSAGE][PASSED] - Delayed 1 second(s)

2018-05-17 12:00:30 - [TEST_STEP][PASSED] - setText: Text '10' is set on object 'Object Repository/Emergency/Page_Store/input_txtqty'

2018-05-17 12:00:30 - [MESSAGE][PASSED] - Text '10' is set on object 'Object Repository/Emergency/Page_Store/input_txtqty'

2018-05-17 12:00:30 - [TEST_STEP][PASSED] - click: Object: 'Object Repository/Emergency/Page_Store/button_Add' is clicked on

2018-05-17 12:00:30 - [MESSAGE][PASSED] - Object: 'Object Repository/Emergency/Page_Store/button_Add' is clicked on

2018-05-17 12:00:30 - [TEST_STEP][PASSED] - Statement - Break: null

2018-05-17 12:00:30 - [TEST_STEP][PASSED] - selectOptionByIndex: All options with index in [5] are selected on object 'Object Repository/Emergency/Page_Store/select_--Select--Amikacin -500'

2018-05-17 12:00:31 - [MESSAGE][PASSED] - All options with index in [5] are selected on object 'Object Repository/Emergency/Page_Store/select_--Select--Amikacin -500'

2018-05-17 12:00:31 - [TEST_STEP][PASSED] - delay: Delayed 2 second(s)

2018-05-17 12:00:33 - [MESSAGE][PASSED] - Delayed 2 second(s)

2018-05-17 12:00:33 - [TEST_STEP][PASSED] - Statement - RequestedQty = com.kms.katalon.core.webui.keyword.WebUiBuiltInKeywords.getAttribute(com.kms.katalon.core.testobject.ObjectRepository.findTestObject(Emergency/Page_Store/input_txttotal), "value"): Attribute 'value' of object 'Object Repository/Emergency/Page_Store/input_txttotal' is: '10'

2018-05-17 12:00:33 - [MESSAGE][PASSED] - Attribute 'value' of object 'Object Repository/Emergency/Page_Store/input_txttotal' is: '10'

2018-05-17 12:00:33 - [TEST_STEP][PASSED] - Statement - out.println("Requested QTY : " + RequestedQty): null

2018-05-17 12:00:33 - [TEST_STEP][PASSED] - Statement - BatchNumber = com.kms.katalon.core.webui.keyword.WebUiBuiltInKeywords.getNumberOfTotalOption(com.kms.katalon.core.testobject.ObjectRepository.findTestObject(Emergency/Page_Store/select_--Select--BA1150BA4110)): 3 options of object 'Object Repository/Emergency/Page_Store/select_--Select--BA1150BA4110' counted

2018-05-17 12:00:33 - [MESSAGE][PASSED] - 3 options of object 'Object Repository/Emergency/Page_Store/select_--Select--BA1150BA4110' counted

2018-05-17 12:00:33 - [TEST_STEP][PASSED] - Statement - out.println("BatchNumber : " + BatchNumber): null

2018-05-17 12:00:33 - [TEST_STEP][PASSED] - Statement - For ([g = 1, g <= BatchNumber - 1, (g++)]): null

2018-05-17 12:00:33 - [TEST_STEP][PASSED] - selectOptionByIndex: All options with index in [1] are selected on object 'Object Repository/Emergency/Page_Store/select_--Select--BA1150BA4110'

2018-05-17 12:00:33 - [MESSAGE][PASSED] - All options with index in [1] are selected on object 'Object Repository/Emergency/Page_Store/select_--Select--BA1150BA4110'

2018-05-17 12:00:33 - [TEST_STEP][PASSED] - delay: Delayed 2 second(s)

2018-05-17 12:00:35 - [MESSAGE][PASSED] - Delayed 2 second(s)

2018-05-17 12:00:35 - [TEST_STEP][PASSED] - Statement - Try: null

2018-05-17 12:00:35 - [TEST_STEP][PASSED] - Statement - StockQty = com.kms.katalon.core.webui.keyword.WebUiBuiltInKeywords.getAttribute(com.kms.katalon.core.testobject.ObjectRepository.findTestObject(Emergency/Page_Store/input_txtprice), "value"): Attribute 'value' of object 'Object Repository/Emergency/Page_Store/input_txtprice' is: '90'

2018-05-17 12:00:35 - [MESSAGE][PASSED] - Attribute 'value' of object 'Object Repository/Emergency/Page_Store/input_txtprice' is: '90'

2018-05-17 12:00:35 - [TEST_STEP][PASSED] - Statement - out.println("Stock QTY : " + StockQty): null

2018-05-17 12:00:35 - [TEST_STEP][PASSED] - delay: Delayed 2 second(s)

2018-05-17 12:00:37 - [MESSAGE][PASSED] - Delayed 2 second(s)

2018-05-17 12:00:37 - [TEST_STEP][PASSED] - Statement - If (java.lang.Integer.valueOf(StockQty) >= java.lang.Integer.valueOf(RequestedQty)): null

2018-05-17 12:00:37 - [TEST_STEP][PASSED] - delay: Delayed 1 second(s)

2018-05-17 12:00:38 - [MESSAGE][PASSED] - Delayed 1 second(s)

2018-05-17 12:00:38 - [TEST_STEP][PASSED] - setText: Text '10' is set on object 'Object Repository/Emergency/Page_Store/input_txtqty'

2018-05-17 12:00:38 - [MESSAGE][PASSED] - Text '10' is set on object 'Object Repository/Emergency/Page_Store/input_txtqty'

2018-05-17 12:00:38 - [TEST_STEP][PASSED] - click: Object: 'Object Repository/Emergency/Page_Store/button_Add' is clicked on

2018-05-17 12:00:38 - [MESSAGE][PASSED] - Object: 'Object Repository/Emergency/Page_Store/button_Add' is clicked on

2018-05-17 12:00:38 - [TEST_STEP][PASSED] - Statement - Break: null

2018-05-17 12:00:38 - [TEST_STEP][PASSED] - selectOptionByIndex: All options with index in [6] are selected on object 'Object Repository/Emergency/Page_Store/select_--Select--Amikacin -500'

2018-05-17 12:00:38 - [MESSAGE][PASSED] - All options with index in [6] are selected on object 'Object Repository/Emergency/Page_Store/select_--Select--Amikacin -500'

2018-05-17 12:00:38 - [TEST_STEP][PASSED] - delay: Delayed 2 second(s)

2018-05-17 12:00:40 - [MESSAGE][PASSED] - Delayed 2 second(s)

2018-05-17 12:00:40 - [TEST_STEP][PASSED] - Statement - RequestedQty = com.kms.katalon.core.webui.keyword.WebUiBuiltInKeywords.getAttribute(com.kms.katalon.core.testobject.ObjectRepository.findTestObject(Emergency/Page_Store/input_txttotal), "value"): Attribute 'value' of object 'Object Repository/Emergency/Page_Store/input_txttotal' is: '10'

2018-05-17 12:00:40 - [MESSAGE][PASSED] - Attribute 'value' of object 'Object Repository/Emergency/Page_Store/input_txttotal' is: '10'

2018-05-17 12:00:40 - [TEST_STEP][PASSED] - Statement - out.println("Requested QTY : " + RequestedQty): null

2018-05-17 12:00:40 - [TEST_STEP][PASSED] - Statement - BatchNumber = com.kms.katalon.core.webui.keyword.WebUiBuiltInKeywords.getNumberOfTotalOption(com.kms.katalon.core.testobject.ObjectRepository.findTestObject(Emergency/Page_Store/select_--Select--BA1150BA4110)): 3 options of object 'Object Repository/Emergency/Page_Store/select_--Select--BA1150BA4110' counted

2018-05-17 12:00:40 - [MESSAGE][PASSED] - 3 options of object 'Object Repository/Emergency/Page_Store/select_--Select--BA1150BA4110' counted

2018-05-17 12:00:40 - [TEST_STEP][PASSED] - Statement - out.println("BatchNumber : " + BatchNumber): null

2018-05-17 12:00:40 - [TEST_STEP][PASSED] - Statement - For ([g = 1, g <= BatchNumber - 1, (g++)]): null

2018-05-17 12:00:40 - [TEST_STEP][PASSED] - selectOptionByIndex: All options with index in [1] are selected on object 'Object Repository/Emergency/Page_Store/select_--Select--BA1150BA4110'

2018-05-17 12:00:40 - [MESSAGE][PASSED] - All options with index in [1] are selected on object 'Object Repository/Emergency/Page_Store/select_--Select--BA1150BA4110'

2018-05-17 12:00:40 - [TEST_STEP][PASSED] - delay: Delayed 2 second(s)

2018-05-17 12:00:42 - [MESSAGE][PASSED] - Delayed 2 second(s)

2018-05-17 12:00:42 - [TEST_STEP][PASSED] - Statement - Try: null

2018-05-17 12:00:42 - [TEST_STEP][PASSED] - Statement - StockQty = com.kms.katalon.core.webui.keyword.WebUiBuiltInKeywords.getAttribute(com.kms.katalon.core.testobject.ObjectRepository.findTestObject(Emergency/Page_Store/input_txtprice), "value"): Attribute 'value' of object 'Object Repository/Emergency/Page_Store/input_txtprice' is: '90'

2018-05-17 12:00:42 - [MESSAGE][PASSED] - Attribute 'value' of object 'Object Repository/Emergency/Page_Store/input_txtprice' is: '90'

2018-05-17 12:00:42 - [TEST_STEP][PASSED] - Statement - out.println("Stock QTY : " + StockQty): null

2018-05-17 12:00:42 - [TEST_STEP][PASSED] - delay: Delayed 2 second(s)

2018-05-17 12:00:44 - [MESSAGE][PASSED] - Delayed 2 second(s)

2018-05-17 12:00:44 - [TEST_STEP][PASSED] - Statement - If (java.lang.Integer.valueOf(StockQty) >= java.lang.Integer.valueOf(RequestedQty)): null

2018-05-17 12:00:44 - [TEST_STEP][PASSED] - delay: Delayed 1 second(s)

2018-05-17 12:00:45 - [MESSAGE][PASSED] - Delayed 1 second(s)

2018-05-17 12:00:45 - [TEST_STEP][PASSED] - setText: Text '10' is set on object 'Object Repository/Emergency/Page_Store/input_txtqty'

2018-05-17 12:00:45 - [MESSAGE][PASSED] - Text '10' is set on object 'Object Repository/Emergency/Page_Store/input_txtqty'

2018-05-17 12:00:45 - [TEST_STEP][PASSED] - click: Object: 'Object Repository/Emergency/Page_Store/button_Add' is clicked on

2018-05-17 12:00:46 - [MESSAGE][PASSED] - Object: 'Object Repository/Emergency/Page_Store/button_Add' is clicked on

2018-05-17 12:00:46 - [TEST_STEP][PASSED] - Statement - Break: null

2018-05-17 12:00:46 - [TEST_STEP][PASSED] - selectOptionByIndex: All options with index in [7] are selected on object 'Object Repository/Emergency/Page_Store/select_--Select--Amikacin -500'

2018-05-17 12:00:46 - [MESSAGE][PASSED] - All options with index in [7] are selected on object 'Object Repository/Emergency/Page_Store/select_--Select--Amikacin -500'

2018-05-17 12:00:46 - [TEST_STEP][PASSED] - delay: Delayed 2 second(s)

2018-05-17 12:00:48 - [MESSAGE][PASSED] - Delayed 2 second(s)

2018-05-17 12:00:48 - [TEST_STEP][PASSED] - Statement - RequestedQty = com.kms.katalon.core.webui.keyword.WebUiBuiltInKeywords.getAttribute(com.kms.katalon.core.testobject.ObjectRepository.findTestObject(Emergency/Page_Store/input_txttotal), "value"): Attribute 'value' of object 'Object Repository/Emergency/Page_Store/input_txttotal' is: '10'

2018-05-17 12:00:48 - [MESSAGE][PASSED] - Attribute 'value' of object 'Object Repository/Emergency/Page_Store/input_txttotal' is: '10'

2018-05-17 12:00:48 - [TEST_STEP][PASSED] - Statement - out.println("Requested QTY : " + RequestedQty): null

2018-05-17 12:00:48 - [TEST_STEP][PASSED] - Statement - BatchNumber = com.kms.katalon.core.webui.keyword.WebUiBuiltInKeywords.getNumberOfTotalOption(com.kms.katalon.core.testobject.ObjectRepository.findTestObject(Emergency/Page_Store/select_--Select--BA1150BA4110)): 3 options of object 'Object Repository/Emergency/Page_Store/select_--Select--BA1150BA4110' counted

2018-05-17 12:00:48 - [MESSAGE][PASSED] - 3 options of object 'Object Repository/Emergency/Page_Store/select_--Select--BA1150BA4110' counted

2018-05-17 12:00:48 - [TEST_STEP][PASSED] - Statement - out.println("BatchNumber : " + BatchNumber): null

2018-05-17 12:00:48 - [TEST_STEP][PASSED] - Statement - For ([g = 1, g <= BatchNumber - 1, (g++)]): null

2018-05-17 12:00:48 - [TEST_STEP][PASSED] - selectOptionByIndex: All options with index in [1] are selected on object 'Object Repository/Emergency/Page_Store/select_--Select--BA1150BA4110'

2018-05-17 12:00:48 - [MESSAGE][PASSED] - All options with index in [1] are selected on object 'Object Repository/Emergency/Page_Store/select_--Select--BA1150BA4110'

2018-05-17 12:00:48 - [TEST_STEP][PASSED] - delay: Delayed 2 second(s)

2018-05-17 12:00:50 - [MESSAGE][PASSED] - Delayed 2 second(s)

2018-05-17 12:00:50 - [TEST_STEP][PASSED] - Statement - Try: null

2018-05-17 12:00:50 - [TEST_STEP][PASSED] - Statement - StockQty = com.kms.katalon.core.webui.keyword.WebUiBuiltInKeywords.getAttribute(com.kms.katalon.core.testobject.ObjectRepository.findTestObject(Emergency/Page_Store/input_txtprice), "value"): Attribute 'value' of object 'Object Repository/Emergency/Page_Store/input_txtprice' is: '90'

2018-05-17 12:00:50 - [MESSAGE][PASSED] - Attribute 'value' of object 'Object Repository/Emergency/Page_Store/input_txtprice' is: '90'

2018-05-17 12:00:50 - [TEST_STEP][PASSED] - Statement - out.println("Stock QTY : " + StockQty): null

2018-05-17 12:00:50 - [TEST_STEP][PASSED] - delay: Delayed 2 second(s)

2018-05-17 12:00:52 - [MESSAGE][PASSED] - Delayed 2 second(s)

2018-05-17 12:00:52 - [TEST_STEP][PASSED] - Statement - If (java.lang.Integer.valueOf(StockQty) >= java.lang.Integer.valueOf(RequestedQty)): null

2018-05-17 12:00:52 - [TEST_STEP][PASSED] - delay: Delayed 1 second(s)

2018-05-17 12:00:53 - [MESSAGE][PASSED] - Delayed 1 second(s)

2018-05-17 12:00:53 - [TEST_STEP][PASSED] - setText: Text '10' is set on object 'Object Repository/Emergency/Page_Store/input_txtqty'

2018-05-17 12:00:53 - [MESSAGE][PASSED] - Text '10' is set on object 'Object Repository/Emergency/Page_Store/input_txtqty'

2018-05-17 12:00:53 - [TEST_STEP][PASSED] - click: Object: 'Object Repository/Emergency/Page_Store/button_Add' is clicked on

2018-05-17 12:00:53 - [MESSAGE][PASSED] - Object: 'Object Repository/Emergency/Page_Store/button_Add' is clicked on

2018-05-17 12:00:53 - [TEST_STEP][PASSED] - Statement - Break: null

2018-05-17 12:00:53 - [TEST_STEP][PASSED] - selectOptionByIndex: All options with index in [8] are selected on object 'Object Repository/Emergency/Page_Store/select_--Select--Amikacin -500'

2018-05-17 12:00:53 - [MESSAGE][PASSED] - All options with index in [8] are selected on object 'Object Repository/Emergency/Page_Store/select_--Select--Amikacin -500'

2018-05-17 12:00:53 - [TEST_STEP][PASSED] - delay: Delayed 2 second(s)

2018-05-17 12:00:55 - [MESSAGE][PASSED] - Delayed 2 second(s)

2018-05-17 12:00:55 - [TEST_STEP][PASSED] - Statement - RequestedQty = com.kms.katalon.core.webui.keyword.WebUiBuiltInKeywords.getAttribute(com.kms.katalon.core.testobject.ObjectRepository.findTestObject(Emergency/Page_Store/input_txttotal), "value"): Attribute 'value' of object 'Object Repository/Emergency/Page_Store/input_txttotal' is: '10'

2018-05-17 12:00:55 - [MESSAGE][PASSED] - Attribute 'value' of object 'Object Repository/Emergency/Page_Store/input_txttotal' is: '10'

2018-05-17 12:00:55 - [TEST_STEP][PASSED] - Statement - out.println("Requested QTY : " + RequestedQty): null

2018-05-17 12:00:55 - [TEST_STEP][PASSED] - Statement - BatchNumber = com.kms.katalon.core.webui.keyword.WebUiBuiltInKeywords.getNumberOfTotalOption(com.kms.katalon.core.testobject.ObjectRepository.findTestObject(Emergency/Page_Store/select_--Select--BA1150BA4110)): 3 options of object 'Object Repository/Emergency/Page_Store/select_--Select--BA1150BA4110' counted

2018-05-17 12:00:55 - [MESSAGE][PASSED] - 3 options of object 'Object Repository/Emergency/Page_Store/select_--Select--BA1150BA4110' counted

2018-05-17 12:00:55 - [TEST_STEP][PASSED] - Statement - out.println("BatchNumber : " + BatchNumber): null

2018-05-17 12:00:55 - [TEST_STEP][PASSED] - Statement - For ([g = 1, g <= BatchNumber - 1, (g++)]): null

2018-05-17 12:00:55 - [TEST_STEP][PASSED] - selectOptionByIndex: All options with index in [1] are selected on object 'Object Repository/Emergency/Page_Store/select_--Select--BA1150BA4110'

2018-05-17 12:00:56 - [MESSAGE][PASSED] - All options with index in [1] are selected on object 'Object Repository/Emergency/Page_Store/select_--Select--BA1150BA4110'

2018-05-17 12:00:56 - [TEST_STEP][PASSED] - delay: Delayed 2 second(s)

2018-05-17 12:00:58 - [MESSAGE][PASSED] - Delayed 2 second(s)

2018-05-17 12:00:58 - [TEST_STEP][PASSED] - Statement - Try: null

2018-05-17 12:00:58 - [TEST_STEP][PASSED] - Statement - StockQty = com.kms.katalon.core.webui.keyword.WebUiBuiltInKeywords.getAttribute(com.kms.katalon.core.testobject.ObjectRepository.findTestObject(Emergency/Page_Store/input_txtprice), "value"): Attribute 'value' of object 'Object Repository/Emergency/Page_Store/input_txtprice' is: '90'

2018-05-17 12:00:58 - [MESSAGE][PASSED] - Attribute 'value' of object 'Object Repository/Emergency/Page_Store/input_txtprice' is: '90'

2018-05-17 12:00:58 - [TEST_STEP][PASSED] - Statement - out.println("Stock QTY : " + StockQty): null

2018-05-17 12:00:58 - [TEST_STEP][PASSED] - delay: Delayed 2 second(s)

2018-05-17 12:01:00 - [MESSAGE][PASSED] - Delayed 2 second(s)

2018-05-17 12:01:00 - [TEST_STEP][PASSED] - Statement - If (java.lang.Integer.valueOf(StockQty) >= java.lang.Integer.valueOf(RequestedQty)): null

2018-05-17 12:01:00 - [TEST_STEP][PASSED] - delay: Delayed 1 second(s)

2018-05-17 12:01:01 - [MESSAGE][PASSED] - Delayed 1 second(s)

2018-05-17 12:01:01 - [TEST_STEP][PASSED] - setText: Text '10' is set on object 'Object Repository/Emergency/Page_Store/input_txtqty'

2018-05-17 12:01:01 - [MESSAGE][PASSED] - Text '10' is set on object 'Object Repository/Emergency/Page_Store/input_txtqty'

2018-05-17 12:01:01 - [TEST_STEP][PASSED] - click: Object: 'Object Repository/Emergency/Page_Store/button_Add' is clicked on

2018-05-17 12:01:01 - [MESSAGE][PASSED] - Object: 'Object Repository/Emergency/Page_Store/button_Add' is clicked on

2018-05-17 12:01:01 - [TEST_STEP][PASSED] - Statement - Break: null

2018-05-17 12:01:01 - [TEST_STEP][PASSED] - selectOptionByIndex: All options with index in [9] are selected on object 'Object Repository/Emergency/Page_Store/select_--Select--Amikacin -500'

2018-05-17 12:01:01 - [MESSAGE][PASSED] - All options with index in [9] are selected on object 'Object Repository/Emergency/Page_Store/select_--Select--Amikacin -500'

2018-05-17 12:01:01 - [TEST_STEP][PASSED] - delay: Delayed 2 second(s)

2018-05-17 12:01:03 - [MESSAGE][PASSED] - Delayed 2 second(s)

2018-05-17 12:01:03 - [TEST_STEP][PASSED] - Statement - RequestedQty = com.kms.katalon.core.webui.keyword.WebUiBuiltInKeywords.getAttribute(com.kms.katalon.core.testobject.ObjectRepository.findTestObject(Emergency/Page_Store/input_txttotal), "value"): Attribute 'value' of object 'Object Repository/Emergency/Page_Store/input_txttotal' is: '10'

2018-05-17 12:01:03 - [MESSAGE][PASSED] - Attribute 'value' of object 'Object Repository/Emergency/Page_Store/input_txttotal' is: '10'

2018-05-17 12:01:03 - [TEST_STEP][PASSED] - Statement - out.println("Requested QTY : " + RequestedQty): null

2018-05-17 12:01:03 - [TEST_STEP][PASSED] - Statement - BatchNumber = com.kms.katalon.core.webui.keyword.WebUiBuiltInKeywords.getNumberOfTotalOption(com.kms.katalon.core.testobject.ObjectRepository.findTestObject(Emergency/Page_Store/select_--Select--BA1150BA4110)): 3 options of object 'Object Repository/Emergency/Page_Store/select_--Select--BA1150BA4110' counted

2018-05-17 12:01:03 - [MESSAGE][PASSED] - 3 options of object 'Object Repository/Emergency/Page_Store/select_--Select--BA1150BA4110' counted

2018-05-17 12:01:03 - [TEST_STEP][PASSED] - Statement - out.println("BatchNumber : " + BatchNumber): null

2018-05-17 12:01:03 - [TEST_STEP][PASSED] - Statement - For ([g = 1, g <= BatchNumber - 1, (g++)]): null

2018-05-17 12:01:03 - [TEST_STEP][PASSED] - selectOptionByIndex: All options with index in [1] are selected on object 'Object Repository/Emergency/Page_Store/select_--Select--BA1150BA4110'

2018-05-17 12:01:03 - [MESSAGE][PASSED] - All options with index in [1] are selected on object 'Object Repository/Emergency/Page_Store/select_--Select--BA1150BA4110'

2018-05-17 12:01:03 - [TEST_STEP][PASSED] - delay: Delayed 2 second(s)

2018-05-17 12:01:05 - [MESSAGE][PASSED] - Delayed 2 second(s)

2018-05-17 12:01:05 - [TEST_STEP][PASSED] - Statement - Try: null

2018-05-17 12:01:05 - [TEST_STEP][PASSED] - Statement - StockQty = com.kms.katalon.core.webui.keyword.WebUiBuiltInKeywords.getAttribute(com.kms.katalon.core.testobject.ObjectRepository.findTestObject(Emergency/Page_Store/input_txtprice), "value"): Attribute 'value' of object 'Object Repository/Emergency/Page_Store/input_txtprice' is: '90'

2018-05-17 12:01:05 - [MESSAGE][PASSED] - Attribute 'value' of object 'Object Repository/Emergency/Page_Store/input_txtprice' is: '90'

2018-05-17 12:01:05 - [TEST_STEP][PASSED] - Statement - out.println("Stock QTY : " + StockQty): null

2018-05-17 12:01:05 - [TEST_STEP][PASSED] - delay: Delayed 2 second(s)

2018-05-17 12:01:07 - [MESSAGE][PASSED] - Delayed 2 second(s)

2018-05-17 12:01:07 - [TEST_STEP][PASSED] - Statement - If (java.lang.Integer.valueOf(StockQty) >= java.lang.Integer.valueOf(RequestedQty)): null

2018-05-17 12:01:07 - [TEST_STEP][PASSED] - delay: Delayed 1 second(s)

2018-05-17 12:01:08 - [MESSAGE][PASSED] - Delayed 1 second(s)

2018-05-17 12:01:08 - [TEST_STEP][PASSED] - setText: Text '10' is set on object 'Object Repository/Emergency/Page_Store/input_txtqty'

2018-05-17 12:01:08 - [MESSAGE][PASSED] - Text '10' is set on object 'Object Repository/Emergency/Page_Store/input_txtqty'

2018-05-17 12:01:08 - [TEST_STEP][PASSED] - click: Object: 'Object Repository/Emergency/Page_Store/button_Add' is clicked on

2018-05-17 12:01:08 - [MESSAGE][PASSED] - Object: 'Object Repository/Emergency/Page_Store/button_Add' is clicked on

2018-05-17 12:01:08 - [TEST_STEP][PASSED] - Statement - Break: null

2018-05-17 12:01:08 - [TEST_STEP][PASSED] - selectOptionByIndex: All options with index in [10] are selected on object 'Object Repository/Emergency/Page_Store/select_--Select--Amikacin -500'

2018-05-17 12:01:09 - [MESSAGE][PASSED] - All options with index in [10] are selected on object 'Object Repository/Emergency/Page_Store/select_--Select--Amikacin -500'

2018-05-17 12:01:09 - [TEST_STEP][PASSED] - delay: Delayed 2 second(s)

2018-05-17 12:01:11 - [MESSAGE][PASSED] - Delayed 2 second(s)

2018-05-17 12:01:11 - [TEST_STEP][PASSED] - Statement - RequestedQty = com.kms.katalon.core.webui.keyword.WebUiBuiltInKeywords.getAttribute(com.kms.katalon.core.testobject.ObjectRepository.findTestObject(Emergency/Page_Store/input_txttotal), "value"): Attribute 'value' of object 'Object Repository/Emergency/Page_Store/input_txttotal' is: '10'

2018-05-17 12:01:11 - [MESSAGE][PASSED] - Attribute 'value' of object 'Object Repository/Emergency/Page_Store/input_txttotal' is: '10'

2018-05-17 12:01:11 - [TEST_STEP][PASSED] - Statement - out.println("Requested QTY : " + RequestedQty): null

2018-05-17 12:01:11 - [TEST_STEP][PASSED] - Statement - BatchNumber = com.kms.katalon.core.webui.keyword.WebUiBuiltInKeywords.getNumberOfTotalOption(com.kms.katalon.core.testobject.ObjectRepository.findTestObject(Emergency/Page_Store/select_--Select--BA1150BA4110)): 3 options of object 'Object Repository/Emergency/Page_Store/select_--Select--BA1150BA4110' counted

2018-05-17 12:01:11 - [MESSAGE][PASSED] - 3 options of object 'Object Repository/Emergency/Page_Store/select_--Select--BA1150BA4110' counted

2018-05-17 12:01:11 - [TEST_STEP][PASSED] - Statement - out.println("BatchNumber : " + BatchNumber): null

2018-05-17 12:01:11 - [TEST_STEP][PASSED] - Statement - For ([g = 1, g <= BatchNumber - 1, (g++)]): null

2018-05-17 12:01:11 - [TEST_STEP][PASSED] - selectOptionByIndex: All options with index in [1] are selected on object 'Object Repository/Emergency/Page_Store/select_--Select--BA1150BA4110'

2018-05-17 12:01:11 - [MESSAGE][PASSED] - All options with index in [1] are selected on object 'Object Repository/Emergency/Page_Store/select_--Select--BA1150BA4110'

2018-05-17 12:01:11 - [TEST_STEP][PASSED] - delay: Delayed 2 second(s)

2018-05-17 12:01:13 - [MESSAGE][PASSED] - Delayed 2 second(s)

2018-05-17 12:01:13 - [TEST_STEP][PASSED] - Statement - Try: null

2018-05-17 12:01:13 - [TEST_STEP][PASSED] - Statement - StockQty = com.kms.katalon.core.webui.keyword.WebUiBuiltInKeywords.getAttribute(com.kms.katalon.core.testobject.ObjectRepository.findTestObject(Emergency/Page_Store/input_txtprice), "value"): Attribute 'value' of object 'Object Repository/Emergency/Page_Store/input_txtprice' is: '90'

2018-05-17 12:01:13 - [MESSAGE][PASSED] - Attribute 'value' of object 'Object Repository/Emergency/Page_Store/input_txtprice' is: '90'

2018-05-17 12:01:13 - [TEST_STEP][PASSED] - Statement - out.println("Stock QTY : " + StockQty): null

2018-05-17 12:01:13 - [TEST_STEP][PASSED] - delay: Delayed 2 second(s)

2018-05-17 12:01:15 - [MESSAGE][PASSED] - Delayed 2 second(s)

2018-05-17 12:01:15 - [TEST_STEP][PASSED] - Statement - If (java.lang.Integer.valueOf(StockQty) >= java.lang.Integer.valueOf(RequestedQty)): null

2018-05-17 12:01:15 - [TEST_STEP][PASSED] - delay: Delayed 1 second(s)

2018-05-17 12:01:16 - [MESSAGE][PASSED] - Delayed 1 second(s)

2018-05-17 12:01:16 - [TEST_STEP][PASSED] - setText: Text '10' is set on object 'Object Repository/Emergency/Page_Store/input_txtqty'

2018-05-17 12:01:16 - [MESSAGE][PASSED] - Text '10' is set on object 'Object Repository/Emergency/Page_Store/input_txtqty'

2018-05-17 12:01:16 - [TEST_STEP][PASSED] - click: Object: 'Object Repository/Emergency/Page_Store/button_Add' is clicked on

2018-05-17 12:01:16 - [MESSAGE][PASSED] - Object: 'Object Repository/Emergency/Page_Store/button_Add' is clicked on

2018-05-17 12:01:16 - [TEST_STEP][PASSED] - Statement - Break: null

2018-05-17 12:01:16 - [TEST_STEP][PASSED] - selectOptionByIndex: All options with index in [11] are selected on object 'Object Repository/Emergency/Page_Store/select_--Select--Amikacin -500'

2018-05-17 12:01:16 - [MESSAGE][PASSED] - All options with index in [11] are selected on object 'Object Repository/Emergency/Page_Store/select_--Select--Amikacin -500'

2018-05-17 12:01:16 - [TEST_STEP][PASSED] - delay: Delayed 2 second(s)

2018-05-17 12:01:18 - [MESSAGE][PASSED] - Delayed 2 second(s)

2018-05-17 12:01:18 - [TEST_STEP][PASSED] - Statement - RequestedQty = com.kms.katalon.core.webui.keyword.WebUiBuiltInKeywords.getAttribute(com.kms.katalon.core.testobject.ObjectRepository.findTestObject(Emergency/Page_Store/input_txttotal), "value"): Attribute 'value' of object 'Object Repository/Emergency/Page_Store/input_txttotal' is: '10'

2018-05-17 12:01:18 - [MESSAGE][PASSED] - Attribute 'value' of object 'Object Repository/Emergency/Page_Store/input_txttotal' is: '10'

2018-05-17 12:01:18 - [TEST_STEP][PASSED] - Statement - out.println("Requested QTY : " + RequestedQty): null

2018-05-17 12:01:18 - [TEST_STEP][PASSED] - Statement - BatchNumber = com.kms.katalon.core.webui.keyword.WebUiBuiltInKeywords.getNumberOfTotalOption(com.kms.katalon.core.testobject.ObjectRepository.findTestObject(Emergency/Page_Store/select_--Select--BA1150BA4110)): 3 options of object 'Object Repository/Emergency/Page_Store/select_--Select--BA1150BA4110' counted

2018-05-17 12:01:18 - [MESSAGE][PASSED] - 3 options of object 'Object Repository/Emergency/Page_Store/select_--Select--BA1150BA4110' counted

2018-05-17 12:01:18 - [TEST_STEP][PASSED] - Statement - out.println("BatchNumber : " + BatchNumber): null

2018-05-17 12:01:18 - [TEST_STEP][PASSED] - Statement - For ([g = 1, g <= BatchNumber - 1, (g++)]): null

2018-05-17 12:01:18 - [TEST_STEP][PASSED] - selectOptionByIndex: All options with index in [1] are selected on object 'Object Repository/Emergency/Page_Store/select_--Select--BA1150BA4110'

2018-05-17 12:01:18 - [MESSAGE][PASSED] - All options with index in [1] are selected on object 'Object Repository/Emergency/Page_Store/select_--Select--BA1150BA4110'

2018-05-17 12:01:18 - [TEST_STEP][PASSED] - delay: Delayed 2 second(s)

2018-05-17 12:01:20 - [MESSAGE][PASSED] - Delayed 2 second(s)

2018-05-17 12:01:20 - [TEST_STEP][PASSED] - Statement - Try: null

2018-05-17 12:01:20 - [TEST_STEP][PASSED] - Statement - StockQty = com.kms.katalon.core.webui.keyword.WebUiBuiltInKeywords.getAttribute(com.kms.katalon.core.testobject.ObjectRepository.findTestObject(Emergency/Page_Store/input_txtprice), "value"): Attribute 'value' of object 'Object Repository/Emergency/Page_Store/input_txtprice' is: '90'

2018-05-17 12:01:20 - [MESSAGE][PASSED] - Attribute 'value' of object 'Object Repository/Emergency/Page_Store/input_txtprice' is: '90'

2018-05-17 12:01:20 - [TEST_STEP][PASSED] - Statement - out.println("Stock QTY : " + StockQty): null

2018-05-17 12:01:20 - [TEST_STEP][PASSED] - delay: Delayed 2 second(s)

2018-05-17 12:01:22 - [MESSAGE][PASSED] - Delayed 2 second(s)

2018-05-17 12:01:22 - [TEST_STEP][PASSED] - Statement - If (java.lang.Integer.valueOf(StockQty) >= java.lang.Integer.valueOf(RequestedQty)): null

2018-05-17 12:01:22 - [TEST_STEP][PASSED] - delay: Delayed 1 second(s)

2018-05-17 12:01:23 - [MESSAGE][PASSED] - Delayed 1 second(s)

2018-05-17 12:01:23 - [TEST_STEP][PASSED] - setText: Text '10' is set on object 'Object Repository/Emergency/Page_Store/input_txtqty'

2018-05-17 12:01:24 - [MESSAGE][PASSED] - Text '10' is set on object 'Object Repository/Emergency/Page_Store/input_txtqty'

2018-05-17 12:01:24 - [TEST_STEP][PASSED] - click: Object: 'Object Repository/Emergency/Page_Store/button_Add' is clicked on

2018-05-17 12:01:24 - [MESSAGE][PASSED] - Object: 'Object Repository/Emergency/Page_Store/button_Add' is clicked on

2018-05-17 12:01:24 - [TEST_STEP][PASSED] - Statement - Break: null

2018-05-17 12:01:24 - [TEST_STEP][PASSED] - selectOptionByIndex: All options with index in [12] are selected on object 'Object Repository/Emergency/Page_Store/select_--Select--Amikacin -500'

2018-05-17 12:01:24 - [MESSAGE][PASSED] - All options with index in [12] are selected on object 'Object Repository/Emergency/Page_Store/select_--Select--Amikacin -500'

2018-05-17 12:01:24 - [TEST_STEP][PASSED] - delay: Delayed 2 second(s)

2018-05-17 12:01:26 - [MESSAGE][PASSED] - Delayed 2 second(s)

2018-05-17 12:01:26 - [TEST_STEP][PASSED] - Statement - RequestedQty = com.kms.katalon.core.webui.keyword.WebUiBuiltInKeywords.getAttribute(com.kms.katalon.core.testobject.ObjectRepository.findTestObject(Emergency/Page_Store/input_txttotal), "value"): Attribute 'value' of object 'Object Repository/Emergency/Page_Store/input_txttotal' is: '10'

2018-05-17 12:01:26 - [MESSAGE][PASSED] - Attribute 'value' of object 'Object Repository/Emergency/Page_Store/input_txttotal' is: '10'

2018-05-17 12:01:26 - [TEST_STEP][PASSED] - Statement - out.println("Requested QTY : " + RequestedQty): null

2018-05-17 12:01:26 - [TEST_STEP][PASSED] - Statement - BatchNumber = com.kms.katalon.core.webui.keyword.WebUiBuiltInKeywords.getNumberOfTotalOption(com.kms.katalon.core.testobject.ObjectRepository.findTestObject(Emergency/Page_Store/select_--Select--BA1150BA4110)): 2 options of object 'Object Repository/Emergency/Page_Store/select_--Select--BA1150BA4110' counted

2018-05-17 12:01:26 - [MESSAGE][PASSED] - 2 options of object 'Object Repository/Emergency/Page_Store/select_--Select--BA1150BA4110' counted

2018-05-17 12:01:26 - [TEST_STEP][PASSED] - Statement - out.println("BatchNumber : " + BatchNumber): null

2018-05-17 12:01:26 - [TEST_STEP][PASSED] - Statement - For ([g = 1, g <= BatchNumber - 1, (g++)]): null

2018-05-17 12:01:26 - [TEST_STEP][PASSED] - selectOptionByIndex: All options with index in [1] are selected on object 'Object Repository/Emergency/Page_Store/select_--Select--BA1150BA4110'

2018-05-17 12:01:26 - [MESSAGE][PASSED] - All options with index in [1] are selected on object 'Object Repository/Emergency/Page_Store/select_--Select--BA1150BA4110'

2018-05-17 12:01:26 - [TEST_STEP][PASSED] - delay: Delayed 2 second(s)

2018-05-17 12:01:28 - [MESSAGE][PASSED] - Delayed 2 second(s)

2018-05-17 12:01:28 - [TEST_STEP][PASSED] - Statement - Try: null

2018-05-17 12:01:28 - [TEST_STEP][PASSED] - Statement - StockQty = com.kms.katalon.core.webui.keyword.WebUiBuiltInKeywords.getAttribute(com.kms.katalon.core.testobject.ObjectRepository.findTestObject(Emergency/Page_Store/input_txtprice), "value"): Attribute 'value' of object 'Object Repository/Emergency/Page_Store/input_txtprice' is: '160'

2018-05-17 12:01:28 - [MESSAGE][PASSED] - Attribute 'value' of object 'Object Repository/Emergency/Page_Store/input_txtprice' is: '160'

2018-05-17 12:01:28 - [TEST_STEP][PASSED] - Statement - out.println("Stock QTY : " + StockQty): null

2018-05-17 12:01:28 - [TEST_STEP][PASSED] - delay: Delayed 2 second(s)

2018-05-17 12:01:30 - [MESSAGE][PASSED] - Delayed 2 second(s)

2018-05-17 12:01:30 - [TEST_STEP][PASSED] - Statement - If (java.lang.Integer.valueOf(StockQty) >= java.lang.Integer.valueOf(RequestedQty)): null

2018-05-17 12:01:30 - [TEST_STEP][PASSED] - delay: Delayed 1 second(s)

2018-05-17 12:01:31 - [MESSAGE][PASSED] - Delayed 1 second(s)

2018-05-17 12:01:31 - [TEST_STEP][PASSED] - setText: Text '10' is set on object 'Object Repository/Emergency/Page_Store/input_txtqty'

2018-05-17 12:01:31 - [MESSAGE][PASSED] - Text '10' is set on object 'Object Repository/Emergency/Page_Store/input_txtqty'

2018-05-17 12:01:31 - [TEST_STEP][PASSED] - click: Object: 'Object Repository/Emergency/Page_Store/button_Add' is clicked on

2018-05-17 12:01:31 - [MESSAGE][PASSED] - Object: 'Object Repository/Emergency/Page_Store/button_Add' is clicked on

2018-05-17 12:01:31 - [TEST_STEP][PASSED] - Statement - Break: null

2018-05-17 12:01:31 - [TEST_STEP][PASSED] - selectOptionByIndex: All options with index in [13] are selected on object 'Object Repository/Emergency/Page_Store/select_--Select--Amikacin -500'

2018-05-17 12:01:32 - [MESSAGE][PASSED] - All options with index in [13] are selected on object 'Object Repository/Emergency/Page_Store/select_--Select--Amikacin -500'

2018-05-17 12:01:32 - [TEST_STEP][PASSED] - delay: Delayed 2 second(s)

2018-05-17 12:01:34 - [MESSAGE][PASSED] - Delayed 2 second(s)

2018-05-17 12:01:34 - [TEST_STEP][PASSED] - Statement - RequestedQty = com.kms.katalon.core.webui.keyword.WebUiBuiltInKeywords.getAttribute(com.kms.katalon.core.testobject.ObjectRepository.findTestObject(Emergency/Page_Store/input_txttotal), "value"): Attribute 'value' of object 'Object Repository/Emergency/Page_Store/input_txttotal' is: '10'

2018-05-17 12:01:34 - [MESSAGE][PASSED] - Attribute 'value' of object 'Object Repository/Emergency/Page_Store/input_txttotal' is: '10'

2018-05-17 12:01:34 - [TEST_STEP][PASSED] - Statement - out.println("Requested QTY : " + RequestedQty): null

2018-05-17 12:01:34 - [TEST_STEP][PASSED] - Statement - BatchNumber = com.kms.katalon.core.webui.keyword.WebUiBuiltInKeywords.getNumberOfTotalOption(com.kms.katalon.core.testobject.ObjectRepository.findTestObject(Emergency/Page_Store/select_--Select--BA1150BA4110)): 3 options of object 'Object Repository/Emergency/Page_Store/select_--Select--BA1150BA4110' counted

2018-05-17 12:01:34 - [MESSAGE][PASSED] - 3 options of object 'Object Repository/Emergency/Page_Store/select_--Select--BA1150BA4110' counted

2018-05-17 12:01:34 - [TEST_STEP][PASSED] - Statement - out.println("BatchNumber : " + BatchNumber): null

2018-05-17 12:01:34 - [TEST_STEP][PASSED] - Statement - For ([g = 1, g <= BatchNumber - 1, (g++)]): null

2018-05-17 12:01:34 - [TEST_STEP][PASSED] - selectOptionByIndex: All options with index in [1] are selected on object 'Object Repository/Emergency/Page_Store/select_--Select--BA1150BA4110'

2018-05-17 12:01:34 - [MESSAGE][PASSED] - All options with index in [1] are selected on object 'Object Repository/Emergency/Page_Store/select_--Select--BA1150BA4110'

2018-05-17 12:01:34 - [TEST_STEP][PASSED] - delay: Delayed 2 second(s)

2018-05-17 12:01:36 - [MESSAGE][PASSED] - Delayed 2 second(s)

2018-05-17 12:01:36 - [TEST_STEP][PASSED] - Statement - Try: null

2018-05-17 12:01:36 - [TEST_STEP][PASSED] - Statement - StockQty = com.kms.katalon.core.webui.keyword.WebUiBuiltInKeywords.getAttribute(com.kms.katalon.core.testobject.ObjectRepository.findTestObject(Emergency/Page_Store/input_txtprice), "value"): Attribute 'value' of object 'Object Repository/Emergency/Page_Store/input_txtprice' is: '90'

2018-05-17 12:01:36 - [MESSAGE][PASSED] - Attribute 'value' of object 'Object Repository/Emergency/Page_Store/input_txtprice' is: '90'

2018-05-17 12:01:36 - [TEST_STEP][PASSED] - Statement - out.println("Stock QTY : " + StockQty): null

2018-05-17 12:01:36 - [TEST_STEP][PASSED] - delay: Delayed 2 second(s)

2018-05-17 12:01:38 - [MESSAGE][PASSED] - Delayed 2 second(s)

2018-05-17 12:01:38 - [TEST_STEP][PASSED] - Statement - If (java.lang.Integer.valueOf(StockQty) >= java.lang.Integer.valueOf(RequestedQty)): null

2018-05-17 12:01:38 - [TEST_STEP][PASSED] - delay: Delayed 1 second(s)

2018-05-17 12:01:39 - [MESSAGE][PASSED] - Delayed 1 second(s)

2018-05-17 12:01:39 - [TEST_STEP][PASSED] - setText: Text '10' is set on object 'Object Repository/Emergency/Page_Store/input_txtqty'

2018-05-17 12:01:39 - [MESSAGE][PASSED] - Text '10' is set on object 'Object Repository/Emergency/Page_Store/input_txtqty'

2018-05-17 12:01:39 - [TEST_STEP][PASSED] - click: Object: 'Object Repository/Emergency/Page_Store/button_Add' is clicked on

2018-05-17 12:01:39 - [MESSAGE][PASSED] - Object: 'Object Repository/Emergency/Page_Store/button_Add' is clicked on

2018-05-17 12:01:39 - [TEST_STEP][PASSED] - Statement - Break: null

2018-05-17 12:01:39 - [TEST_STEP][PASSED] - selectOptionByIndex: All options with index in [14] are selected on object 'Object Repository/Emergency/Page_Store/select_--Select--Amikacin -500'

2018-05-17 12:01:39 - [MESSAGE][PASSED] - All options with index in [14] are selected on object 'Object Repository/Emergency/Page_Store/select_--Select--Amikacin -500'

2018-05-17 12:01:39 - [TEST_STEP][PASSED] - delay: Delayed 2 second(s)

2018-05-17 12:01:41 - [MESSAGE][PASSED] - Delayed 2 second(s)

2018-05-17 12:01:41 - [TEST_STEP][PASSED] - Statement - RequestedQty = com.kms.katalon.core.webui.keyword.WebUiBuiltInKeywords.getAttribute(com.kms.katalon.core.testobject.ObjectRepository.findTestObject(Emergency/Page_Store/input_txttotal), "value"): Attribute 'value' of object 'Object Repository/Emergency/Page_Store/input_txttotal' is: '10'

2018-05-17 12:01:41 - [MESSAGE][PASSED] - Attribute 'value' of object 'Object Repository/Emergency/Page_Store/input_txttotal' is: '10'

2018-05-17 12:01:41 - [TEST_STEP][PASSED] - Statement - out.println("Requested QTY : " + RequestedQty): null

2018-05-17 12:01:41 - [TEST_STEP][PASSED] - Statement - BatchNumber = com.kms.katalon.core.webui.keyword.WebUiBuiltInKeywords.getNumberOfTotalOption(com.kms.katalon.core.testobject.ObjectRepository.findTestObject(Emergency/Page_Store/select_--Select--BA1150BA4110)): 2 options of object 'Object Repository/Emergency/Page_Store/select_--Select--BA1150BA4110' counted

2018-05-17 12:01:41 - [MESSAGE][PASSED] - 2 options of object 'Object Repository/Emergency/Page_Store/select_--Select--BA1150BA4110' counted

2018-05-17 12:01:41 - [TEST_STEP][PASSED] - Statement - out.println("BatchNumber : " + BatchNumber): null

2018-05-17 12:01:41 - [TEST_STEP][PASSED] - Statement - For ([g = 1, g <= BatchNumber - 1, (g++)]): null

2018-05-17 12:01:41 - [TEST_STEP][PASSED] - selectOptionByIndex: All options with index in [1] are selected on object 'Object Repository/Emergency/Page_Store/select_--Select--BA1150BA4110'

2018-05-17 12:01:41 - [MESSAGE][PASSED] - All options with index in [1] are selected on object 'Object Repository/Emergency/Page_Store/select_--Select--BA1150BA4110'

2018-05-17 12:01:41 - [TEST_STEP][PASSED] - delay: Delayed 2 second(s)

2018-05-17 12:01:43 - [MESSAGE][PASSED] - Delayed 2 second(s)

2018-05-17 12:01:43 - [TEST_STEP][PASSED] - Statement - Try: null

2018-05-17 12:01:43 - [TEST_STEP][PASSED] - Statement - StockQty = com.kms.katalon.core.webui.keyword.WebUiBuiltInKeywords.getAttribute(com.kms.katalon.core.testobject.ObjectRepository.findTestObject(Emergency/Page_Store/input_txtprice), "value"): Attribute 'value' of object 'Object Repository/Emergency/Page_Store/input_txtprice' is: '160'

2018-05-17 12:01:43 - [MESSAGE][PASSED] - Attribute 'value' of object 'Object Repository/Emergency/Page_Store/input_txtprice' is: '160'

2018-05-17 12:01:43 - [TEST_STEP][PASSED] - Statement - out.println("Stock QTY : " + StockQty): null

2018-05-17 12:01:43 - [TEST_STEP][PASSED] - delay: Delayed 2 second(s)

2018-05-17 12:01:45 - [MESSAGE][PASSED] - Delayed 2 second(s)

2018-05-17 12:01:45 - [TEST_STEP][PASSED] - Statement - If (java.lang.Integer.valueOf(StockQty) >= java.lang.Integer.valueOf(RequestedQty)): null

2018-05-17 12:01:45 - [TEST_STEP][PASSED] - delay: Delayed 1 second(s)

2018-05-17 12:01:46 - [MESSAGE][PASSED] - Delayed 1 second(s)

2018-05-17 12:01:46 - [TEST_STEP][PASSED] - setText: Text '10' is set on object 'Object Repository/Emergency/Page_Store/input_txtqty'

2018-05-17 12:01:47 - [MESSAGE][PASSED] - Text '10' is set on object 'Object Repository/Emergency/Page_Store/input_txtqty'

2018-05-17 12:01:47 - [TEST_STEP][PASSED] - click: Object: 'Object Repository/Emergency/Page_Store/button_Add' is clicked on

2018-05-17 12:01:47 - [MESSAGE][PASSED] - Object: 'Object Repository/Emergency/Page_Store/button_Add' is clicked on

2018-05-17 12:01:47 - [TEST_STEP][PASSED] - Statement - Break: null

2018-05-17 12:01:47 - [TEST_STEP][PASSED] - selectOptionByIndex: All options with index in [15] are selected on object 'Object Repository/Emergency/Page_Store/select_--Select--Amikacin -500'

2018-05-17 12:01:47 - [MESSAGE][PASSED] - All options with index in [15] are selected on object 'Object Repository/Emergency/Page_Store/select_--Select--Amikacin -500'

2018-05-17 12:01:47 - [TEST_STEP][PASSED] - delay: Delayed 2 second(s)

2018-05-17 12:01:49 - [MESSAGE][PASSED] - Delayed 2 second(s)

2018-05-17 12:01:49 - [TEST_STEP][PASSED] - Statement - RequestedQty = com.kms.katalon.core.webui.keyword.WebUiBuiltInKeywords.getAttribute(com.kms.katalon.core.testobject.ObjectRepository.findTestObject(Emergency/Page_Store/input_txttotal), "value"): Attribute 'value' of object 'Object Repository/Emergency/Page_Store/input_txttotal' is: '10'

2018-05-17 12:01:49 - [MESSAGE][PASSED] - Attribute 'value' of object 'Object Repository/Emergency/Page_Store/input_txttotal' is: '10'

2018-05-17 12:01:49 - [TEST_STEP][PASSED] - Statement - out.println("Requested QTY : " + RequestedQty): null

2018-05-17 12:01:49 - [TEST_STEP][PASSED] - Statement - BatchNumber = com.kms.katalon.core.webui.keyword.WebUiBuiltInKeywords.getNumberOfTotalOption(com.kms.katalon.core.testobject.ObjectRepository.findTestObject(Emergency/Page_Store/select_--Select--BA1150BA4110)): 2 options of object 'Object Repository/Emergency/Page_Store/select_--Select--BA1150BA4110' counted

2018-05-17 12:01:49 - [MESSAGE][PASSED] - 2 options of object 'Object Repository/Emergency/Page_Store/select_--Select--BA1150BA4110' counted

2018-05-17 12:01:49 - [TEST_STEP][PASSED] - Statement - out.println("BatchNumber : " + BatchNumber): null

2018-05-17 12:01:49 - [TEST_STEP][PASSED] - Statement - For ([g = 1, g <= BatchNumber - 1, (g++)]): null

2018-05-17 12:01:49 - [TEST_STEP][PASSED] - selectOptionByIndex: All options with index in [1] are selected on object 'Object Repository/Emergency/Page_Store/select_--Select--BA1150BA4110'

2018-05-17 12:01:49 - [MESSAGE][PASSED] - All options with index in [1] are selected on object 'Object Repository/Emergency/Page_Store/select_--Select--BA1150BA4110'

2018-05-17 12:01:49 - [TEST_STEP][PASSED] - delay: Delayed 2 second(s)

2018-05-17 12:01:51 - [MESSAGE][PASSED] - Delayed 2 second(s)

2018-05-17 12:01:51 - [TEST_STEP][PASSED] - Statement - Try: null

2018-05-17 12:01:51 - [TEST_STEP][PASSED] - Statement - StockQty = com.kms.katalon.core.webui.keyword.WebUiBuiltInKeywords.getAttribute(com.kms.katalon.core.testobject.ObjectRepository.findTestObject(Emergency/Page_Store/input_txtprice), "value"): Attribute 'value' of object 'Object Repository/Emergency/Page_Store/input_txtprice' is: '160'

2018-05-17 12:01:51 - [MESSAGE][PASSED] - Attribute 'value' of object 'Object Repository/Emergency/Page_Store/input_txtprice' is: '160'

2018-05-17 12:01:51 - [TEST_STEP][PASSED] - Statement - out.println("Stock QTY : " + StockQty): null

2018-05-17 12:01:51 - [TEST_STEP][PASSED] - delay: Delayed 2 second(s)

2018-05-17 12:01:53 - [MESSAGE][PASSED] - Delayed 2 second(s)

2018-05-17 12:01:53 - [TEST_STEP][PASSED] - Statement - If (java.lang.Integer.valueOf(StockQty) >= java.lang.Integer.valueOf(RequestedQty)): null

2018-05-17 12:01:53 - [TEST_STEP][PASSED] - delay: Delayed 1 second(s)

2018-05-17 12:01:54 - [MESSAGE][PASSED] - Delayed 1 second(s)

2018-05-17 12:01:54 - [TEST_STEP][PASSED] - setText: Text '10' is set on object 'Object Repository/Emergency/Page_Store/input_txtqty'

2018-05-17 12:01:54 - [MESSAGE][PASSED] - Text '10' is set on object 'Object Repository/Emergency/Page_Store/input_txtqty'

2018-05-17 12:01:54 - [TEST_STEP][PASSED] - click: Object: 'Object Repository/Emergency/Page_Store/button_Add' is clicked on

2018-05-17 12:01:54 - [MESSAGE][PASSED] - Object: 'Object Repository/Emergency/Page_Store/button_Add' is clicked on

2018-05-17 12:01:54 - [TEST_STEP][PASSED] - Statement - Break: null

2018-05-17 12:01:54 - [TEST_STEP][PASSED] - selectOptionByIndex: All options with index in [16] are selected on object 'Object Repository/Emergency/Page_Store/select_--Select--Amikacin -500'

2018-05-17 12:01:55 - [MESSAGE][PASSED] - All options with index in [16] are selected on object 'Object Repository/Emergency/Page_Store/select_--Select--Amikacin -500'

2018-05-17 12:01:55 - [TEST_STEP][PASSED] - delay: Delayed 2 second(s)

2018-05-17 12:01:57 - [MESSAGE][PASSED] - Delayed 2 second(s)

2018-05-17 12:01:57 - [TEST_STEP][PASSED] - Statement - RequestedQty = com.kms.katalon.core.webui.keyword.WebUiBuiltInKeywords.getAttribute(com.kms.katalon.core.testobject.ObjectRepository.findTestObject(Emergency/Page_Store/input_txttotal), "value"): Attribute 'value' of object 'Object Repository/Emergency/Page_Store/input_txttotal' is: '10'

2018-05-17 12:01:57 - [MESSAGE][PASSED] - Attribute 'value' of object 'Object Repository/Emergency/Page_Store/input_txttotal' is: '10'

2018-05-17 12:01:57 - [TEST_STEP][PASSED] - Statement - out.println("Requested QTY : " + RequestedQty): null

2018-05-17 12:01:57 - [TEST_STEP][PASSED] - Statement - BatchNumber = com.kms.katalon.core.webui.keyword.WebUiBuiltInKeywords.getNumberOfTotalOption(com.kms.katalon.core.testobject.ObjectRepository.findTestObject(Emergency/Page_Store/select_--Select--BA1150BA4110)): 3 options of object 'Object Repository/Emergency/Page_Store/select_--Select--BA1150BA4110' counted

2018-05-17 12:01:57 - [MESSAGE][PASSED] - 3 options of object 'Object Repository/Emergency/Page_Store/select_--Select--BA1150BA4110' counted

2018-05-17 12:01:57 - [TEST_STEP][PASSED] - Statement - out.println("BatchNumber : " + BatchNumber): null

2018-05-17 12:01:57 - [TEST_STEP][PASSED] - Statement - For ([g = 1, g <= BatchNumber - 1, (g++)]): null

2018-05-17 12:01:57 - [TEST_STEP][PASSED] - selectOptionByIndex: All options with index in [1] are selected on object 'Object Repository/Emergency/Page_Store/select_--Select--BA1150BA4110'

2018-05-17 12:01:57 - [MESSAGE][PASSED] - All options with index in [1] are selected on object 'Object Repository/Emergency/Page_Store/select_--Select--BA1150BA4110'

2018-05-17 12:01:57 - [TEST_STEP][PASSED] - delay: Delayed 2 second(s)

2018-05-17 12:01:59 - [MESSAGE][PASSED] - Delayed 2 second(s)

2018-05-17 12:01:59 - [TEST_STEP][PASSED] - Statement - Try: null

2018-05-17 12:01:59 - [TEST_STEP][PASSED] - Statement - StockQty = com.kms.katalon.core.webui.keyword.WebUiBuiltInKeywords.getAttribute(com.kms.katalon.core.testobject.ObjectRepository.findTestObject(Emergency/Page_Store/input_txtprice), "value"): Attribute 'value' of object 'Object Repository/Emergency/Page_Store/input_txtprice' is: '90'

2018-05-17 12:01:59 - [MESSAGE][PASSED] - Attribute 'value' of object 'Object Repository/Emergency/Page_Store/input_txtprice' is: '90'

2018-05-17 12:01:59 - [TEST_STEP][PASSED] - Statement - out.println("Stock QTY : " + StockQty): null

2018-05-17 12:01:59 - [TEST_STEP][PASSED] - delay: Delayed 2 second(s)

2018-05-17 12:02:01 - [MESSAGE][PASSED] - Delayed 2 second(s)

2018-05-17 12:02:01 - [TEST_STEP][PASSED] - Statement - If (java.lang.Integer.valueOf(StockQty) >= java.lang.Integer.valueOf(RequestedQty)): null

2018-05-17 12:02:01 - [TEST_STEP][PASSED] - delay: Delayed 1 second(s)

2018-05-17 12:02:02 - [MESSAGE][PASSED] - Delayed 1 second(s)

2018-05-17 12:02:02 - [TEST_STEP][PASSED] - setText: Text '10' is set on object 'Object Repository/Emergency/Page_Store/input_txtqty'

2018-05-17 12:02:02 - [MESSAGE][PASSED] - Text '10' is set on object 'Object Repository/Emergency/Page_Store/input_txtqty'

2018-05-17 12:02:02 - [TEST_STEP][PASSED] - click: Object: 'Object Repository/Emergency/Page_Store/button_Add' is clicked on

2018-05-17 12:02:02 - [MESSAGE][PASSED] - Object: 'Object Repository/Emergency/Page_Store/button_Add' is clicked on

2018-05-17 12:02:02 - [TEST_STEP][PASSED] - Statement - Break: null

2018-05-17 12:02:02 - [TEST_STEP][PASSED] - selectOptionByIndex: All options with index in [17] are selected on object 'Object Repository/Emergency/Page_Store/select_--Select--Amikacin -500'

2018-05-17 12:02:02 - [MESSAGE][PASSED] - All options with index in [17] are selected on object 'Object Repository/Emergency/Page_Store/select_--Select--Amikacin -500'

2018-05-17 12:02:02 - [TEST_STEP][PASSED] - delay: Delayed 2 second(s)

2018-05-17 12:02:04 - [MESSAGE][PASSED] - Delayed 2 second(s)

2018-05-17 12:02:04 - [TEST_STEP][PASSED] - Statement - RequestedQty = com.kms.katalon.core.webui.keyword.WebUiBuiltInKeywords.getAttribute(com.kms.katalon.core.testobject.ObjectRepository.findTestObject(Emergency/Page_Store/input_txttotal), "value"): Attribute 'value' of object 'Object Repository/Emergency/Page_Store/input_txttotal' is: '10'

2018-05-17 12:02:04 - [MESSAGE][PASSED] - Attribute 'value' of object 'Object Repository/Emergency/Page_Store/input_txttotal' is: '10'

2018-05-17 12:02:04 - [TEST_STEP][PASSED] - Statement - out.println("Requested QTY : " + RequestedQty): null

2018-05-17 12:02:04 - [TEST_STEP][PASSED] - Statement - BatchNumber = com.kms.katalon.core.webui.keyword.WebUiBuiltInKeywords.getNumberOfTotalOption(com.kms.katalon.core.testobject.ObjectRepository.findTestObject(Emergency/Page_Store/select_--Select--BA1150BA4110)): 3 options of object 'Object Repository/Emergency/Page_Store/select_--Select--BA1150BA4110' counted

2018-05-17 12:02:04 - [MESSAGE][PASSED] - 3 options of object 'Object Repository/Emergency/Page_Store/select_--Select--BA1150BA4110' counted

2018-05-17 12:02:04 - [TEST_STEP][PASSED] - Statement - out.println("BatchNumber : " + BatchNumber): null

2018-05-17 12:02:04 - [TEST_STEP][PASSED] - Statement - For ([g = 1, g <= BatchNumber - 1, (g++)]): null

2018-05-17 12:02:04 - [TEST_STEP][PASSED] - selectOptionByIndex: All options with index in [1] are selected on object 'Object Repository/Emergency/Page_Store/select_--Select--BA1150BA4110'

2018-05-17 12:02:04 - [MESSAGE][PASSED] - All options with index in [1] are selected on object 'Object Repository/Emergency/Page_Store/select_--Select--BA1150BA4110'

2018-05-17 12:02:04 - [TEST_STEP][PASSED] - delay: Delayed 2 second(s)

2018-05-17 12:02:06 - [MESSAGE][PASSED] - Delayed 2 second(s)

2018-05-17 12:02:06 - [TEST_STEP][PASSED] - Statement - Try: null

2018-05-17 12:02:06 - [TEST_STEP][PASSED] - Statement - StockQty = com.kms.katalon.core.webui.keyword.WebUiBuiltInKeywords.getAttribute(com.kms.katalon.core.testobject.ObjectRepository.findTestObject(Emergency/Page_Store/input_txtprice), "value"): Attribute 'value' of object 'Object Repository/Emergency/Page_Store/input_txtprice' is: '90'

2018-05-17 12:02:08 - [MESSAGE][PASSED] - Attribute 'value' of object 'Object Repository/Emergency/Page_Store/input_txtprice' is: '90'

2018-05-17 12:02:08 - [TEST_STEP][PASSED] - Statement - out.println("Stock QTY : " + StockQty): null

2018-05-17 12:02:08 - [TEST_STEP][PASSED] - delay: Delayed 2 second(s)

2018-05-17 12:02:10 - [MESSAGE][PASSED] - Delayed 2 second(s)

2018-05-17 12:02:10 - [TEST_STEP][PASSED] - Statement - If (java.lang.Integer.valueOf(StockQty) >= java.lang.Integer.valueOf(RequestedQty)): null

2018-05-17 12:02:10 - [TEST_STEP][PASSED] - delay: Delayed 1 second(s)

2018-05-17 12:02:11 - [MESSAGE][PASSED] - Delayed 1 second(s)

2018-05-17 12:02:11 - [TEST_STEP][PASSED] - setText: Text '10' is set on object 'Object Repository/Emergency/Page_Store/input_txtqty'

2018-05-17 12:02:11 - [MESSAGE][PASSED] - Text '10' is set on object 'Object Repository/Emergency/Page_Store/input_txtqty'

2018-05-17 12:02:11 - [TEST_STEP][PASSED] - click: Object: 'Object Repository/Emergency/Page_Store/button_Add' is clicked on

2018-05-17 12:02:11 - [MESSAGE][PASSED] - Object: 'Object Repository/Emergency/Page_Store/button_Add' is clicked on

2018-05-17 12:02:11 - [TEST_STEP][PASSED] - Statement - Break: null

2018-05-17 12:02:11 - [TEST_STEP][PASSED] - selectOptionByIndex: All options with index in [18] are selected on object 'Object Repository/Emergency/Page_Store/select_--Select--Amikacin -500'

2018-05-17 12:02:11 - [MESSAGE][PASSED] - All options with index in [18] are selected on object 'Object Repository/Emergency/Page_Store/select_--Select--Amikacin -500'

2018-05-17 12:02:11 - [TEST_STEP][PASSED] - delay: Delayed 2 second(s)

2018-05-17 12:02:13 - [MESSAGE][PASSED] - Delayed 2 second(s)

2018-05-17 12:02:13 - [TEST_STEP][PASSED] - Statement - RequestedQty = com.kms.katalon.core.webui.keyword.WebUiBuiltInKeywords.getAttribute(com.kms.katalon.core.testobject.ObjectRepository.findTestObject(Emergency/Page_Store/input_txttotal), "value"): Attribute 'value' of object 'Object Repository/Emergency/Page_Store/input_txttotal' is: '10'

2018-05-17 12:02:13 - [MESSAGE][PASSED] - Attribute 'value' of object 'Object Repository/Emergency/Page_Store/input_txttotal' is: '10'

2018-05-17 12:02:13 - [TEST_STEP][PASSED] - Statement - out.println("Requested QTY : " + RequestedQty): null

2018-05-17 12:02:13 - [TEST_STEP][PASSED] - Statement - BatchNumber = com.kms.katalon.core.webui.keyword.WebUiBuiltInKeywords.getNumberOfTotalOption(com.kms.katalon.core.testobject.ObjectRepository.findTestObject(Emergency/Page_Store/select_--Select--BA1150BA4110)): 3 options of object 'Object Repository/Emergency/Page_Store/select_--Select--BA1150BA4110' counted

2018-05-17 12:02:13 - [MESSAGE][PASSED] - 3 options of object 'Object Repository/Emergency/Page_Store/select_--Select--BA1150BA4110' counted

2018-05-17 12:02:13 - [TEST_STEP][PASSED] - Statement - out.println("BatchNumber : " + BatchNumber): null

2018-05-17 12:02:13 - [TEST_STEP][PASSED] - Statement - For ([g = 1, g <= BatchNumber - 1, (g++)]): null

2018-05-17 12:02:13 - [TEST_STEP][PASSED] - selectOptionByIndex: All options with index in [1] are selected on object 'Object Repository/Emergency/Page_Store/select_--Select--BA1150BA4110'

2018-05-17 12:02:13 - [MESSAGE][PASSED] - All options with index in [1] are selected on object 'Object Repository/Emergency/Page_Store/select_--Select--BA1150BA4110'

2018-05-17 12:02:13 - [TEST_STEP][PASSED] - delay: Delayed 2 second(s)

2018-05-17 12:02:15 - [MESSAGE][PASSED] - Delayed 2 second(s)

2018-05-17 12:02:15 - [TEST_STEP][PASSED] - Statement - Try: null

2018-05-17 12:02:15 - [TEST_STEP][PASSED] - Statement - StockQty = com.kms.katalon.core.webui.keyword.WebUiBuiltInKeywords.getAttribute(com.kms.katalon.core.testobject.ObjectRepository.findTestObject(Emergency/Page_Store/input_txtprice), "value"): Attribute 'value' of object 'Object Repository/Emergency/Page_Store/input_txtprice' is: '90'

2018-05-17 12:02:15 - [MESSAGE][PASSED] - Attribute 'value' of object 'Object Repository/Emergency/Page_Store/input_txtprice' is: '90'

2018-05-17 12:02:15 - [TEST_STEP][PASSED] - Statement - out.println("Stock QTY : " + StockQty): null

2018-05-17 12:02:15 - [TEST_STEP][PASSED] - delay: Delayed 2 second(s)

2018-05-17 12:02:17 - [MESSAGE][PASSED] - Delayed 2 second(s)

2018-05-17 12:02:17 - [TEST_STEP][PASSED] - Statement - If (java.lang.Integer.valueOf(StockQty) >= java.lang.Integer.valueOf(RequestedQty)): null

2018-05-17 12:02:17 - [TEST_STEP][PASSED] - delay: Delayed 1 second(s)

2018-05-17 12:02:18 - [MESSAGE][PASSED] - Delayed 1 second(s)

2018-05-17 12:02:18 - [TEST_STEP][PASSED] - setText: Text '10' is set on object 'Object Repository/Emergency/Page_Store/input_txtqty'

2018-05-17 12:02:18 - [MESSAGE][PASSED] - Text '10' is set on object 'Object Repository/Emergency/Page_Store/input_txtqty'

2018-05-17 12:02:18 - [TEST_STEP][PASSED] - click: Object: 'Object Repository/Emergency/Page_Store/button_Add' is clicked on

2018-05-17 12:02:18 - [MESSAGE][PASSED] - Object: 'Object Repository/Emergency/Page_Store/button_Add' is clicked on

2018-05-17 12:02:18 - [TEST_STEP][PASSED] - Statement - Break: null

2018-05-17 12:02:18 - [TEST_STEP][PASSED] - selectOptionByIndex: All options with index in [19] are selected on object 'Object Repository/Emergency/Page_Store/select_--Select--Amikacin -500'

2018-05-17 12:02:19 - [MESSAGE][PASSED] - All options with index in [19] are selected on object 'Object Repository/Emergency/Page_Store/select_--Select--Amikacin -500'

2018-05-17 12:02:19 - [TEST_STEP][PASSED] - delay: Delayed 2 second(s)

2018-05-17 12:02:21 - [MESSAGE][PASSED] - Delayed 2 second(s)

2018-05-17 12:02:21 - [TEST_STEP][PASSED] - Statement - RequestedQty = com.kms.katalon.core.webui.keyword.WebUiBuiltInKeywords.getAttribute(com.kms.katalon.core.testobject.ObjectRepository.findTestObject(Emergency/Page_Store/input_txttotal), "value"): Attribute 'value' of object 'Object Repository/Emergency/Page_Store/input_txttotal' is: '10'

2018-05-17 12:02:21 - [MESSAGE][PASSED] - Attribute 'value' of object 'Object Repository/Emergency/Page_Store/input_txttotal' is: '10'

2018-05-17 12:02:21 - [TEST_STEP][PASSED] - Statement - out.println("Requested QTY : " + RequestedQty): null

2018-05-17 12:02:21 - [TEST_STEP][PASSED] - Statement - BatchNumber = com.kms.katalon.core.webui.keyword.WebUiBuiltInKeywords.getNumberOfTotalOption(com.kms.katalon.core.testobject.ObjectRepository.findTestObject(Emergency/Page_Store/select_--Select--BA1150BA4110)): 3 options of object 'Object Repository/Emergency/Page_Store/select_--Select--BA1150BA4110' counted

2018-05-17 12:02:21 - [MESSAGE][PASSED] - 3 options of object 'Object Repository/Emergency/Page_Store/select_--Select--BA1150BA4110' counted

2018-05-17 12:02:21 - [TEST_STEP][PASSED] - Statement - out.println("BatchNumber : " + BatchNumber): null

2018-05-17 12:02:21 - [TEST_STEP][PASSED] - Statement - For ([g = 1, g <= BatchNumber - 1, (g++)]): null

2018-05-17 12:02:21 - [TEST_STEP][PASSED] - selectOptionByIndex: All options with index in [1] are selected on object 'Object Repository/Emergency/Page_Store/select_--Select--BA1150BA4110'

2018-05-17 12:02:21 - [MESSAGE][PASSED] - All options with index in [1] are selected on object 'Object Repository/Emergency/Page_Store/select_--Select--BA1150BA4110'

2018-05-17 12:02:21 - [TEST_STEP][PASSED] - delay: Delayed 2 second(s)

2018-05-17 12:02:23 - [MESSAGE][PASSED] - Delayed 2 second(s)

2018-05-17 12:02:23 - [TEST_STEP][PASSED] - Statement - Try: null

2018-05-17 12:02:23 - [TEST_STEP][PASSED] - Statement - StockQty = com.kms.katalon.core.webui.keyword.WebUiBuiltInKeywords.getAttribute(com.kms.katalon.core.testobject.ObjectRepository.findTestObject(Emergency/Page_Store/input_txtprice), "value"): Attribute 'value' of object 'Object Repository/Emergency/Page_Store/input_txtprice' is: '90'

2018-05-17 12:02:23 - [MESSAGE][PASSED] - Attribute 'value' of object 'Object Repository/Emergency/Page_Store/input_txtprice' is: '90'

2018-05-17 12:02:23 - [TEST_STEP][PASSED] - Statement - out.println("Stock QTY : " + StockQty): null

2018-05-17 12:02:23 - [TEST_STEP][PASSED] - delay: Delayed 2 second(s)

2018-05-17 12:02:25 - [MESSAGE][PASSED] - Delayed 2 second(s)

2018-05-17 12:02:25 - [TEST_STEP][PASSED] - Statement - If (java.lang.Integer.valueOf(StockQty) >= java.lang.Integer.valueOf(RequestedQty)): null

2018-05-17 12:02:25 - [TEST_STEP][PASSED] - delay: Delayed 1 second(s)

2018-05-17 12:02:26 - [MESSAGE][PASSED] - Delayed 1 second(s)

2018-05-17 12:02:26 - [TEST_STEP][PASSED] - setText: Text '10' is set on object 'Object Repository/Emergency/Page_Store/input_txtqty'

2018-05-17 12:02:26 - [MESSAGE][PASSED] - Text '10' is set on object 'Object Repository/Emergency/Page_Store/input_txtqty'

2018-05-17 12:02:26 - [TEST_STEP][PASSED] - click: Object: 'Object Repository/Emergency/Page_Store/button_Add' is clicked on

2018-05-17 12:02:26 - [MESSAGE][PASSED] - Object: 'Object Repository/Emergency/Page_Store/button_Add' is clicked on

2018-05-17 12:02:26 - [TEST_STEP][PASSED] - Statement - Break: null

2018-05-17 12:02:26 - [TEST_STEP][PASSED] - selectOptionByIndex: All options with index in [20] are selected on object 'Object Repository/Emergency/Page_Store/select_--Select--Amikacin -500'

2018-05-17 12:02:26 - [MESSAGE][PASSED] - All options with index in [20] are selected on object 'Object Repository/Emergency/Page_Store/select_--Select--Amikacin -500'

2018-05-17 12:02:26 - [TEST_STEP][PASSED] - delay: Delayed 2 second(s)

2018-05-17 12:02:28 - [MESSAGE][PASSED] - Delayed 2 second(s)

2018-05-17 12:02:28 - [TEST_STEP][PASSED] - Statement - RequestedQty = com.kms.katalon.core.webui.keyword.WebUiBuiltInKeywords.getAttribute(com.kms.katalon.core.testobject.ObjectRepository.findTestObject(Emergency/Page_Store/input_txttotal), "value"): Attribute 'value' of object 'Object Repository/Emergency/Page_Store/input_txttotal' is: '10'

2018-05-17 12:02:28 - [MESSAGE][PASSED] - Attribute 'value' of object 'Object Repository/Emergency/Page_Store/input_txttotal' is: '10'

2018-05-17 12:02:28 - [TEST_STEP][PASSED] - Statement - out.println("Requested QTY : " + RequestedQty): null

2018-05-17 12:02:28 - [TEST_STEP][PASSED] - Statement - BatchNumber = com.kms.katalon.core.webui.keyword.WebUiBuiltInKeywords.getNumberOfTotalOption(com.kms.katalon.core.testobject.ObjectRepository.findTestObject(Emergency/Page_Store/select_--Select--BA1150BA4110)): 3 options of object 'Object Repository/Emergency/Page_Store/select_--Select--BA1150BA4110' counted

2018-05-17 12:02:29 - [MESSAGE][PASSED] - 3 options of object 'Object Repository/Emergency/Page_Store/select_--Select--BA1150BA4110' counted

2018-05-17 12:02:29 - [TEST_STEP][PASSED] - Statement - out.println("BatchNumber : " + BatchNumber): null

2018-05-17 12:02:29 - [TEST_STEP][PASSED] - Statement - For ([g = 1, g <= BatchNumber - 1, (g++)]): null

2018-05-17 12:02:29 - [TEST_STEP][PASSED] - selectOptionByIndex: All options with index in [1] are selected on object 'Object Repository/Emergency/Page_Store/select_--Select--BA1150BA4110'

2018-05-17 12:02:29 - [MESSAGE][PASSED] - All options with index in [1] are selected on object 'Object Repository/Emergency/Page_Store/select_--Select--BA1150BA4110'

2018-05-17 12:02:29 - [TEST_STEP][PASSED] - delay: Delayed 2 second(s)

2018-05-17 12:02:31 - [MESSAGE][PASSED] - Delayed 2 second(s)

2018-05-17 12:02:31 - [TEST_STEP][PASSED] - Statement - Try: null

2018-05-17 12:02:31 - [TEST_STEP][PASSED] - Statement - StockQty = com.kms.katalon.core.webui.keyword.WebUiBuiltInKeywords.getAttribute(com.kms.katalon.core.testobject.ObjectRepository.findTestObject(Emergency/Page_Store/input_txtprice), "value"): Attribute 'value' of object 'Object Repository/Emergency/Page_Store/input_txtprice' is: '90'

2018-05-17 12:02:31 - [MESSAGE][PASSED] - Attribute 'value' of object 'Object Repository/Emergency/Page_Store/input_txtprice' is: '90'

2018-05-17 12:02:31 - [TEST_STEP][PASSED] - Statement - out.println("Stock QTY : " + StockQty): null

2018-05-17 12:02:31 - [TEST_STEP][PASSED] - delay: Delayed 2 second(s)

2018-05-17 12:02:33 - [MESSAGE][PASSED] - Delayed 2 second(s)

2018-05-17 12:02:33 - [TEST_STEP][PASSED] - Statement - If (java.lang.Integer.valueOf(StockQty) >= java.lang.Integer.valueOf(RequestedQty)): null

2018-05-17 12:02:33 - [TEST_STEP][PASSED] - delay: Delayed 1 second(s)

2018-05-17 12:02:34 - [MESSAGE][PASSED] - Delayed 1 second(s)

2018-05-17 12:02:34 - [TEST_STEP][PASSED] - setText: Text '10' is set on object 'Object Repository/Emergency/Page_Store/input_txtqty'

2018-05-17 12:02:34 - [MESSAGE][PASSED] - Text '10' is set on object 'Object Repository/Emergency/Page_Store/input_txtqty'

2018-05-17 12:02:34 - [TEST_STEP][PASSED] - click: Object: 'Object Repository/Emergency/Page_Store/button_Add' is clicked on

2018-05-17 12:02:34 - [MESSAGE][PASSED] - Object: 'Object Repository/Emergency/Page_Store/button_Add' is clicked on

2018-05-17 12:02:34 - [TEST_STEP][PASSED] - Statement - Break: null

2018-05-17 12:02:34 - [TEST_STEP][PASSED] - selectOptionByIndex: All options with index in [21] are selected on object 'Object Repository/Emergency/Page_Store/select_--Select--Amikacin -500'

2018-05-17 12:02:34 - [MESSAGE][PASSED] - All options with index in [21] are selected on object 'Object Repository/Emergency/Page_Store/select_--Select--Amikacin -500'

2018-05-17 12:02:34 - [TEST_STEP][PASSED] - delay: Delayed 2 second(s)

2018-05-17 12:02:36 - [MESSAGE][PASSED] - Delayed 2 second(s)

2018-05-17 12:02:36 - [TEST_STEP][PASSED] - Statement - RequestedQty = com.kms.katalon.core.webui.keyword.WebUiBuiltInKeywords.getAttribute(com.kms.katalon.core.testobject.ObjectRepository.findTestObject(Emergency/Page_Store/input_txttotal), "value"): Attribute 'value' of object 'Object Repository/Emergency/Page_Store/input_txttotal' is: '10'

2018-05-17 12:02:36 - [MESSAGE][PASSED] - Attribute 'value' of object 'Object Repository/Emergency/Page_Store/input_txttotal' is: '10'

2018-05-17 12:02:36 - [TEST_STEP][PASSED] - Statement - out.println("Requested QTY : " + RequestedQty): null

2018-05-17 12:02:36 - [TEST_STEP][PASSED] - Statement - BatchNumber = com.kms.katalon.core.webui.keyword.WebUiBuiltInKeywords.getNumberOfTotalOption(com.kms.katalon.core.testobject.ObjectRepository.findTestObject(Emergency/Page_Store/select_--Select--BA1150BA4110)): 3 options of object 'Object Repository/Emergency/Page_Store/select_--Select--BA1150BA4110' counted

2018-05-17 12:02:36 - [MESSAGE][PASSED] - 3 options of object 'Object Repository/Emergency/Page_Store/select_--Select--BA1150BA4110' counted

2018-05-17 12:02:36 - [TEST_STEP][PASSED] - Statement - out.println("BatchNumber : " + BatchNumber): null

2018-05-17 12:02:36 - [TEST_STEP][PASSED] - Statement - For ([g = 1, g <= BatchNumber - 1, (g++)]): null

2018-05-17 12:02:36 - [TEST_STEP][PASSED] - selectOptionByIndex: All options with index in [1] are selected on object 'Object Repository/Emergency/Page_Store/select_--Select--BA1150BA4110'

2018-05-17 12:02:36 - [MESSAGE][PASSED] - All options with index in [1] are selected on object 'Object Repository/Emergency/Page_Store/select_--Select--BA1150BA4110'

2018-05-17 12:02:36 - [TEST_STEP][PASSED] - delay: Delayed 2 second(s)

2018-05-17 12:02:38 - [MESSAGE][PASSED] - Delayed 2 second(s)

2018-05-17 12:02:38 - [TEST_STEP][PASSED] - Statement - Try: null

2018-05-17 12:02:38 - [TEST_STEP][PASSED] - Statement - StockQty = com.kms.katalon.core.webui.keyword.WebUiBuiltInKeywords.getAttribute(com.kms.katalon.core.testobject.ObjectRepository.findTestObject(Emergency/Page_Store/input_txtprice), "value"): Attribute 'value' of object 'Object Repository/Emergency/Page_Store/input_txtprice' is: '90'

2018-05-17 12:02:38 - [MESSAGE][PASSED] - Attribute 'value' of object 'Object Repository/Emergency/Page_Store/input_txtprice' is: '90'

2018-05-17 12:02:38 - [TEST_STEP][PASSED] - Statement - out.println("Stock QTY : " + StockQty): null

2018-05-17 12:02:38 - [TEST_STEP][PASSED] - delay: Delayed 2 second(s)

2018-05-17 12:02:40 - [MESSAGE][PASSED] - Delayed 2 second(s)

2018-05-17 12:02:40 - [TEST_STEP][PASSED] - Statement - If (java.lang.Integer.valueOf(StockQty) >= java.lang.Integer.valueOf(RequestedQty)): null

2018-05-17 12:02:40 - [TEST_STEP][PASSED] - delay: Delayed 1 second(s)

2018-05-17 12:02:41 - [MESSAGE][PASSED] - Delayed 1 second(s)

2018-05-17 12:02:41 - [TEST_STEP][PASSED] - setText: Text '10' is set on object 'Object Repository/Emergency/Page_Store/input_txtqty'

2018-05-17 12:02:41 - [MESSAGE][PASSED] - Text '10' is set on object 'Object Repository/Emergency/Page_Store/input_txtqty'

2018-05-17 12:02:41 - [TEST_STEP][PASSED] - click: Object: 'Object Repository/Emergency/Page_Store/button_Add' is clicked on

2018-05-17 12:02:42 - [MESSAGE][PASSED] - Object: 'Object Repository/Emergency/Page_Store/button_Add' is clicked on

2018-05-17 12:02:42 - [TEST_STEP][PASSED] - Statement - Break: null

2018-05-17 12:02:42 - [TEST_STEP][PASSED] - selectOptionByIndex: All options with index in [22] are selected on object 'Object Repository/Emergency/Page_Store/select_--Select--Amikacin -500'

2018-05-17 12:02:42 - [MESSAGE][PASSED] - All options with index in [22] are selected on object 'Object Repository/Emergency/Page_Store/select_--Select--Amikacin -500'

2018-05-17 12:02:42 - [TEST_STEP][PASSED] - delay: Delayed 2 second(s)

2018-05-17 12:02:44 - [MESSAGE][PASSED] - Delayed 2 second(s)

2018-05-17 12:02:44 - [TEST_STEP][PASSED] - Statement - RequestedQty = com.kms.katalon.core.webui.keyword.WebUiBuiltInKeywords.getAttribute(com.kms.katalon.core.testobject.ObjectRepository.findTestObject(Emergency/Page_Store/input_txttotal), "value"): Attribute 'value' of object 'Object Repository/Emergency/Page_Store/input_txttotal' is: '10'

2018-05-17 12:02:44 - [MESSAGE][PASSED] - Attribute 'value' of object 'Object Repository/Emergency/Page_Store/input_txttotal' is: '10'

2018-05-17 12:02:44 - [TEST_STEP][PASSED] - Statement - out.println("Requested QTY : " + RequestedQty): null

2018-05-17 12:02:44 - [TEST_STEP][PASSED] - Statement - BatchNumber = com.kms.katalon.core.webui.keyword.WebUiBuiltInKeywords.getNumberOfTotalOption(com.kms.katalon.core.testobject.ObjectRepository.findTestObject(Emergency/Page_Store/select_--Select--BA1150BA4110)): 3 options of object 'Object Repository/Emergency/Page_Store/select_--Select--BA1150BA4110' counted

2018-05-17 12:02:44 - [MESSAGE][PASSED] - 3 options of object 'Object Repository/Emergency/Page_Store/select_--Select--BA1150BA4110' counted

2018-05-17 12:02:44 - [TEST_STEP][PASSED] - Statement - out.println("BatchNumber : " + BatchNumber): null

2018-05-17 12:02:44 - [TEST_STEP][PASSED] - Statement - For ([g = 1, g <= BatchNumber - 1, (g++)]): null

2018-05-17 12:02:44 - [TEST_STEP][PASSED] - selectOptionByIndex: All options with index in [1] are selected on object 'Object Repository/Emergency/Page_Store/select_--Select--BA1150BA4110'

2018-05-17 12:02:44 - [MESSAGE][PASSED] - All options with index in [1] are selected on object 'Object Repository/Emergency/Page_Store/select_--Select--BA1150BA4110'

2018-05-17 12:02:44 - [TEST_STEP][PASSED] - delay: Delayed 2 second(s)

2018-05-17 12:02:46 - [MESSAGE][PASSED] - Delayed 2 second(s)

2018-05-17 12:02:46 - [TEST_STEP][PASSED] - Statement - Try: null

2018-05-17 12:02:46 - [TEST_STEP][PASSED] - Statement - StockQty = com.kms.katalon.core.webui.keyword.WebUiBuiltInKeywords.getAttribute(com.kms.katalon.core.testobject.ObjectRepository.findTestObject(Emergency/Page_Store/input_txtprice), "value"): Attribute 'value' of object 'Object Repository/Emergency/Page_Store/input_txtprice' is: '90'

2018-05-17 12:02:46 - [MESSAGE][PASSED] - Attribute 'value' of object 'Object Repository/Emergency/Page_Store/input_txtprice' is: '90'

2018-05-17 12:02:46 - [TEST_STEP][PASSED] - Statement - out.println("Stock QTY : " + StockQty): null

2018-05-17 12:02:46 - [TEST_STEP][PASSED] - delay: Delayed 2 second(s)

2018-05-17 12:02:48 - [MESSAGE][PASSED] - Delayed 2 second(s)

2018-05-17 12:02:48 - [TEST_STEP][PASSED] - Statement - If (java.lang.Integer.valueOf(StockQty) >= java.lang.Integer.valueOf(RequestedQty)): null

2018-05-17 12:02:48 - [TEST_STEP][PASSED] - delay: Delayed 1 second(s)

2018-05-17 12:02:49 - [MESSAGE][PASSED] - Delayed 1 second(s)

2018-05-17 12:02:49 - [TEST_STEP][PASSED] - setText: Text '10' is set on object 'Object Repository/Emergency/Page_Store/input_txtqty'

2018-05-17 12:02:49 - [MESSAGE][PASSED] - Text '10' is set on object 'Object Repository/Emergency/Page_Store/input_txtqty'

2018-05-17 12:02:49 - [TEST_STEP][PASSED] - click: Object: 'Object Repository/Emergency/Page_Store/button_Add' is clicked on

2018-05-17 12:02:49 - [MESSAGE][PASSED] - Object: 'Object Repository/Emergency/Page_Store/button_Add' is clicked on

2018-05-17 12:02:49 - [TEST_STEP][PASSED] - Statement - Break: null

2018-05-17 12:02:49 - [TEST_STEP][PASSED] - selectOptionByIndex: All options with index in [23] are selected on object 'Object Repository/Emergency/Page_Store/select_--Select--Amikacin -500'

2018-05-17 12:02:50 - [MESSAGE][PASSED] - All options with index in [23] are selected on object 'Object Repository/Emergency/Page_Store/select_--Select--Amikacin -500'

2018-05-17 12:02:50 - [TEST_STEP][PASSED] - delay: Delayed 2 second(s)

2018-05-17 12:02:52 - [MESSAGE][PASSED] - Delayed 2 second(s)

2018-05-17 12:02:52 - [TEST_STEP][PASSED] - Statement - RequestedQty = com.kms.katalon.core.webui.keyword.WebUiBuiltInKeywords.getAttribute(com.kms.katalon.core.testobject.ObjectRepository.findTestObject(Emergency/Page_Store/input_txttotal), "value"): Attribute 'value' of object 'Object Repository/Emergency/Page_Store/input_txttotal' is: '10'

2018-05-17 12:02:52 - [MESSAGE][PASSED] - Attribute 'value' of object 'Object Repository/Emergency/Page_Store/input_txttotal' is: '10'

2018-05-17 12:02:52 - [TEST_STEP][PASSED] - Statement - out.println("Requested QTY : " + RequestedQty): null

2018-05-17 12:02:52 - [TEST_STEP][PASSED] - Statement - BatchNumber = com.kms.katalon.core.webui.keyword.WebUiBuiltInKeywords.getNumberOfTotalOption(com.kms.katalon.core.testobject.ObjectRepository.findTestObject(Emergency/Page_Store/select_--Select--BA1150BA4110)): 3 options of object 'Object Repository/Emergency/Page_Store/select_--Select--BA1150BA4110' counted

2018-05-17 12:02:52 - [MESSAGE][PASSED] - 3 options of object 'Object Repository/Emergency/Page_Store/select_--Select--BA1150BA4110' counted

2018-05-17 12:02:52 - [TEST_STEP][PASSED] - Statement - out.println("BatchNumber : " + BatchNumber): null

2018-05-17 12:02:52 - [TEST_STEP][PASSED] - Statement - For ([g = 1, g <= BatchNumber - 1, (g++)]): null

2018-05-17 12:02:52 - [TEST_STEP][PASSED] - selectOptionByIndex: All options with index in [1] are selected on object 'Object Repository/Emergency/Page_Store/select_--Select--BA1150BA4110'

2018-05-17 12:02:52 - [MESSAGE][PASSED] - All options with index in [1] are selected on object 'Object Repository/Emergency/Page_Store/select_--Select--BA1150BA4110'

2018-05-17 12:02:52 - [TEST_STEP][PASSED] - delay: Delayed 2 second(s)

2018-05-17 12:02:54 - [MESSAGE][PASSED] - Delayed 2 second(s)

2018-05-17 12:02:54 - [TEST_STEP][PASSED] - Statement - Try: null

2018-05-17 12:02:54 - [TEST_STEP][PASSED] - Statement - StockQty = com.kms.katalon.core.webui.keyword.WebUiBuiltInKeywords.getAttribute(com.kms.katalon.core.testobject.ObjectRepository.findTestObject(Emergency/Page_Store/input_txtprice), "value"): Attribute 'value' of object 'Object Repository/Emergency/Page_Store/input_txtprice' is: '90'

2018-05-17 12:02:54 - [MESSAGE][PASSED] - Attribute 'value' of object 'Object Repository/Emergency/Page_Store/input_txtprice' is: '90'

2018-05-17 12:02:54 - [TEST_STEP][PASSED] - Statement - out.println("Stock QTY : " + StockQty): null

2018-05-17 12:02:54 - [TEST_STEP][PASSED] - delay: Delayed 2 second(s)

2018-05-17 12:02:56 - [MESSAGE][PASSED] - Delayed 2 second(s)

2018-05-17 12:02:56 - [TEST_STEP][PASSED] - Statement - If (java.lang.Integer.valueOf(StockQty) >= java.lang.Integer.valueOf(RequestedQty)): null

2018-05-17 12:02:56 - [TEST_STEP][PASSED] - delay: Delayed 1 second(s)

2018-05-17 12:02:57 - [MESSAGE][PASSED] - Delayed 1 second(s)

2018-05-17 12:02:57 - [TEST_STEP][PASSED] - setText: Text '10' is set on object 'Object Repository/Emergency/Page_Store/input_txtqty'

2018-05-17 12:02:57 - [MESSAGE][PASSED] - Text '10' is set on object 'Object Repository/Emergency/Page_Store/input_txtqty'

2018-05-17 12:02:57 - [TEST_STEP][PASSED] - click: Object: 'Object Repository/Emergency/Page_Store/button_Add' is clicked on

2018-05-17 12:02:57 - [MESSAGE][PASSED] - Object: 'Object Repository/Emergency/Page_Store/button_Add' is clicked on

2018-05-17 12:02:57 - [TEST_STEP][PASSED] - Statement - Break: null

2018-05-17 12:02:57 - [TEST_STEP][PASSED] - scrollToElement: Scroll to object 'Object Repository/Emergency/Page_Store/input_btnSubmit' successfully

2018-05-17 12:02:57 - [MESSAGE][PASSED] - Scroll to object 'Object Repository/Emergency/Page_Store/input_btnSubmit' successfully

2018-05-17 12:02:57 - [TEST_STEP][PASSED] - Statement - Try: Object: 'Object Repository/lab/Page_Store/button_OK' is clicked on

2018-05-17 12:02:57 - [TEST_STEP][PASSED] - click: Object: 'Object Repository/Emergency/Page_Store/input_btnSubmit' is clicked on

2018-05-17 12:02:57 - [MESSAGE][PASSED] - Object: 'Object Repository/Emergency/Page_Store/input_btnSubmit' is clicked on

2018-05-17 12:02:57 - [TEST_STEP][PASSED] - delay: Delayed 3 second(s)

2018-05-17 12:03:00 - [MESSAGE][PASSED] - Delayed 3 second(s)

2018-05-17 12:03:00 - [TEST_STEP][PASSED] - click: Object: 'Object Repository/lab/Page_Store/button_OK' is clicked on

2018-05-17 12:03:01 - [MESSAGE][PASSED] - Object: 'Object Repository/lab/Page_Store/button_OK' is clicked on

2018-05-17 12:03:01 - [TEST_STEP][PASSED] - click: Object: 'Object Repository/Emergency/Page_Store/a_dropdown-toggle' is clicked on

2018-05-17 12:03:02 - [MESSAGE][PASSED] - Object: 'Object Repository/Emergency/Page_Store/a_dropdown-toggle' is clicked on

2018-05-17 12:03:02 - [TEST_STEP][PASSED] - click: Object: 'Object Repository/Emergency/Page_Store/a_Sign out' is clicked on

2018-05-17 12:03:03 - [MESSAGE][PASSED] - Object: 'Object Repository/Emergency/Page_Store/a_Sign out' is clicked on

2018-05-17 12:03:03 - [TEST_STEP][PASSED] - closeBrowser: Browser is closed

2018-05-17 12:03:04 - [MESSAGE][PASSED] - Browser is closed

2018-05-17 12:03:04 - [TEST_STEP][PASSED] - Statement - out.println("Schedule 7 Emergency Request Are Working Successfully"): null]]></system-out>
         <system-err><![CDATA[]]></system-err>
      </testcase>
      <testcase name="Test Cases/EMERGENCY TEST CASES/TC_ER_005 Verify Schedule 8 Emergency  Request Are Working Successfully Or Not" classname="Test Cases/EMERGENCY TEST CASES/TC_ER_005 Verify Schedule 8 Emergency  Request Are Working Successfully Or Not" status="PASSED">
         <system-out><![CDATA[2018-05-17 12:03:04 - [TEST_CASE][PASSED] - Test Cases/EMERGENCY TEST CASES/TC_ER_005 Verify Schedule 8 Emergency  Request Are Working Successfully Or Not: Test Cases/EMERGENCY TEST CASES/TC_ER_005 Verify Schedule 8 Emergency  Request Are Working Successfully Or Not

2018-05-17 12:03:04 - [TEST_STEP][PASSED] - openBrowser: Browser is opened with url: ''

2018-05-17 12:03:06 - [MESSAGE][PASSED] - Browser is opened with url: ''

2018-05-17 12:03:06 - [TEST_STEP][PASSED] - Statement - out.println("Verify Schedule 8 Emergency  Request Are Working Successfully Or Not"): null

2018-05-17 12:03:06 - [TEST_STEP][PASSED] - navigateToUrl: Navigate to 'http://192.168.137.1/Multihospital_New/EmergencyLogin.aspx' successfully

2018-05-17 12:03:12 - [MESSAGE][PASSED] - Navigate to 'http://192.168.137.1/Multihospital_New/EmergencyLogin.aspx' successfully

2018-05-17 12:03:12 - [TEST_STEP][PASSED] - maximizeWindow: Current window maximized

2018-05-17 12:03:13 - [MESSAGE][PASSED] - Current window maximized

2018-05-17 12:03:13 - [TEST_STEP][PASSED] - setText: Text 'nivetha' is set on object 'Object Repository/Emergency/Page_Emergency login/input_txtusername'

2018-05-17 12:03:13 - [MESSAGE][PASSED] - Text 'nivetha' is set on object 'Object Repository/Emergency/Page_Emergency login/input_txtusername'

2018-05-17 12:03:13 - [TEST_STEP][PASSED] - setText: Text '123' is set on object 'Object Repository/Emergency/Page_Emergency login/input_txtpassword'

2018-05-17 12:03:13 - [MESSAGE][PASSED] - Text '123' is set on object 'Object Repository/Emergency/Page_Emergency login/input_txtpassword'

2018-05-17 12:03:13 - [TEST_STEP][PASSED] - delay: Delayed 3 second(s)

2018-05-17 12:03:16 - [MESSAGE][PASSED] - Delayed 3 second(s)

2018-05-17 12:03:16 - [TEST_STEP][PASSED] - click: Object: 'Object Repository/Emergency/Page_Emergency login/button_Sign in' is clicked on

2018-05-17 12:03:17 - [MESSAGE][PASSED] - Object: 'Object Repository/Emergency/Page_Emergency login/button_Sign in' is clicked on

2018-05-17 12:03:17 - [TEST_STEP][PASSED] - delay: Delayed 3 second(s)

2018-05-17 12:03:20 - [MESSAGE][PASSED] - Delayed 3 second(s)

2018-05-17 12:03:20 - [TEST_STEP][PASSED] - click: Object: 'Object Repository/Emergency/Page_KDMC - Emergency/a_Store Request' is clicked on

2018-05-17 12:03:20 - [MESSAGE][PASSED] - Object: 'Object Repository/Emergency/Page_KDMC - Emergency/a_Store Request' is clicked on

2018-05-17 12:03:20 - [TEST_STEP][PASSED] - delay: Delayed 2 second(s)

2018-05-17 12:03:22 - [MESSAGE][PASSED] - Delayed 2 second(s)

2018-05-17 12:03:22 - [TEST_STEP][PASSED] - click: Object: 'Object Repository/Emergency/Page_KDMC - Emergency/a_Medicine Request' is clicked on

2018-05-17 12:03:23 - [MESSAGE][PASSED] - Object: 'Object Repository/Emergency/Page_KDMC - Emergency/a_Medicine Request' is clicked on

2018-05-17 12:03:23 - [TEST_STEP][PASSED] - delay: Delayed 2 second(s)

2018-05-17 12:03:25 - [MESSAGE][PASSED] - Delayed 2 second(s)

2018-05-17 12:03:25 - [TEST_STEP][PASSED] - selectOptionByIndex: All options with index in [5] are selected on object 'Object Repository/Emergency/Page_KDMC - Emergency/select_--Select--Schedule 1Inj'

2018-05-17 12:03:25 - [MESSAGE][PASSED] - All options with index in [5] are selected on object 'Object Repository/Emergency/Page_KDMC - Emergency/select_--Select--Schedule 1Inj'

2018-05-17 12:03:25 - [TEST_STEP][PASSED] - Statement - seletedoptions = com.kms.katalon.core.webui.keyword.WebUiBuiltInKeywords.getNumberOfTotalOption(com.kms.katalon.core.testobject.ObjectRepository.findTestObject(Emergency/Page_KDMC - Emergency/select_--Select--Adernaline 0.)): 18 options of object 'Object Repository/Emergency/Page_KDMC - Emergency/select_--Select--Adernaline 0.' counted

2018-05-17 12:03:25 - [MESSAGE][PASSED] - 18 options of object 'Object Repository/Emergency/Page_KDMC - Emergency/select_--Select--Adernaline 0.' counted

2018-05-17 12:03:25 - [TEST_STEP][PASSED] - Statement - For ([u = 1, u < seletedoptions, (u++)]): Object: 'Object Repository/Emergency/Page_KDMC - Emergency/button_Add' is clicked on

2018-05-17 12:03:25 - [TEST_STEP][PASSED] - selectOptionByIndex: All options with index in [5] are selected on object 'Object Repository/Emergency/Page_KDMC - Emergency/select_--Select--Schedule 1Inj'

2018-05-17 12:03:25 - [MESSAGE][PASSED] - All options with index in [5] are selected on object 'Object Repository/Emergency/Page_KDMC - Emergency/select_--Select--Schedule 1Inj'

2018-05-17 12:03:25 - [TEST_STEP][PASSED] - selectOptionByIndex: All options with index in [1] are selected on object 'Object Repository/Emergency/Page_KDMC - Emergency/select_--Select--Adernaline 0.'

2018-05-17 12:03:25 - [MESSAGE][PASSED] - All options with index in [1] are selected on object 'Object Repository/Emergency/Page_KDMC - Emergency/select_--Select--Adernaline 0.'

2018-05-17 12:03:25 - [TEST_STEP][PASSED] - setText: Text '10' is set on object 'Object Repository/Emergency/Page_KDMC - Emergency/input_txttreat'

2018-05-17 12:03:25 - [MESSAGE][PASSED] - Text '10' is set on object 'Object Repository/Emergency/Page_KDMC - Emergency/input_txttreat'

2018-05-17 12:03:25 - [TEST_STEP][PASSED] - click: Object: 'Object Repository/Emergency/Page_KDMC - Emergency/button_Add' is clicked on

2018-05-17 12:03:26 - [MESSAGE][PASSED] - Object: 'Object Repository/Emergency/Page_KDMC - Emergency/button_Add' is clicked on

2018-05-17 12:03:26 - [TEST_STEP][PASSED] - selectOptionByIndex: All options with index in [5] are selected on object 'Object Repository/Emergency/Page_KDMC - Emergency/select_--Select--Schedule 1Inj'

2018-05-17 12:03:26 - [MESSAGE][PASSED] - All options with index in [5] are selected on object 'Object Repository/Emergency/Page_KDMC - Emergency/select_--Select--Schedule 1Inj'

2018-05-17 12:03:26 - [TEST_STEP][PASSED] - selectOptionByIndex: All options with index in [2] are selected on object 'Object Repository/Emergency/Page_KDMC - Emergency/select_--Select--Adernaline 0.'

2018-05-17 12:03:26 - [MESSAGE][PASSED] - All options with index in [2] are selected on object 'Object Repository/Emergency/Page_KDMC - Emergency/select_--Select--Adernaline 0.'

2018-05-17 12:03:26 - [TEST_STEP][PASSED] - setText: Text '10' is set on object 'Object Repository/Emergency/Page_KDMC - Emergency/input_txttreat'

2018-05-17 12:03:26 - [MESSAGE][PASSED] - Text '10' is set on object 'Object Repository/Emergency/Page_KDMC - Emergency/input_txttreat'

2018-05-17 12:03:26 - [TEST_STEP][PASSED] - click: Object: 'Object Repository/Emergency/Page_KDMC - Emergency/button_Add' is clicked on

2018-05-17 12:03:26 - [MESSAGE][PASSED] - Object: 'Object Repository/Emergency/Page_KDMC - Emergency/button_Add' is clicked on

2018-05-17 12:03:26 - [TEST_STEP][PASSED] - selectOptionByIndex: All options with index in [5] are selected on object 'Object Repository/Emergency/Page_KDMC - Emergency/select_--Select--Schedule 1Inj'

2018-05-17 12:03:26 - [MESSAGE][PASSED] - All options with index in [5] are selected on object 'Object Repository/Emergency/Page_KDMC - Emergency/select_--Select--Schedule 1Inj'

2018-05-17 12:03:26 - [TEST_STEP][PASSED] - selectOptionByIndex: All options with index in [3] are selected on object 'Object Repository/Emergency/Page_KDMC - Emergency/select_--Select--Adernaline 0.'

2018-05-17 12:03:26 - [MESSAGE][PASSED] - All options with index in [3] are selected on object 'Object Repository/Emergency/Page_KDMC - Emergency/select_--Select--Adernaline 0.'

2018-05-17 12:03:26 - [TEST_STEP][PASSED] - setText: Text '10' is set on object 'Object Repository/Emergency/Page_KDMC - Emergency/input_txttreat'

2018-05-17 12:03:26 - [MESSAGE][PASSED] - Text '10' is set on object 'Object Repository/Emergency/Page_KDMC - Emergency/input_txttreat'

2018-05-17 12:03:26 - [TEST_STEP][PASSED] - click: Object: 'Object Repository/Emergency/Page_KDMC - Emergency/button_Add' is clicked on

2018-05-17 12:03:26 - [MESSAGE][PASSED] - Object: 'Object Repository/Emergency/Page_KDMC - Emergency/button_Add' is clicked on

2018-05-17 12:03:26 - [TEST_STEP][PASSED] - selectOptionByIndex: All options with index in [5] are selected on object 'Object Repository/Emergency/Page_KDMC - Emergency/select_--Select--Schedule 1Inj'

2018-05-17 12:03:27 - [MESSAGE][PASSED] - All options with index in [5] are selected on object 'Object Repository/Emergency/Page_KDMC - Emergency/select_--Select--Schedule 1Inj'

2018-05-17 12:03:27 - [TEST_STEP][PASSED] - selectOptionByIndex: All options with index in [4] are selected on object 'Object Repository/Emergency/Page_KDMC - Emergency/select_--Select--Adernaline 0.'

2018-05-17 12:03:27 - [MESSAGE][PASSED] - All options with index in [4] are selected on object 'Object Repository/Emergency/Page_KDMC - Emergency/select_--Select--Adernaline 0.'

2018-05-17 12:03:27 - [TEST_STEP][PASSED] - setText: Text '10' is set on object 'Object Repository/Emergency/Page_KDMC - Emergency/input_txttreat'

2018-05-17 12:03:27 - [MESSAGE][PASSED] - Text '10' is set on object 'Object Repository/Emergency/Page_KDMC - Emergency/input_txttreat'

2018-05-17 12:03:27 - [TEST_STEP][PASSED] - click: Object: 'Object Repository/Emergency/Page_KDMC - Emergency/button_Add' is clicked on

2018-05-17 12:03:27 - [MESSAGE][PASSED] - Object: 'Object Repository/Emergency/Page_KDMC - Emergency/button_Add' is clicked on

2018-05-17 12:03:27 - [TEST_STEP][PASSED] - selectOptionByIndex: All options with index in [5] are selected on object 'Object Repository/Emergency/Page_KDMC - Emergency/select_--Select--Schedule 1Inj'

2018-05-17 12:03:27 - [MESSAGE][PASSED] - All options with index in [5] are selected on object 'Object Repository/Emergency/Page_KDMC - Emergency/select_--Select--Schedule 1Inj'

2018-05-17 12:03:27 - [TEST_STEP][PASSED] - selectOptionByIndex: All options with index in [5] are selected on object 'Object Repository/Emergency/Page_KDMC - Emergency/select_--Select--Adernaline 0.'

2018-05-17 12:03:27 - [MESSAGE][PASSED] - All options with index in [5] are selected on object 'Object Repository/Emergency/Page_KDMC - Emergency/select_--Select--Adernaline 0.'

2018-05-17 12:03:27 - [TEST_STEP][PASSED] - setText: Text '10' is set on object 'Object Repository/Emergency/Page_KDMC - Emergency/input_txttreat'

2018-05-17 12:03:27 - [MESSAGE][PASSED] - Text '10' is set on object 'Object Repository/Emergency/Page_KDMC - Emergency/input_txttreat'

2018-05-17 12:03:27 - [TEST_STEP][PASSED] - click: Object: 'Object Repository/Emergency/Page_KDMC - Emergency/button_Add' is clicked on

2018-05-17 12:03:27 - [MESSAGE][PASSED] - Object: 'Object Repository/Emergency/Page_KDMC - Emergency/button_Add' is clicked on

2018-05-17 12:03:27 - [TEST_STEP][PASSED] - selectOptionByIndex: All options with index in [5] are selected on object 'Object Repository/Emergency/Page_KDMC - Emergency/select_--Select--Schedule 1Inj'

2018-05-17 12:03:28 - [MESSAGE][PASSED] - All options with index in [5] are selected on object 'Object Repository/Emergency/Page_KDMC - Emergency/select_--Select--Schedule 1Inj'

2018-05-17 12:03:28 - [TEST_STEP][PASSED] - selectOptionByIndex: All options with index in [6] are selected on object 'Object Repository/Emergency/Page_KDMC - Emergency/select_--Select--Adernaline 0.'

2018-05-17 12:03:28 - [MESSAGE][PASSED] - All options with index in [6] are selected on object 'Object Repository/Emergency/Page_KDMC - Emergency/select_--Select--Adernaline 0.'

2018-05-17 12:03:28 - [TEST_STEP][PASSED] - setText: Text '10' is set on object 'Object Repository/Emergency/Page_KDMC - Emergency/input_txttreat'

2018-05-17 12:03:28 - [MESSAGE][PASSED] - Text '10' is set on object 'Object Repository/Emergency/Page_KDMC - Emergency/input_txttreat'

2018-05-17 12:03:28 - [TEST_STEP][PASSED] - click: Object: 'Object Repository/Emergency/Page_KDMC - Emergency/button_Add' is clicked on

2018-05-17 12:03:28 - [MESSAGE][PASSED] - Object: 'Object Repository/Emergency/Page_KDMC - Emergency/button_Add' is clicked on

2018-05-17 12:03:28 - [TEST_STEP][PASSED] - selectOptionByIndex: All options with index in [5] are selected on object 'Object Repository/Emergency/Page_KDMC - Emergency/select_--Select--Schedule 1Inj'

2018-05-17 12:03:28 - [MESSAGE][PASSED] - All options with index in [5] are selected on object 'Object Repository/Emergency/Page_KDMC - Emergency/select_--Select--Schedule 1Inj'

2018-05-17 12:03:28 - [TEST_STEP][PASSED] - selectOptionByIndex: All options with index in [7] are selected on object 'Object Repository/Emergency/Page_KDMC - Emergency/select_--Select--Adernaline 0.'

2018-05-17 12:03:28 - [MESSAGE][PASSED] - All options with index in [7] are selected on object 'Object Repository/Emergency/Page_KDMC - Emergency/select_--Select--Adernaline 0.'

2018-05-17 12:03:28 - [TEST_STEP][PASSED] - setText: Text '10' is set on object 'Object Repository/Emergency/Page_KDMC - Emergency/input_txttreat'

2018-05-17 12:03:28 - [MESSAGE][PASSED] - Text '10' is set on object 'Object Repository/Emergency/Page_KDMC - Emergency/input_txttreat'

2018-05-17 12:03:28 - [TEST_STEP][PASSED] - click: Object: 'Object Repository/Emergency/Page_KDMC - Emergency/button_Add' is clicked on

2018-05-17 12:03:28 - [MESSAGE][PASSED] - Object: 'Object Repository/Emergency/Page_KDMC - Emergency/button_Add' is clicked on

2018-05-17 12:03:28 - [TEST_STEP][PASSED] - selectOptionByIndex: All options with index in [5] are selected on object 'Object Repository/Emergency/Page_KDMC - Emergency/select_--Select--Schedule 1Inj'

2018-05-17 12:03:29 - [MESSAGE][PASSED] - All options with index in [5] are selected on object 'Object Repository/Emergency/Page_KDMC - Emergency/select_--Select--Schedule 1Inj'

2018-05-17 12:03:29 - [TEST_STEP][PASSED] - selectOptionByIndex: All options with index in [8] are selected on object 'Object Repository/Emergency/Page_KDMC - Emergency/select_--Select--Adernaline 0.'

2018-05-17 12:03:29 - [MESSAGE][PASSED] - All options with index in [8] are selected on object 'Object Repository/Emergency/Page_KDMC - Emergency/select_--Select--Adernaline 0.'

2018-05-17 12:03:29 - [TEST_STEP][PASSED] - setText: Text '10' is set on object 'Object Repository/Emergency/Page_KDMC - Emergency/input_txttreat'

2018-05-17 12:03:29 - [MESSAGE][PASSED] - Text '10' is set on object 'Object Repository/Emergency/Page_KDMC - Emergency/input_txttreat'

2018-05-17 12:03:29 - [TEST_STEP][PASSED] - click: Object: 'Object Repository/Emergency/Page_KDMC - Emergency/button_Add' is clicked on

2018-05-17 12:03:29 - [MESSAGE][PASSED] - Object: 'Object Repository/Emergency/Page_KDMC - Emergency/button_Add' is clicked on

2018-05-17 12:03:29 - [TEST_STEP][PASSED] - selectOptionByIndex: All options with index in [5] are selected on object 'Object Repository/Emergency/Page_KDMC - Emergency/select_--Select--Schedule 1Inj'

2018-05-17 12:03:29 - [MESSAGE][PASSED] - All options with index in [5] are selected on object 'Object Repository/Emergency/Page_KDMC - Emergency/select_--Select--Schedule 1Inj'

2018-05-17 12:03:29 - [TEST_STEP][PASSED] - selectOptionByIndex: All options with index in [9] are selected on object 'Object Repository/Emergency/Page_KDMC - Emergency/select_--Select--Adernaline 0.'

2018-05-17 12:03:29 - [MESSAGE][PASSED] - All options with index in [9] are selected on object 'Object Repository/Emergency/Page_KDMC - Emergency/select_--Select--Adernaline 0.'

2018-05-17 12:03:29 - [TEST_STEP][PASSED] - setText: Text '10' is set on object 'Object Repository/Emergency/Page_KDMC - Emergency/input_txttreat'

2018-05-17 12:03:29 - [MESSAGE][PASSED] - Text '10' is set on object 'Object Repository/Emergency/Page_KDMC - Emergency/input_txttreat'

2018-05-17 12:03:29 - [TEST_STEP][PASSED] - click: Object: 'Object Repository/Emergency/Page_KDMC - Emergency/button_Add' is clicked on

2018-05-17 12:03:29 - [MESSAGE][PASSED] - Object: 'Object Repository/Emergency/Page_KDMC - Emergency/button_Add' is clicked on

2018-05-17 12:03:29 - [TEST_STEP][PASSED] - selectOptionByIndex: All options with index in [5] are selected on object 'Object Repository/Emergency/Page_KDMC - Emergency/select_--Select--Schedule 1Inj'

2018-05-17 12:03:30 - [MESSAGE][PASSED] - All options with index in [5] are selected on object 'Object Repository/Emergency/Page_KDMC - Emergency/select_--Select--Schedule 1Inj'

2018-05-17 12:03:30 - [TEST_STEP][PASSED] - selectOptionByIndex: All options with index in [10] are selected on object 'Object Repository/Emergency/Page_KDMC - Emergency/select_--Select--Adernaline 0.'

2018-05-17 12:03:30 - [MESSAGE][PASSED] - All options with index in [10] are selected on object 'Object Repository/Emergency/Page_KDMC - Emergency/select_--Select--Adernaline 0.'

2018-05-17 12:03:30 - [TEST_STEP][PASSED] - setText: Text '10' is set on object 'Object Repository/Emergency/Page_KDMC - Emergency/input_txttreat'

2018-05-17 12:03:30 - [MESSAGE][PASSED] - Text '10' is set on object 'Object Repository/Emergency/Page_KDMC - Emergency/input_txttreat'

2018-05-17 12:03:30 - [TEST_STEP][PASSED] - click: Object: 'Object Repository/Emergency/Page_KDMC - Emergency/button_Add' is clicked on

2018-05-17 12:03:30 - [MESSAGE][PASSED] - Object: 'Object Repository/Emergency/Page_KDMC - Emergency/button_Add' is clicked on

2018-05-17 12:03:30 - [TEST_STEP][PASSED] - selectOptionByIndex: All options with index in [5] are selected on object 'Object Repository/Emergency/Page_KDMC - Emergency/select_--Select--Schedule 1Inj'

2018-05-17 12:03:30 - [MESSAGE][PASSED] - All options with index in [5] are selected on object 'Object Repository/Emergency/Page_KDMC - Emergency/select_--Select--Schedule 1Inj'

2018-05-17 12:03:30 - [TEST_STEP][PASSED] - selectOptionByIndex: All options with index in [11] are selected on object 'Object Repository/Emergency/Page_KDMC - Emergency/select_--Select--Adernaline 0.'

2018-05-17 12:03:30 - [MESSAGE][PASSED] - All options with index in [11] are selected on object 'Object Repository/Emergency/Page_KDMC - Emergency/select_--Select--Adernaline 0.'

2018-05-17 12:03:30 - [TEST_STEP][PASSED] - setText: Text '10' is set on object 'Object Repository/Emergency/Page_KDMC - Emergency/input_txttreat'

2018-05-17 12:03:30 - [MESSAGE][PASSED] - Text '10' is set on object 'Object Repository/Emergency/Page_KDMC - Emergency/input_txttreat'

2018-05-17 12:03:30 - [TEST_STEP][PASSED] - click: Object: 'Object Repository/Emergency/Page_KDMC - Emergency/button_Add' is clicked on

2018-05-17 12:03:30 - [MESSAGE][PASSED] - Object: 'Object Repository/Emergency/Page_KDMC - Emergency/button_Add' is clicked on

2018-05-17 12:03:30 - [TEST_STEP][PASSED] - selectOptionByIndex: All options with index in [5] are selected on object 'Object Repository/Emergency/Page_KDMC - Emergency/select_--Select--Schedule 1Inj'

2018-05-17 12:03:31 - [MESSAGE][PASSED] - All options with index in [5] are selected on object 'Object Repository/Emergency/Page_KDMC - Emergency/select_--Select--Schedule 1Inj'

2018-05-17 12:03:31 - [TEST_STEP][PASSED] - selectOptionByIndex: All options with index in [12] are selected on object 'Object Repository/Emergency/Page_KDMC - Emergency/select_--Select--Adernaline 0.'

2018-05-17 12:03:31 - [MESSAGE][PASSED] - All options with index in [12] are selected on object 'Object Repository/Emergency/Page_KDMC - Emergency/select_--Select--Adernaline 0.'

2018-05-17 12:03:31 - [TEST_STEP][PASSED] - setText: Text '10' is set on object 'Object Repository/Emergency/Page_KDMC - Emergency/input_txttreat'

2018-05-17 12:03:31 - [MESSAGE][PASSED] - Text '10' is set on object 'Object Repository/Emergency/Page_KDMC - Emergency/input_txttreat'

2018-05-17 12:03:31 - [TEST_STEP][PASSED] - click: Object: 'Object Repository/Emergency/Page_KDMC - Emergency/button_Add' is clicked on

2018-05-17 12:03:31 - [MESSAGE][PASSED] - Object: 'Object Repository/Emergency/Page_KDMC - Emergency/button_Add' is clicked on

2018-05-17 12:03:31 - [TEST_STEP][PASSED] - selectOptionByIndex: All options with index in [5] are selected on object 'Object Repository/Emergency/Page_KDMC - Emergency/select_--Select--Schedule 1Inj'

2018-05-17 12:03:31 - [MESSAGE][PASSED] - All options with index in [5] are selected on object 'Object Repository/Emergency/Page_KDMC - Emergency/select_--Select--Schedule 1Inj'

2018-05-17 12:03:31 - [TEST_STEP][PASSED] - selectOptionByIndex: All options with index in [13] are selected on object 'Object Repository/Emergency/Page_KDMC - Emergency/select_--Select--Adernaline 0.'

2018-05-17 12:03:31 - [MESSAGE][PASSED] - All options with index in [13] are selected on object 'Object Repository/Emergency/Page_KDMC - Emergency/select_--Select--Adernaline 0.'

2018-05-17 12:03:31 - [TEST_STEP][PASSED] - setText: Text '10' is set on object 'Object Repository/Emergency/Page_KDMC - Emergency/input_txttreat'

2018-05-17 12:03:31 - [MESSAGE][PASSED] - Text '10' is set on object 'Object Repository/Emergency/Page_KDMC - Emergency/input_txttreat'

2018-05-17 12:03:31 - [TEST_STEP][PASSED] - click: Object: 'Object Repository/Emergency/Page_KDMC - Emergency/button_Add' is clicked on

2018-05-17 12:03:32 - [MESSAGE][PASSED] - Object: 'Object Repository/Emergency/Page_KDMC - Emergency/button_Add' is clicked on

2018-05-17 12:03:32 - [TEST_STEP][PASSED] - selectOptionByIndex: All options with index in [5] are selected on object 'Object Repository/Emergency/Page_KDMC - Emergency/select_--Select--Schedule 1Inj'

2018-05-17 12:03:32 - [MESSAGE][PASSED] - All options with index in [5] are selected on object 'Object Repository/Emergency/Page_KDMC - Emergency/select_--Select--Schedule 1Inj'

2018-05-17 12:03:32 - [TEST_STEP][PASSED] - selectOptionByIndex: All options with index in [14] are selected on object 'Object Repository/Emergency/Page_KDMC - Emergency/select_--Select--Adernaline 0.'

2018-05-17 12:03:32 - [MESSAGE][PASSED] - All options with index in [14] are selected on object 'Object Repository/Emergency/Page_KDMC - Emergency/select_--Select--Adernaline 0.'

2018-05-17 12:03:32 - [TEST_STEP][PASSED] - setText: Text '10' is set on object 'Object Repository/Emergency/Page_KDMC - Emergency/input_txttreat'

2018-05-17 12:03:32 - [MESSAGE][PASSED] - Text '10' is set on object 'Object Repository/Emergency/Page_KDMC - Emergency/input_txttreat'

2018-05-17 12:03:32 - [TEST_STEP][PASSED] - click: Object: 'Object Repository/Emergency/Page_KDMC - Emergency/button_Add' is clicked on

2018-05-17 12:03:32 - [MESSAGE][PASSED] - Object: 'Object Repository/Emergency/Page_KDMC - Emergency/button_Add' is clicked on

2018-05-17 12:03:32 - [TEST_STEP][PASSED] - selectOptionByIndex: All options with index in [5] are selected on object 'Object Repository/Emergency/Page_KDMC - Emergency/select_--Select--Schedule 1Inj'

2018-05-17 12:03:32 - [MESSAGE][PASSED] - All options with index in [5] are selected on object 'Object Repository/Emergency/Page_KDMC - Emergency/select_--Select--Schedule 1Inj'

2018-05-17 12:03:32 - [TEST_STEP][PASSED] - selectOptionByIndex: All options with index in [15] are selected on object 'Object Repository/Emergency/Page_KDMC - Emergency/select_--Select--Adernaline 0.'

2018-05-17 12:03:32 - [MESSAGE][PASSED] - All options with index in [15] are selected on object 'Object Repository/Emergency/Page_KDMC - Emergency/select_--Select--Adernaline 0.'

2018-05-17 12:03:32 - [TEST_STEP][PASSED] - setText: Text '10' is set on object 'Object Repository/Emergency/Page_KDMC - Emergency/input_txttreat'

2018-05-17 12:03:33 - [MESSAGE][PASSED] - Text '10' is set on object 'Object Repository/Emergency/Page_KDMC - Emergency/input_txttreat'

2018-05-17 12:03:33 - [TEST_STEP][PASSED] - click: Object: 'Object Repository/Emergency/Page_KDMC - Emergency/button_Add' is clicked on

2018-05-17 12:03:33 - [MESSAGE][PASSED] - Object: 'Object Repository/Emergency/Page_KDMC - Emergency/button_Add' is clicked on

2018-05-17 12:03:33 - [TEST_STEP][PASSED] - selectOptionByIndex: All options with index in [5] are selected on object 'Object Repository/Emergency/Page_KDMC - Emergency/select_--Select--Schedule 1Inj'

2018-05-17 12:03:33 - [MESSAGE][PASSED] - All options with index in [5] are selected on object 'Object Repository/Emergency/Page_KDMC - Emergency/select_--Select--Schedule 1Inj'

2018-05-17 12:03:33 - [TEST_STEP][PASSED] - selectOptionByIndex: All options with index in [16] are selected on object 'Object Repository/Emergency/Page_KDMC - Emergency/select_--Select--Adernaline 0.'

2018-05-17 12:03:33 - [MESSAGE][PASSED] - All options with index in [16] are selected on object 'Object Repository/Emergency/Page_KDMC - Emergency/select_--Select--Adernaline 0.'

2018-05-17 12:03:33 - [TEST_STEP][PASSED] - setText: Text '10' is set on object 'Object Repository/Emergency/Page_KDMC - Emergency/input_txttreat'

2018-05-17 12:03:33 - [MESSAGE][PASSED] - Text '10' is set on object 'Object Repository/Emergency/Page_KDMC - Emergency/input_txttreat'

2018-05-17 12:03:33 - [TEST_STEP][PASSED] - click: Object: 'Object Repository/Emergency/Page_KDMC - Emergency/button_Add' is clicked on

2018-05-17 12:03:33 - [MESSAGE][PASSED] - Object: 'Object Repository/Emergency/Page_KDMC - Emergency/button_Add' is clicked on

2018-05-17 12:03:33 - [TEST_STEP][PASSED] - selectOptionByIndex: All options with index in [5] are selected on object 'Object Repository/Emergency/Page_KDMC - Emergency/select_--Select--Schedule 1Inj'

2018-05-17 12:03:33 - [MESSAGE][PASSED] - All options with index in [5] are selected on object 'Object Repository/Emergency/Page_KDMC - Emergency/select_--Select--Schedule 1Inj'

2018-05-17 12:03:33 - [TEST_STEP][PASSED] - selectOptionByIndex: All options with index in [17] are selected on object 'Object Repository/Emergency/Page_KDMC - Emergency/select_--Select--Adernaline 0.'

2018-05-17 12:03:34 - [MESSAGE][PASSED] - All options with index in [17] are selected on object 'Object Repository/Emergency/Page_KDMC - Emergency/select_--Select--Adernaline 0.'

2018-05-17 12:03:34 - [TEST_STEP][PASSED] - setText: Text '10' is set on object 'Object Repository/Emergency/Page_KDMC - Emergency/input_txttreat'

2018-05-17 12:03:34 - [MESSAGE][PASSED] - Text '10' is set on object 'Object Repository/Emergency/Page_KDMC - Emergency/input_txttreat'

2018-05-17 12:03:34 - [TEST_STEP][PASSED] - click: Object: 'Object Repository/Emergency/Page_KDMC - Emergency/button_Add' is clicked on

2018-05-17 12:03:34 - [MESSAGE][PASSED] - Object: 'Object Repository/Emergency/Page_KDMC - Emergency/button_Add' is clicked on

2018-05-17 12:03:34 - [TEST_STEP][PASSED] - scrollToElement: Scroll to object 'Object Repository/Emergency/Page_KDMC - Emergency/input_btnsave' successfully

2018-05-17 12:03:34 - [MESSAGE][PASSED] - Scroll to object 'Object Repository/Emergency/Page_KDMC - Emergency/input_btnsave' successfully

2018-05-17 12:03:34 - [TEST_STEP][PASSED] - click: Object: 'Object Repository/Emergency/Page_KDMC - Emergency/input_btnsave' is clicked on

2018-05-17 12:03:34 - [MESSAGE][PASSED] - Object: 'Object Repository/Emergency/Page_KDMC - Emergency/input_btnsave' is clicked on

2018-05-17 12:03:34 - [TEST_STEP][PASSED] - delay: Delayed 3 second(s)

2018-05-17 12:03:37 - [MESSAGE][PASSED] - Delayed 3 second(s)

2018-05-17 12:03:37 - [TEST_STEP][PASSED] - Statement - RequestNumber = com.kms.katalon.core.webui.keyword.WebUiBuiltInKeywords.getText(com.kms.katalon.core.testobject.ObjectRepository.findTestObject(Emergency/Page_KDMC - Emergency/font_ERNO100520183)): Text of object 'Object Repository/Emergency/Page_KDMC - Emergency/font_ERNO100520183' is: 'ERNO/17052018/238'

2018-05-17 12:03:37 - [MESSAGE][PASSED] - Text of object 'Object Repository/Emergency/Page_KDMC - Emergency/font_ERNO100520183' is: 'ERNO/17052018/238'

2018-05-17 12:03:37 - [TEST_STEP][PASSED] - Statement - Rno = RequestNumber.split("/")[2]: null

2018-05-17 12:03:37 - [TEST_STEP][PASSED] - Statement - out.println(Rno): null

2018-05-17 12:03:37 - [TEST_STEP][PASSED] - click: Object: 'Object Repository/Emergency/Page_KDMC - Emergency/button_OK' is clicked on

2018-05-17 12:03:37 - [MESSAGE][PASSED] - Object: 'Object Repository/Emergency/Page_KDMC - Emergency/button_OK' is clicked on

2018-05-17 12:03:37 - [TEST_STEP][PASSED] - delay: Delayed 3 second(s)

2018-05-17 12:03:40 - [MESSAGE][PASSED] - Delayed 3 second(s)

2018-05-17 12:03:40 - [TEST_STEP][PASSED] - click: Object: 'Object Repository/Emergency/Page_KDMC - Emergency/a_dropdown-toggle' is clicked on

2018-05-17 12:03:40 - [MESSAGE][PASSED] - Object: 'Object Repository/Emergency/Page_KDMC - Emergency/a_dropdown-toggle' is clicked on

2018-05-17 12:03:40 - [TEST_STEP][PASSED] - click: Object: 'Object Repository/Emergency/Page_KDMC - Emergency/a_Sign out' is clicked on

2018-05-17 12:03:41 - [MESSAGE][PASSED] - Object: 'Object Repository/Emergency/Page_KDMC - Emergency/a_Sign out' is clicked on

2018-05-17 12:03:41 - [TEST_STEP][PASSED] - delay: Delayed 3 second(s)

2018-05-17 12:03:44 - [MESSAGE][PASSED] - Delayed 3 second(s)

2018-05-17 12:03:44 - [TEST_STEP][PASSED] - click: Object: 'Object Repository/Emergency/Page_KDMC/a_CMO' is clicked on

2018-05-17 12:03:44 - [MESSAGE][PASSED] - Object: 'Object Repository/Emergency/Page_KDMC/a_CMO' is clicked on

2018-05-17 12:03:44 - [TEST_STEP][PASSED] - setText: Text 'guru' is set on object 'Object Repository/Emergency/Page_CMO login/input_txtusername'

2018-05-17 12:03:44 - [MESSAGE][PASSED] - Text 'guru' is set on object 'Object Repository/Emergency/Page_CMO login/input_txtusername'

2018-05-17 12:03:44 - [TEST_STEP][PASSED] - setText: Text '123' is set on object 'Object Repository/Emergency/Page_CMO login/input_txtpassword'

2018-05-17 12:03:45 - [MESSAGE][PASSED] - Text '123' is set on object 'Object Repository/Emergency/Page_CMO login/input_txtpassword'

2018-05-17 12:03:45 - [TEST_STEP][PASSED] - delay: Delayed 3 second(s)

2018-05-17 12:03:48 - [MESSAGE][PASSED] - Delayed 3 second(s)

2018-05-17 12:03:48 - [TEST_STEP][PASSED] - click: Object: 'Object Repository/Emergency/Page_CMO login/button_Sign in' is clicked on

2018-05-17 12:03:48 - [MESSAGE][PASSED] - Object: 'Object Repository/Emergency/Page_CMO login/button_Sign in' is clicked on

2018-05-17 12:03:48 - [TEST_STEP][PASSED] - delay: Delayed 2 second(s)

2018-05-17 12:03:50 - [MESSAGE][PASSED] - Delayed 2 second(s)

2018-05-17 12:03:50 - [TEST_STEP][PASSED] - click: Object: 'Object Repository/Emergency/Page_KDMC - CMO/a_Department Wise Request' is clicked on

2018-05-17 12:03:51 - [MESSAGE][PASSED] - Object: 'Object Repository/Emergency/Page_KDMC - CMO/a_Department Wise Request' is clicked on

2018-05-17 12:03:51 - [TEST_STEP][PASSED] - selectOptionByIndex: All options with index in [7] are selected on object 'Object Repository/Emergency/Page_KDMC - CMO/select_--ALL--'

2018-05-17 12:03:51 - [MESSAGE][PASSED] - All options with index in [7] are selected on object 'Object Repository/Emergency/Page_KDMC - CMO/select_--ALL--'

2018-05-17 12:03:51 - [TEST_STEP][PASSED] - selectOptionByIndex: All options with index in [1] are selected on object 'Object Repository/Emergency/Page_KDMC - CMO/select_--ALL--                _1'

2018-05-17 12:03:51 - [MESSAGE][PASSED] - All options with index in [1] are selected on object 'Object Repository/Emergency/Page_KDMC - CMO/select_--ALL--                _1'

2018-05-17 12:03:51 - [TEST_STEP][PASSED] - click: Object: 'Object Repository/Emergency/Page_KDMC - CMO/input_btnsearch' is clicked on

2018-05-17 12:03:51 - [MESSAGE][PASSED] - Object: 'Object Repository/Emergency/Page_KDMC - CMO/input_btnsearch' is clicked on

2018-05-17 12:03:51 - [TEST_STEP][PASSED] - Statement - ID = com.kms.katalon.core.webui.keyword.WebUiBuiltInKeywords.modifyObjectProperty(com.kms.katalon.core.testobject.ObjectRepository.findTestObject(Emergency/Page_KDMC - CMO/input_3), "xpath", "equals", "//*[@id=" + Rno + "]", true): Modify property of object successfully

2018-05-17 12:03:51 - [MESSAGE][PASSED] - Modify property of object successfully

2018-05-17 12:03:51 - [TEST_STEP][PASSED] - click: Object: 'Object Repository/Emergency/Page_KDMC - CMO/input_3' is clicked on

2018-05-17 12:03:52 - [MESSAGE][PASSED] - Object: 'Object Repository/Emergency/Page_KDMC - CMO/input_3' is clicked on

2018-05-17 12:03:52 - [TEST_STEP][PASSED] - delay: Delayed 2 second(s)

2018-05-17 12:03:54 - [MESSAGE][PASSED] - Delayed 2 second(s)

2018-05-17 12:03:54 - [TEST_STEP][PASSED] - selectOptionByIndex: All options with index in [1] are selected on object 'Object Repository/Emergency/Page_KDMC - CMO/select_--Select--'

2018-05-17 12:03:54 - [MESSAGE][PASSED] - All options with index in [1] are selected on object 'Object Repository/Emergency/Page_KDMC - CMO/select_--Select--'

2018-05-17 12:03:54 - [TEST_STEP][PASSED] - click: Object: 'Object Repository/Emergency/Page_KDMC - CMO/input_btnupdate' is clicked on

2018-05-17 12:03:54 - [MESSAGE][PASSED] - Object: 'Object Repository/Emergency/Page_KDMC - CMO/input_btnupdate' is clicked on

2018-05-17 12:03:54 - [TEST_STEP][PASSED] - delay: Delayed 2 second(s)

2018-05-17 12:03:56 - [MESSAGE][PASSED] - Delayed 2 second(s)

2018-05-17 12:03:56 - [TEST_STEP][PASSED] - click: Object: 'Object Repository/Emergency/Page_KDMC - CMO/button_OK' is clicked on

2018-05-17 12:03:57 - [MESSAGE][PASSED] - Object: 'Object Repository/Emergency/Page_KDMC - CMO/button_OK' is clicked on

2018-05-17 12:03:57 - [TEST_STEP][PASSED] - delay: Delayed 2 second(s)

2018-05-17 12:03:59 - [MESSAGE][PASSED] - Delayed 2 second(s)

2018-05-17 12:03:59 - [TEST_STEP][PASSED] - click: Object: 'Object Repository/Emergency/Page_KDMC - CMO/a_dropdown-toggle' is clicked on

2018-05-17 12:03:59 - [MESSAGE][PASSED] - Object: 'Object Repository/Emergency/Page_KDMC - CMO/a_dropdown-toggle' is clicked on

2018-05-17 12:03:59 - [TEST_STEP][PASSED] - click: Object: 'Object Repository/Emergency/Page_KDMC - CMO/a_Sign out' is clicked on

2018-05-17 12:03:59 - [MESSAGE][PASSED] - Object: 'Object Repository/Emergency/Page_KDMC - CMO/a_Sign out' is clicked on

2018-05-17 12:03:59 - [TEST_STEP][PASSED] - delay: Delayed 3 second(s)

2018-05-17 12:04:02 - [MESSAGE][PASSED] - Delayed 3 second(s)

2018-05-17 12:04:02 - [TEST_STEP][PASSED] - click: Object: 'Object Repository/Emergency/Page_KDMC/a_Divisional Store' is clicked on

2018-05-17 12:04:03 - [MESSAGE][PASSED] - Object: 'Object Repository/Emergency/Page_KDMC/a_Divisional Store' is clicked on

2018-05-17 12:04:03 - [TEST_STEP][PASSED] - setText: Text 'ragu' is set on object 'Object Repository/Emergency/Page_Divisonal Store Login/input_txtusername'

2018-05-17 12:04:03 - [MESSAGE][PASSED] - Text 'ragu' is set on object 'Object Repository/Emergency/Page_Divisonal Store Login/input_txtusername'

2018-05-17 12:04:03 - [TEST_STEP][PASSED] - setText: Text '123' is set on object 'Object Repository/Emergency/Page_Divisonal Store Login/input_txtpassword'

2018-05-17 12:04:03 - [MESSAGE][PASSED] - Text '123' is set on object 'Object Repository/Emergency/Page_Divisonal Store Login/input_txtpassword'

2018-05-17 12:04:03 - [TEST_STEP][PASSED] - delay: Delayed 3 second(s)

2018-05-17 12:04:06 - [MESSAGE][PASSED] - Delayed 3 second(s)

2018-05-17 12:04:06 - [TEST_STEP][PASSED] - click: Object: 'Object Repository/Emergency/Page_Divisonal Store Login/button_Sign in' is clicked on

2018-05-17 12:04:07 - [MESSAGE][PASSED] - Object: 'Object Repository/Emergency/Page_Divisonal Store Login/button_Sign in' is clicked on

2018-05-17 12:04:07 - [TEST_STEP][PASSED] - delay: Delayed 2 second(s)

2018-05-17 12:04:09 - [MESSAGE][PASSED] - Delayed 2 second(s)

2018-05-17 12:04:09 - [TEST_STEP][PASSED] - click: Object: 'Object Repository/Emergency/Page_Store/a_Emergency Request' is clicked on

2018-05-17 12:04:09 - [MESSAGE][PASSED] - Object: 'Object Repository/Emergency/Page_Store/a_Emergency Request' is clicked on

2018-05-17 12:04:09 - [TEST_STEP][PASSED] - click: Object: 'Object Repository/Emergency/Page_Store/a_Request Item Emergency' is clicked on

2018-05-17 12:04:10 - [MESSAGE][PASSED] - Object: 'Object Repository/Emergency/Page_Store/a_Request Item Emergency' is clicked on

2018-05-17 12:04:10 - [TEST_STEP][PASSED] - setText: Text '238' is set on object 'Object Repository/Emergency/Page_Store/input'

2018-05-17 12:04:10 - [MESSAGE][PASSED] - Text '238' is set on object 'Object Repository/Emergency/Page_Store/input'

2018-05-17 12:04:10 - [TEST_STEP][PASSED] - Statement - ChooseRequest = com.kms.katalon.core.webui.keyword.WebUiBuiltInKeywords.modifyObjectProperty(com.kms.katalon.core.testobject.ObjectRepository.findTestObject(Emergency/Page_Store/input_3), "xpath", "equals", "//*[@id=" + Rno + "]", true): Modify property of object successfully

2018-05-17 12:04:10 - [MESSAGE][PASSED] - Modify property of object successfully

2018-05-17 12:04:10 - [TEST_STEP][PASSED] - click: Object: 'Object Repository/Emergency/Page_Store/input_3' is clicked on

2018-05-17 12:04:11 - [MESSAGE][PASSED] - Object: 'Object Repository/Emergency/Page_Store/input_3' is clicked on

2018-05-17 12:04:11 - [TEST_STEP][PASSED] - delay: Delayed 2 second(s)

2018-05-17 12:04:13 - [MESSAGE][PASSED] - Delayed 2 second(s)

2018-05-17 12:04:13 - [TEST_STEP][PASSED] - Statement - selectedoptions1 = com.kms.katalon.core.webui.keyword.WebUiBuiltInKeywords.getNumberOfTotalOption(com.kms.katalon.core.testobject.ObjectRepository.findTestObject(Emergency/Page_Store/select_--Select--Amikacin -500)): 18 options of object 'Object Repository/Emergency/Page_Store/select_--Select--Amikacin -500' counted

2018-05-17 12:04:13 - [MESSAGE][PASSED] - 18 options of object 'Object Repository/Emergency/Page_Store/select_--Select--Amikacin -500' counted

2018-05-17 12:04:13 - [TEST_STEP][PASSED] - Statement - For ([a = 1, a <= selectedoptions1 - 1, (a++)]): null

2018-05-17 12:04:13 - [TEST_STEP][PASSED] - selectOptionByIndex: All options with index in [1] are selected on object 'Object Repository/Emergency/Page_Store/select_--Select--Amikacin -500'

2018-05-17 12:04:13 - [MESSAGE][PASSED] - All options with index in [1] are selected on object 'Object Repository/Emergency/Page_Store/select_--Select--Amikacin -500'

2018-05-17 12:04:13 - [TEST_STEP][PASSED] - delay: Delayed 2 second(s)

2018-05-17 12:04:15 - [MESSAGE][PASSED] - Delayed 2 second(s)

2018-05-17 12:04:15 - [TEST_STEP][PASSED] - Statement - RequestedQty = com.kms.katalon.core.webui.keyword.WebUiBuiltInKeywords.getAttribute(com.kms.katalon.core.testobject.ObjectRepository.findTestObject(Emergency/Page_Store/input_txttotal), "value"): Attribute 'value' of object 'Object Repository/Emergency/Page_Store/input_txttotal' is: '10'

2018-05-17 12:04:15 - [MESSAGE][PASSED] - Attribute 'value' of object 'Object Repository/Emergency/Page_Store/input_txttotal' is: '10'

2018-05-17 12:04:15 - [TEST_STEP][PASSED] - Statement - out.println("Requested QTY : " + RequestedQty): null

2018-05-17 12:04:15 - [TEST_STEP][PASSED] - Statement - BatchNumber = com.kms.katalon.core.webui.keyword.WebUiBuiltInKeywords.getNumberOfTotalOption(com.kms.katalon.core.testobject.ObjectRepository.findTestObject(Emergency/Page_Store/select_--Select--BA1150BA4110)): 2 options of object 'Object Repository/Emergency/Page_Store/select_--Select--BA1150BA4110' counted

2018-05-17 12:04:15 - [MESSAGE][PASSED] - 2 options of object 'Object Repository/Emergency/Page_Store/select_--Select--BA1150BA4110' counted

2018-05-17 12:04:15 - [TEST_STEP][PASSED] - Statement - For ([g = 1, g <= BatchNumber - 1, (g++)]): null

2018-05-17 12:04:15 - [TEST_STEP][PASSED] - selectOptionByIndex: All options with index in [1] are selected on object 'Object Repository/Emergency/Page_Store/select_--Select--BA1150BA4110'

2018-05-17 12:04:15 - [MESSAGE][PASSED] - All options with index in [1] are selected on object 'Object Repository/Emergency/Page_Store/select_--Select--BA1150BA4110'

2018-05-17 12:04:15 - [TEST_STEP][PASSED] - delay: Delayed 2 second(s)

2018-05-17 12:04:17 - [MESSAGE][PASSED] - Delayed 2 second(s)

2018-05-17 12:04:17 - [TEST_STEP][PASSED] - Statement - Try: null

2018-05-17 12:04:17 - [TEST_STEP][PASSED] - Statement - StockQty = com.kms.katalon.core.webui.keyword.WebUiBuiltInKeywords.getAttribute(com.kms.katalon.core.testobject.ObjectRepository.findTestObject(Emergency/Page_Store/input_txtprice), "value"): Attribute 'value' of object 'Object Repository/Emergency/Page_Store/input_txtprice' is: '1100'

2018-05-17 12:04:17 - [MESSAGE][PASSED] - Attribute 'value' of object 'Object Repository/Emergency/Page_Store/input_txtprice' is: '1100'

2018-05-17 12:04:17 - [TEST_STEP][PASSED] - Statement - out.println("Stock QTY : " + StockQty): null

2018-05-17 12:04:17 - [TEST_STEP][PASSED] - delay: Delayed 2 second(s)

2018-05-17 12:04:19 - [MESSAGE][PASSED] - Delayed 2 second(s)

2018-05-17 12:04:19 - [TEST_STEP][PASSED] - Statement - If (java.lang.Integer.valueOf(StockQty) >= java.lang.Integer.valueOf(RequestedQty)): null

2018-05-17 12:04:19 - [TEST_STEP][PASSED] - delay: Delayed 1 second(s)

2018-05-17 12:04:20 - [MESSAGE][PASSED] - Delayed 1 second(s)

2018-05-17 12:04:20 - [TEST_STEP][PASSED] - setText: Text '10' is set on object 'Object Repository/Emergency/Page_Store/input_txtqty'

2018-05-17 12:04:20 - [MESSAGE][PASSED] - Text '10' is set on object 'Object Repository/Emergency/Page_Store/input_txtqty'

2018-05-17 12:04:20 - [TEST_STEP][PASSED] - click: Object: 'Object Repository/Emergency/Page_Store/button_Add' is clicked on

2018-05-17 12:04:20 - [MESSAGE][PASSED] - Object: 'Object Repository/Emergency/Page_Store/button_Add' is clicked on

2018-05-17 12:04:20 - [TEST_STEP][PASSED] - Statement - Break: null

2018-05-17 12:04:20 - [TEST_STEP][PASSED] - selectOptionByIndex: All options with index in [2] are selected on object 'Object Repository/Emergency/Page_Store/select_--Select--Amikacin -500'

2018-05-17 12:04:20 - [MESSAGE][PASSED] - All options with index in [2] are selected on object 'Object Repository/Emergency/Page_Store/select_--Select--Amikacin -500'

2018-05-17 12:04:20 - [TEST_STEP][PASSED] - delay: Delayed 2 second(s)

2018-05-17 12:04:22 - [MESSAGE][PASSED] - Delayed 2 second(s)

2018-05-17 12:04:22 - [TEST_STEP][PASSED] - Statement - RequestedQty = com.kms.katalon.core.webui.keyword.WebUiBuiltInKeywords.getAttribute(com.kms.katalon.core.testobject.ObjectRepository.findTestObject(Emergency/Page_Store/input_txttotal), "value"): Attribute 'value' of object 'Object Repository/Emergency/Page_Store/input_txttotal' is: '10'

2018-05-17 12:04:23 - [MESSAGE][PASSED] - Attribute 'value' of object 'Object Repository/Emergency/Page_Store/input_txttotal' is: '10'

2018-05-17 12:04:23 - [TEST_STEP][PASSED] - Statement - out.println("Requested QTY : " + RequestedQty): null

2018-05-17 12:04:23 - [TEST_STEP][PASSED] - Statement - BatchNumber = com.kms.katalon.core.webui.keyword.WebUiBuiltInKeywords.getNumberOfTotalOption(com.kms.katalon.core.testobject.ObjectRepository.findTestObject(Emergency/Page_Store/select_--Select--BA1150BA4110)): 3 options of object 'Object Repository/Emergency/Page_Store/select_--Select--BA1150BA4110' counted

2018-05-17 12:04:23 - [MESSAGE][PASSED] - 3 options of object 'Object Repository/Emergency/Page_Store/select_--Select--BA1150BA4110' counted

2018-05-17 12:04:23 - [TEST_STEP][PASSED] - Statement - For ([g = 1, g <= BatchNumber - 1, (g++)]): null

2018-05-17 12:04:23 - [TEST_STEP][PASSED] - selectOptionByIndex: All options with index in [1] are selected on object 'Object Repository/Emergency/Page_Store/select_--Select--BA1150BA4110'

2018-05-17 12:04:23 - [MESSAGE][PASSED] - All options with index in [1] are selected on object 'Object Repository/Emergency/Page_Store/select_--Select--BA1150BA4110'

2018-05-17 12:04:23 - [TEST_STEP][PASSED] - delay: Delayed 2 second(s)

2018-05-17 12:04:25 - [MESSAGE][PASSED] - Delayed 2 second(s)

2018-05-17 12:04:25 - [TEST_STEP][PASSED] - Statement - Try: null

2018-05-17 12:04:25 - [TEST_STEP][PASSED] - Statement - StockQty = com.kms.katalon.core.webui.keyword.WebUiBuiltInKeywords.getAttribute(com.kms.katalon.core.testobject.ObjectRepository.findTestObject(Emergency/Page_Store/input_txtprice), "value"): Attribute 'value' of object 'Object Repository/Emergency/Page_Store/input_txtprice' is: '81'

2018-05-17 12:04:25 - [MESSAGE][PASSED] - Attribute 'value' of object 'Object Repository/Emergency/Page_Store/input_txtprice' is: '81'

2018-05-17 12:04:25 - [TEST_STEP][PASSED] - Statement - out.println("Stock QTY : " + StockQty): null

2018-05-17 12:04:25 - [TEST_STEP][PASSED] - delay: Delayed 2 second(s)

2018-05-17 12:04:27 - [MESSAGE][PASSED] - Delayed 2 second(s)

2018-05-17 12:04:27 - [TEST_STEP][PASSED] - Statement - If (java.lang.Integer.valueOf(StockQty) >= java.lang.Integer.valueOf(RequestedQty)): null

2018-05-17 12:04:27 - [TEST_STEP][PASSED] - delay: Delayed 1 second(s)

2018-05-17 12:04:28 - [MESSAGE][PASSED] - Delayed 1 second(s)

2018-05-17 12:04:28 - [TEST_STEP][PASSED] - setText: Text '10' is set on object 'Object Repository/Emergency/Page_Store/input_txtqty'

2018-05-17 12:04:28 - [MESSAGE][PASSED] - Text '10' is set on object 'Object Repository/Emergency/Page_Store/input_txtqty'

2018-05-17 12:04:28 - [TEST_STEP][PASSED] - click: Object: 'Object Repository/Emergency/Page_Store/button_Add' is clicked on

2018-05-17 12:04:28 - [MESSAGE][PASSED] - Object: 'Object Repository/Emergency/Page_Store/button_Add' is clicked on

2018-05-17 12:04:28 - [TEST_STEP][PASSED] - Statement - Break: null

2018-05-17 12:04:28 - [TEST_STEP][PASSED] - selectOptionByIndex: All options with index in [3] are selected on object 'Object Repository/Emergency/Page_Store/select_--Select--Amikacin -500'

2018-05-17 12:04:28 - [MESSAGE][PASSED] - All options with index in [3] are selected on object 'Object Repository/Emergency/Page_Store/select_--Select--Amikacin -500'

2018-05-17 12:04:28 - [TEST_STEP][PASSED] - delay: Delayed 2 second(s)

2018-05-17 12:04:30 - [MESSAGE][PASSED] - Delayed 2 second(s)

2018-05-17 12:04:30 - [TEST_STEP][PASSED] - Statement - RequestedQty = com.kms.katalon.core.webui.keyword.WebUiBuiltInKeywords.getAttribute(com.kms.katalon.core.testobject.ObjectRepository.findTestObject(Emergency/Page_Store/input_txttotal), "value"): Attribute 'value' of object 'Object Repository/Emergency/Page_Store/input_txttotal' is: '10'

2018-05-17 12:04:30 - [MESSAGE][PASSED] - Attribute 'value' of object 'Object Repository/Emergency/Page_Store/input_txttotal' is: '10'

2018-05-17 12:04:30 - [TEST_STEP][PASSED] - Statement - out.println("Requested QTY : " + RequestedQty): null

2018-05-17 12:04:30 - [TEST_STEP][PASSED] - Statement - BatchNumber = com.kms.katalon.core.webui.keyword.WebUiBuiltInKeywords.getNumberOfTotalOption(com.kms.katalon.core.testobject.ObjectRepository.findTestObject(Emergency/Page_Store/select_--Select--BA1150BA4110)): 3 options of object 'Object Repository/Emergency/Page_Store/select_--Select--BA1150BA4110' counted

2018-05-17 12:04:30 - [MESSAGE][PASSED] - 3 options of object 'Object Repository/Emergency/Page_Store/select_--Select--BA1150BA4110' counted

2018-05-17 12:04:30 - [TEST_STEP][PASSED] - Statement - For ([g = 1, g <= BatchNumber - 1, (g++)]): null

2018-05-17 12:04:30 - [TEST_STEP][PASSED] - selectOptionByIndex: All options with index in [1] are selected on object 'Object Repository/Emergency/Page_Store/select_--Select--BA1150BA4110'

2018-05-17 12:04:30 - [MESSAGE][PASSED] - All options with index in [1] are selected on object 'Object Repository/Emergency/Page_Store/select_--Select--BA1150BA4110'

2018-05-17 12:04:30 - [TEST_STEP][PASSED] - delay: Delayed 2 second(s)

2018-05-17 12:04:32 - [MESSAGE][PASSED] - Delayed 2 second(s)

2018-05-17 12:04:32 - [TEST_STEP][PASSED] - Statement - Try: null

2018-05-17 12:04:32 - [TEST_STEP][PASSED] - Statement - StockQty = com.kms.katalon.core.webui.keyword.WebUiBuiltInKeywords.getAttribute(com.kms.katalon.core.testobject.ObjectRepository.findTestObject(Emergency/Page_Store/input_txtprice), "value"): Attribute 'value' of object 'Object Repository/Emergency/Page_Store/input_txtprice' is: '1000'

2018-05-17 12:04:32 - [MESSAGE][PASSED] - Attribute 'value' of object 'Object Repository/Emergency/Page_Store/input_txtprice' is: '1000'

2018-05-17 12:04:32 - [TEST_STEP][PASSED] - Statement - out.println("Stock QTY : " + StockQty): null

2018-05-17 12:04:32 - [TEST_STEP][PASSED] - delay: Delayed 2 second(s)

2018-05-17 12:04:34 - [MESSAGE][PASSED] - Delayed 2 second(s)

2018-05-17 12:04:34 - [TEST_STEP][PASSED] - Statement - If (java.lang.Integer.valueOf(StockQty) >= java.lang.Integer.valueOf(RequestedQty)): null

2018-05-17 12:04:34 - [TEST_STEP][PASSED] - delay: Delayed 1 second(s)

2018-05-17 12:04:35 - [MESSAGE][PASSED] - Delayed 1 second(s)

2018-05-17 12:04:35 - [TEST_STEP][PASSED] - setText: Text '10' is set on object 'Object Repository/Emergency/Page_Store/input_txtqty'

2018-05-17 12:04:35 - [MESSAGE][PASSED] - Text '10' is set on object 'Object Repository/Emergency/Page_Store/input_txtqty'

2018-05-17 12:04:35 - [TEST_STEP][PASSED] - click: Object: 'Object Repository/Emergency/Page_Store/button_Add' is clicked on

2018-05-17 12:04:35 - [MESSAGE][PASSED] - Object: 'Object Repository/Emergency/Page_Store/button_Add' is clicked on

2018-05-17 12:04:35 - [TEST_STEP][PASSED] - Statement - Break: null

2018-05-17 12:04:35 - [TEST_STEP][PASSED] - selectOptionByIndex: All options with index in [4] are selected on object 'Object Repository/Emergency/Page_Store/select_--Select--Amikacin -500'

2018-05-17 12:04:36 - [MESSAGE][PASSED] - All options with index in [4] are selected on object 'Object Repository/Emergency/Page_Store/select_--Select--Amikacin -500'

2018-05-17 12:04:36 - [TEST_STEP][PASSED] - delay: Delayed 2 second(s)

2018-05-17 12:04:38 - [MESSAGE][PASSED] - Delayed 2 second(s)

2018-05-17 12:04:38 - [TEST_STEP][PASSED] - Statement - RequestedQty = com.kms.katalon.core.webui.keyword.WebUiBuiltInKeywords.getAttribute(com.kms.katalon.core.testobject.ObjectRepository.findTestObject(Emergency/Page_Store/input_txttotal), "value"): Attribute 'value' of object 'Object Repository/Emergency/Page_Store/input_txttotal' is: '10'

2018-05-17 12:04:38 - [MESSAGE][PASSED] - Attribute 'value' of object 'Object Repository/Emergency/Page_Store/input_txttotal' is: '10'

2018-05-17 12:04:38 - [TEST_STEP][PASSED] - Statement - out.println("Requested QTY : " + RequestedQty): null

2018-05-17 12:04:38 - [TEST_STEP][PASSED] - Statement - BatchNumber = com.kms.katalon.core.webui.keyword.WebUiBuiltInKeywords.getNumberOfTotalOption(com.kms.katalon.core.testobject.ObjectRepository.findTestObject(Emergency/Page_Store/select_--Select--BA1150BA4110)): 3 options of object 'Object Repository/Emergency/Page_Store/select_--Select--BA1150BA4110' counted

2018-05-17 12:04:38 - [MESSAGE][PASSED] - 3 options of object 'Object Repository/Emergency/Page_Store/select_--Select--BA1150BA4110' counted

2018-05-17 12:04:38 - [TEST_STEP][PASSED] - Statement - For ([g = 1, g <= BatchNumber - 1, (g++)]): null

2018-05-17 12:04:38 - [TEST_STEP][PASSED] - selectOptionByIndex: All options with index in [1] are selected on object 'Object Repository/Emergency/Page_Store/select_--Select--BA1150BA4110'

2018-05-17 12:04:38 - [MESSAGE][PASSED] - All options with index in [1] are selected on object 'Object Repository/Emergency/Page_Store/select_--Select--BA1150BA4110'

2018-05-17 12:04:38 - [TEST_STEP][PASSED] - delay: Delayed 2 second(s)

2018-05-17 12:04:40 - [MESSAGE][PASSED] - Delayed 2 second(s)

2018-05-17 12:04:40 - [TEST_STEP][PASSED] - Statement - Try: null

2018-05-17 12:04:40 - [TEST_STEP][PASSED] - Statement - StockQty = com.kms.katalon.core.webui.keyword.WebUiBuiltInKeywords.getAttribute(com.kms.katalon.core.testobject.ObjectRepository.findTestObject(Emergency/Page_Store/input_txtprice), "value"): Attribute 'value' of object 'Object Repository/Emergency/Page_Store/input_txtprice' is: '90'

2018-05-17 12:04:40 - [MESSAGE][PASSED] - Attribute 'value' of object 'Object Repository/Emergency/Page_Store/input_txtprice' is: '90'

2018-05-17 12:04:40 - [TEST_STEP][PASSED] - Statement - out.println("Stock QTY : " + StockQty): null

2018-05-17 12:04:40 - [TEST_STEP][PASSED] - delay: Delayed 2 second(s)

2018-05-17 12:04:42 - [MESSAGE][PASSED] - Delayed 2 second(s)

2018-05-17 12:04:42 - [TEST_STEP][PASSED] - Statement - If (java.lang.Integer.valueOf(StockQty) >= java.lang.Integer.valueOf(RequestedQty)): null

2018-05-17 12:04:42 - [TEST_STEP][PASSED] - delay: Delayed 1 second(s)

2018-05-17 12:04:43 - [MESSAGE][PASSED] - Delayed 1 second(s)

2018-05-17 12:04:43 - [TEST_STEP][PASSED] - setText: Text '10' is set on object 'Object Repository/Emergency/Page_Store/input_txtqty'

2018-05-17 12:04:43 - [MESSAGE][PASSED] - Text '10' is set on object 'Object Repository/Emergency/Page_Store/input_txtqty'

2018-05-17 12:04:43 - [TEST_STEP][PASSED] - click: Object: 'Object Repository/Emergency/Page_Store/button_Add' is clicked on

2018-05-17 12:04:43 - [MESSAGE][PASSED] - Object: 'Object Repository/Emergency/Page_Store/button_Add' is clicked on

2018-05-17 12:04:43 - [TEST_STEP][PASSED] - Statement - Break: null

2018-05-17 12:04:43 - [TEST_STEP][PASSED] - selectOptionByIndex: All options with index in [5] are selected on object 'Object Repository/Emergency/Page_Store/select_--Select--Amikacin -500'

2018-05-17 12:04:43 - [MESSAGE][PASSED] - All options with index in [5] are selected on object 'Object Repository/Emergency/Page_Store/select_--Select--Amikacin -500'

2018-05-17 12:04:43 - [TEST_STEP][PASSED] - delay: Delayed 2 second(s)

2018-05-17 12:04:45 - [MESSAGE][PASSED] - Delayed 2 second(s)

2018-05-17 12:04:45 - [TEST_STEP][PASSED] - Statement - RequestedQty = com.kms.katalon.core.webui.keyword.WebUiBuiltInKeywords.getAttribute(com.kms.katalon.core.testobject.ObjectRepository.findTestObject(Emergency/Page_Store/input_txttotal), "value"): Attribute 'value' of object 'Object Repository/Emergency/Page_Store/input_txttotal' is: '10'

2018-05-17 12:04:45 - [MESSAGE][PASSED] - Attribute 'value' of object 'Object Repository/Emergency/Page_Store/input_txttotal' is: '10'

2018-05-17 12:04:45 - [TEST_STEP][PASSED] - Statement - out.println("Requested QTY : " + RequestedQty): null

2018-05-17 12:04:45 - [TEST_STEP][PASSED] - Statement - BatchNumber = com.kms.katalon.core.webui.keyword.WebUiBuiltInKeywords.getNumberOfTotalOption(com.kms.katalon.core.testobject.ObjectRepository.findTestObject(Emergency/Page_Store/select_--Select--BA1150BA4110)): 3 options of object 'Object Repository/Emergency/Page_Store/select_--Select--BA1150BA4110' counted

2018-05-17 12:04:45 - [MESSAGE][PASSED] - 3 options of object 'Object Repository/Emergency/Page_Store/select_--Select--BA1150BA4110' counted

2018-05-17 12:04:45 - [TEST_STEP][PASSED] - Statement - For ([g = 1, g <= BatchNumber - 1, (g++)]): null

2018-05-17 12:04:45 - [TEST_STEP][PASSED] - selectOptionByIndex: All options with index in [1] are selected on object 'Object Repository/Emergency/Page_Store/select_--Select--BA1150BA4110'

2018-05-17 12:04:45 - [MESSAGE][PASSED] - All options with index in [1] are selected on object 'Object Repository/Emergency/Page_Store/select_--Select--BA1150BA4110'

2018-05-17 12:04:45 - [TEST_STEP][PASSED] - delay: Delayed 2 second(s)

2018-05-17 12:04:47 - [MESSAGE][PASSED] - Delayed 2 second(s)

2018-05-17 12:04:47 - [TEST_STEP][PASSED] - Statement - Try: null

2018-05-17 12:04:47 - [TEST_STEP][PASSED] - Statement - StockQty = com.kms.katalon.core.webui.keyword.WebUiBuiltInKeywords.getAttribute(com.kms.katalon.core.testobject.ObjectRepository.findTestObject(Emergency/Page_Store/input_txtprice), "value"): Attribute 'value' of object 'Object Repository/Emergency/Page_Store/input_txtprice' is: '90'

2018-05-17 12:04:47 - [MESSAGE][PASSED] - Attribute 'value' of object 'Object Repository/Emergency/Page_Store/input_txtprice' is: '90'

2018-05-17 12:04:47 - [TEST_STEP][PASSED] - Statement - out.println("Stock QTY : " + StockQty): null

2018-05-17 12:04:47 - [TEST_STEP][PASSED] - delay: Delayed 2 second(s)

2018-05-17 12:04:49 - [MESSAGE][PASSED] - Delayed 2 second(s)

2018-05-17 12:04:49 - [TEST_STEP][PASSED] - Statement - If (java.lang.Integer.valueOf(StockQty) >= java.lang.Integer.valueOf(RequestedQty)): null

2018-05-17 12:04:49 - [TEST_STEP][PASSED] - delay: Delayed 1 second(s)

2018-05-17 12:04:50 - [MESSAGE][PASSED] - Delayed 1 second(s)

2018-05-17 12:04:50 - [TEST_STEP][PASSED] - setText: Text '10' is set on object 'Object Repository/Emergency/Page_Store/input_txtqty'

2018-05-17 12:04:50 - [MESSAGE][PASSED] - Text '10' is set on object 'Object Repository/Emergency/Page_Store/input_txtqty'

2018-05-17 12:04:50 - [TEST_STEP][PASSED] - click: Object: 'Object Repository/Emergency/Page_Store/button_Add' is clicked on

2018-05-17 12:04:51 - [MESSAGE][PASSED] - Object: 'Object Repository/Emergency/Page_Store/button_Add' is clicked on

2018-05-17 12:04:51 - [TEST_STEP][PASSED] - Statement - Break: null

2018-05-17 12:04:51 - [TEST_STEP][PASSED] - selectOptionByIndex: All options with index in [6] are selected on object 'Object Repository/Emergency/Page_Store/select_--Select--Amikacin -500'

2018-05-17 12:04:51 - [MESSAGE][PASSED] - All options with index in [6] are selected on object 'Object Repository/Emergency/Page_Store/select_--Select--Amikacin -500'

2018-05-17 12:04:51 - [TEST_STEP][PASSED] - delay: Delayed 2 second(s)

2018-05-17 12:04:53 - [MESSAGE][PASSED] - Delayed 2 second(s)

2018-05-17 12:04:53 - [TEST_STEP][PASSED] - Statement - RequestedQty = com.kms.katalon.core.webui.keyword.WebUiBuiltInKeywords.getAttribute(com.kms.katalon.core.testobject.ObjectRepository.findTestObject(Emergency/Page_Store/input_txttotal), "value"): Attribute 'value' of object 'Object Repository/Emergency/Page_Store/input_txttotal' is: '10'

2018-05-17 12:04:53 - [MESSAGE][PASSED] - Attribute 'value' of object 'Object Repository/Emergency/Page_Store/input_txttotal' is: '10'

2018-05-17 12:04:53 - [TEST_STEP][PASSED] - Statement - out.println("Requested QTY : " + RequestedQty): null

2018-05-17 12:04:53 - [TEST_STEP][PASSED] - Statement - BatchNumber = com.kms.katalon.core.webui.keyword.WebUiBuiltInKeywords.getNumberOfTotalOption(com.kms.katalon.core.testobject.ObjectRepository.findTestObject(Emergency/Page_Store/select_--Select--BA1150BA4110)): 3 options of object 'Object Repository/Emergency/Page_Store/select_--Select--BA1150BA4110' counted

2018-05-17 12:04:53 - [MESSAGE][PASSED] - 3 options of object 'Object Repository/Emergency/Page_Store/select_--Select--BA1150BA4110' counted

2018-05-17 12:04:53 - [TEST_STEP][PASSED] - Statement - For ([g = 1, g <= BatchNumber - 1, (g++)]): null

2018-05-17 12:04:53 - [TEST_STEP][PASSED] - selectOptionByIndex: All options with index in [1] are selected on object 'Object Repository/Emergency/Page_Store/select_--Select--BA1150BA4110'

2018-05-17 12:04:53 - [MESSAGE][PASSED] - All options with index in [1] are selected on object 'Object Repository/Emergency/Page_Store/select_--Select--BA1150BA4110'

2018-05-17 12:04:53 - [TEST_STEP][PASSED] - delay: Delayed 2 second(s)

2018-05-17 12:04:55 - [MESSAGE][PASSED] - Delayed 2 second(s)

2018-05-17 12:04:55 - [TEST_STEP][PASSED] - Statement - Try: null

2018-05-17 12:04:55 - [TEST_STEP][PASSED] - Statement - StockQty = com.kms.katalon.core.webui.keyword.WebUiBuiltInKeywords.getAttribute(com.kms.katalon.core.testobject.ObjectRepository.findTestObject(Emergency/Page_Store/input_txtprice), "value"): Attribute 'value' of object 'Object Repository/Emergency/Page_Store/input_txtprice' is: '90'

2018-05-17 12:04:55 - [MESSAGE][PASSED] - Attribute 'value' of object 'Object Repository/Emergency/Page_Store/input_txtprice' is: '90'

2018-05-17 12:04:55 - [TEST_STEP][PASSED] - Statement - out.println("Stock QTY : " + StockQty): null

2018-05-17 12:04:55 - [TEST_STEP][PASSED] - delay: Delayed 2 second(s)

2018-05-17 12:04:57 - [MESSAGE][PASSED] - Delayed 2 second(s)

2018-05-17 12:04:57 - [TEST_STEP][PASSED] - Statement - If (java.lang.Integer.valueOf(StockQty) >= java.lang.Integer.valueOf(RequestedQty)): null

2018-05-17 12:04:57 - [TEST_STEP][PASSED] - delay: Delayed 1 second(s)

2018-05-17 12:04:58 - [MESSAGE][PASSED] - Delayed 1 second(s)

2018-05-17 12:04:58 - [TEST_STEP][PASSED] - setText: Text '10' is set on object 'Object Repository/Emergency/Page_Store/input_txtqty'

2018-05-17 12:04:58 - [MESSAGE][PASSED] - Text '10' is set on object 'Object Repository/Emergency/Page_Store/input_txtqty'

2018-05-17 12:04:58 - [TEST_STEP][PASSED] - click: Object: 'Object Repository/Emergency/Page_Store/button_Add' is clicked on

2018-05-17 12:04:58 - [MESSAGE][PASSED] - Object: 'Object Repository/Emergency/Page_Store/button_Add' is clicked on

2018-05-17 12:04:58 - [TEST_STEP][PASSED] - Statement - Break: null

2018-05-17 12:04:58 - [TEST_STEP][PASSED] - selectOptionByIndex: All options with index in [7] are selected on object 'Object Repository/Emergency/Page_Store/select_--Select--Amikacin -500'

2018-05-17 12:04:58 - [MESSAGE][PASSED] - All options with index in [7] are selected on object 'Object Repository/Emergency/Page_Store/select_--Select--Amikacin -500'

2018-05-17 12:04:58 - [TEST_STEP][PASSED] - delay: Delayed 2 second(s)

2018-05-17 12:05:00 - [MESSAGE][PASSED] - Delayed 2 second(s)

2018-05-17 12:05:00 - [TEST_STEP][PASSED] - Statement - RequestedQty = com.kms.katalon.core.webui.keyword.WebUiBuiltInKeywords.getAttribute(com.kms.katalon.core.testobject.ObjectRepository.findTestObject(Emergency/Page_Store/input_txttotal), "value"): Attribute 'value' of object 'Object Repository/Emergency/Page_Store/input_txttotal' is: '10'

2018-05-17 12:05:00 - [MESSAGE][PASSED] - Attribute 'value' of object 'Object Repository/Emergency/Page_Store/input_txttotal' is: '10'

2018-05-17 12:05:00 - [TEST_STEP][PASSED] - Statement - out.println("Requested QTY : " + RequestedQty): null

2018-05-17 12:05:00 - [TEST_STEP][PASSED] - Statement - BatchNumber = com.kms.katalon.core.webui.keyword.WebUiBuiltInKeywords.getNumberOfTotalOption(com.kms.katalon.core.testobject.ObjectRepository.findTestObject(Emergency/Page_Store/select_--Select--BA1150BA4110)): 2 options of object 'Object Repository/Emergency/Page_Store/select_--Select--BA1150BA4110' counted

2018-05-17 12:05:00 - [MESSAGE][PASSED] - 2 options of object 'Object Repository/Emergency/Page_Store/select_--Select--BA1150BA4110' counted

2018-05-17 12:05:00 - [TEST_STEP][PASSED] - Statement - For ([g = 1, g <= BatchNumber - 1, (g++)]): null

2018-05-17 12:05:00 - [TEST_STEP][PASSED] - selectOptionByIndex: All options with index in [1] are selected on object 'Object Repository/Emergency/Page_Store/select_--Select--BA1150BA4110'

2018-05-17 12:05:00 - [MESSAGE][PASSED] - All options with index in [1] are selected on object 'Object Repository/Emergency/Page_Store/select_--Select--BA1150BA4110'

2018-05-17 12:05:00 - [TEST_STEP][PASSED] - delay: Delayed 2 second(s)

2018-05-17 12:05:02 - [MESSAGE][PASSED] - Delayed 2 second(s)

2018-05-17 12:05:02 - [TEST_STEP][PASSED] - Statement - Try: null

2018-05-17 12:05:02 - [TEST_STEP][PASSED] - Statement - StockQty = com.kms.katalon.core.webui.keyword.WebUiBuiltInKeywords.getAttribute(com.kms.katalon.core.testobject.ObjectRepository.findTestObject(Emergency/Page_Store/input_txtprice), "value"): Attribute 'value' of object 'Object Repository/Emergency/Page_Store/input_txtprice' is: '1100'

2018-05-17 12:05:03 - [MESSAGE][PASSED] - Attribute 'value' of object 'Object Repository/Emergency/Page_Store/input_txtprice' is: '1100'

2018-05-17 12:05:03 - [TEST_STEP][PASSED] - Statement - out.println("Stock QTY : " + StockQty): null

2018-05-17 12:05:03 - [TEST_STEP][PASSED] - delay: Delayed 2 second(s)

2018-05-17 12:05:05 - [MESSAGE][PASSED] - Delayed 2 second(s)

2018-05-17 12:05:05 - [TEST_STEP][PASSED] - Statement - If (java.lang.Integer.valueOf(StockQty) >= java.lang.Integer.valueOf(RequestedQty)): null

2018-05-17 12:05:05 - [TEST_STEP][PASSED] - delay: Delayed 1 second(s)

2018-05-17 12:05:06 - [MESSAGE][PASSED] - Delayed 1 second(s)

2018-05-17 12:05:06 - [TEST_STEP][PASSED] - setText: Text '10' is set on object 'Object Repository/Emergency/Page_Store/input_txtqty'

2018-05-17 12:05:06 - [MESSAGE][PASSED] - Text '10' is set on object 'Object Repository/Emergency/Page_Store/input_txtqty'

2018-05-17 12:05:06 - [TEST_STEP][PASSED] - click: Object: 'Object Repository/Emergency/Page_Store/button_Add' is clicked on

2018-05-17 12:05:06 - [MESSAGE][PASSED] - Object: 'Object Repository/Emergency/Page_Store/button_Add' is clicked on

2018-05-17 12:05:06 - [TEST_STEP][PASSED] - Statement - Break: null

2018-05-17 12:05:06 - [TEST_STEP][PASSED] - selectOptionByIndex: All options with index in [8] are selected on object 'Object Repository/Emergency/Page_Store/select_--Select--Amikacin -500'

2018-05-17 12:05:06 - [MESSAGE][PASSED] - All options with index in [8] are selected on object 'Object Repository/Emergency/Page_Store/select_--Select--Amikacin -500'

2018-05-17 12:05:06 - [TEST_STEP][PASSED] - delay: Delayed 2 second(s)

2018-05-17 12:05:08 - [MESSAGE][PASSED] - Delayed 2 second(s)

2018-05-17 12:05:08 - [TEST_STEP][PASSED] - Statement - RequestedQty = com.kms.katalon.core.webui.keyword.WebUiBuiltInKeywords.getAttribute(com.kms.katalon.core.testobject.ObjectRepository.findTestObject(Emergency/Page_Store/input_txttotal), "value"): Attribute 'value' of object 'Object Repository/Emergency/Page_Store/input_txttotal' is: '10'

2018-05-17 12:05:08 - [MESSAGE][PASSED] - Attribute 'value' of object 'Object Repository/Emergency/Page_Store/input_txttotal' is: '10'

2018-05-17 12:05:08 - [TEST_STEP][PASSED] - Statement - out.println("Requested QTY : " + RequestedQty): null

2018-05-17 12:05:08 - [TEST_STEP][PASSED] - Statement - BatchNumber = com.kms.katalon.core.webui.keyword.WebUiBuiltInKeywords.getNumberOfTotalOption(com.kms.katalon.core.testobject.ObjectRepository.findTestObject(Emergency/Page_Store/select_--Select--BA1150BA4110)): 3 options of object 'Object Repository/Emergency/Page_Store/select_--Select--BA1150BA4110' counted

2018-05-17 12:05:08 - [MESSAGE][PASSED] - 3 options of object 'Object Repository/Emergency/Page_Store/select_--Select--BA1150BA4110' counted

2018-05-17 12:05:08 - [TEST_STEP][PASSED] - Statement - For ([g = 1, g <= BatchNumber - 1, (g++)]): null

2018-05-17 12:05:08 - [TEST_STEP][PASSED] - selectOptionByIndex: All options with index in [1] are selected on object 'Object Repository/Emergency/Page_Store/select_--Select--BA1150BA4110'

2018-05-17 12:05:08 - [MESSAGE][PASSED] - All options with index in [1] are selected on object 'Object Repository/Emergency/Page_Store/select_--Select--BA1150BA4110'

2018-05-17 12:05:08 - [TEST_STEP][PASSED] - delay: Delayed 2 second(s)

2018-05-17 12:05:10 - [MESSAGE][PASSED] - Delayed 2 second(s)

2018-05-17 12:05:10 - [TEST_STEP][PASSED] - Statement - Try: null

2018-05-17 12:05:10 - [TEST_STEP][PASSED] - Statement - StockQty = com.kms.katalon.core.webui.keyword.WebUiBuiltInKeywords.getAttribute(com.kms.katalon.core.testobject.ObjectRepository.findTestObject(Emergency/Page_Store/input_txtprice), "value"): Attribute 'value' of object 'Object Repository/Emergency/Page_Store/input_txtprice' is: '1000'

2018-05-17 12:05:10 - [MESSAGE][PASSED] - Attribute 'value' of object 'Object Repository/Emergency/Page_Store/input_txtprice' is: '1000'

2018-05-17 12:05:10 - [TEST_STEP][PASSED] - Statement - out.println("Stock QTY : " + StockQty): null

2018-05-17 12:05:10 - [TEST_STEP][PASSED] - delay: Delayed 2 second(s)

2018-05-17 12:05:12 - [MESSAGE][PASSED] - Delayed 2 second(s)

2018-05-17 12:05:12 - [TEST_STEP][PASSED] - Statement - If (java.lang.Integer.valueOf(StockQty) >= java.lang.Integer.valueOf(RequestedQty)): null

2018-05-17 12:05:12 - [TEST_STEP][PASSED] - delay: Delayed 1 second(s)

2018-05-17 12:05:13 - [MESSAGE][PASSED] - Delayed 1 second(s)

2018-05-17 12:05:13 - [TEST_STEP][PASSED] - setText: Text '10' is set on object 'Object Repository/Emergency/Page_Store/input_txtqty'

2018-05-17 12:05:14 - [MESSAGE][PASSED] - Text '10' is set on object 'Object Repository/Emergency/Page_Store/input_txtqty'

2018-05-17 12:05:14 - [TEST_STEP][PASSED] - click: Object: 'Object Repository/Emergency/Page_Store/button_Add' is clicked on

2018-05-17 12:05:14 - [MESSAGE][PASSED] - Object: 'Object Repository/Emergency/Page_Store/button_Add' is clicked on

2018-05-17 12:05:14 - [TEST_STEP][PASSED] - Statement - Break: null

2018-05-17 12:05:14 - [TEST_STEP][PASSED] - selectOptionByIndex: All options with index in [9] are selected on object 'Object Repository/Emergency/Page_Store/select_--Select--Amikacin -500'

2018-05-17 12:05:14 - [MESSAGE][PASSED] - All options with index in [9] are selected on object 'Object Repository/Emergency/Page_Store/select_--Select--Amikacin -500'

2018-05-17 12:05:14 - [TEST_STEP][PASSED] - delay: Delayed 2 second(s)

2018-05-17 12:05:16 - [MESSAGE][PASSED] - Delayed 2 second(s)

2018-05-17 12:05:16 - [TEST_STEP][PASSED] - Statement - RequestedQty = com.kms.katalon.core.webui.keyword.WebUiBuiltInKeywords.getAttribute(com.kms.katalon.core.testobject.ObjectRepository.findTestObject(Emergency/Page_Store/input_txttotal), "value"): Attribute 'value' of object 'Object Repository/Emergency/Page_Store/input_txttotal' is: '10'

2018-05-17 12:05:16 - [MESSAGE][PASSED] - Attribute 'value' of object 'Object Repository/Emergency/Page_Store/input_txttotal' is: '10'

2018-05-17 12:05:16 - [TEST_STEP][PASSED] - Statement - out.println("Requested QTY : " + RequestedQty): null

2018-05-17 12:05:16 - [TEST_STEP][PASSED] - Statement - BatchNumber = com.kms.katalon.core.webui.keyword.WebUiBuiltInKeywords.getNumberOfTotalOption(com.kms.katalon.core.testobject.ObjectRepository.findTestObject(Emergency/Page_Store/select_--Select--BA1150BA4110)): 3 options of object 'Object Repository/Emergency/Page_Store/select_--Select--BA1150BA4110' counted

2018-05-17 12:05:16 - [MESSAGE][PASSED] - 3 options of object 'Object Repository/Emergency/Page_Store/select_--Select--BA1150BA4110' counted

2018-05-17 12:05:16 - [TEST_STEP][PASSED] - Statement - For ([g = 1, g <= BatchNumber - 1, (g++)]): null

2018-05-17 12:05:16 - [TEST_STEP][PASSED] - selectOptionByIndex: All options with index in [1] are selected on object 'Object Repository/Emergency/Page_Store/select_--Select--BA1150BA4110'

2018-05-17 12:05:16 - [MESSAGE][PASSED] - All options with index in [1] are selected on object 'Object Repository/Emergency/Page_Store/select_--Select--BA1150BA4110'

2018-05-17 12:05:16 - [TEST_STEP][PASSED] - delay: Delayed 2 second(s)

2018-05-17 12:05:18 - [MESSAGE][PASSED] - Delayed 2 second(s)

2018-05-17 12:05:18 - [TEST_STEP][PASSED] - Statement - Try: null

2018-05-17 12:05:18 - [TEST_STEP][PASSED] - Statement - StockQty = com.kms.katalon.core.webui.keyword.WebUiBuiltInKeywords.getAttribute(com.kms.katalon.core.testobject.ObjectRepository.findTestObject(Emergency/Page_Store/input_txtprice), "value"): Attribute 'value' of object 'Object Repository/Emergency/Page_Store/input_txtprice' is: '90'

2018-05-17 12:05:18 - [MESSAGE][PASSED] - Attribute 'value' of object 'Object Repository/Emergency/Page_Store/input_txtprice' is: '90'

2018-05-17 12:05:18 - [TEST_STEP][PASSED] - Statement - out.println("Stock QTY : " + StockQty): null

2018-05-17 12:05:18 - [TEST_STEP][PASSED] - delay: Delayed 2 second(s)

2018-05-17 12:05:20 - [MESSAGE][PASSED] - Delayed 2 second(s)

2018-05-17 12:05:20 - [TEST_STEP][PASSED] - Statement - If (java.lang.Integer.valueOf(StockQty) >= java.lang.Integer.valueOf(RequestedQty)): null

2018-05-17 12:05:20 - [TEST_STEP][PASSED] - delay: Delayed 1 second(s)

2018-05-17 12:05:21 - [MESSAGE][PASSED] - Delayed 1 second(s)

2018-05-17 12:05:21 - [TEST_STEP][PASSED] - setText: Text '10' is set on object 'Object Repository/Emergency/Page_Store/input_txtqty'

2018-05-17 12:05:21 - [MESSAGE][PASSED] - Text '10' is set on object 'Object Repository/Emergency/Page_Store/input_txtqty'

2018-05-17 12:05:21 - [TEST_STEP][PASSED] - click: Object: 'Object Repository/Emergency/Page_Store/button_Add' is clicked on

2018-05-17 12:05:21 - [MESSAGE][PASSED] - Object: 'Object Repository/Emergency/Page_Store/button_Add' is clicked on

2018-05-17 12:05:21 - [TEST_STEP][PASSED] - Statement - Break: null

2018-05-17 12:05:21 - [TEST_STEP][PASSED] - selectOptionByIndex: All options with index in [10] are selected on object 'Object Repository/Emergency/Page_Store/select_--Select--Amikacin -500'

2018-05-17 12:05:21 - [MESSAGE][PASSED] - All options with index in [10] are selected on object 'Object Repository/Emergency/Page_Store/select_--Select--Amikacin -500'

2018-05-17 12:05:21 - [TEST_STEP][PASSED] - delay: Delayed 2 second(s)

2018-05-17 12:05:23 - [MESSAGE][PASSED] - Delayed 2 second(s)

2018-05-17 12:05:23 - [TEST_STEP][PASSED] - Statement - RequestedQty = com.kms.katalon.core.webui.keyword.WebUiBuiltInKeywords.getAttribute(com.kms.katalon.core.testobject.ObjectRepository.findTestObject(Emergency/Page_Store/input_txttotal), "value"): Attribute 'value' of object 'Object Repository/Emergency/Page_Store/input_txttotal' is: '10'

2018-05-17 12:05:23 - [MESSAGE][PASSED] - Attribute 'value' of object 'Object Repository/Emergency/Page_Store/input_txttotal' is: '10'

2018-05-17 12:05:23 - [TEST_STEP][PASSED] - Statement - out.println("Requested QTY : " + RequestedQty): null

2018-05-17 12:05:23 - [TEST_STEP][PASSED] - Statement - BatchNumber = com.kms.katalon.core.webui.keyword.WebUiBuiltInKeywords.getNumberOfTotalOption(com.kms.katalon.core.testobject.ObjectRepository.findTestObject(Emergency/Page_Store/select_--Select--BA1150BA4110)): 2 options of object 'Object Repository/Emergency/Page_Store/select_--Select--BA1150BA4110' counted

2018-05-17 12:05:24 - [MESSAGE][PASSED] - 2 options of object 'Object Repository/Emergency/Page_Store/select_--Select--BA1150BA4110' counted

2018-05-17 12:05:24 - [TEST_STEP][PASSED] - Statement - For ([g = 1, g <= BatchNumber - 1, (g++)]): null

2018-05-17 12:05:24 - [TEST_STEP][PASSED] - selectOptionByIndex: All options with index in [1] are selected on object 'Object Repository/Emergency/Page_Store/select_--Select--BA1150BA4110'

2018-05-17 12:05:24 - [MESSAGE][PASSED] - All options with index in [1] are selected on object 'Object Repository/Emergency/Page_Store/select_--Select--BA1150BA4110'

2018-05-17 12:05:24 - [TEST_STEP][PASSED] - delay: Delayed 2 second(s)

2018-05-17 12:05:26 - [MESSAGE][PASSED] - Delayed 2 second(s)

2018-05-17 12:05:26 - [TEST_STEP][PASSED] - Statement - Try: null

2018-05-17 12:05:26 - [TEST_STEP][PASSED] - Statement - StockQty = com.kms.katalon.core.webui.keyword.WebUiBuiltInKeywords.getAttribute(com.kms.katalon.core.testobject.ObjectRepository.findTestObject(Emergency/Page_Store/input_txtprice), "value"): Attribute 'value' of object 'Object Repository/Emergency/Page_Store/input_txtprice' is: '1100'

2018-05-17 12:05:26 - [MESSAGE][PASSED] - Attribute 'value' of object 'Object Repository/Emergency/Page_Store/input_txtprice' is: '1100'

2018-05-17 12:05:26 - [TEST_STEP][PASSED] - Statement - out.println("Stock QTY : " + StockQty): null

2018-05-17 12:05:26 - [TEST_STEP][PASSED] - delay: Delayed 2 second(s)

2018-05-17 12:05:28 - [MESSAGE][PASSED] - Delayed 2 second(s)

2018-05-17 12:05:28 - [TEST_STEP][PASSED] - Statement - If (java.lang.Integer.valueOf(StockQty) >= java.lang.Integer.valueOf(RequestedQty)): null

2018-05-17 12:05:28 - [TEST_STEP][PASSED] - delay: Delayed 1 second(s)

2018-05-17 12:05:29 - [MESSAGE][PASSED] - Delayed 1 second(s)

2018-05-17 12:05:29 - [TEST_STEP][PASSED] - setText: Text '10' is set on object 'Object Repository/Emergency/Page_Store/input_txtqty'

2018-05-17 12:05:29 - [MESSAGE][PASSED] - Text '10' is set on object 'Object Repository/Emergency/Page_Store/input_txtqty'

2018-05-17 12:05:29 - [TEST_STEP][PASSED] - click: Object: 'Object Repository/Emergency/Page_Store/button_Add' is clicked on

2018-05-17 12:05:29 - [MESSAGE][PASSED] - Object: 'Object Repository/Emergency/Page_Store/button_Add' is clicked on

2018-05-17 12:05:29 - [TEST_STEP][PASSED] - Statement - Break: null

2018-05-17 12:05:29 - [TEST_STEP][PASSED] - selectOptionByIndex: All options with index in [11] are selected on object 'Object Repository/Emergency/Page_Store/select_--Select--Amikacin -500'

2018-05-17 12:05:29 - [MESSAGE][PASSED] - All options with index in [11] are selected on object 'Object Repository/Emergency/Page_Store/select_--Select--Amikacin -500'

2018-05-17 12:05:29 - [TEST_STEP][PASSED] - delay: Delayed 2 second(s)

2018-05-17 12:05:31 - [MESSAGE][PASSED] - Delayed 2 second(s)

2018-05-17 12:05:31 - [TEST_STEP][PASSED] - Statement - RequestedQty = com.kms.katalon.core.webui.keyword.WebUiBuiltInKeywords.getAttribute(com.kms.katalon.core.testobject.ObjectRepository.findTestObject(Emergency/Page_Store/input_txttotal), "value"): Attribute 'value' of object 'Object Repository/Emergency/Page_Store/input_txttotal' is: '10'

2018-05-17 12:05:31 - [MESSAGE][PASSED] - Attribute 'value' of object 'Object Repository/Emergency/Page_Store/input_txttotal' is: '10'

2018-05-17 12:05:31 - [TEST_STEP][PASSED] - Statement - out.println("Requested QTY : " + RequestedQty): null

2018-05-17 12:05:31 - [TEST_STEP][PASSED] - Statement - BatchNumber = com.kms.katalon.core.webui.keyword.WebUiBuiltInKeywords.getNumberOfTotalOption(com.kms.katalon.core.testobject.ObjectRepository.findTestObject(Emergency/Page_Store/select_--Select--BA1150BA4110)): 4 options of object 'Object Repository/Emergency/Page_Store/select_--Select--BA1150BA4110' counted

2018-05-17 12:05:31 - [MESSAGE][PASSED] - 4 options of object 'Object Repository/Emergency/Page_Store/select_--Select--BA1150BA4110' counted

2018-05-17 12:05:31 - [TEST_STEP][PASSED] - Statement - For ([g = 1, g <= BatchNumber - 1, (g++)]): null

2018-05-17 12:05:31 - [TEST_STEP][PASSED] - selectOptionByIndex: All options with index in [1] are selected on object 'Object Repository/Emergency/Page_Store/select_--Select--BA1150BA4110'

2018-05-17 12:05:31 - [MESSAGE][PASSED] - All options with index in [1] are selected on object 'Object Repository/Emergency/Page_Store/select_--Select--BA1150BA4110'

2018-05-17 12:05:31 - [TEST_STEP][PASSED] - delay: Delayed 2 second(s)

2018-05-17 12:05:33 - [MESSAGE][PASSED] - Delayed 2 second(s)

2018-05-17 12:05:33 - [TEST_STEP][PASSED] - Statement - Try: null

2018-05-17 12:05:33 - [TEST_STEP][PASSED] - Statement - StockQty = com.kms.katalon.core.webui.keyword.WebUiBuiltInKeywords.getAttribute(com.kms.katalon.core.testobject.ObjectRepository.findTestObject(Emergency/Page_Store/input_txtprice), "value"): Attribute 'value' of object 'Object Repository/Emergency/Page_Store/input_txtprice' is: '90'

2018-05-17 12:05:33 - [MESSAGE][PASSED] - Attribute 'value' of object 'Object Repository/Emergency/Page_Store/input_txtprice' is: '90'

2018-05-17 12:05:33 - [TEST_STEP][PASSED] - Statement - out.println("Stock QTY : " + StockQty): null

2018-05-17 12:05:33 - [TEST_STEP][PASSED] - delay: Delayed 2 second(s)

2018-05-17 12:05:35 - [MESSAGE][PASSED] - Delayed 2 second(s)

2018-05-17 12:05:35 - [TEST_STEP][PASSED] - Statement - If (java.lang.Integer.valueOf(StockQty) >= java.lang.Integer.valueOf(RequestedQty)): null

2018-05-17 12:05:35 - [TEST_STEP][PASSED] - delay: Delayed 1 second(s)

2018-05-17 12:05:36 - [MESSAGE][PASSED] - Delayed 1 second(s)

2018-05-17 12:05:36 - [TEST_STEP][PASSED] - setText: Text '10' is set on object 'Object Repository/Emergency/Page_Store/input_txtqty'

2018-05-17 12:05:36 - [MESSAGE][PASSED] - Text '10' is set on object 'Object Repository/Emergency/Page_Store/input_txtqty'

2018-05-17 12:05:36 - [TEST_STEP][PASSED] - click: Object: 'Object Repository/Emergency/Page_Store/button_Add' is clicked on

2018-05-17 12:05:37 - [MESSAGE][PASSED] - Object: 'Object Repository/Emergency/Page_Store/button_Add' is clicked on

2018-05-17 12:05:37 - [TEST_STEP][PASSED] - Statement - Break: null

2018-05-17 12:05:37 - [TEST_STEP][PASSED] - selectOptionByIndex: All options with index in [12] are selected on object 'Object Repository/Emergency/Page_Store/select_--Select--Amikacin -500'

2018-05-17 12:05:37 - [MESSAGE][PASSED] - All options with index in [12] are selected on object 'Object Repository/Emergency/Page_Store/select_--Select--Amikacin -500'

2018-05-17 12:05:37 - [TEST_STEP][PASSED] - delay: Delayed 2 second(s)

2018-05-17 12:05:39 - [MESSAGE][PASSED] - Delayed 2 second(s)

2018-05-17 12:05:39 - [TEST_STEP][PASSED] - Statement - RequestedQty = com.kms.katalon.core.webui.keyword.WebUiBuiltInKeywords.getAttribute(com.kms.katalon.core.testobject.ObjectRepository.findTestObject(Emergency/Page_Store/input_txttotal), "value"): Attribute 'value' of object 'Object Repository/Emergency/Page_Store/input_txttotal' is: '10'

2018-05-17 12:05:39 - [MESSAGE][PASSED] - Attribute 'value' of object 'Object Repository/Emergency/Page_Store/input_txttotal' is: '10'

2018-05-17 12:05:39 - [TEST_STEP][PASSED] - Statement - out.println("Requested QTY : " + RequestedQty): null

2018-05-17 12:05:39 - [TEST_STEP][PASSED] - Statement - BatchNumber = com.kms.katalon.core.webui.keyword.WebUiBuiltInKeywords.getNumberOfTotalOption(com.kms.katalon.core.testobject.ObjectRepository.findTestObject(Emergency/Page_Store/select_--Select--BA1150BA4110)): 2 options of object 'Object Repository/Emergency/Page_Store/select_--Select--BA1150BA4110' counted

2018-05-17 12:05:39 - [MESSAGE][PASSED] - 2 options of object 'Object Repository/Emergency/Page_Store/select_--Select--BA1150BA4110' counted

2018-05-17 12:05:39 - [TEST_STEP][PASSED] - Statement - For ([g = 1, g <= BatchNumber - 1, (g++)]): null

2018-05-17 12:05:39 - [TEST_STEP][PASSED] - selectOptionByIndex: All options with index in [1] are selected on object 'Object Repository/Emergency/Page_Store/select_--Select--BA1150BA4110'

2018-05-17 12:05:39 - [MESSAGE][PASSED] - All options with index in [1] are selected on object 'Object Repository/Emergency/Page_Store/select_--Select--BA1150BA4110'

2018-05-17 12:05:39 - [TEST_STEP][PASSED] - delay: Delayed 2 second(s)

2018-05-17 12:05:41 - [MESSAGE][PASSED] - Delayed 2 second(s)

2018-05-17 12:05:41 - [TEST_STEP][PASSED] - Statement - Try: null

2018-05-17 12:05:41 - [TEST_STEP][PASSED] - Statement - StockQty = com.kms.katalon.core.webui.keyword.WebUiBuiltInKeywords.getAttribute(com.kms.katalon.core.testobject.ObjectRepository.findTestObject(Emergency/Page_Store/input_txtprice), "value"): Attribute 'value' of object 'Object Repository/Emergency/Page_Store/input_txtprice' is: '1100'

2018-05-17 12:05:41 - [MESSAGE][PASSED] - Attribute 'value' of object 'Object Repository/Emergency/Page_Store/input_txtprice' is: '1100'

2018-05-17 12:05:41 - [TEST_STEP][PASSED] - Statement - out.println("Stock QTY : " + StockQty): null

2018-05-17 12:05:41 - [TEST_STEP][PASSED] - delay: Delayed 2 second(s)

2018-05-17 12:05:43 - [MESSAGE][PASSED] - Delayed 2 second(s)

2018-05-17 12:05:43 - [TEST_STEP][PASSED] - Statement - If (java.lang.Integer.valueOf(StockQty) >= java.lang.Integer.valueOf(RequestedQty)): null

2018-05-17 12:05:43 - [TEST_STEP][PASSED] - delay: Delayed 1 second(s)

2018-05-17 12:05:44 - [MESSAGE][PASSED] - Delayed 1 second(s)

2018-05-17 12:05:44 - [TEST_STEP][PASSED] - setText: Text '10' is set on object 'Object Repository/Emergency/Page_Store/input_txtqty'

2018-05-17 12:05:44 - [MESSAGE][PASSED] - Text '10' is set on object 'Object Repository/Emergency/Page_Store/input_txtqty'

2018-05-17 12:05:44 - [TEST_STEP][PASSED] - click: Object: 'Object Repository/Emergency/Page_Store/button_Add' is clicked on

2018-05-17 12:05:44 - [MESSAGE][PASSED] - Object: 'Object Repository/Emergency/Page_Store/button_Add' is clicked on

2018-05-17 12:05:44 - [TEST_STEP][PASSED] - Statement - Break: null

2018-05-17 12:05:44 - [TEST_STEP][PASSED] - selectOptionByIndex: All options with index in [13] are selected on object 'Object Repository/Emergency/Page_Store/select_--Select--Amikacin -500'

2018-05-17 12:05:44 - [MESSAGE][PASSED] - All options with index in [13] are selected on object 'Object Repository/Emergency/Page_Store/select_--Select--Amikacin -500'

2018-05-17 12:05:44 - [TEST_STEP][PASSED] - delay: Delayed 2 second(s)

2018-05-17 12:05:46 - [MESSAGE][PASSED] - Delayed 2 second(s)

2018-05-17 12:05:46 - [TEST_STEP][PASSED] - Statement - RequestedQty = com.kms.katalon.core.webui.keyword.WebUiBuiltInKeywords.getAttribute(com.kms.katalon.core.testobject.ObjectRepository.findTestObject(Emergency/Page_Store/input_txttotal), "value"): Attribute 'value' of object 'Object Repository/Emergency/Page_Store/input_txttotal' is: '10'

2018-05-17 12:05:46 - [MESSAGE][PASSED] - Attribute 'value' of object 'Object Repository/Emergency/Page_Store/input_txttotal' is: '10'

2018-05-17 12:05:46 - [TEST_STEP][PASSED] - Statement - out.println("Requested QTY : " + RequestedQty): null

2018-05-17 12:05:46 - [TEST_STEP][PASSED] - Statement - BatchNumber = com.kms.katalon.core.webui.keyword.WebUiBuiltInKeywords.getNumberOfTotalOption(com.kms.katalon.core.testobject.ObjectRepository.findTestObject(Emergency/Page_Store/select_--Select--BA1150BA4110)): 3 options of object 'Object Repository/Emergency/Page_Store/select_--Select--BA1150BA4110' counted

2018-05-17 12:05:46 - [MESSAGE][PASSED] - 3 options of object 'Object Repository/Emergency/Page_Store/select_--Select--BA1150BA4110' counted

2018-05-17 12:05:46 - [TEST_STEP][PASSED] - Statement - For ([g = 1, g <= BatchNumber - 1, (g++)]): null

2018-05-17 12:05:46 - [TEST_STEP][PASSED] - selectOptionByIndex: All options with index in [1] are selected on object 'Object Repository/Emergency/Page_Store/select_--Select--BA1150BA4110'

2018-05-17 12:05:47 - [MESSAGE][PASSED] - All options with index in [1] are selected on object 'Object Repository/Emergency/Page_Store/select_--Select--BA1150BA4110'

2018-05-17 12:05:47 - [TEST_STEP][PASSED] - delay: Delayed 2 second(s)

2018-05-17 12:05:49 - [MESSAGE][PASSED] - Delayed 2 second(s)

2018-05-17 12:05:49 - [TEST_STEP][PASSED] - Statement - Try: null

2018-05-17 12:05:49 - [TEST_STEP][PASSED] - Statement - StockQty = com.kms.katalon.core.webui.keyword.WebUiBuiltInKeywords.getAttribute(com.kms.katalon.core.testobject.ObjectRepository.findTestObject(Emergency/Page_Store/input_txtprice), "value"): Attribute 'value' of object 'Object Repository/Emergency/Page_Store/input_txtprice' is: '90'

2018-05-17 12:05:49 - [MESSAGE][PASSED] - Attribute 'value' of object 'Object Repository/Emergency/Page_Store/input_txtprice' is: '90'

2018-05-17 12:05:49 - [TEST_STEP][PASSED] - Statement - out.println("Stock QTY : " + StockQty): null

2018-05-17 12:05:49 - [TEST_STEP][PASSED] - delay: Delayed 2 second(s)

2018-05-17 12:05:51 - [MESSAGE][PASSED] - Delayed 2 second(s)

2018-05-17 12:05:51 - [TEST_STEP][PASSED] - Statement - If (java.lang.Integer.valueOf(StockQty) >= java.lang.Integer.valueOf(RequestedQty)): null

2018-05-17 12:05:51 - [TEST_STEP][PASSED] - delay: Delayed 1 second(s)

2018-05-17 12:05:52 - [MESSAGE][PASSED] - Delayed 1 second(s)

2018-05-17 12:05:52 - [TEST_STEP][PASSED] - setText: Text '10' is set on object 'Object Repository/Emergency/Page_Store/input_txtqty'

2018-05-17 12:05:52 - [MESSAGE][PASSED] - Text '10' is set on object 'Object Repository/Emergency/Page_Store/input_txtqty'

2018-05-17 12:05:52 - [TEST_STEP][PASSED] - click: Object: 'Object Repository/Emergency/Page_Store/button_Add' is clicked on

2018-05-17 12:05:52 - [MESSAGE][PASSED] - Object: 'Object Repository/Emergency/Page_Store/button_Add' is clicked on

2018-05-17 12:05:52 - [TEST_STEP][PASSED] - Statement - Break: null

2018-05-17 12:05:52 - [TEST_STEP][PASSED] - selectOptionByIndex: All options with index in [14] are selected on object 'Object Repository/Emergency/Page_Store/select_--Select--Amikacin -500'

2018-05-17 12:05:52 - [MESSAGE][PASSED] - All options with index in [14] are selected on object 'Object Repository/Emergency/Page_Store/select_--Select--Amikacin -500'

2018-05-17 12:05:52 - [TEST_STEP][PASSED] - delay: Delayed 2 second(s)

2018-05-17 12:05:54 - [MESSAGE][PASSED] - Delayed 2 second(s)

2018-05-17 12:05:54 - [TEST_STEP][PASSED] - Statement - RequestedQty = com.kms.katalon.core.webui.keyword.WebUiBuiltInKeywords.getAttribute(com.kms.katalon.core.testobject.ObjectRepository.findTestObject(Emergency/Page_Store/input_txttotal), "value"): Attribute 'value' of object 'Object Repository/Emergency/Page_Store/input_txttotal' is: '20'

2018-05-17 12:05:54 - [MESSAGE][PASSED] - Attribute 'value' of object 'Object Repository/Emergency/Page_Store/input_txttotal' is: '20'

2018-05-17 12:05:54 - [TEST_STEP][PASSED] - Statement - out.println("Requested QTY : " + RequestedQty): null

2018-05-17 12:05:54 - [TEST_STEP][PASSED] - Statement - BatchNumber = com.kms.katalon.core.webui.keyword.WebUiBuiltInKeywords.getNumberOfTotalOption(com.kms.katalon.core.testobject.ObjectRepository.findTestObject(Emergency/Page_Store/select_--Select--BA1150BA4110)): 3 options of object 'Object Repository/Emergency/Page_Store/select_--Select--BA1150BA4110' counted

2018-05-17 12:05:54 - [MESSAGE][PASSED] - 3 options of object 'Object Repository/Emergency/Page_Store/select_--Select--BA1150BA4110' counted

2018-05-17 12:05:54 - [TEST_STEP][PASSED] - Statement - For ([g = 1, g <= BatchNumber - 1, (g++)]): null

2018-05-17 12:05:54 - [TEST_STEP][PASSED] - selectOptionByIndex: All options with index in [1] are selected on object 'Object Repository/Emergency/Page_Store/select_--Select--BA1150BA4110'

2018-05-17 12:05:54 - [MESSAGE][PASSED] - All options with index in [1] are selected on object 'Object Repository/Emergency/Page_Store/select_--Select--BA1150BA4110'

2018-05-17 12:05:54 - [TEST_STEP][PASSED] - delay: Delayed 2 second(s)

2018-05-17 12:05:56 - [MESSAGE][PASSED] - Delayed 2 second(s)

2018-05-17 12:05:56 - [TEST_STEP][PASSED] - Statement - Try: null

2018-05-17 12:05:56 - [TEST_STEP][PASSED] - Statement - StockQty = com.kms.katalon.core.webui.keyword.WebUiBuiltInKeywords.getAttribute(com.kms.katalon.core.testobject.ObjectRepository.findTestObject(Emergency/Page_Store/input_txtprice), "value"): Attribute 'value' of object 'Object Repository/Emergency/Page_Store/input_txtprice' is: '2100'

2018-05-17 12:05:56 - [MESSAGE][PASSED] - Attribute 'value' of object 'Object Repository/Emergency/Page_Store/input_txtprice' is: '2100'

2018-05-17 12:05:56 - [TEST_STEP][PASSED] - Statement - out.println("Stock QTY : " + StockQty): null

2018-05-17 12:05:56 - [TEST_STEP][PASSED] - delay: Delayed 2 second(s)

2018-05-17 12:05:58 - [MESSAGE][PASSED] - Delayed 2 second(s)

2018-05-17 12:05:58 - [TEST_STEP][PASSED] - Statement - If (java.lang.Integer.valueOf(StockQty) >= java.lang.Integer.valueOf(RequestedQty)): null

2018-05-17 12:05:58 - [TEST_STEP][PASSED] - delay: Delayed 1 second(s)

2018-05-17 12:05:59 - [MESSAGE][PASSED] - Delayed 1 second(s)

2018-05-17 12:05:59 - [TEST_STEP][PASSED] - setText: Text '10' is set on object 'Object Repository/Emergency/Page_Store/input_txtqty'

2018-05-17 12:05:59 - [MESSAGE][PASSED] - Text '10' is set on object 'Object Repository/Emergency/Page_Store/input_txtqty'

2018-05-17 12:05:59 - [TEST_STEP][PASSED] - click: Object: 'Object Repository/Emergency/Page_Store/button_Add' is clicked on

2018-05-17 12:05:59 - [MESSAGE][PASSED] - Object: 'Object Repository/Emergency/Page_Store/button_Add' is clicked on

2018-05-17 12:05:59 - [TEST_STEP][PASSED] - Statement - Break: null

2018-05-17 12:05:59 - [TEST_STEP][PASSED] - selectOptionByIndex: All options with index in [15] are selected on object 'Object Repository/Emergency/Page_Store/select_--Select--Amikacin -500'

2018-05-17 12:06:00 - [MESSAGE][PASSED] - All options with index in [15] are selected on object 'Object Repository/Emergency/Page_Store/select_--Select--Amikacin -500'

2018-05-17 12:06:00 - [TEST_STEP][PASSED] - delay: Delayed 2 second(s)

2018-05-17 12:06:02 - [MESSAGE][PASSED] - Delayed 2 second(s)

2018-05-17 12:06:02 - [TEST_STEP][PASSED] - Statement - RequestedQty = com.kms.katalon.core.webui.keyword.WebUiBuiltInKeywords.getAttribute(com.kms.katalon.core.testobject.ObjectRepository.findTestObject(Emergency/Page_Store/input_txttotal), "value"): Attribute 'value' of object 'Object Repository/Emergency/Page_Store/input_txttotal' is: '20'

2018-05-17 12:06:02 - [MESSAGE][PASSED] - Attribute 'value' of object 'Object Repository/Emergency/Page_Store/input_txttotal' is: '20'

2018-05-17 12:06:02 - [TEST_STEP][PASSED] - Statement - out.println("Requested QTY : " + RequestedQty): null

2018-05-17 12:06:02 - [TEST_STEP][PASSED] - Statement - BatchNumber = com.kms.katalon.core.webui.keyword.WebUiBuiltInKeywords.getNumberOfTotalOption(com.kms.katalon.core.testobject.ObjectRepository.findTestObject(Emergency/Page_Store/select_--Select--BA1150BA4110)): 3 options of object 'Object Repository/Emergency/Page_Store/select_--Select--BA1150BA4110' counted

2018-05-17 12:06:02 - [MESSAGE][PASSED] - 3 options of object 'Object Repository/Emergency/Page_Store/select_--Select--BA1150BA4110' counted

2018-05-17 12:06:02 - [TEST_STEP][PASSED] - Statement - For ([g = 1, g <= BatchNumber - 1, (g++)]): null

2018-05-17 12:06:02 - [TEST_STEP][PASSED] - selectOptionByIndex: All options with index in [1] are selected on object 'Object Repository/Emergency/Page_Store/select_--Select--BA1150BA4110'

2018-05-17 12:06:02 - [MESSAGE][PASSED] - All options with index in [1] are selected on object 'Object Repository/Emergency/Page_Store/select_--Select--BA1150BA4110'

2018-05-17 12:06:02 - [TEST_STEP][PASSED] - delay: Delayed 2 second(s)

2018-05-17 12:06:04 - [MESSAGE][PASSED] - Delayed 2 second(s)

2018-05-17 12:06:04 - [TEST_STEP][PASSED] - Statement - Try: null

2018-05-17 12:06:04 - [TEST_STEP][PASSED] - Statement - StockQty = com.kms.katalon.core.webui.keyword.WebUiBuiltInKeywords.getAttribute(com.kms.katalon.core.testobject.ObjectRepository.findTestObject(Emergency/Page_Store/input_txtprice), "value"): Attribute 'value' of object 'Object Repository/Emergency/Page_Store/input_txtprice' is: '2100'

2018-05-17 12:06:04 - [MESSAGE][PASSED] - Attribute 'value' of object 'Object Repository/Emergency/Page_Store/input_txtprice' is: '2100'

2018-05-17 12:06:04 - [TEST_STEP][PASSED] - Statement - out.println("Stock QTY : " + StockQty): null

2018-05-17 12:06:04 - [TEST_STEP][PASSED] - delay: Delayed 2 second(s)

2018-05-17 12:06:06 - [MESSAGE][PASSED] - Delayed 2 second(s)

2018-05-17 12:06:06 - [TEST_STEP][PASSED] - Statement - If (java.lang.Integer.valueOf(StockQty) >= java.lang.Integer.valueOf(RequestedQty)): null

2018-05-17 12:06:06 - [TEST_STEP][PASSED] - delay: Delayed 1 second(s)

2018-05-17 12:06:07 - [MESSAGE][PASSED] - Delayed 1 second(s)

2018-05-17 12:06:07 - [TEST_STEP][PASSED] - setText: Text '10' is set on object 'Object Repository/Emergency/Page_Store/input_txtqty'

2018-05-17 12:06:07 - [MESSAGE][PASSED] - Text '10' is set on object 'Object Repository/Emergency/Page_Store/input_txtqty'

2018-05-17 12:06:07 - [TEST_STEP][PASSED] - click: Object: 'Object Repository/Emergency/Page_Store/button_Add' is clicked on

2018-05-17 12:06:07 - [MESSAGE][PASSED] - Object: 'Object Repository/Emergency/Page_Store/button_Add' is clicked on

2018-05-17 12:06:07 - [TEST_STEP][PASSED] - Statement - Break: null

2018-05-17 12:06:07 - [TEST_STEP][PASSED] - selectOptionByIndex: All options with index in [16] are selected on object 'Object Repository/Emergency/Page_Store/select_--Select--Amikacin -500'

2018-05-17 12:06:07 - [MESSAGE][PASSED] - All options with index in [16] are selected on object 'Object Repository/Emergency/Page_Store/select_--Select--Amikacin -500'

2018-05-17 12:06:07 - [TEST_STEP][PASSED] - delay: Delayed 2 second(s)

2018-05-17 12:06:09 - [MESSAGE][PASSED] - Delayed 2 second(s)

2018-05-17 12:06:09 - [TEST_STEP][PASSED] - Statement - RequestedQty = com.kms.katalon.core.webui.keyword.WebUiBuiltInKeywords.getAttribute(com.kms.katalon.core.testobject.ObjectRepository.findTestObject(Emergency/Page_Store/input_txttotal), "value"): Attribute 'value' of object 'Object Repository/Emergency/Page_Store/input_txttotal' is: '10'

2018-05-17 12:06:09 - [MESSAGE][PASSED] - Attribute 'value' of object 'Object Repository/Emergency/Page_Store/input_txttotal' is: '10'

2018-05-17 12:06:09 - [TEST_STEP][PASSED] - Statement - out.println("Requested QTY : " + RequestedQty): null

2018-05-17 12:06:09 - [TEST_STEP][PASSED] - Statement - BatchNumber = com.kms.katalon.core.webui.keyword.WebUiBuiltInKeywords.getNumberOfTotalOption(com.kms.katalon.core.testobject.ObjectRepository.findTestObject(Emergency/Page_Store/select_--Select--BA1150BA4110)): 3 options of object 'Object Repository/Emergency/Page_Store/select_--Select--BA1150BA4110' counted

2018-05-17 12:06:09 - [MESSAGE][PASSED] - 3 options of object 'Object Repository/Emergency/Page_Store/select_--Select--BA1150BA4110' counted

2018-05-17 12:06:09 - [TEST_STEP][PASSED] - Statement - For ([g = 1, g <= BatchNumber - 1, (g++)]): null

2018-05-17 12:06:09 - [TEST_STEP][PASSED] - selectOptionByIndex: All options with index in [1] are selected on object 'Object Repository/Emergency/Page_Store/select_--Select--BA1150BA4110'

2018-05-17 12:06:10 - [MESSAGE][PASSED] - All options with index in [1] are selected on object 'Object Repository/Emergency/Page_Store/select_--Select--BA1150BA4110'

2018-05-17 12:06:10 - [TEST_STEP][PASSED] - delay: Delayed 2 second(s)

2018-05-17 12:06:12 - [MESSAGE][PASSED] - Delayed 2 second(s)

2018-05-17 12:06:12 - [TEST_STEP][PASSED] - Statement - Try: null

2018-05-17 12:06:12 - [TEST_STEP][PASSED] - Statement - StockQty = com.kms.katalon.core.webui.keyword.WebUiBuiltInKeywords.getAttribute(com.kms.katalon.core.testobject.ObjectRepository.findTestObject(Emergency/Page_Store/input_txtprice), "value"): Attribute 'value' of object 'Object Repository/Emergency/Page_Store/input_txtprice' is: '90'

2018-05-17 12:06:12 - [MESSAGE][PASSED] - Attribute 'value' of object 'Object Repository/Emergency/Page_Store/input_txtprice' is: '90'

2018-05-17 12:06:12 - [TEST_STEP][PASSED] - Statement - out.println("Stock QTY : " + StockQty): null

2018-05-17 12:06:12 - [TEST_STEP][PASSED] - delay: Delayed 2 second(s)

2018-05-17 12:06:14 - [MESSAGE][PASSED] - Delayed 2 second(s)

2018-05-17 12:06:14 - [TEST_STEP][PASSED] - Statement - If (java.lang.Integer.valueOf(StockQty) >= java.lang.Integer.valueOf(RequestedQty)): null

2018-05-17 12:06:14 - [TEST_STEP][PASSED] - delay: Delayed 1 second(s)

2018-05-17 12:06:15 - [MESSAGE][PASSED] - Delayed 1 second(s)

2018-05-17 12:06:15 - [TEST_STEP][PASSED] - setText: Text '10' is set on object 'Object Repository/Emergency/Page_Store/input_txtqty'

2018-05-17 12:06:15 - [MESSAGE][PASSED] - Text '10' is set on object 'Object Repository/Emergency/Page_Store/input_txtqty'

2018-05-17 12:06:15 - [TEST_STEP][PASSED] - click: Object: 'Object Repository/Emergency/Page_Store/button_Add' is clicked on

2018-05-17 12:06:15 - [MESSAGE][PASSED] - Object: 'Object Repository/Emergency/Page_Store/button_Add' is clicked on

2018-05-17 12:06:15 - [TEST_STEP][PASSED] - Statement - Break: null

2018-05-17 12:06:15 - [TEST_STEP][PASSED] - selectOptionByIndex: All options with index in [17] are selected on object 'Object Repository/Emergency/Page_Store/select_--Select--Amikacin -500'

2018-05-17 12:06:15 - [MESSAGE][PASSED] - All options with index in [17] are selected on object 'Object Repository/Emergency/Page_Store/select_--Select--Amikacin -500'

2018-05-17 12:06:15 - [TEST_STEP][PASSED] - delay: Delayed 2 second(s)

2018-05-17 12:06:17 - [MESSAGE][PASSED] - Delayed 2 second(s)

2018-05-17 12:06:17 - [TEST_STEP][PASSED] - Statement - RequestedQty = com.kms.katalon.core.webui.keyword.WebUiBuiltInKeywords.getAttribute(com.kms.katalon.core.testobject.ObjectRepository.findTestObject(Emergency/Page_Store/input_txttotal), "value"): Attribute 'value' of object 'Object Repository/Emergency/Page_Store/input_txttotal' is: '10'

2018-05-17 12:06:17 - [MESSAGE][PASSED] - Attribute 'value' of object 'Object Repository/Emergency/Page_Store/input_txttotal' is: '10'

2018-05-17 12:06:17 - [TEST_STEP][PASSED] - Statement - out.println("Requested QTY : " + RequestedQty): null

2018-05-17 12:06:17 - [TEST_STEP][PASSED] - Statement - BatchNumber = com.kms.katalon.core.webui.keyword.WebUiBuiltInKeywords.getNumberOfTotalOption(com.kms.katalon.core.testobject.ObjectRepository.findTestObject(Emergency/Page_Store/select_--Select--BA1150BA4110)): 2 options of object 'Object Repository/Emergency/Page_Store/select_--Select--BA1150BA4110' counted

2018-05-17 12:06:17 - [MESSAGE][PASSED] - 2 options of object 'Object Repository/Emergency/Page_Store/select_--Select--BA1150BA4110' counted

2018-05-17 12:06:17 - [TEST_STEP][PASSED] - Statement - For ([g = 1, g <= BatchNumber - 1, (g++)]): null

2018-05-17 12:06:17 - [TEST_STEP][PASSED] - selectOptionByIndex: All options with index in [1] are selected on object 'Object Repository/Emergency/Page_Store/select_--Select--BA1150BA4110'

2018-05-17 12:06:17 - [MESSAGE][PASSED] - All options with index in [1] are selected on object 'Object Repository/Emergency/Page_Store/select_--Select--BA1150BA4110'

2018-05-17 12:06:17 - [TEST_STEP][PASSED] - delay: Delayed 2 second(s)

2018-05-17 12:06:19 - [MESSAGE][PASSED] - Delayed 2 second(s)

2018-05-17 12:06:19 - [TEST_STEP][PASSED] - Statement - Try: null

2018-05-17 12:06:19 - [TEST_STEP][PASSED] - Statement - StockQty = com.kms.katalon.core.webui.keyword.WebUiBuiltInKeywords.getAttribute(com.kms.katalon.core.testobject.ObjectRepository.findTestObject(Emergency/Page_Store/input_txtprice), "value"): Attribute 'value' of object 'Object Repository/Emergency/Page_Store/input_txtprice' is: '1130'

2018-05-17 12:06:19 - [MESSAGE][PASSED] - Attribute 'value' of object 'Object Repository/Emergency/Page_Store/input_txtprice' is: '1130'

2018-05-17 12:06:19 - [TEST_STEP][PASSED] - Statement - out.println("Stock QTY : " + StockQty): null

2018-05-17 12:06:19 - [TEST_STEP][PASSED] - delay: Delayed 2 second(s)

2018-05-17 12:06:21 - [MESSAGE][PASSED] - Delayed 2 second(s)

2018-05-17 12:06:21 - [TEST_STEP][PASSED] - Statement - If (java.lang.Integer.valueOf(StockQty) >= java.lang.Integer.valueOf(RequestedQty)): null

2018-05-17 12:06:21 - [TEST_STEP][PASSED] - delay: Delayed 1 second(s)

2018-05-17 12:06:22 - [MESSAGE][PASSED] - Delayed 1 second(s)

2018-05-17 12:06:22 - [TEST_STEP][PASSED] - setText: Text '10' is set on object 'Object Repository/Emergency/Page_Store/input_txtqty'

2018-05-17 12:06:22 - [MESSAGE][PASSED] - Text '10' is set on object 'Object Repository/Emergency/Page_Store/input_txtqty'

2018-05-17 12:06:22 - [TEST_STEP][PASSED] - click: Object: 'Object Repository/Emergency/Page_Store/button_Add' is clicked on

2018-05-17 12:06:22 - [MESSAGE][PASSED] - Object: 'Object Repository/Emergency/Page_Store/button_Add' is clicked on

2018-05-17 12:06:22 - [TEST_STEP][PASSED] - Statement - Break: null

2018-05-17 12:06:22 - [TEST_STEP][PASSED] - scrollToElement: Scroll to object 'Object Repository/Emergency/Page_Store/input_btnSubmit' successfully

2018-05-17 12:06:23 - [MESSAGE][PASSED] - Scroll to object 'Object Repository/Emergency/Page_Store/input_btnSubmit' successfully

2018-05-17 12:06:23 - [TEST_STEP][PASSED] - Statement - Try: Object: 'Object Repository/lab/Page_Store/button_OK' is clicked on

2018-05-17 12:06:23 - [TEST_STEP][PASSED] - click: Object: 'Object Repository/Emergency/Page_Store/input_btnSubmit' is clicked on

2018-05-17 12:06:23 - [MESSAGE][PASSED] - Object: 'Object Repository/Emergency/Page_Store/input_btnSubmit' is clicked on

2018-05-17 12:06:23 - [TEST_STEP][PASSED] - delay: Delayed 3 second(s)

2018-05-17 12:06:26 - [MESSAGE][PASSED] - Delayed 3 second(s)

2018-05-17 12:06:26 - [TEST_STEP][PASSED] - click: Object: 'Object Repository/lab/Page_Store/button_OK' is clicked on

2018-05-17 12:06:26 - [MESSAGE][PASSED] - Object: 'Object Repository/lab/Page_Store/button_OK' is clicked on

2018-05-17 12:06:26 - [TEST_STEP][PASSED] - click: Object: 'Object Repository/Emergency/Page_Store/a_dropdown-toggle' is clicked on

2018-05-17 12:06:28 - [MESSAGE][PASSED] - Object: 'Object Repository/Emergency/Page_Store/a_dropdown-toggle' is clicked on

2018-05-17 12:06:28 - [TEST_STEP][PASSED] - click: Object: 'Object Repository/Emergency/Page_Store/a_Sign out' is clicked on

2018-05-17 12:06:28 - [MESSAGE][PASSED] - Object: 'Object Repository/Emergency/Page_Store/a_Sign out' is clicked on

2018-05-17 12:06:28 - [TEST_STEP][PASSED] - closeBrowser: Browser is closed

2018-05-17 12:06:29 - [MESSAGE][PASSED] - Browser is closed

2018-05-17 12:06:29 - [TEST_STEP][PASSED] - Statement - out.println("Schedule 8 Emergency Request Are Working Successfully"): null]]></system-out>
         <system-err><![CDATA[]]></system-err>
      </testcase>
      <testcase name="Test Cases/EMERGENCY TEST CASES/TC_ER_006 Verify Schedule 9 Emergency  Request Are Working Successfully Or Not" classname="Test Cases/EMERGENCY TEST CASES/TC_ER_006 Verify Schedule 9 Emergency  Request Are Working Successfully Or Not" status="FAILED">
         <failure type="FAILED" message="Unable to get attribute 'value' of object 'Object Repository/Emergency/Page_Store/input_txttotal' (Root cause: org.openqa.selenium.UnhandledAlertException: unexpected alert open: {Alert text : function Error() { [native code] }}
  (Session info: chrome=66.0.3359.139)
  (Driver info: chromedriver=2.35.528161 (5b82f2d2aae0ca24b877009200ced9065a772e73),platform=Windows NT 10.0.17134 x86_64) (WARNING: The server did not provide any stacktrace information)
Command duration or timeout: 0 milliseconds: null
Build info: version: '3.7.1', revision: '8a0099a', time: '2017-11-06T21:07:36.161Z'
System info: host: 'DESKTOP-BLFTK83', ip: '192.168.71.2', os.name: 'Windows 10', os.arch: 'amd64', os.version: '10.0', java.version: '1.8.0_102'
Driver info: com.kms.katalon.selenium.driver.CChromeDriver
Capabilities {acceptInsecureCerts: false, acceptSslCerts: false, applicationCacheEnabled: false, browserConnectionEnabled: false, browserName: chrome, chrome: {chromedriverVersion: 2.35.528161 (5b82f2d2aae0ca..., userDataDir: C:\Users\QUALIT~1\AppData\L...}, cssSelectorsEnabled: true, databaseEnabled: false, handlesAlerts: true, hasTouchScreen: false, javascriptEnabled: true, locationContextEnabled: true, mobileEmulationEnabled: false, nativeEvents: true, networkConnectionEnabled: false, pageLoadStrategy: normal, platform: XP, platformName: XP, rotatable: false, setWindowRect: true, takesHeapSnapshot: true, takesScreenshot: true, unexpectedAlertBehaviour: , unhandledPromptBehavior: , version: 66.0.3359.139, webStorageEnabled: true}
Session ID: 59c46a161d036646150be7fe4f26bf53
*** Element info: {Using=xpath, value=id(&quot;txttotal&quot;)[count(. | //input[@type = 'text' and @id = 'txttotal' and @name = 'txttotal' and @placeholder = 'Req.Qty']) = count(//input[@type = 'text' and @id = 'txttotal' and @name = 'txttotal' and @placeholder = 'Req.Qty'])]})"/>
         <system-out><![CDATA[2018-05-17 12:06:29 - [TEST_CASE][FAILED] - Test Cases/EMERGENCY TEST CASES/TC_ER_006 Verify Schedule 9 Emergency  Request Are Working Successfully Or Not: Test Cases/EMERGENCY TEST CASES/TC_ER_006 Verify Schedule 9 Emergency  Request Are Working Successfully Or Not FAILED because (of) Unable to get attribute 'value' of object 'Object Repository/Emergency/Page_Store/input_txttotal' (Root cause: org.openqa.selenium.UnhandledAlertException: unexpected alert open: {Alert text : function Error() { [native code] }}
  (Session info: chrome=66.0.3359.139)
  (Driver info: chromedriver=2.35.528161 (5b82f2d2aae0ca24b877009200ced9065a772e73),platform=Windows NT 10.0.17134 x86_64) (WARNING: The server did not provide any stacktrace information)
Command duration or timeout: 0 milliseconds: null
Build info: version: '3.7.1', revision: '8a0099a', time: '2017-11-06T21:07:36.161Z'
System info: host: 'DESKTOP-BLFTK83', ip: '192.168.71.2', os.name: 'Windows 10', os.arch: 'amd64', os.version: '10.0', java.version: '1.8.0_102'
Driver info: com.kms.katalon.selenium.driver.CChromeDriver
Capabilities {acceptInsecureCerts: false, acceptSslCerts: false, applicationCacheEnabled: false, browserConnectionEnabled: false, browserName: chrome, chrome: {chromedriverVersion: 2.35.528161 (5b82f2d2aae0ca..., userDataDir: C:\Users\QUALIT~1\AppData\L...}, cssSelectorsEnabled: true, databaseEnabled: false, handlesAlerts: true, hasTouchScreen: false, javascriptEnabled: true, locationContextEnabled: true, mobileEmulationEnabled: false, nativeEvents: true, networkConnectionEnabled: false, pageLoadStrategy: normal, platform: XP, platformName: XP, rotatable: false, setWindowRect: true, takesHeapSnapshot: true, takesScreenshot: true, unexpectedAlertBehaviour: , unhandledPromptBehavior: , version: 66.0.3359.139, webStorageEnabled: true}
Session ID: 59c46a161d036646150be7fe4f26bf53
*** Element info: {Using=xpath, value=id("txttotal")[count(. | //input[@type = 'text' and @id = 'txttotal' and @name = 'txttotal' and @placeholder = 'Req.Qty']) = count(//input[@type = 'text' and @id = 'txttotal' and @name = 'txttotal' and @placeholder = 'Req.Qty'])]})

2018-05-17 12:06:29 - [TEST_STEP][PASSED] - openBrowser: Browser is opened with url: ''

2018-05-17 12:06:31 - [MESSAGE][PASSED] - Browser is opened with url: ''

2018-05-17 12:06:31 - [TEST_STEP][PASSED] - Statement - out.println("Verify Schedule 9 Emergency  Request Are Working Successfully Or Not"): null

2018-05-17 12:06:31 - [TEST_STEP][PASSED] - navigateToUrl: Navigate to 'http://192.168.137.1/Multihospital_New/EmergencyLogin.aspx' successfully

2018-05-17 12:06:34 - [MESSAGE][PASSED] - Navigate to 'http://192.168.137.1/Multihospital_New/EmergencyLogin.aspx' successfully

2018-05-17 12:06:34 - [TEST_STEP][PASSED] - maximizeWindow: Current window maximized

2018-05-17 12:06:35 - [MESSAGE][PASSED] - Current window maximized

2018-05-17 12:06:35 - [TEST_STEP][PASSED] - setText: Text 'nivetha' is set on object 'Object Repository/Emergency/Page_Emergency login/input_txtusername'

2018-05-17 12:06:35 - [MESSAGE][PASSED] - Text 'nivetha' is set on object 'Object Repository/Emergency/Page_Emergency login/input_txtusername'

2018-05-17 12:06:35 - [TEST_STEP][PASSED] - setText: Text '123' is set on object 'Object Repository/Emergency/Page_Emergency login/input_txtpassword'

2018-05-17 12:06:35 - [MESSAGE][PASSED] - Text '123' is set on object 'Object Repository/Emergency/Page_Emergency login/input_txtpassword'

2018-05-17 12:06:35 - [TEST_STEP][PASSED] - delay: Delayed 3 second(s)

2018-05-17 12:06:38 - [MESSAGE][PASSED] - Delayed 3 second(s)

2018-05-17 12:06:38 - [TEST_STEP][PASSED] - click: Object: 'Object Repository/Emergency/Page_Emergency login/button_Sign in' is clicked on

2018-05-17 12:06:40 - [MESSAGE][PASSED] - Object: 'Object Repository/Emergency/Page_Emergency login/button_Sign in' is clicked on

2018-05-17 12:06:40 - [TEST_STEP][PASSED] - delay: Delayed 3 second(s)

2018-05-17 12:06:43 - [MESSAGE][PASSED] - Delayed 3 second(s)

2018-05-17 12:06:43 - [TEST_STEP][PASSED] - click: Object: 'Object Repository/Emergency/Page_KDMC - Emergency/a_Store Request' is clicked on

2018-05-17 12:06:43 - [MESSAGE][PASSED] - Object: 'Object Repository/Emergency/Page_KDMC - Emergency/a_Store Request' is clicked on

2018-05-17 12:06:43 - [TEST_STEP][PASSED] - delay: Delayed 2 second(s)

2018-05-17 12:06:45 - [MESSAGE][PASSED] - Delayed 2 second(s)

2018-05-17 12:06:45 - [TEST_STEP][PASSED] - click: Object: 'Object Repository/Emergency/Page_KDMC - Emergency/a_Medicine Request' is clicked on

2018-05-17 12:06:46 - [MESSAGE][PASSED] - Object: 'Object Repository/Emergency/Page_KDMC - Emergency/a_Medicine Request' is clicked on

2018-05-17 12:06:46 - [TEST_STEP][PASSED] - delay: Delayed 2 second(s)

2018-05-17 12:06:48 - [MESSAGE][PASSED] - Delayed 2 second(s)

2018-05-17 12:06:48 - [TEST_STEP][PASSED] - selectOptionByIndex: All options with index in [6] are selected on object 'Object Repository/Emergency/Page_KDMC - Emergency/select_--Select--Schedule 1Inj'

2018-05-17 12:06:48 - [MESSAGE][PASSED] - All options with index in [6] are selected on object 'Object Repository/Emergency/Page_KDMC - Emergency/select_--Select--Schedule 1Inj'

2018-05-17 12:06:48 - [TEST_STEP][PASSED] - Statement - seletedoptions = com.kms.katalon.core.webui.keyword.WebUiBuiltInKeywords.getNumberOfTotalOption(com.kms.katalon.core.testobject.ObjectRepository.findTestObject(Emergency/Page_KDMC - Emergency/select_--Select--Adernaline 0.)): 36 options of object 'Object Repository/Emergency/Page_KDMC - Emergency/select_--Select--Adernaline 0.' counted

2018-05-17 12:06:48 - [MESSAGE][PASSED] - 36 options of object 'Object Repository/Emergency/Page_KDMC - Emergency/select_--Select--Adernaline 0.' counted

2018-05-17 12:06:48 - [TEST_STEP][PASSED] - Statement - For ([u = 1, u < seletedoptions, (u++)]): Object: 'Object Repository/Emergency/Page_KDMC - Emergency/button_Add' is clicked on

2018-05-17 12:06:48 - [TEST_STEP][PASSED] - selectOptionByIndex: All options with index in [6] are selected on object 'Object Repository/Emergency/Page_KDMC - Emergency/select_--Select--Schedule 1Inj'

2018-05-17 12:06:48 - [MESSAGE][PASSED] - All options with index in [6] are selected on object 'Object Repository/Emergency/Page_KDMC - Emergency/select_--Select--Schedule 1Inj'

2018-05-17 12:06:48 - [TEST_STEP][PASSED] - selectOptionByIndex: All options with index in [1] are selected on object 'Object Repository/Emergency/Page_KDMC - Emergency/select_--Select--Adernaline 0.'

2018-05-17 12:06:48 - [MESSAGE][PASSED] - All options with index in [1] are selected on object 'Object Repository/Emergency/Page_KDMC - Emergency/select_--Select--Adernaline 0.'

2018-05-17 12:06:48 - [TEST_STEP][PASSED] - setText: Text '10' is set on object 'Object Repository/Emergency/Page_KDMC - Emergency/input_txttreat'

2018-05-17 12:06:48 - [MESSAGE][PASSED] - Text '10' is set on object 'Object Repository/Emergency/Page_KDMC - Emergency/input_txttreat'

2018-05-17 12:06:48 - [TEST_STEP][PASSED] - click: Object: 'Object Repository/Emergency/Page_KDMC - Emergency/button_Add' is clicked on

2018-05-17 12:06:48 - [MESSAGE][PASSED] - Object: 'Object Repository/Emergency/Page_KDMC - Emergency/button_Add' is clicked on

2018-05-17 12:06:48 - [TEST_STEP][PASSED] - selectOptionByIndex: All options with index in [6] are selected on object 'Object Repository/Emergency/Page_KDMC - Emergency/select_--Select--Schedule 1Inj'

2018-05-17 12:06:49 - [MESSAGE][PASSED] - All options with index in [6] are selected on object 'Object Repository/Emergency/Page_KDMC - Emergency/select_--Select--Schedule 1Inj'

2018-05-17 12:06:49 - [TEST_STEP][PASSED] - selectOptionByIndex: All options with index in [2] are selected on object 'Object Repository/Emergency/Page_KDMC - Emergency/select_--Select--Adernaline 0.'

2018-05-17 12:06:49 - [MESSAGE][PASSED] - All options with index in [2] are selected on object 'Object Repository/Emergency/Page_KDMC - Emergency/select_--Select--Adernaline 0.'

2018-05-17 12:06:49 - [TEST_STEP][PASSED] - setText: Text '10' is set on object 'Object Repository/Emergency/Page_KDMC - Emergency/input_txttreat'

2018-05-17 12:06:49 - [MESSAGE][PASSED] - Text '10' is set on object 'Object Repository/Emergency/Page_KDMC - Emergency/input_txttreat'

2018-05-17 12:06:49 - [TEST_STEP][PASSED] - click: Object: 'Object Repository/Emergency/Page_KDMC - Emergency/button_Add' is clicked on

2018-05-17 12:06:49 - [MESSAGE][PASSED] - Object: 'Object Repository/Emergency/Page_KDMC - Emergency/button_Add' is clicked on

2018-05-17 12:06:49 - [TEST_STEP][PASSED] - selectOptionByIndex: All options with index in [6] are selected on object 'Object Repository/Emergency/Page_KDMC - Emergency/select_--Select--Schedule 1Inj'

2018-05-17 12:06:49 - [MESSAGE][PASSED] - All options with index in [6] are selected on object 'Object Repository/Emergency/Page_KDMC - Emergency/select_--Select--Schedule 1Inj'

2018-05-17 12:06:49 - [TEST_STEP][PASSED] - selectOptionByIndex: All options with index in [3] are selected on object 'Object Repository/Emergency/Page_KDMC - Emergency/select_--Select--Adernaline 0.'

2018-05-17 12:06:49 - [MESSAGE][PASSED] - All options with index in [3] are selected on object 'Object Repository/Emergency/Page_KDMC - Emergency/select_--Select--Adernaline 0.'

2018-05-17 12:06:49 - [TEST_STEP][PASSED] - setText: Text '10' is set on object 'Object Repository/Emergency/Page_KDMC - Emergency/input_txttreat'

2018-05-17 12:06:49 - [MESSAGE][PASSED] - Text '10' is set on object 'Object Repository/Emergency/Page_KDMC - Emergency/input_txttreat'

2018-05-17 12:06:49 - [TEST_STEP][PASSED] - click: Object: 'Object Repository/Emergency/Page_KDMC - Emergency/button_Add' is clicked on

2018-05-17 12:06:49 - [MESSAGE][PASSED] - Object: 'Object Repository/Emergency/Page_KDMC - Emergency/button_Add' is clicked on

2018-05-17 12:06:49 - [TEST_STEP][PASSED] - selectOptionByIndex: All options with index in [6] are selected on object 'Object Repository/Emergency/Page_KDMC - Emergency/select_--Select--Schedule 1Inj'

2018-05-17 12:06:49 - [MESSAGE][PASSED] - All options with index in [6] are selected on object 'Object Repository/Emergency/Page_KDMC - Emergency/select_--Select--Schedule 1Inj'

2018-05-17 12:06:49 - [TEST_STEP][PASSED] - selectOptionByIndex: All options with index in [4] are selected on object 'Object Repository/Emergency/Page_KDMC - Emergency/select_--Select--Adernaline 0.'

2018-05-17 12:06:50 - [MESSAGE][PASSED] - All options with index in [4] are selected on object 'Object Repository/Emergency/Page_KDMC - Emergency/select_--Select--Adernaline 0.'

2018-05-17 12:06:50 - [TEST_STEP][PASSED] - setText: Text '10' is set on object 'Object Repository/Emergency/Page_KDMC - Emergency/input_txttreat'

2018-05-17 12:06:50 - [MESSAGE][PASSED] - Text '10' is set on object 'Object Repository/Emergency/Page_KDMC - Emergency/input_txttreat'

2018-05-17 12:06:50 - [TEST_STEP][PASSED] - click: Object: 'Object Repository/Emergency/Page_KDMC - Emergency/button_Add' is clicked on

2018-05-17 12:06:50 - [MESSAGE][PASSED] - Object: 'Object Repository/Emergency/Page_KDMC - Emergency/button_Add' is clicked on

2018-05-17 12:06:50 - [TEST_STEP][PASSED] - selectOptionByIndex: All options with index in [6] are selected on object 'Object Repository/Emergency/Page_KDMC - Emergency/select_--Select--Schedule 1Inj'

2018-05-17 12:06:50 - [MESSAGE][PASSED] - All options with index in [6] are selected on object 'Object Repository/Emergency/Page_KDMC - Emergency/select_--Select--Schedule 1Inj'

2018-05-17 12:06:50 - [TEST_STEP][PASSED] - selectOptionByIndex: All options with index in [5] are selected on object 'Object Repository/Emergency/Page_KDMC - Emergency/select_--Select--Adernaline 0.'

2018-05-17 12:06:50 - [MESSAGE][PASSED] - All options with index in [5] are selected on object 'Object Repository/Emergency/Page_KDMC - Emergency/select_--Select--Adernaline 0.'

2018-05-17 12:06:50 - [TEST_STEP][PASSED] - setText: Text '10' is set on object 'Object Repository/Emergency/Page_KDMC - Emergency/input_txttreat'

2018-05-17 12:06:50 - [MESSAGE][PASSED] - Text '10' is set on object 'Object Repository/Emergency/Page_KDMC - Emergency/input_txttreat'

2018-05-17 12:06:50 - [TEST_STEP][PASSED] - click: Object: 'Object Repository/Emergency/Page_KDMC - Emergency/button_Add' is clicked on

2018-05-17 12:06:50 - [MESSAGE][PASSED] - Object: 'Object Repository/Emergency/Page_KDMC - Emergency/button_Add' is clicked on

2018-05-17 12:06:50 - [TEST_STEP][PASSED] - selectOptionByIndex: All options with index in [6] are selected on object 'Object Repository/Emergency/Page_KDMC - Emergency/select_--Select--Schedule 1Inj'

2018-05-17 12:06:50 - [MESSAGE][PASSED] - All options with index in [6] are selected on object 'Object Repository/Emergency/Page_KDMC - Emergency/select_--Select--Schedule 1Inj'

2018-05-17 12:06:50 - [TEST_STEP][PASSED] - selectOptionByIndex: All options with index in [6] are selected on object 'Object Repository/Emergency/Page_KDMC - Emergency/select_--Select--Adernaline 0.'

2018-05-17 12:06:51 - [MESSAGE][PASSED] - All options with index in [6] are selected on object 'Object Repository/Emergency/Page_KDMC - Emergency/select_--Select--Adernaline 0.'

2018-05-17 12:06:51 - [TEST_STEP][PASSED] - setText: Text '10' is set on object 'Object Repository/Emergency/Page_KDMC - Emergency/input_txttreat'

2018-05-17 12:06:51 - [MESSAGE][PASSED] - Text '10' is set on object 'Object Repository/Emergency/Page_KDMC - Emergency/input_txttreat'

2018-05-17 12:06:51 - [TEST_STEP][PASSED] - click: Object: 'Object Repository/Emergency/Page_KDMC - Emergency/button_Add' is clicked on

2018-05-17 12:06:51 - [MESSAGE][PASSED] - Object: 'Object Repository/Emergency/Page_KDMC - Emergency/button_Add' is clicked on

2018-05-17 12:06:51 - [TEST_STEP][PASSED] - selectOptionByIndex: All options with index in [6] are selected on object 'Object Repository/Emergency/Page_KDMC - Emergency/select_--Select--Schedule 1Inj'

2018-05-17 12:06:51 - [MESSAGE][PASSED] - All options with index in [6] are selected on object 'Object Repository/Emergency/Page_KDMC - Emergency/select_--Select--Schedule 1Inj'

2018-05-17 12:06:51 - [TEST_STEP][PASSED] - selectOptionByIndex: All options with index in [7] are selected on object 'Object Repository/Emergency/Page_KDMC - Emergency/select_--Select--Adernaline 0.'

2018-05-17 12:06:51 - [MESSAGE][PASSED] - All options with index in [7] are selected on object 'Object Repository/Emergency/Page_KDMC - Emergency/select_--Select--Adernaline 0.'

2018-05-17 12:06:51 - [TEST_STEP][PASSED] - setText: Text '10' is set on object 'Object Repository/Emergency/Page_KDMC - Emergency/input_txttreat'

2018-05-17 12:06:51 - [MESSAGE][PASSED] - Text '10' is set on object 'Object Repository/Emergency/Page_KDMC - Emergency/input_txttreat'

2018-05-17 12:06:51 - [TEST_STEP][PASSED] - click: Object: 'Object Repository/Emergency/Page_KDMC - Emergency/button_Add' is clicked on

2018-05-17 12:06:51 - [MESSAGE][PASSED] - Object: 'Object Repository/Emergency/Page_KDMC - Emergency/button_Add' is clicked on

2018-05-17 12:06:51 - [TEST_STEP][PASSED] - selectOptionByIndex: All options with index in [6] are selected on object 'Object Repository/Emergency/Page_KDMC - Emergency/select_--Select--Schedule 1Inj'

2018-05-17 12:06:51 - [MESSAGE][PASSED] - All options with index in [6] are selected on object 'Object Repository/Emergency/Page_KDMC - Emergency/select_--Select--Schedule 1Inj'

2018-05-17 12:06:51 - [TEST_STEP][PASSED] - selectOptionByIndex: All options with index in [8] are selected on object 'Object Repository/Emergency/Page_KDMC - Emergency/select_--Select--Adernaline 0.'

2018-05-17 12:06:52 - [MESSAGE][PASSED] - All options with index in [8] are selected on object 'Object Repository/Emergency/Page_KDMC - Emergency/select_--Select--Adernaline 0.'

2018-05-17 12:06:52 - [TEST_STEP][PASSED] - setText: Text '10' is set on object 'Object Repository/Emergency/Page_KDMC - Emergency/input_txttreat'

2018-05-17 12:06:52 - [MESSAGE][PASSED] - Text '10' is set on object 'Object Repository/Emergency/Page_KDMC - Emergency/input_txttreat'

2018-05-17 12:06:52 - [TEST_STEP][PASSED] - click: Object: 'Object Repository/Emergency/Page_KDMC - Emergency/button_Add' is clicked on

2018-05-17 12:06:52 - [MESSAGE][PASSED] - Object: 'Object Repository/Emergency/Page_KDMC - Emergency/button_Add' is clicked on

2018-05-17 12:06:52 - [TEST_STEP][PASSED] - selectOptionByIndex: All options with index in [6] are selected on object 'Object Repository/Emergency/Page_KDMC - Emergency/select_--Select--Schedule 1Inj'

2018-05-17 12:06:52 - [MESSAGE][PASSED] - All options with index in [6] are selected on object 'Object Repository/Emergency/Page_KDMC - Emergency/select_--Select--Schedule 1Inj'

2018-05-17 12:06:52 - [TEST_STEP][PASSED] - selectOptionByIndex: All options with index in [9] are selected on object 'Object Repository/Emergency/Page_KDMC - Emergency/select_--Select--Adernaline 0.'

2018-05-17 12:06:52 - [MESSAGE][PASSED] - All options with index in [9] are selected on object 'Object Repository/Emergency/Page_KDMC - Emergency/select_--Select--Adernaline 0.'

2018-05-17 12:06:52 - [TEST_STEP][PASSED] - setText: Text '10' is set on object 'Object Repository/Emergency/Page_KDMC - Emergency/input_txttreat'

2018-05-17 12:06:52 - [MESSAGE][PASSED] - Text '10' is set on object 'Object Repository/Emergency/Page_KDMC - Emergency/input_txttreat'

2018-05-17 12:06:52 - [TEST_STEP][PASSED] - click: Object: 'Object Repository/Emergency/Page_KDMC - Emergency/button_Add' is clicked on

2018-05-17 12:06:52 - [MESSAGE][PASSED] - Object: 'Object Repository/Emergency/Page_KDMC - Emergency/button_Add' is clicked on

2018-05-17 12:06:52 - [TEST_STEP][PASSED] - selectOptionByIndex: All options with index in [6] are selected on object 'Object Repository/Emergency/Page_KDMC - Emergency/select_--Select--Schedule 1Inj'

2018-05-17 12:06:52 - [MESSAGE][PASSED] - All options with index in [6] are selected on object 'Object Repository/Emergency/Page_KDMC - Emergency/select_--Select--Schedule 1Inj'

2018-05-17 12:06:52 - [TEST_STEP][PASSED] - selectOptionByIndex: All options with index in [10] are selected on object 'Object Repository/Emergency/Page_KDMC - Emergency/select_--Select--Adernaline 0.'

2018-05-17 12:06:53 - [MESSAGE][PASSED] - All options with index in [10] are selected on object 'Object Repository/Emergency/Page_KDMC - Emergency/select_--Select--Adernaline 0.'

2018-05-17 12:06:53 - [TEST_STEP][PASSED] - setText: Text '10' is set on object 'Object Repository/Emergency/Page_KDMC - Emergency/input_txttreat'

2018-05-17 12:06:53 - [MESSAGE][PASSED] - Text '10' is set on object 'Object Repository/Emergency/Page_KDMC - Emergency/input_txttreat'

2018-05-17 12:06:53 - [TEST_STEP][PASSED] - click: Object: 'Object Repository/Emergency/Page_KDMC - Emergency/button_Add' is clicked on

2018-05-17 12:06:53 - [MESSAGE][PASSED] - Object: 'Object Repository/Emergency/Page_KDMC - Emergency/button_Add' is clicked on

2018-05-17 12:06:53 - [TEST_STEP][PASSED] - selectOptionByIndex: All options with index in [6] are selected on object 'Object Repository/Emergency/Page_KDMC - Emergency/select_--Select--Schedule 1Inj'

2018-05-17 12:06:53 - [MESSAGE][PASSED] - All options with index in [6] are selected on object 'Object Repository/Emergency/Page_KDMC - Emergency/select_--Select--Schedule 1Inj'

2018-05-17 12:06:53 - [TEST_STEP][PASSED] - selectOptionByIndex: All options with index in [11] are selected on object 'Object Repository/Emergency/Page_KDMC - Emergency/select_--Select--Adernaline 0.'

2018-05-17 12:06:53 - [MESSAGE][PASSED] - All options with index in [11] are selected on object 'Object Repository/Emergency/Page_KDMC - Emergency/select_--Select--Adernaline 0.'

2018-05-17 12:06:53 - [TEST_STEP][PASSED] - setText: Text '10' is set on object 'Object Repository/Emergency/Page_KDMC - Emergency/input_txttreat'

2018-05-17 12:06:53 - [MESSAGE][PASSED] - Text '10' is set on object 'Object Repository/Emergency/Page_KDMC - Emergency/input_txttreat'

2018-05-17 12:06:53 - [TEST_STEP][PASSED] - click: Object: 'Object Repository/Emergency/Page_KDMC - Emergency/button_Add' is clicked on

2018-05-17 12:06:53 - [MESSAGE][PASSED] - Object: 'Object Repository/Emergency/Page_KDMC - Emergency/button_Add' is clicked on

2018-05-17 12:06:53 - [TEST_STEP][PASSED] - selectOptionByIndex: All options with index in [6] are selected on object 'Object Repository/Emergency/Page_KDMC - Emergency/select_--Select--Schedule 1Inj'

2018-05-17 12:06:53 - [MESSAGE][PASSED] - All options with index in [6] are selected on object 'Object Repository/Emergency/Page_KDMC - Emergency/select_--Select--Schedule 1Inj'

2018-05-17 12:06:53 - [TEST_STEP][PASSED] - selectOptionByIndex: All options with index in [12] are selected on object 'Object Repository/Emergency/Page_KDMC - Emergency/select_--Select--Adernaline 0.'

2018-05-17 12:06:54 - [MESSAGE][PASSED] - All options with index in [12] are selected on object 'Object Repository/Emergency/Page_KDMC - Emergency/select_--Select--Adernaline 0.'

2018-05-17 12:06:54 - [TEST_STEP][PASSED] - setText: Text '10' is set on object 'Object Repository/Emergency/Page_KDMC - Emergency/input_txttreat'

2018-05-17 12:06:54 - [MESSAGE][PASSED] - Text '10' is set on object 'Object Repository/Emergency/Page_KDMC - Emergency/input_txttreat'

2018-05-17 12:06:54 - [TEST_STEP][PASSED] - click: Object: 'Object Repository/Emergency/Page_KDMC - Emergency/button_Add' is clicked on

2018-05-17 12:06:54 - [MESSAGE][PASSED] - Object: 'Object Repository/Emergency/Page_KDMC - Emergency/button_Add' is clicked on

2018-05-17 12:06:54 - [TEST_STEP][PASSED] - selectOptionByIndex: All options with index in [6] are selected on object 'Object Repository/Emergency/Page_KDMC - Emergency/select_--Select--Schedule 1Inj'

2018-05-17 12:06:54 - [MESSAGE][PASSED] - All options with index in [6] are selected on object 'Object Repository/Emergency/Page_KDMC - Emergency/select_--Select--Schedule 1Inj'

2018-05-17 12:06:54 - [TEST_STEP][PASSED] - selectOptionByIndex: All options with index in [13] are selected on object 'Object Repository/Emergency/Page_KDMC - Emergency/select_--Select--Adernaline 0.'

2018-05-17 12:06:54 - [MESSAGE][PASSED] - All options with index in [13] are selected on object 'Object Repository/Emergency/Page_KDMC - Emergency/select_--Select--Adernaline 0.'

2018-05-17 12:06:54 - [TEST_STEP][PASSED] - setText: Text '10' is set on object 'Object Repository/Emergency/Page_KDMC - Emergency/input_txttreat'

2018-05-17 12:06:54 - [MESSAGE][PASSED] - Text '10' is set on object 'Object Repository/Emergency/Page_KDMC - Emergency/input_txttreat'

2018-05-17 12:06:54 - [TEST_STEP][PASSED] - click: Object: 'Object Repository/Emergency/Page_KDMC - Emergency/button_Add' is clicked on

2018-05-17 12:06:54 - [MESSAGE][PASSED] - Object: 'Object Repository/Emergency/Page_KDMC - Emergency/button_Add' is clicked on

2018-05-17 12:06:54 - [TEST_STEP][PASSED] - selectOptionByIndex: All options with index in [6] are selected on object 'Object Repository/Emergency/Page_KDMC - Emergency/select_--Select--Schedule 1Inj'

2018-05-17 12:06:55 - [MESSAGE][PASSED] - All options with index in [6] are selected on object 'Object Repository/Emergency/Page_KDMC - Emergency/select_--Select--Schedule 1Inj'

2018-05-17 12:06:55 - [TEST_STEP][PASSED] - selectOptionByIndex: All options with index in [14] are selected on object 'Object Repository/Emergency/Page_KDMC - Emergency/select_--Select--Adernaline 0.'

2018-05-17 12:06:55 - [MESSAGE][PASSED] - All options with index in [14] are selected on object 'Object Repository/Emergency/Page_KDMC - Emergency/select_--Select--Adernaline 0.'

2018-05-17 12:06:55 - [TEST_STEP][PASSED] - setText: Text '10' is set on object 'Object Repository/Emergency/Page_KDMC - Emergency/input_txttreat'

2018-05-17 12:06:55 - [MESSAGE][PASSED] - Text '10' is set on object 'Object Repository/Emergency/Page_KDMC - Emergency/input_txttreat'

2018-05-17 12:06:55 - [TEST_STEP][PASSED] - click: Object: 'Object Repository/Emergency/Page_KDMC - Emergency/button_Add' is clicked on

2018-05-17 12:06:55 - [MESSAGE][PASSED] - Object: 'Object Repository/Emergency/Page_KDMC - Emergency/button_Add' is clicked on

2018-05-17 12:06:55 - [TEST_STEP][PASSED] - selectOptionByIndex: All options with index in [6] are selected on object 'Object Repository/Emergency/Page_KDMC - Emergency/select_--Select--Schedule 1Inj'

2018-05-17 12:06:55 - [MESSAGE][PASSED] - All options with index in [6] are selected on object 'Object Repository/Emergency/Page_KDMC - Emergency/select_--Select--Schedule 1Inj'

2018-05-17 12:06:55 - [TEST_STEP][PASSED] - selectOptionByIndex: All options with index in [15] are selected on object 'Object Repository/Emergency/Page_KDMC - Emergency/select_--Select--Adernaline 0.'

2018-05-17 12:06:55 - [MESSAGE][PASSED] - All options with index in [15] are selected on object 'Object Repository/Emergency/Page_KDMC - Emergency/select_--Select--Adernaline 0.'

2018-05-17 12:06:55 - [TEST_STEP][PASSED] - setText: Text '10' is set on object 'Object Repository/Emergency/Page_KDMC - Emergency/input_txttreat'

2018-05-17 12:06:55 - [MESSAGE][PASSED] - Text '10' is set on object 'Object Repository/Emergency/Page_KDMC - Emergency/input_txttreat'

2018-05-17 12:06:55 - [TEST_STEP][PASSED] - click: Object: 'Object Repository/Emergency/Page_KDMC - Emergency/button_Add' is clicked on

2018-05-17 12:06:55 - [MESSAGE][PASSED] - Object: 'Object Repository/Emergency/Page_KDMC - Emergency/button_Add' is clicked on

2018-05-17 12:06:55 - [TEST_STEP][PASSED] - selectOptionByIndex: All options with index in [6] are selected on object 'Object Repository/Emergency/Page_KDMC - Emergency/select_--Select--Schedule 1Inj'

2018-05-17 12:06:56 - [MESSAGE][PASSED] - All options with index in [6] are selected on object 'Object Repository/Emergency/Page_KDMC - Emergency/select_--Select--Schedule 1Inj'

2018-05-17 12:06:56 - [TEST_STEP][PASSED] - selectOptionByIndex: All options with index in [16] are selected on object 'Object Repository/Emergency/Page_KDMC - Emergency/select_--Select--Adernaline 0.'

2018-05-17 12:06:56 - [MESSAGE][PASSED] - All options with index in [16] are selected on object 'Object Repository/Emergency/Page_KDMC - Emergency/select_--Select--Adernaline 0.'

2018-05-17 12:06:56 - [TEST_STEP][PASSED] - setText: Text '10' is set on object 'Object Repository/Emergency/Page_KDMC - Emergency/input_txttreat'

2018-05-17 12:06:56 - [MESSAGE][PASSED] - Text '10' is set on object 'Object Repository/Emergency/Page_KDMC - Emergency/input_txttreat'

2018-05-17 12:06:56 - [TEST_STEP][PASSED] - click: Object: 'Object Repository/Emergency/Page_KDMC - Emergency/button_Add' is clicked on

2018-05-17 12:06:56 - [MESSAGE][PASSED] - Object: 'Object Repository/Emergency/Page_KDMC - Emergency/button_Add' is clicked on

2018-05-17 12:06:56 - [TEST_STEP][PASSED] - selectOptionByIndex: All options with index in [6] are selected on object 'Object Repository/Emergency/Page_KDMC - Emergency/select_--Select--Schedule 1Inj'

2018-05-17 12:06:56 - [MESSAGE][PASSED] - All options with index in [6] are selected on object 'Object Repository/Emergency/Page_KDMC - Emergency/select_--Select--Schedule 1Inj'

2018-05-17 12:06:56 - [TEST_STEP][PASSED] - selectOptionByIndex: All options with index in [17] are selected on object 'Object Repository/Emergency/Page_KDMC - Emergency/select_--Select--Adernaline 0.'

2018-05-17 12:06:57 - [MESSAGE][PASSED] - All options with index in [17] are selected on object 'Object Repository/Emergency/Page_KDMC - Emergency/select_--Select--Adernaline 0.'

2018-05-17 12:06:57 - [TEST_STEP][PASSED] - setText: Text '10' is set on object 'Object Repository/Emergency/Page_KDMC - Emergency/input_txttreat'

2018-05-17 12:06:57 - [MESSAGE][PASSED] - Text '10' is set on object 'Object Repository/Emergency/Page_KDMC - Emergency/input_txttreat'

2018-05-17 12:06:57 - [TEST_STEP][PASSED] - click: Object: 'Object Repository/Emergency/Page_KDMC - Emergency/button_Add' is clicked on

2018-05-17 12:06:57 - [MESSAGE][PASSED] - Object: 'Object Repository/Emergency/Page_KDMC - Emergency/button_Add' is clicked on

2018-05-17 12:06:57 - [TEST_STEP][PASSED] - selectOptionByIndex: All options with index in [6] are selected on object 'Object Repository/Emergency/Page_KDMC - Emergency/select_--Select--Schedule 1Inj'

2018-05-17 12:06:57 - [MESSAGE][PASSED] - All options with index in [6] are selected on object 'Object Repository/Emergency/Page_KDMC - Emergency/select_--Select--Schedule 1Inj'

2018-05-17 12:06:57 - [TEST_STEP][PASSED] - selectOptionByIndex: All options with index in [18] are selected on object 'Object Repository/Emergency/Page_KDMC - Emergency/select_--Select--Adernaline 0.'

2018-05-17 12:06:57 - [MESSAGE][PASSED] - All options with index in [18] are selected on object 'Object Repository/Emergency/Page_KDMC - Emergency/select_--Select--Adernaline 0.'

2018-05-17 12:06:57 - [TEST_STEP][PASSED] - setText: Text '10' is set on object 'Object Repository/Emergency/Page_KDMC - Emergency/input_txttreat'

2018-05-17 12:06:57 - [MESSAGE][PASSED] - Text '10' is set on object 'Object Repository/Emergency/Page_KDMC - Emergency/input_txttreat'

2018-05-17 12:06:57 - [TEST_STEP][PASSED] - click: Object: 'Object Repository/Emergency/Page_KDMC - Emergency/button_Add' is clicked on

2018-05-17 12:06:57 - [MESSAGE][PASSED] - Object: 'Object Repository/Emergency/Page_KDMC - Emergency/button_Add' is clicked on

2018-05-17 12:06:57 - [TEST_STEP][PASSED] - selectOptionByIndex: All options with index in [6] are selected on object 'Object Repository/Emergency/Page_KDMC - Emergency/select_--Select--Schedule 1Inj'

2018-05-17 12:06:57 - [MESSAGE][PASSED] - All options with index in [6] are selected on object 'Object Repository/Emergency/Page_KDMC - Emergency/select_--Select--Schedule 1Inj'

2018-05-17 12:06:57 - [TEST_STEP][PASSED] - selectOptionByIndex: All options with index in [19] are selected on object 'Object Repository/Emergency/Page_KDMC - Emergency/select_--Select--Adernaline 0.'

2018-05-17 12:06:58 - [MESSAGE][PASSED] - All options with index in [19] are selected on object 'Object Repository/Emergency/Page_KDMC - Emergency/select_--Select--Adernaline 0.'

2018-05-17 12:06:58 - [TEST_STEP][PASSED] - setText: Text '10' is set on object 'Object Repository/Emergency/Page_KDMC - Emergency/input_txttreat'

2018-05-17 12:06:58 - [MESSAGE][PASSED] - Text '10' is set on object 'Object Repository/Emergency/Page_KDMC - Emergency/input_txttreat'

2018-05-17 12:06:58 - [TEST_STEP][PASSED] - click: Object: 'Object Repository/Emergency/Page_KDMC - Emergency/button_Add' is clicked on

2018-05-17 12:06:58 - [MESSAGE][PASSED] - Object: 'Object Repository/Emergency/Page_KDMC - Emergency/button_Add' is clicked on

2018-05-17 12:06:58 - [TEST_STEP][PASSED] - selectOptionByIndex: All options with index in [6] are selected on object 'Object Repository/Emergency/Page_KDMC - Emergency/select_--Select--Schedule 1Inj'

2018-05-17 12:06:58 - [MESSAGE][PASSED] - All options with index in [6] are selected on object 'Object Repository/Emergency/Page_KDMC - Emergency/select_--Select--Schedule 1Inj'

2018-05-17 12:06:58 - [TEST_STEP][PASSED] - selectOptionByIndex: All options with index in [20] are selected on object 'Object Repository/Emergency/Page_KDMC - Emergency/select_--Select--Adernaline 0.'

2018-05-17 12:06:58 - [MESSAGE][PASSED] - All options with index in [20] are selected on object 'Object Repository/Emergency/Page_KDMC - Emergency/select_--Select--Adernaline 0.'

2018-05-17 12:06:58 - [TEST_STEP][PASSED] - setText: Text '10' is set on object 'Object Repository/Emergency/Page_KDMC - Emergency/input_txttreat'

2018-05-17 12:06:58 - [MESSAGE][PASSED] - Text '10' is set on object 'Object Repository/Emergency/Page_KDMC - Emergency/input_txttreat'

2018-05-17 12:06:58 - [TEST_STEP][PASSED] - click: Object: 'Object Repository/Emergency/Page_KDMC - Emergency/button_Add' is clicked on

2018-05-17 12:06:58 - [MESSAGE][PASSED] - Object: 'Object Repository/Emergency/Page_KDMC - Emergency/button_Add' is clicked on

2018-05-17 12:06:58 - [TEST_STEP][PASSED] - selectOptionByIndex: All options with index in [6] are selected on object 'Object Repository/Emergency/Page_KDMC - Emergency/select_--Select--Schedule 1Inj'

2018-05-17 12:06:59 - [MESSAGE][PASSED] - All options with index in [6] are selected on object 'Object Repository/Emergency/Page_KDMC - Emergency/select_--Select--Schedule 1Inj'

2018-05-17 12:06:59 - [TEST_STEP][PASSED] - selectOptionByIndex: All options with index in [21] are selected on object 'Object Repository/Emergency/Page_KDMC - Emergency/select_--Select--Adernaline 0.'

2018-05-17 12:06:59 - [MESSAGE][PASSED] - All options with index in [21] are selected on object 'Object Repository/Emergency/Page_KDMC - Emergency/select_--Select--Adernaline 0.'

2018-05-17 12:06:59 - [TEST_STEP][PASSED] - setText: Text '10' is set on object 'Object Repository/Emergency/Page_KDMC - Emergency/input_txttreat'

2018-05-17 12:06:59 - [MESSAGE][PASSED] - Text '10' is set on object 'Object Repository/Emergency/Page_KDMC - Emergency/input_txttreat'

2018-05-17 12:06:59 - [TEST_STEP][PASSED] - click: Object: 'Object Repository/Emergency/Page_KDMC - Emergency/button_Add' is clicked on

2018-05-17 12:06:59 - [MESSAGE][PASSED] - Object: 'Object Repository/Emergency/Page_KDMC - Emergency/button_Add' is clicked on

2018-05-17 12:06:59 - [TEST_STEP][PASSED] - selectOptionByIndex: All options with index in [6] are selected on object 'Object Repository/Emergency/Page_KDMC - Emergency/select_--Select--Schedule 1Inj'

2018-05-17 12:06:59 - [MESSAGE][PASSED] - All options with index in [6] are selected on object 'Object Repository/Emergency/Page_KDMC - Emergency/select_--Select--Schedule 1Inj'

2018-05-17 12:06:59 - [TEST_STEP][PASSED] - selectOptionByIndex: All options with index in [22] are selected on object 'Object Repository/Emergency/Page_KDMC - Emergency/select_--Select--Adernaline 0.'

2018-05-17 12:07:00 - [MESSAGE][PASSED] - All options with index in [22] are selected on object 'Object Repository/Emergency/Page_KDMC - Emergency/select_--Select--Adernaline 0.'

2018-05-17 12:07:00 - [TEST_STEP][PASSED] - setText: Text '10' is set on object 'Object Repository/Emergency/Page_KDMC - Emergency/input_txttreat'

2018-05-17 12:07:00 - [MESSAGE][PASSED] - Text '10' is set on object 'Object Repository/Emergency/Page_KDMC - Emergency/input_txttreat'

2018-05-17 12:07:00 - [TEST_STEP][PASSED] - click: Object: 'Object Repository/Emergency/Page_KDMC - Emergency/button_Add' is clicked on

2018-05-17 12:07:00 - [MESSAGE][PASSED] - Object: 'Object Repository/Emergency/Page_KDMC - Emergency/button_Add' is clicked on

2018-05-17 12:07:00 - [TEST_STEP][PASSED] - selectOptionByIndex: All options with index in [6] are selected on object 'Object Repository/Emergency/Page_KDMC - Emergency/select_--Select--Schedule 1Inj'

2018-05-17 12:07:00 - [MESSAGE][PASSED] - All options with index in [6] are selected on object 'Object Repository/Emergency/Page_KDMC - Emergency/select_--Select--Schedule 1Inj'

2018-05-17 12:07:00 - [TEST_STEP][PASSED] - selectOptionByIndex: All options with index in [23] are selected on object 'Object Repository/Emergency/Page_KDMC - Emergency/select_--Select--Adernaline 0.'

2018-05-17 12:07:00 - [MESSAGE][PASSED] - All options with index in [23] are selected on object 'Object Repository/Emergency/Page_KDMC - Emergency/select_--Select--Adernaline 0.'

2018-05-17 12:07:00 - [TEST_STEP][PASSED] - setText: Text '10' is set on object 'Object Repository/Emergency/Page_KDMC - Emergency/input_txttreat'

2018-05-17 12:07:00 - [MESSAGE][PASSED] - Text '10' is set on object 'Object Repository/Emergency/Page_KDMC - Emergency/input_txttreat'

2018-05-17 12:07:00 - [TEST_STEP][PASSED] - click: Object: 'Object Repository/Emergency/Page_KDMC - Emergency/button_Add' is clicked on

2018-05-17 12:07:00 - [MESSAGE][PASSED] - Object: 'Object Repository/Emergency/Page_KDMC - Emergency/button_Add' is clicked on

2018-05-17 12:07:00 - [TEST_STEP][PASSED] - selectOptionByIndex: All options with index in [6] are selected on object 'Object Repository/Emergency/Page_KDMC - Emergency/select_--Select--Schedule 1Inj'

2018-05-17 12:07:01 - [MESSAGE][PASSED] - All options with index in [6] are selected on object 'Object Repository/Emergency/Page_KDMC - Emergency/select_--Select--Schedule 1Inj'

2018-05-17 12:07:01 - [TEST_STEP][PASSED] - selectOptionByIndex: All options with index in [24] are selected on object 'Object Repository/Emergency/Page_KDMC - Emergency/select_--Select--Adernaline 0.'

2018-05-17 12:07:01 - [MESSAGE][PASSED] - All options with index in [24] are selected on object 'Object Repository/Emergency/Page_KDMC - Emergency/select_--Select--Adernaline 0.'

2018-05-17 12:07:01 - [TEST_STEP][PASSED] - setText: Text '10' is set on object 'Object Repository/Emergency/Page_KDMC - Emergency/input_txttreat'

2018-05-17 12:07:01 - [MESSAGE][PASSED] - Text '10' is set on object 'Object Repository/Emergency/Page_KDMC - Emergency/input_txttreat'

2018-05-17 12:07:01 - [TEST_STEP][PASSED] - click: Object: 'Object Repository/Emergency/Page_KDMC - Emergency/button_Add' is clicked on

2018-05-17 12:07:01 - [MESSAGE][PASSED] - Object: 'Object Repository/Emergency/Page_KDMC - Emergency/button_Add' is clicked on

2018-05-17 12:07:01 - [TEST_STEP][PASSED] - selectOptionByIndex: All options with index in [6] are selected on object 'Object Repository/Emergency/Page_KDMC - Emergency/select_--Select--Schedule 1Inj'

2018-05-17 12:07:01 - [MESSAGE][PASSED] - All options with index in [6] are selected on object 'Object Repository/Emergency/Page_KDMC - Emergency/select_--Select--Schedule 1Inj'

2018-05-17 12:07:01 - [TEST_STEP][PASSED] - selectOptionByIndex: All options with index in [25] are selected on object 'Object Repository/Emergency/Page_KDMC - Emergency/select_--Select--Adernaline 0.'

2018-05-17 12:07:02 - [MESSAGE][PASSED] - All options with index in [25] are selected on object 'Object Repository/Emergency/Page_KDMC - Emergency/select_--Select--Adernaline 0.'

2018-05-17 12:07:02 - [TEST_STEP][PASSED] - setText: Text '10' is set on object 'Object Repository/Emergency/Page_KDMC - Emergency/input_txttreat'

2018-05-17 12:07:02 - [MESSAGE][PASSED] - Text '10' is set on object 'Object Repository/Emergency/Page_KDMC - Emergency/input_txttreat'

2018-05-17 12:07:02 - [TEST_STEP][PASSED] - click: Object: 'Object Repository/Emergency/Page_KDMC - Emergency/button_Add' is clicked on

2018-05-17 12:07:02 - [MESSAGE][PASSED] - Object: 'Object Repository/Emergency/Page_KDMC - Emergency/button_Add' is clicked on

2018-05-17 12:07:02 - [TEST_STEP][PASSED] - selectOptionByIndex: All options with index in [6] are selected on object 'Object Repository/Emergency/Page_KDMC - Emergency/select_--Select--Schedule 1Inj'

2018-05-17 12:07:02 - [MESSAGE][PASSED] - All options with index in [6] are selected on object 'Object Repository/Emergency/Page_KDMC - Emergency/select_--Select--Schedule 1Inj'

2018-05-17 12:07:02 - [TEST_STEP][PASSED] - selectOptionByIndex: All options with index in [26] are selected on object 'Object Repository/Emergency/Page_KDMC - Emergency/select_--Select--Adernaline 0.'

2018-05-17 12:07:02 - [MESSAGE][PASSED] - All options with index in [26] are selected on object 'Object Repository/Emergency/Page_KDMC - Emergency/select_--Select--Adernaline 0.'

2018-05-17 12:07:02 - [TEST_STEP][PASSED] - setText: Text '10' is set on object 'Object Repository/Emergency/Page_KDMC - Emergency/input_txttreat'

2018-05-17 12:07:02 - [MESSAGE][PASSED] - Text '10' is set on object 'Object Repository/Emergency/Page_KDMC - Emergency/input_txttreat'

2018-05-17 12:07:02 - [TEST_STEP][PASSED] - click: Object: 'Object Repository/Emergency/Page_KDMC - Emergency/button_Add' is clicked on

2018-05-17 12:07:02 - [MESSAGE][PASSED] - Object: 'Object Repository/Emergency/Page_KDMC - Emergency/button_Add' is clicked on

2018-05-17 12:07:02 - [TEST_STEP][PASSED] - selectOptionByIndex: All options with index in [6] are selected on object 'Object Repository/Emergency/Page_KDMC - Emergency/select_--Select--Schedule 1Inj'

2018-05-17 12:07:03 - [MESSAGE][PASSED] - All options with index in [6] are selected on object 'Object Repository/Emergency/Page_KDMC - Emergency/select_--Select--Schedule 1Inj'

2018-05-17 12:07:03 - [TEST_STEP][PASSED] - selectOptionByIndex: All options with index in [27] are selected on object 'Object Repository/Emergency/Page_KDMC - Emergency/select_--Select--Adernaline 0.'

2018-05-17 12:07:03 - [MESSAGE][PASSED] - All options with index in [27] are selected on object 'Object Repository/Emergency/Page_KDMC - Emergency/select_--Select--Adernaline 0.'

2018-05-17 12:07:03 - [TEST_STEP][PASSED] - setText: Text '10' is set on object 'Object Repository/Emergency/Page_KDMC - Emergency/input_txttreat'

2018-05-17 12:07:03 - [MESSAGE][PASSED] - Text '10' is set on object 'Object Repository/Emergency/Page_KDMC - Emergency/input_txttreat'

2018-05-17 12:07:03 - [TEST_STEP][PASSED] - click: Object: 'Object Repository/Emergency/Page_KDMC - Emergency/button_Add' is clicked on

2018-05-17 12:07:03 - [MESSAGE][PASSED] - Object: 'Object Repository/Emergency/Page_KDMC - Emergency/button_Add' is clicked on

2018-05-17 12:07:03 - [TEST_STEP][PASSED] - selectOptionByIndex: All options with index in [6] are selected on object 'Object Repository/Emergency/Page_KDMC - Emergency/select_--Select--Schedule 1Inj'

2018-05-17 12:07:03 - [MESSAGE][PASSED] - All options with index in [6] are selected on object 'Object Repository/Emergency/Page_KDMC - Emergency/select_--Select--Schedule 1Inj'

2018-05-17 12:07:03 - [TEST_STEP][PASSED] - selectOptionByIndex: All options with index in [28] are selected on object 'Object Repository/Emergency/Page_KDMC - Emergency/select_--Select--Adernaline 0.'

2018-05-17 12:07:04 - [MESSAGE][PASSED] - All options with index in [28] are selected on object 'Object Repository/Emergency/Page_KDMC - Emergency/select_--Select--Adernaline 0.'

2018-05-17 12:07:04 - [TEST_STEP][PASSED] - setText: Text '10' is set on object 'Object Repository/Emergency/Page_KDMC - Emergency/input_txttreat'

2018-05-17 12:07:04 - [MESSAGE][PASSED] - Text '10' is set on object 'Object Repository/Emergency/Page_KDMC - Emergency/input_txttreat'

2018-05-17 12:07:04 - [TEST_STEP][PASSED] - click: Object: 'Object Repository/Emergency/Page_KDMC - Emergency/button_Add' is clicked on

2018-05-17 12:07:04 - [MESSAGE][PASSED] - Object: 'Object Repository/Emergency/Page_KDMC - Emergency/button_Add' is clicked on

2018-05-17 12:07:04 - [TEST_STEP][PASSED] - selectOptionByIndex: All options with index in [6] are selected on object 'Object Repository/Emergency/Page_KDMC - Emergency/select_--Select--Schedule 1Inj'

2018-05-17 12:07:04 - [MESSAGE][PASSED] - All options with index in [6] are selected on object 'Object Repository/Emergency/Page_KDMC - Emergency/select_--Select--Schedule 1Inj'

2018-05-17 12:07:04 - [TEST_STEP][PASSED] - selectOptionByIndex: All options with index in [29] are selected on object 'Object Repository/Emergency/Page_KDMC - Emergency/select_--Select--Adernaline 0.'

2018-05-17 12:07:04 - [MESSAGE][PASSED] - All options with index in [29] are selected on object 'Object Repository/Emergency/Page_KDMC - Emergency/select_--Select--Adernaline 0.'

2018-05-17 12:07:04 - [TEST_STEP][PASSED] - setText: Text '10' is set on object 'Object Repository/Emergency/Page_KDMC - Emergency/input_txttreat'

2018-05-17 12:07:04 - [MESSAGE][PASSED] - Text '10' is set on object 'Object Repository/Emergency/Page_KDMC - Emergency/input_txttreat'

2018-05-17 12:07:04 - [TEST_STEP][PASSED] - click: Object: 'Object Repository/Emergency/Page_KDMC - Emergency/button_Add' is clicked on

2018-05-17 12:07:05 - [MESSAGE][PASSED] - Object: 'Object Repository/Emergency/Page_KDMC - Emergency/button_Add' is clicked on

2018-05-17 12:07:05 - [TEST_STEP][PASSED] - selectOptionByIndex: All options with index in [6] are selected on object 'Object Repository/Emergency/Page_KDMC - Emergency/select_--Select--Schedule 1Inj'

2018-05-17 12:07:05 - [MESSAGE][PASSED] - All options with index in [6] are selected on object 'Object Repository/Emergency/Page_KDMC - Emergency/select_--Select--Schedule 1Inj'

2018-05-17 12:07:05 - [TEST_STEP][PASSED] - selectOptionByIndex: All options with index in [30] are selected on object 'Object Repository/Emergency/Page_KDMC - Emergency/select_--Select--Adernaline 0.'

2018-05-17 12:07:05 - [MESSAGE][PASSED] - All options with index in [30] are selected on object 'Object Repository/Emergency/Page_KDMC - Emergency/select_--Select--Adernaline 0.'

2018-05-17 12:07:05 - [TEST_STEP][PASSED] - setText: Text '10' is set on object 'Object Repository/Emergency/Page_KDMC - Emergency/input_txttreat'

2018-05-17 12:07:05 - [MESSAGE][PASSED] - Text '10' is set on object 'Object Repository/Emergency/Page_KDMC - Emergency/input_txttreat'

2018-05-17 12:07:05 - [TEST_STEP][PASSED] - click: Object: 'Object Repository/Emergency/Page_KDMC - Emergency/button_Add' is clicked on

2018-05-17 12:07:05 - [MESSAGE][PASSED] - Object: 'Object Repository/Emergency/Page_KDMC - Emergency/button_Add' is clicked on

2018-05-17 12:07:05 - [TEST_STEP][PASSED] - selectOptionByIndex: All options with index in [6] are selected on object 'Object Repository/Emergency/Page_KDMC - Emergency/select_--Select--Schedule 1Inj'

2018-05-17 12:07:05 - [MESSAGE][PASSED] - All options with index in [6] are selected on object 'Object Repository/Emergency/Page_KDMC - Emergency/select_--Select--Schedule 1Inj'

2018-05-17 12:07:05 - [TEST_STEP][PASSED] - selectOptionByIndex: All options with index in [31] are selected on object 'Object Repository/Emergency/Page_KDMC - Emergency/select_--Select--Adernaline 0.'

2018-05-17 12:07:06 - [MESSAGE][PASSED] - All options with index in [31] are selected on object 'Object Repository/Emergency/Page_KDMC - Emergency/select_--Select--Adernaline 0.'

2018-05-17 12:07:06 - [TEST_STEP][PASSED] - setText: Text '10' is set on object 'Object Repository/Emergency/Page_KDMC - Emergency/input_txttreat'

2018-05-17 12:07:06 - [MESSAGE][PASSED] - Text '10' is set on object 'Object Repository/Emergency/Page_KDMC - Emergency/input_txttreat'

2018-05-17 12:07:06 - [TEST_STEP][PASSED] - click: Object: 'Object Repository/Emergency/Page_KDMC - Emergency/button_Add' is clicked on

2018-05-17 12:07:06 - [MESSAGE][PASSED] - Object: 'Object Repository/Emergency/Page_KDMC - Emergency/button_Add' is clicked on

2018-05-17 12:07:06 - [TEST_STEP][PASSED] - selectOptionByIndex: All options with index in [6] are selected on object 'Object Repository/Emergency/Page_KDMC - Emergency/select_--Select--Schedule 1Inj'

2018-05-17 12:07:06 - [MESSAGE][PASSED] - All options with index in [6] are selected on object 'Object Repository/Emergency/Page_KDMC - Emergency/select_--Select--Schedule 1Inj'

2018-05-17 12:07:06 - [TEST_STEP][PASSED] - selectOptionByIndex: All options with index in [32] are selected on object 'Object Repository/Emergency/Page_KDMC - Emergency/select_--Select--Adernaline 0.'

2018-05-17 12:07:07 - [MESSAGE][PASSED] - All options with index in [32] are selected on object 'Object Repository/Emergency/Page_KDMC - Emergency/select_--Select--Adernaline 0.'

2018-05-17 12:07:07 - [TEST_STEP][PASSED] - setText: Text '10' is set on object 'Object Repository/Emergency/Page_KDMC - Emergency/input_txttreat'

2018-05-17 12:07:07 - [MESSAGE][PASSED] - Text '10' is set on object 'Object Repository/Emergency/Page_KDMC - Emergency/input_txttreat'

2018-05-17 12:07:07 - [TEST_STEP][PASSED] - click: Object: 'Object Repository/Emergency/Page_KDMC - Emergency/button_Add' is clicked on

2018-05-17 12:07:07 - [MESSAGE][PASSED] - Object: 'Object Repository/Emergency/Page_KDMC - Emergency/button_Add' is clicked on

2018-05-17 12:07:07 - [TEST_STEP][PASSED] - selectOptionByIndex: All options with index in [6] are selected on object 'Object Repository/Emergency/Page_KDMC - Emergency/select_--Select--Schedule 1Inj'

2018-05-17 12:07:07 - [MESSAGE][PASSED] - All options with index in [6] are selected on object 'Object Repository/Emergency/Page_KDMC - Emergency/select_--Select--Schedule 1Inj'

2018-05-17 12:07:07 - [TEST_STEP][PASSED] - selectOptionByIndex: All options with index in [33] are selected on object 'Object Repository/Emergency/Page_KDMC - Emergency/select_--Select--Adernaline 0.'

2018-05-17 12:07:07 - [MESSAGE][PASSED] - All options with index in [33] are selected on object 'Object Repository/Emergency/Page_KDMC - Emergency/select_--Select--Adernaline 0.'

2018-05-17 12:07:07 - [TEST_STEP][PASSED] - setText: Text '10' is set on object 'Object Repository/Emergency/Page_KDMC - Emergency/input_txttreat'

2018-05-17 12:07:07 - [MESSAGE][PASSED] - Text '10' is set on object 'Object Repository/Emergency/Page_KDMC - Emergency/input_txttreat'

2018-05-17 12:07:07 - [TEST_STEP][PASSED] - click: Object: 'Object Repository/Emergency/Page_KDMC - Emergency/button_Add' is clicked on

2018-05-17 12:07:07 - [MESSAGE][PASSED] - Object: 'Object Repository/Emergency/Page_KDMC - Emergency/button_Add' is clicked on

2018-05-17 12:07:07 - [TEST_STEP][PASSED] - selectOptionByIndex: All options with index in [6] are selected on object 'Object Repository/Emergency/Page_KDMC - Emergency/select_--Select--Schedule 1Inj'

2018-05-17 12:07:08 - [MESSAGE][PASSED] - All options with index in [6] are selected on object 'Object Repository/Emergency/Page_KDMC - Emergency/select_--Select--Schedule 1Inj'

2018-05-17 12:07:08 - [TEST_STEP][PASSED] - selectOptionByIndex: All options with index in [34] are selected on object 'Object Repository/Emergency/Page_KDMC - Emergency/select_--Select--Adernaline 0.'

2018-05-17 12:07:08 - [MESSAGE][PASSED] - All options with index in [34] are selected on object 'Object Repository/Emergency/Page_KDMC - Emergency/select_--Select--Adernaline 0.'

2018-05-17 12:07:08 - [TEST_STEP][PASSED] - setText: Text '10' is set on object 'Object Repository/Emergency/Page_KDMC - Emergency/input_txttreat'

2018-05-17 12:07:08 - [MESSAGE][PASSED] - Text '10' is set on object 'Object Repository/Emergency/Page_KDMC - Emergency/input_txttreat'

2018-05-17 12:07:08 - [TEST_STEP][PASSED] - click: Object: 'Object Repository/Emergency/Page_KDMC - Emergency/button_Add' is clicked on

2018-05-17 12:07:08 - [MESSAGE][PASSED] - Object: 'Object Repository/Emergency/Page_KDMC - Emergency/button_Add' is clicked on

2018-05-17 12:07:08 - [TEST_STEP][PASSED] - selectOptionByIndex: All options with index in [6] are selected on object 'Object Repository/Emergency/Page_KDMC - Emergency/select_--Select--Schedule 1Inj'

2018-05-17 12:07:08 - [MESSAGE][PASSED] - All options with index in [6] are selected on object 'Object Repository/Emergency/Page_KDMC - Emergency/select_--Select--Schedule 1Inj'

2018-05-17 12:07:08 - [TEST_STEP][PASSED] - selectOptionByIndex: All options with index in [35] are selected on object 'Object Repository/Emergency/Page_KDMC - Emergency/select_--Select--Adernaline 0.'

2018-05-17 12:07:09 - [MESSAGE][PASSED] - All options with index in [35] are selected on object 'Object Repository/Emergency/Page_KDMC - Emergency/select_--Select--Adernaline 0.'

2018-05-17 12:07:09 - [TEST_STEP][PASSED] - setText: Text '10' is set on object 'Object Repository/Emergency/Page_KDMC - Emergency/input_txttreat'

2018-05-17 12:07:09 - [MESSAGE][PASSED] - Text '10' is set on object 'Object Repository/Emergency/Page_KDMC - Emergency/input_txttreat'

2018-05-17 12:07:09 - [TEST_STEP][PASSED] - click: Object: 'Object Repository/Emergency/Page_KDMC - Emergency/button_Add' is clicked on

2018-05-17 12:07:09 - [MESSAGE][PASSED] - Object: 'Object Repository/Emergency/Page_KDMC - Emergency/button_Add' is clicked on

2018-05-17 12:07:09 - [TEST_STEP][PASSED] - scrollToElement: Scroll to object 'Object Repository/Emergency/Page_KDMC - Emergency/input_btnsave' successfully

2018-05-17 12:07:09 - [MESSAGE][PASSED] - Scroll to object 'Object Repository/Emergency/Page_KDMC - Emergency/input_btnsave' successfully

2018-05-17 12:07:09 - [TEST_STEP][PASSED] - click: Object: 'Object Repository/Emergency/Page_KDMC - Emergency/input_btnsave' is clicked on

2018-05-17 12:07:09 - [MESSAGE][PASSED] - Object: 'Object Repository/Emergency/Page_KDMC - Emergency/input_btnsave' is clicked on

2018-05-17 12:07:09 - [TEST_STEP][PASSED] - delay: Delayed 3 second(s)

2018-05-17 12:07:12 - [MESSAGE][PASSED] - Delayed 3 second(s)

2018-05-17 12:07:12 - [TEST_STEP][PASSED] - Statement - RequestNumber = com.kms.katalon.core.webui.keyword.WebUiBuiltInKeywords.getText(com.kms.katalon.core.testobject.ObjectRepository.findTestObject(Emergency/Page_KDMC - Emergency/font_ERNO100520183)): Text of object 'Object Repository/Emergency/Page_KDMC - Emergency/font_ERNO100520183' is: 'ERNO/17052018/239'

2018-05-17 12:07:12 - [MESSAGE][PASSED] - Text of object 'Object Repository/Emergency/Page_KDMC - Emergency/font_ERNO100520183' is: 'ERNO/17052018/239'

2018-05-17 12:07:12 - [TEST_STEP][PASSED] - Statement - Rno = RequestNumber.split("/")[2]: null

2018-05-17 12:07:12 - [TEST_STEP][PASSED] - Statement - out.println(Rno): null

2018-05-17 12:07:12 - [TEST_STEP][PASSED] - click: Object: 'Object Repository/Emergency/Page_KDMC - Emergency/button_OK' is clicked on

2018-05-17 12:07:13 - [MESSAGE][PASSED] - Object: 'Object Repository/Emergency/Page_KDMC - Emergency/button_OK' is clicked on

2018-05-17 12:07:13 - [TEST_STEP][PASSED] - delay: Delayed 3 second(s)

2018-05-17 12:07:16 - [MESSAGE][PASSED] - Delayed 3 second(s)

2018-05-17 12:07:16 - [TEST_STEP][PASSED] - click: Object: 'Object Repository/Emergency/Page_KDMC - Emergency/a_dropdown-toggle' is clicked on

2018-05-17 12:07:16 - [MESSAGE][PASSED] - Object: 'Object Repository/Emergency/Page_KDMC - Emergency/a_dropdown-toggle' is clicked on

2018-05-17 12:07:16 - [TEST_STEP][PASSED] - click: Object: 'Object Repository/Emergency/Page_KDMC - Emergency/a_Sign out' is clicked on

2018-05-17 12:07:16 - [MESSAGE][PASSED] - Object: 'Object Repository/Emergency/Page_KDMC - Emergency/a_Sign out' is clicked on

2018-05-17 12:07:16 - [TEST_STEP][PASSED] - delay: Delayed 3 second(s)

2018-05-17 12:07:19 - [MESSAGE][PASSED] - Delayed 3 second(s)

2018-05-17 12:07:19 - [TEST_STEP][PASSED] - click: Object: 'Object Repository/Emergency/Page_KDMC/a_CMO' is clicked on

2018-05-17 12:07:20 - [MESSAGE][PASSED] - Object: 'Object Repository/Emergency/Page_KDMC/a_CMO' is clicked on

2018-05-17 12:07:20 - [TEST_STEP][PASSED] - setText: Text 'guru' is set on object 'Object Repository/Emergency/Page_CMO login/input_txtusername'

2018-05-17 12:07:20 - [MESSAGE][PASSED] - Text 'guru' is set on object 'Object Repository/Emergency/Page_CMO login/input_txtusername'

2018-05-17 12:07:20 - [TEST_STEP][PASSED] - setText: Text '123' is set on object 'Object Repository/Emergency/Page_CMO login/input_txtpassword'

2018-05-17 12:07:20 - [MESSAGE][PASSED] - Text '123' is set on object 'Object Repository/Emergency/Page_CMO login/input_txtpassword'

2018-05-17 12:07:20 - [TEST_STEP][PASSED] - delay: Delayed 3 second(s)

2018-05-17 12:07:23 - [MESSAGE][PASSED] - Delayed 3 second(s)

2018-05-17 12:07:23 - [TEST_STEP][PASSED] - click: Object: 'Object Repository/Emergency/Page_CMO login/button_Sign in' is clicked on

2018-05-17 12:07:23 - [MESSAGE][PASSED] - Object: 'Object Repository/Emergency/Page_CMO login/button_Sign in' is clicked on

2018-05-17 12:07:23 - [TEST_STEP][PASSED] - delay: Delayed 2 second(s)

2018-05-17 12:07:25 - [MESSAGE][PASSED] - Delayed 2 second(s)

2018-05-17 12:07:25 - [TEST_STEP][PASSED] - click: Object: 'Object Repository/Emergency/Page_KDMC - CMO/a_Department Wise Request' is clicked on

2018-05-17 12:07:26 - [MESSAGE][PASSED] - Object: 'Object Repository/Emergency/Page_KDMC - CMO/a_Department Wise Request' is clicked on

2018-05-17 12:07:26 - [TEST_STEP][PASSED] - selectOptionByIndex: All options with index in [7] are selected on object 'Object Repository/Emergency/Page_KDMC - CMO/select_--ALL--'

2018-05-17 12:07:26 - [MESSAGE][PASSED] - All options with index in [7] are selected on object 'Object Repository/Emergency/Page_KDMC - CMO/select_--ALL--'

2018-05-17 12:07:26 - [TEST_STEP][PASSED] - selectOptionByIndex: All options with index in [1] are selected on object 'Object Repository/Emergency/Page_KDMC - CMO/select_--ALL--                _1'

2018-05-17 12:07:26 - [MESSAGE][PASSED] - All options with index in [1] are selected on object 'Object Repository/Emergency/Page_KDMC - CMO/select_--ALL--                _1'

2018-05-17 12:07:26 - [TEST_STEP][PASSED] - click: Object: 'Object Repository/Emergency/Page_KDMC - CMO/input_btnsearch' is clicked on

2018-05-17 12:07:27 - [MESSAGE][PASSED] - Object: 'Object Repository/Emergency/Page_KDMC - CMO/input_btnsearch' is clicked on

2018-05-17 12:07:27 - [TEST_STEP][PASSED] - Statement - ID = com.kms.katalon.core.webui.keyword.WebUiBuiltInKeywords.modifyObjectProperty(com.kms.katalon.core.testobject.ObjectRepository.findTestObject(Emergency/Page_KDMC - CMO/input_3), "xpath", "equals", "//*[@id=" + Rno + "]", true): Modify property of object successfully

2018-05-17 12:07:27 - [MESSAGE][PASSED] - Modify property of object successfully

2018-05-17 12:07:27 - [TEST_STEP][PASSED] - click: Object: 'Object Repository/Emergency/Page_KDMC - CMO/input_3' is clicked on

2018-05-17 12:07:27 - [MESSAGE][PASSED] - Object: 'Object Repository/Emergency/Page_KDMC - CMO/input_3' is clicked on

2018-05-17 12:07:27 - [TEST_STEP][PASSED] - delay: Delayed 2 second(s)

2018-05-17 12:07:29 - [MESSAGE][PASSED] - Delayed 2 second(s)

2018-05-17 12:07:29 - [TEST_STEP][PASSED] - selectOptionByIndex: All options with index in [1] are selected on object 'Object Repository/Emergency/Page_KDMC - CMO/select_--Select--'

2018-05-17 12:07:29 - [MESSAGE][PASSED] - All options with index in [1] are selected on object 'Object Repository/Emergency/Page_KDMC - CMO/select_--Select--'

2018-05-17 12:07:29 - [TEST_STEP][PASSED] - click: Object: 'Object Repository/Emergency/Page_KDMC - CMO/input_btnupdate' is clicked on

2018-05-17 12:07:29 - [MESSAGE][PASSED] - Object: 'Object Repository/Emergency/Page_KDMC - CMO/input_btnupdate' is clicked on

2018-05-17 12:07:29 - [TEST_STEP][PASSED] - delay: Delayed 2 second(s)

2018-05-17 12:07:31 - [MESSAGE][PASSED] - Delayed 2 second(s)

2018-05-17 12:07:31 - [TEST_STEP][PASSED] - click: Object: 'Object Repository/Emergency/Page_KDMC - CMO/button_OK' is clicked on

2018-05-17 12:07:32 - [MESSAGE][PASSED] - Object: 'Object Repository/Emergency/Page_KDMC - CMO/button_OK' is clicked on

2018-05-17 12:07:32 - [TEST_STEP][PASSED] - delay: Delayed 2 second(s)

2018-05-17 12:07:34 - [MESSAGE][PASSED] - Delayed 2 second(s)

2018-05-17 12:07:34 - [TEST_STEP][PASSED] - click: Object: 'Object Repository/Emergency/Page_KDMC - CMO/a_dropdown-toggle' is clicked on

2018-05-17 12:07:34 - [MESSAGE][PASSED] - Object: 'Object Repository/Emergency/Page_KDMC - CMO/a_dropdown-toggle' is clicked on

2018-05-17 12:07:34 - [TEST_STEP][PASSED] - click: Object: 'Object Repository/Emergency/Page_KDMC - CMO/a_Sign out' is clicked on

2018-05-17 12:07:35 - [MESSAGE][PASSED] - Object: 'Object Repository/Emergency/Page_KDMC - CMO/a_Sign out' is clicked on

2018-05-17 12:07:35 - [TEST_STEP][PASSED] - delay: Delayed 3 second(s)

2018-05-17 12:07:38 - [MESSAGE][PASSED] - Delayed 3 second(s)

2018-05-17 12:07:38 - [TEST_STEP][PASSED] - click: Object: 'Object Repository/Emergency/Page_KDMC/a_Divisional Store' is clicked on

2018-05-17 12:07:41 - [MESSAGE][PASSED] - Object: 'Object Repository/Emergency/Page_KDMC/a_Divisional Store' is clicked on

2018-05-17 12:07:41 - [TEST_STEP][PASSED] - setText: Text 'ragu' is set on object 'Object Repository/Emergency/Page_Divisonal Store Login/input_txtusername'

2018-05-17 12:07:41 - [MESSAGE][PASSED] - Text 'ragu' is set on object 'Object Repository/Emergency/Page_Divisonal Store Login/input_txtusername'

2018-05-17 12:07:41 - [TEST_STEP][PASSED] - setText: Text '123' is set on object 'Object Repository/Emergency/Page_Divisonal Store Login/input_txtpassword'

2018-05-17 12:07:41 - [MESSAGE][PASSED] - Text '123' is set on object 'Object Repository/Emergency/Page_Divisonal Store Login/input_txtpassword'

2018-05-17 12:07:41 - [TEST_STEP][PASSED] - delay: Delayed 3 second(s)

2018-05-17 12:07:44 - [MESSAGE][PASSED] - Delayed 3 second(s)

2018-05-17 12:07:44 - [TEST_STEP][PASSED] - click: Object: 'Object Repository/Emergency/Page_Divisonal Store Login/button_Sign in' is clicked on

2018-05-17 12:07:45 - [MESSAGE][PASSED] - Object: 'Object Repository/Emergency/Page_Divisonal Store Login/button_Sign in' is clicked on

2018-05-17 12:07:45 - [TEST_STEP][PASSED] - delay: Delayed 2 second(s)

2018-05-17 12:07:47 - [MESSAGE][PASSED] - Delayed 2 second(s)

2018-05-17 12:07:47 - [TEST_STEP][PASSED] - click: Object: 'Object Repository/Emergency/Page_Store/a_Emergency Request' is clicked on

2018-05-17 12:07:47 - [MESSAGE][PASSED] - Object: 'Object Repository/Emergency/Page_Store/a_Emergency Request' is clicked on

2018-05-17 12:07:47 - [TEST_STEP][PASSED] - click: Object: 'Object Repository/Emergency/Page_Store/a_Request Item Emergency' is clicked on

2018-05-17 12:07:48 - [MESSAGE][PASSED] - Object: 'Object Repository/Emergency/Page_Store/a_Request Item Emergency' is clicked on

2018-05-17 12:07:48 - [TEST_STEP][PASSED] - setText: Text '239' is set on object 'Object Repository/Emergency/Page_Store/input'

2018-05-17 12:07:48 - [MESSAGE][PASSED] - Text '239' is set on object 'Object Repository/Emergency/Page_Store/input'

2018-05-17 12:07:48 - [TEST_STEP][PASSED] - Statement - ChooseRequest = com.kms.katalon.core.webui.keyword.WebUiBuiltInKeywords.modifyObjectProperty(com.kms.katalon.core.testobject.ObjectRepository.findTestObject(Emergency/Page_Store/input_3), "xpath", "equals", "//*[@id=" + Rno + "]", true): Modify property of object successfully

2018-05-17 12:07:48 - [MESSAGE][PASSED] - Modify property of object successfully

2018-05-17 12:07:48 - [TEST_STEP][PASSED] - click: Object: 'Object Repository/Emergency/Page_Store/input_3' is clicked on

2018-05-17 12:07:48 - [MESSAGE][PASSED] - Object: 'Object Repository/Emergency/Page_Store/input_3' is clicked on

2018-05-17 12:07:48 - [TEST_STEP][PASSED] - delay: Delayed 2 second(s)

2018-05-17 12:07:50 - [MESSAGE][PASSED] - Delayed 2 second(s)

2018-05-17 12:07:50 - [TEST_STEP][PASSED] - Statement - selectedoptions1 = com.kms.katalon.core.webui.keyword.WebUiBuiltInKeywords.getNumberOfTotalOption(com.kms.katalon.core.testobject.ObjectRepository.findTestObject(Emergency/Page_Store/select_--Select--Amikacin -500)): 36 options of object 'Object Repository/Emergency/Page_Store/select_--Select--Amikacin -500' counted

2018-05-17 12:07:51 - [MESSAGE][PASSED] - 36 options of object 'Object Repository/Emergency/Page_Store/select_--Select--Amikacin -500' counted

2018-05-17 12:07:51 - [TEST_STEP][FAILED] - Statement - For ([a = 1, a <= selectedoptions1 - 1, (a++)]): Unable to get attribute 'value' of object 'Object Repository/Emergency/Page_Store/input_txttotal' (Root cause: org.openqa.selenium.UnhandledAlertException: unexpected alert open: {Alert text : function Error() { [native code] }}
  (Session info: chrome=66.0.3359.139)
  (Driver info: chromedriver=2.35.528161 (5b82f2d2aae0ca24b877009200ced9065a772e73),platform=Windows NT 10.0.17134 x86_64) (WARNING: The server did not provide any stacktrace information)
Command duration or timeout: 0 milliseconds: null
Build info: version: '3.7.1', revision: '8a0099a', time: '2017-11-06T21:07:36.161Z'
System info: host: 'DESKTOP-BLFTK83', ip: '192.168.71.2', os.name: 'Windows 10', os.arch: 'amd64', os.version: '10.0', java.version: '1.8.0_102'
Driver info: com.kms.katalon.selenium.driver.CChromeDriver
Capabilities {acceptInsecureCerts: false, acceptSslCerts: false, applicationCacheEnabled: false, browserConnectionEnabled: false, browserName: chrome, chrome: {chromedriverVersion: 2.35.528161 (5b82f2d2aae0ca..., userDataDir: C:\Users\QUALIT~1\AppData\L...}, cssSelectorsEnabled: true, databaseEnabled: false, handlesAlerts: true, hasTouchScreen: false, javascriptEnabled: true, locationContextEnabled: true, mobileEmulationEnabled: false, nativeEvents: true, networkConnectionEnabled: false, pageLoadStrategy: normal, platform: XP, platformName: XP, rotatable: false, setWindowRect: true, takesHeapSnapshot: true, takesScreenshot: true, unexpectedAlertBehaviour: , unhandledPromptBehavior: , version: 66.0.3359.139, webStorageEnabled: true}
Session ID: 59c46a161d036646150be7fe4f26bf53
*** Element info: {Using=xpath, value=id("txttotal")[count(. | //input[@type = 'text' and @id = 'txttotal' and @name = 'txttotal' and @placeholder = 'Req.Qty']) = count(//input[@type = 'text' and @id = 'txttotal' and @name = 'txttotal' and @placeholder = 'Req.Qty'])]})

2018-05-17 12:07:51 - [TEST_STEP][PASSED] - selectOptionByIndex: All options with index in [1] are selected on object 'Object Repository/Emergency/Page_Store/select_--Select--Amikacin -500'

2018-05-17 12:07:51 - [MESSAGE][PASSED] - All options with index in [1] are selected on object 'Object Repository/Emergency/Page_Store/select_--Select--Amikacin -500'

2018-05-17 12:07:51 - [TEST_STEP][PASSED] - delay: Delayed 2 second(s)

2018-05-17 12:07:53 - [MESSAGE][PASSED] - Delayed 2 second(s)

2018-05-17 12:07:53 - [TEST_STEP][PASSED] - Statement - RequestedQty = com.kms.katalon.core.webui.keyword.WebUiBuiltInKeywords.getAttribute(com.kms.katalon.core.testobject.ObjectRepository.findTestObject(Emergency/Page_Store/input_txttotal), "value"): Attribute 'value' of object 'Object Repository/Emergency/Page_Store/input_txttotal' is: '10'

2018-05-17 12:07:53 - [MESSAGE][PASSED] - Attribute 'value' of object 'Object Repository/Emergency/Page_Store/input_txttotal' is: '10'

2018-05-17 12:07:53 - [TEST_STEP][PASSED] - Statement - out.println("Requested QTY : " + RequestedQty): null

2018-05-17 12:07:53 - [TEST_STEP][PASSED] - Statement - BatchNumber = com.kms.katalon.core.webui.keyword.WebUiBuiltInKeywords.getNumberOfTotalOption(com.kms.katalon.core.testobject.ObjectRepository.findTestObject(Emergency/Page_Store/select_--Select--BA1150BA4110)): 3 options of object 'Object Repository/Emergency/Page_Store/select_--Select--BA1150BA4110' counted

2018-05-17 12:07:53 - [MESSAGE][PASSED] - 3 options of object 'Object Repository/Emergency/Page_Store/select_--Select--BA1150BA4110' counted

2018-05-17 12:07:53 - [TEST_STEP][PASSED] - Statement - For ([g = 1, g <= BatchNumber - 1, (g++)]): null

2018-05-17 12:07:53 - [TEST_STEP][PASSED] - selectOptionByIndex: All options with index in [1] are selected on object 'Object Repository/Emergency/Page_Store/select_--Select--BA1150BA4110'

2018-05-17 12:07:53 - [MESSAGE][PASSED] - All options with index in [1] are selected on object 'Object Repository/Emergency/Page_Store/select_--Select--BA1150BA4110'

2018-05-17 12:07:53 - [TEST_STEP][PASSED] - delay: Delayed 2 second(s)

2018-05-17 12:07:55 - [MESSAGE][PASSED] - Delayed 2 second(s)

2018-05-17 12:07:55 - [TEST_STEP][PASSED] - Statement - Try: null

2018-05-17 12:07:55 - [TEST_STEP][PASSED] - Statement - StockQty = com.kms.katalon.core.webui.keyword.WebUiBuiltInKeywords.getAttribute(com.kms.katalon.core.testobject.ObjectRepository.findTestObject(Emergency/Page_Store/input_txtprice), "value"): Attribute 'value' of object 'Object Repository/Emergency/Page_Store/input_txtprice' is: '100'

2018-05-17 12:07:55 - [MESSAGE][PASSED] - Attribute 'value' of object 'Object Repository/Emergency/Page_Store/input_txtprice' is: '100'

2018-05-17 12:07:55 - [TEST_STEP][PASSED] - Statement - out.println("Stock QTY : " + StockQty): null

2018-05-17 12:07:55 - [TEST_STEP][PASSED] - delay: Delayed 2 second(s)

2018-05-17 12:07:57 - [MESSAGE][PASSED] - Delayed 2 second(s)

2018-05-17 12:07:57 - [TEST_STEP][PASSED] - Statement - If (java.lang.Integer.valueOf(StockQty) >= java.lang.Integer.valueOf(RequestedQty)): null

2018-05-17 12:07:57 - [TEST_STEP][PASSED] - delay: Delayed 1 second(s)

2018-05-17 12:07:58 - [MESSAGE][PASSED] - Delayed 1 second(s)

2018-05-17 12:07:58 - [TEST_STEP][PASSED] - setText: Text '10' is set on object 'Object Repository/Emergency/Page_Store/input_txtqty'

2018-05-17 12:07:58 - [MESSAGE][PASSED] - Text '10' is set on object 'Object Repository/Emergency/Page_Store/input_txtqty'

2018-05-17 12:07:58 - [TEST_STEP][PASSED] - click: Object: 'Object Repository/Emergency/Page_Store/button_Add' is clicked on

2018-05-17 12:07:58 - [MESSAGE][PASSED] - Object: 'Object Repository/Emergency/Page_Store/button_Add' is clicked on

2018-05-17 12:07:58 - [TEST_STEP][PASSED] - Statement - Break: null

2018-05-17 12:07:58 - [TEST_STEP][PASSED] - selectOptionByIndex: All options with index in [2] are selected on object 'Object Repository/Emergency/Page_Store/select_--Select--Amikacin -500'

2018-05-17 12:07:58 - [MESSAGE][PASSED] - All options with index in [2] are selected on object 'Object Repository/Emergency/Page_Store/select_--Select--Amikacin -500'

2018-05-17 12:07:58 - [TEST_STEP][PASSED] - delay: Delayed 2 second(s)

2018-05-17 12:08:00 - [MESSAGE][PASSED] - Delayed 2 second(s)

2018-05-17 12:08:00 - [TEST_STEP][PASSED] - Statement - RequestedQty = com.kms.katalon.core.webui.keyword.WebUiBuiltInKeywords.getAttribute(com.kms.katalon.core.testobject.ObjectRepository.findTestObject(Emergency/Page_Store/input_txttotal), "value"): Attribute 'value' of object 'Object Repository/Emergency/Page_Store/input_txttotal' is: '10'

2018-05-17 12:08:00 - [MESSAGE][PASSED] - Attribute 'value' of object 'Object Repository/Emergency/Page_Store/input_txttotal' is: '10'

2018-05-17 12:08:00 - [TEST_STEP][PASSED] - Statement - out.println("Requested QTY : " + RequestedQty): null

2018-05-17 12:08:00 - [TEST_STEP][PASSED] - Statement - BatchNumber = com.kms.katalon.core.webui.keyword.WebUiBuiltInKeywords.getNumberOfTotalOption(com.kms.katalon.core.testobject.ObjectRepository.findTestObject(Emergency/Page_Store/select_--Select--BA1150BA4110)): 3 options of object 'Object Repository/Emergency/Page_Store/select_--Select--BA1150BA4110' counted

2018-05-17 12:08:00 - [MESSAGE][PASSED] - 3 options of object 'Object Repository/Emergency/Page_Store/select_--Select--BA1150BA4110' counted

2018-05-17 12:08:00 - [TEST_STEP][PASSED] - Statement - For ([g = 1, g <= BatchNumber - 1, (g++)]): null

2018-05-17 12:08:00 - [TEST_STEP][PASSED] - selectOptionByIndex: All options with index in [1] are selected on object 'Object Repository/Emergency/Page_Store/select_--Select--BA1150BA4110'

2018-05-17 12:08:00 - [MESSAGE][PASSED] - All options with index in [1] are selected on object 'Object Repository/Emergency/Page_Store/select_--Select--BA1150BA4110'

2018-05-17 12:08:00 - [TEST_STEP][PASSED] - delay: Delayed 2 second(s)

2018-05-17 12:08:02 - [MESSAGE][PASSED] - Delayed 2 second(s)

2018-05-17 12:08:02 - [TEST_STEP][PASSED] - Statement - Try: null

2018-05-17 12:08:02 - [TEST_STEP][PASSED] - Statement - StockQty = com.kms.katalon.core.webui.keyword.WebUiBuiltInKeywords.getAttribute(com.kms.katalon.core.testobject.ObjectRepository.findTestObject(Emergency/Page_Store/input_txtprice), "value"): Attribute 'value' of object 'Object Repository/Emergency/Page_Store/input_txtprice' is: '100'

2018-05-17 12:08:03 - [MESSAGE][PASSED] - Attribute 'value' of object 'Object Repository/Emergency/Page_Store/input_txtprice' is: '100'

2018-05-17 12:08:03 - [TEST_STEP][PASSED] - Statement - out.println("Stock QTY : " + StockQty): null

2018-05-17 12:08:03 - [TEST_STEP][PASSED] - delay: Delayed 2 second(s)

2018-05-17 12:08:05 - [MESSAGE][PASSED] - Delayed 2 second(s)

2018-05-17 12:08:05 - [TEST_STEP][PASSED] - Statement - If (java.lang.Integer.valueOf(StockQty) >= java.lang.Integer.valueOf(RequestedQty)): null

2018-05-17 12:08:05 - [TEST_STEP][PASSED] - delay: Delayed 1 second(s)

2018-05-17 12:08:06 - [MESSAGE][PASSED] - Delayed 1 second(s)

2018-05-17 12:08:06 - [TEST_STEP][PASSED] - setText: Text '10' is set on object 'Object Repository/Emergency/Page_Store/input_txtqty'

2018-05-17 12:08:06 - [MESSAGE][PASSED] - Text '10' is set on object 'Object Repository/Emergency/Page_Store/input_txtqty'

2018-05-17 12:08:06 - [TEST_STEP][PASSED] - click: Object: 'Object Repository/Emergency/Page_Store/button_Add' is clicked on

2018-05-17 12:08:06 - [MESSAGE][PASSED] - Object: 'Object Repository/Emergency/Page_Store/button_Add' is clicked on

2018-05-17 12:08:06 - [TEST_STEP][PASSED] - Statement - Break: null

2018-05-17 12:08:06 - [TEST_STEP][PASSED] - selectOptionByIndex: All options with index in [3] are selected on object 'Object Repository/Emergency/Page_Store/select_--Select--Amikacin -500'

2018-05-17 12:08:06 - [MESSAGE][PASSED] - All options with index in [3] are selected on object 'Object Repository/Emergency/Page_Store/select_--Select--Amikacin -500'

2018-05-17 12:08:06 - [TEST_STEP][PASSED] - delay: Delayed 2 second(s)

2018-05-17 12:08:08 - [MESSAGE][PASSED] - Delayed 2 second(s)

2018-05-17 12:08:08 - [TEST_STEP][PASSED] - Statement - RequestedQty = com.kms.katalon.core.webui.keyword.WebUiBuiltInKeywords.getAttribute(com.kms.katalon.core.testobject.ObjectRepository.findTestObject(Emergency/Page_Store/input_txttotal), "value"): Attribute 'value' of object 'Object Repository/Emergency/Page_Store/input_txttotal' is: '10'

2018-05-17 12:08:08 - [MESSAGE][PASSED] - Attribute 'value' of object 'Object Repository/Emergency/Page_Store/input_txttotal' is: '10'

2018-05-17 12:08:08 - [TEST_STEP][PASSED] - Statement - out.println("Requested QTY : " + RequestedQty): null

2018-05-17 12:08:08 - [TEST_STEP][PASSED] - Statement - BatchNumber = com.kms.katalon.core.webui.keyword.WebUiBuiltInKeywords.getNumberOfTotalOption(com.kms.katalon.core.testobject.ObjectRepository.findTestObject(Emergency/Page_Store/select_--Select--BA1150BA4110)): 2 options of object 'Object Repository/Emergency/Page_Store/select_--Select--BA1150BA4110' counted

2018-05-17 12:08:08 - [MESSAGE][PASSED] - 2 options of object 'Object Repository/Emergency/Page_Store/select_--Select--BA1150BA4110' counted

2018-05-17 12:08:08 - [TEST_STEP][PASSED] - Statement - For ([g = 1, g <= BatchNumber - 1, (g++)]): null

2018-05-17 12:08:08 - [TEST_STEP][PASSED] - selectOptionByIndex: All options with index in [1] are selected on object 'Object Repository/Emergency/Page_Store/select_--Select--BA1150BA4110'

2018-05-17 12:08:08 - [MESSAGE][PASSED] - All options with index in [1] are selected on object 'Object Repository/Emergency/Page_Store/select_--Select--BA1150BA4110'

2018-05-17 12:08:08 - [TEST_STEP][PASSED] - delay: Delayed 2 second(s)

2018-05-17 12:08:10 - [MESSAGE][PASSED] - Delayed 2 second(s)

2018-05-17 12:08:10 - [TEST_STEP][PASSED] - Statement - Try: null

2018-05-17 12:08:10 - [TEST_STEP][PASSED] - Statement - StockQty = com.kms.katalon.core.webui.keyword.WebUiBuiltInKeywords.getAttribute(com.kms.katalon.core.testobject.ObjectRepository.findTestObject(Emergency/Page_Store/input_txtprice), "value"): Attribute 'value' of object 'Object Repository/Emergency/Page_Store/input_txtprice' is: '1300'

2018-05-17 12:08:10 - [MESSAGE][PASSED] - Attribute 'value' of object 'Object Repository/Emergency/Page_Store/input_txtprice' is: '1300'

2018-05-17 12:08:10 - [TEST_STEP][PASSED] - Statement - out.println("Stock QTY : " + StockQty): null

2018-05-17 12:08:10 - [TEST_STEP][PASSED] - delay: Delayed 2 second(s)

2018-05-17 12:08:12 - [MESSAGE][PASSED] - Delayed 2 second(s)

2018-05-17 12:08:12 - [TEST_STEP][PASSED] - Statement - If (java.lang.Integer.valueOf(StockQty) >= java.lang.Integer.valueOf(RequestedQty)): null

2018-05-17 12:08:12 - [TEST_STEP][PASSED] - delay: Delayed 1 second(s)

2018-05-17 12:08:13 - [MESSAGE][PASSED] - Delayed 1 second(s)

2018-05-17 12:08:13 - [TEST_STEP][PASSED] - setText: Text '10' is set on object 'Object Repository/Emergency/Page_Store/input_txtqty'

2018-05-17 12:08:13 - [MESSAGE][PASSED] - Text '10' is set on object 'Object Repository/Emergency/Page_Store/input_txtqty'

2018-05-17 12:08:13 - [TEST_STEP][PASSED] - click: Object: 'Object Repository/Emergency/Page_Store/button_Add' is clicked on

2018-05-17 12:08:13 - [MESSAGE][PASSED] - Object: 'Object Repository/Emergency/Page_Store/button_Add' is clicked on

2018-05-17 12:08:13 - [TEST_STEP][PASSED] - Statement - Break: null

2018-05-17 12:08:13 - [TEST_STEP][PASSED] - selectOptionByIndex: All options with index in [4] are selected on object 'Object Repository/Emergency/Page_Store/select_--Select--Amikacin -500'

2018-05-17 12:08:13 - [MESSAGE][PASSED] - All options with index in [4] are selected on object 'Object Repository/Emergency/Page_Store/select_--Select--Amikacin -500'

2018-05-17 12:08:13 - [TEST_STEP][PASSED] - delay: Delayed 2 second(s)

2018-05-17 12:08:15 - [MESSAGE][PASSED] - Delayed 2 second(s)

2018-05-17 12:08:15 - [TEST_STEP][PASSED] - Statement - RequestedQty = com.kms.katalon.core.webui.keyword.WebUiBuiltInKeywords.getAttribute(com.kms.katalon.core.testobject.ObjectRepository.findTestObject(Emergency/Page_Store/input_txttotal), "value"): Attribute 'value' of object 'Object Repository/Emergency/Page_Store/input_txttotal' is: '10'

2018-05-17 12:08:15 - [MESSAGE][PASSED] - Attribute 'value' of object 'Object Repository/Emergency/Page_Store/input_txttotal' is: '10'

2018-05-17 12:08:15 - [TEST_STEP][PASSED] - Statement - out.println("Requested QTY : " + RequestedQty): null

2018-05-17 12:08:15 - [TEST_STEP][PASSED] - Statement - BatchNumber = com.kms.katalon.core.webui.keyword.WebUiBuiltInKeywords.getNumberOfTotalOption(com.kms.katalon.core.testobject.ObjectRepository.findTestObject(Emergency/Page_Store/select_--Select--BA1150BA4110)): 2 options of object 'Object Repository/Emergency/Page_Store/select_--Select--BA1150BA4110' counted

2018-05-17 12:08:15 - [MESSAGE][PASSED] - 2 options of object 'Object Repository/Emergency/Page_Store/select_--Select--BA1150BA4110' counted

2018-05-17 12:08:15 - [TEST_STEP][PASSED] - Statement - For ([g = 1, g <= BatchNumber - 1, (g++)]): null

2018-05-17 12:08:15 - [TEST_STEP][PASSED] - selectOptionByIndex: All options with index in [1] are selected on object 'Object Repository/Emergency/Page_Store/select_--Select--BA1150BA4110'

2018-05-17 12:08:16 - [MESSAGE][PASSED] - All options with index in [1] are selected on object 'Object Repository/Emergency/Page_Store/select_--Select--BA1150BA4110'

2018-05-17 12:08:16 - [TEST_STEP][PASSED] - delay: Delayed 2 second(s)

2018-05-17 12:08:18 - [MESSAGE][PASSED] - Delayed 2 second(s)

2018-05-17 12:08:18 - [TEST_STEP][PASSED] - Statement - Try: null

2018-05-17 12:08:18 - [TEST_STEP][PASSED] - Statement - StockQty = com.kms.katalon.core.webui.keyword.WebUiBuiltInKeywords.getAttribute(com.kms.katalon.core.testobject.ObjectRepository.findTestObject(Emergency/Page_Store/input_txtprice), "value"): Attribute 'value' of object 'Object Repository/Emergency/Page_Store/input_txtprice' is: '1300'

2018-05-17 12:08:18 - [MESSAGE][PASSED] - Attribute 'value' of object 'Object Repository/Emergency/Page_Store/input_txtprice' is: '1300'

2018-05-17 12:08:18 - [TEST_STEP][PASSED] - Statement - out.println("Stock QTY : " + StockQty): null

2018-05-17 12:08:18 - [TEST_STEP][PASSED] - delay: Delayed 2 second(s)

2018-05-17 12:08:20 - [MESSAGE][PASSED] - Delayed 2 second(s)

2018-05-17 12:08:20 - [TEST_STEP][PASSED] - Statement - If (java.lang.Integer.valueOf(StockQty) >= java.lang.Integer.valueOf(RequestedQty)): null

2018-05-17 12:08:20 - [TEST_STEP][PASSED] - delay: Delayed 1 second(s)

2018-05-17 12:08:21 - [MESSAGE][PASSED] - Delayed 1 second(s)

2018-05-17 12:08:21 - [TEST_STEP][PASSED] - setText: Text '10' is set on object 'Object Repository/Emergency/Page_Store/input_txtqty'

2018-05-17 12:08:21 - [MESSAGE][PASSED] - Text '10' is set on object 'Object Repository/Emergency/Page_Store/input_txtqty'

2018-05-17 12:08:21 - [TEST_STEP][PASSED] - click: Object: 'Object Repository/Emergency/Page_Store/button_Add' is clicked on

2018-05-17 12:08:21 - [MESSAGE][PASSED] - Object: 'Object Repository/Emergency/Page_Store/button_Add' is clicked on

2018-05-17 12:08:21 - [TEST_STEP][PASSED] - Statement - Break: null

2018-05-17 12:08:21 - [TEST_STEP][PASSED] - selectOptionByIndex: All options with index in [5] are selected on object 'Object Repository/Emergency/Page_Store/select_--Select--Amikacin -500'

2018-05-17 12:08:21 - [MESSAGE][PASSED] - All options with index in [5] are selected on object 'Object Repository/Emergency/Page_Store/select_--Select--Amikacin -500'

2018-05-17 12:08:21 - [TEST_STEP][PASSED] - delay: Delayed 2 second(s)

2018-05-17 12:08:23 - [MESSAGE][PASSED] - Delayed 2 second(s)

2018-05-17 12:08:23 - [TEST_STEP][PASSED] - Statement - RequestedQty = com.kms.katalon.core.webui.keyword.WebUiBuiltInKeywords.getAttribute(com.kms.katalon.core.testobject.ObjectRepository.findTestObject(Emergency/Page_Store/input_txttotal), "value"): Attribute 'value' of object 'Object Repository/Emergency/Page_Store/input_txttotal' is: '10'

2018-05-17 12:08:23 - [MESSAGE][PASSED] - Attribute 'value' of object 'Object Repository/Emergency/Page_Store/input_txttotal' is: '10'

2018-05-17 12:08:23 - [TEST_STEP][PASSED] - Statement - out.println("Requested QTY : " + RequestedQty): null

2018-05-17 12:08:23 - [TEST_STEP][PASSED] - Statement - BatchNumber = com.kms.katalon.core.webui.keyword.WebUiBuiltInKeywords.getNumberOfTotalOption(com.kms.katalon.core.testobject.ObjectRepository.findTestObject(Emergency/Page_Store/select_--Select--BA1150BA4110)): 2 options of object 'Object Repository/Emergency/Page_Store/select_--Select--BA1150BA4110' counted

2018-05-17 12:08:23 - [MESSAGE][PASSED] - 2 options of object 'Object Repository/Emergency/Page_Store/select_--Select--BA1150BA4110' counted

2018-05-17 12:08:23 - [TEST_STEP][PASSED] - Statement - For ([g = 1, g <= BatchNumber - 1, (g++)]): null

2018-05-17 12:08:23 - [TEST_STEP][PASSED] - selectOptionByIndex: All options with index in [1] are selected on object 'Object Repository/Emergency/Page_Store/select_--Select--BA1150BA4110'

2018-05-17 12:08:23 - [MESSAGE][PASSED] - All options with index in [1] are selected on object 'Object Repository/Emergency/Page_Store/select_--Select--BA1150BA4110'

2018-05-17 12:08:23 - [TEST_STEP][PASSED] - delay: Delayed 2 second(s)

2018-05-17 12:08:25 - [MESSAGE][PASSED] - Delayed 2 second(s)

2018-05-17 12:08:25 - [TEST_STEP][PASSED] - Statement - Try: null

2018-05-17 12:08:25 - [TEST_STEP][PASSED] - Statement - StockQty = com.kms.katalon.core.webui.keyword.WebUiBuiltInKeywords.getAttribute(com.kms.katalon.core.testobject.ObjectRepository.findTestObject(Emergency/Page_Store/input_txtprice), "value"): Attribute 'value' of object 'Object Repository/Emergency/Page_Store/input_txtprice' is: '100'

2018-05-17 12:08:25 - [MESSAGE][PASSED] - Attribute 'value' of object 'Object Repository/Emergency/Page_Store/input_txtprice' is: '100'

2018-05-17 12:08:25 - [TEST_STEP][PASSED] - Statement - out.println("Stock QTY : " + StockQty): null

2018-05-17 12:08:25 - [TEST_STEP][PASSED] - delay: Delayed 2 second(s)

2018-05-17 12:08:27 - [MESSAGE][PASSED] - Delayed 2 second(s)

2018-05-17 12:08:27 - [TEST_STEP][PASSED] - Statement - If (java.lang.Integer.valueOf(StockQty) >= java.lang.Integer.valueOf(RequestedQty)): null

2018-05-17 12:08:27 - [TEST_STEP][PASSED] - delay: Delayed 1 second(s)

2018-05-17 12:08:28 - [MESSAGE][PASSED] - Delayed 1 second(s)

2018-05-17 12:08:28 - [TEST_STEP][PASSED] - setText: Text '10' is set on object 'Object Repository/Emergency/Page_Store/input_txtqty'

2018-05-17 12:08:28 - [MESSAGE][PASSED] - Text '10' is set on object 'Object Repository/Emergency/Page_Store/input_txtqty'

2018-05-17 12:08:28 - [TEST_STEP][PASSED] - click: Object: 'Object Repository/Emergency/Page_Store/button_Add' is clicked on

2018-05-17 12:08:28 - [MESSAGE][PASSED] - Object: 'Object Repository/Emergency/Page_Store/button_Add' is clicked on

2018-05-17 12:08:28 - [TEST_STEP][PASSED] - Statement - Break: null

2018-05-17 12:08:28 - [TEST_STEP][PASSED] - selectOptionByIndex: All options with index in [6] are selected on object 'Object Repository/Emergency/Page_Store/select_--Select--Amikacin -500'

2018-05-17 12:08:29 - [MESSAGE][PASSED] - All options with index in [6] are selected on object 'Object Repository/Emergency/Page_Store/select_--Select--Amikacin -500'

2018-05-17 12:08:29 - [TEST_STEP][PASSED] - delay: Delayed 2 second(s)

2018-05-17 12:08:31 - [MESSAGE][PASSED] - Delayed 2 second(s)

2018-05-17 12:08:31 - [TEST_STEP][PASSED] - Statement - RequestedQty = com.kms.katalon.core.webui.keyword.WebUiBuiltInKeywords.getAttribute(com.kms.katalon.core.testobject.ObjectRepository.findTestObject(Emergency/Page_Store/input_txttotal), "value"): Attribute 'value' of object 'Object Repository/Emergency/Page_Store/input_txttotal' is: '10'

2018-05-17 12:08:31 - [MESSAGE][PASSED] - Attribute 'value' of object 'Object Repository/Emergency/Page_Store/input_txttotal' is: '10'

2018-05-17 12:08:31 - [TEST_STEP][PASSED] - Statement - out.println("Requested QTY : " + RequestedQty): null

2018-05-17 12:08:31 - [TEST_STEP][PASSED] - Statement - BatchNumber = com.kms.katalon.core.webui.keyword.WebUiBuiltInKeywords.getNumberOfTotalOption(com.kms.katalon.core.testobject.ObjectRepository.findTestObject(Emergency/Page_Store/select_--Select--BA1150BA4110)): 2 options of object 'Object Repository/Emergency/Page_Store/select_--Select--BA1150BA4110' counted

2018-05-17 12:08:31 - [MESSAGE][PASSED] - 2 options of object 'Object Repository/Emergency/Page_Store/select_--Select--BA1150BA4110' counted

2018-05-17 12:08:31 - [TEST_STEP][PASSED] - Statement - For ([g = 1, g <= BatchNumber - 1, (g++)]): null

2018-05-17 12:08:31 - [TEST_STEP][PASSED] - selectOptionByIndex: All options with index in [1] are selected on object 'Object Repository/Emergency/Page_Store/select_--Select--BA1150BA4110'

2018-05-17 12:08:31 - [MESSAGE][PASSED] - All options with index in [1] are selected on object 'Object Repository/Emergency/Page_Store/select_--Select--BA1150BA4110'

2018-05-17 12:08:31 - [TEST_STEP][PASSED] - delay: Delayed 2 second(s)

2018-05-17 12:08:33 - [MESSAGE][PASSED] - Delayed 2 second(s)

2018-05-17 12:08:33 - [TEST_STEP][PASSED] - Statement - Try: null

2018-05-17 12:08:33 - [TEST_STEP][PASSED] - Statement - StockQty = com.kms.katalon.core.webui.keyword.WebUiBuiltInKeywords.getAttribute(com.kms.katalon.core.testobject.ObjectRepository.findTestObject(Emergency/Page_Store/input_txtprice), "value"): Attribute 'value' of object 'Object Repository/Emergency/Page_Store/input_txtprice' is: '100'

2018-05-17 12:08:33 - [MESSAGE][PASSED] - Attribute 'value' of object 'Object Repository/Emergency/Page_Store/input_txtprice' is: '100'

2018-05-17 12:08:33 - [TEST_STEP][PASSED] - Statement - out.println("Stock QTY : " + StockQty): null

2018-05-17 12:08:33 - [TEST_STEP][PASSED] - delay: Delayed 2 second(s)

2018-05-17 12:08:35 - [MESSAGE][PASSED] - Delayed 2 second(s)

2018-05-17 12:08:35 - [TEST_STEP][PASSED] - Statement - If (java.lang.Integer.valueOf(StockQty) >= java.lang.Integer.valueOf(RequestedQty)): null

2018-05-17 12:08:35 - [TEST_STEP][PASSED] - delay: Delayed 1 second(s)

2018-05-17 12:08:36 - [MESSAGE][PASSED] - Delayed 1 second(s)

2018-05-17 12:08:36 - [TEST_STEP][PASSED] - setText: Text '10' is set on object 'Object Repository/Emergency/Page_Store/input_txtqty'

2018-05-17 12:08:36 - [MESSAGE][PASSED] - Text '10' is set on object 'Object Repository/Emergency/Page_Store/input_txtqty'

2018-05-17 12:08:36 - [TEST_STEP][PASSED] - click: Object: 'Object Repository/Emergency/Page_Store/button_Add' is clicked on

2018-05-17 12:08:36 - [MESSAGE][PASSED] - Object: 'Object Repository/Emergency/Page_Store/button_Add' is clicked on

2018-05-17 12:08:36 - [TEST_STEP][PASSED] - Statement - Break: null

2018-05-17 12:08:36 - [TEST_STEP][PASSED] - selectOptionByIndex: All options with index in [7] are selected on object 'Object Repository/Emergency/Page_Store/select_--Select--Amikacin -500'

2018-05-17 12:08:36 - [MESSAGE][PASSED] - All options with index in [7] are selected on object 'Object Repository/Emergency/Page_Store/select_--Select--Amikacin -500'

2018-05-17 12:08:36 - [TEST_STEP][PASSED] - delay: Delayed 2 second(s)

2018-05-17 12:08:38 - [MESSAGE][PASSED] - Delayed 2 second(s)

2018-05-17 12:08:38 - [TEST_STEP][PASSED] - Statement - RequestedQty = com.kms.katalon.core.webui.keyword.WebUiBuiltInKeywords.getAttribute(com.kms.katalon.core.testobject.ObjectRepository.findTestObject(Emergency/Page_Store/input_txttotal), "value"): Attribute 'value' of object 'Object Repository/Emergency/Page_Store/input_txttotal' is: '10'

2018-05-17 12:08:38 - [MESSAGE][PASSED] - Attribute 'value' of object 'Object Repository/Emergency/Page_Store/input_txttotal' is: '10'

2018-05-17 12:08:38 - [TEST_STEP][PASSED] - Statement - out.println("Requested QTY : " + RequestedQty): null

2018-05-17 12:08:38 - [TEST_STEP][PASSED] - Statement - BatchNumber = com.kms.katalon.core.webui.keyword.WebUiBuiltInKeywords.getNumberOfTotalOption(com.kms.katalon.core.testobject.ObjectRepository.findTestObject(Emergency/Page_Store/select_--Select--BA1150BA4110)): 2 options of object 'Object Repository/Emergency/Page_Store/select_--Select--BA1150BA4110' counted

2018-05-17 12:08:38 - [MESSAGE][PASSED] - 2 options of object 'Object Repository/Emergency/Page_Store/select_--Select--BA1150BA4110' counted

2018-05-17 12:08:38 - [TEST_STEP][PASSED] - Statement - For ([g = 1, g <= BatchNumber - 1, (g++)]): null

2018-05-17 12:08:38 - [TEST_STEP][PASSED] - selectOptionByIndex: All options with index in [1] are selected on object 'Object Repository/Emergency/Page_Store/select_--Select--BA1150BA4110'

2018-05-17 12:08:38 - [MESSAGE][PASSED] - All options with index in [1] are selected on object 'Object Repository/Emergency/Page_Store/select_--Select--BA1150BA4110'

2018-05-17 12:08:38 - [TEST_STEP][PASSED] - delay: Delayed 2 second(s)

2018-05-17 12:08:40 - [MESSAGE][PASSED] - Delayed 2 second(s)

2018-05-17 12:08:40 - [TEST_STEP][PASSED] - Statement - Try: null

2018-05-17 12:08:40 - [TEST_STEP][PASSED] - Statement - StockQty = com.kms.katalon.core.webui.keyword.WebUiBuiltInKeywords.getAttribute(com.kms.katalon.core.testobject.ObjectRepository.findTestObject(Emergency/Page_Store/input_txtprice), "value"): Attribute 'value' of object 'Object Repository/Emergency/Page_Store/input_txtprice' is: '100'

2018-05-17 12:08:40 - [MESSAGE][PASSED] - Attribute 'value' of object 'Object Repository/Emergency/Page_Store/input_txtprice' is: '100'

2018-05-17 12:08:40 - [TEST_STEP][PASSED] - Statement - out.println("Stock QTY : " + StockQty): null

2018-05-17 12:08:40 - [TEST_STEP][PASSED] - delay: Delayed 2 second(s)

2018-05-17 12:08:42 - [MESSAGE][PASSED] - Delayed 2 second(s)

2018-05-17 12:08:42 - [TEST_STEP][PASSED] - Statement - If (java.lang.Integer.valueOf(StockQty) >= java.lang.Integer.valueOf(RequestedQty)): null

2018-05-17 12:08:42 - [TEST_STEP][PASSED] - delay: Delayed 1 second(s)

2018-05-17 12:08:43 - [MESSAGE][PASSED] - Delayed 1 second(s)

2018-05-17 12:08:43 - [TEST_STEP][PASSED] - setText: Text '10' is set on object 'Object Repository/Emergency/Page_Store/input_txtqty'

2018-05-17 12:08:43 - [MESSAGE][PASSED] - Text '10' is set on object 'Object Repository/Emergency/Page_Store/input_txtqty'

2018-05-17 12:08:43 - [TEST_STEP][PASSED] - click: Object: 'Object Repository/Emergency/Page_Store/button_Add' is clicked on

2018-05-17 12:08:43 - [MESSAGE][PASSED] - Object: 'Object Repository/Emergency/Page_Store/button_Add' is clicked on

2018-05-17 12:08:43 - [TEST_STEP][PASSED] - Statement - Break: null

2018-05-17 12:08:43 - [TEST_STEP][PASSED] - selectOptionByIndex: All options with index in [8] are selected on object 'Object Repository/Emergency/Page_Store/select_--Select--Amikacin -500'

2018-05-17 12:08:44 - [MESSAGE][PASSED] - All options with index in [8] are selected on object 'Object Repository/Emergency/Page_Store/select_--Select--Amikacin -500'

2018-05-17 12:08:44 - [TEST_STEP][PASSED] - delay: Delayed 2 second(s)

2018-05-17 12:08:46 - [MESSAGE][PASSED] - Delayed 2 second(s)

2018-05-17 12:08:46 - [TEST_STEP][PASSED] - Statement - RequestedQty = com.kms.katalon.core.webui.keyword.WebUiBuiltInKeywords.getAttribute(com.kms.katalon.core.testobject.ObjectRepository.findTestObject(Emergency/Page_Store/input_txttotal), "value"): Attribute 'value' of object 'Object Repository/Emergency/Page_Store/input_txttotal' is: '10'

2018-05-17 12:08:46 - [MESSAGE][PASSED] - Attribute 'value' of object 'Object Repository/Emergency/Page_Store/input_txttotal' is: '10'

2018-05-17 12:08:46 - [TEST_STEP][PASSED] - Statement - out.println("Requested QTY : " + RequestedQty): null

2018-05-17 12:08:46 - [TEST_STEP][PASSED] - Statement - BatchNumber = com.kms.katalon.core.webui.keyword.WebUiBuiltInKeywords.getNumberOfTotalOption(com.kms.katalon.core.testobject.ObjectRepository.findTestObject(Emergency/Page_Store/select_--Select--BA1150BA4110)): 2 options of object 'Object Repository/Emergency/Page_Store/select_--Select--BA1150BA4110' counted

2018-05-17 12:08:46 - [MESSAGE][PASSED] - 2 options of object 'Object Repository/Emergency/Page_Store/select_--Select--BA1150BA4110' counted

2018-05-17 12:08:46 - [TEST_STEP][PASSED] - Statement - For ([g = 1, g <= BatchNumber - 1, (g++)]): null

2018-05-17 12:08:46 - [TEST_STEP][PASSED] - selectOptionByIndex: All options with index in [1] are selected on object 'Object Repository/Emergency/Page_Store/select_--Select--BA1150BA4110'

2018-05-17 12:08:46 - [MESSAGE][PASSED] - All options with index in [1] are selected on object 'Object Repository/Emergency/Page_Store/select_--Select--BA1150BA4110'

2018-05-17 12:08:46 - [TEST_STEP][PASSED] - delay: Delayed 2 second(s)

2018-05-17 12:08:48 - [MESSAGE][PASSED] - Delayed 2 second(s)

2018-05-17 12:08:48 - [TEST_STEP][PASSED] - Statement - Try: null

2018-05-17 12:08:48 - [TEST_STEP][PASSED] - Statement - StockQty = com.kms.katalon.core.webui.keyword.WebUiBuiltInKeywords.getAttribute(com.kms.katalon.core.testobject.ObjectRepository.findTestObject(Emergency/Page_Store/input_txtprice), "value"): Attribute 'value' of object 'Object Repository/Emergency/Page_Store/input_txtprice' is: '100'

2018-05-17 12:08:48 - [MESSAGE][PASSED] - Attribute 'value' of object 'Object Repository/Emergency/Page_Store/input_txtprice' is: '100'

2018-05-17 12:08:48 - [TEST_STEP][PASSED] - Statement - out.println("Stock QTY : " + StockQty): null

2018-05-17 12:08:48 - [TEST_STEP][PASSED] - delay: Delayed 2 second(s)

2018-05-17 12:08:50 - [MESSAGE][PASSED] - Delayed 2 second(s)

2018-05-17 12:08:50 - [TEST_STEP][PASSED] - Statement - If (java.lang.Integer.valueOf(StockQty) >= java.lang.Integer.valueOf(RequestedQty)): null

2018-05-17 12:08:50 - [TEST_STEP][PASSED] - delay: Delayed 1 second(s)

2018-05-17 12:08:51 - [MESSAGE][PASSED] - Delayed 1 second(s)

2018-05-17 12:08:51 - [TEST_STEP][PASSED] - setText: Text '10' is set on object 'Object Repository/Emergency/Page_Store/input_txtqty'

2018-05-17 12:08:51 - [MESSAGE][PASSED] - Text '10' is set on object 'Object Repository/Emergency/Page_Store/input_txtqty'

2018-05-17 12:08:51 - [TEST_STEP][PASSED] - click: Object: 'Object Repository/Emergency/Page_Store/button_Add' is clicked on

2018-05-17 12:08:51 - [MESSAGE][PASSED] - Object: 'Object Repository/Emergency/Page_Store/button_Add' is clicked on

2018-05-17 12:08:51 - [TEST_STEP][PASSED] - Statement - Break: null

2018-05-17 12:08:51 - [TEST_STEP][PASSED] - selectOptionByIndex: All options with index in [9] are selected on object 'Object Repository/Emergency/Page_Store/select_--Select--Amikacin -500'

2018-05-17 12:08:51 - [MESSAGE][PASSED] - All options with index in [9] are selected on object 'Object Repository/Emergency/Page_Store/select_--Select--Amikacin -500'

2018-05-17 12:08:51 - [TEST_STEP][PASSED] - delay: Delayed 2 second(s)

2018-05-17 12:08:53 - [MESSAGE][PASSED] - Delayed 2 second(s)

2018-05-17 12:08:53 - [TEST_STEP][PASSED] - Statement - RequestedQty = com.kms.katalon.core.webui.keyword.WebUiBuiltInKeywords.getAttribute(com.kms.katalon.core.testobject.ObjectRepository.findTestObject(Emergency/Page_Store/input_txttotal), "value"): Attribute 'value' of object 'Object Repository/Emergency/Page_Store/input_txttotal' is: '10'

2018-05-17 12:08:53 - [MESSAGE][PASSED] - Attribute 'value' of object 'Object Repository/Emergency/Page_Store/input_txttotal' is: '10'

2018-05-17 12:08:53 - [TEST_STEP][PASSED] - Statement - out.println("Requested QTY : " + RequestedQty): null

2018-05-17 12:08:53 - [TEST_STEP][PASSED] - Statement - BatchNumber = com.kms.katalon.core.webui.keyword.WebUiBuiltInKeywords.getNumberOfTotalOption(com.kms.katalon.core.testobject.ObjectRepository.findTestObject(Emergency/Page_Store/select_--Select--BA1150BA4110)): 2 options of object 'Object Repository/Emergency/Page_Store/select_--Select--BA1150BA4110' counted

2018-05-17 12:08:53 - [MESSAGE][PASSED] - 2 options of object 'Object Repository/Emergency/Page_Store/select_--Select--BA1150BA4110' counted

2018-05-17 12:08:53 - [TEST_STEP][PASSED] - Statement - For ([g = 1, g <= BatchNumber - 1, (g++)]): null

2018-05-17 12:08:53 - [TEST_STEP][PASSED] - selectOptionByIndex: All options with index in [1] are selected on object 'Object Repository/Emergency/Page_Store/select_--Select--BA1150BA4110'

2018-05-17 12:08:53 - [MESSAGE][PASSED] - All options with index in [1] are selected on object 'Object Repository/Emergency/Page_Store/select_--Select--BA1150BA4110'

2018-05-17 12:08:53 - [TEST_STEP][PASSED] - delay: Delayed 2 second(s)

2018-05-17 12:08:55 - [MESSAGE][PASSED] - Delayed 2 second(s)

2018-05-17 12:08:55 - [TEST_STEP][PASSED] - Statement - Try: null

2018-05-17 12:08:55 - [TEST_STEP][PASSED] - Statement - StockQty = com.kms.katalon.core.webui.keyword.WebUiBuiltInKeywords.getAttribute(com.kms.katalon.core.testobject.ObjectRepository.findTestObject(Emergency/Page_Store/input_txtprice), "value"): Attribute 'value' of object 'Object Repository/Emergency/Page_Store/input_txtprice' is: '100'

2018-05-17 12:08:56 - [MESSAGE][PASSED] - Attribute 'value' of object 'Object Repository/Emergency/Page_Store/input_txtprice' is: '100'

2018-05-17 12:08:56 - [TEST_STEP][PASSED] - Statement - out.println("Stock QTY : " + StockQty): null

2018-05-17 12:08:56 - [TEST_STEP][PASSED] - delay: Delayed 2 second(s)

2018-05-17 12:08:58 - [MESSAGE][PASSED] - Delayed 2 second(s)

2018-05-17 12:08:58 - [TEST_STEP][PASSED] - Statement - If (java.lang.Integer.valueOf(StockQty) >= java.lang.Integer.valueOf(RequestedQty)): null

2018-05-17 12:08:58 - [TEST_STEP][PASSED] - delay: Delayed 1 second(s)

2018-05-17 12:08:59 - [MESSAGE][PASSED] - Delayed 1 second(s)

2018-05-17 12:08:59 - [TEST_STEP][PASSED] - setText: Text '10' is set on object 'Object Repository/Emergency/Page_Store/input_txtqty'

2018-05-17 12:08:59 - [MESSAGE][PASSED] - Text '10' is set on object 'Object Repository/Emergency/Page_Store/input_txtqty'

2018-05-17 12:08:59 - [TEST_STEP][PASSED] - click: Object: 'Object Repository/Emergency/Page_Store/button_Add' is clicked on

2018-05-17 12:08:59 - [MESSAGE][PASSED] - Object: 'Object Repository/Emergency/Page_Store/button_Add' is clicked on

2018-05-17 12:08:59 - [TEST_STEP][PASSED] - Statement - Break: null

2018-05-17 12:08:59 - [TEST_STEP][PASSED] - selectOptionByIndex: All options with index in [10] are selected on object 'Object Repository/Emergency/Page_Store/select_--Select--Amikacin -500'

2018-05-17 12:08:59 - [MESSAGE][PASSED] - All options with index in [10] are selected on object 'Object Repository/Emergency/Page_Store/select_--Select--Amikacin -500'

2018-05-17 12:08:59 - [TEST_STEP][PASSED] - delay: Delayed 2 second(s)

2018-05-17 12:09:01 - [MESSAGE][PASSED] - Delayed 2 second(s)

2018-05-17 12:09:01 - [TEST_STEP][PASSED] - Statement - RequestedQty = com.kms.katalon.core.webui.keyword.WebUiBuiltInKeywords.getAttribute(com.kms.katalon.core.testobject.ObjectRepository.findTestObject(Emergency/Page_Store/input_txttotal), "value"): Attribute 'value' of object 'Object Repository/Emergency/Page_Store/input_txttotal' is: '10'

2018-05-17 12:09:01 - [MESSAGE][PASSED] - Attribute 'value' of object 'Object Repository/Emergency/Page_Store/input_txttotal' is: '10'

2018-05-17 12:09:01 - [TEST_STEP][PASSED] - Statement - out.println("Requested QTY : " + RequestedQty): null

2018-05-17 12:09:01 - [TEST_STEP][PASSED] - Statement - BatchNumber = com.kms.katalon.core.webui.keyword.WebUiBuiltInKeywords.getNumberOfTotalOption(com.kms.katalon.core.testobject.ObjectRepository.findTestObject(Emergency/Page_Store/select_--Select--BA1150BA4110)): 2 options of object 'Object Repository/Emergency/Page_Store/select_--Select--BA1150BA4110' counted

2018-05-17 12:09:01 - [MESSAGE][PASSED] - 2 options of object 'Object Repository/Emergency/Page_Store/select_--Select--BA1150BA4110' counted

2018-05-17 12:09:01 - [TEST_STEP][PASSED] - Statement - For ([g = 1, g <= BatchNumber - 1, (g++)]): null

2018-05-17 12:09:01 - [TEST_STEP][PASSED] - selectOptionByIndex: All options with index in [1] are selected on object 'Object Repository/Emergency/Page_Store/select_--Select--BA1150BA4110'

2018-05-17 12:09:01 - [MESSAGE][PASSED] - All options with index in [1] are selected on object 'Object Repository/Emergency/Page_Store/select_--Select--BA1150BA4110'

2018-05-17 12:09:01 - [TEST_STEP][PASSED] - delay: Delayed 2 second(s)

2018-05-17 12:09:03 - [MESSAGE][PASSED] - Delayed 2 second(s)

2018-05-17 12:09:03 - [TEST_STEP][PASSED] - Statement - Try: null

2018-05-17 12:09:03 - [TEST_STEP][PASSED] - Statement - StockQty = com.kms.katalon.core.webui.keyword.WebUiBuiltInKeywords.getAttribute(com.kms.katalon.core.testobject.ObjectRepository.findTestObject(Emergency/Page_Store/input_txtprice), "value"): Attribute 'value' of object 'Object Repository/Emergency/Page_Store/input_txtprice' is: '100'

2018-05-17 12:09:03 - [MESSAGE][PASSED] - Attribute 'value' of object 'Object Repository/Emergency/Page_Store/input_txtprice' is: '100'

2018-05-17 12:09:03 - [TEST_STEP][PASSED] - Statement - out.println("Stock QTY : " + StockQty): null

2018-05-17 12:09:03 - [TEST_STEP][PASSED] - delay: Delayed 2 second(s)

2018-05-17 12:09:05 - [MESSAGE][PASSED] - Delayed 2 second(s)

2018-05-17 12:09:05 - [TEST_STEP][PASSED] - Statement - If (java.lang.Integer.valueOf(StockQty) >= java.lang.Integer.valueOf(RequestedQty)): null

2018-05-17 12:09:05 - [TEST_STEP][PASSED] - delay: Delayed 1 second(s)

2018-05-17 12:09:06 - [MESSAGE][PASSED] - Delayed 1 second(s)

2018-05-17 12:09:06 - [TEST_STEP][PASSED] - setText: Text '10' is set on object 'Object Repository/Emergency/Page_Store/input_txtqty'

2018-05-17 12:09:06 - [MESSAGE][PASSED] - Text '10' is set on object 'Object Repository/Emergency/Page_Store/input_txtqty'

2018-05-17 12:09:06 - [TEST_STEP][PASSED] - click: Object: 'Object Repository/Emergency/Page_Store/button_Add' is clicked on

2018-05-17 12:09:06 - [MESSAGE][PASSED] - Object: 'Object Repository/Emergency/Page_Store/button_Add' is clicked on

2018-05-17 12:09:06 - [TEST_STEP][PASSED] - Statement - Break: null

2018-05-17 12:09:06 - [TEST_STEP][PASSED] - selectOptionByIndex: All options with index in [11] are selected on object 'Object Repository/Emergency/Page_Store/select_--Select--Amikacin -500'

2018-05-17 12:09:07 - [MESSAGE][PASSED] - All options with index in [11] are selected on object 'Object Repository/Emergency/Page_Store/select_--Select--Amikacin -500'

2018-05-17 12:09:07 - [TEST_STEP][PASSED] - delay: Delayed 2 second(s)

2018-05-17 12:09:09 - [MESSAGE][PASSED] - Delayed 2 second(s)

2018-05-17 12:09:09 - [TEST_STEP][PASSED] - Statement - RequestedQty = com.kms.katalon.core.webui.keyword.WebUiBuiltInKeywords.getAttribute(com.kms.katalon.core.testobject.ObjectRepository.findTestObject(Emergency/Page_Store/input_txttotal), "value"): Attribute 'value' of object 'Object Repository/Emergency/Page_Store/input_txttotal' is: '10'

2018-05-17 12:09:09 - [MESSAGE][PASSED] - Attribute 'value' of object 'Object Repository/Emergency/Page_Store/input_txttotal' is: '10'

2018-05-17 12:09:09 - [TEST_STEP][PASSED] - Statement - out.println("Requested QTY : " + RequestedQty): null

2018-05-17 12:09:09 - [TEST_STEP][PASSED] - Statement - BatchNumber = com.kms.katalon.core.webui.keyword.WebUiBuiltInKeywords.getNumberOfTotalOption(com.kms.katalon.core.testobject.ObjectRepository.findTestObject(Emergency/Page_Store/select_--Select--BA1150BA4110)): 2 options of object 'Object Repository/Emergency/Page_Store/select_--Select--BA1150BA4110' counted

2018-05-17 12:09:09 - [MESSAGE][PASSED] - 2 options of object 'Object Repository/Emergency/Page_Store/select_--Select--BA1150BA4110' counted

2018-05-17 12:09:09 - [TEST_STEP][PASSED] - Statement - For ([g = 1, g <= BatchNumber - 1, (g++)]): null

2018-05-17 12:09:09 - [TEST_STEP][PASSED] - selectOptionByIndex: All options with index in [1] are selected on object 'Object Repository/Emergency/Page_Store/select_--Select--BA1150BA4110'

2018-05-17 12:09:09 - [MESSAGE][PASSED] - All options with index in [1] are selected on object 'Object Repository/Emergency/Page_Store/select_--Select--BA1150BA4110'

2018-05-17 12:09:09 - [TEST_STEP][PASSED] - delay: Delayed 2 second(s)

2018-05-17 12:09:11 - [MESSAGE][PASSED] - Delayed 2 second(s)

2018-05-17 12:09:11 - [TEST_STEP][PASSED] - Statement - Try: null

2018-05-17 12:09:11 - [TEST_STEP][PASSED] - Statement - StockQty = com.kms.katalon.core.webui.keyword.WebUiBuiltInKeywords.getAttribute(com.kms.katalon.core.testobject.ObjectRepository.findTestObject(Emergency/Page_Store/input_txtprice), "value"): Attribute 'value' of object 'Object Repository/Emergency/Page_Store/input_txtprice' is: '100'

2018-05-17 12:09:11 - [MESSAGE][PASSED] - Attribute 'value' of object 'Object Repository/Emergency/Page_Store/input_txtprice' is: '100'

2018-05-17 12:09:11 - [TEST_STEP][PASSED] - Statement - out.println("Stock QTY : " + StockQty): null

2018-05-17 12:09:11 - [TEST_STEP][PASSED] - delay: Delayed 2 second(s)

2018-05-17 12:09:13 - [MESSAGE][PASSED] - Delayed 2 second(s)

2018-05-17 12:09:13 - [TEST_STEP][PASSED] - Statement - If (java.lang.Integer.valueOf(StockQty) >= java.lang.Integer.valueOf(RequestedQty)): null

2018-05-17 12:09:13 - [TEST_STEP][PASSED] - delay: Delayed 1 second(s)

2018-05-17 12:09:14 - [MESSAGE][PASSED] - Delayed 1 second(s)

2018-05-17 12:09:14 - [TEST_STEP][PASSED] - setText: Text '10' is set on object 'Object Repository/Emergency/Page_Store/input_txtqty'

2018-05-17 12:09:14 - [MESSAGE][PASSED] - Text '10' is set on object 'Object Repository/Emergency/Page_Store/input_txtqty'

2018-05-17 12:09:14 - [TEST_STEP][PASSED] - click: Object: 'Object Repository/Emergency/Page_Store/button_Add' is clicked on

2018-05-17 12:09:14 - [MESSAGE][PASSED] - Object: 'Object Repository/Emergency/Page_Store/button_Add' is clicked on

2018-05-17 12:09:14 - [TEST_STEP][PASSED] - Statement - Break: null

2018-05-17 12:09:14 - [TEST_STEP][PASSED] - selectOptionByIndex: All options with index in [12] are selected on object 'Object Repository/Emergency/Page_Store/select_--Select--Amikacin -500'

2018-05-17 12:09:14 - [MESSAGE][PASSED] - All options with index in [12] are selected on object 'Object Repository/Emergency/Page_Store/select_--Select--Amikacin -500'

2018-05-17 12:09:14 - [TEST_STEP][PASSED] - delay: Delayed 2 second(s)

2018-05-17 12:09:16 - [MESSAGE][PASSED] - Delayed 2 second(s)

2018-05-17 12:09:16 - [TEST_STEP][PASSED] - Statement - RequestedQty = com.kms.katalon.core.webui.keyword.WebUiBuiltInKeywords.getAttribute(com.kms.katalon.core.testobject.ObjectRepository.findTestObject(Emergency/Page_Store/input_txttotal), "value"): Attribute 'value' of object 'Object Repository/Emergency/Page_Store/input_txttotal' is: '10'

2018-05-17 12:09:16 - [MESSAGE][PASSED] - Attribute 'value' of object 'Object Repository/Emergency/Page_Store/input_txttotal' is: '10'

2018-05-17 12:09:16 - [TEST_STEP][PASSED] - Statement - out.println("Requested QTY : " + RequestedQty): null

2018-05-17 12:09:16 - [TEST_STEP][PASSED] - Statement - BatchNumber = com.kms.katalon.core.webui.keyword.WebUiBuiltInKeywords.getNumberOfTotalOption(com.kms.katalon.core.testobject.ObjectRepository.findTestObject(Emergency/Page_Store/select_--Select--BA1150BA4110)): 2 options of object 'Object Repository/Emergency/Page_Store/select_--Select--BA1150BA4110' counted

2018-05-17 12:09:16 - [MESSAGE][PASSED] - 2 options of object 'Object Repository/Emergency/Page_Store/select_--Select--BA1150BA4110' counted

2018-05-17 12:09:16 - [TEST_STEP][PASSED] - Statement - For ([g = 1, g <= BatchNumber - 1, (g++)]): null

2018-05-17 12:09:16 - [TEST_STEP][PASSED] - selectOptionByIndex: All options with index in [1] are selected on object 'Object Repository/Emergency/Page_Store/select_--Select--BA1150BA4110'

2018-05-17 12:09:16 - [MESSAGE][PASSED] - All options with index in [1] are selected on object 'Object Repository/Emergency/Page_Store/select_--Select--BA1150BA4110'

2018-05-17 12:09:16 - [TEST_STEP][PASSED] - delay: Delayed 2 second(s)

2018-05-17 12:09:18 - [MESSAGE][PASSED] - Delayed 2 second(s)

2018-05-17 12:09:18 - [TEST_STEP][PASSED] - Statement - Try: null

2018-05-17 12:09:18 - [TEST_STEP][PASSED] - Statement - StockQty = com.kms.katalon.core.webui.keyword.WebUiBuiltInKeywords.getAttribute(com.kms.katalon.core.testobject.ObjectRepository.findTestObject(Emergency/Page_Store/input_txtprice), "value"): Attribute 'value' of object 'Object Repository/Emergency/Page_Store/input_txtprice' is: '100'

2018-05-17 12:09:19 - [MESSAGE][PASSED] - Attribute 'value' of object 'Object Repository/Emergency/Page_Store/input_txtprice' is: '100'

2018-05-17 12:09:19 - [TEST_STEP][PASSED] - Statement - out.println("Stock QTY : " + StockQty): null

2018-05-17 12:09:19 - [TEST_STEP][PASSED] - delay: Delayed 2 second(s)

2018-05-17 12:09:21 - [MESSAGE][PASSED] - Delayed 2 second(s)

2018-05-17 12:09:21 - [TEST_STEP][PASSED] - Statement - If (java.lang.Integer.valueOf(StockQty) >= java.lang.Integer.valueOf(RequestedQty)): null

2018-05-17 12:09:21 - [TEST_STEP][PASSED] - delay: Delayed 1 second(s)

2018-05-17 12:09:22 - [MESSAGE][PASSED] - Delayed 1 second(s)

2018-05-17 12:09:22 - [TEST_STEP][PASSED] - setText: Text '10' is set on object 'Object Repository/Emergency/Page_Store/input_txtqty'

2018-05-17 12:09:22 - [MESSAGE][PASSED] - Text '10' is set on object 'Object Repository/Emergency/Page_Store/input_txtqty'

2018-05-17 12:09:22 - [TEST_STEP][PASSED] - click: Object: 'Object Repository/Emergency/Page_Store/button_Add' is clicked on

2018-05-17 12:09:22 - [MESSAGE][PASSED] - Object: 'Object Repository/Emergency/Page_Store/button_Add' is clicked on

2018-05-17 12:09:22 - [TEST_STEP][PASSED] - Statement - Break: null

2018-05-17 12:09:22 - [TEST_STEP][PASSED] - selectOptionByIndex: All options with index in [13] are selected on object 'Object Repository/Emergency/Page_Store/select_--Select--Amikacin -500'

2018-05-17 12:09:22 - [MESSAGE][PASSED] - All options with index in [13] are selected on object 'Object Repository/Emergency/Page_Store/select_--Select--Amikacin -500'

2018-05-17 12:09:22 - [TEST_STEP][PASSED] - delay: Delayed 2 second(s)

2018-05-17 12:09:24 - [MESSAGE][PASSED] - Delayed 2 second(s)

2018-05-17 12:09:24 - [TEST_STEP][PASSED] - Statement - RequestedQty = com.kms.katalon.core.webui.keyword.WebUiBuiltInKeywords.getAttribute(com.kms.katalon.core.testobject.ObjectRepository.findTestObject(Emergency/Page_Store/input_txttotal), "value"): Attribute 'value' of object 'Object Repository/Emergency/Page_Store/input_txttotal' is: '10'

2018-05-17 12:09:24 - [MESSAGE][PASSED] - Attribute 'value' of object 'Object Repository/Emergency/Page_Store/input_txttotal' is: '10'

2018-05-17 12:09:24 - [TEST_STEP][PASSED] - Statement - out.println("Requested QTY : " + RequestedQty): null

2018-05-17 12:09:24 - [TEST_STEP][PASSED] - Statement - BatchNumber = com.kms.katalon.core.webui.keyword.WebUiBuiltInKeywords.getNumberOfTotalOption(com.kms.katalon.core.testobject.ObjectRepository.findTestObject(Emergency/Page_Store/select_--Select--BA1150BA4110)): 2 options of object 'Object Repository/Emergency/Page_Store/select_--Select--BA1150BA4110' counted

2018-05-17 12:09:24 - [MESSAGE][PASSED] - 2 options of object 'Object Repository/Emergency/Page_Store/select_--Select--BA1150BA4110' counted

2018-05-17 12:09:24 - [TEST_STEP][PASSED] - Statement - For ([g = 1, g <= BatchNumber - 1, (g++)]): null

2018-05-17 12:09:24 - [TEST_STEP][PASSED] - selectOptionByIndex: All options with index in [1] are selected on object 'Object Repository/Emergency/Page_Store/select_--Select--BA1150BA4110'

2018-05-17 12:09:24 - [MESSAGE][PASSED] - All options with index in [1] are selected on object 'Object Repository/Emergency/Page_Store/select_--Select--BA1150BA4110'

2018-05-17 12:09:24 - [TEST_STEP][PASSED] - delay: Delayed 2 second(s)

2018-05-17 12:09:26 - [MESSAGE][PASSED] - Delayed 2 second(s)

2018-05-17 12:09:26 - [TEST_STEP][PASSED] - Statement - Try: null

2018-05-17 12:09:26 - [TEST_STEP][PASSED] - Statement - StockQty = com.kms.katalon.core.webui.keyword.WebUiBuiltInKeywords.getAttribute(com.kms.katalon.core.testobject.ObjectRepository.findTestObject(Emergency/Page_Store/input_txtprice), "value"): Attribute 'value' of object 'Object Repository/Emergency/Page_Store/input_txtprice' is: '100'

2018-05-17 12:09:26 - [MESSAGE][PASSED] - Attribute 'value' of object 'Object Repository/Emergency/Page_Store/input_txtprice' is: '100'

2018-05-17 12:09:26 - [TEST_STEP][PASSED] - Statement - out.println("Stock QTY : " + StockQty): null

2018-05-17 12:09:26 - [TEST_STEP][PASSED] - delay: Delayed 2 second(s)

2018-05-17 12:09:28 - [MESSAGE][PASSED] - Delayed 2 second(s)

2018-05-17 12:09:28 - [TEST_STEP][PASSED] - Statement - If (java.lang.Integer.valueOf(StockQty) >= java.lang.Integer.valueOf(RequestedQty)): null

2018-05-17 12:09:28 - [TEST_STEP][PASSED] - delay: Delayed 1 second(s)

2018-05-17 12:09:29 - [MESSAGE][PASSED] - Delayed 1 second(s)

2018-05-17 12:09:29 - [TEST_STEP][PASSED] - setText: Text '10' is set on object 'Object Repository/Emergency/Page_Store/input_txtqty'

2018-05-17 12:09:29 - [MESSAGE][PASSED] - Text '10' is set on object 'Object Repository/Emergency/Page_Store/input_txtqty'

2018-05-17 12:09:29 - [TEST_STEP][PASSED] - click: Object: 'Object Repository/Emergency/Page_Store/button_Add' is clicked on

2018-05-17 12:09:29 - [MESSAGE][PASSED] - Object: 'Object Repository/Emergency/Page_Store/button_Add' is clicked on

2018-05-17 12:09:29 - [TEST_STEP][PASSED] - Statement - Break: null

2018-05-17 12:09:29 - [TEST_STEP][PASSED] - selectOptionByIndex: All options with index in [14] are selected on object 'Object Repository/Emergency/Page_Store/select_--Select--Amikacin -500'

2018-05-17 12:09:30 - [MESSAGE][PASSED] - All options with index in [14] are selected on object 'Object Repository/Emergency/Page_Store/select_--Select--Amikacin -500'

2018-05-17 12:09:30 - [TEST_STEP][PASSED] - delay: Delayed 2 second(s)

2018-05-17 12:09:32 - [MESSAGE][PASSED] - Delayed 2 second(s)

2018-05-17 12:09:32 - [TEST_STEP][PASSED] - Statement - RequestedQty = com.kms.katalon.core.webui.keyword.WebUiBuiltInKeywords.getAttribute(com.kms.katalon.core.testobject.ObjectRepository.findTestObject(Emergency/Page_Store/input_txttotal), "value"): Attribute 'value' of object 'Object Repository/Emergency/Page_Store/input_txttotal' is: '10'

2018-05-17 12:09:32 - [MESSAGE][PASSED] - Attribute 'value' of object 'Object Repository/Emergency/Page_Store/input_txttotal' is: '10'

2018-05-17 12:09:32 - [TEST_STEP][PASSED] - Statement - out.println("Requested QTY : " + RequestedQty): null

2018-05-17 12:09:32 - [TEST_STEP][PASSED] - Statement - BatchNumber = com.kms.katalon.core.webui.keyword.WebUiBuiltInKeywords.getNumberOfTotalOption(com.kms.katalon.core.testobject.ObjectRepository.findTestObject(Emergency/Page_Store/select_--Select--BA1150BA4110)): 2 options of object 'Object Repository/Emergency/Page_Store/select_--Select--BA1150BA4110' counted

2018-05-17 12:09:32 - [MESSAGE][PASSED] - 2 options of object 'Object Repository/Emergency/Page_Store/select_--Select--BA1150BA4110' counted

2018-05-17 12:09:32 - [TEST_STEP][PASSED] - Statement - For ([g = 1, g <= BatchNumber - 1, (g++)]): null

2018-05-17 12:09:32 - [TEST_STEP][PASSED] - selectOptionByIndex: All options with index in [1] are selected on object 'Object Repository/Emergency/Page_Store/select_--Select--BA1150BA4110'

2018-05-17 12:09:32 - [MESSAGE][PASSED] - All options with index in [1] are selected on object 'Object Repository/Emergency/Page_Store/select_--Select--BA1150BA4110'

2018-05-17 12:09:32 - [TEST_STEP][PASSED] - delay: Delayed 2 second(s)

2018-05-17 12:09:34 - [MESSAGE][PASSED] - Delayed 2 second(s)

2018-05-17 12:09:34 - [TEST_STEP][PASSED] - Statement - Try: null

2018-05-17 12:09:34 - [TEST_STEP][PASSED] - Statement - StockQty = com.kms.katalon.core.webui.keyword.WebUiBuiltInKeywords.getAttribute(com.kms.katalon.core.testobject.ObjectRepository.findTestObject(Emergency/Page_Store/input_txtprice), "value"): Attribute 'value' of object 'Object Repository/Emergency/Page_Store/input_txtprice' is: '100'

2018-05-17 12:09:34 - [MESSAGE][PASSED] - Attribute 'value' of object 'Object Repository/Emergency/Page_Store/input_txtprice' is: '100'

2018-05-17 12:09:34 - [TEST_STEP][PASSED] - Statement - out.println("Stock QTY : " + StockQty): null

2018-05-17 12:09:34 - [TEST_STEP][PASSED] - delay: Delayed 2 second(s)

2018-05-17 12:09:36 - [MESSAGE][PASSED] - Delayed 2 second(s)

2018-05-17 12:09:36 - [TEST_STEP][PASSED] - Statement - If (java.lang.Integer.valueOf(StockQty) >= java.lang.Integer.valueOf(RequestedQty)): null

2018-05-17 12:09:36 - [TEST_STEP][PASSED] - delay: Delayed 1 second(s)

2018-05-17 12:09:37 - [MESSAGE][PASSED] - Delayed 1 second(s)

2018-05-17 12:09:37 - [TEST_STEP][PASSED] - setText: Text '10' is set on object 'Object Repository/Emergency/Page_Store/input_txtqty'

2018-05-17 12:09:37 - [MESSAGE][PASSED] - Text '10' is set on object 'Object Repository/Emergency/Page_Store/input_txtqty'

2018-05-17 12:09:37 - [TEST_STEP][PASSED] - click: Object: 'Object Repository/Emergency/Page_Store/button_Add' is clicked on

2018-05-17 12:09:37 - [MESSAGE][PASSED] - Object: 'Object Repository/Emergency/Page_Store/button_Add' is clicked on

2018-05-17 12:09:37 - [TEST_STEP][PASSED] - Statement - Break: null

2018-05-17 12:09:37 - [TEST_STEP][PASSED] - selectOptionByIndex: All options with index in [15] are selected on object 'Object Repository/Emergency/Page_Store/select_--Select--Amikacin -500'

2018-05-17 12:09:37 - [MESSAGE][PASSED] - All options with index in [15] are selected on object 'Object Repository/Emergency/Page_Store/select_--Select--Amikacin -500'

2018-05-17 12:09:37 - [TEST_STEP][PASSED] - delay: Delayed 2 second(s)

2018-05-17 12:09:39 - [MESSAGE][PASSED] - Delayed 2 second(s)

2018-05-17 12:09:39 - [TEST_STEP][PASSED] - Statement - RequestedQty = com.kms.katalon.core.webui.keyword.WebUiBuiltInKeywords.getAttribute(com.kms.katalon.core.testobject.ObjectRepository.findTestObject(Emergency/Page_Store/input_txttotal), "value"): Attribute 'value' of object 'Object Repository/Emergency/Page_Store/input_txttotal' is: '10'

2018-05-17 12:09:39 - [MESSAGE][PASSED] - Attribute 'value' of object 'Object Repository/Emergency/Page_Store/input_txttotal' is: '10'

2018-05-17 12:09:39 - [TEST_STEP][PASSED] - Statement - out.println("Requested QTY : " + RequestedQty): null

2018-05-17 12:09:39 - [TEST_STEP][PASSED] - Statement - BatchNumber = com.kms.katalon.core.webui.keyword.WebUiBuiltInKeywords.getNumberOfTotalOption(com.kms.katalon.core.testobject.ObjectRepository.findTestObject(Emergency/Page_Store/select_--Select--BA1150BA4110)): 2 options of object 'Object Repository/Emergency/Page_Store/select_--Select--BA1150BA4110' counted

2018-05-17 12:09:39 - [MESSAGE][PASSED] - 2 options of object 'Object Repository/Emergency/Page_Store/select_--Select--BA1150BA4110' counted

2018-05-17 12:09:39 - [TEST_STEP][PASSED] - Statement - For ([g = 1, g <= BatchNumber - 1, (g++)]): null

2018-05-17 12:09:39 - [TEST_STEP][PASSED] - selectOptionByIndex: All options with index in [1] are selected on object 'Object Repository/Emergency/Page_Store/select_--Select--BA1150BA4110'

2018-05-17 12:09:39 - [MESSAGE][PASSED] - All options with index in [1] are selected on object 'Object Repository/Emergency/Page_Store/select_--Select--BA1150BA4110'

2018-05-17 12:09:39 - [TEST_STEP][PASSED] - delay: Delayed 2 second(s)

2018-05-17 12:09:41 - [MESSAGE][PASSED] - Delayed 2 second(s)

2018-05-17 12:09:41 - [TEST_STEP][PASSED] - Statement - Try: null

2018-05-17 12:09:41 - [TEST_STEP][PASSED] - Statement - StockQty = com.kms.katalon.core.webui.keyword.WebUiBuiltInKeywords.getAttribute(com.kms.katalon.core.testobject.ObjectRepository.findTestObject(Emergency/Page_Store/input_txtprice), "value"): Attribute 'value' of object 'Object Repository/Emergency/Page_Store/input_txtprice' is: '100'

2018-05-17 12:09:41 - [MESSAGE][PASSED] - Attribute 'value' of object 'Object Repository/Emergency/Page_Store/input_txtprice' is: '100'

2018-05-17 12:09:41 - [TEST_STEP][PASSED] - Statement - out.println("Stock QTY : " + StockQty): null

2018-05-17 12:09:41 - [TEST_STEP][PASSED] - delay: Delayed 2 second(s)

2018-05-17 12:09:43 - [MESSAGE][PASSED] - Delayed 2 second(s)

2018-05-17 12:09:43 - [TEST_STEP][PASSED] - Statement - If (java.lang.Integer.valueOf(StockQty) >= java.lang.Integer.valueOf(RequestedQty)): null

2018-05-17 12:09:43 - [TEST_STEP][PASSED] - delay: Delayed 1 second(s)

2018-05-17 12:09:44 - [MESSAGE][PASSED] - Delayed 1 second(s)

2018-05-17 12:09:44 - [TEST_STEP][PASSED] - setText: Text '10' is set on object 'Object Repository/Emergency/Page_Store/input_txtqty'

2018-05-17 12:09:45 - [MESSAGE][PASSED] - Text '10' is set on object 'Object Repository/Emergency/Page_Store/input_txtqty'

2018-05-17 12:09:45 - [TEST_STEP][PASSED] - click: Object: 'Object Repository/Emergency/Page_Store/button_Add' is clicked on

2018-05-17 12:09:45 - [MESSAGE][PASSED] - Object: 'Object Repository/Emergency/Page_Store/button_Add' is clicked on

2018-05-17 12:09:45 - [TEST_STEP][PASSED] - Statement - Break: null

2018-05-17 12:09:45 - [TEST_STEP][PASSED] - selectOptionByIndex: All options with index in [16] are selected on object 'Object Repository/Emergency/Page_Store/select_--Select--Amikacin -500'

2018-05-17 12:09:46 - [MESSAGE][PASSED] - All options with index in [16] are selected on object 'Object Repository/Emergency/Page_Store/select_--Select--Amikacin -500'

2018-05-17 12:09:46 - [TEST_STEP][PASSED] - delay: Delayed 2 second(s)

2018-05-17 12:09:48 - [MESSAGE][PASSED] - Delayed 2 second(s)

2018-05-17 12:09:48 - [TEST_STEP][PASSED] - Statement - RequestedQty = com.kms.katalon.core.webui.keyword.WebUiBuiltInKeywords.getAttribute(com.kms.katalon.core.testobject.ObjectRepository.findTestObject(Emergency/Page_Store/input_txttotal), "value"): Attribute 'value' of object 'Object Repository/Emergency/Page_Store/input_txttotal' is: '10'

2018-05-17 12:09:48 - [MESSAGE][PASSED] - Attribute 'value' of object 'Object Repository/Emergency/Page_Store/input_txttotal' is: '10'

2018-05-17 12:09:48 - [TEST_STEP][PASSED] - Statement - out.println("Requested QTY : " + RequestedQty): null

2018-05-17 12:09:48 - [TEST_STEP][PASSED] - Statement - BatchNumber = com.kms.katalon.core.webui.keyword.WebUiBuiltInKeywords.getNumberOfTotalOption(com.kms.katalon.core.testobject.ObjectRepository.findTestObject(Emergency/Page_Store/select_--Select--BA1150BA4110)): 2 options of object 'Object Repository/Emergency/Page_Store/select_--Select--BA1150BA4110' counted

2018-05-17 12:09:48 - [MESSAGE][PASSED] - 2 options of object 'Object Repository/Emergency/Page_Store/select_--Select--BA1150BA4110' counted

2018-05-17 12:09:48 - [TEST_STEP][PASSED] - Statement - For ([g = 1, g <= BatchNumber - 1, (g++)]): null

2018-05-17 12:09:48 - [TEST_STEP][PASSED] - selectOptionByIndex: All options with index in [1] are selected on object 'Object Repository/Emergency/Page_Store/select_--Select--BA1150BA4110'

2018-05-17 12:09:48 - [MESSAGE][PASSED] - All options with index in [1] are selected on object 'Object Repository/Emergency/Page_Store/select_--Select--BA1150BA4110'

2018-05-17 12:09:48 - [TEST_STEP][PASSED] - delay: Delayed 2 second(s)

2018-05-17 12:09:50 - [MESSAGE][PASSED] - Delayed 2 second(s)

2018-05-17 12:09:50 - [TEST_STEP][PASSED] - Statement - Try: null

2018-05-17 12:09:50 - [TEST_STEP][PASSED] - Statement - StockQty = com.kms.katalon.core.webui.keyword.WebUiBuiltInKeywords.getAttribute(com.kms.katalon.core.testobject.ObjectRepository.findTestObject(Emergency/Page_Store/input_txtprice), "value"): Attribute 'value' of object 'Object Repository/Emergency/Page_Store/input_txtprice' is: '100'

2018-05-17 12:09:50 - [MESSAGE][PASSED] - Attribute 'value' of object 'Object Repository/Emergency/Page_Store/input_txtprice' is: '100'

2018-05-17 12:09:50 - [TEST_STEP][PASSED] - Statement - out.println("Stock QTY : " + StockQty): null

2018-05-17 12:09:50 - [TEST_STEP][PASSED] - delay: Delayed 2 second(s)

2018-05-17 12:09:52 - [MESSAGE][PASSED] - Delayed 2 second(s)

2018-05-17 12:09:52 - [TEST_STEP][PASSED] - Statement - If (java.lang.Integer.valueOf(StockQty) >= java.lang.Integer.valueOf(RequestedQty)): null

2018-05-17 12:09:52 - [TEST_STEP][PASSED] - delay: Delayed 1 second(s)

2018-05-17 12:09:53 - [MESSAGE][PASSED] - Delayed 1 second(s)

2018-05-17 12:09:53 - [TEST_STEP][PASSED] - setText: Text '10' is set on object 'Object Repository/Emergency/Page_Store/input_txtqty'

2018-05-17 12:09:53 - [MESSAGE][PASSED] - Text '10' is set on object 'Object Repository/Emergency/Page_Store/input_txtqty'

2018-05-17 12:09:53 - [TEST_STEP][PASSED] - click: Object: 'Object Repository/Emergency/Page_Store/button_Add' is clicked on

2018-05-17 12:09:53 - [MESSAGE][PASSED] - Object: 'Object Repository/Emergency/Page_Store/button_Add' is clicked on

2018-05-17 12:09:53 - [TEST_STEP][PASSED] - Statement - Break: null

2018-05-17 12:09:53 - [TEST_STEP][PASSED] - selectOptionByIndex: All options with index in [17] are selected on object 'Object Repository/Emergency/Page_Store/select_--Select--Amikacin -500'

2018-05-17 12:09:53 - [MESSAGE][PASSED] - All options with index in [17] are selected on object 'Object Repository/Emergency/Page_Store/select_--Select--Amikacin -500'

2018-05-17 12:09:53 - [TEST_STEP][PASSED] - delay: Delayed 2 second(s)

2018-05-17 12:09:55 - [MESSAGE][PASSED] - Delayed 2 second(s)

2018-05-17 12:09:55 - [TEST_STEP][PASSED] - Statement - RequestedQty = com.kms.katalon.core.webui.keyword.WebUiBuiltInKeywords.getAttribute(com.kms.katalon.core.testobject.ObjectRepository.findTestObject(Emergency/Page_Store/input_txttotal), "value"): Attribute 'value' of object 'Object Repository/Emergency/Page_Store/input_txttotal' is: '10'

2018-05-17 12:09:55 - [MESSAGE][PASSED] - Attribute 'value' of object 'Object Repository/Emergency/Page_Store/input_txttotal' is: '10'

2018-05-17 12:09:55 - [TEST_STEP][PASSED] - Statement - out.println("Requested QTY : " + RequestedQty): null

2018-05-17 12:09:55 - [TEST_STEP][PASSED] - Statement - BatchNumber = com.kms.katalon.core.webui.keyword.WebUiBuiltInKeywords.getNumberOfTotalOption(com.kms.katalon.core.testobject.ObjectRepository.findTestObject(Emergency/Page_Store/select_--Select--BA1150BA4110)): 2 options of object 'Object Repository/Emergency/Page_Store/select_--Select--BA1150BA4110' counted

2018-05-17 12:09:55 - [MESSAGE][PASSED] - 2 options of object 'Object Repository/Emergency/Page_Store/select_--Select--BA1150BA4110' counted

2018-05-17 12:09:55 - [TEST_STEP][PASSED] - Statement - For ([g = 1, g <= BatchNumber - 1, (g++)]): null

2018-05-17 12:09:55 - [TEST_STEP][PASSED] - selectOptionByIndex: All options with index in [1] are selected on object 'Object Repository/Emergency/Page_Store/select_--Select--BA1150BA4110'

2018-05-17 12:09:55 - [MESSAGE][PASSED] - All options with index in [1] are selected on object 'Object Repository/Emergency/Page_Store/select_--Select--BA1150BA4110'

2018-05-17 12:09:55 - [TEST_STEP][PASSED] - delay: Delayed 2 second(s)

2018-05-17 12:09:57 - [MESSAGE][PASSED] - Delayed 2 second(s)

2018-05-17 12:09:57 - [TEST_STEP][PASSED] - Statement - Try: null

2018-05-17 12:09:57 - [TEST_STEP][PASSED] - Statement - StockQty = com.kms.katalon.core.webui.keyword.WebUiBuiltInKeywords.getAttribute(com.kms.katalon.core.testobject.ObjectRepository.findTestObject(Emergency/Page_Store/input_txtprice), "value"): Attribute 'value' of object 'Object Repository/Emergency/Page_Store/input_txtprice' is: '100'

2018-05-17 12:09:57 - [MESSAGE][PASSED] - Attribute 'value' of object 'Object Repository/Emergency/Page_Store/input_txtprice' is: '100'

2018-05-17 12:09:57 - [TEST_STEP][PASSED] - Statement - out.println("Stock QTY : " + StockQty): null

2018-05-17 12:09:57 - [TEST_STEP][PASSED] - delay: Delayed 2 second(s)

2018-05-17 12:09:59 - [MESSAGE][PASSED] - Delayed 2 second(s)

2018-05-17 12:09:59 - [TEST_STEP][PASSED] - Statement - If (java.lang.Integer.valueOf(StockQty) >= java.lang.Integer.valueOf(RequestedQty)): null

2018-05-17 12:09:59 - [TEST_STEP][PASSED] - delay: Delayed 1 second(s)

2018-05-17 12:10:01 - [MESSAGE][PASSED] - Delayed 1 second(s)

2018-05-17 12:10:01 - [TEST_STEP][PASSED] - setText: Text '10' is set on object 'Object Repository/Emergency/Page_Store/input_txtqty'

2018-05-17 12:10:01 - [MESSAGE][PASSED] - Text '10' is set on object 'Object Repository/Emergency/Page_Store/input_txtqty'

2018-05-17 12:10:01 - [TEST_STEP][PASSED] - click: Object: 'Object Repository/Emergency/Page_Store/button_Add' is clicked on

2018-05-17 12:10:01 - [MESSAGE][PASSED] - Object: 'Object Repository/Emergency/Page_Store/button_Add' is clicked on

2018-05-17 12:10:01 - [TEST_STEP][PASSED] - Statement - Break: null

2018-05-17 12:10:01 - [TEST_STEP][PASSED] - selectOptionByIndex: All options with index in [18] are selected on object 'Object Repository/Emergency/Page_Store/select_--Select--Amikacin -500'

2018-05-17 12:10:01 - [MESSAGE][PASSED] - All options with index in [18] are selected on object 'Object Repository/Emergency/Page_Store/select_--Select--Amikacin -500'

2018-05-17 12:10:01 - [TEST_STEP][PASSED] - delay: Delayed 2 second(s)

2018-05-17 12:10:03 - [MESSAGE][PASSED] - Delayed 2 second(s)

2018-05-17 12:10:03 - [TEST_STEP][PASSED] - Statement - RequestedQty = com.kms.katalon.core.webui.keyword.WebUiBuiltInKeywords.getAttribute(com.kms.katalon.core.testobject.ObjectRepository.findTestObject(Emergency/Page_Store/input_txttotal), "value"): Attribute 'value' of object 'Object Repository/Emergency/Page_Store/input_txttotal' is: '10'

2018-05-17 12:10:03 - [MESSAGE][PASSED] - Attribute 'value' of object 'Object Repository/Emergency/Page_Store/input_txttotal' is: '10'

2018-05-17 12:10:03 - [TEST_STEP][PASSED] - Statement - out.println("Requested QTY : " + RequestedQty): null

2018-05-17 12:10:03 - [TEST_STEP][PASSED] - Statement - BatchNumber = com.kms.katalon.core.webui.keyword.WebUiBuiltInKeywords.getNumberOfTotalOption(com.kms.katalon.core.testobject.ObjectRepository.findTestObject(Emergency/Page_Store/select_--Select--BA1150BA4110)): 2 options of object 'Object Repository/Emergency/Page_Store/select_--Select--BA1150BA4110' counted

2018-05-17 12:10:03 - [MESSAGE][PASSED] - 2 options of object 'Object Repository/Emergency/Page_Store/select_--Select--BA1150BA4110' counted

2018-05-17 12:10:03 - [TEST_STEP][PASSED] - Statement - For ([g = 1, g <= BatchNumber - 1, (g++)]): null

2018-05-17 12:10:03 - [TEST_STEP][PASSED] - selectOptionByIndex: All options with index in [1] are selected on object 'Object Repository/Emergency/Page_Store/select_--Select--BA1150BA4110'

2018-05-17 12:10:03 - [MESSAGE][PASSED] - All options with index in [1] are selected on object 'Object Repository/Emergency/Page_Store/select_--Select--BA1150BA4110'

2018-05-17 12:10:03 - [TEST_STEP][PASSED] - delay: Delayed 2 second(s)

2018-05-17 12:10:05 - [MESSAGE][PASSED] - Delayed 2 second(s)

2018-05-17 12:10:05 - [TEST_STEP][PASSED] - Statement - Try: null

2018-05-17 12:10:05 - [TEST_STEP][PASSED] - Statement - StockQty = com.kms.katalon.core.webui.keyword.WebUiBuiltInKeywords.getAttribute(com.kms.katalon.core.testobject.ObjectRepository.findTestObject(Emergency/Page_Store/input_txtprice), "value"): Attribute 'value' of object 'Object Repository/Emergency/Page_Store/input_txtprice' is: '100'

2018-05-17 12:10:05 - [MESSAGE][PASSED] - Attribute 'value' of object 'Object Repository/Emergency/Page_Store/input_txtprice' is: '100'

2018-05-17 12:10:05 - [TEST_STEP][PASSED] - Statement - out.println("Stock QTY : " + StockQty): null

2018-05-17 12:10:05 - [TEST_STEP][PASSED] - delay: Delayed 2 second(s)

2018-05-17 12:10:07 - [MESSAGE][PASSED] - Delayed 2 second(s)

2018-05-17 12:10:07 - [TEST_STEP][PASSED] - Statement - If (java.lang.Integer.valueOf(StockQty) >= java.lang.Integer.valueOf(RequestedQty)): null

2018-05-17 12:10:07 - [TEST_STEP][PASSED] - delay: Delayed 1 second(s)

2018-05-17 12:10:08 - [MESSAGE][PASSED] - Delayed 1 second(s)

2018-05-17 12:10:08 - [TEST_STEP][PASSED] - setText: Text '10' is set on object 'Object Repository/Emergency/Page_Store/input_txtqty'

2018-05-17 12:10:08 - [MESSAGE][PASSED] - Text '10' is set on object 'Object Repository/Emergency/Page_Store/input_txtqty'

2018-05-17 12:10:08 - [TEST_STEP][PASSED] - click: Object: 'Object Repository/Emergency/Page_Store/button_Add' is clicked on

2018-05-17 12:10:08 - [MESSAGE][PASSED] - Object: 'Object Repository/Emergency/Page_Store/button_Add' is clicked on

2018-05-17 12:10:08 - [TEST_STEP][PASSED] - Statement - Break: null

2018-05-17 12:10:08 - [TEST_STEP][PASSED] - selectOptionByIndex: All options with index in [19] are selected on object 'Object Repository/Emergency/Page_Store/select_--Select--Amikacin -500'

2018-05-17 12:10:09 - [MESSAGE][PASSED] - All options with index in [19] are selected on object 'Object Repository/Emergency/Page_Store/select_--Select--Amikacin -500'

2018-05-17 12:10:09 - [TEST_STEP][PASSED] - delay: Delayed 2 second(s)

2018-05-17 12:10:11 - [MESSAGE][PASSED] - Delayed 2 second(s)

2018-05-17 12:10:11 - [TEST_STEP][PASSED] - Statement - RequestedQty = com.kms.katalon.core.webui.keyword.WebUiBuiltInKeywords.getAttribute(com.kms.katalon.core.testobject.ObjectRepository.findTestObject(Emergency/Page_Store/input_txttotal), "value"): Attribute 'value' of object 'Object Repository/Emergency/Page_Store/input_txttotal' is: '10'

2018-05-17 12:10:11 - [MESSAGE][PASSED] - Attribute 'value' of object 'Object Repository/Emergency/Page_Store/input_txttotal' is: '10'

2018-05-17 12:10:11 - [TEST_STEP][PASSED] - Statement - out.println("Requested QTY : " + RequestedQty): null

2018-05-17 12:10:11 - [TEST_STEP][PASSED] - Statement - BatchNumber = com.kms.katalon.core.webui.keyword.WebUiBuiltInKeywords.getNumberOfTotalOption(com.kms.katalon.core.testobject.ObjectRepository.findTestObject(Emergency/Page_Store/select_--Select--BA1150BA4110)): 2 options of object 'Object Repository/Emergency/Page_Store/select_--Select--BA1150BA4110' counted

2018-05-17 12:10:11 - [MESSAGE][PASSED] - 2 options of object 'Object Repository/Emergency/Page_Store/select_--Select--BA1150BA4110' counted

2018-05-17 12:10:11 - [TEST_STEP][PASSED] - Statement - For ([g = 1, g <= BatchNumber - 1, (g++)]): null

2018-05-17 12:10:11 - [TEST_STEP][PASSED] - selectOptionByIndex: All options with index in [1] are selected on object 'Object Repository/Emergency/Page_Store/select_--Select--BA1150BA4110'

2018-05-17 12:10:11 - [MESSAGE][PASSED] - All options with index in [1] are selected on object 'Object Repository/Emergency/Page_Store/select_--Select--BA1150BA4110'

2018-05-17 12:10:11 - [TEST_STEP][PASSED] - delay: Delayed 2 second(s)

2018-05-17 12:10:13 - [MESSAGE][PASSED] - Delayed 2 second(s)

2018-05-17 12:10:13 - [TEST_STEP][PASSED] - Statement - Try: null

2018-05-17 12:10:13 - [TEST_STEP][PASSED] - Statement - StockQty = com.kms.katalon.core.webui.keyword.WebUiBuiltInKeywords.getAttribute(com.kms.katalon.core.testobject.ObjectRepository.findTestObject(Emergency/Page_Store/input_txtprice), "value"): Attribute 'value' of object 'Object Repository/Emergency/Page_Store/input_txtprice' is: '100'

2018-05-17 12:10:13 - [MESSAGE][PASSED] - Attribute 'value' of object 'Object Repository/Emergency/Page_Store/input_txtprice' is: '100'

2018-05-17 12:10:13 - [TEST_STEP][PASSED] - Statement - out.println("Stock QTY : " + StockQty): null

2018-05-17 12:10:13 - [TEST_STEP][PASSED] - delay: Delayed 2 second(s)

2018-05-17 12:10:15 - [MESSAGE][PASSED] - Delayed 2 second(s)

2018-05-17 12:10:15 - [TEST_STEP][PASSED] - Statement - If (java.lang.Integer.valueOf(StockQty) >= java.lang.Integer.valueOf(RequestedQty)): null

2018-05-17 12:10:15 - [TEST_STEP][PASSED] - delay: Delayed 1 second(s)

2018-05-17 12:10:16 - [MESSAGE][PASSED] - Delayed 1 second(s)

2018-05-17 12:10:16 - [TEST_STEP][PASSED] - setText: Text '10' is set on object 'Object Repository/Emergency/Page_Store/input_txtqty'

2018-05-17 12:10:16 - [MESSAGE][PASSED] - Text '10' is set on object 'Object Repository/Emergency/Page_Store/input_txtqty'

2018-05-17 12:10:16 - [TEST_STEP][PASSED] - click: Object: 'Object Repository/Emergency/Page_Store/button_Add' is clicked on

2018-05-17 12:10:16 - [MESSAGE][PASSED] - Object: 'Object Repository/Emergency/Page_Store/button_Add' is clicked on

2018-05-17 12:10:16 - [TEST_STEP][PASSED] - Statement - Break: null

2018-05-17 12:10:16 - [TEST_STEP][PASSED] - selectOptionByIndex: All options with index in [20] are selected on object 'Object Repository/Emergency/Page_Store/select_--Select--Amikacin -500'

2018-05-17 12:10:16 - [MESSAGE][PASSED] - All options with index in [20] are selected on object 'Object Repository/Emergency/Page_Store/select_--Select--Amikacin -500'

2018-05-17 12:10:16 - [TEST_STEP][PASSED] - delay: Delayed 2 second(s)

2018-05-17 12:10:18 - [MESSAGE][PASSED] - Delayed 2 second(s)

2018-05-17 12:10:18 - [TEST_STEP][FAILED] - Statement - RequestedQty = com.kms.katalon.core.webui.keyword.WebUiBuiltInKeywords.getAttribute(com.kms.katalon.core.testobject.ObjectRepository.findTestObject(Emergency/Page_Store/input_txttotal), "value"): Unable to get attribute 'value' of object 'Object Repository/Emergency/Page_Store/input_txttotal' (Root cause: org.openqa.selenium.UnhandledAlertException: unexpected alert open: {Alert text : function Error() { [native code] }}
  (Session info: chrome=66.0.3359.139)
  (Driver info: chromedriver=2.35.528161 (5b82f2d2aae0ca24b877009200ced9065a772e73),platform=Windows NT 10.0.17134 x86_64) (WARNING: The server did not provide any stacktrace information)
Command duration or timeout: 0 milliseconds: null
Build info: version: '3.7.1', revision: '8a0099a', time: '2017-11-06T21:07:36.161Z'
System info: host: 'DESKTOP-BLFTK83', ip: '192.168.71.2', os.name: 'Windows 10', os.arch: 'amd64', os.version: '10.0', java.version: '1.8.0_102'
Driver info: com.kms.katalon.selenium.driver.CChromeDriver
Capabilities {acceptInsecureCerts: false, acceptSslCerts: false, applicationCacheEnabled: false, browserConnectionEnabled: false, browserName: chrome, chrome: {chromedriverVersion: 2.35.528161 (5b82f2d2aae0ca..., userDataDir: C:\Users\QUALIT~1\AppData\L...}, cssSelectorsEnabled: true, databaseEnabled: false, handlesAlerts: true, hasTouchScreen: false, javascriptEnabled: true, locationContextEnabled: true, mobileEmulationEnabled: false, nativeEvents: true, networkConnectionEnabled: false, pageLoadStrategy: normal, platform: XP, platformName: XP, rotatable: false, setWindowRect: true, takesHeapSnapshot: true, takesScreenshot: true, unexpectedAlertBehaviour: , unhandledPromptBehavior: , version: 66.0.3359.139, webStorageEnabled: true}
Session ID: 59c46a161d036646150be7fe4f26bf53
*** Element info: {Using=xpath, value=id("txttotal")[count(. | //input[@type = 'text' and @id = 'txttotal' and @name = 'txttotal' and @placeholder = 'Req.Qty']) = count(//input[@type = 'text' and @id = 'txttotal' and @name = 'txttotal' and @placeholder = 'Req.Qty'])]})

2018-05-17 12:10:18 - [MESSAGE][WARNING] - Cannot take screenshot

2018-05-17 12:10:18 - [MESSAGE][FAILED] - Unable to get attribute 'value' of object 'Object Repository/Emergency/Page_Store/input_txttotal' (Root cause: org.openqa.selenium.UnhandledAlertException: unexpected alert open: {Alert text : function Error() { [native code] }}
  (Session info: chrome=66.0.3359.139)
  (Driver info: chromedriver=2.35.528161 (5b82f2d2aae0ca24b877009200ced9065a772e73),platform=Windows NT 10.0.17134 x86_64) (WARNING: The server did not provide any stacktrace information)
Command duration or timeout: 0 milliseconds: null
Build info: version: '3.7.1', revision: '8a0099a', time: '2017-11-06T21:07:36.161Z'
System info: host: 'DESKTOP-BLFTK83', ip: '192.168.71.2', os.name: 'Windows 10', os.arch: 'amd64', os.version: '10.0', java.version: '1.8.0_102'
Driver info: com.kms.katalon.selenium.driver.CChromeDriver
Capabilities {acceptInsecureCerts: false, acceptSslCerts: false, applicationCacheEnabled: false, browserConnectionEnabled: false, browserName: chrome, chrome: {chromedriverVersion: 2.35.528161 (5b82f2d2aae0ca..., userDataDir: C:\Users\QUALIT~1\AppData\L...}, cssSelectorsEnabled: true, databaseEnabled: false, handlesAlerts: true, hasTouchScreen: false, javascriptEnabled: true, locationContextEnabled: true, mobileEmulationEnabled: false, nativeEvents: true, networkConnectionEnabled: false, pageLoadStrategy: normal, platform: XP, platformName: XP, rotatable: false, setWindowRect: true, takesHeapSnapshot: true, takesScreenshot: true, unexpectedAlertBehaviour: , unhandledPromptBehavior: , version: 66.0.3359.139, webStorageEnabled: true}
Session ID: 59c46a161d036646150be7fe4f26bf53
*** Element info: {Using=xpath, value=id("txttotal")[count(. | //input[@type = 'text' and @id = 'txttotal' and @name = 'txttotal' and @placeholder = 'Req.Qty']) = count(//input[@type = 'text' and @id = 'txttotal' and @name = 'txttotal' and @placeholder = 'Req.Qty'])]})]]></system-out>
         <system-err><![CDATA[2018-05-17 12:06:29 - [TEST_CASE][FAILED] - Test Cases/EMERGENCY TEST CASES/TC_ER_006 Verify Schedule 9 Emergency  Request Are Working Successfully Or Not: Test Cases/EMERGENCY TEST CASES/TC_ER_006 Verify Schedule 9 Emergency  Request Are Working Successfully Or Not FAILED because (of) Unable to get attribute 'value' of object 'Object Repository/Emergency/Page_Store/input_txttotal' (Root cause: org.openqa.selenium.UnhandledAlertException: unexpected alert open: {Alert text : function Error() { [native code] }}
  (Session info: chrome=66.0.3359.139)
  (Driver info: chromedriver=2.35.528161 (5b82f2d2aae0ca24b877009200ced9065a772e73),platform=Windows NT 10.0.17134 x86_64) (WARNING: The server did not provide any stacktrace information)
Command duration or timeout: 0 milliseconds: null
Build info: version: '3.7.1', revision: '8a0099a', time: '2017-11-06T21:07:36.161Z'
System info: host: 'DESKTOP-BLFTK83', ip: '192.168.71.2', os.name: 'Windows 10', os.arch: 'amd64', os.version: '10.0', java.version: '1.8.0_102'
Driver info: com.kms.katalon.selenium.driver.CChromeDriver
Capabilities {acceptInsecureCerts: false, acceptSslCerts: false, applicationCacheEnabled: false, browserConnectionEnabled: false, browserName: chrome, chrome: {chromedriverVersion: 2.35.528161 (5b82f2d2aae0ca..., userDataDir: C:\Users\QUALIT~1\AppData\L...}, cssSelectorsEnabled: true, databaseEnabled: false, handlesAlerts: true, hasTouchScreen: false, javascriptEnabled: true, locationContextEnabled: true, mobileEmulationEnabled: false, nativeEvents: true, networkConnectionEnabled: false, pageLoadStrategy: normal, platform: XP, platformName: XP, rotatable: false, setWindowRect: true, takesHeapSnapshot: true, takesScreenshot: true, unexpectedAlertBehaviour: , unhandledPromptBehavior: , version: 66.0.3359.139, webStorageEnabled: true}
Session ID: 59c46a161d036646150be7fe4f26bf53
*** Element info: {Using=xpath, value=id("txttotal")[count(. | //input[@type = 'text' and @id = 'txttotal' and @name = 'txttotal' and @placeholder = 'Req.Qty']) = count(//input[@type = 'text' and @id = 'txttotal' and @name = 'txttotal' and @placeholder = 'Req.Qty'])]})]]></system-err>
      </testcase>
      <testcase name="Test Cases/EMERGENCY TEST CASES/TC_ER_007 Verify Schedule 12 Emergency  Request Are Working Successfully Or Not" classname="Test Cases/EMERGENCY TEST CASES/TC_ER_007 Verify Schedule 12 Emergency  Request Are Working Successfully Or Not" status="PASSED">
         <system-out><![CDATA[2018-05-17 12:10:18 - [TEST_CASE][PASSED] - Test Cases/EMERGENCY TEST CASES/TC_ER_007 Verify Schedule 12 Emergency  Request Are Working Successfully Or Not: Test Cases/EMERGENCY TEST CASES/TC_ER_007 Verify Schedule 12 Emergency  Request Are Working Successfully Or Not

2018-05-17 12:10:19 - [TEST_STEP][PASSED] - openBrowser: Browser is opened with url: ''

2018-05-17 12:10:19 - [MESSAGE][WARNING] - A browser is already opened. Closing browser and opening a new one

2018-05-17 12:10:21 - [MESSAGE][PASSED] - Browser is opened with url: ''

2018-05-17 12:10:21 - [TEST_STEP][PASSED] - Statement - out.println("Verify Schedule 12 Emergency  Request Are Working Successfully Or Not"): null

2018-05-17 12:10:21 - [TEST_STEP][PASSED] - navigateToUrl: Navigate to 'http://192.168.137.1/Multihospital_New/EmergencyLogin.aspx' successfully

2018-05-17 12:10:24 - [MESSAGE][PASSED] - Navigate to 'http://192.168.137.1/Multihospital_New/EmergencyLogin.aspx' successfully

2018-05-17 12:10:24 - [TEST_STEP][PASSED] - maximizeWindow: Current window maximized

2018-05-17 12:10:26 - [MESSAGE][PASSED] - Current window maximized

2018-05-17 12:10:26 - [TEST_STEP][PASSED] - setText: Text 'nivetha' is set on object 'Object Repository/Emergency/Page_Emergency login/input_txtusername'

2018-05-17 12:10:26 - [MESSAGE][PASSED] - Text 'nivetha' is set on object 'Object Repository/Emergency/Page_Emergency login/input_txtusername'

2018-05-17 12:10:26 - [TEST_STEP][PASSED] - setText: Text '123' is set on object 'Object Repository/Emergency/Page_Emergency login/input_txtpassword'

2018-05-17 12:10:26 - [MESSAGE][PASSED] - Text '123' is set on object 'Object Repository/Emergency/Page_Emergency login/input_txtpassword'

2018-05-17 12:10:26 - [TEST_STEP][PASSED] - delay: Delayed 3 second(s)

2018-05-17 12:10:29 - [MESSAGE][PASSED] - Delayed 3 second(s)

2018-05-17 12:10:29 - [TEST_STEP][PASSED] - click: Object: 'Object Repository/Emergency/Page_Emergency login/button_Sign in' is clicked on

2018-05-17 12:10:30 - [MESSAGE][PASSED] - Object: 'Object Repository/Emergency/Page_Emergency login/button_Sign in' is clicked on

2018-05-17 12:10:30 - [TEST_STEP][PASSED] - delay: Delayed 3 second(s)

2018-05-17 12:10:33 - [MESSAGE][PASSED] - Delayed 3 second(s)

2018-05-17 12:10:33 - [TEST_STEP][PASSED] - click: Object: 'Object Repository/Emergency/Page_KDMC - Emergency/a_Store Request' is clicked on

2018-05-17 12:10:33 - [MESSAGE][PASSED] - Object: 'Object Repository/Emergency/Page_KDMC - Emergency/a_Store Request' is clicked on

2018-05-17 12:10:33 - [TEST_STEP][PASSED] - delay: Delayed 2 second(s)

2018-05-17 12:10:35 - [MESSAGE][PASSED] - Delayed 2 second(s)

2018-05-17 12:10:35 - [TEST_STEP][PASSED] - click: Object: 'Object Repository/Emergency/Page_KDMC - Emergency/a_Medicine Request' is clicked on

2018-05-17 12:10:35 - [MESSAGE][PASSED] - Object: 'Object Repository/Emergency/Page_KDMC - Emergency/a_Medicine Request' is clicked on

2018-05-17 12:10:35 - [TEST_STEP][PASSED] - delay: Delayed 2 second(s)

2018-05-17 12:10:37 - [MESSAGE][PASSED] - Delayed 2 second(s)

2018-05-17 12:10:37 - [TEST_STEP][PASSED] - selectOptionByIndex: All options with index in [7] are selected on object 'Object Repository/Emergency/Page_KDMC - Emergency/select_--Select--Schedule 1Inj'

2018-05-17 12:10:37 - [MESSAGE][PASSED] - All options with index in [7] are selected on object 'Object Repository/Emergency/Page_KDMC - Emergency/select_--Select--Schedule 1Inj'

2018-05-17 12:10:37 - [TEST_STEP][PASSED] - Statement - seletedoptions = com.kms.katalon.core.webui.keyword.WebUiBuiltInKeywords.getNumberOfTotalOption(com.kms.katalon.core.testobject.ObjectRepository.findTestObject(Emergency/Page_KDMC - Emergency/select_--Select--Adernaline 0.)): 19 options of object 'Object Repository/Emergency/Page_KDMC - Emergency/select_--Select--Adernaline 0.' counted

2018-05-17 12:10:37 - [MESSAGE][PASSED] - 19 options of object 'Object Repository/Emergency/Page_KDMC - Emergency/select_--Select--Adernaline 0.' counted

2018-05-17 12:10:37 - [TEST_STEP][PASSED] - Statement - For ([u = 1, u < seletedoptions, (u++)]): Object: 'Object Repository/Emergency/Page_KDMC - Emergency/button_Add' is clicked on

2018-05-17 12:10:37 - [TEST_STEP][PASSED] - selectOptionByIndex: All options with index in [7] are selected on object 'Object Repository/Emergency/Page_KDMC - Emergency/select_--Select--Schedule 1Inj'

2018-05-17 12:10:37 - [MESSAGE][PASSED] - All options with index in [7] are selected on object 'Object Repository/Emergency/Page_KDMC - Emergency/select_--Select--Schedule 1Inj'

2018-05-17 12:10:37 - [TEST_STEP][PASSED] - selectOptionByIndex: All options with index in [1] are selected on object 'Object Repository/Emergency/Page_KDMC - Emergency/select_--Select--Adernaline 0.'

2018-05-17 12:10:38 - [MESSAGE][PASSED] - All options with index in [1] are selected on object 'Object Repository/Emergency/Page_KDMC - Emergency/select_--Select--Adernaline 0.'

2018-05-17 12:10:38 - [TEST_STEP][PASSED] - setText: Text '10' is set on object 'Object Repository/Emergency/Page_KDMC - Emergency/input_txttreat'

2018-05-17 12:10:38 - [MESSAGE][PASSED] - Text '10' is set on object 'Object Repository/Emergency/Page_KDMC - Emergency/input_txttreat'

2018-05-17 12:10:38 - [TEST_STEP][PASSED] - click: Object: 'Object Repository/Emergency/Page_KDMC - Emergency/button_Add' is clicked on

2018-05-17 12:10:38 - [MESSAGE][PASSED] - Object: 'Object Repository/Emergency/Page_KDMC - Emergency/button_Add' is clicked on

2018-05-17 12:10:38 - [TEST_STEP][PASSED] - selectOptionByIndex: All options with index in [7] are selected on object 'Object Repository/Emergency/Page_KDMC - Emergency/select_--Select--Schedule 1Inj'

2018-05-17 12:10:38 - [MESSAGE][PASSED] - All options with index in [7] are selected on object 'Object Repository/Emergency/Page_KDMC - Emergency/select_--Select--Schedule 1Inj'

2018-05-17 12:10:38 - [TEST_STEP][PASSED] - selectOptionByIndex: All options with index in [2] are selected on object 'Object Repository/Emergency/Page_KDMC - Emergency/select_--Select--Adernaline 0.'

2018-05-17 12:10:38 - [MESSAGE][PASSED] - All options with index in [2] are selected on object 'Object Repository/Emergency/Page_KDMC - Emergency/select_--Select--Adernaline 0.'

2018-05-17 12:10:38 - [TEST_STEP][PASSED] - setText: Text '10' is set on object 'Object Repository/Emergency/Page_KDMC - Emergency/input_txttreat'

2018-05-17 12:10:38 - [MESSAGE][PASSED] - Text '10' is set on object 'Object Repository/Emergency/Page_KDMC - Emergency/input_txttreat'

2018-05-17 12:10:38 - [TEST_STEP][PASSED] - click: Object: 'Object Repository/Emergency/Page_KDMC - Emergency/button_Add' is clicked on

2018-05-17 12:10:38 - [MESSAGE][PASSED] - Object: 'Object Repository/Emergency/Page_KDMC - Emergency/button_Add' is clicked on

2018-05-17 12:10:38 - [TEST_STEP][PASSED] - selectOptionByIndex: All options with index in [7] are selected on object 'Object Repository/Emergency/Page_KDMC - Emergency/select_--Select--Schedule 1Inj'

2018-05-17 12:10:38 - [MESSAGE][PASSED] - All options with index in [7] are selected on object 'Object Repository/Emergency/Page_KDMC - Emergency/select_--Select--Schedule 1Inj'

2018-05-17 12:10:38 - [TEST_STEP][PASSED] - selectOptionByIndex: All options with index in [3] are selected on object 'Object Repository/Emergency/Page_KDMC - Emergency/select_--Select--Adernaline 0.'

2018-05-17 12:10:39 - [MESSAGE][PASSED] - All options with index in [3] are selected on object 'Object Repository/Emergency/Page_KDMC - Emergency/select_--Select--Adernaline 0.'

2018-05-17 12:10:39 - [TEST_STEP][PASSED] - setText: Text '10' is set on object 'Object Repository/Emergency/Page_KDMC - Emergency/input_txttreat'

2018-05-17 12:10:39 - [MESSAGE][PASSED] - Text '10' is set on object 'Object Repository/Emergency/Page_KDMC - Emergency/input_txttreat'

2018-05-17 12:10:39 - [TEST_STEP][PASSED] - click: Object: 'Object Repository/Emergency/Page_KDMC - Emergency/button_Add' is clicked on

2018-05-17 12:10:39 - [MESSAGE][PASSED] - Object: 'Object Repository/Emergency/Page_KDMC - Emergency/button_Add' is clicked on

2018-05-17 12:10:39 - [TEST_STEP][PASSED] - selectOptionByIndex: All options with index in [7] are selected on object 'Object Repository/Emergency/Page_KDMC - Emergency/select_--Select--Schedule 1Inj'

2018-05-17 12:10:39 - [MESSAGE][PASSED] - All options with index in [7] are selected on object 'Object Repository/Emergency/Page_KDMC - Emergency/select_--Select--Schedule 1Inj'

2018-05-17 12:10:39 - [TEST_STEP][PASSED] - selectOptionByIndex: All options with index in [4] are selected on object 'Object Repository/Emergency/Page_KDMC - Emergency/select_--Select--Adernaline 0.'

2018-05-17 12:10:39 - [MESSAGE][PASSED] - All options with index in [4] are selected on object 'Object Repository/Emergency/Page_KDMC - Emergency/select_--Select--Adernaline 0.'

2018-05-17 12:10:39 - [TEST_STEP][PASSED] - setText: Text '10' is set on object 'Object Repository/Emergency/Page_KDMC - Emergency/input_txttreat'

2018-05-17 12:10:39 - [MESSAGE][PASSED] - Text '10' is set on object 'Object Repository/Emergency/Page_KDMC - Emergency/input_txttreat'

2018-05-17 12:10:39 - [TEST_STEP][PASSED] - click: Object: 'Object Repository/Emergency/Page_KDMC - Emergency/button_Add' is clicked on

2018-05-17 12:10:39 - [MESSAGE][PASSED] - Object: 'Object Repository/Emergency/Page_KDMC - Emergency/button_Add' is clicked on

2018-05-17 12:10:39 - [TEST_STEP][PASSED] - selectOptionByIndex: All options with index in [7] are selected on object 'Object Repository/Emergency/Page_KDMC - Emergency/select_--Select--Schedule 1Inj'

2018-05-17 12:10:39 - [MESSAGE][PASSED] - All options with index in [7] are selected on object 'Object Repository/Emergency/Page_KDMC - Emergency/select_--Select--Schedule 1Inj'

2018-05-17 12:10:39 - [TEST_STEP][PASSED] - selectOptionByIndex: All options with index in [5] are selected on object 'Object Repository/Emergency/Page_KDMC - Emergency/select_--Select--Adernaline 0.'

2018-05-17 12:10:40 - [MESSAGE][PASSED] - All options with index in [5] are selected on object 'Object Repository/Emergency/Page_KDMC - Emergency/select_--Select--Adernaline 0.'

2018-05-17 12:10:40 - [TEST_STEP][PASSED] - setText: Text '10' is set on object 'Object Repository/Emergency/Page_KDMC - Emergency/input_txttreat'

2018-05-17 12:10:40 - [MESSAGE][PASSED] - Text '10' is set on object 'Object Repository/Emergency/Page_KDMC - Emergency/input_txttreat'

2018-05-17 12:10:40 - [TEST_STEP][PASSED] - click: Object: 'Object Repository/Emergency/Page_KDMC - Emergency/button_Add' is clicked on

2018-05-17 12:10:40 - [MESSAGE][PASSED] - Object: 'Object Repository/Emergency/Page_KDMC - Emergency/button_Add' is clicked on

2018-05-17 12:10:40 - [TEST_STEP][PASSED] - selectOptionByIndex: All options with index in [7] are selected on object 'Object Repository/Emergency/Page_KDMC - Emergency/select_--Select--Schedule 1Inj'

2018-05-17 12:10:40 - [MESSAGE][PASSED] - All options with index in [7] are selected on object 'Object Repository/Emergency/Page_KDMC - Emergency/select_--Select--Schedule 1Inj'

2018-05-17 12:10:40 - [TEST_STEP][PASSED] - selectOptionByIndex: All options with index in [6] are selected on object 'Object Repository/Emergency/Page_KDMC - Emergency/select_--Select--Adernaline 0.'

2018-05-17 12:10:40 - [MESSAGE][PASSED] - All options with index in [6] are selected on object 'Object Repository/Emergency/Page_KDMC - Emergency/select_--Select--Adernaline 0.'

2018-05-17 12:10:40 - [TEST_STEP][PASSED] - setText: Text '10' is set on object 'Object Repository/Emergency/Page_KDMC - Emergency/input_txttreat'

2018-05-17 12:10:40 - [MESSAGE][PASSED] - Text '10' is set on object 'Object Repository/Emergency/Page_KDMC - Emergency/input_txttreat'

2018-05-17 12:10:40 - [TEST_STEP][PASSED] - click: Object: 'Object Repository/Emergency/Page_KDMC - Emergency/button_Add' is clicked on

2018-05-17 12:10:40 - [MESSAGE][PASSED] - Object: 'Object Repository/Emergency/Page_KDMC - Emergency/button_Add' is clicked on

2018-05-17 12:10:40 - [TEST_STEP][PASSED] - selectOptionByIndex: All options with index in [7] are selected on object 'Object Repository/Emergency/Page_KDMC - Emergency/select_--Select--Schedule 1Inj'

2018-05-17 12:10:40 - [MESSAGE][PASSED] - All options with index in [7] are selected on object 'Object Repository/Emergency/Page_KDMC - Emergency/select_--Select--Schedule 1Inj'

2018-05-17 12:10:40 - [TEST_STEP][PASSED] - selectOptionByIndex: All options with index in [7] are selected on object 'Object Repository/Emergency/Page_KDMC - Emergency/select_--Select--Adernaline 0.'

2018-05-17 12:10:41 - [MESSAGE][PASSED] - All options with index in [7] are selected on object 'Object Repository/Emergency/Page_KDMC - Emergency/select_--Select--Adernaline 0.'

2018-05-17 12:10:41 - [TEST_STEP][PASSED] - setText: Text '10' is set on object 'Object Repository/Emergency/Page_KDMC - Emergency/input_txttreat'

2018-05-17 12:10:41 - [MESSAGE][PASSED] - Text '10' is set on object 'Object Repository/Emergency/Page_KDMC - Emergency/input_txttreat'

2018-05-17 12:10:41 - [TEST_STEP][PASSED] - click: Object: 'Object Repository/Emergency/Page_KDMC - Emergency/button_Add' is clicked on

2018-05-17 12:10:41 - [MESSAGE][PASSED] - Object: 'Object Repository/Emergency/Page_KDMC - Emergency/button_Add' is clicked on

2018-05-17 12:10:41 - [TEST_STEP][PASSED] - selectOptionByIndex: All options with index in [7] are selected on object 'Object Repository/Emergency/Page_KDMC - Emergency/select_--Select--Schedule 1Inj'

2018-05-17 12:10:41 - [MESSAGE][PASSED] - All options with index in [7] are selected on object 'Object Repository/Emergency/Page_KDMC - Emergency/select_--Select--Schedule 1Inj'

2018-05-17 12:10:41 - [TEST_STEP][PASSED] - selectOptionByIndex: All options with index in [8] are selected on object 'Object Repository/Emergency/Page_KDMC - Emergency/select_--Select--Adernaline 0.'

2018-05-17 12:10:41 - [MESSAGE][PASSED] - All options with index in [8] are selected on object 'Object Repository/Emergency/Page_KDMC - Emergency/select_--Select--Adernaline 0.'

2018-05-17 12:10:41 - [TEST_STEP][PASSED] - setText: Text '10' is set on object 'Object Repository/Emergency/Page_KDMC - Emergency/input_txttreat'

2018-05-17 12:10:41 - [MESSAGE][PASSED] - Text '10' is set on object 'Object Repository/Emergency/Page_KDMC - Emergency/input_txttreat'

2018-05-17 12:10:41 - [TEST_STEP][PASSED] - click: Object: 'Object Repository/Emergency/Page_KDMC - Emergency/button_Add' is clicked on

2018-05-17 12:10:41 - [MESSAGE][PASSED] - Object: 'Object Repository/Emergency/Page_KDMC - Emergency/button_Add' is clicked on

2018-05-17 12:10:41 - [TEST_STEP][PASSED] - selectOptionByIndex: All options with index in [7] are selected on object 'Object Repository/Emergency/Page_KDMC - Emergency/select_--Select--Schedule 1Inj'

2018-05-17 12:10:41 - [MESSAGE][PASSED] - All options with index in [7] are selected on object 'Object Repository/Emergency/Page_KDMC - Emergency/select_--Select--Schedule 1Inj'

2018-05-17 12:10:41 - [TEST_STEP][PASSED] - selectOptionByIndex: All options with index in [9] are selected on object 'Object Repository/Emergency/Page_KDMC - Emergency/select_--Select--Adernaline 0.'

2018-05-17 12:10:41 - [MESSAGE][PASSED] - All options with index in [9] are selected on object 'Object Repository/Emergency/Page_KDMC - Emergency/select_--Select--Adernaline 0.'

2018-05-17 12:10:41 - [TEST_STEP][PASSED] - setText: Text '10' is set on object 'Object Repository/Emergency/Page_KDMC - Emergency/input_txttreat'

2018-05-17 12:10:42 - [MESSAGE][PASSED] - Text '10' is set on object 'Object Repository/Emergency/Page_KDMC - Emergency/input_txttreat'

2018-05-17 12:10:42 - [TEST_STEP][PASSED] - click: Object: 'Object Repository/Emergency/Page_KDMC - Emergency/button_Add' is clicked on

2018-05-17 12:10:42 - [MESSAGE][PASSED] - Object: 'Object Repository/Emergency/Page_KDMC - Emergency/button_Add' is clicked on

2018-05-17 12:10:42 - [TEST_STEP][PASSED] - selectOptionByIndex: All options with index in [7] are selected on object 'Object Repository/Emergency/Page_KDMC - Emergency/select_--Select--Schedule 1Inj'

2018-05-17 12:10:42 - [MESSAGE][PASSED] - All options with index in [7] are selected on object 'Object Repository/Emergency/Page_KDMC - Emergency/select_--Select--Schedule 1Inj'

2018-05-17 12:10:42 - [TEST_STEP][PASSED] - selectOptionByIndex: All options with index in [10] are selected on object 'Object Repository/Emergency/Page_KDMC - Emergency/select_--Select--Adernaline 0.'

2018-05-17 12:10:42 - [MESSAGE][PASSED] - All options with index in [10] are selected on object 'Object Repository/Emergency/Page_KDMC - Emergency/select_--Select--Adernaline 0.'

2018-05-17 12:10:42 - [TEST_STEP][PASSED] - setText: Text '10' is set on object 'Object Repository/Emergency/Page_KDMC - Emergency/input_txttreat'

2018-05-17 12:10:42 - [MESSAGE][PASSED] - Text '10' is set on object 'Object Repository/Emergency/Page_KDMC - Emergency/input_txttreat'

2018-05-17 12:10:42 - [TEST_STEP][PASSED] - click: Object: 'Object Repository/Emergency/Page_KDMC - Emergency/button_Add' is clicked on

2018-05-17 12:10:42 - [MESSAGE][PASSED] - Object: 'Object Repository/Emergency/Page_KDMC - Emergency/button_Add' is clicked on

2018-05-17 12:10:42 - [TEST_STEP][PASSED] - selectOptionByIndex: All options with index in [7] are selected on object 'Object Repository/Emergency/Page_KDMC - Emergency/select_--Select--Schedule 1Inj'

2018-05-17 12:10:42 - [MESSAGE][PASSED] - All options with index in [7] are selected on object 'Object Repository/Emergency/Page_KDMC - Emergency/select_--Select--Schedule 1Inj'

2018-05-17 12:10:42 - [TEST_STEP][PASSED] - selectOptionByIndex: All options with index in [11] are selected on object 'Object Repository/Emergency/Page_KDMC - Emergency/select_--Select--Adernaline 0.'

2018-05-17 12:10:43 - [MESSAGE][PASSED] - All options with index in [11] are selected on object 'Object Repository/Emergency/Page_KDMC - Emergency/select_--Select--Adernaline 0.'

2018-05-17 12:10:43 - [TEST_STEP][PASSED] - setText: Text '10' is set on object 'Object Repository/Emergency/Page_KDMC - Emergency/input_txttreat'

2018-05-17 12:10:43 - [MESSAGE][PASSED] - Text '10' is set on object 'Object Repository/Emergency/Page_KDMC - Emergency/input_txttreat'

2018-05-17 12:10:43 - [TEST_STEP][PASSED] - click: Object: 'Object Repository/Emergency/Page_KDMC - Emergency/button_Add' is clicked on

2018-05-17 12:10:43 - [MESSAGE][PASSED] - Object: 'Object Repository/Emergency/Page_KDMC - Emergency/button_Add' is clicked on

2018-05-17 12:10:43 - [TEST_STEP][PASSED] - selectOptionByIndex: All options with index in [7] are selected on object 'Object Repository/Emergency/Page_KDMC - Emergency/select_--Select--Schedule 1Inj'

2018-05-17 12:10:43 - [MESSAGE][PASSED] - All options with index in [7] are selected on object 'Object Repository/Emergency/Page_KDMC - Emergency/select_--Select--Schedule 1Inj'

2018-05-17 12:10:43 - [TEST_STEP][PASSED] - selectOptionByIndex: All options with index in [12] are selected on object 'Object Repository/Emergency/Page_KDMC - Emergency/select_--Select--Adernaline 0.'

2018-05-17 12:10:43 - [MESSAGE][PASSED] - All options with index in [12] are selected on object 'Object Repository/Emergency/Page_KDMC - Emergency/select_--Select--Adernaline 0.'

2018-05-17 12:10:43 - [TEST_STEP][PASSED] - setText: Text '10' is set on object 'Object Repository/Emergency/Page_KDMC - Emergency/input_txttreat'

2018-05-17 12:10:43 - [MESSAGE][PASSED] - Text '10' is set on object 'Object Repository/Emergency/Page_KDMC - Emergency/input_txttreat'

2018-05-17 12:10:43 - [TEST_STEP][PASSED] - click: Object: 'Object Repository/Emergency/Page_KDMC - Emergency/button_Add' is clicked on

2018-05-17 12:10:43 - [MESSAGE][PASSED] - Object: 'Object Repository/Emergency/Page_KDMC - Emergency/button_Add' is clicked on

2018-05-17 12:10:43 - [TEST_STEP][PASSED] - selectOptionByIndex: All options with index in [7] are selected on object 'Object Repository/Emergency/Page_KDMC - Emergency/select_--Select--Schedule 1Inj'

2018-05-17 12:10:43 - [MESSAGE][PASSED] - All options with index in [7] are selected on object 'Object Repository/Emergency/Page_KDMC - Emergency/select_--Select--Schedule 1Inj'

2018-05-17 12:10:43 - [TEST_STEP][PASSED] - selectOptionByIndex: All options with index in [13] are selected on object 'Object Repository/Emergency/Page_KDMC - Emergency/select_--Select--Adernaline 0.'

2018-05-17 12:10:44 - [MESSAGE][PASSED] - All options with index in [13] are selected on object 'Object Repository/Emergency/Page_KDMC - Emergency/select_--Select--Adernaline 0.'

2018-05-17 12:10:44 - [TEST_STEP][PASSED] - setText: Text '10' is set on object 'Object Repository/Emergency/Page_KDMC - Emergency/input_txttreat'

2018-05-17 12:10:44 - [MESSAGE][PASSED] - Text '10' is set on object 'Object Repository/Emergency/Page_KDMC - Emergency/input_txttreat'

2018-05-17 12:10:44 - [TEST_STEP][PASSED] - click: Object: 'Object Repository/Emergency/Page_KDMC - Emergency/button_Add' is clicked on

2018-05-17 12:10:44 - [MESSAGE][PASSED] - Object: 'Object Repository/Emergency/Page_KDMC - Emergency/button_Add' is clicked on

2018-05-17 12:10:44 - [TEST_STEP][PASSED] - selectOptionByIndex: All options with index in [7] are selected on object 'Object Repository/Emergency/Page_KDMC - Emergency/select_--Select--Schedule 1Inj'

2018-05-17 12:10:44 - [MESSAGE][PASSED] - All options with index in [7] are selected on object 'Object Repository/Emergency/Page_KDMC - Emergency/select_--Select--Schedule 1Inj'

2018-05-17 12:10:44 - [TEST_STEP][PASSED] - selectOptionByIndex: All options with index in [14] are selected on object 'Object Repository/Emergency/Page_KDMC - Emergency/select_--Select--Adernaline 0.'

2018-05-17 12:10:44 - [MESSAGE][PASSED] - All options with index in [14] are selected on object 'Object Repository/Emergency/Page_KDMC - Emergency/select_--Select--Adernaline 0.'

2018-05-17 12:10:44 - [TEST_STEP][PASSED] - setText: Text '10' is set on object 'Object Repository/Emergency/Page_KDMC - Emergency/input_txttreat'

2018-05-17 12:10:44 - [MESSAGE][PASSED] - Text '10' is set on object 'Object Repository/Emergency/Page_KDMC - Emergency/input_txttreat'

2018-05-17 12:10:44 - [TEST_STEP][PASSED] - click: Object: 'Object Repository/Emergency/Page_KDMC - Emergency/button_Add' is clicked on

2018-05-17 12:10:44 - [MESSAGE][PASSED] - Object: 'Object Repository/Emergency/Page_KDMC - Emergency/button_Add' is clicked on

2018-05-17 12:10:44 - [TEST_STEP][PASSED] - selectOptionByIndex: All options with index in [7] are selected on object 'Object Repository/Emergency/Page_KDMC - Emergency/select_--Select--Schedule 1Inj'

2018-05-17 12:10:45 - [MESSAGE][PASSED] - All options with index in [7] are selected on object 'Object Repository/Emergency/Page_KDMC - Emergency/select_--Select--Schedule 1Inj'

2018-05-17 12:10:45 - [TEST_STEP][PASSED] - selectOptionByIndex: All options with index in [15] are selected on object 'Object Repository/Emergency/Page_KDMC - Emergency/select_--Select--Adernaline 0.'

2018-05-17 12:10:45 - [MESSAGE][PASSED] - All options with index in [15] are selected on object 'Object Repository/Emergency/Page_KDMC - Emergency/select_--Select--Adernaline 0.'

2018-05-17 12:10:45 - [TEST_STEP][PASSED] - setText: Text '10' is set on object 'Object Repository/Emergency/Page_KDMC - Emergency/input_txttreat'

2018-05-17 12:10:45 - [MESSAGE][PASSED] - Text '10' is set on object 'Object Repository/Emergency/Page_KDMC - Emergency/input_txttreat'

2018-05-17 12:10:45 - [TEST_STEP][PASSED] - click: Object: 'Object Repository/Emergency/Page_KDMC - Emergency/button_Add' is clicked on

2018-05-17 12:10:45 - [MESSAGE][PASSED] - Object: 'Object Repository/Emergency/Page_KDMC - Emergency/button_Add' is clicked on

2018-05-17 12:10:45 - [TEST_STEP][PASSED] - selectOptionByIndex: All options with index in [7] are selected on object 'Object Repository/Emergency/Page_KDMC - Emergency/select_--Select--Schedule 1Inj'

2018-05-17 12:10:45 - [MESSAGE][PASSED] - All options with index in [7] are selected on object 'Object Repository/Emergency/Page_KDMC - Emergency/select_--Select--Schedule 1Inj'

2018-05-17 12:10:45 - [TEST_STEP][PASSED] - selectOptionByIndex: All options with index in [16] are selected on object 'Object Repository/Emergency/Page_KDMC - Emergency/select_--Select--Adernaline 0.'

2018-05-17 12:10:45 - [MESSAGE][PASSED] - All options with index in [16] are selected on object 'Object Repository/Emergency/Page_KDMC - Emergency/select_--Select--Adernaline 0.'

2018-05-17 12:10:45 - [TEST_STEP][PASSED] - setText: Text '10' is set on object 'Object Repository/Emergency/Page_KDMC - Emergency/input_txttreat'

2018-05-17 12:10:45 - [MESSAGE][PASSED] - Text '10' is set on object 'Object Repository/Emergency/Page_KDMC - Emergency/input_txttreat'

2018-05-17 12:10:45 - [TEST_STEP][PASSED] - click: Object: 'Object Repository/Emergency/Page_KDMC - Emergency/button_Add' is clicked on

2018-05-17 12:10:46 - [MESSAGE][PASSED] - Object: 'Object Repository/Emergency/Page_KDMC - Emergency/button_Add' is clicked on

2018-05-17 12:10:46 - [TEST_STEP][PASSED] - selectOptionByIndex: All options with index in [7] are selected on object 'Object Repository/Emergency/Page_KDMC - Emergency/select_--Select--Schedule 1Inj'

2018-05-17 12:10:46 - [MESSAGE][PASSED] - All options with index in [7] are selected on object 'Object Repository/Emergency/Page_KDMC - Emergency/select_--Select--Schedule 1Inj'

2018-05-17 12:10:46 - [TEST_STEP][PASSED] - selectOptionByIndex: All options with index in [17] are selected on object 'Object Repository/Emergency/Page_KDMC - Emergency/select_--Select--Adernaline 0.'

2018-05-17 12:10:46 - [MESSAGE][PASSED] - All options with index in [17] are selected on object 'Object Repository/Emergency/Page_KDMC - Emergency/select_--Select--Adernaline 0.'

2018-05-17 12:10:46 - [TEST_STEP][PASSED] - setText: Text '10' is set on object 'Object Repository/Emergency/Page_KDMC - Emergency/input_txttreat'

2018-05-17 12:10:46 - [MESSAGE][PASSED] - Text '10' is set on object 'Object Repository/Emergency/Page_KDMC - Emergency/input_txttreat'

2018-05-17 12:10:46 - [TEST_STEP][PASSED] - click: Object: 'Object Repository/Emergency/Page_KDMC - Emergency/button_Add' is clicked on

2018-05-17 12:10:46 - [MESSAGE][PASSED] - Object: 'Object Repository/Emergency/Page_KDMC - Emergency/button_Add' is clicked on

2018-05-17 12:10:46 - [TEST_STEP][PASSED] - selectOptionByIndex: All options with index in [7] are selected on object 'Object Repository/Emergency/Page_KDMC - Emergency/select_--Select--Schedule 1Inj'

2018-05-17 12:10:46 - [MESSAGE][PASSED] - All options with index in [7] are selected on object 'Object Repository/Emergency/Page_KDMC - Emergency/select_--Select--Schedule 1Inj'

2018-05-17 12:10:46 - [TEST_STEP][PASSED] - selectOptionByIndex: All options with index in [18] are selected on object 'Object Repository/Emergency/Page_KDMC - Emergency/select_--Select--Adernaline 0.'

2018-05-17 12:10:47 - [MESSAGE][PASSED] - All options with index in [18] are selected on object 'Object Repository/Emergency/Page_KDMC - Emergency/select_--Select--Adernaline 0.'

2018-05-17 12:10:47 - [TEST_STEP][PASSED] - setText: Text '10' is set on object 'Object Repository/Emergency/Page_KDMC - Emergency/input_txttreat'

2018-05-17 12:10:47 - [MESSAGE][PASSED] - Text '10' is set on object 'Object Repository/Emergency/Page_KDMC - Emergency/input_txttreat'

2018-05-17 12:10:47 - [TEST_STEP][PASSED] - click: Object: 'Object Repository/Emergency/Page_KDMC - Emergency/button_Add' is clicked on

2018-05-17 12:10:47 - [MESSAGE][PASSED] - Object: 'Object Repository/Emergency/Page_KDMC - Emergency/button_Add' is clicked on

2018-05-17 12:10:47 - [TEST_STEP][PASSED] - scrollToElement: Scroll to object 'Object Repository/Emergency/Page_KDMC - Emergency/input_btnsave' successfully

2018-05-17 12:10:47 - [MESSAGE][PASSED] - Scroll to object 'Object Repository/Emergency/Page_KDMC - Emergency/input_btnsave' successfully

2018-05-17 12:10:47 - [TEST_STEP][PASSED] - click: Object: 'Object Repository/Emergency/Page_KDMC - Emergency/input_btnsave' is clicked on

2018-05-17 12:10:47 - [MESSAGE][PASSED] - Object: 'Object Repository/Emergency/Page_KDMC - Emergency/input_btnsave' is clicked on

2018-05-17 12:10:47 - [TEST_STEP][PASSED] - delay: Delayed 3 second(s)

2018-05-17 12:10:50 - [MESSAGE][PASSED] - Delayed 3 second(s)

2018-05-17 12:10:50 - [TEST_STEP][PASSED] - Statement - RequestNumber = com.kms.katalon.core.webui.keyword.WebUiBuiltInKeywords.getText(com.kms.katalon.core.testobject.ObjectRepository.findTestObject(Emergency/Page_KDMC - Emergency/font_ERNO100520183)): Text of object 'Object Repository/Emergency/Page_KDMC - Emergency/font_ERNO100520183' is: 'ERNO/17052018/240'

2018-05-17 12:10:50 - [MESSAGE][PASSED] - Text of object 'Object Repository/Emergency/Page_KDMC - Emergency/font_ERNO100520183' is: 'ERNO/17052018/240'

2018-05-17 12:10:50 - [TEST_STEP][PASSED] - Statement - Rno = RequestNumber.split("/")[2]: null

2018-05-17 12:10:50 - [TEST_STEP][PASSED] - Statement - out.println(Rno): null

2018-05-17 12:10:50 - [TEST_STEP][PASSED] - click: Object: 'Object Repository/Emergency/Page_KDMC - Emergency/button_OK' is clicked on

2018-05-17 12:10:50 - [MESSAGE][PASSED] - Object: 'Object Repository/Emergency/Page_KDMC - Emergency/button_OK' is clicked on

2018-05-17 12:10:50 - [TEST_STEP][PASSED] - delay: Delayed 3 second(s)

2018-05-17 12:10:53 - [MESSAGE][PASSED] - Delayed 3 second(s)

2018-05-17 12:10:53 - [TEST_STEP][PASSED] - click: Object: 'Object Repository/Emergency/Page_KDMC - Emergency/a_dropdown-toggle' is clicked on

2018-05-17 12:10:53 - [MESSAGE][PASSED] - Object: 'Object Repository/Emergency/Page_KDMC - Emergency/a_dropdown-toggle' is clicked on

2018-05-17 12:10:53 - [TEST_STEP][PASSED] - click: Object: 'Object Repository/Emergency/Page_KDMC - Emergency/a_Sign out' is clicked on

2018-05-17 12:10:54 - [MESSAGE][PASSED] - Object: 'Object Repository/Emergency/Page_KDMC - Emergency/a_Sign out' is clicked on

2018-05-17 12:10:54 - [TEST_STEP][PASSED] - delay: Delayed 3 second(s)

2018-05-17 12:10:57 - [MESSAGE][PASSED] - Delayed 3 second(s)

2018-05-17 12:10:57 - [TEST_STEP][PASSED] - click: Object: 'Object Repository/Emergency/Page_KDMC/a_CMO' is clicked on

2018-05-17 12:10:58 - [MESSAGE][PASSED] - Object: 'Object Repository/Emergency/Page_KDMC/a_CMO' is clicked on

2018-05-17 12:10:58 - [TEST_STEP][PASSED] - setText: Text 'guru' is set on object 'Object Repository/Emergency/Page_CMO login/input_txtusername'

2018-05-17 12:10:58 - [MESSAGE][PASSED] - Text 'guru' is set on object 'Object Repository/Emergency/Page_CMO login/input_txtusername'

2018-05-17 12:10:58 - [TEST_STEP][PASSED] - setText: Text '123' is set on object 'Object Repository/Emergency/Page_CMO login/input_txtpassword'

2018-05-17 12:10:58 - [MESSAGE][PASSED] - Text '123' is set on object 'Object Repository/Emergency/Page_CMO login/input_txtpassword'

2018-05-17 12:10:58 - [TEST_STEP][PASSED] - delay: Delayed 3 second(s)

2018-05-17 12:11:01 - [MESSAGE][PASSED] - Delayed 3 second(s)

2018-05-17 12:11:01 - [TEST_STEP][PASSED] - click: Object: 'Object Repository/Emergency/Page_CMO login/button_Sign in' is clicked on

2018-05-17 12:11:02 - [MESSAGE][PASSED] - Object: 'Object Repository/Emergency/Page_CMO login/button_Sign in' is clicked on

2018-05-17 12:11:02 - [TEST_STEP][PASSED] - delay: Delayed 2 second(s)

2018-05-17 12:11:04 - [MESSAGE][PASSED] - Delayed 2 second(s)

2018-05-17 12:11:04 - [TEST_STEP][PASSED] - click: Object: 'Object Repository/Emergency/Page_KDMC - CMO/a_Department Wise Request' is clicked on

2018-05-17 12:11:05 - [MESSAGE][PASSED] - Object: 'Object Repository/Emergency/Page_KDMC - CMO/a_Department Wise Request' is clicked on

2018-05-17 12:11:05 - [TEST_STEP][PASSED] - selectOptionByIndex: All options with index in [7] are selected on object 'Object Repository/Emergency/Page_KDMC - CMO/select_--ALL--'

2018-05-17 12:11:05 - [MESSAGE][PASSED] - All options with index in [7] are selected on object 'Object Repository/Emergency/Page_KDMC - CMO/select_--ALL--'

2018-05-17 12:11:05 - [TEST_STEP][PASSED] - selectOptionByIndex: All options with index in [1] are selected on object 'Object Repository/Emergency/Page_KDMC - CMO/select_--ALL--                _1'

2018-05-17 12:11:05 - [MESSAGE][PASSED] - All options with index in [1] are selected on object 'Object Repository/Emergency/Page_KDMC - CMO/select_--ALL--                _1'

2018-05-17 12:11:05 - [TEST_STEP][PASSED] - click: Object: 'Object Repository/Emergency/Page_KDMC - CMO/input_btnsearch' is clicked on

2018-05-17 12:11:05 - [MESSAGE][PASSED] - Object: 'Object Repository/Emergency/Page_KDMC - CMO/input_btnsearch' is clicked on

2018-05-17 12:11:05 - [TEST_STEP][PASSED] - Statement - ID = com.kms.katalon.core.webui.keyword.WebUiBuiltInKeywords.modifyObjectProperty(com.kms.katalon.core.testobject.ObjectRepository.findTestObject(Emergency/Page_KDMC - CMO/input_3), "xpath", "equals", "//*[@id=" + Rno + "]", true): Modify property of object successfully

2018-05-17 12:11:05 - [MESSAGE][PASSED] - Modify property of object successfully

2018-05-17 12:11:05 - [TEST_STEP][PASSED] - click: Object: 'Object Repository/Emergency/Page_KDMC - CMO/input_3' is clicked on

2018-05-17 12:11:06 - [MESSAGE][PASSED] - Object: 'Object Repository/Emergency/Page_KDMC - CMO/input_3' is clicked on

2018-05-17 12:11:06 - [TEST_STEP][PASSED] - delay: Delayed 2 second(s)

2018-05-17 12:11:08 - [MESSAGE][PASSED] - Delayed 2 second(s)

2018-05-17 12:11:08 - [TEST_STEP][PASSED] - selectOptionByIndex: All options with index in [1] are selected on object 'Object Repository/Emergency/Page_KDMC - CMO/select_--Select--'

2018-05-17 12:11:08 - [MESSAGE][PASSED] - All options with index in [1] are selected on object 'Object Repository/Emergency/Page_KDMC - CMO/select_--Select--'

2018-05-17 12:11:08 - [TEST_STEP][PASSED] - click: Object: 'Object Repository/Emergency/Page_KDMC - CMO/input_btnupdate' is clicked on

2018-05-17 12:11:08 - [MESSAGE][PASSED] - Object: 'Object Repository/Emergency/Page_KDMC - CMO/input_btnupdate' is clicked on

2018-05-17 12:11:08 - [TEST_STEP][PASSED] - delay: Delayed 2 second(s)

2018-05-17 12:11:10 - [MESSAGE][PASSED] - Delayed 2 second(s)

2018-05-17 12:11:10 - [TEST_STEP][PASSED] - click: Object: 'Object Repository/Emergency/Page_KDMC - CMO/button_OK' is clicked on

2018-05-17 12:11:11 - [MESSAGE][PASSED] - Object: 'Object Repository/Emergency/Page_KDMC - CMO/button_OK' is clicked on

2018-05-17 12:11:11 - [TEST_STEP][PASSED] - delay: Delayed 2 second(s)

2018-05-17 12:11:13 - [MESSAGE][PASSED] - Delayed 2 second(s)

2018-05-17 12:11:13 - [TEST_STEP][PASSED] - click: Object: 'Object Repository/Emergency/Page_KDMC - CMO/a_dropdown-toggle' is clicked on

2018-05-17 12:11:13 - [MESSAGE][PASSED] - Object: 'Object Repository/Emergency/Page_KDMC - CMO/a_dropdown-toggle' is clicked on

2018-05-17 12:11:13 - [TEST_STEP][PASSED] - click: Object: 'Object Repository/Emergency/Page_KDMC - CMO/a_Sign out' is clicked on

2018-05-17 12:11:14 - [MESSAGE][PASSED] - Object: 'Object Repository/Emergency/Page_KDMC - CMO/a_Sign out' is clicked on

2018-05-17 12:11:14 - [TEST_STEP][PASSED] - delay: Delayed 3 second(s)

2018-05-17 12:11:17 - [MESSAGE][PASSED] - Delayed 3 second(s)

2018-05-17 12:11:17 - [TEST_STEP][PASSED] - click: Object: 'Object Repository/Emergency/Page_KDMC/a_Divisional Store' is clicked on

2018-05-17 12:11:17 - [MESSAGE][PASSED] - Object: 'Object Repository/Emergency/Page_KDMC/a_Divisional Store' is clicked on

2018-05-17 12:11:17 - [TEST_STEP][PASSED] - setText: Text 'ragu' is set on object 'Object Repository/Emergency/Page_Divisonal Store Login/input_txtusername'

2018-05-17 12:11:17 - [MESSAGE][PASSED] - Text 'ragu' is set on object 'Object Repository/Emergency/Page_Divisonal Store Login/input_txtusername'

2018-05-17 12:11:17 - [TEST_STEP][PASSED] - setText: Text '123' is set on object 'Object Repository/Emergency/Page_Divisonal Store Login/input_txtpassword'

2018-05-17 12:11:17 - [MESSAGE][PASSED] - Text '123' is set on object 'Object Repository/Emergency/Page_Divisonal Store Login/input_txtpassword'

2018-05-17 12:11:17 - [TEST_STEP][PASSED] - delay: Delayed 3 second(s)

2018-05-17 12:11:20 - [MESSAGE][PASSED] - Delayed 3 second(s)

2018-05-17 12:11:20 - [TEST_STEP][PASSED] - click: Object: 'Object Repository/Emergency/Page_Divisonal Store Login/button_Sign in' is clicked on

2018-05-17 12:11:22 - [MESSAGE][PASSED] - Object: 'Object Repository/Emergency/Page_Divisonal Store Login/button_Sign in' is clicked on

2018-05-17 12:11:22 - [TEST_STEP][PASSED] - delay: Delayed 2 second(s)

2018-05-17 12:11:24 - [MESSAGE][PASSED] - Delayed 2 second(s)

2018-05-17 12:11:24 - [TEST_STEP][PASSED] - click: Object: 'Object Repository/Emergency/Page_Store/a_Emergency Request' is clicked on

2018-05-17 12:11:24 - [MESSAGE][PASSED] - Object: 'Object Repository/Emergency/Page_Store/a_Emergency Request' is clicked on

2018-05-17 12:11:24 - [TEST_STEP][PASSED] - click: Object: 'Object Repository/Emergency/Page_Store/a_Request Item Emergency' is clicked on

2018-05-17 12:11:24 - [MESSAGE][PASSED] - Object: 'Object Repository/Emergency/Page_Store/a_Request Item Emergency' is clicked on

2018-05-17 12:11:24 - [TEST_STEP][PASSED] - setText: Text '240' is set on object 'Object Repository/Emergency/Page_Store/input'

2018-05-17 12:11:24 - [MESSAGE][PASSED] - Text '240' is set on object 'Object Repository/Emergency/Page_Store/input'

2018-05-17 12:11:24 - [TEST_STEP][PASSED] - Statement - ChooseRequest = com.kms.katalon.core.webui.keyword.WebUiBuiltInKeywords.modifyObjectProperty(com.kms.katalon.core.testobject.ObjectRepository.findTestObject(Emergency/Page_Store/input_3), "xpath", "equals", "//*[@id=" + Rno + "]", true): Modify property of object successfully

2018-05-17 12:11:24 - [MESSAGE][PASSED] - Modify property of object successfully

2018-05-17 12:11:24 - [TEST_STEP][PASSED] - click: Object: 'Object Repository/Emergency/Page_Store/input_3' is clicked on

2018-05-17 12:11:25 - [MESSAGE][PASSED] - Object: 'Object Repository/Emergency/Page_Store/input_3' is clicked on

2018-05-17 12:11:25 - [TEST_STEP][PASSED] - delay: Delayed 2 second(s)

2018-05-17 12:11:27 - [MESSAGE][PASSED] - Delayed 2 second(s)

2018-05-17 12:11:27 - [TEST_STEP][PASSED] - Statement - selectedoptions1 = com.kms.katalon.core.webui.keyword.WebUiBuiltInKeywords.getNumberOfTotalOption(com.kms.katalon.core.testobject.ObjectRepository.findTestObject(Emergency/Page_Store/select_--Select--Amikacin -500)): 19 options of object 'Object Repository/Emergency/Page_Store/select_--Select--Amikacin -500' counted

2018-05-17 12:11:27 - [MESSAGE][PASSED] - 19 options of object 'Object Repository/Emergency/Page_Store/select_--Select--Amikacin -500' counted

2018-05-17 12:11:27 - [TEST_STEP][PASSED] - Statement - For ([a = 1, a <= selectedoptions1 - 1, (a++)]): null

2018-05-17 12:11:27 - [TEST_STEP][PASSED] - selectOptionByIndex: All options with index in [1] are selected on object 'Object Repository/Emergency/Page_Store/select_--Select--Amikacin -500'

2018-05-17 12:11:27 - [MESSAGE][PASSED] - All options with index in [1] are selected on object 'Object Repository/Emergency/Page_Store/select_--Select--Amikacin -500'

2018-05-17 12:11:27 - [TEST_STEP][PASSED] - delay: Delayed 2 second(s)

2018-05-17 12:11:29 - [MESSAGE][PASSED] - Delayed 2 second(s)

2018-05-17 12:11:29 - [TEST_STEP][PASSED] - Statement - RequestedQty = com.kms.katalon.core.webui.keyword.WebUiBuiltInKeywords.getAttribute(com.kms.katalon.core.testobject.ObjectRepository.findTestObject(Emergency/Page_Store/input_txttotal), "value"): Attribute 'value' of object 'Object Repository/Emergency/Page_Store/input_txttotal' is: '10'

2018-05-17 12:11:29 - [MESSAGE][PASSED] - Attribute 'value' of object 'Object Repository/Emergency/Page_Store/input_txttotal' is: '10'

2018-05-17 12:11:29 - [TEST_STEP][PASSED] - Statement - out.println("Requested QTY : " + RequestedQty): null

2018-05-17 12:11:29 - [TEST_STEP][PASSED] - Statement - BatchNumber = com.kms.katalon.core.webui.keyword.WebUiBuiltInKeywords.getNumberOfTotalOption(com.kms.katalon.core.testobject.ObjectRepository.findTestObject(Emergency/Page_Store/select_--Select--BA1150BA4110)): 3 options of object 'Object Repository/Emergency/Page_Store/select_--Select--BA1150BA4110' counted

2018-05-17 12:11:29 - [MESSAGE][PASSED] - 3 options of object 'Object Repository/Emergency/Page_Store/select_--Select--BA1150BA4110' counted

2018-05-17 12:11:29 - [TEST_STEP][PASSED] - Statement - For ([g = 1, g <= BatchNumber - 1, (g++)]): null

2018-05-17 12:11:29 - [TEST_STEP][PASSED] - selectOptionByIndex: All options with index in [1] are selected on object 'Object Repository/Emergency/Page_Store/select_--Select--BA1150BA4110'

2018-05-17 12:11:29 - [MESSAGE][PASSED] - All options with index in [1] are selected on object 'Object Repository/Emergency/Page_Store/select_--Select--BA1150BA4110'

2018-05-17 12:11:29 - [TEST_STEP][PASSED] - delay: Delayed 2 second(s)

2018-05-17 12:11:31 - [MESSAGE][PASSED] - Delayed 2 second(s)

2018-05-17 12:11:31 - [TEST_STEP][PASSED] - Statement - Try: null

2018-05-17 12:11:31 - [TEST_STEP][PASSED] - Statement - StockQty = com.kms.katalon.core.webui.keyword.WebUiBuiltInKeywords.getAttribute(com.kms.katalon.core.testobject.ObjectRepository.findTestObject(Emergency/Page_Store/input_txtprice), "value"): Attribute 'value' of object 'Object Repository/Emergency/Page_Store/input_txtprice' is: '90'

2018-05-17 12:11:31 - [MESSAGE][PASSED] - Attribute 'value' of object 'Object Repository/Emergency/Page_Store/input_txtprice' is: '90'

2018-05-17 12:11:31 - [TEST_STEP][PASSED] - Statement - out.println("Stock QTY : " + StockQty): null

2018-05-17 12:11:31 - [TEST_STEP][PASSED] - delay: Delayed 2 second(s)

2018-05-17 12:11:33 - [MESSAGE][PASSED] - Delayed 2 second(s)

2018-05-17 12:11:33 - [TEST_STEP][PASSED] - Statement - If (java.lang.Integer.valueOf(StockQty) >= java.lang.Integer.valueOf(RequestedQty)): null

2018-05-17 12:11:33 - [TEST_STEP][PASSED] - delay: Delayed 1 second(s)

2018-05-17 12:11:34 - [MESSAGE][PASSED] - Delayed 1 second(s)

2018-05-17 12:11:34 - [TEST_STEP][PASSED] - setText: Text '10' is set on object 'Object Repository/Emergency/Page_Store/input_txtqty'

2018-05-17 12:11:35 - [MESSAGE][PASSED] - Text '10' is set on object 'Object Repository/Emergency/Page_Store/input_txtqty'

2018-05-17 12:11:35 - [TEST_STEP][PASSED] - click: Object: 'Object Repository/Emergency/Page_Store/button_Add' is clicked on

2018-05-17 12:11:35 - [MESSAGE][PASSED] - Object: 'Object Repository/Emergency/Page_Store/button_Add' is clicked on

2018-05-17 12:11:35 - [TEST_STEP][PASSED] - Statement - Break: null

2018-05-17 12:11:35 - [TEST_STEP][PASSED] - selectOptionByIndex: All options with index in [2] are selected on object 'Object Repository/Emergency/Page_Store/select_--Select--Amikacin -500'

2018-05-17 12:11:35 - [MESSAGE][PASSED] - All options with index in [2] are selected on object 'Object Repository/Emergency/Page_Store/select_--Select--Amikacin -500'

2018-05-17 12:11:35 - [TEST_STEP][PASSED] - delay: Delayed 2 second(s)

2018-05-17 12:11:37 - [MESSAGE][PASSED] - Delayed 2 second(s)

2018-05-17 12:11:37 - [TEST_STEP][PASSED] - Statement - RequestedQty = com.kms.katalon.core.webui.keyword.WebUiBuiltInKeywords.getAttribute(com.kms.katalon.core.testobject.ObjectRepository.findTestObject(Emergency/Page_Store/input_txttotal), "value"): Attribute 'value' of object 'Object Repository/Emergency/Page_Store/input_txttotal' is: '10'

2018-05-17 12:11:37 - [MESSAGE][PASSED] - Attribute 'value' of object 'Object Repository/Emergency/Page_Store/input_txttotal' is: '10'

2018-05-17 12:11:37 - [TEST_STEP][PASSED] - Statement - out.println("Requested QTY : " + RequestedQty): null

2018-05-17 12:11:37 - [TEST_STEP][PASSED] - Statement - BatchNumber = com.kms.katalon.core.webui.keyword.WebUiBuiltInKeywords.getNumberOfTotalOption(com.kms.katalon.core.testobject.ObjectRepository.findTestObject(Emergency/Page_Store/select_--Select--BA1150BA4110)): 2 options of object 'Object Repository/Emergency/Page_Store/select_--Select--BA1150BA4110' counted

2018-05-17 12:11:37 - [MESSAGE][PASSED] - 2 options of object 'Object Repository/Emergency/Page_Store/select_--Select--BA1150BA4110' counted

2018-05-17 12:11:37 - [TEST_STEP][PASSED] - Statement - For ([g = 1, g <= BatchNumber - 1, (g++)]): null

2018-05-17 12:11:37 - [TEST_STEP][PASSED] - selectOptionByIndex: All options with index in [1] are selected on object 'Object Repository/Emergency/Page_Store/select_--Select--BA1150BA4110'

2018-05-17 12:11:37 - [MESSAGE][PASSED] - All options with index in [1] are selected on object 'Object Repository/Emergency/Page_Store/select_--Select--BA1150BA4110'

2018-05-17 12:11:37 - [TEST_STEP][PASSED] - delay: Delayed 2 second(s)

2018-05-17 12:11:39 - [MESSAGE][PASSED] - Delayed 2 second(s)

2018-05-17 12:11:39 - [TEST_STEP][PASSED] - Statement - Try: null

2018-05-17 12:11:39 - [TEST_STEP][PASSED] - Statement - StockQty = com.kms.katalon.core.webui.keyword.WebUiBuiltInKeywords.getAttribute(com.kms.katalon.core.testobject.ObjectRepository.findTestObject(Emergency/Page_Store/input_txtprice), "value"): Attribute 'value' of object 'Object Repository/Emergency/Page_Store/input_txtprice' is: '919'

2018-05-17 12:11:39 - [MESSAGE][PASSED] - Attribute 'value' of object 'Object Repository/Emergency/Page_Store/input_txtprice' is: '919'

2018-05-17 12:11:39 - [TEST_STEP][PASSED] - Statement - out.println("Stock QTY : " + StockQty): null

2018-05-17 12:11:39 - [TEST_STEP][PASSED] - delay: Delayed 2 second(s)

2018-05-17 12:11:41 - [MESSAGE][PASSED] - Delayed 2 second(s)

2018-05-17 12:11:41 - [TEST_STEP][PASSED] - Statement - If (java.lang.Integer.valueOf(StockQty) >= java.lang.Integer.valueOf(RequestedQty)): null

2018-05-17 12:11:41 - [TEST_STEP][PASSED] - delay: Delayed 1 second(s)

2018-05-17 12:11:42 - [MESSAGE][PASSED] - Delayed 1 second(s)

2018-05-17 12:11:42 - [TEST_STEP][PASSED] - setText: Text '10' is set on object 'Object Repository/Emergency/Page_Store/input_txtqty'

2018-05-17 12:11:42 - [MESSAGE][PASSED] - Text '10' is set on object 'Object Repository/Emergency/Page_Store/input_txtqty'

2018-05-17 12:11:42 - [TEST_STEP][PASSED] - click: Object: 'Object Repository/Emergency/Page_Store/button_Add' is clicked on

2018-05-17 12:11:42 - [MESSAGE][PASSED] - Object: 'Object Repository/Emergency/Page_Store/button_Add' is clicked on

2018-05-17 12:11:42 - [TEST_STEP][PASSED] - Statement - Break: null

2018-05-17 12:11:42 - [TEST_STEP][PASSED] - selectOptionByIndex: All options with index in [3] are selected on object 'Object Repository/Emergency/Page_Store/select_--Select--Amikacin -500'

2018-05-17 12:11:42 - [MESSAGE][PASSED] - All options with index in [3] are selected on object 'Object Repository/Emergency/Page_Store/select_--Select--Amikacin -500'

2018-05-17 12:11:42 - [TEST_STEP][PASSED] - delay: Delayed 2 second(s)

2018-05-17 12:11:44 - [MESSAGE][PASSED] - Delayed 2 second(s)

2018-05-17 12:11:44 - [TEST_STEP][PASSED] - Statement - RequestedQty = com.kms.katalon.core.webui.keyword.WebUiBuiltInKeywords.getAttribute(com.kms.katalon.core.testobject.ObjectRepository.findTestObject(Emergency/Page_Store/input_txttotal), "value"): Attribute 'value' of object 'Object Repository/Emergency/Page_Store/input_txttotal' is: '10'

2018-05-17 12:11:44 - [MESSAGE][PASSED] - Attribute 'value' of object 'Object Repository/Emergency/Page_Store/input_txttotal' is: '10'

2018-05-17 12:11:44 - [TEST_STEP][PASSED] - Statement - out.println("Requested QTY : " + RequestedQty): null

2018-05-17 12:11:44 - [TEST_STEP][PASSED] - Statement - BatchNumber = com.kms.katalon.core.webui.keyword.WebUiBuiltInKeywords.getNumberOfTotalOption(com.kms.katalon.core.testobject.ObjectRepository.findTestObject(Emergency/Page_Store/select_--Select--BA1150BA4110)): 3 options of object 'Object Repository/Emergency/Page_Store/select_--Select--BA1150BA4110' counted

2018-05-17 12:11:44 - [MESSAGE][PASSED] - 3 options of object 'Object Repository/Emergency/Page_Store/select_--Select--BA1150BA4110' counted

2018-05-17 12:11:44 - [TEST_STEP][PASSED] - Statement - For ([g = 1, g <= BatchNumber - 1, (g++)]): null

2018-05-17 12:11:44 - [TEST_STEP][PASSED] - selectOptionByIndex: All options with index in [1] are selected on object 'Object Repository/Emergency/Page_Store/select_--Select--BA1150BA4110'

2018-05-17 12:11:45 - [MESSAGE][PASSED] - All options with index in [1] are selected on object 'Object Repository/Emergency/Page_Store/select_--Select--BA1150BA4110'

2018-05-17 12:11:45 - [TEST_STEP][PASSED] - delay: Delayed 2 second(s)

2018-05-17 12:11:47 - [MESSAGE][PASSED] - Delayed 2 second(s)

2018-05-17 12:11:47 - [TEST_STEP][PASSED] - Statement - Try: null

2018-05-17 12:11:47 - [TEST_STEP][PASSED] - Statement - StockQty = com.kms.katalon.core.webui.keyword.WebUiBuiltInKeywords.getAttribute(com.kms.katalon.core.testobject.ObjectRepository.findTestObject(Emergency/Page_Store/input_txtprice), "value"): Attribute 'value' of object 'Object Repository/Emergency/Page_Store/input_txtprice' is: '90'

2018-05-17 12:11:47 - [MESSAGE][PASSED] - Attribute 'value' of object 'Object Repository/Emergency/Page_Store/input_txtprice' is: '90'

2018-05-17 12:11:47 - [TEST_STEP][PASSED] - Statement - out.println("Stock QTY : " + StockQty): null

2018-05-17 12:11:47 - [TEST_STEP][PASSED] - delay: Delayed 2 second(s)

2018-05-17 12:11:49 - [MESSAGE][PASSED] - Delayed 2 second(s)

2018-05-17 12:11:49 - [TEST_STEP][PASSED] - Statement - If (java.lang.Integer.valueOf(StockQty) >= java.lang.Integer.valueOf(RequestedQty)): null

2018-05-17 12:11:49 - [TEST_STEP][PASSED] - delay: Delayed 1 second(s)

2018-05-17 12:11:50 - [MESSAGE][PASSED] - Delayed 1 second(s)

2018-05-17 12:11:50 - [TEST_STEP][PASSED] - setText: Text '10' is set on object 'Object Repository/Emergency/Page_Store/input_txtqty'

2018-05-17 12:11:50 - [MESSAGE][PASSED] - Text '10' is set on object 'Object Repository/Emergency/Page_Store/input_txtqty'

2018-05-17 12:11:50 - [TEST_STEP][PASSED] - click: Object: 'Object Repository/Emergency/Page_Store/button_Add' is clicked on

2018-05-17 12:11:50 - [MESSAGE][PASSED] - Object: 'Object Repository/Emergency/Page_Store/button_Add' is clicked on

2018-05-17 12:11:50 - [TEST_STEP][PASSED] - Statement - Break: null

2018-05-17 12:11:50 - [TEST_STEP][PASSED] - selectOptionByIndex: All options with index in [4] are selected on object 'Object Repository/Emergency/Page_Store/select_--Select--Amikacin -500'

2018-05-17 12:11:50 - [MESSAGE][PASSED] - All options with index in [4] are selected on object 'Object Repository/Emergency/Page_Store/select_--Select--Amikacin -500'

2018-05-17 12:11:50 - [TEST_STEP][PASSED] - delay: Delayed 2 second(s)

2018-05-17 12:11:52 - [MESSAGE][PASSED] - Delayed 2 second(s)

2018-05-17 12:11:52 - [TEST_STEP][PASSED] - Statement - RequestedQty = com.kms.katalon.core.webui.keyword.WebUiBuiltInKeywords.getAttribute(com.kms.katalon.core.testobject.ObjectRepository.findTestObject(Emergency/Page_Store/input_txttotal), "value"): Attribute 'value' of object 'Object Repository/Emergency/Page_Store/input_txttotal' is: '10'

2018-05-17 12:11:52 - [MESSAGE][PASSED] - Attribute 'value' of object 'Object Repository/Emergency/Page_Store/input_txttotal' is: '10'

2018-05-17 12:11:52 - [TEST_STEP][PASSED] - Statement - out.println("Requested QTY : " + RequestedQty): null

2018-05-17 12:11:52 - [TEST_STEP][PASSED] - Statement - BatchNumber = com.kms.katalon.core.webui.keyword.WebUiBuiltInKeywords.getNumberOfTotalOption(com.kms.katalon.core.testobject.ObjectRepository.findTestObject(Emergency/Page_Store/select_--Select--BA1150BA4110)): 3 options of object 'Object Repository/Emergency/Page_Store/select_--Select--BA1150BA4110' counted

2018-05-17 12:11:52 - [MESSAGE][PASSED] - 3 options of object 'Object Repository/Emergency/Page_Store/select_--Select--BA1150BA4110' counted

2018-05-17 12:11:52 - [TEST_STEP][PASSED] - Statement - For ([g = 1, g <= BatchNumber - 1, (g++)]): null

2018-05-17 12:11:52 - [TEST_STEP][PASSED] - selectOptionByIndex: All options with index in [1] are selected on object 'Object Repository/Emergency/Page_Store/select_--Select--BA1150BA4110'

2018-05-17 12:11:52 - [MESSAGE][PASSED] - All options with index in [1] are selected on object 'Object Repository/Emergency/Page_Store/select_--Select--BA1150BA4110'

2018-05-17 12:11:52 - [TEST_STEP][PASSED] - delay: Delayed 2 second(s)

2018-05-17 12:11:54 - [MESSAGE][PASSED] - Delayed 2 second(s)

2018-05-17 12:11:54 - [TEST_STEP][PASSED] - Statement - Try: null

2018-05-17 12:11:54 - [TEST_STEP][PASSED] - Statement - StockQty = com.kms.katalon.core.webui.keyword.WebUiBuiltInKeywords.getAttribute(com.kms.katalon.core.testobject.ObjectRepository.findTestObject(Emergency/Page_Store/input_txtprice), "value"): Attribute 'value' of object 'Object Repository/Emergency/Page_Store/input_txtprice' is: '90'

2018-05-17 12:11:54 - [MESSAGE][PASSED] - Attribute 'value' of object 'Object Repository/Emergency/Page_Store/input_txtprice' is: '90'

2018-05-17 12:11:54 - [TEST_STEP][PASSED] - Statement - out.println("Stock QTY : " + StockQty): null

2018-05-17 12:11:54 - [TEST_STEP][PASSED] - delay: Delayed 2 second(s)

2018-05-17 12:11:56 - [MESSAGE][PASSED] - Delayed 2 second(s)

2018-05-17 12:11:56 - [TEST_STEP][PASSED] - Statement - If (java.lang.Integer.valueOf(StockQty) >= java.lang.Integer.valueOf(RequestedQty)): null

2018-05-17 12:11:56 - [TEST_STEP][PASSED] - delay: Delayed 1 second(s)

2018-05-17 12:11:57 - [MESSAGE][PASSED] - Delayed 1 second(s)

2018-05-17 12:11:57 - [TEST_STEP][PASSED] - setText: Text '10' is set on object 'Object Repository/Emergency/Page_Store/input_txtqty'

2018-05-17 12:11:57 - [MESSAGE][PASSED] - Text '10' is set on object 'Object Repository/Emergency/Page_Store/input_txtqty'

2018-05-17 12:11:57 - [TEST_STEP][PASSED] - click: Object: 'Object Repository/Emergency/Page_Store/button_Add' is clicked on

2018-05-17 12:11:57 - [MESSAGE][PASSED] - Object: 'Object Repository/Emergency/Page_Store/button_Add' is clicked on

2018-05-17 12:11:57 - [TEST_STEP][PASSED] - Statement - Break: null

2018-05-17 12:11:57 - [TEST_STEP][PASSED] - selectOptionByIndex: All options with index in [5] are selected on object 'Object Repository/Emergency/Page_Store/select_--Select--Amikacin -500'

2018-05-17 12:11:58 - [MESSAGE][PASSED] - All options with index in [5] are selected on object 'Object Repository/Emergency/Page_Store/select_--Select--Amikacin -500'

2018-05-17 12:11:58 - [TEST_STEP][PASSED] - delay: Delayed 2 second(s)

2018-05-17 12:12:00 - [MESSAGE][PASSED] - Delayed 2 second(s)

2018-05-17 12:12:00 - [TEST_STEP][PASSED] - Statement - RequestedQty = com.kms.katalon.core.webui.keyword.WebUiBuiltInKeywords.getAttribute(com.kms.katalon.core.testobject.ObjectRepository.findTestObject(Emergency/Page_Store/input_txttotal), "value"): Attribute 'value' of object 'Object Repository/Emergency/Page_Store/input_txttotal' is: '10'

2018-05-17 12:12:00 - [MESSAGE][PASSED] - Attribute 'value' of object 'Object Repository/Emergency/Page_Store/input_txttotal' is: '10'

2018-05-17 12:12:00 - [TEST_STEP][PASSED] - Statement - out.println("Requested QTY : " + RequestedQty): null

2018-05-17 12:12:00 - [TEST_STEP][PASSED] - Statement - BatchNumber = com.kms.katalon.core.webui.keyword.WebUiBuiltInKeywords.getNumberOfTotalOption(com.kms.katalon.core.testobject.ObjectRepository.findTestObject(Emergency/Page_Store/select_--Select--BA1150BA4110)): 3 options of object 'Object Repository/Emergency/Page_Store/select_--Select--BA1150BA4110' counted

2018-05-17 12:12:00 - [MESSAGE][PASSED] - 3 options of object 'Object Repository/Emergency/Page_Store/select_--Select--BA1150BA4110' counted

2018-05-17 12:12:00 - [TEST_STEP][PASSED] - Statement - For ([g = 1, g <= BatchNumber - 1, (g++)]): null

2018-05-17 12:12:00 - [TEST_STEP][PASSED] - selectOptionByIndex: All options with index in [1] are selected on object 'Object Repository/Emergency/Page_Store/select_--Select--BA1150BA4110'

2018-05-17 12:12:00 - [MESSAGE][PASSED] - All options with index in [1] are selected on object 'Object Repository/Emergency/Page_Store/select_--Select--BA1150BA4110'

2018-05-17 12:12:00 - [TEST_STEP][PASSED] - delay: Delayed 2 second(s)

2018-05-17 12:12:02 - [MESSAGE][PASSED] - Delayed 2 second(s)

2018-05-17 12:12:02 - [TEST_STEP][PASSED] - Statement - Try: null

2018-05-17 12:12:02 - [TEST_STEP][PASSED] - Statement - StockQty = com.kms.katalon.core.webui.keyword.WebUiBuiltInKeywords.getAttribute(com.kms.katalon.core.testobject.ObjectRepository.findTestObject(Emergency/Page_Store/input_txtprice), "value"): Attribute 'value' of object 'Object Repository/Emergency/Page_Store/input_txtprice' is: '90'

2018-05-17 12:12:02 - [MESSAGE][PASSED] - Attribute 'value' of object 'Object Repository/Emergency/Page_Store/input_txtprice' is: '90'

2018-05-17 12:12:02 - [TEST_STEP][PASSED] - Statement - out.println("Stock QTY : " + StockQty): null

2018-05-17 12:12:02 - [TEST_STEP][PASSED] - delay: Delayed 2 second(s)

2018-05-17 12:12:04 - [MESSAGE][PASSED] - Delayed 2 second(s)

2018-05-17 12:12:04 - [TEST_STEP][PASSED] - Statement - If (java.lang.Integer.valueOf(StockQty) >= java.lang.Integer.valueOf(RequestedQty)): null

2018-05-17 12:12:04 - [TEST_STEP][PASSED] - delay: Delayed 1 second(s)

2018-05-17 12:12:05 - [MESSAGE][PASSED] - Delayed 1 second(s)

2018-05-17 12:12:05 - [TEST_STEP][PASSED] - setText: Text '10' is set on object 'Object Repository/Emergency/Page_Store/input_txtqty'

2018-05-17 12:12:05 - [MESSAGE][PASSED] - Text '10' is set on object 'Object Repository/Emergency/Page_Store/input_txtqty'

2018-05-17 12:12:05 - [TEST_STEP][PASSED] - click: Object: 'Object Repository/Emergency/Page_Store/button_Add' is clicked on

2018-05-17 12:12:05 - [MESSAGE][PASSED] - Object: 'Object Repository/Emergency/Page_Store/button_Add' is clicked on

2018-05-17 12:12:05 - [TEST_STEP][PASSED] - Statement - Break: null

2018-05-17 12:12:05 - [TEST_STEP][PASSED] - selectOptionByIndex: All options with index in [6] are selected on object 'Object Repository/Emergency/Page_Store/select_--Select--Amikacin -500'

2018-05-17 12:12:05 - [MESSAGE][PASSED] - All options with index in [6] are selected on object 'Object Repository/Emergency/Page_Store/select_--Select--Amikacin -500'

2018-05-17 12:12:05 - [TEST_STEP][PASSED] - delay: Delayed 2 second(s)

2018-05-17 12:12:07 - [MESSAGE][PASSED] - Delayed 2 second(s)

2018-05-17 12:12:07 - [TEST_STEP][PASSED] - Statement - RequestedQty = com.kms.katalon.core.webui.keyword.WebUiBuiltInKeywords.getAttribute(com.kms.katalon.core.testobject.ObjectRepository.findTestObject(Emergency/Page_Store/input_txttotal), "value"): Attribute 'value' of object 'Object Repository/Emergency/Page_Store/input_txttotal' is: '10'

2018-05-17 12:12:07 - [MESSAGE][PASSED] - Attribute 'value' of object 'Object Repository/Emergency/Page_Store/input_txttotal' is: '10'

2018-05-17 12:12:07 - [TEST_STEP][PASSED] - Statement - out.println("Requested QTY : " + RequestedQty): null

2018-05-17 12:12:07 - [TEST_STEP][PASSED] - Statement - BatchNumber = com.kms.katalon.core.webui.keyword.WebUiBuiltInKeywords.getNumberOfTotalOption(com.kms.katalon.core.testobject.ObjectRepository.findTestObject(Emergency/Page_Store/select_--Select--BA1150BA4110)): 3 options of object 'Object Repository/Emergency/Page_Store/select_--Select--BA1150BA4110' counted

2018-05-17 12:12:07 - [MESSAGE][PASSED] - 3 options of object 'Object Repository/Emergency/Page_Store/select_--Select--BA1150BA4110' counted

2018-05-17 12:12:07 - [TEST_STEP][PASSED] - Statement - For ([g = 1, g <= BatchNumber - 1, (g++)]): null

2018-05-17 12:12:07 - [TEST_STEP][PASSED] - selectOptionByIndex: All options with index in [1] are selected on object 'Object Repository/Emergency/Page_Store/select_--Select--BA1150BA4110'

2018-05-17 12:12:07 - [MESSAGE][PASSED] - All options with index in [1] are selected on object 'Object Repository/Emergency/Page_Store/select_--Select--BA1150BA4110'

2018-05-17 12:12:07 - [TEST_STEP][PASSED] - delay: Delayed 2 second(s)

2018-05-17 12:12:09 - [MESSAGE][PASSED] - Delayed 2 second(s)

2018-05-17 12:12:09 - [TEST_STEP][PASSED] - Statement - Try: null

2018-05-17 12:12:09 - [TEST_STEP][PASSED] - Statement - StockQty = com.kms.katalon.core.webui.keyword.WebUiBuiltInKeywords.getAttribute(com.kms.katalon.core.testobject.ObjectRepository.findTestObject(Emergency/Page_Store/input_txtprice), "value"): Attribute 'value' of object 'Object Repository/Emergency/Page_Store/input_txtprice' is: '90'

2018-05-17 12:12:09 - [MESSAGE][PASSED] - Attribute 'value' of object 'Object Repository/Emergency/Page_Store/input_txtprice' is: '90'

2018-05-17 12:12:09 - [TEST_STEP][PASSED] - Statement - out.println("Stock QTY : " + StockQty): null

2018-05-17 12:12:09 - [TEST_STEP][PASSED] - delay: Delayed 2 second(s)

2018-05-17 12:12:11 - [MESSAGE][PASSED] - Delayed 2 second(s)

2018-05-17 12:12:11 - [TEST_STEP][PASSED] - Statement - If (java.lang.Integer.valueOf(StockQty) >= java.lang.Integer.valueOf(RequestedQty)): null

2018-05-17 12:12:11 - [TEST_STEP][PASSED] - delay: Delayed 1 second(s)

2018-05-17 12:12:12 - [MESSAGE][PASSED] - Delayed 1 second(s)

2018-05-17 12:12:12 - [TEST_STEP][PASSED] - setText: Text '10' is set on object 'Object Repository/Emergency/Page_Store/input_txtqty'

2018-05-17 12:12:12 - [MESSAGE][PASSED] - Text '10' is set on object 'Object Repository/Emergency/Page_Store/input_txtqty'

2018-05-17 12:12:12 - [TEST_STEP][PASSED] - click: Object: 'Object Repository/Emergency/Page_Store/button_Add' is clicked on

2018-05-17 12:12:12 - [MESSAGE][PASSED] - Object: 'Object Repository/Emergency/Page_Store/button_Add' is clicked on

2018-05-17 12:12:12 - [TEST_STEP][PASSED] - Statement - Break: null

2018-05-17 12:12:12 - [TEST_STEP][PASSED] - selectOptionByIndex: All options with index in [7] are selected on object 'Object Repository/Emergency/Page_Store/select_--Select--Amikacin -500'

2018-05-17 12:12:13 - [MESSAGE][PASSED] - All options with index in [7] are selected on object 'Object Repository/Emergency/Page_Store/select_--Select--Amikacin -500'

2018-05-17 12:12:13 - [TEST_STEP][PASSED] - delay: Delayed 2 second(s)

2018-05-17 12:12:15 - [MESSAGE][PASSED] - Delayed 2 second(s)

2018-05-17 12:12:15 - [TEST_STEP][PASSED] - Statement - RequestedQty = com.kms.katalon.core.webui.keyword.WebUiBuiltInKeywords.getAttribute(com.kms.katalon.core.testobject.ObjectRepository.findTestObject(Emergency/Page_Store/input_txttotal), "value"): Attribute 'value' of object 'Object Repository/Emergency/Page_Store/input_txttotal' is: '10'

2018-05-17 12:12:15 - [MESSAGE][PASSED] - Attribute 'value' of object 'Object Repository/Emergency/Page_Store/input_txttotal' is: '10'

2018-05-17 12:12:15 - [TEST_STEP][PASSED] - Statement - out.println("Requested QTY : " + RequestedQty): null

2018-05-17 12:12:15 - [TEST_STEP][PASSED] - Statement - BatchNumber = com.kms.katalon.core.webui.keyword.WebUiBuiltInKeywords.getNumberOfTotalOption(com.kms.katalon.core.testobject.ObjectRepository.findTestObject(Emergency/Page_Store/select_--Select--BA1150BA4110)): 3 options of object 'Object Repository/Emergency/Page_Store/select_--Select--BA1150BA4110' counted

2018-05-17 12:12:15 - [MESSAGE][PASSED] - 3 options of object 'Object Repository/Emergency/Page_Store/select_--Select--BA1150BA4110' counted

2018-05-17 12:12:15 - [TEST_STEP][PASSED] - Statement - For ([g = 1, g <= BatchNumber - 1, (g++)]): null

2018-05-17 12:12:15 - [TEST_STEP][PASSED] - selectOptionByIndex: All options with index in [1] are selected on object 'Object Repository/Emergency/Page_Store/select_--Select--BA1150BA4110'

2018-05-17 12:12:15 - [MESSAGE][PASSED] - All options with index in [1] are selected on object 'Object Repository/Emergency/Page_Store/select_--Select--BA1150BA4110'

2018-05-17 12:12:15 - [TEST_STEP][PASSED] - delay: Delayed 2 second(s)

2018-05-17 12:12:17 - [MESSAGE][PASSED] - Delayed 2 second(s)

2018-05-17 12:12:17 - [TEST_STEP][PASSED] - Statement - Try: null

2018-05-17 12:12:17 - [TEST_STEP][PASSED] - Statement - StockQty = com.kms.katalon.core.webui.keyword.WebUiBuiltInKeywords.getAttribute(com.kms.katalon.core.testobject.ObjectRepository.findTestObject(Emergency/Page_Store/input_txtprice), "value"): Attribute 'value' of object 'Object Repository/Emergency/Page_Store/input_txtprice' is: '90'

2018-05-17 12:12:17 - [MESSAGE][PASSED] - Attribute 'value' of object 'Object Repository/Emergency/Page_Store/input_txtprice' is: '90'

2018-05-17 12:12:17 - [TEST_STEP][PASSED] - Statement - out.println("Stock QTY : " + StockQty): null

2018-05-17 12:12:17 - [TEST_STEP][PASSED] - delay: Delayed 2 second(s)

2018-05-17 12:12:19 - [MESSAGE][PASSED] - Delayed 2 second(s)

2018-05-17 12:12:19 - [TEST_STEP][PASSED] - Statement - If (java.lang.Integer.valueOf(StockQty) >= java.lang.Integer.valueOf(RequestedQty)): null

2018-05-17 12:12:19 - [TEST_STEP][PASSED] - delay: Delayed 1 second(s)

2018-05-17 12:12:20 - [MESSAGE][PASSED] - Delayed 1 second(s)

2018-05-17 12:12:20 - [TEST_STEP][PASSED] - setText: Text '10' is set on object 'Object Repository/Emergency/Page_Store/input_txtqty'

2018-05-17 12:12:20 - [MESSAGE][PASSED] - Text '10' is set on object 'Object Repository/Emergency/Page_Store/input_txtqty'

2018-05-17 12:12:20 - [TEST_STEP][PASSED] - click: Object: 'Object Repository/Emergency/Page_Store/button_Add' is clicked on

2018-05-17 12:12:20 - [MESSAGE][PASSED] - Object: 'Object Repository/Emergency/Page_Store/button_Add' is clicked on

2018-05-17 12:12:20 - [TEST_STEP][PASSED] - Statement - Break: null

2018-05-17 12:12:20 - [TEST_STEP][PASSED] - selectOptionByIndex: All options with index in [8] are selected on object 'Object Repository/Emergency/Page_Store/select_--Select--Amikacin -500'

2018-05-17 12:12:20 - [MESSAGE][PASSED] - All options with index in [8] are selected on object 'Object Repository/Emergency/Page_Store/select_--Select--Amikacin -500'

2018-05-17 12:12:20 - [TEST_STEP][PASSED] - delay: Delayed 2 second(s)

2018-05-17 12:12:22 - [MESSAGE][PASSED] - Delayed 2 second(s)

2018-05-17 12:12:22 - [TEST_STEP][PASSED] - Statement - RequestedQty = com.kms.katalon.core.webui.keyword.WebUiBuiltInKeywords.getAttribute(com.kms.katalon.core.testobject.ObjectRepository.findTestObject(Emergency/Page_Store/input_txttotal), "value"): Attribute 'value' of object 'Object Repository/Emergency/Page_Store/input_txttotal' is: '10'

2018-05-17 12:12:22 - [MESSAGE][PASSED] - Attribute 'value' of object 'Object Repository/Emergency/Page_Store/input_txttotal' is: '10'

2018-05-17 12:12:22 - [TEST_STEP][PASSED] - Statement - out.println("Requested QTY : " + RequestedQty): null

2018-05-17 12:12:22 - [TEST_STEP][PASSED] - Statement - BatchNumber = com.kms.katalon.core.webui.keyword.WebUiBuiltInKeywords.getNumberOfTotalOption(com.kms.katalon.core.testobject.ObjectRepository.findTestObject(Emergency/Page_Store/select_--Select--BA1150BA4110)): 2 options of object 'Object Repository/Emergency/Page_Store/select_--Select--BA1150BA4110' counted

2018-05-17 12:12:22 - [MESSAGE][PASSED] - 2 options of object 'Object Repository/Emergency/Page_Store/select_--Select--BA1150BA4110' counted

2018-05-17 12:12:22 - [TEST_STEP][PASSED] - Statement - For ([g = 1, g <= BatchNumber - 1, (g++)]): null

2018-05-17 12:12:22 - [TEST_STEP][PASSED] - selectOptionByIndex: All options with index in [1] are selected on object 'Object Repository/Emergency/Page_Store/select_--Select--BA1150BA4110'

2018-05-17 12:12:22 - [MESSAGE][PASSED] - All options with index in [1] are selected on object 'Object Repository/Emergency/Page_Store/select_--Select--BA1150BA4110'

2018-05-17 12:12:22 - [TEST_STEP][PASSED] - delay: Delayed 2 second(s)

2018-05-17 12:12:24 - [MESSAGE][PASSED] - Delayed 2 second(s)

2018-05-17 12:12:24 - [TEST_STEP][PASSED] - Statement - Try: null

2018-05-17 12:12:24 - [TEST_STEP][PASSED] - Statement - StockQty = com.kms.katalon.core.webui.keyword.WebUiBuiltInKeywords.getAttribute(com.kms.katalon.core.testobject.ObjectRepository.findTestObject(Emergency/Page_Store/input_txtprice), "value"): Attribute 'value' of object 'Object Repository/Emergency/Page_Store/input_txtprice' is: '1045'

2018-05-17 12:12:25 - [MESSAGE][PASSED] - Attribute 'value' of object 'Object Repository/Emergency/Page_Store/input_txtprice' is: '1045'

2018-05-17 12:12:25 - [TEST_STEP][PASSED] - Statement - out.println("Stock QTY : " + StockQty): null

2018-05-17 12:12:25 - [TEST_STEP][PASSED] - delay: Delayed 2 second(s)

2018-05-17 12:12:27 - [MESSAGE][PASSED] - Delayed 2 second(s)

2018-05-17 12:12:27 - [TEST_STEP][PASSED] - Statement - If (java.lang.Integer.valueOf(StockQty) >= java.lang.Integer.valueOf(RequestedQty)): null

2018-05-17 12:12:27 - [TEST_STEP][PASSED] - delay: Delayed 1 second(s)

2018-05-17 12:12:28 - [MESSAGE][PASSED] - Delayed 1 second(s)

2018-05-17 12:12:28 - [TEST_STEP][PASSED] - setText: Text '10' is set on object 'Object Repository/Emergency/Page_Store/input_txtqty'

2018-05-17 12:12:28 - [MESSAGE][PASSED] - Text '10' is set on object 'Object Repository/Emergency/Page_Store/input_txtqty'

2018-05-17 12:12:28 - [TEST_STEP][PASSED] - click: Object: 'Object Repository/Emergency/Page_Store/button_Add' is clicked on

2018-05-17 12:12:28 - [MESSAGE][PASSED] - Object: 'Object Repository/Emergency/Page_Store/button_Add' is clicked on

2018-05-17 12:12:28 - [TEST_STEP][PASSED] - Statement - Break: null

2018-05-17 12:12:28 - [TEST_STEP][PASSED] - selectOptionByIndex: All options with index in [9] are selected on object 'Object Repository/Emergency/Page_Store/select_--Select--Amikacin -500'

2018-05-17 12:12:28 - [MESSAGE][PASSED] - All options with index in [9] are selected on object 'Object Repository/Emergency/Page_Store/select_--Select--Amikacin -500'

2018-05-17 12:12:28 - [TEST_STEP][PASSED] - delay: Delayed 2 second(s)

2018-05-17 12:12:30 - [MESSAGE][PASSED] - Delayed 2 second(s)

2018-05-17 12:12:30 - [TEST_STEP][PASSED] - Statement - RequestedQty = com.kms.katalon.core.webui.keyword.WebUiBuiltInKeywords.getAttribute(com.kms.katalon.core.testobject.ObjectRepository.findTestObject(Emergency/Page_Store/input_txttotal), "value"): Attribute 'value' of object 'Object Repository/Emergency/Page_Store/input_txttotal' is: '10'

2018-05-17 12:12:30 - [MESSAGE][PASSED] - Attribute 'value' of object 'Object Repository/Emergency/Page_Store/input_txttotal' is: '10'

2018-05-17 12:12:30 - [TEST_STEP][PASSED] - Statement - out.println("Requested QTY : " + RequestedQty): null

2018-05-17 12:12:30 - [TEST_STEP][PASSED] - Statement - BatchNumber = com.kms.katalon.core.webui.keyword.WebUiBuiltInKeywords.getNumberOfTotalOption(com.kms.katalon.core.testobject.ObjectRepository.findTestObject(Emergency/Page_Store/select_--Select--BA1150BA4110)): 3 options of object 'Object Repository/Emergency/Page_Store/select_--Select--BA1150BA4110' counted

2018-05-17 12:12:30 - [MESSAGE][PASSED] - 3 options of object 'Object Repository/Emergency/Page_Store/select_--Select--BA1150BA4110' counted

2018-05-17 12:12:30 - [TEST_STEP][PASSED] - Statement - For ([g = 1, g <= BatchNumber - 1, (g++)]): null

2018-05-17 12:12:30 - [TEST_STEP][PASSED] - selectOptionByIndex: All options with index in [1] are selected on object 'Object Repository/Emergency/Page_Store/select_--Select--BA1150BA4110'

2018-05-17 12:12:30 - [MESSAGE][PASSED] - All options with index in [1] are selected on object 'Object Repository/Emergency/Page_Store/select_--Select--BA1150BA4110'

2018-05-17 12:12:30 - [TEST_STEP][PASSED] - delay: Delayed 2 second(s)

2018-05-17 12:12:32 - [MESSAGE][PASSED] - Delayed 2 second(s)

2018-05-17 12:12:32 - [TEST_STEP][PASSED] - Statement - Try: null

2018-05-17 12:12:32 - [TEST_STEP][PASSED] - Statement - StockQty = com.kms.katalon.core.webui.keyword.WebUiBuiltInKeywords.getAttribute(com.kms.katalon.core.testobject.ObjectRepository.findTestObject(Emergency/Page_Store/input_txtprice), "value"): Attribute 'value' of object 'Object Repository/Emergency/Page_Store/input_txtprice' is: '90'

2018-05-17 12:12:32 - [MESSAGE][PASSED] - Attribute 'value' of object 'Object Repository/Emergency/Page_Store/input_txtprice' is: '90'

2018-05-17 12:12:32 - [TEST_STEP][PASSED] - Statement - out.println("Stock QTY : " + StockQty): null

2018-05-17 12:12:32 - [TEST_STEP][PASSED] - delay: Delayed 2 second(s)

2018-05-17 12:12:34 - [MESSAGE][PASSED] - Delayed 2 second(s)

2018-05-17 12:12:34 - [TEST_STEP][PASSED] - Statement - If (java.lang.Integer.valueOf(StockQty) >= java.lang.Integer.valueOf(RequestedQty)): null

2018-05-17 12:12:34 - [TEST_STEP][PASSED] - delay: Delayed 1 second(s)

2018-05-17 12:12:35 - [MESSAGE][PASSED] - Delayed 1 second(s)

2018-05-17 12:12:35 - [TEST_STEP][PASSED] - setText: Text '10' is set on object 'Object Repository/Emergency/Page_Store/input_txtqty'

2018-05-17 12:12:35 - [MESSAGE][PASSED] - Text '10' is set on object 'Object Repository/Emergency/Page_Store/input_txtqty'

2018-05-17 12:12:35 - [TEST_STEP][PASSED] - click: Object: 'Object Repository/Emergency/Page_Store/button_Add' is clicked on

2018-05-17 12:12:35 - [MESSAGE][PASSED] - Object: 'Object Repository/Emergency/Page_Store/button_Add' is clicked on

2018-05-17 12:12:35 - [TEST_STEP][PASSED] - Statement - Break: null

2018-05-17 12:12:35 - [TEST_STEP][PASSED] - selectOptionByIndex: All options with index in [10] are selected on object 'Object Repository/Emergency/Page_Store/select_--Select--Amikacin -500'

2018-05-17 12:12:36 - [MESSAGE][PASSED] - All options with index in [10] are selected on object 'Object Repository/Emergency/Page_Store/select_--Select--Amikacin -500'

2018-05-17 12:12:36 - [TEST_STEP][PASSED] - delay: Delayed 2 second(s)

2018-05-17 12:12:38 - [MESSAGE][PASSED] - Delayed 2 second(s)

2018-05-17 12:12:38 - [TEST_STEP][PASSED] - Statement - RequestedQty = com.kms.katalon.core.webui.keyword.WebUiBuiltInKeywords.getAttribute(com.kms.katalon.core.testobject.ObjectRepository.findTestObject(Emergency/Page_Store/input_txttotal), "value"): Attribute 'value' of object 'Object Repository/Emergency/Page_Store/input_txttotal' is: '10'

2018-05-17 12:12:38 - [MESSAGE][PASSED] - Attribute 'value' of object 'Object Repository/Emergency/Page_Store/input_txttotal' is: '10'

2018-05-17 12:12:38 - [TEST_STEP][PASSED] - Statement - out.println("Requested QTY : " + RequestedQty): null

2018-05-17 12:12:38 - [TEST_STEP][PASSED] - Statement - BatchNumber = com.kms.katalon.core.webui.keyword.WebUiBuiltInKeywords.getNumberOfTotalOption(com.kms.katalon.core.testobject.ObjectRepository.findTestObject(Emergency/Page_Store/select_--Select--BA1150BA4110)): 2 options of object 'Object Repository/Emergency/Page_Store/select_--Select--BA1150BA4110' counted

2018-05-17 12:12:38 - [MESSAGE][PASSED] - 2 options of object 'Object Repository/Emergency/Page_Store/select_--Select--BA1150BA4110' counted

2018-05-17 12:12:38 - [TEST_STEP][PASSED] - Statement - For ([g = 1, g <= BatchNumber - 1, (g++)]): null

2018-05-17 12:12:38 - [TEST_STEP][PASSED] - selectOptionByIndex: All options with index in [1] are selected on object 'Object Repository/Emergency/Page_Store/select_--Select--BA1150BA4110'

2018-05-17 12:12:38 - [MESSAGE][PASSED] - All options with index in [1] are selected on object 'Object Repository/Emergency/Page_Store/select_--Select--BA1150BA4110'

2018-05-17 12:12:38 - [TEST_STEP][PASSED] - delay: Delayed 2 second(s)

2018-05-17 12:12:40 - [MESSAGE][PASSED] - Delayed 2 second(s)

2018-05-17 12:12:40 - [TEST_STEP][PASSED] - Statement - Try: null

2018-05-17 12:12:40 - [TEST_STEP][PASSED] - Statement - StockQty = com.kms.katalon.core.webui.keyword.WebUiBuiltInKeywords.getAttribute(com.kms.katalon.core.testobject.ObjectRepository.findTestObject(Emergency/Page_Store/input_txtprice), "value"): Attribute 'value' of object 'Object Repository/Emergency/Page_Store/input_txtprice' is: '918'

2018-05-17 12:12:40 - [MESSAGE][PASSED] - Attribute 'value' of object 'Object Repository/Emergency/Page_Store/input_txtprice' is: '918'

2018-05-17 12:12:40 - [TEST_STEP][PASSED] - Statement - out.println("Stock QTY : " + StockQty): null

2018-05-17 12:12:40 - [TEST_STEP][PASSED] - delay: Delayed 2 second(s)

2018-05-17 12:12:42 - [MESSAGE][PASSED] - Delayed 2 second(s)

2018-05-17 12:12:42 - [TEST_STEP][PASSED] - Statement - If (java.lang.Integer.valueOf(StockQty) >= java.lang.Integer.valueOf(RequestedQty)): null

2018-05-17 12:12:42 - [TEST_STEP][PASSED] - delay: Delayed 1 second(s)

2018-05-17 12:12:43 - [MESSAGE][PASSED] - Delayed 1 second(s)

2018-05-17 12:12:43 - [TEST_STEP][PASSED] - setText: Text '10' is set on object 'Object Repository/Emergency/Page_Store/input_txtqty'

2018-05-17 12:12:43 - [MESSAGE][PASSED] - Text '10' is set on object 'Object Repository/Emergency/Page_Store/input_txtqty'

2018-05-17 12:12:43 - [TEST_STEP][PASSED] - click: Object: 'Object Repository/Emergency/Page_Store/button_Add' is clicked on

2018-05-17 12:12:43 - [MESSAGE][PASSED] - Object: 'Object Repository/Emergency/Page_Store/button_Add' is clicked on

2018-05-17 12:12:43 - [TEST_STEP][PASSED] - Statement - Break: null

2018-05-17 12:12:43 - [TEST_STEP][PASSED] - selectOptionByIndex: All options with index in [11] are selected on object 'Object Repository/Emergency/Page_Store/select_--Select--Amikacin -500'

2018-05-17 12:12:43 - [MESSAGE][PASSED] - All options with index in [11] are selected on object 'Object Repository/Emergency/Page_Store/select_--Select--Amikacin -500'

2018-05-17 12:12:43 - [TEST_STEP][PASSED] - delay: Delayed 2 second(s)

2018-05-17 12:12:45 - [MESSAGE][PASSED] - Delayed 2 second(s)

2018-05-17 12:12:45 - [TEST_STEP][PASSED] - Statement - RequestedQty = com.kms.katalon.core.webui.keyword.WebUiBuiltInKeywords.getAttribute(com.kms.katalon.core.testobject.ObjectRepository.findTestObject(Emergency/Page_Store/input_txttotal), "value"): Attribute 'value' of object 'Object Repository/Emergency/Page_Store/input_txttotal' is: '10'

2018-05-17 12:12:45 - [MESSAGE][PASSED] - Attribute 'value' of object 'Object Repository/Emergency/Page_Store/input_txttotal' is: '10'

2018-05-17 12:12:45 - [TEST_STEP][PASSED] - Statement - out.println("Requested QTY : " + RequestedQty): null

2018-05-17 12:12:45 - [TEST_STEP][PASSED] - Statement - BatchNumber = com.kms.katalon.core.webui.keyword.WebUiBuiltInKeywords.getNumberOfTotalOption(com.kms.katalon.core.testobject.ObjectRepository.findTestObject(Emergency/Page_Store/select_--Select--BA1150BA4110)): 3 options of object 'Object Repository/Emergency/Page_Store/select_--Select--BA1150BA4110' counted

2018-05-17 12:12:45 - [MESSAGE][PASSED] - 3 options of object 'Object Repository/Emergency/Page_Store/select_--Select--BA1150BA4110' counted

2018-05-17 12:12:45 - [TEST_STEP][PASSED] - Statement - For ([g = 1, g <= BatchNumber - 1, (g++)]): null

2018-05-17 12:12:45 - [TEST_STEP][PASSED] - selectOptionByIndex: All options with index in [1] are selected on object 'Object Repository/Emergency/Page_Store/select_--Select--BA1150BA4110'

2018-05-17 12:12:45 - [MESSAGE][PASSED] - All options with index in [1] are selected on object 'Object Repository/Emergency/Page_Store/select_--Select--BA1150BA4110'

2018-05-17 12:12:45 - [TEST_STEP][PASSED] - delay: Delayed 2 second(s)

2018-05-17 12:12:47 - [MESSAGE][PASSED] - Delayed 2 second(s)

2018-05-17 12:12:47 - [TEST_STEP][PASSED] - Statement - Try: null

2018-05-17 12:12:47 - [TEST_STEP][PASSED] - Statement - StockQty = com.kms.katalon.core.webui.keyword.WebUiBuiltInKeywords.getAttribute(com.kms.katalon.core.testobject.ObjectRepository.findTestObject(Emergency/Page_Store/input_txtprice), "value"): Attribute 'value' of object 'Object Repository/Emergency/Page_Store/input_txtprice' is: '90'

2018-05-17 12:12:47 - [MESSAGE][PASSED] - Attribute 'value' of object 'Object Repository/Emergency/Page_Store/input_txtprice' is: '90'

2018-05-17 12:12:47 - [TEST_STEP][PASSED] - Statement - out.println("Stock QTY : " + StockQty): null

2018-05-17 12:12:47 - [TEST_STEP][PASSED] - delay: Delayed 2 second(s)

2018-05-17 12:12:49 - [MESSAGE][PASSED] - Delayed 2 second(s)

2018-05-17 12:12:49 - [TEST_STEP][PASSED] - Statement - If (java.lang.Integer.valueOf(StockQty) >= java.lang.Integer.valueOf(RequestedQty)): null

2018-05-17 12:12:49 - [TEST_STEP][PASSED] - delay: Delayed 1 second(s)

2018-05-17 12:12:50 - [MESSAGE][PASSED] - Delayed 1 second(s)

2018-05-17 12:12:50 - [TEST_STEP][PASSED] - setText: Text '10' is set on object 'Object Repository/Emergency/Page_Store/input_txtqty'

2018-05-17 12:12:50 - [MESSAGE][PASSED] - Text '10' is set on object 'Object Repository/Emergency/Page_Store/input_txtqty'

2018-05-17 12:12:50 - [TEST_STEP][PASSED] - click: Object: 'Object Repository/Emergency/Page_Store/button_Add' is clicked on

2018-05-17 12:12:51 - [MESSAGE][PASSED] - Object: 'Object Repository/Emergency/Page_Store/button_Add' is clicked on

2018-05-17 12:12:51 - [TEST_STEP][PASSED] - Statement - Break: null

2018-05-17 12:12:51 - [TEST_STEP][PASSED] - selectOptionByIndex: All options with index in [12] are selected on object 'Object Repository/Emergency/Page_Store/select_--Select--Amikacin -500'

2018-05-17 12:12:51 - [MESSAGE][PASSED] - All options with index in [12] are selected on object 'Object Repository/Emergency/Page_Store/select_--Select--Amikacin -500'

2018-05-17 12:12:51 - [TEST_STEP][PASSED] - delay: Delayed 2 second(s)

2018-05-17 12:12:53 - [MESSAGE][PASSED] - Delayed 2 second(s)

2018-05-17 12:12:53 - [TEST_STEP][PASSED] - Statement - RequestedQty = com.kms.katalon.core.webui.keyword.WebUiBuiltInKeywords.getAttribute(com.kms.katalon.core.testobject.ObjectRepository.findTestObject(Emergency/Page_Store/input_txttotal), "value"): Attribute 'value' of object 'Object Repository/Emergency/Page_Store/input_txttotal' is: '10'

2018-05-17 12:12:53 - [MESSAGE][PASSED] - Attribute 'value' of object 'Object Repository/Emergency/Page_Store/input_txttotal' is: '10'

2018-05-17 12:12:53 - [TEST_STEP][PASSED] - Statement - out.println("Requested QTY : " + RequestedQty): null

2018-05-17 12:12:53 - [TEST_STEP][PASSED] - Statement - BatchNumber = com.kms.katalon.core.webui.keyword.WebUiBuiltInKeywords.getNumberOfTotalOption(com.kms.katalon.core.testobject.ObjectRepository.findTestObject(Emergency/Page_Store/select_--Select--BA1150BA4110)): 3 options of object 'Object Repository/Emergency/Page_Store/select_--Select--BA1150BA4110' counted

2018-05-17 12:12:53 - [MESSAGE][PASSED] - 3 options of object 'Object Repository/Emergency/Page_Store/select_--Select--BA1150BA4110' counted

2018-05-17 12:12:53 - [TEST_STEP][PASSED] - Statement - For ([g = 1, g <= BatchNumber - 1, (g++)]): null

2018-05-17 12:12:53 - [TEST_STEP][PASSED] - selectOptionByIndex: All options with index in [1] are selected on object 'Object Repository/Emergency/Page_Store/select_--Select--BA1150BA4110'

2018-05-17 12:12:53 - [MESSAGE][PASSED] - All options with index in [1] are selected on object 'Object Repository/Emergency/Page_Store/select_--Select--BA1150BA4110'

2018-05-17 12:12:53 - [TEST_STEP][PASSED] - delay: Delayed 2 second(s)

2018-05-17 12:12:55 - [MESSAGE][PASSED] - Delayed 2 second(s)

2018-05-17 12:12:55 - [TEST_STEP][PASSED] - Statement - Try: null

2018-05-17 12:12:55 - [TEST_STEP][PASSED] - Statement - StockQty = com.kms.katalon.core.webui.keyword.WebUiBuiltInKeywords.getAttribute(com.kms.katalon.core.testobject.ObjectRepository.findTestObject(Emergency/Page_Store/input_txtprice), "value"): Attribute 'value' of object 'Object Repository/Emergency/Page_Store/input_txtprice' is: '90'

2018-05-17 12:12:55 - [MESSAGE][PASSED] - Attribute 'value' of object 'Object Repository/Emergency/Page_Store/input_txtprice' is: '90'

2018-05-17 12:12:55 - [TEST_STEP][PASSED] - Statement - out.println("Stock QTY : " + StockQty): null

2018-05-17 12:12:55 - [TEST_STEP][PASSED] - delay: Delayed 2 second(s)

2018-05-17 12:12:57 - [MESSAGE][PASSED] - Delayed 2 second(s)

2018-05-17 12:12:57 - [TEST_STEP][PASSED] - Statement - If (java.lang.Integer.valueOf(StockQty) >= java.lang.Integer.valueOf(RequestedQty)): null

2018-05-17 12:12:57 - [TEST_STEP][PASSED] - delay: Delayed 1 second(s)

2018-05-17 12:12:58 - [MESSAGE][PASSED] - Delayed 1 second(s)

2018-05-17 12:12:58 - [TEST_STEP][PASSED] - setText: Text '10' is set on object 'Object Repository/Emergency/Page_Store/input_txtqty'

2018-05-17 12:12:58 - [MESSAGE][PASSED] - Text '10' is set on object 'Object Repository/Emergency/Page_Store/input_txtqty'

2018-05-17 12:12:58 - [TEST_STEP][PASSED] - click: Object: 'Object Repository/Emergency/Page_Store/button_Add' is clicked on

2018-05-17 12:12:58 - [MESSAGE][PASSED] - Object: 'Object Repository/Emergency/Page_Store/button_Add' is clicked on

2018-05-17 12:12:58 - [TEST_STEP][PASSED] - Statement - Break: null

2018-05-17 12:12:58 - [TEST_STEP][PASSED] - selectOptionByIndex: All options with index in [13] are selected on object 'Object Repository/Emergency/Page_Store/select_--Select--Amikacin -500'

2018-05-17 12:12:58 - [MESSAGE][PASSED] - All options with index in [13] are selected on object 'Object Repository/Emergency/Page_Store/select_--Select--Amikacin -500'

2018-05-17 12:12:58 - [TEST_STEP][PASSED] - delay: Delayed 2 second(s)

2018-05-17 12:13:00 - [MESSAGE][PASSED] - Delayed 2 second(s)

2018-05-17 12:13:00 - [TEST_STEP][PASSED] - Statement - RequestedQty = com.kms.katalon.core.webui.keyword.WebUiBuiltInKeywords.getAttribute(com.kms.katalon.core.testobject.ObjectRepository.findTestObject(Emergency/Page_Store/input_txttotal), "value"): Attribute 'value' of object 'Object Repository/Emergency/Page_Store/input_txttotal' is: '10'

2018-05-17 12:13:00 - [MESSAGE][PASSED] - Attribute 'value' of object 'Object Repository/Emergency/Page_Store/input_txttotal' is: '10'

2018-05-17 12:13:00 - [TEST_STEP][PASSED] - Statement - out.println("Requested QTY : " + RequestedQty): null

2018-05-17 12:13:00 - [TEST_STEP][PASSED] - Statement - BatchNumber = com.kms.katalon.core.webui.keyword.WebUiBuiltInKeywords.getNumberOfTotalOption(com.kms.katalon.core.testobject.ObjectRepository.findTestObject(Emergency/Page_Store/select_--Select--BA1150BA4110)): 3 options of object 'Object Repository/Emergency/Page_Store/select_--Select--BA1150BA4110' counted

2018-05-17 12:13:00 - [MESSAGE][PASSED] - 3 options of object 'Object Repository/Emergency/Page_Store/select_--Select--BA1150BA4110' counted

2018-05-17 12:13:00 - [TEST_STEP][PASSED] - Statement - For ([g = 1, g <= BatchNumber - 1, (g++)]): null

2018-05-17 12:13:00 - [TEST_STEP][PASSED] - selectOptionByIndex: All options with index in [1] are selected on object 'Object Repository/Emergency/Page_Store/select_--Select--BA1150BA4110'

2018-05-17 12:13:01 - [MESSAGE][PASSED] - All options with index in [1] are selected on object 'Object Repository/Emergency/Page_Store/select_--Select--BA1150BA4110'

2018-05-17 12:13:01 - [TEST_STEP][PASSED] - delay: Delayed 2 second(s)

2018-05-17 12:13:03 - [MESSAGE][PASSED] - Delayed 2 second(s)

2018-05-17 12:13:03 - [TEST_STEP][PASSED] - Statement - Try: null

2018-05-17 12:13:03 - [TEST_STEP][PASSED] - Statement - StockQty = com.kms.katalon.core.webui.keyword.WebUiBuiltInKeywords.getAttribute(com.kms.katalon.core.testobject.ObjectRepository.findTestObject(Emergency/Page_Store/input_txtprice), "value"): Attribute 'value' of object 'Object Repository/Emergency/Page_Store/input_txtprice' is: '90'

2018-05-17 12:13:03 - [MESSAGE][PASSED] - Attribute 'value' of object 'Object Repository/Emergency/Page_Store/input_txtprice' is: '90'

2018-05-17 12:13:03 - [TEST_STEP][PASSED] - Statement - out.println("Stock QTY : " + StockQty): null

2018-05-17 12:13:03 - [TEST_STEP][PASSED] - delay: Delayed 2 second(s)

2018-05-17 12:13:05 - [MESSAGE][PASSED] - Delayed 2 second(s)

2018-05-17 12:13:05 - [TEST_STEP][PASSED] - Statement - If (java.lang.Integer.valueOf(StockQty) >= java.lang.Integer.valueOf(RequestedQty)): null

2018-05-17 12:13:05 - [TEST_STEP][PASSED] - delay: Delayed 1 second(s)

2018-05-17 12:13:06 - [MESSAGE][PASSED] - Delayed 1 second(s)

2018-05-17 12:13:06 - [TEST_STEP][PASSED] - setText: Text '10' is set on object 'Object Repository/Emergency/Page_Store/input_txtqty'

2018-05-17 12:13:06 - [MESSAGE][PASSED] - Text '10' is set on object 'Object Repository/Emergency/Page_Store/input_txtqty'

2018-05-17 12:13:06 - [TEST_STEP][PASSED] - click: Object: 'Object Repository/Emergency/Page_Store/button_Add' is clicked on

2018-05-17 12:13:06 - [MESSAGE][PASSED] - Object: 'Object Repository/Emergency/Page_Store/button_Add' is clicked on

2018-05-17 12:13:06 - [TEST_STEP][PASSED] - Statement - Break: null

2018-05-17 12:13:06 - [TEST_STEP][PASSED] - selectOptionByIndex: All options with index in [14] are selected on object 'Object Repository/Emergency/Page_Store/select_--Select--Amikacin -500'

2018-05-17 12:13:06 - [MESSAGE][PASSED] - All options with index in [14] are selected on object 'Object Repository/Emergency/Page_Store/select_--Select--Amikacin -500'

2018-05-17 12:13:06 - [TEST_STEP][PASSED] - delay: Delayed 2 second(s)

2018-05-17 12:13:08 - [MESSAGE][PASSED] - Delayed 2 second(s)

2018-05-17 12:13:08 - [TEST_STEP][PASSED] - Statement - RequestedQty = com.kms.katalon.core.webui.keyword.WebUiBuiltInKeywords.getAttribute(com.kms.katalon.core.testobject.ObjectRepository.findTestObject(Emergency/Page_Store/input_txttotal), "value"): Attribute 'value' of object 'Object Repository/Emergency/Page_Store/input_txttotal' is: '10'

2018-05-17 12:13:08 - [MESSAGE][PASSED] - Attribute 'value' of object 'Object Repository/Emergency/Page_Store/input_txttotal' is: '10'

2018-05-17 12:13:08 - [TEST_STEP][PASSED] - Statement - out.println("Requested QTY : " + RequestedQty): null

2018-05-17 12:13:08 - [TEST_STEP][PASSED] - Statement - BatchNumber = com.kms.katalon.core.webui.keyword.WebUiBuiltInKeywords.getNumberOfTotalOption(com.kms.katalon.core.testobject.ObjectRepository.findTestObject(Emergency/Page_Store/select_--Select--BA1150BA4110)): 3 options of object 'Object Repository/Emergency/Page_Store/select_--Select--BA1150BA4110' counted

2018-05-17 12:13:08 - [MESSAGE][PASSED] - 3 options of object 'Object Repository/Emergency/Page_Store/select_--Select--BA1150BA4110' counted

2018-05-17 12:13:08 - [TEST_STEP][PASSED] - Statement - For ([g = 1, g <= BatchNumber - 1, (g++)]): null

2018-05-17 12:13:08 - [TEST_STEP][PASSED] - selectOptionByIndex: All options with index in [1] are selected on object 'Object Repository/Emergency/Page_Store/select_--Select--BA1150BA4110'

2018-05-17 12:13:08 - [MESSAGE][PASSED] - All options with index in [1] are selected on object 'Object Repository/Emergency/Page_Store/select_--Select--BA1150BA4110'

2018-05-17 12:13:08 - [TEST_STEP][PASSED] - delay: Delayed 2 second(s)

2018-05-17 12:13:10 - [MESSAGE][PASSED] - Delayed 2 second(s)

2018-05-17 12:13:10 - [TEST_STEP][PASSED] - Statement - Try: null

2018-05-17 12:13:10 - [TEST_STEP][PASSED] - Statement - StockQty = com.kms.katalon.core.webui.keyword.WebUiBuiltInKeywords.getAttribute(com.kms.katalon.core.testobject.ObjectRepository.findTestObject(Emergency/Page_Store/input_txtprice), "value"): Attribute 'value' of object 'Object Repository/Emergency/Page_Store/input_txtprice' is: '90'

2018-05-17 12:13:10 - [MESSAGE][PASSED] - Attribute 'value' of object 'Object Repository/Emergency/Page_Store/input_txtprice' is: '90'

2018-05-17 12:13:10 - [TEST_STEP][PASSED] - Statement - out.println("Stock QTY : " + StockQty): null

2018-05-17 12:13:10 - [TEST_STEP][PASSED] - delay: Delayed 2 second(s)

2018-05-17 12:13:12 - [MESSAGE][PASSED] - Delayed 2 second(s)

2018-05-17 12:13:12 - [TEST_STEP][PASSED] - Statement - If (java.lang.Integer.valueOf(StockQty) >= java.lang.Integer.valueOf(RequestedQty)): null

2018-05-17 12:13:12 - [TEST_STEP][PASSED] - delay: Delayed 1 second(s)

2018-05-17 12:13:13 - [MESSAGE][PASSED] - Delayed 1 second(s)

2018-05-17 12:13:13 - [TEST_STEP][PASSED] - setText: Text '10' is set on object 'Object Repository/Emergency/Page_Store/input_txtqty'

2018-05-17 12:13:13 - [MESSAGE][PASSED] - Text '10' is set on object 'Object Repository/Emergency/Page_Store/input_txtqty'

2018-05-17 12:13:13 - [TEST_STEP][PASSED] - click: Object: 'Object Repository/Emergency/Page_Store/button_Add' is clicked on

2018-05-17 12:13:13 - [MESSAGE][PASSED] - Object: 'Object Repository/Emergency/Page_Store/button_Add' is clicked on

2018-05-17 12:13:13 - [TEST_STEP][PASSED] - Statement - Break: null

2018-05-17 12:13:13 - [TEST_STEP][PASSED] - selectOptionByIndex: All options with index in [15] are selected on object 'Object Repository/Emergency/Page_Store/select_--Select--Amikacin -500'

2018-05-17 12:13:14 - [MESSAGE][PASSED] - All options with index in [15] are selected on object 'Object Repository/Emergency/Page_Store/select_--Select--Amikacin -500'

2018-05-17 12:13:14 - [TEST_STEP][PASSED] - delay: Delayed 2 second(s)

2018-05-17 12:13:16 - [MESSAGE][PASSED] - Delayed 2 second(s)

2018-05-17 12:13:16 - [TEST_STEP][PASSED] - Statement - RequestedQty = com.kms.katalon.core.webui.keyword.WebUiBuiltInKeywords.getAttribute(com.kms.katalon.core.testobject.ObjectRepository.findTestObject(Emergency/Page_Store/input_txttotal), "value"): Attribute 'value' of object 'Object Repository/Emergency/Page_Store/input_txttotal' is: '10'

2018-05-17 12:13:16 - [MESSAGE][PASSED] - Attribute 'value' of object 'Object Repository/Emergency/Page_Store/input_txttotal' is: '10'

2018-05-17 12:13:16 - [TEST_STEP][PASSED] - Statement - out.println("Requested QTY : " + RequestedQty): null

2018-05-17 12:13:16 - [TEST_STEP][PASSED] - Statement - BatchNumber = com.kms.katalon.core.webui.keyword.WebUiBuiltInKeywords.getNumberOfTotalOption(com.kms.katalon.core.testobject.ObjectRepository.findTestObject(Emergency/Page_Store/select_--Select--BA1150BA4110)): 2 options of object 'Object Repository/Emergency/Page_Store/select_--Select--BA1150BA4110' counted

2018-05-17 12:13:16 - [MESSAGE][PASSED] - 2 options of object 'Object Repository/Emergency/Page_Store/select_--Select--BA1150BA4110' counted

2018-05-17 12:13:16 - [TEST_STEP][PASSED] - Statement - For ([g = 1, g <= BatchNumber - 1, (g++)]): null

2018-05-17 12:13:16 - [TEST_STEP][PASSED] - selectOptionByIndex: All options with index in [1] are selected on object 'Object Repository/Emergency/Page_Store/select_--Select--BA1150BA4110'

2018-05-17 12:13:16 - [MESSAGE][PASSED] - All options with index in [1] are selected on object 'Object Repository/Emergency/Page_Store/select_--Select--BA1150BA4110'

2018-05-17 12:13:16 - [TEST_STEP][PASSED] - delay: Delayed 2 second(s)

2018-05-17 12:13:18 - [MESSAGE][PASSED] - Delayed 2 second(s)

2018-05-17 12:13:18 - [TEST_STEP][PASSED] - Statement - Try: null

2018-05-17 12:13:18 - [TEST_STEP][PASSED] - Statement - StockQty = com.kms.katalon.core.webui.keyword.WebUiBuiltInKeywords.getAttribute(com.kms.katalon.core.testobject.ObjectRepository.findTestObject(Emergency/Page_Store/input_txtprice), "value"): Attribute 'value' of object 'Object Repository/Emergency/Page_Store/input_txtprice' is: '2045'

2018-05-17 12:13:18 - [MESSAGE][PASSED] - Attribute 'value' of object 'Object Repository/Emergency/Page_Store/input_txtprice' is: '2045'

2018-05-17 12:13:18 - [TEST_STEP][PASSED] - Statement - out.println("Stock QTY : " + StockQty): null

2018-05-17 12:13:18 - [TEST_STEP][PASSED] - delay: Delayed 2 second(s)

2018-05-17 12:13:20 - [MESSAGE][PASSED] - Delayed 2 second(s)

2018-05-17 12:13:20 - [TEST_STEP][PASSED] - Statement - If (java.lang.Integer.valueOf(StockQty) >= java.lang.Integer.valueOf(RequestedQty)): null

2018-05-17 12:13:20 - [TEST_STEP][PASSED] - delay: Delayed 1 second(s)

2018-05-17 12:13:21 - [MESSAGE][PASSED] - Delayed 1 second(s)

2018-05-17 12:13:21 - [TEST_STEP][PASSED] - setText: Text '10' is set on object 'Object Repository/Emergency/Page_Store/input_txtqty'

2018-05-17 12:13:21 - [MESSAGE][PASSED] - Text '10' is set on object 'Object Repository/Emergency/Page_Store/input_txtqty'

2018-05-17 12:13:21 - [TEST_STEP][PASSED] - click: Object: 'Object Repository/Emergency/Page_Store/button_Add' is clicked on

2018-05-17 12:13:21 - [MESSAGE][PASSED] - Object: 'Object Repository/Emergency/Page_Store/button_Add' is clicked on

2018-05-17 12:13:21 - [TEST_STEP][PASSED] - Statement - Break: null

2018-05-17 12:13:21 - [TEST_STEP][PASSED] - selectOptionByIndex: All options with index in [16] are selected on object 'Object Repository/Emergency/Page_Store/select_--Select--Amikacin -500'

2018-05-17 12:13:21 - [MESSAGE][PASSED] - All options with index in [16] are selected on object 'Object Repository/Emergency/Page_Store/select_--Select--Amikacin -500'

2018-05-17 12:13:21 - [TEST_STEP][PASSED] - delay: Delayed 2 second(s)

2018-05-17 12:13:23 - [MESSAGE][PASSED] - Delayed 2 second(s)

2018-05-17 12:13:23 - [TEST_STEP][PASSED] - Statement - RequestedQty = com.kms.katalon.core.webui.keyword.WebUiBuiltInKeywords.getAttribute(com.kms.katalon.core.testobject.ObjectRepository.findTestObject(Emergency/Page_Store/input_txttotal), "value"): Attribute 'value' of object 'Object Repository/Emergency/Page_Store/input_txttotal' is: '10'

2018-05-17 12:13:23 - [MESSAGE][PASSED] - Attribute 'value' of object 'Object Repository/Emergency/Page_Store/input_txttotal' is: '10'

2018-05-17 12:13:23 - [TEST_STEP][PASSED] - Statement - out.println("Requested QTY : " + RequestedQty): null

2018-05-17 12:13:23 - [TEST_STEP][PASSED] - Statement - BatchNumber = com.kms.katalon.core.webui.keyword.WebUiBuiltInKeywords.getNumberOfTotalOption(com.kms.katalon.core.testobject.ObjectRepository.findTestObject(Emergency/Page_Store/select_--Select--BA1150BA4110)): 3 options of object 'Object Repository/Emergency/Page_Store/select_--Select--BA1150BA4110' counted

2018-05-17 12:13:23 - [MESSAGE][PASSED] - 3 options of object 'Object Repository/Emergency/Page_Store/select_--Select--BA1150BA4110' counted

2018-05-17 12:13:23 - [TEST_STEP][PASSED] - Statement - For ([g = 1, g <= BatchNumber - 1, (g++)]): null

2018-05-17 12:13:23 - [TEST_STEP][PASSED] - selectOptionByIndex: All options with index in [1] are selected on object 'Object Repository/Emergency/Page_Store/select_--Select--BA1150BA4110'

2018-05-17 12:13:23 - [MESSAGE][PASSED] - All options with index in [1] are selected on object 'Object Repository/Emergency/Page_Store/select_--Select--BA1150BA4110'

2018-05-17 12:13:23 - [TEST_STEP][PASSED] - delay: Delayed 2 second(s)

2018-05-17 12:13:25 - [MESSAGE][PASSED] - Delayed 2 second(s)

2018-05-17 12:13:25 - [TEST_STEP][PASSED] - Statement - Try: null

2018-05-17 12:13:25 - [TEST_STEP][PASSED] - Statement - StockQty = com.kms.katalon.core.webui.keyword.WebUiBuiltInKeywords.getAttribute(com.kms.katalon.core.testobject.ObjectRepository.findTestObject(Emergency/Page_Store/input_txtprice), "value"): Attribute 'value' of object 'Object Repository/Emergency/Page_Store/input_txtprice' is: '90'

2018-05-17 12:13:26 - [MESSAGE][PASSED] - Attribute 'value' of object 'Object Repository/Emergency/Page_Store/input_txtprice' is: '90'

2018-05-17 12:13:26 - [TEST_STEP][PASSED] - Statement - out.println("Stock QTY : " + StockQty): null

2018-05-17 12:13:26 - [TEST_STEP][PASSED] - delay: Delayed 2 second(s)

2018-05-17 12:13:28 - [MESSAGE][PASSED] - Delayed 2 second(s)

2018-05-17 12:13:28 - [TEST_STEP][PASSED] - Statement - If (java.lang.Integer.valueOf(StockQty) >= java.lang.Integer.valueOf(RequestedQty)): null

2018-05-17 12:13:28 - [TEST_STEP][PASSED] - delay: Delayed 1 second(s)

2018-05-17 12:13:29 - [MESSAGE][PASSED] - Delayed 1 second(s)

2018-05-17 12:13:29 - [TEST_STEP][PASSED] - setText: Text '10' is set on object 'Object Repository/Emergency/Page_Store/input_txtqty'

2018-05-17 12:13:29 - [MESSAGE][PASSED] - Text '10' is set on object 'Object Repository/Emergency/Page_Store/input_txtqty'

2018-05-17 12:13:29 - [TEST_STEP][PASSED] - click: Object: 'Object Repository/Emergency/Page_Store/button_Add' is clicked on

2018-05-17 12:13:29 - [MESSAGE][PASSED] - Object: 'Object Repository/Emergency/Page_Store/button_Add' is clicked on

2018-05-17 12:13:29 - [TEST_STEP][PASSED] - Statement - Break: null

2018-05-17 12:13:29 - [TEST_STEP][PASSED] - selectOptionByIndex: All options with index in [17] are selected on object 'Object Repository/Emergency/Page_Store/select_--Select--Amikacin -500'

2018-05-17 12:13:29 - [MESSAGE][PASSED] - All options with index in [17] are selected on object 'Object Repository/Emergency/Page_Store/select_--Select--Amikacin -500'

2018-05-17 12:13:29 - [TEST_STEP][PASSED] - delay: Delayed 2 second(s)

2018-05-17 12:13:31 - [MESSAGE][PASSED] - Delayed 2 second(s)

2018-05-17 12:13:31 - [TEST_STEP][PASSED] - Statement - RequestedQty = com.kms.katalon.core.webui.keyword.WebUiBuiltInKeywords.getAttribute(com.kms.katalon.core.testobject.ObjectRepository.findTestObject(Emergency/Page_Store/input_txttotal), "value"): Attribute 'value' of object 'Object Repository/Emergency/Page_Store/input_txttotal' is: '10'

2018-05-17 12:13:31 - [MESSAGE][PASSED] - Attribute 'value' of object 'Object Repository/Emergency/Page_Store/input_txttotal' is: '10'

2018-05-17 12:13:31 - [TEST_STEP][PASSED] - Statement - out.println("Requested QTY : " + RequestedQty): null

2018-05-17 12:13:31 - [TEST_STEP][PASSED] - Statement - BatchNumber = com.kms.katalon.core.webui.keyword.WebUiBuiltInKeywords.getNumberOfTotalOption(com.kms.katalon.core.testobject.ObjectRepository.findTestObject(Emergency/Page_Store/select_--Select--BA1150BA4110)): 2 options of object 'Object Repository/Emergency/Page_Store/select_--Select--BA1150BA4110' counted

2018-05-17 12:13:31 - [MESSAGE][PASSED] - 2 options of object 'Object Repository/Emergency/Page_Store/select_--Select--BA1150BA4110' counted

2018-05-17 12:13:31 - [TEST_STEP][PASSED] - Statement - For ([g = 1, g <= BatchNumber - 1, (g++)]): null

2018-05-17 12:13:31 - [TEST_STEP][PASSED] - selectOptionByIndex: All options with index in [1] are selected on object 'Object Repository/Emergency/Page_Store/select_--Select--BA1150BA4110'

2018-05-17 12:13:31 - [MESSAGE][PASSED] - All options with index in [1] are selected on object 'Object Repository/Emergency/Page_Store/select_--Select--BA1150BA4110'

2018-05-17 12:13:31 - [TEST_STEP][PASSED] - delay: Delayed 2 second(s)

2018-05-17 12:13:33 - [MESSAGE][PASSED] - Delayed 2 second(s)

2018-05-17 12:13:33 - [TEST_STEP][PASSED] - Statement - Try: null

2018-05-17 12:13:33 - [TEST_STEP][PASSED] - Statement - StockQty = com.kms.katalon.core.webui.keyword.WebUiBuiltInKeywords.getAttribute(com.kms.katalon.core.testobject.ObjectRepository.findTestObject(Emergency/Page_Store/input_txtprice), "value"): Attribute 'value' of object 'Object Repository/Emergency/Page_Store/input_txtprice' is: '1045'

2018-05-17 12:13:33 - [MESSAGE][PASSED] - Attribute 'value' of object 'Object Repository/Emergency/Page_Store/input_txtprice' is: '1045'

2018-05-17 12:13:33 - [TEST_STEP][PASSED] - Statement - out.println("Stock QTY : " + StockQty): null

2018-05-17 12:13:33 - [TEST_STEP][PASSED] - delay: Delayed 2 second(s)

2018-05-17 12:13:35 - [MESSAGE][PASSED] - Delayed 2 second(s)

2018-05-17 12:13:35 - [TEST_STEP][PASSED] - Statement - If (java.lang.Integer.valueOf(StockQty) >= java.lang.Integer.valueOf(RequestedQty)): null

2018-05-17 12:13:35 - [TEST_STEP][PASSED] - delay: Delayed 1 second(s)

2018-05-17 12:13:36 - [MESSAGE][PASSED] - Delayed 1 second(s)

2018-05-17 12:13:36 - [TEST_STEP][PASSED] - setText: Text '10' is set on object 'Object Repository/Emergency/Page_Store/input_txtqty'

2018-05-17 12:13:36 - [MESSAGE][PASSED] - Text '10' is set on object 'Object Repository/Emergency/Page_Store/input_txtqty'

2018-05-17 12:13:36 - [TEST_STEP][PASSED] - click: Object: 'Object Repository/Emergency/Page_Store/button_Add' is clicked on

2018-05-17 12:13:36 - [MESSAGE][PASSED] - Object: 'Object Repository/Emergency/Page_Store/button_Add' is clicked on

2018-05-17 12:13:36 - [TEST_STEP][PASSED] - Statement - Break: null

2018-05-17 12:13:36 - [TEST_STEP][PASSED] - selectOptionByIndex: All options with index in [18] are selected on object 'Object Repository/Emergency/Page_Store/select_--Select--Amikacin -500'

2018-05-17 12:13:37 - [MESSAGE][PASSED] - All options with index in [18] are selected on object 'Object Repository/Emergency/Page_Store/select_--Select--Amikacin -500'

2018-05-17 12:13:37 - [TEST_STEP][PASSED] - delay: Delayed 2 second(s)

2018-05-17 12:13:39 - [MESSAGE][PASSED] - Delayed 2 second(s)

2018-05-17 12:13:39 - [TEST_STEP][PASSED] - Statement - RequestedQty = com.kms.katalon.core.webui.keyword.WebUiBuiltInKeywords.getAttribute(com.kms.katalon.core.testobject.ObjectRepository.findTestObject(Emergency/Page_Store/input_txttotal), "value"): Attribute 'value' of object 'Object Repository/Emergency/Page_Store/input_txttotal' is: '10'

2018-05-17 12:13:39 - [MESSAGE][PASSED] - Attribute 'value' of object 'Object Repository/Emergency/Page_Store/input_txttotal' is: '10'

2018-05-17 12:13:39 - [TEST_STEP][PASSED] - Statement - out.println("Requested QTY : " + RequestedQty): null

2018-05-17 12:13:39 - [TEST_STEP][PASSED] - Statement - BatchNumber = com.kms.katalon.core.webui.keyword.WebUiBuiltInKeywords.getNumberOfTotalOption(com.kms.katalon.core.testobject.ObjectRepository.findTestObject(Emergency/Page_Store/select_--Select--BA1150BA4110)): 3 options of object 'Object Repository/Emergency/Page_Store/select_--Select--BA1150BA4110' counted

2018-05-17 12:13:39 - [MESSAGE][PASSED] - 3 options of object 'Object Repository/Emergency/Page_Store/select_--Select--BA1150BA4110' counted

2018-05-17 12:13:39 - [TEST_STEP][PASSED] - Statement - For ([g = 1, g <= BatchNumber - 1, (g++)]): null

2018-05-17 12:13:39 - [TEST_STEP][PASSED] - selectOptionByIndex: All options with index in [1] are selected on object 'Object Repository/Emergency/Page_Store/select_--Select--BA1150BA4110'

2018-05-17 12:13:39 - [MESSAGE][PASSED] - All options with index in [1] are selected on object 'Object Repository/Emergency/Page_Store/select_--Select--BA1150BA4110'

2018-05-17 12:13:39 - [TEST_STEP][PASSED] - delay: Delayed 2 second(s)

2018-05-17 12:13:41 - [MESSAGE][PASSED] - Delayed 2 second(s)

2018-05-17 12:13:41 - [TEST_STEP][PASSED] - Statement - Try: null

2018-05-17 12:13:41 - [TEST_STEP][PASSED] - Statement - StockQty = com.kms.katalon.core.webui.keyword.WebUiBuiltInKeywords.getAttribute(com.kms.katalon.core.testobject.ObjectRepository.findTestObject(Emergency/Page_Store/input_txtprice), "value"): Attribute 'value' of object 'Object Repository/Emergency/Page_Store/input_txtprice' is: '90'

2018-05-17 12:13:41 - [MESSAGE][PASSED] - Attribute 'value' of object 'Object Repository/Emergency/Page_Store/input_txtprice' is: '90'

2018-05-17 12:13:41 - [TEST_STEP][PASSED] - Statement - out.println("Stock QTY : " + StockQty): null

2018-05-17 12:13:41 - [TEST_STEP][PASSED] - delay: Delayed 2 second(s)

2018-05-17 12:13:43 - [MESSAGE][PASSED] - Delayed 2 second(s)

2018-05-17 12:13:43 - [TEST_STEP][PASSED] - Statement - If (java.lang.Integer.valueOf(StockQty) >= java.lang.Integer.valueOf(RequestedQty)): null

2018-05-17 12:13:43 - [TEST_STEP][PASSED] - delay: Delayed 1 second(s)

2018-05-17 12:13:44 - [MESSAGE][PASSED] - Delayed 1 second(s)

2018-05-17 12:13:44 - [TEST_STEP][PASSED] - setText: Text '10' is set on object 'Object Repository/Emergency/Page_Store/input_txtqty'

2018-05-17 12:13:44 - [MESSAGE][PASSED] - Text '10' is set on object 'Object Repository/Emergency/Page_Store/input_txtqty'

2018-05-17 12:13:44 - [TEST_STEP][PASSED] - click: Object: 'Object Repository/Emergency/Page_Store/button_Add' is clicked on

2018-05-17 12:13:44 - [MESSAGE][PASSED] - Object: 'Object Repository/Emergency/Page_Store/button_Add' is clicked on

2018-05-17 12:13:44 - [TEST_STEP][PASSED] - Statement - Break: null

2018-05-17 12:13:44 - [TEST_STEP][PASSED] - scrollToElement: Scroll to object 'Object Repository/Emergency/Page_Store/input_btnSubmit' successfully

2018-05-17 12:13:44 - [MESSAGE][PASSED] - Scroll to object 'Object Repository/Emergency/Page_Store/input_btnSubmit' successfully

2018-05-17 12:13:44 - [TEST_STEP][PASSED] - Statement - Try: Object: 'Object Repository/lab/Page_Store/button_OK' is clicked on

2018-05-17 12:13:44 - [TEST_STEP][PASSED] - click: Object: 'Object Repository/Emergency/Page_Store/input_btnSubmit' is clicked on

2018-05-17 12:13:44 - [MESSAGE][PASSED] - Object: 'Object Repository/Emergency/Page_Store/input_btnSubmit' is clicked on

2018-05-17 12:13:44 - [TEST_STEP][PASSED] - delay: Delayed 3 second(s)

2018-05-17 12:13:47 - [MESSAGE][PASSED] - Delayed 3 second(s)

2018-05-17 12:13:47 - [TEST_STEP][PASSED] - click: Object: 'Object Repository/lab/Page_Store/button_OK' is clicked on

2018-05-17 12:13:48 - [MESSAGE][PASSED] - Object: 'Object Repository/lab/Page_Store/button_OK' is clicked on

2018-05-17 12:13:48 - [TEST_STEP][PASSED] - click: Object: 'Object Repository/Emergency/Page_Store/a_dropdown-toggle' is clicked on

2018-05-17 12:13:49 - [MESSAGE][PASSED] - Object: 'Object Repository/Emergency/Page_Store/a_dropdown-toggle' is clicked on

2018-05-17 12:13:49 - [TEST_STEP][PASSED] - click: Object: 'Object Repository/Emergency/Page_Store/a_Sign out' is clicked on

2018-05-17 12:13:49 - [MESSAGE][PASSED] - Object: 'Object Repository/Emergency/Page_Store/a_Sign out' is clicked on

2018-05-17 12:13:49 - [TEST_STEP][PASSED] - closeBrowser: Browser is closed

2018-05-17 12:13:50 - [MESSAGE][PASSED] - Browser is closed

2018-05-17 12:13:50 - [TEST_STEP][PASSED] - Statement - out.println("Schedule 12 Emergency Request Are Working Successfully"): null]]></system-out>
         <system-err><![CDATA[]]></system-err>
      </testcase>
      <system-out><![CDATA[2018-05-17 11:51:39 - [TEST_SUITE][FAILED] - Emergency_Suit: Test Cases/EMERGENCY TEST CASES/TC_ER_001 Verify Schedule 1 Emergency  Request Are Working Successfully Or Not FAILED because (of) Unable to select option by index '1' of object 'Object Repository/Emergency/Page_KDMC - Emergency/select_--Select--Schedule 1Inj' (Root cause: org.openqa.selenium.NoSuchElementException: Cannot locate option with index: 1
For documentation on this error, please visit: http://seleniumhq.org/exceptions/no_such_element.html
Build info: version: '3.7.1', revision: '8a0099a', time: '2017-11-06T21:07:36.161Z'
System info: host: 'DESKTOP-BLFTK83', ip: '192.168.71.2', os.name: 'Windows 10', os.arch: 'amd64', os.version: '10.0', java.version: '1.8.0_102'
Driver info: driver.version: unknown)]]></system-out>
      <system-err><![CDATA[2018-05-17 11:51:39 - [TEST_SUITE][FAILED] - Emergency_Suit: Test Cases/EMERGENCY TEST CASES/TC_ER_001 Verify Schedule 1 Emergency  Request Are Working Successfully Or Not FAILED because (of) Unable to select option by index '1' of object 'Object Repository/Emergency/Page_KDMC - Emergency/select_--Select--Schedule 1Inj' (Root cause: org.openqa.selenium.NoSuchElementException: Cannot locate option with index: 1
For documentation on this error, please visit: http://seleniumhq.org/exceptions/no_such_element.html
Build info: version: '3.7.1', revision: '8a0099a', time: '2017-11-06T21:07:36.161Z'
System info: host: 'DESKTOP-BLFTK83', ip: '192.168.71.2', os.name: 'Windows 10', os.arch: 'amd64', os.version: '10.0', java.version: '1.8.0_102'
Driver info: driver.version: unknown)]]></system-err>
   </testsuite>
</testsuites>
