<?xml version="1.0" encoding="UTF-8"?>
<testsuites name="Dispensary_Cms_Suite" time="823" tests="1" failures="0" errors="1">
   <testsuite name="Dispensary_Cms_Suite" tests="1" failures="0" errors="1" time="823" timestamp="2018-06-10 01:38:59" hostname="Quality Analyst - DESKTOP-BLFTK83" id="Test Suites/Dispensary_Cms_Suite">
      <properties>
         <property name="deviceName" value=""/>
         <property name="devicePlatform" value=""/>
         <property name="logFolder" value="C:\\Users\\Quality Analyst\\Katalon Studio\\ds\\Reports\\Dispensary_Cms_Suite\\20180609_192545"/>
         <property name="logFiles" value="C:\\Users\\Quality Analyst\\Katalon Studio\\ds\\Reports\\Dispensary_Cms_Suite\\20180609_192545\\execution0.log"/>
         <property name="attachments" value=""/>
         <property name="hostName" value="Quality Analyst - DESKTOP-BLFTK83"/>
         <property name="os" value="Windows 10 64bit"/>
         <property name="katalonVersion" value="5.4.2.1"/>
         <property name="browser" value="Chrome 66.0.3359.181"/>
         <property name="hostAddress" value="169.254.189.85"/>
         <property name="sessionId" value="ace05f10365731e57ecf0f9fdc8b4d2d"/>
         <property name="seleniumVersion" value="3.7.1"/>
         <property name="proxyInformation" value="ProxyInformation{proxyOption=NO_PROXY, proxyServerType=HTTP, password=, proxyServerAddress=, proxyServerPort=0}"/>
         <property name="platform" value="Windows 10"/>
      </properties>
      <testcase name="Test Cases/DISPENSARY TEST CASES/TC_DP_013 Verify Schedule 1 Dispensary To CMS Request Are Working Successfully Or Not" classname="Test Cases/DISPENSARY TEST CASES/TC_DP_013 Verify Schedule 1 Dispensary To CMS Request Are Working Successfully Or Not" status="ERROR">
         <error type="ERROR" message="Test Cases/DISPENSARY TEST CASES/TC_DP_013 Verify Schedule 1 Dispensary To CMS Request Are Working Successfully Or Not FAILED because (of) java.lang.NumberFormatException: For input string: &quot;&quot;"/>
         <system-out><![CDATA[2018-06-10 01:38:59 - [TEST_CASE][ERROR] - Test Cases/DISPENSARY TEST CASES/TC_DP_013 Verify Schedule 1 Dispensary To CMS Request Are Working Successfully Or Not: Test Cases/DISPENSARY TEST CASES/TC_DP_013 Verify Schedule 1 Dispensary To CMS Request Are Working Successfully Or Not FAILED because (of) java.lang.NumberFormatException: For input string: ""

2018-06-10 01:39:00 - [TEST_STEP][PASSED] - openBrowser: Browser is opened with url: ''

2018-06-10 01:39:03 - [MESSAGE][PASSED] - Browser is opened with url: ''

2018-06-10 01:39:03 - [TEST_STEP][PASSED] - navigateToUrl: Navigate to 'http://192.168.137.1/multihospital_new/HDSplashscreen.aspx' successfully

2018-06-10 01:39:04 - [MESSAGE][PASSED] - Navigate to 'http://192.168.137.1/multihospital_new/HDSplashscreen.aspx' successfully

2018-06-10 01:39:04 - [TEST_STEP][PASSED] - maximizeWindow: Current window maximized

2018-06-10 01:39:06 - [MESSAGE][PASSED] - Current window maximized

2018-06-10 01:39:06 - [TEST_STEP][PASSED] - click: Object: 'Object Repository/DispensaryToCms/Page_KDMC/a_Dispensary Store' is clicked on

2018-06-10 01:39:07 - [MESSAGE][PASSED] - Object: 'Object Repository/DispensaryToCms/Page_KDMC/a_Dispensary Store' is clicked on

2018-06-10 01:39:07 - [TEST_STEP][PASSED] - setText: Text 'rajaram' is set on object 'Object Repository/DispensaryToCms/Page_Dispensary Store Login/input_txtusername'

2018-06-10 01:39:07 - [MESSAGE][PASSED] - Text 'rajaram' is set on object 'Object Repository/DispensaryToCms/Page_Dispensary Store Login/input_txtusername'

2018-06-10 01:39:07 - [TEST_STEP][PASSED] - setText: Text '123' is set on object 'Object Repository/DispensaryToCms/Page_Dispensary Store Login/input_txtpassword'

2018-06-10 01:39:07 - [MESSAGE][PASSED] - Text '123' is set on object 'Object Repository/DispensaryToCms/Page_Dispensary Store Login/input_txtpassword'

2018-06-10 01:39:07 - [TEST_STEP][PASSED] - delay: Delayed 3 second(s)

2018-06-10 01:39:10 - [MESSAGE][PASSED] - Delayed 3 second(s)

2018-06-10 01:39:10 - [TEST_STEP][PASSED] - click: Object: 'Object Repository/DispensaryToCms/Page_Dispensary Store Login/button_Sign in' is clicked on

2018-06-10 01:39:11 - [MESSAGE][PASSED] - Object: 'Object Repository/DispensaryToCms/Page_Dispensary Store Login/button_Sign in' is clicked on

2018-06-10 01:39:11 - [TEST_STEP][PASSED] - delay: Delayed 3 second(s)

2018-06-10 01:39:14 - [MESSAGE][PASSED] - Delayed 3 second(s)

2018-06-10 01:39:14 - [TEST_STEP][PASSED] - click: Object: 'Object Repository/DispensaryToCms/Page_Dispensary Store/a_CMS' is clicked on

2018-06-10 01:39:14 - [MESSAGE][PASSED] - Object: 'Object Repository/DispensaryToCms/Page_Dispensary Store/a_CMS' is clicked on

2018-06-10 01:39:14 - [TEST_STEP][PASSED] - delay: Delayed 2 second(s)

2018-06-10 01:39:16 - [MESSAGE][PASSED] - Delayed 2 second(s)

2018-06-10 01:39:16 - [TEST_STEP][PASSED] - click: Object: 'Object Repository/DispensaryToCms/Page_Dispensary Store/a_Request Send' is clicked on

2018-06-10 01:39:17 - [MESSAGE][PASSED] - Object: 'Object Repository/DispensaryToCms/Page_Dispensary Store/a_Request Send' is clicked on

2018-06-10 01:39:17 - [TEST_STEP][PASSED] - delay: Delayed 2 second(s)

2018-06-10 01:39:19 - [MESSAGE][PASSED] - Delayed 2 second(s)

2018-06-10 01:39:19 - [TEST_STEP][PASSED] - selectOptionByIndex: All options with index in [2] are selected on object 'Object Repository/DispensaryToCms/Page_Dispensary Store/select_--Select--'

2018-06-10 01:39:19 - [MESSAGE][PASSED] - All options with index in [2] are selected on object 'Object Repository/DispensaryToCms/Page_Dispensary Store/select_--Select--'

2018-06-10 01:39:19 - [TEST_STEP][PASSED] - selectOptionByIndex: All options with index in [1] are selected on object 'Object Repository/DispensaryToCms/Page_Dispensary Store/select_--Select--Schedule 1Inj'

2018-06-10 01:39:19 - [MESSAGE][PASSED] - All options with index in [1] are selected on object 'Object Repository/DispensaryToCms/Page_Dispensary Store/select_--Select--Schedule 1Inj'

2018-06-10 01:39:19 - [TEST_STEP][PASSED] - Statement - medicineslength = com.kms.katalon.core.webui.keyword.WebUiBuiltInKeywords.getNumberOfTotalOption(com.kms.katalon.core.testobject.ObjectRepository.findTestObject(DispensaryToCms/Page_Dispensary Store/select_--Select--Adernaline 0.)): 63 options of object 'Object Repository/DispensaryToCms/Page_Dispensary Store/select_--Select--Adernaline 0.' counted

2018-06-10 01:39:19 - [MESSAGE][PASSED] - 63 options of object 'Object Repository/DispensaryToCms/Page_Dispensary Store/select_--Select--Adernaline 0.' counted

2018-06-10 01:39:19 - [TEST_STEP][PASSED] - Statement - For ([e = 1, e <= medicineslength - 1, (e++)]): Delayed 1 second(s)

2018-06-10 01:39:19 - [TEST_STEP][PASSED] - selectOptionByIndex: All options with index in [1] are selected on object 'Object Repository/DispensaryToCms/Page_Dispensary Store/select_--Select--Schedule 1Inj'

2018-06-10 01:39:19 - [MESSAGE][PASSED] - All options with index in [1] are selected on object 'Object Repository/DispensaryToCms/Page_Dispensary Store/select_--Select--Schedule 1Inj'

2018-06-10 01:39:19 - [TEST_STEP][PASSED] - delay: Delayed 1 second(s)

2018-06-10 01:39:20 - [MESSAGE][PASSED] - Delayed 1 second(s)

2018-06-10 01:39:20 - [TEST_STEP][PASSED] - selectOptionByIndex: All options with index in [1] are selected on object 'Object Repository/DispensaryToCms/Page_Dispensary Store/select_--Select--Adernaline 0.'

2018-06-10 01:39:20 - [MESSAGE][PASSED] - All options with index in [1] are selected on object 'Object Repository/DispensaryToCms/Page_Dispensary Store/select_--Select--Adernaline 0.'

2018-06-10 01:39:20 - [TEST_STEP][PASSED] - setText: Text '100' is set on object 'Object Repository/DispensaryToCms/Page_Dispensary Store/input_txttreat'

2018-06-10 01:39:21 - [MESSAGE][PASSED] - Text '100' is set on object 'Object Repository/DispensaryToCms/Page_Dispensary Store/input_txttreat'

2018-06-10 01:39:21 - [TEST_STEP][PASSED] - click: Object: 'Object Repository/DispensaryToCms/Page_Dispensary Store/button_Add' is clicked on

2018-06-10 01:39:21 - [MESSAGE][PASSED] - Object: 'Object Repository/DispensaryToCms/Page_Dispensary Store/button_Add' is clicked on

2018-06-10 01:39:21 - [TEST_STEP][PASSED] - delay: Delayed 1 second(s)

2018-06-10 01:39:22 - [MESSAGE][PASSED] - Delayed 1 second(s)

2018-06-10 01:39:22 - [TEST_STEP][PASSED] - selectOptionByIndex: All options with index in [1] are selected on object 'Object Repository/DispensaryToCms/Page_Dispensary Store/select_--Select--Schedule 1Inj'

2018-06-10 01:39:22 - [MESSAGE][PASSED] - All options with index in [1] are selected on object 'Object Repository/DispensaryToCms/Page_Dispensary Store/select_--Select--Schedule 1Inj'

2018-06-10 01:39:22 - [TEST_STEP][PASSED] - delay: Delayed 1 second(s)

2018-06-10 01:39:23 - [MESSAGE][PASSED] - Delayed 1 second(s)

2018-06-10 01:39:23 - [TEST_STEP][PASSED] - selectOptionByIndex: All options with index in [2] are selected on object 'Object Repository/DispensaryToCms/Page_Dispensary Store/select_--Select--Adernaline 0.'

2018-06-10 01:39:23 - [MESSAGE][PASSED] - All options with index in [2] are selected on object 'Object Repository/DispensaryToCms/Page_Dispensary Store/select_--Select--Adernaline 0.'

2018-06-10 01:39:23 - [TEST_STEP][PASSED] - setText: Text '100' is set on object 'Object Repository/DispensaryToCms/Page_Dispensary Store/input_txttreat'

2018-06-10 01:39:23 - [MESSAGE][PASSED] - Text '100' is set on object 'Object Repository/DispensaryToCms/Page_Dispensary Store/input_txttreat'

2018-06-10 01:39:23 - [TEST_STEP][PASSED] - click: Object: 'Object Repository/DispensaryToCms/Page_Dispensary Store/button_Add' is clicked on

2018-06-10 01:39:23 - [MESSAGE][PASSED] - Object: 'Object Repository/DispensaryToCms/Page_Dispensary Store/button_Add' is clicked on

2018-06-10 01:39:23 - [TEST_STEP][PASSED] - delay: Delayed 1 second(s)

2018-06-10 01:39:24 - [MESSAGE][PASSED] - Delayed 1 second(s)

2018-06-10 01:39:24 - [TEST_STEP][PASSED] - selectOptionByIndex: All options with index in [1] are selected on object 'Object Repository/DispensaryToCms/Page_Dispensary Store/select_--Select--Schedule 1Inj'

2018-06-10 01:39:24 - [MESSAGE][PASSED] - All options with index in [1] are selected on object 'Object Repository/DispensaryToCms/Page_Dispensary Store/select_--Select--Schedule 1Inj'

2018-06-10 01:39:24 - [TEST_STEP][PASSED] - delay: Delayed 1 second(s)

2018-06-10 01:39:25 - [MESSAGE][PASSED] - Delayed 1 second(s)

2018-06-10 01:39:25 - [TEST_STEP][PASSED] - selectOptionByIndex: All options with index in [3] are selected on object 'Object Repository/DispensaryToCms/Page_Dispensary Store/select_--Select--Adernaline 0.'

2018-06-10 01:39:26 - [MESSAGE][PASSED] - All options with index in [3] are selected on object 'Object Repository/DispensaryToCms/Page_Dispensary Store/select_--Select--Adernaline 0.'

2018-06-10 01:39:26 - [TEST_STEP][PASSED] - setText: Text '100' is set on object 'Object Repository/DispensaryToCms/Page_Dispensary Store/input_txttreat'

2018-06-10 01:39:26 - [MESSAGE][PASSED] - Text '100' is set on object 'Object Repository/DispensaryToCms/Page_Dispensary Store/input_txttreat'

2018-06-10 01:39:26 - [TEST_STEP][PASSED] - click: Object: 'Object Repository/DispensaryToCms/Page_Dispensary Store/button_Add' is clicked on

2018-06-10 01:39:26 - [MESSAGE][PASSED] - Object: 'Object Repository/DispensaryToCms/Page_Dispensary Store/button_Add' is clicked on

2018-06-10 01:39:26 - [TEST_STEP][PASSED] - delay: Delayed 1 second(s)

2018-06-10 01:39:27 - [MESSAGE][PASSED] - Delayed 1 second(s)

2018-06-10 01:39:27 - [TEST_STEP][PASSED] - selectOptionByIndex: All options with index in [1] are selected on object 'Object Repository/DispensaryToCms/Page_Dispensary Store/select_--Select--Schedule 1Inj'

2018-06-10 01:39:27 - [MESSAGE][PASSED] - All options with index in [1] are selected on object 'Object Repository/DispensaryToCms/Page_Dispensary Store/select_--Select--Schedule 1Inj'

2018-06-10 01:39:27 - [TEST_STEP][PASSED] - delay: Delayed 1 second(s)

2018-06-10 01:39:28 - [MESSAGE][PASSED] - Delayed 1 second(s)

2018-06-10 01:39:28 - [TEST_STEP][PASSED] - selectOptionByIndex: All options with index in [4] are selected on object 'Object Repository/DispensaryToCms/Page_Dispensary Store/select_--Select--Adernaline 0.'

2018-06-10 01:39:28 - [MESSAGE][PASSED] - All options with index in [4] are selected on object 'Object Repository/DispensaryToCms/Page_Dispensary Store/select_--Select--Adernaline 0.'

2018-06-10 01:39:28 - [TEST_STEP][PASSED] - setText: Text '100' is set on object 'Object Repository/DispensaryToCms/Page_Dispensary Store/input_txttreat'

2018-06-10 01:39:28 - [MESSAGE][PASSED] - Text '100' is set on object 'Object Repository/DispensaryToCms/Page_Dispensary Store/input_txttreat'

2018-06-10 01:39:28 - [TEST_STEP][PASSED] - click: Object: 'Object Repository/DispensaryToCms/Page_Dispensary Store/button_Add' is clicked on

2018-06-10 01:39:28 - [MESSAGE][PASSED] - Object: 'Object Repository/DispensaryToCms/Page_Dispensary Store/button_Add' is clicked on

2018-06-10 01:39:28 - [TEST_STEP][PASSED] - delay: Delayed 1 second(s)

2018-06-10 01:39:29 - [MESSAGE][PASSED] - Delayed 1 second(s)

2018-06-10 01:39:29 - [TEST_STEP][PASSED] - selectOptionByIndex: All options with index in [1] are selected on object 'Object Repository/DispensaryToCms/Page_Dispensary Store/select_--Select--Schedule 1Inj'

2018-06-10 01:39:29 - [MESSAGE][PASSED] - All options with index in [1] are selected on object 'Object Repository/DispensaryToCms/Page_Dispensary Store/select_--Select--Schedule 1Inj'

2018-06-10 01:39:29 - [TEST_STEP][PASSED] - delay: Delayed 1 second(s)

2018-06-10 01:39:30 - [MESSAGE][PASSED] - Delayed 1 second(s)

2018-06-10 01:39:30 - [TEST_STEP][PASSED] - selectOptionByIndex: All options with index in [5] are selected on object 'Object Repository/DispensaryToCms/Page_Dispensary Store/select_--Select--Adernaline 0.'

2018-06-10 01:39:31 - [MESSAGE][PASSED] - All options with index in [5] are selected on object 'Object Repository/DispensaryToCms/Page_Dispensary Store/select_--Select--Adernaline 0.'

2018-06-10 01:39:31 - [TEST_STEP][PASSED] - setText: Text '100' is set on object 'Object Repository/DispensaryToCms/Page_Dispensary Store/input_txttreat'

2018-06-10 01:39:31 - [MESSAGE][PASSED] - Text '100' is set on object 'Object Repository/DispensaryToCms/Page_Dispensary Store/input_txttreat'

2018-06-10 01:39:31 - [TEST_STEP][PASSED] - click: Object: 'Object Repository/DispensaryToCms/Page_Dispensary Store/button_Add' is clicked on

2018-06-10 01:39:31 - [MESSAGE][PASSED] - Object: 'Object Repository/DispensaryToCms/Page_Dispensary Store/button_Add' is clicked on

2018-06-10 01:39:31 - [TEST_STEP][PASSED] - delay: Delayed 1 second(s)

2018-06-10 01:39:32 - [MESSAGE][PASSED] - Delayed 1 second(s)

2018-06-10 01:39:32 - [TEST_STEP][PASSED] - selectOptionByIndex: All options with index in [1] are selected on object 'Object Repository/DispensaryToCms/Page_Dispensary Store/select_--Select--Schedule 1Inj'

2018-06-10 01:39:32 - [MESSAGE][PASSED] - All options with index in [1] are selected on object 'Object Repository/DispensaryToCms/Page_Dispensary Store/select_--Select--Schedule 1Inj'

2018-06-10 01:39:32 - [TEST_STEP][PASSED] - delay: Delayed 1 second(s)

2018-06-10 01:39:33 - [MESSAGE][PASSED] - Delayed 1 second(s)

2018-06-10 01:39:33 - [TEST_STEP][PASSED] - selectOptionByIndex: All options with index in [6] are selected on object 'Object Repository/DispensaryToCms/Page_Dispensary Store/select_--Select--Adernaline 0.'

2018-06-10 01:39:33 - [MESSAGE][PASSED] - All options with index in [6] are selected on object 'Object Repository/DispensaryToCms/Page_Dispensary Store/select_--Select--Adernaline 0.'

2018-06-10 01:39:33 - [TEST_STEP][PASSED] - setText: Text '100' is set on object 'Object Repository/DispensaryToCms/Page_Dispensary Store/input_txttreat'

2018-06-10 01:39:33 - [MESSAGE][PASSED] - Text '100' is set on object 'Object Repository/DispensaryToCms/Page_Dispensary Store/input_txttreat'

2018-06-10 01:39:33 - [TEST_STEP][PASSED] - click: Object: 'Object Repository/DispensaryToCms/Page_Dispensary Store/button_Add' is clicked on

2018-06-10 01:39:33 - [MESSAGE][PASSED] - Object: 'Object Repository/DispensaryToCms/Page_Dispensary Store/button_Add' is clicked on

2018-06-10 01:39:33 - [TEST_STEP][PASSED] - delay: Delayed 1 second(s)

2018-06-10 01:39:34 - [MESSAGE][PASSED] - Delayed 1 second(s)

2018-06-10 01:39:34 - [TEST_STEP][PASSED] - selectOptionByIndex: All options with index in [1] are selected on object 'Object Repository/DispensaryToCms/Page_Dispensary Store/select_--Select--Schedule 1Inj'

2018-06-10 01:39:34 - [MESSAGE][PASSED] - All options with index in [1] are selected on object 'Object Repository/DispensaryToCms/Page_Dispensary Store/select_--Select--Schedule 1Inj'

2018-06-10 01:39:34 - [TEST_STEP][PASSED] - delay: Delayed 1 second(s)

2018-06-10 01:39:35 - [MESSAGE][PASSED] - Delayed 1 second(s)

2018-06-10 01:39:35 - [TEST_STEP][PASSED] - selectOptionByIndex: All options with index in [7] are selected on object 'Object Repository/DispensaryToCms/Page_Dispensary Store/select_--Select--Adernaline 0.'

2018-06-10 01:39:36 - [MESSAGE][PASSED] - All options with index in [7] are selected on object 'Object Repository/DispensaryToCms/Page_Dispensary Store/select_--Select--Adernaline 0.'

2018-06-10 01:39:36 - [TEST_STEP][PASSED] - setText: Text '100' is set on object 'Object Repository/DispensaryToCms/Page_Dispensary Store/input_txttreat'

2018-06-10 01:39:36 - [MESSAGE][PASSED] - Text '100' is set on object 'Object Repository/DispensaryToCms/Page_Dispensary Store/input_txttreat'

2018-06-10 01:39:36 - [TEST_STEP][PASSED] - click: Object: 'Object Repository/DispensaryToCms/Page_Dispensary Store/button_Add' is clicked on

2018-06-10 01:39:36 - [MESSAGE][PASSED] - Object: 'Object Repository/DispensaryToCms/Page_Dispensary Store/button_Add' is clicked on

2018-06-10 01:39:36 - [TEST_STEP][PASSED] - delay: Delayed 1 second(s)

2018-06-10 01:39:37 - [MESSAGE][PASSED] - Delayed 1 second(s)

2018-06-10 01:39:37 - [TEST_STEP][PASSED] - selectOptionByIndex: All options with index in [1] are selected on object 'Object Repository/DispensaryToCms/Page_Dispensary Store/select_--Select--Schedule 1Inj'

2018-06-10 01:39:37 - [MESSAGE][PASSED] - All options with index in [1] are selected on object 'Object Repository/DispensaryToCms/Page_Dispensary Store/select_--Select--Schedule 1Inj'

2018-06-10 01:39:37 - [TEST_STEP][PASSED] - delay: Delayed 1 second(s)

2018-06-10 01:39:38 - [MESSAGE][PASSED] - Delayed 1 second(s)

2018-06-10 01:39:38 - [TEST_STEP][PASSED] - selectOptionByIndex: All options with index in [8] are selected on object 'Object Repository/DispensaryToCms/Page_Dispensary Store/select_--Select--Adernaline 0.'

2018-06-10 01:39:38 - [MESSAGE][PASSED] - All options with index in [8] are selected on object 'Object Repository/DispensaryToCms/Page_Dispensary Store/select_--Select--Adernaline 0.'

2018-06-10 01:39:38 - [TEST_STEP][PASSED] - setText: Text '100' is set on object 'Object Repository/DispensaryToCms/Page_Dispensary Store/input_txttreat'

2018-06-10 01:39:38 - [MESSAGE][PASSED] - Text '100' is set on object 'Object Repository/DispensaryToCms/Page_Dispensary Store/input_txttreat'

2018-06-10 01:39:38 - [TEST_STEP][PASSED] - click: Object: 'Object Repository/DispensaryToCms/Page_Dispensary Store/button_Add' is clicked on

2018-06-10 01:39:38 - [MESSAGE][PASSED] - Object: 'Object Repository/DispensaryToCms/Page_Dispensary Store/button_Add' is clicked on

2018-06-10 01:39:38 - [TEST_STEP][PASSED] - delay: Delayed 1 second(s)

2018-06-10 01:39:39 - [MESSAGE][PASSED] - Delayed 1 second(s)

2018-06-10 01:39:39 - [TEST_STEP][PASSED] - selectOptionByIndex: All options with index in [1] are selected on object 'Object Repository/DispensaryToCms/Page_Dispensary Store/select_--Select--Schedule 1Inj'

2018-06-10 01:39:39 - [MESSAGE][PASSED] - All options with index in [1] are selected on object 'Object Repository/DispensaryToCms/Page_Dispensary Store/select_--Select--Schedule 1Inj'

2018-06-10 01:39:39 - [TEST_STEP][PASSED] - delay: Delayed 1 second(s)

2018-06-10 01:39:40 - [MESSAGE][PASSED] - Delayed 1 second(s)

2018-06-10 01:39:40 - [TEST_STEP][PASSED] - selectOptionByIndex: All options with index in [9] are selected on object 'Object Repository/DispensaryToCms/Page_Dispensary Store/select_--Select--Adernaline 0.'

2018-06-10 01:39:41 - [MESSAGE][PASSED] - All options with index in [9] are selected on object 'Object Repository/DispensaryToCms/Page_Dispensary Store/select_--Select--Adernaline 0.'

2018-06-10 01:39:41 - [TEST_STEP][PASSED] - setText: Text '100' is set on object 'Object Repository/DispensaryToCms/Page_Dispensary Store/input_txttreat'

2018-06-10 01:39:41 - [MESSAGE][PASSED] - Text '100' is set on object 'Object Repository/DispensaryToCms/Page_Dispensary Store/input_txttreat'

2018-06-10 01:39:41 - [TEST_STEP][PASSED] - click: Object: 'Object Repository/DispensaryToCms/Page_Dispensary Store/button_Add' is clicked on

2018-06-10 01:39:41 - [MESSAGE][PASSED] - Object: 'Object Repository/DispensaryToCms/Page_Dispensary Store/button_Add' is clicked on

2018-06-10 01:39:41 - [TEST_STEP][PASSED] - delay: Delayed 1 second(s)

2018-06-10 01:39:42 - [MESSAGE][PASSED] - Delayed 1 second(s)

2018-06-10 01:39:42 - [TEST_STEP][PASSED] - selectOptionByIndex: All options with index in [1] are selected on object 'Object Repository/DispensaryToCms/Page_Dispensary Store/select_--Select--Schedule 1Inj'

2018-06-10 01:39:42 - [MESSAGE][PASSED] - All options with index in [1] are selected on object 'Object Repository/DispensaryToCms/Page_Dispensary Store/select_--Select--Schedule 1Inj'

2018-06-10 01:39:42 - [TEST_STEP][PASSED] - delay: Delayed 1 second(s)

2018-06-10 01:39:43 - [MESSAGE][PASSED] - Delayed 1 second(s)

2018-06-10 01:39:43 - [TEST_STEP][PASSED] - selectOptionByIndex: All options with index in [10] are selected on object 'Object Repository/DispensaryToCms/Page_Dispensary Store/select_--Select--Adernaline 0.'

2018-06-10 01:39:43 - [MESSAGE][PASSED] - All options with index in [10] are selected on object 'Object Repository/DispensaryToCms/Page_Dispensary Store/select_--Select--Adernaline 0.'

2018-06-10 01:39:43 - [TEST_STEP][PASSED] - setText: Text '100' is set on object 'Object Repository/DispensaryToCms/Page_Dispensary Store/input_txttreat'

2018-06-10 01:39:43 - [MESSAGE][PASSED] - Text '100' is set on object 'Object Repository/DispensaryToCms/Page_Dispensary Store/input_txttreat'

2018-06-10 01:39:43 - [TEST_STEP][PASSED] - click: Object: 'Object Repository/DispensaryToCms/Page_Dispensary Store/button_Add' is clicked on

2018-06-10 01:39:43 - [MESSAGE][PASSED] - Object: 'Object Repository/DispensaryToCms/Page_Dispensary Store/button_Add' is clicked on

2018-06-10 01:39:43 - [TEST_STEP][PASSED] - delay: Delayed 1 second(s)

2018-06-10 01:39:44 - [MESSAGE][PASSED] - Delayed 1 second(s)

2018-06-10 01:39:44 - [TEST_STEP][PASSED] - selectOptionByIndex: All options with index in [1] are selected on object 'Object Repository/DispensaryToCms/Page_Dispensary Store/select_--Select--Schedule 1Inj'

2018-06-10 01:39:45 - [MESSAGE][PASSED] - All options with index in [1] are selected on object 'Object Repository/DispensaryToCms/Page_Dispensary Store/select_--Select--Schedule 1Inj'

2018-06-10 01:39:45 - [TEST_STEP][PASSED] - delay: Delayed 1 second(s)

2018-06-10 01:39:46 - [MESSAGE][PASSED] - Delayed 1 second(s)

2018-06-10 01:39:46 - [TEST_STEP][PASSED] - selectOptionByIndex: All options with index in [11] are selected on object 'Object Repository/DispensaryToCms/Page_Dispensary Store/select_--Select--Adernaline 0.'

2018-06-10 01:39:46 - [MESSAGE][PASSED] - All options with index in [11] are selected on object 'Object Repository/DispensaryToCms/Page_Dispensary Store/select_--Select--Adernaline 0.'

2018-06-10 01:39:46 - [TEST_STEP][PASSED] - setText: Text '100' is set on object 'Object Repository/DispensaryToCms/Page_Dispensary Store/input_txttreat'

2018-06-10 01:39:46 - [MESSAGE][PASSED] - Text '100' is set on object 'Object Repository/DispensaryToCms/Page_Dispensary Store/input_txttreat'

2018-06-10 01:39:46 - [TEST_STEP][PASSED] - click: Object: 'Object Repository/DispensaryToCms/Page_Dispensary Store/button_Add' is clicked on

2018-06-10 01:39:46 - [MESSAGE][PASSED] - Object: 'Object Repository/DispensaryToCms/Page_Dispensary Store/button_Add' is clicked on

2018-06-10 01:39:46 - [TEST_STEP][PASSED] - delay: Delayed 1 second(s)

2018-06-10 01:39:47 - [MESSAGE][PASSED] - Delayed 1 second(s)

2018-06-10 01:39:47 - [TEST_STEP][PASSED] - selectOptionByIndex: All options with index in [1] are selected on object 'Object Repository/DispensaryToCms/Page_Dispensary Store/select_--Select--Schedule 1Inj'

2018-06-10 01:39:47 - [MESSAGE][PASSED] - All options with index in [1] are selected on object 'Object Repository/DispensaryToCms/Page_Dispensary Store/select_--Select--Schedule 1Inj'

2018-06-10 01:39:47 - [TEST_STEP][PASSED] - delay: Delayed 1 second(s)

2018-06-10 01:39:48 - [MESSAGE][PASSED] - Delayed 1 second(s)

2018-06-10 01:39:48 - [TEST_STEP][PASSED] - selectOptionByIndex: All options with index in [12] are selected on object 'Object Repository/DispensaryToCms/Page_Dispensary Store/select_--Select--Adernaline 0.'

2018-06-10 01:39:48 - [MESSAGE][PASSED] - All options with index in [12] are selected on object 'Object Repository/DispensaryToCms/Page_Dispensary Store/select_--Select--Adernaline 0.'

2018-06-10 01:39:48 - [TEST_STEP][PASSED] - setText: Text '100' is set on object 'Object Repository/DispensaryToCms/Page_Dispensary Store/input_txttreat'

2018-06-10 01:39:48 - [MESSAGE][PASSED] - Text '100' is set on object 'Object Repository/DispensaryToCms/Page_Dispensary Store/input_txttreat'

2018-06-10 01:39:48 - [TEST_STEP][PASSED] - click: Object: 'Object Repository/DispensaryToCms/Page_Dispensary Store/button_Add' is clicked on

2018-06-10 01:39:49 - [MESSAGE][PASSED] - Object: 'Object Repository/DispensaryToCms/Page_Dispensary Store/button_Add' is clicked on

2018-06-10 01:39:49 - [TEST_STEP][PASSED] - delay: Delayed 1 second(s)

2018-06-10 01:39:50 - [MESSAGE][PASSED] - Delayed 1 second(s)

2018-06-10 01:39:50 - [TEST_STEP][PASSED] - selectOptionByIndex: All options with index in [1] are selected on object 'Object Repository/DispensaryToCms/Page_Dispensary Store/select_--Select--Schedule 1Inj'

2018-06-10 01:39:50 - [MESSAGE][PASSED] - All options with index in [1] are selected on object 'Object Repository/DispensaryToCms/Page_Dispensary Store/select_--Select--Schedule 1Inj'

2018-06-10 01:39:50 - [TEST_STEP][PASSED] - delay: Delayed 1 second(s)

2018-06-10 01:39:51 - [MESSAGE][PASSED] - Delayed 1 second(s)

2018-06-10 01:39:51 - [TEST_STEP][PASSED] - selectOptionByIndex: All options with index in [13] are selected on object 'Object Repository/DispensaryToCms/Page_Dispensary Store/select_--Select--Adernaline 0.'

2018-06-10 01:39:51 - [MESSAGE][PASSED] - All options with index in [13] are selected on object 'Object Repository/DispensaryToCms/Page_Dispensary Store/select_--Select--Adernaline 0.'

2018-06-10 01:39:51 - [TEST_STEP][PASSED] - setText: Text '100' is set on object 'Object Repository/DispensaryToCms/Page_Dispensary Store/input_txttreat'

2018-06-10 01:39:51 - [MESSAGE][PASSED] - Text '100' is set on object 'Object Repository/DispensaryToCms/Page_Dispensary Store/input_txttreat'

2018-06-10 01:39:51 - [TEST_STEP][PASSED] - click: Object: 'Object Repository/DispensaryToCms/Page_Dispensary Store/button_Add' is clicked on

2018-06-10 01:39:51 - [MESSAGE][PASSED] - Object: 'Object Repository/DispensaryToCms/Page_Dispensary Store/button_Add' is clicked on

2018-06-10 01:39:51 - [TEST_STEP][PASSED] - delay: Delayed 1 second(s)

2018-06-10 01:39:52 - [MESSAGE][PASSED] - Delayed 1 second(s)

2018-06-10 01:39:52 - [TEST_STEP][PASSED] - selectOptionByIndex: All options with index in [1] are selected on object 'Object Repository/DispensaryToCms/Page_Dispensary Store/select_--Select--Schedule 1Inj'

2018-06-10 01:39:52 - [MESSAGE][PASSED] - All options with index in [1] are selected on object 'Object Repository/DispensaryToCms/Page_Dispensary Store/select_--Select--Schedule 1Inj'

2018-06-10 01:39:52 - [TEST_STEP][PASSED] - delay: Delayed 1 second(s)

2018-06-10 01:39:53 - [MESSAGE][PASSED] - Delayed 1 second(s)

2018-06-10 01:39:53 - [TEST_STEP][PASSED] - selectOptionByIndex: All options with index in [14] are selected on object 'Object Repository/DispensaryToCms/Page_Dispensary Store/select_--Select--Adernaline 0.'

2018-06-10 01:39:54 - [MESSAGE][PASSED] - All options with index in [14] are selected on object 'Object Repository/DispensaryToCms/Page_Dispensary Store/select_--Select--Adernaline 0.'

2018-06-10 01:39:54 - [TEST_STEP][PASSED] - setText: Text '100' is set on object 'Object Repository/DispensaryToCms/Page_Dispensary Store/input_txttreat'

2018-06-10 01:39:54 - [MESSAGE][PASSED] - Text '100' is set on object 'Object Repository/DispensaryToCms/Page_Dispensary Store/input_txttreat'

2018-06-10 01:39:54 - [TEST_STEP][PASSED] - click: Object: 'Object Repository/DispensaryToCms/Page_Dispensary Store/button_Add' is clicked on

2018-06-10 01:39:54 - [MESSAGE][PASSED] - Object: 'Object Repository/DispensaryToCms/Page_Dispensary Store/button_Add' is clicked on

2018-06-10 01:39:54 - [TEST_STEP][PASSED] - delay: Delayed 1 second(s)

2018-06-10 01:39:55 - [MESSAGE][PASSED] - Delayed 1 second(s)

2018-06-10 01:39:55 - [TEST_STEP][PASSED] - selectOptionByIndex: All options with index in [1] are selected on object 'Object Repository/DispensaryToCms/Page_Dispensary Store/select_--Select--Schedule 1Inj'

2018-06-10 01:39:55 - [MESSAGE][PASSED] - All options with index in [1] are selected on object 'Object Repository/DispensaryToCms/Page_Dispensary Store/select_--Select--Schedule 1Inj'

2018-06-10 01:39:55 - [TEST_STEP][PASSED] - delay: Delayed 1 second(s)

2018-06-10 01:39:56 - [MESSAGE][PASSED] - Delayed 1 second(s)

2018-06-10 01:39:56 - [TEST_STEP][PASSED] - selectOptionByIndex: All options with index in [15] are selected on object 'Object Repository/DispensaryToCms/Page_Dispensary Store/select_--Select--Adernaline 0.'

2018-06-10 01:39:56 - [MESSAGE][PASSED] - All options with index in [15] are selected on object 'Object Repository/DispensaryToCms/Page_Dispensary Store/select_--Select--Adernaline 0.'

2018-06-10 01:39:56 - [TEST_STEP][PASSED] - setText: Text '100' is set on object 'Object Repository/DispensaryToCms/Page_Dispensary Store/input_txttreat'

2018-06-10 01:39:56 - [MESSAGE][PASSED] - Text '100' is set on object 'Object Repository/DispensaryToCms/Page_Dispensary Store/input_txttreat'

2018-06-10 01:39:56 - [TEST_STEP][PASSED] - click: Object: 'Object Repository/DispensaryToCms/Page_Dispensary Store/button_Add' is clicked on

2018-06-10 01:39:56 - [MESSAGE][PASSED] - Object: 'Object Repository/DispensaryToCms/Page_Dispensary Store/button_Add' is clicked on

2018-06-10 01:39:56 - [TEST_STEP][PASSED] - delay: Delayed 1 second(s)

2018-06-10 01:39:57 - [MESSAGE][PASSED] - Delayed 1 second(s)

2018-06-10 01:39:57 - [TEST_STEP][PASSED] - selectOptionByIndex: All options with index in [1] are selected on object 'Object Repository/DispensaryToCms/Page_Dispensary Store/select_--Select--Schedule 1Inj'

2018-06-10 01:39:57 - [MESSAGE][PASSED] - All options with index in [1] are selected on object 'Object Repository/DispensaryToCms/Page_Dispensary Store/select_--Select--Schedule 1Inj'

2018-06-10 01:39:57 - [TEST_STEP][PASSED] - delay: Delayed 1 second(s)

2018-06-10 01:39:58 - [MESSAGE][PASSED] - Delayed 1 second(s)

2018-06-10 01:39:58 - [TEST_STEP][PASSED] - selectOptionByIndex: All options with index in [16] are selected on object 'Object Repository/DispensaryToCms/Page_Dispensary Store/select_--Select--Adernaline 0.'

2018-06-10 01:39:59 - [MESSAGE][PASSED] - All options with index in [16] are selected on object 'Object Repository/DispensaryToCms/Page_Dispensary Store/select_--Select--Adernaline 0.'

2018-06-10 01:39:59 - [TEST_STEP][PASSED] - setText: Text '100' is set on object 'Object Repository/DispensaryToCms/Page_Dispensary Store/input_txttreat'

2018-06-10 01:39:59 - [MESSAGE][PASSED] - Text '100' is set on object 'Object Repository/DispensaryToCms/Page_Dispensary Store/input_txttreat'

2018-06-10 01:39:59 - [TEST_STEP][PASSED] - click: Object: 'Object Repository/DispensaryToCms/Page_Dispensary Store/button_Add' is clicked on

2018-06-10 01:39:59 - [MESSAGE][PASSED] - Object: 'Object Repository/DispensaryToCms/Page_Dispensary Store/button_Add' is clicked on

2018-06-10 01:39:59 - [TEST_STEP][PASSED] - delay: Delayed 1 second(s)

2018-06-10 01:40:00 - [MESSAGE][PASSED] - Delayed 1 second(s)

2018-06-10 01:40:00 - [TEST_STEP][PASSED] - selectOptionByIndex: All options with index in [1] are selected on object 'Object Repository/DispensaryToCms/Page_Dispensary Store/select_--Select--Schedule 1Inj'

2018-06-10 01:40:00 - [MESSAGE][PASSED] - All options with index in [1] are selected on object 'Object Repository/DispensaryToCms/Page_Dispensary Store/select_--Select--Schedule 1Inj'

2018-06-10 01:40:00 - [TEST_STEP][PASSED] - delay: Delayed 1 second(s)

2018-06-10 01:40:01 - [MESSAGE][PASSED] - Delayed 1 second(s)

2018-06-10 01:40:01 - [TEST_STEP][PASSED] - selectOptionByIndex: All options with index in [17] are selected on object 'Object Repository/DispensaryToCms/Page_Dispensary Store/select_--Select--Adernaline 0.'

2018-06-10 01:40:01 - [MESSAGE][PASSED] - All options with index in [17] are selected on object 'Object Repository/DispensaryToCms/Page_Dispensary Store/select_--Select--Adernaline 0.'

2018-06-10 01:40:01 - [TEST_STEP][PASSED] - setText: Text '100' is set on object 'Object Repository/DispensaryToCms/Page_Dispensary Store/input_txttreat'

2018-06-10 01:40:01 - [MESSAGE][PASSED] - Text '100' is set on object 'Object Repository/DispensaryToCms/Page_Dispensary Store/input_txttreat'

2018-06-10 01:40:01 - [TEST_STEP][PASSED] - click: Object: 'Object Repository/DispensaryToCms/Page_Dispensary Store/button_Add' is clicked on

2018-06-10 01:40:02 - [MESSAGE][PASSED] - Object: 'Object Repository/DispensaryToCms/Page_Dispensary Store/button_Add' is clicked on

2018-06-10 01:40:02 - [TEST_STEP][PASSED] - delay: Delayed 1 second(s)

2018-06-10 01:40:03 - [MESSAGE][PASSED] - Delayed 1 second(s)

2018-06-10 01:40:03 - [TEST_STEP][PASSED] - selectOptionByIndex: All options with index in [1] are selected on object 'Object Repository/DispensaryToCms/Page_Dispensary Store/select_--Select--Schedule 1Inj'

2018-06-10 01:40:03 - [MESSAGE][PASSED] - All options with index in [1] are selected on object 'Object Repository/DispensaryToCms/Page_Dispensary Store/select_--Select--Schedule 1Inj'

2018-06-10 01:40:03 - [TEST_STEP][PASSED] - delay: Delayed 1 second(s)

2018-06-10 01:40:04 - [MESSAGE][PASSED] - Delayed 1 second(s)

2018-06-10 01:40:04 - [TEST_STEP][PASSED] - selectOptionByIndex: All options with index in [18] are selected on object 'Object Repository/DispensaryToCms/Page_Dispensary Store/select_--Select--Adernaline 0.'

2018-06-10 01:40:04 - [MESSAGE][PASSED] - All options with index in [18] are selected on object 'Object Repository/DispensaryToCms/Page_Dispensary Store/select_--Select--Adernaline 0.'

2018-06-10 01:40:04 - [TEST_STEP][PASSED] - setText: Text '100' is set on object 'Object Repository/DispensaryToCms/Page_Dispensary Store/input_txttreat'

2018-06-10 01:40:04 - [MESSAGE][PASSED] - Text '100' is set on object 'Object Repository/DispensaryToCms/Page_Dispensary Store/input_txttreat'

2018-06-10 01:40:04 - [TEST_STEP][PASSED] - click: Object: 'Object Repository/DispensaryToCms/Page_Dispensary Store/button_Add' is clicked on

2018-06-10 01:40:04 - [MESSAGE][PASSED] - Object: 'Object Repository/DispensaryToCms/Page_Dispensary Store/button_Add' is clicked on

2018-06-10 01:40:04 - [TEST_STEP][PASSED] - delay: Delayed 1 second(s)

2018-06-10 01:40:05 - [MESSAGE][PASSED] - Delayed 1 second(s)

2018-06-10 01:40:05 - [TEST_STEP][PASSED] - selectOptionByIndex: All options with index in [1] are selected on object 'Object Repository/DispensaryToCms/Page_Dispensary Store/select_--Select--Schedule 1Inj'

2018-06-10 01:40:05 - [MESSAGE][PASSED] - All options with index in [1] are selected on object 'Object Repository/DispensaryToCms/Page_Dispensary Store/select_--Select--Schedule 1Inj'

2018-06-10 01:40:05 - [TEST_STEP][PASSED] - delay: Delayed 1 second(s)

2018-06-10 01:40:06 - [MESSAGE][PASSED] - Delayed 1 second(s)

2018-06-10 01:40:06 - [TEST_STEP][PASSED] - selectOptionByIndex: All options with index in [19] are selected on object 'Object Repository/DispensaryToCms/Page_Dispensary Store/select_--Select--Adernaline 0.'

2018-06-10 01:40:07 - [MESSAGE][PASSED] - All options with index in [19] are selected on object 'Object Repository/DispensaryToCms/Page_Dispensary Store/select_--Select--Adernaline 0.'

2018-06-10 01:40:07 - [TEST_STEP][PASSED] - setText: Text '100' is set on object 'Object Repository/DispensaryToCms/Page_Dispensary Store/input_txttreat'

2018-06-10 01:40:07 - [MESSAGE][PASSED] - Text '100' is set on object 'Object Repository/DispensaryToCms/Page_Dispensary Store/input_txttreat'

2018-06-10 01:40:07 - [TEST_STEP][PASSED] - click: Object: 'Object Repository/DispensaryToCms/Page_Dispensary Store/button_Add' is clicked on

2018-06-10 01:40:07 - [MESSAGE][PASSED] - Object: 'Object Repository/DispensaryToCms/Page_Dispensary Store/button_Add' is clicked on

2018-06-10 01:40:07 - [TEST_STEP][PASSED] - delay: Delayed 1 second(s)

2018-06-10 01:40:08 - [MESSAGE][PASSED] - Delayed 1 second(s)

2018-06-10 01:40:08 - [TEST_STEP][PASSED] - selectOptionByIndex: All options with index in [1] are selected on object 'Object Repository/DispensaryToCms/Page_Dispensary Store/select_--Select--Schedule 1Inj'

2018-06-10 01:40:08 - [MESSAGE][PASSED] - All options with index in [1] are selected on object 'Object Repository/DispensaryToCms/Page_Dispensary Store/select_--Select--Schedule 1Inj'

2018-06-10 01:40:08 - [TEST_STEP][PASSED] - delay: Delayed 1 second(s)

2018-06-10 01:40:09 - [MESSAGE][PASSED] - Delayed 1 second(s)

2018-06-10 01:40:09 - [TEST_STEP][PASSED] - selectOptionByIndex: All options with index in [20] are selected on object 'Object Repository/DispensaryToCms/Page_Dispensary Store/select_--Select--Adernaline 0.'

2018-06-10 01:40:09 - [MESSAGE][PASSED] - All options with index in [20] are selected on object 'Object Repository/DispensaryToCms/Page_Dispensary Store/select_--Select--Adernaline 0.'

2018-06-10 01:40:09 - [TEST_STEP][PASSED] - setText: Text '100' is set on object 'Object Repository/DispensaryToCms/Page_Dispensary Store/input_txttreat'

2018-06-10 01:40:09 - [MESSAGE][PASSED] - Text '100' is set on object 'Object Repository/DispensaryToCms/Page_Dispensary Store/input_txttreat'

2018-06-10 01:40:09 - [TEST_STEP][PASSED] - click: Object: 'Object Repository/DispensaryToCms/Page_Dispensary Store/button_Add' is clicked on

2018-06-10 01:40:10 - [MESSAGE][PASSED] - Object: 'Object Repository/DispensaryToCms/Page_Dispensary Store/button_Add' is clicked on

2018-06-10 01:40:10 - [TEST_STEP][PASSED] - delay: Delayed 1 second(s)

2018-06-10 01:40:11 - [MESSAGE][PASSED] - Delayed 1 second(s)

2018-06-10 01:40:11 - [TEST_STEP][PASSED] - selectOptionByIndex: All options with index in [1] are selected on object 'Object Repository/DispensaryToCms/Page_Dispensary Store/select_--Select--Schedule 1Inj'

2018-06-10 01:40:11 - [MESSAGE][PASSED] - All options with index in [1] are selected on object 'Object Repository/DispensaryToCms/Page_Dispensary Store/select_--Select--Schedule 1Inj'

2018-06-10 01:40:11 - [TEST_STEP][PASSED] - delay: Delayed 1 second(s)

2018-06-10 01:40:12 - [MESSAGE][PASSED] - Delayed 1 second(s)

2018-06-10 01:40:12 - [TEST_STEP][PASSED] - selectOptionByIndex: All options with index in [21] are selected on object 'Object Repository/DispensaryToCms/Page_Dispensary Store/select_--Select--Adernaline 0.'

2018-06-10 01:40:12 - [MESSAGE][PASSED] - All options with index in [21] are selected on object 'Object Repository/DispensaryToCms/Page_Dispensary Store/select_--Select--Adernaline 0.'

2018-06-10 01:40:12 - [TEST_STEP][PASSED] - setText: Text '100' is set on object 'Object Repository/DispensaryToCms/Page_Dispensary Store/input_txttreat'

2018-06-10 01:40:12 - [MESSAGE][PASSED] - Text '100' is set on object 'Object Repository/DispensaryToCms/Page_Dispensary Store/input_txttreat'

2018-06-10 01:40:12 - [TEST_STEP][PASSED] - click: Object: 'Object Repository/DispensaryToCms/Page_Dispensary Store/button_Add' is clicked on

2018-06-10 01:40:12 - [MESSAGE][PASSED] - Object: 'Object Repository/DispensaryToCms/Page_Dispensary Store/button_Add' is clicked on

2018-06-10 01:40:12 - [TEST_STEP][PASSED] - delay: Delayed 1 second(s)

2018-06-10 01:40:13 - [MESSAGE][PASSED] - Delayed 1 second(s)

2018-06-10 01:40:13 - [TEST_STEP][PASSED] - selectOptionByIndex: All options with index in [1] are selected on object 'Object Repository/DispensaryToCms/Page_Dispensary Store/select_--Select--Schedule 1Inj'

2018-06-10 01:40:13 - [MESSAGE][PASSED] - All options with index in [1] are selected on object 'Object Repository/DispensaryToCms/Page_Dispensary Store/select_--Select--Schedule 1Inj'

2018-06-10 01:40:13 - [TEST_STEP][PASSED] - delay: Delayed 1 second(s)

2018-06-10 01:40:14 - [MESSAGE][PASSED] - Delayed 1 second(s)

2018-06-10 01:40:14 - [TEST_STEP][PASSED] - selectOptionByIndex: All options with index in [22] are selected on object 'Object Repository/DispensaryToCms/Page_Dispensary Store/select_--Select--Adernaline 0.'

2018-06-10 01:40:15 - [MESSAGE][PASSED] - All options with index in [22] are selected on object 'Object Repository/DispensaryToCms/Page_Dispensary Store/select_--Select--Adernaline 0.'

2018-06-10 01:40:15 - [TEST_STEP][PASSED] - setText: Text '100' is set on object 'Object Repository/DispensaryToCms/Page_Dispensary Store/input_txttreat'

2018-06-10 01:40:15 - [MESSAGE][PASSED] - Text '100' is set on object 'Object Repository/DispensaryToCms/Page_Dispensary Store/input_txttreat'

2018-06-10 01:40:15 - [TEST_STEP][PASSED] - click: Object: 'Object Repository/DispensaryToCms/Page_Dispensary Store/button_Add' is clicked on

2018-06-10 01:40:15 - [MESSAGE][PASSED] - Object: 'Object Repository/DispensaryToCms/Page_Dispensary Store/button_Add' is clicked on

2018-06-10 01:40:15 - [TEST_STEP][PASSED] - delay: Delayed 1 second(s)

2018-06-10 01:40:16 - [MESSAGE][PASSED] - Delayed 1 second(s)

2018-06-10 01:40:16 - [TEST_STEP][PASSED] - selectOptionByIndex: All options with index in [1] are selected on object 'Object Repository/DispensaryToCms/Page_Dispensary Store/select_--Select--Schedule 1Inj'

2018-06-10 01:40:16 - [MESSAGE][PASSED] - All options with index in [1] are selected on object 'Object Repository/DispensaryToCms/Page_Dispensary Store/select_--Select--Schedule 1Inj'

2018-06-10 01:40:16 - [TEST_STEP][PASSED] - delay: Delayed 1 second(s)

2018-06-10 01:40:17 - [MESSAGE][PASSED] - Delayed 1 second(s)

2018-06-10 01:40:17 - [TEST_STEP][PASSED] - selectOptionByIndex: All options with index in [23] are selected on object 'Object Repository/DispensaryToCms/Page_Dispensary Store/select_--Select--Adernaline 0.'

2018-06-10 01:40:17 - [MESSAGE][PASSED] - All options with index in [23] are selected on object 'Object Repository/DispensaryToCms/Page_Dispensary Store/select_--Select--Adernaline 0.'

2018-06-10 01:40:17 - [TEST_STEP][PASSED] - setText: Text '100' is set on object 'Object Repository/DispensaryToCms/Page_Dispensary Store/input_txttreat'

2018-06-10 01:40:17 - [MESSAGE][PASSED] - Text '100' is set on object 'Object Repository/DispensaryToCms/Page_Dispensary Store/input_txttreat'

2018-06-10 01:40:17 - [TEST_STEP][PASSED] - click: Object: 'Object Repository/DispensaryToCms/Page_Dispensary Store/button_Add' is clicked on

2018-06-10 01:40:18 - [MESSAGE][PASSED] - Object: 'Object Repository/DispensaryToCms/Page_Dispensary Store/button_Add' is clicked on

2018-06-10 01:40:18 - [TEST_STEP][PASSED] - delay: Delayed 1 second(s)

2018-06-10 01:40:19 - [MESSAGE][PASSED] - Delayed 1 second(s)

2018-06-10 01:40:19 - [TEST_STEP][PASSED] - selectOptionByIndex: All options with index in [1] are selected on object 'Object Repository/DispensaryToCms/Page_Dispensary Store/select_--Select--Schedule 1Inj'

2018-06-10 01:40:19 - [MESSAGE][PASSED] - All options with index in [1] are selected on object 'Object Repository/DispensaryToCms/Page_Dispensary Store/select_--Select--Schedule 1Inj'

2018-06-10 01:40:19 - [TEST_STEP][PASSED] - delay: Delayed 1 second(s)

2018-06-10 01:40:20 - [MESSAGE][PASSED] - Delayed 1 second(s)

2018-06-10 01:40:20 - [TEST_STEP][PASSED] - selectOptionByIndex: All options with index in [24] are selected on object 'Object Repository/DispensaryToCms/Page_Dispensary Store/select_--Select--Adernaline 0.'

2018-06-10 01:40:20 - [MESSAGE][PASSED] - All options with index in [24] are selected on object 'Object Repository/DispensaryToCms/Page_Dispensary Store/select_--Select--Adernaline 0.'

2018-06-10 01:40:20 - [TEST_STEP][PASSED] - setText: Text '100' is set on object 'Object Repository/DispensaryToCms/Page_Dispensary Store/input_txttreat'

2018-06-10 01:40:20 - [MESSAGE][PASSED] - Text '100' is set on object 'Object Repository/DispensaryToCms/Page_Dispensary Store/input_txttreat'

2018-06-10 01:40:20 - [TEST_STEP][PASSED] - click: Object: 'Object Repository/DispensaryToCms/Page_Dispensary Store/button_Add' is clicked on

2018-06-10 01:40:20 - [MESSAGE][PASSED] - Object: 'Object Repository/DispensaryToCms/Page_Dispensary Store/button_Add' is clicked on

2018-06-10 01:40:20 - [TEST_STEP][PASSED] - delay: Delayed 1 second(s)

2018-06-10 01:40:21 - [MESSAGE][PASSED] - Delayed 1 second(s)

2018-06-10 01:40:21 - [TEST_STEP][PASSED] - selectOptionByIndex: All options with index in [1] are selected on object 'Object Repository/DispensaryToCms/Page_Dispensary Store/select_--Select--Schedule 1Inj'

2018-06-10 01:40:21 - [MESSAGE][PASSED] - All options with index in [1] are selected on object 'Object Repository/DispensaryToCms/Page_Dispensary Store/select_--Select--Schedule 1Inj'

2018-06-10 01:40:21 - [TEST_STEP][PASSED] - delay: Delayed 1 second(s)

2018-06-10 01:40:22 - [MESSAGE][PASSED] - Delayed 1 second(s)

2018-06-10 01:40:22 - [TEST_STEP][PASSED] - selectOptionByIndex: All options with index in [25] are selected on object 'Object Repository/DispensaryToCms/Page_Dispensary Store/select_--Select--Adernaline 0.'

2018-06-10 01:40:23 - [MESSAGE][PASSED] - All options with index in [25] are selected on object 'Object Repository/DispensaryToCms/Page_Dispensary Store/select_--Select--Adernaline 0.'

2018-06-10 01:40:23 - [TEST_STEP][PASSED] - setText: Text '100' is set on object 'Object Repository/DispensaryToCms/Page_Dispensary Store/input_txttreat'

2018-06-10 01:40:23 - [MESSAGE][PASSED] - Text '100' is set on object 'Object Repository/DispensaryToCms/Page_Dispensary Store/input_txttreat'

2018-06-10 01:40:23 - [TEST_STEP][PASSED] - click: Object: 'Object Repository/DispensaryToCms/Page_Dispensary Store/button_Add' is clicked on

2018-06-10 01:40:23 - [MESSAGE][PASSED] - Object: 'Object Repository/DispensaryToCms/Page_Dispensary Store/button_Add' is clicked on

2018-06-10 01:40:23 - [TEST_STEP][PASSED] - delay: Delayed 1 second(s)

2018-06-10 01:40:24 - [MESSAGE][PASSED] - Delayed 1 second(s)

2018-06-10 01:40:24 - [TEST_STEP][PASSED] - selectOptionByIndex: All options with index in [1] are selected on object 'Object Repository/DispensaryToCms/Page_Dispensary Store/select_--Select--Schedule 1Inj'

2018-06-10 01:40:24 - [MESSAGE][PASSED] - All options with index in [1] are selected on object 'Object Repository/DispensaryToCms/Page_Dispensary Store/select_--Select--Schedule 1Inj'

2018-06-10 01:40:24 - [TEST_STEP][PASSED] - delay: Delayed 1 second(s)

2018-06-10 01:40:25 - [MESSAGE][PASSED] - Delayed 1 second(s)

2018-06-10 01:40:25 - [TEST_STEP][PASSED] - selectOptionByIndex: All options with index in [26] are selected on object 'Object Repository/DispensaryToCms/Page_Dispensary Store/select_--Select--Adernaline 0.'

2018-06-10 01:40:26 - [MESSAGE][PASSED] - All options with index in [26] are selected on object 'Object Repository/DispensaryToCms/Page_Dispensary Store/select_--Select--Adernaline 0.'

2018-06-10 01:40:26 - [TEST_STEP][PASSED] - setText: Text '100' is set on object 'Object Repository/DispensaryToCms/Page_Dispensary Store/input_txttreat'

2018-06-10 01:40:26 - [MESSAGE][PASSED] - Text '100' is set on object 'Object Repository/DispensaryToCms/Page_Dispensary Store/input_txttreat'

2018-06-10 01:40:26 - [TEST_STEP][PASSED] - click: Object: 'Object Repository/DispensaryToCms/Page_Dispensary Store/button_Add' is clicked on

2018-06-10 01:40:26 - [MESSAGE][PASSED] - Object: 'Object Repository/DispensaryToCms/Page_Dispensary Store/button_Add' is clicked on

2018-06-10 01:40:26 - [TEST_STEP][PASSED] - delay: Delayed 1 second(s)

2018-06-10 01:40:27 - [MESSAGE][PASSED] - Delayed 1 second(s)

2018-06-10 01:40:27 - [TEST_STEP][PASSED] - selectOptionByIndex: All options with index in [1] are selected on object 'Object Repository/DispensaryToCms/Page_Dispensary Store/select_--Select--Schedule 1Inj'

2018-06-10 01:40:27 - [MESSAGE][PASSED] - All options with index in [1] are selected on object 'Object Repository/DispensaryToCms/Page_Dispensary Store/select_--Select--Schedule 1Inj'

2018-06-10 01:40:27 - [TEST_STEP][PASSED] - delay: Delayed 1 second(s)

2018-06-10 01:40:28 - [MESSAGE][PASSED] - Delayed 1 second(s)

2018-06-10 01:40:28 - [TEST_STEP][PASSED] - selectOptionByIndex: All options with index in [27] are selected on object 'Object Repository/DispensaryToCms/Page_Dispensary Store/select_--Select--Adernaline 0.'

2018-06-10 01:40:28 - [MESSAGE][PASSED] - All options with index in [27] are selected on object 'Object Repository/DispensaryToCms/Page_Dispensary Store/select_--Select--Adernaline 0.'

2018-06-10 01:40:28 - [TEST_STEP][PASSED] - setText: Text '100' is set on object 'Object Repository/DispensaryToCms/Page_Dispensary Store/input_txttreat'

2018-06-10 01:40:28 - [MESSAGE][PASSED] - Text '100' is set on object 'Object Repository/DispensaryToCms/Page_Dispensary Store/input_txttreat'

2018-06-10 01:40:28 - [TEST_STEP][PASSED] - click: Object: 'Object Repository/DispensaryToCms/Page_Dispensary Store/button_Add' is clicked on

2018-06-10 01:40:28 - [MESSAGE][PASSED] - Object: 'Object Repository/DispensaryToCms/Page_Dispensary Store/button_Add' is clicked on

2018-06-10 01:40:28 - [TEST_STEP][PASSED] - delay: Delayed 1 second(s)

2018-06-10 01:40:29 - [MESSAGE][PASSED] - Delayed 1 second(s)

2018-06-10 01:40:29 - [TEST_STEP][PASSED] - selectOptionByIndex: All options with index in [1] are selected on object 'Object Repository/DispensaryToCms/Page_Dispensary Store/select_--Select--Schedule 1Inj'

2018-06-10 01:40:30 - [MESSAGE][PASSED] - All options with index in [1] are selected on object 'Object Repository/DispensaryToCms/Page_Dispensary Store/select_--Select--Schedule 1Inj'

2018-06-10 01:40:30 - [TEST_STEP][PASSED] - delay: Delayed 1 second(s)

2018-06-10 01:40:31 - [MESSAGE][PASSED] - Delayed 1 second(s)

2018-06-10 01:40:31 - [TEST_STEP][PASSED] - selectOptionByIndex: All options with index in [28] are selected on object 'Object Repository/DispensaryToCms/Page_Dispensary Store/select_--Select--Adernaline 0.'

2018-06-10 01:40:31 - [MESSAGE][PASSED] - All options with index in [28] are selected on object 'Object Repository/DispensaryToCms/Page_Dispensary Store/select_--Select--Adernaline 0.'

2018-06-10 01:40:31 - [TEST_STEP][PASSED] - setText: Text '100' is set on object 'Object Repository/DispensaryToCms/Page_Dispensary Store/input_txttreat'

2018-06-10 01:40:31 - [MESSAGE][PASSED] - Text '100' is set on object 'Object Repository/DispensaryToCms/Page_Dispensary Store/input_txttreat'

2018-06-10 01:40:31 - [TEST_STEP][PASSED] - click: Object: 'Object Repository/DispensaryToCms/Page_Dispensary Store/button_Add' is clicked on

2018-06-10 01:40:31 - [MESSAGE][PASSED] - Object: 'Object Repository/DispensaryToCms/Page_Dispensary Store/button_Add' is clicked on

2018-06-10 01:40:31 - [TEST_STEP][PASSED] - delay: Delayed 1 second(s)

2018-06-10 01:40:32 - [MESSAGE][PASSED] - Delayed 1 second(s)

2018-06-10 01:40:32 - [TEST_STEP][PASSED] - selectOptionByIndex: All options with index in [1] are selected on object 'Object Repository/DispensaryToCms/Page_Dispensary Store/select_--Select--Schedule 1Inj'

2018-06-10 01:40:32 - [MESSAGE][PASSED] - All options with index in [1] are selected on object 'Object Repository/DispensaryToCms/Page_Dispensary Store/select_--Select--Schedule 1Inj'

2018-06-10 01:40:32 - [TEST_STEP][PASSED] - delay: Delayed 1 second(s)

2018-06-10 01:40:33 - [MESSAGE][PASSED] - Delayed 1 second(s)

2018-06-10 01:40:33 - [TEST_STEP][PASSED] - selectOptionByIndex: All options with index in [29] are selected on object 'Object Repository/DispensaryToCms/Page_Dispensary Store/select_--Select--Adernaline 0.'

2018-06-10 01:40:34 - [MESSAGE][PASSED] - All options with index in [29] are selected on object 'Object Repository/DispensaryToCms/Page_Dispensary Store/select_--Select--Adernaline 0.'

2018-06-10 01:40:34 - [TEST_STEP][PASSED] - setText: Text '100' is set on object 'Object Repository/DispensaryToCms/Page_Dispensary Store/input_txttreat'

2018-06-10 01:40:34 - [MESSAGE][PASSED] - Text '100' is set on object 'Object Repository/DispensaryToCms/Page_Dispensary Store/input_txttreat'

2018-06-10 01:40:34 - [TEST_STEP][PASSED] - click: Object: 'Object Repository/DispensaryToCms/Page_Dispensary Store/button_Add' is clicked on

2018-06-10 01:40:34 - [MESSAGE][PASSED] - Object: 'Object Repository/DispensaryToCms/Page_Dispensary Store/button_Add' is clicked on

2018-06-10 01:40:34 - [TEST_STEP][PASSED] - delay: Delayed 1 second(s)

2018-06-10 01:40:35 - [MESSAGE][PASSED] - Delayed 1 second(s)

2018-06-10 01:40:35 - [TEST_STEP][PASSED] - selectOptionByIndex: All options with index in [1] are selected on object 'Object Repository/DispensaryToCms/Page_Dispensary Store/select_--Select--Schedule 1Inj'

2018-06-10 01:40:35 - [MESSAGE][PASSED] - All options with index in [1] are selected on object 'Object Repository/DispensaryToCms/Page_Dispensary Store/select_--Select--Schedule 1Inj'

2018-06-10 01:40:35 - [TEST_STEP][PASSED] - delay: Delayed 1 second(s)

2018-06-10 01:40:36 - [MESSAGE][PASSED] - Delayed 1 second(s)

2018-06-10 01:40:36 - [TEST_STEP][PASSED] - selectOptionByIndex: All options with index in [30] are selected on object 'Object Repository/DispensaryToCms/Page_Dispensary Store/select_--Select--Adernaline 0.'

2018-06-10 01:40:36 - [MESSAGE][PASSED] - All options with index in [30] are selected on object 'Object Repository/DispensaryToCms/Page_Dispensary Store/select_--Select--Adernaline 0.'

2018-06-10 01:40:36 - [TEST_STEP][PASSED] - setText: Text '100' is set on object 'Object Repository/DispensaryToCms/Page_Dispensary Store/input_txttreat'

2018-06-10 01:40:37 - [MESSAGE][PASSED] - Text '100' is set on object 'Object Repository/DispensaryToCms/Page_Dispensary Store/input_txttreat'

2018-06-10 01:40:37 - [TEST_STEP][PASSED] - click: Object: 'Object Repository/DispensaryToCms/Page_Dispensary Store/button_Add' is clicked on

2018-06-10 01:40:37 - [MESSAGE][PASSED] - Object: 'Object Repository/DispensaryToCms/Page_Dispensary Store/button_Add' is clicked on

2018-06-10 01:40:37 - [TEST_STEP][PASSED] - delay: Delayed 1 second(s)

2018-06-10 01:40:38 - [MESSAGE][PASSED] - Delayed 1 second(s)

2018-06-10 01:40:38 - [TEST_STEP][PASSED] - selectOptionByIndex: All options with index in [1] are selected on object 'Object Repository/DispensaryToCms/Page_Dispensary Store/select_--Select--Schedule 1Inj'

2018-06-10 01:40:38 - [MESSAGE][PASSED] - All options with index in [1] are selected on object 'Object Repository/DispensaryToCms/Page_Dispensary Store/select_--Select--Schedule 1Inj'

2018-06-10 01:40:38 - [TEST_STEP][PASSED] - delay: Delayed 1 second(s)

2018-06-10 01:40:39 - [MESSAGE][PASSED] - Delayed 1 second(s)

2018-06-10 01:40:39 - [TEST_STEP][PASSED] - selectOptionByIndex: All options with index in [31] are selected on object 'Object Repository/DispensaryToCms/Page_Dispensary Store/select_--Select--Adernaline 0.'

2018-06-10 01:40:39 - [MESSAGE][PASSED] - All options with index in [31] are selected on object 'Object Repository/DispensaryToCms/Page_Dispensary Store/select_--Select--Adernaline 0.'

2018-06-10 01:40:39 - [TEST_STEP][PASSED] - setText: Text '100' is set on object 'Object Repository/DispensaryToCms/Page_Dispensary Store/input_txttreat'

2018-06-10 01:40:39 - [MESSAGE][PASSED] - Text '100' is set on object 'Object Repository/DispensaryToCms/Page_Dispensary Store/input_txttreat'

2018-06-10 01:40:39 - [TEST_STEP][PASSED] - click: Object: 'Object Repository/DispensaryToCms/Page_Dispensary Store/button_Add' is clicked on

2018-06-10 01:40:39 - [MESSAGE][PASSED] - Object: 'Object Repository/DispensaryToCms/Page_Dispensary Store/button_Add' is clicked on

2018-06-10 01:40:39 - [TEST_STEP][PASSED] - delay: Delayed 1 second(s)

2018-06-10 01:40:40 - [MESSAGE][PASSED] - Delayed 1 second(s)

2018-06-10 01:40:40 - [TEST_STEP][PASSED] - selectOptionByIndex: All options with index in [1] are selected on object 'Object Repository/DispensaryToCms/Page_Dispensary Store/select_--Select--Schedule 1Inj'

2018-06-10 01:40:41 - [MESSAGE][PASSED] - All options with index in [1] are selected on object 'Object Repository/DispensaryToCms/Page_Dispensary Store/select_--Select--Schedule 1Inj'

2018-06-10 01:40:41 - [TEST_STEP][PASSED] - delay: Delayed 1 second(s)

2018-06-10 01:40:42 - [MESSAGE][PASSED] - Delayed 1 second(s)

2018-06-10 01:40:42 - [TEST_STEP][PASSED] - selectOptionByIndex: All options with index in [32] are selected on object 'Object Repository/DispensaryToCms/Page_Dispensary Store/select_--Select--Adernaline 0.'

2018-06-10 01:40:42 - [MESSAGE][PASSED] - All options with index in [32] are selected on object 'Object Repository/DispensaryToCms/Page_Dispensary Store/select_--Select--Adernaline 0.'

2018-06-10 01:40:42 - [TEST_STEP][PASSED] - setText: Text '100' is set on object 'Object Repository/DispensaryToCms/Page_Dispensary Store/input_txttreat'

2018-06-10 01:40:42 - [MESSAGE][PASSED] - Text '100' is set on object 'Object Repository/DispensaryToCms/Page_Dispensary Store/input_txttreat'

2018-06-10 01:40:42 - [TEST_STEP][PASSED] - click: Object: 'Object Repository/DispensaryToCms/Page_Dispensary Store/button_Add' is clicked on

2018-06-10 01:40:42 - [MESSAGE][PASSED] - Object: 'Object Repository/DispensaryToCms/Page_Dispensary Store/button_Add' is clicked on

2018-06-10 01:40:42 - [TEST_STEP][PASSED] - delay: Delayed 1 second(s)

2018-06-10 01:40:43 - [MESSAGE][PASSED] - Delayed 1 second(s)

2018-06-10 01:40:43 - [TEST_STEP][PASSED] - selectOptionByIndex: All options with index in [1] are selected on object 'Object Repository/DispensaryToCms/Page_Dispensary Store/select_--Select--Schedule 1Inj'

2018-06-10 01:40:43 - [MESSAGE][PASSED] - All options with index in [1] are selected on object 'Object Repository/DispensaryToCms/Page_Dispensary Store/select_--Select--Schedule 1Inj'

2018-06-10 01:40:43 - [TEST_STEP][PASSED] - delay: Delayed 1 second(s)

2018-06-10 01:40:44 - [MESSAGE][PASSED] - Delayed 1 second(s)

2018-06-10 01:40:44 - [TEST_STEP][PASSED] - selectOptionByIndex: All options with index in [33] are selected on object 'Object Repository/DispensaryToCms/Page_Dispensary Store/select_--Select--Adernaline 0.'

2018-06-10 01:40:45 - [MESSAGE][PASSED] - All options with index in [33] are selected on object 'Object Repository/DispensaryToCms/Page_Dispensary Store/select_--Select--Adernaline 0.'

2018-06-10 01:40:45 - [TEST_STEP][PASSED] - setText: Text '100' is set on object 'Object Repository/DispensaryToCms/Page_Dispensary Store/input_txttreat'

2018-06-10 01:40:45 - [MESSAGE][PASSED] - Text '100' is set on object 'Object Repository/DispensaryToCms/Page_Dispensary Store/input_txttreat'

2018-06-10 01:40:45 - [TEST_STEP][PASSED] - click: Object: 'Object Repository/DispensaryToCms/Page_Dispensary Store/button_Add' is clicked on

2018-06-10 01:40:45 - [MESSAGE][PASSED] - Object: 'Object Repository/DispensaryToCms/Page_Dispensary Store/button_Add' is clicked on

2018-06-10 01:40:45 - [TEST_STEP][PASSED] - delay: Delayed 1 second(s)

2018-06-10 01:40:46 - [MESSAGE][PASSED] - Delayed 1 second(s)

2018-06-10 01:40:46 - [TEST_STEP][PASSED] - selectOptionByIndex: All options with index in [1] are selected on object 'Object Repository/DispensaryToCms/Page_Dispensary Store/select_--Select--Schedule 1Inj'

2018-06-10 01:40:46 - [MESSAGE][PASSED] - All options with index in [1] are selected on object 'Object Repository/DispensaryToCms/Page_Dispensary Store/select_--Select--Schedule 1Inj'

2018-06-10 01:40:46 - [TEST_STEP][PASSED] - delay: Delayed 1 second(s)

2018-06-10 01:40:47 - [MESSAGE][PASSED] - Delayed 1 second(s)

2018-06-10 01:40:47 - [TEST_STEP][PASSED] - selectOptionByIndex: All options with index in [34] are selected on object 'Object Repository/DispensaryToCms/Page_Dispensary Store/select_--Select--Adernaline 0.'

2018-06-10 01:40:48 - [MESSAGE][PASSED] - All options with index in [34] are selected on object 'Object Repository/DispensaryToCms/Page_Dispensary Store/select_--Select--Adernaline 0.'

2018-06-10 01:40:48 - [TEST_STEP][PASSED] - setText: Text '100' is set on object 'Object Repository/DispensaryToCms/Page_Dispensary Store/input_txttreat'

2018-06-10 01:40:48 - [MESSAGE][PASSED] - Text '100' is set on object 'Object Repository/DispensaryToCms/Page_Dispensary Store/input_txttreat'

2018-06-10 01:40:48 - [TEST_STEP][PASSED] - click: Object: 'Object Repository/DispensaryToCms/Page_Dispensary Store/button_Add' is clicked on

2018-06-10 01:40:48 - [MESSAGE][PASSED] - Object: 'Object Repository/DispensaryToCms/Page_Dispensary Store/button_Add' is clicked on

2018-06-10 01:40:48 - [TEST_STEP][PASSED] - delay: Delayed 1 second(s)

2018-06-10 01:40:49 - [MESSAGE][PASSED] - Delayed 1 second(s)

2018-06-10 01:40:49 - [TEST_STEP][PASSED] - selectOptionByIndex: All options with index in [1] are selected on object 'Object Repository/DispensaryToCms/Page_Dispensary Store/select_--Select--Schedule 1Inj'

2018-06-10 01:40:49 - [MESSAGE][PASSED] - All options with index in [1] are selected on object 'Object Repository/DispensaryToCms/Page_Dispensary Store/select_--Select--Schedule 1Inj'

2018-06-10 01:40:49 - [TEST_STEP][PASSED] - delay: Delayed 1 second(s)

2018-06-10 01:40:50 - [MESSAGE][PASSED] - Delayed 1 second(s)

2018-06-10 01:40:50 - [TEST_STEP][PASSED] - selectOptionByIndex: All options with index in [35] are selected on object 'Object Repository/DispensaryToCms/Page_Dispensary Store/select_--Select--Adernaline 0.'

2018-06-10 01:40:50 - [MESSAGE][PASSED] - All options with index in [35] are selected on object 'Object Repository/DispensaryToCms/Page_Dispensary Store/select_--Select--Adernaline 0.'

2018-06-10 01:40:50 - [TEST_STEP][PASSED] - setText: Text '100' is set on object 'Object Repository/DispensaryToCms/Page_Dispensary Store/input_txttreat'

2018-06-10 01:40:51 - [MESSAGE][PASSED] - Text '100' is set on object 'Object Repository/DispensaryToCms/Page_Dispensary Store/input_txttreat'

2018-06-10 01:40:51 - [TEST_STEP][PASSED] - click: Object: 'Object Repository/DispensaryToCms/Page_Dispensary Store/button_Add' is clicked on

2018-06-10 01:40:51 - [MESSAGE][PASSED] - Object: 'Object Repository/DispensaryToCms/Page_Dispensary Store/button_Add' is clicked on

2018-06-10 01:40:51 - [TEST_STEP][PASSED] - delay: Delayed 1 second(s)

2018-06-10 01:40:52 - [MESSAGE][PASSED] - Delayed 1 second(s)

2018-06-10 01:40:52 - [TEST_STEP][PASSED] - selectOptionByIndex: All options with index in [1] are selected on object 'Object Repository/DispensaryToCms/Page_Dispensary Store/select_--Select--Schedule 1Inj'

2018-06-10 01:40:52 - [MESSAGE][PASSED] - All options with index in [1] are selected on object 'Object Repository/DispensaryToCms/Page_Dispensary Store/select_--Select--Schedule 1Inj'

2018-06-10 01:40:52 - [TEST_STEP][PASSED] - delay: Delayed 1 second(s)

2018-06-10 01:40:53 - [MESSAGE][PASSED] - Delayed 1 second(s)

2018-06-10 01:40:53 - [TEST_STEP][PASSED] - selectOptionByIndex: All options with index in [36] are selected on object 'Object Repository/DispensaryToCms/Page_Dispensary Store/select_--Select--Adernaline 0.'

2018-06-10 01:40:53 - [MESSAGE][PASSED] - All options with index in [36] are selected on object 'Object Repository/DispensaryToCms/Page_Dispensary Store/select_--Select--Adernaline 0.'

2018-06-10 01:40:53 - [TEST_STEP][PASSED] - setText: Text '100' is set on object 'Object Repository/DispensaryToCms/Page_Dispensary Store/input_txttreat'

2018-06-10 01:40:53 - [MESSAGE][PASSED] - Text '100' is set on object 'Object Repository/DispensaryToCms/Page_Dispensary Store/input_txttreat'

2018-06-10 01:40:53 - [TEST_STEP][PASSED] - click: Object: 'Object Repository/DispensaryToCms/Page_Dispensary Store/button_Add' is clicked on

2018-06-10 01:40:53 - [MESSAGE][PASSED] - Object: 'Object Repository/DispensaryToCms/Page_Dispensary Store/button_Add' is clicked on

2018-06-10 01:40:53 - [TEST_STEP][PASSED] - delay: Delayed 1 second(s)

2018-06-10 01:40:54 - [MESSAGE][PASSED] - Delayed 1 second(s)

2018-06-10 01:40:54 - [TEST_STEP][PASSED] - selectOptionByIndex: All options with index in [1] are selected on object 'Object Repository/DispensaryToCms/Page_Dispensary Store/select_--Select--Schedule 1Inj'

2018-06-10 01:40:55 - [MESSAGE][PASSED] - All options with index in [1] are selected on object 'Object Repository/DispensaryToCms/Page_Dispensary Store/select_--Select--Schedule 1Inj'

2018-06-10 01:40:55 - [TEST_STEP][PASSED] - delay: Delayed 1 second(s)

2018-06-10 01:40:56 - [MESSAGE][PASSED] - Delayed 1 second(s)

2018-06-10 01:40:56 - [TEST_STEP][PASSED] - selectOptionByIndex: All options with index in [37] are selected on object 'Object Repository/DispensaryToCms/Page_Dispensary Store/select_--Select--Adernaline 0.'

2018-06-10 01:40:56 - [MESSAGE][PASSED] - All options with index in [37] are selected on object 'Object Repository/DispensaryToCms/Page_Dispensary Store/select_--Select--Adernaline 0.'

2018-06-10 01:40:56 - [TEST_STEP][PASSED] - setText: Text '100' is set on object 'Object Repository/DispensaryToCms/Page_Dispensary Store/input_txttreat'

2018-06-10 01:40:56 - [MESSAGE][PASSED] - Text '100' is set on object 'Object Repository/DispensaryToCms/Page_Dispensary Store/input_txttreat'

2018-06-10 01:40:56 - [TEST_STEP][PASSED] - click: Object: 'Object Repository/DispensaryToCms/Page_Dispensary Store/button_Add' is clicked on

2018-06-10 01:40:56 - [MESSAGE][PASSED] - Object: 'Object Repository/DispensaryToCms/Page_Dispensary Store/button_Add' is clicked on

2018-06-10 01:40:56 - [TEST_STEP][PASSED] - delay: Delayed 1 second(s)

2018-06-10 01:40:57 - [MESSAGE][PASSED] - Delayed 1 second(s)

2018-06-10 01:40:57 - [TEST_STEP][PASSED] - selectOptionByIndex: All options with index in [1] are selected on object 'Object Repository/DispensaryToCms/Page_Dispensary Store/select_--Select--Schedule 1Inj'

2018-06-10 01:40:57 - [MESSAGE][PASSED] - All options with index in [1] are selected on object 'Object Repository/DispensaryToCms/Page_Dispensary Store/select_--Select--Schedule 1Inj'

2018-06-10 01:40:57 - [TEST_STEP][PASSED] - delay: Delayed 1 second(s)

2018-06-10 01:40:58 - [MESSAGE][PASSED] - Delayed 1 second(s)

2018-06-10 01:40:58 - [TEST_STEP][PASSED] - selectOptionByIndex: All options with index in [38] are selected on object 'Object Repository/DispensaryToCms/Page_Dispensary Store/select_--Select--Adernaline 0.'

2018-06-10 01:40:59 - [MESSAGE][PASSED] - All options with index in [38] are selected on object 'Object Repository/DispensaryToCms/Page_Dispensary Store/select_--Select--Adernaline 0.'

2018-06-10 01:40:59 - [TEST_STEP][PASSED] - setText: Text '100' is set on object 'Object Repository/DispensaryToCms/Page_Dispensary Store/input_txttreat'

2018-06-10 01:40:59 - [MESSAGE][PASSED] - Text '100' is set on object 'Object Repository/DispensaryToCms/Page_Dispensary Store/input_txttreat'

2018-06-10 01:40:59 - [TEST_STEP][PASSED] - click: Object: 'Object Repository/DispensaryToCms/Page_Dispensary Store/button_Add' is clicked on

2018-06-10 01:40:59 - [MESSAGE][PASSED] - Object: 'Object Repository/DispensaryToCms/Page_Dispensary Store/button_Add' is clicked on

2018-06-10 01:40:59 - [TEST_STEP][PASSED] - delay: Delayed 1 second(s)

2018-06-10 01:41:00 - [MESSAGE][PASSED] - Delayed 1 second(s)

2018-06-10 01:41:00 - [TEST_STEP][PASSED] - selectOptionByIndex: All options with index in [1] are selected on object 'Object Repository/DispensaryToCms/Page_Dispensary Store/select_--Select--Schedule 1Inj'

2018-06-10 01:41:00 - [MESSAGE][PASSED] - All options with index in [1] are selected on object 'Object Repository/DispensaryToCms/Page_Dispensary Store/select_--Select--Schedule 1Inj'

2018-06-10 01:41:00 - [TEST_STEP][PASSED] - delay: Delayed 1 second(s)

2018-06-10 01:41:01 - [MESSAGE][PASSED] - Delayed 1 second(s)

2018-06-10 01:41:01 - [TEST_STEP][PASSED] - selectOptionByIndex: All options with index in [39] are selected on object 'Object Repository/DispensaryToCms/Page_Dispensary Store/select_--Select--Adernaline 0.'

2018-06-10 01:41:02 - [MESSAGE][PASSED] - All options with index in [39] are selected on object 'Object Repository/DispensaryToCms/Page_Dispensary Store/select_--Select--Adernaline 0.'

2018-06-10 01:41:02 - [TEST_STEP][PASSED] - setText: Text '100' is set on object 'Object Repository/DispensaryToCms/Page_Dispensary Store/input_txttreat'

2018-06-10 01:41:02 - [MESSAGE][PASSED] - Text '100' is set on object 'Object Repository/DispensaryToCms/Page_Dispensary Store/input_txttreat'

2018-06-10 01:41:02 - [TEST_STEP][PASSED] - click: Object: 'Object Repository/DispensaryToCms/Page_Dispensary Store/button_Add' is clicked on

2018-06-10 01:41:02 - [MESSAGE][PASSED] - Object: 'Object Repository/DispensaryToCms/Page_Dispensary Store/button_Add' is clicked on

2018-06-10 01:41:02 - [TEST_STEP][PASSED] - delay: Delayed 1 second(s)

2018-06-10 01:41:03 - [MESSAGE][PASSED] - Delayed 1 second(s)

2018-06-10 01:41:03 - [TEST_STEP][PASSED] - selectOptionByIndex: All options with index in [1] are selected on object 'Object Repository/DispensaryToCms/Page_Dispensary Store/select_--Select--Schedule 1Inj'

2018-06-10 01:41:03 - [MESSAGE][PASSED] - All options with index in [1] are selected on object 'Object Repository/DispensaryToCms/Page_Dispensary Store/select_--Select--Schedule 1Inj'

2018-06-10 01:41:03 - [TEST_STEP][PASSED] - delay: Delayed 1 second(s)

2018-06-10 01:41:04 - [MESSAGE][PASSED] - Delayed 1 second(s)

2018-06-10 01:41:04 - [TEST_STEP][PASSED] - selectOptionByIndex: All options with index in [40] are selected on object 'Object Repository/DispensaryToCms/Page_Dispensary Store/select_--Select--Adernaline 0.'

2018-06-10 01:41:05 - [MESSAGE][PASSED] - All options with index in [40] are selected on object 'Object Repository/DispensaryToCms/Page_Dispensary Store/select_--Select--Adernaline 0.'

2018-06-10 01:41:05 - [TEST_STEP][PASSED] - setText: Text '100' is set on object 'Object Repository/DispensaryToCms/Page_Dispensary Store/input_txttreat'

2018-06-10 01:41:05 - [MESSAGE][PASSED] - Text '100' is set on object 'Object Repository/DispensaryToCms/Page_Dispensary Store/input_txttreat'

2018-06-10 01:41:05 - [TEST_STEP][PASSED] - click: Object: 'Object Repository/DispensaryToCms/Page_Dispensary Store/button_Add' is clicked on

2018-06-10 01:41:05 - [MESSAGE][PASSED] - Object: 'Object Repository/DispensaryToCms/Page_Dispensary Store/button_Add' is clicked on

2018-06-10 01:41:05 - [TEST_STEP][PASSED] - delay: Delayed 1 second(s)

2018-06-10 01:41:06 - [MESSAGE][PASSED] - Delayed 1 second(s)

2018-06-10 01:41:06 - [TEST_STEP][PASSED] - selectOptionByIndex: All options with index in [1] are selected on object 'Object Repository/DispensaryToCms/Page_Dispensary Store/select_--Select--Schedule 1Inj'

2018-06-10 01:41:06 - [MESSAGE][PASSED] - All options with index in [1] are selected on object 'Object Repository/DispensaryToCms/Page_Dispensary Store/select_--Select--Schedule 1Inj'

2018-06-10 01:41:06 - [TEST_STEP][PASSED] - delay: Delayed 1 second(s)

2018-06-10 01:41:07 - [MESSAGE][PASSED] - Delayed 1 second(s)

2018-06-10 01:41:07 - [TEST_STEP][PASSED] - selectOptionByIndex: All options with index in [41] are selected on object 'Object Repository/DispensaryToCms/Page_Dispensary Store/select_--Select--Adernaline 0.'

2018-06-10 01:41:07 - [MESSAGE][PASSED] - All options with index in [41] are selected on object 'Object Repository/DispensaryToCms/Page_Dispensary Store/select_--Select--Adernaline 0.'

2018-06-10 01:41:07 - [TEST_STEP][PASSED] - setText: Text '100' is set on object 'Object Repository/DispensaryToCms/Page_Dispensary Store/input_txttreat'

2018-06-10 01:41:08 - [MESSAGE][PASSED] - Text '100' is set on object 'Object Repository/DispensaryToCms/Page_Dispensary Store/input_txttreat'

2018-06-10 01:41:08 - [TEST_STEP][PASSED] - click: Object: 'Object Repository/DispensaryToCms/Page_Dispensary Store/button_Add' is clicked on

2018-06-10 01:41:08 - [MESSAGE][PASSED] - Object: 'Object Repository/DispensaryToCms/Page_Dispensary Store/button_Add' is clicked on

2018-06-10 01:41:08 - [TEST_STEP][PASSED] - delay: Delayed 1 second(s)

2018-06-10 01:41:09 - [MESSAGE][PASSED] - Delayed 1 second(s)

2018-06-10 01:41:09 - [TEST_STEP][PASSED] - selectOptionByIndex: All options with index in [1] are selected on object 'Object Repository/DispensaryToCms/Page_Dispensary Store/select_--Select--Schedule 1Inj'

2018-06-10 01:41:09 - [MESSAGE][PASSED] - All options with index in [1] are selected on object 'Object Repository/DispensaryToCms/Page_Dispensary Store/select_--Select--Schedule 1Inj'

2018-06-10 01:41:09 - [TEST_STEP][PASSED] - delay: Delayed 1 second(s)

2018-06-10 01:41:10 - [MESSAGE][PASSED] - Delayed 1 second(s)

2018-06-10 01:41:10 - [TEST_STEP][PASSED] - selectOptionByIndex: All options with index in [42] are selected on object 'Object Repository/DispensaryToCms/Page_Dispensary Store/select_--Select--Adernaline 0.'

2018-06-10 01:41:10 - [MESSAGE][PASSED] - All options with index in [42] are selected on object 'Object Repository/DispensaryToCms/Page_Dispensary Store/select_--Select--Adernaline 0.'

2018-06-10 01:41:10 - [TEST_STEP][PASSED] - setText: Text '100' is set on object 'Object Repository/DispensaryToCms/Page_Dispensary Store/input_txttreat'

2018-06-10 01:41:10 - [MESSAGE][PASSED] - Text '100' is set on object 'Object Repository/DispensaryToCms/Page_Dispensary Store/input_txttreat'

2018-06-10 01:41:10 - [TEST_STEP][PASSED] - click: Object: 'Object Repository/DispensaryToCms/Page_Dispensary Store/button_Add' is clicked on

2018-06-10 01:41:10 - [MESSAGE][PASSED] - Object: 'Object Repository/DispensaryToCms/Page_Dispensary Store/button_Add' is clicked on

2018-06-10 01:41:10 - [TEST_STEP][PASSED] - delay: Delayed 1 second(s)

2018-06-10 01:41:11 - [MESSAGE][PASSED] - Delayed 1 second(s)

2018-06-10 01:41:11 - [TEST_STEP][PASSED] - selectOptionByIndex: All options with index in [1] are selected on object 'Object Repository/DispensaryToCms/Page_Dispensary Store/select_--Select--Schedule 1Inj'

2018-06-10 01:41:12 - [MESSAGE][PASSED] - All options with index in [1] are selected on object 'Object Repository/DispensaryToCms/Page_Dispensary Store/select_--Select--Schedule 1Inj'

2018-06-10 01:41:12 - [TEST_STEP][PASSED] - delay: Delayed 1 second(s)

2018-06-10 01:41:13 - [MESSAGE][PASSED] - Delayed 1 second(s)

2018-06-10 01:41:13 - [TEST_STEP][PASSED] - selectOptionByIndex: All options with index in [43] are selected on object 'Object Repository/DispensaryToCms/Page_Dispensary Store/select_--Select--Adernaline 0.'

2018-06-10 01:41:13 - [MESSAGE][PASSED] - All options with index in [43] are selected on object 'Object Repository/DispensaryToCms/Page_Dispensary Store/select_--Select--Adernaline 0.'

2018-06-10 01:41:13 - [TEST_STEP][PASSED] - setText: Text '100' is set on object 'Object Repository/DispensaryToCms/Page_Dispensary Store/input_txttreat'

2018-06-10 01:41:13 - [MESSAGE][PASSED] - Text '100' is set on object 'Object Repository/DispensaryToCms/Page_Dispensary Store/input_txttreat'

2018-06-10 01:41:13 - [TEST_STEP][PASSED] - click: Object: 'Object Repository/DispensaryToCms/Page_Dispensary Store/button_Add' is clicked on

2018-06-10 01:41:13 - [MESSAGE][PASSED] - Object: 'Object Repository/DispensaryToCms/Page_Dispensary Store/button_Add' is clicked on

2018-06-10 01:41:13 - [TEST_STEP][PASSED] - delay: Delayed 1 second(s)

2018-06-10 01:41:14 - [MESSAGE][PASSED] - Delayed 1 second(s)

2018-06-10 01:41:14 - [TEST_STEP][PASSED] - selectOptionByIndex: All options with index in [1] are selected on object 'Object Repository/DispensaryToCms/Page_Dispensary Store/select_--Select--Schedule 1Inj'

2018-06-10 01:41:14 - [MESSAGE][PASSED] - All options with index in [1] are selected on object 'Object Repository/DispensaryToCms/Page_Dispensary Store/select_--Select--Schedule 1Inj'

2018-06-10 01:41:14 - [TEST_STEP][PASSED] - delay: Delayed 1 second(s)

2018-06-10 01:41:15 - [MESSAGE][PASSED] - Delayed 1 second(s)

2018-06-10 01:41:15 - [TEST_STEP][PASSED] - selectOptionByIndex: All options with index in [44] are selected on object 'Object Repository/DispensaryToCms/Page_Dispensary Store/select_--Select--Adernaline 0.'

2018-06-10 01:41:16 - [MESSAGE][PASSED] - All options with index in [44] are selected on object 'Object Repository/DispensaryToCms/Page_Dispensary Store/select_--Select--Adernaline 0.'

2018-06-10 01:41:16 - [TEST_STEP][PASSED] - setText: Text '100' is set on object 'Object Repository/DispensaryToCms/Page_Dispensary Store/input_txttreat'

2018-06-10 01:41:16 - [MESSAGE][PASSED] - Text '100' is set on object 'Object Repository/DispensaryToCms/Page_Dispensary Store/input_txttreat'

2018-06-10 01:41:16 - [TEST_STEP][PASSED] - click: Object: 'Object Repository/DispensaryToCms/Page_Dispensary Store/button_Add' is clicked on

2018-06-10 01:41:16 - [MESSAGE][PASSED] - Object: 'Object Repository/DispensaryToCms/Page_Dispensary Store/button_Add' is clicked on

2018-06-10 01:41:16 - [TEST_STEP][PASSED] - delay: Delayed 1 second(s)

2018-06-10 01:41:17 - [MESSAGE][PASSED] - Delayed 1 second(s)

2018-06-10 01:41:17 - [TEST_STEP][PASSED] - selectOptionByIndex: All options with index in [1] are selected on object 'Object Repository/DispensaryToCms/Page_Dispensary Store/select_--Select--Schedule 1Inj'

2018-06-10 01:41:17 - [MESSAGE][PASSED] - All options with index in [1] are selected on object 'Object Repository/DispensaryToCms/Page_Dispensary Store/select_--Select--Schedule 1Inj'

2018-06-10 01:41:17 - [TEST_STEP][PASSED] - delay: Delayed 1 second(s)

2018-06-10 01:41:18 - [MESSAGE][PASSED] - Delayed 1 second(s)

2018-06-10 01:41:18 - [TEST_STEP][PASSED] - selectOptionByIndex: All options with index in [45] are selected on object 'Object Repository/DispensaryToCms/Page_Dispensary Store/select_--Select--Adernaline 0.'

2018-06-10 01:41:19 - [MESSAGE][PASSED] - All options with index in [45] are selected on object 'Object Repository/DispensaryToCms/Page_Dispensary Store/select_--Select--Adernaline 0.'

2018-06-10 01:41:19 - [TEST_STEP][PASSED] - setText: Text '100' is set on object 'Object Repository/DispensaryToCms/Page_Dispensary Store/input_txttreat'

2018-06-10 01:41:19 - [MESSAGE][PASSED] - Text '100' is set on object 'Object Repository/DispensaryToCms/Page_Dispensary Store/input_txttreat'

2018-06-10 01:41:19 - [TEST_STEP][PASSED] - click: Object: 'Object Repository/DispensaryToCms/Page_Dispensary Store/button_Add' is clicked on

2018-06-10 01:41:19 - [MESSAGE][PASSED] - Object: 'Object Repository/DispensaryToCms/Page_Dispensary Store/button_Add' is clicked on

2018-06-10 01:41:19 - [TEST_STEP][PASSED] - delay: Delayed 1 second(s)

2018-06-10 01:41:20 - [MESSAGE][PASSED] - Delayed 1 second(s)

2018-06-10 01:41:20 - [TEST_STEP][PASSED] - selectOptionByIndex: All options with index in [1] are selected on object 'Object Repository/DispensaryToCms/Page_Dispensary Store/select_--Select--Schedule 1Inj'

2018-06-10 01:41:20 - [MESSAGE][PASSED] - All options with index in [1] are selected on object 'Object Repository/DispensaryToCms/Page_Dispensary Store/select_--Select--Schedule 1Inj'

2018-06-10 01:41:20 - [TEST_STEP][PASSED] - delay: Delayed 1 second(s)

2018-06-10 01:41:21 - [MESSAGE][PASSED] - Delayed 1 second(s)

2018-06-10 01:41:21 - [TEST_STEP][PASSED] - selectOptionByIndex: All options with index in [46] are selected on object 'Object Repository/DispensaryToCms/Page_Dispensary Store/select_--Select--Adernaline 0.'

2018-06-10 01:41:22 - [MESSAGE][PASSED] - All options with index in [46] are selected on object 'Object Repository/DispensaryToCms/Page_Dispensary Store/select_--Select--Adernaline 0.'

2018-06-10 01:41:22 - [TEST_STEP][PASSED] - setText: Text '100' is set on object 'Object Repository/DispensaryToCms/Page_Dispensary Store/input_txttreat'

2018-06-10 01:41:22 - [MESSAGE][PASSED] - Text '100' is set on object 'Object Repository/DispensaryToCms/Page_Dispensary Store/input_txttreat'

2018-06-10 01:41:22 - [TEST_STEP][PASSED] - click: Object: 'Object Repository/DispensaryToCms/Page_Dispensary Store/button_Add' is clicked on

2018-06-10 01:41:22 - [MESSAGE][PASSED] - Object: 'Object Repository/DispensaryToCms/Page_Dispensary Store/button_Add' is clicked on

2018-06-10 01:41:22 - [TEST_STEP][PASSED] - delay: Delayed 1 second(s)

2018-06-10 01:41:23 - [MESSAGE][PASSED] - Delayed 1 second(s)

2018-06-10 01:41:23 - [TEST_STEP][PASSED] - selectOptionByIndex: All options with index in [1] are selected on object 'Object Repository/DispensaryToCms/Page_Dispensary Store/select_--Select--Schedule 1Inj'

2018-06-10 01:41:23 - [MESSAGE][PASSED] - All options with index in [1] are selected on object 'Object Repository/DispensaryToCms/Page_Dispensary Store/select_--Select--Schedule 1Inj'

2018-06-10 01:41:23 - [TEST_STEP][PASSED] - delay: Delayed 1 second(s)

2018-06-10 01:41:24 - [MESSAGE][PASSED] - Delayed 1 second(s)

2018-06-10 01:41:24 - [TEST_STEP][PASSED] - selectOptionByIndex: All options with index in [47] are selected on object 'Object Repository/DispensaryToCms/Page_Dispensary Store/select_--Select--Adernaline 0.'

2018-06-10 01:41:25 - [MESSAGE][PASSED] - All options with index in [47] are selected on object 'Object Repository/DispensaryToCms/Page_Dispensary Store/select_--Select--Adernaline 0.'

2018-06-10 01:41:25 - [TEST_STEP][PASSED] - setText: Text '100' is set on object 'Object Repository/DispensaryToCms/Page_Dispensary Store/input_txttreat'

2018-06-10 01:41:25 - [MESSAGE][PASSED] - Text '100' is set on object 'Object Repository/DispensaryToCms/Page_Dispensary Store/input_txttreat'

2018-06-10 01:41:25 - [TEST_STEP][PASSED] - click: Object: 'Object Repository/DispensaryToCms/Page_Dispensary Store/button_Add' is clicked on

2018-06-10 01:41:25 - [MESSAGE][PASSED] - Object: 'Object Repository/DispensaryToCms/Page_Dispensary Store/button_Add' is clicked on

2018-06-10 01:41:25 - [TEST_STEP][PASSED] - delay: Delayed 1 second(s)

2018-06-10 01:41:26 - [MESSAGE][PASSED] - Delayed 1 second(s)

2018-06-10 01:41:26 - [TEST_STEP][PASSED] - selectOptionByIndex: All options with index in [1] are selected on object 'Object Repository/DispensaryToCms/Page_Dispensary Store/select_--Select--Schedule 1Inj'

2018-06-10 01:41:26 - [MESSAGE][PASSED] - All options with index in [1] are selected on object 'Object Repository/DispensaryToCms/Page_Dispensary Store/select_--Select--Schedule 1Inj'

2018-06-10 01:41:26 - [TEST_STEP][PASSED] - delay: Delayed 1 second(s)

2018-06-10 01:41:27 - [MESSAGE][PASSED] - Delayed 1 second(s)

2018-06-10 01:41:27 - [TEST_STEP][PASSED] - selectOptionByIndex: All options with index in [48] are selected on object 'Object Repository/DispensaryToCms/Page_Dispensary Store/select_--Select--Adernaline 0.'

2018-06-10 01:41:28 - [MESSAGE][PASSED] - All options with index in [48] are selected on object 'Object Repository/DispensaryToCms/Page_Dispensary Store/select_--Select--Adernaline 0.'

2018-06-10 01:41:28 - [TEST_STEP][PASSED] - setText: Text '100' is set on object 'Object Repository/DispensaryToCms/Page_Dispensary Store/input_txttreat'

2018-06-10 01:41:28 - [MESSAGE][PASSED] - Text '100' is set on object 'Object Repository/DispensaryToCms/Page_Dispensary Store/input_txttreat'

2018-06-10 01:41:28 - [TEST_STEP][PASSED] - click: Object: 'Object Repository/DispensaryToCms/Page_Dispensary Store/button_Add' is clicked on

2018-06-10 01:41:28 - [MESSAGE][PASSED] - Object: 'Object Repository/DispensaryToCms/Page_Dispensary Store/button_Add' is clicked on

2018-06-10 01:41:28 - [TEST_STEP][PASSED] - delay: Delayed 1 second(s)

2018-06-10 01:41:29 - [MESSAGE][PASSED] - Delayed 1 second(s)

2018-06-10 01:41:29 - [TEST_STEP][PASSED] - selectOptionByIndex: All options with index in [1] are selected on object 'Object Repository/DispensaryToCms/Page_Dispensary Store/select_--Select--Schedule 1Inj'

2018-06-10 01:41:29 - [MESSAGE][PASSED] - All options with index in [1] are selected on object 'Object Repository/DispensaryToCms/Page_Dispensary Store/select_--Select--Schedule 1Inj'

2018-06-10 01:41:29 - [TEST_STEP][PASSED] - delay: Delayed 1 second(s)

2018-06-10 01:41:30 - [MESSAGE][PASSED] - Delayed 1 second(s)

2018-06-10 01:41:30 - [TEST_STEP][PASSED] - selectOptionByIndex: All options with index in [49] are selected on object 'Object Repository/DispensaryToCms/Page_Dispensary Store/select_--Select--Adernaline 0.'

2018-06-10 01:41:31 - [MESSAGE][PASSED] - All options with index in [49] are selected on object 'Object Repository/DispensaryToCms/Page_Dispensary Store/select_--Select--Adernaline 0.'

2018-06-10 01:41:31 - [TEST_STEP][PASSED] - setText: Text '100' is set on object 'Object Repository/DispensaryToCms/Page_Dispensary Store/input_txttreat'

2018-06-10 01:41:31 - [MESSAGE][PASSED] - Text '100' is set on object 'Object Repository/DispensaryToCms/Page_Dispensary Store/input_txttreat'

2018-06-10 01:41:31 - [TEST_STEP][PASSED] - click: Object: 'Object Repository/DispensaryToCms/Page_Dispensary Store/button_Add' is clicked on

2018-06-10 01:41:31 - [MESSAGE][PASSED] - Object: 'Object Repository/DispensaryToCms/Page_Dispensary Store/button_Add' is clicked on

2018-06-10 01:41:31 - [TEST_STEP][PASSED] - delay: Delayed 1 second(s)

2018-06-10 01:41:32 - [MESSAGE][PASSED] - Delayed 1 second(s)

2018-06-10 01:41:32 - [TEST_STEP][PASSED] - selectOptionByIndex: All options with index in [1] are selected on object 'Object Repository/DispensaryToCms/Page_Dispensary Store/select_--Select--Schedule 1Inj'

2018-06-10 01:41:32 - [MESSAGE][PASSED] - All options with index in [1] are selected on object 'Object Repository/DispensaryToCms/Page_Dispensary Store/select_--Select--Schedule 1Inj'

2018-06-10 01:41:32 - [TEST_STEP][PASSED] - delay: Delayed 1 second(s)

2018-06-10 01:41:33 - [MESSAGE][PASSED] - Delayed 1 second(s)

2018-06-10 01:41:33 - [TEST_STEP][PASSED] - selectOptionByIndex: All options with index in [50] are selected on object 'Object Repository/DispensaryToCms/Page_Dispensary Store/select_--Select--Adernaline 0.'

2018-06-10 01:41:34 - [MESSAGE][PASSED] - All options with index in [50] are selected on object 'Object Repository/DispensaryToCms/Page_Dispensary Store/select_--Select--Adernaline 0.'

2018-06-10 01:41:34 - [TEST_STEP][PASSED] - setText: Text '100' is set on object 'Object Repository/DispensaryToCms/Page_Dispensary Store/input_txttreat'

2018-06-10 01:41:34 - [MESSAGE][PASSED] - Text '100' is set on object 'Object Repository/DispensaryToCms/Page_Dispensary Store/input_txttreat'

2018-06-10 01:41:34 - [TEST_STEP][PASSED] - click: Object: 'Object Repository/DispensaryToCms/Page_Dispensary Store/button_Add' is clicked on

2018-06-10 01:41:34 - [MESSAGE][PASSED] - Object: 'Object Repository/DispensaryToCms/Page_Dispensary Store/button_Add' is clicked on

2018-06-10 01:41:34 - [TEST_STEP][PASSED] - delay: Delayed 1 second(s)

2018-06-10 01:41:35 - [MESSAGE][PASSED] - Delayed 1 second(s)

2018-06-10 01:41:35 - [TEST_STEP][PASSED] - selectOptionByIndex: All options with index in [1] are selected on object 'Object Repository/DispensaryToCms/Page_Dispensary Store/select_--Select--Schedule 1Inj'

2018-06-10 01:41:35 - [MESSAGE][PASSED] - All options with index in [1] are selected on object 'Object Repository/DispensaryToCms/Page_Dispensary Store/select_--Select--Schedule 1Inj'

2018-06-10 01:41:35 - [TEST_STEP][PASSED] - delay: Delayed 1 second(s)

2018-06-10 01:41:36 - [MESSAGE][PASSED] - Delayed 1 second(s)

2018-06-10 01:41:36 - [TEST_STEP][PASSED] - selectOptionByIndex: All options with index in [51] are selected on object 'Object Repository/DispensaryToCms/Page_Dispensary Store/select_--Select--Adernaline 0.'

2018-06-10 01:41:37 - [MESSAGE][PASSED] - All options with index in [51] are selected on object 'Object Repository/DispensaryToCms/Page_Dispensary Store/select_--Select--Adernaline 0.'

2018-06-10 01:41:37 - [TEST_STEP][PASSED] - setText: Text '100' is set on object 'Object Repository/DispensaryToCms/Page_Dispensary Store/input_txttreat'

2018-06-10 01:41:37 - [MESSAGE][PASSED] - Text '100' is set on object 'Object Repository/DispensaryToCms/Page_Dispensary Store/input_txttreat'

2018-06-10 01:41:37 - [TEST_STEP][PASSED] - click: Object: 'Object Repository/DispensaryToCms/Page_Dispensary Store/button_Add' is clicked on

2018-06-10 01:41:37 - [MESSAGE][PASSED] - Object: 'Object Repository/DispensaryToCms/Page_Dispensary Store/button_Add' is clicked on

2018-06-10 01:41:37 - [TEST_STEP][PASSED] - delay: Delayed 1 second(s)

2018-06-10 01:41:38 - [MESSAGE][PASSED] - Delayed 1 second(s)

2018-06-10 01:41:38 - [TEST_STEP][PASSED] - selectOptionByIndex: All options with index in [1] are selected on object 'Object Repository/DispensaryToCms/Page_Dispensary Store/select_--Select--Schedule 1Inj'

2018-06-10 01:41:38 - [MESSAGE][PASSED] - All options with index in [1] are selected on object 'Object Repository/DispensaryToCms/Page_Dispensary Store/select_--Select--Schedule 1Inj'

2018-06-10 01:41:38 - [TEST_STEP][PASSED] - delay: Delayed 1 second(s)

2018-06-10 01:41:39 - [MESSAGE][PASSED] - Delayed 1 second(s)

2018-06-10 01:41:39 - [TEST_STEP][PASSED] - selectOptionByIndex: All options with index in [52] are selected on object 'Object Repository/DispensaryToCms/Page_Dispensary Store/select_--Select--Adernaline 0.'

2018-06-10 01:41:40 - [MESSAGE][PASSED] - All options with index in [52] are selected on object 'Object Repository/DispensaryToCms/Page_Dispensary Store/select_--Select--Adernaline 0.'

2018-06-10 01:41:40 - [TEST_STEP][PASSED] - setText: Text '100' is set on object 'Object Repository/DispensaryToCms/Page_Dispensary Store/input_txttreat'

2018-06-10 01:41:40 - [MESSAGE][PASSED] - Text '100' is set on object 'Object Repository/DispensaryToCms/Page_Dispensary Store/input_txttreat'

2018-06-10 01:41:40 - [TEST_STEP][PASSED] - click: Object: 'Object Repository/DispensaryToCms/Page_Dispensary Store/button_Add' is clicked on

2018-06-10 01:41:40 - [MESSAGE][PASSED] - Object: 'Object Repository/DispensaryToCms/Page_Dispensary Store/button_Add' is clicked on

2018-06-10 01:41:40 - [TEST_STEP][PASSED] - delay: Delayed 1 second(s)

2018-06-10 01:41:41 - [MESSAGE][PASSED] - Delayed 1 second(s)

2018-06-10 01:41:41 - [TEST_STEP][PASSED] - selectOptionByIndex: All options with index in [1] are selected on object 'Object Repository/DispensaryToCms/Page_Dispensary Store/select_--Select--Schedule 1Inj'

2018-06-10 01:41:41 - [MESSAGE][PASSED] - All options with index in [1] are selected on object 'Object Repository/DispensaryToCms/Page_Dispensary Store/select_--Select--Schedule 1Inj'

2018-06-10 01:41:41 - [TEST_STEP][PASSED] - delay: Delayed 1 second(s)

2018-06-10 01:41:42 - [MESSAGE][PASSED] - Delayed 1 second(s)

2018-06-10 01:41:42 - [TEST_STEP][PASSED] - selectOptionByIndex: All options with index in [53] are selected on object 'Object Repository/DispensaryToCms/Page_Dispensary Store/select_--Select--Adernaline 0.'

2018-06-10 01:41:43 - [MESSAGE][PASSED] - All options with index in [53] are selected on object 'Object Repository/DispensaryToCms/Page_Dispensary Store/select_--Select--Adernaline 0.'

2018-06-10 01:41:43 - [TEST_STEP][PASSED] - setText: Text '100' is set on object 'Object Repository/DispensaryToCms/Page_Dispensary Store/input_txttreat'

2018-06-10 01:41:43 - [MESSAGE][PASSED] - Text '100' is set on object 'Object Repository/DispensaryToCms/Page_Dispensary Store/input_txttreat'

2018-06-10 01:41:43 - [TEST_STEP][PASSED] - click: Object: 'Object Repository/DispensaryToCms/Page_Dispensary Store/button_Add' is clicked on

2018-06-10 01:41:43 - [MESSAGE][PASSED] - Object: 'Object Repository/DispensaryToCms/Page_Dispensary Store/button_Add' is clicked on

2018-06-10 01:41:43 - [TEST_STEP][PASSED] - delay: Delayed 1 second(s)

2018-06-10 01:41:44 - [MESSAGE][PASSED] - Delayed 1 second(s)

2018-06-10 01:41:44 - [TEST_STEP][PASSED] - selectOptionByIndex: All options with index in [1] are selected on object 'Object Repository/DispensaryToCms/Page_Dispensary Store/select_--Select--Schedule 1Inj'

2018-06-10 01:41:44 - [MESSAGE][PASSED] - All options with index in [1] are selected on object 'Object Repository/DispensaryToCms/Page_Dispensary Store/select_--Select--Schedule 1Inj'

2018-06-10 01:41:44 - [TEST_STEP][PASSED] - delay: Delayed 1 second(s)

2018-06-10 01:41:45 - [MESSAGE][PASSED] - Delayed 1 second(s)

2018-06-10 01:41:45 - [TEST_STEP][PASSED] - selectOptionByIndex: All options with index in [54] are selected on object 'Object Repository/DispensaryToCms/Page_Dispensary Store/select_--Select--Adernaline 0.'

2018-06-10 01:41:46 - [MESSAGE][PASSED] - All options with index in [54] are selected on object 'Object Repository/DispensaryToCms/Page_Dispensary Store/select_--Select--Adernaline 0.'

2018-06-10 01:41:46 - [TEST_STEP][PASSED] - setText: Text '100' is set on object 'Object Repository/DispensaryToCms/Page_Dispensary Store/input_txttreat'

2018-06-10 01:41:46 - [MESSAGE][PASSED] - Text '100' is set on object 'Object Repository/DispensaryToCms/Page_Dispensary Store/input_txttreat'

2018-06-10 01:41:46 - [TEST_STEP][PASSED] - click: Object: 'Object Repository/DispensaryToCms/Page_Dispensary Store/button_Add' is clicked on

2018-06-10 01:41:46 - [MESSAGE][PASSED] - Object: 'Object Repository/DispensaryToCms/Page_Dispensary Store/button_Add' is clicked on

2018-06-10 01:41:46 - [TEST_STEP][PASSED] - delay: Delayed 1 second(s)

2018-06-10 01:41:47 - [MESSAGE][PASSED] - Delayed 1 second(s)

2018-06-10 01:41:47 - [TEST_STEP][PASSED] - selectOptionByIndex: All options with index in [1] are selected on object 'Object Repository/DispensaryToCms/Page_Dispensary Store/select_--Select--Schedule 1Inj'

2018-06-10 01:41:47 - [MESSAGE][PASSED] - All options with index in [1] are selected on object 'Object Repository/DispensaryToCms/Page_Dispensary Store/select_--Select--Schedule 1Inj'

2018-06-10 01:41:47 - [TEST_STEP][PASSED] - delay: Delayed 1 second(s)

2018-06-10 01:41:48 - [MESSAGE][PASSED] - Delayed 1 second(s)

2018-06-10 01:41:48 - [TEST_STEP][PASSED] - selectOptionByIndex: All options with index in [55] are selected on object 'Object Repository/DispensaryToCms/Page_Dispensary Store/select_--Select--Adernaline 0.'

2018-06-10 01:41:49 - [MESSAGE][PASSED] - All options with index in [55] are selected on object 'Object Repository/DispensaryToCms/Page_Dispensary Store/select_--Select--Adernaline 0.'

2018-06-10 01:41:49 - [TEST_STEP][PASSED] - setText: Text '100' is set on object 'Object Repository/DispensaryToCms/Page_Dispensary Store/input_txttreat'

2018-06-10 01:41:49 - [MESSAGE][PASSED] - Text '100' is set on object 'Object Repository/DispensaryToCms/Page_Dispensary Store/input_txttreat'

2018-06-10 01:41:49 - [TEST_STEP][PASSED] - click: Object: 'Object Repository/DispensaryToCms/Page_Dispensary Store/button_Add' is clicked on

2018-06-10 01:41:49 - [MESSAGE][PASSED] - Object: 'Object Repository/DispensaryToCms/Page_Dispensary Store/button_Add' is clicked on

2018-06-10 01:41:49 - [TEST_STEP][PASSED] - delay: Delayed 1 second(s)

2018-06-10 01:41:50 - [MESSAGE][PASSED] - Delayed 1 second(s)

2018-06-10 01:41:50 - [TEST_STEP][PASSED] - selectOptionByIndex: All options with index in [1] are selected on object 'Object Repository/DispensaryToCms/Page_Dispensary Store/select_--Select--Schedule 1Inj'

2018-06-10 01:41:50 - [MESSAGE][PASSED] - All options with index in [1] are selected on object 'Object Repository/DispensaryToCms/Page_Dispensary Store/select_--Select--Schedule 1Inj'

2018-06-10 01:41:50 - [TEST_STEP][PASSED] - delay: Delayed 1 second(s)

2018-06-10 01:41:51 - [MESSAGE][PASSED] - Delayed 1 second(s)

2018-06-10 01:41:51 - [TEST_STEP][PASSED] - selectOptionByIndex: All options with index in [56] are selected on object 'Object Repository/DispensaryToCms/Page_Dispensary Store/select_--Select--Adernaline 0.'

2018-06-10 01:41:52 - [MESSAGE][PASSED] - All options with index in [56] are selected on object 'Object Repository/DispensaryToCms/Page_Dispensary Store/select_--Select--Adernaline 0.'

2018-06-10 01:41:52 - [TEST_STEP][PASSED] - setText: Text '100' is set on object 'Object Repository/DispensaryToCms/Page_Dispensary Store/input_txttreat'

2018-06-10 01:41:52 - [MESSAGE][PASSED] - Text '100' is set on object 'Object Repository/DispensaryToCms/Page_Dispensary Store/input_txttreat'

2018-06-10 01:41:52 - [TEST_STEP][PASSED] - click: Object: 'Object Repository/DispensaryToCms/Page_Dispensary Store/button_Add' is clicked on

2018-06-10 01:41:52 - [MESSAGE][PASSED] - Object: 'Object Repository/DispensaryToCms/Page_Dispensary Store/button_Add' is clicked on

2018-06-10 01:41:52 - [TEST_STEP][PASSED] - delay: Delayed 1 second(s)

2018-06-10 01:41:53 - [MESSAGE][PASSED] - Delayed 1 second(s)

2018-06-10 01:41:53 - [TEST_STEP][PASSED] - selectOptionByIndex: All options with index in [1] are selected on object 'Object Repository/DispensaryToCms/Page_Dispensary Store/select_--Select--Schedule 1Inj'

2018-06-10 01:41:53 - [MESSAGE][PASSED] - All options with index in [1] are selected on object 'Object Repository/DispensaryToCms/Page_Dispensary Store/select_--Select--Schedule 1Inj'

2018-06-10 01:41:53 - [TEST_STEP][PASSED] - delay: Delayed 1 second(s)

2018-06-10 01:41:54 - [MESSAGE][PASSED] - Delayed 1 second(s)

2018-06-10 01:41:54 - [TEST_STEP][PASSED] - selectOptionByIndex: All options with index in [57] are selected on object 'Object Repository/DispensaryToCms/Page_Dispensary Store/select_--Select--Adernaline 0.'

2018-06-10 01:41:55 - [MESSAGE][PASSED] - All options with index in [57] are selected on object 'Object Repository/DispensaryToCms/Page_Dispensary Store/select_--Select--Adernaline 0.'

2018-06-10 01:41:55 - [TEST_STEP][PASSED] - setText: Text '100' is set on object 'Object Repository/DispensaryToCms/Page_Dispensary Store/input_txttreat'

2018-06-10 01:41:55 - [MESSAGE][PASSED] - Text '100' is set on object 'Object Repository/DispensaryToCms/Page_Dispensary Store/input_txttreat'

2018-06-10 01:41:55 - [TEST_STEP][PASSED] - click: Object: 'Object Repository/DispensaryToCms/Page_Dispensary Store/button_Add' is clicked on

2018-06-10 01:41:55 - [MESSAGE][PASSED] - Object: 'Object Repository/DispensaryToCms/Page_Dispensary Store/button_Add' is clicked on

2018-06-10 01:41:55 - [TEST_STEP][PASSED] - delay: Delayed 1 second(s)

2018-06-10 01:41:56 - [MESSAGE][PASSED] - Delayed 1 second(s)

2018-06-10 01:41:56 - [TEST_STEP][PASSED] - selectOptionByIndex: All options with index in [1] are selected on object 'Object Repository/DispensaryToCms/Page_Dispensary Store/select_--Select--Schedule 1Inj'

2018-06-10 01:41:56 - [MESSAGE][PASSED] - All options with index in [1] are selected on object 'Object Repository/DispensaryToCms/Page_Dispensary Store/select_--Select--Schedule 1Inj'

2018-06-10 01:41:56 - [TEST_STEP][PASSED] - delay: Delayed 1 second(s)

2018-06-10 01:41:57 - [MESSAGE][PASSED] - Delayed 1 second(s)

2018-06-10 01:41:57 - [TEST_STEP][PASSED] - selectOptionByIndex: All options with index in [58] are selected on object 'Object Repository/DispensaryToCms/Page_Dispensary Store/select_--Select--Adernaline 0.'

2018-06-10 01:41:58 - [MESSAGE][PASSED] - All options with index in [58] are selected on object 'Object Repository/DispensaryToCms/Page_Dispensary Store/select_--Select--Adernaline 0.'

2018-06-10 01:41:58 - [TEST_STEP][PASSED] - setText: Text '100' is set on object 'Object Repository/DispensaryToCms/Page_Dispensary Store/input_txttreat'

2018-06-10 01:41:58 - [MESSAGE][PASSED] - Text '100' is set on object 'Object Repository/DispensaryToCms/Page_Dispensary Store/input_txttreat'

2018-06-10 01:41:58 - [TEST_STEP][PASSED] - click: Object: 'Object Repository/DispensaryToCms/Page_Dispensary Store/button_Add' is clicked on

2018-06-10 01:41:58 - [MESSAGE][PASSED] - Object: 'Object Repository/DispensaryToCms/Page_Dispensary Store/button_Add' is clicked on

2018-06-10 01:41:58 - [TEST_STEP][PASSED] - delay: Delayed 1 second(s)

2018-06-10 01:41:59 - [MESSAGE][PASSED] - Delayed 1 second(s)

2018-06-10 01:41:59 - [TEST_STEP][PASSED] - selectOptionByIndex: All options with index in [1] are selected on object 'Object Repository/DispensaryToCms/Page_Dispensary Store/select_--Select--Schedule 1Inj'

2018-06-10 01:41:59 - [MESSAGE][PASSED] - All options with index in [1] are selected on object 'Object Repository/DispensaryToCms/Page_Dispensary Store/select_--Select--Schedule 1Inj'

2018-06-10 01:41:59 - [TEST_STEP][PASSED] - delay: Delayed 1 second(s)

2018-06-10 01:42:00 - [MESSAGE][PASSED] - Delayed 1 second(s)

2018-06-10 01:42:00 - [TEST_STEP][PASSED] - selectOptionByIndex: All options with index in [59] are selected on object 'Object Repository/DispensaryToCms/Page_Dispensary Store/select_--Select--Adernaline 0.'

2018-06-10 01:42:01 - [MESSAGE][PASSED] - All options with index in [59] are selected on object 'Object Repository/DispensaryToCms/Page_Dispensary Store/select_--Select--Adernaline 0.'

2018-06-10 01:42:01 - [TEST_STEP][PASSED] - setText: Text '100' is set on object 'Object Repository/DispensaryToCms/Page_Dispensary Store/input_txttreat'

2018-06-10 01:42:01 - [MESSAGE][PASSED] - Text '100' is set on object 'Object Repository/DispensaryToCms/Page_Dispensary Store/input_txttreat'

2018-06-10 01:42:01 - [TEST_STEP][PASSED] - click: Object: 'Object Repository/DispensaryToCms/Page_Dispensary Store/button_Add' is clicked on

2018-06-10 01:42:01 - [MESSAGE][PASSED] - Object: 'Object Repository/DispensaryToCms/Page_Dispensary Store/button_Add' is clicked on

2018-06-10 01:42:01 - [TEST_STEP][PASSED] - delay: Delayed 1 second(s)

2018-06-10 01:42:02 - [MESSAGE][PASSED] - Delayed 1 second(s)

2018-06-10 01:42:02 - [TEST_STEP][PASSED] - selectOptionByIndex: All options with index in [1] are selected on object 'Object Repository/DispensaryToCms/Page_Dispensary Store/select_--Select--Schedule 1Inj'

2018-06-10 01:42:02 - [MESSAGE][PASSED] - All options with index in [1] are selected on object 'Object Repository/DispensaryToCms/Page_Dispensary Store/select_--Select--Schedule 1Inj'

2018-06-10 01:42:02 - [TEST_STEP][PASSED] - delay: Delayed 1 second(s)

2018-06-10 01:42:03 - [MESSAGE][PASSED] - Delayed 1 second(s)

2018-06-10 01:42:03 - [TEST_STEP][PASSED] - selectOptionByIndex: All options with index in [60] are selected on object 'Object Repository/DispensaryToCms/Page_Dispensary Store/select_--Select--Adernaline 0.'

2018-06-10 01:42:04 - [MESSAGE][PASSED] - All options with index in [60] are selected on object 'Object Repository/DispensaryToCms/Page_Dispensary Store/select_--Select--Adernaline 0.'

2018-06-10 01:42:04 - [TEST_STEP][PASSED] - setText: Text '100' is set on object 'Object Repository/DispensaryToCms/Page_Dispensary Store/input_txttreat'

2018-06-10 01:42:04 - [MESSAGE][PASSED] - Text '100' is set on object 'Object Repository/DispensaryToCms/Page_Dispensary Store/input_txttreat'

2018-06-10 01:42:04 - [TEST_STEP][PASSED] - click: Object: 'Object Repository/DispensaryToCms/Page_Dispensary Store/button_Add' is clicked on

2018-06-10 01:42:04 - [MESSAGE][PASSED] - Object: 'Object Repository/DispensaryToCms/Page_Dispensary Store/button_Add' is clicked on

2018-06-10 01:42:04 - [TEST_STEP][PASSED] - delay: Delayed 1 second(s)

2018-06-10 01:42:05 - [MESSAGE][PASSED] - Delayed 1 second(s)

2018-06-10 01:42:05 - [TEST_STEP][PASSED] - selectOptionByIndex: All options with index in [1] are selected on object 'Object Repository/DispensaryToCms/Page_Dispensary Store/select_--Select--Schedule 1Inj'

2018-06-10 01:42:05 - [MESSAGE][PASSED] - All options with index in [1] are selected on object 'Object Repository/DispensaryToCms/Page_Dispensary Store/select_--Select--Schedule 1Inj'

2018-06-10 01:42:05 - [TEST_STEP][PASSED] - delay: Delayed 1 second(s)

2018-06-10 01:42:06 - [MESSAGE][PASSED] - Delayed 1 second(s)

2018-06-10 01:42:06 - [TEST_STEP][PASSED] - selectOptionByIndex: All options with index in [61] are selected on object 'Object Repository/DispensaryToCms/Page_Dispensary Store/select_--Select--Adernaline 0.'

2018-06-10 01:42:07 - [MESSAGE][PASSED] - All options with index in [61] are selected on object 'Object Repository/DispensaryToCms/Page_Dispensary Store/select_--Select--Adernaline 0.'

2018-06-10 01:42:07 - [TEST_STEP][PASSED] - setText: Text '100' is set on object 'Object Repository/DispensaryToCms/Page_Dispensary Store/input_txttreat'

2018-06-10 01:42:07 - [MESSAGE][PASSED] - Text '100' is set on object 'Object Repository/DispensaryToCms/Page_Dispensary Store/input_txttreat'

2018-06-10 01:42:07 - [TEST_STEP][PASSED] - click: Object: 'Object Repository/DispensaryToCms/Page_Dispensary Store/button_Add' is clicked on

2018-06-10 01:42:07 - [MESSAGE][PASSED] - Object: 'Object Repository/DispensaryToCms/Page_Dispensary Store/button_Add' is clicked on

2018-06-10 01:42:07 - [TEST_STEP][PASSED] - delay: Delayed 1 second(s)

2018-06-10 01:42:08 - [MESSAGE][PASSED] - Delayed 1 second(s)

2018-06-10 01:42:08 - [TEST_STEP][PASSED] - selectOptionByIndex: All options with index in [1] are selected on object 'Object Repository/DispensaryToCms/Page_Dispensary Store/select_--Select--Schedule 1Inj'

2018-06-10 01:42:08 - [MESSAGE][PASSED] - All options with index in [1] are selected on object 'Object Repository/DispensaryToCms/Page_Dispensary Store/select_--Select--Schedule 1Inj'

2018-06-10 01:42:08 - [TEST_STEP][PASSED] - delay: Delayed 1 second(s)

2018-06-10 01:42:09 - [MESSAGE][PASSED] - Delayed 1 second(s)

2018-06-10 01:42:09 - [TEST_STEP][PASSED] - selectOptionByIndex: All options with index in [62] are selected on object 'Object Repository/DispensaryToCms/Page_Dispensary Store/select_--Select--Adernaline 0.'

2018-06-10 01:42:10 - [MESSAGE][PASSED] - All options with index in [62] are selected on object 'Object Repository/DispensaryToCms/Page_Dispensary Store/select_--Select--Adernaline 0.'

2018-06-10 01:42:10 - [TEST_STEP][PASSED] - setText: Text '100' is set on object 'Object Repository/DispensaryToCms/Page_Dispensary Store/input_txttreat'

2018-06-10 01:42:10 - [MESSAGE][PASSED] - Text '100' is set on object 'Object Repository/DispensaryToCms/Page_Dispensary Store/input_txttreat'

2018-06-10 01:42:10 - [TEST_STEP][PASSED] - click: Object: 'Object Repository/DispensaryToCms/Page_Dispensary Store/button_Add' is clicked on

2018-06-10 01:42:10 - [MESSAGE][PASSED] - Object: 'Object Repository/DispensaryToCms/Page_Dispensary Store/button_Add' is clicked on

2018-06-10 01:42:10 - [TEST_STEP][PASSED] - delay: Delayed 1 second(s)

2018-06-10 01:42:11 - [MESSAGE][PASSED] - Delayed 1 second(s)

2018-06-10 01:42:11 - [TEST_STEP][PASSED] - scrollToElement: Scroll to object 'Object Repository/DispensaryToCms/Page_Dispensary Store/input_btnsave' successfully

2018-06-10 01:42:11 - [MESSAGE][PASSED] - Scroll to object 'Object Repository/DispensaryToCms/Page_Dispensary Store/input_btnsave' successfully

2018-06-10 01:42:11 - [TEST_STEP][PASSED] - click: Object: 'Object Repository/DispensaryToCms/Page_Dispensary Store/input_btnsave' is clicked on

2018-06-10 01:42:11 - [MESSAGE][PASSED] - Object: 'Object Repository/DispensaryToCms/Page_Dispensary Store/input_btnsave' is clicked on

2018-06-10 01:42:11 - [TEST_STEP][PASSED] - delay: Delayed 3 second(s)

2018-06-10 01:42:14 - [MESSAGE][PASSED] - Delayed 3 second(s)

2018-06-10 01:42:14 - [TEST_STEP][PASSED] - Statement - RN1 = com.kms.katalon.core.webui.keyword.WebUiBuiltInKeywords.getText(com.kms.katalon.core.testobject.ObjectRepository.findTestObject(DispensaryToCms/Page_Dispensary Store/font_PRNO18052018174)): Text of object 'Object Repository/DispensaryToCms/Page_Dispensary Store/font_PRNO18052018174' is: 'PRNO/10062018/756'

2018-06-10 01:42:14 - [MESSAGE][PASSED] - Text of object 'Object Repository/DispensaryToCms/Page_Dispensary Store/font_PRNO18052018174' is: 'PRNO/10062018/756'

2018-06-10 01:42:14 - [TEST_STEP][PASSED] - Statement - out.println(RN1): null

2018-06-10 01:42:14 - [TEST_STEP][PASSED] - Statement - RID = RN1.split("/")[2]: null

2018-06-10 01:42:14 - [TEST_STEP][PASSED] - click: Object: 'Object Repository/DispensaryToCms/Page_Dispensary Store/button_OK' is clicked on

2018-06-10 01:42:15 - [MESSAGE][PASSED] - Object: 'Object Repository/DispensaryToCms/Page_Dispensary Store/button_OK' is clicked on

2018-06-10 01:42:15 - [TEST_STEP][PASSED] - delay: Delayed 3 second(s)

2018-06-10 01:42:18 - [MESSAGE][PASSED] - Delayed 3 second(s)

2018-06-10 01:42:18 - [TEST_STEP][PASSED] - waitForElementPresent: Object 'Object Repository/DispensaryToStore/Page_Dispensary Store/a_dropdown-toggle' is present

2018-06-10 01:42:18 - [MESSAGE][PASSED] - Object 'Object Repository/DispensaryToStore/Page_Dispensary Store/a_dropdown-toggle' is present

2018-06-10 01:42:18 - [TEST_STEP][PASSED] - click: Object: 'Object Repository/DispensaryToCms/Page_Dispensary Store/a_dropdown-toggle' is clicked on

2018-06-10 01:42:18 - [MESSAGE][PASSED] - Object: 'Object Repository/DispensaryToCms/Page_Dispensary Store/a_dropdown-toggle' is clicked on

2018-06-10 01:42:18 - [TEST_STEP][PASSED] - click: Object: 'Object Repository/DispensaryToCms/Page_Dispensary Store/a_Sign out' is clicked on

2018-06-10 01:42:19 - [MESSAGE][PASSED] - Object: 'Object Repository/DispensaryToCms/Page_Dispensary Store/a_Sign out' is clicked on

2018-06-10 01:42:19 - [TEST_STEP][PASSED] - delay: Delayed 3 second(s)

2018-06-10 01:42:22 - [MESSAGE][PASSED] - Delayed 3 second(s)

2018-06-10 01:42:22 - [TEST_STEP][PASSED] - navigateToUrl: Navigate to 'http://192.168.137.1/multihospital_new/' successfully

2018-06-10 01:42:22 - [MESSAGE][PASSED] - Navigate to 'http://192.168.137.1/multihospital_new/' successfully

2018-06-10 01:42:22 - [TEST_STEP][PASSED] - click: Object: 'Object Repository/DispensaryToCms/Page_KDMC/a_CMO' is clicked on

2018-06-10 01:42:23 - [MESSAGE][PASSED] - Object: 'Object Repository/DispensaryToCms/Page_KDMC/a_CMO' is clicked on

2018-06-10 01:42:23 - [TEST_STEP][PASSED] - setText: Text 'guru' is set on object 'Object Repository/DispensaryToCms/Page_CMO login/input_txtusername'

2018-06-10 01:42:23 - [MESSAGE][PASSED] - Text 'guru' is set on object 'Object Repository/DispensaryToCms/Page_CMO login/input_txtusername'

2018-06-10 01:42:23 - [TEST_STEP][PASSED] - setText: Text '123' is set on object 'Object Repository/DispensaryToCms/Page_CMO login/input_txtpassword'

2018-06-10 01:42:23 - [MESSAGE][PASSED] - Text '123' is set on object 'Object Repository/DispensaryToCms/Page_CMO login/input_txtpassword'

2018-06-10 01:42:23 - [TEST_STEP][PASSED] - delay: Delayed 3 second(s)

2018-06-10 01:42:26 - [MESSAGE][PASSED] - Delayed 3 second(s)

2018-06-10 01:42:26 - [TEST_STEP][PASSED] - click: Object: 'Object Repository/DispensaryToCms/Page_CMO login/button_Sign in' is clicked on

2018-06-10 01:42:27 - [MESSAGE][PASSED] - Object: 'Object Repository/DispensaryToCms/Page_CMO login/button_Sign in' is clicked on

2018-06-10 01:42:27 - [TEST_STEP][PASSED] - delay: Delayed 3 second(s)

2018-06-10 01:42:30 - [MESSAGE][PASSED] - Delayed 3 second(s)

2018-06-10 01:42:30 - [TEST_STEP][PASSED] - click: Object: 'Object Repository/DispensaryToCms/Page_KDMC - CMO/a_CMS Request' is clicked on

2018-06-10 01:42:30 - [MESSAGE][PASSED] - Object: 'Object Repository/DispensaryToCms/Page_KDMC - CMO/a_CMS Request' is clicked on

2018-06-10 01:42:30 - [TEST_STEP][PASSED] - delay: Delayed 2 second(s)

2018-06-10 01:42:32 - [MESSAGE][PASSED] - Delayed 2 second(s)

2018-06-10 01:42:32 - [TEST_STEP][PASSED] - click: Object: 'Object Repository/DispensaryToCms/Page_KDMC - CMO/a_Dispensary Store Request' is clicked on

2018-06-10 01:42:33 - [MESSAGE][PASSED] - Object: 'Object Repository/DispensaryToCms/Page_KDMC - CMO/a_Dispensary Store Request' is clicked on

2018-06-10 01:42:33 - [TEST_STEP][PASSED] - selectOptionByIndex: All options with index in [1] are selected on object 'Object Repository/DispensaryToCms/Page_KDMC - CMO/select_--ALL--'

2018-06-10 01:42:33 - [MESSAGE][PASSED] - All options with index in [1] are selected on object 'Object Repository/DispensaryToCms/Page_KDMC - CMO/select_--ALL--'

2018-06-10 01:42:33 - [TEST_STEP][PASSED] - click: Object: 'Object Repository/DispensaryToCms/Page_KDMC - CMO/input_btnsearch' is clicked on

2018-06-10 01:42:33 - [MESSAGE][PASSED] - Object: 'Object Repository/DispensaryToCms/Page_KDMC - CMO/input_btnsearch' is clicked on

2018-06-10 01:42:33 - [TEST_STEP][PASSED] - Statement - ID = com.kms.katalon.core.webui.keyword.WebUiBuiltInKeywords.modifyObjectProperty(com.kms.katalon.core.testobject.ObjectRepository.findTestObject(lab/Page_KDMC - CMO/input_1), "xpath", "equals", "//*[@id=" + RID + "]", true): Modify property of object successfully

2018-06-10 01:42:33 - [MESSAGE][PASSED] - Modify property of object successfully

2018-06-10 01:42:33 - [TEST_STEP][PASSED] - click: Object: 'Object Repository/lab/Page_KDMC - CMO/input_1' is clicked on

2018-06-10 01:42:33 - [MESSAGE][PASSED] - Object: 'Object Repository/lab/Page_KDMC - CMO/input_1' is clicked on

2018-06-10 01:42:33 - [TEST_STEP][PASSED] - delay: Delayed 2 second(s)

2018-06-10 01:42:35 - [MESSAGE][PASSED] - Delayed 2 second(s)

2018-06-10 01:42:35 - [TEST_STEP][PASSED] - selectOptionByIndex: All options with index in [1] are selected on object 'Object Repository/DispensaryToCms/Page_KDMC - CMO/select_--Select--'

2018-06-10 01:42:36 - [MESSAGE][PASSED] - All options with index in [1] are selected on object 'Object Repository/DispensaryToCms/Page_KDMC - CMO/select_--Select--'

2018-06-10 01:42:36 - [TEST_STEP][PASSED] - click: Object: 'Object Repository/DispensaryToCms/Page_KDMC - CMO/input_btnupdate' is clicked on

2018-06-10 01:42:36 - [MESSAGE][PASSED] - Object: 'Object Repository/DispensaryToCms/Page_KDMC - CMO/input_btnupdate' is clicked on

2018-06-10 01:42:36 - [TEST_STEP][PASSED] - delay: Delayed 2 second(s)

2018-06-10 01:42:38 - [MESSAGE][PASSED] - Delayed 2 second(s)

2018-06-10 01:42:38 - [TEST_STEP][PASSED] - click: Object: 'Object Repository/DispensaryToCms/Page_KDMC - CMO/button_OK' is clicked on

2018-06-10 01:42:38 - [MESSAGE][PASSED] - Object: 'Object Repository/DispensaryToCms/Page_KDMC - CMO/button_OK' is clicked on

2018-06-10 01:42:38 - [TEST_STEP][PASSED] - delay: Delayed 3 second(s)

2018-06-10 01:42:41 - [MESSAGE][PASSED] - Delayed 3 second(s)

2018-06-10 01:42:41 - [TEST_STEP][PASSED] - waitForElementPresent: Object 'Object Repository/DispensaryToStore/Page_Dispensary Store/a_dropdown-toggle' is not present after 20 second(s)

2018-06-10 01:43:02 - [MESSAGE][WARNING] - Object 'Object Repository/DispensaryToStore/Page_Dispensary Store/a_dropdown-toggle' is not present after 20 second(s)

2018-06-10 01:43:02 - [TEST_STEP][PASSED] - click: Object: 'Object Repository/DispensaryToCms/Page_KDMC - CMO/a_dropdown-toggle' is clicked on

2018-06-10 01:43:02 - [MESSAGE][PASSED] - Object: 'Object Repository/DispensaryToCms/Page_KDMC - CMO/a_dropdown-toggle' is clicked on

2018-06-10 01:43:02 - [TEST_STEP][PASSED] - click: Object: 'Object Repository/DispensaryToCms/Page_KDMC - CMO/a_Sign out' is clicked on

2018-06-10 01:43:02 - [MESSAGE][PASSED] - Object: 'Object Repository/DispensaryToCms/Page_KDMC - CMO/a_Sign out' is clicked on

2018-06-10 01:43:02 - [TEST_STEP][PASSED] - delay: Delayed 3 second(s)

2018-06-10 01:43:05 - [MESSAGE][PASSED] - Delayed 3 second(s)

2018-06-10 01:43:05 - [TEST_STEP][PASSED] - click: Object: 'Object Repository/DispensaryToCms/Page_KDMC/a_CMS' is clicked on

2018-06-10 01:43:06 - [MESSAGE][PASSED] - Object: 'Object Repository/DispensaryToCms/Page_KDMC/a_CMS' is clicked on

2018-06-10 01:43:06 - [TEST_STEP][PASSED] - setText: Text 'bala' is set on object 'Object Repository/DispensaryToCms/Page_CMS login/input_txtusername'

2018-06-10 01:43:06 - [MESSAGE][PASSED] - Text 'bala' is set on object 'Object Repository/DispensaryToCms/Page_CMS login/input_txtusername'

2018-06-10 01:43:06 - [TEST_STEP][PASSED] - setText: Text '123' is set on object 'Object Repository/DispensaryToCms/Page_CMS login/input_txtpassword'

2018-06-10 01:43:06 - [MESSAGE][PASSED] - Text '123' is set on object 'Object Repository/DispensaryToCms/Page_CMS login/input_txtpassword'

2018-06-10 01:43:06 - [TEST_STEP][PASSED] - delay: Delayed 3 second(s)

2018-06-10 01:43:09 - [MESSAGE][PASSED] - Delayed 3 second(s)

2018-06-10 01:43:09 - [TEST_STEP][PASSED] - click: Object: 'Object Repository/DispensaryToCms/Page_CMS login/button_Sign in' is clicked on

2018-06-10 01:43:10 - [MESSAGE][PASSED] - Object: 'Object Repository/DispensaryToCms/Page_CMS login/button_Sign in' is clicked on

2018-06-10 01:43:10 - [TEST_STEP][PASSED] - delay: Delayed 3 second(s)

2018-06-10 01:43:13 - [MESSAGE][PASSED] - Delayed 3 second(s)

2018-06-10 01:43:13 - [TEST_STEP][PASSED] - click: Object: 'Object Repository/DispensaryToCms/Page_KDMC - CMS/a_Divisional Store' is clicked on

2018-06-10 01:43:13 - [MESSAGE][PASSED] - Object: 'Object Repository/DispensaryToCms/Page_KDMC - CMS/a_Divisional Store' is clicked on

2018-06-10 01:43:13 - [TEST_STEP][PASSED] - delay: Delayed 2 second(s)

2018-06-10 01:43:15 - [MESSAGE][PASSED] - Delayed 2 second(s)

2018-06-10 01:43:15 - [TEST_STEP][PASSED] - click: Object: 'Object Repository/DispensaryToCms/Page_KDMC - CMS/a_Dispatch Items' is clicked on

2018-06-10 01:43:15 - [MESSAGE][PASSED] - Object: 'Object Repository/DispensaryToCms/Page_KDMC - CMS/a_Dispatch Items' is clicked on

2018-06-10 01:43:15 - [TEST_STEP][PASSED] - delay: Delayed 2 second(s)

2018-06-10 01:43:17 - [MESSAGE][PASSED] - Delayed 2 second(s)

2018-06-10 01:43:17 - [TEST_STEP][PASSED] - setText: Text 'PRNO/10062018/756' is set on object 'Object Repository/DispensaryToCms/Page_KDMC - CMS/input'

2018-06-10 01:43:17 - [MESSAGE][PASSED] - Text 'PRNO/10062018/756' is set on object 'Object Repository/DispensaryToCms/Page_KDMC - CMS/input'

2018-06-10 01:43:17 - [TEST_STEP][PASSED] - click: Object: 'Object Repository/DispensaryToCms/Page_KDMC - CMS/input_PRNO18052018174' is clicked on

2018-06-10 01:43:18 - [MESSAGE][PASSED] - Object: 'Object Repository/DispensaryToCms/Page_KDMC - CMS/input_PRNO18052018174' is clicked on

2018-06-10 01:43:18 - [TEST_STEP][PASSED] - delay: Delayed 3 second(s)

2018-06-10 01:43:21 - [MESSAGE][PASSED] - Delayed 3 second(s)

2018-06-10 01:43:21 - [TEST_STEP][PASSED] - Statement - out.println("Length : " + medicineslength): null

2018-06-10 01:43:21 - [TEST_STEP][PASSED] - Statement - For ([row = 0, row < medicineslength - 1, (row++)]): null

2018-06-10 01:43:21 - [TEST_STEP][PASSED] - Statement - batchlength = new com.kms.katalon.core.testobject.TestObject(): null

2018-06-10 01:43:21 - [TEST_STEP][PASSED] - Statement - batchlength = com.kms.katalon.core.webui.keyword.WebUiBuiltInKeywords.modifyObjectProperty(batchlength, "xpath", "equals", "//*[@id = "fldvendor" + row + ""]", true): Modify property of object successfully

2018-06-10 01:43:21 - [MESSAGE][PASSED] - Modify property of object successfully

2018-06-10 01:43:21 - [TEST_STEP][PASSED] - Statement - batchsize = com.kms.katalon.core.webui.keyword.WebUiBuiltInKeywords.getNumberOfTotalOption(batchlength): 16 options of object '' counted

2018-06-10 01:43:21 - [MESSAGE][PASSED] - 16 options of object '' counted

2018-06-10 01:43:21 - [TEST_STEP][PASSED] - Statement - out.println("BatchSize : " + batchsize): null

2018-06-10 01:43:21 - [TEST_STEP][PASSED] - Statement - For ([n = 1, n <= batchsize - 1, (n++)]): null

2018-06-10 01:43:21 - [TEST_STEP][PASSED] - Statement - product = new com.kms.katalon.core.testobject.TestObject(): null

2018-06-10 01:43:21 - [TEST_STEP][PASSED] - Statement - product = com.kms.katalon.core.webui.keyword.WebUiBuiltInKeywords.modifyObjectProperty(product, "xpath", "equals", "//*[@id = "fldvendor" + row + ""]", true): Modify property of object successfully

2018-06-10 01:43:21 - [MESSAGE][PASSED] - Modify property of object successfully

2018-06-10 01:43:21 - [TEST_STEP][PASSED] - selectOptionByIndex: All options with index in [1] are selected on object ''

2018-06-10 01:43:21 - [MESSAGE][PASSED] - All options with index in [1] are selected on object ''

2018-06-10 01:43:21 - [TEST_STEP][PASSED] - Statement - batch = new com.kms.katalon.core.testobject.TestObject(): null

2018-06-10 01:43:21 - [TEST_STEP][PASSED] - Statement - batch = com.kms.katalon.core.webui.keyword.WebUiBuiltInKeywords.modifyObjectProperty(batch, "xpath", "equals", "//*[@id = "txtbthqty" + row + ""]", true): Modify property of object successfully

2018-06-10 01:43:21 - [MESSAGE][PASSED] - Modify property of object successfully

2018-06-10 01:43:21 - [TEST_STEP][PASSED] - Statement - batchqty = com.kms.katalon.core.webui.keyword.WebUiBuiltInKeywords.getAttribute(batch, "value").trim(): Attribute 'value' of object '' is: ''

2018-06-10 01:43:21 - [MESSAGE][PASSED] - Attribute 'value' of object '' is: ''

2018-06-10 01:43:21 - [TEST_STEP][PASSED] - Statement - Rqty = 100: null

2018-06-10 01:43:21 - [TEST_STEP][PASSED] - delay: Delayed 2 second(s)

2018-06-10 01:43:23 - [MESSAGE][PASSED] - Delayed 2 second(s)

2018-06-10 01:43:23 - [TEST_STEP][PASSED] - Statement - out.println("BatchQty : " + batchqty): null

2018-06-10 01:43:23 - [TEST_STEP][PASSED] - Statement - out.println("RQty : " + Rqty): null

2018-06-10 01:43:23 - [TEST_STEP][PASSED] - Statement - If (java.lang.Integer.valueOf(batchqty) >= java.lang.Integer.valueOf(Rqty)): null]]></system-out>
         <system-err><![CDATA[2018-06-10 01:38:59 - [TEST_CASE][ERROR] - Test Cases/DISPENSARY TEST CASES/TC_DP_013 Verify Schedule 1 Dispensary To CMS Request Are Working Successfully Or Not: Test Cases/DISPENSARY TEST CASES/TC_DP_013 Verify Schedule 1 Dispensary To CMS Request Are Working Successfully Or Not FAILED because (of) java.lang.NumberFormatException: For input string: ""]]></system-err>
      </testcase>
      <testcase name="Test Cases/DISPENSARY TEST CASES/TC_DP_023 Verify Schedule 11 Dispensary To CMS Request Are Working Successfully Or Not" classname="Test Cases/DISPENSARY TEST CASES/TC_DP_023 Verify Schedule 11 Dispensary To CMS Request Are Working Successfully Or Not" status="PASSED">
         <system-out><![CDATA[2018-06-10 01:43:23 - [TEST_CASE][PASSED] - Test Cases/DISPENSARY TEST CASES/TC_DP_023 Verify Schedule 11 Dispensary To CMS Request Are Working Successfully Or Not: Test Cases/DISPENSARY TEST CASES/TC_DP_023 Verify Schedule 11 Dispensary To CMS Request Are Working Successfully Or Not

2018-06-10 01:43:24 - [TEST_STEP][PASSED] - openBrowser: Browser is opened with url: ''

2018-06-10 01:43:24 - [MESSAGE][WARNING] - A browser is already opened. Closing browser and opening a new one

2018-06-10 01:43:26 - [MESSAGE][PASSED] - Browser is opened with url: ''

2018-06-10 01:43:26 - [TEST_STEP][PASSED] - navigateToUrl: Navigate to 'http://192.168.137.1/multihospital_new/HDSplashscreen.aspx' successfully

2018-06-10 01:43:28 - [MESSAGE][PASSED] - Navigate to 'http://192.168.137.1/multihospital_new/HDSplashscreen.aspx' successfully

2018-06-10 01:43:28 - [TEST_STEP][PASSED] - maximizeWindow: Current window maximized

2018-06-10 01:43:29 - [MESSAGE][PASSED] - Current window maximized

2018-06-10 01:43:29 - [TEST_STEP][PASSED] - click: Object: 'Object Repository/DispensaryToCms/Page_KDMC/a_Dispensary Store' is clicked on

2018-06-10 01:43:30 - [MESSAGE][PASSED] - Object: 'Object Repository/DispensaryToCms/Page_KDMC/a_Dispensary Store' is clicked on

2018-06-10 01:43:30 - [TEST_STEP][PASSED] - setText: Text 'rajaram' is set on object 'Object Repository/DispensaryToCms/Page_Dispensary Store Login/input_txtusername'

2018-06-10 01:43:30 - [MESSAGE][PASSED] - Text 'rajaram' is set on object 'Object Repository/DispensaryToCms/Page_Dispensary Store Login/input_txtusername'

2018-06-10 01:43:30 - [TEST_STEP][PASSED] - setText: Text '123' is set on object 'Object Repository/DispensaryToCms/Page_Dispensary Store Login/input_txtpassword'

2018-06-10 01:43:31 - [MESSAGE][PASSED] - Text '123' is set on object 'Object Repository/DispensaryToCms/Page_Dispensary Store Login/input_txtpassword'

2018-06-10 01:43:31 - [TEST_STEP][PASSED] - delay: Delayed 3 second(s)

2018-06-10 01:43:34 - [MESSAGE][PASSED] - Delayed 3 second(s)

2018-06-10 01:43:34 - [TEST_STEP][PASSED] - click: Object: 'Object Repository/DispensaryToCms/Page_Dispensary Store Login/button_Sign in' is clicked on

2018-06-10 01:43:34 - [MESSAGE][PASSED] - Object: 'Object Repository/DispensaryToCms/Page_Dispensary Store Login/button_Sign in' is clicked on

2018-06-10 01:43:34 - [TEST_STEP][PASSED] - delay: Delayed 3 second(s)

2018-06-10 01:43:37 - [MESSAGE][PASSED] - Delayed 3 second(s)

2018-06-10 01:43:37 - [TEST_STEP][PASSED] - click: Object: 'Object Repository/DispensaryToCms/Page_Dispensary Store/a_CMS' is clicked on

2018-06-10 01:43:37 - [MESSAGE][PASSED] - Object: 'Object Repository/DispensaryToCms/Page_Dispensary Store/a_CMS' is clicked on

2018-06-10 01:43:37 - [TEST_STEP][PASSED] - click: Object: 'Object Repository/DispensaryToCms/Page_Dispensary Store/a_Request Send' is clicked on

2018-06-10 01:43:38 - [MESSAGE][PASSED] - Object: 'Object Repository/DispensaryToCms/Page_Dispensary Store/a_Request Send' is clicked on

2018-06-10 01:43:38 - [TEST_STEP][PASSED] - delay: Delayed 2 second(s)

2018-06-10 01:43:40 - [MESSAGE][PASSED] - Delayed 2 second(s)

2018-06-10 01:43:40 - [TEST_STEP][PASSED] - selectOptionByIndex: All options with index in [2] are selected on object 'Object Repository/DispensaryToCms/Page_Dispensary Store/select_--Select--'

2018-06-10 01:43:40 - [MESSAGE][PASSED] - All options with index in [2] are selected on object 'Object Repository/DispensaryToCms/Page_Dispensary Store/select_--Select--'

2018-06-10 01:43:40 - [TEST_STEP][PASSED] - selectOptionByIndex: All options with index in [11] are selected on object 'Object Repository/DispensaryToCms/Page_Dispensary Store/select_--Select--Schedule 1Inj'

2018-06-10 01:43:40 - [MESSAGE][PASSED] - All options with index in [11] are selected on object 'Object Repository/DispensaryToCms/Page_Dispensary Store/select_--Select--Schedule 1Inj'

2018-06-10 01:43:40 - [TEST_STEP][PASSED] - Statement - medicineslength = com.kms.katalon.core.webui.keyword.WebUiBuiltInKeywords.getNumberOfTotalOption(com.kms.katalon.core.testobject.ObjectRepository.findTestObject(DispensaryToCms/Page_Dispensary Store/select_--Select--Adernaline 0.)): 81 options of object 'Object Repository/DispensaryToCms/Page_Dispensary Store/select_--Select--Adernaline 0.' counted

2018-06-10 01:43:40 - [MESSAGE][PASSED] - 81 options of object 'Object Repository/DispensaryToCms/Page_Dispensary Store/select_--Select--Adernaline 0.' counted

2018-06-10 01:43:40 - [TEST_STEP][PASSED] - Statement - For ([e = 1, e <= medicineslength - 1, (e++)]): Delayed 1 second(s)

2018-06-10 01:43:40 - [TEST_STEP][PASSED] - selectOptionByIndex: All options with index in [11] are selected on object 'Object Repository/DispensaryToCms/Page_Dispensary Store/select_--Select--Schedule 1Inj'

2018-06-10 01:43:41 - [MESSAGE][PASSED] - All options with index in [11] are selected on object 'Object Repository/DispensaryToCms/Page_Dispensary Store/select_--Select--Schedule 1Inj'

2018-06-10 01:43:41 - [TEST_STEP][PASSED] - delay: Delayed 1 second(s)

2018-06-10 01:43:42 - [MESSAGE][PASSED] - Delayed 1 second(s)

2018-06-10 01:43:42 - [TEST_STEP][PASSED] - selectOptionByIndex: All options with index in [1] are selected on object 'Object Repository/DispensaryToCms/Page_Dispensary Store/select_--Select--Adernaline 0.'

2018-06-10 01:43:42 - [MESSAGE][PASSED] - All options with index in [1] are selected on object 'Object Repository/DispensaryToCms/Page_Dispensary Store/select_--Select--Adernaline 0.'

2018-06-10 01:43:42 - [TEST_STEP][PASSED] - setText: Text '100' is set on object 'Object Repository/DispensaryToCms/Page_Dispensary Store/input_txttreat'

2018-06-10 01:43:42 - [MESSAGE][PASSED] - Text '100' is set on object 'Object Repository/DispensaryToCms/Page_Dispensary Store/input_txttreat'

2018-06-10 01:43:42 - [TEST_STEP][PASSED] - click: Object: 'Object Repository/DispensaryToCms/Page_Dispensary Store/button_Add' is clicked on

2018-06-10 01:43:42 - [MESSAGE][PASSED] - Object: 'Object Repository/DispensaryToCms/Page_Dispensary Store/button_Add' is clicked on

2018-06-10 01:43:42 - [TEST_STEP][PASSED] - delay: Delayed 1 second(s)

2018-06-10 01:43:43 - [MESSAGE][PASSED] - Delayed 1 second(s)

2018-06-10 01:43:43 - [TEST_STEP][PASSED] - selectOptionByIndex: All options with index in [11] are selected on object 'Object Repository/DispensaryToCms/Page_Dispensary Store/select_--Select--Schedule 1Inj'

2018-06-10 01:43:43 - [MESSAGE][PASSED] - All options with index in [11] are selected on object 'Object Repository/DispensaryToCms/Page_Dispensary Store/select_--Select--Schedule 1Inj'

2018-06-10 01:43:43 - [TEST_STEP][PASSED] - delay: Delayed 1 second(s)

2018-06-10 01:43:44 - [MESSAGE][PASSED] - Delayed 1 second(s)

2018-06-10 01:43:44 - [TEST_STEP][PASSED] - selectOptionByIndex: All options with index in [2] are selected on object 'Object Repository/DispensaryToCms/Page_Dispensary Store/select_--Select--Adernaline 0.'

2018-06-10 01:43:44 - [MESSAGE][PASSED] - All options with index in [2] are selected on object 'Object Repository/DispensaryToCms/Page_Dispensary Store/select_--Select--Adernaline 0.'

2018-06-10 01:43:44 - [TEST_STEP][PASSED] - setText: Text '100' is set on object 'Object Repository/DispensaryToCms/Page_Dispensary Store/input_txttreat'

2018-06-10 01:43:44 - [MESSAGE][PASSED] - Text '100' is set on object 'Object Repository/DispensaryToCms/Page_Dispensary Store/input_txttreat'

2018-06-10 01:43:44 - [TEST_STEP][PASSED] - click: Object: 'Object Repository/DispensaryToCms/Page_Dispensary Store/button_Add' is clicked on

2018-06-10 01:43:44 - [MESSAGE][PASSED] - Object: 'Object Repository/DispensaryToCms/Page_Dispensary Store/button_Add' is clicked on

2018-06-10 01:43:44 - [TEST_STEP][PASSED] - delay: Delayed 1 second(s)

2018-06-10 01:43:45 - [MESSAGE][PASSED] - Delayed 1 second(s)

2018-06-10 01:43:45 - [TEST_STEP][PASSED] - selectOptionByIndex: All options with index in [11] are selected on object 'Object Repository/DispensaryToCms/Page_Dispensary Store/select_--Select--Schedule 1Inj'

2018-06-10 01:43:46 - [MESSAGE][PASSED] - All options with index in [11] are selected on object 'Object Repository/DispensaryToCms/Page_Dispensary Store/select_--Select--Schedule 1Inj'

2018-06-10 01:43:46 - [TEST_STEP][PASSED] - delay: Delayed 1 second(s)

2018-06-10 01:43:47 - [MESSAGE][PASSED] - Delayed 1 second(s)

2018-06-10 01:43:47 - [TEST_STEP][PASSED] - selectOptionByIndex: All options with index in [3] are selected on object 'Object Repository/DispensaryToCms/Page_Dispensary Store/select_--Select--Adernaline 0.'

2018-06-10 01:43:47 - [MESSAGE][PASSED] - All options with index in [3] are selected on object 'Object Repository/DispensaryToCms/Page_Dispensary Store/select_--Select--Adernaline 0.'

2018-06-10 01:43:47 - [TEST_STEP][PASSED] - setText: Text '100' is set on object 'Object Repository/DispensaryToCms/Page_Dispensary Store/input_txttreat'

2018-06-10 01:43:47 - [MESSAGE][PASSED] - Text '100' is set on object 'Object Repository/DispensaryToCms/Page_Dispensary Store/input_txttreat'

2018-06-10 01:43:47 - [TEST_STEP][PASSED] - click: Object: 'Object Repository/DispensaryToCms/Page_Dispensary Store/button_Add' is clicked on

2018-06-10 01:43:47 - [MESSAGE][PASSED] - Object: 'Object Repository/DispensaryToCms/Page_Dispensary Store/button_Add' is clicked on

2018-06-10 01:43:47 - [TEST_STEP][PASSED] - delay: Delayed 1 second(s)

2018-06-10 01:43:48 - [MESSAGE][PASSED] - Delayed 1 second(s)

2018-06-10 01:43:48 - [TEST_STEP][PASSED] - selectOptionByIndex: All options with index in [11] are selected on object 'Object Repository/DispensaryToCms/Page_Dispensary Store/select_--Select--Schedule 1Inj'

2018-06-10 01:43:48 - [MESSAGE][PASSED] - All options with index in [11] are selected on object 'Object Repository/DispensaryToCms/Page_Dispensary Store/select_--Select--Schedule 1Inj'

2018-06-10 01:43:48 - [TEST_STEP][PASSED] - delay: Delayed 1 second(s)

2018-06-10 01:43:49 - [MESSAGE][PASSED] - Delayed 1 second(s)

2018-06-10 01:43:49 - [TEST_STEP][PASSED] - selectOptionByIndex: All options with index in [4] are selected on object 'Object Repository/DispensaryToCms/Page_Dispensary Store/select_--Select--Adernaline 0.'

2018-06-10 01:43:49 - [MESSAGE][PASSED] - All options with index in [4] are selected on object 'Object Repository/DispensaryToCms/Page_Dispensary Store/select_--Select--Adernaline 0.'

2018-06-10 01:43:49 - [TEST_STEP][PASSED] - setText: Text '100' is set on object 'Object Repository/DispensaryToCms/Page_Dispensary Store/input_txttreat'

2018-06-10 01:43:50 - [MESSAGE][PASSED] - Text '100' is set on object 'Object Repository/DispensaryToCms/Page_Dispensary Store/input_txttreat'

2018-06-10 01:43:50 - [TEST_STEP][PASSED] - click: Object: 'Object Repository/DispensaryToCms/Page_Dispensary Store/button_Add' is clicked on

2018-06-10 01:43:50 - [MESSAGE][PASSED] - Object: 'Object Repository/DispensaryToCms/Page_Dispensary Store/button_Add' is clicked on

2018-06-10 01:43:50 - [TEST_STEP][PASSED] - delay: Delayed 1 second(s)

2018-06-10 01:43:51 - [MESSAGE][PASSED] - Delayed 1 second(s)

2018-06-10 01:43:51 - [TEST_STEP][PASSED] - selectOptionByIndex: All options with index in [11] are selected on object 'Object Repository/DispensaryToCms/Page_Dispensary Store/select_--Select--Schedule 1Inj'

2018-06-10 01:43:51 - [MESSAGE][PASSED] - All options with index in [11] are selected on object 'Object Repository/DispensaryToCms/Page_Dispensary Store/select_--Select--Schedule 1Inj'

2018-06-10 01:43:51 - [TEST_STEP][PASSED] - delay: Delayed 1 second(s)

2018-06-10 01:43:52 - [MESSAGE][PASSED] - Delayed 1 second(s)

2018-06-10 01:43:52 - [TEST_STEP][PASSED] - selectOptionByIndex: All options with index in [5] are selected on object 'Object Repository/DispensaryToCms/Page_Dispensary Store/select_--Select--Adernaline 0.'

2018-06-10 01:43:52 - [MESSAGE][PASSED] - All options with index in [5] are selected on object 'Object Repository/DispensaryToCms/Page_Dispensary Store/select_--Select--Adernaline 0.'

2018-06-10 01:43:52 - [TEST_STEP][PASSED] - setText: Text '100' is set on object 'Object Repository/DispensaryToCms/Page_Dispensary Store/input_txttreat'

2018-06-10 01:43:52 - [MESSAGE][PASSED] - Text '100' is set on object 'Object Repository/DispensaryToCms/Page_Dispensary Store/input_txttreat'

2018-06-10 01:43:52 - [TEST_STEP][PASSED] - click: Object: 'Object Repository/DispensaryToCms/Page_Dispensary Store/button_Add' is clicked on

2018-06-10 01:43:52 - [MESSAGE][PASSED] - Object: 'Object Repository/DispensaryToCms/Page_Dispensary Store/button_Add' is clicked on

2018-06-10 01:43:52 - [TEST_STEP][PASSED] - delay: Delayed 1 second(s)

2018-06-10 01:43:53 - [MESSAGE][PASSED] - Delayed 1 second(s)

2018-06-10 01:43:53 - [TEST_STEP][PASSED] - selectOptionByIndex: All options with index in [11] are selected on object 'Object Repository/DispensaryToCms/Page_Dispensary Store/select_--Select--Schedule 1Inj'

2018-06-10 01:43:53 - [MESSAGE][PASSED] - All options with index in [11] are selected on object 'Object Repository/DispensaryToCms/Page_Dispensary Store/select_--Select--Schedule 1Inj'

2018-06-10 01:43:53 - [TEST_STEP][PASSED] - delay: Delayed 1 second(s)

2018-06-10 01:43:54 - [MESSAGE][PASSED] - Delayed 1 second(s)

2018-06-10 01:43:54 - [TEST_STEP][PASSED] - selectOptionByIndex: All options with index in [6] are selected on object 'Object Repository/DispensaryToCms/Page_Dispensary Store/select_--Select--Adernaline 0.'

2018-06-10 01:43:55 - [MESSAGE][PASSED] - All options with index in [6] are selected on object 'Object Repository/DispensaryToCms/Page_Dispensary Store/select_--Select--Adernaline 0.'

2018-06-10 01:43:55 - [TEST_STEP][PASSED] - setText: Text '100' is set on object 'Object Repository/DispensaryToCms/Page_Dispensary Store/input_txttreat'

2018-06-10 01:43:55 - [MESSAGE][PASSED] - Text '100' is set on object 'Object Repository/DispensaryToCms/Page_Dispensary Store/input_txttreat'

2018-06-10 01:43:55 - [TEST_STEP][PASSED] - click: Object: 'Object Repository/DispensaryToCms/Page_Dispensary Store/button_Add' is clicked on

2018-06-10 01:43:55 - [MESSAGE][PASSED] - Object: 'Object Repository/DispensaryToCms/Page_Dispensary Store/button_Add' is clicked on

2018-06-10 01:43:55 - [TEST_STEP][PASSED] - delay: Delayed 1 second(s)

2018-06-10 01:43:56 - [MESSAGE][PASSED] - Delayed 1 second(s)

2018-06-10 01:43:56 - [TEST_STEP][PASSED] - selectOptionByIndex: All options with index in [11] are selected on object 'Object Repository/DispensaryToCms/Page_Dispensary Store/select_--Select--Schedule 1Inj'

2018-06-10 01:43:56 - [MESSAGE][PASSED] - All options with index in [11] are selected on object 'Object Repository/DispensaryToCms/Page_Dispensary Store/select_--Select--Schedule 1Inj'

2018-06-10 01:43:56 - [TEST_STEP][PASSED] - delay: Delayed 1 second(s)

2018-06-10 01:43:57 - [MESSAGE][PASSED] - Delayed 1 second(s)

2018-06-10 01:43:57 - [TEST_STEP][PASSED] - selectOptionByIndex: All options with index in [7] are selected on object 'Object Repository/DispensaryToCms/Page_Dispensary Store/select_--Select--Adernaline 0.'

2018-06-10 01:43:57 - [MESSAGE][PASSED] - All options with index in [7] are selected on object 'Object Repository/DispensaryToCms/Page_Dispensary Store/select_--Select--Adernaline 0.'

2018-06-10 01:43:57 - [TEST_STEP][PASSED] - setText: Text '100' is set on object 'Object Repository/DispensaryToCms/Page_Dispensary Store/input_txttreat'

2018-06-10 01:43:57 - [MESSAGE][PASSED] - Text '100' is set on object 'Object Repository/DispensaryToCms/Page_Dispensary Store/input_txttreat'

2018-06-10 01:43:57 - [TEST_STEP][PASSED] - click: Object: 'Object Repository/DispensaryToCms/Page_Dispensary Store/button_Add' is clicked on

2018-06-10 01:43:57 - [MESSAGE][PASSED] - Object: 'Object Repository/DispensaryToCms/Page_Dispensary Store/button_Add' is clicked on

2018-06-10 01:43:57 - [TEST_STEP][PASSED] - delay: Delayed 1 second(s)

2018-06-10 01:43:58 - [MESSAGE][PASSED] - Delayed 1 second(s)

2018-06-10 01:43:58 - [TEST_STEP][PASSED] - selectOptionByIndex: All options with index in [11] are selected on object 'Object Repository/DispensaryToCms/Page_Dispensary Store/select_--Select--Schedule 1Inj'

2018-06-10 01:43:59 - [MESSAGE][PASSED] - All options with index in [11] are selected on object 'Object Repository/DispensaryToCms/Page_Dispensary Store/select_--Select--Schedule 1Inj'

2018-06-10 01:43:59 - [TEST_STEP][PASSED] - delay: Delayed 1 second(s)

2018-06-10 01:44:00 - [MESSAGE][PASSED] - Delayed 1 second(s)

2018-06-10 01:44:00 - [TEST_STEP][PASSED] - selectOptionByIndex: All options with index in [8] are selected on object 'Object Repository/DispensaryToCms/Page_Dispensary Store/select_--Select--Adernaline 0.'

2018-06-10 01:44:00 - [MESSAGE][PASSED] - All options with index in [8] are selected on object 'Object Repository/DispensaryToCms/Page_Dispensary Store/select_--Select--Adernaline 0.'

2018-06-10 01:44:00 - [TEST_STEP][PASSED] - setText: Text '100' is set on object 'Object Repository/DispensaryToCms/Page_Dispensary Store/input_txttreat'

2018-06-10 01:44:00 - [MESSAGE][PASSED] - Text '100' is set on object 'Object Repository/DispensaryToCms/Page_Dispensary Store/input_txttreat'

2018-06-10 01:44:00 - [TEST_STEP][PASSED] - click: Object: 'Object Repository/DispensaryToCms/Page_Dispensary Store/button_Add' is clicked on

2018-06-10 01:44:00 - [MESSAGE][PASSED] - Object: 'Object Repository/DispensaryToCms/Page_Dispensary Store/button_Add' is clicked on

2018-06-10 01:44:00 - [TEST_STEP][PASSED] - delay: Delayed 1 second(s)

2018-06-10 01:44:01 - [MESSAGE][PASSED] - Delayed 1 second(s)

2018-06-10 01:44:01 - [TEST_STEP][PASSED] - selectOptionByIndex: All options with index in [11] are selected on object 'Object Repository/DispensaryToCms/Page_Dispensary Store/select_--Select--Schedule 1Inj'

2018-06-10 01:44:01 - [MESSAGE][PASSED] - All options with index in [11] are selected on object 'Object Repository/DispensaryToCms/Page_Dispensary Store/select_--Select--Schedule 1Inj'

2018-06-10 01:44:01 - [TEST_STEP][PASSED] - delay: Delayed 1 second(s)

2018-06-10 01:44:02 - [MESSAGE][PASSED] - Delayed 1 second(s)

2018-06-10 01:44:02 - [TEST_STEP][PASSED] - selectOptionByIndex: All options with index in [9] are selected on object 'Object Repository/DispensaryToCms/Page_Dispensary Store/select_--Select--Adernaline 0.'

2018-06-10 01:44:03 - [MESSAGE][PASSED] - All options with index in [9] are selected on object 'Object Repository/DispensaryToCms/Page_Dispensary Store/select_--Select--Adernaline 0.'

2018-06-10 01:44:03 - [TEST_STEP][PASSED] - setText: Text '100' is set on object 'Object Repository/DispensaryToCms/Page_Dispensary Store/input_txttreat'

2018-06-10 01:44:03 - [MESSAGE][PASSED] - Text '100' is set on object 'Object Repository/DispensaryToCms/Page_Dispensary Store/input_txttreat'

2018-06-10 01:44:03 - [TEST_STEP][PASSED] - click: Object: 'Object Repository/DispensaryToCms/Page_Dispensary Store/button_Add' is clicked on

2018-06-10 01:44:03 - [MESSAGE][PASSED] - Object: 'Object Repository/DispensaryToCms/Page_Dispensary Store/button_Add' is clicked on

2018-06-10 01:44:03 - [TEST_STEP][PASSED] - delay: Delayed 1 second(s)

2018-06-10 01:44:04 - [MESSAGE][PASSED] - Delayed 1 second(s)

2018-06-10 01:44:04 - [TEST_STEP][PASSED] - selectOptionByIndex: All options with index in [11] are selected on object 'Object Repository/DispensaryToCms/Page_Dispensary Store/select_--Select--Schedule 1Inj'

2018-06-10 01:44:04 - [MESSAGE][PASSED] - All options with index in [11] are selected on object 'Object Repository/DispensaryToCms/Page_Dispensary Store/select_--Select--Schedule 1Inj'

2018-06-10 01:44:04 - [TEST_STEP][PASSED] - delay: Delayed 1 second(s)

2018-06-10 01:44:05 - [MESSAGE][PASSED] - Delayed 1 second(s)

2018-06-10 01:44:05 - [TEST_STEP][PASSED] - selectOptionByIndex: All options with index in [10] are selected on object 'Object Repository/DispensaryToCms/Page_Dispensary Store/select_--Select--Adernaline 0.'

2018-06-10 01:44:05 - [MESSAGE][PASSED] - All options with index in [10] are selected on object 'Object Repository/DispensaryToCms/Page_Dispensary Store/select_--Select--Adernaline 0.'

2018-06-10 01:44:05 - [TEST_STEP][PASSED] - setText: Text '100' is set on object 'Object Repository/DispensaryToCms/Page_Dispensary Store/input_txttreat'

2018-06-10 01:44:05 - [MESSAGE][PASSED] - Text '100' is set on object 'Object Repository/DispensaryToCms/Page_Dispensary Store/input_txttreat'

2018-06-10 01:44:05 - [TEST_STEP][PASSED] - click: Object: 'Object Repository/DispensaryToCms/Page_Dispensary Store/button_Add' is clicked on

2018-06-10 01:44:05 - [MESSAGE][PASSED] - Object: 'Object Repository/DispensaryToCms/Page_Dispensary Store/button_Add' is clicked on

2018-06-10 01:44:05 - [TEST_STEP][PASSED] - delay: Delayed 1 second(s)

2018-06-10 01:44:06 - [MESSAGE][PASSED] - Delayed 1 second(s)

2018-06-10 01:44:06 - [TEST_STEP][PASSED] - selectOptionByIndex: All options with index in [11] are selected on object 'Object Repository/DispensaryToCms/Page_Dispensary Store/select_--Select--Schedule 1Inj'

2018-06-10 01:44:07 - [MESSAGE][PASSED] - All options with index in [11] are selected on object 'Object Repository/DispensaryToCms/Page_Dispensary Store/select_--Select--Schedule 1Inj'

2018-06-10 01:44:07 - [TEST_STEP][PASSED] - delay: Delayed 1 second(s)

2018-06-10 01:44:08 - [MESSAGE][PASSED] - Delayed 1 second(s)

2018-06-10 01:44:08 - [TEST_STEP][PASSED] - selectOptionByIndex: All options with index in [11] are selected on object 'Object Repository/DispensaryToCms/Page_Dispensary Store/select_--Select--Adernaline 0.'

2018-06-10 01:44:08 - [MESSAGE][PASSED] - All options with index in [11] are selected on object 'Object Repository/DispensaryToCms/Page_Dispensary Store/select_--Select--Adernaline 0.'

2018-06-10 01:44:08 - [TEST_STEP][PASSED] - setText: Text '100' is set on object 'Object Repository/DispensaryToCms/Page_Dispensary Store/input_txttreat'

2018-06-10 01:44:08 - [MESSAGE][PASSED] - Text '100' is set on object 'Object Repository/DispensaryToCms/Page_Dispensary Store/input_txttreat'

2018-06-10 01:44:08 - [TEST_STEP][PASSED] - click: Object: 'Object Repository/DispensaryToCms/Page_Dispensary Store/button_Add' is clicked on

2018-06-10 01:44:08 - [MESSAGE][PASSED] - Object: 'Object Repository/DispensaryToCms/Page_Dispensary Store/button_Add' is clicked on

2018-06-10 01:44:08 - [TEST_STEP][PASSED] - delay: Delayed 1 second(s)

2018-06-10 01:44:09 - [MESSAGE][PASSED] - Delayed 1 second(s)

2018-06-10 01:44:09 - [TEST_STEP][PASSED] - selectOptionByIndex: All options with index in [11] are selected on object 'Object Repository/DispensaryToCms/Page_Dispensary Store/select_--Select--Schedule 1Inj'

2018-06-10 01:44:09 - [MESSAGE][PASSED] - All options with index in [11] are selected on object 'Object Repository/DispensaryToCms/Page_Dispensary Store/select_--Select--Schedule 1Inj'

2018-06-10 01:44:09 - [TEST_STEP][PASSED] - delay: Delayed 1 second(s)

2018-06-10 01:44:10 - [MESSAGE][PASSED] - Delayed 1 second(s)

2018-06-10 01:44:10 - [TEST_STEP][PASSED] - selectOptionByIndex: All options with index in [12] are selected on object 'Object Repository/DispensaryToCms/Page_Dispensary Store/select_--Select--Adernaline 0.'

2018-06-10 01:44:10 - [MESSAGE][PASSED] - All options with index in [12] are selected on object 'Object Repository/DispensaryToCms/Page_Dispensary Store/select_--Select--Adernaline 0.'

2018-06-10 01:44:10 - [TEST_STEP][PASSED] - setText: Text '100' is set on object 'Object Repository/DispensaryToCms/Page_Dispensary Store/input_txttreat'

2018-06-10 01:44:11 - [MESSAGE][PASSED] - Text '100' is set on object 'Object Repository/DispensaryToCms/Page_Dispensary Store/input_txttreat'

2018-06-10 01:44:11 - [TEST_STEP][PASSED] - click: Object: 'Object Repository/DispensaryToCms/Page_Dispensary Store/button_Add' is clicked on

2018-06-10 01:44:11 - [MESSAGE][PASSED] - Object: 'Object Repository/DispensaryToCms/Page_Dispensary Store/button_Add' is clicked on

2018-06-10 01:44:11 - [TEST_STEP][PASSED] - delay: Delayed 1 second(s)

2018-06-10 01:44:12 - [MESSAGE][PASSED] - Delayed 1 second(s)

2018-06-10 01:44:12 - [TEST_STEP][PASSED] - selectOptionByIndex: All options with index in [11] are selected on object 'Object Repository/DispensaryToCms/Page_Dispensary Store/select_--Select--Schedule 1Inj'

2018-06-10 01:44:12 - [MESSAGE][PASSED] - All options with index in [11] are selected on object 'Object Repository/DispensaryToCms/Page_Dispensary Store/select_--Select--Schedule 1Inj'

2018-06-10 01:44:12 - [TEST_STEP][PASSED] - delay: Delayed 1 second(s)

2018-06-10 01:44:13 - [MESSAGE][PASSED] - Delayed 1 second(s)

2018-06-10 01:44:13 - [TEST_STEP][PASSED] - selectOptionByIndex: All options with index in [13] are selected on object 'Object Repository/DispensaryToCms/Page_Dispensary Store/select_--Select--Adernaline 0.'

2018-06-10 01:44:13 - [MESSAGE][PASSED] - All options with index in [13] are selected on object 'Object Repository/DispensaryToCms/Page_Dispensary Store/select_--Select--Adernaline 0.'

2018-06-10 01:44:13 - [TEST_STEP][PASSED] - setText: Text '100' is set on object 'Object Repository/DispensaryToCms/Page_Dispensary Store/input_txttreat'

2018-06-10 01:44:13 - [MESSAGE][PASSED] - Text '100' is set on object 'Object Repository/DispensaryToCms/Page_Dispensary Store/input_txttreat'

2018-06-10 01:44:13 - [TEST_STEP][PASSED] - click: Object: 'Object Repository/DispensaryToCms/Page_Dispensary Store/button_Add' is clicked on

2018-06-10 01:44:13 - [MESSAGE][PASSED] - Object: 'Object Repository/DispensaryToCms/Page_Dispensary Store/button_Add' is clicked on

2018-06-10 01:44:13 - [TEST_STEP][PASSED] - delay: Delayed 1 second(s)

2018-06-10 01:44:14 - [MESSAGE][PASSED] - Delayed 1 second(s)

2018-06-10 01:44:14 - [TEST_STEP][PASSED] - selectOptionByIndex: All options with index in [11] are selected on object 'Object Repository/DispensaryToCms/Page_Dispensary Store/select_--Select--Schedule 1Inj'

2018-06-10 01:44:15 - [MESSAGE][PASSED] - All options with index in [11] are selected on object 'Object Repository/DispensaryToCms/Page_Dispensary Store/select_--Select--Schedule 1Inj'

2018-06-10 01:44:15 - [TEST_STEP][PASSED] - delay: Delayed 1 second(s)

2018-06-10 01:44:16 - [MESSAGE][PASSED] - Delayed 1 second(s)

2018-06-10 01:44:16 - [TEST_STEP][PASSED] - selectOptionByIndex: All options with index in [14] are selected on object 'Object Repository/DispensaryToCms/Page_Dispensary Store/select_--Select--Adernaline 0.'

2018-06-10 01:44:16 - [MESSAGE][PASSED] - All options with index in [14] are selected on object 'Object Repository/DispensaryToCms/Page_Dispensary Store/select_--Select--Adernaline 0.'

2018-06-10 01:44:16 - [TEST_STEP][PASSED] - setText: Text '100' is set on object 'Object Repository/DispensaryToCms/Page_Dispensary Store/input_txttreat'

2018-06-10 01:44:16 - [MESSAGE][PASSED] - Text '100' is set on object 'Object Repository/DispensaryToCms/Page_Dispensary Store/input_txttreat'

2018-06-10 01:44:16 - [TEST_STEP][PASSED] - click: Object: 'Object Repository/DispensaryToCms/Page_Dispensary Store/button_Add' is clicked on

2018-06-10 01:44:16 - [MESSAGE][PASSED] - Object: 'Object Repository/DispensaryToCms/Page_Dispensary Store/button_Add' is clicked on

2018-06-10 01:44:16 - [TEST_STEP][PASSED] - delay: Delayed 1 second(s)

2018-06-10 01:44:17 - [MESSAGE][PASSED] - Delayed 1 second(s)

2018-06-10 01:44:17 - [TEST_STEP][PASSED] - selectOptionByIndex: All options with index in [11] are selected on object 'Object Repository/DispensaryToCms/Page_Dispensary Store/select_--Select--Schedule 1Inj'

2018-06-10 01:44:17 - [MESSAGE][PASSED] - All options with index in [11] are selected on object 'Object Repository/DispensaryToCms/Page_Dispensary Store/select_--Select--Schedule 1Inj'

2018-06-10 01:44:17 - [TEST_STEP][PASSED] - delay: Delayed 1 second(s)

2018-06-10 01:44:18 - [MESSAGE][PASSED] - Delayed 1 second(s)

2018-06-10 01:44:18 - [TEST_STEP][PASSED] - selectOptionByIndex: All options with index in [15] are selected on object 'Object Repository/DispensaryToCms/Page_Dispensary Store/select_--Select--Adernaline 0.'

2018-06-10 01:44:18 - [MESSAGE][PASSED] - All options with index in [15] are selected on object 'Object Repository/DispensaryToCms/Page_Dispensary Store/select_--Select--Adernaline 0.'

2018-06-10 01:44:18 - [TEST_STEP][PASSED] - setText: Text '100' is set on object 'Object Repository/DispensaryToCms/Page_Dispensary Store/input_txttreat'

2018-06-10 01:44:19 - [MESSAGE][PASSED] - Text '100' is set on object 'Object Repository/DispensaryToCms/Page_Dispensary Store/input_txttreat'

2018-06-10 01:44:19 - [TEST_STEP][PASSED] - click: Object: 'Object Repository/DispensaryToCms/Page_Dispensary Store/button_Add' is clicked on

2018-06-10 01:44:19 - [MESSAGE][PASSED] - Object: 'Object Repository/DispensaryToCms/Page_Dispensary Store/button_Add' is clicked on

2018-06-10 01:44:19 - [TEST_STEP][PASSED] - delay: Delayed 1 second(s)

2018-06-10 01:44:20 - [MESSAGE][PASSED] - Delayed 1 second(s)

2018-06-10 01:44:20 - [TEST_STEP][PASSED] - selectOptionByIndex: All options with index in [11] are selected on object 'Object Repository/DispensaryToCms/Page_Dispensary Store/select_--Select--Schedule 1Inj'

2018-06-10 01:44:20 - [MESSAGE][PASSED] - All options with index in [11] are selected on object 'Object Repository/DispensaryToCms/Page_Dispensary Store/select_--Select--Schedule 1Inj'

2018-06-10 01:44:20 - [TEST_STEP][PASSED] - delay: Delayed 1 second(s)

2018-06-10 01:44:21 - [MESSAGE][PASSED] - Delayed 1 second(s)

2018-06-10 01:44:21 - [TEST_STEP][PASSED] - selectOptionByIndex: All options with index in [16] are selected on object 'Object Repository/DispensaryToCms/Page_Dispensary Store/select_--Select--Adernaline 0.'

2018-06-10 01:44:21 - [MESSAGE][PASSED] - All options with index in [16] are selected on object 'Object Repository/DispensaryToCms/Page_Dispensary Store/select_--Select--Adernaline 0.'

2018-06-10 01:44:21 - [TEST_STEP][PASSED] - setText: Text '100' is set on object 'Object Repository/DispensaryToCms/Page_Dispensary Store/input_txttreat'

2018-06-10 01:44:21 - [MESSAGE][PASSED] - Text '100' is set on object 'Object Repository/DispensaryToCms/Page_Dispensary Store/input_txttreat'

2018-06-10 01:44:21 - [TEST_STEP][PASSED] - click: Object: 'Object Repository/DispensaryToCms/Page_Dispensary Store/button_Add' is clicked on

2018-06-10 01:44:21 - [MESSAGE][PASSED] - Object: 'Object Repository/DispensaryToCms/Page_Dispensary Store/button_Add' is clicked on

2018-06-10 01:44:21 - [TEST_STEP][PASSED] - delay: Delayed 1 second(s)

2018-06-10 01:44:22 - [MESSAGE][PASSED] - Delayed 1 second(s)

2018-06-10 01:44:22 - [TEST_STEP][PASSED] - selectOptionByIndex: All options with index in [11] are selected on object 'Object Repository/DispensaryToCms/Page_Dispensary Store/select_--Select--Schedule 1Inj'

2018-06-10 01:44:23 - [MESSAGE][PASSED] - All options with index in [11] are selected on object 'Object Repository/DispensaryToCms/Page_Dispensary Store/select_--Select--Schedule 1Inj'

2018-06-10 01:44:23 - [TEST_STEP][PASSED] - delay: Delayed 1 second(s)

2018-06-10 01:44:24 - [MESSAGE][PASSED] - Delayed 1 second(s)

2018-06-10 01:44:24 - [TEST_STEP][PASSED] - selectOptionByIndex: All options with index in [17] are selected on object 'Object Repository/DispensaryToCms/Page_Dispensary Store/select_--Select--Adernaline 0.'

2018-06-10 01:44:24 - [MESSAGE][PASSED] - All options with index in [17] are selected on object 'Object Repository/DispensaryToCms/Page_Dispensary Store/select_--Select--Adernaline 0.'

2018-06-10 01:44:24 - [TEST_STEP][PASSED] - setText: Text '100' is set on object 'Object Repository/DispensaryToCms/Page_Dispensary Store/input_txttreat'

2018-06-10 01:44:24 - [MESSAGE][PASSED] - Text '100' is set on object 'Object Repository/DispensaryToCms/Page_Dispensary Store/input_txttreat'

2018-06-10 01:44:24 - [TEST_STEP][PASSED] - click: Object: 'Object Repository/DispensaryToCms/Page_Dispensary Store/button_Add' is clicked on

2018-06-10 01:44:24 - [MESSAGE][PASSED] - Object: 'Object Repository/DispensaryToCms/Page_Dispensary Store/button_Add' is clicked on

2018-06-10 01:44:24 - [TEST_STEP][PASSED] - delay: Delayed 1 second(s)

2018-06-10 01:44:25 - [MESSAGE][PASSED] - Delayed 1 second(s)

2018-06-10 01:44:25 - [TEST_STEP][PASSED] - selectOptionByIndex: All options with index in [11] are selected on object 'Object Repository/DispensaryToCms/Page_Dispensary Store/select_--Select--Schedule 1Inj'

2018-06-10 01:44:25 - [MESSAGE][PASSED] - All options with index in [11] are selected on object 'Object Repository/DispensaryToCms/Page_Dispensary Store/select_--Select--Schedule 1Inj'

2018-06-10 01:44:25 - [TEST_STEP][PASSED] - delay: Delayed 1 second(s)

2018-06-10 01:44:26 - [MESSAGE][PASSED] - Delayed 1 second(s)

2018-06-10 01:44:26 - [TEST_STEP][PASSED] - selectOptionByIndex: All options with index in [18] are selected on object 'Object Repository/DispensaryToCms/Page_Dispensary Store/select_--Select--Adernaline 0.'

2018-06-10 01:44:27 - [MESSAGE][PASSED] - All options with index in [18] are selected on object 'Object Repository/DispensaryToCms/Page_Dispensary Store/select_--Select--Adernaline 0.'

2018-06-10 01:44:27 - [TEST_STEP][PASSED] - setText: Text '100' is set on object 'Object Repository/DispensaryToCms/Page_Dispensary Store/input_txttreat'

2018-06-10 01:44:27 - [MESSAGE][PASSED] - Text '100' is set on object 'Object Repository/DispensaryToCms/Page_Dispensary Store/input_txttreat'

2018-06-10 01:44:27 - [TEST_STEP][PASSED] - click: Object: 'Object Repository/DispensaryToCms/Page_Dispensary Store/button_Add' is clicked on

2018-06-10 01:44:27 - [MESSAGE][PASSED] - Object: 'Object Repository/DispensaryToCms/Page_Dispensary Store/button_Add' is clicked on

2018-06-10 01:44:27 - [TEST_STEP][PASSED] - delay: Delayed 1 second(s)

2018-06-10 01:44:28 - [MESSAGE][PASSED] - Delayed 1 second(s)

2018-06-10 01:44:28 - [TEST_STEP][PASSED] - selectOptionByIndex: All options with index in [11] are selected on object 'Object Repository/DispensaryToCms/Page_Dispensary Store/select_--Select--Schedule 1Inj'

2018-06-10 01:44:28 - [MESSAGE][PASSED] - All options with index in [11] are selected on object 'Object Repository/DispensaryToCms/Page_Dispensary Store/select_--Select--Schedule 1Inj'

2018-06-10 01:44:28 - [TEST_STEP][PASSED] - delay: Delayed 1 second(s)

2018-06-10 01:44:29 - [MESSAGE][PASSED] - Delayed 1 second(s)

2018-06-10 01:44:29 - [TEST_STEP][PASSED] - selectOptionByIndex: All options with index in [19] are selected on object 'Object Repository/DispensaryToCms/Page_Dispensary Store/select_--Select--Adernaline 0.'

2018-06-10 01:44:29 - [MESSAGE][PASSED] - All options with index in [19] are selected on object 'Object Repository/DispensaryToCms/Page_Dispensary Store/select_--Select--Adernaline 0.'

2018-06-10 01:44:29 - [TEST_STEP][PASSED] - setText: Text '100' is set on object 'Object Repository/DispensaryToCms/Page_Dispensary Store/input_txttreat'

2018-06-10 01:44:29 - [MESSAGE][PASSED] - Text '100' is set on object 'Object Repository/DispensaryToCms/Page_Dispensary Store/input_txttreat'

2018-06-10 01:44:29 - [TEST_STEP][PASSED] - click: Object: 'Object Repository/DispensaryToCms/Page_Dispensary Store/button_Add' is clicked on

2018-06-10 01:44:29 - [MESSAGE][PASSED] - Object: 'Object Repository/DispensaryToCms/Page_Dispensary Store/button_Add' is clicked on

2018-06-10 01:44:29 - [TEST_STEP][PASSED] - delay: Delayed 1 second(s)

2018-06-10 01:44:31 - [MESSAGE][PASSED] - Delayed 1 second(s)

2018-06-10 01:44:31 - [TEST_STEP][PASSED] - selectOptionByIndex: All options with index in [11] are selected on object 'Object Repository/DispensaryToCms/Page_Dispensary Store/select_--Select--Schedule 1Inj'

2018-06-10 01:44:31 - [MESSAGE][PASSED] - All options with index in [11] are selected on object 'Object Repository/DispensaryToCms/Page_Dispensary Store/select_--Select--Schedule 1Inj'

2018-06-10 01:44:31 - [TEST_STEP][PASSED] - delay: Delayed 1 second(s)

2018-06-10 01:44:32 - [MESSAGE][PASSED] - Delayed 1 second(s)

2018-06-10 01:44:32 - [TEST_STEP][PASSED] - selectOptionByIndex: All options with index in [20] are selected on object 'Object Repository/DispensaryToCms/Page_Dispensary Store/select_--Select--Adernaline 0.'

2018-06-10 01:44:32 - [MESSAGE][PASSED] - All options with index in [20] are selected on object 'Object Repository/DispensaryToCms/Page_Dispensary Store/select_--Select--Adernaline 0.'

2018-06-10 01:44:32 - [TEST_STEP][PASSED] - setText: Text '100' is set on object 'Object Repository/DispensaryToCms/Page_Dispensary Store/input_txttreat'

2018-06-10 01:44:32 - [MESSAGE][PASSED] - Text '100' is set on object 'Object Repository/DispensaryToCms/Page_Dispensary Store/input_txttreat'

2018-06-10 01:44:32 - [TEST_STEP][PASSED] - click: Object: 'Object Repository/DispensaryToCms/Page_Dispensary Store/button_Add' is clicked on

2018-06-10 01:44:32 - [MESSAGE][PASSED] - Object: 'Object Repository/DispensaryToCms/Page_Dispensary Store/button_Add' is clicked on

2018-06-10 01:44:32 - [TEST_STEP][PASSED] - delay: Delayed 1 second(s)

2018-06-10 01:44:33 - [MESSAGE][PASSED] - Delayed 1 second(s)

2018-06-10 01:44:33 - [TEST_STEP][PASSED] - selectOptionByIndex: All options with index in [11] are selected on object 'Object Repository/DispensaryToCms/Page_Dispensary Store/select_--Select--Schedule 1Inj'

2018-06-10 01:44:33 - [MESSAGE][PASSED] - All options with index in [11] are selected on object 'Object Repository/DispensaryToCms/Page_Dispensary Store/select_--Select--Schedule 1Inj'

2018-06-10 01:44:33 - [TEST_STEP][PASSED] - delay: Delayed 1 second(s)

2018-06-10 01:44:34 - [MESSAGE][PASSED] - Delayed 1 second(s)

2018-06-10 01:44:34 - [TEST_STEP][PASSED] - selectOptionByIndex: All options with index in [21] are selected on object 'Object Repository/DispensaryToCms/Page_Dispensary Store/select_--Select--Adernaline 0.'

2018-06-10 01:44:35 - [MESSAGE][PASSED] - All options with index in [21] are selected on object 'Object Repository/DispensaryToCms/Page_Dispensary Store/select_--Select--Adernaline 0.'

2018-06-10 01:44:35 - [TEST_STEP][PASSED] - setText: Text '100' is set on object 'Object Repository/DispensaryToCms/Page_Dispensary Store/input_txttreat'

2018-06-10 01:44:35 - [MESSAGE][PASSED] - Text '100' is set on object 'Object Repository/DispensaryToCms/Page_Dispensary Store/input_txttreat'

2018-06-10 01:44:35 - [TEST_STEP][PASSED] - click: Object: 'Object Repository/DispensaryToCms/Page_Dispensary Store/button_Add' is clicked on

2018-06-10 01:44:35 - [MESSAGE][PASSED] - Object: 'Object Repository/DispensaryToCms/Page_Dispensary Store/button_Add' is clicked on

2018-06-10 01:44:35 - [TEST_STEP][PASSED] - delay: Delayed 1 second(s)

2018-06-10 01:44:36 - [MESSAGE][PASSED] - Delayed 1 second(s)

2018-06-10 01:44:36 - [TEST_STEP][PASSED] - selectOptionByIndex: All options with index in [11] are selected on object 'Object Repository/DispensaryToCms/Page_Dispensary Store/select_--Select--Schedule 1Inj'

2018-06-10 01:44:36 - [MESSAGE][PASSED] - All options with index in [11] are selected on object 'Object Repository/DispensaryToCms/Page_Dispensary Store/select_--Select--Schedule 1Inj'

2018-06-10 01:44:36 - [TEST_STEP][PASSED] - delay: Delayed 1 second(s)

2018-06-10 01:44:37 - [MESSAGE][PASSED] - Delayed 1 second(s)

2018-06-10 01:44:37 - [TEST_STEP][PASSED] - selectOptionByIndex: All options with index in [22] are selected on object 'Object Repository/DispensaryToCms/Page_Dispensary Store/select_--Select--Adernaline 0.'

2018-06-10 01:44:38 - [MESSAGE][PASSED] - All options with index in [22] are selected on object 'Object Repository/DispensaryToCms/Page_Dispensary Store/select_--Select--Adernaline 0.'

2018-06-10 01:44:38 - [TEST_STEP][PASSED] - setText: Text '100' is set on object 'Object Repository/DispensaryToCms/Page_Dispensary Store/input_txttreat'

2018-06-10 01:44:38 - [MESSAGE][PASSED] - Text '100' is set on object 'Object Repository/DispensaryToCms/Page_Dispensary Store/input_txttreat'

2018-06-10 01:44:38 - [TEST_STEP][PASSED] - click: Object: 'Object Repository/DispensaryToCms/Page_Dispensary Store/button_Add' is clicked on

2018-06-10 01:44:38 - [MESSAGE][PASSED] - Object: 'Object Repository/DispensaryToCms/Page_Dispensary Store/button_Add' is clicked on

2018-06-10 01:44:38 - [TEST_STEP][PASSED] - delay: Delayed 1 second(s)

2018-06-10 01:44:39 - [MESSAGE][PASSED] - Delayed 1 second(s)

2018-06-10 01:44:39 - [TEST_STEP][PASSED] - selectOptionByIndex: All options with index in [11] are selected on object 'Object Repository/DispensaryToCms/Page_Dispensary Store/select_--Select--Schedule 1Inj'

2018-06-10 01:44:39 - [MESSAGE][PASSED] - All options with index in [11] are selected on object 'Object Repository/DispensaryToCms/Page_Dispensary Store/select_--Select--Schedule 1Inj'

2018-06-10 01:44:39 - [TEST_STEP][PASSED] - delay: Delayed 1 second(s)

2018-06-10 01:44:40 - [MESSAGE][PASSED] - Delayed 1 second(s)

2018-06-10 01:44:40 - [TEST_STEP][PASSED] - selectOptionByIndex: All options with index in [23] are selected on object 'Object Repository/DispensaryToCms/Page_Dispensary Store/select_--Select--Adernaline 0.'

2018-06-10 01:44:40 - [MESSAGE][PASSED] - All options with index in [23] are selected on object 'Object Repository/DispensaryToCms/Page_Dispensary Store/select_--Select--Adernaline 0.'

2018-06-10 01:44:40 - [TEST_STEP][PASSED] - setText: Text '100' is set on object 'Object Repository/DispensaryToCms/Page_Dispensary Store/input_txttreat'

2018-06-10 01:44:40 - [MESSAGE][PASSED] - Text '100' is set on object 'Object Repository/DispensaryToCms/Page_Dispensary Store/input_txttreat'

2018-06-10 01:44:40 - [TEST_STEP][PASSED] - click: Object: 'Object Repository/DispensaryToCms/Page_Dispensary Store/button_Add' is clicked on

2018-06-10 01:44:41 - [MESSAGE][PASSED] - Object: 'Object Repository/DispensaryToCms/Page_Dispensary Store/button_Add' is clicked on

2018-06-10 01:44:41 - [TEST_STEP][PASSED] - delay: Delayed 1 second(s)

2018-06-10 01:44:42 - [MESSAGE][PASSED] - Delayed 1 second(s)

2018-06-10 01:44:42 - [TEST_STEP][PASSED] - selectOptionByIndex: All options with index in [11] are selected on object 'Object Repository/DispensaryToCms/Page_Dispensary Store/select_--Select--Schedule 1Inj'

2018-06-10 01:44:42 - [MESSAGE][PASSED] - All options with index in [11] are selected on object 'Object Repository/DispensaryToCms/Page_Dispensary Store/select_--Select--Schedule 1Inj'

2018-06-10 01:44:42 - [TEST_STEP][PASSED] - delay: Delayed 1 second(s)

2018-06-10 01:44:43 - [MESSAGE][PASSED] - Delayed 1 second(s)

2018-06-10 01:44:43 - [TEST_STEP][PASSED] - selectOptionByIndex: All options with index in [24] are selected on object 'Object Repository/DispensaryToCms/Page_Dispensary Store/select_--Select--Adernaline 0.'

2018-06-10 01:44:43 - [MESSAGE][PASSED] - All options with index in [24] are selected on object 'Object Repository/DispensaryToCms/Page_Dispensary Store/select_--Select--Adernaline 0.'

2018-06-10 01:44:43 - [TEST_STEP][PASSED] - setText: Text '100' is set on object 'Object Repository/DispensaryToCms/Page_Dispensary Store/input_txttreat'

2018-06-10 01:44:43 - [MESSAGE][PASSED] - Text '100' is set on object 'Object Repository/DispensaryToCms/Page_Dispensary Store/input_txttreat'

2018-06-10 01:44:43 - [TEST_STEP][PASSED] - click: Object: 'Object Repository/DispensaryToCms/Page_Dispensary Store/button_Add' is clicked on

2018-06-10 01:44:43 - [MESSAGE][PASSED] - Object: 'Object Repository/DispensaryToCms/Page_Dispensary Store/button_Add' is clicked on

2018-06-10 01:44:43 - [TEST_STEP][PASSED] - delay: Delayed 1 second(s)

2018-06-10 01:44:44 - [MESSAGE][PASSED] - Delayed 1 second(s)

2018-06-10 01:44:44 - [TEST_STEP][PASSED] - selectOptionByIndex: All options with index in [11] are selected on object 'Object Repository/DispensaryToCms/Page_Dispensary Store/select_--Select--Schedule 1Inj'

2018-06-10 01:44:45 - [MESSAGE][PASSED] - All options with index in [11] are selected on object 'Object Repository/DispensaryToCms/Page_Dispensary Store/select_--Select--Schedule 1Inj'

2018-06-10 01:44:45 - [TEST_STEP][PASSED] - delay: Delayed 1 second(s)

2018-06-10 01:44:46 - [MESSAGE][PASSED] - Delayed 1 second(s)

2018-06-10 01:44:46 - [TEST_STEP][PASSED] - selectOptionByIndex: All options with index in [25] are selected on object 'Object Repository/DispensaryToCms/Page_Dispensary Store/select_--Select--Adernaline 0.'

2018-06-10 01:44:46 - [MESSAGE][PASSED] - All options with index in [25] are selected on object 'Object Repository/DispensaryToCms/Page_Dispensary Store/select_--Select--Adernaline 0.'

2018-06-10 01:44:46 - [TEST_STEP][PASSED] - setText: Text '100' is set on object 'Object Repository/DispensaryToCms/Page_Dispensary Store/input_txttreat'

2018-06-10 01:44:46 - [MESSAGE][PASSED] - Text '100' is set on object 'Object Repository/DispensaryToCms/Page_Dispensary Store/input_txttreat'

2018-06-10 01:44:46 - [TEST_STEP][PASSED] - click: Object: 'Object Repository/DispensaryToCms/Page_Dispensary Store/button_Add' is clicked on

2018-06-10 01:44:46 - [MESSAGE][PASSED] - Object: 'Object Repository/DispensaryToCms/Page_Dispensary Store/button_Add' is clicked on

2018-06-10 01:44:46 - [TEST_STEP][PASSED] - delay: Delayed 1 second(s)

2018-06-10 01:44:47 - [MESSAGE][PASSED] - Delayed 1 second(s)

2018-06-10 01:44:47 - [TEST_STEP][PASSED] - selectOptionByIndex: All options with index in [11] are selected on object 'Object Repository/DispensaryToCms/Page_Dispensary Store/select_--Select--Schedule 1Inj'

2018-06-10 01:44:47 - [MESSAGE][PASSED] - All options with index in [11] are selected on object 'Object Repository/DispensaryToCms/Page_Dispensary Store/select_--Select--Schedule 1Inj'

2018-06-10 01:44:47 - [TEST_STEP][PASSED] - delay: Delayed 1 second(s)

2018-06-10 01:44:48 - [MESSAGE][PASSED] - Delayed 1 second(s)

2018-06-10 01:44:48 - [TEST_STEP][PASSED] - selectOptionByIndex: All options with index in [26] are selected on object 'Object Repository/DispensaryToCms/Page_Dispensary Store/select_--Select--Adernaline 0.'

2018-06-10 01:44:49 - [MESSAGE][PASSED] - All options with index in [26] are selected on object 'Object Repository/DispensaryToCms/Page_Dispensary Store/select_--Select--Adernaline 0.'

2018-06-10 01:44:49 - [TEST_STEP][PASSED] - setText: Text '100' is set on object 'Object Repository/DispensaryToCms/Page_Dispensary Store/input_txttreat'

2018-06-10 01:44:49 - [MESSAGE][PASSED] - Text '100' is set on object 'Object Repository/DispensaryToCms/Page_Dispensary Store/input_txttreat'

2018-06-10 01:44:49 - [TEST_STEP][PASSED] - click: Object: 'Object Repository/DispensaryToCms/Page_Dispensary Store/button_Add' is clicked on

2018-06-10 01:44:49 - [MESSAGE][PASSED] - Object: 'Object Repository/DispensaryToCms/Page_Dispensary Store/button_Add' is clicked on

2018-06-10 01:44:49 - [TEST_STEP][PASSED] - delay: Delayed 1 second(s)

2018-06-10 01:44:50 - [MESSAGE][PASSED] - Delayed 1 second(s)

2018-06-10 01:44:50 - [TEST_STEP][PASSED] - selectOptionByIndex: All options with index in [11] are selected on object 'Object Repository/DispensaryToCms/Page_Dispensary Store/select_--Select--Schedule 1Inj'

2018-06-10 01:44:50 - [MESSAGE][PASSED] - All options with index in [11] are selected on object 'Object Repository/DispensaryToCms/Page_Dispensary Store/select_--Select--Schedule 1Inj'

2018-06-10 01:44:50 - [TEST_STEP][PASSED] - delay: Delayed 1 second(s)

2018-06-10 01:44:51 - [MESSAGE][PASSED] - Delayed 1 second(s)

2018-06-10 01:44:51 - [TEST_STEP][PASSED] - selectOptionByIndex: All options with index in [27] are selected on object 'Object Repository/DispensaryToCms/Page_Dispensary Store/select_--Select--Adernaline 0.'

2018-06-10 01:44:52 - [MESSAGE][PASSED] - All options with index in [27] are selected on object 'Object Repository/DispensaryToCms/Page_Dispensary Store/select_--Select--Adernaline 0.'

2018-06-10 01:44:52 - [TEST_STEP][PASSED] - setText: Text '100' is set on object 'Object Repository/DispensaryToCms/Page_Dispensary Store/input_txttreat'

2018-06-10 01:44:52 - [MESSAGE][PASSED] - Text '100' is set on object 'Object Repository/DispensaryToCms/Page_Dispensary Store/input_txttreat'

2018-06-10 01:44:52 - [TEST_STEP][PASSED] - click: Object: 'Object Repository/DispensaryToCms/Page_Dispensary Store/button_Add' is clicked on

2018-06-10 01:44:52 - [MESSAGE][PASSED] - Object: 'Object Repository/DispensaryToCms/Page_Dispensary Store/button_Add' is clicked on

2018-06-10 01:44:52 - [TEST_STEP][PASSED] - delay: Delayed 1 second(s)

2018-06-10 01:44:53 - [MESSAGE][PASSED] - Delayed 1 second(s)

2018-06-10 01:44:53 - [TEST_STEP][PASSED] - selectOptionByIndex: All options with index in [11] are selected on object 'Object Repository/DispensaryToCms/Page_Dispensary Store/select_--Select--Schedule 1Inj'

2018-06-10 01:44:53 - [MESSAGE][PASSED] - All options with index in [11] are selected on object 'Object Repository/DispensaryToCms/Page_Dispensary Store/select_--Select--Schedule 1Inj'

2018-06-10 01:44:53 - [TEST_STEP][PASSED] - delay: Delayed 1 second(s)

2018-06-10 01:44:54 - [MESSAGE][PASSED] - Delayed 1 second(s)

2018-06-10 01:44:54 - [TEST_STEP][PASSED] - selectOptionByIndex: All options with index in [28] are selected on object 'Object Repository/DispensaryToCms/Page_Dispensary Store/select_--Select--Adernaline 0.'

2018-06-10 01:44:54 - [MESSAGE][PASSED] - All options with index in [28] are selected on object 'Object Repository/DispensaryToCms/Page_Dispensary Store/select_--Select--Adernaline 0.'

2018-06-10 01:44:54 - [TEST_STEP][PASSED] - setText: Text '100' is set on object 'Object Repository/DispensaryToCms/Page_Dispensary Store/input_txttreat'

2018-06-10 01:44:54 - [MESSAGE][PASSED] - Text '100' is set on object 'Object Repository/DispensaryToCms/Page_Dispensary Store/input_txttreat'

2018-06-10 01:44:54 - [TEST_STEP][PASSED] - click: Object: 'Object Repository/DispensaryToCms/Page_Dispensary Store/button_Add' is clicked on

2018-06-10 01:44:55 - [MESSAGE][PASSED] - Object: 'Object Repository/DispensaryToCms/Page_Dispensary Store/button_Add' is clicked on

2018-06-10 01:44:55 - [TEST_STEP][PASSED] - delay: Delayed 1 second(s)

2018-06-10 01:44:56 - [MESSAGE][PASSED] - Delayed 1 second(s)

2018-06-10 01:44:56 - [TEST_STEP][PASSED] - selectOptionByIndex: All options with index in [11] are selected on object 'Object Repository/DispensaryToCms/Page_Dispensary Store/select_--Select--Schedule 1Inj'

2018-06-10 01:44:56 - [MESSAGE][PASSED] - All options with index in [11] are selected on object 'Object Repository/DispensaryToCms/Page_Dispensary Store/select_--Select--Schedule 1Inj'

2018-06-10 01:44:56 - [TEST_STEP][PASSED] - delay: Delayed 1 second(s)

2018-06-10 01:44:57 - [MESSAGE][PASSED] - Delayed 1 second(s)

2018-06-10 01:44:57 - [TEST_STEP][PASSED] - selectOptionByIndex: All options with index in [29] are selected on object 'Object Repository/DispensaryToCms/Page_Dispensary Store/select_--Select--Adernaline 0.'

2018-06-10 01:44:57 - [MESSAGE][PASSED] - All options with index in [29] are selected on object 'Object Repository/DispensaryToCms/Page_Dispensary Store/select_--Select--Adernaline 0.'

2018-06-10 01:44:57 - [TEST_STEP][PASSED] - setText: Text '100' is set on object 'Object Repository/DispensaryToCms/Page_Dispensary Store/input_txttreat'

2018-06-10 01:44:57 - [MESSAGE][PASSED] - Text '100' is set on object 'Object Repository/DispensaryToCms/Page_Dispensary Store/input_txttreat'

2018-06-10 01:44:57 - [TEST_STEP][PASSED] - click: Object: 'Object Repository/DispensaryToCms/Page_Dispensary Store/button_Add' is clicked on

2018-06-10 01:44:57 - [MESSAGE][PASSED] - Object: 'Object Repository/DispensaryToCms/Page_Dispensary Store/button_Add' is clicked on

2018-06-10 01:44:57 - [TEST_STEP][PASSED] - delay: Delayed 1 second(s)

2018-06-10 01:44:58 - [MESSAGE][PASSED] - Delayed 1 second(s)

2018-06-10 01:44:58 - [TEST_STEP][PASSED] - selectOptionByIndex: All options with index in [11] are selected on object 'Object Repository/DispensaryToCms/Page_Dispensary Store/select_--Select--Schedule 1Inj'

2018-06-10 01:44:59 - [MESSAGE][PASSED] - All options with index in [11] are selected on object 'Object Repository/DispensaryToCms/Page_Dispensary Store/select_--Select--Schedule 1Inj'

2018-06-10 01:44:59 - [TEST_STEP][PASSED] - delay: Delayed 1 second(s)

2018-06-10 01:45:00 - [MESSAGE][PASSED] - Delayed 1 second(s)

2018-06-10 01:45:00 - [TEST_STEP][PASSED] - selectOptionByIndex: All options with index in [30] are selected on object 'Object Repository/DispensaryToCms/Page_Dispensary Store/select_--Select--Adernaline 0.'

2018-06-10 01:45:00 - [MESSAGE][PASSED] - All options with index in [30] are selected on object 'Object Repository/DispensaryToCms/Page_Dispensary Store/select_--Select--Adernaline 0.'

2018-06-10 01:45:00 - [TEST_STEP][PASSED] - setText: Text '100' is set on object 'Object Repository/DispensaryToCms/Page_Dispensary Store/input_txttreat'

2018-06-10 01:45:00 - [MESSAGE][PASSED] - Text '100' is set on object 'Object Repository/DispensaryToCms/Page_Dispensary Store/input_txttreat'

2018-06-10 01:45:00 - [TEST_STEP][PASSED] - click: Object: 'Object Repository/DispensaryToCms/Page_Dispensary Store/button_Add' is clicked on

2018-06-10 01:45:00 - [MESSAGE][PASSED] - Object: 'Object Repository/DispensaryToCms/Page_Dispensary Store/button_Add' is clicked on

2018-06-10 01:45:00 - [TEST_STEP][PASSED] - delay: Delayed 1 second(s)

2018-06-10 01:45:01 - [MESSAGE][PASSED] - Delayed 1 second(s)

2018-06-10 01:45:01 - [TEST_STEP][PASSED] - selectOptionByIndex: All options with index in [11] are selected on object 'Object Repository/DispensaryToCms/Page_Dispensary Store/select_--Select--Schedule 1Inj'

2018-06-10 01:45:01 - [MESSAGE][PASSED] - All options with index in [11] are selected on object 'Object Repository/DispensaryToCms/Page_Dispensary Store/select_--Select--Schedule 1Inj'

2018-06-10 01:45:01 - [TEST_STEP][PASSED] - delay: Delayed 1 second(s)

2018-06-10 01:45:02 - [MESSAGE][PASSED] - Delayed 1 second(s)

2018-06-10 01:45:02 - [TEST_STEP][PASSED] - selectOptionByIndex: All options with index in [31] are selected on object 'Object Repository/DispensaryToCms/Page_Dispensary Store/select_--Select--Adernaline 0.'

2018-06-10 01:45:03 - [MESSAGE][PASSED] - All options with index in [31] are selected on object 'Object Repository/DispensaryToCms/Page_Dispensary Store/select_--Select--Adernaline 0.'

2018-06-10 01:45:03 - [TEST_STEP][PASSED] - setText: Text '100' is set on object 'Object Repository/DispensaryToCms/Page_Dispensary Store/input_txttreat'

2018-06-10 01:45:03 - [MESSAGE][PASSED] - Text '100' is set on object 'Object Repository/DispensaryToCms/Page_Dispensary Store/input_txttreat'

2018-06-10 01:45:03 - [TEST_STEP][PASSED] - click: Object: 'Object Repository/DispensaryToCms/Page_Dispensary Store/button_Add' is clicked on

2018-06-10 01:45:03 - [MESSAGE][PASSED] - Object: 'Object Repository/DispensaryToCms/Page_Dispensary Store/button_Add' is clicked on

2018-06-10 01:45:03 - [TEST_STEP][PASSED] - delay: Delayed 1 second(s)

2018-06-10 01:45:04 - [MESSAGE][PASSED] - Delayed 1 second(s)

2018-06-10 01:45:04 - [TEST_STEP][PASSED] - selectOptionByIndex: All options with index in [11] are selected on object 'Object Repository/DispensaryToCms/Page_Dispensary Store/select_--Select--Schedule 1Inj'

2018-06-10 01:45:04 - [MESSAGE][PASSED] - All options with index in [11] are selected on object 'Object Repository/DispensaryToCms/Page_Dispensary Store/select_--Select--Schedule 1Inj'

2018-06-10 01:45:04 - [TEST_STEP][PASSED] - delay: Delayed 1 second(s)

2018-06-10 01:45:05 - [MESSAGE][PASSED] - Delayed 1 second(s)

2018-06-10 01:45:05 - [TEST_STEP][PASSED] - selectOptionByIndex: All options with index in [32] are selected on object 'Object Repository/DispensaryToCms/Page_Dispensary Store/select_--Select--Adernaline 0.'

2018-06-10 01:45:06 - [MESSAGE][PASSED] - All options with index in [32] are selected on object 'Object Repository/DispensaryToCms/Page_Dispensary Store/select_--Select--Adernaline 0.'

2018-06-10 01:45:06 - [TEST_STEP][PASSED] - setText: Text '100' is set on object 'Object Repository/DispensaryToCms/Page_Dispensary Store/input_txttreat'

2018-06-10 01:45:06 - [MESSAGE][PASSED] - Text '100' is set on object 'Object Repository/DispensaryToCms/Page_Dispensary Store/input_txttreat'

2018-06-10 01:45:06 - [TEST_STEP][PASSED] - click: Object: 'Object Repository/DispensaryToCms/Page_Dispensary Store/button_Add' is clicked on

2018-06-10 01:45:06 - [MESSAGE][PASSED] - Object: 'Object Repository/DispensaryToCms/Page_Dispensary Store/button_Add' is clicked on

2018-06-10 01:45:06 - [TEST_STEP][PASSED] - delay: Delayed 1 second(s)

2018-06-10 01:45:07 - [MESSAGE][PASSED] - Delayed 1 second(s)

2018-06-10 01:45:07 - [TEST_STEP][PASSED] - selectOptionByIndex: All options with index in [11] are selected on object 'Object Repository/DispensaryToCms/Page_Dispensary Store/select_--Select--Schedule 1Inj'

2018-06-10 01:45:07 - [MESSAGE][PASSED] - All options with index in [11] are selected on object 'Object Repository/DispensaryToCms/Page_Dispensary Store/select_--Select--Schedule 1Inj'

2018-06-10 01:45:07 - [TEST_STEP][PASSED] - delay: Delayed 1 second(s)

2018-06-10 01:45:08 - [MESSAGE][PASSED] - Delayed 1 second(s)

2018-06-10 01:45:08 - [TEST_STEP][PASSED] - selectOptionByIndex: All options with index in [33] are selected on object 'Object Repository/DispensaryToCms/Page_Dispensary Store/select_--Select--Adernaline 0.'

2018-06-10 01:45:09 - [MESSAGE][PASSED] - All options with index in [33] are selected on object 'Object Repository/DispensaryToCms/Page_Dispensary Store/select_--Select--Adernaline 0.'

2018-06-10 01:45:09 - [TEST_STEP][PASSED] - setText: Text '100' is set on object 'Object Repository/DispensaryToCms/Page_Dispensary Store/input_txttreat'

2018-06-10 01:45:09 - [MESSAGE][PASSED] - Text '100' is set on object 'Object Repository/DispensaryToCms/Page_Dispensary Store/input_txttreat'

2018-06-10 01:45:09 - [TEST_STEP][PASSED] - click: Object: 'Object Repository/DispensaryToCms/Page_Dispensary Store/button_Add' is clicked on

2018-06-10 01:45:09 - [MESSAGE][PASSED] - Object: 'Object Repository/DispensaryToCms/Page_Dispensary Store/button_Add' is clicked on

2018-06-10 01:45:09 - [TEST_STEP][PASSED] - delay: Delayed 1 second(s)

2018-06-10 01:45:10 - [MESSAGE][PASSED] - Delayed 1 second(s)

2018-06-10 01:45:10 - [TEST_STEP][PASSED] - selectOptionByIndex: All options with index in [11] are selected on object 'Object Repository/DispensaryToCms/Page_Dispensary Store/select_--Select--Schedule 1Inj'

2018-06-10 01:45:10 - [MESSAGE][PASSED] - All options with index in [11] are selected on object 'Object Repository/DispensaryToCms/Page_Dispensary Store/select_--Select--Schedule 1Inj'

2018-06-10 01:45:10 - [TEST_STEP][PASSED] - delay: Delayed 1 second(s)

2018-06-10 01:45:11 - [MESSAGE][PASSED] - Delayed 1 second(s)

2018-06-10 01:45:11 - [TEST_STEP][PASSED] - selectOptionByIndex: All options with index in [34] are selected on object 'Object Repository/DispensaryToCms/Page_Dispensary Store/select_--Select--Adernaline 0.'

2018-06-10 01:45:12 - [MESSAGE][PASSED] - All options with index in [34] are selected on object 'Object Repository/DispensaryToCms/Page_Dispensary Store/select_--Select--Adernaline 0.'

2018-06-10 01:45:12 - [TEST_STEP][PASSED] - setText: Text '100' is set on object 'Object Repository/DispensaryToCms/Page_Dispensary Store/input_txttreat'

2018-06-10 01:45:12 - [MESSAGE][PASSED] - Text '100' is set on object 'Object Repository/DispensaryToCms/Page_Dispensary Store/input_txttreat'

2018-06-10 01:45:12 - [TEST_STEP][PASSED] - click: Object: 'Object Repository/DispensaryToCms/Page_Dispensary Store/button_Add' is clicked on

2018-06-10 01:45:12 - [MESSAGE][PASSED] - Object: 'Object Repository/DispensaryToCms/Page_Dispensary Store/button_Add' is clicked on

2018-06-10 01:45:12 - [TEST_STEP][PASSED] - delay: Delayed 1 second(s)

2018-06-10 01:45:13 - [MESSAGE][PASSED] - Delayed 1 second(s)

2018-06-10 01:45:13 - [TEST_STEP][PASSED] - selectOptionByIndex: All options with index in [11] are selected on object 'Object Repository/DispensaryToCms/Page_Dispensary Store/select_--Select--Schedule 1Inj'

2018-06-10 01:45:13 - [MESSAGE][PASSED] - All options with index in [11] are selected on object 'Object Repository/DispensaryToCms/Page_Dispensary Store/select_--Select--Schedule 1Inj'

2018-06-10 01:45:13 - [TEST_STEP][PASSED] - delay: Delayed 1 second(s)

2018-06-10 01:45:14 - [MESSAGE][PASSED] - Delayed 1 second(s)

2018-06-10 01:45:14 - [TEST_STEP][PASSED] - selectOptionByIndex: All options with index in [35] are selected on object 'Object Repository/DispensaryToCms/Page_Dispensary Store/select_--Select--Adernaline 0.'

2018-06-10 01:45:15 - [MESSAGE][PASSED] - All options with index in [35] are selected on object 'Object Repository/DispensaryToCms/Page_Dispensary Store/select_--Select--Adernaline 0.'

2018-06-10 01:45:15 - [TEST_STEP][PASSED] - setText: Text '100' is set on object 'Object Repository/DispensaryToCms/Page_Dispensary Store/input_txttreat'

2018-06-10 01:45:15 - [MESSAGE][PASSED] - Text '100' is set on object 'Object Repository/DispensaryToCms/Page_Dispensary Store/input_txttreat'

2018-06-10 01:45:15 - [TEST_STEP][PASSED] - click: Object: 'Object Repository/DispensaryToCms/Page_Dispensary Store/button_Add' is clicked on

2018-06-10 01:45:15 - [MESSAGE][PASSED] - Object: 'Object Repository/DispensaryToCms/Page_Dispensary Store/button_Add' is clicked on

2018-06-10 01:45:15 - [TEST_STEP][PASSED] - delay: Delayed 1 second(s)

2018-06-10 01:45:16 - [MESSAGE][PASSED] - Delayed 1 second(s)

2018-06-10 01:45:16 - [TEST_STEP][PASSED] - selectOptionByIndex: All options with index in [11] are selected on object 'Object Repository/DispensaryToCms/Page_Dispensary Store/select_--Select--Schedule 1Inj'

2018-06-10 01:45:16 - [MESSAGE][PASSED] - All options with index in [11] are selected on object 'Object Repository/DispensaryToCms/Page_Dispensary Store/select_--Select--Schedule 1Inj'

2018-06-10 01:45:16 - [TEST_STEP][PASSED] - delay: Delayed 1 second(s)

2018-06-10 01:45:17 - [MESSAGE][PASSED] - Delayed 1 second(s)

2018-06-10 01:45:17 - [TEST_STEP][PASSED] - selectOptionByIndex: All options with index in [36] are selected on object 'Object Repository/DispensaryToCms/Page_Dispensary Store/select_--Select--Adernaline 0.'

2018-06-10 01:45:17 - [MESSAGE][PASSED] - All options with index in [36] are selected on object 'Object Repository/DispensaryToCms/Page_Dispensary Store/select_--Select--Adernaline 0.'

2018-06-10 01:45:17 - [TEST_STEP][PASSED] - setText: Text '100' is set on object 'Object Repository/DispensaryToCms/Page_Dispensary Store/input_txttreat'

2018-06-10 01:45:18 - [MESSAGE][PASSED] - Text '100' is set on object 'Object Repository/DispensaryToCms/Page_Dispensary Store/input_txttreat'

2018-06-10 01:45:18 - [TEST_STEP][PASSED] - click: Object: 'Object Repository/DispensaryToCms/Page_Dispensary Store/button_Add' is clicked on

2018-06-10 01:45:18 - [MESSAGE][PASSED] - Object: 'Object Repository/DispensaryToCms/Page_Dispensary Store/button_Add' is clicked on

2018-06-10 01:45:18 - [TEST_STEP][PASSED] - delay: Delayed 1 second(s)

2018-06-10 01:45:19 - [MESSAGE][PASSED] - Delayed 1 second(s)

2018-06-10 01:45:19 - [TEST_STEP][PASSED] - selectOptionByIndex: All options with index in [11] are selected on object 'Object Repository/DispensaryToCms/Page_Dispensary Store/select_--Select--Schedule 1Inj'

2018-06-10 01:45:19 - [MESSAGE][PASSED] - All options with index in [11] are selected on object 'Object Repository/DispensaryToCms/Page_Dispensary Store/select_--Select--Schedule 1Inj'

2018-06-10 01:45:19 - [TEST_STEP][PASSED] - delay: Delayed 1 second(s)

2018-06-10 01:45:20 - [MESSAGE][PASSED] - Delayed 1 second(s)

2018-06-10 01:45:20 - [TEST_STEP][PASSED] - selectOptionByIndex: All options with index in [37] are selected on object 'Object Repository/DispensaryToCms/Page_Dispensary Store/select_--Select--Adernaline 0.'

2018-06-10 01:45:20 - [MESSAGE][PASSED] - All options with index in [37] are selected on object 'Object Repository/DispensaryToCms/Page_Dispensary Store/select_--Select--Adernaline 0.'

2018-06-10 01:45:20 - [TEST_STEP][PASSED] - setText: Text '100' is set on object 'Object Repository/DispensaryToCms/Page_Dispensary Store/input_txttreat'

2018-06-10 01:45:20 - [MESSAGE][PASSED] - Text '100' is set on object 'Object Repository/DispensaryToCms/Page_Dispensary Store/input_txttreat'

2018-06-10 01:45:20 - [TEST_STEP][PASSED] - click: Object: 'Object Repository/DispensaryToCms/Page_Dispensary Store/button_Add' is clicked on

2018-06-10 01:45:21 - [MESSAGE][PASSED] - Object: 'Object Repository/DispensaryToCms/Page_Dispensary Store/button_Add' is clicked on

2018-06-10 01:45:21 - [TEST_STEP][PASSED] - delay: Delayed 1 second(s)

2018-06-10 01:45:22 - [MESSAGE][PASSED] - Delayed 1 second(s)

2018-06-10 01:45:22 - [TEST_STEP][PASSED] - selectOptionByIndex: All options with index in [11] are selected on object 'Object Repository/DispensaryToCms/Page_Dispensary Store/select_--Select--Schedule 1Inj'

2018-06-10 01:45:22 - [MESSAGE][PASSED] - All options with index in [11] are selected on object 'Object Repository/DispensaryToCms/Page_Dispensary Store/select_--Select--Schedule 1Inj'

2018-06-10 01:45:22 - [TEST_STEP][PASSED] - delay: Delayed 1 second(s)

2018-06-10 01:45:23 - [MESSAGE][PASSED] - Delayed 1 second(s)

2018-06-10 01:45:23 - [TEST_STEP][PASSED] - selectOptionByIndex: All options with index in [38] are selected on object 'Object Repository/DispensaryToCms/Page_Dispensary Store/select_--Select--Adernaline 0.'

2018-06-10 01:45:23 - [MESSAGE][PASSED] - All options with index in [38] are selected on object 'Object Repository/DispensaryToCms/Page_Dispensary Store/select_--Select--Adernaline 0.'

2018-06-10 01:45:23 - [TEST_STEP][PASSED] - setText: Text '100' is set on object 'Object Repository/DispensaryToCms/Page_Dispensary Store/input_txttreat'

2018-06-10 01:45:23 - [MESSAGE][PASSED] - Text '100' is set on object 'Object Repository/DispensaryToCms/Page_Dispensary Store/input_txttreat'

2018-06-10 01:45:23 - [TEST_STEP][PASSED] - click: Object: 'Object Repository/DispensaryToCms/Page_Dispensary Store/button_Add' is clicked on

2018-06-10 01:45:23 - [MESSAGE][PASSED] - Object: 'Object Repository/DispensaryToCms/Page_Dispensary Store/button_Add' is clicked on

2018-06-10 01:45:23 - [TEST_STEP][PASSED] - delay: Delayed 1 second(s)

2018-06-10 01:45:24 - [MESSAGE][PASSED] - Delayed 1 second(s)

2018-06-10 01:45:24 - [TEST_STEP][PASSED] - selectOptionByIndex: All options with index in [11] are selected on object 'Object Repository/DispensaryToCms/Page_Dispensary Store/select_--Select--Schedule 1Inj'

2018-06-10 01:45:25 - [MESSAGE][PASSED] - All options with index in [11] are selected on object 'Object Repository/DispensaryToCms/Page_Dispensary Store/select_--Select--Schedule 1Inj'

2018-06-10 01:45:25 - [TEST_STEP][PASSED] - delay: Delayed 1 second(s)

2018-06-10 01:45:26 - [MESSAGE][PASSED] - Delayed 1 second(s)

2018-06-10 01:45:26 - [TEST_STEP][PASSED] - selectOptionByIndex: All options with index in [39] are selected on object 'Object Repository/DispensaryToCms/Page_Dispensary Store/select_--Select--Adernaline 0.'

2018-06-10 01:45:26 - [MESSAGE][PASSED] - All options with index in [39] are selected on object 'Object Repository/DispensaryToCms/Page_Dispensary Store/select_--Select--Adernaline 0.'

2018-06-10 01:45:26 - [TEST_STEP][PASSED] - setText: Text '100' is set on object 'Object Repository/DispensaryToCms/Page_Dispensary Store/input_txttreat'

2018-06-10 01:45:26 - [MESSAGE][PASSED] - Text '100' is set on object 'Object Repository/DispensaryToCms/Page_Dispensary Store/input_txttreat'

2018-06-10 01:45:26 - [TEST_STEP][PASSED] - click: Object: 'Object Repository/DispensaryToCms/Page_Dispensary Store/button_Add' is clicked on

2018-06-10 01:45:26 - [MESSAGE][PASSED] - Object: 'Object Repository/DispensaryToCms/Page_Dispensary Store/button_Add' is clicked on

2018-06-10 01:45:26 - [TEST_STEP][PASSED] - delay: Delayed 1 second(s)

2018-06-10 01:45:27 - [MESSAGE][PASSED] - Delayed 1 second(s)

2018-06-10 01:45:27 - [TEST_STEP][PASSED] - selectOptionByIndex: All options with index in [11] are selected on object 'Object Repository/DispensaryToCms/Page_Dispensary Store/select_--Select--Schedule 1Inj'

2018-06-10 01:45:28 - [MESSAGE][PASSED] - All options with index in [11] are selected on object 'Object Repository/DispensaryToCms/Page_Dispensary Store/select_--Select--Schedule 1Inj'

2018-06-10 01:45:28 - [TEST_STEP][PASSED] - delay: Delayed 1 second(s)

2018-06-10 01:45:29 - [MESSAGE][PASSED] - Delayed 1 second(s)

2018-06-10 01:45:29 - [TEST_STEP][PASSED] - selectOptionByIndex: All options with index in [40] are selected on object 'Object Repository/DispensaryToCms/Page_Dispensary Store/select_--Select--Adernaline 0.'

2018-06-10 01:45:29 - [MESSAGE][PASSED] - All options with index in [40] are selected on object 'Object Repository/DispensaryToCms/Page_Dispensary Store/select_--Select--Adernaline 0.'

2018-06-10 01:45:29 - [TEST_STEP][PASSED] - setText: Text '100' is set on object 'Object Repository/DispensaryToCms/Page_Dispensary Store/input_txttreat'

2018-06-10 01:45:29 - [MESSAGE][PASSED] - Text '100' is set on object 'Object Repository/DispensaryToCms/Page_Dispensary Store/input_txttreat'

2018-06-10 01:45:29 - [TEST_STEP][PASSED] - click: Object: 'Object Repository/DispensaryToCms/Page_Dispensary Store/button_Add' is clicked on

2018-06-10 01:45:29 - [MESSAGE][PASSED] - Object: 'Object Repository/DispensaryToCms/Page_Dispensary Store/button_Add' is clicked on

2018-06-10 01:45:29 - [TEST_STEP][PASSED] - delay: Delayed 1 second(s)

2018-06-10 01:45:30 - [MESSAGE][PASSED] - Delayed 1 second(s)

2018-06-10 01:45:30 - [TEST_STEP][PASSED] - selectOptionByIndex: All options with index in [11] are selected on object 'Object Repository/DispensaryToCms/Page_Dispensary Store/select_--Select--Schedule 1Inj'

2018-06-10 01:45:30 - [MESSAGE][PASSED] - All options with index in [11] are selected on object 'Object Repository/DispensaryToCms/Page_Dispensary Store/select_--Select--Schedule 1Inj'

2018-06-10 01:45:30 - [TEST_STEP][PASSED] - delay: Delayed 1 second(s)

2018-06-10 01:45:31 - [MESSAGE][PASSED] - Delayed 1 second(s)

2018-06-10 01:45:31 - [TEST_STEP][PASSED] - selectOptionByIndex: All options with index in [41] are selected on object 'Object Repository/DispensaryToCms/Page_Dispensary Store/select_--Select--Adernaline 0.'

2018-06-10 01:45:32 - [MESSAGE][PASSED] - All options with index in [41] are selected on object 'Object Repository/DispensaryToCms/Page_Dispensary Store/select_--Select--Adernaline 0.'

2018-06-10 01:45:32 - [TEST_STEP][PASSED] - setText: Text '100' is set on object 'Object Repository/DispensaryToCms/Page_Dispensary Store/input_txttreat'

2018-06-10 01:45:32 - [MESSAGE][PASSED] - Text '100' is set on object 'Object Repository/DispensaryToCms/Page_Dispensary Store/input_txttreat'

2018-06-10 01:45:32 - [TEST_STEP][PASSED] - click: Object: 'Object Repository/DispensaryToCms/Page_Dispensary Store/button_Add' is clicked on

2018-06-10 01:45:32 - [MESSAGE][PASSED] - Object: 'Object Repository/DispensaryToCms/Page_Dispensary Store/button_Add' is clicked on

2018-06-10 01:45:32 - [TEST_STEP][PASSED] - delay: Delayed 1 second(s)

2018-06-10 01:45:33 - [MESSAGE][PASSED] - Delayed 1 second(s)

2018-06-10 01:45:33 - [TEST_STEP][PASSED] - selectOptionByIndex: All options with index in [11] are selected on object 'Object Repository/DispensaryToCms/Page_Dispensary Store/select_--Select--Schedule 1Inj'

2018-06-10 01:45:33 - [MESSAGE][PASSED] - All options with index in [11] are selected on object 'Object Repository/DispensaryToCms/Page_Dispensary Store/select_--Select--Schedule 1Inj'

2018-06-10 01:45:33 - [TEST_STEP][PASSED] - delay: Delayed 1 second(s)

2018-06-10 01:45:34 - [MESSAGE][PASSED] - Delayed 1 second(s)

2018-06-10 01:45:34 - [TEST_STEP][PASSED] - selectOptionByIndex: All options with index in [42] are selected on object 'Object Repository/DispensaryToCms/Page_Dispensary Store/select_--Select--Adernaline 0.'

2018-06-10 01:45:35 - [MESSAGE][PASSED] - All options with index in [42] are selected on object 'Object Repository/DispensaryToCms/Page_Dispensary Store/select_--Select--Adernaline 0.'

2018-06-10 01:45:35 - [TEST_STEP][PASSED] - setText: Text '100' is set on object 'Object Repository/DispensaryToCms/Page_Dispensary Store/input_txttreat'

2018-06-10 01:45:35 - [MESSAGE][PASSED] - Text '100' is set on object 'Object Repository/DispensaryToCms/Page_Dispensary Store/input_txttreat'

2018-06-10 01:45:35 - [TEST_STEP][PASSED] - click: Object: 'Object Repository/DispensaryToCms/Page_Dispensary Store/button_Add' is clicked on

2018-06-10 01:45:35 - [MESSAGE][PASSED] - Object: 'Object Repository/DispensaryToCms/Page_Dispensary Store/button_Add' is clicked on

2018-06-10 01:45:35 - [TEST_STEP][PASSED] - delay: Delayed 1 second(s)

2018-06-10 01:45:36 - [MESSAGE][PASSED] - Delayed 1 second(s)

2018-06-10 01:45:36 - [TEST_STEP][PASSED] - selectOptionByIndex: All options with index in [11] are selected on object 'Object Repository/DispensaryToCms/Page_Dispensary Store/select_--Select--Schedule 1Inj'

2018-06-10 01:45:36 - [MESSAGE][PASSED] - All options with index in [11] are selected on object 'Object Repository/DispensaryToCms/Page_Dispensary Store/select_--Select--Schedule 1Inj'

2018-06-10 01:45:36 - [TEST_STEP][PASSED] - delay: Delayed 1 second(s)

2018-06-10 01:45:37 - [MESSAGE][PASSED] - Delayed 1 second(s)

2018-06-10 01:45:37 - [TEST_STEP][PASSED] - selectOptionByIndex: All options with index in [43] are selected on object 'Object Repository/DispensaryToCms/Page_Dispensary Store/select_--Select--Adernaline 0.'

2018-06-10 01:45:38 - [MESSAGE][PASSED] - All options with index in [43] are selected on object 'Object Repository/DispensaryToCms/Page_Dispensary Store/select_--Select--Adernaline 0.'

2018-06-10 01:45:38 - [TEST_STEP][PASSED] - setText: Text '100' is set on object 'Object Repository/DispensaryToCms/Page_Dispensary Store/input_txttreat'

2018-06-10 01:45:38 - [MESSAGE][PASSED] - Text '100' is set on object 'Object Repository/DispensaryToCms/Page_Dispensary Store/input_txttreat'

2018-06-10 01:45:38 - [TEST_STEP][PASSED] - click: Object: 'Object Repository/DispensaryToCms/Page_Dispensary Store/button_Add' is clicked on

2018-06-10 01:45:38 - [MESSAGE][PASSED] - Object: 'Object Repository/DispensaryToCms/Page_Dispensary Store/button_Add' is clicked on

2018-06-10 01:45:38 - [TEST_STEP][PASSED] - delay: Delayed 1 second(s)

2018-06-10 01:45:39 - [MESSAGE][PASSED] - Delayed 1 second(s)

2018-06-10 01:45:39 - [TEST_STEP][PASSED] - selectOptionByIndex: All options with index in [11] are selected on object 'Object Repository/DispensaryToCms/Page_Dispensary Store/select_--Select--Schedule 1Inj'

2018-06-10 01:45:39 - [MESSAGE][PASSED] - All options with index in [11] are selected on object 'Object Repository/DispensaryToCms/Page_Dispensary Store/select_--Select--Schedule 1Inj'

2018-06-10 01:45:39 - [TEST_STEP][PASSED] - delay: Delayed 1 second(s)

2018-06-10 01:45:40 - [MESSAGE][PASSED] - Delayed 1 second(s)

2018-06-10 01:45:40 - [TEST_STEP][PASSED] - selectOptionByIndex: All options with index in [44] are selected on object 'Object Repository/DispensaryToCms/Page_Dispensary Store/select_--Select--Adernaline 0.'

2018-06-10 01:45:41 - [MESSAGE][PASSED] - All options with index in [44] are selected on object 'Object Repository/DispensaryToCms/Page_Dispensary Store/select_--Select--Adernaline 0.'

2018-06-10 01:45:41 - [TEST_STEP][PASSED] - setText: Text '100' is set on object 'Object Repository/DispensaryToCms/Page_Dispensary Store/input_txttreat'

2018-06-10 01:45:41 - [MESSAGE][PASSED] - Text '100' is set on object 'Object Repository/DispensaryToCms/Page_Dispensary Store/input_txttreat'

2018-06-10 01:45:41 - [TEST_STEP][PASSED] - click: Object: 'Object Repository/DispensaryToCms/Page_Dispensary Store/button_Add' is clicked on

2018-06-10 01:45:41 - [MESSAGE][PASSED] - Object: 'Object Repository/DispensaryToCms/Page_Dispensary Store/button_Add' is clicked on

2018-06-10 01:45:41 - [TEST_STEP][PASSED] - delay: Delayed 1 second(s)

2018-06-10 01:45:42 - [MESSAGE][PASSED] - Delayed 1 second(s)

2018-06-10 01:45:42 - [TEST_STEP][PASSED] - selectOptionByIndex: All options with index in [11] are selected on object 'Object Repository/DispensaryToCms/Page_Dispensary Store/select_--Select--Schedule 1Inj'

2018-06-10 01:45:42 - [MESSAGE][PASSED] - All options with index in [11] are selected on object 'Object Repository/DispensaryToCms/Page_Dispensary Store/select_--Select--Schedule 1Inj'

2018-06-10 01:45:42 - [TEST_STEP][PASSED] - delay: Delayed 1 second(s)

2018-06-10 01:45:43 - [MESSAGE][PASSED] - Delayed 1 second(s)

2018-06-10 01:45:43 - [TEST_STEP][PASSED] - selectOptionByIndex: All options with index in [45] are selected on object 'Object Repository/DispensaryToCms/Page_Dispensary Store/select_--Select--Adernaline 0.'

2018-06-10 01:45:44 - [MESSAGE][PASSED] - All options with index in [45] are selected on object 'Object Repository/DispensaryToCms/Page_Dispensary Store/select_--Select--Adernaline 0.'

2018-06-10 01:45:44 - [TEST_STEP][PASSED] - setText: Text '100' is set on object 'Object Repository/DispensaryToCms/Page_Dispensary Store/input_txttreat'

2018-06-10 01:45:44 - [MESSAGE][PASSED] - Text '100' is set on object 'Object Repository/DispensaryToCms/Page_Dispensary Store/input_txttreat'

2018-06-10 01:45:44 - [TEST_STEP][PASSED] - click: Object: 'Object Repository/DispensaryToCms/Page_Dispensary Store/button_Add' is clicked on

2018-06-10 01:45:44 - [MESSAGE][PASSED] - Object: 'Object Repository/DispensaryToCms/Page_Dispensary Store/button_Add' is clicked on

2018-06-10 01:45:44 - [TEST_STEP][PASSED] - delay: Delayed 1 second(s)

2018-06-10 01:45:45 - [MESSAGE][PASSED] - Delayed 1 second(s)

2018-06-10 01:45:45 - [TEST_STEP][PASSED] - selectOptionByIndex: All options with index in [11] are selected on object 'Object Repository/DispensaryToCms/Page_Dispensary Store/select_--Select--Schedule 1Inj'

2018-06-10 01:45:45 - [MESSAGE][PASSED] - All options with index in [11] are selected on object 'Object Repository/DispensaryToCms/Page_Dispensary Store/select_--Select--Schedule 1Inj'

2018-06-10 01:45:45 - [TEST_STEP][PASSED] - delay: Delayed 1 second(s)

2018-06-10 01:45:46 - [MESSAGE][PASSED] - Delayed 1 second(s)

2018-06-10 01:45:46 - [TEST_STEP][PASSED] - selectOptionByIndex: All options with index in [46] are selected on object 'Object Repository/DispensaryToCms/Page_Dispensary Store/select_--Select--Adernaline 0.'

2018-06-10 01:45:47 - [MESSAGE][PASSED] - All options with index in [46] are selected on object 'Object Repository/DispensaryToCms/Page_Dispensary Store/select_--Select--Adernaline 0.'

2018-06-10 01:45:47 - [TEST_STEP][PASSED] - setText: Text '100' is set on object 'Object Repository/DispensaryToCms/Page_Dispensary Store/input_txttreat'

2018-06-10 01:45:47 - [MESSAGE][PASSED] - Text '100' is set on object 'Object Repository/DispensaryToCms/Page_Dispensary Store/input_txttreat'

2018-06-10 01:45:47 - [TEST_STEP][PASSED] - click: Object: 'Object Repository/DispensaryToCms/Page_Dispensary Store/button_Add' is clicked on

2018-06-10 01:45:47 - [MESSAGE][PASSED] - Object: 'Object Repository/DispensaryToCms/Page_Dispensary Store/button_Add' is clicked on

2018-06-10 01:45:47 - [TEST_STEP][PASSED] - delay: Delayed 1 second(s)

2018-06-10 01:45:48 - [MESSAGE][PASSED] - Delayed 1 second(s)

2018-06-10 01:45:48 - [TEST_STEP][PASSED] - selectOptionByIndex: All options with index in [11] are selected on object 'Object Repository/DispensaryToCms/Page_Dispensary Store/select_--Select--Schedule 1Inj'

2018-06-10 01:45:48 - [MESSAGE][PASSED] - All options with index in [11] are selected on object 'Object Repository/DispensaryToCms/Page_Dispensary Store/select_--Select--Schedule 1Inj'

2018-06-10 01:45:48 - [TEST_STEP][PASSED] - delay: Delayed 1 second(s)

2018-06-10 01:45:49 - [MESSAGE][PASSED] - Delayed 1 second(s)

2018-06-10 01:45:49 - [TEST_STEP][PASSED] - selectOptionByIndex: All options with index in [47] are selected on object 'Object Repository/DispensaryToCms/Page_Dispensary Store/select_--Select--Adernaline 0.'

2018-06-10 01:45:50 - [MESSAGE][PASSED] - All options with index in [47] are selected on object 'Object Repository/DispensaryToCms/Page_Dispensary Store/select_--Select--Adernaline 0.'

2018-06-10 01:45:50 - [TEST_STEP][PASSED] - setText: Text '100' is set on object 'Object Repository/DispensaryToCms/Page_Dispensary Store/input_txttreat'

2018-06-10 01:45:50 - [MESSAGE][PASSED] - Text '100' is set on object 'Object Repository/DispensaryToCms/Page_Dispensary Store/input_txttreat'

2018-06-10 01:45:50 - [TEST_STEP][PASSED] - click: Object: 'Object Repository/DispensaryToCms/Page_Dispensary Store/button_Add' is clicked on

2018-06-10 01:45:50 - [MESSAGE][PASSED] - Object: 'Object Repository/DispensaryToCms/Page_Dispensary Store/button_Add' is clicked on

2018-06-10 01:45:50 - [TEST_STEP][PASSED] - delay: Delayed 1 second(s)

2018-06-10 01:45:51 - [MESSAGE][PASSED] - Delayed 1 second(s)

2018-06-10 01:45:51 - [TEST_STEP][PASSED] - selectOptionByIndex: All options with index in [11] are selected on object 'Object Repository/DispensaryToCms/Page_Dispensary Store/select_--Select--Schedule 1Inj'

2018-06-10 01:45:51 - [MESSAGE][PASSED] - All options with index in [11] are selected on object 'Object Repository/DispensaryToCms/Page_Dispensary Store/select_--Select--Schedule 1Inj'

2018-06-10 01:45:51 - [TEST_STEP][PASSED] - delay: Delayed 1 second(s)

2018-06-10 01:45:52 - [MESSAGE][PASSED] - Delayed 1 second(s)

2018-06-10 01:45:52 - [TEST_STEP][PASSED] - selectOptionByIndex: All options with index in [48] are selected on object 'Object Repository/DispensaryToCms/Page_Dispensary Store/select_--Select--Adernaline 0.'

2018-06-10 01:45:53 - [MESSAGE][PASSED] - All options with index in [48] are selected on object 'Object Repository/DispensaryToCms/Page_Dispensary Store/select_--Select--Adernaline 0.'

2018-06-10 01:45:53 - [TEST_STEP][PASSED] - setText: Text '100' is set on object 'Object Repository/DispensaryToCms/Page_Dispensary Store/input_txttreat'

2018-06-10 01:45:53 - [MESSAGE][PASSED] - Text '100' is set on object 'Object Repository/DispensaryToCms/Page_Dispensary Store/input_txttreat'

2018-06-10 01:45:53 - [TEST_STEP][PASSED] - click: Object: 'Object Repository/DispensaryToCms/Page_Dispensary Store/button_Add' is clicked on

2018-06-10 01:45:53 - [MESSAGE][PASSED] - Object: 'Object Repository/DispensaryToCms/Page_Dispensary Store/button_Add' is clicked on

2018-06-10 01:45:53 - [TEST_STEP][PASSED] - delay: Delayed 1 second(s)

2018-06-10 01:45:54 - [MESSAGE][PASSED] - Delayed 1 second(s)

2018-06-10 01:45:54 - [TEST_STEP][PASSED] - selectOptionByIndex: All options with index in [11] are selected on object 'Object Repository/DispensaryToCms/Page_Dispensary Store/select_--Select--Schedule 1Inj'

2018-06-10 01:45:54 - [MESSAGE][PASSED] - All options with index in [11] are selected on object 'Object Repository/DispensaryToCms/Page_Dispensary Store/select_--Select--Schedule 1Inj'

2018-06-10 01:45:54 - [TEST_STEP][PASSED] - delay: Delayed 1 second(s)

2018-06-10 01:45:55 - [MESSAGE][PASSED] - Delayed 1 second(s)

2018-06-10 01:45:55 - [TEST_STEP][PASSED] - selectOptionByIndex: All options with index in [49] are selected on object 'Object Repository/DispensaryToCms/Page_Dispensary Store/select_--Select--Adernaline 0.'

2018-06-10 01:45:56 - [MESSAGE][PASSED] - All options with index in [49] are selected on object 'Object Repository/DispensaryToCms/Page_Dispensary Store/select_--Select--Adernaline 0.'

2018-06-10 01:45:56 - [TEST_STEP][PASSED] - setText: Text '100' is set on object 'Object Repository/DispensaryToCms/Page_Dispensary Store/input_txttreat'

2018-06-10 01:45:56 - [MESSAGE][PASSED] - Text '100' is set on object 'Object Repository/DispensaryToCms/Page_Dispensary Store/input_txttreat'

2018-06-10 01:45:56 - [TEST_STEP][PASSED] - click: Object: 'Object Repository/DispensaryToCms/Page_Dispensary Store/button_Add' is clicked on

2018-06-10 01:45:56 - [MESSAGE][PASSED] - Object: 'Object Repository/DispensaryToCms/Page_Dispensary Store/button_Add' is clicked on

2018-06-10 01:45:56 - [TEST_STEP][PASSED] - delay: Delayed 1 second(s)

2018-06-10 01:45:57 - [MESSAGE][PASSED] - Delayed 1 second(s)

2018-06-10 01:45:57 - [TEST_STEP][PASSED] - selectOptionByIndex: All options with index in [11] are selected on object 'Object Repository/DispensaryToCms/Page_Dispensary Store/select_--Select--Schedule 1Inj'

2018-06-10 01:45:57 - [MESSAGE][PASSED] - All options with index in [11] are selected on object 'Object Repository/DispensaryToCms/Page_Dispensary Store/select_--Select--Schedule 1Inj'

2018-06-10 01:45:57 - [TEST_STEP][PASSED] - delay: Delayed 1 second(s)

2018-06-10 01:45:58 - [MESSAGE][PASSED] - Delayed 1 second(s)

2018-06-10 01:45:58 - [TEST_STEP][PASSED] - selectOptionByIndex: All options with index in [50] are selected on object 'Object Repository/DispensaryToCms/Page_Dispensary Store/select_--Select--Adernaline 0.'

2018-06-10 01:45:59 - [MESSAGE][PASSED] - All options with index in [50] are selected on object 'Object Repository/DispensaryToCms/Page_Dispensary Store/select_--Select--Adernaline 0.'

2018-06-10 01:45:59 - [TEST_STEP][PASSED] - setText: Text '100' is set on object 'Object Repository/DispensaryToCms/Page_Dispensary Store/input_txttreat'

2018-06-10 01:45:59 - [MESSAGE][PASSED] - Text '100' is set on object 'Object Repository/DispensaryToCms/Page_Dispensary Store/input_txttreat'

2018-06-10 01:45:59 - [TEST_STEP][PASSED] - click: Object: 'Object Repository/DispensaryToCms/Page_Dispensary Store/button_Add' is clicked on

2018-06-10 01:45:59 - [MESSAGE][PASSED] - Object: 'Object Repository/DispensaryToCms/Page_Dispensary Store/button_Add' is clicked on

2018-06-10 01:45:59 - [TEST_STEP][PASSED] - delay: Delayed 1 second(s)

2018-06-10 01:46:00 - [MESSAGE][PASSED] - Delayed 1 second(s)

2018-06-10 01:46:00 - [TEST_STEP][PASSED] - selectOptionByIndex: All options with index in [11] are selected on object 'Object Repository/DispensaryToCms/Page_Dispensary Store/select_--Select--Schedule 1Inj'

2018-06-10 01:46:00 - [MESSAGE][PASSED] - All options with index in [11] are selected on object 'Object Repository/DispensaryToCms/Page_Dispensary Store/select_--Select--Schedule 1Inj'

2018-06-10 01:46:00 - [TEST_STEP][PASSED] - delay: Delayed 1 second(s)

2018-06-10 01:46:01 - [MESSAGE][PASSED] - Delayed 1 second(s)

2018-06-10 01:46:01 - [TEST_STEP][PASSED] - selectOptionByIndex: All options with index in [51] are selected on object 'Object Repository/DispensaryToCms/Page_Dispensary Store/select_--Select--Adernaline 0.'

2018-06-10 01:46:02 - [MESSAGE][PASSED] - All options with index in [51] are selected on object 'Object Repository/DispensaryToCms/Page_Dispensary Store/select_--Select--Adernaline 0.'

2018-06-10 01:46:02 - [TEST_STEP][PASSED] - setText: Text '100' is set on object 'Object Repository/DispensaryToCms/Page_Dispensary Store/input_txttreat'

2018-06-10 01:46:02 - [MESSAGE][PASSED] - Text '100' is set on object 'Object Repository/DispensaryToCms/Page_Dispensary Store/input_txttreat'

2018-06-10 01:46:02 - [TEST_STEP][PASSED] - click: Object: 'Object Repository/DispensaryToCms/Page_Dispensary Store/button_Add' is clicked on

2018-06-10 01:46:02 - [MESSAGE][PASSED] - Object: 'Object Repository/DispensaryToCms/Page_Dispensary Store/button_Add' is clicked on

2018-06-10 01:46:02 - [TEST_STEP][PASSED] - delay: Delayed 1 second(s)

2018-06-10 01:46:03 - [MESSAGE][PASSED] - Delayed 1 second(s)

2018-06-10 01:46:03 - [TEST_STEP][PASSED] - selectOptionByIndex: All options with index in [11] are selected on object 'Object Repository/DispensaryToCms/Page_Dispensary Store/select_--Select--Schedule 1Inj'

2018-06-10 01:46:03 - [MESSAGE][PASSED] - All options with index in [11] are selected on object 'Object Repository/DispensaryToCms/Page_Dispensary Store/select_--Select--Schedule 1Inj'

2018-06-10 01:46:03 - [TEST_STEP][PASSED] - delay: Delayed 1 second(s)

2018-06-10 01:46:04 - [MESSAGE][PASSED] - Delayed 1 second(s)

2018-06-10 01:46:04 - [TEST_STEP][PASSED] - selectOptionByIndex: All options with index in [52] are selected on object 'Object Repository/DispensaryToCms/Page_Dispensary Store/select_--Select--Adernaline 0.'

2018-06-10 01:46:05 - [MESSAGE][PASSED] - All options with index in [52] are selected on object 'Object Repository/DispensaryToCms/Page_Dispensary Store/select_--Select--Adernaline 0.'

2018-06-10 01:46:05 - [TEST_STEP][PASSED] - setText: Text '100' is set on object 'Object Repository/DispensaryToCms/Page_Dispensary Store/input_txttreat'

2018-06-10 01:46:05 - [MESSAGE][PASSED] - Text '100' is set on object 'Object Repository/DispensaryToCms/Page_Dispensary Store/input_txttreat'

2018-06-10 01:46:05 - [TEST_STEP][PASSED] - click: Object: 'Object Repository/DispensaryToCms/Page_Dispensary Store/button_Add' is clicked on

2018-06-10 01:46:05 - [MESSAGE][PASSED] - Object: 'Object Repository/DispensaryToCms/Page_Dispensary Store/button_Add' is clicked on

2018-06-10 01:46:05 - [TEST_STEP][PASSED] - delay: Delayed 1 second(s)

2018-06-10 01:46:06 - [MESSAGE][PASSED] - Delayed 1 second(s)

2018-06-10 01:46:06 - [TEST_STEP][PASSED] - selectOptionByIndex: All options with index in [11] are selected on object 'Object Repository/DispensaryToCms/Page_Dispensary Store/select_--Select--Schedule 1Inj'

2018-06-10 01:46:07 - [MESSAGE][PASSED] - All options with index in [11] are selected on object 'Object Repository/DispensaryToCms/Page_Dispensary Store/select_--Select--Schedule 1Inj'

2018-06-10 01:46:07 - [TEST_STEP][PASSED] - delay: Delayed 1 second(s)

2018-06-10 01:46:08 - [MESSAGE][PASSED] - Delayed 1 second(s)

2018-06-10 01:46:08 - [TEST_STEP][PASSED] - selectOptionByIndex: All options with index in [53] are selected on object 'Object Repository/DispensaryToCms/Page_Dispensary Store/select_--Select--Adernaline 0.'

2018-06-10 01:46:08 - [MESSAGE][PASSED] - All options with index in [53] are selected on object 'Object Repository/DispensaryToCms/Page_Dispensary Store/select_--Select--Adernaline 0.'

2018-06-10 01:46:08 - [TEST_STEP][PASSED] - setText: Text '100' is set on object 'Object Repository/DispensaryToCms/Page_Dispensary Store/input_txttreat'

2018-06-10 01:46:08 - [MESSAGE][PASSED] - Text '100' is set on object 'Object Repository/DispensaryToCms/Page_Dispensary Store/input_txttreat'

2018-06-10 01:46:08 - [TEST_STEP][PASSED] - click: Object: 'Object Repository/DispensaryToCms/Page_Dispensary Store/button_Add' is clicked on

2018-06-10 01:46:08 - [MESSAGE][PASSED] - Object: 'Object Repository/DispensaryToCms/Page_Dispensary Store/button_Add' is clicked on

2018-06-10 01:46:08 - [TEST_STEP][PASSED] - delay: Delayed 1 second(s)

2018-06-10 01:46:09 - [MESSAGE][PASSED] - Delayed 1 second(s)

2018-06-10 01:46:09 - [TEST_STEP][PASSED] - selectOptionByIndex: All options with index in [11] are selected on object 'Object Repository/DispensaryToCms/Page_Dispensary Store/select_--Select--Schedule 1Inj'

2018-06-10 01:46:10 - [MESSAGE][PASSED] - All options with index in [11] are selected on object 'Object Repository/DispensaryToCms/Page_Dispensary Store/select_--Select--Schedule 1Inj'

2018-06-10 01:46:10 - [TEST_STEP][PASSED] - delay: Delayed 1 second(s)

2018-06-10 01:46:11 - [MESSAGE][PASSED] - Delayed 1 second(s)

2018-06-10 01:46:11 - [TEST_STEP][PASSED] - selectOptionByIndex: All options with index in [54] are selected on object 'Object Repository/DispensaryToCms/Page_Dispensary Store/select_--Select--Adernaline 0.'

2018-06-10 01:46:11 - [MESSAGE][PASSED] - All options with index in [54] are selected on object 'Object Repository/DispensaryToCms/Page_Dispensary Store/select_--Select--Adernaline 0.'

2018-06-10 01:46:11 - [TEST_STEP][PASSED] - setText: Text '100' is set on object 'Object Repository/DispensaryToCms/Page_Dispensary Store/input_txttreat'

2018-06-10 01:46:11 - [MESSAGE][PASSED] - Text '100' is set on object 'Object Repository/DispensaryToCms/Page_Dispensary Store/input_txttreat'

2018-06-10 01:46:11 - [TEST_STEP][PASSED] - click: Object: 'Object Repository/DispensaryToCms/Page_Dispensary Store/button_Add' is clicked on

2018-06-10 01:46:11 - [MESSAGE][PASSED] - Object: 'Object Repository/DispensaryToCms/Page_Dispensary Store/button_Add' is clicked on

2018-06-10 01:46:11 - [TEST_STEP][PASSED] - delay: Delayed 1 second(s)

2018-06-10 01:46:12 - [MESSAGE][PASSED] - Delayed 1 second(s)

2018-06-10 01:46:12 - [TEST_STEP][PASSED] - selectOptionByIndex: All options with index in [11] are selected on object 'Object Repository/DispensaryToCms/Page_Dispensary Store/select_--Select--Schedule 1Inj'

2018-06-10 01:46:13 - [MESSAGE][PASSED] - All options with index in [11] are selected on object 'Object Repository/DispensaryToCms/Page_Dispensary Store/select_--Select--Schedule 1Inj'

2018-06-10 01:46:13 - [TEST_STEP][PASSED] - delay: Delayed 1 second(s)

2018-06-10 01:46:14 - [MESSAGE][PASSED] - Delayed 1 second(s)

2018-06-10 01:46:14 - [TEST_STEP][PASSED] - selectOptionByIndex: All options with index in [55] are selected on object 'Object Repository/DispensaryToCms/Page_Dispensary Store/select_--Select--Adernaline 0.'

2018-06-10 01:46:14 - [MESSAGE][PASSED] - All options with index in [55] are selected on object 'Object Repository/DispensaryToCms/Page_Dispensary Store/select_--Select--Adernaline 0.'

2018-06-10 01:46:14 - [TEST_STEP][PASSED] - setText: Text '100' is set on object 'Object Repository/DispensaryToCms/Page_Dispensary Store/input_txttreat'

2018-06-10 01:46:14 - [MESSAGE][PASSED] - Text '100' is set on object 'Object Repository/DispensaryToCms/Page_Dispensary Store/input_txttreat'

2018-06-10 01:46:14 - [TEST_STEP][PASSED] - click: Object: 'Object Repository/DispensaryToCms/Page_Dispensary Store/button_Add' is clicked on

2018-06-10 01:46:15 - [MESSAGE][PASSED] - Object: 'Object Repository/DispensaryToCms/Page_Dispensary Store/button_Add' is clicked on

2018-06-10 01:46:15 - [TEST_STEP][PASSED] - delay: Delayed 1 second(s)

2018-06-10 01:46:16 - [MESSAGE][PASSED] - Delayed 1 second(s)

2018-06-10 01:46:16 - [TEST_STEP][PASSED] - selectOptionByIndex: All options with index in [11] are selected on object 'Object Repository/DispensaryToCms/Page_Dispensary Store/select_--Select--Schedule 1Inj'

2018-06-10 01:46:16 - [MESSAGE][PASSED] - All options with index in [11] are selected on object 'Object Repository/DispensaryToCms/Page_Dispensary Store/select_--Select--Schedule 1Inj'

2018-06-10 01:46:16 - [TEST_STEP][PASSED] - delay: Delayed 1 second(s)

2018-06-10 01:46:17 - [MESSAGE][PASSED] - Delayed 1 second(s)

2018-06-10 01:46:17 - [TEST_STEP][PASSED] - selectOptionByIndex: All options with index in [56] are selected on object 'Object Repository/DispensaryToCms/Page_Dispensary Store/select_--Select--Adernaline 0.'

2018-06-10 01:46:17 - [MESSAGE][PASSED] - All options with index in [56] are selected on object 'Object Repository/DispensaryToCms/Page_Dispensary Store/select_--Select--Adernaline 0.'

2018-06-10 01:46:17 - [TEST_STEP][PASSED] - setText: Text '100' is set on object 'Object Repository/DispensaryToCms/Page_Dispensary Store/input_txttreat'

2018-06-10 01:46:18 - [MESSAGE][PASSED] - Text '100' is set on object 'Object Repository/DispensaryToCms/Page_Dispensary Store/input_txttreat'

2018-06-10 01:46:18 - [TEST_STEP][PASSED] - click: Object: 'Object Repository/DispensaryToCms/Page_Dispensary Store/button_Add' is clicked on

2018-06-10 01:46:18 - [MESSAGE][PASSED] - Object: 'Object Repository/DispensaryToCms/Page_Dispensary Store/button_Add' is clicked on

2018-06-10 01:46:18 - [TEST_STEP][PASSED] - delay: Delayed 1 second(s)

2018-06-10 01:46:19 - [MESSAGE][PASSED] - Delayed 1 second(s)

2018-06-10 01:46:19 - [TEST_STEP][PASSED] - selectOptionByIndex: All options with index in [11] are selected on object 'Object Repository/DispensaryToCms/Page_Dispensary Store/select_--Select--Schedule 1Inj'

2018-06-10 01:46:19 - [MESSAGE][PASSED] - All options with index in [11] are selected on object 'Object Repository/DispensaryToCms/Page_Dispensary Store/select_--Select--Schedule 1Inj'

2018-06-10 01:46:19 - [TEST_STEP][PASSED] - delay: Delayed 1 second(s)

2018-06-10 01:46:20 - [MESSAGE][PASSED] - Delayed 1 second(s)

2018-06-10 01:46:20 - [TEST_STEP][PASSED] - selectOptionByIndex: All options with index in [57] are selected on object 'Object Repository/DispensaryToCms/Page_Dispensary Store/select_--Select--Adernaline 0.'

2018-06-10 01:46:21 - [MESSAGE][PASSED] - All options with index in [57] are selected on object 'Object Repository/DispensaryToCms/Page_Dispensary Store/select_--Select--Adernaline 0.'

2018-06-10 01:46:21 - [TEST_STEP][PASSED] - setText: Text '100' is set on object 'Object Repository/DispensaryToCms/Page_Dispensary Store/input_txttreat'

2018-06-10 01:46:21 - [MESSAGE][PASSED] - Text '100' is set on object 'Object Repository/DispensaryToCms/Page_Dispensary Store/input_txttreat'

2018-06-10 01:46:21 - [TEST_STEP][PASSED] - click: Object: 'Object Repository/DispensaryToCms/Page_Dispensary Store/button_Add' is clicked on

2018-06-10 01:46:21 - [MESSAGE][PASSED] - Object: 'Object Repository/DispensaryToCms/Page_Dispensary Store/button_Add' is clicked on

2018-06-10 01:46:21 - [TEST_STEP][PASSED] - delay: Delayed 1 second(s)

2018-06-10 01:46:22 - [MESSAGE][PASSED] - Delayed 1 second(s)

2018-06-10 01:46:22 - [TEST_STEP][PASSED] - selectOptionByIndex: All options with index in [11] are selected on object 'Object Repository/DispensaryToCms/Page_Dispensary Store/select_--Select--Schedule 1Inj'

2018-06-10 01:46:22 - [MESSAGE][PASSED] - All options with index in [11] are selected on object 'Object Repository/DispensaryToCms/Page_Dispensary Store/select_--Select--Schedule 1Inj'

2018-06-10 01:46:22 - [TEST_STEP][PASSED] - delay: Delayed 1 second(s)

2018-06-10 01:46:23 - [MESSAGE][PASSED] - Delayed 1 second(s)

2018-06-10 01:46:23 - [TEST_STEP][PASSED] - selectOptionByIndex: All options with index in [58] are selected on object 'Object Repository/DispensaryToCms/Page_Dispensary Store/select_--Select--Adernaline 0.'

2018-06-10 01:46:24 - [MESSAGE][PASSED] - All options with index in [58] are selected on object 'Object Repository/DispensaryToCms/Page_Dispensary Store/select_--Select--Adernaline 0.'

2018-06-10 01:46:24 - [TEST_STEP][PASSED] - setText: Text '100' is set on object 'Object Repository/DispensaryToCms/Page_Dispensary Store/input_txttreat'

2018-06-10 01:46:24 - [MESSAGE][PASSED] - Text '100' is set on object 'Object Repository/DispensaryToCms/Page_Dispensary Store/input_txttreat'

2018-06-10 01:46:24 - [TEST_STEP][PASSED] - click: Object: 'Object Repository/DispensaryToCms/Page_Dispensary Store/button_Add' is clicked on

2018-06-10 01:46:24 - [MESSAGE][PASSED] - Object: 'Object Repository/DispensaryToCms/Page_Dispensary Store/button_Add' is clicked on

2018-06-10 01:46:24 - [TEST_STEP][PASSED] - delay: Delayed 1 second(s)

2018-06-10 01:46:25 - [MESSAGE][PASSED] - Delayed 1 second(s)

2018-06-10 01:46:25 - [TEST_STEP][PASSED] - selectOptionByIndex: All options with index in [11] are selected on object 'Object Repository/DispensaryToCms/Page_Dispensary Store/select_--Select--Schedule 1Inj'

2018-06-10 01:46:25 - [MESSAGE][PASSED] - All options with index in [11] are selected on object 'Object Repository/DispensaryToCms/Page_Dispensary Store/select_--Select--Schedule 1Inj'

2018-06-10 01:46:25 - [TEST_STEP][PASSED] - delay: Delayed 1 second(s)

2018-06-10 01:46:26 - [MESSAGE][PASSED] - Delayed 1 second(s)

2018-06-10 01:46:26 - [TEST_STEP][PASSED] - selectOptionByIndex: All options with index in [59] are selected on object 'Object Repository/DispensaryToCms/Page_Dispensary Store/select_--Select--Adernaline 0.'

2018-06-10 01:46:27 - [MESSAGE][PASSED] - All options with index in [59] are selected on object 'Object Repository/DispensaryToCms/Page_Dispensary Store/select_--Select--Adernaline 0.'

2018-06-10 01:46:27 - [TEST_STEP][PASSED] - setText: Text '100' is set on object 'Object Repository/DispensaryToCms/Page_Dispensary Store/input_txttreat'

2018-06-10 01:46:27 - [MESSAGE][PASSED] - Text '100' is set on object 'Object Repository/DispensaryToCms/Page_Dispensary Store/input_txttreat'

2018-06-10 01:46:27 - [TEST_STEP][PASSED] - click: Object: 'Object Repository/DispensaryToCms/Page_Dispensary Store/button_Add' is clicked on

2018-06-10 01:46:27 - [MESSAGE][PASSED] - Object: 'Object Repository/DispensaryToCms/Page_Dispensary Store/button_Add' is clicked on

2018-06-10 01:46:27 - [TEST_STEP][PASSED] - delay: Delayed 1 second(s)

2018-06-10 01:46:28 - [MESSAGE][PASSED] - Delayed 1 second(s)

2018-06-10 01:46:28 - [TEST_STEP][PASSED] - selectOptionByIndex: All options with index in [11] are selected on object 'Object Repository/DispensaryToCms/Page_Dispensary Store/select_--Select--Schedule 1Inj'

2018-06-10 01:46:28 - [MESSAGE][PASSED] - All options with index in [11] are selected on object 'Object Repository/DispensaryToCms/Page_Dispensary Store/select_--Select--Schedule 1Inj'

2018-06-10 01:46:28 - [TEST_STEP][PASSED] - delay: Delayed 1 second(s)

2018-06-10 01:46:29 - [MESSAGE][PASSED] - Delayed 1 second(s)

2018-06-10 01:46:29 - [TEST_STEP][PASSED] - selectOptionByIndex: All options with index in [60] are selected on object 'Object Repository/DispensaryToCms/Page_Dispensary Store/select_--Select--Adernaline 0.'

2018-06-10 01:46:30 - [MESSAGE][PASSED] - All options with index in [60] are selected on object 'Object Repository/DispensaryToCms/Page_Dispensary Store/select_--Select--Adernaline 0.'

2018-06-10 01:46:30 - [TEST_STEP][PASSED] - setText: Text '100' is set on object 'Object Repository/DispensaryToCms/Page_Dispensary Store/input_txttreat'

2018-06-10 01:46:30 - [MESSAGE][PASSED] - Text '100' is set on object 'Object Repository/DispensaryToCms/Page_Dispensary Store/input_txttreat'

2018-06-10 01:46:30 - [TEST_STEP][PASSED] - click: Object: 'Object Repository/DispensaryToCms/Page_Dispensary Store/button_Add' is clicked on

2018-06-10 01:46:30 - [MESSAGE][PASSED] - Object: 'Object Repository/DispensaryToCms/Page_Dispensary Store/button_Add' is clicked on

2018-06-10 01:46:30 - [TEST_STEP][PASSED] - delay: Delayed 1 second(s)

2018-06-10 01:46:31 - [MESSAGE][PASSED] - Delayed 1 second(s)

2018-06-10 01:46:31 - [TEST_STEP][PASSED] - selectOptionByIndex: All options with index in [11] are selected on object 'Object Repository/DispensaryToCms/Page_Dispensary Store/select_--Select--Schedule 1Inj'

2018-06-10 01:46:31 - [MESSAGE][PASSED] - All options with index in [11] are selected on object 'Object Repository/DispensaryToCms/Page_Dispensary Store/select_--Select--Schedule 1Inj'

2018-06-10 01:46:31 - [TEST_STEP][PASSED] - delay: Delayed 1 second(s)

2018-06-10 01:46:32 - [MESSAGE][PASSED] - Delayed 1 second(s)

2018-06-10 01:46:32 - [TEST_STEP][PASSED] - selectOptionByIndex: All options with index in [61] are selected on object 'Object Repository/DispensaryToCms/Page_Dispensary Store/select_--Select--Adernaline 0.'

2018-06-10 01:46:33 - [MESSAGE][PASSED] - All options with index in [61] are selected on object 'Object Repository/DispensaryToCms/Page_Dispensary Store/select_--Select--Adernaline 0.'

2018-06-10 01:46:33 - [TEST_STEP][PASSED] - setText: Text '100' is set on object 'Object Repository/DispensaryToCms/Page_Dispensary Store/input_txttreat'

2018-06-10 01:46:33 - [MESSAGE][PASSED] - Text '100' is set on object 'Object Repository/DispensaryToCms/Page_Dispensary Store/input_txttreat'

2018-06-10 01:46:33 - [TEST_STEP][PASSED] - click: Object: 'Object Repository/DispensaryToCms/Page_Dispensary Store/button_Add' is clicked on

2018-06-10 01:46:33 - [MESSAGE][PASSED] - Object: 'Object Repository/DispensaryToCms/Page_Dispensary Store/button_Add' is clicked on

2018-06-10 01:46:33 - [TEST_STEP][PASSED] - delay: Delayed 1 second(s)

2018-06-10 01:46:34 - [MESSAGE][PASSED] - Delayed 1 second(s)

2018-06-10 01:46:34 - [TEST_STEP][PASSED] - selectOptionByIndex: All options with index in [11] are selected on object 'Object Repository/DispensaryToCms/Page_Dispensary Store/select_--Select--Schedule 1Inj'

2018-06-10 01:46:35 - [MESSAGE][PASSED] - All options with index in [11] are selected on object 'Object Repository/DispensaryToCms/Page_Dispensary Store/select_--Select--Schedule 1Inj'

2018-06-10 01:46:35 - [TEST_STEP][PASSED] - delay: Delayed 1 second(s)

2018-06-10 01:46:36 - [MESSAGE][PASSED] - Delayed 1 second(s)

2018-06-10 01:46:36 - [TEST_STEP][PASSED] - selectOptionByIndex: All options with index in [62] are selected on object 'Object Repository/DispensaryToCms/Page_Dispensary Store/select_--Select--Adernaline 0.'

2018-06-10 01:46:36 - [MESSAGE][PASSED] - All options with index in [62] are selected on object 'Object Repository/DispensaryToCms/Page_Dispensary Store/select_--Select--Adernaline 0.'

2018-06-10 01:46:36 - [TEST_STEP][PASSED] - setText: Text '100' is set on object 'Object Repository/DispensaryToCms/Page_Dispensary Store/input_txttreat'

2018-06-10 01:46:36 - [MESSAGE][PASSED] - Text '100' is set on object 'Object Repository/DispensaryToCms/Page_Dispensary Store/input_txttreat'

2018-06-10 01:46:36 - [TEST_STEP][PASSED] - click: Object: 'Object Repository/DispensaryToCms/Page_Dispensary Store/button_Add' is clicked on

2018-06-10 01:46:37 - [MESSAGE][PASSED] - Object: 'Object Repository/DispensaryToCms/Page_Dispensary Store/button_Add' is clicked on

2018-06-10 01:46:37 - [TEST_STEP][PASSED] - delay: Delayed 1 second(s)

2018-06-10 01:46:38 - [MESSAGE][PASSED] - Delayed 1 second(s)

2018-06-10 01:46:38 - [TEST_STEP][PASSED] - selectOptionByIndex: All options with index in [11] are selected on object 'Object Repository/DispensaryToCms/Page_Dispensary Store/select_--Select--Schedule 1Inj'

2018-06-10 01:46:38 - [MESSAGE][PASSED] - All options with index in [11] are selected on object 'Object Repository/DispensaryToCms/Page_Dispensary Store/select_--Select--Schedule 1Inj'

2018-06-10 01:46:38 - [TEST_STEP][PASSED] - delay: Delayed 1 second(s)

2018-06-10 01:46:39 - [MESSAGE][PASSED] - Delayed 1 second(s)

2018-06-10 01:46:39 - [TEST_STEP][PASSED] - selectOptionByIndex: All options with index in [63] are selected on object 'Object Repository/DispensaryToCms/Page_Dispensary Store/select_--Select--Adernaline 0.'

2018-06-10 01:46:40 - [MESSAGE][PASSED] - All options with index in [63] are selected on object 'Object Repository/DispensaryToCms/Page_Dispensary Store/select_--Select--Adernaline 0.'

2018-06-10 01:46:40 - [TEST_STEP][PASSED] - setText: Text '100' is set on object 'Object Repository/DispensaryToCms/Page_Dispensary Store/input_txttreat'

2018-06-10 01:46:40 - [MESSAGE][PASSED] - Text '100' is set on object 'Object Repository/DispensaryToCms/Page_Dispensary Store/input_txttreat'

2018-06-10 01:46:40 - [TEST_STEP][PASSED] - click: Object: 'Object Repository/DispensaryToCms/Page_Dispensary Store/button_Add' is clicked on

2018-06-10 01:46:40 - [MESSAGE][PASSED] - Object: 'Object Repository/DispensaryToCms/Page_Dispensary Store/button_Add' is clicked on

2018-06-10 01:46:40 - [TEST_STEP][PASSED] - delay: Delayed 1 second(s)

2018-06-10 01:46:41 - [MESSAGE][PASSED] - Delayed 1 second(s)

2018-06-10 01:46:41 - [TEST_STEP][PASSED] - selectOptionByIndex: All options with index in [11] are selected on object 'Object Repository/DispensaryToCms/Page_Dispensary Store/select_--Select--Schedule 1Inj'

2018-06-10 01:46:41 - [MESSAGE][PASSED] - All options with index in [11] are selected on object 'Object Repository/DispensaryToCms/Page_Dispensary Store/select_--Select--Schedule 1Inj'

2018-06-10 01:46:41 - [TEST_STEP][PASSED] - delay: Delayed 1 second(s)

2018-06-10 01:46:42 - [MESSAGE][PASSED] - Delayed 1 second(s)

2018-06-10 01:46:42 - [TEST_STEP][PASSED] - selectOptionByIndex: All options with index in [64] are selected on object 'Object Repository/DispensaryToCms/Page_Dispensary Store/select_--Select--Adernaline 0.'

2018-06-10 01:46:43 - [MESSAGE][PASSED] - All options with index in [64] are selected on object 'Object Repository/DispensaryToCms/Page_Dispensary Store/select_--Select--Adernaline 0.'

2018-06-10 01:46:43 - [TEST_STEP][PASSED] - setText: Text '100' is set on object 'Object Repository/DispensaryToCms/Page_Dispensary Store/input_txttreat'

2018-06-10 01:46:43 - [MESSAGE][PASSED] - Text '100' is set on object 'Object Repository/DispensaryToCms/Page_Dispensary Store/input_txttreat'

2018-06-10 01:46:43 - [TEST_STEP][PASSED] - click: Object: 'Object Repository/DispensaryToCms/Page_Dispensary Store/button_Add' is clicked on

2018-06-10 01:46:43 - [MESSAGE][PASSED] - Object: 'Object Repository/DispensaryToCms/Page_Dispensary Store/button_Add' is clicked on

2018-06-10 01:46:43 - [TEST_STEP][PASSED] - delay: Delayed 1 second(s)

2018-06-10 01:46:44 - [MESSAGE][PASSED] - Delayed 1 second(s)

2018-06-10 01:46:44 - [TEST_STEP][PASSED] - selectOptionByIndex: All options with index in [11] are selected on object 'Object Repository/DispensaryToCms/Page_Dispensary Store/select_--Select--Schedule 1Inj'

2018-06-10 01:46:44 - [MESSAGE][PASSED] - All options with index in [11] are selected on object 'Object Repository/DispensaryToCms/Page_Dispensary Store/select_--Select--Schedule 1Inj'

2018-06-10 01:46:44 - [TEST_STEP][PASSED] - delay: Delayed 1 second(s)

2018-06-10 01:46:45 - [MESSAGE][PASSED] - Delayed 1 second(s)

2018-06-10 01:46:45 - [TEST_STEP][PASSED] - selectOptionByIndex: All options with index in [65] are selected on object 'Object Repository/DispensaryToCms/Page_Dispensary Store/select_--Select--Adernaline 0.'

2018-06-10 01:46:46 - [MESSAGE][PASSED] - All options with index in [65] are selected on object 'Object Repository/DispensaryToCms/Page_Dispensary Store/select_--Select--Adernaline 0.'

2018-06-10 01:46:46 - [TEST_STEP][PASSED] - setText: Text '100' is set on object 'Object Repository/DispensaryToCms/Page_Dispensary Store/input_txttreat'

2018-06-10 01:46:46 - [MESSAGE][PASSED] - Text '100' is set on object 'Object Repository/DispensaryToCms/Page_Dispensary Store/input_txttreat'

2018-06-10 01:46:46 - [TEST_STEP][PASSED] - click: Object: 'Object Repository/DispensaryToCms/Page_Dispensary Store/button_Add' is clicked on

2018-06-10 01:46:46 - [MESSAGE][PASSED] - Object: 'Object Repository/DispensaryToCms/Page_Dispensary Store/button_Add' is clicked on

2018-06-10 01:46:46 - [TEST_STEP][PASSED] - delay: Delayed 1 second(s)

2018-06-10 01:46:47 - [MESSAGE][PASSED] - Delayed 1 second(s)

2018-06-10 01:46:47 - [TEST_STEP][PASSED] - selectOptionByIndex: All options with index in [11] are selected on object 'Object Repository/DispensaryToCms/Page_Dispensary Store/select_--Select--Schedule 1Inj'

2018-06-10 01:46:47 - [MESSAGE][PASSED] - All options with index in [11] are selected on object 'Object Repository/DispensaryToCms/Page_Dispensary Store/select_--Select--Schedule 1Inj'

2018-06-10 01:46:47 - [TEST_STEP][PASSED] - delay: Delayed 1 second(s)

2018-06-10 01:46:48 - [MESSAGE][PASSED] - Delayed 1 second(s)

2018-06-10 01:46:48 - [TEST_STEP][PASSED] - selectOptionByIndex: All options with index in [66] are selected on object 'Object Repository/DispensaryToCms/Page_Dispensary Store/select_--Select--Adernaline 0.'

2018-06-10 01:46:49 - [MESSAGE][PASSED] - All options with index in [66] are selected on object 'Object Repository/DispensaryToCms/Page_Dispensary Store/select_--Select--Adernaline 0.'

2018-06-10 01:46:49 - [TEST_STEP][PASSED] - setText: Text '100' is set on object 'Object Repository/DispensaryToCms/Page_Dispensary Store/input_txttreat'

2018-06-10 01:46:49 - [MESSAGE][PASSED] - Text '100' is set on object 'Object Repository/DispensaryToCms/Page_Dispensary Store/input_txttreat'

2018-06-10 01:46:49 - [TEST_STEP][PASSED] - click: Object: 'Object Repository/DispensaryToCms/Page_Dispensary Store/button_Add' is clicked on

2018-06-10 01:46:49 - [MESSAGE][PASSED] - Object: 'Object Repository/DispensaryToCms/Page_Dispensary Store/button_Add' is clicked on

2018-06-10 01:46:49 - [TEST_STEP][PASSED] - delay: Delayed 1 second(s)

2018-06-10 01:46:50 - [MESSAGE][PASSED] - Delayed 1 second(s)

2018-06-10 01:46:50 - [TEST_STEP][PASSED] - selectOptionByIndex: All options with index in [11] are selected on object 'Object Repository/DispensaryToCms/Page_Dispensary Store/select_--Select--Schedule 1Inj'

2018-06-10 01:46:51 - [MESSAGE][PASSED] - All options with index in [11] are selected on object 'Object Repository/DispensaryToCms/Page_Dispensary Store/select_--Select--Schedule 1Inj'

2018-06-10 01:46:51 - [TEST_STEP][PASSED] - delay: Delayed 1 second(s)

2018-06-10 01:46:52 - [MESSAGE][PASSED] - Delayed 1 second(s)

2018-06-10 01:46:52 - [TEST_STEP][PASSED] - selectOptionByIndex: All options with index in [67] are selected on object 'Object Repository/DispensaryToCms/Page_Dispensary Store/select_--Select--Adernaline 0.'

2018-06-10 01:46:52 - [MESSAGE][PASSED] - All options with index in [67] are selected on object 'Object Repository/DispensaryToCms/Page_Dispensary Store/select_--Select--Adernaline 0.'

2018-06-10 01:46:52 - [TEST_STEP][PASSED] - setText: Text '100' is set on object 'Object Repository/DispensaryToCms/Page_Dispensary Store/input_txttreat'

2018-06-10 01:46:52 - [MESSAGE][PASSED] - Text '100' is set on object 'Object Repository/DispensaryToCms/Page_Dispensary Store/input_txttreat'

2018-06-10 01:46:52 - [TEST_STEP][PASSED] - click: Object: 'Object Repository/DispensaryToCms/Page_Dispensary Store/button_Add' is clicked on

2018-06-10 01:46:52 - [MESSAGE][PASSED] - Object: 'Object Repository/DispensaryToCms/Page_Dispensary Store/button_Add' is clicked on

2018-06-10 01:46:52 - [TEST_STEP][PASSED] - delay: Delayed 1 second(s)

2018-06-10 01:46:53 - [MESSAGE][PASSED] - Delayed 1 second(s)

2018-06-10 01:46:53 - [TEST_STEP][PASSED] - selectOptionByIndex: All options with index in [11] are selected on object 'Object Repository/DispensaryToCms/Page_Dispensary Store/select_--Select--Schedule 1Inj'

2018-06-10 01:46:54 - [MESSAGE][PASSED] - All options with index in [11] are selected on object 'Object Repository/DispensaryToCms/Page_Dispensary Store/select_--Select--Schedule 1Inj'

2018-06-10 01:46:54 - [TEST_STEP][PASSED] - delay: Delayed 1 second(s)

2018-06-10 01:46:55 - [MESSAGE][PASSED] - Delayed 1 second(s)

2018-06-10 01:46:55 - [TEST_STEP][PASSED] - selectOptionByIndex: All options with index in [68] are selected on object 'Object Repository/DispensaryToCms/Page_Dispensary Store/select_--Select--Adernaline 0.'

2018-06-10 01:46:56 - [MESSAGE][PASSED] - All options with index in [68] are selected on object 'Object Repository/DispensaryToCms/Page_Dispensary Store/select_--Select--Adernaline 0.'

2018-06-10 01:46:56 - [TEST_STEP][PASSED] - setText: Text '100' is set on object 'Object Repository/DispensaryToCms/Page_Dispensary Store/input_txttreat'

2018-06-10 01:46:56 - [MESSAGE][PASSED] - Text '100' is set on object 'Object Repository/DispensaryToCms/Page_Dispensary Store/input_txttreat'

2018-06-10 01:46:56 - [TEST_STEP][PASSED] - click: Object: 'Object Repository/DispensaryToCms/Page_Dispensary Store/button_Add' is clicked on

2018-06-10 01:46:56 - [MESSAGE][PASSED] - Object: 'Object Repository/DispensaryToCms/Page_Dispensary Store/button_Add' is clicked on

2018-06-10 01:46:56 - [TEST_STEP][PASSED] - delay: Delayed 1 second(s)

2018-06-10 01:46:57 - [MESSAGE][PASSED] - Delayed 1 second(s)

2018-06-10 01:46:57 - [TEST_STEP][PASSED] - selectOptionByIndex: All options with index in [11] are selected on object 'Object Repository/DispensaryToCms/Page_Dispensary Store/select_--Select--Schedule 1Inj'

2018-06-10 01:46:57 - [MESSAGE][PASSED] - All options with index in [11] are selected on object 'Object Repository/DispensaryToCms/Page_Dispensary Store/select_--Select--Schedule 1Inj'

2018-06-10 01:46:57 - [TEST_STEP][PASSED] - delay: Delayed 1 second(s)

2018-06-10 01:46:58 - [MESSAGE][PASSED] - Delayed 1 second(s)

2018-06-10 01:46:58 - [TEST_STEP][PASSED] - selectOptionByIndex: All options with index in [69] are selected on object 'Object Repository/DispensaryToCms/Page_Dispensary Store/select_--Select--Adernaline 0.'

2018-06-10 01:46:59 - [MESSAGE][PASSED] - All options with index in [69] are selected on object 'Object Repository/DispensaryToCms/Page_Dispensary Store/select_--Select--Adernaline 0.'

2018-06-10 01:46:59 - [TEST_STEP][PASSED] - setText: Text '100' is set on object 'Object Repository/DispensaryToCms/Page_Dispensary Store/input_txttreat'

2018-06-10 01:46:59 - [MESSAGE][PASSED] - Text '100' is set on object 'Object Repository/DispensaryToCms/Page_Dispensary Store/input_txttreat'

2018-06-10 01:46:59 - [TEST_STEP][PASSED] - click: Object: 'Object Repository/DispensaryToCms/Page_Dispensary Store/button_Add' is clicked on

2018-06-10 01:46:59 - [MESSAGE][PASSED] - Object: 'Object Repository/DispensaryToCms/Page_Dispensary Store/button_Add' is clicked on

2018-06-10 01:46:59 - [TEST_STEP][PASSED] - delay: Delayed 1 second(s)

2018-06-10 01:47:00 - [MESSAGE][PASSED] - Delayed 1 second(s)

2018-06-10 01:47:00 - [TEST_STEP][PASSED] - selectOptionByIndex: All options with index in [11] are selected on object 'Object Repository/DispensaryToCms/Page_Dispensary Store/select_--Select--Schedule 1Inj'

2018-06-10 01:47:00 - [MESSAGE][PASSED] - All options with index in [11] are selected on object 'Object Repository/DispensaryToCms/Page_Dispensary Store/select_--Select--Schedule 1Inj'

2018-06-10 01:47:00 - [TEST_STEP][PASSED] - delay: Delayed 1 second(s)

2018-06-10 01:47:01 - [MESSAGE][PASSED] - Delayed 1 second(s)

2018-06-10 01:47:01 - [TEST_STEP][PASSED] - selectOptionByIndex: All options with index in [70] are selected on object 'Object Repository/DispensaryToCms/Page_Dispensary Store/select_--Select--Adernaline 0.'

2018-06-10 01:47:02 - [MESSAGE][PASSED] - All options with index in [70] are selected on object 'Object Repository/DispensaryToCms/Page_Dispensary Store/select_--Select--Adernaline 0.'

2018-06-10 01:47:02 - [TEST_STEP][PASSED] - setText: Text '100' is set on object 'Object Repository/DispensaryToCms/Page_Dispensary Store/input_txttreat'

2018-06-10 01:47:02 - [MESSAGE][PASSED] - Text '100' is set on object 'Object Repository/DispensaryToCms/Page_Dispensary Store/input_txttreat'

2018-06-10 01:47:02 - [TEST_STEP][PASSED] - click: Object: 'Object Repository/DispensaryToCms/Page_Dispensary Store/button_Add' is clicked on

2018-06-10 01:47:02 - [MESSAGE][PASSED] - Object: 'Object Repository/DispensaryToCms/Page_Dispensary Store/button_Add' is clicked on

2018-06-10 01:47:02 - [TEST_STEP][PASSED] - delay: Delayed 1 second(s)

2018-06-10 01:47:03 - [MESSAGE][PASSED] - Delayed 1 second(s)

2018-06-10 01:47:03 - [TEST_STEP][PASSED] - selectOptionByIndex: All options with index in [11] are selected on object 'Object Repository/DispensaryToCms/Page_Dispensary Store/select_--Select--Schedule 1Inj'

2018-06-10 01:47:03 - [MESSAGE][PASSED] - All options with index in [11] are selected on object 'Object Repository/DispensaryToCms/Page_Dispensary Store/select_--Select--Schedule 1Inj'

2018-06-10 01:47:03 - [TEST_STEP][PASSED] - delay: Delayed 1 second(s)

2018-06-10 01:47:04 - [MESSAGE][PASSED] - Delayed 1 second(s)

2018-06-10 01:47:04 - [TEST_STEP][PASSED] - selectOptionByIndex: All options with index in [71] are selected on object 'Object Repository/DispensaryToCms/Page_Dispensary Store/select_--Select--Adernaline 0.'

2018-06-10 01:47:05 - [MESSAGE][PASSED] - All options with index in [71] are selected on object 'Object Repository/DispensaryToCms/Page_Dispensary Store/select_--Select--Adernaline 0.'

2018-06-10 01:47:05 - [TEST_STEP][PASSED] - setText: Text '100' is set on object 'Object Repository/DispensaryToCms/Page_Dispensary Store/input_txttreat'

2018-06-10 01:47:05 - [MESSAGE][PASSED] - Text '100' is set on object 'Object Repository/DispensaryToCms/Page_Dispensary Store/input_txttreat'

2018-06-10 01:47:05 - [TEST_STEP][PASSED] - click: Object: 'Object Repository/DispensaryToCms/Page_Dispensary Store/button_Add' is clicked on

2018-06-10 01:47:05 - [MESSAGE][PASSED] - Object: 'Object Repository/DispensaryToCms/Page_Dispensary Store/button_Add' is clicked on

2018-06-10 01:47:05 - [TEST_STEP][PASSED] - delay: Delayed 1 second(s)

2018-06-10 01:47:06 - [MESSAGE][PASSED] - Delayed 1 second(s)

2018-06-10 01:47:06 - [TEST_STEP][PASSED] - selectOptionByIndex: All options with index in [11] are selected on object 'Object Repository/DispensaryToCms/Page_Dispensary Store/select_--Select--Schedule 1Inj'

2018-06-10 01:47:07 - [MESSAGE][PASSED] - All options with index in [11] are selected on object 'Object Repository/DispensaryToCms/Page_Dispensary Store/select_--Select--Schedule 1Inj'

2018-06-10 01:47:07 - [TEST_STEP][PASSED] - delay: Delayed 1 second(s)

2018-06-10 01:47:08 - [MESSAGE][PASSED] - Delayed 1 second(s)

2018-06-10 01:47:08 - [TEST_STEP][PASSED] - selectOptionByIndex: All options with index in [72] are selected on object 'Object Repository/DispensaryToCms/Page_Dispensary Store/select_--Select--Adernaline 0.'

2018-06-10 01:47:08 - [MESSAGE][PASSED] - All options with index in [72] are selected on object 'Object Repository/DispensaryToCms/Page_Dispensary Store/select_--Select--Adernaline 0.'

2018-06-10 01:47:08 - [TEST_STEP][PASSED] - setText: Text '100' is set on object 'Object Repository/DispensaryToCms/Page_Dispensary Store/input_txttreat'

2018-06-10 01:47:09 - [MESSAGE][PASSED] - Text '100' is set on object 'Object Repository/DispensaryToCms/Page_Dispensary Store/input_txttreat'

2018-06-10 01:47:09 - [TEST_STEP][PASSED] - click: Object: 'Object Repository/DispensaryToCms/Page_Dispensary Store/button_Add' is clicked on

2018-06-10 01:47:09 - [MESSAGE][PASSED] - Object: 'Object Repository/DispensaryToCms/Page_Dispensary Store/button_Add' is clicked on

2018-06-10 01:47:09 - [TEST_STEP][PASSED] - delay: Delayed 1 second(s)

2018-06-10 01:47:10 - [MESSAGE][PASSED] - Delayed 1 second(s)

2018-06-10 01:47:10 - [TEST_STEP][PASSED] - selectOptionByIndex: All options with index in [11] are selected on object 'Object Repository/DispensaryToCms/Page_Dispensary Store/select_--Select--Schedule 1Inj'

2018-06-10 01:47:10 - [MESSAGE][PASSED] - All options with index in [11] are selected on object 'Object Repository/DispensaryToCms/Page_Dispensary Store/select_--Select--Schedule 1Inj'

2018-06-10 01:47:10 - [TEST_STEP][PASSED] - delay: Delayed 1 second(s)

2018-06-10 01:47:11 - [MESSAGE][PASSED] - Delayed 1 second(s)

2018-06-10 01:47:11 - [TEST_STEP][PASSED] - selectOptionByIndex: All options with index in [73] are selected on object 'Object Repository/DispensaryToCms/Page_Dispensary Store/select_--Select--Adernaline 0.'

2018-06-10 01:47:12 - [MESSAGE][PASSED] - All options with index in [73] are selected on object 'Object Repository/DispensaryToCms/Page_Dispensary Store/select_--Select--Adernaline 0.'

2018-06-10 01:47:12 - [TEST_STEP][PASSED] - setText: Text '100' is set on object 'Object Repository/DispensaryToCms/Page_Dispensary Store/input_txttreat'

2018-06-10 01:47:12 - [MESSAGE][PASSED] - Text '100' is set on object 'Object Repository/DispensaryToCms/Page_Dispensary Store/input_txttreat'

2018-06-10 01:47:12 - [TEST_STEP][PASSED] - click: Object: 'Object Repository/DispensaryToCms/Page_Dispensary Store/button_Add' is clicked on

2018-06-10 01:47:12 - [MESSAGE][PASSED] - Object: 'Object Repository/DispensaryToCms/Page_Dispensary Store/button_Add' is clicked on

2018-06-10 01:47:12 - [TEST_STEP][PASSED] - delay: Delayed 1 second(s)

2018-06-10 01:47:13 - [MESSAGE][PASSED] - Delayed 1 second(s)

2018-06-10 01:47:13 - [TEST_STEP][PASSED] - selectOptionByIndex: All options with index in [11] are selected on object 'Object Repository/DispensaryToCms/Page_Dispensary Store/select_--Select--Schedule 1Inj'

2018-06-10 01:47:13 - [MESSAGE][PASSED] - All options with index in [11] are selected on object 'Object Repository/DispensaryToCms/Page_Dispensary Store/select_--Select--Schedule 1Inj'

2018-06-10 01:47:13 - [TEST_STEP][PASSED] - delay: Delayed 1 second(s)

2018-06-10 01:47:14 - [MESSAGE][PASSED] - Delayed 1 second(s)

2018-06-10 01:47:14 - [TEST_STEP][PASSED] - selectOptionByIndex: All options with index in [74] are selected on object 'Object Repository/DispensaryToCms/Page_Dispensary Store/select_--Select--Adernaline 0.'

2018-06-10 01:47:15 - [MESSAGE][PASSED] - All options with index in [74] are selected on object 'Object Repository/DispensaryToCms/Page_Dispensary Store/select_--Select--Adernaline 0.'

2018-06-10 01:47:15 - [TEST_STEP][PASSED] - setText: Text '100' is set on object 'Object Repository/DispensaryToCms/Page_Dispensary Store/input_txttreat'

2018-06-10 01:47:15 - [MESSAGE][PASSED] - Text '100' is set on object 'Object Repository/DispensaryToCms/Page_Dispensary Store/input_txttreat'

2018-06-10 01:47:15 - [TEST_STEP][PASSED] - click: Object: 'Object Repository/DispensaryToCms/Page_Dispensary Store/button_Add' is clicked on

2018-06-10 01:47:15 - [MESSAGE][PASSED] - Object: 'Object Repository/DispensaryToCms/Page_Dispensary Store/button_Add' is clicked on

2018-06-10 01:47:15 - [TEST_STEP][PASSED] - delay: Delayed 1 second(s)

2018-06-10 01:47:16 - [MESSAGE][PASSED] - Delayed 1 second(s)

2018-06-10 01:47:16 - [TEST_STEP][PASSED] - selectOptionByIndex: All options with index in [11] are selected on object 'Object Repository/DispensaryToCms/Page_Dispensary Store/select_--Select--Schedule 1Inj'

2018-06-10 01:47:17 - [MESSAGE][PASSED] - All options with index in [11] are selected on object 'Object Repository/DispensaryToCms/Page_Dispensary Store/select_--Select--Schedule 1Inj'

2018-06-10 01:47:17 - [TEST_STEP][PASSED] - delay: Delayed 1 second(s)

2018-06-10 01:47:18 - [MESSAGE][PASSED] - Delayed 1 second(s)

2018-06-10 01:47:18 - [TEST_STEP][PASSED] - selectOptionByIndex: All options with index in [75] are selected on object 'Object Repository/DispensaryToCms/Page_Dispensary Store/select_--Select--Adernaline 0.'

2018-06-10 01:47:18 - [MESSAGE][PASSED] - All options with index in [75] are selected on object 'Object Repository/DispensaryToCms/Page_Dispensary Store/select_--Select--Adernaline 0.'

2018-06-10 01:47:18 - [TEST_STEP][PASSED] - setText: Text '100' is set on object 'Object Repository/DispensaryToCms/Page_Dispensary Store/input_txttreat'

2018-06-10 01:47:18 - [MESSAGE][PASSED] - Text '100' is set on object 'Object Repository/DispensaryToCms/Page_Dispensary Store/input_txttreat'

2018-06-10 01:47:18 - [TEST_STEP][PASSED] - click: Object: 'Object Repository/DispensaryToCms/Page_Dispensary Store/button_Add' is clicked on

2018-06-10 01:47:19 - [MESSAGE][PASSED] - Object: 'Object Repository/DispensaryToCms/Page_Dispensary Store/button_Add' is clicked on

2018-06-10 01:47:19 - [TEST_STEP][PASSED] - delay: Delayed 1 second(s)

2018-06-10 01:47:20 - [MESSAGE][PASSED] - Delayed 1 second(s)

2018-06-10 01:47:20 - [TEST_STEP][PASSED] - selectOptionByIndex: All options with index in [11] are selected on object 'Object Repository/DispensaryToCms/Page_Dispensary Store/select_--Select--Schedule 1Inj'

2018-06-10 01:47:20 - [MESSAGE][PASSED] - All options with index in [11] are selected on object 'Object Repository/DispensaryToCms/Page_Dispensary Store/select_--Select--Schedule 1Inj'

2018-06-10 01:47:20 - [TEST_STEP][PASSED] - delay: Delayed 1 second(s)

2018-06-10 01:47:21 - [MESSAGE][PASSED] - Delayed 1 second(s)

2018-06-10 01:47:21 - [TEST_STEP][PASSED] - selectOptionByIndex: All options with index in [76] are selected on object 'Object Repository/DispensaryToCms/Page_Dispensary Store/select_--Select--Adernaline 0.'

2018-06-10 01:47:22 - [MESSAGE][PASSED] - All options with index in [76] are selected on object 'Object Repository/DispensaryToCms/Page_Dispensary Store/select_--Select--Adernaline 0.'

2018-06-10 01:47:22 - [TEST_STEP][PASSED] - setText: Text '100' is set on object 'Object Repository/DispensaryToCms/Page_Dispensary Store/input_txttreat'

2018-06-10 01:47:22 - [MESSAGE][PASSED] - Text '100' is set on object 'Object Repository/DispensaryToCms/Page_Dispensary Store/input_txttreat'

2018-06-10 01:47:22 - [TEST_STEP][PASSED] - click: Object: 'Object Repository/DispensaryToCms/Page_Dispensary Store/button_Add' is clicked on

2018-06-10 01:47:22 - [MESSAGE][PASSED] - Object: 'Object Repository/DispensaryToCms/Page_Dispensary Store/button_Add' is clicked on

2018-06-10 01:47:22 - [TEST_STEP][PASSED] - delay: Delayed 1 second(s)

2018-06-10 01:47:23 - [MESSAGE][PASSED] - Delayed 1 second(s)

2018-06-10 01:47:23 - [TEST_STEP][PASSED] - selectOptionByIndex: All options with index in [11] are selected on object 'Object Repository/DispensaryToCms/Page_Dispensary Store/select_--Select--Schedule 1Inj'

2018-06-10 01:47:23 - [MESSAGE][PASSED] - All options with index in [11] are selected on object 'Object Repository/DispensaryToCms/Page_Dispensary Store/select_--Select--Schedule 1Inj'

2018-06-10 01:47:23 - [TEST_STEP][PASSED] - delay: Delayed 1 second(s)

2018-06-10 01:47:24 - [MESSAGE][PASSED] - Delayed 1 second(s)

2018-06-10 01:47:24 - [TEST_STEP][PASSED] - selectOptionByIndex: All options with index in [77] are selected on object 'Object Repository/DispensaryToCms/Page_Dispensary Store/select_--Select--Adernaline 0.'

2018-06-10 01:47:25 - [MESSAGE][PASSED] - All options with index in [77] are selected on object 'Object Repository/DispensaryToCms/Page_Dispensary Store/select_--Select--Adernaline 0.'

2018-06-10 01:47:25 - [TEST_STEP][PASSED] - setText: Text '100' is set on object 'Object Repository/DispensaryToCms/Page_Dispensary Store/input_txttreat'

2018-06-10 01:47:25 - [MESSAGE][PASSED] - Text '100' is set on object 'Object Repository/DispensaryToCms/Page_Dispensary Store/input_txttreat'

2018-06-10 01:47:25 - [TEST_STEP][PASSED] - click: Object: 'Object Repository/DispensaryToCms/Page_Dispensary Store/button_Add' is clicked on

2018-06-10 01:47:25 - [MESSAGE][PASSED] - Object: 'Object Repository/DispensaryToCms/Page_Dispensary Store/button_Add' is clicked on

2018-06-10 01:47:25 - [TEST_STEP][PASSED] - delay: Delayed 1 second(s)

2018-06-10 01:47:26 - [MESSAGE][PASSED] - Delayed 1 second(s)

2018-06-10 01:47:26 - [TEST_STEP][PASSED] - selectOptionByIndex: All options with index in [11] are selected on object 'Object Repository/DispensaryToCms/Page_Dispensary Store/select_--Select--Schedule 1Inj'

2018-06-10 01:47:26 - [MESSAGE][PASSED] - All options with index in [11] are selected on object 'Object Repository/DispensaryToCms/Page_Dispensary Store/select_--Select--Schedule 1Inj'

2018-06-10 01:47:26 - [TEST_STEP][PASSED] - delay: Delayed 1 second(s)

2018-06-10 01:47:27 - [MESSAGE][PASSED] - Delayed 1 second(s)

2018-06-10 01:47:27 - [TEST_STEP][PASSED] - selectOptionByIndex: All options with index in [78] are selected on object 'Object Repository/DispensaryToCms/Page_Dispensary Store/select_--Select--Adernaline 0.'

2018-06-10 01:47:28 - [MESSAGE][PASSED] - All options with index in [78] are selected on object 'Object Repository/DispensaryToCms/Page_Dispensary Store/select_--Select--Adernaline 0.'

2018-06-10 01:47:28 - [TEST_STEP][PASSED] - setText: Text '100' is set on object 'Object Repository/DispensaryToCms/Page_Dispensary Store/input_txttreat'

2018-06-10 01:47:28 - [MESSAGE][PASSED] - Text '100' is set on object 'Object Repository/DispensaryToCms/Page_Dispensary Store/input_txttreat'

2018-06-10 01:47:28 - [TEST_STEP][PASSED] - click: Object: 'Object Repository/DispensaryToCms/Page_Dispensary Store/button_Add' is clicked on

2018-06-10 01:47:29 - [MESSAGE][PASSED] - Object: 'Object Repository/DispensaryToCms/Page_Dispensary Store/button_Add' is clicked on

2018-06-10 01:47:29 - [TEST_STEP][PASSED] - delay: Delayed 1 second(s)

2018-06-10 01:47:30 - [MESSAGE][PASSED] - Delayed 1 second(s)

2018-06-10 01:47:30 - [TEST_STEP][PASSED] - selectOptionByIndex: All options with index in [11] are selected on object 'Object Repository/DispensaryToCms/Page_Dispensary Store/select_--Select--Schedule 1Inj'

2018-06-10 01:47:30 - [MESSAGE][PASSED] - All options with index in [11] are selected on object 'Object Repository/DispensaryToCms/Page_Dispensary Store/select_--Select--Schedule 1Inj'

2018-06-10 01:47:30 - [TEST_STEP][PASSED] - delay: Delayed 1 second(s)

2018-06-10 01:47:31 - [MESSAGE][PASSED] - Delayed 1 second(s)

2018-06-10 01:47:31 - [TEST_STEP][PASSED] - selectOptionByIndex: All options with index in [79] are selected on object 'Object Repository/DispensaryToCms/Page_Dispensary Store/select_--Select--Adernaline 0.'

2018-06-10 01:47:32 - [MESSAGE][PASSED] - All options with index in [79] are selected on object 'Object Repository/DispensaryToCms/Page_Dispensary Store/select_--Select--Adernaline 0.'

2018-06-10 01:47:32 - [TEST_STEP][PASSED] - setText: Text '100' is set on object 'Object Repository/DispensaryToCms/Page_Dispensary Store/input_txttreat'

2018-06-10 01:47:32 - [MESSAGE][PASSED] - Text '100' is set on object 'Object Repository/DispensaryToCms/Page_Dispensary Store/input_txttreat'

2018-06-10 01:47:32 - [TEST_STEP][PASSED] - click: Object: 'Object Repository/DispensaryToCms/Page_Dispensary Store/button_Add' is clicked on

2018-06-10 01:47:32 - [MESSAGE][PASSED] - Object: 'Object Repository/DispensaryToCms/Page_Dispensary Store/button_Add' is clicked on

2018-06-10 01:47:32 - [TEST_STEP][PASSED] - delay: Delayed 1 second(s)

2018-06-10 01:47:33 - [MESSAGE][PASSED] - Delayed 1 second(s)

2018-06-10 01:47:33 - [TEST_STEP][PASSED] - selectOptionByIndex: All options with index in [11] are selected on object 'Object Repository/DispensaryToCms/Page_Dispensary Store/select_--Select--Schedule 1Inj'

2018-06-10 01:47:33 - [MESSAGE][PASSED] - All options with index in [11] are selected on object 'Object Repository/DispensaryToCms/Page_Dispensary Store/select_--Select--Schedule 1Inj'

2018-06-10 01:47:33 - [TEST_STEP][PASSED] - delay: Delayed 1 second(s)

2018-06-10 01:47:34 - [MESSAGE][PASSED] - Delayed 1 second(s)

2018-06-10 01:47:34 - [TEST_STEP][PASSED] - selectOptionByIndex: All options with index in [80] are selected on object 'Object Repository/DispensaryToCms/Page_Dispensary Store/select_--Select--Adernaline 0.'

2018-06-10 01:47:35 - [MESSAGE][PASSED] - All options with index in [80] are selected on object 'Object Repository/DispensaryToCms/Page_Dispensary Store/select_--Select--Adernaline 0.'

2018-06-10 01:47:35 - [TEST_STEP][PASSED] - setText: Text '100' is set on object 'Object Repository/DispensaryToCms/Page_Dispensary Store/input_txttreat'

2018-06-10 01:47:35 - [MESSAGE][PASSED] - Text '100' is set on object 'Object Repository/DispensaryToCms/Page_Dispensary Store/input_txttreat'

2018-06-10 01:47:35 - [TEST_STEP][PASSED] - click: Object: 'Object Repository/DispensaryToCms/Page_Dispensary Store/button_Add' is clicked on

2018-06-10 01:47:35 - [MESSAGE][PASSED] - Object: 'Object Repository/DispensaryToCms/Page_Dispensary Store/button_Add' is clicked on

2018-06-10 01:47:35 - [TEST_STEP][PASSED] - delay: Delayed 1 second(s)

2018-06-10 01:47:36 - [MESSAGE][PASSED] - Delayed 1 second(s)

2018-06-10 01:47:36 - [TEST_STEP][PASSED] - scrollToElement: Scroll to object 'Object Repository/DispensaryToCms/Page_Dispensary Store/input_btnsave' successfully

2018-06-10 01:47:36 - [MESSAGE][PASSED] - Scroll to object 'Object Repository/DispensaryToCms/Page_Dispensary Store/input_btnsave' successfully

2018-06-10 01:47:36 - [TEST_STEP][PASSED] - click: Object: 'Object Repository/DispensaryToCms/Page_Dispensary Store/input_btnsave' is clicked on

2018-06-10 01:47:36 - [MESSAGE][PASSED] - Object: 'Object Repository/DispensaryToCms/Page_Dispensary Store/input_btnsave' is clicked on

2018-06-10 01:47:36 - [TEST_STEP][PASSED] - delay: Delayed 3 second(s)

2018-06-10 01:47:39 - [MESSAGE][PASSED] - Delayed 3 second(s)

2018-06-10 01:47:39 - [TEST_STEP][PASSED] - Statement - RN1 = com.kms.katalon.core.webui.keyword.WebUiBuiltInKeywords.getText(com.kms.katalon.core.testobject.ObjectRepository.findTestObject(DispensaryToCms/Page_Dispensary Store/font_PRNO18052018174)): Text of object 'Object Repository/DispensaryToCms/Page_Dispensary Store/font_PRNO18052018174' is: 'PRNO/10062018/757'

2018-06-10 01:47:39 - [MESSAGE][PASSED] - Text of object 'Object Repository/DispensaryToCms/Page_Dispensary Store/font_PRNO18052018174' is: 'PRNO/10062018/757'

2018-06-10 01:47:39 - [TEST_STEP][PASSED] - Statement - out.println(RN1): null

2018-06-10 01:47:39 - [TEST_STEP][PASSED] - Statement - RID = RN1.split("/")[2]: null

2018-06-10 01:47:39 - [TEST_STEP][PASSED] - click: Object: 'Object Repository/DispensaryToCms/Page_Dispensary Store/button_OK' is clicked on

2018-06-10 01:47:40 - [MESSAGE][PASSED] - Object: 'Object Repository/DispensaryToCms/Page_Dispensary Store/button_OK' is clicked on

2018-06-10 01:47:40 - [TEST_STEP][PASSED] - delay: Delayed 3 second(s)

2018-06-10 01:47:43 - [MESSAGE][PASSED] - Delayed 3 second(s)

2018-06-10 01:47:43 - [TEST_STEP][PASSED] - waitForElementPresent: Object 'Object Repository/DispensaryToStore/Page_Dispensary Store/a_dropdown-toggle' is present

2018-06-10 01:47:43 - [MESSAGE][PASSED] - Object 'Object Repository/DispensaryToStore/Page_Dispensary Store/a_dropdown-toggle' is present

2018-06-10 01:47:43 - [TEST_STEP][PASSED] - click: Object: 'Object Repository/DispensaryToCms/Page_Dispensary Store/a_dropdown-toggle' is clicked on

2018-06-10 01:47:43 - [MESSAGE][PASSED] - Object: 'Object Repository/DispensaryToCms/Page_Dispensary Store/a_dropdown-toggle' is clicked on

2018-06-10 01:47:43 - [TEST_STEP][PASSED] - click: Object: 'Object Repository/DispensaryToCms/Page_Dispensary Store/a_Sign out' is clicked on

2018-06-10 01:47:44 - [MESSAGE][PASSED] - Object: 'Object Repository/DispensaryToCms/Page_Dispensary Store/a_Sign out' is clicked on

2018-06-10 01:47:44 - [TEST_STEP][PASSED] - delay: Delayed 3 second(s)

2018-06-10 01:47:47 - [MESSAGE][PASSED] - Delayed 3 second(s)

2018-06-10 01:47:47 - [TEST_STEP][PASSED] - navigateToUrl: Navigate to 'http://192.168.137.1/multihospital_new/' successfully

2018-06-10 01:47:47 - [MESSAGE][PASSED] - Navigate to 'http://192.168.137.1/multihospital_new/' successfully

2018-06-10 01:47:47 - [TEST_STEP][PASSED] - click: Object: 'Object Repository/DispensaryToCms/Page_KDMC/a_CMO' is clicked on

2018-06-10 01:47:48 - [MESSAGE][PASSED] - Object: 'Object Repository/DispensaryToCms/Page_KDMC/a_CMO' is clicked on

2018-06-10 01:47:48 - [TEST_STEP][PASSED] - setText: Text 'guru' is set on object 'Object Repository/DispensaryToCms/Page_CMO login/input_txtusername'

2018-06-10 01:47:48 - [MESSAGE][PASSED] - Text 'guru' is set on object 'Object Repository/DispensaryToCms/Page_CMO login/input_txtusername'

2018-06-10 01:47:48 - [TEST_STEP][PASSED] - setText: Text '123' is set on object 'Object Repository/DispensaryToCms/Page_CMO login/input_txtpassword'

2018-06-10 01:47:48 - [MESSAGE][PASSED] - Text '123' is set on object 'Object Repository/DispensaryToCms/Page_CMO login/input_txtpassword'

2018-06-10 01:47:48 - [TEST_STEP][PASSED] - delay: Delayed 3 second(s)

2018-06-10 01:47:51 - [MESSAGE][PASSED] - Delayed 3 second(s)

2018-06-10 01:47:51 - [TEST_STEP][PASSED] - click: Object: 'Object Repository/DispensaryToCms/Page_CMO login/button_Sign in' is clicked on

2018-06-10 01:47:52 - [MESSAGE][PASSED] - Object: 'Object Repository/DispensaryToCms/Page_CMO login/button_Sign in' is clicked on

2018-06-10 01:47:52 - [TEST_STEP][PASSED] - delay: Delayed 3 second(s)

2018-06-10 01:47:55 - [MESSAGE][PASSED] - Delayed 3 second(s)

2018-06-10 01:47:55 - [TEST_STEP][PASSED] - click: Object: 'Object Repository/DispensaryToCms/Page_KDMC - CMO/a_CMS Request' is clicked on

2018-06-10 01:47:55 - [MESSAGE][PASSED] - Object: 'Object Repository/DispensaryToCms/Page_KDMC - CMO/a_CMS Request' is clicked on

2018-06-10 01:47:55 - [TEST_STEP][PASSED] - delay: Delayed 2 second(s)

2018-06-10 01:47:57 - [MESSAGE][PASSED] - Delayed 2 second(s)

2018-06-10 01:47:57 - [TEST_STEP][PASSED] - click: Object: 'Object Repository/DispensaryToCms/Page_KDMC - CMO/a_Dispensary Store Request' is clicked on

2018-06-10 01:47:58 - [MESSAGE][PASSED] - Object: 'Object Repository/DispensaryToCms/Page_KDMC - CMO/a_Dispensary Store Request' is clicked on

2018-06-10 01:47:58 - [TEST_STEP][PASSED] - selectOptionByIndex: All options with index in [1] are selected on object 'Object Repository/DispensaryToCms/Page_KDMC - CMO/select_--ALL--'

2018-06-10 01:47:58 - [MESSAGE][PASSED] - All options with index in [1] are selected on object 'Object Repository/DispensaryToCms/Page_KDMC - CMO/select_--ALL--'

2018-06-10 01:47:58 - [TEST_STEP][PASSED] - click: Object: 'Object Repository/DispensaryToCms/Page_KDMC - CMO/input_btnsearch' is clicked on

2018-06-10 01:47:58 - [MESSAGE][PASSED] - Object: 'Object Repository/DispensaryToCms/Page_KDMC - CMO/input_btnsearch' is clicked on

2018-06-10 01:47:58 - [TEST_STEP][PASSED] - Statement - ID = com.kms.katalon.core.webui.keyword.WebUiBuiltInKeywords.modifyObjectProperty(com.kms.katalon.core.testobject.ObjectRepository.findTestObject(lab/Page_KDMC - CMO/input_1), "xpath", "equals", "//*[@id=" + RID + "]", true): Modify property of object successfully

2018-06-10 01:47:58 - [MESSAGE][PASSED] - Modify property of object successfully

2018-06-10 01:47:58 - [TEST_STEP][PASSED] - click: Object: 'Object Repository/lab/Page_KDMC - CMO/input_1' is clicked on

2018-06-10 01:47:58 - [MESSAGE][PASSED] - Object: 'Object Repository/lab/Page_KDMC - CMO/input_1' is clicked on

2018-06-10 01:47:58 - [TEST_STEP][PASSED] - delay: Delayed 2 second(s)

2018-06-10 01:48:00 - [MESSAGE][PASSED] - Delayed 2 second(s)

2018-06-10 01:48:00 - [TEST_STEP][PASSED] - selectOptionByIndex: All options with index in [1] are selected on object 'Object Repository/DispensaryToCms/Page_KDMC - CMO/select_--Select--'

2018-06-10 01:48:01 - [MESSAGE][PASSED] - All options with index in [1] are selected on object 'Object Repository/DispensaryToCms/Page_KDMC - CMO/select_--Select--'

2018-06-10 01:48:01 - [TEST_STEP][PASSED] - click: Object: 'Object Repository/DispensaryToCms/Page_KDMC - CMO/input_btnupdate' is clicked on

2018-06-10 01:48:01 - [MESSAGE][PASSED] - Object: 'Object Repository/DispensaryToCms/Page_KDMC - CMO/input_btnupdate' is clicked on

2018-06-10 01:48:01 - [TEST_STEP][PASSED] - delay: Delayed 2 second(s)

2018-06-10 01:48:03 - [MESSAGE][PASSED] - Delayed 2 second(s)

2018-06-10 01:48:03 - [TEST_STEP][PASSED] - click: Object: 'Object Repository/DispensaryToCms/Page_KDMC - CMO/button_OK' is clicked on

2018-06-10 01:48:03 - [MESSAGE][PASSED] - Object: 'Object Repository/DispensaryToCms/Page_KDMC - CMO/button_OK' is clicked on

2018-06-10 01:48:03 - [TEST_STEP][PASSED] - delay: Delayed 3 second(s)

2018-06-10 01:48:06 - [MESSAGE][PASSED] - Delayed 3 second(s)

2018-06-10 01:48:06 - [TEST_STEP][PASSED] - waitForElementPresent: Object 'Object Repository/DispensaryToStore/Page_Dispensary Store/a_dropdown-toggle' is not present after 20 second(s)

2018-06-10 01:48:27 - [MESSAGE][WARNING] - Object 'Object Repository/DispensaryToStore/Page_Dispensary Store/a_dropdown-toggle' is not present after 20 second(s)

2018-06-10 01:48:27 - [TEST_STEP][PASSED] - click: Object: 'Object Repository/DispensaryToCms/Page_KDMC - CMO/a_dropdown-toggle' is clicked on

2018-06-10 01:48:27 - [MESSAGE][PASSED] - Object: 'Object Repository/DispensaryToCms/Page_KDMC - CMO/a_dropdown-toggle' is clicked on

2018-06-10 01:48:27 - [TEST_STEP][PASSED] - click: Object: 'Object Repository/DispensaryToCms/Page_KDMC - CMO/a_Sign out' is clicked on

2018-06-10 01:48:27 - [MESSAGE][PASSED] - Object: 'Object Repository/DispensaryToCms/Page_KDMC - CMO/a_Sign out' is clicked on

2018-06-10 01:48:27 - [TEST_STEP][PASSED] - delay: Delayed 3 second(s)

2018-06-10 01:48:30 - [MESSAGE][PASSED] - Delayed 3 second(s)

2018-06-10 01:48:30 - [TEST_STEP][PASSED] - click: Object: 'Object Repository/DispensaryToCms/Page_KDMC/a_CMS' is clicked on

2018-06-10 01:48:30 - [MESSAGE][PASSED] - Object: 'Object Repository/DispensaryToCms/Page_KDMC/a_CMS' is clicked on

2018-06-10 01:48:30 - [TEST_STEP][PASSED] - setText: Text 'bala' is set on object 'Object Repository/DispensaryToCms/Page_CMS login/input_txtusername'

2018-06-10 01:48:31 - [MESSAGE][PASSED] - Text 'bala' is set on object 'Object Repository/DispensaryToCms/Page_CMS login/input_txtusername'

2018-06-10 01:48:31 - [TEST_STEP][PASSED] - setText: Text '123' is set on object 'Object Repository/DispensaryToCms/Page_CMS login/input_txtpassword'

2018-06-10 01:48:31 - [MESSAGE][PASSED] - Text '123' is set on object 'Object Repository/DispensaryToCms/Page_CMS login/input_txtpassword'

2018-06-10 01:48:31 - [TEST_STEP][PASSED] - delay: Delayed 3 second(s)

2018-06-10 01:48:34 - [MESSAGE][PASSED] - Delayed 3 second(s)

2018-06-10 01:48:34 - [TEST_STEP][PASSED] - Statement - Try: Object: 'Object Repository/DispensaryToCms/Page_CMS login/button_Sign in' is clicked on

2018-06-10 01:48:34 - [TEST_STEP][PASSED] - click: Object: 'Object Repository/DispensaryToCms/Page_CMS login/button_Sign in' is clicked on

2018-06-10 01:48:34 - [MESSAGE][PASSED] - Object: 'Object Repository/DispensaryToCms/Page_CMS login/button_Sign in' is clicked on

2018-06-10 01:48:34 - [TEST_STEP][PASSED] - delay: Delayed 3 second(s)

2018-06-10 01:48:37 - [MESSAGE][PASSED] - Delayed 3 second(s)

2018-06-10 01:48:37 - [TEST_STEP][PASSED] - click: Object: 'Object Repository/DispensaryToCms/Page_KDMC - CMS/a_Divisional Store' is clicked on

2018-06-10 01:48:37 - [MESSAGE][PASSED] - Object: 'Object Repository/DispensaryToCms/Page_KDMC - CMS/a_Divisional Store' is clicked on

2018-06-10 01:48:37 - [TEST_STEP][PASSED] - delay: Delayed 2 second(s)

2018-06-10 01:48:39 - [MESSAGE][PASSED] - Delayed 2 second(s)

2018-06-10 01:48:39 - [TEST_STEP][PASSED] - click: Object: 'Object Repository/DispensaryToCms/Page_KDMC - CMS/a_Dispatch Items' is clicked on

2018-06-10 01:48:40 - [MESSAGE][PASSED] - Object: 'Object Repository/DispensaryToCms/Page_KDMC - CMS/a_Dispatch Items' is clicked on

2018-06-10 01:48:40 - [TEST_STEP][PASSED] - delay: Delayed 2 second(s)

2018-06-10 01:48:42 - [MESSAGE][PASSED] - Delayed 2 second(s)

2018-06-10 01:48:42 - [TEST_STEP][PASSED] - setText: Text 'PRNO/10062018/757' is set on object 'Object Repository/DispensaryToCms/Page_KDMC - CMS/input'

2018-06-10 01:48:42 - [MESSAGE][PASSED] - Text 'PRNO/10062018/757' is set on object 'Object Repository/DispensaryToCms/Page_KDMC - CMS/input'

2018-06-10 01:48:42 - [TEST_STEP][PASSED] - click: Object: 'Object Repository/DispensaryToCms/Page_KDMC - CMS/input_PRNO18052018174' is clicked on

2018-06-10 01:48:42 - [MESSAGE][PASSED] - Object: 'Object Repository/DispensaryToCms/Page_KDMC - CMS/input_PRNO18052018174' is clicked on

2018-06-10 01:48:42 - [TEST_STEP][PASSED] - delay: Delayed 3 second(s)

2018-06-10 01:48:45 - [MESSAGE][PASSED] - Delayed 3 second(s)

2018-06-10 01:48:45 - [TEST_STEP][PASSED] - Statement - out.println("Length : " + medicineslength): null

2018-06-10 01:48:45 - [TEST_STEP][PASSED] - Statement - For ([row = 0, row < medicineslength - 1, (row++)]): null

2018-06-10 01:48:45 - [TEST_STEP][PASSED] - Statement - batchlength = new com.kms.katalon.core.testobject.TestObject(): null

2018-06-10 01:48:45 - [TEST_STEP][PASSED] - Statement - batchlength = com.kms.katalon.core.webui.keyword.WebUiBuiltInKeywords.modifyObjectProperty(batchlength, "xpath", "equals", "//*[@id = "fldvendor" + row + ""]", true): Modify property of object successfully

2018-06-10 01:48:45 - [MESSAGE][PASSED] - Modify property of object successfully

2018-06-10 01:48:45 - [TEST_STEP][PASSED] - Statement - batchsize = com.kms.katalon.core.webui.keyword.WebUiBuiltInKeywords.getNumberOfTotalOption(batchlength): 9 options of object '' counted

2018-06-10 01:48:46 - [MESSAGE][PASSED] - 9 options of object '' counted

2018-06-10 01:48:46 - [TEST_STEP][PASSED] - Statement - out.println("BatchSize : " + batchsize): null

2018-06-10 01:48:46 - [TEST_STEP][PASSED] - Statement - For ([n = 1, n <= batchsize - 1, (n++)]): null

2018-06-10 01:48:46 - [TEST_STEP][PASSED] - Statement - product = new com.kms.katalon.core.testobject.TestObject(): null

2018-06-10 01:48:46 - [TEST_STEP][PASSED] - Statement - product = com.kms.katalon.core.webui.keyword.WebUiBuiltInKeywords.modifyObjectProperty(product, "xpath", "equals", "//*[@id = "fldvendor" + row + ""]", true): Modify property of object successfully

2018-06-10 01:48:46 - [MESSAGE][PASSED] - Modify property of object successfully

2018-06-10 01:48:46 - [TEST_STEP][PASSED] - selectOptionByIndex: All options with index in [1] are selected on object ''

2018-06-10 01:48:47 - [MESSAGE][PASSED] - All options with index in [1] are selected on object ''

2018-06-10 01:48:47 - [TEST_STEP][PASSED] - delay: Delayed 2 second(s)

2018-06-10 01:48:49 - [MESSAGE][PASSED] - Delayed 2 second(s)

2018-06-10 01:48:49 - [TEST_STEP][PASSED] - Statement - batch = new com.kms.katalon.core.testobject.TestObject(): null

2018-06-10 01:48:49 - [TEST_STEP][PASSED] - Statement - batch = com.kms.katalon.core.webui.keyword.WebUiBuiltInKeywords.modifyObjectProperty(batch, "xpath", "equals", "//*[@id = "txtbthqty" + row + ""]", true): Modify property of object successfully

2018-06-10 01:48:49 - [MESSAGE][PASSED] - Modify property of object successfully

2018-06-10 01:48:49 - [TEST_STEP][PASSED] - Statement - batchqty = com.kms.katalon.core.webui.keyword.WebUiBuiltInKeywords.getAttribute(batch, "value").trim(): Attribute 'value' of object '' is: '3300'

2018-06-10 01:48:49 - [MESSAGE][PASSED] - Attribute 'value' of object '' is: '3300'

2018-06-10 01:48:49 - [TEST_STEP][PASSED] - Statement - Rqty = 100: null

2018-06-10 01:48:49 - [TEST_STEP][PASSED] - Statement - out.println("BatchQty : " + batchqty): null

2018-06-10 01:48:49 - [TEST_STEP][PASSED] - Statement - out.println("RQty : " + Rqty): null

2018-06-10 01:48:49 - [TEST_STEP][PASSED] - Statement - If (java.lang.Integer.valueOf(batchqty) >= java.lang.Integer.valueOf(Rqty)): null

2018-06-10 01:48:49 - [TEST_STEP][PASSED] - Statement - Break: null

2018-06-10 01:48:49 - [TEST_STEP][PASSED] - Statement - batchlength = new com.kms.katalon.core.testobject.TestObject(): null

2018-06-10 01:48:49 - [TEST_STEP][PASSED] - Statement - batchlength = com.kms.katalon.core.webui.keyword.WebUiBuiltInKeywords.modifyObjectProperty(batchlength, "xpath", "equals", "//*[@id = "fldvendor" + row + ""]", true): Modify property of object successfully

2018-06-10 01:48:49 - [MESSAGE][PASSED] - Modify property of object successfully

2018-06-10 01:48:49 - [TEST_STEP][PASSED] - Statement - batchsize = com.kms.katalon.core.webui.keyword.WebUiBuiltInKeywords.getNumberOfTotalOption(batchlength): 10 options of object '' counted

2018-06-10 01:48:49 - [MESSAGE][PASSED] - 10 options of object '' counted

2018-06-10 01:48:49 - [TEST_STEP][PASSED] - Statement - out.println("BatchSize : " + batchsize): null

2018-06-10 01:48:49 - [TEST_STEP][PASSED] - Statement - For ([n = 1, n <= batchsize - 1, (n++)]): null

2018-06-10 01:48:49 - [TEST_STEP][PASSED] - Statement - product = new com.kms.katalon.core.testobject.TestObject(): null

2018-06-10 01:48:49 - [TEST_STEP][PASSED] - Statement - product = com.kms.katalon.core.webui.keyword.WebUiBuiltInKeywords.modifyObjectProperty(product, "xpath", "equals", "//*[@id = "fldvendor" + row + ""]", true): Modify property of object successfully

2018-06-10 01:48:49 - [MESSAGE][PASSED] - Modify property of object successfully

2018-06-10 01:48:49 - [TEST_STEP][PASSED] - selectOptionByIndex: All options with index in [1] are selected on object ''

2018-06-10 01:48:49 - [MESSAGE][PASSED] - All options with index in [1] are selected on object ''

2018-06-10 01:48:49 - [TEST_STEP][PASSED] - delay: Delayed 2 second(s)

2018-06-10 01:48:51 - [MESSAGE][PASSED] - Delayed 2 second(s)

2018-06-10 01:48:51 - [TEST_STEP][PASSED] - Statement - batch = new com.kms.katalon.core.testobject.TestObject(): null

2018-06-10 01:48:51 - [TEST_STEP][PASSED] - Statement - batch = com.kms.katalon.core.webui.keyword.WebUiBuiltInKeywords.modifyObjectProperty(batch, "xpath", "equals", "//*[@id = "txtbthqty" + row + ""]", true): Modify property of object successfully

2018-06-10 01:48:51 - [MESSAGE][PASSED] - Modify property of object successfully

2018-06-10 01:48:51 - [TEST_STEP][PASSED] - Statement - batchqty = com.kms.katalon.core.webui.keyword.WebUiBuiltInKeywords.getAttribute(batch, "value").trim(): Attribute 'value' of object '' is: '3300'

2018-06-10 01:48:51 - [MESSAGE][PASSED] - Attribute 'value' of object '' is: '3300'

2018-06-10 01:48:51 - [TEST_STEP][PASSED] - Statement - Rqty = 100: null

2018-06-10 01:48:51 - [TEST_STEP][PASSED] - Statement - out.println("BatchQty : " + batchqty): null

2018-06-10 01:48:51 - [TEST_STEP][PASSED] - Statement - out.println("RQty : " + Rqty): null

2018-06-10 01:48:51 - [TEST_STEP][PASSED] - Statement - If (java.lang.Integer.valueOf(batchqty) >= java.lang.Integer.valueOf(Rqty)): null

2018-06-10 01:48:51 - [TEST_STEP][PASSED] - Statement - Break: null

2018-06-10 01:48:51 - [TEST_STEP][PASSED] - Statement - batchlength = new com.kms.katalon.core.testobject.TestObject(): null

2018-06-10 01:48:51 - [TEST_STEP][PASSED] - Statement - batchlength = com.kms.katalon.core.webui.keyword.WebUiBuiltInKeywords.modifyObjectProperty(batchlength, "xpath", "equals", "//*[@id = "fldvendor" + row + ""]", true): Modify property of object successfully

2018-06-10 01:48:51 - [MESSAGE][PASSED] - Modify property of object successfully

2018-06-10 01:48:51 - [TEST_STEP][PASSED] - Statement - batchsize = com.kms.katalon.core.webui.keyword.WebUiBuiltInKeywords.getNumberOfTotalOption(batchlength): 8 options of object '' counted

2018-06-10 01:48:51 - [MESSAGE][PASSED] - 8 options of object '' counted

2018-06-10 01:48:51 - [TEST_STEP][PASSED] - Statement - out.println("BatchSize : " + batchsize): null

2018-06-10 01:48:51 - [TEST_STEP][PASSED] - Statement - For ([n = 1, n <= batchsize - 1, (n++)]): null

2018-06-10 01:48:51 - [TEST_STEP][PASSED] - Statement - product = new com.kms.katalon.core.testobject.TestObject(): null

2018-06-10 01:48:51 - [TEST_STEP][PASSED] - Statement - product = com.kms.katalon.core.webui.keyword.WebUiBuiltInKeywords.modifyObjectProperty(product, "xpath", "equals", "//*[@id = "fldvendor" + row + ""]", true): Modify property of object successfully

2018-06-10 01:48:51 - [MESSAGE][PASSED] - Modify property of object successfully

2018-06-10 01:48:51 - [TEST_STEP][PASSED] - selectOptionByIndex: All options with index in [1] are selected on object ''

2018-06-10 01:48:51 - [MESSAGE][PASSED] - All options with index in [1] are selected on object ''

2018-06-10 01:48:51 - [TEST_STEP][PASSED] - delay: Delayed 2 second(s)

2018-06-10 01:48:53 - [MESSAGE][PASSED] - Delayed 2 second(s)

2018-06-10 01:48:53 - [TEST_STEP][PASSED] - Statement - batch = new com.kms.katalon.core.testobject.TestObject(): null

2018-06-10 01:48:53 - [TEST_STEP][PASSED] - Statement - batch = com.kms.katalon.core.webui.keyword.WebUiBuiltInKeywords.modifyObjectProperty(batch, "xpath", "equals", "//*[@id = "txtbthqty" + row + ""]", true): Modify property of object successfully

2018-06-10 01:48:53 - [MESSAGE][PASSED] - Modify property of object successfully

2018-06-10 01:48:53 - [TEST_STEP][PASSED] - Statement - batchqty = com.kms.katalon.core.webui.keyword.WebUiBuiltInKeywords.getAttribute(batch, "value").trim(): Attribute 'value' of object '' is: '3500'

2018-06-10 01:48:53 - [MESSAGE][PASSED] - Attribute 'value' of object '' is: '3500'

2018-06-10 01:48:53 - [TEST_STEP][PASSED] - Statement - Rqty = 100: null

2018-06-10 01:48:53 - [TEST_STEP][PASSED] - Statement - out.println("BatchQty : " + batchqty): null

2018-06-10 01:48:53 - [TEST_STEP][PASSED] - Statement - out.println("RQty : " + Rqty): null

2018-06-10 01:48:53 - [TEST_STEP][PASSED] - Statement - If (java.lang.Integer.valueOf(batchqty) >= java.lang.Integer.valueOf(Rqty)): null

2018-06-10 01:48:53 - [TEST_STEP][PASSED] - Statement - Break: null

2018-06-10 01:48:53 - [TEST_STEP][PASSED] - Statement - batchlength = new com.kms.katalon.core.testobject.TestObject(): null

2018-06-10 01:48:53 - [TEST_STEP][PASSED] - Statement - batchlength = com.kms.katalon.core.webui.keyword.WebUiBuiltInKeywords.modifyObjectProperty(batchlength, "xpath", "equals", "//*[@id = "fldvendor" + row + ""]", true): Modify property of object successfully

2018-06-10 01:48:53 - [MESSAGE][PASSED] - Modify property of object successfully

2018-06-10 01:48:53 - [TEST_STEP][PASSED] - Statement - batchsize = com.kms.katalon.core.webui.keyword.WebUiBuiltInKeywords.getNumberOfTotalOption(batchlength): 10 options of object '' counted

2018-06-10 01:48:53 - [MESSAGE][PASSED] - 10 options of object '' counted

2018-06-10 01:48:53 - [TEST_STEP][PASSED] - Statement - out.println("BatchSize : " + batchsize): null

2018-06-10 01:48:53 - [TEST_STEP][PASSED] - Statement - For ([n = 1, n <= batchsize - 1, (n++)]): null

2018-06-10 01:48:53 - [TEST_STEP][PASSED] - Statement - product = new com.kms.katalon.core.testobject.TestObject(): null

2018-06-10 01:48:53 - [TEST_STEP][PASSED] - Statement - product = com.kms.katalon.core.webui.keyword.WebUiBuiltInKeywords.modifyObjectProperty(product, "xpath", "equals", "//*[@id = "fldvendor" + row + ""]", true): Modify property of object successfully

2018-06-10 01:48:53 - [MESSAGE][PASSED] - Modify property of object successfully

2018-06-10 01:48:53 - [TEST_STEP][PASSED] - selectOptionByIndex: All options with index in [1] are selected on object ''

2018-06-10 01:48:53 - [MESSAGE][PASSED] - All options with index in [1] are selected on object ''

2018-06-10 01:48:53 - [TEST_STEP][PASSED] - delay: Delayed 2 second(s)

2018-06-10 01:48:55 - [MESSAGE][PASSED] - Delayed 2 second(s)

2018-06-10 01:48:55 - [TEST_STEP][PASSED] - Statement - batch = new com.kms.katalon.core.testobject.TestObject(): null

2018-06-10 01:48:55 - [TEST_STEP][PASSED] - Statement - batch = com.kms.katalon.core.webui.keyword.WebUiBuiltInKeywords.modifyObjectProperty(batch, "xpath", "equals", "//*[@id = "txtbthqty" + row + ""]", true): Modify property of object successfully

2018-06-10 01:48:55 - [MESSAGE][PASSED] - Modify property of object successfully

2018-06-10 01:48:55 - [TEST_STEP][PASSED] - Statement - batchqty = com.kms.katalon.core.webui.keyword.WebUiBuiltInKeywords.getAttribute(batch, "value").trim(): Attribute 'value' of object '' is: '3300'

2018-06-10 01:48:55 - [MESSAGE][PASSED] - Attribute 'value' of object '' is: '3300'

2018-06-10 01:48:55 - [TEST_STEP][PASSED] - Statement - Rqty = 100: null

2018-06-10 01:48:55 - [TEST_STEP][PASSED] - Statement - out.println("BatchQty : " + batchqty): null

2018-06-10 01:48:55 - [TEST_STEP][PASSED] - Statement - out.println("RQty : " + Rqty): null

2018-06-10 01:48:55 - [TEST_STEP][PASSED] - Statement - If (java.lang.Integer.valueOf(batchqty) >= java.lang.Integer.valueOf(Rqty)): null

2018-06-10 01:48:55 - [TEST_STEP][PASSED] - Statement - Break: null

2018-06-10 01:48:55 - [TEST_STEP][PASSED] - Statement - batchlength = new com.kms.katalon.core.testobject.TestObject(): null

2018-06-10 01:48:55 - [TEST_STEP][PASSED] - Statement - batchlength = com.kms.katalon.core.webui.keyword.WebUiBuiltInKeywords.modifyObjectProperty(batchlength, "xpath", "equals", "//*[@id = "fldvendor" + row + ""]", true): Modify property of object successfully

2018-06-10 01:48:55 - [MESSAGE][PASSED] - Modify property of object successfully

2018-06-10 01:48:55 - [TEST_STEP][PASSED] - Statement - batchsize = com.kms.katalon.core.webui.keyword.WebUiBuiltInKeywords.getNumberOfTotalOption(batchlength): 9 options of object '' counted

2018-06-10 01:48:55 - [MESSAGE][PASSED] - 9 options of object '' counted

2018-06-10 01:48:55 - [TEST_STEP][PASSED] - Statement - out.println("BatchSize : " + batchsize): null

2018-06-10 01:48:55 - [TEST_STEP][PASSED] - Statement - For ([n = 1, n <= batchsize - 1, (n++)]): null

2018-06-10 01:48:55 - [TEST_STEP][PASSED] - Statement - product = new com.kms.katalon.core.testobject.TestObject(): null

2018-06-10 01:48:55 - [TEST_STEP][PASSED] - Statement - product = com.kms.katalon.core.webui.keyword.WebUiBuiltInKeywords.modifyObjectProperty(product, "xpath", "equals", "//*[@id = "fldvendor" + row + ""]", true): Modify property of object successfully

2018-06-10 01:48:55 - [MESSAGE][PASSED] - Modify property of object successfully

2018-06-10 01:48:55 - [TEST_STEP][PASSED] - selectOptionByIndex: All options with index in [1] are selected on object ''

2018-06-10 01:48:56 - [MESSAGE][PASSED] - All options with index in [1] are selected on object ''

2018-06-10 01:48:56 - [TEST_STEP][PASSED] - delay: Delayed 2 second(s)

2018-06-10 01:48:58 - [MESSAGE][PASSED] - Delayed 2 second(s)

2018-06-10 01:48:58 - [TEST_STEP][PASSED] - Statement - batch = new com.kms.katalon.core.testobject.TestObject(): null

2018-06-10 01:48:58 - [TEST_STEP][PASSED] - Statement - batch = com.kms.katalon.core.webui.keyword.WebUiBuiltInKeywords.modifyObjectProperty(batch, "xpath", "equals", "//*[@id = "txtbthqty" + row + ""]", true): Modify property of object successfully

2018-06-10 01:48:58 - [MESSAGE][PASSED] - Modify property of object successfully

2018-06-10 01:48:58 - [TEST_STEP][PASSED] - Statement - batchqty = com.kms.katalon.core.webui.keyword.WebUiBuiltInKeywords.getAttribute(batch, "value").trim(): Attribute 'value' of object '' is: '3300'

2018-06-10 01:48:58 - [MESSAGE][PASSED] - Attribute 'value' of object '' is: '3300'

2018-06-10 01:48:58 - [TEST_STEP][PASSED] - Statement - Rqty = 100: null

2018-06-10 01:48:58 - [TEST_STEP][PASSED] - Statement - out.println("BatchQty : " + batchqty): null

2018-06-10 01:48:58 - [TEST_STEP][PASSED] - Statement - out.println("RQty : " + Rqty): null

2018-06-10 01:48:58 - [TEST_STEP][PASSED] - Statement - If (java.lang.Integer.valueOf(batchqty) >= java.lang.Integer.valueOf(Rqty)): null

2018-06-10 01:48:58 - [TEST_STEP][PASSED] - Statement - Break: null

2018-06-10 01:48:58 - [TEST_STEP][PASSED] - Statement - batchlength = new com.kms.katalon.core.testobject.TestObject(): null

2018-06-10 01:48:58 - [TEST_STEP][PASSED] - Statement - batchlength = com.kms.katalon.core.webui.keyword.WebUiBuiltInKeywords.modifyObjectProperty(batchlength, "xpath", "equals", "//*[@id = "fldvendor" + row + ""]", true): Modify property of object successfully

2018-06-10 01:48:58 - [MESSAGE][PASSED] - Modify property of object successfully

2018-06-10 01:48:58 - [TEST_STEP][PASSED] - Statement - batchsize = com.kms.katalon.core.webui.keyword.WebUiBuiltInKeywords.getNumberOfTotalOption(batchlength): 10 options of object '' counted

2018-06-10 01:48:58 - [MESSAGE][PASSED] - 10 options of object '' counted

2018-06-10 01:48:58 - [TEST_STEP][PASSED] - Statement - out.println("BatchSize : " + batchsize): null

2018-06-10 01:48:58 - [TEST_STEP][PASSED] - Statement - For ([n = 1, n <= batchsize - 1, (n++)]): null

2018-06-10 01:48:58 - [TEST_STEP][PASSED] - Statement - product = new com.kms.katalon.core.testobject.TestObject(): null

2018-06-10 01:48:58 - [TEST_STEP][PASSED] - Statement - product = com.kms.katalon.core.webui.keyword.WebUiBuiltInKeywords.modifyObjectProperty(product, "xpath", "equals", "//*[@id = "fldvendor" + row + ""]", true): Modify property of object successfully

2018-06-10 01:48:58 - [MESSAGE][PASSED] - Modify property of object successfully

2018-06-10 01:48:58 - [TEST_STEP][PASSED] - selectOptionByIndex: All options with index in [1] are selected on object ''

2018-06-10 01:48:58 - [MESSAGE][PASSED] - All options with index in [1] are selected on object ''

2018-06-10 01:48:58 - [TEST_STEP][PASSED] - delay: Delayed 2 second(s)

2018-06-10 01:49:00 - [MESSAGE][PASSED] - Delayed 2 second(s)

2018-06-10 01:49:00 - [TEST_STEP][PASSED] - Statement - batch = new com.kms.katalon.core.testobject.TestObject(): null

2018-06-10 01:49:00 - [TEST_STEP][PASSED] - Statement - batch = com.kms.katalon.core.webui.keyword.WebUiBuiltInKeywords.modifyObjectProperty(batch, "xpath", "equals", "//*[@id = "txtbthqty" + row + ""]", true): Modify property of object successfully

2018-06-10 01:49:00 - [MESSAGE][PASSED] - Modify property of object successfully

2018-06-10 01:49:00 - [TEST_STEP][PASSED] - Statement - batchqty = com.kms.katalon.core.webui.keyword.WebUiBuiltInKeywords.getAttribute(batch, "value").trim(): Attribute 'value' of object '' is: '3300'

2018-06-10 01:49:00 - [MESSAGE][PASSED] - Attribute 'value' of object '' is: '3300'

2018-06-10 01:49:00 - [TEST_STEP][PASSED] - Statement - Rqty = 100: null

2018-06-10 01:49:00 - [TEST_STEP][PASSED] - Statement - out.println("BatchQty : " + batchqty): null

2018-06-10 01:49:00 - [TEST_STEP][PASSED] - Statement - out.println("RQty : " + Rqty): null

2018-06-10 01:49:00 - [TEST_STEP][PASSED] - Statement - If (java.lang.Integer.valueOf(batchqty) >= java.lang.Integer.valueOf(Rqty)): null

2018-06-10 01:49:00 - [TEST_STEP][PASSED] - Statement - Break: null

2018-06-10 01:49:00 - [TEST_STEP][PASSED] - Statement - batchlength = new com.kms.katalon.core.testobject.TestObject(): null

2018-06-10 01:49:00 - [TEST_STEP][PASSED] - Statement - batchlength = com.kms.katalon.core.webui.keyword.WebUiBuiltInKeywords.modifyObjectProperty(batchlength, "xpath", "equals", "//*[@id = "fldvendor" + row + ""]", true): Modify property of object successfully

2018-06-10 01:49:00 - [MESSAGE][PASSED] - Modify property of object successfully

2018-06-10 01:49:00 - [TEST_STEP][PASSED] - Statement - batchsize = com.kms.katalon.core.webui.keyword.WebUiBuiltInKeywords.getNumberOfTotalOption(batchlength): 9 options of object '' counted

2018-06-10 01:49:00 - [MESSAGE][PASSED] - 9 options of object '' counted

2018-06-10 01:49:00 - [TEST_STEP][PASSED] - Statement - out.println("BatchSize : " + batchsize): null

2018-06-10 01:49:00 - [TEST_STEP][PASSED] - Statement - For ([n = 1, n <= batchsize - 1, (n++)]): null

2018-06-10 01:49:00 - [TEST_STEP][PASSED] - Statement - product = new com.kms.katalon.core.testobject.TestObject(): null

2018-06-10 01:49:00 - [TEST_STEP][PASSED] - Statement - product = com.kms.katalon.core.webui.keyword.WebUiBuiltInKeywords.modifyObjectProperty(product, "xpath", "equals", "//*[@id = "fldvendor" + row + ""]", true): Modify property of object successfully

2018-06-10 01:49:00 - [MESSAGE][PASSED] - Modify property of object successfully

2018-06-10 01:49:00 - [TEST_STEP][PASSED] - selectOptionByIndex: All options with index in [1] are selected on object ''

2018-06-10 01:49:00 - [MESSAGE][PASSED] - All options with index in [1] are selected on object ''

2018-06-10 01:49:00 - [TEST_STEP][PASSED] - delay: Delayed 2 second(s)

2018-06-10 01:49:02 - [MESSAGE][PASSED] - Delayed 2 second(s)

2018-06-10 01:49:02 - [TEST_STEP][PASSED] - Statement - batch = new com.kms.katalon.core.testobject.TestObject(): null

2018-06-10 01:49:02 - [TEST_STEP][PASSED] - Statement - batch = com.kms.katalon.core.webui.keyword.WebUiBuiltInKeywords.modifyObjectProperty(batch, "xpath", "equals", "//*[@id = "txtbthqty" + row + ""]", true): Modify property of object successfully

2018-06-10 01:49:02 - [MESSAGE][PASSED] - Modify property of object successfully

2018-06-10 01:49:02 - [TEST_STEP][PASSED] - Statement - batchqty = com.kms.katalon.core.webui.keyword.WebUiBuiltInKeywords.getAttribute(batch, "value").trim(): Attribute 'value' of object '' is: '3500'

2018-06-10 01:49:02 - [MESSAGE][PASSED] - Attribute 'value' of object '' is: '3500'

2018-06-10 01:49:02 - [TEST_STEP][PASSED] - Statement - Rqty = 100: null

2018-06-10 01:49:02 - [TEST_STEP][PASSED] - Statement - out.println("BatchQty : " + batchqty): null

2018-06-10 01:49:02 - [TEST_STEP][PASSED] - Statement - out.println("RQty : " + Rqty): null

2018-06-10 01:49:02 - [TEST_STEP][PASSED] - Statement - If (java.lang.Integer.valueOf(batchqty) >= java.lang.Integer.valueOf(Rqty)): null

2018-06-10 01:49:02 - [TEST_STEP][PASSED] - Statement - Break: null

2018-06-10 01:49:02 - [TEST_STEP][PASSED] - Statement - batchlength = new com.kms.katalon.core.testobject.TestObject(): null

2018-06-10 01:49:02 - [TEST_STEP][PASSED] - Statement - batchlength = com.kms.katalon.core.webui.keyword.WebUiBuiltInKeywords.modifyObjectProperty(batchlength, "xpath", "equals", "//*[@id = "fldvendor" + row + ""]", true): Modify property of object successfully

2018-06-10 01:49:02 - [MESSAGE][PASSED] - Modify property of object successfully

2018-06-10 01:49:02 - [TEST_STEP][PASSED] - Statement - batchsize = com.kms.katalon.core.webui.keyword.WebUiBuiltInKeywords.getNumberOfTotalOption(batchlength): 10 options of object '' counted

2018-06-10 01:49:02 - [MESSAGE][PASSED] - 10 options of object '' counted

2018-06-10 01:49:02 - [TEST_STEP][PASSED] - Statement - out.println("BatchSize : " + batchsize): null

2018-06-10 01:49:02 - [TEST_STEP][PASSED] - Statement - For ([n = 1, n <= batchsize - 1, (n++)]): null

2018-06-10 01:49:02 - [TEST_STEP][PASSED] - Statement - product = new com.kms.katalon.core.testobject.TestObject(): null

2018-06-10 01:49:02 - [TEST_STEP][PASSED] - Statement - product = com.kms.katalon.core.webui.keyword.WebUiBuiltInKeywords.modifyObjectProperty(product, "xpath", "equals", "//*[@id = "fldvendor" + row + ""]", true): Modify property of object successfully

2018-06-10 01:49:02 - [MESSAGE][PASSED] - Modify property of object successfully

2018-06-10 01:49:02 - [TEST_STEP][PASSED] - selectOptionByIndex: All options with index in [1] are selected on object ''

2018-06-10 01:49:02 - [MESSAGE][PASSED] - All options with index in [1] are selected on object ''

2018-06-10 01:49:02 - [TEST_STEP][PASSED] - delay: Delayed 2 second(s)

2018-06-10 01:49:04 - [MESSAGE][PASSED] - Delayed 2 second(s)

2018-06-10 01:49:04 - [TEST_STEP][PASSED] - Statement - batch = new com.kms.katalon.core.testobject.TestObject(): null

2018-06-10 01:49:04 - [TEST_STEP][PASSED] - Statement - batch = com.kms.katalon.core.webui.keyword.WebUiBuiltInKeywords.modifyObjectProperty(batch, "xpath", "equals", "//*[@id = "txtbthqty" + row + ""]", true): Modify property of object successfully

2018-06-10 01:49:04 - [MESSAGE][PASSED] - Modify property of object successfully

2018-06-10 01:49:04 - [TEST_STEP][PASSED] - Statement - batchqty = com.kms.katalon.core.webui.keyword.WebUiBuiltInKeywords.getAttribute(batch, "value").trim(): Attribute 'value' of object '' is: '3500'

2018-06-10 01:49:04 - [MESSAGE][PASSED] - Attribute 'value' of object '' is: '3500'

2018-06-10 01:49:04 - [TEST_STEP][PASSED] - Statement - Rqty = 100: null

2018-06-10 01:49:04 - [TEST_STEP][PASSED] - Statement - out.println("BatchQty : " + batchqty): null

2018-06-10 01:49:04 - [TEST_STEP][PASSED] - Statement - out.println("RQty : " + Rqty): null

2018-06-10 01:49:04 - [TEST_STEP][PASSED] - Statement - If (java.lang.Integer.valueOf(batchqty) >= java.lang.Integer.valueOf(Rqty)): null

2018-06-10 01:49:04 - [TEST_STEP][PASSED] - Statement - Break: null

2018-06-10 01:49:04 - [TEST_STEP][PASSED] - Statement - batchlength = new com.kms.katalon.core.testobject.TestObject(): null

2018-06-10 01:49:04 - [TEST_STEP][PASSED] - Statement - batchlength = com.kms.katalon.core.webui.keyword.WebUiBuiltInKeywords.modifyObjectProperty(batchlength, "xpath", "equals", "//*[@id = "fldvendor" + row + ""]", true): Modify property of object successfully

2018-06-10 01:49:04 - [MESSAGE][PASSED] - Modify property of object successfully

2018-06-10 01:49:04 - [TEST_STEP][PASSED] - Statement - batchsize = com.kms.katalon.core.webui.keyword.WebUiBuiltInKeywords.getNumberOfTotalOption(batchlength): 9 options of object '' counted

2018-06-10 01:49:05 - [MESSAGE][PASSED] - 9 options of object '' counted

2018-06-10 01:49:05 - [TEST_STEP][PASSED] - Statement - out.println("BatchSize : " + batchsize): null

2018-06-10 01:49:05 - [TEST_STEP][PASSED] - Statement - For ([n = 1, n <= batchsize - 1, (n++)]): null

2018-06-10 01:49:05 - [TEST_STEP][PASSED] - Statement - product = new com.kms.katalon.core.testobject.TestObject(): null

2018-06-10 01:49:05 - [TEST_STEP][PASSED] - Statement - product = com.kms.katalon.core.webui.keyword.WebUiBuiltInKeywords.modifyObjectProperty(product, "xpath", "equals", "//*[@id = "fldvendor" + row + ""]", true): Modify property of object successfully

2018-06-10 01:49:05 - [MESSAGE][PASSED] - Modify property of object successfully

2018-06-10 01:49:05 - [TEST_STEP][PASSED] - selectOptionByIndex: All options with index in [1] are selected on object ''

2018-06-10 01:49:05 - [MESSAGE][PASSED] - All options with index in [1] are selected on object ''

2018-06-10 01:49:05 - [TEST_STEP][PASSED] - delay: Delayed 2 second(s)

2018-06-10 01:49:07 - [MESSAGE][PASSED] - Delayed 2 second(s)

2018-06-10 01:49:07 - [TEST_STEP][PASSED] - Statement - batch = new com.kms.katalon.core.testobject.TestObject(): null

2018-06-10 01:49:07 - [TEST_STEP][PASSED] - Statement - batch = com.kms.katalon.core.webui.keyword.WebUiBuiltInKeywords.modifyObjectProperty(batch, "xpath", "equals", "//*[@id = "txtbthqty" + row + ""]", true): Modify property of object successfully

2018-06-10 01:49:07 - [MESSAGE][PASSED] - Modify property of object successfully

2018-06-10 01:49:07 - [TEST_STEP][PASSED] - Statement - batchqty = com.kms.katalon.core.webui.keyword.WebUiBuiltInKeywords.getAttribute(batch, "value").trim(): Attribute 'value' of object '' is: '3500'

2018-06-10 01:49:07 - [MESSAGE][PASSED] - Attribute 'value' of object '' is: '3500'

2018-06-10 01:49:07 - [TEST_STEP][PASSED] - Statement - Rqty = 100: null

2018-06-10 01:49:07 - [TEST_STEP][PASSED] - Statement - out.println("BatchQty : " + batchqty): null

2018-06-10 01:49:07 - [TEST_STEP][PASSED] - Statement - out.println("RQty : " + Rqty): null

2018-06-10 01:49:07 - [TEST_STEP][PASSED] - Statement - If (java.lang.Integer.valueOf(batchqty) >= java.lang.Integer.valueOf(Rqty)): null

2018-06-10 01:49:07 - [TEST_STEP][PASSED] - Statement - Break: null

2018-06-10 01:49:07 - [TEST_STEP][PASSED] - Statement - batchlength = new com.kms.katalon.core.testobject.TestObject(): null

2018-06-10 01:49:07 - [TEST_STEP][PASSED] - Statement - batchlength = com.kms.katalon.core.webui.keyword.WebUiBuiltInKeywords.modifyObjectProperty(batchlength, "xpath", "equals", "//*[@id = "fldvendor" + row + ""]", true): Modify property of object successfully

2018-06-10 01:49:07 - [MESSAGE][PASSED] - Modify property of object successfully

2018-06-10 01:49:07 - [TEST_STEP][PASSED] - Statement - batchsize = com.kms.katalon.core.webui.keyword.WebUiBuiltInKeywords.getNumberOfTotalOption(batchlength): 8 options of object '' counted

2018-06-10 01:49:07 - [MESSAGE][PASSED] - 8 options of object '' counted

2018-06-10 01:49:07 - [TEST_STEP][PASSED] - Statement - out.println("BatchSize : " + batchsize): null

2018-06-10 01:49:07 - [TEST_STEP][PASSED] - Statement - For ([n = 1, n <= batchsize - 1, (n++)]): null

2018-06-10 01:49:07 - [TEST_STEP][PASSED] - Statement - product = new com.kms.katalon.core.testobject.TestObject(): null

2018-06-10 01:49:07 - [TEST_STEP][PASSED] - Statement - product = com.kms.katalon.core.webui.keyword.WebUiBuiltInKeywords.modifyObjectProperty(product, "xpath", "equals", "//*[@id = "fldvendor" + row + ""]", true): Modify property of object successfully

2018-06-10 01:49:07 - [MESSAGE][PASSED] - Modify property of object successfully

2018-06-10 01:49:07 - [TEST_STEP][PASSED] - selectOptionByIndex: All options with index in [1] are selected on object ''

2018-06-10 01:49:07 - [MESSAGE][PASSED] - All options with index in [1] are selected on object ''

2018-06-10 01:49:07 - [TEST_STEP][PASSED] - delay: Delayed 2 second(s)

2018-06-10 01:49:09 - [MESSAGE][PASSED] - Delayed 2 second(s)

2018-06-10 01:49:09 - [TEST_STEP][PASSED] - Statement - batch = new com.kms.katalon.core.testobject.TestObject(): null

2018-06-10 01:49:09 - [TEST_STEP][PASSED] - Statement - batch = com.kms.katalon.core.webui.keyword.WebUiBuiltInKeywords.modifyObjectProperty(batch, "xpath", "equals", "//*[@id = "txtbthqty" + row + ""]", true): Modify property of object successfully

2018-06-10 01:49:09 - [MESSAGE][PASSED] - Modify property of object successfully

2018-06-10 01:49:09 - [TEST_STEP][PASSED] - Statement - batchqty = com.kms.katalon.core.webui.keyword.WebUiBuiltInKeywords.getAttribute(batch, "value").trim(): Attribute 'value' of object '' is: '4400'

2018-06-10 01:49:09 - [MESSAGE][PASSED] - Attribute 'value' of object '' is: '4400'

2018-06-10 01:49:09 - [TEST_STEP][PASSED] - Statement - Rqty = 100: null

2018-06-10 01:49:09 - [TEST_STEP][PASSED] - Statement - out.println("BatchQty : " + batchqty): null

2018-06-10 01:49:09 - [TEST_STEP][PASSED] - Statement - out.println("RQty : " + Rqty): null

2018-06-10 01:49:09 - [TEST_STEP][PASSED] - Statement - If (java.lang.Integer.valueOf(batchqty) >= java.lang.Integer.valueOf(Rqty)): null

2018-06-10 01:49:09 - [TEST_STEP][PASSED] - Statement - Break: null

2018-06-10 01:49:09 - [TEST_STEP][PASSED] - Statement - batchlength = new com.kms.katalon.core.testobject.TestObject(): null

2018-06-10 01:49:09 - [TEST_STEP][PASSED] - Statement - batchlength = com.kms.katalon.core.webui.keyword.WebUiBuiltInKeywords.modifyObjectProperty(batchlength, "xpath", "equals", "//*[@id = "fldvendor" + row + ""]", true): Modify property of object successfully

2018-06-10 01:49:09 - [MESSAGE][PASSED] - Modify property of object successfully

2018-06-10 01:49:09 - [TEST_STEP][PASSED] - Statement - batchsize = com.kms.katalon.core.webui.keyword.WebUiBuiltInKeywords.getNumberOfTotalOption(batchlength): 10 options of object '' counted

2018-06-10 01:49:09 - [MESSAGE][PASSED] - 10 options of object '' counted

2018-06-10 01:49:09 - [TEST_STEP][PASSED] - Statement - out.println("BatchSize : " + batchsize): null

2018-06-10 01:49:09 - [TEST_STEP][PASSED] - Statement - For ([n = 1, n <= batchsize - 1, (n++)]): null

2018-06-10 01:49:09 - [TEST_STEP][PASSED] - Statement - product = new com.kms.katalon.core.testobject.TestObject(): null

2018-06-10 01:49:09 - [TEST_STEP][PASSED] - Statement - product = com.kms.katalon.core.webui.keyword.WebUiBuiltInKeywords.modifyObjectProperty(product, "xpath", "equals", "//*[@id = "fldvendor" + row + ""]", true): Modify property of object successfully

2018-06-10 01:49:09 - [MESSAGE][PASSED] - Modify property of object successfully

2018-06-10 01:49:09 - [TEST_STEP][PASSED] - selectOptionByIndex: All options with index in [1] are selected on object ''

2018-06-10 01:49:09 - [MESSAGE][PASSED] - All options with index in [1] are selected on object ''

2018-06-10 01:49:09 - [TEST_STEP][PASSED] - delay: Delayed 2 second(s)

2018-06-10 01:49:11 - [MESSAGE][PASSED] - Delayed 2 second(s)

2018-06-10 01:49:11 - [TEST_STEP][PASSED] - Statement - batch = new com.kms.katalon.core.testobject.TestObject(): null

2018-06-10 01:49:11 - [TEST_STEP][PASSED] - Statement - batch = com.kms.katalon.core.webui.keyword.WebUiBuiltInKeywords.modifyObjectProperty(batch, "xpath", "equals", "//*[@id = "txtbthqty" + row + ""]", true): Modify property of object successfully

2018-06-10 01:49:11 - [MESSAGE][PASSED] - Modify property of object successfully

2018-06-10 01:49:11 - [TEST_STEP][PASSED] - Statement - batchqty = com.kms.katalon.core.webui.keyword.WebUiBuiltInKeywords.getAttribute(batch, "value").trim(): Attribute 'value' of object '' is: '3300'

2018-06-10 01:49:11 - [MESSAGE][PASSED] - Attribute 'value' of object '' is: '3300'

2018-06-10 01:49:11 - [TEST_STEP][PASSED] - Statement - Rqty = 100: null

2018-06-10 01:49:11 - [TEST_STEP][PASSED] - Statement - out.println("BatchQty : " + batchqty): null

2018-06-10 01:49:11 - [TEST_STEP][PASSED] - Statement - out.println("RQty : " + Rqty): null

2018-06-10 01:49:11 - [TEST_STEP][PASSED] - Statement - If (java.lang.Integer.valueOf(batchqty) >= java.lang.Integer.valueOf(Rqty)): null

2018-06-10 01:49:11 - [TEST_STEP][PASSED] - Statement - Break: null

2018-06-10 01:49:11 - [TEST_STEP][PASSED] - Statement - batchlength = new com.kms.katalon.core.testobject.TestObject(): null

2018-06-10 01:49:11 - [TEST_STEP][PASSED] - Statement - batchlength = com.kms.katalon.core.webui.keyword.WebUiBuiltInKeywords.modifyObjectProperty(batchlength, "xpath", "equals", "//*[@id = "fldvendor" + row + ""]", true): Modify property of object successfully

2018-06-10 01:49:11 - [MESSAGE][PASSED] - Modify property of object successfully

2018-06-10 01:49:11 - [TEST_STEP][PASSED] - Statement - batchsize = com.kms.katalon.core.webui.keyword.WebUiBuiltInKeywords.getNumberOfTotalOption(batchlength): 9 options of object '' counted

2018-06-10 01:49:11 - [MESSAGE][PASSED] - 9 options of object '' counted

2018-06-10 01:49:11 - [TEST_STEP][PASSED] - Statement - out.println("BatchSize : " + batchsize): null

2018-06-10 01:49:11 - [TEST_STEP][PASSED] - Statement - For ([n = 1, n <= batchsize - 1, (n++)]): null

2018-06-10 01:49:11 - [TEST_STEP][PASSED] - Statement - product = new com.kms.katalon.core.testobject.TestObject(): null

2018-06-10 01:49:11 - [TEST_STEP][PASSED] - Statement - product = com.kms.katalon.core.webui.keyword.WebUiBuiltInKeywords.modifyObjectProperty(product, "xpath", "equals", "//*[@id = "fldvendor" + row + ""]", true): Modify property of object successfully

2018-06-10 01:49:11 - [MESSAGE][PASSED] - Modify property of object successfully

2018-06-10 01:49:11 - [TEST_STEP][PASSED] - selectOptionByIndex: All options with index in [1] are selected on object ''

2018-06-10 01:49:11 - [MESSAGE][PASSED] - All options with index in [1] are selected on object ''

2018-06-10 01:49:11 - [TEST_STEP][PASSED] - delay: Delayed 2 second(s)

2018-06-10 01:49:13 - [MESSAGE][PASSED] - Delayed 2 second(s)

2018-06-10 01:49:13 - [TEST_STEP][PASSED] - Statement - batch = new com.kms.katalon.core.testobject.TestObject(): null

2018-06-10 01:49:13 - [TEST_STEP][PASSED] - Statement - batch = com.kms.katalon.core.webui.keyword.WebUiBuiltInKeywords.modifyObjectProperty(batch, "xpath", "equals", "//*[@id = "txtbthqty" + row + ""]", true): Modify property of object successfully

2018-06-10 01:49:13 - [MESSAGE][PASSED] - Modify property of object successfully

2018-06-10 01:49:13 - [TEST_STEP][PASSED] - Statement - batchqty = com.kms.katalon.core.webui.keyword.WebUiBuiltInKeywords.getAttribute(batch, "value").trim(): Attribute 'value' of object '' is: '3500'

2018-06-10 01:49:13 - [MESSAGE][PASSED] - Attribute 'value' of object '' is: '3500'

2018-06-10 01:49:13 - [TEST_STEP][PASSED] - Statement - Rqty = 100: null

2018-06-10 01:49:13 - [TEST_STEP][PASSED] - Statement - out.println("BatchQty : " + batchqty): null

2018-06-10 01:49:13 - [TEST_STEP][PASSED] - Statement - out.println("RQty : " + Rqty): null

2018-06-10 01:49:13 - [TEST_STEP][PASSED] - Statement - If (java.lang.Integer.valueOf(batchqty) >= java.lang.Integer.valueOf(Rqty)): null

2018-06-10 01:49:13 - [TEST_STEP][PASSED] - Statement - Break: null

2018-06-10 01:49:13 - [TEST_STEP][PASSED] - Statement - batchlength = new com.kms.katalon.core.testobject.TestObject(): null

2018-06-10 01:49:13 - [TEST_STEP][PASSED] - Statement - batchlength = com.kms.katalon.core.webui.keyword.WebUiBuiltInKeywords.modifyObjectProperty(batchlength, "xpath", "equals", "//*[@id = "fldvendor" + row + ""]", true): Modify property of object successfully

2018-06-10 01:49:13 - [MESSAGE][PASSED] - Modify property of object successfully

2018-06-10 01:49:13 - [TEST_STEP][PASSED] - Statement - batchsize = com.kms.katalon.core.webui.keyword.WebUiBuiltInKeywords.getNumberOfTotalOption(batchlength): 10 options of object '' counted

2018-06-10 01:49:14 - [MESSAGE][PASSED] - 10 options of object '' counted

2018-06-10 01:49:14 - [TEST_STEP][PASSED] - Statement - out.println("BatchSize : " + batchsize): null

2018-06-10 01:49:14 - [TEST_STEP][PASSED] - Statement - For ([n = 1, n <= batchsize - 1, (n++)]): null

2018-06-10 01:49:14 - [TEST_STEP][PASSED] - Statement - product = new com.kms.katalon.core.testobject.TestObject(): null

2018-06-10 01:49:14 - [TEST_STEP][PASSED] - Statement - product = com.kms.katalon.core.webui.keyword.WebUiBuiltInKeywords.modifyObjectProperty(product, "xpath", "equals", "//*[@id = "fldvendor" + row + ""]", true): Modify property of object successfully

2018-06-10 01:49:14 - [MESSAGE][PASSED] - Modify property of object successfully

2018-06-10 01:49:14 - [TEST_STEP][PASSED] - selectOptionByIndex: All options with index in [1] are selected on object ''

2018-06-10 01:49:14 - [MESSAGE][PASSED] - All options with index in [1] are selected on object ''

2018-06-10 01:49:14 - [TEST_STEP][PASSED] - delay: Delayed 2 second(s)

2018-06-10 01:49:16 - [MESSAGE][PASSED] - Delayed 2 second(s)

2018-06-10 01:49:16 - [TEST_STEP][PASSED] - Statement - batch = new com.kms.katalon.core.testobject.TestObject(): null

2018-06-10 01:49:16 - [TEST_STEP][PASSED] - Statement - batch = com.kms.katalon.core.webui.keyword.WebUiBuiltInKeywords.modifyObjectProperty(batch, "xpath", "equals", "//*[@id = "txtbthqty" + row + ""]", true): Modify property of object successfully

2018-06-10 01:49:16 - [MESSAGE][PASSED] - Modify property of object successfully

2018-06-10 01:49:16 - [TEST_STEP][PASSED] - Statement - batchqty = com.kms.katalon.core.webui.keyword.WebUiBuiltInKeywords.getAttribute(batch, "value").trim(): Attribute 'value' of object '' is: '4400'

2018-06-10 01:49:16 - [MESSAGE][PASSED] - Attribute 'value' of object '' is: '4400'

2018-06-10 01:49:16 - [TEST_STEP][PASSED] - Statement - Rqty = 100: null

2018-06-10 01:49:16 - [TEST_STEP][PASSED] - Statement - out.println("BatchQty : " + batchqty): null

2018-06-10 01:49:16 - [TEST_STEP][PASSED] - Statement - out.println("RQty : " + Rqty): null

2018-06-10 01:49:16 - [TEST_STEP][PASSED] - Statement - If (java.lang.Integer.valueOf(batchqty) >= java.lang.Integer.valueOf(Rqty)): null

2018-06-10 01:49:16 - [TEST_STEP][PASSED] - Statement - Break: null

2018-06-10 01:49:16 - [TEST_STEP][PASSED] - Statement - batchlength = new com.kms.katalon.core.testobject.TestObject(): null

2018-06-10 01:49:16 - [TEST_STEP][PASSED] - Statement - batchlength = com.kms.katalon.core.webui.keyword.WebUiBuiltInKeywords.modifyObjectProperty(batchlength, "xpath", "equals", "//*[@id = "fldvendor" + row + ""]", true): Modify property of object successfully

2018-06-10 01:49:16 - [MESSAGE][PASSED] - Modify property of object successfully

2018-06-10 01:49:16 - [TEST_STEP][PASSED] - Statement - batchsize = com.kms.katalon.core.webui.keyword.WebUiBuiltInKeywords.getNumberOfTotalOption(batchlength): 9 options of object '' counted

2018-06-10 01:49:16 - [MESSAGE][PASSED] - 9 options of object '' counted

2018-06-10 01:49:16 - [TEST_STEP][PASSED] - Statement - out.println("BatchSize : " + batchsize): null

2018-06-10 01:49:16 - [TEST_STEP][PASSED] - Statement - For ([n = 1, n <= batchsize - 1, (n++)]): null

2018-06-10 01:49:16 - [TEST_STEP][PASSED] - Statement - product = new com.kms.katalon.core.testobject.TestObject(): null

2018-06-10 01:49:16 - [TEST_STEP][PASSED] - Statement - product = com.kms.katalon.core.webui.keyword.WebUiBuiltInKeywords.modifyObjectProperty(product, "xpath", "equals", "//*[@id = "fldvendor" + row + ""]", true): Modify property of object successfully

2018-06-10 01:49:16 - [MESSAGE][PASSED] - Modify property of object successfully

2018-06-10 01:49:16 - [TEST_STEP][PASSED] - selectOptionByIndex: All options with index in [1] are selected on object ''

2018-06-10 01:49:16 - [MESSAGE][PASSED] - All options with index in [1] are selected on object ''

2018-06-10 01:49:16 - [TEST_STEP][PASSED] - delay: Delayed 2 second(s)

2018-06-10 01:49:18 - [MESSAGE][PASSED] - Delayed 2 second(s)

2018-06-10 01:49:18 - [TEST_STEP][PASSED] - Statement - batch = new com.kms.katalon.core.testobject.TestObject(): null

2018-06-10 01:49:18 - [TEST_STEP][PASSED] - Statement - batch = com.kms.katalon.core.webui.keyword.WebUiBuiltInKeywords.modifyObjectProperty(batch, "xpath", "equals", "//*[@id = "txtbthqty" + row + ""]", true): Modify property of object successfully

2018-06-10 01:49:18 - [MESSAGE][PASSED] - Modify property of object successfully

2018-06-10 01:49:18 - [TEST_STEP][PASSED] - Statement - batchqty = com.kms.katalon.core.webui.keyword.WebUiBuiltInKeywords.getAttribute(batch, "value").trim(): Attribute 'value' of object '' is: '4400'

2018-06-10 01:49:18 - [MESSAGE][PASSED] - Attribute 'value' of object '' is: '4400'

2018-06-10 01:49:18 - [TEST_STEP][PASSED] - Statement - Rqty = 100: null

2018-06-10 01:49:18 - [TEST_STEP][PASSED] - Statement - out.println("BatchQty : " + batchqty): null

2018-06-10 01:49:18 - [TEST_STEP][PASSED] - Statement - out.println("RQty : " + Rqty): null

2018-06-10 01:49:18 - [TEST_STEP][PASSED] - Statement - If (java.lang.Integer.valueOf(batchqty) >= java.lang.Integer.valueOf(Rqty)): null

2018-06-10 01:49:18 - [TEST_STEP][PASSED] - Statement - Break: null

2018-06-10 01:49:18 - [TEST_STEP][PASSED] - Statement - batchlength = new com.kms.katalon.core.testobject.TestObject(): null

2018-06-10 01:49:18 - [TEST_STEP][PASSED] - Statement - batchlength = com.kms.katalon.core.webui.keyword.WebUiBuiltInKeywords.modifyObjectProperty(batchlength, "xpath", "equals", "//*[@id = "fldvendor" + row + ""]", true): Modify property of object successfully

2018-06-10 01:49:18 - [MESSAGE][PASSED] - Modify property of object successfully

2018-06-10 01:49:18 - [TEST_STEP][PASSED] - Statement - batchsize = com.kms.katalon.core.webui.keyword.WebUiBuiltInKeywords.getNumberOfTotalOption(batchlength): 10 options of object '' counted

2018-06-10 01:49:18 - [MESSAGE][PASSED] - 10 options of object '' counted

2018-06-10 01:49:18 - [TEST_STEP][PASSED] - Statement - out.println("BatchSize : " + batchsize): null

2018-06-10 01:49:18 - [TEST_STEP][PASSED] - Statement - For ([n = 1, n <= batchsize - 1, (n++)]): null

2018-06-10 01:49:18 - [TEST_STEP][PASSED] - Statement - product = new com.kms.katalon.core.testobject.TestObject(): null

2018-06-10 01:49:18 - [TEST_STEP][PASSED] - Statement - product = com.kms.katalon.core.webui.keyword.WebUiBuiltInKeywords.modifyObjectProperty(product, "xpath", "equals", "//*[@id = "fldvendor" + row + ""]", true): Modify property of object successfully

2018-06-10 01:49:18 - [MESSAGE][PASSED] - Modify property of object successfully

2018-06-10 01:49:18 - [TEST_STEP][PASSED] - selectOptionByIndex: All options with index in [1] are selected on object ''

2018-06-10 01:49:18 - [MESSAGE][PASSED] - All options with index in [1] are selected on object ''

2018-06-10 01:49:18 - [TEST_STEP][PASSED] - delay: Delayed 2 second(s)

2018-06-10 01:49:20 - [MESSAGE][PASSED] - Delayed 2 second(s)

2018-06-10 01:49:20 - [TEST_STEP][PASSED] - Statement - batch = new com.kms.katalon.core.testobject.TestObject(): null

2018-06-10 01:49:20 - [TEST_STEP][PASSED] - Statement - batch = com.kms.katalon.core.webui.keyword.WebUiBuiltInKeywords.modifyObjectProperty(batch, "xpath", "equals", "//*[@id = "txtbthqty" + row + ""]", true): Modify property of object successfully

2018-06-10 01:49:20 - [MESSAGE][PASSED] - Modify property of object successfully

2018-06-10 01:49:20 - [TEST_STEP][PASSED] - Statement - batchqty = com.kms.katalon.core.webui.keyword.WebUiBuiltInKeywords.getAttribute(batch, "value").trim(): Attribute 'value' of object '' is: '3500'

2018-06-10 01:49:20 - [MESSAGE][PASSED] - Attribute 'value' of object '' is: '3500'

2018-06-10 01:49:20 - [TEST_STEP][PASSED] - Statement - Rqty = 100: null

2018-06-10 01:49:20 - [TEST_STEP][PASSED] - Statement - out.println("BatchQty : " + batchqty): null

2018-06-10 01:49:20 - [TEST_STEP][PASSED] - Statement - out.println("RQty : " + Rqty): null

2018-06-10 01:49:20 - [TEST_STEP][PASSED] - Statement - If (java.lang.Integer.valueOf(batchqty) >= java.lang.Integer.valueOf(Rqty)): null

2018-06-10 01:49:20 - [TEST_STEP][PASSED] - Statement - Break: null

2018-06-10 01:49:20 - [TEST_STEP][PASSED] - Statement - batchlength = new com.kms.katalon.core.testobject.TestObject(): null

2018-06-10 01:49:20 - [TEST_STEP][PASSED] - Statement - batchlength = com.kms.katalon.core.webui.keyword.WebUiBuiltInKeywords.modifyObjectProperty(batchlength, "xpath", "equals", "//*[@id = "fldvendor" + row + ""]", true): Modify property of object successfully

2018-06-10 01:49:20 - [MESSAGE][PASSED] - Modify property of object successfully

2018-06-10 01:49:20 - [TEST_STEP][PASSED] - Statement - batchsize = com.kms.katalon.core.webui.keyword.WebUiBuiltInKeywords.getNumberOfTotalOption(batchlength): 9 options of object '' counted

2018-06-10 01:49:20 - [MESSAGE][PASSED] - 9 options of object '' counted

2018-06-10 01:49:20 - [TEST_STEP][PASSED] - Statement - out.println("BatchSize : " + batchsize): null

2018-06-10 01:49:20 - [TEST_STEP][PASSED] - Statement - For ([n = 1, n <= batchsize - 1, (n++)]): null

2018-06-10 01:49:20 - [TEST_STEP][PASSED] - Statement - product = new com.kms.katalon.core.testobject.TestObject(): null

2018-06-10 01:49:20 - [TEST_STEP][PASSED] - Statement - product = com.kms.katalon.core.webui.keyword.WebUiBuiltInKeywords.modifyObjectProperty(product, "xpath", "equals", "//*[@id = "fldvendor" + row + ""]", true): Modify property of object successfully

2018-06-10 01:49:20 - [MESSAGE][PASSED] - Modify property of object successfully

2018-06-10 01:49:20 - [TEST_STEP][PASSED] - selectOptionByIndex: All options with index in [1] are selected on object ''

2018-06-10 01:49:20 - [MESSAGE][PASSED] - All options with index in [1] are selected on object ''

2018-06-10 01:49:20 - [TEST_STEP][PASSED] - delay: Delayed 2 second(s)

2018-06-10 01:49:22 - [MESSAGE][PASSED] - Delayed 2 second(s)

2018-06-10 01:49:22 - [TEST_STEP][PASSED] - Statement - batch = new com.kms.katalon.core.testobject.TestObject(): null

2018-06-10 01:49:22 - [TEST_STEP][PASSED] - Statement - batch = com.kms.katalon.core.webui.keyword.WebUiBuiltInKeywords.modifyObjectProperty(batch, "xpath", "equals", "//*[@id = "txtbthqty" + row + ""]", true): Modify property of object successfully

2018-06-10 01:49:22 - [MESSAGE][PASSED] - Modify property of object successfully

2018-06-10 01:49:22 - [TEST_STEP][PASSED] - Statement - batchqty = com.kms.katalon.core.webui.keyword.WebUiBuiltInKeywords.getAttribute(batch, "value").trim(): Attribute 'value' of object '' is: '3500'

2018-06-10 01:49:22 - [MESSAGE][PASSED] - Attribute 'value' of object '' is: '3500'

2018-06-10 01:49:22 - [TEST_STEP][PASSED] - Statement - Rqty = 100: null

2018-06-10 01:49:22 - [TEST_STEP][PASSED] - Statement - out.println("BatchQty : " + batchqty): null

2018-06-10 01:49:22 - [TEST_STEP][PASSED] - Statement - out.println("RQty : " + Rqty): null

2018-06-10 01:49:22 - [TEST_STEP][PASSED] - Statement - If (java.lang.Integer.valueOf(batchqty) >= java.lang.Integer.valueOf(Rqty)): null

2018-06-10 01:49:22 - [TEST_STEP][PASSED] - Statement - Break: null

2018-06-10 01:49:22 - [TEST_STEP][PASSED] - Statement - batchlength = new com.kms.katalon.core.testobject.TestObject(): null

2018-06-10 01:49:22 - [TEST_STEP][PASSED] - Statement - batchlength = com.kms.katalon.core.webui.keyword.WebUiBuiltInKeywords.modifyObjectProperty(batchlength, "xpath", "equals", "//*[@id = "fldvendor" + row + ""]", true): Modify property of object successfully

2018-06-10 01:49:22 - [MESSAGE][PASSED] - Modify property of object successfully

2018-06-10 01:49:22 - [TEST_STEP][PASSED] - Statement - batchsize = com.kms.katalon.core.webui.keyword.WebUiBuiltInKeywords.getNumberOfTotalOption(batchlength): 9 options of object '' counted

2018-06-10 01:49:23 - [MESSAGE][PASSED] - 9 options of object '' counted

2018-06-10 01:49:23 - [TEST_STEP][PASSED] - Statement - out.println("BatchSize : " + batchsize): null

2018-06-10 01:49:23 - [TEST_STEP][PASSED] - Statement - For ([n = 1, n <= batchsize - 1, (n++)]): null

2018-06-10 01:49:23 - [TEST_STEP][PASSED] - Statement - product = new com.kms.katalon.core.testobject.TestObject(): null

2018-06-10 01:49:23 - [TEST_STEP][PASSED] - Statement - product = com.kms.katalon.core.webui.keyword.WebUiBuiltInKeywords.modifyObjectProperty(product, "xpath", "equals", "//*[@id = "fldvendor" + row + ""]", true): Modify property of object successfully

2018-06-10 01:49:23 - [MESSAGE][PASSED] - Modify property of object successfully

2018-06-10 01:49:23 - [TEST_STEP][PASSED] - selectOptionByIndex: All options with index in [1] are selected on object ''

2018-06-10 01:49:23 - [MESSAGE][PASSED] - All options with index in [1] are selected on object ''

2018-06-10 01:49:23 - [TEST_STEP][PASSED] - delay: Delayed 2 second(s)

2018-06-10 01:49:25 - [MESSAGE][PASSED] - Delayed 2 second(s)

2018-06-10 01:49:25 - [TEST_STEP][PASSED] - Statement - batch = new com.kms.katalon.core.testobject.TestObject(): null

2018-06-10 01:49:25 - [TEST_STEP][PASSED] - Statement - batch = com.kms.katalon.core.webui.keyword.WebUiBuiltInKeywords.modifyObjectProperty(batch, "xpath", "equals", "//*[@id = "txtbthqty" + row + ""]", true): Modify property of object successfully

2018-06-10 01:49:25 - [MESSAGE][PASSED] - Modify property of object successfully

2018-06-10 01:49:25 - [TEST_STEP][PASSED] - Statement - batchqty = com.kms.katalon.core.webui.keyword.WebUiBuiltInKeywords.getAttribute(batch, "value").trim(): Attribute 'value' of object '' is: '3500'

2018-06-10 01:49:25 - [MESSAGE][PASSED] - Attribute 'value' of object '' is: '3500'

2018-06-10 01:49:25 - [TEST_STEP][PASSED] - Statement - Rqty = 100: null

2018-06-10 01:49:25 - [TEST_STEP][PASSED] - Statement - out.println("BatchQty : " + batchqty): null

2018-06-10 01:49:25 - [TEST_STEP][PASSED] - Statement - out.println("RQty : " + Rqty): null

2018-06-10 01:49:25 - [TEST_STEP][PASSED] - Statement - If (java.lang.Integer.valueOf(batchqty) >= java.lang.Integer.valueOf(Rqty)): null

2018-06-10 01:49:25 - [TEST_STEP][PASSED] - Statement - Break: null

2018-06-10 01:49:25 - [TEST_STEP][PASSED] - Statement - batchlength = new com.kms.katalon.core.testobject.TestObject(): null

2018-06-10 01:49:25 - [TEST_STEP][PASSED] - Statement - batchlength = com.kms.katalon.core.webui.keyword.WebUiBuiltInKeywords.modifyObjectProperty(batchlength, "xpath", "equals", "//*[@id = "fldvendor" + row + ""]", true): Modify property of object successfully

2018-06-10 01:49:25 - [MESSAGE][PASSED] - Modify property of object successfully

2018-06-10 01:49:25 - [TEST_STEP][PASSED] - Statement - batchsize = com.kms.katalon.core.webui.keyword.WebUiBuiltInKeywords.getNumberOfTotalOption(batchlength): 9 options of object '' counted

2018-06-10 01:49:25 - [MESSAGE][PASSED] - 9 options of object '' counted

2018-06-10 01:49:25 - [TEST_STEP][PASSED] - Statement - out.println("BatchSize : " + batchsize): null

2018-06-10 01:49:25 - [TEST_STEP][PASSED] - Statement - For ([n = 1, n <= batchsize - 1, (n++)]): null

2018-06-10 01:49:25 - [TEST_STEP][PASSED] - Statement - product = new com.kms.katalon.core.testobject.TestObject(): null

2018-06-10 01:49:25 - [TEST_STEP][PASSED] - Statement - product = com.kms.katalon.core.webui.keyword.WebUiBuiltInKeywords.modifyObjectProperty(product, "xpath", "equals", "//*[@id = "fldvendor" + row + ""]", true): Modify property of object successfully

2018-06-10 01:49:25 - [MESSAGE][PASSED] - Modify property of object successfully

2018-06-10 01:49:25 - [TEST_STEP][PASSED] - selectOptionByIndex: All options with index in [1] are selected on object ''

2018-06-10 01:49:25 - [MESSAGE][PASSED] - All options with index in [1] are selected on object ''

2018-06-10 01:49:25 - [TEST_STEP][PASSED] - delay: Delayed 2 second(s)

2018-06-10 01:49:27 - [MESSAGE][PASSED] - Delayed 2 second(s)

2018-06-10 01:49:27 - [TEST_STEP][PASSED] - Statement - batch = new com.kms.katalon.core.testobject.TestObject(): null

2018-06-10 01:49:27 - [TEST_STEP][PASSED] - Statement - batch = com.kms.katalon.core.webui.keyword.WebUiBuiltInKeywords.modifyObjectProperty(batch, "xpath", "equals", "//*[@id = "txtbthqty" + row + ""]", true): Modify property of object successfully

2018-06-10 01:49:27 - [MESSAGE][PASSED] - Modify property of object successfully

2018-06-10 01:49:27 - [TEST_STEP][PASSED] - Statement - batchqty = com.kms.katalon.core.webui.keyword.WebUiBuiltInKeywords.getAttribute(batch, "value").trim(): Attribute 'value' of object '' is: '4400'

2018-06-10 01:49:27 - [MESSAGE][PASSED] - Attribute 'value' of object '' is: '4400'

2018-06-10 01:49:27 - [TEST_STEP][PASSED] - Statement - Rqty = 100: null

2018-06-10 01:49:27 - [TEST_STEP][PASSED] - Statement - out.println("BatchQty : " + batchqty): null

2018-06-10 01:49:27 - [TEST_STEP][PASSED] - Statement - out.println("RQty : " + Rqty): null

2018-06-10 01:49:27 - [TEST_STEP][PASSED] - Statement - If (java.lang.Integer.valueOf(batchqty) >= java.lang.Integer.valueOf(Rqty)): null

2018-06-10 01:49:27 - [TEST_STEP][PASSED] - Statement - Break: null

2018-06-10 01:49:27 - [TEST_STEP][PASSED] - Statement - batchlength = new com.kms.katalon.core.testobject.TestObject(): null

2018-06-10 01:49:27 - [TEST_STEP][PASSED] - Statement - batchlength = com.kms.katalon.core.webui.keyword.WebUiBuiltInKeywords.modifyObjectProperty(batchlength, "xpath", "equals", "//*[@id = "fldvendor" + row + ""]", true): Modify property of object successfully

2018-06-10 01:49:27 - [MESSAGE][PASSED] - Modify property of object successfully

2018-06-10 01:49:27 - [TEST_STEP][PASSED] - Statement - batchsize = com.kms.katalon.core.webui.keyword.WebUiBuiltInKeywords.getNumberOfTotalOption(batchlength): 10 options of object '' counted

2018-06-10 01:49:27 - [MESSAGE][PASSED] - 10 options of object '' counted

2018-06-10 01:49:27 - [TEST_STEP][PASSED] - Statement - out.println("BatchSize : " + batchsize): null

2018-06-10 01:49:27 - [TEST_STEP][PASSED] - Statement - For ([n = 1, n <= batchsize - 1, (n++)]): null

2018-06-10 01:49:27 - [TEST_STEP][PASSED] - Statement - product = new com.kms.katalon.core.testobject.TestObject(): null

2018-06-10 01:49:27 - [TEST_STEP][PASSED] - Statement - product = com.kms.katalon.core.webui.keyword.WebUiBuiltInKeywords.modifyObjectProperty(product, "xpath", "equals", "//*[@id = "fldvendor" + row + ""]", true): Modify property of object successfully

2018-06-10 01:49:27 - [MESSAGE][PASSED] - Modify property of object successfully

2018-06-10 01:49:27 - [TEST_STEP][PASSED] - selectOptionByIndex: All options with index in [1] are selected on object ''

2018-06-10 01:49:27 - [MESSAGE][PASSED] - All options with index in [1] are selected on object ''

2018-06-10 01:49:27 - [TEST_STEP][PASSED] - delay: Delayed 2 second(s)

2018-06-10 01:49:29 - [MESSAGE][PASSED] - Delayed 2 second(s)

2018-06-10 01:49:29 - [TEST_STEP][PASSED] - Statement - batch = new com.kms.katalon.core.testobject.TestObject(): null

2018-06-10 01:49:29 - [TEST_STEP][PASSED] - Statement - batch = com.kms.katalon.core.webui.keyword.WebUiBuiltInKeywords.modifyObjectProperty(batch, "xpath", "equals", "//*[@id = "txtbthqty" + row + ""]", true): Modify property of object successfully

2018-06-10 01:49:29 - [MESSAGE][PASSED] - Modify property of object successfully

2018-06-10 01:49:29 - [TEST_STEP][PASSED] - Statement - batchqty = com.kms.katalon.core.webui.keyword.WebUiBuiltInKeywords.getAttribute(batch, "value").trim(): Attribute 'value' of object '' is: '3300'

2018-06-10 01:49:29 - [MESSAGE][PASSED] - Attribute 'value' of object '' is: '3300'

2018-06-10 01:49:29 - [TEST_STEP][PASSED] - Statement - Rqty = 100: null

2018-06-10 01:49:29 - [TEST_STEP][PASSED] - Statement - out.println("BatchQty : " + batchqty): null

2018-06-10 01:49:29 - [TEST_STEP][PASSED] - Statement - out.println("RQty : " + Rqty): null

2018-06-10 01:49:29 - [TEST_STEP][PASSED] - Statement - If (java.lang.Integer.valueOf(batchqty) >= java.lang.Integer.valueOf(Rqty)): null

2018-06-10 01:49:29 - [TEST_STEP][PASSED] - Statement - Break: null

2018-06-10 01:49:29 - [TEST_STEP][PASSED] - Statement - batchlength = new com.kms.katalon.core.testobject.TestObject(): null

2018-06-10 01:49:29 - [TEST_STEP][PASSED] - Statement - batchlength = com.kms.katalon.core.webui.keyword.WebUiBuiltInKeywords.modifyObjectProperty(batchlength, "xpath", "equals", "//*[@id = "fldvendor" + row + ""]", true): Modify property of object successfully

2018-06-10 01:49:29 - [MESSAGE][PASSED] - Modify property of object successfully

2018-06-10 01:49:29 - [TEST_STEP][PASSED] - Statement - batchsize = com.kms.katalon.core.webui.keyword.WebUiBuiltInKeywords.getNumberOfTotalOption(batchlength): 8 options of object '' counted

2018-06-10 01:49:29 - [MESSAGE][PASSED] - 8 options of object '' counted

2018-06-10 01:49:29 - [TEST_STEP][PASSED] - Statement - out.println("BatchSize : " + batchsize): null

2018-06-10 01:49:29 - [TEST_STEP][PASSED] - Statement - For ([n = 1, n <= batchsize - 1, (n++)]): null

2018-06-10 01:49:29 - [TEST_STEP][PASSED] - Statement - product = new com.kms.katalon.core.testobject.TestObject(): null

2018-06-10 01:49:29 - [TEST_STEP][PASSED] - Statement - product = com.kms.katalon.core.webui.keyword.WebUiBuiltInKeywords.modifyObjectProperty(product, "xpath", "equals", "//*[@id = "fldvendor" + row + ""]", true): Modify property of object successfully

2018-06-10 01:49:29 - [MESSAGE][PASSED] - Modify property of object successfully

2018-06-10 01:49:29 - [TEST_STEP][PASSED] - selectOptionByIndex: All options with index in [1] are selected on object ''

2018-06-10 01:49:29 - [MESSAGE][PASSED] - All options with index in [1] are selected on object ''

2018-06-10 01:49:29 - [TEST_STEP][PASSED] - delay: Delayed 2 second(s)

2018-06-10 01:49:31 - [MESSAGE][PASSED] - Delayed 2 second(s)

2018-06-10 01:49:31 - [TEST_STEP][PASSED] - Statement - batch = new com.kms.katalon.core.testobject.TestObject(): null

2018-06-10 01:49:31 - [TEST_STEP][PASSED] - Statement - batch = com.kms.katalon.core.webui.keyword.WebUiBuiltInKeywords.modifyObjectProperty(batch, "xpath", "equals", "//*[@id = "txtbthqty" + row + ""]", true): Modify property of object successfully

2018-06-10 01:49:31 - [MESSAGE][PASSED] - Modify property of object successfully

2018-06-10 01:49:31 - [TEST_STEP][PASSED] - Statement - batchqty = com.kms.katalon.core.webui.keyword.WebUiBuiltInKeywords.getAttribute(batch, "value").trim(): Attribute 'value' of object '' is: '3500'

2018-06-10 01:49:32 - [MESSAGE][PASSED] - Attribute 'value' of object '' is: '3500'

2018-06-10 01:49:32 - [TEST_STEP][PASSED] - Statement - Rqty = 100: null

2018-06-10 01:49:32 - [TEST_STEP][PASSED] - Statement - out.println("BatchQty : " + batchqty): null

2018-06-10 01:49:32 - [TEST_STEP][PASSED] - Statement - out.println("RQty : " + Rqty): null

2018-06-10 01:49:32 - [TEST_STEP][PASSED] - Statement - If (java.lang.Integer.valueOf(batchqty) >= java.lang.Integer.valueOf(Rqty)): null

2018-06-10 01:49:32 - [TEST_STEP][PASSED] - Statement - Break: null

2018-06-10 01:49:32 - [TEST_STEP][PASSED] - Statement - batchlength = new com.kms.katalon.core.testobject.TestObject(): null

2018-06-10 01:49:32 - [TEST_STEP][PASSED] - Statement - batchlength = com.kms.katalon.core.webui.keyword.WebUiBuiltInKeywords.modifyObjectProperty(batchlength, "xpath", "equals", "//*[@id = "fldvendor" + row + ""]", true): Modify property of object successfully

2018-06-10 01:49:32 - [MESSAGE][PASSED] - Modify property of object successfully

2018-06-10 01:49:32 - [TEST_STEP][PASSED] - Statement - batchsize = com.kms.katalon.core.webui.keyword.WebUiBuiltInKeywords.getNumberOfTotalOption(batchlength): 10 options of object '' counted

2018-06-10 01:49:32 - [MESSAGE][PASSED] - 10 options of object '' counted

2018-06-10 01:49:32 - [TEST_STEP][PASSED] - Statement - out.println("BatchSize : " + batchsize): null

2018-06-10 01:49:32 - [TEST_STEP][PASSED] - Statement - For ([n = 1, n <= batchsize - 1, (n++)]): null

2018-06-10 01:49:32 - [TEST_STEP][PASSED] - Statement - product = new com.kms.katalon.core.testobject.TestObject(): null

2018-06-10 01:49:32 - [TEST_STEP][PASSED] - Statement - product = com.kms.katalon.core.webui.keyword.WebUiBuiltInKeywords.modifyObjectProperty(product, "xpath", "equals", "//*[@id = "fldvendor" + row + ""]", true): Modify property of object successfully

2018-06-10 01:49:32 - [MESSAGE][PASSED] - Modify property of object successfully

2018-06-10 01:49:32 - [TEST_STEP][PASSED] - selectOptionByIndex: All options with index in [1] are selected on object ''

2018-06-10 01:49:32 - [MESSAGE][PASSED] - All options with index in [1] are selected on object ''

2018-06-10 01:49:32 - [TEST_STEP][PASSED] - delay: Delayed 2 second(s)

2018-06-10 01:49:34 - [MESSAGE][PASSED] - Delayed 2 second(s)

2018-06-10 01:49:34 - [TEST_STEP][PASSED] - Statement - batch = new com.kms.katalon.core.testobject.TestObject(): null

2018-06-10 01:49:34 - [TEST_STEP][PASSED] - Statement - batch = com.kms.katalon.core.webui.keyword.WebUiBuiltInKeywords.modifyObjectProperty(batch, "xpath", "equals", "//*[@id = "txtbthqty" + row + ""]", true): Modify property of object successfully

2018-06-10 01:49:34 - [MESSAGE][PASSED] - Modify property of object successfully

2018-06-10 01:49:34 - [TEST_STEP][PASSED] - Statement - batchqty = com.kms.katalon.core.webui.keyword.WebUiBuiltInKeywords.getAttribute(batch, "value").trim(): Attribute 'value' of object '' is: '3300'

2018-06-10 01:49:34 - [MESSAGE][PASSED] - Attribute 'value' of object '' is: '3300'

2018-06-10 01:49:34 - [TEST_STEP][PASSED] - Statement - Rqty = 100: null

2018-06-10 01:49:34 - [TEST_STEP][PASSED] - Statement - out.println("BatchQty : " + batchqty): null

2018-06-10 01:49:34 - [TEST_STEP][PASSED] - Statement - out.println("RQty : " + Rqty): null

2018-06-10 01:49:34 - [TEST_STEP][PASSED] - Statement - If (java.lang.Integer.valueOf(batchqty) >= java.lang.Integer.valueOf(Rqty)): null

2018-06-10 01:49:34 - [TEST_STEP][PASSED] - Statement - Break: null

2018-06-10 01:49:34 - [TEST_STEP][PASSED] - Statement - batchlength = new com.kms.katalon.core.testobject.TestObject(): null

2018-06-10 01:49:34 - [TEST_STEP][PASSED] - Statement - batchlength = com.kms.katalon.core.webui.keyword.WebUiBuiltInKeywords.modifyObjectProperty(batchlength, "xpath", "equals", "//*[@id = "fldvendor" + row + ""]", true): Modify property of object successfully

2018-06-10 01:49:34 - [MESSAGE][PASSED] - Modify property of object successfully

2018-06-10 01:49:34 - [TEST_STEP][PASSED] - Statement - batchsize = com.kms.katalon.core.webui.keyword.WebUiBuiltInKeywords.getNumberOfTotalOption(batchlength): 9 options of object '' counted

2018-06-10 01:49:34 - [MESSAGE][PASSED] - 9 options of object '' counted

2018-06-10 01:49:34 - [TEST_STEP][PASSED] - Statement - out.println("BatchSize : " + batchsize): null

2018-06-10 01:49:34 - [TEST_STEP][PASSED] - Statement - For ([n = 1, n <= batchsize - 1, (n++)]): null

2018-06-10 01:49:34 - [TEST_STEP][PASSED] - Statement - product = new com.kms.katalon.core.testobject.TestObject(): null

2018-06-10 01:49:34 - [TEST_STEP][PASSED] - Statement - product = com.kms.katalon.core.webui.keyword.WebUiBuiltInKeywords.modifyObjectProperty(product, "xpath", "equals", "//*[@id = "fldvendor" + row + ""]", true): Modify property of object successfully

2018-06-10 01:49:34 - [MESSAGE][PASSED] - Modify property of object successfully

2018-06-10 01:49:34 - [TEST_STEP][PASSED] - selectOptionByIndex: All options with index in [1] are selected on object ''

2018-06-10 01:49:34 - [MESSAGE][PASSED] - All options with index in [1] are selected on object ''

2018-06-10 01:49:34 - [TEST_STEP][PASSED] - delay: Delayed 2 second(s)

2018-06-10 01:49:36 - [MESSAGE][PASSED] - Delayed 2 second(s)

2018-06-10 01:49:36 - [TEST_STEP][PASSED] - Statement - batch = new com.kms.katalon.core.testobject.TestObject(): null

2018-06-10 01:49:36 - [TEST_STEP][PASSED] - Statement - batch = com.kms.katalon.core.webui.keyword.WebUiBuiltInKeywords.modifyObjectProperty(batch, "xpath", "equals", "//*[@id = "txtbthqty" + row + ""]", true): Modify property of object successfully

2018-06-10 01:49:36 - [MESSAGE][PASSED] - Modify property of object successfully

2018-06-10 01:49:36 - [TEST_STEP][PASSED] - Statement - batchqty = com.kms.katalon.core.webui.keyword.WebUiBuiltInKeywords.getAttribute(batch, "value").trim(): Attribute 'value' of object '' is: '3500'

2018-06-10 01:49:36 - [MESSAGE][PASSED] - Attribute 'value' of object '' is: '3500'

2018-06-10 01:49:36 - [TEST_STEP][PASSED] - Statement - Rqty = 100: null

2018-06-10 01:49:36 - [TEST_STEP][PASSED] - Statement - out.println("BatchQty : " + batchqty): null

2018-06-10 01:49:36 - [TEST_STEP][PASSED] - Statement - out.println("RQty : " + Rqty): null

2018-06-10 01:49:36 - [TEST_STEP][PASSED] - Statement - If (java.lang.Integer.valueOf(batchqty) >= java.lang.Integer.valueOf(Rqty)): null

2018-06-10 01:49:36 - [TEST_STEP][PASSED] - Statement - Break: null

2018-06-10 01:49:36 - [TEST_STEP][PASSED] - Statement - batchlength = new com.kms.katalon.core.testobject.TestObject(): null

2018-06-10 01:49:36 - [TEST_STEP][PASSED] - Statement - batchlength = com.kms.katalon.core.webui.keyword.WebUiBuiltInKeywords.modifyObjectProperty(batchlength, "xpath", "equals", "//*[@id = "fldvendor" + row + ""]", true): Modify property of object successfully

2018-06-10 01:49:36 - [MESSAGE][PASSED] - Modify property of object successfully

2018-06-10 01:49:36 - [TEST_STEP][PASSED] - Statement - batchsize = com.kms.katalon.core.webui.keyword.WebUiBuiltInKeywords.getNumberOfTotalOption(batchlength): 9 options of object '' counted

2018-06-10 01:49:36 - [MESSAGE][PASSED] - 9 options of object '' counted

2018-06-10 01:49:36 - [TEST_STEP][PASSED] - Statement - out.println("BatchSize : " + batchsize): null

2018-06-10 01:49:36 - [TEST_STEP][PASSED] - Statement - For ([n = 1, n <= batchsize - 1, (n++)]): null

2018-06-10 01:49:36 - [TEST_STEP][PASSED] - Statement - product = new com.kms.katalon.core.testobject.TestObject(): null

2018-06-10 01:49:36 - [TEST_STEP][PASSED] - Statement - product = com.kms.katalon.core.webui.keyword.WebUiBuiltInKeywords.modifyObjectProperty(product, "xpath", "equals", "//*[@id = "fldvendor" + row + ""]", true): Modify property of object successfully

2018-06-10 01:49:36 - [MESSAGE][PASSED] - Modify property of object successfully

2018-06-10 01:49:36 - [TEST_STEP][PASSED] - selectOptionByIndex: All options with index in [1] are selected on object ''

2018-06-10 01:49:36 - [MESSAGE][PASSED] - All options with index in [1] are selected on object ''

2018-06-10 01:49:36 - [TEST_STEP][PASSED] - delay: Delayed 2 second(s)

2018-06-10 01:49:38 - [MESSAGE][PASSED] - Delayed 2 second(s)

2018-06-10 01:49:38 - [TEST_STEP][PASSED] - Statement - batch = new com.kms.katalon.core.testobject.TestObject(): null

2018-06-10 01:49:38 - [TEST_STEP][PASSED] - Statement - batch = com.kms.katalon.core.webui.keyword.WebUiBuiltInKeywords.modifyObjectProperty(batch, "xpath", "equals", "//*[@id = "txtbthqty" + row + ""]", true): Modify property of object successfully

2018-06-10 01:49:38 - [MESSAGE][PASSED] - Modify property of object successfully

2018-06-10 01:49:38 - [TEST_STEP][PASSED] - Statement - batchqty = com.kms.katalon.core.webui.keyword.WebUiBuiltInKeywords.getAttribute(batch, "value").trim(): Attribute 'value' of object '' is: '4100'

2018-06-10 01:49:38 - [MESSAGE][PASSED] - Attribute 'value' of object '' is: '4100'

2018-06-10 01:49:38 - [TEST_STEP][PASSED] - Statement - Rqty = 100: null

2018-06-10 01:49:38 - [TEST_STEP][PASSED] - Statement - out.println("BatchQty : " + batchqty): null

2018-06-10 01:49:38 - [TEST_STEP][PASSED] - Statement - out.println("RQty : " + Rqty): null

2018-06-10 01:49:38 - [TEST_STEP][PASSED] - Statement - If (java.lang.Integer.valueOf(batchqty) >= java.lang.Integer.valueOf(Rqty)): null

2018-06-10 01:49:38 - [TEST_STEP][PASSED] - Statement - Break: null

2018-06-10 01:49:38 - [TEST_STEP][PASSED] - Statement - batchlength = new com.kms.katalon.core.testobject.TestObject(): null

2018-06-10 01:49:38 - [TEST_STEP][PASSED] - Statement - batchlength = com.kms.katalon.core.webui.keyword.WebUiBuiltInKeywords.modifyObjectProperty(batchlength, "xpath", "equals", "//*[@id = "fldvendor" + row + ""]", true): Modify property of object successfully

2018-06-10 01:49:38 - [MESSAGE][PASSED] - Modify property of object successfully

2018-06-10 01:49:38 - [TEST_STEP][PASSED] - Statement - batchsize = com.kms.katalon.core.webui.keyword.WebUiBuiltInKeywords.getNumberOfTotalOption(batchlength): 10 options of object '' counted

2018-06-10 01:49:38 - [MESSAGE][PASSED] - 10 options of object '' counted

2018-06-10 01:49:38 - [TEST_STEP][PASSED] - Statement - out.println("BatchSize : " + batchsize): null

2018-06-10 01:49:38 - [TEST_STEP][PASSED] - Statement - For ([n = 1, n <= batchsize - 1, (n++)]): null

2018-06-10 01:49:38 - [TEST_STEP][PASSED] - Statement - product = new com.kms.katalon.core.testobject.TestObject(): null

2018-06-10 01:49:38 - [TEST_STEP][PASSED] - Statement - product = com.kms.katalon.core.webui.keyword.WebUiBuiltInKeywords.modifyObjectProperty(product, "xpath", "equals", "//*[@id = "fldvendor" + row + ""]", true): Modify property of object successfully

2018-06-10 01:49:38 - [MESSAGE][PASSED] - Modify property of object successfully

2018-06-10 01:49:38 - [TEST_STEP][PASSED] - selectOptionByIndex: All options with index in [1] are selected on object ''

2018-06-10 01:49:39 - [MESSAGE][PASSED] - All options with index in [1] are selected on object ''

2018-06-10 01:49:39 - [TEST_STEP][PASSED] - delay: Delayed 2 second(s)

2018-06-10 01:49:41 - [MESSAGE][PASSED] - Delayed 2 second(s)

2018-06-10 01:49:41 - [TEST_STEP][PASSED] - Statement - batch = new com.kms.katalon.core.testobject.TestObject(): null

2018-06-10 01:49:41 - [TEST_STEP][PASSED] - Statement - batch = com.kms.katalon.core.webui.keyword.WebUiBuiltInKeywords.modifyObjectProperty(batch, "xpath", "equals", "//*[@id = "txtbthqty" + row + ""]", true): Modify property of object successfully

2018-06-10 01:49:41 - [MESSAGE][PASSED] - Modify property of object successfully

2018-06-10 01:49:41 - [TEST_STEP][PASSED] - Statement - batchqty = com.kms.katalon.core.webui.keyword.WebUiBuiltInKeywords.getAttribute(batch, "value").trim(): Attribute 'value' of object '' is: '3500'

2018-06-10 01:49:41 - [MESSAGE][PASSED] - Attribute 'value' of object '' is: '3500'

2018-06-10 01:49:41 - [TEST_STEP][PASSED] - Statement - Rqty = 100: null

2018-06-10 01:49:41 - [TEST_STEP][PASSED] - Statement - out.println("BatchQty : " + batchqty): null

2018-06-10 01:49:41 - [TEST_STEP][PASSED] - Statement - out.println("RQty : " + Rqty): null

2018-06-10 01:49:41 - [TEST_STEP][PASSED] - Statement - If (java.lang.Integer.valueOf(batchqty) >= java.lang.Integer.valueOf(Rqty)): null

2018-06-10 01:49:41 - [TEST_STEP][PASSED] - Statement - Break: null

2018-06-10 01:49:41 - [TEST_STEP][PASSED] - Statement - batchlength = new com.kms.katalon.core.testobject.TestObject(): null

2018-06-10 01:49:41 - [TEST_STEP][PASSED] - Statement - batchlength = com.kms.katalon.core.webui.keyword.WebUiBuiltInKeywords.modifyObjectProperty(batchlength, "xpath", "equals", "//*[@id = "fldvendor" + row + ""]", true): Modify property of object successfully

2018-06-10 01:49:41 - [MESSAGE][PASSED] - Modify property of object successfully

2018-06-10 01:49:41 - [TEST_STEP][PASSED] - Statement - batchsize = com.kms.katalon.core.webui.keyword.WebUiBuiltInKeywords.getNumberOfTotalOption(batchlength): 10 options of object '' counted

2018-06-10 01:49:41 - [MESSAGE][PASSED] - 10 options of object '' counted

2018-06-10 01:49:41 - [TEST_STEP][PASSED] - Statement - out.println("BatchSize : " + batchsize): null

2018-06-10 01:49:41 - [TEST_STEP][PASSED] - Statement - For ([n = 1, n <= batchsize - 1, (n++)]): null

2018-06-10 01:49:41 - [TEST_STEP][PASSED] - Statement - product = new com.kms.katalon.core.testobject.TestObject(): null

2018-06-10 01:49:41 - [TEST_STEP][PASSED] - Statement - product = com.kms.katalon.core.webui.keyword.WebUiBuiltInKeywords.modifyObjectProperty(product, "xpath", "equals", "//*[@id = "fldvendor" + row + ""]", true): Modify property of object successfully

2018-06-10 01:49:41 - [MESSAGE][PASSED] - Modify property of object successfully

2018-06-10 01:49:41 - [TEST_STEP][PASSED] - selectOptionByIndex: All options with index in [1] are selected on object ''

2018-06-10 01:49:41 - [MESSAGE][PASSED] - All options with index in [1] are selected on object ''

2018-06-10 01:49:41 - [TEST_STEP][PASSED] - delay: Delayed 2 second(s)

2018-06-10 01:49:43 - [MESSAGE][PASSED] - Delayed 2 second(s)

2018-06-10 01:49:43 - [TEST_STEP][PASSED] - Statement - batch = new com.kms.katalon.core.testobject.TestObject(): null

2018-06-10 01:49:43 - [TEST_STEP][PASSED] - Statement - batch = com.kms.katalon.core.webui.keyword.WebUiBuiltInKeywords.modifyObjectProperty(batch, "xpath", "equals", "//*[@id = "txtbthqty" + row + ""]", true): Modify property of object successfully

2018-06-10 01:49:43 - [MESSAGE][PASSED] - Modify property of object successfully

2018-06-10 01:49:43 - [TEST_STEP][PASSED] - Statement - batchqty = com.kms.katalon.core.webui.keyword.WebUiBuiltInKeywords.getAttribute(batch, "value").trim(): Attribute 'value' of object '' is: '4400'

2018-06-10 01:49:43 - [MESSAGE][PASSED] - Attribute 'value' of object '' is: '4400'

2018-06-10 01:49:43 - [TEST_STEP][PASSED] - Statement - Rqty = 100: null

2018-06-10 01:49:43 - [TEST_STEP][PASSED] - Statement - out.println("BatchQty : " + batchqty): null

2018-06-10 01:49:43 - [TEST_STEP][PASSED] - Statement - out.println("RQty : " + Rqty): null

2018-06-10 01:49:43 - [TEST_STEP][PASSED] - Statement - If (java.lang.Integer.valueOf(batchqty) >= java.lang.Integer.valueOf(Rqty)): null

2018-06-10 01:49:43 - [TEST_STEP][PASSED] - Statement - Break: null

2018-06-10 01:49:43 - [TEST_STEP][PASSED] - Statement - batchlength = new com.kms.katalon.core.testobject.TestObject(): null

2018-06-10 01:49:43 - [TEST_STEP][PASSED] - Statement - batchlength = com.kms.katalon.core.webui.keyword.WebUiBuiltInKeywords.modifyObjectProperty(batchlength, "xpath", "equals", "//*[@id = "fldvendor" + row + ""]", true): Modify property of object successfully

2018-06-10 01:49:43 - [MESSAGE][PASSED] - Modify property of object successfully

2018-06-10 01:49:43 - [TEST_STEP][PASSED] - Statement - batchsize = com.kms.katalon.core.webui.keyword.WebUiBuiltInKeywords.getNumberOfTotalOption(batchlength): 8 options of object '' counted

2018-06-10 01:49:43 - [MESSAGE][PASSED] - 8 options of object '' counted

2018-06-10 01:49:43 - [TEST_STEP][PASSED] - Statement - out.println("BatchSize : " + batchsize): null

2018-06-10 01:49:43 - [TEST_STEP][PASSED] - Statement - For ([n = 1, n <= batchsize - 1, (n++)]): null

2018-06-10 01:49:43 - [TEST_STEP][PASSED] - Statement - product = new com.kms.katalon.core.testobject.TestObject(): null

2018-06-10 01:49:43 - [TEST_STEP][PASSED] - Statement - product = com.kms.katalon.core.webui.keyword.WebUiBuiltInKeywords.modifyObjectProperty(product, "xpath", "equals", "//*[@id = "fldvendor" + row + ""]", true): Modify property of object successfully

2018-06-10 01:49:43 - [MESSAGE][PASSED] - Modify property of object successfully

2018-06-10 01:49:43 - [TEST_STEP][PASSED] - selectOptionByIndex: All options with index in [1] are selected on object ''

2018-06-10 01:49:43 - [MESSAGE][PASSED] - All options with index in [1] are selected on object ''

2018-06-10 01:49:43 - [TEST_STEP][PASSED] - delay: Delayed 2 second(s)

2018-06-10 01:49:45 - [MESSAGE][PASSED] - Delayed 2 second(s)

2018-06-10 01:49:45 - [TEST_STEP][PASSED] - Statement - batch = new com.kms.katalon.core.testobject.TestObject(): null

2018-06-10 01:49:45 - [TEST_STEP][PASSED] - Statement - batch = com.kms.katalon.core.webui.keyword.WebUiBuiltInKeywords.modifyObjectProperty(batch, "xpath", "equals", "//*[@id = "txtbthqty" + row + ""]", true): Modify property of object successfully

2018-06-10 01:49:45 - [MESSAGE][PASSED] - Modify property of object successfully

2018-06-10 01:49:45 - [TEST_STEP][PASSED] - Statement - batchqty = com.kms.katalon.core.webui.keyword.WebUiBuiltInKeywords.getAttribute(batch, "value").trim(): Attribute 'value' of object '' is: '4400'

2018-06-10 01:49:45 - [MESSAGE][PASSED] - Attribute 'value' of object '' is: '4400'

2018-06-10 01:49:45 - [TEST_STEP][PASSED] - Statement - Rqty = 100: null

2018-06-10 01:49:45 - [TEST_STEP][PASSED] - Statement - out.println("BatchQty : " + batchqty): null

2018-06-10 01:49:45 - [TEST_STEP][PASSED] - Statement - out.println("RQty : " + Rqty): null

2018-06-10 01:49:45 - [TEST_STEP][PASSED] - Statement - If (java.lang.Integer.valueOf(batchqty) >= java.lang.Integer.valueOf(Rqty)): null

2018-06-10 01:49:45 - [TEST_STEP][PASSED] - Statement - Break: null

2018-06-10 01:49:45 - [TEST_STEP][PASSED] - Statement - batchlength = new com.kms.katalon.core.testobject.TestObject(): null

2018-06-10 01:49:45 - [TEST_STEP][PASSED] - Statement - batchlength = com.kms.katalon.core.webui.keyword.WebUiBuiltInKeywords.modifyObjectProperty(batchlength, "xpath", "equals", "//*[@id = "fldvendor" + row + ""]", true): Modify property of object successfully

2018-06-10 01:49:45 - [MESSAGE][PASSED] - Modify property of object successfully

2018-06-10 01:49:45 - [TEST_STEP][PASSED] - Statement - batchsize = com.kms.katalon.core.webui.keyword.WebUiBuiltInKeywords.getNumberOfTotalOption(batchlength): 9 options of object '' counted

2018-06-10 01:49:45 - [MESSAGE][PASSED] - 9 options of object '' counted

2018-06-10 01:49:45 - [TEST_STEP][PASSED] - Statement - out.println("BatchSize : " + batchsize): null

2018-06-10 01:49:45 - [TEST_STEP][PASSED] - Statement - For ([n = 1, n <= batchsize - 1, (n++)]): null

2018-06-10 01:49:45 - [TEST_STEP][PASSED] - Statement - product = new com.kms.katalon.core.testobject.TestObject(): null

2018-06-10 01:49:45 - [TEST_STEP][PASSED] - Statement - product = com.kms.katalon.core.webui.keyword.WebUiBuiltInKeywords.modifyObjectProperty(product, "xpath", "equals", "//*[@id = "fldvendor" + row + ""]", true): Modify property of object successfully

2018-06-10 01:49:45 - [MESSAGE][PASSED] - Modify property of object successfully

2018-06-10 01:49:45 - [TEST_STEP][PASSED] - selectOptionByIndex: All options with index in [1] are selected on object ''

2018-06-10 01:49:45 - [MESSAGE][PASSED] - All options with index in [1] are selected on object ''

2018-06-10 01:49:45 - [TEST_STEP][PASSED] - delay: Delayed 2 second(s)

2018-06-10 01:49:47 - [MESSAGE][PASSED] - Delayed 2 second(s)

2018-06-10 01:49:47 - [TEST_STEP][PASSED] - Statement - batch = new com.kms.katalon.core.testobject.TestObject(): null

2018-06-10 01:49:47 - [TEST_STEP][PASSED] - Statement - batch = com.kms.katalon.core.webui.keyword.WebUiBuiltInKeywords.modifyObjectProperty(batch, "xpath", "equals", "//*[@id = "txtbthqty" + row + ""]", true): Modify property of object successfully

2018-06-10 01:49:47 - [MESSAGE][PASSED] - Modify property of object successfully

2018-06-10 01:49:47 - [TEST_STEP][PASSED] - Statement - batchqty = com.kms.katalon.core.webui.keyword.WebUiBuiltInKeywords.getAttribute(batch, "value").trim(): Attribute 'value' of object '' is: '4400'

2018-06-10 01:49:47 - [MESSAGE][PASSED] - Attribute 'value' of object '' is: '4400'

2018-06-10 01:49:47 - [TEST_STEP][PASSED] - Statement - Rqty = 100: null

2018-06-10 01:49:47 - [TEST_STEP][PASSED] - Statement - out.println("BatchQty : " + batchqty): null

2018-06-10 01:49:47 - [TEST_STEP][PASSED] - Statement - out.println("RQty : " + Rqty): null

2018-06-10 01:49:47 - [TEST_STEP][PASSED] - Statement - If (java.lang.Integer.valueOf(batchqty) >= java.lang.Integer.valueOf(Rqty)): null

2018-06-10 01:49:47 - [TEST_STEP][PASSED] - Statement - Break: null

2018-06-10 01:49:47 - [TEST_STEP][PASSED] - Statement - batchlength = new com.kms.katalon.core.testobject.TestObject(): null

2018-06-10 01:49:47 - [TEST_STEP][PASSED] - Statement - batchlength = com.kms.katalon.core.webui.keyword.WebUiBuiltInKeywords.modifyObjectProperty(batchlength, "xpath", "equals", "//*[@id = "fldvendor" + row + ""]", true): Modify property of object successfully

2018-06-10 01:49:47 - [MESSAGE][PASSED] - Modify property of object successfully

2018-06-10 01:49:47 - [TEST_STEP][PASSED] - Statement - batchsize = com.kms.katalon.core.webui.keyword.WebUiBuiltInKeywords.getNumberOfTotalOption(batchlength): 10 options of object '' counted

2018-06-10 01:49:47 - [MESSAGE][PASSED] - 10 options of object '' counted

2018-06-10 01:49:47 - [TEST_STEP][PASSED] - Statement - out.println("BatchSize : " + batchsize): null

2018-06-10 01:49:47 - [TEST_STEP][PASSED] - Statement - For ([n = 1, n <= batchsize - 1, (n++)]): null

2018-06-10 01:49:47 - [TEST_STEP][PASSED] - Statement - product = new com.kms.katalon.core.testobject.TestObject(): null

2018-06-10 01:49:47 - [TEST_STEP][PASSED] - Statement - product = com.kms.katalon.core.webui.keyword.WebUiBuiltInKeywords.modifyObjectProperty(product, "xpath", "equals", "//*[@id = "fldvendor" + row + ""]", true): Modify property of object successfully

2018-06-10 01:49:47 - [MESSAGE][PASSED] - Modify property of object successfully

2018-06-10 01:49:47 - [TEST_STEP][PASSED] - selectOptionByIndex: All options with index in [1] are selected on object ''

2018-06-10 01:49:48 - [MESSAGE][PASSED] - All options with index in [1] are selected on object ''

2018-06-10 01:49:48 - [TEST_STEP][PASSED] - delay: Delayed 2 second(s)

2018-06-10 01:49:50 - [MESSAGE][PASSED] - Delayed 2 second(s)

2018-06-10 01:49:50 - [TEST_STEP][PASSED] - Statement - batch = new com.kms.katalon.core.testobject.TestObject(): null

2018-06-10 01:49:50 - [TEST_STEP][PASSED] - Statement - batch = com.kms.katalon.core.webui.keyword.WebUiBuiltInKeywords.modifyObjectProperty(batch, "xpath", "equals", "//*[@id = "txtbthqty" + row + ""]", true): Modify property of object successfully

2018-06-10 01:49:50 - [MESSAGE][PASSED] - Modify property of object successfully

2018-06-10 01:49:50 - [TEST_STEP][PASSED] - Statement - batchqty = com.kms.katalon.core.webui.keyword.WebUiBuiltInKeywords.getAttribute(batch, "value").trim(): Attribute 'value' of object '' is: '4100'

2018-06-10 01:49:50 - [MESSAGE][PASSED] - Attribute 'value' of object '' is: '4100'

2018-06-10 01:49:50 - [TEST_STEP][PASSED] - Statement - Rqty = 100: null

2018-06-10 01:49:50 - [TEST_STEP][PASSED] - Statement - out.println("BatchQty : " + batchqty): null

2018-06-10 01:49:50 - [TEST_STEP][PASSED] - Statement - out.println("RQty : " + Rqty): null

2018-06-10 01:49:50 - [TEST_STEP][PASSED] - Statement - If (java.lang.Integer.valueOf(batchqty) >= java.lang.Integer.valueOf(Rqty)): null

2018-06-10 01:49:50 - [TEST_STEP][PASSED] - Statement - Break: null

2018-06-10 01:49:50 - [TEST_STEP][PASSED] - Statement - batchlength = new com.kms.katalon.core.testobject.TestObject(): null

2018-06-10 01:49:50 - [TEST_STEP][PASSED] - Statement - batchlength = com.kms.katalon.core.webui.keyword.WebUiBuiltInKeywords.modifyObjectProperty(batchlength, "xpath", "equals", "//*[@id = "fldvendor" + row + ""]", true): Modify property of object successfully

2018-06-10 01:49:50 - [MESSAGE][PASSED] - Modify property of object successfully

2018-06-10 01:49:50 - [TEST_STEP][PASSED] - Statement - batchsize = com.kms.katalon.core.webui.keyword.WebUiBuiltInKeywords.getNumberOfTotalOption(batchlength): 9 options of object '' counted

2018-06-10 01:49:50 - [MESSAGE][PASSED] - 9 options of object '' counted

2018-06-10 01:49:50 - [TEST_STEP][PASSED] - Statement - out.println("BatchSize : " + batchsize): null

2018-06-10 01:49:50 - [TEST_STEP][PASSED] - Statement - For ([n = 1, n <= batchsize - 1, (n++)]): null

2018-06-10 01:49:50 - [TEST_STEP][PASSED] - Statement - product = new com.kms.katalon.core.testobject.TestObject(): null

2018-06-10 01:49:50 - [TEST_STEP][PASSED] - Statement - product = com.kms.katalon.core.webui.keyword.WebUiBuiltInKeywords.modifyObjectProperty(product, "xpath", "equals", "//*[@id = "fldvendor" + row + ""]", true): Modify property of object successfully

2018-06-10 01:49:50 - [MESSAGE][PASSED] - Modify property of object successfully

2018-06-10 01:49:50 - [TEST_STEP][PASSED] - selectOptionByIndex: All options with index in [1] are selected on object ''

2018-06-10 01:49:50 - [MESSAGE][PASSED] - All options with index in [1] are selected on object ''

2018-06-10 01:49:50 - [TEST_STEP][PASSED] - delay: Delayed 2 second(s)

2018-06-10 01:49:52 - [MESSAGE][PASSED] - Delayed 2 second(s)

2018-06-10 01:49:52 - [TEST_STEP][PASSED] - Statement - batch = new com.kms.katalon.core.testobject.TestObject(): null

2018-06-10 01:49:52 - [TEST_STEP][PASSED] - Statement - batch = com.kms.katalon.core.webui.keyword.WebUiBuiltInKeywords.modifyObjectProperty(batch, "xpath", "equals", "//*[@id = "txtbthqty" + row + ""]", true): Modify property of object successfully

2018-06-10 01:49:52 - [MESSAGE][PASSED] - Modify property of object successfully

2018-06-10 01:49:52 - [TEST_STEP][PASSED] - Statement - batchqty = com.kms.katalon.core.webui.keyword.WebUiBuiltInKeywords.getAttribute(batch, "value").trim(): Attribute 'value' of object '' is: '4100'

2018-06-10 01:49:52 - [MESSAGE][PASSED] - Attribute 'value' of object '' is: '4100'

2018-06-10 01:49:52 - [TEST_STEP][PASSED] - Statement - Rqty = 100: null

2018-06-10 01:49:52 - [TEST_STEP][PASSED] - Statement - out.println("BatchQty : " + batchqty): null

2018-06-10 01:49:52 - [TEST_STEP][PASSED] - Statement - out.println("RQty : " + Rqty): null

2018-06-10 01:49:52 - [TEST_STEP][PASSED] - Statement - If (java.lang.Integer.valueOf(batchqty) >= java.lang.Integer.valueOf(Rqty)): null

2018-06-10 01:49:52 - [TEST_STEP][PASSED] - Statement - Break: null

2018-06-10 01:49:52 - [TEST_STEP][PASSED] - Statement - batchlength = new com.kms.katalon.core.testobject.TestObject(): null

2018-06-10 01:49:52 - [TEST_STEP][PASSED] - Statement - batchlength = com.kms.katalon.core.webui.keyword.WebUiBuiltInKeywords.modifyObjectProperty(batchlength, "xpath", "equals", "//*[@id = "fldvendor" + row + ""]", true): Modify property of object successfully

2018-06-10 01:49:52 - [MESSAGE][PASSED] - Modify property of object successfully

2018-06-10 01:49:52 - [TEST_STEP][PASSED] - Statement - batchsize = com.kms.katalon.core.webui.keyword.WebUiBuiltInKeywords.getNumberOfTotalOption(batchlength): 11 options of object '' counted

2018-06-10 01:49:52 - [MESSAGE][PASSED] - 11 options of object '' counted

2018-06-10 01:49:52 - [TEST_STEP][PASSED] - Statement - out.println("BatchSize : " + batchsize): null

2018-06-10 01:49:52 - [TEST_STEP][PASSED] - Statement - For ([n = 1, n <= batchsize - 1, (n++)]): null

2018-06-10 01:49:52 - [TEST_STEP][PASSED] - Statement - product = new com.kms.katalon.core.testobject.TestObject(): null

2018-06-10 01:49:52 - [TEST_STEP][PASSED] - Statement - product = com.kms.katalon.core.webui.keyword.WebUiBuiltInKeywords.modifyObjectProperty(product, "xpath", "equals", "//*[@id = "fldvendor" + row + ""]", true): Modify property of object successfully

2018-06-10 01:49:52 - [MESSAGE][PASSED] - Modify property of object successfully

2018-06-10 01:49:52 - [TEST_STEP][PASSED] - selectOptionByIndex: All options with index in [1] are selected on object ''

2018-06-10 01:49:52 - [MESSAGE][PASSED] - All options with index in [1] are selected on object ''

2018-06-10 01:49:52 - [TEST_STEP][PASSED] - delay: Delayed 2 second(s)

2018-06-10 01:49:54 - [MESSAGE][PASSED] - Delayed 2 second(s)

2018-06-10 01:49:54 - [TEST_STEP][PASSED] - Statement - batch = new com.kms.katalon.core.testobject.TestObject(): null

2018-06-10 01:49:54 - [TEST_STEP][PASSED] - Statement - batch = com.kms.katalon.core.webui.keyword.WebUiBuiltInKeywords.modifyObjectProperty(batch, "xpath", "equals", "//*[@id = "txtbthqty" + row + ""]", true): Modify property of object successfully

2018-06-10 01:49:54 - [MESSAGE][PASSED] - Modify property of object successfully

2018-06-10 01:49:54 - [TEST_STEP][PASSED] - Statement - batchqty = com.kms.katalon.core.webui.keyword.WebUiBuiltInKeywords.getAttribute(batch, "value").trim(): Attribute 'value' of object '' is: '148200'

2018-06-10 01:49:54 - [MESSAGE][PASSED] - Attribute 'value' of object '' is: '148200'

2018-06-10 01:49:54 - [TEST_STEP][PASSED] - Statement - Rqty = 100: null

2018-06-10 01:49:54 - [TEST_STEP][PASSED] - Statement - out.println("BatchQty : " + batchqty): null

2018-06-10 01:49:54 - [TEST_STEP][PASSED] - Statement - out.println("RQty : " + Rqty): null

2018-06-10 01:49:54 - [TEST_STEP][PASSED] - Statement - If (java.lang.Integer.valueOf(batchqty) >= java.lang.Integer.valueOf(Rqty)): null

2018-06-10 01:49:54 - [TEST_STEP][PASSED] - Statement - Break: null

2018-06-10 01:49:54 - [TEST_STEP][PASSED] - Statement - batchlength = new com.kms.katalon.core.testobject.TestObject(): null

2018-06-10 01:49:54 - [TEST_STEP][PASSED] - Statement - batchlength = com.kms.katalon.core.webui.keyword.WebUiBuiltInKeywords.modifyObjectProperty(batchlength, "xpath", "equals", "//*[@id = "fldvendor" + row + ""]", true): Modify property of object successfully

2018-06-10 01:49:54 - [MESSAGE][PASSED] - Modify property of object successfully

2018-06-10 01:49:54 - [TEST_STEP][PASSED] - Statement - batchsize = com.kms.katalon.core.webui.keyword.WebUiBuiltInKeywords.getNumberOfTotalOption(batchlength): 11 options of object '' counted

2018-06-10 01:49:54 - [MESSAGE][PASSED] - 11 options of object '' counted

2018-06-10 01:49:54 - [TEST_STEP][PASSED] - Statement - out.println("BatchSize : " + batchsize): null

2018-06-10 01:49:54 - [TEST_STEP][PASSED] - Statement - For ([n = 1, n <= batchsize - 1, (n++)]): null

2018-06-10 01:49:54 - [TEST_STEP][PASSED] - Statement - product = new com.kms.katalon.core.testobject.TestObject(): null

2018-06-10 01:49:54 - [TEST_STEP][PASSED] - Statement - product = com.kms.katalon.core.webui.keyword.WebUiBuiltInKeywords.modifyObjectProperty(product, "xpath", "equals", "//*[@id = "fldvendor" + row + ""]", true): Modify property of object successfully

2018-06-10 01:49:54 - [MESSAGE][PASSED] - Modify property of object successfully

2018-06-10 01:49:54 - [TEST_STEP][PASSED] - selectOptionByIndex: All options with index in [1] are selected on object ''

2018-06-10 01:49:54 - [MESSAGE][PASSED] - All options with index in [1] are selected on object ''

2018-06-10 01:49:54 - [TEST_STEP][PASSED] - delay: Delayed 2 second(s)

2018-06-10 01:49:56 - [MESSAGE][PASSED] - Delayed 2 second(s)

2018-06-10 01:49:56 - [TEST_STEP][PASSED] - Statement - batch = new com.kms.katalon.core.testobject.TestObject(): null

2018-06-10 01:49:56 - [TEST_STEP][PASSED] - Statement - batch = com.kms.katalon.core.webui.keyword.WebUiBuiltInKeywords.modifyObjectProperty(batch, "xpath", "equals", "//*[@id = "txtbthqty" + row + ""]", true): Modify property of object successfully

2018-06-10 01:49:56 - [MESSAGE][PASSED] - Modify property of object successfully

2018-06-10 01:49:56 - [TEST_STEP][PASSED] - Statement - batchqty = com.kms.katalon.core.webui.keyword.WebUiBuiltInKeywords.getAttribute(batch, "value").trim(): Attribute 'value' of object '' is: '3500'

2018-06-10 01:49:56 - [MESSAGE][PASSED] - Attribute 'value' of object '' is: '3500'

2018-06-10 01:49:56 - [TEST_STEP][PASSED] - Statement - Rqty = 100: null

2018-06-10 01:49:56 - [TEST_STEP][PASSED] - Statement - out.println("BatchQty : " + batchqty): null

2018-06-10 01:49:56 - [TEST_STEP][PASSED] - Statement - out.println("RQty : " + Rqty): null

2018-06-10 01:49:56 - [TEST_STEP][PASSED] - Statement - If (java.lang.Integer.valueOf(batchqty) >= java.lang.Integer.valueOf(Rqty)): null

2018-06-10 01:49:56 - [TEST_STEP][PASSED] - Statement - Break: null

2018-06-10 01:49:56 - [TEST_STEP][PASSED] - Statement - batchlength = new com.kms.katalon.core.testobject.TestObject(): null

2018-06-10 01:49:56 - [TEST_STEP][PASSED] - Statement - batchlength = com.kms.katalon.core.webui.keyword.WebUiBuiltInKeywords.modifyObjectProperty(batchlength, "xpath", "equals", "//*[@id = "fldvendor" + row + ""]", true): Modify property of object successfully

2018-06-10 01:49:56 - [MESSAGE][PASSED] - Modify property of object successfully

2018-06-10 01:49:56 - [TEST_STEP][PASSED] - Statement - batchsize = com.kms.katalon.core.webui.keyword.WebUiBuiltInKeywords.getNumberOfTotalOption(batchlength): 10 options of object '' counted

2018-06-10 01:49:57 - [MESSAGE][PASSED] - 10 options of object '' counted

2018-06-10 01:49:57 - [TEST_STEP][PASSED] - Statement - out.println("BatchSize : " + batchsize): null

2018-06-10 01:49:57 - [TEST_STEP][PASSED] - Statement - For ([n = 1, n <= batchsize - 1, (n++)]): null

2018-06-10 01:49:57 - [TEST_STEP][PASSED] - Statement - product = new com.kms.katalon.core.testobject.TestObject(): null

2018-06-10 01:49:57 - [TEST_STEP][PASSED] - Statement - product = com.kms.katalon.core.webui.keyword.WebUiBuiltInKeywords.modifyObjectProperty(product, "xpath", "equals", "//*[@id = "fldvendor" + row + ""]", true): Modify property of object successfully

2018-06-10 01:49:57 - [MESSAGE][PASSED] - Modify property of object successfully

2018-06-10 01:49:57 - [TEST_STEP][PASSED] - selectOptionByIndex: All options with index in [1] are selected on object ''

2018-06-10 01:49:57 - [MESSAGE][PASSED] - All options with index in [1] are selected on object ''

2018-06-10 01:49:57 - [TEST_STEP][PASSED] - delay: Delayed 2 second(s)

2018-06-10 01:49:59 - [MESSAGE][PASSED] - Delayed 2 second(s)

2018-06-10 01:49:59 - [TEST_STEP][PASSED] - Statement - batch = new com.kms.katalon.core.testobject.TestObject(): null

2018-06-10 01:49:59 - [TEST_STEP][PASSED] - Statement - batch = com.kms.katalon.core.webui.keyword.WebUiBuiltInKeywords.modifyObjectProperty(batch, "xpath", "equals", "//*[@id = "txtbthqty" + row + ""]", true): Modify property of object successfully

2018-06-10 01:49:59 - [MESSAGE][PASSED] - Modify property of object successfully

2018-06-10 01:49:59 - [TEST_STEP][PASSED] - Statement - batchqty = com.kms.katalon.core.webui.keyword.WebUiBuiltInKeywords.getAttribute(batch, "value").trim(): Attribute 'value' of object '' is: '3700'

2018-06-10 01:49:59 - [MESSAGE][PASSED] - Attribute 'value' of object '' is: '3700'

2018-06-10 01:49:59 - [TEST_STEP][PASSED] - Statement - Rqty = 100: null

2018-06-10 01:49:59 - [TEST_STEP][PASSED] - Statement - out.println("BatchQty : " + batchqty): null

2018-06-10 01:49:59 - [TEST_STEP][PASSED] - Statement - out.println("RQty : " + Rqty): null

2018-06-10 01:49:59 - [TEST_STEP][PASSED] - Statement - If (java.lang.Integer.valueOf(batchqty) >= java.lang.Integer.valueOf(Rqty)): null

2018-06-10 01:49:59 - [TEST_STEP][PASSED] - Statement - Break: null

2018-06-10 01:49:59 - [TEST_STEP][PASSED] - Statement - batchlength = new com.kms.katalon.core.testobject.TestObject(): null

2018-06-10 01:49:59 - [TEST_STEP][PASSED] - Statement - batchlength = com.kms.katalon.core.webui.keyword.WebUiBuiltInKeywords.modifyObjectProperty(batchlength, "xpath", "equals", "//*[@id = "fldvendor" + row + ""]", true): Modify property of object successfully

2018-06-10 01:49:59 - [MESSAGE][PASSED] - Modify property of object successfully

2018-06-10 01:49:59 - [TEST_STEP][PASSED] - Statement - batchsize = com.kms.katalon.core.webui.keyword.WebUiBuiltInKeywords.getNumberOfTotalOption(batchlength): 11 options of object '' counted

2018-06-10 01:49:59 - [MESSAGE][PASSED] - 11 options of object '' counted

2018-06-10 01:49:59 - [TEST_STEP][PASSED] - Statement - out.println("BatchSize : " + batchsize): null

2018-06-10 01:49:59 - [TEST_STEP][PASSED] - Statement - For ([n = 1, n <= batchsize - 1, (n++)]): null

2018-06-10 01:49:59 - [TEST_STEP][PASSED] - Statement - product = new com.kms.katalon.core.testobject.TestObject(): null

2018-06-10 01:49:59 - [TEST_STEP][PASSED] - Statement - product = com.kms.katalon.core.webui.keyword.WebUiBuiltInKeywords.modifyObjectProperty(product, "xpath", "equals", "//*[@id = "fldvendor" + row + ""]", true): Modify property of object successfully

2018-06-10 01:49:59 - [MESSAGE][PASSED] - Modify property of object successfully

2018-06-10 01:49:59 - [TEST_STEP][PASSED] - selectOptionByIndex: All options with index in [1] are selected on object ''

2018-06-10 01:49:59 - [MESSAGE][PASSED] - All options with index in [1] are selected on object ''

2018-06-10 01:49:59 - [TEST_STEP][PASSED] - delay: Delayed 2 second(s)

2018-06-10 01:50:01 - [MESSAGE][PASSED] - Delayed 2 second(s)

2018-06-10 01:50:01 - [TEST_STEP][PASSED] - Statement - batch = new com.kms.katalon.core.testobject.TestObject(): null

2018-06-10 01:50:01 - [TEST_STEP][PASSED] - Statement - batch = com.kms.katalon.core.webui.keyword.WebUiBuiltInKeywords.modifyObjectProperty(batch, "xpath", "equals", "//*[@id = "txtbthqty" + row + ""]", true): Modify property of object successfully

2018-06-10 01:50:01 - [MESSAGE][PASSED] - Modify property of object successfully

2018-06-10 01:50:01 - [TEST_STEP][PASSED] - Statement - batchqty = com.kms.katalon.core.webui.keyword.WebUiBuiltInKeywords.getAttribute(batch, "value").trim(): Attribute 'value' of object '' is: '3300'

2018-06-10 01:50:01 - [MESSAGE][PASSED] - Attribute 'value' of object '' is: '3300'

2018-06-10 01:50:01 - [TEST_STEP][PASSED] - Statement - Rqty = 100: null

2018-06-10 01:50:01 - [TEST_STEP][PASSED] - Statement - out.println("BatchQty : " + batchqty): null

2018-06-10 01:50:01 - [TEST_STEP][PASSED] - Statement - out.println("RQty : " + Rqty): null

2018-06-10 01:50:01 - [TEST_STEP][PASSED] - Statement - If (java.lang.Integer.valueOf(batchqty) >= java.lang.Integer.valueOf(Rqty)): null

2018-06-10 01:50:01 - [TEST_STEP][PASSED] - Statement - Break: null

2018-06-10 01:50:01 - [TEST_STEP][PASSED] - Statement - batchlength = new com.kms.katalon.core.testobject.TestObject(): null

2018-06-10 01:50:01 - [TEST_STEP][PASSED] - Statement - batchlength = com.kms.katalon.core.webui.keyword.WebUiBuiltInKeywords.modifyObjectProperty(batchlength, "xpath", "equals", "//*[@id = "fldvendor" + row + ""]", true): Modify property of object successfully

2018-06-10 01:50:01 - [MESSAGE][PASSED] - Modify property of object successfully

2018-06-10 01:50:01 - [TEST_STEP][PASSED] - Statement - batchsize = com.kms.katalon.core.webui.keyword.WebUiBuiltInKeywords.getNumberOfTotalOption(batchlength): 10 options of object '' counted

2018-06-10 01:50:01 - [MESSAGE][PASSED] - 10 options of object '' counted

2018-06-10 01:50:01 - [TEST_STEP][PASSED] - Statement - out.println("BatchSize : " + batchsize): null

2018-06-10 01:50:01 - [TEST_STEP][PASSED] - Statement - For ([n = 1, n <= batchsize - 1, (n++)]): null

2018-06-10 01:50:01 - [TEST_STEP][PASSED] - Statement - product = new com.kms.katalon.core.testobject.TestObject(): null

2018-06-10 01:50:01 - [TEST_STEP][PASSED] - Statement - product = com.kms.katalon.core.webui.keyword.WebUiBuiltInKeywords.modifyObjectProperty(product, "xpath", "equals", "//*[@id = "fldvendor" + row + ""]", true): Modify property of object successfully

2018-06-10 01:50:01 - [MESSAGE][PASSED] - Modify property of object successfully

2018-06-10 01:50:01 - [TEST_STEP][PASSED] - selectOptionByIndex: All options with index in [1] are selected on object ''

2018-06-10 01:50:01 - [MESSAGE][PASSED] - All options with index in [1] are selected on object ''

2018-06-10 01:50:01 - [TEST_STEP][PASSED] - delay: Delayed 2 second(s)

2018-06-10 01:50:03 - [MESSAGE][PASSED] - Delayed 2 second(s)

2018-06-10 01:50:03 - [TEST_STEP][PASSED] - Statement - batch = new com.kms.katalon.core.testobject.TestObject(): null

2018-06-10 01:50:03 - [TEST_STEP][PASSED] - Statement - batch = com.kms.katalon.core.webui.keyword.WebUiBuiltInKeywords.modifyObjectProperty(batch, "xpath", "equals", "//*[@id = "txtbthqty" + row + ""]", true): Modify property of object successfully

2018-06-10 01:50:03 - [MESSAGE][PASSED] - Modify property of object successfully

2018-06-10 01:50:03 - [TEST_STEP][PASSED] - Statement - batchqty = com.kms.katalon.core.webui.keyword.WebUiBuiltInKeywords.getAttribute(batch, "value").trim(): Attribute 'value' of object '' is: '148200'

2018-06-10 01:50:03 - [MESSAGE][PASSED] - Attribute 'value' of object '' is: '148200'

2018-06-10 01:50:03 - [TEST_STEP][PASSED] - Statement - Rqty = 100: null

2018-06-10 01:50:03 - [TEST_STEP][PASSED] - Statement - out.println("BatchQty : " + batchqty): null

2018-06-10 01:50:03 - [TEST_STEP][PASSED] - Statement - out.println("RQty : " + Rqty): null

2018-06-10 01:50:03 - [TEST_STEP][PASSED] - Statement - If (java.lang.Integer.valueOf(batchqty) >= java.lang.Integer.valueOf(Rqty)): null

2018-06-10 01:50:03 - [TEST_STEP][PASSED] - Statement - Break: null

2018-06-10 01:50:03 - [TEST_STEP][PASSED] - Statement - batchlength = new com.kms.katalon.core.testobject.TestObject(): null

2018-06-10 01:50:03 - [TEST_STEP][PASSED] - Statement - batchlength = com.kms.katalon.core.webui.keyword.WebUiBuiltInKeywords.modifyObjectProperty(batchlength, "xpath", "equals", "//*[@id = "fldvendor" + row + ""]", true): Modify property of object successfully

2018-06-10 01:50:03 - [MESSAGE][PASSED] - Modify property of object successfully

2018-06-10 01:50:03 - [TEST_STEP][PASSED] - Statement - batchsize = com.kms.katalon.core.webui.keyword.WebUiBuiltInKeywords.getNumberOfTotalOption(batchlength): 10 options of object '' counted

2018-06-10 01:50:03 - [MESSAGE][PASSED] - 10 options of object '' counted

2018-06-10 01:50:03 - [TEST_STEP][PASSED] - Statement - out.println("BatchSize : " + batchsize): null

2018-06-10 01:50:03 - [TEST_STEP][PASSED] - Statement - For ([n = 1, n <= batchsize - 1, (n++)]): null

2018-06-10 01:50:03 - [TEST_STEP][PASSED] - Statement - product = new com.kms.katalon.core.testobject.TestObject(): null

2018-06-10 01:50:03 - [TEST_STEP][PASSED] - Statement - product = com.kms.katalon.core.webui.keyword.WebUiBuiltInKeywords.modifyObjectProperty(product, "xpath", "equals", "//*[@id = "fldvendor" + row + ""]", true): Modify property of object successfully

2018-06-10 01:50:03 - [MESSAGE][PASSED] - Modify property of object successfully

2018-06-10 01:50:03 - [TEST_STEP][PASSED] - selectOptionByIndex: All options with index in [1] are selected on object ''

2018-06-10 01:50:03 - [MESSAGE][PASSED] - All options with index in [1] are selected on object ''

2018-06-10 01:50:03 - [TEST_STEP][PASSED] - delay: Delayed 2 second(s)

2018-06-10 01:50:05 - [MESSAGE][PASSED] - Delayed 2 second(s)

2018-06-10 01:50:05 - [TEST_STEP][PASSED] - Statement - batch = new com.kms.katalon.core.testobject.TestObject(): null

2018-06-10 01:50:05 - [TEST_STEP][PASSED] - Statement - batch = com.kms.katalon.core.webui.keyword.WebUiBuiltInKeywords.modifyObjectProperty(batch, "xpath", "equals", "//*[@id = "txtbthqty" + row + ""]", true): Modify property of object successfully

2018-06-10 01:50:05 - [MESSAGE][PASSED] - Modify property of object successfully

2018-06-10 01:50:05 - [TEST_STEP][PASSED] - Statement - batchqty = com.kms.katalon.core.webui.keyword.WebUiBuiltInKeywords.getAttribute(batch, "value").trim(): Attribute 'value' of object '' is: '148600'

2018-06-10 01:50:05 - [MESSAGE][PASSED] - Attribute 'value' of object '' is: '148600'

2018-06-10 01:50:05 - [TEST_STEP][PASSED] - Statement - Rqty = 100: null

2018-06-10 01:50:05 - [TEST_STEP][PASSED] - Statement - out.println("BatchQty : " + batchqty): null

2018-06-10 01:50:05 - [TEST_STEP][PASSED] - Statement - out.println("RQty : " + Rqty): null

2018-06-10 01:50:05 - [TEST_STEP][PASSED] - Statement - If (java.lang.Integer.valueOf(batchqty) >= java.lang.Integer.valueOf(Rqty)): null

2018-06-10 01:50:05 - [TEST_STEP][PASSED] - Statement - Break: null

2018-06-10 01:50:05 - [TEST_STEP][PASSED] - Statement - batchlength = new com.kms.katalon.core.testobject.TestObject(): null

2018-06-10 01:50:05 - [TEST_STEP][PASSED] - Statement - batchlength = com.kms.katalon.core.webui.keyword.WebUiBuiltInKeywords.modifyObjectProperty(batchlength, "xpath", "equals", "//*[@id = "fldvendor" + row + ""]", true): Modify property of object successfully

2018-06-10 01:50:05 - [MESSAGE][PASSED] - Modify property of object successfully

2018-06-10 01:50:05 - [TEST_STEP][PASSED] - Statement - batchsize = com.kms.katalon.core.webui.keyword.WebUiBuiltInKeywords.getNumberOfTotalOption(batchlength): 10 options of object '' counted

2018-06-10 01:50:06 - [MESSAGE][PASSED] - 10 options of object '' counted

2018-06-10 01:50:06 - [TEST_STEP][PASSED] - Statement - out.println("BatchSize : " + batchsize): null

2018-06-10 01:50:06 - [TEST_STEP][PASSED] - Statement - For ([n = 1, n <= batchsize - 1, (n++)]): null

2018-06-10 01:50:06 - [TEST_STEP][PASSED] - Statement - product = new com.kms.katalon.core.testobject.TestObject(): null

2018-06-10 01:50:06 - [TEST_STEP][PASSED] - Statement - product = com.kms.katalon.core.webui.keyword.WebUiBuiltInKeywords.modifyObjectProperty(product, "xpath", "equals", "//*[@id = "fldvendor" + row + ""]", true): Modify property of object successfully

2018-06-10 01:50:06 - [MESSAGE][PASSED] - Modify property of object successfully

2018-06-10 01:50:06 - [TEST_STEP][PASSED] - selectOptionByIndex: All options with index in [1] are selected on object ''

2018-06-10 01:50:06 - [MESSAGE][PASSED] - All options with index in [1] are selected on object ''

2018-06-10 01:50:06 - [TEST_STEP][PASSED] - delay: Delayed 2 second(s)

2018-06-10 01:50:08 - [MESSAGE][PASSED] - Delayed 2 second(s)

2018-06-10 01:50:08 - [TEST_STEP][PASSED] - Statement - batch = new com.kms.katalon.core.testobject.TestObject(): null

2018-06-10 01:50:08 - [TEST_STEP][PASSED] - Statement - batch = com.kms.katalon.core.webui.keyword.WebUiBuiltInKeywords.modifyObjectProperty(batch, "xpath", "equals", "//*[@id = "txtbthqty" + row + ""]", true): Modify property of object successfully

2018-06-10 01:50:08 - [MESSAGE][PASSED] - Modify property of object successfully

2018-06-10 01:50:08 - [TEST_STEP][PASSED] - Statement - batchqty = com.kms.katalon.core.webui.keyword.WebUiBuiltInKeywords.getAttribute(batch, "value").trim(): Attribute 'value' of object '' is: '3300'

2018-06-10 01:50:08 - [MESSAGE][PASSED] - Attribute 'value' of object '' is: '3300'

2018-06-10 01:50:08 - [TEST_STEP][PASSED] - Statement - Rqty = 100: null

2018-06-10 01:50:08 - [TEST_STEP][PASSED] - Statement - out.println("BatchQty : " + batchqty): null

2018-06-10 01:50:08 - [TEST_STEP][PASSED] - Statement - out.println("RQty : " + Rqty): null

2018-06-10 01:50:08 - [TEST_STEP][PASSED] - Statement - If (java.lang.Integer.valueOf(batchqty) >= java.lang.Integer.valueOf(Rqty)): null

2018-06-10 01:50:08 - [TEST_STEP][PASSED] - Statement - Break: null

2018-06-10 01:50:08 - [TEST_STEP][PASSED] - Statement - batchlength = new com.kms.katalon.core.testobject.TestObject(): null

2018-06-10 01:50:08 - [TEST_STEP][PASSED] - Statement - batchlength = com.kms.katalon.core.webui.keyword.WebUiBuiltInKeywords.modifyObjectProperty(batchlength, "xpath", "equals", "//*[@id = "fldvendor" + row + ""]", true): Modify property of object successfully

2018-06-10 01:50:08 - [MESSAGE][PASSED] - Modify property of object successfully

2018-06-10 01:50:08 - [TEST_STEP][PASSED] - Statement - batchsize = com.kms.katalon.core.webui.keyword.WebUiBuiltInKeywords.getNumberOfTotalOption(batchlength): 10 options of object '' counted

2018-06-10 01:50:08 - [MESSAGE][PASSED] - 10 options of object '' counted

2018-06-10 01:50:08 - [TEST_STEP][PASSED] - Statement - out.println("BatchSize : " + batchsize): null

2018-06-10 01:50:08 - [TEST_STEP][PASSED] - Statement - For ([n = 1, n <= batchsize - 1, (n++)]): null

2018-06-10 01:50:08 - [TEST_STEP][PASSED] - Statement - product = new com.kms.katalon.core.testobject.TestObject(): null

2018-06-10 01:50:08 - [TEST_STEP][PASSED] - Statement - product = com.kms.katalon.core.webui.keyword.WebUiBuiltInKeywords.modifyObjectProperty(product, "xpath", "equals", "//*[@id = "fldvendor" + row + ""]", true): Modify property of object successfully

2018-06-10 01:50:08 - [MESSAGE][PASSED] - Modify property of object successfully

2018-06-10 01:50:08 - [TEST_STEP][PASSED] - selectOptionByIndex: All options with index in [1] are selected on object ''

2018-06-10 01:50:08 - [MESSAGE][PASSED] - All options with index in [1] are selected on object ''

2018-06-10 01:50:08 - [TEST_STEP][PASSED] - delay: Delayed 2 second(s)

2018-06-10 01:50:10 - [MESSAGE][PASSED] - Delayed 2 second(s)

2018-06-10 01:50:10 - [TEST_STEP][PASSED] - Statement - batch = new com.kms.katalon.core.testobject.TestObject(): null

2018-06-10 01:50:10 - [TEST_STEP][PASSED] - Statement - batch = com.kms.katalon.core.webui.keyword.WebUiBuiltInKeywords.modifyObjectProperty(batch, "xpath", "equals", "//*[@id = "txtbthqty" + row + ""]", true): Modify property of object successfully

2018-06-10 01:50:10 - [MESSAGE][PASSED] - Modify property of object successfully

2018-06-10 01:50:10 - [TEST_STEP][PASSED] - Statement - batchqty = com.kms.katalon.core.webui.keyword.WebUiBuiltInKeywords.getAttribute(batch, "value").trim(): Attribute 'value' of object '' is: '4100'

2018-06-10 01:50:10 - [MESSAGE][PASSED] - Attribute 'value' of object '' is: '4100'

2018-06-10 01:50:10 - [TEST_STEP][PASSED] - Statement - Rqty = 100: null

2018-06-10 01:50:10 - [TEST_STEP][PASSED] - Statement - out.println("BatchQty : " + batchqty): null

2018-06-10 01:50:10 - [TEST_STEP][PASSED] - Statement - out.println("RQty : " + Rqty): null

2018-06-10 01:50:10 - [TEST_STEP][PASSED] - Statement - If (java.lang.Integer.valueOf(batchqty) >= java.lang.Integer.valueOf(Rqty)): null

2018-06-10 01:50:10 - [TEST_STEP][PASSED] - Statement - Break: null

2018-06-10 01:50:10 - [TEST_STEP][PASSED] - Statement - batchlength = new com.kms.katalon.core.testobject.TestObject(): null

2018-06-10 01:50:10 - [TEST_STEP][PASSED] - Statement - batchlength = com.kms.katalon.core.webui.keyword.WebUiBuiltInKeywords.modifyObjectProperty(batchlength, "xpath", "equals", "//*[@id = "fldvendor" + row + ""]", true): Modify property of object successfully

2018-06-10 01:50:10 - [MESSAGE][PASSED] - Modify property of object successfully

2018-06-10 01:50:10 - [TEST_STEP][PASSED] - Statement - batchsize = com.kms.katalon.core.webui.keyword.WebUiBuiltInKeywords.getNumberOfTotalOption(batchlength): 10 options of object '' counted

2018-06-10 01:50:10 - [MESSAGE][PASSED] - 10 options of object '' counted

2018-06-10 01:50:10 - [TEST_STEP][PASSED] - Statement - out.println("BatchSize : " + batchsize): null

2018-06-10 01:50:10 - [TEST_STEP][PASSED] - Statement - For ([n = 1, n <= batchsize - 1, (n++)]): null

2018-06-10 01:50:10 - [TEST_STEP][PASSED] - Statement - product = new com.kms.katalon.core.testobject.TestObject(): null

2018-06-10 01:50:10 - [TEST_STEP][PASSED] - Statement - product = com.kms.katalon.core.webui.keyword.WebUiBuiltInKeywords.modifyObjectProperty(product, "xpath", "equals", "//*[@id = "fldvendor" + row + ""]", true): Modify property of object successfully

2018-06-10 01:50:10 - [MESSAGE][PASSED] - Modify property of object successfully

2018-06-10 01:50:10 - [TEST_STEP][PASSED] - selectOptionByIndex: All options with index in [1] are selected on object ''

2018-06-10 01:50:10 - [MESSAGE][PASSED] - All options with index in [1] are selected on object ''

2018-06-10 01:50:10 - [TEST_STEP][PASSED] - delay: Delayed 2 second(s)

2018-06-10 01:50:12 - [MESSAGE][PASSED] - Delayed 2 second(s)

2018-06-10 01:50:12 - [TEST_STEP][PASSED] - Statement - batch = new com.kms.katalon.core.testobject.TestObject(): null

2018-06-10 01:50:12 - [TEST_STEP][PASSED] - Statement - batch = com.kms.katalon.core.webui.keyword.WebUiBuiltInKeywords.modifyObjectProperty(batch, "xpath", "equals", "//*[@id = "txtbthqty" + row + ""]", true): Modify property of object successfully

2018-06-10 01:50:12 - [MESSAGE][PASSED] - Modify property of object successfully

2018-06-10 01:50:12 - [TEST_STEP][PASSED] - Statement - batchqty = com.kms.katalon.core.webui.keyword.WebUiBuiltInKeywords.getAttribute(batch, "value").trim(): Attribute 'value' of object '' is: '4400'

2018-06-10 01:50:12 - [MESSAGE][PASSED] - Attribute 'value' of object '' is: '4400'

2018-06-10 01:50:12 - [TEST_STEP][PASSED] - Statement - Rqty = 100: null

2018-06-10 01:50:12 - [TEST_STEP][PASSED] - Statement - out.println("BatchQty : " + batchqty): null

2018-06-10 01:50:12 - [TEST_STEP][PASSED] - Statement - out.println("RQty : " + Rqty): null

2018-06-10 01:50:12 - [TEST_STEP][PASSED] - Statement - If (java.lang.Integer.valueOf(batchqty) >= java.lang.Integer.valueOf(Rqty)): null

2018-06-10 01:50:12 - [TEST_STEP][PASSED] - Statement - Break: null

2018-06-10 01:50:12 - [TEST_STEP][PASSED] - Statement - batchlength = new com.kms.katalon.core.testobject.TestObject(): null

2018-06-10 01:50:12 - [TEST_STEP][PASSED] - Statement - batchlength = com.kms.katalon.core.webui.keyword.WebUiBuiltInKeywords.modifyObjectProperty(batchlength, "xpath", "equals", "//*[@id = "fldvendor" + row + ""]", true): Modify property of object successfully

2018-06-10 01:50:12 - [MESSAGE][PASSED] - Modify property of object successfully

2018-06-10 01:50:12 - [TEST_STEP][PASSED] - Statement - batchsize = com.kms.katalon.core.webui.keyword.WebUiBuiltInKeywords.getNumberOfTotalOption(batchlength): 11 options of object '' counted

2018-06-10 01:50:12 - [MESSAGE][PASSED] - 11 options of object '' counted

2018-06-10 01:50:12 - [TEST_STEP][PASSED] - Statement - out.println("BatchSize : " + batchsize): null

2018-06-10 01:50:12 - [TEST_STEP][PASSED] - Statement - For ([n = 1, n <= batchsize - 1, (n++)]): null

2018-06-10 01:50:12 - [TEST_STEP][PASSED] - Statement - product = new com.kms.katalon.core.testobject.TestObject(): null

2018-06-10 01:50:12 - [TEST_STEP][PASSED] - Statement - product = com.kms.katalon.core.webui.keyword.WebUiBuiltInKeywords.modifyObjectProperty(product, "xpath", "equals", "//*[@id = "fldvendor" + row + ""]", true): Modify property of object successfully

2018-06-10 01:50:12 - [MESSAGE][PASSED] - Modify property of object successfully

2018-06-10 01:50:12 - [TEST_STEP][PASSED] - selectOptionByIndex: All options with index in [1] are selected on object ''

2018-06-10 01:50:13 - [MESSAGE][PASSED] - All options with index in [1] are selected on object ''

2018-06-10 01:50:13 - [TEST_STEP][PASSED] - delay: Delayed 2 second(s)

2018-06-10 01:50:15 - [MESSAGE][PASSED] - Delayed 2 second(s)

2018-06-10 01:50:15 - [TEST_STEP][PASSED] - Statement - batch = new com.kms.katalon.core.testobject.TestObject(): null

2018-06-10 01:50:15 - [TEST_STEP][PASSED] - Statement - batch = com.kms.katalon.core.webui.keyword.WebUiBuiltInKeywords.modifyObjectProperty(batch, "xpath", "equals", "//*[@id = "txtbthqty" + row + ""]", true): Modify property of object successfully

2018-06-10 01:50:15 - [MESSAGE][PASSED] - Modify property of object successfully

2018-06-10 01:50:15 - [TEST_STEP][PASSED] - Statement - batchqty = com.kms.katalon.core.webui.keyword.WebUiBuiltInKeywords.getAttribute(batch, "value").trim(): Attribute 'value' of object '' is: '148200'

2018-06-10 01:50:15 - [MESSAGE][PASSED] - Attribute 'value' of object '' is: '148200'

2018-06-10 01:50:15 - [TEST_STEP][PASSED] - Statement - Rqty = 100: null

2018-06-10 01:50:15 - [TEST_STEP][PASSED] - Statement - out.println("BatchQty : " + batchqty): null

2018-06-10 01:50:15 - [TEST_STEP][PASSED] - Statement - out.println("RQty : " + Rqty): null

2018-06-10 01:50:15 - [TEST_STEP][PASSED] - Statement - If (java.lang.Integer.valueOf(batchqty) >= java.lang.Integer.valueOf(Rqty)): null

2018-06-10 01:50:15 - [TEST_STEP][PASSED] - Statement - Break: null

2018-06-10 01:50:15 - [TEST_STEP][PASSED] - Statement - batchlength = new com.kms.katalon.core.testobject.TestObject(): null

2018-06-10 01:50:15 - [TEST_STEP][PASSED] - Statement - batchlength = com.kms.katalon.core.webui.keyword.WebUiBuiltInKeywords.modifyObjectProperty(batchlength, "xpath", "equals", "//*[@id = "fldvendor" + row + ""]", true): Modify property of object successfully

2018-06-10 01:50:15 - [MESSAGE][PASSED] - Modify property of object successfully

2018-06-10 01:50:15 - [TEST_STEP][PASSED] - Statement - batchsize = com.kms.katalon.core.webui.keyword.WebUiBuiltInKeywords.getNumberOfTotalOption(batchlength): 9 options of object '' counted

2018-06-10 01:50:15 - [MESSAGE][PASSED] - 9 options of object '' counted

2018-06-10 01:50:15 - [TEST_STEP][PASSED] - Statement - out.println("BatchSize : " + batchsize): null

2018-06-10 01:50:15 - [TEST_STEP][PASSED] - Statement - For ([n = 1, n <= batchsize - 1, (n++)]): null

2018-06-10 01:50:15 - [TEST_STEP][PASSED] - Statement - product = new com.kms.katalon.core.testobject.TestObject(): null

2018-06-10 01:50:15 - [TEST_STEP][PASSED] - Statement - product = com.kms.katalon.core.webui.keyword.WebUiBuiltInKeywords.modifyObjectProperty(product, "xpath", "equals", "//*[@id = "fldvendor" + row + ""]", true): Modify property of object successfully

2018-06-10 01:50:15 - [MESSAGE][PASSED] - Modify property of object successfully

2018-06-10 01:50:15 - [TEST_STEP][PASSED] - selectOptionByIndex: All options with index in [1] are selected on object ''

2018-06-10 01:50:15 - [MESSAGE][PASSED] - All options with index in [1] are selected on object ''

2018-06-10 01:50:15 - [TEST_STEP][PASSED] - delay: Delayed 2 second(s)

2018-06-10 01:50:17 - [MESSAGE][PASSED] - Delayed 2 second(s)

2018-06-10 01:50:17 - [TEST_STEP][PASSED] - Statement - batch = new com.kms.katalon.core.testobject.TestObject(): null

2018-06-10 01:50:17 - [TEST_STEP][PASSED] - Statement - batch = com.kms.katalon.core.webui.keyword.WebUiBuiltInKeywords.modifyObjectProperty(batch, "xpath", "equals", "//*[@id = "txtbthqty" + row + ""]", true): Modify property of object successfully

2018-06-10 01:50:17 - [MESSAGE][PASSED] - Modify property of object successfully

2018-06-10 01:50:17 - [TEST_STEP][PASSED] - Statement - batchqty = com.kms.katalon.core.webui.keyword.WebUiBuiltInKeywords.getAttribute(batch, "value").trim(): Attribute 'value' of object '' is: '4100'

2018-06-10 01:50:17 - [MESSAGE][PASSED] - Attribute 'value' of object '' is: '4100'

2018-06-10 01:50:17 - [TEST_STEP][PASSED] - Statement - Rqty = 100: null

2018-06-10 01:50:17 - [TEST_STEP][PASSED] - Statement - out.println("BatchQty : " + batchqty): null

2018-06-10 01:50:17 - [TEST_STEP][PASSED] - Statement - out.println("RQty : " + Rqty): null

2018-06-10 01:50:17 - [TEST_STEP][PASSED] - Statement - If (java.lang.Integer.valueOf(batchqty) >= java.lang.Integer.valueOf(Rqty)): null

2018-06-10 01:50:17 - [TEST_STEP][PASSED] - Statement - Break: null

2018-06-10 01:50:17 - [TEST_STEP][PASSED] - Statement - batchlength = new com.kms.katalon.core.testobject.TestObject(): null

2018-06-10 01:50:17 - [TEST_STEP][PASSED] - Statement - batchlength = com.kms.katalon.core.webui.keyword.WebUiBuiltInKeywords.modifyObjectProperty(batchlength, "xpath", "equals", "//*[@id = "fldvendor" + row + ""]", true): Modify property of object successfully

2018-06-10 01:50:17 - [MESSAGE][PASSED] - Modify property of object successfully

2018-06-10 01:50:17 - [TEST_STEP][PASSED] - Statement - batchsize = com.kms.katalon.core.webui.keyword.WebUiBuiltInKeywords.getNumberOfTotalOption(batchlength): 10 options of object '' counted

2018-06-10 01:50:17 - [MESSAGE][PASSED] - 10 options of object '' counted

2018-06-10 01:50:17 - [TEST_STEP][PASSED] - Statement - out.println("BatchSize : " + batchsize): null

2018-06-10 01:50:17 - [TEST_STEP][PASSED] - Statement - For ([n = 1, n <= batchsize - 1, (n++)]): null

2018-06-10 01:50:17 - [TEST_STEP][PASSED] - Statement - product = new com.kms.katalon.core.testobject.TestObject(): null

2018-06-10 01:50:17 - [TEST_STEP][PASSED] - Statement - product = com.kms.katalon.core.webui.keyword.WebUiBuiltInKeywords.modifyObjectProperty(product, "xpath", "equals", "//*[@id = "fldvendor" + row + ""]", true): Modify property of object successfully

2018-06-10 01:50:17 - [MESSAGE][PASSED] - Modify property of object successfully

2018-06-10 01:50:17 - [TEST_STEP][PASSED] - selectOptionByIndex: All options with index in [1] are selected on object ''

2018-06-10 01:50:17 - [MESSAGE][PASSED] - All options with index in [1] are selected on object ''

2018-06-10 01:50:17 - [TEST_STEP][PASSED] - delay: Delayed 2 second(s)

2018-06-10 01:50:19 - [MESSAGE][PASSED] - Delayed 2 second(s)

2018-06-10 01:50:19 - [TEST_STEP][PASSED] - Statement - batch = new com.kms.katalon.core.testobject.TestObject(): null

2018-06-10 01:50:19 - [TEST_STEP][PASSED] - Statement - batch = com.kms.katalon.core.webui.keyword.WebUiBuiltInKeywords.modifyObjectProperty(batch, "xpath", "equals", "//*[@id = "txtbthqty" + row + ""]", true): Modify property of object successfully

2018-06-10 01:50:19 - [MESSAGE][PASSED] - Modify property of object successfully

2018-06-10 01:50:19 - [TEST_STEP][PASSED] - Statement - batchqty = com.kms.katalon.core.webui.keyword.WebUiBuiltInKeywords.getAttribute(batch, "value").trim(): Attribute 'value' of object '' is: '148400'

2018-06-10 01:50:19 - [MESSAGE][PASSED] - Attribute 'value' of object '' is: '148400'

2018-06-10 01:50:19 - [TEST_STEP][PASSED] - Statement - Rqty = 100: null

2018-06-10 01:50:19 - [TEST_STEP][PASSED] - Statement - out.println("BatchQty : " + batchqty): null

2018-06-10 01:50:19 - [TEST_STEP][PASSED] - Statement - out.println("RQty : " + Rqty): null

2018-06-10 01:50:19 - [TEST_STEP][PASSED] - Statement - If (java.lang.Integer.valueOf(batchqty) >= java.lang.Integer.valueOf(Rqty)): null

2018-06-10 01:50:19 - [TEST_STEP][PASSED] - Statement - Break: null

2018-06-10 01:50:19 - [TEST_STEP][PASSED] - Statement - batchlength = new com.kms.katalon.core.testobject.TestObject(): null

2018-06-10 01:50:19 - [TEST_STEP][PASSED] - Statement - batchlength = com.kms.katalon.core.webui.keyword.WebUiBuiltInKeywords.modifyObjectProperty(batchlength, "xpath", "equals", "//*[@id = "fldvendor" + row + ""]", true): Modify property of object successfully

2018-06-10 01:50:19 - [MESSAGE][PASSED] - Modify property of object successfully

2018-06-10 01:50:19 - [TEST_STEP][PASSED] - Statement - batchsize = com.kms.katalon.core.webui.keyword.WebUiBuiltInKeywords.getNumberOfTotalOption(batchlength): 11 options of object '' counted

2018-06-10 01:50:19 - [MESSAGE][PASSED] - 11 options of object '' counted

2018-06-10 01:50:19 - [TEST_STEP][PASSED] - Statement - out.println("BatchSize : " + batchsize): null

2018-06-10 01:50:19 - [TEST_STEP][PASSED] - Statement - For ([n = 1, n <= batchsize - 1, (n++)]): null

2018-06-10 01:50:19 - [TEST_STEP][PASSED] - Statement - product = new com.kms.katalon.core.testobject.TestObject(): null

2018-06-10 01:50:19 - [TEST_STEP][PASSED] - Statement - product = com.kms.katalon.core.webui.keyword.WebUiBuiltInKeywords.modifyObjectProperty(product, "xpath", "equals", "//*[@id = "fldvendor" + row + ""]", true): Modify property of object successfully

2018-06-10 01:50:19 - [MESSAGE][PASSED] - Modify property of object successfully

2018-06-10 01:50:19 - [TEST_STEP][PASSED] - selectOptionByIndex: All options with index in [1] are selected on object ''

2018-06-10 01:50:19 - [MESSAGE][PASSED] - All options with index in [1] are selected on object ''

2018-06-10 01:50:19 - [TEST_STEP][PASSED] - delay: Delayed 2 second(s)

2018-06-10 01:50:21 - [MESSAGE][PASSED] - Delayed 2 second(s)

2018-06-10 01:50:21 - [TEST_STEP][PASSED] - Statement - batch = new com.kms.katalon.core.testobject.TestObject(): null

2018-06-10 01:50:21 - [TEST_STEP][PASSED] - Statement - batch = com.kms.katalon.core.webui.keyword.WebUiBuiltInKeywords.modifyObjectProperty(batch, "xpath", "equals", "//*[@id = "txtbthqty" + row + ""]", true): Modify property of object successfully

2018-06-10 01:50:21 - [MESSAGE][PASSED] - Modify property of object successfully

2018-06-10 01:50:21 - [TEST_STEP][PASSED] - Statement - batchqty = com.kms.katalon.core.webui.keyword.WebUiBuiltInKeywords.getAttribute(batch, "value").trim(): Attribute 'value' of object '' is: '3500'

2018-06-10 01:50:21 - [MESSAGE][PASSED] - Attribute 'value' of object '' is: '3500'

2018-06-10 01:50:21 - [TEST_STEP][PASSED] - Statement - Rqty = 100: null

2018-06-10 01:50:21 - [TEST_STEP][PASSED] - Statement - out.println("BatchQty : " + batchqty): null

2018-06-10 01:50:21 - [TEST_STEP][PASSED] - Statement - out.println("RQty : " + Rqty): null

2018-06-10 01:50:21 - [TEST_STEP][PASSED] - Statement - If (java.lang.Integer.valueOf(batchqty) >= java.lang.Integer.valueOf(Rqty)): null

2018-06-10 01:50:21 - [TEST_STEP][PASSED] - Statement - Break: null

2018-06-10 01:50:21 - [TEST_STEP][PASSED] - Statement - batchlength = new com.kms.katalon.core.testobject.TestObject(): null

2018-06-10 01:50:21 - [TEST_STEP][PASSED] - Statement - batchlength = com.kms.katalon.core.webui.keyword.WebUiBuiltInKeywords.modifyObjectProperty(batchlength, "xpath", "equals", "//*[@id = "fldvendor" + row + ""]", true): Modify property of object successfully

2018-06-10 01:50:21 - [MESSAGE][PASSED] - Modify property of object successfully

2018-06-10 01:50:21 - [TEST_STEP][PASSED] - Statement - batchsize = com.kms.katalon.core.webui.keyword.WebUiBuiltInKeywords.getNumberOfTotalOption(batchlength): 10 options of object '' counted

2018-06-10 01:50:21 - [MESSAGE][PASSED] - 10 options of object '' counted

2018-06-10 01:50:21 - [TEST_STEP][PASSED] - Statement - out.println("BatchSize : " + batchsize): null

2018-06-10 01:50:21 - [TEST_STEP][PASSED] - Statement - For ([n = 1, n <= batchsize - 1, (n++)]): null

2018-06-10 01:50:21 - [TEST_STEP][PASSED] - Statement - product = new com.kms.katalon.core.testobject.TestObject(): null

2018-06-10 01:50:21 - [TEST_STEP][PASSED] - Statement - product = com.kms.katalon.core.webui.keyword.WebUiBuiltInKeywords.modifyObjectProperty(product, "xpath", "equals", "//*[@id = "fldvendor" + row + ""]", true): Modify property of object successfully

2018-06-10 01:50:21 - [MESSAGE][PASSED] - Modify property of object successfully

2018-06-10 01:50:21 - [TEST_STEP][PASSED] - selectOptionByIndex: All options with index in [1] are selected on object ''

2018-06-10 01:50:22 - [MESSAGE][PASSED] - All options with index in [1] are selected on object ''

2018-06-10 01:50:22 - [TEST_STEP][PASSED] - delay: Delayed 2 second(s)

2018-06-10 01:50:24 - [MESSAGE][PASSED] - Delayed 2 second(s)

2018-06-10 01:50:24 - [TEST_STEP][PASSED] - Statement - batch = new com.kms.katalon.core.testobject.TestObject(): null

2018-06-10 01:50:24 - [TEST_STEP][PASSED] - Statement - batch = com.kms.katalon.core.webui.keyword.WebUiBuiltInKeywords.modifyObjectProperty(batch, "xpath", "equals", "//*[@id = "txtbthqty" + row + ""]", true): Modify property of object successfully

2018-06-10 01:50:24 - [MESSAGE][PASSED] - Modify property of object successfully

2018-06-10 01:50:24 - [TEST_STEP][PASSED] - Statement - batchqty = com.kms.katalon.core.webui.keyword.WebUiBuiltInKeywords.getAttribute(batch, "value").trim(): Attribute 'value' of object '' is: '3500'

2018-06-10 01:50:24 - [MESSAGE][PASSED] - Attribute 'value' of object '' is: '3500'

2018-06-10 01:50:24 - [TEST_STEP][PASSED] - Statement - Rqty = 100: null

2018-06-10 01:50:24 - [TEST_STEP][PASSED] - Statement - out.println("BatchQty : " + batchqty): null

2018-06-10 01:50:24 - [TEST_STEP][PASSED] - Statement - out.println("RQty : " + Rqty): null

2018-06-10 01:50:24 - [TEST_STEP][PASSED] - Statement - If (java.lang.Integer.valueOf(batchqty) >= java.lang.Integer.valueOf(Rqty)): null

2018-06-10 01:50:24 - [TEST_STEP][PASSED] - Statement - Break: null

2018-06-10 01:50:24 - [TEST_STEP][PASSED] - Statement - batchlength = new com.kms.katalon.core.testobject.TestObject(): null

2018-06-10 01:50:24 - [TEST_STEP][PASSED] - Statement - batchlength = com.kms.katalon.core.webui.keyword.WebUiBuiltInKeywords.modifyObjectProperty(batchlength, "xpath", "equals", "//*[@id = "fldvendor" + row + ""]", true): Modify property of object successfully

2018-06-10 01:50:24 - [MESSAGE][PASSED] - Modify property of object successfully

2018-06-10 01:50:24 - [TEST_STEP][PASSED] - Statement - batchsize = com.kms.katalon.core.webui.keyword.WebUiBuiltInKeywords.getNumberOfTotalOption(batchlength): 11 options of object '' counted

2018-06-10 01:50:24 - [MESSAGE][PASSED] - 11 options of object '' counted

2018-06-10 01:50:24 - [TEST_STEP][PASSED] - Statement - out.println("BatchSize : " + batchsize): null

2018-06-10 01:50:24 - [TEST_STEP][PASSED] - Statement - For ([n = 1, n <= batchsize - 1, (n++)]): null

2018-06-10 01:50:24 - [TEST_STEP][PASSED] - Statement - product = new com.kms.katalon.core.testobject.TestObject(): null

2018-06-10 01:50:24 - [TEST_STEP][PASSED] - Statement - product = com.kms.katalon.core.webui.keyword.WebUiBuiltInKeywords.modifyObjectProperty(product, "xpath", "equals", "//*[@id = "fldvendor" + row + ""]", true): Modify property of object successfully

2018-06-10 01:50:24 - [MESSAGE][PASSED] - Modify property of object successfully

2018-06-10 01:50:24 - [TEST_STEP][PASSED] - selectOptionByIndex: All options with index in [1] are selected on object ''

2018-06-10 01:50:24 - [MESSAGE][PASSED] - All options with index in [1] are selected on object ''

2018-06-10 01:50:24 - [TEST_STEP][PASSED] - delay: Delayed 2 second(s)

2018-06-10 01:50:26 - [MESSAGE][PASSED] - Delayed 2 second(s)

2018-06-10 01:50:26 - [TEST_STEP][PASSED] - Statement - batch = new com.kms.katalon.core.testobject.TestObject(): null

2018-06-10 01:50:26 - [TEST_STEP][PASSED] - Statement - batch = com.kms.katalon.core.webui.keyword.WebUiBuiltInKeywords.modifyObjectProperty(batch, "xpath", "equals", "//*[@id = "txtbthqty" + row + ""]", true): Modify property of object successfully

2018-06-10 01:50:26 - [MESSAGE][PASSED] - Modify property of object successfully

2018-06-10 01:50:26 - [TEST_STEP][PASSED] - Statement - batchqty = com.kms.katalon.core.webui.keyword.WebUiBuiltInKeywords.getAttribute(batch, "value").trim(): Attribute 'value' of object '' is: '3300'

2018-06-10 01:50:26 - [MESSAGE][PASSED] - Attribute 'value' of object '' is: '3300'

2018-06-10 01:50:26 - [TEST_STEP][PASSED] - Statement - Rqty = 100: null

2018-06-10 01:50:26 - [TEST_STEP][PASSED] - Statement - out.println("BatchQty : " + batchqty): null

2018-06-10 01:50:26 - [TEST_STEP][PASSED] - Statement - out.println("RQty : " + Rqty): null

2018-06-10 01:50:26 - [TEST_STEP][PASSED] - Statement - If (java.lang.Integer.valueOf(batchqty) >= java.lang.Integer.valueOf(Rqty)): null

2018-06-10 01:50:26 - [TEST_STEP][PASSED] - Statement - Break: null

2018-06-10 01:50:26 - [TEST_STEP][PASSED] - Statement - batchlength = new com.kms.katalon.core.testobject.TestObject(): null

2018-06-10 01:50:26 - [TEST_STEP][PASSED] - Statement - batchlength = com.kms.katalon.core.webui.keyword.WebUiBuiltInKeywords.modifyObjectProperty(batchlength, "xpath", "equals", "//*[@id = "fldvendor" + row + ""]", true): Modify property of object successfully

2018-06-10 01:50:26 - [MESSAGE][PASSED] - Modify property of object successfully

2018-06-10 01:50:26 - [TEST_STEP][PASSED] - Statement - batchsize = com.kms.katalon.core.webui.keyword.WebUiBuiltInKeywords.getNumberOfTotalOption(batchlength): 9 options of object '' counted

2018-06-10 01:50:26 - [MESSAGE][PASSED] - 9 options of object '' counted

2018-06-10 01:50:26 - [TEST_STEP][PASSED] - Statement - out.println("BatchSize : " + batchsize): null

2018-06-10 01:50:26 - [TEST_STEP][PASSED] - Statement - For ([n = 1, n <= batchsize - 1, (n++)]): null

2018-06-10 01:50:26 - [TEST_STEP][PASSED] - Statement - product = new com.kms.katalon.core.testobject.TestObject(): null

2018-06-10 01:50:26 - [TEST_STEP][PASSED] - Statement - product = com.kms.katalon.core.webui.keyword.WebUiBuiltInKeywords.modifyObjectProperty(product, "xpath", "equals", "//*[@id = "fldvendor" + row + ""]", true): Modify property of object successfully

2018-06-10 01:50:26 - [MESSAGE][PASSED] - Modify property of object successfully

2018-06-10 01:50:26 - [TEST_STEP][PASSED] - selectOptionByIndex: All options with index in [1] are selected on object ''

2018-06-10 01:50:26 - [MESSAGE][PASSED] - All options with index in [1] are selected on object ''

2018-06-10 01:50:26 - [TEST_STEP][PASSED] - delay: Delayed 2 second(s)

2018-06-10 01:50:28 - [MESSAGE][PASSED] - Delayed 2 second(s)

2018-06-10 01:50:28 - [TEST_STEP][PASSED] - Statement - batch = new com.kms.katalon.core.testobject.TestObject(): null

2018-06-10 01:50:28 - [TEST_STEP][PASSED] - Statement - batch = com.kms.katalon.core.webui.keyword.WebUiBuiltInKeywords.modifyObjectProperty(batch, "xpath", "equals", "//*[@id = "txtbthqty" + row + ""]", true): Modify property of object successfully

2018-06-10 01:50:28 - [MESSAGE][PASSED] - Modify property of object successfully

2018-06-10 01:50:28 - [TEST_STEP][PASSED] - Statement - batchqty = com.kms.katalon.core.webui.keyword.WebUiBuiltInKeywords.getAttribute(batch, "value").trim(): Attribute 'value' of object '' is: '3500'

2018-06-10 01:50:28 - [MESSAGE][PASSED] - Attribute 'value' of object '' is: '3500'

2018-06-10 01:50:28 - [TEST_STEP][PASSED] - Statement - Rqty = 100: null

2018-06-10 01:50:28 - [TEST_STEP][PASSED] - Statement - out.println("BatchQty : " + batchqty): null

2018-06-10 01:50:28 - [TEST_STEP][PASSED] - Statement - out.println("RQty : " + Rqty): null

2018-06-10 01:50:28 - [TEST_STEP][PASSED] - Statement - If (java.lang.Integer.valueOf(batchqty) >= java.lang.Integer.valueOf(Rqty)): null

2018-06-10 01:50:28 - [TEST_STEP][PASSED] - Statement - Break: null

2018-06-10 01:50:28 - [TEST_STEP][PASSED] - Statement - batchlength = new com.kms.katalon.core.testobject.TestObject(): null

2018-06-10 01:50:28 - [TEST_STEP][PASSED] - Statement - batchlength = com.kms.katalon.core.webui.keyword.WebUiBuiltInKeywords.modifyObjectProperty(batchlength, "xpath", "equals", "//*[@id = "fldvendor" + row + ""]", true): Modify property of object successfully

2018-06-10 01:50:28 - [MESSAGE][PASSED] - Modify property of object successfully

2018-06-10 01:50:28 - [TEST_STEP][PASSED] - Statement - batchsize = com.kms.katalon.core.webui.keyword.WebUiBuiltInKeywords.getNumberOfTotalOption(batchlength): 10 options of object '' counted

2018-06-10 01:50:28 - [MESSAGE][PASSED] - 10 options of object '' counted

2018-06-10 01:50:28 - [TEST_STEP][PASSED] - Statement - out.println("BatchSize : " + batchsize): null

2018-06-10 01:50:28 - [TEST_STEP][PASSED] - Statement - For ([n = 1, n <= batchsize - 1, (n++)]): null

2018-06-10 01:50:28 - [TEST_STEP][PASSED] - Statement - product = new com.kms.katalon.core.testobject.TestObject(): null

2018-06-10 01:50:28 - [TEST_STEP][PASSED] - Statement - product = com.kms.katalon.core.webui.keyword.WebUiBuiltInKeywords.modifyObjectProperty(product, "xpath", "equals", "//*[@id = "fldvendor" + row + ""]", true): Modify property of object successfully

2018-06-10 01:50:28 - [MESSAGE][PASSED] - Modify property of object successfully

2018-06-10 01:50:28 - [TEST_STEP][PASSED] - selectOptionByIndex: All options with index in [1] are selected on object ''

2018-06-10 01:50:28 - [MESSAGE][PASSED] - All options with index in [1] are selected on object ''

2018-06-10 01:50:28 - [TEST_STEP][PASSED] - delay: Delayed 2 second(s)

2018-06-10 01:50:30 - [MESSAGE][PASSED] - Delayed 2 second(s)

2018-06-10 01:50:30 - [TEST_STEP][PASSED] - Statement - batch = new com.kms.katalon.core.testobject.TestObject(): null

2018-06-10 01:50:30 - [TEST_STEP][PASSED] - Statement - batch = com.kms.katalon.core.webui.keyword.WebUiBuiltInKeywords.modifyObjectProperty(batch, "xpath", "equals", "//*[@id = "txtbthqty" + row + ""]", true): Modify property of object successfully

2018-06-10 01:50:30 - [MESSAGE][PASSED] - Modify property of object successfully

2018-06-10 01:50:30 - [TEST_STEP][PASSED] - Statement - batchqty = com.kms.katalon.core.webui.keyword.WebUiBuiltInKeywords.getAttribute(batch, "value").trim(): Attribute 'value' of object '' is: '4100'

2018-06-10 01:50:30 - [MESSAGE][PASSED] - Attribute 'value' of object '' is: '4100'

2018-06-10 01:50:30 - [TEST_STEP][PASSED] - Statement - Rqty = 100: null

2018-06-10 01:50:30 - [TEST_STEP][PASSED] - Statement - out.println("BatchQty : " + batchqty): null

2018-06-10 01:50:30 - [TEST_STEP][PASSED] - Statement - out.println("RQty : " + Rqty): null

2018-06-10 01:50:30 - [TEST_STEP][PASSED] - Statement - If (java.lang.Integer.valueOf(batchqty) >= java.lang.Integer.valueOf(Rqty)): null

2018-06-10 01:50:30 - [TEST_STEP][PASSED] - Statement - Break: null

2018-06-10 01:50:30 - [TEST_STEP][PASSED] - Statement - batchlength = new com.kms.katalon.core.testobject.TestObject(): null

2018-06-10 01:50:30 - [TEST_STEP][PASSED] - Statement - batchlength = com.kms.katalon.core.webui.keyword.WebUiBuiltInKeywords.modifyObjectProperty(batchlength, "xpath", "equals", "//*[@id = "fldvendor" + row + ""]", true): Modify property of object successfully

2018-06-10 01:50:30 - [MESSAGE][PASSED] - Modify property of object successfully

2018-06-10 01:50:30 - [TEST_STEP][PASSED] - Statement - batchsize = com.kms.katalon.core.webui.keyword.WebUiBuiltInKeywords.getNumberOfTotalOption(batchlength): 18 options of object '' counted

2018-06-10 01:50:31 - [MESSAGE][PASSED] - 18 options of object '' counted

2018-06-10 01:50:31 - [TEST_STEP][PASSED] - Statement - out.println("BatchSize : " + batchsize): null

2018-06-10 01:50:31 - [TEST_STEP][PASSED] - Statement - For ([n = 1, n <= batchsize - 1, (n++)]): null

2018-06-10 01:50:31 - [TEST_STEP][PASSED] - Statement - product = new com.kms.katalon.core.testobject.TestObject(): null

2018-06-10 01:50:31 - [TEST_STEP][PASSED] - Statement - product = com.kms.katalon.core.webui.keyword.WebUiBuiltInKeywords.modifyObjectProperty(product, "xpath", "equals", "//*[@id = "fldvendor" + row + ""]", true): Modify property of object successfully

2018-06-10 01:50:31 - [MESSAGE][PASSED] - Modify property of object successfully

2018-06-10 01:50:31 - [TEST_STEP][PASSED] - selectOptionByIndex: All options with index in [1] are selected on object ''

2018-06-10 01:50:31 - [MESSAGE][PASSED] - All options with index in [1] are selected on object ''

2018-06-10 01:50:31 - [TEST_STEP][PASSED] - delay: Delayed 2 second(s)

2018-06-10 01:50:33 - [MESSAGE][PASSED] - Delayed 2 second(s)

2018-06-10 01:50:33 - [TEST_STEP][PASSED] - Statement - batch = new com.kms.katalon.core.testobject.TestObject(): null

2018-06-10 01:50:33 - [TEST_STEP][PASSED] - Statement - batch = com.kms.katalon.core.webui.keyword.WebUiBuiltInKeywords.modifyObjectProperty(batch, "xpath", "equals", "//*[@id = "txtbthqty" + row + ""]", true): Modify property of object successfully

2018-06-10 01:50:33 - [MESSAGE][PASSED] - Modify property of object successfully

2018-06-10 01:50:33 - [TEST_STEP][PASSED] - Statement - batchqty = com.kms.katalon.core.webui.keyword.WebUiBuiltInKeywords.getAttribute(batch, "value").trim(): Attribute 'value' of object '' is: '2000'

2018-06-10 01:50:33 - [MESSAGE][PASSED] - Attribute 'value' of object '' is: '2000'

2018-06-10 01:50:33 - [TEST_STEP][PASSED] - Statement - Rqty = 100: null

2018-06-10 01:50:33 - [TEST_STEP][PASSED] - Statement - out.println("BatchQty : " + batchqty): null

2018-06-10 01:50:33 - [TEST_STEP][PASSED] - Statement - out.println("RQty : " + Rqty): null

2018-06-10 01:50:33 - [TEST_STEP][PASSED] - Statement - If (java.lang.Integer.valueOf(batchqty) >= java.lang.Integer.valueOf(Rqty)): null

2018-06-10 01:50:33 - [TEST_STEP][PASSED] - Statement - Break: null

2018-06-10 01:50:33 - [TEST_STEP][PASSED] - Statement - batchlength = new com.kms.katalon.core.testobject.TestObject(): null

2018-06-10 01:50:33 - [TEST_STEP][PASSED] - Statement - batchlength = com.kms.katalon.core.webui.keyword.WebUiBuiltInKeywords.modifyObjectProperty(batchlength, "xpath", "equals", "//*[@id = "fldvendor" + row + ""]", true): Modify property of object successfully

2018-06-10 01:50:33 - [MESSAGE][PASSED] - Modify property of object successfully

2018-06-10 01:50:33 - [TEST_STEP][PASSED] - Statement - batchsize = com.kms.katalon.core.webui.keyword.WebUiBuiltInKeywords.getNumberOfTotalOption(batchlength): 18 options of object '' counted

2018-06-10 01:50:33 - [MESSAGE][PASSED] - 18 options of object '' counted

2018-06-10 01:50:33 - [TEST_STEP][PASSED] - Statement - out.println("BatchSize : " + batchsize): null

2018-06-10 01:50:33 - [TEST_STEP][PASSED] - Statement - For ([n = 1, n <= batchsize - 1, (n++)]): null

2018-06-10 01:50:33 - [TEST_STEP][PASSED] - Statement - product = new com.kms.katalon.core.testobject.TestObject(): null

2018-06-10 01:50:33 - [TEST_STEP][PASSED] - Statement - product = com.kms.katalon.core.webui.keyword.WebUiBuiltInKeywords.modifyObjectProperty(product, "xpath", "equals", "//*[@id = "fldvendor" + row + ""]", true): Modify property of object successfully

2018-06-10 01:50:33 - [MESSAGE][PASSED] - Modify property of object successfully

2018-06-10 01:50:33 - [TEST_STEP][PASSED] - selectOptionByIndex: All options with index in [1] are selected on object ''

2018-06-10 01:50:33 - [MESSAGE][PASSED] - All options with index in [1] are selected on object ''

2018-06-10 01:50:33 - [TEST_STEP][PASSED] - delay: Delayed 2 second(s)

2018-06-10 01:50:35 - [MESSAGE][PASSED] - Delayed 2 second(s)

2018-06-10 01:50:35 - [TEST_STEP][PASSED] - Statement - batch = new com.kms.katalon.core.testobject.TestObject(): null

2018-06-10 01:50:35 - [TEST_STEP][PASSED] - Statement - batch = com.kms.katalon.core.webui.keyword.WebUiBuiltInKeywords.modifyObjectProperty(batch, "xpath", "equals", "//*[@id = "txtbthqty" + row + ""]", true): Modify property of object successfully

2018-06-10 01:50:35 - [MESSAGE][PASSED] - Modify property of object successfully

2018-06-10 01:50:35 - [TEST_STEP][PASSED] - Statement - batchqty = com.kms.katalon.core.webui.keyword.WebUiBuiltInKeywords.getAttribute(batch, "value").trim(): Attribute 'value' of object '' is: '2000'

2018-06-10 01:50:35 - [MESSAGE][PASSED] - Attribute 'value' of object '' is: '2000'

2018-06-10 01:50:35 - [TEST_STEP][PASSED] - Statement - Rqty = 100: null

2018-06-10 01:50:35 - [TEST_STEP][PASSED] - Statement - out.println("BatchQty : " + batchqty): null

2018-06-10 01:50:35 - [TEST_STEP][PASSED] - Statement - out.println("RQty : " + Rqty): null

2018-06-10 01:50:35 - [TEST_STEP][PASSED] - Statement - If (java.lang.Integer.valueOf(batchqty) >= java.lang.Integer.valueOf(Rqty)): null

2018-06-10 01:50:35 - [TEST_STEP][PASSED] - Statement - Break: null

2018-06-10 01:50:35 - [TEST_STEP][PASSED] - Statement - batchlength = new com.kms.katalon.core.testobject.TestObject(): null

2018-06-10 01:50:35 - [TEST_STEP][PASSED] - Statement - batchlength = com.kms.katalon.core.webui.keyword.WebUiBuiltInKeywords.modifyObjectProperty(batchlength, "xpath", "equals", "//*[@id = "fldvendor" + row + ""]", true): Modify property of object successfully

2018-06-10 01:50:35 - [MESSAGE][PASSED] - Modify property of object successfully

2018-06-10 01:50:35 - [TEST_STEP][PASSED] - Statement - batchsize = com.kms.katalon.core.webui.keyword.WebUiBuiltInKeywords.getNumberOfTotalOption(batchlength): 9 options of object '' counted

2018-06-10 01:50:35 - [MESSAGE][PASSED] - 9 options of object '' counted

2018-06-10 01:50:35 - [TEST_STEP][PASSED] - Statement - out.println("BatchSize : " + batchsize): null

2018-06-10 01:50:35 - [TEST_STEP][PASSED] - Statement - For ([n = 1, n <= batchsize - 1, (n++)]): null

2018-06-10 01:50:35 - [TEST_STEP][PASSED] - Statement - product = new com.kms.katalon.core.testobject.TestObject(): null

2018-06-10 01:50:35 - [TEST_STEP][PASSED] - Statement - product = com.kms.katalon.core.webui.keyword.WebUiBuiltInKeywords.modifyObjectProperty(product, "xpath", "equals", "//*[@id = "fldvendor" + row + ""]", true): Modify property of object successfully

2018-06-10 01:50:35 - [MESSAGE][PASSED] - Modify property of object successfully

2018-06-10 01:50:35 - [TEST_STEP][PASSED] - selectOptionByIndex: All options with index in [1] are selected on object ''

2018-06-10 01:50:35 - [MESSAGE][PASSED] - All options with index in [1] are selected on object ''

2018-06-10 01:50:35 - [TEST_STEP][PASSED] - delay: Delayed 2 second(s)

2018-06-10 01:50:37 - [MESSAGE][PASSED] - Delayed 2 second(s)

2018-06-10 01:50:37 - [TEST_STEP][PASSED] - Statement - batch = new com.kms.katalon.core.testobject.TestObject(): null

2018-06-10 01:50:37 - [TEST_STEP][PASSED] - Statement - batch = com.kms.katalon.core.webui.keyword.WebUiBuiltInKeywords.modifyObjectProperty(batch, "xpath", "equals", "//*[@id = "txtbthqty" + row + ""]", true): Modify property of object successfully

2018-06-10 01:50:37 - [MESSAGE][PASSED] - Modify property of object successfully

2018-06-10 01:50:37 - [TEST_STEP][PASSED] - Statement - batchqty = com.kms.katalon.core.webui.keyword.WebUiBuiltInKeywords.getAttribute(batch, "value").trim(): Attribute 'value' of object '' is: '3500'

2018-06-10 01:50:37 - [MESSAGE][PASSED] - Attribute 'value' of object '' is: '3500'

2018-06-10 01:50:37 - [TEST_STEP][PASSED] - Statement - Rqty = 100: null

2018-06-10 01:50:37 - [TEST_STEP][PASSED] - Statement - out.println("BatchQty : " + batchqty): null

2018-06-10 01:50:37 - [TEST_STEP][PASSED] - Statement - out.println("RQty : " + Rqty): null

2018-06-10 01:50:37 - [TEST_STEP][PASSED] - Statement - If (java.lang.Integer.valueOf(batchqty) >= java.lang.Integer.valueOf(Rqty)): null

2018-06-10 01:50:37 - [TEST_STEP][PASSED] - Statement - Break: null

2018-06-10 01:50:37 - [TEST_STEP][PASSED] - Statement - batchlength = new com.kms.katalon.core.testobject.TestObject(): null

2018-06-10 01:50:37 - [TEST_STEP][PASSED] - Statement - batchlength = com.kms.katalon.core.webui.keyword.WebUiBuiltInKeywords.modifyObjectProperty(batchlength, "xpath", "equals", "//*[@id = "fldvendor" + row + ""]", true): Modify property of object successfully

2018-06-10 01:50:37 - [MESSAGE][PASSED] - Modify property of object successfully

2018-06-10 01:50:37 - [TEST_STEP][PASSED] - Statement - batchsize = com.kms.katalon.core.webui.keyword.WebUiBuiltInKeywords.getNumberOfTotalOption(batchlength): 10 options of object '' counted

2018-06-10 01:50:37 - [MESSAGE][PASSED] - 10 options of object '' counted

2018-06-10 01:50:37 - [TEST_STEP][PASSED] - Statement - out.println("BatchSize : " + batchsize): null

2018-06-10 01:50:37 - [TEST_STEP][PASSED] - Statement - For ([n = 1, n <= batchsize - 1, (n++)]): null

2018-06-10 01:50:37 - [TEST_STEP][PASSED] - Statement - product = new com.kms.katalon.core.testobject.TestObject(): null

2018-06-10 01:50:37 - [TEST_STEP][PASSED] - Statement - product = com.kms.katalon.core.webui.keyword.WebUiBuiltInKeywords.modifyObjectProperty(product, "xpath", "equals", "//*[@id = "fldvendor" + row + ""]", true): Modify property of object successfully

2018-06-10 01:50:37 - [MESSAGE][PASSED] - Modify property of object successfully

2018-06-10 01:50:37 - [TEST_STEP][PASSED] - selectOptionByIndex: All options with index in [1] are selected on object ''

2018-06-10 01:50:38 - [MESSAGE][PASSED] - All options with index in [1] are selected on object ''

2018-06-10 01:50:38 - [TEST_STEP][PASSED] - delay: Delayed 2 second(s)

2018-06-10 01:50:40 - [MESSAGE][PASSED] - Delayed 2 second(s)

2018-06-10 01:50:40 - [TEST_STEP][PASSED] - Statement - batch = new com.kms.katalon.core.testobject.TestObject(): null

2018-06-10 01:50:40 - [TEST_STEP][PASSED] - Statement - batch = com.kms.katalon.core.webui.keyword.WebUiBuiltInKeywords.modifyObjectProperty(batch, "xpath", "equals", "//*[@id = "txtbthqty" + row + ""]", true): Modify property of object successfully

2018-06-10 01:50:40 - [MESSAGE][PASSED] - Modify property of object successfully

2018-06-10 01:50:40 - [TEST_STEP][PASSED] - Statement - batchqty = com.kms.katalon.core.webui.keyword.WebUiBuiltInKeywords.getAttribute(batch, "value").trim(): Attribute 'value' of object '' is: '3500'

2018-06-10 01:50:40 - [MESSAGE][PASSED] - Attribute 'value' of object '' is: '3500'

2018-06-10 01:50:40 - [TEST_STEP][PASSED] - Statement - Rqty = 100: null

2018-06-10 01:50:40 - [TEST_STEP][PASSED] - Statement - out.println("BatchQty : " + batchqty): null

2018-06-10 01:50:40 - [TEST_STEP][PASSED] - Statement - out.println("RQty : " + Rqty): null

2018-06-10 01:50:40 - [TEST_STEP][PASSED] - Statement - If (java.lang.Integer.valueOf(batchqty) >= java.lang.Integer.valueOf(Rqty)): null

2018-06-10 01:50:40 - [TEST_STEP][PASSED] - Statement - Break: null

2018-06-10 01:50:40 - [TEST_STEP][PASSED] - Statement - batchlength = new com.kms.katalon.core.testobject.TestObject(): null

2018-06-10 01:50:40 - [TEST_STEP][PASSED] - Statement - batchlength = com.kms.katalon.core.webui.keyword.WebUiBuiltInKeywords.modifyObjectProperty(batchlength, "xpath", "equals", "//*[@id = "fldvendor" + row + ""]", true): Modify property of object successfully

2018-06-10 01:50:40 - [MESSAGE][PASSED] - Modify property of object successfully

2018-06-10 01:50:40 - [TEST_STEP][PASSED] - Statement - batchsize = com.kms.katalon.core.webui.keyword.WebUiBuiltInKeywords.getNumberOfTotalOption(batchlength): 8 options of object '' counted

2018-06-10 01:50:40 - [MESSAGE][PASSED] - 8 options of object '' counted

2018-06-10 01:50:40 - [TEST_STEP][PASSED] - Statement - out.println("BatchSize : " + batchsize): null

2018-06-10 01:50:40 - [TEST_STEP][PASSED] - Statement - For ([n = 1, n <= batchsize - 1, (n++)]): null

2018-06-10 01:50:40 - [TEST_STEP][PASSED] - Statement - product = new com.kms.katalon.core.testobject.TestObject(): null

2018-06-10 01:50:40 - [TEST_STEP][PASSED] - Statement - product = com.kms.katalon.core.webui.keyword.WebUiBuiltInKeywords.modifyObjectProperty(product, "xpath", "equals", "//*[@id = "fldvendor" + row + ""]", true): Modify property of object successfully

2018-06-10 01:50:40 - [MESSAGE][PASSED] - Modify property of object successfully

2018-06-10 01:50:40 - [TEST_STEP][PASSED] - selectOptionByIndex: All options with index in [1] are selected on object ''

2018-06-10 01:50:40 - [MESSAGE][PASSED] - All options with index in [1] are selected on object ''

2018-06-10 01:50:40 - [TEST_STEP][PASSED] - delay: Delayed 2 second(s)

2018-06-10 01:50:42 - [MESSAGE][PASSED] - Delayed 2 second(s)

2018-06-10 01:50:42 - [TEST_STEP][PASSED] - Statement - batch = new com.kms.katalon.core.testobject.TestObject(): null

2018-06-10 01:50:42 - [TEST_STEP][PASSED] - Statement - batch = com.kms.katalon.core.webui.keyword.WebUiBuiltInKeywords.modifyObjectProperty(batch, "xpath", "equals", "//*[@id = "txtbthqty" + row + ""]", true): Modify property of object successfully

2018-06-10 01:50:42 - [MESSAGE][PASSED] - Modify property of object successfully

2018-06-10 01:50:42 - [TEST_STEP][PASSED] - Statement - batchqty = com.kms.katalon.core.webui.keyword.WebUiBuiltInKeywords.getAttribute(batch, "value").trim(): Attribute 'value' of object '' is: '3500'

2018-06-10 01:50:42 - [MESSAGE][PASSED] - Attribute 'value' of object '' is: '3500'

2018-06-10 01:50:42 - [TEST_STEP][PASSED] - Statement - Rqty = 100: null

2018-06-10 01:50:42 - [TEST_STEP][PASSED] - Statement - out.println("BatchQty : " + batchqty): null

2018-06-10 01:50:42 - [TEST_STEP][PASSED] - Statement - out.println("RQty : " + Rqty): null

2018-06-10 01:50:42 - [TEST_STEP][PASSED] - Statement - If (java.lang.Integer.valueOf(batchqty) >= java.lang.Integer.valueOf(Rqty)): null

2018-06-10 01:50:42 - [TEST_STEP][PASSED] - Statement - Break: null

2018-06-10 01:50:42 - [TEST_STEP][PASSED] - Statement - batchlength = new com.kms.katalon.core.testobject.TestObject(): null

2018-06-10 01:50:42 - [TEST_STEP][PASSED] - Statement - batchlength = com.kms.katalon.core.webui.keyword.WebUiBuiltInKeywords.modifyObjectProperty(batchlength, "xpath", "equals", "//*[@id = "fldvendor" + row + ""]", true): Modify property of object successfully

2018-06-10 01:50:42 - [MESSAGE][PASSED] - Modify property of object successfully

2018-06-10 01:50:42 - [TEST_STEP][PASSED] - Statement - batchsize = com.kms.katalon.core.webui.keyword.WebUiBuiltInKeywords.getNumberOfTotalOption(batchlength): 11 options of object '' counted

2018-06-10 01:50:42 - [MESSAGE][PASSED] - 11 options of object '' counted

2018-06-10 01:50:42 - [TEST_STEP][PASSED] - Statement - out.println("BatchSize : " + batchsize): null

2018-06-10 01:50:42 - [TEST_STEP][PASSED] - Statement - For ([n = 1, n <= batchsize - 1, (n++)]): null

2018-06-10 01:50:42 - [TEST_STEP][PASSED] - Statement - product = new com.kms.katalon.core.testobject.TestObject(): null

2018-06-10 01:50:42 - [TEST_STEP][PASSED] - Statement - product = com.kms.katalon.core.webui.keyword.WebUiBuiltInKeywords.modifyObjectProperty(product, "xpath", "equals", "//*[@id = "fldvendor" + row + ""]", true): Modify property of object successfully

2018-06-10 01:50:42 - [MESSAGE][PASSED] - Modify property of object successfully

2018-06-10 01:50:42 - [TEST_STEP][PASSED] - selectOptionByIndex: All options with index in [1] are selected on object ''

2018-06-10 01:50:42 - [MESSAGE][PASSED] - All options with index in [1] are selected on object ''

2018-06-10 01:50:42 - [TEST_STEP][PASSED] - delay: Delayed 2 second(s)

2018-06-10 01:50:44 - [MESSAGE][PASSED] - Delayed 2 second(s)

2018-06-10 01:50:44 - [TEST_STEP][PASSED] - Statement - batch = new com.kms.katalon.core.testobject.TestObject(): null

2018-06-10 01:50:44 - [TEST_STEP][PASSED] - Statement - batch = com.kms.katalon.core.webui.keyword.WebUiBuiltInKeywords.modifyObjectProperty(batch, "xpath", "equals", "//*[@id = "txtbthqty" + row + ""]", true): Modify property of object successfully

2018-06-10 01:50:44 - [MESSAGE][PASSED] - Modify property of object successfully

2018-06-10 01:50:44 - [TEST_STEP][PASSED] - Statement - batchqty = com.kms.katalon.core.webui.keyword.WebUiBuiltInKeywords.getAttribute(batch, "value").trim(): Attribute 'value' of object '' is: '3500'

2018-06-10 01:50:44 - [MESSAGE][PASSED] - Attribute 'value' of object '' is: '3500'

2018-06-10 01:50:44 - [TEST_STEP][PASSED] - Statement - Rqty = 100: null

2018-06-10 01:50:44 - [TEST_STEP][PASSED] - Statement - out.println("BatchQty : " + batchqty): null

2018-06-10 01:50:44 - [TEST_STEP][PASSED] - Statement - out.println("RQty : " + Rqty): null

2018-06-10 01:50:44 - [TEST_STEP][PASSED] - Statement - If (java.lang.Integer.valueOf(batchqty) >= java.lang.Integer.valueOf(Rqty)): null

2018-06-10 01:50:44 - [TEST_STEP][PASSED] - Statement - Break: null

2018-06-10 01:50:44 - [TEST_STEP][PASSED] - Statement - batchlength = new com.kms.katalon.core.testobject.TestObject(): null

2018-06-10 01:50:44 - [TEST_STEP][PASSED] - Statement - batchlength = com.kms.katalon.core.webui.keyword.WebUiBuiltInKeywords.modifyObjectProperty(batchlength, "xpath", "equals", "//*[@id = "fldvendor" + row + ""]", true): Modify property of object successfully

2018-06-10 01:50:44 - [MESSAGE][PASSED] - Modify property of object successfully

2018-06-10 01:50:44 - [TEST_STEP][PASSED] - Statement - batchsize = com.kms.katalon.core.webui.keyword.WebUiBuiltInKeywords.getNumberOfTotalOption(batchlength): 8 options of object '' counted

2018-06-10 01:50:44 - [MESSAGE][PASSED] - 8 options of object '' counted

2018-06-10 01:50:44 - [TEST_STEP][PASSED] - Statement - out.println("BatchSize : " + batchsize): null

2018-06-10 01:50:44 - [TEST_STEP][PASSED] - Statement - For ([n = 1, n <= batchsize - 1, (n++)]): null

2018-06-10 01:50:44 - [TEST_STEP][PASSED] - Statement - product = new com.kms.katalon.core.testobject.TestObject(): null

2018-06-10 01:50:44 - [TEST_STEP][PASSED] - Statement - product = com.kms.katalon.core.webui.keyword.WebUiBuiltInKeywords.modifyObjectProperty(product, "xpath", "equals", "//*[@id = "fldvendor" + row + ""]", true): Modify property of object successfully

2018-06-10 01:50:44 - [MESSAGE][PASSED] - Modify property of object successfully

2018-06-10 01:50:44 - [TEST_STEP][PASSED] - selectOptionByIndex: All options with index in [1] are selected on object ''

2018-06-10 01:50:44 - [MESSAGE][PASSED] - All options with index in [1] are selected on object ''

2018-06-10 01:50:44 - [TEST_STEP][PASSED] - delay: Delayed 2 second(s)

2018-06-10 01:50:46 - [MESSAGE][PASSED] - Delayed 2 second(s)

2018-06-10 01:50:46 - [TEST_STEP][PASSED] - Statement - batch = new com.kms.katalon.core.testobject.TestObject(): null

2018-06-10 01:50:46 - [TEST_STEP][PASSED] - Statement - batch = com.kms.katalon.core.webui.keyword.WebUiBuiltInKeywords.modifyObjectProperty(batch, "xpath", "equals", "//*[@id = "txtbthqty" + row + ""]", true): Modify property of object successfully

2018-06-10 01:50:46 - [MESSAGE][PASSED] - Modify property of object successfully

2018-06-10 01:50:46 - [TEST_STEP][PASSED] - Statement - batchqty = com.kms.katalon.core.webui.keyword.WebUiBuiltInKeywords.getAttribute(batch, "value").trim(): Attribute 'value' of object '' is: '3500'

2018-06-10 01:50:46 - [MESSAGE][PASSED] - Attribute 'value' of object '' is: '3500'

2018-06-10 01:50:46 - [TEST_STEP][PASSED] - Statement - Rqty = 100: null

2018-06-10 01:50:46 - [TEST_STEP][PASSED] - Statement - out.println("BatchQty : " + batchqty): null

2018-06-10 01:50:46 - [TEST_STEP][PASSED] - Statement - out.println("RQty : " + Rqty): null

2018-06-10 01:50:46 - [TEST_STEP][PASSED] - Statement - If (java.lang.Integer.valueOf(batchqty) >= java.lang.Integer.valueOf(Rqty)): null

2018-06-10 01:50:46 - [TEST_STEP][PASSED] - Statement - Break: null

2018-06-10 01:50:46 - [TEST_STEP][PASSED] - Statement - batchlength = new com.kms.katalon.core.testobject.TestObject(): null

2018-06-10 01:50:46 - [TEST_STEP][PASSED] - Statement - batchlength = com.kms.katalon.core.webui.keyword.WebUiBuiltInKeywords.modifyObjectProperty(batchlength, "xpath", "equals", "//*[@id = "fldvendor" + row + ""]", true): Modify property of object successfully

2018-06-10 01:50:46 - [MESSAGE][PASSED] - Modify property of object successfully

2018-06-10 01:50:46 - [TEST_STEP][PASSED] - Statement - batchsize = com.kms.katalon.core.webui.keyword.WebUiBuiltInKeywords.getNumberOfTotalOption(batchlength): 8 options of object '' counted

2018-06-10 01:50:46 - [MESSAGE][PASSED] - 8 options of object '' counted

2018-06-10 01:50:46 - [TEST_STEP][PASSED] - Statement - out.println("BatchSize : " + batchsize): null

2018-06-10 01:50:46 - [TEST_STEP][PASSED] - Statement - For ([n = 1, n <= batchsize - 1, (n++)]): null

2018-06-10 01:50:46 - [TEST_STEP][PASSED] - Statement - product = new com.kms.katalon.core.testobject.TestObject(): null

2018-06-10 01:50:46 - [TEST_STEP][PASSED] - Statement - product = com.kms.katalon.core.webui.keyword.WebUiBuiltInKeywords.modifyObjectProperty(product, "xpath", "equals", "//*[@id = "fldvendor" + row + ""]", true): Modify property of object successfully

2018-06-10 01:50:46 - [MESSAGE][PASSED] - Modify property of object successfully

2018-06-10 01:50:46 - [TEST_STEP][PASSED] - selectOptionByIndex: All options with index in [1] are selected on object ''

2018-06-10 01:50:47 - [MESSAGE][PASSED] - All options with index in [1] are selected on object ''

2018-06-10 01:50:47 - [TEST_STEP][PASSED] - delay: Delayed 2 second(s)

2018-06-10 01:50:49 - [MESSAGE][PASSED] - Delayed 2 second(s)

2018-06-10 01:50:49 - [TEST_STEP][PASSED] - Statement - batch = new com.kms.katalon.core.testobject.TestObject(): null

2018-06-10 01:50:49 - [TEST_STEP][PASSED] - Statement - batch = com.kms.katalon.core.webui.keyword.WebUiBuiltInKeywords.modifyObjectProperty(batch, "xpath", "equals", "//*[@id = "txtbthqty" + row + ""]", true): Modify property of object successfully

2018-06-10 01:50:49 - [MESSAGE][PASSED] - Modify property of object successfully

2018-06-10 01:50:49 - [TEST_STEP][PASSED] - Statement - batchqty = com.kms.katalon.core.webui.keyword.WebUiBuiltInKeywords.getAttribute(batch, "value").trim(): Attribute 'value' of object '' is: '3500'

2018-06-10 01:50:49 - [MESSAGE][PASSED] - Attribute 'value' of object '' is: '3500'

2018-06-10 01:50:49 - [TEST_STEP][PASSED] - Statement - Rqty = 100: null

2018-06-10 01:50:49 - [TEST_STEP][PASSED] - Statement - out.println("BatchQty : " + batchqty): null

2018-06-10 01:50:49 - [TEST_STEP][PASSED] - Statement - out.println("RQty : " + Rqty): null

2018-06-10 01:50:49 - [TEST_STEP][PASSED] - Statement - If (java.lang.Integer.valueOf(batchqty) >= java.lang.Integer.valueOf(Rqty)): null

2018-06-10 01:50:49 - [TEST_STEP][PASSED] - Statement - Break: null

2018-06-10 01:50:49 - [TEST_STEP][PASSED] - Statement - batchlength = new com.kms.katalon.core.testobject.TestObject(): null

2018-06-10 01:50:49 - [TEST_STEP][PASSED] - Statement - batchlength = com.kms.katalon.core.webui.keyword.WebUiBuiltInKeywords.modifyObjectProperty(batchlength, "xpath", "equals", "//*[@id = "fldvendor" + row + ""]", true): Modify property of object successfully

2018-06-10 01:50:49 - [MESSAGE][PASSED] - Modify property of object successfully

2018-06-10 01:50:49 - [TEST_STEP][PASSED] - Statement - batchsize = com.kms.katalon.core.webui.keyword.WebUiBuiltInKeywords.getNumberOfTotalOption(batchlength): 10 options of object '' counted

2018-06-10 01:50:49 - [MESSAGE][PASSED] - 10 options of object '' counted

2018-06-10 01:50:49 - [TEST_STEP][PASSED] - Statement - out.println("BatchSize : " + batchsize): null

2018-06-10 01:50:49 - [TEST_STEP][PASSED] - Statement - For ([n = 1, n <= batchsize - 1, (n++)]): null

2018-06-10 01:50:49 - [TEST_STEP][PASSED] - Statement - product = new com.kms.katalon.core.testobject.TestObject(): null

2018-06-10 01:50:49 - [TEST_STEP][PASSED] - Statement - product = com.kms.katalon.core.webui.keyword.WebUiBuiltInKeywords.modifyObjectProperty(product, "xpath", "equals", "//*[@id = "fldvendor" + row + ""]", true): Modify property of object successfully

2018-06-10 01:50:49 - [MESSAGE][PASSED] - Modify property of object successfully

2018-06-10 01:50:49 - [TEST_STEP][PASSED] - selectOptionByIndex: All options with index in [1] are selected on object ''

2018-06-10 01:50:49 - [MESSAGE][PASSED] - All options with index in [1] are selected on object ''

2018-06-10 01:50:49 - [TEST_STEP][PASSED] - delay: Delayed 2 second(s)

2018-06-10 01:50:51 - [MESSAGE][PASSED] - Delayed 2 second(s)

2018-06-10 01:50:51 - [TEST_STEP][PASSED] - Statement - batch = new com.kms.katalon.core.testobject.TestObject(): null

2018-06-10 01:50:51 - [TEST_STEP][PASSED] - Statement - batch = com.kms.katalon.core.webui.keyword.WebUiBuiltInKeywords.modifyObjectProperty(batch, "xpath", "equals", "//*[@id = "txtbthqty" + row + ""]", true): Modify property of object successfully

2018-06-10 01:50:51 - [MESSAGE][PASSED] - Modify property of object successfully

2018-06-10 01:50:51 - [TEST_STEP][PASSED] - Statement - batchqty = com.kms.katalon.core.webui.keyword.WebUiBuiltInKeywords.getAttribute(batch, "value").trim(): Attribute 'value' of object '' is: '3300'

2018-06-10 01:50:51 - [MESSAGE][PASSED] - Attribute 'value' of object '' is: '3300'

2018-06-10 01:50:51 - [TEST_STEP][PASSED] - Statement - Rqty = 100: null

2018-06-10 01:50:51 - [TEST_STEP][PASSED] - Statement - out.println("BatchQty : " + batchqty): null

2018-06-10 01:50:51 - [TEST_STEP][PASSED] - Statement - out.println("RQty : " + Rqty): null

2018-06-10 01:50:51 - [TEST_STEP][PASSED] - Statement - If (java.lang.Integer.valueOf(batchqty) >= java.lang.Integer.valueOf(Rqty)): null

2018-06-10 01:50:51 - [TEST_STEP][PASSED] - Statement - Break: null

2018-06-10 01:50:51 - [TEST_STEP][PASSED] - Statement - batchlength = new com.kms.katalon.core.testobject.TestObject(): null

2018-06-10 01:50:51 - [TEST_STEP][PASSED] - Statement - batchlength = com.kms.katalon.core.webui.keyword.WebUiBuiltInKeywords.modifyObjectProperty(batchlength, "xpath", "equals", "//*[@id = "fldvendor" + row + ""]", true): Modify property of object successfully

2018-06-10 01:50:51 - [MESSAGE][PASSED] - Modify property of object successfully

2018-06-10 01:50:51 - [TEST_STEP][PASSED] - Statement - batchsize = com.kms.katalon.core.webui.keyword.WebUiBuiltInKeywords.getNumberOfTotalOption(batchlength): 10 options of object '' counted

2018-06-10 01:50:51 - [MESSAGE][PASSED] - 10 options of object '' counted

2018-06-10 01:50:51 - [TEST_STEP][PASSED] - Statement - out.println("BatchSize : " + batchsize): null

2018-06-10 01:50:51 - [TEST_STEP][PASSED] - Statement - For ([n = 1, n <= batchsize - 1, (n++)]): null

2018-06-10 01:50:51 - [TEST_STEP][PASSED] - Statement - product = new com.kms.katalon.core.testobject.TestObject(): null

2018-06-10 01:50:51 - [TEST_STEP][PASSED] - Statement - product = com.kms.katalon.core.webui.keyword.WebUiBuiltInKeywords.modifyObjectProperty(product, "xpath", "equals", "//*[@id = "fldvendor" + row + ""]", true): Modify property of object successfully

2018-06-10 01:50:51 - [MESSAGE][PASSED] - Modify property of object successfully

2018-06-10 01:50:51 - [TEST_STEP][PASSED] - selectOptionByIndex: All options with index in [1] are selected on object ''

2018-06-10 01:50:51 - [MESSAGE][PASSED] - All options with index in [1] are selected on object ''

2018-06-10 01:50:51 - [TEST_STEP][PASSED] - delay: Delayed 2 second(s)

2018-06-10 01:50:53 - [MESSAGE][PASSED] - Delayed 2 second(s)

2018-06-10 01:50:53 - [TEST_STEP][PASSED] - Statement - batch = new com.kms.katalon.core.testobject.TestObject(): null

2018-06-10 01:50:53 - [TEST_STEP][PASSED] - Statement - batch = com.kms.katalon.core.webui.keyword.WebUiBuiltInKeywords.modifyObjectProperty(batch, "xpath", "equals", "//*[@id = "txtbthqty" + row + ""]", true): Modify property of object successfully

2018-06-10 01:50:53 - [MESSAGE][PASSED] - Modify property of object successfully

2018-06-10 01:50:53 - [TEST_STEP][PASSED] - Statement - batchqty = com.kms.katalon.core.webui.keyword.WebUiBuiltInKeywords.getAttribute(batch, "value").trim(): Attribute 'value' of object '' is: '3500'

2018-06-10 01:50:53 - [MESSAGE][PASSED] - Attribute 'value' of object '' is: '3500'

2018-06-10 01:50:53 - [TEST_STEP][PASSED] - Statement - Rqty = 100: null

2018-06-10 01:50:53 - [TEST_STEP][PASSED] - Statement - out.println("BatchQty : " + batchqty): null

2018-06-10 01:50:53 - [TEST_STEP][PASSED] - Statement - out.println("RQty : " + Rqty): null

2018-06-10 01:50:53 - [TEST_STEP][PASSED] - Statement - If (java.lang.Integer.valueOf(batchqty) >= java.lang.Integer.valueOf(Rqty)): null

2018-06-10 01:50:53 - [TEST_STEP][PASSED] - Statement - Break: null

2018-06-10 01:50:53 - [TEST_STEP][PASSED] - Statement - batchlength = new com.kms.katalon.core.testobject.TestObject(): null

2018-06-10 01:50:53 - [TEST_STEP][PASSED] - Statement - batchlength = com.kms.katalon.core.webui.keyword.WebUiBuiltInKeywords.modifyObjectProperty(batchlength, "xpath", "equals", "//*[@id = "fldvendor" + row + ""]", true): Modify property of object successfully

2018-06-10 01:50:53 - [MESSAGE][PASSED] - Modify property of object successfully

2018-06-10 01:50:53 - [TEST_STEP][PASSED] - Statement - batchsize = com.kms.katalon.core.webui.keyword.WebUiBuiltInKeywords.getNumberOfTotalOption(batchlength): 8 options of object '' counted

2018-06-10 01:50:53 - [MESSAGE][PASSED] - 8 options of object '' counted

2018-06-10 01:50:53 - [TEST_STEP][PASSED] - Statement - out.println("BatchSize : " + batchsize): null

2018-06-10 01:50:53 - [TEST_STEP][PASSED] - Statement - For ([n = 1, n <= batchsize - 1, (n++)]): null

2018-06-10 01:50:53 - [TEST_STEP][PASSED] - Statement - product = new com.kms.katalon.core.testobject.TestObject(): null

2018-06-10 01:50:53 - [TEST_STEP][PASSED] - Statement - product = com.kms.katalon.core.webui.keyword.WebUiBuiltInKeywords.modifyObjectProperty(product, "xpath", "equals", "//*[@id = "fldvendor" + row + ""]", true): Modify property of object successfully

2018-06-10 01:50:53 - [MESSAGE][PASSED] - Modify property of object successfully

2018-06-10 01:50:53 - [TEST_STEP][PASSED] - selectOptionByIndex: All options with index in [1] are selected on object ''

2018-06-10 01:50:53 - [MESSAGE][PASSED] - All options with index in [1] are selected on object ''

2018-06-10 01:50:53 - [TEST_STEP][PASSED] - delay: Delayed 2 second(s)

2018-06-10 01:50:55 - [MESSAGE][PASSED] - Delayed 2 second(s)

2018-06-10 01:50:55 - [TEST_STEP][PASSED] - Statement - batch = new com.kms.katalon.core.testobject.TestObject(): null

2018-06-10 01:50:55 - [TEST_STEP][PASSED] - Statement - batch = com.kms.katalon.core.webui.keyword.WebUiBuiltInKeywords.modifyObjectProperty(batch, "xpath", "equals", "//*[@id = "txtbthqty" + row + ""]", true): Modify property of object successfully

2018-06-10 01:50:55 - [MESSAGE][PASSED] - Modify property of object successfully

2018-06-10 01:50:55 - [TEST_STEP][PASSED] - Statement - batchqty = com.kms.katalon.core.webui.keyword.WebUiBuiltInKeywords.getAttribute(batch, "value").trim(): Attribute 'value' of object '' is: '8500'

2018-06-10 01:50:56 - [MESSAGE][PASSED] - Attribute 'value' of object '' is: '8500'

2018-06-10 01:50:56 - [TEST_STEP][PASSED] - Statement - Rqty = 100: null

2018-06-10 01:50:56 - [TEST_STEP][PASSED] - Statement - out.println("BatchQty : " + batchqty): null

2018-06-10 01:50:56 - [TEST_STEP][PASSED] - Statement - out.println("RQty : " + Rqty): null

2018-06-10 01:50:56 - [TEST_STEP][PASSED] - Statement - If (java.lang.Integer.valueOf(batchqty) >= java.lang.Integer.valueOf(Rqty)): null

2018-06-10 01:50:56 - [TEST_STEP][PASSED] - Statement - Break: null

2018-06-10 01:50:56 - [TEST_STEP][PASSED] - Statement - batchlength = new com.kms.katalon.core.testobject.TestObject(): null

2018-06-10 01:50:56 - [TEST_STEP][PASSED] - Statement - batchlength = com.kms.katalon.core.webui.keyword.WebUiBuiltInKeywords.modifyObjectProperty(batchlength, "xpath", "equals", "//*[@id = "fldvendor" + row + ""]", true): Modify property of object successfully

2018-06-10 01:50:56 - [MESSAGE][PASSED] - Modify property of object successfully

2018-06-10 01:50:56 - [TEST_STEP][PASSED] - Statement - batchsize = com.kms.katalon.core.webui.keyword.WebUiBuiltInKeywords.getNumberOfTotalOption(batchlength): 10 options of object '' counted

2018-06-10 01:50:56 - [MESSAGE][PASSED] - 10 options of object '' counted

2018-06-10 01:50:56 - [TEST_STEP][PASSED] - Statement - out.println("BatchSize : " + batchsize): null

2018-06-10 01:50:56 - [TEST_STEP][PASSED] - Statement - For ([n = 1, n <= batchsize - 1, (n++)]): null

2018-06-10 01:50:56 - [TEST_STEP][PASSED] - Statement - product = new com.kms.katalon.core.testobject.TestObject(): null

2018-06-10 01:50:56 - [TEST_STEP][PASSED] - Statement - product = com.kms.katalon.core.webui.keyword.WebUiBuiltInKeywords.modifyObjectProperty(product, "xpath", "equals", "//*[@id = "fldvendor" + row + ""]", true): Modify property of object successfully

2018-06-10 01:50:56 - [MESSAGE][PASSED] - Modify property of object successfully

2018-06-10 01:50:56 - [TEST_STEP][PASSED] - selectOptionByIndex: All options with index in [1] are selected on object ''

2018-06-10 01:50:56 - [MESSAGE][PASSED] - All options with index in [1] are selected on object ''

2018-06-10 01:50:56 - [TEST_STEP][PASSED] - delay: Delayed 2 second(s)

2018-06-10 01:50:58 - [MESSAGE][PASSED] - Delayed 2 second(s)

2018-06-10 01:50:58 - [TEST_STEP][PASSED] - Statement - batch = new com.kms.katalon.core.testobject.TestObject(): null

2018-06-10 01:50:58 - [TEST_STEP][PASSED] - Statement - batch = com.kms.katalon.core.webui.keyword.WebUiBuiltInKeywords.modifyObjectProperty(batch, "xpath", "equals", "//*[@id = "txtbthqty" + row + ""]", true): Modify property of object successfully

2018-06-10 01:50:58 - [MESSAGE][PASSED] - Modify property of object successfully

2018-06-10 01:50:58 - [TEST_STEP][PASSED] - Statement - batchqty = com.kms.katalon.core.webui.keyword.WebUiBuiltInKeywords.getAttribute(batch, "value").trim(): Attribute 'value' of object '' is: '3300'

2018-06-10 01:50:58 - [MESSAGE][PASSED] - Attribute 'value' of object '' is: '3300'

2018-06-10 01:50:58 - [TEST_STEP][PASSED] - Statement - Rqty = 100: null

2018-06-10 01:50:58 - [TEST_STEP][PASSED] - Statement - out.println("BatchQty : " + batchqty): null

2018-06-10 01:50:58 - [TEST_STEP][PASSED] - Statement - out.println("RQty : " + Rqty): null

2018-06-10 01:50:58 - [TEST_STEP][PASSED] - Statement - If (java.lang.Integer.valueOf(batchqty) >= java.lang.Integer.valueOf(Rqty)): null

2018-06-10 01:50:58 - [TEST_STEP][PASSED] - Statement - Break: null

2018-06-10 01:50:58 - [TEST_STEP][PASSED] - Statement - batchlength = new com.kms.katalon.core.testobject.TestObject(): null

2018-06-10 01:50:58 - [TEST_STEP][PASSED] - Statement - batchlength = com.kms.katalon.core.webui.keyword.WebUiBuiltInKeywords.modifyObjectProperty(batchlength, "xpath", "equals", "//*[@id = "fldvendor" + row + ""]", true): Modify property of object successfully

2018-06-10 01:50:58 - [MESSAGE][PASSED] - Modify property of object successfully

2018-06-10 01:50:58 - [TEST_STEP][PASSED] - Statement - batchsize = com.kms.katalon.core.webui.keyword.WebUiBuiltInKeywords.getNumberOfTotalOption(batchlength): 10 options of object '' counted

2018-06-10 01:50:58 - [MESSAGE][PASSED] - 10 options of object '' counted

2018-06-10 01:50:58 - [TEST_STEP][PASSED] - Statement - out.println("BatchSize : " + batchsize): null

2018-06-10 01:50:58 - [TEST_STEP][PASSED] - Statement - For ([n = 1, n <= batchsize - 1, (n++)]): null

2018-06-10 01:50:58 - [TEST_STEP][PASSED] - Statement - product = new com.kms.katalon.core.testobject.TestObject(): null

2018-06-10 01:50:58 - [TEST_STEP][PASSED] - Statement - product = com.kms.katalon.core.webui.keyword.WebUiBuiltInKeywords.modifyObjectProperty(product, "xpath", "equals", "//*[@id = "fldvendor" + row + ""]", true): Modify property of object successfully

2018-06-10 01:50:58 - [MESSAGE][PASSED] - Modify property of object successfully

2018-06-10 01:50:58 - [TEST_STEP][PASSED] - selectOptionByIndex: All options with index in [1] are selected on object ''

2018-06-10 01:50:58 - [MESSAGE][PASSED] - All options with index in [1] are selected on object ''

2018-06-10 01:50:58 - [TEST_STEP][PASSED] - delay: Delayed 2 second(s)

2018-06-10 01:51:00 - [MESSAGE][PASSED] - Delayed 2 second(s)

2018-06-10 01:51:00 - [TEST_STEP][PASSED] - Statement - batch = new com.kms.katalon.core.testobject.TestObject(): null

2018-06-10 01:51:00 - [TEST_STEP][PASSED] - Statement - batch = com.kms.katalon.core.webui.keyword.WebUiBuiltInKeywords.modifyObjectProperty(batch, "xpath", "equals", "//*[@id = "txtbthqty" + row + ""]", true): Modify property of object successfully

2018-06-10 01:51:00 - [MESSAGE][PASSED] - Modify property of object successfully

2018-06-10 01:51:00 - [TEST_STEP][PASSED] - Statement - batchqty = com.kms.katalon.core.webui.keyword.WebUiBuiltInKeywords.getAttribute(batch, "value").trim(): Attribute 'value' of object '' is: '4100'

2018-06-10 01:51:00 - [MESSAGE][PASSED] - Attribute 'value' of object '' is: '4100'

2018-06-10 01:51:00 - [TEST_STEP][PASSED] - Statement - Rqty = 100: null

2018-06-10 01:51:00 - [TEST_STEP][PASSED] - Statement - out.println("BatchQty : " + batchqty): null

2018-06-10 01:51:00 - [TEST_STEP][PASSED] - Statement - out.println("RQty : " + Rqty): null

2018-06-10 01:51:00 - [TEST_STEP][PASSED] - Statement - If (java.lang.Integer.valueOf(batchqty) >= java.lang.Integer.valueOf(Rqty)): null

2018-06-10 01:51:00 - [TEST_STEP][PASSED] - Statement - Break: null

2018-06-10 01:51:00 - [TEST_STEP][PASSED] - Statement - batchlength = new com.kms.katalon.core.testobject.TestObject(): null

2018-06-10 01:51:00 - [TEST_STEP][PASSED] - Statement - batchlength = com.kms.katalon.core.webui.keyword.WebUiBuiltInKeywords.modifyObjectProperty(batchlength, "xpath", "equals", "//*[@id = "fldvendor" + row + ""]", true): Modify property of object successfully

2018-06-10 01:51:00 - [MESSAGE][PASSED] - Modify property of object successfully

2018-06-10 01:51:00 - [TEST_STEP][PASSED] - Statement - batchsize = com.kms.katalon.core.webui.keyword.WebUiBuiltInKeywords.getNumberOfTotalOption(batchlength): 10 options of object '' counted

2018-06-10 01:51:00 - [MESSAGE][PASSED] - 10 options of object '' counted

2018-06-10 01:51:00 - [TEST_STEP][PASSED] - Statement - out.println("BatchSize : " + batchsize): null

2018-06-10 01:51:00 - [TEST_STEP][PASSED] - Statement - For ([n = 1, n <= batchsize - 1, (n++)]): null

2018-06-10 01:51:00 - [TEST_STEP][PASSED] - Statement - product = new com.kms.katalon.core.testobject.TestObject(): null

2018-06-10 01:51:00 - [TEST_STEP][PASSED] - Statement - product = com.kms.katalon.core.webui.keyword.WebUiBuiltInKeywords.modifyObjectProperty(product, "xpath", "equals", "//*[@id = "fldvendor" + row + ""]", true): Modify property of object successfully

2018-06-10 01:51:00 - [MESSAGE][PASSED] - Modify property of object successfully

2018-06-10 01:51:00 - [TEST_STEP][PASSED] - selectOptionByIndex: All options with index in [1] are selected on object ''

2018-06-10 01:51:00 - [MESSAGE][PASSED] - All options with index in [1] are selected on object ''

2018-06-10 01:51:00 - [TEST_STEP][PASSED] - delay: Delayed 2 second(s)

2018-06-10 01:51:02 - [MESSAGE][PASSED] - Delayed 2 second(s)

2018-06-10 01:51:02 - [TEST_STEP][PASSED] - Statement - batch = new com.kms.katalon.core.testobject.TestObject(): null

2018-06-10 01:51:02 - [TEST_STEP][PASSED] - Statement - batch = com.kms.katalon.core.webui.keyword.WebUiBuiltInKeywords.modifyObjectProperty(batch, "xpath", "equals", "//*[@id = "txtbthqty" + row + ""]", true): Modify property of object successfully

2018-06-10 01:51:02 - [MESSAGE][PASSED] - Modify property of object successfully

2018-06-10 01:51:02 - [TEST_STEP][PASSED] - Statement - batchqty = com.kms.katalon.core.webui.keyword.WebUiBuiltInKeywords.getAttribute(batch, "value").trim(): Attribute 'value' of object '' is: '3300'

2018-06-10 01:51:02 - [MESSAGE][PASSED] - Attribute 'value' of object '' is: '3300'

2018-06-10 01:51:02 - [TEST_STEP][PASSED] - Statement - Rqty = 100: null

2018-06-10 01:51:02 - [TEST_STEP][PASSED] - Statement - out.println("BatchQty : " + batchqty): null

2018-06-10 01:51:02 - [TEST_STEP][PASSED] - Statement - out.println("RQty : " + Rqty): null

2018-06-10 01:51:02 - [TEST_STEP][PASSED] - Statement - If (java.lang.Integer.valueOf(batchqty) >= java.lang.Integer.valueOf(Rqty)): null

2018-06-10 01:51:02 - [TEST_STEP][PASSED] - Statement - Break: null

2018-06-10 01:51:02 - [TEST_STEP][PASSED] - Statement - batchlength = new com.kms.katalon.core.testobject.TestObject(): null

2018-06-10 01:51:02 - [TEST_STEP][PASSED] - Statement - batchlength = com.kms.katalon.core.webui.keyword.WebUiBuiltInKeywords.modifyObjectProperty(batchlength, "xpath", "equals", "//*[@id = "fldvendor" + row + ""]", true): Modify property of object successfully

2018-06-10 01:51:02 - [MESSAGE][PASSED] - Modify property of object successfully

2018-06-10 01:51:02 - [TEST_STEP][PASSED] - Statement - batchsize = com.kms.katalon.core.webui.keyword.WebUiBuiltInKeywords.getNumberOfTotalOption(batchlength): 10 options of object '' counted

2018-06-10 01:51:02 - [MESSAGE][PASSED] - 10 options of object '' counted

2018-06-10 01:51:02 - [TEST_STEP][PASSED] - Statement - out.println("BatchSize : " + batchsize): null

2018-06-10 01:51:02 - [TEST_STEP][PASSED] - Statement - For ([n = 1, n <= batchsize - 1, (n++)]): null

2018-06-10 01:51:02 - [TEST_STEP][PASSED] - Statement - product = new com.kms.katalon.core.testobject.TestObject(): null

2018-06-10 01:51:02 - [TEST_STEP][PASSED] - Statement - product = com.kms.katalon.core.webui.keyword.WebUiBuiltInKeywords.modifyObjectProperty(product, "xpath", "equals", "//*[@id = "fldvendor" + row + ""]", true): Modify property of object successfully

2018-06-10 01:51:02 - [MESSAGE][PASSED] - Modify property of object successfully

2018-06-10 01:51:02 - [TEST_STEP][PASSED] - selectOptionByIndex: All options with index in [1] are selected on object ''

2018-06-10 01:51:03 - [MESSAGE][PASSED] - All options with index in [1] are selected on object ''

2018-06-10 01:51:03 - [TEST_STEP][PASSED] - delay: Delayed 2 second(s)

2018-06-10 01:51:05 - [MESSAGE][PASSED] - Delayed 2 second(s)

2018-06-10 01:51:05 - [TEST_STEP][PASSED] - Statement - batch = new com.kms.katalon.core.testobject.TestObject(): null

2018-06-10 01:51:05 - [TEST_STEP][PASSED] - Statement - batch = com.kms.katalon.core.webui.keyword.WebUiBuiltInKeywords.modifyObjectProperty(batch, "xpath", "equals", "//*[@id = "txtbthqty" + row + ""]", true): Modify property of object successfully

2018-06-10 01:51:05 - [MESSAGE][PASSED] - Modify property of object successfully

2018-06-10 01:51:05 - [TEST_STEP][PASSED] - Statement - batchqty = com.kms.katalon.core.webui.keyword.WebUiBuiltInKeywords.getAttribute(batch, "value").trim(): Attribute 'value' of object '' is: '3300'

2018-06-10 01:51:05 - [MESSAGE][PASSED] - Attribute 'value' of object '' is: '3300'

2018-06-10 01:51:05 - [TEST_STEP][PASSED] - Statement - Rqty = 100: null

2018-06-10 01:51:05 - [TEST_STEP][PASSED] - Statement - out.println("BatchQty : " + batchqty): null

2018-06-10 01:51:05 - [TEST_STEP][PASSED] - Statement - out.println("RQty : " + Rqty): null

2018-06-10 01:51:05 - [TEST_STEP][PASSED] - Statement - If (java.lang.Integer.valueOf(batchqty) >= java.lang.Integer.valueOf(Rqty)): null

2018-06-10 01:51:05 - [TEST_STEP][PASSED] - Statement - Break: null

2018-06-10 01:51:05 - [TEST_STEP][PASSED] - Statement - batchlength = new com.kms.katalon.core.testobject.TestObject(): null

2018-06-10 01:51:05 - [TEST_STEP][PASSED] - Statement - batchlength = com.kms.katalon.core.webui.keyword.WebUiBuiltInKeywords.modifyObjectProperty(batchlength, "xpath", "equals", "//*[@id = "fldvendor" + row + ""]", true): Modify property of object successfully

2018-06-10 01:51:05 - [MESSAGE][PASSED] - Modify property of object successfully

2018-06-10 01:51:05 - [TEST_STEP][PASSED] - Statement - batchsize = com.kms.katalon.core.webui.keyword.WebUiBuiltInKeywords.getNumberOfTotalOption(batchlength): 10 options of object '' counted

2018-06-10 01:51:05 - [MESSAGE][PASSED] - 10 options of object '' counted

2018-06-10 01:51:05 - [TEST_STEP][PASSED] - Statement - out.println("BatchSize : " + batchsize): null

2018-06-10 01:51:05 - [TEST_STEP][PASSED] - Statement - For ([n = 1, n <= batchsize - 1, (n++)]): null

2018-06-10 01:51:05 - [TEST_STEP][PASSED] - Statement - product = new com.kms.katalon.core.testobject.TestObject(): null

2018-06-10 01:51:05 - [TEST_STEP][PASSED] - Statement - product = com.kms.katalon.core.webui.keyword.WebUiBuiltInKeywords.modifyObjectProperty(product, "xpath", "equals", "//*[@id = "fldvendor" + row + ""]", true): Modify property of object successfully

2018-06-10 01:51:05 - [MESSAGE][PASSED] - Modify property of object successfully

2018-06-10 01:51:05 - [TEST_STEP][PASSED] - selectOptionByIndex: All options with index in [1] are selected on object ''

2018-06-10 01:51:05 - [MESSAGE][PASSED] - All options with index in [1] are selected on object ''

2018-06-10 01:51:05 - [TEST_STEP][PASSED] - delay: Delayed 2 second(s)

2018-06-10 01:51:07 - [MESSAGE][PASSED] - Delayed 2 second(s)

2018-06-10 01:51:07 - [TEST_STEP][PASSED] - Statement - batch = new com.kms.katalon.core.testobject.TestObject(): null

2018-06-10 01:51:07 - [TEST_STEP][PASSED] - Statement - batch = com.kms.katalon.core.webui.keyword.WebUiBuiltInKeywords.modifyObjectProperty(batch, "xpath", "equals", "//*[@id = "txtbthqty" + row + ""]", true): Modify property of object successfully

2018-06-10 01:51:07 - [MESSAGE][PASSED] - Modify property of object successfully

2018-06-10 01:51:07 - [TEST_STEP][PASSED] - Statement - batchqty = com.kms.katalon.core.webui.keyword.WebUiBuiltInKeywords.getAttribute(batch, "value").trim(): Attribute 'value' of object '' is: '3500'

2018-06-10 01:51:07 - [MESSAGE][PASSED] - Attribute 'value' of object '' is: '3500'

2018-06-10 01:51:07 - [TEST_STEP][PASSED] - Statement - Rqty = 100: null

2018-06-10 01:51:07 - [TEST_STEP][PASSED] - Statement - out.println("BatchQty : " + batchqty): null

2018-06-10 01:51:07 - [TEST_STEP][PASSED] - Statement - out.println("RQty : " + Rqty): null

2018-06-10 01:51:07 - [TEST_STEP][PASSED] - Statement - If (java.lang.Integer.valueOf(batchqty) >= java.lang.Integer.valueOf(Rqty)): null

2018-06-10 01:51:07 - [TEST_STEP][PASSED] - Statement - Break: null

2018-06-10 01:51:07 - [TEST_STEP][PASSED] - Statement - batchlength = new com.kms.katalon.core.testobject.TestObject(): null

2018-06-10 01:51:07 - [TEST_STEP][PASSED] - Statement - batchlength = com.kms.katalon.core.webui.keyword.WebUiBuiltInKeywords.modifyObjectProperty(batchlength, "xpath", "equals", "//*[@id = "fldvendor" + row + ""]", true): Modify property of object successfully

2018-06-10 01:51:07 - [MESSAGE][PASSED] - Modify property of object successfully

2018-06-10 01:51:07 - [TEST_STEP][PASSED] - Statement - batchsize = com.kms.katalon.core.webui.keyword.WebUiBuiltInKeywords.getNumberOfTotalOption(batchlength): 10 options of object '' counted

2018-06-10 01:51:07 - [MESSAGE][PASSED] - 10 options of object '' counted

2018-06-10 01:51:07 - [TEST_STEP][PASSED] - Statement - out.println("BatchSize : " + batchsize): null

2018-06-10 01:51:07 - [TEST_STEP][PASSED] - Statement - For ([n = 1, n <= batchsize - 1, (n++)]): null

2018-06-10 01:51:07 - [TEST_STEP][PASSED] - Statement - product = new com.kms.katalon.core.testobject.TestObject(): null

2018-06-10 01:51:07 - [TEST_STEP][PASSED] - Statement - product = com.kms.katalon.core.webui.keyword.WebUiBuiltInKeywords.modifyObjectProperty(product, "xpath", "equals", "//*[@id = "fldvendor" + row + ""]", true): Modify property of object successfully

2018-06-10 01:51:07 - [MESSAGE][PASSED] - Modify property of object successfully

2018-06-10 01:51:07 - [TEST_STEP][PASSED] - selectOptionByIndex: All options with index in [1] are selected on object ''

2018-06-10 01:51:07 - [MESSAGE][PASSED] - All options with index in [1] are selected on object ''

2018-06-10 01:51:07 - [TEST_STEP][PASSED] - delay: Delayed 2 second(s)

2018-06-10 01:51:09 - [MESSAGE][PASSED] - Delayed 2 second(s)

2018-06-10 01:51:09 - [TEST_STEP][PASSED] - Statement - batch = new com.kms.katalon.core.testobject.TestObject(): null

2018-06-10 01:51:09 - [TEST_STEP][PASSED] - Statement - batch = com.kms.katalon.core.webui.keyword.WebUiBuiltInKeywords.modifyObjectProperty(batch, "xpath", "equals", "//*[@id = "txtbthqty" + row + ""]", true): Modify property of object successfully

2018-06-10 01:51:09 - [MESSAGE][PASSED] - Modify property of object successfully

2018-06-10 01:51:09 - [TEST_STEP][PASSED] - Statement - batchqty = com.kms.katalon.core.webui.keyword.WebUiBuiltInKeywords.getAttribute(batch, "value").trim(): Attribute 'value' of object '' is: '4400'

2018-06-10 01:51:09 - [MESSAGE][PASSED] - Attribute 'value' of object '' is: '4400'

2018-06-10 01:51:09 - [TEST_STEP][PASSED] - Statement - Rqty = 100: null

2018-06-10 01:51:09 - [TEST_STEP][PASSED] - Statement - out.println("BatchQty : " + batchqty): null

2018-06-10 01:51:09 - [TEST_STEP][PASSED] - Statement - out.println("RQty : " + Rqty): null

2018-06-10 01:51:09 - [TEST_STEP][PASSED] - Statement - If (java.lang.Integer.valueOf(batchqty) >= java.lang.Integer.valueOf(Rqty)): null

2018-06-10 01:51:09 - [TEST_STEP][PASSED] - Statement - Break: null

2018-06-10 01:51:09 - [TEST_STEP][PASSED] - Statement - batchlength = new com.kms.katalon.core.testobject.TestObject(): null

2018-06-10 01:51:09 - [TEST_STEP][PASSED] - Statement - batchlength = com.kms.katalon.core.webui.keyword.WebUiBuiltInKeywords.modifyObjectProperty(batchlength, "xpath", "equals", "//*[@id = "fldvendor" + row + ""]", true): Modify property of object successfully

2018-06-10 01:51:09 - [MESSAGE][PASSED] - Modify property of object successfully

2018-06-10 01:51:09 - [TEST_STEP][PASSED] - Statement - batchsize = com.kms.katalon.core.webui.keyword.WebUiBuiltInKeywords.getNumberOfTotalOption(batchlength): 9 options of object '' counted

2018-06-10 01:51:09 - [MESSAGE][PASSED] - 9 options of object '' counted

2018-06-10 01:51:09 - [TEST_STEP][PASSED] - Statement - out.println("BatchSize : " + batchsize): null

2018-06-10 01:51:09 - [TEST_STEP][PASSED] - Statement - For ([n = 1, n <= batchsize - 1, (n++)]): null

2018-06-10 01:51:09 - [TEST_STEP][PASSED] - Statement - product = new com.kms.katalon.core.testobject.TestObject(): null

2018-06-10 01:51:09 - [TEST_STEP][PASSED] - Statement - product = com.kms.katalon.core.webui.keyword.WebUiBuiltInKeywords.modifyObjectProperty(product, "xpath", "equals", "//*[@id = "fldvendor" + row + ""]", true): Modify property of object successfully

2018-06-10 01:51:09 - [MESSAGE][PASSED] - Modify property of object successfully

2018-06-10 01:51:09 - [TEST_STEP][PASSED] - selectOptionByIndex: All options with index in [1] are selected on object ''

2018-06-10 01:51:09 - [MESSAGE][PASSED] - All options with index in [1] are selected on object ''

2018-06-10 01:51:09 - [TEST_STEP][PASSED] - delay: Delayed 2 second(s)

2018-06-10 01:51:11 - [MESSAGE][PASSED] - Delayed 2 second(s)

2018-06-10 01:51:11 - [TEST_STEP][PASSED] - Statement - batch = new com.kms.katalon.core.testobject.TestObject(): null

2018-06-10 01:51:11 - [TEST_STEP][PASSED] - Statement - batch = com.kms.katalon.core.webui.keyword.WebUiBuiltInKeywords.modifyObjectProperty(batch, "xpath", "equals", "//*[@id = "txtbthqty" + row + ""]", true): Modify property of object successfully

2018-06-10 01:51:11 - [MESSAGE][PASSED] - Modify property of object successfully

2018-06-10 01:51:11 - [TEST_STEP][PASSED] - Statement - batchqty = com.kms.katalon.core.webui.keyword.WebUiBuiltInKeywords.getAttribute(batch, "value").trim(): Attribute 'value' of object '' is: '4400'

2018-06-10 01:51:11 - [MESSAGE][PASSED] - Attribute 'value' of object '' is: '4400'

2018-06-10 01:51:11 - [TEST_STEP][PASSED] - Statement - Rqty = 100: null

2018-06-10 01:51:11 - [TEST_STEP][PASSED] - Statement - out.println("BatchQty : " + batchqty): null

2018-06-10 01:51:11 - [TEST_STEP][PASSED] - Statement - out.println("RQty : " + Rqty): null

2018-06-10 01:51:11 - [TEST_STEP][PASSED] - Statement - If (java.lang.Integer.valueOf(batchqty) >= java.lang.Integer.valueOf(Rqty)): null

2018-06-10 01:51:11 - [TEST_STEP][PASSED] - Statement - Break: null

2018-06-10 01:51:11 - [TEST_STEP][PASSED] - Statement - batchlength = new com.kms.katalon.core.testobject.TestObject(): null

2018-06-10 01:51:11 - [TEST_STEP][PASSED] - Statement - batchlength = com.kms.katalon.core.webui.keyword.WebUiBuiltInKeywords.modifyObjectProperty(batchlength, "xpath", "equals", "//*[@id = "fldvendor" + row + ""]", true): Modify property of object successfully

2018-06-10 01:51:11 - [MESSAGE][PASSED] - Modify property of object successfully

2018-06-10 01:51:11 - [TEST_STEP][PASSED] - Statement - batchsize = com.kms.katalon.core.webui.keyword.WebUiBuiltInKeywords.getNumberOfTotalOption(batchlength): 9 options of object '' counted

2018-06-10 01:51:12 - [MESSAGE][PASSED] - 9 options of object '' counted

2018-06-10 01:51:12 - [TEST_STEP][PASSED] - Statement - out.println("BatchSize : " + batchsize): null

2018-06-10 01:51:12 - [TEST_STEP][PASSED] - Statement - For ([n = 1, n <= batchsize - 1, (n++)]): null

2018-06-10 01:51:12 - [TEST_STEP][PASSED] - Statement - product = new com.kms.katalon.core.testobject.TestObject(): null

2018-06-10 01:51:12 - [TEST_STEP][PASSED] - Statement - product = com.kms.katalon.core.webui.keyword.WebUiBuiltInKeywords.modifyObjectProperty(product, "xpath", "equals", "//*[@id = "fldvendor" + row + ""]", true): Modify property of object successfully

2018-06-10 01:51:12 - [MESSAGE][PASSED] - Modify property of object successfully

2018-06-10 01:51:12 - [TEST_STEP][PASSED] - selectOptionByIndex: All options with index in [1] are selected on object ''

2018-06-10 01:51:12 - [MESSAGE][PASSED] - All options with index in [1] are selected on object ''

2018-06-10 01:51:12 - [TEST_STEP][PASSED] - delay: Delayed 2 second(s)

2018-06-10 01:51:14 - [MESSAGE][PASSED] - Delayed 2 second(s)

2018-06-10 01:51:14 - [TEST_STEP][PASSED] - Statement - batch = new com.kms.katalon.core.testobject.TestObject(): null

2018-06-10 01:51:14 - [TEST_STEP][PASSED] - Statement - batch = com.kms.katalon.core.webui.keyword.WebUiBuiltInKeywords.modifyObjectProperty(batch, "xpath", "equals", "//*[@id = "txtbthqty" + row + ""]", true): Modify property of object successfully

2018-06-10 01:51:14 - [MESSAGE][PASSED] - Modify property of object successfully

2018-06-10 01:51:14 - [TEST_STEP][PASSED] - Statement - batchqty = com.kms.katalon.core.webui.keyword.WebUiBuiltInKeywords.getAttribute(batch, "value").trim(): Attribute 'value' of object '' is: '3500'

2018-06-10 01:51:14 - [MESSAGE][PASSED] - Attribute 'value' of object '' is: '3500'

2018-06-10 01:51:14 - [TEST_STEP][PASSED] - Statement - Rqty = 100: null

2018-06-10 01:51:14 - [TEST_STEP][PASSED] - Statement - out.println("BatchQty : " + batchqty): null

2018-06-10 01:51:14 - [TEST_STEP][PASSED] - Statement - out.println("RQty : " + Rqty): null

2018-06-10 01:51:14 - [TEST_STEP][PASSED] - Statement - If (java.lang.Integer.valueOf(batchqty) >= java.lang.Integer.valueOf(Rqty)): null

2018-06-10 01:51:14 - [TEST_STEP][PASSED] - Statement - Break: null

2018-06-10 01:51:14 - [TEST_STEP][PASSED] - Statement - batchlength = new com.kms.katalon.core.testobject.TestObject(): null

2018-06-10 01:51:14 - [TEST_STEP][PASSED] - Statement - batchlength = com.kms.katalon.core.webui.keyword.WebUiBuiltInKeywords.modifyObjectProperty(batchlength, "xpath", "equals", "//*[@id = "fldvendor" + row + ""]", true): Modify property of object successfully

2018-06-10 01:51:14 - [MESSAGE][PASSED] - Modify property of object successfully

2018-06-10 01:51:14 - [TEST_STEP][PASSED] - Statement - batchsize = com.kms.katalon.core.webui.keyword.WebUiBuiltInKeywords.getNumberOfTotalOption(batchlength): 9 options of object '' counted

2018-06-10 01:51:14 - [MESSAGE][PASSED] - 9 options of object '' counted

2018-06-10 01:51:14 - [TEST_STEP][PASSED] - Statement - out.println("BatchSize : " + batchsize): null

2018-06-10 01:51:14 - [TEST_STEP][PASSED] - Statement - For ([n = 1, n <= batchsize - 1, (n++)]): null

2018-06-10 01:51:14 - [TEST_STEP][PASSED] - Statement - product = new com.kms.katalon.core.testobject.TestObject(): null

2018-06-10 01:51:14 - [TEST_STEP][PASSED] - Statement - product = com.kms.katalon.core.webui.keyword.WebUiBuiltInKeywords.modifyObjectProperty(product, "xpath", "equals", "//*[@id = "fldvendor" + row + ""]", true): Modify property of object successfully

2018-06-10 01:51:14 - [MESSAGE][PASSED] - Modify property of object successfully

2018-06-10 01:51:14 - [TEST_STEP][PASSED] - selectOptionByIndex: All options with index in [1] are selected on object ''

2018-06-10 01:51:14 - [MESSAGE][PASSED] - All options with index in [1] are selected on object ''

2018-06-10 01:51:14 - [TEST_STEP][PASSED] - delay: Delayed 2 second(s)

2018-06-10 01:51:16 - [MESSAGE][PASSED] - Delayed 2 second(s)

2018-06-10 01:51:16 - [TEST_STEP][PASSED] - Statement - batch = new com.kms.katalon.core.testobject.TestObject(): null

2018-06-10 01:51:16 - [TEST_STEP][PASSED] - Statement - batch = com.kms.katalon.core.webui.keyword.WebUiBuiltInKeywords.modifyObjectProperty(batch, "xpath", "equals", "//*[@id = "txtbthqty" + row + ""]", true): Modify property of object successfully

2018-06-10 01:51:16 - [MESSAGE][PASSED] - Modify property of object successfully

2018-06-10 01:51:16 - [TEST_STEP][PASSED] - Statement - batchqty = com.kms.katalon.core.webui.keyword.WebUiBuiltInKeywords.getAttribute(batch, "value").trim(): Attribute 'value' of object '' is: '3300'

2018-06-10 01:51:16 - [MESSAGE][PASSED] - Attribute 'value' of object '' is: '3300'

2018-06-10 01:51:16 - [TEST_STEP][PASSED] - Statement - Rqty = 100: null

2018-06-10 01:51:16 - [TEST_STEP][PASSED] - Statement - out.println("BatchQty : " + batchqty): null

2018-06-10 01:51:16 - [TEST_STEP][PASSED] - Statement - out.println("RQty : " + Rqty): null

2018-06-10 01:51:16 - [TEST_STEP][PASSED] - Statement - If (java.lang.Integer.valueOf(batchqty) >= java.lang.Integer.valueOf(Rqty)): null

2018-06-10 01:51:16 - [TEST_STEP][PASSED] - Statement - Break: null

2018-06-10 01:51:16 - [TEST_STEP][PASSED] - Statement - batchlength = new com.kms.katalon.core.testobject.TestObject(): null

2018-06-10 01:51:16 - [TEST_STEP][PASSED] - Statement - batchlength = com.kms.katalon.core.webui.keyword.WebUiBuiltInKeywords.modifyObjectProperty(batchlength, "xpath", "equals", "//*[@id = "fldvendor" + row + ""]", true): Modify property of object successfully

2018-06-10 01:51:16 - [MESSAGE][PASSED] - Modify property of object successfully

2018-06-10 01:51:16 - [TEST_STEP][PASSED] - Statement - batchsize = com.kms.katalon.core.webui.keyword.WebUiBuiltInKeywords.getNumberOfTotalOption(batchlength): 9 options of object '' counted

2018-06-10 01:51:16 - [MESSAGE][PASSED] - 9 options of object '' counted

2018-06-10 01:51:16 - [TEST_STEP][PASSED] - Statement - out.println("BatchSize : " + batchsize): null

2018-06-10 01:51:16 - [TEST_STEP][PASSED] - Statement - For ([n = 1, n <= batchsize - 1, (n++)]): null

2018-06-10 01:51:16 - [TEST_STEP][PASSED] - Statement - product = new com.kms.katalon.core.testobject.TestObject(): null

2018-06-10 01:51:16 - [TEST_STEP][PASSED] - Statement - product = com.kms.katalon.core.webui.keyword.WebUiBuiltInKeywords.modifyObjectProperty(product, "xpath", "equals", "//*[@id = "fldvendor" + row + ""]", true): Modify property of object successfully

2018-06-10 01:51:16 - [MESSAGE][PASSED] - Modify property of object successfully

2018-06-10 01:51:16 - [TEST_STEP][PASSED] - selectOptionByIndex: All options with index in [1] are selected on object ''

2018-06-10 01:51:16 - [MESSAGE][PASSED] - All options with index in [1] are selected on object ''

2018-06-10 01:51:16 - [TEST_STEP][PASSED] - delay: Delayed 2 second(s)

2018-06-10 01:51:18 - [MESSAGE][PASSED] - Delayed 2 second(s)

2018-06-10 01:51:18 - [TEST_STEP][PASSED] - Statement - batch = new com.kms.katalon.core.testobject.TestObject(): null

2018-06-10 01:51:18 - [TEST_STEP][PASSED] - Statement - batch = com.kms.katalon.core.webui.keyword.WebUiBuiltInKeywords.modifyObjectProperty(batch, "xpath", "equals", "//*[@id = "txtbthqty" + row + ""]", true): Modify property of object successfully

2018-06-10 01:51:18 - [MESSAGE][PASSED] - Modify property of object successfully

2018-06-10 01:51:18 - [TEST_STEP][PASSED] - Statement - batchqty = com.kms.katalon.core.webui.keyword.WebUiBuiltInKeywords.getAttribute(batch, "value").trim(): Attribute 'value' of object '' is: '4100'

2018-06-10 01:51:18 - [MESSAGE][PASSED] - Attribute 'value' of object '' is: '4100'

2018-06-10 01:51:18 - [TEST_STEP][PASSED] - Statement - Rqty = 100: null

2018-06-10 01:51:18 - [TEST_STEP][PASSED] - Statement - out.println("BatchQty : " + batchqty): null

2018-06-10 01:51:18 - [TEST_STEP][PASSED] - Statement - out.println("RQty : " + Rqty): null

2018-06-10 01:51:18 - [TEST_STEP][PASSED] - Statement - If (java.lang.Integer.valueOf(batchqty) >= java.lang.Integer.valueOf(Rqty)): null

2018-06-10 01:51:18 - [TEST_STEP][PASSED] - Statement - Break: null

2018-06-10 01:51:18 - [TEST_STEP][PASSED] - Statement - batchlength = new com.kms.katalon.core.testobject.TestObject(): null

2018-06-10 01:51:18 - [TEST_STEP][PASSED] - Statement - batchlength = com.kms.katalon.core.webui.keyword.WebUiBuiltInKeywords.modifyObjectProperty(batchlength, "xpath", "equals", "//*[@id = "fldvendor" + row + ""]", true): Modify property of object successfully

2018-06-10 01:51:18 - [MESSAGE][PASSED] - Modify property of object successfully

2018-06-10 01:51:18 - [TEST_STEP][PASSED] - Statement - batchsize = com.kms.katalon.core.webui.keyword.WebUiBuiltInKeywords.getNumberOfTotalOption(batchlength): 9 options of object '' counted

2018-06-10 01:51:18 - [MESSAGE][PASSED] - 9 options of object '' counted

2018-06-10 01:51:18 - [TEST_STEP][PASSED] - Statement - out.println("BatchSize : " + batchsize): null

2018-06-10 01:51:18 - [TEST_STEP][PASSED] - Statement - For ([n = 1, n <= batchsize - 1, (n++)]): null

2018-06-10 01:51:18 - [TEST_STEP][PASSED] - Statement - product = new com.kms.katalon.core.testobject.TestObject(): null

2018-06-10 01:51:18 - [TEST_STEP][PASSED] - Statement - product = com.kms.katalon.core.webui.keyword.WebUiBuiltInKeywords.modifyObjectProperty(product, "xpath", "equals", "//*[@id = "fldvendor" + row + ""]", true): Modify property of object successfully

2018-06-10 01:51:18 - [MESSAGE][PASSED] - Modify property of object successfully

2018-06-10 01:51:18 - [TEST_STEP][PASSED] - selectOptionByIndex: All options with index in [1] are selected on object ''

2018-06-10 01:51:19 - [MESSAGE][PASSED] - All options with index in [1] are selected on object ''

2018-06-10 01:51:19 - [TEST_STEP][PASSED] - delay: Delayed 2 second(s)

2018-06-10 01:51:21 - [MESSAGE][PASSED] - Delayed 2 second(s)

2018-06-10 01:51:21 - [TEST_STEP][PASSED] - Statement - batch = new com.kms.katalon.core.testobject.TestObject(): null

2018-06-10 01:51:21 - [TEST_STEP][PASSED] - Statement - batch = com.kms.katalon.core.webui.keyword.WebUiBuiltInKeywords.modifyObjectProperty(batch, "xpath", "equals", "//*[@id = "txtbthqty" + row + ""]", true): Modify property of object successfully

2018-06-10 01:51:21 - [MESSAGE][PASSED] - Modify property of object successfully

2018-06-10 01:51:21 - [TEST_STEP][PASSED] - Statement - batchqty = com.kms.katalon.core.webui.keyword.WebUiBuiltInKeywords.getAttribute(batch, "value").trim(): Attribute 'value' of object '' is: '3500'

2018-06-10 01:51:21 - [MESSAGE][PASSED] - Attribute 'value' of object '' is: '3500'

2018-06-10 01:51:21 - [TEST_STEP][PASSED] - Statement - Rqty = 100: null

2018-06-10 01:51:21 - [TEST_STEP][PASSED] - Statement - out.println("BatchQty : " + batchqty): null

2018-06-10 01:51:21 - [TEST_STEP][PASSED] - Statement - out.println("RQty : " + Rqty): null

2018-06-10 01:51:21 - [TEST_STEP][PASSED] - Statement - If (java.lang.Integer.valueOf(batchqty) >= java.lang.Integer.valueOf(Rqty)): null

2018-06-10 01:51:21 - [TEST_STEP][PASSED] - Statement - Break: null

2018-06-10 01:51:21 - [TEST_STEP][PASSED] - Statement - batchlength = new com.kms.katalon.core.testobject.TestObject(): null

2018-06-10 01:51:21 - [TEST_STEP][PASSED] - Statement - batchlength = com.kms.katalon.core.webui.keyword.WebUiBuiltInKeywords.modifyObjectProperty(batchlength, "xpath", "equals", "//*[@id = "fldvendor" + row + ""]", true): Modify property of object successfully

2018-06-10 01:51:21 - [MESSAGE][PASSED] - Modify property of object successfully

2018-06-10 01:51:21 - [TEST_STEP][PASSED] - Statement - batchsize = com.kms.katalon.core.webui.keyword.WebUiBuiltInKeywords.getNumberOfTotalOption(batchlength): 10 options of object '' counted

2018-06-10 01:51:21 - [MESSAGE][PASSED] - 10 options of object '' counted

2018-06-10 01:51:21 - [TEST_STEP][PASSED] - Statement - out.println("BatchSize : " + batchsize): null

2018-06-10 01:51:21 - [TEST_STEP][PASSED] - Statement - For ([n = 1, n <= batchsize - 1, (n++)]): null

2018-06-10 01:51:21 - [TEST_STEP][PASSED] - Statement - product = new com.kms.katalon.core.testobject.TestObject(): null

2018-06-10 01:51:21 - [TEST_STEP][PASSED] - Statement - product = com.kms.katalon.core.webui.keyword.WebUiBuiltInKeywords.modifyObjectProperty(product, "xpath", "equals", "//*[@id = "fldvendor" + row + ""]", true): Modify property of object successfully

2018-06-10 01:51:21 - [MESSAGE][PASSED] - Modify property of object successfully

2018-06-10 01:51:21 - [TEST_STEP][PASSED] - selectOptionByIndex: All options with index in [1] are selected on object ''

2018-06-10 01:51:21 - [MESSAGE][PASSED] - All options with index in [1] are selected on object ''

2018-06-10 01:51:21 - [TEST_STEP][PASSED] - delay: Delayed 2 second(s)

2018-06-10 01:51:23 - [MESSAGE][PASSED] - Delayed 2 second(s)

2018-06-10 01:51:23 - [TEST_STEP][PASSED] - Statement - batch = new com.kms.katalon.core.testobject.TestObject(): null

2018-06-10 01:51:23 - [TEST_STEP][PASSED] - Statement - batch = com.kms.katalon.core.webui.keyword.WebUiBuiltInKeywords.modifyObjectProperty(batch, "xpath", "equals", "//*[@id = "txtbthqty" + row + ""]", true): Modify property of object successfully

2018-06-10 01:51:23 - [MESSAGE][PASSED] - Modify property of object successfully

2018-06-10 01:51:23 - [TEST_STEP][PASSED] - Statement - batchqty = com.kms.katalon.core.webui.keyword.WebUiBuiltInKeywords.getAttribute(batch, "value").trim(): Attribute 'value' of object '' is: '3300'

2018-06-10 01:51:23 - [MESSAGE][PASSED] - Attribute 'value' of object '' is: '3300'

2018-06-10 01:51:23 - [TEST_STEP][PASSED] - Statement - Rqty = 100: null

2018-06-10 01:51:23 - [TEST_STEP][PASSED] - Statement - out.println("BatchQty : " + batchqty): null

2018-06-10 01:51:23 - [TEST_STEP][PASSED] - Statement - out.println("RQty : " + Rqty): null

2018-06-10 01:51:23 - [TEST_STEP][PASSED] - Statement - If (java.lang.Integer.valueOf(batchqty) >= java.lang.Integer.valueOf(Rqty)): null

2018-06-10 01:51:23 - [TEST_STEP][PASSED] - Statement - Break: null

2018-06-10 01:51:23 - [TEST_STEP][PASSED] - Statement - batchlength = new com.kms.katalon.core.testobject.TestObject(): null

2018-06-10 01:51:23 - [TEST_STEP][PASSED] - Statement - batchlength = com.kms.katalon.core.webui.keyword.WebUiBuiltInKeywords.modifyObjectProperty(batchlength, "xpath", "equals", "//*[@id = "fldvendor" + row + ""]", true): Modify property of object successfully

2018-06-10 01:51:23 - [MESSAGE][PASSED] - Modify property of object successfully

2018-06-10 01:51:23 - [TEST_STEP][PASSED] - Statement - batchsize = com.kms.katalon.core.webui.keyword.WebUiBuiltInKeywords.getNumberOfTotalOption(batchlength): 10 options of object '' counted

2018-06-10 01:51:23 - [MESSAGE][PASSED] - 10 options of object '' counted

2018-06-10 01:51:23 - [TEST_STEP][PASSED] - Statement - out.println("BatchSize : " + batchsize): null

2018-06-10 01:51:23 - [TEST_STEP][PASSED] - Statement - For ([n = 1, n <= batchsize - 1, (n++)]): null

2018-06-10 01:51:23 - [TEST_STEP][PASSED] - Statement - product = new com.kms.katalon.core.testobject.TestObject(): null

2018-06-10 01:51:23 - [TEST_STEP][PASSED] - Statement - product = com.kms.katalon.core.webui.keyword.WebUiBuiltInKeywords.modifyObjectProperty(product, "xpath", "equals", "//*[@id = "fldvendor" + row + ""]", true): Modify property of object successfully

2018-06-10 01:51:23 - [MESSAGE][PASSED] - Modify property of object successfully

2018-06-10 01:51:23 - [TEST_STEP][PASSED] - selectOptionByIndex: All options with index in [1] are selected on object ''

2018-06-10 01:51:23 - [MESSAGE][PASSED] - All options with index in [1] are selected on object ''

2018-06-10 01:51:23 - [TEST_STEP][PASSED] - delay: Delayed 2 second(s)

2018-06-10 01:51:25 - [MESSAGE][PASSED] - Delayed 2 second(s)

2018-06-10 01:51:25 - [TEST_STEP][PASSED] - Statement - batch = new com.kms.katalon.core.testobject.TestObject(): null

2018-06-10 01:51:25 - [TEST_STEP][PASSED] - Statement - batch = com.kms.katalon.core.webui.keyword.WebUiBuiltInKeywords.modifyObjectProperty(batch, "xpath", "equals", "//*[@id = "txtbthqty" + row + ""]", true): Modify property of object successfully

2018-06-10 01:51:25 - [MESSAGE][PASSED] - Modify property of object successfully

2018-06-10 01:51:25 - [TEST_STEP][PASSED] - Statement - batchqty = com.kms.katalon.core.webui.keyword.WebUiBuiltInKeywords.getAttribute(batch, "value").trim(): Attribute 'value' of object '' is: '3300'

2018-06-10 01:51:25 - [MESSAGE][PASSED] - Attribute 'value' of object '' is: '3300'

2018-06-10 01:51:25 - [TEST_STEP][PASSED] - Statement - Rqty = 100: null

2018-06-10 01:51:25 - [TEST_STEP][PASSED] - Statement - out.println("BatchQty : " + batchqty): null

2018-06-10 01:51:25 - [TEST_STEP][PASSED] - Statement - out.println("RQty : " + Rqty): null

2018-06-10 01:51:25 - [TEST_STEP][PASSED] - Statement - If (java.lang.Integer.valueOf(batchqty) >= java.lang.Integer.valueOf(Rqty)): null

2018-06-10 01:51:25 - [TEST_STEP][PASSED] - Statement - Break: null

2018-06-10 01:51:25 - [TEST_STEP][PASSED] - Statement - batchlength = new com.kms.katalon.core.testobject.TestObject(): null

2018-06-10 01:51:25 - [TEST_STEP][PASSED] - Statement - batchlength = com.kms.katalon.core.webui.keyword.WebUiBuiltInKeywords.modifyObjectProperty(batchlength, "xpath", "equals", "//*[@id = "fldvendor" + row + ""]", true): Modify property of object successfully

2018-06-10 01:51:25 - [MESSAGE][PASSED] - Modify property of object successfully

2018-06-10 01:51:25 - [TEST_STEP][PASSED] - Statement - batchsize = com.kms.katalon.core.webui.keyword.WebUiBuiltInKeywords.getNumberOfTotalOption(batchlength): 10 options of object '' counted

2018-06-10 01:51:25 - [MESSAGE][PASSED] - 10 options of object '' counted

2018-06-10 01:51:25 - [TEST_STEP][PASSED] - Statement - out.println("BatchSize : " + batchsize): null

2018-06-10 01:51:25 - [TEST_STEP][PASSED] - Statement - For ([n = 1, n <= batchsize - 1, (n++)]): null

2018-06-10 01:51:25 - [TEST_STEP][PASSED] - Statement - product = new com.kms.katalon.core.testobject.TestObject(): null

2018-06-10 01:51:25 - [TEST_STEP][PASSED] - Statement - product = com.kms.katalon.core.webui.keyword.WebUiBuiltInKeywords.modifyObjectProperty(product, "xpath", "equals", "//*[@id = "fldvendor" + row + ""]", true): Modify property of object successfully

2018-06-10 01:51:25 - [MESSAGE][PASSED] - Modify property of object successfully

2018-06-10 01:51:25 - [TEST_STEP][PASSED] - selectOptionByIndex: All options with index in [1] are selected on object ''

2018-06-10 01:51:25 - [MESSAGE][PASSED] - All options with index in [1] are selected on object ''

2018-06-10 01:51:25 - [TEST_STEP][PASSED] - delay: Delayed 2 second(s)

2018-06-10 01:51:27 - [MESSAGE][PASSED] - Delayed 2 second(s)

2018-06-10 01:51:27 - [TEST_STEP][PASSED] - Statement - batch = new com.kms.katalon.core.testobject.TestObject(): null

2018-06-10 01:51:27 - [TEST_STEP][PASSED] - Statement - batch = com.kms.katalon.core.webui.keyword.WebUiBuiltInKeywords.modifyObjectProperty(batch, "xpath", "equals", "//*[@id = "txtbthqty" + row + ""]", true): Modify property of object successfully

2018-06-10 01:51:27 - [MESSAGE][PASSED] - Modify property of object successfully

2018-06-10 01:51:27 - [TEST_STEP][PASSED] - Statement - batchqty = com.kms.katalon.core.webui.keyword.WebUiBuiltInKeywords.getAttribute(batch, "value").trim(): Attribute 'value' of object '' is: '3500'

2018-06-10 01:51:28 - [MESSAGE][PASSED] - Attribute 'value' of object '' is: '3500'

2018-06-10 01:51:28 - [TEST_STEP][PASSED] - Statement - Rqty = 100: null

2018-06-10 01:51:28 - [TEST_STEP][PASSED] - Statement - out.println("BatchQty : " + batchqty): null

2018-06-10 01:51:28 - [TEST_STEP][PASSED] - Statement - out.println("RQty : " + Rqty): null

2018-06-10 01:51:28 - [TEST_STEP][PASSED] - Statement - If (java.lang.Integer.valueOf(batchqty) >= java.lang.Integer.valueOf(Rqty)): null

2018-06-10 01:51:28 - [TEST_STEP][PASSED] - Statement - Break: null

2018-06-10 01:51:28 - [TEST_STEP][PASSED] - Statement - batchlength = new com.kms.katalon.core.testobject.TestObject(): null

2018-06-10 01:51:28 - [TEST_STEP][PASSED] - Statement - batchlength = com.kms.katalon.core.webui.keyword.WebUiBuiltInKeywords.modifyObjectProperty(batchlength, "xpath", "equals", "//*[@id = "fldvendor" + row + ""]", true): Modify property of object successfully

2018-06-10 01:51:28 - [MESSAGE][PASSED] - Modify property of object successfully

2018-06-10 01:51:28 - [TEST_STEP][PASSED] - Statement - batchsize = com.kms.katalon.core.webui.keyword.WebUiBuiltInKeywords.getNumberOfTotalOption(batchlength): 10 options of object '' counted

2018-06-10 01:51:28 - [MESSAGE][PASSED] - 10 options of object '' counted

2018-06-10 01:51:28 - [TEST_STEP][PASSED] - Statement - out.println("BatchSize : " + batchsize): null

2018-06-10 01:51:28 - [TEST_STEP][PASSED] - Statement - For ([n = 1, n <= batchsize - 1, (n++)]): null

2018-06-10 01:51:28 - [TEST_STEP][PASSED] - Statement - product = new com.kms.katalon.core.testobject.TestObject(): null

2018-06-10 01:51:28 - [TEST_STEP][PASSED] - Statement - product = com.kms.katalon.core.webui.keyword.WebUiBuiltInKeywords.modifyObjectProperty(product, "xpath", "equals", "//*[@id = "fldvendor" + row + ""]", true): Modify property of object successfully

2018-06-10 01:51:28 - [MESSAGE][PASSED] - Modify property of object successfully

2018-06-10 01:51:28 - [TEST_STEP][PASSED] - selectOptionByIndex: All options with index in [1] are selected on object ''

2018-06-10 01:51:28 - [MESSAGE][PASSED] - All options with index in [1] are selected on object ''

2018-06-10 01:51:28 - [TEST_STEP][PASSED] - delay: Delayed 2 second(s)

2018-06-10 01:51:30 - [MESSAGE][PASSED] - Delayed 2 second(s)

2018-06-10 01:51:30 - [TEST_STEP][PASSED] - Statement - batch = new com.kms.katalon.core.testobject.TestObject(): null

2018-06-10 01:51:30 - [TEST_STEP][PASSED] - Statement - batch = com.kms.katalon.core.webui.keyword.WebUiBuiltInKeywords.modifyObjectProperty(batch, "xpath", "equals", "//*[@id = "txtbthqty" + row + ""]", true): Modify property of object successfully

2018-06-10 01:51:30 - [MESSAGE][PASSED] - Modify property of object successfully

2018-06-10 01:51:30 - [TEST_STEP][PASSED] - Statement - batchqty = com.kms.katalon.core.webui.keyword.WebUiBuiltInKeywords.getAttribute(batch, "value").trim(): Attribute 'value' of object '' is: '3300'

2018-06-10 01:51:30 - [MESSAGE][PASSED] - Attribute 'value' of object '' is: '3300'

2018-06-10 01:51:30 - [TEST_STEP][PASSED] - Statement - Rqty = 100: null

2018-06-10 01:51:30 - [TEST_STEP][PASSED] - Statement - out.println("BatchQty : " + batchqty): null

2018-06-10 01:51:30 - [TEST_STEP][PASSED] - Statement - out.println("RQty : " + Rqty): null

2018-06-10 01:51:30 - [TEST_STEP][PASSED] - Statement - If (java.lang.Integer.valueOf(batchqty) >= java.lang.Integer.valueOf(Rqty)): null

2018-06-10 01:51:30 - [TEST_STEP][PASSED] - Statement - Break: null

2018-06-10 01:51:30 - [TEST_STEP][PASSED] - Statement - batchlength = new com.kms.katalon.core.testobject.TestObject(): null

2018-06-10 01:51:30 - [TEST_STEP][PASSED] - Statement - batchlength = com.kms.katalon.core.webui.keyword.WebUiBuiltInKeywords.modifyObjectProperty(batchlength, "xpath", "equals", "//*[@id = "fldvendor" + row + ""]", true): Modify property of object successfully

2018-06-10 01:51:30 - [MESSAGE][PASSED] - Modify property of object successfully

2018-06-10 01:51:30 - [TEST_STEP][PASSED] - Statement - batchsize = com.kms.katalon.core.webui.keyword.WebUiBuiltInKeywords.getNumberOfTotalOption(batchlength): 8 options of object '' counted

2018-06-10 01:51:30 - [MESSAGE][PASSED] - 8 options of object '' counted

2018-06-10 01:51:30 - [TEST_STEP][PASSED] - Statement - out.println("BatchSize : " + batchsize): null

2018-06-10 01:51:30 - [TEST_STEP][PASSED] - Statement - For ([n = 1, n <= batchsize - 1, (n++)]): null

2018-06-10 01:51:30 - [TEST_STEP][PASSED] - Statement - product = new com.kms.katalon.core.testobject.TestObject(): null

2018-06-10 01:51:30 - [TEST_STEP][PASSED] - Statement - product = com.kms.katalon.core.webui.keyword.WebUiBuiltInKeywords.modifyObjectProperty(product, "xpath", "equals", "//*[@id = "fldvendor" + row + ""]", true): Modify property of object successfully

2018-06-10 01:51:30 - [MESSAGE][PASSED] - Modify property of object successfully

2018-06-10 01:51:30 - [TEST_STEP][PASSED] - selectOptionByIndex: All options with index in [1] are selected on object ''

2018-06-10 01:51:30 - [MESSAGE][PASSED] - All options with index in [1] are selected on object ''

2018-06-10 01:51:30 - [TEST_STEP][PASSED] - delay: Delayed 2 second(s)

2018-06-10 01:51:32 - [MESSAGE][PASSED] - Delayed 2 second(s)

2018-06-10 01:51:32 - [TEST_STEP][PASSED] - Statement - batch = new com.kms.katalon.core.testobject.TestObject(): null

2018-06-10 01:51:32 - [TEST_STEP][PASSED] - Statement - batch = com.kms.katalon.core.webui.keyword.WebUiBuiltInKeywords.modifyObjectProperty(batch, "xpath", "equals", "//*[@id = "txtbthqty" + row + ""]", true): Modify property of object successfully

2018-06-10 01:51:32 - [MESSAGE][PASSED] - Modify property of object successfully

2018-06-10 01:51:32 - [TEST_STEP][PASSED] - Statement - batchqty = com.kms.katalon.core.webui.keyword.WebUiBuiltInKeywords.getAttribute(batch, "value").trim(): Attribute 'value' of object '' is: '3700'

2018-06-10 01:51:32 - [MESSAGE][PASSED] - Attribute 'value' of object '' is: '3700'

2018-06-10 01:51:32 - [TEST_STEP][PASSED] - Statement - Rqty = 100: null

2018-06-10 01:51:32 - [TEST_STEP][PASSED] - Statement - out.println("BatchQty : " + batchqty): null

2018-06-10 01:51:32 - [TEST_STEP][PASSED] - Statement - out.println("RQty : " + Rqty): null

2018-06-10 01:51:32 - [TEST_STEP][PASSED] - Statement - If (java.lang.Integer.valueOf(batchqty) >= java.lang.Integer.valueOf(Rqty)): null

2018-06-10 01:51:32 - [TEST_STEP][PASSED] - Statement - Break: null

2018-06-10 01:51:32 - [TEST_STEP][PASSED] - Statement - batchlength = new com.kms.katalon.core.testobject.TestObject(): null

2018-06-10 01:51:32 - [TEST_STEP][PASSED] - Statement - batchlength = com.kms.katalon.core.webui.keyword.WebUiBuiltInKeywords.modifyObjectProperty(batchlength, "xpath", "equals", "//*[@id = "fldvendor" + row + ""]", true): Modify property of object successfully

2018-06-10 01:51:32 - [MESSAGE][PASSED] - Modify property of object successfully

2018-06-10 01:51:32 - [TEST_STEP][PASSED] - Statement - batchsize = com.kms.katalon.core.webui.keyword.WebUiBuiltInKeywords.getNumberOfTotalOption(batchlength): 10 options of object '' counted

2018-06-10 01:51:32 - [MESSAGE][PASSED] - 10 options of object '' counted

2018-06-10 01:51:32 - [TEST_STEP][PASSED] - Statement - out.println("BatchSize : " + batchsize): null

2018-06-10 01:51:32 - [TEST_STEP][PASSED] - Statement - For ([n = 1, n <= batchsize - 1, (n++)]): null

2018-06-10 01:51:32 - [TEST_STEP][PASSED] - Statement - product = new com.kms.katalon.core.testobject.TestObject(): null

2018-06-10 01:51:32 - [TEST_STEP][PASSED] - Statement - product = com.kms.katalon.core.webui.keyword.WebUiBuiltInKeywords.modifyObjectProperty(product, "xpath", "equals", "//*[@id = "fldvendor" + row + ""]", true): Modify property of object successfully

2018-06-10 01:51:32 - [MESSAGE][PASSED] - Modify property of object successfully

2018-06-10 01:51:32 - [TEST_STEP][PASSED] - selectOptionByIndex: All options with index in [1] are selected on object ''

2018-06-10 01:51:32 - [MESSAGE][PASSED] - All options with index in [1] are selected on object ''

2018-06-10 01:51:32 - [TEST_STEP][PASSED] - delay: Delayed 2 second(s)

2018-06-10 01:51:34 - [MESSAGE][PASSED] - Delayed 2 second(s)

2018-06-10 01:51:34 - [TEST_STEP][PASSED] - Statement - batch = new com.kms.katalon.core.testobject.TestObject(): null

2018-06-10 01:51:34 - [TEST_STEP][PASSED] - Statement - batch = com.kms.katalon.core.webui.keyword.WebUiBuiltInKeywords.modifyObjectProperty(batch, "xpath", "equals", "//*[@id = "txtbthqty" + row + ""]", true): Modify property of object successfully

2018-06-10 01:51:34 - [MESSAGE][PASSED] - Modify property of object successfully

2018-06-10 01:51:34 - [TEST_STEP][PASSED] - Statement - batchqty = com.kms.katalon.core.webui.keyword.WebUiBuiltInKeywords.getAttribute(batch, "value").trim(): Attribute 'value' of object '' is: '3300'

2018-06-10 01:51:34 - [MESSAGE][PASSED] - Attribute 'value' of object '' is: '3300'

2018-06-10 01:51:34 - [TEST_STEP][PASSED] - Statement - Rqty = 100: null

2018-06-10 01:51:34 - [TEST_STEP][PASSED] - Statement - out.println("BatchQty : " + batchqty): null

2018-06-10 01:51:34 - [TEST_STEP][PASSED] - Statement - out.println("RQty : " + Rqty): null

2018-06-10 01:51:34 - [TEST_STEP][PASSED] - Statement - If (java.lang.Integer.valueOf(batchqty) >= java.lang.Integer.valueOf(Rqty)): null

2018-06-10 01:51:34 - [TEST_STEP][PASSED] - Statement - Break: null

2018-06-10 01:51:34 - [TEST_STEP][PASSED] - Statement - batchlength = new com.kms.katalon.core.testobject.TestObject(): null

2018-06-10 01:51:34 - [TEST_STEP][PASSED] - Statement - batchlength = com.kms.katalon.core.webui.keyword.WebUiBuiltInKeywords.modifyObjectProperty(batchlength, "xpath", "equals", "//*[@id = "fldvendor" + row + ""]", true): Modify property of object successfully

2018-06-10 01:51:34 - [MESSAGE][PASSED] - Modify property of object successfully

2018-06-10 01:51:34 - [TEST_STEP][PASSED] - Statement - batchsize = com.kms.katalon.core.webui.keyword.WebUiBuiltInKeywords.getNumberOfTotalOption(batchlength): 10 options of object '' counted

2018-06-10 01:51:34 - [MESSAGE][PASSED] - 10 options of object '' counted

2018-06-10 01:51:34 - [TEST_STEP][PASSED] - Statement - out.println("BatchSize : " + batchsize): null

2018-06-10 01:51:34 - [TEST_STEP][PASSED] - Statement - For ([n = 1, n <= batchsize - 1, (n++)]): null

2018-06-10 01:51:34 - [TEST_STEP][PASSED] - Statement - product = new com.kms.katalon.core.testobject.TestObject(): null

2018-06-10 01:51:34 - [TEST_STEP][PASSED] - Statement - product = com.kms.katalon.core.webui.keyword.WebUiBuiltInKeywords.modifyObjectProperty(product, "xpath", "equals", "//*[@id = "fldvendor" + row + ""]", true): Modify property of object successfully

2018-06-10 01:51:34 - [MESSAGE][PASSED] - Modify property of object successfully

2018-06-10 01:51:34 - [TEST_STEP][PASSED] - selectOptionByIndex: All options with index in [1] are selected on object ''

2018-06-10 01:51:35 - [MESSAGE][PASSED] - All options with index in [1] are selected on object ''

2018-06-10 01:51:35 - [TEST_STEP][PASSED] - delay: Delayed 2 second(s)

2018-06-10 01:51:37 - [MESSAGE][PASSED] - Delayed 2 second(s)

2018-06-10 01:51:37 - [TEST_STEP][PASSED] - Statement - batch = new com.kms.katalon.core.testobject.TestObject(): null

2018-06-10 01:51:37 - [TEST_STEP][PASSED] - Statement - batch = com.kms.katalon.core.webui.keyword.WebUiBuiltInKeywords.modifyObjectProperty(batch, "xpath", "equals", "//*[@id = "txtbthqty" + row + ""]", true): Modify property of object successfully

2018-06-10 01:51:37 - [MESSAGE][PASSED] - Modify property of object successfully

2018-06-10 01:51:37 - [TEST_STEP][PASSED] - Statement - batchqty = com.kms.katalon.core.webui.keyword.WebUiBuiltInKeywords.getAttribute(batch, "value").trim(): Attribute 'value' of object '' is: '3300'

2018-06-10 01:51:37 - [MESSAGE][PASSED] - Attribute 'value' of object '' is: '3300'

2018-06-10 01:51:37 - [TEST_STEP][PASSED] - Statement - Rqty = 100: null

2018-06-10 01:51:37 - [TEST_STEP][PASSED] - Statement - out.println("BatchQty : " + batchqty): null

2018-06-10 01:51:37 - [TEST_STEP][PASSED] - Statement - out.println("RQty : " + Rqty): null

2018-06-10 01:51:37 - [TEST_STEP][PASSED] - Statement - If (java.lang.Integer.valueOf(batchqty) >= java.lang.Integer.valueOf(Rqty)): null

2018-06-10 01:51:37 - [TEST_STEP][PASSED] - Statement - Break: null

2018-06-10 01:51:37 - [TEST_STEP][PASSED] - Statement - batchlength = new com.kms.katalon.core.testobject.TestObject(): null

2018-06-10 01:51:37 - [TEST_STEP][PASSED] - Statement - batchlength = com.kms.katalon.core.webui.keyword.WebUiBuiltInKeywords.modifyObjectProperty(batchlength, "xpath", "equals", "//*[@id = "fldvendor" + row + ""]", true): Modify property of object successfully

2018-06-10 01:51:37 - [MESSAGE][PASSED] - Modify property of object successfully

2018-06-10 01:51:37 - [TEST_STEP][PASSED] - Statement - batchsize = com.kms.katalon.core.webui.keyword.WebUiBuiltInKeywords.getNumberOfTotalOption(batchlength): 10 options of object '' counted

2018-06-10 01:51:37 - [MESSAGE][PASSED] - 10 options of object '' counted

2018-06-10 01:51:37 - [TEST_STEP][PASSED] - Statement - out.println("BatchSize : " + batchsize): null

2018-06-10 01:51:37 - [TEST_STEP][PASSED] - Statement - For ([n = 1, n <= batchsize - 1, (n++)]): null

2018-06-10 01:51:37 - [TEST_STEP][PASSED] - Statement - product = new com.kms.katalon.core.testobject.TestObject(): null

2018-06-10 01:51:37 - [TEST_STEP][PASSED] - Statement - product = com.kms.katalon.core.webui.keyword.WebUiBuiltInKeywords.modifyObjectProperty(product, "xpath", "equals", "//*[@id = "fldvendor" + row + ""]", true): Modify property of object successfully

2018-06-10 01:51:37 - [MESSAGE][PASSED] - Modify property of object successfully

2018-06-10 01:51:37 - [TEST_STEP][PASSED] - selectOptionByIndex: All options with index in [1] are selected on object ''

2018-06-10 01:51:37 - [MESSAGE][PASSED] - All options with index in [1] are selected on object ''

2018-06-10 01:51:37 - [TEST_STEP][PASSED] - delay: Delayed 2 second(s)

2018-06-10 01:51:39 - [MESSAGE][PASSED] - Delayed 2 second(s)

2018-06-10 01:51:39 - [TEST_STEP][PASSED] - Statement - batch = new com.kms.katalon.core.testobject.TestObject(): null

2018-06-10 01:51:39 - [TEST_STEP][PASSED] - Statement - batch = com.kms.katalon.core.webui.keyword.WebUiBuiltInKeywords.modifyObjectProperty(batch, "xpath", "equals", "//*[@id = "txtbthqty" + row + ""]", true): Modify property of object successfully

2018-06-10 01:51:39 - [MESSAGE][PASSED] - Modify property of object successfully

2018-06-10 01:51:39 - [TEST_STEP][PASSED] - Statement - batchqty = com.kms.katalon.core.webui.keyword.WebUiBuiltInKeywords.getAttribute(batch, "value").trim(): Attribute 'value' of object '' is: '3300'

2018-06-10 01:51:39 - [MESSAGE][PASSED] - Attribute 'value' of object '' is: '3300'

2018-06-10 01:51:39 - [TEST_STEP][PASSED] - Statement - Rqty = 100: null

2018-06-10 01:51:39 - [TEST_STEP][PASSED] - Statement - out.println("BatchQty : " + batchqty): null

2018-06-10 01:51:39 - [TEST_STEP][PASSED] - Statement - out.println("RQty : " + Rqty): null

2018-06-10 01:51:39 - [TEST_STEP][PASSED] - Statement - If (java.lang.Integer.valueOf(batchqty) >= java.lang.Integer.valueOf(Rqty)): null

2018-06-10 01:51:39 - [TEST_STEP][PASSED] - Statement - Break: null

2018-06-10 01:51:39 - [TEST_STEP][PASSED] - Statement - batchlength = new com.kms.katalon.core.testobject.TestObject(): null

2018-06-10 01:51:39 - [TEST_STEP][PASSED] - Statement - batchlength = com.kms.katalon.core.webui.keyword.WebUiBuiltInKeywords.modifyObjectProperty(batchlength, "xpath", "equals", "//*[@id = "fldvendor" + row + ""]", true): Modify property of object successfully

2018-06-10 01:51:39 - [MESSAGE][PASSED] - Modify property of object successfully

2018-06-10 01:51:39 - [TEST_STEP][PASSED] - Statement - batchsize = com.kms.katalon.core.webui.keyword.WebUiBuiltInKeywords.getNumberOfTotalOption(batchlength): 8 options of object '' counted

2018-06-10 01:51:39 - [MESSAGE][PASSED] - 8 options of object '' counted

2018-06-10 01:51:39 - [TEST_STEP][PASSED] - Statement - out.println("BatchSize : " + batchsize): null

2018-06-10 01:51:39 - [TEST_STEP][PASSED] - Statement - For ([n = 1, n <= batchsize - 1, (n++)]): null

2018-06-10 01:51:39 - [TEST_STEP][PASSED] - Statement - product = new com.kms.katalon.core.testobject.TestObject(): null

2018-06-10 01:51:39 - [TEST_STEP][PASSED] - Statement - product = com.kms.katalon.core.webui.keyword.WebUiBuiltInKeywords.modifyObjectProperty(product, "xpath", "equals", "//*[@id = "fldvendor" + row + ""]", true): Modify property of object successfully

2018-06-10 01:51:39 - [MESSAGE][PASSED] - Modify property of object successfully

2018-06-10 01:51:39 - [TEST_STEP][PASSED] - selectOptionByIndex: All options with index in [1] are selected on object ''

2018-06-10 01:51:39 - [MESSAGE][PASSED] - All options with index in [1] are selected on object ''

2018-06-10 01:51:39 - [TEST_STEP][PASSED] - delay: Delayed 2 second(s)

2018-06-10 01:51:41 - [MESSAGE][PASSED] - Delayed 2 second(s)

2018-06-10 01:51:41 - [TEST_STEP][PASSED] - Statement - batch = new com.kms.katalon.core.testobject.TestObject(): null

2018-06-10 01:51:41 - [TEST_STEP][PASSED] - Statement - batch = com.kms.katalon.core.webui.keyword.WebUiBuiltInKeywords.modifyObjectProperty(batch, "xpath", "equals", "//*[@id = "txtbthqty" + row + ""]", true): Modify property of object successfully

2018-06-10 01:51:41 - [MESSAGE][PASSED] - Modify property of object successfully

2018-06-10 01:51:41 - [TEST_STEP][PASSED] - Statement - batchqty = com.kms.katalon.core.webui.keyword.WebUiBuiltInKeywords.getAttribute(batch, "value").trim(): Attribute 'value' of object '' is: '3500'

2018-06-10 01:51:41 - [MESSAGE][PASSED] - Attribute 'value' of object '' is: '3500'

2018-06-10 01:51:41 - [TEST_STEP][PASSED] - Statement - Rqty = 100: null

2018-06-10 01:51:41 - [TEST_STEP][PASSED] - Statement - out.println("BatchQty : " + batchqty): null

2018-06-10 01:51:41 - [TEST_STEP][PASSED] - Statement - out.println("RQty : " + Rqty): null

2018-06-10 01:51:41 - [TEST_STEP][PASSED] - Statement - If (java.lang.Integer.valueOf(batchqty) >= java.lang.Integer.valueOf(Rqty)): null

2018-06-10 01:51:41 - [TEST_STEP][PASSED] - Statement - Break: null

2018-06-10 01:51:41 - [TEST_STEP][PASSED] - Statement - batchlength = new com.kms.katalon.core.testobject.TestObject(): null

2018-06-10 01:51:41 - [TEST_STEP][PASSED] - Statement - batchlength = com.kms.katalon.core.webui.keyword.WebUiBuiltInKeywords.modifyObjectProperty(batchlength, "xpath", "equals", "//*[@id = "fldvendor" + row + ""]", true): Modify property of object successfully

2018-06-10 01:51:41 - [MESSAGE][PASSED] - Modify property of object successfully

2018-06-10 01:51:41 - [TEST_STEP][PASSED] - Statement - batchsize = com.kms.katalon.core.webui.keyword.WebUiBuiltInKeywords.getNumberOfTotalOption(batchlength): 10 options of object '' counted

2018-06-10 01:51:41 - [MESSAGE][PASSED] - 10 options of object '' counted

2018-06-10 01:51:41 - [TEST_STEP][PASSED] - Statement - out.println("BatchSize : " + batchsize): null

2018-06-10 01:51:41 - [TEST_STEP][PASSED] - Statement - For ([n = 1, n <= batchsize - 1, (n++)]): null

2018-06-10 01:51:41 - [TEST_STEP][PASSED] - Statement - product = new com.kms.katalon.core.testobject.TestObject(): null

2018-06-10 01:51:41 - [TEST_STEP][PASSED] - Statement - product = com.kms.katalon.core.webui.keyword.WebUiBuiltInKeywords.modifyObjectProperty(product, "xpath", "equals", "//*[@id = "fldvendor" + row + ""]", true): Modify property of object successfully

2018-06-10 01:51:41 - [MESSAGE][PASSED] - Modify property of object successfully

2018-06-10 01:51:41 - [TEST_STEP][PASSED] - selectOptionByIndex: All options with index in [1] are selected on object ''

2018-06-10 01:51:42 - [MESSAGE][PASSED] - All options with index in [1] are selected on object ''

2018-06-10 01:51:42 - [TEST_STEP][PASSED] - delay: Delayed 2 second(s)

2018-06-10 01:51:44 - [MESSAGE][PASSED] - Delayed 2 second(s)

2018-06-10 01:51:44 - [TEST_STEP][PASSED] - Statement - batch = new com.kms.katalon.core.testobject.TestObject(): null

2018-06-10 01:51:44 - [TEST_STEP][PASSED] - Statement - batch = com.kms.katalon.core.webui.keyword.WebUiBuiltInKeywords.modifyObjectProperty(batch, "xpath", "equals", "//*[@id = "txtbthqty" + row + ""]", true): Modify property of object successfully

2018-06-10 01:51:44 - [MESSAGE][PASSED] - Modify property of object successfully

2018-06-10 01:51:44 - [TEST_STEP][PASSED] - Statement - batchqty = com.kms.katalon.core.webui.keyword.WebUiBuiltInKeywords.getAttribute(batch, "value").trim(): Attribute 'value' of object '' is: '3500'

2018-06-10 01:51:44 - [MESSAGE][PASSED] - Attribute 'value' of object '' is: '3500'

2018-06-10 01:51:44 - [TEST_STEP][PASSED] - Statement - Rqty = 100: null

2018-06-10 01:51:44 - [TEST_STEP][PASSED] - Statement - out.println("BatchQty : " + batchqty): null

2018-06-10 01:51:44 - [TEST_STEP][PASSED] - Statement - out.println("RQty : " + Rqty): null

2018-06-10 01:51:44 - [TEST_STEP][PASSED] - Statement - If (java.lang.Integer.valueOf(batchqty) >= java.lang.Integer.valueOf(Rqty)): null

2018-06-10 01:51:44 - [TEST_STEP][PASSED] - Statement - Break: null

2018-06-10 01:51:44 - [TEST_STEP][PASSED] - Statement - batchlength = new com.kms.katalon.core.testobject.TestObject(): null

2018-06-10 01:51:44 - [TEST_STEP][PASSED] - Statement - batchlength = com.kms.katalon.core.webui.keyword.WebUiBuiltInKeywords.modifyObjectProperty(batchlength, "xpath", "equals", "//*[@id = "fldvendor" + row + ""]", true): Modify property of object successfully

2018-06-10 01:51:44 - [MESSAGE][PASSED] - Modify property of object successfully

2018-06-10 01:51:44 - [TEST_STEP][PASSED] - Statement - batchsize = com.kms.katalon.core.webui.keyword.WebUiBuiltInKeywords.getNumberOfTotalOption(batchlength): 10 options of object '' counted

2018-06-10 01:51:44 - [MESSAGE][PASSED] - 10 options of object '' counted

2018-06-10 01:51:44 - [TEST_STEP][PASSED] - Statement - out.println("BatchSize : " + batchsize): null

2018-06-10 01:51:44 - [TEST_STEP][PASSED] - Statement - For ([n = 1, n <= batchsize - 1, (n++)]): null

2018-06-10 01:51:44 - [TEST_STEP][PASSED] - Statement - product = new com.kms.katalon.core.testobject.TestObject(): null

2018-06-10 01:51:44 - [TEST_STEP][PASSED] - Statement - product = com.kms.katalon.core.webui.keyword.WebUiBuiltInKeywords.modifyObjectProperty(product, "xpath", "equals", "//*[@id = "fldvendor" + row + ""]", true): Modify property of object successfully

2018-06-10 01:51:44 - [MESSAGE][PASSED] - Modify property of object successfully

2018-06-10 01:51:44 - [TEST_STEP][PASSED] - selectOptionByIndex: All options with index in [1] are selected on object ''

2018-06-10 01:51:44 - [MESSAGE][PASSED] - All options with index in [1] are selected on object ''

2018-06-10 01:51:44 - [TEST_STEP][PASSED] - delay: Delayed 2 second(s)

2018-06-10 01:51:46 - [MESSAGE][PASSED] - Delayed 2 second(s)

2018-06-10 01:51:46 - [TEST_STEP][PASSED] - Statement - batch = new com.kms.katalon.core.testobject.TestObject(): null

2018-06-10 01:51:46 - [TEST_STEP][PASSED] - Statement - batch = com.kms.katalon.core.webui.keyword.WebUiBuiltInKeywords.modifyObjectProperty(batch, "xpath", "equals", "//*[@id = "txtbthqty" + row + ""]", true): Modify property of object successfully

2018-06-10 01:51:46 - [MESSAGE][PASSED] - Modify property of object successfully

2018-06-10 01:51:46 - [TEST_STEP][PASSED] - Statement - batchqty = com.kms.katalon.core.webui.keyword.WebUiBuiltInKeywords.getAttribute(batch, "value").trim(): Attribute 'value' of object '' is: '3300'

2018-06-10 01:51:46 - [MESSAGE][PASSED] - Attribute 'value' of object '' is: '3300'

2018-06-10 01:51:46 - [TEST_STEP][PASSED] - Statement - Rqty = 100: null

2018-06-10 01:51:46 - [TEST_STEP][PASSED] - Statement - out.println("BatchQty : " + batchqty): null

2018-06-10 01:51:46 - [TEST_STEP][PASSED] - Statement - out.println("RQty : " + Rqty): null

2018-06-10 01:51:46 - [TEST_STEP][PASSED] - Statement - If (java.lang.Integer.valueOf(batchqty) >= java.lang.Integer.valueOf(Rqty)): null

2018-06-10 01:51:46 - [TEST_STEP][PASSED] - Statement - Break: null

2018-06-10 01:51:46 - [TEST_STEP][PASSED] - Statement - batchlength = new com.kms.katalon.core.testobject.TestObject(): null

2018-06-10 01:51:46 - [TEST_STEP][PASSED] - Statement - batchlength = com.kms.katalon.core.webui.keyword.WebUiBuiltInKeywords.modifyObjectProperty(batchlength, "xpath", "equals", "//*[@id = "fldvendor" + row + ""]", true): Modify property of object successfully

2018-06-10 01:51:46 - [MESSAGE][PASSED] - Modify property of object successfully

2018-06-10 01:51:46 - [TEST_STEP][PASSED] - Statement - batchsize = com.kms.katalon.core.webui.keyword.WebUiBuiltInKeywords.getNumberOfTotalOption(batchlength): 10 options of object '' counted

2018-06-10 01:51:46 - [MESSAGE][PASSED] - 10 options of object '' counted

2018-06-10 01:51:46 - [TEST_STEP][PASSED] - Statement - out.println("BatchSize : " + batchsize): null

2018-06-10 01:51:46 - [TEST_STEP][PASSED] - Statement - For ([n = 1, n <= batchsize - 1, (n++)]): null

2018-06-10 01:51:46 - [TEST_STEP][PASSED] - Statement - product = new com.kms.katalon.core.testobject.TestObject(): null

2018-06-10 01:51:46 - [TEST_STEP][PASSED] - Statement - product = com.kms.katalon.core.webui.keyword.WebUiBuiltInKeywords.modifyObjectProperty(product, "xpath", "equals", "//*[@id = "fldvendor" + row + ""]", true): Modify property of object successfully

2018-06-10 01:51:46 - [MESSAGE][PASSED] - Modify property of object successfully

2018-06-10 01:51:46 - [TEST_STEP][PASSED] - selectOptionByIndex: All options with index in [1] are selected on object ''

2018-06-10 01:51:46 - [MESSAGE][PASSED] - All options with index in [1] are selected on object ''

2018-06-10 01:51:46 - [TEST_STEP][PASSED] - delay: Delayed 2 second(s)

2018-06-10 01:51:48 - [MESSAGE][PASSED] - Delayed 2 second(s)

2018-06-10 01:51:48 - [TEST_STEP][PASSED] - Statement - batch = new com.kms.katalon.core.testobject.TestObject(): null

2018-06-10 01:51:48 - [TEST_STEP][PASSED] - Statement - batch = com.kms.katalon.core.webui.keyword.WebUiBuiltInKeywords.modifyObjectProperty(batch, "xpath", "equals", "//*[@id = "txtbthqty" + row + ""]", true): Modify property of object successfully

2018-06-10 01:51:48 - [MESSAGE][PASSED] - Modify property of object successfully

2018-06-10 01:51:48 - [TEST_STEP][PASSED] - Statement - batchqty = com.kms.katalon.core.webui.keyword.WebUiBuiltInKeywords.getAttribute(batch, "value").trim(): Attribute 'value' of object '' is: '3300'

2018-06-10 01:51:48 - [MESSAGE][PASSED] - Attribute 'value' of object '' is: '3300'

2018-06-10 01:51:48 - [TEST_STEP][PASSED] - Statement - Rqty = 100: null

2018-06-10 01:51:48 - [TEST_STEP][PASSED] - Statement - out.println("BatchQty : " + batchqty): null

2018-06-10 01:51:48 - [TEST_STEP][PASSED] - Statement - out.println("RQty : " + Rqty): null

2018-06-10 01:51:48 - [TEST_STEP][PASSED] - Statement - If (java.lang.Integer.valueOf(batchqty) >= java.lang.Integer.valueOf(Rqty)): null

2018-06-10 01:51:48 - [TEST_STEP][PASSED] - Statement - Break: null

2018-06-10 01:51:48 - [TEST_STEP][PASSED] - delay: Delayed 2 second(s)

2018-06-10 01:51:50 - [MESSAGE][PASSED] - Delayed 2 second(s)

2018-06-10 01:51:50 - [TEST_STEP][PASSED] - click: Object: 'Object Repository/DispensaryToCms/Page_KDMC - CMS/input_btndispatch' is clicked on

2018-06-10 01:51:52 - [MESSAGE][PASSED] - Object: 'Object Repository/DispensaryToCms/Page_KDMC - CMS/input_btndispatch' is clicked on

2018-06-10 01:51:52 - [TEST_STEP][PASSED] - delay: Delayed 3 second(s)

2018-06-10 01:51:55 - [MESSAGE][PASSED] - Delayed 3 second(s)

2018-06-10 01:51:55 - [TEST_STEP][PASSED] - click: Object: 'Object Repository/DispensaryToCms/Page_KDMC - CMS/button_OK' is clicked on

2018-06-10 01:51:56 - [MESSAGE][PASSED] - Object: 'Object Repository/DispensaryToCms/Page_KDMC - CMS/button_OK' is clicked on

2018-06-10 01:51:56 - [TEST_STEP][PASSED] - delay: Delayed 3 second(s)

2018-06-10 01:51:59 - [MESSAGE][PASSED] - Delayed 3 second(s)

2018-06-10 01:51:59 - [TEST_STEP][PASSED] - waitForElementPresent: Object 'Object Repository/DispensaryToStore/Page_Dispensary Store/a_dropdown-toggle' is not present after 20 second(s)

2018-06-10 01:52:19 - [MESSAGE][WARNING] - Object 'Object Repository/DispensaryToStore/Page_Dispensary Store/a_dropdown-toggle' is not present after 20 second(s)

2018-06-10 01:52:19 - [TEST_STEP][PASSED] - click: Object: 'Object Repository/DispensaryToCms/Page_KDMC - CMS/a_dropdown-toggle' is clicked on

2018-06-10 01:52:19 - [MESSAGE][PASSED] - Object: 'Object Repository/DispensaryToCms/Page_KDMC - CMS/a_dropdown-toggle' is clicked on

2018-06-10 01:52:19 - [TEST_STEP][PASSED] - click: Object: 'Object Repository/DispensaryToCms/Page_KDMC - CMS/a_Sign out' is clicked on

2018-06-10 01:52:20 - [MESSAGE][PASSED] - Object: 'Object Repository/DispensaryToCms/Page_KDMC - CMS/a_Sign out' is clicked on

2018-06-10 01:52:20 - [TEST_STEP][PASSED] - delay: Delayed 3 second(s)

2018-06-10 01:52:23 - [MESSAGE][PASSED] - Delayed 3 second(s)

2018-06-10 01:52:23 - [TEST_STEP][PASSED] - navigateToUrl: Navigate to 'http://192.168.137.1/multihospital_new/HDSplashscreen.aspx' successfully

2018-06-10 01:52:23 - [MESSAGE][PASSED] - Navigate to 'http://192.168.137.1/multihospital_new/HDSplashscreen.aspx' successfully

2018-06-10 01:52:23 - [TEST_STEP][PASSED] - click: Object: 'Object Repository/DispensaryToCms/Page_KDMC/a_Dispensary Store' is clicked on

2018-06-10 01:52:24 - [MESSAGE][PASSED] - Object: 'Object Repository/DispensaryToCms/Page_KDMC/a_Dispensary Store' is clicked on

2018-06-10 01:52:24 - [TEST_STEP][PASSED] - setText: Text 'rajaram' is set on object 'Object Repository/DispensaryToCms/Page_Dispensary Store Login/input_txtusername'

2018-06-10 01:52:24 - [MESSAGE][PASSED] - Text 'rajaram' is set on object 'Object Repository/DispensaryToCms/Page_Dispensary Store Login/input_txtusername'

2018-06-10 01:52:24 - [TEST_STEP][PASSED] - setText: Text '123' is set on object 'Object Repository/DispensaryToCms/Page_Dispensary Store Login/input_txtpassword'

2018-06-10 01:52:24 - [MESSAGE][PASSED] - Text '123' is set on object 'Object Repository/DispensaryToCms/Page_Dispensary Store Login/input_txtpassword'

2018-06-10 01:52:24 - [TEST_STEP][PASSED] - delay: Delayed 3 second(s)

2018-06-10 01:52:27 - [MESSAGE][PASSED] - Delayed 3 second(s)

2018-06-10 01:52:27 - [TEST_STEP][PASSED] - click: Object: 'Object Repository/DispensaryToCms/Page_Dispensary Store Login/button_Sign in' is clicked on

2018-06-10 01:52:27 - [MESSAGE][PASSED] - Object: 'Object Repository/DispensaryToCms/Page_Dispensary Store Login/button_Sign in' is clicked on

2018-06-10 01:52:27 - [TEST_STEP][PASSED] - delay: Delayed 3 second(s)

2018-06-10 01:52:30 - [MESSAGE][PASSED] - Delayed 3 second(s)

2018-06-10 01:52:30 - [TEST_STEP][PASSED] - click: Object: 'Object Repository/DispensaryToCms/Page_Dispensary Store/a_CMS' is clicked on

2018-06-10 01:52:31 - [MESSAGE][PASSED] - Object: 'Object Repository/DispensaryToCms/Page_Dispensary Store/a_CMS' is clicked on

2018-06-10 01:52:31 - [TEST_STEP][PASSED] - delay: Delayed 2 second(s)

2018-06-10 01:52:33 - [MESSAGE][PASSED] - Delayed 2 second(s)

2018-06-10 01:52:33 - [TEST_STEP][PASSED] - click: Object: 'Object Repository/DispensaryToCms/Page_Dispensary Store/a_Receiving Goods' is clicked on

2018-06-10 01:52:33 - [MESSAGE][PASSED] - Object: 'Object Repository/DispensaryToCms/Page_Dispensary Store/a_Receiving Goods' is clicked on

2018-06-10 01:52:33 - [TEST_STEP][PASSED] - setText: Text 'PRNO/10062018/757' is set on object 'Object Repository/DispensaryToCms/Page_Dispensary Store/input'

2018-06-10 01:52:33 - [MESSAGE][PASSED] - Text 'PRNO/10062018/757' is set on object 'Object Repository/DispensaryToCms/Page_Dispensary Store/input'

2018-06-10 01:52:33 - [TEST_STEP][PASSED] - click: Object: 'Object Repository/DispensaryToCms/Page_Dispensary Store/input_PRNO18052018174' is clicked on

2018-06-10 01:52:34 - [MESSAGE][PASSED] - Object: 'Object Repository/DispensaryToCms/Page_Dispensary Store/input_PRNO18052018174' is clicked on

2018-06-10 01:52:34 - [TEST_STEP][PASSED] - delay: Delayed 2 second(s)

2018-06-10 01:52:36 - [MESSAGE][PASSED] - Delayed 2 second(s)

2018-06-10 01:52:36 - [TEST_STEP][PASSED] - click: Object: 'Object Repository/DispensaryToCms/Page_Dispensary Store/input_chkrem' is clicked on

2018-06-10 01:52:36 - [MESSAGE][PASSED] - Object: 'Object Repository/DispensaryToCms/Page_Dispensary Store/input_chkrem' is clicked on

2018-06-10 01:52:36 - [TEST_STEP][PASSED] - scrollToElement: Scroll to object 'Object Repository/DispensaryToCms/Page_Dispensary Store/input_btchkroqadd' successfully

2018-06-10 01:52:36 - [MESSAGE][PASSED] - Scroll to object 'Object Repository/DispensaryToCms/Page_Dispensary Store/input_btchkroqadd' successfully

2018-06-10 01:52:36 - [TEST_STEP][PASSED] - click: Object: 'Object Repository/DispensaryToCms/Page_Dispensary Store/input_btchkroqadd' is clicked on

2018-06-10 01:52:36 - [MESSAGE][PASSED] - Object: 'Object Repository/DispensaryToCms/Page_Dispensary Store/input_btchkroqadd' is clicked on

2018-06-10 01:52:36 - [TEST_STEP][PASSED] - delay: Delayed 2 second(s)

2018-06-10 01:52:38 - [MESSAGE][PASSED] - Delayed 2 second(s)

2018-06-10 01:52:38 - [TEST_STEP][PASSED] - refresh: Refresh successfully

2018-06-10 01:52:38 - [MESSAGE][PASSED] - Refresh successfully

2018-06-10 01:52:38 - [TEST_STEP][PASSED] - delay: Delayed 3 second(s)

2018-06-10 01:52:41 - [MESSAGE][PASSED] - Delayed 3 second(s)

2018-06-10 01:52:41 - [TEST_STEP][PASSED] - waitForElementPresent: Object 'Object Repository/DispensaryToStore/Page_Dispensary Store/a_dropdown-toggle' is present

2018-06-10 01:52:41 - [MESSAGE][PASSED] - Object 'Object Repository/DispensaryToStore/Page_Dispensary Store/a_dropdown-toggle' is present

2018-06-10 01:52:41 - [TEST_STEP][PASSED] - click: Object: 'Object Repository/DispensaryToCms/Page_Dispensary Store/a_dropdown-toggle' is clicked on

2018-06-10 01:52:41 - [MESSAGE][PASSED] - Object: 'Object Repository/DispensaryToCms/Page_Dispensary Store/a_dropdown-toggle' is clicked on

2018-06-10 01:52:41 - [TEST_STEP][PASSED] - click: Object: 'Object Repository/DispensaryToCms/Page_Dispensary Store/a_Sign out' is clicked on

2018-06-10 01:52:42 - [MESSAGE][PASSED] - Object: 'Object Repository/DispensaryToCms/Page_Dispensary Store/a_Sign out' is clicked on

2018-06-10 01:52:42 - [TEST_STEP][PASSED] - closeBrowser: Browser is closed

2018-06-10 01:52:43 - [MESSAGE][PASSED] - Browser is closed]]></system-out>
         <system-err><![CDATA[]]></system-err>
      </testcase>
      <system-out><![CDATA[2018-06-10 01:38:59 - [TEST_SUITE][ERROR] - Dispensary_Cms_Suite: Test Cases/DISPENSARY TEST CASES/TC_DP_013 Verify Schedule 1 Dispensary To CMS Request Are Working Successfully Or Not FAILED because (of) java.lang.NumberFormatException: For input string: ""]]></system-out>
      <system-err><![CDATA[2018-06-10 01:38:59 - [TEST_SUITE][ERROR] - Dispensary_Cms_Suite: Test Cases/DISPENSARY TEST CASES/TC_DP_013 Verify Schedule 1 Dispensary To CMS Request Are Working Successfully Or Not FAILED because (of) java.lang.NumberFormatException: For input string: ""]]></system-err>
   </testsuite>
</testsuites>
