<?xml version="1.0" encoding="UTF-8"?>
<testsuites name="TEST" time="46" tests="0" failures="0" errors="4">
   <testsuite name="TEST" tests="0" failures="0" errors="4" time="46" timestamp="2018-06-02 12:06:10" hostname="Quality Analyst - DESKTOP-BLFTK83" id="Test Suites/TEST">
      <properties>
         <property name="deviceName" value=""/>
         <property name="devicePlatform" value=""/>
         <property name="logFolder" value="C:\\Users\\Quality Analyst\\Katalon Studio\\ds\\Reports\\TEST\\20180602_120559"/>
         <property name="logFiles" value="C:\\Users\\Quality Analyst\\Katalon Studio\\ds\\Reports\\TEST\\20180602_120559\\execution0.log"/>
         <property name="attachments" value=""/>
         <property name="hostName" value="Quality Analyst - DESKTOP-BLFTK83"/>
         <property name="os" value="Windows 10 64bit"/>
         <property name="katalonVersion" value="5.4.2.1"/>
         <property name="browser" value="Chrome 66.0.3359.181"/>
         <property name="hostAddress" value="169.254.189.85"/>
         <property name="sessionId" value="e1fd9db7df8a7c0e9e102e4657245562"/>
         <property name="seleniumVersion" value="3.7.1"/>
         <property name="proxyInformation" value="ProxyInformation{proxyOption=NO_PROXY, proxyServerType=HTTP, password=, proxyServerAddress=, proxyServerPort=0}"/>
         <property name="platform" value="Windows 10"/>
      </properties>
      <testcase name="Test Cases/TEST/GRN RECEIVE IN CMS/dp" classname="Test Cases/TEST/GRN RECEIVE IN CMS/dp" status="ERROR">
         <error type="ERROR" message="Test Cases/TEST/GRN RECEIVE IN CMS/dp FAILED because (of) org.codehaus.groovy.runtime.typehandling.GroovyCastException: Cannot cast object 'com.kms.katalon.core.testdata.reader.SheetPOI@61a91912' with class 'com.kms.katalon.core.testdata.reader.SheetPOI' to class 'com.kms.katalon.core.testdata.InternalData'"/>
         <system-out><![CDATA[2018-06-02 12:06:10 - [TEST_CASE][ERROR] - Test Cases/TEST/GRN RECEIVE IN CMS/dp: Test Cases/TEST/GRN RECEIVE IN CMS/dp FAILED because (of) org.codehaus.groovy.runtime.typehandling.GroovyCastException: Cannot cast object 'com.kms.katalon.core.testdata.reader.SheetPOI@61a91912' with class 'com.kms.katalon.core.testdata.reader.SheetPOI' to class 'com.kms.katalon.core.testdata.InternalData'

2018-06-02 12:06:11 - [TEST_STEP][PASSED] - openBrowser: Browser is opened with url: ''

2018-06-02 12:06:14 - [MESSAGE][PASSED] - Browser is opened with url: ''

2018-06-02 12:06:14 - [TEST_STEP][PASSED] - navigateToUrl: Navigate to 'http://192.168.137.1/multihospital_new/' successfully

2018-06-02 12:06:17 - [MESSAGE][PASSED] - Navigate to 'http://192.168.137.1/multihospital_new/' successfully

2018-06-02 12:06:17 - [TEST_STEP][PASSED] - click: Object: 'Object Repository/CM/Page_KDMC/a_CMO' is clicked on

2018-06-02 12:06:18 - [MESSAGE][PASSED] - Object: 'Object Repository/CM/Page_KDMC/a_CMO' is clicked on

2018-06-02 12:06:18 - [TEST_STEP][PASSED] - maximizeWindow: Current window maximized

2018-06-02 12:06:19 - [MESSAGE][PASSED] - Current window maximized

2018-06-02 12:06:19 - [TEST_STEP][PASSED] - delay: Delayed 3 second(s)

2018-06-02 12:06:22 - [MESSAGE][PASSED] - Delayed 3 second(s)

2018-06-02 12:06:22 - [TEST_STEP][PASSED] - Statement - data = com.kms.katalon.core.testdata.TestDataFactory.findTestData(DemoTestData): Reading excel file with source file 'C:\Users\Quality Analyst\Desktop\Logindata.xlsx' and sheet name 'Sheet1']]></system-out>
         <system-err><![CDATA[2018-06-02 12:06:10 - [TEST_CASE][ERROR] - Test Cases/TEST/GRN RECEIVE IN CMS/dp: Test Cases/TEST/GRN RECEIVE IN CMS/dp FAILED because (of) org.codehaus.groovy.runtime.typehandling.GroovyCastException: Cannot cast object 'com.kms.katalon.core.testdata.reader.SheetPOI@61a91912' with class 'com.kms.katalon.core.testdata.reader.SheetPOI' to class 'com.kms.katalon.core.testdata.InternalData']]></system-err>
      </testcase>
      <testcase name="Test Cases/TEST/GRN RECEIVE IN CMS/dp" classname="Test Cases/TEST/GRN RECEIVE IN CMS/dp" status="ERROR">
         <error type="ERROR" message="Test Cases/TEST/GRN RECEIVE IN CMS/dp FAILED because (of) org.codehaus.groovy.runtime.typehandling.GroovyCastException: Cannot cast object 'com.kms.katalon.core.testdata.reader.SheetPOI@131fcb6f' with class 'com.kms.katalon.core.testdata.reader.SheetPOI' to class 'com.kms.katalon.core.testdata.InternalData'"/>
         <system-out><![CDATA[2018-06-02 12:06:22 - [TEST_CASE][ERROR] - Test Cases/TEST/GRN RECEIVE IN CMS/dp: Test Cases/TEST/GRN RECEIVE IN CMS/dp FAILED because (of) org.codehaus.groovy.runtime.typehandling.GroovyCastException: Cannot cast object 'com.kms.katalon.core.testdata.reader.SheetPOI@131fcb6f' with class 'com.kms.katalon.core.testdata.reader.SheetPOI' to class 'com.kms.katalon.core.testdata.InternalData'

2018-06-02 12:06:22 - [TEST_STEP][PASSED] - openBrowser: Browser is opened with url: ''

2018-06-02 12:06:22 - [MESSAGE][WARNING] - A browser is already opened. Closing browser and opening a new one

2018-06-02 12:06:26 - [MESSAGE][PASSED] - Browser is opened with url: ''

2018-06-02 12:06:26 - [TEST_STEP][PASSED] - navigateToUrl: Navigate to 'http://192.168.137.1/multihospital_new/' successfully

2018-06-02 12:06:29 - [MESSAGE][PASSED] - Navigate to 'http://192.168.137.1/multihospital_new/' successfully

2018-06-02 12:06:29 - [TEST_STEP][PASSED] - click: Object: 'Object Repository/CM/Page_KDMC/a_CMO' is clicked on

2018-06-02 12:06:29 - [MESSAGE][PASSED] - Object: 'Object Repository/CM/Page_KDMC/a_CMO' is clicked on

2018-06-02 12:06:29 - [TEST_STEP][PASSED] - maximizeWindow: Current window maximized

2018-06-02 12:06:31 - [MESSAGE][PASSED] - Current window maximized

2018-06-02 12:06:31 - [TEST_STEP][PASSED] - delay: Delayed 3 second(s)

2018-06-02 12:06:34 - [MESSAGE][PASSED] - Delayed 3 second(s)

2018-06-02 12:06:34 - [TEST_STEP][PASSED] - Statement - data = com.kms.katalon.core.testdata.TestDataFactory.findTestData(DemoTestData): Reading excel file with source file 'C:\Users\Quality Analyst\Desktop\Logindata.xlsx' and sheet name 'Sheet1']]></system-out>
         <system-err><![CDATA[2018-06-02 12:06:22 - [TEST_CASE][ERROR] - Test Cases/TEST/GRN RECEIVE IN CMS/dp: Test Cases/TEST/GRN RECEIVE IN CMS/dp FAILED because (of) org.codehaus.groovy.runtime.typehandling.GroovyCastException: Cannot cast object 'com.kms.katalon.core.testdata.reader.SheetPOI@131fcb6f' with class 'com.kms.katalon.core.testdata.reader.SheetPOI' to class 'com.kms.katalon.core.testdata.InternalData']]></system-err>
      </testcase>
      <testcase name="Test Cases/TEST/GRN RECEIVE IN CMS/dp" classname="Test Cases/TEST/GRN RECEIVE IN CMS/dp" status="ERROR">
         <error type="ERROR" message="Test Cases/TEST/GRN RECEIVE IN CMS/dp FAILED because (of) org.codehaus.groovy.runtime.typehandling.GroovyCastException: Cannot cast object 'com.kms.katalon.core.testdata.reader.SheetPOI@2032e725' with class 'com.kms.katalon.core.testdata.reader.SheetPOI' to class 'com.kms.katalon.core.testdata.InternalData'"/>
         <system-out><![CDATA[2018-06-02 12:06:34 - [TEST_CASE][ERROR] - Test Cases/TEST/GRN RECEIVE IN CMS/dp: Test Cases/TEST/GRN RECEIVE IN CMS/dp FAILED because (of) org.codehaus.groovy.runtime.typehandling.GroovyCastException: Cannot cast object 'com.kms.katalon.core.testdata.reader.SheetPOI@2032e725' with class 'com.kms.katalon.core.testdata.reader.SheetPOI' to class 'com.kms.katalon.core.testdata.InternalData'

2018-06-02 12:06:34 - [TEST_STEP][PASSED] - openBrowser: Browser is opened with url: ''

2018-06-02 12:06:34 - [MESSAGE][WARNING] - A browser is already opened. Closing browser and opening a new one

2018-06-02 12:06:37 - [MESSAGE][PASSED] - Browser is opened with url: ''

2018-06-02 12:06:37 - [TEST_STEP][PASSED] - navigateToUrl: Navigate to 'http://192.168.137.1/multihospital_new/' successfully

2018-06-02 12:06:40 - [MESSAGE][PASSED] - Navigate to 'http://192.168.137.1/multihospital_new/' successfully

2018-06-02 12:06:40 - [TEST_STEP][PASSED] - click: Object: 'Object Repository/CM/Page_KDMC/a_CMO' is clicked on

2018-06-02 12:06:41 - [MESSAGE][PASSED] - Object: 'Object Repository/CM/Page_KDMC/a_CMO' is clicked on

2018-06-02 12:06:41 - [TEST_STEP][PASSED] - maximizeWindow: Current window maximized

2018-06-02 12:06:42 - [MESSAGE][PASSED] - Current window maximized

2018-06-02 12:06:42 - [TEST_STEP][PASSED] - delay: Delayed 3 second(s)

2018-06-02 12:06:45 - [MESSAGE][PASSED] - Delayed 3 second(s)

2018-06-02 12:06:45 - [TEST_STEP][PASSED] - Statement - data = com.kms.katalon.core.testdata.TestDataFactory.findTestData(DemoTestData): Reading excel file with source file 'C:\Users\Quality Analyst\Desktop\Logindata.xlsx' and sheet name 'Sheet1']]></system-out>
         <system-err><![CDATA[2018-06-02 12:06:34 - [TEST_CASE][ERROR] - Test Cases/TEST/GRN RECEIVE IN CMS/dp: Test Cases/TEST/GRN RECEIVE IN CMS/dp FAILED because (of) org.codehaus.groovy.runtime.typehandling.GroovyCastException: Cannot cast object 'com.kms.katalon.core.testdata.reader.SheetPOI@2032e725' with class 'com.kms.katalon.core.testdata.reader.SheetPOI' to class 'com.kms.katalon.core.testdata.InternalData']]></system-err>
      </testcase>
      <testcase name="Test Cases/TEST/GRN RECEIVE IN CMS/dp" classname="Test Cases/TEST/GRN RECEIVE IN CMS/dp" status="ERROR">
         <error type="ERROR" message="Test Cases/TEST/GRN RECEIVE IN CMS/dp FAILED because (of) org.codehaus.groovy.runtime.typehandling.GroovyCastException: Cannot cast object 'com.kms.katalon.core.testdata.reader.SheetPOI@353efdbf' with class 'com.kms.katalon.core.testdata.reader.SheetPOI' to class 'com.kms.katalon.core.testdata.InternalData'"/>
         <system-out><![CDATA[2018-06-02 12:06:45 - [TEST_CASE][ERROR] - Test Cases/TEST/GRN RECEIVE IN CMS/dp: Test Cases/TEST/GRN RECEIVE IN CMS/dp FAILED because (of) org.codehaus.groovy.runtime.typehandling.GroovyCastException: Cannot cast object 'com.kms.katalon.core.testdata.reader.SheetPOI@353efdbf' with class 'com.kms.katalon.core.testdata.reader.SheetPOI' to class 'com.kms.katalon.core.testdata.InternalData'

2018-06-02 12:06:45 - [TEST_STEP][PASSED] - openBrowser: Browser is opened with url: ''

2018-06-02 12:06:45 - [MESSAGE][WARNING] - A browser is already opened. Closing browser and opening a new one

2018-06-02 12:06:48 - [MESSAGE][PASSED] - Browser is opened with url: ''

2018-06-02 12:06:48 - [TEST_STEP][PASSED] - navigateToUrl: Navigate to 'http://192.168.137.1/multihospital_new/' successfully

2018-06-02 12:06:51 - [MESSAGE][PASSED] - Navigate to 'http://192.168.137.1/multihospital_new/' successfully

2018-06-02 12:06:51 - [TEST_STEP][PASSED] - click: Object: 'Object Repository/CM/Page_KDMC/a_CMO' is clicked on

2018-06-02 12:06:52 - [MESSAGE][PASSED] - Object: 'Object Repository/CM/Page_KDMC/a_CMO' is clicked on

2018-06-02 12:06:52 - [TEST_STEP][PASSED] - maximizeWindow: Current window maximized

2018-06-02 12:06:53 - [MESSAGE][PASSED] - Current window maximized

2018-06-02 12:06:53 - [TEST_STEP][PASSED] - delay: Delayed 3 second(s)

2018-06-02 12:06:56 - [MESSAGE][PASSED] - Delayed 3 second(s)

2018-06-02 12:06:56 - [TEST_STEP][PASSED] - Statement - data = com.kms.katalon.core.testdata.TestDataFactory.findTestData(DemoTestData): Reading excel file with source file 'C:\Users\Quality Analyst\Desktop\Logindata.xlsx' and sheet name 'Sheet1']]></system-out>
         <system-err><![CDATA[2018-06-02 12:06:45 - [TEST_CASE][ERROR] - Test Cases/TEST/GRN RECEIVE IN CMS/dp: Test Cases/TEST/GRN RECEIVE IN CMS/dp FAILED because (of) org.codehaus.groovy.runtime.typehandling.GroovyCastException: Cannot cast object 'com.kms.katalon.core.testdata.reader.SheetPOI@353efdbf' with class 'com.kms.katalon.core.testdata.reader.SheetPOI' to class 'com.kms.katalon.core.testdata.InternalData']]></system-err>
      </testcase>
      <system-out><![CDATA[2018-06-02 12:06:10 - [TEST_SUITE][ERROR] - TEST: Test Cases/TEST/GRN RECEIVE IN CMS/dp FAILED because (of) org.codehaus.groovy.runtime.typehandling.GroovyCastException: Cannot cast object 'com.kms.katalon.core.testdata.reader.SheetPOI@61a91912' with class 'com.kms.katalon.core.testdata.reader.SheetPOI' to class 'com.kms.katalon.core.testdata.InternalData']]></system-out>
      <system-err><![CDATA[2018-06-02 12:06:10 - [TEST_SUITE][ERROR] - TEST: Test Cases/TEST/GRN RECEIVE IN CMS/dp FAILED because (of) org.codehaus.groovy.runtime.typehandling.GroovyCastException: Cannot cast object 'com.kms.katalon.core.testdata.reader.SheetPOI@61a91912' with class 'com.kms.katalon.core.testdata.reader.SheetPOI' to class 'com.kms.katalon.core.testdata.InternalData']]></system-err>
   </testsuite>
</testsuites>
