<?xml version="1.0" encoding="UTF-8"?>
<testsuites name="Moh_Request" time="948" tests="8" failures="3" errors="0">
   <testsuite name="Moh_Request" tests="8" failures="3" errors="0" time="948" timestamp="2018-05-05 10:49:43" hostname="Quality Analyst - DESKTOP-BLFTK83" id="Test Suites/Moh_Request">
      <properties>
         <property name="deviceName" value=""/>
         <property name="devicePlatform" value=""/>
         <property name="logFolder" value="C:\\Users\\Quality Analyst\\Katalon Studio\\ds\\Reports\\Moh_Request\\20180505_104937"/>
         <property name="logFiles" value="C:\\Users\\Quality Analyst\\Katalon Studio\\ds\\Reports\\Moh_Request\\20180505_104937\\execution0.log, C:\\Users\\Quality Analyst\\Katalon Studio\\ds\\Reports\\Moh_Request\\20180505_104937\\execution1.log"/>
         <property name="attachments" value="C:\\Users\\Quality Analyst\\Katalon Studio\\ds\\Reports\\Moh_Request\\20180505_104937\\1525497753643.png, C:\\Users\\Quality Analyst\\Katalon Studio\\ds\\Reports\\Moh_Request\\20180505_104937\\1525497871600.png, C:\\Users\\Quality Analyst\\Katalon Studio\\ds\\Reports\\Moh_Request\\20180505_104937\\1525498221949.png"/>
         <property name="hostName" value="Quality Analyst - DESKTOP-BLFTK83"/>
         <property name="os" value="Windows 10 64bit"/>
         <property name="katalonVersion" value="5.4.1.1"/>
         <property name="browser" value="Chrome 66.0.3359.139"/>
         <property name="hostAddress" value="192.168.71.2"/>
         <property name="sessionId" value="c24d7d4a42b4d796a896a599ccef97b6"/>
         <property name="seleniumVersion" value="3.7.1"/>
         <property name="proxyInformation" value="ProxyInformation{proxyOption=NO_PROXY, proxyServerType=HTTP, password=, proxyServerAddress=, proxyServerPort=0}"/>
         <property name="platform" value="Windows 10"/>
      </properties>
      <testcase name="Test Cases/MOHTOCMSREQUEST/MohRequestSchedule2" classname="Test Cases/MOHTOCMSREQUEST/MohRequestSchedule2" status="FAILED">
         <failure type="FAILED" message="Unable to click on object 'Object Repository/Schedule2/Page_KDMC - CMS/a_Sign out' (Root cause: org.openqa.selenium.ElementNotVisibleException: element not visible
  (Session info: chrome=66.0.3359.139)
  (Driver info: chromedriver=2.35.528161 (5b82f2d2aae0ca24b877009200ced9065a772e73),platform=Windows NT 10.0.16299 x86_64) (WARNING: The server did not provide any stacktrace information)
Command duration or timeout: 0 milliseconds
Build info: version: '3.7.1', revision: '8a0099a', time: '2017-11-06T21:07:36.161Z'
System info: host: 'DESKTOP-BLFTK83', ip: '192.168.71.2', os.name: 'Windows 10', os.arch: 'amd64', os.version: '10.0', java.version: '1.8.0_102'
Driver info: com.kms.katalon.selenium.driver.CChromeDriver
Capabilities {acceptInsecureCerts: false, acceptSslCerts: false, applicationCacheEnabled: false, browserConnectionEnabled: false, browserName: chrome, chrome: {chromedriverVersion: 2.35.528161 (5b82f2d2aae0ca..., userDataDir: C:\Users\QUALIT~1\AppData\L...}, cssSelectorsEnabled: true, databaseEnabled: false, handlesAlerts: true, hasTouchScreen: false, javascriptEnabled: true, locationContextEnabled: true, mobileEmulationEnabled: false, nativeEvents: true, networkConnectionEnabled: false, pageLoadStrategy: normal, platform: XP, platformName: XP, rotatable: false, setWindowRect: true, takesHeapSnapshot: true, takesScreenshot: true, unexpectedAlertBehaviour: , unhandledPromptBehavior: , version: 66.0.3359.139, webStorageEnabled: true}
Session ID: 1f6d3d3a75e37e8425597fcc09786ab6)"/>
         <system-out><![CDATA[2018-05-05 10:49:43 - [TEST_CASE][FAILED] - Test Cases/MOHTOCMSREQUEST/MohRequestSchedule2: Test Cases/MOHTOCMSREQUEST/MohRequestSchedule2 FAILED because (of) Unable to click on object 'Object Repository/Schedule2/Page_KDMC - CMS/a_Sign out' (Root cause: org.openqa.selenium.ElementNotVisibleException: element not visible
  (Session info: chrome=66.0.3359.139)
  (Driver info: chromedriver=2.35.528161 (5b82f2d2aae0ca24b877009200ced9065a772e73),platform=Windows NT 10.0.16299 x86_64) (WARNING: The server did not provide any stacktrace information)
Command duration or timeout: 0 milliseconds
Build info: version: '3.7.1', revision: '8a0099a', time: '2017-11-06T21:07:36.161Z'
System info: host: 'DESKTOP-BLFTK83', ip: '192.168.71.2', os.name: 'Windows 10', os.arch: 'amd64', os.version: '10.0', java.version: '1.8.0_102'
Driver info: com.kms.katalon.selenium.driver.CChromeDriver
Capabilities {acceptInsecureCerts: false, acceptSslCerts: false, applicationCacheEnabled: false, browserConnectionEnabled: false, browserName: chrome, chrome: {chromedriverVersion: 2.35.528161 (5b82f2d2aae0ca..., userDataDir: C:\Users\QUALIT~1\AppData\L...}, cssSelectorsEnabled: true, databaseEnabled: false, handlesAlerts: true, hasTouchScreen: false, javascriptEnabled: true, locationContextEnabled: true, mobileEmulationEnabled: false, nativeEvents: true, networkConnectionEnabled: false, pageLoadStrategy: normal, platform: XP, platformName: XP, rotatable: false, setWindowRect: true, takesHeapSnapshot: true, takesScreenshot: true, unexpectedAlertBehaviour: , unhandledPromptBehavior: , version: 66.0.3359.139, webStorageEnabled: true}
Session ID: 1f6d3d3a75e37e8425597fcc09786ab6)

2018-05-05 10:49:44 - [TEST_STEP][PASSED] - openBrowser: Browser is opened with url: ''

2018-05-05 10:49:47 - [MESSAGE][PASSED] - Browser is opened with url: ''

2018-05-05 10:49:47 - [TEST_STEP][PASSED] - Statement - i = 1: null

2018-05-05 10:49:47 - [TEST_STEP][PASSED] - navigateToUrl: Navigate to 'http://192.168.137.1/multihospital_new/' successfully

2018-05-05 10:49:49 - [MESSAGE][PASSED] - Navigate to 'http://192.168.137.1/multihospital_new/' successfully

2018-05-05 10:49:49 - [TEST_STEP][PASSED] - maximizeWindow: Current window maximized

2018-05-05 10:49:50 - [MESSAGE][PASSED] - Current window maximized

2018-05-05 10:49:50 - [TEST_STEP][PASSED] - click: Object: 'Object Repository/Schedule2/Page_KDMC/a_CMS' is clicked on

2018-05-05 10:49:50 - [MESSAGE][PASSED] - Object: 'Object Repository/Schedule2/Page_KDMC/a_CMS' is clicked on

2018-05-05 10:49:50 - [TEST_STEP][PASSED] - setText: Text 'bala' is set on object 'Object Repository/Schedule2/Page_CMS login/input_txtusername'

2018-05-05 10:49:51 - [MESSAGE][PASSED] - Text 'bala' is set on object 'Object Repository/Schedule2/Page_CMS login/input_txtusername'

2018-05-05 10:49:51 - [TEST_STEP][PASSED] - setText: Text '123' is set on object 'Object Repository/Schedule2/Page_CMS login/input_txtpassword'

2018-05-05 10:49:51 - [MESSAGE][PASSED] - Text '123' is set on object 'Object Repository/Schedule2/Page_CMS login/input_txtpassword'

2018-05-05 10:49:51 - [TEST_STEP][PASSED] - delay: Delayed 4 second(s)

2018-05-05 10:49:55 - [MESSAGE][PASSED] - Delayed 4 second(s)

2018-05-05 10:49:55 - [TEST_STEP][PASSED] - click: Object: 'Object Repository/Schedule2/Page_CMS login/button_Sign in' is clicked on

2018-05-05 10:49:56 - [MESSAGE][PASSED] - Object: 'Object Repository/Schedule2/Page_CMS login/button_Sign in' is clicked on

2018-05-05 10:49:56 - [TEST_STEP][PASSED] - delay: Delayed 2 second(s)

2018-05-05 10:49:58 - [MESSAGE][PASSED] - Delayed 2 second(s)

2018-05-05 10:49:58 - [TEST_STEP][PASSED] - click: Object: 'Object Repository/Schedule2/Page_KDMC - CMS/a_Request to MOH' is clicked on

2018-05-05 10:49:58 - [MESSAGE][PASSED] - Object: 'Object Repository/Schedule2/Page_KDMC - CMS/a_Request to MOH' is clicked on

2018-05-05 10:49:58 - [TEST_STEP][PASSED] - delay: Delayed 2 second(s)

2018-05-05 10:50:00 - [MESSAGE][PASSED] - Delayed 2 second(s)

2018-05-05 10:50:00 - [TEST_STEP][PASSED] - selectOptionByValue: All options with value 'Weekly/Monthly' are selected in object 'Object Repository/Schedule2/Page_KDMC - CMS/select_--Select--'  using regular expression

2018-05-05 10:50:01 - [MESSAGE][PASSED] - All options with value 'Weekly/Monthly' are selected in object 'Object Repository/Schedule2/Page_KDMC - CMS/select_--Select--'  using regular expression

2018-05-05 10:50:01 - [TEST_STEP][PASSED] - delay: Delayed 2 second(s)

2018-05-05 10:50:03 - [MESSAGE][PASSED] - Delayed 2 second(s)

2018-05-05 10:50:03 - [TEST_STEP][PASSED] - selectOptionByValue: All options with value '2' are selected in object 'Object Repository/Schedule2/Page_KDMC - CMS/select_--Select--Schedule 1Inj'  using regular expression

2018-05-05 10:50:03 - [MESSAGE][PASSED] - All options with value '2' are selected in object 'Object Repository/Schedule2/Page_KDMC - CMS/select_--Select--Schedule 1Inj'  using regular expression

2018-05-05 10:50:03 - [TEST_STEP][PASSED] - Statement - selectedoptions = com.kms.katalon.core.webui.keyword.WebUiBuiltInKeywords.getNumberOfTotalOption(com.kms.katalon.core.testobject.ObjectRepository.findTestObject(Schedule2/Page_KDMC - CMS/select_--Select--Albendazole)): 73 options of object 'Object Repository/Schedule2/Page_KDMC - CMS/select_--Select--Albendazole' counted

2018-05-05 10:50:03 - [MESSAGE][PASSED] - 73 options of object 'Object Repository/Schedule2/Page_KDMC - CMS/select_--Select--Albendazole' counted

2018-05-05 10:50:03 - [TEST_STEP][PASSED] - Statement - For ([i, i <= selectedoptions - 1, (i++)]): Object: 'Object Repository/Schedule2/Page_KDMC - CMS/button_Add' is clicked on

2018-05-05 10:50:03 - [TEST_STEP][PASSED] - selectOptionByValue: All options with value '2' are selected in object 'Object Repository/Schedule2/Page_KDMC - CMS/select_--Select--Schedule 1Inj'  using regular expression

2018-05-05 10:50:03 - [MESSAGE][PASSED] - All options with value '2' are selected in object 'Object Repository/Schedule2/Page_KDMC - CMS/select_--Select--Schedule 1Inj'  using regular expression

2018-05-05 10:50:03 - [TEST_STEP][PASSED] - selectOptionByIndex: All options with index in [1] are selected on object 'Object Repository/Schedule2/Page_KDMC - CMS/select_--Select--Albendazole'

2018-05-05 10:50:03 - [MESSAGE][PASSED] - All options with index in [1] are selected on object 'Object Repository/Schedule2/Page_KDMC - CMS/select_--Select--Albendazole'

2018-05-05 10:50:03 - [TEST_STEP][PASSED] - setText: Text '5000' is set on object 'Object Repository/Schedule2/Page_KDMC - CMS/input_txttreat'

2018-05-05 10:50:04 - [MESSAGE][PASSED] - Text '5000' is set on object 'Object Repository/Schedule2/Page_KDMC - CMS/input_txttreat'

2018-05-05 10:50:04 - [TEST_STEP][PASSED] - delay: Delayed 1 second(s)

2018-05-05 10:50:05 - [MESSAGE][PASSED] - Delayed 1 second(s)

2018-05-05 10:50:05 - [TEST_STEP][PASSED] - click: Object: 'Object Repository/Schedule2/Page_KDMC - CMS/button_Add' is clicked on

2018-05-05 10:50:05 - [MESSAGE][PASSED] - Object: 'Object Repository/Schedule2/Page_KDMC - CMS/button_Add' is clicked on

2018-05-05 10:50:05 - [TEST_STEP][PASSED] - selectOptionByValue: All options with value '2' are selected in object 'Object Repository/Schedule2/Page_KDMC - CMS/select_--Select--Schedule 1Inj'  using regular expression

2018-05-05 10:50:05 - [MESSAGE][PASSED] - All options with value '2' are selected in object 'Object Repository/Schedule2/Page_KDMC - CMS/select_--Select--Schedule 1Inj'  using regular expression

2018-05-05 10:50:05 - [TEST_STEP][PASSED] - selectOptionByIndex: All options with index in [2] are selected on object 'Object Repository/Schedule2/Page_KDMC - CMS/select_--Select--Albendazole'

2018-05-05 10:50:05 - [MESSAGE][PASSED] - All options with index in [2] are selected on object 'Object Repository/Schedule2/Page_KDMC - CMS/select_--Select--Albendazole'

2018-05-05 10:50:05 - [TEST_STEP][PASSED] - setText: Text '5000' is set on object 'Object Repository/Schedule2/Page_KDMC - CMS/input_txttreat'

2018-05-05 10:50:05 - [MESSAGE][PASSED] - Text '5000' is set on object 'Object Repository/Schedule2/Page_KDMC - CMS/input_txttreat'

2018-05-05 10:50:05 - [TEST_STEP][PASSED] - delay: Delayed 1 second(s)

2018-05-05 10:50:06 - [MESSAGE][PASSED] - Delayed 1 second(s)

2018-05-05 10:50:06 - [TEST_STEP][PASSED] - click: Object: 'Object Repository/Schedule2/Page_KDMC - CMS/button_Add' is clicked on

2018-05-05 10:50:06 - [MESSAGE][PASSED] - Object: 'Object Repository/Schedule2/Page_KDMC - CMS/button_Add' is clicked on

2018-05-05 10:50:06 - [TEST_STEP][PASSED] - selectOptionByValue: All options with value '2' are selected in object 'Object Repository/Schedule2/Page_KDMC - CMS/select_--Select--Schedule 1Inj'  using regular expression

2018-05-05 10:50:07 - [MESSAGE][PASSED] - All options with value '2' are selected in object 'Object Repository/Schedule2/Page_KDMC - CMS/select_--Select--Schedule 1Inj'  using regular expression

2018-05-05 10:50:07 - [TEST_STEP][PASSED] - selectOptionByIndex: All options with index in [3] are selected on object 'Object Repository/Schedule2/Page_KDMC - CMS/select_--Select--Albendazole'

2018-05-05 10:50:07 - [MESSAGE][PASSED] - All options with index in [3] are selected on object 'Object Repository/Schedule2/Page_KDMC - CMS/select_--Select--Albendazole'

2018-05-05 10:50:07 - [TEST_STEP][PASSED] - setText: Text '5000' is set on object 'Object Repository/Schedule2/Page_KDMC - CMS/input_txttreat'

2018-05-05 10:50:07 - [MESSAGE][PASSED] - Text '5000' is set on object 'Object Repository/Schedule2/Page_KDMC - CMS/input_txttreat'

2018-05-05 10:50:07 - [TEST_STEP][PASSED] - delay: Delayed 1 second(s)

2018-05-05 10:50:08 - [MESSAGE][PASSED] - Delayed 1 second(s)

2018-05-05 10:50:08 - [TEST_STEP][PASSED] - click: Object: 'Object Repository/Schedule2/Page_KDMC - CMS/button_Add' is clicked on

2018-05-05 10:50:08 - [MESSAGE][PASSED] - Object: 'Object Repository/Schedule2/Page_KDMC - CMS/button_Add' is clicked on

2018-05-05 10:50:08 - [TEST_STEP][PASSED] - selectOptionByValue: All options with value '2' are selected in object 'Object Repository/Schedule2/Page_KDMC - CMS/select_--Select--Schedule 1Inj'  using regular expression

2018-05-05 10:50:08 - [MESSAGE][PASSED] - All options with value '2' are selected in object 'Object Repository/Schedule2/Page_KDMC - CMS/select_--Select--Schedule 1Inj'  using regular expression

2018-05-05 10:50:08 - [TEST_STEP][PASSED] - selectOptionByIndex: All options with index in [4] are selected on object 'Object Repository/Schedule2/Page_KDMC - CMS/select_--Select--Albendazole'

2018-05-05 10:50:08 - [MESSAGE][PASSED] - All options with index in [4] are selected on object 'Object Repository/Schedule2/Page_KDMC - CMS/select_--Select--Albendazole'

2018-05-05 10:50:08 - [TEST_STEP][PASSED] - setText: Text '5000' is set on object 'Object Repository/Schedule2/Page_KDMC - CMS/input_txttreat'

2018-05-05 10:50:09 - [MESSAGE][PASSED] - Text '5000' is set on object 'Object Repository/Schedule2/Page_KDMC - CMS/input_txttreat'

2018-05-05 10:50:09 - [TEST_STEP][PASSED] - delay: Delayed 1 second(s)

2018-05-05 10:50:10 - [MESSAGE][PASSED] - Delayed 1 second(s)

2018-05-05 10:50:10 - [TEST_STEP][PASSED] - click: Object: 'Object Repository/Schedule2/Page_KDMC - CMS/button_Add' is clicked on

2018-05-05 10:50:10 - [MESSAGE][PASSED] - Object: 'Object Repository/Schedule2/Page_KDMC - CMS/button_Add' is clicked on

2018-05-05 10:50:10 - [TEST_STEP][PASSED] - selectOptionByValue: All options with value '2' are selected in object 'Object Repository/Schedule2/Page_KDMC - CMS/select_--Select--Schedule 1Inj'  using regular expression

2018-05-05 10:50:10 - [MESSAGE][PASSED] - All options with value '2' are selected in object 'Object Repository/Schedule2/Page_KDMC - CMS/select_--Select--Schedule 1Inj'  using regular expression

2018-05-05 10:50:10 - [TEST_STEP][PASSED] - selectOptionByIndex: All options with index in [5] are selected on object 'Object Repository/Schedule2/Page_KDMC - CMS/select_--Select--Albendazole'

2018-05-05 10:50:10 - [MESSAGE][PASSED] - All options with index in [5] are selected on object 'Object Repository/Schedule2/Page_KDMC - CMS/select_--Select--Albendazole'

2018-05-05 10:50:10 - [TEST_STEP][PASSED] - setText: Text '5000' is set on object 'Object Repository/Schedule2/Page_KDMC - CMS/input_txttreat'

2018-05-05 10:50:10 - [MESSAGE][PASSED] - Text '5000' is set on object 'Object Repository/Schedule2/Page_KDMC - CMS/input_txttreat'

2018-05-05 10:50:10 - [TEST_STEP][PASSED] - delay: Delayed 1 second(s)

2018-05-05 10:50:11 - [MESSAGE][PASSED] - Delayed 1 second(s)

2018-05-05 10:50:11 - [TEST_STEP][PASSED] - click: Object: 'Object Repository/Schedule2/Page_KDMC - CMS/button_Add' is clicked on

2018-05-05 10:50:11 - [MESSAGE][PASSED] - Object: 'Object Repository/Schedule2/Page_KDMC - CMS/button_Add' is clicked on

2018-05-05 10:50:11 - [TEST_STEP][PASSED] - selectOptionByValue: All options with value '2' are selected in object 'Object Repository/Schedule2/Page_KDMC - CMS/select_--Select--Schedule 1Inj'  using regular expression

2018-05-05 10:50:12 - [MESSAGE][PASSED] - All options with value '2' are selected in object 'Object Repository/Schedule2/Page_KDMC - CMS/select_--Select--Schedule 1Inj'  using regular expression

2018-05-05 10:50:12 - [TEST_STEP][PASSED] - selectOptionByIndex: All options with index in [6] are selected on object 'Object Repository/Schedule2/Page_KDMC - CMS/select_--Select--Albendazole'

2018-05-05 10:50:12 - [MESSAGE][PASSED] - All options with index in [6] are selected on object 'Object Repository/Schedule2/Page_KDMC - CMS/select_--Select--Albendazole'

2018-05-05 10:50:12 - [TEST_STEP][PASSED] - setText: Text '5000' is set on object 'Object Repository/Schedule2/Page_KDMC - CMS/input_txttreat'

2018-05-05 10:50:12 - [MESSAGE][PASSED] - Text '5000' is set on object 'Object Repository/Schedule2/Page_KDMC - CMS/input_txttreat'

2018-05-05 10:50:12 - [TEST_STEP][PASSED] - delay: Delayed 1 second(s)

2018-05-05 10:50:13 - [MESSAGE][PASSED] - Delayed 1 second(s)

2018-05-05 10:50:13 - [TEST_STEP][PASSED] - click: Object: 'Object Repository/Schedule2/Page_KDMC - CMS/button_Add' is clicked on

2018-05-05 10:50:13 - [MESSAGE][PASSED] - Object: 'Object Repository/Schedule2/Page_KDMC - CMS/button_Add' is clicked on

2018-05-05 10:50:13 - [TEST_STEP][PASSED] - selectOptionByValue: All options with value '2' are selected in object 'Object Repository/Schedule2/Page_KDMC - CMS/select_--Select--Schedule 1Inj'  using regular expression

2018-05-05 10:50:13 - [MESSAGE][PASSED] - All options with value '2' are selected in object 'Object Repository/Schedule2/Page_KDMC - CMS/select_--Select--Schedule 1Inj'  using regular expression

2018-05-05 10:50:13 - [TEST_STEP][PASSED] - selectOptionByIndex: All options with index in [7] are selected on object 'Object Repository/Schedule2/Page_KDMC - CMS/select_--Select--Albendazole'

2018-05-05 10:50:13 - [MESSAGE][PASSED] - All options with index in [7] are selected on object 'Object Repository/Schedule2/Page_KDMC - CMS/select_--Select--Albendazole'

2018-05-05 10:50:13 - [TEST_STEP][PASSED] - setText: Text '5000' is set on object 'Object Repository/Schedule2/Page_KDMC - CMS/input_txttreat'

2018-05-05 10:50:13 - [MESSAGE][PASSED] - Text '5000' is set on object 'Object Repository/Schedule2/Page_KDMC - CMS/input_txttreat'

2018-05-05 10:50:13 - [TEST_STEP][PASSED] - delay: Delayed 1 second(s)

2018-05-05 10:50:14 - [MESSAGE][PASSED] - Delayed 1 second(s)

2018-05-05 10:50:14 - [TEST_STEP][PASSED] - click: Object: 'Object Repository/Schedule2/Page_KDMC - CMS/button_Add' is clicked on

2018-05-05 10:50:15 - [MESSAGE][PASSED] - Object: 'Object Repository/Schedule2/Page_KDMC - CMS/button_Add' is clicked on

2018-05-05 10:50:15 - [TEST_STEP][PASSED] - selectOptionByValue: All options with value '2' are selected in object 'Object Repository/Schedule2/Page_KDMC - CMS/select_--Select--Schedule 1Inj'  using regular expression

2018-05-05 10:50:15 - [MESSAGE][PASSED] - All options with value '2' are selected in object 'Object Repository/Schedule2/Page_KDMC - CMS/select_--Select--Schedule 1Inj'  using regular expression

2018-05-05 10:50:15 - [TEST_STEP][PASSED] - selectOptionByIndex: All options with index in [8] are selected on object 'Object Repository/Schedule2/Page_KDMC - CMS/select_--Select--Albendazole'

2018-05-05 10:50:15 - [MESSAGE][PASSED] - All options with index in [8] are selected on object 'Object Repository/Schedule2/Page_KDMC - CMS/select_--Select--Albendazole'

2018-05-05 10:50:15 - [TEST_STEP][PASSED] - setText: Text '5000' is set on object 'Object Repository/Schedule2/Page_KDMC - CMS/input_txttreat'

2018-05-05 10:50:15 - [MESSAGE][PASSED] - Text '5000' is set on object 'Object Repository/Schedule2/Page_KDMC - CMS/input_txttreat'

2018-05-05 10:50:15 - [TEST_STEP][PASSED] - delay: Delayed 1 second(s)

2018-05-05 10:50:16 - [MESSAGE][PASSED] - Delayed 1 second(s)

2018-05-05 10:50:16 - [TEST_STEP][PASSED] - click: Object: 'Object Repository/Schedule2/Page_KDMC - CMS/button_Add' is clicked on

2018-05-05 10:50:16 - [MESSAGE][PASSED] - Object: 'Object Repository/Schedule2/Page_KDMC - CMS/button_Add' is clicked on

2018-05-05 10:50:16 - [TEST_STEP][PASSED] - selectOptionByValue: All options with value '2' are selected in object 'Object Repository/Schedule2/Page_KDMC - CMS/select_--Select--Schedule 1Inj'  using regular expression

2018-05-05 10:50:16 - [MESSAGE][PASSED] - All options with value '2' are selected in object 'Object Repository/Schedule2/Page_KDMC - CMS/select_--Select--Schedule 1Inj'  using regular expression

2018-05-05 10:50:16 - [TEST_STEP][PASSED] - selectOptionByIndex: All options with index in [9] are selected on object 'Object Repository/Schedule2/Page_KDMC - CMS/select_--Select--Albendazole'

2018-05-05 10:50:17 - [MESSAGE][PASSED] - All options with index in [9] are selected on object 'Object Repository/Schedule2/Page_KDMC - CMS/select_--Select--Albendazole'

2018-05-05 10:50:17 - [TEST_STEP][PASSED] - setText: Text '5000' is set on object 'Object Repository/Schedule2/Page_KDMC - CMS/input_txttreat'

2018-05-05 10:50:17 - [MESSAGE][PASSED] - Text '5000' is set on object 'Object Repository/Schedule2/Page_KDMC - CMS/input_txttreat'

2018-05-05 10:50:17 - [TEST_STEP][PASSED] - delay: Delayed 1 second(s)

2018-05-05 10:50:18 - [MESSAGE][PASSED] - Delayed 1 second(s)

2018-05-05 10:50:18 - [TEST_STEP][PASSED] - click: Object: 'Object Repository/Schedule2/Page_KDMC - CMS/button_Add' is clicked on

2018-05-05 10:50:18 - [MESSAGE][PASSED] - Object: 'Object Repository/Schedule2/Page_KDMC - CMS/button_Add' is clicked on

2018-05-05 10:50:18 - [TEST_STEP][PASSED] - selectOptionByValue: All options with value '2' are selected in object 'Object Repository/Schedule2/Page_KDMC - CMS/select_--Select--Schedule 1Inj'  using regular expression

2018-05-05 10:50:18 - [MESSAGE][PASSED] - All options with value '2' are selected in object 'Object Repository/Schedule2/Page_KDMC - CMS/select_--Select--Schedule 1Inj'  using regular expression

2018-05-05 10:50:18 - [TEST_STEP][PASSED] - selectOptionByIndex: All options with index in [10] are selected on object 'Object Repository/Schedule2/Page_KDMC - CMS/select_--Select--Albendazole'

2018-05-05 10:50:18 - [MESSAGE][PASSED] - All options with index in [10] are selected on object 'Object Repository/Schedule2/Page_KDMC - CMS/select_--Select--Albendazole'

2018-05-05 10:50:18 - [TEST_STEP][PASSED] - setText: Text '5000' is set on object 'Object Repository/Schedule2/Page_KDMC - CMS/input_txttreat'

2018-05-05 10:50:19 - [MESSAGE][PASSED] - Text '5000' is set on object 'Object Repository/Schedule2/Page_KDMC - CMS/input_txttreat'

2018-05-05 10:50:19 - [TEST_STEP][PASSED] - delay: Delayed 1 second(s)

2018-05-05 10:50:20 - [MESSAGE][PASSED] - Delayed 1 second(s)

2018-05-05 10:50:20 - [TEST_STEP][PASSED] - click: Object: 'Object Repository/Schedule2/Page_KDMC - CMS/button_Add' is clicked on

2018-05-05 10:50:20 - [MESSAGE][PASSED] - Object: 'Object Repository/Schedule2/Page_KDMC - CMS/button_Add' is clicked on

2018-05-05 10:50:20 - [TEST_STEP][PASSED] - selectOptionByValue: All options with value '2' are selected in object 'Object Repository/Schedule2/Page_KDMC - CMS/select_--Select--Schedule 1Inj'  using regular expression

2018-05-05 10:50:20 - [MESSAGE][PASSED] - All options with value '2' are selected in object 'Object Repository/Schedule2/Page_KDMC - CMS/select_--Select--Schedule 1Inj'  using regular expression

2018-05-05 10:50:20 - [TEST_STEP][PASSED] - selectOptionByIndex: All options with index in [11] are selected on object 'Object Repository/Schedule2/Page_KDMC - CMS/select_--Select--Albendazole'

2018-05-05 10:50:20 - [MESSAGE][PASSED] - All options with index in [11] are selected on object 'Object Repository/Schedule2/Page_KDMC - CMS/select_--Select--Albendazole'

2018-05-05 10:50:20 - [TEST_STEP][PASSED] - setText: Text '5000' is set on object 'Object Repository/Schedule2/Page_KDMC - CMS/input_txttreat'

2018-05-05 10:50:20 - [MESSAGE][PASSED] - Text '5000' is set on object 'Object Repository/Schedule2/Page_KDMC - CMS/input_txttreat'

2018-05-05 10:50:20 - [TEST_STEP][PASSED] - delay: Delayed 1 second(s)

2018-05-05 10:50:21 - [MESSAGE][PASSED] - Delayed 1 second(s)

2018-05-05 10:50:21 - [TEST_STEP][PASSED] - click: Object: 'Object Repository/Schedule2/Page_KDMC - CMS/button_Add' is clicked on

2018-05-05 10:50:21 - [MESSAGE][PASSED] - Object: 'Object Repository/Schedule2/Page_KDMC - CMS/button_Add' is clicked on

2018-05-05 10:50:21 - [TEST_STEP][PASSED] - selectOptionByValue: All options with value '2' are selected in object 'Object Repository/Schedule2/Page_KDMC - CMS/select_--Select--Schedule 1Inj'  using regular expression

2018-05-05 10:50:22 - [MESSAGE][PASSED] - All options with value '2' are selected in object 'Object Repository/Schedule2/Page_KDMC - CMS/select_--Select--Schedule 1Inj'  using regular expression

2018-05-05 10:50:22 - [TEST_STEP][PASSED] - selectOptionByIndex: All options with index in [12] are selected on object 'Object Repository/Schedule2/Page_KDMC - CMS/select_--Select--Albendazole'

2018-05-05 10:50:22 - [MESSAGE][PASSED] - All options with index in [12] are selected on object 'Object Repository/Schedule2/Page_KDMC - CMS/select_--Select--Albendazole'

2018-05-05 10:50:22 - [TEST_STEP][PASSED] - setText: Text '5000' is set on object 'Object Repository/Schedule2/Page_KDMC - CMS/input_txttreat'

2018-05-05 10:50:22 - [MESSAGE][PASSED] - Text '5000' is set on object 'Object Repository/Schedule2/Page_KDMC - CMS/input_txttreat'

2018-05-05 10:50:22 - [TEST_STEP][PASSED] - delay: Delayed 1 second(s)

2018-05-05 10:50:23 - [MESSAGE][PASSED] - Delayed 1 second(s)

2018-05-05 10:50:23 - [TEST_STEP][PASSED] - click: Object: 'Object Repository/Schedule2/Page_KDMC - CMS/button_Add' is clicked on

2018-05-05 10:50:23 - [MESSAGE][PASSED] - Object: 'Object Repository/Schedule2/Page_KDMC - CMS/button_Add' is clicked on

2018-05-05 10:50:23 - [TEST_STEP][PASSED] - selectOptionByValue: All options with value '2' are selected in object 'Object Repository/Schedule2/Page_KDMC - CMS/select_--Select--Schedule 1Inj'  using regular expression

2018-05-05 10:50:23 - [MESSAGE][PASSED] - All options with value '2' are selected in object 'Object Repository/Schedule2/Page_KDMC - CMS/select_--Select--Schedule 1Inj'  using regular expression

2018-05-05 10:50:23 - [TEST_STEP][PASSED] - selectOptionByIndex: All options with index in [13] are selected on object 'Object Repository/Schedule2/Page_KDMC - CMS/select_--Select--Albendazole'

2018-05-05 10:50:24 - [MESSAGE][PASSED] - All options with index in [13] are selected on object 'Object Repository/Schedule2/Page_KDMC - CMS/select_--Select--Albendazole'

2018-05-05 10:50:24 - [TEST_STEP][PASSED] - setText: Text '5000' is set on object 'Object Repository/Schedule2/Page_KDMC - CMS/input_txttreat'

2018-05-05 10:50:24 - [MESSAGE][PASSED] - Text '5000' is set on object 'Object Repository/Schedule2/Page_KDMC - CMS/input_txttreat'

2018-05-05 10:50:24 - [TEST_STEP][PASSED] - delay: Delayed 1 second(s)

2018-05-05 10:50:25 - [MESSAGE][PASSED] - Delayed 1 second(s)

2018-05-05 10:50:25 - [TEST_STEP][PASSED] - click: Object: 'Object Repository/Schedule2/Page_KDMC - CMS/button_Add' is clicked on

2018-05-05 10:50:25 - [MESSAGE][PASSED] - Object: 'Object Repository/Schedule2/Page_KDMC - CMS/button_Add' is clicked on

2018-05-05 10:50:25 - [TEST_STEP][PASSED] - selectOptionByValue: All options with value '2' are selected in object 'Object Repository/Schedule2/Page_KDMC - CMS/select_--Select--Schedule 1Inj'  using regular expression

2018-05-05 10:50:25 - [MESSAGE][PASSED] - All options with value '2' are selected in object 'Object Repository/Schedule2/Page_KDMC - CMS/select_--Select--Schedule 1Inj'  using regular expression

2018-05-05 10:50:25 - [TEST_STEP][PASSED] - selectOptionByIndex: All options with index in [14] are selected on object 'Object Repository/Schedule2/Page_KDMC - CMS/select_--Select--Albendazole'

2018-05-05 10:50:25 - [MESSAGE][PASSED] - All options with index in [14] are selected on object 'Object Repository/Schedule2/Page_KDMC - CMS/select_--Select--Albendazole'

2018-05-05 10:50:25 - [TEST_STEP][PASSED] - setText: Text '5000' is set on object 'Object Repository/Schedule2/Page_KDMC - CMS/input_txttreat'

2018-05-05 10:50:25 - [MESSAGE][PASSED] - Text '5000' is set on object 'Object Repository/Schedule2/Page_KDMC - CMS/input_txttreat'

2018-05-05 10:50:25 - [TEST_STEP][PASSED] - delay: Delayed 1 second(s)

2018-05-05 10:50:26 - [MESSAGE][PASSED] - Delayed 1 second(s)

2018-05-05 10:50:26 - [TEST_STEP][PASSED] - click: Object: 'Object Repository/Schedule2/Page_KDMC - CMS/button_Add' is clicked on

2018-05-05 10:50:26 - [MESSAGE][PASSED] - Object: 'Object Repository/Schedule2/Page_KDMC - CMS/button_Add' is clicked on

2018-05-05 10:50:26 - [TEST_STEP][PASSED] - selectOptionByValue: All options with value '2' are selected in object 'Object Repository/Schedule2/Page_KDMC - CMS/select_--Select--Schedule 1Inj'  using regular expression

2018-05-05 10:50:27 - [MESSAGE][PASSED] - All options with value '2' are selected in object 'Object Repository/Schedule2/Page_KDMC - CMS/select_--Select--Schedule 1Inj'  using regular expression

2018-05-05 10:50:27 - [TEST_STEP][PASSED] - selectOptionByIndex: All options with index in [15] are selected on object 'Object Repository/Schedule2/Page_KDMC - CMS/select_--Select--Albendazole'

2018-05-05 10:50:27 - [MESSAGE][PASSED] - All options with index in [15] are selected on object 'Object Repository/Schedule2/Page_KDMC - CMS/select_--Select--Albendazole'

2018-05-05 10:50:27 - [TEST_STEP][PASSED] - setText: Text '5000' is set on object 'Object Repository/Schedule2/Page_KDMC - CMS/input_txttreat'

2018-05-05 10:50:27 - [MESSAGE][PASSED] - Text '5000' is set on object 'Object Repository/Schedule2/Page_KDMC - CMS/input_txttreat'

2018-05-05 10:50:27 - [TEST_STEP][PASSED] - delay: Delayed 1 second(s)

2018-05-05 10:50:28 - [MESSAGE][PASSED] - Delayed 1 second(s)

2018-05-05 10:50:28 - [TEST_STEP][PASSED] - click: Object: 'Object Repository/Schedule2/Page_KDMC - CMS/button_Add' is clicked on

2018-05-05 10:50:28 - [MESSAGE][PASSED] - Object: 'Object Repository/Schedule2/Page_KDMC - CMS/button_Add' is clicked on

2018-05-05 10:50:28 - [TEST_STEP][PASSED] - selectOptionByValue: All options with value '2' are selected in object 'Object Repository/Schedule2/Page_KDMC - CMS/select_--Select--Schedule 1Inj'  using regular expression

2018-05-05 10:50:28 - [MESSAGE][PASSED] - All options with value '2' are selected in object 'Object Repository/Schedule2/Page_KDMC - CMS/select_--Select--Schedule 1Inj'  using regular expression

2018-05-05 10:50:28 - [TEST_STEP][PASSED] - selectOptionByIndex: All options with index in [16] are selected on object 'Object Repository/Schedule2/Page_KDMC - CMS/select_--Select--Albendazole'

2018-05-05 10:50:29 - [MESSAGE][PASSED] - All options with index in [16] are selected on object 'Object Repository/Schedule2/Page_KDMC - CMS/select_--Select--Albendazole'

2018-05-05 10:50:29 - [TEST_STEP][PASSED] - setText: Text '5000' is set on object 'Object Repository/Schedule2/Page_KDMC - CMS/input_txttreat'

2018-05-05 10:50:29 - [MESSAGE][PASSED] - Text '5000' is set on object 'Object Repository/Schedule2/Page_KDMC - CMS/input_txttreat'

2018-05-05 10:50:29 - [TEST_STEP][PASSED] - delay: Delayed 1 second(s)

2018-05-05 10:50:30 - [MESSAGE][PASSED] - Delayed 1 second(s)

2018-05-05 10:50:30 - [TEST_STEP][PASSED] - click: Object: 'Object Repository/Schedule2/Page_KDMC - CMS/button_Add' is clicked on

2018-05-05 10:50:30 - [MESSAGE][PASSED] - Object: 'Object Repository/Schedule2/Page_KDMC - CMS/button_Add' is clicked on

2018-05-05 10:50:30 - [TEST_STEP][PASSED] - selectOptionByValue: All options with value '2' are selected in object 'Object Repository/Schedule2/Page_KDMC - CMS/select_--Select--Schedule 1Inj'  using regular expression

2018-05-05 10:50:30 - [MESSAGE][PASSED] - All options with value '2' are selected in object 'Object Repository/Schedule2/Page_KDMC - CMS/select_--Select--Schedule 1Inj'  using regular expression

2018-05-05 10:50:30 - [TEST_STEP][PASSED] - selectOptionByIndex: All options with index in [17] are selected on object 'Object Repository/Schedule2/Page_KDMC - CMS/select_--Select--Albendazole'

2018-05-05 10:50:30 - [MESSAGE][PASSED] - All options with index in [17] are selected on object 'Object Repository/Schedule2/Page_KDMC - CMS/select_--Select--Albendazole'

2018-05-05 10:50:30 - [TEST_STEP][PASSED] - setText: Text '5000' is set on object 'Object Repository/Schedule2/Page_KDMC - CMS/input_txttreat'

2018-05-05 10:50:31 - [MESSAGE][PASSED] - Text '5000' is set on object 'Object Repository/Schedule2/Page_KDMC - CMS/input_txttreat'

2018-05-05 10:50:31 - [TEST_STEP][PASSED] - delay: Delayed 1 second(s)

2018-05-05 10:50:32 - [MESSAGE][PASSED] - Delayed 1 second(s)

2018-05-05 10:50:32 - [TEST_STEP][PASSED] - click: Object: 'Object Repository/Schedule2/Page_KDMC - CMS/button_Add' is clicked on

2018-05-05 10:50:32 - [MESSAGE][PASSED] - Object: 'Object Repository/Schedule2/Page_KDMC - CMS/button_Add' is clicked on

2018-05-05 10:50:32 - [TEST_STEP][PASSED] - selectOptionByValue: All options with value '2' are selected in object 'Object Repository/Schedule2/Page_KDMC - CMS/select_--Select--Schedule 1Inj'  using regular expression

2018-05-05 10:50:32 - [MESSAGE][PASSED] - All options with value '2' are selected in object 'Object Repository/Schedule2/Page_KDMC - CMS/select_--Select--Schedule 1Inj'  using regular expression

2018-05-05 10:50:32 - [TEST_STEP][PASSED] - selectOptionByIndex: All options with index in [18] are selected on object 'Object Repository/Schedule2/Page_KDMC - CMS/select_--Select--Albendazole'

2018-05-05 10:50:32 - [MESSAGE][PASSED] - All options with index in [18] are selected on object 'Object Repository/Schedule2/Page_KDMC - CMS/select_--Select--Albendazole'

2018-05-05 10:50:32 - [TEST_STEP][PASSED] - setText: Text '5000' is set on object 'Object Repository/Schedule2/Page_KDMC - CMS/input_txttreat'

2018-05-05 10:50:32 - [MESSAGE][PASSED] - Text '5000' is set on object 'Object Repository/Schedule2/Page_KDMC - CMS/input_txttreat'

2018-05-05 10:50:32 - [TEST_STEP][PASSED] - delay: Delayed 1 second(s)

2018-05-05 10:50:33 - [MESSAGE][PASSED] - Delayed 1 second(s)

2018-05-05 10:50:33 - [TEST_STEP][PASSED] - click: Object: 'Object Repository/Schedule2/Page_KDMC - CMS/button_Add' is clicked on

2018-05-05 10:50:33 - [MESSAGE][PASSED] - Object: 'Object Repository/Schedule2/Page_KDMC - CMS/button_Add' is clicked on

2018-05-05 10:50:33 - [TEST_STEP][PASSED] - selectOptionByValue: All options with value '2' are selected in object 'Object Repository/Schedule2/Page_KDMC - CMS/select_--Select--Schedule 1Inj'  using regular expression

2018-05-05 10:50:34 - [MESSAGE][PASSED] - All options with value '2' are selected in object 'Object Repository/Schedule2/Page_KDMC - CMS/select_--Select--Schedule 1Inj'  using regular expression

2018-05-05 10:50:34 - [TEST_STEP][PASSED] - selectOptionByIndex: All options with index in [19] are selected on object 'Object Repository/Schedule2/Page_KDMC - CMS/select_--Select--Albendazole'

2018-05-05 10:50:34 - [MESSAGE][PASSED] - All options with index in [19] are selected on object 'Object Repository/Schedule2/Page_KDMC - CMS/select_--Select--Albendazole'

2018-05-05 10:50:34 - [TEST_STEP][PASSED] - setText: Text '5000' is set on object 'Object Repository/Schedule2/Page_KDMC - CMS/input_txttreat'

2018-05-05 10:50:34 - [MESSAGE][PASSED] - Text '5000' is set on object 'Object Repository/Schedule2/Page_KDMC - CMS/input_txttreat'

2018-05-05 10:50:34 - [TEST_STEP][PASSED] - delay: Delayed 1 second(s)

2018-05-05 10:50:35 - [MESSAGE][PASSED] - Delayed 1 second(s)

2018-05-05 10:50:35 - [TEST_STEP][PASSED] - click: Object: 'Object Repository/Schedule2/Page_KDMC - CMS/button_Add' is clicked on

2018-05-05 10:50:35 - [MESSAGE][PASSED] - Object: 'Object Repository/Schedule2/Page_KDMC - CMS/button_Add' is clicked on

2018-05-05 10:50:35 - [TEST_STEP][PASSED] - selectOptionByValue: All options with value '2' are selected in object 'Object Repository/Schedule2/Page_KDMC - CMS/select_--Select--Schedule 1Inj'  using regular expression

2018-05-05 10:50:35 - [MESSAGE][PASSED] - All options with value '2' are selected in object 'Object Repository/Schedule2/Page_KDMC - CMS/select_--Select--Schedule 1Inj'  using regular expression

2018-05-05 10:50:35 - [TEST_STEP][PASSED] - selectOptionByIndex: All options with index in [20] are selected on object 'Object Repository/Schedule2/Page_KDMC - CMS/select_--Select--Albendazole'

2018-05-05 10:50:36 - [MESSAGE][PASSED] - All options with index in [20] are selected on object 'Object Repository/Schedule2/Page_KDMC - CMS/select_--Select--Albendazole'

2018-05-05 10:50:36 - [TEST_STEP][PASSED] - setText: Text '5000' is set on object 'Object Repository/Schedule2/Page_KDMC - CMS/input_txttreat'

2018-05-05 10:50:36 - [MESSAGE][PASSED] - Text '5000' is set on object 'Object Repository/Schedule2/Page_KDMC - CMS/input_txttreat'

2018-05-05 10:50:36 - [TEST_STEP][PASSED] - delay: Delayed 1 second(s)

2018-05-05 10:50:37 - [MESSAGE][PASSED] - Delayed 1 second(s)

2018-05-05 10:50:37 - [TEST_STEP][PASSED] - click: Object: 'Object Repository/Schedule2/Page_KDMC - CMS/button_Add' is clicked on

2018-05-05 10:50:37 - [MESSAGE][PASSED] - Object: 'Object Repository/Schedule2/Page_KDMC - CMS/button_Add' is clicked on

2018-05-05 10:50:37 - [TEST_STEP][PASSED] - selectOptionByValue: All options with value '2' are selected in object 'Object Repository/Schedule2/Page_KDMC - CMS/select_--Select--Schedule 1Inj'  using regular expression

2018-05-05 10:50:37 - [MESSAGE][PASSED] - All options with value '2' are selected in object 'Object Repository/Schedule2/Page_KDMC - CMS/select_--Select--Schedule 1Inj'  using regular expression

2018-05-05 10:50:37 - [TEST_STEP][PASSED] - selectOptionByIndex: All options with index in [21] are selected on object 'Object Repository/Schedule2/Page_KDMC - CMS/select_--Select--Albendazole'

2018-05-05 10:50:38 - [MESSAGE][PASSED] - All options with index in [21] are selected on object 'Object Repository/Schedule2/Page_KDMC - CMS/select_--Select--Albendazole'

2018-05-05 10:50:38 - [TEST_STEP][PASSED] - setText: Text '5000' is set on object 'Object Repository/Schedule2/Page_KDMC - CMS/input_txttreat'

2018-05-05 10:50:38 - [MESSAGE][PASSED] - Text '5000' is set on object 'Object Repository/Schedule2/Page_KDMC - CMS/input_txttreat'

2018-05-05 10:50:38 - [TEST_STEP][PASSED] - delay: Delayed 1 second(s)

2018-05-05 10:50:39 - [MESSAGE][PASSED] - Delayed 1 second(s)

2018-05-05 10:50:39 - [TEST_STEP][PASSED] - click: Object: 'Object Repository/Schedule2/Page_KDMC - CMS/button_Add' is clicked on

2018-05-05 10:50:39 - [MESSAGE][PASSED] - Object: 'Object Repository/Schedule2/Page_KDMC - CMS/button_Add' is clicked on

2018-05-05 10:50:39 - [TEST_STEP][PASSED] - selectOptionByValue: All options with value '2' are selected in object 'Object Repository/Schedule2/Page_KDMC - CMS/select_--Select--Schedule 1Inj'  using regular expression

2018-05-05 10:50:39 - [MESSAGE][PASSED] - All options with value '2' are selected in object 'Object Repository/Schedule2/Page_KDMC - CMS/select_--Select--Schedule 1Inj'  using regular expression

2018-05-05 10:50:39 - [TEST_STEP][PASSED] - selectOptionByIndex: All options with index in [22] are selected on object 'Object Repository/Schedule2/Page_KDMC - CMS/select_--Select--Albendazole'

2018-05-05 10:50:39 - [MESSAGE][PASSED] - All options with index in [22] are selected on object 'Object Repository/Schedule2/Page_KDMC - CMS/select_--Select--Albendazole'

2018-05-05 10:50:39 - [TEST_STEP][PASSED] - setText: Text '5000' is set on object 'Object Repository/Schedule2/Page_KDMC - CMS/input_txttreat'

2018-05-05 10:50:39 - [MESSAGE][PASSED] - Text '5000' is set on object 'Object Repository/Schedule2/Page_KDMC - CMS/input_txttreat'

2018-05-05 10:50:39 - [TEST_STEP][PASSED] - delay: Delayed 1 second(s)

2018-05-05 10:50:40 - [MESSAGE][PASSED] - Delayed 1 second(s)

2018-05-05 10:50:40 - [TEST_STEP][PASSED] - click: Object: 'Object Repository/Schedule2/Page_KDMC - CMS/button_Add' is clicked on

2018-05-05 10:50:41 - [MESSAGE][PASSED] - Object: 'Object Repository/Schedule2/Page_KDMC - CMS/button_Add' is clicked on

2018-05-05 10:50:41 - [TEST_STEP][PASSED] - selectOptionByValue: All options with value '2' are selected in object 'Object Repository/Schedule2/Page_KDMC - CMS/select_--Select--Schedule 1Inj'  using regular expression

2018-05-05 10:50:41 - [MESSAGE][PASSED] - All options with value '2' are selected in object 'Object Repository/Schedule2/Page_KDMC - CMS/select_--Select--Schedule 1Inj'  using regular expression

2018-05-05 10:50:41 - [TEST_STEP][PASSED] - selectOptionByIndex: All options with index in [23] are selected on object 'Object Repository/Schedule2/Page_KDMC - CMS/select_--Select--Albendazole'

2018-05-05 10:50:41 - [MESSAGE][PASSED] - All options with index in [23] are selected on object 'Object Repository/Schedule2/Page_KDMC - CMS/select_--Select--Albendazole'

2018-05-05 10:50:41 - [TEST_STEP][PASSED] - setText: Text '5000' is set on object 'Object Repository/Schedule2/Page_KDMC - CMS/input_txttreat'

2018-05-05 10:50:41 - [MESSAGE][PASSED] - Text '5000' is set on object 'Object Repository/Schedule2/Page_KDMC - CMS/input_txttreat'

2018-05-05 10:50:41 - [TEST_STEP][PASSED] - delay: Delayed 1 second(s)

2018-05-05 10:50:42 - [MESSAGE][PASSED] - Delayed 1 second(s)

2018-05-05 10:50:42 - [TEST_STEP][PASSED] - click: Object: 'Object Repository/Schedule2/Page_KDMC - CMS/button_Add' is clicked on

2018-05-05 10:50:42 - [MESSAGE][PASSED] - Object: 'Object Repository/Schedule2/Page_KDMC - CMS/button_Add' is clicked on

2018-05-05 10:50:42 - [TEST_STEP][PASSED] - selectOptionByValue: All options with value '2' are selected in object 'Object Repository/Schedule2/Page_KDMC - CMS/select_--Select--Schedule 1Inj'  using regular expression

2018-05-05 10:50:43 - [MESSAGE][PASSED] - All options with value '2' are selected in object 'Object Repository/Schedule2/Page_KDMC - CMS/select_--Select--Schedule 1Inj'  using regular expression

2018-05-05 10:50:43 - [TEST_STEP][PASSED] - selectOptionByIndex: All options with index in [24] are selected on object 'Object Repository/Schedule2/Page_KDMC - CMS/select_--Select--Albendazole'

2018-05-05 10:50:43 - [MESSAGE][PASSED] - All options with index in [24] are selected on object 'Object Repository/Schedule2/Page_KDMC - CMS/select_--Select--Albendazole'

2018-05-05 10:50:43 - [TEST_STEP][PASSED] - setText: Text '5000' is set on object 'Object Repository/Schedule2/Page_KDMC - CMS/input_txttreat'

2018-05-05 10:50:43 - [MESSAGE][PASSED] - Text '5000' is set on object 'Object Repository/Schedule2/Page_KDMC - CMS/input_txttreat'

2018-05-05 10:50:43 - [TEST_STEP][PASSED] - delay: Delayed 1 second(s)

2018-05-05 10:50:44 - [MESSAGE][PASSED] - Delayed 1 second(s)

2018-05-05 10:50:44 - [TEST_STEP][PASSED] - click: Object: 'Object Repository/Schedule2/Page_KDMC - CMS/button_Add' is clicked on

2018-05-05 10:50:44 - [MESSAGE][PASSED] - Object: 'Object Repository/Schedule2/Page_KDMC - CMS/button_Add' is clicked on

2018-05-05 10:50:44 - [TEST_STEP][PASSED] - selectOptionByValue: All options with value '2' are selected in object 'Object Repository/Schedule2/Page_KDMC - CMS/select_--Select--Schedule 1Inj'  using regular expression

2018-05-05 10:50:44 - [MESSAGE][PASSED] - All options with value '2' are selected in object 'Object Repository/Schedule2/Page_KDMC - CMS/select_--Select--Schedule 1Inj'  using regular expression

2018-05-05 10:50:44 - [TEST_STEP][PASSED] - selectOptionByIndex: All options with index in [25] are selected on object 'Object Repository/Schedule2/Page_KDMC - CMS/select_--Select--Albendazole'

2018-05-05 10:50:45 - [MESSAGE][PASSED] - All options with index in [25] are selected on object 'Object Repository/Schedule2/Page_KDMC - CMS/select_--Select--Albendazole'

2018-05-05 10:50:45 - [TEST_STEP][PASSED] - setText: Text '5000' is set on object 'Object Repository/Schedule2/Page_KDMC - CMS/input_txttreat'

2018-05-05 10:50:45 - [MESSAGE][PASSED] - Text '5000' is set on object 'Object Repository/Schedule2/Page_KDMC - CMS/input_txttreat'

2018-05-05 10:50:45 - [TEST_STEP][PASSED] - delay: Delayed 1 second(s)

2018-05-05 10:50:46 - [MESSAGE][PASSED] - Delayed 1 second(s)

2018-05-05 10:50:46 - [TEST_STEP][PASSED] - click: Object: 'Object Repository/Schedule2/Page_KDMC - CMS/button_Add' is clicked on

2018-05-05 10:50:46 - [MESSAGE][PASSED] - Object: 'Object Repository/Schedule2/Page_KDMC - CMS/button_Add' is clicked on

2018-05-05 10:50:46 - [TEST_STEP][PASSED] - selectOptionByValue: All options with value '2' are selected in object 'Object Repository/Schedule2/Page_KDMC - CMS/select_--Select--Schedule 1Inj'  using regular expression

2018-05-05 10:50:46 - [MESSAGE][PASSED] - All options with value '2' are selected in object 'Object Repository/Schedule2/Page_KDMC - CMS/select_--Select--Schedule 1Inj'  using regular expression

2018-05-05 10:50:46 - [TEST_STEP][PASSED] - selectOptionByIndex: All options with index in [26] are selected on object 'Object Repository/Schedule2/Page_KDMC - CMS/select_--Select--Albendazole'

2018-05-05 10:50:47 - [MESSAGE][PASSED] - All options with index in [26] are selected on object 'Object Repository/Schedule2/Page_KDMC - CMS/select_--Select--Albendazole'

2018-05-05 10:50:47 - [TEST_STEP][PASSED] - setText: Text '5000' is set on object 'Object Repository/Schedule2/Page_KDMC - CMS/input_txttreat'

2018-05-05 10:50:47 - [MESSAGE][PASSED] - Text '5000' is set on object 'Object Repository/Schedule2/Page_KDMC - CMS/input_txttreat'

2018-05-05 10:50:47 - [TEST_STEP][PASSED] - delay: Delayed 1 second(s)

2018-05-05 10:50:48 - [MESSAGE][PASSED] - Delayed 1 second(s)

2018-05-05 10:50:48 - [TEST_STEP][PASSED] - click: Object: 'Object Repository/Schedule2/Page_KDMC - CMS/button_Add' is clicked on

2018-05-05 10:50:48 - [MESSAGE][PASSED] - Object: 'Object Repository/Schedule2/Page_KDMC - CMS/button_Add' is clicked on

2018-05-05 10:50:48 - [TEST_STEP][PASSED] - selectOptionByValue: All options with value '2' are selected in object 'Object Repository/Schedule2/Page_KDMC - CMS/select_--Select--Schedule 1Inj'  using regular expression

2018-05-05 10:50:48 - [MESSAGE][PASSED] - All options with value '2' are selected in object 'Object Repository/Schedule2/Page_KDMC - CMS/select_--Select--Schedule 1Inj'  using regular expression

2018-05-05 10:50:48 - [TEST_STEP][PASSED] - selectOptionByIndex: All options with index in [27] are selected on object 'Object Repository/Schedule2/Page_KDMC - CMS/select_--Select--Albendazole'

2018-05-05 10:50:48 - [MESSAGE][PASSED] - All options with index in [27] are selected on object 'Object Repository/Schedule2/Page_KDMC - CMS/select_--Select--Albendazole'

2018-05-05 10:50:48 - [TEST_STEP][PASSED] - setText: Text '5000' is set on object 'Object Repository/Schedule2/Page_KDMC - CMS/input_txttreat'

2018-05-05 10:50:49 - [MESSAGE][PASSED] - Text '5000' is set on object 'Object Repository/Schedule2/Page_KDMC - CMS/input_txttreat'

2018-05-05 10:50:49 - [TEST_STEP][PASSED] - delay: Delayed 1 second(s)

2018-05-05 10:50:50 - [MESSAGE][PASSED] - Delayed 1 second(s)

2018-05-05 10:50:50 - [TEST_STEP][PASSED] - click: Object: 'Object Repository/Schedule2/Page_KDMC - CMS/button_Add' is clicked on

2018-05-05 10:50:50 - [MESSAGE][PASSED] - Object: 'Object Repository/Schedule2/Page_KDMC - CMS/button_Add' is clicked on

2018-05-05 10:50:50 - [TEST_STEP][PASSED] - selectOptionByValue: All options with value '2' are selected in object 'Object Repository/Schedule2/Page_KDMC - CMS/select_--Select--Schedule 1Inj'  using regular expression

2018-05-05 10:50:50 - [MESSAGE][PASSED] - All options with value '2' are selected in object 'Object Repository/Schedule2/Page_KDMC - CMS/select_--Select--Schedule 1Inj'  using regular expression

2018-05-05 10:50:50 - [TEST_STEP][PASSED] - selectOptionByIndex: All options with index in [28] are selected on object 'Object Repository/Schedule2/Page_KDMC - CMS/select_--Select--Albendazole'

2018-05-05 10:50:50 - [MESSAGE][PASSED] - All options with index in [28] are selected on object 'Object Repository/Schedule2/Page_KDMC - CMS/select_--Select--Albendazole'

2018-05-05 10:50:50 - [TEST_STEP][PASSED] - setText: Text '5000' is set on object 'Object Repository/Schedule2/Page_KDMC - CMS/input_txttreat'

2018-05-05 10:50:50 - [MESSAGE][PASSED] - Text '5000' is set on object 'Object Repository/Schedule2/Page_KDMC - CMS/input_txttreat'

2018-05-05 10:50:50 - [TEST_STEP][PASSED] - delay: Delayed 1 second(s)

2018-05-05 10:50:51 - [MESSAGE][PASSED] - Delayed 1 second(s)

2018-05-05 10:50:51 - [TEST_STEP][PASSED] - click: Object: 'Object Repository/Schedule2/Page_KDMC - CMS/button_Add' is clicked on

2018-05-05 10:50:51 - [MESSAGE][PASSED] - Object: 'Object Repository/Schedule2/Page_KDMC - CMS/button_Add' is clicked on

2018-05-05 10:50:51 - [TEST_STEP][PASSED] - selectOptionByValue: All options with value '2' are selected in object 'Object Repository/Schedule2/Page_KDMC - CMS/select_--Select--Schedule 1Inj'  using regular expression

2018-05-05 10:50:52 - [MESSAGE][PASSED] - All options with value '2' are selected in object 'Object Repository/Schedule2/Page_KDMC - CMS/select_--Select--Schedule 1Inj'  using regular expression

2018-05-05 10:50:52 - [TEST_STEP][PASSED] - selectOptionByIndex: All options with index in [29] are selected on object 'Object Repository/Schedule2/Page_KDMC - CMS/select_--Select--Albendazole'

2018-05-05 10:50:52 - [MESSAGE][PASSED] - All options with index in [29] are selected on object 'Object Repository/Schedule2/Page_KDMC - CMS/select_--Select--Albendazole'

2018-05-05 10:50:52 - [TEST_STEP][PASSED] - setText: Text '5000' is set on object 'Object Repository/Schedule2/Page_KDMC - CMS/input_txttreat'

2018-05-05 10:50:52 - [MESSAGE][PASSED] - Text '5000' is set on object 'Object Repository/Schedule2/Page_KDMC - CMS/input_txttreat'

2018-05-05 10:50:52 - [TEST_STEP][PASSED] - delay: Delayed 1 second(s)

2018-05-05 10:50:53 - [MESSAGE][PASSED] - Delayed 1 second(s)

2018-05-05 10:50:53 - [TEST_STEP][PASSED] - click: Object: 'Object Repository/Schedule2/Page_KDMC - CMS/button_Add' is clicked on

2018-05-05 10:50:53 - [MESSAGE][PASSED] - Object: 'Object Repository/Schedule2/Page_KDMC - CMS/button_Add' is clicked on

2018-05-05 10:50:53 - [TEST_STEP][PASSED] - selectOptionByValue: All options with value '2' are selected in object 'Object Repository/Schedule2/Page_KDMC - CMS/select_--Select--Schedule 1Inj'  using regular expression

2018-05-05 10:50:54 - [MESSAGE][PASSED] - All options with value '2' are selected in object 'Object Repository/Schedule2/Page_KDMC - CMS/select_--Select--Schedule 1Inj'  using regular expression

2018-05-05 10:50:54 - [TEST_STEP][PASSED] - selectOptionByIndex: All options with index in [30] are selected on object 'Object Repository/Schedule2/Page_KDMC - CMS/select_--Select--Albendazole'

2018-05-05 10:50:54 - [MESSAGE][PASSED] - All options with index in [30] are selected on object 'Object Repository/Schedule2/Page_KDMC - CMS/select_--Select--Albendazole'

2018-05-05 10:50:54 - [TEST_STEP][PASSED] - setText: Text '5000' is set on object 'Object Repository/Schedule2/Page_KDMC - CMS/input_txttreat'

2018-05-05 10:50:54 - [MESSAGE][PASSED] - Text '5000' is set on object 'Object Repository/Schedule2/Page_KDMC - CMS/input_txttreat'

2018-05-05 10:50:54 - [TEST_STEP][PASSED] - delay: Delayed 1 second(s)

2018-05-05 10:50:55 - [MESSAGE][PASSED] - Delayed 1 second(s)

2018-05-05 10:50:55 - [TEST_STEP][PASSED] - click: Object: 'Object Repository/Schedule2/Page_KDMC - CMS/button_Add' is clicked on

2018-05-05 10:50:55 - [MESSAGE][PASSED] - Object: 'Object Repository/Schedule2/Page_KDMC - CMS/button_Add' is clicked on

2018-05-05 10:50:55 - [TEST_STEP][PASSED] - selectOptionByValue: All options with value '2' are selected in object 'Object Repository/Schedule2/Page_KDMC - CMS/select_--Select--Schedule 1Inj'  using regular expression

2018-05-05 10:50:55 - [MESSAGE][PASSED] - All options with value '2' are selected in object 'Object Repository/Schedule2/Page_KDMC - CMS/select_--Select--Schedule 1Inj'  using regular expression

2018-05-05 10:50:55 - [TEST_STEP][PASSED] - selectOptionByIndex: All options with index in [31] are selected on object 'Object Repository/Schedule2/Page_KDMC - CMS/select_--Select--Albendazole'

2018-05-05 10:50:56 - [MESSAGE][PASSED] - All options with index in [31] are selected on object 'Object Repository/Schedule2/Page_KDMC - CMS/select_--Select--Albendazole'

2018-05-05 10:50:56 - [TEST_STEP][PASSED] - setText: Text '5000' is set on object 'Object Repository/Schedule2/Page_KDMC - CMS/input_txttreat'

2018-05-05 10:50:56 - [MESSAGE][PASSED] - Text '5000' is set on object 'Object Repository/Schedule2/Page_KDMC - CMS/input_txttreat'

2018-05-05 10:50:56 - [TEST_STEP][PASSED] - delay: Delayed 1 second(s)

2018-05-05 10:50:57 - [MESSAGE][PASSED] - Delayed 1 second(s)

2018-05-05 10:50:57 - [TEST_STEP][PASSED] - click: Object: 'Object Repository/Schedule2/Page_KDMC - CMS/button_Add' is clicked on

2018-05-05 10:50:57 - [MESSAGE][PASSED] - Object: 'Object Repository/Schedule2/Page_KDMC - CMS/button_Add' is clicked on

2018-05-05 10:50:57 - [TEST_STEP][PASSED] - selectOptionByValue: All options with value '2' are selected in object 'Object Repository/Schedule2/Page_KDMC - CMS/select_--Select--Schedule 1Inj'  using regular expression

2018-05-05 10:50:57 - [MESSAGE][PASSED] - All options with value '2' are selected in object 'Object Repository/Schedule2/Page_KDMC - CMS/select_--Select--Schedule 1Inj'  using regular expression

2018-05-05 10:50:57 - [TEST_STEP][PASSED] - selectOptionByIndex: All options with index in [32] are selected on object 'Object Repository/Schedule2/Page_KDMC - CMS/select_--Select--Albendazole'

2018-05-05 10:50:58 - [MESSAGE][PASSED] - All options with index in [32] are selected on object 'Object Repository/Schedule2/Page_KDMC - CMS/select_--Select--Albendazole'

2018-05-05 10:50:58 - [TEST_STEP][PASSED] - setText: Text '5000' is set on object 'Object Repository/Schedule2/Page_KDMC - CMS/input_txttreat'

2018-05-05 10:50:58 - [MESSAGE][PASSED] - Text '5000' is set on object 'Object Repository/Schedule2/Page_KDMC - CMS/input_txttreat'

2018-05-05 10:50:58 - [TEST_STEP][PASSED] - delay: Delayed 1 second(s)

2018-05-05 10:50:59 - [MESSAGE][PASSED] - Delayed 1 second(s)

2018-05-05 10:50:59 - [TEST_STEP][PASSED] - click: Object: 'Object Repository/Schedule2/Page_KDMC - CMS/button_Add' is clicked on

2018-05-05 10:50:59 - [MESSAGE][PASSED] - Object: 'Object Repository/Schedule2/Page_KDMC - CMS/button_Add' is clicked on

2018-05-05 10:50:59 - [TEST_STEP][PASSED] - selectOptionByValue: All options with value '2' are selected in object 'Object Repository/Schedule2/Page_KDMC - CMS/select_--Select--Schedule 1Inj'  using regular expression

2018-05-05 10:50:59 - [MESSAGE][PASSED] - All options with value '2' are selected in object 'Object Repository/Schedule2/Page_KDMC - CMS/select_--Select--Schedule 1Inj'  using regular expression

2018-05-05 10:50:59 - [TEST_STEP][PASSED] - selectOptionByIndex: All options with index in [33] are selected on object 'Object Repository/Schedule2/Page_KDMC - CMS/select_--Select--Albendazole'

2018-05-05 10:51:00 - [MESSAGE][PASSED] - All options with index in [33] are selected on object 'Object Repository/Schedule2/Page_KDMC - CMS/select_--Select--Albendazole'

2018-05-05 10:51:00 - [TEST_STEP][PASSED] - setText: Text '5000' is set on object 'Object Repository/Schedule2/Page_KDMC - CMS/input_txttreat'

2018-05-05 10:51:00 - [MESSAGE][PASSED] - Text '5000' is set on object 'Object Repository/Schedule2/Page_KDMC - CMS/input_txttreat'

2018-05-05 10:51:00 - [TEST_STEP][PASSED] - delay: Delayed 1 second(s)

2018-05-05 10:51:01 - [MESSAGE][PASSED] - Delayed 1 second(s)

2018-05-05 10:51:01 - [TEST_STEP][PASSED] - click: Object: 'Object Repository/Schedule2/Page_KDMC - CMS/button_Add' is clicked on

2018-05-05 10:51:01 - [MESSAGE][PASSED] - Object: 'Object Repository/Schedule2/Page_KDMC - CMS/button_Add' is clicked on

2018-05-05 10:51:01 - [TEST_STEP][PASSED] - selectOptionByValue: All options with value '2' are selected in object 'Object Repository/Schedule2/Page_KDMC - CMS/select_--Select--Schedule 1Inj'  using regular expression

2018-05-05 10:51:01 - [MESSAGE][PASSED] - All options with value '2' are selected in object 'Object Repository/Schedule2/Page_KDMC - CMS/select_--Select--Schedule 1Inj'  using regular expression

2018-05-05 10:51:01 - [TEST_STEP][PASSED] - selectOptionByIndex: All options with index in [34] are selected on object 'Object Repository/Schedule2/Page_KDMC - CMS/select_--Select--Albendazole'

2018-05-05 10:51:02 - [MESSAGE][PASSED] - All options with index in [34] are selected on object 'Object Repository/Schedule2/Page_KDMC - CMS/select_--Select--Albendazole'

2018-05-05 10:51:02 - [TEST_STEP][PASSED] - setText: Text '5000' is set on object 'Object Repository/Schedule2/Page_KDMC - CMS/input_txttreat'

2018-05-05 10:51:02 - [MESSAGE][PASSED] - Text '5000' is set on object 'Object Repository/Schedule2/Page_KDMC - CMS/input_txttreat'

2018-05-05 10:51:02 - [TEST_STEP][PASSED] - delay: Delayed 1 second(s)

2018-05-05 10:51:03 - [MESSAGE][PASSED] - Delayed 1 second(s)

2018-05-05 10:51:03 - [TEST_STEP][PASSED] - click: Object: 'Object Repository/Schedule2/Page_KDMC - CMS/button_Add' is clicked on

2018-05-05 10:51:03 - [MESSAGE][PASSED] - Object: 'Object Repository/Schedule2/Page_KDMC - CMS/button_Add' is clicked on

2018-05-05 10:51:03 - [TEST_STEP][PASSED] - selectOptionByValue: All options with value '2' are selected in object 'Object Repository/Schedule2/Page_KDMC - CMS/select_--Select--Schedule 1Inj'  using regular expression

2018-05-05 10:51:03 - [MESSAGE][PASSED] - All options with value '2' are selected in object 'Object Repository/Schedule2/Page_KDMC - CMS/select_--Select--Schedule 1Inj'  using regular expression

2018-05-05 10:51:03 - [TEST_STEP][PASSED] - selectOptionByIndex: All options with index in [35] are selected on object 'Object Repository/Schedule2/Page_KDMC - CMS/select_--Select--Albendazole'

2018-05-05 10:51:04 - [MESSAGE][PASSED] - All options with index in [35] are selected on object 'Object Repository/Schedule2/Page_KDMC - CMS/select_--Select--Albendazole'

2018-05-05 10:51:04 - [TEST_STEP][PASSED] - setText: Text '5000' is set on object 'Object Repository/Schedule2/Page_KDMC - CMS/input_txttreat'

2018-05-05 10:51:04 - [MESSAGE][PASSED] - Text '5000' is set on object 'Object Repository/Schedule2/Page_KDMC - CMS/input_txttreat'

2018-05-05 10:51:04 - [TEST_STEP][PASSED] - delay: Delayed 1 second(s)

2018-05-05 10:51:05 - [MESSAGE][PASSED] - Delayed 1 second(s)

2018-05-05 10:51:05 - [TEST_STEP][PASSED] - click: Object: 'Object Repository/Schedule2/Page_KDMC - CMS/button_Add' is clicked on

2018-05-05 10:51:05 - [MESSAGE][PASSED] - Object: 'Object Repository/Schedule2/Page_KDMC - CMS/button_Add' is clicked on

2018-05-05 10:51:05 - [TEST_STEP][PASSED] - selectOptionByValue: All options with value '2' are selected in object 'Object Repository/Schedule2/Page_KDMC - CMS/select_--Select--Schedule 1Inj'  using regular expression

2018-05-05 10:51:05 - [MESSAGE][PASSED] - All options with value '2' are selected in object 'Object Repository/Schedule2/Page_KDMC - CMS/select_--Select--Schedule 1Inj'  using regular expression

2018-05-05 10:51:05 - [TEST_STEP][PASSED] - selectOptionByIndex: All options with index in [36] are selected on object 'Object Repository/Schedule2/Page_KDMC - CMS/select_--Select--Albendazole'

2018-05-05 10:51:06 - [MESSAGE][PASSED] - All options with index in [36] are selected on object 'Object Repository/Schedule2/Page_KDMC - CMS/select_--Select--Albendazole'

2018-05-05 10:51:06 - [TEST_STEP][PASSED] - setText: Text '5000' is set on object 'Object Repository/Schedule2/Page_KDMC - CMS/input_txttreat'

2018-05-05 10:51:06 - [MESSAGE][PASSED] - Text '5000' is set on object 'Object Repository/Schedule2/Page_KDMC - CMS/input_txttreat'

2018-05-05 10:51:06 - [TEST_STEP][PASSED] - delay: Delayed 1 second(s)

2018-05-05 10:51:07 - [MESSAGE][PASSED] - Delayed 1 second(s)

2018-05-05 10:51:07 - [TEST_STEP][PASSED] - click: Object: 'Object Repository/Schedule2/Page_KDMC - CMS/button_Add' is clicked on

2018-05-05 10:51:07 - [MESSAGE][PASSED] - Object: 'Object Repository/Schedule2/Page_KDMC - CMS/button_Add' is clicked on

2018-05-05 10:51:07 - [TEST_STEP][PASSED] - selectOptionByValue: All options with value '2' are selected in object 'Object Repository/Schedule2/Page_KDMC - CMS/select_--Select--Schedule 1Inj'  using regular expression

2018-05-05 10:51:07 - [MESSAGE][PASSED] - All options with value '2' are selected in object 'Object Repository/Schedule2/Page_KDMC - CMS/select_--Select--Schedule 1Inj'  using regular expression

2018-05-05 10:51:07 - [TEST_STEP][PASSED] - selectOptionByIndex: All options with index in [37] are selected on object 'Object Repository/Schedule2/Page_KDMC - CMS/select_--Select--Albendazole'

2018-05-05 10:51:08 - [MESSAGE][PASSED] - All options with index in [37] are selected on object 'Object Repository/Schedule2/Page_KDMC - CMS/select_--Select--Albendazole'

2018-05-05 10:51:08 - [TEST_STEP][PASSED] - setText: Text '5000' is set on object 'Object Repository/Schedule2/Page_KDMC - CMS/input_txttreat'

2018-05-05 10:51:08 - [MESSAGE][PASSED] - Text '5000' is set on object 'Object Repository/Schedule2/Page_KDMC - CMS/input_txttreat'

2018-05-05 10:51:08 - [TEST_STEP][PASSED] - delay: Delayed 1 second(s)

2018-05-05 10:51:09 - [MESSAGE][PASSED] - Delayed 1 second(s)

2018-05-05 10:51:09 - [TEST_STEP][PASSED] - click: Object: 'Object Repository/Schedule2/Page_KDMC - CMS/button_Add' is clicked on

2018-05-05 10:51:09 - [MESSAGE][PASSED] - Object: 'Object Repository/Schedule2/Page_KDMC - CMS/button_Add' is clicked on

2018-05-05 10:51:09 - [TEST_STEP][PASSED] - selectOptionByValue: All options with value '2' are selected in object 'Object Repository/Schedule2/Page_KDMC - CMS/select_--Select--Schedule 1Inj'  using regular expression

2018-05-05 10:51:09 - [MESSAGE][PASSED] - All options with value '2' are selected in object 'Object Repository/Schedule2/Page_KDMC - CMS/select_--Select--Schedule 1Inj'  using regular expression

2018-05-05 10:51:09 - [TEST_STEP][PASSED] - selectOptionByIndex: All options with index in [38] are selected on object 'Object Repository/Schedule2/Page_KDMC - CMS/select_--Select--Albendazole'

2018-05-05 10:51:10 - [MESSAGE][PASSED] - All options with index in [38] are selected on object 'Object Repository/Schedule2/Page_KDMC - CMS/select_--Select--Albendazole'

2018-05-05 10:51:10 - [TEST_STEP][PASSED] - setText: Text '5000' is set on object 'Object Repository/Schedule2/Page_KDMC - CMS/input_txttreat'

2018-05-05 10:51:10 - [MESSAGE][PASSED] - Text '5000' is set on object 'Object Repository/Schedule2/Page_KDMC - CMS/input_txttreat'

2018-05-05 10:51:10 - [TEST_STEP][PASSED] - delay: Delayed 1 second(s)

2018-05-05 10:51:11 - [MESSAGE][PASSED] - Delayed 1 second(s)

2018-05-05 10:51:11 - [TEST_STEP][PASSED] - click: Object: 'Object Repository/Schedule2/Page_KDMC - CMS/button_Add' is clicked on

2018-05-05 10:51:11 - [MESSAGE][PASSED] - Object: 'Object Repository/Schedule2/Page_KDMC - CMS/button_Add' is clicked on

2018-05-05 10:51:11 - [TEST_STEP][PASSED] - selectOptionByValue: All options with value '2' are selected in object 'Object Repository/Schedule2/Page_KDMC - CMS/select_--Select--Schedule 1Inj'  using regular expression

2018-05-05 10:51:11 - [MESSAGE][PASSED] - All options with value '2' are selected in object 'Object Repository/Schedule2/Page_KDMC - CMS/select_--Select--Schedule 1Inj'  using regular expression

2018-05-05 10:51:11 - [TEST_STEP][PASSED] - selectOptionByIndex: All options with index in [39] are selected on object 'Object Repository/Schedule2/Page_KDMC - CMS/select_--Select--Albendazole'

2018-05-05 10:51:12 - [MESSAGE][PASSED] - All options with index in [39] are selected on object 'Object Repository/Schedule2/Page_KDMC - CMS/select_--Select--Albendazole'

2018-05-05 10:51:12 - [TEST_STEP][PASSED] - setText: Text '5000' is set on object 'Object Repository/Schedule2/Page_KDMC - CMS/input_txttreat'

2018-05-05 10:51:12 - [MESSAGE][PASSED] - Text '5000' is set on object 'Object Repository/Schedule2/Page_KDMC - CMS/input_txttreat'

2018-05-05 10:51:12 - [TEST_STEP][PASSED] - delay: Delayed 1 second(s)

2018-05-05 10:51:13 - [MESSAGE][PASSED] - Delayed 1 second(s)

2018-05-05 10:51:13 - [TEST_STEP][PASSED] - click: Object: 'Object Repository/Schedule2/Page_KDMC - CMS/button_Add' is clicked on

2018-05-05 10:51:13 - [MESSAGE][PASSED] - Object: 'Object Repository/Schedule2/Page_KDMC - CMS/button_Add' is clicked on

2018-05-05 10:51:13 - [TEST_STEP][PASSED] - selectOptionByValue: All options with value '2' are selected in object 'Object Repository/Schedule2/Page_KDMC - CMS/select_--Select--Schedule 1Inj'  using regular expression

2018-05-05 10:51:13 - [MESSAGE][PASSED] - All options with value '2' are selected in object 'Object Repository/Schedule2/Page_KDMC - CMS/select_--Select--Schedule 1Inj'  using regular expression

2018-05-05 10:51:13 - [TEST_STEP][PASSED] - selectOptionByIndex: All options with index in [40] are selected on object 'Object Repository/Schedule2/Page_KDMC - CMS/select_--Select--Albendazole'

2018-05-05 10:51:14 - [MESSAGE][PASSED] - All options with index in [40] are selected on object 'Object Repository/Schedule2/Page_KDMC - CMS/select_--Select--Albendazole'

2018-05-05 10:51:14 - [TEST_STEP][PASSED] - setText: Text '5000' is set on object 'Object Repository/Schedule2/Page_KDMC - CMS/input_txttreat'

2018-05-05 10:51:14 - [MESSAGE][PASSED] - Text '5000' is set on object 'Object Repository/Schedule2/Page_KDMC - CMS/input_txttreat'

2018-05-05 10:51:14 - [TEST_STEP][PASSED] - delay: Delayed 1 second(s)

2018-05-05 10:51:15 - [MESSAGE][PASSED] - Delayed 1 second(s)

2018-05-05 10:51:15 - [TEST_STEP][PASSED] - click: Object: 'Object Repository/Schedule2/Page_KDMC - CMS/button_Add' is clicked on

2018-05-05 10:51:15 - [MESSAGE][PASSED] - Object: 'Object Repository/Schedule2/Page_KDMC - CMS/button_Add' is clicked on

2018-05-05 10:51:15 - [TEST_STEP][PASSED] - selectOptionByValue: All options with value '2' are selected in object 'Object Repository/Schedule2/Page_KDMC - CMS/select_--Select--Schedule 1Inj'  using regular expression

2018-05-05 10:51:15 - [MESSAGE][PASSED] - All options with value '2' are selected in object 'Object Repository/Schedule2/Page_KDMC - CMS/select_--Select--Schedule 1Inj'  using regular expression

2018-05-05 10:51:15 - [TEST_STEP][PASSED] - selectOptionByIndex: All options with index in [41] are selected on object 'Object Repository/Schedule2/Page_KDMC - CMS/select_--Select--Albendazole'

2018-05-05 10:51:15 - [MESSAGE][PASSED] - All options with index in [41] are selected on object 'Object Repository/Schedule2/Page_KDMC - CMS/select_--Select--Albendazole'

2018-05-05 10:51:15 - [TEST_STEP][PASSED] - setText: Text '5000' is set on object 'Object Repository/Schedule2/Page_KDMC - CMS/input_txttreat'

2018-05-05 10:51:16 - [MESSAGE][PASSED] - Text '5000' is set on object 'Object Repository/Schedule2/Page_KDMC - CMS/input_txttreat'

2018-05-05 10:51:16 - [TEST_STEP][PASSED] - delay: Delayed 1 second(s)

2018-05-05 10:51:17 - [MESSAGE][PASSED] - Delayed 1 second(s)

2018-05-05 10:51:17 - [TEST_STEP][PASSED] - click: Object: 'Object Repository/Schedule2/Page_KDMC - CMS/button_Add' is clicked on

2018-05-05 10:51:17 - [MESSAGE][PASSED] - Object: 'Object Repository/Schedule2/Page_KDMC - CMS/button_Add' is clicked on

2018-05-05 10:51:17 - [TEST_STEP][PASSED] - selectOptionByValue: All options with value '2' are selected in object 'Object Repository/Schedule2/Page_KDMC - CMS/select_--Select--Schedule 1Inj'  using regular expression

2018-05-05 10:51:17 - [MESSAGE][PASSED] - All options with value '2' are selected in object 'Object Repository/Schedule2/Page_KDMC - CMS/select_--Select--Schedule 1Inj'  using regular expression

2018-05-05 10:51:17 - [TEST_STEP][PASSED] - selectOptionByIndex: All options with index in [42] are selected on object 'Object Repository/Schedule2/Page_KDMC - CMS/select_--Select--Albendazole'

2018-05-05 10:51:17 - [MESSAGE][PASSED] - All options with index in [42] are selected on object 'Object Repository/Schedule2/Page_KDMC - CMS/select_--Select--Albendazole'

2018-05-05 10:51:17 - [TEST_STEP][PASSED] - setText: Text '5000' is set on object 'Object Repository/Schedule2/Page_KDMC - CMS/input_txttreat'

2018-05-05 10:51:18 - [MESSAGE][PASSED] - Text '5000' is set on object 'Object Repository/Schedule2/Page_KDMC - CMS/input_txttreat'

2018-05-05 10:51:18 - [TEST_STEP][PASSED] - delay: Delayed 1 second(s)

2018-05-05 10:51:19 - [MESSAGE][PASSED] - Delayed 1 second(s)

2018-05-05 10:51:19 - [TEST_STEP][PASSED] - click: Object: 'Object Repository/Schedule2/Page_KDMC - CMS/button_Add' is clicked on

2018-05-05 10:51:19 - [MESSAGE][PASSED] - Object: 'Object Repository/Schedule2/Page_KDMC - CMS/button_Add' is clicked on

2018-05-05 10:51:19 - [TEST_STEP][PASSED] - selectOptionByValue: All options with value '2' are selected in object 'Object Repository/Schedule2/Page_KDMC - CMS/select_--Select--Schedule 1Inj'  using regular expression

2018-05-05 10:51:19 - [MESSAGE][PASSED] - All options with value '2' are selected in object 'Object Repository/Schedule2/Page_KDMC - CMS/select_--Select--Schedule 1Inj'  using regular expression

2018-05-05 10:51:19 - [TEST_STEP][PASSED] - selectOptionByIndex: All options with index in [43] are selected on object 'Object Repository/Schedule2/Page_KDMC - CMS/select_--Select--Albendazole'

2018-05-05 10:51:20 - [MESSAGE][PASSED] - All options with index in [43] are selected on object 'Object Repository/Schedule2/Page_KDMC - CMS/select_--Select--Albendazole'

2018-05-05 10:51:20 - [TEST_STEP][PASSED] - setText: Text '5000' is set on object 'Object Repository/Schedule2/Page_KDMC - CMS/input_txttreat'

2018-05-05 10:51:20 - [MESSAGE][PASSED] - Text '5000' is set on object 'Object Repository/Schedule2/Page_KDMC - CMS/input_txttreat'

2018-05-05 10:51:20 - [TEST_STEP][PASSED] - delay: Delayed 1 second(s)

2018-05-05 10:51:21 - [MESSAGE][PASSED] - Delayed 1 second(s)

2018-05-05 10:51:21 - [TEST_STEP][PASSED] - click: Object: 'Object Repository/Schedule2/Page_KDMC - CMS/button_Add' is clicked on

2018-05-05 10:51:21 - [MESSAGE][PASSED] - Object: 'Object Repository/Schedule2/Page_KDMC - CMS/button_Add' is clicked on

2018-05-05 10:51:21 - [TEST_STEP][PASSED] - selectOptionByValue: All options with value '2' are selected in object 'Object Repository/Schedule2/Page_KDMC - CMS/select_--Select--Schedule 1Inj'  using regular expression

2018-05-05 10:51:21 - [MESSAGE][PASSED] - All options with value '2' are selected in object 'Object Repository/Schedule2/Page_KDMC - CMS/select_--Select--Schedule 1Inj'  using regular expression

2018-05-05 10:51:21 - [TEST_STEP][PASSED] - selectOptionByIndex: All options with index in [44] are selected on object 'Object Repository/Schedule2/Page_KDMC - CMS/select_--Select--Albendazole'

2018-05-05 10:51:22 - [MESSAGE][PASSED] - All options with index in [44] are selected on object 'Object Repository/Schedule2/Page_KDMC - CMS/select_--Select--Albendazole'

2018-05-05 10:51:22 - [TEST_STEP][PASSED] - setText: Text '5000' is set on object 'Object Repository/Schedule2/Page_KDMC - CMS/input_txttreat'

2018-05-05 10:51:22 - [MESSAGE][PASSED] - Text '5000' is set on object 'Object Repository/Schedule2/Page_KDMC - CMS/input_txttreat'

2018-05-05 10:51:22 - [TEST_STEP][PASSED] - delay: Delayed 1 second(s)

2018-05-05 10:51:23 - [MESSAGE][PASSED] - Delayed 1 second(s)

2018-05-05 10:51:23 - [TEST_STEP][PASSED] - click: Object: 'Object Repository/Schedule2/Page_KDMC - CMS/button_Add' is clicked on

2018-05-05 10:51:23 - [MESSAGE][PASSED] - Object: 'Object Repository/Schedule2/Page_KDMC - CMS/button_Add' is clicked on

2018-05-05 10:51:23 - [TEST_STEP][PASSED] - selectOptionByValue: All options with value '2' are selected in object 'Object Repository/Schedule2/Page_KDMC - CMS/select_--Select--Schedule 1Inj'  using regular expression

2018-05-05 10:51:23 - [MESSAGE][PASSED] - All options with value '2' are selected in object 'Object Repository/Schedule2/Page_KDMC - CMS/select_--Select--Schedule 1Inj'  using regular expression

2018-05-05 10:51:23 - [TEST_STEP][PASSED] - selectOptionByIndex: All options with index in [45] are selected on object 'Object Repository/Schedule2/Page_KDMC - CMS/select_--Select--Albendazole'

2018-05-05 10:51:24 - [MESSAGE][PASSED] - All options with index in [45] are selected on object 'Object Repository/Schedule2/Page_KDMC - CMS/select_--Select--Albendazole'

2018-05-05 10:51:24 - [TEST_STEP][PASSED] - setText: Text '5000' is set on object 'Object Repository/Schedule2/Page_KDMC - CMS/input_txttreat'

2018-05-05 10:51:24 - [MESSAGE][PASSED] - Text '5000' is set on object 'Object Repository/Schedule2/Page_KDMC - CMS/input_txttreat'

2018-05-05 10:51:24 - [TEST_STEP][PASSED] - delay: Delayed 1 second(s)

2018-05-05 10:51:25 - [MESSAGE][PASSED] - Delayed 1 second(s)

2018-05-05 10:51:25 - [TEST_STEP][PASSED] - click: Object: 'Object Repository/Schedule2/Page_KDMC - CMS/button_Add' is clicked on

2018-05-05 10:51:25 - [MESSAGE][PASSED] - Object: 'Object Repository/Schedule2/Page_KDMC - CMS/button_Add' is clicked on

2018-05-05 10:51:25 - [TEST_STEP][PASSED] - selectOptionByValue: All options with value '2' are selected in object 'Object Repository/Schedule2/Page_KDMC - CMS/select_--Select--Schedule 1Inj'  using regular expression

2018-05-05 10:51:25 - [MESSAGE][PASSED] - All options with value '2' are selected in object 'Object Repository/Schedule2/Page_KDMC - CMS/select_--Select--Schedule 1Inj'  using regular expression

2018-05-05 10:51:25 - [TEST_STEP][PASSED] - selectOptionByIndex: All options with index in [46] are selected on object 'Object Repository/Schedule2/Page_KDMC - CMS/select_--Select--Albendazole'

2018-05-05 10:51:26 - [MESSAGE][PASSED] - All options with index in [46] are selected on object 'Object Repository/Schedule2/Page_KDMC - CMS/select_--Select--Albendazole'

2018-05-05 10:51:26 - [TEST_STEP][PASSED] - setText: Text '5000' is set on object 'Object Repository/Schedule2/Page_KDMC - CMS/input_txttreat'

2018-05-05 10:51:26 - [MESSAGE][PASSED] - Text '5000' is set on object 'Object Repository/Schedule2/Page_KDMC - CMS/input_txttreat'

2018-05-05 10:51:26 - [TEST_STEP][PASSED] - delay: Delayed 1 second(s)

2018-05-05 10:51:27 - [MESSAGE][PASSED] - Delayed 1 second(s)

2018-05-05 10:51:27 - [TEST_STEP][PASSED] - click: Object: 'Object Repository/Schedule2/Page_KDMC - CMS/button_Add' is clicked on

2018-05-05 10:51:27 - [MESSAGE][PASSED] - Object: 'Object Repository/Schedule2/Page_KDMC - CMS/button_Add' is clicked on

2018-05-05 10:51:27 - [TEST_STEP][PASSED] - selectOptionByValue: All options with value '2' are selected in object 'Object Repository/Schedule2/Page_KDMC - CMS/select_--Select--Schedule 1Inj'  using regular expression

2018-05-05 10:51:27 - [MESSAGE][PASSED] - All options with value '2' are selected in object 'Object Repository/Schedule2/Page_KDMC - CMS/select_--Select--Schedule 1Inj'  using regular expression

2018-05-05 10:51:27 - [TEST_STEP][PASSED] - selectOptionByIndex: All options with index in [47] are selected on object 'Object Repository/Schedule2/Page_KDMC - CMS/select_--Select--Albendazole'

2018-05-05 10:51:28 - [MESSAGE][PASSED] - All options with index in [47] are selected on object 'Object Repository/Schedule2/Page_KDMC - CMS/select_--Select--Albendazole'

2018-05-05 10:51:28 - [TEST_STEP][PASSED] - setText: Text '5000' is set on object 'Object Repository/Schedule2/Page_KDMC - CMS/input_txttreat'

2018-05-05 10:51:28 - [MESSAGE][PASSED] - Text '5000' is set on object 'Object Repository/Schedule2/Page_KDMC - CMS/input_txttreat'

2018-05-05 10:51:28 - [TEST_STEP][PASSED] - delay: Delayed 1 second(s)

2018-05-05 10:51:29 - [MESSAGE][PASSED] - Delayed 1 second(s)

2018-05-05 10:51:29 - [TEST_STEP][PASSED] - click: Object: 'Object Repository/Schedule2/Page_KDMC - CMS/button_Add' is clicked on

2018-05-05 10:51:29 - [MESSAGE][PASSED] - Object: 'Object Repository/Schedule2/Page_KDMC - CMS/button_Add' is clicked on

2018-05-05 10:51:29 - [TEST_STEP][PASSED] - selectOptionByValue: All options with value '2' are selected in object 'Object Repository/Schedule2/Page_KDMC - CMS/select_--Select--Schedule 1Inj'  using regular expression

2018-05-05 10:51:29 - [MESSAGE][PASSED] - All options with value '2' are selected in object 'Object Repository/Schedule2/Page_KDMC - CMS/select_--Select--Schedule 1Inj'  using regular expression

2018-05-05 10:51:29 - [TEST_STEP][PASSED] - selectOptionByIndex: All options with index in [48] are selected on object 'Object Repository/Schedule2/Page_KDMC - CMS/select_--Select--Albendazole'

2018-05-05 10:51:30 - [MESSAGE][PASSED] - All options with index in [48] are selected on object 'Object Repository/Schedule2/Page_KDMC - CMS/select_--Select--Albendazole'

2018-05-05 10:51:30 - [TEST_STEP][PASSED] - setText: Text '5000' is set on object 'Object Repository/Schedule2/Page_KDMC - CMS/input_txttreat'

2018-05-05 10:51:30 - [MESSAGE][PASSED] - Text '5000' is set on object 'Object Repository/Schedule2/Page_KDMC - CMS/input_txttreat'

2018-05-05 10:51:30 - [TEST_STEP][PASSED] - delay: Delayed 1 second(s)

2018-05-05 10:51:31 - [MESSAGE][PASSED] - Delayed 1 second(s)

2018-05-05 10:51:31 - [TEST_STEP][PASSED] - click: Object: 'Object Repository/Schedule2/Page_KDMC - CMS/button_Add' is clicked on

2018-05-05 10:51:31 - [MESSAGE][PASSED] - Object: 'Object Repository/Schedule2/Page_KDMC - CMS/button_Add' is clicked on

2018-05-05 10:51:31 - [TEST_STEP][PASSED] - selectOptionByValue: All options with value '2' are selected in object 'Object Repository/Schedule2/Page_KDMC - CMS/select_--Select--Schedule 1Inj'  using regular expression

2018-05-05 10:51:31 - [MESSAGE][PASSED] - All options with value '2' are selected in object 'Object Repository/Schedule2/Page_KDMC - CMS/select_--Select--Schedule 1Inj'  using regular expression

2018-05-05 10:51:31 - [TEST_STEP][PASSED] - selectOptionByIndex: All options with index in [49] are selected on object 'Object Repository/Schedule2/Page_KDMC - CMS/select_--Select--Albendazole'

2018-05-05 10:51:32 - [MESSAGE][PASSED] - All options with index in [49] are selected on object 'Object Repository/Schedule2/Page_KDMC - CMS/select_--Select--Albendazole'

2018-05-05 10:51:32 - [TEST_STEP][PASSED] - setText: Text '5000' is set on object 'Object Repository/Schedule2/Page_KDMC - CMS/input_txttreat'

2018-05-05 10:51:32 - [MESSAGE][PASSED] - Text '5000' is set on object 'Object Repository/Schedule2/Page_KDMC - CMS/input_txttreat'

2018-05-05 10:51:32 - [TEST_STEP][PASSED] - delay: Delayed 1 second(s)

2018-05-05 10:51:33 - [MESSAGE][PASSED] - Delayed 1 second(s)

2018-05-05 10:51:33 - [TEST_STEP][PASSED] - click: Object: 'Object Repository/Schedule2/Page_KDMC - CMS/button_Add' is clicked on

2018-05-05 10:51:33 - [MESSAGE][PASSED] - Object: 'Object Repository/Schedule2/Page_KDMC - CMS/button_Add' is clicked on

2018-05-05 10:51:33 - [TEST_STEP][PASSED] - selectOptionByValue: All options with value '2' are selected in object 'Object Repository/Schedule2/Page_KDMC - CMS/select_--Select--Schedule 1Inj'  using regular expression

2018-05-05 10:51:34 - [MESSAGE][PASSED] - All options with value '2' are selected in object 'Object Repository/Schedule2/Page_KDMC - CMS/select_--Select--Schedule 1Inj'  using regular expression

2018-05-05 10:51:34 - [TEST_STEP][PASSED] - selectOptionByIndex: All options with index in [50] are selected on object 'Object Repository/Schedule2/Page_KDMC - CMS/select_--Select--Albendazole'

2018-05-05 10:51:34 - [MESSAGE][PASSED] - All options with index in [50] are selected on object 'Object Repository/Schedule2/Page_KDMC - CMS/select_--Select--Albendazole'

2018-05-05 10:51:34 - [TEST_STEP][PASSED] - setText: Text '5000' is set on object 'Object Repository/Schedule2/Page_KDMC - CMS/input_txttreat'

2018-05-05 10:51:34 - [MESSAGE][PASSED] - Text '5000' is set on object 'Object Repository/Schedule2/Page_KDMC - CMS/input_txttreat'

2018-05-05 10:51:34 - [TEST_STEP][PASSED] - delay: Delayed 1 second(s)

2018-05-05 10:51:35 - [MESSAGE][PASSED] - Delayed 1 second(s)

2018-05-05 10:51:35 - [TEST_STEP][PASSED] - click: Object: 'Object Repository/Schedule2/Page_KDMC - CMS/button_Add' is clicked on

2018-05-05 10:51:35 - [MESSAGE][PASSED] - Object: 'Object Repository/Schedule2/Page_KDMC - CMS/button_Add' is clicked on

2018-05-05 10:51:35 - [TEST_STEP][PASSED] - selectOptionByValue: All options with value '2' are selected in object 'Object Repository/Schedule2/Page_KDMC - CMS/select_--Select--Schedule 1Inj'  using regular expression

2018-05-05 10:51:36 - [MESSAGE][PASSED] - All options with value '2' are selected in object 'Object Repository/Schedule2/Page_KDMC - CMS/select_--Select--Schedule 1Inj'  using regular expression

2018-05-05 10:51:36 - [TEST_STEP][PASSED] - selectOptionByIndex: All options with index in [51] are selected on object 'Object Repository/Schedule2/Page_KDMC - CMS/select_--Select--Albendazole'

2018-05-05 10:51:36 - [MESSAGE][PASSED] - All options with index in [51] are selected on object 'Object Repository/Schedule2/Page_KDMC - CMS/select_--Select--Albendazole'

2018-05-05 10:51:36 - [TEST_STEP][PASSED] - setText: Text '5000' is set on object 'Object Repository/Schedule2/Page_KDMC - CMS/input_txttreat'

2018-05-05 10:51:36 - [MESSAGE][PASSED] - Text '5000' is set on object 'Object Repository/Schedule2/Page_KDMC - CMS/input_txttreat'

2018-05-05 10:51:36 - [TEST_STEP][PASSED] - delay: Delayed 1 second(s)

2018-05-05 10:51:37 - [MESSAGE][PASSED] - Delayed 1 second(s)

2018-05-05 10:51:37 - [TEST_STEP][PASSED] - click: Object: 'Object Repository/Schedule2/Page_KDMC - CMS/button_Add' is clicked on

2018-05-05 10:51:37 - [MESSAGE][PASSED] - Object: 'Object Repository/Schedule2/Page_KDMC - CMS/button_Add' is clicked on

2018-05-05 10:51:37 - [TEST_STEP][PASSED] - selectOptionByValue: All options with value '2' are selected in object 'Object Repository/Schedule2/Page_KDMC - CMS/select_--Select--Schedule 1Inj'  using regular expression

2018-05-05 10:51:38 - [MESSAGE][PASSED] - All options with value '2' are selected in object 'Object Repository/Schedule2/Page_KDMC - CMS/select_--Select--Schedule 1Inj'  using regular expression

2018-05-05 10:51:38 - [TEST_STEP][PASSED] - selectOptionByIndex: All options with index in [52] are selected on object 'Object Repository/Schedule2/Page_KDMC - CMS/select_--Select--Albendazole'

2018-05-05 10:51:38 - [MESSAGE][PASSED] - All options with index in [52] are selected on object 'Object Repository/Schedule2/Page_KDMC - CMS/select_--Select--Albendazole'

2018-05-05 10:51:38 - [TEST_STEP][PASSED] - setText: Text '5000' is set on object 'Object Repository/Schedule2/Page_KDMC - CMS/input_txttreat'

2018-05-05 10:51:38 - [MESSAGE][PASSED] - Text '5000' is set on object 'Object Repository/Schedule2/Page_KDMC - CMS/input_txttreat'

2018-05-05 10:51:38 - [TEST_STEP][PASSED] - delay: Delayed 1 second(s)

2018-05-05 10:51:39 - [MESSAGE][PASSED] - Delayed 1 second(s)

2018-05-05 10:51:39 - [TEST_STEP][PASSED] - click: Object: 'Object Repository/Schedule2/Page_KDMC - CMS/button_Add' is clicked on

2018-05-05 10:51:40 - [MESSAGE][PASSED] - Object: 'Object Repository/Schedule2/Page_KDMC - CMS/button_Add' is clicked on

2018-05-05 10:51:40 - [TEST_STEP][PASSED] - selectOptionByValue: All options with value '2' are selected in object 'Object Repository/Schedule2/Page_KDMC - CMS/select_--Select--Schedule 1Inj'  using regular expression

2018-05-05 10:51:40 - [MESSAGE][PASSED] - All options with value '2' are selected in object 'Object Repository/Schedule2/Page_KDMC - CMS/select_--Select--Schedule 1Inj'  using regular expression

2018-05-05 10:51:40 - [TEST_STEP][PASSED] - selectOptionByIndex: All options with index in [53] are selected on object 'Object Repository/Schedule2/Page_KDMC - CMS/select_--Select--Albendazole'

2018-05-05 10:51:41 - [MESSAGE][PASSED] - All options with index in [53] are selected on object 'Object Repository/Schedule2/Page_KDMC - CMS/select_--Select--Albendazole'

2018-05-05 10:51:41 - [TEST_STEP][PASSED] - setText: Text '5000' is set on object 'Object Repository/Schedule2/Page_KDMC - CMS/input_txttreat'

2018-05-05 10:51:41 - [MESSAGE][PASSED] - Text '5000' is set on object 'Object Repository/Schedule2/Page_KDMC - CMS/input_txttreat'

2018-05-05 10:51:41 - [TEST_STEP][PASSED] - delay: Delayed 1 second(s)

2018-05-05 10:51:42 - [MESSAGE][PASSED] - Delayed 1 second(s)

2018-05-05 10:51:42 - [TEST_STEP][PASSED] - click: Object: 'Object Repository/Schedule2/Page_KDMC - CMS/button_Add' is clicked on

2018-05-05 10:51:42 - [MESSAGE][PASSED] - Object: 'Object Repository/Schedule2/Page_KDMC - CMS/button_Add' is clicked on

2018-05-05 10:51:42 - [TEST_STEP][PASSED] - selectOptionByValue: All options with value '2' are selected in object 'Object Repository/Schedule2/Page_KDMC - CMS/select_--Select--Schedule 1Inj'  using regular expression

2018-05-05 10:51:42 - [MESSAGE][PASSED] - All options with value '2' are selected in object 'Object Repository/Schedule2/Page_KDMC - CMS/select_--Select--Schedule 1Inj'  using regular expression

2018-05-05 10:51:42 - [TEST_STEP][PASSED] - selectOptionByIndex: All options with index in [54] are selected on object 'Object Repository/Schedule2/Page_KDMC - CMS/select_--Select--Albendazole'

2018-05-05 10:51:43 - [MESSAGE][PASSED] - All options with index in [54] are selected on object 'Object Repository/Schedule2/Page_KDMC - CMS/select_--Select--Albendazole'

2018-05-05 10:51:43 - [TEST_STEP][PASSED] - setText: Text '5000' is set on object 'Object Repository/Schedule2/Page_KDMC - CMS/input_txttreat'

2018-05-05 10:51:43 - [MESSAGE][PASSED] - Text '5000' is set on object 'Object Repository/Schedule2/Page_KDMC - CMS/input_txttreat'

2018-05-05 10:51:43 - [TEST_STEP][PASSED] - delay: Delayed 1 second(s)

2018-05-05 10:51:44 - [MESSAGE][PASSED] - Delayed 1 second(s)

2018-05-05 10:51:44 - [TEST_STEP][PASSED] - click: Object: 'Object Repository/Schedule2/Page_KDMC - CMS/button_Add' is clicked on

2018-05-05 10:51:44 - [MESSAGE][PASSED] - Object: 'Object Repository/Schedule2/Page_KDMC - CMS/button_Add' is clicked on

2018-05-05 10:51:44 - [TEST_STEP][PASSED] - selectOptionByValue: All options with value '2' are selected in object 'Object Repository/Schedule2/Page_KDMC - CMS/select_--Select--Schedule 1Inj'  using regular expression

2018-05-05 10:51:44 - [MESSAGE][PASSED] - All options with value '2' are selected in object 'Object Repository/Schedule2/Page_KDMC - CMS/select_--Select--Schedule 1Inj'  using regular expression

2018-05-05 10:51:44 - [TEST_STEP][PASSED] - selectOptionByIndex: All options with index in [55] are selected on object 'Object Repository/Schedule2/Page_KDMC - CMS/select_--Select--Albendazole'

2018-05-05 10:51:45 - [MESSAGE][PASSED] - All options with index in [55] are selected on object 'Object Repository/Schedule2/Page_KDMC - CMS/select_--Select--Albendazole'

2018-05-05 10:51:45 - [TEST_STEP][PASSED] - setText: Text '5000' is set on object 'Object Repository/Schedule2/Page_KDMC - CMS/input_txttreat'

2018-05-05 10:51:45 - [MESSAGE][PASSED] - Text '5000' is set on object 'Object Repository/Schedule2/Page_KDMC - CMS/input_txttreat'

2018-05-05 10:51:45 - [TEST_STEP][PASSED] - delay: Delayed 1 second(s)

2018-05-05 10:51:46 - [MESSAGE][PASSED] - Delayed 1 second(s)

2018-05-05 10:51:46 - [TEST_STEP][PASSED] - click: Object: 'Object Repository/Schedule2/Page_KDMC - CMS/button_Add' is clicked on

2018-05-05 10:51:46 - [MESSAGE][PASSED] - Object: 'Object Repository/Schedule2/Page_KDMC - CMS/button_Add' is clicked on

2018-05-05 10:51:46 - [TEST_STEP][PASSED] - selectOptionByValue: All options with value '2' are selected in object 'Object Repository/Schedule2/Page_KDMC - CMS/select_--Select--Schedule 1Inj'  using regular expression

2018-05-05 10:51:46 - [MESSAGE][PASSED] - All options with value '2' are selected in object 'Object Repository/Schedule2/Page_KDMC - CMS/select_--Select--Schedule 1Inj'  using regular expression

2018-05-05 10:51:46 - [TEST_STEP][PASSED] - selectOptionByIndex: All options with index in [56] are selected on object 'Object Repository/Schedule2/Page_KDMC - CMS/select_--Select--Albendazole'

2018-05-05 10:51:47 - [MESSAGE][PASSED] - All options with index in [56] are selected on object 'Object Repository/Schedule2/Page_KDMC - CMS/select_--Select--Albendazole'

2018-05-05 10:51:47 - [TEST_STEP][PASSED] - setText: Text '5000' is set on object 'Object Repository/Schedule2/Page_KDMC - CMS/input_txttreat'

2018-05-05 10:51:47 - [MESSAGE][PASSED] - Text '5000' is set on object 'Object Repository/Schedule2/Page_KDMC - CMS/input_txttreat'

2018-05-05 10:51:47 - [TEST_STEP][PASSED] - delay: Delayed 1 second(s)

2018-05-05 10:51:48 - [MESSAGE][PASSED] - Delayed 1 second(s)

2018-05-05 10:51:48 - [TEST_STEP][PASSED] - click: Object: 'Object Repository/Schedule2/Page_KDMC - CMS/button_Add' is clicked on

2018-05-05 10:51:48 - [MESSAGE][PASSED] - Object: 'Object Repository/Schedule2/Page_KDMC - CMS/button_Add' is clicked on

2018-05-05 10:51:48 - [TEST_STEP][PASSED] - selectOptionByValue: All options with value '2' are selected in object 'Object Repository/Schedule2/Page_KDMC - CMS/select_--Select--Schedule 1Inj'  using regular expression

2018-05-05 10:51:48 - [MESSAGE][PASSED] - All options with value '2' are selected in object 'Object Repository/Schedule2/Page_KDMC - CMS/select_--Select--Schedule 1Inj'  using regular expression

2018-05-05 10:51:48 - [TEST_STEP][PASSED] - selectOptionByIndex: All options with index in [57] are selected on object 'Object Repository/Schedule2/Page_KDMC - CMS/select_--Select--Albendazole'

2018-05-05 10:51:49 - [MESSAGE][PASSED] - All options with index in [57] are selected on object 'Object Repository/Schedule2/Page_KDMC - CMS/select_--Select--Albendazole'

2018-05-05 10:51:49 - [TEST_STEP][PASSED] - setText: Text '5000' is set on object 'Object Repository/Schedule2/Page_KDMC - CMS/input_txttreat'

2018-05-05 10:51:49 - [MESSAGE][PASSED] - Text '5000' is set on object 'Object Repository/Schedule2/Page_KDMC - CMS/input_txttreat'

2018-05-05 10:51:49 - [TEST_STEP][PASSED] - delay: Delayed 1 second(s)

2018-05-05 10:51:50 - [MESSAGE][PASSED] - Delayed 1 second(s)

2018-05-05 10:51:50 - [TEST_STEP][PASSED] - click: Object: 'Object Repository/Schedule2/Page_KDMC - CMS/button_Add' is clicked on

2018-05-05 10:51:51 - [MESSAGE][PASSED] - Object: 'Object Repository/Schedule2/Page_KDMC - CMS/button_Add' is clicked on

2018-05-05 10:51:51 - [TEST_STEP][PASSED] - selectOptionByValue: All options with value '2' are selected in object 'Object Repository/Schedule2/Page_KDMC - CMS/select_--Select--Schedule 1Inj'  using regular expression

2018-05-05 10:51:51 - [MESSAGE][PASSED] - All options with value '2' are selected in object 'Object Repository/Schedule2/Page_KDMC - CMS/select_--Select--Schedule 1Inj'  using regular expression

2018-05-05 10:51:51 - [TEST_STEP][PASSED] - selectOptionByIndex: All options with index in [58] are selected on object 'Object Repository/Schedule2/Page_KDMC - CMS/select_--Select--Albendazole'

2018-05-05 10:51:52 - [MESSAGE][PASSED] - All options with index in [58] are selected on object 'Object Repository/Schedule2/Page_KDMC - CMS/select_--Select--Albendazole'

2018-05-05 10:51:52 - [TEST_STEP][PASSED] - setText: Text '5000' is set on object 'Object Repository/Schedule2/Page_KDMC - CMS/input_txttreat'

2018-05-05 10:51:52 - [MESSAGE][PASSED] - Text '5000' is set on object 'Object Repository/Schedule2/Page_KDMC - CMS/input_txttreat'

2018-05-05 10:51:52 - [TEST_STEP][PASSED] - delay: Delayed 1 second(s)

2018-05-05 10:51:53 - [MESSAGE][PASSED] - Delayed 1 second(s)

2018-05-05 10:51:53 - [TEST_STEP][PASSED] - click: Object: 'Object Repository/Schedule2/Page_KDMC - CMS/button_Add' is clicked on

2018-05-05 10:51:53 - [MESSAGE][PASSED] - Object: 'Object Repository/Schedule2/Page_KDMC - CMS/button_Add' is clicked on

2018-05-05 10:51:53 - [TEST_STEP][PASSED] - selectOptionByValue: All options with value '2' are selected in object 'Object Repository/Schedule2/Page_KDMC - CMS/select_--Select--Schedule 1Inj'  using regular expression

2018-05-05 10:51:53 - [MESSAGE][PASSED] - All options with value '2' are selected in object 'Object Repository/Schedule2/Page_KDMC - CMS/select_--Select--Schedule 1Inj'  using regular expression

2018-05-05 10:51:53 - [TEST_STEP][PASSED] - selectOptionByIndex: All options with index in [59] are selected on object 'Object Repository/Schedule2/Page_KDMC - CMS/select_--Select--Albendazole'

2018-05-05 10:51:54 - [MESSAGE][PASSED] - All options with index in [59] are selected on object 'Object Repository/Schedule2/Page_KDMC - CMS/select_--Select--Albendazole'

2018-05-05 10:51:54 - [TEST_STEP][PASSED] - setText: Text '5000' is set on object 'Object Repository/Schedule2/Page_KDMC - CMS/input_txttreat'

2018-05-05 10:51:54 - [MESSAGE][PASSED] - Text '5000' is set on object 'Object Repository/Schedule2/Page_KDMC - CMS/input_txttreat'

2018-05-05 10:51:54 - [TEST_STEP][PASSED] - delay: Delayed 1 second(s)

2018-05-05 10:51:55 - [MESSAGE][PASSED] - Delayed 1 second(s)

2018-05-05 10:51:55 - [TEST_STEP][PASSED] - click: Object: 'Object Repository/Schedule2/Page_KDMC - CMS/button_Add' is clicked on

2018-05-05 10:51:55 - [MESSAGE][PASSED] - Object: 'Object Repository/Schedule2/Page_KDMC - CMS/button_Add' is clicked on

2018-05-05 10:51:55 - [TEST_STEP][PASSED] - selectOptionByValue: All options with value '2' are selected in object 'Object Repository/Schedule2/Page_KDMC - CMS/select_--Select--Schedule 1Inj'  using regular expression

2018-05-05 10:51:55 - [MESSAGE][PASSED] - All options with value '2' are selected in object 'Object Repository/Schedule2/Page_KDMC - CMS/select_--Select--Schedule 1Inj'  using regular expression

2018-05-05 10:51:55 - [TEST_STEP][PASSED] - selectOptionByIndex: All options with index in [60] are selected on object 'Object Repository/Schedule2/Page_KDMC - CMS/select_--Select--Albendazole'

2018-05-05 10:51:56 - [MESSAGE][PASSED] - All options with index in [60] are selected on object 'Object Repository/Schedule2/Page_KDMC - CMS/select_--Select--Albendazole'

2018-05-05 10:51:56 - [TEST_STEP][PASSED] - setText: Text '5000' is set on object 'Object Repository/Schedule2/Page_KDMC - CMS/input_txttreat'

2018-05-05 10:51:56 - [MESSAGE][PASSED] - Text '5000' is set on object 'Object Repository/Schedule2/Page_KDMC - CMS/input_txttreat'

2018-05-05 10:51:56 - [TEST_STEP][PASSED] - delay: Delayed 1 second(s)

2018-05-05 10:51:57 - [MESSAGE][PASSED] - Delayed 1 second(s)

2018-05-05 10:51:57 - [TEST_STEP][PASSED] - click: Object: 'Object Repository/Schedule2/Page_KDMC - CMS/button_Add' is clicked on

2018-05-05 10:51:57 - [MESSAGE][PASSED] - Object: 'Object Repository/Schedule2/Page_KDMC - CMS/button_Add' is clicked on

2018-05-05 10:51:57 - [TEST_STEP][PASSED] - selectOptionByValue: All options with value '2' are selected in object 'Object Repository/Schedule2/Page_KDMC - CMS/select_--Select--Schedule 1Inj'  using regular expression

2018-05-05 10:51:57 - [MESSAGE][PASSED] - All options with value '2' are selected in object 'Object Repository/Schedule2/Page_KDMC - CMS/select_--Select--Schedule 1Inj'  using regular expression

2018-05-05 10:51:57 - [TEST_STEP][PASSED] - selectOptionByIndex: All options with index in [61] are selected on object 'Object Repository/Schedule2/Page_KDMC - CMS/select_--Select--Albendazole'

2018-05-05 10:51:58 - [MESSAGE][PASSED] - All options with index in [61] are selected on object 'Object Repository/Schedule2/Page_KDMC - CMS/select_--Select--Albendazole'

2018-05-05 10:51:58 - [TEST_STEP][PASSED] - setText: Text '5000' is set on object 'Object Repository/Schedule2/Page_KDMC - CMS/input_txttreat'

2018-05-05 10:51:58 - [MESSAGE][PASSED] - Text '5000' is set on object 'Object Repository/Schedule2/Page_KDMC - CMS/input_txttreat'

2018-05-05 10:51:58 - [TEST_STEP][PASSED] - delay: Delayed 1 second(s)

2018-05-05 10:51:59 - [MESSAGE][PASSED] - Delayed 1 second(s)

2018-05-05 10:51:59 - [TEST_STEP][PASSED] - click: Object: 'Object Repository/Schedule2/Page_KDMC - CMS/button_Add' is clicked on

2018-05-05 10:51:59 - [MESSAGE][PASSED] - Object: 'Object Repository/Schedule2/Page_KDMC - CMS/button_Add' is clicked on

2018-05-05 10:51:59 - [TEST_STEP][PASSED] - selectOptionByValue: All options with value '2' are selected in object 'Object Repository/Schedule2/Page_KDMC - CMS/select_--Select--Schedule 1Inj'  using regular expression

2018-05-05 10:51:59 - [MESSAGE][PASSED] - All options with value '2' are selected in object 'Object Repository/Schedule2/Page_KDMC - CMS/select_--Select--Schedule 1Inj'  using regular expression

2018-05-05 10:51:59 - [TEST_STEP][PASSED] - selectOptionByIndex: All options with index in [62] are selected on object 'Object Repository/Schedule2/Page_KDMC - CMS/select_--Select--Albendazole'

2018-05-05 10:52:00 - [MESSAGE][PASSED] - All options with index in [62] are selected on object 'Object Repository/Schedule2/Page_KDMC - CMS/select_--Select--Albendazole'

2018-05-05 10:52:00 - [TEST_STEP][PASSED] - setText: Text '5000' is set on object 'Object Repository/Schedule2/Page_KDMC - CMS/input_txttreat'

2018-05-05 10:52:00 - [MESSAGE][PASSED] - Text '5000' is set on object 'Object Repository/Schedule2/Page_KDMC - CMS/input_txttreat'

2018-05-05 10:52:00 - [TEST_STEP][PASSED] - delay: Delayed 1 second(s)

2018-05-05 10:52:01 - [MESSAGE][PASSED] - Delayed 1 second(s)

2018-05-05 10:52:01 - [TEST_STEP][PASSED] - click: Object: 'Object Repository/Schedule2/Page_KDMC - CMS/button_Add' is clicked on

2018-05-05 10:52:01 - [MESSAGE][PASSED] - Object: 'Object Repository/Schedule2/Page_KDMC - CMS/button_Add' is clicked on

2018-05-05 10:52:01 - [TEST_STEP][PASSED] - selectOptionByValue: All options with value '2' are selected in object 'Object Repository/Schedule2/Page_KDMC - CMS/select_--Select--Schedule 1Inj'  using regular expression

2018-05-05 10:52:02 - [MESSAGE][PASSED] - All options with value '2' are selected in object 'Object Repository/Schedule2/Page_KDMC - CMS/select_--Select--Schedule 1Inj'  using regular expression

2018-05-05 10:52:02 - [TEST_STEP][PASSED] - selectOptionByIndex: All options with index in [63] are selected on object 'Object Repository/Schedule2/Page_KDMC - CMS/select_--Select--Albendazole'

2018-05-05 10:52:02 - [MESSAGE][PASSED] - All options with index in [63] are selected on object 'Object Repository/Schedule2/Page_KDMC - CMS/select_--Select--Albendazole'

2018-05-05 10:52:02 - [TEST_STEP][PASSED] - setText: Text '5000' is set on object 'Object Repository/Schedule2/Page_KDMC - CMS/input_txttreat'

2018-05-05 10:52:02 - [MESSAGE][PASSED] - Text '5000' is set on object 'Object Repository/Schedule2/Page_KDMC - CMS/input_txttreat'

2018-05-05 10:52:02 - [TEST_STEP][PASSED] - delay: Delayed 1 second(s)

2018-05-05 10:52:03 - [MESSAGE][PASSED] - Delayed 1 second(s)

2018-05-05 10:52:03 - [TEST_STEP][PASSED] - click: Object: 'Object Repository/Schedule2/Page_KDMC - CMS/button_Add' is clicked on

2018-05-05 10:52:04 - [MESSAGE][PASSED] - Object: 'Object Repository/Schedule2/Page_KDMC - CMS/button_Add' is clicked on

2018-05-05 10:52:04 - [TEST_STEP][PASSED] - selectOptionByValue: All options with value '2' are selected in object 'Object Repository/Schedule2/Page_KDMC - CMS/select_--Select--Schedule 1Inj'  using regular expression

2018-05-05 10:52:04 - [MESSAGE][PASSED] - All options with value '2' are selected in object 'Object Repository/Schedule2/Page_KDMC - CMS/select_--Select--Schedule 1Inj'  using regular expression

2018-05-05 10:52:04 - [TEST_STEP][PASSED] - selectOptionByIndex: All options with index in [64] are selected on object 'Object Repository/Schedule2/Page_KDMC - CMS/select_--Select--Albendazole'

2018-05-05 10:52:05 - [MESSAGE][PASSED] - All options with index in [64] are selected on object 'Object Repository/Schedule2/Page_KDMC - CMS/select_--Select--Albendazole'

2018-05-05 10:52:05 - [TEST_STEP][PASSED] - setText: Text '5000' is set on object 'Object Repository/Schedule2/Page_KDMC - CMS/input_txttreat'

2018-05-05 10:52:05 - [MESSAGE][PASSED] - Text '5000' is set on object 'Object Repository/Schedule2/Page_KDMC - CMS/input_txttreat'

2018-05-05 10:52:05 - [TEST_STEP][PASSED] - delay: Delayed 1 second(s)

2018-05-05 10:52:06 - [MESSAGE][PASSED] - Delayed 1 second(s)

2018-05-05 10:52:06 - [TEST_STEP][PASSED] - click: Object: 'Object Repository/Schedule2/Page_KDMC - CMS/button_Add' is clicked on

2018-05-05 10:52:06 - [MESSAGE][PASSED] - Object: 'Object Repository/Schedule2/Page_KDMC - CMS/button_Add' is clicked on

2018-05-05 10:52:06 - [TEST_STEP][PASSED] - selectOptionByValue: All options with value '2' are selected in object 'Object Repository/Schedule2/Page_KDMC - CMS/select_--Select--Schedule 1Inj'  using regular expression

2018-05-05 10:52:06 - [MESSAGE][PASSED] - All options with value '2' are selected in object 'Object Repository/Schedule2/Page_KDMC - CMS/select_--Select--Schedule 1Inj'  using regular expression

2018-05-05 10:52:06 - [TEST_STEP][PASSED] - selectOptionByIndex: All options with index in [65] are selected on object 'Object Repository/Schedule2/Page_KDMC - CMS/select_--Select--Albendazole'

2018-05-05 10:52:07 - [MESSAGE][PASSED] - All options with index in [65] are selected on object 'Object Repository/Schedule2/Page_KDMC - CMS/select_--Select--Albendazole'

2018-05-05 10:52:07 - [TEST_STEP][PASSED] - setText: Text '5000' is set on object 'Object Repository/Schedule2/Page_KDMC - CMS/input_txttreat'

2018-05-05 10:52:07 - [MESSAGE][PASSED] - Text '5000' is set on object 'Object Repository/Schedule2/Page_KDMC - CMS/input_txttreat'

2018-05-05 10:52:07 - [TEST_STEP][PASSED] - delay: Delayed 1 second(s)

2018-05-05 10:52:08 - [MESSAGE][PASSED] - Delayed 1 second(s)

2018-05-05 10:52:08 - [TEST_STEP][PASSED] - click: Object: 'Object Repository/Schedule2/Page_KDMC - CMS/button_Add' is clicked on

2018-05-05 10:52:08 - [MESSAGE][PASSED] - Object: 'Object Repository/Schedule2/Page_KDMC - CMS/button_Add' is clicked on

2018-05-05 10:52:08 - [TEST_STEP][PASSED] - selectOptionByValue: All options with value '2' are selected in object 'Object Repository/Schedule2/Page_KDMC - CMS/select_--Select--Schedule 1Inj'  using regular expression

2018-05-05 10:52:08 - [MESSAGE][PASSED] - All options with value '2' are selected in object 'Object Repository/Schedule2/Page_KDMC - CMS/select_--Select--Schedule 1Inj'  using regular expression

2018-05-05 10:52:08 - [TEST_STEP][PASSED] - selectOptionByIndex: All options with index in [66] are selected on object 'Object Repository/Schedule2/Page_KDMC - CMS/select_--Select--Albendazole'

2018-05-05 10:52:09 - [MESSAGE][PASSED] - All options with index in [66] are selected on object 'Object Repository/Schedule2/Page_KDMC - CMS/select_--Select--Albendazole'

2018-05-05 10:52:09 - [TEST_STEP][PASSED] - setText: Text '5000' is set on object 'Object Repository/Schedule2/Page_KDMC - CMS/input_txttreat'

2018-05-05 10:52:09 - [MESSAGE][PASSED] - Text '5000' is set on object 'Object Repository/Schedule2/Page_KDMC - CMS/input_txttreat'

2018-05-05 10:52:09 - [TEST_STEP][PASSED] - delay: Delayed 1 second(s)

2018-05-05 10:52:10 - [MESSAGE][PASSED] - Delayed 1 second(s)

2018-05-05 10:52:10 - [TEST_STEP][PASSED] - click: Object: 'Object Repository/Schedule2/Page_KDMC - CMS/button_Add' is clicked on

2018-05-05 10:52:10 - [MESSAGE][PASSED] - Object: 'Object Repository/Schedule2/Page_KDMC - CMS/button_Add' is clicked on

2018-05-05 10:52:10 - [TEST_STEP][PASSED] - selectOptionByValue: All options with value '2' are selected in object 'Object Repository/Schedule2/Page_KDMC - CMS/select_--Select--Schedule 1Inj'  using regular expression

2018-05-05 10:52:10 - [MESSAGE][PASSED] - All options with value '2' are selected in object 'Object Repository/Schedule2/Page_KDMC - CMS/select_--Select--Schedule 1Inj'  using regular expression

2018-05-05 10:52:10 - [TEST_STEP][PASSED] - selectOptionByIndex: All options with index in [67] are selected on object 'Object Repository/Schedule2/Page_KDMC - CMS/select_--Select--Albendazole'

2018-05-05 10:52:11 - [MESSAGE][PASSED] - All options with index in [67] are selected on object 'Object Repository/Schedule2/Page_KDMC - CMS/select_--Select--Albendazole'

2018-05-05 10:52:11 - [TEST_STEP][PASSED] - setText: Text '5000' is set on object 'Object Repository/Schedule2/Page_KDMC - CMS/input_txttreat'

2018-05-05 10:52:11 - [MESSAGE][PASSED] - Text '5000' is set on object 'Object Repository/Schedule2/Page_KDMC - CMS/input_txttreat'

2018-05-05 10:52:11 - [TEST_STEP][PASSED] - delay: Delayed 1 second(s)

2018-05-05 10:52:12 - [MESSAGE][PASSED] - Delayed 1 second(s)

2018-05-05 10:52:12 - [TEST_STEP][PASSED] - click: Object: 'Object Repository/Schedule2/Page_KDMC - CMS/button_Add' is clicked on

2018-05-05 10:52:12 - [MESSAGE][PASSED] - Object: 'Object Repository/Schedule2/Page_KDMC - CMS/button_Add' is clicked on

2018-05-05 10:52:12 - [TEST_STEP][PASSED] - selectOptionByValue: All options with value '2' are selected in object 'Object Repository/Schedule2/Page_KDMC - CMS/select_--Select--Schedule 1Inj'  using regular expression

2018-05-05 10:52:13 - [MESSAGE][PASSED] - All options with value '2' are selected in object 'Object Repository/Schedule2/Page_KDMC - CMS/select_--Select--Schedule 1Inj'  using regular expression

2018-05-05 10:52:13 - [TEST_STEP][PASSED] - selectOptionByIndex: All options with index in [68] are selected on object 'Object Repository/Schedule2/Page_KDMC - CMS/select_--Select--Albendazole'

2018-05-05 10:52:13 - [MESSAGE][PASSED] - All options with index in [68] are selected on object 'Object Repository/Schedule2/Page_KDMC - CMS/select_--Select--Albendazole'

2018-05-05 10:52:13 - [TEST_STEP][PASSED] - setText: Text '5000' is set on object 'Object Repository/Schedule2/Page_KDMC - CMS/input_txttreat'

2018-05-05 10:52:13 - [MESSAGE][PASSED] - Text '5000' is set on object 'Object Repository/Schedule2/Page_KDMC - CMS/input_txttreat'

2018-05-05 10:52:13 - [TEST_STEP][PASSED] - delay: Delayed 1 second(s)

2018-05-05 10:52:14 - [MESSAGE][PASSED] - Delayed 1 second(s)

2018-05-05 10:52:14 - [TEST_STEP][PASSED] - click: Object: 'Object Repository/Schedule2/Page_KDMC - CMS/button_Add' is clicked on

2018-05-05 10:52:15 - [MESSAGE][PASSED] - Object: 'Object Repository/Schedule2/Page_KDMC - CMS/button_Add' is clicked on

2018-05-05 10:52:15 - [TEST_STEP][PASSED] - selectOptionByValue: All options with value '2' are selected in object 'Object Repository/Schedule2/Page_KDMC - CMS/select_--Select--Schedule 1Inj'  using regular expression

2018-05-05 10:52:15 - [MESSAGE][PASSED] - All options with value '2' are selected in object 'Object Repository/Schedule2/Page_KDMC - CMS/select_--Select--Schedule 1Inj'  using regular expression

2018-05-05 10:52:15 - [TEST_STEP][PASSED] - selectOptionByIndex: All options with index in [69] are selected on object 'Object Repository/Schedule2/Page_KDMC - CMS/select_--Select--Albendazole'

2018-05-05 10:52:16 - [MESSAGE][PASSED] - All options with index in [69] are selected on object 'Object Repository/Schedule2/Page_KDMC - CMS/select_--Select--Albendazole'

2018-05-05 10:52:16 - [TEST_STEP][PASSED] - setText: Text '5000' is set on object 'Object Repository/Schedule2/Page_KDMC - CMS/input_txttreat'

2018-05-05 10:52:16 - [MESSAGE][PASSED] - Text '5000' is set on object 'Object Repository/Schedule2/Page_KDMC - CMS/input_txttreat'

2018-05-05 10:52:16 - [TEST_STEP][PASSED] - delay: Delayed 1 second(s)

2018-05-05 10:52:17 - [MESSAGE][PASSED] - Delayed 1 second(s)

2018-05-05 10:52:17 - [TEST_STEP][PASSED] - click: Object: 'Object Repository/Schedule2/Page_KDMC - CMS/button_Add' is clicked on

2018-05-05 10:52:17 - [MESSAGE][PASSED] - Object: 'Object Repository/Schedule2/Page_KDMC - CMS/button_Add' is clicked on

2018-05-05 10:52:17 - [TEST_STEP][PASSED] - selectOptionByValue: All options with value '2' are selected in object 'Object Repository/Schedule2/Page_KDMC - CMS/select_--Select--Schedule 1Inj'  using regular expression

2018-05-05 10:52:17 - [MESSAGE][PASSED] - All options with value '2' are selected in object 'Object Repository/Schedule2/Page_KDMC - CMS/select_--Select--Schedule 1Inj'  using regular expression

2018-05-05 10:52:17 - [TEST_STEP][PASSED] - selectOptionByIndex: All options with index in [70] are selected on object 'Object Repository/Schedule2/Page_KDMC - CMS/select_--Select--Albendazole'

2018-05-05 10:52:18 - [MESSAGE][PASSED] - All options with index in [70] are selected on object 'Object Repository/Schedule2/Page_KDMC - CMS/select_--Select--Albendazole'

2018-05-05 10:52:18 - [TEST_STEP][PASSED] - setText: Text '5000' is set on object 'Object Repository/Schedule2/Page_KDMC - CMS/input_txttreat'

2018-05-05 10:52:18 - [MESSAGE][PASSED] - Text '5000' is set on object 'Object Repository/Schedule2/Page_KDMC - CMS/input_txttreat'

2018-05-05 10:52:18 - [TEST_STEP][PASSED] - delay: Delayed 1 second(s)

2018-05-05 10:52:19 - [MESSAGE][PASSED] - Delayed 1 second(s)

2018-05-05 10:52:19 - [TEST_STEP][PASSED] - click: Object: 'Object Repository/Schedule2/Page_KDMC - CMS/button_Add' is clicked on

2018-05-05 10:52:19 - [MESSAGE][PASSED] - Object: 'Object Repository/Schedule2/Page_KDMC - CMS/button_Add' is clicked on

2018-05-05 10:52:19 - [TEST_STEP][PASSED] - selectOptionByValue: All options with value '2' are selected in object 'Object Repository/Schedule2/Page_KDMC - CMS/select_--Select--Schedule 1Inj'  using regular expression

2018-05-05 10:52:19 - [MESSAGE][PASSED] - All options with value '2' are selected in object 'Object Repository/Schedule2/Page_KDMC - CMS/select_--Select--Schedule 1Inj'  using regular expression

2018-05-05 10:52:19 - [TEST_STEP][PASSED] - selectOptionByIndex: All options with index in [71] are selected on object 'Object Repository/Schedule2/Page_KDMC - CMS/select_--Select--Albendazole'

2018-05-05 10:52:20 - [MESSAGE][PASSED] - All options with index in [71] are selected on object 'Object Repository/Schedule2/Page_KDMC - CMS/select_--Select--Albendazole'

2018-05-05 10:52:20 - [TEST_STEP][PASSED] - setText: Text '5000' is set on object 'Object Repository/Schedule2/Page_KDMC - CMS/input_txttreat'

2018-05-05 10:52:20 - [MESSAGE][PASSED] - Text '5000' is set on object 'Object Repository/Schedule2/Page_KDMC - CMS/input_txttreat'

2018-05-05 10:52:20 - [TEST_STEP][PASSED] - delay: Delayed 1 second(s)

2018-05-05 10:52:21 - [MESSAGE][PASSED] - Delayed 1 second(s)

2018-05-05 10:52:21 - [TEST_STEP][PASSED] - click: Object: 'Object Repository/Schedule2/Page_KDMC - CMS/button_Add' is clicked on

2018-05-05 10:52:21 - [MESSAGE][PASSED] - Object: 'Object Repository/Schedule2/Page_KDMC - CMS/button_Add' is clicked on

2018-05-05 10:52:21 - [TEST_STEP][PASSED] - selectOptionByValue: All options with value '2' are selected in object 'Object Repository/Schedule2/Page_KDMC - CMS/select_--Select--Schedule 1Inj'  using regular expression

2018-05-05 10:52:22 - [MESSAGE][PASSED] - All options with value '2' are selected in object 'Object Repository/Schedule2/Page_KDMC - CMS/select_--Select--Schedule 1Inj'  using regular expression

2018-05-05 10:52:22 - [TEST_STEP][PASSED] - selectOptionByIndex: All options with index in [72] are selected on object 'Object Repository/Schedule2/Page_KDMC - CMS/select_--Select--Albendazole'

2018-05-05 10:52:23 - [MESSAGE][PASSED] - All options with index in [72] are selected on object 'Object Repository/Schedule2/Page_KDMC - CMS/select_--Select--Albendazole'

2018-05-05 10:52:23 - [TEST_STEP][PASSED] - setText: Text '5000' is set on object 'Object Repository/Schedule2/Page_KDMC - CMS/input_txttreat'

2018-05-05 10:52:23 - [MESSAGE][PASSED] - Text '5000' is set on object 'Object Repository/Schedule2/Page_KDMC - CMS/input_txttreat'

2018-05-05 10:52:23 - [TEST_STEP][PASSED] - delay: Delayed 1 second(s)

2018-05-05 10:52:24 - [MESSAGE][PASSED] - Delayed 1 second(s)

2018-05-05 10:52:24 - [TEST_STEP][PASSED] - click: Object: 'Object Repository/Schedule2/Page_KDMC - CMS/button_Add' is clicked on

2018-05-05 10:52:24 - [MESSAGE][PASSED] - Object: 'Object Repository/Schedule2/Page_KDMC - CMS/button_Add' is clicked on

2018-05-05 10:52:24 - [TEST_STEP][PASSED] - delay: Delayed 3 second(s)

2018-05-05 10:52:27 - [MESSAGE][PASSED] - Delayed 3 second(s)

2018-05-05 10:52:27 - [TEST_STEP][PASSED] - scrollToElement: Scroll to object 'Object Repository/Schedule2/Page_KDMC - CMS/input_btnsave' successfully

2018-05-05 10:52:27 - [MESSAGE][PASSED] - Scroll to object 'Object Repository/Schedule2/Page_KDMC - CMS/input_btnsave' successfully

2018-05-05 10:52:27 - [TEST_STEP][PASSED] - click: Object: 'Object Repository/Schedule2/Page_KDMC - CMS/input_btnsave' is clicked on

2018-05-05 10:52:27 - [MESSAGE][PASSED] - Object: 'Object Repository/Schedule2/Page_KDMC - CMS/input_btnsave' is clicked on

2018-05-05 10:52:27 - [TEST_STEP][PASSED] - click: Object: 'Object Repository/Schedule2/Page_KDMC - CMS/button_OK' is clicked on

2018-05-05 10:52:29 - [MESSAGE][PASSED] - Object: 'Object Repository/Schedule2/Page_KDMC - CMS/button_OK' is clicked on

2018-05-05 10:52:29 - [TEST_STEP][PASSED] - click: Object: 'Object Repository/Schedule2/Page_KDMC - CMS/i_glyphicon glyphicon-user' is clicked on

2018-05-05 10:52:30 - [MESSAGE][PASSED] - Object: 'Object Repository/Schedule2/Page_KDMC - CMS/i_glyphicon glyphicon-user' is clicked on

2018-05-05 10:52:30 - [TEST_STEP][PASSED] - delay: Delayed 3 second(s)

2018-05-05 10:52:33 - [MESSAGE][PASSED] - Delayed 3 second(s)

2018-05-05 10:52:33 - [TEST_STEP][PASSED] - click: Object: 'Object Repository/Schedule2/Page_KDMC - CMS/a_dropdown-toggle' is clicked on

2018-05-05 10:52:33 - [MESSAGE][PASSED] - Object: 'Object Repository/Schedule2/Page_KDMC - CMS/a_dropdown-toggle' is clicked on

2018-05-05 10:52:33 - [TEST_STEP][FAILED] - click: Unable to click on object 'Object Repository/Schedule2/Page_KDMC - CMS/a_Sign out' (Root cause: org.openqa.selenium.ElementNotVisibleException: element not visible
  (Session info: chrome=66.0.3359.139)
  (Driver info: chromedriver=2.35.528161 (5b82f2d2aae0ca24b877009200ced9065a772e73),platform=Windows NT 10.0.16299 x86_64) (WARNING: The server did not provide any stacktrace information)
Command duration or timeout: 0 milliseconds
Build info: version: '3.7.1', revision: '8a0099a', time: '2017-11-06T21:07:36.161Z'
System info: host: 'DESKTOP-BLFTK83', ip: '192.168.71.2', os.name: 'Windows 10', os.arch: 'amd64', os.version: '10.0', java.version: '1.8.0_102'
Driver info: com.kms.katalon.selenium.driver.CChromeDriver
Capabilities {acceptInsecureCerts: false, acceptSslCerts: false, applicationCacheEnabled: false, browserConnectionEnabled: false, browserName: chrome, chrome: {chromedriverVersion: 2.35.528161 (5b82f2d2aae0ca..., userDataDir: C:\Users\QUALIT~1\AppData\L...}, cssSelectorsEnabled: true, databaseEnabled: false, handlesAlerts: true, hasTouchScreen: false, javascriptEnabled: true, locationContextEnabled: true, mobileEmulationEnabled: false, nativeEvents: true, networkConnectionEnabled: false, pageLoadStrategy: normal, platform: XP, platformName: XP, rotatable: false, setWindowRect: true, takesHeapSnapshot: true, takesScreenshot: true, unexpectedAlertBehaviour: , unhandledPromptBehavior: , version: 66.0.3359.139, webStorageEnabled: true}
Session ID: 1f6d3d3a75e37e8425597fcc09786ab6)

2018-05-05 10:52:34 - [MESSAGE][FAILED] - Unable to click on object 'Object Repository/Schedule2/Page_KDMC - CMS/a_Sign out' (Root cause: org.openqa.selenium.ElementNotVisibleException: element not visible
  (Session info: chrome=66.0.3359.139)
  (Driver info: chromedriver=2.35.528161 (5b82f2d2aae0ca24b877009200ced9065a772e73),platform=Windows NT 10.0.16299 x86_64) (WARNING: The server did not provide any stacktrace information)
Command duration or timeout: 0 milliseconds
Build info: version: '3.7.1', revision: '8a0099a', time: '2017-11-06T21:07:36.161Z'
System info: host: 'DESKTOP-BLFTK83', ip: '192.168.71.2', os.name: 'Windows 10', os.arch: 'amd64', os.version: '10.0', java.version: '1.8.0_102'
Driver info: com.kms.katalon.selenium.driver.CChromeDriver
Capabilities {acceptInsecureCerts: false, acceptSslCerts: false, applicationCacheEnabled: false, browserConnectionEnabled: false, browserName: chrome, chrome: {chromedriverVersion: 2.35.528161 (5b82f2d2aae0ca..., userDataDir: C:\Users\QUALIT~1\AppData\L...}, cssSelectorsEnabled: true, databaseEnabled: false, handlesAlerts: true, hasTouchScreen: false, javascriptEnabled: true, locationContextEnabled: true, mobileEmulationEnabled: false, nativeEvents: true, networkConnectionEnabled: false, pageLoadStrategy: normal, platform: XP, platformName: XP, rotatable: false, setWindowRect: true, takesHeapSnapshot: true, takesScreenshot: true, unexpectedAlertBehaviour: , unhandledPromptBehavior: , version: 66.0.3359.139, webStorageEnabled: true}
Session ID: 1f6d3d3a75e37e8425597fcc09786ab6)
[[ATTACHMENT|C:\\Users\\Quality Analyst\\Katalon Studio\\ds\\Reports\\Moh_Request\\20180505_104937\\1525497753643.png]]]]></system-out>
         <system-err><![CDATA[2018-05-05 10:49:43 - [TEST_CASE][FAILED] - Test Cases/MOHTOCMSREQUEST/MohRequestSchedule2: Test Cases/MOHTOCMSREQUEST/MohRequestSchedule2 FAILED because (of) Unable to click on object 'Object Repository/Schedule2/Page_KDMC - CMS/a_Sign out' (Root cause: org.openqa.selenium.ElementNotVisibleException: element not visible
  (Session info: chrome=66.0.3359.139)
  (Driver info: chromedriver=2.35.528161 (5b82f2d2aae0ca24b877009200ced9065a772e73),platform=Windows NT 10.0.16299 x86_64) (WARNING: The server did not provide any stacktrace information)
Command duration or timeout: 0 milliseconds
Build info: version: '3.7.1', revision: '8a0099a', time: '2017-11-06T21:07:36.161Z'
System info: host: 'DESKTOP-BLFTK83', ip: '192.168.71.2', os.name: 'Windows 10', os.arch: 'amd64', os.version: '10.0', java.version: '1.8.0_102'
Driver info: com.kms.katalon.selenium.driver.CChromeDriver
Capabilities {acceptInsecureCerts: false, acceptSslCerts: false, applicationCacheEnabled: false, browserConnectionEnabled: false, browserName: chrome, chrome: {chromedriverVersion: 2.35.528161 (5b82f2d2aae0ca..., userDataDir: C:\Users\QUALIT~1\AppData\L...}, cssSelectorsEnabled: true, databaseEnabled: false, handlesAlerts: true, hasTouchScreen: false, javascriptEnabled: true, locationContextEnabled: true, mobileEmulationEnabled: false, nativeEvents: true, networkConnectionEnabled: false, pageLoadStrategy: normal, platform: XP, platformName: XP, rotatable: false, setWindowRect: true, takesHeapSnapshot: true, takesScreenshot: true, unexpectedAlertBehaviour: , unhandledPromptBehavior: , version: 66.0.3359.139, webStorageEnabled: true}
Session ID: 1f6d3d3a75e37e8425597fcc09786ab6)]]></system-err>
      </testcase>
      <testcase name="Test Cases/MOHTOCMSREQUEST/MohRequestSchedule3" classname="Test Cases/MOHTOCMSREQUEST/MohRequestSchedule3" status="FAILED">
         <failure type="FAILED" message="Unable to click on object 'Object Repository/Schedule3/Page_KDMC - CMS/button_OK' (Root cause: org.openqa.selenium.ElementNotVisibleException: element not visible
  (Session info: chrome=66.0.3359.139)
  (Driver info: chromedriver=2.35.528161 (5b82f2d2aae0ca24b877009200ced9065a772e73),platform=Windows NT 10.0.16299 x86_64) (WARNING: The server did not provide any stacktrace information)
Command duration or timeout: 0 milliseconds
Build info: version: '3.7.1', revision: '8a0099a', time: '2017-11-06T21:07:36.161Z'
System info: host: 'DESKTOP-BLFTK83', ip: '192.168.71.2', os.name: 'Windows 10', os.arch: 'amd64', os.version: '10.0', java.version: '1.8.0_102'
Driver info: com.kms.katalon.selenium.driver.CChromeDriver
Capabilities {acceptInsecureCerts: false, acceptSslCerts: false, applicationCacheEnabled: false, browserConnectionEnabled: false, browserName: chrome, chrome: {chromedriverVersion: 2.35.528161 (5b82f2d2aae0ca..., userDataDir: C:\Users\QUALIT~1\AppData\L...}, cssSelectorsEnabled: true, databaseEnabled: false, handlesAlerts: true, hasTouchScreen: false, javascriptEnabled: true, locationContextEnabled: true, mobileEmulationEnabled: false, nativeEvents: true, networkConnectionEnabled: false, pageLoadStrategy: normal, platform: XP, platformName: XP, rotatable: false, setWindowRect: true, takesHeapSnapshot: true, takesScreenshot: true, unexpectedAlertBehaviour: , unhandledPromptBehavior: , version: 66.0.3359.139, webStorageEnabled: true}
Session ID: aacdf2ed9f16eb97e50bbe0accf54315)"/>
         <system-out><![CDATA[2018-05-05 10:52:34 - [TEST_CASE][FAILED] - Test Cases/MOHTOCMSREQUEST/MohRequestSchedule3: Test Cases/MOHTOCMSREQUEST/MohRequestSchedule3 FAILED because (of) Unable to click on object 'Object Repository/Schedule3/Page_KDMC - CMS/button_OK' (Root cause: org.openqa.selenium.ElementNotVisibleException: element not visible
  (Session info: chrome=66.0.3359.139)
  (Driver info: chromedriver=2.35.528161 (5b82f2d2aae0ca24b877009200ced9065a772e73),platform=Windows NT 10.0.16299 x86_64) (WARNING: The server did not provide any stacktrace information)
Command duration or timeout: 0 milliseconds
Build info: version: '3.7.1', revision: '8a0099a', time: '2017-11-06T21:07:36.161Z'
System info: host: 'DESKTOP-BLFTK83', ip: '192.168.71.2', os.name: 'Windows 10', os.arch: 'amd64', os.version: '10.0', java.version: '1.8.0_102'
Driver info: com.kms.katalon.selenium.driver.CChromeDriver
Capabilities {acceptInsecureCerts: false, acceptSslCerts: false, applicationCacheEnabled: false, browserConnectionEnabled: false, browserName: chrome, chrome: {chromedriverVersion: 2.35.528161 (5b82f2d2aae0ca..., userDataDir: C:\Users\QUALIT~1\AppData\L...}, cssSelectorsEnabled: true, databaseEnabled: false, handlesAlerts: true, hasTouchScreen: false, javascriptEnabled: true, locationContextEnabled: true, mobileEmulationEnabled: false, nativeEvents: true, networkConnectionEnabled: false, pageLoadStrategy: normal, platform: XP, platformName: XP, rotatable: false, setWindowRect: true, takesHeapSnapshot: true, takesScreenshot: true, unexpectedAlertBehaviour: , unhandledPromptBehavior: , version: 66.0.3359.139, webStorageEnabled: true}
Session ID: aacdf2ed9f16eb97e50bbe0accf54315)

2018-05-05 10:52:34 - [TEST_STEP][PASSED] - openBrowser: Browser is opened with url: ''

2018-05-05 10:52:34 - [MESSAGE][WARNING] - A browser is already opened. Closing browser and opening a new one

2018-05-05 10:52:37 - [MESSAGE][PASSED] - Browser is opened with url: ''

2018-05-05 10:52:37 - [TEST_STEP][PASSED] - navigateToUrl: Navigate to 'http://192.168.137.1/multihospital_new/' successfully

2018-05-05 10:52:39 - [MESSAGE][PASSED] - Navigate to 'http://192.168.137.1/multihospital_new/' successfully

2018-05-05 10:52:39 - [TEST_STEP][PASSED] - maximizeWindow: Current window maximized

2018-05-05 10:52:40 - [MESSAGE][PASSED] - Current window maximized

2018-05-05 10:52:40 - [TEST_STEP][PASSED] - click: Object: 'Object Repository/Schedule3/Page_KDMC/a_CMS' is clicked on

2018-05-05 10:52:41 - [MESSAGE][PASSED] - Object: 'Object Repository/Schedule3/Page_KDMC/a_CMS' is clicked on

2018-05-05 10:52:41 - [TEST_STEP][PASSED] - setText: Text 'bala' is set on object 'Object Repository/Schedule3/Page_CMS login/input_txtusername'

2018-05-05 10:52:41 - [MESSAGE][PASSED] - Text 'bala' is set on object 'Object Repository/Schedule3/Page_CMS login/input_txtusername'

2018-05-05 10:52:41 - [TEST_STEP][PASSED] - setText: Text '123' is set on object 'Object Repository/Schedule3/Page_CMS login/input_txtpassword'

2018-05-05 10:52:41 - [MESSAGE][PASSED] - Text '123' is set on object 'Object Repository/Schedule3/Page_CMS login/input_txtpassword'

2018-05-05 10:52:41 - [TEST_STEP][PASSED] - delay: Delayed 4 second(s)

2018-05-05 10:52:45 - [MESSAGE][PASSED] - Delayed 4 second(s)

2018-05-05 10:52:45 - [TEST_STEP][PASSED] - click: Object: 'Object Repository/Schedule3/Page_CMS login/button_Sign in' is clicked on

2018-05-05 10:52:46 - [MESSAGE][PASSED] - Object: 'Object Repository/Schedule3/Page_CMS login/button_Sign in' is clicked on

2018-05-05 10:52:46 - [TEST_STEP][PASSED] - click: Object: 'Object Repository/Schedule3/Page_KDMC - CMS/a_Request to MOH' is clicked on

2018-05-05 10:52:47 - [MESSAGE][PASSED] - Object: 'Object Repository/Schedule3/Page_KDMC - CMS/a_Request to MOH' is clicked on

2018-05-05 10:52:47 - [TEST_STEP][PASSED] - selectOptionByIndex: All options with index in [2] are selected on object 'Object Repository/Schedule3/Page_KDMC - CMS/select_--Select--'

2018-05-05 10:52:47 - [MESSAGE][PASSED] - All options with index in [2] are selected on object 'Object Repository/Schedule3/Page_KDMC - CMS/select_--Select--'

2018-05-05 10:52:47 - [TEST_STEP][PASSED] - selectOptionByIndex: All options with index in [3] are selected on object 'Object Repository/Schedule3/Page_KDMC - CMS/select_--Select--Schedule 1Inj'

2018-05-05 10:52:47 - [MESSAGE][PASSED] - All options with index in [3] are selected on object 'Object Repository/Schedule3/Page_KDMC - CMS/select_--Select--Schedule 1Inj'

2018-05-05 10:52:47 - [TEST_STEP][PASSED] - Statement - selectedoptions = com.kms.katalon.core.webui.keyword.WebUiBuiltInKeywords.getNumberOfTotalOption(com.kms.katalon.core.testobject.ObjectRepository.findTestObject(Schedule3/Page_KDMC - CMS/select_--Select--Amoxycillin 2)): 37 options of object 'Object Repository/Schedule3/Page_KDMC - CMS/select_--Select--Amoxycillin 2' counted

2018-05-05 10:52:47 - [MESSAGE][PASSED] - 37 options of object 'Object Repository/Schedule3/Page_KDMC - CMS/select_--Select--Amoxycillin 2' counted

2018-05-05 10:52:47 - [TEST_STEP][PASSED] - Statement - For ([i = 1, i <= selectedoptions - 1, (i++)]): Object: 'Object Repository/Schedule3/Page_KDMC - CMS/button_Add' is clicked on

2018-05-05 10:52:47 - [TEST_STEP][PASSED] - selectOptionByIndex: All options with index in [3] are selected on object 'Object Repository/Schedule3/Page_KDMC - CMS/select_--Select--Schedule 1Inj'

2018-05-05 10:52:47 - [MESSAGE][PASSED] - All options with index in [3] are selected on object 'Object Repository/Schedule3/Page_KDMC - CMS/select_--Select--Schedule 1Inj'

2018-05-05 10:52:47 - [TEST_STEP][PASSED] - selectOptionByIndex: All options with index in [1] are selected on object 'Object Repository/Schedule3/Page_KDMC - CMS/select_--Select--Amoxycillin 2'

2018-05-05 10:52:47 - [MESSAGE][PASSED] - All options with index in [1] are selected on object 'Object Repository/Schedule3/Page_KDMC - CMS/select_--Select--Amoxycillin 2'

2018-05-05 10:52:47 - [TEST_STEP][PASSED] - setText: Text '500' is set on object 'Object Repository/Schedule3/Page_KDMC - CMS/input_txttreat'

2018-05-05 10:52:48 - [MESSAGE][PASSED] - Text '500' is set on object 'Object Repository/Schedule3/Page_KDMC - CMS/input_txttreat'

2018-05-05 10:52:48 - [TEST_STEP][PASSED] - delay: Delayed 1 second(s)

2018-05-05 10:52:49 - [MESSAGE][PASSED] - Delayed 1 second(s)

2018-05-05 10:52:49 - [TEST_STEP][PASSED] - click: Object: 'Object Repository/Schedule3/Page_KDMC - CMS/button_Add' is clicked on

2018-05-05 10:52:49 - [MESSAGE][PASSED] - Object: 'Object Repository/Schedule3/Page_KDMC - CMS/button_Add' is clicked on

2018-05-05 10:52:49 - [TEST_STEP][PASSED] - selectOptionByIndex: All options with index in [3] are selected on object 'Object Repository/Schedule3/Page_KDMC - CMS/select_--Select--Schedule 1Inj'

2018-05-05 10:52:49 - [MESSAGE][PASSED] - All options with index in [3] are selected on object 'Object Repository/Schedule3/Page_KDMC - CMS/select_--Select--Schedule 1Inj'

2018-05-05 10:52:49 - [TEST_STEP][PASSED] - selectOptionByIndex: All options with index in [2] are selected on object 'Object Repository/Schedule3/Page_KDMC - CMS/select_--Select--Amoxycillin 2'

2018-05-05 10:52:50 - [MESSAGE][PASSED] - All options with index in [2] are selected on object 'Object Repository/Schedule3/Page_KDMC - CMS/select_--Select--Amoxycillin 2'

2018-05-05 10:52:50 - [TEST_STEP][PASSED] - setText: Text '500' is set on object 'Object Repository/Schedule3/Page_KDMC - CMS/input_txttreat'

2018-05-05 10:52:50 - [MESSAGE][PASSED] - Text '500' is set on object 'Object Repository/Schedule3/Page_KDMC - CMS/input_txttreat'

2018-05-05 10:52:50 - [TEST_STEP][PASSED] - delay: Delayed 1 second(s)

2018-05-05 10:52:51 - [MESSAGE][PASSED] - Delayed 1 second(s)

2018-05-05 10:52:51 - [TEST_STEP][PASSED] - click: Object: 'Object Repository/Schedule3/Page_KDMC - CMS/button_Add' is clicked on

2018-05-05 10:52:51 - [MESSAGE][PASSED] - Object: 'Object Repository/Schedule3/Page_KDMC - CMS/button_Add' is clicked on

2018-05-05 10:52:51 - [TEST_STEP][PASSED] - selectOptionByIndex: All options with index in [3] are selected on object 'Object Repository/Schedule3/Page_KDMC - CMS/select_--Select--Schedule 1Inj'

2018-05-05 10:52:51 - [MESSAGE][PASSED] - All options with index in [3] are selected on object 'Object Repository/Schedule3/Page_KDMC - CMS/select_--Select--Schedule 1Inj'

2018-05-05 10:52:51 - [TEST_STEP][PASSED] - selectOptionByIndex: All options with index in [3] are selected on object 'Object Repository/Schedule3/Page_KDMC - CMS/select_--Select--Amoxycillin 2'

2018-05-05 10:52:52 - [MESSAGE][PASSED] - All options with index in [3] are selected on object 'Object Repository/Schedule3/Page_KDMC - CMS/select_--Select--Amoxycillin 2'

2018-05-05 10:52:52 - [TEST_STEP][PASSED] - setText: Text '500' is set on object 'Object Repository/Schedule3/Page_KDMC - CMS/input_txttreat'

2018-05-05 10:52:52 - [MESSAGE][PASSED] - Text '500' is set on object 'Object Repository/Schedule3/Page_KDMC - CMS/input_txttreat'

2018-05-05 10:52:52 - [TEST_STEP][PASSED] - delay: Delayed 1 second(s)

2018-05-05 10:52:53 - [MESSAGE][PASSED] - Delayed 1 second(s)

2018-05-05 10:52:53 - [TEST_STEP][PASSED] - click: Object: 'Object Repository/Schedule3/Page_KDMC - CMS/button_Add' is clicked on

2018-05-05 10:52:53 - [MESSAGE][PASSED] - Object: 'Object Repository/Schedule3/Page_KDMC - CMS/button_Add' is clicked on

2018-05-05 10:52:53 - [TEST_STEP][PASSED] - selectOptionByIndex: All options with index in [3] are selected on object 'Object Repository/Schedule3/Page_KDMC - CMS/select_--Select--Schedule 1Inj'

2018-05-05 10:52:53 - [MESSAGE][PASSED] - All options with index in [3] are selected on object 'Object Repository/Schedule3/Page_KDMC - CMS/select_--Select--Schedule 1Inj'

2018-05-05 10:52:53 - [TEST_STEP][PASSED] - selectOptionByIndex: All options with index in [4] are selected on object 'Object Repository/Schedule3/Page_KDMC - CMS/select_--Select--Amoxycillin 2'

2018-05-05 10:52:54 - [MESSAGE][PASSED] - All options with index in [4] are selected on object 'Object Repository/Schedule3/Page_KDMC - CMS/select_--Select--Amoxycillin 2'

2018-05-05 10:52:54 - [TEST_STEP][PASSED] - setText: Text '500' is set on object 'Object Repository/Schedule3/Page_KDMC - CMS/input_txttreat'

2018-05-05 10:52:54 - [MESSAGE][PASSED] - Text '500' is set on object 'Object Repository/Schedule3/Page_KDMC - CMS/input_txttreat'

2018-05-05 10:52:54 - [TEST_STEP][PASSED] - delay: Delayed 1 second(s)

2018-05-05 10:52:55 - [MESSAGE][PASSED] - Delayed 1 second(s)

2018-05-05 10:52:55 - [TEST_STEP][PASSED] - click: Object: 'Object Repository/Schedule3/Page_KDMC - CMS/button_Add' is clicked on

2018-05-05 10:52:55 - [MESSAGE][PASSED] - Object: 'Object Repository/Schedule3/Page_KDMC - CMS/button_Add' is clicked on

2018-05-05 10:52:55 - [TEST_STEP][PASSED] - selectOptionByIndex: All options with index in [3] are selected on object 'Object Repository/Schedule3/Page_KDMC - CMS/select_--Select--Schedule 1Inj'

2018-05-05 10:52:55 - [MESSAGE][PASSED] - All options with index in [3] are selected on object 'Object Repository/Schedule3/Page_KDMC - CMS/select_--Select--Schedule 1Inj'

2018-05-05 10:52:55 - [TEST_STEP][PASSED] - selectOptionByIndex: All options with index in [5] are selected on object 'Object Repository/Schedule3/Page_KDMC - CMS/select_--Select--Amoxycillin 2'

2018-05-05 10:52:56 - [MESSAGE][PASSED] - All options with index in [5] are selected on object 'Object Repository/Schedule3/Page_KDMC - CMS/select_--Select--Amoxycillin 2'

2018-05-05 10:52:56 - [TEST_STEP][PASSED] - setText: Text '500' is set on object 'Object Repository/Schedule3/Page_KDMC - CMS/input_txttreat'

2018-05-05 10:52:56 - [MESSAGE][PASSED] - Text '500' is set on object 'Object Repository/Schedule3/Page_KDMC - CMS/input_txttreat'

2018-05-05 10:52:56 - [TEST_STEP][PASSED] - delay: Delayed 1 second(s)

2018-05-05 10:52:57 - [MESSAGE][PASSED] - Delayed 1 second(s)

2018-05-05 10:52:57 - [TEST_STEP][PASSED] - click: Object: 'Object Repository/Schedule3/Page_KDMC - CMS/button_Add' is clicked on

2018-05-05 10:52:57 - [MESSAGE][PASSED] - Object: 'Object Repository/Schedule3/Page_KDMC - CMS/button_Add' is clicked on

2018-05-05 10:52:57 - [TEST_STEP][PASSED] - selectOptionByIndex: All options with index in [3] are selected on object 'Object Repository/Schedule3/Page_KDMC - CMS/select_--Select--Schedule 1Inj'

2018-05-05 10:52:57 - [MESSAGE][PASSED] - All options with index in [3] are selected on object 'Object Repository/Schedule3/Page_KDMC - CMS/select_--Select--Schedule 1Inj'

2018-05-05 10:52:57 - [TEST_STEP][PASSED] - selectOptionByIndex: All options with index in [6] are selected on object 'Object Repository/Schedule3/Page_KDMC - CMS/select_--Select--Amoxycillin 2'

2018-05-05 10:52:58 - [MESSAGE][PASSED] - All options with index in [6] are selected on object 'Object Repository/Schedule3/Page_KDMC - CMS/select_--Select--Amoxycillin 2'

2018-05-05 10:52:58 - [TEST_STEP][PASSED] - setText: Text '500' is set on object 'Object Repository/Schedule3/Page_KDMC - CMS/input_txttreat'

2018-05-05 10:52:58 - [MESSAGE][PASSED] - Text '500' is set on object 'Object Repository/Schedule3/Page_KDMC - CMS/input_txttreat'

2018-05-05 10:52:58 - [TEST_STEP][PASSED] - delay: Delayed 1 second(s)

2018-05-05 10:52:59 - [MESSAGE][PASSED] - Delayed 1 second(s)

2018-05-05 10:52:59 - [TEST_STEP][PASSED] - click: Object: 'Object Repository/Schedule3/Page_KDMC - CMS/button_Add' is clicked on

2018-05-05 10:52:59 - [MESSAGE][PASSED] - Object: 'Object Repository/Schedule3/Page_KDMC - CMS/button_Add' is clicked on

2018-05-05 10:52:59 - [TEST_STEP][PASSED] - selectOptionByIndex: All options with index in [3] are selected on object 'Object Repository/Schedule3/Page_KDMC - CMS/select_--Select--Schedule 1Inj'

2018-05-05 10:52:59 - [MESSAGE][PASSED] - All options with index in [3] are selected on object 'Object Repository/Schedule3/Page_KDMC - CMS/select_--Select--Schedule 1Inj'

2018-05-05 10:52:59 - [TEST_STEP][PASSED] - selectOptionByIndex: All options with index in [7] are selected on object 'Object Repository/Schedule3/Page_KDMC - CMS/select_--Select--Amoxycillin 2'

2018-05-05 10:53:00 - [MESSAGE][PASSED] - All options with index in [7] are selected on object 'Object Repository/Schedule3/Page_KDMC - CMS/select_--Select--Amoxycillin 2'

2018-05-05 10:53:00 - [TEST_STEP][PASSED] - setText: Text '500' is set on object 'Object Repository/Schedule3/Page_KDMC - CMS/input_txttreat'

2018-05-05 10:53:00 - [MESSAGE][PASSED] - Text '500' is set on object 'Object Repository/Schedule3/Page_KDMC - CMS/input_txttreat'

2018-05-05 10:53:00 - [TEST_STEP][PASSED] - delay: Delayed 1 second(s)

2018-05-05 10:53:01 - [MESSAGE][PASSED] - Delayed 1 second(s)

2018-05-05 10:53:01 - [TEST_STEP][PASSED] - click: Object: 'Object Repository/Schedule3/Page_KDMC - CMS/button_Add' is clicked on

2018-05-05 10:53:01 - [MESSAGE][PASSED] - Object: 'Object Repository/Schedule3/Page_KDMC - CMS/button_Add' is clicked on

2018-05-05 10:53:01 - [TEST_STEP][PASSED] - selectOptionByIndex: All options with index in [3] are selected on object 'Object Repository/Schedule3/Page_KDMC - CMS/select_--Select--Schedule 1Inj'

2018-05-05 10:53:01 - [MESSAGE][PASSED] - All options with index in [3] are selected on object 'Object Repository/Schedule3/Page_KDMC - CMS/select_--Select--Schedule 1Inj'

2018-05-05 10:53:01 - [TEST_STEP][PASSED] - selectOptionByIndex: All options with index in [8] are selected on object 'Object Repository/Schedule3/Page_KDMC - CMS/select_--Select--Amoxycillin 2'

2018-05-05 10:53:02 - [MESSAGE][PASSED] - All options with index in [8] are selected on object 'Object Repository/Schedule3/Page_KDMC - CMS/select_--Select--Amoxycillin 2'

2018-05-05 10:53:02 - [TEST_STEP][PASSED] - setText: Text '500' is set on object 'Object Repository/Schedule3/Page_KDMC - CMS/input_txttreat'

2018-05-05 10:53:02 - [MESSAGE][PASSED] - Text '500' is set on object 'Object Repository/Schedule3/Page_KDMC - CMS/input_txttreat'

2018-05-05 10:53:02 - [TEST_STEP][PASSED] - delay: Delayed 1 second(s)

2018-05-05 10:53:03 - [MESSAGE][PASSED] - Delayed 1 second(s)

2018-05-05 10:53:03 - [TEST_STEP][PASSED] - click: Object: 'Object Repository/Schedule3/Page_KDMC - CMS/button_Add' is clicked on

2018-05-05 10:53:03 - [MESSAGE][PASSED] - Object: 'Object Repository/Schedule3/Page_KDMC - CMS/button_Add' is clicked on

2018-05-05 10:53:03 - [TEST_STEP][PASSED] - selectOptionByIndex: All options with index in [3] are selected on object 'Object Repository/Schedule3/Page_KDMC - CMS/select_--Select--Schedule 1Inj'

2018-05-05 10:53:03 - [MESSAGE][PASSED] - All options with index in [3] are selected on object 'Object Repository/Schedule3/Page_KDMC - CMS/select_--Select--Schedule 1Inj'

2018-05-05 10:53:03 - [TEST_STEP][PASSED] - selectOptionByIndex: All options with index in [9] are selected on object 'Object Repository/Schedule3/Page_KDMC - CMS/select_--Select--Amoxycillin 2'

2018-05-05 10:53:04 - [MESSAGE][PASSED] - All options with index in [9] are selected on object 'Object Repository/Schedule3/Page_KDMC - CMS/select_--Select--Amoxycillin 2'

2018-05-05 10:53:04 - [TEST_STEP][PASSED] - setText: Text '500' is set on object 'Object Repository/Schedule3/Page_KDMC - CMS/input_txttreat'

2018-05-05 10:53:04 - [MESSAGE][PASSED] - Text '500' is set on object 'Object Repository/Schedule3/Page_KDMC - CMS/input_txttreat'

2018-05-05 10:53:04 - [TEST_STEP][PASSED] - delay: Delayed 1 second(s)

2018-05-05 10:53:05 - [MESSAGE][PASSED] - Delayed 1 second(s)

2018-05-05 10:53:05 - [TEST_STEP][PASSED] - click: Object: 'Object Repository/Schedule3/Page_KDMC - CMS/button_Add' is clicked on

2018-05-05 10:53:05 - [MESSAGE][PASSED] - Object: 'Object Repository/Schedule3/Page_KDMC - CMS/button_Add' is clicked on

2018-05-05 10:53:05 - [TEST_STEP][PASSED] - selectOptionByIndex: All options with index in [3] are selected on object 'Object Repository/Schedule3/Page_KDMC - CMS/select_--Select--Schedule 1Inj'

2018-05-05 10:53:05 - [MESSAGE][PASSED] - All options with index in [3] are selected on object 'Object Repository/Schedule3/Page_KDMC - CMS/select_--Select--Schedule 1Inj'

2018-05-05 10:53:05 - [TEST_STEP][PASSED] - selectOptionByIndex: All options with index in [10] are selected on object 'Object Repository/Schedule3/Page_KDMC - CMS/select_--Select--Amoxycillin 2'

2018-05-05 10:53:05 - [MESSAGE][PASSED] - All options with index in [10] are selected on object 'Object Repository/Schedule3/Page_KDMC - CMS/select_--Select--Amoxycillin 2'

2018-05-05 10:53:05 - [TEST_STEP][PASSED] - setText: Text '500' is set on object 'Object Repository/Schedule3/Page_KDMC - CMS/input_txttreat'

2018-05-05 10:53:05 - [MESSAGE][PASSED] - Text '500' is set on object 'Object Repository/Schedule3/Page_KDMC - CMS/input_txttreat'

2018-05-05 10:53:05 - [TEST_STEP][PASSED] - delay: Delayed 1 second(s)

2018-05-05 10:53:06 - [MESSAGE][PASSED] - Delayed 1 second(s)

2018-05-05 10:53:06 - [TEST_STEP][PASSED] - click: Object: 'Object Repository/Schedule3/Page_KDMC - CMS/button_Add' is clicked on

2018-05-05 10:53:06 - [MESSAGE][PASSED] - Object: 'Object Repository/Schedule3/Page_KDMC - CMS/button_Add' is clicked on

2018-05-05 10:53:06 - [TEST_STEP][PASSED] - selectOptionByIndex: All options with index in [3] are selected on object 'Object Repository/Schedule3/Page_KDMC - CMS/select_--Select--Schedule 1Inj'

2018-05-05 10:53:06 - [MESSAGE][PASSED] - All options with index in [3] are selected on object 'Object Repository/Schedule3/Page_KDMC - CMS/select_--Select--Schedule 1Inj'

2018-05-05 10:53:06 - [TEST_STEP][PASSED] - selectOptionByIndex: All options with index in [11] are selected on object 'Object Repository/Schedule3/Page_KDMC - CMS/select_--Select--Amoxycillin 2'

2018-05-05 10:53:07 - [MESSAGE][PASSED] - All options with index in [11] are selected on object 'Object Repository/Schedule3/Page_KDMC - CMS/select_--Select--Amoxycillin 2'

2018-05-05 10:53:07 - [TEST_STEP][PASSED] - setText: Text '500' is set on object 'Object Repository/Schedule3/Page_KDMC - CMS/input_txttreat'

2018-05-05 10:53:07 - [MESSAGE][PASSED] - Text '500' is set on object 'Object Repository/Schedule3/Page_KDMC - CMS/input_txttreat'

2018-05-05 10:53:07 - [TEST_STEP][PASSED] - delay: Delayed 1 second(s)

2018-05-05 10:53:08 - [MESSAGE][PASSED] - Delayed 1 second(s)

2018-05-05 10:53:08 - [TEST_STEP][PASSED] - click: Object: 'Object Repository/Schedule3/Page_KDMC - CMS/button_Add' is clicked on

2018-05-05 10:53:08 - [MESSAGE][PASSED] - Object: 'Object Repository/Schedule3/Page_KDMC - CMS/button_Add' is clicked on

2018-05-05 10:53:08 - [TEST_STEP][PASSED] - selectOptionByIndex: All options with index in [3] are selected on object 'Object Repository/Schedule3/Page_KDMC - CMS/select_--Select--Schedule 1Inj'

2018-05-05 10:53:09 - [MESSAGE][PASSED] - All options with index in [3] are selected on object 'Object Repository/Schedule3/Page_KDMC - CMS/select_--Select--Schedule 1Inj'

2018-05-05 10:53:09 - [TEST_STEP][PASSED] - selectOptionByIndex: All options with index in [12] are selected on object 'Object Repository/Schedule3/Page_KDMC - CMS/select_--Select--Amoxycillin 2'

2018-05-05 10:53:09 - [MESSAGE][PASSED] - All options with index in [12] are selected on object 'Object Repository/Schedule3/Page_KDMC - CMS/select_--Select--Amoxycillin 2'

2018-05-05 10:53:09 - [TEST_STEP][PASSED] - setText: Text '500' is set on object 'Object Repository/Schedule3/Page_KDMC - CMS/input_txttreat'

2018-05-05 10:53:09 - [MESSAGE][PASSED] - Text '500' is set on object 'Object Repository/Schedule3/Page_KDMC - CMS/input_txttreat'

2018-05-05 10:53:09 - [TEST_STEP][PASSED] - delay: Delayed 1 second(s)

2018-05-05 10:53:10 - [MESSAGE][PASSED] - Delayed 1 second(s)

2018-05-05 10:53:10 - [TEST_STEP][PASSED] - click: Object: 'Object Repository/Schedule3/Page_KDMC - CMS/button_Add' is clicked on

2018-05-05 10:53:10 - [MESSAGE][PASSED] - Object: 'Object Repository/Schedule3/Page_KDMC - CMS/button_Add' is clicked on

2018-05-05 10:53:10 - [TEST_STEP][PASSED] - selectOptionByIndex: All options with index in [3] are selected on object 'Object Repository/Schedule3/Page_KDMC - CMS/select_--Select--Schedule 1Inj'

2018-05-05 10:53:11 - [MESSAGE][PASSED] - All options with index in [3] are selected on object 'Object Repository/Schedule3/Page_KDMC - CMS/select_--Select--Schedule 1Inj'

2018-05-05 10:53:11 - [TEST_STEP][PASSED] - selectOptionByIndex: All options with index in [13] are selected on object 'Object Repository/Schedule3/Page_KDMC - CMS/select_--Select--Amoxycillin 2'

2018-05-05 10:53:11 - [MESSAGE][PASSED] - All options with index in [13] are selected on object 'Object Repository/Schedule3/Page_KDMC - CMS/select_--Select--Amoxycillin 2'

2018-05-05 10:53:11 - [TEST_STEP][PASSED] - setText: Text '500' is set on object 'Object Repository/Schedule3/Page_KDMC - CMS/input_txttreat'

2018-05-05 10:53:12 - [MESSAGE][PASSED] - Text '500' is set on object 'Object Repository/Schedule3/Page_KDMC - CMS/input_txttreat'

2018-05-05 10:53:12 - [TEST_STEP][PASSED] - delay: Delayed 1 second(s)

2018-05-05 10:53:13 - [MESSAGE][PASSED] - Delayed 1 second(s)

2018-05-05 10:53:13 - [TEST_STEP][PASSED] - click: Object: 'Object Repository/Schedule3/Page_KDMC - CMS/button_Add' is clicked on

2018-05-05 10:53:13 - [MESSAGE][PASSED] - Object: 'Object Repository/Schedule3/Page_KDMC - CMS/button_Add' is clicked on

2018-05-05 10:53:13 - [TEST_STEP][PASSED] - selectOptionByIndex: All options with index in [3] are selected on object 'Object Repository/Schedule3/Page_KDMC - CMS/select_--Select--Schedule 1Inj'

2018-05-05 10:53:13 - [MESSAGE][PASSED] - All options with index in [3] are selected on object 'Object Repository/Schedule3/Page_KDMC - CMS/select_--Select--Schedule 1Inj'

2018-05-05 10:53:13 - [TEST_STEP][PASSED] - selectOptionByIndex: All options with index in [14] are selected on object 'Object Repository/Schedule3/Page_KDMC - CMS/select_--Select--Amoxycillin 2'

2018-05-05 10:53:14 - [MESSAGE][PASSED] - All options with index in [14] are selected on object 'Object Repository/Schedule3/Page_KDMC - CMS/select_--Select--Amoxycillin 2'

2018-05-05 10:53:14 - [TEST_STEP][PASSED] - setText: Text '500' is set on object 'Object Repository/Schedule3/Page_KDMC - CMS/input_txttreat'

2018-05-05 10:53:14 - [MESSAGE][PASSED] - Text '500' is set on object 'Object Repository/Schedule3/Page_KDMC - CMS/input_txttreat'

2018-05-05 10:53:14 - [TEST_STEP][PASSED] - delay: Delayed 1 second(s)

2018-05-05 10:53:15 - [MESSAGE][PASSED] - Delayed 1 second(s)

2018-05-05 10:53:15 - [TEST_STEP][PASSED] - click: Object: 'Object Repository/Schedule3/Page_KDMC - CMS/button_Add' is clicked on

2018-05-05 10:53:15 - [MESSAGE][PASSED] - Object: 'Object Repository/Schedule3/Page_KDMC - CMS/button_Add' is clicked on

2018-05-05 10:53:15 - [TEST_STEP][PASSED] - selectOptionByIndex: All options with index in [3] are selected on object 'Object Repository/Schedule3/Page_KDMC - CMS/select_--Select--Schedule 1Inj'

2018-05-05 10:53:15 - [MESSAGE][PASSED] - All options with index in [3] are selected on object 'Object Repository/Schedule3/Page_KDMC - CMS/select_--Select--Schedule 1Inj'

2018-05-05 10:53:15 - [TEST_STEP][PASSED] - selectOptionByIndex: All options with index in [15] are selected on object 'Object Repository/Schedule3/Page_KDMC - CMS/select_--Select--Amoxycillin 2'

2018-05-05 10:53:16 - [MESSAGE][PASSED] - All options with index in [15] are selected on object 'Object Repository/Schedule3/Page_KDMC - CMS/select_--Select--Amoxycillin 2'

2018-05-05 10:53:16 - [TEST_STEP][PASSED] - setText: Text '500' is set on object 'Object Repository/Schedule3/Page_KDMC - CMS/input_txttreat'

2018-05-05 10:53:16 - [MESSAGE][PASSED] - Text '500' is set on object 'Object Repository/Schedule3/Page_KDMC - CMS/input_txttreat'

2018-05-05 10:53:16 - [TEST_STEP][PASSED] - delay: Delayed 1 second(s)

2018-05-05 10:53:17 - [MESSAGE][PASSED] - Delayed 1 second(s)

2018-05-05 10:53:17 - [TEST_STEP][PASSED] - click: Object: 'Object Repository/Schedule3/Page_KDMC - CMS/button_Add' is clicked on

2018-05-05 10:53:17 - [MESSAGE][PASSED] - Object: 'Object Repository/Schedule3/Page_KDMC - CMS/button_Add' is clicked on

2018-05-05 10:53:17 - [TEST_STEP][PASSED] - selectOptionByIndex: All options with index in [3] are selected on object 'Object Repository/Schedule3/Page_KDMC - CMS/select_--Select--Schedule 1Inj'

2018-05-05 10:53:17 - [MESSAGE][PASSED] - All options with index in [3] are selected on object 'Object Repository/Schedule3/Page_KDMC - CMS/select_--Select--Schedule 1Inj'

2018-05-05 10:53:17 - [TEST_STEP][PASSED] - selectOptionByIndex: All options with index in [16] are selected on object 'Object Repository/Schedule3/Page_KDMC - CMS/select_--Select--Amoxycillin 2'

2018-05-05 10:53:18 - [MESSAGE][PASSED] - All options with index in [16] are selected on object 'Object Repository/Schedule3/Page_KDMC - CMS/select_--Select--Amoxycillin 2'

2018-05-05 10:53:18 - [TEST_STEP][PASSED] - setText: Text '500' is set on object 'Object Repository/Schedule3/Page_KDMC - CMS/input_txttreat'

2018-05-05 10:53:18 - [MESSAGE][PASSED] - Text '500' is set on object 'Object Repository/Schedule3/Page_KDMC - CMS/input_txttreat'

2018-05-05 10:53:18 - [TEST_STEP][PASSED] - delay: Delayed 1 second(s)

2018-05-05 10:53:19 - [MESSAGE][PASSED] - Delayed 1 second(s)

2018-05-05 10:53:19 - [TEST_STEP][PASSED] - click: Object: 'Object Repository/Schedule3/Page_KDMC - CMS/button_Add' is clicked on

2018-05-05 10:53:19 - [MESSAGE][PASSED] - Object: 'Object Repository/Schedule3/Page_KDMC - CMS/button_Add' is clicked on

2018-05-05 10:53:19 - [TEST_STEP][PASSED] - selectOptionByIndex: All options with index in [3] are selected on object 'Object Repository/Schedule3/Page_KDMC - CMS/select_--Select--Schedule 1Inj'

2018-05-05 10:53:19 - [MESSAGE][PASSED] - All options with index in [3] are selected on object 'Object Repository/Schedule3/Page_KDMC - CMS/select_--Select--Schedule 1Inj'

2018-05-05 10:53:19 - [TEST_STEP][PASSED] - selectOptionByIndex: All options with index in [17] are selected on object 'Object Repository/Schedule3/Page_KDMC - CMS/select_--Select--Amoxycillin 2'

2018-05-05 10:53:20 - [MESSAGE][PASSED] - All options with index in [17] are selected on object 'Object Repository/Schedule3/Page_KDMC - CMS/select_--Select--Amoxycillin 2'

2018-05-05 10:53:20 - [TEST_STEP][PASSED] - setText: Text '500' is set on object 'Object Repository/Schedule3/Page_KDMC - CMS/input_txttreat'

2018-05-05 10:53:20 - [MESSAGE][PASSED] - Text '500' is set on object 'Object Repository/Schedule3/Page_KDMC - CMS/input_txttreat'

2018-05-05 10:53:20 - [TEST_STEP][PASSED] - delay: Delayed 1 second(s)

2018-05-05 10:53:21 - [MESSAGE][PASSED] - Delayed 1 second(s)

2018-05-05 10:53:21 - [TEST_STEP][PASSED] - click: Object: 'Object Repository/Schedule3/Page_KDMC - CMS/button_Add' is clicked on

2018-05-05 10:53:21 - [MESSAGE][PASSED] - Object: 'Object Repository/Schedule3/Page_KDMC - CMS/button_Add' is clicked on

2018-05-05 10:53:21 - [TEST_STEP][PASSED] - selectOptionByIndex: All options with index in [3] are selected on object 'Object Repository/Schedule3/Page_KDMC - CMS/select_--Select--Schedule 1Inj'

2018-05-05 10:53:21 - [MESSAGE][PASSED] - All options with index in [3] are selected on object 'Object Repository/Schedule3/Page_KDMC - CMS/select_--Select--Schedule 1Inj'

2018-05-05 10:53:21 - [TEST_STEP][PASSED] - selectOptionByIndex: All options with index in [18] are selected on object 'Object Repository/Schedule3/Page_KDMC - CMS/select_--Select--Amoxycillin 2'

2018-05-05 10:53:22 - [MESSAGE][PASSED] - All options with index in [18] are selected on object 'Object Repository/Schedule3/Page_KDMC - CMS/select_--Select--Amoxycillin 2'

2018-05-05 10:53:22 - [TEST_STEP][PASSED] - setText: Text '500' is set on object 'Object Repository/Schedule3/Page_KDMC - CMS/input_txttreat'

2018-05-05 10:53:22 - [MESSAGE][PASSED] - Text '500' is set on object 'Object Repository/Schedule3/Page_KDMC - CMS/input_txttreat'

2018-05-05 10:53:22 - [TEST_STEP][PASSED] - delay: Delayed 1 second(s)

2018-05-05 10:53:23 - [MESSAGE][PASSED] - Delayed 1 second(s)

2018-05-05 10:53:23 - [TEST_STEP][PASSED] - click: Object: 'Object Repository/Schedule3/Page_KDMC - CMS/button_Add' is clicked on

2018-05-05 10:53:23 - [MESSAGE][PASSED] - Object: 'Object Repository/Schedule3/Page_KDMC - CMS/button_Add' is clicked on

2018-05-05 10:53:23 - [TEST_STEP][PASSED] - selectOptionByIndex: All options with index in [3] are selected on object 'Object Repository/Schedule3/Page_KDMC - CMS/select_--Select--Schedule 1Inj'

2018-05-05 10:53:23 - [MESSAGE][PASSED] - All options with index in [3] are selected on object 'Object Repository/Schedule3/Page_KDMC - CMS/select_--Select--Schedule 1Inj'

2018-05-05 10:53:23 - [TEST_STEP][PASSED] - selectOptionByIndex: All options with index in [19] are selected on object 'Object Repository/Schedule3/Page_KDMC - CMS/select_--Select--Amoxycillin 2'

2018-05-05 10:53:24 - [MESSAGE][PASSED] - All options with index in [19] are selected on object 'Object Repository/Schedule3/Page_KDMC - CMS/select_--Select--Amoxycillin 2'

2018-05-05 10:53:24 - [TEST_STEP][PASSED] - setText: Text '500' is set on object 'Object Repository/Schedule3/Page_KDMC - CMS/input_txttreat'

2018-05-05 10:53:24 - [MESSAGE][PASSED] - Text '500' is set on object 'Object Repository/Schedule3/Page_KDMC - CMS/input_txttreat'

2018-05-05 10:53:24 - [TEST_STEP][PASSED] - delay: Delayed 1 second(s)

2018-05-05 10:53:25 - [MESSAGE][PASSED] - Delayed 1 second(s)

2018-05-05 10:53:25 - [TEST_STEP][PASSED] - click: Object: 'Object Repository/Schedule3/Page_KDMC - CMS/button_Add' is clicked on

2018-05-05 10:53:25 - [MESSAGE][PASSED] - Object: 'Object Repository/Schedule3/Page_KDMC - CMS/button_Add' is clicked on

2018-05-05 10:53:25 - [TEST_STEP][PASSED] - selectOptionByIndex: All options with index in [3] are selected on object 'Object Repository/Schedule3/Page_KDMC - CMS/select_--Select--Schedule 1Inj'

2018-05-05 10:53:26 - [MESSAGE][PASSED] - All options with index in [3] are selected on object 'Object Repository/Schedule3/Page_KDMC - CMS/select_--Select--Schedule 1Inj'

2018-05-05 10:53:26 - [TEST_STEP][PASSED] - selectOptionByIndex: All options with index in [20] are selected on object 'Object Repository/Schedule3/Page_KDMC - CMS/select_--Select--Amoxycillin 2'

2018-05-05 10:53:26 - [MESSAGE][PASSED] - All options with index in [20] are selected on object 'Object Repository/Schedule3/Page_KDMC - CMS/select_--Select--Amoxycillin 2'

2018-05-05 10:53:26 - [TEST_STEP][PASSED] - setText: Text '500' is set on object 'Object Repository/Schedule3/Page_KDMC - CMS/input_txttreat'

2018-05-05 10:53:26 - [MESSAGE][PASSED] - Text '500' is set on object 'Object Repository/Schedule3/Page_KDMC - CMS/input_txttreat'

2018-05-05 10:53:26 - [TEST_STEP][PASSED] - delay: Delayed 1 second(s)

2018-05-05 10:53:27 - [MESSAGE][PASSED] - Delayed 1 second(s)

2018-05-05 10:53:27 - [TEST_STEP][PASSED] - click: Object: 'Object Repository/Schedule3/Page_KDMC - CMS/button_Add' is clicked on

2018-05-05 10:53:28 - [MESSAGE][PASSED] - Object: 'Object Repository/Schedule3/Page_KDMC - CMS/button_Add' is clicked on

2018-05-05 10:53:28 - [TEST_STEP][PASSED] - selectOptionByIndex: All options with index in [3] are selected on object 'Object Repository/Schedule3/Page_KDMC - CMS/select_--Select--Schedule 1Inj'

2018-05-05 10:53:28 - [MESSAGE][PASSED] - All options with index in [3] are selected on object 'Object Repository/Schedule3/Page_KDMC - CMS/select_--Select--Schedule 1Inj'

2018-05-05 10:53:28 - [TEST_STEP][PASSED] - selectOptionByIndex: All options with index in [21] are selected on object 'Object Repository/Schedule3/Page_KDMC - CMS/select_--Select--Amoxycillin 2'

2018-05-05 10:53:29 - [MESSAGE][PASSED] - All options with index in [21] are selected on object 'Object Repository/Schedule3/Page_KDMC - CMS/select_--Select--Amoxycillin 2'

2018-05-05 10:53:29 - [TEST_STEP][PASSED] - setText: Text '500' is set on object 'Object Repository/Schedule3/Page_KDMC - CMS/input_txttreat'

2018-05-05 10:53:29 - [MESSAGE][PASSED] - Text '500' is set on object 'Object Repository/Schedule3/Page_KDMC - CMS/input_txttreat'

2018-05-05 10:53:29 - [TEST_STEP][PASSED] - delay: Delayed 1 second(s)

2018-05-05 10:53:30 - [MESSAGE][PASSED] - Delayed 1 second(s)

2018-05-05 10:53:30 - [TEST_STEP][PASSED] - click: Object: 'Object Repository/Schedule3/Page_KDMC - CMS/button_Add' is clicked on

2018-05-05 10:53:30 - [MESSAGE][PASSED] - Object: 'Object Repository/Schedule3/Page_KDMC - CMS/button_Add' is clicked on

2018-05-05 10:53:30 - [TEST_STEP][PASSED] - selectOptionByIndex: All options with index in [3] are selected on object 'Object Repository/Schedule3/Page_KDMC - CMS/select_--Select--Schedule 1Inj'

2018-05-05 10:53:30 - [MESSAGE][PASSED] - All options with index in [3] are selected on object 'Object Repository/Schedule3/Page_KDMC - CMS/select_--Select--Schedule 1Inj'

2018-05-05 10:53:30 - [TEST_STEP][PASSED] - selectOptionByIndex: All options with index in [22] are selected on object 'Object Repository/Schedule3/Page_KDMC - CMS/select_--Select--Amoxycillin 2'

2018-05-05 10:53:31 - [MESSAGE][PASSED] - All options with index in [22] are selected on object 'Object Repository/Schedule3/Page_KDMC - CMS/select_--Select--Amoxycillin 2'

2018-05-05 10:53:31 - [TEST_STEP][PASSED] - setText: Text '500' is set on object 'Object Repository/Schedule3/Page_KDMC - CMS/input_txttreat'

2018-05-05 10:53:31 - [MESSAGE][PASSED] - Text '500' is set on object 'Object Repository/Schedule3/Page_KDMC - CMS/input_txttreat'

2018-05-05 10:53:31 - [TEST_STEP][PASSED] - delay: Delayed 1 second(s)

2018-05-05 10:53:32 - [MESSAGE][PASSED] - Delayed 1 second(s)

2018-05-05 10:53:32 - [TEST_STEP][PASSED] - click: Object: 'Object Repository/Schedule3/Page_KDMC - CMS/button_Add' is clicked on

2018-05-05 10:53:32 - [MESSAGE][PASSED] - Object: 'Object Repository/Schedule3/Page_KDMC - CMS/button_Add' is clicked on

2018-05-05 10:53:32 - [TEST_STEP][PASSED] - selectOptionByIndex: All options with index in [3] are selected on object 'Object Repository/Schedule3/Page_KDMC - CMS/select_--Select--Schedule 1Inj'

2018-05-05 10:53:32 - [MESSAGE][PASSED] - All options with index in [3] are selected on object 'Object Repository/Schedule3/Page_KDMC - CMS/select_--Select--Schedule 1Inj'

2018-05-05 10:53:32 - [TEST_STEP][PASSED] - selectOptionByIndex: All options with index in [23] are selected on object 'Object Repository/Schedule3/Page_KDMC - CMS/select_--Select--Amoxycillin 2'

2018-05-05 10:53:33 - [MESSAGE][PASSED] - All options with index in [23] are selected on object 'Object Repository/Schedule3/Page_KDMC - CMS/select_--Select--Amoxycillin 2'

2018-05-05 10:53:33 - [TEST_STEP][PASSED] - setText: Text '500' is set on object 'Object Repository/Schedule3/Page_KDMC - CMS/input_txttreat'

2018-05-05 10:53:33 - [MESSAGE][PASSED] - Text '500' is set on object 'Object Repository/Schedule3/Page_KDMC - CMS/input_txttreat'

2018-05-05 10:53:33 - [TEST_STEP][PASSED] - delay: Delayed 1 second(s)

2018-05-05 10:53:34 - [MESSAGE][PASSED] - Delayed 1 second(s)

2018-05-05 10:53:34 - [TEST_STEP][PASSED] - click: Object: 'Object Repository/Schedule3/Page_KDMC - CMS/button_Add' is clicked on

2018-05-05 10:53:34 - [MESSAGE][PASSED] - Object: 'Object Repository/Schedule3/Page_KDMC - CMS/button_Add' is clicked on

2018-05-05 10:53:34 - [TEST_STEP][PASSED] - selectOptionByIndex: All options with index in [3] are selected on object 'Object Repository/Schedule3/Page_KDMC - CMS/select_--Select--Schedule 1Inj'

2018-05-05 10:53:34 - [MESSAGE][PASSED] - All options with index in [3] are selected on object 'Object Repository/Schedule3/Page_KDMC - CMS/select_--Select--Schedule 1Inj'

2018-05-05 10:53:34 - [TEST_STEP][PASSED] - selectOptionByIndex: All options with index in [24] are selected on object 'Object Repository/Schedule3/Page_KDMC - CMS/select_--Select--Amoxycillin 2'

2018-05-05 10:53:35 - [MESSAGE][PASSED] - All options with index in [24] are selected on object 'Object Repository/Schedule3/Page_KDMC - CMS/select_--Select--Amoxycillin 2'

2018-05-05 10:53:35 - [TEST_STEP][PASSED] - setText: Text '500' is set on object 'Object Repository/Schedule3/Page_KDMC - CMS/input_txttreat'

2018-05-05 10:53:35 - [MESSAGE][PASSED] - Text '500' is set on object 'Object Repository/Schedule3/Page_KDMC - CMS/input_txttreat'

2018-05-05 10:53:35 - [TEST_STEP][PASSED] - delay: Delayed 1 second(s)

2018-05-05 10:53:36 - [MESSAGE][PASSED] - Delayed 1 second(s)

2018-05-05 10:53:36 - [TEST_STEP][PASSED] - click: Object: 'Object Repository/Schedule3/Page_KDMC - CMS/button_Add' is clicked on

2018-05-05 10:53:36 - [MESSAGE][PASSED] - Object: 'Object Repository/Schedule3/Page_KDMC - CMS/button_Add' is clicked on

2018-05-05 10:53:36 - [TEST_STEP][PASSED] - selectOptionByIndex: All options with index in [3] are selected on object 'Object Repository/Schedule3/Page_KDMC - CMS/select_--Select--Schedule 1Inj'

2018-05-05 10:53:36 - [MESSAGE][PASSED] - All options with index in [3] are selected on object 'Object Repository/Schedule3/Page_KDMC - CMS/select_--Select--Schedule 1Inj'

2018-05-05 10:53:36 - [TEST_STEP][PASSED] - selectOptionByIndex: All options with index in [25] are selected on object 'Object Repository/Schedule3/Page_KDMC - CMS/select_--Select--Amoxycillin 2'

2018-05-05 10:53:37 - [MESSAGE][PASSED] - All options with index in [25] are selected on object 'Object Repository/Schedule3/Page_KDMC - CMS/select_--Select--Amoxycillin 2'

2018-05-05 10:53:37 - [TEST_STEP][PASSED] - setText: Text '500' is set on object 'Object Repository/Schedule3/Page_KDMC - CMS/input_txttreat'

2018-05-05 10:53:37 - [MESSAGE][PASSED] - Text '500' is set on object 'Object Repository/Schedule3/Page_KDMC - CMS/input_txttreat'

2018-05-05 10:53:37 - [TEST_STEP][PASSED] - delay: Delayed 1 second(s)

2018-05-05 10:53:38 - [MESSAGE][PASSED] - Delayed 1 second(s)

2018-05-05 10:53:38 - [TEST_STEP][PASSED] - click: Object: 'Object Repository/Schedule3/Page_KDMC - CMS/button_Add' is clicked on

2018-05-05 10:53:38 - [MESSAGE][PASSED] - Object: 'Object Repository/Schedule3/Page_KDMC - CMS/button_Add' is clicked on

2018-05-05 10:53:38 - [TEST_STEP][PASSED] - selectOptionByIndex: All options with index in [3] are selected on object 'Object Repository/Schedule3/Page_KDMC - CMS/select_--Select--Schedule 1Inj'

2018-05-05 10:53:39 - [MESSAGE][PASSED] - All options with index in [3] are selected on object 'Object Repository/Schedule3/Page_KDMC - CMS/select_--Select--Schedule 1Inj'

2018-05-05 10:53:39 - [TEST_STEP][PASSED] - selectOptionByIndex: All options with index in [26] are selected on object 'Object Repository/Schedule3/Page_KDMC - CMS/select_--Select--Amoxycillin 2'

2018-05-05 10:53:40 - [MESSAGE][PASSED] - All options with index in [26] are selected on object 'Object Repository/Schedule3/Page_KDMC - CMS/select_--Select--Amoxycillin 2'

2018-05-05 10:53:40 - [TEST_STEP][PASSED] - setText: Text '500' is set on object 'Object Repository/Schedule3/Page_KDMC - CMS/input_txttreat'

2018-05-05 10:53:40 - [MESSAGE][PASSED] - Text '500' is set on object 'Object Repository/Schedule3/Page_KDMC - CMS/input_txttreat'

2018-05-05 10:53:40 - [TEST_STEP][PASSED] - delay: Delayed 1 second(s)

2018-05-05 10:53:41 - [MESSAGE][PASSED] - Delayed 1 second(s)

2018-05-05 10:53:41 - [TEST_STEP][PASSED] - click: Object: 'Object Repository/Schedule3/Page_KDMC - CMS/button_Add' is clicked on

2018-05-05 10:53:41 - [MESSAGE][PASSED] - Object: 'Object Repository/Schedule3/Page_KDMC - CMS/button_Add' is clicked on

2018-05-05 10:53:41 - [TEST_STEP][PASSED] - selectOptionByIndex: All options with index in [3] are selected on object 'Object Repository/Schedule3/Page_KDMC - CMS/select_--Select--Schedule 1Inj'

2018-05-05 10:53:41 - [MESSAGE][PASSED] - All options with index in [3] are selected on object 'Object Repository/Schedule3/Page_KDMC - CMS/select_--Select--Schedule 1Inj'

2018-05-05 10:53:41 - [TEST_STEP][PASSED] - selectOptionByIndex: All options with index in [27] are selected on object 'Object Repository/Schedule3/Page_KDMC - CMS/select_--Select--Amoxycillin 2'

2018-05-05 10:53:41 - [MESSAGE][PASSED] - All options with index in [27] are selected on object 'Object Repository/Schedule3/Page_KDMC - CMS/select_--Select--Amoxycillin 2'

2018-05-05 10:53:41 - [TEST_STEP][PASSED] - setText: Text '500' is set on object 'Object Repository/Schedule3/Page_KDMC - CMS/input_txttreat'

2018-05-05 10:53:41 - [MESSAGE][PASSED] - Text '500' is set on object 'Object Repository/Schedule3/Page_KDMC - CMS/input_txttreat'

2018-05-05 10:53:41 - [TEST_STEP][PASSED] - delay: Delayed 1 second(s)

2018-05-05 10:53:42 - [MESSAGE][PASSED] - Delayed 1 second(s)

2018-05-05 10:53:42 - [TEST_STEP][PASSED] - click: Object: 'Object Repository/Schedule3/Page_KDMC - CMS/button_Add' is clicked on

2018-05-05 10:53:43 - [MESSAGE][PASSED] - Object: 'Object Repository/Schedule3/Page_KDMC - CMS/button_Add' is clicked on

2018-05-05 10:53:43 - [TEST_STEP][PASSED] - selectOptionByIndex: All options with index in [3] are selected on object 'Object Repository/Schedule3/Page_KDMC - CMS/select_--Select--Schedule 1Inj'

2018-05-05 10:53:43 - [MESSAGE][PASSED] - All options with index in [3] are selected on object 'Object Repository/Schedule3/Page_KDMC - CMS/select_--Select--Schedule 1Inj'

2018-05-05 10:53:43 - [TEST_STEP][PASSED] - selectOptionByIndex: All options with index in [28] are selected on object 'Object Repository/Schedule3/Page_KDMC - CMS/select_--Select--Amoxycillin 2'

2018-05-05 10:53:43 - [MESSAGE][PASSED] - All options with index in [28] are selected on object 'Object Repository/Schedule3/Page_KDMC - CMS/select_--Select--Amoxycillin 2'

2018-05-05 10:53:43 - [TEST_STEP][PASSED] - setText: Text '500' is set on object 'Object Repository/Schedule3/Page_KDMC - CMS/input_txttreat'

2018-05-05 10:53:43 - [MESSAGE][PASSED] - Text '500' is set on object 'Object Repository/Schedule3/Page_KDMC - CMS/input_txttreat'

2018-05-05 10:53:43 - [TEST_STEP][PASSED] - delay: Delayed 1 second(s)

2018-05-05 10:53:44 - [MESSAGE][PASSED] - Delayed 1 second(s)

2018-05-05 10:53:44 - [TEST_STEP][PASSED] - click: Object: 'Object Repository/Schedule3/Page_KDMC - CMS/button_Add' is clicked on

2018-05-05 10:53:44 - [MESSAGE][PASSED] - Object: 'Object Repository/Schedule3/Page_KDMC - CMS/button_Add' is clicked on

2018-05-05 10:53:44 - [TEST_STEP][PASSED] - selectOptionByIndex: All options with index in [3] are selected on object 'Object Repository/Schedule3/Page_KDMC - CMS/select_--Select--Schedule 1Inj'

2018-05-05 10:53:44 - [MESSAGE][PASSED] - All options with index in [3] are selected on object 'Object Repository/Schedule3/Page_KDMC - CMS/select_--Select--Schedule 1Inj'

2018-05-05 10:53:44 - [TEST_STEP][PASSED] - selectOptionByIndex: All options with index in [29] are selected on object 'Object Repository/Schedule3/Page_KDMC - CMS/select_--Select--Amoxycillin 2'

2018-05-05 10:53:45 - [MESSAGE][PASSED] - All options with index in [29] are selected on object 'Object Repository/Schedule3/Page_KDMC - CMS/select_--Select--Amoxycillin 2'

2018-05-05 10:53:45 - [TEST_STEP][PASSED] - setText: Text '500' is set on object 'Object Repository/Schedule3/Page_KDMC - CMS/input_txttreat'

2018-05-05 10:53:45 - [MESSAGE][PASSED] - Text '500' is set on object 'Object Repository/Schedule3/Page_KDMC - CMS/input_txttreat'

2018-05-05 10:53:45 - [TEST_STEP][PASSED] - delay: Delayed 1 second(s)

2018-05-05 10:53:46 - [MESSAGE][PASSED] - Delayed 1 second(s)

2018-05-05 10:53:46 - [TEST_STEP][PASSED] - click: Object: 'Object Repository/Schedule3/Page_KDMC - CMS/button_Add' is clicked on

2018-05-05 10:53:46 - [MESSAGE][PASSED] - Object: 'Object Repository/Schedule3/Page_KDMC - CMS/button_Add' is clicked on

2018-05-05 10:53:46 - [TEST_STEP][PASSED] - selectOptionByIndex: All options with index in [3] are selected on object 'Object Repository/Schedule3/Page_KDMC - CMS/select_--Select--Schedule 1Inj'

2018-05-05 10:53:46 - [MESSAGE][PASSED] - All options with index in [3] are selected on object 'Object Repository/Schedule3/Page_KDMC - CMS/select_--Select--Schedule 1Inj'

2018-05-05 10:53:46 - [TEST_STEP][PASSED] - selectOptionByIndex: All options with index in [30] are selected on object 'Object Repository/Schedule3/Page_KDMC - CMS/select_--Select--Amoxycillin 2'

2018-05-05 10:53:47 - [MESSAGE][PASSED] - All options with index in [30] are selected on object 'Object Repository/Schedule3/Page_KDMC - CMS/select_--Select--Amoxycillin 2'

2018-05-05 10:53:47 - [TEST_STEP][PASSED] - setText: Text '500' is set on object 'Object Repository/Schedule3/Page_KDMC - CMS/input_txttreat'

2018-05-05 10:53:47 - [MESSAGE][PASSED] - Text '500' is set on object 'Object Repository/Schedule3/Page_KDMC - CMS/input_txttreat'

2018-05-05 10:53:47 - [TEST_STEP][PASSED] - delay: Delayed 1 second(s)

2018-05-05 10:53:48 - [MESSAGE][PASSED] - Delayed 1 second(s)

2018-05-05 10:53:48 - [TEST_STEP][PASSED] - click: Object: 'Object Repository/Schedule3/Page_KDMC - CMS/button_Add' is clicked on

2018-05-05 10:53:48 - [MESSAGE][PASSED] - Object: 'Object Repository/Schedule3/Page_KDMC - CMS/button_Add' is clicked on

2018-05-05 10:53:48 - [TEST_STEP][PASSED] - selectOptionByIndex: All options with index in [3] are selected on object 'Object Repository/Schedule3/Page_KDMC - CMS/select_--Select--Schedule 1Inj'

2018-05-05 10:53:48 - [MESSAGE][PASSED] - All options with index in [3] are selected on object 'Object Repository/Schedule3/Page_KDMC - CMS/select_--Select--Schedule 1Inj'

2018-05-05 10:53:48 - [TEST_STEP][PASSED] - selectOptionByIndex: All options with index in [31] are selected on object 'Object Repository/Schedule3/Page_KDMC - CMS/select_--Select--Amoxycillin 2'

2018-05-05 10:53:49 - [MESSAGE][PASSED] - All options with index in [31] are selected on object 'Object Repository/Schedule3/Page_KDMC - CMS/select_--Select--Amoxycillin 2'

2018-05-05 10:53:49 - [TEST_STEP][PASSED] - setText: Text '500' is set on object 'Object Repository/Schedule3/Page_KDMC - CMS/input_txttreat'

2018-05-05 10:53:50 - [MESSAGE][PASSED] - Text '500' is set on object 'Object Repository/Schedule3/Page_KDMC - CMS/input_txttreat'

2018-05-05 10:53:50 - [TEST_STEP][PASSED] - delay: Delayed 1 second(s)

2018-05-05 10:53:51 - [MESSAGE][PASSED] - Delayed 1 second(s)

2018-05-05 10:53:51 - [TEST_STEP][PASSED] - click: Object: 'Object Repository/Schedule3/Page_KDMC - CMS/button_Add' is clicked on

2018-05-05 10:53:51 - [MESSAGE][PASSED] - Object: 'Object Repository/Schedule3/Page_KDMC - CMS/button_Add' is clicked on

2018-05-05 10:53:51 - [TEST_STEP][PASSED] - selectOptionByIndex: All options with index in [3] are selected on object 'Object Repository/Schedule3/Page_KDMC - CMS/select_--Select--Schedule 1Inj'

2018-05-05 10:53:51 - [MESSAGE][PASSED] - All options with index in [3] are selected on object 'Object Repository/Schedule3/Page_KDMC - CMS/select_--Select--Schedule 1Inj'

2018-05-05 10:53:51 - [TEST_STEP][PASSED] - selectOptionByIndex: All options with index in [32] are selected on object 'Object Repository/Schedule3/Page_KDMC - CMS/select_--Select--Amoxycillin 2'

2018-05-05 10:53:52 - [MESSAGE][PASSED] - All options with index in [32] are selected on object 'Object Repository/Schedule3/Page_KDMC - CMS/select_--Select--Amoxycillin 2'

2018-05-05 10:53:52 - [TEST_STEP][PASSED] - setText: Text '500' is set on object 'Object Repository/Schedule3/Page_KDMC - CMS/input_txttreat'

2018-05-05 10:53:52 - [MESSAGE][PASSED] - Text '500' is set on object 'Object Repository/Schedule3/Page_KDMC - CMS/input_txttreat'

2018-05-05 10:53:52 - [TEST_STEP][PASSED] - delay: Delayed 1 second(s)

2018-05-05 10:53:53 - [MESSAGE][PASSED] - Delayed 1 second(s)

2018-05-05 10:53:53 - [TEST_STEP][PASSED] - click: Object: 'Object Repository/Schedule3/Page_KDMC - CMS/button_Add' is clicked on

2018-05-05 10:53:53 - [MESSAGE][PASSED] - Object: 'Object Repository/Schedule3/Page_KDMC - CMS/button_Add' is clicked on

2018-05-05 10:53:53 - [TEST_STEP][PASSED] - selectOptionByIndex: All options with index in [3] are selected on object 'Object Repository/Schedule3/Page_KDMC - CMS/select_--Select--Schedule 1Inj'

2018-05-05 10:53:53 - [MESSAGE][PASSED] - All options with index in [3] are selected on object 'Object Repository/Schedule3/Page_KDMC - CMS/select_--Select--Schedule 1Inj'

2018-05-05 10:53:53 - [TEST_STEP][PASSED] - selectOptionByIndex: All options with index in [33] are selected on object 'Object Repository/Schedule3/Page_KDMC - CMS/select_--Select--Amoxycillin 2'

2018-05-05 10:53:54 - [MESSAGE][PASSED] - All options with index in [33] are selected on object 'Object Repository/Schedule3/Page_KDMC - CMS/select_--Select--Amoxycillin 2'

2018-05-05 10:53:54 - [TEST_STEP][PASSED] - setText: Text '500' is set on object 'Object Repository/Schedule3/Page_KDMC - CMS/input_txttreat'

2018-05-05 10:53:54 - [MESSAGE][PASSED] - Text '500' is set on object 'Object Repository/Schedule3/Page_KDMC - CMS/input_txttreat'

2018-05-05 10:53:54 - [TEST_STEP][PASSED] - delay: Delayed 1 second(s)

2018-05-05 10:53:55 - [MESSAGE][PASSED] - Delayed 1 second(s)

2018-05-05 10:53:55 - [TEST_STEP][PASSED] - click: Object: 'Object Repository/Schedule3/Page_KDMC - CMS/button_Add' is clicked on

2018-05-05 10:54:00 - [MESSAGE][PASSED] - Object: 'Object Repository/Schedule3/Page_KDMC - CMS/button_Add' is clicked on

2018-05-05 10:54:00 - [TEST_STEP][PASSED] - selectOptionByIndex: All options with index in [3] are selected on object 'Object Repository/Schedule3/Page_KDMC - CMS/select_--Select--Schedule 1Inj'

2018-05-05 10:54:01 - [MESSAGE][PASSED] - All options with index in [3] are selected on object 'Object Repository/Schedule3/Page_KDMC - CMS/select_--Select--Schedule 1Inj'

2018-05-05 10:54:01 - [TEST_STEP][PASSED] - selectOptionByIndex: All options with index in [34] are selected on object 'Object Repository/Schedule3/Page_KDMC - CMS/select_--Select--Amoxycillin 2'

2018-05-05 10:54:02 - [MESSAGE][PASSED] - All options with index in [34] are selected on object 'Object Repository/Schedule3/Page_KDMC - CMS/select_--Select--Amoxycillin 2'

2018-05-05 10:54:02 - [TEST_STEP][PASSED] - setText: Text '500' is set on object 'Object Repository/Schedule3/Page_KDMC - CMS/input_txttreat'

2018-05-05 10:54:02 - [MESSAGE][PASSED] - Text '500' is set on object 'Object Repository/Schedule3/Page_KDMC - CMS/input_txttreat'

2018-05-05 10:54:02 - [TEST_STEP][PASSED] - delay: Delayed 1 second(s)

2018-05-05 10:54:03 - [MESSAGE][PASSED] - Delayed 1 second(s)

2018-05-05 10:54:03 - [TEST_STEP][PASSED] - click: Object: 'Object Repository/Schedule3/Page_KDMC - CMS/button_Add' is clicked on

2018-05-05 10:54:08 - [MESSAGE][PASSED] - Object: 'Object Repository/Schedule3/Page_KDMC - CMS/button_Add' is clicked on

2018-05-05 10:54:08 - [TEST_STEP][PASSED] - selectOptionByIndex: All options with index in [3] are selected on object 'Object Repository/Schedule3/Page_KDMC - CMS/select_--Select--Schedule 1Inj'

2018-05-05 10:54:08 - [MESSAGE][PASSED] - All options with index in [3] are selected on object 'Object Repository/Schedule3/Page_KDMC - CMS/select_--Select--Schedule 1Inj'

2018-05-05 10:54:08 - [TEST_STEP][PASSED] - selectOptionByIndex: All options with index in [35] are selected on object 'Object Repository/Schedule3/Page_KDMC - CMS/select_--Select--Amoxycillin 2'

2018-05-05 10:54:09 - [MESSAGE][PASSED] - All options with index in [35] are selected on object 'Object Repository/Schedule3/Page_KDMC - CMS/select_--Select--Amoxycillin 2'

2018-05-05 10:54:09 - [TEST_STEP][PASSED] - setText: Text '500' is set on object 'Object Repository/Schedule3/Page_KDMC - CMS/input_txttreat'

2018-05-05 10:54:09 - [MESSAGE][PASSED] - Text '500' is set on object 'Object Repository/Schedule3/Page_KDMC - CMS/input_txttreat'

2018-05-05 10:54:09 - [TEST_STEP][PASSED] - delay: Delayed 1 second(s)

2018-05-05 10:54:10 - [MESSAGE][PASSED] - Delayed 1 second(s)

2018-05-05 10:54:10 - [TEST_STEP][PASSED] - click: Object: 'Object Repository/Schedule3/Page_KDMC - CMS/button_Add' is clicked on

2018-05-05 10:54:15 - [MESSAGE][PASSED] - Object: 'Object Repository/Schedule3/Page_KDMC - CMS/button_Add' is clicked on

2018-05-05 10:54:15 - [TEST_STEP][PASSED] - selectOptionByIndex: All options with index in [3] are selected on object 'Object Repository/Schedule3/Page_KDMC - CMS/select_--Select--Schedule 1Inj'

2018-05-05 10:54:15 - [MESSAGE][PASSED] - All options with index in [3] are selected on object 'Object Repository/Schedule3/Page_KDMC - CMS/select_--Select--Schedule 1Inj'

2018-05-05 10:54:15 - [TEST_STEP][PASSED] - selectOptionByIndex: All options with index in [36] are selected on object 'Object Repository/Schedule3/Page_KDMC - CMS/select_--Select--Amoxycillin 2'

2018-05-05 10:54:16 - [MESSAGE][PASSED] - All options with index in [36] are selected on object 'Object Repository/Schedule3/Page_KDMC - CMS/select_--Select--Amoxycillin 2'

2018-05-05 10:54:16 - [TEST_STEP][PASSED] - setText: Text '500' is set on object 'Object Repository/Schedule3/Page_KDMC - CMS/input_txttreat'

2018-05-05 10:54:16 - [MESSAGE][PASSED] - Text '500' is set on object 'Object Repository/Schedule3/Page_KDMC - CMS/input_txttreat'

2018-05-05 10:54:16 - [TEST_STEP][PASSED] - delay: Delayed 1 second(s)

2018-05-05 10:54:17 - [MESSAGE][PASSED] - Delayed 1 second(s)

2018-05-05 10:54:17 - [TEST_STEP][PASSED] - click: Object: 'Object Repository/Schedule3/Page_KDMC - CMS/button_Add' is clicked on

2018-05-05 10:54:22 - [MESSAGE][PASSED] - Object: 'Object Repository/Schedule3/Page_KDMC - CMS/button_Add' is clicked on

2018-05-05 10:54:22 - [TEST_STEP][PASSED] - delay: Delayed 3 second(s)

2018-05-05 10:54:25 - [MESSAGE][PASSED] - Delayed 3 second(s)

2018-05-05 10:54:25 - [TEST_STEP][PASSED] - scrollToElement: Scroll to object 'Object Repository/Schedule3/Page_KDMC - CMS/input_btnsave' successfully

2018-05-05 10:54:25 - [MESSAGE][PASSED] - Scroll to object 'Object Repository/Schedule3/Page_KDMC - CMS/input_btnsave' successfully

2018-05-05 10:54:25 - [TEST_STEP][PASSED] - click: Object: 'Object Repository/Schedule3/Page_KDMC - CMS/input_btnsave' is clicked on

2018-05-05 10:54:31 - [MESSAGE][PASSED] - Object: 'Object Repository/Schedule3/Page_KDMC - CMS/input_btnsave' is clicked on

2018-05-05 10:54:31 - [TEST_STEP][FAILED] - click: Unable to click on object 'Object Repository/Schedule3/Page_KDMC - CMS/button_OK' (Root cause: org.openqa.selenium.ElementNotVisibleException: element not visible
  (Session info: chrome=66.0.3359.139)
  (Driver info: chromedriver=2.35.528161 (5b82f2d2aae0ca24b877009200ced9065a772e73),platform=Windows NT 10.0.16299 x86_64) (WARNING: The server did not provide any stacktrace information)
Command duration or timeout: 0 milliseconds
Build info: version: '3.7.1', revision: '8a0099a', time: '2017-11-06T21:07:36.161Z'
System info: host: 'DESKTOP-BLFTK83', ip: '192.168.71.2', os.name: 'Windows 10', os.arch: 'amd64', os.version: '10.0', java.version: '1.8.0_102'
Driver info: com.kms.katalon.selenium.driver.CChromeDriver
Capabilities {acceptInsecureCerts: false, acceptSslCerts: false, applicationCacheEnabled: false, browserConnectionEnabled: false, browserName: chrome, chrome: {chromedriverVersion: 2.35.528161 (5b82f2d2aae0ca..., userDataDir: C:\Users\QUALIT~1\AppData\L...}, cssSelectorsEnabled: true, databaseEnabled: false, handlesAlerts: true, hasTouchScreen: false, javascriptEnabled: true, locationContextEnabled: true, mobileEmulationEnabled: false, nativeEvents: true, networkConnectionEnabled: false, pageLoadStrategy: normal, platform: XP, platformName: XP, rotatable: false, setWindowRect: true, takesHeapSnapshot: true, takesScreenshot: true, unexpectedAlertBehaviour: , unhandledPromptBehavior: , version: 66.0.3359.139, webStorageEnabled: true}
Session ID: aacdf2ed9f16eb97e50bbe0accf54315)

2018-05-05 10:54:32 - [MESSAGE][FAILED] - Unable to click on object 'Object Repository/Schedule3/Page_KDMC - CMS/button_OK' (Root cause: org.openqa.selenium.ElementNotVisibleException: element not visible
  (Session info: chrome=66.0.3359.139)
  (Driver info: chromedriver=2.35.528161 (5b82f2d2aae0ca24b877009200ced9065a772e73),platform=Windows NT 10.0.16299 x86_64) (WARNING: The server did not provide any stacktrace information)
Command duration or timeout: 0 milliseconds
Build info: version: '3.7.1', revision: '8a0099a', time: '2017-11-06T21:07:36.161Z'
System info: host: 'DESKTOP-BLFTK83', ip: '192.168.71.2', os.name: 'Windows 10', os.arch: 'amd64', os.version: '10.0', java.version: '1.8.0_102'
Driver info: com.kms.katalon.selenium.driver.CChromeDriver
Capabilities {acceptInsecureCerts: false, acceptSslCerts: false, applicationCacheEnabled: false, browserConnectionEnabled: false, browserName: chrome, chrome: {chromedriverVersion: 2.35.528161 (5b82f2d2aae0ca..., userDataDir: C:\Users\QUALIT~1\AppData\L...}, cssSelectorsEnabled: true, databaseEnabled: false, handlesAlerts: true, hasTouchScreen: false, javascriptEnabled: true, locationContextEnabled: true, mobileEmulationEnabled: false, nativeEvents: true, networkConnectionEnabled: false, pageLoadStrategy: normal, platform: XP, platformName: XP, rotatable: false, setWindowRect: true, takesHeapSnapshot: true, takesScreenshot: true, unexpectedAlertBehaviour: , unhandledPromptBehavior: , version: 66.0.3359.139, webStorageEnabled: true}
Session ID: aacdf2ed9f16eb97e50bbe0accf54315)
[[ATTACHMENT|C:\\Users\\Quality Analyst\\Katalon Studio\\ds\\Reports\\Moh_Request\\20180505_104937\\1525497871600.png]]]]></system-out>
         <system-err><![CDATA[2018-05-05 10:52:34 - [TEST_CASE][FAILED] - Test Cases/MOHTOCMSREQUEST/MohRequestSchedule3: Test Cases/MOHTOCMSREQUEST/MohRequestSchedule3 FAILED because (of) Unable to click on object 'Object Repository/Schedule3/Page_KDMC - CMS/button_OK' (Root cause: org.openqa.selenium.ElementNotVisibleException: element not visible
  (Session info: chrome=66.0.3359.139)
  (Driver info: chromedriver=2.35.528161 (5b82f2d2aae0ca24b877009200ced9065a772e73),platform=Windows NT 10.0.16299 x86_64) (WARNING: The server did not provide any stacktrace information)
Command duration or timeout: 0 milliseconds
Build info: version: '3.7.1', revision: '8a0099a', time: '2017-11-06T21:07:36.161Z'
System info: host: 'DESKTOP-BLFTK83', ip: '192.168.71.2', os.name: 'Windows 10', os.arch: 'amd64', os.version: '10.0', java.version: '1.8.0_102'
Driver info: com.kms.katalon.selenium.driver.CChromeDriver
Capabilities {acceptInsecureCerts: false, acceptSslCerts: false, applicationCacheEnabled: false, browserConnectionEnabled: false, browserName: chrome, chrome: {chromedriverVersion: 2.35.528161 (5b82f2d2aae0ca..., userDataDir: C:\Users\QUALIT~1\AppData\L...}, cssSelectorsEnabled: true, databaseEnabled: false, handlesAlerts: true, hasTouchScreen: false, javascriptEnabled: true, locationContextEnabled: true, mobileEmulationEnabled: false, nativeEvents: true, networkConnectionEnabled: false, pageLoadStrategy: normal, platform: XP, platformName: XP, rotatable: false, setWindowRect: true, takesHeapSnapshot: true, takesScreenshot: true, unexpectedAlertBehaviour: , unhandledPromptBehavior: , version: 66.0.3359.139, webStorageEnabled: true}
Session ID: aacdf2ed9f16eb97e50bbe0accf54315)]]></system-err>
      </testcase>
      <testcase name="Test Cases/MOHTOCMSREQUEST/MohRequestSchedule4" classname="Test Cases/MOHTOCMSREQUEST/MohRequestSchedule4" status="PASSED">
         <system-out><![CDATA[2018-05-05 10:54:32 - [TEST_CASE][PASSED] - Test Cases/MOHTOCMSREQUEST/MohRequestSchedule4: Test Cases/MOHTOCMSREQUEST/MohRequestSchedule4

2018-05-05 10:54:32 - [TEST_STEP][PASSED] - openBrowser: Browser is opened with url: ''

2018-05-05 10:54:32 - [MESSAGE][WARNING] - A browser is already opened. Closing browser and opening a new one

2018-05-05 10:54:34 - [MESSAGE][PASSED] - Browser is opened with url: ''

2018-05-05 10:54:34 - [TEST_STEP][PASSED] - navigateToUrl: Navigate to 'http://192.168.137.1/multihospital_new/' successfully

2018-05-05 10:54:41 - [MESSAGE][PASSED] - Navigate to 'http://192.168.137.1/multihospital_new/' successfully

2018-05-05 10:54:41 - [TEST_STEP][PASSED] - maximizeWindow: Current window maximized

2018-05-05 10:54:42 - [MESSAGE][PASSED] - Current window maximized

2018-05-05 10:54:42 - [TEST_STEP][PASSED] - click: Object: 'Object Repository/Schedule4/Page_KDMC/a_CMS' is clicked on

2018-05-05 10:54:43 - [MESSAGE][PASSED] - Object: 'Object Repository/Schedule4/Page_KDMC/a_CMS' is clicked on

2018-05-05 10:54:43 - [TEST_STEP][PASSED] - setText: Text 'bala' is set on object 'Object Repository/Schedule4/Page_CMS login/input_txtusername'

2018-05-05 10:54:43 - [MESSAGE][PASSED] - Text 'bala' is set on object 'Object Repository/Schedule4/Page_CMS login/input_txtusername'

2018-05-05 10:54:43 - [TEST_STEP][PASSED] - setText: Text '123' is set on object 'Object Repository/Schedule4/Page_CMS login/input_txtpassword'

2018-05-05 10:54:43 - [MESSAGE][PASSED] - Text '123' is set on object 'Object Repository/Schedule4/Page_CMS login/input_txtpassword'

2018-05-05 10:54:43 - [TEST_STEP][PASSED] - delay: Delayed 4 second(s)

2018-05-05 10:54:47 - [MESSAGE][PASSED] - Delayed 4 second(s)

2018-05-05 10:54:47 - [TEST_STEP][PASSED] - click: Object: 'Object Repository/Schedule4/Page_CMS login/button_Sign in' is clicked on

2018-05-05 10:54:48 - [MESSAGE][PASSED] - Object: 'Object Repository/Schedule4/Page_CMS login/button_Sign in' is clicked on

2018-05-05 10:54:48 - [TEST_STEP][PASSED] - click: Object: 'Object Repository/Schedule4/Page_KDMC - CMS/a_Request to MOH' is clicked on

2018-05-05 10:54:50 - [MESSAGE][PASSED] - Object: 'Object Repository/Schedule4/Page_KDMC - CMS/a_Request to MOH' is clicked on

2018-05-05 10:54:50 - [TEST_STEP][PASSED] - selectOptionByValue: All options with value 'Weekly/Monthly' are selected in object 'Object Repository/Schedule4/Page_KDMC - CMS/select_--Select--'  using regular expression

2018-05-05 10:54:50 - [MESSAGE][PASSED] - All options with value 'Weekly/Monthly' are selected in object 'Object Repository/Schedule4/Page_KDMC - CMS/select_--Select--'  using regular expression

2018-05-05 10:54:50 - [TEST_STEP][PASSED] - selectOptionByValue: All options with value '4' are selected in object 'Object Repository/Schedule4/Page_KDMC - CMS/select_--Select--Schedule 1Inj'  using regular expression

2018-05-05 10:54:51 - [MESSAGE][PASSED] - All options with value '4' are selected in object 'Object Repository/Schedule4/Page_KDMC - CMS/select_--Select--Schedule 1Inj'  using regular expression

2018-05-05 10:54:51 - [TEST_STEP][PASSED] - Statement - Selectedoptions = com.kms.katalon.core.webui.keyword.WebUiBuiltInKeywords.getNumberOfTotalOption(com.kms.katalon.core.testobject.ObjectRepository.findTestObject(Schedule4/Page_KDMC - CMS/select_--Select--Automatic x-r)): 16 options of object 'Object Repository/Schedule4/Page_KDMC - CMS/select_--Select--Automatic x-r' counted

2018-05-05 10:54:51 - [MESSAGE][PASSED] - 16 options of object 'Object Repository/Schedule4/Page_KDMC - CMS/select_--Select--Automatic x-r' counted

2018-05-05 10:54:51 - [TEST_STEP][PASSED] - Statement - For ([j = 1, j <= Selectedoptions - 1, (j++)]): Object: 'Object Repository/Schedule4/Page_KDMC - CMS/button_Add' is clicked on

2018-05-05 10:54:51 - [TEST_STEP][PASSED] - selectOptionByValue: All options with value '4' are selected in object 'Object Repository/Schedule4/Page_KDMC - CMS/select_--Select--Schedule 1Inj'  using regular expression

2018-05-05 10:54:51 - [MESSAGE][PASSED] - All options with value '4' are selected in object 'Object Repository/Schedule4/Page_KDMC - CMS/select_--Select--Schedule 1Inj'  using regular expression

2018-05-05 10:54:51 - [TEST_STEP][PASSED] - selectOptionByIndex: All options with index in [1] are selected on object 'Object Repository/Schedule4/Page_KDMC - CMS/select_--Select--Automatic x-r'

2018-05-05 10:54:51 - [MESSAGE][PASSED] - All options with index in [1] are selected on object 'Object Repository/Schedule4/Page_KDMC - CMS/select_--Select--Automatic x-r'

2018-05-05 10:54:51 - [TEST_STEP][PASSED] - setText: Text '5000' is set on object 'Object Repository/Schedule4/Page_KDMC - CMS/input_txttreat'

2018-05-05 10:54:51 - [MESSAGE][PASSED] - Text '5000' is set on object 'Object Repository/Schedule4/Page_KDMC - CMS/input_txttreat'

2018-05-05 10:54:51 - [TEST_STEP][PASSED] - click: Object: 'Object Repository/Schedule4/Page_KDMC - CMS/button_Add' is clicked on

2018-05-05 10:54:51 - [MESSAGE][PASSED] - Object: 'Object Repository/Schedule4/Page_KDMC - CMS/button_Add' is clicked on

2018-05-05 10:54:51 - [TEST_STEP][PASSED] - selectOptionByValue: All options with value '4' are selected in object 'Object Repository/Schedule4/Page_KDMC - CMS/select_--Select--Schedule 1Inj'  using regular expression

2018-05-05 10:54:52 - [MESSAGE][PASSED] - All options with value '4' are selected in object 'Object Repository/Schedule4/Page_KDMC - CMS/select_--Select--Schedule 1Inj'  using regular expression

2018-05-05 10:54:52 - [TEST_STEP][PASSED] - selectOptionByIndex: All options with index in [2] are selected on object 'Object Repository/Schedule4/Page_KDMC - CMS/select_--Select--Automatic x-r'

2018-05-05 10:54:52 - [MESSAGE][PASSED] - All options with index in [2] are selected on object 'Object Repository/Schedule4/Page_KDMC - CMS/select_--Select--Automatic x-r'

2018-05-05 10:54:52 - [TEST_STEP][PASSED] - setText: Text '5000' is set on object 'Object Repository/Schedule4/Page_KDMC - CMS/input_txttreat'

2018-05-05 10:54:52 - [MESSAGE][PASSED] - Text '5000' is set on object 'Object Repository/Schedule4/Page_KDMC - CMS/input_txttreat'

2018-05-05 10:54:52 - [TEST_STEP][PASSED] - click: Object: 'Object Repository/Schedule4/Page_KDMC - CMS/button_Add' is clicked on

2018-05-05 10:54:52 - [MESSAGE][PASSED] - Object: 'Object Repository/Schedule4/Page_KDMC - CMS/button_Add' is clicked on

2018-05-05 10:54:52 - [TEST_STEP][PASSED] - selectOptionByValue: All options with value '4' are selected in object 'Object Repository/Schedule4/Page_KDMC - CMS/select_--Select--Schedule 1Inj'  using regular expression

2018-05-05 10:54:52 - [MESSAGE][PASSED] - All options with value '4' are selected in object 'Object Repository/Schedule4/Page_KDMC - CMS/select_--Select--Schedule 1Inj'  using regular expression

2018-05-05 10:54:52 - [TEST_STEP][PASSED] - selectOptionByIndex: All options with index in [3] are selected on object 'Object Repository/Schedule4/Page_KDMC - CMS/select_--Select--Automatic x-r'

2018-05-05 10:54:52 - [MESSAGE][PASSED] - All options with index in [3] are selected on object 'Object Repository/Schedule4/Page_KDMC - CMS/select_--Select--Automatic x-r'

2018-05-05 10:54:52 - [TEST_STEP][PASSED] - setText: Text '5000' is set on object 'Object Repository/Schedule4/Page_KDMC - CMS/input_txttreat'

2018-05-05 10:54:52 - [MESSAGE][PASSED] - Text '5000' is set on object 'Object Repository/Schedule4/Page_KDMC - CMS/input_txttreat'

2018-05-05 10:54:52 - [TEST_STEP][PASSED] - click: Object: 'Object Repository/Schedule4/Page_KDMC - CMS/button_Add' is clicked on

2018-05-05 10:54:52 - [MESSAGE][PASSED] - Object: 'Object Repository/Schedule4/Page_KDMC - CMS/button_Add' is clicked on

2018-05-05 10:54:52 - [TEST_STEP][PASSED] - selectOptionByValue: All options with value '4' are selected in object 'Object Repository/Schedule4/Page_KDMC - CMS/select_--Select--Schedule 1Inj'  using regular expression

2018-05-05 10:54:53 - [MESSAGE][PASSED] - All options with value '4' are selected in object 'Object Repository/Schedule4/Page_KDMC - CMS/select_--Select--Schedule 1Inj'  using regular expression

2018-05-05 10:54:53 - [TEST_STEP][PASSED] - selectOptionByIndex: All options with index in [4] are selected on object 'Object Repository/Schedule4/Page_KDMC - CMS/select_--Select--Automatic x-r'

2018-05-05 10:54:53 - [MESSAGE][PASSED] - All options with index in [4] are selected on object 'Object Repository/Schedule4/Page_KDMC - CMS/select_--Select--Automatic x-r'

2018-05-05 10:54:53 - [TEST_STEP][PASSED] - setText: Text '5000' is set on object 'Object Repository/Schedule4/Page_KDMC - CMS/input_txttreat'

2018-05-05 10:54:53 - [MESSAGE][PASSED] - Text '5000' is set on object 'Object Repository/Schedule4/Page_KDMC - CMS/input_txttreat'

2018-05-05 10:54:53 - [TEST_STEP][PASSED] - click: Object: 'Object Repository/Schedule4/Page_KDMC - CMS/button_Add' is clicked on

2018-05-05 10:54:53 - [MESSAGE][PASSED] - Object: 'Object Repository/Schedule4/Page_KDMC - CMS/button_Add' is clicked on

2018-05-05 10:54:53 - [TEST_STEP][PASSED] - selectOptionByValue: All options with value '4' are selected in object 'Object Repository/Schedule4/Page_KDMC - CMS/select_--Select--Schedule 1Inj'  using regular expression

2018-05-05 10:54:53 - [MESSAGE][PASSED] - All options with value '4' are selected in object 'Object Repository/Schedule4/Page_KDMC - CMS/select_--Select--Schedule 1Inj'  using regular expression

2018-05-05 10:54:53 - [TEST_STEP][PASSED] - selectOptionByIndex: All options with index in [5] are selected on object 'Object Repository/Schedule4/Page_KDMC - CMS/select_--Select--Automatic x-r'

2018-05-05 10:54:54 - [MESSAGE][PASSED] - All options with index in [5] are selected on object 'Object Repository/Schedule4/Page_KDMC - CMS/select_--Select--Automatic x-r'

2018-05-05 10:54:54 - [TEST_STEP][PASSED] - setText: Text '5000' is set on object 'Object Repository/Schedule4/Page_KDMC - CMS/input_txttreat'

2018-05-05 10:54:54 - [MESSAGE][PASSED] - Text '5000' is set on object 'Object Repository/Schedule4/Page_KDMC - CMS/input_txttreat'

2018-05-05 10:54:54 - [TEST_STEP][PASSED] - click: Object: 'Object Repository/Schedule4/Page_KDMC - CMS/button_Add' is clicked on

2018-05-05 10:54:54 - [MESSAGE][PASSED] - Object: 'Object Repository/Schedule4/Page_KDMC - CMS/button_Add' is clicked on

2018-05-05 10:54:54 - [TEST_STEP][PASSED] - selectOptionByValue: All options with value '4' are selected in object 'Object Repository/Schedule4/Page_KDMC - CMS/select_--Select--Schedule 1Inj'  using regular expression

2018-05-05 10:54:54 - [MESSAGE][PASSED] - All options with value '4' are selected in object 'Object Repository/Schedule4/Page_KDMC - CMS/select_--Select--Schedule 1Inj'  using regular expression

2018-05-05 10:54:54 - [TEST_STEP][PASSED] - selectOptionByIndex: All options with index in [6] are selected on object 'Object Repository/Schedule4/Page_KDMC - CMS/select_--Select--Automatic x-r'

2018-05-05 10:54:54 - [MESSAGE][PASSED] - All options with index in [6] are selected on object 'Object Repository/Schedule4/Page_KDMC - CMS/select_--Select--Automatic x-r'

2018-05-05 10:54:54 - [TEST_STEP][PASSED] - setText: Text '5000' is set on object 'Object Repository/Schedule4/Page_KDMC - CMS/input_txttreat'

2018-05-05 10:54:54 - [MESSAGE][PASSED] - Text '5000' is set on object 'Object Repository/Schedule4/Page_KDMC - CMS/input_txttreat'

2018-05-05 10:54:54 - [TEST_STEP][PASSED] - click: Object: 'Object Repository/Schedule4/Page_KDMC - CMS/button_Add' is clicked on

2018-05-05 10:54:54 - [MESSAGE][PASSED] - Object: 'Object Repository/Schedule4/Page_KDMC - CMS/button_Add' is clicked on

2018-05-05 10:54:54 - [TEST_STEP][PASSED] - selectOptionByValue: All options with value '4' are selected in object 'Object Repository/Schedule4/Page_KDMC - CMS/select_--Select--Schedule 1Inj'  using regular expression

2018-05-05 10:54:55 - [MESSAGE][PASSED] - All options with value '4' are selected in object 'Object Repository/Schedule4/Page_KDMC - CMS/select_--Select--Schedule 1Inj'  using regular expression

2018-05-05 10:54:55 - [TEST_STEP][PASSED] - selectOptionByIndex: All options with index in [7] are selected on object 'Object Repository/Schedule4/Page_KDMC - CMS/select_--Select--Automatic x-r'

2018-05-05 10:54:55 - [MESSAGE][PASSED] - All options with index in [7] are selected on object 'Object Repository/Schedule4/Page_KDMC - CMS/select_--Select--Automatic x-r'

2018-05-05 10:54:55 - [TEST_STEP][PASSED] - setText: Text '5000' is set on object 'Object Repository/Schedule4/Page_KDMC - CMS/input_txttreat'

2018-05-05 10:54:55 - [MESSAGE][PASSED] - Text '5000' is set on object 'Object Repository/Schedule4/Page_KDMC - CMS/input_txttreat'

2018-05-05 10:54:55 - [TEST_STEP][PASSED] - click: Object: 'Object Repository/Schedule4/Page_KDMC - CMS/button_Add' is clicked on

2018-05-05 10:54:55 - [MESSAGE][PASSED] - Object: 'Object Repository/Schedule4/Page_KDMC - CMS/button_Add' is clicked on

2018-05-05 10:54:55 - [TEST_STEP][PASSED] - selectOptionByValue: All options with value '4' are selected in object 'Object Repository/Schedule4/Page_KDMC - CMS/select_--Select--Schedule 1Inj'  using regular expression

2018-05-05 10:54:55 - [MESSAGE][PASSED] - All options with value '4' are selected in object 'Object Repository/Schedule4/Page_KDMC - CMS/select_--Select--Schedule 1Inj'  using regular expression

2018-05-05 10:54:55 - [TEST_STEP][PASSED] - selectOptionByIndex: All options with index in [8] are selected on object 'Object Repository/Schedule4/Page_KDMC - CMS/select_--Select--Automatic x-r'

2018-05-05 10:54:55 - [MESSAGE][PASSED] - All options with index in [8] are selected on object 'Object Repository/Schedule4/Page_KDMC - CMS/select_--Select--Automatic x-r'

2018-05-05 10:54:55 - [TEST_STEP][PASSED] - setText: Text '5000' is set on object 'Object Repository/Schedule4/Page_KDMC - CMS/input_txttreat'

2018-05-05 10:54:55 - [MESSAGE][PASSED] - Text '5000' is set on object 'Object Repository/Schedule4/Page_KDMC - CMS/input_txttreat'

2018-05-05 10:54:55 - [TEST_STEP][PASSED] - click: Object: 'Object Repository/Schedule4/Page_KDMC - CMS/button_Add' is clicked on

2018-05-05 10:54:56 - [MESSAGE][PASSED] - Object: 'Object Repository/Schedule4/Page_KDMC - CMS/button_Add' is clicked on

2018-05-05 10:54:56 - [TEST_STEP][PASSED] - selectOptionByValue: All options with value '4' are selected in object 'Object Repository/Schedule4/Page_KDMC - CMS/select_--Select--Schedule 1Inj'  using regular expression

2018-05-05 10:54:56 - [MESSAGE][PASSED] - All options with value '4' are selected in object 'Object Repository/Schedule4/Page_KDMC - CMS/select_--Select--Schedule 1Inj'  using regular expression

2018-05-05 10:54:56 - [TEST_STEP][PASSED] - selectOptionByIndex: All options with index in [9] are selected on object 'Object Repository/Schedule4/Page_KDMC - CMS/select_--Select--Automatic x-r'

2018-05-05 10:54:56 - [MESSAGE][PASSED] - All options with index in [9] are selected on object 'Object Repository/Schedule4/Page_KDMC - CMS/select_--Select--Automatic x-r'

2018-05-05 10:54:56 - [TEST_STEP][PASSED] - setText: Text '5000' is set on object 'Object Repository/Schedule4/Page_KDMC - CMS/input_txttreat'

2018-05-05 10:54:56 - [MESSAGE][PASSED] - Text '5000' is set on object 'Object Repository/Schedule4/Page_KDMC - CMS/input_txttreat'

2018-05-05 10:54:56 - [TEST_STEP][PASSED] - click: Object: 'Object Repository/Schedule4/Page_KDMC - CMS/button_Add' is clicked on

2018-05-05 10:54:56 - [MESSAGE][PASSED] - Object: 'Object Repository/Schedule4/Page_KDMC - CMS/button_Add' is clicked on

2018-05-05 10:54:56 - [TEST_STEP][PASSED] - selectOptionByValue: All options with value '4' are selected in object 'Object Repository/Schedule4/Page_KDMC - CMS/select_--Select--Schedule 1Inj'  using regular expression

2018-05-05 10:54:57 - [MESSAGE][PASSED] - All options with value '4' are selected in object 'Object Repository/Schedule4/Page_KDMC - CMS/select_--Select--Schedule 1Inj'  using regular expression

2018-05-05 10:54:57 - [TEST_STEP][PASSED] - selectOptionByIndex: All options with index in [10] are selected on object 'Object Repository/Schedule4/Page_KDMC - CMS/select_--Select--Automatic x-r'

2018-05-05 10:54:57 - [MESSAGE][PASSED] - All options with index in [10] are selected on object 'Object Repository/Schedule4/Page_KDMC - CMS/select_--Select--Automatic x-r'

2018-05-05 10:54:57 - [TEST_STEP][PASSED] - setText: Text '5000' is set on object 'Object Repository/Schedule4/Page_KDMC - CMS/input_txttreat'

2018-05-05 10:54:57 - [MESSAGE][PASSED] - Text '5000' is set on object 'Object Repository/Schedule4/Page_KDMC - CMS/input_txttreat'

2018-05-05 10:54:57 - [TEST_STEP][PASSED] - click: Object: 'Object Repository/Schedule4/Page_KDMC - CMS/button_Add' is clicked on

2018-05-05 10:54:57 - [MESSAGE][PASSED] - Object: 'Object Repository/Schedule4/Page_KDMC - CMS/button_Add' is clicked on

2018-05-05 10:54:57 - [TEST_STEP][PASSED] - selectOptionByValue: All options with value '4' are selected in object 'Object Repository/Schedule4/Page_KDMC - CMS/select_--Select--Schedule 1Inj'  using regular expression

2018-05-05 10:54:57 - [MESSAGE][PASSED] - All options with value '4' are selected in object 'Object Repository/Schedule4/Page_KDMC - CMS/select_--Select--Schedule 1Inj'  using regular expression

2018-05-05 10:54:57 - [TEST_STEP][PASSED] - selectOptionByIndex: All options with index in [11] are selected on object 'Object Repository/Schedule4/Page_KDMC - CMS/select_--Select--Automatic x-r'

2018-05-05 10:54:57 - [MESSAGE][PASSED] - All options with index in [11] are selected on object 'Object Repository/Schedule4/Page_KDMC - CMS/select_--Select--Automatic x-r'

2018-05-05 10:54:57 - [TEST_STEP][PASSED] - setText: Text '5000' is set on object 'Object Repository/Schedule4/Page_KDMC - CMS/input_txttreat'

2018-05-05 10:54:57 - [MESSAGE][PASSED] - Text '5000' is set on object 'Object Repository/Schedule4/Page_KDMC - CMS/input_txttreat'

2018-05-05 10:54:57 - [TEST_STEP][PASSED] - click: Object: 'Object Repository/Schedule4/Page_KDMC - CMS/button_Add' is clicked on

2018-05-05 10:54:58 - [MESSAGE][PASSED] - Object: 'Object Repository/Schedule4/Page_KDMC - CMS/button_Add' is clicked on

2018-05-05 10:54:58 - [TEST_STEP][PASSED] - selectOptionByValue: All options with value '4' are selected in object 'Object Repository/Schedule4/Page_KDMC - CMS/select_--Select--Schedule 1Inj'  using regular expression

2018-05-05 10:54:58 - [MESSAGE][PASSED] - All options with value '4' are selected in object 'Object Repository/Schedule4/Page_KDMC - CMS/select_--Select--Schedule 1Inj'  using regular expression

2018-05-05 10:54:58 - [TEST_STEP][PASSED] - selectOptionByIndex: All options with index in [12] are selected on object 'Object Repository/Schedule4/Page_KDMC - CMS/select_--Select--Automatic x-r'

2018-05-05 10:54:58 - [MESSAGE][PASSED] - All options with index in [12] are selected on object 'Object Repository/Schedule4/Page_KDMC - CMS/select_--Select--Automatic x-r'

2018-05-05 10:54:58 - [TEST_STEP][PASSED] - setText: Text '5000' is set on object 'Object Repository/Schedule4/Page_KDMC - CMS/input_txttreat'

2018-05-05 10:54:58 - [MESSAGE][PASSED] - Text '5000' is set on object 'Object Repository/Schedule4/Page_KDMC - CMS/input_txttreat'

2018-05-05 10:54:58 - [TEST_STEP][PASSED] - click: Object: 'Object Repository/Schedule4/Page_KDMC - CMS/button_Add' is clicked on

2018-05-05 10:54:58 - [MESSAGE][PASSED] - Object: 'Object Repository/Schedule4/Page_KDMC - CMS/button_Add' is clicked on

2018-05-05 10:54:58 - [TEST_STEP][PASSED] - selectOptionByValue: All options with value '4' are selected in object 'Object Repository/Schedule4/Page_KDMC - CMS/select_--Select--Schedule 1Inj'  using regular expression

2018-05-05 10:54:59 - [MESSAGE][PASSED] - All options with value '4' are selected in object 'Object Repository/Schedule4/Page_KDMC - CMS/select_--Select--Schedule 1Inj'  using regular expression

2018-05-05 10:54:59 - [TEST_STEP][PASSED] - selectOptionByIndex: All options with index in [13] are selected on object 'Object Repository/Schedule4/Page_KDMC - CMS/select_--Select--Automatic x-r'

2018-05-05 10:54:59 - [MESSAGE][PASSED] - All options with index in [13] are selected on object 'Object Repository/Schedule4/Page_KDMC - CMS/select_--Select--Automatic x-r'

2018-05-05 10:54:59 - [TEST_STEP][PASSED] - setText: Text '5000' is set on object 'Object Repository/Schedule4/Page_KDMC - CMS/input_txttreat'

2018-05-05 10:54:59 - [MESSAGE][PASSED] - Text '5000' is set on object 'Object Repository/Schedule4/Page_KDMC - CMS/input_txttreat'

2018-05-05 10:54:59 - [TEST_STEP][PASSED] - click: Object: 'Object Repository/Schedule4/Page_KDMC - CMS/button_Add' is clicked on

2018-05-05 10:54:59 - [MESSAGE][PASSED] - Object: 'Object Repository/Schedule4/Page_KDMC - CMS/button_Add' is clicked on

2018-05-05 10:54:59 - [TEST_STEP][PASSED] - selectOptionByValue: All options with value '4' are selected in object 'Object Repository/Schedule4/Page_KDMC - CMS/select_--Select--Schedule 1Inj'  using regular expression

2018-05-05 10:54:59 - [MESSAGE][PASSED] - All options with value '4' are selected in object 'Object Repository/Schedule4/Page_KDMC - CMS/select_--Select--Schedule 1Inj'  using regular expression

2018-05-05 10:54:59 - [TEST_STEP][PASSED] - selectOptionByIndex: All options with index in [14] are selected on object 'Object Repository/Schedule4/Page_KDMC - CMS/select_--Select--Automatic x-r'

2018-05-05 10:55:00 - [MESSAGE][PASSED] - All options with index in [14] are selected on object 'Object Repository/Schedule4/Page_KDMC - CMS/select_--Select--Automatic x-r'

2018-05-05 10:55:00 - [TEST_STEP][PASSED] - setText: Text '5000' is set on object 'Object Repository/Schedule4/Page_KDMC - CMS/input_txttreat'

2018-05-05 10:55:00 - [MESSAGE][PASSED] - Text '5000' is set on object 'Object Repository/Schedule4/Page_KDMC - CMS/input_txttreat'

2018-05-05 10:55:00 - [TEST_STEP][PASSED] - click: Object: 'Object Repository/Schedule4/Page_KDMC - CMS/button_Add' is clicked on

2018-05-05 10:55:00 - [MESSAGE][PASSED] - Object: 'Object Repository/Schedule4/Page_KDMC - CMS/button_Add' is clicked on

2018-05-05 10:55:00 - [TEST_STEP][PASSED] - selectOptionByValue: All options with value '4' are selected in object 'Object Repository/Schedule4/Page_KDMC - CMS/select_--Select--Schedule 1Inj'  using regular expression

2018-05-05 10:55:00 - [MESSAGE][PASSED] - All options with value '4' are selected in object 'Object Repository/Schedule4/Page_KDMC - CMS/select_--Select--Schedule 1Inj'  using regular expression

2018-05-05 10:55:00 - [TEST_STEP][PASSED] - selectOptionByIndex: All options with index in [15] are selected on object 'Object Repository/Schedule4/Page_KDMC - CMS/select_--Select--Automatic x-r'

2018-05-05 10:55:00 - [MESSAGE][PASSED] - All options with index in [15] are selected on object 'Object Repository/Schedule4/Page_KDMC - CMS/select_--Select--Automatic x-r'

2018-05-05 10:55:00 - [TEST_STEP][PASSED] - setText: Text '5000' is set on object 'Object Repository/Schedule4/Page_KDMC - CMS/input_txttreat'

2018-05-05 10:55:00 - [MESSAGE][PASSED] - Text '5000' is set on object 'Object Repository/Schedule4/Page_KDMC - CMS/input_txttreat'

2018-05-05 10:55:00 - [TEST_STEP][PASSED] - click: Object: 'Object Repository/Schedule4/Page_KDMC - CMS/button_Add' is clicked on

2018-05-05 10:55:00 - [MESSAGE][PASSED] - Object: 'Object Repository/Schedule4/Page_KDMC - CMS/button_Add' is clicked on

2018-05-05 10:55:00 - [TEST_STEP][PASSED] - scrollToElement: Scroll to object 'Object Repository/Schedule4/Page_KDMC - CMS/input_btnsave' successfully

2018-05-05 10:55:00 - [MESSAGE][PASSED] - Scroll to object 'Object Repository/Schedule4/Page_KDMC - CMS/input_btnsave' successfully

2018-05-05 10:55:00 - [TEST_STEP][PASSED] - click: Object: 'Object Repository/Schedule4/Page_KDMC - CMS/input_btnsave' is clicked on

2018-05-05 10:55:00 - [MESSAGE][PASSED] - Object: 'Object Repository/Schedule4/Page_KDMC - CMS/input_btnsave' is clicked on

2018-05-05 10:55:00 - [TEST_STEP][PASSED] - delay: Delayed 3 second(s)

2018-05-05 10:55:03 - [MESSAGE][PASSED] - Delayed 3 second(s)

2018-05-05 10:55:03 - [TEST_STEP][PASSED] - click: Object: 'Object Repository/Schedule4/Page_KDMC - CMS/button_OK' is clicked on

2018-05-05 10:55:04 - [MESSAGE][PASSED] - Object: 'Object Repository/Schedule4/Page_KDMC - CMS/button_OK' is clicked on

2018-05-05 10:55:04 - [TEST_STEP][PASSED] - delay: Delayed 3 second(s)

2018-05-05 10:55:07 - [MESSAGE][PASSED] - Delayed 3 second(s)

2018-05-05 10:55:07 - [TEST_STEP][PASSED] - click: Object: 'Object Repository/Schedule4/Page_KDMC - CMS/a_dropdown-toggle' is clicked on

2018-05-05 10:55:08 - [MESSAGE][PASSED] - Object: 'Object Repository/Schedule4/Page_KDMC - CMS/a_dropdown-toggle' is clicked on

2018-05-05 10:55:08 - [TEST_STEP][PASSED] - delay: Delayed 3 second(s)

2018-05-05 10:55:11 - [MESSAGE][PASSED] - Delayed 3 second(s)

2018-05-05 10:55:11 - [TEST_STEP][PASSED] - click: Object: 'Object Repository/Schedule4/Page_KDMC - CMS/a_Sign out' is clicked on

2018-05-05 10:55:11 - [MESSAGE][PASSED] - Object: 'Object Repository/Schedule4/Page_KDMC - CMS/a_Sign out' is clicked on

2018-05-05 10:55:11 - [TEST_STEP][PASSED] - closeBrowser: Browser is closed

2018-05-05 10:55:12 - [MESSAGE][PASSED] - Browser is closed]]></system-out>
         <system-err><![CDATA[]]></system-err>
      </testcase>
      <testcase name="Test Cases/MOHTOCMSREQUEST/MohRequestSchedule5" classname="Test Cases/MOHTOCMSREQUEST/MohRequestSchedule5" status="PASSED">
         <system-out><![CDATA[2018-05-05 10:55:12 - [TEST_CASE][PASSED] - Test Cases/MOHTOCMSREQUEST/MohRequestSchedule5: Test Cases/MOHTOCMSREQUEST/MohRequestSchedule5

2018-05-05 10:55:12 - [TEST_STEP][PASSED] - openBrowser: Browser is opened with url: ''

2018-05-05 10:55:14 - [MESSAGE][PASSED] - Browser is opened with url: ''

2018-05-05 10:55:14 - [TEST_STEP][PASSED] - navigateToUrl: Navigate to 'http://192.168.137.1/multihospital_new/' successfully

2018-05-05 10:55:17 - [MESSAGE][PASSED] - Navigate to 'http://192.168.137.1/multihospital_new/' successfully

2018-05-05 10:55:17 - [TEST_STEP][PASSED] - maximizeWindow: Current window maximized

2018-05-05 10:55:18 - [MESSAGE][PASSED] - Current window maximized

2018-05-05 10:55:18 - [TEST_STEP][PASSED] - click: Object: 'Object Repository/Schedule5/Page_KDMC/a_CMS' is clicked on

2018-05-05 10:55:19 - [MESSAGE][PASSED] - Object: 'Object Repository/Schedule5/Page_KDMC/a_CMS' is clicked on

2018-05-05 10:55:19 - [TEST_STEP][PASSED] - setText: Text 'bala' is set on object 'Object Repository/Schedule5/Page_CMS login/input_txtusername'

2018-05-05 10:55:19 - [MESSAGE][PASSED] - Text 'bala' is set on object 'Object Repository/Schedule5/Page_CMS login/input_txtusername'

2018-05-05 10:55:19 - [TEST_STEP][PASSED] - setText: Text '123' is set on object 'Object Repository/Schedule5/Page_CMS login/input_txtpassword'

2018-05-05 10:55:19 - [MESSAGE][PASSED] - Text '123' is set on object 'Object Repository/Schedule5/Page_CMS login/input_txtpassword'

2018-05-05 10:55:19 - [TEST_STEP][PASSED] - delay: Delayed 4 second(s)

2018-05-05 10:55:23 - [MESSAGE][PASSED] - Delayed 4 second(s)

2018-05-05 10:55:23 - [TEST_STEP][PASSED] - click: Object: 'Object Repository/Schedule5/Page_CMS login/button_Sign in' is clicked on

2018-05-05 10:55:24 - [MESSAGE][PASSED] - Object: 'Object Repository/Schedule5/Page_CMS login/button_Sign in' is clicked on

2018-05-05 10:55:24 - [TEST_STEP][PASSED] - click: Object: 'Object Repository/Schedule5/Page_KDMC - CMS/a_Request to MOH' is clicked on

2018-05-05 10:55:25 - [MESSAGE][PASSED] - Object: 'Object Repository/Schedule5/Page_KDMC - CMS/a_Request to MOH' is clicked on

2018-05-05 10:55:25 - [TEST_STEP][PASSED] - selectOptionByIndex: All options with index in [1] are selected on object 'Object Repository/Schedule5/Page_KDMC - CMS/select_--Select--'

2018-05-05 10:55:25 - [MESSAGE][PASSED] - All options with index in [1] are selected on object 'Object Repository/Schedule5/Page_KDMC - CMS/select_--Select--'

2018-05-05 10:55:25 - [TEST_STEP][PASSED] - selectOptionByIndex: All options with index in [5] are selected on object 'Object Repository/Schedule5/Page_KDMC - CMS/select_--Select--Schedule 1Inj'

2018-05-05 10:55:25 - [MESSAGE][PASSED] - All options with index in [5] are selected on object 'Object Repository/Schedule5/Page_KDMC - CMS/select_--Select--Schedule 1Inj'

2018-05-05 10:55:25 - [TEST_STEP][PASSED] - Statement - SelectOptions = com.kms.katalon.core.webui.keyword.WebUiBuiltInKeywords.getNumberOfTotalOption(com.kms.katalon.core.testobject.ObjectRepository.findTestObject(Schedule5/Page_KDMC - CMS/select_--Select--Schedule 1Inj)): 15 options of object 'Object Repository/Schedule5/Page_KDMC - CMS/select_--Select--Schedule 1Inj' counted

2018-05-05 10:55:25 - [MESSAGE][PASSED] - 15 options of object 'Object Repository/Schedule5/Page_KDMC - CMS/select_--Select--Schedule 1Inj' counted

2018-05-05 10:55:25 - [TEST_STEP][PASSED] - Statement - For ([q = 1, q < SelectOptions, (q++)]): Object: 'Object Repository/Schedule5/Page_KDMC - CMS/button_Add' is clicked on

2018-05-05 10:55:25 - [TEST_STEP][PASSED] - selectOptionByIndex: All options with index in [5] are selected on object 'Object Repository/Schedule5/Page_KDMC - CMS/select_--Select--Schedule 1Inj'

2018-05-05 10:55:25 - [MESSAGE][PASSED] - All options with index in [5] are selected on object 'Object Repository/Schedule5/Page_KDMC - CMS/select_--Select--Schedule 1Inj'

2018-05-05 10:55:25 - [TEST_STEP][PASSED] - selectOptionByIndex: All options with index in [1] are selected on object 'Object Repository/Schedule5/Page_KDMC - CMS/select_--Select--Alcohol Rub i'

2018-05-05 10:55:26 - [MESSAGE][PASSED] - All options with index in [1] are selected on object 'Object Repository/Schedule5/Page_KDMC - CMS/select_--Select--Alcohol Rub i'

2018-05-05 10:55:26 - [TEST_STEP][PASSED] - setText: Text '5000' is set on object 'Object Repository/Schedule5/Page_KDMC - CMS/input_txttreat'

2018-05-05 10:55:26 - [MESSAGE][PASSED] - Text '5000' is set on object 'Object Repository/Schedule5/Page_KDMC - CMS/input_txttreat'

2018-05-05 10:55:26 - [TEST_STEP][PASSED] - click: Object: 'Object Repository/Schedule5/Page_KDMC - CMS/button_Add' is clicked on

2018-05-05 10:55:26 - [MESSAGE][PASSED] - Object: 'Object Repository/Schedule5/Page_KDMC - CMS/button_Add' is clicked on

2018-05-05 10:55:26 - [TEST_STEP][PASSED] - selectOptionByIndex: All options with index in [5] are selected on object 'Object Repository/Schedule5/Page_KDMC - CMS/select_--Select--Schedule 1Inj'

2018-05-05 10:55:26 - [MESSAGE][PASSED] - All options with index in [5] are selected on object 'Object Repository/Schedule5/Page_KDMC - CMS/select_--Select--Schedule 1Inj'

2018-05-05 10:55:26 - [TEST_STEP][PASSED] - selectOptionByIndex: All options with index in [2] are selected on object 'Object Repository/Schedule5/Page_KDMC - CMS/select_--Select--Alcohol Rub i'

2018-05-05 10:55:27 - [MESSAGE][PASSED] - All options with index in [2] are selected on object 'Object Repository/Schedule5/Page_KDMC - CMS/select_--Select--Alcohol Rub i'

2018-05-05 10:55:27 - [TEST_STEP][PASSED] - setText: Text '5000' is set on object 'Object Repository/Schedule5/Page_KDMC - CMS/input_txttreat'

2018-05-05 10:55:27 - [MESSAGE][PASSED] - Text '5000' is set on object 'Object Repository/Schedule5/Page_KDMC - CMS/input_txttreat'

2018-05-05 10:55:27 - [TEST_STEP][PASSED] - click: Object: 'Object Repository/Schedule5/Page_KDMC - CMS/button_Add' is clicked on

2018-05-05 10:55:27 - [MESSAGE][PASSED] - Object: 'Object Repository/Schedule5/Page_KDMC - CMS/button_Add' is clicked on

2018-05-05 10:55:27 - [TEST_STEP][PASSED] - selectOptionByIndex: All options with index in [5] are selected on object 'Object Repository/Schedule5/Page_KDMC - CMS/select_--Select--Schedule 1Inj'

2018-05-05 10:55:27 - [MESSAGE][PASSED] - All options with index in [5] are selected on object 'Object Repository/Schedule5/Page_KDMC - CMS/select_--Select--Schedule 1Inj'

2018-05-05 10:55:27 - [TEST_STEP][PASSED] - selectOptionByIndex: All options with index in [3] are selected on object 'Object Repository/Schedule5/Page_KDMC - CMS/select_--Select--Alcohol Rub i'

2018-05-05 10:55:27 - [MESSAGE][PASSED] - All options with index in [3] are selected on object 'Object Repository/Schedule5/Page_KDMC - CMS/select_--Select--Alcohol Rub i'

2018-05-05 10:55:27 - [TEST_STEP][PASSED] - setText: Text '5000' is set on object 'Object Repository/Schedule5/Page_KDMC - CMS/input_txttreat'

2018-05-05 10:55:27 - [MESSAGE][PASSED] - Text '5000' is set on object 'Object Repository/Schedule5/Page_KDMC - CMS/input_txttreat'

2018-05-05 10:55:27 - [TEST_STEP][PASSED] - click: Object: 'Object Repository/Schedule5/Page_KDMC - CMS/button_Add' is clicked on

2018-05-05 10:55:27 - [MESSAGE][PASSED] - Object: 'Object Repository/Schedule5/Page_KDMC - CMS/button_Add' is clicked on

2018-05-05 10:55:27 - [TEST_STEP][PASSED] - selectOptionByIndex: All options with index in [5] are selected on object 'Object Repository/Schedule5/Page_KDMC - CMS/select_--Select--Schedule 1Inj'

2018-05-05 10:55:27 - [MESSAGE][PASSED] - All options with index in [5] are selected on object 'Object Repository/Schedule5/Page_KDMC - CMS/select_--Select--Schedule 1Inj'

2018-05-05 10:55:27 - [TEST_STEP][PASSED] - selectOptionByIndex: All options with index in [4] are selected on object 'Object Repository/Schedule5/Page_KDMC - CMS/select_--Select--Alcohol Rub i'

2018-05-05 10:55:28 - [MESSAGE][PASSED] - All options with index in [4] are selected on object 'Object Repository/Schedule5/Page_KDMC - CMS/select_--Select--Alcohol Rub i'

2018-05-05 10:55:28 - [TEST_STEP][PASSED] - setText: Text '5000' is set on object 'Object Repository/Schedule5/Page_KDMC - CMS/input_txttreat'

2018-05-05 10:55:28 - [MESSAGE][PASSED] - Text '5000' is set on object 'Object Repository/Schedule5/Page_KDMC - CMS/input_txttreat'

2018-05-05 10:55:28 - [TEST_STEP][PASSED] - click: Object: 'Object Repository/Schedule5/Page_KDMC - CMS/button_Add' is clicked on

2018-05-05 10:55:28 - [MESSAGE][PASSED] - Object: 'Object Repository/Schedule5/Page_KDMC - CMS/button_Add' is clicked on

2018-05-05 10:55:28 - [TEST_STEP][PASSED] - selectOptionByIndex: All options with index in [5] are selected on object 'Object Repository/Schedule5/Page_KDMC - CMS/select_--Select--Schedule 1Inj'

2018-05-05 10:55:28 - [MESSAGE][PASSED] - All options with index in [5] are selected on object 'Object Repository/Schedule5/Page_KDMC - CMS/select_--Select--Schedule 1Inj'

2018-05-05 10:55:28 - [TEST_STEP][PASSED] - selectOptionByIndex: All options with index in [5] are selected on object 'Object Repository/Schedule5/Page_KDMC - CMS/select_--Select--Alcohol Rub i'

2018-05-05 10:55:28 - [MESSAGE][PASSED] - All options with index in [5] are selected on object 'Object Repository/Schedule5/Page_KDMC - CMS/select_--Select--Alcohol Rub i'

2018-05-05 10:55:28 - [TEST_STEP][PASSED] - setText: Text '5000' is set on object 'Object Repository/Schedule5/Page_KDMC - CMS/input_txttreat'

2018-05-05 10:55:28 - [MESSAGE][PASSED] - Text '5000' is set on object 'Object Repository/Schedule5/Page_KDMC - CMS/input_txttreat'

2018-05-05 10:55:28 - [TEST_STEP][PASSED] - click: Object: 'Object Repository/Schedule5/Page_KDMC - CMS/button_Add' is clicked on

2018-05-05 10:55:28 - [MESSAGE][PASSED] - Object: 'Object Repository/Schedule5/Page_KDMC - CMS/button_Add' is clicked on

2018-05-05 10:55:28 - [TEST_STEP][PASSED] - selectOptionByIndex: All options with index in [5] are selected on object 'Object Repository/Schedule5/Page_KDMC - CMS/select_--Select--Schedule 1Inj'

2018-05-05 10:55:28 - [MESSAGE][PASSED] - All options with index in [5] are selected on object 'Object Repository/Schedule5/Page_KDMC - CMS/select_--Select--Schedule 1Inj'

2018-05-05 10:55:28 - [TEST_STEP][PASSED] - selectOptionByIndex: All options with index in [6] are selected on object 'Object Repository/Schedule5/Page_KDMC - CMS/select_--Select--Alcohol Rub i'

2018-05-05 10:55:29 - [MESSAGE][PASSED] - All options with index in [6] are selected on object 'Object Repository/Schedule5/Page_KDMC - CMS/select_--Select--Alcohol Rub i'

2018-05-05 10:55:29 - [TEST_STEP][PASSED] - setText: Text '5000' is set on object 'Object Repository/Schedule5/Page_KDMC - CMS/input_txttreat'

2018-05-05 10:55:29 - [MESSAGE][PASSED] - Text '5000' is set on object 'Object Repository/Schedule5/Page_KDMC - CMS/input_txttreat'

2018-05-05 10:55:29 - [TEST_STEP][PASSED] - click: Object: 'Object Repository/Schedule5/Page_KDMC - CMS/button_Add' is clicked on

2018-05-05 10:55:29 - [MESSAGE][PASSED] - Object: 'Object Repository/Schedule5/Page_KDMC - CMS/button_Add' is clicked on

2018-05-05 10:55:29 - [TEST_STEP][PASSED] - selectOptionByIndex: All options with index in [5] are selected on object 'Object Repository/Schedule5/Page_KDMC - CMS/select_--Select--Schedule 1Inj'

2018-05-05 10:55:29 - [MESSAGE][PASSED] - All options with index in [5] are selected on object 'Object Repository/Schedule5/Page_KDMC - CMS/select_--Select--Schedule 1Inj'

2018-05-05 10:55:29 - [TEST_STEP][PASSED] - selectOptionByIndex: All options with index in [7] are selected on object 'Object Repository/Schedule5/Page_KDMC - CMS/select_--Select--Alcohol Rub i'

2018-05-05 10:55:30 - [MESSAGE][PASSED] - All options with index in [7] are selected on object 'Object Repository/Schedule5/Page_KDMC - CMS/select_--Select--Alcohol Rub i'

2018-05-05 10:55:30 - [TEST_STEP][PASSED] - setText: Text '5000' is set on object 'Object Repository/Schedule5/Page_KDMC - CMS/input_txttreat'

2018-05-05 10:55:30 - [MESSAGE][PASSED] - Text '5000' is set on object 'Object Repository/Schedule5/Page_KDMC - CMS/input_txttreat'

2018-05-05 10:55:30 - [TEST_STEP][PASSED] - click: Object: 'Object Repository/Schedule5/Page_KDMC - CMS/button_Add' is clicked on

2018-05-05 10:55:30 - [MESSAGE][PASSED] - Object: 'Object Repository/Schedule5/Page_KDMC - CMS/button_Add' is clicked on

2018-05-05 10:55:30 - [TEST_STEP][PASSED] - selectOptionByIndex: All options with index in [5] are selected on object 'Object Repository/Schedule5/Page_KDMC - CMS/select_--Select--Schedule 1Inj'

2018-05-05 10:55:31 - [MESSAGE][PASSED] - All options with index in [5] are selected on object 'Object Repository/Schedule5/Page_KDMC - CMS/select_--Select--Schedule 1Inj'

2018-05-05 10:55:31 - [TEST_STEP][PASSED] - selectOptionByIndex: All options with index in [8] are selected on object 'Object Repository/Schedule5/Page_KDMC - CMS/select_--Select--Alcohol Rub i'

2018-05-05 10:55:31 - [MESSAGE][PASSED] - All options with index in [8] are selected on object 'Object Repository/Schedule5/Page_KDMC - CMS/select_--Select--Alcohol Rub i'

2018-05-05 10:55:31 - [TEST_STEP][PASSED] - setText: Text '5000' is set on object 'Object Repository/Schedule5/Page_KDMC - CMS/input_txttreat'

2018-05-05 10:55:31 - [MESSAGE][PASSED] - Text '5000' is set on object 'Object Repository/Schedule5/Page_KDMC - CMS/input_txttreat'

2018-05-05 10:55:31 - [TEST_STEP][PASSED] - click: Object: 'Object Repository/Schedule5/Page_KDMC - CMS/button_Add' is clicked on

2018-05-05 10:55:31 - [MESSAGE][PASSED] - Object: 'Object Repository/Schedule5/Page_KDMC - CMS/button_Add' is clicked on

2018-05-05 10:55:31 - [TEST_STEP][PASSED] - selectOptionByIndex: All options with index in [5] are selected on object 'Object Repository/Schedule5/Page_KDMC - CMS/select_--Select--Schedule 1Inj'

2018-05-05 10:55:32 - [MESSAGE][PASSED] - All options with index in [5] are selected on object 'Object Repository/Schedule5/Page_KDMC - CMS/select_--Select--Schedule 1Inj'

2018-05-05 10:55:32 - [TEST_STEP][PASSED] - selectOptionByIndex: All options with index in [9] are selected on object 'Object Repository/Schedule5/Page_KDMC - CMS/select_--Select--Alcohol Rub i'

2018-05-05 10:55:32 - [MESSAGE][PASSED] - All options with index in [9] are selected on object 'Object Repository/Schedule5/Page_KDMC - CMS/select_--Select--Alcohol Rub i'

2018-05-05 10:55:32 - [TEST_STEP][PASSED] - setText: Text '5000' is set on object 'Object Repository/Schedule5/Page_KDMC - CMS/input_txttreat'

2018-05-05 10:55:32 - [MESSAGE][PASSED] - Text '5000' is set on object 'Object Repository/Schedule5/Page_KDMC - CMS/input_txttreat'

2018-05-05 10:55:32 - [TEST_STEP][PASSED] - click: Object: 'Object Repository/Schedule5/Page_KDMC - CMS/button_Add' is clicked on

2018-05-05 10:55:32 - [MESSAGE][PASSED] - Object: 'Object Repository/Schedule5/Page_KDMC - CMS/button_Add' is clicked on

2018-05-05 10:55:32 - [TEST_STEP][PASSED] - selectOptionByIndex: All options with index in [5] are selected on object 'Object Repository/Schedule5/Page_KDMC - CMS/select_--Select--Schedule 1Inj'

2018-05-05 10:55:32 - [MESSAGE][PASSED] - All options with index in [5] are selected on object 'Object Repository/Schedule5/Page_KDMC - CMS/select_--Select--Schedule 1Inj'

2018-05-05 10:55:32 - [TEST_STEP][PASSED] - selectOptionByIndex: All options with index in [10] are selected on object 'Object Repository/Schedule5/Page_KDMC - CMS/select_--Select--Alcohol Rub i'

2018-05-05 10:55:32 - [MESSAGE][PASSED] - All options with index in [10] are selected on object 'Object Repository/Schedule5/Page_KDMC - CMS/select_--Select--Alcohol Rub i'

2018-05-05 10:55:32 - [TEST_STEP][PASSED] - setText: Text '5000' is set on object 'Object Repository/Schedule5/Page_KDMC - CMS/input_txttreat'

2018-05-05 10:55:32 - [MESSAGE][PASSED] - Text '5000' is set on object 'Object Repository/Schedule5/Page_KDMC - CMS/input_txttreat'

2018-05-05 10:55:32 - [TEST_STEP][PASSED] - click: Object: 'Object Repository/Schedule5/Page_KDMC - CMS/button_Add' is clicked on

2018-05-05 10:55:33 - [MESSAGE][PASSED] - Object: 'Object Repository/Schedule5/Page_KDMC - CMS/button_Add' is clicked on

2018-05-05 10:55:33 - [TEST_STEP][PASSED] - selectOptionByIndex: All options with index in [5] are selected on object 'Object Repository/Schedule5/Page_KDMC - CMS/select_--Select--Schedule 1Inj'

2018-05-05 10:55:33 - [MESSAGE][PASSED] - All options with index in [5] are selected on object 'Object Repository/Schedule5/Page_KDMC - CMS/select_--Select--Schedule 1Inj'

2018-05-05 10:55:33 - [TEST_STEP][PASSED] - selectOptionByIndex: All options with index in [11] are selected on object 'Object Repository/Schedule5/Page_KDMC - CMS/select_--Select--Alcohol Rub i'

2018-05-05 10:55:33 - [MESSAGE][PASSED] - All options with index in [11] are selected on object 'Object Repository/Schedule5/Page_KDMC - CMS/select_--Select--Alcohol Rub i'

2018-05-05 10:55:33 - [TEST_STEP][PASSED] - setText: Text '5000' is set on object 'Object Repository/Schedule5/Page_KDMC - CMS/input_txttreat'

2018-05-05 10:55:34 - [MESSAGE][PASSED] - Text '5000' is set on object 'Object Repository/Schedule5/Page_KDMC - CMS/input_txttreat'

2018-05-05 10:55:34 - [TEST_STEP][PASSED] - click: Object: 'Object Repository/Schedule5/Page_KDMC - CMS/button_Add' is clicked on

2018-05-05 10:55:34 - [MESSAGE][PASSED] - Object: 'Object Repository/Schedule5/Page_KDMC - CMS/button_Add' is clicked on

2018-05-05 10:55:34 - [TEST_STEP][PASSED] - selectOptionByIndex: All options with index in [5] are selected on object 'Object Repository/Schedule5/Page_KDMC - CMS/select_--Select--Schedule 1Inj'

2018-05-05 10:55:34 - [MESSAGE][PASSED] - All options with index in [5] are selected on object 'Object Repository/Schedule5/Page_KDMC - CMS/select_--Select--Schedule 1Inj'

2018-05-05 10:55:34 - [TEST_STEP][PASSED] - selectOptionByIndex: All options with index in [12] are selected on object 'Object Repository/Schedule5/Page_KDMC - CMS/select_--Select--Alcohol Rub i'

2018-05-05 10:55:35 - [MESSAGE][PASSED] - All options with index in [12] are selected on object 'Object Repository/Schedule5/Page_KDMC - CMS/select_--Select--Alcohol Rub i'

2018-05-05 10:55:35 - [TEST_STEP][PASSED] - setText: Text '5000' is set on object 'Object Repository/Schedule5/Page_KDMC - CMS/input_txttreat'

2018-05-05 10:55:35 - [MESSAGE][PASSED] - Text '5000' is set on object 'Object Repository/Schedule5/Page_KDMC - CMS/input_txttreat'

2018-05-05 10:55:35 - [TEST_STEP][PASSED] - click: Object: 'Object Repository/Schedule5/Page_KDMC - CMS/button_Add' is clicked on

2018-05-05 10:55:35 - [MESSAGE][PASSED] - Object: 'Object Repository/Schedule5/Page_KDMC - CMS/button_Add' is clicked on

2018-05-05 10:55:35 - [TEST_STEP][PASSED] - selectOptionByIndex: All options with index in [5] are selected on object 'Object Repository/Schedule5/Page_KDMC - CMS/select_--Select--Schedule 1Inj'

2018-05-05 10:55:35 - [MESSAGE][PASSED] - All options with index in [5] are selected on object 'Object Repository/Schedule5/Page_KDMC - CMS/select_--Select--Schedule 1Inj'

2018-05-05 10:55:35 - [TEST_STEP][PASSED] - selectOptionByIndex: All options with index in [13] are selected on object 'Object Repository/Schedule5/Page_KDMC - CMS/select_--Select--Alcohol Rub i'

2018-05-05 10:55:36 - [MESSAGE][PASSED] - All options with index in [13] are selected on object 'Object Repository/Schedule5/Page_KDMC - CMS/select_--Select--Alcohol Rub i'

2018-05-05 10:55:36 - [TEST_STEP][PASSED] - setText: Text '5000' is set on object 'Object Repository/Schedule5/Page_KDMC - CMS/input_txttreat'

2018-05-05 10:55:36 - [MESSAGE][PASSED] - Text '5000' is set on object 'Object Repository/Schedule5/Page_KDMC - CMS/input_txttreat'

2018-05-05 10:55:36 - [TEST_STEP][PASSED] - click: Object: 'Object Repository/Schedule5/Page_KDMC - CMS/button_Add' is clicked on

2018-05-05 10:55:36 - [MESSAGE][PASSED] - Object: 'Object Repository/Schedule5/Page_KDMC - CMS/button_Add' is clicked on

2018-05-05 10:55:36 - [TEST_STEP][PASSED] - selectOptionByIndex: All options with index in [5] are selected on object 'Object Repository/Schedule5/Page_KDMC - CMS/select_--Select--Schedule 1Inj'

2018-05-05 10:55:36 - [MESSAGE][PASSED] - All options with index in [5] are selected on object 'Object Repository/Schedule5/Page_KDMC - CMS/select_--Select--Schedule 1Inj'

2018-05-05 10:55:36 - [TEST_STEP][PASSED] - selectOptionByIndex: All options with index in [14] are selected on object 'Object Repository/Schedule5/Page_KDMC - CMS/select_--Select--Alcohol Rub i'

2018-05-05 10:55:37 - [MESSAGE][PASSED] - All options with index in [14] are selected on object 'Object Repository/Schedule5/Page_KDMC - CMS/select_--Select--Alcohol Rub i'

2018-05-05 10:55:37 - [TEST_STEP][PASSED] - setText: Text '5000' is set on object 'Object Repository/Schedule5/Page_KDMC - CMS/input_txttreat'

2018-05-05 10:55:37 - [MESSAGE][PASSED] - Text '5000' is set on object 'Object Repository/Schedule5/Page_KDMC - CMS/input_txttreat'

2018-05-05 10:55:37 - [TEST_STEP][PASSED] - click: Object: 'Object Repository/Schedule5/Page_KDMC - CMS/button_Add' is clicked on

2018-05-05 10:55:37 - [MESSAGE][PASSED] - Object: 'Object Repository/Schedule5/Page_KDMC - CMS/button_Add' is clicked on

2018-05-05 10:55:37 - [TEST_STEP][PASSED] - scrollToElement: Scroll to object 'Object Repository/Schedule5/Page_KDMC - CMS/input_btnsave' successfully

2018-05-05 10:55:37 - [MESSAGE][PASSED] - Scroll to object 'Object Repository/Schedule5/Page_KDMC - CMS/input_btnsave' successfully

2018-05-05 10:55:37 - [TEST_STEP][PASSED] - click: Object: 'Object Repository/Schedule5/Page_KDMC - CMS/input_btnsave' is clicked on

2018-05-05 10:55:37 - [MESSAGE][PASSED] - Object: 'Object Repository/Schedule5/Page_KDMC - CMS/input_btnsave' is clicked on

2018-05-05 10:55:37 - [TEST_STEP][PASSED] - delay: Delayed 3 second(s)

2018-05-05 10:55:40 - [MESSAGE][PASSED] - Delayed 3 second(s)

2018-05-05 10:55:40 - [TEST_STEP][PASSED] - click: Object: 'Object Repository/Schedule5/Page_KDMC - CMS/button_OK' is clicked on

2018-05-05 10:55:41 - [MESSAGE][PASSED] - Object: 'Object Repository/Schedule5/Page_KDMC - CMS/button_OK' is clicked on

2018-05-05 10:55:41 - [TEST_STEP][PASSED] - delay: Delayed 3 second(s)

2018-05-05 10:55:44 - [MESSAGE][PASSED] - Delayed 3 second(s)

2018-05-05 10:55:44 - [TEST_STEP][PASSED] - click: Object: 'Object Repository/Schedule5/Page_KDMC - CMS/a_dropdown-toggle' is clicked on

2018-05-05 10:55:44 - [MESSAGE][PASSED] - Object: 'Object Repository/Schedule5/Page_KDMC - CMS/a_dropdown-toggle' is clicked on

2018-05-05 10:55:44 - [TEST_STEP][PASSED] - delay: Delayed 3 second(s)

2018-05-05 10:55:47 - [MESSAGE][PASSED] - Delayed 3 second(s)

2018-05-05 10:55:47 - [TEST_STEP][PASSED] - click: Object: 'Object Repository/Schedule5/Page_KDMC - CMS/a_Sign out' is clicked on

2018-05-05 10:55:47 - [MESSAGE][PASSED] - Object: 'Object Repository/Schedule5/Page_KDMC - CMS/a_Sign out' is clicked on

2018-05-05 10:55:47 - [TEST_STEP][PASSED] - closeBrowser: Browser is closed

2018-05-05 10:55:48 - [MESSAGE][PASSED] - Browser is closed]]></system-out>
         <system-err><![CDATA[]]></system-err>
      </testcase>
      <testcase name="Test Cases/MOHTOCMSREQUEST/MohRequestSchedule6" classname="Test Cases/MOHTOCMSREQUEST/MohRequestSchedule6" status="PASSED">
         <system-out><![CDATA[2018-05-05 10:55:48 - [TEST_CASE][PASSED] - Test Cases/MOHTOCMSREQUEST/MohRequestSchedule6: Test Cases/MOHTOCMSREQUEST/MohRequestSchedule6

2018-05-05 10:55:48 - [TEST_STEP][PASSED] - openBrowser: Browser is opened with url: ''

2018-05-05 10:55:50 - [MESSAGE][PASSED] - Browser is opened with url: ''

2018-05-05 10:55:50 - [TEST_STEP][PASSED] - navigateToUrl: Navigate to 'http://192.168.137.1/multihospital_new/' successfully

2018-05-05 10:55:52 - [MESSAGE][PASSED] - Navigate to 'http://192.168.137.1/multihospital_new/' successfully

2018-05-05 10:55:52 - [TEST_STEP][PASSED] - maximizeWindow: Current window maximized

2018-05-05 10:55:53 - [MESSAGE][PASSED] - Current window maximized

2018-05-05 10:55:53 - [TEST_STEP][PASSED] - click: Object: 'Object Repository/Schedule6/Page_KDMC/a_CMS' is clicked on

2018-05-05 10:55:54 - [MESSAGE][PASSED] - Object: 'Object Repository/Schedule6/Page_KDMC/a_CMS' is clicked on

2018-05-05 10:55:54 - [TEST_STEP][PASSED] - setText: Text 'bala' is set on object 'Object Repository/Schedule6/Page_CMS login/input_txtusername'

2018-05-05 10:55:54 - [MESSAGE][PASSED] - Text 'bala' is set on object 'Object Repository/Schedule6/Page_CMS login/input_txtusername'

2018-05-05 10:55:54 - [TEST_STEP][PASSED] - setText: Text '123' is set on object 'Object Repository/Schedule6/Page_CMS login/input_txtpassword'

2018-05-05 10:55:54 - [MESSAGE][PASSED] - Text '123' is set on object 'Object Repository/Schedule6/Page_CMS login/input_txtpassword'

2018-05-05 10:55:54 - [TEST_STEP][PASSED] - delay: Delayed 3 second(s)

2018-05-05 10:55:57 - [MESSAGE][PASSED] - Delayed 3 second(s)

2018-05-05 10:55:57 - [TEST_STEP][PASSED] - click: Object: 'Object Repository/Schedule6/Page_CMS login/button_Sign in' is clicked on

2018-05-05 10:55:58 - [MESSAGE][PASSED] - Object: 'Object Repository/Schedule6/Page_CMS login/button_Sign in' is clicked on

2018-05-05 10:55:58 - [TEST_STEP][PASSED] - click: Object: 'Object Repository/Schedule6/Page_KDMC - CMS/a_Request to MOH' is clicked on

2018-05-05 10:55:59 - [MESSAGE][PASSED] - Object: 'Object Repository/Schedule6/Page_KDMC - CMS/a_Request to MOH' is clicked on

2018-05-05 10:55:59 - [TEST_STEP][PASSED] - selectOptionByValue: All options with value 'Quarterly' are selected in object 'Object Repository/Schedule6/Page_KDMC - CMS/select_--Select--'  using regular expression

2018-05-05 10:55:59 - [MESSAGE][PASSED] - All options with value 'Quarterly' are selected in object 'Object Repository/Schedule6/Page_KDMC - CMS/select_--Select--'  using regular expression

2018-05-05 10:55:59 - [TEST_STEP][PASSED] - selectOptionByValue: All options with value '6' are selected in object 'Object Repository/Schedule6/Page_KDMC - CMS/select_--Select--Schedule 1Inj'  using regular expression

2018-05-05 10:55:59 - [MESSAGE][PASSED] - All options with value '6' are selected in object 'Object Repository/Schedule6/Page_KDMC - CMS/select_--Select--Schedule 1Inj'  using regular expression

2018-05-05 10:55:59 - [TEST_STEP][PASSED] - Statement - SelectedOptions = com.kms.katalon.core.webui.keyword.WebUiBuiltInKeywords.getNumberOfTotalOption(com.kms.katalon.core.testobject.ObjectRepository.findTestObject(Schedule6/Page_KDMC - CMS/select_--Select--Albumin kit ()): 14 options of object 'Object Repository/Schedule6/Page_KDMC - CMS/select_--Select--Albumin kit (' counted

2018-05-05 10:55:59 - [MESSAGE][PASSED] - 14 options of object 'Object Repository/Schedule6/Page_KDMC - CMS/select_--Select--Albumin kit (' counted

2018-05-05 10:55:59 - [TEST_STEP][PASSED] - Statement - For ([w = 1, w < SelectedOptions, (w++)]): Object: 'Object Repository/Schedule6/Page_KDMC - CMS/button_Add' is clicked on

2018-05-05 10:55:59 - [TEST_STEP][PASSED] - selectOptionByValue: All options with value '6' are selected in object 'Object Repository/Schedule6/Page_KDMC - CMS/select_--Select--Schedule 1Inj'  using regular expression

2018-05-05 10:56:00 - [MESSAGE][PASSED] - All options with value '6' are selected in object 'Object Repository/Schedule6/Page_KDMC - CMS/select_--Select--Schedule 1Inj'  using regular expression

2018-05-05 10:56:00 - [TEST_STEP][PASSED] - selectOptionByIndex: All options with index in [1] are selected on object 'Object Repository/Schedule6/Page_KDMC - CMS/select_--Select--Albumin kit ('

2018-05-05 10:56:00 - [MESSAGE][PASSED] - All options with index in [1] are selected on object 'Object Repository/Schedule6/Page_KDMC - CMS/select_--Select--Albumin kit ('

2018-05-05 10:56:00 - [TEST_STEP][PASSED] - setText: Text '100' is set on object 'Object Repository/Schedule6/Page_KDMC - CMS/input_txttreat'

2018-05-05 10:56:00 - [MESSAGE][PASSED] - Text '100' is set on object 'Object Repository/Schedule6/Page_KDMC - CMS/input_txttreat'

2018-05-05 10:56:00 - [TEST_STEP][PASSED] - click: Object: 'Object Repository/Schedule6/Page_KDMC - CMS/button_Add' is clicked on

2018-05-05 10:56:00 - [MESSAGE][PASSED] - Object: 'Object Repository/Schedule6/Page_KDMC - CMS/button_Add' is clicked on

2018-05-05 10:56:00 - [TEST_STEP][PASSED] - selectOptionByValue: All options with value '6' are selected in object 'Object Repository/Schedule6/Page_KDMC - CMS/select_--Select--Schedule 1Inj'  using regular expression

2018-05-05 10:56:00 - [MESSAGE][PASSED] - All options with value '6' are selected in object 'Object Repository/Schedule6/Page_KDMC - CMS/select_--Select--Schedule 1Inj'  using regular expression

2018-05-05 10:56:00 - [TEST_STEP][PASSED] - selectOptionByIndex: All options with index in [2] are selected on object 'Object Repository/Schedule6/Page_KDMC - CMS/select_--Select--Albumin kit ('

2018-05-05 10:56:01 - [MESSAGE][PASSED] - All options with index in [2] are selected on object 'Object Repository/Schedule6/Page_KDMC - CMS/select_--Select--Albumin kit ('

2018-05-05 10:56:01 - [TEST_STEP][PASSED] - setText: Text '100' is set on object 'Object Repository/Schedule6/Page_KDMC - CMS/input_txttreat'

2018-05-05 10:56:01 - [MESSAGE][PASSED] - Text '100' is set on object 'Object Repository/Schedule6/Page_KDMC - CMS/input_txttreat'

2018-05-05 10:56:01 - [TEST_STEP][PASSED] - click: Object: 'Object Repository/Schedule6/Page_KDMC - CMS/button_Add' is clicked on

2018-05-05 10:56:01 - [MESSAGE][PASSED] - Object: 'Object Repository/Schedule6/Page_KDMC - CMS/button_Add' is clicked on

2018-05-05 10:56:01 - [TEST_STEP][PASSED] - selectOptionByValue: All options with value '6' are selected in object 'Object Repository/Schedule6/Page_KDMC - CMS/select_--Select--Schedule 1Inj'  using regular expression

2018-05-05 10:56:01 - [MESSAGE][PASSED] - All options with value '6' are selected in object 'Object Repository/Schedule6/Page_KDMC - CMS/select_--Select--Schedule 1Inj'  using regular expression

2018-05-05 10:56:01 - [TEST_STEP][PASSED] - selectOptionByIndex: All options with index in [3] are selected on object 'Object Repository/Schedule6/Page_KDMC - CMS/select_--Select--Albumin kit ('

2018-05-05 10:56:01 - [MESSAGE][PASSED] - All options with index in [3] are selected on object 'Object Repository/Schedule6/Page_KDMC - CMS/select_--Select--Albumin kit ('

2018-05-05 10:56:01 - [TEST_STEP][PASSED] - setText: Text '100' is set on object 'Object Repository/Schedule6/Page_KDMC - CMS/input_txttreat'

2018-05-05 10:56:01 - [MESSAGE][PASSED] - Text '100' is set on object 'Object Repository/Schedule6/Page_KDMC - CMS/input_txttreat'

2018-05-05 10:56:01 - [TEST_STEP][PASSED] - click: Object: 'Object Repository/Schedule6/Page_KDMC - CMS/button_Add' is clicked on

2018-05-05 10:56:01 - [MESSAGE][PASSED] - Object: 'Object Repository/Schedule6/Page_KDMC - CMS/button_Add' is clicked on

2018-05-05 10:56:01 - [TEST_STEP][PASSED] - selectOptionByValue: All options with value '6' are selected in object 'Object Repository/Schedule6/Page_KDMC - CMS/select_--Select--Schedule 1Inj'  using regular expression

2018-05-05 10:56:02 - [MESSAGE][PASSED] - All options with value '6' are selected in object 'Object Repository/Schedule6/Page_KDMC - CMS/select_--Select--Schedule 1Inj'  using regular expression

2018-05-05 10:56:02 - [TEST_STEP][PASSED] - selectOptionByIndex: All options with index in [4] are selected on object 'Object Repository/Schedule6/Page_KDMC - CMS/select_--Select--Albumin kit ('

2018-05-05 10:56:02 - [MESSAGE][PASSED] - All options with index in [4] are selected on object 'Object Repository/Schedule6/Page_KDMC - CMS/select_--Select--Albumin kit ('

2018-05-05 10:56:02 - [TEST_STEP][PASSED] - setText: Text '100' is set on object 'Object Repository/Schedule6/Page_KDMC - CMS/input_txttreat'

2018-05-05 10:56:02 - [MESSAGE][PASSED] - Text '100' is set on object 'Object Repository/Schedule6/Page_KDMC - CMS/input_txttreat'

2018-05-05 10:56:02 - [TEST_STEP][PASSED] - click: Object: 'Object Repository/Schedule6/Page_KDMC - CMS/button_Add' is clicked on

2018-05-05 10:56:02 - [MESSAGE][PASSED] - Object: 'Object Repository/Schedule6/Page_KDMC - CMS/button_Add' is clicked on

2018-05-05 10:56:02 - [TEST_STEP][PASSED] - selectOptionByValue: All options with value '6' are selected in object 'Object Repository/Schedule6/Page_KDMC - CMS/select_--Select--Schedule 1Inj'  using regular expression

2018-05-05 10:56:02 - [MESSAGE][PASSED] - All options with value '6' are selected in object 'Object Repository/Schedule6/Page_KDMC - CMS/select_--Select--Schedule 1Inj'  using regular expression

2018-05-05 10:56:02 - [TEST_STEP][PASSED] - selectOptionByIndex: All options with index in [5] are selected on object 'Object Repository/Schedule6/Page_KDMC - CMS/select_--Select--Albumin kit ('

2018-05-05 10:56:02 - [MESSAGE][PASSED] - All options with index in [5] are selected on object 'Object Repository/Schedule6/Page_KDMC - CMS/select_--Select--Albumin kit ('

2018-05-05 10:56:02 - [TEST_STEP][PASSED] - setText: Text '100' is set on object 'Object Repository/Schedule6/Page_KDMC - CMS/input_txttreat'

2018-05-05 10:56:03 - [MESSAGE][PASSED] - Text '100' is set on object 'Object Repository/Schedule6/Page_KDMC - CMS/input_txttreat'

2018-05-05 10:56:03 - [TEST_STEP][PASSED] - click: Object: 'Object Repository/Schedule6/Page_KDMC - CMS/button_Add' is clicked on

2018-05-05 10:56:03 - [MESSAGE][PASSED] - Object: 'Object Repository/Schedule6/Page_KDMC - CMS/button_Add' is clicked on

2018-05-05 10:56:03 - [TEST_STEP][PASSED] - selectOptionByValue: All options with value '6' are selected in object 'Object Repository/Schedule6/Page_KDMC - CMS/select_--Select--Schedule 1Inj'  using regular expression

2018-05-05 10:56:03 - [MESSAGE][PASSED] - All options with value '6' are selected in object 'Object Repository/Schedule6/Page_KDMC - CMS/select_--Select--Schedule 1Inj'  using regular expression

2018-05-05 10:56:03 - [TEST_STEP][PASSED] - selectOptionByIndex: All options with index in [6] are selected on object 'Object Repository/Schedule6/Page_KDMC - CMS/select_--Select--Albumin kit ('

2018-05-05 10:56:03 - [MESSAGE][PASSED] - All options with index in [6] are selected on object 'Object Repository/Schedule6/Page_KDMC - CMS/select_--Select--Albumin kit ('

2018-05-05 10:56:03 - [TEST_STEP][PASSED] - setText: Text '100' is set on object 'Object Repository/Schedule6/Page_KDMC - CMS/input_txttreat'

2018-05-05 10:56:03 - [MESSAGE][PASSED] - Text '100' is set on object 'Object Repository/Schedule6/Page_KDMC - CMS/input_txttreat'

2018-05-05 10:56:03 - [TEST_STEP][PASSED] - click: Object: 'Object Repository/Schedule6/Page_KDMC - CMS/button_Add' is clicked on

2018-05-05 10:56:03 - [MESSAGE][PASSED] - Object: 'Object Repository/Schedule6/Page_KDMC - CMS/button_Add' is clicked on

2018-05-05 10:56:03 - [TEST_STEP][PASSED] - selectOptionByValue: All options with value '6' are selected in object 'Object Repository/Schedule6/Page_KDMC - CMS/select_--Select--Schedule 1Inj'  using regular expression

2018-05-05 10:56:04 - [MESSAGE][PASSED] - All options with value '6' are selected in object 'Object Repository/Schedule6/Page_KDMC - CMS/select_--Select--Schedule 1Inj'  using regular expression

2018-05-05 10:56:04 - [TEST_STEP][PASSED] - selectOptionByIndex: All options with index in [7] are selected on object 'Object Repository/Schedule6/Page_KDMC - CMS/select_--Select--Albumin kit ('

2018-05-05 10:56:04 - [MESSAGE][PASSED] - All options with index in [7] are selected on object 'Object Repository/Schedule6/Page_KDMC - CMS/select_--Select--Albumin kit ('

2018-05-05 10:56:04 - [TEST_STEP][PASSED] - setText: Text '100' is set on object 'Object Repository/Schedule6/Page_KDMC - CMS/input_txttreat'

2018-05-05 10:56:04 - [MESSAGE][PASSED] - Text '100' is set on object 'Object Repository/Schedule6/Page_KDMC - CMS/input_txttreat'

2018-05-05 10:56:04 - [TEST_STEP][PASSED] - click: Object: 'Object Repository/Schedule6/Page_KDMC - CMS/button_Add' is clicked on

2018-05-05 10:56:04 - [MESSAGE][PASSED] - Object: 'Object Repository/Schedule6/Page_KDMC - CMS/button_Add' is clicked on

2018-05-05 10:56:04 - [TEST_STEP][PASSED] - selectOptionByValue: All options with value '6' are selected in object 'Object Repository/Schedule6/Page_KDMC - CMS/select_--Select--Schedule 1Inj'  using regular expression

2018-05-05 10:56:04 - [MESSAGE][PASSED] - All options with value '6' are selected in object 'Object Repository/Schedule6/Page_KDMC - CMS/select_--Select--Schedule 1Inj'  using regular expression

2018-05-05 10:56:04 - [TEST_STEP][PASSED] - selectOptionByIndex: All options with index in [8] are selected on object 'Object Repository/Schedule6/Page_KDMC - CMS/select_--Select--Albumin kit ('

2018-05-05 10:56:04 - [MESSAGE][PASSED] - All options with index in [8] are selected on object 'Object Repository/Schedule6/Page_KDMC - CMS/select_--Select--Albumin kit ('

2018-05-05 10:56:04 - [TEST_STEP][PASSED] - setText: Text '100' is set on object 'Object Repository/Schedule6/Page_KDMC - CMS/input_txttreat'

2018-05-05 10:56:04 - [MESSAGE][PASSED] - Text '100' is set on object 'Object Repository/Schedule6/Page_KDMC - CMS/input_txttreat'

2018-05-05 10:56:04 - [TEST_STEP][PASSED] - click: Object: 'Object Repository/Schedule6/Page_KDMC - CMS/button_Add' is clicked on

2018-05-05 10:56:05 - [MESSAGE][PASSED] - Object: 'Object Repository/Schedule6/Page_KDMC - CMS/button_Add' is clicked on

2018-05-05 10:56:05 - [TEST_STEP][PASSED] - selectOptionByValue: All options with value '6' are selected in object 'Object Repository/Schedule6/Page_KDMC - CMS/select_--Select--Schedule 1Inj'  using regular expression

2018-05-05 10:56:05 - [MESSAGE][PASSED] - All options with value '6' are selected in object 'Object Repository/Schedule6/Page_KDMC - CMS/select_--Select--Schedule 1Inj'  using regular expression

2018-05-05 10:56:05 - [TEST_STEP][PASSED] - selectOptionByIndex: All options with index in [9] are selected on object 'Object Repository/Schedule6/Page_KDMC - CMS/select_--Select--Albumin kit ('

2018-05-05 10:56:05 - [MESSAGE][PASSED] - All options with index in [9] are selected on object 'Object Repository/Schedule6/Page_KDMC - CMS/select_--Select--Albumin kit ('

2018-05-05 10:56:05 - [TEST_STEP][PASSED] - setText: Text '100' is set on object 'Object Repository/Schedule6/Page_KDMC - CMS/input_txttreat'

2018-05-05 10:56:05 - [MESSAGE][PASSED] - Text '100' is set on object 'Object Repository/Schedule6/Page_KDMC - CMS/input_txttreat'

2018-05-05 10:56:05 - [TEST_STEP][PASSED] - click: Object: 'Object Repository/Schedule6/Page_KDMC - CMS/button_Add' is clicked on

2018-05-05 10:56:05 - [MESSAGE][PASSED] - Object: 'Object Repository/Schedule6/Page_KDMC - CMS/button_Add' is clicked on

2018-05-05 10:56:05 - [TEST_STEP][PASSED] - selectOptionByValue: All options with value '6' are selected in object 'Object Repository/Schedule6/Page_KDMC - CMS/select_--Select--Schedule 1Inj'  using regular expression

2018-05-05 10:56:06 - [MESSAGE][PASSED] - All options with value '6' are selected in object 'Object Repository/Schedule6/Page_KDMC - CMS/select_--Select--Schedule 1Inj'  using regular expression

2018-05-05 10:56:06 - [TEST_STEP][PASSED] - selectOptionByIndex: All options with index in [10] are selected on object 'Object Repository/Schedule6/Page_KDMC - CMS/select_--Select--Albumin kit ('

2018-05-05 10:56:06 - [MESSAGE][PASSED] - All options with index in [10] are selected on object 'Object Repository/Schedule6/Page_KDMC - CMS/select_--Select--Albumin kit ('

2018-05-05 10:56:06 - [TEST_STEP][PASSED] - setText: Text '100' is set on object 'Object Repository/Schedule6/Page_KDMC - CMS/input_txttreat'

2018-05-05 10:56:06 - [MESSAGE][PASSED] - Text '100' is set on object 'Object Repository/Schedule6/Page_KDMC - CMS/input_txttreat'

2018-05-05 10:56:06 - [TEST_STEP][PASSED] - click: Object: 'Object Repository/Schedule6/Page_KDMC - CMS/button_Add' is clicked on

2018-05-05 10:56:06 - [MESSAGE][PASSED] - Object: 'Object Repository/Schedule6/Page_KDMC - CMS/button_Add' is clicked on

2018-05-05 10:56:06 - [TEST_STEP][PASSED] - selectOptionByValue: All options with value '6' are selected in object 'Object Repository/Schedule6/Page_KDMC - CMS/select_--Select--Schedule 1Inj'  using regular expression

2018-05-05 10:56:06 - [MESSAGE][PASSED] - All options with value '6' are selected in object 'Object Repository/Schedule6/Page_KDMC - CMS/select_--Select--Schedule 1Inj'  using regular expression

2018-05-05 10:56:06 - [TEST_STEP][PASSED] - selectOptionByIndex: All options with index in [11] are selected on object 'Object Repository/Schedule6/Page_KDMC - CMS/select_--Select--Albumin kit ('

2018-05-05 10:56:06 - [MESSAGE][PASSED] - All options with index in [11] are selected on object 'Object Repository/Schedule6/Page_KDMC - CMS/select_--Select--Albumin kit ('

2018-05-05 10:56:06 - [TEST_STEP][PASSED] - setText: Text '100' is set on object 'Object Repository/Schedule6/Page_KDMC - CMS/input_txttreat'

2018-05-05 10:56:07 - [MESSAGE][PASSED] - Text '100' is set on object 'Object Repository/Schedule6/Page_KDMC - CMS/input_txttreat'

2018-05-05 10:56:07 - [TEST_STEP][PASSED] - click: Object: 'Object Repository/Schedule6/Page_KDMC - CMS/button_Add' is clicked on

2018-05-05 10:56:07 - [MESSAGE][PASSED] - Object: 'Object Repository/Schedule6/Page_KDMC - CMS/button_Add' is clicked on

2018-05-05 10:56:07 - [TEST_STEP][PASSED] - selectOptionByValue: All options with value '6' are selected in object 'Object Repository/Schedule6/Page_KDMC - CMS/select_--Select--Schedule 1Inj'  using regular expression

2018-05-05 10:56:07 - [MESSAGE][PASSED] - All options with value '6' are selected in object 'Object Repository/Schedule6/Page_KDMC - CMS/select_--Select--Schedule 1Inj'  using regular expression

2018-05-05 10:56:07 - [TEST_STEP][PASSED] - selectOptionByIndex: All options with index in [12] are selected on object 'Object Repository/Schedule6/Page_KDMC - CMS/select_--Select--Albumin kit ('

2018-05-05 10:56:07 - [MESSAGE][PASSED] - All options with index in [12] are selected on object 'Object Repository/Schedule6/Page_KDMC - CMS/select_--Select--Albumin kit ('

2018-05-05 10:56:07 - [TEST_STEP][PASSED] - setText: Text '100' is set on object 'Object Repository/Schedule6/Page_KDMC - CMS/input_txttreat'

2018-05-05 10:56:07 - [MESSAGE][PASSED] - Text '100' is set on object 'Object Repository/Schedule6/Page_KDMC - CMS/input_txttreat'

2018-05-05 10:56:07 - [TEST_STEP][PASSED] - click: Object: 'Object Repository/Schedule6/Page_KDMC - CMS/button_Add' is clicked on

2018-05-05 10:56:07 - [MESSAGE][PASSED] - Object: 'Object Repository/Schedule6/Page_KDMC - CMS/button_Add' is clicked on

2018-05-05 10:56:07 - [TEST_STEP][PASSED] - selectOptionByValue: All options with value '6' are selected in object 'Object Repository/Schedule6/Page_KDMC - CMS/select_--Select--Schedule 1Inj'  using regular expression

2018-05-05 10:56:08 - [MESSAGE][PASSED] - All options with value '6' are selected in object 'Object Repository/Schedule6/Page_KDMC - CMS/select_--Select--Schedule 1Inj'  using regular expression

2018-05-05 10:56:08 - [TEST_STEP][PASSED] - selectOptionByIndex: All options with index in [13] are selected on object 'Object Repository/Schedule6/Page_KDMC - CMS/select_--Select--Albumin kit ('

2018-05-05 10:56:08 - [MESSAGE][PASSED] - All options with index in [13] are selected on object 'Object Repository/Schedule6/Page_KDMC - CMS/select_--Select--Albumin kit ('

2018-05-05 10:56:08 - [TEST_STEP][PASSED] - setText: Text '100' is set on object 'Object Repository/Schedule6/Page_KDMC - CMS/input_txttreat'

2018-05-05 10:56:08 - [MESSAGE][PASSED] - Text '100' is set on object 'Object Repository/Schedule6/Page_KDMC - CMS/input_txttreat'

2018-05-05 10:56:08 - [TEST_STEP][PASSED] - click: Object: 'Object Repository/Schedule6/Page_KDMC - CMS/button_Add' is clicked on

2018-05-05 10:56:08 - [MESSAGE][PASSED] - Object: 'Object Repository/Schedule6/Page_KDMC - CMS/button_Add' is clicked on

2018-05-05 10:56:08 - [TEST_STEP][PASSED] - scrollToElement: Scroll to object 'Object Repository/Schedule6/Page_KDMC - CMS/input_btnsave' successfully

2018-05-05 10:56:08 - [MESSAGE][PASSED] - Scroll to object 'Object Repository/Schedule6/Page_KDMC - CMS/input_btnsave' successfully

2018-05-05 10:56:08 - [TEST_STEP][PASSED] - click: Object: 'Object Repository/Schedule6/Page_KDMC - CMS/input_btnsave' is clicked on

2018-05-05 10:56:08 - [MESSAGE][PASSED] - Object: 'Object Repository/Schedule6/Page_KDMC - CMS/input_btnsave' is clicked on

2018-05-05 10:56:08 - [TEST_STEP][PASSED] - delay: Delayed 3 second(s)

2018-05-05 10:56:11 - [MESSAGE][PASSED] - Delayed 3 second(s)

2018-05-05 10:56:11 - [TEST_STEP][PASSED] - click: Object: 'Object Repository/Schedule6/Page_KDMC - CMS/button_OK' is clicked on

2018-05-05 10:56:12 - [MESSAGE][PASSED] - Object: 'Object Repository/Schedule6/Page_KDMC - CMS/button_OK' is clicked on

2018-05-05 10:56:12 - [TEST_STEP][PASSED] - delay: Delayed 3 second(s)

2018-05-05 10:56:15 - [MESSAGE][PASSED] - Delayed 3 second(s)

2018-05-05 10:56:15 - [TEST_STEP][PASSED] - click: Object: 'Object Repository/Schedule6/Page_KDMC - CMS/a_dropdown-toggle' is clicked on

2018-05-05 10:56:15 - [MESSAGE][PASSED] - Object: 'Object Repository/Schedule6/Page_KDMC - CMS/a_dropdown-toggle' is clicked on

2018-05-05 10:56:15 - [TEST_STEP][PASSED] - delay: Delayed 3 second(s)

2018-05-05 10:56:18 - [MESSAGE][PASSED] - Delayed 3 second(s)

2018-05-05 10:56:18 - [TEST_STEP][PASSED] - click: Object: 'Object Repository/Schedule6/Page_KDMC - CMS/a_Sign out' is clicked on

2018-05-05 10:56:18 - [MESSAGE][PASSED] - Object: 'Object Repository/Schedule6/Page_KDMC - CMS/a_Sign out' is clicked on

2018-05-05 10:56:18 - [TEST_STEP][PASSED] - closeBrowser: Browser is closed

2018-05-05 10:56:19 - [MESSAGE][PASSED] - Browser is closed]]></system-out>
         <system-err><![CDATA[]]></system-err>
      </testcase>
      <testcase name="Test Cases/MOHTOCMSREQUEST/MohRequestSchedule7" classname="Test Cases/MOHTOCMSREQUEST/MohRequestSchedule7" status="FAILED">
         <failure type="FAILED" message="Unable to click on object 'Object Repository/Schedule7/Page_KDMC - CMS/i_glyphicon glyphicon-user' (Root cause: com.kms.katalon.core.webui.exception.WebElementNotFoundException: Web element with id: 'Object Repository/Schedule7/Page_KDMC - CMS/i_glyphicon glyphicon-user' located by 'By.xpath: /html[1]/body[@class=&quot;skin-blue  pace-done&quot;]/header[@class=&quot;header&quot;]/div[@class=&quot;row&quot;]/div[@class=&quot;col-md-12&quot;]/nav[@class=&quot;navbar navbar-static-top&quot;]/div[@class=&quot;navbar-right&quot;]/ul[@class=&quot;nav navbar-nav&quot;]/li[@class=&quot;dropdown user user-menu&quot;]/a[@class=&quot;dropdown-toggle&quot;]/i[@class=&quot;glyphicon glyphicon-user&quot;]' not found)"/>
         <system-out><![CDATA[2018-05-05 10:56:19 - [TEST_CASE][FAILED] - Test Cases/MOHTOCMSREQUEST/MohRequestSchedule7: Test Cases/MOHTOCMSREQUEST/MohRequestSchedule7 FAILED because (of) Unable to click on object 'Object Repository/Schedule7/Page_KDMC - CMS/i_glyphicon glyphicon-user' (Root cause: com.kms.katalon.core.webui.exception.WebElementNotFoundException: Web element with id: 'Object Repository/Schedule7/Page_KDMC - CMS/i_glyphicon glyphicon-user' located by 'By.xpath: /html[1]/body[@class="skin-blue  pace-done"]/header[@class="header"]/div[@class="row"]/div[@class="col-md-12"]/nav[@class="navbar navbar-static-top"]/div[@class="navbar-right"]/ul[@class="nav navbar-nav"]/li[@class="dropdown user user-menu"]/a[@class="dropdown-toggle"]/i[@class="glyphicon glyphicon-user"]' not found)

2018-05-05 10:56:19 - [TEST_STEP][PASSED] - openBrowser: Browser is opened with url: ''

2018-05-05 10:56:22 - [MESSAGE][PASSED] - Browser is opened with url: ''

2018-05-05 10:56:22 - [TEST_STEP][PASSED] - navigateToUrl: Navigate to 'http://192.168.137.1/multihospital_new/' successfully

2018-05-05 10:56:24 - [MESSAGE][PASSED] - Navigate to 'http://192.168.137.1/multihospital_new/' successfully

2018-05-05 10:56:24 - [TEST_STEP][PASSED] - maximizeWindow: Current window maximized

2018-05-05 10:56:25 - [MESSAGE][PASSED] - Current window maximized

2018-05-05 10:56:25 - [TEST_STEP][PASSED] - click: Object: 'Object Repository/Schedule7/Page_KDMC/a_CMS' is clicked on

2018-05-05 10:56:26 - [MESSAGE][PASSED] - Object: 'Object Repository/Schedule7/Page_KDMC/a_CMS' is clicked on

2018-05-05 10:56:26 - [TEST_STEP][PASSED] - setText: Text 'bala' is set on object 'Object Repository/Schedule7/Page_CMS login/input_txtusername'

2018-05-05 10:56:26 - [MESSAGE][PASSED] - Text 'bala' is set on object 'Object Repository/Schedule7/Page_CMS login/input_txtusername'

2018-05-05 10:56:26 - [TEST_STEP][PASSED] - setText: Text '123' is set on object 'Object Repository/Schedule7/Page_CMS login/input_txtpassword'

2018-05-05 10:56:26 - [MESSAGE][PASSED] - Text '123' is set on object 'Object Repository/Schedule7/Page_CMS login/input_txtpassword'

2018-05-05 10:56:26 - [TEST_STEP][PASSED] - delay: Delayed 3 second(s)

2018-05-05 10:56:29 - [MESSAGE][PASSED] - Delayed 3 second(s)

2018-05-05 10:56:29 - [TEST_STEP][PASSED] - click: Object: 'Object Repository/Schedule6/Page_CMS login/button_Sign in' is clicked on

2018-05-05 10:56:35 - [MESSAGE][PASSED] - Object: 'Object Repository/Schedule6/Page_CMS login/button_Sign in' is clicked on

2018-05-05 10:56:35 - [TEST_STEP][PASSED] - click: Object: 'Object Repository/Schedule7/Page_KDMC - CMS/a_Request to MOH' is clicked on

2018-05-05 10:56:41 - [MESSAGE][PASSED] - Object: 'Object Repository/Schedule7/Page_KDMC - CMS/a_Request to MOH' is clicked on

2018-05-05 10:56:41 - [TEST_STEP][PASSED] - selectOptionByValue: All options with value 'Weekly/Monthly' are selected in object 'Object Repository/Schedule7/Page_KDMC - CMS/select_--Select--'  using regular expression

2018-05-05 10:56:41 - [MESSAGE][PASSED] - All options with value 'Weekly/Monthly' are selected in object 'Object Repository/Schedule7/Page_KDMC - CMS/select_--Select--'  using regular expression

2018-05-05 10:56:41 - [TEST_STEP][PASSED] - selectOptionByValue: All options with value '7' are selected in object 'Object Repository/Schedule7/Page_KDMC - CMS/select_--Select--Schedule 1Inj'  using regular expression

2018-05-05 10:56:42 - [MESSAGE][PASSED] - All options with value '7' are selected in object 'Object Repository/Schedule7/Page_KDMC - CMS/select_--Select--Schedule 1Inj'  using regular expression

2018-05-05 10:56:42 - [TEST_STEP][PASSED] - Statement - SelectedOptions = com.kms.katalon.core.webui.keyword.WebUiBuiltInKeywords.getNumberOfTotalOption(com.kms.katalon.core.testobject.ObjectRepository.findTestObject(Schedule7/Page_KDMC - CMS/select_--Select--Absorbable su)): 24 options of object 'Object Repository/Schedule7/Page_KDMC - CMS/select_--Select--Absorbable su' counted

2018-05-05 10:56:42 - [MESSAGE][PASSED] - 24 options of object 'Object Repository/Schedule7/Page_KDMC - CMS/select_--Select--Absorbable su' counted

2018-05-05 10:56:42 - [TEST_STEP][PASSED] - Statement - For ([w = 1, w < SelectedOptions, (w++)]): Object: 'Object Repository/Schedule7/Page_KDMC - CMS/button_Add' is clicked on

2018-05-05 10:56:42 - [TEST_STEP][PASSED] - selectOptionByValue: All options with value '7' are selected in object 'Object Repository/Schedule7/Page_KDMC - CMS/select_--Select--Schedule 1Inj'  using regular expression

2018-05-05 10:56:42 - [MESSAGE][PASSED] - All options with value '7' are selected in object 'Object Repository/Schedule7/Page_KDMC - CMS/select_--Select--Schedule 1Inj'  using regular expression

2018-05-05 10:56:42 - [TEST_STEP][PASSED] - selectOptionByIndex: All options with index in [1] are selected on object 'Object Repository/Schedule7/Page_KDMC - CMS/select_--Select--Absorbable su'

2018-05-05 10:56:42 - [MESSAGE][PASSED] - All options with index in [1] are selected on object 'Object Repository/Schedule7/Page_KDMC - CMS/select_--Select--Absorbable su'

2018-05-05 10:56:42 - [TEST_STEP][PASSED] - setText: Text '500' is set on object 'Object Repository/Schedule7/Page_KDMC - CMS/input_txttreat'

2018-05-05 10:56:42 - [MESSAGE][PASSED] - Text '500' is set on object 'Object Repository/Schedule7/Page_KDMC - CMS/input_txttreat'

2018-05-05 10:56:42 - [TEST_STEP][PASSED] - delay: Delayed 1 second(s)

2018-05-05 10:56:43 - [MESSAGE][PASSED] - Delayed 1 second(s)

2018-05-05 10:56:43 - [TEST_STEP][PASSED] - click: Object: 'Object Repository/Schedule7/Page_KDMC - CMS/button_Add' is clicked on

2018-05-05 10:56:49 - [MESSAGE][PASSED] - Object: 'Object Repository/Schedule7/Page_KDMC - CMS/button_Add' is clicked on

2018-05-05 10:56:49 - [TEST_STEP][PASSED] - selectOptionByValue: All options with value '7' are selected in object 'Object Repository/Schedule7/Page_KDMC - CMS/select_--Select--Schedule 1Inj'  using regular expression

2018-05-05 10:56:49 - [MESSAGE][PASSED] - All options with value '7' are selected in object 'Object Repository/Schedule7/Page_KDMC - CMS/select_--Select--Schedule 1Inj'  using regular expression

2018-05-05 10:56:49 - [TEST_STEP][PASSED] - selectOptionByIndex: All options with index in [2] are selected on object 'Object Repository/Schedule7/Page_KDMC - CMS/select_--Select--Absorbable su'

2018-05-05 10:56:49 - [MESSAGE][PASSED] - All options with index in [2] are selected on object 'Object Repository/Schedule7/Page_KDMC - CMS/select_--Select--Absorbable su'

2018-05-05 10:56:49 - [TEST_STEP][PASSED] - setText: Text '500' is set on object 'Object Repository/Schedule7/Page_KDMC - CMS/input_txttreat'

2018-05-05 10:56:49 - [MESSAGE][PASSED] - Text '500' is set on object 'Object Repository/Schedule7/Page_KDMC - CMS/input_txttreat'

2018-05-05 10:56:49 - [TEST_STEP][PASSED] - delay: Delayed 1 second(s)

2018-05-05 10:56:50 - [MESSAGE][PASSED] - Delayed 1 second(s)

2018-05-05 10:56:50 - [TEST_STEP][PASSED] - click: Object: 'Object Repository/Schedule7/Page_KDMC - CMS/button_Add' is clicked on

2018-05-05 10:56:55 - [MESSAGE][PASSED] - Object: 'Object Repository/Schedule7/Page_KDMC - CMS/button_Add' is clicked on

2018-05-05 10:56:55 - [TEST_STEP][PASSED] - selectOptionByValue: All options with value '7' are selected in object 'Object Repository/Schedule7/Page_KDMC - CMS/select_--Select--Schedule 1Inj'  using regular expression

2018-05-05 10:56:56 - [MESSAGE][PASSED] - All options with value '7' are selected in object 'Object Repository/Schedule7/Page_KDMC - CMS/select_--Select--Schedule 1Inj'  using regular expression

2018-05-05 10:56:56 - [TEST_STEP][PASSED] - selectOptionByIndex: All options with index in [3] are selected on object 'Object Repository/Schedule7/Page_KDMC - CMS/select_--Select--Absorbable su'

2018-05-05 10:56:56 - [MESSAGE][PASSED] - All options with index in [3] are selected on object 'Object Repository/Schedule7/Page_KDMC - CMS/select_--Select--Absorbable su'

2018-05-05 10:56:56 - [TEST_STEP][PASSED] - setText: Text '500' is set on object 'Object Repository/Schedule7/Page_KDMC - CMS/input_txttreat'

2018-05-05 10:56:56 - [MESSAGE][PASSED] - Text '500' is set on object 'Object Repository/Schedule7/Page_KDMC - CMS/input_txttreat'

2018-05-05 10:56:56 - [TEST_STEP][PASSED] - delay: Delayed 1 second(s)

2018-05-05 10:56:57 - [MESSAGE][PASSED] - Delayed 1 second(s)

2018-05-05 10:56:57 - [TEST_STEP][PASSED] - click: Object: 'Object Repository/Schedule7/Page_KDMC - CMS/button_Add' is clicked on

2018-05-05 10:57:02 - [MESSAGE][PASSED] - Object: 'Object Repository/Schedule7/Page_KDMC - CMS/button_Add' is clicked on

2018-05-05 10:57:02 - [TEST_STEP][PASSED] - selectOptionByValue: All options with value '7' are selected in object 'Object Repository/Schedule7/Page_KDMC - CMS/select_--Select--Schedule 1Inj'  using regular expression

2018-05-05 10:57:02 - [MESSAGE][PASSED] - All options with value '7' are selected in object 'Object Repository/Schedule7/Page_KDMC - CMS/select_--Select--Schedule 1Inj'  using regular expression

2018-05-05 10:57:02 - [TEST_STEP][PASSED] - selectOptionByIndex: All options with index in [4] are selected on object 'Object Repository/Schedule7/Page_KDMC - CMS/select_--Select--Absorbable su'

2018-05-05 10:57:02 - [MESSAGE][PASSED] - All options with index in [4] are selected on object 'Object Repository/Schedule7/Page_KDMC - CMS/select_--Select--Absorbable su'

2018-05-05 10:57:02 - [TEST_STEP][PASSED] - setText: Text '500' is set on object 'Object Repository/Schedule7/Page_KDMC - CMS/input_txttreat'

2018-05-05 10:57:02 - [MESSAGE][PASSED] - Text '500' is set on object 'Object Repository/Schedule7/Page_KDMC - CMS/input_txttreat'

2018-05-05 10:57:02 - [TEST_STEP][PASSED] - delay: Delayed 1 second(s)

2018-05-05 10:57:03 - [MESSAGE][PASSED] - Delayed 1 second(s)

2018-05-05 10:57:03 - [TEST_STEP][PASSED] - click: Object: 'Object Repository/Schedule7/Page_KDMC - CMS/button_Add' is clicked on

2018-05-05 10:57:08 - [MESSAGE][PASSED] - Object: 'Object Repository/Schedule7/Page_KDMC - CMS/button_Add' is clicked on

2018-05-05 10:57:08 - [TEST_STEP][PASSED] - selectOptionByValue: All options with value '7' are selected in object 'Object Repository/Schedule7/Page_KDMC - CMS/select_--Select--Schedule 1Inj'  using regular expression

2018-05-05 10:57:09 - [MESSAGE][PASSED] - All options with value '7' are selected in object 'Object Repository/Schedule7/Page_KDMC - CMS/select_--Select--Schedule 1Inj'  using regular expression

2018-05-05 10:57:09 - [TEST_STEP][PASSED] - selectOptionByIndex: All options with index in [5] are selected on object 'Object Repository/Schedule7/Page_KDMC - CMS/select_--Select--Absorbable su'

2018-05-05 10:57:09 - [MESSAGE][PASSED] - All options with index in [5] are selected on object 'Object Repository/Schedule7/Page_KDMC - CMS/select_--Select--Absorbable su'

2018-05-05 10:57:09 - [TEST_STEP][PASSED] - setText: Text '500' is set on object 'Object Repository/Schedule7/Page_KDMC - CMS/input_txttreat'

2018-05-05 10:57:09 - [MESSAGE][PASSED] - Text '500' is set on object 'Object Repository/Schedule7/Page_KDMC - CMS/input_txttreat'

2018-05-05 10:57:09 - [TEST_STEP][PASSED] - delay: Delayed 1 second(s)

2018-05-05 10:57:10 - [MESSAGE][PASSED] - Delayed 1 second(s)

2018-05-05 10:57:10 - [TEST_STEP][PASSED] - click: Object: 'Object Repository/Schedule7/Page_KDMC - CMS/button_Add' is clicked on

2018-05-05 10:57:15 - [MESSAGE][PASSED] - Object: 'Object Repository/Schedule7/Page_KDMC - CMS/button_Add' is clicked on

2018-05-05 10:57:15 - [TEST_STEP][PASSED] - selectOptionByValue: All options with value '7' are selected in object 'Object Repository/Schedule7/Page_KDMC - CMS/select_--Select--Schedule 1Inj'  using regular expression

2018-05-05 10:57:16 - [MESSAGE][PASSED] - All options with value '7' are selected in object 'Object Repository/Schedule7/Page_KDMC - CMS/select_--Select--Schedule 1Inj'  using regular expression

2018-05-05 10:57:16 - [TEST_STEP][PASSED] - selectOptionByIndex: All options with index in [6] are selected on object 'Object Repository/Schedule7/Page_KDMC - CMS/select_--Select--Absorbable su'

2018-05-05 10:57:16 - [MESSAGE][PASSED] - All options with index in [6] are selected on object 'Object Repository/Schedule7/Page_KDMC - CMS/select_--Select--Absorbable su'

2018-05-05 10:57:16 - [TEST_STEP][PASSED] - setText: Text '500' is set on object 'Object Repository/Schedule7/Page_KDMC - CMS/input_txttreat'

2018-05-05 10:57:16 - [MESSAGE][PASSED] - Text '500' is set on object 'Object Repository/Schedule7/Page_KDMC - CMS/input_txttreat'

2018-05-05 10:57:16 - [TEST_STEP][PASSED] - delay: Delayed 1 second(s)

2018-05-05 10:57:17 - [MESSAGE][PASSED] - Delayed 1 second(s)

2018-05-05 10:57:17 - [TEST_STEP][PASSED] - click: Object: 'Object Repository/Schedule7/Page_KDMC - CMS/button_Add' is clicked on

2018-05-05 10:57:22 - [MESSAGE][PASSED] - Object: 'Object Repository/Schedule7/Page_KDMC - CMS/button_Add' is clicked on

2018-05-05 10:57:22 - [TEST_STEP][PASSED] - selectOptionByValue: All options with value '7' are selected in object 'Object Repository/Schedule7/Page_KDMC - CMS/select_--Select--Schedule 1Inj'  using regular expression

2018-05-05 10:57:22 - [MESSAGE][PASSED] - All options with value '7' are selected in object 'Object Repository/Schedule7/Page_KDMC - CMS/select_--Select--Schedule 1Inj'  using regular expression

2018-05-05 10:57:22 - [TEST_STEP][PASSED] - selectOptionByIndex: All options with index in [7] are selected on object 'Object Repository/Schedule7/Page_KDMC - CMS/select_--Select--Absorbable su'

2018-05-05 10:57:22 - [MESSAGE][PASSED] - All options with index in [7] are selected on object 'Object Repository/Schedule7/Page_KDMC - CMS/select_--Select--Absorbable su'

2018-05-05 10:57:22 - [TEST_STEP][PASSED] - setText: Text '500' is set on object 'Object Repository/Schedule7/Page_KDMC - CMS/input_txttreat'

2018-05-05 10:57:22 - [MESSAGE][PASSED] - Text '500' is set on object 'Object Repository/Schedule7/Page_KDMC - CMS/input_txttreat'

2018-05-05 10:57:22 - [TEST_STEP][PASSED] - delay: Delayed 1 second(s)

2018-05-05 10:57:23 - [MESSAGE][PASSED] - Delayed 1 second(s)

2018-05-05 10:57:23 - [TEST_STEP][PASSED] - click: Object: 'Object Repository/Schedule7/Page_KDMC - CMS/button_Add' is clicked on

2018-05-05 10:57:29 - [MESSAGE][PASSED] - Object: 'Object Repository/Schedule7/Page_KDMC - CMS/button_Add' is clicked on

2018-05-05 10:57:29 - [TEST_STEP][PASSED] - selectOptionByValue: All options with value '7' are selected in object 'Object Repository/Schedule7/Page_KDMC - CMS/select_--Select--Schedule 1Inj'  using regular expression

2018-05-05 10:57:29 - [MESSAGE][PASSED] - All options with value '7' are selected in object 'Object Repository/Schedule7/Page_KDMC - CMS/select_--Select--Schedule 1Inj'  using regular expression

2018-05-05 10:57:29 - [TEST_STEP][PASSED] - selectOptionByIndex: All options with index in [8] are selected on object 'Object Repository/Schedule7/Page_KDMC - CMS/select_--Select--Absorbable su'

2018-05-05 10:57:29 - [MESSAGE][PASSED] - All options with index in [8] are selected on object 'Object Repository/Schedule7/Page_KDMC - CMS/select_--Select--Absorbable su'

2018-05-05 10:57:29 - [TEST_STEP][PASSED] - setText: Text '500' is set on object 'Object Repository/Schedule7/Page_KDMC - CMS/input_txttreat'

2018-05-05 10:57:29 - [MESSAGE][PASSED] - Text '500' is set on object 'Object Repository/Schedule7/Page_KDMC - CMS/input_txttreat'

2018-05-05 10:57:29 - [TEST_STEP][PASSED] - delay: Delayed 1 second(s)

2018-05-05 10:57:30 - [MESSAGE][PASSED] - Delayed 1 second(s)

2018-05-05 10:57:30 - [TEST_STEP][PASSED] - click: Object: 'Object Repository/Schedule7/Page_KDMC - CMS/button_Add' is clicked on

2018-05-05 10:57:35 - [MESSAGE][PASSED] - Object: 'Object Repository/Schedule7/Page_KDMC - CMS/button_Add' is clicked on

2018-05-05 10:57:35 - [TEST_STEP][PASSED] - selectOptionByValue: All options with value '7' are selected in object 'Object Repository/Schedule7/Page_KDMC - CMS/select_--Select--Schedule 1Inj'  using regular expression

2018-05-05 10:57:36 - [MESSAGE][PASSED] - All options with value '7' are selected in object 'Object Repository/Schedule7/Page_KDMC - CMS/select_--Select--Schedule 1Inj'  using regular expression

2018-05-05 10:57:36 - [TEST_STEP][PASSED] - selectOptionByIndex: All options with index in [9] are selected on object 'Object Repository/Schedule7/Page_KDMC - CMS/select_--Select--Absorbable su'

2018-05-05 10:57:36 - [MESSAGE][PASSED] - All options with index in [9] are selected on object 'Object Repository/Schedule7/Page_KDMC - CMS/select_--Select--Absorbable su'

2018-05-05 10:57:36 - [TEST_STEP][PASSED] - setText: Text '500' is set on object 'Object Repository/Schedule7/Page_KDMC - CMS/input_txttreat'

2018-05-05 10:57:36 - [MESSAGE][PASSED] - Text '500' is set on object 'Object Repository/Schedule7/Page_KDMC - CMS/input_txttreat'

2018-05-05 10:57:36 - [TEST_STEP][PASSED] - delay: Delayed 1 second(s)

2018-05-05 10:57:37 - [MESSAGE][PASSED] - Delayed 1 second(s)

2018-05-05 10:57:37 - [TEST_STEP][PASSED] - click: Object: 'Object Repository/Schedule7/Page_KDMC - CMS/button_Add' is clicked on

2018-05-05 10:57:42 - [MESSAGE][PASSED] - Object: 'Object Repository/Schedule7/Page_KDMC - CMS/button_Add' is clicked on

2018-05-05 10:57:42 - [TEST_STEP][PASSED] - selectOptionByValue: All options with value '7' are selected in object 'Object Repository/Schedule7/Page_KDMC - CMS/select_--Select--Schedule 1Inj'  using regular expression

2018-05-05 10:57:42 - [MESSAGE][PASSED] - All options with value '7' are selected in object 'Object Repository/Schedule7/Page_KDMC - CMS/select_--Select--Schedule 1Inj'  using regular expression

2018-05-05 10:57:42 - [TEST_STEP][PASSED] - selectOptionByIndex: All options with index in [10] are selected on object 'Object Repository/Schedule7/Page_KDMC - CMS/select_--Select--Absorbable su'

2018-05-05 10:57:43 - [MESSAGE][PASSED] - All options with index in [10] are selected on object 'Object Repository/Schedule7/Page_KDMC - CMS/select_--Select--Absorbable su'

2018-05-05 10:57:43 - [TEST_STEP][PASSED] - setText: Text '500' is set on object 'Object Repository/Schedule7/Page_KDMC - CMS/input_txttreat'

2018-05-05 10:57:43 - [MESSAGE][PASSED] - Text '500' is set on object 'Object Repository/Schedule7/Page_KDMC - CMS/input_txttreat'

2018-05-05 10:57:43 - [TEST_STEP][PASSED] - delay: Delayed 1 second(s)

2018-05-05 10:57:44 - [MESSAGE][PASSED] - Delayed 1 second(s)

2018-05-05 10:57:44 - [TEST_STEP][PASSED] - click: Object: 'Object Repository/Schedule7/Page_KDMC - CMS/button_Add' is clicked on

2018-05-05 10:57:49 - [MESSAGE][PASSED] - Object: 'Object Repository/Schedule7/Page_KDMC - CMS/button_Add' is clicked on

2018-05-05 10:57:49 - [TEST_STEP][PASSED] - selectOptionByValue: All options with value '7' are selected in object 'Object Repository/Schedule7/Page_KDMC - CMS/select_--Select--Schedule 1Inj'  using regular expression

2018-05-05 10:57:49 - [MESSAGE][PASSED] - All options with value '7' are selected in object 'Object Repository/Schedule7/Page_KDMC - CMS/select_--Select--Schedule 1Inj'  using regular expression

2018-05-05 10:57:49 - [TEST_STEP][PASSED] - selectOptionByIndex: All options with index in [11] are selected on object 'Object Repository/Schedule7/Page_KDMC - CMS/select_--Select--Absorbable su'

2018-05-05 10:57:49 - [MESSAGE][PASSED] - All options with index in [11] are selected on object 'Object Repository/Schedule7/Page_KDMC - CMS/select_--Select--Absorbable su'

2018-05-05 10:57:49 - [TEST_STEP][PASSED] - setText: Text '500' is set on object 'Object Repository/Schedule7/Page_KDMC - CMS/input_txttreat'

2018-05-05 10:57:49 - [MESSAGE][PASSED] - Text '500' is set on object 'Object Repository/Schedule7/Page_KDMC - CMS/input_txttreat'

2018-05-05 10:57:49 - [TEST_STEP][PASSED] - delay: Delayed 1 second(s)

2018-05-05 10:57:50 - [MESSAGE][PASSED] - Delayed 1 second(s)

2018-05-05 10:57:50 - [TEST_STEP][PASSED] - click: Object: 'Object Repository/Schedule7/Page_KDMC - CMS/button_Add' is clicked on

2018-05-05 10:57:55 - [MESSAGE][PASSED] - Object: 'Object Repository/Schedule7/Page_KDMC - CMS/button_Add' is clicked on

2018-05-05 10:57:55 - [TEST_STEP][PASSED] - selectOptionByValue: All options with value '7' are selected in object 'Object Repository/Schedule7/Page_KDMC - CMS/select_--Select--Schedule 1Inj'  using regular expression

2018-05-05 10:57:56 - [MESSAGE][PASSED] - All options with value '7' are selected in object 'Object Repository/Schedule7/Page_KDMC - CMS/select_--Select--Schedule 1Inj'  using regular expression

2018-05-05 10:57:56 - [TEST_STEP][PASSED] - selectOptionByIndex: All options with index in [12] are selected on object 'Object Repository/Schedule7/Page_KDMC - CMS/select_--Select--Absorbable su'

2018-05-05 10:57:56 - [MESSAGE][PASSED] - All options with index in [12] are selected on object 'Object Repository/Schedule7/Page_KDMC - CMS/select_--Select--Absorbable su'

2018-05-05 10:57:56 - [TEST_STEP][PASSED] - setText: Text '500' is set on object 'Object Repository/Schedule7/Page_KDMC - CMS/input_txttreat'

2018-05-05 10:57:56 - [MESSAGE][PASSED] - Text '500' is set on object 'Object Repository/Schedule7/Page_KDMC - CMS/input_txttreat'

2018-05-05 10:57:56 - [TEST_STEP][PASSED] - delay: Delayed 1 second(s)

2018-05-05 10:57:57 - [MESSAGE][PASSED] - Delayed 1 second(s)

2018-05-05 10:57:57 - [TEST_STEP][PASSED] - click: Object: 'Object Repository/Schedule7/Page_KDMC - CMS/button_Add' is clicked on

2018-05-05 10:58:02 - [MESSAGE][PASSED] - Object: 'Object Repository/Schedule7/Page_KDMC - CMS/button_Add' is clicked on

2018-05-05 10:58:02 - [TEST_STEP][PASSED] - selectOptionByValue: All options with value '7' are selected in object 'Object Repository/Schedule7/Page_KDMC - CMS/select_--Select--Schedule 1Inj'  using regular expression

2018-05-05 10:58:03 - [MESSAGE][PASSED] - All options with value '7' are selected in object 'Object Repository/Schedule7/Page_KDMC - CMS/select_--Select--Schedule 1Inj'  using regular expression

2018-05-05 10:58:03 - [TEST_STEP][PASSED] - selectOptionByIndex: All options with index in [13] are selected on object 'Object Repository/Schedule7/Page_KDMC - CMS/select_--Select--Absorbable su'

2018-05-05 10:58:03 - [MESSAGE][PASSED] - All options with index in [13] are selected on object 'Object Repository/Schedule7/Page_KDMC - CMS/select_--Select--Absorbable su'

2018-05-05 10:58:03 - [TEST_STEP][PASSED] - setText: Text '500' is set on object 'Object Repository/Schedule7/Page_KDMC - CMS/input_txttreat'

2018-05-05 10:58:03 - [MESSAGE][PASSED] - Text '500' is set on object 'Object Repository/Schedule7/Page_KDMC - CMS/input_txttreat'

2018-05-05 10:58:03 - [TEST_STEP][PASSED] - delay: Delayed 1 second(s)

2018-05-05 10:58:04 - [MESSAGE][PASSED] - Delayed 1 second(s)

2018-05-05 10:58:04 - [TEST_STEP][PASSED] - click: Object: 'Object Repository/Schedule7/Page_KDMC - CMS/button_Add' is clicked on

2018-05-05 10:58:09 - [MESSAGE][PASSED] - Object: 'Object Repository/Schedule7/Page_KDMC - CMS/button_Add' is clicked on

2018-05-05 10:58:09 - [TEST_STEP][PASSED] - selectOptionByValue: All options with value '7' are selected in object 'Object Repository/Schedule7/Page_KDMC - CMS/select_--Select--Schedule 1Inj'  using regular expression

2018-05-05 10:58:09 - [MESSAGE][PASSED] - All options with value '7' are selected in object 'Object Repository/Schedule7/Page_KDMC - CMS/select_--Select--Schedule 1Inj'  using regular expression

2018-05-05 10:58:09 - [TEST_STEP][PASSED] - selectOptionByIndex: All options with index in [14] are selected on object 'Object Repository/Schedule7/Page_KDMC - CMS/select_--Select--Absorbable su'

2018-05-05 10:58:10 - [MESSAGE][PASSED] - All options with index in [14] are selected on object 'Object Repository/Schedule7/Page_KDMC - CMS/select_--Select--Absorbable su'

2018-05-05 10:58:10 - [TEST_STEP][PASSED] - setText: Text '500' is set on object 'Object Repository/Schedule7/Page_KDMC - CMS/input_txttreat'

2018-05-05 10:58:10 - [MESSAGE][PASSED] - Text '500' is set on object 'Object Repository/Schedule7/Page_KDMC - CMS/input_txttreat'

2018-05-05 10:58:10 - [TEST_STEP][PASSED] - delay: Delayed 1 second(s)

2018-05-05 10:58:11 - [MESSAGE][PASSED] - Delayed 1 second(s)

2018-05-05 10:58:11 - [TEST_STEP][PASSED] - click: Object: 'Object Repository/Schedule7/Page_KDMC - CMS/button_Add' is clicked on

2018-05-05 10:58:16 - [MESSAGE][PASSED] - Object: 'Object Repository/Schedule7/Page_KDMC - CMS/button_Add' is clicked on

2018-05-05 10:58:16 - [TEST_STEP][PASSED] - selectOptionByValue: All options with value '7' are selected in object 'Object Repository/Schedule7/Page_KDMC - CMS/select_--Select--Schedule 1Inj'  using regular expression

2018-05-05 10:58:16 - [MESSAGE][PASSED] - All options with value '7' are selected in object 'Object Repository/Schedule7/Page_KDMC - CMS/select_--Select--Schedule 1Inj'  using regular expression

2018-05-05 10:58:16 - [TEST_STEP][PASSED] - selectOptionByIndex: All options with index in [15] are selected on object 'Object Repository/Schedule7/Page_KDMC - CMS/select_--Select--Absorbable su'

2018-05-05 10:58:16 - [MESSAGE][PASSED] - All options with index in [15] are selected on object 'Object Repository/Schedule7/Page_KDMC - CMS/select_--Select--Absorbable su'

2018-05-05 10:58:16 - [TEST_STEP][PASSED] - setText: Text '500' is set on object 'Object Repository/Schedule7/Page_KDMC - CMS/input_txttreat'

2018-05-05 10:58:16 - [MESSAGE][PASSED] - Text '500' is set on object 'Object Repository/Schedule7/Page_KDMC - CMS/input_txttreat'

2018-05-05 10:58:16 - [TEST_STEP][PASSED] - delay: Delayed 1 second(s)

2018-05-05 10:58:17 - [MESSAGE][PASSED] - Delayed 1 second(s)

2018-05-05 10:58:17 - [TEST_STEP][PASSED] - click: Object: 'Object Repository/Schedule7/Page_KDMC - CMS/button_Add' is clicked on

2018-05-05 10:58:23 - [MESSAGE][PASSED] - Object: 'Object Repository/Schedule7/Page_KDMC - CMS/button_Add' is clicked on

2018-05-05 10:58:23 - [TEST_STEP][PASSED] - selectOptionByValue: All options with value '7' are selected in object 'Object Repository/Schedule7/Page_KDMC - CMS/select_--Select--Schedule 1Inj'  using regular expression

2018-05-05 10:58:23 - [MESSAGE][PASSED] - All options with value '7' are selected in object 'Object Repository/Schedule7/Page_KDMC - CMS/select_--Select--Schedule 1Inj'  using regular expression

2018-05-05 10:58:23 - [TEST_STEP][PASSED] - selectOptionByIndex: All options with index in [16] are selected on object 'Object Repository/Schedule7/Page_KDMC - CMS/select_--Select--Absorbable su'

2018-05-05 10:58:23 - [MESSAGE][PASSED] - All options with index in [16] are selected on object 'Object Repository/Schedule7/Page_KDMC - CMS/select_--Select--Absorbable su'

2018-05-05 10:58:23 - [TEST_STEP][PASSED] - setText: Text '500' is set on object 'Object Repository/Schedule7/Page_KDMC - CMS/input_txttreat'

2018-05-05 10:58:23 - [MESSAGE][PASSED] - Text '500' is set on object 'Object Repository/Schedule7/Page_KDMC - CMS/input_txttreat'

2018-05-05 10:58:23 - [TEST_STEP][PASSED] - delay: Delayed 1 second(s)

2018-05-05 10:58:24 - [MESSAGE][PASSED] - Delayed 1 second(s)

2018-05-05 10:58:24 - [TEST_STEP][PASSED] - click: Object: 'Object Repository/Schedule7/Page_KDMC - CMS/button_Add' is clicked on

2018-05-05 10:58:29 - [MESSAGE][PASSED] - Object: 'Object Repository/Schedule7/Page_KDMC - CMS/button_Add' is clicked on

2018-05-05 10:58:29 - [TEST_STEP][PASSED] - selectOptionByValue: All options with value '7' are selected in object 'Object Repository/Schedule7/Page_KDMC - CMS/select_--Select--Schedule 1Inj'  using regular expression

2018-05-05 10:58:30 - [MESSAGE][PASSED] - All options with value '7' are selected in object 'Object Repository/Schedule7/Page_KDMC - CMS/select_--Select--Schedule 1Inj'  using regular expression

2018-05-05 10:58:30 - [TEST_STEP][PASSED] - selectOptionByIndex: All options with index in [17] are selected on object 'Object Repository/Schedule7/Page_KDMC - CMS/select_--Select--Absorbable su'

2018-05-05 10:58:30 - [MESSAGE][PASSED] - All options with index in [17] are selected on object 'Object Repository/Schedule7/Page_KDMC - CMS/select_--Select--Absorbable su'

2018-05-05 10:58:30 - [TEST_STEP][PASSED] - setText: Text '500' is set on object 'Object Repository/Schedule7/Page_KDMC - CMS/input_txttreat'

2018-05-05 10:58:30 - [MESSAGE][PASSED] - Text '500' is set on object 'Object Repository/Schedule7/Page_KDMC - CMS/input_txttreat'

2018-05-05 10:58:30 - [TEST_STEP][PASSED] - delay: Delayed 1 second(s)

2018-05-05 10:58:31 - [MESSAGE][PASSED] - Delayed 1 second(s)

2018-05-05 10:58:31 - [TEST_STEP][PASSED] - click: Object: 'Object Repository/Schedule7/Page_KDMC - CMS/button_Add' is clicked on

2018-05-05 10:58:36 - [MESSAGE][PASSED] - Object: 'Object Repository/Schedule7/Page_KDMC - CMS/button_Add' is clicked on

2018-05-05 10:58:36 - [TEST_STEP][PASSED] - selectOptionByValue: All options with value '7' are selected in object 'Object Repository/Schedule7/Page_KDMC - CMS/select_--Select--Schedule 1Inj'  using regular expression

2018-05-05 10:58:36 - [MESSAGE][PASSED] - All options with value '7' are selected in object 'Object Repository/Schedule7/Page_KDMC - CMS/select_--Select--Schedule 1Inj'  using regular expression

2018-05-05 10:58:36 - [TEST_STEP][PASSED] - selectOptionByIndex: All options with index in [18] are selected on object 'Object Repository/Schedule7/Page_KDMC - CMS/select_--Select--Absorbable su'

2018-05-05 10:58:37 - [MESSAGE][PASSED] - All options with index in [18] are selected on object 'Object Repository/Schedule7/Page_KDMC - CMS/select_--Select--Absorbable su'

2018-05-05 10:58:37 - [TEST_STEP][PASSED] - setText: Text '500' is set on object 'Object Repository/Schedule7/Page_KDMC - CMS/input_txttreat'

2018-05-05 10:58:37 - [MESSAGE][PASSED] - Text '500' is set on object 'Object Repository/Schedule7/Page_KDMC - CMS/input_txttreat'

2018-05-05 10:58:37 - [TEST_STEP][PASSED] - delay: Delayed 1 second(s)

2018-05-05 10:58:38 - [MESSAGE][PASSED] - Delayed 1 second(s)

2018-05-05 10:58:38 - [TEST_STEP][PASSED] - click: Object: 'Object Repository/Schedule7/Page_KDMC - CMS/button_Add' is clicked on

2018-05-05 10:58:43 - [MESSAGE][PASSED] - Object: 'Object Repository/Schedule7/Page_KDMC - CMS/button_Add' is clicked on

2018-05-05 10:58:43 - [TEST_STEP][PASSED] - selectOptionByValue: All options with value '7' are selected in object 'Object Repository/Schedule7/Page_KDMC - CMS/select_--Select--Schedule 1Inj'  using regular expression

2018-05-05 10:58:43 - [MESSAGE][PASSED] - All options with value '7' are selected in object 'Object Repository/Schedule7/Page_KDMC - CMS/select_--Select--Schedule 1Inj'  using regular expression

2018-05-05 10:58:43 - [TEST_STEP][PASSED] - selectOptionByIndex: All options with index in [19] are selected on object 'Object Repository/Schedule7/Page_KDMC - CMS/select_--Select--Absorbable su'

2018-05-05 10:58:44 - [MESSAGE][PASSED] - All options with index in [19] are selected on object 'Object Repository/Schedule7/Page_KDMC - CMS/select_--Select--Absorbable su'

2018-05-05 10:58:44 - [TEST_STEP][PASSED] - setText: Text '500' is set on object 'Object Repository/Schedule7/Page_KDMC - CMS/input_txttreat'

2018-05-05 10:58:44 - [MESSAGE][PASSED] - Text '500' is set on object 'Object Repository/Schedule7/Page_KDMC - CMS/input_txttreat'

2018-05-05 10:58:44 - [TEST_STEP][PASSED] - delay: Delayed 1 second(s)

2018-05-05 10:58:45 - [MESSAGE][PASSED] - Delayed 1 second(s)

2018-05-05 10:58:45 - [TEST_STEP][PASSED] - click: Object: 'Object Repository/Schedule7/Page_KDMC - CMS/button_Add' is clicked on

2018-05-05 10:58:50 - [MESSAGE][PASSED] - Object: 'Object Repository/Schedule7/Page_KDMC - CMS/button_Add' is clicked on

2018-05-05 10:58:50 - [TEST_STEP][PASSED] - selectOptionByValue: All options with value '7' are selected in object 'Object Repository/Schedule7/Page_KDMC - CMS/select_--Select--Schedule 1Inj'  using regular expression

2018-05-05 10:58:50 - [MESSAGE][PASSED] - All options with value '7' are selected in object 'Object Repository/Schedule7/Page_KDMC - CMS/select_--Select--Schedule 1Inj'  using regular expression

2018-05-05 10:58:50 - [TEST_STEP][PASSED] - selectOptionByIndex: All options with index in [20] are selected on object 'Object Repository/Schedule7/Page_KDMC - CMS/select_--Select--Absorbable su'

2018-05-05 10:58:50 - [MESSAGE][PASSED] - All options with index in [20] are selected on object 'Object Repository/Schedule7/Page_KDMC - CMS/select_--Select--Absorbable su'

2018-05-05 10:58:50 - [TEST_STEP][PASSED] - setText: Text '500' is set on object 'Object Repository/Schedule7/Page_KDMC - CMS/input_txttreat'

2018-05-05 10:58:50 - [MESSAGE][PASSED] - Text '500' is set on object 'Object Repository/Schedule7/Page_KDMC - CMS/input_txttreat'

2018-05-05 10:58:50 - [TEST_STEP][PASSED] - delay: Delayed 1 second(s)

2018-05-05 10:58:51 - [MESSAGE][PASSED] - Delayed 1 second(s)

2018-05-05 10:58:51 - [TEST_STEP][PASSED] - click: Object: 'Object Repository/Schedule7/Page_KDMC - CMS/button_Add' is clicked on

2018-05-05 10:58:56 - [MESSAGE][PASSED] - Object: 'Object Repository/Schedule7/Page_KDMC - CMS/button_Add' is clicked on

2018-05-05 10:58:56 - [TEST_STEP][PASSED] - selectOptionByValue: All options with value '7' are selected in object 'Object Repository/Schedule7/Page_KDMC - CMS/select_--Select--Schedule 1Inj'  using regular expression

2018-05-05 10:58:57 - [MESSAGE][PASSED] - All options with value '7' are selected in object 'Object Repository/Schedule7/Page_KDMC - CMS/select_--Select--Schedule 1Inj'  using regular expression

2018-05-05 10:58:57 - [TEST_STEP][PASSED] - selectOptionByIndex: All options with index in [21] are selected on object 'Object Repository/Schedule7/Page_KDMC - CMS/select_--Select--Absorbable su'

2018-05-05 10:58:57 - [MESSAGE][PASSED] - All options with index in [21] are selected on object 'Object Repository/Schedule7/Page_KDMC - CMS/select_--Select--Absorbable su'

2018-05-05 10:58:57 - [TEST_STEP][PASSED] - setText: Text '500' is set on object 'Object Repository/Schedule7/Page_KDMC - CMS/input_txttreat'

2018-05-05 10:58:57 - [MESSAGE][PASSED] - Text '500' is set on object 'Object Repository/Schedule7/Page_KDMC - CMS/input_txttreat'

2018-05-05 10:58:57 - [TEST_STEP][PASSED] - delay: Delayed 1 second(s)

2018-05-05 10:58:58 - [MESSAGE][PASSED] - Delayed 1 second(s)

2018-05-05 10:58:58 - [TEST_STEP][PASSED] - click: Object: 'Object Repository/Schedule7/Page_KDMC - CMS/button_Add' is clicked on

2018-05-05 10:59:03 - [MESSAGE][PASSED] - Object: 'Object Repository/Schedule7/Page_KDMC - CMS/button_Add' is clicked on

2018-05-05 10:59:03 - [TEST_STEP][PASSED] - selectOptionByValue: All options with value '7' are selected in object 'Object Repository/Schedule7/Page_KDMC - CMS/select_--Select--Schedule 1Inj'  using regular expression

2018-05-05 10:59:03 - [MESSAGE][PASSED] - All options with value '7' are selected in object 'Object Repository/Schedule7/Page_KDMC - CMS/select_--Select--Schedule 1Inj'  using regular expression

2018-05-05 10:59:03 - [TEST_STEP][PASSED] - selectOptionByIndex: All options with index in [22] are selected on object 'Object Repository/Schedule7/Page_KDMC - CMS/select_--Select--Absorbable su'

2018-05-05 10:59:04 - [MESSAGE][PASSED] - All options with index in [22] are selected on object 'Object Repository/Schedule7/Page_KDMC - CMS/select_--Select--Absorbable su'

2018-05-05 10:59:04 - [TEST_STEP][PASSED] - setText: Text '500' is set on object 'Object Repository/Schedule7/Page_KDMC - CMS/input_txttreat'

2018-05-05 10:59:04 - [MESSAGE][PASSED] - Text '500' is set on object 'Object Repository/Schedule7/Page_KDMC - CMS/input_txttreat'

2018-05-05 10:59:04 - [TEST_STEP][PASSED] - delay: Delayed 1 second(s)

2018-05-05 10:59:05 - [MESSAGE][PASSED] - Delayed 1 second(s)

2018-05-05 10:59:05 - [TEST_STEP][PASSED] - click: Object: 'Object Repository/Schedule7/Page_KDMC - CMS/button_Add' is clicked on

2018-05-05 10:59:10 - [MESSAGE][PASSED] - Object: 'Object Repository/Schedule7/Page_KDMC - CMS/button_Add' is clicked on

2018-05-05 10:59:10 - [TEST_STEP][PASSED] - selectOptionByValue: All options with value '7' are selected in object 'Object Repository/Schedule7/Page_KDMC - CMS/select_--Select--Schedule 1Inj'  using regular expression

2018-05-05 10:59:10 - [MESSAGE][PASSED] - All options with value '7' are selected in object 'Object Repository/Schedule7/Page_KDMC - CMS/select_--Select--Schedule 1Inj'  using regular expression

2018-05-05 10:59:10 - [TEST_STEP][PASSED] - selectOptionByIndex: All options with index in [23] are selected on object 'Object Repository/Schedule7/Page_KDMC - CMS/select_--Select--Absorbable su'

2018-05-05 10:59:11 - [MESSAGE][PASSED] - All options with index in [23] are selected on object 'Object Repository/Schedule7/Page_KDMC - CMS/select_--Select--Absorbable su'

2018-05-05 10:59:11 - [TEST_STEP][PASSED] - setText: Text '500' is set on object 'Object Repository/Schedule7/Page_KDMC - CMS/input_txttreat'

2018-05-05 10:59:11 - [MESSAGE][PASSED] - Text '500' is set on object 'Object Repository/Schedule7/Page_KDMC - CMS/input_txttreat'

2018-05-05 10:59:11 - [TEST_STEP][PASSED] - delay: Delayed 1 second(s)

2018-05-05 10:59:12 - [MESSAGE][PASSED] - Delayed 1 second(s)

2018-05-05 10:59:12 - [TEST_STEP][PASSED] - click: Object: 'Object Repository/Schedule7/Page_KDMC - CMS/button_Add' is clicked on

2018-05-05 10:59:17 - [MESSAGE][PASSED] - Object: 'Object Repository/Schedule7/Page_KDMC - CMS/button_Add' is clicked on

2018-05-05 10:59:17 - [TEST_STEP][PASSED] - scrollToElement: Scroll to object 'Object Repository/Schedule7/Page_KDMC - CMS/input_btnsave' successfully

2018-05-05 10:59:17 - [MESSAGE][PASSED] - Scroll to object 'Object Repository/Schedule7/Page_KDMC - CMS/input_btnsave' successfully

2018-05-05 10:59:17 - [TEST_STEP][PASSED] - click: Object: 'Object Repository/Schedule7/Page_KDMC - CMS/input_btnsave' is clicked on

2018-05-05 10:59:22 - [MESSAGE][PASSED] - Object: 'Object Repository/Schedule7/Page_KDMC - CMS/input_btnsave' is clicked on

2018-05-05 10:59:22 - [TEST_STEP][PASSED] - delay: Delayed 3 second(s)

2018-05-05 10:59:25 - [MESSAGE][PASSED] - Delayed 3 second(s)

2018-05-05 10:59:25 - [TEST_STEP][PASSED] - click: Object: 'Object Repository/Schedule7/Page_KDMC - CMS/button_OK' is clicked on

2018-05-05 10:59:31 - [MESSAGE][PASSED] - Object: 'Object Repository/Schedule7/Page_KDMC - CMS/button_OK' is clicked on

2018-05-05 10:59:31 - [TEST_STEP][PASSED] - delay: Delayed 3 second(s)

2018-05-05 10:59:34 - [MESSAGE][PASSED] - Delayed 3 second(s)

2018-05-05 10:59:34 - [TEST_STEP][PASSED] - click: Object: 'Object Repository/Schedule7/Page_KDMC - CMS/span_pfnamer' is clicked on

2018-05-05 10:59:39 - [MESSAGE][PASSED] - Object: 'Object Repository/Schedule7/Page_KDMC - CMS/span_pfnamer' is clicked on

2018-05-05 10:59:39 - [TEST_STEP][PASSED] - delay: Delayed 3 second(s)

2018-05-05 10:59:42 - [MESSAGE][PASSED] - Delayed 3 second(s)

2018-05-05 10:59:42 - [TEST_STEP][PASSED] - click: Object: 'Object Repository/Schedule7/Page_KDMC - CMS/li_Sign out' is clicked on

2018-05-05 10:59:47 - [MESSAGE][PASSED] - Object: 'Object Repository/Schedule7/Page_KDMC - CMS/li_Sign out' is clicked on

2018-05-05 10:59:47 - [TEST_STEP][PASSED] - delay: Delayed 3 second(s)

2018-05-05 10:59:50 - [MESSAGE][PASSED] - Delayed 3 second(s)

2018-05-05 10:59:50 - [TEST_STEP][FAILED] - click: Unable to click on object 'Object Repository/Schedule7/Page_KDMC - CMS/i_glyphicon glyphicon-user' (Root cause: com.kms.katalon.core.webui.exception.WebElementNotFoundException: Web element with id: 'Object Repository/Schedule7/Page_KDMC - CMS/i_glyphicon glyphicon-user' located by 'By.xpath: /html[1]/body[@class="skin-blue  pace-done"]/header[@class="header"]/div[@class="row"]/div[@class="col-md-12"]/nav[@class="navbar navbar-static-top"]/div[@class="navbar-right"]/ul[@class="nav navbar-nav"]/li[@class="dropdown user user-menu"]/a[@class="dropdown-toggle"]/i[@class="glyphicon glyphicon-user"]' not found)

2018-05-05 11:00:22 - [MESSAGE][FAILED] - Unable to click on object 'Object Repository/Schedule7/Page_KDMC - CMS/i_glyphicon glyphicon-user' (Root cause: com.kms.katalon.core.webui.exception.WebElementNotFoundException: Web element with id: 'Object Repository/Schedule7/Page_KDMC - CMS/i_glyphicon glyphicon-user' located by 'By.xpath: /html[1]/body[@class="skin-blue  pace-done"]/header[@class="header"]/div[@class="row"]/div[@class="col-md-12"]/nav[@class="navbar navbar-static-top"]/div[@class="navbar-right"]/ul[@class="nav navbar-nav"]/li[@class="dropdown user user-menu"]/a[@class="dropdown-toggle"]/i[@class="glyphicon glyphicon-user"]' not found)
[[ATTACHMENT|C:\\Users\\Quality Analyst\\Katalon Studio\\ds\\Reports\\Moh_Request\\20180505_104937\\1525498221949.png]]]]></system-out>
         <system-err><![CDATA[2018-05-05 10:56:19 - [TEST_CASE][FAILED] - Test Cases/MOHTOCMSREQUEST/MohRequestSchedule7: Test Cases/MOHTOCMSREQUEST/MohRequestSchedule7 FAILED because (of) Unable to click on object 'Object Repository/Schedule7/Page_KDMC - CMS/i_glyphicon glyphicon-user' (Root cause: com.kms.katalon.core.webui.exception.WebElementNotFoundException: Web element with id: 'Object Repository/Schedule7/Page_KDMC - CMS/i_glyphicon glyphicon-user' located by 'By.xpath: /html[1]/body[@class="skin-blue  pace-done"]/header[@class="header"]/div[@class="row"]/div[@class="col-md-12"]/nav[@class="navbar navbar-static-top"]/div[@class="navbar-right"]/ul[@class="nav navbar-nav"]/li[@class="dropdown user user-menu"]/a[@class="dropdown-toggle"]/i[@class="glyphicon glyphicon-user"]' not found)]]></system-err>
      </testcase>
      <testcase name="Test Cases/MOHTOCMSREQUEST/MohRequestSchedule8" classname="Test Cases/MOHTOCMSREQUEST/MohRequestSchedule8" status="PASSED">
         <system-out><![CDATA[2018-05-05 11:00:22 - [TEST_CASE][PASSED] - Test Cases/MOHTOCMSREQUEST/MohRequestSchedule8: Test Cases/MOHTOCMSREQUEST/MohRequestSchedule8

2018-05-05 11:00:22 - [TEST_STEP][PASSED] - openBrowser: Browser is opened with url: ''

2018-05-05 11:00:22 - [MESSAGE][WARNING] - A browser is already opened. Closing browser and opening a new one

2018-05-05 11:00:25 - [MESSAGE][PASSED] - Browser is opened with url: ''

2018-05-05 11:00:25 - [TEST_STEP][PASSED] - navigateToUrl: Navigate to 'http://192.168.137.1/multihospital_new/' successfully

2018-05-05 11:00:31 - [MESSAGE][PASSED] - Navigate to 'http://192.168.137.1/multihospital_new/' successfully

2018-05-05 11:00:31 - [TEST_STEP][PASSED] - maximizeWindow: Current window maximized

2018-05-05 11:00:32 - [MESSAGE][PASSED] - Current window maximized

2018-05-05 11:00:32 - [TEST_STEP][PASSED] - click: Object: 'Object Repository/Schedule8/Page_KDMC/a_CMS' is clicked on

2018-05-05 11:00:33 - [MESSAGE][PASSED] - Object: 'Object Repository/Schedule8/Page_KDMC/a_CMS' is clicked on

2018-05-05 11:00:33 - [TEST_STEP][PASSED] - setText: Text 'bala' is set on object 'Object Repository/Schedule8/Page_CMS login/input_txtusername'

2018-05-05 11:00:33 - [MESSAGE][PASSED] - Text 'bala' is set on object 'Object Repository/Schedule8/Page_CMS login/input_txtusername'

2018-05-05 11:00:33 - [TEST_STEP][PASSED] - setText: Text '123' is set on object 'Object Repository/Schedule8/Page_CMS login/input_txtpassword'

2018-05-05 11:00:33 - [MESSAGE][PASSED] - Text '123' is set on object 'Object Repository/Schedule8/Page_CMS login/input_txtpassword'

2018-05-05 11:00:33 - [TEST_STEP][PASSED] - delay: Delayed 3 second(s)

2018-05-05 11:00:36 - [MESSAGE][PASSED] - Delayed 3 second(s)

2018-05-05 11:00:36 - [TEST_STEP][PASSED] - click: Object: 'Object Repository/Schedule8/Page_CMS login/button_Sign in' is clicked on

2018-05-05 11:00:37 - [MESSAGE][PASSED] - Object: 'Object Repository/Schedule8/Page_CMS login/button_Sign in' is clicked on

2018-05-05 11:00:37 - [TEST_STEP][PASSED] - click: Object: 'Object Repository/Schedule8/Page_KDMC - CMS/a_Request to MOH' is clicked on

2018-05-05 11:00:38 - [MESSAGE][PASSED] - Object: 'Object Repository/Schedule8/Page_KDMC - CMS/a_Request to MOH' is clicked on

2018-05-05 11:00:38 - [TEST_STEP][PASSED] - selectOptionByIndex: All options with index in [2] are selected on object 'Object Repository/Schedule8/Page_KDMC - CMS/select_--Select--'

2018-05-05 11:00:38 - [MESSAGE][PASSED] - All options with index in [2] are selected on object 'Object Repository/Schedule8/Page_KDMC - CMS/select_--Select--'

2018-05-05 11:00:38 - [TEST_STEP][PASSED] - selectOptionByIndex: All options with index in [8] are selected on object 'Object Repository/Schedule8/Page_KDMC - CMS/select_--Select--Schedule 1Inj'

2018-05-05 11:00:38 - [MESSAGE][PASSED] - All options with index in [8] are selected on object 'Object Repository/Schedule8/Page_KDMC - CMS/select_--Select--Schedule 1Inj'

2018-05-05 11:00:38 - [TEST_STEP][PASSED] - Statement - SelectedOption = com.kms.katalon.core.webui.keyword.WebUiBuiltInKeywords.getNumberOfTotalOption(com.kms.katalon.core.testobject.ObjectRepository.findTestObject(Schedule8/Page_KDMC - CMS/select_--Select--Disposable de)): 18 options of object 'Object Repository/Schedule8/Page_KDMC - CMS/select_--Select--Disposable de' counted

2018-05-05 11:00:38 - [MESSAGE][PASSED] - 18 options of object 'Object Repository/Schedule8/Page_KDMC - CMS/select_--Select--Disposable de' counted

2018-05-05 11:00:38 - [TEST_STEP][PASSED] - Statement - For ([r = 1, r < SelectedOption, (r++)]): Object: 'Object Repository/Schedule8/Page_KDMC - CMS/button_Add' is clicked on

2018-05-05 11:00:38 - [TEST_STEP][PASSED] - selectOptionByIndex: All options with index in [8] are selected on object 'Object Repository/Schedule8/Page_KDMC - CMS/select_--Select--Schedule 1Inj'

2018-05-05 11:00:38 - [MESSAGE][PASSED] - All options with index in [8] are selected on object 'Object Repository/Schedule8/Page_KDMC - CMS/select_--Select--Schedule 1Inj'

2018-05-05 11:00:38 - [TEST_STEP][PASSED] - selectOptionByIndex: All options with index in [1] are selected on object 'Object Repository/Schedule8/Page_KDMC - CMS/select_--Select--Disposable de'

2018-05-05 11:00:39 - [MESSAGE][PASSED] - All options with index in [1] are selected on object 'Object Repository/Schedule8/Page_KDMC - CMS/select_--Select--Disposable de'

2018-05-05 11:00:39 - [TEST_STEP][PASSED] - setText: Text '500' is set on object 'Object Repository/Schedule8/Page_KDMC - CMS/input_txttreat'

2018-05-05 11:00:39 - [MESSAGE][PASSED] - Text '500' is set on object 'Object Repository/Schedule8/Page_KDMC - CMS/input_txttreat'

2018-05-05 11:00:39 - [TEST_STEP][PASSED] - click: Object: 'Object Repository/Schedule8/Page_KDMC - CMS/button_Add' is clicked on

2018-05-05 11:00:39 - [MESSAGE][PASSED] - Object: 'Object Repository/Schedule8/Page_KDMC - CMS/button_Add' is clicked on

2018-05-05 11:00:39 - [TEST_STEP][PASSED] - selectOptionByIndex: All options with index in [8] are selected on object 'Object Repository/Schedule8/Page_KDMC - CMS/select_--Select--Schedule 1Inj'

2018-05-05 11:00:39 - [MESSAGE][PASSED] - All options with index in [8] are selected on object 'Object Repository/Schedule8/Page_KDMC - CMS/select_--Select--Schedule 1Inj'

2018-05-05 11:00:39 - [TEST_STEP][PASSED] - selectOptionByIndex: All options with index in [2] are selected on object 'Object Repository/Schedule8/Page_KDMC - CMS/select_--Select--Disposable de'

2018-05-05 11:00:40 - [MESSAGE][PASSED] - All options with index in [2] are selected on object 'Object Repository/Schedule8/Page_KDMC - CMS/select_--Select--Disposable de'

2018-05-05 11:00:40 - [TEST_STEP][PASSED] - setText: Text '500' is set on object 'Object Repository/Schedule8/Page_KDMC - CMS/input_txttreat'

2018-05-05 11:00:40 - [MESSAGE][PASSED] - Text '500' is set on object 'Object Repository/Schedule8/Page_KDMC - CMS/input_txttreat'

2018-05-05 11:00:40 - [TEST_STEP][PASSED] - click: Object: 'Object Repository/Schedule8/Page_KDMC - CMS/button_Add' is clicked on

2018-05-05 11:00:40 - [MESSAGE][PASSED] - Object: 'Object Repository/Schedule8/Page_KDMC - CMS/button_Add' is clicked on

2018-05-05 11:00:40 - [TEST_STEP][PASSED] - selectOptionByIndex: All options with index in [8] are selected on object 'Object Repository/Schedule8/Page_KDMC - CMS/select_--Select--Schedule 1Inj'

2018-05-05 11:00:40 - [MESSAGE][PASSED] - All options with index in [8] are selected on object 'Object Repository/Schedule8/Page_KDMC - CMS/select_--Select--Schedule 1Inj'

2018-05-05 11:00:40 - [TEST_STEP][PASSED] - selectOptionByIndex: All options with index in [3] are selected on object 'Object Repository/Schedule8/Page_KDMC - CMS/select_--Select--Disposable de'

2018-05-05 11:00:41 - [MESSAGE][PASSED] - All options with index in [3] are selected on object 'Object Repository/Schedule8/Page_KDMC - CMS/select_--Select--Disposable de'

2018-05-05 11:00:41 - [TEST_STEP][PASSED] - setText: Text '500' is set on object 'Object Repository/Schedule8/Page_KDMC - CMS/input_txttreat'

2018-05-05 11:00:41 - [MESSAGE][PASSED] - Text '500' is set on object 'Object Repository/Schedule8/Page_KDMC - CMS/input_txttreat'

2018-05-05 11:00:41 - [TEST_STEP][PASSED] - click: Object: 'Object Repository/Schedule8/Page_KDMC - CMS/button_Add' is clicked on

2018-05-05 11:00:41 - [MESSAGE][PASSED] - Object: 'Object Repository/Schedule8/Page_KDMC - CMS/button_Add' is clicked on

2018-05-05 11:00:41 - [TEST_STEP][PASSED] - selectOptionByIndex: All options with index in [8] are selected on object 'Object Repository/Schedule8/Page_KDMC - CMS/select_--Select--Schedule 1Inj'

2018-05-05 11:00:41 - [MESSAGE][PASSED] - All options with index in [8] are selected on object 'Object Repository/Schedule8/Page_KDMC - CMS/select_--Select--Schedule 1Inj'

2018-05-05 11:00:41 - [TEST_STEP][PASSED] - selectOptionByIndex: All options with index in [4] are selected on object 'Object Repository/Schedule8/Page_KDMC - CMS/select_--Select--Disposable de'

2018-05-05 11:00:42 - [MESSAGE][PASSED] - All options with index in [4] are selected on object 'Object Repository/Schedule8/Page_KDMC - CMS/select_--Select--Disposable de'

2018-05-05 11:00:42 - [TEST_STEP][PASSED] - setText: Text '500' is set on object 'Object Repository/Schedule8/Page_KDMC - CMS/input_txttreat'

2018-05-05 11:00:42 - [MESSAGE][PASSED] - Text '500' is set on object 'Object Repository/Schedule8/Page_KDMC - CMS/input_txttreat'

2018-05-05 11:00:42 - [TEST_STEP][PASSED] - click: Object: 'Object Repository/Schedule8/Page_KDMC - CMS/button_Add' is clicked on

2018-05-05 11:00:42 - [MESSAGE][PASSED] - Object: 'Object Repository/Schedule8/Page_KDMC - CMS/button_Add' is clicked on

2018-05-05 11:00:42 - [TEST_STEP][PASSED] - selectOptionByIndex: All options with index in [8] are selected on object 'Object Repository/Schedule8/Page_KDMC - CMS/select_--Select--Schedule 1Inj'

2018-05-05 11:00:42 - [MESSAGE][PASSED] - All options with index in [8] are selected on object 'Object Repository/Schedule8/Page_KDMC - CMS/select_--Select--Schedule 1Inj'

2018-05-05 11:00:42 - [TEST_STEP][PASSED] - selectOptionByIndex: All options with index in [5] are selected on object 'Object Repository/Schedule8/Page_KDMC - CMS/select_--Select--Disposable de'

2018-05-05 11:00:43 - [MESSAGE][PASSED] - All options with index in [5] are selected on object 'Object Repository/Schedule8/Page_KDMC - CMS/select_--Select--Disposable de'

2018-05-05 11:00:43 - [TEST_STEP][PASSED] - setText: Text '500' is set on object 'Object Repository/Schedule8/Page_KDMC - CMS/input_txttreat'

2018-05-05 11:00:43 - [MESSAGE][PASSED] - Text '500' is set on object 'Object Repository/Schedule8/Page_KDMC - CMS/input_txttreat'

2018-05-05 11:00:43 - [TEST_STEP][PASSED] - click: Object: 'Object Repository/Schedule8/Page_KDMC - CMS/button_Add' is clicked on

2018-05-05 11:00:43 - [MESSAGE][PASSED] - Object: 'Object Repository/Schedule8/Page_KDMC - CMS/button_Add' is clicked on

2018-05-05 11:00:43 - [TEST_STEP][PASSED] - selectOptionByIndex: All options with index in [8] are selected on object 'Object Repository/Schedule8/Page_KDMC - CMS/select_--Select--Schedule 1Inj'

2018-05-05 11:00:43 - [MESSAGE][PASSED] - All options with index in [8] are selected on object 'Object Repository/Schedule8/Page_KDMC - CMS/select_--Select--Schedule 1Inj'

2018-05-05 11:00:43 - [TEST_STEP][PASSED] - selectOptionByIndex: All options with index in [6] are selected on object 'Object Repository/Schedule8/Page_KDMC - CMS/select_--Select--Disposable de'

2018-05-05 11:00:43 - [MESSAGE][PASSED] - All options with index in [6] are selected on object 'Object Repository/Schedule8/Page_KDMC - CMS/select_--Select--Disposable de'

2018-05-05 11:00:43 - [TEST_STEP][PASSED] - setText: Text '500' is set on object 'Object Repository/Schedule8/Page_KDMC - CMS/input_txttreat'

2018-05-05 11:00:43 - [MESSAGE][PASSED] - Text '500' is set on object 'Object Repository/Schedule8/Page_KDMC - CMS/input_txttreat'

2018-05-05 11:00:43 - [TEST_STEP][PASSED] - click: Object: 'Object Repository/Schedule8/Page_KDMC - CMS/button_Add' is clicked on

2018-05-05 11:00:44 - [MESSAGE][PASSED] - Object: 'Object Repository/Schedule8/Page_KDMC - CMS/button_Add' is clicked on

2018-05-05 11:00:44 - [TEST_STEP][PASSED] - selectOptionByIndex: All options with index in [8] are selected on object 'Object Repository/Schedule8/Page_KDMC - CMS/select_--Select--Schedule 1Inj'

2018-05-05 11:00:44 - [MESSAGE][PASSED] - All options with index in [8] are selected on object 'Object Repository/Schedule8/Page_KDMC - CMS/select_--Select--Schedule 1Inj'

2018-05-05 11:00:44 - [TEST_STEP][PASSED] - selectOptionByIndex: All options with index in [7] are selected on object 'Object Repository/Schedule8/Page_KDMC - CMS/select_--Select--Disposable de'

2018-05-05 11:00:44 - [MESSAGE][PASSED] - All options with index in [7] are selected on object 'Object Repository/Schedule8/Page_KDMC - CMS/select_--Select--Disposable de'

2018-05-05 11:00:44 - [TEST_STEP][PASSED] - setText: Text '500' is set on object 'Object Repository/Schedule8/Page_KDMC - CMS/input_txttreat'

2018-05-05 11:00:44 - [MESSAGE][PASSED] - Text '500' is set on object 'Object Repository/Schedule8/Page_KDMC - CMS/input_txttreat'

2018-05-05 11:00:44 - [TEST_STEP][PASSED] - click: Object: 'Object Repository/Schedule8/Page_KDMC - CMS/button_Add' is clicked on

2018-05-05 11:00:44 - [MESSAGE][PASSED] - Object: 'Object Repository/Schedule8/Page_KDMC - CMS/button_Add' is clicked on

2018-05-05 11:00:44 - [TEST_STEP][PASSED] - selectOptionByIndex: All options with index in [8] are selected on object 'Object Repository/Schedule8/Page_KDMC - CMS/select_--Select--Schedule 1Inj'

2018-05-05 11:00:44 - [MESSAGE][PASSED] - All options with index in [8] are selected on object 'Object Repository/Schedule8/Page_KDMC - CMS/select_--Select--Schedule 1Inj'

2018-05-05 11:00:44 - [TEST_STEP][PASSED] - selectOptionByIndex: All options with index in [8] are selected on object 'Object Repository/Schedule8/Page_KDMC - CMS/select_--Select--Disposable de'

2018-05-05 11:00:44 - [MESSAGE][PASSED] - All options with index in [8] are selected on object 'Object Repository/Schedule8/Page_KDMC - CMS/select_--Select--Disposable de'

2018-05-05 11:00:44 - [TEST_STEP][PASSED] - setText: Text '500' is set on object 'Object Repository/Schedule8/Page_KDMC - CMS/input_txttreat'

2018-05-05 11:00:44 - [MESSAGE][PASSED] - Text '500' is set on object 'Object Repository/Schedule8/Page_KDMC - CMS/input_txttreat'

2018-05-05 11:00:44 - [TEST_STEP][PASSED] - click: Object: 'Object Repository/Schedule8/Page_KDMC - CMS/button_Add' is clicked on

2018-05-05 11:00:45 - [MESSAGE][PASSED] - Object: 'Object Repository/Schedule8/Page_KDMC - CMS/button_Add' is clicked on

2018-05-05 11:00:45 - [TEST_STEP][PASSED] - selectOptionByIndex: All options with index in [8] are selected on object 'Object Repository/Schedule8/Page_KDMC - CMS/select_--Select--Schedule 1Inj'

2018-05-05 11:00:45 - [MESSAGE][PASSED] - All options with index in [8] are selected on object 'Object Repository/Schedule8/Page_KDMC - CMS/select_--Select--Schedule 1Inj'

2018-05-05 11:00:45 - [TEST_STEP][PASSED] - selectOptionByIndex: All options with index in [9] are selected on object 'Object Repository/Schedule8/Page_KDMC - CMS/select_--Select--Disposable de'

2018-05-05 11:00:46 - [MESSAGE][PASSED] - All options with index in [9] are selected on object 'Object Repository/Schedule8/Page_KDMC - CMS/select_--Select--Disposable de'

2018-05-05 11:00:46 - [TEST_STEP][PASSED] - setText: Text '500' is set on object 'Object Repository/Schedule8/Page_KDMC - CMS/input_txttreat'

2018-05-05 11:00:46 - [MESSAGE][PASSED] - Text '500' is set on object 'Object Repository/Schedule8/Page_KDMC - CMS/input_txttreat'

2018-05-05 11:00:46 - [TEST_STEP][PASSED] - click: Object: 'Object Repository/Schedule8/Page_KDMC - CMS/button_Add' is clicked on

2018-05-05 11:00:46 - [MESSAGE][PASSED] - Object: 'Object Repository/Schedule8/Page_KDMC - CMS/button_Add' is clicked on

2018-05-05 11:00:46 - [TEST_STEP][PASSED] - selectOptionByIndex: All options with index in [8] are selected on object 'Object Repository/Schedule8/Page_KDMC - CMS/select_--Select--Schedule 1Inj'

2018-05-05 11:00:46 - [MESSAGE][PASSED] - All options with index in [8] are selected on object 'Object Repository/Schedule8/Page_KDMC - CMS/select_--Select--Schedule 1Inj'

2018-05-05 11:00:46 - [TEST_STEP][PASSED] - selectOptionByIndex: All options with index in [10] are selected on object 'Object Repository/Schedule8/Page_KDMC - CMS/select_--Select--Disposable de'

2018-05-05 11:00:47 - [MESSAGE][PASSED] - All options with index in [10] are selected on object 'Object Repository/Schedule8/Page_KDMC - CMS/select_--Select--Disposable de'

2018-05-05 11:00:47 - [TEST_STEP][PASSED] - setText: Text '500' is set on object 'Object Repository/Schedule8/Page_KDMC - CMS/input_txttreat'

2018-05-05 11:00:47 - [MESSAGE][PASSED] - Text '500' is set on object 'Object Repository/Schedule8/Page_KDMC - CMS/input_txttreat'

2018-05-05 11:00:47 - [TEST_STEP][PASSED] - click: Object: 'Object Repository/Schedule8/Page_KDMC - CMS/button_Add' is clicked on

2018-05-05 11:00:47 - [MESSAGE][PASSED] - Object: 'Object Repository/Schedule8/Page_KDMC - CMS/button_Add' is clicked on

2018-05-05 11:00:47 - [TEST_STEP][PASSED] - selectOptionByIndex: All options with index in [8] are selected on object 'Object Repository/Schedule8/Page_KDMC - CMS/select_--Select--Schedule 1Inj'

2018-05-05 11:00:47 - [MESSAGE][PASSED] - All options with index in [8] are selected on object 'Object Repository/Schedule8/Page_KDMC - CMS/select_--Select--Schedule 1Inj'

2018-05-05 11:00:47 - [TEST_STEP][PASSED] - selectOptionByIndex: All options with index in [11] are selected on object 'Object Repository/Schedule8/Page_KDMC - CMS/select_--Select--Disposable de'

2018-05-05 11:00:47 - [MESSAGE][PASSED] - All options with index in [11] are selected on object 'Object Repository/Schedule8/Page_KDMC - CMS/select_--Select--Disposable de'

2018-05-05 11:00:47 - [TEST_STEP][PASSED] - setText: Text '500' is set on object 'Object Repository/Schedule8/Page_KDMC - CMS/input_txttreat'

2018-05-05 11:00:47 - [MESSAGE][PASSED] - Text '500' is set on object 'Object Repository/Schedule8/Page_KDMC - CMS/input_txttreat'

2018-05-05 11:00:47 - [TEST_STEP][PASSED] - click: Object: 'Object Repository/Schedule8/Page_KDMC - CMS/button_Add' is clicked on

2018-05-05 11:00:47 - [MESSAGE][PASSED] - Object: 'Object Repository/Schedule8/Page_KDMC - CMS/button_Add' is clicked on

2018-05-05 11:00:47 - [TEST_STEP][PASSED] - selectOptionByIndex: All options with index in [8] are selected on object 'Object Repository/Schedule8/Page_KDMC - CMS/select_--Select--Schedule 1Inj'

2018-05-05 11:00:47 - [MESSAGE][PASSED] - All options with index in [8] are selected on object 'Object Repository/Schedule8/Page_KDMC - CMS/select_--Select--Schedule 1Inj'

2018-05-05 11:00:47 - [TEST_STEP][PASSED] - selectOptionByIndex: All options with index in [12] are selected on object 'Object Repository/Schedule8/Page_KDMC - CMS/select_--Select--Disposable de'

2018-05-05 11:00:48 - [MESSAGE][PASSED] - All options with index in [12] are selected on object 'Object Repository/Schedule8/Page_KDMC - CMS/select_--Select--Disposable de'

2018-05-05 11:00:48 - [TEST_STEP][PASSED] - setText: Text '500' is set on object 'Object Repository/Schedule8/Page_KDMC - CMS/input_txttreat'

2018-05-05 11:00:48 - [MESSAGE][PASSED] - Text '500' is set on object 'Object Repository/Schedule8/Page_KDMC - CMS/input_txttreat'

2018-05-05 11:00:48 - [TEST_STEP][PASSED] - click: Object: 'Object Repository/Schedule8/Page_KDMC - CMS/button_Add' is clicked on

2018-05-05 11:00:48 - [MESSAGE][PASSED] - Object: 'Object Repository/Schedule8/Page_KDMC - CMS/button_Add' is clicked on

2018-05-05 11:00:48 - [TEST_STEP][PASSED] - selectOptionByIndex: All options with index in [8] are selected on object 'Object Repository/Schedule8/Page_KDMC - CMS/select_--Select--Schedule 1Inj'

2018-05-05 11:00:48 - [MESSAGE][PASSED] - All options with index in [8] are selected on object 'Object Repository/Schedule8/Page_KDMC - CMS/select_--Select--Schedule 1Inj'

2018-05-05 11:00:48 - [TEST_STEP][PASSED] - selectOptionByIndex: All options with index in [13] are selected on object 'Object Repository/Schedule8/Page_KDMC - CMS/select_--Select--Disposable de'

2018-05-05 11:00:49 - [MESSAGE][PASSED] - All options with index in [13] are selected on object 'Object Repository/Schedule8/Page_KDMC - CMS/select_--Select--Disposable de'

2018-05-05 11:00:49 - [TEST_STEP][PASSED] - setText: Text '500' is set on object 'Object Repository/Schedule8/Page_KDMC - CMS/input_txttreat'

2018-05-05 11:00:49 - [MESSAGE][PASSED] - Text '500' is set on object 'Object Repository/Schedule8/Page_KDMC - CMS/input_txttreat'

2018-05-05 11:00:49 - [TEST_STEP][PASSED] - click: Object: 'Object Repository/Schedule8/Page_KDMC - CMS/button_Add' is clicked on

2018-05-05 11:00:49 - [MESSAGE][PASSED] - Object: 'Object Repository/Schedule8/Page_KDMC - CMS/button_Add' is clicked on

2018-05-05 11:00:49 - [TEST_STEP][PASSED] - selectOptionByIndex: All options with index in [8] are selected on object 'Object Repository/Schedule8/Page_KDMC - CMS/select_--Select--Schedule 1Inj'

2018-05-05 11:00:49 - [MESSAGE][PASSED] - All options with index in [8] are selected on object 'Object Repository/Schedule8/Page_KDMC - CMS/select_--Select--Schedule 1Inj'

2018-05-05 11:00:49 - [TEST_STEP][PASSED] - selectOptionByIndex: All options with index in [14] are selected on object 'Object Repository/Schedule8/Page_KDMC - CMS/select_--Select--Disposable de'

2018-05-05 11:00:50 - [MESSAGE][PASSED] - All options with index in [14] are selected on object 'Object Repository/Schedule8/Page_KDMC - CMS/select_--Select--Disposable de'

2018-05-05 11:00:50 - [TEST_STEP][PASSED] - setText: Text '500' is set on object 'Object Repository/Schedule8/Page_KDMC - CMS/input_txttreat'

2018-05-05 11:00:50 - [MESSAGE][PASSED] - Text '500' is set on object 'Object Repository/Schedule8/Page_KDMC - CMS/input_txttreat'

2018-05-05 11:00:50 - [TEST_STEP][PASSED] - click: Object: 'Object Repository/Schedule8/Page_KDMC - CMS/button_Add' is clicked on

2018-05-05 11:00:50 - [MESSAGE][PASSED] - Object: 'Object Repository/Schedule8/Page_KDMC - CMS/button_Add' is clicked on

2018-05-05 11:00:50 - [TEST_STEP][PASSED] - selectOptionByIndex: All options with index in [8] are selected on object 'Object Repository/Schedule8/Page_KDMC - CMS/select_--Select--Schedule 1Inj'

2018-05-05 11:00:50 - [MESSAGE][PASSED] - All options with index in [8] are selected on object 'Object Repository/Schedule8/Page_KDMC - CMS/select_--Select--Schedule 1Inj'

2018-05-05 11:00:50 - [TEST_STEP][PASSED] - selectOptionByIndex: All options with index in [15] are selected on object 'Object Repository/Schedule8/Page_KDMC - CMS/select_--Select--Disposable de'

2018-05-05 11:00:51 - [MESSAGE][PASSED] - All options with index in [15] are selected on object 'Object Repository/Schedule8/Page_KDMC - CMS/select_--Select--Disposable de'

2018-05-05 11:00:51 - [TEST_STEP][PASSED] - setText: Text '500' is set on object 'Object Repository/Schedule8/Page_KDMC - CMS/input_txttreat'

2018-05-05 11:00:51 - [MESSAGE][PASSED] - Text '500' is set on object 'Object Repository/Schedule8/Page_KDMC - CMS/input_txttreat'

2018-05-05 11:00:51 - [TEST_STEP][PASSED] - click: Object: 'Object Repository/Schedule8/Page_KDMC - CMS/button_Add' is clicked on

2018-05-05 11:00:51 - [MESSAGE][PASSED] - Object: 'Object Repository/Schedule8/Page_KDMC - CMS/button_Add' is clicked on

2018-05-05 11:00:51 - [TEST_STEP][PASSED] - selectOptionByIndex: All options with index in [8] are selected on object 'Object Repository/Schedule8/Page_KDMC - CMS/select_--Select--Schedule 1Inj'

2018-05-05 11:00:51 - [MESSAGE][PASSED] - All options with index in [8] are selected on object 'Object Repository/Schedule8/Page_KDMC - CMS/select_--Select--Schedule 1Inj'

2018-05-05 11:00:51 - [TEST_STEP][PASSED] - selectOptionByIndex: All options with index in [16] are selected on object 'Object Repository/Schedule8/Page_KDMC - CMS/select_--Select--Disposable de'

2018-05-05 11:00:52 - [MESSAGE][PASSED] - All options with index in [16] are selected on object 'Object Repository/Schedule8/Page_KDMC - CMS/select_--Select--Disposable de'

2018-05-05 11:00:52 - [TEST_STEP][PASSED] - setText: Text '500' is set on object 'Object Repository/Schedule8/Page_KDMC - CMS/input_txttreat'

2018-05-05 11:00:52 - [MESSAGE][PASSED] - Text '500' is set on object 'Object Repository/Schedule8/Page_KDMC - CMS/input_txttreat'

2018-05-05 11:00:52 - [TEST_STEP][PASSED] - click: Object: 'Object Repository/Schedule8/Page_KDMC - CMS/button_Add' is clicked on

2018-05-05 11:00:52 - [MESSAGE][PASSED] - Object: 'Object Repository/Schedule8/Page_KDMC - CMS/button_Add' is clicked on

2018-05-05 11:00:52 - [TEST_STEP][PASSED] - selectOptionByIndex: All options with index in [8] are selected on object 'Object Repository/Schedule8/Page_KDMC - CMS/select_--Select--Schedule 1Inj'

2018-05-05 11:00:53 - [MESSAGE][PASSED] - All options with index in [8] are selected on object 'Object Repository/Schedule8/Page_KDMC - CMS/select_--Select--Schedule 1Inj'

2018-05-05 11:00:53 - [TEST_STEP][PASSED] - selectOptionByIndex: All options with index in [17] are selected on object 'Object Repository/Schedule8/Page_KDMC - CMS/select_--Select--Disposable de'

2018-05-05 11:00:53 - [MESSAGE][PASSED] - All options with index in [17] are selected on object 'Object Repository/Schedule8/Page_KDMC - CMS/select_--Select--Disposable de'

2018-05-05 11:00:53 - [TEST_STEP][PASSED] - setText: Text '500' is set on object 'Object Repository/Schedule8/Page_KDMC - CMS/input_txttreat'

2018-05-05 11:00:54 - [MESSAGE][PASSED] - Text '500' is set on object 'Object Repository/Schedule8/Page_KDMC - CMS/input_txttreat'

2018-05-05 11:00:54 - [TEST_STEP][PASSED] - click: Object: 'Object Repository/Schedule8/Page_KDMC - CMS/button_Add' is clicked on

2018-05-05 11:00:54 - [MESSAGE][PASSED] - Object: 'Object Repository/Schedule8/Page_KDMC - CMS/button_Add' is clicked on

2018-05-05 11:00:54 - [TEST_STEP][PASSED] - scrollToElement: Scroll to object 'Object Repository/Schedule8/Page_KDMC - CMS/input_btnsave' successfully

2018-05-05 11:00:54 - [MESSAGE][PASSED] - Scroll to object 'Object Repository/Schedule8/Page_KDMC - CMS/input_btnsave' successfully

2018-05-05 11:00:54 - [TEST_STEP][PASSED] - click: Object: 'Object Repository/Schedule8/Page_KDMC - CMS/input_btnsave' is clicked on

2018-05-05 11:00:54 - [MESSAGE][PASSED] - Object: 'Object Repository/Schedule8/Page_KDMC - CMS/input_btnsave' is clicked on

2018-05-05 11:00:54 - [TEST_STEP][PASSED] - delay: Delayed 3 second(s)

2018-05-05 11:00:57 - [MESSAGE][PASSED] - Delayed 3 second(s)

2018-05-05 11:00:57 - [TEST_STEP][PASSED] - click: Object: 'Object Repository/Schedule8/Page_KDMC - CMS/button_OK' is clicked on

2018-05-05 11:00:57 - [MESSAGE][PASSED] - Object: 'Object Repository/Schedule8/Page_KDMC - CMS/button_OK' is clicked on

2018-05-05 11:00:57 - [TEST_STEP][PASSED] - delay: Delayed 3 second(s)

2018-05-05 11:01:00 - [MESSAGE][PASSED] - Delayed 3 second(s)

2018-05-05 11:01:00 - [TEST_STEP][PASSED] - click: Object: 'Object Repository/Schedule8/Page_KDMC - CMS/a_dropdown-toggle' is clicked on

2018-05-05 11:01:00 - [MESSAGE][PASSED] - Object: 'Object Repository/Schedule8/Page_KDMC - CMS/a_dropdown-toggle' is clicked on

2018-05-05 11:01:00 - [TEST_STEP][PASSED] - click: Object: 'Object Repository/Schedule8/Page_KDMC - CMS/a_Sign out' is clicked on

2018-05-05 11:01:01 - [MESSAGE][PASSED] - Object: 'Object Repository/Schedule8/Page_KDMC - CMS/a_Sign out' is clicked on

2018-05-05 11:01:01 - [TEST_STEP][PASSED] - deleteAllCookies: Delete all cookies successfully

2018-05-05 11:01:01 - [MESSAGE][PASSED] - Delete all cookies successfully

2018-05-05 11:01:01 - [TEST_STEP][PASSED] - closeBrowser: Browser is closed

2018-05-05 11:01:02 - [MESSAGE][PASSED] - Browser is closed]]></system-out>
         <system-err><![CDATA[]]></system-err>
      </testcase>
      <testcase name="Test Cases/MOHTOCMSREQUEST/MohRequestSchedule9" classname="Test Cases/MOHTOCMSREQUEST/MohRequestSchedule9" status="PASSED">
         <system-out><![CDATA[2018-05-05 11:01:02 - [TEST_CASE][PASSED] - Test Cases/MOHTOCMSREQUEST/MohRequestSchedule9: Test Cases/MOHTOCMSREQUEST/MohRequestSchedule9

2018-05-05 11:01:02 - [TEST_STEP][PASSED] - openBrowser: Browser is opened with url: ''

2018-05-05 11:01:04 - [MESSAGE][PASSED] - Browser is opened with url: ''

2018-05-05 11:01:04 - [TEST_STEP][PASSED] - navigateToUrl: Navigate to 'http://192.168.137.1/multihospital_new/' successfully

2018-05-05 11:01:09 - [MESSAGE][PASSED] - Navigate to 'http://192.168.137.1/multihospital_new/' successfully

2018-05-05 11:01:09 - [TEST_STEP][PASSED] - maximizeWindow: Current window maximized

2018-05-05 11:01:10 - [MESSAGE][PASSED] - Current window maximized

2018-05-05 11:01:10 - [TEST_STEP][PASSED] - click: Object: 'Object Repository/Schedule9/Page_KDMC/a_CMS' is clicked on

2018-05-05 11:01:11 - [MESSAGE][PASSED] - Object: 'Object Repository/Schedule9/Page_KDMC/a_CMS' is clicked on

2018-05-05 11:01:11 - [TEST_STEP][PASSED] - setText: Text 'bala' is set on object 'Object Repository/Schedule9/Page_CMS login/input_txtusername'

2018-05-05 11:01:11 - [MESSAGE][PASSED] - Text 'bala' is set on object 'Object Repository/Schedule9/Page_CMS login/input_txtusername'

2018-05-05 11:01:11 - [TEST_STEP][PASSED] - setText: Text '123' is set on object 'Object Repository/Schedule9/Page_CMS login/input_txtpassword'

2018-05-05 11:01:11 - [MESSAGE][PASSED] - Text '123' is set on object 'Object Repository/Schedule9/Page_CMS login/input_txtpassword'

2018-05-05 11:01:11 - [TEST_STEP][PASSED] - delay: Delayed 3 second(s)

2018-05-05 11:01:14 - [MESSAGE][PASSED] - Delayed 3 second(s)

2018-05-05 11:01:14 - [TEST_STEP][PASSED] - click: Object: 'Object Repository/Schedule9/Page_CMS login/button_Sign in' is clicked on

2018-05-05 11:01:15 - [MESSAGE][PASSED] - Object: 'Object Repository/Schedule9/Page_CMS login/button_Sign in' is clicked on

2018-05-05 11:01:15 - [TEST_STEP][PASSED] - click: Object: 'Object Repository/Schedule9/Page_KDMC - CMS/a_Request to MOH' is clicked on

2018-05-05 11:01:16 - [MESSAGE][PASSED] - Object: 'Object Repository/Schedule9/Page_KDMC - CMS/a_Request to MOH' is clicked on

2018-05-05 11:01:16 - [TEST_STEP][PASSED] - selectOptionByIndex: All options with index in [2] are selected on object 'Object Repository/Schedule9/Page_KDMC - CMS/select_--Select--'

2018-05-05 11:01:16 - [MESSAGE][PASSED] - All options with index in [2] are selected on object 'Object Repository/Schedule9/Page_KDMC - CMS/select_--Select--'

2018-05-05 11:01:16 - [TEST_STEP][PASSED] - selectOptionByIndex: All options with index in [9] are selected on object 'Object Repository/Schedule9/Page_KDMC - CMS/select_--Select--Schedule 1Inj'

2018-05-05 11:01:16 - [MESSAGE][PASSED] - All options with index in [9] are selected on object 'Object Repository/Schedule9/Page_KDMC - CMS/select_--Select--Schedule 1Inj'

2018-05-05 11:01:16 - [TEST_STEP][PASSED] - Statement - Selectedoption = com.kms.katalon.core.webui.keyword.WebUiBuiltInKeywords.getNumberOfTotalOption(com.kms.katalon.core.testobject.ObjectRepository.findTestObject(Schedule9/Page_KDMC - CMS/select_--Select--Blood Transfu)): 36 options of object 'Object Repository/Schedule9/Page_KDMC - CMS/select_--Select--Blood Transfu' counted

2018-05-05 11:01:16 - [MESSAGE][PASSED] - 36 options of object 'Object Repository/Schedule9/Page_KDMC - CMS/select_--Select--Blood Transfu' counted

2018-05-05 11:01:16 - [TEST_STEP][PASSED] - Statement - For ([a = 1, a < Selectedoption, (a++)]): Object: 'Object Repository/Schedule9/Page_KDMC - CMS/button_Add' is clicked on

2018-05-05 11:01:16 - [TEST_STEP][PASSED] - selectOptionByIndex: All options with index in [9] are selected on object 'Object Repository/Schedule9/Page_KDMC - CMS/select_--Select--Schedule 1Inj'

2018-05-05 11:01:16 - [MESSAGE][PASSED] - All options with index in [9] are selected on object 'Object Repository/Schedule9/Page_KDMC - CMS/select_--Select--Schedule 1Inj'

2018-05-05 11:01:16 - [TEST_STEP][PASSED] - selectOptionByIndex: All options with index in [1] are selected on object 'Object Repository/Schedule9/Page_KDMC - CMS/select_--Select--Blood Transfu'

2018-05-05 11:01:16 - [MESSAGE][PASSED] - All options with index in [1] are selected on object 'Object Repository/Schedule9/Page_KDMC - CMS/select_--Select--Blood Transfu'

2018-05-05 11:01:16 - [TEST_STEP][PASSED] - setText: Text '50000' is set on object 'Object Repository/Schedule9/Page_KDMC - CMS/input_txttreat'

2018-05-05 11:01:16 - [MESSAGE][PASSED] - Text '50000' is set on object 'Object Repository/Schedule9/Page_KDMC - CMS/input_txttreat'

2018-05-05 11:01:16 - [TEST_STEP][PASSED] - click: Object: 'Object Repository/Schedule9/Page_KDMC - CMS/button_Add' is clicked on

2018-05-05 11:01:17 - [MESSAGE][PASSED] - Object: 'Object Repository/Schedule9/Page_KDMC - CMS/button_Add' is clicked on

2018-05-05 11:01:17 - [TEST_STEP][PASSED] - selectOptionByIndex: All options with index in [9] are selected on object 'Object Repository/Schedule9/Page_KDMC - CMS/select_--Select--Schedule 1Inj'

2018-05-05 11:01:17 - [MESSAGE][PASSED] - All options with index in [9] are selected on object 'Object Repository/Schedule9/Page_KDMC - CMS/select_--Select--Schedule 1Inj'

2018-05-05 11:01:17 - [TEST_STEP][PASSED] - selectOptionByIndex: All options with index in [2] are selected on object 'Object Repository/Schedule9/Page_KDMC - CMS/select_--Select--Blood Transfu'

2018-05-05 11:01:17 - [MESSAGE][PASSED] - All options with index in [2] are selected on object 'Object Repository/Schedule9/Page_KDMC - CMS/select_--Select--Blood Transfu'

2018-05-05 11:01:17 - [TEST_STEP][PASSED] - setText: Text '50000' is set on object 'Object Repository/Schedule9/Page_KDMC - CMS/input_txttreat'

2018-05-05 11:01:18 - [MESSAGE][PASSED] - Text '50000' is set on object 'Object Repository/Schedule9/Page_KDMC - CMS/input_txttreat'

2018-05-05 11:01:18 - [TEST_STEP][PASSED] - click: Object: 'Object Repository/Schedule9/Page_KDMC - CMS/button_Add' is clicked on

2018-05-05 11:01:18 - [MESSAGE][PASSED] - Object: 'Object Repository/Schedule9/Page_KDMC - CMS/button_Add' is clicked on

2018-05-05 11:01:18 - [TEST_STEP][PASSED] - selectOptionByIndex: All options with index in [9] are selected on object 'Object Repository/Schedule9/Page_KDMC - CMS/select_--Select--Schedule 1Inj'

2018-05-05 11:01:18 - [MESSAGE][PASSED] - All options with index in [9] are selected on object 'Object Repository/Schedule9/Page_KDMC - CMS/select_--Select--Schedule 1Inj'

2018-05-05 11:01:18 - [TEST_STEP][PASSED] - selectOptionByIndex: All options with index in [3] are selected on object 'Object Repository/Schedule9/Page_KDMC - CMS/select_--Select--Blood Transfu'

2018-05-05 11:01:18 - [MESSAGE][PASSED] - All options with index in [3] are selected on object 'Object Repository/Schedule9/Page_KDMC - CMS/select_--Select--Blood Transfu'

2018-05-05 11:01:18 - [TEST_STEP][PASSED] - setText: Text '50000' is set on object 'Object Repository/Schedule9/Page_KDMC - CMS/input_txttreat'

2018-05-05 11:01:19 - [MESSAGE][PASSED] - Text '50000' is set on object 'Object Repository/Schedule9/Page_KDMC - CMS/input_txttreat'

2018-05-05 11:01:19 - [TEST_STEP][PASSED] - click: Object: 'Object Repository/Schedule9/Page_KDMC - CMS/button_Add' is clicked on

2018-05-05 11:01:19 - [MESSAGE][PASSED] - Object: 'Object Repository/Schedule9/Page_KDMC - CMS/button_Add' is clicked on

2018-05-05 11:01:19 - [TEST_STEP][PASSED] - selectOptionByIndex: All options with index in [9] are selected on object 'Object Repository/Schedule9/Page_KDMC - CMS/select_--Select--Schedule 1Inj'

2018-05-05 11:01:19 - [MESSAGE][PASSED] - All options with index in [9] are selected on object 'Object Repository/Schedule9/Page_KDMC - CMS/select_--Select--Schedule 1Inj'

2018-05-05 11:01:19 - [TEST_STEP][PASSED] - selectOptionByIndex: All options with index in [4] are selected on object 'Object Repository/Schedule9/Page_KDMC - CMS/select_--Select--Blood Transfu'

2018-05-05 11:01:19 - [MESSAGE][PASSED] - All options with index in [4] are selected on object 'Object Repository/Schedule9/Page_KDMC - CMS/select_--Select--Blood Transfu'

2018-05-05 11:01:19 - [TEST_STEP][PASSED] - setText: Text '50000' is set on object 'Object Repository/Schedule9/Page_KDMC - CMS/input_txttreat'

2018-05-05 11:01:20 - [MESSAGE][PASSED] - Text '50000' is set on object 'Object Repository/Schedule9/Page_KDMC - CMS/input_txttreat'

2018-05-05 11:01:20 - [TEST_STEP][PASSED] - click: Object: 'Object Repository/Schedule9/Page_KDMC - CMS/button_Add' is clicked on

2018-05-05 11:01:20 - [MESSAGE][PASSED] - Object: 'Object Repository/Schedule9/Page_KDMC - CMS/button_Add' is clicked on

2018-05-05 11:01:20 - [TEST_STEP][PASSED] - selectOptionByIndex: All options with index in [9] are selected on object 'Object Repository/Schedule9/Page_KDMC - CMS/select_--Select--Schedule 1Inj'

2018-05-05 11:01:20 - [MESSAGE][PASSED] - All options with index in [9] are selected on object 'Object Repository/Schedule9/Page_KDMC - CMS/select_--Select--Schedule 1Inj'

2018-05-05 11:01:20 - [TEST_STEP][PASSED] - selectOptionByIndex: All options with index in [5] are selected on object 'Object Repository/Schedule9/Page_KDMC - CMS/select_--Select--Blood Transfu'

2018-05-05 11:01:20 - [MESSAGE][PASSED] - All options with index in [5] are selected on object 'Object Repository/Schedule9/Page_KDMC - CMS/select_--Select--Blood Transfu'

2018-05-05 11:01:20 - [TEST_STEP][PASSED] - setText: Text '50000' is set on object 'Object Repository/Schedule9/Page_KDMC - CMS/input_txttreat'

2018-05-05 11:01:20 - [MESSAGE][PASSED] - Text '50000' is set on object 'Object Repository/Schedule9/Page_KDMC - CMS/input_txttreat'

2018-05-05 11:01:20 - [TEST_STEP][PASSED] - click: Object: 'Object Repository/Schedule9/Page_KDMC - CMS/button_Add' is clicked on

2018-05-05 11:01:20 - [MESSAGE][PASSED] - Object: 'Object Repository/Schedule9/Page_KDMC - CMS/button_Add' is clicked on

2018-05-05 11:01:20 - [TEST_STEP][PASSED] - selectOptionByIndex: All options with index in [9] are selected on object 'Object Repository/Schedule9/Page_KDMC - CMS/select_--Select--Schedule 1Inj'

2018-05-05 11:01:20 - [MESSAGE][PASSED] - All options with index in [9] are selected on object 'Object Repository/Schedule9/Page_KDMC - CMS/select_--Select--Schedule 1Inj'

2018-05-05 11:01:20 - [TEST_STEP][PASSED] - selectOptionByIndex: All options with index in [6] are selected on object 'Object Repository/Schedule9/Page_KDMC - CMS/select_--Select--Blood Transfu'

2018-05-05 11:01:21 - [MESSAGE][PASSED] - All options with index in [6] are selected on object 'Object Repository/Schedule9/Page_KDMC - CMS/select_--Select--Blood Transfu'

2018-05-05 11:01:21 - [TEST_STEP][PASSED] - setText: Text '50000' is set on object 'Object Repository/Schedule9/Page_KDMC - CMS/input_txttreat'

2018-05-05 11:01:21 - [MESSAGE][PASSED] - Text '50000' is set on object 'Object Repository/Schedule9/Page_KDMC - CMS/input_txttreat'

2018-05-05 11:01:21 - [TEST_STEP][PASSED] - click: Object: 'Object Repository/Schedule9/Page_KDMC - CMS/button_Add' is clicked on

2018-05-05 11:01:21 - [MESSAGE][PASSED] - Object: 'Object Repository/Schedule9/Page_KDMC - CMS/button_Add' is clicked on

2018-05-05 11:01:21 - [TEST_STEP][PASSED] - selectOptionByIndex: All options with index in [9] are selected on object 'Object Repository/Schedule9/Page_KDMC - CMS/select_--Select--Schedule 1Inj'

2018-05-05 11:01:21 - [MESSAGE][PASSED] - All options with index in [9] are selected on object 'Object Repository/Schedule9/Page_KDMC - CMS/select_--Select--Schedule 1Inj'

2018-05-05 11:01:21 - [TEST_STEP][PASSED] - selectOptionByIndex: All options with index in [7] are selected on object 'Object Repository/Schedule9/Page_KDMC - CMS/select_--Select--Blood Transfu'

2018-05-05 11:01:22 - [MESSAGE][PASSED] - All options with index in [7] are selected on object 'Object Repository/Schedule9/Page_KDMC - CMS/select_--Select--Blood Transfu'

2018-05-05 11:01:22 - [TEST_STEP][PASSED] - setText: Text '50000' is set on object 'Object Repository/Schedule9/Page_KDMC - CMS/input_txttreat'

2018-05-05 11:01:22 - [MESSAGE][PASSED] - Text '50000' is set on object 'Object Repository/Schedule9/Page_KDMC - CMS/input_txttreat'

2018-05-05 11:01:22 - [TEST_STEP][PASSED] - click: Object: 'Object Repository/Schedule9/Page_KDMC - CMS/button_Add' is clicked on

2018-05-05 11:01:22 - [MESSAGE][PASSED] - Object: 'Object Repository/Schedule9/Page_KDMC - CMS/button_Add' is clicked on

2018-05-05 11:01:22 - [TEST_STEP][PASSED] - selectOptionByIndex: All options with index in [9] are selected on object 'Object Repository/Schedule9/Page_KDMC - CMS/select_--Select--Schedule 1Inj'

2018-05-05 11:01:22 - [MESSAGE][PASSED] - All options with index in [9] are selected on object 'Object Repository/Schedule9/Page_KDMC - CMS/select_--Select--Schedule 1Inj'

2018-05-05 11:01:22 - [TEST_STEP][PASSED] - selectOptionByIndex: All options with index in [8] are selected on object 'Object Repository/Schedule9/Page_KDMC - CMS/select_--Select--Blood Transfu'

2018-05-05 11:01:23 - [MESSAGE][PASSED] - All options with index in [8] are selected on object 'Object Repository/Schedule9/Page_KDMC - CMS/select_--Select--Blood Transfu'

2018-05-05 11:01:23 - [TEST_STEP][PASSED] - setText: Text '50000' is set on object 'Object Repository/Schedule9/Page_KDMC - CMS/input_txttreat'

2018-05-05 11:01:23 - [MESSAGE][PASSED] - Text '50000' is set on object 'Object Repository/Schedule9/Page_KDMC - CMS/input_txttreat'

2018-05-05 11:01:23 - [TEST_STEP][PASSED] - click: Object: 'Object Repository/Schedule9/Page_KDMC - CMS/button_Add' is clicked on

2018-05-05 11:01:23 - [MESSAGE][PASSED] - Object: 'Object Repository/Schedule9/Page_KDMC - CMS/button_Add' is clicked on

2018-05-05 11:01:23 - [TEST_STEP][PASSED] - selectOptionByIndex: All options with index in [9] are selected on object 'Object Repository/Schedule9/Page_KDMC - CMS/select_--Select--Schedule 1Inj'

2018-05-05 11:01:23 - [MESSAGE][PASSED] - All options with index in [9] are selected on object 'Object Repository/Schedule9/Page_KDMC - CMS/select_--Select--Schedule 1Inj'

2018-05-05 11:01:23 - [TEST_STEP][PASSED] - selectOptionByIndex: All options with index in [9] are selected on object 'Object Repository/Schedule9/Page_KDMC - CMS/select_--Select--Blood Transfu'

2018-05-05 11:01:24 - [MESSAGE][PASSED] - All options with index in [9] are selected on object 'Object Repository/Schedule9/Page_KDMC - CMS/select_--Select--Blood Transfu'

2018-05-05 11:01:24 - [TEST_STEP][PASSED] - setText: Text '50000' is set on object 'Object Repository/Schedule9/Page_KDMC - CMS/input_txttreat'

2018-05-05 11:01:24 - [MESSAGE][PASSED] - Text '50000' is set on object 'Object Repository/Schedule9/Page_KDMC - CMS/input_txttreat'

2018-05-05 11:01:24 - [TEST_STEP][PASSED] - click: Object: 'Object Repository/Schedule9/Page_KDMC - CMS/button_Add' is clicked on

2018-05-05 11:01:24 - [MESSAGE][PASSED] - Object: 'Object Repository/Schedule9/Page_KDMC - CMS/button_Add' is clicked on

2018-05-05 11:01:24 - [TEST_STEP][PASSED] - selectOptionByIndex: All options with index in [9] are selected on object 'Object Repository/Schedule9/Page_KDMC - CMS/select_--Select--Schedule 1Inj'

2018-05-05 11:01:24 - [MESSAGE][PASSED] - All options with index in [9] are selected on object 'Object Repository/Schedule9/Page_KDMC - CMS/select_--Select--Schedule 1Inj'

2018-05-05 11:01:24 - [TEST_STEP][PASSED] - selectOptionByIndex: All options with index in [10] are selected on object 'Object Repository/Schedule9/Page_KDMC - CMS/select_--Select--Blood Transfu'

2018-05-05 11:01:25 - [MESSAGE][PASSED] - All options with index in [10] are selected on object 'Object Repository/Schedule9/Page_KDMC - CMS/select_--Select--Blood Transfu'

2018-05-05 11:01:25 - [TEST_STEP][PASSED] - setText: Text '50000' is set on object 'Object Repository/Schedule9/Page_KDMC - CMS/input_txttreat'

2018-05-05 11:01:25 - [MESSAGE][PASSED] - Text '50000' is set on object 'Object Repository/Schedule9/Page_KDMC - CMS/input_txttreat'

2018-05-05 11:01:25 - [TEST_STEP][PASSED] - click: Object: 'Object Repository/Schedule9/Page_KDMC - CMS/button_Add' is clicked on

2018-05-05 11:01:25 - [MESSAGE][PASSED] - Object: 'Object Repository/Schedule9/Page_KDMC - CMS/button_Add' is clicked on

2018-05-05 11:01:25 - [TEST_STEP][PASSED] - selectOptionByIndex: All options with index in [9] are selected on object 'Object Repository/Schedule9/Page_KDMC - CMS/select_--Select--Schedule 1Inj'

2018-05-05 11:01:25 - [MESSAGE][PASSED] - All options with index in [9] are selected on object 'Object Repository/Schedule9/Page_KDMC - CMS/select_--Select--Schedule 1Inj'

2018-05-05 11:01:25 - [TEST_STEP][PASSED] - selectOptionByIndex: All options with index in [11] are selected on object 'Object Repository/Schedule9/Page_KDMC - CMS/select_--Select--Blood Transfu'

2018-05-05 11:01:26 - [MESSAGE][PASSED] - All options with index in [11] are selected on object 'Object Repository/Schedule9/Page_KDMC - CMS/select_--Select--Blood Transfu'

2018-05-05 11:01:26 - [TEST_STEP][PASSED] - setText: Text '50000' is set on object 'Object Repository/Schedule9/Page_KDMC - CMS/input_txttreat'

2018-05-05 11:01:26 - [MESSAGE][PASSED] - Text '50000' is set on object 'Object Repository/Schedule9/Page_KDMC - CMS/input_txttreat'

2018-05-05 11:01:26 - [TEST_STEP][PASSED] - click: Object: 'Object Repository/Schedule9/Page_KDMC - CMS/button_Add' is clicked on

2018-05-05 11:01:26 - [MESSAGE][PASSED] - Object: 'Object Repository/Schedule9/Page_KDMC - CMS/button_Add' is clicked on

2018-05-05 11:01:26 - [TEST_STEP][PASSED] - selectOptionByIndex: All options with index in [9] are selected on object 'Object Repository/Schedule9/Page_KDMC - CMS/select_--Select--Schedule 1Inj'

2018-05-05 11:01:27 - [MESSAGE][PASSED] - All options with index in [9] are selected on object 'Object Repository/Schedule9/Page_KDMC - CMS/select_--Select--Schedule 1Inj'

2018-05-05 11:01:27 - [TEST_STEP][PASSED] - selectOptionByIndex: All options with index in [12] are selected on object 'Object Repository/Schedule9/Page_KDMC - CMS/select_--Select--Blood Transfu'

2018-05-05 11:01:27 - [MESSAGE][PASSED] - All options with index in [12] are selected on object 'Object Repository/Schedule9/Page_KDMC - CMS/select_--Select--Blood Transfu'

2018-05-05 11:01:27 - [TEST_STEP][PASSED] - setText: Text '50000' is set on object 'Object Repository/Schedule9/Page_KDMC - CMS/input_txttreat'

2018-05-05 11:01:27 - [MESSAGE][PASSED] - Text '50000' is set on object 'Object Repository/Schedule9/Page_KDMC - CMS/input_txttreat'

2018-05-05 11:01:27 - [TEST_STEP][PASSED] - click: Object: 'Object Repository/Schedule9/Page_KDMC - CMS/button_Add' is clicked on

2018-05-05 11:01:27 - [MESSAGE][PASSED] - Object: 'Object Repository/Schedule9/Page_KDMC - CMS/button_Add' is clicked on

2018-05-05 11:01:27 - [TEST_STEP][PASSED] - selectOptionByIndex: All options with index in [9] are selected on object 'Object Repository/Schedule9/Page_KDMC - CMS/select_--Select--Schedule 1Inj'

2018-05-05 11:01:28 - [MESSAGE][PASSED] - All options with index in [9] are selected on object 'Object Repository/Schedule9/Page_KDMC - CMS/select_--Select--Schedule 1Inj'

2018-05-05 11:01:28 - [TEST_STEP][PASSED] - selectOptionByIndex: All options with index in [13] are selected on object 'Object Repository/Schedule9/Page_KDMC - CMS/select_--Select--Blood Transfu'

2018-05-05 11:01:28 - [MESSAGE][PASSED] - All options with index in [13] are selected on object 'Object Repository/Schedule9/Page_KDMC - CMS/select_--Select--Blood Transfu'

2018-05-05 11:01:28 - [TEST_STEP][PASSED] - setText: Text '50000' is set on object 'Object Repository/Schedule9/Page_KDMC - CMS/input_txttreat'

2018-05-05 11:01:29 - [MESSAGE][PASSED] - Text '50000' is set on object 'Object Repository/Schedule9/Page_KDMC - CMS/input_txttreat'

2018-05-05 11:01:29 - [TEST_STEP][PASSED] - click: Object: 'Object Repository/Schedule9/Page_KDMC - CMS/button_Add' is clicked on

2018-05-05 11:01:29 - [MESSAGE][PASSED] - Object: 'Object Repository/Schedule9/Page_KDMC - CMS/button_Add' is clicked on

2018-05-05 11:01:29 - [TEST_STEP][PASSED] - selectOptionByIndex: All options with index in [9] are selected on object 'Object Repository/Schedule9/Page_KDMC - CMS/select_--Select--Schedule 1Inj'

2018-05-05 11:01:29 - [MESSAGE][PASSED] - All options with index in [9] are selected on object 'Object Repository/Schedule9/Page_KDMC - CMS/select_--Select--Schedule 1Inj'

2018-05-05 11:01:29 - [TEST_STEP][PASSED] - selectOptionByIndex: All options with index in [14] are selected on object 'Object Repository/Schedule9/Page_KDMC - CMS/select_--Select--Blood Transfu'

2018-05-05 11:01:30 - [MESSAGE][PASSED] - All options with index in [14] are selected on object 'Object Repository/Schedule9/Page_KDMC - CMS/select_--Select--Blood Transfu'

2018-05-05 11:01:30 - [TEST_STEP][PASSED] - setText: Text '50000' is set on object 'Object Repository/Schedule9/Page_KDMC - CMS/input_txttreat'

2018-05-05 11:01:30 - [MESSAGE][PASSED] - Text '50000' is set on object 'Object Repository/Schedule9/Page_KDMC - CMS/input_txttreat'

2018-05-05 11:01:30 - [TEST_STEP][PASSED] - click: Object: 'Object Repository/Schedule9/Page_KDMC - CMS/button_Add' is clicked on

2018-05-05 11:01:30 - [MESSAGE][PASSED] - Object: 'Object Repository/Schedule9/Page_KDMC - CMS/button_Add' is clicked on

2018-05-05 11:01:30 - [TEST_STEP][PASSED] - selectOptionByIndex: All options with index in [9] are selected on object 'Object Repository/Schedule9/Page_KDMC - CMS/select_--Select--Schedule 1Inj'

2018-05-05 11:01:30 - [MESSAGE][PASSED] - All options with index in [9] are selected on object 'Object Repository/Schedule9/Page_KDMC - CMS/select_--Select--Schedule 1Inj'

2018-05-05 11:01:30 - [TEST_STEP][PASSED] - selectOptionByIndex: All options with index in [15] are selected on object 'Object Repository/Schedule9/Page_KDMC - CMS/select_--Select--Blood Transfu'

2018-05-05 11:01:31 - [MESSAGE][PASSED] - All options with index in [15] are selected on object 'Object Repository/Schedule9/Page_KDMC - CMS/select_--Select--Blood Transfu'

2018-05-05 11:01:31 - [TEST_STEP][PASSED] - setText: Text '50000' is set on object 'Object Repository/Schedule9/Page_KDMC - CMS/input_txttreat'

2018-05-05 11:01:31 - [MESSAGE][PASSED] - Text '50000' is set on object 'Object Repository/Schedule9/Page_KDMC - CMS/input_txttreat'

2018-05-05 11:01:31 - [TEST_STEP][PASSED] - click: Object: 'Object Repository/Schedule9/Page_KDMC - CMS/button_Add' is clicked on

2018-05-05 11:01:31 - [MESSAGE][PASSED] - Object: 'Object Repository/Schedule9/Page_KDMC - CMS/button_Add' is clicked on

2018-05-05 11:01:31 - [TEST_STEP][PASSED] - selectOptionByIndex: All options with index in [9] are selected on object 'Object Repository/Schedule9/Page_KDMC - CMS/select_--Select--Schedule 1Inj'

2018-05-05 11:01:31 - [MESSAGE][PASSED] - All options with index in [9] are selected on object 'Object Repository/Schedule9/Page_KDMC - CMS/select_--Select--Schedule 1Inj'

2018-05-05 11:01:31 - [TEST_STEP][PASSED] - selectOptionByIndex: All options with index in [16] are selected on object 'Object Repository/Schedule9/Page_KDMC - CMS/select_--Select--Blood Transfu'

2018-05-05 11:01:32 - [MESSAGE][PASSED] - All options with index in [16] are selected on object 'Object Repository/Schedule9/Page_KDMC - CMS/select_--Select--Blood Transfu'

2018-05-05 11:01:32 - [TEST_STEP][PASSED] - setText: Text '50000' is set on object 'Object Repository/Schedule9/Page_KDMC - CMS/input_txttreat'

2018-05-05 11:01:32 - [MESSAGE][PASSED] - Text '50000' is set on object 'Object Repository/Schedule9/Page_KDMC - CMS/input_txttreat'

2018-05-05 11:01:32 - [TEST_STEP][PASSED] - click: Object: 'Object Repository/Schedule9/Page_KDMC - CMS/button_Add' is clicked on

2018-05-05 11:01:32 - [MESSAGE][PASSED] - Object: 'Object Repository/Schedule9/Page_KDMC - CMS/button_Add' is clicked on

2018-05-05 11:01:32 - [TEST_STEP][PASSED] - selectOptionByIndex: All options with index in [9] are selected on object 'Object Repository/Schedule9/Page_KDMC - CMS/select_--Select--Schedule 1Inj'

2018-05-05 11:01:32 - [MESSAGE][PASSED] - All options with index in [9] are selected on object 'Object Repository/Schedule9/Page_KDMC - CMS/select_--Select--Schedule 1Inj'

2018-05-05 11:01:32 - [TEST_STEP][PASSED] - selectOptionByIndex: All options with index in [17] are selected on object 'Object Repository/Schedule9/Page_KDMC - CMS/select_--Select--Blood Transfu'

2018-05-05 11:01:33 - [MESSAGE][PASSED] - All options with index in [17] are selected on object 'Object Repository/Schedule9/Page_KDMC - CMS/select_--Select--Blood Transfu'

2018-05-05 11:01:33 - [TEST_STEP][PASSED] - setText: Text '50000' is set on object 'Object Repository/Schedule9/Page_KDMC - CMS/input_txttreat'

2018-05-05 11:01:33 - [MESSAGE][PASSED] - Text '50000' is set on object 'Object Repository/Schedule9/Page_KDMC - CMS/input_txttreat'

2018-05-05 11:01:33 - [TEST_STEP][PASSED] - click: Object: 'Object Repository/Schedule9/Page_KDMC - CMS/button_Add' is clicked on

2018-05-05 11:01:33 - [MESSAGE][PASSED] - Object: 'Object Repository/Schedule9/Page_KDMC - CMS/button_Add' is clicked on

2018-05-05 11:01:33 - [TEST_STEP][PASSED] - selectOptionByIndex: All options with index in [9] are selected on object 'Object Repository/Schedule9/Page_KDMC - CMS/select_--Select--Schedule 1Inj'

2018-05-05 11:01:33 - [MESSAGE][PASSED] - All options with index in [9] are selected on object 'Object Repository/Schedule9/Page_KDMC - CMS/select_--Select--Schedule 1Inj'

2018-05-05 11:01:33 - [TEST_STEP][PASSED] - selectOptionByIndex: All options with index in [18] are selected on object 'Object Repository/Schedule9/Page_KDMC - CMS/select_--Select--Blood Transfu'

2018-05-05 11:01:34 - [MESSAGE][PASSED] - All options with index in [18] are selected on object 'Object Repository/Schedule9/Page_KDMC - CMS/select_--Select--Blood Transfu'

2018-05-05 11:01:34 - [TEST_STEP][PASSED] - setText: Text '50000' is set on object 'Object Repository/Schedule9/Page_KDMC - CMS/input_txttreat'

2018-05-05 11:01:34 - [MESSAGE][PASSED] - Text '50000' is set on object 'Object Repository/Schedule9/Page_KDMC - CMS/input_txttreat'

2018-05-05 11:01:34 - [TEST_STEP][PASSED] - click: Object: 'Object Repository/Schedule9/Page_KDMC - CMS/button_Add' is clicked on

2018-05-05 11:01:34 - [MESSAGE][PASSED] - Object: 'Object Repository/Schedule9/Page_KDMC - CMS/button_Add' is clicked on

2018-05-05 11:01:34 - [TEST_STEP][PASSED] - selectOptionByIndex: All options with index in [9] are selected on object 'Object Repository/Schedule9/Page_KDMC - CMS/select_--Select--Schedule 1Inj'

2018-05-05 11:01:34 - [MESSAGE][PASSED] - All options with index in [9] are selected on object 'Object Repository/Schedule9/Page_KDMC - CMS/select_--Select--Schedule 1Inj'

2018-05-05 11:01:34 - [TEST_STEP][PASSED] - selectOptionByIndex: All options with index in [19] are selected on object 'Object Repository/Schedule9/Page_KDMC - CMS/select_--Select--Blood Transfu'

2018-05-05 11:01:35 - [MESSAGE][PASSED] - All options with index in [19] are selected on object 'Object Repository/Schedule9/Page_KDMC - CMS/select_--Select--Blood Transfu'

2018-05-05 11:01:35 - [TEST_STEP][PASSED] - setText: Text '50000' is set on object 'Object Repository/Schedule9/Page_KDMC - CMS/input_txttreat'

2018-05-05 11:01:35 - [MESSAGE][PASSED] - Text '50000' is set on object 'Object Repository/Schedule9/Page_KDMC - CMS/input_txttreat'

2018-05-05 11:01:35 - [TEST_STEP][PASSED] - click: Object: 'Object Repository/Schedule9/Page_KDMC - CMS/button_Add' is clicked on

2018-05-05 11:01:35 - [MESSAGE][PASSED] - Object: 'Object Repository/Schedule9/Page_KDMC - CMS/button_Add' is clicked on

2018-05-05 11:01:35 - [TEST_STEP][PASSED] - selectOptionByIndex: All options with index in [9] are selected on object 'Object Repository/Schedule9/Page_KDMC - CMS/select_--Select--Schedule 1Inj'

2018-05-05 11:01:36 - [MESSAGE][PASSED] - All options with index in [9] are selected on object 'Object Repository/Schedule9/Page_KDMC - CMS/select_--Select--Schedule 1Inj'

2018-05-05 11:01:36 - [TEST_STEP][PASSED] - selectOptionByIndex: All options with index in [20] are selected on object 'Object Repository/Schedule9/Page_KDMC - CMS/select_--Select--Blood Transfu'

2018-05-05 11:01:36 - [MESSAGE][PASSED] - All options with index in [20] are selected on object 'Object Repository/Schedule9/Page_KDMC - CMS/select_--Select--Blood Transfu'

2018-05-05 11:01:36 - [TEST_STEP][PASSED] - setText: Text '50000' is set on object 'Object Repository/Schedule9/Page_KDMC - CMS/input_txttreat'

2018-05-05 11:01:36 - [MESSAGE][PASSED] - Text '50000' is set on object 'Object Repository/Schedule9/Page_KDMC - CMS/input_txttreat'

2018-05-05 11:01:36 - [TEST_STEP][PASSED] - click: Object: 'Object Repository/Schedule9/Page_KDMC - CMS/button_Add' is clicked on

2018-05-05 11:01:37 - [MESSAGE][PASSED] - Object: 'Object Repository/Schedule9/Page_KDMC - CMS/button_Add' is clicked on

2018-05-05 11:01:37 - [TEST_STEP][PASSED] - selectOptionByIndex: All options with index in [9] are selected on object 'Object Repository/Schedule9/Page_KDMC - CMS/select_--Select--Schedule 1Inj'

2018-05-05 11:01:37 - [MESSAGE][PASSED] - All options with index in [9] are selected on object 'Object Repository/Schedule9/Page_KDMC - CMS/select_--Select--Schedule 1Inj'

2018-05-05 11:01:37 - [TEST_STEP][PASSED] - selectOptionByIndex: All options with index in [21] are selected on object 'Object Repository/Schedule9/Page_KDMC - CMS/select_--Select--Blood Transfu'

2018-05-05 11:01:38 - [MESSAGE][PASSED] - All options with index in [21] are selected on object 'Object Repository/Schedule9/Page_KDMC - CMS/select_--Select--Blood Transfu'

2018-05-05 11:01:38 - [TEST_STEP][PASSED] - setText: Text '50000' is set on object 'Object Repository/Schedule9/Page_KDMC - CMS/input_txttreat'

2018-05-05 11:01:38 - [MESSAGE][PASSED] - Text '50000' is set on object 'Object Repository/Schedule9/Page_KDMC - CMS/input_txttreat'

2018-05-05 11:01:38 - [TEST_STEP][PASSED] - click: Object: 'Object Repository/Schedule9/Page_KDMC - CMS/button_Add' is clicked on

2018-05-05 11:01:38 - [MESSAGE][PASSED] - Object: 'Object Repository/Schedule9/Page_KDMC - CMS/button_Add' is clicked on

2018-05-05 11:01:38 - [TEST_STEP][PASSED] - selectOptionByIndex: All options with index in [9] are selected on object 'Object Repository/Schedule9/Page_KDMC - CMS/select_--Select--Schedule 1Inj'

2018-05-05 11:01:38 - [MESSAGE][PASSED] - All options with index in [9] are selected on object 'Object Repository/Schedule9/Page_KDMC - CMS/select_--Select--Schedule 1Inj'

2018-05-05 11:01:38 - [TEST_STEP][PASSED] - selectOptionByIndex: All options with index in [22] are selected on object 'Object Repository/Schedule9/Page_KDMC - CMS/select_--Select--Blood Transfu'

2018-05-05 11:01:39 - [MESSAGE][PASSED] - All options with index in [22] are selected on object 'Object Repository/Schedule9/Page_KDMC - CMS/select_--Select--Blood Transfu'

2018-05-05 11:01:39 - [TEST_STEP][PASSED] - setText: Text '50000' is set on object 'Object Repository/Schedule9/Page_KDMC - CMS/input_txttreat'

2018-05-05 11:01:39 - [MESSAGE][PASSED] - Text '50000' is set on object 'Object Repository/Schedule9/Page_KDMC - CMS/input_txttreat'

2018-05-05 11:01:39 - [TEST_STEP][PASSED] - click: Object: 'Object Repository/Schedule9/Page_KDMC - CMS/button_Add' is clicked on

2018-05-05 11:01:39 - [MESSAGE][PASSED] - Object: 'Object Repository/Schedule9/Page_KDMC - CMS/button_Add' is clicked on

2018-05-05 11:01:39 - [TEST_STEP][PASSED] - selectOptionByIndex: All options with index in [9] are selected on object 'Object Repository/Schedule9/Page_KDMC - CMS/select_--Select--Schedule 1Inj'

2018-05-05 11:01:39 - [MESSAGE][PASSED] - All options with index in [9] are selected on object 'Object Repository/Schedule9/Page_KDMC - CMS/select_--Select--Schedule 1Inj'

2018-05-05 11:01:39 - [TEST_STEP][PASSED] - selectOptionByIndex: All options with index in [23] are selected on object 'Object Repository/Schedule9/Page_KDMC - CMS/select_--Select--Blood Transfu'

2018-05-05 11:01:40 - [MESSAGE][PASSED] - All options with index in [23] are selected on object 'Object Repository/Schedule9/Page_KDMC - CMS/select_--Select--Blood Transfu'

2018-05-05 11:01:40 - [TEST_STEP][PASSED] - setText: Text '50000' is set on object 'Object Repository/Schedule9/Page_KDMC - CMS/input_txttreat'

2018-05-05 11:01:40 - [MESSAGE][PASSED] - Text '50000' is set on object 'Object Repository/Schedule9/Page_KDMC - CMS/input_txttreat'

2018-05-05 11:01:40 - [TEST_STEP][PASSED] - click: Object: 'Object Repository/Schedule9/Page_KDMC - CMS/button_Add' is clicked on

2018-05-05 11:01:40 - [MESSAGE][PASSED] - Object: 'Object Repository/Schedule9/Page_KDMC - CMS/button_Add' is clicked on

2018-05-05 11:01:40 - [TEST_STEP][PASSED] - selectOptionByIndex: All options with index in [9] are selected on object 'Object Repository/Schedule9/Page_KDMC - CMS/select_--Select--Schedule 1Inj'

2018-05-05 11:01:40 - [MESSAGE][PASSED] - All options with index in [9] are selected on object 'Object Repository/Schedule9/Page_KDMC - CMS/select_--Select--Schedule 1Inj'

2018-05-05 11:01:40 - [TEST_STEP][PASSED] - selectOptionByIndex: All options with index in [24] are selected on object 'Object Repository/Schedule9/Page_KDMC - CMS/select_--Select--Blood Transfu'

2018-05-05 11:01:41 - [MESSAGE][PASSED] - All options with index in [24] are selected on object 'Object Repository/Schedule9/Page_KDMC - CMS/select_--Select--Blood Transfu'

2018-05-05 11:01:41 - [TEST_STEP][PASSED] - setText: Text '50000' is set on object 'Object Repository/Schedule9/Page_KDMC - CMS/input_txttreat'

2018-05-05 11:01:41 - [MESSAGE][PASSED] - Text '50000' is set on object 'Object Repository/Schedule9/Page_KDMC - CMS/input_txttreat'

2018-05-05 11:01:41 - [TEST_STEP][PASSED] - click: Object: 'Object Repository/Schedule9/Page_KDMC - CMS/button_Add' is clicked on

2018-05-05 11:01:41 - [MESSAGE][PASSED] - Object: 'Object Repository/Schedule9/Page_KDMC - CMS/button_Add' is clicked on

2018-05-05 11:01:41 - [TEST_STEP][PASSED] - selectOptionByIndex: All options with index in [9] are selected on object 'Object Repository/Schedule9/Page_KDMC - CMS/select_--Select--Schedule 1Inj'

2018-05-05 11:01:41 - [MESSAGE][PASSED] - All options with index in [9] are selected on object 'Object Repository/Schedule9/Page_KDMC - CMS/select_--Select--Schedule 1Inj'

2018-05-05 11:01:41 - [TEST_STEP][PASSED] - selectOptionByIndex: All options with index in [25] are selected on object 'Object Repository/Schedule9/Page_KDMC - CMS/select_--Select--Blood Transfu'

2018-05-05 11:01:42 - [MESSAGE][PASSED] - All options with index in [25] are selected on object 'Object Repository/Schedule9/Page_KDMC - CMS/select_--Select--Blood Transfu'

2018-05-05 11:01:42 - [TEST_STEP][PASSED] - setText: Text '50000' is set on object 'Object Repository/Schedule9/Page_KDMC - CMS/input_txttreat'

2018-05-05 11:01:42 - [MESSAGE][PASSED] - Text '50000' is set on object 'Object Repository/Schedule9/Page_KDMC - CMS/input_txttreat'

2018-05-05 11:01:42 - [TEST_STEP][PASSED] - click: Object: 'Object Repository/Schedule9/Page_KDMC - CMS/button_Add' is clicked on

2018-05-05 11:01:43 - [MESSAGE][PASSED] - Object: 'Object Repository/Schedule9/Page_KDMC - CMS/button_Add' is clicked on

2018-05-05 11:01:43 - [TEST_STEP][PASSED] - selectOptionByIndex: All options with index in [9] are selected on object 'Object Repository/Schedule9/Page_KDMC - CMS/select_--Select--Schedule 1Inj'

2018-05-05 11:01:43 - [MESSAGE][PASSED] - All options with index in [9] are selected on object 'Object Repository/Schedule9/Page_KDMC - CMS/select_--Select--Schedule 1Inj'

2018-05-05 11:01:43 - [TEST_STEP][PASSED] - selectOptionByIndex: All options with index in [26] are selected on object 'Object Repository/Schedule9/Page_KDMC - CMS/select_--Select--Blood Transfu'

2018-05-05 11:01:44 - [MESSAGE][PASSED] - All options with index in [26] are selected on object 'Object Repository/Schedule9/Page_KDMC - CMS/select_--Select--Blood Transfu'

2018-05-05 11:01:44 - [TEST_STEP][PASSED] - setText: Text '50000' is set on object 'Object Repository/Schedule9/Page_KDMC - CMS/input_txttreat'

2018-05-05 11:01:44 - [MESSAGE][PASSED] - Text '50000' is set on object 'Object Repository/Schedule9/Page_KDMC - CMS/input_txttreat'

2018-05-05 11:01:44 - [TEST_STEP][PASSED] - click: Object: 'Object Repository/Schedule9/Page_KDMC - CMS/button_Add' is clicked on

2018-05-05 11:01:44 - [MESSAGE][PASSED] - Object: 'Object Repository/Schedule9/Page_KDMC - CMS/button_Add' is clicked on

2018-05-05 11:01:44 - [TEST_STEP][PASSED] - selectOptionByIndex: All options with index in [9] are selected on object 'Object Repository/Schedule9/Page_KDMC - CMS/select_--Select--Schedule 1Inj'

2018-05-05 11:01:44 - [MESSAGE][PASSED] - All options with index in [9] are selected on object 'Object Repository/Schedule9/Page_KDMC - CMS/select_--Select--Schedule 1Inj'

2018-05-05 11:01:44 - [TEST_STEP][PASSED] - selectOptionByIndex: All options with index in [27] are selected on object 'Object Repository/Schedule9/Page_KDMC - CMS/select_--Select--Blood Transfu'

2018-05-05 11:01:45 - [MESSAGE][PASSED] - All options with index in [27] are selected on object 'Object Repository/Schedule9/Page_KDMC - CMS/select_--Select--Blood Transfu'

2018-05-05 11:01:45 - [TEST_STEP][PASSED] - setText: Text '50000' is set on object 'Object Repository/Schedule9/Page_KDMC - CMS/input_txttreat'

2018-05-05 11:01:45 - [MESSAGE][PASSED] - Text '50000' is set on object 'Object Repository/Schedule9/Page_KDMC - CMS/input_txttreat'

2018-05-05 11:01:45 - [TEST_STEP][PASSED] - click: Object: 'Object Repository/Schedule9/Page_KDMC - CMS/button_Add' is clicked on

2018-05-05 11:01:45 - [MESSAGE][PASSED] - Object: 'Object Repository/Schedule9/Page_KDMC - CMS/button_Add' is clicked on

2018-05-05 11:01:45 - [TEST_STEP][PASSED] - selectOptionByIndex: All options with index in [9] are selected on object 'Object Repository/Schedule9/Page_KDMC - CMS/select_--Select--Schedule 1Inj'

2018-05-05 11:01:45 - [MESSAGE][PASSED] - All options with index in [9] are selected on object 'Object Repository/Schedule9/Page_KDMC - CMS/select_--Select--Schedule 1Inj'

2018-05-05 11:01:45 - [TEST_STEP][PASSED] - selectOptionByIndex: All options with index in [28] are selected on object 'Object Repository/Schedule9/Page_KDMC - CMS/select_--Select--Blood Transfu'

2018-05-05 11:01:46 - [MESSAGE][PASSED] - All options with index in [28] are selected on object 'Object Repository/Schedule9/Page_KDMC - CMS/select_--Select--Blood Transfu'

2018-05-05 11:01:46 - [TEST_STEP][PASSED] - setText: Text '50000' is set on object 'Object Repository/Schedule9/Page_KDMC - CMS/input_txttreat'

2018-05-05 11:01:46 - [MESSAGE][PASSED] - Text '50000' is set on object 'Object Repository/Schedule9/Page_KDMC - CMS/input_txttreat'

2018-05-05 11:01:46 - [TEST_STEP][PASSED] - click: Object: 'Object Repository/Schedule9/Page_KDMC - CMS/button_Add' is clicked on

2018-05-05 11:01:46 - [MESSAGE][PASSED] - Object: 'Object Repository/Schedule9/Page_KDMC - CMS/button_Add' is clicked on

2018-05-05 11:01:46 - [TEST_STEP][PASSED] - selectOptionByIndex: All options with index in [9] are selected on object 'Object Repository/Schedule9/Page_KDMC - CMS/select_--Select--Schedule 1Inj'

2018-05-05 11:01:46 - [MESSAGE][PASSED] - All options with index in [9] are selected on object 'Object Repository/Schedule9/Page_KDMC - CMS/select_--Select--Schedule 1Inj'

2018-05-05 11:01:46 - [TEST_STEP][PASSED] - selectOptionByIndex: All options with index in [29] are selected on object 'Object Repository/Schedule9/Page_KDMC - CMS/select_--Select--Blood Transfu'

2018-05-05 11:01:47 - [MESSAGE][PASSED] - All options with index in [29] are selected on object 'Object Repository/Schedule9/Page_KDMC - CMS/select_--Select--Blood Transfu'

2018-05-05 11:01:47 - [TEST_STEP][PASSED] - setText: Text '50000' is set on object 'Object Repository/Schedule9/Page_KDMC - CMS/input_txttreat'

2018-05-05 11:01:48 - [MESSAGE][PASSED] - Text '50000' is set on object 'Object Repository/Schedule9/Page_KDMC - CMS/input_txttreat'

2018-05-05 11:01:48 - [TEST_STEP][PASSED] - click: Object: 'Object Repository/Schedule9/Page_KDMC - CMS/button_Add' is clicked on

2018-05-05 11:01:48 - [MESSAGE][PASSED] - Object: 'Object Repository/Schedule9/Page_KDMC - CMS/button_Add' is clicked on

2018-05-05 11:01:48 - [TEST_STEP][PASSED] - selectOptionByIndex: All options with index in [9] are selected on object 'Object Repository/Schedule9/Page_KDMC - CMS/select_--Select--Schedule 1Inj'

2018-05-05 11:01:48 - [MESSAGE][PASSED] - All options with index in [9] are selected on object 'Object Repository/Schedule9/Page_KDMC - CMS/select_--Select--Schedule 1Inj'

2018-05-05 11:01:48 - [TEST_STEP][PASSED] - selectOptionByIndex: All options with index in [30] are selected on object 'Object Repository/Schedule9/Page_KDMC - CMS/select_--Select--Blood Transfu'

2018-05-05 11:01:49 - [MESSAGE][PASSED] - All options with index in [30] are selected on object 'Object Repository/Schedule9/Page_KDMC - CMS/select_--Select--Blood Transfu'

2018-05-05 11:01:49 - [TEST_STEP][PASSED] - setText: Text '50000' is set on object 'Object Repository/Schedule9/Page_KDMC - CMS/input_txttreat'

2018-05-05 11:01:49 - [MESSAGE][PASSED] - Text '50000' is set on object 'Object Repository/Schedule9/Page_KDMC - CMS/input_txttreat'

2018-05-05 11:01:49 - [TEST_STEP][PASSED] - click: Object: 'Object Repository/Schedule9/Page_KDMC - CMS/button_Add' is clicked on

2018-05-05 11:01:49 - [MESSAGE][PASSED] - Object: 'Object Repository/Schedule9/Page_KDMC - CMS/button_Add' is clicked on

2018-05-05 11:01:49 - [TEST_STEP][PASSED] - selectOptionByIndex: All options with index in [9] are selected on object 'Object Repository/Schedule9/Page_KDMC - CMS/select_--Select--Schedule 1Inj'

2018-05-05 11:01:49 - [MESSAGE][PASSED] - All options with index in [9] are selected on object 'Object Repository/Schedule9/Page_KDMC - CMS/select_--Select--Schedule 1Inj'

2018-05-05 11:01:49 - [TEST_STEP][PASSED] - selectOptionByIndex: All options with index in [31] are selected on object 'Object Repository/Schedule9/Page_KDMC - CMS/select_--Select--Blood Transfu'

2018-05-05 11:01:50 - [MESSAGE][PASSED] - All options with index in [31] are selected on object 'Object Repository/Schedule9/Page_KDMC - CMS/select_--Select--Blood Transfu'

2018-05-05 11:01:50 - [TEST_STEP][PASSED] - setText: Text '50000' is set on object 'Object Repository/Schedule9/Page_KDMC - CMS/input_txttreat'

2018-05-05 11:01:50 - [MESSAGE][PASSED] - Text '50000' is set on object 'Object Repository/Schedule9/Page_KDMC - CMS/input_txttreat'

2018-05-05 11:01:50 - [TEST_STEP][PASSED] - click: Object: 'Object Repository/Schedule9/Page_KDMC - CMS/button_Add' is clicked on

2018-05-05 11:01:50 - [MESSAGE][PASSED] - Object: 'Object Repository/Schedule9/Page_KDMC - CMS/button_Add' is clicked on

2018-05-05 11:01:50 - [TEST_STEP][PASSED] - selectOptionByIndex: All options with index in [9] are selected on object 'Object Repository/Schedule9/Page_KDMC - CMS/select_--Select--Schedule 1Inj'

2018-05-05 11:01:50 - [MESSAGE][PASSED] - All options with index in [9] are selected on object 'Object Repository/Schedule9/Page_KDMC - CMS/select_--Select--Schedule 1Inj'

2018-05-05 11:01:50 - [TEST_STEP][PASSED] - selectOptionByIndex: All options with index in [32] are selected on object 'Object Repository/Schedule9/Page_KDMC - CMS/select_--Select--Blood Transfu'

2018-05-05 11:01:51 - [MESSAGE][PASSED] - All options with index in [32] are selected on object 'Object Repository/Schedule9/Page_KDMC - CMS/select_--Select--Blood Transfu'

2018-05-05 11:01:51 - [TEST_STEP][PASSED] - setText: Text '50000' is set on object 'Object Repository/Schedule9/Page_KDMC - CMS/input_txttreat'

2018-05-05 11:01:52 - [MESSAGE][PASSED] - Text '50000' is set on object 'Object Repository/Schedule9/Page_KDMC - CMS/input_txttreat'

2018-05-05 11:01:52 - [TEST_STEP][PASSED] - click: Object: 'Object Repository/Schedule9/Page_KDMC - CMS/button_Add' is clicked on

2018-05-05 11:01:52 - [MESSAGE][PASSED] - Object: 'Object Repository/Schedule9/Page_KDMC - CMS/button_Add' is clicked on

2018-05-05 11:01:52 - [TEST_STEP][PASSED] - selectOptionByIndex: All options with index in [9] are selected on object 'Object Repository/Schedule9/Page_KDMC - CMS/select_--Select--Schedule 1Inj'

2018-05-05 11:01:52 - [MESSAGE][PASSED] - All options with index in [9] are selected on object 'Object Repository/Schedule9/Page_KDMC - CMS/select_--Select--Schedule 1Inj'

2018-05-05 11:01:52 - [TEST_STEP][PASSED] - selectOptionByIndex: All options with index in [33] are selected on object 'Object Repository/Schedule9/Page_KDMC - CMS/select_--Select--Blood Transfu'

2018-05-05 11:01:53 - [MESSAGE][PASSED] - All options with index in [33] are selected on object 'Object Repository/Schedule9/Page_KDMC - CMS/select_--Select--Blood Transfu'

2018-05-05 11:01:53 - [TEST_STEP][PASSED] - setText: Text '50000' is set on object 'Object Repository/Schedule9/Page_KDMC - CMS/input_txttreat'

2018-05-05 11:01:53 - [MESSAGE][PASSED] - Text '50000' is set on object 'Object Repository/Schedule9/Page_KDMC - CMS/input_txttreat'

2018-05-05 11:01:53 - [TEST_STEP][PASSED] - click: Object: 'Object Repository/Schedule9/Page_KDMC - CMS/button_Add' is clicked on

2018-05-05 11:01:53 - [MESSAGE][PASSED] - Object: 'Object Repository/Schedule9/Page_KDMC - CMS/button_Add' is clicked on

2018-05-05 11:01:53 - [TEST_STEP][PASSED] - selectOptionByIndex: All options with index in [9] are selected on object 'Object Repository/Schedule9/Page_KDMC - CMS/select_--Select--Schedule 1Inj'

2018-05-05 11:01:53 - [MESSAGE][PASSED] - All options with index in [9] are selected on object 'Object Repository/Schedule9/Page_KDMC - CMS/select_--Select--Schedule 1Inj'

2018-05-05 11:01:53 - [TEST_STEP][PASSED] - selectOptionByIndex: All options with index in [34] are selected on object 'Object Repository/Schedule9/Page_KDMC - CMS/select_--Select--Blood Transfu'

2018-05-05 11:01:54 - [MESSAGE][PASSED] - All options with index in [34] are selected on object 'Object Repository/Schedule9/Page_KDMC - CMS/select_--Select--Blood Transfu'

2018-05-05 11:01:54 - [TEST_STEP][PASSED] - setText: Text '50000' is set on object 'Object Repository/Schedule9/Page_KDMC - CMS/input_txttreat'

2018-05-05 11:01:54 - [MESSAGE][PASSED] - Text '50000' is set on object 'Object Repository/Schedule9/Page_KDMC - CMS/input_txttreat'

2018-05-05 11:01:54 - [TEST_STEP][PASSED] - click: Object: 'Object Repository/Schedule9/Page_KDMC - CMS/button_Add' is clicked on

2018-05-05 11:01:54 - [MESSAGE][PASSED] - Object: 'Object Repository/Schedule9/Page_KDMC - CMS/button_Add' is clicked on

2018-05-05 11:01:54 - [TEST_STEP][PASSED] - selectOptionByIndex: All options with index in [9] are selected on object 'Object Repository/Schedule9/Page_KDMC - CMS/select_--Select--Schedule 1Inj'

2018-05-05 11:01:54 - [MESSAGE][PASSED] - All options with index in [9] are selected on object 'Object Repository/Schedule9/Page_KDMC - CMS/select_--Select--Schedule 1Inj'

2018-05-05 11:01:54 - [TEST_STEP][PASSED] - selectOptionByIndex: All options with index in [35] are selected on object 'Object Repository/Schedule9/Page_KDMC - CMS/select_--Select--Blood Transfu'

2018-05-05 11:01:55 - [MESSAGE][PASSED] - All options with index in [35] are selected on object 'Object Repository/Schedule9/Page_KDMC - CMS/select_--Select--Blood Transfu'

2018-05-05 11:01:55 - [TEST_STEP][PASSED] - setText: Text '50000' is set on object 'Object Repository/Schedule9/Page_KDMC - CMS/input_txttreat'

2018-05-05 11:01:56 - [MESSAGE][PASSED] - Text '50000' is set on object 'Object Repository/Schedule9/Page_KDMC - CMS/input_txttreat'

2018-05-05 11:01:56 - [TEST_STEP][PASSED] - click: Object: 'Object Repository/Schedule9/Page_KDMC - CMS/button_Add' is clicked on

2018-05-05 11:01:56 - [MESSAGE][PASSED] - Object: 'Object Repository/Schedule9/Page_KDMC - CMS/button_Add' is clicked on

2018-05-05 11:01:56 - [TEST_STEP][PASSED] - scrollToElement: Scroll to object 'Object Repository/Schedule9/Page_KDMC - CMS/input_btnsave' successfully

2018-05-05 11:01:56 - [MESSAGE][PASSED] - Scroll to object 'Object Repository/Schedule9/Page_KDMC - CMS/input_btnsave' successfully

2018-05-05 11:01:56 - [TEST_STEP][PASSED] - click: Object: 'Object Repository/Schedule9/Page_KDMC - CMS/input_btnsave' is clicked on

2018-05-05 11:01:56 - [MESSAGE][PASSED] - Object: 'Object Repository/Schedule9/Page_KDMC - CMS/input_btnsave' is clicked on

2018-05-05 11:01:56 - [TEST_STEP][PASSED] - delay: Delayed 3 second(s)

2018-05-05 11:01:59 - [MESSAGE][PASSED] - Delayed 3 second(s)

2018-05-05 11:01:59 - [TEST_STEP][PASSED] - click: Object: 'Object Repository/Schedule9/Page_KDMC - CMS/button_OK' is clicked on

2018-05-05 11:01:59 - [MESSAGE][PASSED] - Object: 'Object Repository/Schedule9/Page_KDMC - CMS/button_OK' is clicked on

2018-05-05 11:01:59 - [TEST_STEP][PASSED] - click: Object: 'Object Repository/Schedule9/Page_KDMC - CMS/a_dropdown-toggle' is clicked on

2018-05-05 11:02:01 - [MESSAGE][PASSED] - Object: 'Object Repository/Schedule9/Page_KDMC - CMS/a_dropdown-toggle' is clicked on

2018-05-05 11:02:01 - [TEST_STEP][PASSED] - delay: Delayed 3 second(s)

2018-05-05 11:02:04 - [MESSAGE][PASSED] - Delayed 3 second(s)

2018-05-05 11:02:04 - [TEST_STEP][PASSED] - click: Object: 'Object Repository/Schedule9/Page_KDMC - CMS/a_Sign out' is clicked on

2018-05-05 11:02:04 - [MESSAGE][PASSED] - Object: 'Object Repository/Schedule9/Page_KDMC - CMS/a_Sign out' is clicked on

2018-05-05 11:02:04 - [TEST_STEP][PASSED] - closeBrowser: Browser is closed

2018-05-05 11:02:05 - [MESSAGE][PASSED] - Browser is closed]]></system-out>
         <system-err><![CDATA[]]></system-err>
      </testcase>
      <testcase name="Test Cases/MOHTOCMSREQUEST/MohRequestSchedule10" classname="Test Cases/MOHTOCMSREQUEST/MohRequestSchedule10" status="PASSED">
         <system-out><![CDATA[2018-05-05 11:02:05 - [TEST_CASE][PASSED] - Test Cases/MOHTOCMSREQUEST/MohRequestSchedule10: Test Cases/MOHTOCMSREQUEST/MohRequestSchedule10

2018-05-05 11:02:05 - [TEST_STEP][PASSED] - openBrowser: Browser is opened with url: ''

2018-05-05 11:02:07 - [MESSAGE][PASSED] - Browser is opened with url: ''

2018-05-05 11:02:07 - [TEST_STEP][PASSED] - navigateToUrl: Navigate to 'http://192.168.137.1/multihospital_new/' successfully

2018-05-05 11:02:11 - [MESSAGE][PASSED] - Navigate to 'http://192.168.137.1/multihospital_new/' successfully

2018-05-05 11:02:11 - [TEST_STEP][PASSED] - maximizeWindow: Current window maximized

2018-05-05 11:02:12 - [MESSAGE][PASSED] - Current window maximized

2018-05-05 11:02:12 - [TEST_STEP][PASSED] - click: Object: 'Object Repository/Schedule 10/Page_KDMC/a_CMS' is clicked on

2018-05-05 11:02:14 - [MESSAGE][PASSED] - Object: 'Object Repository/Schedule 10/Page_KDMC/a_CMS' is clicked on

2018-05-05 11:02:14 - [TEST_STEP][PASSED] - setText: Text 'bala' is set on object 'Object Repository/Schedule 10/Page_CMS login/input_txtusername'

2018-05-05 11:02:14 - [MESSAGE][PASSED] - Text 'bala' is set on object 'Object Repository/Schedule 10/Page_CMS login/input_txtusername'

2018-05-05 11:02:14 - [TEST_STEP][PASSED] - setText: Text '123' is set on object 'Object Repository/Schedule 10/Page_CMS login/input_txtpassword'

2018-05-05 11:02:15 - [MESSAGE][PASSED] - Text '123' is set on object 'Object Repository/Schedule 10/Page_CMS login/input_txtpassword'

2018-05-05 11:02:15 - [TEST_STEP][PASSED] - delay: Delayed 3 second(s)

2018-05-05 11:02:18 - [MESSAGE][PASSED] - Delayed 3 second(s)

2018-05-05 11:02:18 - [TEST_STEP][PASSED] - click: Object: 'Object Repository/Schedule 10/Page_CMS login/button_Sign in' is clicked on

2018-05-05 11:02:19 - [MESSAGE][PASSED] - Object: 'Object Repository/Schedule 10/Page_CMS login/button_Sign in' is clicked on

2018-05-05 11:02:19 - [TEST_STEP][PASSED] - click: Object: 'Object Repository/Schedule 10/Page_KDMC - CMS/a_Request to MOH' is clicked on

2018-05-05 11:02:20 - [MESSAGE][PASSED] - Object: 'Object Repository/Schedule 10/Page_KDMC - CMS/a_Request to MOH' is clicked on

2018-05-05 11:02:20 - [TEST_STEP][PASSED] - selectOptionByIndex: All options with index in [2] are selected on object 'Object Repository/Schedule 10/Page_KDMC - CMS/select_--Select--'

2018-05-05 11:02:20 - [MESSAGE][PASSED] - All options with index in [2] are selected on object 'Object Repository/Schedule 10/Page_KDMC - CMS/select_--Select--'

2018-05-05 11:02:20 - [TEST_STEP][PASSED] - selectOptionByIndex: All options with index in [10] are selected on object 'Object Repository/Schedule 10/Page_KDMC - CMS/select_--Select--Schedule 1Inj'

2018-05-05 11:02:20 - [MESSAGE][PASSED] - All options with index in [10] are selected on object 'Object Repository/Schedule 10/Page_KDMC - CMS/select_--Select--Schedule 1Inj'

2018-05-05 11:02:20 - [TEST_STEP][PASSED] - Statement - selectedoptions = com.kms.katalon.core.webui.keyword.WebUiBuiltInKeywords.getNumberOfTotalOption(com.kms.katalon.core.testobject.ObjectRepository.findTestObject(Schedule 10/Page_KDMC - CMS/select_--Select--Adjustable Mi)): 19 options of object 'Object Repository/Schedule 10/Page_KDMC - CMS/select_--Select--Adjustable Mi' counted

2018-05-05 11:02:20 - [MESSAGE][PASSED] - 19 options of object 'Object Repository/Schedule 10/Page_KDMC - CMS/select_--Select--Adjustable Mi' counted

2018-05-05 11:02:20 - [TEST_STEP][PASSED] - Statement - For ([c = 1, c < selectedoptions, (c++)]): Object: 'Object Repository/Schedule 10/Page_KDMC - CMS/button_Add' is clicked on

2018-05-05 11:02:20 - [TEST_STEP][PASSED] - selectOptionByIndex: All options with index in [10] are selected on object 'Object Repository/Schedule 10/Page_KDMC - CMS/select_--Select--Schedule 1Inj'

2018-05-05 11:02:20 - [MESSAGE][PASSED] - All options with index in [10] are selected on object 'Object Repository/Schedule 10/Page_KDMC - CMS/select_--Select--Schedule 1Inj'

2018-05-05 11:02:20 - [TEST_STEP][PASSED] - selectOptionByIndex: All options with index in [1] are selected on object 'Object Repository/Schedule 10/Page_KDMC - CMS/select_--Select--Adjustable Mi'

2018-05-05 11:02:20 - [MESSAGE][PASSED] - All options with index in [1] are selected on object 'Object Repository/Schedule 10/Page_KDMC - CMS/select_--Select--Adjustable Mi'

2018-05-05 11:02:20 - [TEST_STEP][PASSED] - setText: Text '500' is set on object 'Object Repository/Schedule 10/Page_KDMC - CMS/input_txttreat'

2018-05-05 11:02:21 - [MESSAGE][PASSED] - Text '500' is set on object 'Object Repository/Schedule 10/Page_KDMC - CMS/input_txttreat'

2018-05-05 11:02:21 - [TEST_STEP][PASSED] - click: Object: 'Object Repository/Schedule 10/Page_KDMC - CMS/button_Add' is clicked on

2018-05-05 11:02:21 - [MESSAGE][PASSED] - Object: 'Object Repository/Schedule 10/Page_KDMC - CMS/button_Add' is clicked on

2018-05-05 11:02:21 - [TEST_STEP][PASSED] - selectOptionByIndex: All options with index in [10] are selected on object 'Object Repository/Schedule 10/Page_KDMC - CMS/select_--Select--Schedule 1Inj'

2018-05-05 11:02:21 - [MESSAGE][PASSED] - All options with index in [10] are selected on object 'Object Repository/Schedule 10/Page_KDMC - CMS/select_--Select--Schedule 1Inj'

2018-05-05 11:02:21 - [TEST_STEP][PASSED] - selectOptionByIndex: All options with index in [2] are selected on object 'Object Repository/Schedule 10/Page_KDMC - CMS/select_--Select--Adjustable Mi'

2018-05-05 11:02:21 - [MESSAGE][PASSED] - All options with index in [2] are selected on object 'Object Repository/Schedule 10/Page_KDMC - CMS/select_--Select--Adjustable Mi'

2018-05-05 11:02:21 - [TEST_STEP][PASSED] - setText: Text '500' is set on object 'Object Repository/Schedule 10/Page_KDMC - CMS/input_txttreat'

2018-05-05 11:02:21 - [MESSAGE][PASSED] - Text '500' is set on object 'Object Repository/Schedule 10/Page_KDMC - CMS/input_txttreat'

2018-05-05 11:02:21 - [TEST_STEP][PASSED] - click: Object: 'Object Repository/Schedule 10/Page_KDMC - CMS/button_Add' is clicked on

2018-05-05 11:02:21 - [MESSAGE][PASSED] - Object: 'Object Repository/Schedule 10/Page_KDMC - CMS/button_Add' is clicked on

2018-05-05 11:02:21 - [TEST_STEP][PASSED] - selectOptionByIndex: All options with index in [10] are selected on object 'Object Repository/Schedule 10/Page_KDMC - CMS/select_--Select--Schedule 1Inj'

2018-05-05 11:02:21 - [MESSAGE][PASSED] - All options with index in [10] are selected on object 'Object Repository/Schedule 10/Page_KDMC - CMS/select_--Select--Schedule 1Inj'

2018-05-05 11:02:21 - [TEST_STEP][PASSED] - selectOptionByIndex: All options with index in [3] are selected on object 'Object Repository/Schedule 10/Page_KDMC - CMS/select_--Select--Adjustable Mi'

2018-05-05 11:02:22 - [MESSAGE][PASSED] - All options with index in [3] are selected on object 'Object Repository/Schedule 10/Page_KDMC - CMS/select_--Select--Adjustable Mi'

2018-05-05 11:02:22 - [TEST_STEP][PASSED] - setText: Text '500' is set on object 'Object Repository/Schedule 10/Page_KDMC - CMS/input_txttreat'

2018-05-05 11:02:22 - [MESSAGE][PASSED] - Text '500' is set on object 'Object Repository/Schedule 10/Page_KDMC - CMS/input_txttreat'

2018-05-05 11:02:22 - [TEST_STEP][PASSED] - click: Object: 'Object Repository/Schedule 10/Page_KDMC - CMS/button_Add' is clicked on

2018-05-05 11:02:22 - [MESSAGE][PASSED] - Object: 'Object Repository/Schedule 10/Page_KDMC - CMS/button_Add' is clicked on

2018-05-05 11:02:22 - [TEST_STEP][PASSED] - selectOptionByIndex: All options with index in [10] are selected on object 'Object Repository/Schedule 10/Page_KDMC - CMS/select_--Select--Schedule 1Inj'

2018-05-05 11:02:22 - [MESSAGE][PASSED] - All options with index in [10] are selected on object 'Object Repository/Schedule 10/Page_KDMC - CMS/select_--Select--Schedule 1Inj'

2018-05-05 11:02:22 - [TEST_STEP][PASSED] - selectOptionByIndex: All options with index in [4] are selected on object 'Object Repository/Schedule 10/Page_KDMC - CMS/select_--Select--Adjustable Mi'

2018-05-05 11:02:23 - [MESSAGE][PASSED] - All options with index in [4] are selected on object 'Object Repository/Schedule 10/Page_KDMC - CMS/select_--Select--Adjustable Mi'

2018-05-05 11:02:23 - [TEST_STEP][PASSED] - setText: Text '500' is set on object 'Object Repository/Schedule 10/Page_KDMC - CMS/input_txttreat'

2018-05-05 11:02:23 - [MESSAGE][PASSED] - Text '500' is set on object 'Object Repository/Schedule 10/Page_KDMC - CMS/input_txttreat'

2018-05-05 11:02:23 - [TEST_STEP][PASSED] - click: Object: 'Object Repository/Schedule 10/Page_KDMC - CMS/button_Add' is clicked on

2018-05-05 11:02:23 - [MESSAGE][PASSED] - Object: 'Object Repository/Schedule 10/Page_KDMC - CMS/button_Add' is clicked on

2018-05-05 11:02:23 - [TEST_STEP][PASSED] - selectOptionByIndex: All options with index in [10] are selected on object 'Object Repository/Schedule 10/Page_KDMC - CMS/select_--Select--Schedule 1Inj'

2018-05-05 11:02:23 - [MESSAGE][PASSED] - All options with index in [10] are selected on object 'Object Repository/Schedule 10/Page_KDMC - CMS/select_--Select--Schedule 1Inj'

2018-05-05 11:02:23 - [TEST_STEP][PASSED] - selectOptionByIndex: All options with index in [5] are selected on object 'Object Repository/Schedule 10/Page_KDMC - CMS/select_--Select--Adjustable Mi'

2018-05-05 11:02:23 - [MESSAGE][PASSED] - All options with index in [5] are selected on object 'Object Repository/Schedule 10/Page_KDMC - CMS/select_--Select--Adjustable Mi'

2018-05-05 11:02:23 - [TEST_STEP][PASSED] - setText: Text '500' is set on object 'Object Repository/Schedule 10/Page_KDMC - CMS/input_txttreat'

2018-05-05 11:02:24 - [MESSAGE][PASSED] - Text '500' is set on object 'Object Repository/Schedule 10/Page_KDMC - CMS/input_txttreat'

2018-05-05 11:02:24 - [TEST_STEP][PASSED] - click: Object: 'Object Repository/Schedule 10/Page_KDMC - CMS/button_Add' is clicked on

2018-05-05 11:02:24 - [MESSAGE][PASSED] - Object: 'Object Repository/Schedule 10/Page_KDMC - CMS/button_Add' is clicked on

2018-05-05 11:02:24 - [TEST_STEP][PASSED] - selectOptionByIndex: All options with index in [10] are selected on object 'Object Repository/Schedule 10/Page_KDMC - CMS/select_--Select--Schedule 1Inj'

2018-05-05 11:02:24 - [MESSAGE][PASSED] - All options with index in [10] are selected on object 'Object Repository/Schedule 10/Page_KDMC - CMS/select_--Select--Schedule 1Inj'

2018-05-05 11:02:24 - [TEST_STEP][PASSED] - selectOptionByIndex: All options with index in [6] are selected on object 'Object Repository/Schedule 10/Page_KDMC - CMS/select_--Select--Adjustable Mi'

2018-05-05 11:02:24 - [MESSAGE][PASSED] - All options with index in [6] are selected on object 'Object Repository/Schedule 10/Page_KDMC - CMS/select_--Select--Adjustable Mi'

2018-05-05 11:02:24 - [TEST_STEP][PASSED] - setText: Text '500' is set on object 'Object Repository/Schedule 10/Page_KDMC - CMS/input_txttreat'

2018-05-05 11:02:24 - [MESSAGE][PASSED] - Text '500' is set on object 'Object Repository/Schedule 10/Page_KDMC - CMS/input_txttreat'

2018-05-05 11:02:24 - [TEST_STEP][PASSED] - click: Object: 'Object Repository/Schedule 10/Page_KDMC - CMS/button_Add' is clicked on

2018-05-05 11:02:24 - [MESSAGE][PASSED] - Object: 'Object Repository/Schedule 10/Page_KDMC - CMS/button_Add' is clicked on

2018-05-05 11:02:24 - [TEST_STEP][PASSED] - selectOptionByIndex: All options with index in [10] are selected on object 'Object Repository/Schedule 10/Page_KDMC - CMS/select_--Select--Schedule 1Inj'

2018-05-05 11:02:24 - [MESSAGE][PASSED] - All options with index in [10] are selected on object 'Object Repository/Schedule 10/Page_KDMC - CMS/select_--Select--Schedule 1Inj'

2018-05-05 11:02:24 - [TEST_STEP][PASSED] - selectOptionByIndex: All options with index in [7] are selected on object 'Object Repository/Schedule 10/Page_KDMC - CMS/select_--Select--Adjustable Mi'

2018-05-05 11:02:24 - [MESSAGE][PASSED] - All options with index in [7] are selected on object 'Object Repository/Schedule 10/Page_KDMC - CMS/select_--Select--Adjustable Mi'

2018-05-05 11:02:24 - [TEST_STEP][PASSED] - setText: Text '500' is set on object 'Object Repository/Schedule 10/Page_KDMC - CMS/input_txttreat'

2018-05-05 11:02:24 - [MESSAGE][PASSED] - Text '500' is set on object 'Object Repository/Schedule 10/Page_KDMC - CMS/input_txttreat'

2018-05-05 11:02:24 - [TEST_STEP][PASSED] - click: Object: 'Object Repository/Schedule 10/Page_KDMC - CMS/button_Add' is clicked on

2018-05-05 11:02:25 - [MESSAGE][PASSED] - Object: 'Object Repository/Schedule 10/Page_KDMC - CMS/button_Add' is clicked on

2018-05-05 11:02:25 - [TEST_STEP][PASSED] - selectOptionByIndex: All options with index in [10] are selected on object 'Object Repository/Schedule 10/Page_KDMC - CMS/select_--Select--Schedule 1Inj'

2018-05-05 11:02:25 - [MESSAGE][PASSED] - All options with index in [10] are selected on object 'Object Repository/Schedule 10/Page_KDMC - CMS/select_--Select--Schedule 1Inj'

2018-05-05 11:02:25 - [TEST_STEP][PASSED] - selectOptionByIndex: All options with index in [8] are selected on object 'Object Repository/Schedule 10/Page_KDMC - CMS/select_--Select--Adjustable Mi'

2018-05-05 11:02:26 - [MESSAGE][PASSED] - All options with index in [8] are selected on object 'Object Repository/Schedule 10/Page_KDMC - CMS/select_--Select--Adjustable Mi'

2018-05-05 11:02:26 - [TEST_STEP][PASSED] - setText: Text '500' is set on object 'Object Repository/Schedule 10/Page_KDMC - CMS/input_txttreat'

2018-05-05 11:02:26 - [MESSAGE][PASSED] - Text '500' is set on object 'Object Repository/Schedule 10/Page_KDMC - CMS/input_txttreat'

2018-05-05 11:02:26 - [TEST_STEP][PASSED] - click: Object: 'Object Repository/Schedule 10/Page_KDMC - CMS/button_Add' is clicked on

2018-05-05 11:02:26 - [MESSAGE][PASSED] - Object: 'Object Repository/Schedule 10/Page_KDMC - CMS/button_Add' is clicked on

2018-05-05 11:02:26 - [TEST_STEP][PASSED] - selectOptionByIndex: All options with index in [10] are selected on object 'Object Repository/Schedule 10/Page_KDMC - CMS/select_--Select--Schedule 1Inj'

2018-05-05 11:02:26 - [MESSAGE][PASSED] - All options with index in [10] are selected on object 'Object Repository/Schedule 10/Page_KDMC - CMS/select_--Select--Schedule 1Inj'

2018-05-05 11:02:26 - [TEST_STEP][PASSED] - selectOptionByIndex: All options with index in [9] are selected on object 'Object Repository/Schedule 10/Page_KDMC - CMS/select_--Select--Adjustable Mi'

2018-05-05 11:02:27 - [MESSAGE][PASSED] - All options with index in [9] are selected on object 'Object Repository/Schedule 10/Page_KDMC - CMS/select_--Select--Adjustable Mi'

2018-05-05 11:02:27 - [TEST_STEP][PASSED] - setText: Text '500' is set on object 'Object Repository/Schedule 10/Page_KDMC - CMS/input_txttreat'

2018-05-05 11:02:27 - [MESSAGE][PASSED] - Text '500' is set on object 'Object Repository/Schedule 10/Page_KDMC - CMS/input_txttreat'

2018-05-05 11:02:27 - [TEST_STEP][PASSED] - click: Object: 'Object Repository/Schedule 10/Page_KDMC - CMS/button_Add' is clicked on

2018-05-05 11:02:27 - [MESSAGE][PASSED] - Object: 'Object Repository/Schedule 10/Page_KDMC - CMS/button_Add' is clicked on

2018-05-05 11:02:27 - [TEST_STEP][PASSED] - selectOptionByIndex: All options with index in [10] are selected on object 'Object Repository/Schedule 10/Page_KDMC - CMS/select_--Select--Schedule 1Inj'

2018-05-05 11:02:27 - [MESSAGE][PASSED] - All options with index in [10] are selected on object 'Object Repository/Schedule 10/Page_KDMC - CMS/select_--Select--Schedule 1Inj'

2018-05-05 11:02:27 - [TEST_STEP][PASSED] - selectOptionByIndex: All options with index in [10] are selected on object 'Object Repository/Schedule 10/Page_KDMC - CMS/select_--Select--Adjustable Mi'

2018-05-05 11:02:28 - [MESSAGE][PASSED] - All options with index in [10] are selected on object 'Object Repository/Schedule 10/Page_KDMC - CMS/select_--Select--Adjustable Mi'

2018-05-05 11:02:28 - [TEST_STEP][PASSED] - setText: Text '500' is set on object 'Object Repository/Schedule 10/Page_KDMC - CMS/input_txttreat'

2018-05-05 11:02:28 - [MESSAGE][PASSED] - Text '500' is set on object 'Object Repository/Schedule 10/Page_KDMC - CMS/input_txttreat'

2018-05-05 11:02:28 - [TEST_STEP][PASSED] - click: Object: 'Object Repository/Schedule 10/Page_KDMC - CMS/button_Add' is clicked on

2018-05-05 11:02:28 - [MESSAGE][PASSED] - Object: 'Object Repository/Schedule 10/Page_KDMC - CMS/button_Add' is clicked on

2018-05-05 11:02:28 - [TEST_STEP][PASSED] - selectOptionByIndex: All options with index in [10] are selected on object 'Object Repository/Schedule 10/Page_KDMC - CMS/select_--Select--Schedule 1Inj'

2018-05-05 11:02:28 - [MESSAGE][PASSED] - All options with index in [10] are selected on object 'Object Repository/Schedule 10/Page_KDMC - CMS/select_--Select--Schedule 1Inj'

2018-05-05 11:02:28 - [TEST_STEP][PASSED] - selectOptionByIndex: All options with index in [11] are selected on object 'Object Repository/Schedule 10/Page_KDMC - CMS/select_--Select--Adjustable Mi'

2018-05-05 11:02:29 - [MESSAGE][PASSED] - All options with index in [11] are selected on object 'Object Repository/Schedule 10/Page_KDMC - CMS/select_--Select--Adjustable Mi'

2018-05-05 11:02:29 - [TEST_STEP][PASSED] - setText: Text '500' is set on object 'Object Repository/Schedule 10/Page_KDMC - CMS/input_txttreat'

2018-05-05 11:02:29 - [MESSAGE][PASSED] - Text '500' is set on object 'Object Repository/Schedule 10/Page_KDMC - CMS/input_txttreat'

2018-05-05 11:02:29 - [TEST_STEP][PASSED] - click: Object: 'Object Repository/Schedule 10/Page_KDMC - CMS/button_Add' is clicked on

2018-05-05 11:02:29 - [MESSAGE][PASSED] - Object: 'Object Repository/Schedule 10/Page_KDMC - CMS/button_Add' is clicked on

2018-05-05 11:02:29 - [TEST_STEP][PASSED] - selectOptionByIndex: All options with index in [10] are selected on object 'Object Repository/Schedule 10/Page_KDMC - CMS/select_--Select--Schedule 1Inj'

2018-05-05 11:02:29 - [MESSAGE][PASSED] - All options with index in [10] are selected on object 'Object Repository/Schedule 10/Page_KDMC - CMS/select_--Select--Schedule 1Inj'

2018-05-05 11:02:29 - [TEST_STEP][PASSED] - selectOptionByIndex: All options with index in [12] are selected on object 'Object Repository/Schedule 10/Page_KDMC - CMS/select_--Select--Adjustable Mi'

2018-05-05 11:02:30 - [MESSAGE][PASSED] - All options with index in [12] are selected on object 'Object Repository/Schedule 10/Page_KDMC - CMS/select_--Select--Adjustable Mi'

2018-05-05 11:02:30 - [TEST_STEP][PASSED] - setText: Text '500' is set on object 'Object Repository/Schedule 10/Page_KDMC - CMS/input_txttreat'

2018-05-05 11:02:30 - [MESSAGE][PASSED] - Text '500' is set on object 'Object Repository/Schedule 10/Page_KDMC - CMS/input_txttreat'

2018-05-05 11:02:30 - [TEST_STEP][PASSED] - click: Object: 'Object Repository/Schedule 10/Page_KDMC - CMS/button_Add' is clicked on

2018-05-05 11:02:30 - [MESSAGE][PASSED] - Object: 'Object Repository/Schedule 10/Page_KDMC - CMS/button_Add' is clicked on

2018-05-05 11:02:30 - [TEST_STEP][PASSED] - selectOptionByIndex: All options with index in [10] are selected on object 'Object Repository/Schedule 10/Page_KDMC - CMS/select_--Select--Schedule 1Inj'

2018-05-05 11:02:30 - [MESSAGE][PASSED] - All options with index in [10] are selected on object 'Object Repository/Schedule 10/Page_KDMC - CMS/select_--Select--Schedule 1Inj'

2018-05-05 11:02:30 - [TEST_STEP][PASSED] - selectOptionByIndex: All options with index in [13] are selected on object 'Object Repository/Schedule 10/Page_KDMC - CMS/select_--Select--Adjustable Mi'

2018-05-05 11:02:31 - [MESSAGE][PASSED] - All options with index in [13] are selected on object 'Object Repository/Schedule 10/Page_KDMC - CMS/select_--Select--Adjustable Mi'

2018-05-05 11:02:31 - [TEST_STEP][PASSED] - setText: Text '500' is set on object 'Object Repository/Schedule 10/Page_KDMC - CMS/input_txttreat'

2018-05-05 11:02:31 - [MESSAGE][PASSED] - Text '500' is set on object 'Object Repository/Schedule 10/Page_KDMC - CMS/input_txttreat'

2018-05-05 11:02:31 - [TEST_STEP][PASSED] - click: Object: 'Object Repository/Schedule 10/Page_KDMC - CMS/button_Add' is clicked on

2018-05-05 11:02:31 - [MESSAGE][PASSED] - Object: 'Object Repository/Schedule 10/Page_KDMC - CMS/button_Add' is clicked on

2018-05-05 11:02:31 - [TEST_STEP][PASSED] - selectOptionByIndex: All options with index in [10] are selected on object 'Object Repository/Schedule 10/Page_KDMC - CMS/select_--Select--Schedule 1Inj'

2018-05-05 11:02:31 - [MESSAGE][PASSED] - All options with index in [10] are selected on object 'Object Repository/Schedule 10/Page_KDMC - CMS/select_--Select--Schedule 1Inj'

2018-05-05 11:02:31 - [TEST_STEP][PASSED] - selectOptionByIndex: All options with index in [14] are selected on object 'Object Repository/Schedule 10/Page_KDMC - CMS/select_--Select--Adjustable Mi'

2018-05-05 11:02:32 - [MESSAGE][PASSED] - All options with index in [14] are selected on object 'Object Repository/Schedule 10/Page_KDMC - CMS/select_--Select--Adjustable Mi'

2018-05-05 11:02:32 - [TEST_STEP][PASSED] - setText: Text '500' is set on object 'Object Repository/Schedule 10/Page_KDMC - CMS/input_txttreat'

2018-05-05 11:02:32 - [MESSAGE][PASSED] - Text '500' is set on object 'Object Repository/Schedule 10/Page_KDMC - CMS/input_txttreat'

2018-05-05 11:02:32 - [TEST_STEP][PASSED] - click: Object: 'Object Repository/Schedule 10/Page_KDMC - CMS/button_Add' is clicked on

2018-05-05 11:02:32 - [MESSAGE][PASSED] - Object: 'Object Repository/Schedule 10/Page_KDMC - CMS/button_Add' is clicked on

2018-05-05 11:02:32 - [TEST_STEP][PASSED] - selectOptionByIndex: All options with index in [10] are selected on object 'Object Repository/Schedule 10/Page_KDMC - CMS/select_--Select--Schedule 1Inj'

2018-05-05 11:02:33 - [MESSAGE][PASSED] - All options with index in [10] are selected on object 'Object Repository/Schedule 10/Page_KDMC - CMS/select_--Select--Schedule 1Inj'

2018-05-05 11:02:33 - [TEST_STEP][PASSED] - selectOptionByIndex: All options with index in [15] are selected on object 'Object Repository/Schedule 10/Page_KDMC - CMS/select_--Select--Adjustable Mi'

2018-05-05 11:02:33 - [MESSAGE][PASSED] - All options with index in [15] are selected on object 'Object Repository/Schedule 10/Page_KDMC - CMS/select_--Select--Adjustable Mi'

2018-05-05 11:02:33 - [TEST_STEP][PASSED] - setText: Text '500' is set on object 'Object Repository/Schedule 10/Page_KDMC - CMS/input_txttreat'

2018-05-05 11:02:33 - [MESSAGE][PASSED] - Text '500' is set on object 'Object Repository/Schedule 10/Page_KDMC - CMS/input_txttreat'

2018-05-05 11:02:33 - [TEST_STEP][PASSED] - click: Object: 'Object Repository/Schedule 10/Page_KDMC - CMS/button_Add' is clicked on

2018-05-05 11:02:33 - [MESSAGE][PASSED] - Object: 'Object Repository/Schedule 10/Page_KDMC - CMS/button_Add' is clicked on

2018-05-05 11:02:33 - [TEST_STEP][PASSED] - selectOptionByIndex: All options with index in [10] are selected on object 'Object Repository/Schedule 10/Page_KDMC - CMS/select_--Select--Schedule 1Inj'

2018-05-05 11:02:34 - [MESSAGE][PASSED] - All options with index in [10] are selected on object 'Object Repository/Schedule 10/Page_KDMC - CMS/select_--Select--Schedule 1Inj'

2018-05-05 11:02:34 - [TEST_STEP][PASSED] - selectOptionByIndex: All options with index in [16] are selected on object 'Object Repository/Schedule 10/Page_KDMC - CMS/select_--Select--Adjustable Mi'

2018-05-05 11:02:34 - [MESSAGE][PASSED] - All options with index in [16] are selected on object 'Object Repository/Schedule 10/Page_KDMC - CMS/select_--Select--Adjustable Mi'

2018-05-05 11:02:34 - [TEST_STEP][PASSED] - setText: Text '500' is set on object 'Object Repository/Schedule 10/Page_KDMC - CMS/input_txttreat'

2018-05-05 11:02:35 - [MESSAGE][PASSED] - Text '500' is set on object 'Object Repository/Schedule 10/Page_KDMC - CMS/input_txttreat'

2018-05-05 11:02:35 - [TEST_STEP][PASSED] - click: Object: 'Object Repository/Schedule 10/Page_KDMC - CMS/button_Add' is clicked on

2018-05-05 11:02:35 - [MESSAGE][PASSED] - Object: 'Object Repository/Schedule 10/Page_KDMC - CMS/button_Add' is clicked on

2018-05-05 11:02:35 - [TEST_STEP][PASSED] - selectOptionByIndex: All options with index in [10] are selected on object 'Object Repository/Schedule 10/Page_KDMC - CMS/select_--Select--Schedule 1Inj'

2018-05-05 11:02:35 - [MESSAGE][PASSED] - All options with index in [10] are selected on object 'Object Repository/Schedule 10/Page_KDMC - CMS/select_--Select--Schedule 1Inj'

2018-05-05 11:02:35 - [TEST_STEP][PASSED] - selectOptionByIndex: All options with index in [17] are selected on object 'Object Repository/Schedule 10/Page_KDMC - CMS/select_--Select--Adjustable Mi'

2018-05-05 11:02:36 - [MESSAGE][PASSED] - All options with index in [17] are selected on object 'Object Repository/Schedule 10/Page_KDMC - CMS/select_--Select--Adjustable Mi'

2018-05-05 11:02:36 - [TEST_STEP][PASSED] - setText: Text '500' is set on object 'Object Repository/Schedule 10/Page_KDMC - CMS/input_txttreat'

2018-05-05 11:02:36 - [MESSAGE][PASSED] - Text '500' is set on object 'Object Repository/Schedule 10/Page_KDMC - CMS/input_txttreat'

2018-05-05 11:02:36 - [TEST_STEP][PASSED] - click: Object: 'Object Repository/Schedule 10/Page_KDMC - CMS/button_Add' is clicked on

2018-05-05 11:02:36 - [MESSAGE][PASSED] - Object: 'Object Repository/Schedule 10/Page_KDMC - CMS/button_Add' is clicked on

2018-05-05 11:02:36 - [TEST_STEP][PASSED] - selectOptionByIndex: All options with index in [10] are selected on object 'Object Repository/Schedule 10/Page_KDMC - CMS/select_--Select--Schedule 1Inj'

2018-05-05 11:02:36 - [MESSAGE][PASSED] - All options with index in [10] are selected on object 'Object Repository/Schedule 10/Page_KDMC - CMS/select_--Select--Schedule 1Inj'

2018-05-05 11:02:36 - [TEST_STEP][PASSED] - selectOptionByIndex: All options with index in [18] are selected on object 'Object Repository/Schedule 10/Page_KDMC - CMS/select_--Select--Adjustable Mi'

2018-05-05 11:02:37 - [MESSAGE][PASSED] - All options with index in [18] are selected on object 'Object Repository/Schedule 10/Page_KDMC - CMS/select_--Select--Adjustable Mi'

2018-05-05 11:02:37 - [TEST_STEP][PASSED] - setText: Text '500' is set on object 'Object Repository/Schedule 10/Page_KDMC - CMS/input_txttreat'

2018-05-05 11:02:37 - [MESSAGE][PASSED] - Text '500' is set on object 'Object Repository/Schedule 10/Page_KDMC - CMS/input_txttreat'

2018-05-05 11:02:37 - [TEST_STEP][PASSED] - click: Object: 'Object Repository/Schedule 10/Page_KDMC - CMS/button_Add' is clicked on

2018-05-05 11:02:37 - [MESSAGE][PASSED] - Object: 'Object Repository/Schedule 10/Page_KDMC - CMS/button_Add' is clicked on

2018-05-05 11:02:37 - [TEST_STEP][PASSED] - scrollToElement: Scroll to object 'Object Repository/Schedule 10/Page_KDMC - CMS/input_btnsave' successfully

2018-05-05 11:02:37 - [MESSAGE][PASSED] - Scroll to object 'Object Repository/Schedule 10/Page_KDMC - CMS/input_btnsave' successfully

2018-05-05 11:02:37 - [TEST_STEP][PASSED] - click: Object: 'Object Repository/Schedule 10/Page_KDMC - CMS/input_btnsave' is clicked on

2018-05-05 11:02:37 - [MESSAGE][PASSED] - Object: 'Object Repository/Schedule 10/Page_KDMC - CMS/input_btnsave' is clicked on

2018-05-05 11:02:37 - [TEST_STEP][PASSED] - delay: Delayed 3 second(s)

2018-05-05 11:02:40 - [MESSAGE][PASSED] - Delayed 3 second(s)

2018-05-05 11:02:40 - [TEST_STEP][PASSED] - click: Object: 'Object Repository/Schedule 10/Page_KDMC - CMS/button_OK' is clicked on

2018-05-05 11:02:40 - [MESSAGE][PASSED] - Object: 'Object Repository/Schedule 10/Page_KDMC - CMS/button_OK' is clicked on

2018-05-05 11:02:40 - [TEST_STEP][PASSED] - delay: Delayed 3 second(s)

2018-05-05 11:02:43 - [MESSAGE][PASSED] - Delayed 3 second(s)

2018-05-05 11:02:43 - [TEST_STEP][PASSED] - click: Object: 'Object Repository/Schedule 10/Page_KDMC - CMS/a_dropdown-toggle' is clicked on

2018-05-05 11:02:44 - [MESSAGE][PASSED] - Object: 'Object Repository/Schedule 10/Page_KDMC - CMS/a_dropdown-toggle' is clicked on

2018-05-05 11:02:44 - [TEST_STEP][PASSED] - click: Object: 'Object Repository/Schedule 10/Page_KDMC - CMS/a_Sign out' is clicked on

2018-05-05 11:02:44 - [MESSAGE][PASSED] - Object: 'Object Repository/Schedule 10/Page_KDMC - CMS/a_Sign out' is clicked on

2018-05-05 11:02:44 - [TEST_STEP][PASSED] - closeBrowser: Browser is closed

2018-05-05 11:02:45 - [MESSAGE][PASSED] - Browser is closed]]></system-out>
         <system-err><![CDATA[]]></system-err>
      </testcase>
      <testcase name="Test Cases/MOHTOCMSREQUEST/MohRequestSchedule11" classname="Test Cases/MOHTOCMSREQUEST/MohRequestSchedule11" status="PASSED">
         <system-out><![CDATA[2018-05-05 11:02:45 - [TEST_CASE][PASSED] - Test Cases/MOHTOCMSREQUEST/MohRequestSchedule11: Test Cases/MOHTOCMSREQUEST/MohRequestSchedule11

2018-05-05 11:02:45 - [TEST_STEP][PASSED] - openBrowser: Browser is opened with url: ''

2018-05-05 11:02:47 - [MESSAGE][PASSED] - Browser is opened with url: ''

2018-05-05 11:02:47 - [TEST_STEP][PASSED] - navigateToUrl: Navigate to 'http://192.168.137.1/multihospital_new/' successfully

2018-05-05 11:02:49 - [MESSAGE][PASSED] - Navigate to 'http://192.168.137.1/multihospital_new/' successfully

2018-05-05 11:02:49 - [TEST_STEP][PASSED] - maximizeWindow: Current window maximized

2018-05-05 11:02:50 - [MESSAGE][PASSED] - Current window maximized

2018-05-05 11:02:50 - [TEST_STEP][PASSED] - click: Object: 'Object Repository/Schedule 11/Page_KDMC/a_CMS' is clicked on

2018-05-05 11:02:52 - [MESSAGE][PASSED] - Object: 'Object Repository/Schedule 11/Page_KDMC/a_CMS' is clicked on

2018-05-05 11:02:52 - [TEST_STEP][PASSED] - setText: Text 'bala' is set on object 'Object Repository/Schedule 11/Page_CMS login/input_txtusername'

2018-05-05 11:02:52 - [MESSAGE][PASSED] - Text 'bala' is set on object 'Object Repository/Schedule 11/Page_CMS login/input_txtusername'

2018-05-05 11:02:52 - [TEST_STEP][PASSED] - setText: Text '123' is set on object 'Object Repository/Schedule 11/Page_CMS login/input_txtpassword'

2018-05-05 11:02:52 - [MESSAGE][PASSED] - Text '123' is set on object 'Object Repository/Schedule 11/Page_CMS login/input_txtpassword'

2018-05-05 11:02:52 - [TEST_STEP][PASSED] - delay: Delayed 3 second(s)

2018-05-05 11:02:55 - [MESSAGE][PASSED] - Delayed 3 second(s)

2018-05-05 11:02:55 - [TEST_STEP][PASSED] - click: Object: 'Object Repository/Schedule 11/Page_CMS login/button_Sign in' is clicked on

2018-05-05 11:02:56 - [MESSAGE][PASSED] - Object: 'Object Repository/Schedule 11/Page_CMS login/button_Sign in' is clicked on

2018-05-05 11:02:56 - [TEST_STEP][PASSED] - click: Object: 'Object Repository/Schedule 11/Page_KDMC - CMS/a_Request to MOH' is clicked on

2018-05-05 11:02:56 - [MESSAGE][PASSED] - Object: 'Object Repository/Schedule 11/Page_KDMC - CMS/a_Request to MOH' is clicked on

2018-05-05 11:02:56 - [TEST_STEP][PASSED] - selectOptionByIndex: All options with index in [2] are selected on object 'Object Repository/Schedule 11/Page_KDMC - CMS/select_--Select--'

2018-05-05 11:02:56 - [MESSAGE][PASSED] - All options with index in [2] are selected on object 'Object Repository/Schedule 11/Page_KDMC - CMS/select_--Select--'

2018-05-05 11:02:56 - [TEST_STEP][PASSED] - selectOptionByIndex: All options with index in [11] are selected on object 'Object Repository/Schedule 11/Page_KDMC - CMS/select_--Select--Schedule 1Inj'

2018-05-05 11:02:57 - [MESSAGE][PASSED] - All options with index in [11] are selected on object 'Object Repository/Schedule 11/Page_KDMC - CMS/select_--Select--Schedule 1Inj'

2018-05-05 11:02:57 - [TEST_STEP][PASSED] - Statement - Selectedoptions = com.kms.katalon.core.webui.keyword.WebUiBuiltInKeywords.getNumberOfTotalOption(com.kms.katalon.core.testobject.ObjectRepository.findTestObject(Schedule 11/Page_KDMC - CMS/select_--Select--Advance E.C.G)): 81 options of object 'Object Repository/Schedule 11/Page_KDMC - CMS/select_--Select--Advance E.C.G' counted

2018-05-05 11:02:57 - [MESSAGE][PASSED] - 81 options of object 'Object Repository/Schedule 11/Page_KDMC - CMS/select_--Select--Advance E.C.G' counted

2018-05-05 11:02:57 - [TEST_STEP][PASSED] - Statement - For ([f = 1, f < Selectedoptions, (f++)]): Object: 'Object Repository/Schedule 11/Page_KDMC - CMS/button_Add' is clicked on

2018-05-05 11:02:57 - [TEST_STEP][PASSED] - selectOptionByIndex: All options with index in [11] are selected on object 'Object Repository/Schedule 11/Page_KDMC - CMS/select_--Select--Schedule 1Inj'

2018-05-05 11:02:57 - [MESSAGE][PASSED] - All options with index in [11] are selected on object 'Object Repository/Schedule 11/Page_KDMC - CMS/select_--Select--Schedule 1Inj'

2018-05-05 11:02:57 - [TEST_STEP][PASSED] - selectOptionByIndex: All options with index in [1] are selected on object 'Object Repository/Schedule 11/Page_KDMC - CMS/select_--Select--Advance E.C.G'

2018-05-05 11:02:57 - [MESSAGE][PASSED] - All options with index in [1] are selected on object 'Object Repository/Schedule 11/Page_KDMC - CMS/select_--Select--Advance E.C.G'

2018-05-05 11:02:57 - [TEST_STEP][PASSED] - setText: Text '200' is set on object 'Object Repository/Schedule 11/Page_KDMC - CMS/input_txttreat'

2018-05-05 11:02:57 - [MESSAGE][PASSED] - Text '200' is set on object 'Object Repository/Schedule 11/Page_KDMC - CMS/input_txttreat'

2018-05-05 11:02:57 - [TEST_STEP][PASSED] - click: Object: 'Object Repository/Schedule 11/Page_KDMC - CMS/button_Add' is clicked on

2018-05-05 11:02:57 - [MESSAGE][PASSED] - Object: 'Object Repository/Schedule 11/Page_KDMC - CMS/button_Add' is clicked on

2018-05-05 11:02:57 - [TEST_STEP][PASSED] - selectOptionByIndex: All options with index in [11] are selected on object 'Object Repository/Schedule 11/Page_KDMC - CMS/select_--Select--Schedule 1Inj'

2018-05-05 11:02:57 - [MESSAGE][PASSED] - All options with index in [11] are selected on object 'Object Repository/Schedule 11/Page_KDMC - CMS/select_--Select--Schedule 1Inj'

2018-05-05 11:02:57 - [TEST_STEP][PASSED] - selectOptionByIndex: All options with index in [2] are selected on object 'Object Repository/Schedule 11/Page_KDMC - CMS/select_--Select--Advance E.C.G'

2018-05-05 11:02:58 - [MESSAGE][PASSED] - All options with index in [2] are selected on object 'Object Repository/Schedule 11/Page_KDMC - CMS/select_--Select--Advance E.C.G'

2018-05-05 11:02:58 - [TEST_STEP][PASSED] - setText: Text '200' is set on object 'Object Repository/Schedule 11/Page_KDMC - CMS/input_txttreat'

2018-05-05 11:02:58 - [MESSAGE][PASSED] - Text '200' is set on object 'Object Repository/Schedule 11/Page_KDMC - CMS/input_txttreat'

2018-05-05 11:02:58 - [TEST_STEP][PASSED] - click: Object: 'Object Repository/Schedule 11/Page_KDMC - CMS/button_Add' is clicked on

2018-05-05 11:02:58 - [MESSAGE][PASSED] - Object: 'Object Repository/Schedule 11/Page_KDMC - CMS/button_Add' is clicked on

2018-05-05 11:02:58 - [TEST_STEP][PASSED] - selectOptionByIndex: All options with index in [11] are selected on object 'Object Repository/Schedule 11/Page_KDMC - CMS/select_--Select--Schedule 1Inj'

2018-05-05 11:02:58 - [MESSAGE][PASSED] - All options with index in [11] are selected on object 'Object Repository/Schedule 11/Page_KDMC - CMS/select_--Select--Schedule 1Inj'

2018-05-05 11:02:58 - [TEST_STEP][PASSED] - selectOptionByIndex: All options with index in [3] are selected on object 'Object Repository/Schedule 11/Page_KDMC - CMS/select_--Select--Advance E.C.G'

2018-05-05 11:02:58 - [MESSAGE][PASSED] - All options with index in [3] are selected on object 'Object Repository/Schedule 11/Page_KDMC - CMS/select_--Select--Advance E.C.G'

2018-05-05 11:02:58 - [TEST_STEP][PASSED] - setText: Text '200' is set on object 'Object Repository/Schedule 11/Page_KDMC - CMS/input_txttreat'

2018-05-05 11:02:59 - [MESSAGE][PASSED] - Text '200' is set on object 'Object Repository/Schedule 11/Page_KDMC - CMS/input_txttreat'

2018-05-05 11:02:59 - [TEST_STEP][PASSED] - click: Object: 'Object Repository/Schedule 11/Page_KDMC - CMS/button_Add' is clicked on

2018-05-05 11:02:59 - [MESSAGE][PASSED] - Object: 'Object Repository/Schedule 11/Page_KDMC - CMS/button_Add' is clicked on

2018-05-05 11:02:59 - [TEST_STEP][PASSED] - selectOptionByIndex: All options with index in [11] are selected on object 'Object Repository/Schedule 11/Page_KDMC - CMS/select_--Select--Schedule 1Inj'

2018-05-05 11:02:59 - [MESSAGE][PASSED] - All options with index in [11] are selected on object 'Object Repository/Schedule 11/Page_KDMC - CMS/select_--Select--Schedule 1Inj'

2018-05-05 11:02:59 - [TEST_STEP][PASSED] - selectOptionByIndex: All options with index in [4] are selected on object 'Object Repository/Schedule 11/Page_KDMC - CMS/select_--Select--Advance E.C.G'

2018-05-05 11:02:59 - [MESSAGE][PASSED] - All options with index in [4] are selected on object 'Object Repository/Schedule 11/Page_KDMC - CMS/select_--Select--Advance E.C.G'

2018-05-05 11:02:59 - [TEST_STEP][PASSED] - setText: Text '200' is set on object 'Object Repository/Schedule 11/Page_KDMC - CMS/input_txttreat'

2018-05-05 11:02:59 - [MESSAGE][PASSED] - Text '200' is set on object 'Object Repository/Schedule 11/Page_KDMC - CMS/input_txttreat'

2018-05-05 11:02:59 - [TEST_STEP][PASSED] - click: Object: 'Object Repository/Schedule 11/Page_KDMC - CMS/button_Add' is clicked on

2018-05-05 11:02:59 - [MESSAGE][PASSED] - Object: 'Object Repository/Schedule 11/Page_KDMC - CMS/button_Add' is clicked on

2018-05-05 11:02:59 - [TEST_STEP][PASSED] - selectOptionByIndex: All options with index in [11] are selected on object 'Object Repository/Schedule 11/Page_KDMC - CMS/select_--Select--Schedule 1Inj'

2018-05-05 11:02:59 - [MESSAGE][PASSED] - All options with index in [11] are selected on object 'Object Repository/Schedule 11/Page_KDMC - CMS/select_--Select--Schedule 1Inj'

2018-05-05 11:02:59 - [TEST_STEP][PASSED] - selectOptionByIndex: All options with index in [5] are selected on object 'Object Repository/Schedule 11/Page_KDMC - CMS/select_--Select--Advance E.C.G'

2018-05-05 11:02:59 - [MESSAGE][PASSED] - All options with index in [5] are selected on object 'Object Repository/Schedule 11/Page_KDMC - CMS/select_--Select--Advance E.C.G'

2018-05-05 11:02:59 - [TEST_STEP][PASSED] - setText: Text '200' is set on object 'Object Repository/Schedule 11/Page_KDMC - CMS/input_txttreat'

2018-05-05 11:03:00 - [MESSAGE][PASSED] - Text '200' is set on object 'Object Repository/Schedule 11/Page_KDMC - CMS/input_txttreat'

2018-05-05 11:03:00 - [TEST_STEP][PASSED] - click: Object: 'Object Repository/Schedule 11/Page_KDMC - CMS/button_Add' is clicked on

2018-05-05 11:03:00 - [MESSAGE][PASSED] - Object: 'Object Repository/Schedule 11/Page_KDMC - CMS/button_Add' is clicked on

2018-05-05 11:03:00 - [TEST_STEP][PASSED] - selectOptionByIndex: All options with index in [11] are selected on object 'Object Repository/Schedule 11/Page_KDMC - CMS/select_--Select--Schedule 1Inj'

2018-05-05 11:03:00 - [MESSAGE][PASSED] - All options with index in [11] are selected on object 'Object Repository/Schedule 11/Page_KDMC - CMS/select_--Select--Schedule 1Inj'

2018-05-05 11:03:00 - [TEST_STEP][PASSED] - selectOptionByIndex: All options with index in [6] are selected on object 'Object Repository/Schedule 11/Page_KDMC - CMS/select_--Select--Advance E.C.G'

2018-05-05 11:03:00 - [MESSAGE][PASSED] - All options with index in [6] are selected on object 'Object Repository/Schedule 11/Page_KDMC - CMS/select_--Select--Advance E.C.G'

2018-05-05 11:03:00 - [TEST_STEP][PASSED] - setText: Text '200' is set on object 'Object Repository/Schedule 11/Page_KDMC - CMS/input_txttreat'

2018-05-05 11:03:01 - [MESSAGE][PASSED] - Text '200' is set on object 'Object Repository/Schedule 11/Page_KDMC - CMS/input_txttreat'

2018-05-05 11:03:01 - [TEST_STEP][PASSED] - click: Object: 'Object Repository/Schedule 11/Page_KDMC - CMS/button_Add' is clicked on

2018-05-05 11:03:01 - [MESSAGE][PASSED] - Object: 'Object Repository/Schedule 11/Page_KDMC - CMS/button_Add' is clicked on

2018-05-05 11:03:01 - [TEST_STEP][PASSED] - selectOptionByIndex: All options with index in [11] are selected on object 'Object Repository/Schedule 11/Page_KDMC - CMS/select_--Select--Schedule 1Inj'

2018-05-05 11:03:01 - [MESSAGE][PASSED] - All options with index in [11] are selected on object 'Object Repository/Schedule 11/Page_KDMC - CMS/select_--Select--Schedule 1Inj'

2018-05-05 11:03:01 - [TEST_STEP][PASSED] - selectOptionByIndex: All options with index in [7] are selected on object 'Object Repository/Schedule 11/Page_KDMC - CMS/select_--Select--Advance E.C.G'

2018-05-05 11:03:02 - [MESSAGE][PASSED] - All options with index in [7] are selected on object 'Object Repository/Schedule 11/Page_KDMC - CMS/select_--Select--Advance E.C.G'

2018-05-05 11:03:02 - [TEST_STEP][PASSED] - setText: Text '200' is set on object 'Object Repository/Schedule 11/Page_KDMC - CMS/input_txttreat'

2018-05-05 11:03:02 - [MESSAGE][PASSED] - Text '200' is set on object 'Object Repository/Schedule 11/Page_KDMC - CMS/input_txttreat'

2018-05-05 11:03:02 - [TEST_STEP][PASSED] - click: Object: 'Object Repository/Schedule 11/Page_KDMC - CMS/button_Add' is clicked on

2018-05-05 11:03:02 - [MESSAGE][PASSED] - Object: 'Object Repository/Schedule 11/Page_KDMC - CMS/button_Add' is clicked on

2018-05-05 11:03:02 - [TEST_STEP][PASSED] - selectOptionByIndex: All options with index in [11] are selected on object 'Object Repository/Schedule 11/Page_KDMC - CMS/select_--Select--Schedule 1Inj'

2018-05-05 11:03:02 - [MESSAGE][PASSED] - All options with index in [11] are selected on object 'Object Repository/Schedule 11/Page_KDMC - CMS/select_--Select--Schedule 1Inj'

2018-05-05 11:03:02 - [TEST_STEP][PASSED] - selectOptionByIndex: All options with index in [8] are selected on object 'Object Repository/Schedule 11/Page_KDMC - CMS/select_--Select--Advance E.C.G'

2018-05-05 11:03:03 - [MESSAGE][PASSED] - All options with index in [8] are selected on object 'Object Repository/Schedule 11/Page_KDMC - CMS/select_--Select--Advance E.C.G'

2018-05-05 11:03:03 - [TEST_STEP][PASSED] - setText: Text '200' is set on object 'Object Repository/Schedule 11/Page_KDMC - CMS/input_txttreat'

2018-05-05 11:03:03 - [MESSAGE][PASSED] - Text '200' is set on object 'Object Repository/Schedule 11/Page_KDMC - CMS/input_txttreat'

2018-05-05 11:03:03 - [TEST_STEP][PASSED] - click: Object: 'Object Repository/Schedule 11/Page_KDMC - CMS/button_Add' is clicked on

2018-05-05 11:03:03 - [MESSAGE][PASSED] - Object: 'Object Repository/Schedule 11/Page_KDMC - CMS/button_Add' is clicked on

2018-05-05 11:03:03 - [TEST_STEP][PASSED] - selectOptionByIndex: All options with index in [11] are selected on object 'Object Repository/Schedule 11/Page_KDMC - CMS/select_--Select--Schedule 1Inj'

2018-05-05 11:03:03 - [MESSAGE][PASSED] - All options with index in [11] are selected on object 'Object Repository/Schedule 11/Page_KDMC - CMS/select_--Select--Schedule 1Inj'

2018-05-05 11:03:03 - [TEST_STEP][PASSED] - selectOptionByIndex: All options with index in [9] are selected on object 'Object Repository/Schedule 11/Page_KDMC - CMS/select_--Select--Advance E.C.G'

2018-05-05 11:03:04 - [MESSAGE][PASSED] - All options with index in [9] are selected on object 'Object Repository/Schedule 11/Page_KDMC - CMS/select_--Select--Advance E.C.G'

2018-05-05 11:03:04 - [TEST_STEP][PASSED] - setText: Text '200' is set on object 'Object Repository/Schedule 11/Page_KDMC - CMS/input_txttreat'

2018-05-05 11:03:04 - [MESSAGE][PASSED] - Text '200' is set on object 'Object Repository/Schedule 11/Page_KDMC - CMS/input_txttreat'

2018-05-05 11:03:04 - [TEST_STEP][PASSED] - click: Object: 'Object Repository/Schedule 11/Page_KDMC - CMS/button_Add' is clicked on

2018-05-05 11:03:04 - [MESSAGE][PASSED] - Object: 'Object Repository/Schedule 11/Page_KDMC - CMS/button_Add' is clicked on

2018-05-05 11:03:04 - [TEST_STEP][PASSED] - selectOptionByIndex: All options with index in [11] are selected on object 'Object Repository/Schedule 11/Page_KDMC - CMS/select_--Select--Schedule 1Inj'

2018-05-05 11:03:04 - [MESSAGE][PASSED] - All options with index in [11] are selected on object 'Object Repository/Schedule 11/Page_KDMC - CMS/select_--Select--Schedule 1Inj'

2018-05-05 11:03:04 - [TEST_STEP][PASSED] - selectOptionByIndex: All options with index in [10] are selected on object 'Object Repository/Schedule 11/Page_KDMC - CMS/select_--Select--Advance E.C.G'

2018-05-05 11:03:05 - [MESSAGE][PASSED] - All options with index in [10] are selected on object 'Object Repository/Schedule 11/Page_KDMC - CMS/select_--Select--Advance E.C.G'

2018-05-05 11:03:05 - [TEST_STEP][PASSED] - setText: Text '200' is set on object 'Object Repository/Schedule 11/Page_KDMC - CMS/input_txttreat'

2018-05-05 11:03:05 - [MESSAGE][PASSED] - Text '200' is set on object 'Object Repository/Schedule 11/Page_KDMC - CMS/input_txttreat'

2018-05-05 11:03:05 - [TEST_STEP][PASSED] - click: Object: 'Object Repository/Schedule 11/Page_KDMC - CMS/button_Add' is clicked on

2018-05-05 11:03:05 - [MESSAGE][PASSED] - Object: 'Object Repository/Schedule 11/Page_KDMC - CMS/button_Add' is clicked on

2018-05-05 11:03:05 - [TEST_STEP][PASSED] - selectOptionByIndex: All options with index in [11] are selected on object 'Object Repository/Schedule 11/Page_KDMC - CMS/select_--Select--Schedule 1Inj'

2018-05-05 11:03:05 - [MESSAGE][PASSED] - All options with index in [11] are selected on object 'Object Repository/Schedule 11/Page_KDMC - CMS/select_--Select--Schedule 1Inj'

2018-05-05 11:03:05 - [TEST_STEP][PASSED] - selectOptionByIndex: All options with index in [11] are selected on object 'Object Repository/Schedule 11/Page_KDMC - CMS/select_--Select--Advance E.C.G'

2018-05-05 11:03:06 - [MESSAGE][PASSED] - All options with index in [11] are selected on object 'Object Repository/Schedule 11/Page_KDMC - CMS/select_--Select--Advance E.C.G'

2018-05-05 11:03:06 - [TEST_STEP][PASSED] - setText: Text '200' is set on object 'Object Repository/Schedule 11/Page_KDMC - CMS/input_txttreat'

2018-05-05 11:03:06 - [MESSAGE][PASSED] - Text '200' is set on object 'Object Repository/Schedule 11/Page_KDMC - CMS/input_txttreat'

2018-05-05 11:03:06 - [TEST_STEP][PASSED] - click: Object: 'Object Repository/Schedule 11/Page_KDMC - CMS/button_Add' is clicked on

2018-05-05 11:03:06 - [MESSAGE][PASSED] - Object: 'Object Repository/Schedule 11/Page_KDMC - CMS/button_Add' is clicked on

2018-05-05 11:03:06 - [TEST_STEP][PASSED] - selectOptionByIndex: All options with index in [11] are selected on object 'Object Repository/Schedule 11/Page_KDMC - CMS/select_--Select--Schedule 1Inj'

2018-05-05 11:03:06 - [MESSAGE][PASSED] - All options with index in [11] are selected on object 'Object Repository/Schedule 11/Page_KDMC - CMS/select_--Select--Schedule 1Inj'

2018-05-05 11:03:06 - [TEST_STEP][PASSED] - selectOptionByIndex: All options with index in [12] are selected on object 'Object Repository/Schedule 11/Page_KDMC - CMS/select_--Select--Advance E.C.G'

2018-05-05 11:03:07 - [MESSAGE][PASSED] - All options with index in [12] are selected on object 'Object Repository/Schedule 11/Page_KDMC - CMS/select_--Select--Advance E.C.G'

2018-05-05 11:03:07 - [TEST_STEP][PASSED] - setText: Text '200' is set on object 'Object Repository/Schedule 11/Page_KDMC - CMS/input_txttreat'

2018-05-05 11:03:07 - [MESSAGE][PASSED] - Text '200' is set on object 'Object Repository/Schedule 11/Page_KDMC - CMS/input_txttreat'

2018-05-05 11:03:07 - [TEST_STEP][PASSED] - click: Object: 'Object Repository/Schedule 11/Page_KDMC - CMS/button_Add' is clicked on

2018-05-05 11:03:07 - [MESSAGE][PASSED] - Object: 'Object Repository/Schedule 11/Page_KDMC - CMS/button_Add' is clicked on

2018-05-05 11:03:07 - [TEST_STEP][PASSED] - selectOptionByIndex: All options with index in [11] are selected on object 'Object Repository/Schedule 11/Page_KDMC - CMS/select_--Select--Schedule 1Inj'

2018-05-05 11:03:08 - [MESSAGE][PASSED] - All options with index in [11] are selected on object 'Object Repository/Schedule 11/Page_KDMC - CMS/select_--Select--Schedule 1Inj'

2018-05-05 11:03:08 - [TEST_STEP][PASSED] - selectOptionByIndex: All options with index in [13] are selected on object 'Object Repository/Schedule 11/Page_KDMC - CMS/select_--Select--Advance E.C.G'

2018-05-05 11:03:08 - [MESSAGE][PASSED] - All options with index in [13] are selected on object 'Object Repository/Schedule 11/Page_KDMC - CMS/select_--Select--Advance E.C.G'

2018-05-05 11:03:08 - [TEST_STEP][PASSED] - setText: Text '200' is set on object 'Object Repository/Schedule 11/Page_KDMC - CMS/input_txttreat'

2018-05-05 11:03:08 - [MESSAGE][PASSED] - Text '200' is set on object 'Object Repository/Schedule 11/Page_KDMC - CMS/input_txttreat'

2018-05-05 11:03:08 - [TEST_STEP][PASSED] - click: Object: 'Object Repository/Schedule 11/Page_KDMC - CMS/button_Add' is clicked on

2018-05-05 11:03:09 - [MESSAGE][PASSED] - Object: 'Object Repository/Schedule 11/Page_KDMC - CMS/button_Add' is clicked on

2018-05-05 11:03:09 - [TEST_STEP][PASSED] - selectOptionByIndex: All options with index in [11] are selected on object 'Object Repository/Schedule 11/Page_KDMC - CMS/select_--Select--Schedule 1Inj'

2018-05-05 11:03:09 - [MESSAGE][PASSED] - All options with index in [11] are selected on object 'Object Repository/Schedule 11/Page_KDMC - CMS/select_--Select--Schedule 1Inj'

2018-05-05 11:03:09 - [TEST_STEP][PASSED] - selectOptionByIndex: All options with index in [14] are selected on object 'Object Repository/Schedule 11/Page_KDMC - CMS/select_--Select--Advance E.C.G'

2018-05-05 11:03:10 - [MESSAGE][PASSED] - All options with index in [14] are selected on object 'Object Repository/Schedule 11/Page_KDMC - CMS/select_--Select--Advance E.C.G'

2018-05-05 11:03:10 - [TEST_STEP][PASSED] - setText: Text '200' is set on object 'Object Repository/Schedule 11/Page_KDMC - CMS/input_txttreat'

2018-05-05 11:03:10 - [MESSAGE][PASSED] - Text '200' is set on object 'Object Repository/Schedule 11/Page_KDMC - CMS/input_txttreat'

2018-05-05 11:03:10 - [TEST_STEP][PASSED] - click: Object: 'Object Repository/Schedule 11/Page_KDMC - CMS/button_Add' is clicked on

2018-05-05 11:03:10 - [MESSAGE][PASSED] - Object: 'Object Repository/Schedule 11/Page_KDMC - CMS/button_Add' is clicked on

2018-05-05 11:03:10 - [TEST_STEP][PASSED] - selectOptionByIndex: All options with index in [11] are selected on object 'Object Repository/Schedule 11/Page_KDMC - CMS/select_--Select--Schedule 1Inj'

2018-05-05 11:03:10 - [MESSAGE][PASSED] - All options with index in [11] are selected on object 'Object Repository/Schedule 11/Page_KDMC - CMS/select_--Select--Schedule 1Inj'

2018-05-05 11:03:10 - [TEST_STEP][PASSED] - selectOptionByIndex: All options with index in [15] are selected on object 'Object Repository/Schedule 11/Page_KDMC - CMS/select_--Select--Advance E.C.G'

2018-05-05 11:03:11 - [MESSAGE][PASSED] - All options with index in [15] are selected on object 'Object Repository/Schedule 11/Page_KDMC - CMS/select_--Select--Advance E.C.G'

2018-05-05 11:03:11 - [TEST_STEP][PASSED] - setText: Text '200' is set on object 'Object Repository/Schedule 11/Page_KDMC - CMS/input_txttreat'

2018-05-05 11:03:11 - [MESSAGE][PASSED] - Text '200' is set on object 'Object Repository/Schedule 11/Page_KDMC - CMS/input_txttreat'

2018-05-05 11:03:11 - [TEST_STEP][PASSED] - click: Object: 'Object Repository/Schedule 11/Page_KDMC - CMS/button_Add' is clicked on

2018-05-05 11:03:11 - [MESSAGE][PASSED] - Object: 'Object Repository/Schedule 11/Page_KDMC - CMS/button_Add' is clicked on

2018-05-05 11:03:11 - [TEST_STEP][PASSED] - selectOptionByIndex: All options with index in [11] are selected on object 'Object Repository/Schedule 11/Page_KDMC - CMS/select_--Select--Schedule 1Inj'

2018-05-05 11:03:11 - [MESSAGE][PASSED] - All options with index in [11] are selected on object 'Object Repository/Schedule 11/Page_KDMC - CMS/select_--Select--Schedule 1Inj'

2018-05-05 11:03:11 - [TEST_STEP][PASSED] - selectOptionByIndex: All options with index in [16] are selected on object 'Object Repository/Schedule 11/Page_KDMC - CMS/select_--Select--Advance E.C.G'

2018-05-05 11:03:12 - [MESSAGE][PASSED] - All options with index in [16] are selected on object 'Object Repository/Schedule 11/Page_KDMC - CMS/select_--Select--Advance E.C.G'

2018-05-05 11:03:12 - [TEST_STEP][PASSED] - setText: Text '200' is set on object 'Object Repository/Schedule 11/Page_KDMC - CMS/input_txttreat'

2018-05-05 11:03:12 - [MESSAGE][PASSED] - Text '200' is set on object 'Object Repository/Schedule 11/Page_KDMC - CMS/input_txttreat'

2018-05-05 11:03:12 - [TEST_STEP][PASSED] - click: Object: 'Object Repository/Schedule 11/Page_KDMC - CMS/button_Add' is clicked on

2018-05-05 11:03:12 - [MESSAGE][PASSED] - Object: 'Object Repository/Schedule 11/Page_KDMC - CMS/button_Add' is clicked on

2018-05-05 11:03:12 - [TEST_STEP][PASSED] - selectOptionByIndex: All options with index in [11] are selected on object 'Object Repository/Schedule 11/Page_KDMC - CMS/select_--Select--Schedule 1Inj'

2018-05-05 11:03:12 - [MESSAGE][PASSED] - All options with index in [11] are selected on object 'Object Repository/Schedule 11/Page_KDMC - CMS/select_--Select--Schedule 1Inj'

2018-05-05 11:03:12 - [TEST_STEP][PASSED] - selectOptionByIndex: All options with index in [17] are selected on object 'Object Repository/Schedule 11/Page_KDMC - CMS/select_--Select--Advance E.C.G'

2018-05-05 11:03:13 - [MESSAGE][PASSED] - All options with index in [17] are selected on object 'Object Repository/Schedule 11/Page_KDMC - CMS/select_--Select--Advance E.C.G'

2018-05-05 11:03:13 - [TEST_STEP][PASSED] - setText: Text '200' is set on object 'Object Repository/Schedule 11/Page_KDMC - CMS/input_txttreat'

2018-05-05 11:03:13 - [MESSAGE][PASSED] - Text '200' is set on object 'Object Repository/Schedule 11/Page_KDMC - CMS/input_txttreat'

2018-05-05 11:03:13 - [TEST_STEP][PASSED] - click: Object: 'Object Repository/Schedule 11/Page_KDMC - CMS/button_Add' is clicked on

2018-05-05 11:03:13 - [MESSAGE][PASSED] - Object: 'Object Repository/Schedule 11/Page_KDMC - CMS/button_Add' is clicked on

2018-05-05 11:03:13 - [TEST_STEP][PASSED] - selectOptionByIndex: All options with index in [11] are selected on object 'Object Repository/Schedule 11/Page_KDMC - CMS/select_--Select--Schedule 1Inj'

2018-05-05 11:03:13 - [MESSAGE][PASSED] - All options with index in [11] are selected on object 'Object Repository/Schedule 11/Page_KDMC - CMS/select_--Select--Schedule 1Inj'

2018-05-05 11:03:13 - [TEST_STEP][PASSED] - selectOptionByIndex: All options with index in [18] are selected on object 'Object Repository/Schedule 11/Page_KDMC - CMS/select_--Select--Advance E.C.G'

2018-05-05 11:03:14 - [MESSAGE][PASSED] - All options with index in [18] are selected on object 'Object Repository/Schedule 11/Page_KDMC - CMS/select_--Select--Advance E.C.G'

2018-05-05 11:03:14 - [TEST_STEP][PASSED] - setText: Text '200' is set on object 'Object Repository/Schedule 11/Page_KDMC - CMS/input_txttreat'

2018-05-05 11:03:14 - [MESSAGE][PASSED] - Text '200' is set on object 'Object Repository/Schedule 11/Page_KDMC - CMS/input_txttreat'

2018-05-05 11:03:14 - [TEST_STEP][PASSED] - click: Object: 'Object Repository/Schedule 11/Page_KDMC - CMS/button_Add' is clicked on

2018-05-05 11:03:14 - [MESSAGE][PASSED] - Object: 'Object Repository/Schedule 11/Page_KDMC - CMS/button_Add' is clicked on

2018-05-05 11:03:14 - [TEST_STEP][PASSED] - selectOptionByIndex: All options with index in [11] are selected on object 'Object Repository/Schedule 11/Page_KDMC - CMS/select_--Select--Schedule 1Inj'

2018-05-05 11:03:15 - [MESSAGE][PASSED] - All options with index in [11] are selected on object 'Object Repository/Schedule 11/Page_KDMC - CMS/select_--Select--Schedule 1Inj'

2018-05-05 11:03:15 - [TEST_STEP][PASSED] - selectOptionByIndex: All options with index in [19] are selected on object 'Object Repository/Schedule 11/Page_KDMC - CMS/select_--Select--Advance E.C.G'

2018-05-05 11:03:16 - [MESSAGE][PASSED] - All options with index in [19] are selected on object 'Object Repository/Schedule 11/Page_KDMC - CMS/select_--Select--Advance E.C.G'

2018-05-05 11:03:16 - [TEST_STEP][PASSED] - setText: Text '200' is set on object 'Object Repository/Schedule 11/Page_KDMC - CMS/input_txttreat'

2018-05-05 11:03:16 - [MESSAGE][PASSED] - Text '200' is set on object 'Object Repository/Schedule 11/Page_KDMC - CMS/input_txttreat'

2018-05-05 11:03:16 - [TEST_STEP][PASSED] - click: Object: 'Object Repository/Schedule 11/Page_KDMC - CMS/button_Add' is clicked on

2018-05-05 11:03:16 - [MESSAGE][PASSED] - Object: 'Object Repository/Schedule 11/Page_KDMC - CMS/button_Add' is clicked on

2018-05-05 11:03:16 - [TEST_STEP][PASSED] - selectOptionByIndex: All options with index in [11] are selected on object 'Object Repository/Schedule 11/Page_KDMC - CMS/select_--Select--Schedule 1Inj'

2018-05-05 11:03:16 - [MESSAGE][PASSED] - All options with index in [11] are selected on object 'Object Repository/Schedule 11/Page_KDMC - CMS/select_--Select--Schedule 1Inj'

2018-05-05 11:03:16 - [TEST_STEP][PASSED] - selectOptionByIndex: All options with index in [20] are selected on object 'Object Repository/Schedule 11/Page_KDMC - CMS/select_--Select--Advance E.C.G'

2018-05-05 11:03:17 - [MESSAGE][PASSED] - All options with index in [20] are selected on object 'Object Repository/Schedule 11/Page_KDMC - CMS/select_--Select--Advance E.C.G'

2018-05-05 11:03:17 - [TEST_STEP][PASSED] - setText: Text '200' is set on object 'Object Repository/Schedule 11/Page_KDMC - CMS/input_txttreat'

2018-05-05 11:03:17 - [MESSAGE][PASSED] - Text '200' is set on object 'Object Repository/Schedule 11/Page_KDMC - CMS/input_txttreat'

2018-05-05 11:03:17 - [TEST_STEP][PASSED] - click: Object: 'Object Repository/Schedule 11/Page_KDMC - CMS/button_Add' is clicked on

2018-05-05 11:03:17 - [MESSAGE][PASSED] - Object: 'Object Repository/Schedule 11/Page_KDMC - CMS/button_Add' is clicked on

2018-05-05 11:03:17 - [TEST_STEP][PASSED] - selectOptionByIndex: All options with index in [11] are selected on object 'Object Repository/Schedule 11/Page_KDMC - CMS/select_--Select--Schedule 1Inj'

2018-05-05 11:03:17 - [MESSAGE][PASSED] - All options with index in [11] are selected on object 'Object Repository/Schedule 11/Page_KDMC - CMS/select_--Select--Schedule 1Inj'

2018-05-05 11:03:17 - [TEST_STEP][PASSED] - selectOptionByIndex: All options with index in [21] are selected on object 'Object Repository/Schedule 11/Page_KDMC - CMS/select_--Select--Advance E.C.G'

2018-05-05 11:03:18 - [MESSAGE][PASSED] - All options with index in [21] are selected on object 'Object Repository/Schedule 11/Page_KDMC - CMS/select_--Select--Advance E.C.G'

2018-05-05 11:03:18 - [TEST_STEP][PASSED] - setText: Text '200' is set on object 'Object Repository/Schedule 11/Page_KDMC - CMS/input_txttreat'

2018-05-05 11:03:18 - [MESSAGE][PASSED] - Text '200' is set on object 'Object Repository/Schedule 11/Page_KDMC - CMS/input_txttreat'

2018-05-05 11:03:18 - [TEST_STEP][PASSED] - click: Object: 'Object Repository/Schedule 11/Page_KDMC - CMS/button_Add' is clicked on

2018-05-05 11:03:18 - [MESSAGE][PASSED] - Object: 'Object Repository/Schedule 11/Page_KDMC - CMS/button_Add' is clicked on

2018-05-05 11:03:18 - [TEST_STEP][PASSED] - selectOptionByIndex: All options with index in [11] are selected on object 'Object Repository/Schedule 11/Page_KDMC - CMS/select_--Select--Schedule 1Inj'

2018-05-05 11:03:18 - [MESSAGE][PASSED] - All options with index in [11] are selected on object 'Object Repository/Schedule 11/Page_KDMC - CMS/select_--Select--Schedule 1Inj'

2018-05-05 11:03:18 - [TEST_STEP][PASSED] - selectOptionByIndex: All options with index in [22] are selected on object 'Object Repository/Schedule 11/Page_KDMC - CMS/select_--Select--Advance E.C.G'

2018-05-05 11:03:19 - [MESSAGE][PASSED] - All options with index in [22] are selected on object 'Object Repository/Schedule 11/Page_KDMC - CMS/select_--Select--Advance E.C.G'

2018-05-05 11:03:19 - [TEST_STEP][PASSED] - setText: Text '200' is set on object 'Object Repository/Schedule 11/Page_KDMC - CMS/input_txttreat'

2018-05-05 11:03:20 - [MESSAGE][PASSED] - Text '200' is set on object 'Object Repository/Schedule 11/Page_KDMC - CMS/input_txttreat'

2018-05-05 11:03:20 - [TEST_STEP][PASSED] - click: Object: 'Object Repository/Schedule 11/Page_KDMC - CMS/button_Add' is clicked on

2018-05-05 11:03:20 - [MESSAGE][PASSED] - Object: 'Object Repository/Schedule 11/Page_KDMC - CMS/button_Add' is clicked on

2018-05-05 11:03:20 - [TEST_STEP][PASSED] - selectOptionByIndex: All options with index in [11] are selected on object 'Object Repository/Schedule 11/Page_KDMC - CMS/select_--Select--Schedule 1Inj'

2018-05-05 11:03:20 - [MESSAGE][PASSED] - All options with index in [11] are selected on object 'Object Repository/Schedule 11/Page_KDMC - CMS/select_--Select--Schedule 1Inj'

2018-05-05 11:03:20 - [TEST_STEP][PASSED] - selectOptionByIndex: All options with index in [23] are selected on object 'Object Repository/Schedule 11/Page_KDMC - CMS/select_--Select--Advance E.C.G'

2018-05-05 11:03:21 - [MESSAGE][PASSED] - All options with index in [23] are selected on object 'Object Repository/Schedule 11/Page_KDMC - CMS/select_--Select--Advance E.C.G'

2018-05-05 11:03:21 - [TEST_STEP][PASSED] - setText: Text '200' is set on object 'Object Repository/Schedule 11/Page_KDMC - CMS/input_txttreat'

2018-05-05 11:03:21 - [MESSAGE][PASSED] - Text '200' is set on object 'Object Repository/Schedule 11/Page_KDMC - CMS/input_txttreat'

2018-05-05 11:03:21 - [TEST_STEP][PASSED] - click: Object: 'Object Repository/Schedule 11/Page_KDMC - CMS/button_Add' is clicked on

2018-05-05 11:03:21 - [MESSAGE][PASSED] - Object: 'Object Repository/Schedule 11/Page_KDMC - CMS/button_Add' is clicked on

2018-05-05 11:03:21 - [TEST_STEP][PASSED] - selectOptionByIndex: All options with index in [11] are selected on object 'Object Repository/Schedule 11/Page_KDMC - CMS/select_--Select--Schedule 1Inj'

2018-05-05 11:03:21 - [MESSAGE][PASSED] - All options with index in [11] are selected on object 'Object Repository/Schedule 11/Page_KDMC - CMS/select_--Select--Schedule 1Inj'

2018-05-05 11:03:21 - [TEST_STEP][PASSED] - selectOptionByIndex: All options with index in [24] are selected on object 'Object Repository/Schedule 11/Page_KDMC - CMS/select_--Select--Advance E.C.G'

2018-05-05 11:03:22 - [MESSAGE][PASSED] - All options with index in [24] are selected on object 'Object Repository/Schedule 11/Page_KDMC - CMS/select_--Select--Advance E.C.G'

2018-05-05 11:03:22 - [TEST_STEP][PASSED] - setText: Text '200' is set on object 'Object Repository/Schedule 11/Page_KDMC - CMS/input_txttreat'

2018-05-05 11:03:22 - [MESSAGE][PASSED] - Text '200' is set on object 'Object Repository/Schedule 11/Page_KDMC - CMS/input_txttreat'

2018-05-05 11:03:22 - [TEST_STEP][PASSED] - click: Object: 'Object Repository/Schedule 11/Page_KDMC - CMS/button_Add' is clicked on

2018-05-05 11:03:22 - [MESSAGE][PASSED] - Object: 'Object Repository/Schedule 11/Page_KDMC - CMS/button_Add' is clicked on

2018-05-05 11:03:22 - [TEST_STEP][PASSED] - selectOptionByIndex: All options with index in [11] are selected on object 'Object Repository/Schedule 11/Page_KDMC - CMS/select_--Select--Schedule 1Inj'

2018-05-05 11:03:22 - [MESSAGE][PASSED] - All options with index in [11] are selected on object 'Object Repository/Schedule 11/Page_KDMC - CMS/select_--Select--Schedule 1Inj'

2018-05-05 11:03:22 - [TEST_STEP][PASSED] - selectOptionByIndex: All options with index in [25] are selected on object 'Object Repository/Schedule 11/Page_KDMC - CMS/select_--Select--Advance E.C.G'

2018-05-05 11:03:23 - [MESSAGE][PASSED] - All options with index in [25] are selected on object 'Object Repository/Schedule 11/Page_KDMC - CMS/select_--Select--Advance E.C.G'

2018-05-05 11:03:23 - [TEST_STEP][PASSED] - setText: Text '200' is set on object 'Object Repository/Schedule 11/Page_KDMC - CMS/input_txttreat'

2018-05-05 11:03:23 - [MESSAGE][PASSED] - Text '200' is set on object 'Object Repository/Schedule 11/Page_KDMC - CMS/input_txttreat'

2018-05-05 11:03:23 - [TEST_STEP][PASSED] - click: Object: 'Object Repository/Schedule 11/Page_KDMC - CMS/button_Add' is clicked on

2018-05-05 11:03:23 - [MESSAGE][PASSED] - Object: 'Object Repository/Schedule 11/Page_KDMC - CMS/button_Add' is clicked on

2018-05-05 11:03:23 - [TEST_STEP][PASSED] - selectOptionByIndex: All options with index in [11] are selected on object 'Object Repository/Schedule 11/Page_KDMC - CMS/select_--Select--Schedule 1Inj'

2018-05-05 11:03:23 - [MESSAGE][PASSED] - All options with index in [11] are selected on object 'Object Repository/Schedule 11/Page_KDMC - CMS/select_--Select--Schedule 1Inj'

2018-05-05 11:03:23 - [TEST_STEP][PASSED] - selectOptionByIndex: All options with index in [26] are selected on object 'Object Repository/Schedule 11/Page_KDMC - CMS/select_--Select--Advance E.C.G'

2018-05-05 11:03:24 - [MESSAGE][PASSED] - All options with index in [26] are selected on object 'Object Repository/Schedule 11/Page_KDMC - CMS/select_--Select--Advance E.C.G'

2018-05-05 11:03:24 - [TEST_STEP][PASSED] - setText: Text '200' is set on object 'Object Repository/Schedule 11/Page_KDMC - CMS/input_txttreat'

2018-05-05 11:03:24 - [MESSAGE][PASSED] - Text '200' is set on object 'Object Repository/Schedule 11/Page_KDMC - CMS/input_txttreat'

2018-05-05 11:03:24 - [TEST_STEP][PASSED] - click: Object: 'Object Repository/Schedule 11/Page_KDMC - CMS/button_Add' is clicked on

2018-05-05 11:03:24 - [MESSAGE][PASSED] - Object: 'Object Repository/Schedule 11/Page_KDMC - CMS/button_Add' is clicked on

2018-05-05 11:03:24 - [TEST_STEP][PASSED] - selectOptionByIndex: All options with index in [11] are selected on object 'Object Repository/Schedule 11/Page_KDMC - CMS/select_--Select--Schedule 1Inj'

2018-05-05 11:03:25 - [MESSAGE][PASSED] - All options with index in [11] are selected on object 'Object Repository/Schedule 11/Page_KDMC - CMS/select_--Select--Schedule 1Inj'

2018-05-05 11:03:25 - [TEST_STEP][PASSED] - selectOptionByIndex: All options with index in [27] are selected on object 'Object Repository/Schedule 11/Page_KDMC - CMS/select_--Select--Advance E.C.G'

2018-05-05 11:03:26 - [MESSAGE][PASSED] - All options with index in [27] are selected on object 'Object Repository/Schedule 11/Page_KDMC - CMS/select_--Select--Advance E.C.G'

2018-05-05 11:03:26 - [TEST_STEP][PASSED] - setText: Text '200' is set on object 'Object Repository/Schedule 11/Page_KDMC - CMS/input_txttreat'

2018-05-05 11:03:26 - [MESSAGE][PASSED] - Text '200' is set on object 'Object Repository/Schedule 11/Page_KDMC - CMS/input_txttreat'

2018-05-05 11:03:26 - [TEST_STEP][PASSED] - click: Object: 'Object Repository/Schedule 11/Page_KDMC - CMS/button_Add' is clicked on

2018-05-05 11:03:26 - [MESSAGE][PASSED] - Object: 'Object Repository/Schedule 11/Page_KDMC - CMS/button_Add' is clicked on

2018-05-05 11:03:26 - [TEST_STEP][PASSED] - selectOptionByIndex: All options with index in [11] are selected on object 'Object Repository/Schedule 11/Page_KDMC - CMS/select_--Select--Schedule 1Inj'

2018-05-05 11:03:26 - [MESSAGE][PASSED] - All options with index in [11] are selected on object 'Object Repository/Schedule 11/Page_KDMC - CMS/select_--Select--Schedule 1Inj'

2018-05-05 11:03:26 - [TEST_STEP][PASSED] - selectOptionByIndex: All options with index in [28] are selected on object 'Object Repository/Schedule 11/Page_KDMC - CMS/select_--Select--Advance E.C.G'

2018-05-05 11:03:27 - [MESSAGE][PASSED] - All options with index in [28] are selected on object 'Object Repository/Schedule 11/Page_KDMC - CMS/select_--Select--Advance E.C.G'

2018-05-05 11:03:27 - [TEST_STEP][PASSED] - setText: Text '200' is set on object 'Object Repository/Schedule 11/Page_KDMC - CMS/input_txttreat'

2018-05-05 11:03:27 - [MESSAGE][PASSED] - Text '200' is set on object 'Object Repository/Schedule 11/Page_KDMC - CMS/input_txttreat'

2018-05-05 11:03:27 - [TEST_STEP][PASSED] - click: Object: 'Object Repository/Schedule 11/Page_KDMC - CMS/button_Add' is clicked on

2018-05-05 11:03:27 - [MESSAGE][PASSED] - Object: 'Object Repository/Schedule 11/Page_KDMC - CMS/button_Add' is clicked on

2018-05-05 11:03:27 - [TEST_STEP][PASSED] - selectOptionByIndex: All options with index in [11] are selected on object 'Object Repository/Schedule 11/Page_KDMC - CMS/select_--Select--Schedule 1Inj'

2018-05-05 11:03:27 - [MESSAGE][PASSED] - All options with index in [11] are selected on object 'Object Repository/Schedule 11/Page_KDMC - CMS/select_--Select--Schedule 1Inj'

2018-05-05 11:03:27 - [TEST_STEP][PASSED] - selectOptionByIndex: All options with index in [29] are selected on object 'Object Repository/Schedule 11/Page_KDMC - CMS/select_--Select--Advance E.C.G'

2018-05-05 11:03:28 - [MESSAGE][PASSED] - All options with index in [29] are selected on object 'Object Repository/Schedule 11/Page_KDMC - CMS/select_--Select--Advance E.C.G'

2018-05-05 11:03:28 - [TEST_STEP][PASSED] - setText: Text '200' is set on object 'Object Repository/Schedule 11/Page_KDMC - CMS/input_txttreat'

2018-05-05 11:03:28 - [MESSAGE][PASSED] - Text '200' is set on object 'Object Repository/Schedule 11/Page_KDMC - CMS/input_txttreat'

2018-05-05 11:03:28 - [TEST_STEP][PASSED] - click: Object: 'Object Repository/Schedule 11/Page_KDMC - CMS/button_Add' is clicked on

2018-05-05 11:03:28 - [MESSAGE][PASSED] - Object: 'Object Repository/Schedule 11/Page_KDMC - CMS/button_Add' is clicked on

2018-05-05 11:03:28 - [TEST_STEP][PASSED] - selectOptionByIndex: All options with index in [11] are selected on object 'Object Repository/Schedule 11/Page_KDMC - CMS/select_--Select--Schedule 1Inj'

2018-05-05 11:03:28 - [MESSAGE][PASSED] - All options with index in [11] are selected on object 'Object Repository/Schedule 11/Page_KDMC - CMS/select_--Select--Schedule 1Inj'

2018-05-05 11:03:28 - [TEST_STEP][PASSED] - selectOptionByIndex: All options with index in [30] are selected on object 'Object Repository/Schedule 11/Page_KDMC - CMS/select_--Select--Advance E.C.G'

2018-05-05 11:03:29 - [MESSAGE][PASSED] - All options with index in [30] are selected on object 'Object Repository/Schedule 11/Page_KDMC - CMS/select_--Select--Advance E.C.G'

2018-05-05 11:03:29 - [TEST_STEP][PASSED] - setText: Text '200' is set on object 'Object Repository/Schedule 11/Page_KDMC - CMS/input_txttreat'

2018-05-05 11:03:29 - [MESSAGE][PASSED] - Text '200' is set on object 'Object Repository/Schedule 11/Page_KDMC - CMS/input_txttreat'

2018-05-05 11:03:29 - [TEST_STEP][PASSED] - click: Object: 'Object Repository/Schedule 11/Page_KDMC - CMS/button_Add' is clicked on

2018-05-05 11:03:30 - [MESSAGE][PASSED] - Object: 'Object Repository/Schedule 11/Page_KDMC - CMS/button_Add' is clicked on

2018-05-05 11:03:30 - [TEST_STEP][PASSED] - selectOptionByIndex: All options with index in [11] are selected on object 'Object Repository/Schedule 11/Page_KDMC - CMS/select_--Select--Schedule 1Inj'

2018-05-05 11:03:30 - [MESSAGE][PASSED] - All options with index in [11] are selected on object 'Object Repository/Schedule 11/Page_KDMC - CMS/select_--Select--Schedule 1Inj'

2018-05-05 11:03:30 - [TEST_STEP][PASSED] - selectOptionByIndex: All options with index in [31] are selected on object 'Object Repository/Schedule 11/Page_KDMC - CMS/select_--Select--Advance E.C.G'

2018-05-05 11:03:31 - [MESSAGE][PASSED] - All options with index in [31] are selected on object 'Object Repository/Schedule 11/Page_KDMC - CMS/select_--Select--Advance E.C.G'

2018-05-05 11:03:31 - [TEST_STEP][PASSED] - setText: Text '200' is set on object 'Object Repository/Schedule 11/Page_KDMC - CMS/input_txttreat'

2018-05-05 11:03:31 - [MESSAGE][PASSED] - Text '200' is set on object 'Object Repository/Schedule 11/Page_KDMC - CMS/input_txttreat'

2018-05-05 11:03:31 - [TEST_STEP][PASSED] - click: Object: 'Object Repository/Schedule 11/Page_KDMC - CMS/button_Add' is clicked on

2018-05-05 11:03:31 - [MESSAGE][PASSED] - Object: 'Object Repository/Schedule 11/Page_KDMC - CMS/button_Add' is clicked on

2018-05-05 11:03:31 - [TEST_STEP][PASSED] - selectOptionByIndex: All options with index in [11] are selected on object 'Object Repository/Schedule 11/Page_KDMC - CMS/select_--Select--Schedule 1Inj'

2018-05-05 11:03:31 - [MESSAGE][PASSED] - All options with index in [11] are selected on object 'Object Repository/Schedule 11/Page_KDMC - CMS/select_--Select--Schedule 1Inj'

2018-05-05 11:03:31 - [TEST_STEP][PASSED] - selectOptionByIndex: All options with index in [32] are selected on object 'Object Repository/Schedule 11/Page_KDMC - CMS/select_--Select--Advance E.C.G'

2018-05-05 11:03:32 - [MESSAGE][PASSED] - All options with index in [32] are selected on object 'Object Repository/Schedule 11/Page_KDMC - CMS/select_--Select--Advance E.C.G'

2018-05-05 11:03:32 - [TEST_STEP][PASSED] - setText: Text '200' is set on object 'Object Repository/Schedule 11/Page_KDMC - CMS/input_txttreat'

2018-05-05 11:03:32 - [MESSAGE][PASSED] - Text '200' is set on object 'Object Repository/Schedule 11/Page_KDMC - CMS/input_txttreat'

2018-05-05 11:03:32 - [TEST_STEP][PASSED] - click: Object: 'Object Repository/Schedule 11/Page_KDMC - CMS/button_Add' is clicked on

2018-05-05 11:03:32 - [MESSAGE][PASSED] - Object: 'Object Repository/Schedule 11/Page_KDMC - CMS/button_Add' is clicked on

2018-05-05 11:03:32 - [TEST_STEP][PASSED] - selectOptionByIndex: All options with index in [11] are selected on object 'Object Repository/Schedule 11/Page_KDMC - CMS/select_--Select--Schedule 1Inj'

2018-05-05 11:03:32 - [MESSAGE][PASSED] - All options with index in [11] are selected on object 'Object Repository/Schedule 11/Page_KDMC - CMS/select_--Select--Schedule 1Inj'

2018-05-05 11:03:32 - [TEST_STEP][PASSED] - selectOptionByIndex: All options with index in [33] are selected on object 'Object Repository/Schedule 11/Page_KDMC - CMS/select_--Select--Advance E.C.G'

2018-05-05 11:03:33 - [MESSAGE][PASSED] - All options with index in [33] are selected on object 'Object Repository/Schedule 11/Page_KDMC - CMS/select_--Select--Advance E.C.G'

2018-05-05 11:03:33 - [TEST_STEP][PASSED] - setText: Text '200' is set on object 'Object Repository/Schedule 11/Page_KDMC - CMS/input_txttreat'

2018-05-05 11:03:34 - [MESSAGE][PASSED] - Text '200' is set on object 'Object Repository/Schedule 11/Page_KDMC - CMS/input_txttreat'

2018-05-05 11:03:34 - [TEST_STEP][PASSED] - click: Object: 'Object Repository/Schedule 11/Page_KDMC - CMS/button_Add' is clicked on

2018-05-05 11:03:34 - [MESSAGE][PASSED] - Object: 'Object Repository/Schedule 11/Page_KDMC - CMS/button_Add' is clicked on

2018-05-05 11:03:34 - [TEST_STEP][PASSED] - selectOptionByIndex: All options with index in [11] are selected on object 'Object Repository/Schedule 11/Page_KDMC - CMS/select_--Select--Schedule 1Inj'

2018-05-05 11:03:34 - [MESSAGE][PASSED] - All options with index in [11] are selected on object 'Object Repository/Schedule 11/Page_KDMC - CMS/select_--Select--Schedule 1Inj'

2018-05-05 11:03:34 - [TEST_STEP][PASSED] - selectOptionByIndex: All options with index in [34] are selected on object 'Object Repository/Schedule 11/Page_KDMC - CMS/select_--Select--Advance E.C.G'

2018-05-05 11:03:35 - [MESSAGE][PASSED] - All options with index in [34] are selected on object 'Object Repository/Schedule 11/Page_KDMC - CMS/select_--Select--Advance E.C.G'

2018-05-05 11:03:35 - [TEST_STEP][PASSED] - setText: Text '200' is set on object 'Object Repository/Schedule 11/Page_KDMC - CMS/input_txttreat'

2018-05-05 11:03:35 - [MESSAGE][PASSED] - Text '200' is set on object 'Object Repository/Schedule 11/Page_KDMC - CMS/input_txttreat'

2018-05-05 11:03:35 - [TEST_STEP][PASSED] - click: Object: 'Object Repository/Schedule 11/Page_KDMC - CMS/button_Add' is clicked on

2018-05-05 11:03:35 - [MESSAGE][PASSED] - Object: 'Object Repository/Schedule 11/Page_KDMC - CMS/button_Add' is clicked on

2018-05-05 11:03:35 - [TEST_STEP][PASSED] - selectOptionByIndex: All options with index in [11] are selected on object 'Object Repository/Schedule 11/Page_KDMC - CMS/select_--Select--Schedule 1Inj'

2018-05-05 11:03:35 - [MESSAGE][PASSED] - All options with index in [11] are selected on object 'Object Repository/Schedule 11/Page_KDMC - CMS/select_--Select--Schedule 1Inj'

2018-05-05 11:03:35 - [TEST_STEP][PASSED] - selectOptionByIndex: All options with index in [35] are selected on object 'Object Repository/Schedule 11/Page_KDMC - CMS/select_--Select--Advance E.C.G'

2018-05-05 11:03:36 - [MESSAGE][PASSED] - All options with index in [35] are selected on object 'Object Repository/Schedule 11/Page_KDMC - CMS/select_--Select--Advance E.C.G'

2018-05-05 11:03:36 - [TEST_STEP][PASSED] - setText: Text '200' is set on object 'Object Repository/Schedule 11/Page_KDMC - CMS/input_txttreat'

2018-05-05 11:03:36 - [MESSAGE][PASSED] - Text '200' is set on object 'Object Repository/Schedule 11/Page_KDMC - CMS/input_txttreat'

2018-05-05 11:03:36 - [TEST_STEP][PASSED] - click: Object: 'Object Repository/Schedule 11/Page_KDMC - CMS/button_Add' is clicked on

2018-05-05 11:03:37 - [MESSAGE][PASSED] - Object: 'Object Repository/Schedule 11/Page_KDMC - CMS/button_Add' is clicked on

2018-05-05 11:03:37 - [TEST_STEP][PASSED] - selectOptionByIndex: All options with index in [11] are selected on object 'Object Repository/Schedule 11/Page_KDMC - CMS/select_--Select--Schedule 1Inj'

2018-05-05 11:03:37 - [MESSAGE][PASSED] - All options with index in [11] are selected on object 'Object Repository/Schedule 11/Page_KDMC - CMS/select_--Select--Schedule 1Inj'

2018-05-05 11:03:37 - [TEST_STEP][PASSED] - selectOptionByIndex: All options with index in [36] are selected on object 'Object Repository/Schedule 11/Page_KDMC - CMS/select_--Select--Advance E.C.G'

2018-05-05 11:03:38 - [MESSAGE][PASSED] - All options with index in [36] are selected on object 'Object Repository/Schedule 11/Page_KDMC - CMS/select_--Select--Advance E.C.G'

2018-05-05 11:03:38 - [TEST_STEP][PASSED] - setText: Text '200' is set on object 'Object Repository/Schedule 11/Page_KDMC - CMS/input_txttreat'

2018-05-05 11:03:38 - [MESSAGE][PASSED] - Text '200' is set on object 'Object Repository/Schedule 11/Page_KDMC - CMS/input_txttreat'

2018-05-05 11:03:38 - [TEST_STEP][PASSED] - click: Object: 'Object Repository/Schedule 11/Page_KDMC - CMS/button_Add' is clicked on

2018-05-05 11:03:38 - [MESSAGE][PASSED] - Object: 'Object Repository/Schedule 11/Page_KDMC - CMS/button_Add' is clicked on

2018-05-05 11:03:38 - [TEST_STEP][PASSED] - selectOptionByIndex: All options with index in [11] are selected on object 'Object Repository/Schedule 11/Page_KDMC - CMS/select_--Select--Schedule 1Inj'

2018-05-05 11:03:38 - [MESSAGE][PASSED] - All options with index in [11] are selected on object 'Object Repository/Schedule 11/Page_KDMC - CMS/select_--Select--Schedule 1Inj'

2018-05-05 11:03:38 - [TEST_STEP][PASSED] - selectOptionByIndex: All options with index in [37] are selected on object 'Object Repository/Schedule 11/Page_KDMC - CMS/select_--Select--Advance E.C.G'

2018-05-05 11:03:39 - [MESSAGE][PASSED] - All options with index in [37] are selected on object 'Object Repository/Schedule 11/Page_KDMC - CMS/select_--Select--Advance E.C.G'

2018-05-05 11:03:39 - [TEST_STEP][PASSED] - setText: Text '200' is set on object 'Object Repository/Schedule 11/Page_KDMC - CMS/input_txttreat'

2018-05-05 11:03:39 - [MESSAGE][PASSED] - Text '200' is set on object 'Object Repository/Schedule 11/Page_KDMC - CMS/input_txttreat'

2018-05-05 11:03:39 - [TEST_STEP][PASSED] - click: Object: 'Object Repository/Schedule 11/Page_KDMC - CMS/button_Add' is clicked on

2018-05-05 11:03:39 - [MESSAGE][PASSED] - Object: 'Object Repository/Schedule 11/Page_KDMC - CMS/button_Add' is clicked on

2018-05-05 11:03:39 - [TEST_STEP][PASSED] - selectOptionByIndex: All options with index in [11] are selected on object 'Object Repository/Schedule 11/Page_KDMC - CMS/select_--Select--Schedule 1Inj'

2018-05-05 11:03:39 - [MESSAGE][PASSED] - All options with index in [11] are selected on object 'Object Repository/Schedule 11/Page_KDMC - CMS/select_--Select--Schedule 1Inj'

2018-05-05 11:03:39 - [TEST_STEP][PASSED] - selectOptionByIndex: All options with index in [38] are selected on object 'Object Repository/Schedule 11/Page_KDMC - CMS/select_--Select--Advance E.C.G'

2018-05-05 11:03:40 - [MESSAGE][PASSED] - All options with index in [38] are selected on object 'Object Repository/Schedule 11/Page_KDMC - CMS/select_--Select--Advance E.C.G'

2018-05-05 11:03:40 - [TEST_STEP][PASSED] - setText: Text '200' is set on object 'Object Repository/Schedule 11/Page_KDMC - CMS/input_txttreat'

2018-05-05 11:03:41 - [MESSAGE][PASSED] - Text '200' is set on object 'Object Repository/Schedule 11/Page_KDMC - CMS/input_txttreat'

2018-05-05 11:03:41 - [TEST_STEP][PASSED] - click: Object: 'Object Repository/Schedule 11/Page_KDMC - CMS/button_Add' is clicked on

2018-05-05 11:03:41 - [MESSAGE][PASSED] - Object: 'Object Repository/Schedule 11/Page_KDMC - CMS/button_Add' is clicked on

2018-05-05 11:03:41 - [TEST_STEP][PASSED] - selectOptionByIndex: All options with index in [11] are selected on object 'Object Repository/Schedule 11/Page_KDMC - CMS/select_--Select--Schedule 1Inj'

2018-05-05 11:03:41 - [MESSAGE][PASSED] - All options with index in [11] are selected on object 'Object Repository/Schedule 11/Page_KDMC - CMS/select_--Select--Schedule 1Inj'

2018-05-05 11:03:41 - [TEST_STEP][PASSED] - selectOptionByIndex: All options with index in [39] are selected on object 'Object Repository/Schedule 11/Page_KDMC - CMS/select_--Select--Advance E.C.G'

2018-05-05 11:03:42 - [MESSAGE][PASSED] - All options with index in [39] are selected on object 'Object Repository/Schedule 11/Page_KDMC - CMS/select_--Select--Advance E.C.G'

2018-05-05 11:03:42 - [TEST_STEP][PASSED] - setText: Text '200' is set on object 'Object Repository/Schedule 11/Page_KDMC - CMS/input_txttreat'

2018-05-05 11:03:42 - [MESSAGE][PASSED] - Text '200' is set on object 'Object Repository/Schedule 11/Page_KDMC - CMS/input_txttreat'

2018-05-05 11:03:42 - [TEST_STEP][PASSED] - click: Object: 'Object Repository/Schedule 11/Page_KDMC - CMS/button_Add' is clicked on

2018-05-05 11:03:42 - [MESSAGE][PASSED] - Object: 'Object Repository/Schedule 11/Page_KDMC - CMS/button_Add' is clicked on

2018-05-05 11:03:42 - [TEST_STEP][PASSED] - selectOptionByIndex: All options with index in [11] are selected on object 'Object Repository/Schedule 11/Page_KDMC - CMS/select_--Select--Schedule 1Inj'

2018-05-05 11:03:42 - [MESSAGE][PASSED] - All options with index in [11] are selected on object 'Object Repository/Schedule 11/Page_KDMC - CMS/select_--Select--Schedule 1Inj'

2018-05-05 11:03:42 - [TEST_STEP][PASSED] - selectOptionByIndex: All options with index in [40] are selected on object 'Object Repository/Schedule 11/Page_KDMC - CMS/select_--Select--Advance E.C.G'

2018-05-05 11:03:43 - [MESSAGE][PASSED] - All options with index in [40] are selected on object 'Object Repository/Schedule 11/Page_KDMC - CMS/select_--Select--Advance E.C.G'

2018-05-05 11:03:43 - [TEST_STEP][PASSED] - setText: Text '200' is set on object 'Object Repository/Schedule 11/Page_KDMC - CMS/input_txttreat'

2018-05-05 11:03:44 - [MESSAGE][PASSED] - Text '200' is set on object 'Object Repository/Schedule 11/Page_KDMC - CMS/input_txttreat'

2018-05-05 11:03:44 - [TEST_STEP][PASSED] - click: Object: 'Object Repository/Schedule 11/Page_KDMC - CMS/button_Add' is clicked on

2018-05-05 11:03:44 - [MESSAGE][PASSED] - Object: 'Object Repository/Schedule 11/Page_KDMC - CMS/button_Add' is clicked on

2018-05-05 11:03:44 - [TEST_STEP][PASSED] - selectOptionByIndex: All options with index in [11] are selected on object 'Object Repository/Schedule 11/Page_KDMC - CMS/select_--Select--Schedule 1Inj'

2018-05-05 11:03:44 - [MESSAGE][PASSED] - All options with index in [11] are selected on object 'Object Repository/Schedule 11/Page_KDMC - CMS/select_--Select--Schedule 1Inj'

2018-05-05 11:03:44 - [TEST_STEP][PASSED] - selectOptionByIndex: All options with index in [41] are selected on object 'Object Repository/Schedule 11/Page_KDMC - CMS/select_--Select--Advance E.C.G'

2018-05-05 11:03:45 - [MESSAGE][PASSED] - All options with index in [41] are selected on object 'Object Repository/Schedule 11/Page_KDMC - CMS/select_--Select--Advance E.C.G'

2018-05-05 11:03:45 - [TEST_STEP][PASSED] - setText: Text '200' is set on object 'Object Repository/Schedule 11/Page_KDMC - CMS/input_txttreat'

2018-05-05 11:03:45 - [MESSAGE][PASSED] - Text '200' is set on object 'Object Repository/Schedule 11/Page_KDMC - CMS/input_txttreat'

2018-05-05 11:03:45 - [TEST_STEP][PASSED] - click: Object: 'Object Repository/Schedule 11/Page_KDMC - CMS/button_Add' is clicked on

2018-05-05 11:03:45 - [MESSAGE][PASSED] - Object: 'Object Repository/Schedule 11/Page_KDMC - CMS/button_Add' is clicked on

2018-05-05 11:03:45 - [TEST_STEP][PASSED] - selectOptionByIndex: All options with index in [11] are selected on object 'Object Repository/Schedule 11/Page_KDMC - CMS/select_--Select--Schedule 1Inj'

2018-05-05 11:03:45 - [MESSAGE][PASSED] - All options with index in [11] are selected on object 'Object Repository/Schedule 11/Page_KDMC - CMS/select_--Select--Schedule 1Inj'

2018-05-05 11:03:45 - [TEST_STEP][PASSED] - selectOptionByIndex: All options with index in [42] are selected on object 'Object Repository/Schedule 11/Page_KDMC - CMS/select_--Select--Advance E.C.G'

2018-05-05 11:03:46 - [MESSAGE][PASSED] - All options with index in [42] are selected on object 'Object Repository/Schedule 11/Page_KDMC - CMS/select_--Select--Advance E.C.G'

2018-05-05 11:03:46 - [TEST_STEP][PASSED] - setText: Text '200' is set on object 'Object Repository/Schedule 11/Page_KDMC - CMS/input_txttreat'

2018-05-05 11:03:46 - [MESSAGE][PASSED] - Text '200' is set on object 'Object Repository/Schedule 11/Page_KDMC - CMS/input_txttreat'

2018-05-05 11:03:46 - [TEST_STEP][PASSED] - click: Object: 'Object Repository/Schedule 11/Page_KDMC - CMS/button_Add' is clicked on

2018-05-05 11:03:46 - [MESSAGE][PASSED] - Object: 'Object Repository/Schedule 11/Page_KDMC - CMS/button_Add' is clicked on

2018-05-05 11:03:46 - [TEST_STEP][PASSED] - selectOptionByIndex: All options with index in [11] are selected on object 'Object Repository/Schedule 11/Page_KDMC - CMS/select_--Select--Schedule 1Inj'

2018-05-05 11:03:47 - [MESSAGE][PASSED] - All options with index in [11] are selected on object 'Object Repository/Schedule 11/Page_KDMC - CMS/select_--Select--Schedule 1Inj'

2018-05-05 11:03:47 - [TEST_STEP][PASSED] - selectOptionByIndex: All options with index in [43] are selected on object 'Object Repository/Schedule 11/Page_KDMC - CMS/select_--Select--Advance E.C.G'

2018-05-05 11:03:48 - [MESSAGE][PASSED] - All options with index in [43] are selected on object 'Object Repository/Schedule 11/Page_KDMC - CMS/select_--Select--Advance E.C.G'

2018-05-05 11:03:48 - [TEST_STEP][PASSED] - setText: Text '200' is set on object 'Object Repository/Schedule 11/Page_KDMC - CMS/input_txttreat'

2018-05-05 11:03:48 - [MESSAGE][PASSED] - Text '200' is set on object 'Object Repository/Schedule 11/Page_KDMC - CMS/input_txttreat'

2018-05-05 11:03:48 - [TEST_STEP][PASSED] - click: Object: 'Object Repository/Schedule 11/Page_KDMC - CMS/button_Add' is clicked on

2018-05-05 11:03:48 - [MESSAGE][PASSED] - Object: 'Object Repository/Schedule 11/Page_KDMC - CMS/button_Add' is clicked on

2018-05-05 11:03:48 - [TEST_STEP][PASSED] - selectOptionByIndex: All options with index in [11] are selected on object 'Object Repository/Schedule 11/Page_KDMC - CMS/select_--Select--Schedule 1Inj'

2018-05-05 11:03:48 - [MESSAGE][PASSED] - All options with index in [11] are selected on object 'Object Repository/Schedule 11/Page_KDMC - CMS/select_--Select--Schedule 1Inj'

2018-05-05 11:03:48 - [TEST_STEP][PASSED] - selectOptionByIndex: All options with index in [44] are selected on object 'Object Repository/Schedule 11/Page_KDMC - CMS/select_--Select--Advance E.C.G'

2018-05-05 11:03:49 - [MESSAGE][PASSED] - All options with index in [44] are selected on object 'Object Repository/Schedule 11/Page_KDMC - CMS/select_--Select--Advance E.C.G'

2018-05-05 11:03:49 - [TEST_STEP][PASSED] - setText: Text '200' is set on object 'Object Repository/Schedule 11/Page_KDMC - CMS/input_txttreat'

2018-05-05 11:03:49 - [MESSAGE][PASSED] - Text '200' is set on object 'Object Repository/Schedule 11/Page_KDMC - CMS/input_txttreat'

2018-05-05 11:03:49 - [TEST_STEP][PASSED] - click: Object: 'Object Repository/Schedule 11/Page_KDMC - CMS/button_Add' is clicked on

2018-05-05 11:03:50 - [MESSAGE][PASSED] - Object: 'Object Repository/Schedule 11/Page_KDMC - CMS/button_Add' is clicked on

2018-05-05 11:03:50 - [TEST_STEP][PASSED] - selectOptionByIndex: All options with index in [11] are selected on object 'Object Repository/Schedule 11/Page_KDMC - CMS/select_--Select--Schedule 1Inj'

2018-05-05 11:03:50 - [MESSAGE][PASSED] - All options with index in [11] are selected on object 'Object Repository/Schedule 11/Page_KDMC - CMS/select_--Select--Schedule 1Inj'

2018-05-05 11:03:50 - [TEST_STEP][PASSED] - selectOptionByIndex: All options with index in [45] are selected on object 'Object Repository/Schedule 11/Page_KDMC - CMS/select_--Select--Advance E.C.G'

2018-05-05 11:03:51 - [MESSAGE][PASSED] - All options with index in [45] are selected on object 'Object Repository/Schedule 11/Page_KDMC - CMS/select_--Select--Advance E.C.G'

2018-05-05 11:03:51 - [TEST_STEP][PASSED] - setText: Text '200' is set on object 'Object Repository/Schedule 11/Page_KDMC - CMS/input_txttreat'

2018-05-05 11:03:51 - [MESSAGE][PASSED] - Text '200' is set on object 'Object Repository/Schedule 11/Page_KDMC - CMS/input_txttreat'

2018-05-05 11:03:51 - [TEST_STEP][PASSED] - click: Object: 'Object Repository/Schedule 11/Page_KDMC - CMS/button_Add' is clicked on

2018-05-05 11:03:51 - [MESSAGE][PASSED] - Object: 'Object Repository/Schedule 11/Page_KDMC - CMS/button_Add' is clicked on

2018-05-05 11:03:51 - [TEST_STEP][PASSED] - selectOptionByIndex: All options with index in [11] are selected on object 'Object Repository/Schedule 11/Page_KDMC - CMS/select_--Select--Schedule 1Inj'

2018-05-05 11:03:51 - [MESSAGE][PASSED] - All options with index in [11] are selected on object 'Object Repository/Schedule 11/Page_KDMC - CMS/select_--Select--Schedule 1Inj'

2018-05-05 11:03:51 - [TEST_STEP][PASSED] - selectOptionByIndex: All options with index in [46] are selected on object 'Object Repository/Schedule 11/Page_KDMC - CMS/select_--Select--Advance E.C.G'

2018-05-05 11:03:52 - [MESSAGE][PASSED] - All options with index in [46] are selected on object 'Object Repository/Schedule 11/Page_KDMC - CMS/select_--Select--Advance E.C.G'

2018-05-05 11:03:52 - [TEST_STEP][PASSED] - setText: Text '200' is set on object 'Object Repository/Schedule 11/Page_KDMC - CMS/input_txttreat'

2018-05-05 11:03:52 - [MESSAGE][PASSED] - Text '200' is set on object 'Object Repository/Schedule 11/Page_KDMC - CMS/input_txttreat'

2018-05-05 11:03:52 - [TEST_STEP][PASSED] - click: Object: 'Object Repository/Schedule 11/Page_KDMC - CMS/button_Add' is clicked on

2018-05-05 11:03:52 - [MESSAGE][PASSED] - Object: 'Object Repository/Schedule 11/Page_KDMC - CMS/button_Add' is clicked on

2018-05-05 11:03:52 - [TEST_STEP][PASSED] - selectOptionByIndex: All options with index in [11] are selected on object 'Object Repository/Schedule 11/Page_KDMC - CMS/select_--Select--Schedule 1Inj'

2018-05-05 11:03:53 - [MESSAGE][PASSED] - All options with index in [11] are selected on object 'Object Repository/Schedule 11/Page_KDMC - CMS/select_--Select--Schedule 1Inj'

2018-05-05 11:03:53 - [TEST_STEP][PASSED] - selectOptionByIndex: All options with index in [47] are selected on object 'Object Repository/Schedule 11/Page_KDMC - CMS/select_--Select--Advance E.C.G'

2018-05-05 11:03:53 - [MESSAGE][PASSED] - All options with index in [47] are selected on object 'Object Repository/Schedule 11/Page_KDMC - CMS/select_--Select--Advance E.C.G'

2018-05-05 11:03:53 - [TEST_STEP][PASSED] - setText: Text '200' is set on object 'Object Repository/Schedule 11/Page_KDMC - CMS/input_txttreat'

2018-05-05 11:03:53 - [MESSAGE][PASSED] - Text '200' is set on object 'Object Repository/Schedule 11/Page_KDMC - CMS/input_txttreat'

2018-05-05 11:03:53 - [TEST_STEP][PASSED] - click: Object: 'Object Repository/Schedule 11/Page_KDMC - CMS/button_Add' is clicked on

2018-05-05 11:03:53 - [MESSAGE][PASSED] - Object: 'Object Repository/Schedule 11/Page_KDMC - CMS/button_Add' is clicked on

2018-05-05 11:03:53 - [TEST_STEP][PASSED] - selectOptionByIndex: All options with index in [11] are selected on object 'Object Repository/Schedule 11/Page_KDMC - CMS/select_--Select--Schedule 1Inj'

2018-05-05 11:03:54 - [MESSAGE][PASSED] - All options with index in [11] are selected on object 'Object Repository/Schedule 11/Page_KDMC - CMS/select_--Select--Schedule 1Inj'

2018-05-05 11:03:54 - [TEST_STEP][PASSED] - selectOptionByIndex: All options with index in [48] are selected on object 'Object Repository/Schedule 11/Page_KDMC - CMS/select_--Select--Advance E.C.G'

2018-05-05 11:03:54 - [MESSAGE][PASSED] - All options with index in [48] are selected on object 'Object Repository/Schedule 11/Page_KDMC - CMS/select_--Select--Advance E.C.G'

2018-05-05 11:03:54 - [TEST_STEP][PASSED] - setText: Text '200' is set on object 'Object Repository/Schedule 11/Page_KDMC - CMS/input_txttreat'

2018-05-05 11:03:54 - [MESSAGE][PASSED] - Text '200' is set on object 'Object Repository/Schedule 11/Page_KDMC - CMS/input_txttreat'

2018-05-05 11:03:54 - [TEST_STEP][PASSED] - click: Object: 'Object Repository/Schedule 11/Page_KDMC - CMS/button_Add' is clicked on

2018-05-05 11:03:54 - [MESSAGE][PASSED] - Object: 'Object Repository/Schedule 11/Page_KDMC - CMS/button_Add' is clicked on

2018-05-05 11:03:54 - [TEST_STEP][PASSED] - selectOptionByIndex: All options with index in [11] are selected on object 'Object Repository/Schedule 11/Page_KDMC - CMS/select_--Select--Schedule 1Inj'

2018-05-05 11:03:55 - [MESSAGE][PASSED] - All options with index in [11] are selected on object 'Object Repository/Schedule 11/Page_KDMC - CMS/select_--Select--Schedule 1Inj'

2018-05-05 11:03:55 - [TEST_STEP][PASSED] - selectOptionByIndex: All options with index in [49] are selected on object 'Object Repository/Schedule 11/Page_KDMC - CMS/select_--Select--Advance E.C.G'

2018-05-05 11:03:56 - [MESSAGE][PASSED] - All options with index in [49] are selected on object 'Object Repository/Schedule 11/Page_KDMC - CMS/select_--Select--Advance E.C.G'

2018-05-05 11:03:56 - [TEST_STEP][PASSED] - setText: Text '200' is set on object 'Object Repository/Schedule 11/Page_KDMC - CMS/input_txttreat'

2018-05-05 11:03:56 - [MESSAGE][PASSED] - Text '200' is set on object 'Object Repository/Schedule 11/Page_KDMC - CMS/input_txttreat'

2018-05-05 11:03:56 - [TEST_STEP][PASSED] - click: Object: 'Object Repository/Schedule 11/Page_KDMC - CMS/button_Add' is clicked on

2018-05-05 11:03:56 - [MESSAGE][PASSED] - Object: 'Object Repository/Schedule 11/Page_KDMC - CMS/button_Add' is clicked on

2018-05-05 11:03:56 - [TEST_STEP][PASSED] - selectOptionByIndex: All options with index in [11] are selected on object 'Object Repository/Schedule 11/Page_KDMC - CMS/select_--Select--Schedule 1Inj'

2018-05-05 11:03:56 - [MESSAGE][PASSED] - All options with index in [11] are selected on object 'Object Repository/Schedule 11/Page_KDMC - CMS/select_--Select--Schedule 1Inj'

2018-05-05 11:03:56 - [TEST_STEP][PASSED] - selectOptionByIndex: All options with index in [50] are selected on object 'Object Repository/Schedule 11/Page_KDMC - CMS/select_--Select--Advance E.C.G'

2018-05-05 11:03:57 - [MESSAGE][PASSED] - All options with index in [50] are selected on object 'Object Repository/Schedule 11/Page_KDMC - CMS/select_--Select--Advance E.C.G'

2018-05-05 11:03:57 - [TEST_STEP][PASSED] - setText: Text '200' is set on object 'Object Repository/Schedule 11/Page_KDMC - CMS/input_txttreat'

2018-05-05 11:03:57 - [MESSAGE][PASSED] - Text '200' is set on object 'Object Repository/Schedule 11/Page_KDMC - CMS/input_txttreat'

2018-05-05 11:03:57 - [TEST_STEP][PASSED] - click: Object: 'Object Repository/Schedule 11/Page_KDMC - CMS/button_Add' is clicked on

2018-05-05 11:03:57 - [MESSAGE][PASSED] - Object: 'Object Repository/Schedule 11/Page_KDMC - CMS/button_Add' is clicked on

2018-05-05 11:03:57 - [TEST_STEP][PASSED] - selectOptionByIndex: All options with index in [11] are selected on object 'Object Repository/Schedule 11/Page_KDMC - CMS/select_--Select--Schedule 1Inj'

2018-05-05 11:03:58 - [MESSAGE][PASSED] - All options with index in [11] are selected on object 'Object Repository/Schedule 11/Page_KDMC - CMS/select_--Select--Schedule 1Inj'

2018-05-05 11:03:58 - [TEST_STEP][PASSED] - selectOptionByIndex: All options with index in [51] are selected on object 'Object Repository/Schedule 11/Page_KDMC - CMS/select_--Select--Advance E.C.G'

2018-05-05 11:03:59 - [MESSAGE][PASSED] - All options with index in [51] are selected on object 'Object Repository/Schedule 11/Page_KDMC - CMS/select_--Select--Advance E.C.G'

2018-05-05 11:03:59 - [TEST_STEP][PASSED] - setText: Text '200' is set on object 'Object Repository/Schedule 11/Page_KDMC - CMS/input_txttreat'

2018-05-05 11:03:59 - [MESSAGE][PASSED] - Text '200' is set on object 'Object Repository/Schedule 11/Page_KDMC - CMS/input_txttreat'

2018-05-05 11:03:59 - [TEST_STEP][PASSED] - click: Object: 'Object Repository/Schedule 11/Page_KDMC - CMS/button_Add' is clicked on

2018-05-05 11:03:59 - [MESSAGE][PASSED] - Object: 'Object Repository/Schedule 11/Page_KDMC - CMS/button_Add' is clicked on

2018-05-05 11:03:59 - [TEST_STEP][PASSED] - selectOptionByIndex: All options with index in [11] are selected on object 'Object Repository/Schedule 11/Page_KDMC - CMS/select_--Select--Schedule 1Inj'

2018-05-05 11:03:59 - [MESSAGE][PASSED] - All options with index in [11] are selected on object 'Object Repository/Schedule 11/Page_KDMC - CMS/select_--Select--Schedule 1Inj'

2018-05-05 11:03:59 - [TEST_STEP][PASSED] - selectOptionByIndex: All options with index in [52] are selected on object 'Object Repository/Schedule 11/Page_KDMC - CMS/select_--Select--Advance E.C.G'

2018-05-05 11:04:01 - [MESSAGE][PASSED] - All options with index in [52] are selected on object 'Object Repository/Schedule 11/Page_KDMC - CMS/select_--Select--Advance E.C.G'

2018-05-05 11:04:01 - [TEST_STEP][PASSED] - setText: Text '200' is set on object 'Object Repository/Schedule 11/Page_KDMC - CMS/input_txttreat'

2018-05-05 11:04:01 - [MESSAGE][PASSED] - Text '200' is set on object 'Object Repository/Schedule 11/Page_KDMC - CMS/input_txttreat'

2018-05-05 11:04:01 - [TEST_STEP][PASSED] - click: Object: 'Object Repository/Schedule 11/Page_KDMC - CMS/button_Add' is clicked on

2018-05-05 11:04:01 - [MESSAGE][PASSED] - Object: 'Object Repository/Schedule 11/Page_KDMC - CMS/button_Add' is clicked on

2018-05-05 11:04:01 - [TEST_STEP][PASSED] - selectOptionByIndex: All options with index in [11] are selected on object 'Object Repository/Schedule 11/Page_KDMC - CMS/select_--Select--Schedule 1Inj'

2018-05-05 11:04:01 - [MESSAGE][PASSED] - All options with index in [11] are selected on object 'Object Repository/Schedule 11/Page_KDMC - CMS/select_--Select--Schedule 1Inj'

2018-05-05 11:04:01 - [TEST_STEP][PASSED] - selectOptionByIndex: All options with index in [53] are selected on object 'Object Repository/Schedule 11/Page_KDMC - CMS/select_--Select--Advance E.C.G'

2018-05-05 11:04:02 - [MESSAGE][PASSED] - All options with index in [53] are selected on object 'Object Repository/Schedule 11/Page_KDMC - CMS/select_--Select--Advance E.C.G'

2018-05-05 11:04:02 - [TEST_STEP][PASSED] - setText: Text '200' is set on object 'Object Repository/Schedule 11/Page_KDMC - CMS/input_txttreat'

2018-05-05 11:04:02 - [MESSAGE][PASSED] - Text '200' is set on object 'Object Repository/Schedule 11/Page_KDMC - CMS/input_txttreat'

2018-05-05 11:04:02 - [TEST_STEP][PASSED] - click: Object: 'Object Repository/Schedule 11/Page_KDMC - CMS/button_Add' is clicked on

2018-05-05 11:04:03 - [MESSAGE][PASSED] - Object: 'Object Repository/Schedule 11/Page_KDMC - CMS/button_Add' is clicked on

2018-05-05 11:04:03 - [TEST_STEP][PASSED] - selectOptionByIndex: All options with index in [11] are selected on object 'Object Repository/Schedule 11/Page_KDMC - CMS/select_--Select--Schedule 1Inj'

2018-05-05 11:04:03 - [MESSAGE][PASSED] - All options with index in [11] are selected on object 'Object Repository/Schedule 11/Page_KDMC - CMS/select_--Select--Schedule 1Inj'

2018-05-05 11:04:03 - [TEST_STEP][PASSED] - selectOptionByIndex: All options with index in [54] are selected on object 'Object Repository/Schedule 11/Page_KDMC - CMS/select_--Select--Advance E.C.G'

2018-05-05 11:04:04 - [MESSAGE][PASSED] - All options with index in [54] are selected on object 'Object Repository/Schedule 11/Page_KDMC - CMS/select_--Select--Advance E.C.G'

2018-05-05 11:04:04 - [TEST_STEP][PASSED] - setText: Text '200' is set on object 'Object Repository/Schedule 11/Page_KDMC - CMS/input_txttreat'

2018-05-05 11:04:04 - [MESSAGE][PASSED] - Text '200' is set on object 'Object Repository/Schedule 11/Page_KDMC - CMS/input_txttreat'

2018-05-05 11:04:04 - [TEST_STEP][PASSED] - click: Object: 'Object Repository/Schedule 11/Page_KDMC - CMS/button_Add' is clicked on

2018-05-05 11:04:04 - [MESSAGE][PASSED] - Object: 'Object Repository/Schedule 11/Page_KDMC - CMS/button_Add' is clicked on

2018-05-05 11:04:04 - [TEST_STEP][PASSED] - selectOptionByIndex: All options with index in [11] are selected on object 'Object Repository/Schedule 11/Page_KDMC - CMS/select_--Select--Schedule 1Inj'

2018-05-05 11:04:04 - [MESSAGE][PASSED] - All options with index in [11] are selected on object 'Object Repository/Schedule 11/Page_KDMC - CMS/select_--Select--Schedule 1Inj'

2018-05-05 11:04:04 - [TEST_STEP][PASSED] - selectOptionByIndex: All options with index in [55] are selected on object 'Object Repository/Schedule 11/Page_KDMC - CMS/select_--Select--Advance E.C.G'

2018-05-05 11:04:06 - [MESSAGE][PASSED] - All options with index in [55] are selected on object 'Object Repository/Schedule 11/Page_KDMC - CMS/select_--Select--Advance E.C.G'

2018-05-05 11:04:06 - [TEST_STEP][PASSED] - setText: Text '200' is set on object 'Object Repository/Schedule 11/Page_KDMC - CMS/input_txttreat'

2018-05-05 11:04:06 - [MESSAGE][PASSED] - Text '200' is set on object 'Object Repository/Schedule 11/Page_KDMC - CMS/input_txttreat'

2018-05-05 11:04:06 - [TEST_STEP][PASSED] - click: Object: 'Object Repository/Schedule 11/Page_KDMC - CMS/button_Add' is clicked on

2018-05-05 11:04:06 - [MESSAGE][PASSED] - Object: 'Object Repository/Schedule 11/Page_KDMC - CMS/button_Add' is clicked on

2018-05-05 11:04:06 - [TEST_STEP][PASSED] - selectOptionByIndex: All options with index in [11] are selected on object 'Object Repository/Schedule 11/Page_KDMC - CMS/select_--Select--Schedule 1Inj'

2018-05-05 11:04:06 - [MESSAGE][PASSED] - All options with index in [11] are selected on object 'Object Repository/Schedule 11/Page_KDMC - CMS/select_--Select--Schedule 1Inj'

2018-05-05 11:04:06 - [TEST_STEP][PASSED] - selectOptionByIndex: All options with index in [56] are selected on object 'Object Repository/Schedule 11/Page_KDMC - CMS/select_--Select--Advance E.C.G'

2018-05-05 11:04:07 - [MESSAGE][PASSED] - All options with index in [56] are selected on object 'Object Repository/Schedule 11/Page_KDMC - CMS/select_--Select--Advance E.C.G'

2018-05-05 11:04:07 - [TEST_STEP][PASSED] - setText: Text '200' is set on object 'Object Repository/Schedule 11/Page_KDMC - CMS/input_txttreat'

2018-05-05 11:04:07 - [MESSAGE][PASSED] - Text '200' is set on object 'Object Repository/Schedule 11/Page_KDMC - CMS/input_txttreat'

2018-05-05 11:04:07 - [TEST_STEP][PASSED] - click: Object: 'Object Repository/Schedule 11/Page_KDMC - CMS/button_Add' is clicked on

2018-05-05 11:04:07 - [MESSAGE][PASSED] - Object: 'Object Repository/Schedule 11/Page_KDMC - CMS/button_Add' is clicked on

2018-05-05 11:04:07 - [TEST_STEP][PASSED] - selectOptionByIndex: All options with index in [11] are selected on object 'Object Repository/Schedule 11/Page_KDMC - CMS/select_--Select--Schedule 1Inj'

2018-05-05 11:04:08 - [MESSAGE][PASSED] - All options with index in [11] are selected on object 'Object Repository/Schedule 11/Page_KDMC - CMS/select_--Select--Schedule 1Inj'

2018-05-05 11:04:08 - [TEST_STEP][PASSED] - selectOptionByIndex: All options with index in [57] are selected on object 'Object Repository/Schedule 11/Page_KDMC - CMS/select_--Select--Advance E.C.G'

2018-05-05 11:04:09 - [MESSAGE][PASSED] - All options with index in [57] are selected on object 'Object Repository/Schedule 11/Page_KDMC - CMS/select_--Select--Advance E.C.G'

2018-05-05 11:04:09 - [TEST_STEP][PASSED] - setText: Text '200' is set on object 'Object Repository/Schedule 11/Page_KDMC - CMS/input_txttreat'

2018-05-05 11:04:09 - [MESSAGE][PASSED] - Text '200' is set on object 'Object Repository/Schedule 11/Page_KDMC - CMS/input_txttreat'

2018-05-05 11:04:09 - [TEST_STEP][PASSED] - click: Object: 'Object Repository/Schedule 11/Page_KDMC - CMS/button_Add' is clicked on

2018-05-05 11:04:09 - [MESSAGE][PASSED] - Object: 'Object Repository/Schedule 11/Page_KDMC - CMS/button_Add' is clicked on

2018-05-05 11:04:09 - [TEST_STEP][PASSED] - selectOptionByIndex: All options with index in [11] are selected on object 'Object Repository/Schedule 11/Page_KDMC - CMS/select_--Select--Schedule 1Inj'

2018-05-05 11:04:09 - [MESSAGE][PASSED] - All options with index in [11] are selected on object 'Object Repository/Schedule 11/Page_KDMC - CMS/select_--Select--Schedule 1Inj'

2018-05-05 11:04:09 - [TEST_STEP][PASSED] - selectOptionByIndex: All options with index in [58] are selected on object 'Object Repository/Schedule 11/Page_KDMC - CMS/select_--Select--Advance E.C.G'

2018-05-05 11:04:10 - [MESSAGE][PASSED] - All options with index in [58] are selected on object 'Object Repository/Schedule 11/Page_KDMC - CMS/select_--Select--Advance E.C.G'

2018-05-05 11:04:10 - [TEST_STEP][PASSED] - setText: Text '200' is set on object 'Object Repository/Schedule 11/Page_KDMC - CMS/input_txttreat'

2018-05-05 11:04:11 - [MESSAGE][PASSED] - Text '200' is set on object 'Object Repository/Schedule 11/Page_KDMC - CMS/input_txttreat'

2018-05-05 11:04:11 - [TEST_STEP][PASSED] - click: Object: 'Object Repository/Schedule 11/Page_KDMC - CMS/button_Add' is clicked on

2018-05-05 11:04:11 - [MESSAGE][PASSED] - Object: 'Object Repository/Schedule 11/Page_KDMC - CMS/button_Add' is clicked on

2018-05-05 11:04:11 - [TEST_STEP][PASSED] - selectOptionByIndex: All options with index in [11] are selected on object 'Object Repository/Schedule 11/Page_KDMC - CMS/select_--Select--Schedule 1Inj'

2018-05-05 11:04:11 - [MESSAGE][PASSED] - All options with index in [11] are selected on object 'Object Repository/Schedule 11/Page_KDMC - CMS/select_--Select--Schedule 1Inj'

2018-05-05 11:04:11 - [TEST_STEP][PASSED] - selectOptionByIndex: All options with index in [59] are selected on object 'Object Repository/Schedule 11/Page_KDMC - CMS/select_--Select--Advance E.C.G'

2018-05-05 11:04:12 - [MESSAGE][PASSED] - All options with index in [59] are selected on object 'Object Repository/Schedule 11/Page_KDMC - CMS/select_--Select--Advance E.C.G'

2018-05-05 11:04:12 - [TEST_STEP][PASSED] - setText: Text '200' is set on object 'Object Repository/Schedule 11/Page_KDMC - CMS/input_txttreat'

2018-05-05 11:04:12 - [MESSAGE][PASSED] - Text '200' is set on object 'Object Repository/Schedule 11/Page_KDMC - CMS/input_txttreat'

2018-05-05 11:04:12 - [TEST_STEP][PASSED] - click: Object: 'Object Repository/Schedule 11/Page_KDMC - CMS/button_Add' is clicked on

2018-05-05 11:04:12 - [MESSAGE][PASSED] - Object: 'Object Repository/Schedule 11/Page_KDMC - CMS/button_Add' is clicked on

2018-05-05 11:04:12 - [TEST_STEP][PASSED] - selectOptionByIndex: All options with index in [11] are selected on object 'Object Repository/Schedule 11/Page_KDMC - CMS/select_--Select--Schedule 1Inj'

2018-05-05 11:04:12 - [MESSAGE][PASSED] - All options with index in [11] are selected on object 'Object Repository/Schedule 11/Page_KDMC - CMS/select_--Select--Schedule 1Inj'

2018-05-05 11:04:12 - [TEST_STEP][PASSED] - selectOptionByIndex: All options with index in [60] are selected on object 'Object Repository/Schedule 11/Page_KDMC - CMS/select_--Select--Advance E.C.G'

2018-05-05 11:04:14 - [MESSAGE][PASSED] - All options with index in [60] are selected on object 'Object Repository/Schedule 11/Page_KDMC - CMS/select_--Select--Advance E.C.G'

2018-05-05 11:04:14 - [TEST_STEP][PASSED] - setText: Text '200' is set on object 'Object Repository/Schedule 11/Page_KDMC - CMS/input_txttreat'

2018-05-05 11:04:14 - [MESSAGE][PASSED] - Text '200' is set on object 'Object Repository/Schedule 11/Page_KDMC - CMS/input_txttreat'

2018-05-05 11:04:14 - [TEST_STEP][PASSED] - click: Object: 'Object Repository/Schedule 11/Page_KDMC - CMS/button_Add' is clicked on

2018-05-05 11:04:14 - [MESSAGE][PASSED] - Object: 'Object Repository/Schedule 11/Page_KDMC - CMS/button_Add' is clicked on

2018-05-05 11:04:14 - [TEST_STEP][PASSED] - selectOptionByIndex: All options with index in [11] are selected on object 'Object Repository/Schedule 11/Page_KDMC - CMS/select_--Select--Schedule 1Inj'

2018-05-05 11:04:14 - [MESSAGE][PASSED] - All options with index in [11] are selected on object 'Object Repository/Schedule 11/Page_KDMC - CMS/select_--Select--Schedule 1Inj'

2018-05-05 11:04:14 - [TEST_STEP][PASSED] - selectOptionByIndex: All options with index in [61] are selected on object 'Object Repository/Schedule 11/Page_KDMC - CMS/select_--Select--Advance E.C.G'

2018-05-05 11:04:15 - [MESSAGE][PASSED] - All options with index in [61] are selected on object 'Object Repository/Schedule 11/Page_KDMC - CMS/select_--Select--Advance E.C.G'

2018-05-05 11:04:15 - [TEST_STEP][PASSED] - setText: Text '200' is set on object 'Object Repository/Schedule 11/Page_KDMC - CMS/input_txttreat'

2018-05-05 11:04:15 - [MESSAGE][PASSED] - Text '200' is set on object 'Object Repository/Schedule 11/Page_KDMC - CMS/input_txttreat'

2018-05-05 11:04:15 - [TEST_STEP][PASSED] - click: Object: 'Object Repository/Schedule 11/Page_KDMC - CMS/button_Add' is clicked on

2018-05-05 11:04:16 - [MESSAGE][PASSED] - Object: 'Object Repository/Schedule 11/Page_KDMC - CMS/button_Add' is clicked on

2018-05-05 11:04:16 - [TEST_STEP][PASSED] - selectOptionByIndex: All options with index in [11] are selected on object 'Object Repository/Schedule 11/Page_KDMC - CMS/select_--Select--Schedule 1Inj'

2018-05-05 11:04:16 - [MESSAGE][PASSED] - All options with index in [11] are selected on object 'Object Repository/Schedule 11/Page_KDMC - CMS/select_--Select--Schedule 1Inj'

2018-05-05 11:04:16 - [TEST_STEP][PASSED] - selectOptionByIndex: All options with index in [62] are selected on object 'Object Repository/Schedule 11/Page_KDMC - CMS/select_--Select--Advance E.C.G'

2018-05-05 11:04:17 - [MESSAGE][PASSED] - All options with index in [62] are selected on object 'Object Repository/Schedule 11/Page_KDMC - CMS/select_--Select--Advance E.C.G'

2018-05-05 11:04:17 - [TEST_STEP][PASSED] - setText: Text '200' is set on object 'Object Repository/Schedule 11/Page_KDMC - CMS/input_txttreat'

2018-05-05 11:04:17 - [MESSAGE][PASSED] - Text '200' is set on object 'Object Repository/Schedule 11/Page_KDMC - CMS/input_txttreat'

2018-05-05 11:04:17 - [TEST_STEP][PASSED] - click: Object: 'Object Repository/Schedule 11/Page_KDMC - CMS/button_Add' is clicked on

2018-05-05 11:04:17 - [MESSAGE][PASSED] - Object: 'Object Repository/Schedule 11/Page_KDMC - CMS/button_Add' is clicked on

2018-05-05 11:04:17 - [TEST_STEP][PASSED] - selectOptionByIndex: All options with index in [11] are selected on object 'Object Repository/Schedule 11/Page_KDMC - CMS/select_--Select--Schedule 1Inj'

2018-05-05 11:04:17 - [MESSAGE][PASSED] - All options with index in [11] are selected on object 'Object Repository/Schedule 11/Page_KDMC - CMS/select_--Select--Schedule 1Inj'

2018-05-05 11:04:17 - [TEST_STEP][PASSED] - selectOptionByIndex: All options with index in [63] are selected on object 'Object Repository/Schedule 11/Page_KDMC - CMS/select_--Select--Advance E.C.G'

2018-05-05 11:04:19 - [MESSAGE][PASSED] - All options with index in [63] are selected on object 'Object Repository/Schedule 11/Page_KDMC - CMS/select_--Select--Advance E.C.G'

2018-05-05 11:04:19 - [TEST_STEP][PASSED] - setText: Text '200' is set on object 'Object Repository/Schedule 11/Page_KDMC - CMS/input_txttreat'

2018-05-05 11:04:19 - [MESSAGE][PASSED] - Text '200' is set on object 'Object Repository/Schedule 11/Page_KDMC - CMS/input_txttreat'

2018-05-05 11:04:19 - [TEST_STEP][PASSED] - click: Object: 'Object Repository/Schedule 11/Page_KDMC - CMS/button_Add' is clicked on

2018-05-05 11:04:19 - [MESSAGE][PASSED] - Object: 'Object Repository/Schedule 11/Page_KDMC - CMS/button_Add' is clicked on

2018-05-05 11:04:19 - [TEST_STEP][PASSED] - selectOptionByIndex: All options with index in [11] are selected on object 'Object Repository/Schedule 11/Page_KDMC - CMS/select_--Select--Schedule 1Inj'

2018-05-05 11:04:19 - [MESSAGE][PASSED] - All options with index in [11] are selected on object 'Object Repository/Schedule 11/Page_KDMC - CMS/select_--Select--Schedule 1Inj'

2018-05-05 11:04:19 - [TEST_STEP][PASSED] - selectOptionByIndex: All options with index in [64] are selected on object 'Object Repository/Schedule 11/Page_KDMC - CMS/select_--Select--Advance E.C.G'

2018-05-05 11:04:21 - [MESSAGE][PASSED] - All options with index in [64] are selected on object 'Object Repository/Schedule 11/Page_KDMC - CMS/select_--Select--Advance E.C.G'

2018-05-05 11:04:21 - [TEST_STEP][PASSED] - setText: Text '200' is set on object 'Object Repository/Schedule 11/Page_KDMC - CMS/input_txttreat'

2018-05-05 11:04:21 - [MESSAGE][PASSED] - Text '200' is set on object 'Object Repository/Schedule 11/Page_KDMC - CMS/input_txttreat'

2018-05-05 11:04:21 - [TEST_STEP][PASSED] - click: Object: 'Object Repository/Schedule 11/Page_KDMC - CMS/button_Add' is clicked on

2018-05-05 11:04:21 - [MESSAGE][PASSED] - Object: 'Object Repository/Schedule 11/Page_KDMC - CMS/button_Add' is clicked on

2018-05-05 11:04:21 - [TEST_STEP][PASSED] - selectOptionByIndex: All options with index in [11] are selected on object 'Object Repository/Schedule 11/Page_KDMC - CMS/select_--Select--Schedule 1Inj'

2018-05-05 11:04:21 - [MESSAGE][PASSED] - All options with index in [11] are selected on object 'Object Repository/Schedule 11/Page_KDMC - CMS/select_--Select--Schedule 1Inj'

2018-05-05 11:04:21 - [TEST_STEP][PASSED] - selectOptionByIndex: All options with index in [65] are selected on object 'Object Repository/Schedule 11/Page_KDMC - CMS/select_--Select--Advance E.C.G'

2018-05-05 11:04:22 - [MESSAGE][PASSED] - All options with index in [65] are selected on object 'Object Repository/Schedule 11/Page_KDMC - CMS/select_--Select--Advance E.C.G'

2018-05-05 11:04:22 - [TEST_STEP][PASSED] - setText: Text '200' is set on object 'Object Repository/Schedule 11/Page_KDMC - CMS/input_txttreat'

2018-05-05 11:04:22 - [MESSAGE][PASSED] - Text '200' is set on object 'Object Repository/Schedule 11/Page_KDMC - CMS/input_txttreat'

2018-05-05 11:04:22 - [TEST_STEP][PASSED] - click: Object: 'Object Repository/Schedule 11/Page_KDMC - CMS/button_Add' is clicked on

2018-05-05 11:04:22 - [MESSAGE][PASSED] - Object: 'Object Repository/Schedule 11/Page_KDMC - CMS/button_Add' is clicked on

2018-05-05 11:04:22 - [TEST_STEP][PASSED] - selectOptionByIndex: All options with index in [11] are selected on object 'Object Repository/Schedule 11/Page_KDMC - CMS/select_--Select--Schedule 1Inj'

2018-05-05 11:04:22 - [MESSAGE][PASSED] - All options with index in [11] are selected on object 'Object Repository/Schedule 11/Page_KDMC - CMS/select_--Select--Schedule 1Inj'

2018-05-05 11:04:22 - [TEST_STEP][PASSED] - selectOptionByIndex: All options with index in [66] are selected on object 'Object Repository/Schedule 11/Page_KDMC - CMS/select_--Select--Advance E.C.G'

2018-05-05 11:04:24 - [MESSAGE][PASSED] - All options with index in [66] are selected on object 'Object Repository/Schedule 11/Page_KDMC - CMS/select_--Select--Advance E.C.G'

2018-05-05 11:04:24 - [TEST_STEP][PASSED] - setText: Text '200' is set on object 'Object Repository/Schedule 11/Page_KDMC - CMS/input_txttreat'

2018-05-05 11:04:24 - [MESSAGE][PASSED] - Text '200' is set on object 'Object Repository/Schedule 11/Page_KDMC - CMS/input_txttreat'

2018-05-05 11:04:24 - [TEST_STEP][PASSED] - click: Object: 'Object Repository/Schedule 11/Page_KDMC - CMS/button_Add' is clicked on

2018-05-05 11:04:24 - [MESSAGE][PASSED] - Object: 'Object Repository/Schedule 11/Page_KDMC - CMS/button_Add' is clicked on

2018-05-05 11:04:24 - [TEST_STEP][PASSED] - selectOptionByIndex: All options with index in [11] are selected on object 'Object Repository/Schedule 11/Page_KDMC - CMS/select_--Select--Schedule 1Inj'

2018-05-05 11:04:24 - [MESSAGE][PASSED] - All options with index in [11] are selected on object 'Object Repository/Schedule 11/Page_KDMC - CMS/select_--Select--Schedule 1Inj'

2018-05-05 11:04:24 - [TEST_STEP][PASSED] - selectOptionByIndex: All options with index in [67] are selected on object 'Object Repository/Schedule 11/Page_KDMC - CMS/select_--Select--Advance E.C.G'

2018-05-05 11:04:25 - [MESSAGE][PASSED] - All options with index in [67] are selected on object 'Object Repository/Schedule 11/Page_KDMC - CMS/select_--Select--Advance E.C.G'

2018-05-05 11:04:25 - [TEST_STEP][PASSED] - setText: Text '200' is set on object 'Object Repository/Schedule 11/Page_KDMC - CMS/input_txttreat'

2018-05-05 11:04:25 - [MESSAGE][PASSED] - Text '200' is set on object 'Object Repository/Schedule 11/Page_KDMC - CMS/input_txttreat'

2018-05-05 11:04:25 - [TEST_STEP][PASSED] - click: Object: 'Object Repository/Schedule 11/Page_KDMC - CMS/button_Add' is clicked on

2018-05-05 11:04:26 - [MESSAGE][PASSED] - Object: 'Object Repository/Schedule 11/Page_KDMC - CMS/button_Add' is clicked on

2018-05-05 11:04:26 - [TEST_STEP][PASSED] - selectOptionByIndex: All options with index in [11] are selected on object 'Object Repository/Schedule 11/Page_KDMC - CMS/select_--Select--Schedule 1Inj'

2018-05-05 11:04:26 - [MESSAGE][PASSED] - All options with index in [11] are selected on object 'Object Repository/Schedule 11/Page_KDMC - CMS/select_--Select--Schedule 1Inj'

2018-05-05 11:04:26 - [TEST_STEP][PASSED] - selectOptionByIndex: All options with index in [68] are selected on object 'Object Repository/Schedule 11/Page_KDMC - CMS/select_--Select--Advance E.C.G'

2018-05-05 11:04:27 - [MESSAGE][PASSED] - All options with index in [68] are selected on object 'Object Repository/Schedule 11/Page_KDMC - CMS/select_--Select--Advance E.C.G'

2018-05-05 11:04:27 - [TEST_STEP][PASSED] - setText: Text '200' is set on object 'Object Repository/Schedule 11/Page_KDMC - CMS/input_txttreat'

2018-05-05 11:04:27 - [MESSAGE][PASSED] - Text '200' is set on object 'Object Repository/Schedule 11/Page_KDMC - CMS/input_txttreat'

2018-05-05 11:04:27 - [TEST_STEP][PASSED] - click: Object: 'Object Repository/Schedule 11/Page_KDMC - CMS/button_Add' is clicked on

2018-05-05 11:04:27 - [MESSAGE][PASSED] - Object: 'Object Repository/Schedule 11/Page_KDMC - CMS/button_Add' is clicked on

2018-05-05 11:04:27 - [TEST_STEP][PASSED] - selectOptionByIndex: All options with index in [11] are selected on object 'Object Repository/Schedule 11/Page_KDMC - CMS/select_--Select--Schedule 1Inj'

2018-05-05 11:04:28 - [MESSAGE][PASSED] - All options with index in [11] are selected on object 'Object Repository/Schedule 11/Page_KDMC - CMS/select_--Select--Schedule 1Inj'

2018-05-05 11:04:28 - [TEST_STEP][PASSED] - selectOptionByIndex: All options with index in [69] are selected on object 'Object Repository/Schedule 11/Page_KDMC - CMS/select_--Select--Advance E.C.G'

2018-05-05 11:04:29 - [MESSAGE][PASSED] - All options with index in [69] are selected on object 'Object Repository/Schedule 11/Page_KDMC - CMS/select_--Select--Advance E.C.G'

2018-05-05 11:04:29 - [TEST_STEP][PASSED] - setText: Text '200' is set on object 'Object Repository/Schedule 11/Page_KDMC - CMS/input_txttreat'

2018-05-05 11:04:29 - [MESSAGE][PASSED] - Text '200' is set on object 'Object Repository/Schedule 11/Page_KDMC - CMS/input_txttreat'

2018-05-05 11:04:29 - [TEST_STEP][PASSED] - click: Object: 'Object Repository/Schedule 11/Page_KDMC - CMS/button_Add' is clicked on

2018-05-05 11:04:29 - [MESSAGE][PASSED] - Object: 'Object Repository/Schedule 11/Page_KDMC - CMS/button_Add' is clicked on

2018-05-05 11:04:29 - [TEST_STEP][PASSED] - selectOptionByIndex: All options with index in [11] are selected on object 'Object Repository/Schedule 11/Page_KDMC - CMS/select_--Select--Schedule 1Inj'

2018-05-05 11:04:29 - [MESSAGE][PASSED] - All options with index in [11] are selected on object 'Object Repository/Schedule 11/Page_KDMC - CMS/select_--Select--Schedule 1Inj'

2018-05-05 11:04:29 - [TEST_STEP][PASSED] - selectOptionByIndex: All options with index in [70] are selected on object 'Object Repository/Schedule 11/Page_KDMC - CMS/select_--Select--Advance E.C.G'

2018-05-05 11:04:30 - [MESSAGE][PASSED] - All options with index in [70] are selected on object 'Object Repository/Schedule 11/Page_KDMC - CMS/select_--Select--Advance E.C.G'

2018-05-05 11:04:30 - [TEST_STEP][PASSED] - setText: Text '200' is set on object 'Object Repository/Schedule 11/Page_KDMC - CMS/input_txttreat'

2018-05-05 11:04:31 - [MESSAGE][PASSED] - Text '200' is set on object 'Object Repository/Schedule 11/Page_KDMC - CMS/input_txttreat'

2018-05-05 11:04:31 - [TEST_STEP][PASSED] - click: Object: 'Object Repository/Schedule 11/Page_KDMC - CMS/button_Add' is clicked on

2018-05-05 11:04:31 - [MESSAGE][PASSED] - Object: 'Object Repository/Schedule 11/Page_KDMC - CMS/button_Add' is clicked on

2018-05-05 11:04:31 - [TEST_STEP][PASSED] - selectOptionByIndex: All options with index in [11] are selected on object 'Object Repository/Schedule 11/Page_KDMC - CMS/select_--Select--Schedule 1Inj'

2018-05-05 11:04:31 - [MESSAGE][PASSED] - All options with index in [11] are selected on object 'Object Repository/Schedule 11/Page_KDMC - CMS/select_--Select--Schedule 1Inj'

2018-05-05 11:04:31 - [TEST_STEP][PASSED] - selectOptionByIndex: All options with index in [71] are selected on object 'Object Repository/Schedule 11/Page_KDMC - CMS/select_--Select--Advance E.C.G'

2018-05-05 11:04:32 - [MESSAGE][PASSED] - All options with index in [71] are selected on object 'Object Repository/Schedule 11/Page_KDMC - CMS/select_--Select--Advance E.C.G'

2018-05-05 11:04:32 - [TEST_STEP][PASSED] - setText: Text '200' is set on object 'Object Repository/Schedule 11/Page_KDMC - CMS/input_txttreat'

2018-05-05 11:04:32 - [MESSAGE][PASSED] - Text '200' is set on object 'Object Repository/Schedule 11/Page_KDMC - CMS/input_txttreat'

2018-05-05 11:04:32 - [TEST_STEP][PASSED] - click: Object: 'Object Repository/Schedule 11/Page_KDMC - CMS/button_Add' is clicked on

2018-05-05 11:04:32 - [MESSAGE][PASSED] - Object: 'Object Repository/Schedule 11/Page_KDMC - CMS/button_Add' is clicked on

2018-05-05 11:04:32 - [TEST_STEP][PASSED] - selectOptionByIndex: All options with index in [11] are selected on object 'Object Repository/Schedule 11/Page_KDMC - CMS/select_--Select--Schedule 1Inj'

2018-05-05 11:04:32 - [MESSAGE][PASSED] - All options with index in [11] are selected on object 'Object Repository/Schedule 11/Page_KDMC - CMS/select_--Select--Schedule 1Inj'

2018-05-05 11:04:32 - [TEST_STEP][PASSED] - selectOptionByIndex: All options with index in [72] are selected on object 'Object Repository/Schedule 11/Page_KDMC - CMS/select_--Select--Advance E.C.G'

2018-05-05 11:04:34 - [MESSAGE][PASSED] - All options with index in [72] are selected on object 'Object Repository/Schedule 11/Page_KDMC - CMS/select_--Select--Advance E.C.G'

2018-05-05 11:04:34 - [TEST_STEP][PASSED] - setText: Text '200' is set on object 'Object Repository/Schedule 11/Page_KDMC - CMS/input_txttreat'

2018-05-05 11:04:34 - [MESSAGE][PASSED] - Text '200' is set on object 'Object Repository/Schedule 11/Page_KDMC - CMS/input_txttreat'

2018-05-05 11:04:34 - [TEST_STEP][PASSED] - click: Object: 'Object Repository/Schedule 11/Page_KDMC - CMS/button_Add' is clicked on

2018-05-05 11:04:34 - [MESSAGE][PASSED] - Object: 'Object Repository/Schedule 11/Page_KDMC - CMS/button_Add' is clicked on

2018-05-05 11:04:34 - [TEST_STEP][PASSED] - selectOptionByIndex: All options with index in [11] are selected on object 'Object Repository/Schedule 11/Page_KDMC - CMS/select_--Select--Schedule 1Inj'

2018-05-05 11:04:34 - [MESSAGE][PASSED] - All options with index in [11] are selected on object 'Object Repository/Schedule 11/Page_KDMC - CMS/select_--Select--Schedule 1Inj'

2018-05-05 11:04:34 - [TEST_STEP][PASSED] - selectOptionByIndex: All options with index in [73] are selected on object 'Object Repository/Schedule 11/Page_KDMC - CMS/select_--Select--Advance E.C.G'

2018-05-05 11:04:36 - [MESSAGE][PASSED] - All options with index in [73] are selected on object 'Object Repository/Schedule 11/Page_KDMC - CMS/select_--Select--Advance E.C.G'

2018-05-05 11:04:36 - [TEST_STEP][PASSED] - setText: Text '200' is set on object 'Object Repository/Schedule 11/Page_KDMC - CMS/input_txttreat'

2018-05-05 11:04:36 - [MESSAGE][PASSED] - Text '200' is set on object 'Object Repository/Schedule 11/Page_KDMC - CMS/input_txttreat'

2018-05-05 11:04:36 - [TEST_STEP][PASSED] - click: Object: 'Object Repository/Schedule 11/Page_KDMC - CMS/button_Add' is clicked on

2018-05-05 11:04:36 - [MESSAGE][PASSED] - Object: 'Object Repository/Schedule 11/Page_KDMC - CMS/button_Add' is clicked on

2018-05-05 11:04:36 - [TEST_STEP][PASSED] - selectOptionByIndex: All options with index in [11] are selected on object 'Object Repository/Schedule 11/Page_KDMC - CMS/select_--Select--Schedule 1Inj'

2018-05-05 11:04:36 - [MESSAGE][PASSED] - All options with index in [11] are selected on object 'Object Repository/Schedule 11/Page_KDMC - CMS/select_--Select--Schedule 1Inj'

2018-05-05 11:04:36 - [TEST_STEP][PASSED] - selectOptionByIndex: All options with index in [74] are selected on object 'Object Repository/Schedule 11/Page_KDMC - CMS/select_--Select--Advance E.C.G'

2018-05-05 11:04:37 - [MESSAGE][PASSED] - All options with index in [74] are selected on object 'Object Repository/Schedule 11/Page_KDMC - CMS/select_--Select--Advance E.C.G'

2018-05-05 11:04:37 - [TEST_STEP][PASSED] - setText: Text '200' is set on object 'Object Repository/Schedule 11/Page_KDMC - CMS/input_txttreat'

2018-05-05 11:04:37 - [MESSAGE][PASSED] - Text '200' is set on object 'Object Repository/Schedule 11/Page_KDMC - CMS/input_txttreat'

2018-05-05 11:04:37 - [TEST_STEP][PASSED] - click: Object: 'Object Repository/Schedule 11/Page_KDMC - CMS/button_Add' is clicked on

2018-05-05 11:04:38 - [MESSAGE][PASSED] - Object: 'Object Repository/Schedule 11/Page_KDMC - CMS/button_Add' is clicked on

2018-05-05 11:04:38 - [TEST_STEP][PASSED] - selectOptionByIndex: All options with index in [11] are selected on object 'Object Repository/Schedule 11/Page_KDMC - CMS/select_--Select--Schedule 1Inj'

2018-05-05 11:04:38 - [MESSAGE][PASSED] - All options with index in [11] are selected on object 'Object Repository/Schedule 11/Page_KDMC - CMS/select_--Select--Schedule 1Inj'

2018-05-05 11:04:38 - [TEST_STEP][PASSED] - selectOptionByIndex: All options with index in [75] are selected on object 'Object Repository/Schedule 11/Page_KDMC - CMS/select_--Select--Advance E.C.G'

2018-05-05 11:04:39 - [MESSAGE][PASSED] - All options with index in [75] are selected on object 'Object Repository/Schedule 11/Page_KDMC - CMS/select_--Select--Advance E.C.G'

2018-05-05 11:04:39 - [TEST_STEP][PASSED] - setText: Text '200' is set on object 'Object Repository/Schedule 11/Page_KDMC - CMS/input_txttreat'

2018-05-05 11:04:39 - [MESSAGE][PASSED] - Text '200' is set on object 'Object Repository/Schedule 11/Page_KDMC - CMS/input_txttreat'

2018-05-05 11:04:39 - [TEST_STEP][PASSED] - click: Object: 'Object Repository/Schedule 11/Page_KDMC - CMS/button_Add' is clicked on

2018-05-05 11:04:39 - [MESSAGE][PASSED] - Object: 'Object Repository/Schedule 11/Page_KDMC - CMS/button_Add' is clicked on

2018-05-05 11:04:39 - [TEST_STEP][PASSED] - selectOptionByIndex: All options with index in [11] are selected on object 'Object Repository/Schedule 11/Page_KDMC - CMS/select_--Select--Schedule 1Inj'

2018-05-05 11:04:40 - [MESSAGE][PASSED] - All options with index in [11] are selected on object 'Object Repository/Schedule 11/Page_KDMC - CMS/select_--Select--Schedule 1Inj'

2018-05-05 11:04:40 - [TEST_STEP][PASSED] - selectOptionByIndex: All options with index in [76] are selected on object 'Object Repository/Schedule 11/Page_KDMC - CMS/select_--Select--Advance E.C.G'

2018-05-05 11:04:41 - [MESSAGE][PASSED] - All options with index in [76] are selected on object 'Object Repository/Schedule 11/Page_KDMC - CMS/select_--Select--Advance E.C.G'

2018-05-05 11:04:41 - [TEST_STEP][PASSED] - setText: Text '200' is set on object 'Object Repository/Schedule 11/Page_KDMC - CMS/input_txttreat'

2018-05-05 11:04:41 - [MESSAGE][PASSED] - Text '200' is set on object 'Object Repository/Schedule 11/Page_KDMC - CMS/input_txttreat'

2018-05-05 11:04:41 - [TEST_STEP][PASSED] - click: Object: 'Object Repository/Schedule 11/Page_KDMC - CMS/button_Add' is clicked on

2018-05-05 11:04:41 - [MESSAGE][PASSED] - Object: 'Object Repository/Schedule 11/Page_KDMC - CMS/button_Add' is clicked on

2018-05-05 11:04:41 - [TEST_STEP][PASSED] - selectOptionByIndex: All options with index in [11] are selected on object 'Object Repository/Schedule 11/Page_KDMC - CMS/select_--Select--Schedule 1Inj'

2018-05-05 11:04:41 - [MESSAGE][PASSED] - All options with index in [11] are selected on object 'Object Repository/Schedule 11/Page_KDMC - CMS/select_--Select--Schedule 1Inj'

2018-05-05 11:04:41 - [TEST_STEP][PASSED] - selectOptionByIndex: All options with index in [77] are selected on object 'Object Repository/Schedule 11/Page_KDMC - CMS/select_--Select--Advance E.C.G'

2018-05-05 11:04:43 - [MESSAGE][PASSED] - All options with index in [77] are selected on object 'Object Repository/Schedule 11/Page_KDMC - CMS/select_--Select--Advance E.C.G'

2018-05-05 11:04:43 - [TEST_STEP][PASSED] - setText: Text '200' is set on object 'Object Repository/Schedule 11/Page_KDMC - CMS/input_txttreat'

2018-05-05 11:04:43 - [MESSAGE][PASSED] - Text '200' is set on object 'Object Repository/Schedule 11/Page_KDMC - CMS/input_txttreat'

2018-05-05 11:04:43 - [TEST_STEP][PASSED] - click: Object: 'Object Repository/Schedule 11/Page_KDMC - CMS/button_Add' is clicked on

2018-05-05 11:04:43 - [MESSAGE][PASSED] - Object: 'Object Repository/Schedule 11/Page_KDMC - CMS/button_Add' is clicked on

2018-05-05 11:04:43 - [TEST_STEP][PASSED] - selectOptionByIndex: All options with index in [11] are selected on object 'Object Repository/Schedule 11/Page_KDMC - CMS/select_--Select--Schedule 1Inj'

2018-05-05 11:04:43 - [MESSAGE][PASSED] - All options with index in [11] are selected on object 'Object Repository/Schedule 11/Page_KDMC - CMS/select_--Select--Schedule 1Inj'

2018-05-05 11:04:43 - [TEST_STEP][PASSED] - selectOptionByIndex: All options with index in [78] are selected on object 'Object Repository/Schedule 11/Page_KDMC - CMS/select_--Select--Advance E.C.G'

2018-05-05 11:04:45 - [MESSAGE][PASSED] - All options with index in [78] are selected on object 'Object Repository/Schedule 11/Page_KDMC - CMS/select_--Select--Advance E.C.G'

2018-05-05 11:04:45 - [TEST_STEP][PASSED] - setText: Text '200' is set on object 'Object Repository/Schedule 11/Page_KDMC - CMS/input_txttreat'

2018-05-05 11:04:45 - [MESSAGE][PASSED] - Text '200' is set on object 'Object Repository/Schedule 11/Page_KDMC - CMS/input_txttreat'

2018-05-05 11:04:45 - [TEST_STEP][PASSED] - click: Object: 'Object Repository/Schedule 11/Page_KDMC - CMS/button_Add' is clicked on

2018-05-05 11:04:45 - [MESSAGE][PASSED] - Object: 'Object Repository/Schedule 11/Page_KDMC - CMS/button_Add' is clicked on

2018-05-05 11:04:45 - [TEST_STEP][PASSED] - selectOptionByIndex: All options with index in [11] are selected on object 'Object Repository/Schedule 11/Page_KDMC - CMS/select_--Select--Schedule 1Inj'

2018-05-05 11:04:45 - [MESSAGE][PASSED] - All options with index in [11] are selected on object 'Object Repository/Schedule 11/Page_KDMC - CMS/select_--Select--Schedule 1Inj'

2018-05-05 11:04:45 - [TEST_STEP][PASSED] - selectOptionByIndex: All options with index in [79] are selected on object 'Object Repository/Schedule 11/Page_KDMC - CMS/select_--Select--Advance E.C.G'

2018-05-05 11:04:47 - [MESSAGE][PASSED] - All options with index in [79] are selected on object 'Object Repository/Schedule 11/Page_KDMC - CMS/select_--Select--Advance E.C.G'

2018-05-05 11:04:47 - [TEST_STEP][PASSED] - setText: Text '200' is set on object 'Object Repository/Schedule 11/Page_KDMC - CMS/input_txttreat'

2018-05-05 11:04:47 - [MESSAGE][PASSED] - Text '200' is set on object 'Object Repository/Schedule 11/Page_KDMC - CMS/input_txttreat'

2018-05-05 11:04:47 - [TEST_STEP][PASSED] - click: Object: 'Object Repository/Schedule 11/Page_KDMC - CMS/button_Add' is clicked on

2018-05-05 11:04:47 - [MESSAGE][PASSED] - Object: 'Object Repository/Schedule 11/Page_KDMC - CMS/button_Add' is clicked on

2018-05-05 11:04:47 - [TEST_STEP][PASSED] - selectOptionByIndex: All options with index in [11] are selected on object 'Object Repository/Schedule 11/Page_KDMC - CMS/select_--Select--Schedule 1Inj'

2018-05-05 11:04:47 - [MESSAGE][PASSED] - All options with index in [11] are selected on object 'Object Repository/Schedule 11/Page_KDMC - CMS/select_--Select--Schedule 1Inj'

2018-05-05 11:04:47 - [TEST_STEP][PASSED] - selectOptionByIndex: All options with index in [80] are selected on object 'Object Repository/Schedule 11/Page_KDMC - CMS/select_--Select--Advance E.C.G'

2018-05-05 11:04:49 - [MESSAGE][PASSED] - All options with index in [80] are selected on object 'Object Repository/Schedule 11/Page_KDMC - CMS/select_--Select--Advance E.C.G'

2018-05-05 11:04:49 - [TEST_STEP][PASSED] - setText: Text '200' is set on object 'Object Repository/Schedule 11/Page_KDMC - CMS/input_txttreat'

2018-05-05 11:04:49 - [MESSAGE][PASSED] - Text '200' is set on object 'Object Repository/Schedule 11/Page_KDMC - CMS/input_txttreat'

2018-05-05 11:04:49 - [TEST_STEP][PASSED] - click: Object: 'Object Repository/Schedule 11/Page_KDMC - CMS/button_Add' is clicked on

2018-05-05 11:04:49 - [MESSAGE][PASSED] - Object: 'Object Repository/Schedule 11/Page_KDMC - CMS/button_Add' is clicked on

2018-05-05 11:04:49 - [TEST_STEP][PASSED] - scrollToElement: Scroll to object 'Object Repository/Schedule 11/Page_KDMC - CMS/input_btnsave' successfully

2018-05-05 11:04:49 - [MESSAGE][PASSED] - Scroll to object 'Object Repository/Schedule 11/Page_KDMC - CMS/input_btnsave' successfully

2018-05-05 11:04:49 - [TEST_STEP][PASSED] - click: Object: 'Object Repository/Schedule 11/Page_KDMC - CMS/input_btnsave' is clicked on

2018-05-05 11:04:49 - [MESSAGE][PASSED] - Object: 'Object Repository/Schedule 11/Page_KDMC - CMS/input_btnsave' is clicked on

2018-05-05 11:04:49 - [TEST_STEP][PASSED] - delay: Delayed 3 second(s)

2018-05-05 11:04:52 - [MESSAGE][PASSED] - Delayed 3 second(s)

2018-05-05 11:04:52 - [TEST_STEP][PASSED] - click: Object: 'Object Repository/Schedule 11/Page_KDMC - CMS/button_OK' is clicked on

2018-05-05 11:04:52 - [MESSAGE][PASSED] - Object: 'Object Repository/Schedule 11/Page_KDMC - CMS/button_OK' is clicked on

2018-05-05 11:04:52 - [TEST_STEP][PASSED] - delay: Delayed 3 second(s)

2018-05-05 11:04:55 - [MESSAGE][PASSED] - Delayed 3 second(s)

2018-05-05 11:04:55 - [TEST_STEP][PASSED] - click: Object: 'Object Repository/Schedule 11/Page_KDMC - CMS/a_dropdown-toggle' is clicked on

2018-05-05 11:04:56 - [MESSAGE][PASSED] - Object: 'Object Repository/Schedule 11/Page_KDMC - CMS/a_dropdown-toggle' is clicked on

2018-05-05 11:04:56 - [TEST_STEP][PASSED] - click: Object: 'Object Repository/Schedule 11/Page_KDMC - CMS/a_Sign out' is clicked on

2018-05-05 11:04:56 - [MESSAGE][PASSED] - Object: 'Object Repository/Schedule 11/Page_KDMC - CMS/a_Sign out' is clicked on

2018-05-05 11:04:56 - [TEST_STEP][PASSED] - closeBrowser: Browser is closed

2018-05-05 11:04:57 - [MESSAGE][PASSED] - Browser is closed]]></system-out>
         <system-err><![CDATA[]]></system-err>
      </testcase>
      <testcase name="Test Cases/MOHTOCMSREQUEST/MohRequestSchedule12" classname="Test Cases/MOHTOCMSREQUEST/MohRequestSchedule12" status="PASSED">
         <system-out><![CDATA[2018-05-05 11:04:57 - [TEST_CASE][PASSED] - Test Cases/MOHTOCMSREQUEST/MohRequestSchedule12: Test Cases/MOHTOCMSREQUEST/MohRequestSchedule12

2018-05-05 11:04:57 - [TEST_STEP][PASSED] - openBrowser: Browser is opened with url: ''

2018-05-05 11:04:59 - [MESSAGE][PASSED] - Browser is opened with url: ''

2018-05-05 11:04:59 - [TEST_STEP][PASSED] - navigateToUrl: Navigate to 'http://192.168.137.1/multihospital_new/' successfully

2018-05-05 11:05:01 - [MESSAGE][PASSED] - Navigate to 'http://192.168.137.1/multihospital_new/' successfully

2018-05-05 11:05:01 - [TEST_STEP][PASSED] - maximizeWindow: Current window maximized

2018-05-05 11:05:02 - [MESSAGE][PASSED] - Current window maximized

2018-05-05 11:05:02 - [TEST_STEP][PASSED] - click: Object: 'Object Repository/Schedule 12/Page_KDMC/a_CMS' is clicked on

2018-05-05 11:05:03 - [MESSAGE][PASSED] - Object: 'Object Repository/Schedule 12/Page_KDMC/a_CMS' is clicked on

2018-05-05 11:05:03 - [TEST_STEP][PASSED] - setText: Text 'bala' is set on object 'Object Repository/Schedule 12/Page_CMS login/input_txtusername'

2018-05-05 11:05:03 - [MESSAGE][PASSED] - Text 'bala' is set on object 'Object Repository/Schedule 12/Page_CMS login/input_txtusername'

2018-05-05 11:05:03 - [TEST_STEP][PASSED] - setText: Text '123' is set on object 'Object Repository/Schedule 12/Page_CMS login/input_txtpassword'

2018-05-05 11:05:03 - [MESSAGE][PASSED] - Text '123' is set on object 'Object Repository/Schedule 12/Page_CMS login/input_txtpassword'

2018-05-05 11:05:03 - [TEST_STEP][PASSED] - delay: Delayed 3 second(s)

2018-05-05 11:05:06 - [MESSAGE][PASSED] - Delayed 3 second(s)

2018-05-05 11:05:06 - [TEST_STEP][PASSED] - click: Object: 'Object Repository/Schedule 12/Page_CMS login/button_Sign in' is clicked on

2018-05-05 11:05:07 - [MESSAGE][PASSED] - Object: 'Object Repository/Schedule 12/Page_CMS login/button_Sign in' is clicked on

2018-05-05 11:05:07 - [TEST_STEP][PASSED] - click: Object: 'Object Repository/Schedule 12/Page_KDMC - CMS/a_Request to MOH' is clicked on

2018-05-05 11:05:08 - [MESSAGE][PASSED] - Object: 'Object Repository/Schedule 12/Page_KDMC - CMS/a_Request to MOH' is clicked on

2018-05-05 11:05:08 - [TEST_STEP][PASSED] - selectOptionByIndex: All options with index in [2] are selected on object 'Object Repository/Schedule 12/Page_KDMC - CMS/select_--Select--'

2018-05-05 11:05:08 - [MESSAGE][PASSED] - All options with index in [2] are selected on object 'Object Repository/Schedule 12/Page_KDMC - CMS/select_--Select--'

2018-05-05 11:05:08 - [TEST_STEP][PASSED] - selectOptionByIndex: All options with index in [12] are selected on object 'Object Repository/Schedule 12/Page_KDMC - CMS/select_--Select--Schedule 1Inj'

2018-05-05 11:05:08 - [MESSAGE][PASSED] - All options with index in [12] are selected on object 'Object Repository/Schedule 12/Page_KDMC - CMS/select_--Select--Schedule 1Inj'

2018-05-05 11:05:08 - [TEST_STEP][PASSED] - Statement - Selectedoptions = com.kms.katalon.core.webui.keyword.WebUiBuiltInKeywords.getNumberOfTotalOption(com.kms.katalon.core.testobject.ObjectRepository.findTestObject(Schedule 12/Page_KDMC - CMS/select_--Select--Baby sheet (R)): 20 options of object 'Object Repository/Schedule 12/Page_KDMC - CMS/select_--Select--Baby sheet (R' counted

2018-05-05 11:05:08 - [MESSAGE][PASSED] - 20 options of object 'Object Repository/Schedule 12/Page_KDMC - CMS/select_--Select--Baby sheet (R' counted

2018-05-05 11:05:08 - [TEST_STEP][PASSED] - Statement - For ([f = 1, f < Selectedoptions, (f++)]): Object: 'Object Repository/Schedule 12/Page_KDMC - CMS/button_Add' is clicked on

2018-05-05 11:05:08 - [TEST_STEP][PASSED] - selectOptionByIndex: All options with index in [12] are selected on object 'Object Repository/Schedule 12/Page_KDMC - CMS/select_--Select--Schedule 1Inj'

2018-05-05 11:05:08 - [MESSAGE][PASSED] - All options with index in [12] are selected on object 'Object Repository/Schedule 12/Page_KDMC - CMS/select_--Select--Schedule 1Inj'

2018-05-05 11:05:08 - [TEST_STEP][PASSED] - selectOptionByIndex: All options with index in [1] are selected on object 'Object Repository/Schedule 12/Page_KDMC - CMS/select_--Select--Baby sheet (R'

2018-05-05 11:05:09 - [MESSAGE][PASSED] - All options with index in [1] are selected on object 'Object Repository/Schedule 12/Page_KDMC - CMS/select_--Select--Baby sheet (R'

2018-05-05 11:05:09 - [TEST_STEP][PASSED] - setText: Text '50000' is set on object 'Object Repository/Schedule 12/Page_KDMC - CMS/input_txttreat'

2018-05-05 11:05:09 - [MESSAGE][PASSED] - Text '50000' is set on object 'Object Repository/Schedule 12/Page_KDMC - CMS/input_txttreat'

2018-05-05 11:05:09 - [TEST_STEP][PASSED] - click: Object: 'Object Repository/Schedule 12/Page_KDMC - CMS/button_Add' is clicked on

2018-05-05 11:05:09 - [MESSAGE][PASSED] - Object: 'Object Repository/Schedule 12/Page_KDMC - CMS/button_Add' is clicked on

2018-05-05 11:05:09 - [TEST_STEP][PASSED] - selectOptionByIndex: All options with index in [12] are selected on object 'Object Repository/Schedule 12/Page_KDMC - CMS/select_--Select--Schedule 1Inj'

2018-05-05 11:05:09 - [MESSAGE][PASSED] - All options with index in [12] are selected on object 'Object Repository/Schedule 12/Page_KDMC - CMS/select_--Select--Schedule 1Inj'

2018-05-05 11:05:09 - [TEST_STEP][PASSED] - selectOptionByIndex: All options with index in [2] are selected on object 'Object Repository/Schedule 12/Page_KDMC - CMS/select_--Select--Baby sheet (R'

2018-05-05 11:05:10 - [MESSAGE][PASSED] - All options with index in [2] are selected on object 'Object Repository/Schedule 12/Page_KDMC - CMS/select_--Select--Baby sheet (R'

2018-05-05 11:05:10 - [TEST_STEP][PASSED] - setText: Text '50000' is set on object 'Object Repository/Schedule 12/Page_KDMC - CMS/input_txttreat'

2018-05-05 11:05:10 - [MESSAGE][PASSED] - Text '50000' is set on object 'Object Repository/Schedule 12/Page_KDMC - CMS/input_txttreat'

2018-05-05 11:05:10 - [TEST_STEP][PASSED] - click: Object: 'Object Repository/Schedule 12/Page_KDMC - CMS/button_Add' is clicked on

2018-05-05 11:05:10 - [MESSAGE][PASSED] - Object: 'Object Repository/Schedule 12/Page_KDMC - CMS/button_Add' is clicked on

2018-05-05 11:05:10 - [TEST_STEP][PASSED] - selectOptionByIndex: All options with index in [12] are selected on object 'Object Repository/Schedule 12/Page_KDMC - CMS/select_--Select--Schedule 1Inj'

2018-05-05 11:05:10 - [MESSAGE][PASSED] - All options with index in [12] are selected on object 'Object Repository/Schedule 12/Page_KDMC - CMS/select_--Select--Schedule 1Inj'

2018-05-05 11:05:10 - [TEST_STEP][PASSED] - selectOptionByIndex: All options with index in [3] are selected on object 'Object Repository/Schedule 12/Page_KDMC - CMS/select_--Select--Baby sheet (R'

2018-05-05 11:05:11 - [MESSAGE][PASSED] - All options with index in [3] are selected on object 'Object Repository/Schedule 12/Page_KDMC - CMS/select_--Select--Baby sheet (R'

2018-05-05 11:05:11 - [TEST_STEP][PASSED] - setText: Text '50000' is set on object 'Object Repository/Schedule 12/Page_KDMC - CMS/input_txttreat'

2018-05-05 11:05:11 - [MESSAGE][PASSED] - Text '50000' is set on object 'Object Repository/Schedule 12/Page_KDMC - CMS/input_txttreat'

2018-05-05 11:05:11 - [TEST_STEP][PASSED] - click: Object: 'Object Repository/Schedule 12/Page_KDMC - CMS/button_Add' is clicked on

2018-05-05 11:05:11 - [MESSAGE][PASSED] - Object: 'Object Repository/Schedule 12/Page_KDMC - CMS/button_Add' is clicked on

2018-05-05 11:05:11 - [TEST_STEP][PASSED] - selectOptionByIndex: All options with index in [12] are selected on object 'Object Repository/Schedule 12/Page_KDMC - CMS/select_--Select--Schedule 1Inj'

2018-05-05 11:05:11 - [MESSAGE][PASSED] - All options with index in [12] are selected on object 'Object Repository/Schedule 12/Page_KDMC - CMS/select_--Select--Schedule 1Inj'

2018-05-05 11:05:11 - [TEST_STEP][PASSED] - selectOptionByIndex: All options with index in [4] are selected on object 'Object Repository/Schedule 12/Page_KDMC - CMS/select_--Select--Baby sheet (R'

2018-05-05 11:05:12 - [MESSAGE][PASSED] - All options with index in [4] are selected on object 'Object Repository/Schedule 12/Page_KDMC - CMS/select_--Select--Baby sheet (R'

2018-05-05 11:05:12 - [TEST_STEP][PASSED] - setText: Text '50000' is set on object 'Object Repository/Schedule 12/Page_KDMC - CMS/input_txttreat'

2018-05-05 11:05:12 - [MESSAGE][PASSED] - Text '50000' is set on object 'Object Repository/Schedule 12/Page_KDMC - CMS/input_txttreat'

2018-05-05 11:05:12 - [TEST_STEP][PASSED] - click: Object: 'Object Repository/Schedule 12/Page_KDMC - CMS/button_Add' is clicked on

2018-05-05 11:05:12 - [MESSAGE][PASSED] - Object: 'Object Repository/Schedule 12/Page_KDMC - CMS/button_Add' is clicked on

2018-05-05 11:05:12 - [TEST_STEP][PASSED] - selectOptionByIndex: All options with index in [12] are selected on object 'Object Repository/Schedule 12/Page_KDMC - CMS/select_--Select--Schedule 1Inj'

2018-05-05 11:05:12 - [MESSAGE][PASSED] - All options with index in [12] are selected on object 'Object Repository/Schedule 12/Page_KDMC - CMS/select_--Select--Schedule 1Inj'

2018-05-05 11:05:12 - [TEST_STEP][PASSED] - selectOptionByIndex: All options with index in [5] are selected on object 'Object Repository/Schedule 12/Page_KDMC - CMS/select_--Select--Baby sheet (R'

2018-05-05 11:05:12 - [MESSAGE][PASSED] - All options with index in [5] are selected on object 'Object Repository/Schedule 12/Page_KDMC - CMS/select_--Select--Baby sheet (R'

2018-05-05 11:05:12 - [TEST_STEP][PASSED] - setText: Text '50000' is set on object 'Object Repository/Schedule 12/Page_KDMC - CMS/input_txttreat'

2018-05-05 11:05:12 - [MESSAGE][PASSED] - Text '50000' is set on object 'Object Repository/Schedule 12/Page_KDMC - CMS/input_txttreat'

2018-05-05 11:05:12 - [TEST_STEP][PASSED] - click: Object: 'Object Repository/Schedule 12/Page_KDMC - CMS/button_Add' is clicked on

2018-05-05 11:05:12 - [MESSAGE][PASSED] - Object: 'Object Repository/Schedule 12/Page_KDMC - CMS/button_Add' is clicked on

2018-05-05 11:05:12 - [TEST_STEP][PASSED] - selectOptionByIndex: All options with index in [12] are selected on object 'Object Repository/Schedule 12/Page_KDMC - CMS/select_--Select--Schedule 1Inj'

2018-05-05 11:05:13 - [MESSAGE][PASSED] - All options with index in [12] are selected on object 'Object Repository/Schedule 12/Page_KDMC - CMS/select_--Select--Schedule 1Inj'

2018-05-05 11:05:13 - [TEST_STEP][PASSED] - selectOptionByIndex: All options with index in [6] are selected on object 'Object Repository/Schedule 12/Page_KDMC - CMS/select_--Select--Baby sheet (R'

2018-05-05 11:05:13 - [MESSAGE][PASSED] - All options with index in [6] are selected on object 'Object Repository/Schedule 12/Page_KDMC - CMS/select_--Select--Baby sheet (R'

2018-05-05 11:05:13 - [TEST_STEP][PASSED] - setText: Text '50000' is set on object 'Object Repository/Schedule 12/Page_KDMC - CMS/input_txttreat'

2018-05-05 11:05:13 - [MESSAGE][PASSED] - Text '50000' is set on object 'Object Repository/Schedule 12/Page_KDMC - CMS/input_txttreat'

2018-05-05 11:05:13 - [TEST_STEP][PASSED] - click: Object: 'Object Repository/Schedule 12/Page_KDMC - CMS/button_Add' is clicked on

2018-05-05 11:05:13 - [MESSAGE][PASSED] - Object: 'Object Repository/Schedule 12/Page_KDMC - CMS/button_Add' is clicked on

2018-05-05 11:05:13 - [TEST_STEP][PASSED] - selectOptionByIndex: All options with index in [12] are selected on object 'Object Repository/Schedule 12/Page_KDMC - CMS/select_--Select--Schedule 1Inj'

2018-05-05 11:05:14 - [MESSAGE][PASSED] - All options with index in [12] are selected on object 'Object Repository/Schedule 12/Page_KDMC - CMS/select_--Select--Schedule 1Inj'

2018-05-05 11:05:14 - [TEST_STEP][PASSED] - selectOptionByIndex: All options with index in [7] are selected on object 'Object Repository/Schedule 12/Page_KDMC - CMS/select_--Select--Baby sheet (R'

2018-05-05 11:05:14 - [MESSAGE][PASSED] - All options with index in [7] are selected on object 'Object Repository/Schedule 12/Page_KDMC - CMS/select_--Select--Baby sheet (R'

2018-05-05 11:05:14 - [TEST_STEP][PASSED] - setText: Text '50000' is set on object 'Object Repository/Schedule 12/Page_KDMC - CMS/input_txttreat'

2018-05-05 11:05:14 - [MESSAGE][PASSED] - Text '50000' is set on object 'Object Repository/Schedule 12/Page_KDMC - CMS/input_txttreat'

2018-05-05 11:05:14 - [TEST_STEP][PASSED] - click: Object: 'Object Repository/Schedule 12/Page_KDMC - CMS/button_Add' is clicked on

2018-05-05 11:05:14 - [MESSAGE][PASSED] - Object: 'Object Repository/Schedule 12/Page_KDMC - CMS/button_Add' is clicked on

2018-05-05 11:05:14 - [TEST_STEP][PASSED] - selectOptionByIndex: All options with index in [12] are selected on object 'Object Repository/Schedule 12/Page_KDMC - CMS/select_--Select--Schedule 1Inj'

2018-05-05 11:05:15 - [MESSAGE][PASSED] - All options with index in [12] are selected on object 'Object Repository/Schedule 12/Page_KDMC - CMS/select_--Select--Schedule 1Inj'

2018-05-05 11:05:15 - [TEST_STEP][PASSED] - selectOptionByIndex: All options with index in [8] are selected on object 'Object Repository/Schedule 12/Page_KDMC - CMS/select_--Select--Baby sheet (R'

2018-05-05 11:05:15 - [MESSAGE][PASSED] - All options with index in [8] are selected on object 'Object Repository/Schedule 12/Page_KDMC - CMS/select_--Select--Baby sheet (R'

2018-05-05 11:05:15 - [TEST_STEP][PASSED] - setText: Text '50000' is set on object 'Object Repository/Schedule 12/Page_KDMC - CMS/input_txttreat'

2018-05-05 11:05:15 - [MESSAGE][PASSED] - Text '50000' is set on object 'Object Repository/Schedule 12/Page_KDMC - CMS/input_txttreat'

2018-05-05 11:05:15 - [TEST_STEP][PASSED] - click: Object: 'Object Repository/Schedule 12/Page_KDMC - CMS/button_Add' is clicked on

2018-05-05 11:05:16 - [MESSAGE][PASSED] - Object: 'Object Repository/Schedule 12/Page_KDMC - CMS/button_Add' is clicked on

2018-05-05 11:05:16 - [TEST_STEP][PASSED] - selectOptionByIndex: All options with index in [12] are selected on object 'Object Repository/Schedule 12/Page_KDMC - CMS/select_--Select--Schedule 1Inj'

2018-05-05 11:05:16 - [MESSAGE][PASSED] - All options with index in [12] are selected on object 'Object Repository/Schedule 12/Page_KDMC - CMS/select_--Select--Schedule 1Inj'

2018-05-05 11:05:16 - [TEST_STEP][PASSED] - selectOptionByIndex: All options with index in [9] are selected on object 'Object Repository/Schedule 12/Page_KDMC - CMS/select_--Select--Baby sheet (R'

2018-05-05 11:05:16 - [MESSAGE][PASSED] - All options with index in [9] are selected on object 'Object Repository/Schedule 12/Page_KDMC - CMS/select_--Select--Baby sheet (R'

2018-05-05 11:05:16 - [TEST_STEP][PASSED] - setText: Text '50000' is set on object 'Object Repository/Schedule 12/Page_KDMC - CMS/input_txttreat'

2018-05-05 11:05:17 - [MESSAGE][PASSED] - Text '50000' is set on object 'Object Repository/Schedule 12/Page_KDMC - CMS/input_txttreat'

2018-05-05 11:05:17 - [TEST_STEP][PASSED] - click: Object: 'Object Repository/Schedule 12/Page_KDMC - CMS/button_Add' is clicked on

2018-05-05 11:05:17 - [MESSAGE][PASSED] - Object: 'Object Repository/Schedule 12/Page_KDMC - CMS/button_Add' is clicked on

2018-05-05 11:05:17 - [TEST_STEP][PASSED] - selectOptionByIndex: All options with index in [12] are selected on object 'Object Repository/Schedule 12/Page_KDMC - CMS/select_--Select--Schedule 1Inj'

2018-05-05 11:05:17 - [MESSAGE][PASSED] - All options with index in [12] are selected on object 'Object Repository/Schedule 12/Page_KDMC - CMS/select_--Select--Schedule 1Inj'

2018-05-05 11:05:17 - [TEST_STEP][PASSED] - selectOptionByIndex: All options with index in [10] are selected on object 'Object Repository/Schedule 12/Page_KDMC - CMS/select_--Select--Baby sheet (R'

2018-05-05 11:05:18 - [MESSAGE][PASSED] - All options with index in [10] are selected on object 'Object Repository/Schedule 12/Page_KDMC - CMS/select_--Select--Baby sheet (R'

2018-05-05 11:05:18 - [TEST_STEP][PASSED] - setText: Text '50000' is set on object 'Object Repository/Schedule 12/Page_KDMC - CMS/input_txttreat'

2018-05-05 11:05:18 - [MESSAGE][PASSED] - Text '50000' is set on object 'Object Repository/Schedule 12/Page_KDMC - CMS/input_txttreat'

2018-05-05 11:05:18 - [TEST_STEP][PASSED] - click: Object: 'Object Repository/Schedule 12/Page_KDMC - CMS/button_Add' is clicked on

2018-05-05 11:05:18 - [MESSAGE][PASSED] - Object: 'Object Repository/Schedule 12/Page_KDMC - CMS/button_Add' is clicked on

2018-05-05 11:05:18 - [TEST_STEP][PASSED] - selectOptionByIndex: All options with index in [12] are selected on object 'Object Repository/Schedule 12/Page_KDMC - CMS/select_--Select--Schedule 1Inj'

2018-05-05 11:05:18 - [MESSAGE][PASSED] - All options with index in [12] are selected on object 'Object Repository/Schedule 12/Page_KDMC - CMS/select_--Select--Schedule 1Inj'

2018-05-05 11:05:18 - [TEST_STEP][PASSED] - selectOptionByIndex: All options with index in [11] are selected on object 'Object Repository/Schedule 12/Page_KDMC - CMS/select_--Select--Baby sheet (R'

2018-05-05 11:05:18 - [MESSAGE][PASSED] - All options with index in [11] are selected on object 'Object Repository/Schedule 12/Page_KDMC - CMS/select_--Select--Baby sheet (R'

2018-05-05 11:05:18 - [TEST_STEP][PASSED] - setText: Text '50000' is set on object 'Object Repository/Schedule 12/Page_KDMC - CMS/input_txttreat'

2018-05-05 11:05:18 - [MESSAGE][PASSED] - Text '50000' is set on object 'Object Repository/Schedule 12/Page_KDMC - CMS/input_txttreat'

2018-05-05 11:05:18 - [TEST_STEP][PASSED] - click: Object: 'Object Repository/Schedule 12/Page_KDMC - CMS/button_Add' is clicked on

2018-05-05 11:05:18 - [MESSAGE][PASSED] - Object: 'Object Repository/Schedule 12/Page_KDMC - CMS/button_Add' is clicked on

2018-05-05 11:05:18 - [TEST_STEP][PASSED] - selectOptionByIndex: All options with index in [12] are selected on object 'Object Repository/Schedule 12/Page_KDMC - CMS/select_--Select--Schedule 1Inj'

2018-05-05 11:05:18 - [MESSAGE][PASSED] - All options with index in [12] are selected on object 'Object Repository/Schedule 12/Page_KDMC - CMS/select_--Select--Schedule 1Inj'

2018-05-05 11:05:18 - [TEST_STEP][PASSED] - selectOptionByIndex: All options with index in [12] are selected on object 'Object Repository/Schedule 12/Page_KDMC - CMS/select_--Select--Baby sheet (R'

2018-05-05 11:05:19 - [MESSAGE][PASSED] - All options with index in [12] are selected on object 'Object Repository/Schedule 12/Page_KDMC - CMS/select_--Select--Baby sheet (R'

2018-05-05 11:05:19 - [TEST_STEP][PASSED] - setText: Text '50000' is set on object 'Object Repository/Schedule 12/Page_KDMC - CMS/input_txttreat'

2018-05-05 11:05:19 - [MESSAGE][PASSED] - Text '50000' is set on object 'Object Repository/Schedule 12/Page_KDMC - CMS/input_txttreat'

2018-05-05 11:05:19 - [TEST_STEP][PASSED] - click: Object: 'Object Repository/Schedule 12/Page_KDMC - CMS/button_Add' is clicked on

2018-05-05 11:05:19 - [MESSAGE][PASSED] - Object: 'Object Repository/Schedule 12/Page_KDMC - CMS/button_Add' is clicked on

2018-05-05 11:05:19 - [TEST_STEP][PASSED] - selectOptionByIndex: All options with index in [12] are selected on object 'Object Repository/Schedule 12/Page_KDMC - CMS/select_--Select--Schedule 1Inj'

2018-05-05 11:05:19 - [MESSAGE][PASSED] - All options with index in [12] are selected on object 'Object Repository/Schedule 12/Page_KDMC - CMS/select_--Select--Schedule 1Inj'

2018-05-05 11:05:19 - [TEST_STEP][PASSED] - selectOptionByIndex: All options with index in [13] are selected on object 'Object Repository/Schedule 12/Page_KDMC - CMS/select_--Select--Baby sheet (R'

2018-05-05 11:05:20 - [MESSAGE][PASSED] - All options with index in [13] are selected on object 'Object Repository/Schedule 12/Page_KDMC - CMS/select_--Select--Baby sheet (R'

2018-05-05 11:05:20 - [TEST_STEP][PASSED] - setText: Text '50000' is set on object 'Object Repository/Schedule 12/Page_KDMC - CMS/input_txttreat'

2018-05-05 11:05:20 - [MESSAGE][PASSED] - Text '50000' is set on object 'Object Repository/Schedule 12/Page_KDMC - CMS/input_txttreat'

2018-05-05 11:05:20 - [TEST_STEP][PASSED] - click: Object: 'Object Repository/Schedule 12/Page_KDMC - CMS/button_Add' is clicked on

2018-05-05 11:05:20 - [MESSAGE][PASSED] - Object: 'Object Repository/Schedule 12/Page_KDMC - CMS/button_Add' is clicked on

2018-05-05 11:05:20 - [TEST_STEP][PASSED] - selectOptionByIndex: All options with index in [12] are selected on object 'Object Repository/Schedule 12/Page_KDMC - CMS/select_--Select--Schedule 1Inj'

2018-05-05 11:05:20 - [MESSAGE][PASSED] - All options with index in [12] are selected on object 'Object Repository/Schedule 12/Page_KDMC - CMS/select_--Select--Schedule 1Inj'

2018-05-05 11:05:20 - [TEST_STEP][PASSED] - selectOptionByIndex: All options with index in [14] are selected on object 'Object Repository/Schedule 12/Page_KDMC - CMS/select_--Select--Baby sheet (R'

2018-05-05 11:05:21 - [MESSAGE][PASSED] - All options with index in [14] are selected on object 'Object Repository/Schedule 12/Page_KDMC - CMS/select_--Select--Baby sheet (R'

2018-05-05 11:05:21 - [TEST_STEP][PASSED] - setText: Text '50000' is set on object 'Object Repository/Schedule 12/Page_KDMC - CMS/input_txttreat'

2018-05-05 11:05:21 - [MESSAGE][PASSED] - Text '50000' is set on object 'Object Repository/Schedule 12/Page_KDMC - CMS/input_txttreat'

2018-05-05 11:05:21 - [TEST_STEP][PASSED] - click: Object: 'Object Repository/Schedule 12/Page_KDMC - CMS/button_Add' is clicked on

2018-05-05 11:05:21 - [MESSAGE][PASSED] - Object: 'Object Repository/Schedule 12/Page_KDMC - CMS/button_Add' is clicked on

2018-05-05 11:05:21 - [TEST_STEP][PASSED] - selectOptionByIndex: All options with index in [12] are selected on object 'Object Repository/Schedule 12/Page_KDMC - CMS/select_--Select--Schedule 1Inj'

2018-05-05 11:05:21 - [MESSAGE][PASSED] - All options with index in [12] are selected on object 'Object Repository/Schedule 12/Page_KDMC - CMS/select_--Select--Schedule 1Inj'

2018-05-05 11:05:21 - [TEST_STEP][PASSED] - selectOptionByIndex: All options with index in [15] are selected on object 'Object Repository/Schedule 12/Page_KDMC - CMS/select_--Select--Baby sheet (R'

2018-05-05 11:05:22 - [MESSAGE][PASSED] - All options with index in [15] are selected on object 'Object Repository/Schedule 12/Page_KDMC - CMS/select_--Select--Baby sheet (R'

2018-05-05 11:05:22 - [TEST_STEP][PASSED] - setText: Text '50000' is set on object 'Object Repository/Schedule 12/Page_KDMC - CMS/input_txttreat'

2018-05-05 11:05:22 - [MESSAGE][PASSED] - Text '50000' is set on object 'Object Repository/Schedule 12/Page_KDMC - CMS/input_txttreat'

2018-05-05 11:05:22 - [TEST_STEP][PASSED] - click: Object: 'Object Repository/Schedule 12/Page_KDMC - CMS/button_Add' is clicked on

2018-05-05 11:05:22 - [MESSAGE][PASSED] - Object: 'Object Repository/Schedule 12/Page_KDMC - CMS/button_Add' is clicked on

2018-05-05 11:05:22 - [TEST_STEP][PASSED] - selectOptionByIndex: All options with index in [12] are selected on object 'Object Repository/Schedule 12/Page_KDMC - CMS/select_--Select--Schedule 1Inj'

2018-05-05 11:05:22 - [MESSAGE][PASSED] - All options with index in [12] are selected on object 'Object Repository/Schedule 12/Page_KDMC - CMS/select_--Select--Schedule 1Inj'

2018-05-05 11:05:22 - [TEST_STEP][PASSED] - selectOptionByIndex: All options with index in [16] are selected on object 'Object Repository/Schedule 12/Page_KDMC - CMS/select_--Select--Baby sheet (R'

2018-05-05 11:05:23 - [MESSAGE][PASSED] - All options with index in [16] are selected on object 'Object Repository/Schedule 12/Page_KDMC - CMS/select_--Select--Baby sheet (R'

2018-05-05 11:05:23 - [TEST_STEP][PASSED] - setText: Text '50000' is set on object 'Object Repository/Schedule 12/Page_KDMC - CMS/input_txttreat'

2018-05-05 11:05:23 - [MESSAGE][PASSED] - Text '50000' is set on object 'Object Repository/Schedule 12/Page_KDMC - CMS/input_txttreat'

2018-05-05 11:05:23 - [TEST_STEP][PASSED] - click: Object: 'Object Repository/Schedule 12/Page_KDMC - CMS/button_Add' is clicked on

2018-05-05 11:05:23 - [MESSAGE][PASSED] - Object: 'Object Repository/Schedule 12/Page_KDMC - CMS/button_Add' is clicked on

2018-05-05 11:05:23 - [TEST_STEP][PASSED] - selectOptionByIndex: All options with index in [12] are selected on object 'Object Repository/Schedule 12/Page_KDMC - CMS/select_--Select--Schedule 1Inj'

2018-05-05 11:05:24 - [MESSAGE][PASSED] - All options with index in [12] are selected on object 'Object Repository/Schedule 12/Page_KDMC - CMS/select_--Select--Schedule 1Inj'

2018-05-05 11:05:24 - [TEST_STEP][PASSED] - selectOptionByIndex: All options with index in [17] are selected on object 'Object Repository/Schedule 12/Page_KDMC - CMS/select_--Select--Baby sheet (R'

2018-05-05 11:05:24 - [MESSAGE][PASSED] - All options with index in [17] are selected on object 'Object Repository/Schedule 12/Page_KDMC - CMS/select_--Select--Baby sheet (R'

2018-05-05 11:05:24 - [TEST_STEP][PASSED] - setText: Text '50000' is set on object 'Object Repository/Schedule 12/Page_KDMC - CMS/input_txttreat'

2018-05-05 11:05:24 - [MESSAGE][PASSED] - Text '50000' is set on object 'Object Repository/Schedule 12/Page_KDMC - CMS/input_txttreat'

2018-05-05 11:05:24 - [TEST_STEP][PASSED] - click: Object: 'Object Repository/Schedule 12/Page_KDMC - CMS/button_Add' is clicked on

2018-05-05 11:05:25 - [MESSAGE][PASSED] - Object: 'Object Repository/Schedule 12/Page_KDMC - CMS/button_Add' is clicked on

2018-05-05 11:05:25 - [TEST_STEP][PASSED] - selectOptionByIndex: All options with index in [12] are selected on object 'Object Repository/Schedule 12/Page_KDMC - CMS/select_--Select--Schedule 1Inj'

2018-05-05 11:05:25 - [MESSAGE][PASSED] - All options with index in [12] are selected on object 'Object Repository/Schedule 12/Page_KDMC - CMS/select_--Select--Schedule 1Inj'

2018-05-05 11:05:25 - [TEST_STEP][PASSED] - selectOptionByIndex: All options with index in [18] are selected on object 'Object Repository/Schedule 12/Page_KDMC - CMS/select_--Select--Baby sheet (R'

2018-05-05 11:05:26 - [MESSAGE][PASSED] - All options with index in [18] are selected on object 'Object Repository/Schedule 12/Page_KDMC - CMS/select_--Select--Baby sheet (R'

2018-05-05 11:05:26 - [TEST_STEP][PASSED] - setText: Text '50000' is set on object 'Object Repository/Schedule 12/Page_KDMC - CMS/input_txttreat'

2018-05-05 11:05:26 - [MESSAGE][PASSED] - Text '50000' is set on object 'Object Repository/Schedule 12/Page_KDMC - CMS/input_txttreat'

2018-05-05 11:05:26 - [TEST_STEP][PASSED] - click: Object: 'Object Repository/Schedule 12/Page_KDMC - CMS/button_Add' is clicked on

2018-05-05 11:05:26 - [MESSAGE][PASSED] - Object: 'Object Repository/Schedule 12/Page_KDMC - CMS/button_Add' is clicked on

2018-05-05 11:05:26 - [TEST_STEP][PASSED] - selectOptionByIndex: All options with index in [12] are selected on object 'Object Repository/Schedule 12/Page_KDMC - CMS/select_--Select--Schedule 1Inj'

2018-05-05 11:05:26 - [MESSAGE][PASSED] - All options with index in [12] are selected on object 'Object Repository/Schedule 12/Page_KDMC - CMS/select_--Select--Schedule 1Inj'

2018-05-05 11:05:26 - [TEST_STEP][PASSED] - selectOptionByIndex: All options with index in [19] are selected on object 'Object Repository/Schedule 12/Page_KDMC - CMS/select_--Select--Baby sheet (R'

2018-05-05 11:05:27 - [MESSAGE][PASSED] - All options with index in [19] are selected on object 'Object Repository/Schedule 12/Page_KDMC - CMS/select_--Select--Baby sheet (R'

2018-05-05 11:05:27 - [TEST_STEP][PASSED] - setText: Text '50000' is set on object 'Object Repository/Schedule 12/Page_KDMC - CMS/input_txttreat'

2018-05-05 11:05:27 - [MESSAGE][PASSED] - Text '50000' is set on object 'Object Repository/Schedule 12/Page_KDMC - CMS/input_txttreat'

2018-05-05 11:05:27 - [TEST_STEP][PASSED] - click: Object: 'Object Repository/Schedule 12/Page_KDMC - CMS/button_Add' is clicked on

2018-05-05 11:05:27 - [MESSAGE][PASSED] - Object: 'Object Repository/Schedule 12/Page_KDMC - CMS/button_Add' is clicked on

2018-05-05 11:05:27 - [TEST_STEP][PASSED] - scrollToElement: Scroll to object 'Object Repository/Schedule 12/Page_KDMC - CMS/input_btnsave' successfully

2018-05-05 11:05:27 - [MESSAGE][PASSED] - Scroll to object 'Object Repository/Schedule 12/Page_KDMC - CMS/input_btnsave' successfully

2018-05-05 11:05:27 - [TEST_STEP][PASSED] - click: Object: 'Object Repository/Schedule 12/Page_KDMC - CMS/input_btnsave' is clicked on

2018-05-05 11:05:27 - [MESSAGE][PASSED] - Object: 'Object Repository/Schedule 12/Page_KDMC - CMS/input_btnsave' is clicked on

2018-05-05 11:05:27 - [TEST_STEP][PASSED] - delay: Delayed 3 second(s)

2018-05-05 11:05:30 - [MESSAGE][PASSED] - Delayed 3 second(s)

2018-05-05 11:05:30 - [TEST_STEP][PASSED] - click: Object: 'Object Repository/Schedule 12/Page_KDMC - CMS/button_OK' is clicked on

2018-05-05 11:05:30 - [MESSAGE][PASSED] - Object: 'Object Repository/Schedule 12/Page_KDMC - CMS/button_OK' is clicked on

2018-05-05 11:05:30 - [TEST_STEP][PASSED] - click: Object: 'Object Repository/Schedule 12/Page_KDMC - CMS/a_dropdown-toggle' is clicked on

2018-05-05 11:05:31 - [MESSAGE][PASSED] - Object: 'Object Repository/Schedule 12/Page_KDMC - CMS/a_dropdown-toggle' is clicked on

2018-05-05 11:05:31 - [TEST_STEP][PASSED] - click: Object: 'Object Repository/Schedule 12/Page_KDMC - CMS/a_Sign out' is clicked on

2018-05-05 11:05:31 - [MESSAGE][PASSED] - Object: 'Object Repository/Schedule 12/Page_KDMC - CMS/a_Sign out' is clicked on

2018-05-05 11:05:31 - [TEST_STEP][PASSED] - closeBrowser: Browser is closed

2018-05-05 11:05:32 - [MESSAGE][PASSED] - Browser is closed]]></system-out>
         <system-err><![CDATA[]]></system-err>
      </testcase>
      <system-out><![CDATA[2018-05-05 10:49:43 - [TEST_SUITE][FAILED] - Moh_Request: Test Cases/MOHTOCMSREQUEST/MohRequestSchedule2 FAILED because (of) Unable to click on object 'Object Repository/Schedule2/Page_KDMC - CMS/a_Sign out' (Root cause: org.openqa.selenium.ElementNotVisibleException: element not visible
  (Session info: chrome=66.0.3359.139)
  (Driver info: chromedriver=2.35.528161 (5b82f2d2aae0ca24b877009200ced9065a772e73),platform=Windows NT 10.0.16299 x86_64) (WARNING: The server did not provide any stacktrace information)
Command duration or timeout: 0 milliseconds
Build info: version: '3.7.1', revision: '8a0099a', time: '2017-11-06T21:07:36.161Z'
System info: host: 'DESKTOP-BLFTK83', ip: '192.168.71.2', os.name: 'Windows 10', os.arch: 'amd64', os.version: '10.0', java.version: '1.8.0_102'
Driver info: com.kms.katalon.selenium.driver.CChromeDriver
Capabilities {acceptInsecureCerts: false, acceptSslCerts: false, applicationCacheEnabled: false, browserConnectionEnabled: false, browserName: chrome, chrome: {chromedriverVersion: 2.35.528161 (5b82f2d2aae0ca..., userDataDir: C:\Users\QUALIT~1\AppData\L...}, cssSelectorsEnabled: true, databaseEnabled: false, handlesAlerts: true, hasTouchScreen: false, javascriptEnabled: true, locationContextEnabled: true, mobileEmulationEnabled: false, nativeEvents: true, networkConnectionEnabled: false, pageLoadStrategy: normal, platform: XP, platformName: XP, rotatable: false, setWindowRect: true, takesHeapSnapshot: true, takesScreenshot: true, unexpectedAlertBehaviour: , unhandledPromptBehavior: , version: 66.0.3359.139, webStorageEnabled: true}
Session ID: 1f6d3d3a75e37e8425597fcc09786ab6)]]></system-out>
      <system-err><![CDATA[2018-05-05 10:49:43 - [TEST_SUITE][FAILED] - Moh_Request: Test Cases/MOHTOCMSREQUEST/MohRequestSchedule2 FAILED because (of) Unable to click on object 'Object Repository/Schedule2/Page_KDMC - CMS/a_Sign out' (Root cause: org.openqa.selenium.ElementNotVisibleException: element not visible
  (Session info: chrome=66.0.3359.139)
  (Driver info: chromedriver=2.35.528161 (5b82f2d2aae0ca24b877009200ced9065a772e73),platform=Windows NT 10.0.16299 x86_64) (WARNING: The server did not provide any stacktrace information)
Command duration or timeout: 0 milliseconds
Build info: version: '3.7.1', revision: '8a0099a', time: '2017-11-06T21:07:36.161Z'
System info: host: 'DESKTOP-BLFTK83', ip: '192.168.71.2', os.name: 'Windows 10', os.arch: 'amd64', os.version: '10.0', java.version: '1.8.0_102'
Driver info: com.kms.katalon.selenium.driver.CChromeDriver
Capabilities {acceptInsecureCerts: false, acceptSslCerts: false, applicationCacheEnabled: false, browserConnectionEnabled: false, browserName: chrome, chrome: {chromedriverVersion: 2.35.528161 (5b82f2d2aae0ca..., userDataDir: C:\Users\QUALIT~1\AppData\L...}, cssSelectorsEnabled: true, databaseEnabled: false, handlesAlerts: true, hasTouchScreen: false, javascriptEnabled: true, locationContextEnabled: true, mobileEmulationEnabled: false, nativeEvents: true, networkConnectionEnabled: false, pageLoadStrategy: normal, platform: XP, platformName: XP, rotatable: false, setWindowRect: true, takesHeapSnapshot: true, takesScreenshot: true, unexpectedAlertBehaviour: , unhandledPromptBehavior: , version: 66.0.3359.139, webStorageEnabled: true}
Session ID: 1f6d3d3a75e37e8425597fcc09786ab6)]]></system-err>
   </testsuite>
</testsuites>
