<?xml version="1.0" encoding="UTF-8"?>
<testsuites name="HealthPost_CMS_Suite" time="631" tests="0" failures="0" errors="2">
   <testsuite name="HealthPost_CMS_Suite" tests="0" failures="0" errors="2" time="631" timestamp="2018-06-10 23:06:44" hostname="Quality Analyst - DESKTOP-BLFTK83" id="Test Suites/HealthPost_CMS_Suite">
      <properties>
         <property name="deviceName" value=""/>
         <property name="devicePlatform" value=""/>
         <property name="logFolder" value="C:\\Users\\Quality Analyst\\Katalon Studio\\ds\\Reports\\HealthPost_CMS_Suite\\20180610_230107"/>
         <property name="logFiles" value="C:\\Users\\Quality Analyst\\Katalon Studio\\ds\\Reports\\HealthPost_CMS_Suite\\20180610_230107\\execution0.log"/>
         <property name="attachments" value=""/>
         <property name="hostName" value="Quality Analyst - DESKTOP-BLFTK83"/>
         <property name="os" value="Windows 10 64bit"/>
         <property name="katalonVersion" value="5.4.2.1"/>
         <property name="browser" value="Chrome 66.0.3359.181"/>
         <property name="hostAddress" value="169.254.189.85"/>
         <property name="sessionId" value="c7bcf98d6a71e5ac9cdea896fc7e400e"/>
         <property name="seleniumVersion" value="3.7.1"/>
         <property name="proxyInformation" value="ProxyInformation{proxyOption=NO_PROXY, proxyServerType=HTTP, password=, proxyServerAddress=, proxyServerPort=0}"/>
         <property name="platform" value="Windows 10"/>
      </properties>
      <testcase name="Test Cases/HEALTHPOST TEST CASES/TC_HP_013 Verify Schedule 1 Healthpost To CMS Request Are Working Successfully Or Not" classname="Test Cases/HEALTHPOST TEST CASES/TC_HP_013 Verify Schedule 1 Healthpost To CMS Request Are Working Successfully Or Not" status="ERROR">
         <error type="ERROR" message="Test Cases/HEALTHPOST TEST CASES/TC_HP_013 Verify Schedule 1 Healthpost To CMS Request Are Working Successfully Or Not FAILED because (of) java.lang.NumberFormatException: For input string: &quot;&quot;"/>
         <system-out><![CDATA[2018-06-10 23:06:45 - [TEST_CASE][ERROR] - Test Cases/HEALTHPOST TEST CASES/TC_HP_013 Verify Schedule 1 Healthpost To CMS Request Are Working Successfully Or Not: Test Cases/HEALTHPOST TEST CASES/TC_HP_013 Verify Schedule 1 Healthpost To CMS Request Are Working Successfully Or Not FAILED because (of) java.lang.NumberFormatException: For input string: ""

2018-06-10 23:06:45 - [TEST_STEP][PASSED] - openBrowser: Browser is opened with url: ''

2018-06-10 23:06:48 - [MESSAGE][PASSED] - Browser is opened with url: ''

2018-06-10 23:06:48 - [TEST_STEP][PASSED] - navigateToUrl: Navigate to 'http://192.168.137.1/multihospital_new/HDSplashscreen.aspx' successfully

2018-06-10 23:06:50 - [MESSAGE][PASSED] - Navigate to 'http://192.168.137.1/multihospital_new/HDSplashscreen.aspx' successfully

2018-06-10 23:06:50 - [TEST_STEP][PASSED] - maximizeWindow: Current window maximized

2018-06-10 23:06:51 - [MESSAGE][PASSED] - Current window maximized

2018-06-10 23:06:51 - [TEST_STEP][PASSED] - click: Object: 'Object Repository/HealthpostToCms/Page_KDMC/a_Healthpost Store' is clicked on

2018-06-10 23:06:52 - [MESSAGE][PASSED] - Object: 'Object Repository/HealthpostToCms/Page_KDMC/a_Healthpost Store' is clicked on

2018-06-10 23:06:52 - [TEST_STEP][PASSED] - setText: Text 'raguram' is set on object 'Object Repository/HealthpostToCms/Page_HealthPost Store Login/input_txtusername'

2018-06-10 23:06:52 - [MESSAGE][PASSED] - Text 'raguram' is set on object 'Object Repository/HealthpostToCms/Page_HealthPost Store Login/input_txtusername'

2018-06-10 23:06:52 - [TEST_STEP][PASSED] - setText: Text '123' is set on object 'Object Repository/HealthpostToCms/Page_HealthPost Store Login/input_txtpassword'

2018-06-10 23:06:53 - [MESSAGE][PASSED] - Text '123' is set on object 'Object Repository/HealthpostToCms/Page_HealthPost Store Login/input_txtpassword'

2018-06-10 23:06:53 - [TEST_STEP][PASSED] - delay: Delayed 3 second(s)

2018-06-10 23:06:56 - [MESSAGE][PASSED] - Delayed 3 second(s)

2018-06-10 23:06:56 - [TEST_STEP][PASSED] - click: Object: 'Object Repository/HealthpostToCms/Page_HealthPost Store Login/button_Sign in' is clicked on

2018-06-10 23:06:57 - [MESSAGE][PASSED] - Object: 'Object Repository/HealthpostToCms/Page_HealthPost Store Login/button_Sign in' is clicked on

2018-06-10 23:06:57 - [TEST_STEP][PASSED] - delay: Delayed 3 second(s)

2018-06-10 23:07:00 - [MESSAGE][PASSED] - Delayed 3 second(s)

2018-06-10 23:07:00 - [TEST_STEP][PASSED] - click: Object: 'Object Repository/HealthpostToCms/Page_HealthPost Store/a_CMS' is clicked on

2018-06-10 23:07:00 - [MESSAGE][PASSED] - Object: 'Object Repository/HealthpostToCms/Page_HealthPost Store/a_CMS' is clicked on

2018-06-10 23:07:00 - [TEST_STEP][PASSED] - click: Object: 'Object Repository/HealthpostToCms/Page_HealthPost Store/a_Request Send' is clicked on

2018-06-10 23:07:00 - [MESSAGE][PASSED] - Object: 'Object Repository/HealthpostToCms/Page_HealthPost Store/a_Request Send' is clicked on

2018-06-10 23:07:00 - [TEST_STEP][PASSED] - delay: Delayed 2 second(s)

2018-06-10 23:07:02 - [MESSAGE][PASSED] - Delayed 2 second(s)

2018-06-10 23:07:02 - [TEST_STEP][PASSED] - selectOptionByIndex: All options with index in [2] are selected on object 'Object Repository/HealthpostToCms/Page_HealthPost Store/select_--Select--'

2018-06-10 23:07:02 - [MESSAGE][PASSED] - All options with index in [2] are selected on object 'Object Repository/HealthpostToCms/Page_HealthPost Store/select_--Select--'

2018-06-10 23:07:02 - [TEST_STEP][PASSED] - selectOptionByIndex: All options with index in [1] are selected on object 'Object Repository/HealthpostToCms/Page_HealthPost Store/select_--Select--Schedule 1Inj'

2018-06-10 23:07:03 - [MESSAGE][PASSED] - All options with index in [1] are selected on object 'Object Repository/HealthpostToCms/Page_HealthPost Store/select_--Select--Schedule 1Inj'

2018-06-10 23:07:03 - [TEST_STEP][PASSED] - Statement - medicineslength = com.kms.katalon.core.webui.keyword.WebUiBuiltInKeywords.getNumberOfTotalOption(com.kms.katalon.core.testobject.ObjectRepository.findTestObject(HealthpostToCms/Page_HealthPost Store/select_--Select--Adernaline 0.)): 63 options of object 'Object Repository/HealthpostToCms/Page_HealthPost Store/select_--Select--Adernaline 0.' counted

2018-06-10 23:07:03 - [MESSAGE][PASSED] - 63 options of object 'Object Repository/HealthpostToCms/Page_HealthPost Store/select_--Select--Adernaline 0.' counted

2018-06-10 23:07:03 - [TEST_STEP][PASSED] - Statement - For ([e = 1, e <= medicineslength - 1, (e++)]): Delayed 1 second(s)

2018-06-10 23:07:03 - [TEST_STEP][PASSED] - selectOptionByIndex: All options with index in [1] are selected on object 'Object Repository/HealthpostToCms/Page_HealthPost Store/select_--Select--Schedule 1Inj'

2018-06-10 23:07:03 - [MESSAGE][PASSED] - All options with index in [1] are selected on object 'Object Repository/HealthpostToCms/Page_HealthPost Store/select_--Select--Schedule 1Inj'

2018-06-10 23:07:03 - [TEST_STEP][PASSED] - delay: Delayed 1 second(s)

2018-06-10 23:07:04 - [MESSAGE][PASSED] - Delayed 1 second(s)

2018-06-10 23:07:04 - [TEST_STEP][PASSED] - selectOptionByIndex: All options with index in [1] are selected on object 'Object Repository/HealthpostToCms/Page_HealthPost Store/select_--Select--Adernaline 0.'

2018-06-10 23:07:04 - [MESSAGE][PASSED] - All options with index in [1] are selected on object 'Object Repository/HealthpostToCms/Page_HealthPost Store/select_--Select--Adernaline 0.'

2018-06-10 23:07:04 - [TEST_STEP][PASSED] - setText: Text '100' is set on object 'Object Repository/HealthpostToCms/Page_HealthPost Store/input_txttreat'

2018-06-10 23:07:04 - [MESSAGE][PASSED] - Text '100' is set on object 'Object Repository/HealthpostToCms/Page_HealthPost Store/input_txttreat'

2018-06-10 23:07:04 - [TEST_STEP][PASSED] - click: Object: 'Object Repository/HealthpostToCms/Page_HealthPost Store/button_Add' is clicked on

2018-06-10 23:07:04 - [MESSAGE][PASSED] - Object: 'Object Repository/HealthpostToCms/Page_HealthPost Store/button_Add' is clicked on

2018-06-10 23:07:04 - [TEST_STEP][PASSED] - delay: Delayed 1 second(s)

2018-06-10 23:07:05 - [MESSAGE][PASSED] - Delayed 1 second(s)

2018-06-10 23:07:05 - [TEST_STEP][PASSED] - selectOptionByIndex: All options with index in [1] are selected on object 'Object Repository/HealthpostToCms/Page_HealthPost Store/select_--Select--Schedule 1Inj'

2018-06-10 23:07:05 - [MESSAGE][PASSED] - All options with index in [1] are selected on object 'Object Repository/HealthpostToCms/Page_HealthPost Store/select_--Select--Schedule 1Inj'

2018-06-10 23:07:05 - [TEST_STEP][PASSED] - delay: Delayed 1 second(s)

2018-06-10 23:07:06 - [MESSAGE][PASSED] - Delayed 1 second(s)

2018-06-10 23:07:06 - [TEST_STEP][PASSED] - selectOptionByIndex: All options with index in [2] are selected on object 'Object Repository/HealthpostToCms/Page_HealthPost Store/select_--Select--Adernaline 0.'

2018-06-10 23:07:07 - [MESSAGE][PASSED] - All options with index in [2] are selected on object 'Object Repository/HealthpostToCms/Page_HealthPost Store/select_--Select--Adernaline 0.'

2018-06-10 23:07:07 - [TEST_STEP][PASSED] - setText: Text '100' is set on object 'Object Repository/HealthpostToCms/Page_HealthPost Store/input_txttreat'

2018-06-10 23:07:07 - [MESSAGE][PASSED] - Text '100' is set on object 'Object Repository/HealthpostToCms/Page_HealthPost Store/input_txttreat'

2018-06-10 23:07:07 - [TEST_STEP][PASSED] - click: Object: 'Object Repository/HealthpostToCms/Page_HealthPost Store/button_Add' is clicked on

2018-06-10 23:07:07 - [MESSAGE][PASSED] - Object: 'Object Repository/HealthpostToCms/Page_HealthPost Store/button_Add' is clicked on

2018-06-10 23:07:07 - [TEST_STEP][PASSED] - delay: Delayed 1 second(s)

2018-06-10 23:07:08 - [MESSAGE][PASSED] - Delayed 1 second(s)

2018-06-10 23:07:08 - [TEST_STEP][PASSED] - selectOptionByIndex: All options with index in [1] are selected on object 'Object Repository/HealthpostToCms/Page_HealthPost Store/select_--Select--Schedule 1Inj'

2018-06-10 23:07:08 - [MESSAGE][PASSED] - All options with index in [1] are selected on object 'Object Repository/HealthpostToCms/Page_HealthPost Store/select_--Select--Schedule 1Inj'

2018-06-10 23:07:08 - [TEST_STEP][PASSED] - delay: Delayed 1 second(s)

2018-06-10 23:07:09 - [MESSAGE][PASSED] - Delayed 1 second(s)

2018-06-10 23:07:09 - [TEST_STEP][PASSED] - selectOptionByIndex: All options with index in [3] are selected on object 'Object Repository/HealthpostToCms/Page_HealthPost Store/select_--Select--Adernaline 0.'

2018-06-10 23:07:09 - [MESSAGE][PASSED] - All options with index in [3] are selected on object 'Object Repository/HealthpostToCms/Page_HealthPost Store/select_--Select--Adernaline 0.'

2018-06-10 23:07:09 - [TEST_STEP][PASSED] - setText: Text '100' is set on object 'Object Repository/HealthpostToCms/Page_HealthPost Store/input_txttreat'

2018-06-10 23:07:09 - [MESSAGE][PASSED] - Text '100' is set on object 'Object Repository/HealthpostToCms/Page_HealthPost Store/input_txttreat'

2018-06-10 23:07:09 - [TEST_STEP][PASSED] - click: Object: 'Object Repository/HealthpostToCms/Page_HealthPost Store/button_Add' is clicked on

2018-06-10 23:07:09 - [MESSAGE][PASSED] - Object: 'Object Repository/HealthpostToCms/Page_HealthPost Store/button_Add' is clicked on

2018-06-10 23:07:09 - [TEST_STEP][PASSED] - delay: Delayed 1 second(s)

2018-06-10 23:07:10 - [MESSAGE][PASSED] - Delayed 1 second(s)

2018-06-10 23:07:10 - [TEST_STEP][PASSED] - selectOptionByIndex: All options with index in [1] are selected on object 'Object Repository/HealthpostToCms/Page_HealthPost Store/select_--Select--Schedule 1Inj'

2018-06-10 23:07:10 - [MESSAGE][PASSED] - All options with index in [1] are selected on object 'Object Repository/HealthpostToCms/Page_HealthPost Store/select_--Select--Schedule 1Inj'

2018-06-10 23:07:10 - [TEST_STEP][PASSED] - delay: Delayed 1 second(s)

2018-06-10 23:07:11 - [MESSAGE][PASSED] - Delayed 1 second(s)

2018-06-10 23:07:11 - [TEST_STEP][PASSED] - selectOptionByIndex: All options with index in [4] are selected on object 'Object Repository/HealthpostToCms/Page_HealthPost Store/select_--Select--Adernaline 0.'

2018-06-10 23:07:11 - [MESSAGE][PASSED] - All options with index in [4] are selected on object 'Object Repository/HealthpostToCms/Page_HealthPost Store/select_--Select--Adernaline 0.'

2018-06-10 23:07:11 - [TEST_STEP][PASSED] - setText: Text '100' is set on object 'Object Repository/HealthpostToCms/Page_HealthPost Store/input_txttreat'

2018-06-10 23:07:12 - [MESSAGE][PASSED] - Text '100' is set on object 'Object Repository/HealthpostToCms/Page_HealthPost Store/input_txttreat'

2018-06-10 23:07:12 - [TEST_STEP][PASSED] - click: Object: 'Object Repository/HealthpostToCms/Page_HealthPost Store/button_Add' is clicked on

2018-06-10 23:07:12 - [MESSAGE][PASSED] - Object: 'Object Repository/HealthpostToCms/Page_HealthPost Store/button_Add' is clicked on

2018-06-10 23:07:12 - [TEST_STEP][PASSED] - delay: Delayed 1 second(s)

2018-06-10 23:07:13 - [MESSAGE][PASSED] - Delayed 1 second(s)

2018-06-10 23:07:13 - [TEST_STEP][PASSED] - selectOptionByIndex: All options with index in [1] are selected on object 'Object Repository/HealthpostToCms/Page_HealthPost Store/select_--Select--Schedule 1Inj'

2018-06-10 23:07:13 - [MESSAGE][PASSED] - All options with index in [1] are selected on object 'Object Repository/HealthpostToCms/Page_HealthPost Store/select_--Select--Schedule 1Inj'

2018-06-10 23:07:13 - [TEST_STEP][PASSED] - delay: Delayed 1 second(s)

2018-06-10 23:07:14 - [MESSAGE][PASSED] - Delayed 1 second(s)

2018-06-10 23:07:14 - [TEST_STEP][PASSED] - selectOptionByIndex: All options with index in [5] are selected on object 'Object Repository/HealthpostToCms/Page_HealthPost Store/select_--Select--Adernaline 0.'

2018-06-10 23:07:14 - [MESSAGE][PASSED] - All options with index in [5] are selected on object 'Object Repository/HealthpostToCms/Page_HealthPost Store/select_--Select--Adernaline 0.'

2018-06-10 23:07:14 - [TEST_STEP][PASSED] - setText: Text '100' is set on object 'Object Repository/HealthpostToCms/Page_HealthPost Store/input_txttreat'

2018-06-10 23:07:14 - [MESSAGE][PASSED] - Text '100' is set on object 'Object Repository/HealthpostToCms/Page_HealthPost Store/input_txttreat'

2018-06-10 23:07:14 - [TEST_STEP][PASSED] - click: Object: 'Object Repository/HealthpostToCms/Page_HealthPost Store/button_Add' is clicked on

2018-06-10 23:07:14 - [MESSAGE][PASSED] - Object: 'Object Repository/HealthpostToCms/Page_HealthPost Store/button_Add' is clicked on

2018-06-10 23:07:14 - [TEST_STEP][PASSED] - delay: Delayed 1 second(s)

2018-06-10 23:07:15 - [MESSAGE][PASSED] - Delayed 1 second(s)

2018-06-10 23:07:15 - [TEST_STEP][PASSED] - selectOptionByIndex: All options with index in [1] are selected on object 'Object Repository/HealthpostToCms/Page_HealthPost Store/select_--Select--Schedule 1Inj'

2018-06-10 23:07:15 - [MESSAGE][PASSED] - All options with index in [1] are selected on object 'Object Repository/HealthpostToCms/Page_HealthPost Store/select_--Select--Schedule 1Inj'

2018-06-10 23:07:15 - [TEST_STEP][PASSED] - delay: Delayed 1 second(s)

2018-06-10 23:07:16 - [MESSAGE][PASSED] - Delayed 1 second(s)

2018-06-10 23:07:16 - [TEST_STEP][PASSED] - selectOptionByIndex: All options with index in [6] are selected on object 'Object Repository/HealthpostToCms/Page_HealthPost Store/select_--Select--Adernaline 0.'

2018-06-10 23:07:17 - [MESSAGE][PASSED] - All options with index in [6] are selected on object 'Object Repository/HealthpostToCms/Page_HealthPost Store/select_--Select--Adernaline 0.'

2018-06-10 23:07:17 - [TEST_STEP][PASSED] - setText: Text '100' is set on object 'Object Repository/HealthpostToCms/Page_HealthPost Store/input_txttreat'

2018-06-10 23:07:17 - [MESSAGE][PASSED] - Text '100' is set on object 'Object Repository/HealthpostToCms/Page_HealthPost Store/input_txttreat'

2018-06-10 23:07:17 - [TEST_STEP][PASSED] - click: Object: 'Object Repository/HealthpostToCms/Page_HealthPost Store/button_Add' is clicked on

2018-06-10 23:07:17 - [MESSAGE][PASSED] - Object: 'Object Repository/HealthpostToCms/Page_HealthPost Store/button_Add' is clicked on

2018-06-10 23:07:17 - [TEST_STEP][PASSED] - delay: Delayed 1 second(s)

2018-06-10 23:07:18 - [MESSAGE][PASSED] - Delayed 1 second(s)

2018-06-10 23:07:18 - [TEST_STEP][PASSED] - selectOptionByIndex: All options with index in [1] are selected on object 'Object Repository/HealthpostToCms/Page_HealthPost Store/select_--Select--Schedule 1Inj'

2018-06-10 23:07:18 - [MESSAGE][PASSED] - All options with index in [1] are selected on object 'Object Repository/HealthpostToCms/Page_HealthPost Store/select_--Select--Schedule 1Inj'

2018-06-10 23:07:18 - [TEST_STEP][PASSED] - delay: Delayed 1 second(s)

2018-06-10 23:07:19 - [MESSAGE][PASSED] - Delayed 1 second(s)

2018-06-10 23:07:19 - [TEST_STEP][PASSED] - selectOptionByIndex: All options with index in [7] are selected on object 'Object Repository/HealthpostToCms/Page_HealthPost Store/select_--Select--Adernaline 0.'

2018-06-10 23:07:19 - [MESSAGE][PASSED] - All options with index in [7] are selected on object 'Object Repository/HealthpostToCms/Page_HealthPost Store/select_--Select--Adernaline 0.'

2018-06-10 23:07:19 - [TEST_STEP][PASSED] - setText: Text '100' is set on object 'Object Repository/HealthpostToCms/Page_HealthPost Store/input_txttreat'

2018-06-10 23:07:19 - [MESSAGE][PASSED] - Text '100' is set on object 'Object Repository/HealthpostToCms/Page_HealthPost Store/input_txttreat'

2018-06-10 23:07:19 - [TEST_STEP][PASSED] - click: Object: 'Object Repository/HealthpostToCms/Page_HealthPost Store/button_Add' is clicked on

2018-06-10 23:07:19 - [MESSAGE][PASSED] - Object: 'Object Repository/HealthpostToCms/Page_HealthPost Store/button_Add' is clicked on

2018-06-10 23:07:19 - [TEST_STEP][PASSED] - delay: Delayed 1 second(s)

2018-06-10 23:07:20 - [MESSAGE][PASSED] - Delayed 1 second(s)

2018-06-10 23:07:20 - [TEST_STEP][PASSED] - selectOptionByIndex: All options with index in [1] are selected on object 'Object Repository/HealthpostToCms/Page_HealthPost Store/select_--Select--Schedule 1Inj'

2018-06-10 23:07:20 - [MESSAGE][PASSED] - All options with index in [1] are selected on object 'Object Repository/HealthpostToCms/Page_HealthPost Store/select_--Select--Schedule 1Inj'

2018-06-10 23:07:20 - [TEST_STEP][PASSED] - delay: Delayed 1 second(s)

2018-06-10 23:07:21 - [MESSAGE][PASSED] - Delayed 1 second(s)

2018-06-10 23:07:21 - [TEST_STEP][PASSED] - selectOptionByIndex: All options with index in [8] are selected on object 'Object Repository/HealthpostToCms/Page_HealthPost Store/select_--Select--Adernaline 0.'

2018-06-10 23:07:22 - [MESSAGE][PASSED] - All options with index in [8] are selected on object 'Object Repository/HealthpostToCms/Page_HealthPost Store/select_--Select--Adernaline 0.'

2018-06-10 23:07:22 - [TEST_STEP][PASSED] - setText: Text '100' is set on object 'Object Repository/HealthpostToCms/Page_HealthPost Store/input_txttreat'

2018-06-10 23:07:22 - [MESSAGE][PASSED] - Text '100' is set on object 'Object Repository/HealthpostToCms/Page_HealthPost Store/input_txttreat'

2018-06-10 23:07:22 - [TEST_STEP][PASSED] - click: Object: 'Object Repository/HealthpostToCms/Page_HealthPost Store/button_Add' is clicked on

2018-06-10 23:07:22 - [MESSAGE][PASSED] - Object: 'Object Repository/HealthpostToCms/Page_HealthPost Store/button_Add' is clicked on

2018-06-10 23:07:22 - [TEST_STEP][PASSED] - delay: Delayed 1 second(s)

2018-06-10 23:07:23 - [MESSAGE][PASSED] - Delayed 1 second(s)

2018-06-10 23:07:23 - [TEST_STEP][PASSED] - selectOptionByIndex: All options with index in [1] are selected on object 'Object Repository/HealthpostToCms/Page_HealthPost Store/select_--Select--Schedule 1Inj'

2018-06-10 23:07:23 - [MESSAGE][PASSED] - All options with index in [1] are selected on object 'Object Repository/HealthpostToCms/Page_HealthPost Store/select_--Select--Schedule 1Inj'

2018-06-10 23:07:23 - [TEST_STEP][PASSED] - delay: Delayed 1 second(s)

2018-06-10 23:07:24 - [MESSAGE][PASSED] - Delayed 1 second(s)

2018-06-10 23:07:24 - [TEST_STEP][PASSED] - selectOptionByIndex: All options with index in [9] are selected on object 'Object Repository/HealthpostToCms/Page_HealthPost Store/select_--Select--Adernaline 0.'

2018-06-10 23:07:24 - [MESSAGE][PASSED] - All options with index in [9] are selected on object 'Object Repository/HealthpostToCms/Page_HealthPost Store/select_--Select--Adernaline 0.'

2018-06-10 23:07:24 - [TEST_STEP][PASSED] - setText: Text '100' is set on object 'Object Repository/HealthpostToCms/Page_HealthPost Store/input_txttreat'

2018-06-10 23:07:24 - [MESSAGE][PASSED] - Text '100' is set on object 'Object Repository/HealthpostToCms/Page_HealthPost Store/input_txttreat'

2018-06-10 23:07:24 - [TEST_STEP][PASSED] - click: Object: 'Object Repository/HealthpostToCms/Page_HealthPost Store/button_Add' is clicked on

2018-06-10 23:07:24 - [MESSAGE][PASSED] - Object: 'Object Repository/HealthpostToCms/Page_HealthPost Store/button_Add' is clicked on

2018-06-10 23:07:24 - [TEST_STEP][PASSED] - delay: Delayed 1 second(s)

2018-06-10 23:07:25 - [MESSAGE][PASSED] - Delayed 1 second(s)

2018-06-10 23:07:25 - [TEST_STEP][PASSED] - selectOptionByIndex: All options with index in [1] are selected on object 'Object Repository/HealthpostToCms/Page_HealthPost Store/select_--Select--Schedule 1Inj'

2018-06-10 23:07:25 - [MESSAGE][PASSED] - All options with index in [1] are selected on object 'Object Repository/HealthpostToCms/Page_HealthPost Store/select_--Select--Schedule 1Inj'

2018-06-10 23:07:25 - [TEST_STEP][PASSED] - delay: Delayed 1 second(s)

2018-06-10 23:07:26 - [MESSAGE][PASSED] - Delayed 1 second(s)

2018-06-10 23:07:26 - [TEST_STEP][PASSED] - selectOptionByIndex: All options with index in [10] are selected on object 'Object Repository/HealthpostToCms/Page_HealthPost Store/select_--Select--Adernaline 0.'

2018-06-10 23:07:27 - [MESSAGE][PASSED] - All options with index in [10] are selected on object 'Object Repository/HealthpostToCms/Page_HealthPost Store/select_--Select--Adernaline 0.'

2018-06-10 23:07:27 - [TEST_STEP][PASSED] - setText: Text '100' is set on object 'Object Repository/HealthpostToCms/Page_HealthPost Store/input_txttreat'

2018-06-10 23:07:27 - [MESSAGE][PASSED] - Text '100' is set on object 'Object Repository/HealthpostToCms/Page_HealthPost Store/input_txttreat'

2018-06-10 23:07:27 - [TEST_STEP][PASSED] - click: Object: 'Object Repository/HealthpostToCms/Page_HealthPost Store/button_Add' is clicked on

2018-06-10 23:07:27 - [MESSAGE][PASSED] - Object: 'Object Repository/HealthpostToCms/Page_HealthPost Store/button_Add' is clicked on

2018-06-10 23:07:27 - [TEST_STEP][PASSED] - delay: Delayed 1 second(s)

2018-06-10 23:07:28 - [MESSAGE][PASSED] - Delayed 1 second(s)

2018-06-10 23:07:28 - [TEST_STEP][PASSED] - selectOptionByIndex: All options with index in [1] are selected on object 'Object Repository/HealthpostToCms/Page_HealthPost Store/select_--Select--Schedule 1Inj'

2018-06-10 23:07:28 - [MESSAGE][PASSED] - All options with index in [1] are selected on object 'Object Repository/HealthpostToCms/Page_HealthPost Store/select_--Select--Schedule 1Inj'

2018-06-10 23:07:28 - [TEST_STEP][PASSED] - delay: Delayed 1 second(s)

2018-06-10 23:07:29 - [MESSAGE][PASSED] - Delayed 1 second(s)

2018-06-10 23:07:29 - [TEST_STEP][PASSED] - selectOptionByIndex: All options with index in [11] are selected on object 'Object Repository/HealthpostToCms/Page_HealthPost Store/select_--Select--Adernaline 0.'

2018-06-10 23:07:29 - [MESSAGE][PASSED] - All options with index in [11] are selected on object 'Object Repository/HealthpostToCms/Page_HealthPost Store/select_--Select--Adernaline 0.'

2018-06-10 23:07:29 - [TEST_STEP][PASSED] - setText: Text '100' is set on object 'Object Repository/HealthpostToCms/Page_HealthPost Store/input_txttreat'

2018-06-10 23:07:29 - [MESSAGE][PASSED] - Text '100' is set on object 'Object Repository/HealthpostToCms/Page_HealthPost Store/input_txttreat'

2018-06-10 23:07:29 - [TEST_STEP][PASSED] - click: Object: 'Object Repository/HealthpostToCms/Page_HealthPost Store/button_Add' is clicked on

2018-06-10 23:07:29 - [MESSAGE][PASSED] - Object: 'Object Repository/HealthpostToCms/Page_HealthPost Store/button_Add' is clicked on

2018-06-10 23:07:29 - [TEST_STEP][PASSED] - delay: Delayed 1 second(s)

2018-06-10 23:07:30 - [MESSAGE][PASSED] - Delayed 1 second(s)

2018-06-10 23:07:30 - [TEST_STEP][PASSED] - selectOptionByIndex: All options with index in [1] are selected on object 'Object Repository/HealthpostToCms/Page_HealthPost Store/select_--Select--Schedule 1Inj'

2018-06-10 23:07:31 - [MESSAGE][PASSED] - All options with index in [1] are selected on object 'Object Repository/HealthpostToCms/Page_HealthPost Store/select_--Select--Schedule 1Inj'

2018-06-10 23:07:31 - [TEST_STEP][PASSED] - delay: Delayed 1 second(s)

2018-06-10 23:07:32 - [MESSAGE][PASSED] - Delayed 1 second(s)

2018-06-10 23:07:32 - [TEST_STEP][PASSED] - selectOptionByIndex: All options with index in [12] are selected on object 'Object Repository/HealthpostToCms/Page_HealthPost Store/select_--Select--Adernaline 0.'

2018-06-10 23:07:32 - [MESSAGE][PASSED] - All options with index in [12] are selected on object 'Object Repository/HealthpostToCms/Page_HealthPost Store/select_--Select--Adernaline 0.'

2018-06-10 23:07:32 - [TEST_STEP][PASSED] - setText: Text '100' is set on object 'Object Repository/HealthpostToCms/Page_HealthPost Store/input_txttreat'

2018-06-10 23:07:32 - [MESSAGE][PASSED] - Text '100' is set on object 'Object Repository/HealthpostToCms/Page_HealthPost Store/input_txttreat'

2018-06-10 23:07:32 - [TEST_STEP][PASSED] - click: Object: 'Object Repository/HealthpostToCms/Page_HealthPost Store/button_Add' is clicked on

2018-06-10 23:07:32 - [MESSAGE][PASSED] - Object: 'Object Repository/HealthpostToCms/Page_HealthPost Store/button_Add' is clicked on

2018-06-10 23:07:32 - [TEST_STEP][PASSED] - delay: Delayed 1 second(s)

2018-06-10 23:07:33 - [MESSAGE][PASSED] - Delayed 1 second(s)

2018-06-10 23:07:33 - [TEST_STEP][PASSED] - selectOptionByIndex: All options with index in [1] are selected on object 'Object Repository/HealthpostToCms/Page_HealthPost Store/select_--Select--Schedule 1Inj'

2018-06-10 23:07:33 - [MESSAGE][PASSED] - All options with index in [1] are selected on object 'Object Repository/HealthpostToCms/Page_HealthPost Store/select_--Select--Schedule 1Inj'

2018-06-10 23:07:33 - [TEST_STEP][PASSED] - delay: Delayed 1 second(s)

2018-06-10 23:07:34 - [MESSAGE][PASSED] - Delayed 1 second(s)

2018-06-10 23:07:34 - [TEST_STEP][PASSED] - selectOptionByIndex: All options with index in [13] are selected on object 'Object Repository/HealthpostToCms/Page_HealthPost Store/select_--Select--Adernaline 0.'

2018-06-10 23:07:34 - [MESSAGE][PASSED] - All options with index in [13] are selected on object 'Object Repository/HealthpostToCms/Page_HealthPost Store/select_--Select--Adernaline 0.'

2018-06-10 23:07:34 - [TEST_STEP][PASSED] - setText: Text '100' is set on object 'Object Repository/HealthpostToCms/Page_HealthPost Store/input_txttreat'

2018-06-10 23:07:35 - [MESSAGE][PASSED] - Text '100' is set on object 'Object Repository/HealthpostToCms/Page_HealthPost Store/input_txttreat'

2018-06-10 23:07:35 - [TEST_STEP][PASSED] - click: Object: 'Object Repository/HealthpostToCms/Page_HealthPost Store/button_Add' is clicked on

2018-06-10 23:07:35 - [MESSAGE][PASSED] - Object: 'Object Repository/HealthpostToCms/Page_HealthPost Store/button_Add' is clicked on

2018-06-10 23:07:35 - [TEST_STEP][PASSED] - delay: Delayed 1 second(s)

2018-06-10 23:07:36 - [MESSAGE][PASSED] - Delayed 1 second(s)

2018-06-10 23:07:36 - [TEST_STEP][PASSED] - selectOptionByIndex: All options with index in [1] are selected on object 'Object Repository/HealthpostToCms/Page_HealthPost Store/select_--Select--Schedule 1Inj'

2018-06-10 23:07:36 - [MESSAGE][PASSED] - All options with index in [1] are selected on object 'Object Repository/HealthpostToCms/Page_HealthPost Store/select_--Select--Schedule 1Inj'

2018-06-10 23:07:36 - [TEST_STEP][PASSED] - delay: Delayed 1 second(s)

2018-06-10 23:07:37 - [MESSAGE][PASSED] - Delayed 1 second(s)

2018-06-10 23:07:37 - [TEST_STEP][PASSED] - selectOptionByIndex: All options with index in [14] are selected on object 'Object Repository/HealthpostToCms/Page_HealthPost Store/select_--Select--Adernaline 0.'

2018-06-10 23:07:37 - [MESSAGE][PASSED] - All options with index in [14] are selected on object 'Object Repository/HealthpostToCms/Page_HealthPost Store/select_--Select--Adernaline 0.'

2018-06-10 23:07:37 - [TEST_STEP][PASSED] - setText: Text '100' is set on object 'Object Repository/HealthpostToCms/Page_HealthPost Store/input_txttreat'

2018-06-10 23:07:37 - [MESSAGE][PASSED] - Text '100' is set on object 'Object Repository/HealthpostToCms/Page_HealthPost Store/input_txttreat'

2018-06-10 23:07:37 - [TEST_STEP][PASSED] - click: Object: 'Object Repository/HealthpostToCms/Page_HealthPost Store/button_Add' is clicked on

2018-06-10 23:07:37 - [MESSAGE][PASSED] - Object: 'Object Repository/HealthpostToCms/Page_HealthPost Store/button_Add' is clicked on

2018-06-10 23:07:37 - [TEST_STEP][PASSED] - delay: Delayed 1 second(s)

2018-06-10 23:07:38 - [MESSAGE][PASSED] - Delayed 1 second(s)

2018-06-10 23:07:38 - [TEST_STEP][PASSED] - selectOptionByIndex: All options with index in [1] are selected on object 'Object Repository/HealthpostToCms/Page_HealthPost Store/select_--Select--Schedule 1Inj'

2018-06-10 23:07:38 - [MESSAGE][PASSED] - All options with index in [1] are selected on object 'Object Repository/HealthpostToCms/Page_HealthPost Store/select_--Select--Schedule 1Inj'

2018-06-10 23:07:38 - [TEST_STEP][PASSED] - delay: Delayed 1 second(s)

2018-06-10 23:07:39 - [MESSAGE][PASSED] - Delayed 1 second(s)

2018-06-10 23:07:39 - [TEST_STEP][PASSED] - selectOptionByIndex: All options with index in [15] are selected on object 'Object Repository/HealthpostToCms/Page_HealthPost Store/select_--Select--Adernaline 0.'

2018-06-10 23:07:40 - [MESSAGE][PASSED] - All options with index in [15] are selected on object 'Object Repository/HealthpostToCms/Page_HealthPost Store/select_--Select--Adernaline 0.'

2018-06-10 23:07:40 - [TEST_STEP][PASSED] - setText: Text '100' is set on object 'Object Repository/HealthpostToCms/Page_HealthPost Store/input_txttreat'

2018-06-10 23:07:40 - [MESSAGE][PASSED] - Text '100' is set on object 'Object Repository/HealthpostToCms/Page_HealthPost Store/input_txttreat'

2018-06-10 23:07:40 - [TEST_STEP][PASSED] - click: Object: 'Object Repository/HealthpostToCms/Page_HealthPost Store/button_Add' is clicked on

2018-06-10 23:07:40 - [MESSAGE][PASSED] - Object: 'Object Repository/HealthpostToCms/Page_HealthPost Store/button_Add' is clicked on

2018-06-10 23:07:40 - [TEST_STEP][PASSED] - delay: Delayed 1 second(s)

2018-06-10 23:07:41 - [MESSAGE][PASSED] - Delayed 1 second(s)

2018-06-10 23:07:41 - [TEST_STEP][PASSED] - selectOptionByIndex: All options with index in [1] are selected on object 'Object Repository/HealthpostToCms/Page_HealthPost Store/select_--Select--Schedule 1Inj'

2018-06-10 23:07:41 - [MESSAGE][PASSED] - All options with index in [1] are selected on object 'Object Repository/HealthpostToCms/Page_HealthPost Store/select_--Select--Schedule 1Inj'

2018-06-10 23:07:41 - [TEST_STEP][PASSED] - delay: Delayed 1 second(s)

2018-06-10 23:07:42 - [MESSAGE][PASSED] - Delayed 1 second(s)

2018-06-10 23:07:42 - [TEST_STEP][PASSED] - selectOptionByIndex: All options with index in [16] are selected on object 'Object Repository/HealthpostToCms/Page_HealthPost Store/select_--Select--Adernaline 0.'

2018-06-10 23:07:42 - [MESSAGE][PASSED] - All options with index in [16] are selected on object 'Object Repository/HealthpostToCms/Page_HealthPost Store/select_--Select--Adernaline 0.'

2018-06-10 23:07:42 - [TEST_STEP][PASSED] - setText: Text '100' is set on object 'Object Repository/HealthpostToCms/Page_HealthPost Store/input_txttreat'

2018-06-10 23:07:42 - [MESSAGE][PASSED] - Text '100' is set on object 'Object Repository/HealthpostToCms/Page_HealthPost Store/input_txttreat'

2018-06-10 23:07:42 - [TEST_STEP][PASSED] - click: Object: 'Object Repository/HealthpostToCms/Page_HealthPost Store/button_Add' is clicked on

2018-06-10 23:07:42 - [MESSAGE][PASSED] - Object: 'Object Repository/HealthpostToCms/Page_HealthPost Store/button_Add' is clicked on

2018-06-10 23:07:42 - [TEST_STEP][PASSED] - delay: Delayed 1 second(s)

2018-06-10 23:07:43 - [MESSAGE][PASSED] - Delayed 1 second(s)

2018-06-10 23:07:43 - [TEST_STEP][PASSED] - selectOptionByIndex: All options with index in [1] are selected on object 'Object Repository/HealthpostToCms/Page_HealthPost Store/select_--Select--Schedule 1Inj'

2018-06-10 23:07:44 - [MESSAGE][PASSED] - All options with index in [1] are selected on object 'Object Repository/HealthpostToCms/Page_HealthPost Store/select_--Select--Schedule 1Inj'

2018-06-10 23:07:44 - [TEST_STEP][PASSED] - delay: Delayed 1 second(s)

2018-06-10 23:07:45 - [MESSAGE][PASSED] - Delayed 1 second(s)

2018-06-10 23:07:45 - [TEST_STEP][PASSED] - selectOptionByIndex: All options with index in [17] are selected on object 'Object Repository/HealthpostToCms/Page_HealthPost Store/select_--Select--Adernaline 0.'

2018-06-10 23:07:45 - [MESSAGE][PASSED] - All options with index in [17] are selected on object 'Object Repository/HealthpostToCms/Page_HealthPost Store/select_--Select--Adernaline 0.'

2018-06-10 23:07:45 - [TEST_STEP][PASSED] - setText: Text '100' is set on object 'Object Repository/HealthpostToCms/Page_HealthPost Store/input_txttreat'

2018-06-10 23:07:45 - [MESSAGE][PASSED] - Text '100' is set on object 'Object Repository/HealthpostToCms/Page_HealthPost Store/input_txttreat'

2018-06-10 23:07:45 - [TEST_STEP][PASSED] - click: Object: 'Object Repository/HealthpostToCms/Page_HealthPost Store/button_Add' is clicked on

2018-06-10 23:07:45 - [MESSAGE][PASSED] - Object: 'Object Repository/HealthpostToCms/Page_HealthPost Store/button_Add' is clicked on

2018-06-10 23:07:45 - [TEST_STEP][PASSED] - delay: Delayed 1 second(s)

2018-06-10 23:07:46 - [MESSAGE][PASSED] - Delayed 1 second(s)

2018-06-10 23:07:46 - [TEST_STEP][PASSED] - selectOptionByIndex: All options with index in [1] are selected on object 'Object Repository/HealthpostToCms/Page_HealthPost Store/select_--Select--Schedule 1Inj'

2018-06-10 23:07:46 - [MESSAGE][PASSED] - All options with index in [1] are selected on object 'Object Repository/HealthpostToCms/Page_HealthPost Store/select_--Select--Schedule 1Inj'

2018-06-10 23:07:46 - [TEST_STEP][PASSED] - delay: Delayed 1 second(s)

2018-06-10 23:07:47 - [MESSAGE][PASSED] - Delayed 1 second(s)

2018-06-10 23:07:47 - [TEST_STEP][PASSED] - selectOptionByIndex: All options with index in [18] are selected on object 'Object Repository/HealthpostToCms/Page_HealthPost Store/select_--Select--Adernaline 0.'

2018-06-10 23:07:48 - [MESSAGE][PASSED] - All options with index in [18] are selected on object 'Object Repository/HealthpostToCms/Page_HealthPost Store/select_--Select--Adernaline 0.'

2018-06-10 23:07:48 - [TEST_STEP][PASSED] - setText: Text '100' is set on object 'Object Repository/HealthpostToCms/Page_HealthPost Store/input_txttreat'

2018-06-10 23:07:48 - [MESSAGE][PASSED] - Text '100' is set on object 'Object Repository/HealthpostToCms/Page_HealthPost Store/input_txttreat'

2018-06-10 23:07:48 - [TEST_STEP][PASSED] - click: Object: 'Object Repository/HealthpostToCms/Page_HealthPost Store/button_Add' is clicked on

2018-06-10 23:07:48 - [MESSAGE][PASSED] - Object: 'Object Repository/HealthpostToCms/Page_HealthPost Store/button_Add' is clicked on

2018-06-10 23:07:48 - [TEST_STEP][PASSED] - delay: Delayed 1 second(s)

2018-06-10 23:07:49 - [MESSAGE][PASSED] - Delayed 1 second(s)

2018-06-10 23:07:49 - [TEST_STEP][PASSED] - selectOptionByIndex: All options with index in [1] are selected on object 'Object Repository/HealthpostToCms/Page_HealthPost Store/select_--Select--Schedule 1Inj'

2018-06-10 23:07:49 - [MESSAGE][PASSED] - All options with index in [1] are selected on object 'Object Repository/HealthpostToCms/Page_HealthPost Store/select_--Select--Schedule 1Inj'

2018-06-10 23:07:49 - [TEST_STEP][PASSED] - delay: Delayed 1 second(s)

2018-06-10 23:07:50 - [MESSAGE][PASSED] - Delayed 1 second(s)

2018-06-10 23:07:50 - [TEST_STEP][PASSED] - selectOptionByIndex: All options with index in [19] are selected on object 'Object Repository/HealthpostToCms/Page_HealthPost Store/select_--Select--Adernaline 0.'

2018-06-10 23:07:50 - [MESSAGE][PASSED] - All options with index in [19] are selected on object 'Object Repository/HealthpostToCms/Page_HealthPost Store/select_--Select--Adernaline 0.'

2018-06-10 23:07:50 - [TEST_STEP][PASSED] - setText: Text '100' is set on object 'Object Repository/HealthpostToCms/Page_HealthPost Store/input_txttreat'

2018-06-10 23:07:50 - [MESSAGE][PASSED] - Text '100' is set on object 'Object Repository/HealthpostToCms/Page_HealthPost Store/input_txttreat'

2018-06-10 23:07:50 - [TEST_STEP][PASSED] - click: Object: 'Object Repository/HealthpostToCms/Page_HealthPost Store/button_Add' is clicked on

2018-06-10 23:07:50 - [MESSAGE][PASSED] - Object: 'Object Repository/HealthpostToCms/Page_HealthPost Store/button_Add' is clicked on

2018-06-10 23:07:50 - [TEST_STEP][PASSED] - delay: Delayed 1 second(s)

2018-06-10 23:07:51 - [MESSAGE][PASSED] - Delayed 1 second(s)

2018-06-10 23:07:51 - [TEST_STEP][PASSED] - selectOptionByIndex: All options with index in [1] are selected on object 'Object Repository/HealthpostToCms/Page_HealthPost Store/select_--Select--Schedule 1Inj'

2018-06-10 23:07:51 - [MESSAGE][PASSED] - All options with index in [1] are selected on object 'Object Repository/HealthpostToCms/Page_HealthPost Store/select_--Select--Schedule 1Inj'

2018-06-10 23:07:51 - [TEST_STEP][PASSED] - delay: Delayed 1 second(s)

2018-06-10 23:07:52 - [MESSAGE][PASSED] - Delayed 1 second(s)

2018-06-10 23:07:52 - [TEST_STEP][PASSED] - selectOptionByIndex: All options with index in [20] are selected on object 'Object Repository/HealthpostToCms/Page_HealthPost Store/select_--Select--Adernaline 0.'

2018-06-10 23:07:53 - [MESSAGE][PASSED] - All options with index in [20] are selected on object 'Object Repository/HealthpostToCms/Page_HealthPost Store/select_--Select--Adernaline 0.'

2018-06-10 23:07:53 - [TEST_STEP][PASSED] - setText: Text '100' is set on object 'Object Repository/HealthpostToCms/Page_HealthPost Store/input_txttreat'

2018-06-10 23:07:53 - [MESSAGE][PASSED] - Text '100' is set on object 'Object Repository/HealthpostToCms/Page_HealthPost Store/input_txttreat'

2018-06-10 23:07:53 - [TEST_STEP][PASSED] - click: Object: 'Object Repository/HealthpostToCms/Page_HealthPost Store/button_Add' is clicked on

2018-06-10 23:07:53 - [MESSAGE][PASSED] - Object: 'Object Repository/HealthpostToCms/Page_HealthPost Store/button_Add' is clicked on

2018-06-10 23:07:53 - [TEST_STEP][PASSED] - delay: Delayed 1 second(s)

2018-06-10 23:07:54 - [MESSAGE][PASSED] - Delayed 1 second(s)

2018-06-10 23:07:54 - [TEST_STEP][PASSED] - selectOptionByIndex: All options with index in [1] are selected on object 'Object Repository/HealthpostToCms/Page_HealthPost Store/select_--Select--Schedule 1Inj'

2018-06-10 23:07:54 - [MESSAGE][PASSED] - All options with index in [1] are selected on object 'Object Repository/HealthpostToCms/Page_HealthPost Store/select_--Select--Schedule 1Inj'

2018-06-10 23:07:54 - [TEST_STEP][PASSED] - delay: Delayed 1 second(s)

2018-06-10 23:07:55 - [MESSAGE][PASSED] - Delayed 1 second(s)

2018-06-10 23:07:55 - [TEST_STEP][PASSED] - selectOptionByIndex: All options with index in [21] are selected on object 'Object Repository/HealthpostToCms/Page_HealthPost Store/select_--Select--Adernaline 0.'

2018-06-10 23:07:56 - [MESSAGE][PASSED] - All options with index in [21] are selected on object 'Object Repository/HealthpostToCms/Page_HealthPost Store/select_--Select--Adernaline 0.'

2018-06-10 23:07:56 - [TEST_STEP][PASSED] - setText: Text '100' is set on object 'Object Repository/HealthpostToCms/Page_HealthPost Store/input_txttreat'

2018-06-10 23:07:56 - [MESSAGE][PASSED] - Text '100' is set on object 'Object Repository/HealthpostToCms/Page_HealthPost Store/input_txttreat'

2018-06-10 23:07:56 - [TEST_STEP][PASSED] - click: Object: 'Object Repository/HealthpostToCms/Page_HealthPost Store/button_Add' is clicked on

2018-06-10 23:07:56 - [MESSAGE][PASSED] - Object: 'Object Repository/HealthpostToCms/Page_HealthPost Store/button_Add' is clicked on

2018-06-10 23:07:56 - [TEST_STEP][PASSED] - delay: Delayed 1 second(s)

2018-06-10 23:07:57 - [MESSAGE][PASSED] - Delayed 1 second(s)

2018-06-10 23:07:57 - [TEST_STEP][PASSED] - selectOptionByIndex: All options with index in [1] are selected on object 'Object Repository/HealthpostToCms/Page_HealthPost Store/select_--Select--Schedule 1Inj'

2018-06-10 23:07:57 - [MESSAGE][PASSED] - All options with index in [1] are selected on object 'Object Repository/HealthpostToCms/Page_HealthPost Store/select_--Select--Schedule 1Inj'

2018-06-10 23:07:57 - [TEST_STEP][PASSED] - delay: Delayed 1 second(s)

2018-06-10 23:07:58 - [MESSAGE][PASSED] - Delayed 1 second(s)

2018-06-10 23:07:58 - [TEST_STEP][PASSED] - selectOptionByIndex: All options with index in [22] are selected on object 'Object Repository/HealthpostToCms/Page_HealthPost Store/select_--Select--Adernaline 0.'

2018-06-10 23:07:58 - [MESSAGE][PASSED] - All options with index in [22] are selected on object 'Object Repository/HealthpostToCms/Page_HealthPost Store/select_--Select--Adernaline 0.'

2018-06-10 23:07:58 - [TEST_STEP][PASSED] - setText: Text '100' is set on object 'Object Repository/HealthpostToCms/Page_HealthPost Store/input_txttreat'

2018-06-10 23:07:58 - [MESSAGE][PASSED] - Text '100' is set on object 'Object Repository/HealthpostToCms/Page_HealthPost Store/input_txttreat'

2018-06-10 23:07:58 - [TEST_STEP][PASSED] - click: Object: 'Object Repository/HealthpostToCms/Page_HealthPost Store/button_Add' is clicked on

2018-06-10 23:07:58 - [MESSAGE][PASSED] - Object: 'Object Repository/HealthpostToCms/Page_HealthPost Store/button_Add' is clicked on

2018-06-10 23:07:58 - [TEST_STEP][PASSED] - delay: Delayed 1 second(s)

2018-06-10 23:07:59 - [MESSAGE][PASSED] - Delayed 1 second(s)

2018-06-10 23:07:59 - [TEST_STEP][PASSED] - selectOptionByIndex: All options with index in [1] are selected on object 'Object Repository/HealthpostToCms/Page_HealthPost Store/select_--Select--Schedule 1Inj'

2018-06-10 23:07:59 - [MESSAGE][PASSED] - All options with index in [1] are selected on object 'Object Repository/HealthpostToCms/Page_HealthPost Store/select_--Select--Schedule 1Inj'

2018-06-10 23:07:59 - [TEST_STEP][PASSED] - delay: Delayed 1 second(s)

2018-06-10 23:08:00 - [MESSAGE][PASSED] - Delayed 1 second(s)

2018-06-10 23:08:00 - [TEST_STEP][PASSED] - selectOptionByIndex: All options with index in [23] are selected on object 'Object Repository/HealthpostToCms/Page_HealthPost Store/select_--Select--Adernaline 0.'

2018-06-10 23:08:01 - [MESSAGE][PASSED] - All options with index in [23] are selected on object 'Object Repository/HealthpostToCms/Page_HealthPost Store/select_--Select--Adernaline 0.'

2018-06-10 23:08:01 - [TEST_STEP][PASSED] - setText: Text '100' is set on object 'Object Repository/HealthpostToCms/Page_HealthPost Store/input_txttreat'

2018-06-10 23:08:01 - [MESSAGE][PASSED] - Text '100' is set on object 'Object Repository/HealthpostToCms/Page_HealthPost Store/input_txttreat'

2018-06-10 23:08:01 - [TEST_STEP][PASSED] - click: Object: 'Object Repository/HealthpostToCms/Page_HealthPost Store/button_Add' is clicked on

2018-06-10 23:08:01 - [MESSAGE][PASSED] - Object: 'Object Repository/HealthpostToCms/Page_HealthPost Store/button_Add' is clicked on

2018-06-10 23:08:01 - [TEST_STEP][PASSED] - delay: Delayed 1 second(s)

2018-06-10 23:08:02 - [MESSAGE][PASSED] - Delayed 1 second(s)

2018-06-10 23:08:02 - [TEST_STEP][PASSED] - selectOptionByIndex: All options with index in [1] are selected on object 'Object Repository/HealthpostToCms/Page_HealthPost Store/select_--Select--Schedule 1Inj'

2018-06-10 23:08:02 - [MESSAGE][PASSED] - All options with index in [1] are selected on object 'Object Repository/HealthpostToCms/Page_HealthPost Store/select_--Select--Schedule 1Inj'

2018-06-10 23:08:02 - [TEST_STEP][PASSED] - delay: Delayed 1 second(s)

2018-06-10 23:08:03 - [MESSAGE][PASSED] - Delayed 1 second(s)

2018-06-10 23:08:03 - [TEST_STEP][PASSED] - selectOptionByIndex: All options with index in [24] are selected on object 'Object Repository/HealthpostToCms/Page_HealthPost Store/select_--Select--Adernaline 0.'

2018-06-10 23:08:04 - [MESSAGE][PASSED] - All options with index in [24] are selected on object 'Object Repository/HealthpostToCms/Page_HealthPost Store/select_--Select--Adernaline 0.'

2018-06-10 23:08:04 - [TEST_STEP][PASSED] - setText: Text '100' is set on object 'Object Repository/HealthpostToCms/Page_HealthPost Store/input_txttreat'

2018-06-10 23:08:04 - [MESSAGE][PASSED] - Text '100' is set on object 'Object Repository/HealthpostToCms/Page_HealthPost Store/input_txttreat'

2018-06-10 23:08:04 - [TEST_STEP][PASSED] - click: Object: 'Object Repository/HealthpostToCms/Page_HealthPost Store/button_Add' is clicked on

2018-06-10 23:08:04 - [MESSAGE][PASSED] - Object: 'Object Repository/HealthpostToCms/Page_HealthPost Store/button_Add' is clicked on

2018-06-10 23:08:04 - [TEST_STEP][PASSED] - delay: Delayed 1 second(s)

2018-06-10 23:08:05 - [MESSAGE][PASSED] - Delayed 1 second(s)

2018-06-10 23:08:05 - [TEST_STEP][PASSED] - selectOptionByIndex: All options with index in [1] are selected on object 'Object Repository/HealthpostToCms/Page_HealthPost Store/select_--Select--Schedule 1Inj'

2018-06-10 23:08:05 - [MESSAGE][PASSED] - All options with index in [1] are selected on object 'Object Repository/HealthpostToCms/Page_HealthPost Store/select_--Select--Schedule 1Inj'

2018-06-10 23:08:05 - [TEST_STEP][PASSED] - delay: Delayed 1 second(s)

2018-06-10 23:08:06 - [MESSAGE][PASSED] - Delayed 1 second(s)

2018-06-10 23:08:06 - [TEST_STEP][PASSED] - selectOptionByIndex: All options with index in [25] are selected on object 'Object Repository/HealthpostToCms/Page_HealthPost Store/select_--Select--Adernaline 0.'

2018-06-10 23:08:06 - [MESSAGE][PASSED] - All options with index in [25] are selected on object 'Object Repository/HealthpostToCms/Page_HealthPost Store/select_--Select--Adernaline 0.'

2018-06-10 23:08:06 - [TEST_STEP][PASSED] - setText: Text '100' is set on object 'Object Repository/HealthpostToCms/Page_HealthPost Store/input_txttreat'

2018-06-10 23:08:06 - [MESSAGE][PASSED] - Text '100' is set on object 'Object Repository/HealthpostToCms/Page_HealthPost Store/input_txttreat'

2018-06-10 23:08:06 - [TEST_STEP][PASSED] - click: Object: 'Object Repository/HealthpostToCms/Page_HealthPost Store/button_Add' is clicked on

2018-06-10 23:08:06 - [MESSAGE][PASSED] - Object: 'Object Repository/HealthpostToCms/Page_HealthPost Store/button_Add' is clicked on

2018-06-10 23:08:06 - [TEST_STEP][PASSED] - delay: Delayed 1 second(s)

2018-06-10 23:08:07 - [MESSAGE][PASSED] - Delayed 1 second(s)

2018-06-10 23:08:07 - [TEST_STEP][PASSED] - selectOptionByIndex: All options with index in [1] are selected on object 'Object Repository/HealthpostToCms/Page_HealthPost Store/select_--Select--Schedule 1Inj'

2018-06-10 23:08:08 - [MESSAGE][PASSED] - All options with index in [1] are selected on object 'Object Repository/HealthpostToCms/Page_HealthPost Store/select_--Select--Schedule 1Inj'

2018-06-10 23:08:08 - [TEST_STEP][PASSED] - delay: Delayed 1 second(s)

2018-06-10 23:08:09 - [MESSAGE][PASSED] - Delayed 1 second(s)

2018-06-10 23:08:09 - [TEST_STEP][PASSED] - selectOptionByIndex: All options with index in [26] are selected on object 'Object Repository/HealthpostToCms/Page_HealthPost Store/select_--Select--Adernaline 0.'

2018-06-10 23:08:09 - [MESSAGE][PASSED] - All options with index in [26] are selected on object 'Object Repository/HealthpostToCms/Page_HealthPost Store/select_--Select--Adernaline 0.'

2018-06-10 23:08:09 - [TEST_STEP][PASSED] - setText: Text '100' is set on object 'Object Repository/HealthpostToCms/Page_HealthPost Store/input_txttreat'

2018-06-10 23:08:09 - [MESSAGE][PASSED] - Text '100' is set on object 'Object Repository/HealthpostToCms/Page_HealthPost Store/input_txttreat'

2018-06-10 23:08:09 - [TEST_STEP][PASSED] - click: Object: 'Object Repository/HealthpostToCms/Page_HealthPost Store/button_Add' is clicked on

2018-06-10 23:08:09 - [MESSAGE][PASSED] - Object: 'Object Repository/HealthpostToCms/Page_HealthPost Store/button_Add' is clicked on

2018-06-10 23:08:09 - [TEST_STEP][PASSED] - delay: Delayed 1 second(s)

2018-06-10 23:08:10 - [MESSAGE][PASSED] - Delayed 1 second(s)

2018-06-10 23:08:10 - [TEST_STEP][PASSED] - selectOptionByIndex: All options with index in [1] are selected on object 'Object Repository/HealthpostToCms/Page_HealthPost Store/select_--Select--Schedule 1Inj'

2018-06-10 23:08:10 - [MESSAGE][PASSED] - All options with index in [1] are selected on object 'Object Repository/HealthpostToCms/Page_HealthPost Store/select_--Select--Schedule 1Inj'

2018-06-10 23:08:10 - [TEST_STEP][PASSED] - delay: Delayed 1 second(s)

2018-06-10 23:08:11 - [MESSAGE][PASSED] - Delayed 1 second(s)

2018-06-10 23:08:11 - [TEST_STEP][PASSED] - selectOptionByIndex: All options with index in [27] are selected on object 'Object Repository/HealthpostToCms/Page_HealthPost Store/select_--Select--Adernaline 0.'

2018-06-10 23:08:12 - [MESSAGE][PASSED] - All options with index in [27] are selected on object 'Object Repository/HealthpostToCms/Page_HealthPost Store/select_--Select--Adernaline 0.'

2018-06-10 23:08:12 - [TEST_STEP][PASSED] - setText: Text '100' is set on object 'Object Repository/HealthpostToCms/Page_HealthPost Store/input_txttreat'

2018-06-10 23:08:12 - [MESSAGE][PASSED] - Text '100' is set on object 'Object Repository/HealthpostToCms/Page_HealthPost Store/input_txttreat'

2018-06-10 23:08:12 - [TEST_STEP][PASSED] - click: Object: 'Object Repository/HealthpostToCms/Page_HealthPost Store/button_Add' is clicked on

2018-06-10 23:08:12 - [MESSAGE][PASSED] - Object: 'Object Repository/HealthpostToCms/Page_HealthPost Store/button_Add' is clicked on

2018-06-10 23:08:12 - [TEST_STEP][PASSED] - delay: Delayed 1 second(s)

2018-06-10 23:08:13 - [MESSAGE][PASSED] - Delayed 1 second(s)

2018-06-10 23:08:13 - [TEST_STEP][PASSED] - selectOptionByIndex: All options with index in [1] are selected on object 'Object Repository/HealthpostToCms/Page_HealthPost Store/select_--Select--Schedule 1Inj'

2018-06-10 23:08:13 - [MESSAGE][PASSED] - All options with index in [1] are selected on object 'Object Repository/HealthpostToCms/Page_HealthPost Store/select_--Select--Schedule 1Inj'

2018-06-10 23:08:13 - [TEST_STEP][PASSED] - delay: Delayed 1 second(s)

2018-06-10 23:08:14 - [MESSAGE][PASSED] - Delayed 1 second(s)

2018-06-10 23:08:14 - [TEST_STEP][PASSED] - selectOptionByIndex: All options with index in [28] are selected on object 'Object Repository/HealthpostToCms/Page_HealthPost Store/select_--Select--Adernaline 0.'

2018-06-10 23:08:15 - [MESSAGE][PASSED] - All options with index in [28] are selected on object 'Object Repository/HealthpostToCms/Page_HealthPost Store/select_--Select--Adernaline 0.'

2018-06-10 23:08:15 - [TEST_STEP][PASSED] - setText: Text '100' is set on object 'Object Repository/HealthpostToCms/Page_HealthPost Store/input_txttreat'

2018-06-10 23:08:15 - [MESSAGE][PASSED] - Text '100' is set on object 'Object Repository/HealthpostToCms/Page_HealthPost Store/input_txttreat'

2018-06-10 23:08:15 - [TEST_STEP][PASSED] - click: Object: 'Object Repository/HealthpostToCms/Page_HealthPost Store/button_Add' is clicked on

2018-06-10 23:08:15 - [MESSAGE][PASSED] - Object: 'Object Repository/HealthpostToCms/Page_HealthPost Store/button_Add' is clicked on

2018-06-10 23:08:15 - [TEST_STEP][PASSED] - delay: Delayed 1 second(s)

2018-06-10 23:08:16 - [MESSAGE][PASSED] - Delayed 1 second(s)

2018-06-10 23:08:16 - [TEST_STEP][PASSED] - selectOptionByIndex: All options with index in [1] are selected on object 'Object Repository/HealthpostToCms/Page_HealthPost Store/select_--Select--Schedule 1Inj'

2018-06-10 23:08:16 - [MESSAGE][PASSED] - All options with index in [1] are selected on object 'Object Repository/HealthpostToCms/Page_HealthPost Store/select_--Select--Schedule 1Inj'

2018-06-10 23:08:16 - [TEST_STEP][PASSED] - delay: Delayed 1 second(s)

2018-06-10 23:08:17 - [MESSAGE][PASSED] - Delayed 1 second(s)

2018-06-10 23:08:17 - [TEST_STEP][PASSED] - selectOptionByIndex: All options with index in [29] are selected on object 'Object Repository/HealthpostToCms/Page_HealthPost Store/select_--Select--Adernaline 0.'

2018-06-10 23:08:17 - [MESSAGE][PASSED] - All options with index in [29] are selected on object 'Object Repository/HealthpostToCms/Page_HealthPost Store/select_--Select--Adernaline 0.'

2018-06-10 23:08:17 - [TEST_STEP][PASSED] - setText: Text '100' is set on object 'Object Repository/HealthpostToCms/Page_HealthPost Store/input_txttreat'

2018-06-10 23:08:17 - [MESSAGE][PASSED] - Text '100' is set on object 'Object Repository/HealthpostToCms/Page_HealthPost Store/input_txttreat'

2018-06-10 23:08:17 - [TEST_STEP][PASSED] - click: Object: 'Object Repository/HealthpostToCms/Page_HealthPost Store/button_Add' is clicked on

2018-06-10 23:08:17 - [MESSAGE][PASSED] - Object: 'Object Repository/HealthpostToCms/Page_HealthPost Store/button_Add' is clicked on

2018-06-10 23:08:17 - [TEST_STEP][PASSED] - delay: Delayed 1 second(s)

2018-06-10 23:08:18 - [MESSAGE][PASSED] - Delayed 1 second(s)

2018-06-10 23:08:18 - [TEST_STEP][PASSED] - selectOptionByIndex: All options with index in [1] are selected on object 'Object Repository/HealthpostToCms/Page_HealthPost Store/select_--Select--Schedule 1Inj'

2018-06-10 23:08:19 - [MESSAGE][PASSED] - All options with index in [1] are selected on object 'Object Repository/HealthpostToCms/Page_HealthPost Store/select_--Select--Schedule 1Inj'

2018-06-10 23:08:19 - [TEST_STEP][PASSED] - delay: Delayed 1 second(s)

2018-06-10 23:08:20 - [MESSAGE][PASSED] - Delayed 1 second(s)

2018-06-10 23:08:20 - [TEST_STEP][PASSED] - selectOptionByIndex: All options with index in [30] are selected on object 'Object Repository/HealthpostToCms/Page_HealthPost Store/select_--Select--Adernaline 0.'

2018-06-10 23:08:20 - [MESSAGE][PASSED] - All options with index in [30] are selected on object 'Object Repository/HealthpostToCms/Page_HealthPost Store/select_--Select--Adernaline 0.'

2018-06-10 23:08:20 - [TEST_STEP][PASSED] - setText: Text '100' is set on object 'Object Repository/HealthpostToCms/Page_HealthPost Store/input_txttreat'

2018-06-10 23:08:20 - [MESSAGE][PASSED] - Text '100' is set on object 'Object Repository/HealthpostToCms/Page_HealthPost Store/input_txttreat'

2018-06-10 23:08:20 - [TEST_STEP][PASSED] - click: Object: 'Object Repository/HealthpostToCms/Page_HealthPost Store/button_Add' is clicked on

2018-06-10 23:08:20 - [MESSAGE][PASSED] - Object: 'Object Repository/HealthpostToCms/Page_HealthPost Store/button_Add' is clicked on

2018-06-10 23:08:20 - [TEST_STEP][PASSED] - delay: Delayed 1 second(s)

2018-06-10 23:08:21 - [MESSAGE][PASSED] - Delayed 1 second(s)

2018-06-10 23:08:21 - [TEST_STEP][PASSED] - selectOptionByIndex: All options with index in [1] are selected on object 'Object Repository/HealthpostToCms/Page_HealthPost Store/select_--Select--Schedule 1Inj'

2018-06-10 23:08:21 - [MESSAGE][PASSED] - All options with index in [1] are selected on object 'Object Repository/HealthpostToCms/Page_HealthPost Store/select_--Select--Schedule 1Inj'

2018-06-10 23:08:21 - [TEST_STEP][PASSED] - delay: Delayed 1 second(s)

2018-06-10 23:08:22 - [MESSAGE][PASSED] - Delayed 1 second(s)

2018-06-10 23:08:22 - [TEST_STEP][PASSED] - selectOptionByIndex: All options with index in [31] are selected on object 'Object Repository/HealthpostToCms/Page_HealthPost Store/select_--Select--Adernaline 0.'

2018-06-10 23:08:23 - [MESSAGE][PASSED] - All options with index in [31] are selected on object 'Object Repository/HealthpostToCms/Page_HealthPost Store/select_--Select--Adernaline 0.'

2018-06-10 23:08:23 - [TEST_STEP][PASSED] - setText: Text '100' is set on object 'Object Repository/HealthpostToCms/Page_HealthPost Store/input_txttreat'

2018-06-10 23:08:23 - [MESSAGE][PASSED] - Text '100' is set on object 'Object Repository/HealthpostToCms/Page_HealthPost Store/input_txttreat'

2018-06-10 23:08:23 - [TEST_STEP][PASSED] - click: Object: 'Object Repository/HealthpostToCms/Page_HealthPost Store/button_Add' is clicked on

2018-06-10 23:08:23 - [MESSAGE][PASSED] - Object: 'Object Repository/HealthpostToCms/Page_HealthPost Store/button_Add' is clicked on

2018-06-10 23:08:23 - [TEST_STEP][PASSED] - delay: Delayed 1 second(s)

2018-06-10 23:08:24 - [MESSAGE][PASSED] - Delayed 1 second(s)

2018-06-10 23:08:24 - [TEST_STEP][PASSED] - selectOptionByIndex: All options with index in [1] are selected on object 'Object Repository/HealthpostToCms/Page_HealthPost Store/select_--Select--Schedule 1Inj'

2018-06-10 23:08:24 - [MESSAGE][PASSED] - All options with index in [1] are selected on object 'Object Repository/HealthpostToCms/Page_HealthPost Store/select_--Select--Schedule 1Inj'

2018-06-10 23:08:24 - [TEST_STEP][PASSED] - delay: Delayed 1 second(s)

2018-06-10 23:08:25 - [MESSAGE][PASSED] - Delayed 1 second(s)

2018-06-10 23:08:25 - [TEST_STEP][PASSED] - selectOptionByIndex: All options with index in [32] are selected on object 'Object Repository/HealthpostToCms/Page_HealthPost Store/select_--Select--Adernaline 0.'

2018-06-10 23:08:26 - [MESSAGE][PASSED] - All options with index in [32] are selected on object 'Object Repository/HealthpostToCms/Page_HealthPost Store/select_--Select--Adernaline 0.'

2018-06-10 23:08:26 - [TEST_STEP][PASSED] - setText: Text '100' is set on object 'Object Repository/HealthpostToCms/Page_HealthPost Store/input_txttreat'

2018-06-10 23:08:26 - [MESSAGE][PASSED] - Text '100' is set on object 'Object Repository/HealthpostToCms/Page_HealthPost Store/input_txttreat'

2018-06-10 23:08:26 - [TEST_STEP][PASSED] - click: Object: 'Object Repository/HealthpostToCms/Page_HealthPost Store/button_Add' is clicked on

2018-06-10 23:08:26 - [MESSAGE][PASSED] - Object: 'Object Repository/HealthpostToCms/Page_HealthPost Store/button_Add' is clicked on

2018-06-10 23:08:26 - [TEST_STEP][PASSED] - delay: Delayed 1 second(s)

2018-06-10 23:08:27 - [MESSAGE][PASSED] - Delayed 1 second(s)

2018-06-10 23:08:27 - [TEST_STEP][PASSED] - selectOptionByIndex: All options with index in [1] are selected on object 'Object Repository/HealthpostToCms/Page_HealthPost Store/select_--Select--Schedule 1Inj'

2018-06-10 23:08:27 - [MESSAGE][PASSED] - All options with index in [1] are selected on object 'Object Repository/HealthpostToCms/Page_HealthPost Store/select_--Select--Schedule 1Inj'

2018-06-10 23:08:27 - [TEST_STEP][PASSED] - delay: Delayed 1 second(s)

2018-06-10 23:08:28 - [MESSAGE][PASSED] - Delayed 1 second(s)

2018-06-10 23:08:28 - [TEST_STEP][PASSED] - selectOptionByIndex: All options with index in [33] are selected on object 'Object Repository/HealthpostToCms/Page_HealthPost Store/select_--Select--Adernaline 0.'

2018-06-10 23:08:28 - [MESSAGE][PASSED] - All options with index in [33] are selected on object 'Object Repository/HealthpostToCms/Page_HealthPost Store/select_--Select--Adernaline 0.'

2018-06-10 23:08:28 - [TEST_STEP][PASSED] - setText: Text '100' is set on object 'Object Repository/HealthpostToCms/Page_HealthPost Store/input_txttreat'

2018-06-10 23:08:29 - [MESSAGE][PASSED] - Text '100' is set on object 'Object Repository/HealthpostToCms/Page_HealthPost Store/input_txttreat'

2018-06-10 23:08:29 - [TEST_STEP][PASSED] - click: Object: 'Object Repository/HealthpostToCms/Page_HealthPost Store/button_Add' is clicked on

2018-06-10 23:08:29 - [MESSAGE][PASSED] - Object: 'Object Repository/HealthpostToCms/Page_HealthPost Store/button_Add' is clicked on

2018-06-10 23:08:29 - [TEST_STEP][PASSED] - delay: Delayed 1 second(s)

2018-06-10 23:08:30 - [MESSAGE][PASSED] - Delayed 1 second(s)

2018-06-10 23:08:30 - [TEST_STEP][PASSED] - selectOptionByIndex: All options with index in [1] are selected on object 'Object Repository/HealthpostToCms/Page_HealthPost Store/select_--Select--Schedule 1Inj'

2018-06-10 23:08:30 - [MESSAGE][PASSED] - All options with index in [1] are selected on object 'Object Repository/HealthpostToCms/Page_HealthPost Store/select_--Select--Schedule 1Inj'

2018-06-10 23:08:30 - [TEST_STEP][PASSED] - delay: Delayed 1 second(s)

2018-06-10 23:08:31 - [MESSAGE][PASSED] - Delayed 1 second(s)

2018-06-10 23:08:31 - [TEST_STEP][PASSED] - selectOptionByIndex: All options with index in [34] are selected on object 'Object Repository/HealthpostToCms/Page_HealthPost Store/select_--Select--Adernaline 0.'

2018-06-10 23:08:31 - [MESSAGE][PASSED] - All options with index in [34] are selected on object 'Object Repository/HealthpostToCms/Page_HealthPost Store/select_--Select--Adernaline 0.'

2018-06-10 23:08:31 - [TEST_STEP][PASSED] - setText: Text '100' is set on object 'Object Repository/HealthpostToCms/Page_HealthPost Store/input_txttreat'

2018-06-10 23:08:31 - [MESSAGE][PASSED] - Text '100' is set on object 'Object Repository/HealthpostToCms/Page_HealthPost Store/input_txttreat'

2018-06-10 23:08:31 - [TEST_STEP][PASSED] - click: Object: 'Object Repository/HealthpostToCms/Page_HealthPost Store/button_Add' is clicked on

2018-06-10 23:08:31 - [MESSAGE][PASSED] - Object: 'Object Repository/HealthpostToCms/Page_HealthPost Store/button_Add' is clicked on

2018-06-10 23:08:31 - [TEST_STEP][PASSED] - delay: Delayed 1 second(s)

2018-06-10 23:08:32 - [MESSAGE][PASSED] - Delayed 1 second(s)

2018-06-10 23:08:32 - [TEST_STEP][PASSED] - selectOptionByIndex: All options with index in [1] are selected on object 'Object Repository/HealthpostToCms/Page_HealthPost Store/select_--Select--Schedule 1Inj'

2018-06-10 23:08:33 - [MESSAGE][PASSED] - All options with index in [1] are selected on object 'Object Repository/HealthpostToCms/Page_HealthPost Store/select_--Select--Schedule 1Inj'

2018-06-10 23:08:33 - [TEST_STEP][PASSED] - delay: Delayed 1 second(s)

2018-06-10 23:08:34 - [MESSAGE][PASSED] - Delayed 1 second(s)

2018-06-10 23:08:34 - [TEST_STEP][PASSED] - selectOptionByIndex: All options with index in [35] are selected on object 'Object Repository/HealthpostToCms/Page_HealthPost Store/select_--Select--Adernaline 0.'

2018-06-10 23:08:34 - [MESSAGE][PASSED] - All options with index in [35] are selected on object 'Object Repository/HealthpostToCms/Page_HealthPost Store/select_--Select--Adernaline 0.'

2018-06-10 23:08:34 - [TEST_STEP][PASSED] - setText: Text '100' is set on object 'Object Repository/HealthpostToCms/Page_HealthPost Store/input_txttreat'

2018-06-10 23:08:34 - [MESSAGE][PASSED] - Text '100' is set on object 'Object Repository/HealthpostToCms/Page_HealthPost Store/input_txttreat'

2018-06-10 23:08:34 - [TEST_STEP][PASSED] - click: Object: 'Object Repository/HealthpostToCms/Page_HealthPost Store/button_Add' is clicked on

2018-06-10 23:08:34 - [MESSAGE][PASSED] - Object: 'Object Repository/HealthpostToCms/Page_HealthPost Store/button_Add' is clicked on

2018-06-10 23:08:34 - [TEST_STEP][PASSED] - delay: Delayed 1 second(s)

2018-06-10 23:08:35 - [MESSAGE][PASSED] - Delayed 1 second(s)

2018-06-10 23:08:35 - [TEST_STEP][PASSED] - selectOptionByIndex: All options with index in [1] are selected on object 'Object Repository/HealthpostToCms/Page_HealthPost Store/select_--Select--Schedule 1Inj'

2018-06-10 23:08:35 - [MESSAGE][PASSED] - All options with index in [1] are selected on object 'Object Repository/HealthpostToCms/Page_HealthPost Store/select_--Select--Schedule 1Inj'

2018-06-10 23:08:35 - [TEST_STEP][PASSED] - delay: Delayed 1 second(s)

2018-06-10 23:08:36 - [MESSAGE][PASSED] - Delayed 1 second(s)

2018-06-10 23:08:36 - [TEST_STEP][PASSED] - selectOptionByIndex: All options with index in [36] are selected on object 'Object Repository/HealthpostToCms/Page_HealthPost Store/select_--Select--Adernaline 0.'

2018-06-10 23:08:37 - [MESSAGE][PASSED] - All options with index in [36] are selected on object 'Object Repository/HealthpostToCms/Page_HealthPost Store/select_--Select--Adernaline 0.'

2018-06-10 23:08:37 - [TEST_STEP][PASSED] - setText: Text '100' is set on object 'Object Repository/HealthpostToCms/Page_HealthPost Store/input_txttreat'

2018-06-10 23:08:37 - [MESSAGE][PASSED] - Text '100' is set on object 'Object Repository/HealthpostToCms/Page_HealthPost Store/input_txttreat'

2018-06-10 23:08:37 - [TEST_STEP][PASSED] - click: Object: 'Object Repository/HealthpostToCms/Page_HealthPost Store/button_Add' is clicked on

2018-06-10 23:08:37 - [MESSAGE][PASSED] - Object: 'Object Repository/HealthpostToCms/Page_HealthPost Store/button_Add' is clicked on

2018-06-10 23:08:37 - [TEST_STEP][PASSED] - delay: Delayed 1 second(s)

2018-06-10 23:08:38 - [MESSAGE][PASSED] - Delayed 1 second(s)

2018-06-10 23:08:38 - [TEST_STEP][PASSED] - selectOptionByIndex: All options with index in [1] are selected on object 'Object Repository/HealthpostToCms/Page_HealthPost Store/select_--Select--Schedule 1Inj'

2018-06-10 23:08:38 - [MESSAGE][PASSED] - All options with index in [1] are selected on object 'Object Repository/HealthpostToCms/Page_HealthPost Store/select_--Select--Schedule 1Inj'

2018-06-10 23:08:38 - [TEST_STEP][PASSED] - delay: Delayed 1 second(s)

2018-06-10 23:08:39 - [MESSAGE][PASSED] - Delayed 1 second(s)

2018-06-10 23:08:39 - [TEST_STEP][PASSED] - selectOptionByIndex: All options with index in [37] are selected on object 'Object Repository/HealthpostToCms/Page_HealthPost Store/select_--Select--Adernaline 0.'

2018-06-10 23:08:40 - [MESSAGE][PASSED] - All options with index in [37] are selected on object 'Object Repository/HealthpostToCms/Page_HealthPost Store/select_--Select--Adernaline 0.'

2018-06-10 23:08:40 - [TEST_STEP][PASSED] - setText: Text '100' is set on object 'Object Repository/HealthpostToCms/Page_HealthPost Store/input_txttreat'

2018-06-10 23:08:40 - [MESSAGE][PASSED] - Text '100' is set on object 'Object Repository/HealthpostToCms/Page_HealthPost Store/input_txttreat'

2018-06-10 23:08:40 - [TEST_STEP][PASSED] - click: Object: 'Object Repository/HealthpostToCms/Page_HealthPost Store/button_Add' is clicked on

2018-06-10 23:08:40 - [MESSAGE][PASSED] - Object: 'Object Repository/HealthpostToCms/Page_HealthPost Store/button_Add' is clicked on

2018-06-10 23:08:40 - [TEST_STEP][PASSED] - delay: Delayed 1 second(s)

2018-06-10 23:08:41 - [MESSAGE][PASSED] - Delayed 1 second(s)

2018-06-10 23:08:41 - [TEST_STEP][PASSED] - selectOptionByIndex: All options with index in [1] are selected on object 'Object Repository/HealthpostToCms/Page_HealthPost Store/select_--Select--Schedule 1Inj'

2018-06-10 23:08:41 - [MESSAGE][PASSED] - All options with index in [1] are selected on object 'Object Repository/HealthpostToCms/Page_HealthPost Store/select_--Select--Schedule 1Inj'

2018-06-10 23:08:41 - [TEST_STEP][PASSED] - delay: Delayed 1 second(s)

2018-06-10 23:08:42 - [MESSAGE][PASSED] - Delayed 1 second(s)

2018-06-10 23:08:42 - [TEST_STEP][PASSED] - selectOptionByIndex: All options with index in [38] are selected on object 'Object Repository/HealthpostToCms/Page_HealthPost Store/select_--Select--Adernaline 0.'

2018-06-10 23:08:42 - [MESSAGE][PASSED] - All options with index in [38] are selected on object 'Object Repository/HealthpostToCms/Page_HealthPost Store/select_--Select--Adernaline 0.'

2018-06-10 23:08:42 - [TEST_STEP][PASSED] - setText: Text '100' is set on object 'Object Repository/HealthpostToCms/Page_HealthPost Store/input_txttreat'

2018-06-10 23:08:42 - [MESSAGE][PASSED] - Text '100' is set on object 'Object Repository/HealthpostToCms/Page_HealthPost Store/input_txttreat'

2018-06-10 23:08:42 - [TEST_STEP][PASSED] - click: Object: 'Object Repository/HealthpostToCms/Page_HealthPost Store/button_Add' is clicked on

2018-06-10 23:08:43 - [MESSAGE][PASSED] - Object: 'Object Repository/HealthpostToCms/Page_HealthPost Store/button_Add' is clicked on

2018-06-10 23:08:43 - [TEST_STEP][PASSED] - delay: Delayed 1 second(s)

2018-06-10 23:08:44 - [MESSAGE][PASSED] - Delayed 1 second(s)

2018-06-10 23:08:44 - [TEST_STEP][PASSED] - selectOptionByIndex: All options with index in [1] are selected on object 'Object Repository/HealthpostToCms/Page_HealthPost Store/select_--Select--Schedule 1Inj'

2018-06-10 23:08:44 - [MESSAGE][PASSED] - All options with index in [1] are selected on object 'Object Repository/HealthpostToCms/Page_HealthPost Store/select_--Select--Schedule 1Inj'

2018-06-10 23:08:44 - [TEST_STEP][PASSED] - delay: Delayed 1 second(s)

2018-06-10 23:08:45 - [MESSAGE][PASSED] - Delayed 1 second(s)

2018-06-10 23:08:45 - [TEST_STEP][PASSED] - selectOptionByIndex: All options with index in [39] are selected on object 'Object Repository/HealthpostToCms/Page_HealthPost Store/select_--Select--Adernaline 0.'

2018-06-10 23:08:45 - [MESSAGE][PASSED] - All options with index in [39] are selected on object 'Object Repository/HealthpostToCms/Page_HealthPost Store/select_--Select--Adernaline 0.'

2018-06-10 23:08:45 - [TEST_STEP][PASSED] - setText: Text '100' is set on object 'Object Repository/HealthpostToCms/Page_HealthPost Store/input_txttreat'

2018-06-10 23:08:45 - [MESSAGE][PASSED] - Text '100' is set on object 'Object Repository/HealthpostToCms/Page_HealthPost Store/input_txttreat'

2018-06-10 23:08:45 - [TEST_STEP][PASSED] - click: Object: 'Object Repository/HealthpostToCms/Page_HealthPost Store/button_Add' is clicked on

2018-06-10 23:08:45 - [MESSAGE][PASSED] - Object: 'Object Repository/HealthpostToCms/Page_HealthPost Store/button_Add' is clicked on

2018-06-10 23:08:45 - [TEST_STEP][PASSED] - delay: Delayed 1 second(s)

2018-06-10 23:08:46 - [MESSAGE][PASSED] - Delayed 1 second(s)

2018-06-10 23:08:46 - [TEST_STEP][PASSED] - selectOptionByIndex: All options with index in [1] are selected on object 'Object Repository/HealthpostToCms/Page_HealthPost Store/select_--Select--Schedule 1Inj'

2018-06-10 23:08:47 - [MESSAGE][PASSED] - All options with index in [1] are selected on object 'Object Repository/HealthpostToCms/Page_HealthPost Store/select_--Select--Schedule 1Inj'

2018-06-10 23:08:47 - [TEST_STEP][PASSED] - delay: Delayed 1 second(s)

2018-06-10 23:08:48 - [MESSAGE][PASSED] - Delayed 1 second(s)

2018-06-10 23:08:48 - [TEST_STEP][PASSED] - selectOptionByIndex: All options with index in [40] are selected on object 'Object Repository/HealthpostToCms/Page_HealthPost Store/select_--Select--Adernaline 0.'

2018-06-10 23:08:48 - [MESSAGE][PASSED] - All options with index in [40] are selected on object 'Object Repository/HealthpostToCms/Page_HealthPost Store/select_--Select--Adernaline 0.'

2018-06-10 23:08:48 - [TEST_STEP][PASSED] - setText: Text '100' is set on object 'Object Repository/HealthpostToCms/Page_HealthPost Store/input_txttreat'

2018-06-10 23:08:48 - [MESSAGE][PASSED] - Text '100' is set on object 'Object Repository/HealthpostToCms/Page_HealthPost Store/input_txttreat'

2018-06-10 23:08:48 - [TEST_STEP][PASSED] - click: Object: 'Object Repository/HealthpostToCms/Page_HealthPost Store/button_Add' is clicked on

2018-06-10 23:08:48 - [MESSAGE][PASSED] - Object: 'Object Repository/HealthpostToCms/Page_HealthPost Store/button_Add' is clicked on

2018-06-10 23:08:48 - [TEST_STEP][PASSED] - delay: Delayed 1 second(s)

2018-06-10 23:08:49 - [MESSAGE][PASSED] - Delayed 1 second(s)

2018-06-10 23:08:49 - [TEST_STEP][PASSED] - selectOptionByIndex: All options with index in [1] are selected on object 'Object Repository/HealthpostToCms/Page_HealthPost Store/select_--Select--Schedule 1Inj'

2018-06-10 23:08:49 - [MESSAGE][PASSED] - All options with index in [1] are selected on object 'Object Repository/HealthpostToCms/Page_HealthPost Store/select_--Select--Schedule 1Inj'

2018-06-10 23:08:49 - [TEST_STEP][PASSED] - delay: Delayed 1 second(s)

2018-06-10 23:08:50 - [MESSAGE][PASSED] - Delayed 1 second(s)

2018-06-10 23:08:50 - [TEST_STEP][PASSED] - selectOptionByIndex: All options with index in [41] are selected on object 'Object Repository/HealthpostToCms/Page_HealthPost Store/select_--Select--Adernaline 0.'

2018-06-10 23:08:51 - [MESSAGE][PASSED] - All options with index in [41] are selected on object 'Object Repository/HealthpostToCms/Page_HealthPost Store/select_--Select--Adernaline 0.'

2018-06-10 23:08:51 - [TEST_STEP][PASSED] - setText: Text '100' is set on object 'Object Repository/HealthpostToCms/Page_HealthPost Store/input_txttreat'

2018-06-10 23:08:51 - [MESSAGE][PASSED] - Text '100' is set on object 'Object Repository/HealthpostToCms/Page_HealthPost Store/input_txttreat'

2018-06-10 23:08:51 - [TEST_STEP][PASSED] - click: Object: 'Object Repository/HealthpostToCms/Page_HealthPost Store/button_Add' is clicked on

2018-06-10 23:08:51 - [MESSAGE][PASSED] - Object: 'Object Repository/HealthpostToCms/Page_HealthPost Store/button_Add' is clicked on

2018-06-10 23:08:51 - [TEST_STEP][PASSED] - delay: Delayed 1 second(s)

2018-06-10 23:08:52 - [MESSAGE][PASSED] - Delayed 1 second(s)

2018-06-10 23:08:52 - [TEST_STEP][PASSED] - selectOptionByIndex: All options with index in [1] are selected on object 'Object Repository/HealthpostToCms/Page_HealthPost Store/select_--Select--Schedule 1Inj'

2018-06-10 23:08:52 - [MESSAGE][PASSED] - All options with index in [1] are selected on object 'Object Repository/HealthpostToCms/Page_HealthPost Store/select_--Select--Schedule 1Inj'

2018-06-10 23:08:52 - [TEST_STEP][PASSED] - delay: Delayed 1 second(s)

2018-06-10 23:08:53 - [MESSAGE][PASSED] - Delayed 1 second(s)

2018-06-10 23:08:53 - [TEST_STEP][PASSED] - selectOptionByIndex: All options with index in [42] are selected on object 'Object Repository/HealthpostToCms/Page_HealthPost Store/select_--Select--Adernaline 0.'

2018-06-10 23:08:54 - [MESSAGE][PASSED] - All options with index in [42] are selected on object 'Object Repository/HealthpostToCms/Page_HealthPost Store/select_--Select--Adernaline 0.'

2018-06-10 23:08:54 - [TEST_STEP][PASSED] - setText: Text '100' is set on object 'Object Repository/HealthpostToCms/Page_HealthPost Store/input_txttreat'

2018-06-10 23:08:54 - [MESSAGE][PASSED] - Text '100' is set on object 'Object Repository/HealthpostToCms/Page_HealthPost Store/input_txttreat'

2018-06-10 23:08:54 - [TEST_STEP][PASSED] - click: Object: 'Object Repository/HealthpostToCms/Page_HealthPost Store/button_Add' is clicked on

2018-06-10 23:08:54 - [MESSAGE][PASSED] - Object: 'Object Repository/HealthpostToCms/Page_HealthPost Store/button_Add' is clicked on

2018-06-10 23:08:54 - [TEST_STEP][PASSED] - delay: Delayed 1 second(s)

2018-06-10 23:08:55 - [MESSAGE][PASSED] - Delayed 1 second(s)

2018-06-10 23:08:55 - [TEST_STEP][PASSED] - selectOptionByIndex: All options with index in [1] are selected on object 'Object Repository/HealthpostToCms/Page_HealthPost Store/select_--Select--Schedule 1Inj'

2018-06-10 23:08:55 - [MESSAGE][PASSED] - All options with index in [1] are selected on object 'Object Repository/HealthpostToCms/Page_HealthPost Store/select_--Select--Schedule 1Inj'

2018-06-10 23:08:55 - [TEST_STEP][PASSED] - delay: Delayed 1 second(s)

2018-06-10 23:08:56 - [MESSAGE][PASSED] - Delayed 1 second(s)

2018-06-10 23:08:56 - [TEST_STEP][PASSED] - selectOptionByIndex: All options with index in [43] are selected on object 'Object Repository/HealthpostToCms/Page_HealthPost Store/select_--Select--Adernaline 0.'

2018-06-10 23:08:57 - [MESSAGE][PASSED] - All options with index in [43] are selected on object 'Object Repository/HealthpostToCms/Page_HealthPost Store/select_--Select--Adernaline 0.'

2018-06-10 23:08:57 - [TEST_STEP][PASSED] - setText: Text '100' is set on object 'Object Repository/HealthpostToCms/Page_HealthPost Store/input_txttreat'

2018-06-10 23:08:57 - [MESSAGE][PASSED] - Text '100' is set on object 'Object Repository/HealthpostToCms/Page_HealthPost Store/input_txttreat'

2018-06-10 23:08:57 - [TEST_STEP][PASSED] - click: Object: 'Object Repository/HealthpostToCms/Page_HealthPost Store/button_Add' is clicked on

2018-06-10 23:08:57 - [MESSAGE][PASSED] - Object: 'Object Repository/HealthpostToCms/Page_HealthPost Store/button_Add' is clicked on

2018-06-10 23:08:57 - [TEST_STEP][PASSED] - delay: Delayed 1 second(s)

2018-06-10 23:08:58 - [MESSAGE][PASSED] - Delayed 1 second(s)

2018-06-10 23:08:58 - [TEST_STEP][PASSED] - selectOptionByIndex: All options with index in [1] are selected on object 'Object Repository/HealthpostToCms/Page_HealthPost Store/select_--Select--Schedule 1Inj'

2018-06-10 23:08:58 - [MESSAGE][PASSED] - All options with index in [1] are selected on object 'Object Repository/HealthpostToCms/Page_HealthPost Store/select_--Select--Schedule 1Inj'

2018-06-10 23:08:58 - [TEST_STEP][PASSED] - delay: Delayed 1 second(s)

2018-06-10 23:08:59 - [MESSAGE][PASSED] - Delayed 1 second(s)

2018-06-10 23:08:59 - [TEST_STEP][PASSED] - selectOptionByIndex: All options with index in [44] are selected on object 'Object Repository/HealthpostToCms/Page_HealthPost Store/select_--Select--Adernaline 0.'

2018-06-10 23:09:00 - [MESSAGE][PASSED] - All options with index in [44] are selected on object 'Object Repository/HealthpostToCms/Page_HealthPost Store/select_--Select--Adernaline 0.'

2018-06-10 23:09:00 - [TEST_STEP][PASSED] - setText: Text '100' is set on object 'Object Repository/HealthpostToCms/Page_HealthPost Store/input_txttreat'

2018-06-10 23:09:00 - [MESSAGE][PASSED] - Text '100' is set on object 'Object Repository/HealthpostToCms/Page_HealthPost Store/input_txttreat'

2018-06-10 23:09:00 - [TEST_STEP][PASSED] - click: Object: 'Object Repository/HealthpostToCms/Page_HealthPost Store/button_Add' is clicked on

2018-06-10 23:09:00 - [MESSAGE][PASSED] - Object: 'Object Repository/HealthpostToCms/Page_HealthPost Store/button_Add' is clicked on

2018-06-10 23:09:00 - [TEST_STEP][PASSED] - delay: Delayed 1 second(s)

2018-06-10 23:09:01 - [MESSAGE][PASSED] - Delayed 1 second(s)

2018-06-10 23:09:01 - [TEST_STEP][PASSED] - selectOptionByIndex: All options with index in [1] are selected on object 'Object Repository/HealthpostToCms/Page_HealthPost Store/select_--Select--Schedule 1Inj'

2018-06-10 23:09:01 - [MESSAGE][PASSED] - All options with index in [1] are selected on object 'Object Repository/HealthpostToCms/Page_HealthPost Store/select_--Select--Schedule 1Inj'

2018-06-10 23:09:01 - [TEST_STEP][PASSED] - delay: Delayed 1 second(s)

2018-06-10 23:09:02 - [MESSAGE][PASSED] - Delayed 1 second(s)

2018-06-10 23:09:02 - [TEST_STEP][PASSED] - selectOptionByIndex: All options with index in [45] are selected on object 'Object Repository/HealthpostToCms/Page_HealthPost Store/select_--Select--Adernaline 0.'

2018-06-10 23:09:03 - [MESSAGE][PASSED] - All options with index in [45] are selected on object 'Object Repository/HealthpostToCms/Page_HealthPost Store/select_--Select--Adernaline 0.'

2018-06-10 23:09:03 - [TEST_STEP][PASSED] - setText: Text '100' is set on object 'Object Repository/HealthpostToCms/Page_HealthPost Store/input_txttreat'

2018-06-10 23:09:03 - [MESSAGE][PASSED] - Text '100' is set on object 'Object Repository/HealthpostToCms/Page_HealthPost Store/input_txttreat'

2018-06-10 23:09:03 - [TEST_STEP][PASSED] - click: Object: 'Object Repository/HealthpostToCms/Page_HealthPost Store/button_Add' is clicked on

2018-06-10 23:09:03 - [MESSAGE][PASSED] - Object: 'Object Repository/HealthpostToCms/Page_HealthPost Store/button_Add' is clicked on

2018-06-10 23:09:03 - [TEST_STEP][PASSED] - delay: Delayed 1 second(s)

2018-06-10 23:09:04 - [MESSAGE][PASSED] - Delayed 1 second(s)

2018-06-10 23:09:04 - [TEST_STEP][PASSED] - selectOptionByIndex: All options with index in [1] are selected on object 'Object Repository/HealthpostToCms/Page_HealthPost Store/select_--Select--Schedule 1Inj'

2018-06-10 23:09:04 - [MESSAGE][PASSED] - All options with index in [1] are selected on object 'Object Repository/HealthpostToCms/Page_HealthPost Store/select_--Select--Schedule 1Inj'

2018-06-10 23:09:04 - [TEST_STEP][PASSED] - delay: Delayed 1 second(s)

2018-06-10 23:09:05 - [MESSAGE][PASSED] - Delayed 1 second(s)

2018-06-10 23:09:05 - [TEST_STEP][PASSED] - selectOptionByIndex: All options with index in [46] are selected on object 'Object Repository/HealthpostToCms/Page_HealthPost Store/select_--Select--Adernaline 0.'

2018-06-10 23:09:06 - [MESSAGE][PASSED] - All options with index in [46] are selected on object 'Object Repository/HealthpostToCms/Page_HealthPost Store/select_--Select--Adernaline 0.'

2018-06-10 23:09:06 - [TEST_STEP][PASSED] - setText: Text '100' is set on object 'Object Repository/HealthpostToCms/Page_HealthPost Store/input_txttreat'

2018-06-10 23:09:06 - [MESSAGE][PASSED] - Text '100' is set on object 'Object Repository/HealthpostToCms/Page_HealthPost Store/input_txttreat'

2018-06-10 23:09:06 - [TEST_STEP][PASSED] - click: Object: 'Object Repository/HealthpostToCms/Page_HealthPost Store/button_Add' is clicked on

2018-06-10 23:09:06 - [MESSAGE][PASSED] - Object: 'Object Repository/HealthpostToCms/Page_HealthPost Store/button_Add' is clicked on

2018-06-10 23:09:06 - [TEST_STEP][PASSED] - delay: Delayed 1 second(s)

2018-06-10 23:09:07 - [MESSAGE][PASSED] - Delayed 1 second(s)

2018-06-10 23:09:07 - [TEST_STEP][PASSED] - selectOptionByIndex: All options with index in [1] are selected on object 'Object Repository/HealthpostToCms/Page_HealthPost Store/select_--Select--Schedule 1Inj'

2018-06-10 23:09:07 - [MESSAGE][PASSED] - All options with index in [1] are selected on object 'Object Repository/HealthpostToCms/Page_HealthPost Store/select_--Select--Schedule 1Inj'

2018-06-10 23:09:07 - [TEST_STEP][PASSED] - delay: Delayed 1 second(s)

2018-06-10 23:09:08 - [MESSAGE][PASSED] - Delayed 1 second(s)

2018-06-10 23:09:08 - [TEST_STEP][PASSED] - selectOptionByIndex: All options with index in [47] are selected on object 'Object Repository/HealthpostToCms/Page_HealthPost Store/select_--Select--Adernaline 0.'

2018-06-10 23:09:08 - [MESSAGE][PASSED] - All options with index in [47] are selected on object 'Object Repository/HealthpostToCms/Page_HealthPost Store/select_--Select--Adernaline 0.'

2018-06-10 23:09:08 - [TEST_STEP][PASSED] - setText: Text '100' is set on object 'Object Repository/HealthpostToCms/Page_HealthPost Store/input_txttreat'

2018-06-10 23:09:08 - [MESSAGE][PASSED] - Text '100' is set on object 'Object Repository/HealthpostToCms/Page_HealthPost Store/input_txttreat'

2018-06-10 23:09:08 - [TEST_STEP][PASSED] - click: Object: 'Object Repository/HealthpostToCms/Page_HealthPost Store/button_Add' is clicked on

2018-06-10 23:09:09 - [MESSAGE][PASSED] - Object: 'Object Repository/HealthpostToCms/Page_HealthPost Store/button_Add' is clicked on

2018-06-10 23:09:09 - [TEST_STEP][PASSED] - delay: Delayed 1 second(s)

2018-06-10 23:09:10 - [MESSAGE][PASSED] - Delayed 1 second(s)

2018-06-10 23:09:10 - [TEST_STEP][PASSED] - selectOptionByIndex: All options with index in [1] are selected on object 'Object Repository/HealthpostToCms/Page_HealthPost Store/select_--Select--Schedule 1Inj'

2018-06-10 23:09:10 - [MESSAGE][PASSED] - All options with index in [1] are selected on object 'Object Repository/HealthpostToCms/Page_HealthPost Store/select_--Select--Schedule 1Inj'

2018-06-10 23:09:10 - [TEST_STEP][PASSED] - delay: Delayed 1 second(s)

2018-06-10 23:09:11 - [MESSAGE][PASSED] - Delayed 1 second(s)

2018-06-10 23:09:11 - [TEST_STEP][PASSED] - selectOptionByIndex: All options with index in [48] are selected on object 'Object Repository/HealthpostToCms/Page_HealthPost Store/select_--Select--Adernaline 0.'

2018-06-10 23:09:11 - [MESSAGE][PASSED] - All options with index in [48] are selected on object 'Object Repository/HealthpostToCms/Page_HealthPost Store/select_--Select--Adernaline 0.'

2018-06-10 23:09:11 - [TEST_STEP][PASSED] - setText: Text '100' is set on object 'Object Repository/HealthpostToCms/Page_HealthPost Store/input_txttreat'

2018-06-10 23:09:11 - [MESSAGE][PASSED] - Text '100' is set on object 'Object Repository/HealthpostToCms/Page_HealthPost Store/input_txttreat'

2018-06-10 23:09:11 - [TEST_STEP][PASSED] - click: Object: 'Object Repository/HealthpostToCms/Page_HealthPost Store/button_Add' is clicked on

2018-06-10 23:09:12 - [MESSAGE][PASSED] - Object: 'Object Repository/HealthpostToCms/Page_HealthPost Store/button_Add' is clicked on

2018-06-10 23:09:12 - [TEST_STEP][PASSED] - delay: Delayed 1 second(s)

2018-06-10 23:09:13 - [MESSAGE][PASSED] - Delayed 1 second(s)

2018-06-10 23:09:13 - [TEST_STEP][PASSED] - selectOptionByIndex: All options with index in [1] are selected on object 'Object Repository/HealthpostToCms/Page_HealthPost Store/select_--Select--Schedule 1Inj'

2018-06-10 23:09:13 - [MESSAGE][PASSED] - All options with index in [1] are selected on object 'Object Repository/HealthpostToCms/Page_HealthPost Store/select_--Select--Schedule 1Inj'

2018-06-10 23:09:13 - [TEST_STEP][PASSED] - delay: Delayed 1 second(s)

2018-06-10 23:09:14 - [MESSAGE][PASSED] - Delayed 1 second(s)

2018-06-10 23:09:14 - [TEST_STEP][PASSED] - selectOptionByIndex: All options with index in [49] are selected on object 'Object Repository/HealthpostToCms/Page_HealthPost Store/select_--Select--Adernaline 0.'

2018-06-10 23:09:14 - [MESSAGE][PASSED] - All options with index in [49] are selected on object 'Object Repository/HealthpostToCms/Page_HealthPost Store/select_--Select--Adernaline 0.'

2018-06-10 23:09:14 - [TEST_STEP][PASSED] - setText: Text '100' is set on object 'Object Repository/HealthpostToCms/Page_HealthPost Store/input_txttreat'

2018-06-10 23:09:14 - [MESSAGE][PASSED] - Text '100' is set on object 'Object Repository/HealthpostToCms/Page_HealthPost Store/input_txttreat'

2018-06-10 23:09:14 - [TEST_STEP][PASSED] - click: Object: 'Object Repository/HealthpostToCms/Page_HealthPost Store/button_Add' is clicked on

2018-06-10 23:09:14 - [MESSAGE][PASSED] - Object: 'Object Repository/HealthpostToCms/Page_HealthPost Store/button_Add' is clicked on

2018-06-10 23:09:14 - [TEST_STEP][PASSED] - delay: Delayed 1 second(s)

2018-06-10 23:09:15 - [MESSAGE][PASSED] - Delayed 1 second(s)

2018-06-10 23:09:15 - [TEST_STEP][PASSED] - selectOptionByIndex: All options with index in [1] are selected on object 'Object Repository/HealthpostToCms/Page_HealthPost Store/select_--Select--Schedule 1Inj'

2018-06-10 23:09:16 - [MESSAGE][PASSED] - All options with index in [1] are selected on object 'Object Repository/HealthpostToCms/Page_HealthPost Store/select_--Select--Schedule 1Inj'

2018-06-10 23:09:16 - [TEST_STEP][PASSED] - delay: Delayed 1 second(s)

2018-06-10 23:09:17 - [MESSAGE][PASSED] - Delayed 1 second(s)

2018-06-10 23:09:17 - [TEST_STEP][PASSED] - selectOptionByIndex: All options with index in [50] are selected on object 'Object Repository/HealthpostToCms/Page_HealthPost Store/select_--Select--Adernaline 0.'

2018-06-10 23:09:17 - [MESSAGE][PASSED] - All options with index in [50] are selected on object 'Object Repository/HealthpostToCms/Page_HealthPost Store/select_--Select--Adernaline 0.'

2018-06-10 23:09:17 - [TEST_STEP][PASSED] - setText: Text '100' is set on object 'Object Repository/HealthpostToCms/Page_HealthPost Store/input_txttreat'

2018-06-10 23:09:17 - [MESSAGE][PASSED] - Text '100' is set on object 'Object Repository/HealthpostToCms/Page_HealthPost Store/input_txttreat'

2018-06-10 23:09:17 - [TEST_STEP][PASSED] - click: Object: 'Object Repository/HealthpostToCms/Page_HealthPost Store/button_Add' is clicked on

2018-06-10 23:09:17 - [MESSAGE][PASSED] - Object: 'Object Repository/HealthpostToCms/Page_HealthPost Store/button_Add' is clicked on

2018-06-10 23:09:17 - [TEST_STEP][PASSED] - delay: Delayed 1 second(s)

2018-06-10 23:09:18 - [MESSAGE][PASSED] - Delayed 1 second(s)

2018-06-10 23:09:18 - [TEST_STEP][PASSED] - selectOptionByIndex: All options with index in [1] are selected on object 'Object Repository/HealthpostToCms/Page_HealthPost Store/select_--Select--Schedule 1Inj'

2018-06-10 23:09:19 - [MESSAGE][PASSED] - All options with index in [1] are selected on object 'Object Repository/HealthpostToCms/Page_HealthPost Store/select_--Select--Schedule 1Inj'

2018-06-10 23:09:19 - [TEST_STEP][PASSED] - delay: Delayed 1 second(s)

2018-06-10 23:09:20 - [MESSAGE][PASSED] - Delayed 1 second(s)

2018-06-10 23:09:20 - [TEST_STEP][PASSED] - selectOptionByIndex: All options with index in [51] are selected on object 'Object Repository/HealthpostToCms/Page_HealthPost Store/select_--Select--Adernaline 0.'

2018-06-10 23:09:20 - [MESSAGE][PASSED] - All options with index in [51] are selected on object 'Object Repository/HealthpostToCms/Page_HealthPost Store/select_--Select--Adernaline 0.'

2018-06-10 23:09:20 - [TEST_STEP][PASSED] - setText: Text '100' is set on object 'Object Repository/HealthpostToCms/Page_HealthPost Store/input_txttreat'

2018-06-10 23:09:20 - [MESSAGE][PASSED] - Text '100' is set on object 'Object Repository/HealthpostToCms/Page_HealthPost Store/input_txttreat'

2018-06-10 23:09:20 - [TEST_STEP][PASSED] - click: Object: 'Object Repository/HealthpostToCms/Page_HealthPost Store/button_Add' is clicked on

2018-06-10 23:09:20 - [MESSAGE][PASSED] - Object: 'Object Repository/HealthpostToCms/Page_HealthPost Store/button_Add' is clicked on

2018-06-10 23:09:20 - [TEST_STEP][PASSED] - delay: Delayed 1 second(s)

2018-06-10 23:09:21 - [MESSAGE][PASSED] - Delayed 1 second(s)

2018-06-10 23:09:21 - [TEST_STEP][PASSED] - selectOptionByIndex: All options with index in [1] are selected on object 'Object Repository/HealthpostToCms/Page_HealthPost Store/select_--Select--Schedule 1Inj'

2018-06-10 23:09:22 - [MESSAGE][PASSED] - All options with index in [1] are selected on object 'Object Repository/HealthpostToCms/Page_HealthPost Store/select_--Select--Schedule 1Inj'

2018-06-10 23:09:22 - [TEST_STEP][PASSED] - delay: Delayed 1 second(s)

2018-06-10 23:09:23 - [MESSAGE][PASSED] - Delayed 1 second(s)

2018-06-10 23:09:23 - [TEST_STEP][PASSED] - selectOptionByIndex: All options with index in [52] are selected on object 'Object Repository/HealthpostToCms/Page_HealthPost Store/select_--Select--Adernaline 0.'

2018-06-10 23:09:23 - [MESSAGE][PASSED] - All options with index in [52] are selected on object 'Object Repository/HealthpostToCms/Page_HealthPost Store/select_--Select--Adernaline 0.'

2018-06-10 23:09:23 - [TEST_STEP][PASSED] - setText: Text '100' is set on object 'Object Repository/HealthpostToCms/Page_HealthPost Store/input_txttreat'

2018-06-10 23:09:23 - [MESSAGE][PASSED] - Text '100' is set on object 'Object Repository/HealthpostToCms/Page_HealthPost Store/input_txttreat'

2018-06-10 23:09:23 - [TEST_STEP][PASSED] - click: Object: 'Object Repository/HealthpostToCms/Page_HealthPost Store/button_Add' is clicked on

2018-06-10 23:09:23 - [MESSAGE][PASSED] - Object: 'Object Repository/HealthpostToCms/Page_HealthPost Store/button_Add' is clicked on

2018-06-10 23:09:23 - [TEST_STEP][PASSED] - delay: Delayed 1 second(s)

2018-06-10 23:09:24 - [MESSAGE][PASSED] - Delayed 1 second(s)

2018-06-10 23:09:24 - [TEST_STEP][PASSED] - selectOptionByIndex: All options with index in [1] are selected on object 'Object Repository/HealthpostToCms/Page_HealthPost Store/select_--Select--Schedule 1Inj'

2018-06-10 23:09:25 - [MESSAGE][PASSED] - All options with index in [1] are selected on object 'Object Repository/HealthpostToCms/Page_HealthPost Store/select_--Select--Schedule 1Inj'

2018-06-10 23:09:25 - [TEST_STEP][PASSED] - delay: Delayed 1 second(s)

2018-06-10 23:09:26 - [MESSAGE][PASSED] - Delayed 1 second(s)

2018-06-10 23:09:26 - [TEST_STEP][PASSED] - selectOptionByIndex: All options with index in [53] are selected on object 'Object Repository/HealthpostToCms/Page_HealthPost Store/select_--Select--Adernaline 0.'

2018-06-10 23:09:26 - [MESSAGE][PASSED] - All options with index in [53] are selected on object 'Object Repository/HealthpostToCms/Page_HealthPost Store/select_--Select--Adernaline 0.'

2018-06-10 23:09:26 - [TEST_STEP][PASSED] - setText: Text '100' is set on object 'Object Repository/HealthpostToCms/Page_HealthPost Store/input_txttreat'

2018-06-10 23:09:26 - [MESSAGE][PASSED] - Text '100' is set on object 'Object Repository/HealthpostToCms/Page_HealthPost Store/input_txttreat'

2018-06-10 23:09:26 - [TEST_STEP][PASSED] - click: Object: 'Object Repository/HealthpostToCms/Page_HealthPost Store/button_Add' is clicked on

2018-06-10 23:09:26 - [MESSAGE][PASSED] - Object: 'Object Repository/HealthpostToCms/Page_HealthPost Store/button_Add' is clicked on

2018-06-10 23:09:26 - [TEST_STEP][PASSED] - delay: Delayed 1 second(s)

2018-06-10 23:09:27 - [MESSAGE][PASSED] - Delayed 1 second(s)

2018-06-10 23:09:27 - [TEST_STEP][PASSED] - selectOptionByIndex: All options with index in [1] are selected on object 'Object Repository/HealthpostToCms/Page_HealthPost Store/select_--Select--Schedule 1Inj'

2018-06-10 23:09:27 - [MESSAGE][PASSED] - All options with index in [1] are selected on object 'Object Repository/HealthpostToCms/Page_HealthPost Store/select_--Select--Schedule 1Inj'

2018-06-10 23:09:27 - [TEST_STEP][PASSED] - delay: Delayed 1 second(s)

2018-06-10 23:09:28 - [MESSAGE][PASSED] - Delayed 1 second(s)

2018-06-10 23:09:28 - [TEST_STEP][PASSED] - selectOptionByIndex: All options with index in [54] are selected on object 'Object Repository/HealthpostToCms/Page_HealthPost Store/select_--Select--Adernaline 0.'

2018-06-10 23:09:29 - [MESSAGE][PASSED] - All options with index in [54] are selected on object 'Object Repository/HealthpostToCms/Page_HealthPost Store/select_--Select--Adernaline 0.'

2018-06-10 23:09:29 - [TEST_STEP][PASSED] - setText: Text '100' is set on object 'Object Repository/HealthpostToCms/Page_HealthPost Store/input_txttreat'

2018-06-10 23:09:29 - [MESSAGE][PASSED] - Text '100' is set on object 'Object Repository/HealthpostToCms/Page_HealthPost Store/input_txttreat'

2018-06-10 23:09:29 - [TEST_STEP][PASSED] - click: Object: 'Object Repository/HealthpostToCms/Page_HealthPost Store/button_Add' is clicked on

2018-06-10 23:09:29 - [MESSAGE][PASSED] - Object: 'Object Repository/HealthpostToCms/Page_HealthPost Store/button_Add' is clicked on

2018-06-10 23:09:29 - [TEST_STEP][PASSED] - delay: Delayed 1 second(s)

2018-06-10 23:09:30 - [MESSAGE][PASSED] - Delayed 1 second(s)

2018-06-10 23:09:30 - [TEST_STEP][PASSED] - selectOptionByIndex: All options with index in [1] are selected on object 'Object Repository/HealthpostToCms/Page_HealthPost Store/select_--Select--Schedule 1Inj'

2018-06-10 23:09:30 - [MESSAGE][PASSED] - All options with index in [1] are selected on object 'Object Repository/HealthpostToCms/Page_HealthPost Store/select_--Select--Schedule 1Inj'

2018-06-10 23:09:30 - [TEST_STEP][PASSED] - delay: Delayed 1 second(s)

2018-06-10 23:09:31 - [MESSAGE][PASSED] - Delayed 1 second(s)

2018-06-10 23:09:31 - [TEST_STEP][PASSED] - selectOptionByIndex: All options with index in [55] are selected on object 'Object Repository/HealthpostToCms/Page_HealthPost Store/select_--Select--Adernaline 0.'

2018-06-10 23:09:32 - [MESSAGE][PASSED] - All options with index in [55] are selected on object 'Object Repository/HealthpostToCms/Page_HealthPost Store/select_--Select--Adernaline 0.'

2018-06-10 23:09:32 - [TEST_STEP][PASSED] - setText: Text '100' is set on object 'Object Repository/HealthpostToCms/Page_HealthPost Store/input_txttreat'

2018-06-10 23:09:32 - [MESSAGE][PASSED] - Text '100' is set on object 'Object Repository/HealthpostToCms/Page_HealthPost Store/input_txttreat'

2018-06-10 23:09:32 - [TEST_STEP][PASSED] - click: Object: 'Object Repository/HealthpostToCms/Page_HealthPost Store/button_Add' is clicked on

2018-06-10 23:09:32 - [MESSAGE][PASSED] - Object: 'Object Repository/HealthpostToCms/Page_HealthPost Store/button_Add' is clicked on

2018-06-10 23:09:32 - [TEST_STEP][PASSED] - delay: Delayed 1 second(s)

2018-06-10 23:09:33 - [MESSAGE][PASSED] - Delayed 1 second(s)

2018-06-10 23:09:33 - [TEST_STEP][PASSED] - selectOptionByIndex: All options with index in [1] are selected on object 'Object Repository/HealthpostToCms/Page_HealthPost Store/select_--Select--Schedule 1Inj'

2018-06-10 23:09:34 - [MESSAGE][PASSED] - All options with index in [1] are selected on object 'Object Repository/HealthpostToCms/Page_HealthPost Store/select_--Select--Schedule 1Inj'

2018-06-10 23:09:34 - [TEST_STEP][PASSED] - delay: Delayed 1 second(s)

2018-06-10 23:09:35 - [MESSAGE][PASSED] - Delayed 1 second(s)

2018-06-10 23:09:35 - [TEST_STEP][PASSED] - selectOptionByIndex: All options with index in [56] are selected on object 'Object Repository/HealthpostToCms/Page_HealthPost Store/select_--Select--Adernaline 0.'

2018-06-10 23:09:35 - [MESSAGE][PASSED] - All options with index in [56] are selected on object 'Object Repository/HealthpostToCms/Page_HealthPost Store/select_--Select--Adernaline 0.'

2018-06-10 23:09:35 - [TEST_STEP][PASSED] - setText: Text '100' is set on object 'Object Repository/HealthpostToCms/Page_HealthPost Store/input_txttreat'

2018-06-10 23:09:35 - [MESSAGE][PASSED] - Text '100' is set on object 'Object Repository/HealthpostToCms/Page_HealthPost Store/input_txttreat'

2018-06-10 23:09:35 - [TEST_STEP][PASSED] - click: Object: 'Object Repository/HealthpostToCms/Page_HealthPost Store/button_Add' is clicked on

2018-06-10 23:09:35 - [MESSAGE][PASSED] - Object: 'Object Repository/HealthpostToCms/Page_HealthPost Store/button_Add' is clicked on

2018-06-10 23:09:35 - [TEST_STEP][PASSED] - delay: Delayed 1 second(s)

2018-06-10 23:09:36 - [MESSAGE][PASSED] - Delayed 1 second(s)

2018-06-10 23:09:36 - [TEST_STEP][PASSED] - selectOptionByIndex: All options with index in [1] are selected on object 'Object Repository/HealthpostToCms/Page_HealthPost Store/select_--Select--Schedule 1Inj'

2018-06-10 23:09:37 - [MESSAGE][PASSED] - All options with index in [1] are selected on object 'Object Repository/HealthpostToCms/Page_HealthPost Store/select_--Select--Schedule 1Inj'

2018-06-10 23:09:37 - [TEST_STEP][PASSED] - delay: Delayed 1 second(s)

2018-06-10 23:09:38 - [MESSAGE][PASSED] - Delayed 1 second(s)

2018-06-10 23:09:38 - [TEST_STEP][PASSED] - selectOptionByIndex: All options with index in [57] are selected on object 'Object Repository/HealthpostToCms/Page_HealthPost Store/select_--Select--Adernaline 0.'

2018-06-10 23:09:38 - [MESSAGE][PASSED] - All options with index in [57] are selected on object 'Object Repository/HealthpostToCms/Page_HealthPost Store/select_--Select--Adernaline 0.'

2018-06-10 23:09:38 - [TEST_STEP][PASSED] - setText: Text '100' is set on object 'Object Repository/HealthpostToCms/Page_HealthPost Store/input_txttreat'

2018-06-10 23:09:38 - [MESSAGE][PASSED] - Text '100' is set on object 'Object Repository/HealthpostToCms/Page_HealthPost Store/input_txttreat'

2018-06-10 23:09:38 - [TEST_STEP][PASSED] - click: Object: 'Object Repository/HealthpostToCms/Page_HealthPost Store/button_Add' is clicked on

2018-06-10 23:09:38 - [MESSAGE][PASSED] - Object: 'Object Repository/HealthpostToCms/Page_HealthPost Store/button_Add' is clicked on

2018-06-10 23:09:38 - [TEST_STEP][PASSED] - delay: Delayed 1 second(s)

2018-06-10 23:09:39 - [MESSAGE][PASSED] - Delayed 1 second(s)

2018-06-10 23:09:39 - [TEST_STEP][PASSED] - selectOptionByIndex: All options with index in [1] are selected on object 'Object Repository/HealthpostToCms/Page_HealthPost Store/select_--Select--Schedule 1Inj'

2018-06-10 23:09:40 - [MESSAGE][PASSED] - All options with index in [1] are selected on object 'Object Repository/HealthpostToCms/Page_HealthPost Store/select_--Select--Schedule 1Inj'

2018-06-10 23:09:40 - [TEST_STEP][PASSED] - delay: Delayed 1 second(s)

2018-06-10 23:09:41 - [MESSAGE][PASSED] - Delayed 1 second(s)

2018-06-10 23:09:41 - [TEST_STEP][PASSED] - selectOptionByIndex: All options with index in [58] are selected on object 'Object Repository/HealthpostToCms/Page_HealthPost Store/select_--Select--Adernaline 0.'

2018-06-10 23:09:41 - [MESSAGE][PASSED] - All options with index in [58] are selected on object 'Object Repository/HealthpostToCms/Page_HealthPost Store/select_--Select--Adernaline 0.'

2018-06-10 23:09:41 - [TEST_STEP][PASSED] - setText: Text '100' is set on object 'Object Repository/HealthpostToCms/Page_HealthPost Store/input_txttreat'

2018-06-10 23:09:41 - [MESSAGE][PASSED] - Text '100' is set on object 'Object Repository/HealthpostToCms/Page_HealthPost Store/input_txttreat'

2018-06-10 23:09:41 - [TEST_STEP][PASSED] - click: Object: 'Object Repository/HealthpostToCms/Page_HealthPost Store/button_Add' is clicked on

2018-06-10 23:09:41 - [MESSAGE][PASSED] - Object: 'Object Repository/HealthpostToCms/Page_HealthPost Store/button_Add' is clicked on

2018-06-10 23:09:41 - [TEST_STEP][PASSED] - delay: Delayed 1 second(s)

2018-06-10 23:09:42 - [MESSAGE][PASSED] - Delayed 1 second(s)

2018-06-10 23:09:42 - [TEST_STEP][PASSED] - selectOptionByIndex: All options with index in [1] are selected on object 'Object Repository/HealthpostToCms/Page_HealthPost Store/select_--Select--Schedule 1Inj'

2018-06-10 23:09:43 - [MESSAGE][PASSED] - All options with index in [1] are selected on object 'Object Repository/HealthpostToCms/Page_HealthPost Store/select_--Select--Schedule 1Inj'

2018-06-10 23:09:43 - [TEST_STEP][PASSED] - delay: Delayed 1 second(s)

2018-06-10 23:09:44 - [MESSAGE][PASSED] - Delayed 1 second(s)

2018-06-10 23:09:44 - [TEST_STEP][PASSED] - selectOptionByIndex: All options with index in [59] are selected on object 'Object Repository/HealthpostToCms/Page_HealthPost Store/select_--Select--Adernaline 0.'

2018-06-10 23:09:44 - [MESSAGE][PASSED] - All options with index in [59] are selected on object 'Object Repository/HealthpostToCms/Page_HealthPost Store/select_--Select--Adernaline 0.'

2018-06-10 23:09:44 - [TEST_STEP][PASSED] - setText: Text '100' is set on object 'Object Repository/HealthpostToCms/Page_HealthPost Store/input_txttreat'

2018-06-10 23:09:44 - [MESSAGE][PASSED] - Text '100' is set on object 'Object Repository/HealthpostToCms/Page_HealthPost Store/input_txttreat'

2018-06-10 23:09:44 - [TEST_STEP][PASSED] - click: Object: 'Object Repository/HealthpostToCms/Page_HealthPost Store/button_Add' is clicked on

2018-06-10 23:09:45 - [MESSAGE][PASSED] - Object: 'Object Repository/HealthpostToCms/Page_HealthPost Store/button_Add' is clicked on

2018-06-10 23:09:45 - [TEST_STEP][PASSED] - delay: Delayed 1 second(s)

2018-06-10 23:09:46 - [MESSAGE][PASSED] - Delayed 1 second(s)

2018-06-10 23:09:46 - [TEST_STEP][PASSED] - selectOptionByIndex: All options with index in [1] are selected on object 'Object Repository/HealthpostToCms/Page_HealthPost Store/select_--Select--Schedule 1Inj'

2018-06-10 23:09:46 - [MESSAGE][PASSED] - All options with index in [1] are selected on object 'Object Repository/HealthpostToCms/Page_HealthPost Store/select_--Select--Schedule 1Inj'

2018-06-10 23:09:46 - [TEST_STEP][PASSED] - delay: Delayed 1 second(s)

2018-06-10 23:09:47 - [MESSAGE][PASSED] - Delayed 1 second(s)

2018-06-10 23:09:47 - [TEST_STEP][PASSED] - selectOptionByIndex: All options with index in [60] are selected on object 'Object Repository/HealthpostToCms/Page_HealthPost Store/select_--Select--Adernaline 0.'

2018-06-10 23:09:47 - [MESSAGE][PASSED] - All options with index in [60] are selected on object 'Object Repository/HealthpostToCms/Page_HealthPost Store/select_--Select--Adernaline 0.'

2018-06-10 23:09:47 - [TEST_STEP][PASSED] - setText: Text '100' is set on object 'Object Repository/HealthpostToCms/Page_HealthPost Store/input_txttreat'

2018-06-10 23:09:47 - [MESSAGE][PASSED] - Text '100' is set on object 'Object Repository/HealthpostToCms/Page_HealthPost Store/input_txttreat'

2018-06-10 23:09:47 - [TEST_STEP][PASSED] - click: Object: 'Object Repository/HealthpostToCms/Page_HealthPost Store/button_Add' is clicked on

2018-06-10 23:09:48 - [MESSAGE][PASSED] - Object: 'Object Repository/HealthpostToCms/Page_HealthPost Store/button_Add' is clicked on

2018-06-10 23:09:48 - [TEST_STEP][PASSED] - delay: Delayed 1 second(s)

2018-06-10 23:09:49 - [MESSAGE][PASSED] - Delayed 1 second(s)

2018-06-10 23:09:49 - [TEST_STEP][PASSED] - selectOptionByIndex: All options with index in [1] are selected on object 'Object Repository/HealthpostToCms/Page_HealthPost Store/select_--Select--Schedule 1Inj'

2018-06-10 23:09:49 - [MESSAGE][PASSED] - All options with index in [1] are selected on object 'Object Repository/HealthpostToCms/Page_HealthPost Store/select_--Select--Schedule 1Inj'

2018-06-10 23:09:49 - [TEST_STEP][PASSED] - delay: Delayed 1 second(s)

2018-06-10 23:09:50 - [MESSAGE][PASSED] - Delayed 1 second(s)

2018-06-10 23:09:50 - [TEST_STEP][PASSED] - selectOptionByIndex: All options with index in [61] are selected on object 'Object Repository/HealthpostToCms/Page_HealthPost Store/select_--Select--Adernaline 0.'

2018-06-10 23:09:50 - [MESSAGE][PASSED] - All options with index in [61] are selected on object 'Object Repository/HealthpostToCms/Page_HealthPost Store/select_--Select--Adernaline 0.'

2018-06-10 23:09:50 - [TEST_STEP][PASSED] - setText: Text '100' is set on object 'Object Repository/HealthpostToCms/Page_HealthPost Store/input_txttreat'

2018-06-10 23:09:51 - [MESSAGE][PASSED] - Text '100' is set on object 'Object Repository/HealthpostToCms/Page_HealthPost Store/input_txttreat'

2018-06-10 23:09:51 - [TEST_STEP][PASSED] - click: Object: 'Object Repository/HealthpostToCms/Page_HealthPost Store/button_Add' is clicked on

2018-06-10 23:09:51 - [MESSAGE][PASSED] - Object: 'Object Repository/HealthpostToCms/Page_HealthPost Store/button_Add' is clicked on

2018-06-10 23:09:51 - [TEST_STEP][PASSED] - delay: Delayed 1 second(s)

2018-06-10 23:09:52 - [MESSAGE][PASSED] - Delayed 1 second(s)

2018-06-10 23:09:52 - [TEST_STEP][PASSED] - selectOptionByIndex: All options with index in [1] are selected on object 'Object Repository/HealthpostToCms/Page_HealthPost Store/select_--Select--Schedule 1Inj'

2018-06-10 23:09:52 - [MESSAGE][PASSED] - All options with index in [1] are selected on object 'Object Repository/HealthpostToCms/Page_HealthPost Store/select_--Select--Schedule 1Inj'

2018-06-10 23:09:52 - [TEST_STEP][PASSED] - delay: Delayed 1 second(s)

2018-06-10 23:09:53 - [MESSAGE][PASSED] - Delayed 1 second(s)

2018-06-10 23:09:53 - [TEST_STEP][PASSED] - selectOptionByIndex: All options with index in [62] are selected on object 'Object Repository/HealthpostToCms/Page_HealthPost Store/select_--Select--Adernaline 0.'

2018-06-10 23:09:54 - [MESSAGE][PASSED] - All options with index in [62] are selected on object 'Object Repository/HealthpostToCms/Page_HealthPost Store/select_--Select--Adernaline 0.'

2018-06-10 23:09:54 - [TEST_STEP][PASSED] - setText: Text '100' is set on object 'Object Repository/HealthpostToCms/Page_HealthPost Store/input_txttreat'

2018-06-10 23:09:54 - [MESSAGE][PASSED] - Text '100' is set on object 'Object Repository/HealthpostToCms/Page_HealthPost Store/input_txttreat'

2018-06-10 23:09:54 - [TEST_STEP][PASSED] - click: Object: 'Object Repository/HealthpostToCms/Page_HealthPost Store/button_Add' is clicked on

2018-06-10 23:09:54 - [MESSAGE][PASSED] - Object: 'Object Repository/HealthpostToCms/Page_HealthPost Store/button_Add' is clicked on

2018-06-10 23:09:54 - [TEST_STEP][PASSED] - delay: Delayed 1 second(s)

2018-06-10 23:09:55 - [MESSAGE][PASSED] - Delayed 1 second(s)

2018-06-10 23:09:55 - [TEST_STEP][PASSED] - scrollToElement: Scroll to object 'Object Repository/HealthpostToCms/Page_HealthPost Store/input_btnsave' successfully

2018-06-10 23:09:55 - [MESSAGE][PASSED] - Scroll to object 'Object Repository/HealthpostToCms/Page_HealthPost Store/input_btnsave' successfully

2018-06-10 23:09:55 - [TEST_STEP][PASSED] - click: Object: 'Object Repository/HealthpostToCms/Page_HealthPost Store/input_btnsave' is clicked on

2018-06-10 23:09:55 - [MESSAGE][PASSED] - Object: 'Object Repository/HealthpostToCms/Page_HealthPost Store/input_btnsave' is clicked on

2018-06-10 23:09:55 - [TEST_STEP][PASSED] - delay: Delayed 3 second(s)

2018-06-10 23:09:58 - [MESSAGE][PASSED] - Delayed 3 second(s)

2018-06-10 23:09:58 - [TEST_STEP][PASSED] - Statement - RN1 = com.kms.katalon.core.webui.keyword.WebUiBuiltInKeywords.getText(com.kms.katalon.core.testobject.ObjectRepository.findTestObject(HealthpostToCms/Page_HealthPost Store/font_PRNO18052018174)): Text of object 'Object Repository/HealthpostToCms/Page_HealthPost Store/font_PRNO18052018174' is: 'PRNO/10062018/822'

2018-06-10 23:09:58 - [MESSAGE][PASSED] - Text of object 'Object Repository/HealthpostToCms/Page_HealthPost Store/font_PRNO18052018174' is: 'PRNO/10062018/822'

2018-06-10 23:09:58 - [TEST_STEP][PASSED] - Statement - out.println(RN1): null

2018-06-10 23:09:58 - [TEST_STEP][PASSED] - Statement - RID = RN1.split("/")[2]: null

2018-06-10 23:09:58 - [TEST_STEP][PASSED] - click: Object: 'Object Repository/HealthpostToCms/Page_HealthPost Store/button_OK' is clicked on

2018-06-10 23:09:58 - [MESSAGE][PASSED] - Object: 'Object Repository/HealthpostToCms/Page_HealthPost Store/button_OK' is clicked on

2018-06-10 23:09:58 - [TEST_STEP][PASSED] - delay: Delayed 3 second(s)

2018-06-10 23:10:01 - [MESSAGE][PASSED] - Delayed 3 second(s)

2018-06-10 23:10:01 - [TEST_STEP][PASSED] - click: Object: 'Object Repository/HealthpostToCms/Page_HealthPost Store/a_dropdown-toggle' is clicked on

2018-06-10 23:10:02 - [MESSAGE][PASSED] - Object: 'Object Repository/HealthpostToCms/Page_HealthPost Store/a_dropdown-toggle' is clicked on

2018-06-10 23:10:02 - [TEST_STEP][PASSED] - click: Object: 'Object Repository/HealthpostToCms/Page_HealthPost Store/a_Sign out' is clicked on

2018-06-10 23:10:02 - [MESSAGE][PASSED] - Object: 'Object Repository/HealthpostToCms/Page_HealthPost Store/a_Sign out' is clicked on

2018-06-10 23:10:02 - [TEST_STEP][PASSED] - delay: Delayed 3 second(s)

2018-06-10 23:10:05 - [MESSAGE][PASSED] - Delayed 3 second(s)

2018-06-10 23:10:05 - [TEST_STEP][PASSED] - navigateToUrl: Navigate to 'http://192.168.137.1/multihospital_new/' successfully

2018-06-10 23:10:06 - [MESSAGE][PASSED] - Navigate to 'http://192.168.137.1/multihospital_new/' successfully

2018-06-10 23:10:06 - [TEST_STEP][PASSED] - click: Object: 'Object Repository/HealthpostToCms/Page_KDMC/a_CMO' is clicked on

2018-06-10 23:10:06 - [MESSAGE][PASSED] - Object: 'Object Repository/HealthpostToCms/Page_KDMC/a_CMO' is clicked on

2018-06-10 23:10:06 - [TEST_STEP][PASSED] - setText: Text 'guru' is set on object 'Object Repository/HealthpostToCms/Page_CMO login/input_txtusername'

2018-06-10 23:10:06 - [MESSAGE][PASSED] - Text 'guru' is set on object 'Object Repository/HealthpostToCms/Page_CMO login/input_txtusername'

2018-06-10 23:10:06 - [TEST_STEP][PASSED] - setText: Text '123' is set on object 'Object Repository/HealthpostToCms/Page_CMO login/input_txtpassword'

2018-06-10 23:10:07 - [MESSAGE][PASSED] - Text '123' is set on object 'Object Repository/HealthpostToCms/Page_CMO login/input_txtpassword'

2018-06-10 23:10:07 - [TEST_STEP][PASSED] - delay: Delayed 3 second(s)

2018-06-10 23:10:10 - [MESSAGE][PASSED] - Delayed 3 second(s)

2018-06-10 23:10:10 - [TEST_STEP][PASSED] - click: Object: 'Object Repository/HealthpostToCms/Page_CMO login/button_Sign in' is clicked on

2018-06-10 23:10:10 - [MESSAGE][PASSED] - Object: 'Object Repository/HealthpostToCms/Page_CMO login/button_Sign in' is clicked on

2018-06-10 23:10:10 - [TEST_STEP][PASSED] - delay: Delayed 3 second(s)

2018-06-10 23:10:13 - [MESSAGE][PASSED] - Delayed 3 second(s)

2018-06-10 23:10:13 - [TEST_STEP][PASSED] - click: Object: 'Object Repository/HealthpostToCms/Page_KDMC - CMO/a_CMS Request' is clicked on

2018-06-10 23:10:14 - [MESSAGE][PASSED] - Object: 'Object Repository/HealthpostToCms/Page_KDMC - CMO/a_CMS Request' is clicked on

2018-06-10 23:10:14 - [TEST_STEP][PASSED] - delay: Delayed 2 second(s)

2018-06-10 23:10:16 - [MESSAGE][PASSED] - Delayed 2 second(s)

2018-06-10 23:10:16 - [TEST_STEP][PASSED] - click: Object: 'Object Repository/HealthpostToCms/Page_KDMC - CMO/a_Healthpost Store Request' is clicked on

2018-06-10 23:10:16 - [MESSAGE][PASSED] - Object: 'Object Repository/HealthpostToCms/Page_KDMC - CMO/a_Healthpost Store Request' is clicked on

2018-06-10 23:10:16 - [TEST_STEP][PASSED] - selectOptionByIndex: All options with index in [1] are selected on object 'Object Repository/HealthpostToCms/Page_KDMC - CMO/select_--ALL--'

2018-06-10 23:10:16 - [MESSAGE][PASSED] - All options with index in [1] are selected on object 'Object Repository/HealthpostToCms/Page_KDMC - CMO/select_--ALL--'

2018-06-10 23:10:16 - [TEST_STEP][PASSED] - click: Object: 'Object Repository/HealthpostToCms/Page_KDMC - CMO/input_btnsearch' is clicked on

2018-06-10 23:10:17 - [MESSAGE][PASSED] - Object: 'Object Repository/HealthpostToCms/Page_KDMC - CMO/input_btnsearch' is clicked on

2018-06-10 23:10:17 - [TEST_STEP][PASSED] - Statement - ID = com.kms.katalon.core.webui.keyword.WebUiBuiltInKeywords.modifyObjectProperty(com.kms.katalon.core.testobject.ObjectRepository.findTestObject(lab/Page_KDMC - CMO/input_1), "xpath", "equals", "//*[@id=" + RID + "]", true): Modify property of object successfully

2018-06-10 23:10:17 - [MESSAGE][PASSED] - Modify property of object successfully

2018-06-10 23:10:17 - [TEST_STEP][PASSED] - click: Object: 'Object Repository/lab/Page_KDMC - CMO/input_1' is clicked on

2018-06-10 23:10:17 - [MESSAGE][PASSED] - Object: 'Object Repository/lab/Page_KDMC - CMO/input_1' is clicked on

2018-06-10 23:10:17 - [TEST_STEP][PASSED] - delay: Delayed 2 second(s)

2018-06-10 23:10:19 - [MESSAGE][PASSED] - Delayed 2 second(s)

2018-06-10 23:10:19 - [TEST_STEP][PASSED] - selectOptionByIndex: All options with index in [1] are selected on object 'Object Repository/HealthpostToCms/Page_KDMC - CMO/select_--Select--'

2018-06-10 23:10:20 - [MESSAGE][PASSED] - All options with index in [1] are selected on object 'Object Repository/HealthpostToCms/Page_KDMC - CMO/select_--Select--'

2018-06-10 23:10:20 - [TEST_STEP][PASSED] - click: Object: 'Object Repository/HealthpostToCms/Page_KDMC - CMO/input_btnupdate' is clicked on

2018-06-10 23:10:20 - [MESSAGE][PASSED] - Object: 'Object Repository/HealthpostToCms/Page_KDMC - CMO/input_btnupdate' is clicked on

2018-06-10 23:10:20 - [TEST_STEP][PASSED] - delay: Delayed 2 second(s)

2018-06-10 23:10:22 - [MESSAGE][PASSED] - Delayed 2 second(s)

2018-06-10 23:10:22 - [TEST_STEP][PASSED] - click: Object: 'Object Repository/HealthpostToCms/Page_KDMC - CMO/button_OK' is clicked on

2018-06-10 23:10:22 - [MESSAGE][PASSED] - Object: 'Object Repository/HealthpostToCms/Page_KDMC - CMO/button_OK' is clicked on

2018-06-10 23:10:22 - [TEST_STEP][PASSED] - delay: Delayed 3 second(s)

2018-06-10 23:10:25 - [MESSAGE][PASSED] - Delayed 3 second(s)

2018-06-10 23:10:25 - [TEST_STEP][PASSED] - click: Object: 'Object Repository/HealthpostToCms/Page_KDMC - CMO/a_dropdown-toggle' is clicked on

2018-06-10 23:10:25 - [MESSAGE][PASSED] - Object: 'Object Repository/HealthpostToCms/Page_KDMC - CMO/a_dropdown-toggle' is clicked on

2018-06-10 23:10:25 - [TEST_STEP][PASSED] - click: Object: 'Object Repository/HealthpostToCms/Page_KDMC - CMO/a_Sign out' is clicked on

2018-06-10 23:10:26 - [MESSAGE][PASSED] - Object: 'Object Repository/HealthpostToCms/Page_KDMC - CMO/a_Sign out' is clicked on

2018-06-10 23:10:26 - [TEST_STEP][PASSED] - delay: Delayed 3 second(s)

2018-06-10 23:10:29 - [MESSAGE][PASSED] - Delayed 3 second(s)

2018-06-10 23:10:29 - [TEST_STEP][PASSED] - click: Object: 'Object Repository/HealthpostToCms/Page_KDMC/a_CMS' is clicked on

2018-06-10 23:10:29 - [MESSAGE][PASSED] - Object: 'Object Repository/HealthpostToCms/Page_KDMC/a_CMS' is clicked on

2018-06-10 23:10:29 - [TEST_STEP][PASSED] - setText: Text 'bala' is set on object 'Object Repository/HealthpostToCms/Page_CMS login/input_txtusername'

2018-06-10 23:10:29 - [MESSAGE][PASSED] - Text 'bala' is set on object 'Object Repository/HealthpostToCms/Page_CMS login/input_txtusername'

2018-06-10 23:10:29 - [TEST_STEP][PASSED] - setText: Text '123' is set on object 'Object Repository/HealthpostToCms/Page_CMS login/input_txtpassword'

2018-06-10 23:10:29 - [MESSAGE][PASSED] - Text '123' is set on object 'Object Repository/HealthpostToCms/Page_CMS login/input_txtpassword'

2018-06-10 23:10:29 - [TEST_STEP][PASSED] - delay: Delayed 3 second(s)

2018-06-10 23:10:32 - [MESSAGE][PASSED] - Delayed 3 second(s)

2018-06-10 23:10:32 - [TEST_STEP][PASSED] - click: Object: 'Object Repository/HealthpostToCms/Page_CMS login/button_Sign in' is clicked on

2018-06-10 23:10:33 - [MESSAGE][PASSED] - Object: 'Object Repository/HealthpostToCms/Page_CMS login/button_Sign in' is clicked on

2018-06-10 23:10:33 - [TEST_STEP][PASSED] - delay: Delayed 3 second(s)

2018-06-10 23:10:36 - [MESSAGE][PASSED] - Delayed 3 second(s)

2018-06-10 23:10:36 - [TEST_STEP][PASSED] - click: Object: 'Object Repository/HealthpostToCms/Page_KDMC - CMS/a_Divisional Store' is clicked on

2018-06-10 23:10:36 - [MESSAGE][PASSED] - Object: 'Object Repository/HealthpostToCms/Page_KDMC - CMS/a_Divisional Store' is clicked on

2018-06-10 23:10:36 - [TEST_STEP][PASSED] - delay: Delayed 2 second(s)

2018-06-10 23:10:38 - [MESSAGE][PASSED] - Delayed 2 second(s)

2018-06-10 23:10:38 - [TEST_STEP][PASSED] - click: Object: 'Object Repository/HealthpostToCms/Page_KDMC - CMS/a_Dispatch Items' is clicked on

2018-06-10 23:10:39 - [MESSAGE][PASSED] - Object: 'Object Repository/HealthpostToCms/Page_KDMC - CMS/a_Dispatch Items' is clicked on

2018-06-10 23:10:39 - [TEST_STEP][PASSED] - delay: Delayed 2 second(s)

2018-06-10 23:10:41 - [MESSAGE][PASSED] - Delayed 2 second(s)

2018-06-10 23:10:41 - [TEST_STEP][PASSED] - setText: Text 'PRNO/10062018/822' is set on object 'Object Repository/HealthpostToCms/Page_KDMC - CMS/input'

2018-06-10 23:10:41 - [MESSAGE][PASSED] - Text 'PRNO/10062018/822' is set on object 'Object Repository/HealthpostToCms/Page_KDMC - CMS/input'

2018-06-10 23:10:41 - [TEST_STEP][PASSED] - click: Object: 'Object Repository/HealthpostToCms/Page_KDMC - CMS/input_PRNO18052018174' is clicked on

2018-06-10 23:10:41 - [MESSAGE][PASSED] - Object: 'Object Repository/HealthpostToCms/Page_KDMC - CMS/input_PRNO18052018174' is clicked on

2018-06-10 23:10:41 - [TEST_STEP][PASSED] - delay: Delayed 3 second(s)

2018-06-10 23:10:44 - [MESSAGE][PASSED] - Delayed 3 second(s)

2018-06-10 23:10:44 - [TEST_STEP][PASSED] - Statement - out.println("Length : " + medicineslength): null

2018-06-10 23:10:44 - [TEST_STEP][PASSED] - Statement - For ([row = 0, row < medicineslength - 1, (row++)]): null

2018-06-10 23:10:44 - [TEST_STEP][PASSED] - Statement - batchlength = new com.kms.katalon.core.testobject.TestObject(): null

2018-06-10 23:10:44 - [TEST_STEP][PASSED] - Statement - batchlength = com.kms.katalon.core.webui.keyword.WebUiBuiltInKeywords.modifyObjectProperty(batchlength, "xpath", "equals", "//*[@id = "fldvendor" + row + ""]", true): Modify property of object successfully

2018-06-10 23:10:44 - [MESSAGE][PASSED] - Modify property of object successfully

2018-06-10 23:10:44 - [TEST_STEP][PASSED] - Statement - batchsize = com.kms.katalon.core.webui.keyword.WebUiBuiltInKeywords.getNumberOfTotalOption(batchlength): 0 options of object '' counted

2018-06-10 23:10:45 - [MESSAGE][PASSED] - 0 options of object '' counted

2018-06-10 23:10:45 - [TEST_STEP][PASSED] - Statement - out.println("BatchSize : " + batchsize): null

2018-06-10 23:10:45 - [TEST_STEP][PASSED] - Statement - For ([n = 1, n <= batchsize - 1, (n++)]): null

2018-06-10 23:10:45 - [TEST_STEP][PASSED] - Statement - batchlength = new com.kms.katalon.core.testobject.TestObject(): null

2018-06-10 23:10:45 - [TEST_STEP][PASSED] - Statement - batchlength = com.kms.katalon.core.webui.keyword.WebUiBuiltInKeywords.modifyObjectProperty(batchlength, "xpath", "equals", "//*[@id = "fldvendor" + row + ""]", true): Modify property of object successfully

2018-06-10 23:10:45 - [MESSAGE][PASSED] - Modify property of object successfully

2018-06-10 23:10:45 - [TEST_STEP][PASSED] - Statement - batchsize = com.kms.katalon.core.webui.keyword.WebUiBuiltInKeywords.getNumberOfTotalOption(batchlength): 18 options of object '' counted

2018-06-10 23:10:45 - [MESSAGE][PASSED] - 18 options of object '' counted

2018-06-10 23:10:45 - [TEST_STEP][PASSED] - Statement - out.println("BatchSize : " + batchsize): null

2018-06-10 23:10:45 - [TEST_STEP][PASSED] - Statement - For ([n = 1, n <= batchsize - 1, (n++)]): null

2018-06-10 23:10:45 - [TEST_STEP][PASSED] - Statement - product = new com.kms.katalon.core.testobject.TestObject(): null

2018-06-10 23:10:45 - [TEST_STEP][PASSED] - Statement - product = com.kms.katalon.core.webui.keyword.WebUiBuiltInKeywords.modifyObjectProperty(product, "xpath", "equals", "//*[@id = "fldvendor" + row + ""]", true): Modify property of object successfully

2018-06-10 23:10:45 - [MESSAGE][PASSED] - Modify property of object successfully

2018-06-10 23:10:45 - [TEST_STEP][PASSED] - selectOptionByIndex: All options with index in [1] are selected on object ''

2018-06-10 23:10:45 - [MESSAGE][PASSED] - All options with index in [1] are selected on object ''

2018-06-10 23:10:45 - [TEST_STEP][PASSED] - Statement - batch = new com.kms.katalon.core.testobject.TestObject(): null

2018-06-10 23:10:45 - [TEST_STEP][PASSED] - Statement - batch = com.kms.katalon.core.webui.keyword.WebUiBuiltInKeywords.modifyObjectProperty(batch, "xpath", "equals", "//*[@id = "txtbthqty" + row + ""]", true): Modify property of object successfully

2018-06-10 23:10:45 - [MESSAGE][PASSED] - Modify property of object successfully

2018-06-10 23:10:45 - [TEST_STEP][PASSED] - Statement - batchqty = com.kms.katalon.core.webui.keyword.WebUiBuiltInKeywords.getAttribute(batch, "value").trim(): Attribute 'value' of object '' is: ''

2018-06-10 23:10:45 - [MESSAGE][PASSED] - Attribute 'value' of object '' is: ''

2018-06-10 23:10:45 - [TEST_STEP][PASSED] - Statement - Rqty = 100: null

2018-06-10 23:10:45 - [TEST_STEP][PASSED] - delay: Delayed 2 second(s)

2018-06-10 23:10:47 - [MESSAGE][PASSED] - Delayed 2 second(s)

2018-06-10 23:10:47 - [TEST_STEP][PASSED] - Statement - out.println("BatchQty : " + batchqty): null

2018-06-10 23:10:47 - [TEST_STEP][PASSED] - Statement - out.println("RQty : " + Rqty): null

2018-06-10 23:10:47 - [TEST_STEP][PASSED] - Statement - If (java.lang.Integer.valueOf(batchqty) >= java.lang.Integer.valueOf(Rqty)): null]]></system-out>
         <system-err><![CDATA[2018-06-10 23:06:45 - [TEST_CASE][ERROR] - Test Cases/HEALTHPOST TEST CASES/TC_HP_013 Verify Schedule 1 Healthpost To CMS Request Are Working Successfully Or Not: Test Cases/HEALTHPOST TEST CASES/TC_HP_013 Verify Schedule 1 Healthpost To CMS Request Are Working Successfully Or Not FAILED because (of) java.lang.NumberFormatException: For input string: ""]]></system-err>
      </testcase>
      <testcase name="Test Cases/HEALTHPOST TEST CASES/TC_HP_023 Verify Schedule 11 Healthpost To CMS Request Are Working Successfully Or Not" classname="Test Cases/HEALTHPOST TEST CASES/TC_HP_023 Verify Schedule 11 Healthpost To CMS Request Are Working Successfully Or Not" status="ERROR">
         <error type="ERROR" message="Test Cases/HEALTHPOST TEST CASES/TC_HP_023 Verify Schedule 11 Healthpost To CMS Request Are Working Successfully Or Not FAILED because (of) java.lang.NumberFormatException: For input string: &quot;&quot;"/>
         <system-out><![CDATA[2018-06-10 23:10:47 - [TEST_CASE][ERROR] - Test Cases/HEALTHPOST TEST CASES/TC_HP_023 Verify Schedule 11 Healthpost To CMS Request Are Working Successfully Or Not: Test Cases/HEALTHPOST TEST CASES/TC_HP_023 Verify Schedule 11 Healthpost To CMS Request Are Working Successfully Or Not FAILED because (of) java.lang.NumberFormatException: For input string: ""

2018-06-10 23:10:48 - [TEST_STEP][PASSED] - openBrowser: Browser is opened with url: ''

2018-06-10 23:10:48 - [MESSAGE][WARNING] - A browser is already opened. Closing browser and opening a new one

2018-06-10 23:10:50 - [MESSAGE][PASSED] - Browser is opened with url: ''

2018-06-10 23:10:50 - [TEST_STEP][PASSED] - navigateToUrl: Navigate to 'http://192.168.137.1/multihospital_new/HDSplashscreen.aspx' successfully

2018-06-10 23:10:52 - [MESSAGE][PASSED] - Navigate to 'http://192.168.137.1/multihospital_new/HDSplashscreen.aspx' successfully

2018-06-10 23:10:52 - [TEST_STEP][PASSED] - maximizeWindow: Current window maximized

2018-06-10 23:10:53 - [MESSAGE][PASSED] - Current window maximized

2018-06-10 23:10:53 - [TEST_STEP][PASSED] - click: Object: 'Object Repository/HealthpostToCms/Page_KDMC/a_Healthpost Store' is clicked on

2018-06-10 23:10:54 - [MESSAGE][PASSED] - Object: 'Object Repository/HealthpostToCms/Page_KDMC/a_Healthpost Store' is clicked on

2018-06-10 23:10:54 - [TEST_STEP][PASSED] - setText: Text 'raguram' is set on object 'Object Repository/HealthpostToCms/Page_HealthPost Store Login/input_txtusername'

2018-06-10 23:10:54 - [MESSAGE][PASSED] - Text 'raguram' is set on object 'Object Repository/HealthpostToCms/Page_HealthPost Store Login/input_txtusername'

2018-06-10 23:10:54 - [TEST_STEP][PASSED] - setText: Text '123' is set on object 'Object Repository/HealthpostToCms/Page_HealthPost Store Login/input_txtpassword'

2018-06-10 23:10:54 - [MESSAGE][PASSED] - Text '123' is set on object 'Object Repository/HealthpostToCms/Page_HealthPost Store Login/input_txtpassword'

2018-06-10 23:10:54 - [TEST_STEP][PASSED] - delay: Delayed 3 second(s)

2018-06-10 23:10:57 - [MESSAGE][PASSED] - Delayed 3 second(s)

2018-06-10 23:10:57 - [TEST_STEP][PASSED] - click: Object: 'Object Repository/HealthpostToCms/Page_HealthPost Store Login/button_Sign in' is clicked on

2018-06-10 23:10:58 - [MESSAGE][PASSED] - Object: 'Object Repository/HealthpostToCms/Page_HealthPost Store Login/button_Sign in' is clicked on

2018-06-10 23:10:58 - [TEST_STEP][PASSED] - delay: Delayed 3 second(s)

2018-06-10 23:11:01 - [MESSAGE][PASSED] - Delayed 3 second(s)

2018-06-10 23:11:01 - [TEST_STEP][PASSED] - waitForElementPresent: Object 'Object Repository/HealthpostToCms/Page_HealthPost Store/a_CMS' is present

2018-06-10 23:11:01 - [MESSAGE][PASSED] - Object 'Object Repository/HealthpostToCms/Page_HealthPost Store/a_CMS' is present

2018-06-10 23:11:01 - [TEST_STEP][PASSED] - click: Object: 'Object Repository/HealthpostToCms/Page_HealthPost Store/a_CMS' is clicked on

2018-06-10 23:11:01 - [MESSAGE][PASSED] - Object: 'Object Repository/HealthpostToCms/Page_HealthPost Store/a_CMS' is clicked on

2018-06-10 23:11:01 - [TEST_STEP][PASSED] - click: Object: 'Object Repository/HealthpostToCms/Page_HealthPost Store/a_Request Send' is clicked on

2018-06-10 23:11:02 - [MESSAGE][PASSED] - Object: 'Object Repository/HealthpostToCms/Page_HealthPost Store/a_Request Send' is clicked on

2018-06-10 23:11:02 - [TEST_STEP][PASSED] - delay: Delayed 2 second(s)

2018-06-10 23:11:04 - [MESSAGE][PASSED] - Delayed 2 second(s)

2018-06-10 23:11:04 - [TEST_STEP][PASSED] - selectOptionByIndex: All options with index in [2] are selected on object 'Object Repository/HealthpostToCms/Page_HealthPost Store/select_--Select--'

2018-06-10 23:11:04 - [MESSAGE][PASSED] - All options with index in [2] are selected on object 'Object Repository/HealthpostToCms/Page_HealthPost Store/select_--Select--'

2018-06-10 23:11:04 - [TEST_STEP][PASSED] - selectOptionByIndex: All options with index in [11] are selected on object 'Object Repository/HealthpostToCms/Page_HealthPost Store/select_--Select--Schedule 1Inj'

2018-06-10 23:11:04 - [MESSAGE][PASSED] - All options with index in [11] are selected on object 'Object Repository/HealthpostToCms/Page_HealthPost Store/select_--Select--Schedule 1Inj'

2018-06-10 23:11:04 - [TEST_STEP][PASSED] - Statement - medicineslength = com.kms.katalon.core.webui.keyword.WebUiBuiltInKeywords.getNumberOfTotalOption(com.kms.katalon.core.testobject.ObjectRepository.findTestObject(HealthpostToCms/Page_HealthPost Store/select_--Select--Adernaline 0.)): 81 options of object 'Object Repository/HealthpostToCms/Page_HealthPost Store/select_--Select--Adernaline 0.' counted

2018-06-10 23:11:04 - [MESSAGE][PASSED] - 81 options of object 'Object Repository/HealthpostToCms/Page_HealthPost Store/select_--Select--Adernaline 0.' counted

2018-06-10 23:11:04 - [TEST_STEP][PASSED] - Statement - For ([e = 1, e <= medicineslength - 1, (e++)]): Delayed 2 second(s)

2018-06-10 23:11:04 - [TEST_STEP][PASSED] - selectOptionByIndex: All options with index in [11] are selected on object 'Object Repository/HealthpostToCms/Page_HealthPost Store/select_--Select--Schedule 1Inj'

2018-06-10 23:11:04 - [MESSAGE][PASSED] - All options with index in [11] are selected on object 'Object Repository/HealthpostToCms/Page_HealthPost Store/select_--Select--Schedule 1Inj'

2018-06-10 23:11:04 - [TEST_STEP][PASSED] - delay: Delayed 1 second(s)

2018-06-10 23:11:05 - [MESSAGE][PASSED] - Delayed 1 second(s)

2018-06-10 23:11:05 - [TEST_STEP][PASSED] - selectOptionByIndex: All options with index in [1] are selected on object 'Object Repository/HealthpostToCms/Page_HealthPost Store/select_--Select--Adernaline 0.'

2018-06-10 23:11:06 - [MESSAGE][PASSED] - All options with index in [1] are selected on object 'Object Repository/HealthpostToCms/Page_HealthPost Store/select_--Select--Adernaline 0.'

2018-06-10 23:11:06 - [TEST_STEP][PASSED] - setText: Text '100' is set on object 'Object Repository/HealthpostToCms/Page_HealthPost Store/input_txttreat'

2018-06-10 23:11:06 - [MESSAGE][PASSED] - Text '100' is set on object 'Object Repository/HealthpostToCms/Page_HealthPost Store/input_txttreat'

2018-06-10 23:11:06 - [TEST_STEP][PASSED] - click: Object: 'Object Repository/HealthpostToCms/Page_HealthPost Store/button_Add' is clicked on

2018-06-10 23:11:06 - [MESSAGE][PASSED] - Object: 'Object Repository/HealthpostToCms/Page_HealthPost Store/button_Add' is clicked on

2018-06-10 23:11:06 - [TEST_STEP][PASSED] - delay: Delayed 2 second(s)

2018-06-10 23:11:08 - [MESSAGE][PASSED] - Delayed 2 second(s)

2018-06-10 23:11:08 - [TEST_STEP][PASSED] - selectOptionByIndex: All options with index in [11] are selected on object 'Object Repository/HealthpostToCms/Page_HealthPost Store/select_--Select--Schedule 1Inj'

2018-06-10 23:11:08 - [MESSAGE][PASSED] - All options with index in [11] are selected on object 'Object Repository/HealthpostToCms/Page_HealthPost Store/select_--Select--Schedule 1Inj'

2018-06-10 23:11:08 - [TEST_STEP][PASSED] - delay: Delayed 1 second(s)

2018-06-10 23:11:09 - [MESSAGE][PASSED] - Delayed 1 second(s)

2018-06-10 23:11:09 - [TEST_STEP][PASSED] - selectOptionByIndex: All options with index in [2] are selected on object 'Object Repository/HealthpostToCms/Page_HealthPost Store/select_--Select--Adernaline 0.'

2018-06-10 23:11:09 - [MESSAGE][PASSED] - All options with index in [2] are selected on object 'Object Repository/HealthpostToCms/Page_HealthPost Store/select_--Select--Adernaline 0.'

2018-06-10 23:11:09 - [TEST_STEP][PASSED] - setText: Text '100' is set on object 'Object Repository/HealthpostToCms/Page_HealthPost Store/input_txttreat'

2018-06-10 23:11:09 - [MESSAGE][PASSED] - Text '100' is set on object 'Object Repository/HealthpostToCms/Page_HealthPost Store/input_txttreat'

2018-06-10 23:11:09 - [TEST_STEP][PASSED] - click: Object: 'Object Repository/HealthpostToCms/Page_HealthPost Store/button_Add' is clicked on

2018-06-10 23:11:09 - [MESSAGE][PASSED] - Object: 'Object Repository/HealthpostToCms/Page_HealthPost Store/button_Add' is clicked on

2018-06-10 23:11:09 - [TEST_STEP][PASSED] - delay: Delayed 2 second(s)

2018-06-10 23:11:11 - [MESSAGE][PASSED] - Delayed 2 second(s)

2018-06-10 23:11:11 - [TEST_STEP][PASSED] - selectOptionByIndex: All options with index in [11] are selected on object 'Object Repository/HealthpostToCms/Page_HealthPost Store/select_--Select--Schedule 1Inj'

2018-06-10 23:11:12 - [MESSAGE][PASSED] - All options with index in [11] are selected on object 'Object Repository/HealthpostToCms/Page_HealthPost Store/select_--Select--Schedule 1Inj'

2018-06-10 23:11:12 - [TEST_STEP][PASSED] - delay: Delayed 1 second(s)

2018-06-10 23:11:13 - [MESSAGE][PASSED] - Delayed 1 second(s)

2018-06-10 23:11:13 - [TEST_STEP][PASSED] - selectOptionByIndex: All options with index in [3] are selected on object 'Object Repository/HealthpostToCms/Page_HealthPost Store/select_--Select--Adernaline 0.'

2018-06-10 23:11:13 - [MESSAGE][PASSED] - All options with index in [3] are selected on object 'Object Repository/HealthpostToCms/Page_HealthPost Store/select_--Select--Adernaline 0.'

2018-06-10 23:11:13 - [TEST_STEP][PASSED] - setText: Text '100' is set on object 'Object Repository/HealthpostToCms/Page_HealthPost Store/input_txttreat'

2018-06-10 23:11:13 - [MESSAGE][PASSED] - Text '100' is set on object 'Object Repository/HealthpostToCms/Page_HealthPost Store/input_txttreat'

2018-06-10 23:11:13 - [TEST_STEP][PASSED] - click: Object: 'Object Repository/HealthpostToCms/Page_HealthPost Store/button_Add' is clicked on

2018-06-10 23:11:13 - [MESSAGE][PASSED] - Object: 'Object Repository/HealthpostToCms/Page_HealthPost Store/button_Add' is clicked on

2018-06-10 23:11:13 - [TEST_STEP][PASSED] - delay: Delayed 2 second(s)

2018-06-10 23:11:15 - [MESSAGE][PASSED] - Delayed 2 second(s)

2018-06-10 23:11:15 - [TEST_STEP][PASSED] - selectOptionByIndex: All options with index in [11] are selected on object 'Object Repository/HealthpostToCms/Page_HealthPost Store/select_--Select--Schedule 1Inj'

2018-06-10 23:11:15 - [MESSAGE][PASSED] - All options with index in [11] are selected on object 'Object Repository/HealthpostToCms/Page_HealthPost Store/select_--Select--Schedule 1Inj'

2018-06-10 23:11:15 - [TEST_STEP][PASSED] - delay: Delayed 1 second(s)

2018-06-10 23:11:16 - [MESSAGE][PASSED] - Delayed 1 second(s)

2018-06-10 23:11:16 - [TEST_STEP][PASSED] - selectOptionByIndex: All options with index in [4] are selected on object 'Object Repository/HealthpostToCms/Page_HealthPost Store/select_--Select--Adernaline 0.'

2018-06-10 23:11:16 - [MESSAGE][PASSED] - All options with index in [4] are selected on object 'Object Repository/HealthpostToCms/Page_HealthPost Store/select_--Select--Adernaline 0.'

2018-06-10 23:11:16 - [TEST_STEP][PASSED] - setText: Text '100' is set on object 'Object Repository/HealthpostToCms/Page_HealthPost Store/input_txttreat'

2018-06-10 23:11:17 - [MESSAGE][PASSED] - Text '100' is set on object 'Object Repository/HealthpostToCms/Page_HealthPost Store/input_txttreat'

2018-06-10 23:11:17 - [TEST_STEP][PASSED] - click: Object: 'Object Repository/HealthpostToCms/Page_HealthPost Store/button_Add' is clicked on

2018-06-10 23:11:17 - [MESSAGE][PASSED] - Object: 'Object Repository/HealthpostToCms/Page_HealthPost Store/button_Add' is clicked on

2018-06-10 23:11:17 - [TEST_STEP][PASSED] - delay: Delayed 2 second(s)

2018-06-10 23:11:19 - [MESSAGE][PASSED] - Delayed 2 second(s)

2018-06-10 23:11:19 - [TEST_STEP][PASSED] - selectOptionByIndex: All options with index in [11] are selected on object 'Object Repository/HealthpostToCms/Page_HealthPost Store/select_--Select--Schedule 1Inj'

2018-06-10 23:11:19 - [MESSAGE][PASSED] - All options with index in [11] are selected on object 'Object Repository/HealthpostToCms/Page_HealthPost Store/select_--Select--Schedule 1Inj'

2018-06-10 23:11:19 - [TEST_STEP][PASSED] - delay: Delayed 1 second(s)

2018-06-10 23:11:20 - [MESSAGE][PASSED] - Delayed 1 second(s)

2018-06-10 23:11:20 - [TEST_STEP][PASSED] - selectOptionByIndex: All options with index in [5] are selected on object 'Object Repository/HealthpostToCms/Page_HealthPost Store/select_--Select--Adernaline 0.'

2018-06-10 23:11:20 - [MESSAGE][PASSED] - All options with index in [5] are selected on object 'Object Repository/HealthpostToCms/Page_HealthPost Store/select_--Select--Adernaline 0.'

2018-06-10 23:11:20 - [TEST_STEP][PASSED] - setText: Text '100' is set on object 'Object Repository/HealthpostToCms/Page_HealthPost Store/input_txttreat'

2018-06-10 23:11:20 - [MESSAGE][PASSED] - Text '100' is set on object 'Object Repository/HealthpostToCms/Page_HealthPost Store/input_txttreat'

2018-06-10 23:11:20 - [TEST_STEP][PASSED] - click: Object: 'Object Repository/HealthpostToCms/Page_HealthPost Store/button_Add' is clicked on

2018-06-10 23:11:20 - [MESSAGE][PASSED] - Object: 'Object Repository/HealthpostToCms/Page_HealthPost Store/button_Add' is clicked on

2018-06-10 23:11:20 - [TEST_STEP][PASSED] - delay: Delayed 2 second(s)

2018-06-10 23:11:22 - [MESSAGE][PASSED] - Delayed 2 second(s)

2018-06-10 23:11:22 - [TEST_STEP][PASSED] - selectOptionByIndex: All options with index in [11] are selected on object 'Object Repository/HealthpostToCms/Page_HealthPost Store/select_--Select--Schedule 1Inj'

2018-06-10 23:11:23 - [MESSAGE][PASSED] - All options with index in [11] are selected on object 'Object Repository/HealthpostToCms/Page_HealthPost Store/select_--Select--Schedule 1Inj'

2018-06-10 23:11:23 - [TEST_STEP][PASSED] - delay: Delayed 1 second(s)

2018-06-10 23:11:24 - [MESSAGE][PASSED] - Delayed 1 second(s)

2018-06-10 23:11:24 - [TEST_STEP][PASSED] - selectOptionByIndex: All options with index in [6] are selected on object 'Object Repository/HealthpostToCms/Page_HealthPost Store/select_--Select--Adernaline 0.'

2018-06-10 23:11:24 - [MESSAGE][PASSED] - All options with index in [6] are selected on object 'Object Repository/HealthpostToCms/Page_HealthPost Store/select_--Select--Adernaline 0.'

2018-06-10 23:11:24 - [TEST_STEP][PASSED] - setText: Text '100' is set on object 'Object Repository/HealthpostToCms/Page_HealthPost Store/input_txttreat'

2018-06-10 23:11:24 - [MESSAGE][PASSED] - Text '100' is set on object 'Object Repository/HealthpostToCms/Page_HealthPost Store/input_txttreat'

2018-06-10 23:11:24 - [TEST_STEP][PASSED] - click: Object: 'Object Repository/HealthpostToCms/Page_HealthPost Store/button_Add' is clicked on

2018-06-10 23:11:24 - [MESSAGE][PASSED] - Object: 'Object Repository/HealthpostToCms/Page_HealthPost Store/button_Add' is clicked on

2018-06-10 23:11:24 - [TEST_STEP][PASSED] - delay: Delayed 2 second(s)

2018-06-10 23:11:26 - [MESSAGE][PASSED] - Delayed 2 second(s)

2018-06-10 23:11:26 - [TEST_STEP][PASSED] - selectOptionByIndex: All options with index in [11] are selected on object 'Object Repository/HealthpostToCms/Page_HealthPost Store/select_--Select--Schedule 1Inj'

2018-06-10 23:11:26 - [MESSAGE][PASSED] - All options with index in [11] are selected on object 'Object Repository/HealthpostToCms/Page_HealthPost Store/select_--Select--Schedule 1Inj'

2018-06-10 23:11:26 - [TEST_STEP][PASSED] - delay: Delayed 1 second(s)

2018-06-10 23:11:27 - [MESSAGE][PASSED] - Delayed 1 second(s)

2018-06-10 23:11:27 - [TEST_STEP][PASSED] - selectOptionByIndex: All options with index in [7] are selected on object 'Object Repository/HealthpostToCms/Page_HealthPost Store/select_--Select--Adernaline 0.'

2018-06-10 23:11:27 - [MESSAGE][PASSED] - All options with index in [7] are selected on object 'Object Repository/HealthpostToCms/Page_HealthPost Store/select_--Select--Adernaline 0.'

2018-06-10 23:11:27 - [TEST_STEP][PASSED] - setText: Text '100' is set on object 'Object Repository/HealthpostToCms/Page_HealthPost Store/input_txttreat'

2018-06-10 23:11:27 - [MESSAGE][PASSED] - Text '100' is set on object 'Object Repository/HealthpostToCms/Page_HealthPost Store/input_txttreat'

2018-06-10 23:11:27 - [TEST_STEP][PASSED] - click: Object: 'Object Repository/HealthpostToCms/Page_HealthPost Store/button_Add' is clicked on

2018-06-10 23:11:27 - [MESSAGE][PASSED] - Object: 'Object Repository/HealthpostToCms/Page_HealthPost Store/button_Add' is clicked on

2018-06-10 23:11:27 - [TEST_STEP][PASSED] - delay: Delayed 2 second(s)

2018-06-10 23:11:29 - [MESSAGE][PASSED] - Delayed 2 second(s)

2018-06-10 23:11:29 - [TEST_STEP][PASSED] - selectOptionByIndex: All options with index in [11] are selected on object 'Object Repository/HealthpostToCms/Page_HealthPost Store/select_--Select--Schedule 1Inj'

2018-06-10 23:11:30 - [MESSAGE][PASSED] - All options with index in [11] are selected on object 'Object Repository/HealthpostToCms/Page_HealthPost Store/select_--Select--Schedule 1Inj'

2018-06-10 23:11:30 - [TEST_STEP][PASSED] - delay: Delayed 1 second(s)

2018-06-10 23:11:31 - [MESSAGE][PASSED] - Delayed 1 second(s)

2018-06-10 23:11:31 - [TEST_STEP][PASSED] - selectOptionByIndex: All options with index in [8] are selected on object 'Object Repository/HealthpostToCms/Page_HealthPost Store/select_--Select--Adernaline 0.'

2018-06-10 23:11:31 - [MESSAGE][PASSED] - All options with index in [8] are selected on object 'Object Repository/HealthpostToCms/Page_HealthPost Store/select_--Select--Adernaline 0.'

2018-06-10 23:11:31 - [TEST_STEP][PASSED] - setText: Text '100' is set on object 'Object Repository/HealthpostToCms/Page_HealthPost Store/input_txttreat'

2018-06-10 23:11:31 - [MESSAGE][PASSED] - Text '100' is set on object 'Object Repository/HealthpostToCms/Page_HealthPost Store/input_txttreat'

2018-06-10 23:11:31 - [TEST_STEP][PASSED] - click: Object: 'Object Repository/HealthpostToCms/Page_HealthPost Store/button_Add' is clicked on

2018-06-10 23:11:31 - [MESSAGE][PASSED] - Object: 'Object Repository/HealthpostToCms/Page_HealthPost Store/button_Add' is clicked on

2018-06-10 23:11:31 - [TEST_STEP][PASSED] - delay: Delayed 2 second(s)

2018-06-10 23:11:33 - [MESSAGE][PASSED] - Delayed 2 second(s)

2018-06-10 23:11:33 - [TEST_STEP][PASSED] - selectOptionByIndex: All options with index in [11] are selected on object 'Object Repository/HealthpostToCms/Page_HealthPost Store/select_--Select--Schedule 1Inj'

2018-06-10 23:11:33 - [MESSAGE][PASSED] - All options with index in [11] are selected on object 'Object Repository/HealthpostToCms/Page_HealthPost Store/select_--Select--Schedule 1Inj'

2018-06-10 23:11:33 - [TEST_STEP][PASSED] - delay: Delayed 1 second(s)

2018-06-10 23:11:34 - [MESSAGE][PASSED] - Delayed 1 second(s)

2018-06-10 23:11:34 - [TEST_STEP][PASSED] - selectOptionByIndex: All options with index in [9] are selected on object 'Object Repository/HealthpostToCms/Page_HealthPost Store/select_--Select--Adernaline 0.'

2018-06-10 23:11:35 - [MESSAGE][PASSED] - All options with index in [9] are selected on object 'Object Repository/HealthpostToCms/Page_HealthPost Store/select_--Select--Adernaline 0.'

2018-06-10 23:11:35 - [TEST_STEP][PASSED] - setText: Text '100' is set on object 'Object Repository/HealthpostToCms/Page_HealthPost Store/input_txttreat'

2018-06-10 23:11:35 - [MESSAGE][PASSED] - Text '100' is set on object 'Object Repository/HealthpostToCms/Page_HealthPost Store/input_txttreat'

2018-06-10 23:11:35 - [TEST_STEP][PASSED] - click: Object: 'Object Repository/HealthpostToCms/Page_HealthPost Store/button_Add' is clicked on

2018-06-10 23:11:35 - [MESSAGE][PASSED] - Object: 'Object Repository/HealthpostToCms/Page_HealthPost Store/button_Add' is clicked on

2018-06-10 23:11:35 - [TEST_STEP][PASSED] - delay: Delayed 2 second(s)

2018-06-10 23:11:37 - [MESSAGE][PASSED] - Delayed 2 second(s)

2018-06-10 23:11:37 - [TEST_STEP][PASSED] - selectOptionByIndex: All options with index in [11] are selected on object 'Object Repository/HealthpostToCms/Page_HealthPost Store/select_--Select--Schedule 1Inj'

2018-06-10 23:11:37 - [MESSAGE][PASSED] - All options with index in [11] are selected on object 'Object Repository/HealthpostToCms/Page_HealthPost Store/select_--Select--Schedule 1Inj'

2018-06-10 23:11:37 - [TEST_STEP][PASSED] - delay: Delayed 1 second(s)

2018-06-10 23:11:38 - [MESSAGE][PASSED] - Delayed 1 second(s)

2018-06-10 23:11:38 - [TEST_STEP][PASSED] - selectOptionByIndex: All options with index in [10] are selected on object 'Object Repository/HealthpostToCms/Page_HealthPost Store/select_--Select--Adernaline 0.'

2018-06-10 23:11:38 - [MESSAGE][PASSED] - All options with index in [10] are selected on object 'Object Repository/HealthpostToCms/Page_HealthPost Store/select_--Select--Adernaline 0.'

2018-06-10 23:11:38 - [TEST_STEP][PASSED] - setText: Text '100' is set on object 'Object Repository/HealthpostToCms/Page_HealthPost Store/input_txttreat'

2018-06-10 23:11:38 - [MESSAGE][PASSED] - Text '100' is set on object 'Object Repository/HealthpostToCms/Page_HealthPost Store/input_txttreat'

2018-06-10 23:11:38 - [TEST_STEP][PASSED] - click: Object: 'Object Repository/HealthpostToCms/Page_HealthPost Store/button_Add' is clicked on

2018-06-10 23:11:38 - [MESSAGE][PASSED] - Object: 'Object Repository/HealthpostToCms/Page_HealthPost Store/button_Add' is clicked on

2018-06-10 23:11:38 - [TEST_STEP][PASSED] - delay: Delayed 2 second(s)

2018-06-10 23:11:40 - [MESSAGE][PASSED] - Delayed 2 second(s)

2018-06-10 23:11:40 - [TEST_STEP][PASSED] - selectOptionByIndex: All options with index in [11] are selected on object 'Object Repository/HealthpostToCms/Page_HealthPost Store/select_--Select--Schedule 1Inj'

2018-06-10 23:11:41 - [MESSAGE][PASSED] - All options with index in [11] are selected on object 'Object Repository/HealthpostToCms/Page_HealthPost Store/select_--Select--Schedule 1Inj'

2018-06-10 23:11:41 - [TEST_STEP][PASSED] - delay: Delayed 1 second(s)

2018-06-10 23:11:42 - [MESSAGE][PASSED] - Delayed 1 second(s)

2018-06-10 23:11:42 - [TEST_STEP][PASSED] - selectOptionByIndex: All options with index in [11] are selected on object 'Object Repository/HealthpostToCms/Page_HealthPost Store/select_--Select--Adernaline 0.'

2018-06-10 23:11:42 - [MESSAGE][PASSED] - All options with index in [11] are selected on object 'Object Repository/HealthpostToCms/Page_HealthPost Store/select_--Select--Adernaline 0.'

2018-06-10 23:11:42 - [TEST_STEP][PASSED] - setText: Text '100' is set on object 'Object Repository/HealthpostToCms/Page_HealthPost Store/input_txttreat'

2018-06-10 23:11:42 - [MESSAGE][PASSED] - Text '100' is set on object 'Object Repository/HealthpostToCms/Page_HealthPost Store/input_txttreat'

2018-06-10 23:11:42 - [TEST_STEP][PASSED] - click: Object: 'Object Repository/HealthpostToCms/Page_HealthPost Store/button_Add' is clicked on

2018-06-10 23:11:42 - [MESSAGE][PASSED] - Object: 'Object Repository/HealthpostToCms/Page_HealthPost Store/button_Add' is clicked on

2018-06-10 23:11:42 - [TEST_STEP][PASSED] - delay: Delayed 2 second(s)

2018-06-10 23:11:44 - [MESSAGE][PASSED] - Delayed 2 second(s)

2018-06-10 23:11:44 - [TEST_STEP][PASSED] - selectOptionByIndex: All options with index in [11] are selected on object 'Object Repository/HealthpostToCms/Page_HealthPost Store/select_--Select--Schedule 1Inj'

2018-06-10 23:11:44 - [MESSAGE][PASSED] - All options with index in [11] are selected on object 'Object Repository/HealthpostToCms/Page_HealthPost Store/select_--Select--Schedule 1Inj'

2018-06-10 23:11:44 - [TEST_STEP][PASSED] - delay: Delayed 1 second(s)

2018-06-10 23:11:45 - [MESSAGE][PASSED] - Delayed 1 second(s)

2018-06-10 23:11:45 - [TEST_STEP][PASSED] - selectOptionByIndex: All options with index in [12] are selected on object 'Object Repository/HealthpostToCms/Page_HealthPost Store/select_--Select--Adernaline 0.'

2018-06-10 23:11:45 - [MESSAGE][PASSED] - All options with index in [12] are selected on object 'Object Repository/HealthpostToCms/Page_HealthPost Store/select_--Select--Adernaline 0.'

2018-06-10 23:11:45 - [TEST_STEP][PASSED] - setText: Text '100' is set on object 'Object Repository/HealthpostToCms/Page_HealthPost Store/input_txttreat'

2018-06-10 23:11:46 - [MESSAGE][PASSED] - Text '100' is set on object 'Object Repository/HealthpostToCms/Page_HealthPost Store/input_txttreat'

2018-06-10 23:11:46 - [TEST_STEP][PASSED] - click: Object: 'Object Repository/HealthpostToCms/Page_HealthPost Store/button_Add' is clicked on

2018-06-10 23:11:46 - [MESSAGE][PASSED] - Object: 'Object Repository/HealthpostToCms/Page_HealthPost Store/button_Add' is clicked on

2018-06-10 23:11:46 - [TEST_STEP][PASSED] - delay: Delayed 2 second(s)

2018-06-10 23:11:48 - [MESSAGE][PASSED] - Delayed 2 second(s)

2018-06-10 23:11:48 - [TEST_STEP][PASSED] - selectOptionByIndex: All options with index in [11] are selected on object 'Object Repository/HealthpostToCms/Page_HealthPost Store/select_--Select--Schedule 1Inj'

2018-06-10 23:11:48 - [MESSAGE][PASSED] - All options with index in [11] are selected on object 'Object Repository/HealthpostToCms/Page_HealthPost Store/select_--Select--Schedule 1Inj'

2018-06-10 23:11:48 - [TEST_STEP][PASSED] - delay: Delayed 1 second(s)

2018-06-10 23:11:49 - [MESSAGE][PASSED] - Delayed 1 second(s)

2018-06-10 23:11:49 - [TEST_STEP][PASSED] - selectOptionByIndex: All options with index in [13] are selected on object 'Object Repository/HealthpostToCms/Page_HealthPost Store/select_--Select--Adernaline 0.'

2018-06-10 23:11:49 - [MESSAGE][PASSED] - All options with index in [13] are selected on object 'Object Repository/HealthpostToCms/Page_HealthPost Store/select_--Select--Adernaline 0.'

2018-06-10 23:11:49 - [TEST_STEP][PASSED] - setText: Text '100' is set on object 'Object Repository/HealthpostToCms/Page_HealthPost Store/input_txttreat'

2018-06-10 23:11:49 - [MESSAGE][PASSED] - Text '100' is set on object 'Object Repository/HealthpostToCms/Page_HealthPost Store/input_txttreat'

2018-06-10 23:11:49 - [TEST_STEP][PASSED] - click: Object: 'Object Repository/HealthpostToCms/Page_HealthPost Store/button_Add' is clicked on

2018-06-10 23:11:49 - [MESSAGE][PASSED] - Object: 'Object Repository/HealthpostToCms/Page_HealthPost Store/button_Add' is clicked on

2018-06-10 23:11:49 - [TEST_STEP][PASSED] - delay: Delayed 2 second(s)

2018-06-10 23:11:51 - [MESSAGE][PASSED] - Delayed 2 second(s)

2018-06-10 23:11:51 - [TEST_STEP][PASSED] - selectOptionByIndex: All options with index in [11] are selected on object 'Object Repository/HealthpostToCms/Page_HealthPost Store/select_--Select--Schedule 1Inj'

2018-06-10 23:11:52 - [MESSAGE][PASSED] - All options with index in [11] are selected on object 'Object Repository/HealthpostToCms/Page_HealthPost Store/select_--Select--Schedule 1Inj'

2018-06-10 23:11:52 - [TEST_STEP][PASSED] - delay: Delayed 1 second(s)

2018-06-10 23:11:53 - [MESSAGE][PASSED] - Delayed 1 second(s)

2018-06-10 23:11:53 - [TEST_STEP][PASSED] - selectOptionByIndex: All options with index in [14] are selected on object 'Object Repository/HealthpostToCms/Page_HealthPost Store/select_--Select--Adernaline 0.'

2018-06-10 23:11:53 - [MESSAGE][PASSED] - All options with index in [14] are selected on object 'Object Repository/HealthpostToCms/Page_HealthPost Store/select_--Select--Adernaline 0.'

2018-06-10 23:11:53 - [TEST_STEP][PASSED] - setText: Text '100' is set on object 'Object Repository/HealthpostToCms/Page_HealthPost Store/input_txttreat'

2018-06-10 23:11:53 - [MESSAGE][PASSED] - Text '100' is set on object 'Object Repository/HealthpostToCms/Page_HealthPost Store/input_txttreat'

2018-06-10 23:11:53 - [TEST_STEP][PASSED] - click: Object: 'Object Repository/HealthpostToCms/Page_HealthPost Store/button_Add' is clicked on

2018-06-10 23:11:53 - [MESSAGE][PASSED] - Object: 'Object Repository/HealthpostToCms/Page_HealthPost Store/button_Add' is clicked on

2018-06-10 23:11:53 - [TEST_STEP][PASSED] - delay: Delayed 2 second(s)

2018-06-10 23:11:55 - [MESSAGE][PASSED] - Delayed 2 second(s)

2018-06-10 23:11:55 - [TEST_STEP][PASSED] - selectOptionByIndex: All options with index in [11] are selected on object 'Object Repository/HealthpostToCms/Page_HealthPost Store/select_--Select--Schedule 1Inj'

2018-06-10 23:11:55 - [MESSAGE][PASSED] - All options with index in [11] are selected on object 'Object Repository/HealthpostToCms/Page_HealthPost Store/select_--Select--Schedule 1Inj'

2018-06-10 23:11:55 - [TEST_STEP][PASSED] - delay: Delayed 1 second(s)

2018-06-10 23:11:56 - [MESSAGE][PASSED] - Delayed 1 second(s)

2018-06-10 23:11:56 - [TEST_STEP][PASSED] - selectOptionByIndex: All options with index in [15] are selected on object 'Object Repository/HealthpostToCms/Page_HealthPost Store/select_--Select--Adernaline 0.'

2018-06-10 23:11:57 - [MESSAGE][PASSED] - All options with index in [15] are selected on object 'Object Repository/HealthpostToCms/Page_HealthPost Store/select_--Select--Adernaline 0.'

2018-06-10 23:11:57 - [TEST_STEP][PASSED] - setText: Text '100' is set on object 'Object Repository/HealthpostToCms/Page_HealthPost Store/input_txttreat'

2018-06-10 23:11:57 - [MESSAGE][PASSED] - Text '100' is set on object 'Object Repository/HealthpostToCms/Page_HealthPost Store/input_txttreat'

2018-06-10 23:11:57 - [TEST_STEP][PASSED] - click: Object: 'Object Repository/HealthpostToCms/Page_HealthPost Store/button_Add' is clicked on

2018-06-10 23:11:57 - [MESSAGE][PASSED] - Object: 'Object Repository/HealthpostToCms/Page_HealthPost Store/button_Add' is clicked on

2018-06-10 23:11:57 - [TEST_STEP][PASSED] - delay: Delayed 2 second(s)

2018-06-10 23:11:59 - [MESSAGE][PASSED] - Delayed 2 second(s)

2018-06-10 23:11:59 - [TEST_STEP][PASSED] - selectOptionByIndex: All options with index in [11] are selected on object 'Object Repository/HealthpostToCms/Page_HealthPost Store/select_--Select--Schedule 1Inj'

2018-06-10 23:11:59 - [MESSAGE][PASSED] - All options with index in [11] are selected on object 'Object Repository/HealthpostToCms/Page_HealthPost Store/select_--Select--Schedule 1Inj'

2018-06-10 23:11:59 - [TEST_STEP][PASSED] - delay: Delayed 1 second(s)

2018-06-10 23:12:00 - [MESSAGE][PASSED] - Delayed 1 second(s)

2018-06-10 23:12:00 - [TEST_STEP][PASSED] - selectOptionByIndex: All options with index in [16] are selected on object 'Object Repository/HealthpostToCms/Page_HealthPost Store/select_--Select--Adernaline 0.'

2018-06-10 23:12:00 - [MESSAGE][PASSED] - All options with index in [16] are selected on object 'Object Repository/HealthpostToCms/Page_HealthPost Store/select_--Select--Adernaline 0.'

2018-06-10 23:12:00 - [TEST_STEP][PASSED] - setText: Text '100' is set on object 'Object Repository/HealthpostToCms/Page_HealthPost Store/input_txttreat'

2018-06-10 23:12:00 - [MESSAGE][PASSED] - Text '100' is set on object 'Object Repository/HealthpostToCms/Page_HealthPost Store/input_txttreat'

2018-06-10 23:12:00 - [TEST_STEP][PASSED] - click: Object: 'Object Repository/HealthpostToCms/Page_HealthPost Store/button_Add' is clicked on

2018-06-10 23:12:00 - [MESSAGE][PASSED] - Object: 'Object Repository/HealthpostToCms/Page_HealthPost Store/button_Add' is clicked on

2018-06-10 23:12:00 - [TEST_STEP][PASSED] - delay: Delayed 2 second(s)

2018-06-10 23:12:02 - [MESSAGE][PASSED] - Delayed 2 second(s)

2018-06-10 23:12:02 - [TEST_STEP][PASSED] - selectOptionByIndex: All options with index in [11] are selected on object 'Object Repository/HealthpostToCms/Page_HealthPost Store/select_--Select--Schedule 1Inj'

2018-06-10 23:12:03 - [MESSAGE][PASSED] - All options with index in [11] are selected on object 'Object Repository/HealthpostToCms/Page_HealthPost Store/select_--Select--Schedule 1Inj'

2018-06-10 23:12:03 - [TEST_STEP][PASSED] - delay: Delayed 1 second(s)

2018-06-10 23:12:04 - [MESSAGE][PASSED] - Delayed 1 second(s)

2018-06-10 23:12:04 - [TEST_STEP][PASSED] - selectOptionByIndex: All options with index in [17] are selected on object 'Object Repository/HealthpostToCms/Page_HealthPost Store/select_--Select--Adernaline 0.'

2018-06-10 23:12:04 - [MESSAGE][PASSED] - All options with index in [17] are selected on object 'Object Repository/HealthpostToCms/Page_HealthPost Store/select_--Select--Adernaline 0.'

2018-06-10 23:12:04 - [TEST_STEP][PASSED] - setText: Text '100' is set on object 'Object Repository/HealthpostToCms/Page_HealthPost Store/input_txttreat'

2018-06-10 23:12:04 - [MESSAGE][PASSED] - Text '100' is set on object 'Object Repository/HealthpostToCms/Page_HealthPost Store/input_txttreat'

2018-06-10 23:12:04 - [TEST_STEP][PASSED] - click: Object: 'Object Repository/HealthpostToCms/Page_HealthPost Store/button_Add' is clicked on

2018-06-10 23:12:04 - [MESSAGE][PASSED] - Object: 'Object Repository/HealthpostToCms/Page_HealthPost Store/button_Add' is clicked on

2018-06-10 23:12:04 - [TEST_STEP][PASSED] - delay: Delayed 2 second(s)

2018-06-10 23:12:06 - [MESSAGE][PASSED] - Delayed 2 second(s)

2018-06-10 23:12:06 - [TEST_STEP][PASSED] - selectOptionByIndex: All options with index in [11] are selected on object 'Object Repository/HealthpostToCms/Page_HealthPost Store/select_--Select--Schedule 1Inj'

2018-06-10 23:12:06 - [MESSAGE][PASSED] - All options with index in [11] are selected on object 'Object Repository/HealthpostToCms/Page_HealthPost Store/select_--Select--Schedule 1Inj'

2018-06-10 23:12:06 - [TEST_STEP][PASSED] - delay: Delayed 1 second(s)

2018-06-10 23:12:07 - [MESSAGE][PASSED] - Delayed 1 second(s)

2018-06-10 23:12:07 - [TEST_STEP][PASSED] - selectOptionByIndex: All options with index in [18] are selected on object 'Object Repository/HealthpostToCms/Page_HealthPost Store/select_--Select--Adernaline 0.'

2018-06-10 23:12:08 - [MESSAGE][PASSED] - All options with index in [18] are selected on object 'Object Repository/HealthpostToCms/Page_HealthPost Store/select_--Select--Adernaline 0.'

2018-06-10 23:12:08 - [TEST_STEP][PASSED] - setText: Text '100' is set on object 'Object Repository/HealthpostToCms/Page_HealthPost Store/input_txttreat'

2018-06-10 23:12:08 - [MESSAGE][PASSED] - Text '100' is set on object 'Object Repository/HealthpostToCms/Page_HealthPost Store/input_txttreat'

2018-06-10 23:12:08 - [TEST_STEP][PASSED] - click: Object: 'Object Repository/HealthpostToCms/Page_HealthPost Store/button_Add' is clicked on

2018-06-10 23:12:08 - [MESSAGE][PASSED] - Object: 'Object Repository/HealthpostToCms/Page_HealthPost Store/button_Add' is clicked on

2018-06-10 23:12:08 - [TEST_STEP][PASSED] - delay: Delayed 2 second(s)

2018-06-10 23:12:10 - [MESSAGE][PASSED] - Delayed 2 second(s)

2018-06-10 23:12:10 - [TEST_STEP][PASSED] - selectOptionByIndex: All options with index in [11] are selected on object 'Object Repository/HealthpostToCms/Page_HealthPost Store/select_--Select--Schedule 1Inj'

2018-06-10 23:12:10 - [MESSAGE][PASSED] - All options with index in [11] are selected on object 'Object Repository/HealthpostToCms/Page_HealthPost Store/select_--Select--Schedule 1Inj'

2018-06-10 23:12:10 - [TEST_STEP][PASSED] - delay: Delayed 1 second(s)

2018-06-10 23:12:11 - [MESSAGE][PASSED] - Delayed 1 second(s)

2018-06-10 23:12:11 - [TEST_STEP][PASSED] - selectOptionByIndex: All options with index in [19] are selected on object 'Object Repository/HealthpostToCms/Page_HealthPost Store/select_--Select--Adernaline 0.'

2018-06-10 23:12:11 - [MESSAGE][PASSED] - All options with index in [19] are selected on object 'Object Repository/HealthpostToCms/Page_HealthPost Store/select_--Select--Adernaline 0.'

2018-06-10 23:12:11 - [TEST_STEP][PASSED] - setText: Text '100' is set on object 'Object Repository/HealthpostToCms/Page_HealthPost Store/input_txttreat'

2018-06-10 23:12:11 - [MESSAGE][PASSED] - Text '100' is set on object 'Object Repository/HealthpostToCms/Page_HealthPost Store/input_txttreat'

2018-06-10 23:12:11 - [TEST_STEP][PASSED] - click: Object: 'Object Repository/HealthpostToCms/Page_HealthPost Store/button_Add' is clicked on

2018-06-10 23:12:12 - [MESSAGE][PASSED] - Object: 'Object Repository/HealthpostToCms/Page_HealthPost Store/button_Add' is clicked on

2018-06-10 23:12:12 - [TEST_STEP][PASSED] - delay: Delayed 2 second(s)

2018-06-10 23:12:14 - [MESSAGE][PASSED] - Delayed 2 second(s)

2018-06-10 23:12:14 - [TEST_STEP][PASSED] - selectOptionByIndex: All options with index in [11] are selected on object 'Object Repository/HealthpostToCms/Page_HealthPost Store/select_--Select--Schedule 1Inj'

2018-06-10 23:12:14 - [MESSAGE][PASSED] - All options with index in [11] are selected on object 'Object Repository/HealthpostToCms/Page_HealthPost Store/select_--Select--Schedule 1Inj'

2018-06-10 23:12:14 - [TEST_STEP][PASSED] - delay: Delayed 1 second(s)

2018-06-10 23:12:15 - [MESSAGE][PASSED] - Delayed 1 second(s)

2018-06-10 23:12:15 - [TEST_STEP][PASSED] - selectOptionByIndex: All options with index in [20] are selected on object 'Object Repository/HealthpostToCms/Page_HealthPost Store/select_--Select--Adernaline 0.'

2018-06-10 23:12:15 - [MESSAGE][PASSED] - All options with index in [20] are selected on object 'Object Repository/HealthpostToCms/Page_HealthPost Store/select_--Select--Adernaline 0.'

2018-06-10 23:12:15 - [TEST_STEP][PASSED] - setText: Text '100' is set on object 'Object Repository/HealthpostToCms/Page_HealthPost Store/input_txttreat'

2018-06-10 23:12:15 - [MESSAGE][PASSED] - Text '100' is set on object 'Object Repository/HealthpostToCms/Page_HealthPost Store/input_txttreat'

2018-06-10 23:12:15 - [TEST_STEP][PASSED] - click: Object: 'Object Repository/HealthpostToCms/Page_HealthPost Store/button_Add' is clicked on

2018-06-10 23:12:15 - [MESSAGE][PASSED] - Object: 'Object Repository/HealthpostToCms/Page_HealthPost Store/button_Add' is clicked on

2018-06-10 23:12:15 - [TEST_STEP][PASSED] - delay: Delayed 2 second(s)

2018-06-10 23:12:17 - [MESSAGE][PASSED] - Delayed 2 second(s)

2018-06-10 23:12:17 - [TEST_STEP][PASSED] - selectOptionByIndex: All options with index in [11] are selected on object 'Object Repository/HealthpostToCms/Page_HealthPost Store/select_--Select--Schedule 1Inj'

2018-06-10 23:12:18 - [MESSAGE][PASSED] - All options with index in [11] are selected on object 'Object Repository/HealthpostToCms/Page_HealthPost Store/select_--Select--Schedule 1Inj'

2018-06-10 23:12:18 - [TEST_STEP][PASSED] - delay: Delayed 1 second(s)

2018-06-10 23:12:19 - [MESSAGE][PASSED] - Delayed 1 second(s)

2018-06-10 23:12:19 - [TEST_STEP][PASSED] - selectOptionByIndex: All options with index in [21] are selected on object 'Object Repository/HealthpostToCms/Page_HealthPost Store/select_--Select--Adernaline 0.'

2018-06-10 23:12:19 - [MESSAGE][PASSED] - All options with index in [21] are selected on object 'Object Repository/HealthpostToCms/Page_HealthPost Store/select_--Select--Adernaline 0.'

2018-06-10 23:12:19 - [TEST_STEP][PASSED] - setText: Text '100' is set on object 'Object Repository/HealthpostToCms/Page_HealthPost Store/input_txttreat'

2018-06-10 23:12:19 - [MESSAGE][PASSED] - Text '100' is set on object 'Object Repository/HealthpostToCms/Page_HealthPost Store/input_txttreat'

2018-06-10 23:12:19 - [TEST_STEP][PASSED] - click: Object: 'Object Repository/HealthpostToCms/Page_HealthPost Store/button_Add' is clicked on

2018-06-10 23:12:19 - [MESSAGE][PASSED] - Object: 'Object Repository/HealthpostToCms/Page_HealthPost Store/button_Add' is clicked on

2018-06-10 23:12:19 - [TEST_STEP][PASSED] - delay: Delayed 2 second(s)

2018-06-10 23:12:21 - [MESSAGE][PASSED] - Delayed 2 second(s)

2018-06-10 23:12:21 - [TEST_STEP][PASSED] - selectOptionByIndex: All options with index in [11] are selected on object 'Object Repository/HealthpostToCms/Page_HealthPost Store/select_--Select--Schedule 1Inj'

2018-06-10 23:12:21 - [MESSAGE][PASSED] - All options with index in [11] are selected on object 'Object Repository/HealthpostToCms/Page_HealthPost Store/select_--Select--Schedule 1Inj'

2018-06-10 23:12:21 - [TEST_STEP][PASSED] - delay: Delayed 1 second(s)

2018-06-10 23:12:22 - [MESSAGE][PASSED] - Delayed 1 second(s)

2018-06-10 23:12:22 - [TEST_STEP][PASSED] - selectOptionByIndex: All options with index in [22] are selected on object 'Object Repository/HealthpostToCms/Page_HealthPost Store/select_--Select--Adernaline 0.'

2018-06-10 23:12:23 - [MESSAGE][PASSED] - All options with index in [22] are selected on object 'Object Repository/HealthpostToCms/Page_HealthPost Store/select_--Select--Adernaline 0.'

2018-06-10 23:12:23 - [TEST_STEP][PASSED] - setText: Text '100' is set on object 'Object Repository/HealthpostToCms/Page_HealthPost Store/input_txttreat'

2018-06-10 23:12:23 - [MESSAGE][PASSED] - Text '100' is set on object 'Object Repository/HealthpostToCms/Page_HealthPost Store/input_txttreat'

2018-06-10 23:12:23 - [TEST_STEP][PASSED] - click: Object: 'Object Repository/HealthpostToCms/Page_HealthPost Store/button_Add' is clicked on

2018-06-10 23:12:23 - [MESSAGE][PASSED] - Object: 'Object Repository/HealthpostToCms/Page_HealthPost Store/button_Add' is clicked on

2018-06-10 23:12:23 - [TEST_STEP][PASSED] - delay: Delayed 2 second(s)

2018-06-10 23:12:25 - [MESSAGE][PASSED] - Delayed 2 second(s)

2018-06-10 23:12:25 - [TEST_STEP][PASSED] - selectOptionByIndex: All options with index in [11] are selected on object 'Object Repository/HealthpostToCms/Page_HealthPost Store/select_--Select--Schedule 1Inj'

2018-06-10 23:12:25 - [MESSAGE][PASSED] - All options with index in [11] are selected on object 'Object Repository/HealthpostToCms/Page_HealthPost Store/select_--Select--Schedule 1Inj'

2018-06-10 23:12:25 - [TEST_STEP][PASSED] - delay: Delayed 1 second(s)

2018-06-10 23:12:26 - [MESSAGE][PASSED] - Delayed 1 second(s)

2018-06-10 23:12:26 - [TEST_STEP][PASSED] - selectOptionByIndex: All options with index in [23] are selected on object 'Object Repository/HealthpostToCms/Page_HealthPost Store/select_--Select--Adernaline 0.'

2018-06-10 23:12:26 - [MESSAGE][PASSED] - All options with index in [23] are selected on object 'Object Repository/HealthpostToCms/Page_HealthPost Store/select_--Select--Adernaline 0.'

2018-06-10 23:12:26 - [TEST_STEP][PASSED] - setText: Text '100' is set on object 'Object Repository/HealthpostToCms/Page_HealthPost Store/input_txttreat'

2018-06-10 23:12:26 - [MESSAGE][PASSED] - Text '100' is set on object 'Object Repository/HealthpostToCms/Page_HealthPost Store/input_txttreat'

2018-06-10 23:12:26 - [TEST_STEP][PASSED] - click: Object: 'Object Repository/HealthpostToCms/Page_HealthPost Store/button_Add' is clicked on

2018-06-10 23:12:27 - [MESSAGE][PASSED] - Object: 'Object Repository/HealthpostToCms/Page_HealthPost Store/button_Add' is clicked on

2018-06-10 23:12:27 - [TEST_STEP][PASSED] - delay: Delayed 2 second(s)

2018-06-10 23:12:29 - [MESSAGE][PASSED] - Delayed 2 second(s)

2018-06-10 23:12:29 - [TEST_STEP][PASSED] - selectOptionByIndex: All options with index in [11] are selected on object 'Object Repository/HealthpostToCms/Page_HealthPost Store/select_--Select--Schedule 1Inj'

2018-06-10 23:12:29 - [MESSAGE][PASSED] - All options with index in [11] are selected on object 'Object Repository/HealthpostToCms/Page_HealthPost Store/select_--Select--Schedule 1Inj'

2018-06-10 23:12:29 - [TEST_STEP][PASSED] - delay: Delayed 1 second(s)

2018-06-10 23:12:30 - [MESSAGE][PASSED] - Delayed 1 second(s)

2018-06-10 23:12:30 - [TEST_STEP][PASSED] - selectOptionByIndex: All options with index in [24] are selected on object 'Object Repository/HealthpostToCms/Page_HealthPost Store/select_--Select--Adernaline 0.'

2018-06-10 23:12:30 - [MESSAGE][PASSED] - All options with index in [24] are selected on object 'Object Repository/HealthpostToCms/Page_HealthPost Store/select_--Select--Adernaline 0.'

2018-06-10 23:12:30 - [TEST_STEP][PASSED] - setText: Text '100' is set on object 'Object Repository/HealthpostToCms/Page_HealthPost Store/input_txttreat'

2018-06-10 23:12:30 - [MESSAGE][PASSED] - Text '100' is set on object 'Object Repository/HealthpostToCms/Page_HealthPost Store/input_txttreat'

2018-06-10 23:12:30 - [TEST_STEP][PASSED] - click: Object: 'Object Repository/HealthpostToCms/Page_HealthPost Store/button_Add' is clicked on

2018-06-10 23:12:30 - [MESSAGE][PASSED] - Object: 'Object Repository/HealthpostToCms/Page_HealthPost Store/button_Add' is clicked on

2018-06-10 23:12:30 - [TEST_STEP][PASSED] - delay: Delayed 2 second(s)

2018-06-10 23:12:32 - [MESSAGE][PASSED] - Delayed 2 second(s)

2018-06-10 23:12:32 - [TEST_STEP][PASSED] - selectOptionByIndex: All options with index in [11] are selected on object 'Object Repository/HealthpostToCms/Page_HealthPost Store/select_--Select--Schedule 1Inj'

2018-06-10 23:12:33 - [MESSAGE][PASSED] - All options with index in [11] are selected on object 'Object Repository/HealthpostToCms/Page_HealthPost Store/select_--Select--Schedule 1Inj'

2018-06-10 23:12:33 - [TEST_STEP][PASSED] - delay: Delayed 1 second(s)

2018-06-10 23:12:34 - [MESSAGE][PASSED] - Delayed 1 second(s)

2018-06-10 23:12:34 - [TEST_STEP][PASSED] - selectOptionByIndex: All options with index in [25] are selected on object 'Object Repository/HealthpostToCms/Page_HealthPost Store/select_--Select--Adernaline 0.'

2018-06-10 23:12:34 - [MESSAGE][PASSED] - All options with index in [25] are selected on object 'Object Repository/HealthpostToCms/Page_HealthPost Store/select_--Select--Adernaline 0.'

2018-06-10 23:12:34 - [TEST_STEP][PASSED] - setText: Text '100' is set on object 'Object Repository/HealthpostToCms/Page_HealthPost Store/input_txttreat'

2018-06-10 23:12:34 - [MESSAGE][PASSED] - Text '100' is set on object 'Object Repository/HealthpostToCms/Page_HealthPost Store/input_txttreat'

2018-06-10 23:12:34 - [TEST_STEP][PASSED] - click: Object: 'Object Repository/HealthpostToCms/Page_HealthPost Store/button_Add' is clicked on

2018-06-10 23:12:34 - [MESSAGE][PASSED] - Object: 'Object Repository/HealthpostToCms/Page_HealthPost Store/button_Add' is clicked on

2018-06-10 23:12:34 - [TEST_STEP][PASSED] - delay: Delayed 2 second(s)

2018-06-10 23:12:36 - [MESSAGE][PASSED] - Delayed 2 second(s)

2018-06-10 23:12:36 - [TEST_STEP][PASSED] - selectOptionByIndex: All options with index in [11] are selected on object 'Object Repository/HealthpostToCms/Page_HealthPost Store/select_--Select--Schedule 1Inj'

2018-06-10 23:12:36 - [MESSAGE][PASSED] - All options with index in [11] are selected on object 'Object Repository/HealthpostToCms/Page_HealthPost Store/select_--Select--Schedule 1Inj'

2018-06-10 23:12:36 - [TEST_STEP][PASSED] - delay: Delayed 1 second(s)

2018-06-10 23:12:37 - [MESSAGE][PASSED] - Delayed 1 second(s)

2018-06-10 23:12:37 - [TEST_STEP][PASSED] - selectOptionByIndex: All options with index in [26] are selected on object 'Object Repository/HealthpostToCms/Page_HealthPost Store/select_--Select--Adernaline 0.'

2018-06-10 23:12:38 - [MESSAGE][PASSED] - All options with index in [26] are selected on object 'Object Repository/HealthpostToCms/Page_HealthPost Store/select_--Select--Adernaline 0.'

2018-06-10 23:12:38 - [TEST_STEP][PASSED] - setText: Text '100' is set on object 'Object Repository/HealthpostToCms/Page_HealthPost Store/input_txttreat'

2018-06-10 23:12:38 - [MESSAGE][PASSED] - Text '100' is set on object 'Object Repository/HealthpostToCms/Page_HealthPost Store/input_txttreat'

2018-06-10 23:12:38 - [TEST_STEP][PASSED] - click: Object: 'Object Repository/HealthpostToCms/Page_HealthPost Store/button_Add' is clicked on

2018-06-10 23:12:38 - [MESSAGE][PASSED] - Object: 'Object Repository/HealthpostToCms/Page_HealthPost Store/button_Add' is clicked on

2018-06-10 23:12:38 - [TEST_STEP][PASSED] - delay: Delayed 2 second(s)

2018-06-10 23:12:40 - [MESSAGE][PASSED] - Delayed 2 second(s)

2018-06-10 23:12:40 - [TEST_STEP][PASSED] - selectOptionByIndex: All options with index in [11] are selected on object 'Object Repository/HealthpostToCms/Page_HealthPost Store/select_--Select--Schedule 1Inj'

2018-06-10 23:12:40 - [MESSAGE][PASSED] - All options with index in [11] are selected on object 'Object Repository/HealthpostToCms/Page_HealthPost Store/select_--Select--Schedule 1Inj'

2018-06-10 23:12:40 - [TEST_STEP][PASSED] - delay: Delayed 1 second(s)

2018-06-10 23:12:41 - [MESSAGE][PASSED] - Delayed 1 second(s)

2018-06-10 23:12:41 - [TEST_STEP][PASSED] - selectOptionByIndex: All options with index in [27] are selected on object 'Object Repository/HealthpostToCms/Page_HealthPost Store/select_--Select--Adernaline 0.'

2018-06-10 23:12:42 - [MESSAGE][PASSED] - All options with index in [27] are selected on object 'Object Repository/HealthpostToCms/Page_HealthPost Store/select_--Select--Adernaline 0.'

2018-06-10 23:12:42 - [TEST_STEP][PASSED] - setText: Text '100' is set on object 'Object Repository/HealthpostToCms/Page_HealthPost Store/input_txttreat'

2018-06-10 23:12:42 - [MESSAGE][PASSED] - Text '100' is set on object 'Object Repository/HealthpostToCms/Page_HealthPost Store/input_txttreat'

2018-06-10 23:12:42 - [TEST_STEP][PASSED] - click: Object: 'Object Repository/HealthpostToCms/Page_HealthPost Store/button_Add' is clicked on

2018-06-10 23:12:42 - [MESSAGE][PASSED] - Object: 'Object Repository/HealthpostToCms/Page_HealthPost Store/button_Add' is clicked on

2018-06-10 23:12:42 - [TEST_STEP][PASSED] - delay: Delayed 2 second(s)

2018-06-10 23:12:44 - [MESSAGE][PASSED] - Delayed 2 second(s)

2018-06-10 23:12:44 - [TEST_STEP][PASSED] - selectOptionByIndex: All options with index in [11] are selected on object 'Object Repository/HealthpostToCms/Page_HealthPost Store/select_--Select--Schedule 1Inj'

2018-06-10 23:12:44 - [MESSAGE][PASSED] - All options with index in [11] are selected on object 'Object Repository/HealthpostToCms/Page_HealthPost Store/select_--Select--Schedule 1Inj'

2018-06-10 23:12:44 - [TEST_STEP][PASSED] - delay: Delayed 1 second(s)

2018-06-10 23:12:45 - [MESSAGE][PASSED] - Delayed 1 second(s)

2018-06-10 23:12:45 - [TEST_STEP][PASSED] - selectOptionByIndex: All options with index in [28] are selected on object 'Object Repository/HealthpostToCms/Page_HealthPost Store/select_--Select--Adernaline 0.'

2018-06-10 23:12:45 - [MESSAGE][PASSED] - All options with index in [28] are selected on object 'Object Repository/HealthpostToCms/Page_HealthPost Store/select_--Select--Adernaline 0.'

2018-06-10 23:12:45 - [TEST_STEP][PASSED] - setText: Text '100' is set on object 'Object Repository/HealthpostToCms/Page_HealthPost Store/input_txttreat'

2018-06-10 23:12:46 - [MESSAGE][PASSED] - Text '100' is set on object 'Object Repository/HealthpostToCms/Page_HealthPost Store/input_txttreat'

2018-06-10 23:12:46 - [TEST_STEP][PASSED] - click: Object: 'Object Repository/HealthpostToCms/Page_HealthPost Store/button_Add' is clicked on

2018-06-10 23:12:46 - [MESSAGE][PASSED] - Object: 'Object Repository/HealthpostToCms/Page_HealthPost Store/button_Add' is clicked on

2018-06-10 23:12:46 - [TEST_STEP][PASSED] - delay: Delayed 2 second(s)

2018-06-10 23:12:48 - [MESSAGE][PASSED] - Delayed 2 second(s)

2018-06-10 23:12:48 - [TEST_STEP][PASSED] - selectOptionByIndex: All options with index in [11] are selected on object 'Object Repository/HealthpostToCms/Page_HealthPost Store/select_--Select--Schedule 1Inj'

2018-06-10 23:12:48 - [MESSAGE][PASSED] - All options with index in [11] are selected on object 'Object Repository/HealthpostToCms/Page_HealthPost Store/select_--Select--Schedule 1Inj'

2018-06-10 23:12:48 - [TEST_STEP][PASSED] - delay: Delayed 1 second(s)

2018-06-10 23:12:49 - [MESSAGE][PASSED] - Delayed 1 second(s)

2018-06-10 23:12:49 - [TEST_STEP][PASSED] - selectOptionByIndex: All options with index in [29] are selected on object 'Object Repository/HealthpostToCms/Page_HealthPost Store/select_--Select--Adernaline 0.'

2018-06-10 23:12:49 - [MESSAGE][PASSED] - All options with index in [29] are selected on object 'Object Repository/HealthpostToCms/Page_HealthPost Store/select_--Select--Adernaline 0.'

2018-06-10 23:12:49 - [TEST_STEP][PASSED] - setText: Text '100' is set on object 'Object Repository/HealthpostToCms/Page_HealthPost Store/input_txttreat'

2018-06-10 23:12:49 - [MESSAGE][PASSED] - Text '100' is set on object 'Object Repository/HealthpostToCms/Page_HealthPost Store/input_txttreat'

2018-06-10 23:12:49 - [TEST_STEP][PASSED] - click: Object: 'Object Repository/HealthpostToCms/Page_HealthPost Store/button_Add' is clicked on

2018-06-10 23:12:49 - [MESSAGE][PASSED] - Object: 'Object Repository/HealthpostToCms/Page_HealthPost Store/button_Add' is clicked on

2018-06-10 23:12:49 - [TEST_STEP][PASSED] - delay: Delayed 2 second(s)

2018-06-10 23:12:51 - [MESSAGE][PASSED] - Delayed 2 second(s)

2018-06-10 23:12:51 - [TEST_STEP][PASSED] - selectOptionByIndex: All options with index in [11] are selected on object 'Object Repository/HealthpostToCms/Page_HealthPost Store/select_--Select--Schedule 1Inj'

2018-06-10 23:12:52 - [MESSAGE][PASSED] - All options with index in [11] are selected on object 'Object Repository/HealthpostToCms/Page_HealthPost Store/select_--Select--Schedule 1Inj'

2018-06-10 23:12:52 - [TEST_STEP][PASSED] - delay: Delayed 1 second(s)

2018-06-10 23:12:53 - [MESSAGE][PASSED] - Delayed 1 second(s)

2018-06-10 23:12:53 - [TEST_STEP][PASSED] - selectOptionByIndex: All options with index in [30] are selected on object 'Object Repository/HealthpostToCms/Page_HealthPost Store/select_--Select--Adernaline 0.'

2018-06-10 23:12:53 - [MESSAGE][PASSED] - All options with index in [30] are selected on object 'Object Repository/HealthpostToCms/Page_HealthPost Store/select_--Select--Adernaline 0.'

2018-06-10 23:12:53 - [TEST_STEP][PASSED] - setText: Text '100' is set on object 'Object Repository/HealthpostToCms/Page_HealthPost Store/input_txttreat'

2018-06-10 23:12:53 - [MESSAGE][PASSED] - Text '100' is set on object 'Object Repository/HealthpostToCms/Page_HealthPost Store/input_txttreat'

2018-06-10 23:12:53 - [TEST_STEP][PASSED] - click: Object: 'Object Repository/HealthpostToCms/Page_HealthPost Store/button_Add' is clicked on

2018-06-10 23:12:53 - [MESSAGE][PASSED] - Object: 'Object Repository/HealthpostToCms/Page_HealthPost Store/button_Add' is clicked on

2018-06-10 23:12:53 - [TEST_STEP][PASSED] - delay: Delayed 2 second(s)

2018-06-10 23:12:55 - [MESSAGE][PASSED] - Delayed 2 second(s)

2018-06-10 23:12:55 - [TEST_STEP][PASSED] - selectOptionByIndex: All options with index in [11] are selected on object 'Object Repository/HealthpostToCms/Page_HealthPost Store/select_--Select--Schedule 1Inj'

2018-06-10 23:12:56 - [MESSAGE][PASSED] - All options with index in [11] are selected on object 'Object Repository/HealthpostToCms/Page_HealthPost Store/select_--Select--Schedule 1Inj'

2018-06-10 23:12:56 - [TEST_STEP][PASSED] - delay: Delayed 1 second(s)

2018-06-10 23:12:57 - [MESSAGE][PASSED] - Delayed 1 second(s)

2018-06-10 23:12:57 - [TEST_STEP][PASSED] - selectOptionByIndex: All options with index in [31] are selected on object 'Object Repository/HealthpostToCms/Page_HealthPost Store/select_--Select--Adernaline 0.'

2018-06-10 23:12:57 - [MESSAGE][PASSED] - All options with index in [31] are selected on object 'Object Repository/HealthpostToCms/Page_HealthPost Store/select_--Select--Adernaline 0.'

2018-06-10 23:12:57 - [TEST_STEP][PASSED] - setText: Text '100' is set on object 'Object Repository/HealthpostToCms/Page_HealthPost Store/input_txttreat'

2018-06-10 23:12:57 - [MESSAGE][PASSED] - Text '100' is set on object 'Object Repository/HealthpostToCms/Page_HealthPost Store/input_txttreat'

2018-06-10 23:12:57 - [TEST_STEP][PASSED] - click: Object: 'Object Repository/HealthpostToCms/Page_HealthPost Store/button_Add' is clicked on

2018-06-10 23:12:57 - [MESSAGE][PASSED] - Object: 'Object Repository/HealthpostToCms/Page_HealthPost Store/button_Add' is clicked on

2018-06-10 23:12:57 - [TEST_STEP][PASSED] - delay: Delayed 2 second(s)

2018-06-10 23:12:59 - [MESSAGE][PASSED] - Delayed 2 second(s)

2018-06-10 23:12:59 - [TEST_STEP][PASSED] - selectOptionByIndex: All options with index in [11] are selected on object 'Object Repository/HealthpostToCms/Page_HealthPost Store/select_--Select--Schedule 1Inj'

2018-06-10 23:12:59 - [MESSAGE][PASSED] - All options with index in [11] are selected on object 'Object Repository/HealthpostToCms/Page_HealthPost Store/select_--Select--Schedule 1Inj'

2018-06-10 23:12:59 - [TEST_STEP][PASSED] - delay: Delayed 1 second(s)

2018-06-10 23:13:00 - [MESSAGE][PASSED] - Delayed 1 second(s)

2018-06-10 23:13:00 - [TEST_STEP][PASSED] - selectOptionByIndex: All options with index in [32] are selected on object 'Object Repository/HealthpostToCms/Page_HealthPost Store/select_--Select--Adernaline 0.'

2018-06-10 23:13:01 - [MESSAGE][PASSED] - All options with index in [32] are selected on object 'Object Repository/HealthpostToCms/Page_HealthPost Store/select_--Select--Adernaline 0.'

2018-06-10 23:13:01 - [TEST_STEP][PASSED] - setText: Text '100' is set on object 'Object Repository/HealthpostToCms/Page_HealthPost Store/input_txttreat'

2018-06-10 23:13:01 - [MESSAGE][PASSED] - Text '100' is set on object 'Object Repository/HealthpostToCms/Page_HealthPost Store/input_txttreat'

2018-06-10 23:13:01 - [TEST_STEP][PASSED] - click: Object: 'Object Repository/HealthpostToCms/Page_HealthPost Store/button_Add' is clicked on

2018-06-10 23:13:01 - [MESSAGE][PASSED] - Object: 'Object Repository/HealthpostToCms/Page_HealthPost Store/button_Add' is clicked on

2018-06-10 23:13:01 - [TEST_STEP][PASSED] - delay: Delayed 2 second(s)

2018-06-10 23:13:03 - [MESSAGE][PASSED] - Delayed 2 second(s)

2018-06-10 23:13:03 - [TEST_STEP][PASSED] - selectOptionByIndex: All options with index in [11] are selected on object 'Object Repository/HealthpostToCms/Page_HealthPost Store/select_--Select--Schedule 1Inj'

2018-06-10 23:13:03 - [MESSAGE][PASSED] - All options with index in [11] are selected on object 'Object Repository/HealthpostToCms/Page_HealthPost Store/select_--Select--Schedule 1Inj'

2018-06-10 23:13:03 - [TEST_STEP][PASSED] - delay: Delayed 1 second(s)

2018-06-10 23:13:04 - [MESSAGE][PASSED] - Delayed 1 second(s)

2018-06-10 23:13:04 - [TEST_STEP][PASSED] - selectOptionByIndex: All options with index in [33] are selected on object 'Object Repository/HealthpostToCms/Page_HealthPost Store/select_--Select--Adernaline 0.'

2018-06-10 23:13:05 - [MESSAGE][PASSED] - All options with index in [33] are selected on object 'Object Repository/HealthpostToCms/Page_HealthPost Store/select_--Select--Adernaline 0.'

2018-06-10 23:13:05 - [TEST_STEP][PASSED] - setText: Text '100' is set on object 'Object Repository/HealthpostToCms/Page_HealthPost Store/input_txttreat'

2018-06-10 23:13:05 - [MESSAGE][PASSED] - Text '100' is set on object 'Object Repository/HealthpostToCms/Page_HealthPost Store/input_txttreat'

2018-06-10 23:13:05 - [TEST_STEP][PASSED] - click: Object: 'Object Repository/HealthpostToCms/Page_HealthPost Store/button_Add' is clicked on

2018-06-10 23:13:05 - [MESSAGE][PASSED] - Object: 'Object Repository/HealthpostToCms/Page_HealthPost Store/button_Add' is clicked on

2018-06-10 23:13:05 - [TEST_STEP][PASSED] - delay: Delayed 2 second(s)

2018-06-10 23:13:07 - [MESSAGE][PASSED] - Delayed 2 second(s)

2018-06-10 23:13:07 - [TEST_STEP][PASSED] - selectOptionByIndex: All options with index in [11] are selected on object 'Object Repository/HealthpostToCms/Page_HealthPost Store/select_--Select--Schedule 1Inj'

2018-06-10 23:13:07 - [MESSAGE][PASSED] - All options with index in [11] are selected on object 'Object Repository/HealthpostToCms/Page_HealthPost Store/select_--Select--Schedule 1Inj'

2018-06-10 23:13:07 - [TEST_STEP][PASSED] - delay: Delayed 1 second(s)

2018-06-10 23:13:08 - [MESSAGE][PASSED] - Delayed 1 second(s)

2018-06-10 23:13:08 - [TEST_STEP][PASSED] - selectOptionByIndex: All options with index in [34] are selected on object 'Object Repository/HealthpostToCms/Page_HealthPost Store/select_--Select--Adernaline 0.'

2018-06-10 23:13:09 - [MESSAGE][PASSED] - All options with index in [34] are selected on object 'Object Repository/HealthpostToCms/Page_HealthPost Store/select_--Select--Adernaline 0.'

2018-06-10 23:13:09 - [TEST_STEP][PASSED] - setText: Text '100' is set on object 'Object Repository/HealthpostToCms/Page_HealthPost Store/input_txttreat'

2018-06-10 23:13:09 - [MESSAGE][PASSED] - Text '100' is set on object 'Object Repository/HealthpostToCms/Page_HealthPost Store/input_txttreat'

2018-06-10 23:13:09 - [TEST_STEP][PASSED] - click: Object: 'Object Repository/HealthpostToCms/Page_HealthPost Store/button_Add' is clicked on

2018-06-10 23:13:09 - [MESSAGE][PASSED] - Object: 'Object Repository/HealthpostToCms/Page_HealthPost Store/button_Add' is clicked on

2018-06-10 23:13:09 - [TEST_STEP][PASSED] - delay: Delayed 2 second(s)

2018-06-10 23:13:11 - [MESSAGE][PASSED] - Delayed 2 second(s)

2018-06-10 23:13:11 - [TEST_STEP][PASSED] - selectOptionByIndex: All options with index in [11] are selected on object 'Object Repository/HealthpostToCms/Page_HealthPost Store/select_--Select--Schedule 1Inj'

2018-06-10 23:13:11 - [MESSAGE][PASSED] - All options with index in [11] are selected on object 'Object Repository/HealthpostToCms/Page_HealthPost Store/select_--Select--Schedule 1Inj'

2018-06-10 23:13:11 - [TEST_STEP][PASSED] - delay: Delayed 1 second(s)

2018-06-10 23:13:12 - [MESSAGE][PASSED] - Delayed 1 second(s)

2018-06-10 23:13:12 - [TEST_STEP][PASSED] - selectOptionByIndex: All options with index in [35] are selected on object 'Object Repository/HealthpostToCms/Page_HealthPost Store/select_--Select--Adernaline 0.'

2018-06-10 23:13:13 - [MESSAGE][PASSED] - All options with index in [35] are selected on object 'Object Repository/HealthpostToCms/Page_HealthPost Store/select_--Select--Adernaline 0.'

2018-06-10 23:13:13 - [TEST_STEP][PASSED] - setText: Text '100' is set on object 'Object Repository/HealthpostToCms/Page_HealthPost Store/input_txttreat'

2018-06-10 23:13:13 - [MESSAGE][PASSED] - Text '100' is set on object 'Object Repository/HealthpostToCms/Page_HealthPost Store/input_txttreat'

2018-06-10 23:13:13 - [TEST_STEP][PASSED] - click: Object: 'Object Repository/HealthpostToCms/Page_HealthPost Store/button_Add' is clicked on

2018-06-10 23:13:13 - [MESSAGE][PASSED] - Object: 'Object Repository/HealthpostToCms/Page_HealthPost Store/button_Add' is clicked on

2018-06-10 23:13:13 - [TEST_STEP][PASSED] - delay: Delayed 2 second(s)

2018-06-10 23:13:15 - [MESSAGE][PASSED] - Delayed 2 second(s)

2018-06-10 23:13:15 - [TEST_STEP][PASSED] - selectOptionByIndex: All options with index in [11] are selected on object 'Object Repository/HealthpostToCms/Page_HealthPost Store/select_--Select--Schedule 1Inj'

2018-06-10 23:13:15 - [MESSAGE][PASSED] - All options with index in [11] are selected on object 'Object Repository/HealthpostToCms/Page_HealthPost Store/select_--Select--Schedule 1Inj'

2018-06-10 23:13:15 - [TEST_STEP][PASSED] - delay: Delayed 1 second(s)

2018-06-10 23:13:16 - [MESSAGE][PASSED] - Delayed 1 second(s)

2018-06-10 23:13:16 - [TEST_STEP][PASSED] - selectOptionByIndex: All options with index in [36] are selected on object 'Object Repository/HealthpostToCms/Page_HealthPost Store/select_--Select--Adernaline 0.'

2018-06-10 23:13:17 - [MESSAGE][PASSED] - All options with index in [36] are selected on object 'Object Repository/HealthpostToCms/Page_HealthPost Store/select_--Select--Adernaline 0.'

2018-06-10 23:13:17 - [TEST_STEP][PASSED] - setText: Text '100' is set on object 'Object Repository/HealthpostToCms/Page_HealthPost Store/input_txttreat'

2018-06-10 23:13:17 - [MESSAGE][PASSED] - Text '100' is set on object 'Object Repository/HealthpostToCms/Page_HealthPost Store/input_txttreat'

2018-06-10 23:13:17 - [TEST_STEP][PASSED] - click: Object: 'Object Repository/HealthpostToCms/Page_HealthPost Store/button_Add' is clicked on

2018-06-10 23:13:17 - [MESSAGE][PASSED] - Object: 'Object Repository/HealthpostToCms/Page_HealthPost Store/button_Add' is clicked on

2018-06-10 23:13:17 - [TEST_STEP][PASSED] - delay: Delayed 2 second(s)

2018-06-10 23:13:19 - [MESSAGE][PASSED] - Delayed 2 second(s)

2018-06-10 23:13:19 - [TEST_STEP][PASSED] - selectOptionByIndex: All options with index in [11] are selected on object 'Object Repository/HealthpostToCms/Page_HealthPost Store/select_--Select--Schedule 1Inj'

2018-06-10 23:13:19 - [MESSAGE][PASSED] - All options with index in [11] are selected on object 'Object Repository/HealthpostToCms/Page_HealthPost Store/select_--Select--Schedule 1Inj'

2018-06-10 23:13:19 - [TEST_STEP][PASSED] - delay: Delayed 1 second(s)

2018-06-10 23:13:20 - [MESSAGE][PASSED] - Delayed 1 second(s)

2018-06-10 23:13:20 - [TEST_STEP][PASSED] - selectOptionByIndex: All options with index in [37] are selected on object 'Object Repository/HealthpostToCms/Page_HealthPost Store/select_--Select--Adernaline 0.'

2018-06-10 23:13:20 - [MESSAGE][PASSED] - All options with index in [37] are selected on object 'Object Repository/HealthpostToCms/Page_HealthPost Store/select_--Select--Adernaline 0.'

2018-06-10 23:13:20 - [TEST_STEP][PASSED] - setText: Text '100' is set on object 'Object Repository/HealthpostToCms/Page_HealthPost Store/input_txttreat'

2018-06-10 23:13:20 - [MESSAGE][PASSED] - Text '100' is set on object 'Object Repository/HealthpostToCms/Page_HealthPost Store/input_txttreat'

2018-06-10 23:13:20 - [TEST_STEP][PASSED] - click: Object: 'Object Repository/HealthpostToCms/Page_HealthPost Store/button_Add' is clicked on

2018-06-10 23:13:21 - [MESSAGE][PASSED] - Object: 'Object Repository/HealthpostToCms/Page_HealthPost Store/button_Add' is clicked on

2018-06-10 23:13:21 - [TEST_STEP][PASSED] - delay: Delayed 2 second(s)

2018-06-10 23:13:23 - [MESSAGE][PASSED] - Delayed 2 second(s)

2018-06-10 23:13:23 - [TEST_STEP][PASSED] - selectOptionByIndex: All options with index in [11] are selected on object 'Object Repository/HealthpostToCms/Page_HealthPost Store/select_--Select--Schedule 1Inj'

2018-06-10 23:13:23 - [MESSAGE][PASSED] - All options with index in [11] are selected on object 'Object Repository/HealthpostToCms/Page_HealthPost Store/select_--Select--Schedule 1Inj'

2018-06-10 23:13:23 - [TEST_STEP][PASSED] - delay: Delayed 1 second(s)

2018-06-10 23:13:24 - [MESSAGE][PASSED] - Delayed 1 second(s)

2018-06-10 23:13:24 - [TEST_STEP][PASSED] - selectOptionByIndex: All options with index in [38] are selected on object 'Object Repository/HealthpostToCms/Page_HealthPost Store/select_--Select--Adernaline 0.'

2018-06-10 23:13:24 - [MESSAGE][PASSED] - All options with index in [38] are selected on object 'Object Repository/HealthpostToCms/Page_HealthPost Store/select_--Select--Adernaline 0.'

2018-06-10 23:13:24 - [TEST_STEP][PASSED] - setText: Text '100' is set on object 'Object Repository/HealthpostToCms/Page_HealthPost Store/input_txttreat'

2018-06-10 23:13:25 - [MESSAGE][PASSED] - Text '100' is set on object 'Object Repository/HealthpostToCms/Page_HealthPost Store/input_txttreat'

2018-06-10 23:13:25 - [TEST_STEP][PASSED] - click: Object: 'Object Repository/HealthpostToCms/Page_HealthPost Store/button_Add' is clicked on

2018-06-10 23:13:25 - [MESSAGE][PASSED] - Object: 'Object Repository/HealthpostToCms/Page_HealthPost Store/button_Add' is clicked on

2018-06-10 23:13:25 - [TEST_STEP][PASSED] - delay: Delayed 2 second(s)

2018-06-10 23:13:27 - [MESSAGE][PASSED] - Delayed 2 second(s)

2018-06-10 23:13:27 - [TEST_STEP][PASSED] - selectOptionByIndex: All options with index in [11] are selected on object 'Object Repository/HealthpostToCms/Page_HealthPost Store/select_--Select--Schedule 1Inj'

2018-06-10 23:13:27 - [MESSAGE][PASSED] - All options with index in [11] are selected on object 'Object Repository/HealthpostToCms/Page_HealthPost Store/select_--Select--Schedule 1Inj'

2018-06-10 23:13:27 - [TEST_STEP][PASSED] - delay: Delayed 1 second(s)

2018-06-10 23:13:28 - [MESSAGE][PASSED] - Delayed 1 second(s)

2018-06-10 23:13:28 - [TEST_STEP][PASSED] - selectOptionByIndex: All options with index in [39] are selected on object 'Object Repository/HealthpostToCms/Page_HealthPost Store/select_--Select--Adernaline 0.'

2018-06-10 23:13:28 - [MESSAGE][PASSED] - All options with index in [39] are selected on object 'Object Repository/HealthpostToCms/Page_HealthPost Store/select_--Select--Adernaline 0.'

2018-06-10 23:13:28 - [TEST_STEP][PASSED] - setText: Text '100' is set on object 'Object Repository/HealthpostToCms/Page_HealthPost Store/input_txttreat'

2018-06-10 23:13:28 - [MESSAGE][PASSED] - Text '100' is set on object 'Object Repository/HealthpostToCms/Page_HealthPost Store/input_txttreat'

2018-06-10 23:13:28 - [TEST_STEP][PASSED] - click: Object: 'Object Repository/HealthpostToCms/Page_HealthPost Store/button_Add' is clicked on

2018-06-10 23:13:29 - [MESSAGE][PASSED] - Object: 'Object Repository/HealthpostToCms/Page_HealthPost Store/button_Add' is clicked on

2018-06-10 23:13:29 - [TEST_STEP][PASSED] - delay: Delayed 2 second(s)

2018-06-10 23:13:31 - [MESSAGE][PASSED] - Delayed 2 second(s)

2018-06-10 23:13:31 - [TEST_STEP][PASSED] - selectOptionByIndex: All options with index in [11] are selected on object 'Object Repository/HealthpostToCms/Page_HealthPost Store/select_--Select--Schedule 1Inj'

2018-06-10 23:13:31 - [MESSAGE][PASSED] - All options with index in [11] are selected on object 'Object Repository/HealthpostToCms/Page_HealthPost Store/select_--Select--Schedule 1Inj'

2018-06-10 23:13:31 - [TEST_STEP][PASSED] - delay: Delayed 1 second(s)

2018-06-10 23:13:32 - [MESSAGE][PASSED] - Delayed 1 second(s)

2018-06-10 23:13:32 - [TEST_STEP][PASSED] - selectOptionByIndex: All options with index in [40] are selected on object 'Object Repository/HealthpostToCms/Page_HealthPost Store/select_--Select--Adernaline 0.'

2018-06-10 23:13:32 - [MESSAGE][PASSED] - All options with index in [40] are selected on object 'Object Repository/HealthpostToCms/Page_HealthPost Store/select_--Select--Adernaline 0.'

2018-06-10 23:13:32 - [TEST_STEP][PASSED] - setText: Text '100' is set on object 'Object Repository/HealthpostToCms/Page_HealthPost Store/input_txttreat'

2018-06-10 23:13:32 - [MESSAGE][PASSED] - Text '100' is set on object 'Object Repository/HealthpostToCms/Page_HealthPost Store/input_txttreat'

2018-06-10 23:13:32 - [TEST_STEP][PASSED] - click: Object: 'Object Repository/HealthpostToCms/Page_HealthPost Store/button_Add' is clicked on

2018-06-10 23:13:32 - [MESSAGE][PASSED] - Object: 'Object Repository/HealthpostToCms/Page_HealthPost Store/button_Add' is clicked on

2018-06-10 23:13:32 - [TEST_STEP][PASSED] - delay: Delayed 2 second(s)

2018-06-10 23:13:34 - [MESSAGE][PASSED] - Delayed 2 second(s)

2018-06-10 23:13:34 - [TEST_STEP][PASSED] - selectOptionByIndex: All options with index in [11] are selected on object 'Object Repository/HealthpostToCms/Page_HealthPost Store/select_--Select--Schedule 1Inj'

2018-06-10 23:13:35 - [MESSAGE][PASSED] - All options with index in [11] are selected on object 'Object Repository/HealthpostToCms/Page_HealthPost Store/select_--Select--Schedule 1Inj'

2018-06-10 23:13:35 - [TEST_STEP][PASSED] - delay: Delayed 1 second(s)

2018-06-10 23:13:36 - [MESSAGE][PASSED] - Delayed 1 second(s)

2018-06-10 23:13:36 - [TEST_STEP][PASSED] - selectOptionByIndex: All options with index in [41] are selected on object 'Object Repository/HealthpostToCms/Page_HealthPost Store/select_--Select--Adernaline 0.'

2018-06-10 23:13:36 - [MESSAGE][PASSED] - All options with index in [41] are selected on object 'Object Repository/HealthpostToCms/Page_HealthPost Store/select_--Select--Adernaline 0.'

2018-06-10 23:13:36 - [TEST_STEP][PASSED] - setText: Text '100' is set on object 'Object Repository/HealthpostToCms/Page_HealthPost Store/input_txttreat'

2018-06-10 23:13:36 - [MESSAGE][PASSED] - Text '100' is set on object 'Object Repository/HealthpostToCms/Page_HealthPost Store/input_txttreat'

2018-06-10 23:13:36 - [TEST_STEP][PASSED] - click: Object: 'Object Repository/HealthpostToCms/Page_HealthPost Store/button_Add' is clicked on

2018-06-10 23:13:36 - [MESSAGE][PASSED] - Object: 'Object Repository/HealthpostToCms/Page_HealthPost Store/button_Add' is clicked on

2018-06-10 23:13:36 - [TEST_STEP][PASSED] - delay: Delayed 2 second(s)

2018-06-10 23:13:38 - [MESSAGE][PASSED] - Delayed 2 second(s)

2018-06-10 23:13:38 - [TEST_STEP][PASSED] - selectOptionByIndex: All options with index in [11] are selected on object 'Object Repository/HealthpostToCms/Page_HealthPost Store/select_--Select--Schedule 1Inj'

2018-06-10 23:13:39 - [MESSAGE][PASSED] - All options with index in [11] are selected on object 'Object Repository/HealthpostToCms/Page_HealthPost Store/select_--Select--Schedule 1Inj'

2018-06-10 23:13:39 - [TEST_STEP][PASSED] - delay: Delayed 1 second(s)

2018-06-10 23:13:40 - [MESSAGE][PASSED] - Delayed 1 second(s)

2018-06-10 23:13:40 - [TEST_STEP][PASSED] - selectOptionByIndex: All options with index in [42] are selected on object 'Object Repository/HealthpostToCms/Page_HealthPost Store/select_--Select--Adernaline 0.'

2018-06-10 23:13:40 - [MESSAGE][PASSED] - All options with index in [42] are selected on object 'Object Repository/HealthpostToCms/Page_HealthPost Store/select_--Select--Adernaline 0.'

2018-06-10 23:13:40 - [TEST_STEP][PASSED] - setText: Text '100' is set on object 'Object Repository/HealthpostToCms/Page_HealthPost Store/input_txttreat'

2018-06-10 23:13:40 - [MESSAGE][PASSED] - Text '100' is set on object 'Object Repository/HealthpostToCms/Page_HealthPost Store/input_txttreat'

2018-06-10 23:13:40 - [TEST_STEP][PASSED] - click: Object: 'Object Repository/HealthpostToCms/Page_HealthPost Store/button_Add' is clicked on

2018-06-10 23:13:40 - [MESSAGE][PASSED] - Object: 'Object Repository/HealthpostToCms/Page_HealthPost Store/button_Add' is clicked on

2018-06-10 23:13:40 - [TEST_STEP][PASSED] - delay: Delayed 2 second(s)

2018-06-10 23:13:42 - [MESSAGE][PASSED] - Delayed 2 second(s)

2018-06-10 23:13:42 - [TEST_STEP][PASSED] - selectOptionByIndex: All options with index in [11] are selected on object 'Object Repository/HealthpostToCms/Page_HealthPost Store/select_--Select--Schedule 1Inj'

2018-06-10 23:13:43 - [MESSAGE][PASSED] - All options with index in [11] are selected on object 'Object Repository/HealthpostToCms/Page_HealthPost Store/select_--Select--Schedule 1Inj'

2018-06-10 23:13:43 - [TEST_STEP][PASSED] - delay: Delayed 1 second(s)

2018-06-10 23:13:44 - [MESSAGE][PASSED] - Delayed 1 second(s)

2018-06-10 23:13:44 - [TEST_STEP][PASSED] - selectOptionByIndex: All options with index in [43] are selected on object 'Object Repository/HealthpostToCms/Page_HealthPost Store/select_--Select--Adernaline 0.'

2018-06-10 23:13:44 - [MESSAGE][PASSED] - All options with index in [43] are selected on object 'Object Repository/HealthpostToCms/Page_HealthPost Store/select_--Select--Adernaline 0.'

2018-06-10 23:13:44 - [TEST_STEP][PASSED] - setText: Text '100' is set on object 'Object Repository/HealthpostToCms/Page_HealthPost Store/input_txttreat'

2018-06-10 23:13:44 - [MESSAGE][PASSED] - Text '100' is set on object 'Object Repository/HealthpostToCms/Page_HealthPost Store/input_txttreat'

2018-06-10 23:13:44 - [TEST_STEP][PASSED] - click: Object: 'Object Repository/HealthpostToCms/Page_HealthPost Store/button_Add' is clicked on

2018-06-10 23:13:44 - [MESSAGE][PASSED] - Object: 'Object Repository/HealthpostToCms/Page_HealthPost Store/button_Add' is clicked on

2018-06-10 23:13:44 - [TEST_STEP][PASSED] - delay: Delayed 2 second(s)

2018-06-10 23:13:46 - [MESSAGE][PASSED] - Delayed 2 second(s)

2018-06-10 23:13:46 - [TEST_STEP][PASSED] - selectOptionByIndex: All options with index in [11] are selected on object 'Object Repository/HealthpostToCms/Page_HealthPost Store/select_--Select--Schedule 1Inj'

2018-06-10 23:13:47 - [MESSAGE][PASSED] - All options with index in [11] are selected on object 'Object Repository/HealthpostToCms/Page_HealthPost Store/select_--Select--Schedule 1Inj'

2018-06-10 23:13:47 - [TEST_STEP][PASSED] - delay: Delayed 1 second(s)

2018-06-10 23:13:48 - [MESSAGE][PASSED] - Delayed 1 second(s)

2018-06-10 23:13:48 - [TEST_STEP][PASSED] - selectOptionByIndex: All options with index in [44] are selected on object 'Object Repository/HealthpostToCms/Page_HealthPost Store/select_--Select--Adernaline 0.'

2018-06-10 23:13:48 - [MESSAGE][PASSED] - All options with index in [44] are selected on object 'Object Repository/HealthpostToCms/Page_HealthPost Store/select_--Select--Adernaline 0.'

2018-06-10 23:13:48 - [TEST_STEP][PASSED] - setText: Text '100' is set on object 'Object Repository/HealthpostToCms/Page_HealthPost Store/input_txttreat'

2018-06-10 23:13:48 - [MESSAGE][PASSED] - Text '100' is set on object 'Object Repository/HealthpostToCms/Page_HealthPost Store/input_txttreat'

2018-06-10 23:13:48 - [TEST_STEP][PASSED] - click: Object: 'Object Repository/HealthpostToCms/Page_HealthPost Store/button_Add' is clicked on

2018-06-10 23:13:48 - [MESSAGE][PASSED] - Object: 'Object Repository/HealthpostToCms/Page_HealthPost Store/button_Add' is clicked on

2018-06-10 23:13:48 - [TEST_STEP][PASSED] - delay: Delayed 2 second(s)

2018-06-10 23:13:50 - [MESSAGE][PASSED] - Delayed 2 second(s)

2018-06-10 23:13:50 - [TEST_STEP][PASSED] - selectOptionByIndex: All options with index in [11] are selected on object 'Object Repository/HealthpostToCms/Page_HealthPost Store/select_--Select--Schedule 1Inj'

2018-06-10 23:13:51 - [MESSAGE][PASSED] - All options with index in [11] are selected on object 'Object Repository/HealthpostToCms/Page_HealthPost Store/select_--Select--Schedule 1Inj'

2018-06-10 23:13:51 - [TEST_STEP][PASSED] - delay: Delayed 1 second(s)

2018-06-10 23:13:52 - [MESSAGE][PASSED] - Delayed 1 second(s)

2018-06-10 23:13:52 - [TEST_STEP][PASSED] - selectOptionByIndex: All options with index in [45] are selected on object 'Object Repository/HealthpostToCms/Page_HealthPost Store/select_--Select--Adernaline 0.'

2018-06-10 23:13:52 - [MESSAGE][PASSED] - All options with index in [45] are selected on object 'Object Repository/HealthpostToCms/Page_HealthPost Store/select_--Select--Adernaline 0.'

2018-06-10 23:13:52 - [TEST_STEP][PASSED] - setText: Text '100' is set on object 'Object Repository/HealthpostToCms/Page_HealthPost Store/input_txttreat'

2018-06-10 23:13:52 - [MESSAGE][PASSED] - Text '100' is set on object 'Object Repository/HealthpostToCms/Page_HealthPost Store/input_txttreat'

2018-06-10 23:13:52 - [TEST_STEP][PASSED] - click: Object: 'Object Repository/HealthpostToCms/Page_HealthPost Store/button_Add' is clicked on

2018-06-10 23:13:52 - [MESSAGE][PASSED] - Object: 'Object Repository/HealthpostToCms/Page_HealthPost Store/button_Add' is clicked on

2018-06-10 23:13:52 - [TEST_STEP][PASSED] - delay: Delayed 2 second(s)

2018-06-10 23:13:54 - [MESSAGE][PASSED] - Delayed 2 second(s)

2018-06-10 23:13:54 - [TEST_STEP][PASSED] - selectOptionByIndex: All options with index in [11] are selected on object 'Object Repository/HealthpostToCms/Page_HealthPost Store/select_--Select--Schedule 1Inj'

2018-06-10 23:13:55 - [MESSAGE][PASSED] - All options with index in [11] are selected on object 'Object Repository/HealthpostToCms/Page_HealthPost Store/select_--Select--Schedule 1Inj'

2018-06-10 23:13:55 - [TEST_STEP][PASSED] - delay: Delayed 1 second(s)

2018-06-10 23:13:56 - [MESSAGE][PASSED] - Delayed 1 second(s)

2018-06-10 23:13:56 - [TEST_STEP][PASSED] - selectOptionByIndex: All options with index in [46] are selected on object 'Object Repository/HealthpostToCms/Page_HealthPost Store/select_--Select--Adernaline 0.'

2018-06-10 23:13:56 - [MESSAGE][PASSED] - All options with index in [46] are selected on object 'Object Repository/HealthpostToCms/Page_HealthPost Store/select_--Select--Adernaline 0.'

2018-06-10 23:13:56 - [TEST_STEP][PASSED] - setText: Text '100' is set on object 'Object Repository/HealthpostToCms/Page_HealthPost Store/input_txttreat'

2018-06-10 23:13:56 - [MESSAGE][PASSED] - Text '100' is set on object 'Object Repository/HealthpostToCms/Page_HealthPost Store/input_txttreat'

2018-06-10 23:13:56 - [TEST_STEP][PASSED] - click: Object: 'Object Repository/HealthpostToCms/Page_HealthPost Store/button_Add' is clicked on

2018-06-10 23:13:56 - [MESSAGE][PASSED] - Object: 'Object Repository/HealthpostToCms/Page_HealthPost Store/button_Add' is clicked on

2018-06-10 23:13:56 - [TEST_STEP][PASSED] - delay: Delayed 2 second(s)

2018-06-10 23:13:58 - [MESSAGE][PASSED] - Delayed 2 second(s)

2018-06-10 23:13:58 - [TEST_STEP][PASSED] - selectOptionByIndex: All options with index in [11] are selected on object 'Object Repository/HealthpostToCms/Page_HealthPost Store/select_--Select--Schedule 1Inj'

2018-06-10 23:13:59 - [MESSAGE][PASSED] - All options with index in [11] are selected on object 'Object Repository/HealthpostToCms/Page_HealthPost Store/select_--Select--Schedule 1Inj'

2018-06-10 23:13:59 - [TEST_STEP][PASSED] - delay: Delayed 1 second(s)

2018-06-10 23:14:00 - [MESSAGE][PASSED] - Delayed 1 second(s)

2018-06-10 23:14:00 - [TEST_STEP][PASSED] - selectOptionByIndex: All options with index in [47] are selected on object 'Object Repository/HealthpostToCms/Page_HealthPost Store/select_--Select--Adernaline 0.'

2018-06-10 23:14:00 - [MESSAGE][PASSED] - All options with index in [47] are selected on object 'Object Repository/HealthpostToCms/Page_HealthPost Store/select_--Select--Adernaline 0.'

2018-06-10 23:14:00 - [TEST_STEP][PASSED] - setText: Text '100' is set on object 'Object Repository/HealthpostToCms/Page_HealthPost Store/input_txttreat'

2018-06-10 23:14:00 - [MESSAGE][PASSED] - Text '100' is set on object 'Object Repository/HealthpostToCms/Page_HealthPost Store/input_txttreat'

2018-06-10 23:14:00 - [TEST_STEP][PASSED] - click: Object: 'Object Repository/HealthpostToCms/Page_HealthPost Store/button_Add' is clicked on

2018-06-10 23:14:00 - [MESSAGE][PASSED] - Object: 'Object Repository/HealthpostToCms/Page_HealthPost Store/button_Add' is clicked on

2018-06-10 23:14:00 - [TEST_STEP][PASSED] - delay: Delayed 2 second(s)

2018-06-10 23:14:02 - [MESSAGE][PASSED] - Delayed 2 second(s)

2018-06-10 23:14:02 - [TEST_STEP][PASSED] - selectOptionByIndex: All options with index in [11] are selected on object 'Object Repository/HealthpostToCms/Page_HealthPost Store/select_--Select--Schedule 1Inj'

2018-06-10 23:14:03 - [MESSAGE][PASSED] - All options with index in [11] are selected on object 'Object Repository/HealthpostToCms/Page_HealthPost Store/select_--Select--Schedule 1Inj'

2018-06-10 23:14:03 - [TEST_STEP][PASSED] - delay: Delayed 1 second(s)

2018-06-10 23:14:04 - [MESSAGE][PASSED] - Delayed 1 second(s)

2018-06-10 23:14:04 - [TEST_STEP][PASSED] - selectOptionByIndex: All options with index in [48] are selected on object 'Object Repository/HealthpostToCms/Page_HealthPost Store/select_--Select--Adernaline 0.'

2018-06-10 23:14:04 - [MESSAGE][PASSED] - All options with index in [48] are selected on object 'Object Repository/HealthpostToCms/Page_HealthPost Store/select_--Select--Adernaline 0.'

2018-06-10 23:14:04 - [TEST_STEP][PASSED] - setText: Text '100' is set on object 'Object Repository/HealthpostToCms/Page_HealthPost Store/input_txttreat'

2018-06-10 23:14:04 - [MESSAGE][PASSED] - Text '100' is set on object 'Object Repository/HealthpostToCms/Page_HealthPost Store/input_txttreat'

2018-06-10 23:14:04 - [TEST_STEP][PASSED] - click: Object: 'Object Repository/HealthpostToCms/Page_HealthPost Store/button_Add' is clicked on

2018-06-10 23:14:05 - [MESSAGE][PASSED] - Object: 'Object Repository/HealthpostToCms/Page_HealthPost Store/button_Add' is clicked on

2018-06-10 23:14:05 - [TEST_STEP][PASSED] - delay: Delayed 2 second(s)

2018-06-10 23:14:07 - [MESSAGE][PASSED] - Delayed 2 second(s)

2018-06-10 23:14:07 - [TEST_STEP][PASSED] - selectOptionByIndex: All options with index in [11] are selected on object 'Object Repository/HealthpostToCms/Page_HealthPost Store/select_--Select--Schedule 1Inj'

2018-06-10 23:14:07 - [MESSAGE][PASSED] - All options with index in [11] are selected on object 'Object Repository/HealthpostToCms/Page_HealthPost Store/select_--Select--Schedule 1Inj'

2018-06-10 23:14:07 - [TEST_STEP][PASSED] - delay: Delayed 1 second(s)

2018-06-10 23:14:08 - [MESSAGE][PASSED] - Delayed 1 second(s)

2018-06-10 23:14:08 - [TEST_STEP][PASSED] - selectOptionByIndex: All options with index in [49] are selected on object 'Object Repository/HealthpostToCms/Page_HealthPost Store/select_--Select--Adernaline 0.'

2018-06-10 23:14:08 - [MESSAGE][PASSED] - All options with index in [49] are selected on object 'Object Repository/HealthpostToCms/Page_HealthPost Store/select_--Select--Adernaline 0.'

2018-06-10 23:14:08 - [TEST_STEP][PASSED] - setText: Text '100' is set on object 'Object Repository/HealthpostToCms/Page_HealthPost Store/input_txttreat'

2018-06-10 23:14:08 - [MESSAGE][PASSED] - Text '100' is set on object 'Object Repository/HealthpostToCms/Page_HealthPost Store/input_txttreat'

2018-06-10 23:14:08 - [TEST_STEP][PASSED] - click: Object: 'Object Repository/HealthpostToCms/Page_HealthPost Store/button_Add' is clicked on

2018-06-10 23:14:09 - [MESSAGE][PASSED] - Object: 'Object Repository/HealthpostToCms/Page_HealthPost Store/button_Add' is clicked on

2018-06-10 23:14:09 - [TEST_STEP][PASSED] - delay: Delayed 2 second(s)

2018-06-10 23:14:11 - [MESSAGE][PASSED] - Delayed 2 second(s)

2018-06-10 23:14:11 - [TEST_STEP][PASSED] - selectOptionByIndex: All options with index in [11] are selected on object 'Object Repository/HealthpostToCms/Page_HealthPost Store/select_--Select--Schedule 1Inj'

2018-06-10 23:14:11 - [MESSAGE][PASSED] - All options with index in [11] are selected on object 'Object Repository/HealthpostToCms/Page_HealthPost Store/select_--Select--Schedule 1Inj'

2018-06-10 23:14:11 - [TEST_STEP][PASSED] - delay: Delayed 1 second(s)

2018-06-10 23:14:12 - [MESSAGE][PASSED] - Delayed 1 second(s)

2018-06-10 23:14:12 - [TEST_STEP][PASSED] - selectOptionByIndex: All options with index in [50] are selected on object 'Object Repository/HealthpostToCms/Page_HealthPost Store/select_--Select--Adernaline 0.'

2018-06-10 23:14:12 - [MESSAGE][PASSED] - All options with index in [50] are selected on object 'Object Repository/HealthpostToCms/Page_HealthPost Store/select_--Select--Adernaline 0.'

2018-06-10 23:14:12 - [TEST_STEP][PASSED] - setText: Text '100' is set on object 'Object Repository/HealthpostToCms/Page_HealthPost Store/input_txttreat'

2018-06-10 23:14:13 - [MESSAGE][PASSED] - Text '100' is set on object 'Object Repository/HealthpostToCms/Page_HealthPost Store/input_txttreat'

2018-06-10 23:14:13 - [TEST_STEP][PASSED] - click: Object: 'Object Repository/HealthpostToCms/Page_HealthPost Store/button_Add' is clicked on

2018-06-10 23:14:13 - [MESSAGE][PASSED] - Object: 'Object Repository/HealthpostToCms/Page_HealthPost Store/button_Add' is clicked on

2018-06-10 23:14:13 - [TEST_STEP][PASSED] - delay: Delayed 2 second(s)

2018-06-10 23:14:15 - [MESSAGE][PASSED] - Delayed 2 second(s)

2018-06-10 23:14:15 - [TEST_STEP][PASSED] - selectOptionByIndex: All options with index in [11] are selected on object 'Object Repository/HealthpostToCms/Page_HealthPost Store/select_--Select--Schedule 1Inj'

2018-06-10 23:14:15 - [MESSAGE][PASSED] - All options with index in [11] are selected on object 'Object Repository/HealthpostToCms/Page_HealthPost Store/select_--Select--Schedule 1Inj'

2018-06-10 23:14:15 - [TEST_STEP][PASSED] - delay: Delayed 1 second(s)

2018-06-10 23:14:16 - [MESSAGE][PASSED] - Delayed 1 second(s)

2018-06-10 23:14:16 - [TEST_STEP][PASSED] - selectOptionByIndex: All options with index in [51] are selected on object 'Object Repository/HealthpostToCms/Page_HealthPost Store/select_--Select--Adernaline 0.'

2018-06-10 23:14:17 - [MESSAGE][PASSED] - All options with index in [51] are selected on object 'Object Repository/HealthpostToCms/Page_HealthPost Store/select_--Select--Adernaline 0.'

2018-06-10 23:14:17 - [TEST_STEP][PASSED] - setText: Text '100' is set on object 'Object Repository/HealthpostToCms/Page_HealthPost Store/input_txttreat'

2018-06-10 23:14:17 - [MESSAGE][PASSED] - Text '100' is set on object 'Object Repository/HealthpostToCms/Page_HealthPost Store/input_txttreat'

2018-06-10 23:14:17 - [TEST_STEP][PASSED] - click: Object: 'Object Repository/HealthpostToCms/Page_HealthPost Store/button_Add' is clicked on

2018-06-10 23:14:17 - [MESSAGE][PASSED] - Object: 'Object Repository/HealthpostToCms/Page_HealthPost Store/button_Add' is clicked on

2018-06-10 23:14:17 - [TEST_STEP][PASSED] - delay: Delayed 2 second(s)

2018-06-10 23:14:19 - [MESSAGE][PASSED] - Delayed 2 second(s)

2018-06-10 23:14:19 - [TEST_STEP][PASSED] - selectOptionByIndex: All options with index in [11] are selected on object 'Object Repository/HealthpostToCms/Page_HealthPost Store/select_--Select--Schedule 1Inj'

2018-06-10 23:14:19 - [MESSAGE][PASSED] - All options with index in [11] are selected on object 'Object Repository/HealthpostToCms/Page_HealthPost Store/select_--Select--Schedule 1Inj'

2018-06-10 23:14:19 - [TEST_STEP][PASSED] - delay: Delayed 1 second(s)

2018-06-10 23:14:20 - [MESSAGE][PASSED] - Delayed 1 second(s)

2018-06-10 23:14:20 - [TEST_STEP][PASSED] - selectOptionByIndex: All options with index in [52] are selected on object 'Object Repository/HealthpostToCms/Page_HealthPost Store/select_--Select--Adernaline 0.'

2018-06-10 23:14:21 - [MESSAGE][PASSED] - All options with index in [52] are selected on object 'Object Repository/HealthpostToCms/Page_HealthPost Store/select_--Select--Adernaline 0.'

2018-06-10 23:14:21 - [TEST_STEP][PASSED] - setText: Text '100' is set on object 'Object Repository/HealthpostToCms/Page_HealthPost Store/input_txttreat'

2018-06-10 23:14:21 - [MESSAGE][PASSED] - Text '100' is set on object 'Object Repository/HealthpostToCms/Page_HealthPost Store/input_txttreat'

2018-06-10 23:14:21 - [TEST_STEP][PASSED] - click: Object: 'Object Repository/HealthpostToCms/Page_HealthPost Store/button_Add' is clicked on

2018-06-10 23:14:21 - [MESSAGE][PASSED] - Object: 'Object Repository/HealthpostToCms/Page_HealthPost Store/button_Add' is clicked on

2018-06-10 23:14:21 - [TEST_STEP][PASSED] - delay: Delayed 2 second(s)

2018-06-10 23:14:23 - [MESSAGE][PASSED] - Delayed 2 second(s)

2018-06-10 23:14:23 - [TEST_STEP][PASSED] - selectOptionByIndex: All options with index in [11] are selected on object 'Object Repository/HealthpostToCms/Page_HealthPost Store/select_--Select--Schedule 1Inj'

2018-06-10 23:14:23 - [MESSAGE][PASSED] - All options with index in [11] are selected on object 'Object Repository/HealthpostToCms/Page_HealthPost Store/select_--Select--Schedule 1Inj'

2018-06-10 23:14:23 - [TEST_STEP][PASSED] - delay: Delayed 1 second(s)

2018-06-10 23:14:24 - [MESSAGE][PASSED] - Delayed 1 second(s)

2018-06-10 23:14:24 - [TEST_STEP][PASSED] - selectOptionByIndex: All options with index in [53] are selected on object 'Object Repository/HealthpostToCms/Page_HealthPost Store/select_--Select--Adernaline 0.'

2018-06-10 23:14:25 - [MESSAGE][PASSED] - All options with index in [53] are selected on object 'Object Repository/HealthpostToCms/Page_HealthPost Store/select_--Select--Adernaline 0.'

2018-06-10 23:14:25 - [TEST_STEP][PASSED] - setText: Text '100' is set on object 'Object Repository/HealthpostToCms/Page_HealthPost Store/input_txttreat'

2018-06-10 23:14:25 - [MESSAGE][PASSED] - Text '100' is set on object 'Object Repository/HealthpostToCms/Page_HealthPost Store/input_txttreat'

2018-06-10 23:14:25 - [TEST_STEP][PASSED] - click: Object: 'Object Repository/HealthpostToCms/Page_HealthPost Store/button_Add' is clicked on

2018-06-10 23:14:25 - [MESSAGE][PASSED] - Object: 'Object Repository/HealthpostToCms/Page_HealthPost Store/button_Add' is clicked on

2018-06-10 23:14:25 - [TEST_STEP][PASSED] - delay: Delayed 2 second(s)

2018-06-10 23:14:27 - [MESSAGE][PASSED] - Delayed 2 second(s)

2018-06-10 23:14:27 - [TEST_STEP][PASSED] - selectOptionByIndex: All options with index in [11] are selected on object 'Object Repository/HealthpostToCms/Page_HealthPost Store/select_--Select--Schedule 1Inj'

2018-06-10 23:14:27 - [MESSAGE][PASSED] - All options with index in [11] are selected on object 'Object Repository/HealthpostToCms/Page_HealthPost Store/select_--Select--Schedule 1Inj'

2018-06-10 23:14:27 - [TEST_STEP][PASSED] - delay: Delayed 1 second(s)

2018-06-10 23:14:28 - [MESSAGE][PASSED] - Delayed 1 second(s)

2018-06-10 23:14:28 - [TEST_STEP][PASSED] - selectOptionByIndex: All options with index in [54] are selected on object 'Object Repository/HealthpostToCms/Page_HealthPost Store/select_--Select--Adernaline 0.'

2018-06-10 23:14:29 - [MESSAGE][PASSED] - All options with index in [54] are selected on object 'Object Repository/HealthpostToCms/Page_HealthPost Store/select_--Select--Adernaline 0.'

2018-06-10 23:14:29 - [TEST_STEP][PASSED] - setText: Text '100' is set on object 'Object Repository/HealthpostToCms/Page_HealthPost Store/input_txttreat'

2018-06-10 23:14:29 - [MESSAGE][PASSED] - Text '100' is set on object 'Object Repository/HealthpostToCms/Page_HealthPost Store/input_txttreat'

2018-06-10 23:14:29 - [TEST_STEP][PASSED] - click: Object: 'Object Repository/HealthpostToCms/Page_HealthPost Store/button_Add' is clicked on

2018-06-10 23:14:29 - [MESSAGE][PASSED] - Object: 'Object Repository/HealthpostToCms/Page_HealthPost Store/button_Add' is clicked on

2018-06-10 23:14:29 - [TEST_STEP][PASSED] - delay: Delayed 2 second(s)

2018-06-10 23:14:31 - [MESSAGE][PASSED] - Delayed 2 second(s)

2018-06-10 23:14:31 - [TEST_STEP][PASSED] - selectOptionByIndex: All options with index in [11] are selected on object 'Object Repository/HealthpostToCms/Page_HealthPost Store/select_--Select--Schedule 1Inj'

2018-06-10 23:14:31 - [MESSAGE][PASSED] - All options with index in [11] are selected on object 'Object Repository/HealthpostToCms/Page_HealthPost Store/select_--Select--Schedule 1Inj'

2018-06-10 23:14:31 - [TEST_STEP][PASSED] - delay: Delayed 1 second(s)

2018-06-10 23:14:32 - [MESSAGE][PASSED] - Delayed 1 second(s)

2018-06-10 23:14:32 - [TEST_STEP][PASSED] - selectOptionByIndex: All options with index in [55] are selected on object 'Object Repository/HealthpostToCms/Page_HealthPost Store/select_--Select--Adernaline 0.'

2018-06-10 23:14:33 - [MESSAGE][PASSED] - All options with index in [55] are selected on object 'Object Repository/HealthpostToCms/Page_HealthPost Store/select_--Select--Adernaline 0.'

2018-06-10 23:14:33 - [TEST_STEP][PASSED] - setText: Text '100' is set on object 'Object Repository/HealthpostToCms/Page_HealthPost Store/input_txttreat'

2018-06-10 23:14:33 - [MESSAGE][PASSED] - Text '100' is set on object 'Object Repository/HealthpostToCms/Page_HealthPost Store/input_txttreat'

2018-06-10 23:14:33 - [TEST_STEP][PASSED] - click: Object: 'Object Repository/HealthpostToCms/Page_HealthPost Store/button_Add' is clicked on

2018-06-10 23:14:33 - [MESSAGE][PASSED] - Object: 'Object Repository/HealthpostToCms/Page_HealthPost Store/button_Add' is clicked on

2018-06-10 23:14:33 - [TEST_STEP][PASSED] - delay: Delayed 2 second(s)

2018-06-10 23:14:35 - [MESSAGE][PASSED] - Delayed 2 second(s)

2018-06-10 23:14:35 - [TEST_STEP][PASSED] - selectOptionByIndex: All options with index in [11] are selected on object 'Object Repository/HealthpostToCms/Page_HealthPost Store/select_--Select--Schedule 1Inj'

2018-06-10 23:14:35 - [MESSAGE][PASSED] - All options with index in [11] are selected on object 'Object Repository/HealthpostToCms/Page_HealthPost Store/select_--Select--Schedule 1Inj'

2018-06-10 23:14:35 - [TEST_STEP][PASSED] - delay: Delayed 1 second(s)

2018-06-10 23:14:36 - [MESSAGE][PASSED] - Delayed 1 second(s)

2018-06-10 23:14:36 - [TEST_STEP][PASSED] - selectOptionByIndex: All options with index in [56] are selected on object 'Object Repository/HealthpostToCms/Page_HealthPost Store/select_--Select--Adernaline 0.'

2018-06-10 23:14:37 - [MESSAGE][PASSED] - All options with index in [56] are selected on object 'Object Repository/HealthpostToCms/Page_HealthPost Store/select_--Select--Adernaline 0.'

2018-06-10 23:14:37 - [TEST_STEP][PASSED] - setText: Text '100' is set on object 'Object Repository/HealthpostToCms/Page_HealthPost Store/input_txttreat'

2018-06-10 23:14:37 - [MESSAGE][PASSED] - Text '100' is set on object 'Object Repository/HealthpostToCms/Page_HealthPost Store/input_txttreat'

2018-06-10 23:14:37 - [TEST_STEP][PASSED] - click: Object: 'Object Repository/HealthpostToCms/Page_HealthPost Store/button_Add' is clicked on

2018-06-10 23:14:37 - [MESSAGE][PASSED] - Object: 'Object Repository/HealthpostToCms/Page_HealthPost Store/button_Add' is clicked on

2018-06-10 23:14:37 - [TEST_STEP][PASSED] - delay: Delayed 2 second(s)

2018-06-10 23:14:39 - [MESSAGE][PASSED] - Delayed 2 second(s)

2018-06-10 23:14:39 - [TEST_STEP][PASSED] - selectOptionByIndex: All options with index in [11] are selected on object 'Object Repository/HealthpostToCms/Page_HealthPost Store/select_--Select--Schedule 1Inj'

2018-06-10 23:14:40 - [MESSAGE][PASSED] - All options with index in [11] are selected on object 'Object Repository/HealthpostToCms/Page_HealthPost Store/select_--Select--Schedule 1Inj'

2018-06-10 23:14:40 - [TEST_STEP][PASSED] - delay: Delayed 1 second(s)

2018-06-10 23:14:41 - [MESSAGE][PASSED] - Delayed 1 second(s)

2018-06-10 23:14:41 - [TEST_STEP][PASSED] - selectOptionByIndex: All options with index in [57] are selected on object 'Object Repository/HealthpostToCms/Page_HealthPost Store/select_--Select--Adernaline 0.'

2018-06-10 23:14:41 - [MESSAGE][PASSED] - All options with index in [57] are selected on object 'Object Repository/HealthpostToCms/Page_HealthPost Store/select_--Select--Adernaline 0.'

2018-06-10 23:14:41 - [TEST_STEP][PASSED] - setText: Text '100' is set on object 'Object Repository/HealthpostToCms/Page_HealthPost Store/input_txttreat'

2018-06-10 23:14:41 - [MESSAGE][PASSED] - Text '100' is set on object 'Object Repository/HealthpostToCms/Page_HealthPost Store/input_txttreat'

2018-06-10 23:14:41 - [TEST_STEP][PASSED] - click: Object: 'Object Repository/HealthpostToCms/Page_HealthPost Store/button_Add' is clicked on

2018-06-10 23:14:41 - [MESSAGE][PASSED] - Object: 'Object Repository/HealthpostToCms/Page_HealthPost Store/button_Add' is clicked on

2018-06-10 23:14:41 - [TEST_STEP][PASSED] - delay: Delayed 2 second(s)

2018-06-10 23:14:43 - [MESSAGE][PASSED] - Delayed 2 second(s)

2018-06-10 23:14:43 - [TEST_STEP][PASSED] - selectOptionByIndex: All options with index in [11] are selected on object 'Object Repository/HealthpostToCms/Page_HealthPost Store/select_--Select--Schedule 1Inj'

2018-06-10 23:14:44 - [MESSAGE][PASSED] - All options with index in [11] are selected on object 'Object Repository/HealthpostToCms/Page_HealthPost Store/select_--Select--Schedule 1Inj'

2018-06-10 23:14:44 - [TEST_STEP][PASSED] - delay: Delayed 1 second(s)

2018-06-10 23:14:45 - [MESSAGE][PASSED] - Delayed 1 second(s)

2018-06-10 23:14:45 - [TEST_STEP][PASSED] - selectOptionByIndex: All options with index in [58] are selected on object 'Object Repository/HealthpostToCms/Page_HealthPost Store/select_--Select--Adernaline 0.'

2018-06-10 23:14:45 - [MESSAGE][PASSED] - All options with index in [58] are selected on object 'Object Repository/HealthpostToCms/Page_HealthPost Store/select_--Select--Adernaline 0.'

2018-06-10 23:14:45 - [TEST_STEP][PASSED] - setText: Text '100' is set on object 'Object Repository/HealthpostToCms/Page_HealthPost Store/input_txttreat'

2018-06-10 23:14:45 - [MESSAGE][PASSED] - Text '100' is set on object 'Object Repository/HealthpostToCms/Page_HealthPost Store/input_txttreat'

2018-06-10 23:14:45 - [TEST_STEP][PASSED] - click: Object: 'Object Repository/HealthpostToCms/Page_HealthPost Store/button_Add' is clicked on

2018-06-10 23:14:46 - [MESSAGE][PASSED] - Object: 'Object Repository/HealthpostToCms/Page_HealthPost Store/button_Add' is clicked on

2018-06-10 23:14:46 - [TEST_STEP][PASSED] - delay: Delayed 2 second(s)

2018-06-10 23:14:48 - [MESSAGE][PASSED] - Delayed 2 second(s)

2018-06-10 23:14:48 - [TEST_STEP][PASSED] - selectOptionByIndex: All options with index in [11] are selected on object 'Object Repository/HealthpostToCms/Page_HealthPost Store/select_--Select--Schedule 1Inj'

2018-06-10 23:14:48 - [MESSAGE][PASSED] - All options with index in [11] are selected on object 'Object Repository/HealthpostToCms/Page_HealthPost Store/select_--Select--Schedule 1Inj'

2018-06-10 23:14:48 - [TEST_STEP][PASSED] - delay: Delayed 1 second(s)

2018-06-10 23:14:49 - [MESSAGE][PASSED] - Delayed 1 second(s)

2018-06-10 23:14:49 - [TEST_STEP][PASSED] - selectOptionByIndex: All options with index in [59] are selected on object 'Object Repository/HealthpostToCms/Page_HealthPost Store/select_--Select--Adernaline 0.'

2018-06-10 23:14:50 - [MESSAGE][PASSED] - All options with index in [59] are selected on object 'Object Repository/HealthpostToCms/Page_HealthPost Store/select_--Select--Adernaline 0.'

2018-06-10 23:14:50 - [TEST_STEP][PASSED] - setText: Text '100' is set on object 'Object Repository/HealthpostToCms/Page_HealthPost Store/input_txttreat'

2018-06-10 23:14:50 - [MESSAGE][PASSED] - Text '100' is set on object 'Object Repository/HealthpostToCms/Page_HealthPost Store/input_txttreat'

2018-06-10 23:14:50 - [TEST_STEP][PASSED] - click: Object: 'Object Repository/HealthpostToCms/Page_HealthPost Store/button_Add' is clicked on

2018-06-10 23:14:50 - [MESSAGE][PASSED] - Object: 'Object Repository/HealthpostToCms/Page_HealthPost Store/button_Add' is clicked on

2018-06-10 23:14:50 - [TEST_STEP][PASSED] - delay: Delayed 2 second(s)

2018-06-10 23:14:52 - [MESSAGE][PASSED] - Delayed 2 second(s)

2018-06-10 23:14:52 - [TEST_STEP][PASSED] - selectOptionByIndex: All options with index in [11] are selected on object 'Object Repository/HealthpostToCms/Page_HealthPost Store/select_--Select--Schedule 1Inj'

2018-06-10 23:14:52 - [MESSAGE][PASSED] - All options with index in [11] are selected on object 'Object Repository/HealthpostToCms/Page_HealthPost Store/select_--Select--Schedule 1Inj'

2018-06-10 23:14:52 - [TEST_STEP][PASSED] - delay: Delayed 1 second(s)

2018-06-10 23:14:53 - [MESSAGE][PASSED] - Delayed 1 second(s)

2018-06-10 23:14:53 - [TEST_STEP][PASSED] - selectOptionByIndex: All options with index in [60] are selected on object 'Object Repository/HealthpostToCms/Page_HealthPost Store/select_--Select--Adernaline 0.'

2018-06-10 23:14:54 - [MESSAGE][PASSED] - All options with index in [60] are selected on object 'Object Repository/HealthpostToCms/Page_HealthPost Store/select_--Select--Adernaline 0.'

2018-06-10 23:14:54 - [TEST_STEP][PASSED] - setText: Text '100' is set on object 'Object Repository/HealthpostToCms/Page_HealthPost Store/input_txttreat'

2018-06-10 23:14:54 - [MESSAGE][PASSED] - Text '100' is set on object 'Object Repository/HealthpostToCms/Page_HealthPost Store/input_txttreat'

2018-06-10 23:14:54 - [TEST_STEP][PASSED] - click: Object: 'Object Repository/HealthpostToCms/Page_HealthPost Store/button_Add' is clicked on

2018-06-10 23:14:54 - [MESSAGE][PASSED] - Object: 'Object Repository/HealthpostToCms/Page_HealthPost Store/button_Add' is clicked on

2018-06-10 23:14:54 - [TEST_STEP][PASSED] - delay: Delayed 2 second(s)

2018-06-10 23:14:56 - [MESSAGE][PASSED] - Delayed 2 second(s)

2018-06-10 23:14:56 - [TEST_STEP][PASSED] - selectOptionByIndex: All options with index in [11] are selected on object 'Object Repository/HealthpostToCms/Page_HealthPost Store/select_--Select--Schedule 1Inj'

2018-06-10 23:14:56 - [MESSAGE][PASSED] - All options with index in [11] are selected on object 'Object Repository/HealthpostToCms/Page_HealthPost Store/select_--Select--Schedule 1Inj'

2018-06-10 23:14:56 - [TEST_STEP][PASSED] - delay: Delayed 1 second(s)

2018-06-10 23:14:57 - [MESSAGE][PASSED] - Delayed 1 second(s)

2018-06-10 23:14:57 - [TEST_STEP][PASSED] - selectOptionByIndex: All options with index in [61] are selected on object 'Object Repository/HealthpostToCms/Page_HealthPost Store/select_--Select--Adernaline 0.'

2018-06-10 23:14:58 - [MESSAGE][PASSED] - All options with index in [61] are selected on object 'Object Repository/HealthpostToCms/Page_HealthPost Store/select_--Select--Adernaline 0.'

2018-06-10 23:14:58 - [TEST_STEP][PASSED] - setText: Text '100' is set on object 'Object Repository/HealthpostToCms/Page_HealthPost Store/input_txttreat'

2018-06-10 23:14:58 - [MESSAGE][PASSED] - Text '100' is set on object 'Object Repository/HealthpostToCms/Page_HealthPost Store/input_txttreat'

2018-06-10 23:14:58 - [TEST_STEP][PASSED] - click: Object: 'Object Repository/HealthpostToCms/Page_HealthPost Store/button_Add' is clicked on

2018-06-10 23:14:58 - [MESSAGE][PASSED] - Object: 'Object Repository/HealthpostToCms/Page_HealthPost Store/button_Add' is clicked on

2018-06-10 23:14:58 - [TEST_STEP][PASSED] - delay: Delayed 2 second(s)

2018-06-10 23:15:00 - [MESSAGE][PASSED] - Delayed 2 second(s)

2018-06-10 23:15:00 - [TEST_STEP][PASSED] - selectOptionByIndex: All options with index in [11] are selected on object 'Object Repository/HealthpostToCms/Page_HealthPost Store/select_--Select--Schedule 1Inj'

2018-06-10 23:15:00 - [MESSAGE][PASSED] - All options with index in [11] are selected on object 'Object Repository/HealthpostToCms/Page_HealthPost Store/select_--Select--Schedule 1Inj'

2018-06-10 23:15:00 - [TEST_STEP][PASSED] - delay: Delayed 1 second(s)

2018-06-10 23:15:01 - [MESSAGE][PASSED] - Delayed 1 second(s)

2018-06-10 23:15:01 - [TEST_STEP][PASSED] - selectOptionByIndex: All options with index in [62] are selected on object 'Object Repository/HealthpostToCms/Page_HealthPost Store/select_--Select--Adernaline 0.'

2018-06-10 23:15:02 - [MESSAGE][PASSED] - All options with index in [62] are selected on object 'Object Repository/HealthpostToCms/Page_HealthPost Store/select_--Select--Adernaline 0.'

2018-06-10 23:15:02 - [TEST_STEP][PASSED] - setText: Text '100' is set on object 'Object Repository/HealthpostToCms/Page_HealthPost Store/input_txttreat'

2018-06-10 23:15:02 - [MESSAGE][PASSED] - Text '100' is set on object 'Object Repository/HealthpostToCms/Page_HealthPost Store/input_txttreat'

2018-06-10 23:15:02 - [TEST_STEP][PASSED] - click: Object: 'Object Repository/HealthpostToCms/Page_HealthPost Store/button_Add' is clicked on

2018-06-10 23:15:02 - [MESSAGE][PASSED] - Object: 'Object Repository/HealthpostToCms/Page_HealthPost Store/button_Add' is clicked on

2018-06-10 23:15:02 - [TEST_STEP][PASSED] - delay: Delayed 2 second(s)

2018-06-10 23:15:04 - [MESSAGE][PASSED] - Delayed 2 second(s)

2018-06-10 23:15:04 - [TEST_STEP][PASSED] - selectOptionByIndex: All options with index in [11] are selected on object 'Object Repository/HealthpostToCms/Page_HealthPost Store/select_--Select--Schedule 1Inj'

2018-06-10 23:15:05 - [MESSAGE][PASSED] - All options with index in [11] are selected on object 'Object Repository/HealthpostToCms/Page_HealthPost Store/select_--Select--Schedule 1Inj'

2018-06-10 23:15:05 - [TEST_STEP][PASSED] - delay: Delayed 1 second(s)

2018-06-10 23:15:06 - [MESSAGE][PASSED] - Delayed 1 second(s)

2018-06-10 23:15:06 - [TEST_STEP][PASSED] - selectOptionByIndex: All options with index in [63] are selected on object 'Object Repository/HealthpostToCms/Page_HealthPost Store/select_--Select--Adernaline 0.'

2018-06-10 23:15:06 - [MESSAGE][PASSED] - All options with index in [63] are selected on object 'Object Repository/HealthpostToCms/Page_HealthPost Store/select_--Select--Adernaline 0.'

2018-06-10 23:15:06 - [TEST_STEP][PASSED] - setText: Text '100' is set on object 'Object Repository/HealthpostToCms/Page_HealthPost Store/input_txttreat'

2018-06-10 23:15:06 - [MESSAGE][PASSED] - Text '100' is set on object 'Object Repository/HealthpostToCms/Page_HealthPost Store/input_txttreat'

2018-06-10 23:15:06 - [TEST_STEP][PASSED] - click: Object: 'Object Repository/HealthpostToCms/Page_HealthPost Store/button_Add' is clicked on

2018-06-10 23:15:06 - [MESSAGE][PASSED] - Object: 'Object Repository/HealthpostToCms/Page_HealthPost Store/button_Add' is clicked on

2018-06-10 23:15:06 - [TEST_STEP][PASSED] - delay: Delayed 2 second(s)

2018-06-10 23:15:08 - [MESSAGE][PASSED] - Delayed 2 second(s)

2018-06-10 23:15:08 - [TEST_STEP][PASSED] - selectOptionByIndex: All options with index in [11] are selected on object 'Object Repository/HealthpostToCms/Page_HealthPost Store/select_--Select--Schedule 1Inj'

2018-06-10 23:15:09 - [MESSAGE][PASSED] - All options with index in [11] are selected on object 'Object Repository/HealthpostToCms/Page_HealthPost Store/select_--Select--Schedule 1Inj'

2018-06-10 23:15:09 - [TEST_STEP][PASSED] - delay: Delayed 1 second(s)

2018-06-10 23:15:10 - [MESSAGE][PASSED] - Delayed 1 second(s)

2018-06-10 23:15:10 - [TEST_STEP][PASSED] - selectOptionByIndex: All options with index in [64] are selected on object 'Object Repository/HealthpostToCms/Page_HealthPost Store/select_--Select--Adernaline 0.'

2018-06-10 23:15:10 - [MESSAGE][PASSED] - All options with index in [64] are selected on object 'Object Repository/HealthpostToCms/Page_HealthPost Store/select_--Select--Adernaline 0.'

2018-06-10 23:15:10 - [TEST_STEP][PASSED] - setText: Text '100' is set on object 'Object Repository/HealthpostToCms/Page_HealthPost Store/input_txttreat'

2018-06-10 23:15:11 - [MESSAGE][PASSED] - Text '100' is set on object 'Object Repository/HealthpostToCms/Page_HealthPost Store/input_txttreat'

2018-06-10 23:15:11 - [TEST_STEP][PASSED] - click: Object: 'Object Repository/HealthpostToCms/Page_HealthPost Store/button_Add' is clicked on

2018-06-10 23:15:11 - [MESSAGE][PASSED] - Object: 'Object Repository/HealthpostToCms/Page_HealthPost Store/button_Add' is clicked on

2018-06-10 23:15:11 - [TEST_STEP][PASSED] - delay: Delayed 2 second(s)

2018-06-10 23:15:13 - [MESSAGE][PASSED] - Delayed 2 second(s)

2018-06-10 23:15:13 - [TEST_STEP][PASSED] - selectOptionByIndex: All options with index in [11] are selected on object 'Object Repository/HealthpostToCms/Page_HealthPost Store/select_--Select--Schedule 1Inj'

2018-06-10 23:15:13 - [MESSAGE][PASSED] - All options with index in [11] are selected on object 'Object Repository/HealthpostToCms/Page_HealthPost Store/select_--Select--Schedule 1Inj'

2018-06-10 23:15:13 - [TEST_STEP][PASSED] - delay: Delayed 1 second(s)

2018-06-10 23:15:14 - [MESSAGE][PASSED] - Delayed 1 second(s)

2018-06-10 23:15:14 - [TEST_STEP][PASSED] - selectOptionByIndex: All options with index in [65] are selected on object 'Object Repository/HealthpostToCms/Page_HealthPost Store/select_--Select--Adernaline 0.'

2018-06-10 23:15:15 - [MESSAGE][PASSED] - All options with index in [65] are selected on object 'Object Repository/HealthpostToCms/Page_HealthPost Store/select_--Select--Adernaline 0.'

2018-06-10 23:15:15 - [TEST_STEP][PASSED] - setText: Text '100' is set on object 'Object Repository/HealthpostToCms/Page_HealthPost Store/input_txttreat'

2018-06-10 23:15:15 - [MESSAGE][PASSED] - Text '100' is set on object 'Object Repository/HealthpostToCms/Page_HealthPost Store/input_txttreat'

2018-06-10 23:15:15 - [TEST_STEP][PASSED] - click: Object: 'Object Repository/HealthpostToCms/Page_HealthPost Store/button_Add' is clicked on

2018-06-10 23:15:15 - [MESSAGE][PASSED] - Object: 'Object Repository/HealthpostToCms/Page_HealthPost Store/button_Add' is clicked on

2018-06-10 23:15:15 - [TEST_STEP][PASSED] - delay: Delayed 2 second(s)

2018-06-10 23:15:17 - [MESSAGE][PASSED] - Delayed 2 second(s)

2018-06-10 23:15:17 - [TEST_STEP][PASSED] - selectOptionByIndex: All options with index in [11] are selected on object 'Object Repository/HealthpostToCms/Page_HealthPost Store/select_--Select--Schedule 1Inj'

2018-06-10 23:15:17 - [MESSAGE][PASSED] - All options with index in [11] are selected on object 'Object Repository/HealthpostToCms/Page_HealthPost Store/select_--Select--Schedule 1Inj'

2018-06-10 23:15:17 - [TEST_STEP][PASSED] - delay: Delayed 1 second(s)

2018-06-10 23:15:18 - [MESSAGE][PASSED] - Delayed 1 second(s)

2018-06-10 23:15:18 - [TEST_STEP][PASSED] - selectOptionByIndex: All options with index in [66] are selected on object 'Object Repository/HealthpostToCms/Page_HealthPost Store/select_--Select--Adernaline 0.'

2018-06-10 23:15:19 - [MESSAGE][PASSED] - All options with index in [66] are selected on object 'Object Repository/HealthpostToCms/Page_HealthPost Store/select_--Select--Adernaline 0.'

2018-06-10 23:15:19 - [TEST_STEP][PASSED] - setText: Text '100' is set on object 'Object Repository/HealthpostToCms/Page_HealthPost Store/input_txttreat'

2018-06-10 23:15:19 - [MESSAGE][PASSED] - Text '100' is set on object 'Object Repository/HealthpostToCms/Page_HealthPost Store/input_txttreat'

2018-06-10 23:15:19 - [TEST_STEP][PASSED] - click: Object: 'Object Repository/HealthpostToCms/Page_HealthPost Store/button_Add' is clicked on

2018-06-10 23:15:19 - [MESSAGE][PASSED] - Object: 'Object Repository/HealthpostToCms/Page_HealthPost Store/button_Add' is clicked on

2018-06-10 23:15:19 - [TEST_STEP][PASSED] - delay: Delayed 2 second(s)

2018-06-10 23:15:21 - [MESSAGE][PASSED] - Delayed 2 second(s)

2018-06-10 23:15:21 - [TEST_STEP][PASSED] - selectOptionByIndex: All options with index in [11] are selected on object 'Object Repository/HealthpostToCms/Page_HealthPost Store/select_--Select--Schedule 1Inj'

2018-06-10 23:15:21 - [MESSAGE][PASSED] - All options with index in [11] are selected on object 'Object Repository/HealthpostToCms/Page_HealthPost Store/select_--Select--Schedule 1Inj'

2018-06-10 23:15:21 - [TEST_STEP][PASSED] - delay: Delayed 1 second(s)

2018-06-10 23:15:22 - [MESSAGE][PASSED] - Delayed 1 second(s)

2018-06-10 23:15:22 - [TEST_STEP][PASSED] - selectOptionByIndex: All options with index in [67] are selected on object 'Object Repository/HealthpostToCms/Page_HealthPost Store/select_--Select--Adernaline 0.'

2018-06-10 23:15:23 - [MESSAGE][PASSED] - All options with index in [67] are selected on object 'Object Repository/HealthpostToCms/Page_HealthPost Store/select_--Select--Adernaline 0.'

2018-06-10 23:15:23 - [TEST_STEP][PASSED] - setText: Text '100' is set on object 'Object Repository/HealthpostToCms/Page_HealthPost Store/input_txttreat'

2018-06-10 23:15:23 - [MESSAGE][PASSED] - Text '100' is set on object 'Object Repository/HealthpostToCms/Page_HealthPost Store/input_txttreat'

2018-06-10 23:15:23 - [TEST_STEP][PASSED] - click: Object: 'Object Repository/HealthpostToCms/Page_HealthPost Store/button_Add' is clicked on

2018-06-10 23:15:23 - [MESSAGE][PASSED] - Object: 'Object Repository/HealthpostToCms/Page_HealthPost Store/button_Add' is clicked on

2018-06-10 23:15:23 - [TEST_STEP][PASSED] - delay: Delayed 2 second(s)

2018-06-10 23:15:25 - [MESSAGE][PASSED] - Delayed 2 second(s)

2018-06-10 23:15:25 - [TEST_STEP][PASSED] - selectOptionByIndex: All options with index in [11] are selected on object 'Object Repository/HealthpostToCms/Page_HealthPost Store/select_--Select--Schedule 1Inj'

2018-06-10 23:15:26 - [MESSAGE][PASSED] - All options with index in [11] are selected on object 'Object Repository/HealthpostToCms/Page_HealthPost Store/select_--Select--Schedule 1Inj'

2018-06-10 23:15:26 - [TEST_STEP][PASSED] - delay: Delayed 1 second(s)

2018-06-10 23:15:27 - [MESSAGE][PASSED] - Delayed 1 second(s)

2018-06-10 23:15:27 - [TEST_STEP][PASSED] - selectOptionByIndex: All options with index in [68] are selected on object 'Object Repository/HealthpostToCms/Page_HealthPost Store/select_--Select--Adernaline 0.'

2018-06-10 23:15:27 - [MESSAGE][PASSED] - All options with index in [68] are selected on object 'Object Repository/HealthpostToCms/Page_HealthPost Store/select_--Select--Adernaline 0.'

2018-06-10 23:15:27 - [TEST_STEP][PASSED] - setText: Text '100' is set on object 'Object Repository/HealthpostToCms/Page_HealthPost Store/input_txttreat'

2018-06-10 23:15:27 - [MESSAGE][PASSED] - Text '100' is set on object 'Object Repository/HealthpostToCms/Page_HealthPost Store/input_txttreat'

2018-06-10 23:15:27 - [TEST_STEP][PASSED] - click: Object: 'Object Repository/HealthpostToCms/Page_HealthPost Store/button_Add' is clicked on

2018-06-10 23:15:28 - [MESSAGE][PASSED] - Object: 'Object Repository/HealthpostToCms/Page_HealthPost Store/button_Add' is clicked on

2018-06-10 23:15:28 - [TEST_STEP][PASSED] - delay: Delayed 2 second(s)

2018-06-10 23:15:30 - [MESSAGE][PASSED] - Delayed 2 second(s)

2018-06-10 23:15:30 - [TEST_STEP][PASSED] - selectOptionByIndex: All options with index in [11] are selected on object 'Object Repository/HealthpostToCms/Page_HealthPost Store/select_--Select--Schedule 1Inj'

2018-06-10 23:15:30 - [MESSAGE][PASSED] - All options with index in [11] are selected on object 'Object Repository/HealthpostToCms/Page_HealthPost Store/select_--Select--Schedule 1Inj'

2018-06-10 23:15:30 - [TEST_STEP][PASSED] - delay: Delayed 1 second(s)

2018-06-10 23:15:31 - [MESSAGE][PASSED] - Delayed 1 second(s)

2018-06-10 23:15:31 - [TEST_STEP][PASSED] - selectOptionByIndex: All options with index in [69] are selected on object 'Object Repository/HealthpostToCms/Page_HealthPost Store/select_--Select--Adernaline 0.'

2018-06-10 23:15:32 - [MESSAGE][PASSED] - All options with index in [69] are selected on object 'Object Repository/HealthpostToCms/Page_HealthPost Store/select_--Select--Adernaline 0.'

2018-06-10 23:15:32 - [TEST_STEP][PASSED] - setText: Text '100' is set on object 'Object Repository/HealthpostToCms/Page_HealthPost Store/input_txttreat'

2018-06-10 23:15:32 - [MESSAGE][PASSED] - Text '100' is set on object 'Object Repository/HealthpostToCms/Page_HealthPost Store/input_txttreat'

2018-06-10 23:15:32 - [TEST_STEP][PASSED] - click: Object: 'Object Repository/HealthpostToCms/Page_HealthPost Store/button_Add' is clicked on

2018-06-10 23:15:32 - [MESSAGE][PASSED] - Object: 'Object Repository/HealthpostToCms/Page_HealthPost Store/button_Add' is clicked on

2018-06-10 23:15:32 - [TEST_STEP][PASSED] - delay: Delayed 2 second(s)

2018-06-10 23:15:34 - [MESSAGE][PASSED] - Delayed 2 second(s)

2018-06-10 23:15:34 - [TEST_STEP][PASSED] - selectOptionByIndex: All options with index in [11] are selected on object 'Object Repository/HealthpostToCms/Page_HealthPost Store/select_--Select--Schedule 1Inj'

2018-06-10 23:15:34 - [MESSAGE][PASSED] - All options with index in [11] are selected on object 'Object Repository/HealthpostToCms/Page_HealthPost Store/select_--Select--Schedule 1Inj'

2018-06-10 23:15:34 - [TEST_STEP][PASSED] - delay: Delayed 1 second(s)

2018-06-10 23:15:35 - [MESSAGE][PASSED] - Delayed 1 second(s)

2018-06-10 23:15:35 - [TEST_STEP][PASSED] - selectOptionByIndex: All options with index in [70] are selected on object 'Object Repository/HealthpostToCms/Page_HealthPost Store/select_--Select--Adernaline 0.'

2018-06-10 23:15:36 - [MESSAGE][PASSED] - All options with index in [70] are selected on object 'Object Repository/HealthpostToCms/Page_HealthPost Store/select_--Select--Adernaline 0.'

2018-06-10 23:15:36 - [TEST_STEP][PASSED] - setText: Text '100' is set on object 'Object Repository/HealthpostToCms/Page_HealthPost Store/input_txttreat'

2018-06-10 23:15:36 - [MESSAGE][PASSED] - Text '100' is set on object 'Object Repository/HealthpostToCms/Page_HealthPost Store/input_txttreat'

2018-06-10 23:15:36 - [TEST_STEP][PASSED] - click: Object: 'Object Repository/HealthpostToCms/Page_HealthPost Store/button_Add' is clicked on

2018-06-10 23:15:36 - [MESSAGE][PASSED] - Object: 'Object Repository/HealthpostToCms/Page_HealthPost Store/button_Add' is clicked on

2018-06-10 23:15:36 - [TEST_STEP][PASSED] - delay: Delayed 2 second(s)

2018-06-10 23:15:38 - [MESSAGE][PASSED] - Delayed 2 second(s)

2018-06-10 23:15:38 - [TEST_STEP][PASSED] - selectOptionByIndex: All options with index in [11] are selected on object 'Object Repository/HealthpostToCms/Page_HealthPost Store/select_--Select--Schedule 1Inj'

2018-06-10 23:15:38 - [MESSAGE][PASSED] - All options with index in [11] are selected on object 'Object Repository/HealthpostToCms/Page_HealthPost Store/select_--Select--Schedule 1Inj'

2018-06-10 23:15:38 - [TEST_STEP][PASSED] - delay: Delayed 1 second(s)

2018-06-10 23:15:39 - [MESSAGE][PASSED] - Delayed 1 second(s)

2018-06-10 23:15:39 - [TEST_STEP][PASSED] - selectOptionByIndex: All options with index in [71] are selected on object 'Object Repository/HealthpostToCms/Page_HealthPost Store/select_--Select--Adernaline 0.'

2018-06-10 23:15:40 - [MESSAGE][PASSED] - All options with index in [71] are selected on object 'Object Repository/HealthpostToCms/Page_HealthPost Store/select_--Select--Adernaline 0.'

2018-06-10 23:15:40 - [TEST_STEP][PASSED] - setText: Text '100' is set on object 'Object Repository/HealthpostToCms/Page_HealthPost Store/input_txttreat'

2018-06-10 23:15:40 - [MESSAGE][PASSED] - Text '100' is set on object 'Object Repository/HealthpostToCms/Page_HealthPost Store/input_txttreat'

2018-06-10 23:15:40 - [TEST_STEP][PASSED] - click: Object: 'Object Repository/HealthpostToCms/Page_HealthPost Store/button_Add' is clicked on

2018-06-10 23:15:40 - [MESSAGE][PASSED] - Object: 'Object Repository/HealthpostToCms/Page_HealthPost Store/button_Add' is clicked on

2018-06-10 23:15:40 - [TEST_STEP][PASSED] - delay: Delayed 2 second(s)

2018-06-10 23:15:42 - [MESSAGE][PASSED] - Delayed 2 second(s)

2018-06-10 23:15:42 - [TEST_STEP][PASSED] - selectOptionByIndex: All options with index in [11] are selected on object 'Object Repository/HealthpostToCms/Page_HealthPost Store/select_--Select--Schedule 1Inj'

2018-06-10 23:15:43 - [MESSAGE][PASSED] - All options with index in [11] are selected on object 'Object Repository/HealthpostToCms/Page_HealthPost Store/select_--Select--Schedule 1Inj'

2018-06-10 23:15:43 - [TEST_STEP][PASSED] - delay: Delayed 1 second(s)

2018-06-10 23:15:44 - [MESSAGE][PASSED] - Delayed 1 second(s)

2018-06-10 23:15:44 - [TEST_STEP][PASSED] - selectOptionByIndex: All options with index in [72] are selected on object 'Object Repository/HealthpostToCms/Page_HealthPost Store/select_--Select--Adernaline 0.'

2018-06-10 23:15:44 - [MESSAGE][PASSED] - All options with index in [72] are selected on object 'Object Repository/HealthpostToCms/Page_HealthPost Store/select_--Select--Adernaline 0.'

2018-06-10 23:15:44 - [TEST_STEP][PASSED] - setText: Text '100' is set on object 'Object Repository/HealthpostToCms/Page_HealthPost Store/input_txttreat'

2018-06-10 23:15:44 - [MESSAGE][PASSED] - Text '100' is set on object 'Object Repository/HealthpostToCms/Page_HealthPost Store/input_txttreat'

2018-06-10 23:15:44 - [TEST_STEP][PASSED] - click: Object: 'Object Repository/HealthpostToCms/Page_HealthPost Store/button_Add' is clicked on

2018-06-10 23:15:45 - [MESSAGE][PASSED] - Object: 'Object Repository/HealthpostToCms/Page_HealthPost Store/button_Add' is clicked on

2018-06-10 23:15:45 - [TEST_STEP][PASSED] - delay: Delayed 2 second(s)

2018-06-10 23:15:47 - [MESSAGE][PASSED] - Delayed 2 second(s)

2018-06-10 23:15:47 - [TEST_STEP][PASSED] - selectOptionByIndex: All options with index in [11] are selected on object 'Object Repository/HealthpostToCms/Page_HealthPost Store/select_--Select--Schedule 1Inj'

2018-06-10 23:15:47 - [MESSAGE][PASSED] - All options with index in [11] are selected on object 'Object Repository/HealthpostToCms/Page_HealthPost Store/select_--Select--Schedule 1Inj'

2018-06-10 23:15:47 - [TEST_STEP][PASSED] - delay: Delayed 1 second(s)

2018-06-10 23:15:48 - [MESSAGE][PASSED] - Delayed 1 second(s)

2018-06-10 23:15:48 - [TEST_STEP][PASSED] - selectOptionByIndex: All options with index in [73] are selected on object 'Object Repository/HealthpostToCms/Page_HealthPost Store/select_--Select--Adernaline 0.'

2018-06-10 23:15:49 - [MESSAGE][PASSED] - All options with index in [73] are selected on object 'Object Repository/HealthpostToCms/Page_HealthPost Store/select_--Select--Adernaline 0.'

2018-06-10 23:15:49 - [TEST_STEP][PASSED] - setText: Text '100' is set on object 'Object Repository/HealthpostToCms/Page_HealthPost Store/input_txttreat'

2018-06-10 23:15:49 - [MESSAGE][PASSED] - Text '100' is set on object 'Object Repository/HealthpostToCms/Page_HealthPost Store/input_txttreat'

2018-06-10 23:15:49 - [TEST_STEP][PASSED] - click: Object: 'Object Repository/HealthpostToCms/Page_HealthPost Store/button_Add' is clicked on

2018-06-10 23:15:49 - [MESSAGE][PASSED] - Object: 'Object Repository/HealthpostToCms/Page_HealthPost Store/button_Add' is clicked on

2018-06-10 23:15:49 - [TEST_STEP][PASSED] - delay: Delayed 2 second(s)

2018-06-10 23:15:51 - [MESSAGE][PASSED] - Delayed 2 second(s)

2018-06-10 23:15:51 - [TEST_STEP][PASSED] - selectOptionByIndex: All options with index in [11] are selected on object 'Object Repository/HealthpostToCms/Page_HealthPost Store/select_--Select--Schedule 1Inj'

2018-06-10 23:15:51 - [MESSAGE][PASSED] - All options with index in [11] are selected on object 'Object Repository/HealthpostToCms/Page_HealthPost Store/select_--Select--Schedule 1Inj'

2018-06-10 23:15:51 - [TEST_STEP][PASSED] - delay: Delayed 1 second(s)

2018-06-10 23:15:52 - [MESSAGE][PASSED] - Delayed 1 second(s)

2018-06-10 23:15:52 - [TEST_STEP][PASSED] - selectOptionByIndex: All options with index in [74] are selected on object 'Object Repository/HealthpostToCms/Page_HealthPost Store/select_--Select--Adernaline 0.'

2018-06-10 23:15:53 - [MESSAGE][PASSED] - All options with index in [74] are selected on object 'Object Repository/HealthpostToCms/Page_HealthPost Store/select_--Select--Adernaline 0.'

2018-06-10 23:15:53 - [TEST_STEP][PASSED] - setText: Text '100' is set on object 'Object Repository/HealthpostToCms/Page_HealthPost Store/input_txttreat'

2018-06-10 23:15:53 - [MESSAGE][PASSED] - Text '100' is set on object 'Object Repository/HealthpostToCms/Page_HealthPost Store/input_txttreat'

2018-06-10 23:15:53 - [TEST_STEP][PASSED] - click: Object: 'Object Repository/HealthpostToCms/Page_HealthPost Store/button_Add' is clicked on

2018-06-10 23:15:53 - [MESSAGE][PASSED] - Object: 'Object Repository/HealthpostToCms/Page_HealthPost Store/button_Add' is clicked on

2018-06-10 23:15:53 - [TEST_STEP][PASSED] - delay: Delayed 2 second(s)

2018-06-10 23:15:55 - [MESSAGE][PASSED] - Delayed 2 second(s)

2018-06-10 23:15:55 - [TEST_STEP][PASSED] - selectOptionByIndex: All options with index in [11] are selected on object 'Object Repository/HealthpostToCms/Page_HealthPost Store/select_--Select--Schedule 1Inj'

2018-06-10 23:15:55 - [MESSAGE][PASSED] - All options with index in [11] are selected on object 'Object Repository/HealthpostToCms/Page_HealthPost Store/select_--Select--Schedule 1Inj'

2018-06-10 23:15:55 - [TEST_STEP][PASSED] - delay: Delayed 1 second(s)

2018-06-10 23:15:56 - [MESSAGE][PASSED] - Delayed 1 second(s)

2018-06-10 23:15:56 - [TEST_STEP][PASSED] - selectOptionByIndex: All options with index in [75] are selected on object 'Object Repository/HealthpostToCms/Page_HealthPost Store/select_--Select--Adernaline 0.'

2018-06-10 23:15:57 - [MESSAGE][PASSED] - All options with index in [75] are selected on object 'Object Repository/HealthpostToCms/Page_HealthPost Store/select_--Select--Adernaline 0.'

2018-06-10 23:15:57 - [TEST_STEP][PASSED] - setText: Text '100' is set on object 'Object Repository/HealthpostToCms/Page_HealthPost Store/input_txttreat'

2018-06-10 23:15:57 - [MESSAGE][PASSED] - Text '100' is set on object 'Object Repository/HealthpostToCms/Page_HealthPost Store/input_txttreat'

2018-06-10 23:15:57 - [TEST_STEP][PASSED] - click: Object: 'Object Repository/HealthpostToCms/Page_HealthPost Store/button_Add' is clicked on

2018-06-10 23:15:58 - [MESSAGE][PASSED] - Object: 'Object Repository/HealthpostToCms/Page_HealthPost Store/button_Add' is clicked on

2018-06-10 23:15:58 - [TEST_STEP][PASSED] - delay: Delayed 2 second(s)

2018-06-10 23:16:00 - [MESSAGE][PASSED] - Delayed 2 second(s)

2018-06-10 23:16:00 - [TEST_STEP][PASSED] - selectOptionByIndex: All options with index in [11] are selected on object 'Object Repository/HealthpostToCms/Page_HealthPost Store/select_--Select--Schedule 1Inj'

2018-06-10 23:16:00 - [MESSAGE][PASSED] - All options with index in [11] are selected on object 'Object Repository/HealthpostToCms/Page_HealthPost Store/select_--Select--Schedule 1Inj'

2018-06-10 23:16:00 - [TEST_STEP][PASSED] - delay: Delayed 1 second(s)

2018-06-10 23:16:01 - [MESSAGE][PASSED] - Delayed 1 second(s)

2018-06-10 23:16:01 - [TEST_STEP][PASSED] - selectOptionByIndex: All options with index in [76] are selected on object 'Object Repository/HealthpostToCms/Page_HealthPost Store/select_--Select--Adernaline 0.'

2018-06-10 23:16:02 - [MESSAGE][PASSED] - All options with index in [76] are selected on object 'Object Repository/HealthpostToCms/Page_HealthPost Store/select_--Select--Adernaline 0.'

2018-06-10 23:16:02 - [TEST_STEP][PASSED] - setText: Text '100' is set on object 'Object Repository/HealthpostToCms/Page_HealthPost Store/input_txttreat'

2018-06-10 23:16:02 - [MESSAGE][PASSED] - Text '100' is set on object 'Object Repository/HealthpostToCms/Page_HealthPost Store/input_txttreat'

2018-06-10 23:16:02 - [TEST_STEP][PASSED] - click: Object: 'Object Repository/HealthpostToCms/Page_HealthPost Store/button_Add' is clicked on

2018-06-10 23:16:02 - [MESSAGE][PASSED] - Object: 'Object Repository/HealthpostToCms/Page_HealthPost Store/button_Add' is clicked on

2018-06-10 23:16:02 - [TEST_STEP][PASSED] - delay: Delayed 2 second(s)

2018-06-10 23:16:04 - [MESSAGE][PASSED] - Delayed 2 second(s)

2018-06-10 23:16:04 - [TEST_STEP][PASSED] - selectOptionByIndex: All options with index in [11] are selected on object 'Object Repository/HealthpostToCms/Page_HealthPost Store/select_--Select--Schedule 1Inj'

2018-06-10 23:16:04 - [MESSAGE][PASSED] - All options with index in [11] are selected on object 'Object Repository/HealthpostToCms/Page_HealthPost Store/select_--Select--Schedule 1Inj'

2018-06-10 23:16:04 - [TEST_STEP][PASSED] - delay: Delayed 1 second(s)

2018-06-10 23:16:05 - [MESSAGE][PASSED] - Delayed 1 second(s)

2018-06-10 23:16:05 - [TEST_STEP][PASSED] - selectOptionByIndex: All options with index in [77] are selected on object 'Object Repository/HealthpostToCms/Page_HealthPost Store/select_--Select--Adernaline 0.'

2018-06-10 23:16:06 - [MESSAGE][PASSED] - All options with index in [77] are selected on object 'Object Repository/HealthpostToCms/Page_HealthPost Store/select_--Select--Adernaline 0.'

2018-06-10 23:16:06 - [TEST_STEP][PASSED] - setText: Text '100' is set on object 'Object Repository/HealthpostToCms/Page_HealthPost Store/input_txttreat'

2018-06-10 23:16:06 - [MESSAGE][PASSED] - Text '100' is set on object 'Object Repository/HealthpostToCms/Page_HealthPost Store/input_txttreat'

2018-06-10 23:16:06 - [TEST_STEP][PASSED] - click: Object: 'Object Repository/HealthpostToCms/Page_HealthPost Store/button_Add' is clicked on

2018-06-10 23:16:06 - [MESSAGE][PASSED] - Object: 'Object Repository/HealthpostToCms/Page_HealthPost Store/button_Add' is clicked on

2018-06-10 23:16:06 - [TEST_STEP][PASSED] - delay: Delayed 2 second(s)

2018-06-10 23:16:08 - [MESSAGE][PASSED] - Delayed 2 second(s)

2018-06-10 23:16:08 - [TEST_STEP][PASSED] - selectOptionByIndex: All options with index in [11] are selected on object 'Object Repository/HealthpostToCms/Page_HealthPost Store/select_--Select--Schedule 1Inj'

2018-06-10 23:16:08 - [MESSAGE][PASSED] - All options with index in [11] are selected on object 'Object Repository/HealthpostToCms/Page_HealthPost Store/select_--Select--Schedule 1Inj'

2018-06-10 23:16:08 - [TEST_STEP][PASSED] - delay: Delayed 1 second(s)

2018-06-10 23:16:09 - [MESSAGE][PASSED] - Delayed 1 second(s)

2018-06-10 23:16:09 - [TEST_STEP][PASSED] - selectOptionByIndex: All options with index in [78] are selected on object 'Object Repository/HealthpostToCms/Page_HealthPost Store/select_--Select--Adernaline 0.'

2018-06-10 23:16:10 - [MESSAGE][PASSED] - All options with index in [78] are selected on object 'Object Repository/HealthpostToCms/Page_HealthPost Store/select_--Select--Adernaline 0.'

2018-06-10 23:16:10 - [TEST_STEP][PASSED] - setText: Text '100' is set on object 'Object Repository/HealthpostToCms/Page_HealthPost Store/input_txttreat'

2018-06-10 23:16:10 - [MESSAGE][PASSED] - Text '100' is set on object 'Object Repository/HealthpostToCms/Page_HealthPost Store/input_txttreat'

2018-06-10 23:16:10 - [TEST_STEP][PASSED] - click: Object: 'Object Repository/HealthpostToCms/Page_HealthPost Store/button_Add' is clicked on

2018-06-10 23:16:10 - [MESSAGE][PASSED] - Object: 'Object Repository/HealthpostToCms/Page_HealthPost Store/button_Add' is clicked on

2018-06-10 23:16:10 - [TEST_STEP][PASSED] - delay: Delayed 2 second(s)

2018-06-10 23:16:12 - [MESSAGE][PASSED] - Delayed 2 second(s)

2018-06-10 23:16:12 - [TEST_STEP][PASSED] - selectOptionByIndex: All options with index in [11] are selected on object 'Object Repository/HealthpostToCms/Page_HealthPost Store/select_--Select--Schedule 1Inj'

2018-06-10 23:16:13 - [MESSAGE][PASSED] - All options with index in [11] are selected on object 'Object Repository/HealthpostToCms/Page_HealthPost Store/select_--Select--Schedule 1Inj'

2018-06-10 23:16:13 - [TEST_STEP][PASSED] - delay: Delayed 1 second(s)

2018-06-10 23:16:14 - [MESSAGE][PASSED] - Delayed 1 second(s)

2018-06-10 23:16:14 - [TEST_STEP][PASSED] - selectOptionByIndex: All options with index in [79] are selected on object 'Object Repository/HealthpostToCms/Page_HealthPost Store/select_--Select--Adernaline 0.'

2018-06-10 23:16:15 - [MESSAGE][PASSED] - All options with index in [79] are selected on object 'Object Repository/HealthpostToCms/Page_HealthPost Store/select_--Select--Adernaline 0.'

2018-06-10 23:16:15 - [TEST_STEP][PASSED] - setText: Text '100' is set on object 'Object Repository/HealthpostToCms/Page_HealthPost Store/input_txttreat'

2018-06-10 23:16:15 - [MESSAGE][PASSED] - Text '100' is set on object 'Object Repository/HealthpostToCms/Page_HealthPost Store/input_txttreat'

2018-06-10 23:16:15 - [TEST_STEP][PASSED] - click: Object: 'Object Repository/HealthpostToCms/Page_HealthPost Store/button_Add' is clicked on

2018-06-10 23:16:15 - [MESSAGE][PASSED] - Object: 'Object Repository/HealthpostToCms/Page_HealthPost Store/button_Add' is clicked on

2018-06-10 23:16:15 - [TEST_STEP][PASSED] - delay: Delayed 2 second(s)

2018-06-10 23:16:17 - [MESSAGE][PASSED] - Delayed 2 second(s)

2018-06-10 23:16:17 - [TEST_STEP][PASSED] - selectOptionByIndex: All options with index in [11] are selected on object 'Object Repository/HealthpostToCms/Page_HealthPost Store/select_--Select--Schedule 1Inj'

2018-06-10 23:16:17 - [MESSAGE][PASSED] - All options with index in [11] are selected on object 'Object Repository/HealthpostToCms/Page_HealthPost Store/select_--Select--Schedule 1Inj'

2018-06-10 23:16:17 - [TEST_STEP][PASSED] - delay: Delayed 1 second(s)

2018-06-10 23:16:18 - [MESSAGE][PASSED] - Delayed 1 second(s)

2018-06-10 23:16:18 - [TEST_STEP][PASSED] - selectOptionByIndex: All options with index in [80] are selected on object 'Object Repository/HealthpostToCms/Page_HealthPost Store/select_--Select--Adernaline 0.'

2018-06-10 23:16:19 - [MESSAGE][PASSED] - All options with index in [80] are selected on object 'Object Repository/HealthpostToCms/Page_HealthPost Store/select_--Select--Adernaline 0.'

2018-06-10 23:16:19 - [TEST_STEP][PASSED] - setText: Text '100' is set on object 'Object Repository/HealthpostToCms/Page_HealthPost Store/input_txttreat'

2018-06-10 23:16:19 - [MESSAGE][PASSED] - Text '100' is set on object 'Object Repository/HealthpostToCms/Page_HealthPost Store/input_txttreat'

2018-06-10 23:16:19 - [TEST_STEP][PASSED] - click: Object: 'Object Repository/HealthpostToCms/Page_HealthPost Store/button_Add' is clicked on

2018-06-10 23:16:19 - [MESSAGE][PASSED] - Object: 'Object Repository/HealthpostToCms/Page_HealthPost Store/button_Add' is clicked on

2018-06-10 23:16:19 - [TEST_STEP][PASSED] - delay: Delayed 2 second(s)

2018-06-10 23:16:21 - [MESSAGE][PASSED] - Delayed 2 second(s)

2018-06-10 23:16:21 - [TEST_STEP][PASSED] - scrollToElement: Scroll to object 'Object Repository/HealthpostToCms/Page_HealthPost Store/input_btnsave' successfully

2018-06-10 23:16:21 - [MESSAGE][PASSED] - Scroll to object 'Object Repository/HealthpostToCms/Page_HealthPost Store/input_btnsave' successfully

2018-06-10 23:16:21 - [TEST_STEP][PASSED] - click: Object: 'Object Repository/HealthpostToCms/Page_HealthPost Store/input_btnsave' is clicked on

2018-06-10 23:16:21 - [MESSAGE][PASSED] - Object: 'Object Repository/HealthpostToCms/Page_HealthPost Store/input_btnsave' is clicked on

2018-06-10 23:16:21 - [TEST_STEP][PASSED] - delay: Delayed 3 second(s)

2018-06-10 23:16:24 - [MESSAGE][PASSED] - Delayed 3 second(s)

2018-06-10 23:16:24 - [TEST_STEP][PASSED] - Statement - RN1 = com.kms.katalon.core.webui.keyword.WebUiBuiltInKeywords.getText(com.kms.katalon.core.testobject.ObjectRepository.findTestObject(HealthpostToCms/Page_HealthPost Store/font_PRNO18052018174)): Text of object 'Object Repository/HealthpostToCms/Page_HealthPost Store/font_PRNO18052018174' is: 'PRNO/10062018/823'

2018-06-10 23:16:24 - [MESSAGE][PASSED] - Text of object 'Object Repository/HealthpostToCms/Page_HealthPost Store/font_PRNO18052018174' is: 'PRNO/10062018/823'

2018-06-10 23:16:24 - [TEST_STEP][PASSED] - Statement - out.println(RN1): null

2018-06-10 23:16:24 - [TEST_STEP][PASSED] - Statement - RID = RN1.split("/")[2]: null

2018-06-10 23:16:24 - [TEST_STEP][PASSED] - click: Object: 'Object Repository/HealthpostToCms/Page_HealthPost Store/button_OK' is clicked on

2018-06-10 23:16:25 - [MESSAGE][PASSED] - Object: 'Object Repository/HealthpostToCms/Page_HealthPost Store/button_OK' is clicked on

2018-06-10 23:16:25 - [TEST_STEP][PASSED] - delay: Delayed 3 second(s)

2018-06-10 23:16:28 - [MESSAGE][PASSED] - Delayed 3 second(s)

2018-06-10 23:16:28 - [TEST_STEP][PASSED] - waitForElementPresent: Object 'Object Repository/HealthpostToCms/Page_HealthPost Store/a_dropdown-toggle' is present

2018-06-10 23:16:28 - [MESSAGE][PASSED] - Object 'Object Repository/HealthpostToCms/Page_HealthPost Store/a_dropdown-toggle' is present

2018-06-10 23:16:28 - [TEST_STEP][PASSED] - click: Object: 'Object Repository/HealthpostToCms/Page_HealthPost Store/a_dropdown-toggle' is clicked on

2018-06-10 23:16:28 - [MESSAGE][PASSED] - Object: 'Object Repository/HealthpostToCms/Page_HealthPost Store/a_dropdown-toggle' is clicked on

2018-06-10 23:16:28 - [TEST_STEP][PASSED] - click: Object: 'Object Repository/HealthpostToCms/Page_HealthPost Store/a_Sign out' is clicked on

2018-06-10 23:16:29 - [MESSAGE][PASSED] - Object: 'Object Repository/HealthpostToCms/Page_HealthPost Store/a_Sign out' is clicked on

2018-06-10 23:16:29 - [TEST_STEP][PASSED] - delay: Delayed 3 second(s)

2018-06-10 23:16:32 - [MESSAGE][PASSED] - Delayed 3 second(s)

2018-06-10 23:16:32 - [TEST_STEP][PASSED] - navigateToUrl: Navigate to 'http://192.168.137.1/multihospital_new/' successfully

2018-06-10 23:16:32 - [MESSAGE][PASSED] - Navigate to 'http://192.168.137.1/multihospital_new/' successfully

2018-06-10 23:16:32 - [TEST_STEP][PASSED] - click: Object: 'Object Repository/HealthpostToCms/Page_KDMC/a_CMO' is clicked on

2018-06-10 23:16:33 - [MESSAGE][PASSED] - Object: 'Object Repository/HealthpostToCms/Page_KDMC/a_CMO' is clicked on

2018-06-10 23:16:33 - [TEST_STEP][PASSED] - setText: Text 'guru' is set on object 'Object Repository/HealthpostToCms/Page_CMO login/input_txtusername'

2018-06-10 23:16:33 - [MESSAGE][PASSED] - Text 'guru' is set on object 'Object Repository/HealthpostToCms/Page_CMO login/input_txtusername'

2018-06-10 23:16:33 - [TEST_STEP][PASSED] - setText: Text '123' is set on object 'Object Repository/HealthpostToCms/Page_CMO login/input_txtpassword'

2018-06-10 23:16:33 - [MESSAGE][PASSED] - Text '123' is set on object 'Object Repository/HealthpostToCms/Page_CMO login/input_txtpassword'

2018-06-10 23:16:33 - [TEST_STEP][PASSED] - delay: Delayed 3 second(s)

2018-06-10 23:16:36 - [MESSAGE][PASSED] - Delayed 3 second(s)

2018-06-10 23:16:36 - [TEST_STEP][PASSED] - click: Object: 'Object Repository/HealthpostToCms/Page_CMO login/button_Sign in' is clicked on

2018-06-10 23:16:37 - [MESSAGE][PASSED] - Object: 'Object Repository/HealthpostToCms/Page_CMO login/button_Sign in' is clicked on

2018-06-10 23:16:37 - [TEST_STEP][PASSED] - delay: Delayed 3 second(s)

2018-06-10 23:16:40 - [MESSAGE][PASSED] - Delayed 3 second(s)

2018-06-10 23:16:40 - [TEST_STEP][PASSED] - click: Object: 'Object Repository/HealthpostToCms/Page_KDMC - CMO/a_CMS Request' is clicked on

2018-06-10 23:16:40 - [MESSAGE][PASSED] - Object: 'Object Repository/HealthpostToCms/Page_KDMC - CMO/a_CMS Request' is clicked on

2018-06-10 23:16:40 - [TEST_STEP][PASSED] - delay: Delayed 2 second(s)

2018-06-10 23:16:42 - [MESSAGE][PASSED] - Delayed 2 second(s)

2018-06-10 23:16:42 - [TEST_STEP][PASSED] - click: Object: 'Object Repository/HealthpostToCms/Page_KDMC - CMO/a_Healthpost Store Request' is clicked on

2018-06-10 23:16:43 - [MESSAGE][PASSED] - Object: 'Object Repository/HealthpostToCms/Page_KDMC - CMO/a_Healthpost Store Request' is clicked on

2018-06-10 23:16:43 - [TEST_STEP][PASSED] - selectOptionByIndex: All options with index in [1] are selected on object 'Object Repository/HealthpostToCms/Page_KDMC - CMO/select_--ALL--'

2018-06-10 23:16:43 - [MESSAGE][PASSED] - All options with index in [1] are selected on object 'Object Repository/HealthpostToCms/Page_KDMC - CMO/select_--ALL--'

2018-06-10 23:16:43 - [TEST_STEP][PASSED] - click: Object: 'Object Repository/HealthpostToCms/Page_KDMC - CMO/input_btnsearch' is clicked on

2018-06-10 23:16:43 - [MESSAGE][PASSED] - Object: 'Object Repository/HealthpostToCms/Page_KDMC - CMO/input_btnsearch' is clicked on

2018-06-10 23:16:43 - [TEST_STEP][PASSED] - Statement - ID = com.kms.katalon.core.webui.keyword.WebUiBuiltInKeywords.modifyObjectProperty(com.kms.katalon.core.testobject.ObjectRepository.findTestObject(lab/Page_KDMC - CMO/input_1), "xpath", "equals", "//*[@id=" + RID + "]", true): Modify property of object successfully

2018-06-10 23:16:43 - [MESSAGE][PASSED] - Modify property of object successfully

2018-06-10 23:16:43 - [TEST_STEP][PASSED] - click: Object: 'Object Repository/lab/Page_KDMC - CMO/input_1' is clicked on

2018-06-10 23:16:44 - [MESSAGE][PASSED] - Object: 'Object Repository/lab/Page_KDMC - CMO/input_1' is clicked on

2018-06-10 23:16:44 - [TEST_STEP][PASSED] - delay: Delayed 2 second(s)

2018-06-10 23:16:46 - [MESSAGE][PASSED] - Delayed 2 second(s)

2018-06-10 23:16:46 - [TEST_STEP][PASSED] - selectOptionByIndex: All options with index in [1] are selected on object 'Object Repository/HealthpostToCms/Page_KDMC - CMO/select_--Select--'

2018-06-10 23:16:46 - [MESSAGE][PASSED] - All options with index in [1] are selected on object 'Object Repository/HealthpostToCms/Page_KDMC - CMO/select_--Select--'

2018-06-10 23:16:46 - [TEST_STEP][PASSED] - click: Object: 'Object Repository/HealthpostToCms/Page_KDMC - CMO/input_btnupdate' is clicked on

2018-06-10 23:16:46 - [MESSAGE][PASSED] - Object: 'Object Repository/HealthpostToCms/Page_KDMC - CMO/input_btnupdate' is clicked on

2018-06-10 23:16:46 - [TEST_STEP][PASSED] - delay: Delayed 2 second(s)

2018-06-10 23:16:48 - [MESSAGE][PASSED] - Delayed 2 second(s)

2018-06-10 23:16:48 - [TEST_STEP][PASSED] - click: Object: 'Object Repository/HealthpostToCms/Page_KDMC - CMO/button_OK' is clicked on

2018-06-10 23:16:49 - [MESSAGE][PASSED] - Object: 'Object Repository/HealthpostToCms/Page_KDMC - CMO/button_OK' is clicked on

2018-06-10 23:16:49 - [TEST_STEP][PASSED] - delay: Delayed 3 second(s)

2018-06-10 23:16:52 - [MESSAGE][PASSED] - Delayed 3 second(s)

2018-06-10 23:16:52 - [TEST_STEP][PASSED] - waitForElementPresent: Object 'Object Repository/HealthpostToCms/Page_KDMC - CMO/a_dropdown-toggle' is present

2018-06-10 23:16:52 - [MESSAGE][PASSED] - Object 'Object Repository/HealthpostToCms/Page_KDMC - CMO/a_dropdown-toggle' is present

2018-06-10 23:16:52 - [TEST_STEP][PASSED] - click: Object: 'Object Repository/HealthpostToCms/Page_KDMC - CMO/a_dropdown-toggle' is clicked on

2018-06-10 23:16:52 - [MESSAGE][PASSED] - Object: 'Object Repository/HealthpostToCms/Page_KDMC - CMO/a_dropdown-toggle' is clicked on

2018-06-10 23:16:52 - [TEST_STEP][PASSED] - click: Object: 'Object Repository/HealthpostToCms/Page_KDMC - CMO/a_Sign out' is clicked on

2018-06-10 23:16:52 - [MESSAGE][PASSED] - Object: 'Object Repository/HealthpostToCms/Page_KDMC - CMO/a_Sign out' is clicked on

2018-06-10 23:16:52 - [TEST_STEP][PASSED] - delay: Delayed 3 second(s)

2018-06-10 23:16:55 - [MESSAGE][PASSED] - Delayed 3 second(s)

2018-06-10 23:16:55 - [TEST_STEP][PASSED] - click: Object: 'Object Repository/HealthpostToCms/Page_KDMC/a_CMS' is clicked on

2018-06-10 23:16:56 - [MESSAGE][PASSED] - Object: 'Object Repository/HealthpostToCms/Page_KDMC/a_CMS' is clicked on

2018-06-10 23:16:56 - [TEST_STEP][PASSED] - setText: Text 'bala' is set on object 'Object Repository/HealthpostToCms/Page_CMS login/input_txtusername'

2018-06-10 23:16:56 - [MESSAGE][PASSED] - Text 'bala' is set on object 'Object Repository/HealthpostToCms/Page_CMS login/input_txtusername'

2018-06-10 23:16:56 - [TEST_STEP][PASSED] - setText: Text '123' is set on object 'Object Repository/HealthpostToCms/Page_CMS login/input_txtpassword'

2018-06-10 23:16:56 - [MESSAGE][PASSED] - Text '123' is set on object 'Object Repository/HealthpostToCms/Page_CMS login/input_txtpassword'

2018-06-10 23:16:56 - [TEST_STEP][PASSED] - delay: Delayed 3 second(s)

2018-06-10 23:16:59 - [MESSAGE][PASSED] - Delayed 3 second(s)

2018-06-10 23:16:59 - [TEST_STEP][PASSED] - click: Object: 'Object Repository/HealthpostToCms/Page_CMS login/button_Sign in' is clicked on

2018-06-10 23:17:00 - [MESSAGE][PASSED] - Object: 'Object Repository/HealthpostToCms/Page_CMS login/button_Sign in' is clicked on

2018-06-10 23:17:00 - [TEST_STEP][PASSED] - delay: Delayed 3 second(s)

2018-06-10 23:17:03 - [MESSAGE][PASSED] - Delayed 3 second(s)

2018-06-10 23:17:03 - [TEST_STEP][PASSED] - click: Object: 'Object Repository/HealthpostToCms/Page_KDMC - CMS/a_Divisional Store' is clicked on

2018-06-10 23:17:03 - [MESSAGE][PASSED] - Object: 'Object Repository/HealthpostToCms/Page_KDMC - CMS/a_Divisional Store' is clicked on

2018-06-10 23:17:03 - [TEST_STEP][PASSED] - delay: Delayed 2 second(s)

2018-06-10 23:17:05 - [MESSAGE][PASSED] - Delayed 2 second(s)

2018-06-10 23:17:05 - [TEST_STEP][PASSED] - click: Object: 'Object Repository/HealthpostToCms/Page_KDMC - CMS/a_Dispatch Items' is clicked on

2018-06-10 23:17:05 - [MESSAGE][PASSED] - Object: 'Object Repository/HealthpostToCms/Page_KDMC - CMS/a_Dispatch Items' is clicked on

2018-06-10 23:17:05 - [TEST_STEP][PASSED] - delay: Delayed 2 second(s)

2018-06-10 23:17:07 - [MESSAGE][PASSED] - Delayed 2 second(s)

2018-06-10 23:17:07 - [TEST_STEP][PASSED] - setText: Text 'PRNO/10062018/823' is set on object 'Object Repository/HealthpostToCms/Page_KDMC - CMS/input'

2018-06-10 23:17:08 - [MESSAGE][PASSED] - Text 'PRNO/10062018/823' is set on object 'Object Repository/HealthpostToCms/Page_KDMC - CMS/input'

2018-06-10 23:17:08 - [TEST_STEP][PASSED] - click: Object: 'Object Repository/HealthpostToCms/Page_KDMC - CMS/input_PRNO18052018174' is clicked on

2018-06-10 23:17:08 - [MESSAGE][PASSED] - Object: 'Object Repository/HealthpostToCms/Page_KDMC - CMS/input_PRNO18052018174' is clicked on

2018-06-10 23:17:08 - [TEST_STEP][PASSED] - delay: Delayed 3 second(s)

2018-06-10 23:17:11 - [MESSAGE][PASSED] - Delayed 3 second(s)

2018-06-10 23:17:11 - [TEST_STEP][PASSED] - Statement - out.println("Length : " + medicineslength): null

2018-06-10 23:17:11 - [TEST_STEP][PASSED] - Statement - For ([row = 0, row < medicineslength - 1, (row++)]): null

2018-06-10 23:17:11 - [TEST_STEP][PASSED] - Statement - batchlength = new com.kms.katalon.core.testobject.TestObject(): null

2018-06-10 23:17:11 - [TEST_STEP][PASSED] - Statement - batchlength = com.kms.katalon.core.webui.keyword.WebUiBuiltInKeywords.modifyObjectProperty(batchlength, "xpath", "equals", "//*[@id = "fldvendor" + row + ""]", true): Modify property of object successfully

2018-06-10 23:17:11 - [MESSAGE][PASSED] - Modify property of object successfully

2018-06-10 23:17:11 - [TEST_STEP][PASSED] - Statement - batchsize = com.kms.katalon.core.webui.keyword.WebUiBuiltInKeywords.getNumberOfTotalOption(batchlength): 10 options of object '' counted

2018-06-10 23:17:13 - [MESSAGE][PASSED] - 10 options of object '' counted

2018-06-10 23:17:13 - [TEST_STEP][PASSED] - Statement - out.println("BatchSize : " + batchsize): null

2018-06-10 23:17:13 - [TEST_STEP][PASSED] - Statement - For ([n = 1, n <= batchsize - 1, (n++)]): null

2018-06-10 23:17:13 - [TEST_STEP][PASSED] - Statement - product = new com.kms.katalon.core.testobject.TestObject(): null

2018-06-10 23:17:13 - [TEST_STEP][PASSED] - Statement - product = com.kms.katalon.core.webui.keyword.WebUiBuiltInKeywords.modifyObjectProperty(product, "xpath", "equals", "//*[@id = "fldvendor" + row + ""]", true): Modify property of object successfully

2018-06-10 23:17:13 - [MESSAGE][PASSED] - Modify property of object successfully

2018-06-10 23:17:13 - [TEST_STEP][PASSED] - selectOptionByIndex: All options with index in [1] are selected on object ''

2018-06-10 23:17:13 - [MESSAGE][PASSED] - All options with index in [1] are selected on object ''

2018-06-10 23:17:13 - [TEST_STEP][PASSED] - Statement - batch = new com.kms.katalon.core.testobject.TestObject(): null

2018-06-10 23:17:13 - [TEST_STEP][PASSED] - Statement - batch = com.kms.katalon.core.webui.keyword.WebUiBuiltInKeywords.modifyObjectProperty(batch, "xpath", "equals", "//*[@id = "txtbthqty" + row + ""]", true): Modify property of object successfully

2018-06-10 23:17:13 - [MESSAGE][PASSED] - Modify property of object successfully

2018-06-10 23:17:13 - [TEST_STEP][PASSED] - Statement - batchqty = com.kms.katalon.core.webui.keyword.WebUiBuiltInKeywords.getAttribute(batch, "value").trim(): Attribute 'value' of object '' is: ''

2018-06-10 23:17:13 - [MESSAGE][PASSED] - Attribute 'value' of object '' is: ''

2018-06-10 23:17:13 - [TEST_STEP][PASSED] - Statement - Rqty = 100: null

2018-06-10 23:17:13 - [TEST_STEP][PASSED] - delay: Delayed 2 second(s)

2018-06-10 23:17:15 - [MESSAGE][PASSED] - Delayed 2 second(s)

2018-06-10 23:17:15 - [TEST_STEP][PASSED] - Statement - out.println("BatchQty : " + batchqty): null

2018-06-10 23:17:15 - [TEST_STEP][PASSED] - Statement - out.println("RQty : " + Rqty): null

2018-06-10 23:17:15 - [TEST_STEP][PASSED] - Statement - If (java.lang.Integer.valueOf(batchqty) >= java.lang.Integer.valueOf(Rqty)): null]]></system-out>
         <system-err><![CDATA[2018-06-10 23:10:47 - [TEST_CASE][ERROR] - Test Cases/HEALTHPOST TEST CASES/TC_HP_023 Verify Schedule 11 Healthpost To CMS Request Are Working Successfully Or Not: Test Cases/HEALTHPOST TEST CASES/TC_HP_023 Verify Schedule 11 Healthpost To CMS Request Are Working Successfully Or Not FAILED because (of) java.lang.NumberFormatException: For input string: ""]]></system-err>
      </testcase>
      <system-out><![CDATA[2018-06-10 23:06:44 - [TEST_SUITE][ERROR] - HealthPost_CMS_Suite: Test Cases/HEALTHPOST TEST CASES/TC_HP_013 Verify Schedule 1 Healthpost To CMS Request Are Working Successfully Or Not FAILED because (of) java.lang.NumberFormatException: For input string: ""]]></system-out>
      <system-err><![CDATA[2018-06-10 23:06:44 - [TEST_SUITE][ERROR] - HealthPost_CMS_Suite: Test Cases/HEALTHPOST TEST CASES/TC_HP_013 Verify Schedule 1 Healthpost To CMS Request Are Working Successfully Or Not FAILED because (of) java.lang.NumberFormatException: For input string: ""]]></system-err>
   </testsuite>
</testsuites>
