<?xml version="1.0" encoding="UTF-8"?>
<testsuites name="TEST" time="49" tests="0" failures="0" errors="2">
   <testsuite name="TEST" tests="0" failures="0" errors="2" time="49" timestamp="2018-08-02 11:10:56" hostname="Quality Analyst - DESKTOP-BLFTK83" id="Test Suites/TEST">
      <properties>
         <property name="deviceName" value=""/>
         <property name="devicePlatform" value=""/>
         <property name="logFolder" value="C:\\Users\\Quality Analyst\\Katalon Studio\\ds\\Reports\\TEST\\20180802_111050"/>
         <property name="logFiles" value="C:\\Users\\Quality Analyst\\Katalon Studio\\ds\\Reports\\TEST\\20180802_111050\\execution0.log"/>
         <property name="attachments" value=""/>
         <property name="hostName" value="Quality Analyst - DESKTOP-BLFTK83"/>
         <property name="os" value="Windows 10 64bit"/>
         <property name="katalonVersion" value="5.5.0.1"/>
         <property name="browser" value="Chrome 67.0.3396.99"/>
         <property name="hostAddress" value="192.168.154.2"/>
         <property name="sessionId" value="7ae3ea408dc21911938c9695064b7071"/>
         <property name="seleniumVersion" value="3.7.1"/>
         <property name="proxyInformation" value="ProxyInformation{proxyOption=NO_PROXY, proxyServerType=HTTP, password=, proxyServerAddress=, proxyServerPort=0}"/>
         <property name="platform" value="Windows 10"/>
      </properties>
      <testcase name="Test Cases/TEST/GRN RECEIVE IN CMS/dp" classname="Test Cases/TEST/GRN RECEIVE IN CMS/dp" status="ERROR">
         <error type="ERROR" message="Test Cases/TEST/GRN RECEIVE IN CMS/dp FAILED because (of) java.lang.IllegalArgumentException: Invalid column name 'DemoUsername' for test data 'C:\Users\Quality Analyst\Desktop\am.xlsx'. Possible values are '{Username,Password}'"/>
         <system-out><![CDATA[2018-08-02 11:10:56 - [TEST_CASE][ERROR] - Test Cases/TEST/GRN RECEIVE IN CMS/dp: Test Cases/TEST/GRN RECEIVE IN CMS/dp FAILED because (of) java.lang.IllegalArgumentException: Invalid column name 'DemoUsername' for test data 'C:\Users\Quality Analyst\Desktop\am.xlsx'. Possible values are '{Username,Password}'

2018-08-02 11:10:57 - [TEST_STEP][PASSED] - openBrowser: Browser is opened with url: ''

2018-08-02 11:11:00 - [MESSAGE][PASSED] - Browser is opened with url: ''

2018-08-02 11:11:00 - [TEST_STEP][PASSED] - navigateToUrl: Navigate to 'http://182.18.161.229/multihospital_new' successfully

2018-08-02 11:11:21 - [MESSAGE][PASSED] - Navigate to 'http://182.18.161.229/multihospital_new' successfully

2018-08-02 11:11:21 - [TEST_STEP][PASSED] - click: Object: 'Object Repository/CM/Page_KDMC/a_CMO' is clicked on

2018-08-02 11:11:23 - [MESSAGE][PASSED] - Object: 'Object Repository/CM/Page_KDMC/a_CMO' is clicked on

2018-08-02 11:11:23 - [TEST_STEP][PASSED] - maximizeWindow: Current window maximized

2018-08-02 11:11:24 - [MESSAGE][PASSED] - Current window maximized

2018-08-02 11:11:24 - [TEST_STEP][PASSED] - delay: Delayed 3 second(s)

2018-08-02 11:11:27 - [MESSAGE][PASSED] - Delayed 3 second(s)

2018-08-02 11:11:27 - [TEST_STEP][PASSED] - Statement - Exceldata = com.kms.katalon.core.testdata.TestDataFactory.findTestData(New Test Data): Reading excel file with source file 'C:\Users\Quality Analyst\Desktop\am.xlsx' and sheet name 'Sheet1'

2018-08-02 11:11:28 - [TEST_STEP][PASSED] - delay: Delayed 3 second(s)

2018-08-02 11:11:31 - [MESSAGE][PASSED] - Delayed 3 second(s)

2018-08-02 11:11:31 - [TEST_STEP][PASSED] - Statement - For (def index : (1..(Exceldata.getRowNumbers() - 1))): Finding Test Object with id 'Object Repository/CM/Page_CMO login/input_txtusername'

2018-08-02 11:11:31 - [TEST_STEP][PASSED] - setText: Finding Test Object with id 'Object Repository/CM/Page_CMO login/input_txtusername']]></system-out>
         <system-err><![CDATA[2018-08-02 11:10:56 - [TEST_CASE][ERROR] - Test Cases/TEST/GRN RECEIVE IN CMS/dp: Test Cases/TEST/GRN RECEIVE IN CMS/dp FAILED because (of) java.lang.IllegalArgumentException: Invalid column name 'DemoUsername' for test data 'C:\Users\Quality Analyst\Desktop\am.xlsx'. Possible values are '{Username,Password}']]></system-err>
      </testcase>
      <testcase name="Test Cases/TEST/GRN RECEIVE IN CMS/dp" classname="Test Cases/TEST/GRN RECEIVE IN CMS/dp" status="ERROR">
         <error type="ERROR" message="Test Cases/TEST/GRN RECEIVE IN CMS/dp FAILED because (of) java.lang.IllegalArgumentException: Invalid column name 'DemoUsername' for test data 'C:\Users\Quality Analyst\Desktop\am.xlsx'. Possible values are '{Username,Password}'"/>
         <system-out><![CDATA[2018-08-02 11:11:31 - [TEST_CASE][ERROR] - Test Cases/TEST/GRN RECEIVE IN CMS/dp: Test Cases/TEST/GRN RECEIVE IN CMS/dp FAILED because (of) java.lang.IllegalArgumentException: Invalid column name 'DemoUsername' for test data 'C:\Users\Quality Analyst\Desktop\am.xlsx'. Possible values are '{Username,Password}'

2018-08-02 11:11:31 - [TEST_STEP][PASSED] - openBrowser: Browser is opened with url: ''

2018-08-02 11:11:31 - [MESSAGE][WARNING] - A browser is already opened. Closing browser and opening a new one

2018-08-02 11:11:34 - [MESSAGE][PASSED] - Browser is opened with url: ''

2018-08-02 11:11:34 - [TEST_STEP][PASSED] - navigateToUrl: Navigate to 'http://182.18.161.229/multihospital_new' successfully

2018-08-02 11:11:35 - [MESSAGE][PASSED] - Navigate to 'http://182.18.161.229/multihospital_new' successfully

2018-08-02 11:11:35 - [TEST_STEP][PASSED] - click: Object: 'Object Repository/CM/Page_KDMC/a_CMO' is clicked on

2018-08-02 11:11:36 - [MESSAGE][PASSED] - Object: 'Object Repository/CM/Page_KDMC/a_CMO' is clicked on

2018-08-02 11:11:36 - [TEST_STEP][PASSED] - maximizeWindow: Current window maximized

2018-08-02 11:11:37 - [MESSAGE][PASSED] - Current window maximized

2018-08-02 11:11:37 - [TEST_STEP][PASSED] - delay: Delayed 3 second(s)

2018-08-02 11:11:40 - [MESSAGE][PASSED] - Delayed 3 second(s)

2018-08-02 11:11:40 - [TEST_STEP][PASSED] - Statement - Exceldata = com.kms.katalon.core.testdata.TestDataFactory.findTestData(New Test Data): Reading excel file with source file 'C:\Users\Quality Analyst\Desktop\am.xlsx' and sheet name 'Sheet1'

2018-08-02 11:11:40 - [TEST_STEP][PASSED] - delay: Delayed 3 second(s)

2018-08-02 11:11:43 - [MESSAGE][PASSED] - Delayed 3 second(s)

2018-08-02 11:11:43 - [TEST_STEP][PASSED] - Statement - For (def index : (1..(Exceldata.getRowNumbers() - 1))): Finding Test Object with id 'Object Repository/CM/Page_CMO login/input_txtusername'

2018-08-02 11:11:43 - [TEST_STEP][PASSED] - setText: Finding Test Object with id 'Object Repository/CM/Page_CMO login/input_txtusername']]></system-out>
         <system-err><![CDATA[2018-08-02 11:11:31 - [TEST_CASE][ERROR] - Test Cases/TEST/GRN RECEIVE IN CMS/dp: Test Cases/TEST/GRN RECEIVE IN CMS/dp FAILED because (of) java.lang.IllegalArgumentException: Invalid column name 'DemoUsername' for test data 'C:\Users\Quality Analyst\Desktop\am.xlsx'. Possible values are '{Username,Password}']]></system-err>
      </testcase>
      <testcase name="Test Cases/TEST/GRN RECEIVE IN CMS/dp" classname="Test Cases/TEST/GRN RECEIVE IN CMS/dp" status="INCOMPLETE">
         <system-out><![CDATA[2018-08-02 11:11:43 - [TEST_CASE][INCOMPLETE] - Test Cases/TEST/GRN RECEIVE IN CMS/dp: null

2018-08-02 11:11:43 - [TEST_STEP][PASSED] - openBrowser: Browser is opened with url: ''

2018-08-02 11:11:43 - [MESSAGE][WARNING] - A browser is already opened. Closing browser and opening a new one

2018-08-02 11:11:46 - [MESSAGE][PASSED] - Browser is opened with url: ''

2018-08-02 11:11:46 - [TEST_STEP][INCOMPLETE] - navigateToUrl: Navigating to 'http://182.18.161.229/multihospital_new']]></system-out>
         <system-err><![CDATA[2018-08-02 11:11:43 - [TEST_CASE][INCOMPLETE] - Test Cases/TEST/GRN RECEIVE IN CMS/dp: null]]></system-err>
      </testcase>
      <system-out><![CDATA[2018-08-02 11:10:56 - [TEST_SUITE][INCOMPLETE] - TEST: null]]></system-out>
      <system-err><![CDATA[2018-08-02 11:10:56 - [TEST_SUITE][INCOMPLETE] - TEST: null]]></system-err>
   </testsuite>
</testsuites>
