<?xml version="1.0" encoding="UTF-8"?>
<testsuites name="HealthPost_CMS_Suite" time="2347" tests="9" failures="1" errors="2">
   <testsuite name="HealthPost_CMS_Suite" tests="9" failures="1" errors="2" time="2347" timestamp="2018-06-10 18:53:23" hostname="Quality Analyst - DESKTOP-BLFTK83" id="Test Suites/HealthPost_CMS_Suite">
      <properties>
         <property name="deviceName" value=""/>
         <property name="devicePlatform" value=""/>
         <property name="logFolder" value="C:\\Users\\Quality Analyst\\Katalon Studio\\ds\\Reports\\HealthPost_CMS_Suite\\20180610_144717"/>
         <property name="logFiles" value="C:\\Users\\Quality Analyst\\Katalon Studio\\ds\\Reports\\HealthPost_CMS_Suite\\20180610_144717\\execution0.log, C:\\Users\\Quality Analyst\\Katalon Studio\\ds\\Reports\\HealthPost_CMS_Suite\\20180610_144717\\execution1.log, C:\\Users\\Quality Analyst\\Katalon Studio\\ds\\Reports\\HealthPost_CMS_Suite\\20180610_144717\\execution2.log"/>
         <property name="attachments" value="C:\\Users\\Quality Analyst\\Katalon Studio\\ds\\Reports\\HealthPost_CMS_Suite\\20180610_144717\\1528638308272.png"/>
         <property name="hostName" value="Quality Analyst - DESKTOP-BLFTK83"/>
         <property name="os" value="Windows 10 64bit"/>
         <property name="katalonVersion" value="5.4.2.1"/>
         <property name="browser" value="Chrome 66.0.3359.181"/>
         <property name="hostAddress" value="169.254.189.85"/>
         <property name="sessionId" value="60cdbcb3b003e8d10b67c83f60cb4f69"/>
         <property name="seleniumVersion" value="3.7.1"/>
         <property name="proxyInformation" value="ProxyInformation{proxyOption=NO_PROXY, proxyServerType=HTTP, password=, proxyServerAddress=, proxyServerPort=0}"/>
         <property name="platform" value="Windows 10"/>
      </properties>
      <testcase name="Test Cases/HEALTHPOST TEST CASES/TC_HP_013 Verify Schedule 1 Healthpost To CMS Request Are Working Successfully Or Not" classname="Test Cases/HEALTHPOST TEST CASES/TC_HP_013 Verify Schedule 1 Healthpost To CMS Request Are Working Successfully Or Not" status="ERROR">
         <error type="ERROR" message="Test Cases/HEALTHPOST TEST CASES/TC_HP_013 Verify Schedule 1 Healthpost To CMS Request Are Working Successfully Or Not FAILED because (of) java.lang.NumberFormatException: For input string: &quot;&quot;"/>
         <system-out><![CDATA[2018-06-10 18:53:23 - [TEST_CASE][ERROR] - Test Cases/HEALTHPOST TEST CASES/TC_HP_013 Verify Schedule 1 Healthpost To CMS Request Are Working Successfully Or Not: Test Cases/HEALTHPOST TEST CASES/TC_HP_013 Verify Schedule 1 Healthpost To CMS Request Are Working Successfully Or Not FAILED because (of) java.lang.NumberFormatException: For input string: ""

2018-06-10 18:53:24 - [TEST_STEP][PASSED] - openBrowser: Browser is opened with url: ''

2018-06-10 18:53:27 - [MESSAGE][PASSED] - Browser is opened with url: ''

2018-06-10 18:53:27 - [TEST_STEP][PASSED] - navigateToUrl: Navigate to 'http://192.168.137.1/multihospital_new/HDSplashscreen.aspx' successfully

2018-06-10 18:53:30 - [MESSAGE][PASSED] - Navigate to 'http://192.168.137.1/multihospital_new/HDSplashscreen.aspx' successfully

2018-06-10 18:53:30 - [TEST_STEP][PASSED] - maximizeWindow: Current window maximized

2018-06-10 18:53:31 - [MESSAGE][PASSED] - Current window maximized

2018-06-10 18:53:31 - [TEST_STEP][PASSED] - click: Object: 'Object Repository/HealthpostToCms/Page_KDMC/a_Healthpost Store' is clicked on

2018-06-10 18:53:32 - [MESSAGE][PASSED] - Object: 'Object Repository/HealthpostToCms/Page_KDMC/a_Healthpost Store' is clicked on

2018-06-10 18:53:32 - [TEST_STEP][PASSED] - setText: Text 'raguram' is set on object 'Object Repository/HealthpostToCms/Page_HealthPost Store Login/input_txtusername'

2018-06-10 18:53:32 - [MESSAGE][PASSED] - Text 'raguram' is set on object 'Object Repository/HealthpostToCms/Page_HealthPost Store Login/input_txtusername'

2018-06-10 18:53:32 - [TEST_STEP][PASSED] - setText: Text '123' is set on object 'Object Repository/HealthpostToCms/Page_HealthPost Store Login/input_txtpassword'

2018-06-10 18:53:32 - [MESSAGE][PASSED] - Text '123' is set on object 'Object Repository/HealthpostToCms/Page_HealthPost Store Login/input_txtpassword'

2018-06-10 18:53:32 - [TEST_STEP][PASSED] - delay: Delayed 3 second(s)

2018-06-10 18:53:35 - [MESSAGE][PASSED] - Delayed 3 second(s)

2018-06-10 18:53:35 - [TEST_STEP][PASSED] - click: Object: 'Object Repository/HealthpostToCms/Page_HealthPost Store Login/button_Sign in' is clicked on

2018-06-10 18:53:36 - [MESSAGE][PASSED] - Object: 'Object Repository/HealthpostToCms/Page_HealthPost Store Login/button_Sign in' is clicked on

2018-06-10 18:53:36 - [TEST_STEP][PASSED] - delay: Delayed 3 second(s)

2018-06-10 18:53:39 - [MESSAGE][PASSED] - Delayed 3 second(s)

2018-06-10 18:53:39 - [TEST_STEP][PASSED] - click: Object: 'Object Repository/HealthpostToCms/Page_HealthPost Store/a_CMS' is clicked on

2018-06-10 18:53:39 - [MESSAGE][PASSED] - Object: 'Object Repository/HealthpostToCms/Page_HealthPost Store/a_CMS' is clicked on

2018-06-10 18:53:39 - [TEST_STEP][PASSED] - click: Object: 'Object Repository/HealthpostToCms/Page_HealthPost Store/a_Request Send' is clicked on

2018-06-10 18:53:40 - [MESSAGE][PASSED] - Object: 'Object Repository/HealthpostToCms/Page_HealthPost Store/a_Request Send' is clicked on

2018-06-10 18:53:40 - [TEST_STEP][PASSED] - delay: Delayed 2 second(s)

2018-06-10 18:53:42 - [MESSAGE][PASSED] - Delayed 2 second(s)

2018-06-10 18:53:42 - [TEST_STEP][PASSED] - selectOptionByIndex: All options with index in [2] are selected on object 'Object Repository/HealthpostToCms/Page_HealthPost Store/select_--Select--'

2018-06-10 18:53:42 - [MESSAGE][PASSED] - All options with index in [2] are selected on object 'Object Repository/HealthpostToCms/Page_HealthPost Store/select_--Select--'

2018-06-10 18:53:42 - [TEST_STEP][PASSED] - selectOptionByIndex: All options with index in [1] are selected on object 'Object Repository/HealthpostToCms/Page_HealthPost Store/select_--Select--Schedule 1Inj'

2018-06-10 18:53:42 - [MESSAGE][PASSED] - All options with index in [1] are selected on object 'Object Repository/HealthpostToCms/Page_HealthPost Store/select_--Select--Schedule 1Inj'

2018-06-10 18:53:42 - [TEST_STEP][PASSED] - Statement - medicineslength = com.kms.katalon.core.webui.keyword.WebUiBuiltInKeywords.getNumberOfTotalOption(com.kms.katalon.core.testobject.ObjectRepository.findTestObject(HealthpostToCms/Page_HealthPost Store/select_--Select--Adernaline 0.)): 63 options of object 'Object Repository/HealthpostToCms/Page_HealthPost Store/select_--Select--Adernaline 0.' counted

2018-06-10 18:53:42 - [MESSAGE][PASSED] - 63 options of object 'Object Repository/HealthpostToCms/Page_HealthPost Store/select_--Select--Adernaline 0.' counted

2018-06-10 18:53:42 - [TEST_STEP][PASSED] - Statement - For ([e = 1, e <= medicineslength - 1, (e++)]): Delayed 1 second(s)

2018-06-10 18:53:42 - [TEST_STEP][PASSED] - selectOptionByIndex: All options with index in [1] are selected on object 'Object Repository/HealthpostToCms/Page_HealthPost Store/select_--Select--Schedule 1Inj'

2018-06-10 18:53:42 - [MESSAGE][PASSED] - All options with index in [1] are selected on object 'Object Repository/HealthpostToCms/Page_HealthPost Store/select_--Select--Schedule 1Inj'

2018-06-10 18:53:42 - [TEST_STEP][PASSED] - delay: Delayed 1 second(s)

2018-06-10 18:53:43 - [MESSAGE][PASSED] - Delayed 1 second(s)

2018-06-10 18:53:43 - [TEST_STEP][PASSED] - selectOptionByIndex: All options with index in [1] are selected on object 'Object Repository/HealthpostToCms/Page_HealthPost Store/select_--Select--Adernaline 0.'

2018-06-10 18:53:43 - [MESSAGE][PASSED] - All options with index in [1] are selected on object 'Object Repository/HealthpostToCms/Page_HealthPost Store/select_--Select--Adernaline 0.'

2018-06-10 18:53:43 - [TEST_STEP][PASSED] - setText: Text '100' is set on object 'Object Repository/HealthpostToCms/Page_HealthPost Store/input_txttreat'

2018-06-10 18:53:43 - [MESSAGE][PASSED] - Text '100' is set on object 'Object Repository/HealthpostToCms/Page_HealthPost Store/input_txttreat'

2018-06-10 18:53:43 - [TEST_STEP][PASSED] - click: Object: 'Object Repository/HealthpostToCms/Page_HealthPost Store/button_Add' is clicked on

2018-06-10 18:53:44 - [MESSAGE][PASSED] - Object: 'Object Repository/HealthpostToCms/Page_HealthPost Store/button_Add' is clicked on

2018-06-10 18:53:44 - [TEST_STEP][PASSED] - delay: Delayed 1 second(s)

2018-06-10 18:53:45 - [MESSAGE][PASSED] - Delayed 1 second(s)

2018-06-10 18:53:45 - [TEST_STEP][PASSED] - selectOptionByIndex: All options with index in [1] are selected on object 'Object Repository/HealthpostToCms/Page_HealthPost Store/select_--Select--Schedule 1Inj'

2018-06-10 18:53:45 - [MESSAGE][PASSED] - All options with index in [1] are selected on object 'Object Repository/HealthpostToCms/Page_HealthPost Store/select_--Select--Schedule 1Inj'

2018-06-10 18:53:45 - [TEST_STEP][PASSED] - delay: Delayed 1 second(s)

2018-06-10 18:53:46 - [MESSAGE][PASSED] - Delayed 1 second(s)

2018-06-10 18:53:46 - [TEST_STEP][PASSED] - selectOptionByIndex: All options with index in [2] are selected on object 'Object Repository/HealthpostToCms/Page_HealthPost Store/select_--Select--Adernaline 0.'

2018-06-10 18:53:46 - [MESSAGE][PASSED] - All options with index in [2] are selected on object 'Object Repository/HealthpostToCms/Page_HealthPost Store/select_--Select--Adernaline 0.'

2018-06-10 18:53:46 - [TEST_STEP][PASSED] - setText: Text '100' is set on object 'Object Repository/HealthpostToCms/Page_HealthPost Store/input_txttreat'

2018-06-10 18:53:46 - [MESSAGE][PASSED] - Text '100' is set on object 'Object Repository/HealthpostToCms/Page_HealthPost Store/input_txttreat'

2018-06-10 18:53:46 - [TEST_STEP][PASSED] - click: Object: 'Object Repository/HealthpostToCms/Page_HealthPost Store/button_Add' is clicked on

2018-06-10 18:53:46 - [MESSAGE][PASSED] - Object: 'Object Repository/HealthpostToCms/Page_HealthPost Store/button_Add' is clicked on

2018-06-10 18:53:46 - [TEST_STEP][PASSED] - delay: Delayed 1 second(s)

2018-06-10 18:53:47 - [MESSAGE][PASSED] - Delayed 1 second(s)

2018-06-10 18:53:47 - [TEST_STEP][PASSED] - selectOptionByIndex: All options with index in [1] are selected on object 'Object Repository/HealthpostToCms/Page_HealthPost Store/select_--Select--Schedule 1Inj'

2018-06-10 18:53:47 - [MESSAGE][PASSED] - All options with index in [1] are selected on object 'Object Repository/HealthpostToCms/Page_HealthPost Store/select_--Select--Schedule 1Inj'

2018-06-10 18:53:47 - [TEST_STEP][PASSED] - delay: Delayed 1 second(s)

2018-06-10 18:53:48 - [MESSAGE][PASSED] - Delayed 1 second(s)

2018-06-10 18:53:48 - [TEST_STEP][PASSED] - selectOptionByIndex: All options with index in [3] are selected on object 'Object Repository/HealthpostToCms/Page_HealthPost Store/select_--Select--Adernaline 0.'

2018-06-10 18:53:48 - [MESSAGE][PASSED] - All options with index in [3] are selected on object 'Object Repository/HealthpostToCms/Page_HealthPost Store/select_--Select--Adernaline 0.'

2018-06-10 18:53:48 - [TEST_STEP][PASSED] - setText: Text '100' is set on object 'Object Repository/HealthpostToCms/Page_HealthPost Store/input_txttreat'

2018-06-10 18:53:48 - [MESSAGE][PASSED] - Text '100' is set on object 'Object Repository/HealthpostToCms/Page_HealthPost Store/input_txttreat'

2018-06-10 18:53:48 - [TEST_STEP][PASSED] - click: Object: 'Object Repository/HealthpostToCms/Page_HealthPost Store/button_Add' is clicked on

2018-06-10 18:53:49 - [MESSAGE][PASSED] - Object: 'Object Repository/HealthpostToCms/Page_HealthPost Store/button_Add' is clicked on

2018-06-10 18:53:49 - [TEST_STEP][PASSED] - delay: Delayed 1 second(s)

2018-06-10 18:53:50 - [MESSAGE][PASSED] - Delayed 1 second(s)

2018-06-10 18:53:50 - [TEST_STEP][PASSED] - selectOptionByIndex: All options with index in [1] are selected on object 'Object Repository/HealthpostToCms/Page_HealthPost Store/select_--Select--Schedule 1Inj'

2018-06-10 18:53:50 - [MESSAGE][PASSED] - All options with index in [1] are selected on object 'Object Repository/HealthpostToCms/Page_HealthPost Store/select_--Select--Schedule 1Inj'

2018-06-10 18:53:50 - [TEST_STEP][PASSED] - delay: Delayed 1 second(s)

2018-06-10 18:53:51 - [MESSAGE][PASSED] - Delayed 1 second(s)

2018-06-10 18:53:51 - [TEST_STEP][PASSED] - selectOptionByIndex: All options with index in [4] are selected on object 'Object Repository/HealthpostToCms/Page_HealthPost Store/select_--Select--Adernaline 0.'

2018-06-10 18:53:51 - [MESSAGE][PASSED] - All options with index in [4] are selected on object 'Object Repository/HealthpostToCms/Page_HealthPost Store/select_--Select--Adernaline 0.'

2018-06-10 18:53:51 - [TEST_STEP][PASSED] - setText: Text '100' is set on object 'Object Repository/HealthpostToCms/Page_HealthPost Store/input_txttreat'

2018-06-10 18:53:51 - [MESSAGE][PASSED] - Text '100' is set on object 'Object Repository/HealthpostToCms/Page_HealthPost Store/input_txttreat'

2018-06-10 18:53:51 - [TEST_STEP][PASSED] - click: Object: 'Object Repository/HealthpostToCms/Page_HealthPost Store/button_Add' is clicked on

2018-06-10 18:53:51 - [MESSAGE][PASSED] - Object: 'Object Repository/HealthpostToCms/Page_HealthPost Store/button_Add' is clicked on

2018-06-10 18:53:51 - [TEST_STEP][PASSED] - delay: Delayed 1 second(s)

2018-06-10 18:53:52 - [MESSAGE][PASSED] - Delayed 1 second(s)

2018-06-10 18:53:52 - [TEST_STEP][PASSED] - selectOptionByIndex: All options with index in [1] are selected on object 'Object Repository/HealthpostToCms/Page_HealthPost Store/select_--Select--Schedule 1Inj'

2018-06-10 18:53:52 - [MESSAGE][PASSED] - All options with index in [1] are selected on object 'Object Repository/HealthpostToCms/Page_HealthPost Store/select_--Select--Schedule 1Inj'

2018-06-10 18:53:52 - [TEST_STEP][PASSED] - delay: Delayed 1 second(s)

2018-06-10 18:53:53 - [MESSAGE][PASSED] - Delayed 1 second(s)

2018-06-10 18:53:53 - [TEST_STEP][PASSED] - selectOptionByIndex: All options with index in [5] are selected on object 'Object Repository/HealthpostToCms/Page_HealthPost Store/select_--Select--Adernaline 0.'

2018-06-10 18:53:53 - [MESSAGE][PASSED] - All options with index in [5] are selected on object 'Object Repository/HealthpostToCms/Page_HealthPost Store/select_--Select--Adernaline 0.'

2018-06-10 18:53:53 - [TEST_STEP][PASSED] - setText: Text '100' is set on object 'Object Repository/HealthpostToCms/Page_HealthPost Store/input_txttreat'

2018-06-10 18:53:53 - [MESSAGE][PASSED] - Text '100' is set on object 'Object Repository/HealthpostToCms/Page_HealthPost Store/input_txttreat'

2018-06-10 18:53:53 - [TEST_STEP][PASSED] - click: Object: 'Object Repository/HealthpostToCms/Page_HealthPost Store/button_Add' is clicked on

2018-06-10 18:53:54 - [MESSAGE][PASSED] - Object: 'Object Repository/HealthpostToCms/Page_HealthPost Store/button_Add' is clicked on

2018-06-10 18:53:54 - [TEST_STEP][PASSED] - delay: Delayed 1 second(s)

2018-06-10 18:53:55 - [MESSAGE][PASSED] - Delayed 1 second(s)

2018-06-10 18:53:55 - [TEST_STEP][PASSED] - selectOptionByIndex: All options with index in [1] are selected on object 'Object Repository/HealthpostToCms/Page_HealthPost Store/select_--Select--Schedule 1Inj'

2018-06-10 18:53:55 - [MESSAGE][PASSED] - All options with index in [1] are selected on object 'Object Repository/HealthpostToCms/Page_HealthPost Store/select_--Select--Schedule 1Inj'

2018-06-10 18:53:55 - [TEST_STEP][PASSED] - delay: Delayed 1 second(s)

2018-06-10 18:53:56 - [MESSAGE][PASSED] - Delayed 1 second(s)

2018-06-10 18:53:56 - [TEST_STEP][PASSED] - selectOptionByIndex: All options with index in [6] are selected on object 'Object Repository/HealthpostToCms/Page_HealthPost Store/select_--Select--Adernaline 0.'

2018-06-10 18:53:56 - [MESSAGE][PASSED] - All options with index in [6] are selected on object 'Object Repository/HealthpostToCms/Page_HealthPost Store/select_--Select--Adernaline 0.'

2018-06-10 18:53:56 - [TEST_STEP][PASSED] - setText: Text '100' is set on object 'Object Repository/HealthpostToCms/Page_HealthPost Store/input_txttreat'

2018-06-10 18:53:56 - [MESSAGE][PASSED] - Text '100' is set on object 'Object Repository/HealthpostToCms/Page_HealthPost Store/input_txttreat'

2018-06-10 18:53:56 - [TEST_STEP][PASSED] - click: Object: 'Object Repository/HealthpostToCms/Page_HealthPost Store/button_Add' is clicked on

2018-06-10 18:53:56 - [MESSAGE][PASSED] - Object: 'Object Repository/HealthpostToCms/Page_HealthPost Store/button_Add' is clicked on

2018-06-10 18:53:56 - [TEST_STEP][PASSED] - delay: Delayed 1 second(s)

2018-06-10 18:53:57 - [MESSAGE][PASSED] - Delayed 1 second(s)

2018-06-10 18:53:57 - [TEST_STEP][PASSED] - selectOptionByIndex: All options with index in [1] are selected on object 'Object Repository/HealthpostToCms/Page_HealthPost Store/select_--Select--Schedule 1Inj'

2018-06-10 18:53:57 - [MESSAGE][PASSED] - All options with index in [1] are selected on object 'Object Repository/HealthpostToCms/Page_HealthPost Store/select_--Select--Schedule 1Inj'

2018-06-10 18:53:57 - [TEST_STEP][PASSED] - delay: Delayed 1 second(s)

2018-06-10 18:53:58 - [MESSAGE][PASSED] - Delayed 1 second(s)

2018-06-10 18:53:58 - [TEST_STEP][PASSED] - selectOptionByIndex: All options with index in [7] are selected on object 'Object Repository/HealthpostToCms/Page_HealthPost Store/select_--Select--Adernaline 0.'

2018-06-10 18:53:58 - [MESSAGE][PASSED] - All options with index in [7] are selected on object 'Object Repository/HealthpostToCms/Page_HealthPost Store/select_--Select--Adernaline 0.'

2018-06-10 18:53:58 - [TEST_STEP][PASSED] - setText: Text '100' is set on object 'Object Repository/HealthpostToCms/Page_HealthPost Store/input_txttreat'

2018-06-10 18:53:59 - [MESSAGE][PASSED] - Text '100' is set on object 'Object Repository/HealthpostToCms/Page_HealthPost Store/input_txttreat'

2018-06-10 18:53:59 - [TEST_STEP][PASSED] - click: Object: 'Object Repository/HealthpostToCms/Page_HealthPost Store/button_Add' is clicked on

2018-06-10 18:53:59 - [MESSAGE][PASSED] - Object: 'Object Repository/HealthpostToCms/Page_HealthPost Store/button_Add' is clicked on

2018-06-10 18:53:59 - [TEST_STEP][PASSED] - delay: Delayed 1 second(s)

2018-06-10 18:54:00 - [MESSAGE][PASSED] - Delayed 1 second(s)

2018-06-10 18:54:00 - [TEST_STEP][PASSED] - selectOptionByIndex: All options with index in [1] are selected on object 'Object Repository/HealthpostToCms/Page_HealthPost Store/select_--Select--Schedule 1Inj'

2018-06-10 18:54:00 - [MESSAGE][PASSED] - All options with index in [1] are selected on object 'Object Repository/HealthpostToCms/Page_HealthPost Store/select_--Select--Schedule 1Inj'

2018-06-10 18:54:00 - [TEST_STEP][PASSED] - delay: Delayed 1 second(s)

2018-06-10 18:54:01 - [MESSAGE][PASSED] - Delayed 1 second(s)

2018-06-10 18:54:01 - [TEST_STEP][PASSED] - selectOptionByIndex: All options with index in [8] are selected on object 'Object Repository/HealthpostToCms/Page_HealthPost Store/select_--Select--Adernaline 0.'

2018-06-10 18:54:01 - [MESSAGE][PASSED] - All options with index in [8] are selected on object 'Object Repository/HealthpostToCms/Page_HealthPost Store/select_--Select--Adernaline 0.'

2018-06-10 18:54:01 - [TEST_STEP][PASSED] - setText: Text '100' is set on object 'Object Repository/HealthpostToCms/Page_HealthPost Store/input_txttreat'

2018-06-10 18:54:01 - [MESSAGE][PASSED] - Text '100' is set on object 'Object Repository/HealthpostToCms/Page_HealthPost Store/input_txttreat'

2018-06-10 18:54:01 - [TEST_STEP][PASSED] - click: Object: 'Object Repository/HealthpostToCms/Page_HealthPost Store/button_Add' is clicked on

2018-06-10 18:54:01 - [MESSAGE][PASSED] - Object: 'Object Repository/HealthpostToCms/Page_HealthPost Store/button_Add' is clicked on

2018-06-10 18:54:01 - [TEST_STEP][PASSED] - delay: Delayed 1 second(s)

2018-06-10 18:54:02 - [MESSAGE][PASSED] - Delayed 1 second(s)

2018-06-10 18:54:02 - [TEST_STEP][PASSED] - selectOptionByIndex: All options with index in [1] are selected on object 'Object Repository/HealthpostToCms/Page_HealthPost Store/select_--Select--Schedule 1Inj'

2018-06-10 18:54:02 - [MESSAGE][PASSED] - All options with index in [1] are selected on object 'Object Repository/HealthpostToCms/Page_HealthPost Store/select_--Select--Schedule 1Inj'

2018-06-10 18:54:02 - [TEST_STEP][PASSED] - delay: Delayed 1 second(s)

2018-06-10 18:54:03 - [MESSAGE][PASSED] - Delayed 1 second(s)

2018-06-10 18:54:03 - [TEST_STEP][PASSED] - selectOptionByIndex: All options with index in [9] are selected on object 'Object Repository/HealthpostToCms/Page_HealthPost Store/select_--Select--Adernaline 0.'

2018-06-10 18:54:04 - [MESSAGE][PASSED] - All options with index in [9] are selected on object 'Object Repository/HealthpostToCms/Page_HealthPost Store/select_--Select--Adernaline 0.'

2018-06-10 18:54:04 - [TEST_STEP][PASSED] - setText: Text '100' is set on object 'Object Repository/HealthpostToCms/Page_HealthPost Store/input_txttreat'

2018-06-10 18:54:04 - [MESSAGE][PASSED] - Text '100' is set on object 'Object Repository/HealthpostToCms/Page_HealthPost Store/input_txttreat'

2018-06-10 18:54:04 - [TEST_STEP][PASSED] - click: Object: 'Object Repository/HealthpostToCms/Page_HealthPost Store/button_Add' is clicked on

2018-06-10 18:54:04 - [MESSAGE][PASSED] - Object: 'Object Repository/HealthpostToCms/Page_HealthPost Store/button_Add' is clicked on

2018-06-10 18:54:04 - [TEST_STEP][PASSED] - delay: Delayed 1 second(s)

2018-06-10 18:54:05 - [MESSAGE][PASSED] - Delayed 1 second(s)

2018-06-10 18:54:05 - [TEST_STEP][PASSED] - selectOptionByIndex: All options with index in [1] are selected on object 'Object Repository/HealthpostToCms/Page_HealthPost Store/select_--Select--Schedule 1Inj'

2018-06-10 18:54:05 - [MESSAGE][PASSED] - All options with index in [1] are selected on object 'Object Repository/HealthpostToCms/Page_HealthPost Store/select_--Select--Schedule 1Inj'

2018-06-10 18:54:05 - [TEST_STEP][PASSED] - delay: Delayed 1 second(s)

2018-06-10 18:54:06 - [MESSAGE][PASSED] - Delayed 1 second(s)

2018-06-10 18:54:06 - [TEST_STEP][PASSED] - selectOptionByIndex: All options with index in [10] are selected on object 'Object Repository/HealthpostToCms/Page_HealthPost Store/select_--Select--Adernaline 0.'

2018-06-10 18:54:06 - [MESSAGE][PASSED] - All options with index in [10] are selected on object 'Object Repository/HealthpostToCms/Page_HealthPost Store/select_--Select--Adernaline 0.'

2018-06-10 18:54:06 - [TEST_STEP][PASSED] - setText: Text '100' is set on object 'Object Repository/HealthpostToCms/Page_HealthPost Store/input_txttreat'

2018-06-10 18:54:06 - [MESSAGE][PASSED] - Text '100' is set on object 'Object Repository/HealthpostToCms/Page_HealthPost Store/input_txttreat'

2018-06-10 18:54:06 - [TEST_STEP][PASSED] - click: Object: 'Object Repository/HealthpostToCms/Page_HealthPost Store/button_Add' is clicked on

2018-06-10 18:54:06 - [MESSAGE][PASSED] - Object: 'Object Repository/HealthpostToCms/Page_HealthPost Store/button_Add' is clicked on

2018-06-10 18:54:06 - [TEST_STEP][PASSED] - delay: Delayed 1 second(s)

2018-06-10 18:54:07 - [MESSAGE][PASSED] - Delayed 1 second(s)

2018-06-10 18:54:07 - [TEST_STEP][PASSED] - selectOptionByIndex: All options with index in [1] are selected on object 'Object Repository/HealthpostToCms/Page_HealthPost Store/select_--Select--Schedule 1Inj'

2018-06-10 18:54:07 - [MESSAGE][PASSED] - All options with index in [1] are selected on object 'Object Repository/HealthpostToCms/Page_HealthPost Store/select_--Select--Schedule 1Inj'

2018-06-10 18:54:07 - [TEST_STEP][PASSED] - delay: Delayed 1 second(s)

2018-06-10 18:54:08 - [MESSAGE][PASSED] - Delayed 1 second(s)

2018-06-10 18:54:08 - [TEST_STEP][PASSED] - selectOptionByIndex: All options with index in [11] are selected on object 'Object Repository/HealthpostToCms/Page_HealthPost Store/select_--Select--Adernaline 0.'

2018-06-10 18:54:09 - [MESSAGE][PASSED] - All options with index in [11] are selected on object 'Object Repository/HealthpostToCms/Page_HealthPost Store/select_--Select--Adernaline 0.'

2018-06-10 18:54:09 - [TEST_STEP][PASSED] - setText: Text '100' is set on object 'Object Repository/HealthpostToCms/Page_HealthPost Store/input_txttreat'

2018-06-10 18:54:09 - [MESSAGE][PASSED] - Text '100' is set on object 'Object Repository/HealthpostToCms/Page_HealthPost Store/input_txttreat'

2018-06-10 18:54:09 - [TEST_STEP][PASSED] - click: Object: 'Object Repository/HealthpostToCms/Page_HealthPost Store/button_Add' is clicked on

2018-06-10 18:54:09 - [MESSAGE][PASSED] - Object: 'Object Repository/HealthpostToCms/Page_HealthPost Store/button_Add' is clicked on

2018-06-10 18:54:09 - [TEST_STEP][PASSED] - delay: Delayed 1 second(s)

2018-06-10 18:54:10 - [MESSAGE][PASSED] - Delayed 1 second(s)

2018-06-10 18:54:10 - [TEST_STEP][PASSED] - selectOptionByIndex: All options with index in [1] are selected on object 'Object Repository/HealthpostToCms/Page_HealthPost Store/select_--Select--Schedule 1Inj'

2018-06-10 18:54:10 - [MESSAGE][PASSED] - All options with index in [1] are selected on object 'Object Repository/HealthpostToCms/Page_HealthPost Store/select_--Select--Schedule 1Inj'

2018-06-10 18:54:10 - [TEST_STEP][PASSED] - delay: Delayed 1 second(s)

2018-06-10 18:54:11 - [MESSAGE][PASSED] - Delayed 1 second(s)

2018-06-10 18:54:11 - [TEST_STEP][PASSED] - selectOptionByIndex: All options with index in [12] are selected on object 'Object Repository/HealthpostToCms/Page_HealthPost Store/select_--Select--Adernaline 0.'

2018-06-10 18:54:11 - [MESSAGE][PASSED] - All options with index in [12] are selected on object 'Object Repository/HealthpostToCms/Page_HealthPost Store/select_--Select--Adernaline 0.'

2018-06-10 18:54:11 - [TEST_STEP][PASSED] - setText: Text '100' is set on object 'Object Repository/HealthpostToCms/Page_HealthPost Store/input_txttreat'

2018-06-10 18:54:11 - [MESSAGE][PASSED] - Text '100' is set on object 'Object Repository/HealthpostToCms/Page_HealthPost Store/input_txttreat'

2018-06-10 18:54:11 - [TEST_STEP][PASSED] - click: Object: 'Object Repository/HealthpostToCms/Page_HealthPost Store/button_Add' is clicked on

2018-06-10 18:54:11 - [MESSAGE][PASSED] - Object: 'Object Repository/HealthpostToCms/Page_HealthPost Store/button_Add' is clicked on

2018-06-10 18:54:11 - [TEST_STEP][PASSED] - delay: Delayed 1 second(s)

2018-06-10 18:54:12 - [MESSAGE][PASSED] - Delayed 1 second(s)

2018-06-10 18:54:12 - [TEST_STEP][PASSED] - selectOptionByIndex: All options with index in [1] are selected on object 'Object Repository/HealthpostToCms/Page_HealthPost Store/select_--Select--Schedule 1Inj'

2018-06-10 18:54:13 - [MESSAGE][PASSED] - All options with index in [1] are selected on object 'Object Repository/HealthpostToCms/Page_HealthPost Store/select_--Select--Schedule 1Inj'

2018-06-10 18:54:13 - [TEST_STEP][PASSED] - delay: Delayed 1 second(s)

2018-06-10 18:54:14 - [MESSAGE][PASSED] - Delayed 1 second(s)

2018-06-10 18:54:14 - [TEST_STEP][PASSED] - selectOptionByIndex: All options with index in [13] are selected on object 'Object Repository/HealthpostToCms/Page_HealthPost Store/select_--Select--Adernaline 0.'

2018-06-10 18:54:14 - [MESSAGE][PASSED] - All options with index in [13] are selected on object 'Object Repository/HealthpostToCms/Page_HealthPost Store/select_--Select--Adernaline 0.'

2018-06-10 18:54:14 - [TEST_STEP][PASSED] - setText: Text '100' is set on object 'Object Repository/HealthpostToCms/Page_HealthPost Store/input_txttreat'

2018-06-10 18:54:14 - [MESSAGE][PASSED] - Text '100' is set on object 'Object Repository/HealthpostToCms/Page_HealthPost Store/input_txttreat'

2018-06-10 18:54:14 - [TEST_STEP][PASSED] - click: Object: 'Object Repository/HealthpostToCms/Page_HealthPost Store/button_Add' is clicked on

2018-06-10 18:54:14 - [MESSAGE][PASSED] - Object: 'Object Repository/HealthpostToCms/Page_HealthPost Store/button_Add' is clicked on

2018-06-10 18:54:14 - [TEST_STEP][PASSED] - delay: Delayed 1 second(s)

2018-06-10 18:54:15 - [MESSAGE][PASSED] - Delayed 1 second(s)

2018-06-10 18:54:15 - [TEST_STEP][PASSED] - selectOptionByIndex: All options with index in [1] are selected on object 'Object Repository/HealthpostToCms/Page_HealthPost Store/select_--Select--Schedule 1Inj'

2018-06-10 18:54:15 - [MESSAGE][PASSED] - All options with index in [1] are selected on object 'Object Repository/HealthpostToCms/Page_HealthPost Store/select_--Select--Schedule 1Inj'

2018-06-10 18:54:15 - [TEST_STEP][PASSED] - delay: Delayed 1 second(s)

2018-06-10 18:54:16 - [MESSAGE][PASSED] - Delayed 1 second(s)

2018-06-10 18:54:16 - [TEST_STEP][PASSED] - selectOptionByIndex: All options with index in [14] are selected on object 'Object Repository/HealthpostToCms/Page_HealthPost Store/select_--Select--Adernaline 0.'

2018-06-10 18:54:16 - [MESSAGE][PASSED] - All options with index in [14] are selected on object 'Object Repository/HealthpostToCms/Page_HealthPost Store/select_--Select--Adernaline 0.'

2018-06-10 18:54:16 - [TEST_STEP][PASSED] - setText: Text '100' is set on object 'Object Repository/HealthpostToCms/Page_HealthPost Store/input_txttreat'

2018-06-10 18:54:17 - [MESSAGE][PASSED] - Text '100' is set on object 'Object Repository/HealthpostToCms/Page_HealthPost Store/input_txttreat'

2018-06-10 18:54:17 - [TEST_STEP][PASSED] - click: Object: 'Object Repository/HealthpostToCms/Page_HealthPost Store/button_Add' is clicked on

2018-06-10 18:54:17 - [MESSAGE][PASSED] - Object: 'Object Repository/HealthpostToCms/Page_HealthPost Store/button_Add' is clicked on

2018-06-10 18:54:17 - [TEST_STEP][PASSED] - delay: Delayed 1 second(s)

2018-06-10 18:54:18 - [MESSAGE][PASSED] - Delayed 1 second(s)

2018-06-10 18:54:18 - [TEST_STEP][PASSED] - selectOptionByIndex: All options with index in [1] are selected on object 'Object Repository/HealthpostToCms/Page_HealthPost Store/select_--Select--Schedule 1Inj'

2018-06-10 18:54:18 - [MESSAGE][PASSED] - All options with index in [1] are selected on object 'Object Repository/HealthpostToCms/Page_HealthPost Store/select_--Select--Schedule 1Inj'

2018-06-10 18:54:18 - [TEST_STEP][PASSED] - delay: Delayed 1 second(s)

2018-06-10 18:54:19 - [MESSAGE][PASSED] - Delayed 1 second(s)

2018-06-10 18:54:19 - [TEST_STEP][PASSED] - selectOptionByIndex: All options with index in [15] are selected on object 'Object Repository/HealthpostToCms/Page_HealthPost Store/select_--Select--Adernaline 0.'

2018-06-10 18:54:19 - [MESSAGE][PASSED] - All options with index in [15] are selected on object 'Object Repository/HealthpostToCms/Page_HealthPost Store/select_--Select--Adernaline 0.'

2018-06-10 18:54:19 - [TEST_STEP][PASSED] - setText: Text '100' is set on object 'Object Repository/HealthpostToCms/Page_HealthPost Store/input_txttreat'

2018-06-10 18:54:19 - [MESSAGE][PASSED] - Text '100' is set on object 'Object Repository/HealthpostToCms/Page_HealthPost Store/input_txttreat'

2018-06-10 18:54:19 - [TEST_STEP][PASSED] - click: Object: 'Object Repository/HealthpostToCms/Page_HealthPost Store/button_Add' is clicked on

2018-06-10 18:54:19 - [MESSAGE][PASSED] - Object: 'Object Repository/HealthpostToCms/Page_HealthPost Store/button_Add' is clicked on

2018-06-10 18:54:19 - [TEST_STEP][PASSED] - delay: Delayed 1 second(s)

2018-06-10 18:54:20 - [MESSAGE][PASSED] - Delayed 1 second(s)

2018-06-10 18:54:20 - [TEST_STEP][PASSED] - selectOptionByIndex: All options with index in [1] are selected on object 'Object Repository/HealthpostToCms/Page_HealthPost Store/select_--Select--Schedule 1Inj'

2018-06-10 18:54:20 - [MESSAGE][PASSED] - All options with index in [1] are selected on object 'Object Repository/HealthpostToCms/Page_HealthPost Store/select_--Select--Schedule 1Inj'

2018-06-10 18:54:20 - [TEST_STEP][PASSED] - delay: Delayed 1 second(s)

2018-06-10 18:54:21 - [MESSAGE][PASSED] - Delayed 1 second(s)

2018-06-10 18:54:21 - [TEST_STEP][PASSED] - selectOptionByIndex: All options with index in [16] are selected on object 'Object Repository/HealthpostToCms/Page_HealthPost Store/select_--Select--Adernaline 0.'

2018-06-10 18:54:22 - [MESSAGE][PASSED] - All options with index in [16] are selected on object 'Object Repository/HealthpostToCms/Page_HealthPost Store/select_--Select--Adernaline 0.'

2018-06-10 18:54:22 - [TEST_STEP][PASSED] - setText: Text '100' is set on object 'Object Repository/HealthpostToCms/Page_HealthPost Store/input_txttreat'

2018-06-10 18:54:22 - [MESSAGE][PASSED] - Text '100' is set on object 'Object Repository/HealthpostToCms/Page_HealthPost Store/input_txttreat'

2018-06-10 18:54:22 - [TEST_STEP][PASSED] - click: Object: 'Object Repository/HealthpostToCms/Page_HealthPost Store/button_Add' is clicked on

2018-06-10 18:54:22 - [MESSAGE][PASSED] - Object: 'Object Repository/HealthpostToCms/Page_HealthPost Store/button_Add' is clicked on

2018-06-10 18:54:22 - [TEST_STEP][PASSED] - delay: Delayed 1 second(s)

2018-06-10 18:54:23 - [MESSAGE][PASSED] - Delayed 1 second(s)

2018-06-10 18:54:23 - [TEST_STEP][PASSED] - selectOptionByIndex: All options with index in [1] are selected on object 'Object Repository/HealthpostToCms/Page_HealthPost Store/select_--Select--Schedule 1Inj'

2018-06-10 18:54:23 - [MESSAGE][PASSED] - All options with index in [1] are selected on object 'Object Repository/HealthpostToCms/Page_HealthPost Store/select_--Select--Schedule 1Inj'

2018-06-10 18:54:23 - [TEST_STEP][PASSED] - delay: Delayed 1 second(s)

2018-06-10 18:54:24 - [MESSAGE][PASSED] - Delayed 1 second(s)

2018-06-10 18:54:24 - [TEST_STEP][PASSED] - selectOptionByIndex: All options with index in [17] are selected on object 'Object Repository/HealthpostToCms/Page_HealthPost Store/select_--Select--Adernaline 0.'

2018-06-10 18:54:24 - [MESSAGE][PASSED] - All options with index in [17] are selected on object 'Object Repository/HealthpostToCms/Page_HealthPost Store/select_--Select--Adernaline 0.'

2018-06-10 18:54:24 - [TEST_STEP][PASSED] - setText: Text '100' is set on object 'Object Repository/HealthpostToCms/Page_HealthPost Store/input_txttreat'

2018-06-10 18:54:24 - [MESSAGE][PASSED] - Text '100' is set on object 'Object Repository/HealthpostToCms/Page_HealthPost Store/input_txttreat'

2018-06-10 18:54:24 - [TEST_STEP][PASSED] - click: Object: 'Object Repository/HealthpostToCms/Page_HealthPost Store/button_Add' is clicked on

2018-06-10 18:54:24 - [MESSAGE][PASSED] - Object: 'Object Repository/HealthpostToCms/Page_HealthPost Store/button_Add' is clicked on

2018-06-10 18:54:24 - [TEST_STEP][PASSED] - delay: Delayed 1 second(s)

2018-06-10 18:54:25 - [MESSAGE][PASSED] - Delayed 1 second(s)

2018-06-10 18:54:25 - [TEST_STEP][PASSED] - selectOptionByIndex: All options with index in [1] are selected on object 'Object Repository/HealthpostToCms/Page_HealthPost Store/select_--Select--Schedule 1Inj'

2018-06-10 18:54:26 - [MESSAGE][PASSED] - All options with index in [1] are selected on object 'Object Repository/HealthpostToCms/Page_HealthPost Store/select_--Select--Schedule 1Inj'

2018-06-10 18:54:26 - [TEST_STEP][PASSED] - delay: Delayed 1 second(s)

2018-06-10 18:54:27 - [MESSAGE][PASSED] - Delayed 1 second(s)

2018-06-10 18:54:27 - [TEST_STEP][PASSED] - selectOptionByIndex: All options with index in [18] are selected on object 'Object Repository/HealthpostToCms/Page_HealthPost Store/select_--Select--Adernaline 0.'

2018-06-10 18:54:27 - [MESSAGE][PASSED] - All options with index in [18] are selected on object 'Object Repository/HealthpostToCms/Page_HealthPost Store/select_--Select--Adernaline 0.'

2018-06-10 18:54:27 - [TEST_STEP][PASSED] - setText: Text '100' is set on object 'Object Repository/HealthpostToCms/Page_HealthPost Store/input_txttreat'

2018-06-10 18:54:27 - [MESSAGE][PASSED] - Text '100' is set on object 'Object Repository/HealthpostToCms/Page_HealthPost Store/input_txttreat'

2018-06-10 18:54:27 - [TEST_STEP][PASSED] - click: Object: 'Object Repository/HealthpostToCms/Page_HealthPost Store/button_Add' is clicked on

2018-06-10 18:54:27 - [MESSAGE][PASSED] - Object: 'Object Repository/HealthpostToCms/Page_HealthPost Store/button_Add' is clicked on

2018-06-10 18:54:27 - [TEST_STEP][PASSED] - delay: Delayed 1 second(s)

2018-06-10 18:54:28 - [MESSAGE][PASSED] - Delayed 1 second(s)

2018-06-10 18:54:28 - [TEST_STEP][PASSED] - selectOptionByIndex: All options with index in [1] are selected on object 'Object Repository/HealthpostToCms/Page_HealthPost Store/select_--Select--Schedule 1Inj'

2018-06-10 18:54:28 - [MESSAGE][PASSED] - All options with index in [1] are selected on object 'Object Repository/HealthpostToCms/Page_HealthPost Store/select_--Select--Schedule 1Inj'

2018-06-10 18:54:28 - [TEST_STEP][PASSED] - delay: Delayed 1 second(s)

2018-06-10 18:54:29 - [MESSAGE][PASSED] - Delayed 1 second(s)

2018-06-10 18:54:29 - [TEST_STEP][PASSED] - selectOptionByIndex: All options with index in [19] are selected on object 'Object Repository/HealthpostToCms/Page_HealthPost Store/select_--Select--Adernaline 0.'

2018-06-10 18:54:30 - [MESSAGE][PASSED] - All options with index in [19] are selected on object 'Object Repository/HealthpostToCms/Page_HealthPost Store/select_--Select--Adernaline 0.'

2018-06-10 18:54:30 - [TEST_STEP][PASSED] - setText: Text '100' is set on object 'Object Repository/HealthpostToCms/Page_HealthPost Store/input_txttreat'

2018-06-10 18:54:30 - [MESSAGE][PASSED] - Text '100' is set on object 'Object Repository/HealthpostToCms/Page_HealthPost Store/input_txttreat'

2018-06-10 18:54:30 - [TEST_STEP][PASSED] - click: Object: 'Object Repository/HealthpostToCms/Page_HealthPost Store/button_Add' is clicked on

2018-06-10 18:54:30 - [MESSAGE][PASSED] - Object: 'Object Repository/HealthpostToCms/Page_HealthPost Store/button_Add' is clicked on

2018-06-10 18:54:30 - [TEST_STEP][PASSED] - delay: Delayed 1 second(s)

2018-06-10 18:54:31 - [MESSAGE][PASSED] - Delayed 1 second(s)

2018-06-10 18:54:31 - [TEST_STEP][PASSED] - selectOptionByIndex: All options with index in [1] are selected on object 'Object Repository/HealthpostToCms/Page_HealthPost Store/select_--Select--Schedule 1Inj'

2018-06-10 18:54:31 - [MESSAGE][PASSED] - All options with index in [1] are selected on object 'Object Repository/HealthpostToCms/Page_HealthPost Store/select_--Select--Schedule 1Inj'

2018-06-10 18:54:31 - [TEST_STEP][PASSED] - delay: Delayed 1 second(s)

2018-06-10 18:54:32 - [MESSAGE][PASSED] - Delayed 1 second(s)

2018-06-10 18:54:32 - [TEST_STEP][PASSED] - selectOptionByIndex: All options with index in [20] are selected on object 'Object Repository/HealthpostToCms/Page_HealthPost Store/select_--Select--Adernaline 0.'

2018-06-10 18:54:32 - [MESSAGE][PASSED] - All options with index in [20] are selected on object 'Object Repository/HealthpostToCms/Page_HealthPost Store/select_--Select--Adernaline 0.'

2018-06-10 18:54:32 - [TEST_STEP][PASSED] - setText: Text '100' is set on object 'Object Repository/HealthpostToCms/Page_HealthPost Store/input_txttreat'

2018-06-10 18:54:32 - [MESSAGE][PASSED] - Text '100' is set on object 'Object Repository/HealthpostToCms/Page_HealthPost Store/input_txttreat'

2018-06-10 18:54:32 - [TEST_STEP][PASSED] - click: Object: 'Object Repository/HealthpostToCms/Page_HealthPost Store/button_Add' is clicked on

2018-06-10 18:54:32 - [MESSAGE][PASSED] - Object: 'Object Repository/HealthpostToCms/Page_HealthPost Store/button_Add' is clicked on

2018-06-10 18:54:32 - [TEST_STEP][PASSED] - delay: Delayed 1 second(s)

2018-06-10 18:54:33 - [MESSAGE][PASSED] - Delayed 1 second(s)

2018-06-10 18:54:33 - [TEST_STEP][PASSED] - selectOptionByIndex: All options with index in [1] are selected on object 'Object Repository/HealthpostToCms/Page_HealthPost Store/select_--Select--Schedule 1Inj'

2018-06-10 18:54:33 - [MESSAGE][PASSED] - All options with index in [1] are selected on object 'Object Repository/HealthpostToCms/Page_HealthPost Store/select_--Select--Schedule 1Inj'

2018-06-10 18:54:33 - [TEST_STEP][PASSED] - delay: Delayed 1 second(s)

2018-06-10 18:54:34 - [MESSAGE][PASSED] - Delayed 1 second(s)

2018-06-10 18:54:34 - [TEST_STEP][PASSED] - selectOptionByIndex: All options with index in [21] are selected on object 'Object Repository/HealthpostToCms/Page_HealthPost Store/select_--Select--Adernaline 0.'

2018-06-10 18:54:35 - [MESSAGE][PASSED] - All options with index in [21] are selected on object 'Object Repository/HealthpostToCms/Page_HealthPost Store/select_--Select--Adernaline 0.'

2018-06-10 18:54:35 - [TEST_STEP][PASSED] - setText: Text '100' is set on object 'Object Repository/HealthpostToCms/Page_HealthPost Store/input_txttreat'

2018-06-10 18:54:35 - [MESSAGE][PASSED] - Text '100' is set on object 'Object Repository/HealthpostToCms/Page_HealthPost Store/input_txttreat'

2018-06-10 18:54:35 - [TEST_STEP][PASSED] - click: Object: 'Object Repository/HealthpostToCms/Page_HealthPost Store/button_Add' is clicked on

2018-06-10 18:54:35 - [MESSAGE][PASSED] - Object: 'Object Repository/HealthpostToCms/Page_HealthPost Store/button_Add' is clicked on

2018-06-10 18:54:35 - [TEST_STEP][PASSED] - delay: Delayed 1 second(s)

2018-06-10 18:54:36 - [MESSAGE][PASSED] - Delayed 1 second(s)

2018-06-10 18:54:36 - [TEST_STEP][PASSED] - selectOptionByIndex: All options with index in [1] are selected on object 'Object Repository/HealthpostToCms/Page_HealthPost Store/select_--Select--Schedule 1Inj'

2018-06-10 18:54:36 - [MESSAGE][PASSED] - All options with index in [1] are selected on object 'Object Repository/HealthpostToCms/Page_HealthPost Store/select_--Select--Schedule 1Inj'

2018-06-10 18:54:36 - [TEST_STEP][PASSED] - delay: Delayed 1 second(s)

2018-06-10 18:54:37 - [MESSAGE][PASSED] - Delayed 1 second(s)

2018-06-10 18:54:37 - [TEST_STEP][PASSED] - selectOptionByIndex: All options with index in [22] are selected on object 'Object Repository/HealthpostToCms/Page_HealthPost Store/select_--Select--Adernaline 0.'

2018-06-10 18:54:37 - [MESSAGE][PASSED] - All options with index in [22] are selected on object 'Object Repository/HealthpostToCms/Page_HealthPost Store/select_--Select--Adernaline 0.'

2018-06-10 18:54:37 - [TEST_STEP][PASSED] - setText: Text '100' is set on object 'Object Repository/HealthpostToCms/Page_HealthPost Store/input_txttreat'

2018-06-10 18:54:38 - [MESSAGE][PASSED] - Text '100' is set on object 'Object Repository/HealthpostToCms/Page_HealthPost Store/input_txttreat'

2018-06-10 18:54:38 - [TEST_STEP][PASSED] - click: Object: 'Object Repository/HealthpostToCms/Page_HealthPost Store/button_Add' is clicked on

2018-06-10 18:54:38 - [MESSAGE][PASSED] - Object: 'Object Repository/HealthpostToCms/Page_HealthPost Store/button_Add' is clicked on

2018-06-10 18:54:38 - [TEST_STEP][PASSED] - delay: Delayed 1 second(s)

2018-06-10 18:54:39 - [MESSAGE][PASSED] - Delayed 1 second(s)

2018-06-10 18:54:39 - [TEST_STEP][PASSED] - selectOptionByIndex: All options with index in [1] are selected on object 'Object Repository/HealthpostToCms/Page_HealthPost Store/select_--Select--Schedule 1Inj'

2018-06-10 18:54:39 - [MESSAGE][PASSED] - All options with index in [1] are selected on object 'Object Repository/HealthpostToCms/Page_HealthPost Store/select_--Select--Schedule 1Inj'

2018-06-10 18:54:39 - [TEST_STEP][PASSED] - delay: Delayed 1 second(s)

2018-06-10 18:54:40 - [MESSAGE][PASSED] - Delayed 1 second(s)

2018-06-10 18:54:40 - [TEST_STEP][PASSED] - selectOptionByIndex: All options with index in [23] are selected on object 'Object Repository/HealthpostToCms/Page_HealthPost Store/select_--Select--Adernaline 0.'

2018-06-10 18:54:40 - [MESSAGE][PASSED] - All options with index in [23] are selected on object 'Object Repository/HealthpostToCms/Page_HealthPost Store/select_--Select--Adernaline 0.'

2018-06-10 18:54:40 - [TEST_STEP][PASSED] - setText: Text '100' is set on object 'Object Repository/HealthpostToCms/Page_HealthPost Store/input_txttreat'

2018-06-10 18:54:40 - [MESSAGE][PASSED] - Text '100' is set on object 'Object Repository/HealthpostToCms/Page_HealthPost Store/input_txttreat'

2018-06-10 18:54:40 - [TEST_STEP][PASSED] - click: Object: 'Object Repository/HealthpostToCms/Page_HealthPost Store/button_Add' is clicked on

2018-06-10 18:54:40 - [MESSAGE][PASSED] - Object: 'Object Repository/HealthpostToCms/Page_HealthPost Store/button_Add' is clicked on

2018-06-10 18:54:40 - [TEST_STEP][PASSED] - delay: Delayed 1 second(s)

2018-06-10 18:54:41 - [MESSAGE][PASSED] - Delayed 1 second(s)

2018-06-10 18:54:41 - [TEST_STEP][PASSED] - selectOptionByIndex: All options with index in [1] are selected on object 'Object Repository/HealthpostToCms/Page_HealthPost Store/select_--Select--Schedule 1Inj'

2018-06-10 18:54:41 - [MESSAGE][PASSED] - All options with index in [1] are selected on object 'Object Repository/HealthpostToCms/Page_HealthPost Store/select_--Select--Schedule 1Inj'

2018-06-10 18:54:41 - [TEST_STEP][PASSED] - delay: Delayed 1 second(s)

2018-06-10 18:54:42 - [MESSAGE][PASSED] - Delayed 1 second(s)

2018-06-10 18:54:42 - [TEST_STEP][PASSED] - selectOptionByIndex: All options with index in [24] are selected on object 'Object Repository/HealthpostToCms/Page_HealthPost Store/select_--Select--Adernaline 0.'

2018-06-10 18:54:43 - [MESSAGE][PASSED] - All options with index in [24] are selected on object 'Object Repository/HealthpostToCms/Page_HealthPost Store/select_--Select--Adernaline 0.'

2018-06-10 18:54:43 - [TEST_STEP][PASSED] - setText: Text '100' is set on object 'Object Repository/HealthpostToCms/Page_HealthPost Store/input_txttreat'

2018-06-10 18:54:43 - [MESSAGE][PASSED] - Text '100' is set on object 'Object Repository/HealthpostToCms/Page_HealthPost Store/input_txttreat'

2018-06-10 18:54:43 - [TEST_STEP][PASSED] - click: Object: 'Object Repository/HealthpostToCms/Page_HealthPost Store/button_Add' is clicked on

2018-06-10 18:54:43 - [MESSAGE][PASSED] - Object: 'Object Repository/HealthpostToCms/Page_HealthPost Store/button_Add' is clicked on

2018-06-10 18:54:43 - [TEST_STEP][PASSED] - delay: Delayed 1 second(s)

2018-06-10 18:54:44 - [MESSAGE][PASSED] - Delayed 1 second(s)

2018-06-10 18:54:44 - [TEST_STEP][PASSED] - selectOptionByIndex: All options with index in [1] are selected on object 'Object Repository/HealthpostToCms/Page_HealthPost Store/select_--Select--Schedule 1Inj'

2018-06-10 18:54:44 - [MESSAGE][PASSED] - All options with index in [1] are selected on object 'Object Repository/HealthpostToCms/Page_HealthPost Store/select_--Select--Schedule 1Inj'

2018-06-10 18:54:44 - [TEST_STEP][PASSED] - delay: Delayed 1 second(s)

2018-06-10 18:54:45 - [MESSAGE][PASSED] - Delayed 1 second(s)

2018-06-10 18:54:45 - [TEST_STEP][PASSED] - selectOptionByIndex: All options with index in [25] are selected on object 'Object Repository/HealthpostToCms/Page_HealthPost Store/select_--Select--Adernaline 0.'

2018-06-10 18:54:46 - [MESSAGE][PASSED] - All options with index in [25] are selected on object 'Object Repository/HealthpostToCms/Page_HealthPost Store/select_--Select--Adernaline 0.'

2018-06-10 18:54:46 - [TEST_STEP][PASSED] - setText: Text '100' is set on object 'Object Repository/HealthpostToCms/Page_HealthPost Store/input_txttreat'

2018-06-10 18:54:46 - [MESSAGE][PASSED] - Text '100' is set on object 'Object Repository/HealthpostToCms/Page_HealthPost Store/input_txttreat'

2018-06-10 18:54:46 - [TEST_STEP][PASSED] - click: Object: 'Object Repository/HealthpostToCms/Page_HealthPost Store/button_Add' is clicked on

2018-06-10 18:54:46 - [MESSAGE][PASSED] - Object: 'Object Repository/HealthpostToCms/Page_HealthPost Store/button_Add' is clicked on

2018-06-10 18:54:46 - [TEST_STEP][PASSED] - delay: Delayed 1 second(s)

2018-06-10 18:54:47 - [MESSAGE][PASSED] - Delayed 1 second(s)

2018-06-10 18:54:47 - [TEST_STEP][PASSED] - selectOptionByIndex: All options with index in [1] are selected on object 'Object Repository/HealthpostToCms/Page_HealthPost Store/select_--Select--Schedule 1Inj'

2018-06-10 18:54:47 - [MESSAGE][PASSED] - All options with index in [1] are selected on object 'Object Repository/HealthpostToCms/Page_HealthPost Store/select_--Select--Schedule 1Inj'

2018-06-10 18:54:47 - [TEST_STEP][PASSED] - delay: Delayed 1 second(s)

2018-06-10 18:54:48 - [MESSAGE][PASSED] - Delayed 1 second(s)

2018-06-10 18:54:48 - [TEST_STEP][PASSED] - selectOptionByIndex: All options with index in [26] are selected on object 'Object Repository/HealthpostToCms/Page_HealthPost Store/select_--Select--Adernaline 0.'

2018-06-10 18:54:48 - [MESSAGE][PASSED] - All options with index in [26] are selected on object 'Object Repository/HealthpostToCms/Page_HealthPost Store/select_--Select--Adernaline 0.'

2018-06-10 18:54:48 - [TEST_STEP][PASSED] - setText: Text '100' is set on object 'Object Repository/HealthpostToCms/Page_HealthPost Store/input_txttreat'

2018-06-10 18:54:48 - [MESSAGE][PASSED] - Text '100' is set on object 'Object Repository/HealthpostToCms/Page_HealthPost Store/input_txttreat'

2018-06-10 18:54:48 - [TEST_STEP][PASSED] - click: Object: 'Object Repository/HealthpostToCms/Page_HealthPost Store/button_Add' is clicked on

2018-06-10 18:54:48 - [MESSAGE][PASSED] - Object: 'Object Repository/HealthpostToCms/Page_HealthPost Store/button_Add' is clicked on

2018-06-10 18:54:48 - [TEST_STEP][PASSED] - delay: Delayed 1 second(s)

2018-06-10 18:54:49 - [MESSAGE][PASSED] - Delayed 1 second(s)

2018-06-10 18:54:49 - [TEST_STEP][PASSED] - selectOptionByIndex: All options with index in [1] are selected on object 'Object Repository/HealthpostToCms/Page_HealthPost Store/select_--Select--Schedule 1Inj'

2018-06-10 18:54:50 - [MESSAGE][PASSED] - All options with index in [1] are selected on object 'Object Repository/HealthpostToCms/Page_HealthPost Store/select_--Select--Schedule 1Inj'

2018-06-10 18:54:50 - [TEST_STEP][PASSED] - delay: Delayed 1 second(s)

2018-06-10 18:54:51 - [MESSAGE][PASSED] - Delayed 1 second(s)

2018-06-10 18:54:51 - [TEST_STEP][PASSED] - selectOptionByIndex: All options with index in [27] are selected on object 'Object Repository/HealthpostToCms/Page_HealthPost Store/select_--Select--Adernaline 0.'

2018-06-10 18:54:51 - [MESSAGE][PASSED] - All options with index in [27] are selected on object 'Object Repository/HealthpostToCms/Page_HealthPost Store/select_--Select--Adernaline 0.'

2018-06-10 18:54:51 - [TEST_STEP][PASSED] - setText: Text '100' is set on object 'Object Repository/HealthpostToCms/Page_HealthPost Store/input_txttreat'

2018-06-10 18:54:51 - [MESSAGE][PASSED] - Text '100' is set on object 'Object Repository/HealthpostToCms/Page_HealthPost Store/input_txttreat'

2018-06-10 18:54:51 - [TEST_STEP][PASSED] - click: Object: 'Object Repository/HealthpostToCms/Page_HealthPost Store/button_Add' is clicked on

2018-06-10 18:54:51 - [MESSAGE][PASSED] - Object: 'Object Repository/HealthpostToCms/Page_HealthPost Store/button_Add' is clicked on

2018-06-10 18:54:51 - [TEST_STEP][PASSED] - delay: Delayed 1 second(s)

2018-06-10 18:54:52 - [MESSAGE][PASSED] - Delayed 1 second(s)

2018-06-10 18:54:52 - [TEST_STEP][PASSED] - selectOptionByIndex: All options with index in [1] are selected on object 'Object Repository/HealthpostToCms/Page_HealthPost Store/select_--Select--Schedule 1Inj'

2018-06-10 18:54:52 - [MESSAGE][PASSED] - All options with index in [1] are selected on object 'Object Repository/HealthpostToCms/Page_HealthPost Store/select_--Select--Schedule 1Inj'

2018-06-10 18:54:52 - [TEST_STEP][PASSED] - delay: Delayed 1 second(s)

2018-06-10 18:54:53 - [MESSAGE][PASSED] - Delayed 1 second(s)

2018-06-10 18:54:53 - [TEST_STEP][PASSED] - selectOptionByIndex: All options with index in [28] are selected on object 'Object Repository/HealthpostToCms/Page_HealthPost Store/select_--Select--Adernaline 0.'

2018-06-10 18:54:54 - [MESSAGE][PASSED] - All options with index in [28] are selected on object 'Object Repository/HealthpostToCms/Page_HealthPost Store/select_--Select--Adernaline 0.'

2018-06-10 18:54:54 - [TEST_STEP][PASSED] - setText: Text '100' is set on object 'Object Repository/HealthpostToCms/Page_HealthPost Store/input_txttreat'

2018-06-10 18:54:54 - [MESSAGE][PASSED] - Text '100' is set on object 'Object Repository/HealthpostToCms/Page_HealthPost Store/input_txttreat'

2018-06-10 18:54:54 - [TEST_STEP][PASSED] - click: Object: 'Object Repository/HealthpostToCms/Page_HealthPost Store/button_Add' is clicked on

2018-06-10 18:54:54 - [MESSAGE][PASSED] - Object: 'Object Repository/HealthpostToCms/Page_HealthPost Store/button_Add' is clicked on

2018-06-10 18:54:54 - [TEST_STEP][PASSED] - delay: Delayed 1 second(s)

2018-06-10 18:54:55 - [MESSAGE][PASSED] - Delayed 1 second(s)

2018-06-10 18:54:55 - [TEST_STEP][PASSED] - selectOptionByIndex: All options with index in [1] are selected on object 'Object Repository/HealthpostToCms/Page_HealthPost Store/select_--Select--Schedule 1Inj'

2018-06-10 18:54:55 - [MESSAGE][PASSED] - All options with index in [1] are selected on object 'Object Repository/HealthpostToCms/Page_HealthPost Store/select_--Select--Schedule 1Inj'

2018-06-10 18:54:55 - [TEST_STEP][PASSED] - delay: Delayed 1 second(s)

2018-06-10 18:54:56 - [MESSAGE][PASSED] - Delayed 1 second(s)

2018-06-10 18:54:56 - [TEST_STEP][PASSED] - selectOptionByIndex: All options with index in [29] are selected on object 'Object Repository/HealthpostToCms/Page_HealthPost Store/select_--Select--Adernaline 0.'

2018-06-10 18:54:56 - [MESSAGE][PASSED] - All options with index in [29] are selected on object 'Object Repository/HealthpostToCms/Page_HealthPost Store/select_--Select--Adernaline 0.'

2018-06-10 18:54:56 - [TEST_STEP][PASSED] - setText: Text '100' is set on object 'Object Repository/HealthpostToCms/Page_HealthPost Store/input_txttreat'

2018-06-10 18:54:57 - [MESSAGE][PASSED] - Text '100' is set on object 'Object Repository/HealthpostToCms/Page_HealthPost Store/input_txttreat'

2018-06-10 18:54:57 - [TEST_STEP][PASSED] - click: Object: 'Object Repository/HealthpostToCms/Page_HealthPost Store/button_Add' is clicked on

2018-06-10 18:54:57 - [MESSAGE][PASSED] - Object: 'Object Repository/HealthpostToCms/Page_HealthPost Store/button_Add' is clicked on

2018-06-10 18:54:57 - [TEST_STEP][PASSED] - delay: Delayed 1 second(s)

2018-06-10 18:54:58 - [MESSAGE][PASSED] - Delayed 1 second(s)

2018-06-10 18:54:58 - [TEST_STEP][PASSED] - selectOptionByIndex: All options with index in [1] are selected on object 'Object Repository/HealthpostToCms/Page_HealthPost Store/select_--Select--Schedule 1Inj'

2018-06-10 18:54:58 - [MESSAGE][PASSED] - All options with index in [1] are selected on object 'Object Repository/HealthpostToCms/Page_HealthPost Store/select_--Select--Schedule 1Inj'

2018-06-10 18:54:58 - [TEST_STEP][PASSED] - delay: Delayed 1 second(s)

2018-06-10 18:54:59 - [MESSAGE][PASSED] - Delayed 1 second(s)

2018-06-10 18:54:59 - [TEST_STEP][PASSED] - selectOptionByIndex: All options with index in [30] are selected on object 'Object Repository/HealthpostToCms/Page_HealthPost Store/select_--Select--Adernaline 0.'

2018-06-10 18:54:59 - [MESSAGE][PASSED] - All options with index in [30] are selected on object 'Object Repository/HealthpostToCms/Page_HealthPost Store/select_--Select--Adernaline 0.'

2018-06-10 18:54:59 - [TEST_STEP][PASSED] - setText: Text '100' is set on object 'Object Repository/HealthpostToCms/Page_HealthPost Store/input_txttreat'

2018-06-10 18:54:59 - [MESSAGE][PASSED] - Text '100' is set on object 'Object Repository/HealthpostToCms/Page_HealthPost Store/input_txttreat'

2018-06-10 18:54:59 - [TEST_STEP][PASSED] - click: Object: 'Object Repository/HealthpostToCms/Page_HealthPost Store/button_Add' is clicked on

2018-06-10 18:54:59 - [MESSAGE][PASSED] - Object: 'Object Repository/HealthpostToCms/Page_HealthPost Store/button_Add' is clicked on

2018-06-10 18:54:59 - [TEST_STEP][PASSED] - delay: Delayed 1 second(s)

2018-06-10 18:55:00 - [MESSAGE][PASSED] - Delayed 1 second(s)

2018-06-10 18:55:00 - [TEST_STEP][PASSED] - selectOptionByIndex: All options with index in [1] are selected on object 'Object Repository/HealthpostToCms/Page_HealthPost Store/select_--Select--Schedule 1Inj'

2018-06-10 18:55:01 - [MESSAGE][PASSED] - All options with index in [1] are selected on object 'Object Repository/HealthpostToCms/Page_HealthPost Store/select_--Select--Schedule 1Inj'

2018-06-10 18:55:01 - [TEST_STEP][PASSED] - delay: Delayed 1 second(s)

2018-06-10 18:55:02 - [MESSAGE][PASSED] - Delayed 1 second(s)

2018-06-10 18:55:02 - [TEST_STEP][PASSED] - selectOptionByIndex: All options with index in [31] are selected on object 'Object Repository/HealthpostToCms/Page_HealthPost Store/select_--Select--Adernaline 0.'

2018-06-10 18:55:02 - [MESSAGE][PASSED] - All options with index in [31] are selected on object 'Object Repository/HealthpostToCms/Page_HealthPost Store/select_--Select--Adernaline 0.'

2018-06-10 18:55:02 - [TEST_STEP][PASSED] - setText: Text '100' is set on object 'Object Repository/HealthpostToCms/Page_HealthPost Store/input_txttreat'

2018-06-10 18:55:02 - [MESSAGE][PASSED] - Text '100' is set on object 'Object Repository/HealthpostToCms/Page_HealthPost Store/input_txttreat'

2018-06-10 18:55:02 - [TEST_STEP][PASSED] - click: Object: 'Object Repository/HealthpostToCms/Page_HealthPost Store/button_Add' is clicked on

2018-06-10 18:55:02 - [MESSAGE][PASSED] - Object: 'Object Repository/HealthpostToCms/Page_HealthPost Store/button_Add' is clicked on

2018-06-10 18:55:02 - [TEST_STEP][PASSED] - delay: Delayed 1 second(s)

2018-06-10 18:55:03 - [MESSAGE][PASSED] - Delayed 1 second(s)

2018-06-10 18:55:03 - [TEST_STEP][PASSED] - selectOptionByIndex: All options with index in [1] are selected on object 'Object Repository/HealthpostToCms/Page_HealthPost Store/select_--Select--Schedule 1Inj'

2018-06-10 18:55:03 - [MESSAGE][PASSED] - All options with index in [1] are selected on object 'Object Repository/HealthpostToCms/Page_HealthPost Store/select_--Select--Schedule 1Inj'

2018-06-10 18:55:03 - [TEST_STEP][PASSED] - delay: Delayed 1 second(s)

2018-06-10 18:55:04 - [MESSAGE][PASSED] - Delayed 1 second(s)

2018-06-10 18:55:04 - [TEST_STEP][PASSED] - selectOptionByIndex: All options with index in [32] are selected on object 'Object Repository/HealthpostToCms/Page_HealthPost Store/select_--Select--Adernaline 0.'

2018-06-10 18:55:05 - [MESSAGE][PASSED] - All options with index in [32] are selected on object 'Object Repository/HealthpostToCms/Page_HealthPost Store/select_--Select--Adernaline 0.'

2018-06-10 18:55:05 - [TEST_STEP][PASSED] - setText: Text '100' is set on object 'Object Repository/HealthpostToCms/Page_HealthPost Store/input_txttreat'

2018-06-10 18:55:05 - [MESSAGE][PASSED] - Text '100' is set on object 'Object Repository/HealthpostToCms/Page_HealthPost Store/input_txttreat'

2018-06-10 18:55:05 - [TEST_STEP][PASSED] - click: Object: 'Object Repository/HealthpostToCms/Page_HealthPost Store/button_Add' is clicked on

2018-06-10 18:55:05 - [MESSAGE][PASSED] - Object: 'Object Repository/HealthpostToCms/Page_HealthPost Store/button_Add' is clicked on

2018-06-10 18:55:05 - [TEST_STEP][PASSED] - delay: Delayed 1 second(s)

2018-06-10 18:55:06 - [MESSAGE][PASSED] - Delayed 1 second(s)

2018-06-10 18:55:06 - [TEST_STEP][PASSED] - selectOptionByIndex: All options with index in [1] are selected on object 'Object Repository/HealthpostToCms/Page_HealthPost Store/select_--Select--Schedule 1Inj'

2018-06-10 18:55:06 - [MESSAGE][PASSED] - All options with index in [1] are selected on object 'Object Repository/HealthpostToCms/Page_HealthPost Store/select_--Select--Schedule 1Inj'

2018-06-10 18:55:06 - [TEST_STEP][PASSED] - delay: Delayed 1 second(s)

2018-06-10 18:55:07 - [MESSAGE][PASSED] - Delayed 1 second(s)

2018-06-10 18:55:07 - [TEST_STEP][PASSED] - selectOptionByIndex: All options with index in [33] are selected on object 'Object Repository/HealthpostToCms/Page_HealthPost Store/select_--Select--Adernaline 0.'

2018-06-10 18:55:08 - [MESSAGE][PASSED] - All options with index in [33] are selected on object 'Object Repository/HealthpostToCms/Page_HealthPost Store/select_--Select--Adernaline 0.'

2018-06-10 18:55:08 - [TEST_STEP][PASSED] - setText: Text '100' is set on object 'Object Repository/HealthpostToCms/Page_HealthPost Store/input_txttreat'

2018-06-10 18:55:08 - [MESSAGE][PASSED] - Text '100' is set on object 'Object Repository/HealthpostToCms/Page_HealthPost Store/input_txttreat'

2018-06-10 18:55:08 - [TEST_STEP][PASSED] - click: Object: 'Object Repository/HealthpostToCms/Page_HealthPost Store/button_Add' is clicked on

2018-06-10 18:55:08 - [MESSAGE][PASSED] - Object: 'Object Repository/HealthpostToCms/Page_HealthPost Store/button_Add' is clicked on

2018-06-10 18:55:08 - [TEST_STEP][PASSED] - delay: Delayed 1 second(s)

2018-06-10 18:55:09 - [MESSAGE][PASSED] - Delayed 1 second(s)

2018-06-10 18:55:09 - [TEST_STEP][PASSED] - selectOptionByIndex: All options with index in [1] are selected on object 'Object Repository/HealthpostToCms/Page_HealthPost Store/select_--Select--Schedule 1Inj'

2018-06-10 18:55:09 - [MESSAGE][PASSED] - All options with index in [1] are selected on object 'Object Repository/HealthpostToCms/Page_HealthPost Store/select_--Select--Schedule 1Inj'

2018-06-10 18:55:09 - [TEST_STEP][PASSED] - delay: Delayed 1 second(s)

2018-06-10 18:55:10 - [MESSAGE][PASSED] - Delayed 1 second(s)

2018-06-10 18:55:10 - [TEST_STEP][PASSED] - selectOptionByIndex: All options with index in [34] are selected on object 'Object Repository/HealthpostToCms/Page_HealthPost Store/select_--Select--Adernaline 0.'

2018-06-10 18:55:10 - [MESSAGE][PASSED] - All options with index in [34] are selected on object 'Object Repository/HealthpostToCms/Page_HealthPost Store/select_--Select--Adernaline 0.'

2018-06-10 18:55:10 - [TEST_STEP][PASSED] - setText: Text '100' is set on object 'Object Repository/HealthpostToCms/Page_HealthPost Store/input_txttreat'

2018-06-10 18:55:10 - [MESSAGE][PASSED] - Text '100' is set on object 'Object Repository/HealthpostToCms/Page_HealthPost Store/input_txttreat'

2018-06-10 18:55:10 - [TEST_STEP][PASSED] - click: Object: 'Object Repository/HealthpostToCms/Page_HealthPost Store/button_Add' is clicked on

2018-06-10 18:55:11 - [MESSAGE][PASSED] - Object: 'Object Repository/HealthpostToCms/Page_HealthPost Store/button_Add' is clicked on

2018-06-10 18:55:11 - [TEST_STEP][PASSED] - delay: Delayed 1 second(s)

2018-06-10 18:55:12 - [MESSAGE][PASSED] - Delayed 1 second(s)

2018-06-10 18:55:12 - [TEST_STEP][PASSED] - selectOptionByIndex: All options with index in [1] are selected on object 'Object Repository/HealthpostToCms/Page_HealthPost Store/select_--Select--Schedule 1Inj'

2018-06-10 18:55:12 - [MESSAGE][PASSED] - All options with index in [1] are selected on object 'Object Repository/HealthpostToCms/Page_HealthPost Store/select_--Select--Schedule 1Inj'

2018-06-10 18:55:12 - [TEST_STEP][PASSED] - delay: Delayed 1 second(s)

2018-06-10 18:55:13 - [MESSAGE][PASSED] - Delayed 1 second(s)

2018-06-10 18:55:13 - [TEST_STEP][PASSED] - selectOptionByIndex: All options with index in [35] are selected on object 'Object Repository/HealthpostToCms/Page_HealthPost Store/select_--Select--Adernaline 0.'

2018-06-10 18:55:13 - [MESSAGE][PASSED] - All options with index in [35] are selected on object 'Object Repository/HealthpostToCms/Page_HealthPost Store/select_--Select--Adernaline 0.'

2018-06-10 18:55:13 - [TEST_STEP][PASSED] - setText: Text '100' is set on object 'Object Repository/HealthpostToCms/Page_HealthPost Store/input_txttreat'

2018-06-10 18:55:13 - [MESSAGE][PASSED] - Text '100' is set on object 'Object Repository/HealthpostToCms/Page_HealthPost Store/input_txttreat'

2018-06-10 18:55:13 - [TEST_STEP][PASSED] - click: Object: 'Object Repository/HealthpostToCms/Page_HealthPost Store/button_Add' is clicked on

2018-06-10 18:55:13 - [MESSAGE][PASSED] - Object: 'Object Repository/HealthpostToCms/Page_HealthPost Store/button_Add' is clicked on

2018-06-10 18:55:13 - [TEST_STEP][PASSED] - delay: Delayed 1 second(s)

2018-06-10 18:55:14 - [MESSAGE][PASSED] - Delayed 1 second(s)

2018-06-10 18:55:14 - [TEST_STEP][PASSED] - selectOptionByIndex: All options with index in [1] are selected on object 'Object Repository/HealthpostToCms/Page_HealthPost Store/select_--Select--Schedule 1Inj'

2018-06-10 18:55:15 - [MESSAGE][PASSED] - All options with index in [1] are selected on object 'Object Repository/HealthpostToCms/Page_HealthPost Store/select_--Select--Schedule 1Inj'

2018-06-10 18:55:15 - [TEST_STEP][PASSED] - delay: Delayed 1 second(s)

2018-06-10 18:55:16 - [MESSAGE][PASSED] - Delayed 1 second(s)

2018-06-10 18:55:16 - [TEST_STEP][PASSED] - selectOptionByIndex: All options with index in [36] are selected on object 'Object Repository/HealthpostToCms/Page_HealthPost Store/select_--Select--Adernaline 0.'

2018-06-10 18:55:16 - [MESSAGE][PASSED] - All options with index in [36] are selected on object 'Object Repository/HealthpostToCms/Page_HealthPost Store/select_--Select--Adernaline 0.'

2018-06-10 18:55:16 - [TEST_STEP][PASSED] - setText: Text '100' is set on object 'Object Repository/HealthpostToCms/Page_HealthPost Store/input_txttreat'

2018-06-10 18:55:16 - [MESSAGE][PASSED] - Text '100' is set on object 'Object Repository/HealthpostToCms/Page_HealthPost Store/input_txttreat'

2018-06-10 18:55:16 - [TEST_STEP][PASSED] - click: Object: 'Object Repository/HealthpostToCms/Page_HealthPost Store/button_Add' is clicked on

2018-06-10 18:55:16 - [MESSAGE][PASSED] - Object: 'Object Repository/HealthpostToCms/Page_HealthPost Store/button_Add' is clicked on

2018-06-10 18:55:16 - [TEST_STEP][PASSED] - delay: Delayed 1 second(s)

2018-06-10 18:55:17 - [MESSAGE][PASSED] - Delayed 1 second(s)

2018-06-10 18:55:17 - [TEST_STEP][PASSED] - selectOptionByIndex: All options with index in [1] are selected on object 'Object Repository/HealthpostToCms/Page_HealthPost Store/select_--Select--Schedule 1Inj'

2018-06-10 18:55:17 - [MESSAGE][PASSED] - All options with index in [1] are selected on object 'Object Repository/HealthpostToCms/Page_HealthPost Store/select_--Select--Schedule 1Inj'

2018-06-10 18:55:17 - [TEST_STEP][PASSED] - delay: Delayed 1 second(s)

2018-06-10 18:55:18 - [MESSAGE][PASSED] - Delayed 1 second(s)

2018-06-10 18:55:18 - [TEST_STEP][PASSED] - selectOptionByIndex: All options with index in [37] are selected on object 'Object Repository/HealthpostToCms/Page_HealthPost Store/select_--Select--Adernaline 0.'

2018-06-10 18:55:19 - [MESSAGE][PASSED] - All options with index in [37] are selected on object 'Object Repository/HealthpostToCms/Page_HealthPost Store/select_--Select--Adernaline 0.'

2018-06-10 18:55:19 - [TEST_STEP][PASSED] - setText: Text '100' is set on object 'Object Repository/HealthpostToCms/Page_HealthPost Store/input_txttreat'

2018-06-10 18:55:19 - [MESSAGE][PASSED] - Text '100' is set on object 'Object Repository/HealthpostToCms/Page_HealthPost Store/input_txttreat'

2018-06-10 18:55:19 - [TEST_STEP][PASSED] - click: Object: 'Object Repository/HealthpostToCms/Page_HealthPost Store/button_Add' is clicked on

2018-06-10 18:55:19 - [MESSAGE][PASSED] - Object: 'Object Repository/HealthpostToCms/Page_HealthPost Store/button_Add' is clicked on

2018-06-10 18:55:19 - [TEST_STEP][PASSED] - delay: Delayed 1 second(s)

2018-06-10 18:55:20 - [MESSAGE][PASSED] - Delayed 1 second(s)

2018-06-10 18:55:20 - [TEST_STEP][PASSED] - selectOptionByIndex: All options with index in [1] are selected on object 'Object Repository/HealthpostToCms/Page_HealthPost Store/select_--Select--Schedule 1Inj'

2018-06-10 18:55:20 - [MESSAGE][PASSED] - All options with index in [1] are selected on object 'Object Repository/HealthpostToCms/Page_HealthPost Store/select_--Select--Schedule 1Inj'

2018-06-10 18:55:20 - [TEST_STEP][PASSED] - delay: Delayed 1 second(s)

2018-06-10 18:55:21 - [MESSAGE][PASSED] - Delayed 1 second(s)

2018-06-10 18:55:21 - [TEST_STEP][PASSED] - selectOptionByIndex: All options with index in [38] are selected on object 'Object Repository/HealthpostToCms/Page_HealthPost Store/select_--Select--Adernaline 0.'

2018-06-10 18:55:22 - [MESSAGE][PASSED] - All options with index in [38] are selected on object 'Object Repository/HealthpostToCms/Page_HealthPost Store/select_--Select--Adernaline 0.'

2018-06-10 18:55:22 - [TEST_STEP][PASSED] - setText: Text '100' is set on object 'Object Repository/HealthpostToCms/Page_HealthPost Store/input_txttreat'

2018-06-10 18:55:22 - [MESSAGE][PASSED] - Text '100' is set on object 'Object Repository/HealthpostToCms/Page_HealthPost Store/input_txttreat'

2018-06-10 18:55:22 - [TEST_STEP][PASSED] - click: Object: 'Object Repository/HealthpostToCms/Page_HealthPost Store/button_Add' is clicked on

2018-06-10 18:55:22 - [MESSAGE][PASSED] - Object: 'Object Repository/HealthpostToCms/Page_HealthPost Store/button_Add' is clicked on

2018-06-10 18:55:22 - [TEST_STEP][PASSED] - delay: Delayed 1 second(s)

2018-06-10 18:55:23 - [MESSAGE][PASSED] - Delayed 1 second(s)

2018-06-10 18:55:23 - [TEST_STEP][PASSED] - selectOptionByIndex: All options with index in [1] are selected on object 'Object Repository/HealthpostToCms/Page_HealthPost Store/select_--Select--Schedule 1Inj'

2018-06-10 18:55:23 - [MESSAGE][PASSED] - All options with index in [1] are selected on object 'Object Repository/HealthpostToCms/Page_HealthPost Store/select_--Select--Schedule 1Inj'

2018-06-10 18:55:23 - [TEST_STEP][PASSED] - delay: Delayed 1 second(s)

2018-06-10 18:55:24 - [MESSAGE][PASSED] - Delayed 1 second(s)

2018-06-10 18:55:24 - [TEST_STEP][PASSED] - selectOptionByIndex: All options with index in [39] are selected on object 'Object Repository/HealthpostToCms/Page_HealthPost Store/select_--Select--Adernaline 0.'

2018-06-10 18:55:25 - [MESSAGE][PASSED] - All options with index in [39] are selected on object 'Object Repository/HealthpostToCms/Page_HealthPost Store/select_--Select--Adernaline 0.'

2018-06-10 18:55:25 - [TEST_STEP][PASSED] - setText: Text '100' is set on object 'Object Repository/HealthpostToCms/Page_HealthPost Store/input_txttreat'

2018-06-10 18:55:25 - [MESSAGE][PASSED] - Text '100' is set on object 'Object Repository/HealthpostToCms/Page_HealthPost Store/input_txttreat'

2018-06-10 18:55:25 - [TEST_STEP][PASSED] - click: Object: 'Object Repository/HealthpostToCms/Page_HealthPost Store/button_Add' is clicked on

2018-06-10 18:55:25 - [MESSAGE][PASSED] - Object: 'Object Repository/HealthpostToCms/Page_HealthPost Store/button_Add' is clicked on

2018-06-10 18:55:25 - [TEST_STEP][PASSED] - delay: Delayed 1 second(s)

2018-06-10 18:55:26 - [MESSAGE][PASSED] - Delayed 1 second(s)

2018-06-10 18:55:26 - [TEST_STEP][PASSED] - selectOptionByIndex: All options with index in [1] are selected on object 'Object Repository/HealthpostToCms/Page_HealthPost Store/select_--Select--Schedule 1Inj'

2018-06-10 18:55:26 - [MESSAGE][PASSED] - All options with index in [1] are selected on object 'Object Repository/HealthpostToCms/Page_HealthPost Store/select_--Select--Schedule 1Inj'

2018-06-10 18:55:26 - [TEST_STEP][PASSED] - delay: Delayed 1 second(s)

2018-06-10 18:55:27 - [MESSAGE][PASSED] - Delayed 1 second(s)

2018-06-10 18:55:27 - [TEST_STEP][PASSED] - selectOptionByIndex: All options with index in [40] are selected on object 'Object Repository/HealthpostToCms/Page_HealthPost Store/select_--Select--Adernaline 0.'

2018-06-10 18:55:27 - [MESSAGE][PASSED] - All options with index in [40] are selected on object 'Object Repository/HealthpostToCms/Page_HealthPost Store/select_--Select--Adernaline 0.'

2018-06-10 18:55:27 - [TEST_STEP][PASSED] - setText: Text '100' is set on object 'Object Repository/HealthpostToCms/Page_HealthPost Store/input_txttreat'

2018-06-10 18:55:27 - [MESSAGE][PASSED] - Text '100' is set on object 'Object Repository/HealthpostToCms/Page_HealthPost Store/input_txttreat'

2018-06-10 18:55:27 - [TEST_STEP][PASSED] - click: Object: 'Object Repository/HealthpostToCms/Page_HealthPost Store/button_Add' is clicked on

2018-06-10 18:55:28 - [MESSAGE][PASSED] - Object: 'Object Repository/HealthpostToCms/Page_HealthPost Store/button_Add' is clicked on

2018-06-10 18:55:28 - [TEST_STEP][PASSED] - delay: Delayed 1 second(s)

2018-06-10 18:55:29 - [MESSAGE][PASSED] - Delayed 1 second(s)

2018-06-10 18:55:29 - [TEST_STEP][PASSED] - selectOptionByIndex: All options with index in [1] are selected on object 'Object Repository/HealthpostToCms/Page_HealthPost Store/select_--Select--Schedule 1Inj'

2018-06-10 18:55:29 - [MESSAGE][PASSED] - All options with index in [1] are selected on object 'Object Repository/HealthpostToCms/Page_HealthPost Store/select_--Select--Schedule 1Inj'

2018-06-10 18:55:29 - [TEST_STEP][PASSED] - delay: Delayed 1 second(s)

2018-06-10 18:55:30 - [MESSAGE][PASSED] - Delayed 1 second(s)

2018-06-10 18:55:30 - [TEST_STEP][PASSED] - selectOptionByIndex: All options with index in [41] are selected on object 'Object Repository/HealthpostToCms/Page_HealthPost Store/select_--Select--Adernaline 0.'

2018-06-10 18:55:30 - [MESSAGE][PASSED] - All options with index in [41] are selected on object 'Object Repository/HealthpostToCms/Page_HealthPost Store/select_--Select--Adernaline 0.'

2018-06-10 18:55:30 - [TEST_STEP][PASSED] - setText: Text '100' is set on object 'Object Repository/HealthpostToCms/Page_HealthPost Store/input_txttreat'

2018-06-10 18:55:30 - [MESSAGE][PASSED] - Text '100' is set on object 'Object Repository/HealthpostToCms/Page_HealthPost Store/input_txttreat'

2018-06-10 18:55:30 - [TEST_STEP][PASSED] - click: Object: 'Object Repository/HealthpostToCms/Page_HealthPost Store/button_Add' is clicked on

2018-06-10 18:55:30 - [MESSAGE][PASSED] - Object: 'Object Repository/HealthpostToCms/Page_HealthPost Store/button_Add' is clicked on

2018-06-10 18:55:30 - [TEST_STEP][PASSED] - delay: Delayed 1 second(s)

2018-06-10 18:55:31 - [MESSAGE][PASSED] - Delayed 1 second(s)

2018-06-10 18:55:31 - [TEST_STEP][PASSED] - selectOptionByIndex: All options with index in [1] are selected on object 'Object Repository/HealthpostToCms/Page_HealthPost Store/select_--Select--Schedule 1Inj'

2018-06-10 18:55:31 - [MESSAGE][PASSED] - All options with index in [1] are selected on object 'Object Repository/HealthpostToCms/Page_HealthPost Store/select_--Select--Schedule 1Inj'

2018-06-10 18:55:31 - [TEST_STEP][PASSED] - delay: Delayed 1 second(s)

2018-06-10 18:55:32 - [MESSAGE][PASSED] - Delayed 1 second(s)

2018-06-10 18:55:32 - [TEST_STEP][PASSED] - selectOptionByIndex: All options with index in [42] are selected on object 'Object Repository/HealthpostToCms/Page_HealthPost Store/select_--Select--Adernaline 0.'

2018-06-10 18:55:33 - [MESSAGE][PASSED] - All options with index in [42] are selected on object 'Object Repository/HealthpostToCms/Page_HealthPost Store/select_--Select--Adernaline 0.'

2018-06-10 18:55:33 - [TEST_STEP][PASSED] - setText: Text '100' is set on object 'Object Repository/HealthpostToCms/Page_HealthPost Store/input_txttreat'

2018-06-10 18:55:33 - [MESSAGE][PASSED] - Text '100' is set on object 'Object Repository/HealthpostToCms/Page_HealthPost Store/input_txttreat'

2018-06-10 18:55:33 - [TEST_STEP][PASSED] - click: Object: 'Object Repository/HealthpostToCms/Page_HealthPost Store/button_Add' is clicked on

2018-06-10 18:55:33 - [MESSAGE][PASSED] - Object: 'Object Repository/HealthpostToCms/Page_HealthPost Store/button_Add' is clicked on

2018-06-10 18:55:33 - [TEST_STEP][PASSED] - delay: Delayed 1 second(s)

2018-06-10 18:55:34 - [MESSAGE][PASSED] - Delayed 1 second(s)

2018-06-10 18:55:34 - [TEST_STEP][PASSED] - selectOptionByIndex: All options with index in [1] are selected on object 'Object Repository/HealthpostToCms/Page_HealthPost Store/select_--Select--Schedule 1Inj'

2018-06-10 18:55:34 - [MESSAGE][PASSED] - All options with index in [1] are selected on object 'Object Repository/HealthpostToCms/Page_HealthPost Store/select_--Select--Schedule 1Inj'

2018-06-10 18:55:34 - [TEST_STEP][PASSED] - delay: Delayed 1 second(s)

2018-06-10 18:55:35 - [MESSAGE][PASSED] - Delayed 1 second(s)

2018-06-10 18:55:35 - [TEST_STEP][PASSED] - selectOptionByIndex: All options with index in [43] are selected on object 'Object Repository/HealthpostToCms/Page_HealthPost Store/select_--Select--Adernaline 0.'

2018-06-10 18:55:36 - [MESSAGE][PASSED] - All options with index in [43] are selected on object 'Object Repository/HealthpostToCms/Page_HealthPost Store/select_--Select--Adernaline 0.'

2018-06-10 18:55:36 - [TEST_STEP][PASSED] - setText: Text '100' is set on object 'Object Repository/HealthpostToCms/Page_HealthPost Store/input_txttreat'

2018-06-10 18:55:36 - [MESSAGE][PASSED] - Text '100' is set on object 'Object Repository/HealthpostToCms/Page_HealthPost Store/input_txttreat'

2018-06-10 18:55:36 - [TEST_STEP][PASSED] - click: Object: 'Object Repository/HealthpostToCms/Page_HealthPost Store/button_Add' is clicked on

2018-06-10 18:55:36 - [MESSAGE][PASSED] - Object: 'Object Repository/HealthpostToCms/Page_HealthPost Store/button_Add' is clicked on

2018-06-10 18:55:36 - [TEST_STEP][PASSED] - delay: Delayed 1 second(s)

2018-06-10 18:55:37 - [MESSAGE][PASSED] - Delayed 1 second(s)

2018-06-10 18:55:37 - [TEST_STEP][PASSED] - selectOptionByIndex: All options with index in [1] are selected on object 'Object Repository/HealthpostToCms/Page_HealthPost Store/select_--Select--Schedule 1Inj'

2018-06-10 18:55:37 - [MESSAGE][PASSED] - All options with index in [1] are selected on object 'Object Repository/HealthpostToCms/Page_HealthPost Store/select_--Select--Schedule 1Inj'

2018-06-10 18:55:37 - [TEST_STEP][PASSED] - delay: Delayed 1 second(s)

2018-06-10 18:55:38 - [MESSAGE][PASSED] - Delayed 1 second(s)

2018-06-10 18:55:38 - [TEST_STEP][PASSED] - selectOptionByIndex: All options with index in [44] are selected on object 'Object Repository/HealthpostToCms/Page_HealthPost Store/select_--Select--Adernaline 0.'

2018-06-10 18:55:39 - [MESSAGE][PASSED] - All options with index in [44] are selected on object 'Object Repository/HealthpostToCms/Page_HealthPost Store/select_--Select--Adernaline 0.'

2018-06-10 18:55:39 - [TEST_STEP][PASSED] - setText: Text '100' is set on object 'Object Repository/HealthpostToCms/Page_HealthPost Store/input_txttreat'

2018-06-10 18:55:39 - [MESSAGE][PASSED] - Text '100' is set on object 'Object Repository/HealthpostToCms/Page_HealthPost Store/input_txttreat'

2018-06-10 18:55:39 - [TEST_STEP][PASSED] - click: Object: 'Object Repository/HealthpostToCms/Page_HealthPost Store/button_Add' is clicked on

2018-06-10 18:55:39 - [MESSAGE][PASSED] - Object: 'Object Repository/HealthpostToCms/Page_HealthPost Store/button_Add' is clicked on

2018-06-10 18:55:39 - [TEST_STEP][PASSED] - delay: Delayed 1 second(s)

2018-06-10 18:55:40 - [MESSAGE][PASSED] - Delayed 1 second(s)

2018-06-10 18:55:40 - [TEST_STEP][PASSED] - selectOptionByIndex: All options with index in [1] are selected on object 'Object Repository/HealthpostToCms/Page_HealthPost Store/select_--Select--Schedule 1Inj'

2018-06-10 18:55:40 - [MESSAGE][PASSED] - All options with index in [1] are selected on object 'Object Repository/HealthpostToCms/Page_HealthPost Store/select_--Select--Schedule 1Inj'

2018-06-10 18:55:40 - [TEST_STEP][PASSED] - delay: Delayed 1 second(s)

2018-06-10 18:55:41 - [MESSAGE][PASSED] - Delayed 1 second(s)

2018-06-10 18:55:41 - [TEST_STEP][PASSED] - selectOptionByIndex: All options with index in [45] are selected on object 'Object Repository/HealthpostToCms/Page_HealthPost Store/select_--Select--Adernaline 0.'

2018-06-10 18:55:42 - [MESSAGE][PASSED] - All options with index in [45] are selected on object 'Object Repository/HealthpostToCms/Page_HealthPost Store/select_--Select--Adernaline 0.'

2018-06-10 18:55:42 - [TEST_STEP][PASSED] - setText: Text '100' is set on object 'Object Repository/HealthpostToCms/Page_HealthPost Store/input_txttreat'

2018-06-10 18:55:42 - [MESSAGE][PASSED] - Text '100' is set on object 'Object Repository/HealthpostToCms/Page_HealthPost Store/input_txttreat'

2018-06-10 18:55:42 - [TEST_STEP][PASSED] - click: Object: 'Object Repository/HealthpostToCms/Page_HealthPost Store/button_Add' is clicked on

2018-06-10 18:55:42 - [MESSAGE][PASSED] - Object: 'Object Repository/HealthpostToCms/Page_HealthPost Store/button_Add' is clicked on

2018-06-10 18:55:42 - [TEST_STEP][PASSED] - delay: Delayed 1 second(s)

2018-06-10 18:55:43 - [MESSAGE][PASSED] - Delayed 1 second(s)

2018-06-10 18:55:43 - [TEST_STEP][PASSED] - selectOptionByIndex: All options with index in [1] are selected on object 'Object Repository/HealthpostToCms/Page_HealthPost Store/select_--Select--Schedule 1Inj'

2018-06-10 18:55:43 - [MESSAGE][PASSED] - All options with index in [1] are selected on object 'Object Repository/HealthpostToCms/Page_HealthPost Store/select_--Select--Schedule 1Inj'

2018-06-10 18:55:43 - [TEST_STEP][PASSED] - delay: Delayed 1 second(s)

2018-06-10 18:55:44 - [MESSAGE][PASSED] - Delayed 1 second(s)

2018-06-10 18:55:44 - [TEST_STEP][PASSED] - selectOptionByIndex: All options with index in [46] are selected on object 'Object Repository/HealthpostToCms/Page_HealthPost Store/select_--Select--Adernaline 0.'

2018-06-10 18:55:45 - [MESSAGE][PASSED] - All options with index in [46] are selected on object 'Object Repository/HealthpostToCms/Page_HealthPost Store/select_--Select--Adernaline 0.'

2018-06-10 18:55:45 - [TEST_STEP][PASSED] - setText: Text '100' is set on object 'Object Repository/HealthpostToCms/Page_HealthPost Store/input_txttreat'

2018-06-10 18:55:45 - [MESSAGE][PASSED] - Text '100' is set on object 'Object Repository/HealthpostToCms/Page_HealthPost Store/input_txttreat'

2018-06-10 18:55:45 - [TEST_STEP][PASSED] - click: Object: 'Object Repository/HealthpostToCms/Page_HealthPost Store/button_Add' is clicked on

2018-06-10 18:55:45 - [MESSAGE][PASSED] - Object: 'Object Repository/HealthpostToCms/Page_HealthPost Store/button_Add' is clicked on

2018-06-10 18:55:45 - [TEST_STEP][PASSED] - delay: Delayed 1 second(s)

2018-06-10 18:55:46 - [MESSAGE][PASSED] - Delayed 1 second(s)

2018-06-10 18:55:46 - [TEST_STEP][PASSED] - selectOptionByIndex: All options with index in [1] are selected on object 'Object Repository/HealthpostToCms/Page_HealthPost Store/select_--Select--Schedule 1Inj'

2018-06-10 18:55:46 - [MESSAGE][PASSED] - All options with index in [1] are selected on object 'Object Repository/HealthpostToCms/Page_HealthPost Store/select_--Select--Schedule 1Inj'

2018-06-10 18:55:46 - [TEST_STEP][PASSED] - delay: Delayed 1 second(s)

2018-06-10 18:55:47 - [MESSAGE][PASSED] - Delayed 1 second(s)

2018-06-10 18:55:47 - [TEST_STEP][PASSED] - selectOptionByIndex: All options with index in [47] are selected on object 'Object Repository/HealthpostToCms/Page_HealthPost Store/select_--Select--Adernaline 0.'

2018-06-10 18:55:48 - [MESSAGE][PASSED] - All options with index in [47] are selected on object 'Object Repository/HealthpostToCms/Page_HealthPost Store/select_--Select--Adernaline 0.'

2018-06-10 18:55:48 - [TEST_STEP][PASSED] - setText: Text '100' is set on object 'Object Repository/HealthpostToCms/Page_HealthPost Store/input_txttreat'

2018-06-10 18:55:48 - [MESSAGE][PASSED] - Text '100' is set on object 'Object Repository/HealthpostToCms/Page_HealthPost Store/input_txttreat'

2018-06-10 18:55:48 - [TEST_STEP][PASSED] - click: Object: 'Object Repository/HealthpostToCms/Page_HealthPost Store/button_Add' is clicked on

2018-06-10 18:55:48 - [MESSAGE][PASSED] - Object: 'Object Repository/HealthpostToCms/Page_HealthPost Store/button_Add' is clicked on

2018-06-10 18:55:48 - [TEST_STEP][PASSED] - delay: Delayed 1 second(s)

2018-06-10 18:55:49 - [MESSAGE][PASSED] - Delayed 1 second(s)

2018-06-10 18:55:49 - [TEST_STEP][PASSED] - selectOptionByIndex: All options with index in [1] are selected on object 'Object Repository/HealthpostToCms/Page_HealthPost Store/select_--Select--Schedule 1Inj'

2018-06-10 18:55:49 - [MESSAGE][PASSED] - All options with index in [1] are selected on object 'Object Repository/HealthpostToCms/Page_HealthPost Store/select_--Select--Schedule 1Inj'

2018-06-10 18:55:49 - [TEST_STEP][PASSED] - delay: Delayed 1 second(s)

2018-06-10 18:55:50 - [MESSAGE][PASSED] - Delayed 1 second(s)

2018-06-10 18:55:50 - [TEST_STEP][PASSED] - selectOptionByIndex: All options with index in [48] are selected on object 'Object Repository/HealthpostToCms/Page_HealthPost Store/select_--Select--Adernaline 0.'

2018-06-10 18:55:51 - [MESSAGE][PASSED] - All options with index in [48] are selected on object 'Object Repository/HealthpostToCms/Page_HealthPost Store/select_--Select--Adernaline 0.'

2018-06-10 18:55:51 - [TEST_STEP][PASSED] - setText: Text '100' is set on object 'Object Repository/HealthpostToCms/Page_HealthPost Store/input_txttreat'

2018-06-10 18:55:51 - [MESSAGE][PASSED] - Text '100' is set on object 'Object Repository/HealthpostToCms/Page_HealthPost Store/input_txttreat'

2018-06-10 18:55:51 - [TEST_STEP][PASSED] - click: Object: 'Object Repository/HealthpostToCms/Page_HealthPost Store/button_Add' is clicked on

2018-06-10 18:55:51 - [MESSAGE][PASSED] - Object: 'Object Repository/HealthpostToCms/Page_HealthPost Store/button_Add' is clicked on

2018-06-10 18:55:51 - [TEST_STEP][PASSED] - delay: Delayed 1 second(s)

2018-06-10 18:55:52 - [MESSAGE][PASSED] - Delayed 1 second(s)

2018-06-10 18:55:52 - [TEST_STEP][PASSED] - selectOptionByIndex: All options with index in [1] are selected on object 'Object Repository/HealthpostToCms/Page_HealthPost Store/select_--Select--Schedule 1Inj'

2018-06-10 18:55:52 - [MESSAGE][PASSED] - All options with index in [1] are selected on object 'Object Repository/HealthpostToCms/Page_HealthPost Store/select_--Select--Schedule 1Inj'

2018-06-10 18:55:52 - [TEST_STEP][PASSED] - delay: Delayed 1 second(s)

2018-06-10 18:55:53 - [MESSAGE][PASSED] - Delayed 1 second(s)

2018-06-10 18:55:53 - [TEST_STEP][PASSED] - selectOptionByIndex: All options with index in [49] are selected on object 'Object Repository/HealthpostToCms/Page_HealthPost Store/select_--Select--Adernaline 0.'

2018-06-10 18:55:54 - [MESSAGE][PASSED] - All options with index in [49] are selected on object 'Object Repository/HealthpostToCms/Page_HealthPost Store/select_--Select--Adernaline 0.'

2018-06-10 18:55:54 - [TEST_STEP][PASSED] - setText: Text '100' is set on object 'Object Repository/HealthpostToCms/Page_HealthPost Store/input_txttreat'

2018-06-10 18:55:54 - [MESSAGE][PASSED] - Text '100' is set on object 'Object Repository/HealthpostToCms/Page_HealthPost Store/input_txttreat'

2018-06-10 18:55:54 - [TEST_STEP][PASSED] - click: Object: 'Object Repository/HealthpostToCms/Page_HealthPost Store/button_Add' is clicked on

2018-06-10 18:55:54 - [MESSAGE][PASSED] - Object: 'Object Repository/HealthpostToCms/Page_HealthPost Store/button_Add' is clicked on

2018-06-10 18:55:54 - [TEST_STEP][PASSED] - delay: Delayed 1 second(s)

2018-06-10 18:55:55 - [MESSAGE][PASSED] - Delayed 1 second(s)

2018-06-10 18:55:55 - [TEST_STEP][PASSED] - selectOptionByIndex: All options with index in [1] are selected on object 'Object Repository/HealthpostToCms/Page_HealthPost Store/select_--Select--Schedule 1Inj'

2018-06-10 18:55:55 - [MESSAGE][PASSED] - All options with index in [1] are selected on object 'Object Repository/HealthpostToCms/Page_HealthPost Store/select_--Select--Schedule 1Inj'

2018-06-10 18:55:55 - [TEST_STEP][PASSED] - delay: Delayed 1 second(s)

2018-06-10 18:55:56 - [MESSAGE][PASSED] - Delayed 1 second(s)

2018-06-10 18:55:56 - [TEST_STEP][PASSED] - selectOptionByIndex: All options with index in [50] are selected on object 'Object Repository/HealthpostToCms/Page_HealthPost Store/select_--Select--Adernaline 0.'

2018-06-10 18:55:56 - [MESSAGE][PASSED] - All options with index in [50] are selected on object 'Object Repository/HealthpostToCms/Page_HealthPost Store/select_--Select--Adernaline 0.'

2018-06-10 18:55:56 - [TEST_STEP][PASSED] - setText: Text '100' is set on object 'Object Repository/HealthpostToCms/Page_HealthPost Store/input_txttreat'

2018-06-10 18:55:57 - [MESSAGE][PASSED] - Text '100' is set on object 'Object Repository/HealthpostToCms/Page_HealthPost Store/input_txttreat'

2018-06-10 18:55:57 - [TEST_STEP][PASSED] - click: Object: 'Object Repository/HealthpostToCms/Page_HealthPost Store/button_Add' is clicked on

2018-06-10 18:55:57 - [MESSAGE][PASSED] - Object: 'Object Repository/HealthpostToCms/Page_HealthPost Store/button_Add' is clicked on

2018-06-10 18:55:57 - [TEST_STEP][PASSED] - delay: Delayed 1 second(s)

2018-06-10 18:55:58 - [MESSAGE][PASSED] - Delayed 1 second(s)

2018-06-10 18:55:58 - [TEST_STEP][PASSED] - selectOptionByIndex: All options with index in [1] are selected on object 'Object Repository/HealthpostToCms/Page_HealthPost Store/select_--Select--Schedule 1Inj'

2018-06-10 18:55:58 - [MESSAGE][PASSED] - All options with index in [1] are selected on object 'Object Repository/HealthpostToCms/Page_HealthPost Store/select_--Select--Schedule 1Inj'

2018-06-10 18:55:58 - [TEST_STEP][PASSED] - delay: Delayed 1 second(s)

2018-06-10 18:55:59 - [MESSAGE][PASSED] - Delayed 1 second(s)

2018-06-10 18:55:59 - [TEST_STEP][PASSED] - selectOptionByIndex: All options with index in [51] are selected on object 'Object Repository/HealthpostToCms/Page_HealthPost Store/select_--Select--Adernaline 0.'

2018-06-10 18:55:59 - [MESSAGE][PASSED] - All options with index in [51] are selected on object 'Object Repository/HealthpostToCms/Page_HealthPost Store/select_--Select--Adernaline 0.'

2018-06-10 18:55:59 - [TEST_STEP][PASSED] - setText: Text '100' is set on object 'Object Repository/HealthpostToCms/Page_HealthPost Store/input_txttreat'

2018-06-10 18:56:00 - [MESSAGE][PASSED] - Text '100' is set on object 'Object Repository/HealthpostToCms/Page_HealthPost Store/input_txttreat'

2018-06-10 18:56:00 - [TEST_STEP][PASSED] - click: Object: 'Object Repository/HealthpostToCms/Page_HealthPost Store/button_Add' is clicked on

2018-06-10 18:56:00 - [MESSAGE][PASSED] - Object: 'Object Repository/HealthpostToCms/Page_HealthPost Store/button_Add' is clicked on

2018-06-10 18:56:00 - [TEST_STEP][PASSED] - delay: Delayed 1 second(s)

2018-06-10 18:56:01 - [MESSAGE][PASSED] - Delayed 1 second(s)

2018-06-10 18:56:01 - [TEST_STEP][PASSED] - selectOptionByIndex: All options with index in [1] are selected on object 'Object Repository/HealthpostToCms/Page_HealthPost Store/select_--Select--Schedule 1Inj'

2018-06-10 18:56:01 - [MESSAGE][PASSED] - All options with index in [1] are selected on object 'Object Repository/HealthpostToCms/Page_HealthPost Store/select_--Select--Schedule 1Inj'

2018-06-10 18:56:01 - [TEST_STEP][PASSED] - delay: Delayed 1 second(s)

2018-06-10 18:56:02 - [MESSAGE][PASSED] - Delayed 1 second(s)

2018-06-10 18:56:02 - [TEST_STEP][PASSED] - selectOptionByIndex: All options with index in [52] are selected on object 'Object Repository/HealthpostToCms/Page_HealthPost Store/select_--Select--Adernaline 0.'

2018-06-10 18:56:02 - [MESSAGE][PASSED] - All options with index in [52] are selected on object 'Object Repository/HealthpostToCms/Page_HealthPost Store/select_--Select--Adernaline 0.'

2018-06-10 18:56:02 - [TEST_STEP][PASSED] - setText: Text '100' is set on object 'Object Repository/HealthpostToCms/Page_HealthPost Store/input_txttreat'

2018-06-10 18:56:03 - [MESSAGE][PASSED] - Text '100' is set on object 'Object Repository/HealthpostToCms/Page_HealthPost Store/input_txttreat'

2018-06-10 18:56:03 - [TEST_STEP][PASSED] - click: Object: 'Object Repository/HealthpostToCms/Page_HealthPost Store/button_Add' is clicked on

2018-06-10 18:56:03 - [MESSAGE][PASSED] - Object: 'Object Repository/HealthpostToCms/Page_HealthPost Store/button_Add' is clicked on

2018-06-10 18:56:03 - [TEST_STEP][PASSED] - delay: Delayed 1 second(s)

2018-06-10 18:56:04 - [MESSAGE][PASSED] - Delayed 1 second(s)

2018-06-10 18:56:04 - [TEST_STEP][PASSED] - selectOptionByIndex: All options with index in [1] are selected on object 'Object Repository/HealthpostToCms/Page_HealthPost Store/select_--Select--Schedule 1Inj'

2018-06-10 18:56:04 - [MESSAGE][PASSED] - All options with index in [1] are selected on object 'Object Repository/HealthpostToCms/Page_HealthPost Store/select_--Select--Schedule 1Inj'

2018-06-10 18:56:04 - [TEST_STEP][PASSED] - delay: Delayed 1 second(s)

2018-06-10 18:56:05 - [MESSAGE][PASSED] - Delayed 1 second(s)

2018-06-10 18:56:05 - [TEST_STEP][PASSED] - selectOptionByIndex: All options with index in [53] are selected on object 'Object Repository/HealthpostToCms/Page_HealthPost Store/select_--Select--Adernaline 0.'

2018-06-10 18:56:05 - [MESSAGE][PASSED] - All options with index in [53] are selected on object 'Object Repository/HealthpostToCms/Page_HealthPost Store/select_--Select--Adernaline 0.'

2018-06-10 18:56:05 - [TEST_STEP][PASSED] - setText: Text '100' is set on object 'Object Repository/HealthpostToCms/Page_HealthPost Store/input_txttreat'

2018-06-10 18:56:05 - [MESSAGE][PASSED] - Text '100' is set on object 'Object Repository/HealthpostToCms/Page_HealthPost Store/input_txttreat'

2018-06-10 18:56:05 - [TEST_STEP][PASSED] - click: Object: 'Object Repository/HealthpostToCms/Page_HealthPost Store/button_Add' is clicked on

2018-06-10 18:56:06 - [MESSAGE][PASSED] - Object: 'Object Repository/HealthpostToCms/Page_HealthPost Store/button_Add' is clicked on

2018-06-10 18:56:06 - [TEST_STEP][PASSED] - delay: Delayed 1 second(s)

2018-06-10 18:56:07 - [MESSAGE][PASSED] - Delayed 1 second(s)

2018-06-10 18:56:07 - [TEST_STEP][PASSED] - selectOptionByIndex: All options with index in [1] are selected on object 'Object Repository/HealthpostToCms/Page_HealthPost Store/select_--Select--Schedule 1Inj'

2018-06-10 18:56:07 - [MESSAGE][PASSED] - All options with index in [1] are selected on object 'Object Repository/HealthpostToCms/Page_HealthPost Store/select_--Select--Schedule 1Inj'

2018-06-10 18:56:07 - [TEST_STEP][PASSED] - delay: Delayed 1 second(s)

2018-06-10 18:56:08 - [MESSAGE][PASSED] - Delayed 1 second(s)

2018-06-10 18:56:08 - [TEST_STEP][PASSED] - selectOptionByIndex: All options with index in [54] are selected on object 'Object Repository/HealthpostToCms/Page_HealthPost Store/select_--Select--Adernaline 0.'

2018-06-10 18:56:08 - [MESSAGE][PASSED] - All options with index in [54] are selected on object 'Object Repository/HealthpostToCms/Page_HealthPost Store/select_--Select--Adernaline 0.'

2018-06-10 18:56:08 - [TEST_STEP][PASSED] - setText: Text '100' is set on object 'Object Repository/HealthpostToCms/Page_HealthPost Store/input_txttreat'

2018-06-10 18:56:09 - [MESSAGE][PASSED] - Text '100' is set on object 'Object Repository/HealthpostToCms/Page_HealthPost Store/input_txttreat'

2018-06-10 18:56:09 - [TEST_STEP][PASSED] - click: Object: 'Object Repository/HealthpostToCms/Page_HealthPost Store/button_Add' is clicked on

2018-06-10 18:56:09 - [MESSAGE][PASSED] - Object: 'Object Repository/HealthpostToCms/Page_HealthPost Store/button_Add' is clicked on

2018-06-10 18:56:09 - [TEST_STEP][PASSED] - delay: Delayed 1 second(s)

2018-06-10 18:56:10 - [MESSAGE][PASSED] - Delayed 1 second(s)

2018-06-10 18:56:10 - [TEST_STEP][PASSED] - selectOptionByIndex: All options with index in [1] are selected on object 'Object Repository/HealthpostToCms/Page_HealthPost Store/select_--Select--Schedule 1Inj'

2018-06-10 18:56:10 - [MESSAGE][PASSED] - All options with index in [1] are selected on object 'Object Repository/HealthpostToCms/Page_HealthPost Store/select_--Select--Schedule 1Inj'

2018-06-10 18:56:10 - [TEST_STEP][PASSED] - delay: Delayed 1 second(s)

2018-06-10 18:56:11 - [MESSAGE][PASSED] - Delayed 1 second(s)

2018-06-10 18:56:11 - [TEST_STEP][PASSED] - selectOptionByIndex: All options with index in [55] are selected on object 'Object Repository/HealthpostToCms/Page_HealthPost Store/select_--Select--Adernaline 0.'

2018-06-10 18:56:11 - [MESSAGE][PASSED] - All options with index in [55] are selected on object 'Object Repository/HealthpostToCms/Page_HealthPost Store/select_--Select--Adernaline 0.'

2018-06-10 18:56:11 - [TEST_STEP][PASSED] - setText: Text '100' is set on object 'Object Repository/HealthpostToCms/Page_HealthPost Store/input_txttreat'

2018-06-10 18:56:12 - [MESSAGE][PASSED] - Text '100' is set on object 'Object Repository/HealthpostToCms/Page_HealthPost Store/input_txttreat'

2018-06-10 18:56:12 - [TEST_STEP][PASSED] - click: Object: 'Object Repository/HealthpostToCms/Page_HealthPost Store/button_Add' is clicked on

2018-06-10 18:56:12 - [MESSAGE][PASSED] - Object: 'Object Repository/HealthpostToCms/Page_HealthPost Store/button_Add' is clicked on

2018-06-10 18:56:12 - [TEST_STEP][PASSED] - delay: Delayed 1 second(s)

2018-06-10 18:56:13 - [MESSAGE][PASSED] - Delayed 1 second(s)

2018-06-10 18:56:13 - [TEST_STEP][PASSED] - selectOptionByIndex: All options with index in [1] are selected on object 'Object Repository/HealthpostToCms/Page_HealthPost Store/select_--Select--Schedule 1Inj'

2018-06-10 18:56:13 - [MESSAGE][PASSED] - All options with index in [1] are selected on object 'Object Repository/HealthpostToCms/Page_HealthPost Store/select_--Select--Schedule 1Inj'

2018-06-10 18:56:13 - [TEST_STEP][PASSED] - delay: Delayed 1 second(s)

2018-06-10 18:56:14 - [MESSAGE][PASSED] - Delayed 1 second(s)

2018-06-10 18:56:14 - [TEST_STEP][PASSED] - selectOptionByIndex: All options with index in [56] are selected on object 'Object Repository/HealthpostToCms/Page_HealthPost Store/select_--Select--Adernaline 0.'

2018-06-10 18:56:14 - [MESSAGE][PASSED] - All options with index in [56] are selected on object 'Object Repository/HealthpostToCms/Page_HealthPost Store/select_--Select--Adernaline 0.'

2018-06-10 18:56:14 - [TEST_STEP][PASSED] - setText: Text '100' is set on object 'Object Repository/HealthpostToCms/Page_HealthPost Store/input_txttreat'

2018-06-10 18:56:15 - [MESSAGE][PASSED] - Text '100' is set on object 'Object Repository/HealthpostToCms/Page_HealthPost Store/input_txttreat'

2018-06-10 18:56:15 - [TEST_STEP][PASSED] - click: Object: 'Object Repository/HealthpostToCms/Page_HealthPost Store/button_Add' is clicked on

2018-06-10 18:56:15 - [MESSAGE][PASSED] - Object: 'Object Repository/HealthpostToCms/Page_HealthPost Store/button_Add' is clicked on

2018-06-10 18:56:15 - [TEST_STEP][PASSED] - delay: Delayed 1 second(s)

2018-06-10 18:56:16 - [MESSAGE][PASSED] - Delayed 1 second(s)

2018-06-10 18:56:16 - [TEST_STEP][PASSED] - selectOptionByIndex: All options with index in [1] are selected on object 'Object Repository/HealthpostToCms/Page_HealthPost Store/select_--Select--Schedule 1Inj'

2018-06-10 18:56:16 - [MESSAGE][PASSED] - All options with index in [1] are selected on object 'Object Repository/HealthpostToCms/Page_HealthPost Store/select_--Select--Schedule 1Inj'

2018-06-10 18:56:16 - [TEST_STEP][PASSED] - delay: Delayed 1 second(s)

2018-06-10 18:56:17 - [MESSAGE][PASSED] - Delayed 1 second(s)

2018-06-10 18:56:17 - [TEST_STEP][PASSED] - selectOptionByIndex: All options with index in [57] are selected on object 'Object Repository/HealthpostToCms/Page_HealthPost Store/select_--Select--Adernaline 0.'

2018-06-10 18:56:17 - [MESSAGE][PASSED] - All options with index in [57] are selected on object 'Object Repository/HealthpostToCms/Page_HealthPost Store/select_--Select--Adernaline 0.'

2018-06-10 18:56:17 - [TEST_STEP][PASSED] - setText: Text '100' is set on object 'Object Repository/HealthpostToCms/Page_HealthPost Store/input_txttreat'

2018-06-10 18:56:18 - [MESSAGE][PASSED] - Text '100' is set on object 'Object Repository/HealthpostToCms/Page_HealthPost Store/input_txttreat'

2018-06-10 18:56:18 - [TEST_STEP][PASSED] - click: Object: 'Object Repository/HealthpostToCms/Page_HealthPost Store/button_Add' is clicked on

2018-06-10 18:56:18 - [MESSAGE][PASSED] - Object: 'Object Repository/HealthpostToCms/Page_HealthPost Store/button_Add' is clicked on

2018-06-10 18:56:18 - [TEST_STEP][PASSED] - delay: Delayed 1 second(s)

2018-06-10 18:56:19 - [MESSAGE][PASSED] - Delayed 1 second(s)

2018-06-10 18:56:19 - [TEST_STEP][PASSED] - selectOptionByIndex: All options with index in [1] are selected on object 'Object Repository/HealthpostToCms/Page_HealthPost Store/select_--Select--Schedule 1Inj'

2018-06-10 18:56:19 - [MESSAGE][PASSED] - All options with index in [1] are selected on object 'Object Repository/HealthpostToCms/Page_HealthPost Store/select_--Select--Schedule 1Inj'

2018-06-10 18:56:19 - [TEST_STEP][PASSED] - delay: Delayed 1 second(s)

2018-06-10 18:56:20 - [MESSAGE][PASSED] - Delayed 1 second(s)

2018-06-10 18:56:20 - [TEST_STEP][PASSED] - selectOptionByIndex: All options with index in [58] are selected on object 'Object Repository/HealthpostToCms/Page_HealthPost Store/select_--Select--Adernaline 0.'

2018-06-10 18:56:20 - [MESSAGE][PASSED] - All options with index in [58] are selected on object 'Object Repository/HealthpostToCms/Page_HealthPost Store/select_--Select--Adernaline 0.'

2018-06-10 18:56:20 - [TEST_STEP][PASSED] - setText: Text '100' is set on object 'Object Repository/HealthpostToCms/Page_HealthPost Store/input_txttreat'

2018-06-10 18:56:21 - [MESSAGE][PASSED] - Text '100' is set on object 'Object Repository/HealthpostToCms/Page_HealthPost Store/input_txttreat'

2018-06-10 18:56:21 - [TEST_STEP][PASSED] - click: Object: 'Object Repository/HealthpostToCms/Page_HealthPost Store/button_Add' is clicked on

2018-06-10 18:56:21 - [MESSAGE][PASSED] - Object: 'Object Repository/HealthpostToCms/Page_HealthPost Store/button_Add' is clicked on

2018-06-10 18:56:21 - [TEST_STEP][PASSED] - delay: Delayed 1 second(s)

2018-06-10 18:56:22 - [MESSAGE][PASSED] - Delayed 1 second(s)

2018-06-10 18:56:22 - [TEST_STEP][PASSED] - selectOptionByIndex: All options with index in [1] are selected on object 'Object Repository/HealthpostToCms/Page_HealthPost Store/select_--Select--Schedule 1Inj'

2018-06-10 18:56:22 - [MESSAGE][PASSED] - All options with index in [1] are selected on object 'Object Repository/HealthpostToCms/Page_HealthPost Store/select_--Select--Schedule 1Inj'

2018-06-10 18:56:22 - [TEST_STEP][PASSED] - delay: Delayed 1 second(s)

2018-06-10 18:56:23 - [MESSAGE][PASSED] - Delayed 1 second(s)

2018-06-10 18:56:23 - [TEST_STEP][PASSED] - selectOptionByIndex: All options with index in [59] are selected on object 'Object Repository/HealthpostToCms/Page_HealthPost Store/select_--Select--Adernaline 0.'

2018-06-10 18:56:24 - [MESSAGE][PASSED] - All options with index in [59] are selected on object 'Object Repository/HealthpostToCms/Page_HealthPost Store/select_--Select--Adernaline 0.'

2018-06-10 18:56:24 - [TEST_STEP][PASSED] - setText: Text '100' is set on object 'Object Repository/HealthpostToCms/Page_HealthPost Store/input_txttreat'

2018-06-10 18:56:24 - [MESSAGE][PASSED] - Text '100' is set on object 'Object Repository/HealthpostToCms/Page_HealthPost Store/input_txttreat'

2018-06-10 18:56:24 - [TEST_STEP][PASSED] - click: Object: 'Object Repository/HealthpostToCms/Page_HealthPost Store/button_Add' is clicked on

2018-06-10 18:56:24 - [MESSAGE][PASSED] - Object: 'Object Repository/HealthpostToCms/Page_HealthPost Store/button_Add' is clicked on

2018-06-10 18:56:24 - [TEST_STEP][PASSED] - delay: Delayed 1 second(s)

2018-06-10 18:56:25 - [MESSAGE][PASSED] - Delayed 1 second(s)

2018-06-10 18:56:25 - [TEST_STEP][PASSED] - selectOptionByIndex: All options with index in [1] are selected on object 'Object Repository/HealthpostToCms/Page_HealthPost Store/select_--Select--Schedule 1Inj'

2018-06-10 18:56:25 - [MESSAGE][PASSED] - All options with index in [1] are selected on object 'Object Repository/HealthpostToCms/Page_HealthPost Store/select_--Select--Schedule 1Inj'

2018-06-10 18:56:25 - [TEST_STEP][PASSED] - delay: Delayed 1 second(s)

2018-06-10 18:56:26 - [MESSAGE][PASSED] - Delayed 1 second(s)

2018-06-10 18:56:26 - [TEST_STEP][PASSED] - selectOptionByIndex: All options with index in [60] are selected on object 'Object Repository/HealthpostToCms/Page_HealthPost Store/select_--Select--Adernaline 0.'

2018-06-10 18:56:27 - [MESSAGE][PASSED] - All options with index in [60] are selected on object 'Object Repository/HealthpostToCms/Page_HealthPost Store/select_--Select--Adernaline 0.'

2018-06-10 18:56:27 - [TEST_STEP][PASSED] - setText: Text '100' is set on object 'Object Repository/HealthpostToCms/Page_HealthPost Store/input_txttreat'

2018-06-10 18:56:27 - [MESSAGE][PASSED] - Text '100' is set on object 'Object Repository/HealthpostToCms/Page_HealthPost Store/input_txttreat'

2018-06-10 18:56:27 - [TEST_STEP][PASSED] - click: Object: 'Object Repository/HealthpostToCms/Page_HealthPost Store/button_Add' is clicked on

2018-06-10 18:56:27 - [MESSAGE][PASSED] - Object: 'Object Repository/HealthpostToCms/Page_HealthPost Store/button_Add' is clicked on

2018-06-10 18:56:27 - [TEST_STEP][PASSED] - delay: Delayed 1 second(s)

2018-06-10 18:56:28 - [MESSAGE][PASSED] - Delayed 1 second(s)

2018-06-10 18:56:28 - [TEST_STEP][PASSED] - selectOptionByIndex: All options with index in [1] are selected on object 'Object Repository/HealthpostToCms/Page_HealthPost Store/select_--Select--Schedule 1Inj'

2018-06-10 18:56:28 - [MESSAGE][PASSED] - All options with index in [1] are selected on object 'Object Repository/HealthpostToCms/Page_HealthPost Store/select_--Select--Schedule 1Inj'

2018-06-10 18:56:28 - [TEST_STEP][PASSED] - delay: Delayed 1 second(s)

2018-06-10 18:56:29 - [MESSAGE][PASSED] - Delayed 1 second(s)

2018-06-10 18:56:29 - [TEST_STEP][PASSED] - selectOptionByIndex: All options with index in [61] are selected on object 'Object Repository/HealthpostToCms/Page_HealthPost Store/select_--Select--Adernaline 0.'

2018-06-10 18:56:30 - [MESSAGE][PASSED] - All options with index in [61] are selected on object 'Object Repository/HealthpostToCms/Page_HealthPost Store/select_--Select--Adernaline 0.'

2018-06-10 18:56:30 - [TEST_STEP][PASSED] - setText: Text '100' is set on object 'Object Repository/HealthpostToCms/Page_HealthPost Store/input_txttreat'

2018-06-10 18:56:30 - [MESSAGE][PASSED] - Text '100' is set on object 'Object Repository/HealthpostToCms/Page_HealthPost Store/input_txttreat'

2018-06-10 18:56:30 - [TEST_STEP][PASSED] - click: Object: 'Object Repository/HealthpostToCms/Page_HealthPost Store/button_Add' is clicked on

2018-06-10 18:56:30 - [MESSAGE][PASSED] - Object: 'Object Repository/HealthpostToCms/Page_HealthPost Store/button_Add' is clicked on

2018-06-10 18:56:30 - [TEST_STEP][PASSED] - delay: Delayed 1 second(s)

2018-06-10 18:56:31 - [MESSAGE][PASSED] - Delayed 1 second(s)

2018-06-10 18:56:31 - [TEST_STEP][PASSED] - selectOptionByIndex: All options with index in [1] are selected on object 'Object Repository/HealthpostToCms/Page_HealthPost Store/select_--Select--Schedule 1Inj'

2018-06-10 18:56:31 - [MESSAGE][PASSED] - All options with index in [1] are selected on object 'Object Repository/HealthpostToCms/Page_HealthPost Store/select_--Select--Schedule 1Inj'

2018-06-10 18:56:31 - [TEST_STEP][PASSED] - delay: Delayed 1 second(s)

2018-06-10 18:56:32 - [MESSAGE][PASSED] - Delayed 1 second(s)

2018-06-10 18:56:32 - [TEST_STEP][PASSED] - selectOptionByIndex: All options with index in [62] are selected on object 'Object Repository/HealthpostToCms/Page_HealthPost Store/select_--Select--Adernaline 0.'

2018-06-10 18:56:33 - [MESSAGE][PASSED] - All options with index in [62] are selected on object 'Object Repository/HealthpostToCms/Page_HealthPost Store/select_--Select--Adernaline 0.'

2018-06-10 18:56:33 - [TEST_STEP][PASSED] - setText: Text '100' is set on object 'Object Repository/HealthpostToCms/Page_HealthPost Store/input_txttreat'

2018-06-10 18:56:33 - [MESSAGE][PASSED] - Text '100' is set on object 'Object Repository/HealthpostToCms/Page_HealthPost Store/input_txttreat'

2018-06-10 18:56:33 - [TEST_STEP][PASSED] - click: Object: 'Object Repository/HealthpostToCms/Page_HealthPost Store/button_Add' is clicked on

2018-06-10 18:56:33 - [MESSAGE][PASSED] - Object: 'Object Repository/HealthpostToCms/Page_HealthPost Store/button_Add' is clicked on

2018-06-10 18:56:33 - [TEST_STEP][PASSED] - delay: Delayed 1 second(s)

2018-06-10 18:56:34 - [MESSAGE][PASSED] - Delayed 1 second(s)

2018-06-10 18:56:34 - [TEST_STEP][PASSED] - scrollToElement: Scroll to object 'Object Repository/HealthpostToCms/Page_HealthPost Store/input_btnsave' successfully

2018-06-10 18:56:34 - [MESSAGE][PASSED] - Scroll to object 'Object Repository/HealthpostToCms/Page_HealthPost Store/input_btnsave' successfully

2018-06-10 18:56:34 - [TEST_STEP][PASSED] - click: Object: 'Object Repository/HealthpostToCms/Page_HealthPost Store/input_btnsave' is clicked on

2018-06-10 18:56:34 - [MESSAGE][PASSED] - Object: 'Object Repository/HealthpostToCms/Page_HealthPost Store/input_btnsave' is clicked on

2018-06-10 18:56:34 - [TEST_STEP][PASSED] - delay: Delayed 3 second(s)

2018-06-10 18:56:37 - [MESSAGE][PASSED] - Delayed 3 second(s)

2018-06-10 18:56:37 - [TEST_STEP][PASSED] - Statement - RN1 = com.kms.katalon.core.webui.keyword.WebUiBuiltInKeywords.getText(com.kms.katalon.core.testobject.ObjectRepository.findTestObject(HealthpostToCms/Page_HealthPost Store/font_PRNO18052018174)): Text of object 'Object Repository/HealthpostToCms/Page_HealthPost Store/font_PRNO18052018174' is: 'PRNO/10062018/804'

2018-06-10 18:56:37 - [MESSAGE][PASSED] - Text of object 'Object Repository/HealthpostToCms/Page_HealthPost Store/font_PRNO18052018174' is: 'PRNO/10062018/804'

2018-06-10 18:56:37 - [TEST_STEP][PASSED] - Statement - out.println(RN1): null

2018-06-10 18:56:37 - [TEST_STEP][PASSED] - Statement - RID = RN1.split("/")[2]: null

2018-06-10 18:56:37 - [TEST_STEP][PASSED] - click: Object: 'Object Repository/HealthpostToCms/Page_HealthPost Store/button_OK' is clicked on

2018-06-10 18:56:38 - [MESSAGE][PASSED] - Object: 'Object Repository/HealthpostToCms/Page_HealthPost Store/button_OK' is clicked on

2018-06-10 18:56:38 - [TEST_STEP][PASSED] - delay: Delayed 3 second(s)

2018-06-10 18:56:41 - [MESSAGE][PASSED] - Delayed 3 second(s)

2018-06-10 18:56:41 - [TEST_STEP][PASSED] - click: Object: 'Object Repository/HealthpostToCms/Page_HealthPost Store/a_dropdown-toggle' is clicked on

2018-06-10 18:56:41 - [MESSAGE][PASSED] - Object: 'Object Repository/HealthpostToCms/Page_HealthPost Store/a_dropdown-toggle' is clicked on

2018-06-10 18:56:41 - [TEST_STEP][PASSED] - click: Object: 'Object Repository/HealthpostToCms/Page_HealthPost Store/a_Sign out' is clicked on

2018-06-10 18:56:41 - [MESSAGE][PASSED] - Object: 'Object Repository/HealthpostToCms/Page_HealthPost Store/a_Sign out' is clicked on

2018-06-10 18:56:41 - [TEST_STEP][PASSED] - delay: Delayed 3 second(s)

2018-06-10 18:56:44 - [MESSAGE][PASSED] - Delayed 3 second(s)

2018-06-10 18:56:44 - [TEST_STEP][PASSED] - navigateToUrl: Navigate to 'http://192.168.137.1/multihospital_new/' successfully

2018-06-10 18:56:45 - [MESSAGE][PASSED] - Navigate to 'http://192.168.137.1/multihospital_new/' successfully

2018-06-10 18:56:45 - [TEST_STEP][PASSED] - click: Object: 'Object Repository/HealthpostToCms/Page_KDMC/a_CMO' is clicked on

2018-06-10 18:56:46 - [MESSAGE][PASSED] - Object: 'Object Repository/HealthpostToCms/Page_KDMC/a_CMO' is clicked on

2018-06-10 18:56:46 - [TEST_STEP][PASSED] - setText: Text 'guru' is set on object 'Object Repository/HealthpostToCms/Page_CMO login/input_txtusername'

2018-06-10 18:56:46 - [MESSAGE][PASSED] - Text 'guru' is set on object 'Object Repository/HealthpostToCms/Page_CMO login/input_txtusername'

2018-06-10 18:56:46 - [TEST_STEP][PASSED] - setText: Text '123' is set on object 'Object Repository/HealthpostToCms/Page_CMO login/input_txtpassword'

2018-06-10 18:56:46 - [MESSAGE][PASSED] - Text '123' is set on object 'Object Repository/HealthpostToCms/Page_CMO login/input_txtpassword'

2018-06-10 18:56:46 - [TEST_STEP][PASSED] - delay: Delayed 3 second(s)

2018-06-10 18:56:49 - [MESSAGE][PASSED] - Delayed 3 second(s)

2018-06-10 18:56:49 - [TEST_STEP][PASSED] - click: Object: 'Object Repository/HealthpostToCms/Page_CMO login/button_Sign in' is clicked on

2018-06-10 18:56:50 - [MESSAGE][PASSED] - Object: 'Object Repository/HealthpostToCms/Page_CMO login/button_Sign in' is clicked on

2018-06-10 18:56:50 - [TEST_STEP][PASSED] - delay: Delayed 3 second(s)

2018-06-10 18:56:53 - [MESSAGE][PASSED] - Delayed 3 second(s)

2018-06-10 18:56:53 - [TEST_STEP][PASSED] - click: Object: 'Object Repository/HealthpostToCms/Page_KDMC - CMO/a_CMS Request' is clicked on

2018-06-10 18:56:53 - [MESSAGE][PASSED] - Object: 'Object Repository/HealthpostToCms/Page_KDMC - CMO/a_CMS Request' is clicked on

2018-06-10 18:56:53 - [TEST_STEP][PASSED] - delay: Delayed 2 second(s)

2018-06-10 18:56:55 - [MESSAGE][PASSED] - Delayed 2 second(s)

2018-06-10 18:56:55 - [TEST_STEP][PASSED] - click: Object: 'Object Repository/HealthpostToCms/Page_KDMC - CMO/a_Healthpost Store Request' is clicked on

2018-06-10 18:56:56 - [MESSAGE][PASSED] - Object: 'Object Repository/HealthpostToCms/Page_KDMC - CMO/a_Healthpost Store Request' is clicked on

2018-06-10 18:56:56 - [TEST_STEP][PASSED] - selectOptionByIndex: All options with index in [1] are selected on object 'Object Repository/HealthpostToCms/Page_KDMC - CMO/select_--ALL--'

2018-06-10 18:56:56 - [MESSAGE][PASSED] - All options with index in [1] are selected on object 'Object Repository/HealthpostToCms/Page_KDMC - CMO/select_--ALL--'

2018-06-10 18:56:56 - [TEST_STEP][PASSED] - click: Object: 'Object Repository/HealthpostToCms/Page_KDMC - CMO/input_btnsearch' is clicked on

2018-06-10 18:56:56 - [MESSAGE][PASSED] - Object: 'Object Repository/HealthpostToCms/Page_KDMC - CMO/input_btnsearch' is clicked on

2018-06-10 18:56:56 - [TEST_STEP][PASSED] - Statement - ID = com.kms.katalon.core.webui.keyword.WebUiBuiltInKeywords.modifyObjectProperty(com.kms.katalon.core.testobject.ObjectRepository.findTestObject(lab/Page_KDMC - CMO/input_1), "xpath", "equals", "//*[@id=" + RID + "]", true): Modify property of object successfully

2018-06-10 18:56:56 - [MESSAGE][PASSED] - Modify property of object successfully

2018-06-10 18:56:56 - [TEST_STEP][PASSED] - click: Object: 'Object Repository/lab/Page_KDMC - CMO/input_1' is clicked on

2018-06-10 18:56:57 - [MESSAGE][PASSED] - Object: 'Object Repository/lab/Page_KDMC - CMO/input_1' is clicked on

2018-06-10 18:56:57 - [TEST_STEP][PASSED] - delay: Delayed 2 second(s)

2018-06-10 18:56:59 - [MESSAGE][PASSED] - Delayed 2 second(s)

2018-06-10 18:56:59 - [TEST_STEP][PASSED] - selectOptionByIndex: All options with index in [1] are selected on object 'Object Repository/HealthpostToCms/Page_KDMC - CMO/select_--Select--'

2018-06-10 18:56:59 - [MESSAGE][PASSED] - All options with index in [1] are selected on object 'Object Repository/HealthpostToCms/Page_KDMC - CMO/select_--Select--'

2018-06-10 18:56:59 - [TEST_STEP][PASSED] - click: Object: 'Object Repository/HealthpostToCms/Page_KDMC - CMO/input_btnupdate' is clicked on

2018-06-10 18:56:59 - [MESSAGE][PASSED] - Object: 'Object Repository/HealthpostToCms/Page_KDMC - CMO/input_btnupdate' is clicked on

2018-06-10 18:56:59 - [TEST_STEP][PASSED] - delay: Delayed 2 second(s)

2018-06-10 18:57:01 - [MESSAGE][PASSED] - Delayed 2 second(s)

2018-06-10 18:57:01 - [TEST_STEP][PASSED] - click: Object: 'Object Repository/HealthpostToCms/Page_KDMC - CMO/button_OK' is clicked on

2018-06-10 18:57:02 - [MESSAGE][PASSED] - Object: 'Object Repository/HealthpostToCms/Page_KDMC - CMO/button_OK' is clicked on

2018-06-10 18:57:02 - [TEST_STEP][PASSED] - delay: Delayed 3 second(s)

2018-06-10 18:57:05 - [MESSAGE][PASSED] - Delayed 3 second(s)

2018-06-10 18:57:05 - [TEST_STEP][PASSED] - click: Object: 'Object Repository/HealthpostToCms/Page_KDMC - CMO/a_dropdown-toggle' is clicked on

2018-06-10 18:57:05 - [MESSAGE][PASSED] - Object: 'Object Repository/HealthpostToCms/Page_KDMC - CMO/a_dropdown-toggle' is clicked on

2018-06-10 18:57:05 - [TEST_STEP][PASSED] - click: Object: 'Object Repository/HealthpostToCms/Page_KDMC - CMO/a_Sign out' is clicked on

2018-06-10 18:57:05 - [MESSAGE][PASSED] - Object: 'Object Repository/HealthpostToCms/Page_KDMC - CMO/a_Sign out' is clicked on

2018-06-10 18:57:05 - [TEST_STEP][PASSED] - delay: Delayed 3 second(s)

2018-06-10 18:57:08 - [MESSAGE][PASSED] - Delayed 3 second(s)

2018-06-10 18:57:08 - [TEST_STEP][PASSED] - click: Object: 'Object Repository/HealthpostToCms/Page_KDMC/a_CMS' is clicked on

2018-06-10 18:57:09 - [MESSAGE][PASSED] - Object: 'Object Repository/HealthpostToCms/Page_KDMC/a_CMS' is clicked on

2018-06-10 18:57:09 - [TEST_STEP][PASSED] - setText: Text 'bala' is set on object 'Object Repository/HealthpostToCms/Page_CMS login/input_txtusername'

2018-06-10 18:57:09 - [MESSAGE][PASSED] - Text 'bala' is set on object 'Object Repository/HealthpostToCms/Page_CMS login/input_txtusername'

2018-06-10 18:57:09 - [TEST_STEP][PASSED] - setText: Text '123' is set on object 'Object Repository/HealthpostToCms/Page_CMS login/input_txtpassword'

2018-06-10 18:57:09 - [MESSAGE][PASSED] - Text '123' is set on object 'Object Repository/HealthpostToCms/Page_CMS login/input_txtpassword'

2018-06-10 18:57:09 - [TEST_STEP][PASSED] - delay: Delayed 3 second(s)

2018-06-10 18:57:12 - [MESSAGE][PASSED] - Delayed 3 second(s)

2018-06-10 18:57:12 - [TEST_STEP][PASSED] - click: Object: 'Object Repository/HealthpostToCms/Page_CMS login/button_Sign in' is clicked on

2018-06-10 18:57:13 - [MESSAGE][PASSED] - Object: 'Object Repository/HealthpostToCms/Page_CMS login/button_Sign in' is clicked on

2018-06-10 18:57:13 - [TEST_STEP][PASSED] - delay: Delayed 3 second(s)

2018-06-10 18:57:16 - [MESSAGE][PASSED] - Delayed 3 second(s)

2018-06-10 18:57:16 - [TEST_STEP][PASSED] - click: Object: 'Object Repository/HealthpostToCms/Page_KDMC - CMS/a_Divisional Store' is clicked on

2018-06-10 18:57:16 - [MESSAGE][PASSED] - Object: 'Object Repository/HealthpostToCms/Page_KDMC - CMS/a_Divisional Store' is clicked on

2018-06-10 18:57:16 - [TEST_STEP][PASSED] - delay: Delayed 2 second(s)

2018-06-10 18:57:18 - [MESSAGE][PASSED] - Delayed 2 second(s)

2018-06-10 18:57:18 - [TEST_STEP][PASSED] - click: Object: 'Object Repository/HealthpostToCms/Page_KDMC - CMS/a_Dispatch Items' is clicked on

2018-06-10 18:57:18 - [MESSAGE][PASSED] - Object: 'Object Repository/HealthpostToCms/Page_KDMC - CMS/a_Dispatch Items' is clicked on

2018-06-10 18:57:18 - [TEST_STEP][PASSED] - delay: Delayed 2 second(s)

2018-06-10 18:57:20 - [MESSAGE][PASSED] - Delayed 2 second(s)

2018-06-10 18:57:20 - [TEST_STEP][PASSED] - setText: Text 'PRNO/10062018/804' is set on object 'Object Repository/HealthpostToCms/Page_KDMC - CMS/input'

2018-06-10 18:57:21 - [MESSAGE][PASSED] - Text 'PRNO/10062018/804' is set on object 'Object Repository/HealthpostToCms/Page_KDMC - CMS/input'

2018-06-10 18:57:21 - [TEST_STEP][PASSED] - click: Object: 'Object Repository/HealthpostToCms/Page_KDMC - CMS/input_PRNO18052018174' is clicked on

2018-06-10 18:57:21 - [MESSAGE][PASSED] - Object: 'Object Repository/HealthpostToCms/Page_KDMC - CMS/input_PRNO18052018174' is clicked on

2018-06-10 18:57:21 - [TEST_STEP][PASSED] - delay: Delayed 3 second(s)

2018-06-10 18:57:24 - [MESSAGE][PASSED] - Delayed 3 second(s)

2018-06-10 18:57:24 - [TEST_STEP][PASSED] - Statement - out.println("Length : " + medicineslength): null

2018-06-10 18:57:24 - [TEST_STEP][PASSED] - Statement - For ([row = 0, row < medicineslength - 1, (row++)]): null

2018-06-10 18:57:24 - [TEST_STEP][PASSED] - Statement - batchlength = new com.kms.katalon.core.testobject.TestObject(): null

2018-06-10 18:57:24 - [TEST_STEP][PASSED] - Statement - batchlength = com.kms.katalon.core.webui.keyword.WebUiBuiltInKeywords.modifyObjectProperty(batchlength, "xpath", "equals", "//*[@id = "fldvendor" + row + ""]", true): Modify property of object successfully

2018-06-10 18:57:24 - [MESSAGE][PASSED] - Modify property of object successfully

2018-06-10 18:57:24 - [TEST_STEP][PASSED] - Statement - batchsize = com.kms.katalon.core.webui.keyword.WebUiBuiltInKeywords.getNumberOfTotalOption(batchlength): 16 options of object '' counted

2018-06-10 18:57:24 - [MESSAGE][PASSED] - 16 options of object '' counted

2018-06-10 18:57:24 - [TEST_STEP][PASSED] - Statement - out.println("BatchSize : " + batchsize): null

2018-06-10 18:57:24 - [TEST_STEP][PASSED] - Statement - For ([n = 1, n <= batchsize - 1, (n++)]): null

2018-06-10 18:57:24 - [TEST_STEP][PASSED] - Statement - product = new com.kms.katalon.core.testobject.TestObject(): null

2018-06-10 18:57:24 - [TEST_STEP][PASSED] - Statement - product = com.kms.katalon.core.webui.keyword.WebUiBuiltInKeywords.modifyObjectProperty(product, "xpath", "equals", "//*[@id = "fldvendor" + row + ""]", true): Modify property of object successfully

2018-06-10 18:57:24 - [MESSAGE][PASSED] - Modify property of object successfully

2018-06-10 18:57:24 - [TEST_STEP][PASSED] - selectOptionByIndex: All options with index in [1] are selected on object ''

2018-06-10 18:57:25 - [MESSAGE][PASSED] - All options with index in [1] are selected on object ''

2018-06-10 18:57:25 - [TEST_STEP][PASSED] - Statement - batch = new com.kms.katalon.core.testobject.TestObject(): null

2018-06-10 18:57:25 - [TEST_STEP][PASSED] - Statement - batch = com.kms.katalon.core.webui.keyword.WebUiBuiltInKeywords.modifyObjectProperty(batch, "xpath", "equals", "//*[@id = "txtbthqty" + row + ""]", true): Modify property of object successfully

2018-06-10 18:57:25 - [MESSAGE][PASSED] - Modify property of object successfully

2018-06-10 18:57:25 - [TEST_STEP][PASSED] - Statement - batchqty = com.kms.katalon.core.webui.keyword.WebUiBuiltInKeywords.getAttribute(batch, "value").trim(): Attribute 'value' of object '' is: ''

2018-06-10 18:57:25 - [MESSAGE][PASSED] - Attribute 'value' of object '' is: ''

2018-06-10 18:57:25 - [TEST_STEP][PASSED] - Statement - Rqty = 100: null

2018-06-10 18:57:25 - [TEST_STEP][PASSED] - delay: Delayed 2 second(s)

2018-06-10 18:57:27 - [MESSAGE][PASSED] - Delayed 2 second(s)

2018-06-10 18:57:27 - [TEST_STEP][PASSED] - Statement - out.println("BatchQty : " + batchqty): null

2018-06-10 18:57:27 - [TEST_STEP][PASSED] - Statement - out.println("RQty : " + Rqty): null

2018-06-10 18:57:27 - [TEST_STEP][PASSED] - Statement - If (java.lang.Integer.valueOf(batchqty) >= java.lang.Integer.valueOf(Rqty)): null]]></system-out>
         <system-err><![CDATA[2018-06-10 18:53:23 - [TEST_CASE][ERROR] - Test Cases/HEALTHPOST TEST CASES/TC_HP_013 Verify Schedule 1 Healthpost To CMS Request Are Working Successfully Or Not: Test Cases/HEALTHPOST TEST CASES/TC_HP_013 Verify Schedule 1 Healthpost To CMS Request Are Working Successfully Or Not FAILED because (of) java.lang.NumberFormatException: For input string: ""]]></system-err>
      </testcase>
      <testcase name="Test Cases/HEALTHPOST TEST CASES/TC_HP_024 Verify Schedule 12 Healthpost To CMS Request Are Working Successfully Or Not" classname="Test Cases/HEALTHPOST TEST CASES/TC_HP_024 Verify Schedule 12 Healthpost To CMS Request Are Working Successfully Or Not" status="PASSED">
         <system-out><![CDATA[2018-06-10 18:57:27 - [TEST_CASE][PASSED] - Test Cases/HEALTHPOST TEST CASES/TC_HP_024 Verify Schedule 12 Healthpost To CMS Request Are Working Successfully Or Not: Test Cases/HEALTHPOST TEST CASES/TC_HP_024 Verify Schedule 12 Healthpost To CMS Request Are Working Successfully Or Not

2018-06-10 18:57:27 - [TEST_STEP][PASSED] - openBrowser: Browser is opened with url: ''

2018-06-10 18:57:27 - [MESSAGE][WARNING] - A browser is already opened. Closing browser and opening a new one

2018-06-10 18:57:30 - [MESSAGE][PASSED] - Browser is opened with url: ''

2018-06-10 18:57:30 - [TEST_STEP][PASSED] - navigateToUrl: Navigate to 'http://192.168.137.1/multihospital_new/HDSplashscreen.aspx' successfully

2018-06-10 18:57:32 - [MESSAGE][PASSED] - Navigate to 'http://192.168.137.1/multihospital_new/HDSplashscreen.aspx' successfully

2018-06-10 18:57:32 - [TEST_STEP][PASSED] - maximizeWindow: Current window maximized

2018-06-10 18:57:33 - [MESSAGE][PASSED] - Current window maximized

2018-06-10 18:57:33 - [TEST_STEP][PASSED] - click: Object: 'Object Repository/HealthpostToCms/Page_KDMC/a_Healthpost Store' is clicked on

2018-06-10 18:57:34 - [MESSAGE][PASSED] - Object: 'Object Repository/HealthpostToCms/Page_KDMC/a_Healthpost Store' is clicked on

2018-06-10 18:57:34 - [TEST_STEP][PASSED] - setText: Text 'raguram' is set on object 'Object Repository/HealthpostToCms/Page_HealthPost Store Login/input_txtusername'

2018-06-10 18:57:34 - [MESSAGE][PASSED] - Text 'raguram' is set on object 'Object Repository/HealthpostToCms/Page_HealthPost Store Login/input_txtusername'

2018-06-10 18:57:34 - [TEST_STEP][PASSED] - setText: Text '123' is set on object 'Object Repository/HealthpostToCms/Page_HealthPost Store Login/input_txtpassword'

2018-06-10 18:57:34 - [MESSAGE][PASSED] - Text '123' is set on object 'Object Repository/HealthpostToCms/Page_HealthPost Store Login/input_txtpassword'

2018-06-10 18:57:34 - [TEST_STEP][PASSED] - delay: Delayed 3 second(s)

2018-06-10 18:57:37 - [MESSAGE][PASSED] - Delayed 3 second(s)

2018-06-10 18:57:37 - [TEST_STEP][PASSED] - click: Object: 'Object Repository/HealthpostToCms/Page_HealthPost Store Login/button_Sign in' is clicked on

2018-06-10 18:57:38 - [MESSAGE][PASSED] - Object: 'Object Repository/HealthpostToCms/Page_HealthPost Store Login/button_Sign in' is clicked on

2018-06-10 18:57:38 - [TEST_STEP][PASSED] - delay: Delayed 3 second(s)

2018-06-10 18:57:41 - [MESSAGE][PASSED] - Delayed 3 second(s)

2018-06-10 18:57:41 - [TEST_STEP][PASSED] - click: Object: 'Object Repository/HealthpostToCms/Page_HealthPost Store/a_CMS' is clicked on

2018-06-10 18:57:41 - [MESSAGE][PASSED] - Object: 'Object Repository/HealthpostToCms/Page_HealthPost Store/a_CMS' is clicked on

2018-06-10 18:57:41 - [TEST_STEP][PASSED] - click: Object: 'Object Repository/HealthpostToCms/Page_HealthPost Store/a_Request Send' is clicked on

2018-06-10 18:57:42 - [MESSAGE][PASSED] - Object: 'Object Repository/HealthpostToCms/Page_HealthPost Store/a_Request Send' is clicked on

2018-06-10 18:57:42 - [TEST_STEP][PASSED] - delay: Delayed 2 second(s)

2018-06-10 18:57:44 - [MESSAGE][PASSED] - Delayed 2 second(s)

2018-06-10 18:57:44 - [TEST_STEP][PASSED] - selectOptionByIndex: All options with index in [2] are selected on object 'Object Repository/HealthpostToCms/Page_HealthPost Store/select_--Select--'

2018-06-10 18:57:44 - [MESSAGE][PASSED] - All options with index in [2] are selected on object 'Object Repository/HealthpostToCms/Page_HealthPost Store/select_--Select--'

2018-06-10 18:57:44 - [TEST_STEP][PASSED] - selectOptionByIndex: All options with index in [12] are selected on object 'Object Repository/HealthpostToCms/Page_HealthPost Store/select_--Select--Schedule 1Inj'

2018-06-10 18:57:44 - [MESSAGE][PASSED] - All options with index in [12] are selected on object 'Object Repository/HealthpostToCms/Page_HealthPost Store/select_--Select--Schedule 1Inj'

2018-06-10 18:57:44 - [TEST_STEP][PASSED] - Statement - medicineslength = com.kms.katalon.core.webui.keyword.WebUiBuiltInKeywords.getNumberOfTotalOption(com.kms.katalon.core.testobject.ObjectRepository.findTestObject(HealthpostToCms/Page_HealthPost Store/select_--Select--Adernaline 0.)): 19 options of object 'Object Repository/HealthpostToCms/Page_HealthPost Store/select_--Select--Adernaline 0.' counted

2018-06-10 18:57:44 - [MESSAGE][PASSED] - 19 options of object 'Object Repository/HealthpostToCms/Page_HealthPost Store/select_--Select--Adernaline 0.' counted

2018-06-10 18:57:44 - [TEST_STEP][PASSED] - Statement - For ([e = 1, e <= medicineslength - 1, (e++)]): Object: 'Object Repository/HealthpostToCms/Page_HealthPost Store/button_Add' is clicked on

2018-06-10 18:57:44 - [TEST_STEP][PASSED] - selectOptionByIndex: All options with index in [12] are selected on object 'Object Repository/HealthpostToCms/Page_HealthPost Store/select_--Select--Schedule 1Inj'

2018-06-10 18:57:44 - [MESSAGE][PASSED] - All options with index in [12] are selected on object 'Object Repository/HealthpostToCms/Page_HealthPost Store/select_--Select--Schedule 1Inj'

2018-06-10 18:57:44 - [TEST_STEP][PASSED] - selectOptionByIndex: All options with index in [1] are selected on object 'Object Repository/HealthpostToCms/Page_HealthPost Store/select_--Select--Adernaline 0.'

2018-06-10 18:57:44 - [MESSAGE][PASSED] - All options with index in [1] are selected on object 'Object Repository/HealthpostToCms/Page_HealthPost Store/select_--Select--Adernaline 0.'

2018-06-10 18:57:44 - [TEST_STEP][PASSED] - setText: Text '100' is set on object 'Object Repository/HealthpostToCms/Page_HealthPost Store/input_txttreat'

2018-06-10 18:57:44 - [MESSAGE][PASSED] - Text '100' is set on object 'Object Repository/HealthpostToCms/Page_HealthPost Store/input_txttreat'

2018-06-10 18:57:45 - [TEST_STEP][PASSED] - click: Object: 'Object Repository/HealthpostToCms/Page_HealthPost Store/button_Add' is clicked on

2018-06-10 18:57:45 - [MESSAGE][PASSED] - Object: 'Object Repository/HealthpostToCms/Page_HealthPost Store/button_Add' is clicked on

2018-06-10 18:57:45 - [TEST_STEP][PASSED] - selectOptionByIndex: All options with index in [12] are selected on object 'Object Repository/HealthpostToCms/Page_HealthPost Store/select_--Select--Schedule 1Inj'

2018-06-10 18:57:45 - [MESSAGE][PASSED] - All options with index in [12] are selected on object 'Object Repository/HealthpostToCms/Page_HealthPost Store/select_--Select--Schedule 1Inj'

2018-06-10 18:57:45 - [TEST_STEP][PASSED] - selectOptionByIndex: All options with index in [2] are selected on object 'Object Repository/HealthpostToCms/Page_HealthPost Store/select_--Select--Adernaline 0.'

2018-06-10 18:57:45 - [MESSAGE][PASSED] - All options with index in [2] are selected on object 'Object Repository/HealthpostToCms/Page_HealthPost Store/select_--Select--Adernaline 0.'

2018-06-10 18:57:45 - [TEST_STEP][PASSED] - setText: Text '100' is set on object 'Object Repository/HealthpostToCms/Page_HealthPost Store/input_txttreat'

2018-06-10 18:57:45 - [MESSAGE][PASSED] - Text '100' is set on object 'Object Repository/HealthpostToCms/Page_HealthPost Store/input_txttreat'

2018-06-10 18:57:45 - [TEST_STEP][PASSED] - click: Object: 'Object Repository/HealthpostToCms/Page_HealthPost Store/button_Add' is clicked on

2018-06-10 18:57:45 - [MESSAGE][PASSED] - Object: 'Object Repository/HealthpostToCms/Page_HealthPost Store/button_Add' is clicked on

2018-06-10 18:57:45 - [TEST_STEP][PASSED] - selectOptionByIndex: All options with index in [12] are selected on object 'Object Repository/HealthpostToCms/Page_HealthPost Store/select_--Select--Schedule 1Inj'

2018-06-10 18:57:45 - [MESSAGE][PASSED] - All options with index in [12] are selected on object 'Object Repository/HealthpostToCms/Page_HealthPost Store/select_--Select--Schedule 1Inj'

2018-06-10 18:57:45 - [TEST_STEP][PASSED] - selectOptionByIndex: All options with index in [3] are selected on object 'Object Repository/HealthpostToCms/Page_HealthPost Store/select_--Select--Adernaline 0.'

2018-06-10 18:57:46 - [MESSAGE][PASSED] - All options with index in [3] are selected on object 'Object Repository/HealthpostToCms/Page_HealthPost Store/select_--Select--Adernaline 0.'

2018-06-10 18:57:46 - [TEST_STEP][PASSED] - setText: Text '100' is set on object 'Object Repository/HealthpostToCms/Page_HealthPost Store/input_txttreat'

2018-06-10 18:57:46 - [MESSAGE][PASSED] - Text '100' is set on object 'Object Repository/HealthpostToCms/Page_HealthPost Store/input_txttreat'

2018-06-10 18:57:46 - [TEST_STEP][PASSED] - click: Object: 'Object Repository/HealthpostToCms/Page_HealthPost Store/button_Add' is clicked on

2018-06-10 18:57:46 - [MESSAGE][PASSED] - Object: 'Object Repository/HealthpostToCms/Page_HealthPost Store/button_Add' is clicked on

2018-06-10 18:57:46 - [TEST_STEP][PASSED] - selectOptionByIndex: All options with index in [12] are selected on object 'Object Repository/HealthpostToCms/Page_HealthPost Store/select_--Select--Schedule 1Inj'

2018-06-10 18:57:46 - [MESSAGE][PASSED] - All options with index in [12] are selected on object 'Object Repository/HealthpostToCms/Page_HealthPost Store/select_--Select--Schedule 1Inj'

2018-06-10 18:57:46 - [TEST_STEP][PASSED] - selectOptionByIndex: All options with index in [4] are selected on object 'Object Repository/HealthpostToCms/Page_HealthPost Store/select_--Select--Adernaline 0.'

2018-06-10 18:57:46 - [MESSAGE][PASSED] - All options with index in [4] are selected on object 'Object Repository/HealthpostToCms/Page_HealthPost Store/select_--Select--Adernaline 0.'

2018-06-10 18:57:46 - [TEST_STEP][PASSED] - setText: Text '100' is set on object 'Object Repository/HealthpostToCms/Page_HealthPost Store/input_txttreat'

2018-06-10 18:57:46 - [MESSAGE][PASSED] - Text '100' is set on object 'Object Repository/HealthpostToCms/Page_HealthPost Store/input_txttreat'

2018-06-10 18:57:46 - [TEST_STEP][PASSED] - click: Object: 'Object Repository/HealthpostToCms/Page_HealthPost Store/button_Add' is clicked on

2018-06-10 18:57:46 - [MESSAGE][PASSED] - Object: 'Object Repository/HealthpostToCms/Page_HealthPost Store/button_Add' is clicked on

2018-06-10 18:57:46 - [TEST_STEP][PASSED] - selectOptionByIndex: All options with index in [12] are selected on object 'Object Repository/HealthpostToCms/Page_HealthPost Store/select_--Select--Schedule 1Inj'

2018-06-10 18:57:47 - [MESSAGE][PASSED] - All options with index in [12] are selected on object 'Object Repository/HealthpostToCms/Page_HealthPost Store/select_--Select--Schedule 1Inj'

2018-06-10 18:57:47 - [TEST_STEP][PASSED] - selectOptionByIndex: All options with index in [5] are selected on object 'Object Repository/HealthpostToCms/Page_HealthPost Store/select_--Select--Adernaline 0.'

2018-06-10 18:57:47 - [MESSAGE][PASSED] - All options with index in [5] are selected on object 'Object Repository/HealthpostToCms/Page_HealthPost Store/select_--Select--Adernaline 0.'

2018-06-10 18:57:47 - [TEST_STEP][PASSED] - setText: Text '100' is set on object 'Object Repository/HealthpostToCms/Page_HealthPost Store/input_txttreat'

2018-06-10 18:57:47 - [MESSAGE][PASSED] - Text '100' is set on object 'Object Repository/HealthpostToCms/Page_HealthPost Store/input_txttreat'

2018-06-10 18:57:47 - [TEST_STEP][PASSED] - click: Object: 'Object Repository/HealthpostToCms/Page_HealthPost Store/button_Add' is clicked on

2018-06-10 18:57:47 - [MESSAGE][PASSED] - Object: 'Object Repository/HealthpostToCms/Page_HealthPost Store/button_Add' is clicked on

2018-06-10 18:57:47 - [TEST_STEP][PASSED] - selectOptionByIndex: All options with index in [12] are selected on object 'Object Repository/HealthpostToCms/Page_HealthPost Store/select_--Select--Schedule 1Inj'

2018-06-10 18:57:47 - [MESSAGE][PASSED] - All options with index in [12] are selected on object 'Object Repository/HealthpostToCms/Page_HealthPost Store/select_--Select--Schedule 1Inj'

2018-06-10 18:57:47 - [TEST_STEP][PASSED] - selectOptionByIndex: All options with index in [6] are selected on object 'Object Repository/HealthpostToCms/Page_HealthPost Store/select_--Select--Adernaline 0.'

2018-06-10 18:57:47 - [MESSAGE][PASSED] - All options with index in [6] are selected on object 'Object Repository/HealthpostToCms/Page_HealthPost Store/select_--Select--Adernaline 0.'

2018-06-10 18:57:47 - [TEST_STEP][PASSED] - setText: Text '100' is set on object 'Object Repository/HealthpostToCms/Page_HealthPost Store/input_txttreat'

2018-06-10 18:57:47 - [MESSAGE][PASSED] - Text '100' is set on object 'Object Repository/HealthpostToCms/Page_HealthPost Store/input_txttreat'

2018-06-10 18:57:47 - [TEST_STEP][PASSED] - click: Object: 'Object Repository/HealthpostToCms/Page_HealthPost Store/button_Add' is clicked on

2018-06-10 18:57:47 - [MESSAGE][PASSED] - Object: 'Object Repository/HealthpostToCms/Page_HealthPost Store/button_Add' is clicked on

2018-06-10 18:57:47 - [TEST_STEP][PASSED] - selectOptionByIndex: All options with index in [12] are selected on object 'Object Repository/HealthpostToCms/Page_HealthPost Store/select_--Select--Schedule 1Inj'

2018-06-10 18:57:48 - [MESSAGE][PASSED] - All options with index in [12] are selected on object 'Object Repository/HealthpostToCms/Page_HealthPost Store/select_--Select--Schedule 1Inj'

2018-06-10 18:57:48 - [TEST_STEP][PASSED] - selectOptionByIndex: All options with index in [7] are selected on object 'Object Repository/HealthpostToCms/Page_HealthPost Store/select_--Select--Adernaline 0.'

2018-06-10 18:57:48 - [MESSAGE][PASSED] - All options with index in [7] are selected on object 'Object Repository/HealthpostToCms/Page_HealthPost Store/select_--Select--Adernaline 0.'

2018-06-10 18:57:48 - [TEST_STEP][PASSED] - setText: Text '100' is set on object 'Object Repository/HealthpostToCms/Page_HealthPost Store/input_txttreat'

2018-06-10 18:57:48 - [MESSAGE][PASSED] - Text '100' is set on object 'Object Repository/HealthpostToCms/Page_HealthPost Store/input_txttreat'

2018-06-10 18:57:48 - [TEST_STEP][PASSED] - click: Object: 'Object Repository/HealthpostToCms/Page_HealthPost Store/button_Add' is clicked on

2018-06-10 18:57:48 - [MESSAGE][PASSED] - Object: 'Object Repository/HealthpostToCms/Page_HealthPost Store/button_Add' is clicked on

2018-06-10 18:57:48 - [TEST_STEP][PASSED] - selectOptionByIndex: All options with index in [12] are selected on object 'Object Repository/HealthpostToCms/Page_HealthPost Store/select_--Select--Schedule 1Inj'

2018-06-10 18:57:48 - [MESSAGE][PASSED] - All options with index in [12] are selected on object 'Object Repository/HealthpostToCms/Page_HealthPost Store/select_--Select--Schedule 1Inj'

2018-06-10 18:57:48 - [TEST_STEP][PASSED] - selectOptionByIndex: All options with index in [8] are selected on object 'Object Repository/HealthpostToCms/Page_HealthPost Store/select_--Select--Adernaline 0.'

2018-06-10 18:57:49 - [MESSAGE][PASSED] - All options with index in [8] are selected on object 'Object Repository/HealthpostToCms/Page_HealthPost Store/select_--Select--Adernaline 0.'

2018-06-10 18:57:49 - [TEST_STEP][PASSED] - setText: Text '100' is set on object 'Object Repository/HealthpostToCms/Page_HealthPost Store/input_txttreat'

2018-06-10 18:57:49 - [MESSAGE][PASSED] - Text '100' is set on object 'Object Repository/HealthpostToCms/Page_HealthPost Store/input_txttreat'

2018-06-10 18:57:49 - [TEST_STEP][PASSED] - click: Object: 'Object Repository/HealthpostToCms/Page_HealthPost Store/button_Add' is clicked on

2018-06-10 18:57:49 - [MESSAGE][PASSED] - Object: 'Object Repository/HealthpostToCms/Page_HealthPost Store/button_Add' is clicked on

2018-06-10 18:57:49 - [TEST_STEP][PASSED] - selectOptionByIndex: All options with index in [12] are selected on object 'Object Repository/HealthpostToCms/Page_HealthPost Store/select_--Select--Schedule 1Inj'

2018-06-10 18:57:49 - [MESSAGE][PASSED] - All options with index in [12] are selected on object 'Object Repository/HealthpostToCms/Page_HealthPost Store/select_--Select--Schedule 1Inj'

2018-06-10 18:57:49 - [TEST_STEP][PASSED] - selectOptionByIndex: All options with index in [9] are selected on object 'Object Repository/HealthpostToCms/Page_HealthPost Store/select_--Select--Adernaline 0.'

2018-06-10 18:57:49 - [MESSAGE][PASSED] - All options with index in [9] are selected on object 'Object Repository/HealthpostToCms/Page_HealthPost Store/select_--Select--Adernaline 0.'

2018-06-10 18:57:49 - [TEST_STEP][PASSED] - setText: Text '100' is set on object 'Object Repository/HealthpostToCms/Page_HealthPost Store/input_txttreat'

2018-06-10 18:57:49 - [MESSAGE][PASSED] - Text '100' is set on object 'Object Repository/HealthpostToCms/Page_HealthPost Store/input_txttreat'

2018-06-10 18:57:49 - [TEST_STEP][PASSED] - click: Object: 'Object Repository/HealthpostToCms/Page_HealthPost Store/button_Add' is clicked on

2018-06-10 18:57:49 - [MESSAGE][PASSED] - Object: 'Object Repository/HealthpostToCms/Page_HealthPost Store/button_Add' is clicked on

2018-06-10 18:57:49 - [TEST_STEP][PASSED] - selectOptionByIndex: All options with index in [12] are selected on object 'Object Repository/HealthpostToCms/Page_HealthPost Store/select_--Select--Schedule 1Inj'

2018-06-10 18:57:50 - [MESSAGE][PASSED] - All options with index in [12] are selected on object 'Object Repository/HealthpostToCms/Page_HealthPost Store/select_--Select--Schedule 1Inj'

2018-06-10 18:57:50 - [TEST_STEP][PASSED] - selectOptionByIndex: All options with index in [10] are selected on object 'Object Repository/HealthpostToCms/Page_HealthPost Store/select_--Select--Adernaline 0.'

2018-06-10 18:57:50 - [MESSAGE][PASSED] - All options with index in [10] are selected on object 'Object Repository/HealthpostToCms/Page_HealthPost Store/select_--Select--Adernaline 0.'

2018-06-10 18:57:50 - [TEST_STEP][PASSED] - setText: Text '100' is set on object 'Object Repository/HealthpostToCms/Page_HealthPost Store/input_txttreat'

2018-06-10 18:57:50 - [MESSAGE][PASSED] - Text '100' is set on object 'Object Repository/HealthpostToCms/Page_HealthPost Store/input_txttreat'

2018-06-10 18:57:50 - [TEST_STEP][PASSED] - click: Object: 'Object Repository/HealthpostToCms/Page_HealthPost Store/button_Add' is clicked on

2018-06-10 18:57:50 - [MESSAGE][PASSED] - Object: 'Object Repository/HealthpostToCms/Page_HealthPost Store/button_Add' is clicked on

2018-06-10 18:57:50 - [TEST_STEP][PASSED] - selectOptionByIndex: All options with index in [12] are selected on object 'Object Repository/HealthpostToCms/Page_HealthPost Store/select_--Select--Schedule 1Inj'

2018-06-10 18:57:50 - [MESSAGE][PASSED] - All options with index in [12] are selected on object 'Object Repository/HealthpostToCms/Page_HealthPost Store/select_--Select--Schedule 1Inj'

2018-06-10 18:57:50 - [TEST_STEP][PASSED] - selectOptionByIndex: All options with index in [11] are selected on object 'Object Repository/HealthpostToCms/Page_HealthPost Store/select_--Select--Adernaline 0.'

2018-06-10 18:57:51 - [MESSAGE][PASSED] - All options with index in [11] are selected on object 'Object Repository/HealthpostToCms/Page_HealthPost Store/select_--Select--Adernaline 0.'

2018-06-10 18:57:51 - [TEST_STEP][PASSED] - setText: Text '100' is set on object 'Object Repository/HealthpostToCms/Page_HealthPost Store/input_txttreat'

2018-06-10 18:57:51 - [MESSAGE][PASSED] - Text '100' is set on object 'Object Repository/HealthpostToCms/Page_HealthPost Store/input_txttreat'

2018-06-10 18:57:51 - [TEST_STEP][PASSED] - click: Object: 'Object Repository/HealthpostToCms/Page_HealthPost Store/button_Add' is clicked on

2018-06-10 18:57:51 - [MESSAGE][PASSED] - Object: 'Object Repository/HealthpostToCms/Page_HealthPost Store/button_Add' is clicked on

2018-06-10 18:57:51 - [TEST_STEP][PASSED] - selectOptionByIndex: All options with index in [12] are selected on object 'Object Repository/HealthpostToCms/Page_HealthPost Store/select_--Select--Schedule 1Inj'

2018-06-10 18:57:51 - [MESSAGE][PASSED] - All options with index in [12] are selected on object 'Object Repository/HealthpostToCms/Page_HealthPost Store/select_--Select--Schedule 1Inj'

2018-06-10 18:57:51 - [TEST_STEP][PASSED] - selectOptionByIndex: All options with index in [12] are selected on object 'Object Repository/HealthpostToCms/Page_HealthPost Store/select_--Select--Adernaline 0.'

2018-06-10 18:57:51 - [MESSAGE][PASSED] - All options with index in [12] are selected on object 'Object Repository/HealthpostToCms/Page_HealthPost Store/select_--Select--Adernaline 0.'

2018-06-10 18:57:51 - [TEST_STEP][PASSED] - setText: Text '100' is set on object 'Object Repository/HealthpostToCms/Page_HealthPost Store/input_txttreat'

2018-06-10 18:57:51 - [MESSAGE][PASSED] - Text '100' is set on object 'Object Repository/HealthpostToCms/Page_HealthPost Store/input_txttreat'

2018-06-10 18:57:51 - [TEST_STEP][PASSED] - click: Object: 'Object Repository/HealthpostToCms/Page_HealthPost Store/button_Add' is clicked on

2018-06-10 18:57:51 - [MESSAGE][PASSED] - Object: 'Object Repository/HealthpostToCms/Page_HealthPost Store/button_Add' is clicked on

2018-06-10 18:57:51 - [TEST_STEP][PASSED] - selectOptionByIndex: All options with index in [12] are selected on object 'Object Repository/HealthpostToCms/Page_HealthPost Store/select_--Select--Schedule 1Inj'

2018-06-10 18:57:52 - [MESSAGE][PASSED] - All options with index in [12] are selected on object 'Object Repository/HealthpostToCms/Page_HealthPost Store/select_--Select--Schedule 1Inj'

2018-06-10 18:57:52 - [TEST_STEP][PASSED] - selectOptionByIndex: All options with index in [13] are selected on object 'Object Repository/HealthpostToCms/Page_HealthPost Store/select_--Select--Adernaline 0.'

2018-06-10 18:57:52 - [MESSAGE][PASSED] - All options with index in [13] are selected on object 'Object Repository/HealthpostToCms/Page_HealthPost Store/select_--Select--Adernaline 0.'

2018-06-10 18:57:52 - [TEST_STEP][PASSED] - setText: Text '100' is set on object 'Object Repository/HealthpostToCms/Page_HealthPost Store/input_txttreat'

2018-06-10 18:57:52 - [MESSAGE][PASSED] - Text '100' is set on object 'Object Repository/HealthpostToCms/Page_HealthPost Store/input_txttreat'

2018-06-10 18:57:52 - [TEST_STEP][PASSED] - click: Object: 'Object Repository/HealthpostToCms/Page_HealthPost Store/button_Add' is clicked on

2018-06-10 18:57:52 - [MESSAGE][PASSED] - Object: 'Object Repository/HealthpostToCms/Page_HealthPost Store/button_Add' is clicked on

2018-06-10 18:57:52 - [TEST_STEP][PASSED] - selectOptionByIndex: All options with index in [12] are selected on object 'Object Repository/HealthpostToCms/Page_HealthPost Store/select_--Select--Schedule 1Inj'

2018-06-10 18:57:52 - [MESSAGE][PASSED] - All options with index in [12] are selected on object 'Object Repository/HealthpostToCms/Page_HealthPost Store/select_--Select--Schedule 1Inj'

2018-06-10 18:57:52 - [TEST_STEP][PASSED] - selectOptionByIndex: All options with index in [14] are selected on object 'Object Repository/HealthpostToCms/Page_HealthPost Store/select_--Select--Adernaline 0.'

2018-06-10 18:57:52 - [MESSAGE][PASSED] - All options with index in [14] are selected on object 'Object Repository/HealthpostToCms/Page_HealthPost Store/select_--Select--Adernaline 0.'

2018-06-10 18:57:52 - [TEST_STEP][PASSED] - setText: Text '100' is set on object 'Object Repository/HealthpostToCms/Page_HealthPost Store/input_txttreat'

2018-06-10 18:57:53 - [MESSAGE][PASSED] - Text '100' is set on object 'Object Repository/HealthpostToCms/Page_HealthPost Store/input_txttreat'

2018-06-10 18:57:53 - [TEST_STEP][PASSED] - click: Object: 'Object Repository/HealthpostToCms/Page_HealthPost Store/button_Add' is clicked on

2018-06-10 18:57:53 - [MESSAGE][PASSED] - Object: 'Object Repository/HealthpostToCms/Page_HealthPost Store/button_Add' is clicked on

2018-06-10 18:57:53 - [TEST_STEP][PASSED] - selectOptionByIndex: All options with index in [12] are selected on object 'Object Repository/HealthpostToCms/Page_HealthPost Store/select_--Select--Schedule 1Inj'

2018-06-10 18:57:53 - [MESSAGE][PASSED] - All options with index in [12] are selected on object 'Object Repository/HealthpostToCms/Page_HealthPost Store/select_--Select--Schedule 1Inj'

2018-06-10 18:57:53 - [TEST_STEP][PASSED] - selectOptionByIndex: All options with index in [15] are selected on object 'Object Repository/HealthpostToCms/Page_HealthPost Store/select_--Select--Adernaline 0.'

2018-06-10 18:57:53 - [MESSAGE][PASSED] - All options with index in [15] are selected on object 'Object Repository/HealthpostToCms/Page_HealthPost Store/select_--Select--Adernaline 0.'

2018-06-10 18:57:53 - [TEST_STEP][PASSED] - setText: Text '100' is set on object 'Object Repository/HealthpostToCms/Page_HealthPost Store/input_txttreat'

2018-06-10 18:57:53 - [MESSAGE][PASSED] - Text '100' is set on object 'Object Repository/HealthpostToCms/Page_HealthPost Store/input_txttreat'

2018-06-10 18:57:53 - [TEST_STEP][PASSED] - click: Object: 'Object Repository/HealthpostToCms/Page_HealthPost Store/button_Add' is clicked on

2018-06-10 18:57:53 - [MESSAGE][PASSED] - Object: 'Object Repository/HealthpostToCms/Page_HealthPost Store/button_Add' is clicked on

2018-06-10 18:57:53 - [TEST_STEP][PASSED] - selectOptionByIndex: All options with index in [12] are selected on object 'Object Repository/HealthpostToCms/Page_HealthPost Store/select_--Select--Schedule 1Inj'

2018-06-10 18:57:54 - [MESSAGE][PASSED] - All options with index in [12] are selected on object 'Object Repository/HealthpostToCms/Page_HealthPost Store/select_--Select--Schedule 1Inj'

2018-06-10 18:57:54 - [TEST_STEP][PASSED] - selectOptionByIndex: All options with index in [16] are selected on object 'Object Repository/HealthpostToCms/Page_HealthPost Store/select_--Select--Adernaline 0.'

2018-06-10 18:57:54 - [MESSAGE][PASSED] - All options with index in [16] are selected on object 'Object Repository/HealthpostToCms/Page_HealthPost Store/select_--Select--Adernaline 0.'

2018-06-10 18:57:54 - [TEST_STEP][PASSED] - setText: Text '100' is set on object 'Object Repository/HealthpostToCms/Page_HealthPost Store/input_txttreat'

2018-06-10 18:57:54 - [MESSAGE][PASSED] - Text '100' is set on object 'Object Repository/HealthpostToCms/Page_HealthPost Store/input_txttreat'

2018-06-10 18:57:54 - [TEST_STEP][PASSED] - click: Object: 'Object Repository/HealthpostToCms/Page_HealthPost Store/button_Add' is clicked on

2018-06-10 18:57:54 - [MESSAGE][PASSED] - Object: 'Object Repository/HealthpostToCms/Page_HealthPost Store/button_Add' is clicked on

2018-06-10 18:57:54 - [TEST_STEP][PASSED] - selectOptionByIndex: All options with index in [12] are selected on object 'Object Repository/HealthpostToCms/Page_HealthPost Store/select_--Select--Schedule 1Inj'

2018-06-10 18:57:54 - [MESSAGE][PASSED] - All options with index in [12] are selected on object 'Object Repository/HealthpostToCms/Page_HealthPost Store/select_--Select--Schedule 1Inj'

2018-06-10 18:57:54 - [TEST_STEP][PASSED] - selectOptionByIndex: All options with index in [17] are selected on object 'Object Repository/HealthpostToCms/Page_HealthPost Store/select_--Select--Adernaline 0.'

2018-06-10 18:57:55 - [MESSAGE][PASSED] - All options with index in [17] are selected on object 'Object Repository/HealthpostToCms/Page_HealthPost Store/select_--Select--Adernaline 0.'

2018-06-10 18:57:55 - [TEST_STEP][PASSED] - setText: Text '100' is set on object 'Object Repository/HealthpostToCms/Page_HealthPost Store/input_txttreat'

2018-06-10 18:57:55 - [MESSAGE][PASSED] - Text '100' is set on object 'Object Repository/HealthpostToCms/Page_HealthPost Store/input_txttreat'

2018-06-10 18:57:55 - [TEST_STEP][PASSED] - click: Object: 'Object Repository/HealthpostToCms/Page_HealthPost Store/button_Add' is clicked on

2018-06-10 18:57:55 - [MESSAGE][PASSED] - Object: 'Object Repository/HealthpostToCms/Page_HealthPost Store/button_Add' is clicked on

2018-06-10 18:57:55 - [TEST_STEP][PASSED] - selectOptionByIndex: All options with index in [12] are selected on object 'Object Repository/HealthpostToCms/Page_HealthPost Store/select_--Select--Schedule 1Inj'

2018-06-10 18:57:55 - [MESSAGE][PASSED] - All options with index in [12] are selected on object 'Object Repository/HealthpostToCms/Page_HealthPost Store/select_--Select--Schedule 1Inj'

2018-06-10 18:57:55 - [TEST_STEP][PASSED] - selectOptionByIndex: All options with index in [18] are selected on object 'Object Repository/HealthpostToCms/Page_HealthPost Store/select_--Select--Adernaline 0.'

2018-06-10 18:57:55 - [MESSAGE][PASSED] - All options with index in [18] are selected on object 'Object Repository/HealthpostToCms/Page_HealthPost Store/select_--Select--Adernaline 0.'

2018-06-10 18:57:55 - [TEST_STEP][PASSED] - setText: Text '100' is set on object 'Object Repository/HealthpostToCms/Page_HealthPost Store/input_txttreat'

2018-06-10 18:57:55 - [MESSAGE][PASSED] - Text '100' is set on object 'Object Repository/HealthpostToCms/Page_HealthPost Store/input_txttreat'

2018-06-10 18:57:55 - [TEST_STEP][PASSED] - click: Object: 'Object Repository/HealthpostToCms/Page_HealthPost Store/button_Add' is clicked on

2018-06-10 18:57:55 - [MESSAGE][PASSED] - Object: 'Object Repository/HealthpostToCms/Page_HealthPost Store/button_Add' is clicked on

2018-06-10 18:57:55 - [TEST_STEP][PASSED] - scrollToElement: Scroll to object 'Object Repository/HealthpostToCms/Page_HealthPost Store/input_btnsave' successfully

2018-06-10 18:57:55 - [MESSAGE][PASSED] - Scroll to object 'Object Repository/HealthpostToCms/Page_HealthPost Store/input_btnsave' successfully

2018-06-10 18:57:55 - [TEST_STEP][PASSED] - click: Object: 'Object Repository/HealthpostToCms/Page_HealthPost Store/input_btnsave' is clicked on

2018-06-10 18:57:56 - [MESSAGE][PASSED] - Object: 'Object Repository/HealthpostToCms/Page_HealthPost Store/input_btnsave' is clicked on

2018-06-10 18:57:56 - [TEST_STEP][PASSED] - delay: Delayed 3 second(s)

2018-06-10 18:57:59 - [MESSAGE][PASSED] - Delayed 3 second(s)

2018-06-10 18:57:59 - [TEST_STEP][PASSED] - Statement - RN1 = com.kms.katalon.core.webui.keyword.WebUiBuiltInKeywords.getText(com.kms.katalon.core.testobject.ObjectRepository.findTestObject(HealthpostToCms/Page_HealthPost Store/font_PRNO18052018174)): Text of object 'Object Repository/HealthpostToCms/Page_HealthPost Store/font_PRNO18052018174' is: 'PRNO/10062018/805'

2018-06-10 18:57:59 - [MESSAGE][PASSED] - Text of object 'Object Repository/HealthpostToCms/Page_HealthPost Store/font_PRNO18052018174' is: 'PRNO/10062018/805'

2018-06-10 18:57:59 - [TEST_STEP][PASSED] - Statement - out.println(RN1): null

2018-06-10 18:57:59 - [TEST_STEP][PASSED] - Statement - RID = RN1.split("/")[2]: null

2018-06-10 18:57:59 - [TEST_STEP][PASSED] - click: Object: 'Object Repository/HealthpostToCms/Page_HealthPost Store/button_OK' is clicked on

2018-06-10 18:57:59 - [MESSAGE][PASSED] - Object: 'Object Repository/HealthpostToCms/Page_HealthPost Store/button_OK' is clicked on

2018-06-10 18:57:59 - [TEST_STEP][PASSED] - delay: Delayed 3 second(s)

2018-06-10 18:58:02 - [MESSAGE][PASSED] - Delayed 3 second(s)

2018-06-10 18:58:02 - [TEST_STEP][PASSED] - click: Object: 'Object Repository/HealthpostToCms/Page_HealthPost Store/a_dropdown-toggle' is clicked on

2018-06-10 18:58:02 - [MESSAGE][PASSED] - Object: 'Object Repository/HealthpostToCms/Page_HealthPost Store/a_dropdown-toggle' is clicked on

2018-06-10 18:58:02 - [TEST_STEP][PASSED] - click: Object: 'Object Repository/HealthpostToCms/Page_HealthPost Store/a_Sign out' is clicked on

2018-06-10 18:58:03 - [MESSAGE][PASSED] - Object: 'Object Repository/HealthpostToCms/Page_HealthPost Store/a_Sign out' is clicked on

2018-06-10 18:58:03 - [TEST_STEP][PASSED] - delay: Delayed 3 second(s)

2018-06-10 18:58:06 - [MESSAGE][PASSED] - Delayed 3 second(s)

2018-06-10 18:58:06 - [TEST_STEP][PASSED] - navigateToUrl: Navigate to 'http://192.168.137.1/multihospital_new/' successfully

2018-06-10 18:58:06 - [MESSAGE][PASSED] - Navigate to 'http://192.168.137.1/multihospital_new/' successfully

2018-06-10 18:58:06 - [TEST_STEP][PASSED] - click: Object: 'Object Repository/HealthpostToCms/Page_KDMC/a_CMO' is clicked on

2018-06-10 18:58:07 - [MESSAGE][PASSED] - Object: 'Object Repository/HealthpostToCms/Page_KDMC/a_CMO' is clicked on

2018-06-10 18:58:07 - [TEST_STEP][PASSED] - setText: Text 'guru' is set on object 'Object Repository/HealthpostToCms/Page_CMO login/input_txtusername'

2018-06-10 18:58:07 - [MESSAGE][PASSED] - Text 'guru' is set on object 'Object Repository/HealthpostToCms/Page_CMO login/input_txtusername'

2018-06-10 18:58:07 - [TEST_STEP][PASSED] - setText: Text '123' is set on object 'Object Repository/HealthpostToCms/Page_CMO login/input_txtpassword'

2018-06-10 18:58:07 - [MESSAGE][PASSED] - Text '123' is set on object 'Object Repository/HealthpostToCms/Page_CMO login/input_txtpassword'

2018-06-10 18:58:07 - [TEST_STEP][PASSED] - delay: Delayed 3 second(s)

2018-06-10 18:58:10 - [MESSAGE][PASSED] - Delayed 3 second(s)

2018-06-10 18:58:10 - [TEST_STEP][PASSED] - click: Object: 'Object Repository/HealthpostToCms/Page_CMO login/button_Sign in' is clicked on

2018-06-10 18:58:11 - [MESSAGE][PASSED] - Object: 'Object Repository/HealthpostToCms/Page_CMO login/button_Sign in' is clicked on

2018-06-10 18:58:11 - [TEST_STEP][PASSED] - delay: Delayed 3 second(s)

2018-06-10 18:58:14 - [MESSAGE][PASSED] - Delayed 3 second(s)

2018-06-10 18:58:14 - [TEST_STEP][PASSED] - click: Object: 'Object Repository/HealthpostToCms/Page_KDMC - CMO/a_CMS Request' is clicked on

2018-06-10 18:58:14 - [MESSAGE][PASSED] - Object: 'Object Repository/HealthpostToCms/Page_KDMC - CMO/a_CMS Request' is clicked on

2018-06-10 18:58:14 - [TEST_STEP][PASSED] - delay: Delayed 2 second(s)

2018-06-10 18:58:16 - [MESSAGE][PASSED] - Delayed 2 second(s)

2018-06-10 18:58:16 - [TEST_STEP][PASSED] - click: Object: 'Object Repository/HealthpostToCms/Page_KDMC - CMO/a_Healthpost Store Request' is clicked on

2018-06-10 18:58:17 - [MESSAGE][PASSED] - Object: 'Object Repository/HealthpostToCms/Page_KDMC - CMO/a_Healthpost Store Request' is clicked on

2018-06-10 18:58:17 - [TEST_STEP][PASSED] - selectOptionByIndex: All options with index in [1] are selected on object 'Object Repository/HealthpostToCms/Page_KDMC - CMO/select_--ALL--'

2018-06-10 18:58:17 - [MESSAGE][PASSED] - All options with index in [1] are selected on object 'Object Repository/HealthpostToCms/Page_KDMC - CMO/select_--ALL--'

2018-06-10 18:58:17 - [TEST_STEP][PASSED] - click: Object: 'Object Repository/HealthpostToCms/Page_KDMC - CMO/input_btnsearch' is clicked on

2018-06-10 18:58:17 - [MESSAGE][PASSED] - Object: 'Object Repository/HealthpostToCms/Page_KDMC - CMO/input_btnsearch' is clicked on

2018-06-10 18:58:17 - [TEST_STEP][PASSED] - Statement - ID = com.kms.katalon.core.webui.keyword.WebUiBuiltInKeywords.modifyObjectProperty(com.kms.katalon.core.testobject.ObjectRepository.findTestObject(lab/Page_KDMC - CMO/input_1), "xpath", "equals", "//*[@id=" + RID + "]", true): Modify property of object successfully

2018-06-10 18:58:17 - [MESSAGE][PASSED] - Modify property of object successfully

2018-06-10 18:58:17 - [TEST_STEP][PASSED] - click: Object: 'Object Repository/lab/Page_KDMC - CMO/input_1' is clicked on

2018-06-10 18:58:18 - [MESSAGE][PASSED] - Object: 'Object Repository/lab/Page_KDMC - CMO/input_1' is clicked on

2018-06-10 18:58:18 - [TEST_STEP][PASSED] - delay: Delayed 2 second(s)

2018-06-10 18:58:20 - [MESSAGE][PASSED] - Delayed 2 second(s)

2018-06-10 18:58:20 - [TEST_STEP][PASSED] - selectOptionByIndex: All options with index in [1] are selected on object 'Object Repository/HealthpostToCms/Page_KDMC - CMO/select_--Select--'

2018-06-10 18:58:20 - [MESSAGE][PASSED] - All options with index in [1] are selected on object 'Object Repository/HealthpostToCms/Page_KDMC - CMO/select_--Select--'

2018-06-10 18:58:20 - [TEST_STEP][PASSED] - click: Object: 'Object Repository/HealthpostToCms/Page_KDMC - CMO/input_btnupdate' is clicked on

2018-06-10 18:58:20 - [MESSAGE][PASSED] - Object: 'Object Repository/HealthpostToCms/Page_KDMC - CMO/input_btnupdate' is clicked on

2018-06-10 18:58:20 - [TEST_STEP][PASSED] - delay: Delayed 2 second(s)

2018-06-10 18:58:22 - [MESSAGE][PASSED] - Delayed 2 second(s)

2018-06-10 18:58:22 - [TEST_STEP][PASSED] - click: Object: 'Object Repository/HealthpostToCms/Page_KDMC - CMO/button_OK' is clicked on

2018-06-10 18:58:22 - [MESSAGE][PASSED] - Object: 'Object Repository/HealthpostToCms/Page_KDMC - CMO/button_OK' is clicked on

2018-06-10 18:58:22 - [TEST_STEP][PASSED] - delay: Delayed 3 second(s)

2018-06-10 18:58:25 - [MESSAGE][PASSED] - Delayed 3 second(s)

2018-06-10 18:58:25 - [TEST_STEP][PASSED] - click: Object: 'Object Repository/HealthpostToCms/Page_KDMC - CMO/a_dropdown-toggle' is clicked on

2018-06-10 18:58:26 - [MESSAGE][PASSED] - Object: 'Object Repository/HealthpostToCms/Page_KDMC - CMO/a_dropdown-toggle' is clicked on

2018-06-10 18:58:26 - [TEST_STEP][PASSED] - click: Object: 'Object Repository/HealthpostToCms/Page_KDMC - CMO/a_Sign out' is clicked on

2018-06-10 18:58:26 - [MESSAGE][PASSED] - Object: 'Object Repository/HealthpostToCms/Page_KDMC - CMO/a_Sign out' is clicked on

2018-06-10 18:58:26 - [TEST_STEP][PASSED] - delay: Delayed 3 second(s)

2018-06-10 18:58:29 - [MESSAGE][PASSED] - Delayed 3 second(s)

2018-06-10 18:58:29 - [TEST_STEP][PASSED] - click: Object: 'Object Repository/HealthpostToCms/Page_KDMC/a_CMS' is clicked on

2018-06-10 18:58:29 - [MESSAGE][PASSED] - Object: 'Object Repository/HealthpostToCms/Page_KDMC/a_CMS' is clicked on

2018-06-10 18:58:29 - [TEST_STEP][PASSED] - setText: Text 'bala' is set on object 'Object Repository/HealthpostToCms/Page_CMS login/input_txtusername'

2018-06-10 18:58:30 - [MESSAGE][PASSED] - Text 'bala' is set on object 'Object Repository/HealthpostToCms/Page_CMS login/input_txtusername'

2018-06-10 18:58:30 - [TEST_STEP][PASSED] - setText: Text '123' is set on object 'Object Repository/HealthpostToCms/Page_CMS login/input_txtpassword'

2018-06-10 18:58:30 - [MESSAGE][PASSED] - Text '123' is set on object 'Object Repository/HealthpostToCms/Page_CMS login/input_txtpassword'

2018-06-10 18:58:30 - [TEST_STEP][PASSED] - delay: Delayed 3 second(s)

2018-06-10 18:58:33 - [MESSAGE][PASSED] - Delayed 3 second(s)

2018-06-10 18:58:33 - [TEST_STEP][PASSED] - click: Object: 'Object Repository/HealthpostToCms/Page_CMS login/button_Sign in' is clicked on

2018-06-10 18:58:33 - [MESSAGE][PASSED] - Object: 'Object Repository/HealthpostToCms/Page_CMS login/button_Sign in' is clicked on

2018-06-10 18:58:33 - [TEST_STEP][PASSED] - delay: Delayed 3 second(s)

2018-06-10 18:58:36 - [MESSAGE][PASSED] - Delayed 3 second(s)

2018-06-10 18:58:36 - [TEST_STEP][PASSED] - click: Object: 'Object Repository/HealthpostToCms/Page_KDMC - CMS/a_Divisional Store' is clicked on

2018-06-10 18:58:36 - [MESSAGE][PASSED] - Object: 'Object Repository/HealthpostToCms/Page_KDMC - CMS/a_Divisional Store' is clicked on

2018-06-10 18:58:36 - [TEST_STEP][PASSED] - delay: Delayed 2 second(s)

2018-06-10 18:58:38 - [MESSAGE][PASSED] - Delayed 2 second(s)

2018-06-10 18:58:38 - [TEST_STEP][PASSED] - click: Object: 'Object Repository/HealthpostToCms/Page_KDMC - CMS/a_Dispatch Items' is clicked on

2018-06-10 18:58:39 - [MESSAGE][PASSED] - Object: 'Object Repository/HealthpostToCms/Page_KDMC - CMS/a_Dispatch Items' is clicked on

2018-06-10 18:58:39 - [TEST_STEP][PASSED] - delay: Delayed 2 second(s)

2018-06-10 18:58:41 - [MESSAGE][PASSED] - Delayed 2 second(s)

2018-06-10 18:58:41 - [TEST_STEP][PASSED] - setText: Text 'PRNO/10062018/805' is set on object 'Object Repository/HealthpostToCms/Page_KDMC - CMS/input'

2018-06-10 18:58:41 - [MESSAGE][PASSED] - Text 'PRNO/10062018/805' is set on object 'Object Repository/HealthpostToCms/Page_KDMC - CMS/input'

2018-06-10 18:58:41 - [TEST_STEP][PASSED] - click: Object: 'Object Repository/HealthpostToCms/Page_KDMC - CMS/input_PRNO18052018174' is clicked on

2018-06-10 18:58:42 - [MESSAGE][PASSED] - Object: 'Object Repository/HealthpostToCms/Page_KDMC - CMS/input_PRNO18052018174' is clicked on

2018-06-10 18:58:42 - [TEST_STEP][PASSED] - Statement - out.println("Length : " + medicineslength): null

2018-06-10 18:58:42 - [TEST_STEP][PASSED] - Statement - For ([row = 0, row < medicineslength - 1, (row++)]): null

2018-06-10 18:58:42 - [TEST_STEP][PASSED] - Statement - batchlength = new com.kms.katalon.core.testobject.TestObject(): null

2018-06-10 18:58:42 - [TEST_STEP][PASSED] - Statement - batchlength = com.kms.katalon.core.webui.keyword.WebUiBuiltInKeywords.modifyObjectProperty(batchlength, "xpath", "equals", "//*[@id = "fldvendor" + row + ""]", true): Modify property of object successfully

2018-06-10 18:58:42 - [MESSAGE][PASSED] - Modify property of object successfully

2018-06-10 18:58:42 - [TEST_STEP][PASSED] - Statement - batchsize = com.kms.katalon.core.webui.keyword.WebUiBuiltInKeywords.getNumberOfTotalOption(batchlength): 0 options of object '' counted

2018-06-10 18:58:43 - [MESSAGE][PASSED] - 0 options of object '' counted

2018-06-10 18:58:43 - [TEST_STEP][PASSED] - Statement - out.println("BatchSize : " + batchsize): null

2018-06-10 18:58:43 - [TEST_STEP][PASSED] - Statement - For ([n = 1, n <= batchsize - 1, (n++)]): null

2018-06-10 18:58:43 - [TEST_STEP][PASSED] - Statement - batchlength = new com.kms.katalon.core.testobject.TestObject(): null

2018-06-10 18:58:43 - [TEST_STEP][PASSED] - Statement - batchlength = com.kms.katalon.core.webui.keyword.WebUiBuiltInKeywords.modifyObjectProperty(batchlength, "xpath", "equals", "//*[@id = "fldvendor" + row + ""]", true): Modify property of object successfully

2018-06-10 18:58:43 - [MESSAGE][PASSED] - Modify property of object successfully

2018-06-10 18:58:43 - [TEST_STEP][PASSED] - Statement - batchsize = com.kms.katalon.core.webui.keyword.WebUiBuiltInKeywords.getNumberOfTotalOption(batchlength): 12 options of object '' counted

2018-06-10 18:58:43 - [MESSAGE][PASSED] - 12 options of object '' counted

2018-06-10 18:58:43 - [TEST_STEP][PASSED] - Statement - out.println("BatchSize : " + batchsize): null

2018-06-10 18:58:43 - [TEST_STEP][PASSED] - Statement - For ([n = 1, n <= batchsize - 1, (n++)]): null

2018-06-10 18:58:43 - [TEST_STEP][PASSED] - Statement - product = new com.kms.katalon.core.testobject.TestObject(): null

2018-06-10 18:58:43 - [TEST_STEP][PASSED] - Statement - product = com.kms.katalon.core.webui.keyword.WebUiBuiltInKeywords.modifyObjectProperty(product, "xpath", "equals", "//*[@id = "fldvendor" + row + ""]", true): Modify property of object successfully

2018-06-10 18:58:43 - [MESSAGE][PASSED] - Modify property of object successfully

2018-06-10 18:58:43 - [TEST_STEP][PASSED] - selectOptionByIndex: All options with index in [1] are selected on object ''

2018-06-10 18:58:43 - [MESSAGE][PASSED] - All options with index in [1] are selected on object ''

2018-06-10 18:58:43 - [TEST_STEP][PASSED] - Statement - batch = new com.kms.katalon.core.testobject.TestObject(): null

2018-06-10 18:58:43 - [TEST_STEP][PASSED] - Statement - batch = com.kms.katalon.core.webui.keyword.WebUiBuiltInKeywords.modifyObjectProperty(batch, "xpath", "equals", "//*[@id = "txtbthqty" + row + ""]", true): Modify property of object successfully

2018-06-10 18:58:43 - [MESSAGE][PASSED] - Modify property of object successfully

2018-06-10 18:58:43 - [TEST_STEP][PASSED] - Statement - batchqty = com.kms.katalon.core.webui.keyword.WebUiBuiltInKeywords.getAttribute(batch, "value").trim(): Attribute 'value' of object '' is: '49600'

2018-06-10 18:58:43 - [MESSAGE][PASSED] - Attribute 'value' of object '' is: '49600'

2018-06-10 18:58:43 - [TEST_STEP][PASSED] - Statement - Rqty = 100: null

2018-06-10 18:58:43 - [TEST_STEP][PASSED] - delay: Delayed 2 second(s)

2018-06-10 18:58:45 - [MESSAGE][PASSED] - Delayed 2 second(s)

2018-06-10 18:58:45 - [TEST_STEP][PASSED] - Statement - out.println("BatchQty : " + batchqty): null

2018-06-10 18:58:45 - [TEST_STEP][PASSED] - Statement - out.println("RQty : " + Rqty): null

2018-06-10 18:58:45 - [TEST_STEP][PASSED] - Statement - If (java.lang.Integer.valueOf(batchqty) >= java.lang.Integer.valueOf(Rqty)): null

2018-06-10 18:58:45 - [TEST_STEP][PASSED] - Statement - Break: null

2018-06-10 18:58:45 - [TEST_STEP][PASSED] - Statement - batchlength = new com.kms.katalon.core.testobject.TestObject(): null

2018-06-10 18:58:45 - [TEST_STEP][PASSED] - Statement - batchlength = com.kms.katalon.core.webui.keyword.WebUiBuiltInKeywords.modifyObjectProperty(batchlength, "xpath", "equals", "//*[@id = "fldvendor" + row + ""]", true): Modify property of object successfully

2018-06-10 18:58:45 - [MESSAGE][PASSED] - Modify property of object successfully

2018-06-10 18:58:45 - [TEST_STEP][PASSED] - Statement - batchsize = com.kms.katalon.core.webui.keyword.WebUiBuiltInKeywords.getNumberOfTotalOption(batchlength): 12 options of object '' counted

2018-06-10 18:58:45 - [MESSAGE][PASSED] - 12 options of object '' counted

2018-06-10 18:58:45 - [TEST_STEP][PASSED] - Statement - out.println("BatchSize : " + batchsize): null

2018-06-10 18:58:45 - [TEST_STEP][PASSED] - Statement - For ([n = 1, n <= batchsize - 1, (n++)]): null

2018-06-10 18:58:45 - [TEST_STEP][PASSED] - Statement - product = new com.kms.katalon.core.testobject.TestObject(): null

2018-06-10 18:58:45 - [TEST_STEP][PASSED] - Statement - product = com.kms.katalon.core.webui.keyword.WebUiBuiltInKeywords.modifyObjectProperty(product, "xpath", "equals", "//*[@id = "fldvendor" + row + ""]", true): Modify property of object successfully

2018-06-10 18:58:45 - [MESSAGE][PASSED] - Modify property of object successfully

2018-06-10 18:58:45 - [TEST_STEP][PASSED] - selectOptionByIndex: All options with index in [1] are selected on object ''

2018-06-10 18:58:45 - [MESSAGE][PASSED] - All options with index in [1] are selected on object ''

2018-06-10 18:58:45 - [TEST_STEP][PASSED] - Statement - batch = new com.kms.katalon.core.testobject.TestObject(): null

2018-06-10 18:58:45 - [TEST_STEP][PASSED] - Statement - batch = com.kms.katalon.core.webui.keyword.WebUiBuiltInKeywords.modifyObjectProperty(batch, "xpath", "equals", "//*[@id = "txtbthqty" + row + ""]", true): Modify property of object successfully

2018-06-10 18:58:45 - [MESSAGE][PASSED] - Modify property of object successfully

2018-06-10 18:58:45 - [TEST_STEP][PASSED] - Statement - batchqty = com.kms.katalon.core.webui.keyword.WebUiBuiltInKeywords.getAttribute(batch, "value").trim(): Attribute 'value' of object '' is: '49600'

2018-06-10 18:58:45 - [MESSAGE][PASSED] - Attribute 'value' of object '' is: '49600'

2018-06-10 18:58:45 - [TEST_STEP][PASSED] - Statement - Rqty = 100: null

2018-06-10 18:58:45 - [TEST_STEP][PASSED] - delay: Delayed 2 second(s)

2018-06-10 18:58:47 - [MESSAGE][PASSED] - Delayed 2 second(s)

2018-06-10 18:58:47 - [TEST_STEP][PASSED] - Statement - out.println("BatchQty : " + batchqty): null

2018-06-10 18:58:47 - [TEST_STEP][PASSED] - Statement - out.println("RQty : " + Rqty): null

2018-06-10 18:58:47 - [TEST_STEP][PASSED] - Statement - If (java.lang.Integer.valueOf(batchqty) >= java.lang.Integer.valueOf(Rqty)): null

2018-06-10 18:58:47 - [TEST_STEP][PASSED] - Statement - Break: null

2018-06-10 18:58:47 - [TEST_STEP][PASSED] - Statement - batchlength = new com.kms.katalon.core.testobject.TestObject(): null

2018-06-10 18:58:47 - [TEST_STEP][PASSED] - Statement - batchlength = com.kms.katalon.core.webui.keyword.WebUiBuiltInKeywords.modifyObjectProperty(batchlength, "xpath", "equals", "//*[@id = "fldvendor" + row + ""]", true): Modify property of object successfully

2018-06-10 18:58:47 - [MESSAGE][PASSED] - Modify property of object successfully

2018-06-10 18:58:47 - [TEST_STEP][PASSED] - Statement - batchsize = com.kms.katalon.core.webui.keyword.WebUiBuiltInKeywords.getNumberOfTotalOption(batchlength): 12 options of object '' counted

2018-06-10 18:58:47 - [MESSAGE][PASSED] - 12 options of object '' counted

2018-06-10 18:58:47 - [TEST_STEP][PASSED] - Statement - out.println("BatchSize : " + batchsize): null

2018-06-10 18:58:47 - [TEST_STEP][PASSED] - Statement - For ([n = 1, n <= batchsize - 1, (n++)]): null

2018-06-10 18:58:47 - [TEST_STEP][PASSED] - Statement - product = new com.kms.katalon.core.testobject.TestObject(): null

2018-06-10 18:58:47 - [TEST_STEP][PASSED] - Statement - product = com.kms.katalon.core.webui.keyword.WebUiBuiltInKeywords.modifyObjectProperty(product, "xpath", "equals", "//*[@id = "fldvendor" + row + ""]", true): Modify property of object successfully

2018-06-10 18:58:47 - [MESSAGE][PASSED] - Modify property of object successfully

2018-06-10 18:58:47 - [TEST_STEP][PASSED] - selectOptionByIndex: All options with index in [1] are selected on object ''

2018-06-10 18:58:47 - [MESSAGE][PASSED] - All options with index in [1] are selected on object ''

2018-06-10 18:58:47 - [TEST_STEP][PASSED] - Statement - batch = new com.kms.katalon.core.testobject.TestObject(): null

2018-06-10 18:58:47 - [TEST_STEP][PASSED] - Statement - batch = com.kms.katalon.core.webui.keyword.WebUiBuiltInKeywords.modifyObjectProperty(batch, "xpath", "equals", "//*[@id = "txtbthqty" + row + ""]", true): Modify property of object successfully

2018-06-10 18:58:47 - [MESSAGE][PASSED] - Modify property of object successfully

2018-06-10 18:58:47 - [TEST_STEP][PASSED] - Statement - batchqty = com.kms.katalon.core.webui.keyword.WebUiBuiltInKeywords.getAttribute(batch, "value").trim(): Attribute 'value' of object '' is: '49600'

2018-06-10 18:58:47 - [MESSAGE][PASSED] - Attribute 'value' of object '' is: '49600'

2018-06-10 18:58:47 - [TEST_STEP][PASSED] - Statement - Rqty = 100: null

2018-06-10 18:58:47 - [TEST_STEP][PASSED] - delay: Delayed 2 second(s)

2018-06-10 18:58:49 - [MESSAGE][PASSED] - Delayed 2 second(s)

2018-06-10 18:58:49 - [TEST_STEP][PASSED] - Statement - out.println("BatchQty : " + batchqty): null

2018-06-10 18:58:49 - [TEST_STEP][PASSED] - Statement - out.println("RQty : " + Rqty): null

2018-06-10 18:58:49 - [TEST_STEP][PASSED] - Statement - If (java.lang.Integer.valueOf(batchqty) >= java.lang.Integer.valueOf(Rqty)): null

2018-06-10 18:58:49 - [TEST_STEP][PASSED] - Statement - Break: null

2018-06-10 18:58:49 - [TEST_STEP][PASSED] - Statement - batchlength = new com.kms.katalon.core.testobject.TestObject(): null

2018-06-10 18:58:49 - [TEST_STEP][PASSED] - Statement - batchlength = com.kms.katalon.core.webui.keyword.WebUiBuiltInKeywords.modifyObjectProperty(batchlength, "xpath", "equals", "//*[@id = "fldvendor" + row + ""]", true): Modify property of object successfully

2018-06-10 18:58:49 - [MESSAGE][PASSED] - Modify property of object successfully

2018-06-10 18:58:49 - [TEST_STEP][PASSED] - Statement - batchsize = com.kms.katalon.core.webui.keyword.WebUiBuiltInKeywords.getNumberOfTotalOption(batchlength): 12 options of object '' counted

2018-06-10 18:58:50 - [MESSAGE][PASSED] - 12 options of object '' counted

2018-06-10 18:58:50 - [TEST_STEP][PASSED] - Statement - out.println("BatchSize : " + batchsize): null

2018-06-10 18:58:50 - [TEST_STEP][PASSED] - Statement - For ([n = 1, n <= batchsize - 1, (n++)]): null

2018-06-10 18:58:50 - [TEST_STEP][PASSED] - Statement - product = new com.kms.katalon.core.testobject.TestObject(): null

2018-06-10 18:58:50 - [TEST_STEP][PASSED] - Statement - product = com.kms.katalon.core.webui.keyword.WebUiBuiltInKeywords.modifyObjectProperty(product, "xpath", "equals", "//*[@id = "fldvendor" + row + ""]", true): Modify property of object successfully

2018-06-10 18:58:50 - [MESSAGE][PASSED] - Modify property of object successfully

2018-06-10 18:58:50 - [TEST_STEP][PASSED] - selectOptionByIndex: All options with index in [1] are selected on object ''

2018-06-10 18:58:50 - [MESSAGE][PASSED] - All options with index in [1] are selected on object ''

2018-06-10 18:58:50 - [TEST_STEP][PASSED] - Statement - batch = new com.kms.katalon.core.testobject.TestObject(): null

2018-06-10 18:58:50 - [TEST_STEP][PASSED] - Statement - batch = com.kms.katalon.core.webui.keyword.WebUiBuiltInKeywords.modifyObjectProperty(batch, "xpath", "equals", "//*[@id = "txtbthqty" + row + ""]", true): Modify property of object successfully

2018-06-10 18:58:50 - [MESSAGE][PASSED] - Modify property of object successfully

2018-06-10 18:58:50 - [TEST_STEP][PASSED] - Statement - batchqty = com.kms.katalon.core.webui.keyword.WebUiBuiltInKeywords.getAttribute(batch, "value").trim(): Attribute 'value' of object '' is: '47700'

2018-06-10 18:58:50 - [MESSAGE][PASSED] - Attribute 'value' of object '' is: '47700'

2018-06-10 18:58:50 - [TEST_STEP][PASSED] - Statement - Rqty = 100: null

2018-06-10 18:58:50 - [TEST_STEP][PASSED] - delay: Delayed 2 second(s)

2018-06-10 18:58:52 - [MESSAGE][PASSED] - Delayed 2 second(s)

2018-06-10 18:58:52 - [TEST_STEP][PASSED] - Statement - out.println("BatchQty : " + batchqty): null

2018-06-10 18:58:52 - [TEST_STEP][PASSED] - Statement - out.println("RQty : " + Rqty): null

2018-06-10 18:58:52 - [TEST_STEP][PASSED] - Statement - If (java.lang.Integer.valueOf(batchqty) >= java.lang.Integer.valueOf(Rqty)): null

2018-06-10 18:58:52 - [TEST_STEP][PASSED] - Statement - Break: null

2018-06-10 18:58:52 - [TEST_STEP][PASSED] - Statement - batchlength = new com.kms.katalon.core.testobject.TestObject(): null

2018-06-10 18:58:52 - [TEST_STEP][PASSED] - Statement - batchlength = com.kms.katalon.core.webui.keyword.WebUiBuiltInKeywords.modifyObjectProperty(batchlength, "xpath", "equals", "//*[@id = "fldvendor" + row + ""]", true): Modify property of object successfully

2018-06-10 18:58:52 - [MESSAGE][PASSED] - Modify property of object successfully

2018-06-10 18:58:52 - [TEST_STEP][PASSED] - Statement - batchsize = com.kms.katalon.core.webui.keyword.WebUiBuiltInKeywords.getNumberOfTotalOption(batchlength): 12 options of object '' counted

2018-06-10 18:58:52 - [MESSAGE][PASSED] - 12 options of object '' counted

2018-06-10 18:58:52 - [TEST_STEP][PASSED] - Statement - out.println("BatchSize : " + batchsize): null

2018-06-10 18:58:52 - [TEST_STEP][PASSED] - Statement - For ([n = 1, n <= batchsize - 1, (n++)]): null

2018-06-10 18:58:52 - [TEST_STEP][PASSED] - Statement - product = new com.kms.katalon.core.testobject.TestObject(): null

2018-06-10 18:58:52 - [TEST_STEP][PASSED] - Statement - product = com.kms.katalon.core.webui.keyword.WebUiBuiltInKeywords.modifyObjectProperty(product, "xpath", "equals", "//*[@id = "fldvendor" + row + ""]", true): Modify property of object successfully

2018-06-10 18:58:52 - [MESSAGE][PASSED] - Modify property of object successfully

2018-06-10 18:58:52 - [TEST_STEP][PASSED] - selectOptionByIndex: All options with index in [1] are selected on object ''

2018-06-10 18:58:52 - [MESSAGE][PASSED] - All options with index in [1] are selected on object ''

2018-06-10 18:58:52 - [TEST_STEP][PASSED] - Statement - batch = new com.kms.katalon.core.testobject.TestObject(): null

2018-06-10 18:58:52 - [TEST_STEP][PASSED] - Statement - batch = com.kms.katalon.core.webui.keyword.WebUiBuiltInKeywords.modifyObjectProperty(batch, "xpath", "equals", "//*[@id = "txtbthqty" + row + ""]", true): Modify property of object successfully

2018-06-10 18:58:52 - [MESSAGE][PASSED] - Modify property of object successfully

2018-06-10 18:58:52 - [TEST_STEP][PASSED] - Statement - batchqty = com.kms.katalon.core.webui.keyword.WebUiBuiltInKeywords.getAttribute(batch, "value").trim(): Attribute 'value' of object '' is: '46600'

2018-06-10 18:58:52 - [MESSAGE][PASSED] - Attribute 'value' of object '' is: '46600'

2018-06-10 18:58:52 - [TEST_STEP][PASSED] - Statement - Rqty = 100: null

2018-06-10 18:58:52 - [TEST_STEP][PASSED] - delay: Delayed 2 second(s)

2018-06-10 18:58:54 - [MESSAGE][PASSED] - Delayed 2 second(s)

2018-06-10 18:58:54 - [TEST_STEP][PASSED] - Statement - out.println("BatchQty : " + batchqty): null

2018-06-10 18:58:54 - [TEST_STEP][PASSED] - Statement - out.println("RQty : " + Rqty): null

2018-06-10 18:58:54 - [TEST_STEP][PASSED] - Statement - If (java.lang.Integer.valueOf(batchqty) >= java.lang.Integer.valueOf(Rqty)): null

2018-06-10 18:58:54 - [TEST_STEP][PASSED] - Statement - Break: null

2018-06-10 18:58:54 - [TEST_STEP][PASSED] - Statement - batchlength = new com.kms.katalon.core.testobject.TestObject(): null

2018-06-10 18:58:54 - [TEST_STEP][PASSED] - Statement - batchlength = com.kms.katalon.core.webui.keyword.WebUiBuiltInKeywords.modifyObjectProperty(batchlength, "xpath", "equals", "//*[@id = "fldvendor" + row + ""]", true): Modify property of object successfully

2018-06-10 18:58:54 - [MESSAGE][PASSED] - Modify property of object successfully

2018-06-10 18:58:54 - [TEST_STEP][PASSED] - Statement - batchsize = com.kms.katalon.core.webui.keyword.WebUiBuiltInKeywords.getNumberOfTotalOption(batchlength): 12 options of object '' counted

2018-06-10 18:58:54 - [MESSAGE][PASSED] - 12 options of object '' counted

2018-06-10 18:58:54 - [TEST_STEP][PASSED] - Statement - out.println("BatchSize : " + batchsize): null

2018-06-10 18:58:54 - [TEST_STEP][PASSED] - Statement - For ([n = 1, n <= batchsize - 1, (n++)]): null

2018-06-10 18:58:54 - [TEST_STEP][PASSED] - Statement - product = new com.kms.katalon.core.testobject.TestObject(): null

2018-06-10 18:58:54 - [TEST_STEP][PASSED] - Statement - product = com.kms.katalon.core.webui.keyword.WebUiBuiltInKeywords.modifyObjectProperty(product, "xpath", "equals", "//*[@id = "fldvendor" + row + ""]", true): Modify property of object successfully

2018-06-10 18:58:54 - [MESSAGE][PASSED] - Modify property of object successfully

2018-06-10 18:58:54 - [TEST_STEP][PASSED] - selectOptionByIndex: All options with index in [1] are selected on object ''

2018-06-10 18:58:54 - [MESSAGE][PASSED] - All options with index in [1] are selected on object ''

2018-06-10 18:58:54 - [TEST_STEP][PASSED] - Statement - batch = new com.kms.katalon.core.testobject.TestObject(): null

2018-06-10 18:58:54 - [TEST_STEP][PASSED] - Statement - batch = com.kms.katalon.core.webui.keyword.WebUiBuiltInKeywords.modifyObjectProperty(batch, "xpath", "equals", "//*[@id = "txtbthqty" + row + ""]", true): Modify property of object successfully

2018-06-10 18:58:54 - [MESSAGE][PASSED] - Modify property of object successfully

2018-06-10 18:58:54 - [TEST_STEP][PASSED] - Statement - batchqty = com.kms.katalon.core.webui.keyword.WebUiBuiltInKeywords.getAttribute(batch, "value").trim(): Attribute 'value' of object '' is: '47500'

2018-06-10 18:58:54 - [MESSAGE][PASSED] - Attribute 'value' of object '' is: '47500'

2018-06-10 18:58:54 - [TEST_STEP][PASSED] - Statement - Rqty = 100: null

2018-06-10 18:58:54 - [TEST_STEP][PASSED] - delay: Delayed 2 second(s)

2018-06-10 18:58:56 - [MESSAGE][PASSED] - Delayed 2 second(s)

2018-06-10 18:58:56 - [TEST_STEP][PASSED] - Statement - out.println("BatchQty : " + batchqty): null

2018-06-10 18:58:56 - [TEST_STEP][PASSED] - Statement - out.println("RQty : " + Rqty): null

2018-06-10 18:58:56 - [TEST_STEP][PASSED] - Statement - If (java.lang.Integer.valueOf(batchqty) >= java.lang.Integer.valueOf(Rqty)): null

2018-06-10 18:58:56 - [TEST_STEP][PASSED] - Statement - Break: null

2018-06-10 18:58:56 - [TEST_STEP][PASSED] - Statement - batchlength = new com.kms.katalon.core.testobject.TestObject(): null

2018-06-10 18:58:56 - [TEST_STEP][PASSED] - Statement - batchlength = com.kms.katalon.core.webui.keyword.WebUiBuiltInKeywords.modifyObjectProperty(batchlength, "xpath", "equals", "//*[@id = "fldvendor" + row + ""]", true): Modify property of object successfully

2018-06-10 18:58:56 - [MESSAGE][PASSED] - Modify property of object successfully

2018-06-10 18:58:56 - [TEST_STEP][PASSED] - Statement - batchsize = com.kms.katalon.core.webui.keyword.WebUiBuiltInKeywords.getNumberOfTotalOption(batchlength): 12 options of object '' counted

2018-06-10 18:58:56 - [MESSAGE][PASSED] - 12 options of object '' counted

2018-06-10 18:58:56 - [TEST_STEP][PASSED] - Statement - out.println("BatchSize : " + batchsize): null

2018-06-10 18:58:56 - [TEST_STEP][PASSED] - Statement - For ([n = 1, n <= batchsize - 1, (n++)]): null

2018-06-10 18:58:56 - [TEST_STEP][PASSED] - Statement - product = new com.kms.katalon.core.testobject.TestObject(): null

2018-06-10 18:58:56 - [TEST_STEP][PASSED] - Statement - product = com.kms.katalon.core.webui.keyword.WebUiBuiltInKeywords.modifyObjectProperty(product, "xpath", "equals", "//*[@id = "fldvendor" + row + ""]", true): Modify property of object successfully

2018-06-10 18:58:56 - [MESSAGE][PASSED] - Modify property of object successfully

2018-06-10 18:58:56 - [TEST_STEP][PASSED] - selectOptionByIndex: All options with index in [1] are selected on object ''

2018-06-10 18:58:56 - [MESSAGE][PASSED] - All options with index in [1] are selected on object ''

2018-06-10 18:58:56 - [TEST_STEP][PASSED] - Statement - batch = new com.kms.katalon.core.testobject.TestObject(): null

2018-06-10 18:58:56 - [TEST_STEP][PASSED] - Statement - batch = com.kms.katalon.core.webui.keyword.WebUiBuiltInKeywords.modifyObjectProperty(batch, "xpath", "equals", "//*[@id = "txtbthqty" + row + ""]", true): Modify property of object successfully

2018-06-10 18:58:56 - [MESSAGE][PASSED] - Modify property of object successfully

2018-06-10 18:58:56 - [TEST_STEP][PASSED] - Statement - batchqty = com.kms.katalon.core.webui.keyword.WebUiBuiltInKeywords.getAttribute(batch, "value").trim(): Attribute 'value' of object '' is: '35600'

2018-06-10 18:58:56 - [MESSAGE][PASSED] - Attribute 'value' of object '' is: '35600'

2018-06-10 18:58:56 - [TEST_STEP][PASSED] - Statement - Rqty = 100: null

2018-06-10 18:58:56 - [TEST_STEP][PASSED] - delay: Delayed 2 second(s)

2018-06-10 18:58:58 - [MESSAGE][PASSED] - Delayed 2 second(s)

2018-06-10 18:58:58 - [TEST_STEP][PASSED] - Statement - out.println("BatchQty : " + batchqty): null

2018-06-10 18:58:58 - [TEST_STEP][PASSED] - Statement - out.println("RQty : " + Rqty): null

2018-06-10 18:58:58 - [TEST_STEP][PASSED] - Statement - If (java.lang.Integer.valueOf(batchqty) >= java.lang.Integer.valueOf(Rqty)): null

2018-06-10 18:58:58 - [TEST_STEP][PASSED] - Statement - Break: null

2018-06-10 18:58:58 - [TEST_STEP][PASSED] - Statement - batchlength = new com.kms.katalon.core.testobject.TestObject(): null

2018-06-10 18:58:58 - [TEST_STEP][PASSED] - Statement - batchlength = com.kms.katalon.core.webui.keyword.WebUiBuiltInKeywords.modifyObjectProperty(batchlength, "xpath", "equals", "//*[@id = "fldvendor" + row + ""]", true): Modify property of object successfully

2018-06-10 18:58:58 - [MESSAGE][PASSED] - Modify property of object successfully

2018-06-10 18:58:58 - [TEST_STEP][PASSED] - Statement - batchsize = com.kms.katalon.core.webui.keyword.WebUiBuiltInKeywords.getNumberOfTotalOption(batchlength): 12 options of object '' counted

2018-06-10 18:58:59 - [MESSAGE][PASSED] - 12 options of object '' counted

2018-06-10 18:58:59 - [TEST_STEP][PASSED] - Statement - out.println("BatchSize : " + batchsize): null

2018-06-10 18:58:59 - [TEST_STEP][PASSED] - Statement - For ([n = 1, n <= batchsize - 1, (n++)]): null

2018-06-10 18:58:59 - [TEST_STEP][PASSED] - Statement - product = new com.kms.katalon.core.testobject.TestObject(): null

2018-06-10 18:58:59 - [TEST_STEP][PASSED] - Statement - product = com.kms.katalon.core.webui.keyword.WebUiBuiltInKeywords.modifyObjectProperty(product, "xpath", "equals", "//*[@id = "fldvendor" + row + ""]", true): Modify property of object successfully

2018-06-10 18:58:59 - [MESSAGE][PASSED] - Modify property of object successfully

2018-06-10 18:58:59 - [TEST_STEP][PASSED] - selectOptionByIndex: All options with index in [1] are selected on object ''

2018-06-10 18:58:59 - [MESSAGE][PASSED] - All options with index in [1] are selected on object ''

2018-06-10 18:58:59 - [TEST_STEP][PASSED] - Statement - batch = new com.kms.katalon.core.testobject.TestObject(): null

2018-06-10 18:58:59 - [TEST_STEP][PASSED] - Statement - batch = com.kms.katalon.core.webui.keyword.WebUiBuiltInKeywords.modifyObjectProperty(batch, "xpath", "equals", "//*[@id = "txtbthqty" + row + ""]", true): Modify property of object successfully

2018-06-10 18:58:59 - [MESSAGE][PASSED] - Modify property of object successfully

2018-06-10 18:58:59 - [TEST_STEP][PASSED] - Statement - batchqty = com.kms.katalon.core.webui.keyword.WebUiBuiltInKeywords.getAttribute(batch, "value").trim(): Attribute 'value' of object '' is: '47500'

2018-06-10 18:58:59 - [MESSAGE][PASSED] - Attribute 'value' of object '' is: '47500'

2018-06-10 18:58:59 - [TEST_STEP][PASSED] - Statement - Rqty = 100: null

2018-06-10 18:58:59 - [TEST_STEP][PASSED] - delay: Delayed 2 second(s)

2018-06-10 18:59:01 - [MESSAGE][PASSED] - Delayed 2 second(s)

2018-06-10 18:59:01 - [TEST_STEP][PASSED] - Statement - out.println("BatchQty : " + batchqty): null

2018-06-10 18:59:01 - [TEST_STEP][PASSED] - Statement - out.println("RQty : " + Rqty): null

2018-06-10 18:59:01 - [TEST_STEP][PASSED] - Statement - If (java.lang.Integer.valueOf(batchqty) >= java.lang.Integer.valueOf(Rqty)): null

2018-06-10 18:59:01 - [TEST_STEP][PASSED] - Statement - Break: null

2018-06-10 18:59:01 - [TEST_STEP][PASSED] - Statement - batchlength = new com.kms.katalon.core.testobject.TestObject(): null

2018-06-10 18:59:01 - [TEST_STEP][PASSED] - Statement - batchlength = com.kms.katalon.core.webui.keyword.WebUiBuiltInKeywords.modifyObjectProperty(batchlength, "xpath", "equals", "//*[@id = "fldvendor" + row + ""]", true): Modify property of object successfully

2018-06-10 18:59:01 - [MESSAGE][PASSED] - Modify property of object successfully

2018-06-10 18:59:01 - [TEST_STEP][PASSED] - Statement - batchsize = com.kms.katalon.core.webui.keyword.WebUiBuiltInKeywords.getNumberOfTotalOption(batchlength): 12 options of object '' counted

2018-06-10 18:59:01 - [MESSAGE][PASSED] - 12 options of object '' counted

2018-06-10 18:59:01 - [TEST_STEP][PASSED] - Statement - out.println("BatchSize : " + batchsize): null

2018-06-10 18:59:01 - [TEST_STEP][PASSED] - Statement - For ([n = 1, n <= batchsize - 1, (n++)]): null

2018-06-10 18:59:01 - [TEST_STEP][PASSED] - Statement - product = new com.kms.katalon.core.testobject.TestObject(): null

2018-06-10 18:59:01 - [TEST_STEP][PASSED] - Statement - product = com.kms.katalon.core.webui.keyword.WebUiBuiltInKeywords.modifyObjectProperty(product, "xpath", "equals", "//*[@id = "fldvendor" + row + ""]", true): Modify property of object successfully

2018-06-10 18:59:01 - [MESSAGE][PASSED] - Modify property of object successfully

2018-06-10 18:59:01 - [TEST_STEP][PASSED] - selectOptionByIndex: All options with index in [1] are selected on object ''

2018-06-10 18:59:01 - [MESSAGE][PASSED] - All options with index in [1] are selected on object ''

2018-06-10 18:59:01 - [TEST_STEP][PASSED] - Statement - batch = new com.kms.katalon.core.testobject.TestObject(): null

2018-06-10 18:59:01 - [TEST_STEP][PASSED] - Statement - batch = com.kms.katalon.core.webui.keyword.WebUiBuiltInKeywords.modifyObjectProperty(batch, "xpath", "equals", "//*[@id = "txtbthqty" + row + ""]", true): Modify property of object successfully

2018-06-10 18:59:01 - [MESSAGE][PASSED] - Modify property of object successfully

2018-06-10 18:59:01 - [TEST_STEP][PASSED] - Statement - batchqty = com.kms.katalon.core.webui.keyword.WebUiBuiltInKeywords.getAttribute(batch, "value").trim(): Attribute 'value' of object '' is: '35600'

2018-06-10 18:59:01 - [MESSAGE][PASSED] - Attribute 'value' of object '' is: '35600'

2018-06-10 18:59:01 - [TEST_STEP][PASSED] - Statement - Rqty = 100: null

2018-06-10 18:59:01 - [TEST_STEP][PASSED] - delay: Delayed 2 second(s)

2018-06-10 18:59:03 - [MESSAGE][PASSED] - Delayed 2 second(s)

2018-06-10 18:59:03 - [TEST_STEP][PASSED] - Statement - out.println("BatchQty : " + batchqty): null

2018-06-10 18:59:03 - [TEST_STEP][PASSED] - Statement - out.println("RQty : " + Rqty): null

2018-06-10 18:59:03 - [TEST_STEP][PASSED] - Statement - If (java.lang.Integer.valueOf(batchqty) >= java.lang.Integer.valueOf(Rqty)): null

2018-06-10 18:59:03 - [TEST_STEP][PASSED] - Statement - Break: null

2018-06-10 18:59:03 - [TEST_STEP][PASSED] - Statement - batchlength = new com.kms.katalon.core.testobject.TestObject(): null

2018-06-10 18:59:03 - [TEST_STEP][PASSED] - Statement - batchlength = com.kms.katalon.core.webui.keyword.WebUiBuiltInKeywords.modifyObjectProperty(batchlength, "xpath", "equals", "//*[@id = "fldvendor" + row + ""]", true): Modify property of object successfully

2018-06-10 18:59:03 - [MESSAGE][PASSED] - Modify property of object successfully

2018-06-10 18:59:03 - [TEST_STEP][PASSED] - Statement - batchsize = com.kms.katalon.core.webui.keyword.WebUiBuiltInKeywords.getNumberOfTotalOption(batchlength): 12 options of object '' counted

2018-06-10 18:59:03 - [MESSAGE][PASSED] - 12 options of object '' counted

2018-06-10 18:59:03 - [TEST_STEP][PASSED] - Statement - out.println("BatchSize : " + batchsize): null

2018-06-10 18:59:03 - [TEST_STEP][PASSED] - Statement - For ([n = 1, n <= batchsize - 1, (n++)]): null

2018-06-10 18:59:03 - [TEST_STEP][PASSED] - Statement - product = new com.kms.katalon.core.testobject.TestObject(): null

2018-06-10 18:59:03 - [TEST_STEP][PASSED] - Statement - product = com.kms.katalon.core.webui.keyword.WebUiBuiltInKeywords.modifyObjectProperty(product, "xpath", "equals", "//*[@id = "fldvendor" + row + ""]", true): Modify property of object successfully

2018-06-10 18:59:03 - [MESSAGE][PASSED] - Modify property of object successfully

2018-06-10 18:59:03 - [TEST_STEP][PASSED] - selectOptionByIndex: All options with index in [1] are selected on object ''

2018-06-10 18:59:03 - [MESSAGE][PASSED] - All options with index in [1] are selected on object ''

2018-06-10 18:59:03 - [TEST_STEP][PASSED] - Statement - batch = new com.kms.katalon.core.testobject.TestObject(): null

2018-06-10 18:59:03 - [TEST_STEP][PASSED] - Statement - batch = com.kms.katalon.core.webui.keyword.WebUiBuiltInKeywords.modifyObjectProperty(batch, "xpath", "equals", "//*[@id = "txtbthqty" + row + ""]", true): Modify property of object successfully

2018-06-10 18:59:03 - [MESSAGE][PASSED] - Modify property of object successfully

2018-06-10 18:59:03 - [TEST_STEP][PASSED] - Statement - batchqty = com.kms.katalon.core.webui.keyword.WebUiBuiltInKeywords.getAttribute(batch, "value").trim(): Attribute 'value' of object '' is: '46600'

2018-06-10 18:59:03 - [MESSAGE][PASSED] - Attribute 'value' of object '' is: '46600'

2018-06-10 18:59:03 - [TEST_STEP][PASSED] - Statement - Rqty = 100: null

2018-06-10 18:59:03 - [TEST_STEP][PASSED] - delay: Delayed 2 second(s)

2018-06-10 18:59:05 - [MESSAGE][PASSED] - Delayed 2 second(s)

2018-06-10 18:59:05 - [TEST_STEP][PASSED] - Statement - out.println("BatchQty : " + batchqty): null

2018-06-10 18:59:05 - [TEST_STEP][PASSED] - Statement - out.println("RQty : " + Rqty): null

2018-06-10 18:59:05 - [TEST_STEP][PASSED] - Statement - If (java.lang.Integer.valueOf(batchqty) >= java.lang.Integer.valueOf(Rqty)): null

2018-06-10 18:59:05 - [TEST_STEP][PASSED] - Statement - Break: null

2018-06-10 18:59:05 - [TEST_STEP][PASSED] - Statement - batchlength = new com.kms.katalon.core.testobject.TestObject(): null

2018-06-10 18:59:05 - [TEST_STEP][PASSED] - Statement - batchlength = com.kms.katalon.core.webui.keyword.WebUiBuiltInKeywords.modifyObjectProperty(batchlength, "xpath", "equals", "//*[@id = "fldvendor" + row + ""]", true): Modify property of object successfully

2018-06-10 18:59:05 - [MESSAGE][PASSED] - Modify property of object successfully

2018-06-10 18:59:05 - [TEST_STEP][PASSED] - Statement - batchsize = com.kms.katalon.core.webui.keyword.WebUiBuiltInKeywords.getNumberOfTotalOption(batchlength): 12 options of object '' counted

2018-06-10 18:59:05 - [MESSAGE][PASSED] - 12 options of object '' counted

2018-06-10 18:59:05 - [TEST_STEP][PASSED] - Statement - out.println("BatchSize : " + batchsize): null

2018-06-10 18:59:05 - [TEST_STEP][PASSED] - Statement - For ([n = 1, n <= batchsize - 1, (n++)]): null

2018-06-10 18:59:05 - [TEST_STEP][PASSED] - Statement - product = new com.kms.katalon.core.testobject.TestObject(): null

2018-06-10 18:59:05 - [TEST_STEP][PASSED] - Statement - product = com.kms.katalon.core.webui.keyword.WebUiBuiltInKeywords.modifyObjectProperty(product, "xpath", "equals", "//*[@id = "fldvendor" + row + ""]", true): Modify property of object successfully

2018-06-10 18:59:05 - [MESSAGE][PASSED] - Modify property of object successfully

2018-06-10 18:59:05 - [TEST_STEP][PASSED] - selectOptionByIndex: All options with index in [1] are selected on object ''

2018-06-10 18:59:06 - [MESSAGE][PASSED] - All options with index in [1] are selected on object ''

2018-06-10 18:59:06 - [TEST_STEP][PASSED] - Statement - batch = new com.kms.katalon.core.testobject.TestObject(): null

2018-06-10 18:59:06 - [TEST_STEP][PASSED] - Statement - batch = com.kms.katalon.core.webui.keyword.WebUiBuiltInKeywords.modifyObjectProperty(batch, "xpath", "equals", "//*[@id = "txtbthqty" + row + ""]", true): Modify property of object successfully

2018-06-10 18:59:06 - [MESSAGE][PASSED] - Modify property of object successfully

2018-06-10 18:59:06 - [TEST_STEP][PASSED] - Statement - batchqty = com.kms.katalon.core.webui.keyword.WebUiBuiltInKeywords.getAttribute(batch, "value").trim(): Attribute 'value' of object '' is: '46600'

2018-06-10 18:59:06 - [MESSAGE][PASSED] - Attribute 'value' of object '' is: '46600'

2018-06-10 18:59:06 - [TEST_STEP][PASSED] - Statement - Rqty = 100: null

2018-06-10 18:59:06 - [TEST_STEP][PASSED] - delay: Delayed 2 second(s)

2018-06-10 18:59:08 - [MESSAGE][PASSED] - Delayed 2 second(s)

2018-06-10 18:59:08 - [TEST_STEP][PASSED] - Statement - out.println("BatchQty : " + batchqty): null

2018-06-10 18:59:08 - [TEST_STEP][PASSED] - Statement - out.println("RQty : " + Rqty): null

2018-06-10 18:59:08 - [TEST_STEP][PASSED] - Statement - If (java.lang.Integer.valueOf(batchqty) >= java.lang.Integer.valueOf(Rqty)): null

2018-06-10 18:59:08 - [TEST_STEP][PASSED] - Statement - Break: null

2018-06-10 18:59:08 - [TEST_STEP][PASSED] - Statement - batchlength = new com.kms.katalon.core.testobject.TestObject(): null

2018-06-10 18:59:08 - [TEST_STEP][PASSED] - Statement - batchlength = com.kms.katalon.core.webui.keyword.WebUiBuiltInKeywords.modifyObjectProperty(batchlength, "xpath", "equals", "//*[@id = "fldvendor" + row + ""]", true): Modify property of object successfully

2018-06-10 18:59:08 - [MESSAGE][PASSED] - Modify property of object successfully

2018-06-10 18:59:08 - [TEST_STEP][PASSED] - Statement - batchsize = com.kms.katalon.core.webui.keyword.WebUiBuiltInKeywords.getNumberOfTotalOption(batchlength): 12 options of object '' counted

2018-06-10 18:59:08 - [MESSAGE][PASSED] - 12 options of object '' counted

2018-06-10 18:59:08 - [TEST_STEP][PASSED] - Statement - out.println("BatchSize : " + batchsize): null

2018-06-10 18:59:08 - [TEST_STEP][PASSED] - Statement - For ([n = 1, n <= batchsize - 1, (n++)]): null

2018-06-10 18:59:08 - [TEST_STEP][PASSED] - Statement - product = new com.kms.katalon.core.testobject.TestObject(): null

2018-06-10 18:59:08 - [TEST_STEP][PASSED] - Statement - product = com.kms.katalon.core.webui.keyword.WebUiBuiltInKeywords.modifyObjectProperty(product, "xpath", "equals", "//*[@id = "fldvendor" + row + ""]", true): Modify property of object successfully

2018-06-10 18:59:08 - [MESSAGE][PASSED] - Modify property of object successfully

2018-06-10 18:59:08 - [TEST_STEP][PASSED] - selectOptionByIndex: All options with index in [1] are selected on object ''

2018-06-10 18:59:08 - [MESSAGE][PASSED] - All options with index in [1] are selected on object ''

2018-06-10 18:59:08 - [TEST_STEP][PASSED] - Statement - batch = new com.kms.katalon.core.testobject.TestObject(): null

2018-06-10 18:59:08 - [TEST_STEP][PASSED] - Statement - batch = com.kms.katalon.core.webui.keyword.WebUiBuiltInKeywords.modifyObjectProperty(batch, "xpath", "equals", "//*[@id = "txtbthqty" + row + ""]", true): Modify property of object successfully

2018-06-10 18:59:08 - [MESSAGE][PASSED] - Modify property of object successfully

2018-06-10 18:59:08 - [TEST_STEP][PASSED] - Statement - batchqty = com.kms.katalon.core.webui.keyword.WebUiBuiltInKeywords.getAttribute(batch, "value").trim(): Attribute 'value' of object '' is: '47700'

2018-06-10 18:59:08 - [MESSAGE][PASSED] - Attribute 'value' of object '' is: '47700'

2018-06-10 18:59:08 - [TEST_STEP][PASSED] - Statement - Rqty = 100: null

2018-06-10 18:59:08 - [TEST_STEP][PASSED] - delay: Delayed 2 second(s)

2018-06-10 18:59:10 - [MESSAGE][PASSED] - Delayed 2 second(s)

2018-06-10 18:59:10 - [TEST_STEP][PASSED] - Statement - out.println("BatchQty : " + batchqty): null

2018-06-10 18:59:10 - [TEST_STEP][PASSED] - Statement - out.println("RQty : " + Rqty): null

2018-06-10 18:59:10 - [TEST_STEP][PASSED] - Statement - If (java.lang.Integer.valueOf(batchqty) >= java.lang.Integer.valueOf(Rqty)): null

2018-06-10 18:59:10 - [TEST_STEP][PASSED] - Statement - Break: null

2018-06-10 18:59:10 - [TEST_STEP][PASSED] - Statement - batchlength = new com.kms.katalon.core.testobject.TestObject(): null

2018-06-10 18:59:10 - [TEST_STEP][PASSED] - Statement - batchlength = com.kms.katalon.core.webui.keyword.WebUiBuiltInKeywords.modifyObjectProperty(batchlength, "xpath", "equals", "//*[@id = "fldvendor" + row + ""]", true): Modify property of object successfully

2018-06-10 18:59:10 - [MESSAGE][PASSED] - Modify property of object successfully

2018-06-10 18:59:10 - [TEST_STEP][PASSED] - Statement - batchsize = com.kms.katalon.core.webui.keyword.WebUiBuiltInKeywords.getNumberOfTotalOption(batchlength): 12 options of object '' counted

2018-06-10 18:59:10 - [MESSAGE][PASSED] - 12 options of object '' counted

2018-06-10 18:59:10 - [TEST_STEP][PASSED] - Statement - out.println("BatchSize : " + batchsize): null

2018-06-10 18:59:10 - [TEST_STEP][PASSED] - Statement - For ([n = 1, n <= batchsize - 1, (n++)]): null

2018-06-10 18:59:10 - [TEST_STEP][PASSED] - Statement - product = new com.kms.katalon.core.testobject.TestObject(): null

2018-06-10 18:59:10 - [TEST_STEP][PASSED] - Statement - product = com.kms.katalon.core.webui.keyword.WebUiBuiltInKeywords.modifyObjectProperty(product, "xpath", "equals", "//*[@id = "fldvendor" + row + ""]", true): Modify property of object successfully

2018-06-10 18:59:10 - [MESSAGE][PASSED] - Modify property of object successfully

2018-06-10 18:59:10 - [TEST_STEP][PASSED] - selectOptionByIndex: All options with index in [1] are selected on object ''

2018-06-10 18:59:10 - [MESSAGE][PASSED] - All options with index in [1] are selected on object ''

2018-06-10 18:59:10 - [TEST_STEP][PASSED] - Statement - batch = new com.kms.katalon.core.testobject.TestObject(): null

2018-06-10 18:59:10 - [TEST_STEP][PASSED] - Statement - batch = com.kms.katalon.core.webui.keyword.WebUiBuiltInKeywords.modifyObjectProperty(batch, "xpath", "equals", "//*[@id = "txtbthqty" + row + ""]", true): Modify property of object successfully

2018-06-10 18:59:10 - [MESSAGE][PASSED] - Modify property of object successfully

2018-06-10 18:59:10 - [TEST_STEP][PASSED] - Statement - batchqty = com.kms.katalon.core.webui.keyword.WebUiBuiltInKeywords.getAttribute(batch, "value").trim(): Attribute 'value' of object '' is: '49600'

2018-06-10 18:59:10 - [MESSAGE][PASSED] - Attribute 'value' of object '' is: '49600'

2018-06-10 18:59:10 - [TEST_STEP][PASSED] - Statement - Rqty = 100: null

2018-06-10 18:59:10 - [TEST_STEP][PASSED] - delay: Delayed 2 second(s)

2018-06-10 18:59:12 - [MESSAGE][PASSED] - Delayed 2 second(s)

2018-06-10 18:59:12 - [TEST_STEP][PASSED] - Statement - out.println("BatchQty : " + batchqty): null

2018-06-10 18:59:12 - [TEST_STEP][PASSED] - Statement - out.println("RQty : " + Rqty): null

2018-06-10 18:59:12 - [TEST_STEP][PASSED] - Statement - If (java.lang.Integer.valueOf(batchqty) >= java.lang.Integer.valueOf(Rqty)): null

2018-06-10 18:59:12 - [TEST_STEP][PASSED] - Statement - Break: null

2018-06-10 18:59:12 - [TEST_STEP][PASSED] - Statement - batchlength = new com.kms.katalon.core.testobject.TestObject(): null

2018-06-10 18:59:12 - [TEST_STEP][PASSED] - Statement - batchlength = com.kms.katalon.core.webui.keyword.WebUiBuiltInKeywords.modifyObjectProperty(batchlength, "xpath", "equals", "//*[@id = "fldvendor" + row + ""]", true): Modify property of object successfully

2018-06-10 18:59:12 - [MESSAGE][PASSED] - Modify property of object successfully

2018-06-10 18:59:12 - [TEST_STEP][PASSED] - Statement - batchsize = com.kms.katalon.core.webui.keyword.WebUiBuiltInKeywords.getNumberOfTotalOption(batchlength): 18 options of object '' counted

2018-06-10 18:59:12 - [MESSAGE][PASSED] - 18 options of object '' counted

2018-06-10 18:59:12 - [TEST_STEP][PASSED] - Statement - out.println("BatchSize : " + batchsize): null

2018-06-10 18:59:12 - [TEST_STEP][PASSED] - Statement - For ([n = 1, n <= batchsize - 1, (n++)]): null

2018-06-10 18:59:12 - [TEST_STEP][PASSED] - Statement - product = new com.kms.katalon.core.testobject.TestObject(): null

2018-06-10 18:59:12 - [TEST_STEP][PASSED] - Statement - product = com.kms.katalon.core.webui.keyword.WebUiBuiltInKeywords.modifyObjectProperty(product, "xpath", "equals", "//*[@id = "fldvendor" + row + ""]", true): Modify property of object successfully

2018-06-10 18:59:12 - [MESSAGE][PASSED] - Modify property of object successfully

2018-06-10 18:59:12 - [TEST_STEP][PASSED] - selectOptionByIndex: All options with index in [1] are selected on object ''

2018-06-10 18:59:12 - [MESSAGE][PASSED] - All options with index in [1] are selected on object ''

2018-06-10 18:59:12 - [TEST_STEP][PASSED] - Statement - batch = new com.kms.katalon.core.testobject.TestObject(): null

2018-06-10 18:59:12 - [TEST_STEP][PASSED] - Statement - batch = com.kms.katalon.core.webui.keyword.WebUiBuiltInKeywords.modifyObjectProperty(batch, "xpath", "equals", "//*[@id = "txtbthqty" + row + ""]", true): Modify property of object successfully

2018-06-10 18:59:12 - [MESSAGE][PASSED] - Modify property of object successfully

2018-06-10 18:59:12 - [TEST_STEP][PASSED] - Statement - batchqty = com.kms.katalon.core.webui.keyword.WebUiBuiltInKeywords.getAttribute(batch, "value").trim(): Attribute 'value' of object '' is: '24600'

2018-06-10 18:59:12 - [MESSAGE][PASSED] - Attribute 'value' of object '' is: '24600'

2018-06-10 18:59:12 - [TEST_STEP][PASSED] - Statement - Rqty = 100: null

2018-06-10 18:59:12 - [TEST_STEP][PASSED] - delay: Delayed 2 second(s)

2018-06-10 18:59:14 - [MESSAGE][PASSED] - Delayed 2 second(s)

2018-06-10 18:59:14 - [TEST_STEP][PASSED] - Statement - out.println("BatchQty : " + batchqty): null

2018-06-10 18:59:14 - [TEST_STEP][PASSED] - Statement - out.println("RQty : " + Rqty): null

2018-06-10 18:59:14 - [TEST_STEP][PASSED] - Statement - If (java.lang.Integer.valueOf(batchqty) >= java.lang.Integer.valueOf(Rqty)): null

2018-06-10 18:59:14 - [TEST_STEP][PASSED] - Statement - Break: null

2018-06-10 18:59:14 - [TEST_STEP][PASSED] - Statement - batchlength = new com.kms.katalon.core.testobject.TestObject(): null

2018-06-10 18:59:14 - [TEST_STEP][PASSED] - Statement - batchlength = com.kms.katalon.core.webui.keyword.WebUiBuiltInKeywords.modifyObjectProperty(batchlength, "xpath", "equals", "//*[@id = "fldvendor" + row + ""]", true): Modify property of object successfully

2018-06-10 18:59:14 - [MESSAGE][PASSED] - Modify property of object successfully

2018-06-10 18:59:14 - [TEST_STEP][PASSED] - Statement - batchsize = com.kms.katalon.core.webui.keyword.WebUiBuiltInKeywords.getNumberOfTotalOption(batchlength): 12 options of object '' counted

2018-06-10 18:59:14 - [MESSAGE][PASSED] - 12 options of object '' counted

2018-06-10 18:59:14 - [TEST_STEP][PASSED] - Statement - out.println("BatchSize : " + batchsize): null

2018-06-10 18:59:14 - [TEST_STEP][PASSED] - Statement - For ([n = 1, n <= batchsize - 1, (n++)]): null

2018-06-10 18:59:14 - [TEST_STEP][PASSED] - Statement - product = new com.kms.katalon.core.testobject.TestObject(): null

2018-06-10 18:59:14 - [TEST_STEP][PASSED] - Statement - product = com.kms.katalon.core.webui.keyword.WebUiBuiltInKeywords.modifyObjectProperty(product, "xpath", "equals", "//*[@id = "fldvendor" + row + ""]", true): Modify property of object successfully

2018-06-10 18:59:14 - [MESSAGE][PASSED] - Modify property of object successfully

2018-06-10 18:59:14 - [TEST_STEP][PASSED] - selectOptionByIndex: All options with index in [1] are selected on object ''

2018-06-10 18:59:15 - [MESSAGE][PASSED] - All options with index in [1] are selected on object ''

2018-06-10 18:59:15 - [TEST_STEP][PASSED] - Statement - batch = new com.kms.katalon.core.testobject.TestObject(): null

2018-06-10 18:59:15 - [TEST_STEP][PASSED] - Statement - batch = com.kms.katalon.core.webui.keyword.WebUiBuiltInKeywords.modifyObjectProperty(batch, "xpath", "equals", "//*[@id = "txtbthqty" + row + ""]", true): Modify property of object successfully

2018-06-10 18:59:15 - [MESSAGE][PASSED] - Modify property of object successfully

2018-06-10 18:59:15 - [TEST_STEP][PASSED] - Statement - batchqty = com.kms.katalon.core.webui.keyword.WebUiBuiltInKeywords.getAttribute(batch, "value").trim(): Attribute 'value' of object '' is: '46600'

2018-06-10 18:59:15 - [MESSAGE][PASSED] - Attribute 'value' of object '' is: '46600'

2018-06-10 18:59:15 - [TEST_STEP][PASSED] - Statement - Rqty = 100: null

2018-06-10 18:59:15 - [TEST_STEP][PASSED] - delay: Delayed 2 second(s)

2018-06-10 18:59:17 - [MESSAGE][PASSED] - Delayed 2 second(s)

2018-06-10 18:59:17 - [TEST_STEP][PASSED] - Statement - out.println("BatchQty : " + batchqty): null

2018-06-10 18:59:17 - [TEST_STEP][PASSED] - Statement - out.println("RQty : " + Rqty): null

2018-06-10 18:59:17 - [TEST_STEP][PASSED] - Statement - If (java.lang.Integer.valueOf(batchqty) >= java.lang.Integer.valueOf(Rqty)): null

2018-06-10 18:59:17 - [TEST_STEP][PASSED] - Statement - Break: null

2018-06-10 18:59:17 - [TEST_STEP][PASSED] - Statement - batchlength = new com.kms.katalon.core.testobject.TestObject(): null

2018-06-10 18:59:17 - [TEST_STEP][PASSED] - Statement - batchlength = com.kms.katalon.core.webui.keyword.WebUiBuiltInKeywords.modifyObjectProperty(batchlength, "xpath", "equals", "//*[@id = "fldvendor" + row + ""]", true): Modify property of object successfully

2018-06-10 18:59:17 - [MESSAGE][PASSED] - Modify property of object successfully

2018-06-10 18:59:17 - [TEST_STEP][PASSED] - Statement - batchsize = com.kms.katalon.core.webui.keyword.WebUiBuiltInKeywords.getNumberOfTotalOption(batchlength): 12 options of object '' counted

2018-06-10 18:59:17 - [MESSAGE][PASSED] - 12 options of object '' counted

2018-06-10 18:59:17 - [TEST_STEP][PASSED] - Statement - out.println("BatchSize : " + batchsize): null

2018-06-10 18:59:17 - [TEST_STEP][PASSED] - Statement - For ([n = 1, n <= batchsize - 1, (n++)]): null

2018-06-10 18:59:17 - [TEST_STEP][PASSED] - Statement - product = new com.kms.katalon.core.testobject.TestObject(): null

2018-06-10 18:59:17 - [TEST_STEP][PASSED] - Statement - product = com.kms.katalon.core.webui.keyword.WebUiBuiltInKeywords.modifyObjectProperty(product, "xpath", "equals", "//*[@id = "fldvendor" + row + ""]", true): Modify property of object successfully

2018-06-10 18:59:17 - [MESSAGE][PASSED] - Modify property of object successfully

2018-06-10 18:59:17 - [TEST_STEP][PASSED] - selectOptionByIndex: All options with index in [1] are selected on object ''

2018-06-10 18:59:17 - [MESSAGE][PASSED] - All options with index in [1] are selected on object ''

2018-06-10 18:59:17 - [TEST_STEP][PASSED] - Statement - batch = new com.kms.katalon.core.testobject.TestObject(): null

2018-06-10 18:59:17 - [TEST_STEP][PASSED] - Statement - batch = com.kms.katalon.core.webui.keyword.WebUiBuiltInKeywords.modifyObjectProperty(batch, "xpath", "equals", "//*[@id = "txtbthqty" + row + ""]", true): Modify property of object successfully

2018-06-10 18:59:17 - [MESSAGE][PASSED] - Modify property of object successfully

2018-06-10 18:59:17 - [TEST_STEP][PASSED] - Statement - batchqty = com.kms.katalon.core.webui.keyword.WebUiBuiltInKeywords.getAttribute(batch, "value").trim(): Attribute 'value' of object '' is: '47500'

2018-06-10 18:59:17 - [MESSAGE][PASSED] - Attribute 'value' of object '' is: '47500'

2018-06-10 18:59:17 - [TEST_STEP][PASSED] - Statement - Rqty = 100: null

2018-06-10 18:59:17 - [TEST_STEP][PASSED] - delay: Delayed 2 second(s)

2018-06-10 18:59:19 - [MESSAGE][PASSED] - Delayed 2 second(s)

2018-06-10 18:59:19 - [TEST_STEP][PASSED] - Statement - out.println("BatchQty : " + batchqty): null

2018-06-10 18:59:19 - [TEST_STEP][PASSED] - Statement - out.println("RQty : " + Rqty): null

2018-06-10 18:59:19 - [TEST_STEP][PASSED] - Statement - If (java.lang.Integer.valueOf(batchqty) >= java.lang.Integer.valueOf(Rqty)): null

2018-06-10 18:59:19 - [TEST_STEP][PASSED] - Statement - Break: null

2018-06-10 18:59:19 - [TEST_STEP][PASSED] - Statement - batchlength = new com.kms.katalon.core.testobject.TestObject(): null

2018-06-10 18:59:19 - [TEST_STEP][PASSED] - Statement - batchlength = com.kms.katalon.core.webui.keyword.WebUiBuiltInKeywords.modifyObjectProperty(batchlength, "xpath", "equals", "//*[@id = "fldvendor" + row + ""]", true): Modify property of object successfully

2018-06-10 18:59:19 - [MESSAGE][PASSED] - Modify property of object successfully

2018-06-10 18:59:19 - [TEST_STEP][PASSED] - Statement - batchsize = com.kms.katalon.core.webui.keyword.WebUiBuiltInKeywords.getNumberOfTotalOption(batchlength): 11 options of object '' counted

2018-06-10 18:59:19 - [MESSAGE][PASSED] - 11 options of object '' counted

2018-06-10 18:59:19 - [TEST_STEP][PASSED] - Statement - out.println("BatchSize : " + batchsize): null

2018-06-10 18:59:19 - [TEST_STEP][PASSED] - Statement - For ([n = 1, n <= batchsize - 1, (n++)]): null

2018-06-10 18:59:19 - [TEST_STEP][PASSED] - Statement - product = new com.kms.katalon.core.testobject.TestObject(): null

2018-06-10 18:59:19 - [TEST_STEP][PASSED] - Statement - product = com.kms.katalon.core.webui.keyword.WebUiBuiltInKeywords.modifyObjectProperty(product, "xpath", "equals", "//*[@id = "fldvendor" + row + ""]", true): Modify property of object successfully

2018-06-10 18:59:19 - [MESSAGE][PASSED] - Modify property of object successfully

2018-06-10 18:59:19 - [TEST_STEP][PASSED] - selectOptionByIndex: All options with index in [1] are selected on object ''

2018-06-10 18:59:19 - [MESSAGE][PASSED] - All options with index in [1] are selected on object ''

2018-06-10 18:59:19 - [TEST_STEP][PASSED] - Statement - batch = new com.kms.katalon.core.testobject.TestObject(): null

2018-06-10 18:59:19 - [TEST_STEP][PASSED] - Statement - batch = com.kms.katalon.core.webui.keyword.WebUiBuiltInKeywords.modifyObjectProperty(batch, "xpath", "equals", "//*[@id = "txtbthqty" + row + ""]", true): Modify property of object successfully

2018-06-10 18:59:19 - [MESSAGE][PASSED] - Modify property of object successfully

2018-06-10 18:59:19 - [TEST_STEP][PASSED] - Statement - batchqty = com.kms.katalon.core.webui.keyword.WebUiBuiltInKeywords.getAttribute(batch, "value").trim(): Attribute 'value' of object '' is: '36600'

2018-06-10 18:59:19 - [MESSAGE][PASSED] - Attribute 'value' of object '' is: '36600'

2018-06-10 18:59:19 - [TEST_STEP][PASSED] - Statement - Rqty = 100: null

2018-06-10 18:59:19 - [TEST_STEP][PASSED] - delay: Delayed 2 second(s)

2018-06-10 18:59:21 - [MESSAGE][PASSED] - Delayed 2 second(s)

2018-06-10 18:59:21 - [TEST_STEP][PASSED] - Statement - out.println("BatchQty : " + batchqty): null

2018-06-10 18:59:21 - [TEST_STEP][PASSED] - Statement - out.println("RQty : " + Rqty): null

2018-06-10 18:59:21 - [TEST_STEP][PASSED] - Statement - If (java.lang.Integer.valueOf(batchqty) >= java.lang.Integer.valueOf(Rqty)): null

2018-06-10 18:59:21 - [TEST_STEP][PASSED] - Statement - Break: null

2018-06-10 18:59:21 - [TEST_STEP][PASSED] - delay: Delayed 2 second(s)

2018-06-10 18:59:23 - [MESSAGE][PASSED] - Delayed 2 second(s)

2018-06-10 18:59:23 - [TEST_STEP][PASSED] - click: Object: 'Object Repository/HealthpostToCms/Page_KDMC - CMS/input_btndispatch' is clicked on

2018-06-10 18:59:23 - [MESSAGE][PASSED] - Object: 'Object Repository/HealthpostToCms/Page_KDMC - CMS/input_btndispatch' is clicked on

2018-06-10 18:59:23 - [TEST_STEP][PASSED] - delay: Delayed 3 second(s)

2018-06-10 18:59:26 - [MESSAGE][PASSED] - Delayed 3 second(s)

2018-06-10 18:59:26 - [TEST_STEP][PASSED] - click: Object: 'Object Repository/HealthpostToCms/Page_KDMC - CMS/button_OK' is clicked on

2018-06-10 18:59:27 - [MESSAGE][PASSED] - Object: 'Object Repository/HealthpostToCms/Page_KDMC - CMS/button_OK' is clicked on

2018-06-10 18:59:27 - [TEST_STEP][PASSED] - delay: Delayed 3 second(s)

2018-06-10 18:59:30 - [MESSAGE][PASSED] - Delayed 3 second(s)

2018-06-10 18:59:30 - [TEST_STEP][PASSED] - click: Object: 'Object Repository/HealthpostToCms/Page_KDMC - CMS/a_dropdown-toggle' is clicked on

2018-06-10 18:59:30 - [MESSAGE][PASSED] - Object: 'Object Repository/HealthpostToCms/Page_KDMC - CMS/a_dropdown-toggle' is clicked on

2018-06-10 18:59:30 - [TEST_STEP][PASSED] - click: Object: 'Object Repository/HealthpostToCms/Page_KDMC - CMS/a_Sign out' is clicked on

2018-06-10 18:59:30 - [MESSAGE][PASSED] - Object: 'Object Repository/HealthpostToCms/Page_KDMC - CMS/a_Sign out' is clicked on

2018-06-10 18:59:30 - [TEST_STEP][PASSED] - delay: Delayed 3 second(s)

2018-06-10 18:59:33 - [MESSAGE][PASSED] - Delayed 3 second(s)

2018-06-10 18:59:33 - [TEST_STEP][PASSED] - navigateToUrl: Navigate to 'http://192.168.137.1/multihospital_new/HDSplashscreen.aspx' successfully

2018-06-10 18:59:34 - [MESSAGE][PASSED] - Navigate to 'http://192.168.137.1/multihospital_new/HDSplashscreen.aspx' successfully

2018-06-10 18:59:34 - [TEST_STEP][PASSED] - click: Object: 'Object Repository/HealthpostToCms/Page_KDMC/a_Healthpost Store' is clicked on

2018-06-10 18:59:34 - [MESSAGE][PASSED] - Object: 'Object Repository/HealthpostToCms/Page_KDMC/a_Healthpost Store' is clicked on

2018-06-10 18:59:34 - [TEST_STEP][PASSED] - setText: Text 'raguram' is set on object 'Object Repository/HealthpostToCms/Page_HealthPost Store Login/input_txtusername'

2018-06-10 18:59:34 - [MESSAGE][PASSED] - Text 'raguram' is set on object 'Object Repository/HealthpostToCms/Page_HealthPost Store Login/input_txtusername'

2018-06-10 18:59:34 - [TEST_STEP][PASSED] - setText: Text '123' is set on object 'Object Repository/HealthpostToCms/Page_HealthPost Store Login/input_txtpassword'

2018-06-10 18:59:34 - [MESSAGE][PASSED] - Text '123' is set on object 'Object Repository/HealthpostToCms/Page_HealthPost Store Login/input_txtpassword'

2018-06-10 18:59:34 - [TEST_STEP][PASSED] - delay: Delayed 3 second(s)

2018-06-10 18:59:37 - [MESSAGE][PASSED] - Delayed 3 second(s)

2018-06-10 18:59:37 - [TEST_STEP][PASSED] - click: Object: 'Object Repository/HealthpostToCms/Page_HealthPost Store Login/button_Sign in' is clicked on

2018-06-10 18:59:38 - [MESSAGE][PASSED] - Object: 'Object Repository/HealthpostToCms/Page_HealthPost Store Login/button_Sign in' is clicked on

2018-06-10 18:59:38 - [TEST_STEP][PASSED] - delay: Delayed 3 second(s)

2018-06-10 18:59:41 - [MESSAGE][PASSED] - Delayed 3 second(s)

2018-06-10 18:59:41 - [TEST_STEP][PASSED] - click: Object: 'Object Repository/HealthpostToCms/Page_HealthPost Store/a_CMS' is clicked on

2018-06-10 18:59:41 - [MESSAGE][PASSED] - Object: 'Object Repository/HealthpostToCms/Page_HealthPost Store/a_CMS' is clicked on

2018-06-10 18:59:41 - [TEST_STEP][PASSED] - delay: Delayed 2 second(s)

2018-06-10 18:59:43 - [MESSAGE][PASSED] - Delayed 2 second(s)

2018-06-10 18:59:43 - [TEST_STEP][PASSED] - click: Object: 'Object Repository/HealthpostToCms/Page_HealthPost Store/a_Receiving Goods' is clicked on

2018-06-10 18:59:44 - [MESSAGE][PASSED] - Object: 'Object Repository/HealthpostToCms/Page_HealthPost Store/a_Receiving Goods' is clicked on

2018-06-10 18:59:44 - [TEST_STEP][PASSED] - setText: Text 'PRNO/10062018/805' is set on object 'Object Repository/HealthpostToCms/Page_HealthPost Store/input'

2018-06-10 18:59:45 - [MESSAGE][PASSED] - Text 'PRNO/10062018/805' is set on object 'Object Repository/HealthpostToCms/Page_HealthPost Store/input'

2018-06-10 18:59:45 - [TEST_STEP][PASSED] - click: Object: 'Object Repository/HealthpostToCms/Page_HealthPost Store/input_PRNO18052018174' is clicked on

2018-06-10 18:59:45 - [MESSAGE][PASSED] - Object: 'Object Repository/HealthpostToCms/Page_HealthPost Store/input_PRNO18052018174' is clicked on

2018-06-10 18:59:45 - [TEST_STEP][PASSED] - delay: Delayed 2 second(s)

2018-06-10 18:59:47 - [MESSAGE][PASSED] - Delayed 2 second(s)

2018-06-10 18:59:47 - [TEST_STEP][PASSED] - click: Object: 'Object Repository/HealthpostToCms/Page_HealthPost Store/input_chkrem' is clicked on

2018-06-10 18:59:47 - [MESSAGE][PASSED] - Object: 'Object Repository/HealthpostToCms/Page_HealthPost Store/input_chkrem' is clicked on

2018-06-10 18:59:47 - [TEST_STEP][PASSED] - scrollToElement: Scroll to object 'Object Repository/HealthpostToCms/Page_HealthPost Store/input_btchkroqadd' successfully

2018-06-10 18:59:47 - [MESSAGE][PASSED] - Scroll to object 'Object Repository/HealthpostToCms/Page_HealthPost Store/input_btchkroqadd' successfully

2018-06-10 18:59:47 - [TEST_STEP][PASSED] - click: Object: 'Object Repository/HealthpostToCms/Page_HealthPost Store/input_btchkroqadd' is clicked on

2018-06-10 18:59:47 - [MESSAGE][PASSED] - Object: 'Object Repository/HealthpostToCms/Page_HealthPost Store/input_btchkroqadd' is clicked on

2018-06-10 18:59:47 - [TEST_STEP][PASSED] - delay: Delayed 2 second(s)

2018-06-10 18:59:49 - [MESSAGE][PASSED] - Delayed 2 second(s)

2018-06-10 18:59:49 - [TEST_STEP][PASSED] - refresh: Refresh successfully

2018-06-10 18:59:50 - [MESSAGE][PASSED] - Refresh successfully

2018-06-10 18:59:50 - [TEST_STEP][PASSED] - delay: Delayed 3 second(s)

2018-06-10 18:59:53 - [MESSAGE][PASSED] - Delayed 3 second(s)

2018-06-10 18:59:53 - [TEST_STEP][PASSED] - click: Object: 'Object Repository/HealthpostToCms/Page_HealthPost Store/a_dropdown-toggle' is clicked on

2018-06-10 18:59:53 - [MESSAGE][PASSED] - Object: 'Object Repository/HealthpostToCms/Page_HealthPost Store/a_dropdown-toggle' is clicked on

2018-06-10 18:59:53 - [TEST_STEP][PASSED] - click: Object: 'Object Repository/HealthpostToCms/Page_HealthPost Store/a_Sign out' is clicked on

2018-06-10 18:59:53 - [MESSAGE][PASSED] - Object: 'Object Repository/HealthpostToCms/Page_HealthPost Store/a_Sign out' is clicked on

2018-06-10 18:59:53 - [TEST_STEP][PASSED] - closeBrowser: Browser is closed

2018-06-10 18:59:54 - [MESSAGE][PASSED] - Browser is closed]]></system-out>
         <system-err><![CDATA[]]></system-err>
      </testcase>
      <testcase name="Test Cases/HEALTHPOST TEST CASES/TC_HP_023 Verify Schedule 11 Healthpost To CMS Request Are Working Successfully Or Not" classname="Test Cases/HEALTHPOST TEST CASES/TC_HP_023 Verify Schedule 11 Healthpost To CMS Request Are Working Successfully Or Not" status="ERROR">
         <error type="ERROR" message="Test Cases/HEALTHPOST TEST CASES/TC_HP_023 Verify Schedule 11 Healthpost To CMS Request Are Working Successfully Or Not FAILED because (of) java.lang.NumberFormatException: For input string: &quot;&quot;"/>
         <system-out><![CDATA[2018-06-10 18:59:54 - [TEST_CASE][ERROR] - Test Cases/HEALTHPOST TEST CASES/TC_HP_023 Verify Schedule 11 Healthpost To CMS Request Are Working Successfully Or Not: Test Cases/HEALTHPOST TEST CASES/TC_HP_023 Verify Schedule 11 Healthpost To CMS Request Are Working Successfully Or Not FAILED because (of) java.lang.NumberFormatException: For input string: ""

2018-06-10 18:59:54 - [TEST_STEP][PASSED] - openBrowser: Browser is opened with url: ''

2018-06-10 18:59:57 - [MESSAGE][PASSED] - Browser is opened with url: ''

2018-06-10 18:59:57 - [TEST_STEP][PASSED] - navigateToUrl: Navigate to 'http://192.168.137.1/multihospital_new/HDSplashscreen.aspx' successfully

2018-06-10 18:59:58 - [MESSAGE][PASSED] - Navigate to 'http://192.168.137.1/multihospital_new/HDSplashscreen.aspx' successfully

2018-06-10 18:59:58 - [TEST_STEP][PASSED] - maximizeWindow: Current window maximized

2018-06-10 19:00:00 - [MESSAGE][PASSED] - Current window maximized

2018-06-10 19:00:00 - [TEST_STEP][PASSED] - click: Object: 'Object Repository/HealthpostToCms/Page_KDMC/a_Healthpost Store' is clicked on

2018-06-10 19:00:00 - [MESSAGE][PASSED] - Object: 'Object Repository/HealthpostToCms/Page_KDMC/a_Healthpost Store' is clicked on

2018-06-10 19:00:00 - [TEST_STEP][PASSED] - setText: Text 'raguram' is set on object 'Object Repository/HealthpostToCms/Page_HealthPost Store Login/input_txtusername'

2018-06-10 19:00:00 - [MESSAGE][PASSED] - Text 'raguram' is set on object 'Object Repository/HealthpostToCms/Page_HealthPost Store Login/input_txtusername'

2018-06-10 19:00:00 - [TEST_STEP][PASSED] - setText: Text '123' is set on object 'Object Repository/HealthpostToCms/Page_HealthPost Store Login/input_txtpassword'

2018-06-10 19:00:00 - [MESSAGE][PASSED] - Text '123' is set on object 'Object Repository/HealthpostToCms/Page_HealthPost Store Login/input_txtpassword'

2018-06-10 19:00:00 - [TEST_STEP][PASSED] - delay: Delayed 3 second(s)

2018-06-10 19:00:03 - [MESSAGE][PASSED] - Delayed 3 second(s)

2018-06-10 19:00:03 - [TEST_STEP][PASSED] - click: Object: 'Object Repository/HealthpostToCms/Page_HealthPost Store Login/button_Sign in' is clicked on

2018-06-10 19:00:04 - [MESSAGE][PASSED] - Object: 'Object Repository/HealthpostToCms/Page_HealthPost Store Login/button_Sign in' is clicked on

2018-06-10 19:00:04 - [TEST_STEP][PASSED] - delay: Delayed 3 second(s)

2018-06-10 19:00:07 - [MESSAGE][PASSED] - Delayed 3 second(s)

2018-06-10 19:00:07 - [TEST_STEP][PASSED] - waitForElementPresent: Object 'Object Repository/HealthpostToCms/Page_HealthPost Store/a_CMS' is present

2018-06-10 19:00:07 - [MESSAGE][PASSED] - Object 'Object Repository/HealthpostToCms/Page_HealthPost Store/a_CMS' is present

2018-06-10 19:00:07 - [TEST_STEP][PASSED] - click: Object: 'Object Repository/HealthpostToCms/Page_HealthPost Store/a_CMS' is clicked on

2018-06-10 19:00:07 - [MESSAGE][PASSED] - Object: 'Object Repository/HealthpostToCms/Page_HealthPost Store/a_CMS' is clicked on

2018-06-10 19:00:07 - [TEST_STEP][PASSED] - click: Object: 'Object Repository/HealthpostToCms/Page_HealthPost Store/a_Request Send' is clicked on

2018-06-10 19:00:08 - [MESSAGE][PASSED] - Object: 'Object Repository/HealthpostToCms/Page_HealthPost Store/a_Request Send' is clicked on

2018-06-10 19:00:08 - [TEST_STEP][PASSED] - delay: Delayed 2 second(s)

2018-06-10 19:00:10 - [MESSAGE][PASSED] - Delayed 2 second(s)

2018-06-10 19:00:10 - [TEST_STEP][PASSED] - selectOptionByIndex: All options with index in [2] are selected on object 'Object Repository/HealthpostToCms/Page_HealthPost Store/select_--Select--'

2018-06-10 19:00:10 - [MESSAGE][PASSED] - All options with index in [2] are selected on object 'Object Repository/HealthpostToCms/Page_HealthPost Store/select_--Select--'

2018-06-10 19:00:10 - [TEST_STEP][PASSED] - selectOptionByIndex: All options with index in [11] are selected on object 'Object Repository/HealthpostToCms/Page_HealthPost Store/select_--Select--Schedule 1Inj'

2018-06-10 19:00:10 - [MESSAGE][PASSED] - All options with index in [11] are selected on object 'Object Repository/HealthpostToCms/Page_HealthPost Store/select_--Select--Schedule 1Inj'

2018-06-10 19:00:10 - [TEST_STEP][PASSED] - Statement - medicineslength = com.kms.katalon.core.webui.keyword.WebUiBuiltInKeywords.getNumberOfTotalOption(com.kms.katalon.core.testobject.ObjectRepository.findTestObject(HealthpostToCms/Page_HealthPost Store/select_--Select--Adernaline 0.)): 81 options of object 'Object Repository/HealthpostToCms/Page_HealthPost Store/select_--Select--Adernaline 0.' counted

2018-06-10 19:00:10 - [MESSAGE][PASSED] - 81 options of object 'Object Repository/HealthpostToCms/Page_HealthPost Store/select_--Select--Adernaline 0.' counted

2018-06-10 19:00:10 - [TEST_STEP][PASSED] - Statement - For ([e = 1, e <= medicineslength - 1, (e++)]): Delayed 2 second(s)

2018-06-10 19:00:10 - [TEST_STEP][PASSED] - selectOptionByIndex: All options with index in [11] are selected on object 'Object Repository/HealthpostToCms/Page_HealthPost Store/select_--Select--Schedule 1Inj'

2018-06-10 19:00:11 - [MESSAGE][PASSED] - All options with index in [11] are selected on object 'Object Repository/HealthpostToCms/Page_HealthPost Store/select_--Select--Schedule 1Inj'

2018-06-10 19:00:11 - [TEST_STEP][PASSED] - delay: Delayed 1 second(s)

2018-06-10 19:00:12 - [MESSAGE][PASSED] - Delayed 1 second(s)

2018-06-10 19:00:12 - [TEST_STEP][PASSED] - selectOptionByIndex: All options with index in [1] are selected on object 'Object Repository/HealthpostToCms/Page_HealthPost Store/select_--Select--Adernaline 0.'

2018-06-10 19:00:12 - [MESSAGE][PASSED] - All options with index in [1] are selected on object 'Object Repository/HealthpostToCms/Page_HealthPost Store/select_--Select--Adernaline 0.'

2018-06-10 19:00:12 - [TEST_STEP][PASSED] - setText: Text '100' is set on object 'Object Repository/HealthpostToCms/Page_HealthPost Store/input_txttreat'

2018-06-10 19:00:12 - [MESSAGE][PASSED] - Text '100' is set on object 'Object Repository/HealthpostToCms/Page_HealthPost Store/input_txttreat'

2018-06-10 19:00:12 - [TEST_STEP][PASSED] - click: Object: 'Object Repository/HealthpostToCms/Page_HealthPost Store/button_Add' is clicked on

2018-06-10 19:00:12 - [MESSAGE][PASSED] - Object: 'Object Repository/HealthpostToCms/Page_HealthPost Store/button_Add' is clicked on

2018-06-10 19:00:12 - [TEST_STEP][PASSED] - delay: Delayed 2 second(s)

2018-06-10 19:00:14 - [MESSAGE][PASSED] - Delayed 2 second(s)

2018-06-10 19:00:14 - [TEST_STEP][PASSED] - selectOptionByIndex: All options with index in [11] are selected on object 'Object Repository/HealthpostToCms/Page_HealthPost Store/select_--Select--Schedule 1Inj'

2018-06-10 19:00:14 - [MESSAGE][PASSED] - All options with index in [11] are selected on object 'Object Repository/HealthpostToCms/Page_HealthPost Store/select_--Select--Schedule 1Inj'

2018-06-10 19:00:14 - [TEST_STEP][PASSED] - delay: Delayed 1 second(s)

2018-06-10 19:00:15 - [MESSAGE][PASSED] - Delayed 1 second(s)

2018-06-10 19:00:15 - [TEST_STEP][PASSED] - selectOptionByIndex: All options with index in [2] are selected on object 'Object Repository/HealthpostToCms/Page_HealthPost Store/select_--Select--Adernaline 0.'

2018-06-10 19:00:15 - [MESSAGE][PASSED] - All options with index in [2] are selected on object 'Object Repository/HealthpostToCms/Page_HealthPost Store/select_--Select--Adernaline 0.'

2018-06-10 19:00:15 - [TEST_STEP][PASSED] - setText: Text '100' is set on object 'Object Repository/HealthpostToCms/Page_HealthPost Store/input_txttreat'

2018-06-10 19:00:15 - [MESSAGE][PASSED] - Text '100' is set on object 'Object Repository/HealthpostToCms/Page_HealthPost Store/input_txttreat'

2018-06-10 19:00:15 - [TEST_STEP][PASSED] - click: Object: 'Object Repository/HealthpostToCms/Page_HealthPost Store/button_Add' is clicked on

2018-06-10 19:00:15 - [MESSAGE][PASSED] - Object: 'Object Repository/HealthpostToCms/Page_HealthPost Store/button_Add' is clicked on

2018-06-10 19:00:15 - [TEST_STEP][PASSED] - delay: Delayed 2 second(s)

2018-06-10 19:00:17 - [MESSAGE][PASSED] - Delayed 2 second(s)

2018-06-10 19:00:17 - [TEST_STEP][PASSED] - selectOptionByIndex: All options with index in [11] are selected on object 'Object Repository/HealthpostToCms/Page_HealthPost Store/select_--Select--Schedule 1Inj'

2018-06-10 19:00:18 - [MESSAGE][PASSED] - All options with index in [11] are selected on object 'Object Repository/HealthpostToCms/Page_HealthPost Store/select_--Select--Schedule 1Inj'

2018-06-10 19:00:18 - [TEST_STEP][PASSED] - delay: Delayed 1 second(s)

2018-06-10 19:00:19 - [MESSAGE][PASSED] - Delayed 1 second(s)

2018-06-10 19:00:19 - [TEST_STEP][PASSED] - selectOptionByIndex: All options with index in [3] are selected on object 'Object Repository/HealthpostToCms/Page_HealthPost Store/select_--Select--Adernaline 0.'

2018-06-10 19:00:19 - [MESSAGE][PASSED] - All options with index in [3] are selected on object 'Object Repository/HealthpostToCms/Page_HealthPost Store/select_--Select--Adernaline 0.'

2018-06-10 19:00:19 - [TEST_STEP][PASSED] - setText: Text '100' is set on object 'Object Repository/HealthpostToCms/Page_HealthPost Store/input_txttreat'

2018-06-10 19:00:19 - [MESSAGE][PASSED] - Text '100' is set on object 'Object Repository/HealthpostToCms/Page_HealthPost Store/input_txttreat'

2018-06-10 19:00:19 - [TEST_STEP][PASSED] - click: Object: 'Object Repository/HealthpostToCms/Page_HealthPost Store/button_Add' is clicked on

2018-06-10 19:00:19 - [MESSAGE][PASSED] - Object: 'Object Repository/HealthpostToCms/Page_HealthPost Store/button_Add' is clicked on

2018-06-10 19:00:19 - [TEST_STEP][PASSED] - delay: Delayed 2 second(s)

2018-06-10 19:00:21 - [MESSAGE][PASSED] - Delayed 2 second(s)

2018-06-10 19:00:21 - [TEST_STEP][PASSED] - selectOptionByIndex: All options with index in [11] are selected on object 'Object Repository/HealthpostToCms/Page_HealthPost Store/select_--Select--Schedule 1Inj'

2018-06-10 19:00:21 - [MESSAGE][PASSED] - All options with index in [11] are selected on object 'Object Repository/HealthpostToCms/Page_HealthPost Store/select_--Select--Schedule 1Inj'

2018-06-10 19:00:21 - [TEST_STEP][PASSED] - delay: Delayed 1 second(s)

2018-06-10 19:00:22 - [MESSAGE][PASSED] - Delayed 1 second(s)

2018-06-10 19:00:22 - [TEST_STEP][PASSED] - selectOptionByIndex: All options with index in [4] are selected on object 'Object Repository/HealthpostToCms/Page_HealthPost Store/select_--Select--Adernaline 0.'

2018-06-10 19:00:22 - [MESSAGE][PASSED] - All options with index in [4] are selected on object 'Object Repository/HealthpostToCms/Page_HealthPost Store/select_--Select--Adernaline 0.'

2018-06-10 19:00:22 - [TEST_STEP][PASSED] - setText: Text '100' is set on object 'Object Repository/HealthpostToCms/Page_HealthPost Store/input_txttreat'

2018-06-10 19:00:23 - [MESSAGE][PASSED] - Text '100' is set on object 'Object Repository/HealthpostToCms/Page_HealthPost Store/input_txttreat'

2018-06-10 19:00:23 - [TEST_STEP][PASSED] - click: Object: 'Object Repository/HealthpostToCms/Page_HealthPost Store/button_Add' is clicked on

2018-06-10 19:00:23 - [MESSAGE][PASSED] - Object: 'Object Repository/HealthpostToCms/Page_HealthPost Store/button_Add' is clicked on

2018-06-10 19:00:23 - [TEST_STEP][PASSED] - delay: Delayed 2 second(s)

2018-06-10 19:00:25 - [MESSAGE][PASSED] - Delayed 2 second(s)

2018-06-10 19:00:25 - [TEST_STEP][PASSED] - selectOptionByIndex: All options with index in [11] are selected on object 'Object Repository/HealthpostToCms/Page_HealthPost Store/select_--Select--Schedule 1Inj'

2018-06-10 19:00:25 - [MESSAGE][PASSED] - All options with index in [11] are selected on object 'Object Repository/HealthpostToCms/Page_HealthPost Store/select_--Select--Schedule 1Inj'

2018-06-10 19:00:25 - [TEST_STEP][PASSED] - delay: Delayed 1 second(s)

2018-06-10 19:00:26 - [MESSAGE][PASSED] - Delayed 1 second(s)

2018-06-10 19:00:26 - [TEST_STEP][PASSED] - selectOptionByIndex: All options with index in [5] are selected on object 'Object Repository/HealthpostToCms/Page_HealthPost Store/select_--Select--Adernaline 0.'

2018-06-10 19:00:26 - [MESSAGE][PASSED] - All options with index in [5] are selected on object 'Object Repository/HealthpostToCms/Page_HealthPost Store/select_--Select--Adernaline 0.'

2018-06-10 19:00:26 - [TEST_STEP][PASSED] - setText: Text '100' is set on object 'Object Repository/HealthpostToCms/Page_HealthPost Store/input_txttreat'

2018-06-10 19:00:26 - [MESSAGE][PASSED] - Text '100' is set on object 'Object Repository/HealthpostToCms/Page_HealthPost Store/input_txttreat'

2018-06-10 19:00:26 - [TEST_STEP][PASSED] - click: Object: 'Object Repository/HealthpostToCms/Page_HealthPost Store/button_Add' is clicked on

2018-06-10 19:00:26 - [MESSAGE][PASSED] - Object: 'Object Repository/HealthpostToCms/Page_HealthPost Store/button_Add' is clicked on

2018-06-10 19:00:26 - [TEST_STEP][PASSED] - delay: Delayed 2 second(s)

2018-06-10 19:00:28 - [MESSAGE][PASSED] - Delayed 2 second(s)

2018-06-10 19:00:28 - [TEST_STEP][PASSED] - selectOptionByIndex: All options with index in [11] are selected on object 'Object Repository/HealthpostToCms/Page_HealthPost Store/select_--Select--Schedule 1Inj'

2018-06-10 19:00:29 - [MESSAGE][PASSED] - All options with index in [11] are selected on object 'Object Repository/HealthpostToCms/Page_HealthPost Store/select_--Select--Schedule 1Inj'

2018-06-10 19:00:29 - [TEST_STEP][PASSED] - delay: Delayed 1 second(s)

2018-06-10 19:00:30 - [MESSAGE][PASSED] - Delayed 1 second(s)

2018-06-10 19:00:30 - [TEST_STEP][PASSED] - selectOptionByIndex: All options with index in [6] are selected on object 'Object Repository/HealthpostToCms/Page_HealthPost Store/select_--Select--Adernaline 0.'

2018-06-10 19:00:30 - [MESSAGE][PASSED] - All options with index in [6] are selected on object 'Object Repository/HealthpostToCms/Page_HealthPost Store/select_--Select--Adernaline 0.'

2018-06-10 19:00:30 - [TEST_STEP][PASSED] - setText: Text '100' is set on object 'Object Repository/HealthpostToCms/Page_HealthPost Store/input_txttreat'

2018-06-10 19:00:30 - [MESSAGE][PASSED] - Text '100' is set on object 'Object Repository/HealthpostToCms/Page_HealthPost Store/input_txttreat'

2018-06-10 19:00:30 - [TEST_STEP][PASSED] - click: Object: 'Object Repository/HealthpostToCms/Page_HealthPost Store/button_Add' is clicked on

2018-06-10 19:00:30 - [MESSAGE][PASSED] - Object: 'Object Repository/HealthpostToCms/Page_HealthPost Store/button_Add' is clicked on

2018-06-10 19:00:30 - [TEST_STEP][PASSED] - delay: Delayed 2 second(s)

2018-06-10 19:00:32 - [MESSAGE][PASSED] - Delayed 2 second(s)

2018-06-10 19:00:32 - [TEST_STEP][PASSED] - selectOptionByIndex: All options with index in [11] are selected on object 'Object Repository/HealthpostToCms/Page_HealthPost Store/select_--Select--Schedule 1Inj'

2018-06-10 19:00:32 - [MESSAGE][PASSED] - All options with index in [11] are selected on object 'Object Repository/HealthpostToCms/Page_HealthPost Store/select_--Select--Schedule 1Inj'

2018-06-10 19:00:32 - [TEST_STEP][PASSED] - delay: Delayed 1 second(s)

2018-06-10 19:00:33 - [MESSAGE][PASSED] - Delayed 1 second(s)

2018-06-10 19:00:33 - [TEST_STEP][PASSED] - selectOptionByIndex: All options with index in [7] are selected on object 'Object Repository/HealthpostToCms/Page_HealthPost Store/select_--Select--Adernaline 0.'

2018-06-10 19:00:33 - [MESSAGE][PASSED] - All options with index in [7] are selected on object 'Object Repository/HealthpostToCms/Page_HealthPost Store/select_--Select--Adernaline 0.'

2018-06-10 19:00:33 - [TEST_STEP][PASSED] - setText: Text '100' is set on object 'Object Repository/HealthpostToCms/Page_HealthPost Store/input_txttreat'

2018-06-10 19:00:33 - [MESSAGE][PASSED] - Text '100' is set on object 'Object Repository/HealthpostToCms/Page_HealthPost Store/input_txttreat'

2018-06-10 19:00:33 - [TEST_STEP][PASSED] - click: Object: 'Object Repository/HealthpostToCms/Page_HealthPost Store/button_Add' is clicked on

2018-06-10 19:00:33 - [MESSAGE][PASSED] - Object: 'Object Repository/HealthpostToCms/Page_HealthPost Store/button_Add' is clicked on

2018-06-10 19:00:33 - [TEST_STEP][PASSED] - delay: Delayed 2 second(s)

2018-06-10 19:00:35 - [MESSAGE][PASSED] - Delayed 2 second(s)

2018-06-10 19:00:35 - [TEST_STEP][PASSED] - selectOptionByIndex: All options with index in [11] are selected on object 'Object Repository/HealthpostToCms/Page_HealthPost Store/select_--Select--Schedule 1Inj'

2018-06-10 19:00:36 - [MESSAGE][PASSED] - All options with index in [11] are selected on object 'Object Repository/HealthpostToCms/Page_HealthPost Store/select_--Select--Schedule 1Inj'

2018-06-10 19:00:36 - [TEST_STEP][PASSED] - delay: Delayed 1 second(s)

2018-06-10 19:00:37 - [MESSAGE][PASSED] - Delayed 1 second(s)

2018-06-10 19:00:37 - [TEST_STEP][PASSED] - selectOptionByIndex: All options with index in [8] are selected on object 'Object Repository/HealthpostToCms/Page_HealthPost Store/select_--Select--Adernaline 0.'

2018-06-10 19:00:37 - [MESSAGE][PASSED] - All options with index in [8] are selected on object 'Object Repository/HealthpostToCms/Page_HealthPost Store/select_--Select--Adernaline 0.'

2018-06-10 19:00:37 - [TEST_STEP][PASSED] - setText: Text '100' is set on object 'Object Repository/HealthpostToCms/Page_HealthPost Store/input_txttreat'

2018-06-10 19:00:37 - [MESSAGE][PASSED] - Text '100' is set on object 'Object Repository/HealthpostToCms/Page_HealthPost Store/input_txttreat'

2018-06-10 19:00:37 - [TEST_STEP][PASSED] - click: Object: 'Object Repository/HealthpostToCms/Page_HealthPost Store/button_Add' is clicked on

2018-06-10 19:00:37 - [MESSAGE][PASSED] - Object: 'Object Repository/HealthpostToCms/Page_HealthPost Store/button_Add' is clicked on

2018-06-10 19:00:37 - [TEST_STEP][PASSED] - delay: Delayed 2 second(s)

2018-06-10 19:00:39 - [MESSAGE][PASSED] - Delayed 2 second(s)

2018-06-10 19:00:39 - [TEST_STEP][PASSED] - selectOptionByIndex: All options with index in [11] are selected on object 'Object Repository/HealthpostToCms/Page_HealthPost Store/select_--Select--Schedule 1Inj'

2018-06-10 19:00:39 - [MESSAGE][PASSED] - All options with index in [11] are selected on object 'Object Repository/HealthpostToCms/Page_HealthPost Store/select_--Select--Schedule 1Inj'

2018-06-10 19:00:39 - [TEST_STEP][PASSED] - delay: Delayed 1 second(s)

2018-06-10 19:00:40 - [MESSAGE][PASSED] - Delayed 1 second(s)

2018-06-10 19:00:40 - [TEST_STEP][PASSED] - selectOptionByIndex: All options with index in [9] are selected on object 'Object Repository/HealthpostToCms/Page_HealthPost Store/select_--Select--Adernaline 0.'

2018-06-10 19:00:41 - [MESSAGE][PASSED] - All options with index in [9] are selected on object 'Object Repository/HealthpostToCms/Page_HealthPost Store/select_--Select--Adernaline 0.'

2018-06-10 19:00:41 - [TEST_STEP][PASSED] - setText: Text '100' is set on object 'Object Repository/HealthpostToCms/Page_HealthPost Store/input_txttreat'

2018-06-10 19:00:41 - [MESSAGE][PASSED] - Text '100' is set on object 'Object Repository/HealthpostToCms/Page_HealthPost Store/input_txttreat'

2018-06-10 19:00:41 - [TEST_STEP][PASSED] - click: Object: 'Object Repository/HealthpostToCms/Page_HealthPost Store/button_Add' is clicked on

2018-06-10 19:00:41 - [MESSAGE][PASSED] - Object: 'Object Repository/HealthpostToCms/Page_HealthPost Store/button_Add' is clicked on

2018-06-10 19:00:41 - [TEST_STEP][PASSED] - delay: Delayed 2 second(s)

2018-06-10 19:00:43 - [MESSAGE][PASSED] - Delayed 2 second(s)

2018-06-10 19:00:43 - [TEST_STEP][PASSED] - selectOptionByIndex: All options with index in [11] are selected on object 'Object Repository/HealthpostToCms/Page_HealthPost Store/select_--Select--Schedule 1Inj'

2018-06-10 19:00:43 - [MESSAGE][PASSED] - All options with index in [11] are selected on object 'Object Repository/HealthpostToCms/Page_HealthPost Store/select_--Select--Schedule 1Inj'

2018-06-10 19:00:43 - [TEST_STEP][PASSED] - delay: Delayed 1 second(s)

2018-06-10 19:00:44 - [MESSAGE][PASSED] - Delayed 1 second(s)

2018-06-10 19:00:44 - [TEST_STEP][PASSED] - selectOptionByIndex: All options with index in [10] are selected on object 'Object Repository/HealthpostToCms/Page_HealthPost Store/select_--Select--Adernaline 0.'

2018-06-10 19:00:44 - [MESSAGE][PASSED] - All options with index in [10] are selected on object 'Object Repository/HealthpostToCms/Page_HealthPost Store/select_--Select--Adernaline 0.'

2018-06-10 19:00:44 - [TEST_STEP][PASSED] - setText: Text '100' is set on object 'Object Repository/HealthpostToCms/Page_HealthPost Store/input_txttreat'

2018-06-10 19:00:44 - [MESSAGE][PASSED] - Text '100' is set on object 'Object Repository/HealthpostToCms/Page_HealthPost Store/input_txttreat'

2018-06-10 19:00:44 - [TEST_STEP][PASSED] - click: Object: 'Object Repository/HealthpostToCms/Page_HealthPost Store/button_Add' is clicked on

2018-06-10 19:00:44 - [MESSAGE][PASSED] - Object: 'Object Repository/HealthpostToCms/Page_HealthPost Store/button_Add' is clicked on

2018-06-10 19:00:44 - [TEST_STEP][PASSED] - delay: Delayed 2 second(s)

2018-06-10 19:00:46 - [MESSAGE][PASSED] - Delayed 2 second(s)

2018-06-10 19:00:46 - [TEST_STEP][PASSED] - selectOptionByIndex: All options with index in [11] are selected on object 'Object Repository/HealthpostToCms/Page_HealthPost Store/select_--Select--Schedule 1Inj'

2018-06-10 19:00:47 - [MESSAGE][PASSED] - All options with index in [11] are selected on object 'Object Repository/HealthpostToCms/Page_HealthPost Store/select_--Select--Schedule 1Inj'

2018-06-10 19:00:47 - [TEST_STEP][PASSED] - delay: Delayed 1 second(s)

2018-06-10 19:00:48 - [MESSAGE][PASSED] - Delayed 1 second(s)

2018-06-10 19:00:48 - [TEST_STEP][PASSED] - selectOptionByIndex: All options with index in [11] are selected on object 'Object Repository/HealthpostToCms/Page_HealthPost Store/select_--Select--Adernaline 0.'

2018-06-10 19:00:48 - [MESSAGE][PASSED] - All options with index in [11] are selected on object 'Object Repository/HealthpostToCms/Page_HealthPost Store/select_--Select--Adernaline 0.'

2018-06-10 19:00:48 - [TEST_STEP][PASSED] - setText: Text '100' is set on object 'Object Repository/HealthpostToCms/Page_HealthPost Store/input_txttreat'

2018-06-10 19:00:48 - [MESSAGE][PASSED] - Text '100' is set on object 'Object Repository/HealthpostToCms/Page_HealthPost Store/input_txttreat'

2018-06-10 19:00:48 - [TEST_STEP][PASSED] - click: Object: 'Object Repository/HealthpostToCms/Page_HealthPost Store/button_Add' is clicked on

2018-06-10 19:00:48 - [MESSAGE][PASSED] - Object: 'Object Repository/HealthpostToCms/Page_HealthPost Store/button_Add' is clicked on

2018-06-10 19:00:48 - [TEST_STEP][PASSED] - delay: Delayed 2 second(s)

2018-06-10 19:00:50 - [MESSAGE][PASSED] - Delayed 2 second(s)

2018-06-10 19:00:50 - [TEST_STEP][PASSED] - selectOptionByIndex: All options with index in [11] are selected on object 'Object Repository/HealthpostToCms/Page_HealthPost Store/select_--Select--Schedule 1Inj'

2018-06-10 19:00:50 - [MESSAGE][PASSED] - All options with index in [11] are selected on object 'Object Repository/HealthpostToCms/Page_HealthPost Store/select_--Select--Schedule 1Inj'

2018-06-10 19:00:50 - [TEST_STEP][PASSED] - delay: Delayed 1 second(s)

2018-06-10 19:00:51 - [MESSAGE][PASSED] - Delayed 1 second(s)

2018-06-10 19:00:51 - [TEST_STEP][PASSED] - selectOptionByIndex: All options with index in [12] are selected on object 'Object Repository/HealthpostToCms/Page_HealthPost Store/select_--Select--Adernaline 0.'

2018-06-10 19:00:51 - [MESSAGE][PASSED] - All options with index in [12] are selected on object 'Object Repository/HealthpostToCms/Page_HealthPost Store/select_--Select--Adernaline 0.'

2018-06-10 19:00:51 - [TEST_STEP][PASSED] - setText: Text '100' is set on object 'Object Repository/HealthpostToCms/Page_HealthPost Store/input_txttreat'

2018-06-10 19:00:51 - [MESSAGE][PASSED] - Text '100' is set on object 'Object Repository/HealthpostToCms/Page_HealthPost Store/input_txttreat'

2018-06-10 19:00:51 - [TEST_STEP][PASSED] - click: Object: 'Object Repository/HealthpostToCms/Page_HealthPost Store/button_Add' is clicked on

2018-06-10 19:00:52 - [MESSAGE][PASSED] - Object: 'Object Repository/HealthpostToCms/Page_HealthPost Store/button_Add' is clicked on

2018-06-10 19:00:52 - [TEST_STEP][PASSED] - delay: Delayed 2 second(s)

2018-06-10 19:00:54 - [MESSAGE][PASSED] - Delayed 2 second(s)

2018-06-10 19:00:54 - [TEST_STEP][PASSED] - selectOptionByIndex: All options with index in [11] are selected on object 'Object Repository/HealthpostToCms/Page_HealthPost Store/select_--Select--Schedule 1Inj'

2018-06-10 19:00:54 - [MESSAGE][PASSED] - All options with index in [11] are selected on object 'Object Repository/HealthpostToCms/Page_HealthPost Store/select_--Select--Schedule 1Inj'

2018-06-10 19:00:54 - [TEST_STEP][PASSED] - delay: Delayed 1 second(s)

2018-06-10 19:00:55 - [MESSAGE][PASSED] - Delayed 1 second(s)

2018-06-10 19:00:55 - [TEST_STEP][PASSED] - selectOptionByIndex: All options with index in [13] are selected on object 'Object Repository/HealthpostToCms/Page_HealthPost Store/select_--Select--Adernaline 0.'

2018-06-10 19:00:55 - [MESSAGE][PASSED] - All options with index in [13] are selected on object 'Object Repository/HealthpostToCms/Page_HealthPost Store/select_--Select--Adernaline 0.'

2018-06-10 19:00:55 - [TEST_STEP][PASSED] - setText: Text '100' is set on object 'Object Repository/HealthpostToCms/Page_HealthPost Store/input_txttreat'

2018-06-10 19:00:55 - [MESSAGE][PASSED] - Text '100' is set on object 'Object Repository/HealthpostToCms/Page_HealthPost Store/input_txttreat'

2018-06-10 19:00:55 - [TEST_STEP][PASSED] - click: Object: 'Object Repository/HealthpostToCms/Page_HealthPost Store/button_Add' is clicked on

2018-06-10 19:00:55 - [MESSAGE][PASSED] - Object: 'Object Repository/HealthpostToCms/Page_HealthPost Store/button_Add' is clicked on

2018-06-10 19:00:55 - [TEST_STEP][PASSED] - delay: Delayed 2 second(s)

2018-06-10 19:00:57 - [MESSAGE][PASSED] - Delayed 2 second(s)

2018-06-10 19:00:57 - [TEST_STEP][PASSED] - selectOptionByIndex: All options with index in [11] are selected on object 'Object Repository/HealthpostToCms/Page_HealthPost Store/select_--Select--Schedule 1Inj'

2018-06-10 19:00:58 - [MESSAGE][PASSED] - All options with index in [11] are selected on object 'Object Repository/HealthpostToCms/Page_HealthPost Store/select_--Select--Schedule 1Inj'

2018-06-10 19:00:58 - [TEST_STEP][PASSED] - delay: Delayed 1 second(s)

2018-06-10 19:00:59 - [MESSAGE][PASSED] - Delayed 1 second(s)

2018-06-10 19:00:59 - [TEST_STEP][PASSED] - selectOptionByIndex: All options with index in [14] are selected on object 'Object Repository/HealthpostToCms/Page_HealthPost Store/select_--Select--Adernaline 0.'

2018-06-10 19:00:59 - [MESSAGE][PASSED] - All options with index in [14] are selected on object 'Object Repository/HealthpostToCms/Page_HealthPost Store/select_--Select--Adernaline 0.'

2018-06-10 19:00:59 - [TEST_STEP][PASSED] - setText: Text '100' is set on object 'Object Repository/HealthpostToCms/Page_HealthPost Store/input_txttreat'

2018-06-10 19:00:59 - [MESSAGE][PASSED] - Text '100' is set on object 'Object Repository/HealthpostToCms/Page_HealthPost Store/input_txttreat'

2018-06-10 19:00:59 - [TEST_STEP][PASSED] - click: Object: 'Object Repository/HealthpostToCms/Page_HealthPost Store/button_Add' is clicked on

2018-06-10 19:00:59 - [MESSAGE][PASSED] - Object: 'Object Repository/HealthpostToCms/Page_HealthPost Store/button_Add' is clicked on

2018-06-10 19:00:59 - [TEST_STEP][PASSED] - delay: Delayed 2 second(s)

2018-06-10 19:01:01 - [MESSAGE][PASSED] - Delayed 2 second(s)

2018-06-10 19:01:01 - [TEST_STEP][PASSED] - selectOptionByIndex: All options with index in [11] are selected on object 'Object Repository/HealthpostToCms/Page_HealthPost Store/select_--Select--Schedule 1Inj'

2018-06-10 19:01:01 - [MESSAGE][PASSED] - All options with index in [11] are selected on object 'Object Repository/HealthpostToCms/Page_HealthPost Store/select_--Select--Schedule 1Inj'

2018-06-10 19:01:01 - [TEST_STEP][PASSED] - delay: Delayed 1 second(s)

2018-06-10 19:01:02 - [MESSAGE][PASSED] - Delayed 1 second(s)

2018-06-10 19:01:02 - [TEST_STEP][PASSED] - selectOptionByIndex: All options with index in [15] are selected on object 'Object Repository/HealthpostToCms/Page_HealthPost Store/select_--Select--Adernaline 0.'

2018-06-10 19:01:03 - [MESSAGE][PASSED] - All options with index in [15] are selected on object 'Object Repository/HealthpostToCms/Page_HealthPost Store/select_--Select--Adernaline 0.'

2018-06-10 19:01:03 - [TEST_STEP][PASSED] - setText: Text '100' is set on object 'Object Repository/HealthpostToCms/Page_HealthPost Store/input_txttreat'

2018-06-10 19:01:03 - [MESSAGE][PASSED] - Text '100' is set on object 'Object Repository/HealthpostToCms/Page_HealthPost Store/input_txttreat'

2018-06-10 19:01:03 - [TEST_STEP][PASSED] - click: Object: 'Object Repository/HealthpostToCms/Page_HealthPost Store/button_Add' is clicked on

2018-06-10 19:01:03 - [MESSAGE][PASSED] - Object: 'Object Repository/HealthpostToCms/Page_HealthPost Store/button_Add' is clicked on

2018-06-10 19:01:03 - [TEST_STEP][PASSED] - delay: Delayed 2 second(s)

2018-06-10 19:01:05 - [MESSAGE][PASSED] - Delayed 2 second(s)

2018-06-10 19:01:05 - [TEST_STEP][PASSED] - selectOptionByIndex: All options with index in [11] are selected on object 'Object Repository/HealthpostToCms/Page_HealthPost Store/select_--Select--Schedule 1Inj'

2018-06-10 19:01:05 - [MESSAGE][PASSED] - All options with index in [11] are selected on object 'Object Repository/HealthpostToCms/Page_HealthPost Store/select_--Select--Schedule 1Inj'

2018-06-10 19:01:05 - [TEST_STEP][PASSED] - delay: Delayed 1 second(s)

2018-06-10 19:01:06 - [MESSAGE][PASSED] - Delayed 1 second(s)

2018-06-10 19:01:06 - [TEST_STEP][PASSED] - selectOptionByIndex: All options with index in [16] are selected on object 'Object Repository/HealthpostToCms/Page_HealthPost Store/select_--Select--Adernaline 0.'

2018-06-10 19:01:06 - [MESSAGE][PASSED] - All options with index in [16] are selected on object 'Object Repository/HealthpostToCms/Page_HealthPost Store/select_--Select--Adernaline 0.'

2018-06-10 19:01:06 - [TEST_STEP][PASSED] - setText: Text '100' is set on object 'Object Repository/HealthpostToCms/Page_HealthPost Store/input_txttreat'

2018-06-10 19:01:06 - [MESSAGE][PASSED] - Text '100' is set on object 'Object Repository/HealthpostToCms/Page_HealthPost Store/input_txttreat'

2018-06-10 19:01:06 - [TEST_STEP][PASSED] - click: Object: 'Object Repository/HealthpostToCms/Page_HealthPost Store/button_Add' is clicked on

2018-06-10 19:01:06 - [MESSAGE][PASSED] - Object: 'Object Repository/HealthpostToCms/Page_HealthPost Store/button_Add' is clicked on

2018-06-10 19:01:06 - [TEST_STEP][PASSED] - delay: Delayed 2 second(s)

2018-06-10 19:01:08 - [MESSAGE][PASSED] - Delayed 2 second(s)

2018-06-10 19:01:08 - [TEST_STEP][PASSED] - selectOptionByIndex: All options with index in [11] are selected on object 'Object Repository/HealthpostToCms/Page_HealthPost Store/select_--Select--Schedule 1Inj'

2018-06-10 19:01:09 - [MESSAGE][PASSED] - All options with index in [11] are selected on object 'Object Repository/HealthpostToCms/Page_HealthPost Store/select_--Select--Schedule 1Inj'

2018-06-10 19:01:09 - [TEST_STEP][PASSED] - delay: Delayed 1 second(s)

2018-06-10 19:01:10 - [MESSAGE][PASSED] - Delayed 1 second(s)

2018-06-10 19:01:10 - [TEST_STEP][PASSED] - selectOptionByIndex: All options with index in [17] are selected on object 'Object Repository/HealthpostToCms/Page_HealthPost Store/select_--Select--Adernaline 0.'

2018-06-10 19:01:10 - [MESSAGE][PASSED] - All options with index in [17] are selected on object 'Object Repository/HealthpostToCms/Page_HealthPost Store/select_--Select--Adernaline 0.'

2018-06-10 19:01:10 - [TEST_STEP][PASSED] - setText: Text '100' is set on object 'Object Repository/HealthpostToCms/Page_HealthPost Store/input_txttreat'

2018-06-10 19:01:10 - [MESSAGE][PASSED] - Text '100' is set on object 'Object Repository/HealthpostToCms/Page_HealthPost Store/input_txttreat'

2018-06-10 19:01:10 - [TEST_STEP][PASSED] - click: Object: 'Object Repository/HealthpostToCms/Page_HealthPost Store/button_Add' is clicked on

2018-06-10 19:01:10 - [MESSAGE][PASSED] - Object: 'Object Repository/HealthpostToCms/Page_HealthPost Store/button_Add' is clicked on

2018-06-10 19:01:10 - [TEST_STEP][PASSED] - delay: Delayed 2 second(s)

2018-06-10 19:01:12 - [MESSAGE][PASSED] - Delayed 2 second(s)

2018-06-10 19:01:12 - [TEST_STEP][PASSED] - selectOptionByIndex: All options with index in [11] are selected on object 'Object Repository/HealthpostToCms/Page_HealthPost Store/select_--Select--Schedule 1Inj'

2018-06-10 19:01:12 - [MESSAGE][PASSED] - All options with index in [11] are selected on object 'Object Repository/HealthpostToCms/Page_HealthPost Store/select_--Select--Schedule 1Inj'

2018-06-10 19:01:12 - [TEST_STEP][PASSED] - delay: Delayed 1 second(s)

2018-06-10 19:01:13 - [MESSAGE][PASSED] - Delayed 1 second(s)

2018-06-10 19:01:13 - [TEST_STEP][PASSED] - selectOptionByIndex: All options with index in [18] are selected on object 'Object Repository/HealthpostToCms/Page_HealthPost Store/select_--Select--Adernaline 0.'

2018-06-10 19:01:14 - [MESSAGE][PASSED] - All options with index in [18] are selected on object 'Object Repository/HealthpostToCms/Page_HealthPost Store/select_--Select--Adernaline 0.'

2018-06-10 19:01:14 - [TEST_STEP][PASSED] - setText: Text '100' is set on object 'Object Repository/HealthpostToCms/Page_HealthPost Store/input_txttreat'

2018-06-10 19:01:14 - [MESSAGE][PASSED] - Text '100' is set on object 'Object Repository/HealthpostToCms/Page_HealthPost Store/input_txttreat'

2018-06-10 19:01:14 - [TEST_STEP][PASSED] - click: Object: 'Object Repository/HealthpostToCms/Page_HealthPost Store/button_Add' is clicked on

2018-06-10 19:01:14 - [MESSAGE][PASSED] - Object: 'Object Repository/HealthpostToCms/Page_HealthPost Store/button_Add' is clicked on

2018-06-10 19:01:14 - [TEST_STEP][PASSED] - delay: Delayed 2 second(s)

2018-06-10 19:01:16 - [MESSAGE][PASSED] - Delayed 2 second(s)

2018-06-10 19:01:16 - [TEST_STEP][PASSED] - selectOptionByIndex: All options with index in [11] are selected on object 'Object Repository/HealthpostToCms/Page_HealthPost Store/select_--Select--Schedule 1Inj'

2018-06-10 19:01:16 - [MESSAGE][PASSED] - All options with index in [11] are selected on object 'Object Repository/HealthpostToCms/Page_HealthPost Store/select_--Select--Schedule 1Inj'

2018-06-10 19:01:16 - [TEST_STEP][PASSED] - delay: Delayed 1 second(s)

2018-06-10 19:01:17 - [MESSAGE][PASSED] - Delayed 1 second(s)

2018-06-10 19:01:17 - [TEST_STEP][PASSED] - selectOptionByIndex: All options with index in [19] are selected on object 'Object Repository/HealthpostToCms/Page_HealthPost Store/select_--Select--Adernaline 0.'

2018-06-10 19:01:17 - [MESSAGE][PASSED] - All options with index in [19] are selected on object 'Object Repository/HealthpostToCms/Page_HealthPost Store/select_--Select--Adernaline 0.'

2018-06-10 19:01:17 - [TEST_STEP][PASSED] - setText: Text '100' is set on object 'Object Repository/HealthpostToCms/Page_HealthPost Store/input_txttreat'

2018-06-10 19:01:17 - [MESSAGE][PASSED] - Text '100' is set on object 'Object Repository/HealthpostToCms/Page_HealthPost Store/input_txttreat'

2018-06-10 19:01:17 - [TEST_STEP][PASSED] - click: Object: 'Object Repository/HealthpostToCms/Page_HealthPost Store/button_Add' is clicked on

2018-06-10 19:01:17 - [MESSAGE][PASSED] - Object: 'Object Repository/HealthpostToCms/Page_HealthPost Store/button_Add' is clicked on

2018-06-10 19:01:17 - [TEST_STEP][PASSED] - delay: Delayed 2 second(s)

2018-06-10 19:01:19 - [MESSAGE][PASSED] - Delayed 2 second(s)

2018-06-10 19:01:19 - [TEST_STEP][PASSED] - selectOptionByIndex: All options with index in [11] are selected on object 'Object Repository/HealthpostToCms/Page_HealthPost Store/select_--Select--Schedule 1Inj'

2018-06-10 19:01:20 - [MESSAGE][PASSED] - All options with index in [11] are selected on object 'Object Repository/HealthpostToCms/Page_HealthPost Store/select_--Select--Schedule 1Inj'

2018-06-10 19:01:20 - [TEST_STEP][PASSED] - delay: Delayed 1 second(s)

2018-06-10 19:01:21 - [MESSAGE][PASSED] - Delayed 1 second(s)

2018-06-10 19:01:21 - [TEST_STEP][PASSED] - selectOptionByIndex: All options with index in [20] are selected on object 'Object Repository/HealthpostToCms/Page_HealthPost Store/select_--Select--Adernaline 0.'

2018-06-10 19:01:21 - [MESSAGE][PASSED] - All options with index in [20] are selected on object 'Object Repository/HealthpostToCms/Page_HealthPost Store/select_--Select--Adernaline 0.'

2018-06-10 19:01:21 - [TEST_STEP][PASSED] - setText: Text '100' is set on object 'Object Repository/HealthpostToCms/Page_HealthPost Store/input_txttreat'

2018-06-10 19:01:21 - [MESSAGE][PASSED] - Text '100' is set on object 'Object Repository/HealthpostToCms/Page_HealthPost Store/input_txttreat'

2018-06-10 19:01:21 - [TEST_STEP][PASSED] - click: Object: 'Object Repository/HealthpostToCms/Page_HealthPost Store/button_Add' is clicked on

2018-06-10 19:01:21 - [MESSAGE][PASSED] - Object: 'Object Repository/HealthpostToCms/Page_HealthPost Store/button_Add' is clicked on

2018-06-10 19:01:21 - [TEST_STEP][PASSED] - delay: Delayed 2 second(s)

2018-06-10 19:01:23 - [MESSAGE][PASSED] - Delayed 2 second(s)

2018-06-10 19:01:23 - [TEST_STEP][PASSED] - selectOptionByIndex: All options with index in [11] are selected on object 'Object Repository/HealthpostToCms/Page_HealthPost Store/select_--Select--Schedule 1Inj'

2018-06-10 19:01:23 - [MESSAGE][PASSED] - All options with index in [11] are selected on object 'Object Repository/HealthpostToCms/Page_HealthPost Store/select_--Select--Schedule 1Inj'

2018-06-10 19:01:23 - [TEST_STEP][PASSED] - delay: Delayed 1 second(s)

2018-06-10 19:01:24 - [MESSAGE][PASSED] - Delayed 1 second(s)

2018-06-10 19:01:24 - [TEST_STEP][PASSED] - selectOptionByIndex: All options with index in [21] are selected on object 'Object Repository/HealthpostToCms/Page_HealthPost Store/select_--Select--Adernaline 0.'

2018-06-10 19:01:25 - [MESSAGE][PASSED] - All options with index in [21] are selected on object 'Object Repository/HealthpostToCms/Page_HealthPost Store/select_--Select--Adernaline 0.'

2018-06-10 19:01:25 - [TEST_STEP][PASSED] - setText: Text '100' is set on object 'Object Repository/HealthpostToCms/Page_HealthPost Store/input_txttreat'

2018-06-10 19:01:25 - [MESSAGE][PASSED] - Text '100' is set on object 'Object Repository/HealthpostToCms/Page_HealthPost Store/input_txttreat'

2018-06-10 19:01:25 - [TEST_STEP][PASSED] - click: Object: 'Object Repository/HealthpostToCms/Page_HealthPost Store/button_Add' is clicked on

2018-06-10 19:01:25 - [MESSAGE][PASSED] - Object: 'Object Repository/HealthpostToCms/Page_HealthPost Store/button_Add' is clicked on

2018-06-10 19:01:25 - [TEST_STEP][PASSED] - delay: Delayed 2 second(s)

2018-06-10 19:01:27 - [MESSAGE][PASSED] - Delayed 2 second(s)

2018-06-10 19:01:27 - [TEST_STEP][PASSED] - selectOptionByIndex: All options with index in [11] are selected on object 'Object Repository/HealthpostToCms/Page_HealthPost Store/select_--Select--Schedule 1Inj'

2018-06-10 19:01:27 - [MESSAGE][PASSED] - All options with index in [11] are selected on object 'Object Repository/HealthpostToCms/Page_HealthPost Store/select_--Select--Schedule 1Inj'

2018-06-10 19:01:27 - [TEST_STEP][PASSED] - delay: Delayed 1 second(s)

2018-06-10 19:01:28 - [MESSAGE][PASSED] - Delayed 1 second(s)

2018-06-10 19:01:28 - [TEST_STEP][PASSED] - selectOptionByIndex: All options with index in [22] are selected on object 'Object Repository/HealthpostToCms/Page_HealthPost Store/select_--Select--Adernaline 0.'

2018-06-10 19:01:29 - [MESSAGE][PASSED] - All options with index in [22] are selected on object 'Object Repository/HealthpostToCms/Page_HealthPost Store/select_--Select--Adernaline 0.'

2018-06-10 19:01:29 - [TEST_STEP][PASSED] - setText: Text '100' is set on object 'Object Repository/HealthpostToCms/Page_HealthPost Store/input_txttreat'

2018-06-10 19:01:29 - [MESSAGE][PASSED] - Text '100' is set on object 'Object Repository/HealthpostToCms/Page_HealthPost Store/input_txttreat'

2018-06-10 19:01:29 - [TEST_STEP][PASSED] - click: Object: 'Object Repository/HealthpostToCms/Page_HealthPost Store/button_Add' is clicked on

2018-06-10 19:01:29 - [MESSAGE][PASSED] - Object: 'Object Repository/HealthpostToCms/Page_HealthPost Store/button_Add' is clicked on

2018-06-10 19:01:29 - [TEST_STEP][PASSED] - delay: Delayed 2 second(s)

2018-06-10 19:01:31 - [MESSAGE][PASSED] - Delayed 2 second(s)

2018-06-10 19:01:31 - [TEST_STEP][PASSED] - selectOptionByIndex: All options with index in [11] are selected on object 'Object Repository/HealthpostToCms/Page_HealthPost Store/select_--Select--Schedule 1Inj'

2018-06-10 19:01:31 - [MESSAGE][PASSED] - All options with index in [11] are selected on object 'Object Repository/HealthpostToCms/Page_HealthPost Store/select_--Select--Schedule 1Inj'

2018-06-10 19:01:31 - [TEST_STEP][PASSED] - delay: Delayed 1 second(s)

2018-06-10 19:01:32 - [MESSAGE][PASSED] - Delayed 1 second(s)

2018-06-10 19:01:32 - [TEST_STEP][PASSED] - selectOptionByIndex: All options with index in [23] are selected on object 'Object Repository/HealthpostToCms/Page_HealthPost Store/select_--Select--Adernaline 0.'

2018-06-10 19:01:32 - [MESSAGE][PASSED] - All options with index in [23] are selected on object 'Object Repository/HealthpostToCms/Page_HealthPost Store/select_--Select--Adernaline 0.'

2018-06-10 19:01:32 - [TEST_STEP][PASSED] - setText: Text '100' is set on object 'Object Repository/HealthpostToCms/Page_HealthPost Store/input_txttreat'

2018-06-10 19:01:32 - [MESSAGE][PASSED] - Text '100' is set on object 'Object Repository/HealthpostToCms/Page_HealthPost Store/input_txttreat'

2018-06-10 19:01:32 - [TEST_STEP][PASSED] - click: Object: 'Object Repository/HealthpostToCms/Page_HealthPost Store/button_Add' is clicked on

2018-06-10 19:01:32 - [MESSAGE][PASSED] - Object: 'Object Repository/HealthpostToCms/Page_HealthPost Store/button_Add' is clicked on

2018-06-10 19:01:32 - [TEST_STEP][PASSED] - delay: Delayed 2 second(s)

2018-06-10 19:01:34 - [MESSAGE][PASSED] - Delayed 2 second(s)

2018-06-10 19:01:34 - [TEST_STEP][PASSED] - selectOptionByIndex: All options with index in [11] are selected on object 'Object Repository/HealthpostToCms/Page_HealthPost Store/select_--Select--Schedule 1Inj'

2018-06-10 19:01:35 - [MESSAGE][PASSED] - All options with index in [11] are selected on object 'Object Repository/HealthpostToCms/Page_HealthPost Store/select_--Select--Schedule 1Inj'

2018-06-10 19:01:35 - [TEST_STEP][PASSED] - delay: Delayed 1 second(s)

2018-06-10 19:01:36 - [MESSAGE][PASSED] - Delayed 1 second(s)

2018-06-10 19:01:36 - [TEST_STEP][PASSED] - selectOptionByIndex: All options with index in [24] are selected on object 'Object Repository/HealthpostToCms/Page_HealthPost Store/select_--Select--Adernaline 0.'

2018-06-10 19:01:36 - [MESSAGE][PASSED] - All options with index in [24] are selected on object 'Object Repository/HealthpostToCms/Page_HealthPost Store/select_--Select--Adernaline 0.'

2018-06-10 19:01:36 - [TEST_STEP][PASSED] - setText: Text '100' is set on object 'Object Repository/HealthpostToCms/Page_HealthPost Store/input_txttreat'

2018-06-10 19:01:36 - [MESSAGE][PASSED] - Text '100' is set on object 'Object Repository/HealthpostToCms/Page_HealthPost Store/input_txttreat'

2018-06-10 19:01:36 - [TEST_STEP][PASSED] - click: Object: 'Object Repository/HealthpostToCms/Page_HealthPost Store/button_Add' is clicked on

2018-06-10 19:01:36 - [MESSAGE][PASSED] - Object: 'Object Repository/HealthpostToCms/Page_HealthPost Store/button_Add' is clicked on

2018-06-10 19:01:36 - [TEST_STEP][PASSED] - delay: Delayed 2 second(s)

2018-06-10 19:01:38 - [MESSAGE][PASSED] - Delayed 2 second(s)

2018-06-10 19:01:38 - [TEST_STEP][PASSED] - selectOptionByIndex: All options with index in [11] are selected on object 'Object Repository/HealthpostToCms/Page_HealthPost Store/select_--Select--Schedule 1Inj'

2018-06-10 19:01:39 - [MESSAGE][PASSED] - All options with index in [11] are selected on object 'Object Repository/HealthpostToCms/Page_HealthPost Store/select_--Select--Schedule 1Inj'

2018-06-10 19:01:39 - [TEST_STEP][PASSED] - delay: Delayed 1 second(s)

2018-06-10 19:01:40 - [MESSAGE][PASSED] - Delayed 1 second(s)

2018-06-10 19:01:40 - [TEST_STEP][PASSED] - selectOptionByIndex: All options with index in [25] are selected on object 'Object Repository/HealthpostToCms/Page_HealthPost Store/select_--Select--Adernaline 0.'

2018-06-10 19:01:40 - [MESSAGE][PASSED] - All options with index in [25] are selected on object 'Object Repository/HealthpostToCms/Page_HealthPost Store/select_--Select--Adernaline 0.'

2018-06-10 19:01:40 - [TEST_STEP][PASSED] - setText: Text '100' is set on object 'Object Repository/HealthpostToCms/Page_HealthPost Store/input_txttreat'

2018-06-10 19:01:40 - [MESSAGE][PASSED] - Text '100' is set on object 'Object Repository/HealthpostToCms/Page_HealthPost Store/input_txttreat'

2018-06-10 19:01:40 - [TEST_STEP][PASSED] - click: Object: 'Object Repository/HealthpostToCms/Page_HealthPost Store/button_Add' is clicked on

2018-06-10 19:01:40 - [MESSAGE][PASSED] - Object: 'Object Repository/HealthpostToCms/Page_HealthPost Store/button_Add' is clicked on

2018-06-10 19:01:40 - [TEST_STEP][PASSED] - delay: Delayed 2 second(s)

2018-06-10 19:01:42 - [MESSAGE][PASSED] - Delayed 2 second(s)

2018-06-10 19:01:42 - [TEST_STEP][PASSED] - selectOptionByIndex: All options with index in [11] are selected on object 'Object Repository/HealthpostToCms/Page_HealthPost Store/select_--Select--Schedule 1Inj'

2018-06-10 19:01:42 - [MESSAGE][PASSED] - All options with index in [11] are selected on object 'Object Repository/HealthpostToCms/Page_HealthPost Store/select_--Select--Schedule 1Inj'

2018-06-10 19:01:42 - [TEST_STEP][PASSED] - delay: Delayed 1 second(s)

2018-06-10 19:01:43 - [MESSAGE][PASSED] - Delayed 1 second(s)

2018-06-10 19:01:43 - [TEST_STEP][PASSED] - selectOptionByIndex: All options with index in [26] are selected on object 'Object Repository/HealthpostToCms/Page_HealthPost Store/select_--Select--Adernaline 0.'

2018-06-10 19:01:44 - [MESSAGE][PASSED] - All options with index in [26] are selected on object 'Object Repository/HealthpostToCms/Page_HealthPost Store/select_--Select--Adernaline 0.'

2018-06-10 19:01:44 - [TEST_STEP][PASSED] - setText: Text '100' is set on object 'Object Repository/HealthpostToCms/Page_HealthPost Store/input_txttreat'

2018-06-10 19:01:44 - [MESSAGE][PASSED] - Text '100' is set on object 'Object Repository/HealthpostToCms/Page_HealthPost Store/input_txttreat'

2018-06-10 19:01:44 - [TEST_STEP][PASSED] - click: Object: 'Object Repository/HealthpostToCms/Page_HealthPost Store/button_Add' is clicked on

2018-06-10 19:01:44 - [MESSAGE][PASSED] - Object: 'Object Repository/HealthpostToCms/Page_HealthPost Store/button_Add' is clicked on

2018-06-10 19:01:44 - [TEST_STEP][PASSED] - delay: Delayed 2 second(s)

2018-06-10 19:01:46 - [MESSAGE][PASSED] - Delayed 2 second(s)

2018-06-10 19:01:46 - [TEST_STEP][PASSED] - selectOptionByIndex: All options with index in [11] are selected on object 'Object Repository/HealthpostToCms/Page_HealthPost Store/select_--Select--Schedule 1Inj'

2018-06-10 19:01:46 - [MESSAGE][PASSED] - All options with index in [11] are selected on object 'Object Repository/HealthpostToCms/Page_HealthPost Store/select_--Select--Schedule 1Inj'

2018-06-10 19:01:46 - [TEST_STEP][PASSED] - delay: Delayed 1 second(s)

2018-06-10 19:01:47 - [MESSAGE][PASSED] - Delayed 1 second(s)

2018-06-10 19:01:47 - [TEST_STEP][PASSED] - selectOptionByIndex: All options with index in [27] are selected on object 'Object Repository/HealthpostToCms/Page_HealthPost Store/select_--Select--Adernaline 0.'

2018-06-10 19:01:48 - [MESSAGE][PASSED] - All options with index in [27] are selected on object 'Object Repository/HealthpostToCms/Page_HealthPost Store/select_--Select--Adernaline 0.'

2018-06-10 19:01:48 - [TEST_STEP][PASSED] - setText: Text '100' is set on object 'Object Repository/HealthpostToCms/Page_HealthPost Store/input_txttreat'

2018-06-10 19:01:48 - [MESSAGE][PASSED] - Text '100' is set on object 'Object Repository/HealthpostToCms/Page_HealthPost Store/input_txttreat'

2018-06-10 19:01:48 - [TEST_STEP][PASSED] - click: Object: 'Object Repository/HealthpostToCms/Page_HealthPost Store/button_Add' is clicked on

2018-06-10 19:01:48 - [MESSAGE][PASSED] - Object: 'Object Repository/HealthpostToCms/Page_HealthPost Store/button_Add' is clicked on

2018-06-10 19:01:48 - [TEST_STEP][PASSED] - delay: Delayed 2 second(s)

2018-06-10 19:01:50 - [MESSAGE][PASSED] - Delayed 2 second(s)

2018-06-10 19:01:50 - [TEST_STEP][PASSED] - selectOptionByIndex: All options with index in [11] are selected on object 'Object Repository/HealthpostToCms/Page_HealthPost Store/select_--Select--Schedule 1Inj'

2018-06-10 19:01:50 - [MESSAGE][PASSED] - All options with index in [11] are selected on object 'Object Repository/HealthpostToCms/Page_HealthPost Store/select_--Select--Schedule 1Inj'

2018-06-10 19:01:50 - [TEST_STEP][PASSED] - delay: Delayed 1 second(s)

2018-06-10 19:01:51 - [MESSAGE][PASSED] - Delayed 1 second(s)

2018-06-10 19:01:51 - [TEST_STEP][PASSED] - selectOptionByIndex: All options with index in [28] are selected on object 'Object Repository/HealthpostToCms/Page_HealthPost Store/select_--Select--Adernaline 0.'

2018-06-10 19:01:51 - [MESSAGE][PASSED] - All options with index in [28] are selected on object 'Object Repository/HealthpostToCms/Page_HealthPost Store/select_--Select--Adernaline 0.'

2018-06-10 19:01:51 - [TEST_STEP][PASSED] - setText: Text '100' is set on object 'Object Repository/HealthpostToCms/Page_HealthPost Store/input_txttreat'

2018-06-10 19:01:51 - [MESSAGE][PASSED] - Text '100' is set on object 'Object Repository/HealthpostToCms/Page_HealthPost Store/input_txttreat'

2018-06-10 19:01:51 - [TEST_STEP][PASSED] - click: Object: 'Object Repository/HealthpostToCms/Page_HealthPost Store/button_Add' is clicked on

2018-06-10 19:01:52 - [MESSAGE][PASSED] - Object: 'Object Repository/HealthpostToCms/Page_HealthPost Store/button_Add' is clicked on

2018-06-10 19:01:52 - [TEST_STEP][PASSED] - delay: Delayed 2 second(s)

2018-06-10 19:01:54 - [MESSAGE][PASSED] - Delayed 2 second(s)

2018-06-10 19:01:54 - [TEST_STEP][PASSED] - selectOptionByIndex: All options with index in [11] are selected on object 'Object Repository/HealthpostToCms/Page_HealthPost Store/select_--Select--Schedule 1Inj'

2018-06-10 19:01:54 - [MESSAGE][PASSED] - All options with index in [11] are selected on object 'Object Repository/HealthpostToCms/Page_HealthPost Store/select_--Select--Schedule 1Inj'

2018-06-10 19:01:54 - [TEST_STEP][PASSED] - delay: Delayed 1 second(s)

2018-06-10 19:01:55 - [MESSAGE][PASSED] - Delayed 1 second(s)

2018-06-10 19:01:55 - [TEST_STEP][PASSED] - selectOptionByIndex: All options with index in [29] are selected on object 'Object Repository/HealthpostToCms/Page_HealthPost Store/select_--Select--Adernaline 0.'

2018-06-10 19:01:55 - [MESSAGE][PASSED] - All options with index in [29] are selected on object 'Object Repository/HealthpostToCms/Page_HealthPost Store/select_--Select--Adernaline 0.'

2018-06-10 19:01:55 - [TEST_STEP][PASSED] - setText: Text '100' is set on object 'Object Repository/HealthpostToCms/Page_HealthPost Store/input_txttreat'

2018-06-10 19:01:55 - [MESSAGE][PASSED] - Text '100' is set on object 'Object Repository/HealthpostToCms/Page_HealthPost Store/input_txttreat'

2018-06-10 19:01:55 - [TEST_STEP][PASSED] - click: Object: 'Object Repository/HealthpostToCms/Page_HealthPost Store/button_Add' is clicked on

2018-06-10 19:01:55 - [MESSAGE][PASSED] - Object: 'Object Repository/HealthpostToCms/Page_HealthPost Store/button_Add' is clicked on

2018-06-10 19:01:55 - [TEST_STEP][PASSED] - delay: Delayed 2 second(s)

2018-06-10 19:01:57 - [MESSAGE][PASSED] - Delayed 2 second(s)

2018-06-10 19:01:57 - [TEST_STEP][PASSED] - selectOptionByIndex: All options with index in [11] are selected on object 'Object Repository/HealthpostToCms/Page_HealthPost Store/select_--Select--Schedule 1Inj'

2018-06-10 19:01:58 - [MESSAGE][PASSED] - All options with index in [11] are selected on object 'Object Repository/HealthpostToCms/Page_HealthPost Store/select_--Select--Schedule 1Inj'

2018-06-10 19:01:58 - [TEST_STEP][PASSED] - delay: Delayed 1 second(s)

2018-06-10 19:01:59 - [MESSAGE][PASSED] - Delayed 1 second(s)

2018-06-10 19:01:59 - [TEST_STEP][PASSED] - selectOptionByIndex: All options with index in [30] are selected on object 'Object Repository/HealthpostToCms/Page_HealthPost Store/select_--Select--Adernaline 0.'

2018-06-10 19:01:59 - [MESSAGE][PASSED] - All options with index in [30] are selected on object 'Object Repository/HealthpostToCms/Page_HealthPost Store/select_--Select--Adernaline 0.'

2018-06-10 19:01:59 - [TEST_STEP][PASSED] - setText: Text '100' is set on object 'Object Repository/HealthpostToCms/Page_HealthPost Store/input_txttreat'

2018-06-10 19:01:59 - [MESSAGE][PASSED] - Text '100' is set on object 'Object Repository/HealthpostToCms/Page_HealthPost Store/input_txttreat'

2018-06-10 19:01:59 - [TEST_STEP][PASSED] - click: Object: 'Object Repository/HealthpostToCms/Page_HealthPost Store/button_Add' is clicked on

2018-06-10 19:01:59 - [MESSAGE][PASSED] - Object: 'Object Repository/HealthpostToCms/Page_HealthPost Store/button_Add' is clicked on

2018-06-10 19:01:59 - [TEST_STEP][PASSED] - delay: Delayed 2 second(s)

2018-06-10 19:02:01 - [MESSAGE][PASSED] - Delayed 2 second(s)

2018-06-10 19:02:01 - [TEST_STEP][PASSED] - selectOptionByIndex: All options with index in [11] are selected on object 'Object Repository/HealthpostToCms/Page_HealthPost Store/select_--Select--Schedule 1Inj'

2018-06-10 19:02:01 - [MESSAGE][PASSED] - All options with index in [11] are selected on object 'Object Repository/HealthpostToCms/Page_HealthPost Store/select_--Select--Schedule 1Inj'

2018-06-10 19:02:01 - [TEST_STEP][PASSED] - delay: Delayed 1 second(s)

2018-06-10 19:02:02 - [MESSAGE][PASSED] - Delayed 1 second(s)

2018-06-10 19:02:02 - [TEST_STEP][PASSED] - selectOptionByIndex: All options with index in [31] are selected on object 'Object Repository/HealthpostToCms/Page_HealthPost Store/select_--Select--Adernaline 0.'

2018-06-10 19:02:03 - [MESSAGE][PASSED] - All options with index in [31] are selected on object 'Object Repository/HealthpostToCms/Page_HealthPost Store/select_--Select--Adernaline 0.'

2018-06-10 19:02:03 - [TEST_STEP][PASSED] - setText: Text '100' is set on object 'Object Repository/HealthpostToCms/Page_HealthPost Store/input_txttreat'

2018-06-10 19:02:03 - [MESSAGE][PASSED] - Text '100' is set on object 'Object Repository/HealthpostToCms/Page_HealthPost Store/input_txttreat'

2018-06-10 19:02:03 - [TEST_STEP][PASSED] - click: Object: 'Object Repository/HealthpostToCms/Page_HealthPost Store/button_Add' is clicked on

2018-06-10 19:02:03 - [MESSAGE][PASSED] - Object: 'Object Repository/HealthpostToCms/Page_HealthPost Store/button_Add' is clicked on

2018-06-10 19:02:03 - [TEST_STEP][PASSED] - delay: Delayed 2 second(s)

2018-06-10 19:02:05 - [MESSAGE][PASSED] - Delayed 2 second(s)

2018-06-10 19:02:05 - [TEST_STEP][PASSED] - selectOptionByIndex: All options with index in [11] are selected on object 'Object Repository/HealthpostToCms/Page_HealthPost Store/select_--Select--Schedule 1Inj'

2018-06-10 19:02:05 - [MESSAGE][PASSED] - All options with index in [11] are selected on object 'Object Repository/HealthpostToCms/Page_HealthPost Store/select_--Select--Schedule 1Inj'

2018-06-10 19:02:05 - [TEST_STEP][PASSED] - delay: Delayed 1 second(s)

2018-06-10 19:02:06 - [MESSAGE][PASSED] - Delayed 1 second(s)

2018-06-10 19:02:06 - [TEST_STEP][PASSED] - selectOptionByIndex: All options with index in [32] are selected on object 'Object Repository/HealthpostToCms/Page_HealthPost Store/select_--Select--Adernaline 0.'

2018-06-10 19:02:07 - [MESSAGE][PASSED] - All options with index in [32] are selected on object 'Object Repository/HealthpostToCms/Page_HealthPost Store/select_--Select--Adernaline 0.'

2018-06-10 19:02:07 - [TEST_STEP][PASSED] - setText: Text '100' is set on object 'Object Repository/HealthpostToCms/Page_HealthPost Store/input_txttreat'

2018-06-10 19:02:07 - [MESSAGE][PASSED] - Text '100' is set on object 'Object Repository/HealthpostToCms/Page_HealthPost Store/input_txttreat'

2018-06-10 19:02:07 - [TEST_STEP][PASSED] - click: Object: 'Object Repository/HealthpostToCms/Page_HealthPost Store/button_Add' is clicked on

2018-06-10 19:02:07 - [MESSAGE][PASSED] - Object: 'Object Repository/HealthpostToCms/Page_HealthPost Store/button_Add' is clicked on

2018-06-10 19:02:07 - [TEST_STEP][PASSED] - delay: Delayed 2 second(s)

2018-06-10 19:02:09 - [MESSAGE][PASSED] - Delayed 2 second(s)

2018-06-10 19:02:09 - [TEST_STEP][PASSED] - selectOptionByIndex: All options with index in [11] are selected on object 'Object Repository/HealthpostToCms/Page_HealthPost Store/select_--Select--Schedule 1Inj'

2018-06-10 19:02:09 - [MESSAGE][PASSED] - All options with index in [11] are selected on object 'Object Repository/HealthpostToCms/Page_HealthPost Store/select_--Select--Schedule 1Inj'

2018-06-10 19:02:09 - [TEST_STEP][PASSED] - delay: Delayed 1 second(s)

2018-06-10 19:02:10 - [MESSAGE][PASSED] - Delayed 1 second(s)

2018-06-10 19:02:10 - [TEST_STEP][PASSED] - selectOptionByIndex: All options with index in [33] are selected on object 'Object Repository/HealthpostToCms/Page_HealthPost Store/select_--Select--Adernaline 0.'

2018-06-10 19:02:11 - [MESSAGE][PASSED] - All options with index in [33] are selected on object 'Object Repository/HealthpostToCms/Page_HealthPost Store/select_--Select--Adernaline 0.'

2018-06-10 19:02:11 - [TEST_STEP][PASSED] - setText: Text '100' is set on object 'Object Repository/HealthpostToCms/Page_HealthPost Store/input_txttreat'

2018-06-10 19:02:11 - [MESSAGE][PASSED] - Text '100' is set on object 'Object Repository/HealthpostToCms/Page_HealthPost Store/input_txttreat'

2018-06-10 19:02:11 - [TEST_STEP][PASSED] - click: Object: 'Object Repository/HealthpostToCms/Page_HealthPost Store/button_Add' is clicked on

2018-06-10 19:02:11 - [MESSAGE][PASSED] - Object: 'Object Repository/HealthpostToCms/Page_HealthPost Store/button_Add' is clicked on

2018-06-10 19:02:11 - [TEST_STEP][PASSED] - delay: Delayed 2 second(s)

2018-06-10 19:02:13 - [MESSAGE][PASSED] - Delayed 2 second(s)

2018-06-10 19:02:13 - [TEST_STEP][PASSED] - selectOptionByIndex: All options with index in [11] are selected on object 'Object Repository/HealthpostToCms/Page_HealthPost Store/select_--Select--Schedule 1Inj'

2018-06-10 19:02:13 - [MESSAGE][PASSED] - All options with index in [11] are selected on object 'Object Repository/HealthpostToCms/Page_HealthPost Store/select_--Select--Schedule 1Inj'

2018-06-10 19:02:13 - [TEST_STEP][PASSED] - delay: Delayed 1 second(s)

2018-06-10 19:02:14 - [MESSAGE][PASSED] - Delayed 1 second(s)

2018-06-10 19:02:14 - [TEST_STEP][PASSED] - selectOptionByIndex: All options with index in [34] are selected on object 'Object Repository/HealthpostToCms/Page_HealthPost Store/select_--Select--Adernaline 0.'

2018-06-10 19:02:15 - [MESSAGE][PASSED] - All options with index in [34] are selected on object 'Object Repository/HealthpostToCms/Page_HealthPost Store/select_--Select--Adernaline 0.'

2018-06-10 19:02:15 - [TEST_STEP][PASSED] - setText: Text '100' is set on object 'Object Repository/HealthpostToCms/Page_HealthPost Store/input_txttreat'

2018-06-10 19:02:15 - [MESSAGE][PASSED] - Text '100' is set on object 'Object Repository/HealthpostToCms/Page_HealthPost Store/input_txttreat'

2018-06-10 19:02:15 - [TEST_STEP][PASSED] - click: Object: 'Object Repository/HealthpostToCms/Page_HealthPost Store/button_Add' is clicked on

2018-06-10 19:02:15 - [MESSAGE][PASSED] - Object: 'Object Repository/HealthpostToCms/Page_HealthPost Store/button_Add' is clicked on

2018-06-10 19:02:15 - [TEST_STEP][PASSED] - delay: Delayed 2 second(s)

2018-06-10 19:02:17 - [MESSAGE][PASSED] - Delayed 2 second(s)

2018-06-10 19:02:17 - [TEST_STEP][PASSED] - selectOptionByIndex: All options with index in [11] are selected on object 'Object Repository/HealthpostToCms/Page_HealthPost Store/select_--Select--Schedule 1Inj'

2018-06-10 19:02:17 - [MESSAGE][PASSED] - All options with index in [11] are selected on object 'Object Repository/HealthpostToCms/Page_HealthPost Store/select_--Select--Schedule 1Inj'

2018-06-10 19:02:17 - [TEST_STEP][PASSED] - delay: Delayed 1 second(s)

2018-06-10 19:02:18 - [MESSAGE][PASSED] - Delayed 1 second(s)

2018-06-10 19:02:18 - [TEST_STEP][PASSED] - selectOptionByIndex: All options with index in [35] are selected on object 'Object Repository/HealthpostToCms/Page_HealthPost Store/select_--Select--Adernaline 0.'

2018-06-10 19:02:19 - [MESSAGE][PASSED] - All options with index in [35] are selected on object 'Object Repository/HealthpostToCms/Page_HealthPost Store/select_--Select--Adernaline 0.'

2018-06-10 19:02:19 - [TEST_STEP][PASSED] - setText: Text '100' is set on object 'Object Repository/HealthpostToCms/Page_HealthPost Store/input_txttreat'

2018-06-10 19:02:19 - [MESSAGE][PASSED] - Text '100' is set on object 'Object Repository/HealthpostToCms/Page_HealthPost Store/input_txttreat'

2018-06-10 19:02:19 - [TEST_STEP][PASSED] - click: Object: 'Object Repository/HealthpostToCms/Page_HealthPost Store/button_Add' is clicked on

2018-06-10 19:02:19 - [MESSAGE][PASSED] - Object: 'Object Repository/HealthpostToCms/Page_HealthPost Store/button_Add' is clicked on

2018-06-10 19:02:19 - [TEST_STEP][PASSED] - delay: Delayed 2 second(s)

2018-06-10 19:02:21 - [MESSAGE][PASSED] - Delayed 2 second(s)

2018-06-10 19:02:21 - [TEST_STEP][PASSED] - selectOptionByIndex: All options with index in [11] are selected on object 'Object Repository/HealthpostToCms/Page_HealthPost Store/select_--Select--Schedule 1Inj'

2018-06-10 19:02:21 - [MESSAGE][PASSED] - All options with index in [11] are selected on object 'Object Repository/HealthpostToCms/Page_HealthPost Store/select_--Select--Schedule 1Inj'

2018-06-10 19:02:21 - [TEST_STEP][PASSED] - delay: Delayed 1 second(s)

2018-06-10 19:02:22 - [MESSAGE][PASSED] - Delayed 1 second(s)

2018-06-10 19:02:22 - [TEST_STEP][PASSED] - selectOptionByIndex: All options with index in [36] are selected on object 'Object Repository/HealthpostToCms/Page_HealthPost Store/select_--Select--Adernaline 0.'

2018-06-10 19:02:22 - [MESSAGE][PASSED] - All options with index in [36] are selected on object 'Object Repository/HealthpostToCms/Page_HealthPost Store/select_--Select--Adernaline 0.'

2018-06-10 19:02:22 - [TEST_STEP][PASSED] - setText: Text '100' is set on object 'Object Repository/HealthpostToCms/Page_HealthPost Store/input_txttreat'

2018-06-10 19:02:23 - [MESSAGE][PASSED] - Text '100' is set on object 'Object Repository/HealthpostToCms/Page_HealthPost Store/input_txttreat'

2018-06-10 19:02:23 - [TEST_STEP][PASSED] - click: Object: 'Object Repository/HealthpostToCms/Page_HealthPost Store/button_Add' is clicked on

2018-06-10 19:02:23 - [MESSAGE][PASSED] - Object: 'Object Repository/HealthpostToCms/Page_HealthPost Store/button_Add' is clicked on

2018-06-10 19:02:23 - [TEST_STEP][PASSED] - delay: Delayed 2 second(s)

2018-06-10 19:02:25 - [MESSAGE][PASSED] - Delayed 2 second(s)

2018-06-10 19:02:25 - [TEST_STEP][PASSED] - selectOptionByIndex: All options with index in [11] are selected on object 'Object Repository/HealthpostToCms/Page_HealthPost Store/select_--Select--Schedule 1Inj'

2018-06-10 19:02:25 - [MESSAGE][PASSED] - All options with index in [11] are selected on object 'Object Repository/HealthpostToCms/Page_HealthPost Store/select_--Select--Schedule 1Inj'

2018-06-10 19:02:25 - [TEST_STEP][PASSED] - delay: Delayed 1 second(s)

2018-06-10 19:02:26 - [MESSAGE][PASSED] - Delayed 1 second(s)

2018-06-10 19:02:26 - [TEST_STEP][PASSED] - selectOptionByIndex: All options with index in [37] are selected on object 'Object Repository/HealthpostToCms/Page_HealthPost Store/select_--Select--Adernaline 0.'

2018-06-10 19:02:26 - [MESSAGE][PASSED] - All options with index in [37] are selected on object 'Object Repository/HealthpostToCms/Page_HealthPost Store/select_--Select--Adernaline 0.'

2018-06-10 19:02:26 - [TEST_STEP][PASSED] - setText: Text '100' is set on object 'Object Repository/HealthpostToCms/Page_HealthPost Store/input_txttreat'

2018-06-10 19:02:27 - [MESSAGE][PASSED] - Text '100' is set on object 'Object Repository/HealthpostToCms/Page_HealthPost Store/input_txttreat'

2018-06-10 19:02:27 - [TEST_STEP][PASSED] - click: Object: 'Object Repository/HealthpostToCms/Page_HealthPost Store/button_Add' is clicked on

2018-06-10 19:02:27 - [MESSAGE][PASSED] - Object: 'Object Repository/HealthpostToCms/Page_HealthPost Store/button_Add' is clicked on

2018-06-10 19:02:27 - [TEST_STEP][PASSED] - delay: Delayed 2 second(s)

2018-06-10 19:02:29 - [MESSAGE][PASSED] - Delayed 2 second(s)

2018-06-10 19:02:29 - [TEST_STEP][PASSED] - selectOptionByIndex: All options with index in [11] are selected on object 'Object Repository/HealthpostToCms/Page_HealthPost Store/select_--Select--Schedule 1Inj'

2018-06-10 19:02:29 - [MESSAGE][PASSED] - All options with index in [11] are selected on object 'Object Repository/HealthpostToCms/Page_HealthPost Store/select_--Select--Schedule 1Inj'

2018-06-10 19:02:29 - [TEST_STEP][PASSED] - delay: Delayed 1 second(s)

2018-06-10 19:02:30 - [MESSAGE][PASSED] - Delayed 1 second(s)

2018-06-10 19:02:30 - [TEST_STEP][PASSED] - selectOptionByIndex: All options with index in [38] are selected on object 'Object Repository/HealthpostToCms/Page_HealthPost Store/select_--Select--Adernaline 0.'

2018-06-10 19:02:30 - [MESSAGE][PASSED] - All options with index in [38] are selected on object 'Object Repository/HealthpostToCms/Page_HealthPost Store/select_--Select--Adernaline 0.'

2018-06-10 19:02:30 - [TEST_STEP][PASSED] - setText: Text '100' is set on object 'Object Repository/HealthpostToCms/Page_HealthPost Store/input_txttreat'

2018-06-10 19:02:30 - [MESSAGE][PASSED] - Text '100' is set on object 'Object Repository/HealthpostToCms/Page_HealthPost Store/input_txttreat'

2018-06-10 19:02:30 - [TEST_STEP][PASSED] - click: Object: 'Object Repository/HealthpostToCms/Page_HealthPost Store/button_Add' is clicked on

2018-06-10 19:02:31 - [MESSAGE][PASSED] - Object: 'Object Repository/HealthpostToCms/Page_HealthPost Store/button_Add' is clicked on

2018-06-10 19:02:31 - [TEST_STEP][PASSED] - delay: Delayed 2 second(s)

2018-06-10 19:02:33 - [MESSAGE][PASSED] - Delayed 2 second(s)

2018-06-10 19:02:33 - [TEST_STEP][PASSED] - selectOptionByIndex: All options with index in [11] are selected on object 'Object Repository/HealthpostToCms/Page_HealthPost Store/select_--Select--Schedule 1Inj'

2018-06-10 19:02:33 - [MESSAGE][PASSED] - All options with index in [11] are selected on object 'Object Repository/HealthpostToCms/Page_HealthPost Store/select_--Select--Schedule 1Inj'

2018-06-10 19:02:33 - [TEST_STEP][PASSED] - delay: Delayed 1 second(s)

2018-06-10 19:02:34 - [MESSAGE][PASSED] - Delayed 1 second(s)

2018-06-10 19:02:34 - [TEST_STEP][PASSED] - selectOptionByIndex: All options with index in [39] are selected on object 'Object Repository/HealthpostToCms/Page_HealthPost Store/select_--Select--Adernaline 0.'

2018-06-10 19:02:34 - [MESSAGE][PASSED] - All options with index in [39] are selected on object 'Object Repository/HealthpostToCms/Page_HealthPost Store/select_--Select--Adernaline 0.'

2018-06-10 19:02:34 - [TEST_STEP][PASSED] - setText: Text '100' is set on object 'Object Repository/HealthpostToCms/Page_HealthPost Store/input_txttreat'

2018-06-10 19:02:34 - [MESSAGE][PASSED] - Text '100' is set on object 'Object Repository/HealthpostToCms/Page_HealthPost Store/input_txttreat'

2018-06-10 19:02:34 - [TEST_STEP][PASSED] - click: Object: 'Object Repository/HealthpostToCms/Page_HealthPost Store/button_Add' is clicked on

2018-06-10 19:02:34 - [MESSAGE][PASSED] - Object: 'Object Repository/HealthpostToCms/Page_HealthPost Store/button_Add' is clicked on

2018-06-10 19:02:34 - [TEST_STEP][PASSED] - delay: Delayed 2 second(s)

2018-06-10 19:02:36 - [MESSAGE][PASSED] - Delayed 2 second(s)

2018-06-10 19:02:36 - [TEST_STEP][PASSED] - selectOptionByIndex: All options with index in [11] are selected on object 'Object Repository/HealthpostToCms/Page_HealthPost Store/select_--Select--Schedule 1Inj'

2018-06-10 19:02:37 - [MESSAGE][PASSED] - All options with index in [11] are selected on object 'Object Repository/HealthpostToCms/Page_HealthPost Store/select_--Select--Schedule 1Inj'

2018-06-10 19:02:37 - [TEST_STEP][PASSED] - delay: Delayed 1 second(s)

2018-06-10 19:02:38 - [MESSAGE][PASSED] - Delayed 1 second(s)

2018-06-10 19:02:38 - [TEST_STEP][PASSED] - selectOptionByIndex: All options with index in [40] are selected on object 'Object Repository/HealthpostToCms/Page_HealthPost Store/select_--Select--Adernaline 0.'

2018-06-10 19:02:38 - [MESSAGE][PASSED] - All options with index in [40] are selected on object 'Object Repository/HealthpostToCms/Page_HealthPost Store/select_--Select--Adernaline 0.'

2018-06-10 19:02:38 - [TEST_STEP][PASSED] - setText: Text '100' is set on object 'Object Repository/HealthpostToCms/Page_HealthPost Store/input_txttreat'

2018-06-10 19:02:38 - [MESSAGE][PASSED] - Text '100' is set on object 'Object Repository/HealthpostToCms/Page_HealthPost Store/input_txttreat'

2018-06-10 19:02:38 - [TEST_STEP][PASSED] - click: Object: 'Object Repository/HealthpostToCms/Page_HealthPost Store/button_Add' is clicked on

2018-06-10 19:02:38 - [MESSAGE][PASSED] - Object: 'Object Repository/HealthpostToCms/Page_HealthPost Store/button_Add' is clicked on

2018-06-10 19:02:38 - [TEST_STEP][PASSED] - delay: Delayed 2 second(s)

2018-06-10 19:02:40 - [MESSAGE][PASSED] - Delayed 2 second(s)

2018-06-10 19:02:40 - [TEST_STEP][PASSED] - selectOptionByIndex: All options with index in [11] are selected on object 'Object Repository/HealthpostToCms/Page_HealthPost Store/select_--Select--Schedule 1Inj'

2018-06-10 19:02:41 - [MESSAGE][PASSED] - All options with index in [11] are selected on object 'Object Repository/HealthpostToCms/Page_HealthPost Store/select_--Select--Schedule 1Inj'

2018-06-10 19:02:41 - [TEST_STEP][PASSED] - delay: Delayed 1 second(s)

2018-06-10 19:02:42 - [MESSAGE][PASSED] - Delayed 1 second(s)

2018-06-10 19:02:42 - [TEST_STEP][PASSED] - selectOptionByIndex: All options with index in [41] are selected on object 'Object Repository/HealthpostToCms/Page_HealthPost Store/select_--Select--Adernaline 0.'

2018-06-10 19:02:42 - [MESSAGE][PASSED] - All options with index in [41] are selected on object 'Object Repository/HealthpostToCms/Page_HealthPost Store/select_--Select--Adernaline 0.'

2018-06-10 19:02:42 - [TEST_STEP][PASSED] - setText: Text '100' is set on object 'Object Repository/HealthpostToCms/Page_HealthPost Store/input_txttreat'

2018-06-10 19:02:42 - [MESSAGE][PASSED] - Text '100' is set on object 'Object Repository/HealthpostToCms/Page_HealthPost Store/input_txttreat'

2018-06-10 19:02:42 - [TEST_STEP][PASSED] - click: Object: 'Object Repository/HealthpostToCms/Page_HealthPost Store/button_Add' is clicked on

2018-06-10 19:02:42 - [MESSAGE][PASSED] - Object: 'Object Repository/HealthpostToCms/Page_HealthPost Store/button_Add' is clicked on

2018-06-10 19:02:42 - [TEST_STEP][PASSED] - delay: Delayed 2 second(s)

2018-06-10 19:02:44 - [MESSAGE][PASSED] - Delayed 2 second(s)

2018-06-10 19:02:44 - [TEST_STEP][PASSED] - selectOptionByIndex: All options with index in [11] are selected on object 'Object Repository/HealthpostToCms/Page_HealthPost Store/select_--Select--Schedule 1Inj'

2018-06-10 19:02:45 - [MESSAGE][PASSED] - All options with index in [11] are selected on object 'Object Repository/HealthpostToCms/Page_HealthPost Store/select_--Select--Schedule 1Inj'

2018-06-10 19:02:45 - [TEST_STEP][PASSED] - delay: Delayed 1 second(s)

2018-06-10 19:02:46 - [MESSAGE][PASSED] - Delayed 1 second(s)

2018-06-10 19:02:46 - [TEST_STEP][PASSED] - selectOptionByIndex: All options with index in [42] are selected on object 'Object Repository/HealthpostToCms/Page_HealthPost Store/select_--Select--Adernaline 0.'

2018-06-10 19:02:46 - [MESSAGE][PASSED] - All options with index in [42] are selected on object 'Object Repository/HealthpostToCms/Page_HealthPost Store/select_--Select--Adernaline 0.'

2018-06-10 19:02:46 - [TEST_STEP][PASSED] - setText: Text '100' is set on object 'Object Repository/HealthpostToCms/Page_HealthPost Store/input_txttreat'

2018-06-10 19:02:46 - [MESSAGE][PASSED] - Text '100' is set on object 'Object Repository/HealthpostToCms/Page_HealthPost Store/input_txttreat'

2018-06-10 19:02:46 - [TEST_STEP][PASSED] - click: Object: 'Object Repository/HealthpostToCms/Page_HealthPost Store/button_Add' is clicked on

2018-06-10 19:02:46 - [MESSAGE][PASSED] - Object: 'Object Repository/HealthpostToCms/Page_HealthPost Store/button_Add' is clicked on

2018-06-10 19:02:46 - [TEST_STEP][PASSED] - delay: Delayed 2 second(s)

2018-06-10 19:02:48 - [MESSAGE][PASSED] - Delayed 2 second(s)

2018-06-10 19:02:48 - [TEST_STEP][PASSED] - selectOptionByIndex: All options with index in [11] are selected on object 'Object Repository/HealthpostToCms/Page_HealthPost Store/select_--Select--Schedule 1Inj'

2018-06-10 19:02:49 - [MESSAGE][PASSED] - All options with index in [11] are selected on object 'Object Repository/HealthpostToCms/Page_HealthPost Store/select_--Select--Schedule 1Inj'

2018-06-10 19:02:49 - [TEST_STEP][PASSED] - delay: Delayed 1 second(s)

2018-06-10 19:02:50 - [MESSAGE][PASSED] - Delayed 1 second(s)

2018-06-10 19:02:50 - [TEST_STEP][PASSED] - selectOptionByIndex: All options with index in [43] are selected on object 'Object Repository/HealthpostToCms/Page_HealthPost Store/select_--Select--Adernaline 0.'

2018-06-10 19:02:50 - [MESSAGE][PASSED] - All options with index in [43] are selected on object 'Object Repository/HealthpostToCms/Page_HealthPost Store/select_--Select--Adernaline 0.'

2018-06-10 19:02:50 - [TEST_STEP][PASSED] - setText: Text '100' is set on object 'Object Repository/HealthpostToCms/Page_HealthPost Store/input_txttreat'

2018-06-10 19:02:50 - [MESSAGE][PASSED] - Text '100' is set on object 'Object Repository/HealthpostToCms/Page_HealthPost Store/input_txttreat'

2018-06-10 19:02:50 - [TEST_STEP][PASSED] - click: Object: 'Object Repository/HealthpostToCms/Page_HealthPost Store/button_Add' is clicked on

2018-06-10 19:02:50 - [MESSAGE][PASSED] - Object: 'Object Repository/HealthpostToCms/Page_HealthPost Store/button_Add' is clicked on

2018-06-10 19:02:50 - [TEST_STEP][PASSED] - delay: Delayed 2 second(s)

2018-06-10 19:02:52 - [MESSAGE][PASSED] - Delayed 2 second(s)

2018-06-10 19:02:52 - [TEST_STEP][PASSED] - selectOptionByIndex: All options with index in [11] are selected on object 'Object Repository/HealthpostToCms/Page_HealthPost Store/select_--Select--Schedule 1Inj'

2018-06-10 19:02:53 - [MESSAGE][PASSED] - All options with index in [11] are selected on object 'Object Repository/HealthpostToCms/Page_HealthPost Store/select_--Select--Schedule 1Inj'

2018-06-10 19:02:53 - [TEST_STEP][PASSED] - delay: Delayed 1 second(s)

2018-06-10 19:02:54 - [MESSAGE][PASSED] - Delayed 1 second(s)

2018-06-10 19:02:54 - [TEST_STEP][PASSED] - selectOptionByIndex: All options with index in [44] are selected on object 'Object Repository/HealthpostToCms/Page_HealthPost Store/select_--Select--Adernaline 0.'

2018-06-10 19:02:54 - [MESSAGE][PASSED] - All options with index in [44] are selected on object 'Object Repository/HealthpostToCms/Page_HealthPost Store/select_--Select--Adernaline 0.'

2018-06-10 19:02:54 - [TEST_STEP][PASSED] - setText: Text '100' is set on object 'Object Repository/HealthpostToCms/Page_HealthPost Store/input_txttreat'

2018-06-10 19:02:54 - [MESSAGE][PASSED] - Text '100' is set on object 'Object Repository/HealthpostToCms/Page_HealthPost Store/input_txttreat'

2018-06-10 19:02:54 - [TEST_STEP][PASSED] - click: Object: 'Object Repository/HealthpostToCms/Page_HealthPost Store/button_Add' is clicked on

2018-06-10 19:02:55 - [MESSAGE][PASSED] - Object: 'Object Repository/HealthpostToCms/Page_HealthPost Store/button_Add' is clicked on

2018-06-10 19:02:55 - [TEST_STEP][PASSED] - delay: Delayed 2 second(s)

2018-06-10 19:02:57 - [MESSAGE][PASSED] - Delayed 2 second(s)

2018-06-10 19:02:57 - [TEST_STEP][PASSED] - selectOptionByIndex: All options with index in [11] are selected on object 'Object Repository/HealthpostToCms/Page_HealthPost Store/select_--Select--Schedule 1Inj'

2018-06-10 19:02:57 - [MESSAGE][PASSED] - All options with index in [11] are selected on object 'Object Repository/HealthpostToCms/Page_HealthPost Store/select_--Select--Schedule 1Inj'

2018-06-10 19:02:57 - [TEST_STEP][PASSED] - delay: Delayed 1 second(s)

2018-06-10 19:02:58 - [MESSAGE][PASSED] - Delayed 1 second(s)

2018-06-10 19:02:58 - [TEST_STEP][PASSED] - selectOptionByIndex: All options with index in [45] are selected on object 'Object Repository/HealthpostToCms/Page_HealthPost Store/select_--Select--Adernaline 0.'

2018-06-10 19:02:58 - [MESSAGE][PASSED] - All options with index in [45] are selected on object 'Object Repository/HealthpostToCms/Page_HealthPost Store/select_--Select--Adernaline 0.'

2018-06-10 19:02:58 - [TEST_STEP][PASSED] - setText: Text '100' is set on object 'Object Repository/HealthpostToCms/Page_HealthPost Store/input_txttreat'

2018-06-10 19:02:58 - [MESSAGE][PASSED] - Text '100' is set on object 'Object Repository/HealthpostToCms/Page_HealthPost Store/input_txttreat'

2018-06-10 19:02:58 - [TEST_STEP][PASSED] - click: Object: 'Object Repository/HealthpostToCms/Page_HealthPost Store/button_Add' is clicked on

2018-06-10 19:02:59 - [MESSAGE][PASSED] - Object: 'Object Repository/HealthpostToCms/Page_HealthPost Store/button_Add' is clicked on

2018-06-10 19:02:59 - [TEST_STEP][PASSED] - delay: Delayed 2 second(s)

2018-06-10 19:03:01 - [MESSAGE][PASSED] - Delayed 2 second(s)

2018-06-10 19:03:01 - [TEST_STEP][PASSED] - selectOptionByIndex: All options with index in [11] are selected on object 'Object Repository/HealthpostToCms/Page_HealthPost Store/select_--Select--Schedule 1Inj'

2018-06-10 19:03:01 - [MESSAGE][PASSED] - All options with index in [11] are selected on object 'Object Repository/HealthpostToCms/Page_HealthPost Store/select_--Select--Schedule 1Inj'

2018-06-10 19:03:01 - [TEST_STEP][PASSED] - delay: Delayed 1 second(s)

2018-06-10 19:03:02 - [MESSAGE][PASSED] - Delayed 1 second(s)

2018-06-10 19:03:02 - [TEST_STEP][PASSED] - selectOptionByIndex: All options with index in [46] are selected on object 'Object Repository/HealthpostToCms/Page_HealthPost Store/select_--Select--Adernaline 0.'

2018-06-10 19:03:02 - [MESSAGE][PASSED] - All options with index in [46] are selected on object 'Object Repository/HealthpostToCms/Page_HealthPost Store/select_--Select--Adernaline 0.'

2018-06-10 19:03:02 - [TEST_STEP][PASSED] - setText: Text '100' is set on object 'Object Repository/HealthpostToCms/Page_HealthPost Store/input_txttreat'

2018-06-10 19:03:02 - [MESSAGE][PASSED] - Text '100' is set on object 'Object Repository/HealthpostToCms/Page_HealthPost Store/input_txttreat'

2018-06-10 19:03:02 - [TEST_STEP][PASSED] - click: Object: 'Object Repository/HealthpostToCms/Page_HealthPost Store/button_Add' is clicked on

2018-06-10 19:03:03 - [MESSAGE][PASSED] - Object: 'Object Repository/HealthpostToCms/Page_HealthPost Store/button_Add' is clicked on

2018-06-10 19:03:03 - [TEST_STEP][PASSED] - delay: Delayed 2 second(s)

2018-06-10 19:03:05 - [MESSAGE][PASSED] - Delayed 2 second(s)

2018-06-10 19:03:05 - [TEST_STEP][PASSED] - selectOptionByIndex: All options with index in [11] are selected on object 'Object Repository/HealthpostToCms/Page_HealthPost Store/select_--Select--Schedule 1Inj'

2018-06-10 19:03:05 - [MESSAGE][PASSED] - All options with index in [11] are selected on object 'Object Repository/HealthpostToCms/Page_HealthPost Store/select_--Select--Schedule 1Inj'

2018-06-10 19:03:05 - [TEST_STEP][PASSED] - delay: Delayed 1 second(s)

2018-06-10 19:03:06 - [MESSAGE][PASSED] - Delayed 1 second(s)

2018-06-10 19:03:06 - [TEST_STEP][PASSED] - selectOptionByIndex: All options with index in [47] are selected on object 'Object Repository/HealthpostToCms/Page_HealthPost Store/select_--Select--Adernaline 0.'

2018-06-10 19:03:06 - [MESSAGE][PASSED] - All options with index in [47] are selected on object 'Object Repository/HealthpostToCms/Page_HealthPost Store/select_--Select--Adernaline 0.'

2018-06-10 19:03:06 - [TEST_STEP][PASSED] - setText: Text '100' is set on object 'Object Repository/HealthpostToCms/Page_HealthPost Store/input_txttreat'

2018-06-10 19:03:06 - [MESSAGE][PASSED] - Text '100' is set on object 'Object Repository/HealthpostToCms/Page_HealthPost Store/input_txttreat'

2018-06-10 19:03:06 - [TEST_STEP][PASSED] - click: Object: 'Object Repository/HealthpostToCms/Page_HealthPost Store/button_Add' is clicked on

2018-06-10 19:03:07 - [MESSAGE][PASSED] - Object: 'Object Repository/HealthpostToCms/Page_HealthPost Store/button_Add' is clicked on

2018-06-10 19:03:07 - [TEST_STEP][PASSED] - delay: Delayed 2 second(s)

2018-06-10 19:03:09 - [MESSAGE][PASSED] - Delayed 2 second(s)

2018-06-10 19:03:09 - [TEST_STEP][PASSED] - selectOptionByIndex: All options with index in [11] are selected on object 'Object Repository/HealthpostToCms/Page_HealthPost Store/select_--Select--Schedule 1Inj'

2018-06-10 19:03:09 - [MESSAGE][PASSED] - All options with index in [11] are selected on object 'Object Repository/HealthpostToCms/Page_HealthPost Store/select_--Select--Schedule 1Inj'

2018-06-10 19:03:09 - [TEST_STEP][PASSED] - delay: Delayed 1 second(s)

2018-06-10 19:03:10 - [MESSAGE][PASSED] - Delayed 1 second(s)

2018-06-10 19:03:10 - [TEST_STEP][PASSED] - selectOptionByIndex: All options with index in [48] are selected on object 'Object Repository/HealthpostToCms/Page_HealthPost Store/select_--Select--Adernaline 0.'

2018-06-10 19:03:10 - [MESSAGE][PASSED] - All options with index in [48] are selected on object 'Object Repository/HealthpostToCms/Page_HealthPost Store/select_--Select--Adernaline 0.'

2018-06-10 19:03:10 - [TEST_STEP][PASSED] - setText: Text '100' is set on object 'Object Repository/HealthpostToCms/Page_HealthPost Store/input_txttreat'

2018-06-10 19:03:11 - [MESSAGE][PASSED] - Text '100' is set on object 'Object Repository/HealthpostToCms/Page_HealthPost Store/input_txttreat'

2018-06-10 19:03:11 - [TEST_STEP][PASSED] - click: Object: 'Object Repository/HealthpostToCms/Page_HealthPost Store/button_Add' is clicked on

2018-06-10 19:03:11 - [MESSAGE][PASSED] - Object: 'Object Repository/HealthpostToCms/Page_HealthPost Store/button_Add' is clicked on

2018-06-10 19:03:11 - [TEST_STEP][PASSED] - delay: Delayed 2 second(s)

2018-06-10 19:03:13 - [MESSAGE][PASSED] - Delayed 2 second(s)

2018-06-10 19:03:13 - [TEST_STEP][PASSED] - selectOptionByIndex: All options with index in [11] are selected on object 'Object Repository/HealthpostToCms/Page_HealthPost Store/select_--Select--Schedule 1Inj'

2018-06-10 19:03:13 - [MESSAGE][PASSED] - All options with index in [11] are selected on object 'Object Repository/HealthpostToCms/Page_HealthPost Store/select_--Select--Schedule 1Inj'

2018-06-10 19:03:13 - [TEST_STEP][PASSED] - delay: Delayed 1 second(s)

2018-06-10 19:03:14 - [MESSAGE][PASSED] - Delayed 1 second(s)

2018-06-10 19:03:14 - [TEST_STEP][PASSED] - selectOptionByIndex: All options with index in [49] are selected on object 'Object Repository/HealthpostToCms/Page_HealthPost Store/select_--Select--Adernaline 0.'

2018-06-10 19:03:15 - [MESSAGE][PASSED] - All options with index in [49] are selected on object 'Object Repository/HealthpostToCms/Page_HealthPost Store/select_--Select--Adernaline 0.'

2018-06-10 19:03:15 - [TEST_STEP][PASSED] - setText: Text '100' is set on object 'Object Repository/HealthpostToCms/Page_HealthPost Store/input_txttreat'

2018-06-10 19:03:15 - [MESSAGE][PASSED] - Text '100' is set on object 'Object Repository/HealthpostToCms/Page_HealthPost Store/input_txttreat'

2018-06-10 19:03:15 - [TEST_STEP][PASSED] - click: Object: 'Object Repository/HealthpostToCms/Page_HealthPost Store/button_Add' is clicked on

2018-06-10 19:03:15 - [MESSAGE][PASSED] - Object: 'Object Repository/HealthpostToCms/Page_HealthPost Store/button_Add' is clicked on

2018-06-10 19:03:15 - [TEST_STEP][PASSED] - delay: Delayed 2 second(s)

2018-06-10 19:03:17 - [MESSAGE][PASSED] - Delayed 2 second(s)

2018-06-10 19:03:17 - [TEST_STEP][PASSED] - selectOptionByIndex: All options with index in [11] are selected on object 'Object Repository/HealthpostToCms/Page_HealthPost Store/select_--Select--Schedule 1Inj'

2018-06-10 19:03:17 - [MESSAGE][PASSED] - All options with index in [11] are selected on object 'Object Repository/HealthpostToCms/Page_HealthPost Store/select_--Select--Schedule 1Inj'

2018-06-10 19:03:17 - [TEST_STEP][PASSED] - delay: Delayed 1 second(s)

2018-06-10 19:03:18 - [MESSAGE][PASSED] - Delayed 1 second(s)

2018-06-10 19:03:18 - [TEST_STEP][PASSED] - selectOptionByIndex: All options with index in [50] are selected on object 'Object Repository/HealthpostToCms/Page_HealthPost Store/select_--Select--Adernaline 0.'

2018-06-10 19:03:19 - [MESSAGE][PASSED] - All options with index in [50] are selected on object 'Object Repository/HealthpostToCms/Page_HealthPost Store/select_--Select--Adernaline 0.'

2018-06-10 19:03:19 - [TEST_STEP][PASSED] - setText: Text '100' is set on object 'Object Repository/HealthpostToCms/Page_HealthPost Store/input_txttreat'

2018-06-10 19:03:19 - [MESSAGE][PASSED] - Text '100' is set on object 'Object Repository/HealthpostToCms/Page_HealthPost Store/input_txttreat'

2018-06-10 19:03:19 - [TEST_STEP][PASSED] - click: Object: 'Object Repository/HealthpostToCms/Page_HealthPost Store/button_Add' is clicked on

2018-06-10 19:03:19 - [MESSAGE][PASSED] - Object: 'Object Repository/HealthpostToCms/Page_HealthPost Store/button_Add' is clicked on

2018-06-10 19:03:19 - [TEST_STEP][PASSED] - delay: Delayed 2 second(s)

2018-06-10 19:03:21 - [MESSAGE][PASSED] - Delayed 2 second(s)

2018-06-10 19:03:21 - [TEST_STEP][PASSED] - selectOptionByIndex: All options with index in [11] are selected on object 'Object Repository/HealthpostToCms/Page_HealthPost Store/select_--Select--Schedule 1Inj'

2018-06-10 19:03:21 - [MESSAGE][PASSED] - All options with index in [11] are selected on object 'Object Repository/HealthpostToCms/Page_HealthPost Store/select_--Select--Schedule 1Inj'

2018-06-10 19:03:21 - [TEST_STEP][PASSED] - delay: Delayed 1 second(s)

2018-06-10 19:03:22 - [MESSAGE][PASSED] - Delayed 1 second(s)

2018-06-10 19:03:22 - [TEST_STEP][PASSED] - selectOptionByIndex: All options with index in [51] are selected on object 'Object Repository/HealthpostToCms/Page_HealthPost Store/select_--Select--Adernaline 0.'

2018-06-10 19:03:23 - [MESSAGE][PASSED] - All options with index in [51] are selected on object 'Object Repository/HealthpostToCms/Page_HealthPost Store/select_--Select--Adernaline 0.'

2018-06-10 19:03:23 - [TEST_STEP][PASSED] - setText: Text '100' is set on object 'Object Repository/HealthpostToCms/Page_HealthPost Store/input_txttreat'

2018-06-10 19:03:23 - [MESSAGE][PASSED] - Text '100' is set on object 'Object Repository/HealthpostToCms/Page_HealthPost Store/input_txttreat'

2018-06-10 19:03:23 - [TEST_STEP][PASSED] - click: Object: 'Object Repository/HealthpostToCms/Page_HealthPost Store/button_Add' is clicked on

2018-06-10 19:03:23 - [MESSAGE][PASSED] - Object: 'Object Repository/HealthpostToCms/Page_HealthPost Store/button_Add' is clicked on

2018-06-10 19:03:23 - [TEST_STEP][PASSED] - delay: Delayed 2 second(s)

2018-06-10 19:03:25 - [MESSAGE][PASSED] - Delayed 2 second(s)

2018-06-10 19:03:25 - [TEST_STEP][PASSED] - selectOptionByIndex: All options with index in [11] are selected on object 'Object Repository/HealthpostToCms/Page_HealthPost Store/select_--Select--Schedule 1Inj'

2018-06-10 19:03:25 - [MESSAGE][PASSED] - All options with index in [11] are selected on object 'Object Repository/HealthpostToCms/Page_HealthPost Store/select_--Select--Schedule 1Inj'

2018-06-10 19:03:25 - [TEST_STEP][PASSED] - delay: Delayed 1 second(s)

2018-06-10 19:03:26 - [MESSAGE][PASSED] - Delayed 1 second(s)

2018-06-10 19:03:26 - [TEST_STEP][PASSED] - selectOptionByIndex: All options with index in [52] are selected on object 'Object Repository/HealthpostToCms/Page_HealthPost Store/select_--Select--Adernaline 0.'

2018-06-10 19:03:27 - [MESSAGE][PASSED] - All options with index in [52] are selected on object 'Object Repository/HealthpostToCms/Page_HealthPost Store/select_--Select--Adernaline 0.'

2018-06-10 19:03:27 - [TEST_STEP][PASSED] - setText: Text '100' is set on object 'Object Repository/HealthpostToCms/Page_HealthPost Store/input_txttreat'

2018-06-10 19:03:27 - [MESSAGE][PASSED] - Text '100' is set on object 'Object Repository/HealthpostToCms/Page_HealthPost Store/input_txttreat'

2018-06-10 19:03:27 - [TEST_STEP][PASSED] - click: Object: 'Object Repository/HealthpostToCms/Page_HealthPost Store/button_Add' is clicked on

2018-06-10 19:03:27 - [MESSAGE][PASSED] - Object: 'Object Repository/HealthpostToCms/Page_HealthPost Store/button_Add' is clicked on

2018-06-10 19:03:27 - [TEST_STEP][PASSED] - delay: Delayed 2 second(s)

2018-06-10 19:03:29 - [MESSAGE][PASSED] - Delayed 2 second(s)

2018-06-10 19:03:29 - [TEST_STEP][PASSED] - selectOptionByIndex: All options with index in [11] are selected on object 'Object Repository/HealthpostToCms/Page_HealthPost Store/select_--Select--Schedule 1Inj'

2018-06-10 19:03:29 - [MESSAGE][PASSED] - All options with index in [11] are selected on object 'Object Repository/HealthpostToCms/Page_HealthPost Store/select_--Select--Schedule 1Inj'

2018-06-10 19:03:29 - [TEST_STEP][PASSED] - delay: Delayed 1 second(s)

2018-06-10 19:03:30 - [MESSAGE][PASSED] - Delayed 1 second(s)

2018-06-10 19:03:30 - [TEST_STEP][PASSED] - selectOptionByIndex: All options with index in [53] are selected on object 'Object Repository/HealthpostToCms/Page_HealthPost Store/select_--Select--Adernaline 0.'

2018-06-10 19:03:31 - [MESSAGE][PASSED] - All options with index in [53] are selected on object 'Object Repository/HealthpostToCms/Page_HealthPost Store/select_--Select--Adernaline 0.'

2018-06-10 19:03:31 - [TEST_STEP][PASSED] - setText: Text '100' is set on object 'Object Repository/HealthpostToCms/Page_HealthPost Store/input_txttreat'

2018-06-10 19:03:31 - [MESSAGE][PASSED] - Text '100' is set on object 'Object Repository/HealthpostToCms/Page_HealthPost Store/input_txttreat'

2018-06-10 19:03:31 - [TEST_STEP][PASSED] - click: Object: 'Object Repository/HealthpostToCms/Page_HealthPost Store/button_Add' is clicked on

2018-06-10 19:03:31 - [MESSAGE][PASSED] - Object: 'Object Repository/HealthpostToCms/Page_HealthPost Store/button_Add' is clicked on

2018-06-10 19:03:31 - [TEST_STEP][PASSED] - delay: Delayed 2 second(s)

2018-06-10 19:03:33 - [MESSAGE][PASSED] - Delayed 2 second(s)

2018-06-10 19:03:33 - [TEST_STEP][PASSED] - selectOptionByIndex: All options with index in [11] are selected on object 'Object Repository/HealthpostToCms/Page_HealthPost Store/select_--Select--Schedule 1Inj'

2018-06-10 19:03:34 - [MESSAGE][PASSED] - All options with index in [11] are selected on object 'Object Repository/HealthpostToCms/Page_HealthPost Store/select_--Select--Schedule 1Inj'

2018-06-10 19:03:34 - [TEST_STEP][PASSED] - delay: Delayed 1 second(s)

2018-06-10 19:03:35 - [MESSAGE][PASSED] - Delayed 1 second(s)

2018-06-10 19:03:35 - [TEST_STEP][PASSED] - selectOptionByIndex: All options with index in [54] are selected on object 'Object Repository/HealthpostToCms/Page_HealthPost Store/select_--Select--Adernaline 0.'

2018-06-10 19:03:35 - [MESSAGE][PASSED] - All options with index in [54] are selected on object 'Object Repository/HealthpostToCms/Page_HealthPost Store/select_--Select--Adernaline 0.'

2018-06-10 19:03:35 - [TEST_STEP][PASSED] - setText: Text '100' is set on object 'Object Repository/HealthpostToCms/Page_HealthPost Store/input_txttreat'

2018-06-10 19:03:35 - [MESSAGE][PASSED] - Text '100' is set on object 'Object Repository/HealthpostToCms/Page_HealthPost Store/input_txttreat'

2018-06-10 19:03:35 - [TEST_STEP][PASSED] - click: Object: 'Object Repository/HealthpostToCms/Page_HealthPost Store/button_Add' is clicked on

2018-06-10 19:03:35 - [MESSAGE][PASSED] - Object: 'Object Repository/HealthpostToCms/Page_HealthPost Store/button_Add' is clicked on

2018-06-10 19:03:35 - [TEST_STEP][PASSED] - delay: Delayed 2 second(s)

2018-06-10 19:03:37 - [MESSAGE][PASSED] - Delayed 2 second(s)

2018-06-10 19:03:37 - [TEST_STEP][PASSED] - selectOptionByIndex: All options with index in [11] are selected on object 'Object Repository/HealthpostToCms/Page_HealthPost Store/select_--Select--Schedule 1Inj'

2018-06-10 19:03:38 - [MESSAGE][PASSED] - All options with index in [11] are selected on object 'Object Repository/HealthpostToCms/Page_HealthPost Store/select_--Select--Schedule 1Inj'

2018-06-10 19:03:38 - [TEST_STEP][PASSED] - delay: Delayed 1 second(s)

2018-06-10 19:03:39 - [MESSAGE][PASSED] - Delayed 1 second(s)

2018-06-10 19:03:39 - [TEST_STEP][PASSED] - selectOptionByIndex: All options with index in [55] are selected on object 'Object Repository/HealthpostToCms/Page_HealthPost Store/select_--Select--Adernaline 0.'

2018-06-10 19:03:39 - [MESSAGE][PASSED] - All options with index in [55] are selected on object 'Object Repository/HealthpostToCms/Page_HealthPost Store/select_--Select--Adernaline 0.'

2018-06-10 19:03:39 - [TEST_STEP][PASSED] - setText: Text '100' is set on object 'Object Repository/HealthpostToCms/Page_HealthPost Store/input_txttreat'

2018-06-10 19:03:39 - [MESSAGE][PASSED] - Text '100' is set on object 'Object Repository/HealthpostToCms/Page_HealthPost Store/input_txttreat'

2018-06-10 19:03:39 - [TEST_STEP][PASSED] - click: Object: 'Object Repository/HealthpostToCms/Page_HealthPost Store/button_Add' is clicked on

2018-06-10 19:03:40 - [MESSAGE][PASSED] - Object: 'Object Repository/HealthpostToCms/Page_HealthPost Store/button_Add' is clicked on

2018-06-10 19:03:40 - [TEST_STEP][PASSED] - delay: Delayed 2 second(s)

2018-06-10 19:03:42 - [MESSAGE][PASSED] - Delayed 2 second(s)

2018-06-10 19:03:42 - [TEST_STEP][PASSED] - selectOptionByIndex: All options with index in [11] are selected on object 'Object Repository/HealthpostToCms/Page_HealthPost Store/select_--Select--Schedule 1Inj'

2018-06-10 19:03:42 - [MESSAGE][PASSED] - All options with index in [11] are selected on object 'Object Repository/HealthpostToCms/Page_HealthPost Store/select_--Select--Schedule 1Inj'

2018-06-10 19:03:42 - [TEST_STEP][PASSED] - delay: Delayed 1 second(s)

2018-06-10 19:03:43 - [MESSAGE][PASSED] - Delayed 1 second(s)

2018-06-10 19:03:43 - [TEST_STEP][PASSED] - selectOptionByIndex: All options with index in [56] are selected on object 'Object Repository/HealthpostToCms/Page_HealthPost Store/select_--Select--Adernaline 0.'

2018-06-10 19:03:44 - [MESSAGE][PASSED] - All options with index in [56] are selected on object 'Object Repository/HealthpostToCms/Page_HealthPost Store/select_--Select--Adernaline 0.'

2018-06-10 19:03:44 - [TEST_STEP][PASSED] - setText: Text '100' is set on object 'Object Repository/HealthpostToCms/Page_HealthPost Store/input_txttreat'

2018-06-10 19:03:44 - [MESSAGE][PASSED] - Text '100' is set on object 'Object Repository/HealthpostToCms/Page_HealthPost Store/input_txttreat'

2018-06-10 19:03:44 - [TEST_STEP][PASSED] - click: Object: 'Object Repository/HealthpostToCms/Page_HealthPost Store/button_Add' is clicked on

2018-06-10 19:03:44 - [MESSAGE][PASSED] - Object: 'Object Repository/HealthpostToCms/Page_HealthPost Store/button_Add' is clicked on

2018-06-10 19:03:44 - [TEST_STEP][PASSED] - delay: Delayed 2 second(s)

2018-06-10 19:03:46 - [MESSAGE][PASSED] - Delayed 2 second(s)

2018-06-10 19:03:46 - [TEST_STEP][PASSED] - selectOptionByIndex: All options with index in [11] are selected on object 'Object Repository/HealthpostToCms/Page_HealthPost Store/select_--Select--Schedule 1Inj'

2018-06-10 19:03:46 - [MESSAGE][PASSED] - All options with index in [11] are selected on object 'Object Repository/HealthpostToCms/Page_HealthPost Store/select_--Select--Schedule 1Inj'

2018-06-10 19:03:46 - [TEST_STEP][PASSED] - delay: Delayed 1 second(s)

2018-06-10 19:03:47 - [MESSAGE][PASSED] - Delayed 1 second(s)

2018-06-10 19:03:47 - [TEST_STEP][PASSED] - selectOptionByIndex: All options with index in [57] are selected on object 'Object Repository/HealthpostToCms/Page_HealthPost Store/select_--Select--Adernaline 0.'

2018-06-10 19:03:48 - [MESSAGE][PASSED] - All options with index in [57] are selected on object 'Object Repository/HealthpostToCms/Page_HealthPost Store/select_--Select--Adernaline 0.'

2018-06-10 19:03:48 - [TEST_STEP][PASSED] - setText: Text '100' is set on object 'Object Repository/HealthpostToCms/Page_HealthPost Store/input_txttreat'

2018-06-10 19:03:48 - [MESSAGE][PASSED] - Text '100' is set on object 'Object Repository/HealthpostToCms/Page_HealthPost Store/input_txttreat'

2018-06-10 19:03:48 - [TEST_STEP][PASSED] - click: Object: 'Object Repository/HealthpostToCms/Page_HealthPost Store/button_Add' is clicked on

2018-06-10 19:03:48 - [MESSAGE][PASSED] - Object: 'Object Repository/HealthpostToCms/Page_HealthPost Store/button_Add' is clicked on

2018-06-10 19:03:48 - [TEST_STEP][PASSED] - delay: Delayed 2 second(s)

2018-06-10 19:03:50 - [MESSAGE][PASSED] - Delayed 2 second(s)

2018-06-10 19:03:50 - [TEST_STEP][PASSED] - selectOptionByIndex: All options with index in [11] are selected on object 'Object Repository/HealthpostToCms/Page_HealthPost Store/select_--Select--Schedule 1Inj'

2018-06-10 19:03:50 - [MESSAGE][PASSED] - All options with index in [11] are selected on object 'Object Repository/HealthpostToCms/Page_HealthPost Store/select_--Select--Schedule 1Inj'

2018-06-10 19:03:50 - [TEST_STEP][PASSED] - delay: Delayed 1 second(s)

2018-06-10 19:03:51 - [MESSAGE][PASSED] - Delayed 1 second(s)

2018-06-10 19:03:51 - [TEST_STEP][PASSED] - selectOptionByIndex: All options with index in [58] are selected on object 'Object Repository/HealthpostToCms/Page_HealthPost Store/select_--Select--Adernaline 0.'

2018-06-10 19:03:52 - [MESSAGE][PASSED] - All options with index in [58] are selected on object 'Object Repository/HealthpostToCms/Page_HealthPost Store/select_--Select--Adernaline 0.'

2018-06-10 19:03:52 - [TEST_STEP][PASSED] - setText: Text '100' is set on object 'Object Repository/HealthpostToCms/Page_HealthPost Store/input_txttreat'

2018-06-10 19:03:52 - [MESSAGE][PASSED] - Text '100' is set on object 'Object Repository/HealthpostToCms/Page_HealthPost Store/input_txttreat'

2018-06-10 19:03:52 - [TEST_STEP][PASSED] - click: Object: 'Object Repository/HealthpostToCms/Page_HealthPost Store/button_Add' is clicked on

2018-06-10 19:03:52 - [MESSAGE][PASSED] - Object: 'Object Repository/HealthpostToCms/Page_HealthPost Store/button_Add' is clicked on

2018-06-10 19:03:52 - [TEST_STEP][PASSED] - delay: Delayed 2 second(s)

2018-06-10 19:03:54 - [MESSAGE][PASSED] - Delayed 2 second(s)

2018-06-10 19:03:54 - [TEST_STEP][PASSED] - selectOptionByIndex: All options with index in [11] are selected on object 'Object Repository/HealthpostToCms/Page_HealthPost Store/select_--Select--Schedule 1Inj'

2018-06-10 19:03:54 - [MESSAGE][PASSED] - All options with index in [11] are selected on object 'Object Repository/HealthpostToCms/Page_HealthPost Store/select_--Select--Schedule 1Inj'

2018-06-10 19:03:54 - [TEST_STEP][PASSED] - delay: Delayed 1 second(s)

2018-06-10 19:03:55 - [MESSAGE][PASSED] - Delayed 1 second(s)

2018-06-10 19:03:55 - [TEST_STEP][PASSED] - selectOptionByIndex: All options with index in [59] are selected on object 'Object Repository/HealthpostToCms/Page_HealthPost Store/select_--Select--Adernaline 0.'

2018-06-10 19:03:56 - [MESSAGE][PASSED] - All options with index in [59] are selected on object 'Object Repository/HealthpostToCms/Page_HealthPost Store/select_--Select--Adernaline 0.'

2018-06-10 19:03:56 - [TEST_STEP][PASSED] - setText: Text '100' is set on object 'Object Repository/HealthpostToCms/Page_HealthPost Store/input_txttreat'

2018-06-10 19:03:56 - [MESSAGE][PASSED] - Text '100' is set on object 'Object Repository/HealthpostToCms/Page_HealthPost Store/input_txttreat'

2018-06-10 19:03:56 - [TEST_STEP][PASSED] - click: Object: 'Object Repository/HealthpostToCms/Page_HealthPost Store/button_Add' is clicked on

2018-06-10 19:03:56 - [MESSAGE][PASSED] - Object: 'Object Repository/HealthpostToCms/Page_HealthPost Store/button_Add' is clicked on

2018-06-10 19:03:56 - [TEST_STEP][PASSED] - delay: Delayed 2 second(s)

2018-06-10 19:03:58 - [MESSAGE][PASSED] - Delayed 2 second(s)

2018-06-10 19:03:58 - [TEST_STEP][PASSED] - selectOptionByIndex: All options with index in [11] are selected on object 'Object Repository/HealthpostToCms/Page_HealthPost Store/select_--Select--Schedule 1Inj'

2018-06-10 19:03:58 - [MESSAGE][PASSED] - All options with index in [11] are selected on object 'Object Repository/HealthpostToCms/Page_HealthPost Store/select_--Select--Schedule 1Inj'

2018-06-10 19:03:58 - [TEST_STEP][PASSED] - delay: Delayed 1 second(s)

2018-06-10 19:03:59 - [MESSAGE][PASSED] - Delayed 1 second(s)

2018-06-10 19:03:59 - [TEST_STEP][PASSED] - selectOptionByIndex: All options with index in [60] are selected on object 'Object Repository/HealthpostToCms/Page_HealthPost Store/select_--Select--Adernaline 0.'

2018-06-10 19:04:00 - [MESSAGE][PASSED] - All options with index in [60] are selected on object 'Object Repository/HealthpostToCms/Page_HealthPost Store/select_--Select--Adernaline 0.'

2018-06-10 19:04:00 - [TEST_STEP][PASSED] - setText: Text '100' is set on object 'Object Repository/HealthpostToCms/Page_HealthPost Store/input_txttreat'

2018-06-10 19:04:00 - [MESSAGE][PASSED] - Text '100' is set on object 'Object Repository/HealthpostToCms/Page_HealthPost Store/input_txttreat'

2018-06-10 19:04:00 - [TEST_STEP][PASSED] - click: Object: 'Object Repository/HealthpostToCms/Page_HealthPost Store/button_Add' is clicked on

2018-06-10 19:04:00 - [MESSAGE][PASSED] - Object: 'Object Repository/HealthpostToCms/Page_HealthPost Store/button_Add' is clicked on

2018-06-10 19:04:00 - [TEST_STEP][PASSED] - delay: Delayed 2 second(s)

2018-06-10 19:04:02 - [MESSAGE][PASSED] - Delayed 2 second(s)

2018-06-10 19:04:02 - [TEST_STEP][PASSED] - selectOptionByIndex: All options with index in [11] are selected on object 'Object Repository/HealthpostToCms/Page_HealthPost Store/select_--Select--Schedule 1Inj'

2018-06-10 19:04:03 - [MESSAGE][PASSED] - All options with index in [11] are selected on object 'Object Repository/HealthpostToCms/Page_HealthPost Store/select_--Select--Schedule 1Inj'

2018-06-10 19:04:03 - [TEST_STEP][PASSED] - delay: Delayed 1 second(s)

2018-06-10 19:04:04 - [MESSAGE][PASSED] - Delayed 1 second(s)

2018-06-10 19:04:04 - [TEST_STEP][PASSED] - selectOptionByIndex: All options with index in [61] are selected on object 'Object Repository/HealthpostToCms/Page_HealthPost Store/select_--Select--Adernaline 0.'

2018-06-10 19:04:04 - [MESSAGE][PASSED] - All options with index in [61] are selected on object 'Object Repository/HealthpostToCms/Page_HealthPost Store/select_--Select--Adernaline 0.'

2018-06-10 19:04:04 - [TEST_STEP][PASSED] - setText: Text '100' is set on object 'Object Repository/HealthpostToCms/Page_HealthPost Store/input_txttreat'

2018-06-10 19:04:04 - [MESSAGE][PASSED] - Text '100' is set on object 'Object Repository/HealthpostToCms/Page_HealthPost Store/input_txttreat'

2018-06-10 19:04:04 - [TEST_STEP][PASSED] - click: Object: 'Object Repository/HealthpostToCms/Page_HealthPost Store/button_Add' is clicked on

2018-06-10 19:04:04 - [MESSAGE][PASSED] - Object: 'Object Repository/HealthpostToCms/Page_HealthPost Store/button_Add' is clicked on

2018-06-10 19:04:04 - [TEST_STEP][PASSED] - delay: Delayed 2 second(s)

2018-06-10 19:04:06 - [MESSAGE][PASSED] - Delayed 2 second(s)

2018-06-10 19:04:06 - [TEST_STEP][PASSED] - selectOptionByIndex: All options with index in [11] are selected on object 'Object Repository/HealthpostToCms/Page_HealthPost Store/select_--Select--Schedule 1Inj'

2018-06-10 19:04:07 - [MESSAGE][PASSED] - All options with index in [11] are selected on object 'Object Repository/HealthpostToCms/Page_HealthPost Store/select_--Select--Schedule 1Inj'

2018-06-10 19:04:07 - [TEST_STEP][PASSED] - delay: Delayed 1 second(s)

2018-06-10 19:04:08 - [MESSAGE][PASSED] - Delayed 1 second(s)

2018-06-10 19:04:08 - [TEST_STEP][PASSED] - selectOptionByIndex: All options with index in [62] are selected on object 'Object Repository/HealthpostToCms/Page_HealthPost Store/select_--Select--Adernaline 0.'

2018-06-10 19:04:08 - [MESSAGE][PASSED] - All options with index in [62] are selected on object 'Object Repository/HealthpostToCms/Page_HealthPost Store/select_--Select--Adernaline 0.'

2018-06-10 19:04:08 - [TEST_STEP][PASSED] - setText: Text '100' is set on object 'Object Repository/HealthpostToCms/Page_HealthPost Store/input_txttreat'

2018-06-10 19:04:09 - [MESSAGE][PASSED] - Text '100' is set on object 'Object Repository/HealthpostToCms/Page_HealthPost Store/input_txttreat'

2018-06-10 19:04:09 - [TEST_STEP][PASSED] - click: Object: 'Object Repository/HealthpostToCms/Page_HealthPost Store/button_Add' is clicked on

2018-06-10 19:04:09 - [MESSAGE][PASSED] - Object: 'Object Repository/HealthpostToCms/Page_HealthPost Store/button_Add' is clicked on

2018-06-10 19:04:09 - [TEST_STEP][PASSED] - delay: Delayed 2 second(s)

2018-06-10 19:04:11 - [MESSAGE][PASSED] - Delayed 2 second(s)

2018-06-10 19:04:11 - [TEST_STEP][PASSED] - selectOptionByIndex: All options with index in [11] are selected on object 'Object Repository/HealthpostToCms/Page_HealthPost Store/select_--Select--Schedule 1Inj'

2018-06-10 19:04:11 - [MESSAGE][PASSED] - All options with index in [11] are selected on object 'Object Repository/HealthpostToCms/Page_HealthPost Store/select_--Select--Schedule 1Inj'

2018-06-10 19:04:11 - [TEST_STEP][PASSED] - delay: Delayed 1 second(s)

2018-06-10 19:04:12 - [MESSAGE][PASSED] - Delayed 1 second(s)

2018-06-10 19:04:12 - [TEST_STEP][PASSED] - selectOptionByIndex: All options with index in [63] are selected on object 'Object Repository/HealthpostToCms/Page_HealthPost Store/select_--Select--Adernaline 0.'

2018-06-10 19:04:13 - [MESSAGE][PASSED] - All options with index in [63] are selected on object 'Object Repository/HealthpostToCms/Page_HealthPost Store/select_--Select--Adernaline 0.'

2018-06-10 19:04:13 - [TEST_STEP][PASSED] - setText: Text '100' is set on object 'Object Repository/HealthpostToCms/Page_HealthPost Store/input_txttreat'

2018-06-10 19:04:13 - [MESSAGE][PASSED] - Text '100' is set on object 'Object Repository/HealthpostToCms/Page_HealthPost Store/input_txttreat'

2018-06-10 19:04:13 - [TEST_STEP][PASSED] - click: Object: 'Object Repository/HealthpostToCms/Page_HealthPost Store/button_Add' is clicked on

2018-06-10 19:04:13 - [MESSAGE][PASSED] - Object: 'Object Repository/HealthpostToCms/Page_HealthPost Store/button_Add' is clicked on

2018-06-10 19:04:13 - [TEST_STEP][PASSED] - delay: Delayed 2 second(s)

2018-06-10 19:04:15 - [MESSAGE][PASSED] - Delayed 2 second(s)

2018-06-10 19:04:15 - [TEST_STEP][PASSED] - selectOptionByIndex: All options with index in [11] are selected on object 'Object Repository/HealthpostToCms/Page_HealthPost Store/select_--Select--Schedule 1Inj'

2018-06-10 19:04:15 - [MESSAGE][PASSED] - All options with index in [11] are selected on object 'Object Repository/HealthpostToCms/Page_HealthPost Store/select_--Select--Schedule 1Inj'

2018-06-10 19:04:15 - [TEST_STEP][PASSED] - delay: Delayed 1 second(s)

2018-06-10 19:04:16 - [MESSAGE][PASSED] - Delayed 1 second(s)

2018-06-10 19:04:16 - [TEST_STEP][PASSED] - selectOptionByIndex: All options with index in [64] are selected on object 'Object Repository/HealthpostToCms/Page_HealthPost Store/select_--Select--Adernaline 0.'

2018-06-10 19:04:17 - [MESSAGE][PASSED] - All options with index in [64] are selected on object 'Object Repository/HealthpostToCms/Page_HealthPost Store/select_--Select--Adernaline 0.'

2018-06-10 19:04:17 - [TEST_STEP][PASSED] - setText: Text '100' is set on object 'Object Repository/HealthpostToCms/Page_HealthPost Store/input_txttreat'

2018-06-10 19:04:17 - [MESSAGE][PASSED] - Text '100' is set on object 'Object Repository/HealthpostToCms/Page_HealthPost Store/input_txttreat'

2018-06-10 19:04:17 - [TEST_STEP][PASSED] - click: Object: 'Object Repository/HealthpostToCms/Page_HealthPost Store/button_Add' is clicked on

2018-06-10 19:04:17 - [MESSAGE][PASSED] - Object: 'Object Repository/HealthpostToCms/Page_HealthPost Store/button_Add' is clicked on

2018-06-10 19:04:17 - [TEST_STEP][PASSED] - delay: Delayed 2 second(s)

2018-06-10 19:04:19 - [MESSAGE][PASSED] - Delayed 2 second(s)

2018-06-10 19:04:19 - [TEST_STEP][PASSED] - selectOptionByIndex: All options with index in [11] are selected on object 'Object Repository/HealthpostToCms/Page_HealthPost Store/select_--Select--Schedule 1Inj'

2018-06-10 19:04:19 - [MESSAGE][PASSED] - All options with index in [11] are selected on object 'Object Repository/HealthpostToCms/Page_HealthPost Store/select_--Select--Schedule 1Inj'

2018-06-10 19:04:19 - [TEST_STEP][PASSED] - delay: Delayed 1 second(s)

2018-06-10 19:04:20 - [MESSAGE][PASSED] - Delayed 1 second(s)

2018-06-10 19:04:20 - [TEST_STEP][PASSED] - selectOptionByIndex: All options with index in [65] are selected on object 'Object Repository/HealthpostToCms/Page_HealthPost Store/select_--Select--Adernaline 0.'

2018-06-10 19:04:21 - [MESSAGE][PASSED] - All options with index in [65] are selected on object 'Object Repository/HealthpostToCms/Page_HealthPost Store/select_--Select--Adernaline 0.'

2018-06-10 19:04:21 - [TEST_STEP][PASSED] - setText: Text '100' is set on object 'Object Repository/HealthpostToCms/Page_HealthPost Store/input_txttreat'

2018-06-10 19:04:21 - [MESSAGE][PASSED] - Text '100' is set on object 'Object Repository/HealthpostToCms/Page_HealthPost Store/input_txttreat'

2018-06-10 19:04:21 - [TEST_STEP][PASSED] - click: Object: 'Object Repository/HealthpostToCms/Page_HealthPost Store/button_Add' is clicked on

2018-06-10 19:04:21 - [MESSAGE][PASSED] - Object: 'Object Repository/HealthpostToCms/Page_HealthPost Store/button_Add' is clicked on

2018-06-10 19:04:21 - [TEST_STEP][PASSED] - delay: Delayed 2 second(s)

2018-06-10 19:04:23 - [MESSAGE][PASSED] - Delayed 2 second(s)

2018-06-10 19:04:23 - [TEST_STEP][PASSED] - selectOptionByIndex: All options with index in [11] are selected on object 'Object Repository/HealthpostToCms/Page_HealthPost Store/select_--Select--Schedule 1Inj'

2018-06-10 19:04:23 - [MESSAGE][PASSED] - All options with index in [11] are selected on object 'Object Repository/HealthpostToCms/Page_HealthPost Store/select_--Select--Schedule 1Inj'

2018-06-10 19:04:23 - [TEST_STEP][PASSED] - delay: Delayed 1 second(s)

2018-06-10 19:04:24 - [MESSAGE][PASSED] - Delayed 1 second(s)

2018-06-10 19:04:24 - [TEST_STEP][PASSED] - selectOptionByIndex: All options with index in [66] are selected on object 'Object Repository/HealthpostToCms/Page_HealthPost Store/select_--Select--Adernaline 0.'

2018-06-10 19:04:25 - [MESSAGE][PASSED] - All options with index in [66] are selected on object 'Object Repository/HealthpostToCms/Page_HealthPost Store/select_--Select--Adernaline 0.'

2018-06-10 19:04:25 - [TEST_STEP][PASSED] - setText: Text '100' is set on object 'Object Repository/HealthpostToCms/Page_HealthPost Store/input_txttreat'

2018-06-10 19:04:25 - [MESSAGE][PASSED] - Text '100' is set on object 'Object Repository/HealthpostToCms/Page_HealthPost Store/input_txttreat'

2018-06-10 19:04:25 - [TEST_STEP][PASSED] - click: Object: 'Object Repository/HealthpostToCms/Page_HealthPost Store/button_Add' is clicked on

2018-06-10 19:04:25 - [MESSAGE][PASSED] - Object: 'Object Repository/HealthpostToCms/Page_HealthPost Store/button_Add' is clicked on

2018-06-10 19:04:25 - [TEST_STEP][PASSED] - delay: Delayed 2 second(s)

2018-06-10 19:04:27 - [MESSAGE][PASSED] - Delayed 2 second(s)

2018-06-10 19:04:27 - [TEST_STEP][PASSED] - selectOptionByIndex: All options with index in [11] are selected on object 'Object Repository/HealthpostToCms/Page_HealthPost Store/select_--Select--Schedule 1Inj'

2018-06-10 19:04:28 - [MESSAGE][PASSED] - All options with index in [11] are selected on object 'Object Repository/HealthpostToCms/Page_HealthPost Store/select_--Select--Schedule 1Inj'

2018-06-10 19:04:28 - [TEST_STEP][PASSED] - delay: Delayed 1 second(s)

2018-06-10 19:04:29 - [MESSAGE][PASSED] - Delayed 1 second(s)

2018-06-10 19:04:29 - [TEST_STEP][PASSED] - selectOptionByIndex: All options with index in [67] are selected on object 'Object Repository/HealthpostToCms/Page_HealthPost Store/select_--Select--Adernaline 0.'

2018-06-10 19:04:30 - [MESSAGE][PASSED] - All options with index in [67] are selected on object 'Object Repository/HealthpostToCms/Page_HealthPost Store/select_--Select--Adernaline 0.'

2018-06-10 19:04:30 - [TEST_STEP][PASSED] - setText: Text '100' is set on object 'Object Repository/HealthpostToCms/Page_HealthPost Store/input_txttreat'

2018-06-10 19:04:30 - [MESSAGE][PASSED] - Text '100' is set on object 'Object Repository/HealthpostToCms/Page_HealthPost Store/input_txttreat'

2018-06-10 19:04:30 - [TEST_STEP][PASSED] - click: Object: 'Object Repository/HealthpostToCms/Page_HealthPost Store/button_Add' is clicked on

2018-06-10 19:04:30 - [MESSAGE][PASSED] - Object: 'Object Repository/HealthpostToCms/Page_HealthPost Store/button_Add' is clicked on

2018-06-10 19:04:30 - [TEST_STEP][PASSED] - delay: Delayed 2 second(s)

2018-06-10 19:04:32 - [MESSAGE][PASSED] - Delayed 2 second(s)

2018-06-10 19:04:32 - [TEST_STEP][PASSED] - selectOptionByIndex: All options with index in [11] are selected on object 'Object Repository/HealthpostToCms/Page_HealthPost Store/select_--Select--Schedule 1Inj'

2018-06-10 19:04:32 - [MESSAGE][PASSED] - All options with index in [11] are selected on object 'Object Repository/HealthpostToCms/Page_HealthPost Store/select_--Select--Schedule 1Inj'

2018-06-10 19:04:32 - [TEST_STEP][PASSED] - delay: Delayed 1 second(s)

2018-06-10 19:04:33 - [MESSAGE][PASSED] - Delayed 1 second(s)

2018-06-10 19:04:33 - [TEST_STEP][PASSED] - selectOptionByIndex: All options with index in [68] are selected on object 'Object Repository/HealthpostToCms/Page_HealthPost Store/select_--Select--Adernaline 0.'

2018-06-10 19:04:34 - [MESSAGE][PASSED] - All options with index in [68] are selected on object 'Object Repository/HealthpostToCms/Page_HealthPost Store/select_--Select--Adernaline 0.'

2018-06-10 19:04:34 - [TEST_STEP][PASSED] - setText: Text '100' is set on object 'Object Repository/HealthpostToCms/Page_HealthPost Store/input_txttreat'

2018-06-10 19:04:34 - [MESSAGE][PASSED] - Text '100' is set on object 'Object Repository/HealthpostToCms/Page_HealthPost Store/input_txttreat'

2018-06-10 19:04:34 - [TEST_STEP][PASSED] - click: Object: 'Object Repository/HealthpostToCms/Page_HealthPost Store/button_Add' is clicked on

2018-06-10 19:04:34 - [MESSAGE][PASSED] - Object: 'Object Repository/HealthpostToCms/Page_HealthPost Store/button_Add' is clicked on

2018-06-10 19:04:34 - [TEST_STEP][PASSED] - delay: Delayed 2 second(s)

2018-06-10 19:04:36 - [MESSAGE][PASSED] - Delayed 2 second(s)

2018-06-10 19:04:36 - [TEST_STEP][PASSED] - selectOptionByIndex: All options with index in [11] are selected on object 'Object Repository/HealthpostToCms/Page_HealthPost Store/select_--Select--Schedule 1Inj'

2018-06-10 19:04:36 - [MESSAGE][PASSED] - All options with index in [11] are selected on object 'Object Repository/HealthpostToCms/Page_HealthPost Store/select_--Select--Schedule 1Inj'

2018-06-10 19:04:36 - [TEST_STEP][PASSED] - delay: Delayed 1 second(s)

2018-06-10 19:04:37 - [MESSAGE][PASSED] - Delayed 1 second(s)

2018-06-10 19:04:37 - [TEST_STEP][PASSED] - selectOptionByIndex: All options with index in [69] are selected on object 'Object Repository/HealthpostToCms/Page_HealthPost Store/select_--Select--Adernaline 0.'

2018-06-10 19:04:38 - [MESSAGE][PASSED] - All options with index in [69] are selected on object 'Object Repository/HealthpostToCms/Page_HealthPost Store/select_--Select--Adernaline 0.'

2018-06-10 19:04:38 - [TEST_STEP][PASSED] - setText: Text '100' is set on object 'Object Repository/HealthpostToCms/Page_HealthPost Store/input_txttreat'

2018-06-10 19:04:38 - [MESSAGE][PASSED] - Text '100' is set on object 'Object Repository/HealthpostToCms/Page_HealthPost Store/input_txttreat'

2018-06-10 19:04:38 - [TEST_STEP][PASSED] - click: Object: 'Object Repository/HealthpostToCms/Page_HealthPost Store/button_Add' is clicked on

2018-06-10 19:04:38 - [MESSAGE][PASSED] - Object: 'Object Repository/HealthpostToCms/Page_HealthPost Store/button_Add' is clicked on

2018-06-10 19:04:38 - [TEST_STEP][PASSED] - delay: Delayed 2 second(s)

2018-06-10 19:04:40 - [MESSAGE][PASSED] - Delayed 2 second(s)

2018-06-10 19:04:40 - [TEST_STEP][PASSED] - selectOptionByIndex: All options with index in [11] are selected on object 'Object Repository/HealthpostToCms/Page_HealthPost Store/select_--Select--Schedule 1Inj'

2018-06-10 19:04:40 - [MESSAGE][PASSED] - All options with index in [11] are selected on object 'Object Repository/HealthpostToCms/Page_HealthPost Store/select_--Select--Schedule 1Inj'

2018-06-10 19:04:40 - [TEST_STEP][PASSED] - delay: Delayed 1 second(s)

2018-06-10 19:04:41 - [MESSAGE][PASSED] - Delayed 1 second(s)

2018-06-10 19:04:41 - [TEST_STEP][PASSED] - selectOptionByIndex: All options with index in [70] are selected on object 'Object Repository/HealthpostToCms/Page_HealthPost Store/select_--Select--Adernaline 0.'

2018-06-10 19:04:42 - [MESSAGE][PASSED] - All options with index in [70] are selected on object 'Object Repository/HealthpostToCms/Page_HealthPost Store/select_--Select--Adernaline 0.'

2018-06-10 19:04:42 - [TEST_STEP][PASSED] - setText: Text '100' is set on object 'Object Repository/HealthpostToCms/Page_HealthPost Store/input_txttreat'

2018-06-10 19:04:42 - [MESSAGE][PASSED] - Text '100' is set on object 'Object Repository/HealthpostToCms/Page_HealthPost Store/input_txttreat'

2018-06-10 19:04:42 - [TEST_STEP][PASSED] - click: Object: 'Object Repository/HealthpostToCms/Page_HealthPost Store/button_Add' is clicked on

2018-06-10 19:04:42 - [MESSAGE][PASSED] - Object: 'Object Repository/HealthpostToCms/Page_HealthPost Store/button_Add' is clicked on

2018-06-10 19:04:42 - [TEST_STEP][PASSED] - delay: Delayed 2 second(s)

2018-06-10 19:04:44 - [MESSAGE][PASSED] - Delayed 2 second(s)

2018-06-10 19:04:44 - [TEST_STEP][PASSED] - selectOptionByIndex: All options with index in [11] are selected on object 'Object Repository/HealthpostToCms/Page_HealthPost Store/select_--Select--Schedule 1Inj'

2018-06-10 19:04:45 - [MESSAGE][PASSED] - All options with index in [11] are selected on object 'Object Repository/HealthpostToCms/Page_HealthPost Store/select_--Select--Schedule 1Inj'

2018-06-10 19:04:45 - [TEST_STEP][PASSED] - delay: Delayed 1 second(s)

2018-06-10 19:04:46 - [MESSAGE][PASSED] - Delayed 1 second(s)

2018-06-10 19:04:46 - [TEST_STEP][PASSED] - selectOptionByIndex: All options with index in [71] are selected on object 'Object Repository/HealthpostToCms/Page_HealthPost Store/select_--Select--Adernaline 0.'

2018-06-10 19:04:47 - [MESSAGE][PASSED] - All options with index in [71] are selected on object 'Object Repository/HealthpostToCms/Page_HealthPost Store/select_--Select--Adernaline 0.'

2018-06-10 19:04:47 - [TEST_STEP][PASSED] - setText: Text '100' is set on object 'Object Repository/HealthpostToCms/Page_HealthPost Store/input_txttreat'

2018-06-10 19:04:47 - [MESSAGE][PASSED] - Text '100' is set on object 'Object Repository/HealthpostToCms/Page_HealthPost Store/input_txttreat'

2018-06-10 19:04:47 - [TEST_STEP][PASSED] - click: Object: 'Object Repository/HealthpostToCms/Page_HealthPost Store/button_Add' is clicked on

2018-06-10 19:04:47 - [MESSAGE][PASSED] - Object: 'Object Repository/HealthpostToCms/Page_HealthPost Store/button_Add' is clicked on

2018-06-10 19:04:47 - [TEST_STEP][PASSED] - delay: Delayed 2 second(s)

2018-06-10 19:04:49 - [MESSAGE][PASSED] - Delayed 2 second(s)

2018-06-10 19:04:49 - [TEST_STEP][PASSED] - selectOptionByIndex: All options with index in [11] are selected on object 'Object Repository/HealthpostToCms/Page_HealthPost Store/select_--Select--Schedule 1Inj'

2018-06-10 19:04:49 - [MESSAGE][PASSED] - All options with index in [11] are selected on object 'Object Repository/HealthpostToCms/Page_HealthPost Store/select_--Select--Schedule 1Inj'

2018-06-10 19:04:49 - [TEST_STEP][PASSED] - delay: Delayed 1 second(s)

2018-06-10 19:04:50 - [MESSAGE][PASSED] - Delayed 1 second(s)

2018-06-10 19:04:50 - [TEST_STEP][PASSED] - selectOptionByIndex: All options with index in [72] are selected on object 'Object Repository/HealthpostToCms/Page_HealthPost Store/select_--Select--Adernaline 0.'

2018-06-10 19:04:51 - [MESSAGE][PASSED] - All options with index in [72] are selected on object 'Object Repository/HealthpostToCms/Page_HealthPost Store/select_--Select--Adernaline 0.'

2018-06-10 19:04:51 - [TEST_STEP][PASSED] - setText: Text '100' is set on object 'Object Repository/HealthpostToCms/Page_HealthPost Store/input_txttreat'

2018-06-10 19:04:51 - [MESSAGE][PASSED] - Text '100' is set on object 'Object Repository/HealthpostToCms/Page_HealthPost Store/input_txttreat'

2018-06-10 19:04:51 - [TEST_STEP][PASSED] - click: Object: 'Object Repository/HealthpostToCms/Page_HealthPost Store/button_Add' is clicked on

2018-06-10 19:04:51 - [MESSAGE][PASSED] - Object: 'Object Repository/HealthpostToCms/Page_HealthPost Store/button_Add' is clicked on

2018-06-10 19:04:51 - [TEST_STEP][PASSED] - delay: Delayed 2 second(s)

2018-06-10 19:04:53 - [MESSAGE][PASSED] - Delayed 2 second(s)

2018-06-10 19:04:53 - [TEST_STEP][PASSED] - selectOptionByIndex: All options with index in [11] are selected on object 'Object Repository/HealthpostToCms/Page_HealthPost Store/select_--Select--Schedule 1Inj'

2018-06-10 19:04:53 - [MESSAGE][PASSED] - All options with index in [11] are selected on object 'Object Repository/HealthpostToCms/Page_HealthPost Store/select_--Select--Schedule 1Inj'

2018-06-10 19:04:53 - [TEST_STEP][PASSED] - delay: Delayed 1 second(s)

2018-06-10 19:04:54 - [MESSAGE][PASSED] - Delayed 1 second(s)

2018-06-10 19:04:54 - [TEST_STEP][PASSED] - selectOptionByIndex: All options with index in [73] are selected on object 'Object Repository/HealthpostToCms/Page_HealthPost Store/select_--Select--Adernaline 0.'

2018-06-10 19:04:55 - [MESSAGE][PASSED] - All options with index in [73] are selected on object 'Object Repository/HealthpostToCms/Page_HealthPost Store/select_--Select--Adernaline 0.'

2018-06-10 19:04:55 - [TEST_STEP][PASSED] - setText: Text '100' is set on object 'Object Repository/HealthpostToCms/Page_HealthPost Store/input_txttreat'

2018-06-10 19:04:55 - [MESSAGE][PASSED] - Text '100' is set on object 'Object Repository/HealthpostToCms/Page_HealthPost Store/input_txttreat'

2018-06-10 19:04:55 - [TEST_STEP][PASSED] - click: Object: 'Object Repository/HealthpostToCms/Page_HealthPost Store/button_Add' is clicked on

2018-06-10 19:04:55 - [MESSAGE][PASSED] - Object: 'Object Repository/HealthpostToCms/Page_HealthPost Store/button_Add' is clicked on

2018-06-10 19:04:55 - [TEST_STEP][PASSED] - delay: Delayed 2 second(s)

2018-06-10 19:04:57 - [MESSAGE][PASSED] - Delayed 2 second(s)

2018-06-10 19:04:57 - [TEST_STEP][PASSED] - selectOptionByIndex: All options with index in [11] are selected on object 'Object Repository/HealthpostToCms/Page_HealthPost Store/select_--Select--Schedule 1Inj'

2018-06-10 19:04:58 - [MESSAGE][PASSED] - All options with index in [11] are selected on object 'Object Repository/HealthpostToCms/Page_HealthPost Store/select_--Select--Schedule 1Inj'

2018-06-10 19:04:58 - [TEST_STEP][PASSED] - delay: Delayed 1 second(s)

2018-06-10 19:04:59 - [MESSAGE][PASSED] - Delayed 1 second(s)

2018-06-10 19:04:59 - [TEST_STEP][PASSED] - selectOptionByIndex: All options with index in [74] are selected on object 'Object Repository/HealthpostToCms/Page_HealthPost Store/select_--Select--Adernaline 0.'

2018-06-10 19:04:59 - [MESSAGE][PASSED] - All options with index in [74] are selected on object 'Object Repository/HealthpostToCms/Page_HealthPost Store/select_--Select--Adernaline 0.'

2018-06-10 19:04:59 - [TEST_STEP][PASSED] - setText: Text '100' is set on object 'Object Repository/HealthpostToCms/Page_HealthPost Store/input_txttreat'

2018-06-10 19:05:00 - [MESSAGE][PASSED] - Text '100' is set on object 'Object Repository/HealthpostToCms/Page_HealthPost Store/input_txttreat'

2018-06-10 19:05:00 - [TEST_STEP][PASSED] - click: Object: 'Object Repository/HealthpostToCms/Page_HealthPost Store/button_Add' is clicked on

2018-06-10 19:05:00 - [MESSAGE][PASSED] - Object: 'Object Repository/HealthpostToCms/Page_HealthPost Store/button_Add' is clicked on

2018-06-10 19:05:00 - [TEST_STEP][PASSED] - delay: Delayed 2 second(s)

2018-06-10 19:05:02 - [MESSAGE][PASSED] - Delayed 2 second(s)

2018-06-10 19:05:02 - [TEST_STEP][PASSED] - selectOptionByIndex: All options with index in [11] are selected on object 'Object Repository/HealthpostToCms/Page_HealthPost Store/select_--Select--Schedule 1Inj'

2018-06-10 19:05:02 - [MESSAGE][PASSED] - All options with index in [11] are selected on object 'Object Repository/HealthpostToCms/Page_HealthPost Store/select_--Select--Schedule 1Inj'

2018-06-10 19:05:02 - [TEST_STEP][PASSED] - delay: Delayed 1 second(s)

2018-06-10 19:05:03 - [MESSAGE][PASSED] - Delayed 1 second(s)

2018-06-10 19:05:03 - [TEST_STEP][PASSED] - selectOptionByIndex: All options with index in [75] are selected on object 'Object Repository/HealthpostToCms/Page_HealthPost Store/select_--Select--Adernaline 0.'

2018-06-10 19:05:04 - [MESSAGE][PASSED] - All options with index in [75] are selected on object 'Object Repository/HealthpostToCms/Page_HealthPost Store/select_--Select--Adernaline 0.'

2018-06-10 19:05:04 - [TEST_STEP][PASSED] - setText: Text '100' is set on object 'Object Repository/HealthpostToCms/Page_HealthPost Store/input_txttreat'

2018-06-10 19:05:04 - [MESSAGE][PASSED] - Text '100' is set on object 'Object Repository/HealthpostToCms/Page_HealthPost Store/input_txttreat'

2018-06-10 19:05:04 - [TEST_STEP][PASSED] - click: Object: 'Object Repository/HealthpostToCms/Page_HealthPost Store/button_Add' is clicked on

2018-06-10 19:05:04 - [MESSAGE][PASSED] - Object: 'Object Repository/HealthpostToCms/Page_HealthPost Store/button_Add' is clicked on

2018-06-10 19:05:04 - [TEST_STEP][PASSED] - delay: Delayed 2 second(s)

2018-06-10 19:05:06 - [MESSAGE][PASSED] - Delayed 2 second(s)

2018-06-10 19:05:06 - [TEST_STEP][PASSED] - selectOptionByIndex: All options with index in [11] are selected on object 'Object Repository/HealthpostToCms/Page_HealthPost Store/select_--Select--Schedule 1Inj'

2018-06-10 19:05:06 - [MESSAGE][PASSED] - All options with index in [11] are selected on object 'Object Repository/HealthpostToCms/Page_HealthPost Store/select_--Select--Schedule 1Inj'

2018-06-10 19:05:06 - [TEST_STEP][PASSED] - delay: Delayed 1 second(s)

2018-06-10 19:05:07 - [MESSAGE][PASSED] - Delayed 1 second(s)

2018-06-10 19:05:07 - [TEST_STEP][PASSED] - selectOptionByIndex: All options with index in [76] are selected on object 'Object Repository/HealthpostToCms/Page_HealthPost Store/select_--Select--Adernaline 0.'

2018-06-10 19:05:08 - [MESSAGE][PASSED] - All options with index in [76] are selected on object 'Object Repository/HealthpostToCms/Page_HealthPost Store/select_--Select--Adernaline 0.'

2018-06-10 19:05:08 - [TEST_STEP][PASSED] - setText: Text '100' is set on object 'Object Repository/HealthpostToCms/Page_HealthPost Store/input_txttreat'

2018-06-10 19:05:08 - [MESSAGE][PASSED] - Text '100' is set on object 'Object Repository/HealthpostToCms/Page_HealthPost Store/input_txttreat'

2018-06-10 19:05:08 - [TEST_STEP][PASSED] - click: Object: 'Object Repository/HealthpostToCms/Page_HealthPost Store/button_Add' is clicked on

2018-06-10 19:05:08 - [MESSAGE][PASSED] - Object: 'Object Repository/HealthpostToCms/Page_HealthPost Store/button_Add' is clicked on

2018-06-10 19:05:08 - [TEST_STEP][PASSED] - delay: Delayed 2 second(s)

2018-06-10 19:05:10 - [MESSAGE][PASSED] - Delayed 2 second(s)

2018-06-10 19:05:10 - [TEST_STEP][PASSED] - selectOptionByIndex: All options with index in [11] are selected on object 'Object Repository/HealthpostToCms/Page_HealthPost Store/select_--Select--Schedule 1Inj'

2018-06-10 19:05:10 - [MESSAGE][PASSED] - All options with index in [11] are selected on object 'Object Repository/HealthpostToCms/Page_HealthPost Store/select_--Select--Schedule 1Inj'

2018-06-10 19:05:10 - [TEST_STEP][PASSED] - delay: Delayed 1 second(s)

2018-06-10 19:05:11 - [MESSAGE][PASSED] - Delayed 1 second(s)

2018-06-10 19:05:11 - [TEST_STEP][PASSED] - selectOptionByIndex: All options with index in [77] are selected on object 'Object Repository/HealthpostToCms/Page_HealthPost Store/select_--Select--Adernaline 0.'

2018-06-10 19:05:12 - [MESSAGE][PASSED] - All options with index in [77] are selected on object 'Object Repository/HealthpostToCms/Page_HealthPost Store/select_--Select--Adernaline 0.'

2018-06-10 19:05:12 - [TEST_STEP][PASSED] - setText: Text '100' is set on object 'Object Repository/HealthpostToCms/Page_HealthPost Store/input_txttreat'

2018-06-10 19:05:12 - [MESSAGE][PASSED] - Text '100' is set on object 'Object Repository/HealthpostToCms/Page_HealthPost Store/input_txttreat'

2018-06-10 19:05:12 - [TEST_STEP][PASSED] - click: Object: 'Object Repository/HealthpostToCms/Page_HealthPost Store/button_Add' is clicked on

2018-06-10 19:05:13 - [MESSAGE][PASSED] - Object: 'Object Repository/HealthpostToCms/Page_HealthPost Store/button_Add' is clicked on

2018-06-10 19:05:13 - [TEST_STEP][PASSED] - delay: Delayed 2 second(s)

2018-06-10 19:05:15 - [MESSAGE][PASSED] - Delayed 2 second(s)

2018-06-10 19:05:15 - [TEST_STEP][PASSED] - selectOptionByIndex: All options with index in [11] are selected on object 'Object Repository/HealthpostToCms/Page_HealthPost Store/select_--Select--Schedule 1Inj'

2018-06-10 19:05:15 - [MESSAGE][PASSED] - All options with index in [11] are selected on object 'Object Repository/HealthpostToCms/Page_HealthPost Store/select_--Select--Schedule 1Inj'

2018-06-10 19:05:15 - [TEST_STEP][PASSED] - delay: Delayed 1 second(s)

2018-06-10 19:05:16 - [MESSAGE][PASSED] - Delayed 1 second(s)

2018-06-10 19:05:16 - [TEST_STEP][PASSED] - selectOptionByIndex: All options with index in [78] are selected on object 'Object Repository/HealthpostToCms/Page_HealthPost Store/select_--Select--Adernaline 0.'

2018-06-10 19:05:17 - [MESSAGE][PASSED] - All options with index in [78] are selected on object 'Object Repository/HealthpostToCms/Page_HealthPost Store/select_--Select--Adernaline 0.'

2018-06-10 19:05:17 - [TEST_STEP][PASSED] - setText: Text '100' is set on object 'Object Repository/HealthpostToCms/Page_HealthPost Store/input_txttreat'

2018-06-10 19:05:17 - [MESSAGE][PASSED] - Text '100' is set on object 'Object Repository/HealthpostToCms/Page_HealthPost Store/input_txttreat'

2018-06-10 19:05:17 - [TEST_STEP][PASSED] - click: Object: 'Object Repository/HealthpostToCms/Page_HealthPost Store/button_Add' is clicked on

2018-06-10 19:05:17 - [MESSAGE][PASSED] - Object: 'Object Repository/HealthpostToCms/Page_HealthPost Store/button_Add' is clicked on

2018-06-10 19:05:17 - [TEST_STEP][PASSED] - delay: Delayed 2 second(s)

2018-06-10 19:05:19 - [MESSAGE][PASSED] - Delayed 2 second(s)

2018-06-10 19:05:19 - [TEST_STEP][PASSED] - selectOptionByIndex: All options with index in [11] are selected on object 'Object Repository/HealthpostToCms/Page_HealthPost Store/select_--Select--Schedule 1Inj'

2018-06-10 19:05:19 - [MESSAGE][PASSED] - All options with index in [11] are selected on object 'Object Repository/HealthpostToCms/Page_HealthPost Store/select_--Select--Schedule 1Inj'

2018-06-10 19:05:19 - [TEST_STEP][PASSED] - delay: Delayed 1 second(s)

2018-06-10 19:05:20 - [MESSAGE][PASSED] - Delayed 1 second(s)

2018-06-10 19:05:20 - [TEST_STEP][PASSED] - selectOptionByIndex: All options with index in [79] are selected on object 'Object Repository/HealthpostToCms/Page_HealthPost Store/select_--Select--Adernaline 0.'

2018-06-10 19:05:21 - [MESSAGE][PASSED] - All options with index in [79] are selected on object 'Object Repository/HealthpostToCms/Page_HealthPost Store/select_--Select--Adernaline 0.'

2018-06-10 19:05:21 - [TEST_STEP][PASSED] - setText: Text '100' is set on object 'Object Repository/HealthpostToCms/Page_HealthPost Store/input_txttreat'

2018-06-10 19:05:21 - [MESSAGE][PASSED] - Text '100' is set on object 'Object Repository/HealthpostToCms/Page_HealthPost Store/input_txttreat'

2018-06-10 19:05:21 - [TEST_STEP][PASSED] - click: Object: 'Object Repository/HealthpostToCms/Page_HealthPost Store/button_Add' is clicked on

2018-06-10 19:05:21 - [MESSAGE][PASSED] - Object: 'Object Repository/HealthpostToCms/Page_HealthPost Store/button_Add' is clicked on

2018-06-10 19:05:21 - [TEST_STEP][PASSED] - delay: Delayed 2 second(s)

2018-06-10 19:05:23 - [MESSAGE][PASSED] - Delayed 2 second(s)

2018-06-10 19:05:23 - [TEST_STEP][PASSED] - selectOptionByIndex: All options with index in [11] are selected on object 'Object Repository/HealthpostToCms/Page_HealthPost Store/select_--Select--Schedule 1Inj'

2018-06-10 19:05:23 - [MESSAGE][PASSED] - All options with index in [11] are selected on object 'Object Repository/HealthpostToCms/Page_HealthPost Store/select_--Select--Schedule 1Inj'

2018-06-10 19:05:23 - [TEST_STEP][PASSED] - delay: Delayed 1 second(s)

2018-06-10 19:05:24 - [MESSAGE][PASSED] - Delayed 1 second(s)

2018-06-10 19:05:24 - [TEST_STEP][PASSED] - selectOptionByIndex: All options with index in [80] are selected on object 'Object Repository/HealthpostToCms/Page_HealthPost Store/select_--Select--Adernaline 0.'

2018-06-10 19:05:25 - [MESSAGE][PASSED] - All options with index in [80] are selected on object 'Object Repository/HealthpostToCms/Page_HealthPost Store/select_--Select--Adernaline 0.'

2018-06-10 19:05:25 - [TEST_STEP][PASSED] - setText: Text '100' is set on object 'Object Repository/HealthpostToCms/Page_HealthPost Store/input_txttreat'

2018-06-10 19:05:26 - [MESSAGE][PASSED] - Text '100' is set on object 'Object Repository/HealthpostToCms/Page_HealthPost Store/input_txttreat'

2018-06-10 19:05:26 - [TEST_STEP][PASSED] - click: Object: 'Object Repository/HealthpostToCms/Page_HealthPost Store/button_Add' is clicked on

2018-06-10 19:05:26 - [MESSAGE][PASSED] - Object: 'Object Repository/HealthpostToCms/Page_HealthPost Store/button_Add' is clicked on

2018-06-10 19:05:26 - [TEST_STEP][PASSED] - delay: Delayed 2 second(s)

2018-06-10 19:05:28 - [MESSAGE][PASSED] - Delayed 2 second(s)

2018-06-10 19:05:28 - [TEST_STEP][PASSED] - scrollToElement: Scroll to object 'Object Repository/HealthpostToCms/Page_HealthPost Store/input_btnsave' successfully

2018-06-10 19:05:28 - [MESSAGE][PASSED] - Scroll to object 'Object Repository/HealthpostToCms/Page_HealthPost Store/input_btnsave' successfully

2018-06-10 19:05:28 - [TEST_STEP][PASSED] - click: Object: 'Object Repository/HealthpostToCms/Page_HealthPost Store/input_btnsave' is clicked on

2018-06-10 19:05:28 - [MESSAGE][PASSED] - Object: 'Object Repository/HealthpostToCms/Page_HealthPost Store/input_btnsave' is clicked on

2018-06-10 19:05:28 - [TEST_STEP][PASSED] - delay: Delayed 3 second(s)

2018-06-10 19:05:31 - [MESSAGE][PASSED] - Delayed 3 second(s)

2018-06-10 19:05:31 - [TEST_STEP][PASSED] - Statement - RN1 = com.kms.katalon.core.webui.keyword.WebUiBuiltInKeywords.getText(com.kms.katalon.core.testobject.ObjectRepository.findTestObject(HealthpostToCms/Page_HealthPost Store/font_PRNO18052018174)): Text of object 'Object Repository/HealthpostToCms/Page_HealthPost Store/font_PRNO18052018174' is: 'PRNO/10062018/806'

2018-06-10 19:05:31 - [MESSAGE][PASSED] - Text of object 'Object Repository/HealthpostToCms/Page_HealthPost Store/font_PRNO18052018174' is: 'PRNO/10062018/806'

2018-06-10 19:05:31 - [TEST_STEP][PASSED] - Statement - out.println(RN1): null

2018-06-10 19:05:31 - [TEST_STEP][PASSED] - Statement - RID = RN1.split("/")[2]: null

2018-06-10 19:05:31 - [TEST_STEP][PASSED] - click: Object: 'Object Repository/HealthpostToCms/Page_HealthPost Store/button_OK' is clicked on

2018-06-10 19:05:32 - [MESSAGE][PASSED] - Object: 'Object Repository/HealthpostToCms/Page_HealthPost Store/button_OK' is clicked on

2018-06-10 19:05:32 - [TEST_STEP][PASSED] - delay: Delayed 3 second(s)

2018-06-10 19:05:35 - [MESSAGE][PASSED] - Delayed 3 second(s)

2018-06-10 19:05:35 - [TEST_STEP][PASSED] - waitForElementPresent: Object 'Object Repository/HealthpostToCms/Page_HealthPost Store/a_dropdown-toggle' is present

2018-06-10 19:05:35 - [MESSAGE][PASSED] - Object 'Object Repository/HealthpostToCms/Page_HealthPost Store/a_dropdown-toggle' is present

2018-06-10 19:05:35 - [TEST_STEP][PASSED] - click: Object: 'Object Repository/HealthpostToCms/Page_HealthPost Store/a_dropdown-toggle' is clicked on

2018-06-10 19:05:35 - [MESSAGE][PASSED] - Object: 'Object Repository/HealthpostToCms/Page_HealthPost Store/a_dropdown-toggle' is clicked on

2018-06-10 19:05:35 - [TEST_STEP][PASSED] - click: Object: 'Object Repository/HealthpostToCms/Page_HealthPost Store/a_Sign out' is clicked on

2018-06-10 19:05:36 - [MESSAGE][PASSED] - Object: 'Object Repository/HealthpostToCms/Page_HealthPost Store/a_Sign out' is clicked on

2018-06-10 19:05:36 - [TEST_STEP][PASSED] - delay: Delayed 3 second(s)

2018-06-10 19:05:39 - [MESSAGE][PASSED] - Delayed 3 second(s)

2018-06-10 19:05:39 - [TEST_STEP][PASSED] - navigateToUrl: Navigate to 'http://192.168.137.1/multihospital_new/' successfully

2018-06-10 19:05:39 - [MESSAGE][PASSED] - Navigate to 'http://192.168.137.1/multihospital_new/' successfully

2018-06-10 19:05:39 - [TEST_STEP][PASSED] - click: Object: 'Object Repository/HealthpostToCms/Page_KDMC/a_CMO' is clicked on

2018-06-10 19:05:40 - [MESSAGE][PASSED] - Object: 'Object Repository/HealthpostToCms/Page_KDMC/a_CMO' is clicked on

2018-06-10 19:05:40 - [TEST_STEP][PASSED] - setText: Text 'guru' is set on object 'Object Repository/HealthpostToCms/Page_CMO login/input_txtusername'

2018-06-10 19:05:40 - [MESSAGE][PASSED] - Text 'guru' is set on object 'Object Repository/HealthpostToCms/Page_CMO login/input_txtusername'

2018-06-10 19:05:40 - [TEST_STEP][PASSED] - setText: Text '123' is set on object 'Object Repository/HealthpostToCms/Page_CMO login/input_txtpassword'

2018-06-10 19:05:40 - [MESSAGE][PASSED] - Text '123' is set on object 'Object Repository/HealthpostToCms/Page_CMO login/input_txtpassword'

2018-06-10 19:05:40 - [TEST_STEP][PASSED] - delay: Delayed 3 second(s)

2018-06-10 19:05:43 - [MESSAGE][PASSED] - Delayed 3 second(s)

2018-06-10 19:05:43 - [TEST_STEP][PASSED] - click: Object: 'Object Repository/HealthpostToCms/Page_CMO login/button_Sign in' is clicked on

2018-06-10 19:05:44 - [MESSAGE][PASSED] - Object: 'Object Repository/HealthpostToCms/Page_CMO login/button_Sign in' is clicked on

2018-06-10 19:05:44 - [TEST_STEP][PASSED] - delay: Delayed 3 second(s)

2018-06-10 19:05:47 - [MESSAGE][PASSED] - Delayed 3 second(s)

2018-06-10 19:05:47 - [TEST_STEP][PASSED] - click: Object: 'Object Repository/HealthpostToCms/Page_KDMC - CMO/a_CMS Request' is clicked on

2018-06-10 19:05:47 - [MESSAGE][PASSED] - Object: 'Object Repository/HealthpostToCms/Page_KDMC - CMO/a_CMS Request' is clicked on

2018-06-10 19:05:47 - [TEST_STEP][PASSED] - delay: Delayed 2 second(s)

2018-06-10 19:05:49 - [MESSAGE][PASSED] - Delayed 2 second(s)

2018-06-10 19:05:49 - [TEST_STEP][PASSED] - click: Object: 'Object Repository/HealthpostToCms/Page_KDMC - CMO/a_Healthpost Store Request' is clicked on

2018-06-10 19:05:49 - [MESSAGE][PASSED] - Object: 'Object Repository/HealthpostToCms/Page_KDMC - CMO/a_Healthpost Store Request' is clicked on

2018-06-10 19:05:49 - [TEST_STEP][PASSED] - selectOptionByIndex: All options with index in [1] are selected on object 'Object Repository/HealthpostToCms/Page_KDMC - CMO/select_--ALL--'

2018-06-10 19:05:49 - [MESSAGE][PASSED] - All options with index in [1] are selected on object 'Object Repository/HealthpostToCms/Page_KDMC - CMO/select_--ALL--'

2018-06-10 19:05:49 - [TEST_STEP][PASSED] - click: Object: 'Object Repository/HealthpostToCms/Page_KDMC - CMO/input_btnsearch' is clicked on

2018-06-10 19:05:50 - [MESSAGE][PASSED] - Object: 'Object Repository/HealthpostToCms/Page_KDMC - CMO/input_btnsearch' is clicked on

2018-06-10 19:05:50 - [TEST_STEP][PASSED] - Statement - ID = com.kms.katalon.core.webui.keyword.WebUiBuiltInKeywords.modifyObjectProperty(com.kms.katalon.core.testobject.ObjectRepository.findTestObject(lab/Page_KDMC - CMO/input_1), "xpath", "equals", "//*[@id=" + RID + "]", true): Modify property of object successfully

2018-06-10 19:05:50 - [MESSAGE][PASSED] - Modify property of object successfully

2018-06-10 19:05:50 - [TEST_STEP][PASSED] - click: Object: 'Object Repository/lab/Page_KDMC - CMO/input_1' is clicked on

2018-06-10 19:05:50 - [MESSAGE][PASSED] - Object: 'Object Repository/lab/Page_KDMC - CMO/input_1' is clicked on

2018-06-10 19:05:50 - [TEST_STEP][PASSED] - delay: Delayed 2 second(s)

2018-06-10 19:05:52 - [MESSAGE][PASSED] - Delayed 2 second(s)

2018-06-10 19:05:52 - [TEST_STEP][PASSED] - selectOptionByIndex: All options with index in [1] are selected on object 'Object Repository/HealthpostToCms/Page_KDMC - CMO/select_--Select--'

2018-06-10 19:05:52 - [MESSAGE][PASSED] - All options with index in [1] are selected on object 'Object Repository/HealthpostToCms/Page_KDMC - CMO/select_--Select--'

2018-06-10 19:05:52 - [TEST_STEP][PASSED] - click: Object: 'Object Repository/HealthpostToCms/Page_KDMC - CMO/input_btnupdate' is clicked on

2018-06-10 19:05:52 - [MESSAGE][PASSED] - Object: 'Object Repository/HealthpostToCms/Page_KDMC - CMO/input_btnupdate' is clicked on

2018-06-10 19:05:52 - [TEST_STEP][PASSED] - delay: Delayed 2 second(s)

2018-06-10 19:05:54 - [MESSAGE][PASSED] - Delayed 2 second(s)

2018-06-10 19:05:54 - [TEST_STEP][PASSED] - click: Object: 'Object Repository/HealthpostToCms/Page_KDMC - CMO/button_OK' is clicked on

2018-06-10 19:05:55 - [MESSAGE][PASSED] - Object: 'Object Repository/HealthpostToCms/Page_KDMC - CMO/button_OK' is clicked on

2018-06-10 19:05:55 - [TEST_STEP][PASSED] - delay: Delayed 3 second(s)

2018-06-10 19:05:58 - [MESSAGE][PASSED] - Delayed 3 second(s)

2018-06-10 19:05:58 - [TEST_STEP][PASSED] - waitForElementPresent: Object 'Object Repository/HealthpostToCms/Page_KDMC - CMO/a_dropdown-toggle' is present

2018-06-10 19:05:58 - [MESSAGE][PASSED] - Object 'Object Repository/HealthpostToCms/Page_KDMC - CMO/a_dropdown-toggle' is present

2018-06-10 19:05:58 - [TEST_STEP][PASSED] - click: Object: 'Object Repository/HealthpostToCms/Page_KDMC - CMO/a_dropdown-toggle' is clicked on

2018-06-10 19:05:58 - [MESSAGE][PASSED] - Object: 'Object Repository/HealthpostToCms/Page_KDMC - CMO/a_dropdown-toggle' is clicked on

2018-06-10 19:05:58 - [TEST_STEP][PASSED] - click: Object: 'Object Repository/HealthpostToCms/Page_KDMC - CMO/a_Sign out' is clicked on

2018-06-10 19:05:59 - [MESSAGE][PASSED] - Object: 'Object Repository/HealthpostToCms/Page_KDMC - CMO/a_Sign out' is clicked on

2018-06-10 19:05:59 - [TEST_STEP][PASSED] - delay: Delayed 3 second(s)

2018-06-10 19:06:02 - [MESSAGE][PASSED] - Delayed 3 second(s)

2018-06-10 19:06:02 - [TEST_STEP][PASSED] - click: Object: 'Object Repository/HealthpostToCms/Page_KDMC/a_CMS' is clicked on

2018-06-10 19:06:02 - [MESSAGE][PASSED] - Object: 'Object Repository/HealthpostToCms/Page_KDMC/a_CMS' is clicked on

2018-06-10 19:06:02 - [TEST_STEP][PASSED] - setText: Text 'bala' is set on object 'Object Repository/HealthpostToCms/Page_CMS login/input_txtusername'

2018-06-10 19:06:02 - [MESSAGE][PASSED] - Text 'bala' is set on object 'Object Repository/HealthpostToCms/Page_CMS login/input_txtusername'

2018-06-10 19:06:02 - [TEST_STEP][PASSED] - setText: Text '123' is set on object 'Object Repository/HealthpostToCms/Page_CMS login/input_txtpassword'

2018-06-10 19:06:02 - [MESSAGE][PASSED] - Text '123' is set on object 'Object Repository/HealthpostToCms/Page_CMS login/input_txtpassword'

2018-06-10 19:06:02 - [TEST_STEP][PASSED] - delay: Delayed 3 second(s)

2018-06-10 19:06:05 - [MESSAGE][PASSED] - Delayed 3 second(s)

2018-06-10 19:06:05 - [TEST_STEP][PASSED] - click: Object: 'Object Repository/HealthpostToCms/Page_CMS login/button_Sign in' is clicked on

2018-06-10 19:06:06 - [MESSAGE][PASSED] - Object: 'Object Repository/HealthpostToCms/Page_CMS login/button_Sign in' is clicked on

2018-06-10 19:06:06 - [TEST_STEP][PASSED] - delay: Delayed 3 second(s)

2018-06-10 19:06:09 - [MESSAGE][PASSED] - Delayed 3 second(s)

2018-06-10 19:06:09 - [TEST_STEP][PASSED] - click: Object: 'Object Repository/HealthpostToCms/Page_KDMC - CMS/a_Divisional Store' is clicked on

2018-06-10 19:06:09 - [MESSAGE][PASSED] - Object: 'Object Repository/HealthpostToCms/Page_KDMC - CMS/a_Divisional Store' is clicked on

2018-06-10 19:06:09 - [TEST_STEP][PASSED] - delay: Delayed 2 second(s)

2018-06-10 19:06:11 - [MESSAGE][PASSED] - Delayed 2 second(s)

2018-06-10 19:06:11 - [TEST_STEP][PASSED] - click: Object: 'Object Repository/HealthpostToCms/Page_KDMC - CMS/a_Dispatch Items' is clicked on

2018-06-10 19:06:12 - [MESSAGE][PASSED] - Object: 'Object Repository/HealthpostToCms/Page_KDMC - CMS/a_Dispatch Items' is clicked on

2018-06-10 19:06:12 - [TEST_STEP][PASSED] - delay: Delayed 2 second(s)

2018-06-10 19:06:14 - [MESSAGE][PASSED] - Delayed 2 second(s)

2018-06-10 19:06:14 - [TEST_STEP][PASSED] - setText: Text 'PRNO/10062018/806' is set on object 'Object Repository/HealthpostToCms/Page_KDMC - CMS/input'

2018-06-10 19:06:14 - [MESSAGE][PASSED] - Text 'PRNO/10062018/806' is set on object 'Object Repository/HealthpostToCms/Page_KDMC - CMS/input'

2018-06-10 19:06:14 - [TEST_STEP][PASSED] - click: Object: 'Object Repository/HealthpostToCms/Page_KDMC - CMS/input_PRNO18052018174' is clicked on

2018-06-10 19:06:14 - [MESSAGE][PASSED] - Object: 'Object Repository/HealthpostToCms/Page_KDMC - CMS/input_PRNO18052018174' is clicked on

2018-06-10 19:06:14 - [TEST_STEP][PASSED] - delay: Delayed 3 second(s)

2018-06-10 19:06:17 - [MESSAGE][PASSED] - Delayed 3 second(s)

2018-06-10 19:06:17 - [TEST_STEP][PASSED] - Statement - out.println("Length : " + medicineslength): null

2018-06-10 19:06:17 - [TEST_STEP][PASSED] - Statement - For ([row = 0, row < medicineslength - 1, (row++)]): null

2018-06-10 19:06:17 - [TEST_STEP][PASSED] - Statement - batchlength = new com.kms.katalon.core.testobject.TestObject(): null

2018-06-10 19:06:17 - [TEST_STEP][PASSED] - Statement - batchlength = com.kms.katalon.core.webui.keyword.WebUiBuiltInKeywords.modifyObjectProperty(batchlength, "xpath", "equals", "//*[@id = "fldvendor" + row + ""]", true): Modify property of object successfully

2018-06-10 19:06:17 - [MESSAGE][PASSED] - Modify property of object successfully

2018-06-10 19:06:17 - [TEST_STEP][PASSED] - Statement - batchsize = com.kms.katalon.core.webui.keyword.WebUiBuiltInKeywords.getNumberOfTotalOption(batchlength): 0 options of object '' counted

2018-06-10 19:06:19 - [MESSAGE][PASSED] - 0 options of object '' counted

2018-06-10 19:06:19 - [TEST_STEP][PASSED] - Statement - out.println("BatchSize : " + batchsize): null

2018-06-10 19:06:19 - [TEST_STEP][PASSED] - Statement - For ([n = 1, n <= batchsize - 1, (n++)]): null

2018-06-10 19:06:19 - [TEST_STEP][PASSED] - Statement - batchlength = new com.kms.katalon.core.testobject.TestObject(): null

2018-06-10 19:06:19 - [TEST_STEP][PASSED] - Statement - batchlength = com.kms.katalon.core.webui.keyword.WebUiBuiltInKeywords.modifyObjectProperty(batchlength, "xpath", "equals", "//*[@id = "fldvendor" + row + ""]", true): Modify property of object successfully

2018-06-10 19:06:19 - [MESSAGE][PASSED] - Modify property of object successfully

2018-06-10 19:06:19 - [TEST_STEP][PASSED] - Statement - batchsize = com.kms.katalon.core.webui.keyword.WebUiBuiltInKeywords.getNumberOfTotalOption(batchlength): 10 options of object '' counted

2018-06-10 19:06:19 - [MESSAGE][PASSED] - 10 options of object '' counted

2018-06-10 19:06:19 - [TEST_STEP][PASSED] - Statement - out.println("BatchSize : " + batchsize): null

2018-06-10 19:06:19 - [TEST_STEP][PASSED] - Statement - For ([n = 1, n <= batchsize - 1, (n++)]): null

2018-06-10 19:06:19 - [TEST_STEP][PASSED] - Statement - product = new com.kms.katalon.core.testobject.TestObject(): null

2018-06-10 19:06:19 - [TEST_STEP][PASSED] - Statement - product = com.kms.katalon.core.webui.keyword.WebUiBuiltInKeywords.modifyObjectProperty(product, "xpath", "equals", "//*[@id = "fldvendor" + row + ""]", true): Modify property of object successfully

2018-06-10 19:06:19 - [MESSAGE][PASSED] - Modify property of object successfully

2018-06-10 19:06:19 - [TEST_STEP][PASSED] - selectOptionByIndex: All options with index in [1] are selected on object ''

2018-06-10 19:06:19 - [MESSAGE][PASSED] - All options with index in [1] are selected on object ''

2018-06-10 19:06:19 - [TEST_STEP][PASSED] - Statement - batch = new com.kms.katalon.core.testobject.TestObject(): null

2018-06-10 19:06:19 - [TEST_STEP][PASSED] - Statement - batch = com.kms.katalon.core.webui.keyword.WebUiBuiltInKeywords.modifyObjectProperty(batch, "xpath", "equals", "//*[@id = "txtbthqty" + row + ""]", true): Modify property of object successfully

2018-06-10 19:06:19 - [MESSAGE][PASSED] - Modify property of object successfully

2018-06-10 19:06:19 - [TEST_STEP][PASSED] - Statement - batchqty = com.kms.katalon.core.webui.keyword.WebUiBuiltInKeywords.getAttribute(batch, "value").trim(): Attribute 'value' of object '' is: ''

2018-06-10 19:06:19 - [MESSAGE][PASSED] - Attribute 'value' of object '' is: ''

2018-06-10 19:06:19 - [TEST_STEP][PASSED] - Statement - Rqty = 100: null

2018-06-10 19:06:19 - [TEST_STEP][PASSED] - delay: Delayed 2 second(s)

2018-06-10 19:06:21 - [MESSAGE][PASSED] - Delayed 2 second(s)

2018-06-10 19:06:21 - [TEST_STEP][PASSED] - Statement - out.println("BatchQty : " + batchqty): null

2018-06-10 19:06:21 - [TEST_STEP][PASSED] - Statement - out.println("RQty : " + Rqty): null

2018-06-10 19:06:21 - [TEST_STEP][PASSED] - Statement - If (java.lang.Integer.valueOf(batchqty) >= java.lang.Integer.valueOf(Rqty)): null]]></system-out>
         <system-err><![CDATA[2018-06-10 18:59:54 - [TEST_CASE][ERROR] - Test Cases/HEALTHPOST TEST CASES/TC_HP_023 Verify Schedule 11 Healthpost To CMS Request Are Working Successfully Or Not: Test Cases/HEALTHPOST TEST CASES/TC_HP_023 Verify Schedule 11 Healthpost To CMS Request Are Working Successfully Or Not FAILED because (of) java.lang.NumberFormatException: For input string: ""]]></system-err>
      </testcase>
      <testcase name="Test Cases/HEALTHPOST TEST CASES/TC_HP_022 Verify Schedule 10 Healthpost To CMS Request Are Working Successfully Or Not" classname="Test Cases/HEALTHPOST TEST CASES/TC_HP_022 Verify Schedule 10 Healthpost To CMS Request Are Working Successfully Or Not" status="PASSED">
         <system-out><![CDATA[2018-06-10 19:06:21 - [TEST_CASE][PASSED] - Test Cases/HEALTHPOST TEST CASES/TC_HP_022 Verify Schedule 10 Healthpost To CMS Request Are Working Successfully Or Not: Test Cases/HEALTHPOST TEST CASES/TC_HP_022 Verify Schedule 10 Healthpost To CMS Request Are Working Successfully Or Not

2018-06-10 19:06:22 - [TEST_STEP][PASSED] - openBrowser: Browser is opened with url: ''

2018-06-10 19:06:22 - [MESSAGE][WARNING] - A browser is already opened. Closing browser and opening a new one

2018-06-10 19:06:25 - [MESSAGE][PASSED] - Browser is opened with url: ''

2018-06-10 19:06:25 - [TEST_STEP][PASSED] - navigateToUrl: Navigate to 'http://192.168.137.1/multihospital_new/HDSplashscreen.aspx' successfully

2018-06-10 19:06:26 - [MESSAGE][PASSED] - Navigate to 'http://192.168.137.1/multihospital_new/HDSplashscreen.aspx' successfully

2018-06-10 19:06:26 - [TEST_STEP][PASSED] - maximizeWindow: Current window maximized

2018-06-10 19:06:28 - [MESSAGE][PASSED] - Current window maximized

2018-06-10 19:06:28 - [TEST_STEP][PASSED] - click: Object: 'Object Repository/HealthpostToCms/Page_KDMC/a_Healthpost Store' is clicked on

2018-06-10 19:06:28 - [MESSAGE][PASSED] - Object: 'Object Repository/HealthpostToCms/Page_KDMC/a_Healthpost Store' is clicked on

2018-06-10 19:06:28 - [TEST_STEP][PASSED] - setText: Text 'raguram' is set on object 'Object Repository/HealthpostToCms/Page_HealthPost Store Login/input_txtusername'

2018-06-10 19:06:29 - [MESSAGE][PASSED] - Text 'raguram' is set on object 'Object Repository/HealthpostToCms/Page_HealthPost Store Login/input_txtusername'

2018-06-10 19:06:29 - [TEST_STEP][PASSED] - setText: Text '123' is set on object 'Object Repository/HealthpostToCms/Page_HealthPost Store Login/input_txtpassword'

2018-06-10 19:06:29 - [MESSAGE][PASSED] - Text '123' is set on object 'Object Repository/HealthpostToCms/Page_HealthPost Store Login/input_txtpassword'

2018-06-10 19:06:29 - [TEST_STEP][PASSED] - delay: Delayed 3 second(s)

2018-06-10 19:06:32 - [MESSAGE][PASSED] - Delayed 3 second(s)

2018-06-10 19:06:32 - [TEST_STEP][PASSED] - click: Object: 'Object Repository/HealthpostToCms/Page_HealthPost Store Login/button_Sign in' is clicked on

2018-06-10 19:06:32 - [MESSAGE][PASSED] - Object: 'Object Repository/HealthpostToCms/Page_HealthPost Store Login/button_Sign in' is clicked on

2018-06-10 19:06:32 - [TEST_STEP][PASSED] - delay: Delayed 3 second(s)

2018-06-10 19:06:35 - [MESSAGE][PASSED] - Delayed 3 second(s)

2018-06-10 19:06:35 - [TEST_STEP][PASSED] - click: Object: 'Object Repository/HealthpostToCms/Page_HealthPost Store/a_CMS' is clicked on

2018-06-10 19:06:35 - [MESSAGE][PASSED] - Object: 'Object Repository/HealthpostToCms/Page_HealthPost Store/a_CMS' is clicked on

2018-06-10 19:06:35 - [TEST_STEP][PASSED] - click: Object: 'Object Repository/HealthpostToCms/Page_HealthPost Store/a_Request Send' is clicked on

2018-06-10 19:06:36 - [MESSAGE][PASSED] - Object: 'Object Repository/HealthpostToCms/Page_HealthPost Store/a_Request Send' is clicked on

2018-06-10 19:06:36 - [TEST_STEP][PASSED] - delay: Delayed 2 second(s)

2018-06-10 19:06:38 - [MESSAGE][PASSED] - Delayed 2 second(s)

2018-06-10 19:06:38 - [TEST_STEP][PASSED] - selectOptionByIndex: All options with index in [2] are selected on object 'Object Repository/HealthpostToCms/Page_HealthPost Store/select_--Select--'

2018-06-10 19:06:38 - [MESSAGE][PASSED] - All options with index in [2] are selected on object 'Object Repository/HealthpostToCms/Page_HealthPost Store/select_--Select--'

2018-06-10 19:06:38 - [TEST_STEP][PASSED] - selectOptionByIndex: All options with index in [10] are selected on object 'Object Repository/HealthpostToCms/Page_HealthPost Store/select_--Select--Schedule 1Inj'

2018-06-10 19:06:38 - [MESSAGE][PASSED] - All options with index in [10] are selected on object 'Object Repository/HealthpostToCms/Page_HealthPost Store/select_--Select--Schedule 1Inj'

2018-06-10 19:06:38 - [TEST_STEP][PASSED] - Statement - medicineslength = com.kms.katalon.core.webui.keyword.WebUiBuiltInKeywords.getNumberOfTotalOption(com.kms.katalon.core.testobject.ObjectRepository.findTestObject(HealthpostToCms/Page_HealthPost Store/select_--Select--Adernaline 0.)): 19 options of object 'Object Repository/HealthpostToCms/Page_HealthPost Store/select_--Select--Adernaline 0.' counted

2018-06-10 19:06:38 - [MESSAGE][PASSED] - 19 options of object 'Object Repository/HealthpostToCms/Page_HealthPost Store/select_--Select--Adernaline 0.' counted

2018-06-10 19:06:38 - [TEST_STEP][PASSED] - Statement - For ([e = 1, e <= medicineslength - 1, (e++)]): Object: 'Object Repository/HealthpostToCms/Page_HealthPost Store/button_Add' is clicked on

2018-06-10 19:06:38 - [TEST_STEP][PASSED] - selectOptionByIndex: All options with index in [10] are selected on object 'Object Repository/HealthpostToCms/Page_HealthPost Store/select_--Select--Schedule 1Inj'

2018-06-10 19:06:39 - [MESSAGE][PASSED] - All options with index in [10] are selected on object 'Object Repository/HealthpostToCms/Page_HealthPost Store/select_--Select--Schedule 1Inj'

2018-06-10 19:06:39 - [TEST_STEP][PASSED] - selectOptionByIndex: All options with index in [1] are selected on object 'Object Repository/HealthpostToCms/Page_HealthPost Store/select_--Select--Adernaline 0.'

2018-06-10 19:06:39 - [MESSAGE][PASSED] - All options with index in [1] are selected on object 'Object Repository/HealthpostToCms/Page_HealthPost Store/select_--Select--Adernaline 0.'

2018-06-10 19:06:39 - [TEST_STEP][PASSED] - setText: Text '100' is set on object 'Object Repository/HealthpostToCms/Page_HealthPost Store/input_txttreat'

2018-06-10 19:06:39 - [MESSAGE][PASSED] - Text '100' is set on object 'Object Repository/HealthpostToCms/Page_HealthPost Store/input_txttreat'

2018-06-10 19:06:39 - [TEST_STEP][PASSED] - click: Object: 'Object Repository/HealthpostToCms/Page_HealthPost Store/button_Add' is clicked on

2018-06-10 19:06:39 - [MESSAGE][PASSED] - Object: 'Object Repository/HealthpostToCms/Page_HealthPost Store/button_Add' is clicked on

2018-06-10 19:06:39 - [TEST_STEP][PASSED] - selectOptionByIndex: All options with index in [10] are selected on object 'Object Repository/HealthpostToCms/Page_HealthPost Store/select_--Select--Schedule 1Inj'

2018-06-10 19:06:39 - [MESSAGE][PASSED] - All options with index in [10] are selected on object 'Object Repository/HealthpostToCms/Page_HealthPost Store/select_--Select--Schedule 1Inj'

2018-06-10 19:06:39 - [TEST_STEP][PASSED] - selectOptionByIndex: All options with index in [2] are selected on object 'Object Repository/HealthpostToCms/Page_HealthPost Store/select_--Select--Adernaline 0.'

2018-06-10 19:06:39 - [MESSAGE][PASSED] - All options with index in [2] are selected on object 'Object Repository/HealthpostToCms/Page_HealthPost Store/select_--Select--Adernaline 0.'

2018-06-10 19:06:39 - [TEST_STEP][PASSED] - setText: Text '100' is set on object 'Object Repository/HealthpostToCms/Page_HealthPost Store/input_txttreat'

2018-06-10 19:06:39 - [MESSAGE][PASSED] - Text '100' is set on object 'Object Repository/HealthpostToCms/Page_HealthPost Store/input_txttreat'

2018-06-10 19:06:39 - [TEST_STEP][PASSED] - click: Object: 'Object Repository/HealthpostToCms/Page_HealthPost Store/button_Add' is clicked on

2018-06-10 19:06:39 - [MESSAGE][PASSED] - Object: 'Object Repository/HealthpostToCms/Page_HealthPost Store/button_Add' is clicked on

2018-06-10 19:06:39 - [TEST_STEP][PASSED] - selectOptionByIndex: All options with index in [10] are selected on object 'Object Repository/HealthpostToCms/Page_HealthPost Store/select_--Select--Schedule 1Inj'

2018-06-10 19:06:40 - [MESSAGE][PASSED] - All options with index in [10] are selected on object 'Object Repository/HealthpostToCms/Page_HealthPost Store/select_--Select--Schedule 1Inj'

2018-06-10 19:06:40 - [TEST_STEP][PASSED] - selectOptionByIndex: All options with index in [3] are selected on object 'Object Repository/HealthpostToCms/Page_HealthPost Store/select_--Select--Adernaline 0.'

2018-06-10 19:06:40 - [MESSAGE][PASSED] - All options with index in [3] are selected on object 'Object Repository/HealthpostToCms/Page_HealthPost Store/select_--Select--Adernaline 0.'

2018-06-10 19:06:40 - [TEST_STEP][PASSED] - setText: Text '100' is set on object 'Object Repository/HealthpostToCms/Page_HealthPost Store/input_txttreat'

2018-06-10 19:06:40 - [MESSAGE][PASSED] - Text '100' is set on object 'Object Repository/HealthpostToCms/Page_HealthPost Store/input_txttreat'

2018-06-10 19:06:40 - [TEST_STEP][PASSED] - click: Object: 'Object Repository/HealthpostToCms/Page_HealthPost Store/button_Add' is clicked on

2018-06-10 19:06:40 - [MESSAGE][PASSED] - Object: 'Object Repository/HealthpostToCms/Page_HealthPost Store/button_Add' is clicked on

2018-06-10 19:06:40 - [TEST_STEP][PASSED] - selectOptionByIndex: All options with index in [10] are selected on object 'Object Repository/HealthpostToCms/Page_HealthPost Store/select_--Select--Schedule 1Inj'

2018-06-10 19:06:40 - [MESSAGE][PASSED] - All options with index in [10] are selected on object 'Object Repository/HealthpostToCms/Page_HealthPost Store/select_--Select--Schedule 1Inj'

2018-06-10 19:06:40 - [TEST_STEP][PASSED] - selectOptionByIndex: All options with index in [4] are selected on object 'Object Repository/HealthpostToCms/Page_HealthPost Store/select_--Select--Adernaline 0.'

2018-06-10 19:06:40 - [MESSAGE][PASSED] - All options with index in [4] are selected on object 'Object Repository/HealthpostToCms/Page_HealthPost Store/select_--Select--Adernaline 0.'

2018-06-10 19:06:40 - [TEST_STEP][PASSED] - setText: Text '100' is set on object 'Object Repository/HealthpostToCms/Page_HealthPost Store/input_txttreat'

2018-06-10 19:06:40 - [MESSAGE][PASSED] - Text '100' is set on object 'Object Repository/HealthpostToCms/Page_HealthPost Store/input_txttreat'

2018-06-10 19:06:40 - [TEST_STEP][PASSED] - click: Object: 'Object Repository/HealthpostToCms/Page_HealthPost Store/button_Add' is clicked on

2018-06-10 19:06:41 - [MESSAGE][PASSED] - Object: 'Object Repository/HealthpostToCms/Page_HealthPost Store/button_Add' is clicked on

2018-06-10 19:06:41 - [TEST_STEP][PASSED] - selectOptionByIndex: All options with index in [10] are selected on object 'Object Repository/HealthpostToCms/Page_HealthPost Store/select_--Select--Schedule 1Inj'

2018-06-10 19:06:41 - [MESSAGE][PASSED] - All options with index in [10] are selected on object 'Object Repository/HealthpostToCms/Page_HealthPost Store/select_--Select--Schedule 1Inj'

2018-06-10 19:06:41 - [TEST_STEP][PASSED] - selectOptionByIndex: All options with index in [5] are selected on object 'Object Repository/HealthpostToCms/Page_HealthPost Store/select_--Select--Adernaline 0.'

2018-06-10 19:06:41 - [MESSAGE][PASSED] - All options with index in [5] are selected on object 'Object Repository/HealthpostToCms/Page_HealthPost Store/select_--Select--Adernaline 0.'

2018-06-10 19:06:41 - [TEST_STEP][PASSED] - setText: Text '100' is set on object 'Object Repository/HealthpostToCms/Page_HealthPost Store/input_txttreat'

2018-06-10 19:06:41 - [MESSAGE][PASSED] - Text '100' is set on object 'Object Repository/HealthpostToCms/Page_HealthPost Store/input_txttreat'

2018-06-10 19:06:41 - [TEST_STEP][PASSED] - click: Object: 'Object Repository/HealthpostToCms/Page_HealthPost Store/button_Add' is clicked on

2018-06-10 19:06:41 - [MESSAGE][PASSED] - Object: 'Object Repository/HealthpostToCms/Page_HealthPost Store/button_Add' is clicked on

2018-06-10 19:06:41 - [TEST_STEP][PASSED] - selectOptionByIndex: All options with index in [10] are selected on object 'Object Repository/HealthpostToCms/Page_HealthPost Store/select_--Select--Schedule 1Inj'

2018-06-10 19:06:41 - [MESSAGE][PASSED] - All options with index in [10] are selected on object 'Object Repository/HealthpostToCms/Page_HealthPost Store/select_--Select--Schedule 1Inj'

2018-06-10 19:06:41 - [TEST_STEP][PASSED] - selectOptionByIndex: All options with index in [6] are selected on object 'Object Repository/HealthpostToCms/Page_HealthPost Store/select_--Select--Adernaline 0.'

2018-06-10 19:06:42 - [MESSAGE][PASSED] - All options with index in [6] are selected on object 'Object Repository/HealthpostToCms/Page_HealthPost Store/select_--Select--Adernaline 0.'

2018-06-10 19:06:42 - [TEST_STEP][PASSED] - setText: Text '100' is set on object 'Object Repository/HealthpostToCms/Page_HealthPost Store/input_txttreat'

2018-06-10 19:06:42 - [MESSAGE][PASSED] - Text '100' is set on object 'Object Repository/HealthpostToCms/Page_HealthPost Store/input_txttreat'

2018-06-10 19:06:42 - [TEST_STEP][PASSED] - click: Object: 'Object Repository/HealthpostToCms/Page_HealthPost Store/button_Add' is clicked on

2018-06-10 19:06:42 - [MESSAGE][PASSED] - Object: 'Object Repository/HealthpostToCms/Page_HealthPost Store/button_Add' is clicked on

2018-06-10 19:06:42 - [TEST_STEP][PASSED] - selectOptionByIndex: All options with index in [10] are selected on object 'Object Repository/HealthpostToCms/Page_HealthPost Store/select_--Select--Schedule 1Inj'

2018-06-10 19:06:42 - [MESSAGE][PASSED] - All options with index in [10] are selected on object 'Object Repository/HealthpostToCms/Page_HealthPost Store/select_--Select--Schedule 1Inj'

2018-06-10 19:06:42 - [TEST_STEP][PASSED] - selectOptionByIndex: All options with index in [7] are selected on object 'Object Repository/HealthpostToCms/Page_HealthPost Store/select_--Select--Adernaline 0.'

2018-06-10 19:06:42 - [MESSAGE][PASSED] - All options with index in [7] are selected on object 'Object Repository/HealthpostToCms/Page_HealthPost Store/select_--Select--Adernaline 0.'

2018-06-10 19:06:42 - [TEST_STEP][PASSED] - setText: Text '100' is set on object 'Object Repository/HealthpostToCms/Page_HealthPost Store/input_txttreat'

2018-06-10 19:06:42 - [MESSAGE][PASSED] - Text '100' is set on object 'Object Repository/HealthpostToCms/Page_HealthPost Store/input_txttreat'

2018-06-10 19:06:42 - [TEST_STEP][PASSED] - click: Object: 'Object Repository/HealthpostToCms/Page_HealthPost Store/button_Add' is clicked on

2018-06-10 19:06:42 - [MESSAGE][PASSED] - Object: 'Object Repository/HealthpostToCms/Page_HealthPost Store/button_Add' is clicked on

2018-06-10 19:06:42 - [TEST_STEP][PASSED] - selectOptionByIndex: All options with index in [10] are selected on object 'Object Repository/HealthpostToCms/Page_HealthPost Store/select_--Select--Schedule 1Inj'

2018-06-10 19:06:42 - [MESSAGE][PASSED] - All options with index in [10] are selected on object 'Object Repository/HealthpostToCms/Page_HealthPost Store/select_--Select--Schedule 1Inj'

2018-06-10 19:06:42 - [TEST_STEP][PASSED] - selectOptionByIndex: All options with index in [8] are selected on object 'Object Repository/HealthpostToCms/Page_HealthPost Store/select_--Select--Adernaline 0.'

2018-06-10 19:06:43 - [MESSAGE][PASSED] - All options with index in [8] are selected on object 'Object Repository/HealthpostToCms/Page_HealthPost Store/select_--Select--Adernaline 0.'

2018-06-10 19:06:43 - [TEST_STEP][PASSED] - setText: Text '100' is set on object 'Object Repository/HealthpostToCms/Page_HealthPost Store/input_txttreat'

2018-06-10 19:06:43 - [MESSAGE][PASSED] - Text '100' is set on object 'Object Repository/HealthpostToCms/Page_HealthPost Store/input_txttreat'

2018-06-10 19:06:43 - [TEST_STEP][PASSED] - click: Object: 'Object Repository/HealthpostToCms/Page_HealthPost Store/button_Add' is clicked on

2018-06-10 19:06:43 - [MESSAGE][PASSED] - Object: 'Object Repository/HealthpostToCms/Page_HealthPost Store/button_Add' is clicked on

2018-06-10 19:06:43 - [TEST_STEP][PASSED] - selectOptionByIndex: All options with index in [10] are selected on object 'Object Repository/HealthpostToCms/Page_HealthPost Store/select_--Select--Schedule 1Inj'

2018-06-10 19:06:43 - [MESSAGE][PASSED] - All options with index in [10] are selected on object 'Object Repository/HealthpostToCms/Page_HealthPost Store/select_--Select--Schedule 1Inj'

2018-06-10 19:06:43 - [TEST_STEP][PASSED] - selectOptionByIndex: All options with index in [9] are selected on object 'Object Repository/HealthpostToCms/Page_HealthPost Store/select_--Select--Adernaline 0.'

2018-06-10 19:06:43 - [MESSAGE][PASSED] - All options with index in [9] are selected on object 'Object Repository/HealthpostToCms/Page_HealthPost Store/select_--Select--Adernaline 0.'

2018-06-10 19:06:43 - [TEST_STEP][PASSED] - setText: Text '100' is set on object 'Object Repository/HealthpostToCms/Page_HealthPost Store/input_txttreat'

2018-06-10 19:06:43 - [MESSAGE][PASSED] - Text '100' is set on object 'Object Repository/HealthpostToCms/Page_HealthPost Store/input_txttreat'

2018-06-10 19:06:43 - [TEST_STEP][PASSED] - click: Object: 'Object Repository/HealthpostToCms/Page_HealthPost Store/button_Add' is clicked on

2018-06-10 19:06:43 - [MESSAGE][PASSED] - Object: 'Object Repository/HealthpostToCms/Page_HealthPost Store/button_Add' is clicked on

2018-06-10 19:06:43 - [TEST_STEP][PASSED] - selectOptionByIndex: All options with index in [10] are selected on object 'Object Repository/HealthpostToCms/Page_HealthPost Store/select_--Select--Schedule 1Inj'

2018-06-10 19:06:44 - [MESSAGE][PASSED] - All options with index in [10] are selected on object 'Object Repository/HealthpostToCms/Page_HealthPost Store/select_--Select--Schedule 1Inj'

2018-06-10 19:06:44 - [TEST_STEP][PASSED] - selectOptionByIndex: All options with index in [10] are selected on object 'Object Repository/HealthpostToCms/Page_HealthPost Store/select_--Select--Adernaline 0.'

2018-06-10 19:06:44 - [MESSAGE][PASSED] - All options with index in [10] are selected on object 'Object Repository/HealthpostToCms/Page_HealthPost Store/select_--Select--Adernaline 0.'

2018-06-10 19:06:44 - [TEST_STEP][PASSED] - setText: Text '100' is set on object 'Object Repository/HealthpostToCms/Page_HealthPost Store/input_txttreat'

2018-06-10 19:06:44 - [MESSAGE][PASSED] - Text '100' is set on object 'Object Repository/HealthpostToCms/Page_HealthPost Store/input_txttreat'

2018-06-10 19:06:44 - [TEST_STEP][PASSED] - click: Object: 'Object Repository/HealthpostToCms/Page_HealthPost Store/button_Add' is clicked on

2018-06-10 19:06:44 - [MESSAGE][PASSED] - Object: 'Object Repository/HealthpostToCms/Page_HealthPost Store/button_Add' is clicked on

2018-06-10 19:06:44 - [TEST_STEP][PASSED] - selectOptionByIndex: All options with index in [10] are selected on object 'Object Repository/HealthpostToCms/Page_HealthPost Store/select_--Select--Schedule 1Inj'

2018-06-10 19:06:44 - [MESSAGE][PASSED] - All options with index in [10] are selected on object 'Object Repository/HealthpostToCms/Page_HealthPost Store/select_--Select--Schedule 1Inj'

2018-06-10 19:06:44 - [TEST_STEP][PASSED] - selectOptionByIndex: All options with index in [11] are selected on object 'Object Repository/HealthpostToCms/Page_HealthPost Store/select_--Select--Adernaline 0.'

2018-06-10 19:06:45 - [MESSAGE][PASSED] - All options with index in [11] are selected on object 'Object Repository/HealthpostToCms/Page_HealthPost Store/select_--Select--Adernaline 0.'

2018-06-10 19:06:45 - [TEST_STEP][PASSED] - setText: Text '100' is set on object 'Object Repository/HealthpostToCms/Page_HealthPost Store/input_txttreat'

2018-06-10 19:06:45 - [MESSAGE][PASSED] - Text '100' is set on object 'Object Repository/HealthpostToCms/Page_HealthPost Store/input_txttreat'

2018-06-10 19:06:45 - [TEST_STEP][PASSED] - click: Object: 'Object Repository/HealthpostToCms/Page_HealthPost Store/button_Add' is clicked on

2018-06-10 19:06:45 - [MESSAGE][PASSED] - Object: 'Object Repository/HealthpostToCms/Page_HealthPost Store/button_Add' is clicked on

2018-06-10 19:06:45 - [TEST_STEP][PASSED] - selectOptionByIndex: All options with index in [10] are selected on object 'Object Repository/HealthpostToCms/Page_HealthPost Store/select_--Select--Schedule 1Inj'

2018-06-10 19:06:45 - [MESSAGE][PASSED] - All options with index in [10] are selected on object 'Object Repository/HealthpostToCms/Page_HealthPost Store/select_--Select--Schedule 1Inj'

2018-06-10 19:06:45 - [TEST_STEP][PASSED] - selectOptionByIndex: All options with index in [12] are selected on object 'Object Repository/HealthpostToCms/Page_HealthPost Store/select_--Select--Adernaline 0.'

2018-06-10 19:06:45 - [MESSAGE][PASSED] - All options with index in [12] are selected on object 'Object Repository/HealthpostToCms/Page_HealthPost Store/select_--Select--Adernaline 0.'

2018-06-10 19:06:45 - [TEST_STEP][PASSED] - setText: Text '100' is set on object 'Object Repository/HealthpostToCms/Page_HealthPost Store/input_txttreat'

2018-06-10 19:06:45 - [MESSAGE][PASSED] - Text '100' is set on object 'Object Repository/HealthpostToCms/Page_HealthPost Store/input_txttreat'

2018-06-10 19:06:45 - [TEST_STEP][PASSED] - click: Object: 'Object Repository/HealthpostToCms/Page_HealthPost Store/button_Add' is clicked on

2018-06-10 19:06:45 - [MESSAGE][PASSED] - Object: 'Object Repository/HealthpostToCms/Page_HealthPost Store/button_Add' is clicked on

2018-06-10 19:06:45 - [TEST_STEP][PASSED] - selectOptionByIndex: All options with index in [10] are selected on object 'Object Repository/HealthpostToCms/Page_HealthPost Store/select_--Select--Schedule 1Inj'

2018-06-10 19:06:46 - [MESSAGE][PASSED] - All options with index in [10] are selected on object 'Object Repository/HealthpostToCms/Page_HealthPost Store/select_--Select--Schedule 1Inj'

2018-06-10 19:06:46 - [TEST_STEP][PASSED] - selectOptionByIndex: All options with index in [13] are selected on object 'Object Repository/HealthpostToCms/Page_HealthPost Store/select_--Select--Adernaline 0.'

2018-06-10 19:06:46 - [MESSAGE][PASSED] - All options with index in [13] are selected on object 'Object Repository/HealthpostToCms/Page_HealthPost Store/select_--Select--Adernaline 0.'

2018-06-10 19:06:46 - [TEST_STEP][PASSED] - setText: Text '100' is set on object 'Object Repository/HealthpostToCms/Page_HealthPost Store/input_txttreat'

2018-06-10 19:06:46 - [MESSAGE][PASSED] - Text '100' is set on object 'Object Repository/HealthpostToCms/Page_HealthPost Store/input_txttreat'

2018-06-10 19:06:46 - [TEST_STEP][PASSED] - click: Object: 'Object Repository/HealthpostToCms/Page_HealthPost Store/button_Add' is clicked on

2018-06-10 19:06:46 - [MESSAGE][PASSED] - Object: 'Object Repository/HealthpostToCms/Page_HealthPost Store/button_Add' is clicked on

2018-06-10 19:06:46 - [TEST_STEP][PASSED] - selectOptionByIndex: All options with index in [10] are selected on object 'Object Repository/HealthpostToCms/Page_HealthPost Store/select_--Select--Schedule 1Inj'

2018-06-10 19:06:46 - [MESSAGE][PASSED] - All options with index in [10] are selected on object 'Object Repository/HealthpostToCms/Page_HealthPost Store/select_--Select--Schedule 1Inj'

2018-06-10 19:06:46 - [TEST_STEP][PASSED] - selectOptionByIndex: All options with index in [14] are selected on object 'Object Repository/HealthpostToCms/Page_HealthPost Store/select_--Select--Adernaline 0.'

2018-06-10 19:06:46 - [MESSAGE][PASSED] - All options with index in [14] are selected on object 'Object Repository/HealthpostToCms/Page_HealthPost Store/select_--Select--Adernaline 0.'

2018-06-10 19:06:46 - [TEST_STEP][PASSED] - setText: Text '100' is set on object 'Object Repository/HealthpostToCms/Page_HealthPost Store/input_txttreat'

2018-06-10 19:06:46 - [MESSAGE][PASSED] - Text '100' is set on object 'Object Repository/HealthpostToCms/Page_HealthPost Store/input_txttreat'

2018-06-10 19:06:46 - [TEST_STEP][PASSED] - click: Object: 'Object Repository/HealthpostToCms/Page_HealthPost Store/button_Add' is clicked on

2018-06-10 19:06:47 - [MESSAGE][PASSED] - Object: 'Object Repository/HealthpostToCms/Page_HealthPost Store/button_Add' is clicked on

2018-06-10 19:06:47 - [TEST_STEP][PASSED] - selectOptionByIndex: All options with index in [10] are selected on object 'Object Repository/HealthpostToCms/Page_HealthPost Store/select_--Select--Schedule 1Inj'

2018-06-10 19:06:47 - [MESSAGE][PASSED] - All options with index in [10] are selected on object 'Object Repository/HealthpostToCms/Page_HealthPost Store/select_--Select--Schedule 1Inj'

2018-06-10 19:06:47 - [TEST_STEP][PASSED] - selectOptionByIndex: All options with index in [15] are selected on object 'Object Repository/HealthpostToCms/Page_HealthPost Store/select_--Select--Adernaline 0.'

2018-06-10 19:06:47 - [MESSAGE][PASSED] - All options with index in [15] are selected on object 'Object Repository/HealthpostToCms/Page_HealthPost Store/select_--Select--Adernaline 0.'

2018-06-10 19:06:47 - [TEST_STEP][PASSED] - setText: Text '100' is set on object 'Object Repository/HealthpostToCms/Page_HealthPost Store/input_txttreat'

2018-06-10 19:06:47 - [MESSAGE][PASSED] - Text '100' is set on object 'Object Repository/HealthpostToCms/Page_HealthPost Store/input_txttreat'

2018-06-10 19:06:47 - [TEST_STEP][PASSED] - click: Object: 'Object Repository/HealthpostToCms/Page_HealthPost Store/button_Add' is clicked on

2018-06-10 19:06:47 - [MESSAGE][PASSED] - Object: 'Object Repository/HealthpostToCms/Page_HealthPost Store/button_Add' is clicked on

2018-06-10 19:06:47 - [TEST_STEP][PASSED] - selectOptionByIndex: All options with index in [10] are selected on object 'Object Repository/HealthpostToCms/Page_HealthPost Store/select_--Select--Schedule 1Inj'

2018-06-10 19:06:47 - [MESSAGE][PASSED] - All options with index in [10] are selected on object 'Object Repository/HealthpostToCms/Page_HealthPost Store/select_--Select--Schedule 1Inj'

2018-06-10 19:06:47 - [TEST_STEP][PASSED] - selectOptionByIndex: All options with index in [16] are selected on object 'Object Repository/HealthpostToCms/Page_HealthPost Store/select_--Select--Adernaline 0.'

2018-06-10 19:06:48 - [MESSAGE][PASSED] - All options with index in [16] are selected on object 'Object Repository/HealthpostToCms/Page_HealthPost Store/select_--Select--Adernaline 0.'

2018-06-10 19:06:48 - [TEST_STEP][PASSED] - setText: Text '100' is set on object 'Object Repository/HealthpostToCms/Page_HealthPost Store/input_txttreat'

2018-06-10 19:06:48 - [MESSAGE][PASSED] - Text '100' is set on object 'Object Repository/HealthpostToCms/Page_HealthPost Store/input_txttreat'

2018-06-10 19:06:48 - [TEST_STEP][PASSED] - click: Object: 'Object Repository/HealthpostToCms/Page_HealthPost Store/button_Add' is clicked on

2018-06-10 19:06:48 - [MESSAGE][PASSED] - Object: 'Object Repository/HealthpostToCms/Page_HealthPost Store/button_Add' is clicked on

2018-06-10 19:06:48 - [TEST_STEP][PASSED] - selectOptionByIndex: All options with index in [10] are selected on object 'Object Repository/HealthpostToCms/Page_HealthPost Store/select_--Select--Schedule 1Inj'

2018-06-10 19:06:48 - [MESSAGE][PASSED] - All options with index in [10] are selected on object 'Object Repository/HealthpostToCms/Page_HealthPost Store/select_--Select--Schedule 1Inj'

2018-06-10 19:06:48 - [TEST_STEP][PASSED] - selectOptionByIndex: All options with index in [17] are selected on object 'Object Repository/HealthpostToCms/Page_HealthPost Store/select_--Select--Adernaline 0.'

2018-06-10 19:06:48 - [MESSAGE][PASSED] - All options with index in [17] are selected on object 'Object Repository/HealthpostToCms/Page_HealthPost Store/select_--Select--Adernaline 0.'

2018-06-10 19:06:48 - [TEST_STEP][PASSED] - setText: Text '100' is set on object 'Object Repository/HealthpostToCms/Page_HealthPost Store/input_txttreat'

2018-06-10 19:06:48 - [MESSAGE][PASSED] - Text '100' is set on object 'Object Repository/HealthpostToCms/Page_HealthPost Store/input_txttreat'

2018-06-10 19:06:48 - [TEST_STEP][PASSED] - click: Object: 'Object Repository/HealthpostToCms/Page_HealthPost Store/button_Add' is clicked on

2018-06-10 19:06:49 - [MESSAGE][PASSED] - Object: 'Object Repository/HealthpostToCms/Page_HealthPost Store/button_Add' is clicked on

2018-06-10 19:06:49 - [TEST_STEP][PASSED] - selectOptionByIndex: All options with index in [10] are selected on object 'Object Repository/HealthpostToCms/Page_HealthPost Store/select_--Select--Schedule 1Inj'

2018-06-10 19:06:49 - [MESSAGE][PASSED] - All options with index in [10] are selected on object 'Object Repository/HealthpostToCms/Page_HealthPost Store/select_--Select--Schedule 1Inj'

2018-06-10 19:06:49 - [TEST_STEP][PASSED] - selectOptionByIndex: All options with index in [18] are selected on object 'Object Repository/HealthpostToCms/Page_HealthPost Store/select_--Select--Adernaline 0.'

2018-06-10 19:06:49 - [MESSAGE][PASSED] - All options with index in [18] are selected on object 'Object Repository/HealthpostToCms/Page_HealthPost Store/select_--Select--Adernaline 0.'

2018-06-10 19:06:49 - [TEST_STEP][PASSED] - setText: Text '100' is set on object 'Object Repository/HealthpostToCms/Page_HealthPost Store/input_txttreat'

2018-06-10 19:06:49 - [MESSAGE][PASSED] - Text '100' is set on object 'Object Repository/HealthpostToCms/Page_HealthPost Store/input_txttreat'

2018-06-10 19:06:49 - [TEST_STEP][PASSED] - click: Object: 'Object Repository/HealthpostToCms/Page_HealthPost Store/button_Add' is clicked on

2018-06-10 19:06:49 - [MESSAGE][PASSED] - Object: 'Object Repository/HealthpostToCms/Page_HealthPost Store/button_Add' is clicked on

2018-06-10 19:06:49 - [TEST_STEP][PASSED] - scrollToElement: Scroll to object 'Object Repository/HealthpostToCms/Page_HealthPost Store/input_btnsave' successfully

2018-06-10 19:06:49 - [MESSAGE][PASSED] - Scroll to object 'Object Repository/HealthpostToCms/Page_HealthPost Store/input_btnsave' successfully

2018-06-10 19:06:49 - [TEST_STEP][PASSED] - click: Object: 'Object Repository/HealthpostToCms/Page_HealthPost Store/input_btnsave' is clicked on

2018-06-10 19:06:49 - [MESSAGE][PASSED] - Object: 'Object Repository/HealthpostToCms/Page_HealthPost Store/input_btnsave' is clicked on

2018-06-10 19:06:49 - [TEST_STEP][PASSED] - delay: Delayed 3 second(s)

2018-06-10 19:06:52 - [MESSAGE][PASSED] - Delayed 3 second(s)

2018-06-10 19:06:52 - [TEST_STEP][PASSED] - Statement - RN1 = com.kms.katalon.core.webui.keyword.WebUiBuiltInKeywords.getText(com.kms.katalon.core.testobject.ObjectRepository.findTestObject(HealthpostToCms/Page_HealthPost Store/font_PRNO18052018174)): Text of object 'Object Repository/HealthpostToCms/Page_HealthPost Store/font_PRNO18052018174' is: 'PRNO/10062018/807'

2018-06-10 19:06:52 - [MESSAGE][PASSED] - Text of object 'Object Repository/HealthpostToCms/Page_HealthPost Store/font_PRNO18052018174' is: 'PRNO/10062018/807'

2018-06-10 19:06:52 - [TEST_STEP][PASSED] - Statement - out.println(RN1): null

2018-06-10 19:06:52 - [TEST_STEP][PASSED] - Statement - RID = RN1.split("/")[2]: null

2018-06-10 19:06:52 - [TEST_STEP][PASSED] - click: Object: 'Object Repository/HealthpostToCms/Page_HealthPost Store/button_OK' is clicked on

2018-06-10 19:06:53 - [MESSAGE][PASSED] - Object: 'Object Repository/HealthpostToCms/Page_HealthPost Store/button_OK' is clicked on

2018-06-10 19:06:53 - [TEST_STEP][PASSED] - delay: Delayed 3 second(s)

2018-06-10 19:06:56 - [MESSAGE][PASSED] - Delayed 3 second(s)

2018-06-10 19:06:56 - [TEST_STEP][PASSED] - click: Object: 'Object Repository/HealthpostToCms/Page_HealthPost Store/a_dropdown-toggle' is clicked on

2018-06-10 19:06:56 - [MESSAGE][PASSED] - Object: 'Object Repository/HealthpostToCms/Page_HealthPost Store/a_dropdown-toggle' is clicked on

2018-06-10 19:06:56 - [TEST_STEP][PASSED] - click: Object: 'Object Repository/HealthpostToCms/Page_HealthPost Store/a_Sign out' is clicked on

2018-06-10 19:06:57 - [MESSAGE][PASSED] - Object: 'Object Repository/HealthpostToCms/Page_HealthPost Store/a_Sign out' is clicked on

2018-06-10 19:06:57 - [TEST_STEP][PASSED] - delay: Delayed 3 second(s)

2018-06-10 19:07:00 - [MESSAGE][PASSED] - Delayed 3 second(s)

2018-06-10 19:07:00 - [TEST_STEP][PASSED] - navigateToUrl: Navigate to 'http://192.168.137.1/multihospital_new/' successfully

2018-06-10 19:07:00 - [MESSAGE][PASSED] - Navigate to 'http://192.168.137.1/multihospital_new/' successfully

2018-06-10 19:07:00 - [TEST_STEP][PASSED] - click: Object: 'Object Repository/HealthpostToCms/Page_KDMC/a_CMO' is clicked on

2018-06-10 19:07:01 - [MESSAGE][PASSED] - Object: 'Object Repository/HealthpostToCms/Page_KDMC/a_CMO' is clicked on

2018-06-10 19:07:01 - [TEST_STEP][PASSED] - setText: Text 'guru' is set on object 'Object Repository/HealthpostToCms/Page_CMO login/input_txtusername'

2018-06-10 19:07:01 - [MESSAGE][PASSED] - Text 'guru' is set on object 'Object Repository/HealthpostToCms/Page_CMO login/input_txtusername'

2018-06-10 19:07:01 - [TEST_STEP][PASSED] - setText: Text '123' is set on object 'Object Repository/HealthpostToCms/Page_CMO login/input_txtpassword'

2018-06-10 19:07:01 - [MESSAGE][PASSED] - Text '123' is set on object 'Object Repository/HealthpostToCms/Page_CMO login/input_txtpassword'

2018-06-10 19:07:01 - [TEST_STEP][PASSED] - delay: Delayed 3 second(s)

2018-06-10 19:07:04 - [MESSAGE][PASSED] - Delayed 3 second(s)

2018-06-10 19:07:04 - [TEST_STEP][PASSED] - click: Object: 'Object Repository/HealthpostToCms/Page_CMO login/button_Sign in' is clicked on

2018-06-10 19:07:05 - [MESSAGE][PASSED] - Object: 'Object Repository/HealthpostToCms/Page_CMO login/button_Sign in' is clicked on

2018-06-10 19:07:05 - [TEST_STEP][PASSED] - delay: Delayed 3 second(s)

2018-06-10 19:07:08 - [MESSAGE][PASSED] - Delayed 3 second(s)

2018-06-10 19:07:08 - [TEST_STEP][PASSED] - click: Object: 'Object Repository/HealthpostToCms/Page_KDMC - CMO/a_CMS Request' is clicked on

2018-06-10 19:07:08 - [MESSAGE][PASSED] - Object: 'Object Repository/HealthpostToCms/Page_KDMC - CMO/a_CMS Request' is clicked on

2018-06-10 19:07:08 - [TEST_STEP][PASSED] - delay: Delayed 2 second(s)

2018-06-10 19:07:10 - [MESSAGE][PASSED] - Delayed 2 second(s)

2018-06-10 19:07:10 - [TEST_STEP][PASSED] - click: Object: 'Object Repository/HealthpostToCms/Page_KDMC - CMO/a_Healthpost Store Request' is clicked on

2018-06-10 19:07:11 - [MESSAGE][PASSED] - Object: 'Object Repository/HealthpostToCms/Page_KDMC - CMO/a_Healthpost Store Request' is clicked on

2018-06-10 19:07:11 - [TEST_STEP][PASSED] - selectOptionByIndex: All options with index in [1] are selected on object 'Object Repository/HealthpostToCms/Page_KDMC - CMO/select_--ALL--'

2018-06-10 19:07:11 - [MESSAGE][PASSED] - All options with index in [1] are selected on object 'Object Repository/HealthpostToCms/Page_KDMC - CMO/select_--ALL--'

2018-06-10 19:07:11 - [TEST_STEP][PASSED] - click: Object: 'Object Repository/HealthpostToCms/Page_KDMC - CMO/input_btnsearch' is clicked on

2018-06-10 19:07:11 - [MESSAGE][PASSED] - Object: 'Object Repository/HealthpostToCms/Page_KDMC - CMO/input_btnsearch' is clicked on

2018-06-10 19:07:11 - [TEST_STEP][PASSED] - Statement - ID = com.kms.katalon.core.webui.keyword.WebUiBuiltInKeywords.modifyObjectProperty(com.kms.katalon.core.testobject.ObjectRepository.findTestObject(lab/Page_KDMC - CMO/input_1), "xpath", "equals", "//*[@id=" + RID + "]", true): Modify property of object successfully

2018-06-10 19:07:11 - [MESSAGE][PASSED] - Modify property of object successfully

2018-06-10 19:07:11 - [TEST_STEP][PASSED] - click: Object: 'Object Repository/lab/Page_KDMC - CMO/input_1' is clicked on

2018-06-10 19:07:12 - [MESSAGE][PASSED] - Object: 'Object Repository/lab/Page_KDMC - CMO/input_1' is clicked on

2018-06-10 19:07:12 - [TEST_STEP][PASSED] - delay: Delayed 2 second(s)

2018-06-10 19:07:14 - [MESSAGE][PASSED] - Delayed 2 second(s)

2018-06-10 19:07:14 - [TEST_STEP][PASSED] - selectOptionByIndex: All options with index in [1] are selected on object 'Object Repository/HealthpostToCms/Page_KDMC - CMO/select_--Select--'

2018-06-10 19:07:14 - [MESSAGE][PASSED] - All options with index in [1] are selected on object 'Object Repository/HealthpostToCms/Page_KDMC - CMO/select_--Select--'

2018-06-10 19:07:14 - [TEST_STEP][PASSED] - click: Object: 'Object Repository/HealthpostToCms/Page_KDMC - CMO/input_btnupdate' is clicked on

2018-06-10 19:07:14 - [MESSAGE][PASSED] - Object: 'Object Repository/HealthpostToCms/Page_KDMC - CMO/input_btnupdate' is clicked on

2018-06-10 19:07:14 - [TEST_STEP][PASSED] - delay: Delayed 2 second(s)

2018-06-10 19:07:16 - [MESSAGE][PASSED] - Delayed 2 second(s)

2018-06-10 19:07:16 - [TEST_STEP][PASSED] - click: Object: 'Object Repository/HealthpostToCms/Page_KDMC - CMO/button_OK' is clicked on

2018-06-10 19:07:16 - [MESSAGE][PASSED] - Object: 'Object Repository/HealthpostToCms/Page_KDMC - CMO/button_OK' is clicked on

2018-06-10 19:07:16 - [TEST_STEP][PASSED] - delay: Delayed 3 second(s)

2018-06-10 19:07:19 - [MESSAGE][PASSED] - Delayed 3 second(s)

2018-06-10 19:07:19 - [TEST_STEP][PASSED] - click: Object: 'Object Repository/HealthpostToCms/Page_KDMC - CMO/a_dropdown-toggle' is clicked on

2018-06-10 19:07:20 - [MESSAGE][PASSED] - Object: 'Object Repository/HealthpostToCms/Page_KDMC - CMO/a_dropdown-toggle' is clicked on

2018-06-10 19:07:20 - [TEST_STEP][PASSED] - click: Object: 'Object Repository/HealthpostToCms/Page_KDMC - CMO/a_Sign out' is clicked on

2018-06-10 19:07:20 - [MESSAGE][PASSED] - Object: 'Object Repository/HealthpostToCms/Page_KDMC - CMO/a_Sign out' is clicked on

2018-06-10 19:07:20 - [TEST_STEP][PASSED] - delay: Delayed 3 second(s)

2018-06-10 19:07:23 - [MESSAGE][PASSED] - Delayed 3 second(s)

2018-06-10 19:07:23 - [TEST_STEP][PASSED] - click: Object: 'Object Repository/HealthpostToCms/Page_KDMC/a_CMS' is clicked on

2018-06-10 19:07:23 - [MESSAGE][PASSED] - Object: 'Object Repository/HealthpostToCms/Page_KDMC/a_CMS' is clicked on

2018-06-10 19:07:23 - [TEST_STEP][PASSED] - setText: Text 'bala' is set on object 'Object Repository/HealthpostToCms/Page_CMS login/input_txtusername'

2018-06-10 19:07:24 - [MESSAGE][PASSED] - Text 'bala' is set on object 'Object Repository/HealthpostToCms/Page_CMS login/input_txtusername'

2018-06-10 19:07:24 - [TEST_STEP][PASSED] - setText: Text '123' is set on object 'Object Repository/HealthpostToCms/Page_CMS login/input_txtpassword'

2018-06-10 19:07:24 - [MESSAGE][PASSED] - Text '123' is set on object 'Object Repository/HealthpostToCms/Page_CMS login/input_txtpassword'

2018-06-10 19:07:24 - [TEST_STEP][PASSED] - delay: Delayed 3 second(s)

2018-06-10 19:07:27 - [MESSAGE][PASSED] - Delayed 3 second(s)

2018-06-10 19:07:27 - [TEST_STEP][PASSED] - click: Object: 'Object Repository/HealthpostToCms/Page_CMS login/button_Sign in' is clicked on

2018-06-10 19:07:27 - [MESSAGE][PASSED] - Object: 'Object Repository/HealthpostToCms/Page_CMS login/button_Sign in' is clicked on

2018-06-10 19:07:27 - [TEST_STEP][PASSED] - delay: Delayed 3 second(s)

2018-06-10 19:07:30 - [MESSAGE][PASSED] - Delayed 3 second(s)

2018-06-10 19:07:30 - [TEST_STEP][PASSED] - click: Object: 'Object Repository/HealthpostToCms/Page_KDMC - CMS/a_Divisional Store' is clicked on

2018-06-10 19:07:30 - [MESSAGE][PASSED] - Object: 'Object Repository/HealthpostToCms/Page_KDMC - CMS/a_Divisional Store' is clicked on

2018-06-10 19:07:30 - [TEST_STEP][PASSED] - delay: Delayed 2 second(s)

2018-06-10 19:07:32 - [MESSAGE][PASSED] - Delayed 2 second(s)

2018-06-10 19:07:32 - [TEST_STEP][PASSED] - click: Object: 'Object Repository/HealthpostToCms/Page_KDMC - CMS/a_Dispatch Items' is clicked on

2018-06-10 19:07:33 - [MESSAGE][PASSED] - Object: 'Object Repository/HealthpostToCms/Page_KDMC - CMS/a_Dispatch Items' is clicked on

2018-06-10 19:07:33 - [TEST_STEP][PASSED] - delay: Delayed 2 second(s)

2018-06-10 19:07:35 - [MESSAGE][PASSED] - Delayed 2 second(s)

2018-06-10 19:07:35 - [TEST_STEP][PASSED] - setText: Text 'PRNO/10062018/807' is set on object 'Object Repository/HealthpostToCms/Page_KDMC - CMS/input'

2018-06-10 19:07:36 - [MESSAGE][PASSED] - Text 'PRNO/10062018/807' is set on object 'Object Repository/HealthpostToCms/Page_KDMC - CMS/input'

2018-06-10 19:07:36 - [TEST_STEP][PASSED] - click: Object: 'Object Repository/HealthpostToCms/Page_KDMC - CMS/input_PRNO18052018174' is clicked on

2018-06-10 19:07:36 - [MESSAGE][PASSED] - Object: 'Object Repository/HealthpostToCms/Page_KDMC - CMS/input_PRNO18052018174' is clicked on

2018-06-10 19:07:36 - [TEST_STEP][PASSED] - delay: Delayed 3 second(s)

2018-06-10 19:07:39 - [MESSAGE][PASSED] - Delayed 3 second(s)

2018-06-10 19:07:39 - [TEST_STEP][PASSED] - Statement - out.println("Length : " + medicineslength): null

2018-06-10 19:07:39 - [TEST_STEP][PASSED] - Statement - For ([row = 0, row < medicineslength - 1, (row++)]): null

2018-06-10 19:07:39 - [TEST_STEP][PASSED] - Statement - batchlength = new com.kms.katalon.core.testobject.TestObject(): null

2018-06-10 19:07:39 - [TEST_STEP][PASSED] - Statement - batchlength = com.kms.katalon.core.webui.keyword.WebUiBuiltInKeywords.modifyObjectProperty(batchlength, "xpath", "equals", "//*[@id = "fldvendor" + row + ""]", true): Modify property of object successfully

2018-06-10 19:07:39 - [MESSAGE][PASSED] - Modify property of object successfully

2018-06-10 19:07:39 - [TEST_STEP][PASSED] - Statement - batchsize = com.kms.katalon.core.webui.keyword.WebUiBuiltInKeywords.getNumberOfTotalOption(batchlength): 10 options of object '' counted

2018-06-10 19:07:39 - [MESSAGE][PASSED] - 10 options of object '' counted

2018-06-10 19:07:39 - [TEST_STEP][PASSED] - Statement - out.println("BatchSize : " + batchsize): null

2018-06-10 19:07:39 - [TEST_STEP][PASSED] - Statement - For ([n = 1, n <= batchsize - 1, (n++)]): null

2018-06-10 19:07:39 - [TEST_STEP][PASSED] - Statement - product = new com.kms.katalon.core.testobject.TestObject(): null

2018-06-10 19:07:39 - [TEST_STEP][PASSED] - Statement - product = com.kms.katalon.core.webui.keyword.WebUiBuiltInKeywords.modifyObjectProperty(product, "xpath", "equals", "//*[@id = "fldvendor" + row + ""]", true): Modify property of object successfully

2018-06-10 19:07:39 - [MESSAGE][PASSED] - Modify property of object successfully

2018-06-10 19:07:39 - [TEST_STEP][PASSED] - selectOptionByIndex: All options with index in [1] are selected on object ''

2018-06-10 19:07:39 - [MESSAGE][PASSED] - All options with index in [1] are selected on object ''

2018-06-10 19:07:39 - [TEST_STEP][PASSED] - Statement - batch = new com.kms.katalon.core.testobject.TestObject(): null

2018-06-10 19:07:39 - [TEST_STEP][PASSED] - Statement - batch = com.kms.katalon.core.webui.keyword.WebUiBuiltInKeywords.modifyObjectProperty(batch, "xpath", "equals", "//*[@id = "txtbthqty" + row + ""]", true): Modify property of object successfully

2018-06-10 19:07:39 - [MESSAGE][PASSED] - Modify property of object successfully

2018-06-10 19:07:39 - [TEST_STEP][PASSED] - Statement - batchqty = com.kms.katalon.core.webui.keyword.WebUiBuiltInKeywords.getAttribute(batch, "value").trim(): Attribute 'value' of object '' is: '46500'

2018-06-10 19:07:39 - [MESSAGE][PASSED] - Attribute 'value' of object '' is: '46500'

2018-06-10 19:07:39 - [TEST_STEP][PASSED] - Statement - Rqty = 100: null

2018-06-10 19:07:39 - [TEST_STEP][PASSED] - delay: Delayed 2 second(s)

2018-06-10 19:07:41 - [MESSAGE][PASSED] - Delayed 2 second(s)

2018-06-10 19:07:41 - [TEST_STEP][PASSED] - Statement - out.println("BatchQty : " + batchqty): null

2018-06-10 19:07:41 - [TEST_STEP][PASSED] - Statement - out.println("RQty : " + Rqty): null

2018-06-10 19:07:41 - [TEST_STEP][PASSED] - Statement - If (java.lang.Integer.valueOf(batchqty) >= java.lang.Integer.valueOf(Rqty)): null

2018-06-10 19:07:41 - [TEST_STEP][PASSED] - Statement - Break: null

2018-06-10 19:07:41 - [TEST_STEP][PASSED] - Statement - batchlength = new com.kms.katalon.core.testobject.TestObject(): null

2018-06-10 19:07:41 - [TEST_STEP][PASSED] - Statement - batchlength = com.kms.katalon.core.webui.keyword.WebUiBuiltInKeywords.modifyObjectProperty(batchlength, "xpath", "equals", "//*[@id = "fldvendor" + row + ""]", true): Modify property of object successfully

2018-06-10 19:07:41 - [MESSAGE][PASSED] - Modify property of object successfully

2018-06-10 19:07:41 - [TEST_STEP][PASSED] - Statement - batchsize = com.kms.katalon.core.webui.keyword.WebUiBuiltInKeywords.getNumberOfTotalOption(batchlength): 10 options of object '' counted

2018-06-10 19:07:41 - [MESSAGE][PASSED] - 10 options of object '' counted

2018-06-10 19:07:41 - [TEST_STEP][PASSED] - Statement - out.println("BatchSize : " + batchsize): null

2018-06-10 19:07:41 - [TEST_STEP][PASSED] - Statement - For ([n = 1, n <= batchsize - 1, (n++)]): null

2018-06-10 19:07:41 - [TEST_STEP][PASSED] - Statement - product = new com.kms.katalon.core.testobject.TestObject(): null

2018-06-10 19:07:41 - [TEST_STEP][PASSED] - Statement - product = com.kms.katalon.core.webui.keyword.WebUiBuiltInKeywords.modifyObjectProperty(product, "xpath", "equals", "//*[@id = "fldvendor" + row + ""]", true): Modify property of object successfully

2018-06-10 19:07:41 - [MESSAGE][PASSED] - Modify property of object successfully

2018-06-10 19:07:41 - [TEST_STEP][PASSED] - selectOptionByIndex: All options with index in [1] are selected on object ''

2018-06-10 19:07:41 - [MESSAGE][PASSED] - All options with index in [1] are selected on object ''

2018-06-10 19:07:41 - [TEST_STEP][PASSED] - Statement - batch = new com.kms.katalon.core.testobject.TestObject(): null

2018-06-10 19:07:41 - [TEST_STEP][PASSED] - Statement - batch = com.kms.katalon.core.webui.keyword.WebUiBuiltInKeywords.modifyObjectProperty(batch, "xpath", "equals", "//*[@id = "txtbthqty" + row + ""]", true): Modify property of object successfully

2018-06-10 19:07:41 - [MESSAGE][PASSED] - Modify property of object successfully

2018-06-10 19:07:41 - [TEST_STEP][PASSED] - Statement - batchqty = com.kms.katalon.core.webui.keyword.WebUiBuiltInKeywords.getAttribute(batch, "value").trim(): Attribute 'value' of object '' is: '1500'

2018-06-10 19:07:41 - [MESSAGE][PASSED] - Attribute 'value' of object '' is: '1500'

2018-06-10 19:07:41 - [TEST_STEP][PASSED] - Statement - Rqty = 100: null

2018-06-10 19:07:41 - [TEST_STEP][PASSED] - delay: Delayed 2 second(s)

2018-06-10 19:07:43 - [MESSAGE][PASSED] - Delayed 2 second(s)

2018-06-10 19:07:43 - [TEST_STEP][PASSED] - Statement - out.println("BatchQty : " + batchqty): null

2018-06-10 19:07:43 - [TEST_STEP][PASSED] - Statement - out.println("RQty : " + Rqty): null

2018-06-10 19:07:43 - [TEST_STEP][PASSED] - Statement - If (java.lang.Integer.valueOf(batchqty) >= java.lang.Integer.valueOf(Rqty)): null

2018-06-10 19:07:43 - [TEST_STEP][PASSED] - Statement - Break: null

2018-06-10 19:07:43 - [TEST_STEP][PASSED] - Statement - batchlength = new com.kms.katalon.core.testobject.TestObject(): null

2018-06-10 19:07:43 - [TEST_STEP][PASSED] - Statement - batchlength = com.kms.katalon.core.webui.keyword.WebUiBuiltInKeywords.modifyObjectProperty(batchlength, "xpath", "equals", "//*[@id = "fldvendor" + row + ""]", true): Modify property of object successfully

2018-06-10 19:07:43 - [MESSAGE][PASSED] - Modify property of object successfully

2018-06-10 19:07:43 - [TEST_STEP][PASSED] - Statement - batchsize = com.kms.katalon.core.webui.keyword.WebUiBuiltInKeywords.getNumberOfTotalOption(batchlength): 10 options of object '' counted

2018-06-10 19:07:43 - [MESSAGE][PASSED] - 10 options of object '' counted

2018-06-10 19:07:43 - [TEST_STEP][PASSED] - Statement - out.println("BatchSize : " + batchsize): null

2018-06-10 19:07:43 - [TEST_STEP][PASSED] - Statement - For ([n = 1, n <= batchsize - 1, (n++)]): null

2018-06-10 19:07:43 - [TEST_STEP][PASSED] - Statement - product = new com.kms.katalon.core.testobject.TestObject(): null

2018-06-10 19:07:43 - [TEST_STEP][PASSED] - Statement - product = com.kms.katalon.core.webui.keyword.WebUiBuiltInKeywords.modifyObjectProperty(product, "xpath", "equals", "//*[@id = "fldvendor" + row + ""]", true): Modify property of object successfully

2018-06-10 19:07:43 - [MESSAGE][PASSED] - Modify property of object successfully

2018-06-10 19:07:43 - [TEST_STEP][PASSED] - selectOptionByIndex: All options with index in [1] are selected on object ''

2018-06-10 19:07:43 - [MESSAGE][PASSED] - All options with index in [1] are selected on object ''

2018-06-10 19:07:43 - [TEST_STEP][PASSED] - Statement - batch = new com.kms.katalon.core.testobject.TestObject(): null

2018-06-10 19:07:43 - [TEST_STEP][PASSED] - Statement - batch = com.kms.katalon.core.webui.keyword.WebUiBuiltInKeywords.modifyObjectProperty(batch, "xpath", "equals", "//*[@id = "txtbthqty" + row + ""]", true): Modify property of object successfully

2018-06-10 19:07:43 - [MESSAGE][PASSED] - Modify property of object successfully

2018-06-10 19:07:43 - [TEST_STEP][PASSED] - Statement - batchqty = com.kms.katalon.core.webui.keyword.WebUiBuiltInKeywords.getAttribute(batch, "value").trim(): Attribute 'value' of object '' is: '2400'

2018-06-10 19:07:43 - [MESSAGE][PASSED] - Attribute 'value' of object '' is: '2400'

2018-06-10 19:07:43 - [TEST_STEP][PASSED] - Statement - Rqty = 100: null

2018-06-10 19:07:43 - [TEST_STEP][PASSED] - delay: Delayed 2 second(s)

2018-06-10 19:07:45 - [MESSAGE][PASSED] - Delayed 2 second(s)

2018-06-10 19:07:45 - [TEST_STEP][PASSED] - Statement - out.println("BatchQty : " + batchqty): null

2018-06-10 19:07:45 - [TEST_STEP][PASSED] - Statement - out.println("RQty : " + Rqty): null

2018-06-10 19:07:45 - [TEST_STEP][PASSED] - Statement - If (java.lang.Integer.valueOf(batchqty) >= java.lang.Integer.valueOf(Rqty)): null

2018-06-10 19:07:45 - [TEST_STEP][PASSED] - Statement - Break: null

2018-06-10 19:07:45 - [TEST_STEP][PASSED] - Statement - batchlength = new com.kms.katalon.core.testobject.TestObject(): null

2018-06-10 19:07:45 - [TEST_STEP][PASSED] - Statement - batchlength = com.kms.katalon.core.webui.keyword.WebUiBuiltInKeywords.modifyObjectProperty(batchlength, "xpath", "equals", "//*[@id = "fldvendor" + row + ""]", true): Modify property of object successfully

2018-06-10 19:07:45 - [MESSAGE][PASSED] - Modify property of object successfully

2018-06-10 19:07:45 - [TEST_STEP][PASSED] - Statement - batchsize = com.kms.katalon.core.webui.keyword.WebUiBuiltInKeywords.getNumberOfTotalOption(batchlength): 10 options of object '' counted

2018-06-10 19:07:45 - [MESSAGE][PASSED] - 10 options of object '' counted

2018-06-10 19:07:45 - [TEST_STEP][PASSED] - Statement - out.println("BatchSize : " + batchsize): null

2018-06-10 19:07:45 - [TEST_STEP][PASSED] - Statement - For ([n = 1, n <= batchsize - 1, (n++)]): null

2018-06-10 19:07:45 - [TEST_STEP][PASSED] - Statement - product = new com.kms.katalon.core.testobject.TestObject(): null

2018-06-10 19:07:45 - [TEST_STEP][PASSED] - Statement - product = com.kms.katalon.core.webui.keyword.WebUiBuiltInKeywords.modifyObjectProperty(product, "xpath", "equals", "//*[@id = "fldvendor" + row + ""]", true): Modify property of object successfully

2018-06-10 19:07:45 - [MESSAGE][PASSED] - Modify property of object successfully

2018-06-10 19:07:45 - [TEST_STEP][PASSED] - selectOptionByIndex: All options with index in [1] are selected on object ''

2018-06-10 19:07:46 - [MESSAGE][PASSED] - All options with index in [1] are selected on object ''

2018-06-10 19:07:46 - [TEST_STEP][PASSED] - Statement - batch = new com.kms.katalon.core.testobject.TestObject(): null

2018-06-10 19:07:46 - [TEST_STEP][PASSED] - Statement - batch = com.kms.katalon.core.webui.keyword.WebUiBuiltInKeywords.modifyObjectProperty(batch, "xpath", "equals", "//*[@id = "txtbthqty" + row + ""]", true): Modify property of object successfully

2018-06-10 19:07:46 - [MESSAGE][PASSED] - Modify property of object successfully

2018-06-10 19:07:46 - [TEST_STEP][PASSED] - Statement - batchqty = com.kms.katalon.core.webui.keyword.WebUiBuiltInKeywords.getAttribute(batch, "value").trim(): Attribute 'value' of object '' is: '46400'

2018-06-10 19:07:46 - [MESSAGE][PASSED] - Attribute 'value' of object '' is: '46400'

2018-06-10 19:07:46 - [TEST_STEP][PASSED] - Statement - Rqty = 100: null

2018-06-10 19:07:46 - [TEST_STEP][PASSED] - delay: Delayed 2 second(s)

2018-06-10 19:07:48 - [MESSAGE][PASSED] - Delayed 2 second(s)

2018-06-10 19:07:48 - [TEST_STEP][PASSED] - Statement - out.println("BatchQty : " + batchqty): null

2018-06-10 19:07:48 - [TEST_STEP][PASSED] - Statement - out.println("RQty : " + Rqty): null

2018-06-10 19:07:48 - [TEST_STEP][PASSED] - Statement - If (java.lang.Integer.valueOf(batchqty) >= java.lang.Integer.valueOf(Rqty)): null

2018-06-10 19:07:48 - [TEST_STEP][PASSED] - Statement - Break: null

2018-06-10 19:07:48 - [TEST_STEP][PASSED] - Statement - batchlength = new com.kms.katalon.core.testobject.TestObject(): null

2018-06-10 19:07:48 - [TEST_STEP][PASSED] - Statement - batchlength = com.kms.katalon.core.webui.keyword.WebUiBuiltInKeywords.modifyObjectProperty(batchlength, "xpath", "equals", "//*[@id = "fldvendor" + row + ""]", true): Modify property of object successfully

2018-06-10 19:07:48 - [MESSAGE][PASSED] - Modify property of object successfully

2018-06-10 19:07:48 - [TEST_STEP][PASSED] - Statement - batchsize = com.kms.katalon.core.webui.keyword.WebUiBuiltInKeywords.getNumberOfTotalOption(batchlength): 10 options of object '' counted

2018-06-10 19:07:48 - [MESSAGE][PASSED] - 10 options of object '' counted

2018-06-10 19:07:48 - [TEST_STEP][PASSED] - Statement - out.println("BatchSize : " + batchsize): null

2018-06-10 19:07:48 - [TEST_STEP][PASSED] - Statement - For ([n = 1, n <= batchsize - 1, (n++)]): null

2018-06-10 19:07:48 - [TEST_STEP][PASSED] - Statement - product = new com.kms.katalon.core.testobject.TestObject(): null

2018-06-10 19:07:48 - [TEST_STEP][PASSED] - Statement - product = com.kms.katalon.core.webui.keyword.WebUiBuiltInKeywords.modifyObjectProperty(product, "xpath", "equals", "//*[@id = "fldvendor" + row + ""]", true): Modify property of object successfully

2018-06-10 19:07:48 - [MESSAGE][PASSED] - Modify property of object successfully

2018-06-10 19:07:48 - [TEST_STEP][PASSED] - selectOptionByIndex: All options with index in [1] are selected on object ''

2018-06-10 19:07:48 - [MESSAGE][PASSED] - All options with index in [1] are selected on object ''

2018-06-10 19:07:48 - [TEST_STEP][PASSED] - Statement - batch = new com.kms.katalon.core.testobject.TestObject(): null

2018-06-10 19:07:48 - [TEST_STEP][PASSED] - Statement - batch = com.kms.katalon.core.webui.keyword.WebUiBuiltInKeywords.modifyObjectProperty(batch, "xpath", "equals", "//*[@id = "txtbthqty" + row + ""]", true): Modify property of object successfully

2018-06-10 19:07:48 - [MESSAGE][PASSED] - Modify property of object successfully

2018-06-10 19:07:48 - [TEST_STEP][PASSED] - Statement - batchqty = com.kms.katalon.core.webui.keyword.WebUiBuiltInKeywords.getAttribute(batch, "value").trim(): Attribute 'value' of object '' is: '2500'

2018-06-10 19:07:48 - [MESSAGE][PASSED] - Attribute 'value' of object '' is: '2500'

2018-06-10 19:07:48 - [TEST_STEP][PASSED] - Statement - Rqty = 100: null

2018-06-10 19:07:48 - [TEST_STEP][PASSED] - delay: Delayed 2 second(s)

2018-06-10 19:07:50 - [MESSAGE][PASSED] - Delayed 2 second(s)

2018-06-10 19:07:50 - [TEST_STEP][PASSED] - Statement - out.println("BatchQty : " + batchqty): null

2018-06-10 19:07:50 - [TEST_STEP][PASSED] - Statement - out.println("RQty : " + Rqty): null

2018-06-10 19:07:50 - [TEST_STEP][PASSED] - Statement - If (java.lang.Integer.valueOf(batchqty) >= java.lang.Integer.valueOf(Rqty)): null

2018-06-10 19:07:50 - [TEST_STEP][PASSED] - Statement - Break: null

2018-06-10 19:07:50 - [TEST_STEP][PASSED] - Statement - batchlength = new com.kms.katalon.core.testobject.TestObject(): null

2018-06-10 19:07:50 - [TEST_STEP][PASSED] - Statement - batchlength = com.kms.katalon.core.webui.keyword.WebUiBuiltInKeywords.modifyObjectProperty(batchlength, "xpath", "equals", "//*[@id = "fldvendor" + row + ""]", true): Modify property of object successfully

2018-06-10 19:07:50 - [MESSAGE][PASSED] - Modify property of object successfully

2018-06-10 19:07:50 - [TEST_STEP][PASSED] - Statement - batchsize = com.kms.katalon.core.webui.keyword.WebUiBuiltInKeywords.getNumberOfTotalOption(batchlength): 10 options of object '' counted

2018-06-10 19:07:50 - [MESSAGE][PASSED] - 10 options of object '' counted

2018-06-10 19:07:50 - [TEST_STEP][PASSED] - Statement - out.println("BatchSize : " + batchsize): null

2018-06-10 19:07:50 - [TEST_STEP][PASSED] - Statement - For ([n = 1, n <= batchsize - 1, (n++)]): null

2018-06-10 19:07:50 - [TEST_STEP][PASSED] - Statement - product = new com.kms.katalon.core.testobject.TestObject(): null

2018-06-10 19:07:50 - [TEST_STEP][PASSED] - Statement - product = com.kms.katalon.core.webui.keyword.WebUiBuiltInKeywords.modifyObjectProperty(product, "xpath", "equals", "//*[@id = "fldvendor" + row + ""]", true): Modify property of object successfully

2018-06-10 19:07:50 - [MESSAGE][PASSED] - Modify property of object successfully

2018-06-10 19:07:50 - [TEST_STEP][PASSED] - selectOptionByIndex: All options with index in [1] are selected on object ''

2018-06-10 19:07:50 - [MESSAGE][PASSED] - All options with index in [1] are selected on object ''

2018-06-10 19:07:50 - [TEST_STEP][PASSED] - Statement - batch = new com.kms.katalon.core.testobject.TestObject(): null

2018-06-10 19:07:50 - [TEST_STEP][PASSED] - Statement - batch = com.kms.katalon.core.webui.keyword.WebUiBuiltInKeywords.modifyObjectProperty(batch, "xpath", "equals", "//*[@id = "txtbthqty" + row + ""]", true): Modify property of object successfully

2018-06-10 19:07:50 - [MESSAGE][PASSED] - Modify property of object successfully

2018-06-10 19:07:50 - [TEST_STEP][PASSED] - Statement - batchqty = com.kms.katalon.core.webui.keyword.WebUiBuiltInKeywords.getAttribute(batch, "value").trim(): Attribute 'value' of object '' is: '500'

2018-06-10 19:07:50 - [MESSAGE][PASSED] - Attribute 'value' of object '' is: '500'

2018-06-10 19:07:50 - [TEST_STEP][PASSED] - Statement - Rqty = 100: null

2018-06-10 19:07:50 - [TEST_STEP][PASSED] - delay: Delayed 2 second(s)

2018-06-10 19:07:52 - [MESSAGE][PASSED] - Delayed 2 second(s)

2018-06-10 19:07:52 - [TEST_STEP][PASSED] - Statement - out.println("BatchQty : " + batchqty): null

2018-06-10 19:07:52 - [TEST_STEP][PASSED] - Statement - out.println("RQty : " + Rqty): null

2018-06-10 19:07:52 - [TEST_STEP][PASSED] - Statement - If (java.lang.Integer.valueOf(batchqty) >= java.lang.Integer.valueOf(Rqty)): null

2018-06-10 19:07:52 - [TEST_STEP][PASSED] - Statement - Break: null

2018-06-10 19:07:52 - [TEST_STEP][PASSED] - Statement - batchlength = new com.kms.katalon.core.testobject.TestObject(): null

2018-06-10 19:07:52 - [TEST_STEP][PASSED] - Statement - batchlength = com.kms.katalon.core.webui.keyword.WebUiBuiltInKeywords.modifyObjectProperty(batchlength, "xpath", "equals", "//*[@id = "fldvendor" + row + ""]", true): Modify property of object successfully

2018-06-10 19:07:52 - [MESSAGE][PASSED] - Modify property of object successfully

2018-06-10 19:07:52 - [TEST_STEP][PASSED] - Statement - batchsize = com.kms.katalon.core.webui.keyword.WebUiBuiltInKeywords.getNumberOfTotalOption(batchlength): 10 options of object '' counted

2018-06-10 19:07:52 - [MESSAGE][PASSED] - 10 options of object '' counted

2018-06-10 19:07:52 - [TEST_STEP][PASSED] - Statement - out.println("BatchSize : " + batchsize): null

2018-06-10 19:07:52 - [TEST_STEP][PASSED] - Statement - For ([n = 1, n <= batchsize - 1, (n++)]): null

2018-06-10 19:07:52 - [TEST_STEP][PASSED] - Statement - product = new com.kms.katalon.core.testobject.TestObject(): null

2018-06-10 19:07:52 - [TEST_STEP][PASSED] - Statement - product = com.kms.katalon.core.webui.keyword.WebUiBuiltInKeywords.modifyObjectProperty(product, "xpath", "equals", "//*[@id = "fldvendor" + row + ""]", true): Modify property of object successfully

2018-06-10 19:07:52 - [MESSAGE][PASSED] - Modify property of object successfully

2018-06-10 19:07:52 - [TEST_STEP][PASSED] - selectOptionByIndex: All options with index in [1] are selected on object ''

2018-06-10 19:07:52 - [MESSAGE][PASSED] - All options with index in [1] are selected on object ''

2018-06-10 19:07:52 - [TEST_STEP][PASSED] - Statement - batch = new com.kms.katalon.core.testobject.TestObject(): null

2018-06-10 19:07:52 - [TEST_STEP][PASSED] - Statement - batch = com.kms.katalon.core.webui.keyword.WebUiBuiltInKeywords.modifyObjectProperty(batch, "xpath", "equals", "//*[@id = "txtbthqty" + row + ""]", true): Modify property of object successfully

2018-06-10 19:07:52 - [MESSAGE][PASSED] - Modify property of object successfully

2018-06-10 19:07:52 - [TEST_STEP][PASSED] - Statement - batchqty = com.kms.katalon.core.webui.keyword.WebUiBuiltInKeywords.getAttribute(batch, "value").trim(): Attribute 'value' of object '' is: '46400'

2018-06-10 19:07:52 - [MESSAGE][PASSED] - Attribute 'value' of object '' is: '46400'

2018-06-10 19:07:52 - [TEST_STEP][PASSED] - Statement - Rqty = 100: null

2018-06-10 19:07:52 - [TEST_STEP][PASSED] - delay: Delayed 2 second(s)

2018-06-10 19:07:54 - [MESSAGE][PASSED] - Delayed 2 second(s)

2018-06-10 19:07:54 - [TEST_STEP][PASSED] - Statement - out.println("BatchQty : " + batchqty): null

2018-06-10 19:07:54 - [TEST_STEP][PASSED] - Statement - out.println("RQty : " + Rqty): null

2018-06-10 19:07:54 - [TEST_STEP][PASSED] - Statement - If (java.lang.Integer.valueOf(batchqty) >= java.lang.Integer.valueOf(Rqty)): null

2018-06-10 19:07:54 - [TEST_STEP][PASSED] - Statement - Break: null

2018-06-10 19:07:54 - [TEST_STEP][PASSED] - Statement - batchlength = new com.kms.katalon.core.testobject.TestObject(): null

2018-06-10 19:07:54 - [TEST_STEP][PASSED] - Statement - batchlength = com.kms.katalon.core.webui.keyword.WebUiBuiltInKeywords.modifyObjectProperty(batchlength, "xpath", "equals", "//*[@id = "fldvendor" + row + ""]", true): Modify property of object successfully

2018-06-10 19:07:54 - [MESSAGE][PASSED] - Modify property of object successfully

2018-06-10 19:07:54 - [TEST_STEP][PASSED] - Statement - batchsize = com.kms.katalon.core.webui.keyword.WebUiBuiltInKeywords.getNumberOfTotalOption(batchlength): 10 options of object '' counted

2018-06-10 19:07:54 - [MESSAGE][PASSED] - 10 options of object '' counted

2018-06-10 19:07:54 - [TEST_STEP][PASSED] - Statement - out.println("BatchSize : " + batchsize): null

2018-06-10 19:07:54 - [TEST_STEP][PASSED] - Statement - For ([n = 1, n <= batchsize - 1, (n++)]): null

2018-06-10 19:07:54 - [TEST_STEP][PASSED] - Statement - product = new com.kms.katalon.core.testobject.TestObject(): null

2018-06-10 19:07:54 - [TEST_STEP][PASSED] - Statement - product = com.kms.katalon.core.webui.keyword.WebUiBuiltInKeywords.modifyObjectProperty(product, "xpath", "equals", "//*[@id = "fldvendor" + row + ""]", true): Modify property of object successfully

2018-06-10 19:07:54 - [MESSAGE][PASSED] - Modify property of object successfully

2018-06-10 19:07:54 - [TEST_STEP][PASSED] - selectOptionByIndex: All options with index in [1] are selected on object ''

2018-06-10 19:07:55 - [MESSAGE][PASSED] - All options with index in [1] are selected on object ''

2018-06-10 19:07:55 - [TEST_STEP][PASSED] - Statement - batch = new com.kms.katalon.core.testobject.TestObject(): null

2018-06-10 19:07:55 - [TEST_STEP][PASSED] - Statement - batch = com.kms.katalon.core.webui.keyword.WebUiBuiltInKeywords.modifyObjectProperty(batch, "xpath", "equals", "//*[@id = "txtbthqty" + row + ""]", true): Modify property of object successfully

2018-06-10 19:07:55 - [MESSAGE][PASSED] - Modify property of object successfully

2018-06-10 19:07:55 - [TEST_STEP][PASSED] - Statement - batchqty = com.kms.katalon.core.webui.keyword.WebUiBuiltInKeywords.getAttribute(batch, "value").trim(): Attribute 'value' of object '' is: '46400'

2018-06-10 19:07:55 - [MESSAGE][PASSED] - Attribute 'value' of object '' is: '46400'

2018-06-10 19:07:55 - [TEST_STEP][PASSED] - Statement - Rqty = 100: null

2018-06-10 19:07:55 - [TEST_STEP][PASSED] - delay: Delayed 2 second(s)

2018-06-10 19:07:57 - [MESSAGE][PASSED] - Delayed 2 second(s)

2018-06-10 19:07:57 - [TEST_STEP][PASSED] - Statement - out.println("BatchQty : " + batchqty): null

2018-06-10 19:07:57 - [TEST_STEP][PASSED] - Statement - out.println("RQty : " + Rqty): null

2018-06-10 19:07:57 - [TEST_STEP][PASSED] - Statement - If (java.lang.Integer.valueOf(batchqty) >= java.lang.Integer.valueOf(Rqty)): null

2018-06-10 19:07:57 - [TEST_STEP][PASSED] - Statement - Break: null

2018-06-10 19:07:57 - [TEST_STEP][PASSED] - Statement - batchlength = new com.kms.katalon.core.testobject.TestObject(): null

2018-06-10 19:07:57 - [TEST_STEP][PASSED] - Statement - batchlength = com.kms.katalon.core.webui.keyword.WebUiBuiltInKeywords.modifyObjectProperty(batchlength, "xpath", "equals", "//*[@id = "fldvendor" + row + ""]", true): Modify property of object successfully

2018-06-10 19:07:57 - [MESSAGE][PASSED] - Modify property of object successfully

2018-06-10 19:07:57 - [TEST_STEP][PASSED] - Statement - batchsize = com.kms.katalon.core.webui.keyword.WebUiBuiltInKeywords.getNumberOfTotalOption(batchlength): 10 options of object '' counted

2018-06-10 19:07:57 - [MESSAGE][PASSED] - 10 options of object '' counted

2018-06-10 19:07:57 - [TEST_STEP][PASSED] - Statement - out.println("BatchSize : " + batchsize): null

2018-06-10 19:07:57 - [TEST_STEP][PASSED] - Statement - For ([n = 1, n <= batchsize - 1, (n++)]): null

2018-06-10 19:07:57 - [TEST_STEP][PASSED] - Statement - product = new com.kms.katalon.core.testobject.TestObject(): null

2018-06-10 19:07:57 - [TEST_STEP][PASSED] - Statement - product = com.kms.katalon.core.webui.keyword.WebUiBuiltInKeywords.modifyObjectProperty(product, "xpath", "equals", "//*[@id = "fldvendor" + row + ""]", true): Modify property of object successfully

2018-06-10 19:07:57 - [MESSAGE][PASSED] - Modify property of object successfully

2018-06-10 19:07:57 - [TEST_STEP][PASSED] - selectOptionByIndex: All options with index in [1] are selected on object ''

2018-06-10 19:07:57 - [MESSAGE][PASSED] - All options with index in [1] are selected on object ''

2018-06-10 19:07:57 - [TEST_STEP][PASSED] - Statement - batch = new com.kms.katalon.core.testobject.TestObject(): null

2018-06-10 19:07:57 - [TEST_STEP][PASSED] - Statement - batch = com.kms.katalon.core.webui.keyword.WebUiBuiltInKeywords.modifyObjectProperty(batch, "xpath", "equals", "//*[@id = "txtbthqty" + row + ""]", true): Modify property of object successfully

2018-06-10 19:07:57 - [MESSAGE][PASSED] - Modify property of object successfully

2018-06-10 19:07:57 - [TEST_STEP][PASSED] - Statement - batchqty = com.kms.katalon.core.webui.keyword.WebUiBuiltInKeywords.getAttribute(batch, "value").trim(): Attribute 'value' of object '' is: '1500'

2018-06-10 19:07:57 - [MESSAGE][PASSED] - Attribute 'value' of object '' is: '1500'

2018-06-10 19:07:57 - [TEST_STEP][PASSED] - Statement - Rqty = 100: null

2018-06-10 19:07:57 - [TEST_STEP][PASSED] - delay: Delayed 2 second(s)

2018-06-10 19:07:59 - [MESSAGE][PASSED] - Delayed 2 second(s)

2018-06-10 19:07:59 - [TEST_STEP][PASSED] - Statement - out.println("BatchQty : " + batchqty): null

2018-06-10 19:07:59 - [TEST_STEP][PASSED] - Statement - out.println("RQty : " + Rqty): null

2018-06-10 19:07:59 - [TEST_STEP][PASSED] - Statement - If (java.lang.Integer.valueOf(batchqty) >= java.lang.Integer.valueOf(Rqty)): null

2018-06-10 19:07:59 - [TEST_STEP][PASSED] - Statement - Break: null

2018-06-10 19:07:59 - [TEST_STEP][PASSED] - Statement - batchlength = new com.kms.katalon.core.testobject.TestObject(): null

2018-06-10 19:07:59 - [TEST_STEP][PASSED] - Statement - batchlength = com.kms.katalon.core.webui.keyword.WebUiBuiltInKeywords.modifyObjectProperty(batchlength, "xpath", "equals", "//*[@id = "fldvendor" + row + ""]", true): Modify property of object successfully

2018-06-10 19:07:59 - [MESSAGE][PASSED] - Modify property of object successfully

2018-06-10 19:07:59 - [TEST_STEP][PASSED] - Statement - batchsize = com.kms.katalon.core.webui.keyword.WebUiBuiltInKeywords.getNumberOfTotalOption(batchlength): 10 options of object '' counted

2018-06-10 19:07:59 - [MESSAGE][PASSED] - 10 options of object '' counted

2018-06-10 19:07:59 - [TEST_STEP][PASSED] - Statement - out.println("BatchSize : " + batchsize): null

2018-06-10 19:07:59 - [TEST_STEP][PASSED] - Statement - For ([n = 1, n <= batchsize - 1, (n++)]): null

2018-06-10 19:07:59 - [TEST_STEP][PASSED] - Statement - product = new com.kms.katalon.core.testobject.TestObject(): null

2018-06-10 19:07:59 - [TEST_STEP][PASSED] - Statement - product = com.kms.katalon.core.webui.keyword.WebUiBuiltInKeywords.modifyObjectProperty(product, "xpath", "equals", "//*[@id = "fldvendor" + row + ""]", true): Modify property of object successfully

2018-06-10 19:07:59 - [MESSAGE][PASSED] - Modify property of object successfully

2018-06-10 19:07:59 - [TEST_STEP][PASSED] - selectOptionByIndex: All options with index in [1] are selected on object ''

2018-06-10 19:07:59 - [MESSAGE][PASSED] - All options with index in [1] are selected on object ''

2018-06-10 19:07:59 - [TEST_STEP][PASSED] - Statement - batch = new com.kms.katalon.core.testobject.TestObject(): null

2018-06-10 19:07:59 - [TEST_STEP][PASSED] - Statement - batch = com.kms.katalon.core.webui.keyword.WebUiBuiltInKeywords.modifyObjectProperty(batch, "xpath", "equals", "//*[@id = "txtbthqty" + row + ""]", true): Modify property of object successfully

2018-06-10 19:07:59 - [MESSAGE][PASSED] - Modify property of object successfully

2018-06-10 19:07:59 - [TEST_STEP][PASSED] - Statement - batchqty = com.kms.katalon.core.webui.keyword.WebUiBuiltInKeywords.getAttribute(batch, "value").trim(): Attribute 'value' of object '' is: '3300'

2018-06-10 19:07:59 - [MESSAGE][PASSED] - Attribute 'value' of object '' is: '3300'

2018-06-10 19:07:59 - [TEST_STEP][PASSED] - Statement - Rqty = 100: null

2018-06-10 19:07:59 - [TEST_STEP][PASSED] - delay: Delayed 2 second(s)

2018-06-10 19:08:01 - [MESSAGE][PASSED] - Delayed 2 second(s)

2018-06-10 19:08:01 - [TEST_STEP][PASSED] - Statement - out.println("BatchQty : " + batchqty): null

2018-06-10 19:08:01 - [TEST_STEP][PASSED] - Statement - out.println("RQty : " + Rqty): null

2018-06-10 19:08:01 - [TEST_STEP][PASSED] - Statement - If (java.lang.Integer.valueOf(batchqty) >= java.lang.Integer.valueOf(Rqty)): null

2018-06-10 19:08:01 - [TEST_STEP][PASSED] - Statement - Break: null

2018-06-10 19:08:01 - [TEST_STEP][PASSED] - Statement - batchlength = new com.kms.katalon.core.testobject.TestObject(): null

2018-06-10 19:08:01 - [TEST_STEP][PASSED] - Statement - batchlength = com.kms.katalon.core.webui.keyword.WebUiBuiltInKeywords.modifyObjectProperty(batchlength, "xpath", "equals", "//*[@id = "fldvendor" + row + ""]", true): Modify property of object successfully

2018-06-10 19:08:01 - [MESSAGE][PASSED] - Modify property of object successfully

2018-06-10 19:08:01 - [TEST_STEP][PASSED] - Statement - batchsize = com.kms.katalon.core.webui.keyword.WebUiBuiltInKeywords.getNumberOfTotalOption(batchlength): 10 options of object '' counted

2018-06-10 19:08:01 - [MESSAGE][PASSED] - 10 options of object '' counted

2018-06-10 19:08:01 - [TEST_STEP][PASSED] - Statement - out.println("BatchSize : " + batchsize): null

2018-06-10 19:08:01 - [TEST_STEP][PASSED] - Statement - For ([n = 1, n <= batchsize - 1, (n++)]): null

2018-06-10 19:08:01 - [TEST_STEP][PASSED] - Statement - product = new com.kms.katalon.core.testobject.TestObject(): null

2018-06-10 19:08:01 - [TEST_STEP][PASSED] - Statement - product = com.kms.katalon.core.webui.keyword.WebUiBuiltInKeywords.modifyObjectProperty(product, "xpath", "equals", "//*[@id = "fldvendor" + row + ""]", true): Modify property of object successfully

2018-06-10 19:08:01 - [MESSAGE][PASSED] - Modify property of object successfully

2018-06-10 19:08:01 - [TEST_STEP][PASSED] - selectOptionByIndex: All options with index in [1] are selected on object ''

2018-06-10 19:08:01 - [MESSAGE][PASSED] - All options with index in [1] are selected on object ''

2018-06-10 19:08:01 - [TEST_STEP][PASSED] - Statement - batch = new com.kms.katalon.core.testobject.TestObject(): null

2018-06-10 19:08:01 - [TEST_STEP][PASSED] - Statement - batch = com.kms.katalon.core.webui.keyword.WebUiBuiltInKeywords.modifyObjectProperty(batch, "xpath", "equals", "//*[@id = "txtbthqty" + row + ""]", true): Modify property of object successfully

2018-06-10 19:08:01 - [MESSAGE][PASSED] - Modify property of object successfully

2018-06-10 19:08:01 - [TEST_STEP][PASSED] - Statement - batchqty = com.kms.katalon.core.webui.keyword.WebUiBuiltInKeywords.getAttribute(batch, "value").trim(): Attribute 'value' of object '' is: '1500'

2018-06-10 19:08:01 - [MESSAGE][PASSED] - Attribute 'value' of object '' is: '1500'

2018-06-10 19:08:01 - [TEST_STEP][PASSED] - Statement - Rqty = 100: null

2018-06-10 19:08:01 - [TEST_STEP][PASSED] - delay: Delayed 2 second(s)

2018-06-10 19:08:03 - [MESSAGE][PASSED] - Delayed 2 second(s)

2018-06-10 19:08:03 - [TEST_STEP][PASSED] - Statement - out.println("BatchQty : " + batchqty): null

2018-06-10 19:08:03 - [TEST_STEP][PASSED] - Statement - out.println("RQty : " + Rqty): null

2018-06-10 19:08:03 - [TEST_STEP][PASSED] - Statement - If (java.lang.Integer.valueOf(batchqty) >= java.lang.Integer.valueOf(Rqty)): null

2018-06-10 19:08:03 - [TEST_STEP][PASSED] - Statement - Break: null

2018-06-10 19:08:03 - [TEST_STEP][PASSED] - Statement - batchlength = new com.kms.katalon.core.testobject.TestObject(): null

2018-06-10 19:08:03 - [TEST_STEP][PASSED] - Statement - batchlength = com.kms.katalon.core.webui.keyword.WebUiBuiltInKeywords.modifyObjectProperty(batchlength, "xpath", "equals", "//*[@id = "fldvendor" + row + ""]", true): Modify property of object successfully

2018-06-10 19:08:03 - [MESSAGE][PASSED] - Modify property of object successfully

2018-06-10 19:08:03 - [TEST_STEP][PASSED] - Statement - batchsize = com.kms.katalon.core.webui.keyword.WebUiBuiltInKeywords.getNumberOfTotalOption(batchlength): 10 options of object '' counted

2018-06-10 19:08:03 - [MESSAGE][PASSED] - 10 options of object '' counted

2018-06-10 19:08:03 - [TEST_STEP][PASSED] - Statement - out.println("BatchSize : " + batchsize): null

2018-06-10 19:08:03 - [TEST_STEP][PASSED] - Statement - For ([n = 1, n <= batchsize - 1, (n++)]): null

2018-06-10 19:08:03 - [TEST_STEP][PASSED] - Statement - product = new com.kms.katalon.core.testobject.TestObject(): null

2018-06-10 19:08:03 - [TEST_STEP][PASSED] - Statement - product = com.kms.katalon.core.webui.keyword.WebUiBuiltInKeywords.modifyObjectProperty(product, "xpath", "equals", "//*[@id = "fldvendor" + row + ""]", true): Modify property of object successfully

2018-06-10 19:08:03 - [MESSAGE][PASSED] - Modify property of object successfully

2018-06-10 19:08:03 - [TEST_STEP][PASSED] - selectOptionByIndex: All options with index in [1] are selected on object ''

2018-06-10 19:08:04 - [MESSAGE][PASSED] - All options with index in [1] are selected on object ''

2018-06-10 19:08:04 - [TEST_STEP][PASSED] - Statement - batch = new com.kms.katalon.core.testobject.TestObject(): null

2018-06-10 19:08:04 - [TEST_STEP][PASSED] - Statement - batch = com.kms.katalon.core.webui.keyword.WebUiBuiltInKeywords.modifyObjectProperty(batch, "xpath", "equals", "//*[@id = "txtbthqty" + row + ""]", true): Modify property of object successfully

2018-06-10 19:08:04 - [MESSAGE][PASSED] - Modify property of object successfully

2018-06-10 19:08:04 - [TEST_STEP][PASSED] - Statement - batchqty = com.kms.katalon.core.webui.keyword.WebUiBuiltInKeywords.getAttribute(batch, "value").trim(): Attribute 'value' of object '' is: '2500'

2018-06-10 19:08:04 - [MESSAGE][PASSED] - Attribute 'value' of object '' is: '2500'

2018-06-10 19:08:04 - [TEST_STEP][PASSED] - Statement - Rqty = 100: null

2018-06-10 19:08:04 - [TEST_STEP][PASSED] - delay: Delayed 2 second(s)

2018-06-10 19:08:06 - [MESSAGE][PASSED] - Delayed 2 second(s)

2018-06-10 19:08:06 - [TEST_STEP][PASSED] - Statement - out.println("BatchQty : " + batchqty): null

2018-06-10 19:08:06 - [TEST_STEP][PASSED] - Statement - out.println("RQty : " + Rqty): null

2018-06-10 19:08:06 - [TEST_STEP][PASSED] - Statement - If (java.lang.Integer.valueOf(batchqty) >= java.lang.Integer.valueOf(Rqty)): null

2018-06-10 19:08:06 - [TEST_STEP][PASSED] - Statement - Break: null

2018-06-10 19:08:06 - [TEST_STEP][PASSED] - Statement - batchlength = new com.kms.katalon.core.testobject.TestObject(): null

2018-06-10 19:08:06 - [TEST_STEP][PASSED] - Statement - batchlength = com.kms.katalon.core.webui.keyword.WebUiBuiltInKeywords.modifyObjectProperty(batchlength, "xpath", "equals", "//*[@id = "fldvendor" + row + ""]", true): Modify property of object successfully

2018-06-10 19:08:06 - [MESSAGE][PASSED] - Modify property of object successfully

2018-06-10 19:08:06 - [TEST_STEP][PASSED] - Statement - batchsize = com.kms.katalon.core.webui.keyword.WebUiBuiltInKeywords.getNumberOfTotalOption(batchlength): 10 options of object '' counted

2018-06-10 19:08:06 - [MESSAGE][PASSED] - 10 options of object '' counted

2018-06-10 19:08:06 - [TEST_STEP][PASSED] - Statement - out.println("BatchSize : " + batchsize): null

2018-06-10 19:08:06 - [TEST_STEP][PASSED] - Statement - For ([n = 1, n <= batchsize - 1, (n++)]): null

2018-06-10 19:08:06 - [TEST_STEP][PASSED] - Statement - product = new com.kms.katalon.core.testobject.TestObject(): null

2018-06-10 19:08:06 - [TEST_STEP][PASSED] - Statement - product = com.kms.katalon.core.webui.keyword.WebUiBuiltInKeywords.modifyObjectProperty(product, "xpath", "equals", "//*[@id = "fldvendor" + row + ""]", true): Modify property of object successfully

2018-06-10 19:08:06 - [MESSAGE][PASSED] - Modify property of object successfully

2018-06-10 19:08:06 - [TEST_STEP][PASSED] - selectOptionByIndex: All options with index in [1] are selected on object ''

2018-06-10 19:08:06 - [MESSAGE][PASSED] - All options with index in [1] are selected on object ''

2018-06-10 19:08:06 - [TEST_STEP][PASSED] - Statement - batch = new com.kms.katalon.core.testobject.TestObject(): null

2018-06-10 19:08:06 - [TEST_STEP][PASSED] - Statement - batch = com.kms.katalon.core.webui.keyword.WebUiBuiltInKeywords.modifyObjectProperty(batch, "xpath", "equals", "//*[@id = "txtbthqty" + row + ""]", true): Modify property of object successfully

2018-06-10 19:08:06 - [MESSAGE][PASSED] - Modify property of object successfully

2018-06-10 19:08:06 - [TEST_STEP][PASSED] - Statement - batchqty = com.kms.katalon.core.webui.keyword.WebUiBuiltInKeywords.getAttribute(batch, "value").trim(): Attribute 'value' of object '' is: '500'

2018-06-10 19:08:06 - [MESSAGE][PASSED] - Attribute 'value' of object '' is: '500'

2018-06-10 19:08:06 - [TEST_STEP][PASSED] - Statement - Rqty = 100: null

2018-06-10 19:08:06 - [TEST_STEP][PASSED] - delay: Delayed 2 second(s)

2018-06-10 19:08:08 - [MESSAGE][PASSED] - Delayed 2 second(s)

2018-06-10 19:08:08 - [TEST_STEP][PASSED] - Statement - out.println("BatchQty : " + batchqty): null

2018-06-10 19:08:08 - [TEST_STEP][PASSED] - Statement - out.println("RQty : " + Rqty): null

2018-06-10 19:08:08 - [TEST_STEP][PASSED] - Statement - If (java.lang.Integer.valueOf(batchqty) >= java.lang.Integer.valueOf(Rqty)): null

2018-06-10 19:08:08 - [TEST_STEP][PASSED] - Statement - Break: null

2018-06-10 19:08:08 - [TEST_STEP][PASSED] - Statement - batchlength = new com.kms.katalon.core.testobject.TestObject(): null

2018-06-10 19:08:08 - [TEST_STEP][PASSED] - Statement - batchlength = com.kms.katalon.core.webui.keyword.WebUiBuiltInKeywords.modifyObjectProperty(batchlength, "xpath", "equals", "//*[@id = "fldvendor" + row + ""]", true): Modify property of object successfully

2018-06-10 19:08:08 - [MESSAGE][PASSED] - Modify property of object successfully

2018-06-10 19:08:08 - [TEST_STEP][PASSED] - Statement - batchsize = com.kms.katalon.core.webui.keyword.WebUiBuiltInKeywords.getNumberOfTotalOption(batchlength): 10 options of object '' counted

2018-06-10 19:08:08 - [MESSAGE][PASSED] - 10 options of object '' counted

2018-06-10 19:08:08 - [TEST_STEP][PASSED] - Statement - out.println("BatchSize : " + batchsize): null

2018-06-10 19:08:08 - [TEST_STEP][PASSED] - Statement - For ([n = 1, n <= batchsize - 1, (n++)]): null

2018-06-10 19:08:08 - [TEST_STEP][PASSED] - Statement - product = new com.kms.katalon.core.testobject.TestObject(): null

2018-06-10 19:08:08 - [TEST_STEP][PASSED] - Statement - product = com.kms.katalon.core.webui.keyword.WebUiBuiltInKeywords.modifyObjectProperty(product, "xpath", "equals", "//*[@id = "fldvendor" + row + ""]", true): Modify property of object successfully

2018-06-10 19:08:08 - [MESSAGE][PASSED] - Modify property of object successfully

2018-06-10 19:08:08 - [TEST_STEP][PASSED] - selectOptionByIndex: All options with index in [1] are selected on object ''

2018-06-10 19:08:08 - [MESSAGE][PASSED] - All options with index in [1] are selected on object ''

2018-06-10 19:08:08 - [TEST_STEP][PASSED] - Statement - batch = new com.kms.katalon.core.testobject.TestObject(): null

2018-06-10 19:08:08 - [TEST_STEP][PASSED] - Statement - batch = com.kms.katalon.core.webui.keyword.WebUiBuiltInKeywords.modifyObjectProperty(batch, "xpath", "equals", "//*[@id = "txtbthqty" + row + ""]", true): Modify property of object successfully

2018-06-10 19:08:08 - [MESSAGE][PASSED] - Modify property of object successfully

2018-06-10 19:08:08 - [TEST_STEP][PASSED] - Statement - batchqty = com.kms.katalon.core.webui.keyword.WebUiBuiltInKeywords.getAttribute(batch, "value").trim(): Attribute 'value' of object '' is: '2400'

2018-06-10 19:08:08 - [MESSAGE][PASSED] - Attribute 'value' of object '' is: '2400'

2018-06-10 19:08:08 - [TEST_STEP][PASSED] - Statement - Rqty = 100: null

2018-06-10 19:08:08 - [TEST_STEP][PASSED] - delay: Delayed 2 second(s)

2018-06-10 19:08:10 - [MESSAGE][PASSED] - Delayed 2 second(s)

2018-06-10 19:08:10 - [TEST_STEP][PASSED] - Statement - out.println("BatchQty : " + batchqty): null

2018-06-10 19:08:10 - [TEST_STEP][PASSED] - Statement - out.println("RQty : " + Rqty): null

2018-06-10 19:08:10 - [TEST_STEP][PASSED] - Statement - If (java.lang.Integer.valueOf(batchqty) >= java.lang.Integer.valueOf(Rqty)): null

2018-06-10 19:08:10 - [TEST_STEP][PASSED] - Statement - Break: null

2018-06-10 19:08:10 - [TEST_STEP][PASSED] - Statement - batchlength = new com.kms.katalon.core.testobject.TestObject(): null

2018-06-10 19:08:10 - [TEST_STEP][PASSED] - Statement - batchlength = com.kms.katalon.core.webui.keyword.WebUiBuiltInKeywords.modifyObjectProperty(batchlength, "xpath", "equals", "//*[@id = "fldvendor" + row + ""]", true): Modify property of object successfully

2018-06-10 19:08:10 - [MESSAGE][PASSED] - Modify property of object successfully

2018-06-10 19:08:10 - [TEST_STEP][PASSED] - Statement - batchsize = com.kms.katalon.core.webui.keyword.WebUiBuiltInKeywords.getNumberOfTotalOption(batchlength): 10 options of object '' counted

2018-06-10 19:08:10 - [MESSAGE][PASSED] - 10 options of object '' counted

2018-06-10 19:08:10 - [TEST_STEP][PASSED] - Statement - out.println("BatchSize : " + batchsize): null

2018-06-10 19:08:10 - [TEST_STEP][PASSED] - Statement - For ([n = 1, n <= batchsize - 1, (n++)]): null

2018-06-10 19:08:10 - [TEST_STEP][PASSED] - Statement - product = new com.kms.katalon.core.testobject.TestObject(): null

2018-06-10 19:08:10 - [TEST_STEP][PASSED] - Statement - product = com.kms.katalon.core.webui.keyword.WebUiBuiltInKeywords.modifyObjectProperty(product, "xpath", "equals", "//*[@id = "fldvendor" + row + ""]", true): Modify property of object successfully

2018-06-10 19:08:10 - [MESSAGE][PASSED] - Modify property of object successfully

2018-06-10 19:08:10 - [TEST_STEP][PASSED] - selectOptionByIndex: All options with index in [1] are selected on object ''

2018-06-10 19:08:10 - [MESSAGE][PASSED] - All options with index in [1] are selected on object ''

2018-06-10 19:08:10 - [TEST_STEP][PASSED] - Statement - batch = new com.kms.katalon.core.testobject.TestObject(): null

2018-06-10 19:08:10 - [TEST_STEP][PASSED] - Statement - batch = com.kms.katalon.core.webui.keyword.WebUiBuiltInKeywords.modifyObjectProperty(batch, "xpath", "equals", "//*[@id = "txtbthqty" + row + ""]", true): Modify property of object successfully

2018-06-10 19:08:10 - [MESSAGE][PASSED] - Modify property of object successfully

2018-06-10 19:08:10 - [TEST_STEP][PASSED] - Statement - batchqty = com.kms.katalon.core.webui.keyword.WebUiBuiltInKeywords.getAttribute(batch, "value").trim(): Attribute 'value' of object '' is: '2400'

2018-06-10 19:08:10 - [MESSAGE][PASSED] - Attribute 'value' of object '' is: '2400'

2018-06-10 19:08:10 - [TEST_STEP][PASSED] - Statement - Rqty = 100: null

2018-06-10 19:08:10 - [TEST_STEP][PASSED] - delay: Delayed 2 second(s)

2018-06-10 19:08:12 - [MESSAGE][PASSED] - Delayed 2 second(s)

2018-06-10 19:08:12 - [TEST_STEP][PASSED] - Statement - out.println("BatchQty : " + batchqty): null

2018-06-10 19:08:12 - [TEST_STEP][PASSED] - Statement - out.println("RQty : " + Rqty): null

2018-06-10 19:08:12 - [TEST_STEP][PASSED] - Statement - If (java.lang.Integer.valueOf(batchqty) >= java.lang.Integer.valueOf(Rqty)): null

2018-06-10 19:08:12 - [TEST_STEP][PASSED] - Statement - Break: null

2018-06-10 19:08:12 - [TEST_STEP][PASSED] - Statement - batchlength = new com.kms.katalon.core.testobject.TestObject(): null

2018-06-10 19:08:12 - [TEST_STEP][PASSED] - Statement - batchlength = com.kms.katalon.core.webui.keyword.WebUiBuiltInKeywords.modifyObjectProperty(batchlength, "xpath", "equals", "//*[@id = "fldvendor" + row + ""]", true): Modify property of object successfully

2018-06-10 19:08:12 - [MESSAGE][PASSED] - Modify property of object successfully

2018-06-10 19:08:12 - [TEST_STEP][PASSED] - Statement - batchsize = com.kms.katalon.core.webui.keyword.WebUiBuiltInKeywords.getNumberOfTotalOption(batchlength): 9 options of object '' counted

2018-06-10 19:08:12 - [MESSAGE][PASSED] - 9 options of object '' counted

2018-06-10 19:08:12 - [TEST_STEP][PASSED] - Statement - out.println("BatchSize : " + batchsize): null

2018-06-10 19:08:12 - [TEST_STEP][PASSED] - Statement - For ([n = 1, n <= batchsize - 1, (n++)]): null

2018-06-10 19:08:12 - [TEST_STEP][PASSED] - Statement - product = new com.kms.katalon.core.testobject.TestObject(): null

2018-06-10 19:08:12 - [TEST_STEP][PASSED] - Statement - product = com.kms.katalon.core.webui.keyword.WebUiBuiltInKeywords.modifyObjectProperty(product, "xpath", "equals", "//*[@id = "fldvendor" + row + ""]", true): Modify property of object successfully

2018-06-10 19:08:12 - [MESSAGE][PASSED] - Modify property of object successfully

2018-06-10 19:08:12 - [TEST_STEP][PASSED] - selectOptionByIndex: All options with index in [1] are selected on object ''

2018-06-10 19:08:13 - [MESSAGE][PASSED] - All options with index in [1] are selected on object ''

2018-06-10 19:08:13 - [TEST_STEP][PASSED] - Statement - batch = new com.kms.katalon.core.testobject.TestObject(): null

2018-06-10 19:08:13 - [TEST_STEP][PASSED] - Statement - batch = com.kms.katalon.core.webui.keyword.WebUiBuiltInKeywords.modifyObjectProperty(batch, "xpath", "equals", "//*[@id = "txtbthqty" + row + ""]", true): Modify property of object successfully

2018-06-10 19:08:13 - [MESSAGE][PASSED] - Modify property of object successfully

2018-06-10 19:08:13 - [TEST_STEP][PASSED] - Statement - batchqty = com.kms.katalon.core.webui.keyword.WebUiBuiltInKeywords.getAttribute(batch, "value").trim(): Attribute 'value' of object '' is: '46900'

2018-06-10 19:08:13 - [MESSAGE][PASSED] - Attribute 'value' of object '' is: '46900'

2018-06-10 19:08:13 - [TEST_STEP][PASSED] - Statement - Rqty = 100: null

2018-06-10 19:08:13 - [TEST_STEP][PASSED] - delay: Delayed 2 second(s)

2018-06-10 19:08:15 - [MESSAGE][PASSED] - Delayed 2 second(s)

2018-06-10 19:08:15 - [TEST_STEP][PASSED] - Statement - out.println("BatchQty : " + batchqty): null

2018-06-10 19:08:15 - [TEST_STEP][PASSED] - Statement - out.println("RQty : " + Rqty): null

2018-06-10 19:08:15 - [TEST_STEP][PASSED] - Statement - If (java.lang.Integer.valueOf(batchqty) >= java.lang.Integer.valueOf(Rqty)): null

2018-06-10 19:08:15 - [TEST_STEP][PASSED] - Statement - Break: null

2018-06-10 19:08:15 - [TEST_STEP][PASSED] - Statement - batchlength = new com.kms.katalon.core.testobject.TestObject(): null

2018-06-10 19:08:15 - [TEST_STEP][PASSED] - Statement - batchlength = com.kms.katalon.core.webui.keyword.WebUiBuiltInKeywords.modifyObjectProperty(batchlength, "xpath", "equals", "//*[@id = "fldvendor" + row + ""]", true): Modify property of object successfully

2018-06-10 19:08:15 - [MESSAGE][PASSED] - Modify property of object successfully

2018-06-10 19:08:15 - [TEST_STEP][PASSED] - Statement - batchsize = com.kms.katalon.core.webui.keyword.WebUiBuiltInKeywords.getNumberOfTotalOption(batchlength): 10 options of object '' counted

2018-06-10 19:08:15 - [MESSAGE][PASSED] - 10 options of object '' counted

2018-06-10 19:08:15 - [TEST_STEP][PASSED] - Statement - out.println("BatchSize : " + batchsize): null

2018-06-10 19:08:15 - [TEST_STEP][PASSED] - Statement - For ([n = 1, n <= batchsize - 1, (n++)]): null

2018-06-10 19:08:15 - [TEST_STEP][PASSED] - Statement - product = new com.kms.katalon.core.testobject.TestObject(): null

2018-06-10 19:08:15 - [TEST_STEP][PASSED] - Statement - product = com.kms.katalon.core.webui.keyword.WebUiBuiltInKeywords.modifyObjectProperty(product, "xpath", "equals", "//*[@id = "fldvendor" + row + ""]", true): Modify property of object successfully

2018-06-10 19:08:15 - [MESSAGE][PASSED] - Modify property of object successfully

2018-06-10 19:08:15 - [TEST_STEP][PASSED] - selectOptionByIndex: All options with index in [1] are selected on object ''

2018-06-10 19:08:15 - [MESSAGE][PASSED] - All options with index in [1] are selected on object ''

2018-06-10 19:08:15 - [TEST_STEP][PASSED] - Statement - batch = new com.kms.katalon.core.testobject.TestObject(): null

2018-06-10 19:08:15 - [TEST_STEP][PASSED] - Statement - batch = com.kms.katalon.core.webui.keyword.WebUiBuiltInKeywords.modifyObjectProperty(batch, "xpath", "equals", "//*[@id = "txtbthqty" + row + ""]", true): Modify property of object successfully

2018-06-10 19:08:15 - [MESSAGE][PASSED] - Modify property of object successfully

2018-06-10 19:08:15 - [TEST_STEP][PASSED] - Statement - batchqty = com.kms.katalon.core.webui.keyword.WebUiBuiltInKeywords.getAttribute(batch, "value").trim(): Attribute 'value' of object '' is: '500'

2018-06-10 19:08:15 - [MESSAGE][PASSED] - Attribute 'value' of object '' is: '500'

2018-06-10 19:08:15 - [TEST_STEP][PASSED] - Statement - Rqty = 100: null

2018-06-10 19:08:15 - [TEST_STEP][PASSED] - delay: Delayed 2 second(s)

2018-06-10 19:08:17 - [MESSAGE][PASSED] - Delayed 2 second(s)

2018-06-10 19:08:17 - [TEST_STEP][PASSED] - Statement - out.println("BatchQty : " + batchqty): null

2018-06-10 19:08:17 - [TEST_STEP][PASSED] - Statement - out.println("RQty : " + Rqty): null

2018-06-10 19:08:17 - [TEST_STEP][PASSED] - Statement - If (java.lang.Integer.valueOf(batchqty) >= java.lang.Integer.valueOf(Rqty)): null

2018-06-10 19:08:17 - [TEST_STEP][PASSED] - Statement - Break: null

2018-06-10 19:08:17 - [TEST_STEP][PASSED] - Statement - batchlength = new com.kms.katalon.core.testobject.TestObject(): null

2018-06-10 19:08:17 - [TEST_STEP][PASSED] - Statement - batchlength = com.kms.katalon.core.webui.keyword.WebUiBuiltInKeywords.modifyObjectProperty(batchlength, "xpath", "equals", "//*[@id = "fldvendor" + row + ""]", true): Modify property of object successfully

2018-06-10 19:08:17 - [MESSAGE][PASSED] - Modify property of object successfully

2018-06-10 19:08:17 - [TEST_STEP][PASSED] - Statement - batchsize = com.kms.katalon.core.webui.keyword.WebUiBuiltInKeywords.getNumberOfTotalOption(batchlength): 10 options of object '' counted

2018-06-10 19:08:17 - [MESSAGE][PASSED] - 10 options of object '' counted

2018-06-10 19:08:17 - [TEST_STEP][PASSED] - Statement - out.println("BatchSize : " + batchsize): null

2018-06-10 19:08:17 - [TEST_STEP][PASSED] - Statement - For ([n = 1, n <= batchsize - 1, (n++)]): null

2018-06-10 19:08:17 - [TEST_STEP][PASSED] - Statement - product = new com.kms.katalon.core.testobject.TestObject(): null

2018-06-10 19:08:17 - [TEST_STEP][PASSED] - Statement - product = com.kms.katalon.core.webui.keyword.WebUiBuiltInKeywords.modifyObjectProperty(product, "xpath", "equals", "//*[@id = "fldvendor" + row + ""]", true): Modify property of object successfully

2018-06-10 19:08:17 - [MESSAGE][PASSED] - Modify property of object successfully

2018-06-10 19:08:17 - [TEST_STEP][PASSED] - selectOptionByIndex: All options with index in [1] are selected on object ''

2018-06-10 19:08:17 - [MESSAGE][PASSED] - All options with index in [1] are selected on object ''

2018-06-10 19:08:17 - [TEST_STEP][PASSED] - Statement - batch = new com.kms.katalon.core.testobject.TestObject(): null

2018-06-10 19:08:17 - [TEST_STEP][PASSED] - Statement - batch = com.kms.katalon.core.webui.keyword.WebUiBuiltInKeywords.modifyObjectProperty(batch, "xpath", "equals", "//*[@id = "txtbthqty" + row + ""]", true): Modify property of object successfully

2018-06-10 19:08:17 - [MESSAGE][PASSED] - Modify property of object successfully

2018-06-10 19:08:17 - [TEST_STEP][PASSED] - Statement - batchqty = com.kms.katalon.core.webui.keyword.WebUiBuiltInKeywords.getAttribute(batch, "value").trim(): Attribute 'value' of object '' is: '1500'

2018-06-10 19:08:17 - [MESSAGE][PASSED] - Attribute 'value' of object '' is: '1500'

2018-06-10 19:08:17 - [TEST_STEP][PASSED] - Statement - Rqty = 100: null

2018-06-10 19:08:17 - [TEST_STEP][PASSED] - delay: Delayed 2 second(s)

2018-06-10 19:08:19 - [MESSAGE][PASSED] - Delayed 2 second(s)

2018-06-10 19:08:19 - [TEST_STEP][PASSED] - Statement - out.println("BatchQty : " + batchqty): null

2018-06-10 19:08:19 - [TEST_STEP][PASSED] - Statement - out.println("RQty : " + Rqty): null

2018-06-10 19:08:19 - [TEST_STEP][PASSED] - Statement - If (java.lang.Integer.valueOf(batchqty) >= java.lang.Integer.valueOf(Rqty)): null

2018-06-10 19:08:19 - [TEST_STEP][PASSED] - Statement - Break: null

2018-06-10 19:08:19 - [TEST_STEP][PASSED] - delay: Delayed 2 second(s)

2018-06-10 19:08:21 - [MESSAGE][PASSED] - Delayed 2 second(s)

2018-06-10 19:08:21 - [TEST_STEP][PASSED] - click: Object: 'Object Repository/HealthpostToCms/Page_KDMC - CMS/input_btndispatch' is clicked on

2018-06-10 19:08:21 - [MESSAGE][PASSED] - Object: 'Object Repository/HealthpostToCms/Page_KDMC - CMS/input_btndispatch' is clicked on

2018-06-10 19:08:21 - [TEST_STEP][PASSED] - delay: Delayed 3 second(s)

2018-06-10 19:08:24 - [MESSAGE][PASSED] - Delayed 3 second(s)

2018-06-10 19:08:24 - [TEST_STEP][PASSED] - click: Object: 'Object Repository/HealthpostToCms/Page_KDMC - CMS/button_OK' is clicked on

2018-06-10 19:08:25 - [MESSAGE][PASSED] - Object: 'Object Repository/HealthpostToCms/Page_KDMC - CMS/button_OK' is clicked on

2018-06-10 19:08:25 - [TEST_STEP][PASSED] - delay: Delayed 3 second(s)

2018-06-10 19:08:28 - [MESSAGE][PASSED] - Delayed 3 second(s)

2018-06-10 19:08:28 - [TEST_STEP][PASSED] - click: Object: 'Object Repository/HealthpostToCms/Page_KDMC - CMS/a_dropdown-toggle' is clicked on

2018-06-10 19:08:28 - [MESSAGE][PASSED] - Object: 'Object Repository/HealthpostToCms/Page_KDMC - CMS/a_dropdown-toggle' is clicked on

2018-06-10 19:08:28 - [TEST_STEP][PASSED] - click: Object: 'Object Repository/HealthpostToCms/Page_KDMC - CMS/a_Sign out' is clicked on

2018-06-10 19:08:28 - [MESSAGE][PASSED] - Object: 'Object Repository/HealthpostToCms/Page_KDMC - CMS/a_Sign out' is clicked on

2018-06-10 19:08:28 - [TEST_STEP][PASSED] - delay: Delayed 3 second(s)

2018-06-10 19:08:31 - [MESSAGE][PASSED] - Delayed 3 second(s)

2018-06-10 19:08:31 - [TEST_STEP][PASSED] - navigateToUrl: Navigate to 'http://192.168.137.1/multihospital_new/HDSplashscreen.aspx' successfully

2018-06-10 19:08:32 - [MESSAGE][PASSED] - Navigate to 'http://192.168.137.1/multihospital_new/HDSplashscreen.aspx' successfully

2018-06-10 19:08:32 - [TEST_STEP][PASSED] - click: Object: 'Object Repository/HealthpostToCms/Page_KDMC/a_Healthpost Store' is clicked on

2018-06-10 19:08:32 - [MESSAGE][PASSED] - Object: 'Object Repository/HealthpostToCms/Page_KDMC/a_Healthpost Store' is clicked on

2018-06-10 19:08:32 - [TEST_STEP][PASSED] - setText: Text 'raguram' is set on object 'Object Repository/HealthpostToCms/Page_HealthPost Store Login/input_txtusername'

2018-06-10 19:08:32 - [MESSAGE][PASSED] - Text 'raguram' is set on object 'Object Repository/HealthpostToCms/Page_HealthPost Store Login/input_txtusername'

2018-06-10 19:08:32 - [TEST_STEP][PASSED] - setText: Text '123' is set on object 'Object Repository/HealthpostToCms/Page_HealthPost Store Login/input_txtpassword'

2018-06-10 19:08:32 - [MESSAGE][PASSED] - Text '123' is set on object 'Object Repository/HealthpostToCms/Page_HealthPost Store Login/input_txtpassword'

2018-06-10 19:08:32 - [TEST_STEP][PASSED] - delay: Delayed 3 second(s)

2018-06-10 19:08:35 - [MESSAGE][PASSED] - Delayed 3 second(s)

2018-06-10 19:08:35 - [TEST_STEP][PASSED] - click: Object: 'Object Repository/HealthpostToCms/Page_HealthPost Store Login/button_Sign in' is clicked on

2018-06-10 19:08:36 - [MESSAGE][PASSED] - Object: 'Object Repository/HealthpostToCms/Page_HealthPost Store Login/button_Sign in' is clicked on

2018-06-10 19:08:36 - [TEST_STEP][PASSED] - delay: Delayed 3 second(s)

2018-06-10 19:08:39 - [MESSAGE][PASSED] - Delayed 3 second(s)

2018-06-10 19:08:39 - [TEST_STEP][PASSED] - click: Object: 'Object Repository/HealthpostToCms/Page_HealthPost Store/a_CMS' is clicked on

2018-06-10 19:08:39 - [MESSAGE][PASSED] - Object: 'Object Repository/HealthpostToCms/Page_HealthPost Store/a_CMS' is clicked on

2018-06-10 19:08:39 - [TEST_STEP][PASSED] - delay: Delayed 2 second(s)

2018-06-10 19:08:41 - [MESSAGE][PASSED] - Delayed 2 second(s)

2018-06-10 19:08:41 - [TEST_STEP][PASSED] - click: Object: 'Object Repository/HealthpostToCms/Page_HealthPost Store/a_Receiving Goods' is clicked on

2018-06-10 19:08:42 - [MESSAGE][PASSED] - Object: 'Object Repository/HealthpostToCms/Page_HealthPost Store/a_Receiving Goods' is clicked on

2018-06-10 19:08:42 - [TEST_STEP][PASSED] - setText: Text 'PRNO/10062018/807' is set on object 'Object Repository/HealthpostToCms/Page_HealthPost Store/input'

2018-06-10 19:08:42 - [MESSAGE][PASSED] - Text 'PRNO/10062018/807' is set on object 'Object Repository/HealthpostToCms/Page_HealthPost Store/input'

2018-06-10 19:08:42 - [TEST_STEP][PASSED] - click: Object: 'Object Repository/HealthpostToCms/Page_HealthPost Store/input_PRNO18052018174' is clicked on

2018-06-10 19:08:42 - [MESSAGE][PASSED] - Object: 'Object Repository/HealthpostToCms/Page_HealthPost Store/input_PRNO18052018174' is clicked on

2018-06-10 19:08:42 - [TEST_STEP][PASSED] - delay: Delayed 2 second(s)

2018-06-10 19:08:44 - [MESSAGE][PASSED] - Delayed 2 second(s)

2018-06-10 19:08:44 - [TEST_STEP][PASSED] - click: Object: 'Object Repository/HealthpostToCms/Page_HealthPost Store/input_chkrem' is clicked on

2018-06-10 19:08:44 - [MESSAGE][PASSED] - Object: 'Object Repository/HealthpostToCms/Page_HealthPost Store/input_chkrem' is clicked on

2018-06-10 19:08:44 - [TEST_STEP][PASSED] - scrollToElement: Scroll to object 'Object Repository/HealthpostToCms/Page_HealthPost Store/input_btchkroqadd' successfully

2018-06-10 19:08:44 - [MESSAGE][PASSED] - Scroll to object 'Object Repository/HealthpostToCms/Page_HealthPost Store/input_btchkroqadd' successfully

2018-06-10 19:08:44 - [TEST_STEP][PASSED] - click: Object: 'Object Repository/HealthpostToCms/Page_HealthPost Store/input_btchkroqadd' is clicked on

2018-06-10 19:08:45 - [MESSAGE][PASSED] - Object: 'Object Repository/HealthpostToCms/Page_HealthPost Store/input_btchkroqadd' is clicked on

2018-06-10 19:08:45 - [TEST_STEP][PASSED] - delay: Delayed 2 second(s)

2018-06-10 19:08:47 - [MESSAGE][PASSED] - Delayed 2 second(s)

2018-06-10 19:08:47 - [TEST_STEP][PASSED] - refresh: Refresh successfully

2018-06-10 19:08:47 - [MESSAGE][PASSED] - Refresh successfully

2018-06-10 19:08:47 - [TEST_STEP][PASSED] - delay: Delayed 3 second(s)

2018-06-10 19:08:50 - [MESSAGE][PASSED] - Delayed 3 second(s)

2018-06-10 19:08:50 - [TEST_STEP][PASSED] - click: Object: 'Object Repository/HealthpostToCms/Page_HealthPost Store/a_dropdown-toggle' is clicked on

2018-06-10 19:08:50 - [MESSAGE][PASSED] - Object: 'Object Repository/HealthpostToCms/Page_HealthPost Store/a_dropdown-toggle' is clicked on

2018-06-10 19:08:50 - [TEST_STEP][PASSED] - click: Object: 'Object Repository/HealthpostToCms/Page_HealthPost Store/a_Sign out' is clicked on

2018-06-10 19:08:51 - [MESSAGE][PASSED] - Object: 'Object Repository/HealthpostToCms/Page_HealthPost Store/a_Sign out' is clicked on

2018-06-10 19:08:51 - [TEST_STEP][PASSED] - closeBrowser: Browser is closed

2018-06-10 19:08:51 - [MESSAGE][PASSED] - Browser is closed]]></system-out>
         <system-err><![CDATA[]]></system-err>
      </testcase>
      <testcase name="Test Cases/HEALTHPOST TEST CASES/TC_HP_020 Verify Schedule 8 Healthpost To CMS Request Are Working Successfully Or Not" classname="Test Cases/HEALTHPOST TEST CASES/TC_HP_020 Verify Schedule 8 Healthpost To CMS Request Are Working Successfully Or Not" status="PASSED">
         <system-out><![CDATA[2018-06-10 19:08:51 - [TEST_CASE][PASSED] - Test Cases/HEALTHPOST TEST CASES/TC_HP_020 Verify Schedule 8 Healthpost To CMS Request Are Working Successfully Or Not: Test Cases/HEALTHPOST TEST CASES/TC_HP_020 Verify Schedule 8 Healthpost To CMS Request Are Working Successfully Or Not

2018-06-10 19:08:52 - [TEST_STEP][PASSED] - openBrowser: Browser is opened with url: ''

2018-06-10 19:08:54 - [MESSAGE][PASSED] - Browser is opened with url: ''

2018-06-10 19:08:54 - [TEST_STEP][PASSED] - navigateToUrl: Navigate to 'http://192.168.137.1/multihospital_new/HDSplashscreen.aspx' successfully

2018-06-10 19:08:55 - [MESSAGE][PASSED] - Navigate to 'http://192.168.137.1/multihospital_new/HDSplashscreen.aspx' successfully

2018-06-10 19:08:55 - [TEST_STEP][PASSED] - maximizeWindow: Current window maximized

2018-06-10 19:08:57 - [MESSAGE][PASSED] - Current window maximized

2018-06-10 19:08:57 - [TEST_STEP][PASSED] - click: Object: 'Object Repository/HealthpostToCms/Page_KDMC/a_Healthpost Store' is clicked on

2018-06-10 19:08:58 - [MESSAGE][PASSED] - Object: 'Object Repository/HealthpostToCms/Page_KDMC/a_Healthpost Store' is clicked on

2018-06-10 19:08:58 - [TEST_STEP][PASSED] - setText: Text 'raguram' is set on object 'Object Repository/HealthpostToCms/Page_HealthPost Store Login/input_txtusername'

2018-06-10 19:08:58 - [MESSAGE][PASSED] - Text 'raguram' is set on object 'Object Repository/HealthpostToCms/Page_HealthPost Store Login/input_txtusername'

2018-06-10 19:08:58 - [TEST_STEP][PASSED] - setText: Text '123' is set on object 'Object Repository/HealthpostToCms/Page_HealthPost Store Login/input_txtpassword'

2018-06-10 19:08:58 - [MESSAGE][PASSED] - Text '123' is set on object 'Object Repository/HealthpostToCms/Page_HealthPost Store Login/input_txtpassword'

2018-06-10 19:08:58 - [TEST_STEP][PASSED] - delay: Delayed 3 second(s)

2018-06-10 19:09:01 - [MESSAGE][PASSED] - Delayed 3 second(s)

2018-06-10 19:09:01 - [TEST_STEP][PASSED] - click: Object: 'Object Repository/HealthpostToCms/Page_HealthPost Store Login/button_Sign in' is clicked on

2018-06-10 19:09:01 - [MESSAGE][PASSED] - Object: 'Object Repository/HealthpostToCms/Page_HealthPost Store Login/button_Sign in' is clicked on

2018-06-10 19:09:01 - [TEST_STEP][PASSED] - delay: Delayed 3 second(s)

2018-06-10 19:09:04 - [MESSAGE][PASSED] - Delayed 3 second(s)

2018-06-10 19:09:04 - [TEST_STEP][PASSED] - click: Object: 'Object Repository/HealthpostToCms/Page_HealthPost Store/a_CMS' is clicked on

2018-06-10 19:09:05 - [MESSAGE][PASSED] - Object: 'Object Repository/HealthpostToCms/Page_HealthPost Store/a_CMS' is clicked on

2018-06-10 19:09:05 - [TEST_STEP][PASSED] - click: Object: 'Object Repository/HealthpostToCms/Page_HealthPost Store/a_Request Send' is clicked on

2018-06-10 19:09:05 - [MESSAGE][PASSED] - Object: 'Object Repository/HealthpostToCms/Page_HealthPost Store/a_Request Send' is clicked on

2018-06-10 19:09:05 - [TEST_STEP][PASSED] - delay: Delayed 2 second(s)

2018-06-10 19:09:07 - [MESSAGE][PASSED] - Delayed 2 second(s)

2018-06-10 19:09:07 - [TEST_STEP][PASSED] - selectOptionByIndex: All options with index in [2] are selected on object 'Object Repository/HealthpostToCms/Page_HealthPost Store/select_--Select--'

2018-06-10 19:09:07 - [MESSAGE][PASSED] - All options with index in [2] are selected on object 'Object Repository/HealthpostToCms/Page_HealthPost Store/select_--Select--'

2018-06-10 19:09:07 - [TEST_STEP][PASSED] - selectOptionByIndex: All options with index in [8] are selected on object 'Object Repository/HealthpostToCms/Page_HealthPost Store/select_--Select--Schedule 1Inj'

2018-06-10 19:09:08 - [MESSAGE][PASSED] - All options with index in [8] are selected on object 'Object Repository/HealthpostToCms/Page_HealthPost Store/select_--Select--Schedule 1Inj'

2018-06-10 19:09:08 - [TEST_STEP][PASSED] - Statement - medicineslength = com.kms.katalon.core.webui.keyword.WebUiBuiltInKeywords.getNumberOfTotalOption(com.kms.katalon.core.testobject.ObjectRepository.findTestObject(HealthpostToCms/Page_HealthPost Store/select_--Select--Adernaline 0.)): 18 options of object 'Object Repository/HealthpostToCms/Page_HealthPost Store/select_--Select--Adernaline 0.' counted

2018-06-10 19:09:08 - [MESSAGE][PASSED] - 18 options of object 'Object Repository/HealthpostToCms/Page_HealthPost Store/select_--Select--Adernaline 0.' counted

2018-06-10 19:09:08 - [TEST_STEP][PASSED] - Statement - For ([e = 1, e <= medicineslength - 1, (e++)]): Object: 'Object Repository/HealthpostToCms/Page_HealthPost Store/button_Add' is clicked on

2018-06-10 19:09:08 - [TEST_STEP][PASSED] - selectOptionByIndex: All options with index in [8] are selected on object 'Object Repository/HealthpostToCms/Page_HealthPost Store/select_--Select--Schedule 1Inj'

2018-06-10 19:09:08 - [MESSAGE][PASSED] - All options with index in [8] are selected on object 'Object Repository/HealthpostToCms/Page_HealthPost Store/select_--Select--Schedule 1Inj'

2018-06-10 19:09:08 - [TEST_STEP][PASSED] - selectOptionByIndex: All options with index in [1] are selected on object 'Object Repository/HealthpostToCms/Page_HealthPost Store/select_--Select--Adernaline 0.'

2018-06-10 19:09:08 - [MESSAGE][PASSED] - All options with index in [1] are selected on object 'Object Repository/HealthpostToCms/Page_HealthPost Store/select_--Select--Adernaline 0.'

2018-06-10 19:09:08 - [TEST_STEP][PASSED] - setText: Text '100' is set on object 'Object Repository/HealthpostToCms/Page_HealthPost Store/input_txttreat'

2018-06-10 19:09:08 - [MESSAGE][PASSED] - Text '100' is set on object 'Object Repository/HealthpostToCms/Page_HealthPost Store/input_txttreat'

2018-06-10 19:09:08 - [TEST_STEP][PASSED] - click: Object: 'Object Repository/HealthpostToCms/Page_HealthPost Store/button_Add' is clicked on

2018-06-10 19:09:08 - [MESSAGE][PASSED] - Object: 'Object Repository/HealthpostToCms/Page_HealthPost Store/button_Add' is clicked on

2018-06-10 19:09:08 - [TEST_STEP][PASSED] - selectOptionByIndex: All options with index in [8] are selected on object 'Object Repository/HealthpostToCms/Page_HealthPost Store/select_--Select--Schedule 1Inj'

2018-06-10 19:09:08 - [MESSAGE][PASSED] - All options with index in [8] are selected on object 'Object Repository/HealthpostToCms/Page_HealthPost Store/select_--Select--Schedule 1Inj'

2018-06-10 19:09:08 - [TEST_STEP][PASSED] - selectOptionByIndex: All options with index in [2] are selected on object 'Object Repository/HealthpostToCms/Page_HealthPost Store/select_--Select--Adernaline 0.'

2018-06-10 19:09:08 - [MESSAGE][PASSED] - All options with index in [2] are selected on object 'Object Repository/HealthpostToCms/Page_HealthPost Store/select_--Select--Adernaline 0.'

2018-06-10 19:09:08 - [TEST_STEP][PASSED] - setText: Text '100' is set on object 'Object Repository/HealthpostToCms/Page_HealthPost Store/input_txttreat'

2018-06-10 19:09:08 - [MESSAGE][PASSED] - Text '100' is set on object 'Object Repository/HealthpostToCms/Page_HealthPost Store/input_txttreat'

2018-06-10 19:09:08 - [TEST_STEP][PASSED] - click: Object: 'Object Repository/HealthpostToCms/Page_HealthPost Store/button_Add' is clicked on

2018-06-10 19:09:09 - [MESSAGE][PASSED] - Object: 'Object Repository/HealthpostToCms/Page_HealthPost Store/button_Add' is clicked on

2018-06-10 19:09:09 - [TEST_STEP][PASSED] - selectOptionByIndex: All options with index in [8] are selected on object 'Object Repository/HealthpostToCms/Page_HealthPost Store/select_--Select--Schedule 1Inj'

2018-06-10 19:09:09 - [MESSAGE][PASSED] - All options with index in [8] are selected on object 'Object Repository/HealthpostToCms/Page_HealthPost Store/select_--Select--Schedule 1Inj'

2018-06-10 19:09:09 - [TEST_STEP][PASSED] - selectOptionByIndex: All options with index in [3] are selected on object 'Object Repository/HealthpostToCms/Page_HealthPost Store/select_--Select--Adernaline 0.'

2018-06-10 19:09:09 - [MESSAGE][PASSED] - All options with index in [3] are selected on object 'Object Repository/HealthpostToCms/Page_HealthPost Store/select_--Select--Adernaline 0.'

2018-06-10 19:09:09 - [TEST_STEP][PASSED] - setText: Text '100' is set on object 'Object Repository/HealthpostToCms/Page_HealthPost Store/input_txttreat'

2018-06-10 19:09:09 - [MESSAGE][PASSED] - Text '100' is set on object 'Object Repository/HealthpostToCms/Page_HealthPost Store/input_txttreat'

2018-06-10 19:09:09 - [TEST_STEP][PASSED] - click: Object: 'Object Repository/HealthpostToCms/Page_HealthPost Store/button_Add' is clicked on

2018-06-10 19:09:09 - [MESSAGE][PASSED] - Object: 'Object Repository/HealthpostToCms/Page_HealthPost Store/button_Add' is clicked on

2018-06-10 19:09:09 - [TEST_STEP][PASSED] - selectOptionByIndex: All options with index in [8] are selected on object 'Object Repository/HealthpostToCms/Page_HealthPost Store/select_--Select--Schedule 1Inj'

2018-06-10 19:09:09 - [MESSAGE][PASSED] - All options with index in [8] are selected on object 'Object Repository/HealthpostToCms/Page_HealthPost Store/select_--Select--Schedule 1Inj'

2018-06-10 19:09:09 - [TEST_STEP][PASSED] - selectOptionByIndex: All options with index in [4] are selected on object 'Object Repository/HealthpostToCms/Page_HealthPost Store/select_--Select--Adernaline 0.'

2018-06-10 19:09:09 - [MESSAGE][PASSED] - All options with index in [4] are selected on object 'Object Repository/HealthpostToCms/Page_HealthPost Store/select_--Select--Adernaline 0.'

2018-06-10 19:09:09 - [TEST_STEP][PASSED] - setText: Text '100' is set on object 'Object Repository/HealthpostToCms/Page_HealthPost Store/input_txttreat'

2018-06-10 19:09:10 - [MESSAGE][PASSED] - Text '100' is set on object 'Object Repository/HealthpostToCms/Page_HealthPost Store/input_txttreat'

2018-06-10 19:09:10 - [TEST_STEP][PASSED] - click: Object: 'Object Repository/HealthpostToCms/Page_HealthPost Store/button_Add' is clicked on

2018-06-10 19:09:10 - [MESSAGE][PASSED] - Object: 'Object Repository/HealthpostToCms/Page_HealthPost Store/button_Add' is clicked on

2018-06-10 19:09:10 - [TEST_STEP][PASSED] - selectOptionByIndex: All options with index in [8] are selected on object 'Object Repository/HealthpostToCms/Page_HealthPost Store/select_--Select--Schedule 1Inj'

2018-06-10 19:09:10 - [MESSAGE][PASSED] - All options with index in [8] are selected on object 'Object Repository/HealthpostToCms/Page_HealthPost Store/select_--Select--Schedule 1Inj'

2018-06-10 19:09:10 - [TEST_STEP][PASSED] - selectOptionByIndex: All options with index in [5] are selected on object 'Object Repository/HealthpostToCms/Page_HealthPost Store/select_--Select--Adernaline 0.'

2018-06-10 19:09:10 - [MESSAGE][PASSED] - All options with index in [5] are selected on object 'Object Repository/HealthpostToCms/Page_HealthPost Store/select_--Select--Adernaline 0.'

2018-06-10 19:09:10 - [TEST_STEP][PASSED] - setText: Text '100' is set on object 'Object Repository/HealthpostToCms/Page_HealthPost Store/input_txttreat'

2018-06-10 19:09:10 - [MESSAGE][PASSED] - Text '100' is set on object 'Object Repository/HealthpostToCms/Page_HealthPost Store/input_txttreat'

2018-06-10 19:09:10 - [TEST_STEP][PASSED] - click: Object: 'Object Repository/HealthpostToCms/Page_HealthPost Store/button_Add' is clicked on

2018-06-10 19:09:10 - [MESSAGE][PASSED] - Object: 'Object Repository/HealthpostToCms/Page_HealthPost Store/button_Add' is clicked on

2018-06-10 19:09:10 - [TEST_STEP][PASSED] - selectOptionByIndex: All options with index in [8] are selected on object 'Object Repository/HealthpostToCms/Page_HealthPost Store/select_--Select--Schedule 1Inj'

2018-06-10 19:09:10 - [MESSAGE][PASSED] - All options with index in [8] are selected on object 'Object Repository/HealthpostToCms/Page_HealthPost Store/select_--Select--Schedule 1Inj'

2018-06-10 19:09:10 - [TEST_STEP][PASSED] - selectOptionByIndex: All options with index in [6] are selected on object 'Object Repository/HealthpostToCms/Page_HealthPost Store/select_--Select--Adernaline 0.'

2018-06-10 19:09:11 - [MESSAGE][PASSED] - All options with index in [6] are selected on object 'Object Repository/HealthpostToCms/Page_HealthPost Store/select_--Select--Adernaline 0.'

2018-06-10 19:09:11 - [TEST_STEP][PASSED] - setText: Text '100' is set on object 'Object Repository/HealthpostToCms/Page_HealthPost Store/input_txttreat'

2018-06-10 19:09:11 - [MESSAGE][PASSED] - Text '100' is set on object 'Object Repository/HealthpostToCms/Page_HealthPost Store/input_txttreat'

2018-06-10 19:09:11 - [TEST_STEP][PASSED] - click: Object: 'Object Repository/HealthpostToCms/Page_HealthPost Store/button_Add' is clicked on

2018-06-10 19:09:11 - [MESSAGE][PASSED] - Object: 'Object Repository/HealthpostToCms/Page_HealthPost Store/button_Add' is clicked on

2018-06-10 19:09:11 - [TEST_STEP][PASSED] - selectOptionByIndex: All options with index in [8] are selected on object 'Object Repository/HealthpostToCms/Page_HealthPost Store/select_--Select--Schedule 1Inj'

2018-06-10 19:09:11 - [MESSAGE][PASSED] - All options with index in [8] are selected on object 'Object Repository/HealthpostToCms/Page_HealthPost Store/select_--Select--Schedule 1Inj'

2018-06-10 19:09:11 - [TEST_STEP][PASSED] - selectOptionByIndex: All options with index in [7] are selected on object 'Object Repository/HealthpostToCms/Page_HealthPost Store/select_--Select--Adernaline 0.'

2018-06-10 19:09:11 - [MESSAGE][PASSED] - All options with index in [7] are selected on object 'Object Repository/HealthpostToCms/Page_HealthPost Store/select_--Select--Adernaline 0.'

2018-06-10 19:09:11 - [TEST_STEP][PASSED] - setText: Text '100' is set on object 'Object Repository/HealthpostToCms/Page_HealthPost Store/input_txttreat'

2018-06-10 19:09:11 - [MESSAGE][PASSED] - Text '100' is set on object 'Object Repository/HealthpostToCms/Page_HealthPost Store/input_txttreat'

2018-06-10 19:09:11 - [TEST_STEP][PASSED] - click: Object: 'Object Repository/HealthpostToCms/Page_HealthPost Store/button_Add' is clicked on

2018-06-10 19:09:11 - [MESSAGE][PASSED] - Object: 'Object Repository/HealthpostToCms/Page_HealthPost Store/button_Add' is clicked on

2018-06-10 19:09:11 - [TEST_STEP][PASSED] - selectOptionByIndex: All options with index in [8] are selected on object 'Object Repository/HealthpostToCms/Page_HealthPost Store/select_--Select--Schedule 1Inj'

2018-06-10 19:09:11 - [MESSAGE][PASSED] - All options with index in [8] are selected on object 'Object Repository/HealthpostToCms/Page_HealthPost Store/select_--Select--Schedule 1Inj'

2018-06-10 19:09:11 - [TEST_STEP][PASSED] - selectOptionByIndex: All options with index in [8] are selected on object 'Object Repository/HealthpostToCms/Page_HealthPost Store/select_--Select--Adernaline 0.'

2018-06-10 19:09:12 - [MESSAGE][PASSED] - All options with index in [8] are selected on object 'Object Repository/HealthpostToCms/Page_HealthPost Store/select_--Select--Adernaline 0.'

2018-06-10 19:09:12 - [TEST_STEP][PASSED] - setText: Text '100' is set on object 'Object Repository/HealthpostToCms/Page_HealthPost Store/input_txttreat'

2018-06-10 19:09:12 - [MESSAGE][PASSED] - Text '100' is set on object 'Object Repository/HealthpostToCms/Page_HealthPost Store/input_txttreat'

2018-06-10 19:09:12 - [TEST_STEP][PASSED] - click: Object: 'Object Repository/HealthpostToCms/Page_HealthPost Store/button_Add' is clicked on

2018-06-10 19:09:12 - [MESSAGE][PASSED] - Object: 'Object Repository/HealthpostToCms/Page_HealthPost Store/button_Add' is clicked on

2018-06-10 19:09:12 - [TEST_STEP][PASSED] - selectOptionByIndex: All options with index in [8] are selected on object 'Object Repository/HealthpostToCms/Page_HealthPost Store/select_--Select--Schedule 1Inj'

2018-06-10 19:09:12 - [MESSAGE][PASSED] - All options with index in [8] are selected on object 'Object Repository/HealthpostToCms/Page_HealthPost Store/select_--Select--Schedule 1Inj'

2018-06-10 19:09:12 - [TEST_STEP][PASSED] - selectOptionByIndex: All options with index in [9] are selected on object 'Object Repository/HealthpostToCms/Page_HealthPost Store/select_--Select--Adernaline 0.'

2018-06-10 19:09:12 - [MESSAGE][PASSED] - All options with index in [9] are selected on object 'Object Repository/HealthpostToCms/Page_HealthPost Store/select_--Select--Adernaline 0.'

2018-06-10 19:09:12 - [TEST_STEP][PASSED] - setText: Text '100' is set on object 'Object Repository/HealthpostToCms/Page_HealthPost Store/input_txttreat'

2018-06-10 19:09:12 - [MESSAGE][PASSED] - Text '100' is set on object 'Object Repository/HealthpostToCms/Page_HealthPost Store/input_txttreat'

2018-06-10 19:09:12 - [TEST_STEP][PASSED] - click: Object: 'Object Repository/HealthpostToCms/Page_HealthPost Store/button_Add' is clicked on

2018-06-10 19:09:12 - [MESSAGE][PASSED] - Object: 'Object Repository/HealthpostToCms/Page_HealthPost Store/button_Add' is clicked on

2018-06-10 19:09:12 - [TEST_STEP][PASSED] - selectOptionByIndex: All options with index in [8] are selected on object 'Object Repository/HealthpostToCms/Page_HealthPost Store/select_--Select--Schedule 1Inj'

2018-06-10 19:09:13 - [MESSAGE][PASSED] - All options with index in [8] are selected on object 'Object Repository/HealthpostToCms/Page_HealthPost Store/select_--Select--Schedule 1Inj'

2018-06-10 19:09:13 - [TEST_STEP][PASSED] - selectOptionByIndex: All options with index in [10] are selected on object 'Object Repository/HealthpostToCms/Page_HealthPost Store/select_--Select--Adernaline 0.'

2018-06-10 19:09:13 - [MESSAGE][PASSED] - All options with index in [10] are selected on object 'Object Repository/HealthpostToCms/Page_HealthPost Store/select_--Select--Adernaline 0.'

2018-06-10 19:09:13 - [TEST_STEP][PASSED] - setText: Text '100' is set on object 'Object Repository/HealthpostToCms/Page_HealthPost Store/input_txttreat'

2018-06-10 19:09:13 - [MESSAGE][PASSED] - Text '100' is set on object 'Object Repository/HealthpostToCms/Page_HealthPost Store/input_txttreat'

2018-06-10 19:09:13 - [TEST_STEP][PASSED] - click: Object: 'Object Repository/HealthpostToCms/Page_HealthPost Store/button_Add' is clicked on

2018-06-10 19:09:13 - [MESSAGE][PASSED] - Object: 'Object Repository/HealthpostToCms/Page_HealthPost Store/button_Add' is clicked on

2018-06-10 19:09:13 - [TEST_STEP][PASSED] - selectOptionByIndex: All options with index in [8] are selected on object 'Object Repository/HealthpostToCms/Page_HealthPost Store/select_--Select--Schedule 1Inj'

2018-06-10 19:09:13 - [MESSAGE][PASSED] - All options with index in [8] are selected on object 'Object Repository/HealthpostToCms/Page_HealthPost Store/select_--Select--Schedule 1Inj'

2018-06-10 19:09:13 - [TEST_STEP][PASSED] - selectOptionByIndex: All options with index in [11] are selected on object 'Object Repository/HealthpostToCms/Page_HealthPost Store/select_--Select--Adernaline 0.'

2018-06-10 19:09:13 - [MESSAGE][PASSED] - All options with index in [11] are selected on object 'Object Repository/HealthpostToCms/Page_HealthPost Store/select_--Select--Adernaline 0.'

2018-06-10 19:09:13 - [TEST_STEP][PASSED] - setText: Text '100' is set on object 'Object Repository/HealthpostToCms/Page_HealthPost Store/input_txttreat'

2018-06-10 19:09:13 - [MESSAGE][PASSED] - Text '100' is set on object 'Object Repository/HealthpostToCms/Page_HealthPost Store/input_txttreat'

2018-06-10 19:09:13 - [TEST_STEP][PASSED] - click: Object: 'Object Repository/HealthpostToCms/Page_HealthPost Store/button_Add' is clicked on

2018-06-10 19:09:13 - [MESSAGE][PASSED] - Object: 'Object Repository/HealthpostToCms/Page_HealthPost Store/button_Add' is clicked on

2018-06-10 19:09:13 - [TEST_STEP][PASSED] - selectOptionByIndex: All options with index in [8] are selected on object 'Object Repository/HealthpostToCms/Page_HealthPost Store/select_--Select--Schedule 1Inj'

2018-06-10 19:09:14 - [MESSAGE][PASSED] - All options with index in [8] are selected on object 'Object Repository/HealthpostToCms/Page_HealthPost Store/select_--Select--Schedule 1Inj'

2018-06-10 19:09:14 - [TEST_STEP][PASSED] - selectOptionByIndex: All options with index in [12] are selected on object 'Object Repository/HealthpostToCms/Page_HealthPost Store/select_--Select--Adernaline 0.'

2018-06-10 19:09:14 - [MESSAGE][PASSED] - All options with index in [12] are selected on object 'Object Repository/HealthpostToCms/Page_HealthPost Store/select_--Select--Adernaline 0.'

2018-06-10 19:09:14 - [TEST_STEP][PASSED] - setText: Text '100' is set on object 'Object Repository/HealthpostToCms/Page_HealthPost Store/input_txttreat'

2018-06-10 19:09:14 - [MESSAGE][PASSED] - Text '100' is set on object 'Object Repository/HealthpostToCms/Page_HealthPost Store/input_txttreat'

2018-06-10 19:09:14 - [TEST_STEP][PASSED] - click: Object: 'Object Repository/HealthpostToCms/Page_HealthPost Store/button_Add' is clicked on

2018-06-10 19:09:14 - [MESSAGE][PASSED] - Object: 'Object Repository/HealthpostToCms/Page_HealthPost Store/button_Add' is clicked on

2018-06-10 19:09:14 - [TEST_STEP][PASSED] - selectOptionByIndex: All options with index in [8] are selected on object 'Object Repository/HealthpostToCms/Page_HealthPost Store/select_--Select--Schedule 1Inj'

2018-06-10 19:09:14 - [MESSAGE][PASSED] - All options with index in [8] are selected on object 'Object Repository/HealthpostToCms/Page_HealthPost Store/select_--Select--Schedule 1Inj'

2018-06-10 19:09:14 - [TEST_STEP][PASSED] - selectOptionByIndex: All options with index in [13] are selected on object 'Object Repository/HealthpostToCms/Page_HealthPost Store/select_--Select--Adernaline 0.'

2018-06-10 19:09:15 - [MESSAGE][PASSED] - All options with index in [13] are selected on object 'Object Repository/HealthpostToCms/Page_HealthPost Store/select_--Select--Adernaline 0.'

2018-06-10 19:09:15 - [TEST_STEP][PASSED] - setText: Text '100' is set on object 'Object Repository/HealthpostToCms/Page_HealthPost Store/input_txttreat'

2018-06-10 19:09:15 - [MESSAGE][PASSED] - Text '100' is set on object 'Object Repository/HealthpostToCms/Page_HealthPost Store/input_txttreat'

2018-06-10 19:09:15 - [TEST_STEP][PASSED] - click: Object: 'Object Repository/HealthpostToCms/Page_HealthPost Store/button_Add' is clicked on

2018-06-10 19:09:15 - [MESSAGE][PASSED] - Object: 'Object Repository/HealthpostToCms/Page_HealthPost Store/button_Add' is clicked on

2018-06-10 19:09:15 - [TEST_STEP][PASSED] - selectOptionByIndex: All options with index in [8] are selected on object 'Object Repository/HealthpostToCms/Page_HealthPost Store/select_--Select--Schedule 1Inj'

2018-06-10 19:09:15 - [MESSAGE][PASSED] - All options with index in [8] are selected on object 'Object Repository/HealthpostToCms/Page_HealthPost Store/select_--Select--Schedule 1Inj'

2018-06-10 19:09:15 - [TEST_STEP][PASSED] - selectOptionByIndex: All options with index in [14] are selected on object 'Object Repository/HealthpostToCms/Page_HealthPost Store/select_--Select--Adernaline 0.'

2018-06-10 19:09:15 - [MESSAGE][PASSED] - All options with index in [14] are selected on object 'Object Repository/HealthpostToCms/Page_HealthPost Store/select_--Select--Adernaline 0.'

2018-06-10 19:09:15 - [TEST_STEP][PASSED] - setText: Text '100' is set on object 'Object Repository/HealthpostToCms/Page_HealthPost Store/input_txttreat'

2018-06-10 19:09:15 - [MESSAGE][PASSED] - Text '100' is set on object 'Object Repository/HealthpostToCms/Page_HealthPost Store/input_txttreat'

2018-06-10 19:09:15 - [TEST_STEP][PASSED] - click: Object: 'Object Repository/HealthpostToCms/Page_HealthPost Store/button_Add' is clicked on

2018-06-10 19:09:15 - [MESSAGE][PASSED] - Object: 'Object Repository/HealthpostToCms/Page_HealthPost Store/button_Add' is clicked on

2018-06-10 19:09:15 - [TEST_STEP][PASSED] - selectOptionByIndex: All options with index in [8] are selected on object 'Object Repository/HealthpostToCms/Page_HealthPost Store/select_--Select--Schedule 1Inj'

2018-06-10 19:09:16 - [MESSAGE][PASSED] - All options with index in [8] are selected on object 'Object Repository/HealthpostToCms/Page_HealthPost Store/select_--Select--Schedule 1Inj'

2018-06-10 19:09:16 - [TEST_STEP][PASSED] - selectOptionByIndex: All options with index in [15] are selected on object 'Object Repository/HealthpostToCms/Page_HealthPost Store/select_--Select--Adernaline 0.'

2018-06-10 19:09:16 - [MESSAGE][PASSED] - All options with index in [15] are selected on object 'Object Repository/HealthpostToCms/Page_HealthPost Store/select_--Select--Adernaline 0.'

2018-06-10 19:09:16 - [TEST_STEP][PASSED] - setText: Text '100' is set on object 'Object Repository/HealthpostToCms/Page_HealthPost Store/input_txttreat'

2018-06-10 19:09:16 - [MESSAGE][PASSED] - Text '100' is set on object 'Object Repository/HealthpostToCms/Page_HealthPost Store/input_txttreat'

2018-06-10 19:09:16 - [TEST_STEP][PASSED] - click: Object: 'Object Repository/HealthpostToCms/Page_HealthPost Store/button_Add' is clicked on

2018-06-10 19:09:16 - [MESSAGE][PASSED] - Object: 'Object Repository/HealthpostToCms/Page_HealthPost Store/button_Add' is clicked on

2018-06-10 19:09:16 - [TEST_STEP][PASSED] - selectOptionByIndex: All options with index in [8] are selected on object 'Object Repository/HealthpostToCms/Page_HealthPost Store/select_--Select--Schedule 1Inj'

2018-06-10 19:09:16 - [MESSAGE][PASSED] - All options with index in [8] are selected on object 'Object Repository/HealthpostToCms/Page_HealthPost Store/select_--Select--Schedule 1Inj'

2018-06-10 19:09:16 - [TEST_STEP][PASSED] - selectOptionByIndex: All options with index in [16] are selected on object 'Object Repository/HealthpostToCms/Page_HealthPost Store/select_--Select--Adernaline 0.'

2018-06-10 19:09:16 - [MESSAGE][PASSED] - All options with index in [16] are selected on object 'Object Repository/HealthpostToCms/Page_HealthPost Store/select_--Select--Adernaline 0.'

2018-06-10 19:09:16 - [TEST_STEP][PASSED] - setText: Text '100' is set on object 'Object Repository/HealthpostToCms/Page_HealthPost Store/input_txttreat'

2018-06-10 19:09:17 - [MESSAGE][PASSED] - Text '100' is set on object 'Object Repository/HealthpostToCms/Page_HealthPost Store/input_txttreat'

2018-06-10 19:09:17 - [TEST_STEP][PASSED] - click: Object: 'Object Repository/HealthpostToCms/Page_HealthPost Store/button_Add' is clicked on

2018-06-10 19:09:17 - [MESSAGE][PASSED] - Object: 'Object Repository/HealthpostToCms/Page_HealthPost Store/button_Add' is clicked on

2018-06-10 19:09:17 - [TEST_STEP][PASSED] - selectOptionByIndex: All options with index in [8] are selected on object 'Object Repository/HealthpostToCms/Page_HealthPost Store/select_--Select--Schedule 1Inj'

2018-06-10 19:09:17 - [MESSAGE][PASSED] - All options with index in [8] are selected on object 'Object Repository/HealthpostToCms/Page_HealthPost Store/select_--Select--Schedule 1Inj'

2018-06-10 19:09:17 - [TEST_STEP][PASSED] - selectOptionByIndex: All options with index in [17] are selected on object 'Object Repository/HealthpostToCms/Page_HealthPost Store/select_--Select--Adernaline 0.'

2018-06-10 19:09:17 - [MESSAGE][PASSED] - All options with index in [17] are selected on object 'Object Repository/HealthpostToCms/Page_HealthPost Store/select_--Select--Adernaline 0.'

2018-06-10 19:09:17 - [TEST_STEP][PASSED] - setText: Text '100' is set on object 'Object Repository/HealthpostToCms/Page_HealthPost Store/input_txttreat'

2018-06-10 19:09:17 - [MESSAGE][PASSED] - Text '100' is set on object 'Object Repository/HealthpostToCms/Page_HealthPost Store/input_txttreat'

2018-06-10 19:09:17 - [TEST_STEP][PASSED] - click: Object: 'Object Repository/HealthpostToCms/Page_HealthPost Store/button_Add' is clicked on

2018-06-10 19:09:17 - [MESSAGE][PASSED] - Object: 'Object Repository/HealthpostToCms/Page_HealthPost Store/button_Add' is clicked on

2018-06-10 19:09:17 - [TEST_STEP][PASSED] - scrollToElement: Scroll to object 'Object Repository/HealthpostToCms/Page_HealthPost Store/input_btnsave' successfully

2018-06-10 19:09:17 - [MESSAGE][PASSED] - Scroll to object 'Object Repository/HealthpostToCms/Page_HealthPost Store/input_btnsave' successfully

2018-06-10 19:09:17 - [TEST_STEP][PASSED] - click: Object: 'Object Repository/HealthpostToCms/Page_HealthPost Store/input_btnsave' is clicked on

2018-06-10 19:09:17 - [MESSAGE][PASSED] - Object: 'Object Repository/HealthpostToCms/Page_HealthPost Store/input_btnsave' is clicked on

2018-06-10 19:09:17 - [TEST_STEP][PASSED] - delay: Delayed 3 second(s)

2018-06-10 19:09:20 - [MESSAGE][PASSED] - Delayed 3 second(s)

2018-06-10 19:09:20 - [TEST_STEP][PASSED] - waitForElementVisible: Object 'Object Repository/HealthpostToCms/Page_HealthPost Store/font_PRNO18052018174' is visible

2018-06-10 19:09:20 - [MESSAGE][PASSED] - Object 'Object Repository/HealthpostToCms/Page_HealthPost Store/font_PRNO18052018174' is visible

2018-06-10 19:09:20 - [TEST_STEP][PASSED] - Statement - RN1 = com.kms.katalon.core.webui.keyword.WebUiBuiltInKeywords.getText(com.kms.katalon.core.testobject.ObjectRepository.findTestObject(HealthpostToCms/Page_HealthPost Store/font_PRNO18052018174)): Text of object 'Object Repository/HealthpostToCms/Page_HealthPost Store/font_PRNO18052018174' is: 'PRNO/10062018/808'

2018-06-10 19:09:20 - [MESSAGE][PASSED] - Text of object 'Object Repository/HealthpostToCms/Page_HealthPost Store/font_PRNO18052018174' is: 'PRNO/10062018/808'

2018-06-10 19:09:20 - [TEST_STEP][PASSED] - Statement - out.println(RN1): null

2018-06-10 19:09:20 - [TEST_STEP][PASSED] - Statement - RID = RN1.split("/")[2]: null

2018-06-10 19:09:20 - [TEST_STEP][PASSED] - click: Object: 'Object Repository/HealthpostToCms/Page_HealthPost Store/button_OK' is clicked on

2018-06-10 19:09:21 - [MESSAGE][PASSED] - Object: 'Object Repository/HealthpostToCms/Page_HealthPost Store/button_OK' is clicked on

2018-06-10 19:09:21 - [TEST_STEP][PASSED] - delay: Delayed 3 second(s)

2018-06-10 19:09:24 - [MESSAGE][PASSED] - Delayed 3 second(s)

2018-06-10 19:09:24 - [TEST_STEP][PASSED] - waitForElementPresent: Object 'Object Repository/HealthpostToCms/Page_HealthPost Store/a_dropdown-toggle' is present

2018-06-10 19:09:24 - [MESSAGE][PASSED] - Object 'Object Repository/HealthpostToCms/Page_HealthPost Store/a_dropdown-toggle' is present

2018-06-10 19:09:24 - [TEST_STEP][PASSED] - click: Object: 'Object Repository/HealthpostToCms/Page_HealthPost Store/a_dropdown-toggle' is clicked on

2018-06-10 19:09:24 - [MESSAGE][PASSED] - Object: 'Object Repository/HealthpostToCms/Page_HealthPost Store/a_dropdown-toggle' is clicked on

2018-06-10 19:09:24 - [TEST_STEP][PASSED] - click: Object: 'Object Repository/HealthpostToCms/Page_HealthPost Store/a_Sign out' is clicked on

2018-06-10 19:09:25 - [MESSAGE][PASSED] - Object: 'Object Repository/HealthpostToCms/Page_HealthPost Store/a_Sign out' is clicked on

2018-06-10 19:09:25 - [TEST_STEP][PASSED] - delay: Delayed 3 second(s)

2018-06-10 19:09:28 - [MESSAGE][PASSED] - Delayed 3 second(s)

2018-06-10 19:09:28 - [TEST_STEP][PASSED] - navigateToUrl: Navigate to 'http://192.168.137.1/multihospital_new/' successfully

2018-06-10 19:09:28 - [MESSAGE][PASSED] - Navigate to 'http://192.168.137.1/multihospital_new/' successfully

2018-06-10 19:09:28 - [TEST_STEP][PASSED] - click: Object: 'Object Repository/HealthpostToCms/Page_KDMC/a_CMO' is clicked on

2018-06-10 19:09:29 - [MESSAGE][PASSED] - Object: 'Object Repository/HealthpostToCms/Page_KDMC/a_CMO' is clicked on

2018-06-10 19:09:29 - [TEST_STEP][PASSED] - setText: Text 'guru' is set on object 'Object Repository/HealthpostToCms/Page_CMO login/input_txtusername'

2018-06-10 19:09:29 - [MESSAGE][PASSED] - Text 'guru' is set on object 'Object Repository/HealthpostToCms/Page_CMO login/input_txtusername'

2018-06-10 19:09:29 - [TEST_STEP][PASSED] - setText: Text '123' is set on object 'Object Repository/HealthpostToCms/Page_CMO login/input_txtpassword'

2018-06-10 19:09:29 - [MESSAGE][PASSED] - Text '123' is set on object 'Object Repository/HealthpostToCms/Page_CMO login/input_txtpassword'

2018-06-10 19:09:29 - [TEST_STEP][PASSED] - delay: Delayed 3 second(s)

2018-06-10 19:09:32 - [MESSAGE][PASSED] - Delayed 3 second(s)

2018-06-10 19:09:32 - [TEST_STEP][PASSED] - click: Object: 'Object Repository/HealthpostToCms/Page_CMO login/button_Sign in' is clicked on

2018-06-10 19:09:33 - [MESSAGE][PASSED] - Object: 'Object Repository/HealthpostToCms/Page_CMO login/button_Sign in' is clicked on

2018-06-10 19:09:33 - [TEST_STEP][PASSED] - delay: Delayed 3 second(s)

2018-06-10 19:09:36 - [MESSAGE][PASSED] - Delayed 3 second(s)

2018-06-10 19:09:36 - [TEST_STEP][PASSED] - click: Object: 'Object Repository/HealthpostToCms/Page_KDMC - CMO/a_CMS Request' is clicked on

2018-06-10 19:09:36 - [MESSAGE][PASSED] - Object: 'Object Repository/HealthpostToCms/Page_KDMC - CMO/a_CMS Request' is clicked on

2018-06-10 19:09:36 - [TEST_STEP][PASSED] - delay: Delayed 2 second(s)

2018-06-10 19:09:38 - [MESSAGE][PASSED] - Delayed 2 second(s)

2018-06-10 19:09:38 - [TEST_STEP][PASSED] - click: Object: 'Object Repository/HealthpostToCms/Page_KDMC - CMO/a_Healthpost Store Request' is clicked on

2018-06-10 19:09:39 - [MESSAGE][PASSED] - Object: 'Object Repository/HealthpostToCms/Page_KDMC - CMO/a_Healthpost Store Request' is clicked on

2018-06-10 19:09:39 - [TEST_STEP][PASSED] - selectOptionByIndex: All options with index in [1] are selected on object 'Object Repository/HealthpostToCms/Page_KDMC - CMO/select_--ALL--'

2018-06-10 19:09:39 - [MESSAGE][PASSED] - All options with index in [1] are selected on object 'Object Repository/HealthpostToCms/Page_KDMC - CMO/select_--ALL--'

2018-06-10 19:09:39 - [TEST_STEP][PASSED] - click: Object: 'Object Repository/HealthpostToCms/Page_KDMC - CMO/input_btnsearch' is clicked on

2018-06-10 19:09:39 - [MESSAGE][PASSED] - Object: 'Object Repository/HealthpostToCms/Page_KDMC - CMO/input_btnsearch' is clicked on

2018-06-10 19:09:39 - [TEST_STEP][PASSED] - Statement - ID = com.kms.katalon.core.webui.keyword.WebUiBuiltInKeywords.modifyObjectProperty(com.kms.katalon.core.testobject.ObjectRepository.findTestObject(lab/Page_KDMC - CMO/input_1), "xpath", "equals", "//*[@id=" + RID + "]", true): Modify property of object successfully

2018-06-10 19:09:39 - [MESSAGE][PASSED] - Modify property of object successfully

2018-06-10 19:09:39 - [TEST_STEP][PASSED] - click: Object: 'Object Repository/lab/Page_KDMC - CMO/input_1' is clicked on

2018-06-10 19:09:40 - [MESSAGE][PASSED] - Object: 'Object Repository/lab/Page_KDMC - CMO/input_1' is clicked on

2018-06-10 19:09:40 - [TEST_STEP][PASSED] - delay: Delayed 2 second(s)

2018-06-10 19:09:42 - [MESSAGE][PASSED] - Delayed 2 second(s)

2018-06-10 19:09:42 - [TEST_STEP][PASSED] - selectOptionByIndex: All options with index in [1] are selected on object 'Object Repository/HealthpostToCms/Page_KDMC - CMO/select_--Select--'

2018-06-10 19:09:42 - [MESSAGE][PASSED] - All options with index in [1] are selected on object 'Object Repository/HealthpostToCms/Page_KDMC - CMO/select_--Select--'

2018-06-10 19:09:42 - [TEST_STEP][PASSED] - click: Object: 'Object Repository/HealthpostToCms/Page_KDMC - CMO/input_btnupdate' is clicked on

2018-06-10 19:09:42 - [MESSAGE][PASSED] - Object: 'Object Repository/HealthpostToCms/Page_KDMC - CMO/input_btnupdate' is clicked on

2018-06-10 19:09:42 - [TEST_STEP][PASSED] - delay: Delayed 2 second(s)

2018-06-10 19:09:44 - [MESSAGE][PASSED] - Delayed 2 second(s)

2018-06-10 19:09:44 - [TEST_STEP][PASSED] - click: Object: 'Object Repository/HealthpostToCms/Page_KDMC - CMO/button_OK' is clicked on

2018-06-10 19:09:44 - [MESSAGE][PASSED] - Object: 'Object Repository/HealthpostToCms/Page_KDMC - CMO/button_OK' is clicked on

2018-06-10 19:09:44 - [TEST_STEP][PASSED] - delay: Delayed 3 second(s)

2018-06-10 19:09:47 - [MESSAGE][PASSED] - Delayed 3 second(s)

2018-06-10 19:09:47 - [TEST_STEP][PASSED] - waitForElementPresent: Object 'Object Repository/HealthpostToCms/Page_KDMC - CMO/a_dropdown-toggle' is present

2018-06-10 19:09:47 - [MESSAGE][PASSED] - Object 'Object Repository/HealthpostToCms/Page_KDMC - CMO/a_dropdown-toggle' is present

2018-06-10 19:09:47 - [TEST_STEP][PASSED] - click: Object: 'Object Repository/HealthpostToCms/Page_KDMC - CMO/a_dropdown-toggle' is clicked on

2018-06-10 19:09:48 - [MESSAGE][PASSED] - Object: 'Object Repository/HealthpostToCms/Page_KDMC - CMO/a_dropdown-toggle' is clicked on

2018-06-10 19:09:48 - [TEST_STEP][PASSED] - click: Object: 'Object Repository/HealthpostToCms/Page_KDMC - CMO/a_Sign out' is clicked on

2018-06-10 19:09:48 - [MESSAGE][PASSED] - Object: 'Object Repository/HealthpostToCms/Page_KDMC - CMO/a_Sign out' is clicked on

2018-06-10 19:09:48 - [TEST_STEP][PASSED] - delay: Delayed 3 second(s)

2018-06-10 19:09:51 - [MESSAGE][PASSED] - Delayed 3 second(s)

2018-06-10 19:09:51 - [TEST_STEP][PASSED] - click: Object: 'Object Repository/HealthpostToCms/Page_KDMC/a_CMS' is clicked on

2018-06-10 19:09:51 - [MESSAGE][PASSED] - Object: 'Object Repository/HealthpostToCms/Page_KDMC/a_CMS' is clicked on

2018-06-10 19:09:51 - [TEST_STEP][PASSED] - setText: Text 'bala' is set on object 'Object Repository/HealthpostToCms/Page_CMS login/input_txtusername'

2018-06-10 19:09:51 - [MESSAGE][PASSED] - Text 'bala' is set on object 'Object Repository/HealthpostToCms/Page_CMS login/input_txtusername'

2018-06-10 19:09:51 - [TEST_STEP][PASSED] - setText: Text '123' is set on object 'Object Repository/HealthpostToCms/Page_CMS login/input_txtpassword'

2018-06-10 19:09:52 - [MESSAGE][PASSED] - Text '123' is set on object 'Object Repository/HealthpostToCms/Page_CMS login/input_txtpassword'

2018-06-10 19:09:52 - [TEST_STEP][PASSED] - delay: Delayed 3 second(s)

2018-06-10 19:09:55 - [MESSAGE][PASSED] - Delayed 3 second(s)

2018-06-10 19:09:55 - [TEST_STEP][PASSED] - click: Object: 'Object Repository/HealthpostToCms/Page_CMS login/button_Sign in' is clicked on

2018-06-10 19:09:55 - [MESSAGE][PASSED] - Object: 'Object Repository/HealthpostToCms/Page_CMS login/button_Sign in' is clicked on

2018-06-10 19:09:55 - [TEST_STEP][PASSED] - delay: Delayed 3 second(s)

2018-06-10 19:09:58 - [MESSAGE][PASSED] - Delayed 3 second(s)

2018-06-10 19:09:58 - [TEST_STEP][PASSED] - click: Object: 'Object Repository/HealthpostToCms/Page_KDMC - CMS/a_Divisional Store' is clicked on

2018-06-10 19:09:58 - [MESSAGE][PASSED] - Object: 'Object Repository/HealthpostToCms/Page_KDMC - CMS/a_Divisional Store' is clicked on

2018-06-10 19:09:58 - [TEST_STEP][PASSED] - delay: Delayed 2 second(s)

2018-06-10 19:10:00 - [MESSAGE][PASSED] - Delayed 2 second(s)

2018-06-10 19:10:00 - [TEST_STEP][PASSED] - click: Object: 'Object Repository/HealthpostToCms/Page_KDMC - CMS/a_Dispatch Items' is clicked on

2018-06-10 19:10:01 - [MESSAGE][PASSED] - Object: 'Object Repository/HealthpostToCms/Page_KDMC - CMS/a_Dispatch Items' is clicked on

2018-06-10 19:10:01 - [TEST_STEP][PASSED] - delay: Delayed 2 second(s)

2018-06-10 19:10:03 - [MESSAGE][PASSED] - Delayed 2 second(s)

2018-06-10 19:10:03 - [TEST_STEP][PASSED] - setText: Text 'PRNO/10062018/808' is set on object 'Object Repository/HealthpostToCms/Page_KDMC - CMS/input'

2018-06-10 19:10:03 - [MESSAGE][PASSED] - Text 'PRNO/10062018/808' is set on object 'Object Repository/HealthpostToCms/Page_KDMC - CMS/input'

2018-06-10 19:10:03 - [TEST_STEP][PASSED] - click: Object: 'Object Repository/HealthpostToCms/Page_KDMC - CMS/input_PRNO18052018174' is clicked on

2018-06-10 19:10:04 - [MESSAGE][PASSED] - Object: 'Object Repository/HealthpostToCms/Page_KDMC - CMS/input_PRNO18052018174' is clicked on

2018-06-10 19:10:04 - [TEST_STEP][PASSED] - delay: Delayed 3 second(s)

2018-06-10 19:10:07 - [MESSAGE][PASSED] - Delayed 3 second(s)

2018-06-10 19:10:07 - [TEST_STEP][PASSED] - Statement - out.println("Length : " + medicineslength): null

2018-06-10 19:10:07 - [TEST_STEP][PASSED] - Statement - For ([row = 0, row < medicineslength - 1, (row++)]): null

2018-06-10 19:10:07 - [TEST_STEP][PASSED] - Statement - batchlength = new com.kms.katalon.core.testobject.TestObject(): null

2018-06-10 19:10:07 - [TEST_STEP][PASSED] - Statement - batchlength = com.kms.katalon.core.webui.keyword.WebUiBuiltInKeywords.modifyObjectProperty(batchlength, "xpath", "equals", "//*[@id = "fldvendor" + row + ""]", true): Modify property of object successfully

2018-06-10 19:10:07 - [MESSAGE][PASSED] - Modify property of object successfully

2018-06-10 19:10:07 - [TEST_STEP][PASSED] - Statement - batchsize = com.kms.katalon.core.webui.keyword.WebUiBuiltInKeywords.getNumberOfTotalOption(batchlength): 14 options of object '' counted

2018-06-10 19:10:07 - [MESSAGE][PASSED] - 14 options of object '' counted

2018-06-10 19:10:07 - [TEST_STEP][PASSED] - Statement - out.println("BatchSize : " + batchsize): null

2018-06-10 19:10:07 - [TEST_STEP][PASSED] - Statement - For ([n = 1, n <= batchsize - 1, (n++)]): null

2018-06-10 19:10:07 - [TEST_STEP][PASSED] - Statement - product = new com.kms.katalon.core.testobject.TestObject(): null

2018-06-10 19:10:07 - [TEST_STEP][PASSED] - Statement - product = com.kms.katalon.core.webui.keyword.WebUiBuiltInKeywords.modifyObjectProperty(product, "xpath", "equals", "//*[@id = "fldvendor" + row + ""]", true): Modify property of object successfully

2018-06-10 19:10:07 - [MESSAGE][PASSED] - Modify property of object successfully

2018-06-10 19:10:07 - [TEST_STEP][PASSED] - selectOptionByIndex: All options with index in [1] are selected on object ''

2018-06-10 19:10:07 - [MESSAGE][PASSED] - All options with index in [1] are selected on object ''

2018-06-10 19:10:07 - [TEST_STEP][PASSED] - Statement - batch = new com.kms.katalon.core.testobject.TestObject(): null

2018-06-10 19:10:07 - [TEST_STEP][PASSED] - Statement - batch = com.kms.katalon.core.webui.keyword.WebUiBuiltInKeywords.modifyObjectProperty(batch, "xpath", "equals", "//*[@id = "txtbthqty" + row + ""]", true): Modify property of object successfully

2018-06-10 19:10:07 - [MESSAGE][PASSED] - Modify property of object successfully

2018-06-10 19:10:07 - [TEST_STEP][PASSED] - Statement - batchqty = com.kms.katalon.core.webui.keyword.WebUiBuiltInKeywords.getAttribute(batch, "value").trim(): Attribute 'value' of object '' is: '24900'

2018-06-10 19:10:07 - [MESSAGE][PASSED] - Attribute 'value' of object '' is: '24900'

2018-06-10 19:10:07 - [TEST_STEP][PASSED] - Statement - Rqty = 100: null

2018-06-10 19:10:07 - [TEST_STEP][PASSED] - delay: Delayed 2 second(s)

2018-06-10 19:10:09 - [MESSAGE][PASSED] - Delayed 2 second(s)

2018-06-10 19:10:09 - [TEST_STEP][PASSED] - Statement - out.println("BatchQty : " + batchqty): null

2018-06-10 19:10:09 - [TEST_STEP][PASSED] - Statement - out.println("RQty : " + Rqty): null

2018-06-10 19:10:09 - [TEST_STEP][PASSED] - Statement - If (java.lang.Integer.valueOf(batchqty) >= java.lang.Integer.valueOf(Rqty)): null

2018-06-10 19:10:09 - [TEST_STEP][PASSED] - Statement - Break: null

2018-06-10 19:10:09 - [TEST_STEP][PASSED] - Statement - batchlength = new com.kms.katalon.core.testobject.TestObject(): null

2018-06-10 19:10:09 - [TEST_STEP][PASSED] - Statement - batchlength = com.kms.katalon.core.webui.keyword.WebUiBuiltInKeywords.modifyObjectProperty(batchlength, "xpath", "equals", "//*[@id = "fldvendor" + row + ""]", true): Modify property of object successfully

2018-06-10 19:10:09 - [MESSAGE][PASSED] - Modify property of object successfully

2018-06-10 19:10:09 - [TEST_STEP][PASSED] - Statement - batchsize = com.kms.katalon.core.webui.keyword.WebUiBuiltInKeywords.getNumberOfTotalOption(batchlength): 15 options of object '' counted

2018-06-10 19:10:09 - [MESSAGE][PASSED] - 15 options of object '' counted

2018-06-10 19:10:09 - [TEST_STEP][PASSED] - Statement - out.println("BatchSize : " + batchsize): null

2018-06-10 19:10:09 - [TEST_STEP][PASSED] - Statement - For ([n = 1, n <= batchsize - 1, (n++)]): null

2018-06-10 19:10:09 - [TEST_STEP][PASSED] - Statement - product = new com.kms.katalon.core.testobject.TestObject(): null

2018-06-10 19:10:09 - [TEST_STEP][PASSED] - Statement - product = com.kms.katalon.core.webui.keyword.WebUiBuiltInKeywords.modifyObjectProperty(product, "xpath", "equals", "//*[@id = "fldvendor" + row + ""]", true): Modify property of object successfully

2018-06-10 19:10:09 - [MESSAGE][PASSED] - Modify property of object successfully

2018-06-10 19:10:09 - [TEST_STEP][PASSED] - selectOptionByIndex: All options with index in [1] are selected on object ''

2018-06-10 19:10:09 - [MESSAGE][PASSED] - All options with index in [1] are selected on object ''

2018-06-10 19:10:09 - [TEST_STEP][PASSED] - Statement - batch = new com.kms.katalon.core.testobject.TestObject(): null

2018-06-10 19:10:09 - [TEST_STEP][PASSED] - Statement - batch = com.kms.katalon.core.webui.keyword.WebUiBuiltInKeywords.modifyObjectProperty(batch, "xpath", "equals", "//*[@id = "txtbthqty" + row + ""]", true): Modify property of object successfully

2018-06-10 19:10:09 - [MESSAGE][PASSED] - Modify property of object successfully

2018-06-10 19:10:09 - [TEST_STEP][PASSED] - Statement - batchqty = com.kms.katalon.core.webui.keyword.WebUiBuiltInKeywords.getAttribute(batch, "value").trim(): Attribute 'value' of object '' is: '900'

2018-06-10 19:10:09 - [MESSAGE][PASSED] - Attribute 'value' of object '' is: '900'

2018-06-10 19:10:09 - [TEST_STEP][PASSED] - Statement - Rqty = 100: null

2018-06-10 19:10:09 - [TEST_STEP][PASSED] - delay: Delayed 2 second(s)

2018-06-10 19:10:11 - [MESSAGE][PASSED] - Delayed 2 second(s)

2018-06-10 19:10:11 - [TEST_STEP][PASSED] - Statement - out.println("BatchQty : " + batchqty): null

2018-06-10 19:10:11 - [TEST_STEP][PASSED] - Statement - out.println("RQty : " + Rqty): null

2018-06-10 19:10:11 - [TEST_STEP][PASSED] - Statement - If (java.lang.Integer.valueOf(batchqty) >= java.lang.Integer.valueOf(Rqty)): null

2018-06-10 19:10:11 - [TEST_STEP][PASSED] - Statement - Break: null

2018-06-10 19:10:11 - [TEST_STEP][PASSED] - Statement - batchlength = new com.kms.katalon.core.testobject.TestObject(): null

2018-06-10 19:10:11 - [TEST_STEP][PASSED] - Statement - batchlength = com.kms.katalon.core.webui.keyword.WebUiBuiltInKeywords.modifyObjectProperty(batchlength, "xpath", "equals", "//*[@id = "fldvendor" + row + ""]", true): Modify property of object successfully

2018-06-10 19:10:11 - [MESSAGE][PASSED] - Modify property of object successfully

2018-06-10 19:10:11 - [TEST_STEP][PASSED] - Statement - batchsize = com.kms.katalon.core.webui.keyword.WebUiBuiltInKeywords.getNumberOfTotalOption(batchlength): 14 options of object '' counted

2018-06-10 19:10:11 - [MESSAGE][PASSED] - 14 options of object '' counted

2018-06-10 19:10:11 - [TEST_STEP][PASSED] - Statement - out.println("BatchSize : " + batchsize): null

2018-06-10 19:10:11 - [TEST_STEP][PASSED] - Statement - For ([n = 1, n <= batchsize - 1, (n++)]): null

2018-06-10 19:10:11 - [TEST_STEP][PASSED] - Statement - product = new com.kms.katalon.core.testobject.TestObject(): null

2018-06-10 19:10:11 - [TEST_STEP][PASSED] - Statement - product = com.kms.katalon.core.webui.keyword.WebUiBuiltInKeywords.modifyObjectProperty(product, "xpath", "equals", "//*[@id = "fldvendor" + row + ""]", true): Modify property of object successfully

2018-06-10 19:10:11 - [MESSAGE][PASSED] - Modify property of object successfully

2018-06-10 19:10:11 - [TEST_STEP][PASSED] - selectOptionByIndex: All options with index in [1] are selected on object ''

2018-06-10 19:10:11 - [MESSAGE][PASSED] - All options with index in [1] are selected on object ''

2018-06-10 19:10:11 - [TEST_STEP][PASSED] - Statement - batch = new com.kms.katalon.core.testobject.TestObject(): null

2018-06-10 19:10:11 - [TEST_STEP][PASSED] - Statement - batch = com.kms.katalon.core.webui.keyword.WebUiBuiltInKeywords.modifyObjectProperty(batch, "xpath", "equals", "//*[@id = "txtbthqty" + row + ""]", true): Modify property of object successfully

2018-06-10 19:10:11 - [MESSAGE][PASSED] - Modify property of object successfully

2018-06-10 19:10:11 - [TEST_STEP][PASSED] - Statement - batchqty = com.kms.katalon.core.webui.keyword.WebUiBuiltInKeywords.getAttribute(batch, "value").trim(): Attribute 'value' of object '' is: '4900'

2018-06-10 19:10:11 - [MESSAGE][PASSED] - Attribute 'value' of object '' is: '4900'

2018-06-10 19:10:11 - [TEST_STEP][PASSED] - Statement - Rqty = 100: null

2018-06-10 19:10:11 - [TEST_STEP][PASSED] - delay: Delayed 2 second(s)

2018-06-10 19:10:13 - [MESSAGE][PASSED] - Delayed 2 second(s)

2018-06-10 19:10:13 - [TEST_STEP][PASSED] - Statement - out.println("BatchQty : " + batchqty): null

2018-06-10 19:10:13 - [TEST_STEP][PASSED] - Statement - out.println("RQty : " + Rqty): null

2018-06-10 19:10:13 - [TEST_STEP][PASSED] - Statement - If (java.lang.Integer.valueOf(batchqty) >= java.lang.Integer.valueOf(Rqty)): null

2018-06-10 19:10:13 - [TEST_STEP][PASSED] - Statement - Break: null

2018-06-10 19:10:13 - [TEST_STEP][PASSED] - Statement - batchlength = new com.kms.katalon.core.testobject.TestObject(): null

2018-06-10 19:10:13 - [TEST_STEP][PASSED] - Statement - batchlength = com.kms.katalon.core.webui.keyword.WebUiBuiltInKeywords.modifyObjectProperty(batchlength, "xpath", "equals", "//*[@id = "fldvendor" + row + ""]", true): Modify property of object successfully

2018-06-10 19:10:13 - [MESSAGE][PASSED] - Modify property of object successfully

2018-06-10 19:10:13 - [TEST_STEP][PASSED] - Statement - batchsize = com.kms.katalon.core.webui.keyword.WebUiBuiltInKeywords.getNumberOfTotalOption(batchlength): 15 options of object '' counted

2018-06-10 19:10:13 - [MESSAGE][PASSED] - 15 options of object '' counted

2018-06-10 19:10:13 - [TEST_STEP][PASSED] - Statement - out.println("BatchSize : " + batchsize): null

2018-06-10 19:10:13 - [TEST_STEP][PASSED] - Statement - For ([n = 1, n <= batchsize - 1, (n++)]): null

2018-06-10 19:10:13 - [TEST_STEP][PASSED] - Statement - product = new com.kms.katalon.core.testobject.TestObject(): null

2018-06-10 19:10:13 - [TEST_STEP][PASSED] - Statement - product = com.kms.katalon.core.webui.keyword.WebUiBuiltInKeywords.modifyObjectProperty(product, "xpath", "equals", "//*[@id = "fldvendor" + row + ""]", true): Modify property of object successfully

2018-06-10 19:10:13 - [MESSAGE][PASSED] - Modify property of object successfully

2018-06-10 19:10:13 - [TEST_STEP][PASSED] - selectOptionByIndex: All options with index in [1] are selected on object ''

2018-06-10 19:10:13 - [MESSAGE][PASSED] - All options with index in [1] are selected on object ''

2018-06-10 19:10:13 - [TEST_STEP][PASSED] - Statement - batch = new com.kms.katalon.core.testobject.TestObject(): null

2018-06-10 19:10:13 - [TEST_STEP][PASSED] - Statement - batch = com.kms.katalon.core.webui.keyword.WebUiBuiltInKeywords.modifyObjectProperty(batch, "xpath", "equals", "//*[@id = "txtbthqty" + row + ""]", true): Modify property of object successfully

2018-06-10 19:10:13 - [MESSAGE][PASSED] - Modify property of object successfully

2018-06-10 19:10:13 - [TEST_STEP][PASSED] - Statement - batchqty = com.kms.katalon.core.webui.keyword.WebUiBuiltInKeywords.getAttribute(batch, "value").trim(): Attribute 'value' of object '' is: '900'

2018-06-10 19:10:13 - [MESSAGE][PASSED] - Attribute 'value' of object '' is: '900'

2018-06-10 19:10:13 - [TEST_STEP][PASSED] - Statement - Rqty = 100: null

2018-06-10 19:10:13 - [TEST_STEP][PASSED] - delay: Delayed 2 second(s)

2018-06-10 19:10:15 - [MESSAGE][PASSED] - Delayed 2 second(s)

2018-06-10 19:10:15 - [TEST_STEP][PASSED] - Statement - out.println("BatchQty : " + batchqty): null

2018-06-10 19:10:15 - [TEST_STEP][PASSED] - Statement - out.println("RQty : " + Rqty): null

2018-06-10 19:10:15 - [TEST_STEP][PASSED] - Statement - If (java.lang.Integer.valueOf(batchqty) >= java.lang.Integer.valueOf(Rqty)): null

2018-06-10 19:10:15 - [TEST_STEP][PASSED] - Statement - Break: null

2018-06-10 19:10:15 - [TEST_STEP][PASSED] - Statement - batchlength = new com.kms.katalon.core.testobject.TestObject(): null

2018-06-10 19:10:15 - [TEST_STEP][PASSED] - Statement - batchlength = com.kms.katalon.core.webui.keyword.WebUiBuiltInKeywords.modifyObjectProperty(batchlength, "xpath", "equals", "//*[@id = "fldvendor" + row + ""]", true): Modify property of object successfully

2018-06-10 19:10:15 - [MESSAGE][PASSED] - Modify property of object successfully

2018-06-10 19:10:15 - [TEST_STEP][PASSED] - Statement - batchsize = com.kms.katalon.core.webui.keyword.WebUiBuiltInKeywords.getNumberOfTotalOption(batchlength): 15 options of object '' counted

2018-06-10 19:10:16 - [MESSAGE][PASSED] - 15 options of object '' counted

2018-06-10 19:10:16 - [TEST_STEP][PASSED] - Statement - out.println("BatchSize : " + batchsize): null

2018-06-10 19:10:16 - [TEST_STEP][PASSED] - Statement - For ([n = 1, n <= batchsize - 1, (n++)]): null

2018-06-10 19:10:16 - [TEST_STEP][PASSED] - Statement - product = new com.kms.katalon.core.testobject.TestObject(): null

2018-06-10 19:10:16 - [TEST_STEP][PASSED] - Statement - product = com.kms.katalon.core.webui.keyword.WebUiBuiltInKeywords.modifyObjectProperty(product, "xpath", "equals", "//*[@id = "fldvendor" + row + ""]", true): Modify property of object successfully

2018-06-10 19:10:16 - [MESSAGE][PASSED] - Modify property of object successfully

2018-06-10 19:10:16 - [TEST_STEP][PASSED] - selectOptionByIndex: All options with index in [1] are selected on object ''

2018-06-10 19:10:16 - [MESSAGE][PASSED] - All options with index in [1] are selected on object ''

2018-06-10 19:10:16 - [TEST_STEP][PASSED] - Statement - batch = new com.kms.katalon.core.testobject.TestObject(): null

2018-06-10 19:10:16 - [TEST_STEP][PASSED] - Statement - batch = com.kms.katalon.core.webui.keyword.WebUiBuiltInKeywords.modifyObjectProperty(batch, "xpath", "equals", "//*[@id = "txtbthqty" + row + ""]", true): Modify property of object successfully

2018-06-10 19:10:16 - [MESSAGE][PASSED] - Modify property of object successfully

2018-06-10 19:10:16 - [TEST_STEP][PASSED] - Statement - batchqty = com.kms.katalon.core.webui.keyword.WebUiBuiltInKeywords.getAttribute(batch, "value").trim(): Attribute 'value' of object '' is: '900'

2018-06-10 19:10:16 - [MESSAGE][PASSED] - Attribute 'value' of object '' is: '900'

2018-06-10 19:10:16 - [TEST_STEP][PASSED] - Statement - Rqty = 100: null

2018-06-10 19:10:16 - [TEST_STEP][PASSED] - delay: Delayed 2 second(s)

2018-06-10 19:10:18 - [MESSAGE][PASSED] - Delayed 2 second(s)

2018-06-10 19:10:18 - [TEST_STEP][PASSED] - Statement - out.println("BatchQty : " + batchqty): null

2018-06-10 19:10:18 - [TEST_STEP][PASSED] - Statement - out.println("RQty : " + Rqty): null

2018-06-10 19:10:18 - [TEST_STEP][PASSED] - Statement - If (java.lang.Integer.valueOf(batchqty) >= java.lang.Integer.valueOf(Rqty)): null

2018-06-10 19:10:18 - [TEST_STEP][PASSED] - Statement - Break: null

2018-06-10 19:10:18 - [TEST_STEP][PASSED] - Statement - batchlength = new com.kms.katalon.core.testobject.TestObject(): null

2018-06-10 19:10:18 - [TEST_STEP][PASSED] - Statement - batchlength = com.kms.katalon.core.webui.keyword.WebUiBuiltInKeywords.modifyObjectProperty(batchlength, "xpath", "equals", "//*[@id = "fldvendor" + row + ""]", true): Modify property of object successfully

2018-06-10 19:10:18 - [MESSAGE][PASSED] - Modify property of object successfully

2018-06-10 19:10:18 - [TEST_STEP][PASSED] - Statement - batchsize = com.kms.katalon.core.webui.keyword.WebUiBuiltInKeywords.getNumberOfTotalOption(batchlength): 15 options of object '' counted

2018-06-10 19:10:18 - [MESSAGE][PASSED] - 15 options of object '' counted

2018-06-10 19:10:18 - [TEST_STEP][PASSED] - Statement - out.println("BatchSize : " + batchsize): null

2018-06-10 19:10:18 - [TEST_STEP][PASSED] - Statement - For ([n = 1, n <= batchsize - 1, (n++)]): null

2018-06-10 19:10:18 - [TEST_STEP][PASSED] - Statement - product = new com.kms.katalon.core.testobject.TestObject(): null

2018-06-10 19:10:18 - [TEST_STEP][PASSED] - Statement - product = com.kms.katalon.core.webui.keyword.WebUiBuiltInKeywords.modifyObjectProperty(product, "xpath", "equals", "//*[@id = "fldvendor" + row + ""]", true): Modify property of object successfully

2018-06-10 19:10:18 - [MESSAGE][PASSED] - Modify property of object successfully

2018-06-10 19:10:18 - [TEST_STEP][PASSED] - selectOptionByIndex: All options with index in [1] are selected on object ''

2018-06-10 19:10:18 - [MESSAGE][PASSED] - All options with index in [1] are selected on object ''

2018-06-10 19:10:18 - [TEST_STEP][PASSED] - Statement - batch = new com.kms.katalon.core.testobject.TestObject(): null

2018-06-10 19:10:18 - [TEST_STEP][PASSED] - Statement - batch = com.kms.katalon.core.webui.keyword.WebUiBuiltInKeywords.modifyObjectProperty(batch, "xpath", "equals", "//*[@id = "txtbthqty" + row + ""]", true): Modify property of object successfully

2018-06-10 19:10:18 - [MESSAGE][PASSED] - Modify property of object successfully

2018-06-10 19:10:18 - [TEST_STEP][PASSED] - Statement - batchqty = com.kms.katalon.core.webui.keyword.WebUiBuiltInKeywords.getAttribute(batch, "value").trim(): Attribute 'value' of object '' is: '900'

2018-06-10 19:10:18 - [MESSAGE][PASSED] - Attribute 'value' of object '' is: '900'

2018-06-10 19:10:18 - [TEST_STEP][PASSED] - Statement - Rqty = 100: null

2018-06-10 19:10:18 - [TEST_STEP][PASSED] - delay: Delayed 2 second(s)

2018-06-10 19:10:20 - [MESSAGE][PASSED] - Delayed 2 second(s)

2018-06-10 19:10:20 - [TEST_STEP][PASSED] - Statement - out.println("BatchQty : " + batchqty): null

2018-06-10 19:10:20 - [TEST_STEP][PASSED] - Statement - out.println("RQty : " + Rqty): null

2018-06-10 19:10:20 - [TEST_STEP][PASSED] - Statement - If (java.lang.Integer.valueOf(batchqty) >= java.lang.Integer.valueOf(Rqty)): null

2018-06-10 19:10:20 - [TEST_STEP][PASSED] - Statement - Break: null

2018-06-10 19:10:20 - [TEST_STEP][PASSED] - Statement - batchlength = new com.kms.katalon.core.testobject.TestObject(): null

2018-06-10 19:10:20 - [TEST_STEP][PASSED] - Statement - batchlength = com.kms.katalon.core.webui.keyword.WebUiBuiltInKeywords.modifyObjectProperty(batchlength, "xpath", "equals", "//*[@id = "fldvendor" + row + ""]", true): Modify property of object successfully

2018-06-10 19:10:20 - [MESSAGE][PASSED] - Modify property of object successfully

2018-06-10 19:10:20 - [TEST_STEP][PASSED] - Statement - batchsize = com.kms.katalon.core.webui.keyword.WebUiBuiltInKeywords.getNumberOfTotalOption(batchlength): 15 options of object '' counted

2018-06-10 19:10:20 - [MESSAGE][PASSED] - 15 options of object '' counted

2018-06-10 19:10:20 - [TEST_STEP][PASSED] - Statement - out.println("BatchSize : " + batchsize): null

2018-06-10 19:10:20 - [TEST_STEP][PASSED] - Statement - For ([n = 1, n <= batchsize - 1, (n++)]): null

2018-06-10 19:10:20 - [TEST_STEP][PASSED] - Statement - product = new com.kms.katalon.core.testobject.TestObject(): null

2018-06-10 19:10:20 - [TEST_STEP][PASSED] - Statement - product = com.kms.katalon.core.webui.keyword.WebUiBuiltInKeywords.modifyObjectProperty(product, "xpath", "equals", "//*[@id = "fldvendor" + row + ""]", true): Modify property of object successfully

2018-06-10 19:10:20 - [MESSAGE][PASSED] - Modify property of object successfully

2018-06-10 19:10:20 - [TEST_STEP][PASSED] - selectOptionByIndex: All options with index in [1] are selected on object ''

2018-06-10 19:10:20 - [MESSAGE][PASSED] - All options with index in [1] are selected on object ''

2018-06-10 19:10:20 - [TEST_STEP][PASSED] - Statement - batch = new com.kms.katalon.core.testobject.TestObject(): null

2018-06-10 19:10:20 - [TEST_STEP][PASSED] - Statement - batch = com.kms.katalon.core.webui.keyword.WebUiBuiltInKeywords.modifyObjectProperty(batch, "xpath", "equals", "//*[@id = "txtbthqty" + row + ""]", true): Modify property of object successfully

2018-06-10 19:10:20 - [MESSAGE][PASSED] - Modify property of object successfully

2018-06-10 19:10:20 - [TEST_STEP][PASSED] - Statement - batchqty = com.kms.katalon.core.webui.keyword.WebUiBuiltInKeywords.getAttribute(batch, "value").trim(): Attribute 'value' of object '' is: '24800'

2018-06-10 19:10:20 - [MESSAGE][PASSED] - Attribute 'value' of object '' is: '24800'

2018-06-10 19:10:20 - [TEST_STEP][PASSED] - Statement - Rqty = 100: null

2018-06-10 19:10:20 - [TEST_STEP][PASSED] - delay: Delayed 2 second(s)

2018-06-10 19:10:22 - [MESSAGE][PASSED] - Delayed 2 second(s)

2018-06-10 19:10:22 - [TEST_STEP][PASSED] - Statement - out.println("BatchQty : " + batchqty): null

2018-06-10 19:10:22 - [TEST_STEP][PASSED] - Statement - out.println("RQty : " + Rqty): null

2018-06-10 19:10:22 - [TEST_STEP][PASSED] - Statement - If (java.lang.Integer.valueOf(batchqty) >= java.lang.Integer.valueOf(Rqty)): null

2018-06-10 19:10:22 - [TEST_STEP][PASSED] - Statement - Break: null

2018-06-10 19:10:22 - [TEST_STEP][PASSED] - Statement - batchlength = new com.kms.katalon.core.testobject.TestObject(): null

2018-06-10 19:10:22 - [TEST_STEP][PASSED] - Statement - batchlength = com.kms.katalon.core.webui.keyword.WebUiBuiltInKeywords.modifyObjectProperty(batchlength, "xpath", "equals", "//*[@id = "fldvendor" + row + ""]", true): Modify property of object successfully

2018-06-10 19:10:22 - [MESSAGE][PASSED] - Modify property of object successfully

2018-06-10 19:10:22 - [TEST_STEP][PASSED] - Statement - batchsize = com.kms.katalon.core.webui.keyword.WebUiBuiltInKeywords.getNumberOfTotalOption(batchlength): 14 options of object '' counted

2018-06-10 19:10:22 - [MESSAGE][PASSED] - 14 options of object '' counted

2018-06-10 19:10:22 - [TEST_STEP][PASSED] - Statement - out.println("BatchSize : " + batchsize): null

2018-06-10 19:10:22 - [TEST_STEP][PASSED] - Statement - For ([n = 1, n <= batchsize - 1, (n++)]): null

2018-06-10 19:10:22 - [TEST_STEP][PASSED] - Statement - product = new com.kms.katalon.core.testobject.TestObject(): null

2018-06-10 19:10:22 - [TEST_STEP][PASSED] - Statement - product = com.kms.katalon.core.webui.keyword.WebUiBuiltInKeywords.modifyObjectProperty(product, "xpath", "equals", "//*[@id = "fldvendor" + row + ""]", true): Modify property of object successfully

2018-06-10 19:10:22 - [MESSAGE][PASSED] - Modify property of object successfully

2018-06-10 19:10:22 - [TEST_STEP][PASSED] - selectOptionByIndex: All options with index in [1] are selected on object ''

2018-06-10 19:10:22 - [MESSAGE][PASSED] - All options with index in [1] are selected on object ''

2018-06-10 19:10:22 - [TEST_STEP][PASSED] - Statement - batch = new com.kms.katalon.core.testobject.TestObject(): null

2018-06-10 19:10:22 - [TEST_STEP][PASSED] - Statement - batch = com.kms.katalon.core.webui.keyword.WebUiBuiltInKeywords.modifyObjectProperty(batch, "xpath", "equals", "//*[@id = "txtbthqty" + row + ""]", true): Modify property of object successfully

2018-06-10 19:10:22 - [MESSAGE][PASSED] - Modify property of object successfully

2018-06-10 19:10:22 - [TEST_STEP][PASSED] - Statement - batchqty = com.kms.katalon.core.webui.keyword.WebUiBuiltInKeywords.getAttribute(batch, "value").trim(): Attribute 'value' of object '' is: '4900'

2018-06-10 19:10:22 - [MESSAGE][PASSED] - Attribute 'value' of object '' is: '4900'

2018-06-10 19:10:22 - [TEST_STEP][PASSED] - Statement - Rqty = 100: null

2018-06-10 19:10:22 - [TEST_STEP][PASSED] - delay: Delayed 2 second(s)

2018-06-10 19:10:24 - [MESSAGE][PASSED] - Delayed 2 second(s)

2018-06-10 19:10:24 - [TEST_STEP][PASSED] - Statement - out.println("BatchQty : " + batchqty): null

2018-06-10 19:10:24 - [TEST_STEP][PASSED] - Statement - out.println("RQty : " + Rqty): null

2018-06-10 19:10:24 - [TEST_STEP][PASSED] - Statement - If (java.lang.Integer.valueOf(batchqty) >= java.lang.Integer.valueOf(Rqty)): null

2018-06-10 19:10:24 - [TEST_STEP][PASSED] - Statement - Break: null

2018-06-10 19:10:24 - [TEST_STEP][PASSED] - Statement - batchlength = new com.kms.katalon.core.testobject.TestObject(): null

2018-06-10 19:10:24 - [TEST_STEP][PASSED] - Statement - batchlength = com.kms.katalon.core.webui.keyword.WebUiBuiltInKeywords.modifyObjectProperty(batchlength, "xpath", "equals", "//*[@id = "fldvendor" + row + ""]", true): Modify property of object successfully

2018-06-10 19:10:24 - [MESSAGE][PASSED] - Modify property of object successfully

2018-06-10 19:10:24 - [TEST_STEP][PASSED] - Statement - batchsize = com.kms.katalon.core.webui.keyword.WebUiBuiltInKeywords.getNumberOfTotalOption(batchlength): 15 options of object '' counted

2018-06-10 19:10:25 - [MESSAGE][PASSED] - 15 options of object '' counted

2018-06-10 19:10:25 - [TEST_STEP][PASSED] - Statement - out.println("BatchSize : " + batchsize): null

2018-06-10 19:10:25 - [TEST_STEP][PASSED] - Statement - For ([n = 1, n <= batchsize - 1, (n++)]): null

2018-06-10 19:10:25 - [TEST_STEP][PASSED] - Statement - product = new com.kms.katalon.core.testobject.TestObject(): null

2018-06-10 19:10:25 - [TEST_STEP][PASSED] - Statement - product = com.kms.katalon.core.webui.keyword.WebUiBuiltInKeywords.modifyObjectProperty(product, "xpath", "equals", "//*[@id = "fldvendor" + row + ""]", true): Modify property of object successfully

2018-06-10 19:10:25 - [MESSAGE][PASSED] - Modify property of object successfully

2018-06-10 19:10:25 - [TEST_STEP][PASSED] - selectOptionByIndex: All options with index in [1] are selected on object ''

2018-06-10 19:10:25 - [MESSAGE][PASSED] - All options with index in [1] are selected on object ''

2018-06-10 19:10:25 - [TEST_STEP][PASSED] - Statement - batch = new com.kms.katalon.core.testobject.TestObject(): null

2018-06-10 19:10:25 - [TEST_STEP][PASSED] - Statement - batch = com.kms.katalon.core.webui.keyword.WebUiBuiltInKeywords.modifyObjectProperty(batch, "xpath", "equals", "//*[@id = "txtbthqty" + row + ""]", true): Modify property of object successfully

2018-06-10 19:10:25 - [MESSAGE][PASSED] - Modify property of object successfully

2018-06-10 19:10:25 - [TEST_STEP][PASSED] - Statement - batchqty = com.kms.katalon.core.webui.keyword.WebUiBuiltInKeywords.getAttribute(batch, "value").trim(): Attribute 'value' of object '' is: '900'

2018-06-10 19:10:25 - [MESSAGE][PASSED] - Attribute 'value' of object '' is: '900'

2018-06-10 19:10:25 - [TEST_STEP][PASSED] - Statement - Rqty = 100: null

2018-06-10 19:10:25 - [TEST_STEP][PASSED] - delay: Delayed 2 second(s)

2018-06-10 19:10:27 - [MESSAGE][PASSED] - Delayed 2 second(s)

2018-06-10 19:10:27 - [TEST_STEP][PASSED] - Statement - out.println("BatchQty : " + batchqty): null

2018-06-10 19:10:27 - [TEST_STEP][PASSED] - Statement - out.println("RQty : " + Rqty): null

2018-06-10 19:10:27 - [TEST_STEP][PASSED] - Statement - If (java.lang.Integer.valueOf(batchqty) >= java.lang.Integer.valueOf(Rqty)): null

2018-06-10 19:10:27 - [TEST_STEP][PASSED] - Statement - Break: null

2018-06-10 19:10:27 - [TEST_STEP][PASSED] - Statement - batchlength = new com.kms.katalon.core.testobject.TestObject(): null

2018-06-10 19:10:27 - [TEST_STEP][PASSED] - Statement - batchlength = com.kms.katalon.core.webui.keyword.WebUiBuiltInKeywords.modifyObjectProperty(batchlength, "xpath", "equals", "//*[@id = "fldvendor" + row + ""]", true): Modify property of object successfully

2018-06-10 19:10:27 - [MESSAGE][PASSED] - Modify property of object successfully

2018-06-10 19:10:27 - [TEST_STEP][PASSED] - Statement - batchsize = com.kms.katalon.core.webui.keyword.WebUiBuiltInKeywords.getNumberOfTotalOption(batchlength): 15 options of object '' counted

2018-06-10 19:10:27 - [MESSAGE][PASSED] - 15 options of object '' counted

2018-06-10 19:10:27 - [TEST_STEP][PASSED] - Statement - out.println("BatchSize : " + batchsize): null

2018-06-10 19:10:27 - [TEST_STEP][PASSED] - Statement - For ([n = 1, n <= batchsize - 1, (n++)]): null

2018-06-10 19:10:27 - [TEST_STEP][PASSED] - Statement - product = new com.kms.katalon.core.testobject.TestObject(): null

2018-06-10 19:10:27 - [TEST_STEP][PASSED] - Statement - product = com.kms.katalon.core.webui.keyword.WebUiBuiltInKeywords.modifyObjectProperty(product, "xpath", "equals", "//*[@id = "fldvendor" + row + ""]", true): Modify property of object successfully

2018-06-10 19:10:27 - [MESSAGE][PASSED] - Modify property of object successfully

2018-06-10 19:10:27 - [TEST_STEP][PASSED] - selectOptionByIndex: All options with index in [1] are selected on object ''

2018-06-10 19:10:27 - [MESSAGE][PASSED] - All options with index in [1] are selected on object ''

2018-06-10 19:10:27 - [TEST_STEP][PASSED] - Statement - batch = new com.kms.katalon.core.testobject.TestObject(): null

2018-06-10 19:10:27 - [TEST_STEP][PASSED] - Statement - batch = com.kms.katalon.core.webui.keyword.WebUiBuiltInKeywords.modifyObjectProperty(batch, "xpath", "equals", "//*[@id = "txtbthqty" + row + ""]", true): Modify property of object successfully

2018-06-10 19:10:27 - [MESSAGE][PASSED] - Modify property of object successfully

2018-06-10 19:10:27 - [TEST_STEP][PASSED] - Statement - batchqty = com.kms.katalon.core.webui.keyword.WebUiBuiltInKeywords.getAttribute(batch, "value").trim(): Attribute 'value' of object '' is: '2400'

2018-06-10 19:10:27 - [MESSAGE][PASSED] - Attribute 'value' of object '' is: '2400'

2018-06-10 19:10:27 - [TEST_STEP][PASSED] - Statement - Rqty = 100: null

2018-06-10 19:10:27 - [TEST_STEP][PASSED] - delay: Delayed 2 second(s)

2018-06-10 19:10:29 - [MESSAGE][PASSED] - Delayed 2 second(s)

2018-06-10 19:10:29 - [TEST_STEP][PASSED] - Statement - out.println("BatchQty : " + batchqty): null

2018-06-10 19:10:29 - [TEST_STEP][PASSED] - Statement - out.println("RQty : " + Rqty): null

2018-06-10 19:10:29 - [TEST_STEP][PASSED] - Statement - If (java.lang.Integer.valueOf(batchqty) >= java.lang.Integer.valueOf(Rqty)): null

2018-06-10 19:10:29 - [TEST_STEP][PASSED] - Statement - Break: null

2018-06-10 19:10:29 - [TEST_STEP][PASSED] - Statement - batchlength = new com.kms.katalon.core.testobject.TestObject(): null

2018-06-10 19:10:29 - [TEST_STEP][PASSED] - Statement - batchlength = com.kms.katalon.core.webui.keyword.WebUiBuiltInKeywords.modifyObjectProperty(batchlength, "xpath", "equals", "//*[@id = "fldvendor" + row + ""]", true): Modify property of object successfully

2018-06-10 19:10:29 - [MESSAGE][PASSED] - Modify property of object successfully

2018-06-10 19:10:29 - [TEST_STEP][PASSED] - Statement - batchsize = com.kms.katalon.core.webui.keyword.WebUiBuiltInKeywords.getNumberOfTotalOption(batchlength): 15 options of object '' counted

2018-06-10 19:10:29 - [MESSAGE][PASSED] - 15 options of object '' counted

2018-06-10 19:10:29 - [TEST_STEP][PASSED] - Statement - out.println("BatchSize : " + batchsize): null

2018-06-10 19:10:29 - [TEST_STEP][PASSED] - Statement - For ([n = 1, n <= batchsize - 1, (n++)]): null

2018-06-10 19:10:29 - [TEST_STEP][PASSED] - Statement - product = new com.kms.katalon.core.testobject.TestObject(): null

2018-06-10 19:10:29 - [TEST_STEP][PASSED] - Statement - product = com.kms.katalon.core.webui.keyword.WebUiBuiltInKeywords.modifyObjectProperty(product, "xpath", "equals", "//*[@id = "fldvendor" + row + ""]", true): Modify property of object successfully

2018-06-10 19:10:29 - [MESSAGE][PASSED] - Modify property of object successfully

2018-06-10 19:10:29 - [TEST_STEP][PASSED] - selectOptionByIndex: All options with index in [1] are selected on object ''

2018-06-10 19:10:29 - [MESSAGE][PASSED] - All options with index in [1] are selected on object ''

2018-06-10 19:10:29 - [TEST_STEP][PASSED] - Statement - batch = new com.kms.katalon.core.testobject.TestObject(): null

2018-06-10 19:10:29 - [TEST_STEP][PASSED] - Statement - batch = com.kms.katalon.core.webui.keyword.WebUiBuiltInKeywords.modifyObjectProperty(batch, "xpath", "equals", "//*[@id = "txtbthqty" + row + ""]", true): Modify property of object successfully

2018-06-10 19:10:29 - [MESSAGE][PASSED] - Modify property of object successfully

2018-06-10 19:10:29 - [TEST_STEP][PASSED] - Statement - batchqty = com.kms.katalon.core.webui.keyword.WebUiBuiltInKeywords.getAttribute(batch, "value").trim(): Attribute 'value' of object '' is: '900'

2018-06-10 19:10:29 - [MESSAGE][PASSED] - Attribute 'value' of object '' is: '900'

2018-06-10 19:10:29 - [TEST_STEP][PASSED] - Statement - Rqty = 100: null

2018-06-10 19:10:29 - [TEST_STEP][PASSED] - delay: Delayed 2 second(s)

2018-06-10 19:10:31 - [MESSAGE][PASSED] - Delayed 2 second(s)

2018-06-10 19:10:31 - [TEST_STEP][PASSED] - Statement - out.println("BatchQty : " + batchqty): null

2018-06-10 19:10:31 - [TEST_STEP][PASSED] - Statement - out.println("RQty : " + Rqty): null

2018-06-10 19:10:31 - [TEST_STEP][PASSED] - Statement - If (java.lang.Integer.valueOf(batchqty) >= java.lang.Integer.valueOf(Rqty)): null

2018-06-10 19:10:31 - [TEST_STEP][PASSED] - Statement - Break: null

2018-06-10 19:10:31 - [TEST_STEP][PASSED] - Statement - batchlength = new com.kms.katalon.core.testobject.TestObject(): null

2018-06-10 19:10:31 - [TEST_STEP][PASSED] - Statement - batchlength = com.kms.katalon.core.webui.keyword.WebUiBuiltInKeywords.modifyObjectProperty(batchlength, "xpath", "equals", "//*[@id = "fldvendor" + row + ""]", true): Modify property of object successfully

2018-06-10 19:10:31 - [MESSAGE][PASSED] - Modify property of object successfully

2018-06-10 19:10:31 - [TEST_STEP][PASSED] - Statement - batchsize = com.kms.katalon.core.webui.keyword.WebUiBuiltInKeywords.getNumberOfTotalOption(batchlength): 15 options of object '' counted

2018-06-10 19:10:31 - [MESSAGE][PASSED] - 15 options of object '' counted

2018-06-10 19:10:31 - [TEST_STEP][PASSED] - Statement - out.println("BatchSize : " + batchsize): null

2018-06-10 19:10:31 - [TEST_STEP][PASSED] - Statement - For ([n = 1, n <= batchsize - 1, (n++)]): null

2018-06-10 19:10:31 - [TEST_STEP][PASSED] - Statement - product = new com.kms.katalon.core.testobject.TestObject(): null

2018-06-10 19:10:31 - [TEST_STEP][PASSED] - Statement - product = com.kms.katalon.core.webui.keyword.WebUiBuiltInKeywords.modifyObjectProperty(product, "xpath", "equals", "//*[@id = "fldvendor" + row + ""]", true): Modify property of object successfully

2018-06-10 19:10:31 - [MESSAGE][PASSED] - Modify property of object successfully

2018-06-10 19:10:31 - [TEST_STEP][PASSED] - selectOptionByIndex: All options with index in [1] are selected on object ''

2018-06-10 19:10:31 - [MESSAGE][PASSED] - All options with index in [1] are selected on object ''

2018-06-10 19:10:31 - [TEST_STEP][PASSED] - Statement - batch = new com.kms.katalon.core.testobject.TestObject(): null

2018-06-10 19:10:31 - [TEST_STEP][PASSED] - Statement - batch = com.kms.katalon.core.webui.keyword.WebUiBuiltInKeywords.modifyObjectProperty(batch, "xpath", "equals", "//*[@id = "txtbthqty" + row + ""]", true): Modify property of object successfully

2018-06-10 19:10:31 - [MESSAGE][PASSED] - Modify property of object successfully

2018-06-10 19:10:31 - [TEST_STEP][PASSED] - Statement - batchqty = com.kms.katalon.core.webui.keyword.WebUiBuiltInKeywords.getAttribute(batch, "value").trim(): Attribute 'value' of object '' is: '24800'

2018-06-10 19:10:31 - [MESSAGE][PASSED] - Attribute 'value' of object '' is: '24800'

2018-06-10 19:10:31 - [TEST_STEP][PASSED] - Statement - Rqty = 100: null

2018-06-10 19:10:31 - [TEST_STEP][PASSED] - delay: Delayed 2 second(s)

2018-06-10 19:10:33 - [MESSAGE][PASSED] - Delayed 2 second(s)

2018-06-10 19:10:33 - [TEST_STEP][PASSED] - Statement - out.println("BatchQty : " + batchqty): null

2018-06-10 19:10:33 - [TEST_STEP][PASSED] - Statement - out.println("RQty : " + Rqty): null

2018-06-10 19:10:33 - [TEST_STEP][PASSED] - Statement - If (java.lang.Integer.valueOf(batchqty) >= java.lang.Integer.valueOf(Rqty)): null

2018-06-10 19:10:33 - [TEST_STEP][PASSED] - Statement - Break: null

2018-06-10 19:10:33 - [TEST_STEP][PASSED] - Statement - batchlength = new com.kms.katalon.core.testobject.TestObject(): null

2018-06-10 19:10:33 - [TEST_STEP][PASSED] - Statement - batchlength = com.kms.katalon.core.webui.keyword.WebUiBuiltInKeywords.modifyObjectProperty(batchlength, "xpath", "equals", "//*[@id = "fldvendor" + row + ""]", true): Modify property of object successfully

2018-06-10 19:10:33 - [MESSAGE][PASSED] - Modify property of object successfully

2018-06-10 19:10:33 - [TEST_STEP][PASSED] - Statement - batchsize = com.kms.katalon.core.webui.keyword.WebUiBuiltInKeywords.getNumberOfTotalOption(batchlength): 15 options of object '' counted

2018-06-10 19:10:34 - [MESSAGE][PASSED] - 15 options of object '' counted

2018-06-10 19:10:34 - [TEST_STEP][PASSED] - Statement - out.println("BatchSize : " + batchsize): null

2018-06-10 19:10:34 - [TEST_STEP][PASSED] - Statement - For ([n = 1, n <= batchsize - 1, (n++)]): null

2018-06-10 19:10:34 - [TEST_STEP][PASSED] - Statement - product = new com.kms.katalon.core.testobject.TestObject(): null

2018-06-10 19:10:34 - [TEST_STEP][PASSED] - Statement - product = com.kms.katalon.core.webui.keyword.WebUiBuiltInKeywords.modifyObjectProperty(product, "xpath", "equals", "//*[@id = "fldvendor" + row + ""]", true): Modify property of object successfully

2018-06-10 19:10:34 - [MESSAGE][PASSED] - Modify property of object successfully

2018-06-10 19:10:34 - [TEST_STEP][PASSED] - selectOptionByIndex: All options with index in [1] are selected on object ''

2018-06-10 19:10:34 - [MESSAGE][PASSED] - All options with index in [1] are selected on object ''

2018-06-10 19:10:34 - [TEST_STEP][PASSED] - Statement - batch = new com.kms.katalon.core.testobject.TestObject(): null

2018-06-10 19:10:34 - [TEST_STEP][PASSED] - Statement - batch = com.kms.katalon.core.webui.keyword.WebUiBuiltInKeywords.modifyObjectProperty(batch, "xpath", "equals", "//*[@id = "txtbthqty" + row + ""]", true): Modify property of object successfully

2018-06-10 19:10:34 - [MESSAGE][PASSED] - Modify property of object successfully

2018-06-10 19:10:34 - [TEST_STEP][PASSED] - Statement - batchqty = com.kms.katalon.core.webui.keyword.WebUiBuiltInKeywords.getAttribute(batch, "value").trim(): Attribute 'value' of object '' is: '900'

2018-06-10 19:10:34 - [MESSAGE][PASSED] - Attribute 'value' of object '' is: '900'

2018-06-10 19:10:34 - [TEST_STEP][PASSED] - Statement - Rqty = 100: null

2018-06-10 19:10:34 - [TEST_STEP][PASSED] - delay: Delayed 2 second(s)

2018-06-10 19:10:36 - [MESSAGE][PASSED] - Delayed 2 second(s)

2018-06-10 19:10:36 - [TEST_STEP][PASSED] - Statement - out.println("BatchQty : " + batchqty): null

2018-06-10 19:10:36 - [TEST_STEP][PASSED] - Statement - out.println("RQty : " + Rqty): null

2018-06-10 19:10:36 - [TEST_STEP][PASSED] - Statement - If (java.lang.Integer.valueOf(batchqty) >= java.lang.Integer.valueOf(Rqty)): null

2018-06-10 19:10:36 - [TEST_STEP][PASSED] - Statement - Break: null

2018-06-10 19:10:36 - [TEST_STEP][PASSED] - Statement - batchlength = new com.kms.katalon.core.testobject.TestObject(): null

2018-06-10 19:10:36 - [TEST_STEP][PASSED] - Statement - batchlength = com.kms.katalon.core.webui.keyword.WebUiBuiltInKeywords.modifyObjectProperty(batchlength, "xpath", "equals", "//*[@id = "fldvendor" + row + ""]", true): Modify property of object successfully

2018-06-10 19:10:36 - [MESSAGE][PASSED] - Modify property of object successfully

2018-06-10 19:10:36 - [TEST_STEP][PASSED] - Statement - batchsize = com.kms.katalon.core.webui.keyword.WebUiBuiltInKeywords.getNumberOfTotalOption(batchlength): 28 options of object '' counted

2018-06-10 19:10:36 - [MESSAGE][PASSED] - 28 options of object '' counted

2018-06-10 19:10:36 - [TEST_STEP][PASSED] - Statement - out.println("BatchSize : " + batchsize): null

2018-06-10 19:10:36 - [TEST_STEP][PASSED] - Statement - For ([n = 1, n <= batchsize - 1, (n++)]): null

2018-06-10 19:10:36 - [TEST_STEP][PASSED] - Statement - product = new com.kms.katalon.core.testobject.TestObject(): null

2018-06-10 19:10:36 - [TEST_STEP][PASSED] - Statement - product = com.kms.katalon.core.webui.keyword.WebUiBuiltInKeywords.modifyObjectProperty(product, "xpath", "equals", "//*[@id = "fldvendor" + row + ""]", true): Modify property of object successfully

2018-06-10 19:10:36 - [MESSAGE][PASSED] - Modify property of object successfully

2018-06-10 19:10:36 - [TEST_STEP][PASSED] - selectOptionByIndex: All options with index in [1] are selected on object ''

2018-06-10 19:10:36 - [MESSAGE][PASSED] - All options with index in [1] are selected on object ''

2018-06-10 19:10:36 - [TEST_STEP][PASSED] - Statement - batch = new com.kms.katalon.core.testobject.TestObject(): null

2018-06-10 19:10:36 - [TEST_STEP][PASSED] - Statement - batch = com.kms.katalon.core.webui.keyword.WebUiBuiltInKeywords.modifyObjectProperty(batch, "xpath", "equals", "//*[@id = "txtbthqty" + row + ""]", true): Modify property of object successfully

2018-06-10 19:10:36 - [MESSAGE][PASSED] - Modify property of object successfully

2018-06-10 19:10:36 - [TEST_STEP][PASSED] - Statement - batchqty = com.kms.katalon.core.webui.keyword.WebUiBuiltInKeywords.getAttribute(batch, "value").trim(): Attribute 'value' of object '' is: '4800'

2018-06-10 19:10:36 - [MESSAGE][PASSED] - Attribute 'value' of object '' is: '4800'

2018-06-10 19:10:36 - [TEST_STEP][PASSED] - Statement - Rqty = 100: null

2018-06-10 19:10:36 - [TEST_STEP][PASSED] - delay: Delayed 2 second(s)

2018-06-10 19:10:38 - [MESSAGE][PASSED] - Delayed 2 second(s)

2018-06-10 19:10:38 - [TEST_STEP][PASSED] - Statement - out.println("BatchQty : " + batchqty): null

2018-06-10 19:10:38 - [TEST_STEP][PASSED] - Statement - out.println("RQty : " + Rqty): null

2018-06-10 19:10:38 - [TEST_STEP][PASSED] - Statement - If (java.lang.Integer.valueOf(batchqty) >= java.lang.Integer.valueOf(Rqty)): null

2018-06-10 19:10:38 - [TEST_STEP][PASSED] - Statement - Break: null

2018-06-10 19:10:38 - [TEST_STEP][PASSED] - Statement - batchlength = new com.kms.katalon.core.testobject.TestObject(): null

2018-06-10 19:10:38 - [TEST_STEP][PASSED] - Statement - batchlength = com.kms.katalon.core.webui.keyword.WebUiBuiltInKeywords.modifyObjectProperty(batchlength, "xpath", "equals", "//*[@id = "fldvendor" + row + ""]", true): Modify property of object successfully

2018-06-10 19:10:38 - [MESSAGE][PASSED] - Modify property of object successfully

2018-06-10 19:10:38 - [TEST_STEP][PASSED] - Statement - batchsize = com.kms.katalon.core.webui.keyword.WebUiBuiltInKeywords.getNumberOfTotalOption(batchlength): 28 options of object '' counted

2018-06-10 19:10:38 - [MESSAGE][PASSED] - 28 options of object '' counted

2018-06-10 19:10:38 - [TEST_STEP][PASSED] - Statement - out.println("BatchSize : " + batchsize): null

2018-06-10 19:10:38 - [TEST_STEP][PASSED] - Statement - For ([n = 1, n <= batchsize - 1, (n++)]): null

2018-06-10 19:10:38 - [TEST_STEP][PASSED] - Statement - product = new com.kms.katalon.core.testobject.TestObject(): null

2018-06-10 19:10:38 - [TEST_STEP][PASSED] - Statement - product = com.kms.katalon.core.webui.keyword.WebUiBuiltInKeywords.modifyObjectProperty(product, "xpath", "equals", "//*[@id = "fldvendor" + row + ""]", true): Modify property of object successfully

2018-06-10 19:10:38 - [MESSAGE][PASSED] - Modify property of object successfully

2018-06-10 19:10:38 - [TEST_STEP][PASSED] - selectOptionByIndex: All options with index in [1] are selected on object ''

2018-06-10 19:10:38 - [MESSAGE][PASSED] - All options with index in [1] are selected on object ''

2018-06-10 19:10:38 - [TEST_STEP][PASSED] - Statement - batch = new com.kms.katalon.core.testobject.TestObject(): null

2018-06-10 19:10:38 - [TEST_STEP][PASSED] - Statement - batch = com.kms.katalon.core.webui.keyword.WebUiBuiltInKeywords.modifyObjectProperty(batch, "xpath", "equals", "//*[@id = "txtbthqty" + row + ""]", true): Modify property of object successfully

2018-06-10 19:10:38 - [MESSAGE][PASSED] - Modify property of object successfully

2018-06-10 19:10:38 - [TEST_STEP][PASSED] - Statement - batchqty = com.kms.katalon.core.webui.keyword.WebUiBuiltInKeywords.getAttribute(batch, "value").trim(): Attribute 'value' of object '' is: '4800'

2018-06-10 19:10:38 - [MESSAGE][PASSED] - Attribute 'value' of object '' is: '4800'

2018-06-10 19:10:38 - [TEST_STEP][PASSED] - Statement - Rqty = 100: null

2018-06-10 19:10:38 - [TEST_STEP][PASSED] - delay: Delayed 2 second(s)

2018-06-10 19:10:40 - [MESSAGE][PASSED] - Delayed 2 second(s)

2018-06-10 19:10:40 - [TEST_STEP][PASSED] - Statement - out.println("BatchQty : " + batchqty): null

2018-06-10 19:10:40 - [TEST_STEP][PASSED] - Statement - out.println("RQty : " + Rqty): null

2018-06-10 19:10:40 - [TEST_STEP][PASSED] - Statement - If (java.lang.Integer.valueOf(batchqty) >= java.lang.Integer.valueOf(Rqty)): null

2018-06-10 19:10:40 - [TEST_STEP][PASSED] - Statement - Break: null

2018-06-10 19:10:40 - [TEST_STEP][PASSED] - Statement - batchlength = new com.kms.katalon.core.testobject.TestObject(): null

2018-06-10 19:10:40 - [TEST_STEP][PASSED] - Statement - batchlength = com.kms.katalon.core.webui.keyword.WebUiBuiltInKeywords.modifyObjectProperty(batchlength, "xpath", "equals", "//*[@id = "fldvendor" + row + ""]", true): Modify property of object successfully

2018-06-10 19:10:40 - [MESSAGE][PASSED] - Modify property of object successfully

2018-06-10 19:10:40 - [TEST_STEP][PASSED] - Statement - batchsize = com.kms.katalon.core.webui.keyword.WebUiBuiltInKeywords.getNumberOfTotalOption(batchlength): 15 options of object '' counted

2018-06-10 19:10:40 - [MESSAGE][PASSED] - 15 options of object '' counted

2018-06-10 19:10:40 - [TEST_STEP][PASSED] - Statement - out.println("BatchSize : " + batchsize): null

2018-06-10 19:10:40 - [TEST_STEP][PASSED] - Statement - For ([n = 1, n <= batchsize - 1, (n++)]): null

2018-06-10 19:10:40 - [TEST_STEP][PASSED] - Statement - product = new com.kms.katalon.core.testobject.TestObject(): null

2018-06-10 19:10:40 - [TEST_STEP][PASSED] - Statement - product = com.kms.katalon.core.webui.keyword.WebUiBuiltInKeywords.modifyObjectProperty(product, "xpath", "equals", "//*[@id = "fldvendor" + row + ""]", true): Modify property of object successfully

2018-06-10 19:10:40 - [MESSAGE][PASSED] - Modify property of object successfully

2018-06-10 19:10:40 - [TEST_STEP][PASSED] - selectOptionByIndex: All options with index in [1] are selected on object ''

2018-06-10 19:10:40 - [MESSAGE][PASSED] - All options with index in [1] are selected on object ''

2018-06-10 19:10:40 - [TEST_STEP][PASSED] - Statement - batch = new com.kms.katalon.core.testobject.TestObject(): null

2018-06-10 19:10:40 - [TEST_STEP][PASSED] - Statement - batch = com.kms.katalon.core.webui.keyword.WebUiBuiltInKeywords.modifyObjectProperty(batch, "xpath", "equals", "//*[@id = "txtbthqty" + row + ""]", true): Modify property of object successfully

2018-06-10 19:10:40 - [MESSAGE][PASSED] - Modify property of object successfully

2018-06-10 19:10:40 - [TEST_STEP][PASSED] - Statement - batchqty = com.kms.katalon.core.webui.keyword.WebUiBuiltInKeywords.getAttribute(batch, "value").trim(): Attribute 'value' of object '' is: '900'

2018-06-10 19:10:40 - [MESSAGE][PASSED] - Attribute 'value' of object '' is: '900'

2018-06-10 19:10:40 - [TEST_STEP][PASSED] - Statement - Rqty = 100: null

2018-06-10 19:10:40 - [TEST_STEP][PASSED] - delay: Delayed 2 second(s)

2018-06-10 19:10:42 - [MESSAGE][PASSED] - Delayed 2 second(s)

2018-06-10 19:10:42 - [TEST_STEP][PASSED] - Statement - out.println("BatchQty : " + batchqty): null

2018-06-10 19:10:42 - [TEST_STEP][PASSED] - Statement - out.println("RQty : " + Rqty): null

2018-06-10 19:10:42 - [TEST_STEP][PASSED] - Statement - If (java.lang.Integer.valueOf(batchqty) >= java.lang.Integer.valueOf(Rqty)): null

2018-06-10 19:10:42 - [TEST_STEP][PASSED] - Statement - Break: null

2018-06-10 19:10:42 - [TEST_STEP][PASSED] - Statement - batchlength = new com.kms.katalon.core.testobject.TestObject(): null

2018-06-10 19:10:42 - [TEST_STEP][PASSED] - Statement - batchlength = com.kms.katalon.core.webui.keyword.WebUiBuiltInKeywords.modifyObjectProperty(batchlength, "xpath", "equals", "//*[@id = "fldvendor" + row + ""]", true): Modify property of object successfully

2018-06-10 19:10:42 - [MESSAGE][PASSED] - Modify property of object successfully

2018-06-10 19:10:42 - [TEST_STEP][PASSED] - Statement - batchsize = com.kms.katalon.core.webui.keyword.WebUiBuiltInKeywords.getNumberOfTotalOption(batchlength): 15 options of object '' counted

2018-06-10 19:10:43 - [MESSAGE][PASSED] - 15 options of object '' counted

2018-06-10 19:10:43 - [TEST_STEP][PASSED] - Statement - out.println("BatchSize : " + batchsize): null

2018-06-10 19:10:43 - [TEST_STEP][PASSED] - Statement - For ([n = 1, n <= batchsize - 1, (n++)]): null

2018-06-10 19:10:43 - [TEST_STEP][PASSED] - Statement - product = new com.kms.katalon.core.testobject.TestObject(): null

2018-06-10 19:10:43 - [TEST_STEP][PASSED] - Statement - product = com.kms.katalon.core.webui.keyword.WebUiBuiltInKeywords.modifyObjectProperty(product, "xpath", "equals", "//*[@id = "fldvendor" + row + ""]", true): Modify property of object successfully

2018-06-10 19:10:43 - [MESSAGE][PASSED] - Modify property of object successfully

2018-06-10 19:10:43 - [TEST_STEP][PASSED] - selectOptionByIndex: All options with index in [1] are selected on object ''

2018-06-10 19:10:43 - [MESSAGE][PASSED] - All options with index in [1] are selected on object ''

2018-06-10 19:10:43 - [TEST_STEP][PASSED] - Statement - batch = new com.kms.katalon.core.testobject.TestObject(): null

2018-06-10 19:10:43 - [TEST_STEP][PASSED] - Statement - batch = com.kms.katalon.core.webui.keyword.WebUiBuiltInKeywords.modifyObjectProperty(batch, "xpath", "equals", "//*[@id = "txtbthqty" + row + ""]", true): Modify property of object successfully

2018-06-10 19:10:43 - [MESSAGE][PASSED] - Modify property of object successfully

2018-06-10 19:10:43 - [TEST_STEP][PASSED] - Statement - batchqty = com.kms.katalon.core.webui.keyword.WebUiBuiltInKeywords.getAttribute(batch, "value").trim(): Attribute 'value' of object '' is: '24800'

2018-06-10 19:10:43 - [MESSAGE][PASSED] - Attribute 'value' of object '' is: '24800'

2018-06-10 19:10:43 - [TEST_STEP][PASSED] - Statement - Rqty = 100: null

2018-06-10 19:10:43 - [TEST_STEP][PASSED] - delay: Delayed 2 second(s)

2018-06-10 19:10:45 - [MESSAGE][PASSED] - Delayed 2 second(s)

2018-06-10 19:10:45 - [TEST_STEP][PASSED] - Statement - out.println("BatchQty : " + batchqty): null

2018-06-10 19:10:45 - [TEST_STEP][PASSED] - Statement - out.println("RQty : " + Rqty): null

2018-06-10 19:10:45 - [TEST_STEP][PASSED] - Statement - If (java.lang.Integer.valueOf(batchqty) >= java.lang.Integer.valueOf(Rqty)): null

2018-06-10 19:10:45 - [TEST_STEP][PASSED] - Statement - Break: null

2018-06-10 19:10:45 - [TEST_STEP][PASSED] - delay: Delayed 2 second(s)

2018-06-10 19:10:47 - [MESSAGE][PASSED] - Delayed 2 second(s)

2018-06-10 19:10:47 - [TEST_STEP][PASSED] - click: Object: 'Object Repository/HealthpostToCms/Page_KDMC - CMS/input_btndispatch' is clicked on

2018-06-10 19:10:47 - [MESSAGE][PASSED] - Object: 'Object Repository/HealthpostToCms/Page_KDMC - CMS/input_btndispatch' is clicked on

2018-06-10 19:10:47 - [TEST_STEP][PASSED] - delay: Delayed 3 second(s)

2018-06-10 19:10:50 - [MESSAGE][PASSED] - Delayed 3 second(s)

2018-06-10 19:10:50 - [TEST_STEP][PASSED] - click: Object: 'Object Repository/HealthpostToCms/Page_KDMC - CMS/button_OK' is clicked on

2018-06-10 19:10:50 - [MESSAGE][PASSED] - Object: 'Object Repository/HealthpostToCms/Page_KDMC - CMS/button_OK' is clicked on

2018-06-10 19:10:50 - [TEST_STEP][PASSED] - delay: Delayed 3 second(s)

2018-06-10 19:10:53 - [MESSAGE][PASSED] - Delayed 3 second(s)

2018-06-10 19:10:53 - [TEST_STEP][PASSED] - waitForElementPresent: Object 'Object Repository/HealthpostToCms/Page_KDMC - CMS/a_dropdown-toggle' is present

2018-06-10 19:10:53 - [MESSAGE][PASSED] - Object 'Object Repository/HealthpostToCms/Page_KDMC - CMS/a_dropdown-toggle' is present

2018-06-10 19:10:53 - [TEST_STEP][PASSED] - click: Object: 'Object Repository/HealthpostToCms/Page_KDMC - CMS/a_dropdown-toggle' is clicked on

2018-06-10 19:10:53 - [MESSAGE][PASSED] - Object: 'Object Repository/HealthpostToCms/Page_KDMC - CMS/a_dropdown-toggle' is clicked on

2018-06-10 19:10:53 - [TEST_STEP][PASSED] - click: Object: 'Object Repository/HealthpostToCms/Page_KDMC - CMS/a_Sign out' is clicked on

2018-06-10 19:10:54 - [MESSAGE][PASSED] - Object: 'Object Repository/HealthpostToCms/Page_KDMC - CMS/a_Sign out' is clicked on

2018-06-10 19:10:54 - [TEST_STEP][PASSED] - delay: Delayed 3 second(s)

2018-06-10 19:10:57 - [MESSAGE][PASSED] - Delayed 3 second(s)

2018-06-10 19:10:57 - [TEST_STEP][PASSED] - navigateToUrl: Navigate to 'http://192.168.137.1/multihospital_new/HDSplashscreen.aspx' successfully

2018-06-10 19:10:57 - [MESSAGE][PASSED] - Navigate to 'http://192.168.137.1/multihospital_new/HDSplashscreen.aspx' successfully

2018-06-10 19:10:57 - [TEST_STEP][PASSED] - click: Object: 'Object Repository/HealthpostToCms/Page_KDMC/a_Healthpost Store' is clicked on

2018-06-10 19:10:58 - [MESSAGE][PASSED] - Object: 'Object Repository/HealthpostToCms/Page_KDMC/a_Healthpost Store' is clicked on

2018-06-10 19:10:58 - [TEST_STEP][PASSED] - setText: Text 'raguram' is set on object 'Object Repository/HealthpostToCms/Page_HealthPost Store Login/input_txtusername'

2018-06-10 19:10:58 - [MESSAGE][PASSED] - Text 'raguram' is set on object 'Object Repository/HealthpostToCms/Page_HealthPost Store Login/input_txtusername'

2018-06-10 19:10:58 - [TEST_STEP][PASSED] - setText: Text '123' is set on object 'Object Repository/HealthpostToCms/Page_HealthPost Store Login/input_txtpassword'

2018-06-10 19:10:58 - [MESSAGE][PASSED] - Text '123' is set on object 'Object Repository/HealthpostToCms/Page_HealthPost Store Login/input_txtpassword'

2018-06-10 19:10:58 - [TEST_STEP][PASSED] - delay: Delayed 3 second(s)

2018-06-10 19:11:01 - [MESSAGE][PASSED] - Delayed 3 second(s)

2018-06-10 19:11:01 - [TEST_STEP][PASSED] - click: Object: 'Object Repository/HealthpostToCms/Page_HealthPost Store Login/button_Sign in' is clicked on

2018-06-10 19:11:01 - [MESSAGE][PASSED] - Object: 'Object Repository/HealthpostToCms/Page_HealthPost Store Login/button_Sign in' is clicked on

2018-06-10 19:11:01 - [TEST_STEP][PASSED] - delay: Delayed 3 second(s)

2018-06-10 19:11:04 - [MESSAGE][PASSED] - Delayed 3 second(s)

2018-06-10 19:11:04 - [TEST_STEP][PASSED] - click: Object: 'Object Repository/HealthpostToCms/Page_HealthPost Store/a_CMS' is clicked on

2018-06-10 19:11:05 - [MESSAGE][PASSED] - Object: 'Object Repository/HealthpostToCms/Page_HealthPost Store/a_CMS' is clicked on

2018-06-10 19:11:05 - [TEST_STEP][PASSED] - delay: Delayed 2 second(s)

2018-06-10 19:11:07 - [MESSAGE][PASSED] - Delayed 2 second(s)

2018-06-10 19:11:07 - [TEST_STEP][PASSED] - click: Object: 'Object Repository/HealthpostToCms/Page_HealthPost Store/a_Receiving Goods' is clicked on

2018-06-10 19:11:07 - [MESSAGE][PASSED] - Object: 'Object Repository/HealthpostToCms/Page_HealthPost Store/a_Receiving Goods' is clicked on

2018-06-10 19:11:07 - [TEST_STEP][PASSED] - setText: Text 'PRNO/10062018/808' is set on object 'Object Repository/HealthpostToCms/Page_HealthPost Store/input'

2018-06-10 19:11:08 - [MESSAGE][PASSED] - Text 'PRNO/10062018/808' is set on object 'Object Repository/HealthpostToCms/Page_HealthPost Store/input'

2018-06-10 19:11:08 - [TEST_STEP][PASSED] - click: Object: 'Object Repository/HealthpostToCms/Page_HealthPost Store/input_PRNO18052018174' is clicked on

2018-06-10 19:11:08 - [MESSAGE][PASSED] - Object: 'Object Repository/HealthpostToCms/Page_HealthPost Store/input_PRNO18052018174' is clicked on

2018-06-10 19:11:08 - [TEST_STEP][PASSED] - delay: Delayed 2 second(s)

2018-06-10 19:11:10 - [MESSAGE][PASSED] - Delayed 2 second(s)

2018-06-10 19:11:10 - [TEST_STEP][PASSED] - click: Object: 'Object Repository/HealthpostToCms/Page_HealthPost Store/input_chkrem' is clicked on

2018-06-10 19:11:10 - [MESSAGE][PASSED] - Object: 'Object Repository/HealthpostToCms/Page_HealthPost Store/input_chkrem' is clicked on

2018-06-10 19:11:10 - [TEST_STEP][PASSED] - scrollToElement: Scroll to object 'Object Repository/HealthpostToCms/Page_HealthPost Store/input_btchkroqadd' successfully

2018-06-10 19:11:10 - [MESSAGE][PASSED] - Scroll to object 'Object Repository/HealthpostToCms/Page_HealthPost Store/input_btchkroqadd' successfully

2018-06-10 19:11:10 - [TEST_STEP][PASSED] - click: Object: 'Object Repository/HealthpostToCms/Page_HealthPost Store/input_btchkroqadd' is clicked on

2018-06-10 19:11:10 - [MESSAGE][PASSED] - Object: 'Object Repository/HealthpostToCms/Page_HealthPost Store/input_btchkroqadd' is clicked on

2018-06-10 19:11:10 - [TEST_STEP][PASSED] - delay: Delayed 2 second(s)

2018-06-10 19:11:12 - [MESSAGE][PASSED] - Delayed 2 second(s)

2018-06-10 19:11:12 - [TEST_STEP][PASSED] - refresh: Refresh successfully

2018-06-10 19:11:13 - [MESSAGE][PASSED] - Refresh successfully

2018-06-10 19:11:13 - [TEST_STEP][PASSED] - delay: Delayed 3 second(s)

2018-06-10 19:11:16 - [MESSAGE][PASSED] - Delayed 3 second(s)

2018-06-10 19:11:16 - [TEST_STEP][PASSED] - waitForElementPresent: Object 'Object Repository/HealthpostToCms/Page_HealthPost Store/a_dropdown-toggle' is present

2018-06-10 19:11:16 - [MESSAGE][PASSED] - Object 'Object Repository/HealthpostToCms/Page_HealthPost Store/a_dropdown-toggle' is present

2018-06-10 19:11:16 - [TEST_STEP][PASSED] - click: Object: 'Object Repository/HealthpostToCms/Page_HealthPost Store/a_dropdown-toggle' is clicked on

2018-06-10 19:11:16 - [MESSAGE][PASSED] - Object: 'Object Repository/HealthpostToCms/Page_HealthPost Store/a_dropdown-toggle' is clicked on

2018-06-10 19:11:16 - [TEST_STEP][PASSED] - click: Object: 'Object Repository/HealthpostToCms/Page_HealthPost Store/a_Sign out' is clicked on

2018-06-10 19:11:17 - [MESSAGE][PASSED] - Object: 'Object Repository/HealthpostToCms/Page_HealthPost Store/a_Sign out' is clicked on

2018-06-10 19:11:17 - [TEST_STEP][PASSED] - closeBrowser: Browser is closed

2018-06-10 19:11:17 - [MESSAGE][PASSED] - Browser is closed]]></system-out>
         <system-err><![CDATA[]]></system-err>
      </testcase>
      <testcase name="Test Cases/HEALTHPOST TEST CASES/TC_HP_019 Verify Schedule 7 Healthpost To CMS Request Are Working Successfully Or Not" classname="Test Cases/HEALTHPOST TEST CASES/TC_HP_019 Verify Schedule 7 Healthpost To CMS Request Are Working Successfully Or Not" status="PASSED">
         <system-out><![CDATA[2018-06-10 19:11:17 - [TEST_CASE][PASSED] - Test Cases/HEALTHPOST TEST CASES/TC_HP_019 Verify Schedule 7 Healthpost To CMS Request Are Working Successfully Or Not: Test Cases/HEALTHPOST TEST CASES/TC_HP_019 Verify Schedule 7 Healthpost To CMS Request Are Working Successfully Or Not

2018-06-10 19:11:17 - [TEST_STEP][PASSED] - openBrowser: Browser is opened with url: ''

2018-06-10 19:11:19 - [MESSAGE][PASSED] - Browser is opened with url: ''

2018-06-10 19:11:19 - [TEST_STEP][PASSED] - navigateToUrl: Navigate to 'http://192.168.137.1/multihospital_new/HDSplashscreen.aspx' successfully

2018-06-10 19:11:21 - [MESSAGE][PASSED] - Navigate to 'http://192.168.137.1/multihospital_new/HDSplashscreen.aspx' successfully

2018-06-10 19:11:21 - [TEST_STEP][PASSED] - maximizeWindow: Current window maximized

2018-06-10 19:11:22 - [MESSAGE][PASSED] - Current window maximized

2018-06-10 19:11:22 - [TEST_STEP][PASSED] - click: Object: 'Object Repository/HealthpostToCms/Page_KDMC/a_Healthpost Store' is clicked on

2018-06-10 19:11:23 - [MESSAGE][PASSED] - Object: 'Object Repository/HealthpostToCms/Page_KDMC/a_Healthpost Store' is clicked on

2018-06-10 19:11:23 - [TEST_STEP][PASSED] - setText: Text 'raguram' is set on object 'Object Repository/HealthpostToCms/Page_HealthPost Store Login/input_txtusername'

2018-06-10 19:11:23 - [MESSAGE][PASSED] - Text 'raguram' is set on object 'Object Repository/HealthpostToCms/Page_HealthPost Store Login/input_txtusername'

2018-06-10 19:11:23 - [TEST_STEP][PASSED] - setText: Text '123' is set on object 'Object Repository/HealthpostToCms/Page_HealthPost Store Login/input_txtpassword'

2018-06-10 19:11:24 - [MESSAGE][PASSED] - Text '123' is set on object 'Object Repository/HealthpostToCms/Page_HealthPost Store Login/input_txtpassword'

2018-06-10 19:11:24 - [TEST_STEP][PASSED] - delay: Delayed 3 second(s)

2018-06-10 19:11:27 - [MESSAGE][PASSED] - Delayed 3 second(s)

2018-06-10 19:11:27 - [TEST_STEP][PASSED] - click: Object: 'Object Repository/HealthpostToCms/Page_HealthPost Store Login/button_Sign in' is clicked on

2018-06-10 19:11:27 - [MESSAGE][PASSED] - Object: 'Object Repository/HealthpostToCms/Page_HealthPost Store Login/button_Sign in' is clicked on

2018-06-10 19:11:27 - [TEST_STEP][PASSED] - delay: Delayed 3 second(s)

2018-06-10 19:11:30 - [MESSAGE][PASSED] - Delayed 3 second(s)

2018-06-10 19:11:30 - [TEST_STEP][PASSED] - click: Object: 'Object Repository/HealthpostToCms/Page_HealthPost Store/a_CMS' is clicked on

2018-06-10 19:11:30 - [MESSAGE][PASSED] - Object: 'Object Repository/HealthpostToCms/Page_HealthPost Store/a_CMS' is clicked on

2018-06-10 19:11:30 - [TEST_STEP][PASSED] - delay: Delayed 2 second(s)

2018-06-10 19:11:32 - [MESSAGE][PASSED] - Delayed 2 second(s)

2018-06-10 19:11:32 - [TEST_STEP][PASSED] - click: Object: 'Object Repository/HealthpostToCms/Page_HealthPost Store/a_Request Send' is clicked on

2018-06-10 19:11:33 - [MESSAGE][PASSED] - Object: 'Object Repository/HealthpostToCms/Page_HealthPost Store/a_Request Send' is clicked on

2018-06-10 19:11:33 - [TEST_STEP][PASSED] - delay: Delayed 2 second(s)

2018-06-10 19:11:35 - [MESSAGE][PASSED] - Delayed 2 second(s)

2018-06-10 19:11:35 - [TEST_STEP][PASSED] - selectOptionByIndex: All options with index in [2] are selected on object 'Object Repository/HealthpostToCms/Page_HealthPost Store/select_--Select--'

2018-06-10 19:11:35 - [MESSAGE][PASSED] - All options with index in [2] are selected on object 'Object Repository/HealthpostToCms/Page_HealthPost Store/select_--Select--'

2018-06-10 19:11:35 - [TEST_STEP][PASSED] - selectOptionByIndex: All options with index in [7] are selected on object 'Object Repository/HealthpostToCms/Page_HealthPost Store/select_--Select--Schedule 1Inj'

2018-06-10 19:11:35 - [MESSAGE][PASSED] - All options with index in [7] are selected on object 'Object Repository/HealthpostToCms/Page_HealthPost Store/select_--Select--Schedule 1Inj'

2018-06-10 19:11:35 - [TEST_STEP][PASSED] - Statement - medicineslength = com.kms.katalon.core.webui.keyword.WebUiBuiltInKeywords.getNumberOfTotalOption(com.kms.katalon.core.testobject.ObjectRepository.findTestObject(HealthpostToCms/Page_HealthPost Store/select_--Select--Adernaline 0.)): 24 options of object 'Object Repository/HealthpostToCms/Page_HealthPost Store/select_--Select--Adernaline 0.' counted

2018-06-10 19:11:35 - [MESSAGE][PASSED] - 24 options of object 'Object Repository/HealthpostToCms/Page_HealthPost Store/select_--Select--Adernaline 0.' counted

2018-06-10 19:11:35 - [TEST_STEP][PASSED] - Statement - For ([e = 1, e <= medicineslength - 1, (e++)]): Delayed 1 second(s)

2018-06-10 19:11:35 - [TEST_STEP][PASSED] - selectOptionByIndex: All options with index in [7] are selected on object 'Object Repository/HealthpostToCms/Page_HealthPost Store/select_--Select--Schedule 1Inj'

2018-06-10 19:11:36 - [MESSAGE][PASSED] - All options with index in [7] are selected on object 'Object Repository/HealthpostToCms/Page_HealthPost Store/select_--Select--Schedule 1Inj'

2018-06-10 19:11:36 - [TEST_STEP][PASSED] - delay: Delayed 1 second(s)

2018-06-10 19:11:37 - [MESSAGE][PASSED] - Delayed 1 second(s)

2018-06-10 19:11:37 - [TEST_STEP][PASSED] - selectOptionByIndex: All options with index in [1] are selected on object 'Object Repository/HealthpostToCms/Page_HealthPost Store/select_--Select--Adernaline 0.'

2018-06-10 19:11:37 - [MESSAGE][PASSED] - All options with index in [1] are selected on object 'Object Repository/HealthpostToCms/Page_HealthPost Store/select_--Select--Adernaline 0.'

2018-06-10 19:11:37 - [TEST_STEP][PASSED] - setText: Text '100' is set on object 'Object Repository/HealthpostToCms/Page_HealthPost Store/input_txttreat'

2018-06-10 19:11:37 - [MESSAGE][PASSED] - Text '100' is set on object 'Object Repository/HealthpostToCms/Page_HealthPost Store/input_txttreat'

2018-06-10 19:11:37 - [TEST_STEP][PASSED] - click: Object: 'Object Repository/HealthpostToCms/Page_HealthPost Store/button_Add' is clicked on

2018-06-10 19:11:37 - [MESSAGE][PASSED] - Object: 'Object Repository/HealthpostToCms/Page_HealthPost Store/button_Add' is clicked on

2018-06-10 19:11:37 - [TEST_STEP][PASSED] - delay: Delayed 1 second(s)

2018-06-10 19:11:38 - [MESSAGE][PASSED] - Delayed 1 second(s)

2018-06-10 19:11:38 - [TEST_STEP][PASSED] - selectOptionByIndex: All options with index in [7] are selected on object 'Object Repository/HealthpostToCms/Page_HealthPost Store/select_--Select--Schedule 1Inj'

2018-06-10 19:11:38 - [MESSAGE][PASSED] - All options with index in [7] are selected on object 'Object Repository/HealthpostToCms/Page_HealthPost Store/select_--Select--Schedule 1Inj'

2018-06-10 19:11:38 - [TEST_STEP][PASSED] - delay: Delayed 1 second(s)

2018-06-10 19:11:39 - [MESSAGE][PASSED] - Delayed 1 second(s)

2018-06-10 19:11:39 - [TEST_STEP][PASSED] - selectOptionByIndex: All options with index in [2] are selected on object 'Object Repository/HealthpostToCms/Page_HealthPost Store/select_--Select--Adernaline 0.'

2018-06-10 19:11:39 - [MESSAGE][PASSED] - All options with index in [2] are selected on object 'Object Repository/HealthpostToCms/Page_HealthPost Store/select_--Select--Adernaline 0.'

2018-06-10 19:11:39 - [TEST_STEP][PASSED] - setText: Text '100' is set on object 'Object Repository/HealthpostToCms/Page_HealthPost Store/input_txttreat'

2018-06-10 19:11:39 - [MESSAGE][PASSED] - Text '100' is set on object 'Object Repository/HealthpostToCms/Page_HealthPost Store/input_txttreat'

2018-06-10 19:11:39 - [TEST_STEP][PASSED] - click: Object: 'Object Repository/HealthpostToCms/Page_HealthPost Store/button_Add' is clicked on

2018-06-10 19:11:39 - [MESSAGE][PASSED] - Object: 'Object Repository/HealthpostToCms/Page_HealthPost Store/button_Add' is clicked on

2018-06-10 19:11:39 - [TEST_STEP][PASSED] - delay: Delayed 1 second(s)

2018-06-10 19:11:40 - [MESSAGE][PASSED] - Delayed 1 second(s)

2018-06-10 19:11:40 - [TEST_STEP][PASSED] - selectOptionByIndex: All options with index in [7] are selected on object 'Object Repository/HealthpostToCms/Page_HealthPost Store/select_--Select--Schedule 1Inj'

2018-06-10 19:11:41 - [MESSAGE][PASSED] - All options with index in [7] are selected on object 'Object Repository/HealthpostToCms/Page_HealthPost Store/select_--Select--Schedule 1Inj'

2018-06-10 19:11:41 - [TEST_STEP][PASSED] - delay: Delayed 1 second(s)

2018-06-10 19:11:42 - [MESSAGE][PASSED] - Delayed 1 second(s)

2018-06-10 19:11:42 - [TEST_STEP][PASSED] - selectOptionByIndex: All options with index in [3] are selected on object 'Object Repository/HealthpostToCms/Page_HealthPost Store/select_--Select--Adernaline 0.'

2018-06-10 19:11:42 - [MESSAGE][PASSED] - All options with index in [3] are selected on object 'Object Repository/HealthpostToCms/Page_HealthPost Store/select_--Select--Adernaline 0.'

2018-06-10 19:11:42 - [TEST_STEP][PASSED] - setText: Text '100' is set on object 'Object Repository/HealthpostToCms/Page_HealthPost Store/input_txttreat'

2018-06-10 19:11:42 - [MESSAGE][PASSED] - Text '100' is set on object 'Object Repository/HealthpostToCms/Page_HealthPost Store/input_txttreat'

2018-06-10 19:11:42 - [TEST_STEP][PASSED] - click: Object: 'Object Repository/HealthpostToCms/Page_HealthPost Store/button_Add' is clicked on

2018-06-10 19:11:42 - [MESSAGE][PASSED] - Object: 'Object Repository/HealthpostToCms/Page_HealthPost Store/button_Add' is clicked on

2018-06-10 19:11:42 - [TEST_STEP][PASSED] - delay: Delayed 1 second(s)

2018-06-10 19:11:43 - [MESSAGE][PASSED] - Delayed 1 second(s)

2018-06-10 19:11:43 - [TEST_STEP][PASSED] - selectOptionByIndex: All options with index in [7] are selected on object 'Object Repository/HealthpostToCms/Page_HealthPost Store/select_--Select--Schedule 1Inj'

2018-06-10 19:11:43 - [MESSAGE][PASSED] - All options with index in [7] are selected on object 'Object Repository/HealthpostToCms/Page_HealthPost Store/select_--Select--Schedule 1Inj'

2018-06-10 19:11:43 - [TEST_STEP][PASSED] - delay: Delayed 1 second(s)

2018-06-10 19:11:44 - [MESSAGE][PASSED] - Delayed 1 second(s)

2018-06-10 19:11:44 - [TEST_STEP][PASSED] - selectOptionByIndex: All options with index in [4] are selected on object 'Object Repository/HealthpostToCms/Page_HealthPost Store/select_--Select--Adernaline 0.'

2018-06-10 19:11:44 - [MESSAGE][PASSED] - All options with index in [4] are selected on object 'Object Repository/HealthpostToCms/Page_HealthPost Store/select_--Select--Adernaline 0.'

2018-06-10 19:11:44 - [TEST_STEP][PASSED] - setText: Text '100' is set on object 'Object Repository/HealthpostToCms/Page_HealthPost Store/input_txttreat'

2018-06-10 19:11:44 - [MESSAGE][PASSED] - Text '100' is set on object 'Object Repository/HealthpostToCms/Page_HealthPost Store/input_txttreat'

2018-06-10 19:11:44 - [TEST_STEP][PASSED] - click: Object: 'Object Repository/HealthpostToCms/Page_HealthPost Store/button_Add' is clicked on

2018-06-10 19:11:44 - [MESSAGE][PASSED] - Object: 'Object Repository/HealthpostToCms/Page_HealthPost Store/button_Add' is clicked on

2018-06-10 19:11:44 - [TEST_STEP][PASSED] - delay: Delayed 1 second(s)

2018-06-10 19:11:45 - [MESSAGE][PASSED] - Delayed 1 second(s)

2018-06-10 19:11:45 - [TEST_STEP][PASSED] - selectOptionByIndex: All options with index in [7] are selected on object 'Object Repository/HealthpostToCms/Page_HealthPost Store/select_--Select--Schedule 1Inj'

2018-06-10 19:11:46 - [MESSAGE][PASSED] - All options with index in [7] are selected on object 'Object Repository/HealthpostToCms/Page_HealthPost Store/select_--Select--Schedule 1Inj'

2018-06-10 19:11:46 - [TEST_STEP][PASSED] - delay: Delayed 1 second(s)

2018-06-10 19:11:47 - [MESSAGE][PASSED] - Delayed 1 second(s)

2018-06-10 19:11:47 - [TEST_STEP][PASSED] - selectOptionByIndex: All options with index in [5] are selected on object 'Object Repository/HealthpostToCms/Page_HealthPost Store/select_--Select--Adernaline 0.'

2018-06-10 19:11:47 - [MESSAGE][PASSED] - All options with index in [5] are selected on object 'Object Repository/HealthpostToCms/Page_HealthPost Store/select_--Select--Adernaline 0.'

2018-06-10 19:11:47 - [TEST_STEP][PASSED] - setText: Text '100' is set on object 'Object Repository/HealthpostToCms/Page_HealthPost Store/input_txttreat'

2018-06-10 19:11:47 - [MESSAGE][PASSED] - Text '100' is set on object 'Object Repository/HealthpostToCms/Page_HealthPost Store/input_txttreat'

2018-06-10 19:11:47 - [TEST_STEP][PASSED] - click: Object: 'Object Repository/HealthpostToCms/Page_HealthPost Store/button_Add' is clicked on

2018-06-10 19:11:47 - [MESSAGE][PASSED] - Object: 'Object Repository/HealthpostToCms/Page_HealthPost Store/button_Add' is clicked on

2018-06-10 19:11:47 - [TEST_STEP][PASSED] - delay: Delayed 1 second(s)

2018-06-10 19:11:48 - [MESSAGE][PASSED] - Delayed 1 second(s)

2018-06-10 19:11:48 - [TEST_STEP][PASSED] - selectOptionByIndex: All options with index in [7] are selected on object 'Object Repository/HealthpostToCms/Page_HealthPost Store/select_--Select--Schedule 1Inj'

2018-06-10 19:11:48 - [MESSAGE][PASSED] - All options with index in [7] are selected on object 'Object Repository/HealthpostToCms/Page_HealthPost Store/select_--Select--Schedule 1Inj'

2018-06-10 19:11:48 - [TEST_STEP][PASSED] - delay: Delayed 1 second(s)

2018-06-10 19:11:49 - [MESSAGE][PASSED] - Delayed 1 second(s)

2018-06-10 19:11:49 - [TEST_STEP][PASSED] - selectOptionByIndex: All options with index in [6] are selected on object 'Object Repository/HealthpostToCms/Page_HealthPost Store/select_--Select--Adernaline 0.'

2018-06-10 19:11:49 - [MESSAGE][PASSED] - All options with index in [6] are selected on object 'Object Repository/HealthpostToCms/Page_HealthPost Store/select_--Select--Adernaline 0.'

2018-06-10 19:11:49 - [TEST_STEP][PASSED] - setText: Text '100' is set on object 'Object Repository/HealthpostToCms/Page_HealthPost Store/input_txttreat'

2018-06-10 19:11:49 - [MESSAGE][PASSED] - Text '100' is set on object 'Object Repository/HealthpostToCms/Page_HealthPost Store/input_txttreat'

2018-06-10 19:11:49 - [TEST_STEP][PASSED] - click: Object: 'Object Repository/HealthpostToCms/Page_HealthPost Store/button_Add' is clicked on

2018-06-10 19:11:49 - [MESSAGE][PASSED] - Object: 'Object Repository/HealthpostToCms/Page_HealthPost Store/button_Add' is clicked on

2018-06-10 19:11:49 - [TEST_STEP][PASSED] - delay: Delayed 1 second(s)

2018-06-10 19:11:50 - [MESSAGE][PASSED] - Delayed 1 second(s)

2018-06-10 19:11:50 - [TEST_STEP][PASSED] - selectOptionByIndex: All options with index in [7] are selected on object 'Object Repository/HealthpostToCms/Page_HealthPost Store/select_--Select--Schedule 1Inj'

2018-06-10 19:11:51 - [MESSAGE][PASSED] - All options with index in [7] are selected on object 'Object Repository/HealthpostToCms/Page_HealthPost Store/select_--Select--Schedule 1Inj'

2018-06-10 19:11:51 - [TEST_STEP][PASSED] - delay: Delayed 1 second(s)

2018-06-10 19:11:52 - [MESSAGE][PASSED] - Delayed 1 second(s)

2018-06-10 19:11:52 - [TEST_STEP][PASSED] - selectOptionByIndex: All options with index in [7] are selected on object 'Object Repository/HealthpostToCms/Page_HealthPost Store/select_--Select--Adernaline 0.'

2018-06-10 19:11:52 - [MESSAGE][PASSED] - All options with index in [7] are selected on object 'Object Repository/HealthpostToCms/Page_HealthPost Store/select_--Select--Adernaline 0.'

2018-06-10 19:11:52 - [TEST_STEP][PASSED] - setText: Text '100' is set on object 'Object Repository/HealthpostToCms/Page_HealthPost Store/input_txttreat'

2018-06-10 19:11:52 - [MESSAGE][PASSED] - Text '100' is set on object 'Object Repository/HealthpostToCms/Page_HealthPost Store/input_txttreat'

2018-06-10 19:11:52 - [TEST_STEP][PASSED] - click: Object: 'Object Repository/HealthpostToCms/Page_HealthPost Store/button_Add' is clicked on

2018-06-10 19:11:52 - [MESSAGE][PASSED] - Object: 'Object Repository/HealthpostToCms/Page_HealthPost Store/button_Add' is clicked on

2018-06-10 19:11:52 - [TEST_STEP][PASSED] - delay: Delayed 1 second(s)

2018-06-10 19:11:53 - [MESSAGE][PASSED] - Delayed 1 second(s)

2018-06-10 19:11:53 - [TEST_STEP][PASSED] - selectOptionByIndex: All options with index in [7] are selected on object 'Object Repository/HealthpostToCms/Page_HealthPost Store/select_--Select--Schedule 1Inj'

2018-06-10 19:11:53 - [MESSAGE][PASSED] - All options with index in [7] are selected on object 'Object Repository/HealthpostToCms/Page_HealthPost Store/select_--Select--Schedule 1Inj'

2018-06-10 19:11:53 - [TEST_STEP][PASSED] - delay: Delayed 1 second(s)

2018-06-10 19:11:54 - [MESSAGE][PASSED] - Delayed 1 second(s)

2018-06-10 19:11:54 - [TEST_STEP][PASSED] - selectOptionByIndex: All options with index in [8] are selected on object 'Object Repository/HealthpostToCms/Page_HealthPost Store/select_--Select--Adernaline 0.'

2018-06-10 19:11:54 - [MESSAGE][PASSED] - All options with index in [8] are selected on object 'Object Repository/HealthpostToCms/Page_HealthPost Store/select_--Select--Adernaline 0.'

2018-06-10 19:11:54 - [TEST_STEP][PASSED] - setText: Text '100' is set on object 'Object Repository/HealthpostToCms/Page_HealthPost Store/input_txttreat'

2018-06-10 19:11:54 - [MESSAGE][PASSED] - Text '100' is set on object 'Object Repository/HealthpostToCms/Page_HealthPost Store/input_txttreat'

2018-06-10 19:11:54 - [TEST_STEP][PASSED] - click: Object: 'Object Repository/HealthpostToCms/Page_HealthPost Store/button_Add' is clicked on

2018-06-10 19:11:55 - [MESSAGE][PASSED] - Object: 'Object Repository/HealthpostToCms/Page_HealthPost Store/button_Add' is clicked on

2018-06-10 19:11:55 - [TEST_STEP][PASSED] - delay: Delayed 1 second(s)

2018-06-10 19:11:56 - [MESSAGE][PASSED] - Delayed 1 second(s)

2018-06-10 19:11:56 - [TEST_STEP][PASSED] - selectOptionByIndex: All options with index in [7] are selected on object 'Object Repository/HealthpostToCms/Page_HealthPost Store/select_--Select--Schedule 1Inj'

2018-06-10 19:11:56 - [MESSAGE][PASSED] - All options with index in [7] are selected on object 'Object Repository/HealthpostToCms/Page_HealthPost Store/select_--Select--Schedule 1Inj'

2018-06-10 19:11:56 - [TEST_STEP][PASSED] - delay: Delayed 1 second(s)

2018-06-10 19:11:57 - [MESSAGE][PASSED] - Delayed 1 second(s)

2018-06-10 19:11:57 - [TEST_STEP][PASSED] - selectOptionByIndex: All options with index in [9] are selected on object 'Object Repository/HealthpostToCms/Page_HealthPost Store/select_--Select--Adernaline 0.'

2018-06-10 19:11:57 - [MESSAGE][PASSED] - All options with index in [9] are selected on object 'Object Repository/HealthpostToCms/Page_HealthPost Store/select_--Select--Adernaline 0.'

2018-06-10 19:11:57 - [TEST_STEP][PASSED] - setText: Text '100' is set on object 'Object Repository/HealthpostToCms/Page_HealthPost Store/input_txttreat'

2018-06-10 19:11:57 - [MESSAGE][PASSED] - Text '100' is set on object 'Object Repository/HealthpostToCms/Page_HealthPost Store/input_txttreat'

2018-06-10 19:11:57 - [TEST_STEP][PASSED] - click: Object: 'Object Repository/HealthpostToCms/Page_HealthPost Store/button_Add' is clicked on

2018-06-10 19:11:57 - [MESSAGE][PASSED] - Object: 'Object Repository/HealthpostToCms/Page_HealthPost Store/button_Add' is clicked on

2018-06-10 19:11:57 - [TEST_STEP][PASSED] - delay: Delayed 1 second(s)

2018-06-10 19:11:58 - [MESSAGE][PASSED] - Delayed 1 second(s)

2018-06-10 19:11:58 - [TEST_STEP][PASSED] - selectOptionByIndex: All options with index in [7] are selected on object 'Object Repository/HealthpostToCms/Page_HealthPost Store/select_--Select--Schedule 1Inj'

2018-06-10 19:11:58 - [MESSAGE][PASSED] - All options with index in [7] are selected on object 'Object Repository/HealthpostToCms/Page_HealthPost Store/select_--Select--Schedule 1Inj'

2018-06-10 19:11:58 - [TEST_STEP][PASSED] - delay: Delayed 1 second(s)

2018-06-10 19:11:59 - [MESSAGE][PASSED] - Delayed 1 second(s)

2018-06-10 19:11:59 - [TEST_STEP][PASSED] - selectOptionByIndex: All options with index in [10] are selected on object 'Object Repository/HealthpostToCms/Page_HealthPost Store/select_--Select--Adernaline 0.'

2018-06-10 19:12:00 - [MESSAGE][PASSED] - All options with index in [10] are selected on object 'Object Repository/HealthpostToCms/Page_HealthPost Store/select_--Select--Adernaline 0.'

2018-06-10 19:12:00 - [TEST_STEP][PASSED] - setText: Text '100' is set on object 'Object Repository/HealthpostToCms/Page_HealthPost Store/input_txttreat'

2018-06-10 19:12:00 - [MESSAGE][PASSED] - Text '100' is set on object 'Object Repository/HealthpostToCms/Page_HealthPost Store/input_txttreat'

2018-06-10 19:12:00 - [TEST_STEP][PASSED] - click: Object: 'Object Repository/HealthpostToCms/Page_HealthPost Store/button_Add' is clicked on

2018-06-10 19:12:00 - [MESSAGE][PASSED] - Object: 'Object Repository/HealthpostToCms/Page_HealthPost Store/button_Add' is clicked on

2018-06-10 19:12:00 - [TEST_STEP][PASSED] - delay: Delayed 1 second(s)

2018-06-10 19:12:01 - [MESSAGE][PASSED] - Delayed 1 second(s)

2018-06-10 19:12:01 - [TEST_STEP][PASSED] - selectOptionByIndex: All options with index in [7] are selected on object 'Object Repository/HealthpostToCms/Page_HealthPost Store/select_--Select--Schedule 1Inj'

2018-06-10 19:12:01 - [MESSAGE][PASSED] - All options with index in [7] are selected on object 'Object Repository/HealthpostToCms/Page_HealthPost Store/select_--Select--Schedule 1Inj'

2018-06-10 19:12:01 - [TEST_STEP][PASSED] - delay: Delayed 1 second(s)

2018-06-10 19:12:02 - [MESSAGE][PASSED] - Delayed 1 second(s)

2018-06-10 19:12:02 - [TEST_STEP][PASSED] - selectOptionByIndex: All options with index in [11] are selected on object 'Object Repository/HealthpostToCms/Page_HealthPost Store/select_--Select--Adernaline 0.'

2018-06-10 19:12:02 - [MESSAGE][PASSED] - All options with index in [11] are selected on object 'Object Repository/HealthpostToCms/Page_HealthPost Store/select_--Select--Adernaline 0.'

2018-06-10 19:12:02 - [TEST_STEP][PASSED] - setText: Text '100' is set on object 'Object Repository/HealthpostToCms/Page_HealthPost Store/input_txttreat'

2018-06-10 19:12:02 - [MESSAGE][PASSED] - Text '100' is set on object 'Object Repository/HealthpostToCms/Page_HealthPost Store/input_txttreat'

2018-06-10 19:12:02 - [TEST_STEP][PASSED] - click: Object: 'Object Repository/HealthpostToCms/Page_HealthPost Store/button_Add' is clicked on

2018-06-10 19:12:02 - [MESSAGE][PASSED] - Object: 'Object Repository/HealthpostToCms/Page_HealthPost Store/button_Add' is clicked on

2018-06-10 19:12:02 - [TEST_STEP][PASSED] - delay: Delayed 1 second(s)

2018-06-10 19:12:03 - [MESSAGE][PASSED] - Delayed 1 second(s)

2018-06-10 19:12:03 - [TEST_STEP][PASSED] - selectOptionByIndex: All options with index in [7] are selected on object 'Object Repository/HealthpostToCms/Page_HealthPost Store/select_--Select--Schedule 1Inj'

2018-06-10 19:12:03 - [MESSAGE][PASSED] - All options with index in [7] are selected on object 'Object Repository/HealthpostToCms/Page_HealthPost Store/select_--Select--Schedule 1Inj'

2018-06-10 19:12:03 - [TEST_STEP][PASSED] - delay: Delayed 1 second(s)

2018-06-10 19:12:04 - [MESSAGE][PASSED] - Delayed 1 second(s)

2018-06-10 19:12:04 - [TEST_STEP][PASSED] - selectOptionByIndex: All options with index in [12] are selected on object 'Object Repository/HealthpostToCms/Page_HealthPost Store/select_--Select--Adernaline 0.'

2018-06-10 19:12:05 - [MESSAGE][PASSED] - All options with index in [12] are selected on object 'Object Repository/HealthpostToCms/Page_HealthPost Store/select_--Select--Adernaline 0.'

2018-06-10 19:12:05 - [TEST_STEP][PASSED] - setText: Text '100' is set on object 'Object Repository/HealthpostToCms/Page_HealthPost Store/input_txttreat'

2018-06-10 19:12:05 - [MESSAGE][PASSED] - Text '100' is set on object 'Object Repository/HealthpostToCms/Page_HealthPost Store/input_txttreat'

2018-06-10 19:12:05 - [TEST_STEP][PASSED] - click: Object: 'Object Repository/HealthpostToCms/Page_HealthPost Store/button_Add' is clicked on

2018-06-10 19:12:05 - [MESSAGE][PASSED] - Object: 'Object Repository/HealthpostToCms/Page_HealthPost Store/button_Add' is clicked on

2018-06-10 19:12:05 - [TEST_STEP][PASSED] - delay: Delayed 1 second(s)

2018-06-10 19:12:06 - [MESSAGE][PASSED] - Delayed 1 second(s)

2018-06-10 19:12:06 - [TEST_STEP][PASSED] - selectOptionByIndex: All options with index in [7] are selected on object 'Object Repository/HealthpostToCms/Page_HealthPost Store/select_--Select--Schedule 1Inj'

2018-06-10 19:12:06 - [MESSAGE][PASSED] - All options with index in [7] are selected on object 'Object Repository/HealthpostToCms/Page_HealthPost Store/select_--Select--Schedule 1Inj'

2018-06-10 19:12:06 - [TEST_STEP][PASSED] - delay: Delayed 1 second(s)

2018-06-10 19:12:07 - [MESSAGE][PASSED] - Delayed 1 second(s)

2018-06-10 19:12:07 - [TEST_STEP][PASSED] - selectOptionByIndex: All options with index in [13] are selected on object 'Object Repository/HealthpostToCms/Page_HealthPost Store/select_--Select--Adernaline 0.'

2018-06-10 19:12:07 - [MESSAGE][PASSED] - All options with index in [13] are selected on object 'Object Repository/HealthpostToCms/Page_HealthPost Store/select_--Select--Adernaline 0.'

2018-06-10 19:12:07 - [TEST_STEP][PASSED] - setText: Text '100' is set on object 'Object Repository/HealthpostToCms/Page_HealthPost Store/input_txttreat'

2018-06-10 19:12:07 - [MESSAGE][PASSED] - Text '100' is set on object 'Object Repository/HealthpostToCms/Page_HealthPost Store/input_txttreat'

2018-06-10 19:12:07 - [TEST_STEP][PASSED] - click: Object: 'Object Repository/HealthpostToCms/Page_HealthPost Store/button_Add' is clicked on

2018-06-10 19:12:07 - [MESSAGE][PASSED] - Object: 'Object Repository/HealthpostToCms/Page_HealthPost Store/button_Add' is clicked on

2018-06-10 19:12:07 - [TEST_STEP][PASSED] - delay: Delayed 1 second(s)

2018-06-10 19:12:08 - [MESSAGE][PASSED] - Delayed 1 second(s)

2018-06-10 19:12:08 - [TEST_STEP][PASSED] - selectOptionByIndex: All options with index in [7] are selected on object 'Object Repository/HealthpostToCms/Page_HealthPost Store/select_--Select--Schedule 1Inj'

2018-06-10 19:12:09 - [MESSAGE][PASSED] - All options with index in [7] are selected on object 'Object Repository/HealthpostToCms/Page_HealthPost Store/select_--Select--Schedule 1Inj'

2018-06-10 19:12:09 - [TEST_STEP][PASSED] - delay: Delayed 1 second(s)

2018-06-10 19:12:10 - [MESSAGE][PASSED] - Delayed 1 second(s)

2018-06-10 19:12:10 - [TEST_STEP][PASSED] - selectOptionByIndex: All options with index in [14] are selected on object 'Object Repository/HealthpostToCms/Page_HealthPost Store/select_--Select--Adernaline 0.'

2018-06-10 19:12:10 - [MESSAGE][PASSED] - All options with index in [14] are selected on object 'Object Repository/HealthpostToCms/Page_HealthPost Store/select_--Select--Adernaline 0.'

2018-06-10 19:12:10 - [TEST_STEP][PASSED] - setText: Text '100' is set on object 'Object Repository/HealthpostToCms/Page_HealthPost Store/input_txttreat'

2018-06-10 19:12:10 - [MESSAGE][PASSED] - Text '100' is set on object 'Object Repository/HealthpostToCms/Page_HealthPost Store/input_txttreat'

2018-06-10 19:12:10 - [TEST_STEP][PASSED] - click: Object: 'Object Repository/HealthpostToCms/Page_HealthPost Store/button_Add' is clicked on

2018-06-10 19:12:10 - [MESSAGE][PASSED] - Object: 'Object Repository/HealthpostToCms/Page_HealthPost Store/button_Add' is clicked on

2018-06-10 19:12:10 - [TEST_STEP][PASSED] - delay: Delayed 1 second(s)

2018-06-10 19:12:11 - [MESSAGE][PASSED] - Delayed 1 second(s)

2018-06-10 19:12:11 - [TEST_STEP][PASSED] - selectOptionByIndex: All options with index in [7] are selected on object 'Object Repository/HealthpostToCms/Page_HealthPost Store/select_--Select--Schedule 1Inj'

2018-06-10 19:12:11 - [MESSAGE][PASSED] - All options with index in [7] are selected on object 'Object Repository/HealthpostToCms/Page_HealthPost Store/select_--Select--Schedule 1Inj'

2018-06-10 19:12:11 - [TEST_STEP][PASSED] - delay: Delayed 1 second(s)

2018-06-10 19:12:12 - [MESSAGE][PASSED] - Delayed 1 second(s)

2018-06-10 19:12:12 - [TEST_STEP][PASSED] - selectOptionByIndex: All options with index in [15] are selected on object 'Object Repository/HealthpostToCms/Page_HealthPost Store/select_--Select--Adernaline 0.'

2018-06-10 19:12:13 - [MESSAGE][PASSED] - All options with index in [15] are selected on object 'Object Repository/HealthpostToCms/Page_HealthPost Store/select_--Select--Adernaline 0.'

2018-06-10 19:12:13 - [TEST_STEP][PASSED] - setText: Text '100' is set on object 'Object Repository/HealthpostToCms/Page_HealthPost Store/input_txttreat'

2018-06-10 19:12:13 - [MESSAGE][PASSED] - Text '100' is set on object 'Object Repository/HealthpostToCms/Page_HealthPost Store/input_txttreat'

2018-06-10 19:12:13 - [TEST_STEP][PASSED] - click: Object: 'Object Repository/HealthpostToCms/Page_HealthPost Store/button_Add' is clicked on

2018-06-10 19:12:13 - [MESSAGE][PASSED] - Object: 'Object Repository/HealthpostToCms/Page_HealthPost Store/button_Add' is clicked on

2018-06-10 19:12:13 - [TEST_STEP][PASSED] - delay: Delayed 1 second(s)

2018-06-10 19:12:14 - [MESSAGE][PASSED] - Delayed 1 second(s)

2018-06-10 19:12:14 - [TEST_STEP][PASSED] - selectOptionByIndex: All options with index in [7] are selected on object 'Object Repository/HealthpostToCms/Page_HealthPost Store/select_--Select--Schedule 1Inj'

2018-06-10 19:12:14 - [MESSAGE][PASSED] - All options with index in [7] are selected on object 'Object Repository/HealthpostToCms/Page_HealthPost Store/select_--Select--Schedule 1Inj'

2018-06-10 19:12:14 - [TEST_STEP][PASSED] - delay: Delayed 1 second(s)

2018-06-10 19:12:15 - [MESSAGE][PASSED] - Delayed 1 second(s)

2018-06-10 19:12:15 - [TEST_STEP][PASSED] - selectOptionByIndex: All options with index in [16] are selected on object 'Object Repository/HealthpostToCms/Page_HealthPost Store/select_--Select--Adernaline 0.'

2018-06-10 19:12:15 - [MESSAGE][PASSED] - All options with index in [16] are selected on object 'Object Repository/HealthpostToCms/Page_HealthPost Store/select_--Select--Adernaline 0.'

2018-06-10 19:12:15 - [TEST_STEP][PASSED] - setText: Text '100' is set on object 'Object Repository/HealthpostToCms/Page_HealthPost Store/input_txttreat'

2018-06-10 19:12:15 - [MESSAGE][PASSED] - Text '100' is set on object 'Object Repository/HealthpostToCms/Page_HealthPost Store/input_txttreat'

2018-06-10 19:12:15 - [TEST_STEP][PASSED] - click: Object: 'Object Repository/HealthpostToCms/Page_HealthPost Store/button_Add' is clicked on

2018-06-10 19:12:15 - [MESSAGE][PASSED] - Object: 'Object Repository/HealthpostToCms/Page_HealthPost Store/button_Add' is clicked on

2018-06-10 19:12:15 - [TEST_STEP][PASSED] - delay: Delayed 1 second(s)

2018-06-10 19:12:16 - [MESSAGE][PASSED] - Delayed 1 second(s)

2018-06-10 19:12:16 - [TEST_STEP][PASSED] - selectOptionByIndex: All options with index in [7] are selected on object 'Object Repository/HealthpostToCms/Page_HealthPost Store/select_--Select--Schedule 1Inj'

2018-06-10 19:12:17 - [MESSAGE][PASSED] - All options with index in [7] are selected on object 'Object Repository/HealthpostToCms/Page_HealthPost Store/select_--Select--Schedule 1Inj'

2018-06-10 19:12:17 - [TEST_STEP][PASSED] - delay: Delayed 1 second(s)

2018-06-10 19:12:18 - [MESSAGE][PASSED] - Delayed 1 second(s)

2018-06-10 19:12:18 - [TEST_STEP][PASSED] - selectOptionByIndex: All options with index in [17] are selected on object 'Object Repository/HealthpostToCms/Page_HealthPost Store/select_--Select--Adernaline 0.'

2018-06-10 19:12:18 - [MESSAGE][PASSED] - All options with index in [17] are selected on object 'Object Repository/HealthpostToCms/Page_HealthPost Store/select_--Select--Adernaline 0.'

2018-06-10 19:12:18 - [TEST_STEP][PASSED] - setText: Text '100' is set on object 'Object Repository/HealthpostToCms/Page_HealthPost Store/input_txttreat'

2018-06-10 19:12:18 - [MESSAGE][PASSED] - Text '100' is set on object 'Object Repository/HealthpostToCms/Page_HealthPost Store/input_txttreat'

2018-06-10 19:12:18 - [TEST_STEP][PASSED] - click: Object: 'Object Repository/HealthpostToCms/Page_HealthPost Store/button_Add' is clicked on

2018-06-10 19:12:18 - [MESSAGE][PASSED] - Object: 'Object Repository/HealthpostToCms/Page_HealthPost Store/button_Add' is clicked on

2018-06-10 19:12:18 - [TEST_STEP][PASSED] - delay: Delayed 1 second(s)

2018-06-10 19:12:19 - [MESSAGE][PASSED] - Delayed 1 second(s)

2018-06-10 19:12:19 - [TEST_STEP][PASSED] - selectOptionByIndex: All options with index in [7] are selected on object 'Object Repository/HealthpostToCms/Page_HealthPost Store/select_--Select--Schedule 1Inj'

2018-06-10 19:12:19 - [MESSAGE][PASSED] - All options with index in [7] are selected on object 'Object Repository/HealthpostToCms/Page_HealthPost Store/select_--Select--Schedule 1Inj'

2018-06-10 19:12:19 - [TEST_STEP][PASSED] - delay: Delayed 1 second(s)

2018-06-10 19:12:20 - [MESSAGE][PASSED] - Delayed 1 second(s)

2018-06-10 19:12:20 - [TEST_STEP][PASSED] - selectOptionByIndex: All options with index in [18] are selected on object 'Object Repository/HealthpostToCms/Page_HealthPost Store/select_--Select--Adernaline 0.'

2018-06-10 19:12:20 - [MESSAGE][PASSED] - All options with index in [18] are selected on object 'Object Repository/HealthpostToCms/Page_HealthPost Store/select_--Select--Adernaline 0.'

2018-06-10 19:12:20 - [TEST_STEP][PASSED] - setText: Text '100' is set on object 'Object Repository/HealthpostToCms/Page_HealthPost Store/input_txttreat'

2018-06-10 19:12:21 - [MESSAGE][PASSED] - Text '100' is set on object 'Object Repository/HealthpostToCms/Page_HealthPost Store/input_txttreat'

2018-06-10 19:12:21 - [TEST_STEP][PASSED] - click: Object: 'Object Repository/HealthpostToCms/Page_HealthPost Store/button_Add' is clicked on

2018-06-10 19:12:21 - [MESSAGE][PASSED] - Object: 'Object Repository/HealthpostToCms/Page_HealthPost Store/button_Add' is clicked on

2018-06-10 19:12:21 - [TEST_STEP][PASSED] - delay: Delayed 1 second(s)

2018-06-10 19:12:22 - [MESSAGE][PASSED] - Delayed 1 second(s)

2018-06-10 19:12:22 - [TEST_STEP][PASSED] - selectOptionByIndex: All options with index in [7] are selected on object 'Object Repository/HealthpostToCms/Page_HealthPost Store/select_--Select--Schedule 1Inj'

2018-06-10 19:12:22 - [MESSAGE][PASSED] - All options with index in [7] are selected on object 'Object Repository/HealthpostToCms/Page_HealthPost Store/select_--Select--Schedule 1Inj'

2018-06-10 19:12:22 - [TEST_STEP][PASSED] - delay: Delayed 1 second(s)

2018-06-10 19:12:23 - [MESSAGE][PASSED] - Delayed 1 second(s)

2018-06-10 19:12:23 - [TEST_STEP][PASSED] - selectOptionByIndex: All options with index in [19] are selected on object 'Object Repository/HealthpostToCms/Page_HealthPost Store/select_--Select--Adernaline 0.'

2018-06-10 19:12:23 - [MESSAGE][PASSED] - All options with index in [19] are selected on object 'Object Repository/HealthpostToCms/Page_HealthPost Store/select_--Select--Adernaline 0.'

2018-06-10 19:12:23 - [TEST_STEP][PASSED] - setText: Text '100' is set on object 'Object Repository/HealthpostToCms/Page_HealthPost Store/input_txttreat'

2018-06-10 19:12:23 - [MESSAGE][PASSED] - Text '100' is set on object 'Object Repository/HealthpostToCms/Page_HealthPost Store/input_txttreat'

2018-06-10 19:12:23 - [TEST_STEP][PASSED] - click: Object: 'Object Repository/HealthpostToCms/Page_HealthPost Store/button_Add' is clicked on

2018-06-10 19:12:23 - [MESSAGE][PASSED] - Object: 'Object Repository/HealthpostToCms/Page_HealthPost Store/button_Add' is clicked on

2018-06-10 19:12:23 - [TEST_STEP][PASSED] - delay: Delayed 1 second(s)

2018-06-10 19:12:24 - [MESSAGE][PASSED] - Delayed 1 second(s)

2018-06-10 19:12:24 - [TEST_STEP][PASSED] - selectOptionByIndex: All options with index in [7] are selected on object 'Object Repository/HealthpostToCms/Page_HealthPost Store/select_--Select--Schedule 1Inj'

2018-06-10 19:12:24 - [MESSAGE][PASSED] - All options with index in [7] are selected on object 'Object Repository/HealthpostToCms/Page_HealthPost Store/select_--Select--Schedule 1Inj'

2018-06-10 19:12:24 - [TEST_STEP][PASSED] - delay: Delayed 1 second(s)

2018-06-10 19:12:25 - [MESSAGE][PASSED] - Delayed 1 second(s)

2018-06-10 19:12:25 - [TEST_STEP][PASSED] - selectOptionByIndex: All options with index in [20] are selected on object 'Object Repository/HealthpostToCms/Page_HealthPost Store/select_--Select--Adernaline 0.'

2018-06-10 19:12:26 - [MESSAGE][PASSED] - All options with index in [20] are selected on object 'Object Repository/HealthpostToCms/Page_HealthPost Store/select_--Select--Adernaline 0.'

2018-06-10 19:12:26 - [TEST_STEP][PASSED] - setText: Text '100' is set on object 'Object Repository/HealthpostToCms/Page_HealthPost Store/input_txttreat'

2018-06-10 19:12:26 - [MESSAGE][PASSED] - Text '100' is set on object 'Object Repository/HealthpostToCms/Page_HealthPost Store/input_txttreat'

2018-06-10 19:12:26 - [TEST_STEP][PASSED] - click: Object: 'Object Repository/HealthpostToCms/Page_HealthPost Store/button_Add' is clicked on

2018-06-10 19:12:26 - [MESSAGE][PASSED] - Object: 'Object Repository/HealthpostToCms/Page_HealthPost Store/button_Add' is clicked on

2018-06-10 19:12:26 - [TEST_STEP][PASSED] - delay: Delayed 1 second(s)

2018-06-10 19:12:27 - [MESSAGE][PASSED] - Delayed 1 second(s)

2018-06-10 19:12:27 - [TEST_STEP][PASSED] - selectOptionByIndex: All options with index in [7] are selected on object 'Object Repository/HealthpostToCms/Page_HealthPost Store/select_--Select--Schedule 1Inj'

2018-06-10 19:12:27 - [MESSAGE][PASSED] - All options with index in [7] are selected on object 'Object Repository/HealthpostToCms/Page_HealthPost Store/select_--Select--Schedule 1Inj'

2018-06-10 19:12:27 - [TEST_STEP][PASSED] - delay: Delayed 1 second(s)

2018-06-10 19:12:28 - [MESSAGE][PASSED] - Delayed 1 second(s)

2018-06-10 19:12:28 - [TEST_STEP][PASSED] - selectOptionByIndex: All options with index in [21] are selected on object 'Object Repository/HealthpostToCms/Page_HealthPost Store/select_--Select--Adernaline 0.'

2018-06-10 19:12:29 - [MESSAGE][PASSED] - All options with index in [21] are selected on object 'Object Repository/HealthpostToCms/Page_HealthPost Store/select_--Select--Adernaline 0.'

2018-06-10 19:12:29 - [TEST_STEP][PASSED] - setText: Text '100' is set on object 'Object Repository/HealthpostToCms/Page_HealthPost Store/input_txttreat'

2018-06-10 19:12:29 - [MESSAGE][PASSED] - Text '100' is set on object 'Object Repository/HealthpostToCms/Page_HealthPost Store/input_txttreat'

2018-06-10 19:12:29 - [TEST_STEP][PASSED] - click: Object: 'Object Repository/HealthpostToCms/Page_HealthPost Store/button_Add' is clicked on

2018-06-10 19:12:29 - [MESSAGE][PASSED] - Object: 'Object Repository/HealthpostToCms/Page_HealthPost Store/button_Add' is clicked on

2018-06-10 19:12:29 - [TEST_STEP][PASSED] - delay: Delayed 1 second(s)

2018-06-10 19:12:30 - [MESSAGE][PASSED] - Delayed 1 second(s)

2018-06-10 19:12:30 - [TEST_STEP][PASSED] - selectOptionByIndex: All options with index in [7] are selected on object 'Object Repository/HealthpostToCms/Page_HealthPost Store/select_--Select--Schedule 1Inj'

2018-06-10 19:12:30 - [MESSAGE][PASSED] - All options with index in [7] are selected on object 'Object Repository/HealthpostToCms/Page_HealthPost Store/select_--Select--Schedule 1Inj'

2018-06-10 19:12:30 - [TEST_STEP][PASSED] - delay: Delayed 1 second(s)

2018-06-10 19:12:31 - [MESSAGE][PASSED] - Delayed 1 second(s)

2018-06-10 19:12:31 - [TEST_STEP][PASSED] - selectOptionByIndex: All options with index in [22] are selected on object 'Object Repository/HealthpostToCms/Page_HealthPost Store/select_--Select--Adernaline 0.'

2018-06-10 19:12:31 - [MESSAGE][PASSED] - All options with index in [22] are selected on object 'Object Repository/HealthpostToCms/Page_HealthPost Store/select_--Select--Adernaline 0.'

2018-06-10 19:12:31 - [TEST_STEP][PASSED] - setText: Text '100' is set on object 'Object Repository/HealthpostToCms/Page_HealthPost Store/input_txttreat'

2018-06-10 19:12:31 - [MESSAGE][PASSED] - Text '100' is set on object 'Object Repository/HealthpostToCms/Page_HealthPost Store/input_txttreat'

2018-06-10 19:12:31 - [TEST_STEP][PASSED] - click: Object: 'Object Repository/HealthpostToCms/Page_HealthPost Store/button_Add' is clicked on

2018-06-10 19:12:31 - [MESSAGE][PASSED] - Object: 'Object Repository/HealthpostToCms/Page_HealthPost Store/button_Add' is clicked on

2018-06-10 19:12:31 - [TEST_STEP][PASSED] - delay: Delayed 1 second(s)

2018-06-10 19:12:32 - [MESSAGE][PASSED] - Delayed 1 second(s)

2018-06-10 19:12:32 - [TEST_STEP][PASSED] - selectOptionByIndex: All options with index in [7] are selected on object 'Object Repository/HealthpostToCms/Page_HealthPost Store/select_--Select--Schedule 1Inj'

2018-06-10 19:12:33 - [MESSAGE][PASSED] - All options with index in [7] are selected on object 'Object Repository/HealthpostToCms/Page_HealthPost Store/select_--Select--Schedule 1Inj'

2018-06-10 19:12:33 - [TEST_STEP][PASSED] - delay: Delayed 1 second(s)

2018-06-10 19:12:34 - [MESSAGE][PASSED] - Delayed 1 second(s)

2018-06-10 19:12:34 - [TEST_STEP][PASSED] - selectOptionByIndex: All options with index in [23] are selected on object 'Object Repository/HealthpostToCms/Page_HealthPost Store/select_--Select--Adernaline 0.'

2018-06-10 19:12:34 - [MESSAGE][PASSED] - All options with index in [23] are selected on object 'Object Repository/HealthpostToCms/Page_HealthPost Store/select_--Select--Adernaline 0.'

2018-06-10 19:12:34 - [TEST_STEP][PASSED] - setText: Text '100' is set on object 'Object Repository/HealthpostToCms/Page_HealthPost Store/input_txttreat'

2018-06-10 19:12:34 - [MESSAGE][PASSED] - Text '100' is set on object 'Object Repository/HealthpostToCms/Page_HealthPost Store/input_txttreat'

2018-06-10 19:12:34 - [TEST_STEP][PASSED] - click: Object: 'Object Repository/HealthpostToCms/Page_HealthPost Store/button_Add' is clicked on

2018-06-10 19:12:34 - [MESSAGE][PASSED] - Object: 'Object Repository/HealthpostToCms/Page_HealthPost Store/button_Add' is clicked on

2018-06-10 19:12:34 - [TEST_STEP][PASSED] - delay: Delayed 1 second(s)

2018-06-10 19:12:35 - [MESSAGE][PASSED] - Delayed 1 second(s)

2018-06-10 19:12:35 - [TEST_STEP][PASSED] - scrollToElement: Scroll to object 'Object Repository/HealthpostToCms/Page_HealthPost Store/input_btnsave' successfully

2018-06-10 19:12:35 - [MESSAGE][PASSED] - Scroll to object 'Object Repository/HealthpostToCms/Page_HealthPost Store/input_btnsave' successfully

2018-06-10 19:12:35 - [TEST_STEP][PASSED] - click: Object: 'Object Repository/HealthpostToCms/Page_HealthPost Store/input_btnsave' is clicked on

2018-06-10 19:12:35 - [MESSAGE][PASSED] - Object: 'Object Repository/HealthpostToCms/Page_HealthPost Store/input_btnsave' is clicked on

2018-06-10 19:12:35 - [TEST_STEP][PASSED] - delay: Delayed 3 second(s)

2018-06-10 19:12:38 - [MESSAGE][PASSED] - Delayed 3 second(s)

2018-06-10 19:12:38 - [TEST_STEP][PASSED] - waitForElementVisible: Object 'Object Repository/HealthpostToCms/Page_HealthPost Store/font_PRNO18052018174' is visible

2018-06-10 19:12:38 - [MESSAGE][PASSED] - Object 'Object Repository/HealthpostToCms/Page_HealthPost Store/font_PRNO18052018174' is visible

2018-06-10 19:12:38 - [TEST_STEP][PASSED] - Statement - RN1 = com.kms.katalon.core.webui.keyword.WebUiBuiltInKeywords.getText(com.kms.katalon.core.testobject.ObjectRepository.findTestObject(HealthpostToCms/Page_HealthPost Store/font_PRNO18052018174)): Text of object 'Object Repository/HealthpostToCms/Page_HealthPost Store/font_PRNO18052018174' is: 'PRNO/10062018/809'

2018-06-10 19:12:38 - [MESSAGE][PASSED] - Text of object 'Object Repository/HealthpostToCms/Page_HealthPost Store/font_PRNO18052018174' is: 'PRNO/10062018/809'

2018-06-10 19:12:38 - [TEST_STEP][PASSED] - Statement - out.println(RN1): null

2018-06-10 19:12:38 - [TEST_STEP][PASSED] - Statement - RID = RN1.split("/")[2]: null

2018-06-10 19:12:38 - [TEST_STEP][PASSED] - click: Object: 'Object Repository/HealthpostToCms/Page_HealthPost Store/button_OK' is clicked on

2018-06-10 19:12:39 - [MESSAGE][PASSED] - Object: 'Object Repository/HealthpostToCms/Page_HealthPost Store/button_OK' is clicked on

2018-06-10 19:12:39 - [TEST_STEP][PASSED] - delay: Delayed 3 second(s)

2018-06-10 19:12:42 - [MESSAGE][PASSED] - Delayed 3 second(s)

2018-06-10 19:12:42 - [TEST_STEP][PASSED] - click: Object: 'Object Repository/HealthpostToCms/Page_HealthPost Store/a_dropdown-toggle' is clicked on

2018-06-10 19:12:42 - [MESSAGE][PASSED] - Object: 'Object Repository/HealthpostToCms/Page_HealthPost Store/a_dropdown-toggle' is clicked on

2018-06-10 19:12:42 - [TEST_STEP][PASSED] - click: Object: 'Object Repository/HealthpostToCms/Page_HealthPost Store/a_Sign out' is clicked on

2018-06-10 19:12:43 - [MESSAGE][PASSED] - Object: 'Object Repository/HealthpostToCms/Page_HealthPost Store/a_Sign out' is clicked on

2018-06-10 19:12:43 - [TEST_STEP][PASSED] - delay: Delayed 3 second(s)

2018-06-10 19:12:46 - [MESSAGE][PASSED] - Delayed 3 second(s)

2018-06-10 19:12:46 - [TEST_STEP][PASSED] - navigateToUrl: Navigate to 'http://192.168.137.1/multihospital_new/' successfully

2018-06-10 19:12:46 - [MESSAGE][PASSED] - Navigate to 'http://192.168.137.1/multihospital_new/' successfully

2018-06-10 19:12:46 - [TEST_STEP][PASSED] - click: Object: 'Object Repository/HealthpostToCms/Page_KDMC/a_CMO' is clicked on

2018-06-10 19:12:47 - [MESSAGE][PASSED] - Object: 'Object Repository/HealthpostToCms/Page_KDMC/a_CMO' is clicked on

2018-06-10 19:12:47 - [TEST_STEP][PASSED] - setText: Text 'guru' is set on object 'Object Repository/HealthpostToCms/Page_CMO login/input_txtusername'

2018-06-10 19:12:47 - [MESSAGE][PASSED] - Text 'guru' is set on object 'Object Repository/HealthpostToCms/Page_CMO login/input_txtusername'

2018-06-10 19:12:47 - [TEST_STEP][PASSED] - setText: Text '123' is set on object 'Object Repository/HealthpostToCms/Page_CMO login/input_txtpassword'

2018-06-10 19:12:47 - [MESSAGE][PASSED] - Text '123' is set on object 'Object Repository/HealthpostToCms/Page_CMO login/input_txtpassword'

2018-06-10 19:12:47 - [TEST_STEP][PASSED] - delay: Delayed 3 second(s)

2018-06-10 19:12:50 - [MESSAGE][PASSED] - Delayed 3 second(s)

2018-06-10 19:12:50 - [TEST_STEP][PASSED] - click: Object: 'Object Repository/HealthpostToCms/Page_CMO login/button_Sign in' is clicked on

2018-06-10 19:12:51 - [MESSAGE][PASSED] - Object: 'Object Repository/HealthpostToCms/Page_CMO login/button_Sign in' is clicked on

2018-06-10 19:12:51 - [TEST_STEP][PASSED] - delay: Delayed 3 second(s)

2018-06-10 19:12:54 - [MESSAGE][PASSED] - Delayed 3 second(s)

2018-06-10 19:12:54 - [TEST_STEP][PASSED] - click: Object: 'Object Repository/HealthpostToCms/Page_KDMC - CMO/a_CMS Request' is clicked on

2018-06-10 19:12:54 - [MESSAGE][PASSED] - Object: 'Object Repository/HealthpostToCms/Page_KDMC - CMO/a_CMS Request' is clicked on

2018-06-10 19:12:54 - [TEST_STEP][PASSED] - delay: Delayed 2 second(s)

2018-06-10 19:12:56 - [MESSAGE][PASSED] - Delayed 2 second(s)

2018-06-10 19:12:56 - [TEST_STEP][PASSED] - click: Object: 'Object Repository/HealthpostToCms/Page_KDMC - CMO/a_Healthpost Store Request' is clicked on

2018-06-10 19:12:57 - [MESSAGE][PASSED] - Object: 'Object Repository/HealthpostToCms/Page_KDMC - CMO/a_Healthpost Store Request' is clicked on

2018-06-10 19:12:57 - [TEST_STEP][PASSED] - selectOptionByIndex: All options with index in [1] are selected on object 'Object Repository/HealthpostToCms/Page_KDMC - CMO/select_--ALL--'

2018-06-10 19:12:57 - [MESSAGE][PASSED] - All options with index in [1] are selected on object 'Object Repository/HealthpostToCms/Page_KDMC - CMO/select_--ALL--'

2018-06-10 19:12:57 - [TEST_STEP][PASSED] - click: Object: 'Object Repository/HealthpostToCms/Page_KDMC - CMO/input_btnsearch' is clicked on

2018-06-10 19:12:57 - [MESSAGE][PASSED] - Object: 'Object Repository/HealthpostToCms/Page_KDMC - CMO/input_btnsearch' is clicked on

2018-06-10 19:12:57 - [TEST_STEP][PASSED] - Statement - ID = com.kms.katalon.core.webui.keyword.WebUiBuiltInKeywords.modifyObjectProperty(com.kms.katalon.core.testobject.ObjectRepository.findTestObject(lab/Page_KDMC - CMO/input_1), "xpath", "equals", "//*[@id=" + RID + "]", true): Modify property of object successfully

2018-06-10 19:12:57 - [MESSAGE][PASSED] - Modify property of object successfully

2018-06-10 19:12:57 - [TEST_STEP][PASSED] - click: Object: 'Object Repository/lab/Page_KDMC - CMO/input_1' is clicked on

2018-06-10 19:12:57 - [MESSAGE][PASSED] - Object: 'Object Repository/lab/Page_KDMC - CMO/input_1' is clicked on

2018-06-10 19:12:57 - [TEST_STEP][PASSED] - delay: Delayed 2 second(s)

2018-06-10 19:12:59 - [MESSAGE][PASSED] - Delayed 2 second(s)

2018-06-10 19:12:59 - [TEST_STEP][PASSED] - selectOptionByIndex: All options with index in [1] are selected on object 'Object Repository/HealthpostToCms/Page_KDMC - CMO/select_--Select--'

2018-06-10 19:13:00 - [MESSAGE][PASSED] - All options with index in [1] are selected on object 'Object Repository/HealthpostToCms/Page_KDMC - CMO/select_--Select--'

2018-06-10 19:13:00 - [TEST_STEP][PASSED] - click: Object: 'Object Repository/HealthpostToCms/Page_KDMC - CMO/input_btnupdate' is clicked on

2018-06-10 19:13:00 - [MESSAGE][PASSED] - Object: 'Object Repository/HealthpostToCms/Page_KDMC - CMO/input_btnupdate' is clicked on

2018-06-10 19:13:00 - [TEST_STEP][PASSED] - delay: Delayed 2 second(s)

2018-06-10 19:13:02 - [MESSAGE][PASSED] - Delayed 2 second(s)

2018-06-10 19:13:02 - [TEST_STEP][PASSED] - click: Object: 'Object Repository/HealthpostToCms/Page_KDMC - CMO/button_OK' is clicked on

2018-06-10 19:13:02 - [MESSAGE][PASSED] - Object: 'Object Repository/HealthpostToCms/Page_KDMC - CMO/button_OK' is clicked on

2018-06-10 19:13:02 - [TEST_STEP][PASSED] - delay: Delayed 3 second(s)

2018-06-10 19:13:05 - [MESSAGE][PASSED] - Delayed 3 second(s)

2018-06-10 19:13:05 - [TEST_STEP][PASSED] - click: Object: 'Object Repository/HealthpostToCms/Page_KDMC - CMO/a_dropdown-toggle' is clicked on

2018-06-10 19:13:05 - [MESSAGE][PASSED] - Object: 'Object Repository/HealthpostToCms/Page_KDMC - CMO/a_dropdown-toggle' is clicked on

2018-06-10 19:13:05 - [TEST_STEP][PASSED] - click: Object: 'Object Repository/HealthpostToCms/Page_KDMC - CMO/a_Sign out' is clicked on

2018-06-10 19:13:06 - [MESSAGE][PASSED] - Object: 'Object Repository/HealthpostToCms/Page_KDMC - CMO/a_Sign out' is clicked on

2018-06-10 19:13:06 - [TEST_STEP][PASSED] - delay: Delayed 3 second(s)

2018-06-10 19:13:09 - [MESSAGE][PASSED] - Delayed 3 second(s)

2018-06-10 19:13:09 - [TEST_STEP][PASSED] - click: Object: 'Object Repository/HealthpostToCms/Page_KDMC/a_CMS' is clicked on

2018-06-10 19:13:09 - [MESSAGE][PASSED] - Object: 'Object Repository/HealthpostToCms/Page_KDMC/a_CMS' is clicked on

2018-06-10 19:13:09 - [TEST_STEP][PASSED] - setText: Text 'bala' is set on object 'Object Repository/HealthpostToCms/Page_CMS login/input_txtusername'

2018-06-10 19:13:09 - [MESSAGE][PASSED] - Text 'bala' is set on object 'Object Repository/HealthpostToCms/Page_CMS login/input_txtusername'

2018-06-10 19:13:09 - [TEST_STEP][PASSED] - setText: Text '123' is set on object 'Object Repository/HealthpostToCms/Page_CMS login/input_txtpassword'

2018-06-10 19:13:09 - [MESSAGE][PASSED] - Text '123' is set on object 'Object Repository/HealthpostToCms/Page_CMS login/input_txtpassword'

2018-06-10 19:13:09 - [TEST_STEP][PASSED] - delay: Delayed 3 second(s)

2018-06-10 19:13:12 - [MESSAGE][PASSED] - Delayed 3 second(s)

2018-06-10 19:13:12 - [TEST_STEP][PASSED] - click: Object: 'Object Repository/HealthpostToCms/Page_CMS login/button_Sign in' is clicked on

2018-06-10 19:13:13 - [MESSAGE][PASSED] - Object: 'Object Repository/HealthpostToCms/Page_CMS login/button_Sign in' is clicked on

2018-06-10 19:13:13 - [TEST_STEP][PASSED] - delay: Delayed 3 second(s)

2018-06-10 19:13:16 - [MESSAGE][PASSED] - Delayed 3 second(s)

2018-06-10 19:13:16 - [TEST_STEP][PASSED] - click: Object: 'Object Repository/HealthpostToCms/Page_KDMC - CMS/a_Divisional Store' is clicked on

2018-06-10 19:13:16 - [MESSAGE][PASSED] - Object: 'Object Repository/HealthpostToCms/Page_KDMC - CMS/a_Divisional Store' is clicked on

2018-06-10 19:13:16 - [TEST_STEP][PASSED] - delay: Delayed 2 second(s)

2018-06-10 19:13:18 - [MESSAGE][PASSED] - Delayed 2 second(s)

2018-06-10 19:13:18 - [TEST_STEP][PASSED] - click: Object: 'Object Repository/HealthpostToCms/Page_KDMC - CMS/a_Dispatch Items' is clicked on

2018-06-10 19:13:19 - [MESSAGE][PASSED] - Object: 'Object Repository/HealthpostToCms/Page_KDMC - CMS/a_Dispatch Items' is clicked on

2018-06-10 19:13:19 - [TEST_STEP][PASSED] - delay: Delayed 2 second(s)

2018-06-10 19:13:21 - [MESSAGE][PASSED] - Delayed 2 second(s)

2018-06-10 19:13:21 - [TEST_STEP][PASSED] - setText: Text 'PRNO/10062018/809' is set on object 'Object Repository/HealthpostToCms/Page_KDMC - CMS/input'

2018-06-10 19:13:21 - [MESSAGE][PASSED] - Text 'PRNO/10062018/809' is set on object 'Object Repository/HealthpostToCms/Page_KDMC - CMS/input'

2018-06-10 19:13:21 - [TEST_STEP][PASSED] - click: Object: 'Object Repository/HealthpostToCms/Page_KDMC - CMS/input_PRNO18052018174' is clicked on

2018-06-10 19:13:21 - [MESSAGE][PASSED] - Object: 'Object Repository/HealthpostToCms/Page_KDMC - CMS/input_PRNO18052018174' is clicked on

2018-06-10 19:13:21 - [TEST_STEP][PASSED] - delay: Delayed 3 second(s)

2018-06-10 19:13:24 - [MESSAGE][PASSED] - Delayed 3 second(s)

2018-06-10 19:13:24 - [TEST_STEP][PASSED] - Statement - out.println("Length : " + medicineslength): null

2018-06-10 19:13:24 - [TEST_STEP][PASSED] - Statement - For ([row = 0, row < medicineslength - 1, (row++)]): null

2018-06-10 19:13:24 - [TEST_STEP][PASSED] - Statement - batchlength = new com.kms.katalon.core.testobject.TestObject(): null

2018-06-10 19:13:24 - [TEST_STEP][PASSED] - Statement - batchlength = com.kms.katalon.core.webui.keyword.WebUiBuiltInKeywords.modifyObjectProperty(batchlength, "xpath", "equals", "//*[@id = "fldvendor" + row + ""]", true): Modify property of object successfully

2018-06-10 19:13:24 - [MESSAGE][PASSED] - Modify property of object successfully

2018-06-10 19:13:24 - [TEST_STEP][PASSED] - Statement - batchsize = com.kms.katalon.core.webui.keyword.WebUiBuiltInKeywords.getNumberOfTotalOption(batchlength): 13 options of object '' counted

2018-06-10 19:13:24 - [MESSAGE][PASSED] - 13 options of object '' counted

2018-06-10 19:13:24 - [TEST_STEP][PASSED] - Statement - out.println("BatchSize : " + batchsize): null

2018-06-10 19:13:24 - [TEST_STEP][PASSED] - Statement - For ([n = 1, n <= batchsize - 1, (n++)]): null

2018-06-10 19:13:24 - [TEST_STEP][PASSED] - Statement - product = new com.kms.katalon.core.testobject.TestObject(): null

2018-06-10 19:13:24 - [TEST_STEP][PASSED] - Statement - product = com.kms.katalon.core.webui.keyword.WebUiBuiltInKeywords.modifyObjectProperty(product, "xpath", "equals", "//*[@id = "fldvendor" + row + ""]", true): Modify property of object successfully

2018-06-10 19:13:24 - [MESSAGE][PASSED] - Modify property of object successfully

2018-06-10 19:13:24 - [TEST_STEP][PASSED] - selectOptionByIndex: All options with index in [1] are selected on object ''

2018-06-10 19:13:24 - [MESSAGE][PASSED] - All options with index in [1] are selected on object ''

2018-06-10 19:13:24 - [TEST_STEP][PASSED] - delay: Delayed 2 second(s)

2018-06-10 19:13:26 - [MESSAGE][PASSED] - Delayed 2 second(s)

2018-06-10 19:13:26 - [TEST_STEP][PASSED] - Statement - batch = new com.kms.katalon.core.testobject.TestObject(): null

2018-06-10 19:13:26 - [TEST_STEP][PASSED] - Statement - batch = com.kms.katalon.core.webui.keyword.WebUiBuiltInKeywords.modifyObjectProperty(batch, "xpath", "equals", "//*[@id = "txtbthqty" + row + ""]", true): Modify property of object successfully

2018-06-10 19:13:26 - [MESSAGE][PASSED] - Modify property of object successfully

2018-06-10 19:13:26 - [TEST_STEP][PASSED] - Statement - batchqty = com.kms.katalon.core.webui.keyword.WebUiBuiltInKeywords.getAttribute(batch, "value").trim(): Attribute 'value' of object '' is: '900'

2018-06-10 19:13:26 - [MESSAGE][PASSED] - Attribute 'value' of object '' is: '900'

2018-06-10 19:13:26 - [TEST_STEP][PASSED] - Statement - Rqty = 100: null

2018-06-10 19:13:26 - [TEST_STEP][PASSED] - Statement - out.println("BatchQty : " + batchqty): null

2018-06-10 19:13:26 - [TEST_STEP][PASSED] - Statement - out.println("RQty : " + Rqty): null

2018-06-10 19:13:26 - [TEST_STEP][PASSED] - Statement - If (java.lang.Integer.valueOf(batchqty) >= java.lang.Integer.valueOf(Rqty)): null

2018-06-10 19:13:26 - [TEST_STEP][PASSED] - Statement - Break: null

2018-06-10 19:13:26 - [TEST_STEP][PASSED] - Statement - batchlength = new com.kms.katalon.core.testobject.TestObject(): null

2018-06-10 19:13:26 - [TEST_STEP][PASSED] - Statement - batchlength = com.kms.katalon.core.webui.keyword.WebUiBuiltInKeywords.modifyObjectProperty(batchlength, "xpath", "equals", "//*[@id = "fldvendor" + row + ""]", true): Modify property of object successfully

2018-06-10 19:13:26 - [MESSAGE][PASSED] - Modify property of object successfully

2018-06-10 19:13:26 - [TEST_STEP][PASSED] - Statement - batchsize = com.kms.katalon.core.webui.keyword.WebUiBuiltInKeywords.getNumberOfTotalOption(batchlength): 13 options of object '' counted

2018-06-10 19:13:27 - [MESSAGE][PASSED] - 13 options of object '' counted

2018-06-10 19:13:27 - [TEST_STEP][PASSED] - Statement - out.println("BatchSize : " + batchsize): null

2018-06-10 19:13:27 - [TEST_STEP][PASSED] - Statement - For ([n = 1, n <= batchsize - 1, (n++)]): null

2018-06-10 19:13:27 - [TEST_STEP][PASSED] - Statement - product = new com.kms.katalon.core.testobject.TestObject(): null

2018-06-10 19:13:27 - [TEST_STEP][PASSED] - Statement - product = com.kms.katalon.core.webui.keyword.WebUiBuiltInKeywords.modifyObjectProperty(product, "xpath", "equals", "//*[@id = "fldvendor" + row + ""]", true): Modify property of object successfully

2018-06-10 19:13:27 - [MESSAGE][PASSED] - Modify property of object successfully

2018-06-10 19:13:27 - [TEST_STEP][PASSED] - selectOptionByIndex: All options with index in [1] are selected on object ''

2018-06-10 19:13:27 - [MESSAGE][PASSED] - All options with index in [1] are selected on object ''

2018-06-10 19:13:27 - [TEST_STEP][PASSED] - delay: Delayed 2 second(s)

2018-06-10 19:13:29 - [MESSAGE][PASSED] - Delayed 2 second(s)

2018-06-10 19:13:29 - [TEST_STEP][PASSED] - Statement - batch = new com.kms.katalon.core.testobject.TestObject(): null

2018-06-10 19:13:29 - [TEST_STEP][PASSED] - Statement - batch = com.kms.katalon.core.webui.keyword.WebUiBuiltInKeywords.modifyObjectProperty(batch, "xpath", "equals", "//*[@id = "txtbthqty" + row + ""]", true): Modify property of object successfully

2018-06-10 19:13:29 - [MESSAGE][PASSED] - Modify property of object successfully

2018-06-10 19:13:29 - [TEST_STEP][PASSED] - Statement - batchqty = com.kms.katalon.core.webui.keyword.WebUiBuiltInKeywords.getAttribute(batch, "value").trim(): Attribute 'value' of object '' is: '2600'

2018-06-10 19:13:29 - [MESSAGE][PASSED] - Attribute 'value' of object '' is: '2600'

2018-06-10 19:13:29 - [TEST_STEP][PASSED] - Statement - Rqty = 100: null

2018-06-10 19:13:29 - [TEST_STEP][PASSED] - Statement - out.println("BatchQty : " + batchqty): null

2018-06-10 19:13:29 - [TEST_STEP][PASSED] - Statement - out.println("RQty : " + Rqty): null

2018-06-10 19:13:29 - [TEST_STEP][PASSED] - Statement - If (java.lang.Integer.valueOf(batchqty) >= java.lang.Integer.valueOf(Rqty)): null

2018-06-10 19:13:29 - [TEST_STEP][PASSED] - Statement - Break: null

2018-06-10 19:13:29 - [TEST_STEP][PASSED] - Statement - batchlength = new com.kms.katalon.core.testobject.TestObject(): null

2018-06-10 19:13:29 - [TEST_STEP][PASSED] - Statement - batchlength = com.kms.katalon.core.webui.keyword.WebUiBuiltInKeywords.modifyObjectProperty(batchlength, "xpath", "equals", "//*[@id = "fldvendor" + row + ""]", true): Modify property of object successfully

2018-06-10 19:13:29 - [MESSAGE][PASSED] - Modify property of object successfully

2018-06-10 19:13:29 - [TEST_STEP][PASSED] - Statement - batchsize = com.kms.katalon.core.webui.keyword.WebUiBuiltInKeywords.getNumberOfTotalOption(batchlength): 13 options of object '' counted

2018-06-10 19:13:29 - [MESSAGE][PASSED] - 13 options of object '' counted

2018-06-10 19:13:29 - [TEST_STEP][PASSED] - Statement - out.println("BatchSize : " + batchsize): null

2018-06-10 19:13:29 - [TEST_STEP][PASSED] - Statement - For ([n = 1, n <= batchsize - 1, (n++)]): null

2018-06-10 19:13:29 - [TEST_STEP][PASSED] - Statement - product = new com.kms.katalon.core.testobject.TestObject(): null

2018-06-10 19:13:29 - [TEST_STEP][PASSED] - Statement - product = com.kms.katalon.core.webui.keyword.WebUiBuiltInKeywords.modifyObjectProperty(product, "xpath", "equals", "//*[@id = "fldvendor" + row + ""]", true): Modify property of object successfully

2018-06-10 19:13:29 - [MESSAGE][PASSED] - Modify property of object successfully

2018-06-10 19:13:29 - [TEST_STEP][PASSED] - selectOptionByIndex: All options with index in [1] are selected on object ''

2018-06-10 19:13:29 - [MESSAGE][PASSED] - All options with index in [1] are selected on object ''

2018-06-10 19:13:29 - [TEST_STEP][PASSED] - delay: Delayed 2 second(s)

2018-06-10 19:13:31 - [MESSAGE][PASSED] - Delayed 2 second(s)

2018-06-10 19:13:31 - [TEST_STEP][PASSED] - Statement - batch = new com.kms.katalon.core.testobject.TestObject(): null

2018-06-10 19:13:31 - [TEST_STEP][PASSED] - Statement - batch = com.kms.katalon.core.webui.keyword.WebUiBuiltInKeywords.modifyObjectProperty(batch, "xpath", "equals", "//*[@id = "txtbthqty" + row + ""]", true): Modify property of object successfully

2018-06-10 19:13:31 - [MESSAGE][PASSED] - Modify property of object successfully

2018-06-10 19:13:31 - [TEST_STEP][PASSED] - Statement - batchqty = com.kms.katalon.core.webui.keyword.WebUiBuiltInKeywords.getAttribute(batch, "value").trim(): Attribute 'value' of object '' is: '35900'

2018-06-10 19:13:31 - [MESSAGE][PASSED] - Attribute 'value' of object '' is: '35900'

2018-06-10 19:13:31 - [TEST_STEP][PASSED] - Statement - Rqty = 100: null

2018-06-10 19:13:31 - [TEST_STEP][PASSED] - Statement - out.println("BatchQty : " + batchqty): null

2018-06-10 19:13:31 - [TEST_STEP][PASSED] - Statement - out.println("RQty : " + Rqty): null

2018-06-10 19:13:31 - [TEST_STEP][PASSED] - Statement - If (java.lang.Integer.valueOf(batchqty) >= java.lang.Integer.valueOf(Rqty)): null

2018-06-10 19:13:31 - [TEST_STEP][PASSED] - Statement - Break: null

2018-06-10 19:13:31 - [TEST_STEP][PASSED] - Statement - batchlength = new com.kms.katalon.core.testobject.TestObject(): null

2018-06-10 19:13:31 - [TEST_STEP][PASSED] - Statement - batchlength = com.kms.katalon.core.webui.keyword.WebUiBuiltInKeywords.modifyObjectProperty(batchlength, "xpath", "equals", "//*[@id = "fldvendor" + row + ""]", true): Modify property of object successfully

2018-06-10 19:13:31 - [MESSAGE][PASSED] - Modify property of object successfully

2018-06-10 19:13:31 - [TEST_STEP][PASSED] - Statement - batchsize = com.kms.katalon.core.webui.keyword.WebUiBuiltInKeywords.getNumberOfTotalOption(batchlength): 13 options of object '' counted

2018-06-10 19:13:31 - [MESSAGE][PASSED] - 13 options of object '' counted

2018-06-10 19:13:31 - [TEST_STEP][PASSED] - Statement - out.println("BatchSize : " + batchsize): null

2018-06-10 19:13:31 - [TEST_STEP][PASSED] - Statement - For ([n = 1, n <= batchsize - 1, (n++)]): null

2018-06-10 19:13:31 - [TEST_STEP][PASSED] - Statement - product = new com.kms.katalon.core.testobject.TestObject(): null

2018-06-10 19:13:31 - [TEST_STEP][PASSED] - Statement - product = com.kms.katalon.core.webui.keyword.WebUiBuiltInKeywords.modifyObjectProperty(product, "xpath", "equals", "//*[@id = "fldvendor" + row + ""]", true): Modify property of object successfully

2018-06-10 19:13:31 - [MESSAGE][PASSED] - Modify property of object successfully

2018-06-10 19:13:31 - [TEST_STEP][PASSED] - selectOptionByIndex: All options with index in [1] are selected on object ''

2018-06-10 19:13:31 - [MESSAGE][PASSED] - All options with index in [1] are selected on object ''

2018-06-10 19:13:31 - [TEST_STEP][PASSED] - delay: Delayed 2 second(s)

2018-06-10 19:13:33 - [MESSAGE][PASSED] - Delayed 2 second(s)

2018-06-10 19:13:33 - [TEST_STEP][PASSED] - Statement - batch = new com.kms.katalon.core.testobject.TestObject(): null

2018-06-10 19:13:33 - [TEST_STEP][PASSED] - Statement - batch = com.kms.katalon.core.webui.keyword.WebUiBuiltInKeywords.modifyObjectProperty(batch, "xpath", "equals", "//*[@id = "txtbthqty" + row + ""]", true): Modify property of object successfully

2018-06-10 19:13:33 - [MESSAGE][PASSED] - Modify property of object successfully

2018-06-10 19:13:33 - [TEST_STEP][PASSED] - Statement - batchqty = com.kms.katalon.core.webui.keyword.WebUiBuiltInKeywords.getAttribute(batch, "value").trim(): Attribute 'value' of object '' is: '35900'

2018-06-10 19:13:33 - [MESSAGE][PASSED] - Attribute 'value' of object '' is: '35900'

2018-06-10 19:13:33 - [TEST_STEP][PASSED] - Statement - Rqty = 100: null

2018-06-10 19:13:33 - [TEST_STEP][PASSED] - Statement - out.println("BatchQty : " + batchqty): null

2018-06-10 19:13:33 - [TEST_STEP][PASSED] - Statement - out.println("RQty : " + Rqty): null

2018-06-10 19:13:33 - [TEST_STEP][PASSED] - Statement - If (java.lang.Integer.valueOf(batchqty) >= java.lang.Integer.valueOf(Rqty)): null

2018-06-10 19:13:33 - [TEST_STEP][PASSED] - Statement - Break: null

2018-06-10 19:13:33 - [TEST_STEP][PASSED] - Statement - batchlength = new com.kms.katalon.core.testobject.TestObject(): null

2018-06-10 19:13:33 - [TEST_STEP][PASSED] - Statement - batchlength = com.kms.katalon.core.webui.keyword.WebUiBuiltInKeywords.modifyObjectProperty(batchlength, "xpath", "equals", "//*[@id = "fldvendor" + row + ""]", true): Modify property of object successfully

2018-06-10 19:13:33 - [MESSAGE][PASSED] - Modify property of object successfully

2018-06-10 19:13:33 - [TEST_STEP][PASSED] - Statement - batchsize = com.kms.katalon.core.webui.keyword.WebUiBuiltInKeywords.getNumberOfTotalOption(batchlength): 13 options of object '' counted

2018-06-10 19:13:33 - [MESSAGE][PASSED] - 13 options of object '' counted

2018-06-10 19:13:33 - [TEST_STEP][PASSED] - Statement - out.println("BatchSize : " + batchsize): null

2018-06-10 19:13:33 - [TEST_STEP][PASSED] - Statement - For ([n = 1, n <= batchsize - 1, (n++)]): null

2018-06-10 19:13:33 - [TEST_STEP][PASSED] - Statement - product = new com.kms.katalon.core.testobject.TestObject(): null

2018-06-10 19:13:33 - [TEST_STEP][PASSED] - Statement - product = com.kms.katalon.core.webui.keyword.WebUiBuiltInKeywords.modifyObjectProperty(product, "xpath", "equals", "//*[@id = "fldvendor" + row + ""]", true): Modify property of object successfully

2018-06-10 19:13:33 - [MESSAGE][PASSED] - Modify property of object successfully

2018-06-10 19:13:33 - [TEST_STEP][PASSED] - selectOptionByIndex: All options with index in [1] are selected on object ''

2018-06-10 19:13:33 - [MESSAGE][PASSED] - All options with index in [1] are selected on object ''

2018-06-10 19:13:33 - [TEST_STEP][PASSED] - delay: Delayed 2 second(s)

2018-06-10 19:13:35 - [MESSAGE][PASSED] - Delayed 2 second(s)

2018-06-10 19:13:35 - [TEST_STEP][PASSED] - Statement - batch = new com.kms.katalon.core.testobject.TestObject(): null

2018-06-10 19:13:35 - [TEST_STEP][PASSED] - Statement - batch = com.kms.katalon.core.webui.keyword.WebUiBuiltInKeywords.modifyObjectProperty(batch, "xpath", "equals", "//*[@id = "txtbthqty" + row + ""]", true): Modify property of object successfully

2018-06-10 19:13:35 - [MESSAGE][PASSED] - Modify property of object successfully

2018-06-10 19:13:35 - [TEST_STEP][PASSED] - Statement - batchqty = com.kms.katalon.core.webui.keyword.WebUiBuiltInKeywords.getAttribute(batch, "value").trim(): Attribute 'value' of object '' is: '2300'

2018-06-10 19:13:35 - [MESSAGE][PASSED] - Attribute 'value' of object '' is: '2300'

2018-06-10 19:13:35 - [TEST_STEP][PASSED] - Statement - Rqty = 100: null

2018-06-10 19:13:35 - [TEST_STEP][PASSED] - Statement - out.println("BatchQty : " + batchqty): null

2018-06-10 19:13:35 - [TEST_STEP][PASSED] - Statement - out.println("RQty : " + Rqty): null

2018-06-10 19:13:35 - [TEST_STEP][PASSED] - Statement - If (java.lang.Integer.valueOf(batchqty) >= java.lang.Integer.valueOf(Rqty)): null

2018-06-10 19:13:35 - [TEST_STEP][PASSED] - Statement - Break: null

2018-06-10 19:13:35 - [TEST_STEP][PASSED] - Statement - batchlength = new com.kms.katalon.core.testobject.TestObject(): null

2018-06-10 19:13:35 - [TEST_STEP][PASSED] - Statement - batchlength = com.kms.katalon.core.webui.keyword.WebUiBuiltInKeywords.modifyObjectProperty(batchlength, "xpath", "equals", "//*[@id = "fldvendor" + row + ""]", true): Modify property of object successfully

2018-06-10 19:13:35 - [MESSAGE][PASSED] - Modify property of object successfully

2018-06-10 19:13:35 - [TEST_STEP][PASSED] - Statement - batchsize = com.kms.katalon.core.webui.keyword.WebUiBuiltInKeywords.getNumberOfTotalOption(batchlength): 13 options of object '' counted

2018-06-10 19:13:36 - [MESSAGE][PASSED] - 13 options of object '' counted

2018-06-10 19:13:36 - [TEST_STEP][PASSED] - Statement - out.println("BatchSize : " + batchsize): null

2018-06-10 19:13:36 - [TEST_STEP][PASSED] - Statement - For ([n = 1, n <= batchsize - 1, (n++)]): null

2018-06-10 19:13:36 - [TEST_STEP][PASSED] - Statement - product = new com.kms.katalon.core.testobject.TestObject(): null

2018-06-10 19:13:36 - [TEST_STEP][PASSED] - Statement - product = com.kms.katalon.core.webui.keyword.WebUiBuiltInKeywords.modifyObjectProperty(product, "xpath", "equals", "//*[@id = "fldvendor" + row + ""]", true): Modify property of object successfully

2018-06-10 19:13:36 - [MESSAGE][PASSED] - Modify property of object successfully

2018-06-10 19:13:36 - [TEST_STEP][PASSED] - selectOptionByIndex: All options with index in [1] are selected on object ''

2018-06-10 19:13:36 - [MESSAGE][PASSED] - All options with index in [1] are selected on object ''

2018-06-10 19:13:36 - [TEST_STEP][PASSED] - delay: Delayed 2 second(s)

2018-06-10 19:13:38 - [MESSAGE][PASSED] - Delayed 2 second(s)

2018-06-10 19:13:38 - [TEST_STEP][PASSED] - Statement - batch = new com.kms.katalon.core.testobject.TestObject(): null

2018-06-10 19:13:38 - [TEST_STEP][PASSED] - Statement - batch = com.kms.katalon.core.webui.keyword.WebUiBuiltInKeywords.modifyObjectProperty(batch, "xpath", "equals", "//*[@id = "txtbthqty" + row + ""]", true): Modify property of object successfully

2018-06-10 19:13:38 - [MESSAGE][PASSED] - Modify property of object successfully

2018-06-10 19:13:38 - [TEST_STEP][PASSED] - Statement - batchqty = com.kms.katalon.core.webui.keyword.WebUiBuiltInKeywords.getAttribute(batch, "value").trim(): Attribute 'value' of object '' is: '35900'

2018-06-10 19:13:38 - [MESSAGE][PASSED] - Attribute 'value' of object '' is: '35900'

2018-06-10 19:13:38 - [TEST_STEP][PASSED] - Statement - Rqty = 100: null

2018-06-10 19:13:38 - [TEST_STEP][PASSED] - Statement - out.println("BatchQty : " + batchqty): null

2018-06-10 19:13:38 - [TEST_STEP][PASSED] - Statement - out.println("RQty : " + Rqty): null

2018-06-10 19:13:38 - [TEST_STEP][PASSED] - Statement - If (java.lang.Integer.valueOf(batchqty) >= java.lang.Integer.valueOf(Rqty)): null

2018-06-10 19:13:38 - [TEST_STEP][PASSED] - Statement - Break: null

2018-06-10 19:13:38 - [TEST_STEP][PASSED] - Statement - batchlength = new com.kms.katalon.core.testobject.TestObject(): null

2018-06-10 19:13:38 - [TEST_STEP][PASSED] - Statement - batchlength = com.kms.katalon.core.webui.keyword.WebUiBuiltInKeywords.modifyObjectProperty(batchlength, "xpath", "equals", "//*[@id = "fldvendor" + row + ""]", true): Modify property of object successfully

2018-06-10 19:13:38 - [MESSAGE][PASSED] - Modify property of object successfully

2018-06-10 19:13:38 - [TEST_STEP][PASSED] - Statement - batchsize = com.kms.katalon.core.webui.keyword.WebUiBuiltInKeywords.getNumberOfTotalOption(batchlength): 12 options of object '' counted

2018-06-10 19:13:38 - [MESSAGE][PASSED] - 12 options of object '' counted

2018-06-10 19:13:38 - [TEST_STEP][PASSED] - Statement - out.println("BatchSize : " + batchsize): null

2018-06-10 19:13:38 - [TEST_STEP][PASSED] - Statement - For ([n = 1, n <= batchsize - 1, (n++)]): null

2018-06-10 19:13:38 - [TEST_STEP][PASSED] - Statement - product = new com.kms.katalon.core.testobject.TestObject(): null

2018-06-10 19:13:38 - [TEST_STEP][PASSED] - Statement - product = com.kms.katalon.core.webui.keyword.WebUiBuiltInKeywords.modifyObjectProperty(product, "xpath", "equals", "//*[@id = "fldvendor" + row + ""]", true): Modify property of object successfully

2018-06-10 19:13:38 - [MESSAGE][PASSED] - Modify property of object successfully

2018-06-10 19:13:38 - [TEST_STEP][PASSED] - selectOptionByIndex: All options with index in [1] are selected on object ''

2018-06-10 19:13:38 - [MESSAGE][PASSED] - All options with index in [1] are selected on object ''

2018-06-10 19:13:38 - [TEST_STEP][PASSED] - delay: Delayed 2 second(s)

2018-06-10 19:13:40 - [MESSAGE][PASSED] - Delayed 2 second(s)

2018-06-10 19:13:40 - [TEST_STEP][PASSED] - Statement - batch = new com.kms.katalon.core.testobject.TestObject(): null

2018-06-10 19:13:40 - [TEST_STEP][PASSED] - Statement - batch = com.kms.katalon.core.webui.keyword.WebUiBuiltInKeywords.modifyObjectProperty(batch, "xpath", "equals", "//*[@id = "txtbthqty" + row + ""]", true): Modify property of object successfully

2018-06-10 19:13:40 - [MESSAGE][PASSED] - Modify property of object successfully

2018-06-10 19:13:40 - [TEST_STEP][PASSED] - Statement - batchqty = com.kms.katalon.core.webui.keyword.WebUiBuiltInKeywords.getAttribute(batch, "value").trim(): Attribute 'value' of object '' is: '2300'

2018-06-10 19:13:40 - [MESSAGE][PASSED] - Attribute 'value' of object '' is: '2300'

2018-06-10 19:13:40 - [TEST_STEP][PASSED] - Statement - Rqty = 100: null

2018-06-10 19:13:40 - [TEST_STEP][PASSED] - Statement - out.println("BatchQty : " + batchqty): null

2018-06-10 19:13:40 - [TEST_STEP][PASSED] - Statement - out.println("RQty : " + Rqty): null

2018-06-10 19:13:40 - [TEST_STEP][PASSED] - Statement - If (java.lang.Integer.valueOf(batchqty) >= java.lang.Integer.valueOf(Rqty)): null

2018-06-10 19:13:40 - [TEST_STEP][PASSED] - Statement - Break: null

2018-06-10 19:13:40 - [TEST_STEP][PASSED] - Statement - batchlength = new com.kms.katalon.core.testobject.TestObject(): null

2018-06-10 19:13:40 - [TEST_STEP][PASSED] - Statement - batchlength = com.kms.katalon.core.webui.keyword.WebUiBuiltInKeywords.modifyObjectProperty(batchlength, "xpath", "equals", "//*[@id = "fldvendor" + row + ""]", true): Modify property of object successfully

2018-06-10 19:13:40 - [MESSAGE][PASSED] - Modify property of object successfully

2018-06-10 19:13:40 - [TEST_STEP][PASSED] - Statement - batchsize = com.kms.katalon.core.webui.keyword.WebUiBuiltInKeywords.getNumberOfTotalOption(batchlength): 13 options of object '' counted

2018-06-10 19:13:40 - [MESSAGE][PASSED] - 13 options of object '' counted

2018-06-10 19:13:40 - [TEST_STEP][PASSED] - Statement - out.println("BatchSize : " + batchsize): null

2018-06-10 19:13:40 - [TEST_STEP][PASSED] - Statement - For ([n = 1, n <= batchsize - 1, (n++)]): null

2018-06-10 19:13:40 - [TEST_STEP][PASSED] - Statement - product = new com.kms.katalon.core.testobject.TestObject(): null

2018-06-10 19:13:40 - [TEST_STEP][PASSED] - Statement - product = com.kms.katalon.core.webui.keyword.WebUiBuiltInKeywords.modifyObjectProperty(product, "xpath", "equals", "//*[@id = "fldvendor" + row + ""]", true): Modify property of object successfully

2018-06-10 19:13:40 - [MESSAGE][PASSED] - Modify property of object successfully

2018-06-10 19:13:40 - [TEST_STEP][PASSED] - selectOptionByIndex: All options with index in [1] are selected on object ''

2018-06-10 19:13:40 - [MESSAGE][PASSED] - All options with index in [1] are selected on object ''

2018-06-10 19:13:40 - [TEST_STEP][PASSED] - delay: Delayed 2 second(s)

2018-06-10 19:13:42 - [MESSAGE][PASSED] - Delayed 2 second(s)

2018-06-10 19:13:42 - [TEST_STEP][PASSED] - Statement - batch = new com.kms.katalon.core.testobject.TestObject(): null

2018-06-10 19:13:42 - [TEST_STEP][PASSED] - Statement - batch = com.kms.katalon.core.webui.keyword.WebUiBuiltInKeywords.modifyObjectProperty(batch, "xpath", "equals", "//*[@id = "txtbthqty" + row + ""]", true): Modify property of object successfully

2018-06-10 19:13:42 - [MESSAGE][PASSED] - Modify property of object successfully

2018-06-10 19:13:42 - [TEST_STEP][PASSED] - Statement - batchqty = com.kms.katalon.core.webui.keyword.WebUiBuiltInKeywords.getAttribute(batch, "value").trim(): Attribute 'value' of object '' is: '4700'

2018-06-10 19:13:42 - [MESSAGE][PASSED] - Attribute 'value' of object '' is: '4700'

2018-06-10 19:13:42 - [TEST_STEP][PASSED] - Statement - Rqty = 100: null

2018-06-10 19:13:42 - [TEST_STEP][PASSED] - Statement - out.println("BatchQty : " + batchqty): null

2018-06-10 19:13:42 - [TEST_STEP][PASSED] - Statement - out.println("RQty : " + Rqty): null

2018-06-10 19:13:42 - [TEST_STEP][PASSED] - Statement - If (java.lang.Integer.valueOf(batchqty) >= java.lang.Integer.valueOf(Rqty)): null

2018-06-10 19:13:42 - [TEST_STEP][PASSED] - Statement - Break: null

2018-06-10 19:13:42 - [TEST_STEP][PASSED] - Statement - batchlength = new com.kms.katalon.core.testobject.TestObject(): null

2018-06-10 19:13:42 - [TEST_STEP][PASSED] - Statement - batchlength = com.kms.katalon.core.webui.keyword.WebUiBuiltInKeywords.modifyObjectProperty(batchlength, "xpath", "equals", "//*[@id = "fldvendor" + row + ""]", true): Modify property of object successfully

2018-06-10 19:13:42 - [MESSAGE][PASSED] - Modify property of object successfully

2018-06-10 19:13:42 - [TEST_STEP][PASSED] - Statement - batchsize = com.kms.katalon.core.webui.keyword.WebUiBuiltInKeywords.getNumberOfTotalOption(batchlength): 13 options of object '' counted

2018-06-10 19:13:42 - [MESSAGE][PASSED] - 13 options of object '' counted

2018-06-10 19:13:42 - [TEST_STEP][PASSED] - Statement - out.println("BatchSize : " + batchsize): null

2018-06-10 19:13:42 - [TEST_STEP][PASSED] - Statement - For ([n = 1, n <= batchsize - 1, (n++)]): null

2018-06-10 19:13:42 - [TEST_STEP][PASSED] - Statement - product = new com.kms.katalon.core.testobject.TestObject(): null

2018-06-10 19:13:42 - [TEST_STEP][PASSED] - Statement - product = com.kms.katalon.core.webui.keyword.WebUiBuiltInKeywords.modifyObjectProperty(product, "xpath", "equals", "//*[@id = "fldvendor" + row + ""]", true): Modify property of object successfully

2018-06-10 19:13:42 - [MESSAGE][PASSED] - Modify property of object successfully

2018-06-10 19:13:42 - [TEST_STEP][PASSED] - selectOptionByIndex: All options with index in [1] are selected on object ''

2018-06-10 19:13:42 - [MESSAGE][PASSED] - All options with index in [1] are selected on object ''

2018-06-10 19:13:42 - [TEST_STEP][PASSED] - delay: Delayed 2 second(s)

2018-06-10 19:13:44 - [MESSAGE][PASSED] - Delayed 2 second(s)

2018-06-10 19:13:44 - [TEST_STEP][PASSED] - Statement - batch = new com.kms.katalon.core.testobject.TestObject(): null

2018-06-10 19:13:44 - [TEST_STEP][PASSED] - Statement - batch = com.kms.katalon.core.webui.keyword.WebUiBuiltInKeywords.modifyObjectProperty(batch, "xpath", "equals", "//*[@id = "txtbthqty" + row + ""]", true): Modify property of object successfully

2018-06-10 19:13:44 - [MESSAGE][PASSED] - Modify property of object successfully

2018-06-10 19:13:44 - [TEST_STEP][PASSED] - Statement - batchqty = com.kms.katalon.core.webui.keyword.WebUiBuiltInKeywords.getAttribute(batch, "value").trim(): Attribute 'value' of object '' is: '35900'

2018-06-10 19:13:44 - [MESSAGE][PASSED] - Attribute 'value' of object '' is: '35900'

2018-06-10 19:13:44 - [TEST_STEP][PASSED] - Statement - Rqty = 100: null

2018-06-10 19:13:44 - [TEST_STEP][PASSED] - Statement - out.println("BatchQty : " + batchqty): null

2018-06-10 19:13:44 - [TEST_STEP][PASSED] - Statement - out.println("RQty : " + Rqty): null

2018-06-10 19:13:44 - [TEST_STEP][PASSED] - Statement - If (java.lang.Integer.valueOf(batchqty) >= java.lang.Integer.valueOf(Rqty)): null

2018-06-10 19:13:44 - [TEST_STEP][PASSED] - Statement - Break: null

2018-06-10 19:13:44 - [TEST_STEP][PASSED] - Statement - batchlength = new com.kms.katalon.core.testobject.TestObject(): null

2018-06-10 19:13:44 - [TEST_STEP][PASSED] - Statement - batchlength = com.kms.katalon.core.webui.keyword.WebUiBuiltInKeywords.modifyObjectProperty(batchlength, "xpath", "equals", "//*[@id = "fldvendor" + row + ""]", true): Modify property of object successfully

2018-06-10 19:13:44 - [MESSAGE][PASSED] - Modify property of object successfully

2018-06-10 19:13:44 - [TEST_STEP][PASSED] - Statement - batchsize = com.kms.katalon.core.webui.keyword.WebUiBuiltInKeywords.getNumberOfTotalOption(batchlength): 13 options of object '' counted

2018-06-10 19:13:44 - [MESSAGE][PASSED] - 13 options of object '' counted

2018-06-10 19:13:44 - [TEST_STEP][PASSED] - Statement - out.println("BatchSize : " + batchsize): null

2018-06-10 19:13:44 - [TEST_STEP][PASSED] - Statement - For ([n = 1, n <= batchsize - 1, (n++)]): null

2018-06-10 19:13:44 - [TEST_STEP][PASSED] - Statement - product = new com.kms.katalon.core.testobject.TestObject(): null

2018-06-10 19:13:44 - [TEST_STEP][PASSED] - Statement - product = com.kms.katalon.core.webui.keyword.WebUiBuiltInKeywords.modifyObjectProperty(product, "xpath", "equals", "//*[@id = "fldvendor" + row + ""]", true): Modify property of object successfully

2018-06-10 19:13:44 - [MESSAGE][PASSED] - Modify property of object successfully

2018-06-10 19:13:44 - [TEST_STEP][PASSED] - selectOptionByIndex: All options with index in [1] are selected on object ''

2018-06-10 19:13:45 - [MESSAGE][PASSED] - All options with index in [1] are selected on object ''

2018-06-10 19:13:45 - [TEST_STEP][PASSED] - delay: Delayed 2 second(s)

2018-06-10 19:13:47 - [MESSAGE][PASSED] - Delayed 2 second(s)

2018-06-10 19:13:47 - [TEST_STEP][PASSED] - Statement - batch = new com.kms.katalon.core.testobject.TestObject(): null

2018-06-10 19:13:47 - [TEST_STEP][PASSED] - Statement - batch = com.kms.katalon.core.webui.keyword.WebUiBuiltInKeywords.modifyObjectProperty(batch, "xpath", "equals", "//*[@id = "txtbthqty" + row + ""]", true): Modify property of object successfully

2018-06-10 19:13:47 - [MESSAGE][PASSED] - Modify property of object successfully

2018-06-10 19:13:47 - [TEST_STEP][PASSED] - Statement - batchqty = com.kms.katalon.core.webui.keyword.WebUiBuiltInKeywords.getAttribute(batch, "value").trim(): Attribute 'value' of object '' is: '3700'

2018-06-10 19:13:47 - [MESSAGE][PASSED] - Attribute 'value' of object '' is: '3700'

2018-06-10 19:13:47 - [TEST_STEP][PASSED] - Statement - Rqty = 100: null

2018-06-10 19:13:47 - [TEST_STEP][PASSED] - Statement - out.println("BatchQty : " + batchqty): null

2018-06-10 19:13:47 - [TEST_STEP][PASSED] - Statement - out.println("RQty : " + Rqty): null

2018-06-10 19:13:47 - [TEST_STEP][PASSED] - Statement - If (java.lang.Integer.valueOf(batchqty) >= java.lang.Integer.valueOf(Rqty)): null

2018-06-10 19:13:47 - [TEST_STEP][PASSED] - Statement - Break: null

2018-06-10 19:13:47 - [TEST_STEP][PASSED] - Statement - batchlength = new com.kms.katalon.core.testobject.TestObject(): null

2018-06-10 19:13:47 - [TEST_STEP][PASSED] - Statement - batchlength = com.kms.katalon.core.webui.keyword.WebUiBuiltInKeywords.modifyObjectProperty(batchlength, "xpath", "equals", "//*[@id = "fldvendor" + row + ""]", true): Modify property of object successfully

2018-06-10 19:13:47 - [MESSAGE][PASSED] - Modify property of object successfully

2018-06-10 19:13:47 - [TEST_STEP][PASSED] - Statement - batchsize = com.kms.katalon.core.webui.keyword.WebUiBuiltInKeywords.getNumberOfTotalOption(batchlength): 13 options of object '' counted

2018-06-10 19:13:47 - [MESSAGE][PASSED] - 13 options of object '' counted

2018-06-10 19:13:47 - [TEST_STEP][PASSED] - Statement - out.println("BatchSize : " + batchsize): null

2018-06-10 19:13:47 - [TEST_STEP][PASSED] - Statement - For ([n = 1, n <= batchsize - 1, (n++)]): null

2018-06-10 19:13:47 - [TEST_STEP][PASSED] - Statement - product = new com.kms.katalon.core.testobject.TestObject(): null

2018-06-10 19:13:47 - [TEST_STEP][PASSED] - Statement - product = com.kms.katalon.core.webui.keyword.WebUiBuiltInKeywords.modifyObjectProperty(product, "xpath", "equals", "//*[@id = "fldvendor" + row + ""]", true): Modify property of object successfully

2018-06-10 19:13:47 - [MESSAGE][PASSED] - Modify property of object successfully

2018-06-10 19:13:47 - [TEST_STEP][PASSED] - selectOptionByIndex: All options with index in [1] are selected on object ''

2018-06-10 19:13:47 - [MESSAGE][PASSED] - All options with index in [1] are selected on object ''

2018-06-10 19:13:47 - [TEST_STEP][PASSED] - delay: Delayed 2 second(s)

2018-06-10 19:13:49 - [MESSAGE][PASSED] - Delayed 2 second(s)

2018-06-10 19:13:49 - [TEST_STEP][PASSED] - Statement - batch = new com.kms.katalon.core.testobject.TestObject(): null

2018-06-10 19:13:49 - [TEST_STEP][PASSED] - Statement - batch = com.kms.katalon.core.webui.keyword.WebUiBuiltInKeywords.modifyObjectProperty(batch, "xpath", "equals", "//*[@id = "txtbthqty" + row + ""]", true): Modify property of object successfully

2018-06-10 19:13:49 - [MESSAGE][PASSED] - Modify property of object successfully

2018-06-10 19:13:49 - [TEST_STEP][PASSED] - Statement - batchqty = com.kms.katalon.core.webui.keyword.WebUiBuiltInKeywords.getAttribute(batch, "value").trim(): Attribute 'value' of object '' is: '900'

2018-06-10 19:13:49 - [MESSAGE][PASSED] - Attribute 'value' of object '' is: '900'

2018-06-10 19:13:49 - [TEST_STEP][PASSED] - Statement - Rqty = 100: null

2018-06-10 19:13:49 - [TEST_STEP][PASSED] - Statement - out.println("BatchQty : " + batchqty): null

2018-06-10 19:13:49 - [TEST_STEP][PASSED] - Statement - out.println("RQty : " + Rqty): null

2018-06-10 19:13:49 - [TEST_STEP][PASSED] - Statement - If (java.lang.Integer.valueOf(batchqty) >= java.lang.Integer.valueOf(Rqty)): null

2018-06-10 19:13:49 - [TEST_STEP][PASSED] - Statement - Break: null

2018-06-10 19:13:49 - [TEST_STEP][PASSED] - Statement - batchlength = new com.kms.katalon.core.testobject.TestObject(): null

2018-06-10 19:13:49 - [TEST_STEP][PASSED] - Statement - batchlength = com.kms.katalon.core.webui.keyword.WebUiBuiltInKeywords.modifyObjectProperty(batchlength, "xpath", "equals", "//*[@id = "fldvendor" + row + ""]", true): Modify property of object successfully

2018-06-10 19:13:49 - [MESSAGE][PASSED] - Modify property of object successfully

2018-06-10 19:13:49 - [TEST_STEP][PASSED] - Statement - batchsize = com.kms.katalon.core.webui.keyword.WebUiBuiltInKeywords.getNumberOfTotalOption(batchlength): 13 options of object '' counted

2018-06-10 19:13:49 - [MESSAGE][PASSED] - 13 options of object '' counted

2018-06-10 19:13:49 - [TEST_STEP][PASSED] - Statement - out.println("BatchSize : " + batchsize): null

2018-06-10 19:13:49 - [TEST_STEP][PASSED] - Statement - For ([n = 1, n <= batchsize - 1, (n++)]): null

2018-06-10 19:13:49 - [TEST_STEP][PASSED] - Statement - product = new com.kms.katalon.core.testobject.TestObject(): null

2018-06-10 19:13:49 - [TEST_STEP][PASSED] - Statement - product = com.kms.katalon.core.webui.keyword.WebUiBuiltInKeywords.modifyObjectProperty(product, "xpath", "equals", "//*[@id = "fldvendor" + row + ""]", true): Modify property of object successfully

2018-06-10 19:13:49 - [MESSAGE][PASSED] - Modify property of object successfully

2018-06-10 19:13:49 - [TEST_STEP][PASSED] - selectOptionByIndex: All options with index in [1] are selected on object ''

2018-06-10 19:13:49 - [MESSAGE][PASSED] - All options with index in [1] are selected on object ''

2018-06-10 19:13:49 - [TEST_STEP][PASSED] - delay: Delayed 2 second(s)

2018-06-10 19:13:51 - [MESSAGE][PASSED] - Delayed 2 second(s)

2018-06-10 19:13:51 - [TEST_STEP][PASSED] - Statement - batch = new com.kms.katalon.core.testobject.TestObject(): null

2018-06-10 19:13:51 - [TEST_STEP][PASSED] - Statement - batch = com.kms.katalon.core.webui.keyword.WebUiBuiltInKeywords.modifyObjectProperty(batch, "xpath", "equals", "//*[@id = "txtbthqty" + row + ""]", true): Modify property of object successfully

2018-06-10 19:13:51 - [MESSAGE][PASSED] - Modify property of object successfully

2018-06-10 19:13:51 - [TEST_STEP][PASSED] - Statement - batchqty = com.kms.katalon.core.webui.keyword.WebUiBuiltInKeywords.getAttribute(batch, "value").trim(): Attribute 'value' of object '' is: '3700'

2018-06-10 19:13:51 - [MESSAGE][PASSED] - Attribute 'value' of object '' is: '3700'

2018-06-10 19:13:51 - [TEST_STEP][PASSED] - Statement - Rqty = 100: null

2018-06-10 19:13:51 - [TEST_STEP][PASSED] - Statement - out.println("BatchQty : " + batchqty): null

2018-06-10 19:13:51 - [TEST_STEP][PASSED] - Statement - out.println("RQty : " + Rqty): null

2018-06-10 19:13:51 - [TEST_STEP][PASSED] - Statement - If (java.lang.Integer.valueOf(batchqty) >= java.lang.Integer.valueOf(Rqty)): null

2018-06-10 19:13:51 - [TEST_STEP][PASSED] - Statement - Break: null

2018-06-10 19:13:51 - [TEST_STEP][PASSED] - Statement - batchlength = new com.kms.katalon.core.testobject.TestObject(): null

2018-06-10 19:13:51 - [TEST_STEP][PASSED] - Statement - batchlength = com.kms.katalon.core.webui.keyword.WebUiBuiltInKeywords.modifyObjectProperty(batchlength, "xpath", "equals", "//*[@id = "fldvendor" + row + ""]", true): Modify property of object successfully

2018-06-10 19:13:51 - [MESSAGE][PASSED] - Modify property of object successfully

2018-06-10 19:13:51 - [TEST_STEP][PASSED] - Statement - batchsize = com.kms.katalon.core.webui.keyword.WebUiBuiltInKeywords.getNumberOfTotalOption(batchlength): 13 options of object '' counted

2018-06-10 19:13:51 - [MESSAGE][PASSED] - 13 options of object '' counted

2018-06-10 19:13:51 - [TEST_STEP][PASSED] - Statement - out.println("BatchSize : " + batchsize): null

2018-06-10 19:13:51 - [TEST_STEP][PASSED] - Statement - For ([n = 1, n <= batchsize - 1, (n++)]): null

2018-06-10 19:13:51 - [TEST_STEP][PASSED] - Statement - product = new com.kms.katalon.core.testobject.TestObject(): null

2018-06-10 19:13:51 - [TEST_STEP][PASSED] - Statement - product = com.kms.katalon.core.webui.keyword.WebUiBuiltInKeywords.modifyObjectProperty(product, "xpath", "equals", "//*[@id = "fldvendor" + row + ""]", true): Modify property of object successfully

2018-06-10 19:13:51 - [MESSAGE][PASSED] - Modify property of object successfully

2018-06-10 19:13:51 - [TEST_STEP][PASSED] - selectOptionByIndex: All options with index in [1] are selected on object ''

2018-06-10 19:13:51 - [MESSAGE][PASSED] - All options with index in [1] are selected on object ''

2018-06-10 19:13:51 - [TEST_STEP][PASSED] - delay: Delayed 2 second(s)

2018-06-10 19:13:53 - [MESSAGE][PASSED] - Delayed 2 second(s)

2018-06-10 19:13:53 - [TEST_STEP][PASSED] - Statement - batch = new com.kms.katalon.core.testobject.TestObject(): null

2018-06-10 19:13:53 - [TEST_STEP][PASSED] - Statement - batch = com.kms.katalon.core.webui.keyword.WebUiBuiltInKeywords.modifyObjectProperty(batch, "xpath", "equals", "//*[@id = "txtbthqty" + row + ""]", true): Modify property of object successfully

2018-06-10 19:13:53 - [MESSAGE][PASSED] - Modify property of object successfully

2018-06-10 19:13:53 - [TEST_STEP][PASSED] - Statement - batchqty = com.kms.katalon.core.webui.keyword.WebUiBuiltInKeywords.getAttribute(batch, "value").trim(): Attribute 'value' of object '' is: '1000'

2018-06-10 19:13:53 - [MESSAGE][PASSED] - Attribute 'value' of object '' is: '1000'

2018-06-10 19:13:53 - [TEST_STEP][PASSED] - Statement - Rqty = 100: null

2018-06-10 19:13:53 - [TEST_STEP][PASSED] - Statement - out.println("BatchQty : " + batchqty): null

2018-06-10 19:13:53 - [TEST_STEP][PASSED] - Statement - out.println("RQty : " + Rqty): null

2018-06-10 19:13:53 - [TEST_STEP][PASSED] - Statement - If (java.lang.Integer.valueOf(batchqty) >= java.lang.Integer.valueOf(Rqty)): null

2018-06-10 19:13:53 - [TEST_STEP][PASSED] - Statement - Break: null

2018-06-10 19:13:53 - [TEST_STEP][PASSED] - Statement - batchlength = new com.kms.katalon.core.testobject.TestObject(): null

2018-06-10 19:13:53 - [TEST_STEP][PASSED] - Statement - batchlength = com.kms.katalon.core.webui.keyword.WebUiBuiltInKeywords.modifyObjectProperty(batchlength, "xpath", "equals", "//*[@id = "fldvendor" + row + ""]", true): Modify property of object successfully

2018-06-10 19:13:53 - [MESSAGE][PASSED] - Modify property of object successfully

2018-06-10 19:13:53 - [TEST_STEP][PASSED] - Statement - batchsize = com.kms.katalon.core.webui.keyword.WebUiBuiltInKeywords.getNumberOfTotalOption(batchlength): 13 options of object '' counted

2018-06-10 19:13:53 - [MESSAGE][PASSED] - 13 options of object '' counted

2018-06-10 19:13:53 - [TEST_STEP][PASSED] - Statement - out.println("BatchSize : " + batchsize): null

2018-06-10 19:13:53 - [TEST_STEP][PASSED] - Statement - For ([n = 1, n <= batchsize - 1, (n++)]): null

2018-06-10 19:13:53 - [TEST_STEP][PASSED] - Statement - product = new com.kms.katalon.core.testobject.TestObject(): null

2018-06-10 19:13:53 - [TEST_STEP][PASSED] - Statement - product = com.kms.katalon.core.webui.keyword.WebUiBuiltInKeywords.modifyObjectProperty(product, "xpath", "equals", "//*[@id = "fldvendor" + row + ""]", true): Modify property of object successfully

2018-06-10 19:13:53 - [MESSAGE][PASSED] - Modify property of object successfully

2018-06-10 19:13:53 - [TEST_STEP][PASSED] - selectOptionByIndex: All options with index in [1] are selected on object ''

2018-06-10 19:13:54 - [MESSAGE][PASSED] - All options with index in [1] are selected on object ''

2018-06-10 19:13:54 - [TEST_STEP][PASSED] - delay: Delayed 2 second(s)

2018-06-10 19:13:56 - [MESSAGE][PASSED] - Delayed 2 second(s)

2018-06-10 19:13:56 - [TEST_STEP][PASSED] - Statement - batch = new com.kms.katalon.core.testobject.TestObject(): null

2018-06-10 19:13:56 - [TEST_STEP][PASSED] - Statement - batch = com.kms.katalon.core.webui.keyword.WebUiBuiltInKeywords.modifyObjectProperty(batch, "xpath", "equals", "//*[@id = "txtbthqty" + row + ""]", true): Modify property of object successfully

2018-06-10 19:13:56 - [MESSAGE][PASSED] - Modify property of object successfully

2018-06-10 19:13:56 - [TEST_STEP][PASSED] - Statement - batchqty = com.kms.katalon.core.webui.keyword.WebUiBuiltInKeywords.getAttribute(batch, "value").trim(): Attribute 'value' of object '' is: '2600'

2018-06-10 19:13:56 - [MESSAGE][PASSED] - Attribute 'value' of object '' is: '2600'

2018-06-10 19:13:56 - [TEST_STEP][PASSED] - Statement - Rqty = 100: null

2018-06-10 19:13:56 - [TEST_STEP][PASSED] - Statement - out.println("BatchQty : " + batchqty): null

2018-06-10 19:13:56 - [TEST_STEP][PASSED] - Statement - out.println("RQty : " + Rqty): null

2018-06-10 19:13:56 - [TEST_STEP][PASSED] - Statement - If (java.lang.Integer.valueOf(batchqty) >= java.lang.Integer.valueOf(Rqty)): null

2018-06-10 19:13:56 - [TEST_STEP][PASSED] - Statement - Break: null

2018-06-10 19:13:56 - [TEST_STEP][PASSED] - Statement - batchlength = new com.kms.katalon.core.testobject.TestObject(): null

2018-06-10 19:13:56 - [TEST_STEP][PASSED] - Statement - batchlength = com.kms.katalon.core.webui.keyword.WebUiBuiltInKeywords.modifyObjectProperty(batchlength, "xpath", "equals", "//*[@id = "fldvendor" + row + ""]", true): Modify property of object successfully

2018-06-10 19:13:56 - [MESSAGE][PASSED] - Modify property of object successfully

2018-06-10 19:13:56 - [TEST_STEP][PASSED] - Statement - batchsize = com.kms.katalon.core.webui.keyword.WebUiBuiltInKeywords.getNumberOfTotalOption(batchlength): 13 options of object '' counted

2018-06-10 19:13:56 - [MESSAGE][PASSED] - 13 options of object '' counted

2018-06-10 19:13:56 - [TEST_STEP][PASSED] - Statement - out.println("BatchSize : " + batchsize): null

2018-06-10 19:13:56 - [TEST_STEP][PASSED] - Statement - For ([n = 1, n <= batchsize - 1, (n++)]): null

2018-06-10 19:13:56 - [TEST_STEP][PASSED] - Statement - product = new com.kms.katalon.core.testobject.TestObject(): null

2018-06-10 19:13:56 - [TEST_STEP][PASSED] - Statement - product = com.kms.katalon.core.webui.keyword.WebUiBuiltInKeywords.modifyObjectProperty(product, "xpath", "equals", "//*[@id = "fldvendor" + row + ""]", true): Modify property of object successfully

2018-06-10 19:13:56 - [MESSAGE][PASSED] - Modify property of object successfully

2018-06-10 19:13:56 - [TEST_STEP][PASSED] - selectOptionByIndex: All options with index in [1] are selected on object ''

2018-06-10 19:13:56 - [MESSAGE][PASSED] - All options with index in [1] are selected on object ''

2018-06-10 19:13:56 - [TEST_STEP][PASSED] - delay: Delayed 2 second(s)

2018-06-10 19:13:58 - [MESSAGE][PASSED] - Delayed 2 second(s)

2018-06-10 19:13:58 - [TEST_STEP][PASSED] - Statement - batch = new com.kms.katalon.core.testobject.TestObject(): null

2018-06-10 19:13:58 - [TEST_STEP][PASSED] - Statement - batch = com.kms.katalon.core.webui.keyword.WebUiBuiltInKeywords.modifyObjectProperty(batch, "xpath", "equals", "//*[@id = "txtbthqty" + row + ""]", true): Modify property of object successfully

2018-06-10 19:13:58 - [MESSAGE][PASSED] - Modify property of object successfully

2018-06-10 19:13:58 - [TEST_STEP][PASSED] - Statement - batchqty = com.kms.katalon.core.webui.keyword.WebUiBuiltInKeywords.getAttribute(batch, "value").trim(): Attribute 'value' of object '' is: '4700'

2018-06-10 19:13:58 - [MESSAGE][PASSED] - Attribute 'value' of object '' is: '4700'

2018-06-10 19:13:58 - [TEST_STEP][PASSED] - Statement - Rqty = 100: null

2018-06-10 19:13:58 - [TEST_STEP][PASSED] - Statement - out.println("BatchQty : " + batchqty): null

2018-06-10 19:13:58 - [TEST_STEP][PASSED] - Statement - out.println("RQty : " + Rqty): null

2018-06-10 19:13:58 - [TEST_STEP][PASSED] - Statement - If (java.lang.Integer.valueOf(batchqty) >= java.lang.Integer.valueOf(Rqty)): null

2018-06-10 19:13:58 - [TEST_STEP][PASSED] - Statement - Break: null

2018-06-10 19:13:58 - [TEST_STEP][PASSED] - Statement - batchlength = new com.kms.katalon.core.testobject.TestObject(): null

2018-06-10 19:13:58 - [TEST_STEP][PASSED] - Statement - batchlength = com.kms.katalon.core.webui.keyword.WebUiBuiltInKeywords.modifyObjectProperty(batchlength, "xpath", "equals", "//*[@id = "fldvendor" + row + ""]", true): Modify property of object successfully

2018-06-10 19:13:58 - [MESSAGE][PASSED] - Modify property of object successfully

2018-06-10 19:13:58 - [TEST_STEP][PASSED] - Statement - batchsize = com.kms.katalon.core.webui.keyword.WebUiBuiltInKeywords.getNumberOfTotalOption(batchlength): 13 options of object '' counted

2018-06-10 19:13:58 - [MESSAGE][PASSED] - 13 options of object '' counted

2018-06-10 19:13:58 - [TEST_STEP][PASSED] - Statement - out.println("BatchSize : " + batchsize): null

2018-06-10 19:13:58 - [TEST_STEP][PASSED] - Statement - For ([n = 1, n <= batchsize - 1, (n++)]): null

2018-06-10 19:13:58 - [TEST_STEP][PASSED] - Statement - product = new com.kms.katalon.core.testobject.TestObject(): null

2018-06-10 19:13:58 - [TEST_STEP][PASSED] - Statement - product = com.kms.katalon.core.webui.keyword.WebUiBuiltInKeywords.modifyObjectProperty(product, "xpath", "equals", "//*[@id = "fldvendor" + row + ""]", true): Modify property of object successfully

2018-06-10 19:13:58 - [MESSAGE][PASSED] - Modify property of object successfully

2018-06-10 19:13:58 - [TEST_STEP][PASSED] - selectOptionByIndex: All options with index in [1] are selected on object ''

2018-06-10 19:13:58 - [MESSAGE][PASSED] - All options with index in [1] are selected on object ''

2018-06-10 19:13:58 - [TEST_STEP][PASSED] - delay: Delayed 2 second(s)

2018-06-10 19:14:00 - [MESSAGE][PASSED] - Delayed 2 second(s)

2018-06-10 19:14:00 - [TEST_STEP][PASSED] - Statement - batch = new com.kms.katalon.core.testobject.TestObject(): null

2018-06-10 19:14:00 - [TEST_STEP][PASSED] - Statement - batch = com.kms.katalon.core.webui.keyword.WebUiBuiltInKeywords.modifyObjectProperty(batch, "xpath", "equals", "//*[@id = "txtbthqty" + row + ""]", true): Modify property of object successfully

2018-06-10 19:14:00 - [MESSAGE][PASSED] - Modify property of object successfully

2018-06-10 19:14:00 - [TEST_STEP][PASSED] - Statement - batchqty = com.kms.katalon.core.webui.keyword.WebUiBuiltInKeywords.getAttribute(batch, "value").trim(): Attribute 'value' of object '' is: '4700'

2018-06-10 19:14:00 - [MESSAGE][PASSED] - Attribute 'value' of object '' is: '4700'

2018-06-10 19:14:00 - [TEST_STEP][PASSED] - Statement - Rqty = 100: null

2018-06-10 19:14:00 - [TEST_STEP][PASSED] - Statement - out.println("BatchQty : " + batchqty): null

2018-06-10 19:14:00 - [TEST_STEP][PASSED] - Statement - out.println("RQty : " + Rqty): null

2018-06-10 19:14:00 - [TEST_STEP][PASSED] - Statement - If (java.lang.Integer.valueOf(batchqty) >= java.lang.Integer.valueOf(Rqty)): null

2018-06-10 19:14:00 - [TEST_STEP][PASSED] - Statement - Break: null

2018-06-10 19:14:00 - [TEST_STEP][PASSED] - Statement - batchlength = new com.kms.katalon.core.testobject.TestObject(): null

2018-06-10 19:14:00 - [TEST_STEP][PASSED] - Statement - batchlength = com.kms.katalon.core.webui.keyword.WebUiBuiltInKeywords.modifyObjectProperty(batchlength, "xpath", "equals", "//*[@id = "fldvendor" + row + ""]", true): Modify property of object successfully

2018-06-10 19:14:00 - [MESSAGE][PASSED] - Modify property of object successfully

2018-06-10 19:14:00 - [TEST_STEP][PASSED] - Statement - batchsize = com.kms.katalon.core.webui.keyword.WebUiBuiltInKeywords.getNumberOfTotalOption(batchlength): 13 options of object '' counted

2018-06-10 19:14:00 - [MESSAGE][PASSED] - 13 options of object '' counted

2018-06-10 19:14:00 - [TEST_STEP][PASSED] - Statement - out.println("BatchSize : " + batchsize): null

2018-06-10 19:14:00 - [TEST_STEP][PASSED] - Statement - For ([n = 1, n <= batchsize - 1, (n++)]): null

2018-06-10 19:14:00 - [TEST_STEP][PASSED] - Statement - product = new com.kms.katalon.core.testobject.TestObject(): null

2018-06-10 19:14:00 - [TEST_STEP][PASSED] - Statement - product = com.kms.katalon.core.webui.keyword.WebUiBuiltInKeywords.modifyObjectProperty(product, "xpath", "equals", "//*[@id = "fldvendor" + row + ""]", true): Modify property of object successfully

2018-06-10 19:14:00 - [MESSAGE][PASSED] - Modify property of object successfully

2018-06-10 19:14:00 - [TEST_STEP][PASSED] - selectOptionByIndex: All options with index in [1] are selected on object ''

2018-06-10 19:14:00 - [MESSAGE][PASSED] - All options with index in [1] are selected on object ''

2018-06-10 19:14:00 - [TEST_STEP][PASSED] - delay: Delayed 2 second(s)

2018-06-10 19:14:02 - [MESSAGE][PASSED] - Delayed 2 second(s)

2018-06-10 19:14:02 - [TEST_STEP][PASSED] - Statement - batch = new com.kms.katalon.core.testobject.TestObject(): null

2018-06-10 19:14:02 - [TEST_STEP][PASSED] - Statement - batch = com.kms.katalon.core.webui.keyword.WebUiBuiltInKeywords.modifyObjectProperty(batch, "xpath", "equals", "//*[@id = "txtbthqty" + row + ""]", true): Modify property of object successfully

2018-06-10 19:14:02 - [MESSAGE][PASSED] - Modify property of object successfully

2018-06-10 19:14:02 - [TEST_STEP][PASSED] - Statement - batchqty = com.kms.katalon.core.webui.keyword.WebUiBuiltInKeywords.getAttribute(batch, "value").trim(): Attribute 'value' of object '' is: '35900'

2018-06-10 19:14:02 - [MESSAGE][PASSED] - Attribute 'value' of object '' is: '35900'

2018-06-10 19:14:02 - [TEST_STEP][PASSED] - Statement - Rqty = 100: null

2018-06-10 19:14:02 - [TEST_STEP][PASSED] - Statement - out.println("BatchQty : " + batchqty): null

2018-06-10 19:14:02 - [TEST_STEP][PASSED] - Statement - out.println("RQty : " + Rqty): null

2018-06-10 19:14:02 - [TEST_STEP][PASSED] - Statement - If (java.lang.Integer.valueOf(batchqty) >= java.lang.Integer.valueOf(Rqty)): null

2018-06-10 19:14:02 - [TEST_STEP][PASSED] - Statement - Break: null

2018-06-10 19:14:02 - [TEST_STEP][PASSED] - Statement - batchlength = new com.kms.katalon.core.testobject.TestObject(): null

2018-06-10 19:14:02 - [TEST_STEP][PASSED] - Statement - batchlength = com.kms.katalon.core.webui.keyword.WebUiBuiltInKeywords.modifyObjectProperty(batchlength, "xpath", "equals", "//*[@id = "fldvendor" + row + ""]", true): Modify property of object successfully

2018-06-10 19:14:02 - [MESSAGE][PASSED] - Modify property of object successfully

2018-06-10 19:14:02 - [TEST_STEP][PASSED] - Statement - batchsize = com.kms.katalon.core.webui.keyword.WebUiBuiltInKeywords.getNumberOfTotalOption(batchlength): 13 options of object '' counted

2018-06-10 19:14:02 - [MESSAGE][PASSED] - 13 options of object '' counted

2018-06-10 19:14:02 - [TEST_STEP][PASSED] - Statement - out.println("BatchSize : " + batchsize): null

2018-06-10 19:14:02 - [TEST_STEP][PASSED] - Statement - For ([n = 1, n <= batchsize - 1, (n++)]): null

2018-06-10 19:14:02 - [TEST_STEP][PASSED] - Statement - product = new com.kms.katalon.core.testobject.TestObject(): null

2018-06-10 19:14:02 - [TEST_STEP][PASSED] - Statement - product = com.kms.katalon.core.webui.keyword.WebUiBuiltInKeywords.modifyObjectProperty(product, "xpath", "equals", "//*[@id = "fldvendor" + row + ""]", true): Modify property of object successfully

2018-06-10 19:14:02 - [MESSAGE][PASSED] - Modify property of object successfully

2018-06-10 19:14:02 - [TEST_STEP][PASSED] - selectOptionByIndex: All options with index in [1] are selected on object ''

2018-06-10 19:14:03 - [MESSAGE][PASSED] - All options with index in [1] are selected on object ''

2018-06-10 19:14:03 - [TEST_STEP][PASSED] - delay: Delayed 2 second(s)

2018-06-10 19:14:05 - [MESSAGE][PASSED] - Delayed 2 second(s)

2018-06-10 19:14:05 - [TEST_STEP][PASSED] - Statement - batch = new com.kms.katalon.core.testobject.TestObject(): null

2018-06-10 19:14:05 - [TEST_STEP][PASSED] - Statement - batch = com.kms.katalon.core.webui.keyword.WebUiBuiltInKeywords.modifyObjectProperty(batch, "xpath", "equals", "//*[@id = "txtbthqty" + row + ""]", true): Modify property of object successfully

2018-06-10 19:14:05 - [MESSAGE][PASSED] - Modify property of object successfully

2018-06-10 19:14:05 - [TEST_STEP][PASSED] - Statement - batchqty = com.kms.katalon.core.webui.keyword.WebUiBuiltInKeywords.getAttribute(batch, "value").trim(): Attribute 'value' of object '' is: '2600'

2018-06-10 19:14:05 - [MESSAGE][PASSED] - Attribute 'value' of object '' is: '2600'

2018-06-10 19:14:05 - [TEST_STEP][PASSED] - Statement - Rqty = 100: null

2018-06-10 19:14:05 - [TEST_STEP][PASSED] - Statement - out.println("BatchQty : " + batchqty): null

2018-06-10 19:14:05 - [TEST_STEP][PASSED] - Statement - out.println("RQty : " + Rqty): null

2018-06-10 19:14:05 - [TEST_STEP][PASSED] - Statement - If (java.lang.Integer.valueOf(batchqty) >= java.lang.Integer.valueOf(Rqty)): null

2018-06-10 19:14:05 - [TEST_STEP][PASSED] - Statement - Break: null

2018-06-10 19:14:05 - [TEST_STEP][PASSED] - Statement - batchlength = new com.kms.katalon.core.testobject.TestObject(): null

2018-06-10 19:14:05 - [TEST_STEP][PASSED] - Statement - batchlength = com.kms.katalon.core.webui.keyword.WebUiBuiltInKeywords.modifyObjectProperty(batchlength, "xpath", "equals", "//*[@id = "fldvendor" + row + ""]", true): Modify property of object successfully

2018-06-10 19:14:05 - [MESSAGE][PASSED] - Modify property of object successfully

2018-06-10 19:14:05 - [TEST_STEP][PASSED] - Statement - batchsize = com.kms.katalon.core.webui.keyword.WebUiBuiltInKeywords.getNumberOfTotalOption(batchlength): 13 options of object '' counted

2018-06-10 19:14:05 - [MESSAGE][PASSED] - 13 options of object '' counted

2018-06-10 19:14:05 - [TEST_STEP][PASSED] - Statement - out.println("BatchSize : " + batchsize): null

2018-06-10 19:14:05 - [TEST_STEP][PASSED] - Statement - For ([n = 1, n <= batchsize - 1, (n++)]): null

2018-06-10 19:14:05 - [TEST_STEP][PASSED] - Statement - product = new com.kms.katalon.core.testobject.TestObject(): null

2018-06-10 19:14:05 - [TEST_STEP][PASSED] - Statement - product = com.kms.katalon.core.webui.keyword.WebUiBuiltInKeywords.modifyObjectProperty(product, "xpath", "equals", "//*[@id = "fldvendor" + row + ""]", true): Modify property of object successfully

2018-06-10 19:14:05 - [MESSAGE][PASSED] - Modify property of object successfully

2018-06-10 19:14:05 - [TEST_STEP][PASSED] - selectOptionByIndex: All options with index in [1] are selected on object ''

2018-06-10 19:14:05 - [MESSAGE][PASSED] - All options with index in [1] are selected on object ''

2018-06-10 19:14:05 - [TEST_STEP][PASSED] - delay: Delayed 2 second(s)

2018-06-10 19:14:07 - [MESSAGE][PASSED] - Delayed 2 second(s)

2018-06-10 19:14:07 - [TEST_STEP][PASSED] - Statement - batch = new com.kms.katalon.core.testobject.TestObject(): null

2018-06-10 19:14:07 - [TEST_STEP][PASSED] - Statement - batch = com.kms.katalon.core.webui.keyword.WebUiBuiltInKeywords.modifyObjectProperty(batch, "xpath", "equals", "//*[@id = "txtbthqty" + row + ""]", true): Modify property of object successfully

2018-06-10 19:14:07 - [MESSAGE][PASSED] - Modify property of object successfully

2018-06-10 19:14:07 - [TEST_STEP][PASSED] - Statement - batchqty = com.kms.katalon.core.webui.keyword.WebUiBuiltInKeywords.getAttribute(batch, "value").trim(): Attribute 'value' of object '' is: '1000'

2018-06-10 19:14:07 - [MESSAGE][PASSED] - Attribute 'value' of object '' is: '1000'

2018-06-10 19:14:07 - [TEST_STEP][PASSED] - Statement - Rqty = 100: null

2018-06-10 19:14:07 - [TEST_STEP][PASSED] - Statement - out.println("BatchQty : " + batchqty): null

2018-06-10 19:14:07 - [TEST_STEP][PASSED] - Statement - out.println("RQty : " + Rqty): null

2018-06-10 19:14:07 - [TEST_STEP][PASSED] - Statement - If (java.lang.Integer.valueOf(batchqty) >= java.lang.Integer.valueOf(Rqty)): null

2018-06-10 19:14:07 - [TEST_STEP][PASSED] - Statement - Break: null

2018-06-10 19:14:07 - [TEST_STEP][PASSED] - Statement - batchlength = new com.kms.katalon.core.testobject.TestObject(): null

2018-06-10 19:14:07 - [TEST_STEP][PASSED] - Statement - batchlength = com.kms.katalon.core.webui.keyword.WebUiBuiltInKeywords.modifyObjectProperty(batchlength, "xpath", "equals", "//*[@id = "fldvendor" + row + ""]", true): Modify property of object successfully

2018-06-10 19:14:07 - [MESSAGE][PASSED] - Modify property of object successfully

2018-06-10 19:14:07 - [TEST_STEP][PASSED] - Statement - batchsize = com.kms.katalon.core.webui.keyword.WebUiBuiltInKeywords.getNumberOfTotalOption(batchlength): 13 options of object '' counted

2018-06-10 19:14:07 - [MESSAGE][PASSED] - 13 options of object '' counted

2018-06-10 19:14:07 - [TEST_STEP][PASSED] - Statement - out.println("BatchSize : " + batchsize): null

2018-06-10 19:14:07 - [TEST_STEP][PASSED] - Statement - For ([n = 1, n <= batchsize - 1, (n++)]): null

2018-06-10 19:14:07 - [TEST_STEP][PASSED] - Statement - product = new com.kms.katalon.core.testobject.TestObject(): null

2018-06-10 19:14:07 - [TEST_STEP][PASSED] - Statement - product = com.kms.katalon.core.webui.keyword.WebUiBuiltInKeywords.modifyObjectProperty(product, "xpath", "equals", "//*[@id = "fldvendor" + row + ""]", true): Modify property of object successfully

2018-06-10 19:14:07 - [MESSAGE][PASSED] - Modify property of object successfully

2018-06-10 19:14:07 - [TEST_STEP][PASSED] - selectOptionByIndex: All options with index in [1] are selected on object ''

2018-06-10 19:14:07 - [MESSAGE][PASSED] - All options with index in [1] are selected on object ''

2018-06-10 19:14:07 - [TEST_STEP][PASSED] - delay: Delayed 2 second(s)

2018-06-10 19:14:09 - [MESSAGE][PASSED] - Delayed 2 second(s)

2018-06-10 19:14:09 - [TEST_STEP][PASSED] - Statement - batch = new com.kms.katalon.core.testobject.TestObject(): null

2018-06-10 19:14:09 - [TEST_STEP][PASSED] - Statement - batch = com.kms.katalon.core.webui.keyword.WebUiBuiltInKeywords.modifyObjectProperty(batch, "xpath", "equals", "//*[@id = "txtbthqty" + row + ""]", true): Modify property of object successfully

2018-06-10 19:14:09 - [MESSAGE][PASSED] - Modify property of object successfully

2018-06-10 19:14:09 - [TEST_STEP][PASSED] - Statement - batchqty = com.kms.katalon.core.webui.keyword.WebUiBuiltInKeywords.getAttribute(batch, "value").trim(): Attribute 'value' of object '' is: '35900'

2018-06-10 19:14:09 - [MESSAGE][PASSED] - Attribute 'value' of object '' is: '35900'

2018-06-10 19:14:09 - [TEST_STEP][PASSED] - Statement - Rqty = 100: null

2018-06-10 19:14:09 - [TEST_STEP][PASSED] - Statement - out.println("BatchQty : " + batchqty): null

2018-06-10 19:14:09 - [TEST_STEP][PASSED] - Statement - out.println("RQty : " + Rqty): null

2018-06-10 19:14:09 - [TEST_STEP][PASSED] - Statement - If (java.lang.Integer.valueOf(batchqty) >= java.lang.Integer.valueOf(Rqty)): null

2018-06-10 19:14:09 - [TEST_STEP][PASSED] - Statement - Break: null

2018-06-10 19:14:09 - [TEST_STEP][PASSED] - Statement - batchlength = new com.kms.katalon.core.testobject.TestObject(): null

2018-06-10 19:14:09 - [TEST_STEP][PASSED] - Statement - batchlength = com.kms.katalon.core.webui.keyword.WebUiBuiltInKeywords.modifyObjectProperty(batchlength, "xpath", "equals", "//*[@id = "fldvendor" + row + ""]", true): Modify property of object successfully

2018-06-10 19:14:09 - [MESSAGE][PASSED] - Modify property of object successfully

2018-06-10 19:14:09 - [TEST_STEP][PASSED] - Statement - batchsize = com.kms.katalon.core.webui.keyword.WebUiBuiltInKeywords.getNumberOfTotalOption(batchlength): 13 options of object '' counted

2018-06-10 19:14:09 - [MESSAGE][PASSED] - 13 options of object '' counted

2018-06-10 19:14:09 - [TEST_STEP][PASSED] - Statement - out.println("BatchSize : " + batchsize): null

2018-06-10 19:14:09 - [TEST_STEP][PASSED] - Statement - For ([n = 1, n <= batchsize - 1, (n++)]): null

2018-06-10 19:14:09 - [TEST_STEP][PASSED] - Statement - product = new com.kms.katalon.core.testobject.TestObject(): null

2018-06-10 19:14:09 - [TEST_STEP][PASSED] - Statement - product = com.kms.katalon.core.webui.keyword.WebUiBuiltInKeywords.modifyObjectProperty(product, "xpath", "equals", "//*[@id = "fldvendor" + row + ""]", true): Modify property of object successfully

2018-06-10 19:14:09 - [MESSAGE][PASSED] - Modify property of object successfully

2018-06-10 19:14:09 - [TEST_STEP][PASSED] - selectOptionByIndex: All options with index in [1] are selected on object ''

2018-06-10 19:14:09 - [MESSAGE][PASSED] - All options with index in [1] are selected on object ''

2018-06-10 19:14:09 - [TEST_STEP][PASSED] - delay: Delayed 2 second(s)

2018-06-10 19:14:11 - [MESSAGE][PASSED] - Delayed 2 second(s)

2018-06-10 19:14:11 - [TEST_STEP][PASSED] - Statement - batch = new com.kms.katalon.core.testobject.TestObject(): null

2018-06-10 19:14:11 - [TEST_STEP][PASSED] - Statement - batch = com.kms.katalon.core.webui.keyword.WebUiBuiltInKeywords.modifyObjectProperty(batch, "xpath", "equals", "//*[@id = "txtbthqty" + row + ""]", true): Modify property of object successfully

2018-06-10 19:14:11 - [MESSAGE][PASSED] - Modify property of object successfully

2018-06-10 19:14:11 - [TEST_STEP][PASSED] - Statement - batchqty = com.kms.katalon.core.webui.keyword.WebUiBuiltInKeywords.getAttribute(batch, "value").trim(): Attribute 'value' of object '' is: '35900'

2018-06-10 19:14:11 - [MESSAGE][PASSED] - Attribute 'value' of object '' is: '35900'

2018-06-10 19:14:11 - [TEST_STEP][PASSED] - Statement - Rqty = 100: null

2018-06-10 19:14:11 - [TEST_STEP][PASSED] - Statement - out.println("BatchQty : " + batchqty): null

2018-06-10 19:14:11 - [TEST_STEP][PASSED] - Statement - out.println("RQty : " + Rqty): null

2018-06-10 19:14:11 - [TEST_STEP][PASSED] - Statement - If (java.lang.Integer.valueOf(batchqty) >= java.lang.Integer.valueOf(Rqty)): null

2018-06-10 19:14:11 - [TEST_STEP][PASSED] - Statement - Break: null

2018-06-10 19:14:11 - [TEST_STEP][PASSED] - Statement - batchlength = new com.kms.katalon.core.testobject.TestObject(): null

2018-06-10 19:14:11 - [TEST_STEP][PASSED] - Statement - batchlength = com.kms.katalon.core.webui.keyword.WebUiBuiltInKeywords.modifyObjectProperty(batchlength, "xpath", "equals", "//*[@id = "fldvendor" + row + ""]", true): Modify property of object successfully

2018-06-10 19:14:11 - [MESSAGE][PASSED] - Modify property of object successfully

2018-06-10 19:14:11 - [TEST_STEP][PASSED] - Statement - batchsize = com.kms.katalon.core.webui.keyword.WebUiBuiltInKeywords.getNumberOfTotalOption(batchlength): 12 options of object '' counted

2018-06-10 19:14:11 - [MESSAGE][PASSED] - 12 options of object '' counted

2018-06-10 19:14:11 - [TEST_STEP][PASSED] - Statement - out.println("BatchSize : " + batchsize): null

2018-06-10 19:14:11 - [TEST_STEP][PASSED] - Statement - For ([n = 1, n <= batchsize - 1, (n++)]): null

2018-06-10 19:14:11 - [TEST_STEP][PASSED] - Statement - product = new com.kms.katalon.core.testobject.TestObject(): null

2018-06-10 19:14:11 - [TEST_STEP][PASSED] - Statement - product = com.kms.katalon.core.webui.keyword.WebUiBuiltInKeywords.modifyObjectProperty(product, "xpath", "equals", "//*[@id = "fldvendor" + row + ""]", true): Modify property of object successfully

2018-06-10 19:14:11 - [MESSAGE][PASSED] - Modify property of object successfully

2018-06-10 19:14:11 - [TEST_STEP][PASSED] - selectOptionByIndex: All options with index in [1] are selected on object ''

2018-06-10 19:14:12 - [MESSAGE][PASSED] - All options with index in [1] are selected on object ''

2018-06-10 19:14:12 - [TEST_STEP][PASSED] - delay: Delayed 2 second(s)

2018-06-10 19:14:14 - [MESSAGE][PASSED] - Delayed 2 second(s)

2018-06-10 19:14:14 - [TEST_STEP][PASSED] - Statement - batch = new com.kms.katalon.core.testobject.TestObject(): null

2018-06-10 19:14:14 - [TEST_STEP][PASSED] - Statement - batch = com.kms.katalon.core.webui.keyword.WebUiBuiltInKeywords.modifyObjectProperty(batch, "xpath", "equals", "//*[@id = "txtbthqty" + row + ""]", true): Modify property of object successfully

2018-06-10 19:14:14 - [MESSAGE][PASSED] - Modify property of object successfully

2018-06-10 19:14:14 - [TEST_STEP][PASSED] - Statement - batchqty = com.kms.katalon.core.webui.keyword.WebUiBuiltInKeywords.getAttribute(batch, "value").trim(): Attribute 'value' of object '' is: '2600'

2018-06-10 19:14:14 - [MESSAGE][PASSED] - Attribute 'value' of object '' is: '2600'

2018-06-10 19:14:14 - [TEST_STEP][PASSED] - Statement - Rqty = 100: null

2018-06-10 19:14:14 - [TEST_STEP][PASSED] - Statement - out.println("BatchQty : " + batchqty): null

2018-06-10 19:14:14 - [TEST_STEP][PASSED] - Statement - out.println("RQty : " + Rqty): null

2018-06-10 19:14:14 - [TEST_STEP][PASSED] - Statement - If (java.lang.Integer.valueOf(batchqty) >= java.lang.Integer.valueOf(Rqty)): null

2018-06-10 19:14:14 - [TEST_STEP][PASSED] - Statement - Break: null

2018-06-10 19:14:14 - [TEST_STEP][PASSED] - Statement - batchlength = new com.kms.katalon.core.testobject.TestObject(): null

2018-06-10 19:14:14 - [TEST_STEP][PASSED] - Statement - batchlength = com.kms.katalon.core.webui.keyword.WebUiBuiltInKeywords.modifyObjectProperty(batchlength, "xpath", "equals", "//*[@id = "fldvendor" + row + ""]", true): Modify property of object successfully

2018-06-10 19:14:14 - [MESSAGE][PASSED] - Modify property of object successfully

2018-06-10 19:14:14 - [TEST_STEP][PASSED] - Statement - batchsize = com.kms.katalon.core.webui.keyword.WebUiBuiltInKeywords.getNumberOfTotalOption(batchlength): 13 options of object '' counted

2018-06-10 19:14:14 - [MESSAGE][PASSED] - 13 options of object '' counted

2018-06-10 19:14:14 - [TEST_STEP][PASSED] - Statement - out.println("BatchSize : " + batchsize): null

2018-06-10 19:14:14 - [TEST_STEP][PASSED] - Statement - For ([n = 1, n <= batchsize - 1, (n++)]): null

2018-06-10 19:14:14 - [TEST_STEP][PASSED] - Statement - product = new com.kms.katalon.core.testobject.TestObject(): null

2018-06-10 19:14:14 - [TEST_STEP][PASSED] - Statement - product = com.kms.katalon.core.webui.keyword.WebUiBuiltInKeywords.modifyObjectProperty(product, "xpath", "equals", "//*[@id = "fldvendor" + row + ""]", true): Modify property of object successfully

2018-06-10 19:14:14 - [MESSAGE][PASSED] - Modify property of object successfully

2018-06-10 19:14:14 - [TEST_STEP][PASSED] - selectOptionByIndex: All options with index in [1] are selected on object ''

2018-06-10 19:14:14 - [MESSAGE][PASSED] - All options with index in [1] are selected on object ''

2018-06-10 19:14:14 - [TEST_STEP][PASSED] - delay: Delayed 2 second(s)

2018-06-10 19:14:16 - [MESSAGE][PASSED] - Delayed 2 second(s)

2018-06-10 19:14:16 - [TEST_STEP][PASSED] - Statement - batch = new com.kms.katalon.core.testobject.TestObject(): null

2018-06-10 19:14:16 - [TEST_STEP][PASSED] - Statement - batch = com.kms.katalon.core.webui.keyword.WebUiBuiltInKeywords.modifyObjectProperty(batch, "xpath", "equals", "//*[@id = "txtbthqty" + row + ""]", true): Modify property of object successfully

2018-06-10 19:14:16 - [MESSAGE][PASSED] - Modify property of object successfully

2018-06-10 19:14:16 - [TEST_STEP][PASSED] - Statement - batchqty = com.kms.katalon.core.webui.keyword.WebUiBuiltInKeywords.getAttribute(batch, "value").trim(): Attribute 'value' of object '' is: '900'

2018-06-10 19:14:16 - [MESSAGE][PASSED] - Attribute 'value' of object '' is: '900'

2018-06-10 19:14:16 - [TEST_STEP][PASSED] - Statement - Rqty = 100: null

2018-06-10 19:14:16 - [TEST_STEP][PASSED] - Statement - out.println("BatchQty : " + batchqty): null

2018-06-10 19:14:16 - [TEST_STEP][PASSED] - Statement - out.println("RQty : " + Rqty): null

2018-06-10 19:14:16 - [TEST_STEP][PASSED] - Statement - If (java.lang.Integer.valueOf(batchqty) >= java.lang.Integer.valueOf(Rqty)): null

2018-06-10 19:14:16 - [TEST_STEP][PASSED] - Statement - Break: null

2018-06-10 19:14:16 - [TEST_STEP][PASSED] - delay: Delayed 2 second(s)

2018-06-10 19:14:18 - [MESSAGE][PASSED] - Delayed 2 second(s)

2018-06-10 19:14:18 - [TEST_STEP][PASSED] - click: Object: 'Object Repository/HealthpostToCms/Page_KDMC - CMS/input_btndispatch' is clicked on

2018-06-10 19:14:18 - [MESSAGE][PASSED] - Object: 'Object Repository/HealthpostToCms/Page_KDMC - CMS/input_btndispatch' is clicked on

2018-06-10 19:14:18 - [TEST_STEP][PASSED] - waitForElementVisible: Object 'Object Repository/HealthpostToCms/Page_KDMC - CMS/button_OK' is visible

2018-06-10 19:14:20 - [MESSAGE][PASSED] - Object 'Object Repository/HealthpostToCms/Page_KDMC - CMS/button_OK' is visible

2018-06-10 19:14:20 - [TEST_STEP][PASSED] - click: Object: 'Object Repository/HealthpostToCms/Page_KDMC - CMS/button_OK' is clicked on

2018-06-10 19:14:20 - [MESSAGE][PASSED] - Object: 'Object Repository/HealthpostToCms/Page_KDMC - CMS/button_OK' is clicked on

2018-06-10 19:14:20 - [TEST_STEP][PASSED] - delay: Delayed 3 second(s)

2018-06-10 19:14:23 - [MESSAGE][PASSED] - Delayed 3 second(s)

2018-06-10 19:14:23 - [TEST_STEP][PASSED] - click: Object: 'Object Repository/HealthpostToCms/Page_KDMC - CMS/a_dropdown-toggle' is clicked on

2018-06-10 19:14:23 - [MESSAGE][PASSED] - Object: 'Object Repository/HealthpostToCms/Page_KDMC - CMS/a_dropdown-toggle' is clicked on

2018-06-10 19:14:23 - [TEST_STEP][PASSED] - click: Object: 'Object Repository/HealthpostToCms/Page_KDMC - CMS/a_Sign out' is clicked on

2018-06-10 19:14:24 - [MESSAGE][PASSED] - Object: 'Object Repository/HealthpostToCms/Page_KDMC - CMS/a_Sign out' is clicked on

2018-06-10 19:14:24 - [TEST_STEP][PASSED] - delay: Delayed 3 second(s)

2018-06-10 19:14:27 - [MESSAGE][PASSED] - Delayed 3 second(s)

2018-06-10 19:14:27 - [TEST_STEP][PASSED] - navigateToUrl: Navigate to 'http://192.168.137.1/multihospital_new/HDSplashscreen.aspx' successfully

2018-06-10 19:14:27 - [MESSAGE][PASSED] - Navigate to 'http://192.168.137.1/multihospital_new/HDSplashscreen.aspx' successfully

2018-06-10 19:14:27 - [TEST_STEP][PASSED] - click: Object: 'Object Repository/HealthpostToCms/Page_KDMC/a_Healthpost Store' is clicked on

2018-06-10 19:14:28 - [MESSAGE][PASSED] - Object: 'Object Repository/HealthpostToCms/Page_KDMC/a_Healthpost Store' is clicked on

2018-06-10 19:14:28 - [TEST_STEP][PASSED] - setText: Text 'raguram' is set on object 'Object Repository/HealthpostToCms/Page_HealthPost Store Login/input_txtusername'

2018-06-10 19:14:28 - [MESSAGE][PASSED] - Text 'raguram' is set on object 'Object Repository/HealthpostToCms/Page_HealthPost Store Login/input_txtusername'

2018-06-10 19:14:28 - [TEST_STEP][PASSED] - setText: Text '123' is set on object 'Object Repository/HealthpostToCms/Page_HealthPost Store Login/input_txtpassword'

2018-06-10 19:14:28 - [MESSAGE][PASSED] - Text '123' is set on object 'Object Repository/HealthpostToCms/Page_HealthPost Store Login/input_txtpassword'

2018-06-10 19:14:28 - [TEST_STEP][PASSED] - delay: Delayed 3 second(s)

2018-06-10 19:14:31 - [MESSAGE][PASSED] - Delayed 3 second(s)

2018-06-10 19:14:31 - [TEST_STEP][PASSED] - click: Object: 'Object Repository/HealthpostToCms/Page_HealthPost Store Login/button_Sign in' is clicked on

2018-06-10 19:14:31 - [MESSAGE][PASSED] - Object: 'Object Repository/HealthpostToCms/Page_HealthPost Store Login/button_Sign in' is clicked on

2018-06-10 19:14:31 - [TEST_STEP][PASSED] - delay: Delayed 3 second(s)

2018-06-10 19:14:34 - [MESSAGE][PASSED] - Delayed 3 second(s)

2018-06-10 19:14:34 - [TEST_STEP][PASSED] - click: Object: 'Object Repository/HealthpostToCms/Page_HealthPost Store/a_CMS' is clicked on

2018-06-10 19:14:34 - [MESSAGE][PASSED] - Object: 'Object Repository/HealthpostToCms/Page_HealthPost Store/a_CMS' is clicked on

2018-06-10 19:14:34 - [TEST_STEP][PASSED] - delay: Delayed 2 second(s)

2018-06-10 19:14:36 - [MESSAGE][PASSED] - Delayed 2 second(s)

2018-06-10 19:14:36 - [TEST_STEP][PASSED] - click: Object: 'Object Repository/HealthpostToCms/Page_HealthPost Store/a_Receiving Goods' is clicked on

2018-06-10 19:14:37 - [MESSAGE][PASSED] - Object: 'Object Repository/HealthpostToCms/Page_HealthPost Store/a_Receiving Goods' is clicked on

2018-06-10 19:14:37 - [TEST_STEP][PASSED] - setText: Text 'PRNO/10062018/809' is set on object 'Object Repository/HealthpostToCms/Page_HealthPost Store/input'

2018-06-10 19:14:38 - [MESSAGE][PASSED] - Text 'PRNO/10062018/809' is set on object 'Object Repository/HealthpostToCms/Page_HealthPost Store/input'

2018-06-10 19:14:38 - [TEST_STEP][PASSED] - click: Object: 'Object Repository/HealthpostToCms/Page_HealthPost Store/input_PRNO18052018174' is clicked on

2018-06-10 19:14:38 - [MESSAGE][PASSED] - Object: 'Object Repository/HealthpostToCms/Page_HealthPost Store/input_PRNO18052018174' is clicked on

2018-06-10 19:14:38 - [TEST_STEP][PASSED] - delay: Delayed 2 second(s)

2018-06-10 19:14:40 - [MESSAGE][PASSED] - Delayed 2 second(s)

2018-06-10 19:14:40 - [TEST_STEP][PASSED] - click: Object: 'Object Repository/HealthpostToCms/Page_HealthPost Store/input_chkrem' is clicked on

2018-06-10 19:14:40 - [MESSAGE][PASSED] - Object: 'Object Repository/HealthpostToCms/Page_HealthPost Store/input_chkrem' is clicked on

2018-06-10 19:14:40 - [TEST_STEP][PASSED] - scrollToElement: Scroll to object 'Object Repository/HealthpostToCms/Page_HealthPost Store/input_btchkroqadd' successfully

2018-06-10 19:14:40 - [MESSAGE][PASSED] - Scroll to object 'Object Repository/HealthpostToCms/Page_HealthPost Store/input_btchkroqadd' successfully

2018-06-10 19:14:40 - [TEST_STEP][PASSED] - click: Object: 'Object Repository/HealthpostToCms/Page_HealthPost Store/input_btchkroqadd' is clicked on

2018-06-10 19:14:40 - [MESSAGE][PASSED] - Object: 'Object Repository/HealthpostToCms/Page_HealthPost Store/input_btchkroqadd' is clicked on

2018-06-10 19:14:40 - [TEST_STEP][PASSED] - delay: Delayed 2 second(s)

2018-06-10 19:14:42 - [MESSAGE][PASSED] - Delayed 2 second(s)

2018-06-10 19:14:42 - [TEST_STEP][PASSED] - refresh: Refresh successfully

2018-06-10 19:14:43 - [MESSAGE][PASSED] - Refresh successfully

2018-06-10 19:14:43 - [TEST_STEP][PASSED] - delay: Delayed 3 second(s)

2018-06-10 19:14:46 - [MESSAGE][PASSED] - Delayed 3 second(s)

2018-06-10 19:14:46 - [TEST_STEP][PASSED] - click: Object: 'Object Repository/HealthpostToCms/Page_HealthPost Store/a_dropdown-toggle' is clicked on

2018-06-10 19:14:46 - [MESSAGE][PASSED] - Object: 'Object Repository/HealthpostToCms/Page_HealthPost Store/a_dropdown-toggle' is clicked on

2018-06-10 19:14:46 - [TEST_STEP][PASSED] - click: Object: 'Object Repository/HealthpostToCms/Page_HealthPost Store/a_Sign out' is clicked on

2018-06-10 19:14:46 - [MESSAGE][PASSED] - Object: 'Object Repository/HealthpostToCms/Page_HealthPost Store/a_Sign out' is clicked on

2018-06-10 19:14:46 - [TEST_STEP][PASSED] - closeBrowser: Browser is closed

2018-06-10 19:14:47 - [MESSAGE][PASSED] - Browser is closed]]></system-out>
         <system-err><![CDATA[]]></system-err>
      </testcase>
      <testcase name="Test Cases/HEALTHPOST TEST CASES/TC_HP_018 Verify Schedule 6 Healthpost To CMS Request Are Working Successfully Or Not" classname="Test Cases/HEALTHPOST TEST CASES/TC_HP_018 Verify Schedule 6 Healthpost To CMS Request Are Working Successfully Or Not" status="FAILED">
         <failure type="FAILED" message="Unable to select option by index '8' of object 'Object Repository/HealthpostToCms/Page_HealthPost Store/select_--Select--Adernaline 0.' (Root cause: org.openqa.selenium.NoSuchElementException: Cannot locate option with index: 8
For documentation on this error, please visit: http://seleniumhq.org/exceptions/no_such_element.html
Build info: version: '3.7.1', revision: '8a0099a', time: '2017-11-06T21:07:36.161Z'
System info: host: 'DESKTOP-BLFTK83', ip: '169.254.189.85', os.name: 'Windows 10', os.arch: 'amd64', os.version: '10.0', java.version: '1.8.0_102'
Driver info: driver.version: unknown)"/>
         <system-out><![CDATA[2018-06-10 19:14:47 - [TEST_CASE][FAILED] - Test Cases/HEALTHPOST TEST CASES/TC_HP_018 Verify Schedule 6 Healthpost To CMS Request Are Working Successfully Or Not: Test Cases/HEALTHPOST TEST CASES/TC_HP_018 Verify Schedule 6 Healthpost To CMS Request Are Working Successfully Or Not FAILED because (of) Unable to select option by index '8' of object 'Object Repository/HealthpostToCms/Page_HealthPost Store/select_--Select--Adernaline 0.' (Root cause: org.openqa.selenium.NoSuchElementException: Cannot locate option with index: 8
For documentation on this error, please visit: http://seleniumhq.org/exceptions/no_such_element.html
Build info: version: '3.7.1', revision: '8a0099a', time: '2017-11-06T21:07:36.161Z'
System info: host: 'DESKTOP-BLFTK83', ip: '169.254.189.85', os.name: 'Windows 10', os.arch: 'amd64', os.version: '10.0', java.version: '1.8.0_102'
Driver info: driver.version: unknown)

2018-06-10 19:14:47 - [TEST_STEP][PASSED] - openBrowser: Browser is opened with url: ''

2018-06-10 19:14:49 - [MESSAGE][PASSED] - Browser is opened with url: ''

2018-06-10 19:14:49 - [TEST_STEP][PASSED] - navigateToUrl: Navigate to 'http://192.168.137.1/multihospital_new/HDSplashscreen.aspx' successfully

2018-06-10 19:14:51 - [MESSAGE][PASSED] - Navigate to 'http://192.168.137.1/multihospital_new/HDSplashscreen.aspx' successfully

2018-06-10 19:14:51 - [TEST_STEP][PASSED] - maximizeWindow: Current window maximized

2018-06-10 19:14:52 - [MESSAGE][PASSED] - Current window maximized

2018-06-10 19:14:52 - [TEST_STEP][PASSED] - click: Object: 'Object Repository/HealthpostToCms/Page_KDMC/a_Healthpost Store' is clicked on

2018-06-10 19:14:53 - [MESSAGE][PASSED] - Object: 'Object Repository/HealthpostToCms/Page_KDMC/a_Healthpost Store' is clicked on

2018-06-10 19:14:53 - [TEST_STEP][PASSED] - setText: Text 'raguram' is set on object 'Object Repository/HealthpostToCms/Page_HealthPost Store Login/input_txtusername'

2018-06-10 19:14:53 - [MESSAGE][PASSED] - Text 'raguram' is set on object 'Object Repository/HealthpostToCms/Page_HealthPost Store Login/input_txtusername'

2018-06-10 19:14:53 - [TEST_STEP][PASSED] - setText: Text '123' is set on object 'Object Repository/HealthpostToCms/Page_HealthPost Store Login/input_txtpassword'

2018-06-10 19:14:53 - [MESSAGE][PASSED] - Text '123' is set on object 'Object Repository/HealthpostToCms/Page_HealthPost Store Login/input_txtpassword'

2018-06-10 19:14:53 - [TEST_STEP][PASSED] - delay: Delayed 3 second(s)

2018-06-10 19:14:56 - [MESSAGE][PASSED] - Delayed 3 second(s)

2018-06-10 19:14:56 - [TEST_STEP][PASSED] - click: Object: 'Object Repository/HealthpostToCms/Page_HealthPost Store Login/button_Sign in' is clicked on

2018-06-10 19:14:57 - [MESSAGE][PASSED] - Object: 'Object Repository/HealthpostToCms/Page_HealthPost Store Login/button_Sign in' is clicked on

2018-06-10 19:14:57 - [TEST_STEP][PASSED] - delay: Delayed 3 second(s)

2018-06-10 19:15:00 - [MESSAGE][PASSED] - Delayed 3 second(s)

2018-06-10 19:15:00 - [TEST_STEP][PASSED] - click: Object: 'Object Repository/HealthpostToCms/Page_HealthPost Store/a_CMS' is clicked on

2018-06-10 19:15:00 - [MESSAGE][PASSED] - Object: 'Object Repository/HealthpostToCms/Page_HealthPost Store/a_CMS' is clicked on

2018-06-10 19:15:00 - [TEST_STEP][PASSED] - delay: Delayed 1 second(s)

2018-06-10 19:15:01 - [MESSAGE][PASSED] - Delayed 1 second(s)

2018-06-10 19:15:01 - [TEST_STEP][PASSED] - click: Object: 'Object Repository/HealthpostToCms/Page_HealthPost Store/a_Request Send' is clicked on

2018-06-10 19:15:02 - [MESSAGE][PASSED] - Object: 'Object Repository/HealthpostToCms/Page_HealthPost Store/a_Request Send' is clicked on

2018-06-10 19:15:02 - [TEST_STEP][PASSED] - delay: Delayed 2 second(s)

2018-06-10 19:15:04 - [MESSAGE][PASSED] - Delayed 2 second(s)

2018-06-10 19:15:04 - [TEST_STEP][PASSED] - selectOptionByIndex: All options with index in [2] are selected on object 'Object Repository/HealthpostToCms/Page_HealthPost Store/select_--Select--'

2018-06-10 19:15:04 - [MESSAGE][PASSED] - All options with index in [2] are selected on object 'Object Repository/HealthpostToCms/Page_HealthPost Store/select_--Select--'

2018-06-10 19:15:04 - [TEST_STEP][PASSED] - selectOptionByIndex: All options with index in [6] are selected on object 'Object Repository/HealthpostToCms/Page_HealthPost Store/select_--Select--Schedule 1Inj'

2018-06-10 19:15:04 - [MESSAGE][PASSED] - All options with index in [6] are selected on object 'Object Repository/HealthpostToCms/Page_HealthPost Store/select_--Select--Schedule 1Inj'

2018-06-10 19:15:04 - [TEST_STEP][PASSED] - Statement - medicineslength = com.kms.katalon.core.webui.keyword.WebUiBuiltInKeywords.getNumberOfTotalOption(com.kms.katalon.core.testobject.ObjectRepository.findTestObject(HealthpostToCms/Page_HealthPost Store/select_--Select--Adernaline 0.)): 14 options of object 'Object Repository/HealthpostToCms/Page_HealthPost Store/select_--Select--Adernaline 0.' counted

2018-06-10 19:15:04 - [MESSAGE][PASSED] - 14 options of object 'Object Repository/HealthpostToCms/Page_HealthPost Store/select_--Select--Adernaline 0.' counted

2018-06-10 19:15:04 - [TEST_STEP][FAILED] - Statement - For ([e = 1, e <= medicineslength - 1, (e++)]): Unable to select option by index '8' of object 'Object Repository/HealthpostToCms/Page_HealthPost Store/select_--Select--Adernaline 0.' (Root cause: org.openqa.selenium.NoSuchElementException: Cannot locate option with index: 8
For documentation on this error, please visit: http://seleniumhq.org/exceptions/no_such_element.html
Build info: version: '3.7.1', revision: '8a0099a', time: '2017-11-06T21:07:36.161Z'
System info: host: 'DESKTOP-BLFTK83', ip: '169.254.189.85', os.name: 'Windows 10', os.arch: 'amd64', os.version: '10.0', java.version: '1.8.0_102'
Driver info: driver.version: unknown)

2018-06-10 19:15:04 - [TEST_STEP][PASSED] - selectOptionByIndex: All options with index in [6] are selected on object 'Object Repository/HealthpostToCms/Page_HealthPost Store/select_--Select--Schedule 1Inj'

2018-06-10 19:15:04 - [MESSAGE][PASSED] - All options with index in [6] are selected on object 'Object Repository/HealthpostToCms/Page_HealthPost Store/select_--Select--Schedule 1Inj'

2018-06-10 19:15:04 - [TEST_STEP][PASSED] - selectOptionByIndex: All options with index in [1] are selected on object 'Object Repository/HealthpostToCms/Page_HealthPost Store/select_--Select--Adernaline 0.'

2018-06-10 19:15:04 - [MESSAGE][PASSED] - All options with index in [1] are selected on object 'Object Repository/HealthpostToCms/Page_HealthPost Store/select_--Select--Adernaline 0.'

2018-06-10 19:15:04 - [TEST_STEP][PASSED] - setText: Text '100' is set on object 'Object Repository/HealthpostToCms/Page_HealthPost Store/input_txttreat'

2018-06-10 19:15:04 - [MESSAGE][PASSED] - Text '100' is set on object 'Object Repository/HealthpostToCms/Page_HealthPost Store/input_txttreat'

2018-06-10 19:15:04 - [TEST_STEP][PASSED] - click: Object: 'Object Repository/HealthpostToCms/Page_HealthPost Store/button_Add' is clicked on

2018-06-10 19:15:04 - [MESSAGE][PASSED] - Object: 'Object Repository/HealthpostToCms/Page_HealthPost Store/button_Add' is clicked on

2018-06-10 19:15:04 - [TEST_STEP][PASSED] - selectOptionByIndex: All options with index in [6] are selected on object 'Object Repository/HealthpostToCms/Page_HealthPost Store/select_--Select--Schedule 1Inj'

2018-06-10 19:15:05 - [MESSAGE][PASSED] - All options with index in [6] are selected on object 'Object Repository/HealthpostToCms/Page_HealthPost Store/select_--Select--Schedule 1Inj'

2018-06-10 19:15:05 - [TEST_STEP][PASSED] - selectOptionByIndex: All options with index in [2] are selected on object 'Object Repository/HealthpostToCms/Page_HealthPost Store/select_--Select--Adernaline 0.'

2018-06-10 19:15:05 - [MESSAGE][PASSED] - All options with index in [2] are selected on object 'Object Repository/HealthpostToCms/Page_HealthPost Store/select_--Select--Adernaline 0.'

2018-06-10 19:15:05 - [TEST_STEP][PASSED] - setText: Text '100' is set on object 'Object Repository/HealthpostToCms/Page_HealthPost Store/input_txttreat'

2018-06-10 19:15:05 - [MESSAGE][PASSED] - Text '100' is set on object 'Object Repository/HealthpostToCms/Page_HealthPost Store/input_txttreat'

2018-06-10 19:15:05 - [TEST_STEP][PASSED] - click: Object: 'Object Repository/HealthpostToCms/Page_HealthPost Store/button_Add' is clicked on

2018-06-10 19:15:05 - [MESSAGE][PASSED] - Object: 'Object Repository/HealthpostToCms/Page_HealthPost Store/button_Add' is clicked on

2018-06-10 19:15:05 - [TEST_STEP][PASSED] - selectOptionByIndex: All options with index in [6] are selected on object 'Object Repository/HealthpostToCms/Page_HealthPost Store/select_--Select--Schedule 1Inj'

2018-06-10 19:15:05 - [MESSAGE][PASSED] - All options with index in [6] are selected on object 'Object Repository/HealthpostToCms/Page_HealthPost Store/select_--Select--Schedule 1Inj'

2018-06-10 19:15:05 - [TEST_STEP][PASSED] - selectOptionByIndex: All options with index in [3] are selected on object 'Object Repository/HealthpostToCms/Page_HealthPost Store/select_--Select--Adernaline 0.'

2018-06-10 19:15:05 - [MESSAGE][PASSED] - All options with index in [3] are selected on object 'Object Repository/HealthpostToCms/Page_HealthPost Store/select_--Select--Adernaline 0.'

2018-06-10 19:15:05 - [TEST_STEP][PASSED] - setText: Text '100' is set on object 'Object Repository/HealthpostToCms/Page_HealthPost Store/input_txttreat'

2018-06-10 19:15:05 - [MESSAGE][PASSED] - Text '100' is set on object 'Object Repository/HealthpostToCms/Page_HealthPost Store/input_txttreat'

2018-06-10 19:15:05 - [TEST_STEP][PASSED] - click: Object: 'Object Repository/HealthpostToCms/Page_HealthPost Store/button_Add' is clicked on

2018-06-10 19:15:05 - [MESSAGE][PASSED] - Object: 'Object Repository/HealthpostToCms/Page_HealthPost Store/button_Add' is clicked on

2018-06-10 19:15:05 - [TEST_STEP][PASSED] - selectOptionByIndex: All options with index in [6] are selected on object 'Object Repository/HealthpostToCms/Page_HealthPost Store/select_--Select--Schedule 1Inj'

2018-06-10 19:15:06 - [MESSAGE][PASSED] - All options with index in [6] are selected on object 'Object Repository/HealthpostToCms/Page_HealthPost Store/select_--Select--Schedule 1Inj'

2018-06-10 19:15:06 - [TEST_STEP][PASSED] - selectOptionByIndex: All options with index in [4] are selected on object 'Object Repository/HealthpostToCms/Page_HealthPost Store/select_--Select--Adernaline 0.'

2018-06-10 19:15:06 - [MESSAGE][PASSED] - All options with index in [4] are selected on object 'Object Repository/HealthpostToCms/Page_HealthPost Store/select_--Select--Adernaline 0.'

2018-06-10 19:15:06 - [TEST_STEP][PASSED] - setText: Text '100' is set on object 'Object Repository/HealthpostToCms/Page_HealthPost Store/input_txttreat'

2018-06-10 19:15:06 - [MESSAGE][PASSED] - Text '100' is set on object 'Object Repository/HealthpostToCms/Page_HealthPost Store/input_txttreat'

2018-06-10 19:15:06 - [TEST_STEP][PASSED] - click: Object: 'Object Repository/HealthpostToCms/Page_HealthPost Store/button_Add' is clicked on

2018-06-10 19:15:06 - [MESSAGE][PASSED] - Object: 'Object Repository/HealthpostToCms/Page_HealthPost Store/button_Add' is clicked on

2018-06-10 19:15:06 - [TEST_STEP][PASSED] - selectOptionByIndex: All options with index in [6] are selected on object 'Object Repository/HealthpostToCms/Page_HealthPost Store/select_--Select--Schedule 1Inj'

2018-06-10 19:15:06 - [MESSAGE][PASSED] - All options with index in [6] are selected on object 'Object Repository/HealthpostToCms/Page_HealthPost Store/select_--Select--Schedule 1Inj'

2018-06-10 19:15:06 - [TEST_STEP][PASSED] - selectOptionByIndex: All options with index in [5] are selected on object 'Object Repository/HealthpostToCms/Page_HealthPost Store/select_--Select--Adernaline 0.'

2018-06-10 19:15:06 - [MESSAGE][PASSED] - All options with index in [5] are selected on object 'Object Repository/HealthpostToCms/Page_HealthPost Store/select_--Select--Adernaline 0.'

2018-06-10 19:15:06 - [TEST_STEP][PASSED] - setText: Text '100' is set on object 'Object Repository/HealthpostToCms/Page_HealthPost Store/input_txttreat'

2018-06-10 19:15:06 - [MESSAGE][PASSED] - Text '100' is set on object 'Object Repository/HealthpostToCms/Page_HealthPost Store/input_txttreat'

2018-06-10 19:15:06 - [TEST_STEP][PASSED] - click: Object: 'Object Repository/HealthpostToCms/Page_HealthPost Store/button_Add' is clicked on

2018-06-10 19:15:07 - [MESSAGE][PASSED] - Object: 'Object Repository/HealthpostToCms/Page_HealthPost Store/button_Add' is clicked on

2018-06-10 19:15:07 - [TEST_STEP][PASSED] - selectOptionByIndex: All options with index in [6] are selected on object 'Object Repository/HealthpostToCms/Page_HealthPost Store/select_--Select--Schedule 1Inj'

2018-06-10 19:15:07 - [MESSAGE][PASSED] - All options with index in [6] are selected on object 'Object Repository/HealthpostToCms/Page_HealthPost Store/select_--Select--Schedule 1Inj'

2018-06-10 19:15:07 - [TEST_STEP][PASSED] - selectOptionByIndex: All options with index in [6] are selected on object 'Object Repository/HealthpostToCms/Page_HealthPost Store/select_--Select--Adernaline 0.'

2018-06-10 19:15:07 - [MESSAGE][PASSED] - All options with index in [6] are selected on object 'Object Repository/HealthpostToCms/Page_HealthPost Store/select_--Select--Adernaline 0.'

2018-06-10 19:15:07 - [TEST_STEP][PASSED] - setText: Text '100' is set on object 'Object Repository/HealthpostToCms/Page_HealthPost Store/input_txttreat'

2018-06-10 19:15:07 - [MESSAGE][PASSED] - Text '100' is set on object 'Object Repository/HealthpostToCms/Page_HealthPost Store/input_txttreat'

2018-06-10 19:15:07 - [TEST_STEP][PASSED] - click: Object: 'Object Repository/HealthpostToCms/Page_HealthPost Store/button_Add' is clicked on

2018-06-10 19:15:07 - [MESSAGE][PASSED] - Object: 'Object Repository/HealthpostToCms/Page_HealthPost Store/button_Add' is clicked on

2018-06-10 19:15:07 - [TEST_STEP][PASSED] - selectOptionByIndex: All options with index in [6] are selected on object 'Object Repository/HealthpostToCms/Page_HealthPost Store/select_--Select--Schedule 1Inj'

2018-06-10 19:15:07 - [MESSAGE][PASSED] - All options with index in [6] are selected on object 'Object Repository/HealthpostToCms/Page_HealthPost Store/select_--Select--Schedule 1Inj'

2018-06-10 19:15:07 - [TEST_STEP][PASSED] - selectOptionByIndex: All options with index in [7] are selected on object 'Object Repository/HealthpostToCms/Page_HealthPost Store/select_--Select--Adernaline 0.'

2018-06-10 19:15:07 - [MESSAGE][PASSED] - All options with index in [7] are selected on object 'Object Repository/HealthpostToCms/Page_HealthPost Store/select_--Select--Adernaline 0.'

2018-06-10 19:15:07 - [TEST_STEP][PASSED] - setText: Text '100' is set on object 'Object Repository/HealthpostToCms/Page_HealthPost Store/input_txttreat'

2018-06-10 19:15:07 - [MESSAGE][PASSED] - Text '100' is set on object 'Object Repository/HealthpostToCms/Page_HealthPost Store/input_txttreat'

2018-06-10 19:15:07 - [TEST_STEP][PASSED] - click: Object: 'Object Repository/HealthpostToCms/Page_HealthPost Store/button_Add' is clicked on

2018-06-10 19:15:08 - [MESSAGE][PASSED] - Object: 'Object Repository/HealthpostToCms/Page_HealthPost Store/button_Add' is clicked on

2018-06-10 19:15:08 - [TEST_STEP][PASSED] - selectOptionByIndex: All options with index in [6] are selected on object 'Object Repository/HealthpostToCms/Page_HealthPost Store/select_--Select--Schedule 1Inj'

2018-06-10 19:15:08 - [MESSAGE][PASSED] - All options with index in [6] are selected on object 'Object Repository/HealthpostToCms/Page_HealthPost Store/select_--Select--Schedule 1Inj'

2018-06-10 19:15:08 - [TEST_STEP][FAILED] - selectOptionByIndex: Unable to select option by index '8' of object 'Object Repository/HealthpostToCms/Page_HealthPost Store/select_--Select--Adernaline 0.' (Root cause: org.openqa.selenium.NoSuchElementException: Cannot locate option with index: 8
For documentation on this error, please visit: http://seleniumhq.org/exceptions/no_such_element.html
Build info: version: '3.7.1', revision: '8a0099a', time: '2017-11-06T21:07:36.161Z'
System info: host: 'DESKTOP-BLFTK83', ip: '169.254.189.85', os.name: 'Windows 10', os.arch: 'amd64', os.version: '10.0', java.version: '1.8.0_102'
Driver info: driver.version: unknown)

2018-06-10 19:15:08 - [MESSAGE][FAILED] - Unable to select option by index '8' of object 'Object Repository/HealthpostToCms/Page_HealthPost Store/select_--Select--Adernaline 0.' (Root cause: org.openqa.selenium.NoSuchElementException: Cannot locate option with index: 8
For documentation on this error, please visit: http://seleniumhq.org/exceptions/no_such_element.html
Build info: version: '3.7.1', revision: '8a0099a', time: '2017-11-06T21:07:36.161Z'
System info: host: 'DESKTOP-BLFTK83', ip: '169.254.189.85', os.name: 'Windows 10', os.arch: 'amd64', os.version: '10.0', java.version: '1.8.0_102'
Driver info: driver.version: unknown)
[[ATTACHMENT|C:\\Users\\Quality Analyst\\Katalon Studio\\ds\\Reports\\HealthPost_CMS_Suite\\20180610_144717\\1528638308272.png]]]]></system-out>
         <system-err><![CDATA[2018-06-10 19:14:47 - [TEST_CASE][FAILED] - Test Cases/HEALTHPOST TEST CASES/TC_HP_018 Verify Schedule 6 Healthpost To CMS Request Are Working Successfully Or Not: Test Cases/HEALTHPOST TEST CASES/TC_HP_018 Verify Schedule 6 Healthpost To CMS Request Are Working Successfully Or Not FAILED because (of) Unable to select option by index '8' of object 'Object Repository/HealthpostToCms/Page_HealthPost Store/select_--Select--Adernaline 0.' (Root cause: org.openqa.selenium.NoSuchElementException: Cannot locate option with index: 8
For documentation on this error, please visit: http://seleniumhq.org/exceptions/no_such_element.html
Build info: version: '3.7.1', revision: '8a0099a', time: '2017-11-06T21:07:36.161Z'
System info: host: 'DESKTOP-BLFTK83', ip: '169.254.189.85', os.name: 'Windows 10', os.arch: 'amd64', os.version: '10.0', java.version: '1.8.0_102'
Driver info: driver.version: unknown)]]></system-err>
      </testcase>
      <testcase name="Test Cases/HEALTHPOST TEST CASES/TC_HP_017 Verify Schedule 5 Healthpost To CMS Request Are Working Successfully Or Not" classname="Test Cases/HEALTHPOST TEST CASES/TC_HP_017 Verify Schedule 5 Healthpost To CMS Request Are Working Successfully Or Not" status="PASSED">
         <system-out><![CDATA[2018-06-10 19:15:08 - [TEST_CASE][PASSED] - Test Cases/HEALTHPOST TEST CASES/TC_HP_017 Verify Schedule 5 Healthpost To CMS Request Are Working Successfully Or Not: Test Cases/HEALTHPOST TEST CASES/TC_HP_017 Verify Schedule 5 Healthpost To CMS Request Are Working Successfully Or Not

2018-06-10 19:15:08 - [TEST_STEP][PASSED] - openBrowser: Browser is opened with url: ''

2018-06-10 19:15:08 - [MESSAGE][WARNING] - A browser is already opened. Closing browser and opening a new one

2018-06-10 19:15:11 - [MESSAGE][PASSED] - Browser is opened with url: ''

2018-06-10 19:15:11 - [TEST_STEP][PASSED] - navigateToUrl: Navigate to 'http://192.168.137.1/multihospital_new/HDSplashscreen.aspx' successfully

2018-06-10 19:15:13 - [MESSAGE][PASSED] - Navigate to 'http://192.168.137.1/multihospital_new/HDSplashscreen.aspx' successfully

2018-06-10 19:15:13 - [TEST_STEP][PASSED] - maximizeWindow: Current window maximized

2018-06-10 19:15:14 - [MESSAGE][PASSED] - Current window maximized

2018-06-10 19:15:14 - [TEST_STEP][PASSED] - click: Object: 'Object Repository/HealthpostToCms/Page_KDMC/a_Healthpost Store' is clicked on

2018-06-10 19:15:15 - [MESSAGE][PASSED] - Object: 'Object Repository/HealthpostToCms/Page_KDMC/a_Healthpost Store' is clicked on

2018-06-10 19:15:15 - [TEST_STEP][PASSED] - setText: Text 'raguram' is set on object 'Object Repository/HealthpostToCms/Page_HealthPost Store Login/input_txtusername'

2018-06-10 19:15:15 - [MESSAGE][PASSED] - Text 'raguram' is set on object 'Object Repository/HealthpostToCms/Page_HealthPost Store Login/input_txtusername'

2018-06-10 19:15:15 - [TEST_STEP][PASSED] - setText: Text '123' is set on object 'Object Repository/HealthpostToCms/Page_HealthPost Store Login/input_txtpassword'

2018-06-10 19:15:15 - [MESSAGE][PASSED] - Text '123' is set on object 'Object Repository/HealthpostToCms/Page_HealthPost Store Login/input_txtpassword'

2018-06-10 19:15:15 - [TEST_STEP][PASSED] - delay: Delayed 3 second(s)

2018-06-10 19:15:18 - [MESSAGE][PASSED] - Delayed 3 second(s)

2018-06-10 19:15:18 - [TEST_STEP][PASSED] - click: Object: 'Object Repository/HealthpostToCms/Page_HealthPost Store Login/button_Sign in' is clicked on

2018-06-10 19:15:19 - [MESSAGE][PASSED] - Object: 'Object Repository/HealthpostToCms/Page_HealthPost Store Login/button_Sign in' is clicked on

2018-06-10 19:15:19 - [TEST_STEP][PASSED] - delay: Delayed 3 second(s)

2018-06-10 19:15:22 - [MESSAGE][PASSED] - Delayed 3 second(s)

2018-06-10 19:15:22 - [TEST_STEP][PASSED] - click: Object: 'Object Repository/HealthpostToCms/Page_HealthPost Store/a_CMS' is clicked on

2018-06-10 19:15:22 - [MESSAGE][PASSED] - Object: 'Object Repository/HealthpostToCms/Page_HealthPost Store/a_CMS' is clicked on

2018-06-10 19:15:22 - [TEST_STEP][PASSED] - click: Object: 'Object Repository/HealthpostToCms/Page_HealthPost Store/a_Request Send' is clicked on

2018-06-10 19:15:22 - [MESSAGE][PASSED] - Object: 'Object Repository/HealthpostToCms/Page_HealthPost Store/a_Request Send' is clicked on

2018-06-10 19:15:22 - [TEST_STEP][PASSED] - delay: Delayed 2 second(s)

2018-06-10 19:15:24 - [MESSAGE][PASSED] - Delayed 2 second(s)

2018-06-10 19:15:24 - [TEST_STEP][PASSED] - selectOptionByIndex: All options with index in [2] are selected on object 'Object Repository/HealthpostToCms/Page_HealthPost Store/select_--Select--'

2018-06-10 19:15:25 - [MESSAGE][PASSED] - All options with index in [2] are selected on object 'Object Repository/HealthpostToCms/Page_HealthPost Store/select_--Select--'

2018-06-10 19:15:25 - [TEST_STEP][PASSED] - selectOptionByIndex: All options with index in [5] are selected on object 'Object Repository/HealthpostToCms/Page_HealthPost Store/select_--Select--Schedule 1Inj'

2018-06-10 19:15:25 - [MESSAGE][PASSED] - All options with index in [5] are selected on object 'Object Repository/HealthpostToCms/Page_HealthPost Store/select_--Select--Schedule 1Inj'

2018-06-10 19:15:25 - [TEST_STEP][PASSED] - Statement - medicineslength = com.kms.katalon.core.webui.keyword.WebUiBuiltInKeywords.getNumberOfTotalOption(com.kms.katalon.core.testobject.ObjectRepository.findTestObject(HealthpostToCms/Page_HealthPost Store/select_--Select--Adernaline 0.)): 17 options of object 'Object Repository/HealthpostToCms/Page_HealthPost Store/select_--Select--Adernaline 0.' counted

2018-06-10 19:15:25 - [MESSAGE][PASSED] - 17 options of object 'Object Repository/HealthpostToCms/Page_HealthPost Store/select_--Select--Adernaline 0.' counted

2018-06-10 19:15:25 - [TEST_STEP][PASSED] - Statement - For ([e = 1, e <= medicineslength - 1, (e++)]): Object: 'Object Repository/HealthpostToCms/Page_HealthPost Store/button_Add' is clicked on

2018-06-10 19:15:25 - [TEST_STEP][PASSED] - selectOptionByIndex: All options with index in [5] are selected on object 'Object Repository/HealthpostToCms/Page_HealthPost Store/select_--Select--Schedule 1Inj'

2018-06-10 19:15:25 - [MESSAGE][PASSED] - All options with index in [5] are selected on object 'Object Repository/HealthpostToCms/Page_HealthPost Store/select_--Select--Schedule 1Inj'

2018-06-10 19:15:25 - [TEST_STEP][PASSED] - selectOptionByIndex: All options with index in [1] are selected on object 'Object Repository/HealthpostToCms/Page_HealthPost Store/select_--Select--Adernaline 0.'

2018-06-10 19:15:25 - [MESSAGE][PASSED] - All options with index in [1] are selected on object 'Object Repository/HealthpostToCms/Page_HealthPost Store/select_--Select--Adernaline 0.'

2018-06-10 19:15:25 - [TEST_STEP][PASSED] - setText: Text '100' is set on object 'Object Repository/HealthpostToCms/Page_HealthPost Store/input_txttreat'

2018-06-10 19:15:25 - [MESSAGE][PASSED] - Text '100' is set on object 'Object Repository/HealthpostToCms/Page_HealthPost Store/input_txttreat'

2018-06-10 19:15:25 - [TEST_STEP][PASSED] - click: Object: 'Object Repository/HealthpostToCms/Page_HealthPost Store/button_Add' is clicked on

2018-06-10 19:15:25 - [MESSAGE][PASSED] - Object: 'Object Repository/HealthpostToCms/Page_HealthPost Store/button_Add' is clicked on

2018-06-10 19:15:25 - [TEST_STEP][PASSED] - selectOptionByIndex: All options with index in [5] are selected on object 'Object Repository/HealthpostToCms/Page_HealthPost Store/select_--Select--Schedule 1Inj'

2018-06-10 19:15:25 - [MESSAGE][PASSED] - All options with index in [5] are selected on object 'Object Repository/HealthpostToCms/Page_HealthPost Store/select_--Select--Schedule 1Inj'

2018-06-10 19:15:25 - [TEST_STEP][PASSED] - selectOptionByIndex: All options with index in [2] are selected on object 'Object Repository/HealthpostToCms/Page_HealthPost Store/select_--Select--Adernaline 0.'

2018-06-10 19:15:26 - [MESSAGE][PASSED] - All options with index in [2] are selected on object 'Object Repository/HealthpostToCms/Page_HealthPost Store/select_--Select--Adernaline 0.'

2018-06-10 19:15:26 - [TEST_STEP][PASSED] - setText: Text '100' is set on object 'Object Repository/HealthpostToCms/Page_HealthPost Store/input_txttreat'

2018-06-10 19:15:26 - [MESSAGE][PASSED] - Text '100' is set on object 'Object Repository/HealthpostToCms/Page_HealthPost Store/input_txttreat'

2018-06-10 19:15:26 - [TEST_STEP][PASSED] - click: Object: 'Object Repository/HealthpostToCms/Page_HealthPost Store/button_Add' is clicked on

2018-06-10 19:15:26 - [MESSAGE][PASSED] - Object: 'Object Repository/HealthpostToCms/Page_HealthPost Store/button_Add' is clicked on

2018-06-10 19:15:26 - [TEST_STEP][PASSED] - selectOptionByIndex: All options with index in [5] are selected on object 'Object Repository/HealthpostToCms/Page_HealthPost Store/select_--Select--Schedule 1Inj'

2018-06-10 19:15:26 - [MESSAGE][PASSED] - All options with index in [5] are selected on object 'Object Repository/HealthpostToCms/Page_HealthPost Store/select_--Select--Schedule 1Inj'

2018-06-10 19:15:26 - [TEST_STEP][PASSED] - selectOptionByIndex: All options with index in [3] are selected on object 'Object Repository/HealthpostToCms/Page_HealthPost Store/select_--Select--Adernaline 0.'

2018-06-10 19:15:26 - [MESSAGE][PASSED] - All options with index in [3] are selected on object 'Object Repository/HealthpostToCms/Page_HealthPost Store/select_--Select--Adernaline 0.'

2018-06-10 19:15:26 - [TEST_STEP][PASSED] - setText: Text '100' is set on object 'Object Repository/HealthpostToCms/Page_HealthPost Store/input_txttreat'

2018-06-10 19:15:26 - [MESSAGE][PASSED] - Text '100' is set on object 'Object Repository/HealthpostToCms/Page_HealthPost Store/input_txttreat'

2018-06-10 19:15:26 - [TEST_STEP][PASSED] - click: Object: 'Object Repository/HealthpostToCms/Page_HealthPost Store/button_Add' is clicked on

2018-06-10 19:15:26 - [MESSAGE][PASSED] - Object: 'Object Repository/HealthpostToCms/Page_HealthPost Store/button_Add' is clicked on

2018-06-10 19:15:26 - [TEST_STEP][PASSED] - selectOptionByIndex: All options with index in [5] are selected on object 'Object Repository/HealthpostToCms/Page_HealthPost Store/select_--Select--Schedule 1Inj'

2018-06-10 19:15:26 - [MESSAGE][PASSED] - All options with index in [5] are selected on object 'Object Repository/HealthpostToCms/Page_HealthPost Store/select_--Select--Schedule 1Inj'

2018-06-10 19:15:26 - [TEST_STEP][PASSED] - selectOptionByIndex: All options with index in [4] are selected on object 'Object Repository/HealthpostToCms/Page_HealthPost Store/select_--Select--Adernaline 0.'

2018-06-10 19:15:27 - [MESSAGE][PASSED] - All options with index in [4] are selected on object 'Object Repository/HealthpostToCms/Page_HealthPost Store/select_--Select--Adernaline 0.'

2018-06-10 19:15:27 - [TEST_STEP][PASSED] - setText: Text '100' is set on object 'Object Repository/HealthpostToCms/Page_HealthPost Store/input_txttreat'

2018-06-10 19:15:27 - [MESSAGE][PASSED] - Text '100' is set on object 'Object Repository/HealthpostToCms/Page_HealthPost Store/input_txttreat'

2018-06-10 19:15:27 - [TEST_STEP][PASSED] - click: Object: 'Object Repository/HealthpostToCms/Page_HealthPost Store/button_Add' is clicked on

2018-06-10 19:15:27 - [MESSAGE][PASSED] - Object: 'Object Repository/HealthpostToCms/Page_HealthPost Store/button_Add' is clicked on

2018-06-10 19:15:27 - [TEST_STEP][PASSED] - selectOptionByIndex: All options with index in [5] are selected on object 'Object Repository/HealthpostToCms/Page_HealthPost Store/select_--Select--Schedule 1Inj'

2018-06-10 19:15:27 - [MESSAGE][PASSED] - All options with index in [5] are selected on object 'Object Repository/HealthpostToCms/Page_HealthPost Store/select_--Select--Schedule 1Inj'

2018-06-10 19:15:27 - [TEST_STEP][PASSED] - selectOptionByIndex: All options with index in [5] are selected on object 'Object Repository/HealthpostToCms/Page_HealthPost Store/select_--Select--Adernaline 0.'

2018-06-10 19:15:27 - [MESSAGE][PASSED] - All options with index in [5] are selected on object 'Object Repository/HealthpostToCms/Page_HealthPost Store/select_--Select--Adernaline 0.'

2018-06-10 19:15:27 - [TEST_STEP][PASSED] - setText: Text '100' is set on object 'Object Repository/HealthpostToCms/Page_HealthPost Store/input_txttreat'

2018-06-10 19:15:27 - [MESSAGE][PASSED] - Text '100' is set on object 'Object Repository/HealthpostToCms/Page_HealthPost Store/input_txttreat'

2018-06-10 19:15:27 - [TEST_STEP][PASSED] - click: Object: 'Object Repository/HealthpostToCms/Page_HealthPost Store/button_Add' is clicked on

2018-06-10 19:15:27 - [MESSAGE][PASSED] - Object: 'Object Repository/HealthpostToCms/Page_HealthPost Store/button_Add' is clicked on

2018-06-10 19:15:27 - [TEST_STEP][PASSED] - selectOptionByIndex: All options with index in [5] are selected on object 'Object Repository/HealthpostToCms/Page_HealthPost Store/select_--Select--Schedule 1Inj'

2018-06-10 19:15:27 - [MESSAGE][PASSED] - All options with index in [5] are selected on object 'Object Repository/HealthpostToCms/Page_HealthPost Store/select_--Select--Schedule 1Inj'

2018-06-10 19:15:27 - [TEST_STEP][PASSED] - selectOptionByIndex: All options with index in [6] are selected on object 'Object Repository/HealthpostToCms/Page_HealthPost Store/select_--Select--Adernaline 0.'

2018-06-10 19:15:28 - [MESSAGE][PASSED] - All options with index in [6] are selected on object 'Object Repository/HealthpostToCms/Page_HealthPost Store/select_--Select--Adernaline 0.'

2018-06-10 19:15:28 - [TEST_STEP][PASSED] - setText: Text '100' is set on object 'Object Repository/HealthpostToCms/Page_HealthPost Store/input_txttreat'

2018-06-10 19:15:28 - [MESSAGE][PASSED] - Text '100' is set on object 'Object Repository/HealthpostToCms/Page_HealthPost Store/input_txttreat'

2018-06-10 19:15:28 - [TEST_STEP][PASSED] - click: Object: 'Object Repository/HealthpostToCms/Page_HealthPost Store/button_Add' is clicked on

2018-06-10 19:15:28 - [MESSAGE][PASSED] - Object: 'Object Repository/HealthpostToCms/Page_HealthPost Store/button_Add' is clicked on

2018-06-10 19:15:28 - [TEST_STEP][PASSED] - selectOptionByIndex: All options with index in [5] are selected on object 'Object Repository/HealthpostToCms/Page_HealthPost Store/select_--Select--Schedule 1Inj'

2018-06-10 19:15:28 - [MESSAGE][PASSED] - All options with index in [5] are selected on object 'Object Repository/HealthpostToCms/Page_HealthPost Store/select_--Select--Schedule 1Inj'

2018-06-10 19:15:28 - [TEST_STEP][PASSED] - selectOptionByIndex: All options with index in [7] are selected on object 'Object Repository/HealthpostToCms/Page_HealthPost Store/select_--Select--Adernaline 0.'

2018-06-10 19:15:28 - [MESSAGE][PASSED] - All options with index in [7] are selected on object 'Object Repository/HealthpostToCms/Page_HealthPost Store/select_--Select--Adernaline 0.'

2018-06-10 19:15:28 - [TEST_STEP][PASSED] - setText: Text '100' is set on object 'Object Repository/HealthpostToCms/Page_HealthPost Store/input_txttreat'

2018-06-10 19:15:28 - [MESSAGE][PASSED] - Text '100' is set on object 'Object Repository/HealthpostToCms/Page_HealthPost Store/input_txttreat'

2018-06-10 19:15:28 - [TEST_STEP][PASSED] - click: Object: 'Object Repository/HealthpostToCms/Page_HealthPost Store/button_Add' is clicked on

2018-06-10 19:15:28 - [MESSAGE][PASSED] - Object: 'Object Repository/HealthpostToCms/Page_HealthPost Store/button_Add' is clicked on

2018-06-10 19:15:28 - [TEST_STEP][PASSED] - selectOptionByIndex: All options with index in [5] are selected on object 'Object Repository/HealthpostToCms/Page_HealthPost Store/select_--Select--Schedule 1Inj'

2018-06-10 19:15:28 - [MESSAGE][PASSED] - All options with index in [5] are selected on object 'Object Repository/HealthpostToCms/Page_HealthPost Store/select_--Select--Schedule 1Inj'

2018-06-10 19:15:28 - [TEST_STEP][PASSED] - selectOptionByIndex: All options with index in [8] are selected on object 'Object Repository/HealthpostToCms/Page_HealthPost Store/select_--Select--Adernaline 0.'

2018-06-10 19:15:29 - [MESSAGE][PASSED] - All options with index in [8] are selected on object 'Object Repository/HealthpostToCms/Page_HealthPost Store/select_--Select--Adernaline 0.'

2018-06-10 19:15:29 - [TEST_STEP][PASSED] - setText: Text '100' is set on object 'Object Repository/HealthpostToCms/Page_HealthPost Store/input_txttreat'

2018-06-10 19:15:29 - [MESSAGE][PASSED] - Text '100' is set on object 'Object Repository/HealthpostToCms/Page_HealthPost Store/input_txttreat'

2018-06-10 19:15:29 - [TEST_STEP][PASSED] - click: Object: 'Object Repository/HealthpostToCms/Page_HealthPost Store/button_Add' is clicked on

2018-06-10 19:15:29 - [MESSAGE][PASSED] - Object: 'Object Repository/HealthpostToCms/Page_HealthPost Store/button_Add' is clicked on

2018-06-10 19:15:29 - [TEST_STEP][PASSED] - selectOptionByIndex: All options with index in [5] are selected on object 'Object Repository/HealthpostToCms/Page_HealthPost Store/select_--Select--Schedule 1Inj'

2018-06-10 19:15:29 - [MESSAGE][PASSED] - All options with index in [5] are selected on object 'Object Repository/HealthpostToCms/Page_HealthPost Store/select_--Select--Schedule 1Inj'

2018-06-10 19:15:29 - [TEST_STEP][PASSED] - selectOptionByIndex: All options with index in [9] are selected on object 'Object Repository/HealthpostToCms/Page_HealthPost Store/select_--Select--Adernaline 0.'

2018-06-10 19:15:29 - [MESSAGE][PASSED] - All options with index in [9] are selected on object 'Object Repository/HealthpostToCms/Page_HealthPost Store/select_--Select--Adernaline 0.'

2018-06-10 19:15:29 - [TEST_STEP][PASSED] - setText: Text '100' is set on object 'Object Repository/HealthpostToCms/Page_HealthPost Store/input_txttreat'

2018-06-10 19:15:29 - [MESSAGE][PASSED] - Text '100' is set on object 'Object Repository/HealthpostToCms/Page_HealthPost Store/input_txttreat'

2018-06-10 19:15:29 - [TEST_STEP][PASSED] - click: Object: 'Object Repository/HealthpostToCms/Page_HealthPost Store/button_Add' is clicked on

2018-06-10 19:15:29 - [MESSAGE][PASSED] - Object: 'Object Repository/HealthpostToCms/Page_HealthPost Store/button_Add' is clicked on

2018-06-10 19:15:29 - [TEST_STEP][PASSED] - selectOptionByIndex: All options with index in [5] are selected on object 'Object Repository/HealthpostToCms/Page_HealthPost Store/select_--Select--Schedule 1Inj'

2018-06-10 19:15:29 - [MESSAGE][PASSED] - All options with index in [5] are selected on object 'Object Repository/HealthpostToCms/Page_HealthPost Store/select_--Select--Schedule 1Inj'

2018-06-10 19:15:29 - [TEST_STEP][PASSED] - selectOptionByIndex: All options with index in [10] are selected on object 'Object Repository/HealthpostToCms/Page_HealthPost Store/select_--Select--Adernaline 0.'

2018-06-10 19:15:30 - [MESSAGE][PASSED] - All options with index in [10] are selected on object 'Object Repository/HealthpostToCms/Page_HealthPost Store/select_--Select--Adernaline 0.'

2018-06-10 19:15:30 - [TEST_STEP][PASSED] - setText: Text '100' is set on object 'Object Repository/HealthpostToCms/Page_HealthPost Store/input_txttreat'

2018-06-10 19:15:30 - [MESSAGE][PASSED] - Text '100' is set on object 'Object Repository/HealthpostToCms/Page_HealthPost Store/input_txttreat'

2018-06-10 19:15:30 - [TEST_STEP][PASSED] - click: Object: 'Object Repository/HealthpostToCms/Page_HealthPost Store/button_Add' is clicked on

2018-06-10 19:15:30 - [MESSAGE][PASSED] - Object: 'Object Repository/HealthpostToCms/Page_HealthPost Store/button_Add' is clicked on

2018-06-10 19:15:30 - [TEST_STEP][PASSED] - selectOptionByIndex: All options with index in [5] are selected on object 'Object Repository/HealthpostToCms/Page_HealthPost Store/select_--Select--Schedule 1Inj'

2018-06-10 19:15:30 - [MESSAGE][PASSED] - All options with index in [5] are selected on object 'Object Repository/HealthpostToCms/Page_HealthPost Store/select_--Select--Schedule 1Inj'

2018-06-10 19:15:30 - [TEST_STEP][PASSED] - selectOptionByIndex: All options with index in [11] are selected on object 'Object Repository/HealthpostToCms/Page_HealthPost Store/select_--Select--Adernaline 0.'

2018-06-10 19:15:30 - [MESSAGE][PASSED] - All options with index in [11] are selected on object 'Object Repository/HealthpostToCms/Page_HealthPost Store/select_--Select--Adernaline 0.'

2018-06-10 19:15:30 - [TEST_STEP][PASSED] - setText: Text '100' is set on object 'Object Repository/HealthpostToCms/Page_HealthPost Store/input_txttreat'

2018-06-10 19:15:30 - [MESSAGE][PASSED] - Text '100' is set on object 'Object Repository/HealthpostToCms/Page_HealthPost Store/input_txttreat'

2018-06-10 19:15:30 - [TEST_STEP][PASSED] - click: Object: 'Object Repository/HealthpostToCms/Page_HealthPost Store/button_Add' is clicked on

2018-06-10 19:15:30 - [MESSAGE][PASSED] - Object: 'Object Repository/HealthpostToCms/Page_HealthPost Store/button_Add' is clicked on

2018-06-10 19:15:30 - [TEST_STEP][PASSED] - selectOptionByIndex: All options with index in [5] are selected on object 'Object Repository/HealthpostToCms/Page_HealthPost Store/select_--Select--Schedule 1Inj'

2018-06-10 19:15:31 - [MESSAGE][PASSED] - All options with index in [5] are selected on object 'Object Repository/HealthpostToCms/Page_HealthPost Store/select_--Select--Schedule 1Inj'

2018-06-10 19:15:31 - [TEST_STEP][PASSED] - selectOptionByIndex: All options with index in [12] are selected on object 'Object Repository/HealthpostToCms/Page_HealthPost Store/select_--Select--Adernaline 0.'

2018-06-10 19:15:31 - [MESSAGE][PASSED] - All options with index in [12] are selected on object 'Object Repository/HealthpostToCms/Page_HealthPost Store/select_--Select--Adernaline 0.'

2018-06-10 19:15:31 - [TEST_STEP][PASSED] - setText: Text '100' is set on object 'Object Repository/HealthpostToCms/Page_HealthPost Store/input_txttreat'

2018-06-10 19:15:31 - [MESSAGE][PASSED] - Text '100' is set on object 'Object Repository/HealthpostToCms/Page_HealthPost Store/input_txttreat'

2018-06-10 19:15:31 - [TEST_STEP][PASSED] - click: Object: 'Object Repository/HealthpostToCms/Page_HealthPost Store/button_Add' is clicked on

2018-06-10 19:15:31 - [MESSAGE][PASSED] - Object: 'Object Repository/HealthpostToCms/Page_HealthPost Store/button_Add' is clicked on

2018-06-10 19:15:31 - [TEST_STEP][PASSED] - selectOptionByIndex: All options with index in [5] are selected on object 'Object Repository/HealthpostToCms/Page_HealthPost Store/select_--Select--Schedule 1Inj'

2018-06-10 19:15:31 - [MESSAGE][PASSED] - All options with index in [5] are selected on object 'Object Repository/HealthpostToCms/Page_HealthPost Store/select_--Select--Schedule 1Inj'

2018-06-10 19:15:31 - [TEST_STEP][PASSED] - selectOptionByIndex: All options with index in [13] are selected on object 'Object Repository/HealthpostToCms/Page_HealthPost Store/select_--Select--Adernaline 0.'

2018-06-10 19:15:31 - [MESSAGE][PASSED] - All options with index in [13] are selected on object 'Object Repository/HealthpostToCms/Page_HealthPost Store/select_--Select--Adernaline 0.'

2018-06-10 19:15:31 - [TEST_STEP][PASSED] - setText: Text '100' is set on object 'Object Repository/HealthpostToCms/Page_HealthPost Store/input_txttreat'

2018-06-10 19:15:31 - [MESSAGE][PASSED] - Text '100' is set on object 'Object Repository/HealthpostToCms/Page_HealthPost Store/input_txttreat'

2018-06-10 19:15:31 - [TEST_STEP][PASSED] - click: Object: 'Object Repository/HealthpostToCms/Page_HealthPost Store/button_Add' is clicked on

2018-06-10 19:15:32 - [MESSAGE][PASSED] - Object: 'Object Repository/HealthpostToCms/Page_HealthPost Store/button_Add' is clicked on

2018-06-10 19:15:32 - [TEST_STEP][PASSED] - selectOptionByIndex: All options with index in [5] are selected on object 'Object Repository/HealthpostToCms/Page_HealthPost Store/select_--Select--Schedule 1Inj'

2018-06-10 19:15:32 - [MESSAGE][PASSED] - All options with index in [5] are selected on object 'Object Repository/HealthpostToCms/Page_HealthPost Store/select_--Select--Schedule 1Inj'

2018-06-10 19:15:32 - [TEST_STEP][PASSED] - selectOptionByIndex: All options with index in [14] are selected on object 'Object Repository/HealthpostToCms/Page_HealthPost Store/select_--Select--Adernaline 0.'

2018-06-10 19:15:32 - [MESSAGE][PASSED] - All options with index in [14] are selected on object 'Object Repository/HealthpostToCms/Page_HealthPost Store/select_--Select--Adernaline 0.'

2018-06-10 19:15:32 - [TEST_STEP][PASSED] - setText: Text '100' is set on object 'Object Repository/HealthpostToCms/Page_HealthPost Store/input_txttreat'

2018-06-10 19:15:32 - [MESSAGE][PASSED] - Text '100' is set on object 'Object Repository/HealthpostToCms/Page_HealthPost Store/input_txttreat'

2018-06-10 19:15:32 - [TEST_STEP][PASSED] - click: Object: 'Object Repository/HealthpostToCms/Page_HealthPost Store/button_Add' is clicked on

2018-06-10 19:15:32 - [MESSAGE][PASSED] - Object: 'Object Repository/HealthpostToCms/Page_HealthPost Store/button_Add' is clicked on

2018-06-10 19:15:32 - [TEST_STEP][PASSED] - selectOptionByIndex: All options with index in [5] are selected on object 'Object Repository/HealthpostToCms/Page_HealthPost Store/select_--Select--Schedule 1Inj'

2018-06-10 19:15:32 - [MESSAGE][PASSED] - All options with index in [5] are selected on object 'Object Repository/HealthpostToCms/Page_HealthPost Store/select_--Select--Schedule 1Inj'

2018-06-10 19:15:32 - [TEST_STEP][PASSED] - selectOptionByIndex: All options with index in [15] are selected on object 'Object Repository/HealthpostToCms/Page_HealthPost Store/select_--Select--Adernaline 0.'

2018-06-10 19:15:33 - [MESSAGE][PASSED] - All options with index in [15] are selected on object 'Object Repository/HealthpostToCms/Page_HealthPost Store/select_--Select--Adernaline 0.'

2018-06-10 19:15:33 - [TEST_STEP][PASSED] - setText: Text '100' is set on object 'Object Repository/HealthpostToCms/Page_HealthPost Store/input_txttreat'

2018-06-10 19:15:33 - [MESSAGE][PASSED] - Text '100' is set on object 'Object Repository/HealthpostToCms/Page_HealthPost Store/input_txttreat'

2018-06-10 19:15:33 - [TEST_STEP][PASSED] - click: Object: 'Object Repository/HealthpostToCms/Page_HealthPost Store/button_Add' is clicked on

2018-06-10 19:15:33 - [MESSAGE][PASSED] - Object: 'Object Repository/HealthpostToCms/Page_HealthPost Store/button_Add' is clicked on

2018-06-10 19:15:33 - [TEST_STEP][PASSED] - selectOptionByIndex: All options with index in [5] are selected on object 'Object Repository/HealthpostToCms/Page_HealthPost Store/select_--Select--Schedule 1Inj'

2018-06-10 19:15:33 - [MESSAGE][PASSED] - All options with index in [5] are selected on object 'Object Repository/HealthpostToCms/Page_HealthPost Store/select_--Select--Schedule 1Inj'

2018-06-10 19:15:33 - [TEST_STEP][PASSED] - selectOptionByIndex: All options with index in [16] are selected on object 'Object Repository/HealthpostToCms/Page_HealthPost Store/select_--Select--Adernaline 0.'

2018-06-10 19:15:33 - [MESSAGE][PASSED] - All options with index in [16] are selected on object 'Object Repository/HealthpostToCms/Page_HealthPost Store/select_--Select--Adernaline 0.'

2018-06-10 19:15:33 - [TEST_STEP][PASSED] - setText: Text '100' is set on object 'Object Repository/HealthpostToCms/Page_HealthPost Store/input_txttreat'

2018-06-10 19:15:33 - [MESSAGE][PASSED] - Text '100' is set on object 'Object Repository/HealthpostToCms/Page_HealthPost Store/input_txttreat'

2018-06-10 19:15:33 - [TEST_STEP][PASSED] - click: Object: 'Object Repository/HealthpostToCms/Page_HealthPost Store/button_Add' is clicked on

2018-06-10 19:15:33 - [MESSAGE][PASSED] - Object: 'Object Repository/HealthpostToCms/Page_HealthPost Store/button_Add' is clicked on

2018-06-10 19:15:33 - [TEST_STEP][PASSED] - scrollToElement: Scroll to object 'Object Repository/HealthpostToCms/Page_HealthPost Store/input_btnsave' successfully

2018-06-10 19:15:33 - [MESSAGE][PASSED] - Scroll to object 'Object Repository/HealthpostToCms/Page_HealthPost Store/input_btnsave' successfully

2018-06-10 19:15:33 - [TEST_STEP][PASSED] - click: Object: 'Object Repository/HealthpostToCms/Page_HealthPost Store/input_btnsave' is clicked on

2018-06-10 19:15:33 - [MESSAGE][PASSED] - Object: 'Object Repository/HealthpostToCms/Page_HealthPost Store/input_btnsave' is clicked on

2018-06-10 19:15:33 - [TEST_STEP][PASSED] - delay: Delayed 3 second(s)

2018-06-10 19:15:36 - [MESSAGE][PASSED] - Delayed 3 second(s)

2018-06-10 19:15:36 - [TEST_STEP][PASSED] - Statement - RN1 = com.kms.katalon.core.webui.keyword.WebUiBuiltInKeywords.getText(com.kms.katalon.core.testobject.ObjectRepository.findTestObject(HealthpostToCms/Page_HealthPost Store/font_PRNO18052018174)): Text of object 'Object Repository/HealthpostToCms/Page_HealthPost Store/font_PRNO18052018174' is: 'PRNO/10062018/810'

2018-06-10 19:15:37 - [MESSAGE][PASSED] - Text of object 'Object Repository/HealthpostToCms/Page_HealthPost Store/font_PRNO18052018174' is: 'PRNO/10062018/810'

2018-06-10 19:15:37 - [TEST_STEP][PASSED] - Statement - out.println(RN1): null

2018-06-10 19:15:37 - [TEST_STEP][PASSED] - Statement - RID = RN1.split("/")[2]: null

2018-06-10 19:15:37 - [TEST_STEP][PASSED] - click: Object: 'Object Repository/HealthpostToCms/Page_HealthPost Store/button_OK' is clicked on

2018-06-10 19:15:37 - [MESSAGE][PASSED] - Object: 'Object Repository/HealthpostToCms/Page_HealthPost Store/button_OK' is clicked on

2018-06-10 19:15:37 - [TEST_STEP][PASSED] - delay: Delayed 3 second(s)

2018-06-10 19:15:40 - [MESSAGE][PASSED] - Delayed 3 second(s)

2018-06-10 19:15:40 - [TEST_STEP][PASSED] - click: Object: 'Object Repository/HealthpostToCms/Page_HealthPost Store/a_dropdown-toggle' is clicked on

2018-06-10 19:15:40 - [MESSAGE][PASSED] - Object: 'Object Repository/HealthpostToCms/Page_HealthPost Store/a_dropdown-toggle' is clicked on

2018-06-10 19:15:40 - [TEST_STEP][PASSED] - click: Object: 'Object Repository/HealthpostToCms/Page_HealthPost Store/a_Sign out' is clicked on

2018-06-10 19:15:41 - [MESSAGE][PASSED] - Object: 'Object Repository/HealthpostToCms/Page_HealthPost Store/a_Sign out' is clicked on

2018-06-10 19:15:41 - [TEST_STEP][PASSED] - delay: Delayed 3 second(s)

2018-06-10 19:15:44 - [MESSAGE][PASSED] - Delayed 3 second(s)

2018-06-10 19:15:44 - [TEST_STEP][PASSED] - navigateToUrl: Navigate to 'http://192.168.137.1/multihospital_new/' successfully

2018-06-10 19:15:44 - [MESSAGE][PASSED] - Navigate to 'http://192.168.137.1/multihospital_new/' successfully

2018-06-10 19:15:44 - [TEST_STEP][PASSED] - click: Object: 'Object Repository/HealthpostToCms/Page_KDMC/a_CMO' is clicked on

2018-06-10 19:15:45 - [MESSAGE][PASSED] - Object: 'Object Repository/HealthpostToCms/Page_KDMC/a_CMO' is clicked on

2018-06-10 19:15:45 - [TEST_STEP][PASSED] - setText: Text 'guru' is set on object 'Object Repository/HealthpostToCms/Page_CMO login/input_txtusername'

2018-06-10 19:15:45 - [MESSAGE][PASSED] - Text 'guru' is set on object 'Object Repository/HealthpostToCms/Page_CMO login/input_txtusername'

2018-06-10 19:15:45 - [TEST_STEP][PASSED] - setText: Text '123' is set on object 'Object Repository/HealthpostToCms/Page_CMO login/input_txtpassword'

2018-06-10 19:15:45 - [MESSAGE][PASSED] - Text '123' is set on object 'Object Repository/HealthpostToCms/Page_CMO login/input_txtpassword'

2018-06-10 19:15:45 - [TEST_STEP][PASSED] - delay: Delayed 3 second(s)

2018-06-10 19:15:48 - [MESSAGE][PASSED] - Delayed 3 second(s)

2018-06-10 19:15:48 - [TEST_STEP][PASSED] - click: Object: 'Object Repository/HealthpostToCms/Page_CMO login/button_Sign in' is clicked on

2018-06-10 19:15:49 - [MESSAGE][PASSED] - Object: 'Object Repository/HealthpostToCms/Page_CMO login/button_Sign in' is clicked on

2018-06-10 19:15:49 - [TEST_STEP][PASSED] - delay: Delayed 3 second(s)

2018-06-10 19:15:52 - [MESSAGE][PASSED] - Delayed 3 second(s)

2018-06-10 19:15:52 - [TEST_STEP][PASSED] - click: Object: 'Object Repository/HealthpostToCms/Page_KDMC - CMO/a_CMS Request' is clicked on

2018-06-10 19:15:52 - [MESSAGE][PASSED] - Object: 'Object Repository/HealthpostToCms/Page_KDMC - CMO/a_CMS Request' is clicked on

2018-06-10 19:15:52 - [TEST_STEP][PASSED] - delay: Delayed 2 second(s)

2018-06-10 19:15:54 - [MESSAGE][PASSED] - Delayed 2 second(s)

2018-06-10 19:15:54 - [TEST_STEP][PASSED] - click: Object: 'Object Repository/HealthpostToCms/Page_KDMC - CMO/a_Healthpost Store Request' is clicked on

2018-06-10 19:15:55 - [MESSAGE][PASSED] - Object: 'Object Repository/HealthpostToCms/Page_KDMC - CMO/a_Healthpost Store Request' is clicked on

2018-06-10 19:15:55 - [TEST_STEP][PASSED] - selectOptionByIndex: All options with index in [1] are selected on object 'Object Repository/HealthpostToCms/Page_KDMC - CMO/select_--ALL--'

2018-06-10 19:15:55 - [MESSAGE][PASSED] - All options with index in [1] are selected on object 'Object Repository/HealthpostToCms/Page_KDMC - CMO/select_--ALL--'

2018-06-10 19:15:55 - [TEST_STEP][PASSED] - click: Object: 'Object Repository/HealthpostToCms/Page_KDMC - CMO/input_btnsearch' is clicked on

2018-06-10 19:15:55 - [MESSAGE][PASSED] - Object: 'Object Repository/HealthpostToCms/Page_KDMC - CMO/input_btnsearch' is clicked on

2018-06-10 19:15:55 - [TEST_STEP][PASSED] - Statement - ID = com.kms.katalon.core.webui.keyword.WebUiBuiltInKeywords.modifyObjectProperty(com.kms.katalon.core.testobject.ObjectRepository.findTestObject(lab/Page_KDMC - CMO/input_1), "xpath", "equals", "//*[@id=" + RID + "]", true): Modify property of object successfully

2018-06-10 19:15:55 - [MESSAGE][PASSED] - Modify property of object successfully

2018-06-10 19:15:55 - [TEST_STEP][PASSED] - click: Object: 'Object Repository/lab/Page_KDMC - CMO/input_1' is clicked on

2018-06-10 19:15:56 - [MESSAGE][PASSED] - Object: 'Object Repository/lab/Page_KDMC - CMO/input_1' is clicked on

2018-06-10 19:15:56 - [TEST_STEP][PASSED] - delay: Delayed 2 second(s)

2018-06-10 19:15:58 - [MESSAGE][PASSED] - Delayed 2 second(s)

2018-06-10 19:15:58 - [TEST_STEP][PASSED] - selectOptionByIndex: All options with index in [1] are selected on object 'Object Repository/HealthpostToCms/Page_KDMC - CMO/select_--Select--'

2018-06-10 19:15:58 - [MESSAGE][PASSED] - All options with index in [1] are selected on object 'Object Repository/HealthpostToCms/Page_KDMC - CMO/select_--Select--'

2018-06-10 19:15:58 - [TEST_STEP][PASSED] - click: Object: 'Object Repository/HealthpostToCms/Page_KDMC - CMO/input_btnupdate' is clicked on

2018-06-10 19:15:58 - [MESSAGE][PASSED] - Object: 'Object Repository/HealthpostToCms/Page_KDMC - CMO/input_btnupdate' is clicked on

2018-06-10 19:15:58 - [TEST_STEP][PASSED] - delay: Delayed 2 second(s)

2018-06-10 19:16:00 - [MESSAGE][PASSED] - Delayed 2 second(s)

2018-06-10 19:16:00 - [TEST_STEP][PASSED] - click: Object: 'Object Repository/HealthpostToCms/Page_KDMC - CMO/button_OK' is clicked on

2018-06-10 19:16:01 - [MESSAGE][PASSED] - Object: 'Object Repository/HealthpostToCms/Page_KDMC - CMO/button_OK' is clicked on

2018-06-10 19:16:01 - [TEST_STEP][PASSED] - delay: Delayed 3 second(s)

2018-06-10 19:16:04 - [MESSAGE][PASSED] - Delayed 3 second(s)

2018-06-10 19:16:04 - [TEST_STEP][PASSED] - click: Object: 'Object Repository/HealthpostToCms/Page_KDMC - CMO/a_dropdown-toggle' is clicked on

2018-06-10 19:16:04 - [MESSAGE][PASSED] - Object: 'Object Repository/HealthpostToCms/Page_KDMC - CMO/a_dropdown-toggle' is clicked on

2018-06-10 19:16:04 - [TEST_STEP][PASSED] - click: Object: 'Object Repository/HealthpostToCms/Page_KDMC - CMO/a_Sign out' is clicked on

2018-06-10 19:16:04 - [MESSAGE][PASSED] - Object: 'Object Repository/HealthpostToCms/Page_KDMC - CMO/a_Sign out' is clicked on

2018-06-10 19:16:04 - [TEST_STEP][PASSED] - delay: Delayed 3 second(s)

2018-06-10 19:16:07 - [MESSAGE][PASSED] - Delayed 3 second(s)

2018-06-10 19:16:07 - [TEST_STEP][PASSED] - click: Object: 'Object Repository/HealthpostToCms/Page_KDMC/a_CMS' is clicked on

2018-06-10 19:16:08 - [MESSAGE][PASSED] - Object: 'Object Repository/HealthpostToCms/Page_KDMC/a_CMS' is clicked on

2018-06-10 19:16:08 - [TEST_STEP][PASSED] - setText: Text 'bala' is set on object 'Object Repository/HealthpostToCms/Page_CMS login/input_txtusername'

2018-06-10 19:16:08 - [MESSAGE][PASSED] - Text 'bala' is set on object 'Object Repository/HealthpostToCms/Page_CMS login/input_txtusername'

2018-06-10 19:16:08 - [TEST_STEP][PASSED] - setText: Text '123' is set on object 'Object Repository/HealthpostToCms/Page_CMS login/input_txtpassword'

2018-06-10 19:16:08 - [MESSAGE][PASSED] - Text '123' is set on object 'Object Repository/HealthpostToCms/Page_CMS login/input_txtpassword'

2018-06-10 19:16:08 - [TEST_STEP][PASSED] - delay: Delayed 3 second(s)

2018-06-10 19:16:11 - [MESSAGE][PASSED] - Delayed 3 second(s)

2018-06-10 19:16:11 - [TEST_STEP][PASSED] - click: Object: 'Object Repository/HealthpostToCms/Page_CMS login/button_Sign in' is clicked on

2018-06-10 19:16:12 - [MESSAGE][PASSED] - Object: 'Object Repository/HealthpostToCms/Page_CMS login/button_Sign in' is clicked on

2018-06-10 19:16:12 - [TEST_STEP][PASSED] - delay: Delayed 3 second(s)

2018-06-10 19:16:15 - [MESSAGE][PASSED] - Delayed 3 second(s)

2018-06-10 19:16:15 - [TEST_STEP][PASSED] - click: Object: 'Object Repository/HealthpostToCms/Page_KDMC - CMS/a_Divisional Store' is clicked on

2018-06-10 19:16:15 - [MESSAGE][PASSED] - Object: 'Object Repository/HealthpostToCms/Page_KDMC - CMS/a_Divisional Store' is clicked on

2018-06-10 19:16:15 - [TEST_STEP][PASSED] - delay: Delayed 2 second(s)

2018-06-10 19:16:17 - [MESSAGE][PASSED] - Delayed 2 second(s)

2018-06-10 19:16:17 - [TEST_STEP][PASSED] - click: Object: 'Object Repository/HealthpostToCms/Page_KDMC - CMS/a_Dispatch Items' is clicked on

2018-06-10 19:16:17 - [MESSAGE][PASSED] - Object: 'Object Repository/HealthpostToCms/Page_KDMC - CMS/a_Dispatch Items' is clicked on

2018-06-10 19:16:17 - [TEST_STEP][PASSED] - delay: Delayed 2 second(s)

2018-06-10 19:16:19 - [MESSAGE][PASSED] - Delayed 2 second(s)

2018-06-10 19:16:19 - [TEST_STEP][PASSED] - setText: Text 'PRNO/10062018/810' is set on object 'Object Repository/HealthpostToCms/Page_KDMC - CMS/input'

2018-06-10 19:16:20 - [MESSAGE][PASSED] - Text 'PRNO/10062018/810' is set on object 'Object Repository/HealthpostToCms/Page_KDMC - CMS/input'

2018-06-10 19:16:20 - [TEST_STEP][PASSED] - click: Object: 'Object Repository/HealthpostToCms/Page_KDMC - CMS/input_PRNO18052018174' is clicked on

2018-06-10 19:16:20 - [MESSAGE][PASSED] - Object: 'Object Repository/HealthpostToCms/Page_KDMC - CMS/input_PRNO18052018174' is clicked on

2018-06-10 19:16:20 - [TEST_STEP][PASSED] - delay: Delayed 3 second(s)

2018-06-10 19:16:23 - [MESSAGE][PASSED] - Delayed 3 second(s)

2018-06-10 19:16:23 - [TEST_STEP][PASSED] - Statement - out.println("Length : " + medicineslength): null

2018-06-10 19:16:23 - [TEST_STEP][PASSED] - Statement - For ([row = 0, row < medicineslength - 1, (row++)]): null

2018-06-10 19:16:23 - [TEST_STEP][PASSED] - Statement - batchlength = new com.kms.katalon.core.testobject.TestObject(): null

2018-06-10 19:16:23 - [TEST_STEP][PASSED] - Statement - batchlength = com.kms.katalon.core.webui.keyword.WebUiBuiltInKeywords.modifyObjectProperty(batchlength, "xpath", "equals", "//*[@id = "fldvendor" + row + ""]", true): Modify property of object successfully

2018-06-10 19:16:23 - [MESSAGE][PASSED] - Modify property of object successfully

2018-06-10 19:16:23 - [TEST_STEP][PASSED] - Statement - batchsize = com.kms.katalon.core.webui.keyword.WebUiBuiltInKeywords.getNumberOfTotalOption(batchlength): 12 options of object '' counted

2018-06-10 19:16:23 - [MESSAGE][PASSED] - 12 options of object '' counted

2018-06-10 19:16:23 - [TEST_STEP][PASSED] - Statement - out.println("BatchSize : " + batchsize): null

2018-06-10 19:16:23 - [TEST_STEP][PASSED] - Statement - For ([n = 1, n <= batchsize - 1, (n++)]): null

2018-06-10 19:16:23 - [TEST_STEP][PASSED] - Statement - product = new com.kms.katalon.core.testobject.TestObject(): null

2018-06-10 19:16:23 - [TEST_STEP][PASSED] - Statement - product = com.kms.katalon.core.webui.keyword.WebUiBuiltInKeywords.modifyObjectProperty(product, "xpath", "equals", "//*[@id = "fldvendor" + row + ""]", true): Modify property of object successfully

2018-06-10 19:16:23 - [MESSAGE][PASSED] - Modify property of object successfully

2018-06-10 19:16:23 - [TEST_STEP][PASSED] - selectOptionByIndex: All options with index in [1] are selected on object ''

2018-06-10 19:16:23 - [MESSAGE][PASSED] - All options with index in [1] are selected on object ''

2018-06-10 19:16:23 - [TEST_STEP][PASSED] - Statement - batch = new com.kms.katalon.core.testobject.TestObject(): null

2018-06-10 19:16:23 - [TEST_STEP][PASSED] - Statement - batch = com.kms.katalon.core.webui.keyword.WebUiBuiltInKeywords.modifyObjectProperty(batch, "xpath", "equals", "//*[@id = "txtbthqty" + row + ""]", true): Modify property of object successfully

2018-06-10 19:16:23 - [MESSAGE][PASSED] - Modify property of object successfully

2018-06-10 19:16:23 - [TEST_STEP][PASSED] - Statement - batchqty = com.kms.katalon.core.webui.keyword.WebUiBuiltInKeywords.getAttribute(batch, "value").trim(): Attribute 'value' of object '' is: '2100'

2018-06-10 19:16:23 - [MESSAGE][PASSED] - Attribute 'value' of object '' is: '2100'

2018-06-10 19:16:23 - [TEST_STEP][PASSED] - Statement - Rqty = 100: null

2018-06-10 19:16:23 - [TEST_STEP][PASSED] - delay: Delayed 2 second(s)

2018-06-10 19:16:25 - [MESSAGE][PASSED] - Delayed 2 second(s)

2018-06-10 19:16:25 - [TEST_STEP][PASSED] - Statement - out.println("BatchQty : " + batchqty): null

2018-06-10 19:16:25 - [TEST_STEP][PASSED] - Statement - out.println("RQty : " + Rqty): null

2018-06-10 19:16:25 - [TEST_STEP][PASSED] - Statement - If (java.lang.Integer.valueOf(batchqty) >= java.lang.Integer.valueOf(Rqty)): null

2018-06-10 19:16:25 - [TEST_STEP][PASSED] - Statement - Break: null

2018-06-10 19:16:25 - [TEST_STEP][PASSED] - Statement - batchlength = new com.kms.katalon.core.testobject.TestObject(): null

2018-06-10 19:16:25 - [TEST_STEP][PASSED] - Statement - batchlength = com.kms.katalon.core.webui.keyword.WebUiBuiltInKeywords.modifyObjectProperty(batchlength, "xpath", "equals", "//*[@id = "fldvendor" + row + ""]", true): Modify property of object successfully

2018-06-10 19:16:25 - [MESSAGE][PASSED] - Modify property of object successfully

2018-06-10 19:16:25 - [TEST_STEP][PASSED] - Statement - batchsize = com.kms.katalon.core.webui.keyword.WebUiBuiltInKeywords.getNumberOfTotalOption(batchlength): 12 options of object '' counted

2018-06-10 19:16:25 - [MESSAGE][PASSED] - 12 options of object '' counted

2018-06-10 19:16:25 - [TEST_STEP][PASSED] - Statement - out.println("BatchSize : " + batchsize): null

2018-06-10 19:16:25 - [TEST_STEP][PASSED] - Statement - For ([n = 1, n <= batchsize - 1, (n++)]): null

2018-06-10 19:16:25 - [TEST_STEP][PASSED] - Statement - product = new com.kms.katalon.core.testobject.TestObject(): null

2018-06-10 19:16:25 - [TEST_STEP][PASSED] - Statement - product = com.kms.katalon.core.webui.keyword.WebUiBuiltInKeywords.modifyObjectProperty(product, "xpath", "equals", "//*[@id = "fldvendor" + row + ""]", true): Modify property of object successfully

2018-06-10 19:16:25 - [MESSAGE][PASSED] - Modify property of object successfully

2018-06-10 19:16:25 - [TEST_STEP][PASSED] - selectOptionByIndex: All options with index in [1] are selected on object ''

2018-06-10 19:16:25 - [MESSAGE][PASSED] - All options with index in [1] are selected on object ''

2018-06-10 19:16:25 - [TEST_STEP][PASSED] - Statement - batch = new com.kms.katalon.core.testobject.TestObject(): null

2018-06-10 19:16:25 - [TEST_STEP][PASSED] - Statement - batch = com.kms.katalon.core.webui.keyword.WebUiBuiltInKeywords.modifyObjectProperty(batch, "xpath", "equals", "//*[@id = "txtbthqty" + row + ""]", true): Modify property of object successfully

2018-06-10 19:16:25 - [MESSAGE][PASSED] - Modify property of object successfully

2018-06-10 19:16:25 - [TEST_STEP][PASSED] - Statement - batchqty = com.kms.katalon.core.webui.keyword.WebUiBuiltInKeywords.getAttribute(batch, "value").trim(): Attribute 'value' of object '' is: '33100'

2018-06-10 19:16:25 - [MESSAGE][PASSED] - Attribute 'value' of object '' is: '33100'

2018-06-10 19:16:25 - [TEST_STEP][PASSED] - Statement - Rqty = 100: null

2018-06-10 19:16:25 - [TEST_STEP][PASSED] - delay: Delayed 2 second(s)

2018-06-10 19:16:27 - [MESSAGE][PASSED] - Delayed 2 second(s)

2018-06-10 19:16:27 - [TEST_STEP][PASSED] - Statement - out.println("BatchQty : " + batchqty): null

2018-06-10 19:16:27 - [TEST_STEP][PASSED] - Statement - out.println("RQty : " + Rqty): null

2018-06-10 19:16:27 - [TEST_STEP][PASSED] - Statement - If (java.lang.Integer.valueOf(batchqty) >= java.lang.Integer.valueOf(Rqty)): null

2018-06-10 19:16:27 - [TEST_STEP][PASSED] - Statement - Break: null

2018-06-10 19:16:27 - [TEST_STEP][PASSED] - Statement - batchlength = new com.kms.katalon.core.testobject.TestObject(): null

2018-06-10 19:16:27 - [TEST_STEP][PASSED] - Statement - batchlength = com.kms.katalon.core.webui.keyword.WebUiBuiltInKeywords.modifyObjectProperty(batchlength, "xpath", "equals", "//*[@id = "fldvendor" + row + ""]", true): Modify property of object successfully

2018-06-10 19:16:27 - [MESSAGE][PASSED] - Modify property of object successfully

2018-06-10 19:16:27 - [TEST_STEP][PASSED] - Statement - batchsize = com.kms.katalon.core.webui.keyword.WebUiBuiltInKeywords.getNumberOfTotalOption(batchlength): 11 options of object '' counted

2018-06-10 19:16:27 - [MESSAGE][PASSED] - 11 options of object '' counted

2018-06-10 19:16:27 - [TEST_STEP][PASSED] - Statement - out.println("BatchSize : " + batchsize): null

2018-06-10 19:16:27 - [TEST_STEP][PASSED] - Statement - For ([n = 1, n <= batchsize - 1, (n++)]): null

2018-06-10 19:16:27 - [TEST_STEP][PASSED] - Statement - product = new com.kms.katalon.core.testobject.TestObject(): null

2018-06-10 19:16:27 - [TEST_STEP][PASSED] - Statement - product = com.kms.katalon.core.webui.keyword.WebUiBuiltInKeywords.modifyObjectProperty(product, "xpath", "equals", "//*[@id = "fldvendor" + row + ""]", true): Modify property of object successfully

2018-06-10 19:16:27 - [MESSAGE][PASSED] - Modify property of object successfully

2018-06-10 19:16:27 - [TEST_STEP][PASSED] - selectOptionByIndex: All options with index in [1] are selected on object ''

2018-06-10 19:16:28 - [MESSAGE][PASSED] - All options with index in [1] are selected on object ''

2018-06-10 19:16:28 - [TEST_STEP][PASSED] - Statement - batch = new com.kms.katalon.core.testobject.TestObject(): null

2018-06-10 19:16:28 - [TEST_STEP][PASSED] - Statement - batch = com.kms.katalon.core.webui.keyword.WebUiBuiltInKeywords.modifyObjectProperty(batch, "xpath", "equals", "//*[@id = "txtbthqty" + row + ""]", true): Modify property of object successfully

2018-06-10 19:16:28 - [MESSAGE][PASSED] - Modify property of object successfully

2018-06-10 19:16:28 - [TEST_STEP][PASSED] - Statement - batchqty = com.kms.katalon.core.webui.keyword.WebUiBuiltInKeywords.getAttribute(batch, "value").trim(): Attribute 'value' of object '' is: '2400'

2018-06-10 19:16:28 - [MESSAGE][PASSED] - Attribute 'value' of object '' is: '2400'

2018-06-10 19:16:28 - [TEST_STEP][PASSED] - Statement - Rqty = 100: null

2018-06-10 19:16:28 - [TEST_STEP][PASSED] - delay: Delayed 2 second(s)

2018-06-10 19:16:30 - [MESSAGE][PASSED] - Delayed 2 second(s)

2018-06-10 19:16:30 - [TEST_STEP][PASSED] - Statement - out.println("BatchQty : " + batchqty): null

2018-06-10 19:16:30 - [TEST_STEP][PASSED] - Statement - out.println("RQty : " + Rqty): null

2018-06-10 19:16:30 - [TEST_STEP][PASSED] - Statement - If (java.lang.Integer.valueOf(batchqty) >= java.lang.Integer.valueOf(Rqty)): null

2018-06-10 19:16:30 - [TEST_STEP][PASSED] - Statement - Break: null

2018-06-10 19:16:30 - [TEST_STEP][PASSED] - Statement - batchlength = new com.kms.katalon.core.testobject.TestObject(): null

2018-06-10 19:16:30 - [TEST_STEP][PASSED] - Statement - batchlength = com.kms.katalon.core.webui.keyword.WebUiBuiltInKeywords.modifyObjectProperty(batchlength, "xpath", "equals", "//*[@id = "fldvendor" + row + ""]", true): Modify property of object successfully

2018-06-10 19:16:30 - [MESSAGE][PASSED] - Modify property of object successfully

2018-06-10 19:16:30 - [TEST_STEP][PASSED] - Statement - batchsize = com.kms.katalon.core.webui.keyword.WebUiBuiltInKeywords.getNumberOfTotalOption(batchlength): 11 options of object '' counted

2018-06-10 19:16:30 - [MESSAGE][PASSED] - 11 options of object '' counted

2018-06-10 19:16:30 - [TEST_STEP][PASSED] - Statement - out.println("BatchSize : " + batchsize): null

2018-06-10 19:16:30 - [TEST_STEP][PASSED] - Statement - For ([n = 1, n <= batchsize - 1, (n++)]): null

2018-06-10 19:16:30 - [TEST_STEP][PASSED] - Statement - product = new com.kms.katalon.core.testobject.TestObject(): null

2018-06-10 19:16:30 - [TEST_STEP][PASSED] - Statement - product = com.kms.katalon.core.webui.keyword.WebUiBuiltInKeywords.modifyObjectProperty(product, "xpath", "equals", "//*[@id = "fldvendor" + row + ""]", true): Modify property of object successfully

2018-06-10 19:16:30 - [MESSAGE][PASSED] - Modify property of object successfully

2018-06-10 19:16:30 - [TEST_STEP][PASSED] - selectOptionByIndex: All options with index in [1] are selected on object ''

2018-06-10 19:16:30 - [MESSAGE][PASSED] - All options with index in [1] are selected on object ''

2018-06-10 19:16:30 - [TEST_STEP][PASSED] - Statement - batch = new com.kms.katalon.core.testobject.TestObject(): null

2018-06-10 19:16:30 - [TEST_STEP][PASSED] - Statement - batch = com.kms.katalon.core.webui.keyword.WebUiBuiltInKeywords.modifyObjectProperty(batch, "xpath", "equals", "//*[@id = "txtbthqty" + row + ""]", true): Modify property of object successfully

2018-06-10 19:16:30 - [MESSAGE][PASSED] - Modify property of object successfully

2018-06-10 19:16:30 - [TEST_STEP][PASSED] - Statement - batchqty = com.kms.katalon.core.webui.keyword.WebUiBuiltInKeywords.getAttribute(batch, "value").trim(): Attribute 'value' of object '' is: '2600'

2018-06-10 19:16:30 - [MESSAGE][PASSED] - Attribute 'value' of object '' is: '2600'

2018-06-10 19:16:30 - [TEST_STEP][PASSED] - Statement - Rqty = 100: null

2018-06-10 19:16:30 - [TEST_STEP][PASSED] - delay: Delayed 2 second(s)

2018-06-10 19:16:32 - [MESSAGE][PASSED] - Delayed 2 second(s)

2018-06-10 19:16:32 - [TEST_STEP][PASSED] - Statement - out.println("BatchQty : " + batchqty): null

2018-06-10 19:16:32 - [TEST_STEP][PASSED] - Statement - out.println("RQty : " + Rqty): null

2018-06-10 19:16:32 - [TEST_STEP][PASSED] - Statement - If (java.lang.Integer.valueOf(batchqty) >= java.lang.Integer.valueOf(Rqty)): null

2018-06-10 19:16:32 - [TEST_STEP][PASSED] - Statement - Break: null

2018-06-10 19:16:32 - [TEST_STEP][PASSED] - Statement - batchlength = new com.kms.katalon.core.testobject.TestObject(): null

2018-06-10 19:16:32 - [TEST_STEP][PASSED] - Statement - batchlength = com.kms.katalon.core.webui.keyword.WebUiBuiltInKeywords.modifyObjectProperty(batchlength, "xpath", "equals", "//*[@id = "fldvendor" + row + ""]", true): Modify property of object successfully

2018-06-10 19:16:32 - [MESSAGE][PASSED] - Modify property of object successfully

2018-06-10 19:16:32 - [TEST_STEP][PASSED] - Statement - batchsize = com.kms.katalon.core.webui.keyword.WebUiBuiltInKeywords.getNumberOfTotalOption(batchlength): 12 options of object '' counted

2018-06-10 19:16:32 - [MESSAGE][PASSED] - 12 options of object '' counted

2018-06-10 19:16:32 - [TEST_STEP][PASSED] - Statement - out.println("BatchSize : " + batchsize): null

2018-06-10 19:16:32 - [TEST_STEP][PASSED] - Statement - For ([n = 1, n <= batchsize - 1, (n++)]): null

2018-06-10 19:16:32 - [TEST_STEP][PASSED] - Statement - product = new com.kms.katalon.core.testobject.TestObject(): null

2018-06-10 19:16:32 - [TEST_STEP][PASSED] - Statement - product = com.kms.katalon.core.webui.keyword.WebUiBuiltInKeywords.modifyObjectProperty(product, "xpath", "equals", "//*[@id = "fldvendor" + row + ""]", true): Modify property of object successfully

2018-06-10 19:16:32 - [MESSAGE][PASSED] - Modify property of object successfully

2018-06-10 19:16:32 - [TEST_STEP][PASSED] - selectOptionByIndex: All options with index in [1] are selected on object ''

2018-06-10 19:16:32 - [MESSAGE][PASSED] - All options with index in [1] are selected on object ''

2018-06-10 19:16:32 - [TEST_STEP][PASSED] - Statement - batch = new com.kms.katalon.core.testobject.TestObject(): null

2018-06-10 19:16:32 - [TEST_STEP][PASSED] - Statement - batch = com.kms.katalon.core.webui.keyword.WebUiBuiltInKeywords.modifyObjectProperty(batch, "xpath", "equals", "//*[@id = "txtbthqty" + row + ""]", true): Modify property of object successfully

2018-06-10 19:16:32 - [MESSAGE][PASSED] - Modify property of object successfully

2018-06-10 19:16:32 - [TEST_STEP][PASSED] - Statement - batchqty = com.kms.katalon.core.webui.keyword.WebUiBuiltInKeywords.getAttribute(batch, "value").trim(): Attribute 'value' of object '' is: '1900'

2018-06-10 19:16:32 - [MESSAGE][PASSED] - Attribute 'value' of object '' is: '1900'

2018-06-10 19:16:32 - [TEST_STEP][PASSED] - Statement - Rqty = 100: null

2018-06-10 19:16:32 - [TEST_STEP][PASSED] - delay: Delayed 2 second(s)

2018-06-10 19:16:34 - [MESSAGE][PASSED] - Delayed 2 second(s)

2018-06-10 19:16:34 - [TEST_STEP][PASSED] - Statement - out.println("BatchQty : " + batchqty): null

2018-06-10 19:16:34 - [TEST_STEP][PASSED] - Statement - out.println("RQty : " + Rqty): null

2018-06-10 19:16:34 - [TEST_STEP][PASSED] - Statement - If (java.lang.Integer.valueOf(batchqty) >= java.lang.Integer.valueOf(Rqty)): null

2018-06-10 19:16:34 - [TEST_STEP][PASSED] - Statement - Break: null

2018-06-10 19:16:34 - [TEST_STEP][PASSED] - Statement - batchlength = new com.kms.katalon.core.testobject.TestObject(): null

2018-06-10 19:16:34 - [TEST_STEP][PASSED] - Statement - batchlength = com.kms.katalon.core.webui.keyword.WebUiBuiltInKeywords.modifyObjectProperty(batchlength, "xpath", "equals", "//*[@id = "fldvendor" + row + ""]", true): Modify property of object successfully

2018-06-10 19:16:34 - [MESSAGE][PASSED] - Modify property of object successfully

2018-06-10 19:16:34 - [TEST_STEP][PASSED] - Statement - batchsize = com.kms.katalon.core.webui.keyword.WebUiBuiltInKeywords.getNumberOfTotalOption(batchlength): 11 options of object '' counted

2018-06-10 19:16:34 - [MESSAGE][PASSED] - 11 options of object '' counted

2018-06-10 19:16:34 - [TEST_STEP][PASSED] - Statement - out.println("BatchSize : " + batchsize): null

2018-06-10 19:16:34 - [TEST_STEP][PASSED] - Statement - For ([n = 1, n <= batchsize - 1, (n++)]): null

2018-06-10 19:16:34 - [TEST_STEP][PASSED] - Statement - product = new com.kms.katalon.core.testobject.TestObject(): null

2018-06-10 19:16:34 - [TEST_STEP][PASSED] - Statement - product = com.kms.katalon.core.webui.keyword.WebUiBuiltInKeywords.modifyObjectProperty(product, "xpath", "equals", "//*[@id = "fldvendor" + row + ""]", true): Modify property of object successfully

2018-06-10 19:16:34 - [MESSAGE][PASSED] - Modify property of object successfully

2018-06-10 19:16:34 - [TEST_STEP][PASSED] - selectOptionByIndex: All options with index in [1] are selected on object ''

2018-06-10 19:16:34 - [MESSAGE][PASSED] - All options with index in [1] are selected on object ''

2018-06-10 19:16:34 - [TEST_STEP][PASSED] - Statement - batch = new com.kms.katalon.core.testobject.TestObject(): null

2018-06-10 19:16:34 - [TEST_STEP][PASSED] - Statement - batch = com.kms.katalon.core.webui.keyword.WebUiBuiltInKeywords.modifyObjectProperty(batch, "xpath", "equals", "//*[@id = "txtbthqty" + row + ""]", true): Modify property of object successfully

2018-06-10 19:16:34 - [MESSAGE][PASSED] - Modify property of object successfully

2018-06-10 19:16:34 - [TEST_STEP][PASSED] - Statement - batchqty = com.kms.katalon.core.webui.keyword.WebUiBuiltInKeywords.getAttribute(batch, "value").trim(): Attribute 'value' of object '' is: '4800'

2018-06-10 19:16:34 - [MESSAGE][PASSED] - Attribute 'value' of object '' is: '4800'

2018-06-10 19:16:34 - [TEST_STEP][PASSED] - Statement - Rqty = 100: null

2018-06-10 19:16:34 - [TEST_STEP][PASSED] - delay: Delayed 2 second(s)

2018-06-10 19:16:36 - [MESSAGE][PASSED] - Delayed 2 second(s)

2018-06-10 19:16:36 - [TEST_STEP][PASSED] - Statement - out.println("BatchQty : " + batchqty): null

2018-06-10 19:16:36 - [TEST_STEP][PASSED] - Statement - out.println("RQty : " + Rqty): null

2018-06-10 19:16:36 - [TEST_STEP][PASSED] - Statement - If (java.lang.Integer.valueOf(batchqty) >= java.lang.Integer.valueOf(Rqty)): null

2018-06-10 19:16:36 - [TEST_STEP][PASSED] - Statement - Break: null

2018-06-10 19:16:36 - [TEST_STEP][PASSED] - Statement - batchlength = new com.kms.katalon.core.testobject.TestObject(): null

2018-06-10 19:16:36 - [TEST_STEP][PASSED] - Statement - batchlength = com.kms.katalon.core.webui.keyword.WebUiBuiltInKeywords.modifyObjectProperty(batchlength, "xpath", "equals", "//*[@id = "fldvendor" + row + ""]", true): Modify property of object successfully

2018-06-10 19:16:36 - [MESSAGE][PASSED] - Modify property of object successfully

2018-06-10 19:16:36 - [TEST_STEP][PASSED] - Statement - batchsize = com.kms.katalon.core.webui.keyword.WebUiBuiltInKeywords.getNumberOfTotalOption(batchlength): 12 options of object '' counted

2018-06-10 19:16:36 - [MESSAGE][PASSED] - 12 options of object '' counted

2018-06-10 19:16:36 - [TEST_STEP][PASSED] - Statement - out.println("BatchSize : " + batchsize): null

2018-06-10 19:16:36 - [TEST_STEP][PASSED] - Statement - For ([n = 1, n <= batchsize - 1, (n++)]): null

2018-06-10 19:16:36 - [TEST_STEP][PASSED] - Statement - product = new com.kms.katalon.core.testobject.TestObject(): null

2018-06-10 19:16:36 - [TEST_STEP][PASSED] - Statement - product = com.kms.katalon.core.webui.keyword.WebUiBuiltInKeywords.modifyObjectProperty(product, "xpath", "equals", "//*[@id = "fldvendor" + row + ""]", true): Modify property of object successfully

2018-06-10 19:16:36 - [MESSAGE][PASSED] - Modify property of object successfully

2018-06-10 19:16:36 - [TEST_STEP][PASSED] - selectOptionByIndex: All options with index in [1] are selected on object ''

2018-06-10 19:16:37 - [MESSAGE][PASSED] - All options with index in [1] are selected on object ''

2018-06-10 19:16:37 - [TEST_STEP][PASSED] - Statement - batch = new com.kms.katalon.core.testobject.TestObject(): null

2018-06-10 19:16:37 - [TEST_STEP][PASSED] - Statement - batch = com.kms.katalon.core.webui.keyword.WebUiBuiltInKeywords.modifyObjectProperty(batch, "xpath", "equals", "//*[@id = "txtbthqty" + row + ""]", true): Modify property of object successfully

2018-06-10 19:16:37 - [MESSAGE][PASSED] - Modify property of object successfully

2018-06-10 19:16:37 - [TEST_STEP][PASSED] - Statement - batchqty = com.kms.katalon.core.webui.keyword.WebUiBuiltInKeywords.getAttribute(batch, "value").trim(): Attribute 'value' of object '' is: '50'

2018-06-10 19:16:37 - [MESSAGE][PASSED] - Attribute 'value' of object '' is: '50'

2018-06-10 19:16:37 - [TEST_STEP][PASSED] - Statement - Rqty = 100: null

2018-06-10 19:16:37 - [TEST_STEP][PASSED] - delay: Delayed 2 second(s)

2018-06-10 19:16:39 - [MESSAGE][PASSED] - Delayed 2 second(s)

2018-06-10 19:16:39 - [TEST_STEP][PASSED] - Statement - out.println("BatchQty : " + batchqty): null

2018-06-10 19:16:39 - [TEST_STEP][PASSED] - Statement - out.println("RQty : " + Rqty): null

2018-06-10 19:16:39 - [TEST_STEP][PASSED] - Statement - If (java.lang.Integer.valueOf(batchqty) >= java.lang.Integer.valueOf(Rqty)): null

2018-06-10 19:16:39 - [TEST_STEP][PASSED] - Statement - Else: null

2018-06-10 19:16:39 - [TEST_STEP][PASSED] - Statement - out.println("Batchqty Is Less Than Rqty"): null

2018-06-10 19:16:39 - [TEST_STEP][PASSED] - Statement - product = new com.kms.katalon.core.testobject.TestObject(): null

2018-06-10 19:16:39 - [TEST_STEP][PASSED] - Statement - product = com.kms.katalon.core.webui.keyword.WebUiBuiltInKeywords.modifyObjectProperty(product, "xpath", "equals", "//*[@id = "fldvendor" + row + ""]", true): Modify property of object successfully

2018-06-10 19:16:39 - [MESSAGE][PASSED] - Modify property of object successfully

2018-06-10 19:16:39 - [TEST_STEP][PASSED] - selectOptionByIndex: All options with index in [2] are selected on object ''

2018-06-10 19:16:39 - [MESSAGE][PASSED] - All options with index in [2] are selected on object ''

2018-06-10 19:16:39 - [TEST_STEP][PASSED] - Statement - batch = new com.kms.katalon.core.testobject.TestObject(): null

2018-06-10 19:16:39 - [TEST_STEP][PASSED] - Statement - batch = com.kms.katalon.core.webui.keyword.WebUiBuiltInKeywords.modifyObjectProperty(batch, "xpath", "equals", "//*[@id = "txtbthqty" + row + ""]", true): Modify property of object successfully

2018-06-10 19:16:39 - [MESSAGE][PASSED] - Modify property of object successfully

2018-06-10 19:16:39 - [TEST_STEP][PASSED] - Statement - batchqty = com.kms.katalon.core.webui.keyword.WebUiBuiltInKeywords.getAttribute(batch, "value").trim(): Attribute 'value' of object '' is: '4000'

2018-06-10 19:16:39 - [MESSAGE][PASSED] - Attribute 'value' of object '' is: '4000'

2018-06-10 19:16:39 - [TEST_STEP][PASSED] - Statement - Rqty = 100: null

2018-06-10 19:16:39 - [TEST_STEP][PASSED] - delay: Delayed 2 second(s)

2018-06-10 19:16:41 - [MESSAGE][PASSED] - Delayed 2 second(s)

2018-06-10 19:16:41 - [TEST_STEP][PASSED] - Statement - out.println("BatchQty : " + batchqty): null

2018-06-10 19:16:41 - [TEST_STEP][PASSED] - Statement - out.println("RQty : " + Rqty): null

2018-06-10 19:16:41 - [TEST_STEP][PASSED] - Statement - If (java.lang.Integer.valueOf(batchqty) >= java.lang.Integer.valueOf(Rqty)): null

2018-06-10 19:16:41 - [TEST_STEP][PASSED] - Statement - Break: null

2018-06-10 19:16:41 - [TEST_STEP][PASSED] - Statement - batchlength = new com.kms.katalon.core.testobject.TestObject(): null

2018-06-10 19:16:41 - [TEST_STEP][PASSED] - Statement - batchlength = com.kms.katalon.core.webui.keyword.WebUiBuiltInKeywords.modifyObjectProperty(batchlength, "xpath", "equals", "//*[@id = "fldvendor" + row + ""]", true): Modify property of object successfully

2018-06-10 19:16:41 - [MESSAGE][PASSED] - Modify property of object successfully

2018-06-10 19:16:41 - [TEST_STEP][PASSED] - Statement - batchsize = com.kms.katalon.core.webui.keyword.WebUiBuiltInKeywords.getNumberOfTotalOption(batchlength): 11 options of object '' counted

2018-06-10 19:16:41 - [MESSAGE][PASSED] - 11 options of object '' counted

2018-06-10 19:16:41 - [TEST_STEP][PASSED] - Statement - out.println("BatchSize : " + batchsize): null

2018-06-10 19:16:41 - [TEST_STEP][PASSED] - Statement - For ([n = 1, n <= batchsize - 1, (n++)]): null

2018-06-10 19:16:41 - [TEST_STEP][PASSED] - Statement - product = new com.kms.katalon.core.testobject.TestObject(): null

2018-06-10 19:16:41 - [TEST_STEP][PASSED] - Statement - product = com.kms.katalon.core.webui.keyword.WebUiBuiltInKeywords.modifyObjectProperty(product, "xpath", "equals", "//*[@id = "fldvendor" + row + ""]", true): Modify property of object successfully

2018-06-10 19:16:41 - [MESSAGE][PASSED] - Modify property of object successfully

2018-06-10 19:16:41 - [TEST_STEP][PASSED] - selectOptionByIndex: All options with index in [1] are selected on object ''

2018-06-10 19:16:41 - [MESSAGE][PASSED] - All options with index in [1] are selected on object ''

2018-06-10 19:16:41 - [TEST_STEP][PASSED] - Statement - batch = new com.kms.katalon.core.testobject.TestObject(): null

2018-06-10 19:16:41 - [TEST_STEP][PASSED] - Statement - batch = com.kms.katalon.core.webui.keyword.WebUiBuiltInKeywords.modifyObjectProperty(batch, "xpath", "equals", "//*[@id = "txtbthqty" + row + ""]", true): Modify property of object successfully

2018-06-10 19:16:41 - [MESSAGE][PASSED] - Modify property of object successfully

2018-06-10 19:16:41 - [TEST_STEP][PASSED] - Statement - batchqty = com.kms.katalon.core.webui.keyword.WebUiBuiltInKeywords.getAttribute(batch, "value").trim(): Attribute 'value' of object '' is: '4800'

2018-06-10 19:16:41 - [MESSAGE][PASSED] - Attribute 'value' of object '' is: '4800'

2018-06-10 19:16:41 - [TEST_STEP][PASSED] - Statement - Rqty = 100: null

2018-06-10 19:16:41 - [TEST_STEP][PASSED] - delay: Delayed 2 second(s)

2018-06-10 19:16:43 - [MESSAGE][PASSED] - Delayed 2 second(s)

2018-06-10 19:16:43 - [TEST_STEP][PASSED] - Statement - out.println("BatchQty : " + batchqty): null

2018-06-10 19:16:43 - [TEST_STEP][PASSED] - Statement - out.println("RQty : " + Rqty): null

2018-06-10 19:16:43 - [TEST_STEP][PASSED] - Statement - If (java.lang.Integer.valueOf(batchqty) >= java.lang.Integer.valueOf(Rqty)): null

2018-06-10 19:16:43 - [TEST_STEP][PASSED] - Statement - Break: null

2018-06-10 19:16:43 - [TEST_STEP][PASSED] - Statement - batchlength = new com.kms.katalon.core.testobject.TestObject(): null

2018-06-10 19:16:43 - [TEST_STEP][PASSED] - Statement - batchlength = com.kms.katalon.core.webui.keyword.WebUiBuiltInKeywords.modifyObjectProperty(batchlength, "xpath", "equals", "//*[@id = "fldvendor" + row + ""]", true): Modify property of object successfully

2018-06-10 19:16:43 - [MESSAGE][PASSED] - Modify property of object successfully

2018-06-10 19:16:43 - [TEST_STEP][PASSED] - Statement - batchsize = com.kms.katalon.core.webui.keyword.WebUiBuiltInKeywords.getNumberOfTotalOption(batchlength): 13 options of object '' counted

2018-06-10 19:16:43 - [MESSAGE][PASSED] - 13 options of object '' counted

2018-06-10 19:16:43 - [TEST_STEP][PASSED] - Statement - out.println("BatchSize : " + batchsize): null

2018-06-10 19:16:43 - [TEST_STEP][PASSED] - Statement - For ([n = 1, n <= batchsize - 1, (n++)]): null

2018-06-10 19:16:43 - [TEST_STEP][PASSED] - Statement - product = new com.kms.katalon.core.testobject.TestObject(): null

2018-06-10 19:16:43 - [TEST_STEP][PASSED] - Statement - product = com.kms.katalon.core.webui.keyword.WebUiBuiltInKeywords.modifyObjectProperty(product, "xpath", "equals", "//*[@id = "fldvendor" + row + ""]", true): Modify property of object successfully

2018-06-10 19:16:43 - [MESSAGE][PASSED] - Modify property of object successfully

2018-06-10 19:16:43 - [TEST_STEP][PASSED] - selectOptionByIndex: All options with index in [1] are selected on object ''

2018-06-10 19:16:43 - [MESSAGE][PASSED] - All options with index in [1] are selected on object ''

2018-06-10 19:16:43 - [TEST_STEP][PASSED] - Statement - batch = new com.kms.katalon.core.testobject.TestObject(): null

2018-06-10 19:16:43 - [TEST_STEP][PASSED] - Statement - batch = com.kms.katalon.core.webui.keyword.WebUiBuiltInKeywords.modifyObjectProperty(batch, "xpath", "equals", "//*[@id = "txtbthqty" + row + ""]", true): Modify property of object successfully

2018-06-10 19:16:43 - [MESSAGE][PASSED] - Modify property of object successfully

2018-06-10 19:16:43 - [TEST_STEP][PASSED] - Statement - batchqty = com.kms.katalon.core.webui.keyword.WebUiBuiltInKeywords.getAttribute(batch, "value").trim(): Attribute 'value' of object '' is: '1900'

2018-06-10 19:16:43 - [MESSAGE][PASSED] - Attribute 'value' of object '' is: '1900'

2018-06-10 19:16:43 - [TEST_STEP][PASSED] - Statement - Rqty = 100: null

2018-06-10 19:16:43 - [TEST_STEP][PASSED] - delay: Delayed 2 second(s)

2018-06-10 19:16:45 - [MESSAGE][PASSED] - Delayed 2 second(s)

2018-06-10 19:16:45 - [TEST_STEP][PASSED] - Statement - out.println("BatchQty : " + batchqty): null

2018-06-10 19:16:45 - [TEST_STEP][PASSED] - Statement - out.println("RQty : " + Rqty): null

2018-06-10 19:16:45 - [TEST_STEP][PASSED] - Statement - If (java.lang.Integer.valueOf(batchqty) >= java.lang.Integer.valueOf(Rqty)): null

2018-06-10 19:16:45 - [TEST_STEP][PASSED] - Statement - Break: null

2018-06-10 19:16:45 - [TEST_STEP][PASSED] - Statement - batchlength = new com.kms.katalon.core.testobject.TestObject(): null

2018-06-10 19:16:45 - [TEST_STEP][PASSED] - Statement - batchlength = com.kms.katalon.core.webui.keyword.WebUiBuiltInKeywords.modifyObjectProperty(batchlength, "xpath", "equals", "//*[@id = "fldvendor" + row + ""]", true): Modify property of object successfully

2018-06-10 19:16:45 - [MESSAGE][PASSED] - Modify property of object successfully

2018-06-10 19:16:45 - [TEST_STEP][PASSED] - Statement - batchsize = com.kms.katalon.core.webui.keyword.WebUiBuiltInKeywords.getNumberOfTotalOption(batchlength): 11 options of object '' counted

2018-06-10 19:16:45 - [MESSAGE][PASSED] - 11 options of object '' counted

2018-06-10 19:16:45 - [TEST_STEP][PASSED] - Statement - out.println("BatchSize : " + batchsize): null

2018-06-10 19:16:45 - [TEST_STEP][PASSED] - Statement - For ([n = 1, n <= batchsize - 1, (n++)]): null

2018-06-10 19:16:45 - [TEST_STEP][PASSED] - Statement - product = new com.kms.katalon.core.testobject.TestObject(): null

2018-06-10 19:16:45 - [TEST_STEP][PASSED] - Statement - product = com.kms.katalon.core.webui.keyword.WebUiBuiltInKeywords.modifyObjectProperty(product, "xpath", "equals", "//*[@id = "fldvendor" + row + ""]", true): Modify property of object successfully

2018-06-10 19:16:45 - [MESSAGE][PASSED] - Modify property of object successfully

2018-06-10 19:16:45 - [TEST_STEP][PASSED] - selectOptionByIndex: All options with index in [1] are selected on object ''

2018-06-10 19:16:45 - [MESSAGE][PASSED] - All options with index in [1] are selected on object ''

2018-06-10 19:16:45 - [TEST_STEP][PASSED] - Statement - batch = new com.kms.katalon.core.testobject.TestObject(): null

2018-06-10 19:16:45 - [TEST_STEP][PASSED] - Statement - batch = com.kms.katalon.core.webui.keyword.WebUiBuiltInKeywords.modifyObjectProperty(batch, "xpath", "equals", "//*[@id = "txtbthqty" + row + ""]", true): Modify property of object successfully

2018-06-10 19:16:45 - [MESSAGE][PASSED] - Modify property of object successfully

2018-06-10 19:16:45 - [TEST_STEP][PASSED] - Statement - batchqty = com.kms.katalon.core.webui.keyword.WebUiBuiltInKeywords.getAttribute(batch, "value").trim(): Attribute 'value' of object '' is: '4800'

2018-06-10 19:16:45 - [MESSAGE][PASSED] - Attribute 'value' of object '' is: '4800'

2018-06-10 19:16:45 - [TEST_STEP][PASSED] - Statement - Rqty = 100: null

2018-06-10 19:16:45 - [TEST_STEP][PASSED] - delay: Delayed 2 second(s)

2018-06-10 19:16:47 - [MESSAGE][PASSED] - Delayed 2 second(s)

2018-06-10 19:16:47 - [TEST_STEP][PASSED] - Statement - out.println("BatchQty : " + batchqty): null

2018-06-10 19:16:47 - [TEST_STEP][PASSED] - Statement - out.println("RQty : " + Rqty): null

2018-06-10 19:16:47 - [TEST_STEP][PASSED] - Statement - If (java.lang.Integer.valueOf(batchqty) >= java.lang.Integer.valueOf(Rqty)): null

2018-06-10 19:16:47 - [TEST_STEP][PASSED] - Statement - Break: null

2018-06-10 19:16:47 - [TEST_STEP][PASSED] - Statement - batchlength = new com.kms.katalon.core.testobject.TestObject(): null

2018-06-10 19:16:47 - [TEST_STEP][PASSED] - Statement - batchlength = com.kms.katalon.core.webui.keyword.WebUiBuiltInKeywords.modifyObjectProperty(batchlength, "xpath", "equals", "//*[@id = "fldvendor" + row + ""]", true): Modify property of object successfully

2018-06-10 19:16:47 - [MESSAGE][PASSED] - Modify property of object successfully

2018-06-10 19:16:47 - [TEST_STEP][PASSED] - Statement - batchsize = com.kms.katalon.core.webui.keyword.WebUiBuiltInKeywords.getNumberOfTotalOption(batchlength): 12 options of object '' counted

2018-06-10 19:16:48 - [MESSAGE][PASSED] - 12 options of object '' counted

2018-06-10 19:16:48 - [TEST_STEP][PASSED] - Statement - out.println("BatchSize : " + batchsize): null

2018-06-10 19:16:48 - [TEST_STEP][PASSED] - Statement - For ([n = 1, n <= batchsize - 1, (n++)]): null

2018-06-10 19:16:48 - [TEST_STEP][PASSED] - Statement - product = new com.kms.katalon.core.testobject.TestObject(): null

2018-06-10 19:16:48 - [TEST_STEP][PASSED] - Statement - product = com.kms.katalon.core.webui.keyword.WebUiBuiltInKeywords.modifyObjectProperty(product, "xpath", "equals", "//*[@id = "fldvendor" + row + ""]", true): Modify property of object successfully

2018-06-10 19:16:48 - [MESSAGE][PASSED] - Modify property of object successfully

2018-06-10 19:16:48 - [TEST_STEP][PASSED] - selectOptionByIndex: All options with index in [1] are selected on object ''

2018-06-10 19:16:48 - [MESSAGE][PASSED] - All options with index in [1] are selected on object ''

2018-06-10 19:16:48 - [TEST_STEP][PASSED] - Statement - batch = new com.kms.katalon.core.testobject.TestObject(): null

2018-06-10 19:16:48 - [TEST_STEP][PASSED] - Statement - batch = com.kms.katalon.core.webui.keyword.WebUiBuiltInKeywords.modifyObjectProperty(batch, "xpath", "equals", "//*[@id = "txtbthqty" + row + ""]", true): Modify property of object successfully

2018-06-10 19:16:48 - [MESSAGE][PASSED] - Modify property of object successfully

2018-06-10 19:16:48 - [TEST_STEP][PASSED] - Statement - batchqty = com.kms.katalon.core.webui.keyword.WebUiBuiltInKeywords.getAttribute(batch, "value").trim(): Attribute 'value' of object '' is: '31100'

2018-06-10 19:16:48 - [MESSAGE][PASSED] - Attribute 'value' of object '' is: '31100'

2018-06-10 19:16:48 - [TEST_STEP][PASSED] - Statement - Rqty = 100: null

2018-06-10 19:16:48 - [TEST_STEP][PASSED] - delay: Delayed 2 second(s)

2018-06-10 19:16:50 - [MESSAGE][PASSED] - Delayed 2 second(s)

2018-06-10 19:16:50 - [TEST_STEP][PASSED] - Statement - out.println("BatchQty : " + batchqty): null

2018-06-10 19:16:50 - [TEST_STEP][PASSED] - Statement - out.println("RQty : " + Rqty): null

2018-06-10 19:16:50 - [TEST_STEP][PASSED] - Statement - If (java.lang.Integer.valueOf(batchqty) >= java.lang.Integer.valueOf(Rqty)): null

2018-06-10 19:16:50 - [TEST_STEP][PASSED] - Statement - Break: null

2018-06-10 19:16:50 - [TEST_STEP][PASSED] - Statement - batchlength = new com.kms.katalon.core.testobject.TestObject(): null

2018-06-10 19:16:50 - [TEST_STEP][PASSED] - Statement - batchlength = com.kms.katalon.core.webui.keyword.WebUiBuiltInKeywords.modifyObjectProperty(batchlength, "xpath", "equals", "//*[@id = "fldvendor" + row + ""]", true): Modify property of object successfully

2018-06-10 19:16:50 - [MESSAGE][PASSED] - Modify property of object successfully

2018-06-10 19:16:50 - [TEST_STEP][PASSED] - Statement - batchsize = com.kms.katalon.core.webui.keyword.WebUiBuiltInKeywords.getNumberOfTotalOption(batchlength): 11 options of object '' counted

2018-06-10 19:16:50 - [MESSAGE][PASSED] - 11 options of object '' counted

2018-06-10 19:16:50 - [TEST_STEP][PASSED] - Statement - out.println("BatchSize : " + batchsize): null

2018-06-10 19:16:50 - [TEST_STEP][PASSED] - Statement - For ([n = 1, n <= batchsize - 1, (n++)]): null

2018-06-10 19:16:50 - [TEST_STEP][PASSED] - Statement - product = new com.kms.katalon.core.testobject.TestObject(): null

2018-06-10 19:16:50 - [TEST_STEP][PASSED] - Statement - product = com.kms.katalon.core.webui.keyword.WebUiBuiltInKeywords.modifyObjectProperty(product, "xpath", "equals", "//*[@id = "fldvendor" + row + ""]", true): Modify property of object successfully

2018-06-10 19:16:50 - [MESSAGE][PASSED] - Modify property of object successfully

2018-06-10 19:16:50 - [TEST_STEP][PASSED] - selectOptionByIndex: All options with index in [1] are selected on object ''

2018-06-10 19:16:50 - [MESSAGE][PASSED] - All options with index in [1] are selected on object ''

2018-06-10 19:16:50 - [TEST_STEP][PASSED] - Statement - batch = new com.kms.katalon.core.testobject.TestObject(): null

2018-06-10 19:16:50 - [TEST_STEP][PASSED] - Statement - batch = com.kms.katalon.core.webui.keyword.WebUiBuiltInKeywords.modifyObjectProperty(batch, "xpath", "equals", "//*[@id = "txtbthqty" + row + ""]", true): Modify property of object successfully

2018-06-10 19:16:50 - [MESSAGE][PASSED] - Modify property of object successfully

2018-06-10 19:16:50 - [TEST_STEP][PASSED] - Statement - batchqty = com.kms.katalon.core.webui.keyword.WebUiBuiltInKeywords.getAttribute(batch, "value").trim(): Attribute 'value' of object '' is: '4800'

2018-06-10 19:16:50 - [MESSAGE][PASSED] - Attribute 'value' of object '' is: '4800'

2018-06-10 19:16:50 - [TEST_STEP][PASSED] - Statement - Rqty = 100: null

2018-06-10 19:16:50 - [TEST_STEP][PASSED] - delay: Delayed 2 second(s)

2018-06-10 19:16:52 - [MESSAGE][PASSED] - Delayed 2 second(s)

2018-06-10 19:16:52 - [TEST_STEP][PASSED] - Statement - out.println("BatchQty : " + batchqty): null

2018-06-10 19:16:52 - [TEST_STEP][PASSED] - Statement - out.println("RQty : " + Rqty): null

2018-06-10 19:16:52 - [TEST_STEP][PASSED] - Statement - If (java.lang.Integer.valueOf(batchqty) >= java.lang.Integer.valueOf(Rqty)): null

2018-06-10 19:16:52 - [TEST_STEP][PASSED] - Statement - Break: null

2018-06-10 19:16:52 - [TEST_STEP][PASSED] - Statement - batchlength = new com.kms.katalon.core.testobject.TestObject(): null

2018-06-10 19:16:52 - [TEST_STEP][PASSED] - Statement - batchlength = com.kms.katalon.core.webui.keyword.WebUiBuiltInKeywords.modifyObjectProperty(batchlength, "xpath", "equals", "//*[@id = "fldvendor" + row + ""]", true): Modify property of object successfully

2018-06-10 19:16:52 - [MESSAGE][PASSED] - Modify property of object successfully

2018-06-10 19:16:52 - [TEST_STEP][PASSED] - Statement - batchsize = com.kms.katalon.core.webui.keyword.WebUiBuiltInKeywords.getNumberOfTotalOption(batchlength): 11 options of object '' counted

2018-06-10 19:16:52 - [MESSAGE][PASSED] - 11 options of object '' counted

2018-06-10 19:16:52 - [TEST_STEP][PASSED] - Statement - out.println("BatchSize : " + batchsize): null

2018-06-10 19:16:52 - [TEST_STEP][PASSED] - Statement - For ([n = 1, n <= batchsize - 1, (n++)]): null

2018-06-10 19:16:52 - [TEST_STEP][PASSED] - Statement - product = new com.kms.katalon.core.testobject.TestObject(): null

2018-06-10 19:16:52 - [TEST_STEP][PASSED] - Statement - product = com.kms.katalon.core.webui.keyword.WebUiBuiltInKeywords.modifyObjectProperty(product, "xpath", "equals", "//*[@id = "fldvendor" + row + ""]", true): Modify property of object successfully

2018-06-10 19:16:52 - [MESSAGE][PASSED] - Modify property of object successfully

2018-06-10 19:16:52 - [TEST_STEP][PASSED] - selectOptionByIndex: All options with index in [1] are selected on object ''

2018-06-10 19:16:52 - [MESSAGE][PASSED] - All options with index in [1] are selected on object ''

2018-06-10 19:16:52 - [TEST_STEP][PASSED] - Statement - batch = new com.kms.katalon.core.testobject.TestObject(): null

2018-06-10 19:16:52 - [TEST_STEP][PASSED] - Statement - batch = com.kms.katalon.core.webui.keyword.WebUiBuiltInKeywords.modifyObjectProperty(batch, "xpath", "equals", "//*[@id = "txtbthqty" + row + ""]", true): Modify property of object successfully

2018-06-10 19:16:52 - [MESSAGE][PASSED] - Modify property of object successfully

2018-06-10 19:16:52 - [TEST_STEP][PASSED] - Statement - batchqty = com.kms.katalon.core.webui.keyword.WebUiBuiltInKeywords.getAttribute(batch, "value").trim(): Attribute 'value' of object '' is: '4800'

2018-06-10 19:16:52 - [MESSAGE][PASSED] - Attribute 'value' of object '' is: '4800'

2018-06-10 19:16:52 - [TEST_STEP][PASSED] - Statement - Rqty = 100: null

2018-06-10 19:16:52 - [TEST_STEP][PASSED] - delay: Delayed 2 second(s)

2018-06-10 19:16:54 - [MESSAGE][PASSED] - Delayed 2 second(s)

2018-06-10 19:16:54 - [TEST_STEP][PASSED] - Statement - out.println("BatchQty : " + batchqty): null

2018-06-10 19:16:54 - [TEST_STEP][PASSED] - Statement - out.println("RQty : " + Rqty): null

2018-06-10 19:16:54 - [TEST_STEP][PASSED] - Statement - If (java.lang.Integer.valueOf(batchqty) >= java.lang.Integer.valueOf(Rqty)): null

2018-06-10 19:16:54 - [TEST_STEP][PASSED] - Statement - Break: null

2018-06-10 19:16:54 - [TEST_STEP][PASSED] - Statement - batchlength = new com.kms.katalon.core.testobject.TestObject(): null

2018-06-10 19:16:54 - [TEST_STEP][PASSED] - Statement - batchlength = com.kms.katalon.core.webui.keyword.WebUiBuiltInKeywords.modifyObjectProperty(batchlength, "xpath", "equals", "//*[@id = "fldvendor" + row + ""]", true): Modify property of object successfully

2018-06-10 19:16:54 - [MESSAGE][PASSED] - Modify property of object successfully

2018-06-10 19:16:54 - [TEST_STEP][PASSED] - Statement - batchsize = com.kms.katalon.core.webui.keyword.WebUiBuiltInKeywords.getNumberOfTotalOption(batchlength): 11 options of object '' counted

2018-06-10 19:16:54 - [MESSAGE][PASSED] - 11 options of object '' counted

2018-06-10 19:16:54 - [TEST_STEP][PASSED] - Statement - out.println("BatchSize : " + batchsize): null

2018-06-10 19:16:54 - [TEST_STEP][PASSED] - Statement - For ([n = 1, n <= batchsize - 1, (n++)]): null

2018-06-10 19:16:54 - [TEST_STEP][PASSED] - Statement - product = new com.kms.katalon.core.testobject.TestObject(): null

2018-06-10 19:16:54 - [TEST_STEP][PASSED] - Statement - product = com.kms.katalon.core.webui.keyword.WebUiBuiltInKeywords.modifyObjectProperty(product, "xpath", "equals", "//*[@id = "fldvendor" + row + ""]", true): Modify property of object successfully

2018-06-10 19:16:54 - [MESSAGE][PASSED] - Modify property of object successfully

2018-06-10 19:16:54 - [TEST_STEP][PASSED] - selectOptionByIndex: All options with index in [1] are selected on object ''

2018-06-10 19:16:54 - [MESSAGE][PASSED] - All options with index in [1] are selected on object ''

2018-06-10 19:16:54 - [TEST_STEP][PASSED] - Statement - batch = new com.kms.katalon.core.testobject.TestObject(): null

2018-06-10 19:16:54 - [TEST_STEP][PASSED] - Statement - batch = com.kms.katalon.core.webui.keyword.WebUiBuiltInKeywords.modifyObjectProperty(batch, "xpath", "equals", "//*[@id = "txtbthqty" + row + ""]", true): Modify property of object successfully

2018-06-10 19:16:54 - [MESSAGE][PASSED] - Modify property of object successfully

2018-06-10 19:16:54 - [TEST_STEP][PASSED] - Statement - batchqty = com.kms.katalon.core.webui.keyword.WebUiBuiltInKeywords.getAttribute(batch, "value").trim(): Attribute 'value' of object '' is: '2600'

2018-06-10 19:16:54 - [MESSAGE][PASSED] - Attribute 'value' of object '' is: '2600'

2018-06-10 19:16:54 - [TEST_STEP][PASSED] - Statement - Rqty = 100: null

2018-06-10 19:16:54 - [TEST_STEP][PASSED] - delay: Delayed 2 second(s)

2018-06-10 19:16:56 - [MESSAGE][PASSED] - Delayed 2 second(s)

2018-06-10 19:16:56 - [TEST_STEP][PASSED] - Statement - out.println("BatchQty : " + batchqty): null

2018-06-10 19:16:56 - [TEST_STEP][PASSED] - Statement - out.println("RQty : " + Rqty): null

2018-06-10 19:16:56 - [TEST_STEP][PASSED] - Statement - If (java.lang.Integer.valueOf(batchqty) >= java.lang.Integer.valueOf(Rqty)): null

2018-06-10 19:16:56 - [TEST_STEP][PASSED] - Statement - Break: null

2018-06-10 19:16:56 - [TEST_STEP][PASSED] - Statement - batchlength = new com.kms.katalon.core.testobject.TestObject(): null

2018-06-10 19:16:56 - [TEST_STEP][PASSED] - Statement - batchlength = com.kms.katalon.core.webui.keyword.WebUiBuiltInKeywords.modifyObjectProperty(batchlength, "xpath", "equals", "//*[@id = "fldvendor" + row + ""]", true): Modify property of object successfully

2018-06-10 19:16:56 - [MESSAGE][PASSED] - Modify property of object successfully

2018-06-10 19:16:56 - [TEST_STEP][PASSED] - Statement - batchsize = com.kms.katalon.core.webui.keyword.WebUiBuiltInKeywords.getNumberOfTotalOption(batchlength): 10 options of object '' counted

2018-06-10 19:16:57 - [MESSAGE][PASSED] - 10 options of object '' counted

2018-06-10 19:16:57 - [TEST_STEP][PASSED] - Statement - out.println("BatchSize : " + batchsize): null

2018-06-10 19:16:57 - [TEST_STEP][PASSED] - Statement - For ([n = 1, n <= batchsize - 1, (n++)]): null

2018-06-10 19:16:57 - [TEST_STEP][PASSED] - Statement - product = new com.kms.katalon.core.testobject.TestObject(): null

2018-06-10 19:16:57 - [TEST_STEP][PASSED] - Statement - product = com.kms.katalon.core.webui.keyword.WebUiBuiltInKeywords.modifyObjectProperty(product, "xpath", "equals", "//*[@id = "fldvendor" + row + ""]", true): Modify property of object successfully

2018-06-10 19:16:57 - [MESSAGE][PASSED] - Modify property of object successfully

2018-06-10 19:16:57 - [TEST_STEP][PASSED] - selectOptionByIndex: All options with index in [1] are selected on object ''

2018-06-10 19:16:57 - [MESSAGE][PASSED] - All options with index in [1] are selected on object ''

2018-06-10 19:16:57 - [TEST_STEP][PASSED] - Statement - batch = new com.kms.katalon.core.testobject.TestObject(): null

2018-06-10 19:16:57 - [TEST_STEP][PASSED] - Statement - batch = com.kms.katalon.core.webui.keyword.WebUiBuiltInKeywords.modifyObjectProperty(batch, "xpath", "equals", "//*[@id = "txtbthqty" + row + ""]", true): Modify property of object successfully

2018-06-10 19:16:57 - [MESSAGE][PASSED] - Modify property of object successfully

2018-06-10 19:16:57 - [TEST_STEP][PASSED] - Statement - batchqty = com.kms.katalon.core.webui.keyword.WebUiBuiltInKeywords.getAttribute(batch, "value").trim(): Attribute 'value' of object '' is: '4000'

2018-06-10 19:16:57 - [MESSAGE][PASSED] - Attribute 'value' of object '' is: '4000'

2018-06-10 19:16:57 - [TEST_STEP][PASSED] - Statement - Rqty = 100: null

2018-06-10 19:16:57 - [TEST_STEP][PASSED] - delay: Delayed 2 second(s)

2018-06-10 19:16:59 - [MESSAGE][PASSED] - Delayed 2 second(s)

2018-06-10 19:16:59 - [TEST_STEP][PASSED] - Statement - out.println("BatchQty : " + batchqty): null

2018-06-10 19:16:59 - [TEST_STEP][PASSED] - Statement - out.println("RQty : " + Rqty): null

2018-06-10 19:16:59 - [TEST_STEP][PASSED] - Statement - If (java.lang.Integer.valueOf(batchqty) >= java.lang.Integer.valueOf(Rqty)): null

2018-06-10 19:16:59 - [TEST_STEP][PASSED] - Statement - Break: null

2018-06-10 19:16:59 - [TEST_STEP][PASSED] - Statement - batchlength = new com.kms.katalon.core.testobject.TestObject(): null

2018-06-10 19:16:59 - [TEST_STEP][PASSED] - Statement - batchlength = com.kms.katalon.core.webui.keyword.WebUiBuiltInKeywords.modifyObjectProperty(batchlength, "xpath", "equals", "//*[@id = "fldvendor" + row + ""]", true): Modify property of object successfully

2018-06-10 19:16:59 - [MESSAGE][PASSED] - Modify property of object successfully

2018-06-10 19:16:59 - [TEST_STEP][PASSED] - Statement - batchsize = com.kms.katalon.core.webui.keyword.WebUiBuiltInKeywords.getNumberOfTotalOption(batchlength): 11 options of object '' counted

2018-06-10 19:16:59 - [MESSAGE][PASSED] - 11 options of object '' counted

2018-06-10 19:16:59 - [TEST_STEP][PASSED] - Statement - out.println("BatchSize : " + batchsize): null

2018-06-10 19:16:59 - [TEST_STEP][PASSED] - Statement - For ([n = 1, n <= batchsize - 1, (n++)]): null

2018-06-10 19:16:59 - [TEST_STEP][PASSED] - Statement - product = new com.kms.katalon.core.testobject.TestObject(): null

2018-06-10 19:16:59 - [TEST_STEP][PASSED] - Statement - product = com.kms.katalon.core.webui.keyword.WebUiBuiltInKeywords.modifyObjectProperty(product, "xpath", "equals", "//*[@id = "fldvendor" + row + ""]", true): Modify property of object successfully

2018-06-10 19:16:59 - [MESSAGE][PASSED] - Modify property of object successfully

2018-06-10 19:16:59 - [TEST_STEP][PASSED] - selectOptionByIndex: All options with index in [1] are selected on object ''

2018-06-10 19:16:59 - [MESSAGE][PASSED] - All options with index in [1] are selected on object ''

2018-06-10 19:16:59 - [TEST_STEP][PASSED] - Statement - batch = new com.kms.katalon.core.testobject.TestObject(): null

2018-06-10 19:16:59 - [TEST_STEP][PASSED] - Statement - batch = com.kms.katalon.core.webui.keyword.WebUiBuiltInKeywords.modifyObjectProperty(batch, "xpath", "equals", "//*[@id = "txtbthqty" + row + ""]", true): Modify property of object successfully

2018-06-10 19:16:59 - [MESSAGE][PASSED] - Modify property of object successfully

2018-06-10 19:16:59 - [TEST_STEP][PASSED] - Statement - batchqty = com.kms.katalon.core.webui.keyword.WebUiBuiltInKeywords.getAttribute(batch, "value").trim(): Attribute 'value' of object '' is: '33100'

2018-06-10 19:16:59 - [MESSAGE][PASSED] - Attribute 'value' of object '' is: '33100'

2018-06-10 19:16:59 - [TEST_STEP][PASSED] - Statement - Rqty = 100: null

2018-06-10 19:16:59 - [TEST_STEP][PASSED] - delay: Delayed 2 second(s)

2018-06-10 19:17:01 - [MESSAGE][PASSED] - Delayed 2 second(s)

2018-06-10 19:17:01 - [TEST_STEP][PASSED] - Statement - out.println("BatchQty : " + batchqty): null

2018-06-10 19:17:01 - [TEST_STEP][PASSED] - Statement - out.println("RQty : " + Rqty): null

2018-06-10 19:17:01 - [TEST_STEP][PASSED] - Statement - If (java.lang.Integer.valueOf(batchqty) >= java.lang.Integer.valueOf(Rqty)): null

2018-06-10 19:17:01 - [TEST_STEP][PASSED] - Statement - Break: null

2018-06-10 19:17:01 - [TEST_STEP][PASSED] - delay: Delayed 2 second(s)

2018-06-10 19:17:03 - [MESSAGE][PASSED] - Delayed 2 second(s)

2018-06-10 19:17:03 - [TEST_STEP][PASSED] - click: Object: 'Object Repository/HealthpostToCms/Page_KDMC - CMS/input_btndispatch' is clicked on

2018-06-10 19:17:03 - [MESSAGE][PASSED] - Object: 'Object Repository/HealthpostToCms/Page_KDMC - CMS/input_btndispatch' is clicked on

2018-06-10 19:17:03 - [TEST_STEP][PASSED] - delay: Delayed 3 second(s)

2018-06-10 19:17:06 - [MESSAGE][PASSED] - Delayed 3 second(s)

2018-06-10 19:17:06 - [TEST_STEP][PASSED] - click: Object: 'Object Repository/HealthpostToCms/Page_KDMC - CMS/button_OK' is clicked on

2018-06-10 19:17:07 - [MESSAGE][PASSED] - Object: 'Object Repository/HealthpostToCms/Page_KDMC - CMS/button_OK' is clicked on

2018-06-10 19:17:07 - [TEST_STEP][PASSED] - delay: Delayed 3 second(s)

2018-06-10 19:17:10 - [MESSAGE][PASSED] - Delayed 3 second(s)

2018-06-10 19:17:10 - [TEST_STEP][PASSED] - click: Object: 'Object Repository/HealthpostToCms/Page_KDMC - CMS/a_dropdown-toggle' is clicked on

2018-06-10 19:17:10 - [MESSAGE][PASSED] - Object: 'Object Repository/HealthpostToCms/Page_KDMC - CMS/a_dropdown-toggle' is clicked on

2018-06-10 19:17:10 - [TEST_STEP][PASSED] - click: Object: 'Object Repository/HealthpostToCms/Page_KDMC - CMS/a_Sign out' is clicked on

2018-06-10 19:17:10 - [MESSAGE][PASSED] - Object: 'Object Repository/HealthpostToCms/Page_KDMC - CMS/a_Sign out' is clicked on

2018-06-10 19:17:10 - [TEST_STEP][PASSED] - delay: Delayed 3 second(s)

2018-06-10 19:17:13 - [MESSAGE][PASSED] - Delayed 3 second(s)

2018-06-10 19:17:13 - [TEST_STEP][PASSED] - navigateToUrl: Navigate to 'http://192.168.137.1/multihospital_new/HDSplashscreen.aspx' successfully

2018-06-10 19:17:14 - [MESSAGE][PASSED] - Navigate to 'http://192.168.137.1/multihospital_new/HDSplashscreen.aspx' successfully

2018-06-10 19:17:14 - [TEST_STEP][PASSED] - click: Object: 'Object Repository/HealthpostToCms/Page_KDMC/a_Healthpost Store' is clicked on

2018-06-10 19:17:14 - [MESSAGE][PASSED] - Object: 'Object Repository/HealthpostToCms/Page_KDMC/a_Healthpost Store' is clicked on

2018-06-10 19:17:14 - [TEST_STEP][PASSED] - setText: Text 'raguram' is set on object 'Object Repository/HealthpostToCms/Page_HealthPost Store Login/input_txtusername'

2018-06-10 19:17:14 - [MESSAGE][PASSED] - Text 'raguram' is set on object 'Object Repository/HealthpostToCms/Page_HealthPost Store Login/input_txtusername'

2018-06-10 19:17:14 - [TEST_STEP][PASSED] - setText: Text '123' is set on object 'Object Repository/HealthpostToCms/Page_HealthPost Store Login/input_txtpassword'

2018-06-10 19:17:14 - [MESSAGE][PASSED] - Text '123' is set on object 'Object Repository/HealthpostToCms/Page_HealthPost Store Login/input_txtpassword'

2018-06-10 19:17:14 - [TEST_STEP][PASSED] - delay: Delayed 3 second(s)

2018-06-10 19:17:17 - [MESSAGE][PASSED] - Delayed 3 second(s)

2018-06-10 19:17:17 - [TEST_STEP][PASSED] - click: Object: 'Object Repository/HealthpostToCms/Page_HealthPost Store Login/button_Sign in' is clicked on

2018-06-10 19:17:18 - [MESSAGE][PASSED] - Object: 'Object Repository/HealthpostToCms/Page_HealthPost Store Login/button_Sign in' is clicked on

2018-06-10 19:17:18 - [TEST_STEP][PASSED] - delay: Delayed 3 second(s)

2018-06-10 19:17:21 - [MESSAGE][PASSED] - Delayed 3 second(s)

2018-06-10 19:17:21 - [TEST_STEP][PASSED] - click: Object: 'Object Repository/HealthpostToCms/Page_HealthPost Store/a_CMS' is clicked on

2018-06-10 19:17:21 - [MESSAGE][PASSED] - Object: 'Object Repository/HealthpostToCms/Page_HealthPost Store/a_CMS' is clicked on

2018-06-10 19:17:21 - [TEST_STEP][PASSED] - delay: Delayed 2 second(s)

2018-06-10 19:17:23 - [MESSAGE][PASSED] - Delayed 2 second(s)

2018-06-10 19:17:23 - [TEST_STEP][PASSED] - click: Object: 'Object Repository/HealthpostToCms/Page_HealthPost Store/a_Receiving Goods' is clicked on

2018-06-10 19:17:23 - [MESSAGE][PASSED] - Object: 'Object Repository/HealthpostToCms/Page_HealthPost Store/a_Receiving Goods' is clicked on

2018-06-10 19:17:23 - [TEST_STEP][PASSED] - setText: Text 'PRNO/10062018/810' is set on object 'Object Repository/HealthpostToCms/Page_HealthPost Store/input'

2018-06-10 19:17:24 - [MESSAGE][PASSED] - Text 'PRNO/10062018/810' is set on object 'Object Repository/HealthpostToCms/Page_HealthPost Store/input'

2018-06-10 19:17:24 - [TEST_STEP][PASSED] - click: Object: 'Object Repository/HealthpostToCms/Page_HealthPost Store/input_PRNO18052018174' is clicked on

2018-06-10 19:17:24 - [MESSAGE][PASSED] - Object: 'Object Repository/HealthpostToCms/Page_HealthPost Store/input_PRNO18052018174' is clicked on

2018-06-10 19:17:24 - [TEST_STEP][PASSED] - delay: Delayed 2 second(s)

2018-06-10 19:17:26 - [MESSAGE][PASSED] - Delayed 2 second(s)

2018-06-10 19:17:26 - [TEST_STEP][PASSED] - click: Object: 'Object Repository/HealthpostToCms/Page_HealthPost Store/input_chkrem' is clicked on

2018-06-10 19:17:26 - [MESSAGE][PASSED] - Object: 'Object Repository/HealthpostToCms/Page_HealthPost Store/input_chkrem' is clicked on

2018-06-10 19:17:26 - [TEST_STEP][PASSED] - scrollToElement: Scroll to object 'Object Repository/HealthpostToCms/Page_HealthPost Store/input_btchkroqadd' successfully

2018-06-10 19:17:26 - [MESSAGE][PASSED] - Scroll to object 'Object Repository/HealthpostToCms/Page_HealthPost Store/input_btchkroqadd' successfully

2018-06-10 19:17:26 - [TEST_STEP][PASSED] - click: Object: 'Object Repository/HealthpostToCms/Page_HealthPost Store/input_btchkroqadd' is clicked on

2018-06-10 19:17:26 - [MESSAGE][PASSED] - Object: 'Object Repository/HealthpostToCms/Page_HealthPost Store/input_btchkroqadd' is clicked on

2018-06-10 19:17:26 - [TEST_STEP][PASSED] - delay: Delayed 2 second(s)

2018-06-10 19:17:28 - [MESSAGE][PASSED] - Delayed 2 second(s)

2018-06-10 19:17:28 - [TEST_STEP][PASSED] - refresh: Refresh successfully

2018-06-10 19:17:29 - [MESSAGE][PASSED] - Refresh successfully

2018-06-10 19:17:29 - [TEST_STEP][PASSED] - delay: Delayed 3 second(s)

2018-06-10 19:17:32 - [MESSAGE][PASSED] - Delayed 3 second(s)

2018-06-10 19:17:32 - [TEST_STEP][PASSED] - click: Object: 'Object Repository/HealthpostToCms/Page_HealthPost Store/a_dropdown-toggle' is clicked on

2018-06-10 19:17:32 - [MESSAGE][PASSED] - Object: 'Object Repository/HealthpostToCms/Page_HealthPost Store/a_dropdown-toggle' is clicked on

2018-06-10 19:17:32 - [TEST_STEP][PASSED] - click: Object: 'Object Repository/HealthpostToCms/Page_HealthPost Store/a_Sign out' is clicked on

2018-06-10 19:17:33 - [MESSAGE][PASSED] - Object: 'Object Repository/HealthpostToCms/Page_HealthPost Store/a_Sign out' is clicked on

2018-06-10 19:17:33 - [TEST_STEP][PASSED] - closeBrowser: Browser is closed

2018-06-10 19:17:33 - [MESSAGE][PASSED] - Browser is closed]]></system-out>
         <system-err><![CDATA[]]></system-err>
      </testcase>
      <testcase name="Test Cases/HEALTHPOST TEST CASES/TC_HP_016 Verify Schedule 4 Healthpost To CMS Request Are Working Successfully Or Not" classname="Test Cases/HEALTHPOST TEST CASES/TC_HP_016 Verify Schedule 4 Healthpost To CMS Request Are Working Successfully Or Not" status="PASSED">
         <system-out><![CDATA[2018-06-10 19:17:33 - [TEST_CASE][PASSED] - Test Cases/HEALTHPOST TEST CASES/TC_HP_016 Verify Schedule 4 Healthpost To CMS Request Are Working Successfully Or Not: Test Cases/HEALTHPOST TEST CASES/TC_HP_016 Verify Schedule 4 Healthpost To CMS Request Are Working Successfully Or Not

2018-06-10 19:17:34 - [TEST_STEP][PASSED] - openBrowser: Browser is opened with url: ''

2018-06-10 19:17:36 - [MESSAGE][PASSED] - Browser is opened with url: ''

2018-06-10 19:17:36 - [TEST_STEP][PASSED] - navigateToUrl: Navigate to 'http://192.168.137.1/multihospital_new/HDSplashscreen.aspx' successfully

2018-06-10 19:17:37 - [MESSAGE][PASSED] - Navigate to 'http://192.168.137.1/multihospital_new/HDSplashscreen.aspx' successfully

2018-06-10 19:17:37 - [TEST_STEP][PASSED] - maximizeWindow: Current window maximized

2018-06-10 19:17:38 - [MESSAGE][PASSED] - Current window maximized

2018-06-10 19:17:38 - [TEST_STEP][PASSED] - click: Object: 'Object Repository/HealthpostToCms/Page_KDMC/a_Healthpost Store' is clicked on

2018-06-10 19:17:39 - [MESSAGE][PASSED] - Object: 'Object Repository/HealthpostToCms/Page_KDMC/a_Healthpost Store' is clicked on

2018-06-10 19:17:39 - [TEST_STEP][PASSED] - setText: Text 'raguram' is set on object 'Object Repository/HealthpostToCms/Page_HealthPost Store Login/input_txtusername'

2018-06-10 19:17:39 - [MESSAGE][PASSED] - Text 'raguram' is set on object 'Object Repository/HealthpostToCms/Page_HealthPost Store Login/input_txtusername'

2018-06-10 19:17:39 - [TEST_STEP][PASSED] - setText: Text '123' is set on object 'Object Repository/HealthpostToCms/Page_HealthPost Store Login/input_txtpassword'

2018-06-10 19:17:39 - [MESSAGE][PASSED] - Text '123' is set on object 'Object Repository/HealthpostToCms/Page_HealthPost Store Login/input_txtpassword'

2018-06-10 19:17:39 - [TEST_STEP][PASSED] - delay: Delayed 3 second(s)

2018-06-10 19:17:42 - [MESSAGE][PASSED] - Delayed 3 second(s)

2018-06-10 19:17:42 - [TEST_STEP][PASSED] - click: Object: 'Object Repository/HealthpostToCms/Page_HealthPost Store Login/button_Sign in' is clicked on

2018-06-10 19:17:43 - [MESSAGE][PASSED] - Object: 'Object Repository/HealthpostToCms/Page_HealthPost Store Login/button_Sign in' is clicked on

2018-06-10 19:17:43 - [TEST_STEP][PASSED] - delay: Delayed 3 second(s)

2018-06-10 19:17:46 - [MESSAGE][PASSED] - Delayed 3 second(s)

2018-06-10 19:17:46 - [TEST_STEP][PASSED] - click: Object: 'Object Repository/HealthpostToCms/Page_HealthPost Store/a_CMS' is clicked on

2018-06-10 19:17:46 - [MESSAGE][PASSED] - Object: 'Object Repository/HealthpostToCms/Page_HealthPost Store/a_CMS' is clicked on

2018-06-10 19:17:46 - [TEST_STEP][PASSED] - click: Object: 'Object Repository/HealthpostToCms/Page_HealthPost Store/a_Request Send' is clicked on

2018-06-10 19:17:47 - [MESSAGE][PASSED] - Object: 'Object Repository/HealthpostToCms/Page_HealthPost Store/a_Request Send' is clicked on

2018-06-10 19:17:47 - [TEST_STEP][PASSED] - delay: Delayed 2 second(s)

2018-06-10 19:17:49 - [MESSAGE][PASSED] - Delayed 2 second(s)

2018-06-10 19:17:49 - [TEST_STEP][PASSED] - selectOptionByIndex: All options with index in [2] are selected on object 'Object Repository/HealthpostToCms/Page_HealthPost Store/select_--Select--'

2018-06-10 19:17:49 - [MESSAGE][PASSED] - All options with index in [2] are selected on object 'Object Repository/HealthpostToCms/Page_HealthPost Store/select_--Select--'

2018-06-10 19:17:49 - [TEST_STEP][PASSED] - selectOptionByIndex: All options with index in [4] are selected on object 'Object Repository/HealthpostToCms/Page_HealthPost Store/select_--Select--Schedule 1Inj'

2018-06-10 19:17:49 - [MESSAGE][PASSED] - All options with index in [4] are selected on object 'Object Repository/HealthpostToCms/Page_HealthPost Store/select_--Select--Schedule 1Inj'

2018-06-10 19:17:49 - [TEST_STEP][PASSED] - Statement - medicineslength = com.kms.katalon.core.webui.keyword.WebUiBuiltInKeywords.getNumberOfTotalOption(com.kms.katalon.core.testobject.ObjectRepository.findTestObject(HealthpostToCms/Page_HealthPost Store/select_--Select--Adernaline 0.)): 16 options of object 'Object Repository/HealthpostToCms/Page_HealthPost Store/select_--Select--Adernaline 0.' counted

2018-06-10 19:17:49 - [MESSAGE][PASSED] - 16 options of object 'Object Repository/HealthpostToCms/Page_HealthPost Store/select_--Select--Adernaline 0.' counted

2018-06-10 19:17:49 - [TEST_STEP][PASSED] - Statement - For ([e = 1, e <= medicineslength - 1, (e++)]): Delayed 1 second(s)

2018-06-10 19:17:49 - [TEST_STEP][PASSED] - selectOptionByIndex: All options with index in [4] are selected on object 'Object Repository/HealthpostToCms/Page_HealthPost Store/select_--Select--Schedule 1Inj'

2018-06-10 19:17:49 - [MESSAGE][PASSED] - All options with index in [4] are selected on object 'Object Repository/HealthpostToCms/Page_HealthPost Store/select_--Select--Schedule 1Inj'

2018-06-10 19:17:49 - [TEST_STEP][PASSED] - delay: Delayed 1 second(s)

2018-06-10 19:17:50 - [MESSAGE][PASSED] - Delayed 1 second(s)

2018-06-10 19:17:50 - [TEST_STEP][PASSED] - selectOptionByIndex: All options with index in [1] are selected on object 'Object Repository/HealthpostToCms/Page_HealthPost Store/select_--Select--Adernaline 0.'

2018-06-10 19:17:50 - [MESSAGE][PASSED] - All options with index in [1] are selected on object 'Object Repository/HealthpostToCms/Page_HealthPost Store/select_--Select--Adernaline 0.'

2018-06-10 19:17:50 - [TEST_STEP][PASSED] - setText: Text '100' is set on object 'Object Repository/HealthpostToCms/Page_HealthPost Store/input_txttreat'

2018-06-10 19:17:51 - [MESSAGE][PASSED] - Text '100' is set on object 'Object Repository/HealthpostToCms/Page_HealthPost Store/input_txttreat'

2018-06-10 19:17:51 - [TEST_STEP][PASSED] - click: Object: 'Object Repository/HealthpostToCms/Page_HealthPost Store/button_Add' is clicked on

2018-06-10 19:17:51 - [MESSAGE][PASSED] - Object: 'Object Repository/HealthpostToCms/Page_HealthPost Store/button_Add' is clicked on

2018-06-10 19:17:51 - [TEST_STEP][PASSED] - delay: Delayed 1 second(s)

2018-06-10 19:17:52 - [MESSAGE][PASSED] - Delayed 1 second(s)

2018-06-10 19:17:52 - [TEST_STEP][PASSED] - selectOptionByIndex: All options with index in [4] are selected on object 'Object Repository/HealthpostToCms/Page_HealthPost Store/select_--Select--Schedule 1Inj'

2018-06-10 19:17:52 - [MESSAGE][PASSED] - All options with index in [4] are selected on object 'Object Repository/HealthpostToCms/Page_HealthPost Store/select_--Select--Schedule 1Inj'

2018-06-10 19:17:52 - [TEST_STEP][PASSED] - delay: Delayed 1 second(s)

2018-06-10 19:17:53 - [MESSAGE][PASSED] - Delayed 1 second(s)

2018-06-10 19:17:53 - [TEST_STEP][PASSED] - selectOptionByIndex: All options with index in [2] are selected on object 'Object Repository/HealthpostToCms/Page_HealthPost Store/select_--Select--Adernaline 0.'

2018-06-10 19:17:53 - [MESSAGE][PASSED] - All options with index in [2] are selected on object 'Object Repository/HealthpostToCms/Page_HealthPost Store/select_--Select--Adernaline 0.'

2018-06-10 19:17:53 - [TEST_STEP][PASSED] - setText: Text '100' is set on object 'Object Repository/HealthpostToCms/Page_HealthPost Store/input_txttreat'

2018-06-10 19:17:53 - [MESSAGE][PASSED] - Text '100' is set on object 'Object Repository/HealthpostToCms/Page_HealthPost Store/input_txttreat'

2018-06-10 19:17:53 - [TEST_STEP][PASSED] - click: Object: 'Object Repository/HealthpostToCms/Page_HealthPost Store/button_Add' is clicked on

2018-06-10 19:17:53 - [MESSAGE][PASSED] - Object: 'Object Repository/HealthpostToCms/Page_HealthPost Store/button_Add' is clicked on

2018-06-10 19:17:53 - [TEST_STEP][PASSED] - delay: Delayed 1 second(s)

2018-06-10 19:17:54 - [MESSAGE][PASSED] - Delayed 1 second(s)

2018-06-10 19:17:54 - [TEST_STEP][PASSED] - selectOptionByIndex: All options with index in [4] are selected on object 'Object Repository/HealthpostToCms/Page_HealthPost Store/select_--Select--Schedule 1Inj'

2018-06-10 19:17:54 - [MESSAGE][PASSED] - All options with index in [4] are selected on object 'Object Repository/HealthpostToCms/Page_HealthPost Store/select_--Select--Schedule 1Inj'

2018-06-10 19:17:54 - [TEST_STEP][PASSED] - delay: Delayed 1 second(s)

2018-06-10 19:17:55 - [MESSAGE][PASSED] - Delayed 1 second(s)

2018-06-10 19:17:55 - [TEST_STEP][PASSED] - selectOptionByIndex: All options with index in [3] are selected on object 'Object Repository/HealthpostToCms/Page_HealthPost Store/select_--Select--Adernaline 0.'

2018-06-10 19:17:55 - [MESSAGE][PASSED] - All options with index in [3] are selected on object 'Object Repository/HealthpostToCms/Page_HealthPost Store/select_--Select--Adernaline 0.'

2018-06-10 19:17:55 - [TEST_STEP][PASSED] - setText: Text '100' is set on object 'Object Repository/HealthpostToCms/Page_HealthPost Store/input_txttreat'

2018-06-10 19:17:55 - [MESSAGE][PASSED] - Text '100' is set on object 'Object Repository/HealthpostToCms/Page_HealthPost Store/input_txttreat'

2018-06-10 19:17:55 - [TEST_STEP][PASSED] - click: Object: 'Object Repository/HealthpostToCms/Page_HealthPost Store/button_Add' is clicked on

2018-06-10 19:17:56 - [MESSAGE][PASSED] - Object: 'Object Repository/HealthpostToCms/Page_HealthPost Store/button_Add' is clicked on

2018-06-10 19:17:56 - [TEST_STEP][PASSED] - delay: Delayed 1 second(s)

2018-06-10 19:17:57 - [MESSAGE][PASSED] - Delayed 1 second(s)

2018-06-10 19:17:57 - [TEST_STEP][PASSED] - selectOptionByIndex: All options with index in [4] are selected on object 'Object Repository/HealthpostToCms/Page_HealthPost Store/select_--Select--Schedule 1Inj'

2018-06-10 19:17:57 - [MESSAGE][PASSED] - All options with index in [4] are selected on object 'Object Repository/HealthpostToCms/Page_HealthPost Store/select_--Select--Schedule 1Inj'

2018-06-10 19:17:57 - [TEST_STEP][PASSED] - delay: Delayed 1 second(s)

2018-06-10 19:17:58 - [MESSAGE][PASSED] - Delayed 1 second(s)

2018-06-10 19:17:58 - [TEST_STEP][PASSED] - selectOptionByIndex: All options with index in [4] are selected on object 'Object Repository/HealthpostToCms/Page_HealthPost Store/select_--Select--Adernaline 0.'

2018-06-10 19:17:58 - [MESSAGE][PASSED] - All options with index in [4] are selected on object 'Object Repository/HealthpostToCms/Page_HealthPost Store/select_--Select--Adernaline 0.'

2018-06-10 19:17:58 - [TEST_STEP][PASSED] - setText: Text '100' is set on object 'Object Repository/HealthpostToCms/Page_HealthPost Store/input_txttreat'

2018-06-10 19:17:58 - [MESSAGE][PASSED] - Text '100' is set on object 'Object Repository/HealthpostToCms/Page_HealthPost Store/input_txttreat'

2018-06-10 19:17:58 - [TEST_STEP][PASSED] - click: Object: 'Object Repository/HealthpostToCms/Page_HealthPost Store/button_Add' is clicked on

2018-06-10 19:17:58 - [MESSAGE][PASSED] - Object: 'Object Repository/HealthpostToCms/Page_HealthPost Store/button_Add' is clicked on

2018-06-10 19:17:58 - [TEST_STEP][PASSED] - delay: Delayed 1 second(s)

2018-06-10 19:17:59 - [MESSAGE][PASSED] - Delayed 1 second(s)

2018-06-10 19:17:59 - [TEST_STEP][PASSED] - selectOptionByIndex: All options with index in [4] are selected on object 'Object Repository/HealthpostToCms/Page_HealthPost Store/select_--Select--Schedule 1Inj'

2018-06-10 19:17:59 - [MESSAGE][PASSED] - All options with index in [4] are selected on object 'Object Repository/HealthpostToCms/Page_HealthPost Store/select_--Select--Schedule 1Inj'

2018-06-10 19:17:59 - [TEST_STEP][PASSED] - delay: Delayed 1 second(s)

2018-06-10 19:18:00 - [MESSAGE][PASSED] - Delayed 1 second(s)

2018-06-10 19:18:00 - [TEST_STEP][PASSED] - selectOptionByIndex: All options with index in [5] are selected on object 'Object Repository/HealthpostToCms/Page_HealthPost Store/select_--Select--Adernaline 0.'

2018-06-10 19:18:00 - [MESSAGE][PASSED] - All options with index in [5] are selected on object 'Object Repository/HealthpostToCms/Page_HealthPost Store/select_--Select--Adernaline 0.'

2018-06-10 19:18:00 - [TEST_STEP][PASSED] - setText: Text '100' is set on object 'Object Repository/HealthpostToCms/Page_HealthPost Store/input_txttreat'

2018-06-10 19:18:00 - [MESSAGE][PASSED] - Text '100' is set on object 'Object Repository/HealthpostToCms/Page_HealthPost Store/input_txttreat'

2018-06-10 19:18:00 - [TEST_STEP][PASSED] - click: Object: 'Object Repository/HealthpostToCms/Page_HealthPost Store/button_Add' is clicked on

2018-06-10 19:18:00 - [MESSAGE][PASSED] - Object: 'Object Repository/HealthpostToCms/Page_HealthPost Store/button_Add' is clicked on

2018-06-10 19:18:00 - [TEST_STEP][PASSED] - delay: Delayed 1 second(s)

2018-06-10 19:18:01 - [MESSAGE][PASSED] - Delayed 1 second(s)

2018-06-10 19:18:01 - [TEST_STEP][PASSED] - selectOptionByIndex: All options with index in [4] are selected on object 'Object Repository/HealthpostToCms/Page_HealthPost Store/select_--Select--Schedule 1Inj'

2018-06-10 19:18:02 - [MESSAGE][PASSED] - All options with index in [4] are selected on object 'Object Repository/HealthpostToCms/Page_HealthPost Store/select_--Select--Schedule 1Inj'

2018-06-10 19:18:02 - [TEST_STEP][PASSED] - delay: Delayed 1 second(s)

2018-06-10 19:18:03 - [MESSAGE][PASSED] - Delayed 1 second(s)

2018-06-10 19:18:03 - [TEST_STEP][PASSED] - selectOptionByIndex: All options with index in [6] are selected on object 'Object Repository/HealthpostToCms/Page_HealthPost Store/select_--Select--Adernaline 0.'

2018-06-10 19:18:03 - [MESSAGE][PASSED] - All options with index in [6] are selected on object 'Object Repository/HealthpostToCms/Page_HealthPost Store/select_--Select--Adernaline 0.'

2018-06-10 19:18:03 - [TEST_STEP][PASSED] - setText: Text '100' is set on object 'Object Repository/HealthpostToCms/Page_HealthPost Store/input_txttreat'

2018-06-10 19:18:03 - [MESSAGE][PASSED] - Text '100' is set on object 'Object Repository/HealthpostToCms/Page_HealthPost Store/input_txttreat'

2018-06-10 19:18:03 - [TEST_STEP][PASSED] - click: Object: 'Object Repository/HealthpostToCms/Page_HealthPost Store/button_Add' is clicked on

2018-06-10 19:18:03 - [MESSAGE][PASSED] - Object: 'Object Repository/HealthpostToCms/Page_HealthPost Store/button_Add' is clicked on

2018-06-10 19:18:03 - [TEST_STEP][PASSED] - delay: Delayed 1 second(s)

2018-06-10 19:18:04 - [MESSAGE][PASSED] - Delayed 1 second(s)

2018-06-10 19:18:04 - [TEST_STEP][PASSED] - selectOptionByIndex: All options with index in [4] are selected on object 'Object Repository/HealthpostToCms/Page_HealthPost Store/select_--Select--Schedule 1Inj'

2018-06-10 19:18:04 - [MESSAGE][PASSED] - All options with index in [4] are selected on object 'Object Repository/HealthpostToCms/Page_HealthPost Store/select_--Select--Schedule 1Inj'

2018-06-10 19:18:04 - [TEST_STEP][PASSED] - delay: Delayed 1 second(s)

2018-06-10 19:18:05 - [MESSAGE][PASSED] - Delayed 1 second(s)

2018-06-10 19:18:05 - [TEST_STEP][PASSED] - selectOptionByIndex: All options with index in [7] are selected on object 'Object Repository/HealthpostToCms/Page_HealthPost Store/select_--Select--Adernaline 0.'

2018-06-10 19:18:05 - [MESSAGE][PASSED] - All options with index in [7] are selected on object 'Object Repository/HealthpostToCms/Page_HealthPost Store/select_--Select--Adernaline 0.'

2018-06-10 19:18:05 - [TEST_STEP][PASSED] - setText: Text '100' is set on object 'Object Repository/HealthpostToCms/Page_HealthPost Store/input_txttreat'

2018-06-10 19:18:06 - [MESSAGE][PASSED] - Text '100' is set on object 'Object Repository/HealthpostToCms/Page_HealthPost Store/input_txttreat'

2018-06-10 19:18:06 - [TEST_STEP][PASSED] - click: Object: 'Object Repository/HealthpostToCms/Page_HealthPost Store/button_Add' is clicked on

2018-06-10 19:18:06 - [MESSAGE][PASSED] - Object: 'Object Repository/HealthpostToCms/Page_HealthPost Store/button_Add' is clicked on

2018-06-10 19:18:06 - [TEST_STEP][PASSED] - delay: Delayed 1 second(s)

2018-06-10 19:18:07 - [MESSAGE][PASSED] - Delayed 1 second(s)

2018-06-10 19:18:07 - [TEST_STEP][PASSED] - selectOptionByIndex: All options with index in [4] are selected on object 'Object Repository/HealthpostToCms/Page_HealthPost Store/select_--Select--Schedule 1Inj'

2018-06-10 19:18:07 - [MESSAGE][PASSED] - All options with index in [4] are selected on object 'Object Repository/HealthpostToCms/Page_HealthPost Store/select_--Select--Schedule 1Inj'

2018-06-10 19:18:07 - [TEST_STEP][PASSED] - delay: Delayed 1 second(s)

2018-06-10 19:18:08 - [MESSAGE][PASSED] - Delayed 1 second(s)

2018-06-10 19:18:08 - [TEST_STEP][PASSED] - selectOptionByIndex: All options with index in [8] are selected on object 'Object Repository/HealthpostToCms/Page_HealthPost Store/select_--Select--Adernaline 0.'

2018-06-10 19:18:08 - [MESSAGE][PASSED] - All options with index in [8] are selected on object 'Object Repository/HealthpostToCms/Page_HealthPost Store/select_--Select--Adernaline 0.'

2018-06-10 19:18:08 - [TEST_STEP][PASSED] - setText: Text '100' is set on object 'Object Repository/HealthpostToCms/Page_HealthPost Store/input_txttreat'

2018-06-10 19:18:08 - [MESSAGE][PASSED] - Text '100' is set on object 'Object Repository/HealthpostToCms/Page_HealthPost Store/input_txttreat'

2018-06-10 19:18:08 - [TEST_STEP][PASSED] - click: Object: 'Object Repository/HealthpostToCms/Page_HealthPost Store/button_Add' is clicked on

2018-06-10 19:18:08 - [MESSAGE][PASSED] - Object: 'Object Repository/HealthpostToCms/Page_HealthPost Store/button_Add' is clicked on

2018-06-10 19:18:08 - [TEST_STEP][PASSED] - delay: Delayed 1 second(s)

2018-06-10 19:18:09 - [MESSAGE][PASSED] - Delayed 1 second(s)

2018-06-10 19:18:09 - [TEST_STEP][PASSED] - selectOptionByIndex: All options with index in [4] are selected on object 'Object Repository/HealthpostToCms/Page_HealthPost Store/select_--Select--Schedule 1Inj'

2018-06-10 19:18:09 - [MESSAGE][PASSED] - All options with index in [4] are selected on object 'Object Repository/HealthpostToCms/Page_HealthPost Store/select_--Select--Schedule 1Inj'

2018-06-10 19:18:09 - [TEST_STEP][PASSED] - delay: Delayed 1 second(s)

2018-06-10 19:18:10 - [MESSAGE][PASSED] - Delayed 1 second(s)

2018-06-10 19:18:10 - [TEST_STEP][PASSED] - selectOptionByIndex: All options with index in [9] are selected on object 'Object Repository/HealthpostToCms/Page_HealthPost Store/select_--Select--Adernaline 0.'

2018-06-10 19:18:10 - [MESSAGE][PASSED] - All options with index in [9] are selected on object 'Object Repository/HealthpostToCms/Page_HealthPost Store/select_--Select--Adernaline 0.'

2018-06-10 19:18:10 - [TEST_STEP][PASSED] - setText: Text '100' is set on object 'Object Repository/HealthpostToCms/Page_HealthPost Store/input_txttreat'

2018-06-10 19:18:11 - [MESSAGE][PASSED] - Text '100' is set on object 'Object Repository/HealthpostToCms/Page_HealthPost Store/input_txttreat'

2018-06-10 19:18:11 - [TEST_STEP][PASSED] - click: Object: 'Object Repository/HealthpostToCms/Page_HealthPost Store/button_Add' is clicked on

2018-06-10 19:18:11 - [MESSAGE][PASSED] - Object: 'Object Repository/HealthpostToCms/Page_HealthPost Store/button_Add' is clicked on

2018-06-10 19:18:11 - [TEST_STEP][PASSED] - delay: Delayed 1 second(s)

2018-06-10 19:18:12 - [MESSAGE][PASSED] - Delayed 1 second(s)

2018-06-10 19:18:12 - [TEST_STEP][PASSED] - selectOptionByIndex: All options with index in [4] are selected on object 'Object Repository/HealthpostToCms/Page_HealthPost Store/select_--Select--Schedule 1Inj'

2018-06-10 19:18:12 - [MESSAGE][PASSED] - All options with index in [4] are selected on object 'Object Repository/HealthpostToCms/Page_HealthPost Store/select_--Select--Schedule 1Inj'

2018-06-10 19:18:12 - [TEST_STEP][PASSED] - delay: Delayed 1 second(s)

2018-06-10 19:18:13 - [MESSAGE][PASSED] - Delayed 1 second(s)

2018-06-10 19:18:13 - [TEST_STEP][PASSED] - selectOptionByIndex: All options with index in [10] are selected on object 'Object Repository/HealthpostToCms/Page_HealthPost Store/select_--Select--Adernaline 0.'

2018-06-10 19:18:13 - [MESSAGE][PASSED] - All options with index in [10] are selected on object 'Object Repository/HealthpostToCms/Page_HealthPost Store/select_--Select--Adernaline 0.'

2018-06-10 19:18:13 - [TEST_STEP][PASSED] - setText: Text '100' is set on object 'Object Repository/HealthpostToCms/Page_HealthPost Store/input_txttreat'

2018-06-10 19:18:13 - [MESSAGE][PASSED] - Text '100' is set on object 'Object Repository/HealthpostToCms/Page_HealthPost Store/input_txttreat'

2018-06-10 19:18:13 - [TEST_STEP][PASSED] - click: Object: 'Object Repository/HealthpostToCms/Page_HealthPost Store/button_Add' is clicked on

2018-06-10 19:18:13 - [MESSAGE][PASSED] - Object: 'Object Repository/HealthpostToCms/Page_HealthPost Store/button_Add' is clicked on

2018-06-10 19:18:13 - [TEST_STEP][PASSED] - delay: Delayed 1 second(s)

2018-06-10 19:18:14 - [MESSAGE][PASSED] - Delayed 1 second(s)

2018-06-10 19:18:14 - [TEST_STEP][PASSED] - selectOptionByIndex: All options with index in [4] are selected on object 'Object Repository/HealthpostToCms/Page_HealthPost Store/select_--Select--Schedule 1Inj'

2018-06-10 19:18:14 - [MESSAGE][PASSED] - All options with index in [4] are selected on object 'Object Repository/HealthpostToCms/Page_HealthPost Store/select_--Select--Schedule 1Inj'

2018-06-10 19:18:14 - [TEST_STEP][PASSED] - delay: Delayed 1 second(s)

2018-06-10 19:18:15 - [MESSAGE][PASSED] - Delayed 1 second(s)

2018-06-10 19:18:15 - [TEST_STEP][PASSED] - selectOptionByIndex: All options with index in [11] are selected on object 'Object Repository/HealthpostToCms/Page_HealthPost Store/select_--Select--Adernaline 0.'

2018-06-10 19:18:16 - [MESSAGE][PASSED] - All options with index in [11] are selected on object 'Object Repository/HealthpostToCms/Page_HealthPost Store/select_--Select--Adernaline 0.'

2018-06-10 19:18:16 - [TEST_STEP][PASSED] - setText: Text '100' is set on object 'Object Repository/HealthpostToCms/Page_HealthPost Store/input_txttreat'

2018-06-10 19:18:16 - [MESSAGE][PASSED] - Text '100' is set on object 'Object Repository/HealthpostToCms/Page_HealthPost Store/input_txttreat'

2018-06-10 19:18:16 - [TEST_STEP][PASSED] - click: Object: 'Object Repository/HealthpostToCms/Page_HealthPost Store/button_Add' is clicked on

2018-06-10 19:18:16 - [MESSAGE][PASSED] - Object: 'Object Repository/HealthpostToCms/Page_HealthPost Store/button_Add' is clicked on

2018-06-10 19:18:16 - [TEST_STEP][PASSED] - delay: Delayed 1 second(s)

2018-06-10 19:18:17 - [MESSAGE][PASSED] - Delayed 1 second(s)

2018-06-10 19:18:17 - [TEST_STEP][PASSED] - selectOptionByIndex: All options with index in [4] are selected on object 'Object Repository/HealthpostToCms/Page_HealthPost Store/select_--Select--Schedule 1Inj'

2018-06-10 19:18:17 - [MESSAGE][PASSED] - All options with index in [4] are selected on object 'Object Repository/HealthpostToCms/Page_HealthPost Store/select_--Select--Schedule 1Inj'

2018-06-10 19:18:17 - [TEST_STEP][PASSED] - delay: Delayed 1 second(s)

2018-06-10 19:18:18 - [MESSAGE][PASSED] - Delayed 1 second(s)

2018-06-10 19:18:18 - [TEST_STEP][PASSED] - selectOptionByIndex: All options with index in [12] are selected on object 'Object Repository/HealthpostToCms/Page_HealthPost Store/select_--Select--Adernaline 0.'

2018-06-10 19:18:18 - [MESSAGE][PASSED] - All options with index in [12] are selected on object 'Object Repository/HealthpostToCms/Page_HealthPost Store/select_--Select--Adernaline 0.'

2018-06-10 19:18:18 - [TEST_STEP][PASSED] - setText: Text '100' is set on object 'Object Repository/HealthpostToCms/Page_HealthPost Store/input_txttreat'

2018-06-10 19:18:18 - [MESSAGE][PASSED] - Text '100' is set on object 'Object Repository/HealthpostToCms/Page_HealthPost Store/input_txttreat'

2018-06-10 19:18:18 - [TEST_STEP][PASSED] - click: Object: 'Object Repository/HealthpostToCms/Page_HealthPost Store/button_Add' is clicked on

2018-06-10 19:18:18 - [MESSAGE][PASSED] - Object: 'Object Repository/HealthpostToCms/Page_HealthPost Store/button_Add' is clicked on

2018-06-10 19:18:18 - [TEST_STEP][PASSED] - delay: Delayed 1 second(s)

2018-06-10 19:18:19 - [MESSAGE][PASSED] - Delayed 1 second(s)

2018-06-10 19:18:19 - [TEST_STEP][PASSED] - selectOptionByIndex: All options with index in [4] are selected on object 'Object Repository/HealthpostToCms/Page_HealthPost Store/select_--Select--Schedule 1Inj'

2018-06-10 19:18:19 - [MESSAGE][PASSED] - All options with index in [4] are selected on object 'Object Repository/HealthpostToCms/Page_HealthPost Store/select_--Select--Schedule 1Inj'

2018-06-10 19:18:19 - [TEST_STEP][PASSED] - delay: Delayed 1 second(s)

2018-06-10 19:18:20 - [MESSAGE][PASSED] - Delayed 1 second(s)

2018-06-10 19:18:20 - [TEST_STEP][PASSED] - selectOptionByIndex: All options with index in [13] are selected on object 'Object Repository/HealthpostToCms/Page_HealthPost Store/select_--Select--Adernaline 0.'

2018-06-10 19:18:21 - [MESSAGE][PASSED] - All options with index in [13] are selected on object 'Object Repository/HealthpostToCms/Page_HealthPost Store/select_--Select--Adernaline 0.'

2018-06-10 19:18:21 - [TEST_STEP][PASSED] - setText: Text '100' is set on object 'Object Repository/HealthpostToCms/Page_HealthPost Store/input_txttreat'

2018-06-10 19:18:21 - [MESSAGE][PASSED] - Text '100' is set on object 'Object Repository/HealthpostToCms/Page_HealthPost Store/input_txttreat'

2018-06-10 19:18:21 - [TEST_STEP][PASSED] - click: Object: 'Object Repository/HealthpostToCms/Page_HealthPost Store/button_Add' is clicked on

2018-06-10 19:18:21 - [MESSAGE][PASSED] - Object: 'Object Repository/HealthpostToCms/Page_HealthPost Store/button_Add' is clicked on

2018-06-10 19:18:21 - [TEST_STEP][PASSED] - delay: Delayed 1 second(s)

2018-06-10 19:18:22 - [MESSAGE][PASSED] - Delayed 1 second(s)

2018-06-10 19:18:22 - [TEST_STEP][PASSED] - selectOptionByIndex: All options with index in [4] are selected on object 'Object Repository/HealthpostToCms/Page_HealthPost Store/select_--Select--Schedule 1Inj'

2018-06-10 19:18:22 - [MESSAGE][PASSED] - All options with index in [4] are selected on object 'Object Repository/HealthpostToCms/Page_HealthPost Store/select_--Select--Schedule 1Inj'

2018-06-10 19:18:22 - [TEST_STEP][PASSED] - delay: Delayed 1 second(s)

2018-06-10 19:18:23 - [MESSAGE][PASSED] - Delayed 1 second(s)

2018-06-10 19:18:23 - [TEST_STEP][PASSED] - selectOptionByIndex: All options with index in [14] are selected on object 'Object Repository/HealthpostToCms/Page_HealthPost Store/select_--Select--Adernaline 0.'

2018-06-10 19:18:23 - [MESSAGE][PASSED] - All options with index in [14] are selected on object 'Object Repository/HealthpostToCms/Page_HealthPost Store/select_--Select--Adernaline 0.'

2018-06-10 19:18:23 - [TEST_STEP][PASSED] - setText: Text '100' is set on object 'Object Repository/HealthpostToCms/Page_HealthPost Store/input_txttreat'

2018-06-10 19:18:23 - [MESSAGE][PASSED] - Text '100' is set on object 'Object Repository/HealthpostToCms/Page_HealthPost Store/input_txttreat'

2018-06-10 19:18:23 - [TEST_STEP][PASSED] - click: Object: 'Object Repository/HealthpostToCms/Page_HealthPost Store/button_Add' is clicked on

2018-06-10 19:18:23 - [MESSAGE][PASSED] - Object: 'Object Repository/HealthpostToCms/Page_HealthPost Store/button_Add' is clicked on

2018-06-10 19:18:23 - [TEST_STEP][PASSED] - delay: Delayed 1 second(s)

2018-06-10 19:18:24 - [MESSAGE][PASSED] - Delayed 1 second(s)

2018-06-10 19:18:24 - [TEST_STEP][PASSED] - selectOptionByIndex: All options with index in [4] are selected on object 'Object Repository/HealthpostToCms/Page_HealthPost Store/select_--Select--Schedule 1Inj'

2018-06-10 19:18:25 - [MESSAGE][PASSED] - All options with index in [4] are selected on object 'Object Repository/HealthpostToCms/Page_HealthPost Store/select_--Select--Schedule 1Inj'

2018-06-10 19:18:25 - [TEST_STEP][PASSED] - delay: Delayed 1 second(s)

2018-06-10 19:18:26 - [MESSAGE][PASSED] - Delayed 1 second(s)

2018-06-10 19:18:26 - [TEST_STEP][PASSED] - selectOptionByIndex: All options with index in [15] are selected on object 'Object Repository/HealthpostToCms/Page_HealthPost Store/select_--Select--Adernaline 0.'

2018-06-10 19:18:26 - [MESSAGE][PASSED] - All options with index in [15] are selected on object 'Object Repository/HealthpostToCms/Page_HealthPost Store/select_--Select--Adernaline 0.'

2018-06-10 19:18:26 - [TEST_STEP][PASSED] - setText: Text '100' is set on object 'Object Repository/HealthpostToCms/Page_HealthPost Store/input_txttreat'

2018-06-10 19:18:26 - [MESSAGE][PASSED] - Text '100' is set on object 'Object Repository/HealthpostToCms/Page_HealthPost Store/input_txttreat'

2018-06-10 19:18:26 - [TEST_STEP][PASSED] - click: Object: 'Object Repository/HealthpostToCms/Page_HealthPost Store/button_Add' is clicked on

2018-06-10 19:18:26 - [MESSAGE][PASSED] - Object: 'Object Repository/HealthpostToCms/Page_HealthPost Store/button_Add' is clicked on

2018-06-10 19:18:26 - [TEST_STEP][PASSED] - delay: Delayed 1 second(s)

2018-06-10 19:18:27 - [MESSAGE][PASSED] - Delayed 1 second(s)

2018-06-10 19:18:27 - [TEST_STEP][PASSED] - scrollToElement: Scroll to object 'Object Repository/HealthpostToCms/Page_HealthPost Store/input_btnsave' successfully

2018-06-10 19:18:27 - [MESSAGE][PASSED] - Scroll to object 'Object Repository/HealthpostToCms/Page_HealthPost Store/input_btnsave' successfully

2018-06-10 19:18:27 - [TEST_STEP][PASSED] - click: Object: 'Object Repository/HealthpostToCms/Page_HealthPost Store/input_btnsave' is clicked on

2018-06-10 19:18:27 - [MESSAGE][PASSED] - Object: 'Object Repository/HealthpostToCms/Page_HealthPost Store/input_btnsave' is clicked on

2018-06-10 19:18:27 - [TEST_STEP][PASSED] - delay: Delayed 3 second(s)

2018-06-10 19:18:30 - [MESSAGE][PASSED] - Delayed 3 second(s)

2018-06-10 19:18:30 - [TEST_STEP][PASSED] - Statement - RN1 = com.kms.katalon.core.webui.keyword.WebUiBuiltInKeywords.getText(com.kms.katalon.core.testobject.ObjectRepository.findTestObject(HealthpostToCms/Page_HealthPost Store/font_PRNO18052018174)): Text of object 'Object Repository/HealthpostToCms/Page_HealthPost Store/font_PRNO18052018174' is: 'PRNO/10062018/811'

2018-06-10 19:18:30 - [MESSAGE][PASSED] - Text of object 'Object Repository/HealthpostToCms/Page_HealthPost Store/font_PRNO18052018174' is: 'PRNO/10062018/811'

2018-06-10 19:18:30 - [TEST_STEP][PASSED] - Statement - out.println(RN1): null

2018-06-10 19:18:30 - [TEST_STEP][PASSED] - Statement - RID = RN1.split("/")[2]: null

2018-06-10 19:18:30 - [TEST_STEP][PASSED] - click: Object: 'Object Repository/HealthpostToCms/Page_HealthPost Store/button_OK' is clicked on

2018-06-10 19:18:31 - [MESSAGE][PASSED] - Object: 'Object Repository/HealthpostToCms/Page_HealthPost Store/button_OK' is clicked on

2018-06-10 19:18:31 - [TEST_STEP][PASSED] - delay: Delayed 3 second(s)

2018-06-10 19:18:34 - [MESSAGE][PASSED] - Delayed 3 second(s)

2018-06-10 19:18:34 - [TEST_STEP][PASSED] - click: Object: 'Object Repository/HealthpostToCms/Page_HealthPost Store/a_dropdown-toggle' is clicked on

2018-06-10 19:18:34 - [MESSAGE][PASSED] - Object: 'Object Repository/HealthpostToCms/Page_HealthPost Store/a_dropdown-toggle' is clicked on

2018-06-10 19:18:34 - [TEST_STEP][PASSED] - click: Object: 'Object Repository/HealthpostToCms/Page_HealthPost Store/a_Sign out' is clicked on

2018-06-10 19:18:34 - [MESSAGE][PASSED] - Object: 'Object Repository/HealthpostToCms/Page_HealthPost Store/a_Sign out' is clicked on

2018-06-10 19:18:34 - [TEST_STEP][PASSED] - delay: Delayed 3 second(s)

2018-06-10 19:18:37 - [MESSAGE][PASSED] - Delayed 3 second(s)

2018-06-10 19:18:37 - [TEST_STEP][PASSED] - navigateToUrl: Navigate to 'http://192.168.137.1/multihospital_new/' successfully

2018-06-10 19:18:38 - [MESSAGE][PASSED] - Navigate to 'http://192.168.137.1/multihospital_new/' successfully

2018-06-10 19:18:38 - [TEST_STEP][PASSED] - click: Object: 'Object Repository/HealthpostToCms/Page_KDMC/a_CMO' is clicked on

2018-06-10 19:18:38 - [MESSAGE][PASSED] - Object: 'Object Repository/HealthpostToCms/Page_KDMC/a_CMO' is clicked on

2018-06-10 19:18:38 - [TEST_STEP][PASSED] - setText: Text 'guru' is set on object 'Object Repository/HealthpostToCms/Page_CMO login/input_txtusername'

2018-06-10 19:18:39 - [MESSAGE][PASSED] - Text 'guru' is set on object 'Object Repository/HealthpostToCms/Page_CMO login/input_txtusername'

2018-06-10 19:18:39 - [TEST_STEP][PASSED] - setText: Text '123' is set on object 'Object Repository/HealthpostToCms/Page_CMO login/input_txtpassword'

2018-06-10 19:18:39 - [MESSAGE][PASSED] - Text '123' is set on object 'Object Repository/HealthpostToCms/Page_CMO login/input_txtpassword'

2018-06-10 19:18:39 - [TEST_STEP][PASSED] - delay: Delayed 3 second(s)

2018-06-10 19:18:42 - [MESSAGE][PASSED] - Delayed 3 second(s)

2018-06-10 19:18:42 - [TEST_STEP][PASSED] - click: Object: 'Object Repository/HealthpostToCms/Page_CMO login/button_Sign in' is clicked on

2018-06-10 19:18:43 - [MESSAGE][PASSED] - Object: 'Object Repository/HealthpostToCms/Page_CMO login/button_Sign in' is clicked on

2018-06-10 19:18:43 - [TEST_STEP][PASSED] - delay: Delayed 3 second(s)

2018-06-10 19:18:46 - [MESSAGE][PASSED] - Delayed 3 second(s)

2018-06-10 19:18:46 - [TEST_STEP][PASSED] - click: Object: 'Object Repository/HealthpostToCms/Page_KDMC - CMO/a_CMS Request' is clicked on

2018-06-10 19:18:46 - [MESSAGE][PASSED] - Object: 'Object Repository/HealthpostToCms/Page_KDMC - CMO/a_CMS Request' is clicked on

2018-06-10 19:18:46 - [TEST_STEP][PASSED] - delay: Delayed 2 second(s)

2018-06-10 19:18:48 - [MESSAGE][PASSED] - Delayed 2 second(s)

2018-06-10 19:18:48 - [TEST_STEP][PASSED] - click: Object: 'Object Repository/HealthpostToCms/Page_KDMC - CMO/a_Healthpost Store Request' is clicked on

2018-06-10 19:18:48 - [MESSAGE][PASSED] - Object: 'Object Repository/HealthpostToCms/Page_KDMC - CMO/a_Healthpost Store Request' is clicked on

2018-06-10 19:18:48 - [TEST_STEP][PASSED] - selectOptionByIndex: All options with index in [1] are selected on object 'Object Repository/HealthpostToCms/Page_KDMC - CMO/select_--ALL--'

2018-06-10 19:18:48 - [MESSAGE][PASSED] - All options with index in [1] are selected on object 'Object Repository/HealthpostToCms/Page_KDMC - CMO/select_--ALL--'

2018-06-10 19:18:48 - [TEST_STEP][PASSED] - click: Object: 'Object Repository/HealthpostToCms/Page_KDMC - CMO/input_btnsearch' is clicked on

2018-06-10 19:18:48 - [MESSAGE][PASSED] - Object: 'Object Repository/HealthpostToCms/Page_KDMC - CMO/input_btnsearch' is clicked on

2018-06-10 19:18:48 - [TEST_STEP][PASSED] - Statement - ID = com.kms.katalon.core.webui.keyword.WebUiBuiltInKeywords.modifyObjectProperty(com.kms.katalon.core.testobject.ObjectRepository.findTestObject(lab/Page_KDMC - CMO/input_1), "xpath", "equals", "//*[@id=" + RID + "]", true): Modify property of object successfully

2018-06-10 19:18:48 - [MESSAGE][PASSED] - Modify property of object successfully

2018-06-10 19:18:48 - [TEST_STEP][PASSED] - click: Object: 'Object Repository/lab/Page_KDMC - CMO/input_1' is clicked on

2018-06-10 19:18:49 - [MESSAGE][PASSED] - Object: 'Object Repository/lab/Page_KDMC - CMO/input_1' is clicked on

2018-06-10 19:18:49 - [TEST_STEP][PASSED] - delay: Delayed 2 second(s)

2018-06-10 19:18:51 - [MESSAGE][PASSED] - Delayed 2 second(s)

2018-06-10 19:18:51 - [TEST_STEP][PASSED] - selectOptionByIndex: All options with index in [1] are selected on object 'Object Repository/HealthpostToCms/Page_KDMC - CMO/select_--Select--'

2018-06-10 19:18:51 - [MESSAGE][PASSED] - All options with index in [1] are selected on object 'Object Repository/HealthpostToCms/Page_KDMC - CMO/select_--Select--'

2018-06-10 19:18:51 - [TEST_STEP][PASSED] - click: Object: 'Object Repository/HealthpostToCms/Page_KDMC - CMO/input_btnupdate' is clicked on

2018-06-10 19:18:51 - [MESSAGE][PASSED] - Object: 'Object Repository/HealthpostToCms/Page_KDMC - CMO/input_btnupdate' is clicked on

2018-06-10 19:18:51 - [TEST_STEP][PASSED] - delay: Delayed 2 second(s)

2018-06-10 19:18:53 - [MESSAGE][PASSED] - Delayed 2 second(s)

2018-06-10 19:18:53 - [TEST_STEP][PASSED] - click: Object: 'Object Repository/HealthpostToCms/Page_KDMC - CMO/button_OK' is clicked on

2018-06-10 19:18:54 - [MESSAGE][PASSED] - Object: 'Object Repository/HealthpostToCms/Page_KDMC - CMO/button_OK' is clicked on

2018-06-10 19:18:54 - [TEST_STEP][PASSED] - delay: Delayed 3 second(s)

2018-06-10 19:18:57 - [MESSAGE][PASSED] - Delayed 3 second(s)

2018-06-10 19:18:57 - [TEST_STEP][PASSED] - click: Object: 'Object Repository/HealthpostToCms/Page_KDMC - CMO/a_dropdown-toggle' is clicked on

2018-06-10 19:18:57 - [MESSAGE][PASSED] - Object: 'Object Repository/HealthpostToCms/Page_KDMC - CMO/a_dropdown-toggle' is clicked on

2018-06-10 19:18:57 - [TEST_STEP][PASSED] - click: Object: 'Object Repository/HealthpostToCms/Page_KDMC - CMO/a_Sign out' is clicked on

2018-06-10 19:18:57 - [MESSAGE][PASSED] - Object: 'Object Repository/HealthpostToCms/Page_KDMC - CMO/a_Sign out' is clicked on

2018-06-10 19:18:57 - [TEST_STEP][PASSED] - delay: Delayed 3 second(s)

2018-06-10 19:19:00 - [MESSAGE][PASSED] - Delayed 3 second(s)

2018-06-10 19:19:00 - [TEST_STEP][PASSED] - click: Object: 'Object Repository/HealthpostToCms/Page_KDMC/a_CMS' is clicked on

2018-06-10 19:19:01 - [MESSAGE][PASSED] - Object: 'Object Repository/HealthpostToCms/Page_KDMC/a_CMS' is clicked on

2018-06-10 19:19:01 - [TEST_STEP][PASSED] - setText: Text 'bala' is set on object 'Object Repository/HealthpostToCms/Page_CMS login/input_txtusername'

2018-06-10 19:19:01 - [MESSAGE][PASSED] - Text 'bala' is set on object 'Object Repository/HealthpostToCms/Page_CMS login/input_txtusername'

2018-06-10 19:19:01 - [TEST_STEP][PASSED] - setText: Text '123' is set on object 'Object Repository/HealthpostToCms/Page_CMS login/input_txtpassword'

2018-06-10 19:19:01 - [MESSAGE][PASSED] - Text '123' is set on object 'Object Repository/HealthpostToCms/Page_CMS login/input_txtpassword'

2018-06-10 19:19:01 - [TEST_STEP][PASSED] - delay: Delayed 3 second(s)

2018-06-10 19:19:04 - [MESSAGE][PASSED] - Delayed 3 second(s)

2018-06-10 19:19:04 - [TEST_STEP][PASSED] - click: Object: 'Object Repository/HealthpostToCms/Page_CMS login/button_Sign in' is clicked on

2018-06-10 19:19:05 - [MESSAGE][PASSED] - Object: 'Object Repository/HealthpostToCms/Page_CMS login/button_Sign in' is clicked on

2018-06-10 19:19:05 - [TEST_STEP][PASSED] - delay: Delayed 3 second(s)

2018-06-10 19:19:08 - [MESSAGE][PASSED] - Delayed 3 second(s)

2018-06-10 19:19:08 - [TEST_STEP][PASSED] - click: Object: 'Object Repository/HealthpostToCms/Page_KDMC - CMS/a_Divisional Store' is clicked on

2018-06-10 19:19:08 - [MESSAGE][PASSED] - Object: 'Object Repository/HealthpostToCms/Page_KDMC - CMS/a_Divisional Store' is clicked on

2018-06-10 19:19:08 - [TEST_STEP][PASSED] - delay: Delayed 2 second(s)

2018-06-10 19:19:10 - [MESSAGE][PASSED] - Delayed 2 second(s)

2018-06-10 19:19:10 - [TEST_STEP][PASSED] - click: Object: 'Object Repository/HealthpostToCms/Page_KDMC - CMS/a_Dispatch Items' is clicked on

2018-06-10 19:19:10 - [MESSAGE][PASSED] - Object: 'Object Repository/HealthpostToCms/Page_KDMC - CMS/a_Dispatch Items' is clicked on

2018-06-10 19:19:10 - [TEST_STEP][PASSED] - delay: Delayed 2 second(s)

2018-06-10 19:19:12 - [MESSAGE][PASSED] - Delayed 2 second(s)

2018-06-10 19:19:12 - [TEST_STEP][PASSED] - setText: Text 'PRNO/10062018/811' is set on object 'Object Repository/HealthpostToCms/Page_KDMC - CMS/input'

2018-06-10 19:19:13 - [MESSAGE][PASSED] - Text 'PRNO/10062018/811' is set on object 'Object Repository/HealthpostToCms/Page_KDMC - CMS/input'

2018-06-10 19:19:13 - [TEST_STEP][PASSED] - click: Object: 'Object Repository/HealthpostToCms/Page_KDMC - CMS/input_PRNO18052018174' is clicked on

2018-06-10 19:19:13 - [MESSAGE][PASSED] - Object: 'Object Repository/HealthpostToCms/Page_KDMC - CMS/input_PRNO18052018174' is clicked on

2018-06-10 19:19:13 - [TEST_STEP][PASSED] - delay: Delayed 3 second(s)

2018-06-10 19:19:16 - [MESSAGE][PASSED] - Delayed 3 second(s)

2018-06-10 19:19:16 - [TEST_STEP][PASSED] - Statement - out.println("Length : " + medicineslength): null

2018-06-10 19:19:16 - [TEST_STEP][PASSED] - Statement - For ([row = 0, row < medicineslength - 1, (row++)]): null

2018-06-10 19:19:16 - [TEST_STEP][PASSED] - Statement - batchlength = new com.kms.katalon.core.testobject.TestObject(): null

2018-06-10 19:19:16 - [TEST_STEP][PASSED] - Statement - batchlength = com.kms.katalon.core.webui.keyword.WebUiBuiltInKeywords.modifyObjectProperty(batchlength, "xpath", "equals", "//*[@id = "fldvendor" + row + ""]", true): Modify property of object successfully

2018-06-10 19:19:16 - [MESSAGE][PASSED] - Modify property of object successfully

2018-06-10 19:19:16 - [TEST_STEP][PASSED] - Statement - batchsize = com.kms.katalon.core.webui.keyword.WebUiBuiltInKeywords.getNumberOfTotalOption(batchlength): 13 options of object '' counted

2018-06-10 19:19:16 - [MESSAGE][PASSED] - 13 options of object '' counted

2018-06-10 19:19:16 - [TEST_STEP][PASSED] - Statement - out.println("BatchSize : " + batchsize): null

2018-06-10 19:19:16 - [TEST_STEP][PASSED] - Statement - For ([n = 1, n <= batchsize - 1, (n++)]): null

2018-06-10 19:19:16 - [TEST_STEP][PASSED] - Statement - product = new com.kms.katalon.core.testobject.TestObject(): null

2018-06-10 19:19:16 - [TEST_STEP][PASSED] - Statement - product = com.kms.katalon.core.webui.keyword.WebUiBuiltInKeywords.modifyObjectProperty(product, "xpath", "equals", "//*[@id = "fldvendor" + row + ""]", true): Modify property of object successfully

2018-06-10 19:19:16 - [MESSAGE][PASSED] - Modify property of object successfully

2018-06-10 19:19:16 - [TEST_STEP][PASSED] - selectOptionByIndex: All options with index in [1] are selected on object ''

2018-06-10 19:19:16 - [MESSAGE][PASSED] - All options with index in [1] are selected on object ''

2018-06-10 19:19:16 - [TEST_STEP][PASSED] - Statement - batch = new com.kms.katalon.core.testobject.TestObject(): null

2018-06-10 19:19:16 - [TEST_STEP][PASSED] - Statement - batch = com.kms.katalon.core.webui.keyword.WebUiBuiltInKeywords.modifyObjectProperty(batch, "xpath", "equals", "//*[@id = "txtbthqty" + row + ""]", true): Modify property of object successfully

2018-06-10 19:19:16 - [MESSAGE][PASSED] - Modify property of object successfully

2018-06-10 19:19:16 - [TEST_STEP][PASSED] - Statement - batchqty = com.kms.katalon.core.webui.keyword.WebUiBuiltInKeywords.getAttribute(batch, "value").trim(): Attribute 'value' of object '' is: '1100'

2018-06-10 19:19:16 - [MESSAGE][PASSED] - Attribute 'value' of object '' is: '1100'

2018-06-10 19:19:16 - [TEST_STEP][PASSED] - Statement - Rqty = 100: null

2018-06-10 19:19:16 - [TEST_STEP][PASSED] - delay: Delayed 2 second(s)

2018-06-10 19:19:18 - [MESSAGE][PASSED] - Delayed 2 second(s)

2018-06-10 19:19:18 - [TEST_STEP][PASSED] - Statement - out.println("BatchQty : " + batchqty): null

2018-06-10 19:19:18 - [TEST_STEP][PASSED] - Statement - out.println("RQty : " + Rqty): null

2018-06-10 19:19:18 - [TEST_STEP][PASSED] - Statement - If (java.lang.Integer.valueOf(batchqty) >= java.lang.Integer.valueOf(Rqty)): null

2018-06-10 19:19:18 - [TEST_STEP][PASSED] - Statement - Break: null

2018-06-10 19:19:18 - [TEST_STEP][PASSED] - Statement - batchlength = new com.kms.katalon.core.testobject.TestObject(): null

2018-06-10 19:19:18 - [TEST_STEP][PASSED] - Statement - batchlength = com.kms.katalon.core.webui.keyword.WebUiBuiltInKeywords.modifyObjectProperty(batchlength, "xpath", "equals", "//*[@id = "fldvendor" + row + ""]", true): Modify property of object successfully

2018-06-10 19:19:18 - [MESSAGE][PASSED] - Modify property of object successfully

2018-06-10 19:19:18 - [TEST_STEP][PASSED] - Statement - batchsize = com.kms.katalon.core.webui.keyword.WebUiBuiltInKeywords.getNumberOfTotalOption(batchlength): 12 options of object '' counted

2018-06-10 19:19:18 - [MESSAGE][PASSED] - 12 options of object '' counted

2018-06-10 19:19:18 - [TEST_STEP][PASSED] - Statement - out.println("BatchSize : " + batchsize): null

2018-06-10 19:19:18 - [TEST_STEP][PASSED] - Statement - For ([n = 1, n <= batchsize - 1, (n++)]): null

2018-06-10 19:19:18 - [TEST_STEP][PASSED] - Statement - product = new com.kms.katalon.core.testobject.TestObject(): null

2018-06-10 19:19:18 - [TEST_STEP][PASSED] - Statement - product = com.kms.katalon.core.webui.keyword.WebUiBuiltInKeywords.modifyObjectProperty(product, "xpath", "equals", "//*[@id = "fldvendor" + row + ""]", true): Modify property of object successfully

2018-06-10 19:19:18 - [MESSAGE][PASSED] - Modify property of object successfully

2018-06-10 19:19:18 - [TEST_STEP][PASSED] - selectOptionByIndex: All options with index in [1] are selected on object ''

2018-06-10 19:19:18 - [MESSAGE][PASSED] - All options with index in [1] are selected on object ''

2018-06-10 19:19:18 - [TEST_STEP][PASSED] - Statement - batch = new com.kms.katalon.core.testobject.TestObject(): null

2018-06-10 19:19:18 - [TEST_STEP][PASSED] - Statement - batch = com.kms.katalon.core.webui.keyword.WebUiBuiltInKeywords.modifyObjectProperty(batch, "xpath", "equals", "//*[@id = "txtbthqty" + row + ""]", true): Modify property of object successfully

2018-06-10 19:19:18 - [MESSAGE][PASSED] - Modify property of object successfully

2018-06-10 19:19:18 - [TEST_STEP][PASSED] - Statement - batchqty = com.kms.katalon.core.webui.keyword.WebUiBuiltInKeywords.getAttribute(batch, "value").trim(): Attribute 'value' of object '' is: '3500'

2018-06-10 19:19:18 - [MESSAGE][PASSED] - Attribute 'value' of object '' is: '3500'

2018-06-10 19:19:18 - [TEST_STEP][PASSED] - Statement - Rqty = 100: null

2018-06-10 19:19:18 - [TEST_STEP][PASSED] - delay: Delayed 2 second(s)

2018-06-10 19:19:20 - [MESSAGE][PASSED] - Delayed 2 second(s)

2018-06-10 19:19:20 - [TEST_STEP][PASSED] - Statement - out.println("BatchQty : " + batchqty): null

2018-06-10 19:19:20 - [TEST_STEP][PASSED] - Statement - out.println("RQty : " + Rqty): null

2018-06-10 19:19:20 - [TEST_STEP][PASSED] - Statement - If (java.lang.Integer.valueOf(batchqty) >= java.lang.Integer.valueOf(Rqty)): null

2018-06-10 19:19:20 - [TEST_STEP][PASSED] - Statement - Break: null

2018-06-10 19:19:20 - [TEST_STEP][PASSED] - Statement - batchlength = new com.kms.katalon.core.testobject.TestObject(): null

2018-06-10 19:19:20 - [TEST_STEP][PASSED] - Statement - batchlength = com.kms.katalon.core.webui.keyword.WebUiBuiltInKeywords.modifyObjectProperty(batchlength, "xpath", "equals", "//*[@id = "fldvendor" + row + ""]", true): Modify property of object successfully

2018-06-10 19:19:20 - [MESSAGE][PASSED] - Modify property of object successfully

2018-06-10 19:19:20 - [TEST_STEP][PASSED] - Statement - batchsize = com.kms.katalon.core.webui.keyword.WebUiBuiltInKeywords.getNumberOfTotalOption(batchlength): 12 options of object '' counted

2018-06-10 19:19:20 - [MESSAGE][PASSED] - 12 options of object '' counted

2018-06-10 19:19:20 - [TEST_STEP][PASSED] - Statement - out.println("BatchSize : " + batchsize): null

2018-06-10 19:19:20 - [TEST_STEP][PASSED] - Statement - For ([n = 1, n <= batchsize - 1, (n++)]): null

2018-06-10 19:19:20 - [TEST_STEP][PASSED] - Statement - product = new com.kms.katalon.core.testobject.TestObject(): null

2018-06-10 19:19:20 - [TEST_STEP][PASSED] - Statement - product = com.kms.katalon.core.webui.keyword.WebUiBuiltInKeywords.modifyObjectProperty(product, "xpath", "equals", "//*[@id = "fldvendor" + row + ""]", true): Modify property of object successfully

2018-06-10 19:19:20 - [MESSAGE][PASSED] - Modify property of object successfully

2018-06-10 19:19:20 - [TEST_STEP][PASSED] - selectOptionByIndex: All options with index in [1] are selected on object ''

2018-06-10 19:19:21 - [MESSAGE][PASSED] - All options with index in [1] are selected on object ''

2018-06-10 19:19:21 - [TEST_STEP][PASSED] - Statement - batch = new com.kms.katalon.core.testobject.TestObject(): null

2018-06-10 19:19:21 - [TEST_STEP][PASSED] - Statement - batch = com.kms.katalon.core.webui.keyword.WebUiBuiltInKeywords.modifyObjectProperty(batch, "xpath", "equals", "//*[@id = "txtbthqty" + row + ""]", true): Modify property of object successfully

2018-06-10 19:19:21 - [MESSAGE][PASSED] - Modify property of object successfully

2018-06-10 19:19:21 - [TEST_STEP][PASSED] - Statement - batchqty = com.kms.katalon.core.webui.keyword.WebUiBuiltInKeywords.getAttribute(batch, "value").trim(): Attribute 'value' of object '' is: '1100'

2018-06-10 19:19:21 - [MESSAGE][PASSED] - Attribute 'value' of object '' is: '1100'

2018-06-10 19:19:21 - [TEST_STEP][PASSED] - Statement - Rqty = 100: null

2018-06-10 19:19:21 - [TEST_STEP][PASSED] - delay: Delayed 2 second(s)

2018-06-10 19:19:23 - [MESSAGE][PASSED] - Delayed 2 second(s)

2018-06-10 19:19:23 - [TEST_STEP][PASSED] - Statement - out.println("BatchQty : " + batchqty): null

2018-06-10 19:19:23 - [TEST_STEP][PASSED] - Statement - out.println("RQty : " + Rqty): null

2018-06-10 19:19:23 - [TEST_STEP][PASSED] - Statement - If (java.lang.Integer.valueOf(batchqty) >= java.lang.Integer.valueOf(Rqty)): null

2018-06-10 19:19:23 - [TEST_STEP][PASSED] - Statement - Break: null

2018-06-10 19:19:23 - [TEST_STEP][PASSED] - Statement - batchlength = new com.kms.katalon.core.testobject.TestObject(): null

2018-06-10 19:19:23 - [TEST_STEP][PASSED] - Statement - batchlength = com.kms.katalon.core.webui.keyword.WebUiBuiltInKeywords.modifyObjectProperty(batchlength, "xpath", "equals", "//*[@id = "fldvendor" + row + ""]", true): Modify property of object successfully

2018-06-10 19:19:23 - [MESSAGE][PASSED] - Modify property of object successfully

2018-06-10 19:19:23 - [TEST_STEP][PASSED] - Statement - batchsize = com.kms.katalon.core.webui.keyword.WebUiBuiltInKeywords.getNumberOfTotalOption(batchlength): 11 options of object '' counted

2018-06-10 19:19:23 - [MESSAGE][PASSED] - 11 options of object '' counted

2018-06-10 19:19:23 - [TEST_STEP][PASSED] - Statement - out.println("BatchSize : " + batchsize): null

2018-06-10 19:19:23 - [TEST_STEP][PASSED] - Statement - For ([n = 1, n <= batchsize - 1, (n++)]): null

2018-06-10 19:19:23 - [TEST_STEP][PASSED] - Statement - product = new com.kms.katalon.core.testobject.TestObject(): null

2018-06-10 19:19:23 - [TEST_STEP][PASSED] - Statement - product = com.kms.katalon.core.webui.keyword.WebUiBuiltInKeywords.modifyObjectProperty(product, "xpath", "equals", "//*[@id = "fldvendor" + row + ""]", true): Modify property of object successfully

2018-06-10 19:19:23 - [MESSAGE][PASSED] - Modify property of object successfully

2018-06-10 19:19:23 - [TEST_STEP][PASSED] - selectOptionByIndex: All options with index in [1] are selected on object ''

2018-06-10 19:19:23 - [MESSAGE][PASSED] - All options with index in [1] are selected on object ''

2018-06-10 19:19:23 - [TEST_STEP][PASSED] - Statement - batch = new com.kms.katalon.core.testobject.TestObject(): null

2018-06-10 19:19:23 - [TEST_STEP][PASSED] - Statement - batch = com.kms.katalon.core.webui.keyword.WebUiBuiltInKeywords.modifyObjectProperty(batch, "xpath", "equals", "//*[@id = "txtbthqty" + row + ""]", true): Modify property of object successfully

2018-06-10 19:19:23 - [MESSAGE][PASSED] - Modify property of object successfully

2018-06-10 19:19:23 - [TEST_STEP][PASSED] - Statement - batchqty = com.kms.katalon.core.webui.keyword.WebUiBuiltInKeywords.getAttribute(batch, "value").trim(): Attribute 'value' of object '' is: '4600'

2018-06-10 19:19:23 - [MESSAGE][PASSED] - Attribute 'value' of object '' is: '4600'

2018-06-10 19:19:23 - [TEST_STEP][PASSED] - Statement - Rqty = 100: null

2018-06-10 19:19:23 - [TEST_STEP][PASSED] - delay: Delayed 2 second(s)

2018-06-10 19:19:25 - [MESSAGE][PASSED] - Delayed 2 second(s)

2018-06-10 19:19:25 - [TEST_STEP][PASSED] - Statement - out.println("BatchQty : " + batchqty): null

2018-06-10 19:19:25 - [TEST_STEP][PASSED] - Statement - out.println("RQty : " + Rqty): null

2018-06-10 19:19:25 - [TEST_STEP][PASSED] - Statement - If (java.lang.Integer.valueOf(batchqty) >= java.lang.Integer.valueOf(Rqty)): null

2018-06-10 19:19:25 - [TEST_STEP][PASSED] - Statement - Break: null

2018-06-10 19:19:25 - [TEST_STEP][PASSED] - Statement - batchlength = new com.kms.katalon.core.testobject.TestObject(): null

2018-06-10 19:19:25 - [TEST_STEP][PASSED] - Statement - batchlength = com.kms.katalon.core.webui.keyword.WebUiBuiltInKeywords.modifyObjectProperty(batchlength, "xpath", "equals", "//*[@id = "fldvendor" + row + ""]", true): Modify property of object successfully

2018-06-10 19:19:25 - [MESSAGE][PASSED] - Modify property of object successfully

2018-06-10 19:19:25 - [TEST_STEP][PASSED] - Statement - batchsize = com.kms.katalon.core.webui.keyword.WebUiBuiltInKeywords.getNumberOfTotalOption(batchlength): 12 options of object '' counted

2018-06-10 19:19:25 - [MESSAGE][PASSED] - 12 options of object '' counted

2018-06-10 19:19:25 - [TEST_STEP][PASSED] - Statement - out.println("BatchSize : " + batchsize): null

2018-06-10 19:19:25 - [TEST_STEP][PASSED] - Statement - For ([n = 1, n <= batchsize - 1, (n++)]): null

2018-06-10 19:19:25 - [TEST_STEP][PASSED] - Statement - product = new com.kms.katalon.core.testobject.TestObject(): null

2018-06-10 19:19:25 - [TEST_STEP][PASSED] - Statement - product = com.kms.katalon.core.webui.keyword.WebUiBuiltInKeywords.modifyObjectProperty(product, "xpath", "equals", "//*[@id = "fldvendor" + row + ""]", true): Modify property of object successfully

2018-06-10 19:19:25 - [MESSAGE][PASSED] - Modify property of object successfully

2018-06-10 19:19:25 - [TEST_STEP][PASSED] - selectOptionByIndex: All options with index in [1] are selected on object ''

2018-06-10 19:19:25 - [MESSAGE][PASSED] - All options with index in [1] are selected on object ''

2018-06-10 19:19:25 - [TEST_STEP][PASSED] - Statement - batch = new com.kms.katalon.core.testobject.TestObject(): null

2018-06-10 19:19:25 - [TEST_STEP][PASSED] - Statement - batch = com.kms.katalon.core.webui.keyword.WebUiBuiltInKeywords.modifyObjectProperty(batch, "xpath", "equals", "//*[@id = "txtbthqty" + row + ""]", true): Modify property of object successfully

2018-06-10 19:19:25 - [MESSAGE][PASSED] - Modify property of object successfully

2018-06-10 19:19:25 - [TEST_STEP][PASSED] - Statement - batchqty = com.kms.katalon.core.webui.keyword.WebUiBuiltInKeywords.getAttribute(batch, "value").trim(): Attribute 'value' of object '' is: '100'

2018-06-10 19:19:25 - [MESSAGE][PASSED] - Attribute 'value' of object '' is: '100'

2018-06-10 19:19:25 - [TEST_STEP][PASSED] - Statement - Rqty = 100: null

2018-06-10 19:19:25 - [TEST_STEP][PASSED] - delay: Delayed 2 second(s)

2018-06-10 19:19:27 - [MESSAGE][PASSED] - Delayed 2 second(s)

2018-06-10 19:19:27 - [TEST_STEP][PASSED] - Statement - out.println("BatchQty : " + batchqty): null

2018-06-10 19:19:27 - [TEST_STEP][PASSED] - Statement - out.println("RQty : " + Rqty): null

2018-06-10 19:19:27 - [TEST_STEP][PASSED] - Statement - If (java.lang.Integer.valueOf(batchqty) >= java.lang.Integer.valueOf(Rqty)): null

2018-06-10 19:19:27 - [TEST_STEP][PASSED] - Statement - Break: null

2018-06-10 19:19:27 - [TEST_STEP][PASSED] - Statement - batchlength = new com.kms.katalon.core.testobject.TestObject(): null

2018-06-10 19:19:27 - [TEST_STEP][PASSED] - Statement - batchlength = com.kms.katalon.core.webui.keyword.WebUiBuiltInKeywords.modifyObjectProperty(batchlength, "xpath", "equals", "//*[@id = "fldvendor" + row + ""]", true): Modify property of object successfully

2018-06-10 19:19:27 - [MESSAGE][PASSED] - Modify property of object successfully

2018-06-10 19:19:27 - [TEST_STEP][PASSED] - Statement - batchsize = com.kms.katalon.core.webui.keyword.WebUiBuiltInKeywords.getNumberOfTotalOption(batchlength): 12 options of object '' counted

2018-06-10 19:19:27 - [MESSAGE][PASSED] - 12 options of object '' counted

2018-06-10 19:19:27 - [TEST_STEP][PASSED] - Statement - out.println("BatchSize : " + batchsize): null

2018-06-10 19:19:27 - [TEST_STEP][PASSED] - Statement - For ([n = 1, n <= batchsize - 1, (n++)]): null

2018-06-10 19:19:27 - [TEST_STEP][PASSED] - Statement - product = new com.kms.katalon.core.testobject.TestObject(): null

2018-06-10 19:19:27 - [TEST_STEP][PASSED] - Statement - product = com.kms.katalon.core.webui.keyword.WebUiBuiltInKeywords.modifyObjectProperty(product, "xpath", "equals", "//*[@id = "fldvendor" + row + ""]", true): Modify property of object successfully

2018-06-10 19:19:27 - [MESSAGE][PASSED] - Modify property of object successfully

2018-06-10 19:19:27 - [TEST_STEP][PASSED] - selectOptionByIndex: All options with index in [1] are selected on object ''

2018-06-10 19:19:27 - [MESSAGE][PASSED] - All options with index in [1] are selected on object ''

2018-06-10 19:19:27 - [TEST_STEP][PASSED] - Statement - batch = new com.kms.katalon.core.testobject.TestObject(): null

2018-06-10 19:19:27 - [TEST_STEP][PASSED] - Statement - batch = com.kms.katalon.core.webui.keyword.WebUiBuiltInKeywords.modifyObjectProperty(batch, "xpath", "equals", "//*[@id = "txtbthqty" + row + ""]", true): Modify property of object successfully

2018-06-10 19:19:27 - [MESSAGE][PASSED] - Modify property of object successfully

2018-06-10 19:19:27 - [TEST_STEP][PASSED] - Statement - batchqty = com.kms.katalon.core.webui.keyword.WebUiBuiltInKeywords.getAttribute(batch, "value").trim(): Attribute 'value' of object '' is: '35000'

2018-06-10 19:19:27 - [MESSAGE][PASSED] - Attribute 'value' of object '' is: '35000'

2018-06-10 19:19:27 - [TEST_STEP][PASSED] - Statement - Rqty = 100: null

2018-06-10 19:19:27 - [TEST_STEP][PASSED] - delay: Delayed 2 second(s)

2018-06-10 19:19:29 - [MESSAGE][PASSED] - Delayed 2 second(s)

2018-06-10 19:19:29 - [TEST_STEP][PASSED] - Statement - out.println("BatchQty : " + batchqty): null

2018-06-10 19:19:29 - [TEST_STEP][PASSED] - Statement - out.println("RQty : " + Rqty): null

2018-06-10 19:19:29 - [TEST_STEP][PASSED] - Statement - If (java.lang.Integer.valueOf(batchqty) >= java.lang.Integer.valueOf(Rqty)): null

2018-06-10 19:19:29 - [TEST_STEP][PASSED] - Statement - Break: null

2018-06-10 19:19:29 - [TEST_STEP][PASSED] - Statement - batchlength = new com.kms.katalon.core.testobject.TestObject(): null

2018-06-10 19:19:29 - [TEST_STEP][PASSED] - Statement - batchlength = com.kms.katalon.core.webui.keyword.WebUiBuiltInKeywords.modifyObjectProperty(batchlength, "xpath", "equals", "//*[@id = "fldvendor" + row + ""]", true): Modify property of object successfully

2018-06-10 19:19:29 - [MESSAGE][PASSED] - Modify property of object successfully

2018-06-10 19:19:29 - [TEST_STEP][PASSED] - Statement - batchsize = com.kms.katalon.core.webui.keyword.WebUiBuiltInKeywords.getNumberOfTotalOption(batchlength): 12 options of object '' counted

2018-06-10 19:19:29 - [MESSAGE][PASSED] - 12 options of object '' counted

2018-06-10 19:19:29 - [TEST_STEP][PASSED] - Statement - out.println("BatchSize : " + batchsize): null

2018-06-10 19:19:29 - [TEST_STEP][PASSED] - Statement - For ([n = 1, n <= batchsize - 1, (n++)]): null

2018-06-10 19:19:29 - [TEST_STEP][PASSED] - Statement - product = new com.kms.katalon.core.testobject.TestObject(): null

2018-06-10 19:19:29 - [TEST_STEP][PASSED] - Statement - product = com.kms.katalon.core.webui.keyword.WebUiBuiltInKeywords.modifyObjectProperty(product, "xpath", "equals", "//*[@id = "fldvendor" + row + ""]", true): Modify property of object successfully

2018-06-10 19:19:29 - [MESSAGE][PASSED] - Modify property of object successfully

2018-06-10 19:19:29 - [TEST_STEP][PASSED] - selectOptionByIndex: All options with index in [1] are selected on object ''

2018-06-10 19:19:30 - [MESSAGE][PASSED] - All options with index in [1] are selected on object ''

2018-06-10 19:19:30 - [TEST_STEP][PASSED] - Statement - batch = new com.kms.katalon.core.testobject.TestObject(): null

2018-06-10 19:19:30 - [TEST_STEP][PASSED] - Statement - batch = com.kms.katalon.core.webui.keyword.WebUiBuiltInKeywords.modifyObjectProperty(batch, "xpath", "equals", "//*[@id = "txtbthqty" + row + ""]", true): Modify property of object successfully

2018-06-10 19:19:30 - [MESSAGE][PASSED] - Modify property of object successfully

2018-06-10 19:19:30 - [TEST_STEP][PASSED] - Statement - batchqty = com.kms.katalon.core.webui.keyword.WebUiBuiltInKeywords.getAttribute(batch, "value").trim(): Attribute 'value' of object '' is: '100'

2018-06-10 19:19:30 - [MESSAGE][PASSED] - Attribute 'value' of object '' is: '100'

2018-06-10 19:19:30 - [TEST_STEP][PASSED] - Statement - Rqty = 100: null

2018-06-10 19:19:30 - [TEST_STEP][PASSED] - delay: Delayed 2 second(s)

2018-06-10 19:19:32 - [MESSAGE][PASSED] - Delayed 2 second(s)

2018-06-10 19:19:32 - [TEST_STEP][PASSED] - Statement - out.println("BatchQty : " + batchqty): null

2018-06-10 19:19:32 - [TEST_STEP][PASSED] - Statement - out.println("RQty : " + Rqty): null

2018-06-10 19:19:32 - [TEST_STEP][PASSED] - Statement - If (java.lang.Integer.valueOf(batchqty) >= java.lang.Integer.valueOf(Rqty)): null

2018-06-10 19:19:32 - [TEST_STEP][PASSED] - Statement - Break: null

2018-06-10 19:19:32 - [TEST_STEP][PASSED] - Statement - batchlength = new com.kms.katalon.core.testobject.TestObject(): null

2018-06-10 19:19:32 - [TEST_STEP][PASSED] - Statement - batchlength = com.kms.katalon.core.webui.keyword.WebUiBuiltInKeywords.modifyObjectProperty(batchlength, "xpath", "equals", "//*[@id = "fldvendor" + row + ""]", true): Modify property of object successfully

2018-06-10 19:19:32 - [MESSAGE][PASSED] - Modify property of object successfully

2018-06-10 19:19:32 - [TEST_STEP][PASSED] - Statement - batchsize = com.kms.katalon.core.webui.keyword.WebUiBuiltInKeywords.getNumberOfTotalOption(batchlength): 12 options of object '' counted

2018-06-10 19:19:32 - [MESSAGE][PASSED] - 12 options of object '' counted

2018-06-10 19:19:32 - [TEST_STEP][PASSED] - Statement - out.println("BatchSize : " + batchsize): null

2018-06-10 19:19:32 - [TEST_STEP][PASSED] - Statement - For ([n = 1, n <= batchsize - 1, (n++)]): null

2018-06-10 19:19:32 - [TEST_STEP][PASSED] - Statement - product = new com.kms.katalon.core.testobject.TestObject(): null

2018-06-10 19:19:32 - [TEST_STEP][PASSED] - Statement - product = com.kms.katalon.core.webui.keyword.WebUiBuiltInKeywords.modifyObjectProperty(product, "xpath", "equals", "//*[@id = "fldvendor" + row + ""]", true): Modify property of object successfully

2018-06-10 19:19:32 - [MESSAGE][PASSED] - Modify property of object successfully

2018-06-10 19:19:32 - [TEST_STEP][PASSED] - selectOptionByIndex: All options with index in [1] are selected on object ''

2018-06-10 19:19:32 - [MESSAGE][PASSED] - All options with index in [1] are selected on object ''

2018-06-10 19:19:32 - [TEST_STEP][PASSED] - Statement - batch = new com.kms.katalon.core.testobject.TestObject(): null

2018-06-10 19:19:32 - [TEST_STEP][PASSED] - Statement - batch = com.kms.katalon.core.webui.keyword.WebUiBuiltInKeywords.modifyObjectProperty(batch, "xpath", "equals", "//*[@id = "txtbthqty" + row + ""]", true): Modify property of object successfully

2018-06-10 19:19:32 - [MESSAGE][PASSED] - Modify property of object successfully

2018-06-10 19:19:32 - [TEST_STEP][PASSED] - Statement - batchqty = com.kms.katalon.core.webui.keyword.WebUiBuiltInKeywords.getAttribute(batch, "value").trim(): Attribute 'value' of object '' is: '4600'

2018-06-10 19:19:32 - [MESSAGE][PASSED] - Attribute 'value' of object '' is: '4600'

2018-06-10 19:19:32 - [TEST_STEP][PASSED] - Statement - Rqty = 100: null

2018-06-10 19:19:32 - [TEST_STEP][PASSED] - delay: Delayed 2 second(s)

2018-06-10 19:19:34 - [MESSAGE][PASSED] - Delayed 2 second(s)

2018-06-10 19:19:34 - [TEST_STEP][PASSED] - Statement - out.println("BatchQty : " + batchqty): null

2018-06-10 19:19:34 - [TEST_STEP][PASSED] - Statement - out.println("RQty : " + Rqty): null

2018-06-10 19:19:34 - [TEST_STEP][PASSED] - Statement - If (java.lang.Integer.valueOf(batchqty) >= java.lang.Integer.valueOf(Rqty)): null

2018-06-10 19:19:34 - [TEST_STEP][PASSED] - Statement - Break: null

2018-06-10 19:19:34 - [TEST_STEP][PASSED] - Statement - batchlength = new com.kms.katalon.core.testobject.TestObject(): null

2018-06-10 19:19:34 - [TEST_STEP][PASSED] - Statement - batchlength = com.kms.katalon.core.webui.keyword.WebUiBuiltInKeywords.modifyObjectProperty(batchlength, "xpath", "equals", "//*[@id = "fldvendor" + row + ""]", true): Modify property of object successfully

2018-06-10 19:19:34 - [MESSAGE][PASSED] - Modify property of object successfully

2018-06-10 19:19:34 - [TEST_STEP][PASSED] - Statement - batchsize = com.kms.katalon.core.webui.keyword.WebUiBuiltInKeywords.getNumberOfTotalOption(batchlength): 12 options of object '' counted

2018-06-10 19:19:34 - [MESSAGE][PASSED] - 12 options of object '' counted

2018-06-10 19:19:34 - [TEST_STEP][PASSED] - Statement - out.println("BatchSize : " + batchsize): null

2018-06-10 19:19:34 - [TEST_STEP][PASSED] - Statement - For ([n = 1, n <= batchsize - 1, (n++)]): null

2018-06-10 19:19:34 - [TEST_STEP][PASSED] - Statement - product = new com.kms.katalon.core.testobject.TestObject(): null

2018-06-10 19:19:34 - [TEST_STEP][PASSED] - Statement - product = com.kms.katalon.core.webui.keyword.WebUiBuiltInKeywords.modifyObjectProperty(product, "xpath", "equals", "//*[@id = "fldvendor" + row + ""]", true): Modify property of object successfully

2018-06-10 19:19:34 - [MESSAGE][PASSED] - Modify property of object successfully

2018-06-10 19:19:34 - [TEST_STEP][PASSED] - selectOptionByIndex: All options with index in [1] are selected on object ''

2018-06-10 19:19:34 - [MESSAGE][PASSED] - All options with index in [1] are selected on object ''

2018-06-10 19:19:34 - [TEST_STEP][PASSED] - Statement - batch = new com.kms.katalon.core.testobject.TestObject(): null

2018-06-10 19:19:34 - [TEST_STEP][PASSED] - Statement - batch = com.kms.katalon.core.webui.keyword.WebUiBuiltInKeywords.modifyObjectProperty(batch, "xpath", "equals", "//*[@id = "txtbthqty" + row + ""]", true): Modify property of object successfully

2018-06-10 19:19:34 - [MESSAGE][PASSED] - Modify property of object successfully

2018-06-10 19:19:34 - [TEST_STEP][PASSED] - Statement - batchqty = com.kms.katalon.core.webui.keyword.WebUiBuiltInKeywords.getAttribute(batch, "value").trim(): Attribute 'value' of object '' is: '2700'

2018-06-10 19:19:34 - [MESSAGE][PASSED] - Attribute 'value' of object '' is: '2700'

2018-06-10 19:19:34 - [TEST_STEP][PASSED] - Statement - Rqty = 100: null

2018-06-10 19:19:34 - [TEST_STEP][PASSED] - delay: Delayed 2 second(s)

2018-06-10 19:19:36 - [MESSAGE][PASSED] - Delayed 2 second(s)

2018-06-10 19:19:36 - [TEST_STEP][PASSED] - Statement - out.println("BatchQty : " + batchqty): null

2018-06-10 19:19:36 - [TEST_STEP][PASSED] - Statement - out.println("RQty : " + Rqty): null

2018-06-10 19:19:36 - [TEST_STEP][PASSED] - Statement - If (java.lang.Integer.valueOf(batchqty) >= java.lang.Integer.valueOf(Rqty)): null

2018-06-10 19:19:36 - [TEST_STEP][PASSED] - Statement - Break: null

2018-06-10 19:19:36 - [TEST_STEP][PASSED] - Statement - batchlength = new com.kms.katalon.core.testobject.TestObject(): null

2018-06-10 19:19:36 - [TEST_STEP][PASSED] - Statement - batchlength = com.kms.katalon.core.webui.keyword.WebUiBuiltInKeywords.modifyObjectProperty(batchlength, "xpath", "equals", "//*[@id = "fldvendor" + row + ""]", true): Modify property of object successfully

2018-06-10 19:19:36 - [MESSAGE][PASSED] - Modify property of object successfully

2018-06-10 19:19:36 - [TEST_STEP][PASSED] - Statement - batchsize = com.kms.katalon.core.webui.keyword.WebUiBuiltInKeywords.getNumberOfTotalOption(batchlength): 11 options of object '' counted

2018-06-10 19:19:36 - [MESSAGE][PASSED] - 11 options of object '' counted

2018-06-10 19:19:36 - [TEST_STEP][PASSED] - Statement - out.println("BatchSize : " + batchsize): null

2018-06-10 19:19:36 - [TEST_STEP][PASSED] - Statement - For ([n = 1, n <= batchsize - 1, (n++)]): null

2018-06-10 19:19:36 - [TEST_STEP][PASSED] - Statement - product = new com.kms.katalon.core.testobject.TestObject(): null

2018-06-10 19:19:36 - [TEST_STEP][PASSED] - Statement - product = com.kms.katalon.core.webui.keyword.WebUiBuiltInKeywords.modifyObjectProperty(product, "xpath", "equals", "//*[@id = "fldvendor" + row + ""]", true): Modify property of object successfully

2018-06-10 19:19:36 - [MESSAGE][PASSED] - Modify property of object successfully

2018-06-10 19:19:36 - [TEST_STEP][PASSED] - selectOptionByIndex: All options with index in [1] are selected on object ''

2018-06-10 19:19:36 - [MESSAGE][PASSED] - All options with index in [1] are selected on object ''

2018-06-10 19:19:36 - [TEST_STEP][PASSED] - Statement - batch = new com.kms.katalon.core.testobject.TestObject(): null

2018-06-10 19:19:36 - [TEST_STEP][PASSED] - Statement - batch = com.kms.katalon.core.webui.keyword.WebUiBuiltInKeywords.modifyObjectProperty(batch, "xpath", "equals", "//*[@id = "txtbthqty" + row + ""]", true): Modify property of object successfully

2018-06-10 19:19:36 - [MESSAGE][PASSED] - Modify property of object successfully

2018-06-10 19:19:36 - [TEST_STEP][PASSED] - Statement - batchqty = com.kms.katalon.core.webui.keyword.WebUiBuiltInKeywords.getAttribute(batch, "value").trim(): Attribute 'value' of object '' is: '2500'

2018-06-10 19:19:36 - [MESSAGE][PASSED] - Attribute 'value' of object '' is: '2500'

2018-06-10 19:19:36 - [TEST_STEP][PASSED] - Statement - Rqty = 100: null

2018-06-10 19:19:36 - [TEST_STEP][PASSED] - delay: Delayed 2 second(s)

2018-06-10 19:19:38 - [MESSAGE][PASSED] - Delayed 2 second(s)

2018-06-10 19:19:38 - [TEST_STEP][PASSED] - Statement - out.println("BatchQty : " + batchqty): null

2018-06-10 19:19:38 - [TEST_STEP][PASSED] - Statement - out.println("RQty : " + Rqty): null

2018-06-10 19:19:38 - [TEST_STEP][PASSED] - Statement - If (java.lang.Integer.valueOf(batchqty) >= java.lang.Integer.valueOf(Rqty)): null

2018-06-10 19:19:38 - [TEST_STEP][PASSED] - Statement - Break: null

2018-06-10 19:19:38 - [TEST_STEP][PASSED] - Statement - batchlength = new com.kms.katalon.core.testobject.TestObject(): null

2018-06-10 19:19:38 - [TEST_STEP][PASSED] - Statement - batchlength = com.kms.katalon.core.webui.keyword.WebUiBuiltInKeywords.modifyObjectProperty(batchlength, "xpath", "equals", "//*[@id = "fldvendor" + row + ""]", true): Modify property of object successfully

2018-06-10 19:19:38 - [MESSAGE][PASSED] - Modify property of object successfully

2018-06-10 19:19:38 - [TEST_STEP][PASSED] - Statement - batchsize = com.kms.katalon.core.webui.keyword.WebUiBuiltInKeywords.getNumberOfTotalOption(batchlength): 11 options of object '' counted

2018-06-10 19:19:38 - [MESSAGE][PASSED] - 11 options of object '' counted

2018-06-10 19:19:38 - [TEST_STEP][PASSED] - Statement - out.println("BatchSize : " + batchsize): null

2018-06-10 19:19:38 - [TEST_STEP][PASSED] - Statement - For ([n = 1, n <= batchsize - 1, (n++)]): null

2018-06-10 19:19:38 - [TEST_STEP][PASSED] - Statement - product = new com.kms.katalon.core.testobject.TestObject(): null

2018-06-10 19:19:38 - [TEST_STEP][PASSED] - Statement - product = com.kms.katalon.core.webui.keyword.WebUiBuiltInKeywords.modifyObjectProperty(product, "xpath", "equals", "//*[@id = "fldvendor" + row + ""]", true): Modify property of object successfully

2018-06-10 19:19:38 - [MESSAGE][PASSED] - Modify property of object successfully

2018-06-10 19:19:38 - [TEST_STEP][PASSED] - selectOptionByIndex: All options with index in [1] are selected on object ''

2018-06-10 19:19:39 - [MESSAGE][PASSED] - All options with index in [1] are selected on object ''

2018-06-10 19:19:39 - [TEST_STEP][PASSED] - Statement - batch = new com.kms.katalon.core.testobject.TestObject(): null

2018-06-10 19:19:39 - [TEST_STEP][PASSED] - Statement - batch = com.kms.katalon.core.webui.keyword.WebUiBuiltInKeywords.modifyObjectProperty(batch, "xpath", "equals", "//*[@id = "txtbthqty" + row + ""]", true): Modify property of object successfully

2018-06-10 19:19:39 - [MESSAGE][PASSED] - Modify property of object successfully

2018-06-10 19:19:39 - [TEST_STEP][PASSED] - Statement - batchqty = com.kms.katalon.core.webui.keyword.WebUiBuiltInKeywords.getAttribute(batch, "value").trim(): Attribute 'value' of object '' is: '1400'

2018-06-10 19:19:39 - [MESSAGE][PASSED] - Attribute 'value' of object '' is: '1400'

2018-06-10 19:19:39 - [TEST_STEP][PASSED] - Statement - Rqty = 100: null

2018-06-10 19:19:39 - [TEST_STEP][PASSED] - delay: Delayed 2 second(s)

2018-06-10 19:19:41 - [MESSAGE][PASSED] - Delayed 2 second(s)

2018-06-10 19:19:41 - [TEST_STEP][PASSED] - Statement - out.println("BatchQty : " + batchqty): null

2018-06-10 19:19:41 - [TEST_STEP][PASSED] - Statement - out.println("RQty : " + Rqty): null

2018-06-10 19:19:41 - [TEST_STEP][PASSED] - Statement - If (java.lang.Integer.valueOf(batchqty) >= java.lang.Integer.valueOf(Rqty)): null

2018-06-10 19:19:41 - [TEST_STEP][PASSED] - Statement - Break: null

2018-06-10 19:19:41 - [TEST_STEP][PASSED] - Statement - batchlength = new com.kms.katalon.core.testobject.TestObject(): null

2018-06-10 19:19:41 - [TEST_STEP][PASSED] - Statement - batchlength = com.kms.katalon.core.webui.keyword.WebUiBuiltInKeywords.modifyObjectProperty(batchlength, "xpath", "equals", "//*[@id = "fldvendor" + row + ""]", true): Modify property of object successfully

2018-06-10 19:19:41 - [MESSAGE][PASSED] - Modify property of object successfully

2018-06-10 19:19:41 - [TEST_STEP][PASSED] - Statement - batchsize = com.kms.katalon.core.webui.keyword.WebUiBuiltInKeywords.getNumberOfTotalOption(batchlength): 11 options of object '' counted

2018-06-10 19:19:41 - [MESSAGE][PASSED] - 11 options of object '' counted

2018-06-10 19:19:41 - [TEST_STEP][PASSED] - Statement - out.println("BatchSize : " + batchsize): null

2018-06-10 19:19:41 - [TEST_STEP][PASSED] - Statement - For ([n = 1, n <= batchsize - 1, (n++)]): null

2018-06-10 19:19:41 - [TEST_STEP][PASSED] - Statement - product = new com.kms.katalon.core.testobject.TestObject(): null

2018-06-10 19:19:41 - [TEST_STEP][PASSED] - Statement - product = com.kms.katalon.core.webui.keyword.WebUiBuiltInKeywords.modifyObjectProperty(product, "xpath", "equals", "//*[@id = "fldvendor" + row + ""]", true): Modify property of object successfully

2018-06-10 19:19:41 - [MESSAGE][PASSED] - Modify property of object successfully

2018-06-10 19:19:41 - [TEST_STEP][PASSED] - selectOptionByIndex: All options with index in [1] are selected on object ''

2018-06-10 19:19:41 - [MESSAGE][PASSED] - All options with index in [1] are selected on object ''

2018-06-10 19:19:41 - [TEST_STEP][PASSED] - Statement - batch = new com.kms.katalon.core.testobject.TestObject(): null

2018-06-10 19:19:41 - [TEST_STEP][PASSED] - Statement - batch = com.kms.katalon.core.webui.keyword.WebUiBuiltInKeywords.modifyObjectProperty(batch, "xpath", "equals", "//*[@id = "txtbthqty" + row + ""]", true): Modify property of object successfully

2018-06-10 19:19:41 - [MESSAGE][PASSED] - Modify property of object successfully

2018-06-10 19:19:41 - [TEST_STEP][PASSED] - Statement - batchqty = com.kms.katalon.core.webui.keyword.WebUiBuiltInKeywords.getAttribute(batch, "value").trim(): Attribute 'value' of object '' is: '4600'

2018-06-10 19:19:41 - [MESSAGE][PASSED] - Attribute 'value' of object '' is: '4600'

2018-06-10 19:19:41 - [TEST_STEP][PASSED] - Statement - Rqty = 100: null

2018-06-10 19:19:41 - [TEST_STEP][PASSED] - delay: Delayed 2 second(s)

2018-06-10 19:19:43 - [MESSAGE][PASSED] - Delayed 2 second(s)

2018-06-10 19:19:43 - [TEST_STEP][PASSED] - Statement - out.println("BatchQty : " + batchqty): null

2018-06-10 19:19:43 - [TEST_STEP][PASSED] - Statement - out.println("RQty : " + Rqty): null

2018-06-10 19:19:43 - [TEST_STEP][PASSED] - Statement - If (java.lang.Integer.valueOf(batchqty) >= java.lang.Integer.valueOf(Rqty)): null

2018-06-10 19:19:43 - [TEST_STEP][PASSED] - Statement - Break: null

2018-06-10 19:19:43 - [TEST_STEP][PASSED] - Statement - batchlength = new com.kms.katalon.core.testobject.TestObject(): null

2018-06-10 19:19:43 - [TEST_STEP][PASSED] - Statement - batchlength = com.kms.katalon.core.webui.keyword.WebUiBuiltInKeywords.modifyObjectProperty(batchlength, "xpath", "equals", "//*[@id = "fldvendor" + row + ""]", true): Modify property of object successfully

2018-06-10 19:19:43 - [MESSAGE][PASSED] - Modify property of object successfully

2018-06-10 19:19:43 - [TEST_STEP][PASSED] - Statement - batchsize = com.kms.katalon.core.webui.keyword.WebUiBuiltInKeywords.getNumberOfTotalOption(batchlength): 12 options of object '' counted

2018-06-10 19:19:43 - [MESSAGE][PASSED] - 12 options of object '' counted

2018-06-10 19:19:43 - [TEST_STEP][PASSED] - Statement - out.println("BatchSize : " + batchsize): null

2018-06-10 19:19:43 - [TEST_STEP][PASSED] - Statement - For ([n = 1, n <= batchsize - 1, (n++)]): null

2018-06-10 19:19:43 - [TEST_STEP][PASSED] - Statement - product = new com.kms.katalon.core.testobject.TestObject(): null

2018-06-10 19:19:43 - [TEST_STEP][PASSED] - Statement - product = com.kms.katalon.core.webui.keyword.WebUiBuiltInKeywords.modifyObjectProperty(product, "xpath", "equals", "//*[@id = "fldvendor" + row + ""]", true): Modify property of object successfully

2018-06-10 19:19:43 - [MESSAGE][PASSED] - Modify property of object successfully

2018-06-10 19:19:43 - [TEST_STEP][PASSED] - selectOptionByIndex: All options with index in [1] are selected on object ''

2018-06-10 19:19:43 - [MESSAGE][PASSED] - All options with index in [1] are selected on object ''

2018-06-10 19:19:43 - [TEST_STEP][PASSED] - Statement - batch = new com.kms.katalon.core.testobject.TestObject(): null

2018-06-10 19:19:43 - [TEST_STEP][PASSED] - Statement - batch = com.kms.katalon.core.webui.keyword.WebUiBuiltInKeywords.modifyObjectProperty(batch, "xpath", "equals", "//*[@id = "txtbthqty" + row + ""]", true): Modify property of object successfully

2018-06-10 19:19:43 - [MESSAGE][PASSED] - Modify property of object successfully

2018-06-10 19:19:43 - [TEST_STEP][PASSED] - Statement - batchqty = com.kms.katalon.core.webui.keyword.WebUiBuiltInKeywords.getAttribute(batch, "value").trim(): Attribute 'value' of object '' is: '100'

2018-06-10 19:19:43 - [MESSAGE][PASSED] - Attribute 'value' of object '' is: '100'

2018-06-10 19:19:43 - [TEST_STEP][PASSED] - Statement - Rqty = 100: null

2018-06-10 19:19:43 - [TEST_STEP][PASSED] - delay: Delayed 2 second(s)

2018-06-10 19:19:45 - [MESSAGE][PASSED] - Delayed 2 second(s)

2018-06-10 19:19:45 - [TEST_STEP][PASSED] - Statement - out.println("BatchQty : " + batchqty): null

2018-06-10 19:19:45 - [TEST_STEP][PASSED] - Statement - out.println("RQty : " + Rqty): null

2018-06-10 19:19:45 - [TEST_STEP][PASSED] - Statement - If (java.lang.Integer.valueOf(batchqty) >= java.lang.Integer.valueOf(Rqty)): null

2018-06-10 19:19:45 - [TEST_STEP][PASSED] - Statement - Break: null

2018-06-10 19:19:45 - [TEST_STEP][PASSED] - Statement - batchlength = new com.kms.katalon.core.testobject.TestObject(): null

2018-06-10 19:19:45 - [TEST_STEP][PASSED] - Statement - batchlength = com.kms.katalon.core.webui.keyword.WebUiBuiltInKeywords.modifyObjectProperty(batchlength, "xpath", "equals", "//*[@id = "fldvendor" + row + ""]", true): Modify property of object successfully

2018-06-10 19:19:45 - [MESSAGE][PASSED] - Modify property of object successfully

2018-06-10 19:19:45 - [TEST_STEP][PASSED] - Statement - batchsize = com.kms.katalon.core.webui.keyword.WebUiBuiltInKeywords.getNumberOfTotalOption(batchlength): 12 options of object '' counted

2018-06-10 19:19:45 - [MESSAGE][PASSED] - 12 options of object '' counted

2018-06-10 19:19:45 - [TEST_STEP][PASSED] - Statement - out.println("BatchSize : " + batchsize): null

2018-06-10 19:19:45 - [TEST_STEP][PASSED] - Statement - For ([n = 1, n <= batchsize - 1, (n++)]): null

2018-06-10 19:19:45 - [TEST_STEP][PASSED] - Statement - product = new com.kms.katalon.core.testobject.TestObject(): null

2018-06-10 19:19:45 - [TEST_STEP][PASSED] - Statement - product = com.kms.katalon.core.webui.keyword.WebUiBuiltInKeywords.modifyObjectProperty(product, "xpath", "equals", "//*[@id = "fldvendor" + row + ""]", true): Modify property of object successfully

2018-06-10 19:19:45 - [MESSAGE][PASSED] - Modify property of object successfully

2018-06-10 19:19:45 - [TEST_STEP][PASSED] - selectOptionByIndex: All options with index in [1] are selected on object ''

2018-06-10 19:19:45 - [MESSAGE][PASSED] - All options with index in [1] are selected on object ''

2018-06-10 19:19:45 - [TEST_STEP][PASSED] - Statement - batch = new com.kms.katalon.core.testobject.TestObject(): null

2018-06-10 19:19:45 - [TEST_STEP][PASSED] - Statement - batch = com.kms.katalon.core.webui.keyword.WebUiBuiltInKeywords.modifyObjectProperty(batch, "xpath", "equals", "//*[@id = "txtbthqty" + row + ""]", true): Modify property of object successfully

2018-06-10 19:19:45 - [MESSAGE][PASSED] - Modify property of object successfully

2018-06-10 19:19:45 - [TEST_STEP][PASSED] - Statement - batchqty = com.kms.katalon.core.webui.keyword.WebUiBuiltInKeywords.getAttribute(batch, "value").trim(): Attribute 'value' of object '' is: '2400'

2018-06-10 19:19:45 - [MESSAGE][PASSED] - Attribute 'value' of object '' is: '2400'

2018-06-10 19:19:45 - [TEST_STEP][PASSED] - Statement - Rqty = 100: null

2018-06-10 19:19:45 - [TEST_STEP][PASSED] - delay: Delayed 2 second(s)

2018-06-10 19:19:47 - [MESSAGE][PASSED] - Delayed 2 second(s)

2018-06-10 19:19:47 - [TEST_STEP][PASSED] - Statement - out.println("BatchQty : " + batchqty): null

2018-06-10 19:19:47 - [TEST_STEP][PASSED] - Statement - out.println("RQty : " + Rqty): null

2018-06-10 19:19:47 - [TEST_STEP][PASSED] - Statement - If (java.lang.Integer.valueOf(batchqty) >= java.lang.Integer.valueOf(Rqty)): null

2018-06-10 19:19:47 - [TEST_STEP][PASSED] - Statement - Break: null

2018-06-10 19:19:47 - [TEST_STEP][PASSED] - Statement - batchlength = new com.kms.katalon.core.testobject.TestObject(): null

2018-06-10 19:19:47 - [TEST_STEP][PASSED] - Statement - batchlength = com.kms.katalon.core.webui.keyword.WebUiBuiltInKeywords.modifyObjectProperty(batchlength, "xpath", "equals", "//*[@id = "fldvendor" + row + ""]", true): Modify property of object successfully

2018-06-10 19:19:47 - [MESSAGE][PASSED] - Modify property of object successfully

2018-06-10 19:19:47 - [TEST_STEP][PASSED] - Statement - batchsize = com.kms.katalon.core.webui.keyword.WebUiBuiltInKeywords.getNumberOfTotalOption(batchlength): 12 options of object '' counted

2018-06-10 19:19:47 - [MESSAGE][PASSED] - 12 options of object '' counted

2018-06-10 19:19:47 - [TEST_STEP][PASSED] - Statement - out.println("BatchSize : " + batchsize): null

2018-06-10 19:19:47 - [TEST_STEP][PASSED] - Statement - For ([n = 1, n <= batchsize - 1, (n++)]): null

2018-06-10 19:19:47 - [TEST_STEP][PASSED] - Statement - product = new com.kms.katalon.core.testobject.TestObject(): null

2018-06-10 19:19:47 - [TEST_STEP][PASSED] - Statement - product = com.kms.katalon.core.webui.keyword.WebUiBuiltInKeywords.modifyObjectProperty(product, "xpath", "equals", "//*[@id = "fldvendor" + row + ""]", true): Modify property of object successfully

2018-06-10 19:19:47 - [MESSAGE][PASSED] - Modify property of object successfully

2018-06-10 19:19:47 - [TEST_STEP][PASSED] - selectOptionByIndex: All options with index in [1] are selected on object ''

2018-06-10 19:19:48 - [MESSAGE][PASSED] - All options with index in [1] are selected on object ''

2018-06-10 19:19:48 - [TEST_STEP][PASSED] - Statement - batch = new com.kms.katalon.core.testobject.TestObject(): null

2018-06-10 19:19:48 - [TEST_STEP][PASSED] - Statement - batch = com.kms.katalon.core.webui.keyword.WebUiBuiltInKeywords.modifyObjectProperty(batch, "xpath", "equals", "//*[@id = "txtbthqty" + row + ""]", true): Modify property of object successfully

2018-06-10 19:19:48 - [MESSAGE][PASSED] - Modify property of object successfully

2018-06-10 19:19:48 - [TEST_STEP][PASSED] - Statement - batchqty = com.kms.katalon.core.webui.keyword.WebUiBuiltInKeywords.getAttribute(batch, "value").trim(): Attribute 'value' of object '' is: '1100'

2018-06-10 19:19:48 - [MESSAGE][PASSED] - Attribute 'value' of object '' is: '1100'

2018-06-10 19:19:48 - [TEST_STEP][PASSED] - Statement - Rqty = 100: null

2018-06-10 19:19:48 - [TEST_STEP][PASSED] - delay: Delayed 2 second(s)

2018-06-10 19:19:50 - [MESSAGE][PASSED] - Delayed 2 second(s)

2018-06-10 19:19:50 - [TEST_STEP][PASSED] - Statement - out.println("BatchQty : " + batchqty): null

2018-06-10 19:19:50 - [TEST_STEP][PASSED] - Statement - out.println("RQty : " + Rqty): null

2018-06-10 19:19:50 - [TEST_STEP][PASSED] - Statement - If (java.lang.Integer.valueOf(batchqty) >= java.lang.Integer.valueOf(Rqty)): null

2018-06-10 19:19:50 - [TEST_STEP][PASSED] - Statement - Break: null

2018-06-10 19:19:50 - [TEST_STEP][PASSED] - delay: Delayed 2 second(s)

2018-06-10 19:19:52 - [MESSAGE][PASSED] - Delayed 2 second(s)

2018-06-10 19:19:52 - [TEST_STEP][PASSED] - click: Object: 'Object Repository/HealthpostToCms/Page_KDMC - CMS/input_btndispatch' is clicked on

2018-06-10 19:19:52 - [MESSAGE][PASSED] - Object: 'Object Repository/HealthpostToCms/Page_KDMC - CMS/input_btndispatch' is clicked on

2018-06-10 19:19:52 - [TEST_STEP][PASSED] - delay: Delayed 3 second(s)

2018-06-10 19:19:55 - [MESSAGE][PASSED] - Delayed 3 second(s)

2018-06-10 19:19:55 - [TEST_STEP][PASSED] - click: Object: 'Object Repository/HealthpostToCms/Page_KDMC - CMS/button_OK' is clicked on

2018-06-10 19:19:55 - [MESSAGE][PASSED] - Object: 'Object Repository/HealthpostToCms/Page_KDMC - CMS/button_OK' is clicked on

2018-06-10 19:19:55 - [TEST_STEP][PASSED] - delay: Delayed 3 second(s)

2018-06-10 19:19:58 - [MESSAGE][PASSED] - Delayed 3 second(s)

2018-06-10 19:19:58 - [TEST_STEP][PASSED] - click: Object: 'Object Repository/HealthpostToCms/Page_KDMC - CMS/a_dropdown-toggle' is clicked on

2018-06-10 19:19:58 - [MESSAGE][PASSED] - Object: 'Object Repository/HealthpostToCms/Page_KDMC - CMS/a_dropdown-toggle' is clicked on

2018-06-10 19:19:58 - [TEST_STEP][PASSED] - click: Object: 'Object Repository/HealthpostToCms/Page_KDMC - CMS/a_Sign out' is clicked on

2018-06-10 19:19:59 - [MESSAGE][PASSED] - Object: 'Object Repository/HealthpostToCms/Page_KDMC - CMS/a_Sign out' is clicked on

2018-06-10 19:19:59 - [TEST_STEP][PASSED] - delay: Delayed 3 second(s)

2018-06-10 19:20:02 - [MESSAGE][PASSED] - Delayed 3 second(s)

2018-06-10 19:20:02 - [TEST_STEP][PASSED] - navigateToUrl: Navigate to 'http://192.168.137.1/multihospital_new/HDSplashscreen.aspx' successfully

2018-06-10 19:20:02 - [MESSAGE][PASSED] - Navigate to 'http://192.168.137.1/multihospital_new/HDSplashscreen.aspx' successfully

2018-06-10 19:20:02 - [TEST_STEP][PASSED] - click: Object: 'Object Repository/HealthpostToCms/Page_KDMC/a_Healthpost Store' is clicked on

2018-06-10 19:20:03 - [MESSAGE][PASSED] - Object: 'Object Repository/HealthpostToCms/Page_KDMC/a_Healthpost Store' is clicked on

2018-06-10 19:20:03 - [TEST_STEP][PASSED] - setText: Text 'raguram' is set on object 'Object Repository/HealthpostToCms/Page_HealthPost Store Login/input_txtusername'

2018-06-10 19:20:03 - [MESSAGE][PASSED] - Text 'raguram' is set on object 'Object Repository/HealthpostToCms/Page_HealthPost Store Login/input_txtusername'

2018-06-10 19:20:03 - [TEST_STEP][PASSED] - setText: Text '123' is set on object 'Object Repository/HealthpostToCms/Page_HealthPost Store Login/input_txtpassword'

2018-06-10 19:20:03 - [MESSAGE][PASSED] - Text '123' is set on object 'Object Repository/HealthpostToCms/Page_HealthPost Store Login/input_txtpassword'

2018-06-10 19:20:03 - [TEST_STEP][PASSED] - delay: Delayed 3 second(s)

2018-06-10 19:20:06 - [MESSAGE][PASSED] - Delayed 3 second(s)

2018-06-10 19:20:06 - [TEST_STEP][PASSED] - click: Object: 'Object Repository/HealthpostToCms/Page_HealthPost Store Login/button_Sign in' is clicked on

2018-06-10 19:20:06 - [MESSAGE][PASSED] - Object: 'Object Repository/HealthpostToCms/Page_HealthPost Store Login/button_Sign in' is clicked on

2018-06-10 19:20:06 - [TEST_STEP][PASSED] - delay: Delayed 3 second(s)

2018-06-10 19:20:09 - [MESSAGE][PASSED] - Delayed 3 second(s)

2018-06-10 19:20:09 - [TEST_STEP][PASSED] - click: Object: 'Object Repository/HealthpostToCms/Page_HealthPost Store/a_CMS' is clicked on

2018-06-10 19:20:10 - [MESSAGE][PASSED] - Object: 'Object Repository/HealthpostToCms/Page_HealthPost Store/a_CMS' is clicked on

2018-06-10 19:20:10 - [TEST_STEP][PASSED] - delay: Delayed 2 second(s)

2018-06-10 19:20:12 - [MESSAGE][PASSED] - Delayed 2 second(s)

2018-06-10 19:20:12 - [TEST_STEP][PASSED] - click: Object: 'Object Repository/HealthpostToCms/Page_HealthPost Store/a_Receiving Goods' is clicked on

2018-06-10 19:20:12 - [MESSAGE][PASSED] - Object: 'Object Repository/HealthpostToCms/Page_HealthPost Store/a_Receiving Goods' is clicked on

2018-06-10 19:20:12 - [TEST_STEP][PASSED] - setText: Text 'PRNO/10062018/811' is set on object 'Object Repository/HealthpostToCms/Page_HealthPost Store/input'

2018-06-10 19:20:13 - [MESSAGE][PASSED] - Text 'PRNO/10062018/811' is set on object 'Object Repository/HealthpostToCms/Page_HealthPost Store/input'

2018-06-10 19:20:13 - [TEST_STEP][PASSED] - click: Object: 'Object Repository/HealthpostToCms/Page_HealthPost Store/input_PRNO18052018174' is clicked on

2018-06-10 19:20:13 - [MESSAGE][PASSED] - Object: 'Object Repository/HealthpostToCms/Page_HealthPost Store/input_PRNO18052018174' is clicked on

2018-06-10 19:20:13 - [TEST_STEP][PASSED] - delay: Delayed 2 second(s)

2018-06-10 19:20:15 - [MESSAGE][PASSED] - Delayed 2 second(s)

2018-06-10 19:20:15 - [TEST_STEP][PASSED] - click: Object: 'Object Repository/HealthpostToCms/Page_HealthPost Store/input_chkrem' is clicked on

2018-06-10 19:20:15 - [MESSAGE][PASSED] - Object: 'Object Repository/HealthpostToCms/Page_HealthPost Store/input_chkrem' is clicked on

2018-06-10 19:20:15 - [TEST_STEP][PASSED] - scrollToElement: Scroll to object 'Object Repository/HealthpostToCms/Page_HealthPost Store/input_btchkroqadd' successfully

2018-06-10 19:20:15 - [MESSAGE][PASSED] - Scroll to object 'Object Repository/HealthpostToCms/Page_HealthPost Store/input_btchkroqadd' successfully

2018-06-10 19:20:15 - [TEST_STEP][PASSED] - click: Object: 'Object Repository/HealthpostToCms/Page_HealthPost Store/input_btchkroqadd' is clicked on

2018-06-10 19:20:15 - [MESSAGE][PASSED] - Object: 'Object Repository/HealthpostToCms/Page_HealthPost Store/input_btchkroqadd' is clicked on

2018-06-10 19:20:15 - [TEST_STEP][PASSED] - delay: Delayed 2 second(s)

2018-06-10 19:20:17 - [MESSAGE][PASSED] - Delayed 2 second(s)

2018-06-10 19:20:17 - [TEST_STEP][PASSED] - refresh: Refresh successfully

2018-06-10 19:20:18 - [MESSAGE][PASSED] - Refresh successfully

2018-06-10 19:20:18 - [TEST_STEP][PASSED] - delay: Delayed 3 second(s)

2018-06-10 19:20:21 - [MESSAGE][PASSED] - Delayed 3 second(s)

2018-06-10 19:20:21 - [TEST_STEP][PASSED] - click: Object: 'Object Repository/HealthpostToCms/Page_HealthPost Store/a_dropdown-toggle' is clicked on

2018-06-10 19:20:21 - [MESSAGE][PASSED] - Object: 'Object Repository/HealthpostToCms/Page_HealthPost Store/a_dropdown-toggle' is clicked on

2018-06-10 19:20:21 - [TEST_STEP][PASSED] - click: Object: 'Object Repository/HealthpostToCms/Page_HealthPost Store/a_Sign out' is clicked on

2018-06-10 19:20:21 - [MESSAGE][PASSED] - Object: 'Object Repository/HealthpostToCms/Page_HealthPost Store/a_Sign out' is clicked on

2018-06-10 19:20:21 - [TEST_STEP][PASSED] - closeBrowser: Browser is closed

2018-06-10 19:20:22 - [MESSAGE][PASSED] - Browser is closed]]></system-out>
         <system-err><![CDATA[]]></system-err>
      </testcase>
      <testcase name="Test Cases/HEALTHPOST TEST CASES/TC_HP_015 Verify Schedule 3 Healthpost To CMS Request Are Working Successfully Or Not" classname="Test Cases/HEALTHPOST TEST CASES/TC_HP_015 Verify Schedule 3 Healthpost To CMS Request Are Working Successfully Or Not" status="PASSED">
         <system-out><![CDATA[2018-06-10 19:20:22 - [TEST_CASE][PASSED] - Test Cases/HEALTHPOST TEST CASES/TC_HP_015 Verify Schedule 3 Healthpost To CMS Request Are Working Successfully Or Not: Test Cases/HEALTHPOST TEST CASES/TC_HP_015 Verify Schedule 3 Healthpost To CMS Request Are Working Successfully Or Not

2018-06-10 19:20:22 - [TEST_STEP][PASSED] - openBrowser: Browser is opened with url: ''

2018-06-10 19:20:24 - [MESSAGE][PASSED] - Browser is opened with url: ''

2018-06-10 19:20:24 - [TEST_STEP][PASSED] - navigateToUrl: Navigate to 'http://192.168.137.1/multihospital_new/HDSplashscreen.aspx' successfully

2018-06-10 19:20:29 - [MESSAGE][PASSED] - Navigate to 'http://192.168.137.1/multihospital_new/HDSplashscreen.aspx' successfully

2018-06-10 19:20:29 - [TEST_STEP][PASSED] - maximizeWindow: Current window maximized

2018-06-10 19:20:31 - [MESSAGE][PASSED] - Current window maximized

2018-06-10 19:20:31 - [TEST_STEP][PASSED] - click: Object: 'Object Repository/HealthpostToCms/Page_KDMC/a_Healthpost Store' is clicked on

2018-06-10 19:20:32 - [MESSAGE][PASSED] - Object: 'Object Repository/HealthpostToCms/Page_KDMC/a_Healthpost Store' is clicked on

2018-06-10 19:20:32 - [TEST_STEP][PASSED] - setText: Text 'raguram' is set on object 'Object Repository/HealthpostToCms/Page_HealthPost Store Login/input_txtusername'

2018-06-10 19:20:32 - [MESSAGE][PASSED] - Text 'raguram' is set on object 'Object Repository/HealthpostToCms/Page_HealthPost Store Login/input_txtusername'

2018-06-10 19:20:32 - [TEST_STEP][PASSED] - setText: Text '123' is set on object 'Object Repository/HealthpostToCms/Page_HealthPost Store Login/input_txtpassword'

2018-06-10 19:20:32 - [MESSAGE][PASSED] - Text '123' is set on object 'Object Repository/HealthpostToCms/Page_HealthPost Store Login/input_txtpassword'

2018-06-10 19:20:32 - [TEST_STEP][PASSED] - delay: Delayed 3 second(s)

2018-06-10 19:20:35 - [MESSAGE][PASSED] - Delayed 3 second(s)

2018-06-10 19:20:35 - [TEST_STEP][PASSED] - click: Object: 'Object Repository/HealthpostToCms/Page_HealthPost Store Login/button_Sign in' is clicked on

2018-06-10 19:20:35 - [MESSAGE][PASSED] - Object: 'Object Repository/HealthpostToCms/Page_HealthPost Store Login/button_Sign in' is clicked on

2018-06-10 19:20:35 - [TEST_STEP][PASSED] - delay: Delayed 3 second(s)

2018-06-10 19:20:38 - [MESSAGE][PASSED] - Delayed 3 second(s)

2018-06-10 19:20:38 - [TEST_STEP][PASSED] - click: Object: 'Object Repository/HealthpostToCms/Page_HealthPost Store/a_CMS' is clicked on

2018-06-10 19:20:39 - [MESSAGE][PASSED] - Object: 'Object Repository/HealthpostToCms/Page_HealthPost Store/a_CMS' is clicked on

2018-06-10 19:20:39 - [TEST_STEP][PASSED] - click: Object: 'Object Repository/HealthpostToCms/Page_HealthPost Store/a_Request Send' is clicked on

2018-06-10 19:20:39 - [MESSAGE][PASSED] - Object: 'Object Repository/HealthpostToCms/Page_HealthPost Store/a_Request Send' is clicked on

2018-06-10 19:20:39 - [TEST_STEP][PASSED] - delay: Delayed 2 second(s)

2018-06-10 19:20:41 - [MESSAGE][PASSED] - Delayed 2 second(s)

2018-06-10 19:20:41 - [TEST_STEP][PASSED] - selectOptionByIndex: All options with index in [2] are selected on object 'Object Repository/HealthpostToCms/Page_HealthPost Store/select_--Select--'

2018-06-10 19:20:41 - [MESSAGE][PASSED] - All options with index in [2] are selected on object 'Object Repository/HealthpostToCms/Page_HealthPost Store/select_--Select--'

2018-06-10 19:20:41 - [TEST_STEP][PASSED] - selectOptionByIndex: All options with index in [3] are selected on object 'Object Repository/HealthpostToCms/Page_HealthPost Store/select_--Select--Schedule 1Inj'

2018-06-10 19:20:41 - [MESSAGE][PASSED] - All options with index in [3] are selected on object 'Object Repository/HealthpostToCms/Page_HealthPost Store/select_--Select--Schedule 1Inj'

2018-06-10 19:20:41 - [TEST_STEP][PASSED] - Statement - medicineslength = com.kms.katalon.core.webui.keyword.WebUiBuiltInKeywords.getNumberOfTotalOption(com.kms.katalon.core.testobject.ObjectRepository.findTestObject(HealthpostToCms/Page_HealthPost Store/select_--Select--Adernaline 0.)): 37 options of object 'Object Repository/HealthpostToCms/Page_HealthPost Store/select_--Select--Adernaline 0.' counted

2018-06-10 19:20:41 - [MESSAGE][PASSED] - 37 options of object 'Object Repository/HealthpostToCms/Page_HealthPost Store/select_--Select--Adernaline 0.' counted

2018-06-10 19:20:41 - [TEST_STEP][PASSED] - Statement - For ([e = 1, e <= medicineslength - 1, (e++)]): Object: 'Object Repository/HealthpostToCms/Page_HealthPost Store/button_Add' is clicked on

2018-06-10 19:20:41 - [TEST_STEP][PASSED] - selectOptionByIndex: All options with index in [3] are selected on object 'Object Repository/HealthpostToCms/Page_HealthPost Store/select_--Select--Schedule 1Inj'

2018-06-10 19:20:42 - [MESSAGE][PASSED] - All options with index in [3] are selected on object 'Object Repository/HealthpostToCms/Page_HealthPost Store/select_--Select--Schedule 1Inj'

2018-06-10 19:20:42 - [TEST_STEP][PASSED] - selectOptionByIndex: All options with index in [1] are selected on object 'Object Repository/HealthpostToCms/Page_HealthPost Store/select_--Select--Adernaline 0.'

2018-06-10 19:20:42 - [MESSAGE][PASSED] - All options with index in [1] are selected on object 'Object Repository/HealthpostToCms/Page_HealthPost Store/select_--Select--Adernaline 0.'

2018-06-10 19:20:42 - [TEST_STEP][PASSED] - setText: Text '100' is set on object 'Object Repository/HealthpostToCms/Page_HealthPost Store/input_txttreat'

2018-06-10 19:20:42 - [MESSAGE][PASSED] - Text '100' is set on object 'Object Repository/HealthpostToCms/Page_HealthPost Store/input_txttreat'

2018-06-10 19:20:42 - [TEST_STEP][PASSED] - click: Object: 'Object Repository/HealthpostToCms/Page_HealthPost Store/button_Add' is clicked on

2018-06-10 19:20:42 - [MESSAGE][PASSED] - Object: 'Object Repository/HealthpostToCms/Page_HealthPost Store/button_Add' is clicked on

2018-06-10 19:20:42 - [TEST_STEP][PASSED] - selectOptionByIndex: All options with index in [3] are selected on object 'Object Repository/HealthpostToCms/Page_HealthPost Store/select_--Select--Schedule 1Inj'

2018-06-10 19:20:42 - [MESSAGE][PASSED] - All options with index in [3] are selected on object 'Object Repository/HealthpostToCms/Page_HealthPost Store/select_--Select--Schedule 1Inj'

2018-06-10 19:20:42 - [TEST_STEP][PASSED] - selectOptionByIndex: All options with index in [2] are selected on object 'Object Repository/HealthpostToCms/Page_HealthPost Store/select_--Select--Adernaline 0.'

2018-06-10 19:20:42 - [MESSAGE][PASSED] - All options with index in [2] are selected on object 'Object Repository/HealthpostToCms/Page_HealthPost Store/select_--Select--Adernaline 0.'

2018-06-10 19:20:42 - [TEST_STEP][PASSED] - setText: Text '100' is set on object 'Object Repository/HealthpostToCms/Page_HealthPost Store/input_txttreat'

2018-06-10 19:20:42 - [MESSAGE][PASSED] - Text '100' is set on object 'Object Repository/HealthpostToCms/Page_HealthPost Store/input_txttreat'

2018-06-10 19:20:42 - [TEST_STEP][PASSED] - click: Object: 'Object Repository/HealthpostToCms/Page_HealthPost Store/button_Add' is clicked on

2018-06-10 19:20:42 - [MESSAGE][PASSED] - Object: 'Object Repository/HealthpostToCms/Page_HealthPost Store/button_Add' is clicked on

2018-06-10 19:20:42 - [TEST_STEP][PASSED] - selectOptionByIndex: All options with index in [3] are selected on object 'Object Repository/HealthpostToCms/Page_HealthPost Store/select_--Select--Schedule 1Inj'

2018-06-10 19:20:43 - [MESSAGE][PASSED] - All options with index in [3] are selected on object 'Object Repository/HealthpostToCms/Page_HealthPost Store/select_--Select--Schedule 1Inj'

2018-06-10 19:20:43 - [TEST_STEP][PASSED] - selectOptionByIndex: All options with index in [3] are selected on object 'Object Repository/HealthpostToCms/Page_HealthPost Store/select_--Select--Adernaline 0.'

2018-06-10 19:20:43 - [MESSAGE][PASSED] - All options with index in [3] are selected on object 'Object Repository/HealthpostToCms/Page_HealthPost Store/select_--Select--Adernaline 0.'

2018-06-10 19:20:43 - [TEST_STEP][PASSED] - setText: Text '100' is set on object 'Object Repository/HealthpostToCms/Page_HealthPost Store/input_txttreat'

2018-06-10 19:20:43 - [MESSAGE][PASSED] - Text '100' is set on object 'Object Repository/HealthpostToCms/Page_HealthPost Store/input_txttreat'

2018-06-10 19:20:43 - [TEST_STEP][PASSED] - click: Object: 'Object Repository/HealthpostToCms/Page_HealthPost Store/button_Add' is clicked on

2018-06-10 19:20:43 - [MESSAGE][PASSED] - Object: 'Object Repository/HealthpostToCms/Page_HealthPost Store/button_Add' is clicked on

2018-06-10 19:20:43 - [TEST_STEP][PASSED] - selectOptionByIndex: All options with index in [3] are selected on object 'Object Repository/HealthpostToCms/Page_HealthPost Store/select_--Select--Schedule 1Inj'

2018-06-10 19:20:43 - [MESSAGE][PASSED] - All options with index in [3] are selected on object 'Object Repository/HealthpostToCms/Page_HealthPost Store/select_--Select--Schedule 1Inj'

2018-06-10 19:20:43 - [TEST_STEP][PASSED] - selectOptionByIndex: All options with index in [4] are selected on object 'Object Repository/HealthpostToCms/Page_HealthPost Store/select_--Select--Adernaline 0.'

2018-06-10 19:20:43 - [MESSAGE][PASSED] - All options with index in [4] are selected on object 'Object Repository/HealthpostToCms/Page_HealthPost Store/select_--Select--Adernaline 0.'

2018-06-10 19:20:43 - [TEST_STEP][PASSED] - setText: Text '100' is set on object 'Object Repository/HealthpostToCms/Page_HealthPost Store/input_txttreat'

2018-06-10 19:20:43 - [MESSAGE][PASSED] - Text '100' is set on object 'Object Repository/HealthpostToCms/Page_HealthPost Store/input_txttreat'

2018-06-10 19:20:43 - [TEST_STEP][PASSED] - click: Object: 'Object Repository/HealthpostToCms/Page_HealthPost Store/button_Add' is clicked on

2018-06-10 19:20:43 - [MESSAGE][PASSED] - Object: 'Object Repository/HealthpostToCms/Page_HealthPost Store/button_Add' is clicked on

2018-06-10 19:20:43 - [TEST_STEP][PASSED] - selectOptionByIndex: All options with index in [3] are selected on object 'Object Repository/HealthpostToCms/Page_HealthPost Store/select_--Select--Schedule 1Inj'

2018-06-10 19:20:43 - [MESSAGE][PASSED] - All options with index in [3] are selected on object 'Object Repository/HealthpostToCms/Page_HealthPost Store/select_--Select--Schedule 1Inj'

2018-06-10 19:20:43 - [TEST_STEP][PASSED] - selectOptionByIndex: All options with index in [5] are selected on object 'Object Repository/HealthpostToCms/Page_HealthPost Store/select_--Select--Adernaline 0.'

2018-06-10 19:20:44 - [MESSAGE][PASSED] - All options with index in [5] are selected on object 'Object Repository/HealthpostToCms/Page_HealthPost Store/select_--Select--Adernaline 0.'

2018-06-10 19:20:44 - [TEST_STEP][PASSED] - setText: Text '100' is set on object 'Object Repository/HealthpostToCms/Page_HealthPost Store/input_txttreat'

2018-06-10 19:20:44 - [MESSAGE][PASSED] - Text '100' is set on object 'Object Repository/HealthpostToCms/Page_HealthPost Store/input_txttreat'

2018-06-10 19:20:44 - [TEST_STEP][PASSED] - click: Object: 'Object Repository/HealthpostToCms/Page_HealthPost Store/button_Add' is clicked on

2018-06-10 19:20:44 - [MESSAGE][PASSED] - Object: 'Object Repository/HealthpostToCms/Page_HealthPost Store/button_Add' is clicked on

2018-06-10 19:20:44 - [TEST_STEP][PASSED] - selectOptionByIndex: All options with index in [3] are selected on object 'Object Repository/HealthpostToCms/Page_HealthPost Store/select_--Select--Schedule 1Inj'

2018-06-10 19:20:44 - [MESSAGE][PASSED] - All options with index in [3] are selected on object 'Object Repository/HealthpostToCms/Page_HealthPost Store/select_--Select--Schedule 1Inj'

2018-06-10 19:20:44 - [TEST_STEP][PASSED] - selectOptionByIndex: All options with index in [6] are selected on object 'Object Repository/HealthpostToCms/Page_HealthPost Store/select_--Select--Adernaline 0.'

2018-06-10 19:20:44 - [MESSAGE][PASSED] - All options with index in [6] are selected on object 'Object Repository/HealthpostToCms/Page_HealthPost Store/select_--Select--Adernaline 0.'

2018-06-10 19:20:44 - [TEST_STEP][PASSED] - setText: Text '100' is set on object 'Object Repository/HealthpostToCms/Page_HealthPost Store/input_txttreat'

2018-06-10 19:20:44 - [MESSAGE][PASSED] - Text '100' is set on object 'Object Repository/HealthpostToCms/Page_HealthPost Store/input_txttreat'

2018-06-10 19:20:44 - [TEST_STEP][PASSED] - click: Object: 'Object Repository/HealthpostToCms/Page_HealthPost Store/button_Add' is clicked on

2018-06-10 19:20:44 - [MESSAGE][PASSED] - Object: 'Object Repository/HealthpostToCms/Page_HealthPost Store/button_Add' is clicked on

2018-06-10 19:20:44 - [TEST_STEP][PASSED] - selectOptionByIndex: All options with index in [3] are selected on object 'Object Repository/HealthpostToCms/Page_HealthPost Store/select_--Select--Schedule 1Inj'

2018-06-10 19:20:44 - [MESSAGE][PASSED] - All options with index in [3] are selected on object 'Object Repository/HealthpostToCms/Page_HealthPost Store/select_--Select--Schedule 1Inj'

2018-06-10 19:20:44 - [TEST_STEP][PASSED] - selectOptionByIndex: All options with index in [7] are selected on object 'Object Repository/HealthpostToCms/Page_HealthPost Store/select_--Select--Adernaline 0.'

2018-06-10 19:20:45 - [MESSAGE][PASSED] - All options with index in [7] are selected on object 'Object Repository/HealthpostToCms/Page_HealthPost Store/select_--Select--Adernaline 0.'

2018-06-10 19:20:45 - [TEST_STEP][PASSED] - setText: Text '100' is set on object 'Object Repository/HealthpostToCms/Page_HealthPost Store/input_txttreat'

2018-06-10 19:20:45 - [MESSAGE][PASSED] - Text '100' is set on object 'Object Repository/HealthpostToCms/Page_HealthPost Store/input_txttreat'

2018-06-10 19:20:45 - [TEST_STEP][PASSED] - click: Object: 'Object Repository/HealthpostToCms/Page_HealthPost Store/button_Add' is clicked on

2018-06-10 19:20:45 - [MESSAGE][PASSED] - Object: 'Object Repository/HealthpostToCms/Page_HealthPost Store/button_Add' is clicked on

2018-06-10 19:20:45 - [TEST_STEP][PASSED] - selectOptionByIndex: All options with index in [3] are selected on object 'Object Repository/HealthpostToCms/Page_HealthPost Store/select_--Select--Schedule 1Inj'

2018-06-10 19:20:45 - [MESSAGE][PASSED] - All options with index in [3] are selected on object 'Object Repository/HealthpostToCms/Page_HealthPost Store/select_--Select--Schedule 1Inj'

2018-06-10 19:20:45 - [TEST_STEP][PASSED] - selectOptionByIndex: All options with index in [8] are selected on object 'Object Repository/HealthpostToCms/Page_HealthPost Store/select_--Select--Adernaline 0.'

2018-06-10 19:20:45 - [MESSAGE][PASSED] - All options with index in [8] are selected on object 'Object Repository/HealthpostToCms/Page_HealthPost Store/select_--Select--Adernaline 0.'

2018-06-10 19:20:45 - [TEST_STEP][PASSED] - setText: Text '100' is set on object 'Object Repository/HealthpostToCms/Page_HealthPost Store/input_txttreat'

2018-06-10 19:20:45 - [MESSAGE][PASSED] - Text '100' is set on object 'Object Repository/HealthpostToCms/Page_HealthPost Store/input_txttreat'

2018-06-10 19:20:45 - [TEST_STEP][PASSED] - click: Object: 'Object Repository/HealthpostToCms/Page_HealthPost Store/button_Add' is clicked on

2018-06-10 19:20:45 - [MESSAGE][PASSED] - Object: 'Object Repository/HealthpostToCms/Page_HealthPost Store/button_Add' is clicked on

2018-06-10 19:20:45 - [TEST_STEP][PASSED] - selectOptionByIndex: All options with index in [3] are selected on object 'Object Repository/HealthpostToCms/Page_HealthPost Store/select_--Select--Schedule 1Inj'

2018-06-10 19:20:46 - [MESSAGE][PASSED] - All options with index in [3] are selected on object 'Object Repository/HealthpostToCms/Page_HealthPost Store/select_--Select--Schedule 1Inj'

2018-06-10 19:20:46 - [TEST_STEP][PASSED] - selectOptionByIndex: All options with index in [9] are selected on object 'Object Repository/HealthpostToCms/Page_HealthPost Store/select_--Select--Adernaline 0.'

2018-06-10 19:20:46 - [MESSAGE][PASSED] - All options with index in [9] are selected on object 'Object Repository/HealthpostToCms/Page_HealthPost Store/select_--Select--Adernaline 0.'

2018-06-10 19:20:46 - [TEST_STEP][PASSED] - setText: Text '100' is set on object 'Object Repository/HealthpostToCms/Page_HealthPost Store/input_txttreat'

2018-06-10 19:20:46 - [MESSAGE][PASSED] - Text '100' is set on object 'Object Repository/HealthpostToCms/Page_HealthPost Store/input_txttreat'

2018-06-10 19:20:46 - [TEST_STEP][PASSED] - click: Object: 'Object Repository/HealthpostToCms/Page_HealthPost Store/button_Add' is clicked on

2018-06-10 19:20:46 - [MESSAGE][PASSED] - Object: 'Object Repository/HealthpostToCms/Page_HealthPost Store/button_Add' is clicked on

2018-06-10 19:20:46 - [TEST_STEP][PASSED] - selectOptionByIndex: All options with index in [3] are selected on object 'Object Repository/HealthpostToCms/Page_HealthPost Store/select_--Select--Schedule 1Inj'

2018-06-10 19:20:46 - [MESSAGE][PASSED] - All options with index in [3] are selected on object 'Object Repository/HealthpostToCms/Page_HealthPost Store/select_--Select--Schedule 1Inj'

2018-06-10 19:20:46 - [TEST_STEP][PASSED] - selectOptionByIndex: All options with index in [10] are selected on object 'Object Repository/HealthpostToCms/Page_HealthPost Store/select_--Select--Adernaline 0.'

2018-06-10 19:20:46 - [MESSAGE][PASSED] - All options with index in [10] are selected on object 'Object Repository/HealthpostToCms/Page_HealthPost Store/select_--Select--Adernaline 0.'

2018-06-10 19:20:46 - [TEST_STEP][PASSED] - setText: Text '100' is set on object 'Object Repository/HealthpostToCms/Page_HealthPost Store/input_txttreat'

2018-06-10 19:20:46 - [MESSAGE][PASSED] - Text '100' is set on object 'Object Repository/HealthpostToCms/Page_HealthPost Store/input_txttreat'

2018-06-10 19:20:46 - [TEST_STEP][PASSED] - click: Object: 'Object Repository/HealthpostToCms/Page_HealthPost Store/button_Add' is clicked on

2018-06-10 19:20:46 - [MESSAGE][PASSED] - Object: 'Object Repository/HealthpostToCms/Page_HealthPost Store/button_Add' is clicked on

2018-06-10 19:20:46 - [TEST_STEP][PASSED] - selectOptionByIndex: All options with index in [3] are selected on object 'Object Repository/HealthpostToCms/Page_HealthPost Store/select_--Select--Schedule 1Inj'

2018-06-10 19:20:47 - [MESSAGE][PASSED] - All options with index in [3] are selected on object 'Object Repository/HealthpostToCms/Page_HealthPost Store/select_--Select--Schedule 1Inj'

2018-06-10 19:20:47 - [TEST_STEP][PASSED] - selectOptionByIndex: All options with index in [11] are selected on object 'Object Repository/HealthpostToCms/Page_HealthPost Store/select_--Select--Adernaline 0.'

2018-06-10 19:20:47 - [MESSAGE][PASSED] - All options with index in [11] are selected on object 'Object Repository/HealthpostToCms/Page_HealthPost Store/select_--Select--Adernaline 0.'

2018-06-10 19:20:47 - [TEST_STEP][PASSED] - setText: Text '100' is set on object 'Object Repository/HealthpostToCms/Page_HealthPost Store/input_txttreat'

2018-06-10 19:20:47 - [MESSAGE][PASSED] - Text '100' is set on object 'Object Repository/HealthpostToCms/Page_HealthPost Store/input_txttreat'

2018-06-10 19:20:47 - [TEST_STEP][PASSED] - click: Object: 'Object Repository/HealthpostToCms/Page_HealthPost Store/button_Add' is clicked on

2018-06-10 19:20:47 - [MESSAGE][PASSED] - Object: 'Object Repository/HealthpostToCms/Page_HealthPost Store/button_Add' is clicked on

2018-06-10 19:20:47 - [TEST_STEP][PASSED] - selectOptionByIndex: All options with index in [3] are selected on object 'Object Repository/HealthpostToCms/Page_HealthPost Store/select_--Select--Schedule 1Inj'

2018-06-10 19:20:47 - [MESSAGE][PASSED] - All options with index in [3] are selected on object 'Object Repository/HealthpostToCms/Page_HealthPost Store/select_--Select--Schedule 1Inj'

2018-06-10 19:20:47 - [TEST_STEP][PASSED] - selectOptionByIndex: All options with index in [12] are selected on object 'Object Repository/HealthpostToCms/Page_HealthPost Store/select_--Select--Adernaline 0.'

2018-06-10 19:20:47 - [MESSAGE][PASSED] - All options with index in [12] are selected on object 'Object Repository/HealthpostToCms/Page_HealthPost Store/select_--Select--Adernaline 0.'

2018-06-10 19:20:47 - [TEST_STEP][PASSED] - setText: Text '100' is set on object 'Object Repository/HealthpostToCms/Page_HealthPost Store/input_txttreat'

2018-06-10 19:20:47 - [MESSAGE][PASSED] - Text '100' is set on object 'Object Repository/HealthpostToCms/Page_HealthPost Store/input_txttreat'

2018-06-10 19:20:47 - [TEST_STEP][PASSED] - click: Object: 'Object Repository/HealthpostToCms/Page_HealthPost Store/button_Add' is clicked on

2018-06-10 19:20:48 - [MESSAGE][PASSED] - Object: 'Object Repository/HealthpostToCms/Page_HealthPost Store/button_Add' is clicked on

2018-06-10 19:20:48 - [TEST_STEP][PASSED] - selectOptionByIndex: All options with index in [3] are selected on object 'Object Repository/HealthpostToCms/Page_HealthPost Store/select_--Select--Schedule 1Inj'

2018-06-10 19:20:48 - [MESSAGE][PASSED] - All options with index in [3] are selected on object 'Object Repository/HealthpostToCms/Page_HealthPost Store/select_--Select--Schedule 1Inj'

2018-06-10 19:20:48 - [TEST_STEP][PASSED] - selectOptionByIndex: All options with index in [13] are selected on object 'Object Repository/HealthpostToCms/Page_HealthPost Store/select_--Select--Adernaline 0.'

2018-06-10 19:20:48 - [MESSAGE][PASSED] - All options with index in [13] are selected on object 'Object Repository/HealthpostToCms/Page_HealthPost Store/select_--Select--Adernaline 0.'

2018-06-10 19:20:48 - [TEST_STEP][PASSED] - setText: Text '100' is set on object 'Object Repository/HealthpostToCms/Page_HealthPost Store/input_txttreat'

2018-06-10 19:20:48 - [MESSAGE][PASSED] - Text '100' is set on object 'Object Repository/HealthpostToCms/Page_HealthPost Store/input_txttreat'

2018-06-10 19:20:48 - [TEST_STEP][PASSED] - click: Object: 'Object Repository/HealthpostToCms/Page_HealthPost Store/button_Add' is clicked on

2018-06-10 19:20:48 - [MESSAGE][PASSED] - Object: 'Object Repository/HealthpostToCms/Page_HealthPost Store/button_Add' is clicked on

2018-06-10 19:20:48 - [TEST_STEP][PASSED] - selectOptionByIndex: All options with index in [3] are selected on object 'Object Repository/HealthpostToCms/Page_HealthPost Store/select_--Select--Schedule 1Inj'

2018-06-10 19:20:48 - [MESSAGE][PASSED] - All options with index in [3] are selected on object 'Object Repository/HealthpostToCms/Page_HealthPost Store/select_--Select--Schedule 1Inj'

2018-06-10 19:20:48 - [TEST_STEP][PASSED] - selectOptionByIndex: All options with index in [14] are selected on object 'Object Repository/HealthpostToCms/Page_HealthPost Store/select_--Select--Adernaline 0.'

2018-06-10 19:20:49 - [MESSAGE][PASSED] - All options with index in [14] are selected on object 'Object Repository/HealthpostToCms/Page_HealthPost Store/select_--Select--Adernaline 0.'

2018-06-10 19:20:49 - [TEST_STEP][PASSED] - setText: Text '100' is set on object 'Object Repository/HealthpostToCms/Page_HealthPost Store/input_txttreat'

2018-06-10 19:20:49 - [MESSAGE][PASSED] - Text '100' is set on object 'Object Repository/HealthpostToCms/Page_HealthPost Store/input_txttreat'

2018-06-10 19:20:49 - [TEST_STEP][PASSED] - click: Object: 'Object Repository/HealthpostToCms/Page_HealthPost Store/button_Add' is clicked on

2018-06-10 19:20:49 - [MESSAGE][PASSED] - Object: 'Object Repository/HealthpostToCms/Page_HealthPost Store/button_Add' is clicked on

2018-06-10 19:20:49 - [TEST_STEP][PASSED] - selectOptionByIndex: All options with index in [3] are selected on object 'Object Repository/HealthpostToCms/Page_HealthPost Store/select_--Select--Schedule 1Inj'

2018-06-10 19:20:49 - [MESSAGE][PASSED] - All options with index in [3] are selected on object 'Object Repository/HealthpostToCms/Page_HealthPost Store/select_--Select--Schedule 1Inj'

2018-06-10 19:20:49 - [TEST_STEP][PASSED] - selectOptionByIndex: All options with index in [15] are selected on object 'Object Repository/HealthpostToCms/Page_HealthPost Store/select_--Select--Adernaline 0.'

2018-06-10 19:20:49 - [MESSAGE][PASSED] - All options with index in [15] are selected on object 'Object Repository/HealthpostToCms/Page_HealthPost Store/select_--Select--Adernaline 0.'

2018-06-10 19:20:49 - [TEST_STEP][PASSED] - setText: Text '100' is set on object 'Object Repository/HealthpostToCms/Page_HealthPost Store/input_txttreat'

2018-06-10 19:20:49 - [MESSAGE][PASSED] - Text '100' is set on object 'Object Repository/HealthpostToCms/Page_HealthPost Store/input_txttreat'

2018-06-10 19:20:49 - [TEST_STEP][PASSED] - click: Object: 'Object Repository/HealthpostToCms/Page_HealthPost Store/button_Add' is clicked on

2018-06-10 19:20:49 - [MESSAGE][PASSED] - Object: 'Object Repository/HealthpostToCms/Page_HealthPost Store/button_Add' is clicked on

2018-06-10 19:20:49 - [TEST_STEP][PASSED] - selectOptionByIndex: All options with index in [3] are selected on object 'Object Repository/HealthpostToCms/Page_HealthPost Store/select_--Select--Schedule 1Inj'

2018-06-10 19:20:49 - [MESSAGE][PASSED] - All options with index in [3] are selected on object 'Object Repository/HealthpostToCms/Page_HealthPost Store/select_--Select--Schedule 1Inj'

2018-06-10 19:20:49 - [TEST_STEP][PASSED] - selectOptionByIndex: All options with index in [16] are selected on object 'Object Repository/HealthpostToCms/Page_HealthPost Store/select_--Select--Adernaline 0.'

2018-06-10 19:20:50 - [MESSAGE][PASSED] - All options with index in [16] are selected on object 'Object Repository/HealthpostToCms/Page_HealthPost Store/select_--Select--Adernaline 0.'

2018-06-10 19:20:50 - [TEST_STEP][PASSED] - setText: Text '100' is set on object 'Object Repository/HealthpostToCms/Page_HealthPost Store/input_txttreat'

2018-06-10 19:20:50 - [MESSAGE][PASSED] - Text '100' is set on object 'Object Repository/HealthpostToCms/Page_HealthPost Store/input_txttreat'

2018-06-10 19:20:50 - [TEST_STEP][PASSED] - click: Object: 'Object Repository/HealthpostToCms/Page_HealthPost Store/button_Add' is clicked on

2018-06-10 19:20:50 - [MESSAGE][PASSED] - Object: 'Object Repository/HealthpostToCms/Page_HealthPost Store/button_Add' is clicked on

2018-06-10 19:20:50 - [TEST_STEP][PASSED] - selectOptionByIndex: All options with index in [3] are selected on object 'Object Repository/HealthpostToCms/Page_HealthPost Store/select_--Select--Schedule 1Inj'

2018-06-10 19:20:50 - [MESSAGE][PASSED] - All options with index in [3] are selected on object 'Object Repository/HealthpostToCms/Page_HealthPost Store/select_--Select--Schedule 1Inj'

2018-06-10 19:20:50 - [TEST_STEP][PASSED] - selectOptionByIndex: All options with index in [17] are selected on object 'Object Repository/HealthpostToCms/Page_HealthPost Store/select_--Select--Adernaline 0.'

2018-06-10 19:20:50 - [MESSAGE][PASSED] - All options with index in [17] are selected on object 'Object Repository/HealthpostToCms/Page_HealthPost Store/select_--Select--Adernaline 0.'

2018-06-10 19:20:50 - [TEST_STEP][PASSED] - setText: Text '100' is set on object 'Object Repository/HealthpostToCms/Page_HealthPost Store/input_txttreat'

2018-06-10 19:20:50 - [MESSAGE][PASSED] - Text '100' is set on object 'Object Repository/HealthpostToCms/Page_HealthPost Store/input_txttreat'

2018-06-10 19:20:50 - [TEST_STEP][PASSED] - click: Object: 'Object Repository/HealthpostToCms/Page_HealthPost Store/button_Add' is clicked on

2018-06-10 19:20:50 - [MESSAGE][PASSED] - Object: 'Object Repository/HealthpostToCms/Page_HealthPost Store/button_Add' is clicked on

2018-06-10 19:20:50 - [TEST_STEP][PASSED] - selectOptionByIndex: All options with index in [3] are selected on object 'Object Repository/HealthpostToCms/Page_HealthPost Store/select_--Select--Schedule 1Inj'

2018-06-10 19:20:51 - [MESSAGE][PASSED] - All options with index in [3] are selected on object 'Object Repository/HealthpostToCms/Page_HealthPost Store/select_--Select--Schedule 1Inj'

2018-06-10 19:20:51 - [TEST_STEP][PASSED] - selectOptionByIndex: All options with index in [18] are selected on object 'Object Repository/HealthpostToCms/Page_HealthPost Store/select_--Select--Adernaline 0.'

2018-06-10 19:20:51 - [MESSAGE][PASSED] - All options with index in [18] are selected on object 'Object Repository/HealthpostToCms/Page_HealthPost Store/select_--Select--Adernaline 0.'

2018-06-10 19:20:51 - [TEST_STEP][PASSED] - setText: Text '100' is set on object 'Object Repository/HealthpostToCms/Page_HealthPost Store/input_txttreat'

2018-06-10 19:20:51 - [MESSAGE][PASSED] - Text '100' is set on object 'Object Repository/HealthpostToCms/Page_HealthPost Store/input_txttreat'

2018-06-10 19:20:51 - [TEST_STEP][PASSED] - click: Object: 'Object Repository/HealthpostToCms/Page_HealthPost Store/button_Add' is clicked on

2018-06-10 19:20:51 - [MESSAGE][PASSED] - Object: 'Object Repository/HealthpostToCms/Page_HealthPost Store/button_Add' is clicked on

2018-06-10 19:20:51 - [TEST_STEP][PASSED] - selectOptionByIndex: All options with index in [3] are selected on object 'Object Repository/HealthpostToCms/Page_HealthPost Store/select_--Select--Schedule 1Inj'

2018-06-10 19:20:51 - [MESSAGE][PASSED] - All options with index in [3] are selected on object 'Object Repository/HealthpostToCms/Page_HealthPost Store/select_--Select--Schedule 1Inj'

2018-06-10 19:20:51 - [TEST_STEP][PASSED] - selectOptionByIndex: All options with index in [19] are selected on object 'Object Repository/HealthpostToCms/Page_HealthPost Store/select_--Select--Adernaline 0.'

2018-06-10 19:20:52 - [MESSAGE][PASSED] - All options with index in [19] are selected on object 'Object Repository/HealthpostToCms/Page_HealthPost Store/select_--Select--Adernaline 0.'

2018-06-10 19:20:52 - [TEST_STEP][PASSED] - setText: Text '100' is set on object 'Object Repository/HealthpostToCms/Page_HealthPost Store/input_txttreat'

2018-06-10 19:20:52 - [MESSAGE][PASSED] - Text '100' is set on object 'Object Repository/HealthpostToCms/Page_HealthPost Store/input_txttreat'

2018-06-10 19:20:52 - [TEST_STEP][PASSED] - click: Object: 'Object Repository/HealthpostToCms/Page_HealthPost Store/button_Add' is clicked on

2018-06-10 19:20:52 - [MESSAGE][PASSED] - Object: 'Object Repository/HealthpostToCms/Page_HealthPost Store/button_Add' is clicked on

2018-06-10 19:20:52 - [TEST_STEP][PASSED] - selectOptionByIndex: All options with index in [3] are selected on object 'Object Repository/HealthpostToCms/Page_HealthPost Store/select_--Select--Schedule 1Inj'

2018-06-10 19:20:52 - [MESSAGE][PASSED] - All options with index in [3] are selected on object 'Object Repository/HealthpostToCms/Page_HealthPost Store/select_--Select--Schedule 1Inj'

2018-06-10 19:20:52 - [TEST_STEP][PASSED] - selectOptionByIndex: All options with index in [20] are selected on object 'Object Repository/HealthpostToCms/Page_HealthPost Store/select_--Select--Adernaline 0.'

2018-06-10 19:20:52 - [MESSAGE][PASSED] - All options with index in [20] are selected on object 'Object Repository/HealthpostToCms/Page_HealthPost Store/select_--Select--Adernaline 0.'

2018-06-10 19:20:52 - [TEST_STEP][PASSED] - setText: Text '100' is set on object 'Object Repository/HealthpostToCms/Page_HealthPost Store/input_txttreat'

2018-06-10 19:20:52 - [MESSAGE][PASSED] - Text '100' is set on object 'Object Repository/HealthpostToCms/Page_HealthPost Store/input_txttreat'

2018-06-10 19:20:52 - [TEST_STEP][PASSED] - click: Object: 'Object Repository/HealthpostToCms/Page_HealthPost Store/button_Add' is clicked on

2018-06-10 19:20:52 - [MESSAGE][PASSED] - Object: 'Object Repository/HealthpostToCms/Page_HealthPost Store/button_Add' is clicked on

2018-06-10 19:20:52 - [TEST_STEP][PASSED] - selectOptionByIndex: All options with index in [3] are selected on object 'Object Repository/HealthpostToCms/Page_HealthPost Store/select_--Select--Schedule 1Inj'

2018-06-10 19:20:52 - [MESSAGE][PASSED] - All options with index in [3] are selected on object 'Object Repository/HealthpostToCms/Page_HealthPost Store/select_--Select--Schedule 1Inj'

2018-06-10 19:20:52 - [TEST_STEP][PASSED] - selectOptionByIndex: All options with index in [21] are selected on object 'Object Repository/HealthpostToCms/Page_HealthPost Store/select_--Select--Adernaline 0.'

2018-06-10 19:20:53 - [MESSAGE][PASSED] - All options with index in [21] are selected on object 'Object Repository/HealthpostToCms/Page_HealthPost Store/select_--Select--Adernaline 0.'

2018-06-10 19:20:53 - [TEST_STEP][PASSED] - setText: Text '100' is set on object 'Object Repository/HealthpostToCms/Page_HealthPost Store/input_txttreat'

2018-06-10 19:20:53 - [MESSAGE][PASSED] - Text '100' is set on object 'Object Repository/HealthpostToCms/Page_HealthPost Store/input_txttreat'

2018-06-10 19:20:53 - [TEST_STEP][PASSED] - click: Object: 'Object Repository/HealthpostToCms/Page_HealthPost Store/button_Add' is clicked on

2018-06-10 19:20:53 - [MESSAGE][PASSED] - Object: 'Object Repository/HealthpostToCms/Page_HealthPost Store/button_Add' is clicked on

2018-06-10 19:20:53 - [TEST_STEP][PASSED] - selectOptionByIndex: All options with index in [3] are selected on object 'Object Repository/HealthpostToCms/Page_HealthPost Store/select_--Select--Schedule 1Inj'

2018-06-10 19:20:53 - [MESSAGE][PASSED] - All options with index in [3] are selected on object 'Object Repository/HealthpostToCms/Page_HealthPost Store/select_--Select--Schedule 1Inj'

2018-06-10 19:20:53 - [TEST_STEP][PASSED] - selectOptionByIndex: All options with index in [22] are selected on object 'Object Repository/HealthpostToCms/Page_HealthPost Store/select_--Select--Adernaline 0.'

2018-06-10 19:20:53 - [MESSAGE][PASSED] - All options with index in [22] are selected on object 'Object Repository/HealthpostToCms/Page_HealthPost Store/select_--Select--Adernaline 0.'

2018-06-10 19:20:53 - [TEST_STEP][PASSED] - setText: Text '100' is set on object 'Object Repository/HealthpostToCms/Page_HealthPost Store/input_txttreat'

2018-06-10 19:20:54 - [MESSAGE][PASSED] - Text '100' is set on object 'Object Repository/HealthpostToCms/Page_HealthPost Store/input_txttreat'

2018-06-10 19:20:54 - [TEST_STEP][PASSED] - click: Object: 'Object Repository/HealthpostToCms/Page_HealthPost Store/button_Add' is clicked on

2018-06-10 19:20:54 - [MESSAGE][PASSED] - Object: 'Object Repository/HealthpostToCms/Page_HealthPost Store/button_Add' is clicked on

2018-06-10 19:20:54 - [TEST_STEP][PASSED] - selectOptionByIndex: All options with index in [3] are selected on object 'Object Repository/HealthpostToCms/Page_HealthPost Store/select_--Select--Schedule 1Inj'

2018-06-10 19:20:54 - [MESSAGE][PASSED] - All options with index in [3] are selected on object 'Object Repository/HealthpostToCms/Page_HealthPost Store/select_--Select--Schedule 1Inj'

2018-06-10 19:20:54 - [TEST_STEP][PASSED] - selectOptionByIndex: All options with index in [23] are selected on object 'Object Repository/HealthpostToCms/Page_HealthPost Store/select_--Select--Adernaline 0.'

2018-06-10 19:20:54 - [MESSAGE][PASSED] - All options with index in [23] are selected on object 'Object Repository/HealthpostToCms/Page_HealthPost Store/select_--Select--Adernaline 0.'

2018-06-10 19:20:54 - [TEST_STEP][PASSED] - setText: Text '100' is set on object 'Object Repository/HealthpostToCms/Page_HealthPost Store/input_txttreat'

2018-06-10 19:20:54 - [MESSAGE][PASSED] - Text '100' is set on object 'Object Repository/HealthpostToCms/Page_HealthPost Store/input_txttreat'

2018-06-10 19:20:54 - [TEST_STEP][PASSED] - click: Object: 'Object Repository/HealthpostToCms/Page_HealthPost Store/button_Add' is clicked on

2018-06-10 19:20:54 - [MESSAGE][PASSED] - Object: 'Object Repository/HealthpostToCms/Page_HealthPost Store/button_Add' is clicked on

2018-06-10 19:20:54 - [TEST_STEP][PASSED] - selectOptionByIndex: All options with index in [3] are selected on object 'Object Repository/HealthpostToCms/Page_HealthPost Store/select_--Select--Schedule 1Inj'

2018-06-10 19:20:54 - [MESSAGE][PASSED] - All options with index in [3] are selected on object 'Object Repository/HealthpostToCms/Page_HealthPost Store/select_--Select--Schedule 1Inj'

2018-06-10 19:20:54 - [TEST_STEP][PASSED] - selectOptionByIndex: All options with index in [24] are selected on object 'Object Repository/HealthpostToCms/Page_HealthPost Store/select_--Select--Adernaline 0.'

2018-06-10 19:20:55 - [MESSAGE][PASSED] - All options with index in [24] are selected on object 'Object Repository/HealthpostToCms/Page_HealthPost Store/select_--Select--Adernaline 0.'

2018-06-10 19:20:55 - [TEST_STEP][PASSED] - setText: Text '100' is set on object 'Object Repository/HealthpostToCms/Page_HealthPost Store/input_txttreat'

2018-06-10 19:20:55 - [MESSAGE][PASSED] - Text '100' is set on object 'Object Repository/HealthpostToCms/Page_HealthPost Store/input_txttreat'

2018-06-10 19:20:55 - [TEST_STEP][PASSED] - click: Object: 'Object Repository/HealthpostToCms/Page_HealthPost Store/button_Add' is clicked on

2018-06-10 19:20:55 - [MESSAGE][PASSED] - Object: 'Object Repository/HealthpostToCms/Page_HealthPost Store/button_Add' is clicked on

2018-06-10 19:20:55 - [TEST_STEP][PASSED] - selectOptionByIndex: All options with index in [3] are selected on object 'Object Repository/HealthpostToCms/Page_HealthPost Store/select_--Select--Schedule 1Inj'

2018-06-10 19:20:55 - [MESSAGE][PASSED] - All options with index in [3] are selected on object 'Object Repository/HealthpostToCms/Page_HealthPost Store/select_--Select--Schedule 1Inj'

2018-06-10 19:20:55 - [TEST_STEP][PASSED] - selectOptionByIndex: All options with index in [25] are selected on object 'Object Repository/HealthpostToCms/Page_HealthPost Store/select_--Select--Adernaline 0.'

2018-06-10 19:20:55 - [MESSAGE][PASSED] - All options with index in [25] are selected on object 'Object Repository/HealthpostToCms/Page_HealthPost Store/select_--Select--Adernaline 0.'

2018-06-10 19:20:55 - [TEST_STEP][PASSED] - setText: Text '100' is set on object 'Object Repository/HealthpostToCms/Page_HealthPost Store/input_txttreat'

2018-06-10 19:20:55 - [MESSAGE][PASSED] - Text '100' is set on object 'Object Repository/HealthpostToCms/Page_HealthPost Store/input_txttreat'

2018-06-10 19:20:55 - [TEST_STEP][PASSED] - click: Object: 'Object Repository/HealthpostToCms/Page_HealthPost Store/button_Add' is clicked on

2018-06-10 19:20:56 - [MESSAGE][PASSED] - Object: 'Object Repository/HealthpostToCms/Page_HealthPost Store/button_Add' is clicked on

2018-06-10 19:20:56 - [TEST_STEP][PASSED] - selectOptionByIndex: All options with index in [3] are selected on object 'Object Repository/HealthpostToCms/Page_HealthPost Store/select_--Select--Schedule 1Inj'

2018-06-10 19:20:56 - [MESSAGE][PASSED] - All options with index in [3] are selected on object 'Object Repository/HealthpostToCms/Page_HealthPost Store/select_--Select--Schedule 1Inj'

2018-06-10 19:20:56 - [TEST_STEP][PASSED] - selectOptionByIndex: All options with index in [26] are selected on object 'Object Repository/HealthpostToCms/Page_HealthPost Store/select_--Select--Adernaline 0.'

2018-06-10 19:20:56 - [MESSAGE][PASSED] - All options with index in [26] are selected on object 'Object Repository/HealthpostToCms/Page_HealthPost Store/select_--Select--Adernaline 0.'

2018-06-10 19:20:56 - [TEST_STEP][PASSED] - setText: Text '100' is set on object 'Object Repository/HealthpostToCms/Page_HealthPost Store/input_txttreat'

2018-06-10 19:20:56 - [MESSAGE][PASSED] - Text '100' is set on object 'Object Repository/HealthpostToCms/Page_HealthPost Store/input_txttreat'

2018-06-10 19:20:56 - [TEST_STEP][PASSED] - click: Object: 'Object Repository/HealthpostToCms/Page_HealthPost Store/button_Add' is clicked on

2018-06-10 19:20:56 - [MESSAGE][PASSED] - Object: 'Object Repository/HealthpostToCms/Page_HealthPost Store/button_Add' is clicked on

2018-06-10 19:20:56 - [TEST_STEP][PASSED] - selectOptionByIndex: All options with index in [3] are selected on object 'Object Repository/HealthpostToCms/Page_HealthPost Store/select_--Select--Schedule 1Inj'

2018-06-10 19:20:56 - [MESSAGE][PASSED] - All options with index in [3] are selected on object 'Object Repository/HealthpostToCms/Page_HealthPost Store/select_--Select--Schedule 1Inj'

2018-06-10 19:20:56 - [TEST_STEP][PASSED] - selectOptionByIndex: All options with index in [27] are selected on object 'Object Repository/HealthpostToCms/Page_HealthPost Store/select_--Select--Adernaline 0.'

2018-06-10 19:20:57 - [MESSAGE][PASSED] - All options with index in [27] are selected on object 'Object Repository/HealthpostToCms/Page_HealthPost Store/select_--Select--Adernaline 0.'

2018-06-10 19:20:57 - [TEST_STEP][PASSED] - setText: Text '100' is set on object 'Object Repository/HealthpostToCms/Page_HealthPost Store/input_txttreat'

2018-06-10 19:20:57 - [MESSAGE][PASSED] - Text '100' is set on object 'Object Repository/HealthpostToCms/Page_HealthPost Store/input_txttreat'

2018-06-10 19:20:57 - [TEST_STEP][PASSED] - click: Object: 'Object Repository/HealthpostToCms/Page_HealthPost Store/button_Add' is clicked on

2018-06-10 19:20:57 - [MESSAGE][PASSED] - Object: 'Object Repository/HealthpostToCms/Page_HealthPost Store/button_Add' is clicked on

2018-06-10 19:20:57 - [TEST_STEP][PASSED] - selectOptionByIndex: All options with index in [3] are selected on object 'Object Repository/HealthpostToCms/Page_HealthPost Store/select_--Select--Schedule 1Inj'

2018-06-10 19:20:57 - [MESSAGE][PASSED] - All options with index in [3] are selected on object 'Object Repository/HealthpostToCms/Page_HealthPost Store/select_--Select--Schedule 1Inj'

2018-06-10 19:20:57 - [TEST_STEP][PASSED] - selectOptionByIndex: All options with index in [28] are selected on object 'Object Repository/HealthpostToCms/Page_HealthPost Store/select_--Select--Adernaline 0.'

2018-06-10 19:20:58 - [MESSAGE][PASSED] - All options with index in [28] are selected on object 'Object Repository/HealthpostToCms/Page_HealthPost Store/select_--Select--Adernaline 0.'

2018-06-10 19:20:58 - [TEST_STEP][PASSED] - setText: Text '100' is set on object 'Object Repository/HealthpostToCms/Page_HealthPost Store/input_txttreat'

2018-06-10 19:20:58 - [MESSAGE][PASSED] - Text '100' is set on object 'Object Repository/HealthpostToCms/Page_HealthPost Store/input_txttreat'

2018-06-10 19:20:58 - [TEST_STEP][PASSED] - click: Object: 'Object Repository/HealthpostToCms/Page_HealthPost Store/button_Add' is clicked on

2018-06-10 19:20:58 - [MESSAGE][PASSED] - Object: 'Object Repository/HealthpostToCms/Page_HealthPost Store/button_Add' is clicked on

2018-06-10 19:20:58 - [TEST_STEP][PASSED] - selectOptionByIndex: All options with index in [3] are selected on object 'Object Repository/HealthpostToCms/Page_HealthPost Store/select_--Select--Schedule 1Inj'

2018-06-10 19:20:58 - [MESSAGE][PASSED] - All options with index in [3] are selected on object 'Object Repository/HealthpostToCms/Page_HealthPost Store/select_--Select--Schedule 1Inj'

2018-06-10 19:20:58 - [TEST_STEP][PASSED] - selectOptionByIndex: All options with index in [29] are selected on object 'Object Repository/HealthpostToCms/Page_HealthPost Store/select_--Select--Adernaline 0.'

2018-06-10 19:20:58 - [MESSAGE][PASSED] - All options with index in [29] are selected on object 'Object Repository/HealthpostToCms/Page_HealthPost Store/select_--Select--Adernaline 0.'

2018-06-10 19:20:58 - [TEST_STEP][PASSED] - setText: Text '100' is set on object 'Object Repository/HealthpostToCms/Page_HealthPost Store/input_txttreat'

2018-06-10 19:20:58 - [MESSAGE][PASSED] - Text '100' is set on object 'Object Repository/HealthpostToCms/Page_HealthPost Store/input_txttreat'

2018-06-10 19:20:58 - [TEST_STEP][PASSED] - click: Object: 'Object Repository/HealthpostToCms/Page_HealthPost Store/button_Add' is clicked on

2018-06-10 19:20:59 - [MESSAGE][PASSED] - Object: 'Object Repository/HealthpostToCms/Page_HealthPost Store/button_Add' is clicked on

2018-06-10 19:20:59 - [TEST_STEP][PASSED] - selectOptionByIndex: All options with index in [3] are selected on object 'Object Repository/HealthpostToCms/Page_HealthPost Store/select_--Select--Schedule 1Inj'

2018-06-10 19:20:59 - [MESSAGE][PASSED] - All options with index in [3] are selected on object 'Object Repository/HealthpostToCms/Page_HealthPost Store/select_--Select--Schedule 1Inj'

2018-06-10 19:20:59 - [TEST_STEP][PASSED] - selectOptionByIndex: All options with index in [30] are selected on object 'Object Repository/HealthpostToCms/Page_HealthPost Store/select_--Select--Adernaline 0.'

2018-06-10 19:20:59 - [MESSAGE][PASSED] - All options with index in [30] are selected on object 'Object Repository/HealthpostToCms/Page_HealthPost Store/select_--Select--Adernaline 0.'

2018-06-10 19:20:59 - [TEST_STEP][PASSED] - setText: Text '100' is set on object 'Object Repository/HealthpostToCms/Page_HealthPost Store/input_txttreat'

2018-06-10 19:20:59 - [MESSAGE][PASSED] - Text '100' is set on object 'Object Repository/HealthpostToCms/Page_HealthPost Store/input_txttreat'

2018-06-10 19:20:59 - [TEST_STEP][PASSED] - click: Object: 'Object Repository/HealthpostToCms/Page_HealthPost Store/button_Add' is clicked on

2018-06-10 19:20:59 - [MESSAGE][PASSED] - Object: 'Object Repository/HealthpostToCms/Page_HealthPost Store/button_Add' is clicked on

2018-06-10 19:20:59 - [TEST_STEP][PASSED] - selectOptionByIndex: All options with index in [3] are selected on object 'Object Repository/HealthpostToCms/Page_HealthPost Store/select_--Select--Schedule 1Inj'

2018-06-10 19:20:59 - [MESSAGE][PASSED] - All options with index in [3] are selected on object 'Object Repository/HealthpostToCms/Page_HealthPost Store/select_--Select--Schedule 1Inj'

2018-06-10 19:20:59 - [TEST_STEP][PASSED] - selectOptionByIndex: All options with index in [31] are selected on object 'Object Repository/HealthpostToCms/Page_HealthPost Store/select_--Select--Adernaline 0.'

2018-06-10 19:21:00 - [MESSAGE][PASSED] - All options with index in [31] are selected on object 'Object Repository/HealthpostToCms/Page_HealthPost Store/select_--Select--Adernaline 0.'

2018-06-10 19:21:00 - [TEST_STEP][PASSED] - setText: Text '100' is set on object 'Object Repository/HealthpostToCms/Page_HealthPost Store/input_txttreat'

2018-06-10 19:21:00 - [MESSAGE][PASSED] - Text '100' is set on object 'Object Repository/HealthpostToCms/Page_HealthPost Store/input_txttreat'

2018-06-10 19:21:00 - [TEST_STEP][PASSED] - click: Object: 'Object Repository/HealthpostToCms/Page_HealthPost Store/button_Add' is clicked on

2018-06-10 19:21:00 - [MESSAGE][PASSED] - Object: 'Object Repository/HealthpostToCms/Page_HealthPost Store/button_Add' is clicked on

2018-06-10 19:21:00 - [TEST_STEP][PASSED] - selectOptionByIndex: All options with index in [3] are selected on object 'Object Repository/HealthpostToCms/Page_HealthPost Store/select_--Select--Schedule 1Inj'

2018-06-10 19:21:00 - [MESSAGE][PASSED] - All options with index in [3] are selected on object 'Object Repository/HealthpostToCms/Page_HealthPost Store/select_--Select--Schedule 1Inj'

2018-06-10 19:21:00 - [TEST_STEP][PASSED] - selectOptionByIndex: All options with index in [32] are selected on object 'Object Repository/HealthpostToCms/Page_HealthPost Store/select_--Select--Adernaline 0.'

2018-06-10 19:21:01 - [MESSAGE][PASSED] - All options with index in [32] are selected on object 'Object Repository/HealthpostToCms/Page_HealthPost Store/select_--Select--Adernaline 0.'

2018-06-10 19:21:01 - [TEST_STEP][PASSED] - setText: Text '100' is set on object 'Object Repository/HealthpostToCms/Page_HealthPost Store/input_txttreat'

2018-06-10 19:21:01 - [MESSAGE][PASSED] - Text '100' is set on object 'Object Repository/HealthpostToCms/Page_HealthPost Store/input_txttreat'

2018-06-10 19:21:01 - [TEST_STEP][PASSED] - click: Object: 'Object Repository/HealthpostToCms/Page_HealthPost Store/button_Add' is clicked on

2018-06-10 19:21:01 - [MESSAGE][PASSED] - Object: 'Object Repository/HealthpostToCms/Page_HealthPost Store/button_Add' is clicked on

2018-06-10 19:21:01 - [TEST_STEP][PASSED] - selectOptionByIndex: All options with index in [3] are selected on object 'Object Repository/HealthpostToCms/Page_HealthPost Store/select_--Select--Schedule 1Inj'

2018-06-10 19:21:01 - [MESSAGE][PASSED] - All options with index in [3] are selected on object 'Object Repository/HealthpostToCms/Page_HealthPost Store/select_--Select--Schedule 1Inj'

2018-06-10 19:21:01 - [TEST_STEP][PASSED] - selectOptionByIndex: All options with index in [33] are selected on object 'Object Repository/HealthpostToCms/Page_HealthPost Store/select_--Select--Adernaline 0.'

2018-06-10 19:21:01 - [MESSAGE][PASSED] - All options with index in [33] are selected on object 'Object Repository/HealthpostToCms/Page_HealthPost Store/select_--Select--Adernaline 0.'

2018-06-10 19:21:01 - [TEST_STEP][PASSED] - setText: Text '100' is set on object 'Object Repository/HealthpostToCms/Page_HealthPost Store/input_txttreat'

2018-06-10 19:21:01 - [MESSAGE][PASSED] - Text '100' is set on object 'Object Repository/HealthpostToCms/Page_HealthPost Store/input_txttreat'

2018-06-10 19:21:01 - [TEST_STEP][PASSED] - click: Object: 'Object Repository/HealthpostToCms/Page_HealthPost Store/button_Add' is clicked on

2018-06-10 19:21:02 - [MESSAGE][PASSED] - Object: 'Object Repository/HealthpostToCms/Page_HealthPost Store/button_Add' is clicked on

2018-06-10 19:21:02 - [TEST_STEP][PASSED] - selectOptionByIndex: All options with index in [3] are selected on object 'Object Repository/HealthpostToCms/Page_HealthPost Store/select_--Select--Schedule 1Inj'

2018-06-10 19:21:02 - [MESSAGE][PASSED] - All options with index in [3] are selected on object 'Object Repository/HealthpostToCms/Page_HealthPost Store/select_--Select--Schedule 1Inj'

2018-06-10 19:21:02 - [TEST_STEP][PASSED] - selectOptionByIndex: All options with index in [34] are selected on object 'Object Repository/HealthpostToCms/Page_HealthPost Store/select_--Select--Adernaline 0.'

2018-06-10 19:21:02 - [MESSAGE][PASSED] - All options with index in [34] are selected on object 'Object Repository/HealthpostToCms/Page_HealthPost Store/select_--Select--Adernaline 0.'

2018-06-10 19:21:02 - [TEST_STEP][PASSED] - setText: Text '100' is set on object 'Object Repository/HealthpostToCms/Page_HealthPost Store/input_txttreat'

2018-06-10 19:21:02 - [MESSAGE][PASSED] - Text '100' is set on object 'Object Repository/HealthpostToCms/Page_HealthPost Store/input_txttreat'

2018-06-10 19:21:02 - [TEST_STEP][PASSED] - click: Object: 'Object Repository/HealthpostToCms/Page_HealthPost Store/button_Add' is clicked on

2018-06-10 19:21:02 - [MESSAGE][PASSED] - Object: 'Object Repository/HealthpostToCms/Page_HealthPost Store/button_Add' is clicked on

2018-06-10 19:21:02 - [TEST_STEP][PASSED] - selectOptionByIndex: All options with index in [3] are selected on object 'Object Repository/HealthpostToCms/Page_HealthPost Store/select_--Select--Schedule 1Inj'

2018-06-10 19:21:02 - [MESSAGE][PASSED] - All options with index in [3] are selected on object 'Object Repository/HealthpostToCms/Page_HealthPost Store/select_--Select--Schedule 1Inj'

2018-06-10 19:21:02 - [TEST_STEP][PASSED] - selectOptionByIndex: All options with index in [35] are selected on object 'Object Repository/HealthpostToCms/Page_HealthPost Store/select_--Select--Adernaline 0.'

2018-06-10 19:21:03 - [MESSAGE][PASSED] - All options with index in [35] are selected on object 'Object Repository/HealthpostToCms/Page_HealthPost Store/select_--Select--Adernaline 0.'

2018-06-10 19:21:03 - [TEST_STEP][PASSED] - setText: Text '100' is set on object 'Object Repository/HealthpostToCms/Page_HealthPost Store/input_txttreat'

2018-06-10 19:21:03 - [MESSAGE][PASSED] - Text '100' is set on object 'Object Repository/HealthpostToCms/Page_HealthPost Store/input_txttreat'

2018-06-10 19:21:03 - [TEST_STEP][PASSED] - click: Object: 'Object Repository/HealthpostToCms/Page_HealthPost Store/button_Add' is clicked on

2018-06-10 19:21:03 - [MESSAGE][PASSED] - Object: 'Object Repository/HealthpostToCms/Page_HealthPost Store/button_Add' is clicked on

2018-06-10 19:21:03 - [TEST_STEP][PASSED] - selectOptionByIndex: All options with index in [3] are selected on object 'Object Repository/HealthpostToCms/Page_HealthPost Store/select_--Select--Schedule 1Inj'

2018-06-10 19:21:03 - [MESSAGE][PASSED] - All options with index in [3] are selected on object 'Object Repository/HealthpostToCms/Page_HealthPost Store/select_--Select--Schedule 1Inj'

2018-06-10 19:21:03 - [TEST_STEP][PASSED] - selectOptionByIndex: All options with index in [36] are selected on object 'Object Repository/HealthpostToCms/Page_HealthPost Store/select_--Select--Adernaline 0.'

2018-06-10 19:21:04 - [MESSAGE][PASSED] - All options with index in [36] are selected on object 'Object Repository/HealthpostToCms/Page_HealthPost Store/select_--Select--Adernaline 0.'

2018-06-10 19:21:04 - [TEST_STEP][PASSED] - setText: Text '100' is set on object 'Object Repository/HealthpostToCms/Page_HealthPost Store/input_txttreat'

2018-06-10 19:21:04 - [MESSAGE][PASSED] - Text '100' is set on object 'Object Repository/HealthpostToCms/Page_HealthPost Store/input_txttreat'

2018-06-10 19:21:04 - [TEST_STEP][PASSED] - click: Object: 'Object Repository/HealthpostToCms/Page_HealthPost Store/button_Add' is clicked on

2018-06-10 19:21:04 - [MESSAGE][PASSED] - Object: 'Object Repository/HealthpostToCms/Page_HealthPost Store/button_Add' is clicked on

2018-06-10 19:21:04 - [TEST_STEP][PASSED] - scrollToElement: Scroll to object 'Object Repository/HealthpostToCms/Page_HealthPost Store/input_btnsave' successfully

2018-06-10 19:21:04 - [MESSAGE][PASSED] - Scroll to object 'Object Repository/HealthpostToCms/Page_HealthPost Store/input_btnsave' successfully

2018-06-10 19:21:04 - [TEST_STEP][PASSED] - click: Object: 'Object Repository/HealthpostToCms/Page_HealthPost Store/input_btnsave' is clicked on

2018-06-10 19:21:04 - [MESSAGE][PASSED] - Object: 'Object Repository/HealthpostToCms/Page_HealthPost Store/input_btnsave' is clicked on

2018-06-10 19:21:04 - [TEST_STEP][PASSED] - delay: Delayed 3 second(s)

2018-06-10 19:21:07 - [MESSAGE][PASSED] - Delayed 3 second(s)

2018-06-10 19:21:07 - [TEST_STEP][PASSED] - Statement - RN1 = com.kms.katalon.core.webui.keyword.WebUiBuiltInKeywords.getText(com.kms.katalon.core.testobject.ObjectRepository.findTestObject(HealthpostToCms/Page_HealthPost Store/font_PRNO18052018174)): Text of object 'Object Repository/HealthpostToCms/Page_HealthPost Store/font_PRNO18052018174' is: 'PRNO/10062018/812'

2018-06-10 19:21:07 - [MESSAGE][PASSED] - Text of object 'Object Repository/HealthpostToCms/Page_HealthPost Store/font_PRNO18052018174' is: 'PRNO/10062018/812'

2018-06-10 19:21:07 - [TEST_STEP][PASSED] - Statement - out.println(RN1): null

2018-06-10 19:21:07 - [TEST_STEP][PASSED] - Statement - RID = RN1.split("/")[2]: null

2018-06-10 19:21:07 - [TEST_STEP][PASSED] - click: Object: 'Object Repository/HealthpostToCms/Page_HealthPost Store/button_OK' is clicked on

2018-06-10 19:21:08 - [MESSAGE][PASSED] - Object: 'Object Repository/HealthpostToCms/Page_HealthPost Store/button_OK' is clicked on

2018-06-10 19:21:08 - [TEST_STEP][PASSED] - delay: Delayed 3 second(s)

2018-06-10 19:21:11 - [MESSAGE][PASSED] - Delayed 3 second(s)

2018-06-10 19:21:11 - [TEST_STEP][PASSED] - click: Object: 'Object Repository/HealthpostToCms/Page_HealthPost Store/a_dropdown-toggle' is clicked on

2018-06-10 19:21:11 - [MESSAGE][PASSED] - Object: 'Object Repository/HealthpostToCms/Page_HealthPost Store/a_dropdown-toggle' is clicked on

2018-06-10 19:21:11 - [TEST_STEP][PASSED] - click: Object: 'Object Repository/HealthpostToCms/Page_HealthPost Store/a_Sign out' is clicked on

2018-06-10 19:21:11 - [MESSAGE][PASSED] - Object: 'Object Repository/HealthpostToCms/Page_HealthPost Store/a_Sign out' is clicked on

2018-06-10 19:21:11 - [TEST_STEP][PASSED] - delay: Delayed 3 second(s)

2018-06-10 19:21:14 - [MESSAGE][PASSED] - Delayed 3 second(s)

2018-06-10 19:21:14 - [TEST_STEP][PASSED] - navigateToUrl: Navigate to 'http://192.168.137.1/multihospital_new/' successfully

2018-06-10 19:21:15 - [MESSAGE][PASSED] - Navigate to 'http://192.168.137.1/multihospital_new/' successfully

2018-06-10 19:21:15 - [TEST_STEP][PASSED] - click: Object: 'Object Repository/HealthpostToCms/Page_KDMC/a_CMO' is clicked on

2018-06-10 19:21:16 - [MESSAGE][PASSED] - Object: 'Object Repository/HealthpostToCms/Page_KDMC/a_CMO' is clicked on

2018-06-10 19:21:16 - [TEST_STEP][PASSED] - setText: Text 'guru' is set on object 'Object Repository/HealthpostToCms/Page_CMO login/input_txtusername'

2018-06-10 19:21:16 - [MESSAGE][PASSED] - Text 'guru' is set on object 'Object Repository/HealthpostToCms/Page_CMO login/input_txtusername'

2018-06-10 19:21:16 - [TEST_STEP][PASSED] - setText: Text '123' is set on object 'Object Repository/HealthpostToCms/Page_CMO login/input_txtpassword'

2018-06-10 19:21:16 - [MESSAGE][PASSED] - Text '123' is set on object 'Object Repository/HealthpostToCms/Page_CMO login/input_txtpassword'

2018-06-10 19:21:16 - [TEST_STEP][PASSED] - delay: Delayed 3 second(s)

2018-06-10 19:21:19 - [MESSAGE][PASSED] - Delayed 3 second(s)

2018-06-10 19:21:19 - [TEST_STEP][PASSED] - click: Object: 'Object Repository/HealthpostToCms/Page_CMO login/button_Sign in' is clicked on

2018-06-10 19:21:20 - [MESSAGE][PASSED] - Object: 'Object Repository/HealthpostToCms/Page_CMO login/button_Sign in' is clicked on

2018-06-10 19:21:20 - [TEST_STEP][PASSED] - delay: Delayed 3 second(s)

2018-06-10 19:21:23 - [MESSAGE][PASSED] - Delayed 3 second(s)

2018-06-10 19:21:23 - [TEST_STEP][PASSED] - click: Object: 'Object Repository/HealthpostToCms/Page_KDMC - CMO/a_CMS Request' is clicked on

2018-06-10 19:21:23 - [MESSAGE][PASSED] - Object: 'Object Repository/HealthpostToCms/Page_KDMC - CMO/a_CMS Request' is clicked on

2018-06-10 19:21:23 - [TEST_STEP][PASSED] - delay: Delayed 2 second(s)

2018-06-10 19:21:25 - [MESSAGE][PASSED] - Delayed 2 second(s)

2018-06-10 19:21:25 - [TEST_STEP][PASSED] - click: Object: 'Object Repository/HealthpostToCms/Page_KDMC - CMO/a_Healthpost Store Request' is clicked on

2018-06-10 19:21:25 - [MESSAGE][PASSED] - Object: 'Object Repository/HealthpostToCms/Page_KDMC - CMO/a_Healthpost Store Request' is clicked on

2018-06-10 19:21:25 - [TEST_STEP][PASSED] - selectOptionByIndex: All options with index in [1] are selected on object 'Object Repository/HealthpostToCms/Page_KDMC - CMO/select_--ALL--'

2018-06-10 19:21:25 - [MESSAGE][PASSED] - All options with index in [1] are selected on object 'Object Repository/HealthpostToCms/Page_KDMC - CMO/select_--ALL--'

2018-06-10 19:21:25 - [TEST_STEP][PASSED] - click: Object: 'Object Repository/HealthpostToCms/Page_KDMC - CMO/input_btnsearch' is clicked on

2018-06-10 19:21:26 - [MESSAGE][PASSED] - Object: 'Object Repository/HealthpostToCms/Page_KDMC - CMO/input_btnsearch' is clicked on

2018-06-10 19:21:26 - [TEST_STEP][PASSED] - Statement - ID = com.kms.katalon.core.webui.keyword.WebUiBuiltInKeywords.modifyObjectProperty(com.kms.katalon.core.testobject.ObjectRepository.findTestObject(lab/Page_KDMC - CMO/input_1), "xpath", "equals", "//*[@id=" + RID + "]", true): Modify property of object successfully

2018-06-10 19:21:26 - [MESSAGE][PASSED] - Modify property of object successfully

2018-06-10 19:21:26 - [TEST_STEP][PASSED] - click: Object: 'Object Repository/lab/Page_KDMC - CMO/input_1' is clicked on

2018-06-10 19:21:26 - [MESSAGE][PASSED] - Object: 'Object Repository/lab/Page_KDMC - CMO/input_1' is clicked on

2018-06-10 19:21:26 - [TEST_STEP][PASSED] - delay: Delayed 2 second(s)

2018-06-10 19:21:28 - [MESSAGE][PASSED] - Delayed 2 second(s)

2018-06-10 19:21:28 - [TEST_STEP][PASSED] - selectOptionByIndex: All options with index in [1] are selected on object 'Object Repository/HealthpostToCms/Page_KDMC - CMO/select_--Select--'

2018-06-10 19:21:28 - [MESSAGE][PASSED] - All options with index in [1] are selected on object 'Object Repository/HealthpostToCms/Page_KDMC - CMO/select_--Select--'

2018-06-10 19:21:28 - [TEST_STEP][PASSED] - click: Object: 'Object Repository/HealthpostToCms/Page_KDMC - CMO/input_btnupdate' is clicked on

2018-06-10 19:21:28 - [MESSAGE][PASSED] - Object: 'Object Repository/HealthpostToCms/Page_KDMC - CMO/input_btnupdate' is clicked on

2018-06-10 19:21:28 - [TEST_STEP][PASSED] - delay: Delayed 2 second(s)

2018-06-10 19:21:30 - [MESSAGE][PASSED] - Delayed 2 second(s)

2018-06-10 19:21:30 - [TEST_STEP][PASSED] - click: Object: 'Object Repository/HealthpostToCms/Page_KDMC - CMO/button_OK' is clicked on

2018-06-10 19:21:31 - [MESSAGE][PASSED] - Object: 'Object Repository/HealthpostToCms/Page_KDMC - CMO/button_OK' is clicked on

2018-06-10 19:21:31 - [TEST_STEP][PASSED] - delay: Delayed 3 second(s)

2018-06-10 19:21:34 - [MESSAGE][PASSED] - Delayed 3 second(s)

2018-06-10 19:21:34 - [TEST_STEP][PASSED] - waitForElementVisible: Object 'Object Repository/HealthpostToCms/Page_KDMC - CMO/a_dropdown-toggle' is visible

2018-06-10 19:21:34 - [MESSAGE][PASSED] - Object 'Object Repository/HealthpostToCms/Page_KDMC - CMO/a_dropdown-toggle' is visible

2018-06-10 19:21:34 - [TEST_STEP][PASSED] - click: Object: 'Object Repository/HealthpostToCms/Page_KDMC - CMO/a_dropdown-toggle' is clicked on

2018-06-10 19:21:34 - [MESSAGE][PASSED] - Object: 'Object Repository/HealthpostToCms/Page_KDMC - CMO/a_dropdown-toggle' is clicked on

2018-06-10 19:21:34 - [TEST_STEP][PASSED] - click: Object: 'Object Repository/HealthpostToCms/Page_KDMC - CMO/a_Sign out' is clicked on

2018-06-10 19:21:35 - [MESSAGE][PASSED] - Object: 'Object Repository/HealthpostToCms/Page_KDMC - CMO/a_Sign out' is clicked on

2018-06-10 19:21:35 - [TEST_STEP][PASSED] - delay: Delayed 3 second(s)

2018-06-10 19:21:38 - [MESSAGE][PASSED] - Delayed 3 second(s)

2018-06-10 19:21:38 - [TEST_STEP][PASSED] - click: Object: 'Object Repository/HealthpostToCms/Page_KDMC/a_CMS' is clicked on

2018-06-10 19:21:38 - [MESSAGE][PASSED] - Object: 'Object Repository/HealthpostToCms/Page_KDMC/a_CMS' is clicked on

2018-06-10 19:21:38 - [TEST_STEP][PASSED] - setText: Text 'bala' is set on object 'Object Repository/HealthpostToCms/Page_CMS login/input_txtusername'

2018-06-10 19:21:38 - [MESSAGE][PASSED] - Text 'bala' is set on object 'Object Repository/HealthpostToCms/Page_CMS login/input_txtusername'

2018-06-10 19:21:38 - [TEST_STEP][PASSED] - setText: Text '123' is set on object 'Object Repository/HealthpostToCms/Page_CMS login/input_txtpassword'

2018-06-10 19:21:38 - [MESSAGE][PASSED] - Text '123' is set on object 'Object Repository/HealthpostToCms/Page_CMS login/input_txtpassword'

2018-06-10 19:21:38 - [TEST_STEP][PASSED] - delay: Delayed 3 second(s)

2018-06-10 19:21:41 - [MESSAGE][PASSED] - Delayed 3 second(s)

2018-06-10 19:21:41 - [TEST_STEP][PASSED] - click: Object: 'Object Repository/HealthpostToCms/Page_CMS login/button_Sign in' is clicked on

2018-06-10 19:21:42 - [MESSAGE][PASSED] - Object: 'Object Repository/HealthpostToCms/Page_CMS login/button_Sign in' is clicked on

2018-06-10 19:21:42 - [TEST_STEP][PASSED] - delay: Delayed 3 second(s)

2018-06-10 19:21:45 - [MESSAGE][PASSED] - Delayed 3 second(s)

2018-06-10 19:21:45 - [TEST_STEP][PASSED] - click: Object: 'Object Repository/HealthpostToCms/Page_KDMC - CMS/a_Divisional Store' is clicked on

2018-06-10 19:21:45 - [MESSAGE][PASSED] - Object: 'Object Repository/HealthpostToCms/Page_KDMC - CMS/a_Divisional Store' is clicked on

2018-06-10 19:21:45 - [TEST_STEP][PASSED] - delay: Delayed 2 second(s)

2018-06-10 19:21:47 - [MESSAGE][PASSED] - Delayed 2 second(s)

2018-06-10 19:21:47 - [TEST_STEP][PASSED] - click: Object: 'Object Repository/HealthpostToCms/Page_KDMC - CMS/a_Dispatch Items' is clicked on

2018-06-10 19:21:47 - [MESSAGE][PASSED] - Object: 'Object Repository/HealthpostToCms/Page_KDMC - CMS/a_Dispatch Items' is clicked on

2018-06-10 19:21:47 - [TEST_STEP][PASSED] - delay: Delayed 2 second(s)

2018-06-10 19:21:49 - [MESSAGE][PASSED] - Delayed 2 second(s)

2018-06-10 19:21:49 - [TEST_STEP][PASSED] - setText: Text 'PRNO/10062018/812' is set on object 'Object Repository/HealthpostToCms/Page_KDMC - CMS/input'

2018-06-10 19:21:50 - [MESSAGE][PASSED] - Text 'PRNO/10062018/812' is set on object 'Object Repository/HealthpostToCms/Page_KDMC - CMS/input'

2018-06-10 19:21:50 - [TEST_STEP][PASSED] - click: Object: 'Object Repository/HealthpostToCms/Page_KDMC - CMS/input_PRNO18052018174' is clicked on

2018-06-10 19:21:50 - [MESSAGE][PASSED] - Object: 'Object Repository/HealthpostToCms/Page_KDMC - CMS/input_PRNO18052018174' is clicked on

2018-06-10 19:21:50 - [TEST_STEP][PASSED] - delay: Delayed 3 second(s)

2018-06-10 19:21:53 - [MESSAGE][PASSED] - Delayed 3 second(s)

2018-06-10 19:21:53 - [TEST_STEP][PASSED] - Statement - out.println("Length : " + medicineslength): null

2018-06-10 19:21:53 - [TEST_STEP][PASSED] - Statement - For ([row = 0, row < medicineslength - 1, (row++)]): null

2018-06-10 19:21:53 - [TEST_STEP][PASSED] - Statement - batchlength = new com.kms.katalon.core.testobject.TestObject(): null

2018-06-10 19:21:53 - [TEST_STEP][PASSED] - Statement - batchlength = com.kms.katalon.core.webui.keyword.WebUiBuiltInKeywords.modifyObjectProperty(batchlength, "xpath", "equals", "//*[@id = "fldvendor" + row + ""]", true): Modify property of object successfully

2018-06-10 19:21:53 - [MESSAGE][PASSED] - Modify property of object successfully

2018-06-10 19:21:53 - [TEST_STEP][PASSED] - Statement - batchsize = com.kms.katalon.core.webui.keyword.WebUiBuiltInKeywords.getNumberOfTotalOption(batchlength): 11 options of object '' counted

2018-06-10 19:21:53 - [MESSAGE][PASSED] - 11 options of object '' counted

2018-06-10 19:21:53 - [TEST_STEP][PASSED] - Statement - out.println("BatchSize : " + batchsize): null

2018-06-10 19:21:53 - [TEST_STEP][PASSED] - Statement - For ([n = 1, n <= batchsize - 1, (n++)]): null

2018-06-10 19:21:53 - [TEST_STEP][PASSED] - Statement - product = new com.kms.katalon.core.testobject.TestObject(): null

2018-06-10 19:21:53 - [TEST_STEP][PASSED] - Statement - product = com.kms.katalon.core.webui.keyword.WebUiBuiltInKeywords.modifyObjectProperty(product, "xpath", "equals", "//*[@id = "fldvendor" + row + ""]", true): Modify property of object successfully

2018-06-10 19:21:53 - [MESSAGE][PASSED] - Modify property of object successfully

2018-06-10 19:21:53 - [TEST_STEP][PASSED] - selectOptionByIndex: All options with index in [1] are selected on object ''

2018-06-10 19:21:53 - [MESSAGE][PASSED] - All options with index in [1] are selected on object ''

2018-06-10 19:21:53 - [TEST_STEP][PASSED] - delay: Delayed 2 second(s)

2018-06-10 19:21:55 - [MESSAGE][PASSED] - Delayed 2 second(s)

2018-06-10 19:21:55 - [TEST_STEP][PASSED] - Statement - batch = new com.kms.katalon.core.testobject.TestObject(): null

2018-06-10 19:21:55 - [TEST_STEP][PASSED] - Statement - batch = com.kms.katalon.core.webui.keyword.WebUiBuiltInKeywords.modifyObjectProperty(batch, "xpath", "equals", "//*[@id = "txtbthqty" + row + ""]", true): Modify property of object successfully

2018-06-10 19:21:55 - [MESSAGE][PASSED] - Modify property of object successfully

2018-06-10 19:21:55 - [TEST_STEP][PASSED] - Statement - batchqty = com.kms.katalon.core.webui.keyword.WebUiBuiltInKeywords.getAttribute(batch, "value").trim(): Attribute 'value' of object '' is: '3800'

2018-06-10 19:21:55 - [MESSAGE][PASSED] - Attribute 'value' of object '' is: '3800'

2018-06-10 19:21:55 - [TEST_STEP][PASSED] - Statement - Rqty = 100: null

2018-06-10 19:21:55 - [TEST_STEP][PASSED] - Statement - out.println("BatchQty : " + batchqty): null

2018-06-10 19:21:55 - [TEST_STEP][PASSED] - Statement - out.println("RQty : " + Rqty): null

2018-06-10 19:21:55 - [TEST_STEP][PASSED] - Statement - If (java.lang.Integer.valueOf(batchqty) >= java.lang.Integer.valueOf(Rqty)): null

2018-06-10 19:21:55 - [TEST_STEP][PASSED] - Statement - Break: null

2018-06-10 19:21:55 - [TEST_STEP][PASSED] - Statement - batchlength = new com.kms.katalon.core.testobject.TestObject(): null

2018-06-10 19:21:55 - [TEST_STEP][PASSED] - Statement - batchlength = com.kms.katalon.core.webui.keyword.WebUiBuiltInKeywords.modifyObjectProperty(batchlength, "xpath", "equals", "//*[@id = "fldvendor" + row + ""]", true): Modify property of object successfully

2018-06-10 19:21:55 - [MESSAGE][PASSED] - Modify property of object successfully

2018-06-10 19:21:55 - [TEST_STEP][PASSED] - Statement - batchsize = com.kms.katalon.core.webui.keyword.WebUiBuiltInKeywords.getNumberOfTotalOption(batchlength): 11 options of object '' counted

2018-06-10 19:21:55 - [MESSAGE][PASSED] - 11 options of object '' counted

2018-06-10 19:21:55 - [TEST_STEP][PASSED] - Statement - out.println("BatchSize : " + batchsize): null

2018-06-10 19:21:55 - [TEST_STEP][PASSED] - Statement - For ([n = 1, n <= batchsize - 1, (n++)]): null

2018-06-10 19:21:55 - [TEST_STEP][PASSED] - Statement - product = new com.kms.katalon.core.testobject.TestObject(): null

2018-06-10 19:21:55 - [TEST_STEP][PASSED] - Statement - product = com.kms.katalon.core.webui.keyword.WebUiBuiltInKeywords.modifyObjectProperty(product, "xpath", "equals", "//*[@id = "fldvendor" + row + ""]", true): Modify property of object successfully

2018-06-10 19:21:55 - [MESSAGE][PASSED] - Modify property of object successfully

2018-06-10 19:21:55 - [TEST_STEP][PASSED] - selectOptionByIndex: All options with index in [1] are selected on object ''

2018-06-10 19:21:56 - [MESSAGE][PASSED] - All options with index in [1] are selected on object ''

2018-06-10 19:21:56 - [TEST_STEP][PASSED] - delay: Delayed 2 second(s)

2018-06-10 19:21:58 - [MESSAGE][PASSED] - Delayed 2 second(s)

2018-06-10 19:21:58 - [TEST_STEP][PASSED] - Statement - batch = new com.kms.katalon.core.testobject.TestObject(): null

2018-06-10 19:21:58 - [TEST_STEP][PASSED] - Statement - batch = com.kms.katalon.core.webui.keyword.WebUiBuiltInKeywords.modifyObjectProperty(batch, "xpath", "equals", "//*[@id = "txtbthqty" + row + ""]", true): Modify property of object successfully

2018-06-10 19:21:58 - [MESSAGE][PASSED] - Modify property of object successfully

2018-06-10 19:21:58 - [TEST_STEP][PASSED] - Statement - batchqty = com.kms.katalon.core.webui.keyword.WebUiBuiltInKeywords.getAttribute(batch, "value").trim(): Attribute 'value' of object '' is: '2600'

2018-06-10 19:21:58 - [MESSAGE][PASSED] - Attribute 'value' of object '' is: '2600'

2018-06-10 19:21:58 - [TEST_STEP][PASSED] - Statement - Rqty = 100: null

2018-06-10 19:21:58 - [TEST_STEP][PASSED] - Statement - out.println("BatchQty : " + batchqty): null

2018-06-10 19:21:58 - [TEST_STEP][PASSED] - Statement - out.println("RQty : " + Rqty): null

2018-06-10 19:21:58 - [TEST_STEP][PASSED] - Statement - If (java.lang.Integer.valueOf(batchqty) >= java.lang.Integer.valueOf(Rqty)): null

2018-06-10 19:21:58 - [TEST_STEP][PASSED] - Statement - Break: null

2018-06-10 19:21:58 - [TEST_STEP][PASSED] - Statement - batchlength = new com.kms.katalon.core.testobject.TestObject(): null

2018-06-10 19:21:58 - [TEST_STEP][PASSED] - Statement - batchlength = com.kms.katalon.core.webui.keyword.WebUiBuiltInKeywords.modifyObjectProperty(batchlength, "xpath", "equals", "//*[@id = "fldvendor" + row + ""]", true): Modify property of object successfully

2018-06-10 19:21:58 - [MESSAGE][PASSED] - Modify property of object successfully

2018-06-10 19:21:58 - [TEST_STEP][PASSED] - Statement - batchsize = com.kms.katalon.core.webui.keyword.WebUiBuiltInKeywords.getNumberOfTotalOption(batchlength): 11 options of object '' counted

2018-06-10 19:21:58 - [MESSAGE][PASSED] - 11 options of object '' counted

2018-06-10 19:21:58 - [TEST_STEP][PASSED] - Statement - out.println("BatchSize : " + batchsize): null

2018-06-10 19:21:58 - [TEST_STEP][PASSED] - Statement - For ([n = 1, n <= batchsize - 1, (n++)]): null

2018-06-10 19:21:58 - [TEST_STEP][PASSED] - Statement - product = new com.kms.katalon.core.testobject.TestObject(): null

2018-06-10 19:21:58 - [TEST_STEP][PASSED] - Statement - product = com.kms.katalon.core.webui.keyword.WebUiBuiltInKeywords.modifyObjectProperty(product, "xpath", "equals", "//*[@id = "fldvendor" + row + ""]", true): Modify property of object successfully

2018-06-10 19:21:58 - [MESSAGE][PASSED] - Modify property of object successfully

2018-06-10 19:21:58 - [TEST_STEP][PASSED] - selectOptionByIndex: All options with index in [1] are selected on object ''

2018-06-10 19:21:58 - [MESSAGE][PASSED] - All options with index in [1] are selected on object ''

2018-06-10 19:21:58 - [TEST_STEP][PASSED] - delay: Delayed 2 second(s)

2018-06-10 19:22:00 - [MESSAGE][PASSED] - Delayed 2 second(s)

2018-06-10 19:22:00 - [TEST_STEP][PASSED] - Statement - batch = new com.kms.katalon.core.testobject.TestObject(): null

2018-06-10 19:22:00 - [TEST_STEP][PASSED] - Statement - batch = com.kms.katalon.core.webui.keyword.WebUiBuiltInKeywords.modifyObjectProperty(batch, "xpath", "equals", "//*[@id = "txtbthqty" + row + ""]", true): Modify property of object successfully

2018-06-10 19:22:00 - [MESSAGE][PASSED] - Modify property of object successfully

2018-06-10 19:22:00 - [TEST_STEP][PASSED] - Statement - batchqty = com.kms.katalon.core.webui.keyword.WebUiBuiltInKeywords.getAttribute(batch, "value").trim(): Attribute 'value' of object '' is: '3800'

2018-06-10 19:22:00 - [MESSAGE][PASSED] - Attribute 'value' of object '' is: '3800'

2018-06-10 19:22:00 - [TEST_STEP][PASSED] - Statement - Rqty = 100: null

2018-06-10 19:22:00 - [TEST_STEP][PASSED] - Statement - out.println("BatchQty : " + batchqty): null

2018-06-10 19:22:00 - [TEST_STEP][PASSED] - Statement - out.println("RQty : " + Rqty): null

2018-06-10 19:22:00 - [TEST_STEP][PASSED] - Statement - If (java.lang.Integer.valueOf(batchqty) >= java.lang.Integer.valueOf(Rqty)): null

2018-06-10 19:22:00 - [TEST_STEP][PASSED] - Statement - Break: null

2018-06-10 19:22:00 - [TEST_STEP][PASSED] - Statement - batchlength = new com.kms.katalon.core.testobject.TestObject(): null

2018-06-10 19:22:00 - [TEST_STEP][PASSED] - Statement - batchlength = com.kms.katalon.core.webui.keyword.WebUiBuiltInKeywords.modifyObjectProperty(batchlength, "xpath", "equals", "//*[@id = "fldvendor" + row + ""]", true): Modify property of object successfully

2018-06-10 19:22:00 - [MESSAGE][PASSED] - Modify property of object successfully

2018-06-10 19:22:00 - [TEST_STEP][PASSED] - Statement - batchsize = com.kms.katalon.core.webui.keyword.WebUiBuiltInKeywords.getNumberOfTotalOption(batchlength): 11 options of object '' counted

2018-06-10 19:22:00 - [MESSAGE][PASSED] - 11 options of object '' counted

2018-06-10 19:22:00 - [TEST_STEP][PASSED] - Statement - out.println("BatchSize : " + batchsize): null

2018-06-10 19:22:00 - [TEST_STEP][PASSED] - Statement - For ([n = 1, n <= batchsize - 1, (n++)]): null

2018-06-10 19:22:00 - [TEST_STEP][PASSED] - Statement - product = new com.kms.katalon.core.testobject.TestObject(): null

2018-06-10 19:22:00 - [TEST_STEP][PASSED] - Statement - product = com.kms.katalon.core.webui.keyword.WebUiBuiltInKeywords.modifyObjectProperty(product, "xpath", "equals", "//*[@id = "fldvendor" + row + ""]", true): Modify property of object successfully

2018-06-10 19:22:00 - [MESSAGE][PASSED] - Modify property of object successfully

2018-06-10 19:22:00 - [TEST_STEP][PASSED] - selectOptionByIndex: All options with index in [1] are selected on object ''

2018-06-10 19:22:00 - [MESSAGE][PASSED] - All options with index in [1] are selected on object ''

2018-06-10 19:22:00 - [TEST_STEP][PASSED] - delay: Delayed 2 second(s)

2018-06-10 19:22:02 - [MESSAGE][PASSED] - Delayed 2 second(s)

2018-06-10 19:22:02 - [TEST_STEP][PASSED] - Statement - batch = new com.kms.katalon.core.testobject.TestObject(): null

2018-06-10 19:22:02 - [TEST_STEP][PASSED] - Statement - batch = com.kms.katalon.core.webui.keyword.WebUiBuiltInKeywords.modifyObjectProperty(batch, "xpath", "equals", "//*[@id = "txtbthqty" + row + ""]", true): Modify property of object successfully

2018-06-10 19:22:02 - [MESSAGE][PASSED] - Modify property of object successfully

2018-06-10 19:22:02 - [TEST_STEP][PASSED] - Statement - batchqty = com.kms.katalon.core.webui.keyword.WebUiBuiltInKeywords.getAttribute(batch, "value").trim(): Attribute 'value' of object '' is: '3300'

2018-06-10 19:22:02 - [MESSAGE][PASSED] - Attribute 'value' of object '' is: '3300'

2018-06-10 19:22:02 - [TEST_STEP][PASSED] - Statement - Rqty = 100: null

2018-06-10 19:22:02 - [TEST_STEP][PASSED] - Statement - out.println("BatchQty : " + batchqty): null

2018-06-10 19:22:02 - [TEST_STEP][PASSED] - Statement - out.println("RQty : " + Rqty): null

2018-06-10 19:22:02 - [TEST_STEP][PASSED] - Statement - If (java.lang.Integer.valueOf(batchqty) >= java.lang.Integer.valueOf(Rqty)): null

2018-06-10 19:22:02 - [TEST_STEP][PASSED] - Statement - Break: null

2018-06-10 19:22:02 - [TEST_STEP][PASSED] - Statement - batchlength = new com.kms.katalon.core.testobject.TestObject(): null

2018-06-10 19:22:02 - [TEST_STEP][PASSED] - Statement - batchlength = com.kms.katalon.core.webui.keyword.WebUiBuiltInKeywords.modifyObjectProperty(batchlength, "xpath", "equals", "//*[@id = "fldvendor" + row + ""]", true): Modify property of object successfully

2018-06-10 19:22:02 - [MESSAGE][PASSED] - Modify property of object successfully

2018-06-10 19:22:02 - [TEST_STEP][PASSED] - Statement - batchsize = com.kms.katalon.core.webui.keyword.WebUiBuiltInKeywords.getNumberOfTotalOption(batchlength): 11 options of object '' counted

2018-06-10 19:22:02 - [MESSAGE][PASSED] - 11 options of object '' counted

2018-06-10 19:22:02 - [TEST_STEP][PASSED] - Statement - out.println("BatchSize : " + batchsize): null

2018-06-10 19:22:02 - [TEST_STEP][PASSED] - Statement - For ([n = 1, n <= batchsize - 1, (n++)]): null

2018-06-10 19:22:02 - [TEST_STEP][PASSED] - Statement - product = new com.kms.katalon.core.testobject.TestObject(): null

2018-06-10 19:22:02 - [TEST_STEP][PASSED] - Statement - product = com.kms.katalon.core.webui.keyword.WebUiBuiltInKeywords.modifyObjectProperty(product, "xpath", "equals", "//*[@id = "fldvendor" + row + ""]", true): Modify property of object successfully

2018-06-10 19:22:02 - [MESSAGE][PASSED] - Modify property of object successfully

2018-06-10 19:22:02 - [TEST_STEP][PASSED] - selectOptionByIndex: All options with index in [1] are selected on object ''

2018-06-10 19:22:02 - [MESSAGE][PASSED] - All options with index in [1] are selected on object ''

2018-06-10 19:22:02 - [TEST_STEP][PASSED] - delay: Delayed 2 second(s)

2018-06-10 19:22:04 - [MESSAGE][PASSED] - Delayed 2 second(s)

2018-06-10 19:22:04 - [TEST_STEP][PASSED] - Statement - batch = new com.kms.katalon.core.testobject.TestObject(): null

2018-06-10 19:22:04 - [TEST_STEP][PASSED] - Statement - batch = com.kms.katalon.core.webui.keyword.WebUiBuiltInKeywords.modifyObjectProperty(batch, "xpath", "equals", "//*[@id = "txtbthqty" + row + ""]", true): Modify property of object successfully

2018-06-10 19:22:04 - [MESSAGE][PASSED] - Modify property of object successfully

2018-06-10 19:22:04 - [TEST_STEP][PASSED] - Statement - batchqty = com.kms.katalon.core.webui.keyword.WebUiBuiltInKeywords.getAttribute(batch, "value").trim(): Attribute 'value' of object '' is: '35400'

2018-06-10 19:22:04 - [MESSAGE][PASSED] - Attribute 'value' of object '' is: '35400'

2018-06-10 19:22:04 - [TEST_STEP][PASSED] - Statement - Rqty = 100: null

2018-06-10 19:22:04 - [TEST_STEP][PASSED] - Statement - out.println("BatchQty : " + batchqty): null

2018-06-10 19:22:04 - [TEST_STEP][PASSED] - Statement - out.println("RQty : " + Rqty): null

2018-06-10 19:22:04 - [TEST_STEP][PASSED] - Statement - If (java.lang.Integer.valueOf(batchqty) >= java.lang.Integer.valueOf(Rqty)): null

2018-06-10 19:22:04 - [TEST_STEP][PASSED] - Statement - Break: null

2018-06-10 19:22:04 - [TEST_STEP][PASSED] - Statement - batchlength = new com.kms.katalon.core.testobject.TestObject(): null

2018-06-10 19:22:04 - [TEST_STEP][PASSED] - Statement - batchlength = com.kms.katalon.core.webui.keyword.WebUiBuiltInKeywords.modifyObjectProperty(batchlength, "xpath", "equals", "//*[@id = "fldvendor" + row + ""]", true): Modify property of object successfully

2018-06-10 19:22:04 - [MESSAGE][PASSED] - Modify property of object successfully

2018-06-10 19:22:04 - [TEST_STEP][PASSED] - Statement - batchsize = com.kms.katalon.core.webui.keyword.WebUiBuiltInKeywords.getNumberOfTotalOption(batchlength): 11 options of object '' counted

2018-06-10 19:22:04 - [MESSAGE][PASSED] - 11 options of object '' counted

2018-06-10 19:22:04 - [TEST_STEP][PASSED] - Statement - out.println("BatchSize : " + batchsize): null

2018-06-10 19:22:04 - [TEST_STEP][PASSED] - Statement - For ([n = 1, n <= batchsize - 1, (n++)]): null

2018-06-10 19:22:04 - [TEST_STEP][PASSED] - Statement - product = new com.kms.katalon.core.testobject.TestObject(): null

2018-06-10 19:22:04 - [TEST_STEP][PASSED] - Statement - product = com.kms.katalon.core.webui.keyword.WebUiBuiltInKeywords.modifyObjectProperty(product, "xpath", "equals", "//*[@id = "fldvendor" + row + ""]", true): Modify property of object successfully

2018-06-10 19:22:04 - [MESSAGE][PASSED] - Modify property of object successfully

2018-06-10 19:22:04 - [TEST_STEP][PASSED] - selectOptionByIndex: All options with index in [1] are selected on object ''

2018-06-10 19:22:05 - [MESSAGE][PASSED] - All options with index in [1] are selected on object ''

2018-06-10 19:22:05 - [TEST_STEP][PASSED] - delay: Delayed 2 second(s)

2018-06-10 19:22:07 - [MESSAGE][PASSED] - Delayed 2 second(s)

2018-06-10 19:22:07 - [TEST_STEP][PASSED] - Statement - batch = new com.kms.katalon.core.testobject.TestObject(): null

2018-06-10 19:22:07 - [TEST_STEP][PASSED] - Statement - batch = com.kms.katalon.core.webui.keyword.WebUiBuiltInKeywords.modifyObjectProperty(batch, "xpath", "equals", "//*[@id = "txtbthqty" + row + ""]", true): Modify property of object successfully

2018-06-10 19:22:07 - [MESSAGE][PASSED] - Modify property of object successfully

2018-06-10 19:22:07 - [TEST_STEP][PASSED] - Statement - batchqty = com.kms.katalon.core.webui.keyword.WebUiBuiltInKeywords.getAttribute(batch, "value").trim(): Attribute 'value' of object '' is: '1500'

2018-06-10 19:22:07 - [MESSAGE][PASSED] - Attribute 'value' of object '' is: '1500'

2018-06-10 19:22:07 - [TEST_STEP][PASSED] - Statement - Rqty = 100: null

2018-06-10 19:22:07 - [TEST_STEP][PASSED] - Statement - out.println("BatchQty : " + batchqty): null

2018-06-10 19:22:07 - [TEST_STEP][PASSED] - Statement - out.println("RQty : " + Rqty): null

2018-06-10 19:22:07 - [TEST_STEP][PASSED] - Statement - If (java.lang.Integer.valueOf(batchqty) >= java.lang.Integer.valueOf(Rqty)): null

2018-06-10 19:22:07 - [TEST_STEP][PASSED] - Statement - Break: null

2018-06-10 19:22:07 - [TEST_STEP][PASSED] - Statement - batchlength = new com.kms.katalon.core.testobject.TestObject(): null

2018-06-10 19:22:07 - [TEST_STEP][PASSED] - Statement - batchlength = com.kms.katalon.core.webui.keyword.WebUiBuiltInKeywords.modifyObjectProperty(batchlength, "xpath", "equals", "//*[@id = "fldvendor" + row + ""]", true): Modify property of object successfully

2018-06-10 19:22:07 - [MESSAGE][PASSED] - Modify property of object successfully

2018-06-10 19:22:07 - [TEST_STEP][PASSED] - Statement - batchsize = com.kms.katalon.core.webui.keyword.WebUiBuiltInKeywords.getNumberOfTotalOption(batchlength): 11 options of object '' counted

2018-06-10 19:22:07 - [MESSAGE][PASSED] - 11 options of object '' counted

2018-06-10 19:22:07 - [TEST_STEP][PASSED] - Statement - out.println("BatchSize : " + batchsize): null

2018-06-10 19:22:07 - [TEST_STEP][PASSED] - Statement - For ([n = 1, n <= batchsize - 1, (n++)]): null

2018-06-10 19:22:07 - [TEST_STEP][PASSED] - Statement - product = new com.kms.katalon.core.testobject.TestObject(): null

2018-06-10 19:22:07 - [TEST_STEP][PASSED] - Statement - product = com.kms.katalon.core.webui.keyword.WebUiBuiltInKeywords.modifyObjectProperty(product, "xpath", "equals", "//*[@id = "fldvendor" + row + ""]", true): Modify property of object successfully

2018-06-10 19:22:07 - [MESSAGE][PASSED] - Modify property of object successfully

2018-06-10 19:22:07 - [TEST_STEP][PASSED] - selectOptionByIndex: All options with index in [1] are selected on object ''

2018-06-10 19:22:07 - [MESSAGE][PASSED] - All options with index in [1] are selected on object ''

2018-06-10 19:22:07 - [TEST_STEP][PASSED] - delay: Delayed 2 second(s)

2018-06-10 19:22:09 - [MESSAGE][PASSED] - Delayed 2 second(s)

2018-06-10 19:22:09 - [TEST_STEP][PASSED] - Statement - batch = new com.kms.katalon.core.testobject.TestObject(): null

2018-06-10 19:22:09 - [TEST_STEP][PASSED] - Statement - batch = com.kms.katalon.core.webui.keyword.WebUiBuiltInKeywords.modifyObjectProperty(batch, "xpath", "equals", "//*[@id = "txtbthqty" + row + ""]", true): Modify property of object successfully

2018-06-10 19:22:09 - [MESSAGE][PASSED] - Modify property of object successfully

2018-06-10 19:22:09 - [TEST_STEP][PASSED] - Statement - batchqty = com.kms.katalon.core.webui.keyword.WebUiBuiltInKeywords.getAttribute(batch, "value").trim(): Attribute 'value' of object '' is: '500'

2018-06-10 19:22:09 - [MESSAGE][PASSED] - Attribute 'value' of object '' is: '500'

2018-06-10 19:22:09 - [TEST_STEP][PASSED] - Statement - Rqty = 100: null

2018-06-10 19:22:09 - [TEST_STEP][PASSED] - Statement - out.println("BatchQty : " + batchqty): null

2018-06-10 19:22:09 - [TEST_STEP][PASSED] - Statement - out.println("RQty : " + Rqty): null

2018-06-10 19:22:09 - [TEST_STEP][PASSED] - Statement - If (java.lang.Integer.valueOf(batchqty) >= java.lang.Integer.valueOf(Rqty)): null

2018-06-10 19:22:09 - [TEST_STEP][PASSED] - Statement - Break: null

2018-06-10 19:22:09 - [TEST_STEP][PASSED] - Statement - batchlength = new com.kms.katalon.core.testobject.TestObject(): null

2018-06-10 19:22:09 - [TEST_STEP][PASSED] - Statement - batchlength = com.kms.katalon.core.webui.keyword.WebUiBuiltInKeywords.modifyObjectProperty(batchlength, "xpath", "equals", "//*[@id = "fldvendor" + row + ""]", true): Modify property of object successfully

2018-06-10 19:22:09 - [MESSAGE][PASSED] - Modify property of object successfully

2018-06-10 19:22:09 - [TEST_STEP][PASSED] - Statement - batchsize = com.kms.katalon.core.webui.keyword.WebUiBuiltInKeywords.getNumberOfTotalOption(batchlength): 11 options of object '' counted

2018-06-10 19:22:09 - [MESSAGE][PASSED] - 11 options of object '' counted

2018-06-10 19:22:09 - [TEST_STEP][PASSED] - Statement - out.println("BatchSize : " + batchsize): null

2018-06-10 19:22:09 - [TEST_STEP][PASSED] - Statement - For ([n = 1, n <= batchsize - 1, (n++)]): null

2018-06-10 19:22:09 - [TEST_STEP][PASSED] - Statement - product = new com.kms.katalon.core.testobject.TestObject(): null

2018-06-10 19:22:09 - [TEST_STEP][PASSED] - Statement - product = com.kms.katalon.core.webui.keyword.WebUiBuiltInKeywords.modifyObjectProperty(product, "xpath", "equals", "//*[@id = "fldvendor" + row + ""]", true): Modify property of object successfully

2018-06-10 19:22:09 - [MESSAGE][PASSED] - Modify property of object successfully

2018-06-10 19:22:09 - [TEST_STEP][PASSED] - selectOptionByIndex: All options with index in [1] are selected on object ''

2018-06-10 19:22:09 - [MESSAGE][PASSED] - All options with index in [1] are selected on object ''

2018-06-10 19:22:09 - [TEST_STEP][PASSED] - delay: Delayed 2 second(s)

2018-06-10 19:22:11 - [MESSAGE][PASSED] - Delayed 2 second(s)

2018-06-10 19:22:11 - [TEST_STEP][PASSED] - Statement - batch = new com.kms.katalon.core.testobject.TestObject(): null

2018-06-10 19:22:11 - [TEST_STEP][PASSED] - Statement - batch = com.kms.katalon.core.webui.keyword.WebUiBuiltInKeywords.modifyObjectProperty(batch, "xpath", "equals", "//*[@id = "txtbthqty" + row + ""]", true): Modify property of object successfully

2018-06-10 19:22:11 - [MESSAGE][PASSED] - Modify property of object successfully

2018-06-10 19:22:11 - [TEST_STEP][PASSED] - Statement - batchqty = com.kms.katalon.core.webui.keyword.WebUiBuiltInKeywords.getAttribute(batch, "value").trim(): Attribute 'value' of object '' is: '35400'

2018-06-10 19:22:11 - [MESSAGE][PASSED] - Attribute 'value' of object '' is: '35400'

2018-06-10 19:22:11 - [TEST_STEP][PASSED] - Statement - Rqty = 100: null

2018-06-10 19:22:11 - [TEST_STEP][PASSED] - Statement - out.println("BatchQty : " + batchqty): null

2018-06-10 19:22:11 - [TEST_STEP][PASSED] - Statement - out.println("RQty : " + Rqty): null

2018-06-10 19:22:11 - [TEST_STEP][PASSED] - Statement - If (java.lang.Integer.valueOf(batchqty) >= java.lang.Integer.valueOf(Rqty)): null

2018-06-10 19:22:11 - [TEST_STEP][PASSED] - Statement - Break: null

2018-06-10 19:22:11 - [TEST_STEP][PASSED] - Statement - batchlength = new com.kms.katalon.core.testobject.TestObject(): null

2018-06-10 19:22:11 - [TEST_STEP][PASSED] - Statement - batchlength = com.kms.katalon.core.webui.keyword.WebUiBuiltInKeywords.modifyObjectProperty(batchlength, "xpath", "equals", "//*[@id = "fldvendor" + row + ""]", true): Modify property of object successfully

2018-06-10 19:22:11 - [MESSAGE][PASSED] - Modify property of object successfully

2018-06-10 19:22:11 - [TEST_STEP][PASSED] - Statement - batchsize = com.kms.katalon.core.webui.keyword.WebUiBuiltInKeywords.getNumberOfTotalOption(batchlength): 11 options of object '' counted

2018-06-10 19:22:11 - [MESSAGE][PASSED] - 11 options of object '' counted

2018-06-10 19:22:11 - [TEST_STEP][PASSED] - Statement - out.println("BatchSize : " + batchsize): null

2018-06-10 19:22:11 - [TEST_STEP][PASSED] - Statement - For ([n = 1, n <= batchsize - 1, (n++)]): null

2018-06-10 19:22:11 - [TEST_STEP][PASSED] - Statement - product = new com.kms.katalon.core.testobject.TestObject(): null

2018-06-10 19:22:11 - [TEST_STEP][PASSED] - Statement - product = com.kms.katalon.core.webui.keyword.WebUiBuiltInKeywords.modifyObjectProperty(product, "xpath", "equals", "//*[@id = "fldvendor" + row + ""]", true): Modify property of object successfully

2018-06-10 19:22:11 - [MESSAGE][PASSED] - Modify property of object successfully

2018-06-10 19:22:11 - [TEST_STEP][PASSED] - selectOptionByIndex: All options with index in [1] are selected on object ''

2018-06-10 19:22:11 - [MESSAGE][PASSED] - All options with index in [1] are selected on object ''

2018-06-10 19:22:11 - [TEST_STEP][PASSED] - delay: Delayed 2 second(s)

2018-06-10 19:22:13 - [MESSAGE][PASSED] - Delayed 2 second(s)

2018-06-10 19:22:13 - [TEST_STEP][PASSED] - Statement - batch = new com.kms.katalon.core.testobject.TestObject(): null

2018-06-10 19:22:13 - [TEST_STEP][PASSED] - Statement - batch = com.kms.katalon.core.webui.keyword.WebUiBuiltInKeywords.modifyObjectProperty(batch, "xpath", "equals", "//*[@id = "txtbthqty" + row + ""]", true): Modify property of object successfully

2018-06-10 19:22:13 - [MESSAGE][PASSED] - Modify property of object successfully

2018-06-10 19:22:13 - [TEST_STEP][PASSED] - Statement - batchqty = com.kms.katalon.core.webui.keyword.WebUiBuiltInKeywords.getAttribute(batch, "value").trim(): Attribute 'value' of object '' is: '1500'

2018-06-10 19:22:13 - [MESSAGE][PASSED] - Attribute 'value' of object '' is: '1500'

2018-06-10 19:22:13 - [TEST_STEP][PASSED] - Statement - Rqty = 100: null

2018-06-10 19:22:13 - [TEST_STEP][PASSED] - Statement - out.println("BatchQty : " + batchqty): null

2018-06-10 19:22:13 - [TEST_STEP][PASSED] - Statement - out.println("RQty : " + Rqty): null

2018-06-10 19:22:13 - [TEST_STEP][PASSED] - Statement - If (java.lang.Integer.valueOf(batchqty) >= java.lang.Integer.valueOf(Rqty)): null

2018-06-10 19:22:13 - [TEST_STEP][PASSED] - Statement - Break: null

2018-06-10 19:22:13 - [TEST_STEP][PASSED] - Statement - batchlength = new com.kms.katalon.core.testobject.TestObject(): null

2018-06-10 19:22:13 - [TEST_STEP][PASSED] - Statement - batchlength = com.kms.katalon.core.webui.keyword.WebUiBuiltInKeywords.modifyObjectProperty(batchlength, "xpath", "equals", "//*[@id = "fldvendor" + row + ""]", true): Modify property of object successfully

2018-06-10 19:22:13 - [MESSAGE][PASSED] - Modify property of object successfully

2018-06-10 19:22:13 - [TEST_STEP][PASSED] - Statement - batchsize = com.kms.katalon.core.webui.keyword.WebUiBuiltInKeywords.getNumberOfTotalOption(batchlength): 11 options of object '' counted

2018-06-10 19:22:13 - [MESSAGE][PASSED] - 11 options of object '' counted

2018-06-10 19:22:13 - [TEST_STEP][PASSED] - Statement - out.println("BatchSize : " + batchsize): null

2018-06-10 19:22:13 - [TEST_STEP][PASSED] - Statement - For ([n = 1, n <= batchsize - 1, (n++)]): null

2018-06-10 19:22:13 - [TEST_STEP][PASSED] - Statement - product = new com.kms.katalon.core.testobject.TestObject(): null

2018-06-10 19:22:13 - [TEST_STEP][PASSED] - Statement - product = com.kms.katalon.core.webui.keyword.WebUiBuiltInKeywords.modifyObjectProperty(product, "xpath", "equals", "//*[@id = "fldvendor" + row + ""]", true): Modify property of object successfully

2018-06-10 19:22:13 - [MESSAGE][PASSED] - Modify property of object successfully

2018-06-10 19:22:13 - [TEST_STEP][PASSED] - selectOptionByIndex: All options with index in [1] are selected on object ''

2018-06-10 19:22:13 - [MESSAGE][PASSED] - All options with index in [1] are selected on object ''

2018-06-10 19:22:13 - [TEST_STEP][PASSED] - delay: Delayed 2 second(s)

2018-06-10 19:22:15 - [MESSAGE][PASSED] - Delayed 2 second(s)

2018-06-10 19:22:15 - [TEST_STEP][PASSED] - Statement - batch = new com.kms.katalon.core.testobject.TestObject(): null

2018-06-10 19:22:15 - [TEST_STEP][PASSED] - Statement - batch = com.kms.katalon.core.webui.keyword.WebUiBuiltInKeywords.modifyObjectProperty(batch, "xpath", "equals", "//*[@id = "txtbthqty" + row + ""]", true): Modify property of object successfully

2018-06-10 19:22:15 - [MESSAGE][PASSED] - Modify property of object successfully

2018-06-10 19:22:15 - [TEST_STEP][PASSED] - Statement - batchqty = com.kms.katalon.core.webui.keyword.WebUiBuiltInKeywords.getAttribute(batch, "value").trim(): Attribute 'value' of object '' is: '2400'

2018-06-10 19:22:16 - [MESSAGE][PASSED] - Attribute 'value' of object '' is: '2400'

2018-06-10 19:22:16 - [TEST_STEP][PASSED] - Statement - Rqty = 100: null

2018-06-10 19:22:16 - [TEST_STEP][PASSED] - Statement - out.println("BatchQty : " + batchqty): null

2018-06-10 19:22:16 - [TEST_STEP][PASSED] - Statement - out.println("RQty : " + Rqty): null

2018-06-10 19:22:16 - [TEST_STEP][PASSED] - Statement - If (java.lang.Integer.valueOf(batchqty) >= java.lang.Integer.valueOf(Rqty)): null

2018-06-10 19:22:16 - [TEST_STEP][PASSED] - Statement - Break: null

2018-06-10 19:22:16 - [TEST_STEP][PASSED] - Statement - batchlength = new com.kms.katalon.core.testobject.TestObject(): null

2018-06-10 19:22:16 - [TEST_STEP][PASSED] - Statement - batchlength = com.kms.katalon.core.webui.keyword.WebUiBuiltInKeywords.modifyObjectProperty(batchlength, "xpath", "equals", "//*[@id = "fldvendor" + row + ""]", true): Modify property of object successfully

2018-06-10 19:22:16 - [MESSAGE][PASSED] - Modify property of object successfully

2018-06-10 19:22:16 - [TEST_STEP][PASSED] - Statement - batchsize = com.kms.katalon.core.webui.keyword.WebUiBuiltInKeywords.getNumberOfTotalOption(batchlength): 11 options of object '' counted

2018-06-10 19:22:16 - [MESSAGE][PASSED] - 11 options of object '' counted

2018-06-10 19:22:16 - [TEST_STEP][PASSED] - Statement - out.println("BatchSize : " + batchsize): null

2018-06-10 19:22:16 - [TEST_STEP][PASSED] - Statement - For ([n = 1, n <= batchsize - 1, (n++)]): null

2018-06-10 19:22:16 - [TEST_STEP][PASSED] - Statement - product = new com.kms.katalon.core.testobject.TestObject(): null

2018-06-10 19:22:16 - [TEST_STEP][PASSED] - Statement - product = com.kms.katalon.core.webui.keyword.WebUiBuiltInKeywords.modifyObjectProperty(product, "xpath", "equals", "//*[@id = "fldvendor" + row + ""]", true): Modify property of object successfully

2018-06-10 19:22:16 - [MESSAGE][PASSED] - Modify property of object successfully

2018-06-10 19:22:16 - [TEST_STEP][PASSED] - selectOptionByIndex: All options with index in [1] are selected on object ''

2018-06-10 19:22:16 - [MESSAGE][PASSED] - All options with index in [1] are selected on object ''

2018-06-10 19:22:16 - [TEST_STEP][PASSED] - delay: Delayed 2 second(s)

2018-06-10 19:22:18 - [MESSAGE][PASSED] - Delayed 2 second(s)

2018-06-10 19:22:18 - [TEST_STEP][PASSED] - Statement - batch = new com.kms.katalon.core.testobject.TestObject(): null

2018-06-10 19:22:18 - [TEST_STEP][PASSED] - Statement - batch = com.kms.katalon.core.webui.keyword.WebUiBuiltInKeywords.modifyObjectProperty(batch, "xpath", "equals", "//*[@id = "txtbthqty" + row + ""]", true): Modify property of object successfully

2018-06-10 19:22:18 - [MESSAGE][PASSED] - Modify property of object successfully

2018-06-10 19:22:18 - [TEST_STEP][PASSED] - Statement - batchqty = com.kms.katalon.core.webui.keyword.WebUiBuiltInKeywords.getAttribute(batch, "value").trim(): Attribute 'value' of object '' is: '2400'

2018-06-10 19:22:18 - [MESSAGE][PASSED] - Attribute 'value' of object '' is: '2400'

2018-06-10 19:22:18 - [TEST_STEP][PASSED] - Statement - Rqty = 100: null

2018-06-10 19:22:18 - [TEST_STEP][PASSED] - Statement - out.println("BatchQty : " + batchqty): null

2018-06-10 19:22:18 - [TEST_STEP][PASSED] - Statement - out.println("RQty : " + Rqty): null

2018-06-10 19:22:18 - [TEST_STEP][PASSED] - Statement - If (java.lang.Integer.valueOf(batchqty) >= java.lang.Integer.valueOf(Rqty)): null

2018-06-10 19:22:18 - [TEST_STEP][PASSED] - Statement - Break: null

2018-06-10 19:22:18 - [TEST_STEP][PASSED] - Statement - batchlength = new com.kms.katalon.core.testobject.TestObject(): null

2018-06-10 19:22:18 - [TEST_STEP][PASSED] - Statement - batchlength = com.kms.katalon.core.webui.keyword.WebUiBuiltInKeywords.modifyObjectProperty(batchlength, "xpath", "equals", "//*[@id = "fldvendor" + row + ""]", true): Modify property of object successfully

2018-06-10 19:22:18 - [MESSAGE][PASSED] - Modify property of object successfully

2018-06-10 19:22:18 - [TEST_STEP][PASSED] - Statement - batchsize = com.kms.katalon.core.webui.keyword.WebUiBuiltInKeywords.getNumberOfTotalOption(batchlength): 11 options of object '' counted

2018-06-10 19:22:18 - [MESSAGE][PASSED] - 11 options of object '' counted

2018-06-10 19:22:18 - [TEST_STEP][PASSED] - Statement - out.println("BatchSize : " + batchsize): null

2018-06-10 19:22:18 - [TEST_STEP][PASSED] - Statement - For ([n = 1, n <= batchsize - 1, (n++)]): null

2018-06-10 19:22:18 - [TEST_STEP][PASSED] - Statement - product = new com.kms.katalon.core.testobject.TestObject(): null

2018-06-10 19:22:18 - [TEST_STEP][PASSED] - Statement - product = com.kms.katalon.core.webui.keyword.WebUiBuiltInKeywords.modifyObjectProperty(product, "xpath", "equals", "//*[@id = "fldvendor" + row + ""]", true): Modify property of object successfully

2018-06-10 19:22:18 - [MESSAGE][PASSED] - Modify property of object successfully

2018-06-10 19:22:18 - [TEST_STEP][PASSED] - selectOptionByIndex: All options with index in [1] are selected on object ''

2018-06-10 19:22:18 - [MESSAGE][PASSED] - All options with index in [1] are selected on object ''

2018-06-10 19:22:18 - [TEST_STEP][PASSED] - delay: Delayed 2 second(s)

2018-06-10 19:22:20 - [MESSAGE][PASSED] - Delayed 2 second(s)

2018-06-10 19:22:20 - [TEST_STEP][PASSED] - Statement - batch = new com.kms.katalon.core.testobject.TestObject(): null

2018-06-10 19:22:20 - [TEST_STEP][PASSED] - Statement - batch = com.kms.katalon.core.webui.keyword.WebUiBuiltInKeywords.modifyObjectProperty(batch, "xpath", "equals", "//*[@id = "txtbthqty" + row + ""]", true): Modify property of object successfully

2018-06-10 19:22:20 - [MESSAGE][PASSED] - Modify property of object successfully

2018-06-10 19:22:20 - [TEST_STEP][PASSED] - Statement - batchqty = com.kms.katalon.core.webui.keyword.WebUiBuiltInKeywords.getAttribute(batch, "value").trim(): Attribute 'value' of object '' is: '35400'

2018-06-10 19:22:20 - [MESSAGE][PASSED] - Attribute 'value' of object '' is: '35400'

2018-06-10 19:22:20 - [TEST_STEP][PASSED] - Statement - Rqty = 100: null

2018-06-10 19:22:20 - [TEST_STEP][PASSED] - Statement - out.println("BatchQty : " + batchqty): null

2018-06-10 19:22:20 - [TEST_STEP][PASSED] - Statement - out.println("RQty : " + Rqty): null

2018-06-10 19:22:20 - [TEST_STEP][PASSED] - Statement - If (java.lang.Integer.valueOf(batchqty) >= java.lang.Integer.valueOf(Rqty)): null

2018-06-10 19:22:20 - [TEST_STEP][PASSED] - Statement - Break: null

2018-06-10 19:22:20 - [TEST_STEP][PASSED] - Statement - batchlength = new com.kms.katalon.core.testobject.TestObject(): null

2018-06-10 19:22:20 - [TEST_STEP][PASSED] - Statement - batchlength = com.kms.katalon.core.webui.keyword.WebUiBuiltInKeywords.modifyObjectProperty(batchlength, "xpath", "equals", "//*[@id = "fldvendor" + row + ""]", true): Modify property of object successfully

2018-06-10 19:22:20 - [MESSAGE][PASSED] - Modify property of object successfully

2018-06-10 19:22:20 - [TEST_STEP][PASSED] - Statement - batchsize = com.kms.katalon.core.webui.keyword.WebUiBuiltInKeywords.getNumberOfTotalOption(batchlength): 11 options of object '' counted

2018-06-10 19:22:20 - [MESSAGE][PASSED] - 11 options of object '' counted

2018-06-10 19:22:20 - [TEST_STEP][PASSED] - Statement - out.println("BatchSize : " + batchsize): null

2018-06-10 19:22:20 - [TEST_STEP][PASSED] - Statement - For ([n = 1, n <= batchsize - 1, (n++)]): null

2018-06-10 19:22:20 - [TEST_STEP][PASSED] - Statement - product = new com.kms.katalon.core.testobject.TestObject(): null

2018-06-10 19:22:20 - [TEST_STEP][PASSED] - Statement - product = com.kms.katalon.core.webui.keyword.WebUiBuiltInKeywords.modifyObjectProperty(product, "xpath", "equals", "//*[@id = "fldvendor" + row + ""]", true): Modify property of object successfully

2018-06-10 19:22:20 - [MESSAGE][PASSED] - Modify property of object successfully

2018-06-10 19:22:20 - [TEST_STEP][PASSED] - selectOptionByIndex: All options with index in [1] are selected on object ''

2018-06-10 19:22:20 - [MESSAGE][PASSED] - All options with index in [1] are selected on object ''

2018-06-10 19:22:20 - [TEST_STEP][PASSED] - delay: Delayed 2 second(s)

2018-06-10 19:22:22 - [MESSAGE][PASSED] - Delayed 2 second(s)

2018-06-10 19:22:22 - [TEST_STEP][PASSED] - Statement - batch = new com.kms.katalon.core.testobject.TestObject(): null

2018-06-10 19:22:22 - [TEST_STEP][PASSED] - Statement - batch = com.kms.katalon.core.webui.keyword.WebUiBuiltInKeywords.modifyObjectProperty(batch, "xpath", "equals", "//*[@id = "txtbthqty" + row + ""]", true): Modify property of object successfully

2018-06-10 19:22:22 - [MESSAGE][PASSED] - Modify property of object successfully

2018-06-10 19:22:22 - [TEST_STEP][PASSED] - Statement - batchqty = com.kms.katalon.core.webui.keyword.WebUiBuiltInKeywords.getAttribute(batch, "value").trim(): Attribute 'value' of object '' is: '1500'

2018-06-10 19:22:22 - [MESSAGE][PASSED] - Attribute 'value' of object '' is: '1500'

2018-06-10 19:22:22 - [TEST_STEP][PASSED] - Statement - Rqty = 100: null

2018-06-10 19:22:22 - [TEST_STEP][PASSED] - Statement - out.println("BatchQty : " + batchqty): null

2018-06-10 19:22:22 - [TEST_STEP][PASSED] - Statement - out.println("RQty : " + Rqty): null

2018-06-10 19:22:22 - [TEST_STEP][PASSED] - Statement - If (java.lang.Integer.valueOf(batchqty) >= java.lang.Integer.valueOf(Rqty)): null

2018-06-10 19:22:22 - [TEST_STEP][PASSED] - Statement - Break: null

2018-06-10 19:22:22 - [TEST_STEP][PASSED] - Statement - batchlength = new com.kms.katalon.core.testobject.TestObject(): null

2018-06-10 19:22:22 - [TEST_STEP][PASSED] - Statement - batchlength = com.kms.katalon.core.webui.keyword.WebUiBuiltInKeywords.modifyObjectProperty(batchlength, "xpath", "equals", "//*[@id = "fldvendor" + row + ""]", true): Modify property of object successfully

2018-06-10 19:22:22 - [MESSAGE][PASSED] - Modify property of object successfully

2018-06-10 19:22:22 - [TEST_STEP][PASSED] - Statement - batchsize = com.kms.katalon.core.webui.keyword.WebUiBuiltInKeywords.getNumberOfTotalOption(batchlength): 11 options of object '' counted

2018-06-10 19:22:22 - [MESSAGE][PASSED] - 11 options of object '' counted

2018-06-10 19:22:22 - [TEST_STEP][PASSED] - Statement - out.println("BatchSize : " + batchsize): null

2018-06-10 19:22:22 - [TEST_STEP][PASSED] - Statement - For ([n = 1, n <= batchsize - 1, (n++)]): null

2018-06-10 19:22:22 - [TEST_STEP][PASSED] - Statement - product = new com.kms.katalon.core.testobject.TestObject(): null

2018-06-10 19:22:22 - [TEST_STEP][PASSED] - Statement - product = com.kms.katalon.core.webui.keyword.WebUiBuiltInKeywords.modifyObjectProperty(product, "xpath", "equals", "//*[@id = "fldvendor" + row + ""]", true): Modify property of object successfully

2018-06-10 19:22:22 - [MESSAGE][PASSED] - Modify property of object successfully

2018-06-10 19:22:22 - [TEST_STEP][PASSED] - selectOptionByIndex: All options with index in [1] are selected on object ''

2018-06-10 19:22:23 - [MESSAGE][PASSED] - All options with index in [1] are selected on object ''

2018-06-10 19:22:23 - [TEST_STEP][PASSED] - delay: Delayed 2 second(s)

2018-06-10 19:22:25 - [MESSAGE][PASSED] - Delayed 2 second(s)

2018-06-10 19:22:25 - [TEST_STEP][PASSED] - Statement - batch = new com.kms.katalon.core.testobject.TestObject(): null

2018-06-10 19:22:25 - [TEST_STEP][PASSED] - Statement - batch = com.kms.katalon.core.webui.keyword.WebUiBuiltInKeywords.modifyObjectProperty(batch, "xpath", "equals", "//*[@id = "txtbthqty" + row + ""]", true): Modify property of object successfully

2018-06-10 19:22:25 - [MESSAGE][PASSED] - Modify property of object successfully

2018-06-10 19:22:25 - [TEST_STEP][PASSED] - Statement - batchqty = com.kms.katalon.core.webui.keyword.WebUiBuiltInKeywords.getAttribute(batch, "value").trim(): Attribute 'value' of object '' is: '500'

2018-06-10 19:22:25 - [MESSAGE][PASSED] - Attribute 'value' of object '' is: '500'

2018-06-10 19:22:25 - [TEST_STEP][PASSED] - Statement - Rqty = 100: null

2018-06-10 19:22:25 - [TEST_STEP][PASSED] - Statement - out.println("BatchQty : " + batchqty): null

2018-06-10 19:22:25 - [TEST_STEP][PASSED] - Statement - out.println("RQty : " + Rqty): null

2018-06-10 19:22:25 - [TEST_STEP][PASSED] - Statement - If (java.lang.Integer.valueOf(batchqty) >= java.lang.Integer.valueOf(Rqty)): null

2018-06-10 19:22:25 - [TEST_STEP][PASSED] - Statement - Break: null

2018-06-10 19:22:25 - [TEST_STEP][PASSED] - Statement - batchlength = new com.kms.katalon.core.testobject.TestObject(): null

2018-06-10 19:22:25 - [TEST_STEP][PASSED] - Statement - batchlength = com.kms.katalon.core.webui.keyword.WebUiBuiltInKeywords.modifyObjectProperty(batchlength, "xpath", "equals", "//*[@id = "fldvendor" + row + ""]", true): Modify property of object successfully

2018-06-10 19:22:25 - [MESSAGE][PASSED] - Modify property of object successfully

2018-06-10 19:22:25 - [TEST_STEP][PASSED] - Statement - batchsize = com.kms.katalon.core.webui.keyword.WebUiBuiltInKeywords.getNumberOfTotalOption(batchlength): 11 options of object '' counted

2018-06-10 19:22:25 - [MESSAGE][PASSED] - 11 options of object '' counted

2018-06-10 19:22:25 - [TEST_STEP][PASSED] - Statement - out.println("BatchSize : " + batchsize): null

2018-06-10 19:22:25 - [TEST_STEP][PASSED] - Statement - For ([n = 1, n <= batchsize - 1, (n++)]): null

2018-06-10 19:22:25 - [TEST_STEP][PASSED] - Statement - product = new com.kms.katalon.core.testobject.TestObject(): null

2018-06-10 19:22:25 - [TEST_STEP][PASSED] - Statement - product = com.kms.katalon.core.webui.keyword.WebUiBuiltInKeywords.modifyObjectProperty(product, "xpath", "equals", "//*[@id = "fldvendor" + row + ""]", true): Modify property of object successfully

2018-06-10 19:22:25 - [MESSAGE][PASSED] - Modify property of object successfully

2018-06-10 19:22:25 - [TEST_STEP][PASSED] - selectOptionByIndex: All options with index in [1] are selected on object ''

2018-06-10 19:22:25 - [MESSAGE][PASSED] - All options with index in [1] are selected on object ''

2018-06-10 19:22:25 - [TEST_STEP][PASSED] - delay: Delayed 2 second(s)

2018-06-10 19:22:27 - [MESSAGE][PASSED] - Delayed 2 second(s)

2018-06-10 19:22:27 - [TEST_STEP][PASSED] - Statement - batch = new com.kms.katalon.core.testobject.TestObject(): null

2018-06-10 19:22:27 - [TEST_STEP][PASSED] - Statement - batch = com.kms.katalon.core.webui.keyword.WebUiBuiltInKeywords.modifyObjectProperty(batch, "xpath", "equals", "//*[@id = "txtbthqty" + row + ""]", true): Modify property of object successfully

2018-06-10 19:22:27 - [MESSAGE][PASSED] - Modify property of object successfully

2018-06-10 19:22:27 - [TEST_STEP][PASSED] - Statement - batchqty = com.kms.katalon.core.webui.keyword.WebUiBuiltInKeywords.getAttribute(batch, "value").trim(): Attribute 'value' of object '' is: '1500'

2018-06-10 19:22:27 - [MESSAGE][PASSED] - Attribute 'value' of object '' is: '1500'

2018-06-10 19:22:27 - [TEST_STEP][PASSED] - Statement - Rqty = 100: null

2018-06-10 19:22:27 - [TEST_STEP][PASSED] - Statement - out.println("BatchQty : " + batchqty): null

2018-06-10 19:22:27 - [TEST_STEP][PASSED] - Statement - out.println("RQty : " + Rqty): null

2018-06-10 19:22:27 - [TEST_STEP][PASSED] - Statement - If (java.lang.Integer.valueOf(batchqty) >= java.lang.Integer.valueOf(Rqty)): null

2018-06-10 19:22:27 - [TEST_STEP][PASSED] - Statement - Break: null

2018-06-10 19:22:27 - [TEST_STEP][PASSED] - Statement - batchlength = new com.kms.katalon.core.testobject.TestObject(): null

2018-06-10 19:22:27 - [TEST_STEP][PASSED] - Statement - batchlength = com.kms.katalon.core.webui.keyword.WebUiBuiltInKeywords.modifyObjectProperty(batchlength, "xpath", "equals", "//*[@id = "fldvendor" + row + ""]", true): Modify property of object successfully

2018-06-10 19:22:27 - [MESSAGE][PASSED] - Modify property of object successfully

2018-06-10 19:22:27 - [TEST_STEP][PASSED] - Statement - batchsize = com.kms.katalon.core.webui.keyword.WebUiBuiltInKeywords.getNumberOfTotalOption(batchlength): 11 options of object '' counted

2018-06-10 19:22:27 - [MESSAGE][PASSED] - 11 options of object '' counted

2018-06-10 19:22:27 - [TEST_STEP][PASSED] - Statement - out.println("BatchSize : " + batchsize): null

2018-06-10 19:22:27 - [TEST_STEP][PASSED] - Statement - For ([n = 1, n <= batchsize - 1, (n++)]): null

2018-06-10 19:22:27 - [TEST_STEP][PASSED] - Statement - product = new com.kms.katalon.core.testobject.TestObject(): null

2018-06-10 19:22:27 - [TEST_STEP][PASSED] - Statement - product = com.kms.katalon.core.webui.keyword.WebUiBuiltInKeywords.modifyObjectProperty(product, "xpath", "equals", "//*[@id = "fldvendor" + row + ""]", true): Modify property of object successfully

2018-06-10 19:22:27 - [MESSAGE][PASSED] - Modify property of object successfully

2018-06-10 19:22:27 - [TEST_STEP][PASSED] - selectOptionByIndex: All options with index in [1] are selected on object ''

2018-06-10 19:22:27 - [MESSAGE][PASSED] - All options with index in [1] are selected on object ''

2018-06-10 19:22:27 - [TEST_STEP][PASSED] - delay: Delayed 2 second(s)

2018-06-10 19:22:29 - [MESSAGE][PASSED] - Delayed 2 second(s)

2018-06-10 19:22:29 - [TEST_STEP][PASSED] - Statement - batch = new com.kms.katalon.core.testobject.TestObject(): null

2018-06-10 19:22:29 - [TEST_STEP][PASSED] - Statement - batch = com.kms.katalon.core.webui.keyword.WebUiBuiltInKeywords.modifyObjectProperty(batch, "xpath", "equals", "//*[@id = "txtbthqty" + row + ""]", true): Modify property of object successfully

2018-06-10 19:22:29 - [MESSAGE][PASSED] - Modify property of object successfully

2018-06-10 19:22:29 - [TEST_STEP][PASSED] - Statement - batchqty = com.kms.katalon.core.webui.keyword.WebUiBuiltInKeywords.getAttribute(batch, "value").trim(): Attribute 'value' of object '' is: '3300'

2018-06-10 19:22:29 - [MESSAGE][PASSED] - Attribute 'value' of object '' is: '3300'

2018-06-10 19:22:29 - [TEST_STEP][PASSED] - Statement - Rqty = 100: null

2018-06-10 19:22:29 - [TEST_STEP][PASSED] - Statement - out.println("BatchQty : " + batchqty): null

2018-06-10 19:22:29 - [TEST_STEP][PASSED] - Statement - out.println("RQty : " + Rqty): null

2018-06-10 19:22:29 - [TEST_STEP][PASSED] - Statement - If (java.lang.Integer.valueOf(batchqty) >= java.lang.Integer.valueOf(Rqty)): null

2018-06-10 19:22:29 - [TEST_STEP][PASSED] - Statement - Break: null

2018-06-10 19:22:29 - [TEST_STEP][PASSED] - Statement - batchlength = new com.kms.katalon.core.testobject.TestObject(): null

2018-06-10 19:22:29 - [TEST_STEP][PASSED] - Statement - batchlength = com.kms.katalon.core.webui.keyword.WebUiBuiltInKeywords.modifyObjectProperty(batchlength, "xpath", "equals", "//*[@id = "fldvendor" + row + ""]", true): Modify property of object successfully

2018-06-10 19:22:29 - [MESSAGE][PASSED] - Modify property of object successfully

2018-06-10 19:22:29 - [TEST_STEP][PASSED] - Statement - batchsize = com.kms.katalon.core.webui.keyword.WebUiBuiltInKeywords.getNumberOfTotalOption(batchlength): 11 options of object '' counted

2018-06-10 19:22:29 - [MESSAGE][PASSED] - 11 options of object '' counted

2018-06-10 19:22:29 - [TEST_STEP][PASSED] - Statement - out.println("BatchSize : " + batchsize): null

2018-06-10 19:22:29 - [TEST_STEP][PASSED] - Statement - For ([n = 1, n <= batchsize - 1, (n++)]): null

2018-06-10 19:22:29 - [TEST_STEP][PASSED] - Statement - product = new com.kms.katalon.core.testobject.TestObject(): null

2018-06-10 19:22:29 - [TEST_STEP][PASSED] - Statement - product = com.kms.katalon.core.webui.keyword.WebUiBuiltInKeywords.modifyObjectProperty(product, "xpath", "equals", "//*[@id = "fldvendor" + row + ""]", true): Modify property of object successfully

2018-06-10 19:22:29 - [MESSAGE][PASSED] - Modify property of object successfully

2018-06-10 19:22:29 - [TEST_STEP][PASSED] - selectOptionByIndex: All options with index in [1] are selected on object ''

2018-06-10 19:22:29 - [MESSAGE][PASSED] - All options with index in [1] are selected on object ''

2018-06-10 19:22:29 - [TEST_STEP][PASSED] - delay: Delayed 2 second(s)

2018-06-10 19:22:31 - [MESSAGE][PASSED] - Delayed 2 second(s)

2018-06-10 19:22:31 - [TEST_STEP][PASSED] - Statement - batch = new com.kms.katalon.core.testobject.TestObject(): null

2018-06-10 19:22:31 - [TEST_STEP][PASSED] - Statement - batch = com.kms.katalon.core.webui.keyword.WebUiBuiltInKeywords.modifyObjectProperty(batch, "xpath", "equals", "//*[@id = "txtbthqty" + row + ""]", true): Modify property of object successfully

2018-06-10 19:22:31 - [MESSAGE][PASSED] - Modify property of object successfully

2018-06-10 19:22:31 - [TEST_STEP][PASSED] - Statement - batchqty = com.kms.katalon.core.webui.keyword.WebUiBuiltInKeywords.getAttribute(batch, "value").trim(): Attribute 'value' of object '' is: '1500'

2018-06-10 19:22:31 - [MESSAGE][PASSED] - Attribute 'value' of object '' is: '1500'

2018-06-10 19:22:31 - [TEST_STEP][PASSED] - Statement - Rqty = 100: null

2018-06-10 19:22:31 - [TEST_STEP][PASSED] - Statement - out.println("BatchQty : " + batchqty): null

2018-06-10 19:22:31 - [TEST_STEP][PASSED] - Statement - out.println("RQty : " + Rqty): null

2018-06-10 19:22:31 - [TEST_STEP][PASSED] - Statement - If (java.lang.Integer.valueOf(batchqty) >= java.lang.Integer.valueOf(Rqty)): null

2018-06-10 19:22:31 - [TEST_STEP][PASSED] - Statement - Break: null

2018-06-10 19:22:31 - [TEST_STEP][PASSED] - Statement - batchlength = new com.kms.katalon.core.testobject.TestObject(): null

2018-06-10 19:22:31 - [TEST_STEP][PASSED] - Statement - batchlength = com.kms.katalon.core.webui.keyword.WebUiBuiltInKeywords.modifyObjectProperty(batchlength, "xpath", "equals", "//*[@id = "fldvendor" + row + ""]", true): Modify property of object successfully

2018-06-10 19:22:31 - [MESSAGE][PASSED] - Modify property of object successfully

2018-06-10 19:22:31 - [TEST_STEP][PASSED] - Statement - batchsize = com.kms.katalon.core.webui.keyword.WebUiBuiltInKeywords.getNumberOfTotalOption(batchlength): 11 options of object '' counted

2018-06-10 19:22:31 - [MESSAGE][PASSED] - 11 options of object '' counted

2018-06-10 19:22:31 - [TEST_STEP][PASSED] - Statement - out.println("BatchSize : " + batchsize): null

2018-06-10 19:22:31 - [TEST_STEP][PASSED] - Statement - For ([n = 1, n <= batchsize - 1, (n++)]): null

2018-06-10 19:22:31 - [TEST_STEP][PASSED] - Statement - product = new com.kms.katalon.core.testobject.TestObject(): null

2018-06-10 19:22:31 - [TEST_STEP][PASSED] - Statement - product = com.kms.katalon.core.webui.keyword.WebUiBuiltInKeywords.modifyObjectProperty(product, "xpath", "equals", "//*[@id = "fldvendor" + row + ""]", true): Modify property of object successfully

2018-06-10 19:22:31 - [MESSAGE][PASSED] - Modify property of object successfully

2018-06-10 19:22:31 - [TEST_STEP][PASSED] - selectOptionByIndex: All options with index in [1] are selected on object ''

2018-06-10 19:22:31 - [MESSAGE][PASSED] - All options with index in [1] are selected on object ''

2018-06-10 19:22:31 - [TEST_STEP][PASSED] - delay: Delayed 2 second(s)

2018-06-10 19:22:33 - [MESSAGE][PASSED] - Delayed 2 second(s)

2018-06-10 19:22:33 - [TEST_STEP][PASSED] - Statement - batch = new com.kms.katalon.core.testobject.TestObject(): null

2018-06-10 19:22:33 - [TEST_STEP][PASSED] - Statement - batch = com.kms.katalon.core.webui.keyword.WebUiBuiltInKeywords.modifyObjectProperty(batch, "xpath", "equals", "//*[@id = "txtbthqty" + row + ""]", true): Modify property of object successfully

2018-06-10 19:22:33 - [MESSAGE][PASSED] - Modify property of object successfully

2018-06-10 19:22:33 - [TEST_STEP][PASSED] - Statement - batchqty = com.kms.katalon.core.webui.keyword.WebUiBuiltInKeywords.getAttribute(batch, "value").trim(): Attribute 'value' of object '' is: '3300'

2018-06-10 19:22:34 - [MESSAGE][PASSED] - Attribute 'value' of object '' is: '3300'

2018-06-10 19:22:34 - [TEST_STEP][PASSED] - Statement - Rqty = 100: null

2018-06-10 19:22:34 - [TEST_STEP][PASSED] - Statement - out.println("BatchQty : " + batchqty): null

2018-06-10 19:22:34 - [TEST_STEP][PASSED] - Statement - out.println("RQty : " + Rqty): null

2018-06-10 19:22:34 - [TEST_STEP][PASSED] - Statement - If (java.lang.Integer.valueOf(batchqty) >= java.lang.Integer.valueOf(Rqty)): null

2018-06-10 19:22:34 - [TEST_STEP][PASSED] - Statement - Break: null

2018-06-10 19:22:34 - [TEST_STEP][PASSED] - Statement - batchlength = new com.kms.katalon.core.testobject.TestObject(): null

2018-06-10 19:22:34 - [TEST_STEP][PASSED] - Statement - batchlength = com.kms.katalon.core.webui.keyword.WebUiBuiltInKeywords.modifyObjectProperty(batchlength, "xpath", "equals", "//*[@id = "fldvendor" + row + ""]", true): Modify property of object successfully

2018-06-10 19:22:34 - [MESSAGE][PASSED] - Modify property of object successfully

2018-06-10 19:22:34 - [TEST_STEP][PASSED] - Statement - batchsize = com.kms.katalon.core.webui.keyword.WebUiBuiltInKeywords.getNumberOfTotalOption(batchlength): 11 options of object '' counted

2018-06-10 19:22:34 - [MESSAGE][PASSED] - 11 options of object '' counted

2018-06-10 19:22:34 - [TEST_STEP][PASSED] - Statement - out.println("BatchSize : " + batchsize): null

2018-06-10 19:22:34 - [TEST_STEP][PASSED] - Statement - For ([n = 1, n <= batchsize - 1, (n++)]): null

2018-06-10 19:22:34 - [TEST_STEP][PASSED] - Statement - product = new com.kms.katalon.core.testobject.TestObject(): null

2018-06-10 19:22:34 - [TEST_STEP][PASSED] - Statement - product = com.kms.katalon.core.webui.keyword.WebUiBuiltInKeywords.modifyObjectProperty(product, "xpath", "equals", "//*[@id = "fldvendor" + row + ""]", true): Modify property of object successfully

2018-06-10 19:22:34 - [MESSAGE][PASSED] - Modify property of object successfully

2018-06-10 19:22:34 - [TEST_STEP][PASSED] - selectOptionByIndex: All options with index in [1] are selected on object ''

2018-06-10 19:22:34 - [MESSAGE][PASSED] - All options with index in [1] are selected on object ''

2018-06-10 19:22:34 - [TEST_STEP][PASSED] - delay: Delayed 2 second(s)

2018-06-10 19:22:36 - [MESSAGE][PASSED] - Delayed 2 second(s)

2018-06-10 19:22:36 - [TEST_STEP][PASSED] - Statement - batch = new com.kms.katalon.core.testobject.TestObject(): null

2018-06-10 19:22:36 - [TEST_STEP][PASSED] - Statement - batch = com.kms.katalon.core.webui.keyword.WebUiBuiltInKeywords.modifyObjectProperty(batch, "xpath", "equals", "//*[@id = "txtbthqty" + row + ""]", true): Modify property of object successfully

2018-06-10 19:22:36 - [MESSAGE][PASSED] - Modify property of object successfully

2018-06-10 19:22:36 - [TEST_STEP][PASSED] - Statement - batchqty = com.kms.katalon.core.webui.keyword.WebUiBuiltInKeywords.getAttribute(batch, "value").trim(): Attribute 'value' of object '' is: '3300'

2018-06-10 19:22:36 - [MESSAGE][PASSED] - Attribute 'value' of object '' is: '3300'

2018-06-10 19:22:36 - [TEST_STEP][PASSED] - Statement - Rqty = 100: null

2018-06-10 19:22:36 - [TEST_STEP][PASSED] - Statement - out.println("BatchQty : " + batchqty): null

2018-06-10 19:22:36 - [TEST_STEP][PASSED] - Statement - out.println("RQty : " + Rqty): null

2018-06-10 19:22:36 - [TEST_STEP][PASSED] - Statement - If (java.lang.Integer.valueOf(batchqty) >= java.lang.Integer.valueOf(Rqty)): null

2018-06-10 19:22:36 - [TEST_STEP][PASSED] - Statement - Break: null

2018-06-10 19:22:36 - [TEST_STEP][PASSED] - Statement - batchlength = new com.kms.katalon.core.testobject.TestObject(): null

2018-06-10 19:22:36 - [TEST_STEP][PASSED] - Statement - batchlength = com.kms.katalon.core.webui.keyword.WebUiBuiltInKeywords.modifyObjectProperty(batchlength, "xpath", "equals", "//*[@id = "fldvendor" + row + ""]", true): Modify property of object successfully

2018-06-10 19:22:36 - [MESSAGE][PASSED] - Modify property of object successfully

2018-06-10 19:22:36 - [TEST_STEP][PASSED] - Statement - batchsize = com.kms.katalon.core.webui.keyword.WebUiBuiltInKeywords.getNumberOfTotalOption(batchlength): 11 options of object '' counted

2018-06-10 19:22:36 - [MESSAGE][PASSED] - 11 options of object '' counted

2018-06-10 19:22:36 - [TEST_STEP][PASSED] - Statement - out.println("BatchSize : " + batchsize): null

2018-06-10 19:22:36 - [TEST_STEP][PASSED] - Statement - For ([n = 1, n <= batchsize - 1, (n++)]): null

2018-06-10 19:22:36 - [TEST_STEP][PASSED] - Statement - product = new com.kms.katalon.core.testobject.TestObject(): null

2018-06-10 19:22:36 - [TEST_STEP][PASSED] - Statement - product = com.kms.katalon.core.webui.keyword.WebUiBuiltInKeywords.modifyObjectProperty(product, "xpath", "equals", "//*[@id = "fldvendor" + row + ""]", true): Modify property of object successfully

2018-06-10 19:22:36 - [MESSAGE][PASSED] - Modify property of object successfully

2018-06-10 19:22:36 - [TEST_STEP][PASSED] - selectOptionByIndex: All options with index in [1] are selected on object ''

2018-06-10 19:22:36 - [MESSAGE][PASSED] - All options with index in [1] are selected on object ''

2018-06-10 19:22:36 - [TEST_STEP][PASSED] - delay: Delayed 2 second(s)

2018-06-10 19:22:38 - [MESSAGE][PASSED] - Delayed 2 second(s)

2018-06-10 19:22:38 - [TEST_STEP][PASSED] - Statement - batch = new com.kms.katalon.core.testobject.TestObject(): null

2018-06-10 19:22:38 - [TEST_STEP][PASSED] - Statement - batch = com.kms.katalon.core.webui.keyword.WebUiBuiltInKeywords.modifyObjectProperty(batch, "xpath", "equals", "//*[@id = "txtbthqty" + row + ""]", true): Modify property of object successfully

2018-06-10 19:22:38 - [MESSAGE][PASSED] - Modify property of object successfully

2018-06-10 19:22:38 - [TEST_STEP][PASSED] - Statement - batchqty = com.kms.katalon.core.webui.keyword.WebUiBuiltInKeywords.getAttribute(batch, "value").trim(): Attribute 'value' of object '' is: '3300'

2018-06-10 19:22:38 - [MESSAGE][PASSED] - Attribute 'value' of object '' is: '3300'

2018-06-10 19:22:38 - [TEST_STEP][PASSED] - Statement - Rqty = 100: null

2018-06-10 19:22:38 - [TEST_STEP][PASSED] - Statement - out.println("BatchQty : " + batchqty): null

2018-06-10 19:22:38 - [TEST_STEP][PASSED] - Statement - out.println("RQty : " + Rqty): null

2018-06-10 19:22:38 - [TEST_STEP][PASSED] - Statement - If (java.lang.Integer.valueOf(batchqty) >= java.lang.Integer.valueOf(Rqty)): null

2018-06-10 19:22:38 - [TEST_STEP][PASSED] - Statement - Break: null

2018-06-10 19:22:38 - [TEST_STEP][PASSED] - Statement - batchlength = new com.kms.katalon.core.testobject.TestObject(): null

2018-06-10 19:22:38 - [TEST_STEP][PASSED] - Statement - batchlength = com.kms.katalon.core.webui.keyword.WebUiBuiltInKeywords.modifyObjectProperty(batchlength, "xpath", "equals", "//*[@id = "fldvendor" + row + ""]", true): Modify property of object successfully

2018-06-10 19:22:38 - [MESSAGE][PASSED] - Modify property of object successfully

2018-06-10 19:22:38 - [TEST_STEP][PASSED] - Statement - batchsize = com.kms.katalon.core.webui.keyword.WebUiBuiltInKeywords.getNumberOfTotalOption(batchlength): 11 options of object '' counted

2018-06-10 19:22:38 - [MESSAGE][PASSED] - 11 options of object '' counted

2018-06-10 19:22:38 - [TEST_STEP][PASSED] - Statement - out.println("BatchSize : " + batchsize): null

2018-06-10 19:22:38 - [TEST_STEP][PASSED] - Statement - For ([n = 1, n <= batchsize - 1, (n++)]): null

2018-06-10 19:22:38 - [TEST_STEP][PASSED] - Statement - product = new com.kms.katalon.core.testobject.TestObject(): null

2018-06-10 19:22:38 - [TEST_STEP][PASSED] - Statement - product = com.kms.katalon.core.webui.keyword.WebUiBuiltInKeywords.modifyObjectProperty(product, "xpath", "equals", "//*[@id = "fldvendor" + row + ""]", true): Modify property of object successfully

2018-06-10 19:22:38 - [MESSAGE][PASSED] - Modify property of object successfully

2018-06-10 19:22:38 - [TEST_STEP][PASSED] - selectOptionByIndex: All options with index in [1] are selected on object ''

2018-06-10 19:22:38 - [MESSAGE][PASSED] - All options with index in [1] are selected on object ''

2018-06-10 19:22:38 - [TEST_STEP][PASSED] - delay: Delayed 2 second(s)

2018-06-10 19:22:40 - [MESSAGE][PASSED] - Delayed 2 second(s)

2018-06-10 19:22:40 - [TEST_STEP][PASSED] - Statement - batch = new com.kms.katalon.core.testobject.TestObject(): null

2018-06-10 19:22:40 - [TEST_STEP][PASSED] - Statement - batch = com.kms.katalon.core.webui.keyword.WebUiBuiltInKeywords.modifyObjectProperty(batch, "xpath", "equals", "//*[@id = "txtbthqty" + row + ""]", true): Modify property of object successfully

2018-06-10 19:22:40 - [MESSAGE][PASSED] - Modify property of object successfully

2018-06-10 19:22:40 - [TEST_STEP][PASSED] - Statement - batchqty = com.kms.katalon.core.webui.keyword.WebUiBuiltInKeywords.getAttribute(batch, "value").trim(): Attribute 'value' of object '' is: '2300'

2018-06-10 19:22:40 - [MESSAGE][PASSED] - Attribute 'value' of object '' is: '2300'

2018-06-10 19:22:40 - [TEST_STEP][PASSED] - Statement - Rqty = 100: null

2018-06-10 19:22:40 - [TEST_STEP][PASSED] - Statement - out.println("BatchQty : " + batchqty): null

2018-06-10 19:22:40 - [TEST_STEP][PASSED] - Statement - out.println("RQty : " + Rqty): null

2018-06-10 19:22:40 - [TEST_STEP][PASSED] - Statement - If (java.lang.Integer.valueOf(batchqty) >= java.lang.Integer.valueOf(Rqty)): null

2018-06-10 19:22:40 - [TEST_STEP][PASSED] - Statement - Break: null

2018-06-10 19:22:40 - [TEST_STEP][PASSED] - Statement - batchlength = new com.kms.katalon.core.testobject.TestObject(): null

2018-06-10 19:22:40 - [TEST_STEP][PASSED] - Statement - batchlength = com.kms.katalon.core.webui.keyword.WebUiBuiltInKeywords.modifyObjectProperty(batchlength, "xpath", "equals", "//*[@id = "fldvendor" + row + ""]", true): Modify property of object successfully

2018-06-10 19:22:40 - [MESSAGE][PASSED] - Modify property of object successfully

2018-06-10 19:22:40 - [TEST_STEP][PASSED] - Statement - batchsize = com.kms.katalon.core.webui.keyword.WebUiBuiltInKeywords.getNumberOfTotalOption(batchlength): 11 options of object '' counted

2018-06-10 19:22:40 - [MESSAGE][PASSED] - 11 options of object '' counted

2018-06-10 19:22:40 - [TEST_STEP][PASSED] - Statement - out.println("BatchSize : " + batchsize): null

2018-06-10 19:22:40 - [TEST_STEP][PASSED] - Statement - For ([n = 1, n <= batchsize - 1, (n++)]): null

2018-06-10 19:22:40 - [TEST_STEP][PASSED] - Statement - product = new com.kms.katalon.core.testobject.TestObject(): null

2018-06-10 19:22:40 - [TEST_STEP][PASSED] - Statement - product = com.kms.katalon.core.webui.keyword.WebUiBuiltInKeywords.modifyObjectProperty(product, "xpath", "equals", "//*[@id = "fldvendor" + row + ""]", true): Modify property of object successfully

2018-06-10 19:22:40 - [MESSAGE][PASSED] - Modify property of object successfully

2018-06-10 19:22:40 - [TEST_STEP][PASSED] - selectOptionByIndex: All options with index in [1] are selected on object ''

2018-06-10 19:22:40 - [MESSAGE][PASSED] - All options with index in [1] are selected on object ''

2018-06-10 19:22:40 - [TEST_STEP][PASSED] - delay: Delayed 2 second(s)

2018-06-10 19:22:42 - [MESSAGE][PASSED] - Delayed 2 second(s)

2018-06-10 19:22:42 - [TEST_STEP][PASSED] - Statement - batch = new com.kms.katalon.core.testobject.TestObject(): null

2018-06-10 19:22:42 - [TEST_STEP][PASSED] - Statement - batch = com.kms.katalon.core.webui.keyword.WebUiBuiltInKeywords.modifyObjectProperty(batch, "xpath", "equals", "//*[@id = "txtbthqty" + row + ""]", true): Modify property of object successfully

2018-06-10 19:22:42 - [MESSAGE][PASSED] - Modify property of object successfully

2018-06-10 19:22:42 - [TEST_STEP][PASSED] - Statement - batchqty = com.kms.katalon.core.webui.keyword.WebUiBuiltInKeywords.getAttribute(batch, "value").trim(): Attribute 'value' of object '' is: '2300'

2018-06-10 19:22:43 - [MESSAGE][PASSED] - Attribute 'value' of object '' is: '2300'

2018-06-10 19:22:43 - [TEST_STEP][PASSED] - Statement - Rqty = 100: null

2018-06-10 19:22:43 - [TEST_STEP][PASSED] - Statement - out.println("BatchQty : " + batchqty): null

2018-06-10 19:22:43 - [TEST_STEP][PASSED] - Statement - out.println("RQty : " + Rqty): null

2018-06-10 19:22:43 - [TEST_STEP][PASSED] - Statement - If (java.lang.Integer.valueOf(batchqty) >= java.lang.Integer.valueOf(Rqty)): null

2018-06-10 19:22:43 - [TEST_STEP][PASSED] - Statement - Break: null

2018-06-10 19:22:43 - [TEST_STEP][PASSED] - Statement - batchlength = new com.kms.katalon.core.testobject.TestObject(): null

2018-06-10 19:22:43 - [TEST_STEP][PASSED] - Statement - batchlength = com.kms.katalon.core.webui.keyword.WebUiBuiltInKeywords.modifyObjectProperty(batchlength, "xpath", "equals", "//*[@id = "fldvendor" + row + ""]", true): Modify property of object successfully

2018-06-10 19:22:43 - [MESSAGE][PASSED] - Modify property of object successfully

2018-06-10 19:22:43 - [TEST_STEP][PASSED] - Statement - batchsize = com.kms.katalon.core.webui.keyword.WebUiBuiltInKeywords.getNumberOfTotalOption(batchlength): 11 options of object '' counted

2018-06-10 19:22:43 - [MESSAGE][PASSED] - 11 options of object '' counted

2018-06-10 19:22:43 - [TEST_STEP][PASSED] - Statement - out.println("BatchSize : " + batchsize): null

2018-06-10 19:22:43 - [TEST_STEP][PASSED] - Statement - For ([n = 1, n <= batchsize - 1, (n++)]): null

2018-06-10 19:22:43 - [TEST_STEP][PASSED] - Statement - product = new com.kms.katalon.core.testobject.TestObject(): null

2018-06-10 19:22:43 - [TEST_STEP][PASSED] - Statement - product = com.kms.katalon.core.webui.keyword.WebUiBuiltInKeywords.modifyObjectProperty(product, "xpath", "equals", "//*[@id = "fldvendor" + row + ""]", true): Modify property of object successfully

2018-06-10 19:22:43 - [MESSAGE][PASSED] - Modify property of object successfully

2018-06-10 19:22:43 - [TEST_STEP][PASSED] - selectOptionByIndex: All options with index in [1] are selected on object ''

2018-06-10 19:22:43 - [MESSAGE][PASSED] - All options with index in [1] are selected on object ''

2018-06-10 19:22:43 - [TEST_STEP][PASSED] - delay: Delayed 2 second(s)

2018-06-10 19:22:45 - [MESSAGE][PASSED] - Delayed 2 second(s)

2018-06-10 19:22:45 - [TEST_STEP][PASSED] - Statement - batch = new com.kms.katalon.core.testobject.TestObject(): null

2018-06-10 19:22:45 - [TEST_STEP][PASSED] - Statement - batch = com.kms.katalon.core.webui.keyword.WebUiBuiltInKeywords.modifyObjectProperty(batch, "xpath", "equals", "//*[@id = "txtbthqty" + row + ""]", true): Modify property of object successfully

2018-06-10 19:22:45 - [MESSAGE][PASSED] - Modify property of object successfully

2018-06-10 19:22:45 - [TEST_STEP][PASSED] - Statement - batchqty = com.kms.katalon.core.webui.keyword.WebUiBuiltInKeywords.getAttribute(batch, "value").trim(): Attribute 'value' of object '' is: '500'

2018-06-10 19:22:45 - [MESSAGE][PASSED] - Attribute 'value' of object '' is: '500'

2018-06-10 19:22:45 - [TEST_STEP][PASSED] - Statement - Rqty = 100: null

2018-06-10 19:22:45 - [TEST_STEP][PASSED] - Statement - out.println("BatchQty : " + batchqty): null

2018-06-10 19:22:45 - [TEST_STEP][PASSED] - Statement - out.println("RQty : " + Rqty): null

2018-06-10 19:22:45 - [TEST_STEP][PASSED] - Statement - If (java.lang.Integer.valueOf(batchqty) >= java.lang.Integer.valueOf(Rqty)): null

2018-06-10 19:22:45 - [TEST_STEP][PASSED] - Statement - Break: null

2018-06-10 19:22:45 - [TEST_STEP][PASSED] - Statement - batchlength = new com.kms.katalon.core.testobject.TestObject(): null

2018-06-10 19:22:45 - [TEST_STEP][PASSED] - Statement - batchlength = com.kms.katalon.core.webui.keyword.WebUiBuiltInKeywords.modifyObjectProperty(batchlength, "xpath", "equals", "//*[@id = "fldvendor" + row + ""]", true): Modify property of object successfully

2018-06-10 19:22:45 - [MESSAGE][PASSED] - Modify property of object successfully

2018-06-10 19:22:45 - [TEST_STEP][PASSED] - Statement - batchsize = com.kms.katalon.core.webui.keyword.WebUiBuiltInKeywords.getNumberOfTotalOption(batchlength): 11 options of object '' counted

2018-06-10 19:22:45 - [MESSAGE][PASSED] - 11 options of object '' counted

2018-06-10 19:22:45 - [TEST_STEP][PASSED] - Statement - out.println("BatchSize : " + batchsize): null

2018-06-10 19:22:45 - [TEST_STEP][PASSED] - Statement - For ([n = 1, n <= batchsize - 1, (n++)]): null

2018-06-10 19:22:45 - [TEST_STEP][PASSED] - Statement - product = new com.kms.katalon.core.testobject.TestObject(): null

2018-06-10 19:22:45 - [TEST_STEP][PASSED] - Statement - product = com.kms.katalon.core.webui.keyword.WebUiBuiltInKeywords.modifyObjectProperty(product, "xpath", "equals", "//*[@id = "fldvendor" + row + ""]", true): Modify property of object successfully

2018-06-10 19:22:45 - [MESSAGE][PASSED] - Modify property of object successfully

2018-06-10 19:22:45 - [TEST_STEP][PASSED] - selectOptionByIndex: All options with index in [1] are selected on object ''

2018-06-10 19:22:45 - [MESSAGE][PASSED] - All options with index in [1] are selected on object ''

2018-06-10 19:22:45 - [TEST_STEP][PASSED] - delay: Delayed 2 second(s)

2018-06-10 19:22:47 - [MESSAGE][PASSED] - Delayed 2 second(s)

2018-06-10 19:22:47 - [TEST_STEP][PASSED] - Statement - batch = new com.kms.katalon.core.testobject.TestObject(): null

2018-06-10 19:22:47 - [TEST_STEP][PASSED] - Statement - batch = com.kms.katalon.core.webui.keyword.WebUiBuiltInKeywords.modifyObjectProperty(batch, "xpath", "equals", "//*[@id = "txtbthqty" + row + ""]", true): Modify property of object successfully

2018-06-10 19:22:47 - [MESSAGE][PASSED] - Modify property of object successfully

2018-06-10 19:22:47 - [TEST_STEP][PASSED] - Statement - batchqty = com.kms.katalon.core.webui.keyword.WebUiBuiltInKeywords.getAttribute(batch, "value").trim(): Attribute 'value' of object '' is: '1500'

2018-06-10 19:22:47 - [MESSAGE][PASSED] - Attribute 'value' of object '' is: '1500'

2018-06-10 19:22:47 - [TEST_STEP][PASSED] - Statement - Rqty = 100: null

2018-06-10 19:22:47 - [TEST_STEP][PASSED] - Statement - out.println("BatchQty : " + batchqty): null

2018-06-10 19:22:47 - [TEST_STEP][PASSED] - Statement - out.println("RQty : " + Rqty): null

2018-06-10 19:22:47 - [TEST_STEP][PASSED] - Statement - If (java.lang.Integer.valueOf(batchqty) >= java.lang.Integer.valueOf(Rqty)): null

2018-06-10 19:22:47 - [TEST_STEP][PASSED] - Statement - Break: null

2018-06-10 19:22:47 - [TEST_STEP][PASSED] - Statement - batchlength = new com.kms.katalon.core.testobject.TestObject(): null

2018-06-10 19:22:47 - [TEST_STEP][PASSED] - Statement - batchlength = com.kms.katalon.core.webui.keyword.WebUiBuiltInKeywords.modifyObjectProperty(batchlength, "xpath", "equals", "//*[@id = "fldvendor" + row + ""]", true): Modify property of object successfully

2018-06-10 19:22:47 - [MESSAGE][PASSED] - Modify property of object successfully

2018-06-10 19:22:47 - [TEST_STEP][PASSED] - Statement - batchsize = com.kms.katalon.core.webui.keyword.WebUiBuiltInKeywords.getNumberOfTotalOption(batchlength): 11 options of object '' counted

2018-06-10 19:22:47 - [MESSAGE][PASSED] - 11 options of object '' counted

2018-06-10 19:22:47 - [TEST_STEP][PASSED] - Statement - out.println("BatchSize : " + batchsize): null

2018-06-10 19:22:47 - [TEST_STEP][PASSED] - Statement - For ([n = 1, n <= batchsize - 1, (n++)]): null

2018-06-10 19:22:47 - [TEST_STEP][PASSED] - Statement - product = new com.kms.katalon.core.testobject.TestObject(): null

2018-06-10 19:22:47 - [TEST_STEP][PASSED] - Statement - product = com.kms.katalon.core.webui.keyword.WebUiBuiltInKeywords.modifyObjectProperty(product, "xpath", "equals", "//*[@id = "fldvendor" + row + ""]", true): Modify property of object successfully

2018-06-10 19:22:47 - [MESSAGE][PASSED] - Modify property of object successfully

2018-06-10 19:22:47 - [TEST_STEP][PASSED] - selectOptionByIndex: All options with index in [1] are selected on object ''

2018-06-10 19:22:47 - [MESSAGE][PASSED] - All options with index in [1] are selected on object ''

2018-06-10 19:22:47 - [TEST_STEP][PASSED] - delay: Delayed 2 second(s)

2018-06-10 19:22:49 - [MESSAGE][PASSED] - Delayed 2 second(s)

2018-06-10 19:22:49 - [TEST_STEP][PASSED] - Statement - batch = new com.kms.katalon.core.testobject.TestObject(): null

2018-06-10 19:22:49 - [TEST_STEP][PASSED] - Statement - batch = com.kms.katalon.core.webui.keyword.WebUiBuiltInKeywords.modifyObjectProperty(batch, "xpath", "equals", "//*[@id = "txtbthqty" + row + ""]", true): Modify property of object successfully

2018-06-10 19:22:49 - [MESSAGE][PASSED] - Modify property of object successfully

2018-06-10 19:22:49 - [TEST_STEP][PASSED] - Statement - batchqty = com.kms.katalon.core.webui.keyword.WebUiBuiltInKeywords.getAttribute(batch, "value").trim(): Attribute 'value' of object '' is: '3300'

2018-06-10 19:22:49 - [MESSAGE][PASSED] - Attribute 'value' of object '' is: '3300'

2018-06-10 19:22:49 - [TEST_STEP][PASSED] - Statement - Rqty = 100: null

2018-06-10 19:22:49 - [TEST_STEP][PASSED] - Statement - out.println("BatchQty : " + batchqty): null

2018-06-10 19:22:49 - [TEST_STEP][PASSED] - Statement - out.println("RQty : " + Rqty): null

2018-06-10 19:22:49 - [TEST_STEP][PASSED] - Statement - If (java.lang.Integer.valueOf(batchqty) >= java.lang.Integer.valueOf(Rqty)): null

2018-06-10 19:22:49 - [TEST_STEP][PASSED] - Statement - Break: null

2018-06-10 19:22:49 - [TEST_STEP][PASSED] - Statement - batchlength = new com.kms.katalon.core.testobject.TestObject(): null

2018-06-10 19:22:49 - [TEST_STEP][PASSED] - Statement - batchlength = com.kms.katalon.core.webui.keyword.WebUiBuiltInKeywords.modifyObjectProperty(batchlength, "xpath", "equals", "//*[@id = "fldvendor" + row + ""]", true): Modify property of object successfully

2018-06-10 19:22:49 - [MESSAGE][PASSED] - Modify property of object successfully

2018-06-10 19:22:49 - [TEST_STEP][PASSED] - Statement - batchsize = com.kms.katalon.core.webui.keyword.WebUiBuiltInKeywords.getNumberOfTotalOption(batchlength): 11 options of object '' counted

2018-06-10 19:22:49 - [MESSAGE][PASSED] - 11 options of object '' counted

2018-06-10 19:22:49 - [TEST_STEP][PASSED] - Statement - out.println("BatchSize : " + batchsize): null

2018-06-10 19:22:49 - [TEST_STEP][PASSED] - Statement - For ([n = 1, n <= batchsize - 1, (n++)]): null

2018-06-10 19:22:49 - [TEST_STEP][PASSED] - Statement - product = new com.kms.katalon.core.testobject.TestObject(): null

2018-06-10 19:22:49 - [TEST_STEP][PASSED] - Statement - product = com.kms.katalon.core.webui.keyword.WebUiBuiltInKeywords.modifyObjectProperty(product, "xpath", "equals", "//*[@id = "fldvendor" + row + ""]", true): Modify property of object successfully

2018-06-10 19:22:49 - [MESSAGE][PASSED] - Modify property of object successfully

2018-06-10 19:22:49 - [TEST_STEP][PASSED] - selectOptionByIndex: All options with index in [1] are selected on object ''

2018-06-10 19:22:49 - [MESSAGE][PASSED] - All options with index in [1] are selected on object ''

2018-06-10 19:22:49 - [TEST_STEP][PASSED] - delay: Delayed 2 second(s)

2018-06-10 19:22:51 - [MESSAGE][PASSED] - Delayed 2 second(s)

2018-06-10 19:22:51 - [TEST_STEP][PASSED] - Statement - batch = new com.kms.katalon.core.testobject.TestObject(): null

2018-06-10 19:22:51 - [TEST_STEP][PASSED] - Statement - batch = com.kms.katalon.core.webui.keyword.WebUiBuiltInKeywords.modifyObjectProperty(batch, "xpath", "equals", "//*[@id = "txtbthqty" + row + ""]", true): Modify property of object successfully

2018-06-10 19:22:51 - [MESSAGE][PASSED] - Modify property of object successfully

2018-06-10 19:22:51 - [TEST_STEP][PASSED] - Statement - batchqty = com.kms.katalon.core.webui.keyword.WebUiBuiltInKeywords.getAttribute(batch, "value").trim(): Attribute 'value' of object '' is: '500'

2018-06-10 19:22:52 - [MESSAGE][PASSED] - Attribute 'value' of object '' is: '500'

2018-06-10 19:22:52 - [TEST_STEP][PASSED] - Statement - Rqty = 100: null

2018-06-10 19:22:52 - [TEST_STEP][PASSED] - Statement - out.println("BatchQty : " + batchqty): null

2018-06-10 19:22:52 - [TEST_STEP][PASSED] - Statement - out.println("RQty : " + Rqty): null

2018-06-10 19:22:52 - [TEST_STEP][PASSED] - Statement - If (java.lang.Integer.valueOf(batchqty) >= java.lang.Integer.valueOf(Rqty)): null

2018-06-10 19:22:52 - [TEST_STEP][PASSED] - Statement - Break: null

2018-06-10 19:22:52 - [TEST_STEP][PASSED] - Statement - batchlength = new com.kms.katalon.core.testobject.TestObject(): null

2018-06-10 19:22:52 - [TEST_STEP][PASSED] - Statement - batchlength = com.kms.katalon.core.webui.keyword.WebUiBuiltInKeywords.modifyObjectProperty(batchlength, "xpath", "equals", "//*[@id = "fldvendor" + row + ""]", true): Modify property of object successfully

2018-06-10 19:22:52 - [MESSAGE][PASSED] - Modify property of object successfully

2018-06-10 19:22:52 - [TEST_STEP][PASSED] - Statement - batchsize = com.kms.katalon.core.webui.keyword.WebUiBuiltInKeywords.getNumberOfTotalOption(batchlength): 11 options of object '' counted

2018-06-10 19:22:52 - [MESSAGE][PASSED] - 11 options of object '' counted

2018-06-10 19:22:52 - [TEST_STEP][PASSED] - Statement - out.println("BatchSize : " + batchsize): null

2018-06-10 19:22:52 - [TEST_STEP][PASSED] - Statement - For ([n = 1, n <= batchsize - 1, (n++)]): null

2018-06-10 19:22:52 - [TEST_STEP][PASSED] - Statement - product = new com.kms.katalon.core.testobject.TestObject(): null

2018-06-10 19:22:52 - [TEST_STEP][PASSED] - Statement - product = com.kms.katalon.core.webui.keyword.WebUiBuiltInKeywords.modifyObjectProperty(product, "xpath", "equals", "//*[@id = "fldvendor" + row + ""]", true): Modify property of object successfully

2018-06-10 19:22:52 - [MESSAGE][PASSED] - Modify property of object successfully

2018-06-10 19:22:52 - [TEST_STEP][PASSED] - selectOptionByIndex: All options with index in [1] are selected on object ''

2018-06-10 19:22:52 - [MESSAGE][PASSED] - All options with index in [1] are selected on object ''

2018-06-10 19:22:52 - [TEST_STEP][PASSED] - delay: Delayed 2 second(s)

2018-06-10 19:22:54 - [MESSAGE][PASSED] - Delayed 2 second(s)

2018-06-10 19:22:54 - [TEST_STEP][PASSED] - Statement - batch = new com.kms.katalon.core.testobject.TestObject(): null

2018-06-10 19:22:54 - [TEST_STEP][PASSED] - Statement - batch = com.kms.katalon.core.webui.keyword.WebUiBuiltInKeywords.modifyObjectProperty(batch, "xpath", "equals", "//*[@id = "txtbthqty" + row + ""]", true): Modify property of object successfully

2018-06-10 19:22:54 - [MESSAGE][PASSED] - Modify property of object successfully

2018-06-10 19:22:54 - [TEST_STEP][PASSED] - Statement - batchqty = com.kms.katalon.core.webui.keyword.WebUiBuiltInKeywords.getAttribute(batch, "value").trim(): Attribute 'value' of object '' is: '1500'

2018-06-10 19:22:54 - [MESSAGE][PASSED] - Attribute 'value' of object '' is: '1500'

2018-06-10 19:22:54 - [TEST_STEP][PASSED] - Statement - Rqty = 100: null

2018-06-10 19:22:54 - [TEST_STEP][PASSED] - Statement - out.println("BatchQty : " + batchqty): null

2018-06-10 19:22:54 - [TEST_STEP][PASSED] - Statement - out.println("RQty : " + Rqty): null

2018-06-10 19:22:54 - [TEST_STEP][PASSED] - Statement - If (java.lang.Integer.valueOf(batchqty) >= java.lang.Integer.valueOf(Rqty)): null

2018-06-10 19:22:54 - [TEST_STEP][PASSED] - Statement - Break: null

2018-06-10 19:22:54 - [TEST_STEP][PASSED] - Statement - batchlength = new com.kms.katalon.core.testobject.TestObject(): null

2018-06-10 19:22:54 - [TEST_STEP][PASSED] - Statement - batchlength = com.kms.katalon.core.webui.keyword.WebUiBuiltInKeywords.modifyObjectProperty(batchlength, "xpath", "equals", "//*[@id = "fldvendor" + row + ""]", true): Modify property of object successfully

2018-06-10 19:22:54 - [MESSAGE][PASSED] - Modify property of object successfully

2018-06-10 19:22:54 - [TEST_STEP][PASSED] - Statement - batchsize = com.kms.katalon.core.webui.keyword.WebUiBuiltInKeywords.getNumberOfTotalOption(batchlength): 11 options of object '' counted

2018-06-10 19:22:54 - [MESSAGE][PASSED] - 11 options of object '' counted

2018-06-10 19:22:54 - [TEST_STEP][PASSED] - Statement - out.println("BatchSize : " + batchsize): null

2018-06-10 19:22:54 - [TEST_STEP][PASSED] - Statement - For ([n = 1, n <= batchsize - 1, (n++)]): null

2018-06-10 19:22:54 - [TEST_STEP][PASSED] - Statement - product = new com.kms.katalon.core.testobject.TestObject(): null

2018-06-10 19:22:54 - [TEST_STEP][PASSED] - Statement - product = com.kms.katalon.core.webui.keyword.WebUiBuiltInKeywords.modifyObjectProperty(product, "xpath", "equals", "//*[@id = "fldvendor" + row + ""]", true): Modify property of object successfully

2018-06-10 19:22:54 - [MESSAGE][PASSED] - Modify property of object successfully

2018-06-10 19:22:54 - [TEST_STEP][PASSED] - selectOptionByIndex: All options with index in [1] are selected on object ''

2018-06-10 19:22:54 - [MESSAGE][PASSED] - All options with index in [1] are selected on object ''

2018-06-10 19:22:54 - [TEST_STEP][PASSED] - delay: Delayed 2 second(s)

2018-06-10 19:22:56 - [MESSAGE][PASSED] - Delayed 2 second(s)

2018-06-10 19:22:56 - [TEST_STEP][PASSED] - Statement - batch = new com.kms.katalon.core.testobject.TestObject(): null

2018-06-10 19:22:56 - [TEST_STEP][PASSED] - Statement - batch = com.kms.katalon.core.webui.keyword.WebUiBuiltInKeywords.modifyObjectProperty(batch, "xpath", "equals", "//*[@id = "txtbthqty" + row + ""]", true): Modify property of object successfully

2018-06-10 19:22:56 - [MESSAGE][PASSED] - Modify property of object successfully

2018-06-10 19:22:56 - [TEST_STEP][PASSED] - Statement - batchqty = com.kms.katalon.core.webui.keyword.WebUiBuiltInKeywords.getAttribute(batch, "value").trim(): Attribute 'value' of object '' is: '2300'

2018-06-10 19:22:56 - [MESSAGE][PASSED] - Attribute 'value' of object '' is: '2300'

2018-06-10 19:22:56 - [TEST_STEP][PASSED] - Statement - Rqty = 100: null

2018-06-10 19:22:56 - [TEST_STEP][PASSED] - Statement - out.println("BatchQty : " + batchqty): null

2018-06-10 19:22:56 - [TEST_STEP][PASSED] - Statement - out.println("RQty : " + Rqty): null

2018-06-10 19:22:56 - [TEST_STEP][PASSED] - Statement - If (java.lang.Integer.valueOf(batchqty) >= java.lang.Integer.valueOf(Rqty)): null

2018-06-10 19:22:56 - [TEST_STEP][PASSED] - Statement - Break: null

2018-06-10 19:22:56 - [TEST_STEP][PASSED] - Statement - batchlength = new com.kms.katalon.core.testobject.TestObject(): null

2018-06-10 19:22:56 - [TEST_STEP][PASSED] - Statement - batchlength = com.kms.katalon.core.webui.keyword.WebUiBuiltInKeywords.modifyObjectProperty(batchlength, "xpath", "equals", "//*[@id = "fldvendor" + row + ""]", true): Modify property of object successfully

2018-06-10 19:22:56 - [MESSAGE][PASSED] - Modify property of object successfully

2018-06-10 19:22:56 - [TEST_STEP][PASSED] - Statement - batchsize = com.kms.katalon.core.webui.keyword.WebUiBuiltInKeywords.getNumberOfTotalOption(batchlength): 11 options of object '' counted

2018-06-10 19:22:56 - [MESSAGE][PASSED] - 11 options of object '' counted

2018-06-10 19:22:56 - [TEST_STEP][PASSED] - Statement - out.println("BatchSize : " + batchsize): null

2018-06-10 19:22:56 - [TEST_STEP][PASSED] - Statement - For ([n = 1, n <= batchsize - 1, (n++)]): null

2018-06-10 19:22:56 - [TEST_STEP][PASSED] - Statement - product = new com.kms.katalon.core.testobject.TestObject(): null

2018-06-10 19:22:56 - [TEST_STEP][PASSED] - Statement - product = com.kms.katalon.core.webui.keyword.WebUiBuiltInKeywords.modifyObjectProperty(product, "xpath", "equals", "//*[@id = "fldvendor" + row + ""]", true): Modify property of object successfully

2018-06-10 19:22:56 - [MESSAGE][PASSED] - Modify property of object successfully

2018-06-10 19:22:56 - [TEST_STEP][PASSED] - selectOptionByIndex: All options with index in [1] are selected on object ''

2018-06-10 19:22:56 - [MESSAGE][PASSED] - All options with index in [1] are selected on object ''

2018-06-10 19:22:56 - [TEST_STEP][PASSED] - delay: Delayed 2 second(s)

2018-06-10 19:22:58 - [MESSAGE][PASSED] - Delayed 2 second(s)

2018-06-10 19:22:58 - [TEST_STEP][PASSED] - Statement - batch = new com.kms.katalon.core.testobject.TestObject(): null

2018-06-10 19:22:58 - [TEST_STEP][PASSED] - Statement - batch = com.kms.katalon.core.webui.keyword.WebUiBuiltInKeywords.modifyObjectProperty(batch, "xpath", "equals", "//*[@id = "txtbthqty" + row + ""]", true): Modify property of object successfully

2018-06-10 19:22:58 - [MESSAGE][PASSED] - Modify property of object successfully

2018-06-10 19:22:58 - [TEST_STEP][PASSED] - Statement - batchqty = com.kms.katalon.core.webui.keyword.WebUiBuiltInKeywords.getAttribute(batch, "value").trim(): Attribute 'value' of object '' is: '2600'

2018-06-10 19:22:58 - [MESSAGE][PASSED] - Attribute 'value' of object '' is: '2600'

2018-06-10 19:22:58 - [TEST_STEP][PASSED] - Statement - Rqty = 100: null

2018-06-10 19:22:58 - [TEST_STEP][PASSED] - Statement - out.println("BatchQty : " + batchqty): null

2018-06-10 19:22:58 - [TEST_STEP][PASSED] - Statement - out.println("RQty : " + Rqty): null

2018-06-10 19:22:58 - [TEST_STEP][PASSED] - Statement - If (java.lang.Integer.valueOf(batchqty) >= java.lang.Integer.valueOf(Rqty)): null

2018-06-10 19:22:58 - [TEST_STEP][PASSED] - Statement - Break: null

2018-06-10 19:22:58 - [TEST_STEP][PASSED] - Statement - batchlength = new com.kms.katalon.core.testobject.TestObject(): null

2018-06-10 19:22:58 - [TEST_STEP][PASSED] - Statement - batchlength = com.kms.katalon.core.webui.keyword.WebUiBuiltInKeywords.modifyObjectProperty(batchlength, "xpath", "equals", "//*[@id = "fldvendor" + row + ""]", true): Modify property of object successfully

2018-06-10 19:22:58 - [MESSAGE][PASSED] - Modify property of object successfully

2018-06-10 19:22:58 - [TEST_STEP][PASSED] - Statement - batchsize = com.kms.katalon.core.webui.keyword.WebUiBuiltInKeywords.getNumberOfTotalOption(batchlength): 11 options of object '' counted

2018-06-10 19:22:58 - [MESSAGE][PASSED] - 11 options of object '' counted

2018-06-10 19:22:58 - [TEST_STEP][PASSED] - Statement - out.println("BatchSize : " + batchsize): null

2018-06-10 19:22:58 - [TEST_STEP][PASSED] - Statement - For ([n = 1, n <= batchsize - 1, (n++)]): null

2018-06-10 19:22:58 - [TEST_STEP][PASSED] - Statement - product = new com.kms.katalon.core.testobject.TestObject(): null

2018-06-10 19:22:58 - [TEST_STEP][PASSED] - Statement - product = com.kms.katalon.core.webui.keyword.WebUiBuiltInKeywords.modifyObjectProperty(product, "xpath", "equals", "//*[@id = "fldvendor" + row + ""]", true): Modify property of object successfully

2018-06-10 19:22:58 - [MESSAGE][PASSED] - Modify property of object successfully

2018-06-10 19:22:58 - [TEST_STEP][PASSED] - selectOptionByIndex: All options with index in [1] are selected on object ''

2018-06-10 19:22:58 - [MESSAGE][PASSED] - All options with index in [1] are selected on object ''

2018-06-10 19:22:58 - [TEST_STEP][PASSED] - delay: Delayed 2 second(s)

2018-06-10 19:23:00 - [MESSAGE][PASSED] - Delayed 2 second(s)

2018-06-10 19:23:00 - [TEST_STEP][PASSED] - Statement - batch = new com.kms.katalon.core.testobject.TestObject(): null

2018-06-10 19:23:00 - [TEST_STEP][PASSED] - Statement - batch = com.kms.katalon.core.webui.keyword.WebUiBuiltInKeywords.modifyObjectProperty(batch, "xpath", "equals", "//*[@id = "txtbthqty" + row + ""]", true): Modify property of object successfully

2018-06-10 19:23:00 - [MESSAGE][PASSED] - Modify property of object successfully

2018-06-10 19:23:00 - [TEST_STEP][PASSED] - Statement - batchqty = com.kms.katalon.core.webui.keyword.WebUiBuiltInKeywords.getAttribute(batch, "value").trim(): Attribute 'value' of object '' is: '1500'

2018-06-10 19:23:01 - [MESSAGE][PASSED] - Attribute 'value' of object '' is: '1500'

2018-06-10 19:23:01 - [TEST_STEP][PASSED] - Statement - Rqty = 100: null

2018-06-10 19:23:01 - [TEST_STEP][PASSED] - Statement - out.println("BatchQty : " + batchqty): null

2018-06-10 19:23:01 - [TEST_STEP][PASSED] - Statement - out.println("RQty : " + Rqty): null

2018-06-10 19:23:01 - [TEST_STEP][PASSED] - Statement - If (java.lang.Integer.valueOf(batchqty) >= java.lang.Integer.valueOf(Rqty)): null

2018-06-10 19:23:01 - [TEST_STEP][PASSED] - Statement - Break: null

2018-06-10 19:23:01 - [TEST_STEP][PASSED] - Statement - batchlength = new com.kms.katalon.core.testobject.TestObject(): null

2018-06-10 19:23:01 - [TEST_STEP][PASSED] - Statement - batchlength = com.kms.katalon.core.webui.keyword.WebUiBuiltInKeywords.modifyObjectProperty(batchlength, "xpath", "equals", "//*[@id = "fldvendor" + row + ""]", true): Modify property of object successfully

2018-06-10 19:23:01 - [MESSAGE][PASSED] - Modify property of object successfully

2018-06-10 19:23:01 - [TEST_STEP][PASSED] - Statement - batchsize = com.kms.katalon.core.webui.keyword.WebUiBuiltInKeywords.getNumberOfTotalOption(batchlength): 11 options of object '' counted

2018-06-10 19:23:01 - [MESSAGE][PASSED] - 11 options of object '' counted

2018-06-10 19:23:01 - [TEST_STEP][PASSED] - Statement - out.println("BatchSize : " + batchsize): null

2018-06-10 19:23:01 - [TEST_STEP][PASSED] - Statement - For ([n = 1, n <= batchsize - 1, (n++)]): null

2018-06-10 19:23:01 - [TEST_STEP][PASSED] - Statement - product = new com.kms.katalon.core.testobject.TestObject(): null

2018-06-10 19:23:01 - [TEST_STEP][PASSED] - Statement - product = com.kms.katalon.core.webui.keyword.WebUiBuiltInKeywords.modifyObjectProperty(product, "xpath", "equals", "//*[@id = "fldvendor" + row + ""]", true): Modify property of object successfully

2018-06-10 19:23:01 - [MESSAGE][PASSED] - Modify property of object successfully

2018-06-10 19:23:01 - [TEST_STEP][PASSED] - selectOptionByIndex: All options with index in [1] are selected on object ''

2018-06-10 19:23:01 - [MESSAGE][PASSED] - All options with index in [1] are selected on object ''

2018-06-10 19:23:01 - [TEST_STEP][PASSED] - delay: Delayed 2 second(s)

2018-06-10 19:23:03 - [MESSAGE][PASSED] - Delayed 2 second(s)

2018-06-10 19:23:03 - [TEST_STEP][PASSED] - Statement - batch = new com.kms.katalon.core.testobject.TestObject(): null

2018-06-10 19:23:03 - [TEST_STEP][PASSED] - Statement - batch = com.kms.katalon.core.webui.keyword.WebUiBuiltInKeywords.modifyObjectProperty(batch, "xpath", "equals", "//*[@id = "txtbthqty" + row + ""]", true): Modify property of object successfully

2018-06-10 19:23:03 - [MESSAGE][PASSED] - Modify property of object successfully

2018-06-10 19:23:03 - [TEST_STEP][PASSED] - Statement - batchqty = com.kms.katalon.core.webui.keyword.WebUiBuiltInKeywords.getAttribute(batch, "value").trim(): Attribute 'value' of object '' is: '2600'

2018-06-10 19:23:03 - [MESSAGE][PASSED] - Attribute 'value' of object '' is: '2600'

2018-06-10 19:23:03 - [TEST_STEP][PASSED] - Statement - Rqty = 100: null

2018-06-10 19:23:03 - [TEST_STEP][PASSED] - Statement - out.println("BatchQty : " + batchqty): null

2018-06-10 19:23:03 - [TEST_STEP][PASSED] - Statement - out.println("RQty : " + Rqty): null

2018-06-10 19:23:03 - [TEST_STEP][PASSED] - Statement - If (java.lang.Integer.valueOf(batchqty) >= java.lang.Integer.valueOf(Rqty)): null

2018-06-10 19:23:03 - [TEST_STEP][PASSED] - Statement - Break: null

2018-06-10 19:23:03 - [TEST_STEP][PASSED] - Statement - batchlength = new com.kms.katalon.core.testobject.TestObject(): null

2018-06-10 19:23:03 - [TEST_STEP][PASSED] - Statement - batchlength = com.kms.katalon.core.webui.keyword.WebUiBuiltInKeywords.modifyObjectProperty(batchlength, "xpath", "equals", "//*[@id = "fldvendor" + row + ""]", true): Modify property of object successfully

2018-06-10 19:23:03 - [MESSAGE][PASSED] - Modify property of object successfully

2018-06-10 19:23:03 - [TEST_STEP][PASSED] - Statement - batchsize = com.kms.katalon.core.webui.keyword.WebUiBuiltInKeywords.getNumberOfTotalOption(batchlength): 11 options of object '' counted

2018-06-10 19:23:03 - [MESSAGE][PASSED] - 11 options of object '' counted

2018-06-10 19:23:03 - [TEST_STEP][PASSED] - Statement - out.println("BatchSize : " + batchsize): null

2018-06-10 19:23:03 - [TEST_STEP][PASSED] - Statement - For ([n = 1, n <= batchsize - 1, (n++)]): null

2018-06-10 19:23:03 - [TEST_STEP][PASSED] - Statement - product = new com.kms.katalon.core.testobject.TestObject(): null

2018-06-10 19:23:03 - [TEST_STEP][PASSED] - Statement - product = com.kms.katalon.core.webui.keyword.WebUiBuiltInKeywords.modifyObjectProperty(product, "xpath", "equals", "//*[@id = "fldvendor" + row + ""]", true): Modify property of object successfully

2018-06-10 19:23:03 - [MESSAGE][PASSED] - Modify property of object successfully

2018-06-10 19:23:03 - [TEST_STEP][PASSED] - selectOptionByIndex: All options with index in [1] are selected on object ''

2018-06-10 19:23:03 - [MESSAGE][PASSED] - All options with index in [1] are selected on object ''

2018-06-10 19:23:03 - [TEST_STEP][PASSED] - delay: Delayed 2 second(s)

2018-06-10 19:23:05 - [MESSAGE][PASSED] - Delayed 2 second(s)

2018-06-10 19:23:05 - [TEST_STEP][PASSED] - Statement - batch = new com.kms.katalon.core.testobject.TestObject(): null

2018-06-10 19:23:05 - [TEST_STEP][PASSED] - Statement - batch = com.kms.katalon.core.webui.keyword.WebUiBuiltInKeywords.modifyObjectProperty(batch, "xpath", "equals", "//*[@id = "txtbthqty" + row + ""]", true): Modify property of object successfully

2018-06-10 19:23:05 - [MESSAGE][PASSED] - Modify property of object successfully

2018-06-10 19:23:05 - [TEST_STEP][PASSED] - Statement - batchqty = com.kms.katalon.core.webui.keyword.WebUiBuiltInKeywords.getAttribute(batch, "value").trim(): Attribute 'value' of object '' is: '35400'

2018-06-10 19:23:05 - [MESSAGE][PASSED] - Attribute 'value' of object '' is: '35400'

2018-06-10 19:23:05 - [TEST_STEP][PASSED] - Statement - Rqty = 100: null

2018-06-10 19:23:05 - [TEST_STEP][PASSED] - Statement - out.println("BatchQty : " + batchqty): null

2018-06-10 19:23:05 - [TEST_STEP][PASSED] - Statement - out.println("RQty : " + Rqty): null

2018-06-10 19:23:05 - [TEST_STEP][PASSED] - Statement - If (java.lang.Integer.valueOf(batchqty) >= java.lang.Integer.valueOf(Rqty)): null

2018-06-10 19:23:05 - [TEST_STEP][PASSED] - Statement - Break: null

2018-06-10 19:23:05 - [TEST_STEP][PASSED] - Statement - batchlength = new com.kms.katalon.core.testobject.TestObject(): null

2018-06-10 19:23:05 - [TEST_STEP][PASSED] - Statement - batchlength = com.kms.katalon.core.webui.keyword.WebUiBuiltInKeywords.modifyObjectProperty(batchlength, "xpath", "equals", "//*[@id = "fldvendor" + row + ""]", true): Modify property of object successfully

2018-06-10 19:23:05 - [MESSAGE][PASSED] - Modify property of object successfully

2018-06-10 19:23:05 - [TEST_STEP][PASSED] - Statement - batchsize = com.kms.katalon.core.webui.keyword.WebUiBuiltInKeywords.getNumberOfTotalOption(batchlength): 11 options of object '' counted

2018-06-10 19:23:05 - [MESSAGE][PASSED] - 11 options of object '' counted

2018-06-10 19:23:05 - [TEST_STEP][PASSED] - Statement - out.println("BatchSize : " + batchsize): null

2018-06-10 19:23:05 - [TEST_STEP][PASSED] - Statement - For ([n = 1, n <= batchsize - 1, (n++)]): null

2018-06-10 19:23:05 - [TEST_STEP][PASSED] - Statement - product = new com.kms.katalon.core.testobject.TestObject(): null

2018-06-10 19:23:05 - [TEST_STEP][PASSED] - Statement - product = com.kms.katalon.core.webui.keyword.WebUiBuiltInKeywords.modifyObjectProperty(product, "xpath", "equals", "//*[@id = "fldvendor" + row + ""]", true): Modify property of object successfully

2018-06-10 19:23:05 - [MESSAGE][PASSED] - Modify property of object successfully

2018-06-10 19:23:05 - [TEST_STEP][PASSED] - selectOptionByIndex: All options with index in [1] are selected on object ''

2018-06-10 19:23:05 - [MESSAGE][PASSED] - All options with index in [1] are selected on object ''

2018-06-10 19:23:05 - [TEST_STEP][PASSED] - delay: Delayed 2 second(s)

2018-06-10 19:23:07 - [MESSAGE][PASSED] - Delayed 2 second(s)

2018-06-10 19:23:07 - [TEST_STEP][PASSED] - Statement - batch = new com.kms.katalon.core.testobject.TestObject(): null

2018-06-10 19:23:07 - [TEST_STEP][PASSED] - Statement - batch = com.kms.katalon.core.webui.keyword.WebUiBuiltInKeywords.modifyObjectProperty(batch, "xpath", "equals", "//*[@id = "txtbthqty" + row + ""]", true): Modify property of object successfully

2018-06-10 19:23:07 - [MESSAGE][PASSED] - Modify property of object successfully

2018-06-10 19:23:07 - [TEST_STEP][PASSED] - Statement - batchqty = com.kms.katalon.core.webui.keyword.WebUiBuiltInKeywords.getAttribute(batch, "value").trim(): Attribute 'value' of object '' is: '500'

2018-06-10 19:23:07 - [MESSAGE][PASSED] - Attribute 'value' of object '' is: '500'

2018-06-10 19:23:07 - [TEST_STEP][PASSED] - Statement - Rqty = 100: null

2018-06-10 19:23:07 - [TEST_STEP][PASSED] - Statement - out.println("BatchQty : " + batchqty): null

2018-06-10 19:23:07 - [TEST_STEP][PASSED] - Statement - out.println("RQty : " + Rqty): null

2018-06-10 19:23:07 - [TEST_STEP][PASSED] - Statement - If (java.lang.Integer.valueOf(batchqty) >= java.lang.Integer.valueOf(Rqty)): null

2018-06-10 19:23:07 - [TEST_STEP][PASSED] - Statement - Break: null

2018-06-10 19:23:07 - [TEST_STEP][PASSED] - Statement - batchlength = new com.kms.katalon.core.testobject.TestObject(): null

2018-06-10 19:23:07 - [TEST_STEP][PASSED] - Statement - batchlength = com.kms.katalon.core.webui.keyword.WebUiBuiltInKeywords.modifyObjectProperty(batchlength, "xpath", "equals", "//*[@id = "fldvendor" + row + ""]", true): Modify property of object successfully

2018-06-10 19:23:07 - [MESSAGE][PASSED] - Modify property of object successfully

2018-06-10 19:23:07 - [TEST_STEP][PASSED] - Statement - batchsize = com.kms.katalon.core.webui.keyword.WebUiBuiltInKeywords.getNumberOfTotalOption(batchlength): 11 options of object '' counted

2018-06-10 19:23:07 - [MESSAGE][PASSED] - 11 options of object '' counted

2018-06-10 19:23:07 - [TEST_STEP][PASSED] - Statement - out.println("BatchSize : " + batchsize): null

2018-06-10 19:23:07 - [TEST_STEP][PASSED] - Statement - For ([n = 1, n <= batchsize - 1, (n++)]): null

2018-06-10 19:23:07 - [TEST_STEP][PASSED] - Statement - product = new com.kms.katalon.core.testobject.TestObject(): null

2018-06-10 19:23:07 - [TEST_STEP][PASSED] - Statement - product = com.kms.katalon.core.webui.keyword.WebUiBuiltInKeywords.modifyObjectProperty(product, "xpath", "equals", "//*[@id = "fldvendor" + row + ""]", true): Modify property of object successfully

2018-06-10 19:23:07 - [MESSAGE][PASSED] - Modify property of object successfully

2018-06-10 19:23:07 - [TEST_STEP][PASSED] - selectOptionByIndex: All options with index in [1] are selected on object ''

2018-06-10 19:23:08 - [MESSAGE][PASSED] - All options with index in [1] are selected on object ''

2018-06-10 19:23:08 - [TEST_STEP][PASSED] - delay: Delayed 2 second(s)

2018-06-10 19:23:10 - [MESSAGE][PASSED] - Delayed 2 second(s)

2018-06-10 19:23:10 - [TEST_STEP][PASSED] - Statement - batch = new com.kms.katalon.core.testobject.TestObject(): null

2018-06-10 19:23:10 - [TEST_STEP][PASSED] - Statement - batch = com.kms.katalon.core.webui.keyword.WebUiBuiltInKeywords.modifyObjectProperty(batch, "xpath", "equals", "//*[@id = "txtbthqty" + row + ""]", true): Modify property of object successfully

2018-06-10 19:23:10 - [MESSAGE][PASSED] - Modify property of object successfully

2018-06-10 19:23:10 - [TEST_STEP][PASSED] - Statement - batchqty = com.kms.katalon.core.webui.keyword.WebUiBuiltInKeywords.getAttribute(batch, "value").trim(): Attribute 'value' of object '' is: '1500'

2018-06-10 19:23:10 - [MESSAGE][PASSED] - Attribute 'value' of object '' is: '1500'

2018-06-10 19:23:10 - [TEST_STEP][PASSED] - Statement - Rqty = 100: null

2018-06-10 19:23:10 - [TEST_STEP][PASSED] - Statement - out.println("BatchQty : " + batchqty): null

2018-06-10 19:23:10 - [TEST_STEP][PASSED] - Statement - out.println("RQty : " + Rqty): null

2018-06-10 19:23:10 - [TEST_STEP][PASSED] - Statement - If (java.lang.Integer.valueOf(batchqty) >= java.lang.Integer.valueOf(Rqty)): null

2018-06-10 19:23:10 - [TEST_STEP][PASSED] - Statement - Break: null

2018-06-10 19:23:10 - [TEST_STEP][PASSED] - Statement - batchlength = new com.kms.katalon.core.testobject.TestObject(): null

2018-06-10 19:23:10 - [TEST_STEP][PASSED] - Statement - batchlength = com.kms.katalon.core.webui.keyword.WebUiBuiltInKeywords.modifyObjectProperty(batchlength, "xpath", "equals", "//*[@id = "fldvendor" + row + ""]", true): Modify property of object successfully

2018-06-10 19:23:10 - [MESSAGE][PASSED] - Modify property of object successfully

2018-06-10 19:23:10 - [TEST_STEP][PASSED] - Statement - batchsize = com.kms.katalon.core.webui.keyword.WebUiBuiltInKeywords.getNumberOfTotalOption(batchlength): 11 options of object '' counted

2018-06-10 19:23:10 - [MESSAGE][PASSED] - 11 options of object '' counted

2018-06-10 19:23:10 - [TEST_STEP][PASSED] - Statement - out.println("BatchSize : " + batchsize): null

2018-06-10 19:23:10 - [TEST_STEP][PASSED] - Statement - For ([n = 1, n <= batchsize - 1, (n++)]): null

2018-06-10 19:23:10 - [TEST_STEP][PASSED] - Statement - product = new com.kms.katalon.core.testobject.TestObject(): null

2018-06-10 19:23:10 - [TEST_STEP][PASSED] - Statement - product = com.kms.katalon.core.webui.keyword.WebUiBuiltInKeywords.modifyObjectProperty(product, "xpath", "equals", "//*[@id = "fldvendor" + row + ""]", true): Modify property of object successfully

2018-06-10 19:23:10 - [MESSAGE][PASSED] - Modify property of object successfully

2018-06-10 19:23:10 - [TEST_STEP][PASSED] - selectOptionByIndex: All options with index in [1] are selected on object ''

2018-06-10 19:23:10 - [MESSAGE][PASSED] - All options with index in [1] are selected on object ''

2018-06-10 19:23:10 - [TEST_STEP][PASSED] - delay: Delayed 2 second(s)

2018-06-10 19:23:12 - [MESSAGE][PASSED] - Delayed 2 second(s)

2018-06-10 19:23:12 - [TEST_STEP][PASSED] - Statement - batch = new com.kms.katalon.core.testobject.TestObject(): null

2018-06-10 19:23:12 - [TEST_STEP][PASSED] - Statement - batch = com.kms.katalon.core.webui.keyword.WebUiBuiltInKeywords.modifyObjectProperty(batch, "xpath", "equals", "//*[@id = "txtbthqty" + row + ""]", true): Modify property of object successfully

2018-06-10 19:23:12 - [MESSAGE][PASSED] - Modify property of object successfully

2018-06-10 19:23:12 - [TEST_STEP][PASSED] - Statement - batchqty = com.kms.katalon.core.webui.keyword.WebUiBuiltInKeywords.getAttribute(batch, "value").trim(): Attribute 'value' of object '' is: '3800'

2018-06-10 19:23:12 - [MESSAGE][PASSED] - Attribute 'value' of object '' is: '3800'

2018-06-10 19:23:12 - [TEST_STEP][PASSED] - Statement - Rqty = 100: null

2018-06-10 19:23:12 - [TEST_STEP][PASSED] - Statement - out.println("BatchQty : " + batchqty): null

2018-06-10 19:23:12 - [TEST_STEP][PASSED] - Statement - out.println("RQty : " + Rqty): null

2018-06-10 19:23:12 - [TEST_STEP][PASSED] - Statement - If (java.lang.Integer.valueOf(batchqty) >= java.lang.Integer.valueOf(Rqty)): null

2018-06-10 19:23:12 - [TEST_STEP][PASSED] - Statement - Break: null

2018-06-10 19:23:12 - [TEST_STEP][PASSED] - Statement - batchlength = new com.kms.katalon.core.testobject.TestObject(): null

2018-06-10 19:23:12 - [TEST_STEP][PASSED] - Statement - batchlength = com.kms.katalon.core.webui.keyword.WebUiBuiltInKeywords.modifyObjectProperty(batchlength, "xpath", "equals", "//*[@id = "fldvendor" + row + ""]", true): Modify property of object successfully

2018-06-10 19:23:12 - [MESSAGE][PASSED] - Modify property of object successfully

2018-06-10 19:23:12 - [TEST_STEP][PASSED] - Statement - batchsize = com.kms.katalon.core.webui.keyword.WebUiBuiltInKeywords.getNumberOfTotalOption(batchlength): 11 options of object '' counted

2018-06-10 19:23:12 - [MESSAGE][PASSED] - 11 options of object '' counted

2018-06-10 19:23:12 - [TEST_STEP][PASSED] - Statement - out.println("BatchSize : " + batchsize): null

2018-06-10 19:23:12 - [TEST_STEP][PASSED] - Statement - For ([n = 1, n <= batchsize - 1, (n++)]): null

2018-06-10 19:23:12 - [TEST_STEP][PASSED] - Statement - product = new com.kms.katalon.core.testobject.TestObject(): null

2018-06-10 19:23:12 - [TEST_STEP][PASSED] - Statement - product = com.kms.katalon.core.webui.keyword.WebUiBuiltInKeywords.modifyObjectProperty(product, "xpath", "equals", "//*[@id = "fldvendor" + row + ""]", true): Modify property of object successfully

2018-06-10 19:23:12 - [MESSAGE][PASSED] - Modify property of object successfully

2018-06-10 19:23:12 - [TEST_STEP][PASSED] - selectOptionByIndex: All options with index in [1] are selected on object ''

2018-06-10 19:23:12 - [MESSAGE][PASSED] - All options with index in [1] are selected on object ''

2018-06-10 19:23:12 - [TEST_STEP][PASSED] - delay: Delayed 2 second(s)

2018-06-10 19:23:14 - [MESSAGE][PASSED] - Delayed 2 second(s)

2018-06-10 19:23:14 - [TEST_STEP][PASSED] - Statement - batch = new com.kms.katalon.core.testobject.TestObject(): null

2018-06-10 19:23:14 - [TEST_STEP][PASSED] - Statement - batch = com.kms.katalon.core.webui.keyword.WebUiBuiltInKeywords.modifyObjectProperty(batch, "xpath", "equals", "//*[@id = "txtbthqty" + row + ""]", true): Modify property of object successfully

2018-06-10 19:23:14 - [MESSAGE][PASSED] - Modify property of object successfully

2018-06-10 19:23:14 - [TEST_STEP][PASSED] - Statement - batchqty = com.kms.katalon.core.webui.keyword.WebUiBuiltInKeywords.getAttribute(batch, "value").trim(): Attribute 'value' of object '' is: '35400'

2018-06-10 19:23:14 - [MESSAGE][PASSED] - Attribute 'value' of object '' is: '35400'

2018-06-10 19:23:14 - [TEST_STEP][PASSED] - Statement - Rqty = 100: null

2018-06-10 19:23:14 - [TEST_STEP][PASSED] - Statement - out.println("BatchQty : " + batchqty): null

2018-06-10 19:23:14 - [TEST_STEP][PASSED] - Statement - out.println("RQty : " + Rqty): null

2018-06-10 19:23:14 - [TEST_STEP][PASSED] - Statement - If (java.lang.Integer.valueOf(batchqty) >= java.lang.Integer.valueOf(Rqty)): null

2018-06-10 19:23:14 - [TEST_STEP][PASSED] - Statement - Break: null

2018-06-10 19:23:14 - [TEST_STEP][PASSED] - delay: Delayed 2 second(s)

2018-06-10 19:23:16 - [MESSAGE][PASSED] - Delayed 2 second(s)

2018-06-10 19:23:16 - [TEST_STEP][PASSED] - click: Object: 'Object Repository/HealthpostToCms/Page_KDMC - CMS/input_btndispatch' is clicked on

2018-06-10 19:23:16 - [MESSAGE][PASSED] - Object: 'Object Repository/HealthpostToCms/Page_KDMC - CMS/input_btndispatch' is clicked on

2018-06-10 19:23:16 - [TEST_STEP][PASSED] - waitForElementVisible: Object 'Object Repository/HealthpostToCms/Page_KDMC - CMS/button_OK' is visible

2018-06-10 19:23:19 - [MESSAGE][PASSED] - Object 'Object Repository/HealthpostToCms/Page_KDMC - CMS/button_OK' is visible

2018-06-10 19:23:19 - [TEST_STEP][PASSED] - click: Object: 'Object Repository/HealthpostToCms/Page_KDMC - CMS/button_OK' is clicked on

2018-06-10 19:23:19 - [MESSAGE][PASSED] - Object: 'Object Repository/HealthpostToCms/Page_KDMC - CMS/button_OK' is clicked on

2018-06-10 19:23:19 - [TEST_STEP][PASSED] - delay: Delayed 3 second(s)

2018-06-10 19:23:22 - [MESSAGE][PASSED] - Delayed 3 second(s)

2018-06-10 19:23:22 - [TEST_STEP][PASSED] - click: Object: 'Object Repository/HealthpostToCms/Page_KDMC - CMS/a_dropdown-toggle' is clicked on

2018-06-10 19:23:22 - [MESSAGE][PASSED] - Object: 'Object Repository/HealthpostToCms/Page_KDMC - CMS/a_dropdown-toggle' is clicked on

2018-06-10 19:23:22 - [TEST_STEP][PASSED] - click: Object: 'Object Repository/HealthpostToCms/Page_KDMC - CMS/a_Sign out' is clicked on

2018-06-10 19:23:23 - [MESSAGE][PASSED] - Object: 'Object Repository/HealthpostToCms/Page_KDMC - CMS/a_Sign out' is clicked on

2018-06-10 19:23:23 - [TEST_STEP][PASSED] - delay: Delayed 3 second(s)

2018-06-10 19:23:26 - [MESSAGE][PASSED] - Delayed 3 second(s)

2018-06-10 19:23:26 - [TEST_STEP][PASSED] - navigateToUrl: Navigate to 'http://192.168.137.1/multihospital_new/HDSplashscreen.aspx' successfully

2018-06-10 19:23:26 - [MESSAGE][PASSED] - Navigate to 'http://192.168.137.1/multihospital_new/HDSplashscreen.aspx' successfully

2018-06-10 19:23:26 - [TEST_STEP][PASSED] - click: Object: 'Object Repository/HealthpostToCms/Page_KDMC/a_Healthpost Store' is clicked on

2018-06-10 19:23:26 - [MESSAGE][PASSED] - Object: 'Object Repository/HealthpostToCms/Page_KDMC/a_Healthpost Store' is clicked on

2018-06-10 19:23:26 - [TEST_STEP][PASSED] - setText: Text 'raguram' is set on object 'Object Repository/HealthpostToCms/Page_HealthPost Store Login/input_txtusername'

2018-06-10 19:23:27 - [MESSAGE][PASSED] - Text 'raguram' is set on object 'Object Repository/HealthpostToCms/Page_HealthPost Store Login/input_txtusername'

2018-06-10 19:23:27 - [TEST_STEP][PASSED] - setText: Text '123' is set on object 'Object Repository/HealthpostToCms/Page_HealthPost Store Login/input_txtpassword'

2018-06-10 19:23:27 - [MESSAGE][PASSED] - Text '123' is set on object 'Object Repository/HealthpostToCms/Page_HealthPost Store Login/input_txtpassword'

2018-06-10 19:23:27 - [TEST_STEP][PASSED] - delay: Delayed 3 second(s)

2018-06-10 19:23:30 - [MESSAGE][PASSED] - Delayed 3 second(s)

2018-06-10 19:23:30 - [TEST_STEP][PASSED] - click: Object: 'Object Repository/HealthpostToCms/Page_HealthPost Store Login/button_Sign in' is clicked on

2018-06-10 19:23:30 - [MESSAGE][PASSED] - Object: 'Object Repository/HealthpostToCms/Page_HealthPost Store Login/button_Sign in' is clicked on

2018-06-10 19:23:30 - [TEST_STEP][PASSED] - delay: Delayed 3 second(s)

2018-06-10 19:23:33 - [MESSAGE][PASSED] - Delayed 3 second(s)

2018-06-10 19:23:33 - [TEST_STEP][PASSED] - click: Object: 'Object Repository/HealthpostToCms/Page_HealthPost Store/a_CMS' is clicked on

2018-06-10 19:23:33 - [MESSAGE][PASSED] - Object: 'Object Repository/HealthpostToCms/Page_HealthPost Store/a_CMS' is clicked on

2018-06-10 19:23:33 - [TEST_STEP][PASSED] - delay: Delayed 2 second(s)

2018-06-10 19:23:35 - [MESSAGE][PASSED] - Delayed 2 second(s)

2018-06-10 19:23:35 - [TEST_STEP][PASSED] - click: Object: 'Object Repository/HealthpostToCms/Page_HealthPost Store/a_Receiving Goods' is clicked on

2018-06-10 19:23:36 - [MESSAGE][PASSED] - Object: 'Object Repository/HealthpostToCms/Page_HealthPost Store/a_Receiving Goods' is clicked on

2018-06-10 19:23:36 - [TEST_STEP][PASSED] - setText: Text 'PRNO/10062018/812' is set on object 'Object Repository/HealthpostToCms/Page_HealthPost Store/input'

2018-06-10 19:23:37 - [MESSAGE][PASSED] - Text 'PRNO/10062018/812' is set on object 'Object Repository/HealthpostToCms/Page_HealthPost Store/input'

2018-06-10 19:23:37 - [TEST_STEP][PASSED] - click: Object: 'Object Repository/HealthpostToCms/Page_HealthPost Store/input_PRNO18052018174' is clicked on

2018-06-10 19:23:37 - [MESSAGE][PASSED] - Object: 'Object Repository/HealthpostToCms/Page_HealthPost Store/input_PRNO18052018174' is clicked on

2018-06-10 19:23:37 - [TEST_STEP][PASSED] - delay: Delayed 2 second(s)

2018-06-10 19:23:39 - [MESSAGE][PASSED] - Delayed 2 second(s)

2018-06-10 19:23:39 - [TEST_STEP][PASSED] - click: Object: 'Object Repository/HealthpostToCms/Page_HealthPost Store/input_chkrem' is clicked on

2018-06-10 19:23:39 - [MESSAGE][PASSED] - Object: 'Object Repository/HealthpostToCms/Page_HealthPost Store/input_chkrem' is clicked on

2018-06-10 19:23:39 - [TEST_STEP][PASSED] - scrollToElement: Scroll to object 'Object Repository/HealthpostToCms/Page_HealthPost Store/input_btchkroqadd' successfully

2018-06-10 19:23:39 - [MESSAGE][PASSED] - Scroll to object 'Object Repository/HealthpostToCms/Page_HealthPost Store/input_btchkroqadd' successfully

2018-06-10 19:23:39 - [TEST_STEP][PASSED] - click: Object: 'Object Repository/HealthpostToCms/Page_HealthPost Store/input_btchkroqadd' is clicked on

2018-06-10 19:23:39 - [MESSAGE][PASSED] - Object: 'Object Repository/HealthpostToCms/Page_HealthPost Store/input_btchkroqadd' is clicked on

2018-06-10 19:23:39 - [TEST_STEP][PASSED] - delay: Delayed 2 second(s)

2018-06-10 19:23:41 - [MESSAGE][PASSED] - Delayed 2 second(s)

2018-06-10 19:23:41 - [TEST_STEP][PASSED] - refresh: Refresh successfully

2018-06-10 19:23:42 - [MESSAGE][PASSED] - Refresh successfully

2018-06-10 19:23:42 - [TEST_STEP][PASSED] - delay: Delayed 3 second(s)

2018-06-10 19:23:45 - [MESSAGE][PASSED] - Delayed 3 second(s)

2018-06-10 19:23:45 - [TEST_STEP][PASSED] - click: Object: 'Object Repository/HealthpostToCms/Page_HealthPost Store/a_dropdown-toggle' is clicked on

2018-06-10 19:23:45 - [MESSAGE][PASSED] - Object: 'Object Repository/HealthpostToCms/Page_HealthPost Store/a_dropdown-toggle' is clicked on

2018-06-10 19:23:45 - [TEST_STEP][PASSED] - click: Object: 'Object Repository/HealthpostToCms/Page_HealthPost Store/a_Sign out' is clicked on

2018-06-10 19:23:45 - [MESSAGE][PASSED] - Object: 'Object Repository/HealthpostToCms/Page_HealthPost Store/a_Sign out' is clicked on

2018-06-10 19:23:45 - [TEST_STEP][PASSED] - closeBrowser: Browser is closed

2018-06-10 19:23:46 - [MESSAGE][PASSED] - Browser is closed]]></system-out>
         <system-err><![CDATA[]]></system-err>
      </testcase>
      <testcase name="Test Cases/HEALTHPOST TEST CASES/TC_HP_021 Verify Schedule 9 Healthpost To CMS Request Are Working Successfully Or Not" classname="Test Cases/HEALTHPOST TEST CASES/TC_HP_021 Verify Schedule 9 Healthpost To CMS Request Are Working Successfully Or Not" status="PASSED">
         <system-out><![CDATA[2018-06-10 19:23:46 - [TEST_CASE][PASSED] - Test Cases/HEALTHPOST TEST CASES/TC_HP_021 Verify Schedule 9 Healthpost To CMS Request Are Working Successfully Or Not: Test Cases/HEALTHPOST TEST CASES/TC_HP_021 Verify Schedule 9 Healthpost To CMS Request Are Working Successfully Or Not

2018-06-10 19:23:46 - [TEST_STEP][PASSED] - openBrowser: Browser is opened with url: ''

2018-06-10 19:23:48 - [MESSAGE][PASSED] - Browser is opened with url: ''

2018-06-10 19:23:48 - [TEST_STEP][PASSED] - navigateToUrl: Navigate to 'http://192.168.137.1/multihospital_new/HDSplashscreen.aspx' successfully

2018-06-10 19:23:50 - [MESSAGE][PASSED] - Navigate to 'http://192.168.137.1/multihospital_new/HDSplashscreen.aspx' successfully

2018-06-10 19:23:50 - [TEST_STEP][PASSED] - maximizeWindow: Current window maximized

2018-06-10 19:23:51 - [MESSAGE][PASSED] - Current window maximized

2018-06-10 19:23:51 - [TEST_STEP][PASSED] - click: Object: 'Object Repository/HealthpostToCms/Page_KDMC/a_Healthpost Store' is clicked on

2018-06-10 19:23:52 - [MESSAGE][PASSED] - Object: 'Object Repository/HealthpostToCms/Page_KDMC/a_Healthpost Store' is clicked on

2018-06-10 19:23:52 - [TEST_STEP][PASSED] - setText: Text 'raguram' is set on object 'Object Repository/HealthpostToCms/Page_HealthPost Store Login/input_txtusername'

2018-06-10 19:23:52 - [MESSAGE][PASSED] - Text 'raguram' is set on object 'Object Repository/HealthpostToCms/Page_HealthPost Store Login/input_txtusername'

2018-06-10 19:23:52 - [TEST_STEP][PASSED] - setText: Text '123' is set on object 'Object Repository/HealthpostToCms/Page_HealthPost Store Login/input_txtpassword'

2018-06-10 19:23:52 - [MESSAGE][PASSED] - Text '123' is set on object 'Object Repository/HealthpostToCms/Page_HealthPost Store Login/input_txtpassword'

2018-06-10 19:23:52 - [TEST_STEP][PASSED] - delay: Delayed 3 second(s)

2018-06-10 19:23:55 - [MESSAGE][PASSED] - Delayed 3 second(s)

2018-06-10 19:23:55 - [TEST_STEP][PASSED] - click: Object: 'Object Repository/HealthpostToCms/Page_HealthPost Store Login/button_Sign in' is clicked on

2018-06-10 19:23:56 - [MESSAGE][PASSED] - Object: 'Object Repository/HealthpostToCms/Page_HealthPost Store Login/button_Sign in' is clicked on

2018-06-10 19:23:56 - [TEST_STEP][PASSED] - delay: Delayed 3 second(s)

2018-06-10 19:23:59 - [MESSAGE][PASSED] - Delayed 3 second(s)

2018-06-10 19:23:59 - [TEST_STEP][PASSED] - click: Object: 'Object Repository/HealthpostToCms/Page_HealthPost Store/a_CMS' is clicked on

2018-06-10 19:23:59 - [MESSAGE][PASSED] - Object: 'Object Repository/HealthpostToCms/Page_HealthPost Store/a_CMS' is clicked on

2018-06-10 19:23:59 - [TEST_STEP][PASSED] - click: Object: 'Object Repository/HealthpostToCms/Page_HealthPost Store/a_Request Send' is clicked on

2018-06-10 19:24:00 - [MESSAGE][PASSED] - Object: 'Object Repository/HealthpostToCms/Page_HealthPost Store/a_Request Send' is clicked on

2018-06-10 19:24:00 - [TEST_STEP][PASSED] - delay: Delayed 2 second(s)

2018-06-10 19:24:02 - [MESSAGE][PASSED] - Delayed 2 second(s)

2018-06-10 19:24:02 - [TEST_STEP][PASSED] - selectOptionByIndex: All options with index in [2] are selected on object 'Object Repository/HealthpostToCms/Page_HealthPost Store/select_--Select--'

2018-06-10 19:24:02 - [MESSAGE][PASSED] - All options with index in [2] are selected on object 'Object Repository/HealthpostToCms/Page_HealthPost Store/select_--Select--'

2018-06-10 19:24:02 - [TEST_STEP][PASSED] - selectOptionByIndex: All options with index in [9] are selected on object 'Object Repository/HealthpostToCms/Page_HealthPost Store/select_--Select--Schedule 1Inj'

2018-06-10 19:24:02 - [MESSAGE][PASSED] - All options with index in [9] are selected on object 'Object Repository/HealthpostToCms/Page_HealthPost Store/select_--Select--Schedule 1Inj'

2018-06-10 19:24:02 - [TEST_STEP][PASSED] - Statement - medicineslength = com.kms.katalon.core.webui.keyword.WebUiBuiltInKeywords.getNumberOfTotalOption(com.kms.katalon.core.testobject.ObjectRepository.findTestObject(HealthpostToCms/Page_HealthPost Store/select_--Select--Adernaline 0.)): 36 options of object 'Object Repository/HealthpostToCms/Page_HealthPost Store/select_--Select--Adernaline 0.' counted

2018-06-10 19:24:02 - [MESSAGE][PASSED] - 36 options of object 'Object Repository/HealthpostToCms/Page_HealthPost Store/select_--Select--Adernaline 0.' counted

2018-06-10 19:24:02 - [TEST_STEP][PASSED] - Statement - For ([e = 1, e <= medicineslength - 1, (e++)]): Object: 'Object Repository/HealthpostToCms/Page_HealthPost Store/button_Add' is clicked on

2018-06-10 19:24:02 - [TEST_STEP][PASSED] - selectOptionByIndex: All options with index in [9] are selected on object 'Object Repository/HealthpostToCms/Page_HealthPost Store/select_--Select--Schedule 1Inj'

2018-06-10 19:24:03 - [MESSAGE][PASSED] - All options with index in [9] are selected on object 'Object Repository/HealthpostToCms/Page_HealthPost Store/select_--Select--Schedule 1Inj'

2018-06-10 19:24:03 - [TEST_STEP][PASSED] - selectOptionByIndex: All options with index in [1] are selected on object 'Object Repository/HealthpostToCms/Page_HealthPost Store/select_--Select--Adernaline 0.'

2018-06-10 19:24:03 - [MESSAGE][PASSED] - All options with index in [1] are selected on object 'Object Repository/HealthpostToCms/Page_HealthPost Store/select_--Select--Adernaline 0.'

2018-06-10 19:24:03 - [TEST_STEP][PASSED] - setText: Text '100' is set on object 'Object Repository/HealthpostToCms/Page_HealthPost Store/input_txttreat'

2018-06-10 19:24:03 - [MESSAGE][PASSED] - Text '100' is set on object 'Object Repository/HealthpostToCms/Page_HealthPost Store/input_txttreat'

2018-06-10 19:24:03 - [TEST_STEP][PASSED] - click: Object: 'Object Repository/HealthpostToCms/Page_HealthPost Store/button_Add' is clicked on

2018-06-10 19:24:03 - [MESSAGE][PASSED] - Object: 'Object Repository/HealthpostToCms/Page_HealthPost Store/button_Add' is clicked on

2018-06-10 19:24:03 - [TEST_STEP][PASSED] - selectOptionByIndex: All options with index in [9] are selected on object 'Object Repository/HealthpostToCms/Page_HealthPost Store/select_--Select--Schedule 1Inj'

2018-06-10 19:24:03 - [MESSAGE][PASSED] - All options with index in [9] are selected on object 'Object Repository/HealthpostToCms/Page_HealthPost Store/select_--Select--Schedule 1Inj'

2018-06-10 19:24:03 - [TEST_STEP][PASSED] - selectOptionByIndex: All options with index in [2] are selected on object 'Object Repository/HealthpostToCms/Page_HealthPost Store/select_--Select--Adernaline 0.'

2018-06-10 19:24:03 - [MESSAGE][PASSED] - All options with index in [2] are selected on object 'Object Repository/HealthpostToCms/Page_HealthPost Store/select_--Select--Adernaline 0.'

2018-06-10 19:24:03 - [TEST_STEP][PASSED] - setText: Text '100' is set on object 'Object Repository/HealthpostToCms/Page_HealthPost Store/input_txttreat'

2018-06-10 19:24:03 - [MESSAGE][PASSED] - Text '100' is set on object 'Object Repository/HealthpostToCms/Page_HealthPost Store/input_txttreat'

2018-06-10 19:24:03 - [TEST_STEP][PASSED] - click: Object: 'Object Repository/HealthpostToCms/Page_HealthPost Store/button_Add' is clicked on

2018-06-10 19:24:03 - [MESSAGE][PASSED] - Object: 'Object Repository/HealthpostToCms/Page_HealthPost Store/button_Add' is clicked on

2018-06-10 19:24:03 - [TEST_STEP][PASSED] - selectOptionByIndex: All options with index in [9] are selected on object 'Object Repository/HealthpostToCms/Page_HealthPost Store/select_--Select--Schedule 1Inj'

2018-06-10 19:24:04 - [MESSAGE][PASSED] - All options with index in [9] are selected on object 'Object Repository/HealthpostToCms/Page_HealthPost Store/select_--Select--Schedule 1Inj'

2018-06-10 19:24:04 - [TEST_STEP][PASSED] - selectOptionByIndex: All options with index in [3] are selected on object 'Object Repository/HealthpostToCms/Page_HealthPost Store/select_--Select--Adernaline 0.'

2018-06-10 19:24:04 - [MESSAGE][PASSED] - All options with index in [3] are selected on object 'Object Repository/HealthpostToCms/Page_HealthPost Store/select_--Select--Adernaline 0.'

2018-06-10 19:24:04 - [TEST_STEP][PASSED] - setText: Text '100' is set on object 'Object Repository/HealthpostToCms/Page_HealthPost Store/input_txttreat'

2018-06-10 19:24:04 - [MESSAGE][PASSED] - Text '100' is set on object 'Object Repository/HealthpostToCms/Page_HealthPost Store/input_txttreat'

2018-06-10 19:24:04 - [TEST_STEP][PASSED] - click: Object: 'Object Repository/HealthpostToCms/Page_HealthPost Store/button_Add' is clicked on

2018-06-10 19:24:04 - [MESSAGE][PASSED] - Object: 'Object Repository/HealthpostToCms/Page_HealthPost Store/button_Add' is clicked on

2018-06-10 19:24:04 - [TEST_STEP][PASSED] - selectOptionByIndex: All options with index in [9] are selected on object 'Object Repository/HealthpostToCms/Page_HealthPost Store/select_--Select--Schedule 1Inj'

2018-06-10 19:24:04 - [MESSAGE][PASSED] - All options with index in [9] are selected on object 'Object Repository/HealthpostToCms/Page_HealthPost Store/select_--Select--Schedule 1Inj'

2018-06-10 19:24:04 - [TEST_STEP][PASSED] - selectOptionByIndex: All options with index in [4] are selected on object 'Object Repository/HealthpostToCms/Page_HealthPost Store/select_--Select--Adernaline 0.'

2018-06-10 19:24:04 - [MESSAGE][PASSED] - All options with index in [4] are selected on object 'Object Repository/HealthpostToCms/Page_HealthPost Store/select_--Select--Adernaline 0.'

2018-06-10 19:24:04 - [TEST_STEP][PASSED] - setText: Text '100' is set on object 'Object Repository/HealthpostToCms/Page_HealthPost Store/input_txttreat'

2018-06-10 19:24:04 - [MESSAGE][PASSED] - Text '100' is set on object 'Object Repository/HealthpostToCms/Page_HealthPost Store/input_txttreat'

2018-06-10 19:24:04 - [TEST_STEP][PASSED] - click: Object: 'Object Repository/HealthpostToCms/Page_HealthPost Store/button_Add' is clicked on

2018-06-10 19:24:04 - [MESSAGE][PASSED] - Object: 'Object Repository/HealthpostToCms/Page_HealthPost Store/button_Add' is clicked on

2018-06-10 19:24:04 - [TEST_STEP][PASSED] - selectOptionByIndex: All options with index in [9] are selected on object 'Object Repository/HealthpostToCms/Page_HealthPost Store/select_--Select--Schedule 1Inj'

2018-06-10 19:24:05 - [MESSAGE][PASSED] - All options with index in [9] are selected on object 'Object Repository/HealthpostToCms/Page_HealthPost Store/select_--Select--Schedule 1Inj'

2018-06-10 19:24:05 - [TEST_STEP][PASSED] - selectOptionByIndex: All options with index in [5] are selected on object 'Object Repository/HealthpostToCms/Page_HealthPost Store/select_--Select--Adernaline 0.'

2018-06-10 19:24:05 - [MESSAGE][PASSED] - All options with index in [5] are selected on object 'Object Repository/HealthpostToCms/Page_HealthPost Store/select_--Select--Adernaline 0.'

2018-06-10 19:24:05 - [TEST_STEP][PASSED] - setText: Text '100' is set on object 'Object Repository/HealthpostToCms/Page_HealthPost Store/input_txttreat'

2018-06-10 19:24:05 - [MESSAGE][PASSED] - Text '100' is set on object 'Object Repository/HealthpostToCms/Page_HealthPost Store/input_txttreat'

2018-06-10 19:24:05 - [TEST_STEP][PASSED] - click: Object: 'Object Repository/HealthpostToCms/Page_HealthPost Store/button_Add' is clicked on

2018-06-10 19:24:05 - [MESSAGE][PASSED] - Object: 'Object Repository/HealthpostToCms/Page_HealthPost Store/button_Add' is clicked on

2018-06-10 19:24:05 - [TEST_STEP][PASSED] - selectOptionByIndex: All options with index in [9] are selected on object 'Object Repository/HealthpostToCms/Page_HealthPost Store/select_--Select--Schedule 1Inj'

2018-06-10 19:24:05 - [MESSAGE][PASSED] - All options with index in [9] are selected on object 'Object Repository/HealthpostToCms/Page_HealthPost Store/select_--Select--Schedule 1Inj'

2018-06-10 19:24:05 - [TEST_STEP][PASSED] - selectOptionByIndex: All options with index in [6] are selected on object 'Object Repository/HealthpostToCms/Page_HealthPost Store/select_--Select--Adernaline 0.'

2018-06-10 19:24:05 - [MESSAGE][PASSED] - All options with index in [6] are selected on object 'Object Repository/HealthpostToCms/Page_HealthPost Store/select_--Select--Adernaline 0.'

2018-06-10 19:24:05 - [TEST_STEP][PASSED] - setText: Text '100' is set on object 'Object Repository/HealthpostToCms/Page_HealthPost Store/input_txttreat'

2018-06-10 19:24:05 - [MESSAGE][PASSED] - Text '100' is set on object 'Object Repository/HealthpostToCms/Page_HealthPost Store/input_txttreat'

2018-06-10 19:24:05 - [TEST_STEP][PASSED] - click: Object: 'Object Repository/HealthpostToCms/Page_HealthPost Store/button_Add' is clicked on

2018-06-10 19:24:06 - [MESSAGE][PASSED] - Object: 'Object Repository/HealthpostToCms/Page_HealthPost Store/button_Add' is clicked on

2018-06-10 19:24:06 - [TEST_STEP][PASSED] - selectOptionByIndex: All options with index in [9] are selected on object 'Object Repository/HealthpostToCms/Page_HealthPost Store/select_--Select--Schedule 1Inj'

2018-06-10 19:24:06 - [MESSAGE][PASSED] - All options with index in [9] are selected on object 'Object Repository/HealthpostToCms/Page_HealthPost Store/select_--Select--Schedule 1Inj'

2018-06-10 19:24:06 - [TEST_STEP][PASSED] - selectOptionByIndex: All options with index in [7] are selected on object 'Object Repository/HealthpostToCms/Page_HealthPost Store/select_--Select--Adernaline 0.'

2018-06-10 19:24:06 - [MESSAGE][PASSED] - All options with index in [7] are selected on object 'Object Repository/HealthpostToCms/Page_HealthPost Store/select_--Select--Adernaline 0.'

2018-06-10 19:24:06 - [TEST_STEP][PASSED] - setText: Text '100' is set on object 'Object Repository/HealthpostToCms/Page_HealthPost Store/input_txttreat'

2018-06-10 19:24:06 - [MESSAGE][PASSED] - Text '100' is set on object 'Object Repository/HealthpostToCms/Page_HealthPost Store/input_txttreat'

2018-06-10 19:24:06 - [TEST_STEP][PASSED] - click: Object: 'Object Repository/HealthpostToCms/Page_HealthPost Store/button_Add' is clicked on

2018-06-10 19:24:06 - [MESSAGE][PASSED] - Object: 'Object Repository/HealthpostToCms/Page_HealthPost Store/button_Add' is clicked on

2018-06-10 19:24:06 - [TEST_STEP][PASSED] - selectOptionByIndex: All options with index in [9] are selected on object 'Object Repository/HealthpostToCms/Page_HealthPost Store/select_--Select--Schedule 1Inj'

2018-06-10 19:24:06 - [MESSAGE][PASSED] - All options with index in [9] are selected on object 'Object Repository/HealthpostToCms/Page_HealthPost Store/select_--Select--Schedule 1Inj'

2018-06-10 19:24:06 - [TEST_STEP][PASSED] - selectOptionByIndex: All options with index in [8] are selected on object 'Object Repository/HealthpostToCms/Page_HealthPost Store/select_--Select--Adernaline 0.'

2018-06-10 19:24:07 - [MESSAGE][PASSED] - All options with index in [8] are selected on object 'Object Repository/HealthpostToCms/Page_HealthPost Store/select_--Select--Adernaline 0.'

2018-06-10 19:24:07 - [TEST_STEP][PASSED] - setText: Text '100' is set on object 'Object Repository/HealthpostToCms/Page_HealthPost Store/input_txttreat'

2018-06-10 19:24:07 - [MESSAGE][PASSED] - Text '100' is set on object 'Object Repository/HealthpostToCms/Page_HealthPost Store/input_txttreat'

2018-06-10 19:24:07 - [TEST_STEP][PASSED] - click: Object: 'Object Repository/HealthpostToCms/Page_HealthPost Store/button_Add' is clicked on

2018-06-10 19:24:07 - [MESSAGE][PASSED] - Object: 'Object Repository/HealthpostToCms/Page_HealthPost Store/button_Add' is clicked on

2018-06-10 19:24:07 - [TEST_STEP][PASSED] - selectOptionByIndex: All options with index in [9] are selected on object 'Object Repository/HealthpostToCms/Page_HealthPost Store/select_--Select--Schedule 1Inj'

2018-06-10 19:24:07 - [MESSAGE][PASSED] - All options with index in [9] are selected on object 'Object Repository/HealthpostToCms/Page_HealthPost Store/select_--Select--Schedule 1Inj'

2018-06-10 19:24:07 - [TEST_STEP][PASSED] - selectOptionByIndex: All options with index in [9] are selected on object 'Object Repository/HealthpostToCms/Page_HealthPost Store/select_--Select--Adernaline 0.'

2018-06-10 19:24:07 - [MESSAGE][PASSED] - All options with index in [9] are selected on object 'Object Repository/HealthpostToCms/Page_HealthPost Store/select_--Select--Adernaline 0.'

2018-06-10 19:24:07 - [TEST_STEP][PASSED] - setText: Text '100' is set on object 'Object Repository/HealthpostToCms/Page_HealthPost Store/input_txttreat'

2018-06-10 19:24:07 - [MESSAGE][PASSED] - Text '100' is set on object 'Object Repository/HealthpostToCms/Page_HealthPost Store/input_txttreat'

2018-06-10 19:24:07 - [TEST_STEP][PASSED] - click: Object: 'Object Repository/HealthpostToCms/Page_HealthPost Store/button_Add' is clicked on

2018-06-10 19:24:07 - [MESSAGE][PASSED] - Object: 'Object Repository/HealthpostToCms/Page_HealthPost Store/button_Add' is clicked on

2018-06-10 19:24:07 - [TEST_STEP][PASSED] - selectOptionByIndex: All options with index in [9] are selected on object 'Object Repository/HealthpostToCms/Page_HealthPost Store/select_--Select--Schedule 1Inj'

2018-06-10 19:24:07 - [MESSAGE][PASSED] - All options with index in [9] are selected on object 'Object Repository/HealthpostToCms/Page_HealthPost Store/select_--Select--Schedule 1Inj'

2018-06-10 19:24:07 - [TEST_STEP][PASSED] - selectOptionByIndex: All options with index in [10] are selected on object 'Object Repository/HealthpostToCms/Page_HealthPost Store/select_--Select--Adernaline 0.'

2018-06-10 19:24:08 - [MESSAGE][PASSED] - All options with index in [10] are selected on object 'Object Repository/HealthpostToCms/Page_HealthPost Store/select_--Select--Adernaline 0.'

2018-06-10 19:24:08 - [TEST_STEP][PASSED] - setText: Text '100' is set on object 'Object Repository/HealthpostToCms/Page_HealthPost Store/input_txttreat'

2018-06-10 19:24:08 - [MESSAGE][PASSED] - Text '100' is set on object 'Object Repository/HealthpostToCms/Page_HealthPost Store/input_txttreat'

2018-06-10 19:24:08 - [TEST_STEP][PASSED] - click: Object: 'Object Repository/HealthpostToCms/Page_HealthPost Store/button_Add' is clicked on

2018-06-10 19:24:08 - [MESSAGE][PASSED] - Object: 'Object Repository/HealthpostToCms/Page_HealthPost Store/button_Add' is clicked on

2018-06-10 19:24:08 - [TEST_STEP][PASSED] - selectOptionByIndex: All options with index in [9] are selected on object 'Object Repository/HealthpostToCms/Page_HealthPost Store/select_--Select--Schedule 1Inj'

2018-06-10 19:24:08 - [MESSAGE][PASSED] - All options with index in [9] are selected on object 'Object Repository/HealthpostToCms/Page_HealthPost Store/select_--Select--Schedule 1Inj'

2018-06-10 19:24:08 - [TEST_STEP][PASSED] - selectOptionByIndex: All options with index in [11] are selected on object 'Object Repository/HealthpostToCms/Page_HealthPost Store/select_--Select--Adernaline 0.'

2018-06-10 19:24:08 - [MESSAGE][PASSED] - All options with index in [11] are selected on object 'Object Repository/HealthpostToCms/Page_HealthPost Store/select_--Select--Adernaline 0.'

2018-06-10 19:24:08 - [TEST_STEP][PASSED] - setText: Text '100' is set on object 'Object Repository/HealthpostToCms/Page_HealthPost Store/input_txttreat'

2018-06-10 19:24:08 - [MESSAGE][PASSED] - Text '100' is set on object 'Object Repository/HealthpostToCms/Page_HealthPost Store/input_txttreat'

2018-06-10 19:24:08 - [TEST_STEP][PASSED] - click: Object: 'Object Repository/HealthpostToCms/Page_HealthPost Store/button_Add' is clicked on

2018-06-10 19:24:08 - [MESSAGE][PASSED] - Object: 'Object Repository/HealthpostToCms/Page_HealthPost Store/button_Add' is clicked on

2018-06-10 19:24:08 - [TEST_STEP][PASSED] - selectOptionByIndex: All options with index in [9] are selected on object 'Object Repository/HealthpostToCms/Page_HealthPost Store/select_--Select--Schedule 1Inj'

2018-06-10 19:24:09 - [MESSAGE][PASSED] - All options with index in [9] are selected on object 'Object Repository/HealthpostToCms/Page_HealthPost Store/select_--Select--Schedule 1Inj'

2018-06-10 19:24:09 - [TEST_STEP][PASSED] - selectOptionByIndex: All options with index in [12] are selected on object 'Object Repository/HealthpostToCms/Page_HealthPost Store/select_--Select--Adernaline 0.'

2018-06-10 19:24:09 - [MESSAGE][PASSED] - All options with index in [12] are selected on object 'Object Repository/HealthpostToCms/Page_HealthPost Store/select_--Select--Adernaline 0.'

2018-06-10 19:24:09 - [TEST_STEP][PASSED] - setText: Text '100' is set on object 'Object Repository/HealthpostToCms/Page_HealthPost Store/input_txttreat'

2018-06-10 19:24:09 - [MESSAGE][PASSED] - Text '100' is set on object 'Object Repository/HealthpostToCms/Page_HealthPost Store/input_txttreat'

2018-06-10 19:24:09 - [TEST_STEP][PASSED] - click: Object: 'Object Repository/HealthpostToCms/Page_HealthPost Store/button_Add' is clicked on

2018-06-10 19:24:09 - [MESSAGE][PASSED] - Object: 'Object Repository/HealthpostToCms/Page_HealthPost Store/button_Add' is clicked on

2018-06-10 19:24:09 - [TEST_STEP][PASSED] - selectOptionByIndex: All options with index in [9] are selected on object 'Object Repository/HealthpostToCms/Page_HealthPost Store/select_--Select--Schedule 1Inj'

2018-06-10 19:24:09 - [MESSAGE][PASSED] - All options with index in [9] are selected on object 'Object Repository/HealthpostToCms/Page_HealthPost Store/select_--Select--Schedule 1Inj'

2018-06-10 19:24:09 - [TEST_STEP][PASSED] - selectOptionByIndex: All options with index in [13] are selected on object 'Object Repository/HealthpostToCms/Page_HealthPost Store/select_--Select--Adernaline 0.'

2018-06-10 19:24:10 - [MESSAGE][PASSED] - All options with index in [13] are selected on object 'Object Repository/HealthpostToCms/Page_HealthPost Store/select_--Select--Adernaline 0.'

2018-06-10 19:24:10 - [TEST_STEP][PASSED] - setText: Text '100' is set on object 'Object Repository/HealthpostToCms/Page_HealthPost Store/input_txttreat'

2018-06-10 19:24:10 - [MESSAGE][PASSED] - Text '100' is set on object 'Object Repository/HealthpostToCms/Page_HealthPost Store/input_txttreat'

2018-06-10 19:24:10 - [TEST_STEP][PASSED] - click: Object: 'Object Repository/HealthpostToCms/Page_HealthPost Store/button_Add' is clicked on

2018-06-10 19:24:10 - [MESSAGE][PASSED] - Object: 'Object Repository/HealthpostToCms/Page_HealthPost Store/button_Add' is clicked on

2018-06-10 19:24:10 - [TEST_STEP][PASSED] - selectOptionByIndex: All options with index in [9] are selected on object 'Object Repository/HealthpostToCms/Page_HealthPost Store/select_--Select--Schedule 1Inj'

2018-06-10 19:24:10 - [MESSAGE][PASSED] - All options with index in [9] are selected on object 'Object Repository/HealthpostToCms/Page_HealthPost Store/select_--Select--Schedule 1Inj'

2018-06-10 19:24:10 - [TEST_STEP][PASSED] - selectOptionByIndex: All options with index in [14] are selected on object 'Object Repository/HealthpostToCms/Page_HealthPost Store/select_--Select--Adernaline 0.'

2018-06-10 19:24:10 - [MESSAGE][PASSED] - All options with index in [14] are selected on object 'Object Repository/HealthpostToCms/Page_HealthPost Store/select_--Select--Adernaline 0.'

2018-06-10 19:24:10 - [TEST_STEP][PASSED] - setText: Text '100' is set on object 'Object Repository/HealthpostToCms/Page_HealthPost Store/input_txttreat'

2018-06-10 19:24:10 - [MESSAGE][PASSED] - Text '100' is set on object 'Object Repository/HealthpostToCms/Page_HealthPost Store/input_txttreat'

2018-06-10 19:24:10 - [TEST_STEP][PASSED] - click: Object: 'Object Repository/HealthpostToCms/Page_HealthPost Store/button_Add' is clicked on

2018-06-10 19:24:10 - [MESSAGE][PASSED] - Object: 'Object Repository/HealthpostToCms/Page_HealthPost Store/button_Add' is clicked on

2018-06-10 19:24:10 - [TEST_STEP][PASSED] - selectOptionByIndex: All options with index in [9] are selected on object 'Object Repository/HealthpostToCms/Page_HealthPost Store/select_--Select--Schedule 1Inj'

2018-06-10 19:24:11 - [MESSAGE][PASSED] - All options with index in [9] are selected on object 'Object Repository/HealthpostToCms/Page_HealthPost Store/select_--Select--Schedule 1Inj'

2018-06-10 19:24:11 - [TEST_STEP][PASSED] - selectOptionByIndex: All options with index in [15] are selected on object 'Object Repository/HealthpostToCms/Page_HealthPost Store/select_--Select--Adernaline 0.'

2018-06-10 19:24:11 - [MESSAGE][PASSED] - All options with index in [15] are selected on object 'Object Repository/HealthpostToCms/Page_HealthPost Store/select_--Select--Adernaline 0.'

2018-06-10 19:24:11 - [TEST_STEP][PASSED] - setText: Text '100' is set on object 'Object Repository/HealthpostToCms/Page_HealthPost Store/input_txttreat'

2018-06-10 19:24:11 - [MESSAGE][PASSED] - Text '100' is set on object 'Object Repository/HealthpostToCms/Page_HealthPost Store/input_txttreat'

2018-06-10 19:24:11 - [TEST_STEP][PASSED] - click: Object: 'Object Repository/HealthpostToCms/Page_HealthPost Store/button_Add' is clicked on

2018-06-10 19:24:11 - [MESSAGE][PASSED] - Object: 'Object Repository/HealthpostToCms/Page_HealthPost Store/button_Add' is clicked on

2018-06-10 19:24:11 - [TEST_STEP][PASSED] - selectOptionByIndex: All options with index in [9] are selected on object 'Object Repository/HealthpostToCms/Page_HealthPost Store/select_--Select--Schedule 1Inj'

2018-06-10 19:24:11 - [MESSAGE][PASSED] - All options with index in [9] are selected on object 'Object Repository/HealthpostToCms/Page_HealthPost Store/select_--Select--Schedule 1Inj'

2018-06-10 19:24:11 - [TEST_STEP][PASSED] - selectOptionByIndex: All options with index in [16] are selected on object 'Object Repository/HealthpostToCms/Page_HealthPost Store/select_--Select--Adernaline 0.'

2018-06-10 19:24:11 - [MESSAGE][PASSED] - All options with index in [16] are selected on object 'Object Repository/HealthpostToCms/Page_HealthPost Store/select_--Select--Adernaline 0.'

2018-06-10 19:24:11 - [TEST_STEP][PASSED] - setText: Text '100' is set on object 'Object Repository/HealthpostToCms/Page_HealthPost Store/input_txttreat'

2018-06-10 19:24:12 - [MESSAGE][PASSED] - Text '100' is set on object 'Object Repository/HealthpostToCms/Page_HealthPost Store/input_txttreat'

2018-06-10 19:24:12 - [TEST_STEP][PASSED] - click: Object: 'Object Repository/HealthpostToCms/Page_HealthPost Store/button_Add' is clicked on

2018-06-10 19:24:12 - [MESSAGE][PASSED] - Object: 'Object Repository/HealthpostToCms/Page_HealthPost Store/button_Add' is clicked on

2018-06-10 19:24:12 - [TEST_STEP][PASSED] - selectOptionByIndex: All options with index in [9] are selected on object 'Object Repository/HealthpostToCms/Page_HealthPost Store/select_--Select--Schedule 1Inj'

2018-06-10 19:24:12 - [MESSAGE][PASSED] - All options with index in [9] are selected on object 'Object Repository/HealthpostToCms/Page_HealthPost Store/select_--Select--Schedule 1Inj'

2018-06-10 19:24:12 - [TEST_STEP][PASSED] - selectOptionByIndex: All options with index in [17] are selected on object 'Object Repository/HealthpostToCms/Page_HealthPost Store/select_--Select--Adernaline 0.'

2018-06-10 19:24:12 - [MESSAGE][PASSED] - All options with index in [17] are selected on object 'Object Repository/HealthpostToCms/Page_HealthPost Store/select_--Select--Adernaline 0.'

2018-06-10 19:24:12 - [TEST_STEP][PASSED] - setText: Text '100' is set on object 'Object Repository/HealthpostToCms/Page_HealthPost Store/input_txttreat'

2018-06-10 19:24:12 - [MESSAGE][PASSED] - Text '100' is set on object 'Object Repository/HealthpostToCms/Page_HealthPost Store/input_txttreat'

2018-06-10 19:24:12 - [TEST_STEP][PASSED] - click: Object: 'Object Repository/HealthpostToCms/Page_HealthPost Store/button_Add' is clicked on

2018-06-10 19:24:12 - [MESSAGE][PASSED] - Object: 'Object Repository/HealthpostToCms/Page_HealthPost Store/button_Add' is clicked on

2018-06-10 19:24:12 - [TEST_STEP][PASSED] - selectOptionByIndex: All options with index in [9] are selected on object 'Object Repository/HealthpostToCms/Page_HealthPost Store/select_--Select--Schedule 1Inj'

2018-06-10 19:24:12 - [MESSAGE][PASSED] - All options with index in [9] are selected on object 'Object Repository/HealthpostToCms/Page_HealthPost Store/select_--Select--Schedule 1Inj'

2018-06-10 19:24:12 - [TEST_STEP][PASSED] - selectOptionByIndex: All options with index in [18] are selected on object 'Object Repository/HealthpostToCms/Page_HealthPost Store/select_--Select--Adernaline 0.'

2018-06-10 19:24:13 - [MESSAGE][PASSED] - All options with index in [18] are selected on object 'Object Repository/HealthpostToCms/Page_HealthPost Store/select_--Select--Adernaline 0.'

2018-06-10 19:24:13 - [TEST_STEP][PASSED] - setText: Text '100' is set on object 'Object Repository/HealthpostToCms/Page_HealthPost Store/input_txttreat'

2018-06-10 19:24:13 - [MESSAGE][PASSED] - Text '100' is set on object 'Object Repository/HealthpostToCms/Page_HealthPost Store/input_txttreat'

2018-06-10 19:24:13 - [TEST_STEP][PASSED] - click: Object: 'Object Repository/HealthpostToCms/Page_HealthPost Store/button_Add' is clicked on

2018-06-10 19:24:13 - [MESSAGE][PASSED] - Object: 'Object Repository/HealthpostToCms/Page_HealthPost Store/button_Add' is clicked on

2018-06-10 19:24:13 - [TEST_STEP][PASSED] - selectOptionByIndex: All options with index in [9] are selected on object 'Object Repository/HealthpostToCms/Page_HealthPost Store/select_--Select--Schedule 1Inj'

2018-06-10 19:24:13 - [MESSAGE][PASSED] - All options with index in [9] are selected on object 'Object Repository/HealthpostToCms/Page_HealthPost Store/select_--Select--Schedule 1Inj'

2018-06-10 19:24:13 - [TEST_STEP][PASSED] - selectOptionByIndex: All options with index in [19] are selected on object 'Object Repository/HealthpostToCms/Page_HealthPost Store/select_--Select--Adernaline 0.'

2018-06-10 19:24:13 - [MESSAGE][PASSED] - All options with index in [19] are selected on object 'Object Repository/HealthpostToCms/Page_HealthPost Store/select_--Select--Adernaline 0.'

2018-06-10 19:24:13 - [TEST_STEP][PASSED] - setText: Text '100' is set on object 'Object Repository/HealthpostToCms/Page_HealthPost Store/input_txttreat'

2018-06-10 19:24:14 - [MESSAGE][PASSED] - Text '100' is set on object 'Object Repository/HealthpostToCms/Page_HealthPost Store/input_txttreat'

2018-06-10 19:24:14 - [TEST_STEP][PASSED] - click: Object: 'Object Repository/HealthpostToCms/Page_HealthPost Store/button_Add' is clicked on

2018-06-10 19:24:14 - [MESSAGE][PASSED] - Object: 'Object Repository/HealthpostToCms/Page_HealthPost Store/button_Add' is clicked on

2018-06-10 19:24:14 - [TEST_STEP][PASSED] - selectOptionByIndex: All options with index in [9] are selected on object 'Object Repository/HealthpostToCms/Page_HealthPost Store/select_--Select--Schedule 1Inj'

2018-06-10 19:24:14 - [MESSAGE][PASSED] - All options with index in [9] are selected on object 'Object Repository/HealthpostToCms/Page_HealthPost Store/select_--Select--Schedule 1Inj'

2018-06-10 19:24:14 - [TEST_STEP][PASSED] - selectOptionByIndex: All options with index in [20] are selected on object 'Object Repository/HealthpostToCms/Page_HealthPost Store/select_--Select--Adernaline 0.'

2018-06-10 19:24:14 - [MESSAGE][PASSED] - All options with index in [20] are selected on object 'Object Repository/HealthpostToCms/Page_HealthPost Store/select_--Select--Adernaline 0.'

2018-06-10 19:24:14 - [TEST_STEP][PASSED] - setText: Text '100' is set on object 'Object Repository/HealthpostToCms/Page_HealthPost Store/input_txttreat'

2018-06-10 19:24:14 - [MESSAGE][PASSED] - Text '100' is set on object 'Object Repository/HealthpostToCms/Page_HealthPost Store/input_txttreat'

2018-06-10 19:24:14 - [TEST_STEP][PASSED] - click: Object: 'Object Repository/HealthpostToCms/Page_HealthPost Store/button_Add' is clicked on

2018-06-10 19:24:14 - [MESSAGE][PASSED] - Object: 'Object Repository/HealthpostToCms/Page_HealthPost Store/button_Add' is clicked on

2018-06-10 19:24:14 - [TEST_STEP][PASSED] - selectOptionByIndex: All options with index in [9] are selected on object 'Object Repository/HealthpostToCms/Page_HealthPost Store/select_--Select--Schedule 1Inj'

2018-06-10 19:24:15 - [MESSAGE][PASSED] - All options with index in [9] are selected on object 'Object Repository/HealthpostToCms/Page_HealthPost Store/select_--Select--Schedule 1Inj'

2018-06-10 19:24:15 - [TEST_STEP][PASSED] - selectOptionByIndex: All options with index in [21] are selected on object 'Object Repository/HealthpostToCms/Page_HealthPost Store/select_--Select--Adernaline 0.'

2018-06-10 19:24:15 - [MESSAGE][PASSED] - All options with index in [21] are selected on object 'Object Repository/HealthpostToCms/Page_HealthPost Store/select_--Select--Adernaline 0.'

2018-06-10 19:24:15 - [TEST_STEP][PASSED] - setText: Text '100' is set on object 'Object Repository/HealthpostToCms/Page_HealthPost Store/input_txttreat'

2018-06-10 19:24:15 - [MESSAGE][PASSED] - Text '100' is set on object 'Object Repository/HealthpostToCms/Page_HealthPost Store/input_txttreat'

2018-06-10 19:24:15 - [TEST_STEP][PASSED] - click: Object: 'Object Repository/HealthpostToCms/Page_HealthPost Store/button_Add' is clicked on

2018-06-10 19:24:15 - [MESSAGE][PASSED] - Object: 'Object Repository/HealthpostToCms/Page_HealthPost Store/button_Add' is clicked on

2018-06-10 19:24:15 - [TEST_STEP][PASSED] - selectOptionByIndex: All options with index in [9] are selected on object 'Object Repository/HealthpostToCms/Page_HealthPost Store/select_--Select--Schedule 1Inj'

2018-06-10 19:24:15 - [MESSAGE][PASSED] - All options with index in [9] are selected on object 'Object Repository/HealthpostToCms/Page_HealthPost Store/select_--Select--Schedule 1Inj'

2018-06-10 19:24:15 - [TEST_STEP][PASSED] - selectOptionByIndex: All options with index in [22] are selected on object 'Object Repository/HealthpostToCms/Page_HealthPost Store/select_--Select--Adernaline 0.'

2018-06-10 19:24:16 - [MESSAGE][PASSED] - All options with index in [22] are selected on object 'Object Repository/HealthpostToCms/Page_HealthPost Store/select_--Select--Adernaline 0.'

2018-06-10 19:24:16 - [TEST_STEP][PASSED] - setText: Text '100' is set on object 'Object Repository/HealthpostToCms/Page_HealthPost Store/input_txttreat'

2018-06-10 19:24:16 - [MESSAGE][PASSED] - Text '100' is set on object 'Object Repository/HealthpostToCms/Page_HealthPost Store/input_txttreat'

2018-06-10 19:24:16 - [TEST_STEP][PASSED] - click: Object: 'Object Repository/HealthpostToCms/Page_HealthPost Store/button_Add' is clicked on

2018-06-10 19:24:16 - [MESSAGE][PASSED] - Object: 'Object Repository/HealthpostToCms/Page_HealthPost Store/button_Add' is clicked on

2018-06-10 19:24:16 - [TEST_STEP][PASSED] - selectOptionByIndex: All options with index in [9] are selected on object 'Object Repository/HealthpostToCms/Page_HealthPost Store/select_--Select--Schedule 1Inj'

2018-06-10 19:24:16 - [MESSAGE][PASSED] - All options with index in [9] are selected on object 'Object Repository/HealthpostToCms/Page_HealthPost Store/select_--Select--Schedule 1Inj'

2018-06-10 19:24:16 - [TEST_STEP][PASSED] - selectOptionByIndex: All options with index in [23] are selected on object 'Object Repository/HealthpostToCms/Page_HealthPost Store/select_--Select--Adernaline 0.'

2018-06-10 19:24:16 - [MESSAGE][PASSED] - All options with index in [23] are selected on object 'Object Repository/HealthpostToCms/Page_HealthPost Store/select_--Select--Adernaline 0.'

2018-06-10 19:24:16 - [TEST_STEP][PASSED] - setText: Text '100' is set on object 'Object Repository/HealthpostToCms/Page_HealthPost Store/input_txttreat'

2018-06-10 19:24:16 - [MESSAGE][PASSED] - Text '100' is set on object 'Object Repository/HealthpostToCms/Page_HealthPost Store/input_txttreat'

2018-06-10 19:24:16 - [TEST_STEP][PASSED] - click: Object: 'Object Repository/HealthpostToCms/Page_HealthPost Store/button_Add' is clicked on

2018-06-10 19:24:16 - [MESSAGE][PASSED] - Object: 'Object Repository/HealthpostToCms/Page_HealthPost Store/button_Add' is clicked on

2018-06-10 19:24:16 - [TEST_STEP][PASSED] - selectOptionByIndex: All options with index in [9] are selected on object 'Object Repository/HealthpostToCms/Page_HealthPost Store/select_--Select--Schedule 1Inj'

2018-06-10 19:24:17 - [MESSAGE][PASSED] - All options with index in [9] are selected on object 'Object Repository/HealthpostToCms/Page_HealthPost Store/select_--Select--Schedule 1Inj'

2018-06-10 19:24:17 - [TEST_STEP][PASSED] - selectOptionByIndex: All options with index in [24] are selected on object 'Object Repository/HealthpostToCms/Page_HealthPost Store/select_--Select--Adernaline 0.'

2018-06-10 19:24:17 - [MESSAGE][PASSED] - All options with index in [24] are selected on object 'Object Repository/HealthpostToCms/Page_HealthPost Store/select_--Select--Adernaline 0.'

2018-06-10 19:24:17 - [TEST_STEP][PASSED] - setText: Text '100' is set on object 'Object Repository/HealthpostToCms/Page_HealthPost Store/input_txttreat'

2018-06-10 19:24:17 - [MESSAGE][PASSED] - Text '100' is set on object 'Object Repository/HealthpostToCms/Page_HealthPost Store/input_txttreat'

2018-06-10 19:24:17 - [TEST_STEP][PASSED] - click: Object: 'Object Repository/HealthpostToCms/Page_HealthPost Store/button_Add' is clicked on

2018-06-10 19:24:17 - [MESSAGE][PASSED] - Object: 'Object Repository/HealthpostToCms/Page_HealthPost Store/button_Add' is clicked on

2018-06-10 19:24:17 - [TEST_STEP][PASSED] - selectOptionByIndex: All options with index in [9] are selected on object 'Object Repository/HealthpostToCms/Page_HealthPost Store/select_--Select--Schedule 1Inj'

2018-06-10 19:24:17 - [MESSAGE][PASSED] - All options with index in [9] are selected on object 'Object Repository/HealthpostToCms/Page_HealthPost Store/select_--Select--Schedule 1Inj'

2018-06-10 19:24:17 - [TEST_STEP][PASSED] - selectOptionByIndex: All options with index in [25] are selected on object 'Object Repository/HealthpostToCms/Page_HealthPost Store/select_--Select--Adernaline 0.'

2018-06-10 19:24:18 - [MESSAGE][PASSED] - All options with index in [25] are selected on object 'Object Repository/HealthpostToCms/Page_HealthPost Store/select_--Select--Adernaline 0.'

2018-06-10 19:24:18 - [TEST_STEP][PASSED] - setText: Text '100' is set on object 'Object Repository/HealthpostToCms/Page_HealthPost Store/input_txttreat'

2018-06-10 19:24:18 - [MESSAGE][PASSED] - Text '100' is set on object 'Object Repository/HealthpostToCms/Page_HealthPost Store/input_txttreat'

2018-06-10 19:24:18 - [TEST_STEP][PASSED] - click: Object: 'Object Repository/HealthpostToCms/Page_HealthPost Store/button_Add' is clicked on

2018-06-10 19:24:18 - [MESSAGE][PASSED] - Object: 'Object Repository/HealthpostToCms/Page_HealthPost Store/button_Add' is clicked on

2018-06-10 19:24:18 - [TEST_STEP][PASSED] - selectOptionByIndex: All options with index in [9] are selected on object 'Object Repository/HealthpostToCms/Page_HealthPost Store/select_--Select--Schedule 1Inj'

2018-06-10 19:24:18 - [MESSAGE][PASSED] - All options with index in [9] are selected on object 'Object Repository/HealthpostToCms/Page_HealthPost Store/select_--Select--Schedule 1Inj'

2018-06-10 19:24:18 - [TEST_STEP][PASSED] - selectOptionByIndex: All options with index in [26] are selected on object 'Object Repository/HealthpostToCms/Page_HealthPost Store/select_--Select--Adernaline 0.'

2018-06-10 19:24:19 - [MESSAGE][PASSED] - All options with index in [26] are selected on object 'Object Repository/HealthpostToCms/Page_HealthPost Store/select_--Select--Adernaline 0.'

2018-06-10 19:24:19 - [TEST_STEP][PASSED] - setText: Text '100' is set on object 'Object Repository/HealthpostToCms/Page_HealthPost Store/input_txttreat'

2018-06-10 19:24:19 - [MESSAGE][PASSED] - Text '100' is set on object 'Object Repository/HealthpostToCms/Page_HealthPost Store/input_txttreat'

2018-06-10 19:24:19 - [TEST_STEP][PASSED] - click: Object: 'Object Repository/HealthpostToCms/Page_HealthPost Store/button_Add' is clicked on

2018-06-10 19:24:19 - [MESSAGE][PASSED] - Object: 'Object Repository/HealthpostToCms/Page_HealthPost Store/button_Add' is clicked on

2018-06-10 19:24:19 - [TEST_STEP][PASSED] - selectOptionByIndex: All options with index in [9] are selected on object 'Object Repository/HealthpostToCms/Page_HealthPost Store/select_--Select--Schedule 1Inj'

2018-06-10 19:24:19 - [MESSAGE][PASSED] - All options with index in [9] are selected on object 'Object Repository/HealthpostToCms/Page_HealthPost Store/select_--Select--Schedule 1Inj'

2018-06-10 19:24:19 - [TEST_STEP][PASSED] - selectOptionByIndex: All options with index in [27] are selected on object 'Object Repository/HealthpostToCms/Page_HealthPost Store/select_--Select--Adernaline 0.'

2018-06-10 19:24:19 - [MESSAGE][PASSED] - All options with index in [27] are selected on object 'Object Repository/HealthpostToCms/Page_HealthPost Store/select_--Select--Adernaline 0.'

2018-06-10 19:24:19 - [TEST_STEP][PASSED] - setText: Text '100' is set on object 'Object Repository/HealthpostToCms/Page_HealthPost Store/input_txttreat'

2018-06-10 19:24:19 - [MESSAGE][PASSED] - Text '100' is set on object 'Object Repository/HealthpostToCms/Page_HealthPost Store/input_txttreat'

2018-06-10 19:24:19 - [TEST_STEP][PASSED] - click: Object: 'Object Repository/HealthpostToCms/Page_HealthPost Store/button_Add' is clicked on

2018-06-10 19:24:19 - [MESSAGE][PASSED] - Object: 'Object Repository/HealthpostToCms/Page_HealthPost Store/button_Add' is clicked on

2018-06-10 19:24:19 - [TEST_STEP][PASSED] - selectOptionByIndex: All options with index in [9] are selected on object 'Object Repository/HealthpostToCms/Page_HealthPost Store/select_--Select--Schedule 1Inj'

2018-06-10 19:24:20 - [MESSAGE][PASSED] - All options with index in [9] are selected on object 'Object Repository/HealthpostToCms/Page_HealthPost Store/select_--Select--Schedule 1Inj'

2018-06-10 19:24:20 - [TEST_STEP][PASSED] - selectOptionByIndex: All options with index in [28] are selected on object 'Object Repository/HealthpostToCms/Page_HealthPost Store/select_--Select--Adernaline 0.'

2018-06-10 19:24:20 - [MESSAGE][PASSED] - All options with index in [28] are selected on object 'Object Repository/HealthpostToCms/Page_HealthPost Store/select_--Select--Adernaline 0.'

2018-06-10 19:24:20 - [TEST_STEP][PASSED] - setText: Text '100' is set on object 'Object Repository/HealthpostToCms/Page_HealthPost Store/input_txttreat'

2018-06-10 19:24:20 - [MESSAGE][PASSED] - Text '100' is set on object 'Object Repository/HealthpostToCms/Page_HealthPost Store/input_txttreat'

2018-06-10 19:24:20 - [TEST_STEP][PASSED] - click: Object: 'Object Repository/HealthpostToCms/Page_HealthPost Store/button_Add' is clicked on

2018-06-10 19:24:20 - [MESSAGE][PASSED] - Object: 'Object Repository/HealthpostToCms/Page_HealthPost Store/button_Add' is clicked on

2018-06-10 19:24:20 - [TEST_STEP][PASSED] - selectOptionByIndex: All options with index in [9] are selected on object 'Object Repository/HealthpostToCms/Page_HealthPost Store/select_--Select--Schedule 1Inj'

2018-06-10 19:24:20 - [MESSAGE][PASSED] - All options with index in [9] are selected on object 'Object Repository/HealthpostToCms/Page_HealthPost Store/select_--Select--Schedule 1Inj'

2018-06-10 19:24:20 - [TEST_STEP][PASSED] - selectOptionByIndex: All options with index in [29] are selected on object 'Object Repository/HealthpostToCms/Page_HealthPost Store/select_--Select--Adernaline 0.'

2018-06-10 19:24:21 - [MESSAGE][PASSED] - All options with index in [29] are selected on object 'Object Repository/HealthpostToCms/Page_HealthPost Store/select_--Select--Adernaline 0.'

2018-06-10 19:24:21 - [TEST_STEP][PASSED] - setText: Text '100' is set on object 'Object Repository/HealthpostToCms/Page_HealthPost Store/input_txttreat'

2018-06-10 19:24:21 - [MESSAGE][PASSED] - Text '100' is set on object 'Object Repository/HealthpostToCms/Page_HealthPost Store/input_txttreat'

2018-06-10 19:24:21 - [TEST_STEP][PASSED] - click: Object: 'Object Repository/HealthpostToCms/Page_HealthPost Store/button_Add' is clicked on

2018-06-10 19:24:21 - [MESSAGE][PASSED] - Object: 'Object Repository/HealthpostToCms/Page_HealthPost Store/button_Add' is clicked on

2018-06-10 19:24:21 - [TEST_STEP][PASSED] - selectOptionByIndex: All options with index in [9] are selected on object 'Object Repository/HealthpostToCms/Page_HealthPost Store/select_--Select--Schedule 1Inj'

2018-06-10 19:24:21 - [MESSAGE][PASSED] - All options with index in [9] are selected on object 'Object Repository/HealthpostToCms/Page_HealthPost Store/select_--Select--Schedule 1Inj'

2018-06-10 19:24:21 - [TEST_STEP][PASSED] - selectOptionByIndex: All options with index in [30] are selected on object 'Object Repository/HealthpostToCms/Page_HealthPost Store/select_--Select--Adernaline 0.'

2018-06-10 19:24:22 - [MESSAGE][PASSED] - All options with index in [30] are selected on object 'Object Repository/HealthpostToCms/Page_HealthPost Store/select_--Select--Adernaline 0.'

2018-06-10 19:24:22 - [TEST_STEP][PASSED] - setText: Text '100' is set on object 'Object Repository/HealthpostToCms/Page_HealthPost Store/input_txttreat'

2018-06-10 19:24:22 - [MESSAGE][PASSED] - Text '100' is set on object 'Object Repository/HealthpostToCms/Page_HealthPost Store/input_txttreat'

2018-06-10 19:24:22 - [TEST_STEP][PASSED] - click: Object: 'Object Repository/HealthpostToCms/Page_HealthPost Store/button_Add' is clicked on

2018-06-10 19:24:22 - [MESSAGE][PASSED] - Object: 'Object Repository/HealthpostToCms/Page_HealthPost Store/button_Add' is clicked on

2018-06-10 19:24:22 - [TEST_STEP][PASSED] - selectOptionByIndex: All options with index in [9] are selected on object 'Object Repository/HealthpostToCms/Page_HealthPost Store/select_--Select--Schedule 1Inj'

2018-06-10 19:24:22 - [MESSAGE][PASSED] - All options with index in [9] are selected on object 'Object Repository/HealthpostToCms/Page_HealthPost Store/select_--Select--Schedule 1Inj'

2018-06-10 19:24:22 - [TEST_STEP][PASSED] - selectOptionByIndex: All options with index in [31] are selected on object 'Object Repository/HealthpostToCms/Page_HealthPost Store/select_--Select--Adernaline 0.'

2018-06-10 19:24:22 - [MESSAGE][PASSED] - All options with index in [31] are selected on object 'Object Repository/HealthpostToCms/Page_HealthPost Store/select_--Select--Adernaline 0.'

2018-06-10 19:24:22 - [TEST_STEP][PASSED] - setText: Text '100' is set on object 'Object Repository/HealthpostToCms/Page_HealthPost Store/input_txttreat'

2018-06-10 19:24:23 - [MESSAGE][PASSED] - Text '100' is set on object 'Object Repository/HealthpostToCms/Page_HealthPost Store/input_txttreat'

2018-06-10 19:24:23 - [TEST_STEP][PASSED] - click: Object: 'Object Repository/HealthpostToCms/Page_HealthPost Store/button_Add' is clicked on

2018-06-10 19:24:23 - [MESSAGE][PASSED] - Object: 'Object Repository/HealthpostToCms/Page_HealthPost Store/button_Add' is clicked on

2018-06-10 19:24:23 - [TEST_STEP][PASSED] - selectOptionByIndex: All options with index in [9] are selected on object 'Object Repository/HealthpostToCms/Page_HealthPost Store/select_--Select--Schedule 1Inj'

2018-06-10 19:24:23 - [MESSAGE][PASSED] - All options with index in [9] are selected on object 'Object Repository/HealthpostToCms/Page_HealthPost Store/select_--Select--Schedule 1Inj'

2018-06-10 19:24:23 - [TEST_STEP][PASSED] - selectOptionByIndex: All options with index in [32] are selected on object 'Object Repository/HealthpostToCms/Page_HealthPost Store/select_--Select--Adernaline 0.'

2018-06-10 19:24:23 - [MESSAGE][PASSED] - All options with index in [32] are selected on object 'Object Repository/HealthpostToCms/Page_HealthPost Store/select_--Select--Adernaline 0.'

2018-06-10 19:24:23 - [TEST_STEP][PASSED] - setText: Text '100' is set on object 'Object Repository/HealthpostToCms/Page_HealthPost Store/input_txttreat'

2018-06-10 19:24:23 - [MESSAGE][PASSED] - Text '100' is set on object 'Object Repository/HealthpostToCms/Page_HealthPost Store/input_txttreat'

2018-06-10 19:24:23 - [TEST_STEP][PASSED] - click: Object: 'Object Repository/HealthpostToCms/Page_HealthPost Store/button_Add' is clicked on

2018-06-10 19:24:23 - [MESSAGE][PASSED] - Object: 'Object Repository/HealthpostToCms/Page_HealthPost Store/button_Add' is clicked on

2018-06-10 19:24:23 - [TEST_STEP][PASSED] - selectOptionByIndex: All options with index in [9] are selected on object 'Object Repository/HealthpostToCms/Page_HealthPost Store/select_--Select--Schedule 1Inj'

2018-06-10 19:24:24 - [MESSAGE][PASSED] - All options with index in [9] are selected on object 'Object Repository/HealthpostToCms/Page_HealthPost Store/select_--Select--Schedule 1Inj'

2018-06-10 19:24:24 - [TEST_STEP][PASSED] - selectOptionByIndex: All options with index in [33] are selected on object 'Object Repository/HealthpostToCms/Page_HealthPost Store/select_--Select--Adernaline 0.'

2018-06-10 19:24:24 - [MESSAGE][PASSED] - All options with index in [33] are selected on object 'Object Repository/HealthpostToCms/Page_HealthPost Store/select_--Select--Adernaline 0.'

2018-06-10 19:24:24 - [TEST_STEP][PASSED] - setText: Text '100' is set on object 'Object Repository/HealthpostToCms/Page_HealthPost Store/input_txttreat'

2018-06-10 19:24:24 - [MESSAGE][PASSED] - Text '100' is set on object 'Object Repository/HealthpostToCms/Page_HealthPost Store/input_txttreat'

2018-06-10 19:24:24 - [TEST_STEP][PASSED] - click: Object: 'Object Repository/HealthpostToCms/Page_HealthPost Store/button_Add' is clicked on

2018-06-10 19:24:24 - [MESSAGE][PASSED] - Object: 'Object Repository/HealthpostToCms/Page_HealthPost Store/button_Add' is clicked on

2018-06-10 19:24:24 - [TEST_STEP][PASSED] - selectOptionByIndex: All options with index in [9] are selected on object 'Object Repository/HealthpostToCms/Page_HealthPost Store/select_--Select--Schedule 1Inj'

2018-06-10 19:24:24 - [MESSAGE][PASSED] - All options with index in [9] are selected on object 'Object Repository/HealthpostToCms/Page_HealthPost Store/select_--Select--Schedule 1Inj'

2018-06-10 19:24:24 - [TEST_STEP][PASSED] - selectOptionByIndex: All options with index in [34] are selected on object 'Object Repository/HealthpostToCms/Page_HealthPost Store/select_--Select--Adernaline 0.'

2018-06-10 19:24:25 - [MESSAGE][PASSED] - All options with index in [34] are selected on object 'Object Repository/HealthpostToCms/Page_HealthPost Store/select_--Select--Adernaline 0.'

2018-06-10 19:24:25 - [TEST_STEP][PASSED] - setText: Text '100' is set on object 'Object Repository/HealthpostToCms/Page_HealthPost Store/input_txttreat'

2018-06-10 19:24:25 - [MESSAGE][PASSED] - Text '100' is set on object 'Object Repository/HealthpostToCms/Page_HealthPost Store/input_txttreat'

2018-06-10 19:24:25 - [TEST_STEP][PASSED] - click: Object: 'Object Repository/HealthpostToCms/Page_HealthPost Store/button_Add' is clicked on

2018-06-10 19:24:25 - [MESSAGE][PASSED] - Object: 'Object Repository/HealthpostToCms/Page_HealthPost Store/button_Add' is clicked on

2018-06-10 19:24:25 - [TEST_STEP][PASSED] - selectOptionByIndex: All options with index in [9] are selected on object 'Object Repository/HealthpostToCms/Page_HealthPost Store/select_--Select--Schedule 1Inj'

2018-06-10 19:24:25 - [MESSAGE][PASSED] - All options with index in [9] are selected on object 'Object Repository/HealthpostToCms/Page_HealthPost Store/select_--Select--Schedule 1Inj'

2018-06-10 19:24:25 - [TEST_STEP][PASSED] - selectOptionByIndex: All options with index in [35] are selected on object 'Object Repository/HealthpostToCms/Page_HealthPost Store/select_--Select--Adernaline 0.'

2018-06-10 19:24:26 - [MESSAGE][PASSED] - All options with index in [35] are selected on object 'Object Repository/HealthpostToCms/Page_HealthPost Store/select_--Select--Adernaline 0.'

2018-06-10 19:24:26 - [TEST_STEP][PASSED] - setText: Text '100' is set on object 'Object Repository/HealthpostToCms/Page_HealthPost Store/input_txttreat'

2018-06-10 19:24:26 - [MESSAGE][PASSED] - Text '100' is set on object 'Object Repository/HealthpostToCms/Page_HealthPost Store/input_txttreat'

2018-06-10 19:24:26 - [TEST_STEP][PASSED] - click: Object: 'Object Repository/HealthpostToCms/Page_HealthPost Store/button_Add' is clicked on

2018-06-10 19:24:26 - [MESSAGE][PASSED] - Object: 'Object Repository/HealthpostToCms/Page_HealthPost Store/button_Add' is clicked on

2018-06-10 19:24:26 - [TEST_STEP][PASSED] - scrollToElement: Scroll to object 'Object Repository/HealthpostToCms/Page_HealthPost Store/input_btnsave' successfully

2018-06-10 19:24:26 - [MESSAGE][PASSED] - Scroll to object 'Object Repository/HealthpostToCms/Page_HealthPost Store/input_btnsave' successfully

2018-06-10 19:24:26 - [TEST_STEP][PASSED] - click: Object: 'Object Repository/HealthpostToCms/Page_HealthPost Store/input_btnsave' is clicked on

2018-06-10 19:24:26 - [MESSAGE][PASSED] - Object: 'Object Repository/HealthpostToCms/Page_HealthPost Store/input_btnsave' is clicked on

2018-06-10 19:24:26 - [TEST_STEP][PASSED] - delay: Delayed 3 second(s)

2018-06-10 19:24:29 - [MESSAGE][PASSED] - Delayed 3 second(s)

2018-06-10 19:24:29 - [TEST_STEP][PASSED] - Statement - RN1 = com.kms.katalon.core.webui.keyword.WebUiBuiltInKeywords.getText(com.kms.katalon.core.testobject.ObjectRepository.findTestObject(HealthpostToCms/Page_HealthPost Store/font_PRNO18052018174)): Text of object 'Object Repository/HealthpostToCms/Page_HealthPost Store/font_PRNO18052018174' is: 'PRNO/10062018/813'

2018-06-10 19:24:29 - [MESSAGE][PASSED] - Text of object 'Object Repository/HealthpostToCms/Page_HealthPost Store/font_PRNO18052018174' is: 'PRNO/10062018/813'

2018-06-10 19:24:29 - [TEST_STEP][PASSED] - Statement - out.println(RN1): null

2018-06-10 19:24:29 - [TEST_STEP][PASSED] - Statement - RID = RN1.split("/")[2]: null

2018-06-10 19:24:29 - [TEST_STEP][PASSED] - click: Object: 'Object Repository/HealthpostToCms/Page_HealthPost Store/button_OK' is clicked on

2018-06-10 19:24:30 - [MESSAGE][PASSED] - Object: 'Object Repository/HealthpostToCms/Page_HealthPost Store/button_OK' is clicked on

2018-06-10 19:24:30 - [TEST_STEP][PASSED] - delay: Delayed 3 second(s)

2018-06-10 19:24:33 - [MESSAGE][PASSED] - Delayed 3 second(s)

2018-06-10 19:24:33 - [TEST_STEP][PASSED] - click: Object: 'Object Repository/HealthpostToCms/Page_HealthPost Store/a_dropdown-toggle' is clicked on

2018-06-10 19:24:33 - [MESSAGE][PASSED] - Object: 'Object Repository/HealthpostToCms/Page_HealthPost Store/a_dropdown-toggle' is clicked on

2018-06-10 19:24:33 - [TEST_STEP][PASSED] - click: Object: 'Object Repository/HealthpostToCms/Page_HealthPost Store/a_Sign out' is clicked on

2018-06-10 19:24:34 - [MESSAGE][PASSED] - Object: 'Object Repository/HealthpostToCms/Page_HealthPost Store/a_Sign out' is clicked on

2018-06-10 19:24:34 - [TEST_STEP][PASSED] - delay: Delayed 3 second(s)

2018-06-10 19:24:37 - [MESSAGE][PASSED] - Delayed 3 second(s)

2018-06-10 19:24:37 - [TEST_STEP][PASSED] - navigateToUrl: Navigate to 'http://192.168.137.1/multihospital_new/' successfully

2018-06-10 19:24:37 - [MESSAGE][PASSED] - Navigate to 'http://192.168.137.1/multihospital_new/' successfully

2018-06-10 19:24:37 - [TEST_STEP][PASSED] - click: Object: 'Object Repository/HealthpostToCms/Page_KDMC/a_CMO' is clicked on

2018-06-10 19:24:38 - [MESSAGE][PASSED] - Object: 'Object Repository/HealthpostToCms/Page_KDMC/a_CMO' is clicked on

2018-06-10 19:24:38 - [TEST_STEP][PASSED] - setText: Text 'guru' is set on object 'Object Repository/HealthpostToCms/Page_CMO login/input_txtusername'

2018-06-10 19:24:38 - [MESSAGE][PASSED] - Text 'guru' is set on object 'Object Repository/HealthpostToCms/Page_CMO login/input_txtusername'

2018-06-10 19:24:38 - [TEST_STEP][PASSED] - setText: Text '123' is set on object 'Object Repository/HealthpostToCms/Page_CMO login/input_txtpassword'

2018-06-10 19:24:38 - [MESSAGE][PASSED] - Text '123' is set on object 'Object Repository/HealthpostToCms/Page_CMO login/input_txtpassword'

2018-06-10 19:24:38 - [TEST_STEP][PASSED] - delay: Delayed 3 second(s)

2018-06-10 19:24:41 - [MESSAGE][PASSED] - Delayed 3 second(s)

2018-06-10 19:24:41 - [TEST_STEP][PASSED] - click: Object: 'Object Repository/HealthpostToCms/Page_CMO login/button_Sign in' is clicked on

2018-06-10 19:24:42 - [MESSAGE][PASSED] - Object: 'Object Repository/HealthpostToCms/Page_CMO login/button_Sign in' is clicked on

2018-06-10 19:24:42 - [TEST_STEP][PASSED] - delay: Delayed 3 second(s)

2018-06-10 19:24:45 - [MESSAGE][PASSED] - Delayed 3 second(s)

2018-06-10 19:24:45 - [TEST_STEP][PASSED] - click: Object: 'Object Repository/HealthpostToCms/Page_KDMC - CMO/a_CMS Request' is clicked on

2018-06-10 19:24:45 - [MESSAGE][PASSED] - Object: 'Object Repository/HealthpostToCms/Page_KDMC - CMO/a_CMS Request' is clicked on

2018-06-10 19:24:45 - [TEST_STEP][PASSED] - delay: Delayed 2 second(s)

2018-06-10 19:24:47 - [MESSAGE][PASSED] - Delayed 2 second(s)

2018-06-10 19:24:47 - [TEST_STEP][PASSED] - click: Object: 'Object Repository/HealthpostToCms/Page_KDMC - CMO/a_Healthpost Store Request' is clicked on

2018-06-10 19:24:48 - [MESSAGE][PASSED] - Object: 'Object Repository/HealthpostToCms/Page_KDMC - CMO/a_Healthpost Store Request' is clicked on

2018-06-10 19:24:48 - [TEST_STEP][PASSED] - selectOptionByIndex: All options with index in [1] are selected on object 'Object Repository/HealthpostToCms/Page_KDMC - CMO/select_--ALL--'

2018-06-10 19:24:48 - [MESSAGE][PASSED] - All options with index in [1] are selected on object 'Object Repository/HealthpostToCms/Page_KDMC - CMO/select_--ALL--'

2018-06-10 19:24:48 - [TEST_STEP][PASSED] - click: Object: 'Object Repository/HealthpostToCms/Page_KDMC - CMO/input_btnsearch' is clicked on

2018-06-10 19:24:48 - [MESSAGE][PASSED] - Object: 'Object Repository/HealthpostToCms/Page_KDMC - CMO/input_btnsearch' is clicked on

2018-06-10 19:24:48 - [TEST_STEP][PASSED] - Statement - ID = com.kms.katalon.core.webui.keyword.WebUiBuiltInKeywords.modifyObjectProperty(com.kms.katalon.core.testobject.ObjectRepository.findTestObject(lab/Page_KDMC - CMO/input_1), "xpath", "equals", "//*[@id=" + RID + "]", true): Modify property of object successfully

2018-06-10 19:24:48 - [MESSAGE][PASSED] - Modify property of object successfully

2018-06-10 19:24:48 - [TEST_STEP][PASSED] - click: Object: 'Object Repository/lab/Page_KDMC - CMO/input_1' is clicked on

2018-06-10 19:24:49 - [MESSAGE][PASSED] - Object: 'Object Repository/lab/Page_KDMC - CMO/input_1' is clicked on

2018-06-10 19:24:49 - [TEST_STEP][PASSED] - delay: Delayed 2 second(s)

2018-06-10 19:24:51 - [MESSAGE][PASSED] - Delayed 2 second(s)

2018-06-10 19:24:51 - [TEST_STEP][PASSED] - selectOptionByIndex: All options with index in [1] are selected on object 'Object Repository/HealthpostToCms/Page_KDMC - CMO/select_--Select--'

2018-06-10 19:24:51 - [MESSAGE][PASSED] - All options with index in [1] are selected on object 'Object Repository/HealthpostToCms/Page_KDMC - CMO/select_--Select--'

2018-06-10 19:24:51 - [TEST_STEP][PASSED] - click: Object: 'Object Repository/HealthpostToCms/Page_KDMC - CMO/input_btnupdate' is clicked on

2018-06-10 19:24:51 - [MESSAGE][PASSED] - Object: 'Object Repository/HealthpostToCms/Page_KDMC - CMO/input_btnupdate' is clicked on

2018-06-10 19:24:51 - [TEST_STEP][PASSED] - delay: Delayed 2 second(s)

2018-06-10 19:24:53 - [MESSAGE][PASSED] - Delayed 2 second(s)

2018-06-10 19:24:53 - [TEST_STEP][PASSED] - click: Object: 'Object Repository/HealthpostToCms/Page_KDMC - CMO/button_OK' is clicked on

2018-06-10 19:24:54 - [MESSAGE][PASSED] - Object: 'Object Repository/HealthpostToCms/Page_KDMC - CMO/button_OK' is clicked on

2018-06-10 19:24:54 - [TEST_STEP][PASSED] - delay: Delayed 3 second(s)

2018-06-10 19:24:57 - [MESSAGE][PASSED] - Delayed 3 second(s)

2018-06-10 19:24:57 - [TEST_STEP][PASSED] - click: Object: 'Object Repository/HealthpostToCms/Page_KDMC - CMO/a_dropdown-toggle' is clicked on

2018-06-10 19:24:57 - [MESSAGE][PASSED] - Object: 'Object Repository/HealthpostToCms/Page_KDMC - CMO/a_dropdown-toggle' is clicked on

2018-06-10 19:24:57 - [TEST_STEP][PASSED] - click: Object: 'Object Repository/HealthpostToCms/Page_KDMC - CMO/a_Sign out' is clicked on

2018-06-10 19:24:57 - [MESSAGE][PASSED] - Object: 'Object Repository/HealthpostToCms/Page_KDMC - CMO/a_Sign out' is clicked on

2018-06-10 19:24:57 - [TEST_STEP][PASSED] - delay: Delayed 3 second(s)

2018-06-10 19:25:00 - [MESSAGE][PASSED] - Delayed 3 second(s)

2018-06-10 19:25:00 - [TEST_STEP][PASSED] - click: Object: 'Object Repository/HealthpostToCms/Page_KDMC/a_CMS' is clicked on

2018-06-10 19:25:01 - [MESSAGE][PASSED] - Object: 'Object Repository/HealthpostToCms/Page_KDMC/a_CMS' is clicked on

2018-06-10 19:25:01 - [TEST_STEP][PASSED] - setText: Text 'bala' is set on object 'Object Repository/HealthpostToCms/Page_CMS login/input_txtusername'

2018-06-10 19:25:01 - [MESSAGE][PASSED] - Text 'bala' is set on object 'Object Repository/HealthpostToCms/Page_CMS login/input_txtusername'

2018-06-10 19:25:01 - [TEST_STEP][PASSED] - setText: Text '123' is set on object 'Object Repository/HealthpostToCms/Page_CMS login/input_txtpassword'

2018-06-10 19:25:01 - [MESSAGE][PASSED] - Text '123' is set on object 'Object Repository/HealthpostToCms/Page_CMS login/input_txtpassword'

2018-06-10 19:25:01 - [TEST_STEP][PASSED] - delay: Delayed 3 second(s)

2018-06-10 19:25:04 - [MESSAGE][PASSED] - Delayed 3 second(s)

2018-06-10 19:25:04 - [TEST_STEP][PASSED] - click: Object: 'Object Repository/HealthpostToCms/Page_CMS login/button_Sign in' is clicked on

2018-06-10 19:25:04 - [MESSAGE][PASSED] - Object: 'Object Repository/HealthpostToCms/Page_CMS login/button_Sign in' is clicked on

2018-06-10 19:25:04 - [TEST_STEP][PASSED] - delay: Delayed 3 second(s)

2018-06-10 19:25:07 - [MESSAGE][PASSED] - Delayed 3 second(s)

2018-06-10 19:25:07 - [TEST_STEP][PASSED] - click: Object: 'Object Repository/HealthpostToCms/Page_KDMC - CMS/a_Divisional Store' is clicked on

2018-06-10 19:25:08 - [MESSAGE][PASSED] - Object: 'Object Repository/HealthpostToCms/Page_KDMC - CMS/a_Divisional Store' is clicked on

2018-06-10 19:25:08 - [TEST_STEP][PASSED] - delay: Delayed 2 second(s)

2018-06-10 19:25:10 - [MESSAGE][PASSED] - Delayed 2 second(s)

2018-06-10 19:25:10 - [TEST_STEP][PASSED] - click: Object: 'Object Repository/HealthpostToCms/Page_KDMC - CMS/a_Dispatch Items' is clicked on

2018-06-10 19:25:10 - [MESSAGE][PASSED] - Object: 'Object Repository/HealthpostToCms/Page_KDMC - CMS/a_Dispatch Items' is clicked on

2018-06-10 19:25:10 - [TEST_STEP][PASSED] - delay: Delayed 2 second(s)

2018-06-10 19:25:12 - [MESSAGE][PASSED] - Delayed 2 second(s)

2018-06-10 19:25:12 - [TEST_STEP][PASSED] - setText: Text 'PRNO/10062018/813' is set on object 'Object Repository/HealthpostToCms/Page_KDMC - CMS/input'

2018-06-10 19:25:13 - [MESSAGE][PASSED] - Text 'PRNO/10062018/813' is set on object 'Object Repository/HealthpostToCms/Page_KDMC - CMS/input'

2018-06-10 19:25:13 - [TEST_STEP][PASSED] - click: Object: 'Object Repository/HealthpostToCms/Page_KDMC - CMS/input_PRNO18052018174' is clicked on

2018-06-10 19:25:13 - [MESSAGE][PASSED] - Object: 'Object Repository/HealthpostToCms/Page_KDMC - CMS/input_PRNO18052018174' is clicked on

2018-06-10 19:25:13 - [TEST_STEP][PASSED] - delay: Delayed 3 second(s)

2018-06-10 19:25:16 - [MESSAGE][PASSED] - Delayed 3 second(s)

2018-06-10 19:25:16 - [TEST_STEP][PASSED] - Statement - out.println("Length : " + medicineslength): null

2018-06-10 19:25:16 - [TEST_STEP][PASSED] - Statement - For ([row = 0, row < medicineslength - 1, (row++)]): null

2018-06-10 19:25:16 - [TEST_STEP][PASSED] - Statement - batchlength = new com.kms.katalon.core.testobject.TestObject(): null

2018-06-10 19:25:16 - [TEST_STEP][PASSED] - Statement - batchlength = com.kms.katalon.core.webui.keyword.WebUiBuiltInKeywords.modifyObjectProperty(batchlength, "xpath", "equals", "//*[@id = "fldvendor" + row + ""]", true): Modify property of object successfully

2018-06-10 19:25:16 - [MESSAGE][PASSED] - Modify property of object successfully

2018-06-10 19:25:16 - [TEST_STEP][PASSED] - Statement - batchsize = com.kms.katalon.core.webui.keyword.WebUiBuiltInKeywords.getNumberOfTotalOption(batchlength): 15 options of object '' counted

2018-06-10 19:25:16 - [MESSAGE][PASSED] - 15 options of object '' counted

2018-06-10 19:25:16 - [TEST_STEP][PASSED] - Statement - out.println("BatchSize : " + batchsize): null

2018-06-10 19:25:16 - [TEST_STEP][PASSED] - Statement - For ([n = 1, n <= batchsize - 1, (n++)]): null

2018-06-10 19:25:16 - [TEST_STEP][PASSED] - Statement - product = new com.kms.katalon.core.testobject.TestObject(): null

2018-06-10 19:25:16 - [TEST_STEP][PASSED] - Statement - product = com.kms.katalon.core.webui.keyword.WebUiBuiltInKeywords.modifyObjectProperty(product, "xpath", "equals", "//*[@id = "fldvendor" + row + ""]", true): Modify property of object successfully

2018-06-10 19:25:16 - [MESSAGE][PASSED] - Modify property of object successfully

2018-06-10 19:25:16 - [TEST_STEP][PASSED] - selectOptionByIndex: All options with index in [1] are selected on object ''

2018-06-10 19:25:16 - [MESSAGE][PASSED] - All options with index in [1] are selected on object ''

2018-06-10 19:25:16 - [TEST_STEP][PASSED] - delay: Delayed 2 second(s)

2018-06-10 19:25:18 - [MESSAGE][PASSED] - Delayed 2 second(s)

2018-06-10 19:25:18 - [TEST_STEP][PASSED] - Statement - batch = new com.kms.katalon.core.testobject.TestObject(): null

2018-06-10 19:25:18 - [TEST_STEP][PASSED] - Statement - batch = com.kms.katalon.core.webui.keyword.WebUiBuiltInKeywords.modifyObjectProperty(batch, "xpath", "equals", "//*[@id = "txtbthqty" + row + ""]", true): Modify property of object successfully

2018-06-10 19:25:18 - [MESSAGE][PASSED] - Modify property of object successfully

2018-06-10 19:25:18 - [TEST_STEP][PASSED] - Statement - batchqty = com.kms.katalon.core.webui.keyword.WebUiBuiltInKeywords.getAttribute(batch, "value").trim(): Attribute 'value' of object '' is: '1300'

2018-06-10 19:25:18 - [MESSAGE][PASSED] - Attribute 'value' of object '' is: '1300'

2018-06-10 19:25:18 - [TEST_STEP][PASSED] - Statement - Rqty = 100: null

2018-06-10 19:25:18 - [TEST_STEP][PASSED] - Statement - out.println("BatchQty : " + batchqty): null

2018-06-10 19:25:18 - [TEST_STEP][PASSED] - Statement - out.println("RQty : " + Rqty): null

2018-06-10 19:25:18 - [TEST_STEP][PASSED] - Statement - If (java.lang.Integer.valueOf(batchqty) >= java.lang.Integer.valueOf(Rqty)): null

2018-06-10 19:25:18 - [TEST_STEP][PASSED] - Statement - Break: null

2018-06-10 19:25:18 - [TEST_STEP][PASSED] - Statement - batchlength = new com.kms.katalon.core.testobject.TestObject(): null

2018-06-10 19:25:18 - [TEST_STEP][PASSED] - Statement - batchlength = com.kms.katalon.core.webui.keyword.WebUiBuiltInKeywords.modifyObjectProperty(batchlength, "xpath", "equals", "//*[@id = "fldvendor" + row + ""]", true): Modify property of object successfully

2018-06-10 19:25:18 - [MESSAGE][PASSED] - Modify property of object successfully

2018-06-10 19:25:18 - [TEST_STEP][PASSED] - Statement - batchsize = com.kms.katalon.core.webui.keyword.WebUiBuiltInKeywords.getNumberOfTotalOption(batchlength): 15 options of object '' counted

2018-06-10 19:25:18 - [MESSAGE][PASSED] - 15 options of object '' counted

2018-06-10 19:25:18 - [TEST_STEP][PASSED] - Statement - out.println("BatchSize : " + batchsize): null

2018-06-10 19:25:18 - [TEST_STEP][PASSED] - Statement - For ([n = 1, n <= batchsize - 1, (n++)]): null

2018-06-10 19:25:18 - [TEST_STEP][PASSED] - Statement - product = new com.kms.katalon.core.testobject.TestObject(): null

2018-06-10 19:25:18 - [TEST_STEP][PASSED] - Statement - product = com.kms.katalon.core.webui.keyword.WebUiBuiltInKeywords.modifyObjectProperty(product, "xpath", "equals", "//*[@id = "fldvendor" + row + ""]", true): Modify property of object successfully

2018-06-10 19:25:18 - [MESSAGE][PASSED] - Modify property of object successfully

2018-06-10 19:25:18 - [TEST_STEP][PASSED] - selectOptionByIndex: All options with index in [1] are selected on object ''

2018-06-10 19:25:18 - [MESSAGE][PASSED] - All options with index in [1] are selected on object ''

2018-06-10 19:25:18 - [TEST_STEP][PASSED] - delay: Delayed 2 second(s)

2018-06-10 19:25:20 - [MESSAGE][PASSED] - Delayed 2 second(s)

2018-06-10 19:25:20 - [TEST_STEP][PASSED] - Statement - batch = new com.kms.katalon.core.testobject.TestObject(): null

2018-06-10 19:25:20 - [TEST_STEP][PASSED] - Statement - batch = com.kms.katalon.core.webui.keyword.WebUiBuiltInKeywords.modifyObjectProperty(batch, "xpath", "equals", "//*[@id = "txtbthqty" + row + ""]", true): Modify property of object successfully

2018-06-10 19:25:20 - [MESSAGE][PASSED] - Modify property of object successfully

2018-06-10 19:25:20 - [TEST_STEP][PASSED] - Statement - batchqty = com.kms.katalon.core.webui.keyword.WebUiBuiltInKeywords.getAttribute(batch, "value").trim(): Attribute 'value' of object '' is: '1200'

2018-06-10 19:25:20 - [MESSAGE][PASSED] - Attribute 'value' of object '' is: '1200'

2018-06-10 19:25:20 - [TEST_STEP][PASSED] - Statement - Rqty = 100: null

2018-06-10 19:25:20 - [TEST_STEP][PASSED] - Statement - out.println("BatchQty : " + batchqty): null

2018-06-10 19:25:20 - [TEST_STEP][PASSED] - Statement - out.println("RQty : " + Rqty): null

2018-06-10 19:25:20 - [TEST_STEP][PASSED] - Statement - If (java.lang.Integer.valueOf(batchqty) >= java.lang.Integer.valueOf(Rqty)): null

2018-06-10 19:25:20 - [TEST_STEP][PASSED] - Statement - Break: null

2018-06-10 19:25:20 - [TEST_STEP][PASSED] - Statement - batchlength = new com.kms.katalon.core.testobject.TestObject(): null

2018-06-10 19:25:20 - [TEST_STEP][PASSED] - Statement - batchlength = com.kms.katalon.core.webui.keyword.WebUiBuiltInKeywords.modifyObjectProperty(batchlength, "xpath", "equals", "//*[@id = "fldvendor" + row + ""]", true): Modify property of object successfully

2018-06-10 19:25:20 - [MESSAGE][PASSED] - Modify property of object successfully

2018-06-10 19:25:20 - [TEST_STEP][PASSED] - Statement - batchsize = com.kms.katalon.core.webui.keyword.WebUiBuiltInKeywords.getNumberOfTotalOption(batchlength): 15 options of object '' counted

2018-06-10 19:25:20 - [MESSAGE][PASSED] - 15 options of object '' counted

2018-06-10 19:25:20 - [TEST_STEP][PASSED] - Statement - out.println("BatchSize : " + batchsize): null

2018-06-10 19:25:20 - [TEST_STEP][PASSED] - Statement - For ([n = 1, n <= batchsize - 1, (n++)]): null

2018-06-10 19:25:20 - [TEST_STEP][PASSED] - Statement - product = new com.kms.katalon.core.testobject.TestObject(): null

2018-06-10 19:25:20 - [TEST_STEP][PASSED] - Statement - product = com.kms.katalon.core.webui.keyword.WebUiBuiltInKeywords.modifyObjectProperty(product, "xpath", "equals", "//*[@id = "fldvendor" + row + ""]", true): Modify property of object successfully

2018-06-10 19:25:20 - [MESSAGE][PASSED] - Modify property of object successfully

2018-06-10 19:25:20 - [TEST_STEP][PASSED] - selectOptionByIndex: All options with index in [1] are selected on object ''

2018-06-10 19:25:20 - [MESSAGE][PASSED] - All options with index in [1] are selected on object ''

2018-06-10 19:25:20 - [TEST_STEP][PASSED] - delay: Delayed 2 second(s)

2018-06-10 19:25:22 - [MESSAGE][PASSED] - Delayed 2 second(s)

2018-06-10 19:25:22 - [TEST_STEP][PASSED] - Statement - batch = new com.kms.katalon.core.testobject.TestObject(): null

2018-06-10 19:25:22 - [TEST_STEP][PASSED] - Statement - batch = com.kms.katalon.core.webui.keyword.WebUiBuiltInKeywords.modifyObjectProperty(batch, "xpath", "equals", "//*[@id = "txtbthqty" + row + ""]", true): Modify property of object successfully

2018-06-10 19:25:22 - [MESSAGE][PASSED] - Modify property of object successfully

2018-06-10 19:25:22 - [TEST_STEP][PASSED] - Statement - batchqty = com.kms.katalon.core.webui.keyword.WebUiBuiltInKeywords.getAttribute(batch, "value").trim(): Attribute 'value' of object '' is: '29000'

2018-06-10 19:25:22 - [MESSAGE][PASSED] - Attribute 'value' of object '' is: '29000'

2018-06-10 19:25:22 - [TEST_STEP][PASSED] - Statement - Rqty = 100: null

2018-06-10 19:25:22 - [TEST_STEP][PASSED] - Statement - out.println("BatchQty : " + batchqty): null

2018-06-10 19:25:22 - [TEST_STEP][PASSED] - Statement - out.println("RQty : " + Rqty): null

2018-06-10 19:25:22 - [TEST_STEP][PASSED] - Statement - If (java.lang.Integer.valueOf(batchqty) >= java.lang.Integer.valueOf(Rqty)): null

2018-06-10 19:25:22 - [TEST_STEP][PASSED] - Statement - Break: null

2018-06-10 19:25:22 - [TEST_STEP][PASSED] - Statement - batchlength = new com.kms.katalon.core.testobject.TestObject(): null

2018-06-10 19:25:22 - [TEST_STEP][PASSED] - Statement - batchlength = com.kms.katalon.core.webui.keyword.WebUiBuiltInKeywords.modifyObjectProperty(batchlength, "xpath", "equals", "//*[@id = "fldvendor" + row + ""]", true): Modify property of object successfully

2018-06-10 19:25:22 - [MESSAGE][PASSED] - Modify property of object successfully

2018-06-10 19:25:22 - [TEST_STEP][PASSED] - Statement - batchsize = com.kms.katalon.core.webui.keyword.WebUiBuiltInKeywords.getNumberOfTotalOption(batchlength): 15 options of object '' counted

2018-06-10 19:25:22 - [MESSAGE][PASSED] - 15 options of object '' counted

2018-06-10 19:25:22 - [TEST_STEP][PASSED] - Statement - out.println("BatchSize : " + batchsize): null

2018-06-10 19:25:22 - [TEST_STEP][PASSED] - Statement - For ([n = 1, n <= batchsize - 1, (n++)]): null

2018-06-10 19:25:22 - [TEST_STEP][PASSED] - Statement - product = new com.kms.katalon.core.testobject.TestObject(): null

2018-06-10 19:25:22 - [TEST_STEP][PASSED] - Statement - product = com.kms.katalon.core.webui.keyword.WebUiBuiltInKeywords.modifyObjectProperty(product, "xpath", "equals", "//*[@id = "fldvendor" + row + ""]", true): Modify property of object successfully

2018-06-10 19:25:22 - [MESSAGE][PASSED] - Modify property of object successfully

2018-06-10 19:25:22 - [TEST_STEP][PASSED] - selectOptionByIndex: All options with index in [1] are selected on object ''

2018-06-10 19:25:23 - [MESSAGE][PASSED] - All options with index in [1] are selected on object ''

2018-06-10 19:25:23 - [TEST_STEP][PASSED] - delay: Delayed 2 second(s)

2018-06-10 19:25:25 - [MESSAGE][PASSED] - Delayed 2 second(s)

2018-06-10 19:25:25 - [TEST_STEP][PASSED] - Statement - batch = new com.kms.katalon.core.testobject.TestObject(): null

2018-06-10 19:25:25 - [TEST_STEP][PASSED] - Statement - batch = com.kms.katalon.core.webui.keyword.WebUiBuiltInKeywords.modifyObjectProperty(batch, "xpath", "equals", "//*[@id = "txtbthqty" + row + ""]", true): Modify property of object successfully

2018-06-10 19:25:25 - [MESSAGE][PASSED] - Modify property of object successfully

2018-06-10 19:25:25 - [TEST_STEP][PASSED] - Statement - batchqty = com.kms.katalon.core.webui.keyword.WebUiBuiltInKeywords.getAttribute(batch, "value").trim(): Attribute 'value' of object '' is: '3900'

2018-06-10 19:25:25 - [MESSAGE][PASSED] - Attribute 'value' of object '' is: '3900'

2018-06-10 19:25:25 - [TEST_STEP][PASSED] - Statement - Rqty = 100: null

2018-06-10 19:25:25 - [TEST_STEP][PASSED] - Statement - out.println("BatchQty : " + batchqty): null

2018-06-10 19:25:25 - [TEST_STEP][PASSED] - Statement - out.println("RQty : " + Rqty): null

2018-06-10 19:25:25 - [TEST_STEP][PASSED] - Statement - If (java.lang.Integer.valueOf(batchqty) >= java.lang.Integer.valueOf(Rqty)): null

2018-06-10 19:25:25 - [TEST_STEP][PASSED] - Statement - Break: null

2018-06-10 19:25:25 - [TEST_STEP][PASSED] - Statement - batchlength = new com.kms.katalon.core.testobject.TestObject(): null

2018-06-10 19:25:25 - [TEST_STEP][PASSED] - Statement - batchlength = com.kms.katalon.core.webui.keyword.WebUiBuiltInKeywords.modifyObjectProperty(batchlength, "xpath", "equals", "//*[@id = "fldvendor" + row + ""]", true): Modify property of object successfully

2018-06-10 19:25:25 - [MESSAGE][PASSED] - Modify property of object successfully

2018-06-10 19:25:25 - [TEST_STEP][PASSED] - Statement - batchsize = com.kms.katalon.core.webui.keyword.WebUiBuiltInKeywords.getNumberOfTotalOption(batchlength): 15 options of object '' counted

2018-06-10 19:25:25 - [MESSAGE][PASSED] - 15 options of object '' counted

2018-06-10 19:25:25 - [TEST_STEP][PASSED] - Statement - out.println("BatchSize : " + batchsize): null

2018-06-10 19:25:25 - [TEST_STEP][PASSED] - Statement - For ([n = 1, n <= batchsize - 1, (n++)]): null

2018-06-10 19:25:25 - [TEST_STEP][PASSED] - Statement - product = new com.kms.katalon.core.testobject.TestObject(): null

2018-06-10 19:25:25 - [TEST_STEP][PASSED] - Statement - product = com.kms.katalon.core.webui.keyword.WebUiBuiltInKeywords.modifyObjectProperty(product, "xpath", "equals", "//*[@id = "fldvendor" + row + ""]", true): Modify property of object successfully

2018-06-10 19:25:25 - [MESSAGE][PASSED] - Modify property of object successfully

2018-06-10 19:25:25 - [TEST_STEP][PASSED] - selectOptionByIndex: All options with index in [1] are selected on object ''

2018-06-10 19:25:25 - [MESSAGE][PASSED] - All options with index in [1] are selected on object ''

2018-06-10 19:25:25 - [TEST_STEP][PASSED] - delay: Delayed 2 second(s)

2018-06-10 19:25:27 - [MESSAGE][PASSED] - Delayed 2 second(s)

2018-06-10 19:25:27 - [TEST_STEP][PASSED] - Statement - batch = new com.kms.katalon.core.testobject.TestObject(): null

2018-06-10 19:25:27 - [TEST_STEP][PASSED] - Statement - batch = com.kms.katalon.core.webui.keyword.WebUiBuiltInKeywords.modifyObjectProperty(batch, "xpath", "equals", "//*[@id = "txtbthqty" + row + ""]", true): Modify property of object successfully

2018-06-10 19:25:27 - [MESSAGE][PASSED] - Modify property of object successfully

2018-06-10 19:25:27 - [TEST_STEP][PASSED] - Statement - batchqty = com.kms.katalon.core.webui.keyword.WebUiBuiltInKeywords.getAttribute(batch, "value").trim(): Attribute 'value' of object '' is: '1200'

2018-06-10 19:25:27 - [MESSAGE][PASSED] - Attribute 'value' of object '' is: '1200'

2018-06-10 19:25:27 - [TEST_STEP][PASSED] - Statement - Rqty = 100: null

2018-06-10 19:25:27 - [TEST_STEP][PASSED] - Statement - out.println("BatchQty : " + batchqty): null

2018-06-10 19:25:27 - [TEST_STEP][PASSED] - Statement - out.println("RQty : " + Rqty): null

2018-06-10 19:25:27 - [TEST_STEP][PASSED] - Statement - If (java.lang.Integer.valueOf(batchqty) >= java.lang.Integer.valueOf(Rqty)): null

2018-06-10 19:25:27 - [TEST_STEP][PASSED] - Statement - Break: null

2018-06-10 19:25:27 - [TEST_STEP][PASSED] - Statement - batchlength = new com.kms.katalon.core.testobject.TestObject(): null

2018-06-10 19:25:27 - [TEST_STEP][PASSED] - Statement - batchlength = com.kms.katalon.core.webui.keyword.WebUiBuiltInKeywords.modifyObjectProperty(batchlength, "xpath", "equals", "//*[@id = "fldvendor" + row + ""]", true): Modify property of object successfully

2018-06-10 19:25:27 - [MESSAGE][PASSED] - Modify property of object successfully

2018-06-10 19:25:27 - [TEST_STEP][PASSED] - Statement - batchsize = com.kms.katalon.core.webui.keyword.WebUiBuiltInKeywords.getNumberOfTotalOption(batchlength): 14 options of object '' counted

2018-06-10 19:25:27 - [MESSAGE][PASSED] - 14 options of object '' counted

2018-06-10 19:25:27 - [TEST_STEP][PASSED] - Statement - out.println("BatchSize : " + batchsize): null

2018-06-10 19:25:27 - [TEST_STEP][PASSED] - Statement - For ([n = 1, n <= batchsize - 1, (n++)]): null

2018-06-10 19:25:27 - [TEST_STEP][PASSED] - Statement - product = new com.kms.katalon.core.testobject.TestObject(): null

2018-06-10 19:25:27 - [TEST_STEP][PASSED] - Statement - product = com.kms.katalon.core.webui.keyword.WebUiBuiltInKeywords.modifyObjectProperty(product, "xpath", "equals", "//*[@id = "fldvendor" + row + ""]", true): Modify property of object successfully

2018-06-10 19:25:27 - [MESSAGE][PASSED] - Modify property of object successfully

2018-06-10 19:25:27 - [TEST_STEP][PASSED] - selectOptionByIndex: All options with index in [1] are selected on object ''

2018-06-10 19:25:27 - [MESSAGE][PASSED] - All options with index in [1] are selected on object ''

2018-06-10 19:25:27 - [TEST_STEP][PASSED] - delay: Delayed 2 second(s)

2018-06-10 19:25:29 - [MESSAGE][PASSED] - Delayed 2 second(s)

2018-06-10 19:25:29 - [TEST_STEP][PASSED] - Statement - batch = new com.kms.katalon.core.testobject.TestObject(): null

2018-06-10 19:25:29 - [TEST_STEP][PASSED] - Statement - batch = com.kms.katalon.core.webui.keyword.WebUiBuiltInKeywords.modifyObjectProperty(batch, "xpath", "equals", "//*[@id = "txtbthqty" + row + ""]", true): Modify property of object successfully

2018-06-10 19:25:29 - [MESSAGE][PASSED] - Modify property of object successfully

2018-06-10 19:25:29 - [TEST_STEP][PASSED] - Statement - batchqty = com.kms.katalon.core.webui.keyword.WebUiBuiltInKeywords.getAttribute(batch, "value").trim(): Attribute 'value' of object '' is: '35200'

2018-06-10 19:25:29 - [MESSAGE][PASSED] - Attribute 'value' of object '' is: '35200'

2018-06-10 19:25:29 - [TEST_STEP][PASSED] - Statement - Rqty = 100: null

2018-06-10 19:25:29 - [TEST_STEP][PASSED] - Statement - out.println("BatchQty : " + batchqty): null

2018-06-10 19:25:29 - [TEST_STEP][PASSED] - Statement - out.println("RQty : " + Rqty): null

2018-06-10 19:25:29 - [TEST_STEP][PASSED] - Statement - If (java.lang.Integer.valueOf(batchqty) >= java.lang.Integer.valueOf(Rqty)): null

2018-06-10 19:25:29 - [TEST_STEP][PASSED] - Statement - Break: null

2018-06-10 19:25:29 - [TEST_STEP][PASSED] - Statement - batchlength = new com.kms.katalon.core.testobject.TestObject(): null

2018-06-10 19:25:29 - [TEST_STEP][PASSED] - Statement - batchlength = com.kms.katalon.core.webui.keyword.WebUiBuiltInKeywords.modifyObjectProperty(batchlength, "xpath", "equals", "//*[@id = "fldvendor" + row + ""]", true): Modify property of object successfully

2018-06-10 19:25:29 - [MESSAGE][PASSED] - Modify property of object successfully

2018-06-10 19:25:29 - [TEST_STEP][PASSED] - Statement - batchsize = com.kms.katalon.core.webui.keyword.WebUiBuiltInKeywords.getNumberOfTotalOption(batchlength): 15 options of object '' counted

2018-06-10 19:25:29 - [MESSAGE][PASSED] - 15 options of object '' counted

2018-06-10 19:25:29 - [TEST_STEP][PASSED] - Statement - out.println("BatchSize : " + batchsize): null

2018-06-10 19:25:29 - [TEST_STEP][PASSED] - Statement - For ([n = 1, n <= batchsize - 1, (n++)]): null

2018-06-10 19:25:29 - [TEST_STEP][PASSED] - Statement - product = new com.kms.katalon.core.testobject.TestObject(): null

2018-06-10 19:25:29 - [TEST_STEP][PASSED] - Statement - product = com.kms.katalon.core.webui.keyword.WebUiBuiltInKeywords.modifyObjectProperty(product, "xpath", "equals", "//*[@id = "fldvendor" + row + ""]", true): Modify property of object successfully

2018-06-10 19:25:29 - [MESSAGE][PASSED] - Modify property of object successfully

2018-06-10 19:25:29 - [TEST_STEP][PASSED] - selectOptionByIndex: All options with index in [1] are selected on object ''

2018-06-10 19:25:29 - [MESSAGE][PASSED] - All options with index in [1] are selected on object ''

2018-06-10 19:25:29 - [TEST_STEP][PASSED] - delay: Delayed 2 second(s)

2018-06-10 19:25:31 - [MESSAGE][PASSED] - Delayed 2 second(s)

2018-06-10 19:25:31 - [TEST_STEP][PASSED] - Statement - batch = new com.kms.katalon.core.testobject.TestObject(): null

2018-06-10 19:25:31 - [TEST_STEP][PASSED] - Statement - batch = com.kms.katalon.core.webui.keyword.WebUiBuiltInKeywords.modifyObjectProperty(batch, "xpath", "equals", "//*[@id = "txtbthqty" + row + ""]", true): Modify property of object successfully

2018-06-10 19:25:31 - [MESSAGE][PASSED] - Modify property of object successfully

2018-06-10 19:25:31 - [TEST_STEP][PASSED] - Statement - batchqty = com.kms.katalon.core.webui.keyword.WebUiBuiltInKeywords.getAttribute(batch, "value").trim(): Attribute 'value' of object '' is: '1200'

2018-06-10 19:25:31 - [MESSAGE][PASSED] - Attribute 'value' of object '' is: '1200'

2018-06-10 19:25:31 - [TEST_STEP][PASSED] - Statement - Rqty = 100: null

2018-06-10 19:25:31 - [TEST_STEP][PASSED] - Statement - out.println("BatchQty : " + batchqty): null

2018-06-10 19:25:31 - [TEST_STEP][PASSED] - Statement - out.println("RQty : " + Rqty): null

2018-06-10 19:25:31 - [TEST_STEP][PASSED] - Statement - If (java.lang.Integer.valueOf(batchqty) >= java.lang.Integer.valueOf(Rqty)): null

2018-06-10 19:25:31 - [TEST_STEP][PASSED] - Statement - Break: null

2018-06-10 19:25:31 - [TEST_STEP][PASSED] - Statement - batchlength = new com.kms.katalon.core.testobject.TestObject(): null

2018-06-10 19:25:31 - [TEST_STEP][PASSED] - Statement - batchlength = com.kms.katalon.core.webui.keyword.WebUiBuiltInKeywords.modifyObjectProperty(batchlength, "xpath", "equals", "//*[@id = "fldvendor" + row + ""]", true): Modify property of object successfully

2018-06-10 19:25:31 - [MESSAGE][PASSED] - Modify property of object successfully

2018-06-10 19:25:31 - [TEST_STEP][PASSED] - Statement - batchsize = com.kms.katalon.core.webui.keyword.WebUiBuiltInKeywords.getNumberOfTotalOption(batchlength): 15 options of object '' counted

2018-06-10 19:25:31 - [MESSAGE][PASSED] - 15 options of object '' counted

2018-06-10 19:25:31 - [TEST_STEP][PASSED] - Statement - out.println("BatchSize : " + batchsize): null

2018-06-10 19:25:31 - [TEST_STEP][PASSED] - Statement - For ([n = 1, n <= batchsize - 1, (n++)]): null

2018-06-10 19:25:31 - [TEST_STEP][PASSED] - Statement - product = new com.kms.katalon.core.testobject.TestObject(): null

2018-06-10 19:25:31 - [TEST_STEP][PASSED] - Statement - product = com.kms.katalon.core.webui.keyword.WebUiBuiltInKeywords.modifyObjectProperty(product, "xpath", "equals", "//*[@id = "fldvendor" + row + ""]", true): Modify property of object successfully

2018-06-10 19:25:31 - [MESSAGE][PASSED] - Modify property of object successfully

2018-06-10 19:25:31 - [TEST_STEP][PASSED] - selectOptionByIndex: All options with index in [1] are selected on object ''

2018-06-10 19:25:32 - [MESSAGE][PASSED] - All options with index in [1] are selected on object ''

2018-06-10 19:25:32 - [TEST_STEP][PASSED] - delay: Delayed 2 second(s)

2018-06-10 19:25:34 - [MESSAGE][PASSED] - Delayed 2 second(s)

2018-06-10 19:25:34 - [TEST_STEP][PASSED] - Statement - batch = new com.kms.katalon.core.testobject.TestObject(): null

2018-06-10 19:25:34 - [TEST_STEP][PASSED] - Statement - batch = com.kms.katalon.core.webui.keyword.WebUiBuiltInKeywords.modifyObjectProperty(batch, "xpath", "equals", "//*[@id = "txtbthqty" + row + ""]", true): Modify property of object successfully

2018-06-10 19:25:34 - [MESSAGE][PASSED] - Modify property of object successfully

2018-06-10 19:25:34 - [TEST_STEP][PASSED] - Statement - batchqty = com.kms.katalon.core.webui.keyword.WebUiBuiltInKeywords.getAttribute(batch, "value").trim(): Attribute 'value' of object '' is: '2500'

2018-06-10 19:25:34 - [MESSAGE][PASSED] - Attribute 'value' of object '' is: '2500'

2018-06-10 19:25:34 - [TEST_STEP][PASSED] - Statement - Rqty = 100: null

2018-06-10 19:25:34 - [TEST_STEP][PASSED] - Statement - out.println("BatchQty : " + batchqty): null

2018-06-10 19:25:34 - [TEST_STEP][PASSED] - Statement - out.println("RQty : " + Rqty): null

2018-06-10 19:25:34 - [TEST_STEP][PASSED] - Statement - If (java.lang.Integer.valueOf(batchqty) >= java.lang.Integer.valueOf(Rqty)): null

2018-06-10 19:25:34 - [TEST_STEP][PASSED] - Statement - Break: null

2018-06-10 19:25:34 - [TEST_STEP][PASSED] - Statement - batchlength = new com.kms.katalon.core.testobject.TestObject(): null

2018-06-10 19:25:34 - [TEST_STEP][PASSED] - Statement - batchlength = com.kms.katalon.core.webui.keyword.WebUiBuiltInKeywords.modifyObjectProperty(batchlength, "xpath", "equals", "//*[@id = "fldvendor" + row + ""]", true): Modify property of object successfully

2018-06-10 19:25:34 - [MESSAGE][PASSED] - Modify property of object successfully

2018-06-10 19:25:34 - [TEST_STEP][PASSED] - Statement - batchsize = com.kms.katalon.core.webui.keyword.WebUiBuiltInKeywords.getNumberOfTotalOption(batchlength): 15 options of object '' counted

2018-06-10 19:25:34 - [MESSAGE][PASSED] - 15 options of object '' counted

2018-06-10 19:25:34 - [TEST_STEP][PASSED] - Statement - out.println("BatchSize : " + batchsize): null

2018-06-10 19:25:34 - [TEST_STEP][PASSED] - Statement - For ([n = 1, n <= batchsize - 1, (n++)]): null

2018-06-10 19:25:34 - [TEST_STEP][PASSED] - Statement - product = new com.kms.katalon.core.testobject.TestObject(): null

2018-06-10 19:25:34 - [TEST_STEP][PASSED] - Statement - product = com.kms.katalon.core.webui.keyword.WebUiBuiltInKeywords.modifyObjectProperty(product, "xpath", "equals", "//*[@id = "fldvendor" + row + ""]", true): Modify property of object successfully

2018-06-10 19:25:34 - [MESSAGE][PASSED] - Modify property of object successfully

2018-06-10 19:25:34 - [TEST_STEP][PASSED] - selectOptionByIndex: All options with index in [1] are selected on object ''

2018-06-10 19:25:34 - [MESSAGE][PASSED] - All options with index in [1] are selected on object ''

2018-06-10 19:25:34 - [TEST_STEP][PASSED] - delay: Delayed 2 second(s)

2018-06-10 19:25:36 - [MESSAGE][PASSED] - Delayed 2 second(s)

2018-06-10 19:25:36 - [TEST_STEP][PASSED] - Statement - batch = new com.kms.katalon.core.testobject.TestObject(): null

2018-06-10 19:25:36 - [TEST_STEP][PASSED] - Statement - batch = com.kms.katalon.core.webui.keyword.WebUiBuiltInKeywords.modifyObjectProperty(batch, "xpath", "equals", "//*[@id = "txtbthqty" + row + ""]", true): Modify property of object successfully

2018-06-10 19:25:36 - [MESSAGE][PASSED] - Modify property of object successfully

2018-06-10 19:25:36 - [TEST_STEP][PASSED] - Statement - batchqty = com.kms.katalon.core.webui.keyword.WebUiBuiltInKeywords.getAttribute(batch, "value").trim(): Attribute 'value' of object '' is: '1200'

2018-06-10 19:25:36 - [MESSAGE][PASSED] - Attribute 'value' of object '' is: '1200'

2018-06-10 19:25:36 - [TEST_STEP][PASSED] - Statement - Rqty = 100: null

2018-06-10 19:25:36 - [TEST_STEP][PASSED] - Statement - out.println("BatchQty : " + batchqty): null

2018-06-10 19:25:36 - [TEST_STEP][PASSED] - Statement - out.println("RQty : " + Rqty): null

2018-06-10 19:25:36 - [TEST_STEP][PASSED] - Statement - If (java.lang.Integer.valueOf(batchqty) >= java.lang.Integer.valueOf(Rqty)): null

2018-06-10 19:25:36 - [TEST_STEP][PASSED] - Statement - Break: null

2018-06-10 19:25:36 - [TEST_STEP][PASSED] - Statement - batchlength = new com.kms.katalon.core.testobject.TestObject(): null

2018-06-10 19:25:36 - [TEST_STEP][PASSED] - Statement - batchlength = com.kms.katalon.core.webui.keyword.WebUiBuiltInKeywords.modifyObjectProperty(batchlength, "xpath", "equals", "//*[@id = "fldvendor" + row + ""]", true): Modify property of object successfully

2018-06-10 19:25:36 - [MESSAGE][PASSED] - Modify property of object successfully

2018-06-10 19:25:36 - [TEST_STEP][PASSED] - Statement - batchsize = com.kms.katalon.core.webui.keyword.WebUiBuiltInKeywords.getNumberOfTotalOption(batchlength): 15 options of object '' counted

2018-06-10 19:25:36 - [MESSAGE][PASSED] - 15 options of object '' counted

2018-06-10 19:25:36 - [TEST_STEP][PASSED] - Statement - out.println("BatchSize : " + batchsize): null

2018-06-10 19:25:36 - [TEST_STEP][PASSED] - Statement - For ([n = 1, n <= batchsize - 1, (n++)]): null

2018-06-10 19:25:36 - [TEST_STEP][PASSED] - Statement - product = new com.kms.katalon.core.testobject.TestObject(): null

2018-06-10 19:25:36 - [TEST_STEP][PASSED] - Statement - product = com.kms.katalon.core.webui.keyword.WebUiBuiltInKeywords.modifyObjectProperty(product, "xpath", "equals", "//*[@id = "fldvendor" + row + ""]", true): Modify property of object successfully

2018-06-10 19:25:36 - [MESSAGE][PASSED] - Modify property of object successfully

2018-06-10 19:25:36 - [TEST_STEP][PASSED] - selectOptionByIndex: All options with index in [1] are selected on object ''

2018-06-10 19:25:36 - [MESSAGE][PASSED] - All options with index in [1] are selected on object ''

2018-06-10 19:25:36 - [TEST_STEP][PASSED] - delay: Delayed 2 second(s)

2018-06-10 19:25:38 - [MESSAGE][PASSED] - Delayed 2 second(s)

2018-06-10 19:25:38 - [TEST_STEP][PASSED] - Statement - batch = new com.kms.katalon.core.testobject.TestObject(): null

2018-06-10 19:25:38 - [TEST_STEP][PASSED] - Statement - batch = com.kms.katalon.core.webui.keyword.WebUiBuiltInKeywords.modifyObjectProperty(batch, "xpath", "equals", "//*[@id = "txtbthqty" + row + ""]", true): Modify property of object successfully

2018-06-10 19:25:38 - [MESSAGE][PASSED] - Modify property of object successfully

2018-06-10 19:25:38 - [TEST_STEP][PASSED] - Statement - batchqty = com.kms.katalon.core.webui.keyword.WebUiBuiltInKeywords.getAttribute(batch, "value").trim(): Attribute 'value' of object '' is: '1200'

2018-06-10 19:25:38 - [MESSAGE][PASSED] - Attribute 'value' of object '' is: '1200'

2018-06-10 19:25:38 - [TEST_STEP][PASSED] - Statement - Rqty = 100: null

2018-06-10 19:25:38 - [TEST_STEP][PASSED] - Statement - out.println("BatchQty : " + batchqty): null

2018-06-10 19:25:38 - [TEST_STEP][PASSED] - Statement - out.println("RQty : " + Rqty): null

2018-06-10 19:25:38 - [TEST_STEP][PASSED] - Statement - If (java.lang.Integer.valueOf(batchqty) >= java.lang.Integer.valueOf(Rqty)): null

2018-06-10 19:25:38 - [TEST_STEP][PASSED] - Statement - Break: null

2018-06-10 19:25:38 - [TEST_STEP][PASSED] - Statement - batchlength = new com.kms.katalon.core.testobject.TestObject(): null

2018-06-10 19:25:38 - [TEST_STEP][PASSED] - Statement - batchlength = com.kms.katalon.core.webui.keyword.WebUiBuiltInKeywords.modifyObjectProperty(batchlength, "xpath", "equals", "//*[@id = "fldvendor" + row + ""]", true): Modify property of object successfully

2018-06-10 19:25:38 - [MESSAGE][PASSED] - Modify property of object successfully

2018-06-10 19:25:38 - [TEST_STEP][PASSED] - Statement - batchsize = com.kms.katalon.core.webui.keyword.WebUiBuiltInKeywords.getNumberOfTotalOption(batchlength): 15 options of object '' counted

2018-06-10 19:25:38 - [MESSAGE][PASSED] - 15 options of object '' counted

2018-06-10 19:25:38 - [TEST_STEP][PASSED] - Statement - out.println("BatchSize : " + batchsize): null

2018-06-10 19:25:38 - [TEST_STEP][PASSED] - Statement - For ([n = 1, n <= batchsize - 1, (n++)]): null

2018-06-10 19:25:38 - [TEST_STEP][PASSED] - Statement - product = new com.kms.katalon.core.testobject.TestObject(): null

2018-06-10 19:25:38 - [TEST_STEP][PASSED] - Statement - product = com.kms.katalon.core.webui.keyword.WebUiBuiltInKeywords.modifyObjectProperty(product, "xpath", "equals", "//*[@id = "fldvendor" + row + ""]", true): Modify property of object successfully

2018-06-10 19:25:38 - [MESSAGE][PASSED] - Modify property of object successfully

2018-06-10 19:25:38 - [TEST_STEP][PASSED] - selectOptionByIndex: All options with index in [1] are selected on object ''

2018-06-10 19:25:38 - [MESSAGE][PASSED] - All options with index in [1] are selected on object ''

2018-06-10 19:25:38 - [TEST_STEP][PASSED] - delay: Delayed 2 second(s)

2018-06-10 19:25:40 - [MESSAGE][PASSED] - Delayed 2 second(s)

2018-06-10 19:25:40 - [TEST_STEP][PASSED] - Statement - batch = new com.kms.katalon.core.testobject.TestObject(): null

2018-06-10 19:25:40 - [TEST_STEP][PASSED] - Statement - batch = com.kms.katalon.core.webui.keyword.WebUiBuiltInKeywords.modifyObjectProperty(batch, "xpath", "equals", "//*[@id = "txtbthqty" + row + ""]", true): Modify property of object successfully

2018-06-10 19:25:40 - [MESSAGE][PASSED] - Modify property of object successfully

2018-06-10 19:25:40 - [TEST_STEP][PASSED] - Statement - batchqty = com.kms.katalon.core.webui.keyword.WebUiBuiltInKeywords.getAttribute(batch, "value").trim(): Attribute 'value' of object '' is: '2200'

2018-06-10 19:25:40 - [MESSAGE][PASSED] - Attribute 'value' of object '' is: '2200'

2018-06-10 19:25:40 - [TEST_STEP][PASSED] - Statement - Rqty = 100: null

2018-06-10 19:25:40 - [TEST_STEP][PASSED] - Statement - out.println("BatchQty : " + batchqty): null

2018-06-10 19:25:40 - [TEST_STEP][PASSED] - Statement - out.println("RQty : " + Rqty): null

2018-06-10 19:25:40 - [TEST_STEP][PASSED] - Statement - If (java.lang.Integer.valueOf(batchqty) >= java.lang.Integer.valueOf(Rqty)): null

2018-06-10 19:25:40 - [TEST_STEP][PASSED] - Statement - Break: null

2018-06-10 19:25:40 - [TEST_STEP][PASSED] - Statement - batchlength = new com.kms.katalon.core.testobject.TestObject(): null

2018-06-10 19:25:40 - [TEST_STEP][PASSED] - Statement - batchlength = com.kms.katalon.core.webui.keyword.WebUiBuiltInKeywords.modifyObjectProperty(batchlength, "xpath", "equals", "//*[@id = "fldvendor" + row + ""]", true): Modify property of object successfully

2018-06-10 19:25:40 - [MESSAGE][PASSED] - Modify property of object successfully

2018-06-10 19:25:40 - [TEST_STEP][PASSED] - Statement - batchsize = com.kms.katalon.core.webui.keyword.WebUiBuiltInKeywords.getNumberOfTotalOption(batchlength): 15 options of object '' counted

2018-06-10 19:25:40 - [MESSAGE][PASSED] - 15 options of object '' counted

2018-06-10 19:25:40 - [TEST_STEP][PASSED] - Statement - out.println("BatchSize : " + batchsize): null

2018-06-10 19:25:40 - [TEST_STEP][PASSED] - Statement - For ([n = 1, n <= batchsize - 1, (n++)]): null

2018-06-10 19:25:40 - [TEST_STEP][PASSED] - Statement - product = new com.kms.katalon.core.testobject.TestObject(): null

2018-06-10 19:25:40 - [TEST_STEP][PASSED] - Statement - product = com.kms.katalon.core.webui.keyword.WebUiBuiltInKeywords.modifyObjectProperty(product, "xpath", "equals", "//*[@id = "fldvendor" + row + ""]", true): Modify property of object successfully

2018-06-10 19:25:40 - [MESSAGE][PASSED] - Modify property of object successfully

2018-06-10 19:25:40 - [TEST_STEP][PASSED] - selectOptionByIndex: All options with index in [1] are selected on object ''

2018-06-10 19:25:41 - [MESSAGE][PASSED] - All options with index in [1] are selected on object ''

2018-06-10 19:25:41 - [TEST_STEP][PASSED] - delay: Delayed 2 second(s)

2018-06-10 19:25:43 - [MESSAGE][PASSED] - Delayed 2 second(s)

2018-06-10 19:25:43 - [TEST_STEP][PASSED] - Statement - batch = new com.kms.katalon.core.testobject.TestObject(): null

2018-06-10 19:25:43 - [TEST_STEP][PASSED] - Statement - batch = com.kms.katalon.core.webui.keyword.WebUiBuiltInKeywords.modifyObjectProperty(batch, "xpath", "equals", "//*[@id = "txtbthqty" + row + ""]", true): Modify property of object successfully

2018-06-10 19:25:43 - [MESSAGE][PASSED] - Modify property of object successfully

2018-06-10 19:25:43 - [TEST_STEP][PASSED] - Statement - batchqty = com.kms.katalon.core.webui.keyword.WebUiBuiltInKeywords.getAttribute(batch, "value").trim(): Attribute 'value' of object '' is: '2200'

2018-06-10 19:25:43 - [MESSAGE][PASSED] - Attribute 'value' of object '' is: '2200'

2018-06-10 19:25:43 - [TEST_STEP][PASSED] - Statement - Rqty = 100: null

2018-06-10 19:25:43 - [TEST_STEP][PASSED] - Statement - out.println("BatchQty : " + batchqty): null

2018-06-10 19:25:43 - [TEST_STEP][PASSED] - Statement - out.println("RQty : " + Rqty): null

2018-06-10 19:25:43 - [TEST_STEP][PASSED] - Statement - If (java.lang.Integer.valueOf(batchqty) >= java.lang.Integer.valueOf(Rqty)): null

2018-06-10 19:25:43 - [TEST_STEP][PASSED] - Statement - Break: null

2018-06-10 19:25:43 - [TEST_STEP][PASSED] - Statement - batchlength = new com.kms.katalon.core.testobject.TestObject(): null

2018-06-10 19:25:43 - [TEST_STEP][PASSED] - Statement - batchlength = com.kms.katalon.core.webui.keyword.WebUiBuiltInKeywords.modifyObjectProperty(batchlength, "xpath", "equals", "//*[@id = "fldvendor" + row + ""]", true): Modify property of object successfully

2018-06-10 19:25:43 - [MESSAGE][PASSED] - Modify property of object successfully

2018-06-10 19:25:43 - [TEST_STEP][PASSED] - Statement - batchsize = com.kms.katalon.core.webui.keyword.WebUiBuiltInKeywords.getNumberOfTotalOption(batchlength): 15 options of object '' counted

2018-06-10 19:25:43 - [MESSAGE][PASSED] - 15 options of object '' counted

2018-06-10 19:25:43 - [TEST_STEP][PASSED] - Statement - out.println("BatchSize : " + batchsize): null

2018-06-10 19:25:43 - [TEST_STEP][PASSED] - Statement - For ([n = 1, n <= batchsize - 1, (n++)]): null

2018-06-10 19:25:43 - [TEST_STEP][PASSED] - Statement - product = new com.kms.katalon.core.testobject.TestObject(): null

2018-06-10 19:25:43 - [TEST_STEP][PASSED] - Statement - product = com.kms.katalon.core.webui.keyword.WebUiBuiltInKeywords.modifyObjectProperty(product, "xpath", "equals", "//*[@id = "fldvendor" + row + ""]", true): Modify property of object successfully

2018-06-10 19:25:43 - [MESSAGE][PASSED] - Modify property of object successfully

2018-06-10 19:25:43 - [TEST_STEP][PASSED] - selectOptionByIndex: All options with index in [1] are selected on object ''

2018-06-10 19:25:43 - [MESSAGE][PASSED] - All options with index in [1] are selected on object ''

2018-06-10 19:25:43 - [TEST_STEP][PASSED] - delay: Delayed 2 second(s)

2018-06-10 19:25:45 - [MESSAGE][PASSED] - Delayed 2 second(s)

2018-06-10 19:25:45 - [TEST_STEP][PASSED] - Statement - batch = new com.kms.katalon.core.testobject.TestObject(): null

2018-06-10 19:25:45 - [TEST_STEP][PASSED] - Statement - batch = com.kms.katalon.core.webui.keyword.WebUiBuiltInKeywords.modifyObjectProperty(batch, "xpath", "equals", "//*[@id = "txtbthqty" + row + ""]", true): Modify property of object successfully

2018-06-10 19:25:45 - [MESSAGE][PASSED] - Modify property of object successfully

2018-06-10 19:25:45 - [TEST_STEP][PASSED] - Statement - batchqty = com.kms.katalon.core.webui.keyword.WebUiBuiltInKeywords.getAttribute(batch, "value").trim(): Attribute 'value' of object '' is: '2200'

2018-06-10 19:25:45 - [MESSAGE][PASSED] - Attribute 'value' of object '' is: '2200'

2018-06-10 19:25:45 - [TEST_STEP][PASSED] - Statement - Rqty = 100: null

2018-06-10 19:25:45 - [TEST_STEP][PASSED] - Statement - out.println("BatchQty : " + batchqty): null

2018-06-10 19:25:45 - [TEST_STEP][PASSED] - Statement - out.println("RQty : " + Rqty): null

2018-06-10 19:25:45 - [TEST_STEP][PASSED] - Statement - If (java.lang.Integer.valueOf(batchqty) >= java.lang.Integer.valueOf(Rqty)): null

2018-06-10 19:25:45 - [TEST_STEP][PASSED] - Statement - Break: null

2018-06-10 19:25:45 - [TEST_STEP][PASSED] - Statement - batchlength = new com.kms.katalon.core.testobject.TestObject(): null

2018-06-10 19:25:45 - [TEST_STEP][PASSED] - Statement - batchlength = com.kms.katalon.core.webui.keyword.WebUiBuiltInKeywords.modifyObjectProperty(batchlength, "xpath", "equals", "//*[@id = "fldvendor" + row + ""]", true): Modify property of object successfully

2018-06-10 19:25:45 - [MESSAGE][PASSED] - Modify property of object successfully

2018-06-10 19:25:45 - [TEST_STEP][PASSED] - Statement - batchsize = com.kms.katalon.core.webui.keyword.WebUiBuiltInKeywords.getNumberOfTotalOption(batchlength): 15 options of object '' counted

2018-06-10 19:25:45 - [MESSAGE][PASSED] - 15 options of object '' counted

2018-06-10 19:25:45 - [TEST_STEP][PASSED] - Statement - out.println("BatchSize : " + batchsize): null

2018-06-10 19:25:45 - [TEST_STEP][PASSED] - Statement - For ([n = 1, n <= batchsize - 1, (n++)]): null

2018-06-10 19:25:45 - [TEST_STEP][PASSED] - Statement - product = new com.kms.katalon.core.testobject.TestObject(): null

2018-06-10 19:25:45 - [TEST_STEP][PASSED] - Statement - product = com.kms.katalon.core.webui.keyword.WebUiBuiltInKeywords.modifyObjectProperty(product, "xpath", "equals", "//*[@id = "fldvendor" + row + ""]", true): Modify property of object successfully

2018-06-10 19:25:45 - [MESSAGE][PASSED] - Modify property of object successfully

2018-06-10 19:25:45 - [TEST_STEP][PASSED] - selectOptionByIndex: All options with index in [1] are selected on object ''

2018-06-10 19:25:45 - [MESSAGE][PASSED] - All options with index in [1] are selected on object ''

2018-06-10 19:25:45 - [TEST_STEP][PASSED] - delay: Delayed 2 second(s)

2018-06-10 19:25:47 - [MESSAGE][PASSED] - Delayed 2 second(s)

2018-06-10 19:25:47 - [TEST_STEP][PASSED] - Statement - batch = new com.kms.katalon.core.testobject.TestObject(): null

2018-06-10 19:25:47 - [TEST_STEP][PASSED] - Statement - batch = com.kms.katalon.core.webui.keyword.WebUiBuiltInKeywords.modifyObjectProperty(batch, "xpath", "equals", "//*[@id = "txtbthqty" + row + ""]", true): Modify property of object successfully

2018-06-10 19:25:47 - [MESSAGE][PASSED] - Modify property of object successfully

2018-06-10 19:25:47 - [TEST_STEP][PASSED] - Statement - batchqty = com.kms.katalon.core.webui.keyword.WebUiBuiltInKeywords.getAttribute(batch, "value").trim(): Attribute 'value' of object '' is: '1200'

2018-06-10 19:25:47 - [MESSAGE][PASSED] - Attribute 'value' of object '' is: '1200'

2018-06-10 19:25:47 - [TEST_STEP][PASSED] - Statement - Rqty = 100: null

2018-06-10 19:25:47 - [TEST_STEP][PASSED] - Statement - out.println("BatchQty : " + batchqty): null

2018-06-10 19:25:47 - [TEST_STEP][PASSED] - Statement - out.println("RQty : " + Rqty): null

2018-06-10 19:25:47 - [TEST_STEP][PASSED] - Statement - If (java.lang.Integer.valueOf(batchqty) >= java.lang.Integer.valueOf(Rqty)): null

2018-06-10 19:25:47 - [TEST_STEP][PASSED] - Statement - Break: null

2018-06-10 19:25:47 - [TEST_STEP][PASSED] - Statement - batchlength = new com.kms.katalon.core.testobject.TestObject(): null

2018-06-10 19:25:47 - [TEST_STEP][PASSED] - Statement - batchlength = com.kms.katalon.core.webui.keyword.WebUiBuiltInKeywords.modifyObjectProperty(batchlength, "xpath", "equals", "//*[@id = "fldvendor" + row + ""]", true): Modify property of object successfully

2018-06-10 19:25:47 - [MESSAGE][PASSED] - Modify property of object successfully

2018-06-10 19:25:47 - [TEST_STEP][PASSED] - Statement - batchsize = com.kms.katalon.core.webui.keyword.WebUiBuiltInKeywords.getNumberOfTotalOption(batchlength): 15 options of object '' counted

2018-06-10 19:25:47 - [MESSAGE][PASSED] - 15 options of object '' counted

2018-06-10 19:25:47 - [TEST_STEP][PASSED] - Statement - out.println("BatchSize : " + batchsize): null

2018-06-10 19:25:47 - [TEST_STEP][PASSED] - Statement - For ([n = 1, n <= batchsize - 1, (n++)]): null

2018-06-10 19:25:47 - [TEST_STEP][PASSED] - Statement - product = new com.kms.katalon.core.testobject.TestObject(): null

2018-06-10 19:25:47 - [TEST_STEP][PASSED] - Statement - product = com.kms.katalon.core.webui.keyword.WebUiBuiltInKeywords.modifyObjectProperty(product, "xpath", "equals", "//*[@id = "fldvendor" + row + ""]", true): Modify property of object successfully

2018-06-10 19:25:47 - [MESSAGE][PASSED] - Modify property of object successfully

2018-06-10 19:25:47 - [TEST_STEP][PASSED] - selectOptionByIndex: All options with index in [1] are selected on object ''

2018-06-10 19:25:47 - [MESSAGE][PASSED] - All options with index in [1] are selected on object ''

2018-06-10 19:25:47 - [TEST_STEP][PASSED] - delay: Delayed 2 second(s)

2018-06-10 19:25:49 - [MESSAGE][PASSED] - Delayed 2 second(s)

2018-06-10 19:25:49 - [TEST_STEP][PASSED] - Statement - batch = new com.kms.katalon.core.testobject.TestObject(): null

2018-06-10 19:25:49 - [TEST_STEP][PASSED] - Statement - batch = com.kms.katalon.core.webui.keyword.WebUiBuiltInKeywords.modifyObjectProperty(batch, "xpath", "equals", "//*[@id = "txtbthqty" + row + ""]", true): Modify property of object successfully

2018-06-10 19:25:49 - [MESSAGE][PASSED] - Modify property of object successfully

2018-06-10 19:25:49 - [TEST_STEP][PASSED] - Statement - batchqty = com.kms.katalon.core.webui.keyword.WebUiBuiltInKeywords.getAttribute(batch, "value").trim(): Attribute 'value' of object '' is: '200'

2018-06-10 19:25:49 - [MESSAGE][PASSED] - Attribute 'value' of object '' is: '200'

2018-06-10 19:25:49 - [TEST_STEP][PASSED] - Statement - Rqty = 100: null

2018-06-10 19:25:49 - [TEST_STEP][PASSED] - Statement - out.println("BatchQty : " + batchqty): null

2018-06-10 19:25:49 - [TEST_STEP][PASSED] - Statement - out.println("RQty : " + Rqty): null

2018-06-10 19:25:49 - [TEST_STEP][PASSED] - Statement - If (java.lang.Integer.valueOf(batchqty) >= java.lang.Integer.valueOf(Rqty)): null

2018-06-10 19:25:49 - [TEST_STEP][PASSED] - Statement - Break: null

2018-06-10 19:25:49 - [TEST_STEP][PASSED] - Statement - batchlength = new com.kms.katalon.core.testobject.TestObject(): null

2018-06-10 19:25:49 - [TEST_STEP][PASSED] - Statement - batchlength = com.kms.katalon.core.webui.keyword.WebUiBuiltInKeywords.modifyObjectProperty(batchlength, "xpath", "equals", "//*[@id = "fldvendor" + row + ""]", true): Modify property of object successfully

2018-06-10 19:25:49 - [MESSAGE][PASSED] - Modify property of object successfully

2018-06-10 19:25:49 - [TEST_STEP][PASSED] - Statement - batchsize = com.kms.katalon.core.webui.keyword.WebUiBuiltInKeywords.getNumberOfTotalOption(batchlength): 15 options of object '' counted

2018-06-10 19:25:49 - [MESSAGE][PASSED] - 15 options of object '' counted

2018-06-10 19:25:49 - [TEST_STEP][PASSED] - Statement - out.println("BatchSize : " + batchsize): null

2018-06-10 19:25:49 - [TEST_STEP][PASSED] - Statement - For ([n = 1, n <= batchsize - 1, (n++)]): null

2018-06-10 19:25:49 - [TEST_STEP][PASSED] - Statement - product = new com.kms.katalon.core.testobject.TestObject(): null

2018-06-10 19:25:49 - [TEST_STEP][PASSED] - Statement - product = com.kms.katalon.core.webui.keyword.WebUiBuiltInKeywords.modifyObjectProperty(product, "xpath", "equals", "//*[@id = "fldvendor" + row + ""]", true): Modify property of object successfully

2018-06-10 19:25:49 - [MESSAGE][PASSED] - Modify property of object successfully

2018-06-10 19:25:49 - [TEST_STEP][PASSED] - selectOptionByIndex: All options with index in [1] are selected on object ''

2018-06-10 19:25:50 - [MESSAGE][PASSED] - All options with index in [1] are selected on object ''

2018-06-10 19:25:50 - [TEST_STEP][PASSED] - delay: Delayed 2 second(s)

2018-06-10 19:25:52 - [MESSAGE][PASSED] - Delayed 2 second(s)

2018-06-10 19:25:52 - [TEST_STEP][PASSED] - Statement - batch = new com.kms.katalon.core.testobject.TestObject(): null

2018-06-10 19:25:52 - [TEST_STEP][PASSED] - Statement - batch = com.kms.katalon.core.webui.keyword.WebUiBuiltInKeywords.modifyObjectProperty(batch, "xpath", "equals", "//*[@id = "txtbthqty" + row + ""]", true): Modify property of object successfully

2018-06-10 19:25:52 - [MESSAGE][PASSED] - Modify property of object successfully

2018-06-10 19:25:52 - [TEST_STEP][PASSED] - Statement - batchqty = com.kms.katalon.core.webui.keyword.WebUiBuiltInKeywords.getAttribute(batch, "value").trim(): Attribute 'value' of object '' is: '4700'

2018-06-10 19:25:52 - [MESSAGE][PASSED] - Attribute 'value' of object '' is: '4700'

2018-06-10 19:25:52 - [TEST_STEP][PASSED] - Statement - Rqty = 100: null

2018-06-10 19:25:52 - [TEST_STEP][PASSED] - Statement - out.println("BatchQty : " + batchqty): null

2018-06-10 19:25:52 - [TEST_STEP][PASSED] - Statement - out.println("RQty : " + Rqty): null

2018-06-10 19:25:52 - [TEST_STEP][PASSED] - Statement - If (java.lang.Integer.valueOf(batchqty) >= java.lang.Integer.valueOf(Rqty)): null

2018-06-10 19:25:52 - [TEST_STEP][PASSED] - Statement - Break: null

2018-06-10 19:25:52 - [TEST_STEP][PASSED] - Statement - batchlength = new com.kms.katalon.core.testobject.TestObject(): null

2018-06-10 19:25:52 - [TEST_STEP][PASSED] - Statement - batchlength = com.kms.katalon.core.webui.keyword.WebUiBuiltInKeywords.modifyObjectProperty(batchlength, "xpath", "equals", "//*[@id = "fldvendor" + row + ""]", true): Modify property of object successfully

2018-06-10 19:25:52 - [MESSAGE][PASSED] - Modify property of object successfully

2018-06-10 19:25:52 - [TEST_STEP][PASSED] - Statement - batchsize = com.kms.katalon.core.webui.keyword.WebUiBuiltInKeywords.getNumberOfTotalOption(batchlength): 15 options of object '' counted

2018-06-10 19:25:52 - [MESSAGE][PASSED] - 15 options of object '' counted

2018-06-10 19:25:52 - [TEST_STEP][PASSED] - Statement - out.println("BatchSize : " + batchsize): null

2018-06-10 19:25:52 - [TEST_STEP][PASSED] - Statement - For ([n = 1, n <= batchsize - 1, (n++)]): null

2018-06-10 19:25:52 - [TEST_STEP][PASSED] - Statement - product = new com.kms.katalon.core.testobject.TestObject(): null

2018-06-10 19:25:52 - [TEST_STEP][PASSED] - Statement - product = com.kms.katalon.core.webui.keyword.WebUiBuiltInKeywords.modifyObjectProperty(product, "xpath", "equals", "//*[@id = "fldvendor" + row + ""]", true): Modify property of object successfully

2018-06-10 19:25:52 - [MESSAGE][PASSED] - Modify property of object successfully

2018-06-10 19:25:52 - [TEST_STEP][PASSED] - selectOptionByIndex: All options with index in [1] are selected on object ''

2018-06-10 19:25:52 - [MESSAGE][PASSED] - All options with index in [1] are selected on object ''

2018-06-10 19:25:52 - [TEST_STEP][PASSED] - delay: Delayed 2 second(s)

2018-06-10 19:25:54 - [MESSAGE][PASSED] - Delayed 2 second(s)

2018-06-10 19:25:54 - [TEST_STEP][PASSED] - Statement - batch = new com.kms.katalon.core.testobject.TestObject(): null

2018-06-10 19:25:54 - [TEST_STEP][PASSED] - Statement - batch = com.kms.katalon.core.webui.keyword.WebUiBuiltInKeywords.modifyObjectProperty(batch, "xpath", "equals", "//*[@id = "txtbthqty" + row + ""]", true): Modify property of object successfully

2018-06-10 19:25:54 - [MESSAGE][PASSED] - Modify property of object successfully

2018-06-10 19:25:54 - [TEST_STEP][PASSED] - Statement - batchqty = com.kms.katalon.core.webui.keyword.WebUiBuiltInKeywords.getAttribute(batch, "value").trim(): Attribute 'value' of object '' is: '200'

2018-06-10 19:25:54 - [MESSAGE][PASSED] - Attribute 'value' of object '' is: '200'

2018-06-10 19:25:54 - [TEST_STEP][PASSED] - Statement - Rqty = 100: null

2018-06-10 19:25:54 - [TEST_STEP][PASSED] - Statement - out.println("BatchQty : " + batchqty): null

2018-06-10 19:25:54 - [TEST_STEP][PASSED] - Statement - out.println("RQty : " + Rqty): null

2018-06-10 19:25:54 - [TEST_STEP][PASSED] - Statement - If (java.lang.Integer.valueOf(batchqty) >= java.lang.Integer.valueOf(Rqty)): null

2018-06-10 19:25:54 - [TEST_STEP][PASSED] - Statement - Break: null

2018-06-10 19:25:54 - [TEST_STEP][PASSED] - Statement - batchlength = new com.kms.katalon.core.testobject.TestObject(): null

2018-06-10 19:25:54 - [TEST_STEP][PASSED] - Statement - batchlength = com.kms.katalon.core.webui.keyword.WebUiBuiltInKeywords.modifyObjectProperty(batchlength, "xpath", "equals", "//*[@id = "fldvendor" + row + ""]", true): Modify property of object successfully

2018-06-10 19:25:54 - [MESSAGE][PASSED] - Modify property of object successfully

2018-06-10 19:25:54 - [TEST_STEP][PASSED] - Statement - batchsize = com.kms.katalon.core.webui.keyword.WebUiBuiltInKeywords.getNumberOfTotalOption(batchlength): 15 options of object '' counted

2018-06-10 19:25:54 - [MESSAGE][PASSED] - 15 options of object '' counted

2018-06-10 19:25:54 - [TEST_STEP][PASSED] - Statement - out.println("BatchSize : " + batchsize): null

2018-06-10 19:25:54 - [TEST_STEP][PASSED] - Statement - For ([n = 1, n <= batchsize - 1, (n++)]): null

2018-06-10 19:25:54 - [TEST_STEP][PASSED] - Statement - product = new com.kms.katalon.core.testobject.TestObject(): null

2018-06-10 19:25:54 - [TEST_STEP][PASSED] - Statement - product = com.kms.katalon.core.webui.keyword.WebUiBuiltInKeywords.modifyObjectProperty(product, "xpath", "equals", "//*[@id = "fldvendor" + row + ""]", true): Modify property of object successfully

2018-06-10 19:25:54 - [MESSAGE][PASSED] - Modify property of object successfully

2018-06-10 19:25:54 - [TEST_STEP][PASSED] - selectOptionByIndex: All options with index in [1] are selected on object ''

2018-06-10 19:25:54 - [MESSAGE][PASSED] - All options with index in [1] are selected on object ''

2018-06-10 19:25:54 - [TEST_STEP][PASSED] - delay: Delayed 2 second(s)

2018-06-10 19:25:56 - [MESSAGE][PASSED] - Delayed 2 second(s)

2018-06-10 19:25:56 - [TEST_STEP][PASSED] - Statement - batch = new com.kms.katalon.core.testobject.TestObject(): null

2018-06-10 19:25:56 - [TEST_STEP][PASSED] - Statement - batch = com.kms.katalon.core.webui.keyword.WebUiBuiltInKeywords.modifyObjectProperty(batch, "xpath", "equals", "//*[@id = "txtbthqty" + row + ""]", true): Modify property of object successfully

2018-06-10 19:25:56 - [MESSAGE][PASSED] - Modify property of object successfully

2018-06-10 19:25:56 - [TEST_STEP][PASSED] - Statement - batchqty = com.kms.katalon.core.webui.keyword.WebUiBuiltInKeywords.getAttribute(batch, "value").trim(): Attribute 'value' of object '' is: '36200'

2018-06-10 19:25:56 - [MESSAGE][PASSED] - Attribute 'value' of object '' is: '36200'

2018-06-10 19:25:56 - [TEST_STEP][PASSED] - Statement - Rqty = 100: null

2018-06-10 19:25:56 - [TEST_STEP][PASSED] - Statement - out.println("BatchQty : " + batchqty): null

2018-06-10 19:25:56 - [TEST_STEP][PASSED] - Statement - out.println("RQty : " + Rqty): null

2018-06-10 19:25:56 - [TEST_STEP][PASSED] - Statement - If (java.lang.Integer.valueOf(batchqty) >= java.lang.Integer.valueOf(Rqty)): null

2018-06-10 19:25:56 - [TEST_STEP][PASSED] - Statement - Break: null

2018-06-10 19:25:56 - [TEST_STEP][PASSED] - Statement - batchlength = new com.kms.katalon.core.testobject.TestObject(): null

2018-06-10 19:25:56 - [TEST_STEP][PASSED] - Statement - batchlength = com.kms.katalon.core.webui.keyword.WebUiBuiltInKeywords.modifyObjectProperty(batchlength, "xpath", "equals", "//*[@id = "fldvendor" + row + ""]", true): Modify property of object successfully

2018-06-10 19:25:56 - [MESSAGE][PASSED] - Modify property of object successfully

2018-06-10 19:25:56 - [TEST_STEP][PASSED] - Statement - batchsize = com.kms.katalon.core.webui.keyword.WebUiBuiltInKeywords.getNumberOfTotalOption(batchlength): 16 options of object '' counted

2018-06-10 19:25:56 - [MESSAGE][PASSED] - 16 options of object '' counted

2018-06-10 19:25:56 - [TEST_STEP][PASSED] - Statement - out.println("BatchSize : " + batchsize): null

2018-06-10 19:25:56 - [TEST_STEP][PASSED] - Statement - For ([n = 1, n <= batchsize - 1, (n++)]): null

2018-06-10 19:25:56 - [TEST_STEP][PASSED] - Statement - product = new com.kms.katalon.core.testobject.TestObject(): null

2018-06-10 19:25:56 - [TEST_STEP][PASSED] - Statement - product = com.kms.katalon.core.webui.keyword.WebUiBuiltInKeywords.modifyObjectProperty(product, "xpath", "equals", "//*[@id = "fldvendor" + row + ""]", true): Modify property of object successfully

2018-06-10 19:25:56 - [MESSAGE][PASSED] - Modify property of object successfully

2018-06-10 19:25:56 - [TEST_STEP][PASSED] - selectOptionByIndex: All options with index in [1] are selected on object ''

2018-06-10 19:25:56 - [MESSAGE][PASSED] - All options with index in [1] are selected on object ''

2018-06-10 19:25:56 - [TEST_STEP][PASSED] - delay: Delayed 2 second(s)

2018-06-10 19:25:58 - [MESSAGE][PASSED] - Delayed 2 second(s)

2018-06-10 19:25:58 - [TEST_STEP][PASSED] - Statement - batch = new com.kms.katalon.core.testobject.TestObject(): null

2018-06-10 19:25:58 - [TEST_STEP][PASSED] - Statement - batch = com.kms.katalon.core.webui.keyword.WebUiBuiltInKeywords.modifyObjectProperty(batch, "xpath", "equals", "//*[@id = "txtbthqty" + row + ""]", true): Modify property of object successfully

2018-06-10 19:25:58 - [MESSAGE][PASSED] - Modify property of object successfully

2018-06-10 19:25:58 - [TEST_STEP][PASSED] - Statement - batchqty = com.kms.katalon.core.webui.keyword.WebUiBuiltInKeywords.getAttribute(batch, "value").trim(): Attribute 'value' of object '' is: '3900'

2018-06-10 19:25:58 - [MESSAGE][PASSED] - Attribute 'value' of object '' is: '3900'

2018-06-10 19:25:58 - [TEST_STEP][PASSED] - Statement - Rqty = 100: null

2018-06-10 19:25:58 - [TEST_STEP][PASSED] - Statement - out.println("BatchQty : " + batchqty): null

2018-06-10 19:25:58 - [TEST_STEP][PASSED] - Statement - out.println("RQty : " + Rqty): null

2018-06-10 19:25:58 - [TEST_STEP][PASSED] - Statement - If (java.lang.Integer.valueOf(batchqty) >= java.lang.Integer.valueOf(Rqty)): null

2018-06-10 19:25:58 - [TEST_STEP][PASSED] - Statement - Break: null

2018-06-10 19:25:58 - [TEST_STEP][PASSED] - Statement - batchlength = new com.kms.katalon.core.testobject.TestObject(): null

2018-06-10 19:25:58 - [TEST_STEP][PASSED] - Statement - batchlength = com.kms.katalon.core.webui.keyword.WebUiBuiltInKeywords.modifyObjectProperty(batchlength, "xpath", "equals", "//*[@id = "fldvendor" + row + ""]", true): Modify property of object successfully

2018-06-10 19:25:58 - [MESSAGE][PASSED] - Modify property of object successfully

2018-06-10 19:25:58 - [TEST_STEP][PASSED] - Statement - batchsize = com.kms.katalon.core.webui.keyword.WebUiBuiltInKeywords.getNumberOfTotalOption(batchlength): 15 options of object '' counted

2018-06-10 19:25:58 - [MESSAGE][PASSED] - 15 options of object '' counted

2018-06-10 19:25:58 - [TEST_STEP][PASSED] - Statement - out.println("BatchSize : " + batchsize): null

2018-06-10 19:25:58 - [TEST_STEP][PASSED] - Statement - For ([n = 1, n <= batchsize - 1, (n++)]): null

2018-06-10 19:25:58 - [TEST_STEP][PASSED] - Statement - product = new com.kms.katalon.core.testobject.TestObject(): null

2018-06-10 19:25:58 - [TEST_STEP][PASSED] - Statement - product = com.kms.katalon.core.webui.keyword.WebUiBuiltInKeywords.modifyObjectProperty(product, "xpath", "equals", "//*[@id = "fldvendor" + row + ""]", true): Modify property of object successfully

2018-06-10 19:25:58 - [MESSAGE][PASSED] - Modify property of object successfully

2018-06-10 19:25:58 - [TEST_STEP][PASSED] - selectOptionByIndex: All options with index in [1] are selected on object ''

2018-06-10 19:25:59 - [MESSAGE][PASSED] - All options with index in [1] are selected on object ''

2018-06-10 19:25:59 - [TEST_STEP][PASSED] - delay: Delayed 2 second(s)

2018-06-10 19:26:01 - [MESSAGE][PASSED] - Delayed 2 second(s)

2018-06-10 19:26:01 - [TEST_STEP][PASSED] - Statement - batch = new com.kms.katalon.core.testobject.TestObject(): null

2018-06-10 19:26:01 - [TEST_STEP][PASSED] - Statement - batch = com.kms.katalon.core.webui.keyword.WebUiBuiltInKeywords.modifyObjectProperty(batch, "xpath", "equals", "//*[@id = "txtbthqty" + row + ""]", true): Modify property of object successfully

2018-06-10 19:26:01 - [MESSAGE][PASSED] - Modify property of object successfully

2018-06-10 19:26:01 - [TEST_STEP][PASSED] - Statement - batchqty = com.kms.katalon.core.webui.keyword.WebUiBuiltInKeywords.getAttribute(batch, "value").trim(): Attribute 'value' of object '' is: '35200'

2018-06-10 19:26:01 - [MESSAGE][PASSED] - Attribute 'value' of object '' is: '35200'

2018-06-10 19:26:01 - [TEST_STEP][PASSED] - Statement - Rqty = 100: null

2018-06-10 19:26:01 - [TEST_STEP][PASSED] - Statement - out.println("BatchQty : " + batchqty): null

2018-06-10 19:26:01 - [TEST_STEP][PASSED] - Statement - out.println("RQty : " + Rqty): null

2018-06-10 19:26:01 - [TEST_STEP][PASSED] - Statement - If (java.lang.Integer.valueOf(batchqty) >= java.lang.Integer.valueOf(Rqty)): null

2018-06-10 19:26:01 - [TEST_STEP][PASSED] - Statement - Break: null

2018-06-10 19:26:01 - [TEST_STEP][PASSED] - Statement - batchlength = new com.kms.katalon.core.testobject.TestObject(): null

2018-06-10 19:26:01 - [TEST_STEP][PASSED] - Statement - batchlength = com.kms.katalon.core.webui.keyword.WebUiBuiltInKeywords.modifyObjectProperty(batchlength, "xpath", "equals", "//*[@id = "fldvendor" + row + ""]", true): Modify property of object successfully

2018-06-10 19:26:01 - [MESSAGE][PASSED] - Modify property of object successfully

2018-06-10 19:26:01 - [TEST_STEP][PASSED] - Statement - batchsize = com.kms.katalon.core.webui.keyword.WebUiBuiltInKeywords.getNumberOfTotalOption(batchlength): 15 options of object '' counted

2018-06-10 19:26:01 - [MESSAGE][PASSED] - 15 options of object '' counted

2018-06-10 19:26:01 - [TEST_STEP][PASSED] - Statement - out.println("BatchSize : " + batchsize): null

2018-06-10 19:26:01 - [TEST_STEP][PASSED] - Statement - For ([n = 1, n <= batchsize - 1, (n++)]): null

2018-06-10 19:26:01 - [TEST_STEP][PASSED] - Statement - product = new com.kms.katalon.core.testobject.TestObject(): null

2018-06-10 19:26:01 - [TEST_STEP][PASSED] - Statement - product = com.kms.katalon.core.webui.keyword.WebUiBuiltInKeywords.modifyObjectProperty(product, "xpath", "equals", "//*[@id = "fldvendor" + row + ""]", true): Modify property of object successfully

2018-06-10 19:26:01 - [MESSAGE][PASSED] - Modify property of object successfully

2018-06-10 19:26:01 - [TEST_STEP][PASSED] - selectOptionByIndex: All options with index in [1] are selected on object ''

2018-06-10 19:26:01 - [MESSAGE][PASSED] - All options with index in [1] are selected on object ''

2018-06-10 19:26:01 - [TEST_STEP][PASSED] - delay: Delayed 2 second(s)

2018-06-10 19:26:03 - [MESSAGE][PASSED] - Delayed 2 second(s)

2018-06-10 19:26:03 - [TEST_STEP][PASSED] - Statement - batch = new com.kms.katalon.core.testobject.TestObject(): null

2018-06-10 19:26:03 - [TEST_STEP][PASSED] - Statement - batch = com.kms.katalon.core.webui.keyword.WebUiBuiltInKeywords.modifyObjectProperty(batch, "xpath", "equals", "//*[@id = "txtbthqty" + row + ""]", true): Modify property of object successfully

2018-06-10 19:26:03 - [MESSAGE][PASSED] - Modify property of object successfully

2018-06-10 19:26:03 - [TEST_STEP][PASSED] - Statement - batchqty = com.kms.katalon.core.webui.keyword.WebUiBuiltInKeywords.getAttribute(batch, "value").trim(): Attribute 'value' of object '' is: '35200'

2018-06-10 19:26:03 - [MESSAGE][PASSED] - Attribute 'value' of object '' is: '35200'

2018-06-10 19:26:03 - [TEST_STEP][PASSED] - Statement - Rqty = 100: null

2018-06-10 19:26:03 - [TEST_STEP][PASSED] - Statement - out.println("BatchQty : " + batchqty): null

2018-06-10 19:26:03 - [TEST_STEP][PASSED] - Statement - out.println("RQty : " + Rqty): null

2018-06-10 19:26:03 - [TEST_STEP][PASSED] - Statement - If (java.lang.Integer.valueOf(batchqty) >= java.lang.Integer.valueOf(Rqty)): null

2018-06-10 19:26:03 - [TEST_STEP][PASSED] - Statement - Break: null

2018-06-10 19:26:03 - [TEST_STEP][PASSED] - Statement - batchlength = new com.kms.katalon.core.testobject.TestObject(): null

2018-06-10 19:26:03 - [TEST_STEP][PASSED] - Statement - batchlength = com.kms.katalon.core.webui.keyword.WebUiBuiltInKeywords.modifyObjectProperty(batchlength, "xpath", "equals", "//*[@id = "fldvendor" + row + ""]", true): Modify property of object successfully

2018-06-10 19:26:03 - [MESSAGE][PASSED] - Modify property of object successfully

2018-06-10 19:26:03 - [TEST_STEP][PASSED] - Statement - batchsize = com.kms.katalon.core.webui.keyword.WebUiBuiltInKeywords.getNumberOfTotalOption(batchlength): 15 options of object '' counted

2018-06-10 19:26:03 - [MESSAGE][PASSED] - 15 options of object '' counted

2018-06-10 19:26:03 - [TEST_STEP][PASSED] - Statement - out.println("BatchSize : " + batchsize): null

2018-06-10 19:26:03 - [TEST_STEP][PASSED] - Statement - For ([n = 1, n <= batchsize - 1, (n++)]): null

2018-06-10 19:26:03 - [TEST_STEP][PASSED] - Statement - product = new com.kms.katalon.core.testobject.TestObject(): null

2018-06-10 19:26:03 - [TEST_STEP][PASSED] - Statement - product = com.kms.katalon.core.webui.keyword.WebUiBuiltInKeywords.modifyObjectProperty(product, "xpath", "equals", "//*[@id = "fldvendor" + row + ""]", true): Modify property of object successfully

2018-06-10 19:26:03 - [MESSAGE][PASSED] - Modify property of object successfully

2018-06-10 19:26:03 - [TEST_STEP][PASSED] - selectOptionByIndex: All options with index in [1] are selected on object ''

2018-06-10 19:26:03 - [MESSAGE][PASSED] - All options with index in [1] are selected on object ''

2018-06-10 19:26:03 - [TEST_STEP][PASSED] - delay: Delayed 2 second(s)

2018-06-10 19:26:05 - [MESSAGE][PASSED] - Delayed 2 second(s)

2018-06-10 19:26:05 - [TEST_STEP][PASSED] - Statement - batch = new com.kms.katalon.core.testobject.TestObject(): null

2018-06-10 19:26:05 - [TEST_STEP][PASSED] - Statement - batch = com.kms.katalon.core.webui.keyword.WebUiBuiltInKeywords.modifyObjectProperty(batch, "xpath", "equals", "//*[@id = "txtbthqty" + row + ""]", true): Modify property of object successfully

2018-06-10 19:26:05 - [MESSAGE][PASSED] - Modify property of object successfully

2018-06-10 19:26:05 - [TEST_STEP][PASSED] - Statement - batchqty = com.kms.katalon.core.webui.keyword.WebUiBuiltInKeywords.getAttribute(batch, "value").trim(): Attribute 'value' of object '' is: '36200'

2018-06-10 19:26:05 - [MESSAGE][PASSED] - Attribute 'value' of object '' is: '36200'

2018-06-10 19:26:05 - [TEST_STEP][PASSED] - Statement - Rqty = 100: null

2018-06-10 19:26:05 - [TEST_STEP][PASSED] - Statement - out.println("BatchQty : " + batchqty): null

2018-06-10 19:26:05 - [TEST_STEP][PASSED] - Statement - out.println("RQty : " + Rqty): null

2018-06-10 19:26:05 - [TEST_STEP][PASSED] - Statement - If (java.lang.Integer.valueOf(batchqty) >= java.lang.Integer.valueOf(Rqty)): null

2018-06-10 19:26:05 - [TEST_STEP][PASSED] - Statement - Break: null

2018-06-10 19:26:05 - [TEST_STEP][PASSED] - Statement - batchlength = new com.kms.katalon.core.testobject.TestObject(): null

2018-06-10 19:26:05 - [TEST_STEP][PASSED] - Statement - batchlength = com.kms.katalon.core.webui.keyword.WebUiBuiltInKeywords.modifyObjectProperty(batchlength, "xpath", "equals", "//*[@id = "fldvendor" + row + ""]", true): Modify property of object successfully

2018-06-10 19:26:05 - [MESSAGE][PASSED] - Modify property of object successfully

2018-06-10 19:26:05 - [TEST_STEP][PASSED] - Statement - batchsize = com.kms.katalon.core.webui.keyword.WebUiBuiltInKeywords.getNumberOfTotalOption(batchlength): 15 options of object '' counted

2018-06-10 19:26:05 - [MESSAGE][PASSED] - 15 options of object '' counted

2018-06-10 19:26:05 - [TEST_STEP][PASSED] - Statement - out.println("BatchSize : " + batchsize): null

2018-06-10 19:26:05 - [TEST_STEP][PASSED] - Statement - For ([n = 1, n <= batchsize - 1, (n++)]): null

2018-06-10 19:26:05 - [TEST_STEP][PASSED] - Statement - product = new com.kms.katalon.core.testobject.TestObject(): null

2018-06-10 19:26:05 - [TEST_STEP][PASSED] - Statement - product = com.kms.katalon.core.webui.keyword.WebUiBuiltInKeywords.modifyObjectProperty(product, "xpath", "equals", "//*[@id = "fldvendor" + row + ""]", true): Modify property of object successfully

2018-06-10 19:26:05 - [MESSAGE][PASSED] - Modify property of object successfully

2018-06-10 19:26:05 - [TEST_STEP][PASSED] - selectOptionByIndex: All options with index in [1] are selected on object ''

2018-06-10 19:26:05 - [MESSAGE][PASSED] - All options with index in [1] are selected on object ''

2018-06-10 19:26:05 - [TEST_STEP][PASSED] - delay: Delayed 2 second(s)

2018-06-10 19:26:07 - [MESSAGE][PASSED] - Delayed 2 second(s)

2018-06-10 19:26:07 - [TEST_STEP][PASSED] - Statement - batch = new com.kms.katalon.core.testobject.TestObject(): null

2018-06-10 19:26:07 - [TEST_STEP][PASSED] - Statement - batch = com.kms.katalon.core.webui.keyword.WebUiBuiltInKeywords.modifyObjectProperty(batch, "xpath", "equals", "//*[@id = "txtbthqty" + row + ""]", true): Modify property of object successfully

2018-06-10 19:26:07 - [MESSAGE][PASSED] - Modify property of object successfully

2018-06-10 19:26:07 - [TEST_STEP][PASSED] - Statement - batchqty = com.kms.katalon.core.webui.keyword.WebUiBuiltInKeywords.getAttribute(batch, "value").trim(): Attribute 'value' of object '' is: '4700'

2018-06-10 19:26:07 - [MESSAGE][PASSED] - Attribute 'value' of object '' is: '4700'

2018-06-10 19:26:07 - [TEST_STEP][PASSED] - Statement - Rqty = 100: null

2018-06-10 19:26:07 - [TEST_STEP][PASSED] - Statement - out.println("BatchQty : " + batchqty): null

2018-06-10 19:26:07 - [TEST_STEP][PASSED] - Statement - out.println("RQty : " + Rqty): null

2018-06-10 19:26:07 - [TEST_STEP][PASSED] - Statement - If (java.lang.Integer.valueOf(batchqty) >= java.lang.Integer.valueOf(Rqty)): null

2018-06-10 19:26:07 - [TEST_STEP][PASSED] - Statement - Break: null

2018-06-10 19:26:07 - [TEST_STEP][PASSED] - Statement - batchlength = new com.kms.katalon.core.testobject.TestObject(): null

2018-06-10 19:26:07 - [TEST_STEP][PASSED] - Statement - batchlength = com.kms.katalon.core.webui.keyword.WebUiBuiltInKeywords.modifyObjectProperty(batchlength, "xpath", "equals", "//*[@id = "fldvendor" + row + ""]", true): Modify property of object successfully

2018-06-10 19:26:07 - [MESSAGE][PASSED] - Modify property of object successfully

2018-06-10 19:26:07 - [TEST_STEP][PASSED] - Statement - batchsize = com.kms.katalon.core.webui.keyword.WebUiBuiltInKeywords.getNumberOfTotalOption(batchlength): 15 options of object '' counted

2018-06-10 19:26:07 - [MESSAGE][PASSED] - 15 options of object '' counted

2018-06-10 19:26:07 - [TEST_STEP][PASSED] - Statement - out.println("BatchSize : " + batchsize): null

2018-06-10 19:26:07 - [TEST_STEP][PASSED] - Statement - For ([n = 1, n <= batchsize - 1, (n++)]): null

2018-06-10 19:26:07 - [TEST_STEP][PASSED] - Statement - product = new com.kms.katalon.core.testobject.TestObject(): null

2018-06-10 19:26:07 - [TEST_STEP][PASSED] - Statement - product = com.kms.katalon.core.webui.keyword.WebUiBuiltInKeywords.modifyObjectProperty(product, "xpath", "equals", "//*[@id = "fldvendor" + row + ""]", true): Modify property of object successfully

2018-06-10 19:26:07 - [MESSAGE][PASSED] - Modify property of object successfully

2018-06-10 19:26:07 - [TEST_STEP][PASSED] - selectOptionByIndex: All options with index in [1] are selected on object ''

2018-06-10 19:26:08 - [MESSAGE][PASSED] - All options with index in [1] are selected on object ''

2018-06-10 19:26:08 - [TEST_STEP][PASSED] - delay: Delayed 2 second(s)

2018-06-10 19:26:10 - [MESSAGE][PASSED] - Delayed 2 second(s)

2018-06-10 19:26:10 - [TEST_STEP][PASSED] - Statement - batch = new com.kms.katalon.core.testobject.TestObject(): null

2018-06-10 19:26:10 - [TEST_STEP][PASSED] - Statement - batch = com.kms.katalon.core.webui.keyword.WebUiBuiltInKeywords.modifyObjectProperty(batch, "xpath", "equals", "//*[@id = "txtbthqty" + row + ""]", true): Modify property of object successfully

2018-06-10 19:26:10 - [MESSAGE][PASSED] - Modify property of object successfully

2018-06-10 19:26:10 - [TEST_STEP][PASSED] - Statement - batchqty = com.kms.katalon.core.webui.keyword.WebUiBuiltInKeywords.getAttribute(batch, "value").trim(): Attribute 'value' of object '' is: '2300'

2018-06-10 19:26:10 - [MESSAGE][PASSED] - Attribute 'value' of object '' is: '2300'

2018-06-10 19:26:10 - [TEST_STEP][PASSED] - Statement - Rqty = 100: null

2018-06-10 19:26:10 - [TEST_STEP][PASSED] - Statement - out.println("BatchQty : " + batchqty): null

2018-06-10 19:26:10 - [TEST_STEP][PASSED] - Statement - out.println("RQty : " + Rqty): null

2018-06-10 19:26:10 - [TEST_STEP][PASSED] - Statement - If (java.lang.Integer.valueOf(batchqty) >= java.lang.Integer.valueOf(Rqty)): null

2018-06-10 19:26:10 - [TEST_STEP][PASSED] - Statement - Break: null

2018-06-10 19:26:10 - [TEST_STEP][PASSED] - Statement - batchlength = new com.kms.katalon.core.testobject.TestObject(): null

2018-06-10 19:26:10 - [TEST_STEP][PASSED] - Statement - batchlength = com.kms.katalon.core.webui.keyword.WebUiBuiltInKeywords.modifyObjectProperty(batchlength, "xpath", "equals", "//*[@id = "fldvendor" + row + ""]", true): Modify property of object successfully

2018-06-10 19:26:10 - [MESSAGE][PASSED] - Modify property of object successfully

2018-06-10 19:26:10 - [TEST_STEP][PASSED] - Statement - batchsize = com.kms.katalon.core.webui.keyword.WebUiBuiltInKeywords.getNumberOfTotalOption(batchlength): 15 options of object '' counted

2018-06-10 19:26:10 - [MESSAGE][PASSED] - 15 options of object '' counted

2018-06-10 19:26:10 - [TEST_STEP][PASSED] - Statement - out.println("BatchSize : " + batchsize): null

2018-06-10 19:26:10 - [TEST_STEP][PASSED] - Statement - For ([n = 1, n <= batchsize - 1, (n++)]): null

2018-06-10 19:26:10 - [TEST_STEP][PASSED] - Statement - product = new com.kms.katalon.core.testobject.TestObject(): null

2018-06-10 19:26:10 - [TEST_STEP][PASSED] - Statement - product = com.kms.katalon.core.webui.keyword.WebUiBuiltInKeywords.modifyObjectProperty(product, "xpath", "equals", "//*[@id = "fldvendor" + row + ""]", true): Modify property of object successfully

2018-06-10 19:26:10 - [MESSAGE][PASSED] - Modify property of object successfully

2018-06-10 19:26:10 - [TEST_STEP][PASSED] - selectOptionByIndex: All options with index in [1] are selected on object ''

2018-06-10 19:26:10 - [MESSAGE][PASSED] - All options with index in [1] are selected on object ''

2018-06-10 19:26:10 - [TEST_STEP][PASSED] - delay: Delayed 2 second(s)

2018-06-10 19:26:12 - [MESSAGE][PASSED] - Delayed 2 second(s)

2018-06-10 19:26:12 - [TEST_STEP][PASSED] - Statement - batch = new com.kms.katalon.core.testobject.TestObject(): null

2018-06-10 19:26:12 - [TEST_STEP][PASSED] - Statement - batch = com.kms.katalon.core.webui.keyword.WebUiBuiltInKeywords.modifyObjectProperty(batch, "xpath", "equals", "//*[@id = "txtbthqty" + row + ""]", true): Modify property of object successfully

2018-06-10 19:26:12 - [MESSAGE][PASSED] - Modify property of object successfully

2018-06-10 19:26:12 - [TEST_STEP][PASSED] - Statement - batchqty = com.kms.katalon.core.webui.keyword.WebUiBuiltInKeywords.getAttribute(batch, "value").trim(): Attribute 'value' of object '' is: '2300'

2018-06-10 19:26:12 - [MESSAGE][PASSED] - Attribute 'value' of object '' is: '2300'

2018-06-10 19:26:12 - [TEST_STEP][PASSED] - Statement - Rqty = 100: null

2018-06-10 19:26:12 - [TEST_STEP][PASSED] - Statement - out.println("BatchQty : " + batchqty): null

2018-06-10 19:26:12 - [TEST_STEP][PASSED] - Statement - out.println("RQty : " + Rqty): null

2018-06-10 19:26:12 - [TEST_STEP][PASSED] - Statement - If (java.lang.Integer.valueOf(batchqty) >= java.lang.Integer.valueOf(Rqty)): null

2018-06-10 19:26:12 - [TEST_STEP][PASSED] - Statement - Break: null

2018-06-10 19:26:12 - [TEST_STEP][PASSED] - Statement - batchlength = new com.kms.katalon.core.testobject.TestObject(): null

2018-06-10 19:26:12 - [TEST_STEP][PASSED] - Statement - batchlength = com.kms.katalon.core.webui.keyword.WebUiBuiltInKeywords.modifyObjectProperty(batchlength, "xpath", "equals", "//*[@id = "fldvendor" + row + ""]", true): Modify property of object successfully

2018-06-10 19:26:12 - [MESSAGE][PASSED] - Modify property of object successfully

2018-06-10 19:26:12 - [TEST_STEP][PASSED] - Statement - batchsize = com.kms.katalon.core.webui.keyword.WebUiBuiltInKeywords.getNumberOfTotalOption(batchlength): 15 options of object '' counted

2018-06-10 19:26:12 - [MESSAGE][PASSED] - 15 options of object '' counted

2018-06-10 19:26:12 - [TEST_STEP][PASSED] - Statement - out.println("BatchSize : " + batchsize): null

2018-06-10 19:26:12 - [TEST_STEP][PASSED] - Statement - For ([n = 1, n <= batchsize - 1, (n++)]): null

2018-06-10 19:26:12 - [TEST_STEP][PASSED] - Statement - product = new com.kms.katalon.core.testobject.TestObject(): null

2018-06-10 19:26:12 - [TEST_STEP][PASSED] - Statement - product = com.kms.katalon.core.webui.keyword.WebUiBuiltInKeywords.modifyObjectProperty(product, "xpath", "equals", "//*[@id = "fldvendor" + row + ""]", true): Modify property of object successfully

2018-06-10 19:26:12 - [MESSAGE][PASSED] - Modify property of object successfully

2018-06-10 19:26:12 - [TEST_STEP][PASSED] - selectOptionByIndex: All options with index in [1] are selected on object ''

2018-06-10 19:26:12 - [MESSAGE][PASSED] - All options with index in [1] are selected on object ''

2018-06-10 19:26:12 - [TEST_STEP][PASSED] - delay: Delayed 2 second(s)

2018-06-10 19:26:14 - [MESSAGE][PASSED] - Delayed 2 second(s)

2018-06-10 19:26:14 - [TEST_STEP][PASSED] - Statement - batch = new com.kms.katalon.core.testobject.TestObject(): null

2018-06-10 19:26:14 - [TEST_STEP][PASSED] - Statement - batch = com.kms.katalon.core.webui.keyword.WebUiBuiltInKeywords.modifyObjectProperty(batch, "xpath", "equals", "//*[@id = "txtbthqty" + row + ""]", true): Modify property of object successfully

2018-06-10 19:26:14 - [MESSAGE][PASSED] - Modify property of object successfully

2018-06-10 19:26:14 - [TEST_STEP][PASSED] - Statement - batchqty = com.kms.katalon.core.webui.keyword.WebUiBuiltInKeywords.getAttribute(batch, "value").trim(): Attribute 'value' of object '' is: '1200'

2018-06-10 19:26:14 - [MESSAGE][PASSED] - Attribute 'value' of object '' is: '1200'

2018-06-10 19:26:14 - [TEST_STEP][PASSED] - Statement - Rqty = 100: null

2018-06-10 19:26:14 - [TEST_STEP][PASSED] - Statement - out.println("BatchQty : " + batchqty): null

2018-06-10 19:26:14 - [TEST_STEP][PASSED] - Statement - out.println("RQty : " + Rqty): null

2018-06-10 19:26:14 - [TEST_STEP][PASSED] - Statement - If (java.lang.Integer.valueOf(batchqty) >= java.lang.Integer.valueOf(Rqty)): null

2018-06-10 19:26:14 - [TEST_STEP][PASSED] - Statement - Break: null

2018-06-10 19:26:14 - [TEST_STEP][PASSED] - Statement - batchlength = new com.kms.katalon.core.testobject.TestObject(): null

2018-06-10 19:26:14 - [TEST_STEP][PASSED] - Statement - batchlength = com.kms.katalon.core.webui.keyword.WebUiBuiltInKeywords.modifyObjectProperty(batchlength, "xpath", "equals", "//*[@id = "fldvendor" + row + ""]", true): Modify property of object successfully

2018-06-10 19:26:14 - [MESSAGE][PASSED] - Modify property of object successfully

2018-06-10 19:26:14 - [TEST_STEP][PASSED] - Statement - batchsize = com.kms.katalon.core.webui.keyword.WebUiBuiltInKeywords.getNumberOfTotalOption(batchlength): 15 options of object '' counted

2018-06-10 19:26:14 - [MESSAGE][PASSED] - 15 options of object '' counted

2018-06-10 19:26:14 - [TEST_STEP][PASSED] - Statement - out.println("BatchSize : " + batchsize): null

2018-06-10 19:26:14 - [TEST_STEP][PASSED] - Statement - For ([n = 1, n <= batchsize - 1, (n++)]): null

2018-06-10 19:26:14 - [TEST_STEP][PASSED] - Statement - product = new com.kms.katalon.core.testobject.TestObject(): null

2018-06-10 19:26:14 - [TEST_STEP][PASSED] - Statement - product = com.kms.katalon.core.webui.keyword.WebUiBuiltInKeywords.modifyObjectProperty(product, "xpath", "equals", "//*[@id = "fldvendor" + row + ""]", true): Modify property of object successfully

2018-06-10 19:26:14 - [MESSAGE][PASSED] - Modify property of object successfully

2018-06-10 19:26:14 - [TEST_STEP][PASSED] - selectOptionByIndex: All options with index in [1] are selected on object ''

2018-06-10 19:26:14 - [MESSAGE][PASSED] - All options with index in [1] are selected on object ''

2018-06-10 19:26:14 - [TEST_STEP][PASSED] - delay: Delayed 2 second(s)

2018-06-10 19:26:16 - [MESSAGE][PASSED] - Delayed 2 second(s)

2018-06-10 19:26:16 - [TEST_STEP][PASSED] - Statement - batch = new com.kms.katalon.core.testobject.TestObject(): null

2018-06-10 19:26:16 - [TEST_STEP][PASSED] - Statement - batch = com.kms.katalon.core.webui.keyword.WebUiBuiltInKeywords.modifyObjectProperty(batch, "xpath", "equals", "//*[@id = "txtbthqty" + row + ""]", true): Modify property of object successfully

2018-06-10 19:26:16 - [MESSAGE][PASSED] - Modify property of object successfully

2018-06-10 19:26:16 - [TEST_STEP][PASSED] - Statement - batchqty = com.kms.katalon.core.webui.keyword.WebUiBuiltInKeywords.getAttribute(batch, "value").trim(): Attribute 'value' of object '' is: '1200'

2018-06-10 19:26:16 - [MESSAGE][PASSED] - Attribute 'value' of object '' is: '1200'

2018-06-10 19:26:16 - [TEST_STEP][PASSED] - Statement - Rqty = 100: null

2018-06-10 19:26:16 - [TEST_STEP][PASSED] - Statement - out.println("BatchQty : " + batchqty): null

2018-06-10 19:26:16 - [TEST_STEP][PASSED] - Statement - out.println("RQty : " + Rqty): null

2018-06-10 19:26:16 - [TEST_STEP][PASSED] - Statement - If (java.lang.Integer.valueOf(batchqty) >= java.lang.Integer.valueOf(Rqty)): null

2018-06-10 19:26:16 - [TEST_STEP][PASSED] - Statement - Break: null

2018-06-10 19:26:16 - [TEST_STEP][PASSED] - Statement - batchlength = new com.kms.katalon.core.testobject.TestObject(): null

2018-06-10 19:26:16 - [TEST_STEP][PASSED] - Statement - batchlength = com.kms.katalon.core.webui.keyword.WebUiBuiltInKeywords.modifyObjectProperty(batchlength, "xpath", "equals", "//*[@id = "fldvendor" + row + ""]", true): Modify property of object successfully

2018-06-10 19:26:16 - [MESSAGE][PASSED] - Modify property of object successfully

2018-06-10 19:26:16 - [TEST_STEP][PASSED] - Statement - batchsize = com.kms.katalon.core.webui.keyword.WebUiBuiltInKeywords.getNumberOfTotalOption(batchlength): 15 options of object '' counted

2018-06-10 19:26:16 - [MESSAGE][PASSED] - 15 options of object '' counted

2018-06-10 19:26:16 - [TEST_STEP][PASSED] - Statement - out.println("BatchSize : " + batchsize): null

2018-06-10 19:26:16 - [TEST_STEP][PASSED] - Statement - For ([n = 1, n <= batchsize - 1, (n++)]): null

2018-06-10 19:26:16 - [TEST_STEP][PASSED] - Statement - product = new com.kms.katalon.core.testobject.TestObject(): null

2018-06-10 19:26:16 - [TEST_STEP][PASSED] - Statement - product = com.kms.katalon.core.webui.keyword.WebUiBuiltInKeywords.modifyObjectProperty(product, "xpath", "equals", "//*[@id = "fldvendor" + row + ""]", true): Modify property of object successfully

2018-06-10 19:26:16 - [MESSAGE][PASSED] - Modify property of object successfully

2018-06-10 19:26:16 - [TEST_STEP][PASSED] - selectOptionByIndex: All options with index in [1] are selected on object ''

2018-06-10 19:26:17 - [MESSAGE][PASSED] - All options with index in [1] are selected on object ''

2018-06-10 19:26:17 - [TEST_STEP][PASSED] - delay: Delayed 2 second(s)

2018-06-10 19:26:19 - [MESSAGE][PASSED] - Delayed 2 second(s)

2018-06-10 19:26:19 - [TEST_STEP][PASSED] - Statement - batch = new com.kms.katalon.core.testobject.TestObject(): null

2018-06-10 19:26:19 - [TEST_STEP][PASSED] - Statement - batch = com.kms.katalon.core.webui.keyword.WebUiBuiltInKeywords.modifyObjectProperty(batch, "xpath", "equals", "//*[@id = "txtbthqty" + row + ""]", true): Modify property of object successfully

2018-06-10 19:26:19 - [MESSAGE][PASSED] - Modify property of object successfully

2018-06-10 19:26:19 - [TEST_STEP][PASSED] - Statement - batchqty = com.kms.katalon.core.webui.keyword.WebUiBuiltInKeywords.getAttribute(batch, "value").trim(): Attribute 'value' of object '' is: '1200'

2018-06-10 19:26:19 - [MESSAGE][PASSED] - Attribute 'value' of object '' is: '1200'

2018-06-10 19:26:19 - [TEST_STEP][PASSED] - Statement - Rqty = 100: null

2018-06-10 19:26:19 - [TEST_STEP][PASSED] - Statement - out.println("BatchQty : " + batchqty): null

2018-06-10 19:26:19 - [TEST_STEP][PASSED] - Statement - out.println("RQty : " + Rqty): null

2018-06-10 19:26:19 - [TEST_STEP][PASSED] - Statement - If (java.lang.Integer.valueOf(batchqty) >= java.lang.Integer.valueOf(Rqty)): null

2018-06-10 19:26:19 - [TEST_STEP][PASSED] - Statement - Break: null

2018-06-10 19:26:19 - [TEST_STEP][PASSED] - Statement - batchlength = new com.kms.katalon.core.testobject.TestObject(): null

2018-06-10 19:26:19 - [TEST_STEP][PASSED] - Statement - batchlength = com.kms.katalon.core.webui.keyword.WebUiBuiltInKeywords.modifyObjectProperty(batchlength, "xpath", "equals", "//*[@id = "fldvendor" + row + ""]", true): Modify property of object successfully

2018-06-10 19:26:19 - [MESSAGE][PASSED] - Modify property of object successfully

2018-06-10 19:26:19 - [TEST_STEP][PASSED] - Statement - batchsize = com.kms.katalon.core.webui.keyword.WebUiBuiltInKeywords.getNumberOfTotalOption(batchlength): 15 options of object '' counted

2018-06-10 19:26:19 - [MESSAGE][PASSED] - 15 options of object '' counted

2018-06-10 19:26:19 - [TEST_STEP][PASSED] - Statement - out.println("BatchSize : " + batchsize): null

2018-06-10 19:26:19 - [TEST_STEP][PASSED] - Statement - For ([n = 1, n <= batchsize - 1, (n++)]): null

2018-06-10 19:26:19 - [TEST_STEP][PASSED] - Statement - product = new com.kms.katalon.core.testobject.TestObject(): null

2018-06-10 19:26:19 - [TEST_STEP][PASSED] - Statement - product = com.kms.katalon.core.webui.keyword.WebUiBuiltInKeywords.modifyObjectProperty(product, "xpath", "equals", "//*[@id = "fldvendor" + row + ""]", true): Modify property of object successfully

2018-06-10 19:26:19 - [MESSAGE][PASSED] - Modify property of object successfully

2018-06-10 19:26:19 - [TEST_STEP][PASSED] - selectOptionByIndex: All options with index in [1] are selected on object ''

2018-06-10 19:26:19 - [MESSAGE][PASSED] - All options with index in [1] are selected on object ''

2018-06-10 19:26:19 - [TEST_STEP][PASSED] - delay: Delayed 2 second(s)

2018-06-10 19:26:21 - [MESSAGE][PASSED] - Delayed 2 second(s)

2018-06-10 19:26:21 - [TEST_STEP][PASSED] - Statement - batch = new com.kms.katalon.core.testobject.TestObject(): null

2018-06-10 19:26:21 - [TEST_STEP][PASSED] - Statement - batch = com.kms.katalon.core.webui.keyword.WebUiBuiltInKeywords.modifyObjectProperty(batch, "xpath", "equals", "//*[@id = "txtbthqty" + row + ""]", true): Modify property of object successfully

2018-06-10 19:26:21 - [MESSAGE][PASSED] - Modify property of object successfully

2018-06-10 19:26:21 - [TEST_STEP][PASSED] - Statement - batchqty = com.kms.katalon.core.webui.keyword.WebUiBuiltInKeywords.getAttribute(batch, "value").trim(): Attribute 'value' of object '' is: '4700'

2018-06-10 19:26:21 - [MESSAGE][PASSED] - Attribute 'value' of object '' is: '4700'

2018-06-10 19:26:21 - [TEST_STEP][PASSED] - Statement - Rqty = 100: null

2018-06-10 19:26:21 - [TEST_STEP][PASSED] - Statement - out.println("BatchQty : " + batchqty): null

2018-06-10 19:26:21 - [TEST_STEP][PASSED] - Statement - out.println("RQty : " + Rqty): null

2018-06-10 19:26:21 - [TEST_STEP][PASSED] - Statement - If (java.lang.Integer.valueOf(batchqty) >= java.lang.Integer.valueOf(Rqty)): null

2018-06-10 19:26:21 - [TEST_STEP][PASSED] - Statement - Break: null

2018-06-10 19:26:21 - [TEST_STEP][PASSED] - Statement - batchlength = new com.kms.katalon.core.testobject.TestObject(): null

2018-06-10 19:26:21 - [TEST_STEP][PASSED] - Statement - batchlength = com.kms.katalon.core.webui.keyword.WebUiBuiltInKeywords.modifyObjectProperty(batchlength, "xpath", "equals", "//*[@id = "fldvendor" + row + ""]", true): Modify property of object successfully

2018-06-10 19:26:21 - [MESSAGE][PASSED] - Modify property of object successfully

2018-06-10 19:26:21 - [TEST_STEP][PASSED] - Statement - batchsize = com.kms.katalon.core.webui.keyword.WebUiBuiltInKeywords.getNumberOfTotalOption(batchlength): 15 options of object '' counted

2018-06-10 19:26:21 - [MESSAGE][PASSED] - 15 options of object '' counted

2018-06-10 19:26:21 - [TEST_STEP][PASSED] - Statement - out.println("BatchSize : " + batchsize): null

2018-06-10 19:26:21 - [TEST_STEP][PASSED] - Statement - For ([n = 1, n <= batchsize - 1, (n++)]): null

2018-06-10 19:26:21 - [TEST_STEP][PASSED] - Statement - product = new com.kms.katalon.core.testobject.TestObject(): null

2018-06-10 19:26:21 - [TEST_STEP][PASSED] - Statement - product = com.kms.katalon.core.webui.keyword.WebUiBuiltInKeywords.modifyObjectProperty(product, "xpath", "equals", "//*[@id = "fldvendor" + row + ""]", true): Modify property of object successfully

2018-06-10 19:26:21 - [MESSAGE][PASSED] - Modify property of object successfully

2018-06-10 19:26:21 - [TEST_STEP][PASSED] - selectOptionByIndex: All options with index in [1] are selected on object ''

2018-06-10 19:26:21 - [MESSAGE][PASSED] - All options with index in [1] are selected on object ''

2018-06-10 19:26:21 - [TEST_STEP][PASSED] - delay: Delayed 2 second(s)

2018-06-10 19:26:23 - [MESSAGE][PASSED] - Delayed 2 second(s)

2018-06-10 19:26:23 - [TEST_STEP][PASSED] - Statement - batch = new com.kms.katalon.core.testobject.TestObject(): null

2018-06-10 19:26:23 - [TEST_STEP][PASSED] - Statement - batch = com.kms.katalon.core.webui.keyword.WebUiBuiltInKeywords.modifyObjectProperty(batch, "xpath", "equals", "//*[@id = "txtbthqty" + row + ""]", true): Modify property of object successfully

2018-06-10 19:26:23 - [MESSAGE][PASSED] - Modify property of object successfully

2018-06-10 19:26:23 - [TEST_STEP][PASSED] - Statement - batchqty = com.kms.katalon.core.webui.keyword.WebUiBuiltInKeywords.getAttribute(batch, "value").trim(): Attribute 'value' of object '' is: '200'

2018-06-10 19:26:23 - [MESSAGE][PASSED] - Attribute 'value' of object '' is: '200'

2018-06-10 19:26:23 - [TEST_STEP][PASSED] - Statement - Rqty = 100: null

2018-06-10 19:26:23 - [TEST_STEP][PASSED] - Statement - out.println("BatchQty : " + batchqty): null

2018-06-10 19:26:23 - [TEST_STEP][PASSED] - Statement - out.println("RQty : " + Rqty): null

2018-06-10 19:26:23 - [TEST_STEP][PASSED] - Statement - If (java.lang.Integer.valueOf(batchqty) >= java.lang.Integer.valueOf(Rqty)): null

2018-06-10 19:26:23 - [TEST_STEP][PASSED] - Statement - Break: null

2018-06-10 19:26:23 - [TEST_STEP][PASSED] - Statement - batchlength = new com.kms.katalon.core.testobject.TestObject(): null

2018-06-10 19:26:23 - [TEST_STEP][PASSED] - Statement - batchlength = com.kms.katalon.core.webui.keyword.WebUiBuiltInKeywords.modifyObjectProperty(batchlength, "xpath", "equals", "//*[@id = "fldvendor" + row + ""]", true): Modify property of object successfully

2018-06-10 19:26:23 - [MESSAGE][PASSED] - Modify property of object successfully

2018-06-10 19:26:23 - [TEST_STEP][PASSED] - Statement - batchsize = com.kms.katalon.core.webui.keyword.WebUiBuiltInKeywords.getNumberOfTotalOption(batchlength): 15 options of object '' counted

2018-06-10 19:26:23 - [MESSAGE][PASSED] - 15 options of object '' counted

2018-06-10 19:26:23 - [TEST_STEP][PASSED] - Statement - out.println("BatchSize : " + batchsize): null

2018-06-10 19:26:23 - [TEST_STEP][PASSED] - Statement - For ([n = 1, n <= batchsize - 1, (n++)]): null

2018-06-10 19:26:23 - [TEST_STEP][PASSED] - Statement - product = new com.kms.katalon.core.testobject.TestObject(): null

2018-06-10 19:26:23 - [TEST_STEP][PASSED] - Statement - product = com.kms.katalon.core.webui.keyword.WebUiBuiltInKeywords.modifyObjectProperty(product, "xpath", "equals", "//*[@id = "fldvendor" + row + ""]", true): Modify property of object successfully

2018-06-10 19:26:23 - [MESSAGE][PASSED] - Modify property of object successfully

2018-06-10 19:26:23 - [TEST_STEP][PASSED] - selectOptionByIndex: All options with index in [1] are selected on object ''

2018-06-10 19:26:23 - [MESSAGE][PASSED] - All options with index in [1] are selected on object ''

2018-06-10 19:26:23 - [TEST_STEP][PASSED] - delay: Delayed 2 second(s)

2018-06-10 19:26:25 - [MESSAGE][PASSED] - Delayed 2 second(s)

2018-06-10 19:26:25 - [TEST_STEP][PASSED] - Statement - batch = new com.kms.katalon.core.testobject.TestObject(): null

2018-06-10 19:26:25 - [TEST_STEP][PASSED] - Statement - batch = com.kms.katalon.core.webui.keyword.WebUiBuiltInKeywords.modifyObjectProperty(batch, "xpath", "equals", "//*[@id = "txtbthqty" + row + ""]", true): Modify property of object successfully

2018-06-10 19:26:25 - [MESSAGE][PASSED] - Modify property of object successfully

2018-06-10 19:26:25 - [TEST_STEP][PASSED] - Statement - batchqty = com.kms.katalon.core.webui.keyword.WebUiBuiltInKeywords.getAttribute(batch, "value").trim(): Attribute 'value' of object '' is: '200'

2018-06-10 19:26:25 - [MESSAGE][PASSED] - Attribute 'value' of object '' is: '200'

2018-06-10 19:26:25 - [TEST_STEP][PASSED] - Statement - Rqty = 100: null

2018-06-10 19:26:25 - [TEST_STEP][PASSED] - Statement - out.println("BatchQty : " + batchqty): null

2018-06-10 19:26:25 - [TEST_STEP][PASSED] - Statement - out.println("RQty : " + Rqty): null

2018-06-10 19:26:25 - [TEST_STEP][PASSED] - Statement - If (java.lang.Integer.valueOf(batchqty) >= java.lang.Integer.valueOf(Rqty)): null

2018-06-10 19:26:25 - [TEST_STEP][PASSED] - Statement - Break: null

2018-06-10 19:26:25 - [TEST_STEP][PASSED] - Statement - batchlength = new com.kms.katalon.core.testobject.TestObject(): null

2018-06-10 19:26:25 - [TEST_STEP][PASSED] - Statement - batchlength = com.kms.katalon.core.webui.keyword.WebUiBuiltInKeywords.modifyObjectProperty(batchlength, "xpath", "equals", "//*[@id = "fldvendor" + row + ""]", true): Modify property of object successfully

2018-06-10 19:26:25 - [MESSAGE][PASSED] - Modify property of object successfully

2018-06-10 19:26:25 - [TEST_STEP][PASSED] - Statement - batchsize = com.kms.katalon.core.webui.keyword.WebUiBuiltInKeywords.getNumberOfTotalOption(batchlength): 15 options of object '' counted

2018-06-10 19:26:25 - [MESSAGE][PASSED] - 15 options of object '' counted

2018-06-10 19:26:25 - [TEST_STEP][PASSED] - Statement - out.println("BatchSize : " + batchsize): null

2018-06-10 19:26:25 - [TEST_STEP][PASSED] - Statement - For ([n = 1, n <= batchsize - 1, (n++)]): null

2018-06-10 19:26:25 - [TEST_STEP][PASSED] - Statement - product = new com.kms.katalon.core.testobject.TestObject(): null

2018-06-10 19:26:25 - [TEST_STEP][PASSED] - Statement - product = com.kms.katalon.core.webui.keyword.WebUiBuiltInKeywords.modifyObjectProperty(product, "xpath", "equals", "//*[@id = "fldvendor" + row + ""]", true): Modify property of object successfully

2018-06-10 19:26:25 - [MESSAGE][PASSED] - Modify property of object successfully

2018-06-10 19:26:25 - [TEST_STEP][PASSED] - selectOptionByIndex: All options with index in [1] are selected on object ''

2018-06-10 19:26:26 - [MESSAGE][PASSED] - All options with index in [1] are selected on object ''

2018-06-10 19:26:26 - [TEST_STEP][PASSED] - delay: Delayed 2 second(s)

2018-06-10 19:26:28 - [MESSAGE][PASSED] - Delayed 2 second(s)

2018-06-10 19:26:28 - [TEST_STEP][PASSED] - Statement - batch = new com.kms.katalon.core.testobject.TestObject(): null

2018-06-10 19:26:28 - [TEST_STEP][PASSED] - Statement - batch = com.kms.katalon.core.webui.keyword.WebUiBuiltInKeywords.modifyObjectProperty(batch, "xpath", "equals", "//*[@id = "txtbthqty" + row + ""]", true): Modify property of object successfully

2018-06-10 19:26:28 - [MESSAGE][PASSED] - Modify property of object successfully

2018-06-10 19:26:28 - [TEST_STEP][PASSED] - Statement - batchqty = com.kms.katalon.core.webui.keyword.WebUiBuiltInKeywords.getAttribute(batch, "value").trim(): Attribute 'value' of object '' is: '2200'

2018-06-10 19:26:28 - [MESSAGE][PASSED] - Attribute 'value' of object '' is: '2200'

2018-06-10 19:26:28 - [TEST_STEP][PASSED] - Statement - Rqty = 100: null

2018-06-10 19:26:28 - [TEST_STEP][PASSED] - Statement - out.println("BatchQty : " + batchqty): null

2018-06-10 19:26:28 - [TEST_STEP][PASSED] - Statement - out.println("RQty : " + Rqty): null

2018-06-10 19:26:28 - [TEST_STEP][PASSED] - Statement - If (java.lang.Integer.valueOf(batchqty) >= java.lang.Integer.valueOf(Rqty)): null

2018-06-10 19:26:28 - [TEST_STEP][PASSED] - Statement - Break: null

2018-06-10 19:26:28 - [TEST_STEP][PASSED] - Statement - batchlength = new com.kms.katalon.core.testobject.TestObject(): null

2018-06-10 19:26:28 - [TEST_STEP][PASSED] - Statement - batchlength = com.kms.katalon.core.webui.keyword.WebUiBuiltInKeywords.modifyObjectProperty(batchlength, "xpath", "equals", "//*[@id = "fldvendor" + row + ""]", true): Modify property of object successfully

2018-06-10 19:26:28 - [MESSAGE][PASSED] - Modify property of object successfully

2018-06-10 19:26:28 - [TEST_STEP][PASSED] - Statement - batchsize = com.kms.katalon.core.webui.keyword.WebUiBuiltInKeywords.getNumberOfTotalOption(batchlength): 15 options of object '' counted

2018-06-10 19:26:28 - [MESSAGE][PASSED] - 15 options of object '' counted

2018-06-10 19:26:28 - [TEST_STEP][PASSED] - Statement - out.println("BatchSize : " + batchsize): null

2018-06-10 19:26:28 - [TEST_STEP][PASSED] - Statement - For ([n = 1, n <= batchsize - 1, (n++)]): null

2018-06-10 19:26:28 - [TEST_STEP][PASSED] - Statement - product = new com.kms.katalon.core.testobject.TestObject(): null

2018-06-10 19:26:28 - [TEST_STEP][PASSED] - Statement - product = com.kms.katalon.core.webui.keyword.WebUiBuiltInKeywords.modifyObjectProperty(product, "xpath", "equals", "//*[@id = "fldvendor" + row + ""]", true): Modify property of object successfully

2018-06-10 19:26:28 - [MESSAGE][PASSED] - Modify property of object successfully

2018-06-10 19:26:28 - [TEST_STEP][PASSED] - selectOptionByIndex: All options with index in [1] are selected on object ''

2018-06-10 19:26:28 - [MESSAGE][PASSED] - All options with index in [1] are selected on object ''

2018-06-10 19:26:28 - [TEST_STEP][PASSED] - delay: Delayed 2 second(s)

2018-06-10 19:26:30 - [MESSAGE][PASSED] - Delayed 2 second(s)

2018-06-10 19:26:30 - [TEST_STEP][PASSED] - Statement - batch = new com.kms.katalon.core.testobject.TestObject(): null

2018-06-10 19:26:30 - [TEST_STEP][PASSED] - Statement - batch = com.kms.katalon.core.webui.keyword.WebUiBuiltInKeywords.modifyObjectProperty(batch, "xpath", "equals", "//*[@id = "txtbthqty" + row + ""]", true): Modify property of object successfully

2018-06-10 19:26:30 - [MESSAGE][PASSED] - Modify property of object successfully

2018-06-10 19:26:30 - [TEST_STEP][PASSED] - Statement - batchqty = com.kms.katalon.core.webui.keyword.WebUiBuiltInKeywords.getAttribute(batch, "value").trim(): Attribute 'value' of object '' is: '200'

2018-06-10 19:26:30 - [MESSAGE][PASSED] - Attribute 'value' of object '' is: '200'

2018-06-10 19:26:30 - [TEST_STEP][PASSED] - Statement - Rqty = 100: null

2018-06-10 19:26:30 - [TEST_STEP][PASSED] - Statement - out.println("BatchQty : " + batchqty): null

2018-06-10 19:26:30 - [TEST_STEP][PASSED] - Statement - out.println("RQty : " + Rqty): null

2018-06-10 19:26:30 - [TEST_STEP][PASSED] - Statement - If (java.lang.Integer.valueOf(batchqty) >= java.lang.Integer.valueOf(Rqty)): null

2018-06-10 19:26:30 - [TEST_STEP][PASSED] - Statement - Break: null

2018-06-10 19:26:30 - [TEST_STEP][PASSED] - Statement - batchlength = new com.kms.katalon.core.testobject.TestObject(): null

2018-06-10 19:26:30 - [TEST_STEP][PASSED] - Statement - batchlength = com.kms.katalon.core.webui.keyword.WebUiBuiltInKeywords.modifyObjectProperty(batchlength, "xpath", "equals", "//*[@id = "fldvendor" + row + ""]", true): Modify property of object successfully

2018-06-10 19:26:30 - [MESSAGE][PASSED] - Modify property of object successfully

2018-06-10 19:26:30 - [TEST_STEP][PASSED] - Statement - batchsize = com.kms.katalon.core.webui.keyword.WebUiBuiltInKeywords.getNumberOfTotalOption(batchlength): 15 options of object '' counted

2018-06-10 19:26:30 - [MESSAGE][PASSED] - 15 options of object '' counted

2018-06-10 19:26:30 - [TEST_STEP][PASSED] - Statement - out.println("BatchSize : " + batchsize): null

2018-06-10 19:26:30 - [TEST_STEP][PASSED] - Statement - For ([n = 1, n <= batchsize - 1, (n++)]): null

2018-06-10 19:26:30 - [TEST_STEP][PASSED] - Statement - product = new com.kms.katalon.core.testobject.TestObject(): null

2018-06-10 19:26:30 - [TEST_STEP][PASSED] - Statement - product = com.kms.katalon.core.webui.keyword.WebUiBuiltInKeywords.modifyObjectProperty(product, "xpath", "equals", "//*[@id = "fldvendor" + row + ""]", true): Modify property of object successfully

2018-06-10 19:26:30 - [MESSAGE][PASSED] - Modify property of object successfully

2018-06-10 19:26:30 - [TEST_STEP][PASSED] - selectOptionByIndex: All options with index in [1] are selected on object ''

2018-06-10 19:26:30 - [MESSAGE][PASSED] - All options with index in [1] are selected on object ''

2018-06-10 19:26:30 - [TEST_STEP][PASSED] - delay: Delayed 2 second(s)

2018-06-10 19:26:32 - [MESSAGE][PASSED] - Delayed 2 second(s)

2018-06-10 19:26:32 - [TEST_STEP][PASSED] - Statement - batch = new com.kms.katalon.core.testobject.TestObject(): null

2018-06-10 19:26:32 - [TEST_STEP][PASSED] - Statement - batch = com.kms.katalon.core.webui.keyword.WebUiBuiltInKeywords.modifyObjectProperty(batch, "xpath", "equals", "//*[@id = "txtbthqty" + row + ""]", true): Modify property of object successfully

2018-06-10 19:26:32 - [MESSAGE][PASSED] - Modify property of object successfully

2018-06-10 19:26:32 - [TEST_STEP][PASSED] - Statement - batchqty = com.kms.katalon.core.webui.keyword.WebUiBuiltInKeywords.getAttribute(batch, "value").trim(): Attribute 'value' of object '' is: '3900'

2018-06-10 19:26:32 - [MESSAGE][PASSED] - Attribute 'value' of object '' is: '3900'

2018-06-10 19:26:32 - [TEST_STEP][PASSED] - Statement - Rqty = 100: null

2018-06-10 19:26:32 - [TEST_STEP][PASSED] - Statement - out.println("BatchQty : " + batchqty): null

2018-06-10 19:26:32 - [TEST_STEP][PASSED] - Statement - out.println("RQty : " + Rqty): null

2018-06-10 19:26:32 - [TEST_STEP][PASSED] - Statement - If (java.lang.Integer.valueOf(batchqty) >= java.lang.Integer.valueOf(Rqty)): null

2018-06-10 19:26:32 - [TEST_STEP][PASSED] - Statement - Break: null

2018-06-10 19:26:32 - [TEST_STEP][PASSED] - Statement - batchlength = new com.kms.katalon.core.testobject.TestObject(): null

2018-06-10 19:26:32 - [TEST_STEP][PASSED] - Statement - batchlength = com.kms.katalon.core.webui.keyword.WebUiBuiltInKeywords.modifyObjectProperty(batchlength, "xpath", "equals", "//*[@id = "fldvendor" + row + ""]", true): Modify property of object successfully

2018-06-10 19:26:32 - [MESSAGE][PASSED] - Modify property of object successfully

2018-06-10 19:26:32 - [TEST_STEP][PASSED] - Statement - batchsize = com.kms.katalon.core.webui.keyword.WebUiBuiltInKeywords.getNumberOfTotalOption(batchlength): 15 options of object '' counted

2018-06-10 19:26:32 - [MESSAGE][PASSED] - 15 options of object '' counted

2018-06-10 19:26:32 - [TEST_STEP][PASSED] - Statement - out.println("BatchSize : " + batchsize): null

2018-06-10 19:26:32 - [TEST_STEP][PASSED] - Statement - For ([n = 1, n <= batchsize - 1, (n++)]): null

2018-06-10 19:26:32 - [TEST_STEP][PASSED] - Statement - product = new com.kms.katalon.core.testobject.TestObject(): null

2018-06-10 19:26:32 - [TEST_STEP][PASSED] - Statement - product = com.kms.katalon.core.webui.keyword.WebUiBuiltInKeywords.modifyObjectProperty(product, "xpath", "equals", "//*[@id = "fldvendor" + row + ""]", true): Modify property of object successfully

2018-06-10 19:26:32 - [MESSAGE][PASSED] - Modify property of object successfully

2018-06-10 19:26:32 - [TEST_STEP][PASSED] - selectOptionByIndex: All options with index in [1] are selected on object ''

2018-06-10 19:26:32 - [MESSAGE][PASSED] - All options with index in [1] are selected on object ''

2018-06-10 19:26:32 - [TEST_STEP][PASSED] - delay: Delayed 2 second(s)

2018-06-10 19:26:34 - [MESSAGE][PASSED] - Delayed 2 second(s)

2018-06-10 19:26:34 - [TEST_STEP][PASSED] - Statement - batch = new com.kms.katalon.core.testobject.TestObject(): null

2018-06-10 19:26:34 - [TEST_STEP][PASSED] - Statement - batch = com.kms.katalon.core.webui.keyword.WebUiBuiltInKeywords.modifyObjectProperty(batch, "xpath", "equals", "//*[@id = "txtbthqty" + row + ""]", true): Modify property of object successfully

2018-06-10 19:26:34 - [MESSAGE][PASSED] - Modify property of object successfully

2018-06-10 19:26:34 - [TEST_STEP][PASSED] - Statement - batchqty = com.kms.katalon.core.webui.keyword.WebUiBuiltInKeywords.getAttribute(batch, "value").trim(): Attribute 'value' of object '' is: '35200'

2018-06-10 19:26:34 - [MESSAGE][PASSED] - Attribute 'value' of object '' is: '35200'

2018-06-10 19:26:34 - [TEST_STEP][PASSED] - Statement - Rqty = 100: null

2018-06-10 19:26:34 - [TEST_STEP][PASSED] - Statement - out.println("BatchQty : " + batchqty): null

2018-06-10 19:26:34 - [TEST_STEP][PASSED] - Statement - out.println("RQty : " + Rqty): null

2018-06-10 19:26:34 - [TEST_STEP][PASSED] - Statement - If (java.lang.Integer.valueOf(batchqty) >= java.lang.Integer.valueOf(Rqty)): null

2018-06-10 19:26:34 - [TEST_STEP][PASSED] - Statement - Break: null

2018-06-10 19:26:34 - [TEST_STEP][PASSED] - delay: Delayed 2 second(s)

2018-06-10 19:26:36 - [MESSAGE][PASSED] - Delayed 2 second(s)

2018-06-10 19:26:36 - [TEST_STEP][PASSED] - click: Object: 'Object Repository/HealthpostToCms/Page_KDMC - CMS/input_btndispatch' is clicked on

2018-06-10 19:26:37 - [MESSAGE][PASSED] - Object: 'Object Repository/HealthpostToCms/Page_KDMC - CMS/input_btndispatch' is clicked on

2018-06-10 19:26:37 - [TEST_STEP][PASSED] - waitForElementVisible: Object 'Object Repository/HealthpostToCms/Page_KDMC - CMS/button_OK' is visible

2018-06-10 19:26:39 - [MESSAGE][PASSED] - Object 'Object Repository/HealthpostToCms/Page_KDMC - CMS/button_OK' is visible

2018-06-10 19:26:39 - [TEST_STEP][PASSED] - click: Object: 'Object Repository/HealthpostToCms/Page_KDMC - CMS/button_OK' is clicked on

2018-06-10 19:26:39 - [MESSAGE][PASSED] - Object: 'Object Repository/HealthpostToCms/Page_KDMC - CMS/button_OK' is clicked on

2018-06-10 19:26:39 - [TEST_STEP][PASSED] - delay: Delayed 3 second(s)

2018-06-10 19:26:42 - [MESSAGE][PASSED] - Delayed 3 second(s)

2018-06-10 19:26:42 - [TEST_STEP][PASSED] - click: Object: 'Object Repository/HealthpostToCms/Page_KDMC - CMS/a_dropdown-toggle' is clicked on

2018-06-10 19:26:43 - [MESSAGE][PASSED] - Object: 'Object Repository/HealthpostToCms/Page_KDMC - CMS/a_dropdown-toggle' is clicked on

2018-06-10 19:26:43 - [TEST_STEP][PASSED] - click: Object: 'Object Repository/HealthpostToCms/Page_KDMC - CMS/a_Sign out' is clicked on

2018-06-10 19:26:43 - [MESSAGE][PASSED] - Object: 'Object Repository/HealthpostToCms/Page_KDMC - CMS/a_Sign out' is clicked on

2018-06-10 19:26:43 - [TEST_STEP][PASSED] - delay: Delayed 3 second(s)

2018-06-10 19:26:46 - [MESSAGE][PASSED] - Delayed 3 second(s)

2018-06-10 19:26:46 - [TEST_STEP][PASSED] - navigateToUrl: Navigate to 'http://192.168.137.1/multihospital_new/HDSplashscreen.aspx' successfully

2018-06-10 19:26:46 - [MESSAGE][PASSED] - Navigate to 'http://192.168.137.1/multihospital_new/HDSplashscreen.aspx' successfully

2018-06-10 19:26:46 - [TEST_STEP][PASSED] - click: Object: 'Object Repository/HealthpostToCms/Page_KDMC/a_Healthpost Store' is clicked on

2018-06-10 19:26:47 - [MESSAGE][PASSED] - Object: 'Object Repository/HealthpostToCms/Page_KDMC/a_Healthpost Store' is clicked on

2018-06-10 19:26:47 - [TEST_STEP][PASSED] - setText: Text 'raguram' is set on object 'Object Repository/HealthpostToCms/Page_HealthPost Store Login/input_txtusername'

2018-06-10 19:26:47 - [MESSAGE][PASSED] - Text 'raguram' is set on object 'Object Repository/HealthpostToCms/Page_HealthPost Store Login/input_txtusername'

2018-06-10 19:26:47 - [TEST_STEP][PASSED] - setText: Text '123' is set on object 'Object Repository/HealthpostToCms/Page_HealthPost Store Login/input_txtpassword'

2018-06-10 19:26:47 - [MESSAGE][PASSED] - Text '123' is set on object 'Object Repository/HealthpostToCms/Page_HealthPost Store Login/input_txtpassword'

2018-06-10 19:26:47 - [TEST_STEP][PASSED] - delay: Delayed 3 second(s)

2018-06-10 19:26:50 - [MESSAGE][PASSED] - Delayed 3 second(s)

2018-06-10 19:26:50 - [TEST_STEP][PASSED] - click: Object: 'Object Repository/HealthpostToCms/Page_HealthPost Store Login/button_Sign in' is clicked on

2018-06-10 19:26:51 - [MESSAGE][PASSED] - Object: 'Object Repository/HealthpostToCms/Page_HealthPost Store Login/button_Sign in' is clicked on

2018-06-10 19:26:51 - [TEST_STEP][PASSED] - delay: Delayed 3 second(s)

2018-06-10 19:26:54 - [MESSAGE][PASSED] - Delayed 3 second(s)

2018-06-10 19:26:54 - [TEST_STEP][PASSED] - click: Object: 'Object Repository/HealthpostToCms/Page_HealthPost Store/a_CMS' is clicked on

2018-06-10 19:26:54 - [MESSAGE][PASSED] - Object: 'Object Repository/HealthpostToCms/Page_HealthPost Store/a_CMS' is clicked on

2018-06-10 19:26:54 - [TEST_STEP][PASSED] - delay: Delayed 2 second(s)

2018-06-10 19:26:56 - [MESSAGE][PASSED] - Delayed 2 second(s)

2018-06-10 19:26:56 - [TEST_STEP][PASSED] - click: Object: 'Object Repository/HealthpostToCms/Page_HealthPost Store/a_Receiving Goods' is clicked on

2018-06-10 19:26:56 - [MESSAGE][PASSED] - Object: 'Object Repository/HealthpostToCms/Page_HealthPost Store/a_Receiving Goods' is clicked on

2018-06-10 19:26:56 - [TEST_STEP][PASSED] - setText: Text 'PRNO/10062018/813' is set on object 'Object Repository/HealthpostToCms/Page_HealthPost Store/input'

2018-06-10 19:26:57 - [MESSAGE][PASSED] - Text 'PRNO/10062018/813' is set on object 'Object Repository/HealthpostToCms/Page_HealthPost Store/input'

2018-06-10 19:26:57 - [TEST_STEP][PASSED] - click: Object: 'Object Repository/HealthpostToCms/Page_HealthPost Store/input_PRNO18052018174' is clicked on

2018-06-10 19:26:57 - [MESSAGE][PASSED] - Object: 'Object Repository/HealthpostToCms/Page_HealthPost Store/input_PRNO18052018174' is clicked on

2018-06-10 19:26:57 - [TEST_STEP][PASSED] - delay: Delayed 2 second(s)

2018-06-10 19:26:59 - [MESSAGE][PASSED] - Delayed 2 second(s)

2018-06-10 19:26:59 - [TEST_STEP][PASSED] - click: Object: 'Object Repository/HealthpostToCms/Page_HealthPost Store/input_chkrem' is clicked on

2018-06-10 19:26:59 - [MESSAGE][PASSED] - Object: 'Object Repository/HealthpostToCms/Page_HealthPost Store/input_chkrem' is clicked on

2018-06-10 19:26:59 - [TEST_STEP][PASSED] - scrollToElement: Scroll to object 'Object Repository/HealthpostToCms/Page_HealthPost Store/input_btchkroqadd' successfully

2018-06-10 19:26:59 - [MESSAGE][PASSED] - Scroll to object 'Object Repository/HealthpostToCms/Page_HealthPost Store/input_btchkroqadd' successfully

2018-06-10 19:26:59 - [TEST_STEP][PASSED] - click: Object: 'Object Repository/HealthpostToCms/Page_HealthPost Store/input_btchkroqadd' is clicked on

2018-06-10 19:26:59 - [MESSAGE][PASSED] - Object: 'Object Repository/HealthpostToCms/Page_HealthPost Store/input_btchkroqadd' is clicked on

2018-06-10 19:26:59 - [TEST_STEP][PASSED] - delay: Delayed 2 second(s)

2018-06-10 19:27:01 - [MESSAGE][PASSED] - Delayed 2 second(s)

2018-06-10 19:27:01 - [TEST_STEP][PASSED] - refresh: Refresh successfully

2018-06-10 19:27:02 - [MESSAGE][PASSED] - Refresh successfully

2018-06-10 19:27:02 - [TEST_STEP][PASSED] - delay: Delayed 3 second(s)

2018-06-10 19:27:05 - [MESSAGE][PASSED] - Delayed 3 second(s)

2018-06-10 19:27:05 - [TEST_STEP][PASSED] - click: Object: 'Object Repository/HealthpostToCms/Page_HealthPost Store/a_dropdown-toggle' is clicked on

2018-06-10 19:27:05 - [MESSAGE][PASSED] - Object: 'Object Repository/HealthpostToCms/Page_HealthPost Store/a_dropdown-toggle' is clicked on

2018-06-10 19:27:05 - [TEST_STEP][PASSED] - click: Object: 'Object Repository/HealthpostToCms/Page_HealthPost Store/a_Sign out' is clicked on

2018-06-10 19:27:06 - [MESSAGE][PASSED] - Object: 'Object Repository/HealthpostToCms/Page_HealthPost Store/a_Sign out' is clicked on

2018-06-10 19:27:06 - [TEST_STEP][PASSED] - closeBrowser: Browser is closed

2018-06-10 19:27:06 - [MESSAGE][PASSED] - Browser is closed]]></system-out>
         <system-err><![CDATA[]]></system-err>
      </testcase>
      <testcase name="Test Cases/HEALTHPOST TEST CASES/TC_HP_014 Verify Schedule 2 Healthpost To CMS Request Are Working Successfully Or Not" classname="Test Cases/HEALTHPOST TEST CASES/TC_HP_014 Verify Schedule 2 Healthpost To CMS Request Are Working Successfully Or Not" status="PASSED">
         <system-out><![CDATA[2018-06-10 19:27:06 - [TEST_CASE][PASSED] - Test Cases/HEALTHPOST TEST CASES/TC_HP_014 Verify Schedule 2 Healthpost To CMS Request Are Working Successfully Or Not: Test Cases/HEALTHPOST TEST CASES/TC_HP_014 Verify Schedule 2 Healthpost To CMS Request Are Working Successfully Or Not

2018-06-10 19:27:07 - [TEST_STEP][PASSED] - openBrowser: Browser is opened with url: ''

2018-06-10 19:27:09 - [MESSAGE][PASSED] - Browser is opened with url: ''

2018-06-10 19:27:09 - [TEST_STEP][PASSED] - navigateToUrl: Navigate to 'http://192.168.137.1/multihospital_new/HDSplashscreen.aspx' successfully

2018-06-10 19:27:10 - [MESSAGE][PASSED] - Navigate to 'http://192.168.137.1/multihospital_new/HDSplashscreen.aspx' successfully

2018-06-10 19:27:10 - [TEST_STEP][PASSED] - maximizeWindow: Current window maximized

2018-06-10 19:27:12 - [MESSAGE][PASSED] - Current window maximized

2018-06-10 19:27:12 - [TEST_STEP][PASSED] - click: Object: 'Object Repository/HealthpostToCms/Page_KDMC/a_Healthpost Store' is clicked on

2018-06-10 19:27:12 - [MESSAGE][PASSED] - Object: 'Object Repository/HealthpostToCms/Page_KDMC/a_Healthpost Store' is clicked on

2018-06-10 19:27:12 - [TEST_STEP][PASSED] - setText: Text 'raguram' is set on object 'Object Repository/HealthpostToCms/Page_HealthPost Store Login/input_txtusername'

2018-06-10 19:27:12 - [MESSAGE][PASSED] - Text 'raguram' is set on object 'Object Repository/HealthpostToCms/Page_HealthPost Store Login/input_txtusername'

2018-06-10 19:27:12 - [TEST_STEP][PASSED] - setText: Text '123' is set on object 'Object Repository/HealthpostToCms/Page_HealthPost Store Login/input_txtpassword'

2018-06-10 19:27:13 - [MESSAGE][PASSED] - Text '123' is set on object 'Object Repository/HealthpostToCms/Page_HealthPost Store Login/input_txtpassword'

2018-06-10 19:27:13 - [TEST_STEP][PASSED] - delay: Delayed 3 second(s)

2018-06-10 19:27:16 - [MESSAGE][PASSED] - Delayed 3 second(s)

2018-06-10 19:27:16 - [TEST_STEP][PASSED] - click: Object: 'Object Repository/HealthpostToCms/Page_HealthPost Store Login/button_Sign in' is clicked on

2018-06-10 19:27:16 - [MESSAGE][PASSED] - Object: 'Object Repository/HealthpostToCms/Page_HealthPost Store Login/button_Sign in' is clicked on

2018-06-10 19:27:16 - [TEST_STEP][PASSED] - delay: Delayed 3 second(s)

2018-06-10 19:27:19 - [MESSAGE][PASSED] - Delayed 3 second(s)

2018-06-10 19:27:19 - [TEST_STEP][PASSED] - click: Object: 'Object Repository/HealthpostToCms/Page_HealthPost Store/a_CMS' is clicked on

2018-06-10 19:27:19 - [MESSAGE][PASSED] - Object: 'Object Repository/HealthpostToCms/Page_HealthPost Store/a_CMS' is clicked on

2018-06-10 19:27:19 - [TEST_STEP][PASSED] - click: Object: 'Object Repository/HealthpostToCms/Page_HealthPost Store/a_Request Send' is clicked on

2018-06-10 19:27:20 - [MESSAGE][PASSED] - Object: 'Object Repository/HealthpostToCms/Page_HealthPost Store/a_Request Send' is clicked on

2018-06-10 19:27:20 - [TEST_STEP][PASSED] - delay: Delayed 2 second(s)

2018-06-10 19:27:22 - [MESSAGE][PASSED] - Delayed 2 second(s)

2018-06-10 19:27:22 - [TEST_STEP][PASSED] - selectOptionByIndex: All options with index in [2] are selected on object 'Object Repository/HealthpostToCms/Page_HealthPost Store/select_--Select--'

2018-06-10 19:27:22 - [MESSAGE][PASSED] - All options with index in [2] are selected on object 'Object Repository/HealthpostToCms/Page_HealthPost Store/select_--Select--'

2018-06-10 19:27:22 - [TEST_STEP][PASSED] - selectOptionByIndex: All options with index in [2] are selected on object 'Object Repository/HealthpostToCms/Page_HealthPost Store/select_--Select--Schedule 1Inj'

2018-06-10 19:27:22 - [MESSAGE][PASSED] - All options with index in [2] are selected on object 'Object Repository/HealthpostToCms/Page_HealthPost Store/select_--Select--Schedule 1Inj'

2018-06-10 19:27:22 - [TEST_STEP][PASSED] - Statement - medicineslength = com.kms.katalon.core.webui.keyword.WebUiBuiltInKeywords.getNumberOfTotalOption(com.kms.katalon.core.testobject.ObjectRepository.findTestObject(HealthpostToCms/Page_HealthPost Store/select_--Select--Adernaline 0.)): 73 options of object 'Object Repository/HealthpostToCms/Page_HealthPost Store/select_--Select--Adernaline 0.' counted

2018-06-10 19:27:22 - [MESSAGE][PASSED] - 73 options of object 'Object Repository/HealthpostToCms/Page_HealthPost Store/select_--Select--Adernaline 0.' counted

2018-06-10 19:27:22 - [TEST_STEP][PASSED] - Statement - For ([e = 1, e <= medicineslength - 1, (e++)]): Object: 'Object Repository/HealthpostToCms/Page_HealthPost Store/button_Add' is clicked on

2018-06-10 19:27:22 - [TEST_STEP][PASSED] - selectOptionByIndex: All options with index in [2] are selected on object 'Object Repository/HealthpostToCms/Page_HealthPost Store/select_--Select--Schedule 1Inj'

2018-06-10 19:27:22 - [MESSAGE][PASSED] - All options with index in [2] are selected on object 'Object Repository/HealthpostToCms/Page_HealthPost Store/select_--Select--Schedule 1Inj'

2018-06-10 19:27:22 - [TEST_STEP][PASSED] - selectOptionByIndex: All options with index in [1] are selected on object 'Object Repository/HealthpostToCms/Page_HealthPost Store/select_--Select--Adernaline 0.'

2018-06-10 19:27:23 - [MESSAGE][PASSED] - All options with index in [1] are selected on object 'Object Repository/HealthpostToCms/Page_HealthPost Store/select_--Select--Adernaline 0.'

2018-06-10 19:27:23 - [TEST_STEP][PASSED] - setText: Text '100' is set on object 'Object Repository/HealthpostToCms/Page_HealthPost Store/input_txttreat'

2018-06-10 19:27:23 - [MESSAGE][PASSED] - Text '100' is set on object 'Object Repository/HealthpostToCms/Page_HealthPost Store/input_txttreat'

2018-06-10 19:27:23 - [TEST_STEP][PASSED] - click: Object: 'Object Repository/HealthpostToCms/Page_HealthPost Store/button_Add' is clicked on

2018-06-10 19:27:23 - [MESSAGE][PASSED] - Object: 'Object Repository/HealthpostToCms/Page_HealthPost Store/button_Add' is clicked on

2018-06-10 19:27:23 - [TEST_STEP][PASSED] - selectOptionByIndex: All options with index in [2] are selected on object 'Object Repository/HealthpostToCms/Page_HealthPost Store/select_--Select--Schedule 1Inj'

2018-06-10 19:27:23 - [MESSAGE][PASSED] - All options with index in [2] are selected on object 'Object Repository/HealthpostToCms/Page_HealthPost Store/select_--Select--Schedule 1Inj'

2018-06-10 19:27:23 - [TEST_STEP][PASSED] - selectOptionByIndex: All options with index in [2] are selected on object 'Object Repository/HealthpostToCms/Page_HealthPost Store/select_--Select--Adernaline 0.'

2018-06-10 19:27:23 - [MESSAGE][PASSED] - All options with index in [2] are selected on object 'Object Repository/HealthpostToCms/Page_HealthPost Store/select_--Select--Adernaline 0.'

2018-06-10 19:27:23 - [TEST_STEP][PASSED] - setText: Text '100' is set on object 'Object Repository/HealthpostToCms/Page_HealthPost Store/input_txttreat'

2018-06-10 19:27:23 - [MESSAGE][PASSED] - Text '100' is set on object 'Object Repository/HealthpostToCms/Page_HealthPost Store/input_txttreat'

2018-06-10 19:27:23 - [TEST_STEP][PASSED] - click: Object: 'Object Repository/HealthpostToCms/Page_HealthPost Store/button_Add' is clicked on

2018-06-10 19:27:23 - [MESSAGE][PASSED] - Object: 'Object Repository/HealthpostToCms/Page_HealthPost Store/button_Add' is clicked on

2018-06-10 19:27:23 - [TEST_STEP][PASSED] - selectOptionByIndex: All options with index in [2] are selected on object 'Object Repository/HealthpostToCms/Page_HealthPost Store/select_--Select--Schedule 1Inj'

2018-06-10 19:27:23 - [MESSAGE][PASSED] - All options with index in [2] are selected on object 'Object Repository/HealthpostToCms/Page_HealthPost Store/select_--Select--Schedule 1Inj'

2018-06-10 19:27:23 - [TEST_STEP][PASSED] - selectOptionByIndex: All options with index in [3] are selected on object 'Object Repository/HealthpostToCms/Page_HealthPost Store/select_--Select--Adernaline 0.'

2018-06-10 19:27:24 - [MESSAGE][PASSED] - All options with index in [3] are selected on object 'Object Repository/HealthpostToCms/Page_HealthPost Store/select_--Select--Adernaline 0.'

2018-06-10 19:27:24 - [TEST_STEP][PASSED] - setText: Text '100' is set on object 'Object Repository/HealthpostToCms/Page_HealthPost Store/input_txttreat'

2018-06-10 19:27:24 - [MESSAGE][PASSED] - Text '100' is set on object 'Object Repository/HealthpostToCms/Page_HealthPost Store/input_txttreat'

2018-06-10 19:27:24 - [TEST_STEP][PASSED] - click: Object: 'Object Repository/HealthpostToCms/Page_HealthPost Store/button_Add' is clicked on

2018-06-10 19:27:24 - [MESSAGE][PASSED] - Object: 'Object Repository/HealthpostToCms/Page_HealthPost Store/button_Add' is clicked on

2018-06-10 19:27:24 - [TEST_STEP][PASSED] - selectOptionByIndex: All options with index in [2] are selected on object 'Object Repository/HealthpostToCms/Page_HealthPost Store/select_--Select--Schedule 1Inj'

2018-06-10 19:27:24 - [MESSAGE][PASSED] - All options with index in [2] are selected on object 'Object Repository/HealthpostToCms/Page_HealthPost Store/select_--Select--Schedule 1Inj'

2018-06-10 19:27:24 - [TEST_STEP][PASSED] - selectOptionByIndex: All options with index in [4] are selected on object 'Object Repository/HealthpostToCms/Page_HealthPost Store/select_--Select--Adernaline 0.'

2018-06-10 19:27:24 - [MESSAGE][PASSED] - All options with index in [4] are selected on object 'Object Repository/HealthpostToCms/Page_HealthPost Store/select_--Select--Adernaline 0.'

2018-06-10 19:27:24 - [TEST_STEP][PASSED] - setText: Text '100' is set on object 'Object Repository/HealthpostToCms/Page_HealthPost Store/input_txttreat'

2018-06-10 19:27:24 - [MESSAGE][PASSED] - Text '100' is set on object 'Object Repository/HealthpostToCms/Page_HealthPost Store/input_txttreat'

2018-06-10 19:27:24 - [TEST_STEP][PASSED] - click: Object: 'Object Repository/HealthpostToCms/Page_HealthPost Store/button_Add' is clicked on

2018-06-10 19:27:24 - [MESSAGE][PASSED] - Object: 'Object Repository/HealthpostToCms/Page_HealthPost Store/button_Add' is clicked on

2018-06-10 19:27:24 - [TEST_STEP][PASSED] - selectOptionByIndex: All options with index in [2] are selected on object 'Object Repository/HealthpostToCms/Page_HealthPost Store/select_--Select--Schedule 1Inj'

2018-06-10 19:27:24 - [MESSAGE][PASSED] - All options with index in [2] are selected on object 'Object Repository/HealthpostToCms/Page_HealthPost Store/select_--Select--Schedule 1Inj'

2018-06-10 19:27:24 - [TEST_STEP][PASSED] - selectOptionByIndex: All options with index in [5] are selected on object 'Object Repository/HealthpostToCms/Page_HealthPost Store/select_--Select--Adernaline 0.'

2018-06-10 19:27:25 - [MESSAGE][PASSED] - All options with index in [5] are selected on object 'Object Repository/HealthpostToCms/Page_HealthPost Store/select_--Select--Adernaline 0.'

2018-06-10 19:27:25 - [TEST_STEP][PASSED] - setText: Text '100' is set on object 'Object Repository/HealthpostToCms/Page_HealthPost Store/input_txttreat'

2018-06-10 19:27:25 - [MESSAGE][PASSED] - Text '100' is set on object 'Object Repository/HealthpostToCms/Page_HealthPost Store/input_txttreat'

2018-06-10 19:27:25 - [TEST_STEP][PASSED] - click: Object: 'Object Repository/HealthpostToCms/Page_HealthPost Store/button_Add' is clicked on

2018-06-10 19:27:25 - [MESSAGE][PASSED] - Object: 'Object Repository/HealthpostToCms/Page_HealthPost Store/button_Add' is clicked on

2018-06-10 19:27:25 - [TEST_STEP][PASSED] - selectOptionByIndex: All options with index in [2] are selected on object 'Object Repository/HealthpostToCms/Page_HealthPost Store/select_--Select--Schedule 1Inj'

2018-06-10 19:27:25 - [MESSAGE][PASSED] - All options with index in [2] are selected on object 'Object Repository/HealthpostToCms/Page_HealthPost Store/select_--Select--Schedule 1Inj'

2018-06-10 19:27:25 - [TEST_STEP][PASSED] - selectOptionByIndex: All options with index in [6] are selected on object 'Object Repository/HealthpostToCms/Page_HealthPost Store/select_--Select--Adernaline 0.'

2018-06-10 19:27:25 - [MESSAGE][PASSED] - All options with index in [6] are selected on object 'Object Repository/HealthpostToCms/Page_HealthPost Store/select_--Select--Adernaline 0.'

2018-06-10 19:27:25 - [TEST_STEP][PASSED] - setText: Text '100' is set on object 'Object Repository/HealthpostToCms/Page_HealthPost Store/input_txttreat'

2018-06-10 19:27:25 - [MESSAGE][PASSED] - Text '100' is set on object 'Object Repository/HealthpostToCms/Page_HealthPost Store/input_txttreat'

2018-06-10 19:27:25 - [TEST_STEP][PASSED] - click: Object: 'Object Repository/HealthpostToCms/Page_HealthPost Store/button_Add' is clicked on

2018-06-10 19:27:25 - [MESSAGE][PASSED] - Object: 'Object Repository/HealthpostToCms/Page_HealthPost Store/button_Add' is clicked on

2018-06-10 19:27:25 - [TEST_STEP][PASSED] - selectOptionByIndex: All options with index in [2] are selected on object 'Object Repository/HealthpostToCms/Page_HealthPost Store/select_--Select--Schedule 1Inj'

2018-06-10 19:27:25 - [MESSAGE][PASSED] - All options with index in [2] are selected on object 'Object Repository/HealthpostToCms/Page_HealthPost Store/select_--Select--Schedule 1Inj'

2018-06-10 19:27:25 - [TEST_STEP][PASSED] - selectOptionByIndex: All options with index in [7] are selected on object 'Object Repository/HealthpostToCms/Page_HealthPost Store/select_--Select--Adernaline 0.'

2018-06-10 19:27:26 - [MESSAGE][PASSED] - All options with index in [7] are selected on object 'Object Repository/HealthpostToCms/Page_HealthPost Store/select_--Select--Adernaline 0.'

2018-06-10 19:27:26 - [TEST_STEP][PASSED] - setText: Text '100' is set on object 'Object Repository/HealthpostToCms/Page_HealthPost Store/input_txttreat'

2018-06-10 19:27:26 - [MESSAGE][PASSED] - Text '100' is set on object 'Object Repository/HealthpostToCms/Page_HealthPost Store/input_txttreat'

2018-06-10 19:27:26 - [TEST_STEP][PASSED] - click: Object: 'Object Repository/HealthpostToCms/Page_HealthPost Store/button_Add' is clicked on

2018-06-10 19:27:26 - [MESSAGE][PASSED] - Object: 'Object Repository/HealthpostToCms/Page_HealthPost Store/button_Add' is clicked on

2018-06-10 19:27:26 - [TEST_STEP][PASSED] - selectOptionByIndex: All options with index in [2] are selected on object 'Object Repository/HealthpostToCms/Page_HealthPost Store/select_--Select--Schedule 1Inj'

2018-06-10 19:27:26 - [MESSAGE][PASSED] - All options with index in [2] are selected on object 'Object Repository/HealthpostToCms/Page_HealthPost Store/select_--Select--Schedule 1Inj'

2018-06-10 19:27:26 - [TEST_STEP][PASSED] - selectOptionByIndex: All options with index in [8] are selected on object 'Object Repository/HealthpostToCms/Page_HealthPost Store/select_--Select--Adernaline 0.'

2018-06-10 19:27:26 - [MESSAGE][PASSED] - All options with index in [8] are selected on object 'Object Repository/HealthpostToCms/Page_HealthPost Store/select_--Select--Adernaline 0.'

2018-06-10 19:27:26 - [TEST_STEP][PASSED] - setText: Text '100' is set on object 'Object Repository/HealthpostToCms/Page_HealthPost Store/input_txttreat'

2018-06-10 19:27:26 - [MESSAGE][PASSED] - Text '100' is set on object 'Object Repository/HealthpostToCms/Page_HealthPost Store/input_txttreat'

2018-06-10 19:27:26 - [TEST_STEP][PASSED] - click: Object: 'Object Repository/HealthpostToCms/Page_HealthPost Store/button_Add' is clicked on

2018-06-10 19:27:26 - [MESSAGE][PASSED] - Object: 'Object Repository/HealthpostToCms/Page_HealthPost Store/button_Add' is clicked on

2018-06-10 19:27:26 - [TEST_STEP][PASSED] - selectOptionByIndex: All options with index in [2] are selected on object 'Object Repository/HealthpostToCms/Page_HealthPost Store/select_--Select--Schedule 1Inj'

2018-06-10 19:27:26 - [MESSAGE][PASSED] - All options with index in [2] are selected on object 'Object Repository/HealthpostToCms/Page_HealthPost Store/select_--Select--Schedule 1Inj'

2018-06-10 19:27:26 - [TEST_STEP][PASSED] - selectOptionByIndex: All options with index in [9] are selected on object 'Object Repository/HealthpostToCms/Page_HealthPost Store/select_--Select--Adernaline 0.'

2018-06-10 19:27:27 - [MESSAGE][PASSED] - All options with index in [9] are selected on object 'Object Repository/HealthpostToCms/Page_HealthPost Store/select_--Select--Adernaline 0.'

2018-06-10 19:27:27 - [TEST_STEP][PASSED] - setText: Text '100' is set on object 'Object Repository/HealthpostToCms/Page_HealthPost Store/input_txttreat'

2018-06-10 19:27:27 - [MESSAGE][PASSED] - Text '100' is set on object 'Object Repository/HealthpostToCms/Page_HealthPost Store/input_txttreat'

2018-06-10 19:27:27 - [TEST_STEP][PASSED] - click: Object: 'Object Repository/HealthpostToCms/Page_HealthPost Store/button_Add' is clicked on

2018-06-10 19:27:27 - [MESSAGE][PASSED] - Object: 'Object Repository/HealthpostToCms/Page_HealthPost Store/button_Add' is clicked on

2018-06-10 19:27:27 - [TEST_STEP][PASSED] - selectOptionByIndex: All options with index in [2] are selected on object 'Object Repository/HealthpostToCms/Page_HealthPost Store/select_--Select--Schedule 1Inj'

2018-06-10 19:27:27 - [MESSAGE][PASSED] - All options with index in [2] are selected on object 'Object Repository/HealthpostToCms/Page_HealthPost Store/select_--Select--Schedule 1Inj'

2018-06-10 19:27:27 - [TEST_STEP][PASSED] - selectOptionByIndex: All options with index in [10] are selected on object 'Object Repository/HealthpostToCms/Page_HealthPost Store/select_--Select--Adernaline 0.'

2018-06-10 19:27:27 - [MESSAGE][PASSED] - All options with index in [10] are selected on object 'Object Repository/HealthpostToCms/Page_HealthPost Store/select_--Select--Adernaline 0.'

2018-06-10 19:27:27 - [TEST_STEP][PASSED] - setText: Text '100' is set on object 'Object Repository/HealthpostToCms/Page_HealthPost Store/input_txttreat'

2018-06-10 19:27:27 - [MESSAGE][PASSED] - Text '100' is set on object 'Object Repository/HealthpostToCms/Page_HealthPost Store/input_txttreat'

2018-06-10 19:27:27 - [TEST_STEP][PASSED] - click: Object: 'Object Repository/HealthpostToCms/Page_HealthPost Store/button_Add' is clicked on

2018-06-10 19:27:27 - [MESSAGE][PASSED] - Object: 'Object Repository/HealthpostToCms/Page_HealthPost Store/button_Add' is clicked on

2018-06-10 19:27:27 - [TEST_STEP][PASSED] - selectOptionByIndex: All options with index in [2] are selected on object 'Object Repository/HealthpostToCms/Page_HealthPost Store/select_--Select--Schedule 1Inj'

2018-06-10 19:27:28 - [MESSAGE][PASSED] - All options with index in [2] are selected on object 'Object Repository/HealthpostToCms/Page_HealthPost Store/select_--Select--Schedule 1Inj'

2018-06-10 19:27:28 - [TEST_STEP][PASSED] - selectOptionByIndex: All options with index in [11] are selected on object 'Object Repository/HealthpostToCms/Page_HealthPost Store/select_--Select--Adernaline 0.'

2018-06-10 19:27:28 - [MESSAGE][PASSED] - All options with index in [11] are selected on object 'Object Repository/HealthpostToCms/Page_HealthPost Store/select_--Select--Adernaline 0.'

2018-06-10 19:27:28 - [TEST_STEP][PASSED] - setText: Text '100' is set on object 'Object Repository/HealthpostToCms/Page_HealthPost Store/input_txttreat'

2018-06-10 19:27:28 - [MESSAGE][PASSED] - Text '100' is set on object 'Object Repository/HealthpostToCms/Page_HealthPost Store/input_txttreat'

2018-06-10 19:27:28 - [TEST_STEP][PASSED] - click: Object: 'Object Repository/HealthpostToCms/Page_HealthPost Store/button_Add' is clicked on

2018-06-10 19:27:28 - [MESSAGE][PASSED] - Object: 'Object Repository/HealthpostToCms/Page_HealthPost Store/button_Add' is clicked on

2018-06-10 19:27:28 - [TEST_STEP][PASSED] - selectOptionByIndex: All options with index in [2] are selected on object 'Object Repository/HealthpostToCms/Page_HealthPost Store/select_--Select--Schedule 1Inj'

2018-06-10 19:27:28 - [MESSAGE][PASSED] - All options with index in [2] are selected on object 'Object Repository/HealthpostToCms/Page_HealthPost Store/select_--Select--Schedule 1Inj'

2018-06-10 19:27:28 - [TEST_STEP][PASSED] - selectOptionByIndex: All options with index in [12] are selected on object 'Object Repository/HealthpostToCms/Page_HealthPost Store/select_--Select--Adernaline 0.'

2018-06-10 19:27:28 - [MESSAGE][PASSED] - All options with index in [12] are selected on object 'Object Repository/HealthpostToCms/Page_HealthPost Store/select_--Select--Adernaline 0.'

2018-06-10 19:27:28 - [TEST_STEP][PASSED] - setText: Text '100' is set on object 'Object Repository/HealthpostToCms/Page_HealthPost Store/input_txttreat'

2018-06-10 19:27:28 - [MESSAGE][PASSED] - Text '100' is set on object 'Object Repository/HealthpostToCms/Page_HealthPost Store/input_txttreat'

2018-06-10 19:27:28 - [TEST_STEP][PASSED] - click: Object: 'Object Repository/HealthpostToCms/Page_HealthPost Store/button_Add' is clicked on

2018-06-10 19:27:29 - [MESSAGE][PASSED] - Object: 'Object Repository/HealthpostToCms/Page_HealthPost Store/button_Add' is clicked on

2018-06-10 19:27:29 - [TEST_STEP][PASSED] - selectOptionByIndex: All options with index in [2] are selected on object 'Object Repository/HealthpostToCms/Page_HealthPost Store/select_--Select--Schedule 1Inj'

2018-06-10 19:27:29 - [MESSAGE][PASSED] - All options with index in [2] are selected on object 'Object Repository/HealthpostToCms/Page_HealthPost Store/select_--Select--Schedule 1Inj'

2018-06-10 19:27:29 - [TEST_STEP][PASSED] - selectOptionByIndex: All options with index in [13] are selected on object 'Object Repository/HealthpostToCms/Page_HealthPost Store/select_--Select--Adernaline 0.'

2018-06-10 19:27:29 - [MESSAGE][PASSED] - All options with index in [13] are selected on object 'Object Repository/HealthpostToCms/Page_HealthPost Store/select_--Select--Adernaline 0.'

2018-06-10 19:27:29 - [TEST_STEP][PASSED] - setText: Text '100' is set on object 'Object Repository/HealthpostToCms/Page_HealthPost Store/input_txttreat'

2018-06-10 19:27:29 - [MESSAGE][PASSED] - Text '100' is set on object 'Object Repository/HealthpostToCms/Page_HealthPost Store/input_txttreat'

2018-06-10 19:27:29 - [TEST_STEP][PASSED] - click: Object: 'Object Repository/HealthpostToCms/Page_HealthPost Store/button_Add' is clicked on

2018-06-10 19:27:29 - [MESSAGE][PASSED] - Object: 'Object Repository/HealthpostToCms/Page_HealthPost Store/button_Add' is clicked on

2018-06-10 19:27:29 - [TEST_STEP][PASSED] - selectOptionByIndex: All options with index in [2] are selected on object 'Object Repository/HealthpostToCms/Page_HealthPost Store/select_--Select--Schedule 1Inj'

2018-06-10 19:27:29 - [MESSAGE][PASSED] - All options with index in [2] are selected on object 'Object Repository/HealthpostToCms/Page_HealthPost Store/select_--Select--Schedule 1Inj'

2018-06-10 19:27:29 - [TEST_STEP][PASSED] - selectOptionByIndex: All options with index in [14] are selected on object 'Object Repository/HealthpostToCms/Page_HealthPost Store/select_--Select--Adernaline 0.'

2018-06-10 19:27:29 - [MESSAGE][PASSED] - All options with index in [14] are selected on object 'Object Repository/HealthpostToCms/Page_HealthPost Store/select_--Select--Adernaline 0.'

2018-06-10 19:27:29 - [TEST_STEP][PASSED] - setText: Text '100' is set on object 'Object Repository/HealthpostToCms/Page_HealthPost Store/input_txttreat'

2018-06-10 19:27:30 - [MESSAGE][PASSED] - Text '100' is set on object 'Object Repository/HealthpostToCms/Page_HealthPost Store/input_txttreat'

2018-06-10 19:27:30 - [TEST_STEP][PASSED] - click: Object: 'Object Repository/HealthpostToCms/Page_HealthPost Store/button_Add' is clicked on

2018-06-10 19:27:30 - [MESSAGE][PASSED] - Object: 'Object Repository/HealthpostToCms/Page_HealthPost Store/button_Add' is clicked on

2018-06-10 19:27:30 - [TEST_STEP][PASSED] - selectOptionByIndex: All options with index in [2] are selected on object 'Object Repository/HealthpostToCms/Page_HealthPost Store/select_--Select--Schedule 1Inj'

2018-06-10 19:27:30 - [MESSAGE][PASSED] - All options with index in [2] are selected on object 'Object Repository/HealthpostToCms/Page_HealthPost Store/select_--Select--Schedule 1Inj'

2018-06-10 19:27:30 - [TEST_STEP][PASSED] - selectOptionByIndex: All options with index in [15] are selected on object 'Object Repository/HealthpostToCms/Page_HealthPost Store/select_--Select--Adernaline 0.'

2018-06-10 19:27:30 - [MESSAGE][PASSED] - All options with index in [15] are selected on object 'Object Repository/HealthpostToCms/Page_HealthPost Store/select_--Select--Adernaline 0.'

2018-06-10 19:27:30 - [TEST_STEP][PASSED] - setText: Text '100' is set on object 'Object Repository/HealthpostToCms/Page_HealthPost Store/input_txttreat'

2018-06-10 19:27:30 - [MESSAGE][PASSED] - Text '100' is set on object 'Object Repository/HealthpostToCms/Page_HealthPost Store/input_txttreat'

2018-06-10 19:27:30 - [TEST_STEP][PASSED] - click: Object: 'Object Repository/HealthpostToCms/Page_HealthPost Store/button_Add' is clicked on

2018-06-10 19:27:30 - [MESSAGE][PASSED] - Object: 'Object Repository/HealthpostToCms/Page_HealthPost Store/button_Add' is clicked on

2018-06-10 19:27:30 - [TEST_STEP][PASSED] - selectOptionByIndex: All options with index in [2] are selected on object 'Object Repository/HealthpostToCms/Page_HealthPost Store/select_--Select--Schedule 1Inj'

2018-06-10 19:27:30 - [MESSAGE][PASSED] - All options with index in [2] are selected on object 'Object Repository/HealthpostToCms/Page_HealthPost Store/select_--Select--Schedule 1Inj'

2018-06-10 19:27:30 - [TEST_STEP][PASSED] - selectOptionByIndex: All options with index in [16] are selected on object 'Object Repository/HealthpostToCms/Page_HealthPost Store/select_--Select--Adernaline 0.'

2018-06-10 19:27:31 - [MESSAGE][PASSED] - All options with index in [16] are selected on object 'Object Repository/HealthpostToCms/Page_HealthPost Store/select_--Select--Adernaline 0.'

2018-06-10 19:27:31 - [TEST_STEP][PASSED] - setText: Text '100' is set on object 'Object Repository/HealthpostToCms/Page_HealthPost Store/input_txttreat'

2018-06-10 19:27:31 - [MESSAGE][PASSED] - Text '100' is set on object 'Object Repository/HealthpostToCms/Page_HealthPost Store/input_txttreat'

2018-06-10 19:27:31 - [TEST_STEP][PASSED] - click: Object: 'Object Repository/HealthpostToCms/Page_HealthPost Store/button_Add' is clicked on

2018-06-10 19:27:31 - [MESSAGE][PASSED] - Object: 'Object Repository/HealthpostToCms/Page_HealthPost Store/button_Add' is clicked on

2018-06-10 19:27:31 - [TEST_STEP][PASSED] - selectOptionByIndex: All options with index in [2] are selected on object 'Object Repository/HealthpostToCms/Page_HealthPost Store/select_--Select--Schedule 1Inj'

2018-06-10 19:27:31 - [MESSAGE][PASSED] - All options with index in [2] are selected on object 'Object Repository/HealthpostToCms/Page_HealthPost Store/select_--Select--Schedule 1Inj'

2018-06-10 19:27:31 - [TEST_STEP][PASSED] - selectOptionByIndex: All options with index in [17] are selected on object 'Object Repository/HealthpostToCms/Page_HealthPost Store/select_--Select--Adernaline 0.'

2018-06-10 19:27:31 - [MESSAGE][PASSED] - All options with index in [17] are selected on object 'Object Repository/HealthpostToCms/Page_HealthPost Store/select_--Select--Adernaline 0.'

2018-06-10 19:27:31 - [TEST_STEP][PASSED] - setText: Text '100' is set on object 'Object Repository/HealthpostToCms/Page_HealthPost Store/input_txttreat'

2018-06-10 19:27:31 - [MESSAGE][PASSED] - Text '100' is set on object 'Object Repository/HealthpostToCms/Page_HealthPost Store/input_txttreat'

2018-06-10 19:27:31 - [TEST_STEP][PASSED] - click: Object: 'Object Repository/HealthpostToCms/Page_HealthPost Store/button_Add' is clicked on

2018-06-10 19:27:31 - [MESSAGE][PASSED] - Object: 'Object Repository/HealthpostToCms/Page_HealthPost Store/button_Add' is clicked on

2018-06-10 19:27:31 - [TEST_STEP][PASSED] - selectOptionByIndex: All options with index in [2] are selected on object 'Object Repository/HealthpostToCms/Page_HealthPost Store/select_--Select--Schedule 1Inj'

2018-06-10 19:27:32 - [MESSAGE][PASSED] - All options with index in [2] are selected on object 'Object Repository/HealthpostToCms/Page_HealthPost Store/select_--Select--Schedule 1Inj'

2018-06-10 19:27:32 - [TEST_STEP][PASSED] - selectOptionByIndex: All options with index in [18] are selected on object 'Object Repository/HealthpostToCms/Page_HealthPost Store/select_--Select--Adernaline 0.'

2018-06-10 19:27:32 - [MESSAGE][PASSED] - All options with index in [18] are selected on object 'Object Repository/HealthpostToCms/Page_HealthPost Store/select_--Select--Adernaline 0.'

2018-06-10 19:27:32 - [TEST_STEP][PASSED] - setText: Text '100' is set on object 'Object Repository/HealthpostToCms/Page_HealthPost Store/input_txttreat'

2018-06-10 19:27:32 - [MESSAGE][PASSED] - Text '100' is set on object 'Object Repository/HealthpostToCms/Page_HealthPost Store/input_txttreat'

2018-06-10 19:27:32 - [TEST_STEP][PASSED] - click: Object: 'Object Repository/HealthpostToCms/Page_HealthPost Store/button_Add' is clicked on

2018-06-10 19:27:32 - [MESSAGE][PASSED] - Object: 'Object Repository/HealthpostToCms/Page_HealthPost Store/button_Add' is clicked on

2018-06-10 19:27:32 - [TEST_STEP][PASSED] - selectOptionByIndex: All options with index in [2] are selected on object 'Object Repository/HealthpostToCms/Page_HealthPost Store/select_--Select--Schedule 1Inj'

2018-06-10 19:27:32 - [MESSAGE][PASSED] - All options with index in [2] are selected on object 'Object Repository/HealthpostToCms/Page_HealthPost Store/select_--Select--Schedule 1Inj'

2018-06-10 19:27:32 - [TEST_STEP][PASSED] - selectOptionByIndex: All options with index in [19] are selected on object 'Object Repository/HealthpostToCms/Page_HealthPost Store/select_--Select--Adernaline 0.'

2018-06-10 19:27:33 - [MESSAGE][PASSED] - All options with index in [19] are selected on object 'Object Repository/HealthpostToCms/Page_HealthPost Store/select_--Select--Adernaline 0.'

2018-06-10 19:27:33 - [TEST_STEP][PASSED] - setText: Text '100' is set on object 'Object Repository/HealthpostToCms/Page_HealthPost Store/input_txttreat'

2018-06-10 19:27:33 - [MESSAGE][PASSED] - Text '100' is set on object 'Object Repository/HealthpostToCms/Page_HealthPost Store/input_txttreat'

2018-06-10 19:27:33 - [TEST_STEP][PASSED] - click: Object: 'Object Repository/HealthpostToCms/Page_HealthPost Store/button_Add' is clicked on

2018-06-10 19:27:33 - [MESSAGE][PASSED] - Object: 'Object Repository/HealthpostToCms/Page_HealthPost Store/button_Add' is clicked on

2018-06-10 19:27:33 - [TEST_STEP][PASSED] - selectOptionByIndex: All options with index in [2] are selected on object 'Object Repository/HealthpostToCms/Page_HealthPost Store/select_--Select--Schedule 1Inj'

2018-06-10 19:27:33 - [MESSAGE][PASSED] - All options with index in [2] are selected on object 'Object Repository/HealthpostToCms/Page_HealthPost Store/select_--Select--Schedule 1Inj'

2018-06-10 19:27:33 - [TEST_STEP][PASSED] - selectOptionByIndex: All options with index in [20] are selected on object 'Object Repository/HealthpostToCms/Page_HealthPost Store/select_--Select--Adernaline 0.'

2018-06-10 19:27:33 - [MESSAGE][PASSED] - All options with index in [20] are selected on object 'Object Repository/HealthpostToCms/Page_HealthPost Store/select_--Select--Adernaline 0.'

2018-06-10 19:27:33 - [TEST_STEP][PASSED] - setText: Text '100' is set on object 'Object Repository/HealthpostToCms/Page_HealthPost Store/input_txttreat'

2018-06-10 19:27:33 - [MESSAGE][PASSED] - Text '100' is set on object 'Object Repository/HealthpostToCms/Page_HealthPost Store/input_txttreat'

2018-06-10 19:27:33 - [TEST_STEP][PASSED] - click: Object: 'Object Repository/HealthpostToCms/Page_HealthPost Store/button_Add' is clicked on

2018-06-10 19:27:33 - [MESSAGE][PASSED] - Object: 'Object Repository/HealthpostToCms/Page_HealthPost Store/button_Add' is clicked on

2018-06-10 19:27:33 - [TEST_STEP][PASSED] - selectOptionByIndex: All options with index in [2] are selected on object 'Object Repository/HealthpostToCms/Page_HealthPost Store/select_--Select--Schedule 1Inj'

2018-06-10 19:27:33 - [MESSAGE][PASSED] - All options with index in [2] are selected on object 'Object Repository/HealthpostToCms/Page_HealthPost Store/select_--Select--Schedule 1Inj'

2018-06-10 19:27:33 - [TEST_STEP][PASSED] - selectOptionByIndex: All options with index in [21] are selected on object 'Object Repository/HealthpostToCms/Page_HealthPost Store/select_--Select--Adernaline 0.'

2018-06-10 19:27:34 - [MESSAGE][PASSED] - All options with index in [21] are selected on object 'Object Repository/HealthpostToCms/Page_HealthPost Store/select_--Select--Adernaline 0.'

2018-06-10 19:27:34 - [TEST_STEP][PASSED] - setText: Text '100' is set on object 'Object Repository/HealthpostToCms/Page_HealthPost Store/input_txttreat'

2018-06-10 19:27:34 - [MESSAGE][PASSED] - Text '100' is set on object 'Object Repository/HealthpostToCms/Page_HealthPost Store/input_txttreat'

2018-06-10 19:27:34 - [TEST_STEP][PASSED] - click: Object: 'Object Repository/HealthpostToCms/Page_HealthPost Store/button_Add' is clicked on

2018-06-10 19:27:34 - [MESSAGE][PASSED] - Object: 'Object Repository/HealthpostToCms/Page_HealthPost Store/button_Add' is clicked on

2018-06-10 19:27:34 - [TEST_STEP][PASSED] - selectOptionByIndex: All options with index in [2] are selected on object 'Object Repository/HealthpostToCms/Page_HealthPost Store/select_--Select--Schedule 1Inj'

2018-06-10 19:27:34 - [MESSAGE][PASSED] - All options with index in [2] are selected on object 'Object Repository/HealthpostToCms/Page_HealthPost Store/select_--Select--Schedule 1Inj'

2018-06-10 19:27:34 - [TEST_STEP][PASSED] - selectOptionByIndex: All options with index in [22] are selected on object 'Object Repository/HealthpostToCms/Page_HealthPost Store/select_--Select--Adernaline 0.'

2018-06-10 19:27:35 - [MESSAGE][PASSED] - All options with index in [22] are selected on object 'Object Repository/HealthpostToCms/Page_HealthPost Store/select_--Select--Adernaline 0.'

2018-06-10 19:27:35 - [TEST_STEP][PASSED] - setText: Text '100' is set on object 'Object Repository/HealthpostToCms/Page_HealthPost Store/input_txttreat'

2018-06-10 19:27:35 - [MESSAGE][PASSED] - Text '100' is set on object 'Object Repository/HealthpostToCms/Page_HealthPost Store/input_txttreat'

2018-06-10 19:27:35 - [TEST_STEP][PASSED] - click: Object: 'Object Repository/HealthpostToCms/Page_HealthPost Store/button_Add' is clicked on

2018-06-10 19:27:35 - [MESSAGE][PASSED] - Object: 'Object Repository/HealthpostToCms/Page_HealthPost Store/button_Add' is clicked on

2018-06-10 19:27:35 - [TEST_STEP][PASSED] - selectOptionByIndex: All options with index in [2] are selected on object 'Object Repository/HealthpostToCms/Page_HealthPost Store/select_--Select--Schedule 1Inj'

2018-06-10 19:27:35 - [MESSAGE][PASSED] - All options with index in [2] are selected on object 'Object Repository/HealthpostToCms/Page_HealthPost Store/select_--Select--Schedule 1Inj'

2018-06-10 19:27:35 - [TEST_STEP][PASSED] - selectOptionByIndex: All options with index in [23] are selected on object 'Object Repository/HealthpostToCms/Page_HealthPost Store/select_--Select--Adernaline 0.'

2018-06-10 19:27:35 - [MESSAGE][PASSED] - All options with index in [23] are selected on object 'Object Repository/HealthpostToCms/Page_HealthPost Store/select_--Select--Adernaline 0.'

2018-06-10 19:27:35 - [TEST_STEP][PASSED] - setText: Text '100' is set on object 'Object Repository/HealthpostToCms/Page_HealthPost Store/input_txttreat'

2018-06-10 19:27:35 - [MESSAGE][PASSED] - Text '100' is set on object 'Object Repository/HealthpostToCms/Page_HealthPost Store/input_txttreat'

2018-06-10 19:27:35 - [TEST_STEP][PASSED] - click: Object: 'Object Repository/HealthpostToCms/Page_HealthPost Store/button_Add' is clicked on

2018-06-10 19:27:35 - [MESSAGE][PASSED] - Object: 'Object Repository/HealthpostToCms/Page_HealthPost Store/button_Add' is clicked on

2018-06-10 19:27:35 - [TEST_STEP][PASSED] - selectOptionByIndex: All options with index in [2] are selected on object 'Object Repository/HealthpostToCms/Page_HealthPost Store/select_--Select--Schedule 1Inj'

2018-06-10 19:27:35 - [MESSAGE][PASSED] - All options with index in [2] are selected on object 'Object Repository/HealthpostToCms/Page_HealthPost Store/select_--Select--Schedule 1Inj'

2018-06-10 19:27:35 - [TEST_STEP][PASSED] - selectOptionByIndex: All options with index in [24] are selected on object 'Object Repository/HealthpostToCms/Page_HealthPost Store/select_--Select--Adernaline 0.'

2018-06-10 19:27:36 - [MESSAGE][PASSED] - All options with index in [24] are selected on object 'Object Repository/HealthpostToCms/Page_HealthPost Store/select_--Select--Adernaline 0.'

2018-06-10 19:27:36 - [TEST_STEP][PASSED] - setText: Text '100' is set on object 'Object Repository/HealthpostToCms/Page_HealthPost Store/input_txttreat'

2018-06-10 19:27:36 - [MESSAGE][PASSED] - Text '100' is set on object 'Object Repository/HealthpostToCms/Page_HealthPost Store/input_txttreat'

2018-06-10 19:27:36 - [TEST_STEP][PASSED] - click: Object: 'Object Repository/HealthpostToCms/Page_HealthPost Store/button_Add' is clicked on

2018-06-10 19:27:36 - [MESSAGE][PASSED] - Object: 'Object Repository/HealthpostToCms/Page_HealthPost Store/button_Add' is clicked on

2018-06-10 19:27:36 - [TEST_STEP][PASSED] - selectOptionByIndex: All options with index in [2] are selected on object 'Object Repository/HealthpostToCms/Page_HealthPost Store/select_--Select--Schedule 1Inj'

2018-06-10 19:27:36 - [MESSAGE][PASSED] - All options with index in [2] are selected on object 'Object Repository/HealthpostToCms/Page_HealthPost Store/select_--Select--Schedule 1Inj'

2018-06-10 19:27:36 - [TEST_STEP][PASSED] - selectOptionByIndex: All options with index in [25] are selected on object 'Object Repository/HealthpostToCms/Page_HealthPost Store/select_--Select--Adernaline 0.'

2018-06-10 19:27:37 - [MESSAGE][PASSED] - All options with index in [25] are selected on object 'Object Repository/HealthpostToCms/Page_HealthPost Store/select_--Select--Adernaline 0.'

2018-06-10 19:27:37 - [TEST_STEP][PASSED] - setText: Text '100' is set on object 'Object Repository/HealthpostToCms/Page_HealthPost Store/input_txttreat'

2018-06-10 19:27:37 - [MESSAGE][PASSED] - Text '100' is set on object 'Object Repository/HealthpostToCms/Page_HealthPost Store/input_txttreat'

2018-06-10 19:27:37 - [TEST_STEP][PASSED] - click: Object: 'Object Repository/HealthpostToCms/Page_HealthPost Store/button_Add' is clicked on

2018-06-10 19:27:37 - [MESSAGE][PASSED] - Object: 'Object Repository/HealthpostToCms/Page_HealthPost Store/button_Add' is clicked on

2018-06-10 19:27:37 - [TEST_STEP][PASSED] - selectOptionByIndex: All options with index in [2] are selected on object 'Object Repository/HealthpostToCms/Page_HealthPost Store/select_--Select--Schedule 1Inj'

2018-06-10 19:27:37 - [MESSAGE][PASSED] - All options with index in [2] are selected on object 'Object Repository/HealthpostToCms/Page_HealthPost Store/select_--Select--Schedule 1Inj'

2018-06-10 19:27:37 - [TEST_STEP][PASSED] - selectOptionByIndex: All options with index in [26] are selected on object 'Object Repository/HealthpostToCms/Page_HealthPost Store/select_--Select--Adernaline 0.'

2018-06-10 19:27:37 - [MESSAGE][PASSED] - All options with index in [26] are selected on object 'Object Repository/HealthpostToCms/Page_HealthPost Store/select_--Select--Adernaline 0.'

2018-06-10 19:27:37 - [TEST_STEP][PASSED] - setText: Text '100' is set on object 'Object Repository/HealthpostToCms/Page_HealthPost Store/input_txttreat'

2018-06-10 19:27:37 - [MESSAGE][PASSED] - Text '100' is set on object 'Object Repository/HealthpostToCms/Page_HealthPost Store/input_txttreat'

2018-06-10 19:27:37 - [TEST_STEP][PASSED] - click: Object: 'Object Repository/HealthpostToCms/Page_HealthPost Store/button_Add' is clicked on

2018-06-10 19:27:37 - [MESSAGE][PASSED] - Object: 'Object Repository/HealthpostToCms/Page_HealthPost Store/button_Add' is clicked on

2018-06-10 19:27:37 - [TEST_STEP][PASSED] - selectOptionByIndex: All options with index in [2] are selected on object 'Object Repository/HealthpostToCms/Page_HealthPost Store/select_--Select--Schedule 1Inj'

2018-06-10 19:27:38 - [MESSAGE][PASSED] - All options with index in [2] are selected on object 'Object Repository/HealthpostToCms/Page_HealthPost Store/select_--Select--Schedule 1Inj'

2018-06-10 19:27:38 - [TEST_STEP][PASSED] - selectOptionByIndex: All options with index in [27] are selected on object 'Object Repository/HealthpostToCms/Page_HealthPost Store/select_--Select--Adernaline 0.'

2018-06-10 19:27:38 - [MESSAGE][PASSED] - All options with index in [27] are selected on object 'Object Repository/HealthpostToCms/Page_HealthPost Store/select_--Select--Adernaline 0.'

2018-06-10 19:27:38 - [TEST_STEP][PASSED] - setText: Text '100' is set on object 'Object Repository/HealthpostToCms/Page_HealthPost Store/input_txttreat'

2018-06-10 19:27:38 - [MESSAGE][PASSED] - Text '100' is set on object 'Object Repository/HealthpostToCms/Page_HealthPost Store/input_txttreat'

2018-06-10 19:27:38 - [TEST_STEP][PASSED] - click: Object: 'Object Repository/HealthpostToCms/Page_HealthPost Store/button_Add' is clicked on

2018-06-10 19:27:38 - [MESSAGE][PASSED] - Object: 'Object Repository/HealthpostToCms/Page_HealthPost Store/button_Add' is clicked on

2018-06-10 19:27:38 - [TEST_STEP][PASSED] - selectOptionByIndex: All options with index in [2] are selected on object 'Object Repository/HealthpostToCms/Page_HealthPost Store/select_--Select--Schedule 1Inj'

2018-06-10 19:27:38 - [MESSAGE][PASSED] - All options with index in [2] are selected on object 'Object Repository/HealthpostToCms/Page_HealthPost Store/select_--Select--Schedule 1Inj'

2018-06-10 19:27:38 - [TEST_STEP][PASSED] - selectOptionByIndex: All options with index in [28] are selected on object 'Object Repository/HealthpostToCms/Page_HealthPost Store/select_--Select--Adernaline 0.'

2018-06-10 19:27:39 - [MESSAGE][PASSED] - All options with index in [28] are selected on object 'Object Repository/HealthpostToCms/Page_HealthPost Store/select_--Select--Adernaline 0.'

2018-06-10 19:27:39 - [TEST_STEP][PASSED] - setText: Text '100' is set on object 'Object Repository/HealthpostToCms/Page_HealthPost Store/input_txttreat'

2018-06-10 19:27:39 - [MESSAGE][PASSED] - Text '100' is set on object 'Object Repository/HealthpostToCms/Page_HealthPost Store/input_txttreat'

2018-06-10 19:27:39 - [TEST_STEP][PASSED] - click: Object: 'Object Repository/HealthpostToCms/Page_HealthPost Store/button_Add' is clicked on

2018-06-10 19:27:39 - [MESSAGE][PASSED] - Object: 'Object Repository/HealthpostToCms/Page_HealthPost Store/button_Add' is clicked on

2018-06-10 19:27:39 - [TEST_STEP][PASSED] - selectOptionByIndex: All options with index in [2] are selected on object 'Object Repository/HealthpostToCms/Page_HealthPost Store/select_--Select--Schedule 1Inj'

2018-06-10 19:27:39 - [MESSAGE][PASSED] - All options with index in [2] are selected on object 'Object Repository/HealthpostToCms/Page_HealthPost Store/select_--Select--Schedule 1Inj'

2018-06-10 19:27:39 - [TEST_STEP][PASSED] - selectOptionByIndex: All options with index in [29] are selected on object 'Object Repository/HealthpostToCms/Page_HealthPost Store/select_--Select--Adernaline 0.'

2018-06-10 19:27:39 - [MESSAGE][PASSED] - All options with index in [29] are selected on object 'Object Repository/HealthpostToCms/Page_HealthPost Store/select_--Select--Adernaline 0.'

2018-06-10 19:27:39 - [TEST_STEP][PASSED] - setText: Text '100' is set on object 'Object Repository/HealthpostToCms/Page_HealthPost Store/input_txttreat'

2018-06-10 19:27:39 - [MESSAGE][PASSED] - Text '100' is set on object 'Object Repository/HealthpostToCms/Page_HealthPost Store/input_txttreat'

2018-06-10 19:27:39 - [TEST_STEP][PASSED] - click: Object: 'Object Repository/HealthpostToCms/Page_HealthPost Store/button_Add' is clicked on

2018-06-10 19:27:40 - [MESSAGE][PASSED] - Object: 'Object Repository/HealthpostToCms/Page_HealthPost Store/button_Add' is clicked on

2018-06-10 19:27:40 - [TEST_STEP][PASSED] - selectOptionByIndex: All options with index in [2] are selected on object 'Object Repository/HealthpostToCms/Page_HealthPost Store/select_--Select--Schedule 1Inj'

2018-06-10 19:27:40 - [MESSAGE][PASSED] - All options with index in [2] are selected on object 'Object Repository/HealthpostToCms/Page_HealthPost Store/select_--Select--Schedule 1Inj'

2018-06-10 19:27:40 - [TEST_STEP][PASSED] - selectOptionByIndex: All options with index in [30] are selected on object 'Object Repository/HealthpostToCms/Page_HealthPost Store/select_--Select--Adernaline 0.'

2018-06-10 19:27:40 - [MESSAGE][PASSED] - All options with index in [30] are selected on object 'Object Repository/HealthpostToCms/Page_HealthPost Store/select_--Select--Adernaline 0.'

2018-06-10 19:27:40 - [TEST_STEP][PASSED] - setText: Text '100' is set on object 'Object Repository/HealthpostToCms/Page_HealthPost Store/input_txttreat'

2018-06-10 19:27:40 - [MESSAGE][PASSED] - Text '100' is set on object 'Object Repository/HealthpostToCms/Page_HealthPost Store/input_txttreat'

2018-06-10 19:27:40 - [TEST_STEP][PASSED] - click: Object: 'Object Repository/HealthpostToCms/Page_HealthPost Store/button_Add' is clicked on

2018-06-10 19:27:40 - [MESSAGE][PASSED] - Object: 'Object Repository/HealthpostToCms/Page_HealthPost Store/button_Add' is clicked on

2018-06-10 19:27:40 - [TEST_STEP][PASSED] - selectOptionByIndex: All options with index in [2] are selected on object 'Object Repository/HealthpostToCms/Page_HealthPost Store/select_--Select--Schedule 1Inj'

2018-06-10 19:27:40 - [MESSAGE][PASSED] - All options with index in [2] are selected on object 'Object Repository/HealthpostToCms/Page_HealthPost Store/select_--Select--Schedule 1Inj'

2018-06-10 19:27:40 - [TEST_STEP][PASSED] - selectOptionByIndex: All options with index in [31] are selected on object 'Object Repository/HealthpostToCms/Page_HealthPost Store/select_--Select--Adernaline 0.'

2018-06-10 19:27:41 - [MESSAGE][PASSED] - All options with index in [31] are selected on object 'Object Repository/HealthpostToCms/Page_HealthPost Store/select_--Select--Adernaline 0.'

2018-06-10 19:27:41 - [TEST_STEP][PASSED] - setText: Text '100' is set on object 'Object Repository/HealthpostToCms/Page_HealthPost Store/input_txttreat'

2018-06-10 19:27:41 - [MESSAGE][PASSED] - Text '100' is set on object 'Object Repository/HealthpostToCms/Page_HealthPost Store/input_txttreat'

2018-06-10 19:27:41 - [TEST_STEP][PASSED] - click: Object: 'Object Repository/HealthpostToCms/Page_HealthPost Store/button_Add' is clicked on

2018-06-10 19:27:41 - [MESSAGE][PASSED] - Object: 'Object Repository/HealthpostToCms/Page_HealthPost Store/button_Add' is clicked on

2018-06-10 19:27:41 - [TEST_STEP][PASSED] - selectOptionByIndex: All options with index in [2] are selected on object 'Object Repository/HealthpostToCms/Page_HealthPost Store/select_--Select--Schedule 1Inj'

2018-06-10 19:27:41 - [MESSAGE][PASSED] - All options with index in [2] are selected on object 'Object Repository/HealthpostToCms/Page_HealthPost Store/select_--Select--Schedule 1Inj'

2018-06-10 19:27:41 - [TEST_STEP][PASSED] - selectOptionByIndex: All options with index in [32] are selected on object 'Object Repository/HealthpostToCms/Page_HealthPost Store/select_--Select--Adernaline 0.'

2018-06-10 19:27:42 - [MESSAGE][PASSED] - All options with index in [32] are selected on object 'Object Repository/HealthpostToCms/Page_HealthPost Store/select_--Select--Adernaline 0.'

2018-06-10 19:27:42 - [TEST_STEP][PASSED] - setText: Text '100' is set on object 'Object Repository/HealthpostToCms/Page_HealthPost Store/input_txttreat'

2018-06-10 19:27:42 - [MESSAGE][PASSED] - Text '100' is set on object 'Object Repository/HealthpostToCms/Page_HealthPost Store/input_txttreat'

2018-06-10 19:27:42 - [TEST_STEP][PASSED] - click: Object: 'Object Repository/HealthpostToCms/Page_HealthPost Store/button_Add' is clicked on

2018-06-10 19:27:42 - [MESSAGE][PASSED] - Object: 'Object Repository/HealthpostToCms/Page_HealthPost Store/button_Add' is clicked on

2018-06-10 19:27:42 - [TEST_STEP][PASSED] - selectOptionByIndex: All options with index in [2] are selected on object 'Object Repository/HealthpostToCms/Page_HealthPost Store/select_--Select--Schedule 1Inj'

2018-06-10 19:27:42 - [MESSAGE][PASSED] - All options with index in [2] are selected on object 'Object Repository/HealthpostToCms/Page_HealthPost Store/select_--Select--Schedule 1Inj'

2018-06-10 19:27:42 - [TEST_STEP][PASSED] - selectOptionByIndex: All options with index in [33] are selected on object 'Object Repository/HealthpostToCms/Page_HealthPost Store/select_--Select--Adernaline 0.'

2018-06-10 19:27:42 - [MESSAGE][PASSED] - All options with index in [33] are selected on object 'Object Repository/HealthpostToCms/Page_HealthPost Store/select_--Select--Adernaline 0.'

2018-06-10 19:27:42 - [TEST_STEP][PASSED] - setText: Text '100' is set on object 'Object Repository/HealthpostToCms/Page_HealthPost Store/input_txttreat'

2018-06-10 19:27:42 - [MESSAGE][PASSED] - Text '100' is set on object 'Object Repository/HealthpostToCms/Page_HealthPost Store/input_txttreat'

2018-06-10 19:27:42 - [TEST_STEP][PASSED] - click: Object: 'Object Repository/HealthpostToCms/Page_HealthPost Store/button_Add' is clicked on

2018-06-10 19:27:43 - [MESSAGE][PASSED] - Object: 'Object Repository/HealthpostToCms/Page_HealthPost Store/button_Add' is clicked on

2018-06-10 19:27:43 - [TEST_STEP][PASSED] - selectOptionByIndex: All options with index in [2] are selected on object 'Object Repository/HealthpostToCms/Page_HealthPost Store/select_--Select--Schedule 1Inj'

2018-06-10 19:27:43 - [MESSAGE][PASSED] - All options with index in [2] are selected on object 'Object Repository/HealthpostToCms/Page_HealthPost Store/select_--Select--Schedule 1Inj'

2018-06-10 19:27:43 - [TEST_STEP][PASSED] - selectOptionByIndex: All options with index in [34] are selected on object 'Object Repository/HealthpostToCms/Page_HealthPost Store/select_--Select--Adernaline 0.'

2018-06-10 19:27:43 - [MESSAGE][PASSED] - All options with index in [34] are selected on object 'Object Repository/HealthpostToCms/Page_HealthPost Store/select_--Select--Adernaline 0.'

2018-06-10 19:27:43 - [TEST_STEP][PASSED] - setText: Text '100' is set on object 'Object Repository/HealthpostToCms/Page_HealthPost Store/input_txttreat'

2018-06-10 19:27:43 - [MESSAGE][PASSED] - Text '100' is set on object 'Object Repository/HealthpostToCms/Page_HealthPost Store/input_txttreat'

2018-06-10 19:27:43 - [TEST_STEP][PASSED] - click: Object: 'Object Repository/HealthpostToCms/Page_HealthPost Store/button_Add' is clicked on

2018-06-10 19:27:43 - [MESSAGE][PASSED] - Object: 'Object Repository/HealthpostToCms/Page_HealthPost Store/button_Add' is clicked on

2018-06-10 19:27:43 - [TEST_STEP][PASSED] - selectOptionByIndex: All options with index in [2] are selected on object 'Object Repository/HealthpostToCms/Page_HealthPost Store/select_--Select--Schedule 1Inj'

2018-06-10 19:27:44 - [MESSAGE][PASSED] - All options with index in [2] are selected on object 'Object Repository/HealthpostToCms/Page_HealthPost Store/select_--Select--Schedule 1Inj'

2018-06-10 19:27:44 - [TEST_STEP][PASSED] - selectOptionByIndex: All options with index in [35] are selected on object 'Object Repository/HealthpostToCms/Page_HealthPost Store/select_--Select--Adernaline 0.'

2018-06-10 19:27:44 - [MESSAGE][PASSED] - All options with index in [35] are selected on object 'Object Repository/HealthpostToCms/Page_HealthPost Store/select_--Select--Adernaline 0.'

2018-06-10 19:27:44 - [TEST_STEP][PASSED] - setText: Text '100' is set on object 'Object Repository/HealthpostToCms/Page_HealthPost Store/input_txttreat'

2018-06-10 19:27:44 - [MESSAGE][PASSED] - Text '100' is set on object 'Object Repository/HealthpostToCms/Page_HealthPost Store/input_txttreat'

2018-06-10 19:27:44 - [TEST_STEP][PASSED] - click: Object: 'Object Repository/HealthpostToCms/Page_HealthPost Store/button_Add' is clicked on

2018-06-10 19:27:44 - [MESSAGE][PASSED] - Object: 'Object Repository/HealthpostToCms/Page_HealthPost Store/button_Add' is clicked on

2018-06-10 19:27:44 - [TEST_STEP][PASSED] - selectOptionByIndex: All options with index in [2] are selected on object 'Object Repository/HealthpostToCms/Page_HealthPost Store/select_--Select--Schedule 1Inj'

2018-06-10 19:27:44 - [MESSAGE][PASSED] - All options with index in [2] are selected on object 'Object Repository/HealthpostToCms/Page_HealthPost Store/select_--Select--Schedule 1Inj'

2018-06-10 19:27:44 - [TEST_STEP][PASSED] - selectOptionByIndex: All options with index in [36] are selected on object 'Object Repository/HealthpostToCms/Page_HealthPost Store/select_--Select--Adernaline 0.'

2018-06-10 19:27:45 - [MESSAGE][PASSED] - All options with index in [36] are selected on object 'Object Repository/HealthpostToCms/Page_HealthPost Store/select_--Select--Adernaline 0.'

2018-06-10 19:27:45 - [TEST_STEP][PASSED] - setText: Text '100' is set on object 'Object Repository/HealthpostToCms/Page_HealthPost Store/input_txttreat'

2018-06-10 19:27:45 - [MESSAGE][PASSED] - Text '100' is set on object 'Object Repository/HealthpostToCms/Page_HealthPost Store/input_txttreat'

2018-06-10 19:27:45 - [TEST_STEP][PASSED] - click: Object: 'Object Repository/HealthpostToCms/Page_HealthPost Store/button_Add' is clicked on

2018-06-10 19:27:45 - [MESSAGE][PASSED] - Object: 'Object Repository/HealthpostToCms/Page_HealthPost Store/button_Add' is clicked on

2018-06-10 19:27:45 - [TEST_STEP][PASSED] - selectOptionByIndex: All options with index in [2] are selected on object 'Object Repository/HealthpostToCms/Page_HealthPost Store/select_--Select--Schedule 1Inj'

2018-06-10 19:27:45 - [MESSAGE][PASSED] - All options with index in [2] are selected on object 'Object Repository/HealthpostToCms/Page_HealthPost Store/select_--Select--Schedule 1Inj'

2018-06-10 19:27:45 - [TEST_STEP][PASSED] - selectOptionByIndex: All options with index in [37] are selected on object 'Object Repository/HealthpostToCms/Page_HealthPost Store/select_--Select--Adernaline 0.'

2018-06-10 19:27:46 - [MESSAGE][PASSED] - All options with index in [37] are selected on object 'Object Repository/HealthpostToCms/Page_HealthPost Store/select_--Select--Adernaline 0.'

2018-06-10 19:27:46 - [TEST_STEP][PASSED] - setText: Text '100' is set on object 'Object Repository/HealthpostToCms/Page_HealthPost Store/input_txttreat'

2018-06-10 19:27:46 - [MESSAGE][PASSED] - Text '100' is set on object 'Object Repository/HealthpostToCms/Page_HealthPost Store/input_txttreat'

2018-06-10 19:27:46 - [TEST_STEP][PASSED] - click: Object: 'Object Repository/HealthpostToCms/Page_HealthPost Store/button_Add' is clicked on

2018-06-10 19:27:46 - [MESSAGE][PASSED] - Object: 'Object Repository/HealthpostToCms/Page_HealthPost Store/button_Add' is clicked on

2018-06-10 19:27:46 - [TEST_STEP][PASSED] - selectOptionByIndex: All options with index in [2] are selected on object 'Object Repository/HealthpostToCms/Page_HealthPost Store/select_--Select--Schedule 1Inj'

2018-06-10 19:27:46 - [MESSAGE][PASSED] - All options with index in [2] are selected on object 'Object Repository/HealthpostToCms/Page_HealthPost Store/select_--Select--Schedule 1Inj'

2018-06-10 19:27:46 - [TEST_STEP][PASSED] - selectOptionByIndex: All options with index in [38] are selected on object 'Object Repository/HealthpostToCms/Page_HealthPost Store/select_--Select--Adernaline 0.'

2018-06-10 19:27:47 - [MESSAGE][PASSED] - All options with index in [38] are selected on object 'Object Repository/HealthpostToCms/Page_HealthPost Store/select_--Select--Adernaline 0.'

2018-06-10 19:27:47 - [TEST_STEP][PASSED] - setText: Text '100' is set on object 'Object Repository/HealthpostToCms/Page_HealthPost Store/input_txttreat'

2018-06-10 19:27:47 - [MESSAGE][PASSED] - Text '100' is set on object 'Object Repository/HealthpostToCms/Page_HealthPost Store/input_txttreat'

2018-06-10 19:27:47 - [TEST_STEP][PASSED] - click: Object: 'Object Repository/HealthpostToCms/Page_HealthPost Store/button_Add' is clicked on

2018-06-10 19:27:47 - [MESSAGE][PASSED] - Object: 'Object Repository/HealthpostToCms/Page_HealthPost Store/button_Add' is clicked on

2018-06-10 19:27:47 - [TEST_STEP][PASSED] - selectOptionByIndex: All options with index in [2] are selected on object 'Object Repository/HealthpostToCms/Page_HealthPost Store/select_--Select--Schedule 1Inj'

2018-06-10 19:27:47 - [MESSAGE][PASSED] - All options with index in [2] are selected on object 'Object Repository/HealthpostToCms/Page_HealthPost Store/select_--Select--Schedule 1Inj'

2018-06-10 19:27:47 - [TEST_STEP][PASSED] - selectOptionByIndex: All options with index in [39] are selected on object 'Object Repository/HealthpostToCms/Page_HealthPost Store/select_--Select--Adernaline 0.'

2018-06-10 19:27:47 - [MESSAGE][PASSED] - All options with index in [39] are selected on object 'Object Repository/HealthpostToCms/Page_HealthPost Store/select_--Select--Adernaline 0.'

2018-06-10 19:27:47 - [TEST_STEP][PASSED] - setText: Text '100' is set on object 'Object Repository/HealthpostToCms/Page_HealthPost Store/input_txttreat'

2018-06-10 19:27:47 - [MESSAGE][PASSED] - Text '100' is set on object 'Object Repository/HealthpostToCms/Page_HealthPost Store/input_txttreat'

2018-06-10 19:27:47 - [TEST_STEP][PASSED] - click: Object: 'Object Repository/HealthpostToCms/Page_HealthPost Store/button_Add' is clicked on

2018-06-10 19:27:48 - [MESSAGE][PASSED] - Object: 'Object Repository/HealthpostToCms/Page_HealthPost Store/button_Add' is clicked on

2018-06-10 19:27:48 - [TEST_STEP][PASSED] - selectOptionByIndex: All options with index in [2] are selected on object 'Object Repository/HealthpostToCms/Page_HealthPost Store/select_--Select--Schedule 1Inj'

2018-06-10 19:27:48 - [MESSAGE][PASSED] - All options with index in [2] are selected on object 'Object Repository/HealthpostToCms/Page_HealthPost Store/select_--Select--Schedule 1Inj'

2018-06-10 19:27:48 - [TEST_STEP][PASSED] - selectOptionByIndex: All options with index in [40] are selected on object 'Object Repository/HealthpostToCms/Page_HealthPost Store/select_--Select--Adernaline 0.'

2018-06-10 19:27:48 - [MESSAGE][PASSED] - All options with index in [40] are selected on object 'Object Repository/HealthpostToCms/Page_HealthPost Store/select_--Select--Adernaline 0.'

2018-06-10 19:27:48 - [TEST_STEP][PASSED] - setText: Text '100' is set on object 'Object Repository/HealthpostToCms/Page_HealthPost Store/input_txttreat'

2018-06-10 19:27:48 - [MESSAGE][PASSED] - Text '100' is set on object 'Object Repository/HealthpostToCms/Page_HealthPost Store/input_txttreat'

2018-06-10 19:27:48 - [TEST_STEP][PASSED] - click: Object: 'Object Repository/HealthpostToCms/Page_HealthPost Store/button_Add' is clicked on

2018-06-10 19:27:48 - [MESSAGE][PASSED] - Object: 'Object Repository/HealthpostToCms/Page_HealthPost Store/button_Add' is clicked on

2018-06-10 19:27:48 - [TEST_STEP][PASSED] - selectOptionByIndex: All options with index in [2] are selected on object 'Object Repository/HealthpostToCms/Page_HealthPost Store/select_--Select--Schedule 1Inj'

2018-06-10 19:27:49 - [MESSAGE][PASSED] - All options with index in [2] are selected on object 'Object Repository/HealthpostToCms/Page_HealthPost Store/select_--Select--Schedule 1Inj'

2018-06-10 19:27:49 - [TEST_STEP][PASSED] - selectOptionByIndex: All options with index in [41] are selected on object 'Object Repository/HealthpostToCms/Page_HealthPost Store/select_--Select--Adernaline 0.'

2018-06-10 19:27:49 - [MESSAGE][PASSED] - All options with index in [41] are selected on object 'Object Repository/HealthpostToCms/Page_HealthPost Store/select_--Select--Adernaline 0.'

2018-06-10 19:27:49 - [TEST_STEP][PASSED] - setText: Text '100' is set on object 'Object Repository/HealthpostToCms/Page_HealthPost Store/input_txttreat'

2018-06-10 19:27:49 - [MESSAGE][PASSED] - Text '100' is set on object 'Object Repository/HealthpostToCms/Page_HealthPost Store/input_txttreat'

2018-06-10 19:27:49 - [TEST_STEP][PASSED] - click: Object: 'Object Repository/HealthpostToCms/Page_HealthPost Store/button_Add' is clicked on

2018-06-10 19:27:49 - [MESSAGE][PASSED] - Object: 'Object Repository/HealthpostToCms/Page_HealthPost Store/button_Add' is clicked on

2018-06-10 19:27:49 - [TEST_STEP][PASSED] - selectOptionByIndex: All options with index in [2] are selected on object 'Object Repository/HealthpostToCms/Page_HealthPost Store/select_--Select--Schedule 1Inj'

2018-06-10 19:27:49 - [MESSAGE][PASSED] - All options with index in [2] are selected on object 'Object Repository/HealthpostToCms/Page_HealthPost Store/select_--Select--Schedule 1Inj'

2018-06-10 19:27:49 - [TEST_STEP][PASSED] - selectOptionByIndex: All options with index in [42] are selected on object 'Object Repository/HealthpostToCms/Page_HealthPost Store/select_--Select--Adernaline 0.'

2018-06-10 19:27:50 - [MESSAGE][PASSED] - All options with index in [42] are selected on object 'Object Repository/HealthpostToCms/Page_HealthPost Store/select_--Select--Adernaline 0.'

2018-06-10 19:27:50 - [TEST_STEP][PASSED] - setText: Text '100' is set on object 'Object Repository/HealthpostToCms/Page_HealthPost Store/input_txttreat'

2018-06-10 19:27:50 - [MESSAGE][PASSED] - Text '100' is set on object 'Object Repository/HealthpostToCms/Page_HealthPost Store/input_txttreat'

2018-06-10 19:27:50 - [TEST_STEP][PASSED] - click: Object: 'Object Repository/HealthpostToCms/Page_HealthPost Store/button_Add' is clicked on

2018-06-10 19:27:50 - [MESSAGE][PASSED] - Object: 'Object Repository/HealthpostToCms/Page_HealthPost Store/button_Add' is clicked on

2018-06-10 19:27:50 - [TEST_STEP][PASSED] - selectOptionByIndex: All options with index in [2] are selected on object 'Object Repository/HealthpostToCms/Page_HealthPost Store/select_--Select--Schedule 1Inj'

2018-06-10 19:27:50 - [MESSAGE][PASSED] - All options with index in [2] are selected on object 'Object Repository/HealthpostToCms/Page_HealthPost Store/select_--Select--Schedule 1Inj'

2018-06-10 19:27:50 - [TEST_STEP][PASSED] - selectOptionByIndex: All options with index in [43] are selected on object 'Object Repository/HealthpostToCms/Page_HealthPost Store/select_--Select--Adernaline 0.'

2018-06-10 19:27:51 - [MESSAGE][PASSED] - All options with index in [43] are selected on object 'Object Repository/HealthpostToCms/Page_HealthPost Store/select_--Select--Adernaline 0.'

2018-06-10 19:27:51 - [TEST_STEP][PASSED] - setText: Text '100' is set on object 'Object Repository/HealthpostToCms/Page_HealthPost Store/input_txttreat'

2018-06-10 19:27:51 - [MESSAGE][PASSED] - Text '100' is set on object 'Object Repository/HealthpostToCms/Page_HealthPost Store/input_txttreat'

2018-06-10 19:27:51 - [TEST_STEP][PASSED] - click: Object: 'Object Repository/HealthpostToCms/Page_HealthPost Store/button_Add' is clicked on

2018-06-10 19:27:51 - [MESSAGE][PASSED] - Object: 'Object Repository/HealthpostToCms/Page_HealthPost Store/button_Add' is clicked on

2018-06-10 19:27:51 - [TEST_STEP][PASSED] - selectOptionByIndex: All options with index in [2] are selected on object 'Object Repository/HealthpostToCms/Page_HealthPost Store/select_--Select--Schedule 1Inj'

2018-06-10 19:27:51 - [MESSAGE][PASSED] - All options with index in [2] are selected on object 'Object Repository/HealthpostToCms/Page_HealthPost Store/select_--Select--Schedule 1Inj'

2018-06-10 19:27:51 - [TEST_STEP][PASSED] - selectOptionByIndex: All options with index in [44] are selected on object 'Object Repository/HealthpostToCms/Page_HealthPost Store/select_--Select--Adernaline 0.'

2018-06-10 19:27:52 - [MESSAGE][PASSED] - All options with index in [44] are selected on object 'Object Repository/HealthpostToCms/Page_HealthPost Store/select_--Select--Adernaline 0.'

2018-06-10 19:27:52 - [TEST_STEP][PASSED] - setText: Text '100' is set on object 'Object Repository/HealthpostToCms/Page_HealthPost Store/input_txttreat'

2018-06-10 19:27:52 - [MESSAGE][PASSED] - Text '100' is set on object 'Object Repository/HealthpostToCms/Page_HealthPost Store/input_txttreat'

2018-06-10 19:27:52 - [TEST_STEP][PASSED] - click: Object: 'Object Repository/HealthpostToCms/Page_HealthPost Store/button_Add' is clicked on

2018-06-10 19:27:52 - [MESSAGE][PASSED] - Object: 'Object Repository/HealthpostToCms/Page_HealthPost Store/button_Add' is clicked on

2018-06-10 19:27:52 - [TEST_STEP][PASSED] - selectOptionByIndex: All options with index in [2] are selected on object 'Object Repository/HealthpostToCms/Page_HealthPost Store/select_--Select--Schedule 1Inj'

2018-06-10 19:27:52 - [MESSAGE][PASSED] - All options with index in [2] are selected on object 'Object Repository/HealthpostToCms/Page_HealthPost Store/select_--Select--Schedule 1Inj'

2018-06-10 19:27:52 - [TEST_STEP][PASSED] - selectOptionByIndex: All options with index in [45] are selected on object 'Object Repository/HealthpostToCms/Page_HealthPost Store/select_--Select--Adernaline 0.'

2018-06-10 19:27:53 - [MESSAGE][PASSED] - All options with index in [45] are selected on object 'Object Repository/HealthpostToCms/Page_HealthPost Store/select_--Select--Adernaline 0.'

2018-06-10 19:27:53 - [TEST_STEP][PASSED] - setText: Text '100' is set on object 'Object Repository/HealthpostToCms/Page_HealthPost Store/input_txttreat'

2018-06-10 19:27:53 - [MESSAGE][PASSED] - Text '100' is set on object 'Object Repository/HealthpostToCms/Page_HealthPost Store/input_txttreat'

2018-06-10 19:27:53 - [TEST_STEP][PASSED] - click: Object: 'Object Repository/HealthpostToCms/Page_HealthPost Store/button_Add' is clicked on

2018-06-10 19:27:53 - [MESSAGE][PASSED] - Object: 'Object Repository/HealthpostToCms/Page_HealthPost Store/button_Add' is clicked on

2018-06-10 19:27:53 - [TEST_STEP][PASSED] - selectOptionByIndex: All options with index in [2] are selected on object 'Object Repository/HealthpostToCms/Page_HealthPost Store/select_--Select--Schedule 1Inj'

2018-06-10 19:27:53 - [MESSAGE][PASSED] - All options with index in [2] are selected on object 'Object Repository/HealthpostToCms/Page_HealthPost Store/select_--Select--Schedule 1Inj'

2018-06-10 19:27:53 - [TEST_STEP][PASSED] - selectOptionByIndex: All options with index in [46] are selected on object 'Object Repository/HealthpostToCms/Page_HealthPost Store/select_--Select--Adernaline 0.'

2018-06-10 19:27:54 - [MESSAGE][PASSED] - All options with index in [46] are selected on object 'Object Repository/HealthpostToCms/Page_HealthPost Store/select_--Select--Adernaline 0.'

2018-06-10 19:27:54 - [TEST_STEP][PASSED] - setText: Text '100' is set on object 'Object Repository/HealthpostToCms/Page_HealthPost Store/input_txttreat'

2018-06-10 19:27:54 - [MESSAGE][PASSED] - Text '100' is set on object 'Object Repository/HealthpostToCms/Page_HealthPost Store/input_txttreat'

2018-06-10 19:27:54 - [TEST_STEP][PASSED] - click: Object: 'Object Repository/HealthpostToCms/Page_HealthPost Store/button_Add' is clicked on

2018-06-10 19:27:54 - [MESSAGE][PASSED] - Object: 'Object Repository/HealthpostToCms/Page_HealthPost Store/button_Add' is clicked on

2018-06-10 19:27:54 - [TEST_STEP][PASSED] - selectOptionByIndex: All options with index in [2] are selected on object 'Object Repository/HealthpostToCms/Page_HealthPost Store/select_--Select--Schedule 1Inj'

2018-06-10 19:27:54 - [MESSAGE][PASSED] - All options with index in [2] are selected on object 'Object Repository/HealthpostToCms/Page_HealthPost Store/select_--Select--Schedule 1Inj'

2018-06-10 19:27:54 - [TEST_STEP][PASSED] - selectOptionByIndex: All options with index in [47] are selected on object 'Object Repository/HealthpostToCms/Page_HealthPost Store/select_--Select--Adernaline 0.'

2018-06-10 19:27:55 - [MESSAGE][PASSED] - All options with index in [47] are selected on object 'Object Repository/HealthpostToCms/Page_HealthPost Store/select_--Select--Adernaline 0.'

2018-06-10 19:27:55 - [TEST_STEP][PASSED] - setText: Text '100' is set on object 'Object Repository/HealthpostToCms/Page_HealthPost Store/input_txttreat'

2018-06-10 19:27:55 - [MESSAGE][PASSED] - Text '100' is set on object 'Object Repository/HealthpostToCms/Page_HealthPost Store/input_txttreat'

2018-06-10 19:27:55 - [TEST_STEP][PASSED] - click: Object: 'Object Repository/HealthpostToCms/Page_HealthPost Store/button_Add' is clicked on

2018-06-10 19:27:55 - [MESSAGE][PASSED] - Object: 'Object Repository/HealthpostToCms/Page_HealthPost Store/button_Add' is clicked on

2018-06-10 19:27:55 - [TEST_STEP][PASSED] - selectOptionByIndex: All options with index in [2] are selected on object 'Object Repository/HealthpostToCms/Page_HealthPost Store/select_--Select--Schedule 1Inj'

2018-06-10 19:27:55 - [MESSAGE][PASSED] - All options with index in [2] are selected on object 'Object Repository/HealthpostToCms/Page_HealthPost Store/select_--Select--Schedule 1Inj'

2018-06-10 19:27:55 - [TEST_STEP][PASSED] - selectOptionByIndex: All options with index in [48] are selected on object 'Object Repository/HealthpostToCms/Page_HealthPost Store/select_--Select--Adernaline 0.'

2018-06-10 19:27:55 - [MESSAGE][PASSED] - All options with index in [48] are selected on object 'Object Repository/HealthpostToCms/Page_HealthPost Store/select_--Select--Adernaline 0.'

2018-06-10 19:27:55 - [TEST_STEP][PASSED] - setText: Text '100' is set on object 'Object Repository/HealthpostToCms/Page_HealthPost Store/input_txttreat'

2018-06-10 19:27:56 - [MESSAGE][PASSED] - Text '100' is set on object 'Object Repository/HealthpostToCms/Page_HealthPost Store/input_txttreat'

2018-06-10 19:27:56 - [TEST_STEP][PASSED] - click: Object: 'Object Repository/HealthpostToCms/Page_HealthPost Store/button_Add' is clicked on

2018-06-10 19:27:56 - [MESSAGE][PASSED] - Object: 'Object Repository/HealthpostToCms/Page_HealthPost Store/button_Add' is clicked on

2018-06-10 19:27:56 - [TEST_STEP][PASSED] - selectOptionByIndex: All options with index in [2] are selected on object 'Object Repository/HealthpostToCms/Page_HealthPost Store/select_--Select--Schedule 1Inj'

2018-06-10 19:27:56 - [MESSAGE][PASSED] - All options with index in [2] are selected on object 'Object Repository/HealthpostToCms/Page_HealthPost Store/select_--Select--Schedule 1Inj'

2018-06-10 19:27:56 - [TEST_STEP][PASSED] - selectOptionByIndex: All options with index in [49] are selected on object 'Object Repository/HealthpostToCms/Page_HealthPost Store/select_--Select--Adernaline 0.'

2018-06-10 19:27:56 - [MESSAGE][PASSED] - All options with index in [49] are selected on object 'Object Repository/HealthpostToCms/Page_HealthPost Store/select_--Select--Adernaline 0.'

2018-06-10 19:27:56 - [TEST_STEP][PASSED] - setText: Text '100' is set on object 'Object Repository/HealthpostToCms/Page_HealthPost Store/input_txttreat'

2018-06-10 19:27:56 - [MESSAGE][PASSED] - Text '100' is set on object 'Object Repository/HealthpostToCms/Page_HealthPost Store/input_txttreat'

2018-06-10 19:27:56 - [TEST_STEP][PASSED] - click: Object: 'Object Repository/HealthpostToCms/Page_HealthPost Store/button_Add' is clicked on

2018-06-10 19:27:57 - [MESSAGE][PASSED] - Object: 'Object Repository/HealthpostToCms/Page_HealthPost Store/button_Add' is clicked on

2018-06-10 19:27:57 - [TEST_STEP][PASSED] - selectOptionByIndex: All options with index in [2] are selected on object 'Object Repository/HealthpostToCms/Page_HealthPost Store/select_--Select--Schedule 1Inj'

2018-06-10 19:27:57 - [MESSAGE][PASSED] - All options with index in [2] are selected on object 'Object Repository/HealthpostToCms/Page_HealthPost Store/select_--Select--Schedule 1Inj'

2018-06-10 19:27:57 - [TEST_STEP][PASSED] - selectOptionByIndex: All options with index in [50] are selected on object 'Object Repository/HealthpostToCms/Page_HealthPost Store/select_--Select--Adernaline 0.'

2018-06-10 19:27:57 - [MESSAGE][PASSED] - All options with index in [50] are selected on object 'Object Repository/HealthpostToCms/Page_HealthPost Store/select_--Select--Adernaline 0.'

2018-06-10 19:27:57 - [TEST_STEP][PASSED] - setText: Text '100' is set on object 'Object Repository/HealthpostToCms/Page_HealthPost Store/input_txttreat'

2018-06-10 19:27:57 - [MESSAGE][PASSED] - Text '100' is set on object 'Object Repository/HealthpostToCms/Page_HealthPost Store/input_txttreat'

2018-06-10 19:27:57 - [TEST_STEP][PASSED] - click: Object: 'Object Repository/HealthpostToCms/Page_HealthPost Store/button_Add' is clicked on

2018-06-10 19:27:57 - [MESSAGE][PASSED] - Object: 'Object Repository/HealthpostToCms/Page_HealthPost Store/button_Add' is clicked on

2018-06-10 19:27:57 - [TEST_STEP][PASSED] - selectOptionByIndex: All options with index in [2] are selected on object 'Object Repository/HealthpostToCms/Page_HealthPost Store/select_--Select--Schedule 1Inj'

2018-06-10 19:27:58 - [MESSAGE][PASSED] - All options with index in [2] are selected on object 'Object Repository/HealthpostToCms/Page_HealthPost Store/select_--Select--Schedule 1Inj'

2018-06-10 19:27:58 - [TEST_STEP][PASSED] - selectOptionByIndex: All options with index in [51] are selected on object 'Object Repository/HealthpostToCms/Page_HealthPost Store/select_--Select--Adernaline 0.'

2018-06-10 19:27:58 - [MESSAGE][PASSED] - All options with index in [51] are selected on object 'Object Repository/HealthpostToCms/Page_HealthPost Store/select_--Select--Adernaline 0.'

2018-06-10 19:27:58 - [TEST_STEP][PASSED] - setText: Text '100' is set on object 'Object Repository/HealthpostToCms/Page_HealthPost Store/input_txttreat'

2018-06-10 19:27:58 - [MESSAGE][PASSED] - Text '100' is set on object 'Object Repository/HealthpostToCms/Page_HealthPost Store/input_txttreat'

2018-06-10 19:27:58 - [TEST_STEP][PASSED] - click: Object: 'Object Repository/HealthpostToCms/Page_HealthPost Store/button_Add' is clicked on

2018-06-10 19:27:58 - [MESSAGE][PASSED] - Object: 'Object Repository/HealthpostToCms/Page_HealthPost Store/button_Add' is clicked on

2018-06-10 19:27:58 - [TEST_STEP][PASSED] - selectOptionByIndex: All options with index in [2] are selected on object 'Object Repository/HealthpostToCms/Page_HealthPost Store/select_--Select--Schedule 1Inj'

2018-06-10 19:27:59 - [MESSAGE][PASSED] - All options with index in [2] are selected on object 'Object Repository/HealthpostToCms/Page_HealthPost Store/select_--Select--Schedule 1Inj'

2018-06-10 19:27:59 - [TEST_STEP][PASSED] - selectOptionByIndex: All options with index in [52] are selected on object 'Object Repository/HealthpostToCms/Page_HealthPost Store/select_--Select--Adernaline 0.'

2018-06-10 19:27:59 - [MESSAGE][PASSED] - All options with index in [52] are selected on object 'Object Repository/HealthpostToCms/Page_HealthPost Store/select_--Select--Adernaline 0.'

2018-06-10 19:27:59 - [TEST_STEP][PASSED] - setText: Text '100' is set on object 'Object Repository/HealthpostToCms/Page_HealthPost Store/input_txttreat'

2018-06-10 19:27:59 - [MESSAGE][PASSED] - Text '100' is set on object 'Object Repository/HealthpostToCms/Page_HealthPost Store/input_txttreat'

2018-06-10 19:27:59 - [TEST_STEP][PASSED] - click: Object: 'Object Repository/HealthpostToCms/Page_HealthPost Store/button_Add' is clicked on

2018-06-10 19:27:59 - [MESSAGE][PASSED] - Object: 'Object Repository/HealthpostToCms/Page_HealthPost Store/button_Add' is clicked on

2018-06-10 19:27:59 - [TEST_STEP][PASSED] - selectOptionByIndex: All options with index in [2] are selected on object 'Object Repository/HealthpostToCms/Page_HealthPost Store/select_--Select--Schedule 1Inj'

2018-06-10 19:28:00 - [MESSAGE][PASSED] - All options with index in [2] are selected on object 'Object Repository/HealthpostToCms/Page_HealthPost Store/select_--Select--Schedule 1Inj'

2018-06-10 19:28:00 - [TEST_STEP][PASSED] - selectOptionByIndex: All options with index in [53] are selected on object 'Object Repository/HealthpostToCms/Page_HealthPost Store/select_--Select--Adernaline 0.'

2018-06-10 19:28:00 - [MESSAGE][PASSED] - All options with index in [53] are selected on object 'Object Repository/HealthpostToCms/Page_HealthPost Store/select_--Select--Adernaline 0.'

2018-06-10 19:28:00 - [TEST_STEP][PASSED] - setText: Text '100' is set on object 'Object Repository/HealthpostToCms/Page_HealthPost Store/input_txttreat'

2018-06-10 19:28:00 - [MESSAGE][PASSED] - Text '100' is set on object 'Object Repository/HealthpostToCms/Page_HealthPost Store/input_txttreat'

2018-06-10 19:28:00 - [TEST_STEP][PASSED] - click: Object: 'Object Repository/HealthpostToCms/Page_HealthPost Store/button_Add' is clicked on

2018-06-10 19:28:00 - [MESSAGE][PASSED] - Object: 'Object Repository/HealthpostToCms/Page_HealthPost Store/button_Add' is clicked on

2018-06-10 19:28:00 - [TEST_STEP][PASSED] - selectOptionByIndex: All options with index in [2] are selected on object 'Object Repository/HealthpostToCms/Page_HealthPost Store/select_--Select--Schedule 1Inj'

2018-06-10 19:28:01 - [MESSAGE][PASSED] - All options with index in [2] are selected on object 'Object Repository/HealthpostToCms/Page_HealthPost Store/select_--Select--Schedule 1Inj'

2018-06-10 19:28:01 - [TEST_STEP][PASSED] - selectOptionByIndex: All options with index in [54] are selected on object 'Object Repository/HealthpostToCms/Page_HealthPost Store/select_--Select--Adernaline 0.'

2018-06-10 19:28:01 - [MESSAGE][PASSED] - All options with index in [54] are selected on object 'Object Repository/HealthpostToCms/Page_HealthPost Store/select_--Select--Adernaline 0.'

2018-06-10 19:28:01 - [TEST_STEP][PASSED] - setText: Text '100' is set on object 'Object Repository/HealthpostToCms/Page_HealthPost Store/input_txttreat'

2018-06-10 19:28:01 - [MESSAGE][PASSED] - Text '100' is set on object 'Object Repository/HealthpostToCms/Page_HealthPost Store/input_txttreat'

2018-06-10 19:28:01 - [TEST_STEP][PASSED] - click: Object: 'Object Repository/HealthpostToCms/Page_HealthPost Store/button_Add' is clicked on

2018-06-10 19:28:01 - [MESSAGE][PASSED] - Object: 'Object Repository/HealthpostToCms/Page_HealthPost Store/button_Add' is clicked on

2018-06-10 19:28:01 - [TEST_STEP][PASSED] - selectOptionByIndex: All options with index in [2] are selected on object 'Object Repository/HealthpostToCms/Page_HealthPost Store/select_--Select--Schedule 1Inj'

2018-06-10 19:28:02 - [MESSAGE][PASSED] - All options with index in [2] are selected on object 'Object Repository/HealthpostToCms/Page_HealthPost Store/select_--Select--Schedule 1Inj'

2018-06-10 19:28:02 - [TEST_STEP][PASSED] - selectOptionByIndex: All options with index in [55] are selected on object 'Object Repository/HealthpostToCms/Page_HealthPost Store/select_--Select--Adernaline 0.'

2018-06-10 19:28:02 - [MESSAGE][PASSED] - All options with index in [55] are selected on object 'Object Repository/HealthpostToCms/Page_HealthPost Store/select_--Select--Adernaline 0.'

2018-06-10 19:28:02 - [TEST_STEP][PASSED] - setText: Text '100' is set on object 'Object Repository/HealthpostToCms/Page_HealthPost Store/input_txttreat'

2018-06-10 19:28:02 - [MESSAGE][PASSED] - Text '100' is set on object 'Object Repository/HealthpostToCms/Page_HealthPost Store/input_txttreat'

2018-06-10 19:28:02 - [TEST_STEP][PASSED] - click: Object: 'Object Repository/HealthpostToCms/Page_HealthPost Store/button_Add' is clicked on

2018-06-10 19:28:02 - [MESSAGE][PASSED] - Object: 'Object Repository/HealthpostToCms/Page_HealthPost Store/button_Add' is clicked on

2018-06-10 19:28:02 - [TEST_STEP][PASSED] - selectOptionByIndex: All options with index in [2] are selected on object 'Object Repository/HealthpostToCms/Page_HealthPost Store/select_--Select--Schedule 1Inj'

2018-06-10 19:28:03 - [MESSAGE][PASSED] - All options with index in [2] are selected on object 'Object Repository/HealthpostToCms/Page_HealthPost Store/select_--Select--Schedule 1Inj'

2018-06-10 19:28:03 - [TEST_STEP][PASSED] - selectOptionByIndex: All options with index in [56] are selected on object 'Object Repository/HealthpostToCms/Page_HealthPost Store/select_--Select--Adernaline 0.'

2018-06-10 19:28:03 - [MESSAGE][PASSED] - All options with index in [56] are selected on object 'Object Repository/HealthpostToCms/Page_HealthPost Store/select_--Select--Adernaline 0.'

2018-06-10 19:28:03 - [TEST_STEP][PASSED] - setText: Text '100' is set on object 'Object Repository/HealthpostToCms/Page_HealthPost Store/input_txttreat'

2018-06-10 19:28:03 - [MESSAGE][PASSED] - Text '100' is set on object 'Object Repository/HealthpostToCms/Page_HealthPost Store/input_txttreat'

2018-06-10 19:28:03 - [TEST_STEP][PASSED] - click: Object: 'Object Repository/HealthpostToCms/Page_HealthPost Store/button_Add' is clicked on

2018-06-10 19:28:03 - [MESSAGE][PASSED] - Object: 'Object Repository/HealthpostToCms/Page_HealthPost Store/button_Add' is clicked on

2018-06-10 19:28:03 - [TEST_STEP][PASSED] - selectOptionByIndex: All options with index in [2] are selected on object 'Object Repository/HealthpostToCms/Page_HealthPost Store/select_--Select--Schedule 1Inj'

2018-06-10 19:28:03 - [MESSAGE][PASSED] - All options with index in [2] are selected on object 'Object Repository/HealthpostToCms/Page_HealthPost Store/select_--Select--Schedule 1Inj'

2018-06-10 19:28:03 - [TEST_STEP][PASSED] - selectOptionByIndex: All options with index in [57] are selected on object 'Object Repository/HealthpostToCms/Page_HealthPost Store/select_--Select--Adernaline 0.'

2018-06-10 19:28:04 - [MESSAGE][PASSED] - All options with index in [57] are selected on object 'Object Repository/HealthpostToCms/Page_HealthPost Store/select_--Select--Adernaline 0.'

2018-06-10 19:28:04 - [TEST_STEP][PASSED] - setText: Text '100' is set on object 'Object Repository/HealthpostToCms/Page_HealthPost Store/input_txttreat'

2018-06-10 19:28:04 - [MESSAGE][PASSED] - Text '100' is set on object 'Object Repository/HealthpostToCms/Page_HealthPost Store/input_txttreat'

2018-06-10 19:28:04 - [TEST_STEP][PASSED] - click: Object: 'Object Repository/HealthpostToCms/Page_HealthPost Store/button_Add' is clicked on

2018-06-10 19:28:04 - [MESSAGE][PASSED] - Object: 'Object Repository/HealthpostToCms/Page_HealthPost Store/button_Add' is clicked on

2018-06-10 19:28:04 - [TEST_STEP][PASSED] - selectOptionByIndex: All options with index in [2] are selected on object 'Object Repository/HealthpostToCms/Page_HealthPost Store/select_--Select--Schedule 1Inj'

2018-06-10 19:28:05 - [MESSAGE][PASSED] - All options with index in [2] are selected on object 'Object Repository/HealthpostToCms/Page_HealthPost Store/select_--Select--Schedule 1Inj'

2018-06-10 19:28:05 - [TEST_STEP][PASSED] - selectOptionByIndex: All options with index in [58] are selected on object 'Object Repository/HealthpostToCms/Page_HealthPost Store/select_--Select--Adernaline 0.'

2018-06-10 19:28:05 - [MESSAGE][PASSED] - All options with index in [58] are selected on object 'Object Repository/HealthpostToCms/Page_HealthPost Store/select_--Select--Adernaline 0.'

2018-06-10 19:28:05 - [TEST_STEP][PASSED] - setText: Text '100' is set on object 'Object Repository/HealthpostToCms/Page_HealthPost Store/input_txttreat'

2018-06-10 19:28:05 - [MESSAGE][PASSED] - Text '100' is set on object 'Object Repository/HealthpostToCms/Page_HealthPost Store/input_txttreat'

2018-06-10 19:28:05 - [TEST_STEP][PASSED] - click: Object: 'Object Repository/HealthpostToCms/Page_HealthPost Store/button_Add' is clicked on

2018-06-10 19:28:05 - [MESSAGE][PASSED] - Object: 'Object Repository/HealthpostToCms/Page_HealthPost Store/button_Add' is clicked on

2018-06-10 19:28:05 - [TEST_STEP][PASSED] - selectOptionByIndex: All options with index in [2] are selected on object 'Object Repository/HealthpostToCms/Page_HealthPost Store/select_--Select--Schedule 1Inj'

2018-06-10 19:28:06 - [MESSAGE][PASSED] - All options with index in [2] are selected on object 'Object Repository/HealthpostToCms/Page_HealthPost Store/select_--Select--Schedule 1Inj'

2018-06-10 19:28:06 - [TEST_STEP][PASSED] - selectOptionByIndex: All options with index in [59] are selected on object 'Object Repository/HealthpostToCms/Page_HealthPost Store/select_--Select--Adernaline 0.'

2018-06-10 19:28:06 - [MESSAGE][PASSED] - All options with index in [59] are selected on object 'Object Repository/HealthpostToCms/Page_HealthPost Store/select_--Select--Adernaline 0.'

2018-06-10 19:28:06 - [TEST_STEP][PASSED] - setText: Text '100' is set on object 'Object Repository/HealthpostToCms/Page_HealthPost Store/input_txttreat'

2018-06-10 19:28:06 - [MESSAGE][PASSED] - Text '100' is set on object 'Object Repository/HealthpostToCms/Page_HealthPost Store/input_txttreat'

2018-06-10 19:28:06 - [TEST_STEP][PASSED] - click: Object: 'Object Repository/HealthpostToCms/Page_HealthPost Store/button_Add' is clicked on

2018-06-10 19:28:06 - [MESSAGE][PASSED] - Object: 'Object Repository/HealthpostToCms/Page_HealthPost Store/button_Add' is clicked on

2018-06-10 19:28:06 - [TEST_STEP][PASSED] - selectOptionByIndex: All options with index in [2] are selected on object 'Object Repository/HealthpostToCms/Page_HealthPost Store/select_--Select--Schedule 1Inj'

2018-06-10 19:28:07 - [MESSAGE][PASSED] - All options with index in [2] are selected on object 'Object Repository/HealthpostToCms/Page_HealthPost Store/select_--Select--Schedule 1Inj'

2018-06-10 19:28:07 - [TEST_STEP][PASSED] - selectOptionByIndex: All options with index in [60] are selected on object 'Object Repository/HealthpostToCms/Page_HealthPost Store/select_--Select--Adernaline 0.'

2018-06-10 19:28:07 - [MESSAGE][PASSED] - All options with index in [60] are selected on object 'Object Repository/HealthpostToCms/Page_HealthPost Store/select_--Select--Adernaline 0.'

2018-06-10 19:28:07 - [TEST_STEP][PASSED] - setText: Text '100' is set on object 'Object Repository/HealthpostToCms/Page_HealthPost Store/input_txttreat'

2018-06-10 19:28:07 - [MESSAGE][PASSED] - Text '100' is set on object 'Object Repository/HealthpostToCms/Page_HealthPost Store/input_txttreat'

2018-06-10 19:28:07 - [TEST_STEP][PASSED] - click: Object: 'Object Repository/HealthpostToCms/Page_HealthPost Store/button_Add' is clicked on

2018-06-10 19:28:07 - [MESSAGE][PASSED] - Object: 'Object Repository/HealthpostToCms/Page_HealthPost Store/button_Add' is clicked on

2018-06-10 19:28:07 - [TEST_STEP][PASSED] - selectOptionByIndex: All options with index in [2] are selected on object 'Object Repository/HealthpostToCms/Page_HealthPost Store/select_--Select--Schedule 1Inj'

2018-06-10 19:28:08 - [MESSAGE][PASSED] - All options with index in [2] are selected on object 'Object Repository/HealthpostToCms/Page_HealthPost Store/select_--Select--Schedule 1Inj'

2018-06-10 19:28:08 - [TEST_STEP][PASSED] - selectOptionByIndex: All options with index in [61] are selected on object 'Object Repository/HealthpostToCms/Page_HealthPost Store/select_--Select--Adernaline 0.'

2018-06-10 19:28:08 - [MESSAGE][PASSED] - All options with index in [61] are selected on object 'Object Repository/HealthpostToCms/Page_HealthPost Store/select_--Select--Adernaline 0.'

2018-06-10 19:28:08 - [TEST_STEP][PASSED] - setText: Text '100' is set on object 'Object Repository/HealthpostToCms/Page_HealthPost Store/input_txttreat'

2018-06-10 19:28:08 - [MESSAGE][PASSED] - Text '100' is set on object 'Object Repository/HealthpostToCms/Page_HealthPost Store/input_txttreat'

2018-06-10 19:28:08 - [TEST_STEP][PASSED] - click: Object: 'Object Repository/HealthpostToCms/Page_HealthPost Store/button_Add' is clicked on

2018-06-10 19:28:09 - [MESSAGE][PASSED] - Object: 'Object Repository/HealthpostToCms/Page_HealthPost Store/button_Add' is clicked on

2018-06-10 19:28:09 - [TEST_STEP][PASSED] - selectOptionByIndex: All options with index in [2] are selected on object 'Object Repository/HealthpostToCms/Page_HealthPost Store/select_--Select--Schedule 1Inj'

2018-06-10 19:28:09 - [MESSAGE][PASSED] - All options with index in [2] are selected on object 'Object Repository/HealthpostToCms/Page_HealthPost Store/select_--Select--Schedule 1Inj'

2018-06-10 19:28:09 - [TEST_STEP][PASSED] - selectOptionByIndex: All options with index in [62] are selected on object 'Object Repository/HealthpostToCms/Page_HealthPost Store/select_--Select--Adernaline 0.'

2018-06-10 19:28:09 - [MESSAGE][PASSED] - All options with index in [62] are selected on object 'Object Repository/HealthpostToCms/Page_HealthPost Store/select_--Select--Adernaline 0.'

2018-06-10 19:28:09 - [TEST_STEP][PASSED] - setText: Text '100' is set on object 'Object Repository/HealthpostToCms/Page_HealthPost Store/input_txttreat'

2018-06-10 19:28:10 - [MESSAGE][PASSED] - Text '100' is set on object 'Object Repository/HealthpostToCms/Page_HealthPost Store/input_txttreat'

2018-06-10 19:28:10 - [TEST_STEP][PASSED] - click: Object: 'Object Repository/HealthpostToCms/Page_HealthPost Store/button_Add' is clicked on

2018-06-10 19:28:10 - [MESSAGE][PASSED] - Object: 'Object Repository/HealthpostToCms/Page_HealthPost Store/button_Add' is clicked on

2018-06-10 19:28:10 - [TEST_STEP][PASSED] - selectOptionByIndex: All options with index in [2] are selected on object 'Object Repository/HealthpostToCms/Page_HealthPost Store/select_--Select--Schedule 1Inj'

2018-06-10 19:28:10 - [MESSAGE][PASSED] - All options with index in [2] are selected on object 'Object Repository/HealthpostToCms/Page_HealthPost Store/select_--Select--Schedule 1Inj'

2018-06-10 19:28:10 - [TEST_STEP][PASSED] - selectOptionByIndex: All options with index in [63] are selected on object 'Object Repository/HealthpostToCms/Page_HealthPost Store/select_--Select--Adernaline 0.'

2018-06-10 19:28:11 - [MESSAGE][PASSED] - All options with index in [63] are selected on object 'Object Repository/HealthpostToCms/Page_HealthPost Store/select_--Select--Adernaline 0.'

2018-06-10 19:28:11 - [TEST_STEP][PASSED] - setText: Text '100' is set on object 'Object Repository/HealthpostToCms/Page_HealthPost Store/input_txttreat'

2018-06-10 19:28:11 - [MESSAGE][PASSED] - Text '100' is set on object 'Object Repository/HealthpostToCms/Page_HealthPost Store/input_txttreat'

2018-06-10 19:28:11 - [TEST_STEP][PASSED] - click: Object: 'Object Repository/HealthpostToCms/Page_HealthPost Store/button_Add' is clicked on

2018-06-10 19:28:11 - [MESSAGE][PASSED] - Object: 'Object Repository/HealthpostToCms/Page_HealthPost Store/button_Add' is clicked on

2018-06-10 19:28:11 - [TEST_STEP][PASSED] - selectOptionByIndex: All options with index in [2] are selected on object 'Object Repository/HealthpostToCms/Page_HealthPost Store/select_--Select--Schedule 1Inj'

2018-06-10 19:28:11 - [MESSAGE][PASSED] - All options with index in [2] are selected on object 'Object Repository/HealthpostToCms/Page_HealthPost Store/select_--Select--Schedule 1Inj'

2018-06-10 19:28:11 - [TEST_STEP][PASSED] - selectOptionByIndex: All options with index in [64] are selected on object 'Object Repository/HealthpostToCms/Page_HealthPost Store/select_--Select--Adernaline 0.'

2018-06-10 19:28:12 - [MESSAGE][PASSED] - All options with index in [64] are selected on object 'Object Repository/HealthpostToCms/Page_HealthPost Store/select_--Select--Adernaline 0.'

2018-06-10 19:28:12 - [TEST_STEP][PASSED] - setText: Text '100' is set on object 'Object Repository/HealthpostToCms/Page_HealthPost Store/input_txttreat'

2018-06-10 19:28:12 - [MESSAGE][PASSED] - Text '100' is set on object 'Object Repository/HealthpostToCms/Page_HealthPost Store/input_txttreat'

2018-06-10 19:28:12 - [TEST_STEP][PASSED] - click: Object: 'Object Repository/HealthpostToCms/Page_HealthPost Store/button_Add' is clicked on

2018-06-10 19:28:12 - [MESSAGE][PASSED] - Object: 'Object Repository/HealthpostToCms/Page_HealthPost Store/button_Add' is clicked on

2018-06-10 19:28:12 - [TEST_STEP][PASSED] - selectOptionByIndex: All options with index in [2] are selected on object 'Object Repository/HealthpostToCms/Page_HealthPost Store/select_--Select--Schedule 1Inj'

2018-06-10 19:28:12 - [MESSAGE][PASSED] - All options with index in [2] are selected on object 'Object Repository/HealthpostToCms/Page_HealthPost Store/select_--Select--Schedule 1Inj'

2018-06-10 19:28:12 - [TEST_STEP][PASSED] - selectOptionByIndex: All options with index in [65] are selected on object 'Object Repository/HealthpostToCms/Page_HealthPost Store/select_--Select--Adernaline 0.'

2018-06-10 19:28:13 - [MESSAGE][PASSED] - All options with index in [65] are selected on object 'Object Repository/HealthpostToCms/Page_HealthPost Store/select_--Select--Adernaline 0.'

2018-06-10 19:28:13 - [TEST_STEP][PASSED] - setText: Text '100' is set on object 'Object Repository/HealthpostToCms/Page_HealthPost Store/input_txttreat'

2018-06-10 19:28:13 - [MESSAGE][PASSED] - Text '100' is set on object 'Object Repository/HealthpostToCms/Page_HealthPost Store/input_txttreat'

2018-06-10 19:28:13 - [TEST_STEP][PASSED] - click: Object: 'Object Repository/HealthpostToCms/Page_HealthPost Store/button_Add' is clicked on

2018-06-10 19:28:13 - [MESSAGE][PASSED] - Object: 'Object Repository/HealthpostToCms/Page_HealthPost Store/button_Add' is clicked on

2018-06-10 19:28:13 - [TEST_STEP][PASSED] - selectOptionByIndex: All options with index in [2] are selected on object 'Object Repository/HealthpostToCms/Page_HealthPost Store/select_--Select--Schedule 1Inj'

2018-06-10 19:28:13 - [MESSAGE][PASSED] - All options with index in [2] are selected on object 'Object Repository/HealthpostToCms/Page_HealthPost Store/select_--Select--Schedule 1Inj'

2018-06-10 19:28:13 - [TEST_STEP][PASSED] - selectOptionByIndex: All options with index in [66] are selected on object 'Object Repository/HealthpostToCms/Page_HealthPost Store/select_--Select--Adernaline 0.'

2018-06-10 19:28:14 - [MESSAGE][PASSED] - All options with index in [66] are selected on object 'Object Repository/HealthpostToCms/Page_HealthPost Store/select_--Select--Adernaline 0.'

2018-06-10 19:28:14 - [TEST_STEP][PASSED] - setText: Text '100' is set on object 'Object Repository/HealthpostToCms/Page_HealthPost Store/input_txttreat'

2018-06-10 19:28:14 - [MESSAGE][PASSED] - Text '100' is set on object 'Object Repository/HealthpostToCms/Page_HealthPost Store/input_txttreat'

2018-06-10 19:28:14 - [TEST_STEP][PASSED] - click: Object: 'Object Repository/HealthpostToCms/Page_HealthPost Store/button_Add' is clicked on

2018-06-10 19:28:14 - [MESSAGE][PASSED] - Object: 'Object Repository/HealthpostToCms/Page_HealthPost Store/button_Add' is clicked on

2018-06-10 19:28:14 - [TEST_STEP][PASSED] - selectOptionByIndex: All options with index in [2] are selected on object 'Object Repository/HealthpostToCms/Page_HealthPost Store/select_--Select--Schedule 1Inj'

2018-06-10 19:28:14 - [MESSAGE][PASSED] - All options with index in [2] are selected on object 'Object Repository/HealthpostToCms/Page_HealthPost Store/select_--Select--Schedule 1Inj'

2018-06-10 19:28:14 - [TEST_STEP][PASSED] - selectOptionByIndex: All options with index in [67] are selected on object 'Object Repository/HealthpostToCms/Page_HealthPost Store/select_--Select--Adernaline 0.'

2018-06-10 19:28:15 - [MESSAGE][PASSED] - All options with index in [67] are selected on object 'Object Repository/HealthpostToCms/Page_HealthPost Store/select_--Select--Adernaline 0.'

2018-06-10 19:28:15 - [TEST_STEP][PASSED] - setText: Text '100' is set on object 'Object Repository/HealthpostToCms/Page_HealthPost Store/input_txttreat'

2018-06-10 19:28:15 - [MESSAGE][PASSED] - Text '100' is set on object 'Object Repository/HealthpostToCms/Page_HealthPost Store/input_txttreat'

2018-06-10 19:28:15 - [TEST_STEP][PASSED] - click: Object: 'Object Repository/HealthpostToCms/Page_HealthPost Store/button_Add' is clicked on

2018-06-10 19:28:15 - [MESSAGE][PASSED] - Object: 'Object Repository/HealthpostToCms/Page_HealthPost Store/button_Add' is clicked on

2018-06-10 19:28:15 - [TEST_STEP][PASSED] - selectOptionByIndex: All options with index in [2] are selected on object 'Object Repository/HealthpostToCms/Page_HealthPost Store/select_--Select--Schedule 1Inj'

2018-06-10 19:28:15 - [MESSAGE][PASSED] - All options with index in [2] are selected on object 'Object Repository/HealthpostToCms/Page_HealthPost Store/select_--Select--Schedule 1Inj'

2018-06-10 19:28:15 - [TEST_STEP][PASSED] - selectOptionByIndex: All options with index in [68] are selected on object 'Object Repository/HealthpostToCms/Page_HealthPost Store/select_--Select--Adernaline 0.'

2018-06-10 19:28:16 - [MESSAGE][PASSED] - All options with index in [68] are selected on object 'Object Repository/HealthpostToCms/Page_HealthPost Store/select_--Select--Adernaline 0.'

2018-06-10 19:28:16 - [TEST_STEP][PASSED] - setText: Text '100' is set on object 'Object Repository/HealthpostToCms/Page_HealthPost Store/input_txttreat'

2018-06-10 19:28:16 - [MESSAGE][PASSED] - Text '100' is set on object 'Object Repository/HealthpostToCms/Page_HealthPost Store/input_txttreat'

2018-06-10 19:28:16 - [TEST_STEP][PASSED] - click: Object: 'Object Repository/HealthpostToCms/Page_HealthPost Store/button_Add' is clicked on

2018-06-10 19:28:16 - [MESSAGE][PASSED] - Object: 'Object Repository/HealthpostToCms/Page_HealthPost Store/button_Add' is clicked on

2018-06-10 19:28:16 - [TEST_STEP][PASSED] - selectOptionByIndex: All options with index in [2] are selected on object 'Object Repository/HealthpostToCms/Page_HealthPost Store/select_--Select--Schedule 1Inj'

2018-06-10 19:28:16 - [MESSAGE][PASSED] - All options with index in [2] are selected on object 'Object Repository/HealthpostToCms/Page_HealthPost Store/select_--Select--Schedule 1Inj'

2018-06-10 19:28:16 - [TEST_STEP][PASSED] - selectOptionByIndex: All options with index in [69] are selected on object 'Object Repository/HealthpostToCms/Page_HealthPost Store/select_--Select--Adernaline 0.'

2018-06-10 19:28:17 - [MESSAGE][PASSED] - All options with index in [69] are selected on object 'Object Repository/HealthpostToCms/Page_HealthPost Store/select_--Select--Adernaline 0.'

2018-06-10 19:28:17 - [TEST_STEP][PASSED] - setText: Text '100' is set on object 'Object Repository/HealthpostToCms/Page_HealthPost Store/input_txttreat'

2018-06-10 19:28:17 - [MESSAGE][PASSED] - Text '100' is set on object 'Object Repository/HealthpostToCms/Page_HealthPost Store/input_txttreat'

2018-06-10 19:28:17 - [TEST_STEP][PASSED] - click: Object: 'Object Repository/HealthpostToCms/Page_HealthPost Store/button_Add' is clicked on

2018-06-10 19:28:17 - [MESSAGE][PASSED] - Object: 'Object Repository/HealthpostToCms/Page_HealthPost Store/button_Add' is clicked on

2018-06-10 19:28:17 - [TEST_STEP][PASSED] - selectOptionByIndex: All options with index in [2] are selected on object 'Object Repository/HealthpostToCms/Page_HealthPost Store/select_--Select--Schedule 1Inj'

2018-06-10 19:28:18 - [MESSAGE][PASSED] - All options with index in [2] are selected on object 'Object Repository/HealthpostToCms/Page_HealthPost Store/select_--Select--Schedule 1Inj'

2018-06-10 19:28:18 - [TEST_STEP][PASSED] - selectOptionByIndex: All options with index in [70] are selected on object 'Object Repository/HealthpostToCms/Page_HealthPost Store/select_--Select--Adernaline 0.'

2018-06-10 19:28:18 - [MESSAGE][PASSED] - All options with index in [70] are selected on object 'Object Repository/HealthpostToCms/Page_HealthPost Store/select_--Select--Adernaline 0.'

2018-06-10 19:28:18 - [TEST_STEP][PASSED] - setText: Text '100' is set on object 'Object Repository/HealthpostToCms/Page_HealthPost Store/input_txttreat'

2018-06-10 19:28:19 - [MESSAGE][PASSED] - Text '100' is set on object 'Object Repository/HealthpostToCms/Page_HealthPost Store/input_txttreat'

2018-06-10 19:28:19 - [TEST_STEP][PASSED] - click: Object: 'Object Repository/HealthpostToCms/Page_HealthPost Store/button_Add' is clicked on

2018-06-10 19:28:19 - [MESSAGE][PASSED] - Object: 'Object Repository/HealthpostToCms/Page_HealthPost Store/button_Add' is clicked on

2018-06-10 19:28:19 - [TEST_STEP][PASSED] - selectOptionByIndex: All options with index in [2] are selected on object 'Object Repository/HealthpostToCms/Page_HealthPost Store/select_--Select--Schedule 1Inj'

2018-06-10 19:28:19 - [MESSAGE][PASSED] - All options with index in [2] are selected on object 'Object Repository/HealthpostToCms/Page_HealthPost Store/select_--Select--Schedule 1Inj'

2018-06-10 19:28:19 - [TEST_STEP][PASSED] - selectOptionByIndex: All options with index in [71] are selected on object 'Object Repository/HealthpostToCms/Page_HealthPost Store/select_--Select--Adernaline 0.'

2018-06-10 19:28:20 - [MESSAGE][PASSED] - All options with index in [71] are selected on object 'Object Repository/HealthpostToCms/Page_HealthPost Store/select_--Select--Adernaline 0.'

2018-06-10 19:28:20 - [TEST_STEP][PASSED] - setText: Text '100' is set on object 'Object Repository/HealthpostToCms/Page_HealthPost Store/input_txttreat'

2018-06-10 19:28:20 - [MESSAGE][PASSED] - Text '100' is set on object 'Object Repository/HealthpostToCms/Page_HealthPost Store/input_txttreat'

2018-06-10 19:28:20 - [TEST_STEP][PASSED] - click: Object: 'Object Repository/HealthpostToCms/Page_HealthPost Store/button_Add' is clicked on

2018-06-10 19:28:20 - [MESSAGE][PASSED] - Object: 'Object Repository/HealthpostToCms/Page_HealthPost Store/button_Add' is clicked on

2018-06-10 19:28:20 - [TEST_STEP][PASSED] - selectOptionByIndex: All options with index in [2] are selected on object 'Object Repository/HealthpostToCms/Page_HealthPost Store/select_--Select--Schedule 1Inj'

2018-06-10 19:28:20 - [MESSAGE][PASSED] - All options with index in [2] are selected on object 'Object Repository/HealthpostToCms/Page_HealthPost Store/select_--Select--Schedule 1Inj'

2018-06-10 19:28:20 - [TEST_STEP][PASSED] - selectOptionByIndex: All options with index in [72] are selected on object 'Object Repository/HealthpostToCms/Page_HealthPost Store/select_--Select--Adernaline 0.'

2018-06-10 19:28:21 - [MESSAGE][PASSED] - All options with index in [72] are selected on object 'Object Repository/HealthpostToCms/Page_HealthPost Store/select_--Select--Adernaline 0.'

2018-06-10 19:28:21 - [TEST_STEP][PASSED] - setText: Text '100' is set on object 'Object Repository/HealthpostToCms/Page_HealthPost Store/input_txttreat'

2018-06-10 19:28:21 - [MESSAGE][PASSED] - Text '100' is set on object 'Object Repository/HealthpostToCms/Page_HealthPost Store/input_txttreat'

2018-06-10 19:28:21 - [TEST_STEP][PASSED] - click: Object: 'Object Repository/HealthpostToCms/Page_HealthPost Store/button_Add' is clicked on

2018-06-10 19:28:21 - [MESSAGE][PASSED] - Object: 'Object Repository/HealthpostToCms/Page_HealthPost Store/button_Add' is clicked on

2018-06-10 19:28:21 - [TEST_STEP][PASSED] - scrollToElement: Scroll to object 'Object Repository/HealthpostToCms/Page_HealthPost Store/input_btnsave' successfully

2018-06-10 19:28:21 - [MESSAGE][PASSED] - Scroll to object 'Object Repository/HealthpostToCms/Page_HealthPost Store/input_btnsave' successfully

2018-06-10 19:28:21 - [TEST_STEP][PASSED] - click: Object: 'Object Repository/HealthpostToCms/Page_HealthPost Store/input_btnsave' is clicked on

2018-06-10 19:28:21 - [MESSAGE][PASSED] - Object: 'Object Repository/HealthpostToCms/Page_HealthPost Store/input_btnsave' is clicked on

2018-06-10 19:28:21 - [TEST_STEP][PASSED] - delay: Delayed 3 second(s)

2018-06-10 19:28:24 - [MESSAGE][PASSED] - Delayed 3 second(s)

2018-06-10 19:28:24 - [TEST_STEP][PASSED] - Statement - RN1 = com.kms.katalon.core.webui.keyword.WebUiBuiltInKeywords.getText(com.kms.katalon.core.testobject.ObjectRepository.findTestObject(HealthpostToCms/Page_HealthPost Store/font_PRNO18052018174)): Text of object 'Object Repository/HealthpostToCms/Page_HealthPost Store/font_PRNO18052018174' is: 'PRNO/10062018/814'

2018-06-10 19:28:24 - [MESSAGE][PASSED] - Text of object 'Object Repository/HealthpostToCms/Page_HealthPost Store/font_PRNO18052018174' is: 'PRNO/10062018/814'

2018-06-10 19:28:24 - [TEST_STEP][PASSED] - Statement - out.println(RN1): null

2018-06-10 19:28:24 - [TEST_STEP][PASSED] - Statement - RID = RN1.split("/")[2]: null

2018-06-10 19:28:24 - [TEST_STEP][PASSED] - click: Object: 'Object Repository/HealthpostToCms/Page_HealthPost Store/button_OK' is clicked on

2018-06-10 19:28:25 - [MESSAGE][PASSED] - Object: 'Object Repository/HealthpostToCms/Page_HealthPost Store/button_OK' is clicked on

2018-06-10 19:28:25 - [TEST_STEP][PASSED] - delay: Delayed 3 second(s)

2018-06-10 19:28:28 - [MESSAGE][PASSED] - Delayed 3 second(s)

2018-06-10 19:28:28 - [TEST_STEP][PASSED] - click: Object: 'Object Repository/HealthpostToCms/Page_HealthPost Store/a_dropdown-toggle' is clicked on

2018-06-10 19:28:28 - [MESSAGE][PASSED] - Object: 'Object Repository/HealthpostToCms/Page_HealthPost Store/a_dropdown-toggle' is clicked on

2018-06-10 19:28:28 - [TEST_STEP][PASSED] - click: Object: 'Object Repository/HealthpostToCms/Page_HealthPost Store/a_Sign out' is clicked on

2018-06-10 19:28:29 - [MESSAGE][PASSED] - Object: 'Object Repository/HealthpostToCms/Page_HealthPost Store/a_Sign out' is clicked on

2018-06-10 19:28:29 - [TEST_STEP][PASSED] - delay: Delayed 3 second(s)

2018-06-10 19:28:32 - [MESSAGE][PASSED] - Delayed 3 second(s)

2018-06-10 19:28:32 - [TEST_STEP][PASSED] - navigateToUrl: Navigate to 'http://192.168.137.1/multihospital_new/' successfully

2018-06-10 19:28:32 - [MESSAGE][PASSED] - Navigate to 'http://192.168.137.1/multihospital_new/' successfully

2018-06-10 19:28:32 - [TEST_STEP][PASSED] - click: Object: 'Object Repository/HealthpostToCms/Page_KDMC/a_CMO' is clicked on

2018-06-10 19:28:33 - [MESSAGE][PASSED] - Object: 'Object Repository/HealthpostToCms/Page_KDMC/a_CMO' is clicked on

2018-06-10 19:28:33 - [TEST_STEP][PASSED] - setText: Text 'guru' is set on object 'Object Repository/HealthpostToCms/Page_CMO login/input_txtusername'

2018-06-10 19:28:33 - [MESSAGE][PASSED] - Text 'guru' is set on object 'Object Repository/HealthpostToCms/Page_CMO login/input_txtusername'

2018-06-10 19:28:33 - [TEST_STEP][PASSED] - setText: Text '123' is set on object 'Object Repository/HealthpostToCms/Page_CMO login/input_txtpassword'

2018-06-10 19:28:33 - [MESSAGE][PASSED] - Text '123' is set on object 'Object Repository/HealthpostToCms/Page_CMO login/input_txtpassword'

2018-06-10 19:28:33 - [TEST_STEP][PASSED] - delay: Delayed 3 second(s)

2018-06-10 19:28:36 - [MESSAGE][PASSED] - Delayed 3 second(s)

2018-06-10 19:28:36 - [TEST_STEP][PASSED] - click: Object: 'Object Repository/HealthpostToCms/Page_CMO login/button_Sign in' is clicked on

2018-06-10 19:28:37 - [MESSAGE][PASSED] - Object: 'Object Repository/HealthpostToCms/Page_CMO login/button_Sign in' is clicked on

2018-06-10 19:28:37 - [TEST_STEP][PASSED] - delay: Delayed 3 second(s)

2018-06-10 19:28:40 - [MESSAGE][PASSED] - Delayed 3 second(s)

2018-06-10 19:28:40 - [TEST_STEP][PASSED] - click: Object: 'Object Repository/HealthpostToCms/Page_KDMC - CMO/a_CMS Request' is clicked on

2018-06-10 19:28:40 - [MESSAGE][PASSED] - Object: 'Object Repository/HealthpostToCms/Page_KDMC - CMO/a_CMS Request' is clicked on

2018-06-10 19:28:40 - [TEST_STEP][PASSED] - delay: Delayed 2 second(s)

2018-06-10 19:28:42 - [MESSAGE][PASSED] - Delayed 2 second(s)

2018-06-10 19:28:42 - [TEST_STEP][PASSED] - click: Object: 'Object Repository/HealthpostToCms/Page_KDMC - CMO/a_Healthpost Store Request' is clicked on

2018-06-10 19:28:43 - [MESSAGE][PASSED] - Object: 'Object Repository/HealthpostToCms/Page_KDMC - CMO/a_Healthpost Store Request' is clicked on

2018-06-10 19:28:43 - [TEST_STEP][PASSED] - selectOptionByIndex: All options with index in [1] are selected on object 'Object Repository/HealthpostToCms/Page_KDMC - CMO/select_--ALL--'

2018-06-10 19:28:44 - [MESSAGE][PASSED] - All options with index in [1] are selected on object 'Object Repository/HealthpostToCms/Page_KDMC - CMO/select_--ALL--'

2018-06-10 19:28:44 - [TEST_STEP][PASSED] - click: Object: 'Object Repository/HealthpostToCms/Page_KDMC - CMO/input_btnsearch' is clicked on

2018-06-10 19:28:44 - [MESSAGE][PASSED] - Object: 'Object Repository/HealthpostToCms/Page_KDMC - CMO/input_btnsearch' is clicked on

2018-06-10 19:28:44 - [TEST_STEP][PASSED] - Statement - ID = com.kms.katalon.core.webui.keyword.WebUiBuiltInKeywords.modifyObjectProperty(com.kms.katalon.core.testobject.ObjectRepository.findTestObject(lab/Page_KDMC - CMO/input_1), "xpath", "equals", "//*[@id=" + RID + "]", true): Modify property of object successfully

2018-06-10 19:28:44 - [MESSAGE][PASSED] - Modify property of object successfully

2018-06-10 19:28:44 - [TEST_STEP][PASSED] - click: Object: 'Object Repository/lab/Page_KDMC - CMO/input_1' is clicked on

2018-06-10 19:28:44 - [MESSAGE][PASSED] - Object: 'Object Repository/lab/Page_KDMC - CMO/input_1' is clicked on

2018-06-10 19:28:44 - [TEST_STEP][PASSED] - delay: Delayed 2 second(s)

2018-06-10 19:28:46 - [MESSAGE][PASSED] - Delayed 2 second(s)

2018-06-10 19:28:46 - [TEST_STEP][PASSED] - selectOptionByIndex: All options with index in [1] are selected on object 'Object Repository/HealthpostToCms/Page_KDMC - CMO/select_--Select--'

2018-06-10 19:28:46 - [MESSAGE][PASSED] - All options with index in [1] are selected on object 'Object Repository/HealthpostToCms/Page_KDMC - CMO/select_--Select--'

2018-06-10 19:28:46 - [TEST_STEP][PASSED] - click: Object: 'Object Repository/HealthpostToCms/Page_KDMC - CMO/input_btnupdate' is clicked on

2018-06-10 19:28:47 - [MESSAGE][PASSED] - Object: 'Object Repository/HealthpostToCms/Page_KDMC - CMO/input_btnupdate' is clicked on

2018-06-10 19:28:47 - [TEST_STEP][PASSED] - delay: Delayed 2 second(s)

2018-06-10 19:28:49 - [MESSAGE][PASSED] - Delayed 2 second(s)

2018-06-10 19:28:49 - [TEST_STEP][PASSED] - click: Object: 'Object Repository/HealthpostToCms/Page_KDMC - CMO/button_OK' is clicked on

2018-06-10 19:28:49 - [MESSAGE][PASSED] - Object: 'Object Repository/HealthpostToCms/Page_KDMC - CMO/button_OK' is clicked on

2018-06-10 19:28:49 - [TEST_STEP][PASSED] - delay: Delayed 3 second(s)

2018-06-10 19:28:52 - [MESSAGE][PASSED] - Delayed 3 second(s)

2018-06-10 19:28:52 - [TEST_STEP][PASSED] - click: Object: 'Object Repository/HealthpostToCms/Page_KDMC - CMO/a_dropdown-toggle' is clicked on

2018-06-10 19:28:52 - [MESSAGE][PASSED] - Object: 'Object Repository/HealthpostToCms/Page_KDMC - CMO/a_dropdown-toggle' is clicked on

2018-06-10 19:28:52 - [TEST_STEP][PASSED] - click: Object: 'Object Repository/HealthpostToCms/Page_KDMC - CMO/a_Sign out' is clicked on

2018-06-10 19:28:53 - [MESSAGE][PASSED] - Object: 'Object Repository/HealthpostToCms/Page_KDMC - CMO/a_Sign out' is clicked on

2018-06-10 19:28:53 - [TEST_STEP][PASSED] - delay: Delayed 3 second(s)

2018-06-10 19:28:56 - [MESSAGE][PASSED] - Delayed 3 second(s)

2018-06-10 19:28:56 - [TEST_STEP][PASSED] - click: Object: 'Object Repository/HealthpostToCms/Page_KDMC/a_CMS' is clicked on

2018-06-10 19:28:56 - [MESSAGE][PASSED] - Object: 'Object Repository/HealthpostToCms/Page_KDMC/a_CMS' is clicked on

2018-06-10 19:28:56 - [TEST_STEP][PASSED] - setText: Text 'bala' is set on object 'Object Repository/HealthpostToCms/Page_CMS login/input_txtusername'

2018-06-10 19:28:56 - [MESSAGE][PASSED] - Text 'bala' is set on object 'Object Repository/HealthpostToCms/Page_CMS login/input_txtusername'

2018-06-10 19:28:56 - [TEST_STEP][PASSED] - setText: Text '123' is set on object 'Object Repository/HealthpostToCms/Page_CMS login/input_txtpassword'

2018-06-10 19:28:56 - [MESSAGE][PASSED] - Text '123' is set on object 'Object Repository/HealthpostToCms/Page_CMS login/input_txtpassword'

2018-06-10 19:28:56 - [TEST_STEP][PASSED] - delay: Delayed 3 second(s)

2018-06-10 19:28:59 - [MESSAGE][PASSED] - Delayed 3 second(s)

2018-06-10 19:28:59 - [TEST_STEP][PASSED] - click: Object: 'Object Repository/HealthpostToCms/Page_CMS login/button_Sign in' is clicked on

2018-06-10 19:29:00 - [MESSAGE][PASSED] - Object: 'Object Repository/HealthpostToCms/Page_CMS login/button_Sign in' is clicked on

2018-06-10 19:29:00 - [TEST_STEP][PASSED] - delay: Delayed 3 second(s)

2018-06-10 19:29:03 - [MESSAGE][PASSED] - Delayed 3 second(s)

2018-06-10 19:29:03 - [TEST_STEP][PASSED] - click: Object: 'Object Repository/HealthpostToCms/Page_KDMC - CMS/a_Divisional Store' is clicked on

2018-06-10 19:29:03 - [MESSAGE][PASSED] - Object: 'Object Repository/HealthpostToCms/Page_KDMC - CMS/a_Divisional Store' is clicked on

2018-06-10 19:29:03 - [TEST_STEP][PASSED] - delay: Delayed 2 second(s)

2018-06-10 19:29:05 - [MESSAGE][PASSED] - Delayed 2 second(s)

2018-06-10 19:29:05 - [TEST_STEP][PASSED] - click: Object: 'Object Repository/HealthpostToCms/Page_KDMC - CMS/a_Dispatch Items' is clicked on

2018-06-10 19:29:06 - [MESSAGE][PASSED] - Object: 'Object Repository/HealthpostToCms/Page_KDMC - CMS/a_Dispatch Items' is clicked on

2018-06-10 19:29:06 - [TEST_STEP][PASSED] - delay: Delayed 2 second(s)

2018-06-10 19:29:08 - [MESSAGE][PASSED] - Delayed 2 second(s)

2018-06-10 19:29:08 - [TEST_STEP][PASSED] - setText: Text 'PRNO/10062018/814' is set on object 'Object Repository/HealthpostToCms/Page_KDMC - CMS/input'

2018-06-10 19:29:08 - [MESSAGE][PASSED] - Text 'PRNO/10062018/814' is set on object 'Object Repository/HealthpostToCms/Page_KDMC - CMS/input'

2018-06-10 19:29:08 - [TEST_STEP][PASSED] - click: Object: 'Object Repository/HealthpostToCms/Page_KDMC - CMS/input_PRNO18052018174' is clicked on

2018-06-10 19:29:08 - [MESSAGE][PASSED] - Object: 'Object Repository/HealthpostToCms/Page_KDMC - CMS/input_PRNO18052018174' is clicked on

2018-06-10 19:29:08 - [TEST_STEP][PASSED] - delay: Delayed 3 second(s)

2018-06-10 19:29:11 - [MESSAGE][PASSED] - Delayed 3 second(s)

2018-06-10 19:29:11 - [TEST_STEP][PASSED] - Statement - out.println("Length : " + medicineslength): null

2018-06-10 19:29:11 - [TEST_STEP][PASSED] - Statement - For ([row = 0, row < medicineslength - 1, (row++)]): null

2018-06-10 19:29:11 - [TEST_STEP][PASSED] - Statement - batchlength = new com.kms.katalon.core.testobject.TestObject(): null

2018-06-10 19:29:11 - [TEST_STEP][PASSED] - Statement - batchlength = com.kms.katalon.core.webui.keyword.WebUiBuiltInKeywords.modifyObjectProperty(batchlength, "xpath", "equals", "//*[@id = "fldvendor" + row + ""]", true): Modify property of object successfully

2018-06-10 19:29:11 - [MESSAGE][PASSED] - Modify property of object successfully

2018-06-10 19:29:11 - [TEST_STEP][PASSED] - Statement - batchsize = com.kms.katalon.core.webui.keyword.WebUiBuiltInKeywords.getNumberOfTotalOption(batchlength): 10 options of object '' counted

2018-06-10 19:29:12 - [MESSAGE][PASSED] - 10 options of object '' counted

2018-06-10 19:29:12 - [TEST_STEP][PASSED] - Statement - out.println("BatchSize : " + batchsize): null

2018-06-10 19:29:12 - [TEST_STEP][PASSED] - Statement - For ([n = 1, n <= batchsize - 1, (n++)]): null

2018-06-10 19:29:12 - [TEST_STEP][PASSED] - Statement - product = new com.kms.katalon.core.testobject.TestObject(): null

2018-06-10 19:29:12 - [TEST_STEP][PASSED] - Statement - product = com.kms.katalon.core.webui.keyword.WebUiBuiltInKeywords.modifyObjectProperty(product, "xpath", "equals", "//*[@id = "fldvendor" + row + ""]", true): Modify property of object successfully

2018-06-10 19:29:12 - [MESSAGE][PASSED] - Modify property of object successfully

2018-06-10 19:29:12 - [TEST_STEP][PASSED] - selectOptionByIndex: All options with index in [1] are selected on object ''

2018-06-10 19:29:13 - [MESSAGE][PASSED] - All options with index in [1] are selected on object ''

2018-06-10 19:29:13 - [TEST_STEP][PASSED] - delay: Delayed 2 second(s)

2018-06-10 19:29:15 - [MESSAGE][PASSED] - Delayed 2 second(s)

2018-06-10 19:29:15 - [TEST_STEP][PASSED] - Statement - batch = new com.kms.katalon.core.testobject.TestObject(): null

2018-06-10 19:29:15 - [TEST_STEP][PASSED] - Statement - batch = com.kms.katalon.core.webui.keyword.WebUiBuiltInKeywords.modifyObjectProperty(batch, "xpath", "equals", "//*[@id = "txtbthqty" + row + ""]", true): Modify property of object successfully

2018-06-10 19:29:15 - [MESSAGE][PASSED] - Modify property of object successfully

2018-06-10 19:29:15 - [TEST_STEP][PASSED] - Statement - batchqty = com.kms.katalon.core.webui.keyword.WebUiBuiltInKeywords.getAttribute(batch, "value").trim(): Attribute 'value' of object '' is: '35600'

2018-06-10 19:29:15 - [MESSAGE][PASSED] - Attribute 'value' of object '' is: '35600'

2018-06-10 19:29:15 - [TEST_STEP][PASSED] - Statement - Rqty = 100: null

2018-06-10 19:29:15 - [TEST_STEP][PASSED] - Statement - out.println("BatchQty : " + batchqty): null

2018-06-10 19:29:15 - [TEST_STEP][PASSED] - Statement - out.println("RQty : " + Rqty): null

2018-06-10 19:29:15 - [TEST_STEP][PASSED] - Statement - If (java.lang.Integer.valueOf(batchqty) >= java.lang.Integer.valueOf(Rqty)): null

2018-06-10 19:29:15 - [TEST_STEP][PASSED] - Statement - Break: null

2018-06-10 19:29:15 - [TEST_STEP][PASSED] - Statement - batchlength = new com.kms.katalon.core.testobject.TestObject(): null

2018-06-10 19:29:15 - [TEST_STEP][PASSED] - Statement - batchlength = com.kms.katalon.core.webui.keyword.WebUiBuiltInKeywords.modifyObjectProperty(batchlength, "xpath", "equals", "//*[@id = "fldvendor" + row + ""]", true): Modify property of object successfully

2018-06-10 19:29:15 - [MESSAGE][PASSED] - Modify property of object successfully

2018-06-10 19:29:15 - [TEST_STEP][PASSED] - Statement - batchsize = com.kms.katalon.core.webui.keyword.WebUiBuiltInKeywords.getNumberOfTotalOption(batchlength): 10 options of object '' counted

2018-06-10 19:29:15 - [MESSAGE][PASSED] - 10 options of object '' counted

2018-06-10 19:29:15 - [TEST_STEP][PASSED] - Statement - out.println("BatchSize : " + batchsize): null

2018-06-10 19:29:15 - [TEST_STEP][PASSED] - Statement - For ([n = 1, n <= batchsize - 1, (n++)]): null

2018-06-10 19:29:15 - [TEST_STEP][PASSED] - Statement - product = new com.kms.katalon.core.testobject.TestObject(): null

2018-06-10 19:29:15 - [TEST_STEP][PASSED] - Statement - product = com.kms.katalon.core.webui.keyword.WebUiBuiltInKeywords.modifyObjectProperty(product, "xpath", "equals", "//*[@id = "fldvendor" + row + ""]", true): Modify property of object successfully

2018-06-10 19:29:15 - [MESSAGE][PASSED] - Modify property of object successfully

2018-06-10 19:29:15 - [TEST_STEP][PASSED] - selectOptionByIndex: All options with index in [1] are selected on object ''

2018-06-10 19:29:15 - [MESSAGE][PASSED] - All options with index in [1] are selected on object ''

2018-06-10 19:29:15 - [TEST_STEP][PASSED] - delay: Delayed 2 second(s)

2018-06-10 19:29:17 - [MESSAGE][PASSED] - Delayed 2 second(s)

2018-06-10 19:29:17 - [TEST_STEP][PASSED] - Statement - batch = new com.kms.katalon.core.testobject.TestObject(): null

2018-06-10 19:29:17 - [TEST_STEP][PASSED] - Statement - batch = com.kms.katalon.core.webui.keyword.WebUiBuiltInKeywords.modifyObjectProperty(batch, "xpath", "equals", "//*[@id = "txtbthqty" + row + ""]", true): Modify property of object successfully

2018-06-10 19:29:17 - [MESSAGE][PASSED] - Modify property of object successfully

2018-06-10 19:29:17 - [TEST_STEP][PASSED] - Statement - batchqty = com.kms.katalon.core.webui.keyword.WebUiBuiltInKeywords.getAttribute(batch, "value").trim(): Attribute 'value' of object '' is: '2800'

2018-06-10 19:29:17 - [MESSAGE][PASSED] - Attribute 'value' of object '' is: '2800'

2018-06-10 19:29:17 - [TEST_STEP][PASSED] - Statement - Rqty = 100: null

2018-06-10 19:29:17 - [TEST_STEP][PASSED] - Statement - out.println("BatchQty : " + batchqty): null

2018-06-10 19:29:17 - [TEST_STEP][PASSED] - Statement - out.println("RQty : " + Rqty): null

2018-06-10 19:29:17 - [TEST_STEP][PASSED] - Statement - If (java.lang.Integer.valueOf(batchqty) >= java.lang.Integer.valueOf(Rqty)): null

2018-06-10 19:29:17 - [TEST_STEP][PASSED] - Statement - Break: null

2018-06-10 19:29:17 - [TEST_STEP][PASSED] - Statement - batchlength = new com.kms.katalon.core.testobject.TestObject(): null

2018-06-10 19:29:17 - [TEST_STEP][PASSED] - Statement - batchlength = com.kms.katalon.core.webui.keyword.WebUiBuiltInKeywords.modifyObjectProperty(batchlength, "xpath", "equals", "//*[@id = "fldvendor" + row + ""]", true): Modify property of object successfully

2018-06-10 19:29:17 - [MESSAGE][PASSED] - Modify property of object successfully

2018-06-10 19:29:17 - [TEST_STEP][PASSED] - Statement - batchsize = com.kms.katalon.core.webui.keyword.WebUiBuiltInKeywords.getNumberOfTotalOption(batchlength): 10 options of object '' counted

2018-06-10 19:29:17 - [MESSAGE][PASSED] - 10 options of object '' counted

2018-06-10 19:29:17 - [TEST_STEP][PASSED] - Statement - out.println("BatchSize : " + batchsize): null

2018-06-10 19:29:17 - [TEST_STEP][PASSED] - Statement - For ([n = 1, n <= batchsize - 1, (n++)]): null

2018-06-10 19:29:17 - [TEST_STEP][PASSED] - Statement - product = new com.kms.katalon.core.testobject.TestObject(): null

2018-06-10 19:29:17 - [TEST_STEP][PASSED] - Statement - product = com.kms.katalon.core.webui.keyword.WebUiBuiltInKeywords.modifyObjectProperty(product, "xpath", "equals", "//*[@id = "fldvendor" + row + ""]", true): Modify property of object successfully

2018-06-10 19:29:17 - [MESSAGE][PASSED] - Modify property of object successfully

2018-06-10 19:29:17 - [TEST_STEP][PASSED] - selectOptionByIndex: All options with index in [1] are selected on object ''

2018-06-10 19:29:17 - [MESSAGE][PASSED] - All options with index in [1] are selected on object ''

2018-06-10 19:29:17 - [TEST_STEP][PASSED] - delay: Delayed 2 second(s)

2018-06-10 19:29:19 - [MESSAGE][PASSED] - Delayed 2 second(s)

2018-06-10 19:29:19 - [TEST_STEP][PASSED] - Statement - batch = new com.kms.katalon.core.testobject.TestObject(): null

2018-06-10 19:29:19 - [TEST_STEP][PASSED] - Statement - batch = com.kms.katalon.core.webui.keyword.WebUiBuiltInKeywords.modifyObjectProperty(batch, "xpath", "equals", "//*[@id = "txtbthqty" + row + ""]", true): Modify property of object successfully

2018-06-10 19:29:19 - [MESSAGE][PASSED] - Modify property of object successfully

2018-06-10 19:29:19 - [TEST_STEP][PASSED] - Statement - batchqty = com.kms.katalon.core.webui.keyword.WebUiBuiltInKeywords.getAttribute(batch, "value").trim(): Attribute 'value' of object '' is: '3700'

2018-06-10 19:29:19 - [MESSAGE][PASSED] - Attribute 'value' of object '' is: '3700'

2018-06-10 19:29:19 - [TEST_STEP][PASSED] - Statement - Rqty = 100: null

2018-06-10 19:29:19 - [TEST_STEP][PASSED] - Statement - out.println("BatchQty : " + batchqty): null

2018-06-10 19:29:19 - [TEST_STEP][PASSED] - Statement - out.println("RQty : " + Rqty): null

2018-06-10 19:29:19 - [TEST_STEP][PASSED] - Statement - If (java.lang.Integer.valueOf(batchqty) >= java.lang.Integer.valueOf(Rqty)): null

2018-06-10 19:29:19 - [TEST_STEP][PASSED] - Statement - Break: null

2018-06-10 19:29:19 - [TEST_STEP][PASSED] - Statement - batchlength = new com.kms.katalon.core.testobject.TestObject(): null

2018-06-10 19:29:19 - [TEST_STEP][PASSED] - Statement - batchlength = com.kms.katalon.core.webui.keyword.WebUiBuiltInKeywords.modifyObjectProperty(batchlength, "xpath", "equals", "//*[@id = "fldvendor" + row + ""]", true): Modify property of object successfully

2018-06-10 19:29:19 - [MESSAGE][PASSED] - Modify property of object successfully

2018-06-10 19:29:19 - [TEST_STEP][PASSED] - Statement - batchsize = com.kms.katalon.core.webui.keyword.WebUiBuiltInKeywords.getNumberOfTotalOption(batchlength): 10 options of object '' counted

2018-06-10 19:29:19 - [MESSAGE][PASSED] - 10 options of object '' counted

2018-06-10 19:29:19 - [TEST_STEP][PASSED] - Statement - out.println("BatchSize : " + batchsize): null

2018-06-10 19:29:19 - [TEST_STEP][PASSED] - Statement - For ([n = 1, n <= batchsize - 1, (n++)]): null

2018-06-10 19:29:19 - [TEST_STEP][PASSED] - Statement - product = new com.kms.katalon.core.testobject.TestObject(): null

2018-06-10 19:29:19 - [TEST_STEP][PASSED] - Statement - product = com.kms.katalon.core.webui.keyword.WebUiBuiltInKeywords.modifyObjectProperty(product, "xpath", "equals", "//*[@id = "fldvendor" + row + ""]", true): Modify property of object successfully

2018-06-10 19:29:19 - [MESSAGE][PASSED] - Modify property of object successfully

2018-06-10 19:29:19 - [TEST_STEP][PASSED] - selectOptionByIndex: All options with index in [1] are selected on object ''

2018-06-10 19:29:19 - [MESSAGE][PASSED] - All options with index in [1] are selected on object ''

2018-06-10 19:29:19 - [TEST_STEP][PASSED] - delay: Delayed 2 second(s)

2018-06-10 19:29:21 - [MESSAGE][PASSED] - Delayed 2 second(s)

2018-06-10 19:29:21 - [TEST_STEP][PASSED] - Statement - batch = new com.kms.katalon.core.testobject.TestObject(): null

2018-06-10 19:29:21 - [TEST_STEP][PASSED] - Statement - batch = com.kms.katalon.core.webui.keyword.WebUiBuiltInKeywords.modifyObjectProperty(batch, "xpath", "equals", "//*[@id = "txtbthqty" + row + ""]", true): Modify property of object successfully

2018-06-10 19:29:21 - [MESSAGE][PASSED] - Modify property of object successfully

2018-06-10 19:29:21 - [TEST_STEP][PASSED] - Statement - batchqty = com.kms.katalon.core.webui.keyword.WebUiBuiltInKeywords.getAttribute(batch, "value").trim(): Attribute 'value' of object '' is: '4000'

2018-06-10 19:29:21 - [MESSAGE][PASSED] - Attribute 'value' of object '' is: '4000'

2018-06-10 19:29:21 - [TEST_STEP][PASSED] - Statement - Rqty = 100: null

2018-06-10 19:29:21 - [TEST_STEP][PASSED] - Statement - out.println("BatchQty : " + batchqty): null

2018-06-10 19:29:21 - [TEST_STEP][PASSED] - Statement - out.println("RQty : " + Rqty): null

2018-06-10 19:29:21 - [TEST_STEP][PASSED] - Statement - If (java.lang.Integer.valueOf(batchqty) >= java.lang.Integer.valueOf(Rqty)): null

2018-06-10 19:29:21 - [TEST_STEP][PASSED] - Statement - Break: null

2018-06-10 19:29:21 - [TEST_STEP][PASSED] - Statement - batchlength = new com.kms.katalon.core.testobject.TestObject(): null

2018-06-10 19:29:21 - [TEST_STEP][PASSED] - Statement - batchlength = com.kms.katalon.core.webui.keyword.WebUiBuiltInKeywords.modifyObjectProperty(batchlength, "xpath", "equals", "//*[@id = "fldvendor" + row + ""]", true): Modify property of object successfully

2018-06-10 19:29:21 - [MESSAGE][PASSED] - Modify property of object successfully

2018-06-10 19:29:21 - [TEST_STEP][PASSED] - Statement - batchsize = com.kms.katalon.core.webui.keyword.WebUiBuiltInKeywords.getNumberOfTotalOption(batchlength): 10 options of object '' counted

2018-06-10 19:29:21 - [MESSAGE][PASSED] - 10 options of object '' counted

2018-06-10 19:29:21 - [TEST_STEP][PASSED] - Statement - out.println("BatchSize : " + batchsize): null

2018-06-10 19:29:21 - [TEST_STEP][PASSED] - Statement - For ([n = 1, n <= batchsize - 1, (n++)]): null

2018-06-10 19:29:21 - [TEST_STEP][PASSED] - Statement - product = new com.kms.katalon.core.testobject.TestObject(): null

2018-06-10 19:29:21 - [TEST_STEP][PASSED] - Statement - product = com.kms.katalon.core.webui.keyword.WebUiBuiltInKeywords.modifyObjectProperty(product, "xpath", "equals", "//*[@id = "fldvendor" + row + ""]", true): Modify property of object successfully

2018-06-10 19:29:21 - [MESSAGE][PASSED] - Modify property of object successfully

2018-06-10 19:29:21 - [TEST_STEP][PASSED] - selectOptionByIndex: All options with index in [1] are selected on object ''

2018-06-10 19:29:22 - [MESSAGE][PASSED] - All options with index in [1] are selected on object ''

2018-06-10 19:29:22 - [TEST_STEP][PASSED] - delay: Delayed 2 second(s)

2018-06-10 19:29:24 - [MESSAGE][PASSED] - Delayed 2 second(s)

2018-06-10 19:29:24 - [TEST_STEP][PASSED] - Statement - batch = new com.kms.katalon.core.testobject.TestObject(): null

2018-06-10 19:29:24 - [TEST_STEP][PASSED] - Statement - batch = com.kms.katalon.core.webui.keyword.WebUiBuiltInKeywords.modifyObjectProperty(batch, "xpath", "equals", "//*[@id = "txtbthqty" + row + ""]", true): Modify property of object successfully

2018-06-10 19:29:24 - [MESSAGE][PASSED] - Modify property of object successfully

2018-06-10 19:29:24 - [TEST_STEP][PASSED] - Statement - batchqty = com.kms.katalon.core.webui.keyword.WebUiBuiltInKeywords.getAttribute(batch, "value").trim(): Attribute 'value' of object '' is: '1900'

2018-06-10 19:29:24 - [MESSAGE][PASSED] - Attribute 'value' of object '' is: '1900'

2018-06-10 19:29:24 - [TEST_STEP][PASSED] - Statement - Rqty = 100: null

2018-06-10 19:29:24 - [TEST_STEP][PASSED] - Statement - out.println("BatchQty : " + batchqty): null

2018-06-10 19:29:24 - [TEST_STEP][PASSED] - Statement - out.println("RQty : " + Rqty): null

2018-06-10 19:29:24 - [TEST_STEP][PASSED] - Statement - If (java.lang.Integer.valueOf(batchqty) >= java.lang.Integer.valueOf(Rqty)): null

2018-06-10 19:29:24 - [TEST_STEP][PASSED] - Statement - Break: null

2018-06-10 19:29:24 - [TEST_STEP][PASSED] - Statement - batchlength = new com.kms.katalon.core.testobject.TestObject(): null

2018-06-10 19:29:24 - [TEST_STEP][PASSED] - Statement - batchlength = com.kms.katalon.core.webui.keyword.WebUiBuiltInKeywords.modifyObjectProperty(batchlength, "xpath", "equals", "//*[@id = "fldvendor" + row + ""]", true): Modify property of object successfully

2018-06-10 19:29:24 - [MESSAGE][PASSED] - Modify property of object successfully

2018-06-10 19:29:24 - [TEST_STEP][PASSED] - Statement - batchsize = com.kms.katalon.core.webui.keyword.WebUiBuiltInKeywords.getNumberOfTotalOption(batchlength): 10 options of object '' counted

2018-06-10 19:29:24 - [MESSAGE][PASSED] - 10 options of object '' counted

2018-06-10 19:29:24 - [TEST_STEP][PASSED] - Statement - out.println("BatchSize : " + batchsize): null

2018-06-10 19:29:24 - [TEST_STEP][PASSED] - Statement - For ([n = 1, n <= batchsize - 1, (n++)]): null

2018-06-10 19:29:24 - [TEST_STEP][PASSED] - Statement - product = new com.kms.katalon.core.testobject.TestObject(): null

2018-06-10 19:29:24 - [TEST_STEP][PASSED] - Statement - product = com.kms.katalon.core.webui.keyword.WebUiBuiltInKeywords.modifyObjectProperty(product, "xpath", "equals", "//*[@id = "fldvendor" + row + ""]", true): Modify property of object successfully

2018-06-10 19:29:24 - [MESSAGE][PASSED] - Modify property of object successfully

2018-06-10 19:29:24 - [TEST_STEP][PASSED] - selectOptionByIndex: All options with index in [1] are selected on object ''

2018-06-10 19:29:24 - [MESSAGE][PASSED] - All options with index in [1] are selected on object ''

2018-06-10 19:29:24 - [TEST_STEP][PASSED] - delay: Delayed 2 second(s)

2018-06-10 19:29:26 - [MESSAGE][PASSED] - Delayed 2 second(s)

2018-06-10 19:29:26 - [TEST_STEP][PASSED] - Statement - batch = new com.kms.katalon.core.testobject.TestObject(): null

2018-06-10 19:29:26 - [TEST_STEP][PASSED] - Statement - batch = com.kms.katalon.core.webui.keyword.WebUiBuiltInKeywords.modifyObjectProperty(batch, "xpath", "equals", "//*[@id = "txtbthqty" + row + ""]", true): Modify property of object successfully

2018-06-10 19:29:26 - [MESSAGE][PASSED] - Modify property of object successfully

2018-06-10 19:29:26 - [TEST_STEP][PASSED] - Statement - batchqty = com.kms.katalon.core.webui.keyword.WebUiBuiltInKeywords.getAttribute(batch, "value").trim(): Attribute 'value' of object '' is: '2500'

2018-06-10 19:29:26 - [MESSAGE][PASSED] - Attribute 'value' of object '' is: '2500'

2018-06-10 19:29:26 - [TEST_STEP][PASSED] - Statement - Rqty = 100: null

2018-06-10 19:29:26 - [TEST_STEP][PASSED] - Statement - out.println("BatchQty : " + batchqty): null

2018-06-10 19:29:26 - [TEST_STEP][PASSED] - Statement - out.println("RQty : " + Rqty): null

2018-06-10 19:29:26 - [TEST_STEP][PASSED] - Statement - If (java.lang.Integer.valueOf(batchqty) >= java.lang.Integer.valueOf(Rqty)): null

2018-06-10 19:29:26 - [TEST_STEP][PASSED] - Statement - Break: null

2018-06-10 19:29:26 - [TEST_STEP][PASSED] - Statement - batchlength = new com.kms.katalon.core.testobject.TestObject(): null

2018-06-10 19:29:26 - [TEST_STEP][PASSED] - Statement - batchlength = com.kms.katalon.core.webui.keyword.WebUiBuiltInKeywords.modifyObjectProperty(batchlength, "xpath", "equals", "//*[@id = "fldvendor" + row + ""]", true): Modify property of object successfully

2018-06-10 19:29:26 - [MESSAGE][PASSED] - Modify property of object successfully

2018-06-10 19:29:26 - [TEST_STEP][PASSED] - Statement - batchsize = com.kms.katalon.core.webui.keyword.WebUiBuiltInKeywords.getNumberOfTotalOption(batchlength): 10 options of object '' counted

2018-06-10 19:29:26 - [MESSAGE][PASSED] - 10 options of object '' counted

2018-06-10 19:29:26 - [TEST_STEP][PASSED] - Statement - out.println("BatchSize : " + batchsize): null

2018-06-10 19:29:26 - [TEST_STEP][PASSED] - Statement - For ([n = 1, n <= batchsize - 1, (n++)]): null

2018-06-10 19:29:26 - [TEST_STEP][PASSED] - Statement - product = new com.kms.katalon.core.testobject.TestObject(): null

2018-06-10 19:29:26 - [TEST_STEP][PASSED] - Statement - product = com.kms.katalon.core.webui.keyword.WebUiBuiltInKeywords.modifyObjectProperty(product, "xpath", "equals", "//*[@id = "fldvendor" + row + ""]", true): Modify property of object successfully

2018-06-10 19:29:26 - [MESSAGE][PASSED] - Modify property of object successfully

2018-06-10 19:29:26 - [TEST_STEP][PASSED] - selectOptionByIndex: All options with index in [1] are selected on object ''

2018-06-10 19:29:26 - [MESSAGE][PASSED] - All options with index in [1] are selected on object ''

2018-06-10 19:29:26 - [TEST_STEP][PASSED] - delay: Delayed 2 second(s)

2018-06-10 19:29:28 - [MESSAGE][PASSED] - Delayed 2 second(s)

2018-06-10 19:29:28 - [TEST_STEP][PASSED] - Statement - batch = new com.kms.katalon.core.testobject.TestObject(): null

2018-06-10 19:29:28 - [TEST_STEP][PASSED] - Statement - batch = com.kms.katalon.core.webui.keyword.WebUiBuiltInKeywords.modifyObjectProperty(batch, "xpath", "equals", "//*[@id = "txtbthqty" + row + ""]", true): Modify property of object successfully

2018-06-10 19:29:28 - [MESSAGE][PASSED] - Modify property of object successfully

2018-06-10 19:29:28 - [TEST_STEP][PASSED] - Statement - batchqty = com.kms.katalon.core.webui.keyword.WebUiBuiltInKeywords.getAttribute(batch, "value").trim(): Attribute 'value' of object '' is: '2500'

2018-06-10 19:29:28 - [MESSAGE][PASSED] - Attribute 'value' of object '' is: '2500'

2018-06-10 19:29:28 - [TEST_STEP][PASSED] - Statement - Rqty = 100: null

2018-06-10 19:29:28 - [TEST_STEP][PASSED] - Statement - out.println("BatchQty : " + batchqty): null

2018-06-10 19:29:28 - [TEST_STEP][PASSED] - Statement - out.println("RQty : " + Rqty): null

2018-06-10 19:29:28 - [TEST_STEP][PASSED] - Statement - If (java.lang.Integer.valueOf(batchqty) >= java.lang.Integer.valueOf(Rqty)): null

2018-06-10 19:29:28 - [TEST_STEP][PASSED] - Statement - Break: null

2018-06-10 19:29:28 - [TEST_STEP][PASSED] - Statement - batchlength = new com.kms.katalon.core.testobject.TestObject(): null

2018-06-10 19:29:28 - [TEST_STEP][PASSED] - Statement - batchlength = com.kms.katalon.core.webui.keyword.WebUiBuiltInKeywords.modifyObjectProperty(batchlength, "xpath", "equals", "//*[@id = "fldvendor" + row + ""]", true): Modify property of object successfully

2018-06-10 19:29:28 - [MESSAGE][PASSED] - Modify property of object successfully

2018-06-10 19:29:28 - [TEST_STEP][PASSED] - Statement - batchsize = com.kms.katalon.core.webui.keyword.WebUiBuiltInKeywords.getNumberOfTotalOption(batchlength): 10 options of object '' counted

2018-06-10 19:29:28 - [MESSAGE][PASSED] - 10 options of object '' counted

2018-06-10 19:29:28 - [TEST_STEP][PASSED] - Statement - out.println("BatchSize : " + batchsize): null

2018-06-10 19:29:28 - [TEST_STEP][PASSED] - Statement - For ([n = 1, n <= batchsize - 1, (n++)]): null

2018-06-10 19:29:28 - [TEST_STEP][PASSED] - Statement - product = new com.kms.katalon.core.testobject.TestObject(): null

2018-06-10 19:29:28 - [TEST_STEP][PASSED] - Statement - product = com.kms.katalon.core.webui.keyword.WebUiBuiltInKeywords.modifyObjectProperty(product, "xpath", "equals", "//*[@id = "fldvendor" + row + ""]", true): Modify property of object successfully

2018-06-10 19:29:28 - [MESSAGE][PASSED] - Modify property of object successfully

2018-06-10 19:29:28 - [TEST_STEP][PASSED] - selectOptionByIndex: All options with index in [1] are selected on object ''

2018-06-10 19:29:28 - [MESSAGE][PASSED] - All options with index in [1] are selected on object ''

2018-06-10 19:29:28 - [TEST_STEP][PASSED] - delay: Delayed 2 second(s)

2018-06-10 19:29:30 - [MESSAGE][PASSED] - Delayed 2 second(s)

2018-06-10 19:29:30 - [TEST_STEP][PASSED] - Statement - batch = new com.kms.katalon.core.testobject.TestObject(): null

2018-06-10 19:29:30 - [TEST_STEP][PASSED] - Statement - batch = com.kms.katalon.core.webui.keyword.WebUiBuiltInKeywords.modifyObjectProperty(batch, "xpath", "equals", "//*[@id = "txtbthqty" + row + ""]", true): Modify property of object successfully

2018-06-10 19:29:30 - [MESSAGE][PASSED] - Modify property of object successfully

2018-06-10 19:29:30 - [TEST_STEP][PASSED] - Statement - batchqty = com.kms.katalon.core.webui.keyword.WebUiBuiltInKeywords.getAttribute(batch, "value").trim(): Attribute 'value' of object '' is: '2800'

2018-06-10 19:29:30 - [MESSAGE][PASSED] - Attribute 'value' of object '' is: '2800'

2018-06-10 19:29:30 - [TEST_STEP][PASSED] - Statement - Rqty = 100: null

2018-06-10 19:29:30 - [TEST_STEP][PASSED] - Statement - out.println("BatchQty : " + batchqty): null

2018-06-10 19:29:30 - [TEST_STEP][PASSED] - Statement - out.println("RQty : " + Rqty): null

2018-06-10 19:29:30 - [TEST_STEP][PASSED] - Statement - If (java.lang.Integer.valueOf(batchqty) >= java.lang.Integer.valueOf(Rqty)): null

2018-06-10 19:29:30 - [TEST_STEP][PASSED] - Statement - Break: null

2018-06-10 19:29:30 - [TEST_STEP][PASSED] - Statement - batchlength = new com.kms.katalon.core.testobject.TestObject(): null

2018-06-10 19:29:30 - [TEST_STEP][PASSED] - Statement - batchlength = com.kms.katalon.core.webui.keyword.WebUiBuiltInKeywords.modifyObjectProperty(batchlength, "xpath", "equals", "//*[@id = "fldvendor" + row + ""]", true): Modify property of object successfully

2018-06-10 19:29:30 - [MESSAGE][PASSED] - Modify property of object successfully

2018-06-10 19:29:30 - [TEST_STEP][PASSED] - Statement - batchsize = com.kms.katalon.core.webui.keyword.WebUiBuiltInKeywords.getNumberOfTotalOption(batchlength): 10 options of object '' counted

2018-06-10 19:29:30 - [MESSAGE][PASSED] - 10 options of object '' counted

2018-06-10 19:29:30 - [TEST_STEP][PASSED] - Statement - out.println("BatchSize : " + batchsize): null

2018-06-10 19:29:30 - [TEST_STEP][PASSED] - Statement - For ([n = 1, n <= batchsize - 1, (n++)]): null

2018-06-10 19:29:30 - [TEST_STEP][PASSED] - Statement - product = new com.kms.katalon.core.testobject.TestObject(): null

2018-06-10 19:29:30 - [TEST_STEP][PASSED] - Statement - product = com.kms.katalon.core.webui.keyword.WebUiBuiltInKeywords.modifyObjectProperty(product, "xpath", "equals", "//*[@id = "fldvendor" + row + ""]", true): Modify property of object successfully

2018-06-10 19:29:30 - [MESSAGE][PASSED] - Modify property of object successfully

2018-06-10 19:29:30 - [TEST_STEP][PASSED] - selectOptionByIndex: All options with index in [1] are selected on object ''

2018-06-10 19:29:31 - [MESSAGE][PASSED] - All options with index in [1] are selected on object ''

2018-06-10 19:29:31 - [TEST_STEP][PASSED] - delay: Delayed 2 second(s)

2018-06-10 19:29:33 - [MESSAGE][PASSED] - Delayed 2 second(s)

2018-06-10 19:29:33 - [TEST_STEP][PASSED] - Statement - batch = new com.kms.katalon.core.testobject.TestObject(): null

2018-06-10 19:29:33 - [TEST_STEP][PASSED] - Statement - batch = com.kms.katalon.core.webui.keyword.WebUiBuiltInKeywords.modifyObjectProperty(batch, "xpath", "equals", "//*[@id = "txtbthqty" + row + ""]", true): Modify property of object successfully

2018-06-10 19:29:33 - [MESSAGE][PASSED] - Modify property of object successfully

2018-06-10 19:29:33 - [TEST_STEP][PASSED] - Statement - batchqty = com.kms.katalon.core.webui.keyword.WebUiBuiltInKeywords.getAttribute(batch, "value").trim(): Attribute 'value' of object '' is: '2500'

2018-06-10 19:29:33 - [MESSAGE][PASSED] - Attribute 'value' of object '' is: '2500'

2018-06-10 19:29:33 - [TEST_STEP][PASSED] - Statement - Rqty = 100: null

2018-06-10 19:29:33 - [TEST_STEP][PASSED] - Statement - out.println("BatchQty : " + batchqty): null

2018-06-10 19:29:33 - [TEST_STEP][PASSED] - Statement - out.println("RQty : " + Rqty): null

2018-06-10 19:29:33 - [TEST_STEP][PASSED] - Statement - If (java.lang.Integer.valueOf(batchqty) >= java.lang.Integer.valueOf(Rqty)): null

2018-06-10 19:29:33 - [TEST_STEP][PASSED] - Statement - Break: null

2018-06-10 19:29:33 - [TEST_STEP][PASSED] - Statement - batchlength = new com.kms.katalon.core.testobject.TestObject(): null

2018-06-10 19:29:33 - [TEST_STEP][PASSED] - Statement - batchlength = com.kms.katalon.core.webui.keyword.WebUiBuiltInKeywords.modifyObjectProperty(batchlength, "xpath", "equals", "//*[@id = "fldvendor" + row + ""]", true): Modify property of object successfully

2018-06-10 19:29:33 - [MESSAGE][PASSED] - Modify property of object successfully

2018-06-10 19:29:33 - [TEST_STEP][PASSED] - Statement - batchsize = com.kms.katalon.core.webui.keyword.WebUiBuiltInKeywords.getNumberOfTotalOption(batchlength): 10 options of object '' counted

2018-06-10 19:29:33 - [MESSAGE][PASSED] - 10 options of object '' counted

2018-06-10 19:29:33 - [TEST_STEP][PASSED] - Statement - out.println("BatchSize : " + batchsize): null

2018-06-10 19:29:33 - [TEST_STEP][PASSED] - Statement - For ([n = 1, n <= batchsize - 1, (n++)]): null

2018-06-10 19:29:33 - [TEST_STEP][PASSED] - Statement - product = new com.kms.katalon.core.testobject.TestObject(): null

2018-06-10 19:29:33 - [TEST_STEP][PASSED] - Statement - product = com.kms.katalon.core.webui.keyword.WebUiBuiltInKeywords.modifyObjectProperty(product, "xpath", "equals", "//*[@id = "fldvendor" + row + ""]", true): Modify property of object successfully

2018-06-10 19:29:33 - [MESSAGE][PASSED] - Modify property of object successfully

2018-06-10 19:29:33 - [TEST_STEP][PASSED] - selectOptionByIndex: All options with index in [1] are selected on object ''

2018-06-10 19:29:33 - [MESSAGE][PASSED] - All options with index in [1] are selected on object ''

2018-06-10 19:29:33 - [TEST_STEP][PASSED] - delay: Delayed 2 second(s)

2018-06-10 19:29:35 - [MESSAGE][PASSED] - Delayed 2 second(s)

2018-06-10 19:29:35 - [TEST_STEP][PASSED] - Statement - batch = new com.kms.katalon.core.testobject.TestObject(): null

2018-06-10 19:29:35 - [TEST_STEP][PASSED] - Statement - batch = com.kms.katalon.core.webui.keyword.WebUiBuiltInKeywords.modifyObjectProperty(batch, "xpath", "equals", "//*[@id = "txtbthqty" + row + ""]", true): Modify property of object successfully

2018-06-10 19:29:35 - [MESSAGE][PASSED] - Modify property of object successfully

2018-06-10 19:29:35 - [TEST_STEP][PASSED] - Statement - batchqty = com.kms.katalon.core.webui.keyword.WebUiBuiltInKeywords.getAttribute(batch, "value").trim(): Attribute 'value' of object '' is: '1900'

2018-06-10 19:29:35 - [MESSAGE][PASSED] - Attribute 'value' of object '' is: '1900'

2018-06-10 19:29:35 - [TEST_STEP][PASSED] - Statement - Rqty = 100: null

2018-06-10 19:29:35 - [TEST_STEP][PASSED] - Statement - out.println("BatchQty : " + batchqty): null

2018-06-10 19:29:35 - [TEST_STEP][PASSED] - Statement - out.println("RQty : " + Rqty): null

2018-06-10 19:29:35 - [TEST_STEP][PASSED] - Statement - If (java.lang.Integer.valueOf(batchqty) >= java.lang.Integer.valueOf(Rqty)): null

2018-06-10 19:29:35 - [TEST_STEP][PASSED] - Statement - Break: null

2018-06-10 19:29:35 - [TEST_STEP][PASSED] - Statement - batchlength = new com.kms.katalon.core.testobject.TestObject(): null

2018-06-10 19:29:35 - [TEST_STEP][PASSED] - Statement - batchlength = com.kms.katalon.core.webui.keyword.WebUiBuiltInKeywords.modifyObjectProperty(batchlength, "xpath", "equals", "//*[@id = "fldvendor" + row + ""]", true): Modify property of object successfully

2018-06-10 19:29:35 - [MESSAGE][PASSED] - Modify property of object successfully

2018-06-10 19:29:35 - [TEST_STEP][PASSED] - Statement - batchsize = com.kms.katalon.core.webui.keyword.WebUiBuiltInKeywords.getNumberOfTotalOption(batchlength): 10 options of object '' counted

2018-06-10 19:29:35 - [MESSAGE][PASSED] - 10 options of object '' counted

2018-06-10 19:29:35 - [TEST_STEP][PASSED] - Statement - out.println("BatchSize : " + batchsize): null

2018-06-10 19:29:35 - [TEST_STEP][PASSED] - Statement - For ([n = 1, n <= batchsize - 1, (n++)]): null

2018-06-10 19:29:35 - [TEST_STEP][PASSED] - Statement - product = new com.kms.katalon.core.testobject.TestObject(): null

2018-06-10 19:29:35 - [TEST_STEP][PASSED] - Statement - product = com.kms.katalon.core.webui.keyword.WebUiBuiltInKeywords.modifyObjectProperty(product, "xpath", "equals", "//*[@id = "fldvendor" + row + ""]", true): Modify property of object successfully

2018-06-10 19:29:35 - [MESSAGE][PASSED] - Modify property of object successfully

2018-06-10 19:29:35 - [TEST_STEP][PASSED] - selectOptionByIndex: All options with index in [1] are selected on object ''

2018-06-10 19:29:35 - [MESSAGE][PASSED] - All options with index in [1] are selected on object ''

2018-06-10 19:29:35 - [TEST_STEP][PASSED] - delay: Delayed 2 second(s)

2018-06-10 19:29:37 - [MESSAGE][PASSED] - Delayed 2 second(s)

2018-06-10 19:29:37 - [TEST_STEP][PASSED] - Statement - batch = new com.kms.katalon.core.testobject.TestObject(): null

2018-06-10 19:29:37 - [TEST_STEP][PASSED] - Statement - batch = com.kms.katalon.core.webui.keyword.WebUiBuiltInKeywords.modifyObjectProperty(batch, "xpath", "equals", "//*[@id = "txtbthqty" + row + ""]", true): Modify property of object successfully

2018-06-10 19:29:37 - [MESSAGE][PASSED] - Modify property of object successfully

2018-06-10 19:29:37 - [TEST_STEP][PASSED] - Statement - batchqty = com.kms.katalon.core.webui.keyword.WebUiBuiltInKeywords.getAttribute(batch, "value").trim(): Attribute 'value' of object '' is: '35600'

2018-06-10 19:29:37 - [MESSAGE][PASSED] - Attribute 'value' of object '' is: '35600'

2018-06-10 19:29:37 - [TEST_STEP][PASSED] - Statement - Rqty = 100: null

2018-06-10 19:29:37 - [TEST_STEP][PASSED] - Statement - out.println("BatchQty : " + batchqty): null

2018-06-10 19:29:37 - [TEST_STEP][PASSED] - Statement - out.println("RQty : " + Rqty): null

2018-06-10 19:29:37 - [TEST_STEP][PASSED] - Statement - If (java.lang.Integer.valueOf(batchqty) >= java.lang.Integer.valueOf(Rqty)): null

2018-06-10 19:29:37 - [TEST_STEP][PASSED] - Statement - Break: null

2018-06-10 19:29:37 - [TEST_STEP][PASSED] - Statement - batchlength = new com.kms.katalon.core.testobject.TestObject(): null

2018-06-10 19:29:37 - [TEST_STEP][PASSED] - Statement - batchlength = com.kms.katalon.core.webui.keyword.WebUiBuiltInKeywords.modifyObjectProperty(batchlength, "xpath", "equals", "//*[@id = "fldvendor" + row + ""]", true): Modify property of object successfully

2018-06-10 19:29:37 - [MESSAGE][PASSED] - Modify property of object successfully

2018-06-10 19:29:37 - [TEST_STEP][PASSED] - Statement - batchsize = com.kms.katalon.core.webui.keyword.WebUiBuiltInKeywords.getNumberOfTotalOption(batchlength): 10 options of object '' counted

2018-06-10 19:29:37 - [MESSAGE][PASSED] - 10 options of object '' counted

2018-06-10 19:29:37 - [TEST_STEP][PASSED] - Statement - out.println("BatchSize : " + batchsize): null

2018-06-10 19:29:37 - [TEST_STEP][PASSED] - Statement - For ([n = 1, n <= batchsize - 1, (n++)]): null

2018-06-10 19:29:37 - [TEST_STEP][PASSED] - Statement - product = new com.kms.katalon.core.testobject.TestObject(): null

2018-06-10 19:29:37 - [TEST_STEP][PASSED] - Statement - product = com.kms.katalon.core.webui.keyword.WebUiBuiltInKeywords.modifyObjectProperty(product, "xpath", "equals", "//*[@id = "fldvendor" + row + ""]", true): Modify property of object successfully

2018-06-10 19:29:37 - [MESSAGE][PASSED] - Modify property of object successfully

2018-06-10 19:29:37 - [TEST_STEP][PASSED] - selectOptionByIndex: All options with index in [1] are selected on object ''

2018-06-10 19:29:37 - [MESSAGE][PASSED] - All options with index in [1] are selected on object ''

2018-06-10 19:29:37 - [TEST_STEP][PASSED] - delay: Delayed 2 second(s)

2018-06-10 19:29:39 - [MESSAGE][PASSED] - Delayed 2 second(s)

2018-06-10 19:29:39 - [TEST_STEP][PASSED] - Statement - batch = new com.kms.katalon.core.testobject.TestObject(): null

2018-06-10 19:29:39 - [TEST_STEP][PASSED] - Statement - batch = com.kms.katalon.core.webui.keyword.WebUiBuiltInKeywords.modifyObjectProperty(batch, "xpath", "equals", "//*[@id = "txtbthqty" + row + ""]", true): Modify property of object successfully

2018-06-10 19:29:39 - [MESSAGE][PASSED] - Modify property of object successfully

2018-06-10 19:29:39 - [TEST_STEP][PASSED] - Statement - batchqty = com.kms.katalon.core.webui.keyword.WebUiBuiltInKeywords.getAttribute(batch, "value").trim(): Attribute 'value' of object '' is: '900'

2018-06-10 19:29:39 - [MESSAGE][PASSED] - Attribute 'value' of object '' is: '900'

2018-06-10 19:29:39 - [TEST_STEP][PASSED] - Statement - Rqty = 100: null

2018-06-10 19:29:39 - [TEST_STEP][PASSED] - Statement - out.println("BatchQty : " + batchqty): null

2018-06-10 19:29:39 - [TEST_STEP][PASSED] - Statement - out.println("RQty : " + Rqty): null

2018-06-10 19:29:39 - [TEST_STEP][PASSED] - Statement - If (java.lang.Integer.valueOf(batchqty) >= java.lang.Integer.valueOf(Rqty)): null

2018-06-10 19:29:39 - [TEST_STEP][PASSED] - Statement - Break: null

2018-06-10 19:29:39 - [TEST_STEP][PASSED] - Statement - batchlength = new com.kms.katalon.core.testobject.TestObject(): null

2018-06-10 19:29:39 - [TEST_STEP][PASSED] - Statement - batchlength = com.kms.katalon.core.webui.keyword.WebUiBuiltInKeywords.modifyObjectProperty(batchlength, "xpath", "equals", "//*[@id = "fldvendor" + row + ""]", true): Modify property of object successfully

2018-06-10 19:29:39 - [MESSAGE][PASSED] - Modify property of object successfully

2018-06-10 19:29:39 - [TEST_STEP][PASSED] - Statement - batchsize = com.kms.katalon.core.webui.keyword.WebUiBuiltInKeywords.getNumberOfTotalOption(batchlength): 10 options of object '' counted

2018-06-10 19:29:39 - [MESSAGE][PASSED] - 10 options of object '' counted

2018-06-10 19:29:39 - [TEST_STEP][PASSED] - Statement - out.println("BatchSize : " + batchsize): null

2018-06-10 19:29:39 - [TEST_STEP][PASSED] - Statement - For ([n = 1, n <= batchsize - 1, (n++)]): null

2018-06-10 19:29:39 - [TEST_STEP][PASSED] - Statement - product = new com.kms.katalon.core.testobject.TestObject(): null

2018-06-10 19:29:39 - [TEST_STEP][PASSED] - Statement - product = com.kms.katalon.core.webui.keyword.WebUiBuiltInKeywords.modifyObjectProperty(product, "xpath", "equals", "//*[@id = "fldvendor" + row + ""]", true): Modify property of object successfully

2018-06-10 19:29:39 - [MESSAGE][PASSED] - Modify property of object successfully

2018-06-10 19:29:39 - [TEST_STEP][PASSED] - selectOptionByIndex: All options with index in [1] are selected on object ''

2018-06-10 19:29:40 - [MESSAGE][PASSED] - All options with index in [1] are selected on object ''

2018-06-10 19:29:40 - [TEST_STEP][PASSED] - delay: Delayed 2 second(s)

2018-06-10 19:29:42 - [MESSAGE][PASSED] - Delayed 2 second(s)

2018-06-10 19:29:42 - [TEST_STEP][PASSED] - Statement - batch = new com.kms.katalon.core.testobject.TestObject(): null

2018-06-10 19:29:42 - [TEST_STEP][PASSED] - Statement - batch = com.kms.katalon.core.webui.keyword.WebUiBuiltInKeywords.modifyObjectProperty(batch, "xpath", "equals", "//*[@id = "txtbthqty" + row + ""]", true): Modify property of object successfully

2018-06-10 19:29:42 - [MESSAGE][PASSED] - Modify property of object successfully

2018-06-10 19:29:42 - [TEST_STEP][PASSED] - Statement - batchqty = com.kms.katalon.core.webui.keyword.WebUiBuiltInKeywords.getAttribute(batch, "value").trim(): Attribute 'value' of object '' is: '1900'

2018-06-10 19:29:42 - [MESSAGE][PASSED] - Attribute 'value' of object '' is: '1900'

2018-06-10 19:29:42 - [TEST_STEP][PASSED] - Statement - Rqty = 100: null

2018-06-10 19:29:42 - [TEST_STEP][PASSED] - Statement - out.println("BatchQty : " + batchqty): null

2018-06-10 19:29:42 - [TEST_STEP][PASSED] - Statement - out.println("RQty : " + Rqty): null

2018-06-10 19:29:42 - [TEST_STEP][PASSED] - Statement - If (java.lang.Integer.valueOf(batchqty) >= java.lang.Integer.valueOf(Rqty)): null

2018-06-10 19:29:42 - [TEST_STEP][PASSED] - Statement - Break: null

2018-06-10 19:29:42 - [TEST_STEP][PASSED] - Statement - batchlength = new com.kms.katalon.core.testobject.TestObject(): null

2018-06-10 19:29:42 - [TEST_STEP][PASSED] - Statement - batchlength = com.kms.katalon.core.webui.keyword.WebUiBuiltInKeywords.modifyObjectProperty(batchlength, "xpath", "equals", "//*[@id = "fldvendor" + row + ""]", true): Modify property of object successfully

2018-06-10 19:29:42 - [MESSAGE][PASSED] - Modify property of object successfully

2018-06-10 19:29:42 - [TEST_STEP][PASSED] - Statement - batchsize = com.kms.katalon.core.webui.keyword.WebUiBuiltInKeywords.getNumberOfTotalOption(batchlength): 10 options of object '' counted

2018-06-10 19:29:42 - [MESSAGE][PASSED] - 10 options of object '' counted

2018-06-10 19:29:42 - [TEST_STEP][PASSED] - Statement - out.println("BatchSize : " + batchsize): null

2018-06-10 19:29:42 - [TEST_STEP][PASSED] - Statement - For ([n = 1, n <= batchsize - 1, (n++)]): null

2018-06-10 19:29:42 - [TEST_STEP][PASSED] - Statement - product = new com.kms.katalon.core.testobject.TestObject(): null

2018-06-10 19:29:42 - [TEST_STEP][PASSED] - Statement - product = com.kms.katalon.core.webui.keyword.WebUiBuiltInKeywords.modifyObjectProperty(product, "xpath", "equals", "//*[@id = "fldvendor" + row + ""]", true): Modify property of object successfully

2018-06-10 19:29:42 - [MESSAGE][PASSED] - Modify property of object successfully

2018-06-10 19:29:42 - [TEST_STEP][PASSED] - selectOptionByIndex: All options with index in [1] are selected on object ''

2018-06-10 19:29:42 - [MESSAGE][PASSED] - All options with index in [1] are selected on object ''

2018-06-10 19:29:42 - [TEST_STEP][PASSED] - delay: Delayed 2 second(s)

2018-06-10 19:29:44 - [MESSAGE][PASSED] - Delayed 2 second(s)

2018-06-10 19:29:44 - [TEST_STEP][PASSED] - Statement - batch = new com.kms.katalon.core.testobject.TestObject(): null

2018-06-10 19:29:44 - [TEST_STEP][PASSED] - Statement - batch = com.kms.katalon.core.webui.keyword.WebUiBuiltInKeywords.modifyObjectProperty(batch, "xpath", "equals", "//*[@id = "txtbthqty" + row + ""]", true): Modify property of object successfully

2018-06-10 19:29:44 - [MESSAGE][PASSED] - Modify property of object successfully

2018-06-10 19:29:44 - [TEST_STEP][PASSED] - Statement - batchqty = com.kms.katalon.core.webui.keyword.WebUiBuiltInKeywords.getAttribute(batch, "value").trim(): Attribute 'value' of object '' is: '2300'

2018-06-10 19:29:44 - [MESSAGE][PASSED] - Attribute 'value' of object '' is: '2300'

2018-06-10 19:29:44 - [TEST_STEP][PASSED] - Statement - Rqty = 100: null

2018-06-10 19:29:44 - [TEST_STEP][PASSED] - Statement - out.println("BatchQty : " + batchqty): null

2018-06-10 19:29:44 - [TEST_STEP][PASSED] - Statement - out.println("RQty : " + Rqty): null

2018-06-10 19:29:44 - [TEST_STEP][PASSED] - Statement - If (java.lang.Integer.valueOf(batchqty) >= java.lang.Integer.valueOf(Rqty)): null

2018-06-10 19:29:44 - [TEST_STEP][PASSED] - Statement - Break: null

2018-06-10 19:29:44 - [TEST_STEP][PASSED] - Statement - batchlength = new com.kms.katalon.core.testobject.TestObject(): null

2018-06-10 19:29:44 - [TEST_STEP][PASSED] - Statement - batchlength = com.kms.katalon.core.webui.keyword.WebUiBuiltInKeywords.modifyObjectProperty(batchlength, "xpath", "equals", "//*[@id = "fldvendor" + row + ""]", true): Modify property of object successfully

2018-06-10 19:29:44 - [MESSAGE][PASSED] - Modify property of object successfully

2018-06-10 19:29:44 - [TEST_STEP][PASSED] - Statement - batchsize = com.kms.katalon.core.webui.keyword.WebUiBuiltInKeywords.getNumberOfTotalOption(batchlength): 9 options of object '' counted

2018-06-10 19:29:44 - [MESSAGE][PASSED] - 9 options of object '' counted

2018-06-10 19:29:44 - [TEST_STEP][PASSED] - Statement - out.println("BatchSize : " + batchsize): null

2018-06-10 19:29:44 - [TEST_STEP][PASSED] - Statement - For ([n = 1, n <= batchsize - 1, (n++)]): null

2018-06-10 19:29:44 - [TEST_STEP][PASSED] - Statement - product = new com.kms.katalon.core.testobject.TestObject(): null

2018-06-10 19:29:44 - [TEST_STEP][PASSED] - Statement - product = com.kms.katalon.core.webui.keyword.WebUiBuiltInKeywords.modifyObjectProperty(product, "xpath", "equals", "//*[@id = "fldvendor" + row + ""]", true): Modify property of object successfully

2018-06-10 19:29:44 - [MESSAGE][PASSED] - Modify property of object successfully

2018-06-10 19:29:44 - [TEST_STEP][PASSED] - selectOptionByIndex: All options with index in [1] are selected on object ''

2018-06-10 19:29:44 - [MESSAGE][PASSED] - All options with index in [1] are selected on object ''

2018-06-10 19:29:44 - [TEST_STEP][PASSED] - delay: Delayed 2 second(s)

2018-06-10 19:29:46 - [MESSAGE][PASSED] - Delayed 2 second(s)

2018-06-10 19:29:46 - [TEST_STEP][PASSED] - Statement - batch = new com.kms.katalon.core.testobject.TestObject(): null

2018-06-10 19:29:46 - [TEST_STEP][PASSED] - Statement - batch = com.kms.katalon.core.webui.keyword.WebUiBuiltInKeywords.modifyObjectProperty(batch, "xpath", "equals", "//*[@id = "txtbthqty" + row + ""]", true): Modify property of object successfully

2018-06-10 19:29:46 - [MESSAGE][PASSED] - Modify property of object successfully

2018-06-10 19:29:46 - [TEST_STEP][PASSED] - Statement - batchqty = com.kms.katalon.core.webui.keyword.WebUiBuiltInKeywords.getAttribute(batch, "value").trim(): Attribute 'value' of object '' is: '4000'

2018-06-10 19:29:46 - [MESSAGE][PASSED] - Attribute 'value' of object '' is: '4000'

2018-06-10 19:29:46 - [TEST_STEP][PASSED] - Statement - Rqty = 100: null

2018-06-10 19:29:46 - [TEST_STEP][PASSED] - Statement - out.println("BatchQty : " + batchqty): null

2018-06-10 19:29:46 - [TEST_STEP][PASSED] - Statement - out.println("RQty : " + Rqty): null

2018-06-10 19:29:46 - [TEST_STEP][PASSED] - Statement - If (java.lang.Integer.valueOf(batchqty) >= java.lang.Integer.valueOf(Rqty)): null

2018-06-10 19:29:46 - [TEST_STEP][PASSED] - Statement - Break: null

2018-06-10 19:29:46 - [TEST_STEP][PASSED] - Statement - batchlength = new com.kms.katalon.core.testobject.TestObject(): null

2018-06-10 19:29:46 - [TEST_STEP][PASSED] - Statement - batchlength = com.kms.katalon.core.webui.keyword.WebUiBuiltInKeywords.modifyObjectProperty(batchlength, "xpath", "equals", "//*[@id = "fldvendor" + row + ""]", true): Modify property of object successfully

2018-06-10 19:29:46 - [MESSAGE][PASSED] - Modify property of object successfully

2018-06-10 19:29:46 - [TEST_STEP][PASSED] - Statement - batchsize = com.kms.katalon.core.webui.keyword.WebUiBuiltInKeywords.getNumberOfTotalOption(batchlength): 10 options of object '' counted

2018-06-10 19:29:46 - [MESSAGE][PASSED] - 10 options of object '' counted

2018-06-10 19:29:46 - [TEST_STEP][PASSED] - Statement - out.println("BatchSize : " + batchsize): null

2018-06-10 19:29:46 - [TEST_STEP][PASSED] - Statement - For ([n = 1, n <= batchsize - 1, (n++)]): null

2018-06-10 19:29:46 - [TEST_STEP][PASSED] - Statement - product = new com.kms.katalon.core.testobject.TestObject(): null

2018-06-10 19:29:46 - [TEST_STEP][PASSED] - Statement - product = com.kms.katalon.core.webui.keyword.WebUiBuiltInKeywords.modifyObjectProperty(product, "xpath", "equals", "//*[@id = "fldvendor" + row + ""]", true): Modify property of object successfully

2018-06-10 19:29:46 - [MESSAGE][PASSED] - Modify property of object successfully

2018-06-10 19:29:46 - [TEST_STEP][PASSED] - selectOptionByIndex: All options with index in [1] are selected on object ''

2018-06-10 19:29:46 - [MESSAGE][PASSED] - All options with index in [1] are selected on object ''

2018-06-10 19:29:46 - [TEST_STEP][PASSED] - delay: Delayed 2 second(s)

2018-06-10 19:29:48 - [MESSAGE][PASSED] - Delayed 2 second(s)

2018-06-10 19:29:48 - [TEST_STEP][PASSED] - Statement - batch = new com.kms.katalon.core.testobject.TestObject(): null

2018-06-10 19:29:48 - [TEST_STEP][PASSED] - Statement - batch = com.kms.katalon.core.webui.keyword.WebUiBuiltInKeywords.modifyObjectProperty(batch, "xpath", "equals", "//*[@id = "txtbthqty" + row + ""]", true): Modify property of object successfully

2018-06-10 19:29:48 - [MESSAGE][PASSED] - Modify property of object successfully

2018-06-10 19:29:48 - [TEST_STEP][PASSED] - Statement - batchqty = com.kms.katalon.core.webui.keyword.WebUiBuiltInKeywords.getAttribute(batch, "value").trim(): Attribute 'value' of object '' is: '35600'

2018-06-10 19:29:48 - [MESSAGE][PASSED] - Attribute 'value' of object '' is: '35600'

2018-06-10 19:29:48 - [TEST_STEP][PASSED] - Statement - Rqty = 100: null

2018-06-10 19:29:48 - [TEST_STEP][PASSED] - Statement - out.println("BatchQty : " + batchqty): null

2018-06-10 19:29:48 - [TEST_STEP][PASSED] - Statement - out.println("RQty : " + Rqty): null

2018-06-10 19:29:48 - [TEST_STEP][PASSED] - Statement - If (java.lang.Integer.valueOf(batchqty) >= java.lang.Integer.valueOf(Rqty)): null

2018-06-10 19:29:48 - [TEST_STEP][PASSED] - Statement - Break: null

2018-06-10 19:29:48 - [TEST_STEP][PASSED] - Statement - batchlength = new com.kms.katalon.core.testobject.TestObject(): null

2018-06-10 19:29:48 - [TEST_STEP][PASSED] - Statement - batchlength = com.kms.katalon.core.webui.keyword.WebUiBuiltInKeywords.modifyObjectProperty(batchlength, "xpath", "equals", "//*[@id = "fldvendor" + row + ""]", true): Modify property of object successfully

2018-06-10 19:29:48 - [MESSAGE][PASSED] - Modify property of object successfully

2018-06-10 19:29:48 - [TEST_STEP][PASSED] - Statement - batchsize = com.kms.katalon.core.webui.keyword.WebUiBuiltInKeywords.getNumberOfTotalOption(batchlength): 10 options of object '' counted

2018-06-10 19:29:48 - [MESSAGE][PASSED] - 10 options of object '' counted

2018-06-10 19:29:48 - [TEST_STEP][PASSED] - Statement - out.println("BatchSize : " + batchsize): null

2018-06-10 19:29:48 - [TEST_STEP][PASSED] - Statement - For ([n = 1, n <= batchsize - 1, (n++)]): null

2018-06-10 19:29:48 - [TEST_STEP][PASSED] - Statement - product = new com.kms.katalon.core.testobject.TestObject(): null

2018-06-10 19:29:48 - [TEST_STEP][PASSED] - Statement - product = com.kms.katalon.core.webui.keyword.WebUiBuiltInKeywords.modifyObjectProperty(product, "xpath", "equals", "//*[@id = "fldvendor" + row + ""]", true): Modify property of object successfully

2018-06-10 19:29:48 - [MESSAGE][PASSED] - Modify property of object successfully

2018-06-10 19:29:48 - [TEST_STEP][PASSED] - selectOptionByIndex: All options with index in [1] are selected on object ''

2018-06-10 19:29:49 - [MESSAGE][PASSED] - All options with index in [1] are selected on object ''

2018-06-10 19:29:49 - [TEST_STEP][PASSED] - delay: Delayed 2 second(s)

2018-06-10 19:29:51 - [MESSAGE][PASSED] - Delayed 2 second(s)

2018-06-10 19:29:51 - [TEST_STEP][PASSED] - Statement - batch = new com.kms.katalon.core.testobject.TestObject(): null

2018-06-10 19:29:51 - [TEST_STEP][PASSED] - Statement - batch = com.kms.katalon.core.webui.keyword.WebUiBuiltInKeywords.modifyObjectProperty(batch, "xpath", "equals", "//*[@id = "txtbthqty" + row + ""]", true): Modify property of object successfully

2018-06-10 19:29:51 - [MESSAGE][PASSED] - Modify property of object successfully

2018-06-10 19:29:51 - [TEST_STEP][PASSED] - Statement - batchqty = com.kms.katalon.core.webui.keyword.WebUiBuiltInKeywords.getAttribute(batch, "value").trim(): Attribute 'value' of object '' is: '900'

2018-06-10 19:29:51 - [MESSAGE][PASSED] - Attribute 'value' of object '' is: '900'

2018-06-10 19:29:51 - [TEST_STEP][PASSED] - Statement - Rqty = 100: null

2018-06-10 19:29:51 - [TEST_STEP][PASSED] - Statement - out.println("BatchQty : " + batchqty): null

2018-06-10 19:29:51 - [TEST_STEP][PASSED] - Statement - out.println("RQty : " + Rqty): null

2018-06-10 19:29:51 - [TEST_STEP][PASSED] - Statement - If (java.lang.Integer.valueOf(batchqty) >= java.lang.Integer.valueOf(Rqty)): null

2018-06-10 19:29:51 - [TEST_STEP][PASSED] - Statement - Break: null

2018-06-10 19:29:51 - [TEST_STEP][PASSED] - Statement - batchlength = new com.kms.katalon.core.testobject.TestObject(): null

2018-06-10 19:29:51 - [TEST_STEP][PASSED] - Statement - batchlength = com.kms.katalon.core.webui.keyword.WebUiBuiltInKeywords.modifyObjectProperty(batchlength, "xpath", "equals", "//*[@id = "fldvendor" + row + ""]", true): Modify property of object successfully

2018-06-10 19:29:51 - [MESSAGE][PASSED] - Modify property of object successfully

2018-06-10 19:29:51 - [TEST_STEP][PASSED] - Statement - batchsize = com.kms.katalon.core.webui.keyword.WebUiBuiltInKeywords.getNumberOfTotalOption(batchlength): 10 options of object '' counted

2018-06-10 19:29:51 - [MESSAGE][PASSED] - 10 options of object '' counted

2018-06-10 19:29:51 - [TEST_STEP][PASSED] - Statement - out.println("BatchSize : " + batchsize): null

2018-06-10 19:29:51 - [TEST_STEP][PASSED] - Statement - For ([n = 1, n <= batchsize - 1, (n++)]): null

2018-06-10 19:29:51 - [TEST_STEP][PASSED] - Statement - product = new com.kms.katalon.core.testobject.TestObject(): null

2018-06-10 19:29:51 - [TEST_STEP][PASSED] - Statement - product = com.kms.katalon.core.webui.keyword.WebUiBuiltInKeywords.modifyObjectProperty(product, "xpath", "equals", "//*[@id = "fldvendor" + row + ""]", true): Modify property of object successfully

2018-06-10 19:29:51 - [MESSAGE][PASSED] - Modify property of object successfully

2018-06-10 19:29:51 - [TEST_STEP][PASSED] - selectOptionByIndex: All options with index in [1] are selected on object ''

2018-06-10 19:29:51 - [MESSAGE][PASSED] - All options with index in [1] are selected on object ''

2018-06-10 19:29:51 - [TEST_STEP][PASSED] - delay: Delayed 2 second(s)

2018-06-10 19:29:53 - [MESSAGE][PASSED] - Delayed 2 second(s)

2018-06-10 19:29:53 - [TEST_STEP][PASSED] - Statement - batch = new com.kms.katalon.core.testobject.TestObject(): null

2018-06-10 19:29:53 - [TEST_STEP][PASSED] - Statement - batch = com.kms.katalon.core.webui.keyword.WebUiBuiltInKeywords.modifyObjectProperty(batch, "xpath", "equals", "//*[@id = "txtbthqty" + row + ""]", true): Modify property of object successfully

2018-06-10 19:29:53 - [MESSAGE][PASSED] - Modify property of object successfully

2018-06-10 19:29:53 - [TEST_STEP][PASSED] - Statement - batchqty = com.kms.katalon.core.webui.keyword.WebUiBuiltInKeywords.getAttribute(batch, "value").trim(): Attribute 'value' of object '' is: '900'

2018-06-10 19:29:53 - [MESSAGE][PASSED] - Attribute 'value' of object '' is: '900'

2018-06-10 19:29:53 - [TEST_STEP][PASSED] - Statement - Rqty = 100: null

2018-06-10 19:29:53 - [TEST_STEP][PASSED] - Statement - out.println("BatchQty : " + batchqty): null

2018-06-10 19:29:53 - [TEST_STEP][PASSED] - Statement - out.println("RQty : " + Rqty): null

2018-06-10 19:29:53 - [TEST_STEP][PASSED] - Statement - If (java.lang.Integer.valueOf(batchqty) >= java.lang.Integer.valueOf(Rqty)): null

2018-06-10 19:29:53 - [TEST_STEP][PASSED] - Statement - Break: null

2018-06-10 19:29:53 - [TEST_STEP][PASSED] - Statement - batchlength = new com.kms.katalon.core.testobject.TestObject(): null

2018-06-10 19:29:53 - [TEST_STEP][PASSED] - Statement - batchlength = com.kms.katalon.core.webui.keyword.WebUiBuiltInKeywords.modifyObjectProperty(batchlength, "xpath", "equals", "//*[@id = "fldvendor" + row + ""]", true): Modify property of object successfully

2018-06-10 19:29:53 - [MESSAGE][PASSED] - Modify property of object successfully

2018-06-10 19:29:53 - [TEST_STEP][PASSED] - Statement - batchsize = com.kms.katalon.core.webui.keyword.WebUiBuiltInKeywords.getNumberOfTotalOption(batchlength): 10 options of object '' counted

2018-06-10 19:29:53 - [MESSAGE][PASSED] - 10 options of object '' counted

2018-06-10 19:29:53 - [TEST_STEP][PASSED] - Statement - out.println("BatchSize : " + batchsize): null

2018-06-10 19:29:53 - [TEST_STEP][PASSED] - Statement - For ([n = 1, n <= batchsize - 1, (n++)]): null

2018-06-10 19:29:53 - [TEST_STEP][PASSED] - Statement - product = new com.kms.katalon.core.testobject.TestObject(): null

2018-06-10 19:29:53 - [TEST_STEP][PASSED] - Statement - product = com.kms.katalon.core.webui.keyword.WebUiBuiltInKeywords.modifyObjectProperty(product, "xpath", "equals", "//*[@id = "fldvendor" + row + ""]", true): Modify property of object successfully

2018-06-10 19:29:53 - [MESSAGE][PASSED] - Modify property of object successfully

2018-06-10 19:29:53 - [TEST_STEP][PASSED] - selectOptionByIndex: All options with index in [1] are selected on object ''

2018-06-10 19:29:53 - [MESSAGE][PASSED] - All options with index in [1] are selected on object ''

2018-06-10 19:29:53 - [TEST_STEP][PASSED] - delay: Delayed 2 second(s)

2018-06-10 19:29:55 - [MESSAGE][PASSED] - Delayed 2 second(s)

2018-06-10 19:29:55 - [TEST_STEP][PASSED] - Statement - batch = new com.kms.katalon.core.testobject.TestObject(): null

2018-06-10 19:29:55 - [TEST_STEP][PASSED] - Statement - batch = com.kms.katalon.core.webui.keyword.WebUiBuiltInKeywords.modifyObjectProperty(batch, "xpath", "equals", "//*[@id = "txtbthqty" + row + ""]", true): Modify property of object successfully

2018-06-10 19:29:55 - [MESSAGE][PASSED] - Modify property of object successfully

2018-06-10 19:29:55 - [TEST_STEP][PASSED] - Statement - batchqty = com.kms.katalon.core.webui.keyword.WebUiBuiltInKeywords.getAttribute(batch, "value").trim(): Attribute 'value' of object '' is: '1900'

2018-06-10 19:29:55 - [MESSAGE][PASSED] - Attribute 'value' of object '' is: '1900'

2018-06-10 19:29:55 - [TEST_STEP][PASSED] - Statement - Rqty = 100: null

2018-06-10 19:29:55 - [TEST_STEP][PASSED] - Statement - out.println("BatchQty : " + batchqty): null

2018-06-10 19:29:55 - [TEST_STEP][PASSED] - Statement - out.println("RQty : " + Rqty): null

2018-06-10 19:29:55 - [TEST_STEP][PASSED] - Statement - If (java.lang.Integer.valueOf(batchqty) >= java.lang.Integer.valueOf(Rqty)): null

2018-06-10 19:29:55 - [TEST_STEP][PASSED] - Statement - Break: null

2018-06-10 19:29:55 - [TEST_STEP][PASSED] - Statement - batchlength = new com.kms.katalon.core.testobject.TestObject(): null

2018-06-10 19:29:55 - [TEST_STEP][PASSED] - Statement - batchlength = com.kms.katalon.core.webui.keyword.WebUiBuiltInKeywords.modifyObjectProperty(batchlength, "xpath", "equals", "//*[@id = "fldvendor" + row + ""]", true): Modify property of object successfully

2018-06-10 19:29:55 - [MESSAGE][PASSED] - Modify property of object successfully

2018-06-10 19:29:55 - [TEST_STEP][PASSED] - Statement - batchsize = com.kms.katalon.core.webui.keyword.WebUiBuiltInKeywords.getNumberOfTotalOption(batchlength): 10 options of object '' counted

2018-06-10 19:29:55 - [MESSAGE][PASSED] - 10 options of object '' counted

2018-06-10 19:29:55 - [TEST_STEP][PASSED] - Statement - out.println("BatchSize : " + batchsize): null

2018-06-10 19:29:55 - [TEST_STEP][PASSED] - Statement - For ([n = 1, n <= batchsize - 1, (n++)]): null

2018-06-10 19:29:55 - [TEST_STEP][PASSED] - Statement - product = new com.kms.katalon.core.testobject.TestObject(): null

2018-06-10 19:29:55 - [TEST_STEP][PASSED] - Statement - product = com.kms.katalon.core.webui.keyword.WebUiBuiltInKeywords.modifyObjectProperty(product, "xpath", "equals", "//*[@id = "fldvendor" + row + ""]", true): Modify property of object successfully

2018-06-10 19:29:55 - [MESSAGE][PASSED] - Modify property of object successfully

2018-06-10 19:29:55 - [TEST_STEP][PASSED] - selectOptionByIndex: All options with index in [1] are selected on object ''

2018-06-10 19:29:55 - [MESSAGE][PASSED] - All options with index in [1] are selected on object ''

2018-06-10 19:29:55 - [TEST_STEP][PASSED] - delay: Delayed 2 second(s)

2018-06-10 19:29:57 - [MESSAGE][PASSED] - Delayed 2 second(s)

2018-06-10 19:29:57 - [TEST_STEP][PASSED] - Statement - batch = new com.kms.katalon.core.testobject.TestObject(): null

2018-06-10 19:29:57 - [TEST_STEP][PASSED] - Statement - batch = com.kms.katalon.core.webui.keyword.WebUiBuiltInKeywords.modifyObjectProperty(batch, "xpath", "equals", "//*[@id = "txtbthqty" + row + ""]", true): Modify property of object successfully

2018-06-10 19:29:57 - [MESSAGE][PASSED] - Modify property of object successfully

2018-06-10 19:29:57 - [TEST_STEP][PASSED] - Statement - batchqty = com.kms.katalon.core.webui.keyword.WebUiBuiltInKeywords.getAttribute(batch, "value").trim(): Attribute 'value' of object '' is: '900'

2018-06-10 19:29:57 - [MESSAGE][PASSED] - Attribute 'value' of object '' is: '900'

2018-06-10 19:29:57 - [TEST_STEP][PASSED] - Statement - Rqty = 100: null

2018-06-10 19:29:57 - [TEST_STEP][PASSED] - Statement - out.println("BatchQty : " + batchqty): null

2018-06-10 19:29:57 - [TEST_STEP][PASSED] - Statement - out.println("RQty : " + Rqty): null

2018-06-10 19:29:57 - [TEST_STEP][PASSED] - Statement - If (java.lang.Integer.valueOf(batchqty) >= java.lang.Integer.valueOf(Rqty)): null

2018-06-10 19:29:57 - [TEST_STEP][PASSED] - Statement - Break: null

2018-06-10 19:29:57 - [TEST_STEP][PASSED] - Statement - batchlength = new com.kms.katalon.core.testobject.TestObject(): null

2018-06-10 19:29:57 - [TEST_STEP][PASSED] - Statement - batchlength = com.kms.katalon.core.webui.keyword.WebUiBuiltInKeywords.modifyObjectProperty(batchlength, "xpath", "equals", "//*[@id = "fldvendor" + row + ""]", true): Modify property of object successfully

2018-06-10 19:29:57 - [MESSAGE][PASSED] - Modify property of object successfully

2018-06-10 19:29:57 - [TEST_STEP][PASSED] - Statement - batchsize = com.kms.katalon.core.webui.keyword.WebUiBuiltInKeywords.getNumberOfTotalOption(batchlength): 10 options of object '' counted

2018-06-10 19:29:57 - [MESSAGE][PASSED] - 10 options of object '' counted

2018-06-10 19:29:57 - [TEST_STEP][PASSED] - Statement - out.println("BatchSize : " + batchsize): null

2018-06-10 19:29:57 - [TEST_STEP][PASSED] - Statement - For ([n = 1, n <= batchsize - 1, (n++)]): null

2018-06-10 19:29:57 - [TEST_STEP][PASSED] - Statement - product = new com.kms.katalon.core.testobject.TestObject(): null

2018-06-10 19:29:57 - [TEST_STEP][PASSED] - Statement - product = com.kms.katalon.core.webui.keyword.WebUiBuiltInKeywords.modifyObjectProperty(product, "xpath", "equals", "//*[@id = "fldvendor" + row + ""]", true): Modify property of object successfully

2018-06-10 19:29:57 - [MESSAGE][PASSED] - Modify property of object successfully

2018-06-10 19:29:57 - [TEST_STEP][PASSED] - selectOptionByIndex: All options with index in [1] are selected on object ''

2018-06-10 19:29:58 - [MESSAGE][PASSED] - All options with index in [1] are selected on object ''

2018-06-10 19:29:58 - [TEST_STEP][PASSED] - delay: Delayed 2 second(s)

2018-06-10 19:30:00 - [MESSAGE][PASSED] - Delayed 2 second(s)

2018-06-10 19:30:00 - [TEST_STEP][PASSED] - Statement - batch = new com.kms.katalon.core.testobject.TestObject(): null

2018-06-10 19:30:00 - [TEST_STEP][PASSED] - Statement - batch = com.kms.katalon.core.webui.keyword.WebUiBuiltInKeywords.modifyObjectProperty(batch, "xpath", "equals", "//*[@id = "txtbthqty" + row + ""]", true): Modify property of object successfully

2018-06-10 19:30:00 - [MESSAGE][PASSED] - Modify property of object successfully

2018-06-10 19:30:00 - [TEST_STEP][PASSED] - Statement - batchqty = com.kms.katalon.core.webui.keyword.WebUiBuiltInKeywords.getAttribute(batch, "value").trim(): Attribute 'value' of object '' is: '35600'

2018-06-10 19:30:00 - [MESSAGE][PASSED] - Attribute 'value' of object '' is: '35600'

2018-06-10 19:30:00 - [TEST_STEP][PASSED] - Statement - Rqty = 100: null

2018-06-10 19:30:00 - [TEST_STEP][PASSED] - Statement - out.println("BatchQty : " + batchqty): null

2018-06-10 19:30:00 - [TEST_STEP][PASSED] - Statement - out.println("RQty : " + Rqty): null

2018-06-10 19:30:00 - [TEST_STEP][PASSED] - Statement - If (java.lang.Integer.valueOf(batchqty) >= java.lang.Integer.valueOf(Rqty)): null

2018-06-10 19:30:00 - [TEST_STEP][PASSED] - Statement - Break: null

2018-06-10 19:30:00 - [TEST_STEP][PASSED] - Statement - batchlength = new com.kms.katalon.core.testobject.TestObject(): null

2018-06-10 19:30:00 - [TEST_STEP][PASSED] - Statement - batchlength = com.kms.katalon.core.webui.keyword.WebUiBuiltInKeywords.modifyObjectProperty(batchlength, "xpath", "equals", "//*[@id = "fldvendor" + row + ""]", true): Modify property of object successfully

2018-06-10 19:30:00 - [MESSAGE][PASSED] - Modify property of object successfully

2018-06-10 19:30:00 - [TEST_STEP][PASSED] - Statement - batchsize = com.kms.katalon.core.webui.keyword.WebUiBuiltInKeywords.getNumberOfTotalOption(batchlength): 10 options of object '' counted

2018-06-10 19:30:00 - [MESSAGE][PASSED] - 10 options of object '' counted

2018-06-10 19:30:00 - [TEST_STEP][PASSED] - Statement - out.println("BatchSize : " + batchsize): null

2018-06-10 19:30:00 - [TEST_STEP][PASSED] - Statement - For ([n = 1, n <= batchsize - 1, (n++)]): null

2018-06-10 19:30:00 - [TEST_STEP][PASSED] - Statement - product = new com.kms.katalon.core.testobject.TestObject(): null

2018-06-10 19:30:00 - [TEST_STEP][PASSED] - Statement - product = com.kms.katalon.core.webui.keyword.WebUiBuiltInKeywords.modifyObjectProperty(product, "xpath", "equals", "//*[@id = "fldvendor" + row + ""]", true): Modify property of object successfully

2018-06-10 19:30:00 - [MESSAGE][PASSED] - Modify property of object successfully

2018-06-10 19:30:00 - [TEST_STEP][PASSED] - selectOptionByIndex: All options with index in [1] are selected on object ''

2018-06-10 19:30:00 - [MESSAGE][PASSED] - All options with index in [1] are selected on object ''

2018-06-10 19:30:00 - [TEST_STEP][PASSED] - delay: Delayed 2 second(s)

2018-06-10 19:30:02 - [MESSAGE][PASSED] - Delayed 2 second(s)

2018-06-10 19:30:02 - [TEST_STEP][PASSED] - Statement - batch = new com.kms.katalon.core.testobject.TestObject(): null

2018-06-10 19:30:02 - [TEST_STEP][PASSED] - Statement - batch = com.kms.katalon.core.webui.keyword.WebUiBuiltInKeywords.modifyObjectProperty(batch, "xpath", "equals", "//*[@id = "txtbthqty" + row + ""]", true): Modify property of object successfully

2018-06-10 19:30:02 - [MESSAGE][PASSED] - Modify property of object successfully

2018-06-10 19:30:02 - [TEST_STEP][PASSED] - Statement - batchqty = com.kms.katalon.core.webui.keyword.WebUiBuiltInKeywords.getAttribute(batch, "value").trim(): Attribute 'value' of object '' is: '3700'

2018-06-10 19:30:02 - [MESSAGE][PASSED] - Attribute 'value' of object '' is: '3700'

2018-06-10 19:30:02 - [TEST_STEP][PASSED] - Statement - Rqty = 100: null

2018-06-10 19:30:02 - [TEST_STEP][PASSED] - Statement - out.println("BatchQty : " + batchqty): null

2018-06-10 19:30:02 - [TEST_STEP][PASSED] - Statement - out.println("RQty : " + Rqty): null

2018-06-10 19:30:02 - [TEST_STEP][PASSED] - Statement - If (java.lang.Integer.valueOf(batchqty) >= java.lang.Integer.valueOf(Rqty)): null

2018-06-10 19:30:02 - [TEST_STEP][PASSED] - Statement - Break: null

2018-06-10 19:30:02 - [TEST_STEP][PASSED] - Statement - batchlength = new com.kms.katalon.core.testobject.TestObject(): null

2018-06-10 19:30:02 - [TEST_STEP][PASSED] - Statement - batchlength = com.kms.katalon.core.webui.keyword.WebUiBuiltInKeywords.modifyObjectProperty(batchlength, "xpath", "equals", "//*[@id = "fldvendor" + row + ""]", true): Modify property of object successfully

2018-06-10 19:30:02 - [MESSAGE][PASSED] - Modify property of object successfully

2018-06-10 19:30:02 - [TEST_STEP][PASSED] - Statement - batchsize = com.kms.katalon.core.webui.keyword.WebUiBuiltInKeywords.getNumberOfTotalOption(batchlength): 10 options of object '' counted

2018-06-10 19:30:02 - [MESSAGE][PASSED] - 10 options of object '' counted

2018-06-10 19:30:02 - [TEST_STEP][PASSED] - Statement - out.println("BatchSize : " + batchsize): null

2018-06-10 19:30:02 - [TEST_STEP][PASSED] - Statement - For ([n = 1, n <= batchsize - 1, (n++)]): null

2018-06-10 19:30:02 - [TEST_STEP][PASSED] - Statement - product = new com.kms.katalon.core.testobject.TestObject(): null

2018-06-10 19:30:02 - [TEST_STEP][PASSED] - Statement - product = com.kms.katalon.core.webui.keyword.WebUiBuiltInKeywords.modifyObjectProperty(product, "xpath", "equals", "//*[@id = "fldvendor" + row + ""]", true): Modify property of object successfully

2018-06-10 19:30:02 - [MESSAGE][PASSED] - Modify property of object successfully

2018-06-10 19:30:02 - [TEST_STEP][PASSED] - selectOptionByIndex: All options with index in [1] are selected on object ''

2018-06-10 19:30:02 - [MESSAGE][PASSED] - All options with index in [1] are selected on object ''

2018-06-10 19:30:02 - [TEST_STEP][PASSED] - delay: Delayed 2 second(s)

2018-06-10 19:30:04 - [MESSAGE][PASSED] - Delayed 2 second(s)

2018-06-10 19:30:04 - [TEST_STEP][PASSED] - Statement - batch = new com.kms.katalon.core.testobject.TestObject(): null

2018-06-10 19:30:04 - [TEST_STEP][PASSED] - Statement - batch = com.kms.katalon.core.webui.keyword.WebUiBuiltInKeywords.modifyObjectProperty(batch, "xpath", "equals", "//*[@id = "txtbthqty" + row + ""]", true): Modify property of object successfully

2018-06-10 19:30:04 - [MESSAGE][PASSED] - Modify property of object successfully

2018-06-10 19:30:04 - [TEST_STEP][PASSED] - Statement - batchqty = com.kms.katalon.core.webui.keyword.WebUiBuiltInKeywords.getAttribute(batch, "value").trim(): Attribute 'value' of object '' is: '900'

2018-06-10 19:30:04 - [MESSAGE][PASSED] - Attribute 'value' of object '' is: '900'

2018-06-10 19:30:04 - [TEST_STEP][PASSED] - Statement - Rqty = 100: null

2018-06-10 19:30:04 - [TEST_STEP][PASSED] - Statement - out.println("BatchQty : " + batchqty): null

2018-06-10 19:30:04 - [TEST_STEP][PASSED] - Statement - out.println("RQty : " + Rqty): null

2018-06-10 19:30:04 - [TEST_STEP][PASSED] - Statement - If (java.lang.Integer.valueOf(batchqty) >= java.lang.Integer.valueOf(Rqty)): null

2018-06-10 19:30:04 - [TEST_STEP][PASSED] - Statement - Break: null

2018-06-10 19:30:04 - [TEST_STEP][PASSED] - Statement - batchlength = new com.kms.katalon.core.testobject.TestObject(): null

2018-06-10 19:30:04 - [TEST_STEP][PASSED] - Statement - batchlength = com.kms.katalon.core.webui.keyword.WebUiBuiltInKeywords.modifyObjectProperty(batchlength, "xpath", "equals", "//*[@id = "fldvendor" + row + ""]", true): Modify property of object successfully

2018-06-10 19:30:04 - [MESSAGE][PASSED] - Modify property of object successfully

2018-06-10 19:30:04 - [TEST_STEP][PASSED] - Statement - batchsize = com.kms.katalon.core.webui.keyword.WebUiBuiltInKeywords.getNumberOfTotalOption(batchlength): 10 options of object '' counted

2018-06-10 19:30:04 - [MESSAGE][PASSED] - 10 options of object '' counted

2018-06-10 19:30:04 - [TEST_STEP][PASSED] - Statement - out.println("BatchSize : " + batchsize): null

2018-06-10 19:30:04 - [TEST_STEP][PASSED] - Statement - For ([n = 1, n <= batchsize - 1, (n++)]): null

2018-06-10 19:30:04 - [TEST_STEP][PASSED] - Statement - product = new com.kms.katalon.core.testobject.TestObject(): null

2018-06-10 19:30:04 - [TEST_STEP][PASSED] - Statement - product = com.kms.katalon.core.webui.keyword.WebUiBuiltInKeywords.modifyObjectProperty(product, "xpath", "equals", "//*[@id = "fldvendor" + row + ""]", true): Modify property of object successfully

2018-06-10 19:30:04 - [MESSAGE][PASSED] - Modify property of object successfully

2018-06-10 19:30:04 - [TEST_STEP][PASSED] - selectOptionByIndex: All options with index in [1] are selected on object ''

2018-06-10 19:30:04 - [MESSAGE][PASSED] - All options with index in [1] are selected on object ''

2018-06-10 19:30:04 - [TEST_STEP][PASSED] - delay: Delayed 2 second(s)

2018-06-10 19:30:06 - [MESSAGE][PASSED] - Delayed 2 second(s)

2018-06-10 19:30:06 - [TEST_STEP][PASSED] - Statement - batch = new com.kms.katalon.core.testobject.TestObject(): null

2018-06-10 19:30:06 - [TEST_STEP][PASSED] - Statement - batch = com.kms.katalon.core.webui.keyword.WebUiBuiltInKeywords.modifyObjectProperty(batch, "xpath", "equals", "//*[@id = "txtbthqty" + row + ""]", true): Modify property of object successfully

2018-06-10 19:30:06 - [MESSAGE][PASSED] - Modify property of object successfully

2018-06-10 19:30:06 - [TEST_STEP][PASSED] - Statement - batchqty = com.kms.katalon.core.webui.keyword.WebUiBuiltInKeywords.getAttribute(batch, "value").trim(): Attribute 'value' of object '' is: '3700'

2018-06-10 19:30:06 - [MESSAGE][PASSED] - Attribute 'value' of object '' is: '3700'

2018-06-10 19:30:06 - [TEST_STEP][PASSED] - Statement - Rqty = 100: null

2018-06-10 19:30:06 - [TEST_STEP][PASSED] - Statement - out.println("BatchQty : " + batchqty): null

2018-06-10 19:30:06 - [TEST_STEP][PASSED] - Statement - out.println("RQty : " + Rqty): null

2018-06-10 19:30:06 - [TEST_STEP][PASSED] - Statement - If (java.lang.Integer.valueOf(batchqty) >= java.lang.Integer.valueOf(Rqty)): null

2018-06-10 19:30:06 - [TEST_STEP][PASSED] - Statement - Break: null

2018-06-10 19:30:06 - [TEST_STEP][PASSED] - Statement - batchlength = new com.kms.katalon.core.testobject.TestObject(): null

2018-06-10 19:30:06 - [TEST_STEP][PASSED] - Statement - batchlength = com.kms.katalon.core.webui.keyword.WebUiBuiltInKeywords.modifyObjectProperty(batchlength, "xpath", "equals", "//*[@id = "fldvendor" + row + ""]", true): Modify property of object successfully

2018-06-10 19:30:06 - [MESSAGE][PASSED] - Modify property of object successfully

2018-06-10 19:30:06 - [TEST_STEP][PASSED] - Statement - batchsize = com.kms.katalon.core.webui.keyword.WebUiBuiltInKeywords.getNumberOfTotalOption(batchlength): 10 options of object '' counted

2018-06-10 19:30:06 - [MESSAGE][PASSED] - 10 options of object '' counted

2018-06-10 19:30:06 - [TEST_STEP][PASSED] - Statement - out.println("BatchSize : " + batchsize): null

2018-06-10 19:30:06 - [TEST_STEP][PASSED] - Statement - For ([n = 1, n <= batchsize - 1, (n++)]): null

2018-06-10 19:30:06 - [TEST_STEP][PASSED] - Statement - product = new com.kms.katalon.core.testobject.TestObject(): null

2018-06-10 19:30:06 - [TEST_STEP][PASSED] - Statement - product = com.kms.katalon.core.webui.keyword.WebUiBuiltInKeywords.modifyObjectProperty(product, "xpath", "equals", "//*[@id = "fldvendor" + row + ""]", true): Modify property of object successfully

2018-06-10 19:30:06 - [MESSAGE][PASSED] - Modify property of object successfully

2018-06-10 19:30:06 - [TEST_STEP][PASSED] - selectOptionByIndex: All options with index in [1] are selected on object ''

2018-06-10 19:30:07 - [MESSAGE][PASSED] - All options with index in [1] are selected on object ''

2018-06-10 19:30:07 - [TEST_STEP][PASSED] - delay: Delayed 2 second(s)

2018-06-10 19:30:09 - [MESSAGE][PASSED] - Delayed 2 second(s)

2018-06-10 19:30:09 - [TEST_STEP][PASSED] - Statement - batch = new com.kms.katalon.core.testobject.TestObject(): null

2018-06-10 19:30:09 - [TEST_STEP][PASSED] - Statement - batch = com.kms.katalon.core.webui.keyword.WebUiBuiltInKeywords.modifyObjectProperty(batch, "xpath", "equals", "//*[@id = "txtbthqty" + row + ""]", true): Modify property of object successfully

2018-06-10 19:30:09 - [MESSAGE][PASSED] - Modify property of object successfully

2018-06-10 19:30:09 - [TEST_STEP][PASSED] - Statement - batchqty = com.kms.katalon.core.webui.keyword.WebUiBuiltInKeywords.getAttribute(batch, "value").trim(): Attribute 'value' of object '' is: '900'

2018-06-10 19:30:09 - [MESSAGE][PASSED] - Attribute 'value' of object '' is: '900'

2018-06-10 19:30:09 - [TEST_STEP][PASSED] - Statement - Rqty = 100: null

2018-06-10 19:30:09 - [TEST_STEP][PASSED] - Statement - out.println("BatchQty : " + batchqty): null

2018-06-10 19:30:09 - [TEST_STEP][PASSED] - Statement - out.println("RQty : " + Rqty): null

2018-06-10 19:30:09 - [TEST_STEP][PASSED] - Statement - If (java.lang.Integer.valueOf(batchqty) >= java.lang.Integer.valueOf(Rqty)): null

2018-06-10 19:30:09 - [TEST_STEP][PASSED] - Statement - Break: null

2018-06-10 19:30:09 - [TEST_STEP][PASSED] - Statement - batchlength = new com.kms.katalon.core.testobject.TestObject(): null

2018-06-10 19:30:09 - [TEST_STEP][PASSED] - Statement - batchlength = com.kms.katalon.core.webui.keyword.WebUiBuiltInKeywords.modifyObjectProperty(batchlength, "xpath", "equals", "//*[@id = "fldvendor" + row + ""]", true): Modify property of object successfully

2018-06-10 19:30:09 - [MESSAGE][PASSED] - Modify property of object successfully

2018-06-10 19:30:09 - [TEST_STEP][PASSED] - Statement - batchsize = com.kms.katalon.core.webui.keyword.WebUiBuiltInKeywords.getNumberOfTotalOption(batchlength): 10 options of object '' counted

2018-06-10 19:30:09 - [MESSAGE][PASSED] - 10 options of object '' counted

2018-06-10 19:30:09 - [TEST_STEP][PASSED] - Statement - out.println("BatchSize : " + batchsize): null

2018-06-10 19:30:09 - [TEST_STEP][PASSED] - Statement - For ([n = 1, n <= batchsize - 1, (n++)]): null

2018-06-10 19:30:09 - [TEST_STEP][PASSED] - Statement - product = new com.kms.katalon.core.testobject.TestObject(): null

2018-06-10 19:30:09 - [TEST_STEP][PASSED] - Statement - product = com.kms.katalon.core.webui.keyword.WebUiBuiltInKeywords.modifyObjectProperty(product, "xpath", "equals", "//*[@id = "fldvendor" + row + ""]", true): Modify property of object successfully

2018-06-10 19:30:09 - [MESSAGE][PASSED] - Modify property of object successfully

2018-06-10 19:30:09 - [TEST_STEP][PASSED] - selectOptionByIndex: All options with index in [1] are selected on object ''

2018-06-10 19:30:09 - [MESSAGE][PASSED] - All options with index in [1] are selected on object ''

2018-06-10 19:30:09 - [TEST_STEP][PASSED] - delay: Delayed 2 second(s)

2018-06-10 19:30:11 - [MESSAGE][PASSED] - Delayed 2 second(s)

2018-06-10 19:30:11 - [TEST_STEP][PASSED] - Statement - batch = new com.kms.katalon.core.testobject.TestObject(): null

2018-06-10 19:30:11 - [TEST_STEP][PASSED] - Statement - batch = com.kms.katalon.core.webui.keyword.WebUiBuiltInKeywords.modifyObjectProperty(batch, "xpath", "equals", "//*[@id = "txtbthqty" + row + ""]", true): Modify property of object successfully

2018-06-10 19:30:11 - [MESSAGE][PASSED] - Modify property of object successfully

2018-06-10 19:30:11 - [TEST_STEP][PASSED] - Statement - batchqty = com.kms.katalon.core.webui.keyword.WebUiBuiltInKeywords.getAttribute(batch, "value").trim(): Attribute 'value' of object '' is: '2800'

2018-06-10 19:30:11 - [MESSAGE][PASSED] - Attribute 'value' of object '' is: '2800'

2018-06-10 19:30:11 - [TEST_STEP][PASSED] - Statement - Rqty = 100: null

2018-06-10 19:30:11 - [TEST_STEP][PASSED] - Statement - out.println("BatchQty : " + batchqty): null

2018-06-10 19:30:11 - [TEST_STEP][PASSED] - Statement - out.println("RQty : " + Rqty): null

2018-06-10 19:30:11 - [TEST_STEP][PASSED] - Statement - If (java.lang.Integer.valueOf(batchqty) >= java.lang.Integer.valueOf(Rqty)): null

2018-06-10 19:30:11 - [TEST_STEP][PASSED] - Statement - Break: null

2018-06-10 19:30:11 - [TEST_STEP][PASSED] - Statement - batchlength = new com.kms.katalon.core.testobject.TestObject(): null

2018-06-10 19:30:11 - [TEST_STEP][PASSED] - Statement - batchlength = com.kms.katalon.core.webui.keyword.WebUiBuiltInKeywords.modifyObjectProperty(batchlength, "xpath", "equals", "//*[@id = "fldvendor" + row + ""]", true): Modify property of object successfully

2018-06-10 19:30:11 - [MESSAGE][PASSED] - Modify property of object successfully

2018-06-10 19:30:11 - [TEST_STEP][PASSED] - Statement - batchsize = com.kms.katalon.core.webui.keyword.WebUiBuiltInKeywords.getNumberOfTotalOption(batchlength): 10 options of object '' counted

2018-06-10 19:30:11 - [MESSAGE][PASSED] - 10 options of object '' counted

2018-06-10 19:30:11 - [TEST_STEP][PASSED] - Statement - out.println("BatchSize : " + batchsize): null

2018-06-10 19:30:11 - [TEST_STEP][PASSED] - Statement - For ([n = 1, n <= batchsize - 1, (n++)]): null

2018-06-10 19:30:11 - [TEST_STEP][PASSED] - Statement - product = new com.kms.katalon.core.testobject.TestObject(): null

2018-06-10 19:30:11 - [TEST_STEP][PASSED] - Statement - product = com.kms.katalon.core.webui.keyword.WebUiBuiltInKeywords.modifyObjectProperty(product, "xpath", "equals", "//*[@id = "fldvendor" + row + ""]", true): Modify property of object successfully

2018-06-10 19:30:11 - [MESSAGE][PASSED] - Modify property of object successfully

2018-06-10 19:30:11 - [TEST_STEP][PASSED] - selectOptionByIndex: All options with index in [1] are selected on object ''

2018-06-10 19:30:11 - [MESSAGE][PASSED] - All options with index in [1] are selected on object ''

2018-06-10 19:30:11 - [TEST_STEP][PASSED] - delay: Delayed 2 second(s)

2018-06-10 19:30:13 - [MESSAGE][PASSED] - Delayed 2 second(s)

2018-06-10 19:30:13 - [TEST_STEP][PASSED] - Statement - batch = new com.kms.katalon.core.testobject.TestObject(): null

2018-06-10 19:30:13 - [TEST_STEP][PASSED] - Statement - batch = com.kms.katalon.core.webui.keyword.WebUiBuiltInKeywords.modifyObjectProperty(batch, "xpath", "equals", "//*[@id = "txtbthqty" + row + ""]", true): Modify property of object successfully

2018-06-10 19:30:13 - [MESSAGE][PASSED] - Modify property of object successfully

2018-06-10 19:30:13 - [TEST_STEP][PASSED] - Statement - batchqty = com.kms.katalon.core.webui.keyword.WebUiBuiltInKeywords.getAttribute(batch, "value").trim(): Attribute 'value' of object '' is: '2800'

2018-06-10 19:30:13 - [MESSAGE][PASSED] - Attribute 'value' of object '' is: '2800'

2018-06-10 19:30:13 - [TEST_STEP][PASSED] - Statement - Rqty = 100: null

2018-06-10 19:30:13 - [TEST_STEP][PASSED] - Statement - out.println("BatchQty : " + batchqty): null

2018-06-10 19:30:13 - [TEST_STEP][PASSED] - Statement - out.println("RQty : " + Rqty): null

2018-06-10 19:30:13 - [TEST_STEP][PASSED] - Statement - If (java.lang.Integer.valueOf(batchqty) >= java.lang.Integer.valueOf(Rqty)): null

2018-06-10 19:30:13 - [TEST_STEP][PASSED] - Statement - Break: null

2018-06-10 19:30:13 - [TEST_STEP][PASSED] - Statement - batchlength = new com.kms.katalon.core.testobject.TestObject(): null

2018-06-10 19:30:13 - [TEST_STEP][PASSED] - Statement - batchlength = com.kms.katalon.core.webui.keyword.WebUiBuiltInKeywords.modifyObjectProperty(batchlength, "xpath", "equals", "//*[@id = "fldvendor" + row + ""]", true): Modify property of object successfully

2018-06-10 19:30:13 - [MESSAGE][PASSED] - Modify property of object successfully

2018-06-10 19:30:13 - [TEST_STEP][PASSED] - Statement - batchsize = com.kms.katalon.core.webui.keyword.WebUiBuiltInKeywords.getNumberOfTotalOption(batchlength): 10 options of object '' counted

2018-06-10 19:30:13 - [MESSAGE][PASSED] - 10 options of object '' counted

2018-06-10 19:30:13 - [TEST_STEP][PASSED] - Statement - out.println("BatchSize : " + batchsize): null

2018-06-10 19:30:13 - [TEST_STEP][PASSED] - Statement - For ([n = 1, n <= batchsize - 1, (n++)]): null

2018-06-10 19:30:13 - [TEST_STEP][PASSED] - Statement - product = new com.kms.katalon.core.testobject.TestObject(): null

2018-06-10 19:30:13 - [TEST_STEP][PASSED] - Statement - product = com.kms.katalon.core.webui.keyword.WebUiBuiltInKeywords.modifyObjectProperty(product, "xpath", "equals", "//*[@id = "fldvendor" + row + ""]", true): Modify property of object successfully

2018-06-10 19:30:13 - [MESSAGE][PASSED] - Modify property of object successfully

2018-06-10 19:30:13 - [TEST_STEP][PASSED] - selectOptionByIndex: All options with index in [1] are selected on object ''

2018-06-10 19:30:13 - [MESSAGE][PASSED] - All options with index in [1] are selected on object ''

2018-06-10 19:30:13 - [TEST_STEP][PASSED] - delay: Delayed 2 second(s)

2018-06-10 19:30:15 - [MESSAGE][PASSED] - Delayed 2 second(s)

2018-06-10 19:30:15 - [TEST_STEP][PASSED] - Statement - batch = new com.kms.katalon.core.testobject.TestObject(): null

2018-06-10 19:30:15 - [TEST_STEP][PASSED] - Statement - batch = com.kms.katalon.core.webui.keyword.WebUiBuiltInKeywords.modifyObjectProperty(batch, "xpath", "equals", "//*[@id = "txtbthqty" + row + ""]", true): Modify property of object successfully

2018-06-10 19:30:15 - [MESSAGE][PASSED] - Modify property of object successfully

2018-06-10 19:30:15 - [TEST_STEP][PASSED] - Statement - batchqty = com.kms.katalon.core.webui.keyword.WebUiBuiltInKeywords.getAttribute(batch, "value").trim(): Attribute 'value' of object '' is: '1900'

2018-06-10 19:30:15 - [MESSAGE][PASSED] - Attribute 'value' of object '' is: '1900'

2018-06-10 19:30:15 - [TEST_STEP][PASSED] - Statement - Rqty = 100: null

2018-06-10 19:30:15 - [TEST_STEP][PASSED] - Statement - out.println("BatchQty : " + batchqty): null

2018-06-10 19:30:15 - [TEST_STEP][PASSED] - Statement - out.println("RQty : " + Rqty): null

2018-06-10 19:30:15 - [TEST_STEP][PASSED] - Statement - If (java.lang.Integer.valueOf(batchqty) >= java.lang.Integer.valueOf(Rqty)): null

2018-06-10 19:30:15 - [TEST_STEP][PASSED] - Statement - Break: null

2018-06-10 19:30:15 - [TEST_STEP][PASSED] - Statement - batchlength = new com.kms.katalon.core.testobject.TestObject(): null

2018-06-10 19:30:15 - [TEST_STEP][PASSED] - Statement - batchlength = com.kms.katalon.core.webui.keyword.WebUiBuiltInKeywords.modifyObjectProperty(batchlength, "xpath", "equals", "//*[@id = "fldvendor" + row + ""]", true): Modify property of object successfully

2018-06-10 19:30:15 - [MESSAGE][PASSED] - Modify property of object successfully

2018-06-10 19:30:15 - [TEST_STEP][PASSED] - Statement - batchsize = com.kms.katalon.core.webui.keyword.WebUiBuiltInKeywords.getNumberOfTotalOption(batchlength): 10 options of object '' counted

2018-06-10 19:30:16 - [MESSAGE][PASSED] - 10 options of object '' counted

2018-06-10 19:30:16 - [TEST_STEP][PASSED] - Statement - out.println("BatchSize : " + batchsize): null

2018-06-10 19:30:16 - [TEST_STEP][PASSED] - Statement - For ([n = 1, n <= batchsize - 1, (n++)]): null

2018-06-10 19:30:16 - [TEST_STEP][PASSED] - Statement - product = new com.kms.katalon.core.testobject.TestObject(): null

2018-06-10 19:30:16 - [TEST_STEP][PASSED] - Statement - product = com.kms.katalon.core.webui.keyword.WebUiBuiltInKeywords.modifyObjectProperty(product, "xpath", "equals", "//*[@id = "fldvendor" + row + ""]", true): Modify property of object successfully

2018-06-10 19:30:16 - [MESSAGE][PASSED] - Modify property of object successfully

2018-06-10 19:30:16 - [TEST_STEP][PASSED] - selectOptionByIndex: All options with index in [1] are selected on object ''

2018-06-10 19:30:16 - [MESSAGE][PASSED] - All options with index in [1] are selected on object ''

2018-06-10 19:30:16 - [TEST_STEP][PASSED] - delay: Delayed 2 second(s)

2018-06-10 19:30:18 - [MESSAGE][PASSED] - Delayed 2 second(s)

2018-06-10 19:30:18 - [TEST_STEP][PASSED] - Statement - batch = new com.kms.katalon.core.testobject.TestObject(): null

2018-06-10 19:30:18 - [TEST_STEP][PASSED] - Statement - batch = com.kms.katalon.core.webui.keyword.WebUiBuiltInKeywords.modifyObjectProperty(batch, "xpath", "equals", "//*[@id = "txtbthqty" + row + ""]", true): Modify property of object successfully

2018-06-10 19:30:18 - [MESSAGE][PASSED] - Modify property of object successfully

2018-06-10 19:30:18 - [TEST_STEP][PASSED] - Statement - batchqty = com.kms.katalon.core.webui.keyword.WebUiBuiltInKeywords.getAttribute(batch, "value").trim(): Attribute 'value' of object '' is: '2300'

2018-06-10 19:30:18 - [MESSAGE][PASSED] - Attribute 'value' of object '' is: '2300'

2018-06-10 19:30:18 - [TEST_STEP][PASSED] - Statement - Rqty = 100: null

2018-06-10 19:30:18 - [TEST_STEP][PASSED] - Statement - out.println("BatchQty : " + batchqty): null

2018-06-10 19:30:18 - [TEST_STEP][PASSED] - Statement - out.println("RQty : " + Rqty): null

2018-06-10 19:30:18 - [TEST_STEP][PASSED] - Statement - If (java.lang.Integer.valueOf(batchqty) >= java.lang.Integer.valueOf(Rqty)): null

2018-06-10 19:30:18 - [TEST_STEP][PASSED] - Statement - Break: null

2018-06-10 19:30:18 - [TEST_STEP][PASSED] - Statement - batchlength = new com.kms.katalon.core.testobject.TestObject(): null

2018-06-10 19:30:18 - [TEST_STEP][PASSED] - Statement - batchlength = com.kms.katalon.core.webui.keyword.WebUiBuiltInKeywords.modifyObjectProperty(batchlength, "xpath", "equals", "//*[@id = "fldvendor" + row + ""]", true): Modify property of object successfully

2018-06-10 19:30:18 - [MESSAGE][PASSED] - Modify property of object successfully

2018-06-10 19:30:18 - [TEST_STEP][PASSED] - Statement - batchsize = com.kms.katalon.core.webui.keyword.WebUiBuiltInKeywords.getNumberOfTotalOption(batchlength): 10 options of object '' counted

2018-06-10 19:30:18 - [MESSAGE][PASSED] - 10 options of object '' counted

2018-06-10 19:30:18 - [TEST_STEP][PASSED] - Statement - out.println("BatchSize : " + batchsize): null

2018-06-10 19:30:18 - [TEST_STEP][PASSED] - Statement - For ([n = 1, n <= batchsize - 1, (n++)]): null

2018-06-10 19:30:18 - [TEST_STEP][PASSED] - Statement - product = new com.kms.katalon.core.testobject.TestObject(): null

2018-06-10 19:30:18 - [TEST_STEP][PASSED] - Statement - product = com.kms.katalon.core.webui.keyword.WebUiBuiltInKeywords.modifyObjectProperty(product, "xpath", "equals", "//*[@id = "fldvendor" + row + ""]", true): Modify property of object successfully

2018-06-10 19:30:18 - [MESSAGE][PASSED] - Modify property of object successfully

2018-06-10 19:30:18 - [TEST_STEP][PASSED] - selectOptionByIndex: All options with index in [1] are selected on object ''

2018-06-10 19:30:18 - [MESSAGE][PASSED] - All options with index in [1] are selected on object ''

2018-06-10 19:30:18 - [TEST_STEP][PASSED] - delay: Delayed 2 second(s)

2018-06-10 19:30:20 - [MESSAGE][PASSED] - Delayed 2 second(s)

2018-06-10 19:30:20 - [TEST_STEP][PASSED] - Statement - batch = new com.kms.katalon.core.testobject.TestObject(): null

2018-06-10 19:30:20 - [TEST_STEP][PASSED] - Statement - batch = com.kms.katalon.core.webui.keyword.WebUiBuiltInKeywords.modifyObjectProperty(batch, "xpath", "equals", "//*[@id = "txtbthqty" + row + ""]", true): Modify property of object successfully

2018-06-10 19:30:20 - [MESSAGE][PASSED] - Modify property of object successfully

2018-06-10 19:30:20 - [TEST_STEP][PASSED] - Statement - batchqty = com.kms.katalon.core.webui.keyword.WebUiBuiltInKeywords.getAttribute(batch, "value").trim(): Attribute 'value' of object '' is: '2500'

2018-06-10 19:30:20 - [MESSAGE][PASSED] - Attribute 'value' of object '' is: '2500'

2018-06-10 19:30:20 - [TEST_STEP][PASSED] - Statement - Rqty = 100: null

2018-06-10 19:30:20 - [TEST_STEP][PASSED] - Statement - out.println("BatchQty : " + batchqty): null

2018-06-10 19:30:20 - [TEST_STEP][PASSED] - Statement - out.println("RQty : " + Rqty): null

2018-06-10 19:30:20 - [TEST_STEP][PASSED] - Statement - If (java.lang.Integer.valueOf(batchqty) >= java.lang.Integer.valueOf(Rqty)): null

2018-06-10 19:30:20 - [TEST_STEP][PASSED] - Statement - Break: null

2018-06-10 19:30:20 - [TEST_STEP][PASSED] - Statement - batchlength = new com.kms.katalon.core.testobject.TestObject(): null

2018-06-10 19:30:20 - [TEST_STEP][PASSED] - Statement - batchlength = com.kms.katalon.core.webui.keyword.WebUiBuiltInKeywords.modifyObjectProperty(batchlength, "xpath", "equals", "//*[@id = "fldvendor" + row + ""]", true): Modify property of object successfully

2018-06-10 19:30:20 - [MESSAGE][PASSED] - Modify property of object successfully

2018-06-10 19:30:20 - [TEST_STEP][PASSED] - Statement - batchsize = com.kms.katalon.core.webui.keyword.WebUiBuiltInKeywords.getNumberOfTotalOption(batchlength): 10 options of object '' counted

2018-06-10 19:30:20 - [MESSAGE][PASSED] - 10 options of object '' counted

2018-06-10 19:30:20 - [TEST_STEP][PASSED] - Statement - out.println("BatchSize : " + batchsize): null

2018-06-10 19:30:20 - [TEST_STEP][PASSED] - Statement - For ([n = 1, n <= batchsize - 1, (n++)]): null

2018-06-10 19:30:20 - [TEST_STEP][PASSED] - Statement - product = new com.kms.katalon.core.testobject.TestObject(): null

2018-06-10 19:30:20 - [TEST_STEP][PASSED] - Statement - product = com.kms.katalon.core.webui.keyword.WebUiBuiltInKeywords.modifyObjectProperty(product, "xpath", "equals", "//*[@id = "fldvendor" + row + ""]", true): Modify property of object successfully

2018-06-10 19:30:20 - [MESSAGE][PASSED] - Modify property of object successfully

2018-06-10 19:30:20 - [TEST_STEP][PASSED] - selectOptionByIndex: All options with index in [1] are selected on object ''

2018-06-10 19:30:20 - [MESSAGE][PASSED] - All options with index in [1] are selected on object ''

2018-06-10 19:30:20 - [TEST_STEP][PASSED] - delay: Delayed 2 second(s)

2018-06-10 19:30:22 - [MESSAGE][PASSED] - Delayed 2 second(s)

2018-06-10 19:30:22 - [TEST_STEP][PASSED] - Statement - batch = new com.kms.katalon.core.testobject.TestObject(): null

2018-06-10 19:30:22 - [TEST_STEP][PASSED] - Statement - batch = com.kms.katalon.core.webui.keyword.WebUiBuiltInKeywords.modifyObjectProperty(batch, "xpath", "equals", "//*[@id = "txtbthqty" + row + ""]", true): Modify property of object successfully

2018-06-10 19:30:22 - [MESSAGE][PASSED] - Modify property of object successfully

2018-06-10 19:30:22 - [TEST_STEP][PASSED] - Statement - batchqty = com.kms.katalon.core.webui.keyword.WebUiBuiltInKeywords.getAttribute(batch, "value").trim(): Attribute 'value' of object '' is: '900'

2018-06-10 19:30:22 - [MESSAGE][PASSED] - Attribute 'value' of object '' is: '900'

2018-06-10 19:30:22 - [TEST_STEP][PASSED] - Statement - Rqty = 100: null

2018-06-10 19:30:22 - [TEST_STEP][PASSED] - Statement - out.println("BatchQty : " + batchqty): null

2018-06-10 19:30:22 - [TEST_STEP][PASSED] - Statement - out.println("RQty : " + Rqty): null

2018-06-10 19:30:22 - [TEST_STEP][PASSED] - Statement - If (java.lang.Integer.valueOf(batchqty) >= java.lang.Integer.valueOf(Rqty)): null

2018-06-10 19:30:22 - [TEST_STEP][PASSED] - Statement - Break: null

2018-06-10 19:30:22 - [TEST_STEP][PASSED] - Statement - batchlength = new com.kms.katalon.core.testobject.TestObject(): null

2018-06-10 19:30:22 - [TEST_STEP][PASSED] - Statement - batchlength = com.kms.katalon.core.webui.keyword.WebUiBuiltInKeywords.modifyObjectProperty(batchlength, "xpath", "equals", "//*[@id = "fldvendor" + row + ""]", true): Modify property of object successfully

2018-06-10 19:30:22 - [MESSAGE][PASSED] - Modify property of object successfully

2018-06-10 19:30:22 - [TEST_STEP][PASSED] - Statement - batchsize = com.kms.katalon.core.webui.keyword.WebUiBuiltInKeywords.getNumberOfTotalOption(batchlength): 10 options of object '' counted

2018-06-10 19:30:22 - [MESSAGE][PASSED] - 10 options of object '' counted

2018-06-10 19:30:22 - [TEST_STEP][PASSED] - Statement - out.println("BatchSize : " + batchsize): null

2018-06-10 19:30:22 - [TEST_STEP][PASSED] - Statement - For ([n = 1, n <= batchsize - 1, (n++)]): null

2018-06-10 19:30:22 - [TEST_STEP][PASSED] - Statement - product = new com.kms.katalon.core.testobject.TestObject(): null

2018-06-10 19:30:22 - [TEST_STEP][PASSED] - Statement - product = com.kms.katalon.core.webui.keyword.WebUiBuiltInKeywords.modifyObjectProperty(product, "xpath", "equals", "//*[@id = "fldvendor" + row + ""]", true): Modify property of object successfully

2018-06-10 19:30:22 - [MESSAGE][PASSED] - Modify property of object successfully

2018-06-10 19:30:22 - [TEST_STEP][PASSED] - selectOptionByIndex: All options with index in [1] are selected on object ''

2018-06-10 19:30:22 - [MESSAGE][PASSED] - All options with index in [1] are selected on object ''

2018-06-10 19:30:22 - [TEST_STEP][PASSED] - delay: Delayed 2 second(s)

2018-06-10 19:30:24 - [MESSAGE][PASSED] - Delayed 2 second(s)

2018-06-10 19:30:24 - [TEST_STEP][PASSED] - Statement - batch = new com.kms.katalon.core.testobject.TestObject(): null

2018-06-10 19:30:24 - [TEST_STEP][PASSED] - Statement - batch = com.kms.katalon.core.webui.keyword.WebUiBuiltInKeywords.modifyObjectProperty(batch, "xpath", "equals", "//*[@id = "txtbthqty" + row + ""]", true): Modify property of object successfully

2018-06-10 19:30:24 - [MESSAGE][PASSED] - Modify property of object successfully

2018-06-10 19:30:24 - [TEST_STEP][PASSED] - Statement - batchqty = com.kms.katalon.core.webui.keyword.WebUiBuiltInKeywords.getAttribute(batch, "value").trim(): Attribute 'value' of object '' is: '3700'

2018-06-10 19:30:25 - [MESSAGE][PASSED] - Attribute 'value' of object '' is: '3700'

2018-06-10 19:30:25 - [TEST_STEP][PASSED] - Statement - Rqty = 100: null

2018-06-10 19:30:25 - [TEST_STEP][PASSED] - Statement - out.println("BatchQty : " + batchqty): null

2018-06-10 19:30:25 - [TEST_STEP][PASSED] - Statement - out.println("RQty : " + Rqty): null

2018-06-10 19:30:25 - [TEST_STEP][PASSED] - Statement - If (java.lang.Integer.valueOf(batchqty) >= java.lang.Integer.valueOf(Rqty)): null

2018-06-10 19:30:25 - [TEST_STEP][PASSED] - Statement - Break: null

2018-06-10 19:30:25 - [TEST_STEP][PASSED] - Statement - batchlength = new com.kms.katalon.core.testobject.TestObject(): null

2018-06-10 19:30:25 - [TEST_STEP][PASSED] - Statement - batchlength = com.kms.katalon.core.webui.keyword.WebUiBuiltInKeywords.modifyObjectProperty(batchlength, "xpath", "equals", "//*[@id = "fldvendor" + row + ""]", true): Modify property of object successfully

2018-06-10 19:30:25 - [MESSAGE][PASSED] - Modify property of object successfully

2018-06-10 19:30:25 - [TEST_STEP][PASSED] - Statement - batchsize = com.kms.katalon.core.webui.keyword.WebUiBuiltInKeywords.getNumberOfTotalOption(batchlength): 10 options of object '' counted

2018-06-10 19:30:25 - [MESSAGE][PASSED] - 10 options of object '' counted

2018-06-10 19:30:25 - [TEST_STEP][PASSED] - Statement - out.println("BatchSize : " + batchsize): null

2018-06-10 19:30:25 - [TEST_STEP][PASSED] - Statement - For ([n = 1, n <= batchsize - 1, (n++)]): null

2018-06-10 19:30:25 - [TEST_STEP][PASSED] - Statement - product = new com.kms.katalon.core.testobject.TestObject(): null

2018-06-10 19:30:25 - [TEST_STEP][PASSED] - Statement - product = com.kms.katalon.core.webui.keyword.WebUiBuiltInKeywords.modifyObjectProperty(product, "xpath", "equals", "//*[@id = "fldvendor" + row + ""]", true): Modify property of object successfully

2018-06-10 19:30:25 - [MESSAGE][PASSED] - Modify property of object successfully

2018-06-10 19:30:25 - [TEST_STEP][PASSED] - selectOptionByIndex: All options with index in [1] are selected on object ''

2018-06-10 19:30:25 - [MESSAGE][PASSED] - All options with index in [1] are selected on object ''

2018-06-10 19:30:25 - [TEST_STEP][PASSED] - delay: Delayed 2 second(s)

2018-06-10 19:30:27 - [MESSAGE][PASSED] - Delayed 2 second(s)

2018-06-10 19:30:27 - [TEST_STEP][PASSED] - Statement - batch = new com.kms.katalon.core.testobject.TestObject(): null

2018-06-10 19:30:27 - [TEST_STEP][PASSED] - Statement - batch = com.kms.katalon.core.webui.keyword.WebUiBuiltInKeywords.modifyObjectProperty(batch, "xpath", "equals", "//*[@id = "txtbthqty" + row + ""]", true): Modify property of object successfully

2018-06-10 19:30:27 - [MESSAGE][PASSED] - Modify property of object successfully

2018-06-10 19:30:27 - [TEST_STEP][PASSED] - Statement - batchqty = com.kms.katalon.core.webui.keyword.WebUiBuiltInKeywords.getAttribute(batch, "value").trim(): Attribute 'value' of object '' is: '4000'

2018-06-10 19:30:27 - [MESSAGE][PASSED] - Attribute 'value' of object '' is: '4000'

2018-06-10 19:30:27 - [TEST_STEP][PASSED] - Statement - Rqty = 100: null

2018-06-10 19:30:27 - [TEST_STEP][PASSED] - Statement - out.println("BatchQty : " + batchqty): null

2018-06-10 19:30:27 - [TEST_STEP][PASSED] - Statement - out.println("RQty : " + Rqty): null

2018-06-10 19:30:27 - [TEST_STEP][PASSED] - Statement - If (java.lang.Integer.valueOf(batchqty) >= java.lang.Integer.valueOf(Rqty)): null

2018-06-10 19:30:27 - [TEST_STEP][PASSED] - Statement - Break: null

2018-06-10 19:30:27 - [TEST_STEP][PASSED] - Statement - batchlength = new com.kms.katalon.core.testobject.TestObject(): null

2018-06-10 19:30:27 - [TEST_STEP][PASSED] - Statement - batchlength = com.kms.katalon.core.webui.keyword.WebUiBuiltInKeywords.modifyObjectProperty(batchlength, "xpath", "equals", "//*[@id = "fldvendor" + row + ""]", true): Modify property of object successfully

2018-06-10 19:30:27 - [MESSAGE][PASSED] - Modify property of object successfully

2018-06-10 19:30:27 - [TEST_STEP][PASSED] - Statement - batchsize = com.kms.katalon.core.webui.keyword.WebUiBuiltInKeywords.getNumberOfTotalOption(batchlength): 10 options of object '' counted

2018-06-10 19:30:27 - [MESSAGE][PASSED] - 10 options of object '' counted

2018-06-10 19:30:27 - [TEST_STEP][PASSED] - Statement - out.println("BatchSize : " + batchsize): null

2018-06-10 19:30:27 - [TEST_STEP][PASSED] - Statement - For ([n = 1, n <= batchsize - 1, (n++)]): null

2018-06-10 19:30:27 - [TEST_STEP][PASSED] - Statement - product = new com.kms.katalon.core.testobject.TestObject(): null

2018-06-10 19:30:27 - [TEST_STEP][PASSED] - Statement - product = com.kms.katalon.core.webui.keyword.WebUiBuiltInKeywords.modifyObjectProperty(product, "xpath", "equals", "//*[@id = "fldvendor" + row + ""]", true): Modify property of object successfully

2018-06-10 19:30:27 - [MESSAGE][PASSED] - Modify property of object successfully

2018-06-10 19:30:27 - [TEST_STEP][PASSED] - selectOptionByIndex: All options with index in [1] are selected on object ''

2018-06-10 19:30:27 - [MESSAGE][PASSED] - All options with index in [1] are selected on object ''

2018-06-10 19:30:27 - [TEST_STEP][PASSED] - delay: Delayed 2 second(s)

2018-06-10 19:30:29 - [MESSAGE][PASSED] - Delayed 2 second(s)

2018-06-10 19:30:29 - [TEST_STEP][PASSED] - Statement - batch = new com.kms.katalon.core.testobject.TestObject(): null

2018-06-10 19:30:29 - [TEST_STEP][PASSED] - Statement - batch = com.kms.katalon.core.webui.keyword.WebUiBuiltInKeywords.modifyObjectProperty(batch, "xpath", "equals", "//*[@id = "txtbthqty" + row + ""]", true): Modify property of object successfully

2018-06-10 19:30:29 - [MESSAGE][PASSED] - Modify property of object successfully

2018-06-10 19:30:29 - [TEST_STEP][PASSED] - Statement - batchqty = com.kms.katalon.core.webui.keyword.WebUiBuiltInKeywords.getAttribute(batch, "value").trim(): Attribute 'value' of object '' is: '35600'

2018-06-10 19:30:29 - [MESSAGE][PASSED] - Attribute 'value' of object '' is: '35600'

2018-06-10 19:30:29 - [TEST_STEP][PASSED] - Statement - Rqty = 100: null

2018-06-10 19:30:29 - [TEST_STEP][PASSED] - Statement - out.println("BatchQty : " + batchqty): null

2018-06-10 19:30:29 - [TEST_STEP][PASSED] - Statement - out.println("RQty : " + Rqty): null

2018-06-10 19:30:29 - [TEST_STEP][PASSED] - Statement - If (java.lang.Integer.valueOf(batchqty) >= java.lang.Integer.valueOf(Rqty)): null

2018-06-10 19:30:29 - [TEST_STEP][PASSED] - Statement - Break: null

2018-06-10 19:30:29 - [TEST_STEP][PASSED] - Statement - batchlength = new com.kms.katalon.core.testobject.TestObject(): null

2018-06-10 19:30:29 - [TEST_STEP][PASSED] - Statement - batchlength = com.kms.katalon.core.webui.keyword.WebUiBuiltInKeywords.modifyObjectProperty(batchlength, "xpath", "equals", "//*[@id = "fldvendor" + row + ""]", true): Modify property of object successfully

2018-06-10 19:30:29 - [MESSAGE][PASSED] - Modify property of object successfully

2018-06-10 19:30:29 - [TEST_STEP][PASSED] - Statement - batchsize = com.kms.katalon.core.webui.keyword.WebUiBuiltInKeywords.getNumberOfTotalOption(batchlength): 10 options of object '' counted

2018-06-10 19:30:29 - [MESSAGE][PASSED] - 10 options of object '' counted

2018-06-10 19:30:29 - [TEST_STEP][PASSED] - Statement - out.println("BatchSize : " + batchsize): null

2018-06-10 19:30:29 - [TEST_STEP][PASSED] - Statement - For ([n = 1, n <= batchsize - 1, (n++)]): null

2018-06-10 19:30:29 - [TEST_STEP][PASSED] - Statement - product = new com.kms.katalon.core.testobject.TestObject(): null

2018-06-10 19:30:29 - [TEST_STEP][PASSED] - Statement - product = com.kms.katalon.core.webui.keyword.WebUiBuiltInKeywords.modifyObjectProperty(product, "xpath", "equals", "//*[@id = "fldvendor" + row + ""]", true): Modify property of object successfully

2018-06-10 19:30:29 - [MESSAGE][PASSED] - Modify property of object successfully

2018-06-10 19:30:29 - [TEST_STEP][PASSED] - selectOptionByIndex: All options with index in [1] are selected on object ''

2018-06-10 19:30:29 - [MESSAGE][PASSED] - All options with index in [1] are selected on object ''

2018-06-10 19:30:29 - [TEST_STEP][PASSED] - delay: Delayed 2 second(s)

2018-06-10 19:30:31 - [MESSAGE][PASSED] - Delayed 2 second(s)

2018-06-10 19:30:31 - [TEST_STEP][PASSED] - Statement - batch = new com.kms.katalon.core.testobject.TestObject(): null

2018-06-10 19:30:31 - [TEST_STEP][PASSED] - Statement - batch = com.kms.katalon.core.webui.keyword.WebUiBuiltInKeywords.modifyObjectProperty(batch, "xpath", "equals", "//*[@id = "txtbthqty" + row + ""]", true): Modify property of object successfully

2018-06-10 19:30:31 - [MESSAGE][PASSED] - Modify property of object successfully

2018-06-10 19:30:31 - [TEST_STEP][PASSED] - Statement - batchqty = com.kms.katalon.core.webui.keyword.WebUiBuiltInKeywords.getAttribute(batch, "value").trim(): Attribute 'value' of object '' is: '2500'

2018-06-10 19:30:31 - [MESSAGE][PASSED] - Attribute 'value' of object '' is: '2500'

2018-06-10 19:30:31 - [TEST_STEP][PASSED] - Statement - Rqty = 100: null

2018-06-10 19:30:31 - [TEST_STEP][PASSED] - Statement - out.println("BatchQty : " + batchqty): null

2018-06-10 19:30:31 - [TEST_STEP][PASSED] - Statement - out.println("RQty : " + Rqty): null

2018-06-10 19:30:31 - [TEST_STEP][PASSED] - Statement - If (java.lang.Integer.valueOf(batchqty) >= java.lang.Integer.valueOf(Rqty)): null

2018-06-10 19:30:31 - [TEST_STEP][PASSED] - Statement - Break: null

2018-06-10 19:30:31 - [TEST_STEP][PASSED] - Statement - batchlength = new com.kms.katalon.core.testobject.TestObject(): null

2018-06-10 19:30:31 - [TEST_STEP][PASSED] - Statement - batchlength = com.kms.katalon.core.webui.keyword.WebUiBuiltInKeywords.modifyObjectProperty(batchlength, "xpath", "equals", "//*[@id = "fldvendor" + row + ""]", true): Modify property of object successfully

2018-06-10 19:30:31 - [MESSAGE][PASSED] - Modify property of object successfully

2018-06-10 19:30:31 - [TEST_STEP][PASSED] - Statement - batchsize = com.kms.katalon.core.webui.keyword.WebUiBuiltInKeywords.getNumberOfTotalOption(batchlength): 10 options of object '' counted

2018-06-10 19:30:31 - [MESSAGE][PASSED] - 10 options of object '' counted

2018-06-10 19:30:31 - [TEST_STEP][PASSED] - Statement - out.println("BatchSize : " + batchsize): null

2018-06-10 19:30:31 - [TEST_STEP][PASSED] - Statement - For ([n = 1, n <= batchsize - 1, (n++)]): null

2018-06-10 19:30:31 - [TEST_STEP][PASSED] - Statement - product = new com.kms.katalon.core.testobject.TestObject(): null

2018-06-10 19:30:31 - [TEST_STEP][PASSED] - Statement - product = com.kms.katalon.core.webui.keyword.WebUiBuiltInKeywords.modifyObjectProperty(product, "xpath", "equals", "//*[@id = "fldvendor" + row + ""]", true): Modify property of object successfully

2018-06-10 19:30:31 - [MESSAGE][PASSED] - Modify property of object successfully

2018-06-10 19:30:31 - [TEST_STEP][PASSED] - selectOptionByIndex: All options with index in [1] are selected on object ''

2018-06-10 19:30:32 - [MESSAGE][PASSED] - All options with index in [1] are selected on object ''

2018-06-10 19:30:32 - [TEST_STEP][PASSED] - delay: Delayed 2 second(s)

2018-06-10 19:30:34 - [MESSAGE][PASSED] - Delayed 2 second(s)

2018-06-10 19:30:34 - [TEST_STEP][PASSED] - Statement - batch = new com.kms.katalon.core.testobject.TestObject(): null

2018-06-10 19:30:34 - [TEST_STEP][PASSED] - Statement - batch = com.kms.katalon.core.webui.keyword.WebUiBuiltInKeywords.modifyObjectProperty(batch, "xpath", "equals", "//*[@id = "txtbthqty" + row + ""]", true): Modify property of object successfully

2018-06-10 19:30:34 - [MESSAGE][PASSED] - Modify property of object successfully

2018-06-10 19:30:34 - [TEST_STEP][PASSED] - Statement - batchqty = com.kms.katalon.core.webui.keyword.WebUiBuiltInKeywords.getAttribute(batch, "value").trim(): Attribute 'value' of object '' is: '2500'

2018-06-10 19:30:34 - [MESSAGE][PASSED] - Attribute 'value' of object '' is: '2500'

2018-06-10 19:30:34 - [TEST_STEP][PASSED] - Statement - Rqty = 100: null

2018-06-10 19:30:34 - [TEST_STEP][PASSED] - Statement - out.println("BatchQty : " + batchqty): null

2018-06-10 19:30:34 - [TEST_STEP][PASSED] - Statement - out.println("RQty : " + Rqty): null

2018-06-10 19:30:34 - [TEST_STEP][PASSED] - Statement - If (java.lang.Integer.valueOf(batchqty) >= java.lang.Integer.valueOf(Rqty)): null

2018-06-10 19:30:34 - [TEST_STEP][PASSED] - Statement - Break: null

2018-06-10 19:30:34 - [TEST_STEP][PASSED] - Statement - batchlength = new com.kms.katalon.core.testobject.TestObject(): null

2018-06-10 19:30:34 - [TEST_STEP][PASSED] - Statement - batchlength = com.kms.katalon.core.webui.keyword.WebUiBuiltInKeywords.modifyObjectProperty(batchlength, "xpath", "equals", "//*[@id = "fldvendor" + row + ""]", true): Modify property of object successfully

2018-06-10 19:30:34 - [MESSAGE][PASSED] - Modify property of object successfully

2018-06-10 19:30:34 - [TEST_STEP][PASSED] - Statement - batchsize = com.kms.katalon.core.webui.keyword.WebUiBuiltInKeywords.getNumberOfTotalOption(batchlength): 10 options of object '' counted

2018-06-10 19:30:34 - [MESSAGE][PASSED] - 10 options of object '' counted

2018-06-10 19:30:34 - [TEST_STEP][PASSED] - Statement - out.println("BatchSize : " + batchsize): null

2018-06-10 19:30:34 - [TEST_STEP][PASSED] - Statement - For ([n = 1, n <= batchsize - 1, (n++)]): null

2018-06-10 19:30:34 - [TEST_STEP][PASSED] - Statement - product = new com.kms.katalon.core.testobject.TestObject(): null

2018-06-10 19:30:34 - [TEST_STEP][PASSED] - Statement - product = com.kms.katalon.core.webui.keyword.WebUiBuiltInKeywords.modifyObjectProperty(product, "xpath", "equals", "//*[@id = "fldvendor" + row + ""]", true): Modify property of object successfully

2018-06-10 19:30:34 - [MESSAGE][PASSED] - Modify property of object successfully

2018-06-10 19:30:34 - [TEST_STEP][PASSED] - selectOptionByIndex: All options with index in [1] are selected on object ''

2018-06-10 19:30:34 - [MESSAGE][PASSED] - All options with index in [1] are selected on object ''

2018-06-10 19:30:34 - [TEST_STEP][PASSED] - delay: Delayed 2 second(s)

2018-06-10 19:30:36 - [MESSAGE][PASSED] - Delayed 2 second(s)

2018-06-10 19:30:36 - [TEST_STEP][PASSED] - Statement - batch = new com.kms.katalon.core.testobject.TestObject(): null

2018-06-10 19:30:36 - [TEST_STEP][PASSED] - Statement - batch = com.kms.katalon.core.webui.keyword.WebUiBuiltInKeywords.modifyObjectProperty(batch, "xpath", "equals", "//*[@id = "txtbthqty" + row + ""]", true): Modify property of object successfully

2018-06-10 19:30:36 - [MESSAGE][PASSED] - Modify property of object successfully

2018-06-10 19:30:36 - [TEST_STEP][PASSED] - Statement - batchqty = com.kms.katalon.core.webui.keyword.WebUiBuiltInKeywords.getAttribute(batch, "value").trim(): Attribute 'value' of object '' is: '3700'

2018-06-10 19:30:36 - [MESSAGE][PASSED] - Attribute 'value' of object '' is: '3700'

2018-06-10 19:30:36 - [TEST_STEP][PASSED] - Statement - Rqty = 100: null

2018-06-10 19:30:36 - [TEST_STEP][PASSED] - Statement - out.println("BatchQty : " + batchqty): null

2018-06-10 19:30:36 - [TEST_STEP][PASSED] - Statement - out.println("RQty : " + Rqty): null

2018-06-10 19:30:36 - [TEST_STEP][PASSED] - Statement - If (java.lang.Integer.valueOf(batchqty) >= java.lang.Integer.valueOf(Rqty)): null

2018-06-10 19:30:36 - [TEST_STEP][PASSED] - Statement - Break: null

2018-06-10 19:30:36 - [TEST_STEP][PASSED] - Statement - batchlength = new com.kms.katalon.core.testobject.TestObject(): null

2018-06-10 19:30:36 - [TEST_STEP][PASSED] - Statement - batchlength = com.kms.katalon.core.webui.keyword.WebUiBuiltInKeywords.modifyObjectProperty(batchlength, "xpath", "equals", "//*[@id = "fldvendor" + row + ""]", true): Modify property of object successfully

2018-06-10 19:30:36 - [MESSAGE][PASSED] - Modify property of object successfully

2018-06-10 19:30:36 - [TEST_STEP][PASSED] - Statement - batchsize = com.kms.katalon.core.webui.keyword.WebUiBuiltInKeywords.getNumberOfTotalOption(batchlength): 10 options of object '' counted

2018-06-10 19:30:36 - [MESSAGE][PASSED] - 10 options of object '' counted

2018-06-10 19:30:36 - [TEST_STEP][PASSED] - Statement - out.println("BatchSize : " + batchsize): null

2018-06-10 19:30:36 - [TEST_STEP][PASSED] - Statement - For ([n = 1, n <= batchsize - 1, (n++)]): null

2018-06-10 19:30:36 - [TEST_STEP][PASSED] - Statement - product = new com.kms.katalon.core.testobject.TestObject(): null

2018-06-10 19:30:36 - [TEST_STEP][PASSED] - Statement - product = com.kms.katalon.core.webui.keyword.WebUiBuiltInKeywords.modifyObjectProperty(product, "xpath", "equals", "//*[@id = "fldvendor" + row + ""]", true): Modify property of object successfully

2018-06-10 19:30:36 - [MESSAGE][PASSED] - Modify property of object successfully

2018-06-10 19:30:36 - [TEST_STEP][PASSED] - selectOptionByIndex: All options with index in [1] are selected on object ''

2018-06-10 19:30:36 - [MESSAGE][PASSED] - All options with index in [1] are selected on object ''

2018-06-10 19:30:36 - [TEST_STEP][PASSED] - delay: Delayed 2 second(s)

2018-06-10 19:30:38 - [MESSAGE][PASSED] - Delayed 2 second(s)

2018-06-10 19:30:38 - [TEST_STEP][PASSED] - Statement - batch = new com.kms.katalon.core.testobject.TestObject(): null

2018-06-10 19:30:38 - [TEST_STEP][PASSED] - Statement - batch = com.kms.katalon.core.webui.keyword.WebUiBuiltInKeywords.modifyObjectProperty(batch, "xpath", "equals", "//*[@id = "txtbthqty" + row + ""]", true): Modify property of object successfully

2018-06-10 19:30:38 - [MESSAGE][PASSED] - Modify property of object successfully

2018-06-10 19:30:38 - [TEST_STEP][PASSED] - Statement - batchqty = com.kms.katalon.core.webui.keyword.WebUiBuiltInKeywords.getAttribute(batch, "value").trim(): Attribute 'value' of object '' is: '4000'

2018-06-10 19:30:38 - [MESSAGE][PASSED] - Attribute 'value' of object '' is: '4000'

2018-06-10 19:30:38 - [TEST_STEP][PASSED] - Statement - Rqty = 100: null

2018-06-10 19:30:38 - [TEST_STEP][PASSED] - Statement - out.println("BatchQty : " + batchqty): null

2018-06-10 19:30:38 - [TEST_STEP][PASSED] - Statement - out.println("RQty : " + Rqty): null

2018-06-10 19:30:38 - [TEST_STEP][PASSED] - Statement - If (java.lang.Integer.valueOf(batchqty) >= java.lang.Integer.valueOf(Rqty)): null

2018-06-10 19:30:38 - [TEST_STEP][PASSED] - Statement - Break: null

2018-06-10 19:30:38 - [TEST_STEP][PASSED] - Statement - batchlength = new com.kms.katalon.core.testobject.TestObject(): null

2018-06-10 19:30:38 - [TEST_STEP][PASSED] - Statement - batchlength = com.kms.katalon.core.webui.keyword.WebUiBuiltInKeywords.modifyObjectProperty(batchlength, "xpath", "equals", "//*[@id = "fldvendor" + row + ""]", true): Modify property of object successfully

2018-06-10 19:30:38 - [MESSAGE][PASSED] - Modify property of object successfully

2018-06-10 19:30:38 - [TEST_STEP][PASSED] - Statement - batchsize = com.kms.katalon.core.webui.keyword.WebUiBuiltInKeywords.getNumberOfTotalOption(batchlength): 10 options of object '' counted

2018-06-10 19:30:38 - [MESSAGE][PASSED] - 10 options of object '' counted

2018-06-10 19:30:38 - [TEST_STEP][PASSED] - Statement - out.println("BatchSize : " + batchsize): null

2018-06-10 19:30:38 - [TEST_STEP][PASSED] - Statement - For ([n = 1, n <= batchsize - 1, (n++)]): null

2018-06-10 19:30:38 - [TEST_STEP][PASSED] - Statement - product = new com.kms.katalon.core.testobject.TestObject(): null

2018-06-10 19:30:38 - [TEST_STEP][PASSED] - Statement - product = com.kms.katalon.core.webui.keyword.WebUiBuiltInKeywords.modifyObjectProperty(product, "xpath", "equals", "//*[@id = "fldvendor" + row + ""]", true): Modify property of object successfully

2018-06-10 19:30:38 - [MESSAGE][PASSED] - Modify property of object successfully

2018-06-10 19:30:38 - [TEST_STEP][PASSED] - selectOptionByIndex: All options with index in [1] are selected on object ''

2018-06-10 19:30:38 - [MESSAGE][PASSED] - All options with index in [1] are selected on object ''

2018-06-10 19:30:38 - [TEST_STEP][PASSED] - delay: Delayed 2 second(s)

2018-06-10 19:30:40 - [MESSAGE][PASSED] - Delayed 2 second(s)

2018-06-10 19:30:40 - [TEST_STEP][PASSED] - Statement - batch = new com.kms.katalon.core.testobject.TestObject(): null

2018-06-10 19:30:40 - [TEST_STEP][PASSED] - Statement - batch = com.kms.katalon.core.webui.keyword.WebUiBuiltInKeywords.modifyObjectProperty(batch, "xpath", "equals", "//*[@id = "txtbthqty" + row + ""]", true): Modify property of object successfully

2018-06-10 19:30:40 - [MESSAGE][PASSED] - Modify property of object successfully

2018-06-10 19:30:40 - [TEST_STEP][PASSED] - Statement - batchqty = com.kms.katalon.core.webui.keyword.WebUiBuiltInKeywords.getAttribute(batch, "value").trim(): Attribute 'value' of object '' is: '2500'

2018-06-10 19:30:40 - [MESSAGE][PASSED] - Attribute 'value' of object '' is: '2500'

2018-06-10 19:30:40 - [TEST_STEP][PASSED] - Statement - Rqty = 100: null

2018-06-10 19:30:40 - [TEST_STEP][PASSED] - Statement - out.println("BatchQty : " + batchqty): null

2018-06-10 19:30:40 - [TEST_STEP][PASSED] - Statement - out.println("RQty : " + Rqty): null

2018-06-10 19:30:40 - [TEST_STEP][PASSED] - Statement - If (java.lang.Integer.valueOf(batchqty) >= java.lang.Integer.valueOf(Rqty)): null

2018-06-10 19:30:40 - [TEST_STEP][PASSED] - Statement - Break: null

2018-06-10 19:30:40 - [TEST_STEP][PASSED] - Statement - batchlength = new com.kms.katalon.core.testobject.TestObject(): null

2018-06-10 19:30:40 - [TEST_STEP][PASSED] - Statement - batchlength = com.kms.katalon.core.webui.keyword.WebUiBuiltInKeywords.modifyObjectProperty(batchlength, "xpath", "equals", "//*[@id = "fldvendor" + row + ""]", true): Modify property of object successfully

2018-06-10 19:30:40 - [MESSAGE][PASSED] - Modify property of object successfully

2018-06-10 19:30:40 - [TEST_STEP][PASSED] - Statement - batchsize = com.kms.katalon.core.webui.keyword.WebUiBuiltInKeywords.getNumberOfTotalOption(batchlength): 10 options of object '' counted

2018-06-10 19:30:40 - [MESSAGE][PASSED] - 10 options of object '' counted

2018-06-10 19:30:40 - [TEST_STEP][PASSED] - Statement - out.println("BatchSize : " + batchsize): null

2018-06-10 19:30:40 - [TEST_STEP][PASSED] - Statement - For ([n = 1, n <= batchsize - 1, (n++)]): null

2018-06-10 19:30:40 - [TEST_STEP][PASSED] - Statement - product = new com.kms.katalon.core.testobject.TestObject(): null

2018-06-10 19:30:40 - [TEST_STEP][PASSED] - Statement - product = com.kms.katalon.core.webui.keyword.WebUiBuiltInKeywords.modifyObjectProperty(product, "xpath", "equals", "//*[@id = "fldvendor" + row + ""]", true): Modify property of object successfully

2018-06-10 19:30:40 - [MESSAGE][PASSED] - Modify property of object successfully

2018-06-10 19:30:40 - [TEST_STEP][PASSED] - selectOptionByIndex: All options with index in [1] are selected on object ''

2018-06-10 19:30:41 - [MESSAGE][PASSED] - All options with index in [1] are selected on object ''

2018-06-10 19:30:41 - [TEST_STEP][PASSED] - delay: Delayed 2 second(s)

2018-06-10 19:30:43 - [MESSAGE][PASSED] - Delayed 2 second(s)

2018-06-10 19:30:43 - [TEST_STEP][PASSED] - Statement - batch = new com.kms.katalon.core.testobject.TestObject(): null

2018-06-10 19:30:43 - [TEST_STEP][PASSED] - Statement - batch = com.kms.katalon.core.webui.keyword.WebUiBuiltInKeywords.modifyObjectProperty(batch, "xpath", "equals", "//*[@id = "txtbthqty" + row + ""]", true): Modify property of object successfully

2018-06-10 19:30:43 - [MESSAGE][PASSED] - Modify property of object successfully

2018-06-10 19:30:43 - [TEST_STEP][PASSED] - Statement - batchqty = com.kms.katalon.core.webui.keyword.WebUiBuiltInKeywords.getAttribute(batch, "value").trim(): Attribute 'value' of object '' is: '1900'

2018-06-10 19:30:43 - [MESSAGE][PASSED] - Attribute 'value' of object '' is: '1900'

2018-06-10 19:30:43 - [TEST_STEP][PASSED] - Statement - Rqty = 100: null

2018-06-10 19:30:43 - [TEST_STEP][PASSED] - Statement - out.println("BatchQty : " + batchqty): null

2018-06-10 19:30:43 - [TEST_STEP][PASSED] - Statement - out.println("RQty : " + Rqty): null

2018-06-10 19:30:43 - [TEST_STEP][PASSED] - Statement - If (java.lang.Integer.valueOf(batchqty) >= java.lang.Integer.valueOf(Rqty)): null

2018-06-10 19:30:43 - [TEST_STEP][PASSED] - Statement - Break: null

2018-06-10 19:30:43 - [TEST_STEP][PASSED] - Statement - batchlength = new com.kms.katalon.core.testobject.TestObject(): null

2018-06-10 19:30:43 - [TEST_STEP][PASSED] - Statement - batchlength = com.kms.katalon.core.webui.keyword.WebUiBuiltInKeywords.modifyObjectProperty(batchlength, "xpath", "equals", "//*[@id = "fldvendor" + row + ""]", true): Modify property of object successfully

2018-06-10 19:30:43 - [MESSAGE][PASSED] - Modify property of object successfully

2018-06-10 19:30:43 - [TEST_STEP][PASSED] - Statement - batchsize = com.kms.katalon.core.webui.keyword.WebUiBuiltInKeywords.getNumberOfTotalOption(batchlength): 10 options of object '' counted

2018-06-10 19:30:43 - [MESSAGE][PASSED] - 10 options of object '' counted

2018-06-10 19:30:43 - [TEST_STEP][PASSED] - Statement - out.println("BatchSize : " + batchsize): null

2018-06-10 19:30:43 - [TEST_STEP][PASSED] - Statement - For ([n = 1, n <= batchsize - 1, (n++)]): null

2018-06-10 19:30:43 - [TEST_STEP][PASSED] - Statement - product = new com.kms.katalon.core.testobject.TestObject(): null

2018-06-10 19:30:43 - [TEST_STEP][PASSED] - Statement - product = com.kms.katalon.core.webui.keyword.WebUiBuiltInKeywords.modifyObjectProperty(product, "xpath", "equals", "//*[@id = "fldvendor" + row + ""]", true): Modify property of object successfully

2018-06-10 19:30:43 - [MESSAGE][PASSED] - Modify property of object successfully

2018-06-10 19:30:43 - [TEST_STEP][PASSED] - selectOptionByIndex: All options with index in [1] are selected on object ''

2018-06-10 19:30:43 - [MESSAGE][PASSED] - All options with index in [1] are selected on object ''

2018-06-10 19:30:43 - [TEST_STEP][PASSED] - delay: Delayed 2 second(s)

2018-06-10 19:30:45 - [MESSAGE][PASSED] - Delayed 2 second(s)

2018-06-10 19:30:45 - [TEST_STEP][PASSED] - Statement - batch = new com.kms.katalon.core.testobject.TestObject(): null

2018-06-10 19:30:45 - [TEST_STEP][PASSED] - Statement - batch = com.kms.katalon.core.webui.keyword.WebUiBuiltInKeywords.modifyObjectProperty(batch, "xpath", "equals", "//*[@id = "txtbthqty" + row + ""]", true): Modify property of object successfully

2018-06-10 19:30:45 - [MESSAGE][PASSED] - Modify property of object successfully

2018-06-10 19:30:45 - [TEST_STEP][PASSED] - Statement - batchqty = com.kms.katalon.core.webui.keyword.WebUiBuiltInKeywords.getAttribute(batch, "value").trim(): Attribute 'value' of object '' is: '1900'

2018-06-10 19:30:45 - [MESSAGE][PASSED] - Attribute 'value' of object '' is: '1900'

2018-06-10 19:30:45 - [TEST_STEP][PASSED] - Statement - Rqty = 100: null

2018-06-10 19:30:45 - [TEST_STEP][PASSED] - Statement - out.println("BatchQty : " + batchqty): null

2018-06-10 19:30:45 - [TEST_STEP][PASSED] - Statement - out.println("RQty : " + Rqty): null

2018-06-10 19:30:45 - [TEST_STEP][PASSED] - Statement - If (java.lang.Integer.valueOf(batchqty) >= java.lang.Integer.valueOf(Rqty)): null

2018-06-10 19:30:45 - [TEST_STEP][PASSED] - Statement - Break: null

2018-06-10 19:30:45 - [TEST_STEP][PASSED] - Statement - batchlength = new com.kms.katalon.core.testobject.TestObject(): null

2018-06-10 19:30:45 - [TEST_STEP][PASSED] - Statement - batchlength = com.kms.katalon.core.webui.keyword.WebUiBuiltInKeywords.modifyObjectProperty(batchlength, "xpath", "equals", "//*[@id = "fldvendor" + row + ""]", true): Modify property of object successfully

2018-06-10 19:30:45 - [MESSAGE][PASSED] - Modify property of object successfully

2018-06-10 19:30:45 - [TEST_STEP][PASSED] - Statement - batchsize = com.kms.katalon.core.webui.keyword.WebUiBuiltInKeywords.getNumberOfTotalOption(batchlength): 10 options of object '' counted

2018-06-10 19:30:45 - [MESSAGE][PASSED] - 10 options of object '' counted

2018-06-10 19:30:45 - [TEST_STEP][PASSED] - Statement - out.println("BatchSize : " + batchsize): null

2018-06-10 19:30:45 - [TEST_STEP][PASSED] - Statement - For ([n = 1, n <= batchsize - 1, (n++)]): null

2018-06-10 19:30:45 - [TEST_STEP][PASSED] - Statement - product = new com.kms.katalon.core.testobject.TestObject(): null

2018-06-10 19:30:45 - [TEST_STEP][PASSED] - Statement - product = com.kms.katalon.core.webui.keyword.WebUiBuiltInKeywords.modifyObjectProperty(product, "xpath", "equals", "//*[@id = "fldvendor" + row + ""]", true): Modify property of object successfully

2018-06-10 19:30:45 - [MESSAGE][PASSED] - Modify property of object successfully

2018-06-10 19:30:45 - [TEST_STEP][PASSED] - selectOptionByIndex: All options with index in [1] are selected on object ''

2018-06-10 19:30:45 - [MESSAGE][PASSED] - All options with index in [1] are selected on object ''

2018-06-10 19:30:45 - [TEST_STEP][PASSED] - delay: Delayed 2 second(s)

2018-06-10 19:30:47 - [MESSAGE][PASSED] - Delayed 2 second(s)

2018-06-10 19:30:47 - [TEST_STEP][PASSED] - Statement - batch = new com.kms.katalon.core.testobject.TestObject(): null

2018-06-10 19:30:47 - [TEST_STEP][PASSED] - Statement - batch = com.kms.katalon.core.webui.keyword.WebUiBuiltInKeywords.modifyObjectProperty(batch, "xpath", "equals", "//*[@id = "txtbthqty" + row + ""]", true): Modify property of object successfully

2018-06-10 19:30:47 - [MESSAGE][PASSED] - Modify property of object successfully

2018-06-10 19:30:47 - [TEST_STEP][PASSED] - Statement - batchqty = com.kms.katalon.core.webui.keyword.WebUiBuiltInKeywords.getAttribute(batch, "value").trim(): Attribute 'value' of object '' is: '2300'

2018-06-10 19:30:47 - [MESSAGE][PASSED] - Attribute 'value' of object '' is: '2300'

2018-06-10 19:30:47 - [TEST_STEP][PASSED] - Statement - Rqty = 100: null

2018-06-10 19:30:47 - [TEST_STEP][PASSED] - Statement - out.println("BatchQty : " + batchqty): null

2018-06-10 19:30:47 - [TEST_STEP][PASSED] - Statement - out.println("RQty : " + Rqty): null

2018-06-10 19:30:47 - [TEST_STEP][PASSED] - Statement - If (java.lang.Integer.valueOf(batchqty) >= java.lang.Integer.valueOf(Rqty)): null

2018-06-10 19:30:47 - [TEST_STEP][PASSED] - Statement - Break: null

2018-06-10 19:30:47 - [TEST_STEP][PASSED] - Statement - batchlength = new com.kms.katalon.core.testobject.TestObject(): null

2018-06-10 19:30:47 - [TEST_STEP][PASSED] - Statement - batchlength = com.kms.katalon.core.webui.keyword.WebUiBuiltInKeywords.modifyObjectProperty(batchlength, "xpath", "equals", "//*[@id = "fldvendor" + row + ""]", true): Modify property of object successfully

2018-06-10 19:30:47 - [MESSAGE][PASSED] - Modify property of object successfully

2018-06-10 19:30:47 - [TEST_STEP][PASSED] - Statement - batchsize = com.kms.katalon.core.webui.keyword.WebUiBuiltInKeywords.getNumberOfTotalOption(batchlength): 10 options of object '' counted

2018-06-10 19:30:47 - [MESSAGE][PASSED] - 10 options of object '' counted

2018-06-10 19:30:47 - [TEST_STEP][PASSED] - Statement - out.println("BatchSize : " + batchsize): null

2018-06-10 19:30:47 - [TEST_STEP][PASSED] - Statement - For ([n = 1, n <= batchsize - 1, (n++)]): null

2018-06-10 19:30:47 - [TEST_STEP][PASSED] - Statement - product = new com.kms.katalon.core.testobject.TestObject(): null

2018-06-10 19:30:47 - [TEST_STEP][PASSED] - Statement - product = com.kms.katalon.core.webui.keyword.WebUiBuiltInKeywords.modifyObjectProperty(product, "xpath", "equals", "//*[@id = "fldvendor" + row + ""]", true): Modify property of object successfully

2018-06-10 19:30:47 - [MESSAGE][PASSED] - Modify property of object successfully

2018-06-10 19:30:47 - [TEST_STEP][PASSED] - selectOptionByIndex: All options with index in [1] are selected on object ''

2018-06-10 19:30:47 - [MESSAGE][PASSED] - All options with index in [1] are selected on object ''

2018-06-10 19:30:47 - [TEST_STEP][PASSED] - delay: Delayed 2 second(s)

2018-06-10 19:30:49 - [MESSAGE][PASSED] - Delayed 2 second(s)

2018-06-10 19:30:49 - [TEST_STEP][PASSED] - Statement - batch = new com.kms.katalon.core.testobject.TestObject(): null

2018-06-10 19:30:49 - [TEST_STEP][PASSED] - Statement - batch = com.kms.katalon.core.webui.keyword.WebUiBuiltInKeywords.modifyObjectProperty(batch, "xpath", "equals", "//*[@id = "txtbthqty" + row + ""]", true): Modify property of object successfully

2018-06-10 19:30:49 - [MESSAGE][PASSED] - Modify property of object successfully

2018-06-10 19:30:49 - [TEST_STEP][PASSED] - Statement - batchqty = com.kms.katalon.core.webui.keyword.WebUiBuiltInKeywords.getAttribute(batch, "value").trim(): Attribute 'value' of object '' is: '900'

2018-06-10 19:30:49 - [MESSAGE][PASSED] - Attribute 'value' of object '' is: '900'

2018-06-10 19:30:49 - [TEST_STEP][PASSED] - Statement - Rqty = 100: null

2018-06-10 19:30:49 - [TEST_STEP][PASSED] - Statement - out.println("BatchQty : " + batchqty): null

2018-06-10 19:30:49 - [TEST_STEP][PASSED] - Statement - out.println("RQty : " + Rqty): null

2018-06-10 19:30:49 - [TEST_STEP][PASSED] - Statement - If (java.lang.Integer.valueOf(batchqty) >= java.lang.Integer.valueOf(Rqty)): null

2018-06-10 19:30:49 - [TEST_STEP][PASSED] - Statement - Break: null

2018-06-10 19:30:49 - [TEST_STEP][PASSED] - Statement - batchlength = new com.kms.katalon.core.testobject.TestObject(): null

2018-06-10 19:30:49 - [TEST_STEP][PASSED] - Statement - batchlength = com.kms.katalon.core.webui.keyword.WebUiBuiltInKeywords.modifyObjectProperty(batchlength, "xpath", "equals", "//*[@id = "fldvendor" + row + ""]", true): Modify property of object successfully

2018-06-10 19:30:49 - [MESSAGE][PASSED] - Modify property of object successfully

2018-06-10 19:30:49 - [TEST_STEP][PASSED] - Statement - batchsize = com.kms.katalon.core.webui.keyword.WebUiBuiltInKeywords.getNumberOfTotalOption(batchlength): 10 options of object '' counted

2018-06-10 19:30:49 - [MESSAGE][PASSED] - 10 options of object '' counted

2018-06-10 19:30:49 - [TEST_STEP][PASSED] - Statement - out.println("BatchSize : " + batchsize): null

2018-06-10 19:30:49 - [TEST_STEP][PASSED] - Statement - For ([n = 1, n <= batchsize - 1, (n++)]): null

2018-06-10 19:30:49 - [TEST_STEP][PASSED] - Statement - product = new com.kms.katalon.core.testobject.TestObject(): null

2018-06-10 19:30:49 - [TEST_STEP][PASSED] - Statement - product = com.kms.katalon.core.webui.keyword.WebUiBuiltInKeywords.modifyObjectProperty(product, "xpath", "equals", "//*[@id = "fldvendor" + row + ""]", true): Modify property of object successfully

2018-06-10 19:30:50 - [MESSAGE][PASSED] - Modify property of object successfully

2018-06-10 19:30:50 - [TEST_STEP][PASSED] - selectOptionByIndex: All options with index in [1] are selected on object ''

2018-06-10 19:30:50 - [MESSAGE][PASSED] - All options with index in [1] are selected on object ''

2018-06-10 19:30:50 - [TEST_STEP][PASSED] - delay: Delayed 2 second(s)

2018-06-10 19:30:52 - [MESSAGE][PASSED] - Delayed 2 second(s)

2018-06-10 19:30:52 - [TEST_STEP][PASSED] - Statement - batch = new com.kms.katalon.core.testobject.TestObject(): null

2018-06-10 19:30:52 - [TEST_STEP][PASSED] - Statement - batch = com.kms.katalon.core.webui.keyword.WebUiBuiltInKeywords.modifyObjectProperty(batch, "xpath", "equals", "//*[@id = "txtbthqty" + row + ""]", true): Modify property of object successfully

2018-06-10 19:30:52 - [MESSAGE][PASSED] - Modify property of object successfully

2018-06-10 19:30:52 - [TEST_STEP][PASSED] - Statement - batchqty = com.kms.katalon.core.webui.keyword.WebUiBuiltInKeywords.getAttribute(batch, "value").trim(): Attribute 'value' of object '' is: '1900'

2018-06-10 19:30:52 - [MESSAGE][PASSED] - Attribute 'value' of object '' is: '1900'

2018-06-10 19:30:52 - [TEST_STEP][PASSED] - Statement - Rqty = 100: null

2018-06-10 19:30:52 - [TEST_STEP][PASSED] - Statement - out.println("BatchQty : " + batchqty): null

2018-06-10 19:30:52 - [TEST_STEP][PASSED] - Statement - out.println("RQty : " + Rqty): null

2018-06-10 19:30:52 - [TEST_STEP][PASSED] - Statement - If (java.lang.Integer.valueOf(batchqty) >= java.lang.Integer.valueOf(Rqty)): null

2018-06-10 19:30:52 - [TEST_STEP][PASSED] - Statement - Break: null

2018-06-10 19:30:52 - [TEST_STEP][PASSED] - Statement - batchlength = new com.kms.katalon.core.testobject.TestObject(): null

2018-06-10 19:30:52 - [TEST_STEP][PASSED] - Statement - batchlength = com.kms.katalon.core.webui.keyword.WebUiBuiltInKeywords.modifyObjectProperty(batchlength, "xpath", "equals", "//*[@id = "fldvendor" + row + ""]", true): Modify property of object successfully

2018-06-10 19:30:52 - [MESSAGE][PASSED] - Modify property of object successfully

2018-06-10 19:30:52 - [TEST_STEP][PASSED] - Statement - batchsize = com.kms.katalon.core.webui.keyword.WebUiBuiltInKeywords.getNumberOfTotalOption(batchlength): 10 options of object '' counted

2018-06-10 19:30:52 - [MESSAGE][PASSED] - 10 options of object '' counted

2018-06-10 19:30:52 - [TEST_STEP][PASSED] - Statement - out.println("BatchSize : " + batchsize): null

2018-06-10 19:30:52 - [TEST_STEP][PASSED] - Statement - For ([n = 1, n <= batchsize - 1, (n++)]): null

2018-06-10 19:30:52 - [TEST_STEP][PASSED] - Statement - product = new com.kms.katalon.core.testobject.TestObject(): null

2018-06-10 19:30:52 - [TEST_STEP][PASSED] - Statement - product = com.kms.katalon.core.webui.keyword.WebUiBuiltInKeywords.modifyObjectProperty(product, "xpath", "equals", "//*[@id = "fldvendor" + row + ""]", true): Modify property of object successfully

2018-06-10 19:30:52 - [MESSAGE][PASSED] - Modify property of object successfully

2018-06-10 19:30:52 - [TEST_STEP][PASSED] - selectOptionByIndex: All options with index in [1] are selected on object ''

2018-06-10 19:30:52 - [MESSAGE][PASSED] - All options with index in [1] are selected on object ''

2018-06-10 19:30:52 - [TEST_STEP][PASSED] - delay: Delayed 2 second(s)

2018-06-10 19:30:54 - [MESSAGE][PASSED] - Delayed 2 second(s)

2018-06-10 19:30:54 - [TEST_STEP][PASSED] - Statement - batch = new com.kms.katalon.core.testobject.TestObject(): null

2018-06-10 19:30:54 - [TEST_STEP][PASSED] - Statement - batch = com.kms.katalon.core.webui.keyword.WebUiBuiltInKeywords.modifyObjectProperty(batch, "xpath", "equals", "//*[@id = "txtbthqty" + row + ""]", true): Modify property of object successfully

2018-06-10 19:30:54 - [MESSAGE][PASSED] - Modify property of object successfully

2018-06-10 19:30:54 - [TEST_STEP][PASSED] - Statement - batchqty = com.kms.katalon.core.webui.keyword.WebUiBuiltInKeywords.getAttribute(batch, "value").trim(): Attribute 'value' of object '' is: '2300'

2018-06-10 19:30:54 - [MESSAGE][PASSED] - Attribute 'value' of object '' is: '2300'

2018-06-10 19:30:54 - [TEST_STEP][PASSED] - Statement - Rqty = 100: null

2018-06-10 19:30:54 - [TEST_STEP][PASSED] - Statement - out.println("BatchQty : " + batchqty): null

2018-06-10 19:30:54 - [TEST_STEP][PASSED] - Statement - out.println("RQty : " + Rqty): null

2018-06-10 19:30:54 - [TEST_STEP][PASSED] - Statement - If (java.lang.Integer.valueOf(batchqty) >= java.lang.Integer.valueOf(Rqty)): null

2018-06-10 19:30:54 - [TEST_STEP][PASSED] - Statement - Break: null

2018-06-10 19:30:54 - [TEST_STEP][PASSED] - Statement - batchlength = new com.kms.katalon.core.testobject.TestObject(): null

2018-06-10 19:30:54 - [TEST_STEP][PASSED] - Statement - batchlength = com.kms.katalon.core.webui.keyword.WebUiBuiltInKeywords.modifyObjectProperty(batchlength, "xpath", "equals", "//*[@id = "fldvendor" + row + ""]", true): Modify property of object successfully

2018-06-10 19:30:54 - [MESSAGE][PASSED] - Modify property of object successfully

2018-06-10 19:30:54 - [TEST_STEP][PASSED] - Statement - batchsize = com.kms.katalon.core.webui.keyword.WebUiBuiltInKeywords.getNumberOfTotalOption(batchlength): 10 options of object '' counted

2018-06-10 19:30:54 - [MESSAGE][PASSED] - 10 options of object '' counted

2018-06-10 19:30:54 - [TEST_STEP][PASSED] - Statement - out.println("BatchSize : " + batchsize): null

2018-06-10 19:30:54 - [TEST_STEP][PASSED] - Statement - For ([n = 1, n <= batchsize - 1, (n++)]): null

2018-06-10 19:30:54 - [TEST_STEP][PASSED] - Statement - product = new com.kms.katalon.core.testobject.TestObject(): null

2018-06-10 19:30:54 - [TEST_STEP][PASSED] - Statement - product = com.kms.katalon.core.webui.keyword.WebUiBuiltInKeywords.modifyObjectProperty(product, "xpath", "equals", "//*[@id = "fldvendor" + row + ""]", true): Modify property of object successfully

2018-06-10 19:30:54 - [MESSAGE][PASSED] - Modify property of object successfully

2018-06-10 19:30:54 - [TEST_STEP][PASSED] - selectOptionByIndex: All options with index in [1] are selected on object ''

2018-06-10 19:30:54 - [MESSAGE][PASSED] - All options with index in [1] are selected on object ''

2018-06-10 19:30:54 - [TEST_STEP][PASSED] - delay: Delayed 2 second(s)

2018-06-10 19:30:56 - [MESSAGE][PASSED] - Delayed 2 second(s)

2018-06-10 19:30:56 - [TEST_STEP][PASSED] - Statement - batch = new com.kms.katalon.core.testobject.TestObject(): null

2018-06-10 19:30:56 - [TEST_STEP][PASSED] - Statement - batch = com.kms.katalon.core.webui.keyword.WebUiBuiltInKeywords.modifyObjectProperty(batch, "xpath", "equals", "//*[@id = "txtbthqty" + row + ""]", true): Modify property of object successfully

2018-06-10 19:30:56 - [MESSAGE][PASSED] - Modify property of object successfully

2018-06-10 19:30:56 - [TEST_STEP][PASSED] - Statement - batchqty = com.kms.katalon.core.webui.keyword.WebUiBuiltInKeywords.getAttribute(batch, "value").trim(): Attribute 'value' of object '' is: '3700'

2018-06-10 19:30:56 - [MESSAGE][PASSED] - Attribute 'value' of object '' is: '3700'

2018-06-10 19:30:56 - [TEST_STEP][PASSED] - Statement - Rqty = 100: null

2018-06-10 19:30:56 - [TEST_STEP][PASSED] - Statement - out.println("BatchQty : " + batchqty): null

2018-06-10 19:30:56 - [TEST_STEP][PASSED] - Statement - out.println("RQty : " + Rqty): null

2018-06-10 19:30:56 - [TEST_STEP][PASSED] - Statement - If (java.lang.Integer.valueOf(batchqty) >= java.lang.Integer.valueOf(Rqty)): null

2018-06-10 19:30:56 - [TEST_STEP][PASSED] - Statement - Break: null

2018-06-10 19:30:56 - [TEST_STEP][PASSED] - Statement - batchlength = new com.kms.katalon.core.testobject.TestObject(): null

2018-06-10 19:30:56 - [TEST_STEP][PASSED] - Statement - batchlength = com.kms.katalon.core.webui.keyword.WebUiBuiltInKeywords.modifyObjectProperty(batchlength, "xpath", "equals", "//*[@id = "fldvendor" + row + ""]", true): Modify property of object successfully

2018-06-10 19:30:56 - [MESSAGE][PASSED] - Modify property of object successfully

2018-06-10 19:30:56 - [TEST_STEP][PASSED] - Statement - batchsize = com.kms.katalon.core.webui.keyword.WebUiBuiltInKeywords.getNumberOfTotalOption(batchlength): 10 options of object '' counted

2018-06-10 19:30:56 - [MESSAGE][PASSED] - 10 options of object '' counted

2018-06-10 19:30:56 - [TEST_STEP][PASSED] - Statement - out.println("BatchSize : " + batchsize): null

2018-06-10 19:30:56 - [TEST_STEP][PASSED] - Statement - For ([n = 1, n <= batchsize - 1, (n++)]): null

2018-06-10 19:30:56 - [TEST_STEP][PASSED] - Statement - product = new com.kms.katalon.core.testobject.TestObject(): null

2018-06-10 19:30:56 - [TEST_STEP][PASSED] - Statement - product = com.kms.katalon.core.webui.keyword.WebUiBuiltInKeywords.modifyObjectProperty(product, "xpath", "equals", "//*[@id = "fldvendor" + row + ""]", true): Modify property of object successfully

2018-06-10 19:30:56 - [MESSAGE][PASSED] - Modify property of object successfully

2018-06-10 19:30:56 - [TEST_STEP][PASSED] - selectOptionByIndex: All options with index in [1] are selected on object ''

2018-06-10 19:30:56 - [MESSAGE][PASSED] - All options with index in [1] are selected on object ''

2018-06-10 19:30:56 - [TEST_STEP][PASSED] - delay: Delayed 2 second(s)

2018-06-10 19:30:58 - [MESSAGE][PASSED] - Delayed 2 second(s)

2018-06-10 19:30:58 - [TEST_STEP][PASSED] - Statement - batch = new com.kms.katalon.core.testobject.TestObject(): null

2018-06-10 19:30:58 - [TEST_STEP][PASSED] - Statement - batch = com.kms.katalon.core.webui.keyword.WebUiBuiltInKeywords.modifyObjectProperty(batch, "xpath", "equals", "//*[@id = "txtbthqty" + row + ""]", true): Modify property of object successfully

2018-06-10 19:30:58 - [MESSAGE][PASSED] - Modify property of object successfully

2018-06-10 19:30:58 - [TEST_STEP][PASSED] - Statement - batchqty = com.kms.katalon.core.webui.keyword.WebUiBuiltInKeywords.getAttribute(batch, "value").trim(): Attribute 'value' of object '' is: '2300'

2018-06-10 19:30:58 - [MESSAGE][PASSED] - Attribute 'value' of object '' is: '2300'

2018-06-10 19:30:58 - [TEST_STEP][PASSED] - Statement - Rqty = 100: null

2018-06-10 19:30:58 - [TEST_STEP][PASSED] - Statement - out.println("BatchQty : " + batchqty): null

2018-06-10 19:30:58 - [TEST_STEP][PASSED] - Statement - out.println("RQty : " + Rqty): null

2018-06-10 19:30:58 - [TEST_STEP][PASSED] - Statement - If (java.lang.Integer.valueOf(batchqty) >= java.lang.Integer.valueOf(Rqty)): null

2018-06-10 19:30:58 - [TEST_STEP][PASSED] - Statement - Break: null

2018-06-10 19:30:58 - [TEST_STEP][PASSED] - Statement - batchlength = new com.kms.katalon.core.testobject.TestObject(): null

2018-06-10 19:30:58 - [TEST_STEP][PASSED] - Statement - batchlength = com.kms.katalon.core.webui.keyword.WebUiBuiltInKeywords.modifyObjectProperty(batchlength, "xpath", "equals", "//*[@id = "fldvendor" + row + ""]", true): Modify property of object successfully

2018-06-10 19:30:58 - [MESSAGE][PASSED] - Modify property of object successfully

2018-06-10 19:30:58 - [TEST_STEP][PASSED] - Statement - batchsize = com.kms.katalon.core.webui.keyword.WebUiBuiltInKeywords.getNumberOfTotalOption(batchlength): 10 options of object '' counted

2018-06-10 19:30:59 - [MESSAGE][PASSED] - 10 options of object '' counted

2018-06-10 19:30:59 - [TEST_STEP][PASSED] - Statement - out.println("BatchSize : " + batchsize): null

2018-06-10 19:30:59 - [TEST_STEP][PASSED] - Statement - For ([n = 1, n <= batchsize - 1, (n++)]): null

2018-06-10 19:30:59 - [TEST_STEP][PASSED] - Statement - product = new com.kms.katalon.core.testobject.TestObject(): null

2018-06-10 19:30:59 - [TEST_STEP][PASSED] - Statement - product = com.kms.katalon.core.webui.keyword.WebUiBuiltInKeywords.modifyObjectProperty(product, "xpath", "equals", "//*[@id = "fldvendor" + row + ""]", true): Modify property of object successfully

2018-06-10 19:30:59 - [MESSAGE][PASSED] - Modify property of object successfully

2018-06-10 19:30:59 - [TEST_STEP][PASSED] - selectOptionByIndex: All options with index in [1] are selected on object ''

2018-06-10 19:30:59 - [MESSAGE][PASSED] - All options with index in [1] are selected on object ''

2018-06-10 19:30:59 - [TEST_STEP][PASSED] - delay: Delayed 2 second(s)

2018-06-10 19:31:01 - [MESSAGE][PASSED] - Delayed 2 second(s)

2018-06-10 19:31:01 - [TEST_STEP][PASSED] - Statement - batch = new com.kms.katalon.core.testobject.TestObject(): null

2018-06-10 19:31:01 - [TEST_STEP][PASSED] - Statement - batch = com.kms.katalon.core.webui.keyword.WebUiBuiltInKeywords.modifyObjectProperty(batch, "xpath", "equals", "//*[@id = "txtbthqty" + row + ""]", true): Modify property of object successfully

2018-06-10 19:31:01 - [MESSAGE][PASSED] - Modify property of object successfully

2018-06-10 19:31:01 - [TEST_STEP][PASSED] - Statement - batchqty = com.kms.katalon.core.webui.keyword.WebUiBuiltInKeywords.getAttribute(batch, "value").trim(): Attribute 'value' of object '' is: '1900'

2018-06-10 19:31:01 - [MESSAGE][PASSED] - Attribute 'value' of object '' is: '1900'

2018-06-10 19:31:01 - [TEST_STEP][PASSED] - Statement - Rqty = 100: null

2018-06-10 19:31:01 - [TEST_STEP][PASSED] - Statement - out.println("BatchQty : " + batchqty): null

2018-06-10 19:31:01 - [TEST_STEP][PASSED] - Statement - out.println("RQty : " + Rqty): null

2018-06-10 19:31:01 - [TEST_STEP][PASSED] - Statement - If (java.lang.Integer.valueOf(batchqty) >= java.lang.Integer.valueOf(Rqty)): null

2018-06-10 19:31:01 - [TEST_STEP][PASSED] - Statement - Break: null

2018-06-10 19:31:01 - [TEST_STEP][PASSED] - Statement - batchlength = new com.kms.katalon.core.testobject.TestObject(): null

2018-06-10 19:31:01 - [TEST_STEP][PASSED] - Statement - batchlength = com.kms.katalon.core.webui.keyword.WebUiBuiltInKeywords.modifyObjectProperty(batchlength, "xpath", "equals", "//*[@id = "fldvendor" + row + ""]", true): Modify property of object successfully

2018-06-10 19:31:01 - [MESSAGE][PASSED] - Modify property of object successfully

2018-06-10 19:31:01 - [TEST_STEP][PASSED] - Statement - batchsize = com.kms.katalon.core.webui.keyword.WebUiBuiltInKeywords.getNumberOfTotalOption(batchlength): 10 options of object '' counted

2018-06-10 19:31:01 - [MESSAGE][PASSED] - 10 options of object '' counted

2018-06-10 19:31:01 - [TEST_STEP][PASSED] - Statement - out.println("BatchSize : " + batchsize): null

2018-06-10 19:31:01 - [TEST_STEP][PASSED] - Statement - For ([n = 1, n <= batchsize - 1, (n++)]): null

2018-06-10 19:31:01 - [TEST_STEP][PASSED] - Statement - product = new com.kms.katalon.core.testobject.TestObject(): null

2018-06-10 19:31:01 - [TEST_STEP][PASSED] - Statement - product = com.kms.katalon.core.webui.keyword.WebUiBuiltInKeywords.modifyObjectProperty(product, "xpath", "equals", "//*[@id = "fldvendor" + row + ""]", true): Modify property of object successfully

2018-06-10 19:31:01 - [MESSAGE][PASSED] - Modify property of object successfully

2018-06-10 19:31:01 - [TEST_STEP][PASSED] - selectOptionByIndex: All options with index in [1] are selected on object ''

2018-06-10 19:31:01 - [MESSAGE][PASSED] - All options with index in [1] are selected on object ''

2018-06-10 19:31:01 - [TEST_STEP][PASSED] - delay: Delayed 2 second(s)

2018-06-10 19:31:03 - [MESSAGE][PASSED] - Delayed 2 second(s)

2018-06-10 19:31:03 - [TEST_STEP][PASSED] - Statement - batch = new com.kms.katalon.core.testobject.TestObject(): null

2018-06-10 19:31:03 - [TEST_STEP][PASSED] - Statement - batch = com.kms.katalon.core.webui.keyword.WebUiBuiltInKeywords.modifyObjectProperty(batch, "xpath", "equals", "//*[@id = "txtbthqty" + row + ""]", true): Modify property of object successfully

2018-06-10 19:31:03 - [MESSAGE][PASSED] - Modify property of object successfully

2018-06-10 19:31:03 - [TEST_STEP][PASSED] - Statement - batchqty = com.kms.katalon.core.webui.keyword.WebUiBuiltInKeywords.getAttribute(batch, "value").trim(): Attribute 'value' of object '' is: '35600'

2018-06-10 19:31:03 - [MESSAGE][PASSED] - Attribute 'value' of object '' is: '35600'

2018-06-10 19:31:03 - [TEST_STEP][PASSED] - Statement - Rqty = 100: null

2018-06-10 19:31:03 - [TEST_STEP][PASSED] - Statement - out.println("BatchQty : " + batchqty): null

2018-06-10 19:31:03 - [TEST_STEP][PASSED] - Statement - out.println("RQty : " + Rqty): null

2018-06-10 19:31:03 - [TEST_STEP][PASSED] - Statement - If (java.lang.Integer.valueOf(batchqty) >= java.lang.Integer.valueOf(Rqty)): null

2018-06-10 19:31:03 - [TEST_STEP][PASSED] - Statement - Break: null

2018-06-10 19:31:03 - [TEST_STEP][PASSED] - Statement - batchlength = new com.kms.katalon.core.testobject.TestObject(): null

2018-06-10 19:31:03 - [TEST_STEP][PASSED] - Statement - batchlength = com.kms.katalon.core.webui.keyword.WebUiBuiltInKeywords.modifyObjectProperty(batchlength, "xpath", "equals", "//*[@id = "fldvendor" + row + ""]", true): Modify property of object successfully

2018-06-10 19:31:03 - [MESSAGE][PASSED] - Modify property of object successfully

2018-06-10 19:31:03 - [TEST_STEP][PASSED] - Statement - batchsize = com.kms.katalon.core.webui.keyword.WebUiBuiltInKeywords.getNumberOfTotalOption(batchlength): 10 options of object '' counted

2018-06-10 19:31:03 - [MESSAGE][PASSED] - 10 options of object '' counted

2018-06-10 19:31:03 - [TEST_STEP][PASSED] - Statement - out.println("BatchSize : " + batchsize): null

2018-06-10 19:31:03 - [TEST_STEP][PASSED] - Statement - For ([n = 1, n <= batchsize - 1, (n++)]): null

2018-06-10 19:31:03 - [TEST_STEP][PASSED] - Statement - product = new com.kms.katalon.core.testobject.TestObject(): null

2018-06-10 19:31:03 - [TEST_STEP][PASSED] - Statement - product = com.kms.katalon.core.webui.keyword.WebUiBuiltInKeywords.modifyObjectProperty(product, "xpath", "equals", "//*[@id = "fldvendor" + row + ""]", true): Modify property of object successfully

2018-06-10 19:31:03 - [MESSAGE][PASSED] - Modify property of object successfully

2018-06-10 19:31:03 - [TEST_STEP][PASSED] - selectOptionByIndex: All options with index in [1] are selected on object ''

2018-06-10 19:31:03 - [MESSAGE][PASSED] - All options with index in [1] are selected on object ''

2018-06-10 19:31:03 - [TEST_STEP][PASSED] - delay: Delayed 2 second(s)

2018-06-10 19:31:05 - [MESSAGE][PASSED] - Delayed 2 second(s)

2018-06-10 19:31:05 - [TEST_STEP][PASSED] - Statement - batch = new com.kms.katalon.core.testobject.TestObject(): null

2018-06-10 19:31:05 - [TEST_STEP][PASSED] - Statement - batch = com.kms.katalon.core.webui.keyword.WebUiBuiltInKeywords.modifyObjectProperty(batch, "xpath", "equals", "//*[@id = "txtbthqty" + row + ""]", true): Modify property of object successfully

2018-06-10 19:31:05 - [MESSAGE][PASSED] - Modify property of object successfully

2018-06-10 19:31:05 - [TEST_STEP][PASSED] - Statement - batchqty = com.kms.katalon.core.webui.keyword.WebUiBuiltInKeywords.getAttribute(batch, "value").trim(): Attribute 'value' of object '' is: '1900'

2018-06-10 19:31:05 - [MESSAGE][PASSED] - Attribute 'value' of object '' is: '1900'

2018-06-10 19:31:05 - [TEST_STEP][PASSED] - Statement - Rqty = 100: null

2018-06-10 19:31:05 - [TEST_STEP][PASSED] - Statement - out.println("BatchQty : " + batchqty): null

2018-06-10 19:31:05 - [TEST_STEP][PASSED] - Statement - out.println("RQty : " + Rqty): null

2018-06-10 19:31:05 - [TEST_STEP][PASSED] - Statement - If (java.lang.Integer.valueOf(batchqty) >= java.lang.Integer.valueOf(Rqty)): null

2018-06-10 19:31:05 - [TEST_STEP][PASSED] - Statement - Break: null

2018-06-10 19:31:05 - [TEST_STEP][PASSED] - Statement - batchlength = new com.kms.katalon.core.testobject.TestObject(): null

2018-06-10 19:31:05 - [TEST_STEP][PASSED] - Statement - batchlength = com.kms.katalon.core.webui.keyword.WebUiBuiltInKeywords.modifyObjectProperty(batchlength, "xpath", "equals", "//*[@id = "fldvendor" + row + ""]", true): Modify property of object successfully

2018-06-10 19:31:05 - [MESSAGE][PASSED] - Modify property of object successfully

2018-06-10 19:31:05 - [TEST_STEP][PASSED] - Statement - batchsize = com.kms.katalon.core.webui.keyword.WebUiBuiltInKeywords.getNumberOfTotalOption(batchlength): 10 options of object '' counted

2018-06-10 19:31:05 - [MESSAGE][PASSED] - 10 options of object '' counted

2018-06-10 19:31:05 - [TEST_STEP][PASSED] - Statement - out.println("BatchSize : " + batchsize): null

2018-06-10 19:31:05 - [TEST_STEP][PASSED] - Statement - For ([n = 1, n <= batchsize - 1, (n++)]): null

2018-06-10 19:31:05 - [TEST_STEP][PASSED] - Statement - product = new com.kms.katalon.core.testobject.TestObject(): null

2018-06-10 19:31:05 - [TEST_STEP][PASSED] - Statement - product = com.kms.katalon.core.webui.keyword.WebUiBuiltInKeywords.modifyObjectProperty(product, "xpath", "equals", "//*[@id = "fldvendor" + row + ""]", true): Modify property of object successfully

2018-06-10 19:31:05 - [MESSAGE][PASSED] - Modify property of object successfully

2018-06-10 19:31:05 - [TEST_STEP][PASSED] - selectOptionByIndex: All options with index in [1] are selected on object ''

2018-06-10 19:31:06 - [MESSAGE][PASSED] - All options with index in [1] are selected on object ''

2018-06-10 19:31:06 - [TEST_STEP][PASSED] - delay: Delayed 2 second(s)

2018-06-10 19:31:08 - [MESSAGE][PASSED] - Delayed 2 second(s)

2018-06-10 19:31:08 - [TEST_STEP][PASSED] - Statement - batch = new com.kms.katalon.core.testobject.TestObject(): null

2018-06-10 19:31:08 - [TEST_STEP][PASSED] - Statement - batch = com.kms.katalon.core.webui.keyword.WebUiBuiltInKeywords.modifyObjectProperty(batch, "xpath", "equals", "//*[@id = "txtbthqty" + row + ""]", true): Modify property of object successfully

2018-06-10 19:31:08 - [MESSAGE][PASSED] - Modify property of object successfully

2018-06-10 19:31:08 - [TEST_STEP][PASSED] - Statement - batchqty = com.kms.katalon.core.webui.keyword.WebUiBuiltInKeywords.getAttribute(batch, "value").trim(): Attribute 'value' of object '' is: '1900'

2018-06-10 19:31:08 - [MESSAGE][PASSED] - Attribute 'value' of object '' is: '1900'

2018-06-10 19:31:08 - [TEST_STEP][PASSED] - Statement - Rqty = 100: null

2018-06-10 19:31:08 - [TEST_STEP][PASSED] - Statement - out.println("BatchQty : " + batchqty): null

2018-06-10 19:31:08 - [TEST_STEP][PASSED] - Statement - out.println("RQty : " + Rqty): null

2018-06-10 19:31:08 - [TEST_STEP][PASSED] - Statement - If (java.lang.Integer.valueOf(batchqty) >= java.lang.Integer.valueOf(Rqty)): null

2018-06-10 19:31:08 - [TEST_STEP][PASSED] - Statement - Break: null

2018-06-10 19:31:08 - [TEST_STEP][PASSED] - Statement - batchlength = new com.kms.katalon.core.testobject.TestObject(): null

2018-06-10 19:31:08 - [TEST_STEP][PASSED] - Statement - batchlength = com.kms.katalon.core.webui.keyword.WebUiBuiltInKeywords.modifyObjectProperty(batchlength, "xpath", "equals", "//*[@id = "fldvendor" + row + ""]", true): Modify property of object successfully

2018-06-10 19:31:08 - [MESSAGE][PASSED] - Modify property of object successfully

2018-06-10 19:31:08 - [TEST_STEP][PASSED] - Statement - batchsize = com.kms.katalon.core.webui.keyword.WebUiBuiltInKeywords.getNumberOfTotalOption(batchlength): 10 options of object '' counted

2018-06-10 19:31:08 - [MESSAGE][PASSED] - 10 options of object '' counted

2018-06-10 19:31:08 - [TEST_STEP][PASSED] - Statement - out.println("BatchSize : " + batchsize): null

2018-06-10 19:31:08 - [TEST_STEP][PASSED] - Statement - For ([n = 1, n <= batchsize - 1, (n++)]): null

2018-06-10 19:31:08 - [TEST_STEP][PASSED] - Statement - product = new com.kms.katalon.core.testobject.TestObject(): null

2018-06-10 19:31:08 - [TEST_STEP][PASSED] - Statement - product = com.kms.katalon.core.webui.keyword.WebUiBuiltInKeywords.modifyObjectProperty(product, "xpath", "equals", "//*[@id = "fldvendor" + row + ""]", true): Modify property of object successfully

2018-06-10 19:31:08 - [MESSAGE][PASSED] - Modify property of object successfully

2018-06-10 19:31:08 - [TEST_STEP][PASSED] - selectOptionByIndex: All options with index in [1] are selected on object ''

2018-06-10 19:31:08 - [MESSAGE][PASSED] - All options with index in [1] are selected on object ''

2018-06-10 19:31:08 - [TEST_STEP][PASSED] - delay: Delayed 2 second(s)

2018-06-10 19:31:10 - [MESSAGE][PASSED] - Delayed 2 second(s)

2018-06-10 19:31:10 - [TEST_STEP][PASSED] - Statement - batch = new com.kms.katalon.core.testobject.TestObject(): null

2018-06-10 19:31:10 - [TEST_STEP][PASSED] - Statement - batch = com.kms.katalon.core.webui.keyword.WebUiBuiltInKeywords.modifyObjectProperty(batch, "xpath", "equals", "//*[@id = "txtbthqty" + row + ""]", true): Modify property of object successfully

2018-06-10 19:31:10 - [MESSAGE][PASSED] - Modify property of object successfully

2018-06-10 19:31:10 - [TEST_STEP][PASSED] - Statement - batchqty = com.kms.katalon.core.webui.keyword.WebUiBuiltInKeywords.getAttribute(batch, "value").trim(): Attribute 'value' of object '' is: '1900'

2018-06-10 19:31:10 - [MESSAGE][PASSED] - Attribute 'value' of object '' is: '1900'

2018-06-10 19:31:10 - [TEST_STEP][PASSED] - Statement - Rqty = 100: null

2018-06-10 19:31:10 - [TEST_STEP][PASSED] - Statement - out.println("BatchQty : " + batchqty): null

2018-06-10 19:31:10 - [TEST_STEP][PASSED] - Statement - out.println("RQty : " + Rqty): null

2018-06-10 19:31:10 - [TEST_STEP][PASSED] - Statement - If (java.lang.Integer.valueOf(batchqty) >= java.lang.Integer.valueOf(Rqty)): null

2018-06-10 19:31:10 - [TEST_STEP][PASSED] - Statement - Break: null

2018-06-10 19:31:10 - [TEST_STEP][PASSED] - Statement - batchlength = new com.kms.katalon.core.testobject.TestObject(): null

2018-06-10 19:31:10 - [TEST_STEP][PASSED] - Statement - batchlength = com.kms.katalon.core.webui.keyword.WebUiBuiltInKeywords.modifyObjectProperty(batchlength, "xpath", "equals", "//*[@id = "fldvendor" + row + ""]", true): Modify property of object successfully

2018-06-10 19:31:10 - [MESSAGE][PASSED] - Modify property of object successfully

2018-06-10 19:31:10 - [TEST_STEP][PASSED] - Statement - batchsize = com.kms.katalon.core.webui.keyword.WebUiBuiltInKeywords.getNumberOfTotalOption(batchlength): 10 options of object '' counted

2018-06-10 19:31:10 - [MESSAGE][PASSED] - 10 options of object '' counted

2018-06-10 19:31:10 - [TEST_STEP][PASSED] - Statement - out.println("BatchSize : " + batchsize): null

2018-06-10 19:31:10 - [TEST_STEP][PASSED] - Statement - For ([n = 1, n <= batchsize - 1, (n++)]): null

2018-06-10 19:31:10 - [TEST_STEP][PASSED] - Statement - product = new com.kms.katalon.core.testobject.TestObject(): null

2018-06-10 19:31:10 - [TEST_STEP][PASSED] - Statement - product = com.kms.katalon.core.webui.keyword.WebUiBuiltInKeywords.modifyObjectProperty(product, "xpath", "equals", "//*[@id = "fldvendor" + row + ""]", true): Modify property of object successfully

2018-06-10 19:31:10 - [MESSAGE][PASSED] - Modify property of object successfully

2018-06-10 19:31:10 - [TEST_STEP][PASSED] - selectOptionByIndex: All options with index in [1] are selected on object ''

2018-06-10 19:31:10 - [MESSAGE][PASSED] - All options with index in [1] are selected on object ''

2018-06-10 19:31:10 - [TEST_STEP][PASSED] - delay: Delayed 2 second(s)

2018-06-10 19:31:12 - [MESSAGE][PASSED] - Delayed 2 second(s)

2018-06-10 19:31:12 - [TEST_STEP][PASSED] - Statement - batch = new com.kms.katalon.core.testobject.TestObject(): null

2018-06-10 19:31:12 - [TEST_STEP][PASSED] - Statement - batch = com.kms.katalon.core.webui.keyword.WebUiBuiltInKeywords.modifyObjectProperty(batch, "xpath", "equals", "//*[@id = "txtbthqty" + row + ""]", true): Modify property of object successfully

2018-06-10 19:31:12 - [MESSAGE][PASSED] - Modify property of object successfully

2018-06-10 19:31:12 - [TEST_STEP][PASSED] - Statement - batchqty = com.kms.katalon.core.webui.keyword.WebUiBuiltInKeywords.getAttribute(batch, "value").trim(): Attribute 'value' of object '' is: '2800'

2018-06-10 19:31:12 - [MESSAGE][PASSED] - Attribute 'value' of object '' is: '2800'

2018-06-10 19:31:12 - [TEST_STEP][PASSED] - Statement - Rqty = 100: null

2018-06-10 19:31:12 - [TEST_STEP][PASSED] - Statement - out.println("BatchQty : " + batchqty): null

2018-06-10 19:31:12 - [TEST_STEP][PASSED] - Statement - out.println("RQty : " + Rqty): null

2018-06-10 19:31:12 - [TEST_STEP][PASSED] - Statement - If (java.lang.Integer.valueOf(batchqty) >= java.lang.Integer.valueOf(Rqty)): null

2018-06-10 19:31:12 - [TEST_STEP][PASSED] - Statement - Break: null

2018-06-10 19:31:12 - [TEST_STEP][PASSED] - Statement - batchlength = new com.kms.katalon.core.testobject.TestObject(): null

2018-06-10 19:31:12 - [TEST_STEP][PASSED] - Statement - batchlength = com.kms.katalon.core.webui.keyword.WebUiBuiltInKeywords.modifyObjectProperty(batchlength, "xpath", "equals", "//*[@id = "fldvendor" + row + ""]", true): Modify property of object successfully

2018-06-10 19:31:12 - [MESSAGE][PASSED] - Modify property of object successfully

2018-06-10 19:31:12 - [TEST_STEP][PASSED] - Statement - batchsize = com.kms.katalon.core.webui.keyword.WebUiBuiltInKeywords.getNumberOfTotalOption(batchlength): 10 options of object '' counted

2018-06-10 19:31:12 - [MESSAGE][PASSED] - 10 options of object '' counted

2018-06-10 19:31:12 - [TEST_STEP][PASSED] - Statement - out.println("BatchSize : " + batchsize): null

2018-06-10 19:31:12 - [TEST_STEP][PASSED] - Statement - For ([n = 1, n <= batchsize - 1, (n++)]): null

2018-06-10 19:31:12 - [TEST_STEP][PASSED] - Statement - product = new com.kms.katalon.core.testobject.TestObject(): null

2018-06-10 19:31:12 - [TEST_STEP][PASSED] - Statement - product = com.kms.katalon.core.webui.keyword.WebUiBuiltInKeywords.modifyObjectProperty(product, "xpath", "equals", "//*[@id = "fldvendor" + row + ""]", true): Modify property of object successfully

2018-06-10 19:31:12 - [MESSAGE][PASSED] - Modify property of object successfully

2018-06-10 19:31:12 - [TEST_STEP][PASSED] - selectOptionByIndex: All options with index in [1] are selected on object ''

2018-06-10 19:31:12 - [MESSAGE][PASSED] - All options with index in [1] are selected on object ''

2018-06-10 19:31:12 - [TEST_STEP][PASSED] - delay: Delayed 2 second(s)

2018-06-10 19:31:14 - [MESSAGE][PASSED] - Delayed 2 second(s)

2018-06-10 19:31:14 - [TEST_STEP][PASSED] - Statement - batch = new com.kms.katalon.core.testobject.TestObject(): null

2018-06-10 19:31:14 - [TEST_STEP][PASSED] - Statement - batch = com.kms.katalon.core.webui.keyword.WebUiBuiltInKeywords.modifyObjectProperty(batch, "xpath", "equals", "//*[@id = "txtbthqty" + row + ""]", true): Modify property of object successfully

2018-06-10 19:31:14 - [MESSAGE][PASSED] - Modify property of object successfully

2018-06-10 19:31:14 - [TEST_STEP][PASSED] - Statement - batchqty = com.kms.katalon.core.webui.keyword.WebUiBuiltInKeywords.getAttribute(batch, "value").trim(): Attribute 'value' of object '' is: '2800'

2018-06-10 19:31:14 - [MESSAGE][PASSED] - Attribute 'value' of object '' is: '2800'

2018-06-10 19:31:14 - [TEST_STEP][PASSED] - Statement - Rqty = 100: null

2018-06-10 19:31:14 - [TEST_STEP][PASSED] - Statement - out.println("BatchQty : " + batchqty): null

2018-06-10 19:31:14 - [TEST_STEP][PASSED] - Statement - out.println("RQty : " + Rqty): null

2018-06-10 19:31:14 - [TEST_STEP][PASSED] - Statement - If (java.lang.Integer.valueOf(batchqty) >= java.lang.Integer.valueOf(Rqty)): null

2018-06-10 19:31:14 - [TEST_STEP][PASSED] - Statement - Break: null

2018-06-10 19:31:14 - [TEST_STEP][PASSED] - Statement - batchlength = new com.kms.katalon.core.testobject.TestObject(): null

2018-06-10 19:31:14 - [TEST_STEP][PASSED] - Statement - batchlength = com.kms.katalon.core.webui.keyword.WebUiBuiltInKeywords.modifyObjectProperty(batchlength, "xpath", "equals", "//*[@id = "fldvendor" + row + ""]", true): Modify property of object successfully

2018-06-10 19:31:14 - [MESSAGE][PASSED] - Modify property of object successfully

2018-06-10 19:31:14 - [TEST_STEP][PASSED] - Statement - batchsize = com.kms.katalon.core.webui.keyword.WebUiBuiltInKeywords.getNumberOfTotalOption(batchlength): 10 options of object '' counted

2018-06-10 19:31:15 - [MESSAGE][PASSED] - 10 options of object '' counted

2018-06-10 19:31:15 - [TEST_STEP][PASSED] - Statement - out.println("BatchSize : " + batchsize): null

2018-06-10 19:31:15 - [TEST_STEP][PASSED] - Statement - For ([n = 1, n <= batchsize - 1, (n++)]): null

2018-06-10 19:31:15 - [TEST_STEP][PASSED] - Statement - product = new com.kms.katalon.core.testobject.TestObject(): null

2018-06-10 19:31:15 - [TEST_STEP][PASSED] - Statement - product = com.kms.katalon.core.webui.keyword.WebUiBuiltInKeywords.modifyObjectProperty(product, "xpath", "equals", "//*[@id = "fldvendor" + row + ""]", true): Modify property of object successfully

2018-06-10 19:31:15 - [MESSAGE][PASSED] - Modify property of object successfully

2018-06-10 19:31:15 - [TEST_STEP][PASSED] - selectOptionByIndex: All options with index in [1] are selected on object ''

2018-06-10 19:31:15 - [MESSAGE][PASSED] - All options with index in [1] are selected on object ''

2018-06-10 19:31:15 - [TEST_STEP][PASSED] - delay: Delayed 2 second(s)

2018-06-10 19:31:17 - [MESSAGE][PASSED] - Delayed 2 second(s)

2018-06-10 19:31:17 - [TEST_STEP][PASSED] - Statement - batch = new com.kms.katalon.core.testobject.TestObject(): null

2018-06-10 19:31:17 - [TEST_STEP][PASSED] - Statement - batch = com.kms.katalon.core.webui.keyword.WebUiBuiltInKeywords.modifyObjectProperty(batch, "xpath", "equals", "//*[@id = "txtbthqty" + row + ""]", true): Modify property of object successfully

2018-06-10 19:31:17 - [MESSAGE][PASSED] - Modify property of object successfully

2018-06-10 19:31:17 - [TEST_STEP][PASSED] - Statement - batchqty = com.kms.katalon.core.webui.keyword.WebUiBuiltInKeywords.getAttribute(batch, "value").trim(): Attribute 'value' of object '' is: '2800'

2018-06-10 19:31:17 - [MESSAGE][PASSED] - Attribute 'value' of object '' is: '2800'

2018-06-10 19:31:17 - [TEST_STEP][PASSED] - Statement - Rqty = 100: null

2018-06-10 19:31:17 - [TEST_STEP][PASSED] - Statement - out.println("BatchQty : " + batchqty): null

2018-06-10 19:31:17 - [TEST_STEP][PASSED] - Statement - out.println("RQty : " + Rqty): null

2018-06-10 19:31:17 - [TEST_STEP][PASSED] - Statement - If (java.lang.Integer.valueOf(batchqty) >= java.lang.Integer.valueOf(Rqty)): null

2018-06-10 19:31:17 - [TEST_STEP][PASSED] - Statement - Break: null

2018-06-10 19:31:17 - [TEST_STEP][PASSED] - Statement - batchlength = new com.kms.katalon.core.testobject.TestObject(): null

2018-06-10 19:31:17 - [TEST_STEP][PASSED] - Statement - batchlength = com.kms.katalon.core.webui.keyword.WebUiBuiltInKeywords.modifyObjectProperty(batchlength, "xpath", "equals", "//*[@id = "fldvendor" + row + ""]", true): Modify property of object successfully

2018-06-10 19:31:17 - [MESSAGE][PASSED] - Modify property of object successfully

2018-06-10 19:31:17 - [TEST_STEP][PASSED] - Statement - batchsize = com.kms.katalon.core.webui.keyword.WebUiBuiltInKeywords.getNumberOfTotalOption(batchlength): 10 options of object '' counted

2018-06-10 19:31:17 - [MESSAGE][PASSED] - 10 options of object '' counted

2018-06-10 19:31:17 - [TEST_STEP][PASSED] - Statement - out.println("BatchSize : " + batchsize): null

2018-06-10 19:31:17 - [TEST_STEP][PASSED] - Statement - For ([n = 1, n <= batchsize - 1, (n++)]): null

2018-06-10 19:31:17 - [TEST_STEP][PASSED] - Statement - product = new com.kms.katalon.core.testobject.TestObject(): null

2018-06-10 19:31:17 - [TEST_STEP][PASSED] - Statement - product = com.kms.katalon.core.webui.keyword.WebUiBuiltInKeywords.modifyObjectProperty(product, "xpath", "equals", "//*[@id = "fldvendor" + row + ""]", true): Modify property of object successfully

2018-06-10 19:31:17 - [MESSAGE][PASSED] - Modify property of object successfully

2018-06-10 19:31:17 - [TEST_STEP][PASSED] - selectOptionByIndex: All options with index in [1] are selected on object ''

2018-06-10 19:31:17 - [MESSAGE][PASSED] - All options with index in [1] are selected on object ''

2018-06-10 19:31:17 - [TEST_STEP][PASSED] - delay: Delayed 2 second(s)

2018-06-10 19:31:19 - [MESSAGE][PASSED] - Delayed 2 second(s)

2018-06-10 19:31:19 - [TEST_STEP][PASSED] - Statement - batch = new com.kms.katalon.core.testobject.TestObject(): null

2018-06-10 19:31:19 - [TEST_STEP][PASSED] - Statement - batch = com.kms.katalon.core.webui.keyword.WebUiBuiltInKeywords.modifyObjectProperty(batch, "xpath", "equals", "//*[@id = "txtbthqty" + row + ""]", true): Modify property of object successfully

2018-06-10 19:31:19 - [MESSAGE][PASSED] - Modify property of object successfully

2018-06-10 19:31:19 - [TEST_STEP][PASSED] - Statement - batchqty = com.kms.katalon.core.webui.keyword.WebUiBuiltInKeywords.getAttribute(batch, "value").trim(): Attribute 'value' of object '' is: '1900'

2018-06-10 19:31:19 - [MESSAGE][PASSED] - Attribute 'value' of object '' is: '1900'

2018-06-10 19:31:19 - [TEST_STEP][PASSED] - Statement - Rqty = 100: null

2018-06-10 19:31:19 - [TEST_STEP][PASSED] - Statement - out.println("BatchQty : " + batchqty): null

2018-06-10 19:31:19 - [TEST_STEP][PASSED] - Statement - out.println("RQty : " + Rqty): null

2018-06-10 19:31:19 - [TEST_STEP][PASSED] - Statement - If (java.lang.Integer.valueOf(batchqty) >= java.lang.Integer.valueOf(Rqty)): null

2018-06-10 19:31:19 - [TEST_STEP][PASSED] - Statement - Break: null

2018-06-10 19:31:19 - [TEST_STEP][PASSED] - Statement - batchlength = new com.kms.katalon.core.testobject.TestObject(): null

2018-06-10 19:31:19 - [TEST_STEP][PASSED] - Statement - batchlength = com.kms.katalon.core.webui.keyword.WebUiBuiltInKeywords.modifyObjectProperty(batchlength, "xpath", "equals", "//*[@id = "fldvendor" + row + ""]", true): Modify property of object successfully

2018-06-10 19:31:19 - [MESSAGE][PASSED] - Modify property of object successfully

2018-06-10 19:31:19 - [TEST_STEP][PASSED] - Statement - batchsize = com.kms.katalon.core.webui.keyword.WebUiBuiltInKeywords.getNumberOfTotalOption(batchlength): 10 options of object '' counted

2018-06-10 19:31:19 - [MESSAGE][PASSED] - 10 options of object '' counted

2018-06-10 19:31:19 - [TEST_STEP][PASSED] - Statement - out.println("BatchSize : " + batchsize): null

2018-06-10 19:31:19 - [TEST_STEP][PASSED] - Statement - For ([n = 1, n <= batchsize - 1, (n++)]): null

2018-06-10 19:31:19 - [TEST_STEP][PASSED] - Statement - product = new com.kms.katalon.core.testobject.TestObject(): null

2018-06-10 19:31:19 - [TEST_STEP][PASSED] - Statement - product = com.kms.katalon.core.webui.keyword.WebUiBuiltInKeywords.modifyObjectProperty(product, "xpath", "equals", "//*[@id = "fldvendor" + row + ""]", true): Modify property of object successfully

2018-06-10 19:31:19 - [MESSAGE][PASSED] - Modify property of object successfully

2018-06-10 19:31:19 - [TEST_STEP][PASSED] - selectOptionByIndex: All options with index in [1] are selected on object ''

2018-06-10 19:31:19 - [MESSAGE][PASSED] - All options with index in [1] are selected on object ''

2018-06-10 19:31:19 - [TEST_STEP][PASSED] - delay: Delayed 2 second(s)

2018-06-10 19:31:21 - [MESSAGE][PASSED] - Delayed 2 second(s)

2018-06-10 19:31:21 - [TEST_STEP][PASSED] - Statement - batch = new com.kms.katalon.core.testobject.TestObject(): null

2018-06-10 19:31:21 - [TEST_STEP][PASSED] - Statement - batch = com.kms.katalon.core.webui.keyword.WebUiBuiltInKeywords.modifyObjectProperty(batch, "xpath", "equals", "//*[@id = "txtbthqty" + row + ""]", true): Modify property of object successfully

2018-06-10 19:31:21 - [MESSAGE][PASSED] - Modify property of object successfully

2018-06-10 19:31:21 - [TEST_STEP][PASSED] - Statement - batchqty = com.kms.katalon.core.webui.keyword.WebUiBuiltInKeywords.getAttribute(batch, "value").trim(): Attribute 'value' of object '' is: '900'

2018-06-10 19:31:21 - [MESSAGE][PASSED] - Attribute 'value' of object '' is: '900'

2018-06-10 19:31:21 - [TEST_STEP][PASSED] - Statement - Rqty = 100: null

2018-06-10 19:31:21 - [TEST_STEP][PASSED] - Statement - out.println("BatchQty : " + batchqty): null

2018-06-10 19:31:21 - [TEST_STEP][PASSED] - Statement - out.println("RQty : " + Rqty): null

2018-06-10 19:31:21 - [TEST_STEP][PASSED] - Statement - If (java.lang.Integer.valueOf(batchqty) >= java.lang.Integer.valueOf(Rqty)): null

2018-06-10 19:31:21 - [TEST_STEP][PASSED] - Statement - Break: null

2018-06-10 19:31:21 - [TEST_STEP][PASSED] - Statement - batchlength = new com.kms.katalon.core.testobject.TestObject(): null

2018-06-10 19:31:21 - [TEST_STEP][PASSED] - Statement - batchlength = com.kms.katalon.core.webui.keyword.WebUiBuiltInKeywords.modifyObjectProperty(batchlength, "xpath", "equals", "//*[@id = "fldvendor" + row + ""]", true): Modify property of object successfully

2018-06-10 19:31:21 - [MESSAGE][PASSED] - Modify property of object successfully

2018-06-10 19:31:21 - [TEST_STEP][PASSED] - Statement - batchsize = com.kms.katalon.core.webui.keyword.WebUiBuiltInKeywords.getNumberOfTotalOption(batchlength): 10 options of object '' counted

2018-06-10 19:31:21 - [MESSAGE][PASSED] - 10 options of object '' counted

2018-06-10 19:31:21 - [TEST_STEP][PASSED] - Statement - out.println("BatchSize : " + batchsize): null

2018-06-10 19:31:21 - [TEST_STEP][PASSED] - Statement - For ([n = 1, n <= batchsize - 1, (n++)]): null

2018-06-10 19:31:21 - [TEST_STEP][PASSED] - Statement - product = new com.kms.katalon.core.testobject.TestObject(): null

2018-06-10 19:31:21 - [TEST_STEP][PASSED] - Statement - product = com.kms.katalon.core.webui.keyword.WebUiBuiltInKeywords.modifyObjectProperty(product, "xpath", "equals", "//*[@id = "fldvendor" + row + ""]", true): Modify property of object successfully

2018-06-10 19:31:21 - [MESSAGE][PASSED] - Modify property of object successfully

2018-06-10 19:31:21 - [TEST_STEP][PASSED] - selectOptionByIndex: All options with index in [1] are selected on object ''

2018-06-10 19:31:21 - [MESSAGE][PASSED] - All options with index in [1] are selected on object ''

2018-06-10 19:31:21 - [TEST_STEP][PASSED] - delay: Delayed 2 second(s)

2018-06-10 19:31:23 - [MESSAGE][PASSED] - Delayed 2 second(s)

2018-06-10 19:31:23 - [TEST_STEP][PASSED] - Statement - batch = new com.kms.katalon.core.testobject.TestObject(): null

2018-06-10 19:31:23 - [TEST_STEP][PASSED] - Statement - batch = com.kms.katalon.core.webui.keyword.WebUiBuiltInKeywords.modifyObjectProperty(batch, "xpath", "equals", "//*[@id = "txtbthqty" + row + ""]", true): Modify property of object successfully

2018-06-10 19:31:24 - [MESSAGE][PASSED] - Modify property of object successfully

2018-06-10 19:31:24 - [TEST_STEP][PASSED] - Statement - batchqty = com.kms.katalon.core.webui.keyword.WebUiBuiltInKeywords.getAttribute(batch, "value").trim(): Attribute 'value' of object '' is: '900'

2018-06-10 19:31:24 - [MESSAGE][PASSED] - Attribute 'value' of object '' is: '900'

2018-06-10 19:31:24 - [TEST_STEP][PASSED] - Statement - Rqty = 100: null

2018-06-10 19:31:24 - [TEST_STEP][PASSED] - Statement - out.println("BatchQty : " + batchqty): null

2018-06-10 19:31:24 - [TEST_STEP][PASSED] - Statement - out.println("RQty : " + Rqty): null

2018-06-10 19:31:24 - [TEST_STEP][PASSED] - Statement - If (java.lang.Integer.valueOf(batchqty) >= java.lang.Integer.valueOf(Rqty)): null

2018-06-10 19:31:24 - [TEST_STEP][PASSED] - Statement - Break: null

2018-06-10 19:31:24 - [TEST_STEP][PASSED] - Statement - batchlength = new com.kms.katalon.core.testobject.TestObject(): null

2018-06-10 19:31:24 - [TEST_STEP][PASSED] - Statement - batchlength = com.kms.katalon.core.webui.keyword.WebUiBuiltInKeywords.modifyObjectProperty(batchlength, "xpath", "equals", "//*[@id = "fldvendor" + row + ""]", true): Modify property of object successfully

2018-06-10 19:31:24 - [MESSAGE][PASSED] - Modify property of object successfully

2018-06-10 19:31:24 - [TEST_STEP][PASSED] - Statement - batchsize = com.kms.katalon.core.webui.keyword.WebUiBuiltInKeywords.getNumberOfTotalOption(batchlength): 10 options of object '' counted

2018-06-10 19:31:24 - [MESSAGE][PASSED] - 10 options of object '' counted

2018-06-10 19:31:24 - [TEST_STEP][PASSED] - Statement - out.println("BatchSize : " + batchsize): null

2018-06-10 19:31:24 - [TEST_STEP][PASSED] - Statement - For ([n = 1, n <= batchsize - 1, (n++)]): null

2018-06-10 19:31:24 - [TEST_STEP][PASSED] - Statement - product = new com.kms.katalon.core.testobject.TestObject(): null

2018-06-10 19:31:24 - [TEST_STEP][PASSED] - Statement - product = com.kms.katalon.core.webui.keyword.WebUiBuiltInKeywords.modifyObjectProperty(product, "xpath", "equals", "//*[@id = "fldvendor" + row + ""]", true): Modify property of object successfully

2018-06-10 19:31:24 - [MESSAGE][PASSED] - Modify property of object successfully

2018-06-10 19:31:24 - [TEST_STEP][PASSED] - selectOptionByIndex: All options with index in [1] are selected on object ''

2018-06-10 19:31:24 - [MESSAGE][PASSED] - All options with index in [1] are selected on object ''

2018-06-10 19:31:24 - [TEST_STEP][PASSED] - delay: Delayed 2 second(s)

2018-06-10 19:31:26 - [MESSAGE][PASSED] - Delayed 2 second(s)

2018-06-10 19:31:26 - [TEST_STEP][PASSED] - Statement - batch = new com.kms.katalon.core.testobject.TestObject(): null

2018-06-10 19:31:26 - [TEST_STEP][PASSED] - Statement - batch = com.kms.katalon.core.webui.keyword.WebUiBuiltInKeywords.modifyObjectProperty(batch, "xpath", "equals", "//*[@id = "txtbthqty" + row + ""]", true): Modify property of object successfully

2018-06-10 19:31:26 - [MESSAGE][PASSED] - Modify property of object successfully

2018-06-10 19:31:26 - [TEST_STEP][PASSED] - Statement - batchqty = com.kms.katalon.core.webui.keyword.WebUiBuiltInKeywords.getAttribute(batch, "value").trim(): Attribute 'value' of object '' is: '900'

2018-06-10 19:31:26 - [MESSAGE][PASSED] - Attribute 'value' of object '' is: '900'

2018-06-10 19:31:26 - [TEST_STEP][PASSED] - Statement - Rqty = 100: null

2018-06-10 19:31:26 - [TEST_STEP][PASSED] - Statement - out.println("BatchQty : " + batchqty): null

2018-06-10 19:31:26 - [TEST_STEP][PASSED] - Statement - out.println("RQty : " + Rqty): null

2018-06-10 19:31:26 - [TEST_STEP][PASSED] - Statement - If (java.lang.Integer.valueOf(batchqty) >= java.lang.Integer.valueOf(Rqty)): null

2018-06-10 19:31:26 - [TEST_STEP][PASSED] - Statement - Break: null

2018-06-10 19:31:26 - [TEST_STEP][PASSED] - Statement - batchlength = new com.kms.katalon.core.testobject.TestObject(): null

2018-06-10 19:31:26 - [TEST_STEP][PASSED] - Statement - batchlength = com.kms.katalon.core.webui.keyword.WebUiBuiltInKeywords.modifyObjectProperty(batchlength, "xpath", "equals", "//*[@id = "fldvendor" + row + ""]", true): Modify property of object successfully

2018-06-10 19:31:26 - [MESSAGE][PASSED] - Modify property of object successfully

2018-06-10 19:31:26 - [TEST_STEP][PASSED] - Statement - batchsize = com.kms.katalon.core.webui.keyword.WebUiBuiltInKeywords.getNumberOfTotalOption(batchlength): 10 options of object '' counted

2018-06-10 19:31:26 - [MESSAGE][PASSED] - 10 options of object '' counted

2018-06-10 19:31:26 - [TEST_STEP][PASSED] - Statement - out.println("BatchSize : " + batchsize): null

2018-06-10 19:31:26 - [TEST_STEP][PASSED] - Statement - For ([n = 1, n <= batchsize - 1, (n++)]): null

2018-06-10 19:31:26 - [TEST_STEP][PASSED] - Statement - product = new com.kms.katalon.core.testobject.TestObject(): null

2018-06-10 19:31:26 - [TEST_STEP][PASSED] - Statement - product = com.kms.katalon.core.webui.keyword.WebUiBuiltInKeywords.modifyObjectProperty(product, "xpath", "equals", "//*[@id = "fldvendor" + row + ""]", true): Modify property of object successfully

2018-06-10 19:31:26 - [MESSAGE][PASSED] - Modify property of object successfully

2018-06-10 19:31:26 - [TEST_STEP][PASSED] - selectOptionByIndex: All options with index in [1] are selected on object ''

2018-06-10 19:31:26 - [MESSAGE][PASSED] - All options with index in [1] are selected on object ''

2018-06-10 19:31:26 - [TEST_STEP][PASSED] - delay: Delayed 2 second(s)

2018-06-10 19:31:28 - [MESSAGE][PASSED] - Delayed 2 second(s)

2018-06-10 19:31:28 - [TEST_STEP][PASSED] - Statement - batch = new com.kms.katalon.core.testobject.TestObject(): null

2018-06-10 19:31:28 - [TEST_STEP][PASSED] - Statement - batch = com.kms.katalon.core.webui.keyword.WebUiBuiltInKeywords.modifyObjectProperty(batch, "xpath", "equals", "//*[@id = "txtbthqty" + row + ""]", true): Modify property of object successfully

2018-06-10 19:31:28 - [MESSAGE][PASSED] - Modify property of object successfully

2018-06-10 19:31:28 - [TEST_STEP][PASSED] - Statement - batchqty = com.kms.katalon.core.webui.keyword.WebUiBuiltInKeywords.getAttribute(batch, "value").trim(): Attribute 'value' of object '' is: '1900'

2018-06-10 19:31:28 - [MESSAGE][PASSED] - Attribute 'value' of object '' is: '1900'

2018-06-10 19:31:28 - [TEST_STEP][PASSED] - Statement - Rqty = 100: null

2018-06-10 19:31:28 - [TEST_STEP][PASSED] - Statement - out.println("BatchQty : " + batchqty): null

2018-06-10 19:31:28 - [TEST_STEP][PASSED] - Statement - out.println("RQty : " + Rqty): null

2018-06-10 19:31:28 - [TEST_STEP][PASSED] - Statement - If (java.lang.Integer.valueOf(batchqty) >= java.lang.Integer.valueOf(Rqty)): null

2018-06-10 19:31:28 - [TEST_STEP][PASSED] - Statement - Break: null

2018-06-10 19:31:28 - [TEST_STEP][PASSED] - Statement - batchlength = new com.kms.katalon.core.testobject.TestObject(): null

2018-06-10 19:31:28 - [TEST_STEP][PASSED] - Statement - batchlength = com.kms.katalon.core.webui.keyword.WebUiBuiltInKeywords.modifyObjectProperty(batchlength, "xpath", "equals", "//*[@id = "fldvendor" + row + ""]", true): Modify property of object successfully

2018-06-10 19:31:28 - [MESSAGE][PASSED] - Modify property of object successfully

2018-06-10 19:31:28 - [TEST_STEP][PASSED] - Statement - batchsize = com.kms.katalon.core.webui.keyword.WebUiBuiltInKeywords.getNumberOfTotalOption(batchlength): 10 options of object '' counted

2018-06-10 19:31:28 - [MESSAGE][PASSED] - 10 options of object '' counted

2018-06-10 19:31:28 - [TEST_STEP][PASSED] - Statement - out.println("BatchSize : " + batchsize): null

2018-06-10 19:31:28 - [TEST_STEP][PASSED] - Statement - For ([n = 1, n <= batchsize - 1, (n++)]): null

2018-06-10 19:31:28 - [TEST_STEP][PASSED] - Statement - product = new com.kms.katalon.core.testobject.TestObject(): null

2018-06-10 19:31:28 - [TEST_STEP][PASSED] - Statement - product = com.kms.katalon.core.webui.keyword.WebUiBuiltInKeywords.modifyObjectProperty(product, "xpath", "equals", "//*[@id = "fldvendor" + row + ""]", true): Modify property of object successfully

2018-06-10 19:31:28 - [MESSAGE][PASSED] - Modify property of object successfully

2018-06-10 19:31:28 - [TEST_STEP][PASSED] - selectOptionByIndex: All options with index in [1] are selected on object ''

2018-06-10 19:31:28 - [MESSAGE][PASSED] - All options with index in [1] are selected on object ''

2018-06-10 19:31:28 - [TEST_STEP][PASSED] - delay: Delayed 2 second(s)

2018-06-10 19:31:30 - [MESSAGE][PASSED] - Delayed 2 second(s)

2018-06-10 19:31:30 - [TEST_STEP][PASSED] - Statement - batch = new com.kms.katalon.core.testobject.TestObject(): null

2018-06-10 19:31:30 - [TEST_STEP][PASSED] - Statement - batch = com.kms.katalon.core.webui.keyword.WebUiBuiltInKeywords.modifyObjectProperty(batch, "xpath", "equals", "//*[@id = "txtbthqty" + row + ""]", true): Modify property of object successfully

2018-06-10 19:31:30 - [MESSAGE][PASSED] - Modify property of object successfully

2018-06-10 19:31:30 - [TEST_STEP][PASSED] - Statement - batchqty = com.kms.katalon.core.webui.keyword.WebUiBuiltInKeywords.getAttribute(batch, "value").trim(): Attribute 'value' of object '' is: '4000'

2018-06-10 19:31:30 - [MESSAGE][PASSED] - Attribute 'value' of object '' is: '4000'

2018-06-10 19:31:30 - [TEST_STEP][PASSED] - Statement - Rqty = 100: null

2018-06-10 19:31:30 - [TEST_STEP][PASSED] - Statement - out.println("BatchQty : " + batchqty): null

2018-06-10 19:31:30 - [TEST_STEP][PASSED] - Statement - out.println("RQty : " + Rqty): null

2018-06-10 19:31:30 - [TEST_STEP][PASSED] - Statement - If (java.lang.Integer.valueOf(batchqty) >= java.lang.Integer.valueOf(Rqty)): null

2018-06-10 19:31:30 - [TEST_STEP][PASSED] - Statement - Break: null

2018-06-10 19:31:30 - [TEST_STEP][PASSED] - Statement - batchlength = new com.kms.katalon.core.testobject.TestObject(): null

2018-06-10 19:31:30 - [TEST_STEP][PASSED] - Statement - batchlength = com.kms.katalon.core.webui.keyword.WebUiBuiltInKeywords.modifyObjectProperty(batchlength, "xpath", "equals", "//*[@id = "fldvendor" + row + ""]", true): Modify property of object successfully

2018-06-10 19:31:30 - [MESSAGE][PASSED] - Modify property of object successfully

2018-06-10 19:31:30 - [TEST_STEP][PASSED] - Statement - batchsize = com.kms.katalon.core.webui.keyword.WebUiBuiltInKeywords.getNumberOfTotalOption(batchlength): 10 options of object '' counted

2018-06-10 19:31:30 - [MESSAGE][PASSED] - 10 options of object '' counted

2018-06-10 19:31:30 - [TEST_STEP][PASSED] - Statement - out.println("BatchSize : " + batchsize): null

2018-06-10 19:31:30 - [TEST_STEP][PASSED] - Statement - For ([n = 1, n <= batchsize - 1, (n++)]): null

2018-06-10 19:31:30 - [TEST_STEP][PASSED] - Statement - product = new com.kms.katalon.core.testobject.TestObject(): null

2018-06-10 19:31:30 - [TEST_STEP][PASSED] - Statement - product = com.kms.katalon.core.webui.keyword.WebUiBuiltInKeywords.modifyObjectProperty(product, "xpath", "equals", "//*[@id = "fldvendor" + row + ""]", true): Modify property of object successfully

2018-06-10 19:31:30 - [MESSAGE][PASSED] - Modify property of object successfully

2018-06-10 19:31:30 - [TEST_STEP][PASSED] - selectOptionByIndex: All options with index in [1] are selected on object ''

2018-06-10 19:31:31 - [MESSAGE][PASSED] - All options with index in [1] are selected on object ''

2018-06-10 19:31:31 - [TEST_STEP][PASSED] - delay: Delayed 2 second(s)

2018-06-10 19:31:33 - [MESSAGE][PASSED] - Delayed 2 second(s)

2018-06-10 19:31:33 - [TEST_STEP][PASSED] - Statement - batch = new com.kms.katalon.core.testobject.TestObject(): null

2018-06-10 19:31:33 - [TEST_STEP][PASSED] - Statement - batch = com.kms.katalon.core.webui.keyword.WebUiBuiltInKeywords.modifyObjectProperty(batch, "xpath", "equals", "//*[@id = "txtbthqty" + row + ""]", true): Modify property of object successfully

2018-06-10 19:31:33 - [MESSAGE][PASSED] - Modify property of object successfully

2018-06-10 19:31:33 - [TEST_STEP][PASSED] - Statement - batchqty = com.kms.katalon.core.webui.keyword.WebUiBuiltInKeywords.getAttribute(batch, "value").trim(): Attribute 'value' of object '' is: '1900'

2018-06-10 19:31:33 - [MESSAGE][PASSED] - Attribute 'value' of object '' is: '1900'

2018-06-10 19:31:33 - [TEST_STEP][PASSED] - Statement - Rqty = 100: null

2018-06-10 19:31:33 - [TEST_STEP][PASSED] - Statement - out.println("BatchQty : " + batchqty): null

2018-06-10 19:31:33 - [TEST_STEP][PASSED] - Statement - out.println("RQty : " + Rqty): null

2018-06-10 19:31:33 - [TEST_STEP][PASSED] - Statement - If (java.lang.Integer.valueOf(batchqty) >= java.lang.Integer.valueOf(Rqty)): null

2018-06-10 19:31:33 - [TEST_STEP][PASSED] - Statement - Break: null

2018-06-10 19:31:33 - [TEST_STEP][PASSED] - Statement - batchlength = new com.kms.katalon.core.testobject.TestObject(): null

2018-06-10 19:31:33 - [TEST_STEP][PASSED] - Statement - batchlength = com.kms.katalon.core.webui.keyword.WebUiBuiltInKeywords.modifyObjectProperty(batchlength, "xpath", "equals", "//*[@id = "fldvendor" + row + ""]", true): Modify property of object successfully

2018-06-10 19:31:33 - [MESSAGE][PASSED] - Modify property of object successfully

2018-06-10 19:31:33 - [TEST_STEP][PASSED] - Statement - batchsize = com.kms.katalon.core.webui.keyword.WebUiBuiltInKeywords.getNumberOfTotalOption(batchlength): 10 options of object '' counted

2018-06-10 19:31:33 - [MESSAGE][PASSED] - 10 options of object '' counted

2018-06-10 19:31:33 - [TEST_STEP][PASSED] - Statement - out.println("BatchSize : " + batchsize): null

2018-06-10 19:31:33 - [TEST_STEP][PASSED] - Statement - For ([n = 1, n <= batchsize - 1, (n++)]): null

2018-06-10 19:31:33 - [TEST_STEP][PASSED] - Statement - product = new com.kms.katalon.core.testobject.TestObject(): null

2018-06-10 19:31:33 - [TEST_STEP][PASSED] - Statement - product = com.kms.katalon.core.webui.keyword.WebUiBuiltInKeywords.modifyObjectProperty(product, "xpath", "equals", "//*[@id = "fldvendor" + row + ""]", true): Modify property of object successfully

2018-06-10 19:31:33 - [MESSAGE][PASSED] - Modify property of object successfully

2018-06-10 19:31:33 - [TEST_STEP][PASSED] - selectOptionByIndex: All options with index in [1] are selected on object ''

2018-06-10 19:31:33 - [MESSAGE][PASSED] - All options with index in [1] are selected on object ''

2018-06-10 19:31:33 - [TEST_STEP][PASSED] - delay: Delayed 2 second(s)

2018-06-10 19:31:35 - [MESSAGE][PASSED] - Delayed 2 second(s)

2018-06-10 19:31:35 - [TEST_STEP][PASSED] - Statement - batch = new com.kms.katalon.core.testobject.TestObject(): null

2018-06-10 19:31:35 - [TEST_STEP][PASSED] - Statement - batch = com.kms.katalon.core.webui.keyword.WebUiBuiltInKeywords.modifyObjectProperty(batch, "xpath", "equals", "//*[@id = "txtbthqty" + row + ""]", true): Modify property of object successfully

2018-06-10 19:31:35 - [MESSAGE][PASSED] - Modify property of object successfully

2018-06-10 19:31:35 - [TEST_STEP][PASSED] - Statement - batchqty = com.kms.katalon.core.webui.keyword.WebUiBuiltInKeywords.getAttribute(batch, "value").trim(): Attribute 'value' of object '' is: '3700'

2018-06-10 19:31:35 - [MESSAGE][PASSED] - Attribute 'value' of object '' is: '3700'

2018-06-10 19:31:35 - [TEST_STEP][PASSED] - Statement - Rqty = 100: null

2018-06-10 19:31:35 - [TEST_STEP][PASSED] - Statement - out.println("BatchQty : " + batchqty): null

2018-06-10 19:31:35 - [TEST_STEP][PASSED] - Statement - out.println("RQty : " + Rqty): null

2018-06-10 19:31:35 - [TEST_STEP][PASSED] - Statement - If (java.lang.Integer.valueOf(batchqty) >= java.lang.Integer.valueOf(Rqty)): null

2018-06-10 19:31:35 - [TEST_STEP][PASSED] - Statement - Break: null

2018-06-10 19:31:35 - [TEST_STEP][PASSED] - Statement - batchlength = new com.kms.katalon.core.testobject.TestObject(): null

2018-06-10 19:31:35 - [TEST_STEP][PASSED] - Statement - batchlength = com.kms.katalon.core.webui.keyword.WebUiBuiltInKeywords.modifyObjectProperty(batchlength, "xpath", "equals", "//*[@id = "fldvendor" + row + ""]", true): Modify property of object successfully

2018-06-10 19:31:35 - [MESSAGE][PASSED] - Modify property of object successfully

2018-06-10 19:31:35 - [TEST_STEP][PASSED] - Statement - batchsize = com.kms.katalon.core.webui.keyword.WebUiBuiltInKeywords.getNumberOfTotalOption(batchlength): 10 options of object '' counted

2018-06-10 19:31:35 - [MESSAGE][PASSED] - 10 options of object '' counted

2018-06-10 19:31:35 - [TEST_STEP][PASSED] - Statement - out.println("BatchSize : " + batchsize): null

2018-06-10 19:31:35 - [TEST_STEP][PASSED] - Statement - For ([n = 1, n <= batchsize - 1, (n++)]): null

2018-06-10 19:31:35 - [TEST_STEP][PASSED] - Statement - product = new com.kms.katalon.core.testobject.TestObject(): null

2018-06-10 19:31:35 - [TEST_STEP][PASSED] - Statement - product = com.kms.katalon.core.webui.keyword.WebUiBuiltInKeywords.modifyObjectProperty(product, "xpath", "equals", "//*[@id = "fldvendor" + row + ""]", true): Modify property of object successfully

2018-06-10 19:31:35 - [MESSAGE][PASSED] - Modify property of object successfully

2018-06-10 19:31:35 - [TEST_STEP][PASSED] - selectOptionByIndex: All options with index in [1] are selected on object ''

2018-06-10 19:31:35 - [MESSAGE][PASSED] - All options with index in [1] are selected on object ''

2018-06-10 19:31:35 - [TEST_STEP][PASSED] - delay: Delayed 2 second(s)

2018-06-10 19:31:37 - [MESSAGE][PASSED] - Delayed 2 second(s)

2018-06-10 19:31:37 - [TEST_STEP][PASSED] - Statement - batch = new com.kms.katalon.core.testobject.TestObject(): null

2018-06-10 19:31:37 - [TEST_STEP][PASSED] - Statement - batch = com.kms.katalon.core.webui.keyword.WebUiBuiltInKeywords.modifyObjectProperty(batch, "xpath", "equals", "//*[@id = "txtbthqty" + row + ""]", true): Modify property of object successfully

2018-06-10 19:31:37 - [MESSAGE][PASSED] - Modify property of object successfully

2018-06-10 19:31:37 - [TEST_STEP][PASSED] - Statement - batchqty = com.kms.katalon.core.webui.keyword.WebUiBuiltInKeywords.getAttribute(batch, "value").trim(): Attribute 'value' of object '' is: '4000'

2018-06-10 19:31:37 - [MESSAGE][PASSED] - Attribute 'value' of object '' is: '4000'

2018-06-10 19:31:37 - [TEST_STEP][PASSED] - Statement - Rqty = 100: null

2018-06-10 19:31:37 - [TEST_STEP][PASSED] - Statement - out.println("BatchQty : " + batchqty): null

2018-06-10 19:31:37 - [TEST_STEP][PASSED] - Statement - out.println("RQty : " + Rqty): null

2018-06-10 19:31:37 - [TEST_STEP][PASSED] - Statement - If (java.lang.Integer.valueOf(batchqty) >= java.lang.Integer.valueOf(Rqty)): null

2018-06-10 19:31:37 - [TEST_STEP][PASSED] - Statement - Break: null

2018-06-10 19:31:37 - [TEST_STEP][PASSED] - Statement - batchlength = new com.kms.katalon.core.testobject.TestObject(): null

2018-06-10 19:31:37 - [TEST_STEP][PASSED] - Statement - batchlength = com.kms.katalon.core.webui.keyword.WebUiBuiltInKeywords.modifyObjectProperty(batchlength, "xpath", "equals", "//*[@id = "fldvendor" + row + ""]", true): Modify property of object successfully

2018-06-10 19:31:37 - [MESSAGE][PASSED] - Modify property of object successfully

2018-06-10 19:31:37 - [TEST_STEP][PASSED] - Statement - batchsize = com.kms.katalon.core.webui.keyword.WebUiBuiltInKeywords.getNumberOfTotalOption(batchlength): 10 options of object '' counted

2018-06-10 19:31:37 - [MESSAGE][PASSED] - 10 options of object '' counted

2018-06-10 19:31:37 - [TEST_STEP][PASSED] - Statement - out.println("BatchSize : " + batchsize): null

2018-06-10 19:31:37 - [TEST_STEP][PASSED] - Statement - For ([n = 1, n <= batchsize - 1, (n++)]): null

2018-06-10 19:31:37 - [TEST_STEP][PASSED] - Statement - product = new com.kms.katalon.core.testobject.TestObject(): null

2018-06-10 19:31:37 - [TEST_STEP][PASSED] - Statement - product = com.kms.katalon.core.webui.keyword.WebUiBuiltInKeywords.modifyObjectProperty(product, "xpath", "equals", "//*[@id = "fldvendor" + row + ""]", true): Modify property of object successfully

2018-06-10 19:31:37 - [MESSAGE][PASSED] - Modify property of object successfully

2018-06-10 19:31:37 - [TEST_STEP][PASSED] - selectOptionByIndex: All options with index in [1] are selected on object ''

2018-06-10 19:31:37 - [MESSAGE][PASSED] - All options with index in [1] are selected on object ''

2018-06-10 19:31:37 - [TEST_STEP][PASSED] - delay: Delayed 2 second(s)

2018-06-10 19:31:39 - [MESSAGE][PASSED] - Delayed 2 second(s)

2018-06-10 19:31:39 - [TEST_STEP][PASSED] - Statement - batch = new com.kms.katalon.core.testobject.TestObject(): null

2018-06-10 19:31:39 - [TEST_STEP][PASSED] - Statement - batch = com.kms.katalon.core.webui.keyword.WebUiBuiltInKeywords.modifyObjectProperty(batch, "xpath", "equals", "//*[@id = "txtbthqty" + row + ""]", true): Modify property of object successfully

2018-06-10 19:31:39 - [MESSAGE][PASSED] - Modify property of object successfully

2018-06-10 19:31:39 - [TEST_STEP][PASSED] - Statement - batchqty = com.kms.katalon.core.webui.keyword.WebUiBuiltInKeywords.getAttribute(batch, "value").trim(): Attribute 'value' of object '' is: '2300'

2018-06-10 19:31:40 - [MESSAGE][PASSED] - Attribute 'value' of object '' is: '2300'

2018-06-10 19:31:40 - [TEST_STEP][PASSED] - Statement - Rqty = 100: null

2018-06-10 19:31:40 - [TEST_STEP][PASSED] - Statement - out.println("BatchQty : " + batchqty): null

2018-06-10 19:31:40 - [TEST_STEP][PASSED] - Statement - out.println("RQty : " + Rqty): null

2018-06-10 19:31:40 - [TEST_STEP][PASSED] - Statement - If (java.lang.Integer.valueOf(batchqty) >= java.lang.Integer.valueOf(Rqty)): null

2018-06-10 19:31:40 - [TEST_STEP][PASSED] - Statement - Break: null

2018-06-10 19:31:40 - [TEST_STEP][PASSED] - Statement - batchlength = new com.kms.katalon.core.testobject.TestObject(): null

2018-06-10 19:31:40 - [TEST_STEP][PASSED] - Statement - batchlength = com.kms.katalon.core.webui.keyword.WebUiBuiltInKeywords.modifyObjectProperty(batchlength, "xpath", "equals", "//*[@id = "fldvendor" + row + ""]", true): Modify property of object successfully

2018-06-10 19:31:40 - [MESSAGE][PASSED] - Modify property of object successfully

2018-06-10 19:31:40 - [TEST_STEP][PASSED] - Statement - batchsize = com.kms.katalon.core.webui.keyword.WebUiBuiltInKeywords.getNumberOfTotalOption(batchlength): 10 options of object '' counted

2018-06-10 19:31:40 - [MESSAGE][PASSED] - 10 options of object '' counted

2018-06-10 19:31:40 - [TEST_STEP][PASSED] - Statement - out.println("BatchSize : " + batchsize): null

2018-06-10 19:31:40 - [TEST_STEP][PASSED] - Statement - For ([n = 1, n <= batchsize - 1, (n++)]): null

2018-06-10 19:31:40 - [TEST_STEP][PASSED] - Statement - product = new com.kms.katalon.core.testobject.TestObject(): null

2018-06-10 19:31:40 - [TEST_STEP][PASSED] - Statement - product = com.kms.katalon.core.webui.keyword.WebUiBuiltInKeywords.modifyObjectProperty(product, "xpath", "equals", "//*[@id = "fldvendor" + row + ""]", true): Modify property of object successfully

2018-06-10 19:31:40 - [MESSAGE][PASSED] - Modify property of object successfully

2018-06-10 19:31:40 - [TEST_STEP][PASSED] - selectOptionByIndex: All options with index in [1] are selected on object ''

2018-06-10 19:31:40 - [MESSAGE][PASSED] - All options with index in [1] are selected on object ''

2018-06-10 19:31:40 - [TEST_STEP][PASSED] - delay: Delayed 2 second(s)

2018-06-10 19:31:42 - [MESSAGE][PASSED] - Delayed 2 second(s)

2018-06-10 19:31:42 - [TEST_STEP][PASSED] - Statement - batch = new com.kms.katalon.core.testobject.TestObject(): null

2018-06-10 19:31:42 - [TEST_STEP][PASSED] - Statement - batch = com.kms.katalon.core.webui.keyword.WebUiBuiltInKeywords.modifyObjectProperty(batch, "xpath", "equals", "//*[@id = "txtbthqty" + row + ""]", true): Modify property of object successfully

2018-06-10 19:31:42 - [MESSAGE][PASSED] - Modify property of object successfully

2018-06-10 19:31:42 - [TEST_STEP][PASSED] - Statement - batchqty = com.kms.katalon.core.webui.keyword.WebUiBuiltInKeywords.getAttribute(batch, "value").trim(): Attribute 'value' of object '' is: '35600'

2018-06-10 19:31:42 - [MESSAGE][PASSED] - Attribute 'value' of object '' is: '35600'

2018-06-10 19:31:42 - [TEST_STEP][PASSED] - Statement - Rqty = 100: null

2018-06-10 19:31:42 - [TEST_STEP][PASSED] - Statement - out.println("BatchQty : " + batchqty): null

2018-06-10 19:31:42 - [TEST_STEP][PASSED] - Statement - out.println("RQty : " + Rqty): null

2018-06-10 19:31:42 - [TEST_STEP][PASSED] - Statement - If (java.lang.Integer.valueOf(batchqty) >= java.lang.Integer.valueOf(Rqty)): null

2018-06-10 19:31:42 - [TEST_STEP][PASSED] - Statement - Break: null

2018-06-10 19:31:42 - [TEST_STEP][PASSED] - Statement - batchlength = new com.kms.katalon.core.testobject.TestObject(): null

2018-06-10 19:31:42 - [TEST_STEP][PASSED] - Statement - batchlength = com.kms.katalon.core.webui.keyword.WebUiBuiltInKeywords.modifyObjectProperty(batchlength, "xpath", "equals", "//*[@id = "fldvendor" + row + ""]", true): Modify property of object successfully

2018-06-10 19:31:42 - [MESSAGE][PASSED] - Modify property of object successfully

2018-06-10 19:31:42 - [TEST_STEP][PASSED] - Statement - batchsize = com.kms.katalon.core.webui.keyword.WebUiBuiltInKeywords.getNumberOfTotalOption(batchlength): 10 options of object '' counted

2018-06-10 19:31:42 - [MESSAGE][PASSED] - 10 options of object '' counted

2018-06-10 19:31:42 - [TEST_STEP][PASSED] - Statement - out.println("BatchSize : " + batchsize): null

2018-06-10 19:31:42 - [TEST_STEP][PASSED] - Statement - For ([n = 1, n <= batchsize - 1, (n++)]): null

2018-06-10 19:31:42 - [TEST_STEP][PASSED] - Statement - product = new com.kms.katalon.core.testobject.TestObject(): null

2018-06-10 19:31:42 - [TEST_STEP][PASSED] - Statement - product = com.kms.katalon.core.webui.keyword.WebUiBuiltInKeywords.modifyObjectProperty(product, "xpath", "equals", "//*[@id = "fldvendor" + row + ""]", true): Modify property of object successfully

2018-06-10 19:31:42 - [MESSAGE][PASSED] - Modify property of object successfully

2018-06-10 19:31:42 - [TEST_STEP][PASSED] - selectOptionByIndex: All options with index in [1] are selected on object ''

2018-06-10 19:31:42 - [MESSAGE][PASSED] - All options with index in [1] are selected on object ''

2018-06-10 19:31:42 - [TEST_STEP][PASSED] - delay: Delayed 2 second(s)

2018-06-10 19:31:44 - [MESSAGE][PASSED] - Delayed 2 second(s)

2018-06-10 19:31:44 - [TEST_STEP][PASSED] - Statement - batch = new com.kms.katalon.core.testobject.TestObject(): null

2018-06-10 19:31:44 - [TEST_STEP][PASSED] - Statement - batch = com.kms.katalon.core.webui.keyword.WebUiBuiltInKeywords.modifyObjectProperty(batch, "xpath", "equals", "//*[@id = "txtbthqty" + row + ""]", true): Modify property of object successfully

2018-06-10 19:31:44 - [MESSAGE][PASSED] - Modify property of object successfully

2018-06-10 19:31:44 - [TEST_STEP][PASSED] - Statement - batchqty = com.kms.katalon.core.webui.keyword.WebUiBuiltInKeywords.getAttribute(batch, "value").trim(): Attribute 'value' of object '' is: '1900'

2018-06-10 19:31:44 - [MESSAGE][PASSED] - Attribute 'value' of object '' is: '1900'

2018-06-10 19:31:44 - [TEST_STEP][PASSED] - Statement - Rqty = 100: null

2018-06-10 19:31:44 - [TEST_STEP][PASSED] - Statement - out.println("BatchQty : " + batchqty): null

2018-06-10 19:31:44 - [TEST_STEP][PASSED] - Statement - out.println("RQty : " + Rqty): null

2018-06-10 19:31:44 - [TEST_STEP][PASSED] - Statement - If (java.lang.Integer.valueOf(batchqty) >= java.lang.Integer.valueOf(Rqty)): null

2018-06-10 19:31:44 - [TEST_STEP][PASSED] - Statement - Break: null

2018-06-10 19:31:44 - [TEST_STEP][PASSED] - Statement - batchlength = new com.kms.katalon.core.testobject.TestObject(): null

2018-06-10 19:31:44 - [TEST_STEP][PASSED] - Statement - batchlength = com.kms.katalon.core.webui.keyword.WebUiBuiltInKeywords.modifyObjectProperty(batchlength, "xpath", "equals", "//*[@id = "fldvendor" + row + ""]", true): Modify property of object successfully

2018-06-10 19:31:44 - [MESSAGE][PASSED] - Modify property of object successfully

2018-06-10 19:31:44 - [TEST_STEP][PASSED] - Statement - batchsize = com.kms.katalon.core.webui.keyword.WebUiBuiltInKeywords.getNumberOfTotalOption(batchlength): 10 options of object '' counted

2018-06-10 19:31:44 - [MESSAGE][PASSED] - 10 options of object '' counted

2018-06-10 19:31:44 - [TEST_STEP][PASSED] - Statement - out.println("BatchSize : " + batchsize): null

2018-06-10 19:31:44 - [TEST_STEP][PASSED] - Statement - For ([n = 1, n <= batchsize - 1, (n++)]): null

2018-06-10 19:31:44 - [TEST_STEP][PASSED] - Statement - product = new com.kms.katalon.core.testobject.TestObject(): null

2018-06-10 19:31:44 - [TEST_STEP][PASSED] - Statement - product = com.kms.katalon.core.webui.keyword.WebUiBuiltInKeywords.modifyObjectProperty(product, "xpath", "equals", "//*[@id = "fldvendor" + row + ""]", true): Modify property of object successfully

2018-06-10 19:31:44 - [MESSAGE][PASSED] - Modify property of object successfully

2018-06-10 19:31:44 - [TEST_STEP][PASSED] - selectOptionByIndex: All options with index in [1] are selected on object ''

2018-06-10 19:31:44 - [MESSAGE][PASSED] - All options with index in [1] are selected on object ''

2018-06-10 19:31:44 - [TEST_STEP][PASSED] - delay: Delayed 2 second(s)

2018-06-10 19:31:46 - [MESSAGE][PASSED] - Delayed 2 second(s)

2018-06-10 19:31:46 - [TEST_STEP][PASSED] - Statement - batch = new com.kms.katalon.core.testobject.TestObject(): null

2018-06-10 19:31:46 - [TEST_STEP][PASSED] - Statement - batch = com.kms.katalon.core.webui.keyword.WebUiBuiltInKeywords.modifyObjectProperty(batch, "xpath", "equals", "//*[@id = "txtbthqty" + row + ""]", true): Modify property of object successfully

2018-06-10 19:31:46 - [MESSAGE][PASSED] - Modify property of object successfully

2018-06-10 19:31:46 - [TEST_STEP][PASSED] - Statement - batchqty = com.kms.katalon.core.webui.keyword.WebUiBuiltInKeywords.getAttribute(batch, "value").trim(): Attribute 'value' of object '' is: '2800'

2018-06-10 19:31:46 - [MESSAGE][PASSED] - Attribute 'value' of object '' is: '2800'

2018-06-10 19:31:46 - [TEST_STEP][PASSED] - Statement - Rqty = 100: null

2018-06-10 19:31:46 - [TEST_STEP][PASSED] - Statement - out.println("BatchQty : " + batchqty): null

2018-06-10 19:31:46 - [TEST_STEP][PASSED] - Statement - out.println("RQty : " + Rqty): null

2018-06-10 19:31:46 - [TEST_STEP][PASSED] - Statement - If (java.lang.Integer.valueOf(batchqty) >= java.lang.Integer.valueOf(Rqty)): null

2018-06-10 19:31:46 - [TEST_STEP][PASSED] - Statement - Break: null

2018-06-10 19:31:46 - [TEST_STEP][PASSED] - Statement - batchlength = new com.kms.katalon.core.testobject.TestObject(): null

2018-06-10 19:31:46 - [TEST_STEP][PASSED] - Statement - batchlength = com.kms.katalon.core.webui.keyword.WebUiBuiltInKeywords.modifyObjectProperty(batchlength, "xpath", "equals", "//*[@id = "fldvendor" + row + ""]", true): Modify property of object successfully

2018-06-10 19:31:46 - [MESSAGE][PASSED] - Modify property of object successfully

2018-06-10 19:31:46 - [TEST_STEP][PASSED] - Statement - batchsize = com.kms.katalon.core.webui.keyword.WebUiBuiltInKeywords.getNumberOfTotalOption(batchlength): 10 options of object '' counted

2018-06-10 19:31:46 - [MESSAGE][PASSED] - 10 options of object '' counted

2018-06-10 19:31:46 - [TEST_STEP][PASSED] - Statement - out.println("BatchSize : " + batchsize): null

2018-06-10 19:31:46 - [TEST_STEP][PASSED] - Statement - For ([n = 1, n <= batchsize - 1, (n++)]): null

2018-06-10 19:31:46 - [TEST_STEP][PASSED] - Statement - product = new com.kms.katalon.core.testobject.TestObject(): null

2018-06-10 19:31:46 - [TEST_STEP][PASSED] - Statement - product = com.kms.katalon.core.webui.keyword.WebUiBuiltInKeywords.modifyObjectProperty(product, "xpath", "equals", "//*[@id = "fldvendor" + row + ""]", true): Modify property of object successfully

2018-06-10 19:31:46 - [MESSAGE][PASSED] - Modify property of object successfully

2018-06-10 19:31:46 - [TEST_STEP][PASSED] - selectOptionByIndex: All options with index in [1] are selected on object ''

2018-06-10 19:31:47 - [MESSAGE][PASSED] - All options with index in [1] are selected on object ''

2018-06-10 19:31:47 - [TEST_STEP][PASSED] - delay: Delayed 2 second(s)

2018-06-10 19:31:49 - [MESSAGE][PASSED] - Delayed 2 second(s)

2018-06-10 19:31:49 - [TEST_STEP][PASSED] - Statement - batch = new com.kms.katalon.core.testobject.TestObject(): null

2018-06-10 19:31:49 - [TEST_STEP][PASSED] - Statement - batch = com.kms.katalon.core.webui.keyword.WebUiBuiltInKeywords.modifyObjectProperty(batch, "xpath", "equals", "//*[@id = "txtbthqty" + row + ""]", true): Modify property of object successfully

2018-06-10 19:31:49 - [MESSAGE][PASSED] - Modify property of object successfully

2018-06-10 19:31:49 - [TEST_STEP][PASSED] - Statement - batchqty = com.kms.katalon.core.webui.keyword.WebUiBuiltInKeywords.getAttribute(batch, "value").trim(): Attribute 'value' of object '' is: '1900'

2018-06-10 19:31:49 - [MESSAGE][PASSED] - Attribute 'value' of object '' is: '1900'

2018-06-10 19:31:49 - [TEST_STEP][PASSED] - Statement - Rqty = 100: null

2018-06-10 19:31:49 - [TEST_STEP][PASSED] - Statement - out.println("BatchQty : " + batchqty): null

2018-06-10 19:31:49 - [TEST_STEP][PASSED] - Statement - out.println("RQty : " + Rqty): null

2018-06-10 19:31:49 - [TEST_STEP][PASSED] - Statement - If (java.lang.Integer.valueOf(batchqty) >= java.lang.Integer.valueOf(Rqty)): null

2018-06-10 19:31:49 - [TEST_STEP][PASSED] - Statement - Break: null

2018-06-10 19:31:49 - [TEST_STEP][PASSED] - Statement - batchlength = new com.kms.katalon.core.testobject.TestObject(): null

2018-06-10 19:31:49 - [TEST_STEP][PASSED] - Statement - batchlength = com.kms.katalon.core.webui.keyword.WebUiBuiltInKeywords.modifyObjectProperty(batchlength, "xpath", "equals", "//*[@id = "fldvendor" + row + ""]", true): Modify property of object successfully

2018-06-10 19:31:49 - [MESSAGE][PASSED] - Modify property of object successfully

2018-06-10 19:31:49 - [TEST_STEP][PASSED] - Statement - batchsize = com.kms.katalon.core.webui.keyword.WebUiBuiltInKeywords.getNumberOfTotalOption(batchlength): 10 options of object '' counted

2018-06-10 19:31:49 - [MESSAGE][PASSED] - 10 options of object '' counted

2018-06-10 19:31:49 - [TEST_STEP][PASSED] - Statement - out.println("BatchSize : " + batchsize): null

2018-06-10 19:31:49 - [TEST_STEP][PASSED] - Statement - For ([n = 1, n <= batchsize - 1, (n++)]): null

2018-06-10 19:31:49 - [TEST_STEP][PASSED] - Statement - product = new com.kms.katalon.core.testobject.TestObject(): null

2018-06-10 19:31:49 - [TEST_STEP][PASSED] - Statement - product = com.kms.katalon.core.webui.keyword.WebUiBuiltInKeywords.modifyObjectProperty(product, "xpath", "equals", "//*[@id = "fldvendor" + row + ""]", true): Modify property of object successfully

2018-06-10 19:31:49 - [MESSAGE][PASSED] - Modify property of object successfully

2018-06-10 19:31:49 - [TEST_STEP][PASSED] - selectOptionByIndex: All options with index in [1] are selected on object ''

2018-06-10 19:31:49 - [MESSAGE][PASSED] - All options with index in [1] are selected on object ''

2018-06-10 19:31:49 - [TEST_STEP][PASSED] - delay: Delayed 2 second(s)

2018-06-10 19:31:51 - [MESSAGE][PASSED] - Delayed 2 second(s)

2018-06-10 19:31:51 - [TEST_STEP][PASSED] - Statement - batch = new com.kms.katalon.core.testobject.TestObject(): null

2018-06-10 19:31:51 - [TEST_STEP][PASSED] - Statement - batch = com.kms.katalon.core.webui.keyword.WebUiBuiltInKeywords.modifyObjectProperty(batch, "xpath", "equals", "//*[@id = "txtbthqty" + row + ""]", true): Modify property of object successfully

2018-06-10 19:31:51 - [MESSAGE][PASSED] - Modify property of object successfully

2018-06-10 19:31:51 - [TEST_STEP][PASSED] - Statement - batchqty = com.kms.katalon.core.webui.keyword.WebUiBuiltInKeywords.getAttribute(batch, "value").trim(): Attribute 'value' of object '' is: '3700'

2018-06-10 19:31:51 - [MESSAGE][PASSED] - Attribute 'value' of object '' is: '3700'

2018-06-10 19:31:51 - [TEST_STEP][PASSED] - Statement - Rqty = 100: null

2018-06-10 19:31:51 - [TEST_STEP][PASSED] - Statement - out.println("BatchQty : " + batchqty): null

2018-06-10 19:31:51 - [TEST_STEP][PASSED] - Statement - out.println("RQty : " + Rqty): null

2018-06-10 19:31:51 - [TEST_STEP][PASSED] - Statement - If (java.lang.Integer.valueOf(batchqty) >= java.lang.Integer.valueOf(Rqty)): null

2018-06-10 19:31:51 - [TEST_STEP][PASSED] - Statement - Break: null

2018-06-10 19:31:51 - [TEST_STEP][PASSED] - Statement - batchlength = new com.kms.katalon.core.testobject.TestObject(): null

2018-06-10 19:31:51 - [TEST_STEP][PASSED] - Statement - batchlength = com.kms.katalon.core.webui.keyword.WebUiBuiltInKeywords.modifyObjectProperty(batchlength, "xpath", "equals", "//*[@id = "fldvendor" + row + ""]", true): Modify property of object successfully

2018-06-10 19:31:51 - [MESSAGE][PASSED] - Modify property of object successfully

2018-06-10 19:31:51 - [TEST_STEP][PASSED] - Statement - batchsize = com.kms.katalon.core.webui.keyword.WebUiBuiltInKeywords.getNumberOfTotalOption(batchlength): 10 options of object '' counted

2018-06-10 19:31:51 - [MESSAGE][PASSED] - 10 options of object '' counted

2018-06-10 19:31:51 - [TEST_STEP][PASSED] - Statement - out.println("BatchSize : " + batchsize): null

2018-06-10 19:31:51 - [TEST_STEP][PASSED] - Statement - For ([n = 1, n <= batchsize - 1, (n++)]): null

2018-06-10 19:31:51 - [TEST_STEP][PASSED] - Statement - product = new com.kms.katalon.core.testobject.TestObject(): null

2018-06-10 19:31:51 - [TEST_STEP][PASSED] - Statement - product = com.kms.katalon.core.webui.keyword.WebUiBuiltInKeywords.modifyObjectProperty(product, "xpath", "equals", "//*[@id = "fldvendor" + row + ""]", true): Modify property of object successfully

2018-06-10 19:31:51 - [MESSAGE][PASSED] - Modify property of object successfully

2018-06-10 19:31:51 - [TEST_STEP][PASSED] - selectOptionByIndex: All options with index in [1] are selected on object ''

2018-06-10 19:31:51 - [MESSAGE][PASSED] - All options with index in [1] are selected on object ''

2018-06-10 19:31:51 - [TEST_STEP][PASSED] - delay: Delayed 2 second(s)

2018-06-10 19:31:53 - [MESSAGE][PASSED] - Delayed 2 second(s)

2018-06-10 19:31:53 - [TEST_STEP][PASSED] - Statement - batch = new com.kms.katalon.core.testobject.TestObject(): null

2018-06-10 19:31:53 - [TEST_STEP][PASSED] - Statement - batch = com.kms.katalon.core.webui.keyword.WebUiBuiltInKeywords.modifyObjectProperty(batch, "xpath", "equals", "//*[@id = "txtbthqty" + row + ""]", true): Modify property of object successfully

2018-06-10 19:31:53 - [MESSAGE][PASSED] - Modify property of object successfully

2018-06-10 19:31:53 - [TEST_STEP][PASSED] - Statement - batchqty = com.kms.katalon.core.webui.keyword.WebUiBuiltInKeywords.getAttribute(batch, "value").trim(): Attribute 'value' of object '' is: '900'

2018-06-10 19:31:53 - [MESSAGE][PASSED] - Attribute 'value' of object '' is: '900'

2018-06-10 19:31:53 - [TEST_STEP][PASSED] - Statement - Rqty = 100: null

2018-06-10 19:31:53 - [TEST_STEP][PASSED] - Statement - out.println("BatchQty : " + batchqty): null

2018-06-10 19:31:53 - [TEST_STEP][PASSED] - Statement - out.println("RQty : " + Rqty): null

2018-06-10 19:31:53 - [TEST_STEP][PASSED] - Statement - If (java.lang.Integer.valueOf(batchqty) >= java.lang.Integer.valueOf(Rqty)): null

2018-06-10 19:31:53 - [TEST_STEP][PASSED] - Statement - Break: null

2018-06-10 19:31:53 - [TEST_STEP][PASSED] - Statement - batchlength = new com.kms.katalon.core.testobject.TestObject(): null

2018-06-10 19:31:53 - [TEST_STEP][PASSED] - Statement - batchlength = com.kms.katalon.core.webui.keyword.WebUiBuiltInKeywords.modifyObjectProperty(batchlength, "xpath", "equals", "//*[@id = "fldvendor" + row + ""]", true): Modify property of object successfully

2018-06-10 19:31:53 - [MESSAGE][PASSED] - Modify property of object successfully

2018-06-10 19:31:53 - [TEST_STEP][PASSED] - Statement - batchsize = com.kms.katalon.core.webui.keyword.WebUiBuiltInKeywords.getNumberOfTotalOption(batchlength): 10 options of object '' counted

2018-06-10 19:31:53 - [MESSAGE][PASSED] - 10 options of object '' counted

2018-06-10 19:31:53 - [TEST_STEP][PASSED] - Statement - out.println("BatchSize : " + batchsize): null

2018-06-10 19:31:53 - [TEST_STEP][PASSED] - Statement - For ([n = 1, n <= batchsize - 1, (n++)]): null

2018-06-10 19:31:53 - [TEST_STEP][PASSED] - Statement - product = new com.kms.katalon.core.testobject.TestObject(): null

2018-06-10 19:31:53 - [TEST_STEP][PASSED] - Statement - product = com.kms.katalon.core.webui.keyword.WebUiBuiltInKeywords.modifyObjectProperty(product, "xpath", "equals", "//*[@id = "fldvendor" + row + ""]", true): Modify property of object successfully

2018-06-10 19:31:53 - [MESSAGE][PASSED] - Modify property of object successfully

2018-06-10 19:31:53 - [TEST_STEP][PASSED] - selectOptionByIndex: All options with index in [1] are selected on object ''

2018-06-10 19:31:53 - [MESSAGE][PASSED] - All options with index in [1] are selected on object ''

2018-06-10 19:31:53 - [TEST_STEP][PASSED] - delay: Delayed 2 second(s)

2018-06-10 19:31:55 - [MESSAGE][PASSED] - Delayed 2 second(s)

2018-06-10 19:31:55 - [TEST_STEP][PASSED] - Statement - batch = new com.kms.katalon.core.testobject.TestObject(): null

2018-06-10 19:31:55 - [TEST_STEP][PASSED] - Statement - batch = com.kms.katalon.core.webui.keyword.WebUiBuiltInKeywords.modifyObjectProperty(batch, "xpath", "equals", "//*[@id = "txtbthqty" + row + ""]", true): Modify property of object successfully

2018-06-10 19:31:55 - [MESSAGE][PASSED] - Modify property of object successfully

2018-06-10 19:31:55 - [TEST_STEP][PASSED] - Statement - batchqty = com.kms.katalon.core.webui.keyword.WebUiBuiltInKeywords.getAttribute(batch, "value").trim(): Attribute 'value' of object '' is: '4000'

2018-06-10 19:31:56 - [MESSAGE][PASSED] - Attribute 'value' of object '' is: '4000'

2018-06-10 19:31:56 - [TEST_STEP][PASSED] - Statement - Rqty = 100: null

2018-06-10 19:31:56 - [TEST_STEP][PASSED] - Statement - out.println("BatchQty : " + batchqty): null

2018-06-10 19:31:56 - [TEST_STEP][PASSED] - Statement - out.println("RQty : " + Rqty): null

2018-06-10 19:31:56 - [TEST_STEP][PASSED] - Statement - If (java.lang.Integer.valueOf(batchqty) >= java.lang.Integer.valueOf(Rqty)): null

2018-06-10 19:31:56 - [TEST_STEP][PASSED] - Statement - Break: null

2018-06-10 19:31:56 - [TEST_STEP][PASSED] - delay: Delayed 2 second(s)

2018-06-10 19:31:58 - [MESSAGE][PASSED] - Delayed 2 second(s)

2018-06-10 19:31:58 - [TEST_STEP][PASSED] - click: Object: 'Object Repository/HealthpostToCms/Page_KDMC - CMS/input_btndispatch' is clicked on

2018-06-10 19:31:59 - [MESSAGE][PASSED] - Object: 'Object Repository/HealthpostToCms/Page_KDMC - CMS/input_btndispatch' is clicked on

2018-06-10 19:31:59 - [TEST_STEP][PASSED] - waitForElementVisible: Object 'Object Repository/HealthpostToCms/Page_KDMC - CMS/button_OK' is visible

2018-06-10 19:32:02 - [MESSAGE][PASSED] - Object 'Object Repository/HealthpostToCms/Page_KDMC - CMS/button_OK' is visible

2018-06-10 19:32:02 - [TEST_STEP][PASSED] - click: Object: 'Object Repository/HealthpostToCms/Page_KDMC - CMS/button_OK' is clicked on

2018-06-10 19:32:03 - [MESSAGE][PASSED] - Object: 'Object Repository/HealthpostToCms/Page_KDMC - CMS/button_OK' is clicked on

2018-06-10 19:32:03 - [TEST_STEP][PASSED] - delay: Delayed 3 second(s)

2018-06-10 19:32:06 - [MESSAGE][PASSED] - Delayed 3 second(s)

2018-06-10 19:32:06 - [TEST_STEP][PASSED] - click: Object: 'Object Repository/HealthpostToCms/Page_KDMC - CMS/a_dropdown-toggle' is clicked on

2018-06-10 19:32:06 - [MESSAGE][PASSED] - Object: 'Object Repository/HealthpostToCms/Page_KDMC - CMS/a_dropdown-toggle' is clicked on

2018-06-10 19:32:06 - [TEST_STEP][PASSED] - click: Object: 'Object Repository/HealthpostToCms/Page_KDMC - CMS/a_Sign out' is clicked on

2018-06-10 19:32:06 - [MESSAGE][PASSED] - Object: 'Object Repository/HealthpostToCms/Page_KDMC - CMS/a_Sign out' is clicked on

2018-06-10 19:32:06 - [TEST_STEP][PASSED] - delay: Delayed 3 second(s)

2018-06-10 19:32:09 - [MESSAGE][PASSED] - Delayed 3 second(s)

2018-06-10 19:32:09 - [TEST_STEP][PASSED] - navigateToUrl: Navigate to 'http://192.168.137.1/multihospital_new/HDSplashscreen.aspx' successfully

2018-06-10 19:32:10 - [MESSAGE][PASSED] - Navigate to 'http://192.168.137.1/multihospital_new/HDSplashscreen.aspx' successfully

2018-06-10 19:32:10 - [TEST_STEP][PASSED] - click: Object: 'Object Repository/HealthpostToCms/Page_KDMC/a_Healthpost Store' is clicked on

2018-06-10 19:32:10 - [MESSAGE][PASSED] - Object: 'Object Repository/HealthpostToCms/Page_KDMC/a_Healthpost Store' is clicked on

2018-06-10 19:32:10 - [TEST_STEP][PASSED] - setText: Text 'raguram' is set on object 'Object Repository/HealthpostToCms/Page_HealthPost Store Login/input_txtusername'

2018-06-10 19:32:11 - [MESSAGE][PASSED] - Text 'raguram' is set on object 'Object Repository/HealthpostToCms/Page_HealthPost Store Login/input_txtusername'

2018-06-10 19:32:11 - [TEST_STEP][PASSED] - setText: Text '123' is set on object 'Object Repository/HealthpostToCms/Page_HealthPost Store Login/input_txtpassword'

2018-06-10 19:32:11 - [MESSAGE][PASSED] - Text '123' is set on object 'Object Repository/HealthpostToCms/Page_HealthPost Store Login/input_txtpassword'

2018-06-10 19:32:11 - [TEST_STEP][PASSED] - delay: Delayed 3 second(s)

2018-06-10 19:32:14 - [MESSAGE][PASSED] - Delayed 3 second(s)

2018-06-10 19:32:14 - [TEST_STEP][PASSED] - click: Object: 'Object Repository/HealthpostToCms/Page_HealthPost Store Login/button_Sign in' is clicked on

2018-06-10 19:32:14 - [MESSAGE][PASSED] - Object: 'Object Repository/HealthpostToCms/Page_HealthPost Store Login/button_Sign in' is clicked on

2018-06-10 19:32:14 - [TEST_STEP][PASSED] - delay: Delayed 3 second(s)

2018-06-10 19:32:17 - [MESSAGE][PASSED] - Delayed 3 second(s)

2018-06-10 19:32:17 - [TEST_STEP][PASSED] - click: Object: 'Object Repository/HealthpostToCms/Page_HealthPost Store/a_CMS' is clicked on

2018-06-10 19:32:17 - [MESSAGE][PASSED] - Object: 'Object Repository/HealthpostToCms/Page_HealthPost Store/a_CMS' is clicked on

2018-06-10 19:32:17 - [TEST_STEP][PASSED] - delay: Delayed 2 second(s)

2018-06-10 19:32:19 - [MESSAGE][PASSED] - Delayed 2 second(s)

2018-06-10 19:32:19 - [TEST_STEP][PASSED] - click: Object: 'Object Repository/HealthpostToCms/Page_HealthPost Store/a_Receiving Goods' is clicked on

2018-06-10 19:32:20 - [MESSAGE][PASSED] - Object: 'Object Repository/HealthpostToCms/Page_HealthPost Store/a_Receiving Goods' is clicked on

2018-06-10 19:32:20 - [TEST_STEP][PASSED] - setText: Text 'PRNO/10062018/814' is set on object 'Object Repository/HealthpostToCms/Page_HealthPost Store/input'

2018-06-10 19:32:21 - [MESSAGE][PASSED] - Text 'PRNO/10062018/814' is set on object 'Object Repository/HealthpostToCms/Page_HealthPost Store/input'

2018-06-10 19:32:21 - [TEST_STEP][PASSED] - click: Object: 'Object Repository/HealthpostToCms/Page_HealthPost Store/input_PRNO18052018174' is clicked on

2018-06-10 19:32:21 - [MESSAGE][PASSED] - Object: 'Object Repository/HealthpostToCms/Page_HealthPost Store/input_PRNO18052018174' is clicked on

2018-06-10 19:32:21 - [TEST_STEP][PASSED] - delay: Delayed 2 second(s)

2018-06-10 19:32:23 - [MESSAGE][PASSED] - Delayed 2 second(s)

2018-06-10 19:32:23 - [TEST_STEP][PASSED] - click: Object: 'Object Repository/HealthpostToCms/Page_HealthPost Store/input_chkrem' is clicked on

2018-06-10 19:32:23 - [MESSAGE][PASSED] - Object: 'Object Repository/HealthpostToCms/Page_HealthPost Store/input_chkrem' is clicked on

2018-06-10 19:32:23 - [TEST_STEP][PASSED] - scrollToElement: Scroll to object 'Object Repository/HealthpostToCms/Page_HealthPost Store/input_btchkroqadd' successfully

2018-06-10 19:32:23 - [MESSAGE][PASSED] - Scroll to object 'Object Repository/HealthpostToCms/Page_HealthPost Store/input_btchkroqadd' successfully

2018-06-10 19:32:23 - [TEST_STEP][PASSED] - click: Object: 'Object Repository/HealthpostToCms/Page_HealthPost Store/input_btchkroqadd' is clicked on

2018-06-10 19:32:23 - [MESSAGE][PASSED] - Object: 'Object Repository/HealthpostToCms/Page_HealthPost Store/input_btchkroqadd' is clicked on

2018-06-10 19:32:23 - [TEST_STEP][PASSED] - delay: Delayed 2 second(s)

2018-06-10 19:32:25 - [MESSAGE][PASSED] - Delayed 2 second(s)

2018-06-10 19:32:25 - [TEST_STEP][PASSED] - refresh: Refresh successfully

2018-06-10 19:32:26 - [MESSAGE][PASSED] - Refresh successfully

2018-06-10 19:32:26 - [TEST_STEP][PASSED] - delay: Delayed 3 second(s)

2018-06-10 19:32:29 - [MESSAGE][PASSED] - Delayed 3 second(s)

2018-06-10 19:32:29 - [TEST_STEP][PASSED] - click: Object: 'Object Repository/HealthpostToCms/Page_HealthPost Store/a_dropdown-toggle' is clicked on

2018-06-10 19:32:29 - [MESSAGE][PASSED] - Object: 'Object Repository/HealthpostToCms/Page_HealthPost Store/a_dropdown-toggle' is clicked on

2018-06-10 19:32:29 - [TEST_STEP][PASSED] - click: Object: 'Object Repository/HealthpostToCms/Page_HealthPost Store/a_Sign out' is clicked on

2018-06-10 19:32:30 - [MESSAGE][PASSED] - Object: 'Object Repository/HealthpostToCms/Page_HealthPost Store/a_Sign out' is clicked on

2018-06-10 19:32:30 - [TEST_STEP][PASSED] - closeBrowser: Browser is closed

2018-06-10 19:32:30 - [MESSAGE][PASSED] - Browser is closed]]></system-out>
         <system-err><![CDATA[]]></system-err>
      </testcase>
      <system-out><![CDATA[2018-06-10 18:53:23 - [TEST_SUITE][ERROR] - HealthPost_CMS_Suite: Test Cases/HEALTHPOST TEST CASES/TC_HP_013 Verify Schedule 1 Healthpost To CMS Request Are Working Successfully Or Not FAILED because (of) java.lang.NumberFormatException: For input string: ""]]></system-out>
      <system-err><![CDATA[2018-06-10 18:53:23 - [TEST_SUITE][ERROR] - HealthPost_CMS_Suite: Test Cases/HEALTHPOST TEST CASES/TC_HP_013 Verify Schedule 1 Healthpost To CMS Request Are Working Successfully Or Not FAILED because (of) java.lang.NumberFormatException: For input string: ""]]></system-err>
   </testsuite>
</testsuites>
